<?xml version="1.0" encoding="UTF-8"?>
<testsuite name="edu.tamu.iiif.service.fedora.FedoraCanvasManifestServiceTest" time="1.7" tests="1" errors="0" skipped="0" failures="1">
  <properties>
    <property name="java.runtime.name" value="OpenJDK Runtime Environment"/>
    <property name="sun.boot.library.path" value="/usr/lib/jvm/java-8-openjdk-amd64/jre/lib/amd64"/>
    <property name="java.vm.version" value="25.121-b13"/>
    <property name="java.vm.vendor" value="Oracle Corporation"/>
    <property name="maven.multiModuleProjectDirectory" value="/root/workspace/TAMULib/IRIIIFService/388494172"/>
    <property name="java.vendor.url" value="http://java.oracle.com/"/>
    <property name="path.separator" value=":"/>
    <property name="guice.disable.misplaced.annotation.check" value="true"/>
    <property name="skip.gulp" value="true"/>
    <property name="java.vm.name" value="OpenJDK 64-Bit Server VM"/>
    <property name="file.encoding.pkg" value="sun.io"/>
    <property name="sun.java.launcher" value="SUN_STANDARD"/>
    <property name="sun.os.patch.level" value="unknown"/>
    <property name="findbugs.skip" value="true"/>
    <property name="java.vm.specification.name" value="Java Virtual Machine Specification"/>
    <property name="user.dir" value="/root/workspace/TAMULib/IRIIIFService/388494172"/>
    <property name="checkstyle.skip" value="true"/>
    <property name="java.runtime.version" value="1.8.0_121-8u121-b13-1~bpo8+1-b13"/>
    <property name="java.awt.graphicsenv" value="sun.awt.X11GraphicsEnvironment"/>
    <property name="skip.npm" value="true"/>
    <property name="java.endorsed.dirs" value="/usr/lib/jvm/java-8-openjdk-amd64/jre/lib/endorsed"/>
    <property name="os.arch" value="amd64"/>
    <property name="java.io.tmpdir" value="/tmp"/>
    <property name="gpg.skip" value="true"/>
    <property name="line.separator" value="&#10;"/>
    <property name="java.vm.specification.vendor" value="Oracle Corporation"/>
    <property name="cobertura.skip" value="true"/>
    <property name="os.name" value="Linux"/>
    <property name="classworlds.conf" value="/usr/share/maven/bin/m2.conf"/>
    <property name="sun.jnu.encoding" value="UTF-8"/>
    <property name="java.library.path" value="/usr/java/packages/lib/amd64:/usr/lib/x86_64-linux-gnu/jni:/lib/x86_64-linux-gnu:/usr/lib/x86_64-linux-gnu:/usr/lib/jni:/lib:/usr/lib"/>
    <property name="license.skip" value="true"/>
    <property name="java.specification.name" value="Java Platform API Specification"/>
    <property name="java.class.version" value="52.0"/>
    <property name="java.net.preferIPv4Stack" value="true"/>
    <property name="sun.management.compiler" value="HotSpot 64-Bit Tiered Compilers"/>
    <property name="skip.bower" value="true"/>
    <property name="maven.repo.local" value="/root/./workspace/TAMULib/IRIIIFService/388494172/.m2"/>
    <property name="os.version" value="3.10.0-862.3.2.el7.x86_64"/>
    <property name="user.home" value="/root"/>
    <property name="user.timezone" value="Europe/Paris"/>
    <property name="java.awt.printerjob" value="sun.print.PSPrinterJob"/>
    <property name="java.specification.version" value="1.8"/>
    <property name="file.encoding" value="UTF-8"/>
    <property name="user.name" value="root"/>
    <property name="java.class.path" value="/usr/share/maven/boot/plexus-classworlds-2.5.2.jar"/>
    <property name="skipITs" value="true"/>
    <property name="java.vm.specification.version" value="1.8"/>
    <property name="sun.arch.data.model" value="64"/>
    <property name="java.home" value="/usr/lib/jvm/java-8-openjdk-amd64/jre"/>
    <property name="sun.java.command" value="org.codehaus.plexus.classworlds.launcher.Launcher -B -D enforcer.skip=true -D dependency-check.skip=true -D skipITs=true -D cobertura.skip=true -D maven.repo.local=/root/./workspace/TAMULib/IRIIIFService/388494172/.m2 -D rat.skip=true -D findbugs.skip=true -D skip.bower=true -D gpg.skip=true -D checkstyle.skip=true -D skip.gulp=true -D license.skip=true -D skip.npm=true test"/>
    <property name="java.specification.vendor" value="Oracle Corporation"/>
    <property name="user.language" value="en"/>
    <property name="awt.toolkit" value="sun.awt.X11.XToolkit"/>
    <property name="dependency-check.skip" value="true"/>
    <property name="java.vm.info" value="mixed mode"/>
    <property name="java.version" value="1.8.0_121"/>
    <property name="java.ext.dirs" value="/usr/lib/jvm/java-8-openjdk-amd64/jre/lib/ext:/usr/java/packages/lib/ext"/>
    <property name="securerandom.source" value="file:/dev/./urandom"/>
    <property name="sun.boot.class.path" value="/usr/lib/jvm/java-8-openjdk-amd64/jre/lib/resources.jar:/usr/lib/jvm/java-8-openjdk-amd64/jre/lib/rt.jar:/usr/lib/jvm/java-8-openjdk-amd64/jre/lib/sunrsasign.jar:/usr/lib/jvm/java-8-openjdk-amd64/jre/lib/jsse.jar:/usr/lib/jvm/java-8-openjdk-amd64/jre/lib/jce.jar:/usr/lib/jvm/java-8-openjdk-amd64/jre/lib/charsets.jar:/usr/lib/jvm/java-8-openjdk-amd64/jre/lib/jfr.jar:/usr/lib/jvm/java-8-openjdk-amd64/jre/classes"/>
    <property name="java.vendor" value="Oracle Corporation"/>
    <property name="enforcer.skip" value="true"/>
    <property name="rat.skip" value="true"/>
    <property name="maven.home" value="/usr/share/maven"/>
    <property name="file.separator" value="/"/>
    <property name="java.vendor.url.bug" value="http://bugreport.sun.com/bugreport/"/>
    <property name="sun.cpu.endian" value="little"/>
    <property name="sun.io.unicode.encoding" value="UnicodeLittle"/>
    <property name="sun.cpu.isalist" value=""/>
  </properties>
  <testcase name="testGetManifest" classname="edu.tamu.iiif.service.fedora.FedoraCanvasManifestServiceTest" time="1.7">
    <failure message="expected:&lt;{&quot;@id&quot;:&quot;http://localhost:9003/fedora/canvas?context=cars_pcdm_objects/chevy/pages/page_0&quot;,&quot;@type&quot;:&quot;sc:Canvas&quot;,&quot;height&quot;:400,&quot;images&quot;:[{&quot;@id&quot;:&quot;http://localhost:8182/iiif/2/ZmVkb3JhOmNhcnNfcGNkbV9vYmplY3RzL2NoZXZ5L3BhZ2VzL3BhZ2VfMC9maWxlcy9QVEFSXzgwMHg0MDAucG5n/info.json&quot;,&quot;@type&quot;:&quot;oa:Annotation&quot;,&quot;motivation&quot;:&quot;sc:painting&quot;,&quot;on&quot;:&quot;http://localhost:9003/fedora/canvas?context=cars_pcdm_objects/chevy/pages/page_0&quot;,&quot;resource&quot;:{&quot;@id&quot;:&quot;http://localhost:8182/iiif/2/ZmVkb3JhOmNhcnNfcGNkbV9vYmplY3RzL2NoZXZ5L3BhZ2VzL3BhZ2VfMC9maWxlcy9QVEFSXzgwMHg0MDAucG5n/full/full/0/default.jpg&quot;,&quot;@type&quot;:&quot;dctypes:Image&quot;,&quot;height&quot;:400,&quot;service&quot;:{&quot;label&quot;:&quot;Fedora IIIF Image Resource Service&quot;,&quot;profile&quot;:&quot;http://iiif.io/api/image/2/level0.json&quot;,&quot;@context&quot;:&quot;http://iiif.io/api/image/2/context.json&quot;,&quot;@id&quot;:&quot;http://localhost:8182/iiif/2/ZmVkb3JhOmNhcnNfcGNkbV9vYmplY3RzL2NoZXZ5L3BhZ2VzL3BhZ2VfMC9maWxlcy9QVEFSXzgwMHg0MDAucG5n&quot;},&quot;width&quot;:800}}],&quot;label&quot;:&quot;fedora:cars_pcdm_objects/chevy/pages/page_0&quot;,&quot;metadata&quot;:[],&quot;width&quot;:800}&gt; but was:&lt;{&quot;height&quot;:0,&quot;images&quot;:[],&quot;label&quot;:&quot;fedora:cars_pcdm_objects/chevy/pages/page_0&quot;,&quot;metadata&quot;:[],&quot;width&quot;:0,&quot;@type&quot;:&quot;sc:Canvas&quot;,&quot;@id&quot;:&quot;http://localhost:9003/fedora/canvas?context=cars_pcdm_objects/chevy/pages/page_0&quot;}&gt;" type="java.lang.AssertionError"><![CDATA[java.lang.AssertionError: expected:<{"@id":"http://localhost:9003/fedora/canvas?context=cars_pcdm_objects/chevy/pages/page_0","@type":"sc:Canvas","height":400,"images":[{"@id":"http://localhost:8182/iiif/2/ZmVkb3JhOmNhcnNfcGNkbV9vYmplY3RzL2NoZXZ5L3BhZ2VzL3BhZ2VfMC9maWxlcy9QVEFSXzgwMHg0MDAucG5n/info.json","@type":"oa:Annotation","motivation":"sc:painting","on":"http://localhost:9003/fedora/canvas?context=cars_pcdm_objects/chevy/pages/page_0","resource":{"@id":"http://localhost:8182/iiif/2/ZmVkb3JhOmNhcnNfcGNkbV9vYmplY3RzL2NoZXZ5L3BhZ2VzL3BhZ2VfMC9maWxlcy9QVEFSXzgwMHg0MDAucG5n/full/full/0/default.jpg","@type":"dctypes:Image","height":400,"service":{"label":"Fedora IIIF Image Resource Service","profile":"http://iiif.io/api/image/2/level0.json","@context":"http://iiif.io/api/image/2/context.json","@id":"http://localhost:8182/iiif/2/ZmVkb3JhOmNhcnNfcGNkbV9vYmplY3RzL2NoZXZ5L3BhZ2VzL3BhZ2VfMC9maWxlcy9QVEFSXzgwMHg0MDAucG5n"},"width":800}}],"label":"fedora:cars_pcdm_objects/chevy/pages/page_0","metadata":[],"width":800}> but was:<{"height":0,"images":[],"label":"fedora:cars_pcdm_objects/chevy/pages/page_0","metadata":[],"width":0,"@type":"sc:Canvas","@id":"http://localhost:9003/fedora/canvas?context=cars_pcdm_objects/chevy/pages/page_0"}>
	at org.junit.Assert.fail(Assert.java:88)
	at org.junit.Assert.failNotEquals(Assert.java:834)
	at org.junit.Assert.assertEquals(Assert.java:118)
	at org.junit.Assert.assertEquals(Assert.java:144)
	at edu.tamu.iiif.service.fedora.FedoraCanvasManifestServiceTest.testGetManifest(FedoraCanvasManifestServiceTest.java:50)
]]></failure>
    <system-out><![CDATA[23:42:47.622 [main] DEBUG org.springframework.test.context.junit4.SpringJUnit4ClassRunner - SpringJUnit4ClassRunner constructor called with [class edu.tamu.iiif.service.fedora.FedoraCanvasManifestServiceTest]
23:42:47.640 [main] DEBUG org.springframework.test.context.BootstrapUtils - Instantiating CacheAwareContextLoaderDelegate from class [org.springframework.test.context.cache.DefaultCacheAwareContextLoaderDelegate]
23:42:47.674 [main] DEBUG org.springframework.test.context.BootstrapUtils - Instantiating BootstrapContext using constructor [public org.springframework.test.context.support.DefaultBootstrapContext(java.lang.Class,org.springframework.test.context.CacheAwareContextLoaderDelegate)]
23:42:47.701 [main] DEBUG org.springframework.test.context.BootstrapUtils - Instantiating TestContextBootstrapper for test class [edu.tamu.iiif.service.fedora.FedoraCanvasManifestServiceTest] from class [org.springframework.test.context.support.DefaultTestContextBootstrapper]
23:42:47.732 [main] INFO org.springframework.test.context.support.DefaultTestContextBootstrapper - Neither @ContextConfiguration nor @ContextHierarchy found for test class [edu.tamu.iiif.service.fedora.FedoraCanvasManifestServiceTest], using DelegatingSmartContextLoader
23:42:47.741 [main] DEBUG org.springframework.test.context.support.AbstractDelegatingSmartContextLoader - Delegating to GenericXmlContextLoader to process context configuration [ContextConfigurationAttributes@4dd94a58 declaringClass = 'edu.tamu.iiif.service.fedora.FedoraCanvasManifestServiceTest', classes = '{}', locations = '{}', inheritLocations = false, initializers = '{}', inheritInitializers = true, name = [null], contextLoaderClass = 'org.springframework.test.context.ContextLoader'].
23:42:47.747 [main] DEBUG org.springframework.test.context.support.AbstractContextLoader - Did not detect default resource location for test class [edu.tamu.iiif.service.fedora.FedoraCanvasManifestServiceTest]: class path resource [edu/tamu/iiif/service/fedora/FedoraCanvasManifestServiceTest-context.xml] does not exist
23:42:47.748 [main] INFO org.springframework.test.context.support.AbstractContextLoader - Could not detect default resource locations for test class [edu.tamu.iiif.service.fedora.FedoraCanvasManifestServiceTest]: no resource found for suffixes {-context.xml}.
23:42:47.748 [main] DEBUG org.springframework.test.context.support.AbstractDelegatingSmartContextLoader - Delegating to AnnotationConfigContextLoader to process context configuration [ContextConfigurationAttributes@4dd94a58 declaringClass = 'edu.tamu.iiif.service.fedora.FedoraCanvasManifestServiceTest', classes = '{}', locations = '{}', inheritLocations = false, initializers = '{}', inheritInitializers = true, name = [null], contextLoaderClass = 'org.springframework.test.context.ContextLoader'].
23:42:47.750 [main] INFO org.springframework.test.context.support.AnnotationConfigContextLoaderUtils - Could not detect default configuration classes for test class [edu.tamu.iiif.service.fedora.FedoraCanvasManifestServiceTest]: FedoraCanvasManifestServiceTest does not declare any static, non-private, non-final, nested classes annotated with @Configuration.
23:42:47.853 [main] DEBUG org.springframework.test.context.support.ActiveProfilesUtils - Could not find an 'annotation declaring class' for annotation type [org.springframework.test.context.ActiveProfiles] and class [edu.tamu.iiif.service.fedora.FedoraCanvasManifestServiceTest]
23:42:47.855 [main] DEBUG org.springframework.test.context.support.DefaultTestContextBootstrapper - @TestExecutionListeners is not present for class [edu.tamu.iiif.service.fedora.FedoraCanvasManifestServiceTest]: using defaults.
23:42:47.861 [main] INFO org.springframework.test.context.support.DefaultTestContextBootstrapper - Loaded default TestExecutionListener class names from location [META-INF/spring.factories]: [org.springframework.boot.test.mock.mockito.MockitoTestExecutionListener, org.springframework.boot.test.mock.mockito.ResetMocksTestExecutionListener, org.springframework.boot.test.autoconfigure.restdocs.RestDocsTestExecutionListener, org.springframework.boot.test.autoconfigure.web.client.MockRestServiceServerResetTestExecutionListener, org.springframework.boot.test.autoconfigure.web.servlet.MockMvcPrintOnlyOnFailureTestExecutionListener, org.springframework.boot.test.autoconfigure.web.servlet.WebDriverTestExecutionListener, org.springframework.test.context.web.ServletTestExecutionListener, org.springframework.test.context.support.DirtiesContextBeforeModesTestExecutionListener, org.springframework.test.context.support.DependencyInjectionTestExecutionListener, org.springframework.test.context.support.DirtiesContextTestExecutionListener, org.springframework.test.context.transaction.TransactionalTestExecutionListener, org.springframework.test.context.jdbc.SqlScriptsTestExecutionListener]
23:42:47.904 [main] INFO org.springframework.test.context.support.DefaultTestContextBootstrapper - Using TestExecutionListeners: [org.springframework.test.context.web.ServletTestExecutionListener@3bae64d0, org.springframework.test.context.support.DirtiesContextBeforeModesTestExecutionListener@8b91134, org.springframework.test.context.support.DependencyInjectionTestExecutionListener@1fba386c, org.springframework.test.context.support.DirtiesContextTestExecutionListener@7e736350, org.springframework.test.context.transaction.TransactionalTestExecutionListener@36b310aa, org.springframework.test.context.jdbc.SqlScriptsTestExecutionListener@76c387f9, org.springframework.boot.test.mock.mockito.ResetMocksTestExecutionListener@3874b815, org.springframework.boot.test.autoconfigure.web.servlet.WebDriverTestExecutionListener@5d7835a8, org.springframework.boot.test.autoconfigure.restdocs.RestDocsTestExecutionListener@736048ed, org.springframework.boot.test.mock.mockito.MockitoTestExecutionListener@1976f537, org.springframework.boot.test.autoconfigure.web.servlet.MockMvcPrintOnlyOnFailureTestExecutionListener@45f421c, org.springframework.boot.test.autoconfigure.web.client.MockRestServiceServerResetTestExecutionListener@1816e24a]
23:42:47.907 [main] DEBUG org.springframework.test.context.junit4.SpringJUnit4ClassRunner - SpringJUnit4ClassRunner constructor called with [class edu.tamu.iiif.service.fedora.FedoraSequenceManifestServiceTest]
23:42:47.908 [main] DEBUG org.springframework.test.context.BootstrapUtils - Instantiating CacheAwareContextLoaderDelegate from class [org.springframework.test.context.cache.DefaultCacheAwareContextLoaderDelegate]
23:42:47.908 [main] DEBUG org.springframework.test.context.BootstrapUtils - Instantiating BootstrapContext using constructor [public org.springframework.test.context.support.DefaultBootstrapContext(java.lang.Class,org.springframework.test.context.CacheAwareContextLoaderDelegate)]
23:42:47.908 [main] DEBUG org.springframework.test.context.BootstrapUtils - Instantiating TestContextBootstrapper for test class [edu.tamu.iiif.service.fedora.FedoraSequenceManifestServiceTest] from class [org.springframework.test.context.support.DefaultTestContextBootstrapper]
23:42:47.909 [main] INFO org.springframework.test.context.support.DefaultTestContextBootstrapper - Neither @ContextConfiguration nor @ContextHierarchy found for test class [edu.tamu.iiif.service.fedora.FedoraSequenceManifestServiceTest], using DelegatingSmartContextLoader
23:42:47.909 [main] DEBUG org.springframework.test.context.support.AbstractDelegatingSmartContextLoader - Delegating to GenericXmlContextLoader to process context configuration [ContextConfigurationAttributes@499683c4 declaringClass = 'edu.tamu.iiif.service.fedora.FedoraSequenceManifestServiceTest', classes = '{}', locations = '{}', inheritLocations = false, initializers = '{}', inheritInitializers = true, name = [null], contextLoaderClass = 'org.springframework.test.context.ContextLoader'].
23:42:47.910 [main] DEBUG org.springframework.test.context.support.AbstractContextLoader - Did not detect default resource location for test class [edu.tamu.iiif.service.fedora.FedoraSequenceManifestServiceTest]: class path resource [edu/tamu/iiif/service/fedora/FedoraSequenceManifestServiceTest-context.xml] does not exist
23:42:47.910 [main] INFO org.springframework.test.context.support.AbstractContextLoader - Could not detect default resource locations for test class [edu.tamu.iiif.service.fedora.FedoraSequenceManifestServiceTest]: no resource found for suffixes {-context.xml}.
23:42:47.911 [main] DEBUG org.springframework.test.context.support.AbstractDelegatingSmartContextLoader - Delegating to AnnotationConfigContextLoader to process context configuration [ContextConfigurationAttributes@499683c4 declaringClass = 'edu.tamu.iiif.service.fedora.FedoraSequenceManifestServiceTest', classes = '{}', locations = '{}', inheritLocations = false, initializers = '{}', inheritInitializers = true, name = [null], contextLoaderClass = 'org.springframework.test.context.ContextLoader'].
23:42:47.911 [main] INFO org.springframework.test.context.support.AnnotationConfigContextLoaderUtils - Could not detect default configuration classes for test class [edu.tamu.iiif.service.fedora.FedoraSequenceManifestServiceTest]: FedoraSequenceManifestServiceTest does not declare any static, non-private, non-final, nested classes annotated with @Configuration.
23:42:47.921 [main] DEBUG org.springframework.test.context.support.ActiveProfilesUtils - Could not find an 'annotation declaring class' for annotation type [org.springframework.test.context.ActiveProfiles] and class [edu.tamu.iiif.service.fedora.FedoraSequenceManifestServiceTest]
23:42:47.922 [main] DEBUG org.springframework.test.context.support.DefaultTestContextBootstrapper - @TestExecutionListeners is not present for class [edu.tamu.iiif.service.fedora.FedoraSequenceManifestServiceTest]: using defaults.
23:42:47.928 [main] INFO org.springframework.test.context.support.DefaultTestContextBootstrapper - Loaded default TestExecutionListener class names from location [META-INF/spring.factories]: [org.springframework.boot.test.mock.mockito.MockitoTestExecutionListener, org.springframework.boot.test.mock.mockito.ResetMocksTestExecutionListener, org.springframework.boot.test.autoconfigure.restdocs.RestDocsTestExecutionListener, org.springframework.boot.test.autoconfigure.web.client.MockRestServiceServerResetTestExecutionListener, org.springframework.boot.test.autoconfigure.web.servlet.MockMvcPrintOnlyOnFailureTestExecutionListener, org.springframework.boot.test.autoconfigure.web.servlet.WebDriverTestExecutionListener, org.springframework.test.context.web.ServletTestExecutionListener, org.springframework.test.context.support.DirtiesContextBeforeModesTestExecutionListener, org.springframework.test.context.support.DependencyInjectionTestExecutionListener, org.springframework.test.context.support.DirtiesContextTestExecutionListener, org.springframework.test.context.transaction.TransactionalTestExecutionListener, org.springframework.test.context.jdbc.SqlScriptsTestExecutionListener]
23:42:47.929 [main] INFO org.springframework.test.context.support.DefaultTestContextBootstrapper - Using TestExecutionListeners: [org.springframework.test.context.web.ServletTestExecutionListener@1ac45389, org.springframework.test.context.support.DirtiesContextBeforeModesTestExecutionListener@3e5d4f6b, org.springframework.test.context.support.DependencyInjectionTestExecutionListener@39c1fe0b, org.springframework.test.context.support.DirtiesContextTestExecutionListener@5ae95707, org.springframework.test.context.transaction.TransactionalTestExecutionListener@62891fc8, org.springframework.test.context.jdbc.SqlScriptsTestExecutionListener@367b22e5, org.springframework.boot.test.mock.mockito.ResetMocksTestExecutionListener@fca387, org.springframework.boot.test.autoconfigure.web.servlet.WebDriverTestExecutionListener@10bd9df0, org.springframework.boot.test.autoconfigure.restdocs.RestDocsTestExecutionListener@3ae0b770, org.springframework.boot.test.mock.mockito.MockitoTestExecutionListener@55e3d6c3, org.springframework.boot.test.autoconfigure.web.servlet.MockMvcPrintOnlyOnFailureTestExecutionListener@30e6a763, org.springframework.boot.test.autoconfigure.web.client.MockRestServiceServerResetTestExecutionListener@4c48fe92]
23:42:47.932 [main] DEBUG org.springframework.test.context.junit4.SpringJUnit4ClassRunner - SpringJUnit4ClassRunner constructor called with [class edu.tamu.iiif.service.fedora.FedoraCollectionManifestServiceTest]
23:42:47.932 [main] DEBUG org.springframework.test.context.BootstrapUtils - Instantiating CacheAwareContextLoaderDelegate from class [org.springframework.test.context.cache.DefaultCacheAwareContextLoaderDelegate]
23:42:47.932 [main] DEBUG org.springframework.test.context.BootstrapUtils - Instantiating BootstrapContext using constructor [public org.springframework.test.context.support.DefaultBootstrapContext(java.lang.Class,org.springframework.test.context.CacheAwareContextLoaderDelegate)]
23:42:47.933 [main] DEBUG org.springframework.test.context.BootstrapUtils - Instantiating TestContextBootstrapper for test class [edu.tamu.iiif.service.fedora.FedoraCollectionManifestServiceTest] from class [org.springframework.test.context.support.DefaultTestContextBootstrapper]
23:42:47.933 [main] INFO org.springframework.test.context.support.DefaultTestContextBootstrapper - Neither @ContextConfiguration nor @ContextHierarchy found for test class [edu.tamu.iiif.service.fedora.FedoraCollectionManifestServiceTest], using DelegatingSmartContextLoader
23:42:47.934 [main] DEBUG org.springframework.test.context.support.AbstractDelegatingSmartContextLoader - Delegating to GenericXmlContextLoader to process context configuration [ContextConfigurationAttributes@338cc75f declaringClass = 'edu.tamu.iiif.service.fedora.FedoraCollectionManifestServiceTest', classes = '{}', locations = '{}', inheritLocations = false, initializers = '{}', inheritInitializers = true, name = [null], contextLoaderClass = 'org.springframework.test.context.ContextLoader'].
23:42:47.935 [main] DEBUG org.springframework.test.context.support.AbstractContextLoader - Did not detect default resource location for test class [edu.tamu.iiif.service.fedora.FedoraCollectionManifestServiceTest]: class path resource [edu/tamu/iiif/service/fedora/FedoraCollectionManifestServiceTest-context.xml] does not exist
23:42:47.935 [main] INFO org.springframework.test.context.support.AbstractContextLoader - Could not detect default resource locations for test class [edu.tamu.iiif.service.fedora.FedoraCollectionManifestServiceTest]: no resource found for suffixes {-context.xml}.
23:42:47.935 [main] DEBUG org.springframework.test.context.support.AbstractDelegatingSmartContextLoader - Delegating to AnnotationConfigContextLoader to process context configuration [ContextConfigurationAttributes@338cc75f declaringClass = 'edu.tamu.iiif.service.fedora.FedoraCollectionManifestServiceTest', classes = '{}', locations = '{}', inheritLocations = false, initializers = '{}', inheritInitializers = true, name = [null], contextLoaderClass = 'org.springframework.test.context.ContextLoader'].
23:42:47.935 [main] INFO org.springframework.test.context.support.AnnotationConfigContextLoaderUtils - Could not detect default configuration classes for test class [edu.tamu.iiif.service.fedora.FedoraCollectionManifestServiceTest]: FedoraCollectionManifestServiceTest does not declare any static, non-private, non-final, nested classes annotated with @Configuration.
23:42:47.944 [main] DEBUG org.springframework.test.context.support.ActiveProfilesUtils - Could not find an 'annotation declaring class' for annotation type [org.springframework.test.context.ActiveProfiles] and class [edu.tamu.iiif.service.fedora.FedoraCollectionManifestServiceTest]
23:42:47.945 [main] DEBUG org.springframework.test.context.support.DefaultTestContextBootstrapper - @TestExecutionListeners is not present for class [edu.tamu.iiif.service.fedora.FedoraCollectionManifestServiceTest]: using defaults.
23:42:47.951 [main] INFO org.springframework.test.context.support.DefaultTestContextBootstrapper - Loaded default TestExecutionListener class names from location [META-INF/spring.factories]: [org.springframework.boot.test.mock.mockito.MockitoTestExecutionListener, org.springframework.boot.test.mock.mockito.ResetMocksTestExecutionListener, org.springframework.boot.test.autoconfigure.restdocs.RestDocsTestExecutionListener, org.springframework.boot.test.autoconfigure.web.client.MockRestServiceServerResetTestExecutionListener, org.springframework.boot.test.autoconfigure.web.servlet.MockMvcPrintOnlyOnFailureTestExecutionListener, org.springframework.boot.test.autoconfigure.web.servlet.WebDriverTestExecutionListener, org.springframework.test.context.web.ServletTestExecutionListener, org.springframework.test.context.support.DirtiesContextBeforeModesTestExecutionListener, org.springframework.test.context.support.DependencyInjectionTestExecutionListener, org.springframework.test.context.support.DirtiesContextTestExecutionListener, org.springframework.test.context.transaction.TransactionalTestExecutionListener, org.springframework.test.context.jdbc.SqlScriptsTestExecutionListener]
23:42:47.952 [main] INFO org.springframework.test.context.support.DefaultTestContextBootstrapper - Using TestExecutionListeners: [org.springframework.test.context.web.ServletTestExecutionListener@67594471, org.springframework.test.context.support.DirtiesContextBeforeModesTestExecutionListener@756b58a7, org.springframework.test.context.support.DependencyInjectionTestExecutionListener@2cc04358, org.springframework.test.context.support.DirtiesContextTestExecutionListener@68b58644, org.springframework.test.context.transaction.TransactionalTestExecutionListener@45e22def, org.springframework.test.context.jdbc.SqlScriptsTestExecutionListener@6ae3fb94, org.springframework.boot.test.mock.mockito.ResetMocksTestExecutionListener@4417af13, org.springframework.boot.test.autoconfigure.web.servlet.WebDriverTestExecutionListener@d48673, org.springframework.boot.test.autoconfigure.restdocs.RestDocsTestExecutionListener@548d5ed3, org.springframework.boot.test.mock.mockito.MockitoTestExecutionListener@21c7208d, org.springframework.boot.test.autoconfigure.web.servlet.MockMvcPrintOnlyOnFailureTestExecutionListener@58516c91, org.springframework.boot.test.autoconfigure.web.client.MockRestServiceServerResetTestExecutionListener@7c129ef6]
23:42:47.956 [main] DEBUG org.springframework.test.context.junit4.SpringJUnit4ClassRunner - SpringJUnit4ClassRunner constructor called with [class edu.tamu.iiif.service.fedora.FedoraPresentationManifestServiceTest]
23:42:47.957 [main] DEBUG org.springframework.test.context.BootstrapUtils - Instantiating CacheAwareContextLoaderDelegate from class [org.springframework.test.context.cache.DefaultCacheAwareContextLoaderDelegate]
23:42:47.957 [main] DEBUG org.springframework.test.context.BootstrapUtils - Instantiating BootstrapContext using constructor [public org.springframework.test.context.support.DefaultBootstrapContext(java.lang.Class,org.springframework.test.context.CacheAwareContextLoaderDelegate)]
23:42:47.957 [main] DEBUG org.springframework.test.context.BootstrapUtils - Instantiating TestContextBootstrapper for test class [edu.tamu.iiif.service.fedora.FedoraPresentationManifestServiceTest] from class [org.springframework.test.context.support.DefaultTestContextBootstrapper]
23:42:47.958 [main] INFO org.springframework.test.context.support.DefaultTestContextBootstrapper - Neither @ContextConfiguration nor @ContextHierarchy found for test class [edu.tamu.iiif.service.fedora.FedoraPresentationManifestServiceTest], using DelegatingSmartContextLoader
23:42:47.958 [main] DEBUG org.springframework.test.context.support.AbstractDelegatingSmartContextLoader - Delegating to GenericXmlContextLoader to process context configuration [ContextConfigurationAttributes@571a9686 declaringClass = 'edu.tamu.iiif.service.fedora.FedoraPresentationManifestServiceTest', classes = '{}', locations = '{}', inheritLocations = false, initializers = '{}', inheritInitializers = true, name = [null], contextLoaderClass = 'org.springframework.test.context.ContextLoader'].
23:42:47.959 [main] DEBUG org.springframework.test.context.support.AbstractContextLoader - Did not detect default resource location for test class [edu.tamu.iiif.service.fedora.FedoraPresentationManifestServiceTest]: class path resource [edu/tamu/iiif/service/fedora/FedoraPresentationManifestServiceTest-context.xml] does not exist
23:42:47.959 [main] INFO org.springframework.test.context.support.AbstractContextLoader - Could not detect default resource locations for test class [edu.tamu.iiif.service.fedora.FedoraPresentationManifestServiceTest]: no resource found for suffixes {-context.xml}.
23:42:47.959 [main] DEBUG org.springframework.test.context.support.AbstractDelegatingSmartContextLoader - Delegating to AnnotationConfigContextLoader to process context configuration [ContextConfigurationAttributes@571a9686 declaringClass = 'edu.tamu.iiif.service.fedora.FedoraPresentationManifestServiceTest', classes = '{}', locations = '{}', inheritLocations = false, initializers = '{}', inheritInitializers = true, name = [null], contextLoaderClass = 'org.springframework.test.context.ContextLoader'].
23:42:47.960 [main] INFO org.springframework.test.context.support.AnnotationConfigContextLoaderUtils - Could not detect default configuration classes for test class [edu.tamu.iiif.service.fedora.FedoraPresentationManifestServiceTest]: FedoraPresentationManifestServiceTest does not declare any static, non-private, non-final, nested classes annotated with @Configuration.
23:42:47.969 [main] DEBUG org.springframework.test.context.support.ActiveProfilesUtils - Could not find an 'annotation declaring class' for annotation type [org.springframework.test.context.ActiveProfiles] and class [edu.tamu.iiif.service.fedora.FedoraPresentationManifestServiceTest]
23:42:47.969 [main] DEBUG org.springframework.test.context.support.DefaultTestContextBootstrapper - @TestExecutionListeners is not present for class [edu.tamu.iiif.service.fedora.FedoraPresentationManifestServiceTest]: using defaults.
23:42:47.974 [main] INFO org.springframework.test.context.support.DefaultTestContextBootstrapper - Loaded default TestExecutionListener class names from location [META-INF/spring.factories]: [org.springframework.boot.test.mock.mockito.MockitoTestExecutionListener, org.springframework.boot.test.mock.mockito.ResetMocksTestExecutionListener, org.springframework.boot.test.autoconfigure.restdocs.RestDocsTestExecutionListener, org.springframework.boot.test.autoconfigure.web.client.MockRestServiceServerResetTestExecutionListener, org.springframework.boot.test.autoconfigure.web.servlet.MockMvcPrintOnlyOnFailureTestExecutionListener, org.springframework.boot.test.autoconfigure.web.servlet.WebDriverTestExecutionListener, org.springframework.test.context.web.ServletTestExecutionListener, org.springframework.test.context.support.DirtiesContextBeforeModesTestExecutionListener, org.springframework.test.context.support.DependencyInjectionTestExecutionListener, org.springframework.test.context.support.DirtiesContextTestExecutionListener, org.springframework.test.context.transaction.TransactionalTestExecutionListener, org.springframework.test.context.jdbc.SqlScriptsTestExecutionListener]
23:42:47.975 [main] INFO org.springframework.test.context.support.DefaultTestContextBootstrapper - Using TestExecutionListeners: [org.springframework.test.context.web.ServletTestExecutionListener@1108adc8, org.springframework.test.context.support.DirtiesContextBeforeModesTestExecutionListener@8a98f38, org.springframework.test.context.support.DependencyInjectionTestExecutionListener@20011bf, org.springframework.test.context.support.DirtiesContextTestExecutionListener@51d9b06c, org.springframework.test.context.transaction.TransactionalTestExecutionListener@5eb2172, org.springframework.test.context.jdbc.SqlScriptsTestExecutionListener@41ffaeb8, org.springframework.boot.test.mock.mockito.ResetMocksTestExecutionListener@43f0c2d1, org.springframework.boot.test.autoconfigure.web.servlet.WebDriverTestExecutionListener@5fb65013, org.springframework.boot.test.autoconfigure.restdocs.RestDocsTestExecutionListener@38a1a26, org.springframework.boot.test.mock.mockito.MockitoTestExecutionListener@3fbcfe81, org.springframework.boot.test.autoconfigure.web.servlet.MockMvcPrintOnlyOnFailureTestExecutionListener@7a1f45ed, org.springframework.boot.test.autoconfigure.web.client.MockRestServiceServerResetTestExecutionListener@1744a475]
23:42:47.978 [main] DEBUG org.springframework.test.context.junit4.SpringJUnit4ClassRunner - SpringJUnit4ClassRunner constructor called with [class edu.tamu.iiif.service.fedora.FedoraImageManifestServiceTest]
23:42:47.978 [main] DEBUG org.springframework.test.context.BootstrapUtils - Instantiating CacheAwareContextLoaderDelegate from class [org.springframework.test.context.cache.DefaultCacheAwareContextLoaderDelegate]
23:42:47.978 [main] DEBUG org.springframework.test.context.BootstrapUtils - Instantiating BootstrapContext using constructor [public org.springframework.test.context.support.DefaultBootstrapContext(java.lang.Class,org.springframework.test.context.CacheAwareContextLoaderDelegate)]
23:42:47.979 [main] DEBUG org.springframework.test.context.BootstrapUtils - Instantiating TestContextBootstrapper for test class [edu.tamu.iiif.service.fedora.FedoraImageManifestServiceTest] from class [org.springframework.test.context.support.DefaultTestContextBootstrapper]
23:42:47.979 [main] INFO org.springframework.test.context.support.DefaultTestContextBootstrapper - Neither @ContextConfiguration nor @ContextHierarchy found for test class [edu.tamu.iiif.service.fedora.FedoraImageManifestServiceTest], using DelegatingSmartContextLoader
23:42:47.980 [main] DEBUG org.springframework.test.context.support.AbstractDelegatingSmartContextLoader - Delegating to GenericXmlContextLoader to process context configuration [ContextConfigurationAttributes@6a48a7f3 declaringClass = 'edu.tamu.iiif.service.fedora.FedoraImageManifestServiceTest', classes = '{}', locations = '{}', inheritLocations = false, initializers = '{}', inheritInitializers = true, name = [null], contextLoaderClass = 'org.springframework.test.context.ContextLoader'].
23:42:47.981 [main] DEBUG org.springframework.test.context.support.AbstractContextLoader - Did not detect default resource location for test class [edu.tamu.iiif.service.fedora.FedoraImageManifestServiceTest]: class path resource [edu/tamu/iiif/service/fedora/FedoraImageManifestServiceTest-context.xml] does not exist
23:42:47.982 [main] INFO org.springframework.test.context.support.AbstractContextLoader - Could not detect default resource locations for test class [edu.tamu.iiif.service.fedora.FedoraImageManifestServiceTest]: no resource found for suffixes {-context.xml}.
23:42:47.982 [main] DEBUG org.springframework.test.context.support.AbstractDelegatingSmartContextLoader - Delegating to AnnotationConfigContextLoader to process context configuration [ContextConfigurationAttributes@6a48a7f3 declaringClass = 'edu.tamu.iiif.service.fedora.FedoraImageManifestServiceTest', classes = '{}', locations = '{}', inheritLocations = false, initializers = '{}', inheritInitializers = true, name = [null], contextLoaderClass = 'org.springframework.test.context.ContextLoader'].
23:42:47.982 [main] INFO org.springframework.test.context.support.AnnotationConfigContextLoaderUtils - Could not detect default configuration classes for test class [edu.tamu.iiif.service.fedora.FedoraImageManifestServiceTest]: FedoraImageManifestServiceTest does not declare any static, non-private, non-final, nested classes annotated with @Configuration.
23:42:47.990 [main] DEBUG org.springframework.test.context.support.ActiveProfilesUtils - Could not find an 'annotation declaring class' for annotation type [org.springframework.test.context.ActiveProfiles] and class [edu.tamu.iiif.service.fedora.FedoraImageManifestServiceTest]
23:42:47.990 [main] DEBUG org.springframework.test.context.support.DefaultTestContextBootstrapper - @TestExecutionListeners is not present for class [edu.tamu.iiif.service.fedora.FedoraImageManifestServiceTest]: using defaults.
23:42:47.994 [main] INFO org.springframework.test.context.support.DefaultTestContextBootstrapper - Loaded default TestExecutionListener class names from location [META-INF/spring.factories]: [org.springframework.boot.test.mock.mockito.MockitoTestExecutionListener, org.springframework.boot.test.mock.mockito.ResetMocksTestExecutionListener, org.springframework.boot.test.autoconfigure.restdocs.RestDocsTestExecutionListener, org.springframework.boot.test.autoconfigure.web.client.MockRestServiceServerResetTestExecutionListener, org.springframework.boot.test.autoconfigure.web.servlet.MockMvcPrintOnlyOnFailureTestExecutionListener, org.springframework.boot.test.autoconfigure.web.servlet.WebDriverTestExecutionListener, org.springframework.test.context.web.ServletTestExecutionListener, org.springframework.test.context.support.DirtiesContextBeforeModesTestExecutionListener, org.springframework.test.context.support.DependencyInjectionTestExecutionListener, org.springframework.test.context.support.DirtiesContextTestExecutionListener, org.springframework.test.context.transaction.TransactionalTestExecutionListener, org.springframework.test.context.jdbc.SqlScriptsTestExecutionListener]
23:42:47.995 [main] INFO org.springframework.test.context.support.DefaultTestContextBootstrapper - Using TestExecutionListeners: [org.springframework.test.context.web.ServletTestExecutionListener@7808f638, org.springframework.test.context.support.DirtiesContextBeforeModesTestExecutionListener@62d73ead, org.springframework.test.context.support.DependencyInjectionTestExecutionListener@1e141e42, org.springframework.test.context.support.DirtiesContextTestExecutionListener@228cea97, org.springframework.test.context.transaction.TransactionalTestExecutionListener@1d0a61c8, org.springframework.test.context.jdbc.SqlScriptsTestExecutionListener@46731692, org.springframework.boot.test.mock.mockito.ResetMocksTestExecutionListener@782bf610, org.springframework.boot.test.autoconfigure.web.servlet.WebDriverTestExecutionListener@3db663d0, org.springframework.boot.test.autoconfigure.restdocs.RestDocsTestExecutionListener@73fc518f, org.springframework.boot.test.mock.mockito.MockitoTestExecutionListener@2de50ee4, org.springframework.boot.test.autoconfigure.web.servlet.MockMvcPrintOnlyOnFailureTestExecutionListener@ad9e63e, org.springframework.boot.test.autoconfigure.web.client.MockRestServiceServerResetTestExecutionListener@47fbc56]
23:42:48.003 [main] DEBUG org.springframework.test.context.junit4.SpringJUnit4ClassRunner - SpringJUnit4ClassRunner constructor called with [class edu.tamu.iiif.service.dspace.DSpaceCollectionManifestServiceTest]
23:42:48.003 [main] DEBUG org.springframework.test.context.BootstrapUtils - Instantiating CacheAwareContextLoaderDelegate from class [org.springframework.test.context.cache.DefaultCacheAwareContextLoaderDelegate]
23:42:48.003 [main] DEBUG org.springframework.test.context.BootstrapUtils - Instantiating BootstrapContext using constructor [public org.springframework.test.context.support.DefaultBootstrapContext(java.lang.Class,org.springframework.test.context.CacheAwareContextLoaderDelegate)]
23:42:48.004 [main] DEBUG org.springframework.test.context.BootstrapUtils - Instantiating TestContextBootstrapper for test class [edu.tamu.iiif.service.dspace.DSpaceCollectionManifestServiceTest] from class [org.springframework.test.context.support.DefaultTestContextBootstrapper]
23:42:48.004 [main] INFO org.springframework.test.context.support.DefaultTestContextBootstrapper - Neither @ContextConfiguration nor @ContextHierarchy found for test class [edu.tamu.iiif.service.dspace.DSpaceCollectionManifestServiceTest], using DelegatingSmartContextLoader
23:42:48.005 [main] DEBUG org.springframework.test.context.support.AbstractDelegatingSmartContextLoader - Delegating to GenericXmlContextLoader to process context configuration [ContextConfigurationAttributes@2c58dcb1 declaringClass = 'edu.tamu.iiif.service.dspace.DSpaceCollectionManifestServiceTest', classes = '{}', locations = '{}', inheritLocations = false, initializers = '{}', inheritInitializers = true, name = [null], contextLoaderClass = 'org.springframework.test.context.ContextLoader'].
23:42:48.005 [main] DEBUG org.springframework.test.context.support.AbstractContextLoader - Did not detect default resource location for test class [edu.tamu.iiif.service.dspace.DSpaceCollectionManifestServiceTest]: class path resource [edu/tamu/iiif/service/dspace/DSpaceCollectionManifestServiceTest-context.xml] does not exist
23:42:48.005 [main] INFO org.springframework.test.context.support.AbstractContextLoader - Could not detect default resource locations for test class [edu.tamu.iiif.service.dspace.DSpaceCollectionManifestServiceTest]: no resource found for suffixes {-context.xml}.
23:42:48.006 [main] DEBUG org.springframework.test.context.support.AbstractDelegatingSmartContextLoader - Delegating to AnnotationConfigContextLoader to process context configuration [ContextConfigurationAttributes@2c58dcb1 declaringClass = 'edu.tamu.iiif.service.dspace.DSpaceCollectionManifestServiceTest', classes = '{}', locations = '{}', inheritLocations = false, initializers = '{}', inheritInitializers = true, name = [null], contextLoaderClass = 'org.springframework.test.context.ContextLoader'].
23:42:48.006 [main] INFO org.springframework.test.context.support.AnnotationConfigContextLoaderUtils - Could not detect default configuration classes for test class [edu.tamu.iiif.service.dspace.DSpaceCollectionManifestServiceTest]: DSpaceCollectionManifestServiceTest does not declare any static, non-private, non-final, nested classes annotated with @Configuration.
23:42:48.014 [main] DEBUG org.springframework.test.context.support.ActiveProfilesUtils - Could not find an 'annotation declaring class' for annotation type [org.springframework.test.context.ActiveProfiles] and class [edu.tamu.iiif.service.dspace.DSpaceCollectionManifestServiceTest]
23:42:48.015 [main] DEBUG org.springframework.test.context.support.DefaultTestContextBootstrapper - @TestExecutionListeners is not present for class [edu.tamu.iiif.service.dspace.DSpaceCollectionManifestServiceTest]: using defaults.
23:42:48.019 [main] INFO org.springframework.test.context.support.DefaultTestContextBootstrapper - Loaded default TestExecutionListener class names from location [META-INF/spring.factories]: [org.springframework.boot.test.mock.mockito.MockitoTestExecutionListener, org.springframework.boot.test.mock.mockito.ResetMocksTestExecutionListener, org.springframework.boot.test.autoconfigure.restdocs.RestDocsTestExecutionListener, org.springframework.boot.test.autoconfigure.web.client.MockRestServiceServerResetTestExecutionListener, org.springframework.boot.test.autoconfigure.web.servlet.MockMvcPrintOnlyOnFailureTestExecutionListener, org.springframework.boot.test.autoconfigure.web.servlet.WebDriverTestExecutionListener, org.springframework.test.context.web.ServletTestExecutionListener, org.springframework.test.context.support.DirtiesContextBeforeModesTestExecutionListener, org.springframework.test.context.support.DependencyInjectionTestExecutionListener, org.springframework.test.context.support.DirtiesContextTestExecutionListener, org.springframework.test.context.transaction.TransactionalTestExecutionListener, org.springframework.test.context.jdbc.SqlScriptsTestExecutionListener]
23:42:48.019 [main] INFO org.springframework.test.context.support.DefaultTestContextBootstrapper - Using TestExecutionListeners: [org.springframework.test.context.web.ServletTestExecutionListener@e8ea697, org.springframework.test.context.support.DirtiesContextBeforeModesTestExecutionListener@74dbb1ee, org.springframework.test.context.support.DependencyInjectionTestExecutionListener@70f822e, org.springframework.test.context.support.DirtiesContextTestExecutionListener@3efedc6f, org.springframework.test.context.transaction.TransactionalTestExecutionListener@45bf6f39, org.springframework.test.context.jdbc.SqlScriptsTestExecutionListener@6c42f2a1, org.springframework.boot.test.mock.mockito.ResetMocksTestExecutionListener@17a703f5, org.springframework.boot.test.autoconfigure.web.servlet.WebDriverTestExecutionListener@5ff2b8ca, org.springframework.boot.test.autoconfigure.restdocs.RestDocsTestExecutionListener@618ad2aa, org.springframework.boot.test.mock.mockito.MockitoTestExecutionListener@1aa6e3c0, org.springframework.boot.test.autoconfigure.web.servlet.MockMvcPrintOnlyOnFailureTestExecutionListener@3531f3ca, org.springframework.boot.test.autoconfigure.web.client.MockRestServiceServerResetTestExecutionListener@7fcf294e]
23:42:48.023 [main] DEBUG org.springframework.test.context.junit4.SpringJUnit4ClassRunner - SpringJUnit4ClassRunner constructor called with [class edu.tamu.iiif.service.dspace.DSpacePresentationManifestServiceTest]
23:42:48.023 [main] DEBUG org.springframework.test.context.BootstrapUtils - Instantiating CacheAwareContextLoaderDelegate from class [org.springframework.test.context.cache.DefaultCacheAwareContextLoaderDelegate]
23:42:48.024 [main] DEBUG org.springframework.test.context.BootstrapUtils - Instantiating BootstrapContext using constructor [public org.springframework.test.context.support.DefaultBootstrapContext(java.lang.Class,org.springframework.test.context.CacheAwareContextLoaderDelegate)]
23:42:48.024 [main] DEBUG org.springframework.test.context.BootstrapUtils - Instantiating TestContextBootstrapper for test class [edu.tamu.iiif.service.dspace.DSpacePresentationManifestServiceTest] from class [org.springframework.test.context.support.DefaultTestContextBootstrapper]
23:42:48.025 [main] INFO org.springframework.test.context.support.DefaultTestContextBootstrapper - Neither @ContextConfiguration nor @ContextHierarchy found for test class [edu.tamu.iiif.service.dspace.DSpacePresentationManifestServiceTest], using DelegatingSmartContextLoader
23:42:48.025 [main] DEBUG org.springframework.test.context.support.AbstractDelegatingSmartContextLoader - Delegating to GenericXmlContextLoader to process context configuration [ContextConfigurationAttributes@2c8662ac declaringClass = 'edu.tamu.iiif.service.dspace.DSpacePresentationManifestServiceTest', classes = '{}', locations = '{}', inheritLocations = false, initializers = '{}', inheritInitializers = true, name = [null], contextLoaderClass = 'org.springframework.test.context.ContextLoader'].
23:42:48.026 [main] DEBUG org.springframework.test.context.support.AbstractContextLoader - Did not detect default resource location for test class [edu.tamu.iiif.service.dspace.DSpacePresentationManifestServiceTest]: class path resource [edu/tamu/iiif/service/dspace/DSpacePresentationManifestServiceTest-context.xml] does not exist
23:42:48.026 [main] INFO org.springframework.test.context.support.AbstractContextLoader - Could not detect default resource locations for test class [edu.tamu.iiif.service.dspace.DSpacePresentationManifestServiceTest]: no resource found for suffixes {-context.xml}.
23:42:48.026 [main] DEBUG org.springframework.test.context.support.AbstractDelegatingSmartContextLoader - Delegating to AnnotationConfigContextLoader to process context configuration [ContextConfigurationAttributes@2c8662ac declaringClass = 'edu.tamu.iiif.service.dspace.DSpacePresentationManifestServiceTest', classes = '{}', locations = '{}', inheritLocations = false, initializers = '{}', inheritInitializers = true, name = [null], contextLoaderClass = 'org.springframework.test.context.ContextLoader'].
23:42:48.026 [main] INFO org.springframework.test.context.support.AnnotationConfigContextLoaderUtils - Could not detect default configuration classes for test class [edu.tamu.iiif.service.dspace.DSpacePresentationManifestServiceTest]: DSpacePresentationManifestServiceTest does not declare any static, non-private, non-final, nested classes annotated with @Configuration.
23:42:48.033 [main] DEBUG org.springframework.test.context.support.ActiveProfilesUtils - Could not find an 'annotation declaring class' for annotation type [org.springframework.test.context.ActiveProfiles] and class [edu.tamu.iiif.service.dspace.DSpacePresentationManifestServiceTest]
23:42:48.033 [main] DEBUG org.springframework.test.context.support.DefaultTestContextBootstrapper - @TestExecutionListeners is not present for class [edu.tamu.iiif.service.dspace.DSpacePresentationManifestServiceTest]: using defaults.
23:42:48.037 [main] INFO org.springframework.test.context.support.DefaultTestContextBootstrapper - Loaded default TestExecutionListener class names from location [META-INF/spring.factories]: [org.springframework.boot.test.mock.mockito.MockitoTestExecutionListener, org.springframework.boot.test.mock.mockito.ResetMocksTestExecutionListener, org.springframework.boot.test.autoconfigure.restdocs.RestDocsTestExecutionListener, org.springframework.boot.test.autoconfigure.web.client.MockRestServiceServerResetTestExecutionListener, org.springframework.boot.test.autoconfigure.web.servlet.MockMvcPrintOnlyOnFailureTestExecutionListener, org.springframework.boot.test.autoconfigure.web.servlet.WebDriverTestExecutionListener, org.springframework.test.context.web.ServletTestExecutionListener, org.springframework.test.context.support.DirtiesContextBeforeModesTestExecutionListener, org.springframework.test.context.support.DependencyInjectionTestExecutionListener, org.springframework.test.context.support.DirtiesContextTestExecutionListener, org.springframework.test.context.transaction.TransactionalTestExecutionListener, org.springframework.test.context.jdbc.SqlScriptsTestExecutionListener]
23:42:48.038 [main] INFO org.springframework.test.context.support.DefaultTestContextBootstrapper - Using TestExecutionListeners: [org.springframework.test.context.web.ServletTestExecutionListener@702b06fb, org.springframework.test.context.support.DirtiesContextBeforeModesTestExecutionListener@a18649a, org.springframework.test.context.support.DependencyInjectionTestExecutionListener@5c534b5b, org.springframework.test.context.support.DirtiesContextTestExecutionListener@396639b, org.springframework.test.context.transaction.TransactionalTestExecutionListener@2b22a1cc, org.springframework.test.context.jdbc.SqlScriptsTestExecutionListener@62573c86, org.springframework.boot.test.mock.mockito.ResetMocksTestExecutionListener@2418ba04, org.springframework.boot.test.autoconfigure.web.servlet.WebDriverTestExecutionListener@14229fa7, org.springframework.boot.test.autoconfigure.restdocs.RestDocsTestExecutionListener@2ab0702e, org.springframework.boot.test.mock.mockito.MockitoTestExecutionListener@7158daf2, org.springframework.boot.test.autoconfigure.web.servlet.MockMvcPrintOnlyOnFailureTestExecutionListener@10f19647, org.springframework.boot.test.autoconfigure.web.client.MockRestServiceServerResetTestExecutionListener@102efc59]
23:42:48.041 [main] DEBUG org.springframework.test.context.junit4.SpringJUnit4ClassRunner - SpringJUnit4ClassRunner constructor called with [class edu.tamu.iiif.service.dspace.DSpaceCanvasManifestServiceTest]
23:42:48.041 [main] DEBUG org.springframework.test.context.BootstrapUtils - Instantiating CacheAwareContextLoaderDelegate from class [org.springframework.test.context.cache.DefaultCacheAwareContextLoaderDelegate]
23:42:48.041 [main] DEBUG org.springframework.test.context.BootstrapUtils - Instantiating BootstrapContext using constructor [public org.springframework.test.context.support.DefaultBootstrapContext(java.lang.Class,org.springframework.test.context.CacheAwareContextLoaderDelegate)]
23:42:48.042 [main] DEBUG org.springframework.test.context.BootstrapUtils - Instantiating TestContextBootstrapper for test class [edu.tamu.iiif.service.dspace.DSpaceCanvasManifestServiceTest] from class [org.springframework.test.context.support.DefaultTestContextBootstrapper]
23:42:48.042 [main] INFO org.springframework.test.context.support.DefaultTestContextBootstrapper - Neither @ContextConfiguration nor @ContextHierarchy found for test class [edu.tamu.iiif.service.dspace.DSpaceCanvasManifestServiceTest], using DelegatingSmartContextLoader
23:42:48.043 [main] DEBUG org.springframework.test.context.support.AbstractDelegatingSmartContextLoader - Delegating to GenericXmlContextLoader to process context configuration [ContextConfigurationAttributes@7fd8c559 declaringClass = 'edu.tamu.iiif.service.dspace.DSpaceCanvasManifestServiceTest', classes = '{}', locations = '{}', inheritLocations = false, initializers = '{}', inheritInitializers = true, name = [null], contextLoaderClass = 'org.springframework.test.context.ContextLoader'].
23:42:48.044 [main] DEBUG org.springframework.test.context.support.AbstractContextLoader - Did not detect default resource location for test class [edu.tamu.iiif.service.dspace.DSpaceCanvasManifestServiceTest]: class path resource [edu/tamu/iiif/service/dspace/DSpaceCanvasManifestServiceTest-context.xml] does not exist
23:42:48.044 [main] INFO org.springframework.test.context.support.AbstractContextLoader - Could not detect default resource locations for test class [edu.tamu.iiif.service.dspace.DSpaceCanvasManifestServiceTest]: no resource found for suffixes {-context.xml}.
23:42:48.045 [main] DEBUG org.springframework.test.context.support.AbstractDelegatingSmartContextLoader - Delegating to AnnotationConfigContextLoader to process context configuration [ContextConfigurationAttributes@7fd8c559 declaringClass = 'edu.tamu.iiif.service.dspace.DSpaceCanvasManifestServiceTest', classes = '{}', locations = '{}', inheritLocations = false, initializers = '{}', inheritInitializers = true, name = [null], contextLoaderClass = 'org.springframework.test.context.ContextLoader'].
23:42:48.045 [main] INFO org.springframework.test.context.support.AnnotationConfigContextLoaderUtils - Could not detect default configuration classes for test class [edu.tamu.iiif.service.dspace.DSpaceCanvasManifestServiceTest]: DSpaceCanvasManifestServiceTest does not declare any static, non-private, non-final, nested classes annotated with @Configuration.
23:42:48.052 [main] DEBUG org.springframework.test.context.support.ActiveProfilesUtils - Could not find an 'annotation declaring class' for annotation type [org.springframework.test.context.ActiveProfiles] and class [edu.tamu.iiif.service.dspace.DSpaceCanvasManifestServiceTest]
23:42:48.052 [main] DEBUG org.springframework.test.context.support.DefaultTestContextBootstrapper - @TestExecutionListeners is not present for class [edu.tamu.iiif.service.dspace.DSpaceCanvasManifestServiceTest]: using defaults.
23:42:48.056 [main] INFO org.springframework.test.context.support.DefaultTestContextBootstrapper - Loaded default TestExecutionListener class names from location [META-INF/spring.factories]: [org.springframework.boot.test.mock.mockito.MockitoTestExecutionListener, org.springframework.boot.test.mock.mockito.ResetMocksTestExecutionListener, org.springframework.boot.test.autoconfigure.restdocs.RestDocsTestExecutionListener, org.springframework.boot.test.autoconfigure.web.client.MockRestServiceServerResetTestExecutionListener, org.springframework.boot.test.autoconfigure.web.servlet.MockMvcPrintOnlyOnFailureTestExecutionListener, org.springframework.boot.test.autoconfigure.web.servlet.WebDriverTestExecutionListener, org.springframework.test.context.web.ServletTestExecutionListener, org.springframework.test.context.support.DirtiesContextBeforeModesTestExecutionListener, org.springframework.test.context.support.DependencyInjectionTestExecutionListener, org.springframework.test.context.support.DirtiesContextTestExecutionListener, org.springframework.test.context.transaction.TransactionalTestExecutionListener, org.springframework.test.context.jdbc.SqlScriptsTestExecutionListener]
23:42:48.057 [main] INFO org.springframework.test.context.support.DefaultTestContextBootstrapper - Using TestExecutionListeners: [org.springframework.test.context.web.ServletTestExecutionListener@692e028d, org.springframework.test.context.support.DirtiesContextBeforeModesTestExecutionListener@6629ad09, org.springframework.test.context.support.DependencyInjectionTestExecutionListener@43e1692f, org.springframework.test.context.support.DirtiesContextTestExecutionListener@3e7c4815, org.springframework.test.context.transaction.TransactionalTestExecutionListener@27df0f3d, org.springframework.test.context.jdbc.SqlScriptsTestExecutionListener@c35af2a, org.springframework.boot.test.mock.mockito.ResetMocksTestExecutionListener@44550792, org.springframework.boot.test.autoconfigure.web.servlet.WebDriverTestExecutionListener@1835d3ed, org.springframework.boot.test.autoconfigure.restdocs.RestDocsTestExecutionListener@474c9131, org.springframework.boot.test.mock.mockito.MockitoTestExecutionListener@66213a0d, org.springframework.boot.test.autoconfigure.web.servlet.MockMvcPrintOnlyOnFailureTestExecutionListener@aa4d8cc, org.springframework.boot.test.autoconfigure.web.client.MockRestServiceServerResetTestExecutionListener@3cb8c8ce]
23:42:48.060 [main] DEBUG org.springframework.test.context.junit4.SpringJUnit4ClassRunner - SpringJUnit4ClassRunner constructor called with [class edu.tamu.iiif.service.dspace.DSpaceImageManifestServiceTest]
23:42:48.060 [main] DEBUG org.springframework.test.context.BootstrapUtils - Instantiating CacheAwareContextLoaderDelegate from class [org.springframework.test.context.cache.DefaultCacheAwareContextLoaderDelegate]
23:42:48.060 [main] DEBUG org.springframework.test.context.BootstrapUtils - Instantiating BootstrapContext using constructor [public org.springframework.test.context.support.DefaultBootstrapContext(java.lang.Class,org.springframework.test.context.CacheAwareContextLoaderDelegate)]
23:42:48.061 [main] DEBUG org.springframework.test.context.BootstrapUtils - Instantiating TestContextBootstrapper for test class [edu.tamu.iiif.service.dspace.DSpaceImageManifestServiceTest] from class [org.springframework.test.context.support.DefaultTestContextBootstrapper]
23:42:48.061 [main] INFO org.springframework.test.context.support.DefaultTestContextBootstrapper - Neither @ContextConfiguration nor @ContextHierarchy found for test class [edu.tamu.iiif.service.dspace.DSpaceImageManifestServiceTest], using DelegatingSmartContextLoader
23:42:48.062 [main] DEBUG org.springframework.test.context.support.AbstractDelegatingSmartContextLoader - Delegating to GenericXmlContextLoader to process context configuration [ContextConfigurationAttributes@2e51d054 declaringClass = 'edu.tamu.iiif.service.dspace.DSpaceImageManifestServiceTest', classes = '{}', locations = '{}', inheritLocations = false, initializers = '{}', inheritInitializers = true, name = [null], contextLoaderClass = 'org.springframework.test.context.ContextLoader'].
23:42:48.062 [main] DEBUG org.springframework.test.context.support.AbstractContextLoader - Did not detect default resource location for test class [edu.tamu.iiif.service.dspace.DSpaceImageManifestServiceTest]: class path resource [edu/tamu/iiif/service/dspace/DSpaceImageManifestServiceTest-context.xml] does not exist
23:42:48.063 [main] INFO org.springframework.test.context.support.AbstractContextLoader - Could not detect default resource locations for test class [edu.tamu.iiif.service.dspace.DSpaceImageManifestServiceTest]: no resource found for suffixes {-context.xml}.
23:42:48.063 [main] DEBUG org.springframework.test.context.support.AbstractDelegatingSmartContextLoader - Delegating to AnnotationConfigContextLoader to process context configuration [ContextConfigurationAttributes@2e51d054 declaringClass = 'edu.tamu.iiif.service.dspace.DSpaceImageManifestServiceTest', classes = '{}', locations = '{}', inheritLocations = false, initializers = '{}', inheritInitializers = true, name = [null], contextLoaderClass = 'org.springframework.test.context.ContextLoader'].
23:42:48.063 [main] INFO org.springframework.test.context.support.AnnotationConfigContextLoaderUtils - Could not detect default configuration classes for test class [edu.tamu.iiif.service.dspace.DSpaceImageManifestServiceTest]: DSpaceImageManifestServiceTest does not declare any static, non-private, non-final, nested classes annotated with @Configuration.
23:42:48.069 [main] DEBUG org.springframework.test.context.support.ActiveProfilesUtils - Could not find an 'annotation declaring class' for annotation type [org.springframework.test.context.ActiveProfiles] and class [edu.tamu.iiif.service.dspace.DSpaceImageManifestServiceTest]
23:42:48.069 [main] DEBUG org.springframework.test.context.support.DefaultTestContextBootstrapper - @TestExecutionListeners is not present for class [edu.tamu.iiif.service.dspace.DSpaceImageManifestServiceTest]: using defaults.
23:42:48.074 [main] INFO org.springframework.test.context.support.DefaultTestContextBootstrapper - Loaded default TestExecutionListener class names from location [META-INF/spring.factories]: [org.springframework.boot.test.mock.mockito.MockitoTestExecutionListener, org.springframework.boot.test.mock.mockito.ResetMocksTestExecutionListener, org.springframework.boot.test.autoconfigure.restdocs.RestDocsTestExecutionListener, org.springframework.boot.test.autoconfigure.web.client.MockRestServiceServerResetTestExecutionListener, org.springframework.boot.test.autoconfigure.web.servlet.MockMvcPrintOnlyOnFailureTestExecutionListener, org.springframework.boot.test.autoconfigure.web.servlet.WebDriverTestExecutionListener, org.springframework.test.context.web.ServletTestExecutionListener, org.springframework.test.context.support.DirtiesContextBeforeModesTestExecutionListener, org.springframework.test.context.support.DependencyInjectionTestExecutionListener, org.springframework.test.context.support.DirtiesContextTestExecutionListener, org.springframework.test.context.transaction.TransactionalTestExecutionListener, org.springframework.test.context.jdbc.SqlScriptsTestExecutionListener]
23:42:48.075 [main] INFO org.springframework.test.context.support.DefaultTestContextBootstrapper - Using TestExecutionListeners: [org.springframework.test.context.web.ServletTestExecutionListener@1866da85, org.springframework.test.context.support.DirtiesContextBeforeModesTestExecutionListener@4cfa8227, org.springframework.test.context.support.DependencyInjectionTestExecutionListener@78226c36, org.springframework.test.context.support.DirtiesContextTestExecutionListener@3f685162, org.springframework.test.context.transaction.TransactionalTestExecutionListener@11f406f8, org.springframework.test.context.jdbc.SqlScriptsTestExecutionListener@987455b, org.springframework.boot.test.mock.mockito.ResetMocksTestExecutionListener@622fdb81, org.springframework.boot.test.autoconfigure.web.servlet.WebDriverTestExecutionListener@1f3165e7, org.springframework.boot.test.autoconfigure.restdocs.RestDocsTestExecutionListener@2ec3633f, org.springframework.boot.test.mock.mockito.MockitoTestExecutionListener@1d5d5621, org.springframework.boot.test.autoconfigure.web.servlet.MockMvcPrintOnlyOnFailureTestExecutionListener@13275d8, org.springframework.boot.test.autoconfigure.web.client.MockRestServiceServerResetTestExecutionListener@15b82644]
23:42:48.078 [main] DEBUG org.springframework.test.context.junit4.SpringJUnit4ClassRunner - SpringJUnit4ClassRunner constructor called with [class edu.tamu.iiif.service.dspace.DSpaceSequenceManifestServiceTest]
23:42:48.078 [main] DEBUG org.springframework.test.context.BootstrapUtils - Instantiating CacheAwareContextLoaderDelegate from class [org.springframework.test.context.cache.DefaultCacheAwareContextLoaderDelegate]
23:42:48.079 [main] DEBUG org.springframework.test.context.BootstrapUtils - Instantiating BootstrapContext using constructor [public org.springframework.test.context.support.DefaultBootstrapContext(java.lang.Class,org.springframework.test.context.CacheAwareContextLoaderDelegate)]
23:42:48.079 [main] DEBUG org.springframework.test.context.BootstrapUtils - Instantiating TestContextBootstrapper for test class [edu.tamu.iiif.service.dspace.DSpaceSequenceManifestServiceTest] from class [org.springframework.test.context.support.DefaultTestContextBootstrapper]
23:42:48.079 [main] INFO org.springframework.test.context.support.DefaultTestContextBootstrapper - Neither @ContextConfiguration nor @ContextHierarchy found for test class [edu.tamu.iiif.service.dspace.DSpaceSequenceManifestServiceTest], using DelegatingSmartContextLoader
23:42:48.080 [main] DEBUG org.springframework.test.context.support.AbstractDelegatingSmartContextLoader - Delegating to GenericXmlContextLoader to process context configuration [ContextConfigurationAttributes@3db972d2 declaringClass = 'edu.tamu.iiif.service.dspace.DSpaceSequenceManifestServiceTest', classes = '{}', locations = '{}', inheritLocations = false, initializers = '{}', inheritInitializers = true, name = [null], contextLoaderClass = 'org.springframework.test.context.ContextLoader'].
23:42:48.081 [main] DEBUG org.springframework.test.context.support.AbstractContextLoader - Did not detect default resource location for test class [edu.tamu.iiif.service.dspace.DSpaceSequenceManifestServiceTest]: class path resource [edu/tamu/iiif/service/dspace/DSpaceSequenceManifestServiceTest-context.xml] does not exist
23:42:48.081 [main] INFO org.springframework.test.context.support.AbstractContextLoader - Could not detect default resource locations for test class [edu.tamu.iiif.service.dspace.DSpaceSequenceManifestServiceTest]: no resource found for suffixes {-context.xml}.
23:42:48.081 [main] DEBUG org.springframework.test.context.support.AbstractDelegatingSmartContextLoader - Delegating to AnnotationConfigContextLoader to process context configuration [ContextConfigurationAttributes@3db972d2 declaringClass = 'edu.tamu.iiif.service.dspace.DSpaceSequenceManifestServiceTest', classes = '{}', locations = '{}', inheritLocations = false, initializers = '{}', inheritInitializers = true, name = [null], contextLoaderClass = 'org.springframework.test.context.ContextLoader'].
23:42:48.081 [main] INFO org.springframework.test.context.support.AnnotationConfigContextLoaderUtils - Could not detect default configuration classes for test class [edu.tamu.iiif.service.dspace.DSpaceSequenceManifestServiceTest]: DSpaceSequenceManifestServiceTest does not declare any static, non-private, non-final, nested classes annotated with @Configuration.
23:42:48.087 [main] DEBUG org.springframework.test.context.support.ActiveProfilesUtils - Could not find an 'annotation declaring class' for annotation type [org.springframework.test.context.ActiveProfiles] and class [edu.tamu.iiif.service.dspace.DSpaceSequenceManifestServiceTest]
23:42:48.088 [main] DEBUG org.springframework.test.context.support.DefaultTestContextBootstrapper - @TestExecutionListeners is not present for class [edu.tamu.iiif.service.dspace.DSpaceSequenceManifestServiceTest]: using defaults.
23:42:48.091 [main] INFO org.springframework.test.context.support.DefaultTestContextBootstrapper - Loaded default TestExecutionListener class names from location [META-INF/spring.factories]: [org.springframework.boot.test.mock.mockito.MockitoTestExecutionListener, org.springframework.boot.test.mock.mockito.ResetMocksTestExecutionListener, org.springframework.boot.test.autoconfigure.restdocs.RestDocsTestExecutionListener, org.springframework.boot.test.autoconfigure.web.client.MockRestServiceServerResetTestExecutionListener, org.springframework.boot.test.autoconfigure.web.servlet.MockMvcPrintOnlyOnFailureTestExecutionListener, org.springframework.boot.test.autoconfigure.web.servlet.WebDriverTestExecutionListener, org.springframework.test.context.web.ServletTestExecutionListener, org.springframework.test.context.support.DirtiesContextBeforeModesTestExecutionListener, org.springframework.test.context.support.DependencyInjectionTestExecutionListener, org.springframework.test.context.support.DirtiesContextTestExecutionListener, org.springframework.test.context.transaction.TransactionalTestExecutionListener, org.springframework.test.context.jdbc.SqlScriptsTestExecutionListener]
23:42:48.092 [main] INFO org.springframework.test.context.support.DefaultTestContextBootstrapper - Using TestExecutionListeners: [org.springframework.test.context.web.ServletTestExecutionListener@459b187a, org.springframework.test.context.support.DirtiesContextBeforeModesTestExecutionListener@6b4283c4, org.springframework.test.context.support.DependencyInjectionTestExecutionListener@d0865a3, org.springframework.test.context.support.DirtiesContextTestExecutionListener@636bbbbb, org.springframework.test.context.transaction.TransactionalTestExecutionListener@7eae3764, org.springframework.test.context.jdbc.SqlScriptsTestExecutionListener@10dc7d6, org.springframework.boot.test.mock.mockito.ResetMocksTestExecutionListener@4f668f29, org.springframework.boot.test.autoconfigure.web.servlet.WebDriverTestExecutionListener@716e431d, org.springframework.boot.test.autoconfigure.restdocs.RestDocsTestExecutionListener@7e744f43, org.springframework.boot.test.mock.mockito.MockitoTestExecutionListener@11a8042c, org.springframework.boot.test.autoconfigure.web.servlet.MockMvcPrintOnlyOnFailureTestExecutionListener@6a4ccef7, org.springframework.boot.test.autoconfigure.web.client.MockRestServiceServerResetTestExecutionListener@69391e08]
23:42:48.097 [main] DEBUG org.springframework.test.context.junit4.SpringJUnit4ClassRunner - SpringJUnit4ClassRunner constructor called with [class edu.tamu.iiif.service.HttpServiceTest]
23:42:48.098 [main] DEBUG org.springframework.test.context.BootstrapUtils - Instantiating CacheAwareContextLoaderDelegate from class [org.springframework.test.context.cache.DefaultCacheAwareContextLoaderDelegate]
23:42:48.098 [main] DEBUG org.springframework.test.context.BootstrapUtils - Instantiating BootstrapContext using constructor [public org.springframework.test.context.support.DefaultBootstrapContext(java.lang.Class,org.springframework.test.context.CacheAwareContextLoaderDelegate)]
23:42:48.098 [main] DEBUG org.springframework.test.context.BootstrapUtils - Instantiating TestContextBootstrapper for test class [edu.tamu.iiif.service.HttpServiceTest] from class [org.springframework.test.context.support.DefaultTestContextBootstrapper]
23:42:48.099 [main] INFO org.springframework.test.context.support.DefaultTestContextBootstrapper - Neither @ContextConfiguration nor @ContextHierarchy found for test class [edu.tamu.iiif.service.HttpServiceTest], using DelegatingSmartContextLoader
23:42:48.100 [main] DEBUG org.springframework.test.context.support.AbstractDelegatingSmartContextLoader - Delegating to GenericXmlContextLoader to process context configuration [ContextConfigurationAttributes@67efd2c2 declaringClass = 'edu.tamu.iiif.service.HttpServiceTest', classes = '{}', locations = '{}', inheritLocations = false, initializers = '{}', inheritInitializers = true, name = [null], contextLoaderClass = 'org.springframework.test.context.ContextLoader'].
23:42:48.101 [main] DEBUG org.springframework.test.context.support.AbstractContextLoader - Did not detect default resource location for test class [edu.tamu.iiif.service.HttpServiceTest]: class path resource [edu/tamu/iiif/service/HttpServiceTest-context.xml] does not exist
23:42:48.101 [main] INFO org.springframework.test.context.support.AbstractContextLoader - Could not detect default resource locations for test class [edu.tamu.iiif.service.HttpServiceTest]: no resource found for suffixes {-context.xml}.
23:42:48.102 [main] DEBUG org.springframework.test.context.support.AbstractDelegatingSmartContextLoader - Delegating to AnnotationConfigContextLoader to process context configuration [ContextConfigurationAttributes@67efd2c2 declaringClass = 'edu.tamu.iiif.service.HttpServiceTest', classes = '{}', locations = '{}', inheritLocations = false, initializers = '{}', inheritInitializers = true, name = [null], contextLoaderClass = 'org.springframework.test.context.ContextLoader'].
23:42:48.102 [main] INFO org.springframework.test.context.support.AnnotationConfigContextLoaderUtils - Could not detect default configuration classes for test class [edu.tamu.iiif.service.HttpServiceTest]: HttpServiceTest does not declare any static, non-private, non-final, nested classes annotated with @Configuration.
23:42:48.107 [main] DEBUG org.springframework.test.context.support.ActiveProfilesUtils - Could not find an 'annotation declaring class' for annotation type [org.springframework.test.context.ActiveProfiles] and class [edu.tamu.iiif.service.HttpServiceTest]
23:42:48.108 [main] DEBUG org.springframework.test.context.support.DefaultTestContextBootstrapper - @TestExecutionListeners is not present for class [edu.tamu.iiif.service.HttpServiceTest]: using defaults.
23:42:48.111 [main] INFO org.springframework.test.context.support.DefaultTestContextBootstrapper - Loaded default TestExecutionListener class names from location [META-INF/spring.factories]: [org.springframework.boot.test.mock.mockito.MockitoTestExecutionListener, org.springframework.boot.test.mock.mockito.ResetMocksTestExecutionListener, org.springframework.boot.test.autoconfigure.restdocs.RestDocsTestExecutionListener, org.springframework.boot.test.autoconfigure.web.client.MockRestServiceServerResetTestExecutionListener, org.springframework.boot.test.autoconfigure.web.servlet.MockMvcPrintOnlyOnFailureTestExecutionListener, org.springframework.boot.test.autoconfigure.web.servlet.WebDriverTestExecutionListener, org.springframework.test.context.web.ServletTestExecutionListener, org.springframework.test.context.support.DirtiesContextBeforeModesTestExecutionListener, org.springframework.test.context.support.DependencyInjectionTestExecutionListener, org.springframework.test.context.support.DirtiesContextTestExecutionListener, org.springframework.test.context.transaction.TransactionalTestExecutionListener, org.springframework.test.context.jdbc.SqlScriptsTestExecutionListener]
23:42:48.113 [main] INFO org.springframework.test.context.support.DefaultTestContextBootstrapper - Using TestExecutionListeners: [org.springframework.test.context.web.ServletTestExecutionListener@9fc9f91, org.springframework.test.context.support.DirtiesContextBeforeModesTestExecutionListener@1fac1d5c, org.springframework.test.context.support.DependencyInjectionTestExecutionListener@108a46d6, org.springframework.test.context.support.DirtiesContextTestExecutionListener@7a8406c2, org.springframework.test.context.transaction.TransactionalTestExecutionListener@17690e14, org.springframework.test.context.jdbc.SqlScriptsTestExecutionListener@6850b758, org.springframework.boot.test.mock.mockito.ResetMocksTestExecutionListener@2a2ef072, org.springframework.boot.test.autoconfigure.web.servlet.WebDriverTestExecutionListener@704641e3, org.springframework.boot.test.autoconfigure.restdocs.RestDocsTestExecutionListener@2f00f851, org.springframework.boot.test.mock.mockito.MockitoTestExecutionListener@4207609e, org.springframework.boot.test.autoconfigure.web.servlet.MockMvcPrintOnlyOnFailureTestExecutionListener@1f77b5cc, org.springframework.boot.test.autoconfigure.web.client.MockRestServiceServerResetTestExecutionListener@5d7ca698]
23:42:48.144 [main] DEBUG org.springframework.test.context.junit4.SpringJUnit4ClassRunner - SpringJUnit4ClassRunner constructor called with [class edu.tamu.iiif.controller.fedora.FedoraSequenceManifestControllerTest]
23:42:48.145 [main] DEBUG org.springframework.test.context.BootstrapUtils - Instantiating CacheAwareContextLoaderDelegate from class [org.springframework.test.context.cache.DefaultCacheAwareContextLoaderDelegate]
23:42:48.145 [main] DEBUG org.springframework.test.context.BootstrapUtils - Instantiating BootstrapContext using constructor [public org.springframework.test.context.support.DefaultBootstrapContext(java.lang.Class,org.springframework.test.context.CacheAwareContextLoaderDelegate)]
23:42:48.155 [main] DEBUG org.springframework.test.context.BootstrapUtils - Instantiating TestContextBootstrapper for test class [edu.tamu.iiif.controller.fedora.FedoraSequenceManifestControllerTest] from class [org.springframework.boot.test.autoconfigure.web.servlet.WebMvcTestContextBootstrapper]
23:42:48.184 [main] INFO org.springframework.boot.test.autoconfigure.web.servlet.WebMvcTestContextBootstrapper - Neither @ContextConfiguration nor @ContextHierarchy found for test class [edu.tamu.iiif.controller.fedora.FedoraSequenceManifestControllerTest], using SpringBootContextLoader
23:42:48.187 [main] DEBUG org.springframework.test.context.support.AbstractContextLoader - Did not detect default resource location for test class [edu.tamu.iiif.controller.fedora.FedoraSequenceManifestControllerTest]: class path resource [edu/tamu/iiif/controller/fedora/FedoraSequenceManifestControllerTest-context.xml] does not exist
23:42:48.187 [main] DEBUG org.springframework.test.context.support.AbstractContextLoader - Did not detect default resource location for test class [edu.tamu.iiif.controller.fedora.FedoraSequenceManifestControllerTest]: class path resource [edu/tamu/iiif/controller/fedora/FedoraSequenceManifestControllerTestContext.groovy] does not exist
23:42:48.188 [main] INFO org.springframework.test.context.support.AbstractContextLoader - Could not detect default resource locations for test class [edu.tamu.iiif.controller.fedora.FedoraSequenceManifestControllerTest]: no resource found for suffixes {-context.xml, Context.groovy}.
23:42:48.188 [main] INFO org.springframework.test.context.support.AnnotationConfigContextLoaderUtils - Could not detect default configuration classes for test class [edu.tamu.iiif.controller.fedora.FedoraSequenceManifestControllerTest]: FedoraSequenceManifestControllerTest does not declare any static, non-private, non-final, nested classes annotated with @Configuration.
23:42:48.284 [main] DEBUG org.springframework.test.context.support.ActiveProfilesUtils - Could not find an 'annotation declaring class' for annotation type [org.springframework.test.context.ActiveProfiles] and class [edu.tamu.iiif.controller.fedora.FedoraSequenceManifestControllerTest]
23:42:48.300 [main] DEBUG org.springframework.core.env.StandardEnvironment - Adding [systemProperties] PropertySource with lowest search precedence
23:42:48.301 [main] DEBUG org.springframework.core.env.StandardEnvironment - Adding [systemEnvironment] PropertySource with lowest search precedence
23:42:48.302 [main] DEBUG org.springframework.core.env.StandardEnvironment - Initialized StandardEnvironment with PropertySources [systemProperties,systemEnvironment]
23:42:48.322 [main] DEBUG org.springframework.core.io.support.PathMatchingResourcePatternResolver - Resolved classpath location [edu/tamu/iiif/controller/fedora/] to resources [URL [file:/root/workspace/TAMULib/IRIIIFService/388494172/target/test-classes/edu/tamu/iiif/controller/fedora/], URL [file:/root/workspace/TAMULib/IRIIIFService/388494172/target/classes/edu/tamu/iiif/controller/fedora/]]
23:42:48.323 [main] DEBUG org.springframework.core.io.support.PathMatchingResourcePatternResolver - Looking for matching resources in directory tree [/root/workspace/TAMULib/IRIIIFService/388494172/target/test-classes/edu/tamu/iiif/controller/fedora]
23:42:48.323 [main] DEBUG org.springframework.core.io.support.PathMatchingResourcePatternResolver - Searching directory [/root/workspace/TAMULib/IRIIIFService/388494172/target/test-classes/edu/tamu/iiif/controller/fedora] for files matching pattern [/root/workspace/TAMULib/IRIIIFService/388494172/target/test-classes/edu/tamu/iiif/controller/fedora/*.class]
23:42:48.329 [main] DEBUG org.springframework.core.io.support.PathMatchingResourcePatternResolver - Looking for matching resources in directory tree [/root/workspace/TAMULib/IRIIIFService/388494172/target/classes/edu/tamu/iiif/controller/fedora]
23:42:48.330 [main] DEBUG org.springframework.core.io.support.PathMatchingResourcePatternResolver - Searching directory [/root/workspace/TAMULib/IRIIIFService/388494172/target/classes/edu/tamu/iiif/controller/fedora] for files matching pattern [/root/workspace/TAMULib/IRIIIFService/388494172/target/classes/edu/tamu/iiif/controller/fedora/*.class]
23:42:48.331 [main] DEBUG org.springframework.core.io.support.PathMatchingResourcePatternResolver - Resolved location pattern [classpath*:edu/tamu/iiif/controller/fedora/*.class] to resources [file [/root/workspace/TAMULib/IRIIIFService/388494172/target/test-classes/edu/tamu/iiif/controller/fedora/FedoraCanvasManifestControllerTest.class], file [/root/workspace/TAMULib/IRIIIFService/388494172/target/test-classes/edu/tamu/iiif/controller/fedora/FedoraCollectionManifestControllerTest.class], file [/root/workspace/TAMULib/IRIIIFService/388494172/target/test-classes/edu/tamu/iiif/controller/fedora/FedoraImageManifestControllerTest.class], file [/root/workspace/TAMULib/IRIIIFService/388494172/target/test-classes/edu/tamu/iiif/controller/fedora/FedoraPresentationManifestControllerTest.class], file [/root/workspace/TAMULib/IRIIIFService/388494172/target/test-classes/edu/tamu/iiif/controller/fedora/FedoraSequenceManifestControllerTest.class], file [/root/workspace/TAMULib/IRIIIFService/388494172/target/classes/edu/tamu/iiif/controller/fedora/FedoraCanvasManifestController.class], file [/root/workspace/TAMULib/IRIIIFService/388494172/target/classes/edu/tamu/iiif/controller/fedora/FedoraCollectionManifestController.class], file [/root/workspace/TAMULib/IRIIIFService/388494172/target/classes/edu/tamu/iiif/controller/fedora/FedoraImageManifestController.class], file [/root/workspace/TAMULib/IRIIIFService/388494172/target/classes/edu/tamu/iiif/controller/fedora/FedoraPresentationManifestController.class], file [/root/workspace/TAMULib/IRIIIFService/388494172/target/classes/edu/tamu/iiif/controller/fedora/FedoraSequenceManifestController.class]]
23:42:48.432 [main] DEBUG org.springframework.core.io.support.PathMatchingResourcePatternResolver - Resolved classpath location [edu/tamu/iiif/controller/] to resources [URL [file:/root/workspace/TAMULib/IRIIIFService/388494172/target/test-classes/edu/tamu/iiif/controller/], URL [file:/root/workspace/TAMULib/IRIIIFService/388494172/target/classes/edu/tamu/iiif/controller/]]
23:42:48.433 [main] DEBUG org.springframework.core.io.support.PathMatchingResourcePatternResolver - Looking for matching resources in directory tree [/root/workspace/TAMULib/IRIIIFService/388494172/target/test-classes/edu/tamu/iiif/controller]
23:42:48.433 [main] DEBUG org.springframework.core.io.support.PathMatchingResourcePatternResolver - Searching directory [/root/workspace/TAMULib/IRIIIFService/388494172/target/test-classes/edu/tamu/iiif/controller] for files matching pattern [/root/workspace/TAMULib/IRIIIFService/388494172/target/test-classes/edu/tamu/iiif/controller/*.class]
23:42:48.434 [main] DEBUG org.springframework.core.io.support.PathMatchingResourcePatternResolver - Looking for matching resources in directory tree [/root/workspace/TAMULib/IRIIIFService/388494172/target/classes/edu/tamu/iiif/controller]
23:42:48.434 [main] DEBUG org.springframework.core.io.support.PathMatchingResourcePatternResolver - Searching directory [/root/workspace/TAMULib/IRIIIFService/388494172/target/classes/edu/tamu/iiif/controller] for files matching pattern [/root/workspace/TAMULib/IRIIIFService/388494172/target/classes/edu/tamu/iiif/controller/*.class]
23:42:48.435 [main] DEBUG org.springframework.core.io.support.PathMatchingResourcePatternResolver - Resolved location pattern [classpath*:edu/tamu/iiif/controller/*.class] to resources [file [/root/workspace/TAMULib/IRIIIFService/388494172/target/test-classes/edu/tamu/iiif/controller/AbstractManifestControllerTest.class], file [/root/workspace/TAMULib/IRIIIFService/388494172/target/test-classes/edu/tamu/iiif/controller/ManifestControllerTest.class], file [/root/workspace/TAMULib/IRIIIFService/388494172/target/classes/edu/tamu/iiif/controller/AbstractManifestController.class]]
23:42:48.437 [main] DEBUG org.springframework.core.io.support.PathMatchingResourcePatternResolver - Resolved classpath location [edu/tamu/iiif/] to resources [URL [file:/root/workspace/TAMULib/IRIIIFService/388494172/target/test-classes/edu/tamu/iiif/], URL [file:/root/workspace/TAMULib/IRIIIFService/388494172/target/classes/edu/tamu/iiif/]]
23:42:48.437 [main] DEBUG org.springframework.core.io.support.PathMatchingResourcePatternResolver - Looking for matching resources in directory tree [/root/workspace/TAMULib/IRIIIFService/388494172/target/test-classes/edu/tamu/iiif]
23:42:48.438 [main] DEBUG org.springframework.core.io.support.PathMatchingResourcePatternResolver - Searching directory [/root/workspace/TAMULib/IRIIIFService/388494172/target/test-classes/edu/tamu/iiif] for files matching pattern [/root/workspace/TAMULib/IRIIIFService/388494172/target/test-classes/edu/tamu/iiif/*.class]
23:42:48.439 [main] DEBUG org.springframework.core.io.support.PathMatchingResourcePatternResolver - Looking for matching resources in directory tree [/root/workspace/TAMULib/IRIIIFService/388494172/target/classes/edu/tamu/iiif]
23:42:48.439 [main] DEBUG org.springframework.core.io.support.PathMatchingResourcePatternResolver - Searching directory [/root/workspace/TAMULib/IRIIIFService/388494172/target/classes/edu/tamu/iiif] for files matching pattern [/root/workspace/TAMULib/IRIIIFService/388494172/target/classes/edu/tamu/iiif/*.class]
23:42:48.441 [main] DEBUG org.springframework.core.io.support.PathMatchingResourcePatternResolver - Resolved location pattern [classpath*:edu/tamu/iiif/*.class] to resources [file [/root/workspace/TAMULib/IRIIIFService/388494172/target/test-classes/edu/tamu/iiif/IrIiifServiceTest.class], file [/root/workspace/TAMULib/IRIIIFService/388494172/target/classes/edu/tamu/iiif/IrIiifService.class]]
23:42:48.481 [main] DEBUG org.springframework.context.annotation.ClassPathScanningCandidateComponentProvider - Identified candidate component class: file [/root/workspace/TAMULib/IRIIIFService/388494172/target/classes/edu/tamu/iiif/IrIiifService.class]
23:42:48.482 [main] INFO org.springframework.boot.test.context.SpringBootTestContextBootstrapper - Found @SpringBootConfiguration edu.tamu.iiif.IrIiifService for test class edu.tamu.iiif.controller.fedora.FedoraSequenceManifestControllerTest
23:42:48.487 [main] DEBUG org.springframework.boot.test.autoconfigure.web.servlet.WebMvcTestContextBootstrapper - @TestExecutionListeners is not present for class [edu.tamu.iiif.controller.fedora.FedoraSequenceManifestControllerTest]: using defaults.
23:42:48.491 [main] INFO org.springframework.boot.test.autoconfigure.web.servlet.WebMvcTestContextBootstrapper - Loaded default TestExecutionListener class names from location [META-INF/spring.factories]: [org.springframework.boot.test.mock.mockito.MockitoTestExecutionListener, org.springframework.boot.test.mock.mockito.ResetMocksTestExecutionListener, org.springframework.boot.test.autoconfigure.restdocs.RestDocsTestExecutionListener, org.springframework.boot.test.autoconfigure.web.client.MockRestServiceServerResetTestExecutionListener, org.springframework.boot.test.autoconfigure.web.servlet.MockMvcPrintOnlyOnFailureTestExecutionListener, org.springframework.boot.test.autoconfigure.web.servlet.WebDriverTestExecutionListener, org.springframework.test.context.web.ServletTestExecutionListener, org.springframework.test.context.support.DirtiesContextBeforeModesTestExecutionListener, org.springframework.test.context.support.DependencyInjectionTestExecutionListener, org.springframework.test.context.support.DirtiesContextTestExecutionListener, org.springframework.test.context.transaction.TransactionalTestExecutionListener, org.springframework.test.context.jdbc.SqlScriptsTestExecutionListener]
23:42:48.498 [main] INFO org.springframework.boot.test.autoconfigure.web.servlet.WebMvcTestContextBootstrapper - Using TestExecutionListeners: [org.springframework.test.context.web.ServletTestExecutionListener@7ce29a2d, org.springframework.test.context.support.DirtiesContextBeforeModesTestExecutionListener@457a5b2d, org.springframework.boot.test.autoconfigure.SpringBootDependencyInjectionTestExecutionListener@79d7035, org.springframework.test.context.support.DirtiesContextTestExecutionListener@372461a9, org.springframework.test.context.transaction.TransactionalTestExecutionListener@5fffb692, org.springframework.test.context.jdbc.SqlScriptsTestExecutionListener@48cb2d73, org.springframework.boot.test.mock.mockito.ResetMocksTestExecutionListener@243bf087, org.springframework.boot.test.autoconfigure.web.servlet.WebDriverTestExecutionListener@3086f480, org.springframework.boot.test.autoconfigure.restdocs.RestDocsTestExecutionListener@126f8f24, org.springframework.boot.test.mock.mockito.MockitoTestExecutionListener@35e98af, org.springframework.boot.test.autoconfigure.web.servlet.MockMvcPrintOnlyOnFailureTestExecutionListener@781aff8b, org.springframework.boot.test.autoconfigure.web.client.MockRestServiceServerResetTestExecutionListener@7fbf26fc]
23:42:48.499 [main] DEBUG org.springframework.test.context.junit4.SpringJUnit4ClassRunner - SpringJUnit4ClassRunner constructor called with [class edu.tamu.iiif.controller.fedora.FedoraImageManifestControllerTest]
23:42:48.500 [main] DEBUG org.springframework.test.context.BootstrapUtils - Instantiating CacheAwareContextLoaderDelegate from class [org.springframework.test.context.cache.DefaultCacheAwareContextLoaderDelegate]
23:42:48.500 [main] DEBUG org.springframework.test.context.BootstrapUtils - Instantiating BootstrapContext using constructor [public org.springframework.test.context.support.DefaultBootstrapContext(java.lang.Class,org.springframework.test.context.CacheAwareContextLoaderDelegate)]
23:42:48.500 [main] DEBUG org.springframework.test.context.BootstrapUtils - Instantiating TestContextBootstrapper for test class [edu.tamu.iiif.controller.fedora.FedoraImageManifestControllerTest] from class [org.springframework.boot.test.autoconfigure.web.servlet.WebMvcTestContextBootstrapper]
23:42:48.502 [main] INFO org.springframework.boot.test.autoconfigure.web.servlet.WebMvcTestContextBootstrapper - Neither @ContextConfiguration nor @ContextHierarchy found for test class [edu.tamu.iiif.controller.fedora.FedoraImageManifestControllerTest], using SpringBootContextLoader
23:42:48.503 [main] DEBUG org.springframework.test.context.support.AbstractContextLoader - Did not detect default resource location for test class [edu.tamu.iiif.controller.fedora.FedoraImageManifestControllerTest]: class path resource [edu/tamu/iiif/controller/fedora/FedoraImageManifestControllerTest-context.xml] does not exist
23:42:48.504 [main] DEBUG org.springframework.test.context.support.AbstractContextLoader - Did not detect default resource location for test class [edu.tamu.iiif.controller.fedora.FedoraImageManifestControllerTest]: class path resource [edu/tamu/iiif/controller/fedora/FedoraImageManifestControllerTestContext.groovy] does not exist
23:42:48.504 [main] INFO org.springframework.test.context.support.AbstractContextLoader - Could not detect default resource locations for test class [edu.tamu.iiif.controller.fedora.FedoraImageManifestControllerTest]: no resource found for suffixes {-context.xml, Context.groovy}.
23:42:48.504 [main] INFO org.springframework.test.context.support.AnnotationConfigContextLoaderUtils - Could not detect default configuration classes for test class [edu.tamu.iiif.controller.fedora.FedoraImageManifestControllerTest]: FedoraImageManifestControllerTest does not declare any static, non-private, non-final, nested classes annotated with @Configuration.
23:42:48.535 [main] DEBUG org.springframework.test.context.support.ActiveProfilesUtils - Could not find an 'annotation declaring class' for annotation type [org.springframework.test.context.ActiveProfiles] and class [edu.tamu.iiif.controller.fedora.FedoraImageManifestControllerTest]
23:42:48.535 [main] DEBUG org.springframework.core.env.StandardEnvironment - Adding [systemProperties] PropertySource with lowest search precedence
23:42:48.535 [main] DEBUG org.springframework.core.env.StandardEnvironment - Adding [systemEnvironment] PropertySource with lowest search precedence
23:42:48.535 [main] DEBUG org.springframework.core.env.StandardEnvironment - Initialized StandardEnvironment with PropertySources [systemProperties,systemEnvironment]
23:42:48.536 [main] INFO org.springframework.boot.test.context.SpringBootTestContextBootstrapper - Found @SpringBootConfiguration edu.tamu.iiif.IrIiifService for test class edu.tamu.iiif.controller.fedora.FedoraImageManifestControllerTest
23:42:48.539 [main] DEBUG org.springframework.boot.test.autoconfigure.web.servlet.WebMvcTestContextBootstrapper - @TestExecutionListeners is not present for class [edu.tamu.iiif.controller.fedora.FedoraImageManifestControllerTest]: using defaults.
23:42:48.542 [main] INFO org.springframework.boot.test.autoconfigure.web.servlet.WebMvcTestContextBootstrapper - Loaded default TestExecutionListener class names from location [META-INF/spring.factories]: [org.springframework.boot.test.mock.mockito.MockitoTestExecutionListener, org.springframework.boot.test.mock.mockito.ResetMocksTestExecutionListener, org.springframework.boot.test.autoconfigure.restdocs.RestDocsTestExecutionListener, org.springframework.boot.test.autoconfigure.web.client.MockRestServiceServerResetTestExecutionListener, org.springframework.boot.test.autoconfigure.web.servlet.MockMvcPrintOnlyOnFailureTestExecutionListener, org.springframework.boot.test.autoconfigure.web.servlet.WebDriverTestExecutionListener, org.springframework.test.context.web.ServletTestExecutionListener, org.springframework.test.context.support.DirtiesContextBeforeModesTestExecutionListener, org.springframework.test.context.support.DependencyInjectionTestExecutionListener, org.springframework.test.context.support.DirtiesContextTestExecutionListener, org.springframework.test.context.transaction.TransactionalTestExecutionListener, org.springframework.test.context.jdbc.SqlScriptsTestExecutionListener]
23:42:48.546 [main] INFO org.springframework.boot.test.autoconfigure.web.servlet.WebMvcTestContextBootstrapper - Using TestExecutionListeners: [org.springframework.test.context.web.ServletTestExecutionListener@217dc48e, org.springframework.test.context.support.DirtiesContextBeforeModesTestExecutionListener@5db948c9, org.springframework.boot.test.autoconfigure.SpringBootDependencyInjectionTestExecutionListener@296edc75, org.springframework.test.context.support.DirtiesContextTestExecutionListener@357c9bd9, org.springframework.test.context.transaction.TransactionalTestExecutionListener@7aea704c, org.springframework.test.context.jdbc.SqlScriptsTestExecutionListener@6d0290d8, org.springframework.boot.test.mock.mockito.ResetMocksTestExecutionListener@32507479, org.springframework.boot.test.autoconfigure.web.servlet.WebDriverTestExecutionListener@632383b9, org.springframework.boot.test.autoconfigure.restdocs.RestDocsTestExecutionListener@4ae2e781, org.springframework.boot.test.mock.mockito.MockitoTestExecutionListener@339f3a55, org.springframework.boot.test.autoconfigure.web.servlet.MockMvcPrintOnlyOnFailureTestExecutionListener@2dd63e3, org.springframework.boot.test.autoconfigure.web.client.MockRestServiceServerResetTestExecutionListener@7d1c164a]
23:42:48.547 [main] DEBUG org.springframework.test.context.junit4.SpringJUnit4ClassRunner - SpringJUnit4ClassRunner constructor called with [class edu.tamu.iiif.controller.fedora.FedoraCollectionManifestControllerTest]
23:42:48.547 [main] DEBUG org.springframework.test.context.BootstrapUtils - Instantiating CacheAwareContextLoaderDelegate from class [org.springframework.test.context.cache.DefaultCacheAwareContextLoaderDelegate]
23:42:48.548 [main] DEBUG org.springframework.test.context.BootstrapUtils - Instantiating BootstrapContext using constructor [public org.springframework.test.context.support.DefaultBootstrapContext(java.lang.Class,org.springframework.test.context.CacheAwareContextLoaderDelegate)]
23:42:48.548 [main] DEBUG org.springframework.test.context.BootstrapUtils - Instantiating TestContextBootstrapper for test class [edu.tamu.iiif.controller.fedora.FedoraCollectionManifestControllerTest] from class [org.springframework.boot.test.autoconfigure.web.servlet.WebMvcTestContextBootstrapper]
23:42:48.549 [main] INFO org.springframework.boot.test.autoconfigure.web.servlet.WebMvcTestContextBootstrapper - Neither @ContextConfiguration nor @ContextHierarchy found for test class [edu.tamu.iiif.controller.fedora.FedoraCollectionManifestControllerTest], using SpringBootContextLoader
23:42:48.551 [main] DEBUG org.springframework.test.context.support.AbstractContextLoader - Did not detect default resource location for test class [edu.tamu.iiif.controller.fedora.FedoraCollectionManifestControllerTest]: class path resource [edu/tamu/iiif/controller/fedora/FedoraCollectionManifestControllerTest-context.xml] does not exist
23:42:48.551 [main] DEBUG org.springframework.test.context.support.AbstractContextLoader - Did not detect default resource location for test class [edu.tamu.iiif.controller.fedora.FedoraCollectionManifestControllerTest]: class path resource [edu/tamu/iiif/controller/fedora/FedoraCollectionManifestControllerTestContext.groovy] does not exist
23:42:48.551 [main] INFO org.springframework.test.context.support.AbstractContextLoader - Could not detect default resource locations for test class [edu.tamu.iiif.controller.fedora.FedoraCollectionManifestControllerTest]: no resource found for suffixes {-context.xml, Context.groovy}.
23:42:48.551 [main] INFO org.springframework.test.context.support.AnnotationConfigContextLoaderUtils - Could not detect default configuration classes for test class [edu.tamu.iiif.controller.fedora.FedoraCollectionManifestControllerTest]: FedoraCollectionManifestControllerTest does not declare any static, non-private, non-final, nested classes annotated with @Configuration.
23:42:48.579 [main] DEBUG org.springframework.test.context.support.ActiveProfilesUtils - Could not find an 'annotation declaring class' for annotation type [org.springframework.test.context.ActiveProfiles] and class [edu.tamu.iiif.controller.fedora.FedoraCollectionManifestControllerTest]
23:42:48.579 [main] DEBUG org.springframework.core.env.StandardEnvironment - Adding [systemProperties] PropertySource with lowest search precedence
23:42:48.579 [main] DEBUG org.springframework.core.env.StandardEnvironment - Adding [systemEnvironment] PropertySource with lowest search precedence
23:42:48.579 [main] DEBUG org.springframework.core.env.StandardEnvironment - Initialized StandardEnvironment with PropertySources [systemProperties,systemEnvironment]
23:42:48.579 [main] INFO org.springframework.boot.test.context.SpringBootTestContextBootstrapper - Found @SpringBootConfiguration edu.tamu.iiif.IrIiifService for test class edu.tamu.iiif.controller.fedora.FedoraCollectionManifestControllerTest
23:42:48.582 [main] DEBUG org.springframework.boot.test.autoconfigure.web.servlet.WebMvcTestContextBootstrapper - @TestExecutionListeners is not present for class [edu.tamu.iiif.controller.fedora.FedoraCollectionManifestControllerTest]: using defaults.
23:42:48.586 [main] INFO org.springframework.boot.test.autoconfigure.web.servlet.WebMvcTestContextBootstrapper - Loaded default TestExecutionListener class names from location [META-INF/spring.factories]: [org.springframework.boot.test.mock.mockito.MockitoTestExecutionListener, org.springframework.boot.test.mock.mockito.ResetMocksTestExecutionListener, org.springframework.boot.test.autoconfigure.restdocs.RestDocsTestExecutionListener, org.springframework.boot.test.autoconfigure.web.client.MockRestServiceServerResetTestExecutionListener, org.springframework.boot.test.autoconfigure.web.servlet.MockMvcPrintOnlyOnFailureTestExecutionListener, org.springframework.boot.test.autoconfigure.web.servlet.WebDriverTestExecutionListener, org.springframework.test.context.web.ServletTestExecutionListener, org.springframework.test.context.support.DirtiesContextBeforeModesTestExecutionListener, org.springframework.test.context.support.DependencyInjectionTestExecutionListener, org.springframework.test.context.support.DirtiesContextTestExecutionListener, org.springframework.test.context.transaction.TransactionalTestExecutionListener, org.springframework.test.context.jdbc.SqlScriptsTestExecutionListener]
23:42:48.589 [main] INFO org.springframework.boot.test.autoconfigure.web.servlet.WebMvcTestContextBootstrapper - Using TestExecutionListeners: [org.springframework.test.context.web.ServletTestExecutionListener@49cb3881, org.springframework.test.context.support.DirtiesContextBeforeModesTestExecutionListener@1a14fdf0, org.springframework.boot.test.autoconfigure.SpringBootDependencyInjectionTestExecutionListener@284bdeed, org.springframework.test.context.support.DirtiesContextTestExecutionListener@58b311ba, org.springframework.test.context.transaction.TransactionalTestExecutionListener@482c351d, org.springframework.test.context.jdbc.SqlScriptsTestExecutionListener@75eaba95, org.springframework.boot.test.mock.mockito.ResetMocksTestExecutionListener@320be73, org.springframework.boot.test.autoconfigure.web.servlet.WebDriverTestExecutionListener@435e416c, org.springframework.boot.test.autoconfigure.restdocs.RestDocsTestExecutionListener@6af310c7, org.springframework.boot.test.mock.mockito.MockitoTestExecutionListener@4aed311e, org.springframework.boot.test.autoconfigure.web.servlet.MockMvcPrintOnlyOnFailureTestExecutionListener@4c38cd16, org.springframework.boot.test.autoconfigure.web.client.MockRestServiceServerResetTestExecutionListener@7ddcb0dc]
23:42:48.590 [main] DEBUG org.springframework.test.context.junit4.SpringJUnit4ClassRunner - SpringJUnit4ClassRunner constructor called with [class edu.tamu.iiif.controller.fedora.FedoraPresentationManifestControllerTest]
23:42:48.591 [main] DEBUG org.springframework.test.context.BootstrapUtils - Instantiating CacheAwareContextLoaderDelegate from class [org.springframework.test.context.cache.DefaultCacheAwareContextLoaderDelegate]
23:42:48.591 [main] DEBUG org.springframework.test.context.BootstrapUtils - Instantiating BootstrapContext using constructor [public org.springframework.test.context.support.DefaultBootstrapContext(java.lang.Class,org.springframework.test.context.CacheAwareContextLoaderDelegate)]
23:42:48.591 [main] DEBUG org.springframework.test.context.BootstrapUtils - Instantiating TestContextBootstrapper for test class [edu.tamu.iiif.controller.fedora.FedoraPresentationManifestControllerTest] from class [org.springframework.boot.test.autoconfigure.web.servlet.WebMvcTestContextBootstrapper]
23:42:48.593 [main] INFO org.springframework.boot.test.autoconfigure.web.servlet.WebMvcTestContextBootstrapper - Neither @ContextConfiguration nor @ContextHierarchy found for test class [edu.tamu.iiif.controller.fedora.FedoraPresentationManifestControllerTest], using SpringBootContextLoader
23:42:48.594 [main] DEBUG org.springframework.test.context.support.AbstractContextLoader - Did not detect default resource location for test class [edu.tamu.iiif.controller.fedora.FedoraPresentationManifestControllerTest]: class path resource [edu/tamu/iiif/controller/fedora/FedoraPresentationManifestControllerTest-context.xml] does not exist
23:42:48.594 [main] DEBUG org.springframework.test.context.support.AbstractContextLoader - Did not detect default resource location for test class [edu.tamu.iiif.controller.fedora.FedoraPresentationManifestControllerTest]: class path resource [edu/tamu/iiif/controller/fedora/FedoraPresentationManifestControllerTestContext.groovy] does not exist
23:42:48.595 [main] INFO org.springframework.test.context.support.AbstractContextLoader - Could not detect default resource locations for test class [edu.tamu.iiif.controller.fedora.FedoraPresentationManifestControllerTest]: no resource found for suffixes {-context.xml, Context.groovy}.
23:42:48.595 [main] INFO org.springframework.test.context.support.AnnotationConfigContextLoaderUtils - Could not detect default configuration classes for test class [edu.tamu.iiif.controller.fedora.FedoraPresentationManifestControllerTest]: FedoraPresentationManifestControllerTest does not declare any static, non-private, non-final, nested classes annotated with @Configuration.
23:42:48.621 [main] DEBUG org.springframework.test.context.support.ActiveProfilesUtils - Could not find an 'annotation declaring class' for annotation type [org.springframework.test.context.ActiveProfiles] and class [edu.tamu.iiif.controller.fedora.FedoraPresentationManifestControllerTest]
23:42:48.622 [main] DEBUG org.springframework.core.env.StandardEnvironment - Adding [systemProperties] PropertySource with lowest search precedence
23:42:48.622 [main] DEBUG org.springframework.core.env.StandardEnvironment - Adding [systemEnvironment] PropertySource with lowest search precedence
23:42:48.622 [main] DEBUG org.springframework.core.env.StandardEnvironment - Initialized StandardEnvironment with PropertySources [systemProperties,systemEnvironment]
23:42:48.622 [main] INFO org.springframework.boot.test.context.SpringBootTestContextBootstrapper - Found @SpringBootConfiguration edu.tamu.iiif.IrIiifService for test class edu.tamu.iiif.controller.fedora.FedoraPresentationManifestControllerTest
23:42:48.625 [main] DEBUG org.springframework.boot.test.autoconfigure.web.servlet.WebMvcTestContextBootstrapper - @TestExecutionListeners is not present for class [edu.tamu.iiif.controller.fedora.FedoraPresentationManifestControllerTest]: using defaults.
23:42:48.628 [main] INFO org.springframework.boot.test.autoconfigure.web.servlet.WebMvcTestContextBootstrapper - Loaded default TestExecutionListener class names from location [META-INF/spring.factories]: [org.springframework.boot.test.mock.mockito.MockitoTestExecutionListener, org.springframework.boot.test.mock.mockito.ResetMocksTestExecutionListener, org.springframework.boot.test.autoconfigure.restdocs.RestDocsTestExecutionListener, org.springframework.boot.test.autoconfigure.web.client.MockRestServiceServerResetTestExecutionListener, org.springframework.boot.test.autoconfigure.web.servlet.MockMvcPrintOnlyOnFailureTestExecutionListener, org.springframework.boot.test.autoconfigure.web.servlet.WebDriverTestExecutionListener, org.springframework.test.context.web.ServletTestExecutionListener, org.springframework.test.context.support.DirtiesContextBeforeModesTestExecutionListener, org.springframework.test.context.support.DependencyInjectionTestExecutionListener, org.springframework.test.context.support.DirtiesContextTestExecutionListener, org.springframework.test.context.transaction.TransactionalTestExecutionListener, org.springframework.test.context.jdbc.SqlScriptsTestExecutionListener]
23:42:48.631 [main] INFO org.springframework.boot.test.autoconfigure.web.servlet.WebMvcTestContextBootstrapper - Using TestExecutionListeners: [org.springframework.test.context.web.ServletTestExecutionListener@367d34c0, org.springframework.test.context.support.DirtiesContextBeforeModesTestExecutionListener@4ce25e47, org.springframework.boot.test.autoconfigure.SpringBootDependencyInjectionTestExecutionListener@6380e9e9, org.springframework.test.context.support.DirtiesContextTestExecutionListener@350da119, org.springframework.test.context.transaction.TransactionalTestExecutionListener@6a09484c, org.springframework.test.context.jdbc.SqlScriptsTestExecutionListener@34c7232c, org.springframework.boot.test.mock.mockito.ResetMocksTestExecutionListener@50ec4bfc, org.springframework.boot.test.autoconfigure.web.servlet.WebDriverTestExecutionListener@8b13d91, org.springframework.boot.test.autoconfigure.restdocs.RestDocsTestExecutionListener@285a4fe3, org.springframework.boot.test.mock.mockito.MockitoTestExecutionListener@2589d787, org.springframework.boot.test.autoconfigure.web.servlet.MockMvcPrintOnlyOnFailureTestExecutionListener@1788cb61, org.springframework.boot.test.autoconfigure.web.client.MockRestServiceServerResetTestExecutionListener@16d431b4]
23:42:48.632 [main] DEBUG org.springframework.test.context.junit4.SpringJUnit4ClassRunner - SpringJUnit4ClassRunner constructor called with [class edu.tamu.iiif.controller.fedora.FedoraCanvasManifestControllerTest]
23:42:48.633 [main] DEBUG org.springframework.test.context.BootstrapUtils - Instantiating CacheAwareContextLoaderDelegate from class [org.springframework.test.context.cache.DefaultCacheAwareContextLoaderDelegate]
23:42:48.633 [main] DEBUG org.springframework.test.context.BootstrapUtils - Instantiating BootstrapContext using constructor [public org.springframework.test.context.support.DefaultBootstrapContext(java.lang.Class,org.springframework.test.context.CacheAwareContextLoaderDelegate)]
23:42:48.634 [main] DEBUG org.springframework.test.context.BootstrapUtils - Instantiating TestContextBootstrapper for test class [edu.tamu.iiif.controller.fedora.FedoraCanvasManifestControllerTest] from class [org.springframework.boot.test.autoconfigure.web.servlet.WebMvcTestContextBootstrapper]
23:42:48.636 [main] INFO org.springframework.boot.test.autoconfigure.web.servlet.WebMvcTestContextBootstrapper - Neither @ContextConfiguration nor @ContextHierarchy found for test class [edu.tamu.iiif.controller.fedora.FedoraCanvasManifestControllerTest], using SpringBootContextLoader
23:42:48.637 [main] DEBUG org.springframework.test.context.support.AbstractContextLoader - Did not detect default resource location for test class [edu.tamu.iiif.controller.fedora.FedoraCanvasManifestControllerTest]: class path resource [edu/tamu/iiif/controller/fedora/FedoraCanvasManifestControllerTest-context.xml] does not exist
23:42:48.638 [main] DEBUG org.springframework.test.context.support.AbstractContextLoader - Did not detect default resource location for test class [edu.tamu.iiif.controller.fedora.FedoraCanvasManifestControllerTest]: class path resource [edu/tamu/iiif/controller/fedora/FedoraCanvasManifestControllerTestContext.groovy] does not exist
23:42:48.638 [main] INFO org.springframework.test.context.support.AbstractContextLoader - Could not detect default resource locations for test class [edu.tamu.iiif.controller.fedora.FedoraCanvasManifestControllerTest]: no resource found for suffixes {-context.xml, Context.groovy}.
23:42:48.638 [main] INFO org.springframework.test.context.support.AnnotationConfigContextLoaderUtils - Could not detect default configuration classes for test class [edu.tamu.iiif.controller.fedora.FedoraCanvasManifestControllerTest]: FedoraCanvasManifestControllerTest does not declare any static, non-private, non-final, nested classes annotated with @Configuration.
23:42:48.666 [main] DEBUG org.springframework.test.context.support.ActiveProfilesUtils - Could not find an 'annotation declaring class' for annotation type [org.springframework.test.context.ActiveProfiles] and class [edu.tamu.iiif.controller.fedora.FedoraCanvasManifestControllerTest]
23:42:48.666 [main] DEBUG org.springframework.core.env.StandardEnvironment - Adding [systemProperties] PropertySource with lowest search precedence
23:42:48.666 [main] DEBUG org.springframework.core.env.StandardEnvironment - Adding [systemEnvironment] PropertySource with lowest search precedence
23:42:48.666 [main] DEBUG org.springframework.core.env.StandardEnvironment - Initialized StandardEnvironment with PropertySources [systemProperties,systemEnvironment]
23:42:48.667 [main] INFO org.springframework.boot.test.context.SpringBootTestContextBootstrapper - Found @SpringBootConfiguration edu.tamu.iiif.IrIiifService for test class edu.tamu.iiif.controller.fedora.FedoraCanvasManifestControllerTest
23:42:48.668 [main] DEBUG org.springframework.boot.test.autoconfigure.web.servlet.WebMvcTestContextBootstrapper - @TestExecutionListeners is not present for class [edu.tamu.iiif.controller.fedora.FedoraCanvasManifestControllerTest]: using defaults.
23:42:48.671 [main] INFO org.springframework.boot.test.autoconfigure.web.servlet.WebMvcTestContextBootstrapper - Loaded default TestExecutionListener class names from location [META-INF/spring.factories]: [org.springframework.boot.test.mock.mockito.MockitoTestExecutionListener, org.springframework.boot.test.mock.mockito.ResetMocksTestExecutionListener, org.springframework.boot.test.autoconfigure.restdocs.RestDocsTestExecutionListener, org.springframework.boot.test.autoconfigure.web.client.MockRestServiceServerResetTestExecutionListener, org.springframework.boot.test.autoconfigure.web.servlet.MockMvcPrintOnlyOnFailureTestExecutionListener, org.springframework.boot.test.autoconfigure.web.servlet.WebDriverTestExecutionListener, org.springframework.test.context.web.ServletTestExecutionListener, org.springframework.test.context.support.DirtiesContextBeforeModesTestExecutionListener, org.springframework.test.context.support.DependencyInjectionTestExecutionListener, org.springframework.test.context.support.DirtiesContextTestExecutionListener, org.springframework.test.context.transaction.TransactionalTestExecutionListener, org.springframework.test.context.jdbc.SqlScriptsTestExecutionListener]
23:42:48.677 [main] INFO org.springframework.boot.test.autoconfigure.web.servlet.WebMvcTestContextBootstrapper - Using TestExecutionListeners: [org.springframework.test.context.web.ServletTestExecutionListener@143fefaf, org.springframework.test.context.support.DirtiesContextBeforeModesTestExecutionListener@18ffca6c, org.springframework.boot.test.autoconfigure.SpringBootDependencyInjectionTestExecutionListener@46468f0, org.springframework.test.context.support.DirtiesContextTestExecutionListener@5f8f1712, org.springframework.test.context.transaction.TransactionalTestExecutionListener@34a6d9db, org.springframework.test.context.jdbc.SqlScriptsTestExecutionListener@52ecc989, org.springframework.boot.test.mock.mockito.ResetMocksTestExecutionListener@756808cc, org.springframework.boot.test.autoconfigure.web.servlet.WebDriverTestExecutionListener@52f8a6f4, org.springframework.boot.test.autoconfigure.restdocs.RestDocsTestExecutionListener@5012c571, org.springframework.boot.test.mock.mockito.MockitoTestExecutionListener@6486fe7b, org.springframework.boot.test.autoconfigure.web.servlet.MockMvcPrintOnlyOnFailureTestExecutionListener@511da44f, org.springframework.boot.test.autoconfigure.web.client.MockRestServiceServerResetTestExecutionListener@4645679e]
23:42:48.678 [main] DEBUG org.springframework.test.context.junit4.SpringJUnit4ClassRunner - SpringJUnit4ClassRunner constructor called with [class edu.tamu.iiif.controller.dspace.DSpacePresentationManifestControllerTest]
23:42:48.679 [main] DEBUG org.springframework.test.context.BootstrapUtils - Instantiating CacheAwareContextLoaderDelegate from class [org.springframework.test.context.cache.DefaultCacheAwareContextLoaderDelegate]
23:42:48.679 [main] DEBUG org.springframework.test.context.BootstrapUtils - Instantiating BootstrapContext using constructor [public org.springframework.test.context.support.DefaultBootstrapContext(java.lang.Class,org.springframework.test.context.CacheAwareContextLoaderDelegate)]
23:42:48.679 [main] DEBUG org.springframework.test.context.BootstrapUtils - Instantiating TestContextBootstrapper for test class [edu.tamu.iiif.controller.dspace.DSpacePresentationManifestControllerTest] from class [org.springframework.boot.test.autoconfigure.web.servlet.WebMvcTestContextBootstrapper]
23:42:48.680 [main] INFO org.springframework.boot.test.autoconfigure.web.servlet.WebMvcTestContextBootstrapper - Neither @ContextConfiguration nor @ContextHierarchy found for test class [edu.tamu.iiif.controller.dspace.DSpacePresentationManifestControllerTest], using SpringBootContextLoader
23:42:48.681 [main] DEBUG org.springframework.test.context.support.AbstractContextLoader - Did not detect default resource location for test class [edu.tamu.iiif.controller.dspace.DSpacePresentationManifestControllerTest]: class path resource [edu/tamu/iiif/controller/dspace/DSpacePresentationManifestControllerTest-context.xml] does not exist
23:42:48.682 [main] DEBUG org.springframework.test.context.support.AbstractContextLoader - Did not detect default resource location for test class [edu.tamu.iiif.controller.dspace.DSpacePresentationManifestControllerTest]: class path resource [edu/tamu/iiif/controller/dspace/DSpacePresentationManifestControllerTestContext.groovy] does not exist
23:42:48.682 [main] INFO org.springframework.test.context.support.AbstractContextLoader - Could not detect default resource locations for test class [edu.tamu.iiif.controller.dspace.DSpacePresentationManifestControllerTest]: no resource found for suffixes {-context.xml, Context.groovy}.
23:42:48.682 [main] INFO org.springframework.test.context.support.AnnotationConfigContextLoaderUtils - Could not detect default configuration classes for test class [edu.tamu.iiif.controller.dspace.DSpacePresentationManifestControllerTest]: DSpacePresentationManifestControllerTest does not declare any static, non-private, non-final, nested classes annotated with @Configuration.
23:42:48.708 [main] DEBUG org.springframework.test.context.support.ActiveProfilesUtils - Could not find an 'annotation declaring class' for annotation type [org.springframework.test.context.ActiveProfiles] and class [edu.tamu.iiif.controller.dspace.DSpacePresentationManifestControllerTest]
23:42:48.708 [main] DEBUG org.springframework.core.env.StandardEnvironment - Adding [systemProperties] PropertySource with lowest search precedence
23:42:48.708 [main] DEBUG org.springframework.core.env.StandardEnvironment - Adding [systemEnvironment] PropertySource with lowest search precedence
23:42:48.708 [main] DEBUG org.springframework.core.env.StandardEnvironment - Initialized StandardEnvironment with PropertySources [systemProperties,systemEnvironment]
23:42:48.709 [main] DEBUG org.springframework.core.io.support.PathMatchingResourcePatternResolver - Resolved classpath location [edu/tamu/iiif/controller/dspace/] to resources [URL [file:/root/workspace/TAMULib/IRIIIFService/388494172/target/test-classes/edu/tamu/iiif/controller/dspace/], URL [file:/root/workspace/TAMULib/IRIIIFService/388494172/target/classes/edu/tamu/iiif/controller/dspace/]]
23:42:48.709 [main] DEBUG org.springframework.core.io.support.PathMatchingResourcePatternResolver - Looking for matching resources in directory tree [/root/workspace/TAMULib/IRIIIFService/388494172/target/test-classes/edu/tamu/iiif/controller/dspace]
23:42:48.710 [main] DEBUG org.springframework.core.io.support.PathMatchingResourcePatternResolver - Searching directory [/root/workspace/TAMULib/IRIIIFService/388494172/target/test-classes/edu/tamu/iiif/controller/dspace] for files matching pattern [/root/workspace/TAMULib/IRIIIFService/388494172/target/test-classes/edu/tamu/iiif/controller/dspace/*.class]
23:42:48.711 [main] DEBUG org.springframework.core.io.support.PathMatchingResourcePatternResolver - Looking for matching resources in directory tree [/root/workspace/TAMULib/IRIIIFService/388494172/target/classes/edu/tamu/iiif/controller/dspace]
23:42:48.711 [main] DEBUG org.springframework.core.io.support.PathMatchingResourcePatternResolver - Searching directory [/root/workspace/TAMULib/IRIIIFService/388494172/target/classes/edu/tamu/iiif/controller/dspace] for files matching pattern [/root/workspace/TAMULib/IRIIIFService/388494172/target/classes/edu/tamu/iiif/controller/dspace/*.class]
23:42:48.712 [main] DEBUG org.springframework.core.io.support.PathMatchingResourcePatternResolver - Resolved location pattern [classpath*:edu/tamu/iiif/controller/dspace/*.class] to resources [file [/root/workspace/TAMULib/IRIIIFService/388494172/target/test-classes/edu/tamu/iiif/controller/dspace/DSpaceCanvasManifestControllerTest.class], file [/root/workspace/TAMULib/IRIIIFService/388494172/target/test-classes/edu/tamu/iiif/controller/dspace/DSpaceCollectionManifestControllerTest.class], file [/root/workspace/TAMULib/IRIIIFService/388494172/target/test-classes/edu/tamu/iiif/controller/dspace/DSpaceImageManifestControllerTest.class], file [/root/workspace/TAMULib/IRIIIFService/388494172/target/test-classes/edu/tamu/iiif/controller/dspace/DSpacePresentationManifestControllerTest.class], file [/root/workspace/TAMULib/IRIIIFService/388494172/target/test-classes/edu/tamu/iiif/controller/dspace/DSpaceSequenceManifestControllerTest.class], file [/root/workspace/TAMULib/IRIIIFService/388494172/target/classes/edu/tamu/iiif/controller/dspace/DSpaceCanvasManifestController.class], file [/root/workspace/TAMULib/IRIIIFService/388494172/target/classes/edu/tamu/iiif/controller/dspace/DSpaceCollectionManifestController.class], file [/root/workspace/TAMULib/IRIIIFService/388494172/target/classes/edu/tamu/iiif/controller/dspace/DSpaceImageManifestController.class], file [/root/workspace/TAMULib/IRIIIFService/388494172/target/classes/edu/tamu/iiif/controller/dspace/DSpacePresentationManifestController.class], file [/root/workspace/TAMULib/IRIIIFService/388494172/target/classes/edu/tamu/iiif/controller/dspace/DSpaceSequenceManifestController.class]]
23:42:48.724 [main] DEBUG org.springframework.core.io.support.PathMatchingResourcePatternResolver - Resolved classpath location [edu/tamu/iiif/controller/] to resources [URL [file:/root/workspace/TAMULib/IRIIIFService/388494172/target/test-classes/edu/tamu/iiif/controller/], URL [file:/root/workspace/TAMULib/IRIIIFService/388494172/target/classes/edu/tamu/iiif/controller/]]
23:42:48.725 [main] DEBUG org.springframework.core.io.support.PathMatchingResourcePatternResolver - Looking for matching resources in directory tree [/root/workspace/TAMULib/IRIIIFService/388494172/target/test-classes/edu/tamu/iiif/controller]
23:42:48.725 [main] DEBUG org.springframework.core.io.support.PathMatchingResourcePatternResolver - Searching directory [/root/workspace/TAMULib/IRIIIFService/388494172/target/test-classes/edu/tamu/iiif/controller] for files matching pattern [/root/workspace/TAMULib/IRIIIFService/388494172/target/test-classes/edu/tamu/iiif/controller/*.class]
23:42:48.726 [main] DEBUG org.springframework.core.io.support.PathMatchingResourcePatternResolver - Looking for matching resources in directory tree [/root/workspace/TAMULib/IRIIIFService/388494172/target/classes/edu/tamu/iiif/controller]
23:42:48.726 [main] DEBUG org.springframework.core.io.support.PathMatchingResourcePatternResolver - Searching directory [/root/workspace/TAMULib/IRIIIFService/388494172/target/classes/edu/tamu/iiif/controller] for files matching pattern [/root/workspace/TAMULib/IRIIIFService/388494172/target/classes/edu/tamu/iiif/controller/*.class]
23:42:48.726 [main] DEBUG org.springframework.core.io.support.PathMatchingResourcePatternResolver - Resolved location pattern [classpath*:edu/tamu/iiif/controller/*.class] to resources [file [/root/workspace/TAMULib/IRIIIFService/388494172/target/test-classes/edu/tamu/iiif/controller/AbstractManifestControllerTest.class], file [/root/workspace/TAMULib/IRIIIFService/388494172/target/test-classes/edu/tamu/iiif/controller/ManifestControllerTest.class], file [/root/workspace/TAMULib/IRIIIFService/388494172/target/classes/edu/tamu/iiif/controller/AbstractManifestController.class]]
23:42:48.728 [main] DEBUG org.springframework.core.io.support.PathMatchingResourcePatternResolver - Resolved classpath location [edu/tamu/iiif/] to resources [URL [file:/root/workspace/TAMULib/IRIIIFService/388494172/target/test-classes/edu/tamu/iiif/], URL [file:/root/workspace/TAMULib/IRIIIFService/388494172/target/classes/edu/tamu/iiif/]]
23:42:48.728 [main] DEBUG org.springframework.core.io.support.PathMatchingResourcePatternResolver - Looking for matching resources in directory tree [/root/workspace/TAMULib/IRIIIFService/388494172/target/test-classes/edu/tamu/iiif]
23:42:48.728 [main] DEBUG org.springframework.core.io.support.PathMatchingResourcePatternResolver - Searching directory [/root/workspace/TAMULib/IRIIIFService/388494172/target/test-classes/edu/tamu/iiif] for files matching pattern [/root/workspace/TAMULib/IRIIIFService/388494172/target/test-classes/edu/tamu/iiif/*.class]
23:42:48.729 [main] DEBUG org.springframework.core.io.support.PathMatchingResourcePatternResolver - Looking for matching resources in directory tree [/root/workspace/TAMULib/IRIIIFService/388494172/target/classes/edu/tamu/iiif]
23:42:48.729 [main] DEBUG org.springframework.core.io.support.PathMatchingResourcePatternResolver - Searching directory [/root/workspace/TAMULib/IRIIIFService/388494172/target/classes/edu/tamu/iiif] for files matching pattern [/root/workspace/TAMULib/IRIIIFService/388494172/target/classes/edu/tamu/iiif/*.class]
23:42:48.730 [main] DEBUG org.springframework.core.io.support.PathMatchingResourcePatternResolver - Resolved location pattern [classpath*:edu/tamu/iiif/*.class] to resources [file [/root/workspace/TAMULib/IRIIIFService/388494172/target/test-classes/edu/tamu/iiif/IrIiifServiceTest.class], file [/root/workspace/TAMULib/IRIIIFService/388494172/target/classes/edu/tamu/iiif/IrIiifService.class]]
23:42:48.733 [main] DEBUG org.springframework.context.annotation.ClassPathScanningCandidateComponentProvider - Identified candidate component class: file [/root/workspace/TAMULib/IRIIIFService/388494172/target/classes/edu/tamu/iiif/IrIiifService.class]
23:42:48.733 [main] INFO org.springframework.boot.test.context.SpringBootTestContextBootstrapper - Found @SpringBootConfiguration edu.tamu.iiif.IrIiifService for test class edu.tamu.iiif.controller.dspace.DSpacePresentationManifestControllerTest
23:42:48.735 [main] DEBUG org.springframework.boot.test.autoconfigure.web.servlet.WebMvcTestContextBootstrapper - @TestExecutionListeners is not present for class [edu.tamu.iiif.controller.dspace.DSpacePresentationManifestControllerTest]: using defaults.
23:42:48.737 [main] INFO org.springframework.boot.test.autoconfigure.web.servlet.WebMvcTestContextBootstrapper - Loaded default TestExecutionListener class names from location [META-INF/spring.factories]: [org.springframework.boot.test.mock.mockito.MockitoTestExecutionListener, org.springframework.boot.test.mock.mockito.ResetMocksTestExecutionListener, org.springframework.boot.test.autoconfigure.restdocs.RestDocsTestExecutionListener, org.springframework.boot.test.autoconfigure.web.client.MockRestServiceServerResetTestExecutionListener, org.springframework.boot.test.autoconfigure.web.servlet.MockMvcPrintOnlyOnFailureTestExecutionListener, org.springframework.boot.test.autoconfigure.web.servlet.WebDriverTestExecutionListener, org.springframework.test.context.web.ServletTestExecutionListener, org.springframework.test.context.support.DirtiesContextBeforeModesTestExecutionListener, org.springframework.test.context.support.DependencyInjectionTestExecutionListener, org.springframework.test.context.support.DirtiesContextTestExecutionListener, org.springframework.test.context.transaction.TransactionalTestExecutionListener, org.springframework.test.context.jdbc.SqlScriptsTestExecutionListener]
23:42:48.740 [main] INFO org.springframework.boot.test.autoconfigure.web.servlet.WebMvcTestContextBootstrapper - Using TestExecutionListeners: [org.springframework.test.context.web.ServletTestExecutionListener@78116659, org.springframework.test.context.support.DirtiesContextBeforeModesTestExecutionListener@712e787e, org.springframework.boot.test.autoconfigure.SpringBootDependencyInjectionTestExecutionListener@53ea380b, org.springframework.test.context.support.DirtiesContextTestExecutionListener@578c3fd9, org.springframework.test.context.transaction.TransactionalTestExecutionListener@245cb8df, org.springframework.test.context.jdbc.SqlScriptsTestExecutionListener@26b3c9a2, org.springframework.boot.test.mock.mockito.ResetMocksTestExecutionListener@241b971f, org.springframework.boot.test.autoconfigure.web.servlet.WebDriverTestExecutionListener@125f16b2, org.springframework.boot.test.autoconfigure.restdocs.RestDocsTestExecutionListener@5384ce66, org.springframework.boot.test.mock.mockito.MockitoTestExecutionListener@6b42e36d, org.springframework.boot.test.autoconfigure.web.servlet.MockMvcPrintOnlyOnFailureTestExecutionListener@13192275, org.springframework.boot.test.autoconfigure.web.client.MockRestServiceServerResetTestExecutionListener@79195c22]
23:42:48.741 [main] DEBUG org.springframework.test.context.junit4.SpringJUnit4ClassRunner - SpringJUnit4ClassRunner constructor called with [class edu.tamu.iiif.controller.dspace.DSpaceSequenceManifestControllerTest]
23:42:48.742 [main] DEBUG org.springframework.test.context.BootstrapUtils - Instantiating CacheAwareContextLoaderDelegate from class [org.springframework.test.context.cache.DefaultCacheAwareContextLoaderDelegate]
23:42:48.742 [main] DEBUG org.springframework.test.context.BootstrapUtils - Instantiating BootstrapContext using constructor [public org.springframework.test.context.support.DefaultBootstrapContext(java.lang.Class,org.springframework.test.context.CacheAwareContextLoaderDelegate)]
23:42:48.742 [main] DEBUG org.springframework.test.context.BootstrapUtils - Instantiating TestContextBootstrapper for test class [edu.tamu.iiif.controller.dspace.DSpaceSequenceManifestControllerTest] from class [org.springframework.boot.test.autoconfigure.web.servlet.WebMvcTestContextBootstrapper]
23:42:48.743 [main] INFO org.springframework.boot.test.autoconfigure.web.servlet.WebMvcTestContextBootstrapper - Neither @ContextConfiguration nor @ContextHierarchy found for test class [edu.tamu.iiif.controller.dspace.DSpaceSequenceManifestControllerTest], using SpringBootContextLoader
23:42:48.744 [main] DEBUG org.springframework.test.context.support.AbstractContextLoader - Did not detect default resource location for test class [edu.tamu.iiif.controller.dspace.DSpaceSequenceManifestControllerTest]: class path resource [edu/tamu/iiif/controller/dspace/DSpaceSequenceManifestControllerTest-context.xml] does not exist
23:42:48.744 [main] DEBUG org.springframework.test.context.support.AbstractContextLoader - Did not detect default resource location for test class [edu.tamu.iiif.controller.dspace.DSpaceSequenceManifestControllerTest]: class path resource [edu/tamu/iiif/controller/dspace/DSpaceSequenceManifestControllerTestContext.groovy] does not exist
23:42:48.744 [main] INFO org.springframework.test.context.support.AbstractContextLoader - Could not detect default resource locations for test class [edu.tamu.iiif.controller.dspace.DSpaceSequenceManifestControllerTest]: no resource found for suffixes {-context.xml, Context.groovy}.
23:42:48.744 [main] INFO org.springframework.test.context.support.AnnotationConfigContextLoaderUtils - Could not detect default configuration classes for test class [edu.tamu.iiif.controller.dspace.DSpaceSequenceManifestControllerTest]: DSpaceSequenceManifestControllerTest does not declare any static, non-private, non-final, nested classes annotated with @Configuration.
23:42:48.765 [main] DEBUG org.springframework.test.context.support.ActiveProfilesUtils - Could not find an 'annotation declaring class' for annotation type [org.springframework.test.context.ActiveProfiles] and class [edu.tamu.iiif.controller.dspace.DSpaceSequenceManifestControllerTest]
23:42:48.765 [main] DEBUG org.springframework.core.env.StandardEnvironment - Adding [systemProperties] PropertySource with lowest search precedence
23:42:48.765 [main] DEBUG org.springframework.core.env.StandardEnvironment - Adding [systemEnvironment] PropertySource with lowest search precedence
23:42:48.766 [main] DEBUG org.springframework.core.env.StandardEnvironment - Initialized StandardEnvironment with PropertySources [systemProperties,systemEnvironment]
23:42:48.766 [main] INFO org.springframework.boot.test.context.SpringBootTestContextBootstrapper - Found @SpringBootConfiguration edu.tamu.iiif.IrIiifService for test class edu.tamu.iiif.controller.dspace.DSpaceSequenceManifestControllerTest
23:42:48.767 [main] DEBUG org.springframework.boot.test.autoconfigure.web.servlet.WebMvcTestContextBootstrapper - @TestExecutionListeners is not present for class [edu.tamu.iiif.controller.dspace.DSpaceSequenceManifestControllerTest]: using defaults.
23:42:48.770 [main] INFO org.springframework.boot.test.autoconfigure.web.servlet.WebMvcTestContextBootstrapper - Loaded default TestExecutionListener class names from location [META-INF/spring.factories]: [org.springframework.boot.test.mock.mockito.MockitoTestExecutionListener, org.springframework.boot.test.mock.mockito.ResetMocksTestExecutionListener, org.springframework.boot.test.autoconfigure.restdocs.RestDocsTestExecutionListener, org.springframework.boot.test.autoconfigure.web.client.MockRestServiceServerResetTestExecutionListener, org.springframework.boot.test.autoconfigure.web.servlet.MockMvcPrintOnlyOnFailureTestExecutionListener, org.springframework.boot.test.autoconfigure.web.servlet.WebDriverTestExecutionListener, org.springframework.test.context.web.ServletTestExecutionListener, org.springframework.test.context.support.DirtiesContextBeforeModesTestExecutionListener, org.springframework.test.context.support.DependencyInjectionTestExecutionListener, org.springframework.test.context.support.DirtiesContextTestExecutionListener, org.springframework.test.context.transaction.TransactionalTestExecutionListener, org.springframework.test.context.jdbc.SqlScriptsTestExecutionListener]
23:42:48.773 [main] INFO org.springframework.boot.test.autoconfigure.web.servlet.WebMvcTestContextBootstrapper - Using TestExecutionListeners: [org.springframework.test.context.web.ServletTestExecutionListener@47569167, org.springframework.test.context.support.DirtiesContextBeforeModesTestExecutionListener@42d9e8d2, org.springframework.boot.test.autoconfigure.SpringBootDependencyInjectionTestExecutionListener@4b93dd6a, org.springframework.test.context.support.DirtiesContextTestExecutionListener@582a3b19, org.springframework.test.context.transaction.TransactionalTestExecutionListener@2b0454d2, org.springframework.test.context.jdbc.SqlScriptsTestExecutionListener@2616b618, org.springframework.boot.test.mock.mockito.ResetMocksTestExecutionListener@73bb573d, org.springframework.boot.test.autoconfigure.web.servlet.WebDriverTestExecutionListener@7ac058a0, org.springframework.boot.test.autoconfigure.restdocs.RestDocsTestExecutionListener@736b21ee, org.springframework.boot.test.mock.mockito.MockitoTestExecutionListener@60deefed, org.springframework.boot.test.autoconfigure.web.servlet.MockMvcPrintOnlyOnFailureTestExecutionListener@49754e74, org.springframework.boot.test.autoconfigure.web.client.MockRestServiceServerResetTestExecutionListener@31881aa2]
23:42:48.774 [main] DEBUG org.springframework.test.context.junit4.SpringJUnit4ClassRunner - SpringJUnit4ClassRunner constructor called with [class edu.tamu.iiif.controller.dspace.DSpaceCollectionManifestControllerTest]
23:42:48.774 [main] DEBUG org.springframework.test.context.BootstrapUtils - Instantiating CacheAwareContextLoaderDelegate from class [org.springframework.test.context.cache.DefaultCacheAwareContextLoaderDelegate]
23:42:48.774 [main] DEBUG org.springframework.test.context.BootstrapUtils - Instantiating BootstrapContext using constructor [public org.springframework.test.context.support.DefaultBootstrapContext(java.lang.Class,org.springframework.test.context.CacheAwareContextLoaderDelegate)]
23:42:48.774 [main] DEBUG org.springframework.test.context.BootstrapUtils - Instantiating TestContextBootstrapper for test class [edu.tamu.iiif.controller.dspace.DSpaceCollectionManifestControllerTest] from class [org.springframework.boot.test.autoconfigure.web.servlet.WebMvcTestContextBootstrapper]
23:42:48.775 [main] INFO org.springframework.boot.test.autoconfigure.web.servlet.WebMvcTestContextBootstrapper - Neither @ContextConfiguration nor @ContextHierarchy found for test class [edu.tamu.iiif.controller.dspace.DSpaceCollectionManifestControllerTest], using SpringBootContextLoader
23:42:48.776 [main] DEBUG org.springframework.test.context.support.AbstractContextLoader - Did not detect default resource location for test class [edu.tamu.iiif.controller.dspace.DSpaceCollectionManifestControllerTest]: class path resource [edu/tamu/iiif/controller/dspace/DSpaceCollectionManifestControllerTest-context.xml] does not exist
23:42:48.780 [main] DEBUG org.springframework.test.context.support.AbstractContextLoader - Did not detect default resource location for test class [edu.tamu.iiif.controller.dspace.DSpaceCollectionManifestControllerTest]: class path resource [edu/tamu/iiif/controller/dspace/DSpaceCollectionManifestControllerTestContext.groovy] does not exist
23:42:48.780 [main] INFO org.springframework.test.context.support.AbstractContextLoader - Could not detect default resource locations for test class [edu.tamu.iiif.controller.dspace.DSpaceCollectionManifestControllerTest]: no resource found for suffixes {-context.xml, Context.groovy}.
23:42:48.780 [main] INFO org.springframework.test.context.support.AnnotationConfigContextLoaderUtils - Could not detect default configuration classes for test class [edu.tamu.iiif.controller.dspace.DSpaceCollectionManifestControllerTest]: DSpaceCollectionManifestControllerTest does not declare any static, non-private, non-final, nested classes annotated with @Configuration.
23:42:48.801 [main] DEBUG org.springframework.test.context.support.ActiveProfilesUtils - Could not find an 'annotation declaring class' for annotation type [org.springframework.test.context.ActiveProfiles] and class [edu.tamu.iiif.controller.dspace.DSpaceCollectionManifestControllerTest]
23:42:48.801 [main] DEBUG org.springframework.core.env.StandardEnvironment - Adding [systemProperties] PropertySource with lowest search precedence
23:42:48.801 [main] DEBUG org.springframework.core.env.StandardEnvironment - Adding [systemEnvironment] PropertySource with lowest search precedence
23:42:48.801 [main] DEBUG org.springframework.core.env.StandardEnvironment - Initialized StandardEnvironment with PropertySources [systemProperties,systemEnvironment]
23:42:48.801 [main] INFO org.springframework.boot.test.context.SpringBootTestContextBootstrapper - Found @SpringBootConfiguration edu.tamu.iiif.IrIiifService for test class edu.tamu.iiif.controller.dspace.DSpaceCollectionManifestControllerTest
23:42:48.803 [main] DEBUG org.springframework.boot.test.autoconfigure.web.servlet.WebMvcTestContextBootstrapper - @TestExecutionListeners is not present for class [edu.tamu.iiif.controller.dspace.DSpaceCollectionManifestControllerTest]: using defaults.
23:42:48.805 [main] INFO org.springframework.boot.test.autoconfigure.web.servlet.WebMvcTestContextBootstrapper - Loaded default TestExecutionListener class names from location [META-INF/spring.factories]: [org.springframework.boot.test.mock.mockito.MockitoTestExecutionListener, org.springframework.boot.test.mock.mockito.ResetMocksTestExecutionListener, org.springframework.boot.test.autoconfigure.restdocs.RestDocsTestExecutionListener, org.springframework.boot.test.autoconfigure.web.client.MockRestServiceServerResetTestExecutionListener, org.springframework.boot.test.autoconfigure.web.servlet.MockMvcPrintOnlyOnFailureTestExecutionListener, org.springframework.boot.test.autoconfigure.web.servlet.WebDriverTestExecutionListener, org.springframework.test.context.web.ServletTestExecutionListener, org.springframework.test.context.support.DirtiesContextBeforeModesTestExecutionListener, org.springframework.test.context.support.DependencyInjectionTestExecutionListener, org.springframework.test.context.support.DirtiesContextTestExecutionListener, org.springframework.test.context.transaction.TransactionalTestExecutionListener, org.springframework.test.context.jdbc.SqlScriptsTestExecutionListener]
23:42:48.808 [main] INFO org.springframework.boot.test.autoconfigure.web.servlet.WebMvcTestContextBootstrapper - Using TestExecutionListeners: [org.springframework.test.context.web.ServletTestExecutionListener@259287ac, org.springframework.test.context.support.DirtiesContextBeforeModesTestExecutionListener@1abcd059, org.springframework.boot.test.autoconfigure.SpringBootDependencyInjectionTestExecutionListener@61a87366, org.springframework.test.context.support.DirtiesContextTestExecutionListener@3c33fcf8, org.springframework.test.context.transaction.TransactionalTestExecutionListener@dada335, org.springframework.test.context.jdbc.SqlScriptsTestExecutionListener@716f94c1, org.springframework.boot.test.mock.mockito.ResetMocksTestExecutionListener@53feeac9, org.springframework.boot.test.autoconfigure.web.servlet.WebDriverTestExecutionListener@70091872, org.springframework.boot.test.autoconfigure.restdocs.RestDocsTestExecutionListener@105db94d, org.springframework.boot.test.mock.mockito.MockitoTestExecutionListener@1d99ee1b, org.springframework.boot.test.autoconfigure.web.servlet.MockMvcPrintOnlyOnFailureTestExecutionListener@3915e7c3, org.springframework.boot.test.autoconfigure.web.client.MockRestServiceServerResetTestExecutionListener@167a21b]
23:42:48.809 [main] DEBUG org.springframework.test.context.junit4.SpringJUnit4ClassRunner - SpringJUnit4ClassRunner constructor called with [class edu.tamu.iiif.controller.dspace.DSpaceCanvasManifestControllerTest]
23:42:48.809 [main] DEBUG org.springframework.test.context.BootstrapUtils - Instantiating CacheAwareContextLoaderDelegate from class [org.springframework.test.context.cache.DefaultCacheAwareContextLoaderDelegate]
23:42:48.809 [main] DEBUG org.springframework.test.context.BootstrapUtils - Instantiating BootstrapContext using constructor [public org.springframework.test.context.support.DefaultBootstrapContext(java.lang.Class,org.springframework.test.context.CacheAwareContextLoaderDelegate)]
23:42:48.810 [main] DEBUG org.springframework.test.context.BootstrapUtils - Instantiating TestContextBootstrapper for test class [edu.tamu.iiif.controller.dspace.DSpaceCanvasManifestControllerTest] from class [org.springframework.boot.test.autoconfigure.web.servlet.WebMvcTestContextBootstrapper]
23:42:48.811 [main] INFO org.springframework.boot.test.autoconfigure.web.servlet.WebMvcTestContextBootstrapper - Neither @ContextConfiguration nor @ContextHierarchy found for test class [edu.tamu.iiif.controller.dspace.DSpaceCanvasManifestControllerTest], using SpringBootContextLoader
23:42:48.811 [main] DEBUG org.springframework.test.context.support.AbstractContextLoader - Did not detect default resource location for test class [edu.tamu.iiif.controller.dspace.DSpaceCanvasManifestControllerTest]: class path resource [edu/tamu/iiif/controller/dspace/DSpaceCanvasManifestControllerTest-context.xml] does not exist
23:42:48.812 [main] DEBUG org.springframework.test.context.support.AbstractContextLoader - Did not detect default resource location for test class [edu.tamu.iiif.controller.dspace.DSpaceCanvasManifestControllerTest]: class path resource [edu/tamu/iiif/controller/dspace/DSpaceCanvasManifestControllerTestContext.groovy] does not exist
23:42:48.812 [main] INFO org.springframework.test.context.support.AbstractContextLoader - Could not detect default resource locations for test class [edu.tamu.iiif.controller.dspace.DSpaceCanvasManifestControllerTest]: no resource found for suffixes {-context.xml, Context.groovy}.
23:42:48.812 [main] INFO org.springframework.test.context.support.AnnotationConfigContextLoaderUtils - Could not detect default configuration classes for test class [edu.tamu.iiif.controller.dspace.DSpaceCanvasManifestControllerTest]: DSpaceCanvasManifestControllerTest does not declare any static, non-private, non-final, nested classes annotated with @Configuration.
23:42:48.831 [main] DEBUG org.springframework.test.context.support.ActiveProfilesUtils - Could not find an 'annotation declaring class' for annotation type [org.springframework.test.context.ActiveProfiles] and class [edu.tamu.iiif.controller.dspace.DSpaceCanvasManifestControllerTest]
23:42:48.831 [main] DEBUG org.springframework.core.env.StandardEnvironment - Adding [systemProperties] PropertySource with lowest search precedence
23:42:48.831 [main] DEBUG org.springframework.core.env.StandardEnvironment - Adding [systemEnvironment] PropertySource with lowest search precedence
23:42:48.831 [main] DEBUG org.springframework.core.env.StandardEnvironment - Initialized StandardEnvironment with PropertySources [systemProperties,systemEnvironment]
23:42:48.831 [main] INFO org.springframework.boot.test.context.SpringBootTestContextBootstrapper - Found @SpringBootConfiguration edu.tamu.iiif.IrIiifService for test class edu.tamu.iiif.controller.dspace.DSpaceCanvasManifestControllerTest
23:42:48.832 [main] DEBUG org.springframework.boot.test.autoconfigure.web.servlet.WebMvcTestContextBootstrapper - @TestExecutionListeners is not present for class [edu.tamu.iiif.controller.dspace.DSpaceCanvasManifestControllerTest]: using defaults.
23:42:48.835 [main] INFO org.springframework.boot.test.autoconfigure.web.servlet.WebMvcTestContextBootstrapper - Loaded default TestExecutionListener class names from location [META-INF/spring.factories]: [org.springframework.boot.test.mock.mockito.MockitoTestExecutionListener, org.springframework.boot.test.mock.mockito.ResetMocksTestExecutionListener, org.springframework.boot.test.autoconfigure.restdocs.RestDocsTestExecutionListener, org.springframework.boot.test.autoconfigure.web.client.MockRestServiceServerResetTestExecutionListener, org.springframework.boot.test.autoconfigure.web.servlet.MockMvcPrintOnlyOnFailureTestExecutionListener, org.springframework.boot.test.autoconfigure.web.servlet.WebDriverTestExecutionListener, org.springframework.test.context.web.ServletTestExecutionListener, org.springframework.test.context.support.DirtiesContextBeforeModesTestExecutionListener, org.springframework.test.context.support.DependencyInjectionTestExecutionListener, org.springframework.test.context.support.DirtiesContextTestExecutionListener, org.springframework.test.context.transaction.TransactionalTestExecutionListener, org.springframework.test.context.jdbc.SqlScriptsTestExecutionListener]
23:42:48.838 [main] INFO org.springframework.boot.test.autoconfigure.web.servlet.WebMvcTestContextBootstrapper - Using TestExecutionListeners: [org.springframework.test.context.web.ServletTestExecutionListener@7b95bdb0, org.springframework.test.context.support.DirtiesContextBeforeModesTestExecutionListener@3f0ce0d1, org.springframework.boot.test.autoconfigure.SpringBootDependencyInjectionTestExecutionListener@664db2ca, org.springframework.test.context.support.DirtiesContextTestExecutionListener@1491cd6c, org.springframework.test.context.transaction.TransactionalTestExecutionListener@423f8a73, org.springframework.test.context.jdbc.SqlScriptsTestExecutionListener@1aedf08d, org.springframework.boot.test.mock.mockito.ResetMocksTestExecutionListener@113dcaf8, org.springframework.boot.test.autoconfigure.web.servlet.WebDriverTestExecutionListener@b5d9f1e, org.springframework.boot.test.autoconfigure.restdocs.RestDocsTestExecutionListener@350ff014, org.springframework.boot.test.mock.mockito.MockitoTestExecutionListener@401317a0, org.springframework.boot.test.autoconfigure.web.servlet.MockMvcPrintOnlyOnFailureTestExecutionListener@3f866f50, org.springframework.boot.test.autoconfigure.web.client.MockRestServiceServerResetTestExecutionListener@5844a2d1]
23:42:48.838 [main] DEBUG org.springframework.test.context.junit4.SpringJUnit4ClassRunner - SpringJUnit4ClassRunner constructor called with [class edu.tamu.iiif.controller.dspace.DSpaceImageManifestControllerTest]
23:42:48.839 [main] DEBUG org.springframework.test.context.BootstrapUtils - Instantiating CacheAwareContextLoaderDelegate from class [org.springframework.test.context.cache.DefaultCacheAwareContextLoaderDelegate]
23:42:48.839 [main] DEBUG org.springframework.test.context.BootstrapUtils - Instantiating BootstrapContext using constructor [public org.springframework.test.context.support.DefaultBootstrapContext(java.lang.Class,org.springframework.test.context.CacheAwareContextLoaderDelegate)]
23:42:48.839 [main] DEBUG org.springframework.test.context.BootstrapUtils - Instantiating TestContextBootstrapper for test class [edu.tamu.iiif.controller.dspace.DSpaceImageManifestControllerTest] from class [org.springframework.boot.test.autoconfigure.web.servlet.WebMvcTestContextBootstrapper]
23:42:48.840 [main] INFO org.springframework.boot.test.autoconfigure.web.servlet.WebMvcTestContextBootstrapper - Neither @ContextConfiguration nor @ContextHierarchy found for test class [edu.tamu.iiif.controller.dspace.DSpaceImageManifestControllerTest], using SpringBootContextLoader
23:42:48.841 [main] DEBUG org.springframework.test.context.support.AbstractContextLoader - Did not detect default resource location for test class [edu.tamu.iiif.controller.dspace.DSpaceImageManifestControllerTest]: class path resource [edu/tamu/iiif/controller/dspace/DSpaceImageManifestControllerTest-context.xml] does not exist
23:42:48.841 [main] DEBUG org.springframework.test.context.support.AbstractContextLoader - Did not detect default resource location for test class [edu.tamu.iiif.controller.dspace.DSpaceImageManifestControllerTest]: class path resource [edu/tamu/iiif/controller/dspace/DSpaceImageManifestControllerTestContext.groovy] does not exist
23:42:48.841 [main] INFO org.springframework.test.context.support.AbstractContextLoader - Could not detect default resource locations for test class [edu.tamu.iiif.controller.dspace.DSpaceImageManifestControllerTest]: no resource found for suffixes {-context.xml, Context.groovy}.
23:42:48.842 [main] INFO org.springframework.test.context.support.AnnotationConfigContextLoaderUtils - Could not detect default configuration classes for test class [edu.tamu.iiif.controller.dspace.DSpaceImageManifestControllerTest]: DSpaceImageManifestControllerTest does not declare any static, non-private, non-final, nested classes annotated with @Configuration.
23:42:48.860 [main] DEBUG org.springframework.test.context.support.ActiveProfilesUtils - Could not find an 'annotation declaring class' for annotation type [org.springframework.test.context.ActiveProfiles] and class [edu.tamu.iiif.controller.dspace.DSpaceImageManifestControllerTest]
23:42:48.860 [main] DEBUG org.springframework.core.env.StandardEnvironment - Adding [systemProperties] PropertySource with lowest search precedence
23:42:48.860 [main] DEBUG org.springframework.core.env.StandardEnvironment - Adding [systemEnvironment] PropertySource with lowest search precedence
23:42:48.861 [main] DEBUG org.springframework.core.env.StandardEnvironment - Initialized StandardEnvironment with PropertySources [systemProperties,systemEnvironment]
23:42:48.861 [main] INFO org.springframework.boot.test.context.SpringBootTestContextBootstrapper - Found @SpringBootConfiguration edu.tamu.iiif.IrIiifService for test class edu.tamu.iiif.controller.dspace.DSpaceImageManifestControllerTest
23:42:48.862 [main] DEBUG org.springframework.boot.test.autoconfigure.web.servlet.WebMvcTestContextBootstrapper - @TestExecutionListeners is not present for class [edu.tamu.iiif.controller.dspace.DSpaceImageManifestControllerTest]: using defaults.
23:42:48.864 [main] INFO org.springframework.boot.test.autoconfigure.web.servlet.WebMvcTestContextBootstrapper - Loaded default TestExecutionListener class names from location [META-INF/spring.factories]: [org.springframework.boot.test.mock.mockito.MockitoTestExecutionListener, org.springframework.boot.test.mock.mockito.ResetMocksTestExecutionListener, org.springframework.boot.test.autoconfigure.restdocs.RestDocsTestExecutionListener, org.springframework.boot.test.autoconfigure.web.client.MockRestServiceServerResetTestExecutionListener, org.springframework.boot.test.autoconfigure.web.servlet.MockMvcPrintOnlyOnFailureTestExecutionListener, org.springframework.boot.test.autoconfigure.web.servlet.WebDriverTestExecutionListener, org.springframework.test.context.web.ServletTestExecutionListener, org.springframework.test.context.support.DirtiesContextBeforeModesTestExecutionListener, org.springframework.test.context.support.DependencyInjectionTestExecutionListener, org.springframework.test.context.support.DirtiesContextTestExecutionListener, org.springframework.test.context.transaction.TransactionalTestExecutionListener, org.springframework.test.context.jdbc.SqlScriptsTestExecutionListener]
23:42:48.867 [main] INFO org.springframework.boot.test.autoconfigure.web.servlet.WebMvcTestContextBootstrapper - Using TestExecutionListeners: [org.springframework.test.context.web.ServletTestExecutionListener@173511ff, org.springframework.test.context.support.DirtiesContextBeforeModesTestExecutionListener@6df11e91, org.springframework.boot.test.autoconfigure.SpringBootDependencyInjectionTestExecutionListener@1002d192, org.springframework.test.context.support.DirtiesContextTestExecutionListener@9281d19, org.springframework.test.context.transaction.TransactionalTestExecutionListener@36ad5f2a, org.springframework.test.context.jdbc.SqlScriptsTestExecutionListener@53cddaf8, org.springframework.boot.test.mock.mockito.ResetMocksTestExecutionListener@55c50f52, org.springframework.boot.test.autoconfigure.web.servlet.WebDriverTestExecutionListener@1ccc1026, org.springframework.boot.test.autoconfigure.restdocs.RestDocsTestExecutionListener@4044589a, org.springframework.boot.test.mock.mockito.MockitoTestExecutionListener@7de35070, org.springframework.boot.test.autoconfigure.web.servlet.MockMvcPrintOnlyOnFailureTestExecutionListener@216f01, org.springframework.boot.test.autoconfigure.web.client.MockRestServiceServerResetTestExecutionListener@7c901203]
23:42:48.870 [main] DEBUG org.springframework.test.context.junit4.SpringJUnit4ClassRunner - SpringJUnit4ClassRunner constructor called with [class edu.tamu.iiif.controller.advice.GlobalExceptionHandlerTest]
23:42:48.870 [main] DEBUG org.springframework.test.context.BootstrapUtils - Instantiating CacheAwareContextLoaderDelegate from class [org.springframework.test.context.cache.DefaultCacheAwareContextLoaderDelegate]
23:42:48.870 [main] DEBUG org.springframework.test.context.BootstrapUtils - Instantiating BootstrapContext using constructor [public org.springframework.test.context.support.DefaultBootstrapContext(java.lang.Class,org.springframework.test.context.CacheAwareContextLoaderDelegate)]
23:42:48.870 [main] DEBUG org.springframework.test.context.BootstrapUtils - Instantiating TestContextBootstrapper for test class [edu.tamu.iiif.controller.advice.GlobalExceptionHandlerTest] from class [org.springframework.test.context.support.DefaultTestContextBootstrapper]
23:42:48.871 [main] INFO org.springframework.test.context.support.DefaultTestContextBootstrapper - Neither @ContextConfiguration nor @ContextHierarchy found for test class [edu.tamu.iiif.controller.advice.GlobalExceptionHandlerTest], using DelegatingSmartContextLoader
23:42:48.871 [main] DEBUG org.springframework.test.context.support.AbstractDelegatingSmartContextLoader - Delegating to GenericXmlContextLoader to process context configuration [ContextConfigurationAttributes@7d401cdc declaringClass = 'edu.tamu.iiif.controller.advice.GlobalExceptionHandlerTest', classes = '{}', locations = '{}', inheritLocations = false, initializers = '{}', inheritInitializers = true, name = [null], contextLoaderClass = 'org.springframework.test.context.ContextLoader'].
23:42:48.872 [main] DEBUG org.springframework.test.context.support.AbstractContextLoader - Did not detect default resource location for test class [edu.tamu.iiif.controller.advice.GlobalExceptionHandlerTest]: class path resource [edu/tamu/iiif/controller/advice/GlobalExceptionHandlerTest-context.xml] does not exist
23:42:48.872 [main] INFO org.springframework.test.context.support.AbstractContextLoader - Could not detect default resource locations for test class [edu.tamu.iiif.controller.advice.GlobalExceptionHandlerTest]: no resource found for suffixes {-context.xml}.
23:42:48.872 [main] DEBUG org.springframework.test.context.support.AbstractDelegatingSmartContextLoader - Delegating to AnnotationConfigContextLoader to process context configuration [ContextConfigurationAttributes@7d401cdc declaringClass = 'edu.tamu.iiif.controller.advice.GlobalExceptionHandlerTest', classes = '{}', locations = '{}', inheritLocations = false, initializers = '{}', inheritInitializers = true, name = [null], contextLoaderClass = 'org.springframework.test.context.ContextLoader'].
23:42:48.872 [main] INFO org.springframework.test.context.support.AnnotationConfigContextLoaderUtils - Could not detect default configuration classes for test class [edu.tamu.iiif.controller.advice.GlobalExceptionHandlerTest]: GlobalExceptionHandlerTest does not declare any static, non-private, non-final, nested classes annotated with @Configuration.
23:42:48.875 [main] DEBUG org.springframework.test.context.support.ActiveProfilesUtils - Could not find an 'annotation declaring class' for annotation type [org.springframework.test.context.ActiveProfiles] and class [edu.tamu.iiif.controller.advice.GlobalExceptionHandlerTest]
23:42:48.875 [main] DEBUG org.springframework.test.context.support.DefaultTestContextBootstrapper - @TestExecutionListeners is not present for class [edu.tamu.iiif.controller.advice.GlobalExceptionHandlerTest]: using defaults.
23:42:48.878 [main] INFO org.springframework.test.context.support.DefaultTestContextBootstrapper - Loaded default TestExecutionListener class names from location [META-INF/spring.factories]: [org.springframework.boot.test.mock.mockito.MockitoTestExecutionListener, org.springframework.boot.test.mock.mockito.ResetMocksTestExecutionListener, org.springframework.boot.test.autoconfigure.restdocs.RestDocsTestExecutionListener, org.springframework.boot.test.autoconfigure.web.client.MockRestServiceServerResetTestExecutionListener, org.springframework.boot.test.autoconfigure.web.servlet.MockMvcPrintOnlyOnFailureTestExecutionListener, org.springframework.boot.test.autoconfigure.web.servlet.WebDriverTestExecutionListener, org.springframework.test.context.web.ServletTestExecutionListener, org.springframework.test.context.support.DirtiesContextBeforeModesTestExecutionListener, org.springframework.test.context.support.DependencyInjectionTestExecutionListener, org.springframework.test.context.support.DirtiesContextTestExecutionListener, org.springframework.test.context.transaction.TransactionalTestExecutionListener, org.springframework.test.context.jdbc.SqlScriptsTestExecutionListener]
23:42:48.878 [main] INFO org.springframework.test.context.support.DefaultTestContextBootstrapper - Using TestExecutionListeners: [org.springframework.test.context.web.ServletTestExecutionListener@72224107, org.springframework.test.context.support.DirtiesContextBeforeModesTestExecutionListener@394fb736, org.springframework.test.context.support.DependencyInjectionTestExecutionListener@3070f3e6, org.springframework.test.context.support.DirtiesContextTestExecutionListener@3271ec2a, org.springframework.test.context.transaction.TransactionalTestExecutionListener@52bba91a, org.springframework.test.context.jdbc.SqlScriptsTestExecutionListener@1689527c, org.springframework.boot.test.mock.mockito.ResetMocksTestExecutionListener@21516c88, org.springframework.boot.test.autoconfigure.web.servlet.WebDriverTestExecutionListener@1c7cd434, org.springframework.boot.test.autoconfigure.restdocs.RestDocsTestExecutionListener@13004dd8, org.springframework.boot.test.mock.mockito.MockitoTestExecutionListener@4fc6e776, org.springframework.boot.test.autoconfigure.web.servlet.MockMvcPrintOnlyOnFailureTestExecutionListener@65d9e72a, org.springframework.boot.test.autoconfigure.web.client.MockRestServiceServerResetTestExecutionListener@1f7e52d1]
23:42:48.880 [main] DEBUG org.springframework.test.context.junit4.SpringJUnit4ClassRunner - SpringJUnit4ClassRunner constructor called with [class edu.tamu.iiif.utility.StringUtilityTest]
23:42:48.880 [main] DEBUG org.springframework.test.context.BootstrapUtils - Instantiating CacheAwareContextLoaderDelegate from class [org.springframework.test.context.cache.DefaultCacheAwareContextLoaderDelegate]
23:42:48.880 [main] DEBUG org.springframework.test.context.BootstrapUtils - Instantiating BootstrapContext using constructor [public org.springframework.test.context.support.DefaultBootstrapContext(java.lang.Class,org.springframework.test.context.CacheAwareContextLoaderDelegate)]
23:42:48.880 [main] DEBUG org.springframework.test.context.BootstrapUtils - Instantiating TestContextBootstrapper for test class [edu.tamu.iiif.utility.StringUtilityTest] from class [org.springframework.test.context.support.DefaultTestContextBootstrapper]
23:42:48.880 [main] INFO org.springframework.test.context.support.DefaultTestContextBootstrapper - Neither @ContextConfiguration nor @ContextHierarchy found for test class [edu.tamu.iiif.utility.StringUtilityTest], using DelegatingSmartContextLoader
23:42:48.880 [main] DEBUG org.springframework.test.context.support.AbstractDelegatingSmartContextLoader - Delegating to GenericXmlContextLoader to process context configuration [ContextConfigurationAttributes@e01a26b declaringClass = 'edu.tamu.iiif.utility.StringUtilityTest', classes = '{}', locations = '{}', inheritLocations = false, initializers = '{}', inheritInitializers = true, name = [null], contextLoaderClass = 'org.springframework.test.context.ContextLoader'].
23:42:48.881 [main] DEBUG org.springframework.test.context.support.AbstractContextLoader - Did not detect default resource location for test class [edu.tamu.iiif.utility.StringUtilityTest]: class path resource [edu/tamu/iiif/utility/StringUtilityTest-context.xml] does not exist
23:42:48.881 [main] INFO org.springframework.test.context.support.AbstractContextLoader - Could not detect default resource locations for test class [edu.tamu.iiif.utility.StringUtilityTest]: no resource found for suffixes {-context.xml}.
23:42:48.881 [main] DEBUG org.springframework.test.context.support.AbstractDelegatingSmartContextLoader - Delegating to AnnotationConfigContextLoader to process context configuration [ContextConfigurationAttributes@e01a26b declaringClass = 'edu.tamu.iiif.utility.StringUtilityTest', classes = '{}', locations = '{}', inheritLocations = false, initializers = '{}', inheritInitializers = true, name = [null], contextLoaderClass = 'org.springframework.test.context.ContextLoader'].
23:42:48.881 [main] INFO org.springframework.test.context.support.AnnotationConfigContextLoaderUtils - Could not detect default configuration classes for test class [edu.tamu.iiif.utility.StringUtilityTest]: StringUtilityTest does not declare any static, non-private, non-final, nested classes annotated with @Configuration.
23:42:48.884 [main] DEBUG org.springframework.test.context.support.ActiveProfilesUtils - Could not find an 'annotation declaring class' for annotation type [org.springframework.test.context.ActiveProfiles] and class [edu.tamu.iiif.utility.StringUtilityTest]
23:42:48.884 [main] DEBUG org.springframework.test.context.support.DefaultTestContextBootstrapper - @TestExecutionListeners is not present for class [edu.tamu.iiif.utility.StringUtilityTest]: using defaults.
23:42:48.886 [main] INFO org.springframework.test.context.support.DefaultTestContextBootstrapper - Loaded default TestExecutionListener class names from location [META-INF/spring.factories]: [org.springframework.boot.test.mock.mockito.MockitoTestExecutionListener, org.springframework.boot.test.mock.mockito.ResetMocksTestExecutionListener, org.springframework.boot.test.autoconfigure.restdocs.RestDocsTestExecutionListener, org.springframework.boot.test.autoconfigure.web.client.MockRestServiceServerResetTestExecutionListener, org.springframework.boot.test.autoconfigure.web.servlet.MockMvcPrintOnlyOnFailureTestExecutionListener, org.springframework.boot.test.autoconfigure.web.servlet.WebDriverTestExecutionListener, org.springframework.test.context.web.ServletTestExecutionListener, org.springframework.test.context.support.DirtiesContextBeforeModesTestExecutionListener, org.springframework.test.context.support.DependencyInjectionTestExecutionListener, org.springframework.test.context.support.DirtiesContextTestExecutionListener, org.springframework.test.context.transaction.TransactionalTestExecutionListener, org.springframework.test.context.jdbc.SqlScriptsTestExecutionListener]
23:42:48.886 [main] INFO org.springframework.test.context.support.DefaultTestContextBootstrapper - Using TestExecutionListeners: [org.springframework.test.context.web.ServletTestExecutionListener@4e5c8ef3, org.springframework.test.context.support.DirtiesContextBeforeModesTestExecutionListener@60928a61, org.springframework.test.context.support.DependencyInjectionTestExecutionListener@27358a19, org.springframework.test.context.support.DirtiesContextTestExecutionListener@8077c97, org.springframework.test.context.transaction.TransactionalTestExecutionListener@22865072, org.springframework.test.context.jdbc.SqlScriptsTestExecutionListener@563317c1, org.springframework.boot.test.mock.mockito.ResetMocksTestExecutionListener@5d5d3a5c, org.springframework.boot.test.autoconfigure.web.servlet.WebDriverTestExecutionListener@6e0d16a4, org.springframework.boot.test.autoconfigure.restdocs.RestDocsTestExecutionListener@7e18ced7, org.springframework.boot.test.mock.mockito.MockitoTestExecutionListener@305b43ca, org.springframework.boot.test.autoconfigure.web.servlet.MockMvcPrintOnlyOnFailureTestExecutionListener@4601047, org.springframework.boot.test.autoconfigure.web.client.MockRestServiceServerResetTestExecutionListener@25e8e59]
23:42:48.887 [main] DEBUG org.springframework.test.context.junit4.SpringJUnit4ClassRunner - SpringJUnit4ClassRunner constructor called with [class edu.tamu.iiif.utility.RdfModelUtilityTest]
23:42:48.887 [main] DEBUG org.springframework.test.context.BootstrapUtils - Instantiating CacheAwareContextLoaderDelegate from class [org.springframework.test.context.cache.DefaultCacheAwareContextLoaderDelegate]
23:42:48.887 [main] DEBUG org.springframework.test.context.BootstrapUtils - Instantiating BootstrapContext using constructor [public org.springframework.test.context.support.DefaultBootstrapContext(java.lang.Class,org.springframework.test.context.CacheAwareContextLoaderDelegate)]
23:42:48.887 [main] DEBUG org.springframework.test.context.BootstrapUtils - Instantiating TestContextBootstrapper for test class [edu.tamu.iiif.utility.RdfModelUtilityTest] from class [org.springframework.test.context.support.DefaultTestContextBootstrapper]
23:42:48.887 [main] INFO org.springframework.test.context.support.DefaultTestContextBootstrapper - Neither @ContextConfiguration nor @ContextHierarchy found for test class [edu.tamu.iiif.utility.RdfModelUtilityTest], using DelegatingSmartContextLoader
23:42:48.888 [main] DEBUG org.springframework.test.context.support.AbstractDelegatingSmartContextLoader - Delegating to GenericXmlContextLoader to process context configuration [ContextConfigurationAttributes@3a0896b3 declaringClass = 'edu.tamu.iiif.utility.RdfModelUtilityTest', classes = '{}', locations = '{}', inheritLocations = false, initializers = '{}', inheritInitializers = true, name = [null], contextLoaderClass = 'org.springframework.test.context.ContextLoader'].
23:42:48.888 [main] DEBUG org.springframework.test.context.support.AbstractContextLoader - Did not detect default resource location for test class [edu.tamu.iiif.utility.RdfModelUtilityTest]: class path resource [edu/tamu/iiif/utility/RdfModelUtilityTest-context.xml] does not exist
23:42:48.888 [main] INFO org.springframework.test.context.support.AbstractContextLoader - Could not detect default resource locations for test class [edu.tamu.iiif.utility.RdfModelUtilityTest]: no resource found for suffixes {-context.xml}.
23:42:48.888 [main] DEBUG org.springframework.test.context.support.AbstractDelegatingSmartContextLoader - Delegating to AnnotationConfigContextLoader to process context configuration [ContextConfigurationAttributes@3a0896b3 declaringClass = 'edu.tamu.iiif.utility.RdfModelUtilityTest', classes = '{}', locations = '{}', inheritLocations = false, initializers = '{}', inheritInitializers = true, name = [null], contextLoaderClass = 'org.springframework.test.context.ContextLoader'].
23:42:48.889 [main] INFO org.springframework.test.context.support.AnnotationConfigContextLoaderUtils - Could not detect default configuration classes for test class [edu.tamu.iiif.utility.RdfModelUtilityTest]: RdfModelUtilityTest does not declare any static, non-private, non-final, nested classes annotated with @Configuration.
23:42:48.891 [main] DEBUG org.springframework.test.context.support.ActiveProfilesUtils - Could not find an 'annotation declaring class' for annotation type [org.springframework.test.context.ActiveProfiles] and class [edu.tamu.iiif.utility.RdfModelUtilityTest]
23:42:48.891 [main] DEBUG org.springframework.test.context.support.DefaultTestContextBootstrapper - @TestExecutionListeners is not present for class [edu.tamu.iiif.utility.RdfModelUtilityTest]: using defaults.
23:42:48.893 [main] INFO org.springframework.test.context.support.DefaultTestContextBootstrapper - Loaded default TestExecutionListener class names from location [META-INF/spring.factories]: [org.springframework.boot.test.mock.mockito.MockitoTestExecutionListener, org.springframework.boot.test.mock.mockito.ResetMocksTestExecutionListener, org.springframework.boot.test.autoconfigure.restdocs.RestDocsTestExecutionListener, org.springframework.boot.test.autoconfigure.web.client.MockRestServiceServerResetTestExecutionListener, org.springframework.boot.test.autoconfigure.web.servlet.MockMvcPrintOnlyOnFailureTestExecutionListener, org.springframework.boot.test.autoconfigure.web.servlet.WebDriverTestExecutionListener, org.springframework.test.context.web.ServletTestExecutionListener, org.springframework.test.context.support.DirtiesContextBeforeModesTestExecutionListener, org.springframework.test.context.support.DependencyInjectionTestExecutionListener, org.springframework.test.context.support.DirtiesContextTestExecutionListener, org.springframework.test.context.transaction.TransactionalTestExecutionListener, org.springframework.test.context.jdbc.SqlScriptsTestExecutionListener]
23:42:48.893 [main] INFO org.springframework.test.context.support.DefaultTestContextBootstrapper - Using TestExecutionListeners: [org.springframework.test.context.web.ServletTestExecutionListener@9be7319, org.springframework.test.context.support.DirtiesContextBeforeModesTestExecutionListener@91a2543, org.springframework.test.context.support.DependencyInjectionTestExecutionListener@42730828, org.springframework.test.context.support.DirtiesContextTestExecutionListener@18c7f6b5, org.springframework.test.context.transaction.TransactionalTestExecutionListener@629b780f, org.springframework.test.context.jdbc.SqlScriptsTestExecutionListener@3af36922, org.springframework.boot.test.mock.mockito.ResetMocksTestExecutionListener@609b041c, org.springframework.boot.test.autoconfigure.web.servlet.WebDriverTestExecutionListener@474e34e4, org.springframework.boot.test.autoconfigure.restdocs.RestDocsTestExecutionListener@7e2c6702, org.springframework.boot.test.mock.mockito.MockitoTestExecutionListener@5fb7ab9c, org.springframework.boot.test.autoconfigure.web.servlet.MockMvcPrintOnlyOnFailureTestExecutionListener@6734ff92, org.springframework.boot.test.autoconfigure.web.client.MockRestServiceServerResetTestExecutionListener@51eb0e84]
23:42:48.893 [main] DEBUG org.springframework.test.context.junit4.SpringJUnit4ClassRunner - SpringJUnit4ClassRunner constructor called with [class edu.tamu.iiif.model.ManifestTypeTest]
23:42:48.893 [main] DEBUG org.springframework.test.context.BootstrapUtils - Instantiating CacheAwareContextLoaderDelegate from class [org.springframework.test.context.cache.DefaultCacheAwareContextLoaderDelegate]
23:42:48.894 [main] DEBUG org.springframework.test.context.BootstrapUtils - Instantiating BootstrapContext using constructor [public org.springframework.test.context.support.DefaultBootstrapContext(java.lang.Class,org.springframework.test.context.CacheAwareContextLoaderDelegate)]
23:42:48.894 [main] DEBUG org.springframework.test.context.BootstrapUtils - Instantiating TestContextBootstrapper for test class [edu.tamu.iiif.model.ManifestTypeTest] from class [org.springframework.test.context.support.DefaultTestContextBootstrapper]
23:42:48.894 [main] INFO org.springframework.test.context.support.DefaultTestContextBootstrapper - Neither @ContextConfiguration nor @ContextHierarchy found for test class [edu.tamu.iiif.model.ManifestTypeTest], using DelegatingSmartContextLoader
23:42:48.894 [main] DEBUG org.springframework.test.context.support.AbstractDelegatingSmartContextLoader - Delegating to GenericXmlContextLoader to process context configuration [ContextConfigurationAttributes@4ce267cc declaringClass = 'edu.tamu.iiif.model.ManifestTypeTest', classes = '{}', locations = '{}', inheritLocations = false, initializers = '{}', inheritInitializers = true, name = [null], contextLoaderClass = 'org.springframework.test.context.ContextLoader'].
23:42:48.894 [main] DEBUG org.springframework.test.context.support.AbstractContextLoader - Did not detect default resource location for test class [edu.tamu.iiif.model.ManifestTypeTest]: class path resource [edu/tamu/iiif/model/ManifestTypeTest-context.xml] does not exist
23:42:48.894 [main] INFO org.springframework.test.context.support.AbstractContextLoader - Could not detect default resource locations for test class [edu.tamu.iiif.model.ManifestTypeTest]: no resource found for suffixes {-context.xml}.
23:42:48.895 [main] DEBUG org.springframework.test.context.support.AbstractDelegatingSmartContextLoader - Delegating to AnnotationConfigContextLoader to process context configuration [ContextConfigurationAttributes@4ce267cc declaringClass = 'edu.tamu.iiif.model.ManifestTypeTest', classes = '{}', locations = '{}', inheritLocations = false, initializers = '{}', inheritInitializers = true, name = [null], contextLoaderClass = 'org.springframework.test.context.ContextLoader'].
23:42:48.895 [main] INFO org.springframework.test.context.support.AnnotationConfigContextLoaderUtils - Could not detect default configuration classes for test class [edu.tamu.iiif.model.ManifestTypeTest]: ManifestTypeTest does not declare any static, non-private, non-final, nested classes annotated with @Configuration.
23:42:48.897 [main] DEBUG org.springframework.test.context.support.ActiveProfilesUtils - Could not find an 'annotation declaring class' for annotation type [org.springframework.test.context.ActiveProfiles] and class [edu.tamu.iiif.model.ManifestTypeTest]
23:42:48.897 [main] DEBUG org.springframework.test.context.support.DefaultTestContextBootstrapper - @TestExecutionListeners is not present for class [edu.tamu.iiif.model.ManifestTypeTest]: using defaults.
23:42:48.899 [main] INFO org.springframework.test.context.support.DefaultTestContextBootstrapper - Loaded default TestExecutionListener class names from location [META-INF/spring.factories]: [org.springframework.boot.test.mock.mockito.MockitoTestExecutionListener, org.springframework.boot.test.mock.mockito.ResetMocksTestExecutionListener, org.springframework.boot.test.autoconfigure.restdocs.RestDocsTestExecutionListener, org.springframework.boot.test.autoconfigure.web.client.MockRestServiceServerResetTestExecutionListener, org.springframework.boot.test.autoconfigure.web.servlet.MockMvcPrintOnlyOnFailureTestExecutionListener, org.springframework.boot.test.autoconfigure.web.servlet.WebDriverTestExecutionListener, org.springframework.test.context.web.ServletTestExecutionListener, org.springframework.test.context.support.DirtiesContextBeforeModesTestExecutionListener, org.springframework.test.context.support.DependencyInjectionTestExecutionListener, org.springframework.test.context.support.DirtiesContextTestExecutionListener, org.springframework.test.context.transaction.TransactionalTestExecutionListener, org.springframework.test.context.jdbc.SqlScriptsTestExecutionListener]
23:42:48.900 [main] INFO org.springframework.test.context.support.DefaultTestContextBootstrapper - Using TestExecutionListeners: [org.springframework.test.context.web.ServletTestExecutionListener@75ad30c1, org.springframework.test.context.support.DirtiesContextBeforeModesTestExecutionListener@fe8aaeb, org.springframework.test.context.support.DependencyInjectionTestExecutionListener@6b9697ae, org.springframework.test.context.support.DirtiesContextTestExecutionListener@5cf0673d, org.springframework.test.context.transaction.TransactionalTestExecutionListener@40c76f5a, org.springframework.test.context.jdbc.SqlScriptsTestExecutionListener@a323a5b, org.springframework.boot.test.mock.mockito.ResetMocksTestExecutionListener@5546e754, org.springframework.boot.test.autoconfigure.web.servlet.WebDriverTestExecutionListener@ad0bb4e, org.springframework.boot.test.autoconfigure.restdocs.RestDocsTestExecutionListener@7196a8f1, org.springframework.boot.test.mock.mockito.MockitoTestExecutionListener@6a6da47a, org.springframework.boot.test.autoconfigure.web.servlet.MockMvcPrintOnlyOnFailureTestExecutionListener@8f39224, org.springframework.boot.test.autoconfigure.web.client.MockRestServiceServerResetTestExecutionListener@7f642bf]
23:42:48.900 [main] DEBUG org.springframework.test.context.junit4.SpringJUnit4ClassRunner - SpringJUnit4ClassRunner constructor called with [class edu.tamu.iiif.model.rdf.RdfOrderedSequenceTest]
23:42:48.900 [main] DEBUG org.springframework.test.context.BootstrapUtils - Instantiating CacheAwareContextLoaderDelegate from class [org.springframework.test.context.cache.DefaultCacheAwareContextLoaderDelegate]
23:42:48.900 [main] DEBUG org.springframework.test.context.BootstrapUtils - Instantiating BootstrapContext using constructor [public org.springframework.test.context.support.DefaultBootstrapContext(java.lang.Class,org.springframework.test.context.CacheAwareContextLoaderDelegate)]
23:42:48.900 [main] DEBUG org.springframework.test.context.BootstrapUtils - Instantiating TestContextBootstrapper for test class [edu.tamu.iiif.model.rdf.RdfOrderedSequenceTest] from class [org.springframework.test.context.support.DefaultTestContextBootstrapper]
23:42:48.901 [main] INFO org.springframework.test.context.support.DefaultTestContextBootstrapper - Neither @ContextConfiguration nor @ContextHierarchy found for test class [edu.tamu.iiif.model.rdf.RdfOrderedSequenceTest], using DelegatingSmartContextLoader
23:42:48.901 [main] DEBUG org.springframework.test.context.support.AbstractDelegatingSmartContextLoader - Delegating to GenericXmlContextLoader to process context configuration [ContextConfigurationAttributes@44aa91e2 declaringClass = 'edu.tamu.iiif.model.rdf.RdfOrderedSequenceTest', classes = '{}', locations = '{}', inheritLocations = false, initializers = '{}', inheritInitializers = true, name = [null], contextLoaderClass = 'org.springframework.test.context.ContextLoader'].
23:42:48.901 [main] DEBUG org.springframework.test.context.support.AbstractContextLoader - Did not detect default resource location for test class [edu.tamu.iiif.model.rdf.RdfOrderedSequenceTest]: class path resource [edu/tamu/iiif/model/rdf/RdfOrderedSequenceTest-context.xml] does not exist
23:42:48.902 [main] INFO org.springframework.test.context.support.AbstractContextLoader - Could not detect default resource locations for test class [edu.tamu.iiif.model.rdf.RdfOrderedSequenceTest]: no resource found for suffixes {-context.xml}.
23:42:48.902 [main] DEBUG org.springframework.test.context.support.AbstractDelegatingSmartContextLoader - Delegating to AnnotationConfigContextLoader to process context configuration [ContextConfigurationAttributes@44aa91e2 declaringClass = 'edu.tamu.iiif.model.rdf.RdfOrderedSequenceTest', classes = '{}', locations = '{}', inheritLocations = false, initializers = '{}', inheritInitializers = true, name = [null], contextLoaderClass = 'org.springframework.test.context.ContextLoader'].
23:42:48.902 [main] INFO org.springframework.test.context.support.AnnotationConfigContextLoaderUtils - Could not detect default configuration classes for test class [edu.tamu.iiif.model.rdf.RdfOrderedSequenceTest]: RdfOrderedSequenceTest does not declare any static, non-private, non-final, nested classes annotated with @Configuration.
23:42:48.904 [main] DEBUG org.springframework.test.context.support.ActiveProfilesUtils - Could not find an 'annotation declaring class' for annotation type [org.springframework.test.context.ActiveProfiles] and class [edu.tamu.iiif.model.rdf.RdfOrderedSequenceTest]
23:42:48.904 [main] DEBUG org.springframework.test.context.support.DefaultTestContextBootstrapper - @TestExecutionListeners is not present for class [edu.tamu.iiif.model.rdf.RdfOrderedSequenceTest]: using defaults.
23:42:48.906 [main] INFO org.springframework.test.context.support.DefaultTestContextBootstrapper - Loaded default TestExecutionListener class names from location [META-INF/spring.factories]: [org.springframework.boot.test.mock.mockito.MockitoTestExecutionListener, org.springframework.boot.test.mock.mockito.ResetMocksTestExecutionListener, org.springframework.boot.test.autoconfigure.restdocs.RestDocsTestExecutionListener, org.springframework.boot.test.autoconfigure.web.client.MockRestServiceServerResetTestExecutionListener, org.springframework.boot.test.autoconfigure.web.servlet.MockMvcPrintOnlyOnFailureTestExecutionListener, org.springframework.boot.test.autoconfigure.web.servlet.WebDriverTestExecutionListener, org.springframework.test.context.web.ServletTestExecutionListener, org.springframework.test.context.support.DirtiesContextBeforeModesTestExecutionListener, org.springframework.test.context.support.DependencyInjectionTestExecutionListener, org.springframework.test.context.support.DirtiesContextTestExecutionListener, org.springframework.test.context.transaction.TransactionalTestExecutionListener, org.springframework.test.context.jdbc.SqlScriptsTestExecutionListener]
23:42:48.907 [main] INFO org.springframework.test.context.support.DefaultTestContextBootstrapper - Using TestExecutionListeners: [org.springframework.test.context.web.ServletTestExecutionListener@4fe8f2ae, org.springframework.test.context.support.DirtiesContextBeforeModesTestExecutionListener@591be8aa, org.springframework.test.context.support.DependencyInjectionTestExecutionListener@61808ecd, org.springframework.test.context.support.DirtiesContextTestExecutionListener@7f1f60a0, org.springframework.test.context.transaction.TransactionalTestExecutionListener@77ea806f, org.springframework.test.context.jdbc.SqlScriptsTestExecutionListener@71b26880, org.springframework.boot.test.mock.mockito.ResetMocksTestExecutionListener@14a1769d, org.springframework.boot.test.autoconfigure.web.servlet.WebDriverTestExecutionListener@10bf1ec9, org.springframework.boot.test.autoconfigure.restdocs.RestDocsTestExecutionListener@33751d49, org.springframework.boot.test.mock.mockito.MockitoTestExecutionListener@516195cf, org.springframework.boot.test.autoconfigure.web.servlet.MockMvcPrintOnlyOnFailureTestExecutionListener@4eeb14e0, org.springframework.boot.test.autoconfigure.web.client.MockRestServiceServerResetTestExecutionListener@26ca12a2]
23:42:48.907 [main] DEBUG org.springframework.test.context.junit4.SpringJUnit4ClassRunner - SpringJUnit4ClassRunner constructor called with [class edu.tamu.iiif.model.rdf.RdfCanvasTest]
23:42:48.907 [main] DEBUG org.springframework.test.context.BootstrapUtils - Instantiating CacheAwareContextLoaderDelegate from class [org.springframework.test.context.cache.DefaultCacheAwareContextLoaderDelegate]
23:42:48.907 [main] DEBUG org.springframework.test.context.BootstrapUtils - Instantiating BootstrapContext using constructor [public org.springframework.test.context.support.DefaultBootstrapContext(java.lang.Class,org.springframework.test.context.CacheAwareContextLoaderDelegate)]
23:42:48.908 [main] DEBUG org.springframework.test.context.BootstrapUtils - Instantiating TestContextBootstrapper for test class [edu.tamu.iiif.model.rdf.RdfCanvasTest] from class [org.springframework.test.context.support.DefaultTestContextBootstrapper]
23:42:48.908 [main] INFO org.springframework.test.context.support.DefaultTestContextBootstrapper - Neither @ContextConfiguration nor @ContextHierarchy found for test class [edu.tamu.iiif.model.rdf.RdfCanvasTest], using DelegatingSmartContextLoader
23:42:48.908 [main] DEBUG org.springframework.test.context.support.AbstractDelegatingSmartContextLoader - Delegating to GenericXmlContextLoader to process context configuration [ContextConfigurationAttributes@3d4ecc67 declaringClass = 'edu.tamu.iiif.model.rdf.RdfCanvasTest', classes = '{}', locations = '{}', inheritLocations = false, initializers = '{}', inheritInitializers = true, name = [null], contextLoaderClass = 'org.springframework.test.context.ContextLoader'].
23:42:48.908 [main] DEBUG org.springframework.test.context.support.AbstractContextLoader - Did not detect default resource location for test class [edu.tamu.iiif.model.rdf.RdfCanvasTest]: class path resource [edu/tamu/iiif/model/rdf/RdfCanvasTest-context.xml] does not exist
23:42:48.908 [main] INFO org.springframework.test.context.support.AbstractContextLoader - Could not detect default resource locations for test class [edu.tamu.iiif.model.rdf.RdfCanvasTest]: no resource found for suffixes {-context.xml}.
23:42:48.909 [main] DEBUG org.springframework.test.context.support.AbstractDelegatingSmartContextLoader - Delegating to AnnotationConfigContextLoader to process context configuration [ContextConfigurationAttributes@3d4ecc67 declaringClass = 'edu.tamu.iiif.model.rdf.RdfCanvasTest', classes = '{}', locations = '{}', inheritLocations = false, initializers = '{}', inheritInitializers = true, name = [null], contextLoaderClass = 'org.springframework.test.context.ContextLoader'].
23:42:48.909 [main] INFO org.springframework.test.context.support.AnnotationConfigContextLoaderUtils - Could not detect default configuration classes for test class [edu.tamu.iiif.model.rdf.RdfCanvasTest]: RdfCanvasTest does not declare any static, non-private, non-final, nested classes annotated with @Configuration.
23:42:48.911 [main] DEBUG org.springframework.test.context.support.ActiveProfilesUtils - Could not find an 'annotation declaring class' for annotation type [org.springframework.test.context.ActiveProfiles] and class [edu.tamu.iiif.model.rdf.RdfCanvasTest]
23:42:48.911 [main] DEBUG org.springframework.test.context.support.DefaultTestContextBootstrapper - @TestExecutionListeners is not present for class [edu.tamu.iiif.model.rdf.RdfCanvasTest]: using defaults.
23:42:48.913 [main] INFO org.springframework.test.context.support.DefaultTestContextBootstrapper - Loaded default TestExecutionListener class names from location [META-INF/spring.factories]: [org.springframework.boot.test.mock.mockito.MockitoTestExecutionListener, org.springframework.boot.test.mock.mockito.ResetMocksTestExecutionListener, org.springframework.boot.test.autoconfigure.restdocs.RestDocsTestExecutionListener, org.springframework.boot.test.autoconfigure.web.client.MockRestServiceServerResetTestExecutionListener, org.springframework.boot.test.autoconfigure.web.servlet.MockMvcPrintOnlyOnFailureTestExecutionListener, org.springframework.boot.test.autoconfigure.web.servlet.WebDriverTestExecutionListener, org.springframework.test.context.web.ServletTestExecutionListener, org.springframework.test.context.support.DirtiesContextBeforeModesTestExecutionListener, org.springframework.test.context.support.DependencyInjectionTestExecutionListener, org.springframework.test.context.support.DirtiesContextTestExecutionListener, org.springframework.test.context.transaction.TransactionalTestExecutionListener, org.springframework.test.context.jdbc.SqlScriptsTestExecutionListener]
23:42:48.913 [main] INFO org.springframework.test.context.support.DefaultTestContextBootstrapper - Using TestExecutionListeners: [org.springframework.test.context.web.ServletTestExecutionListener@6c5747db, org.springframework.test.context.support.DirtiesContextBeforeModesTestExecutionListener@750cd36d, org.springframework.test.context.support.DependencyInjectionTestExecutionListener@2c8ff67, org.springframework.test.context.support.DirtiesContextTestExecutionListener@21733cbe, org.springframework.test.context.transaction.TransactionalTestExecutionListener@77ccded4, org.springframework.test.context.jdbc.SqlScriptsTestExecutionListener@64c8fcfb, org.springframework.boot.test.mock.mockito.ResetMocksTestExecutionListener@21be14c2, org.springframework.boot.test.autoconfigure.web.servlet.WebDriverTestExecutionListener@19105a87, org.springframework.boot.test.autoconfigure.restdocs.RestDocsTestExecutionListener@83b0d0f, org.springframework.boot.test.mock.mockito.MockitoTestExecutionListener@2bb717d7, org.springframework.boot.test.autoconfigure.web.servlet.MockMvcPrintOnlyOnFailureTestExecutionListener@7afe0e67, org.springframework.boot.test.autoconfigure.web.client.MockRestServiceServerResetTestExecutionListener@6121a7dd]
23:42:48.914 [main] DEBUG org.springframework.test.context.junit4.SpringJUnit4ClassRunner - SpringJUnit4ClassRunner constructor called with [class edu.tamu.iiif.model.rdf.RdfResourceTest]
23:42:48.914 [main] DEBUG org.springframework.test.context.BootstrapUtils - Instantiating CacheAwareContextLoaderDelegate from class [org.springframework.test.context.cache.DefaultCacheAwareContextLoaderDelegate]
23:42:48.914 [main] DEBUG org.springframework.test.context.BootstrapUtils - Instantiating BootstrapContext using constructor [public org.springframework.test.context.support.DefaultBootstrapContext(java.lang.Class,org.springframework.test.context.CacheAwareContextLoaderDelegate)]
23:42:48.915 [main] DEBUG org.springframework.test.context.BootstrapUtils - Instantiating TestContextBootstrapper for test class [edu.tamu.iiif.model.rdf.RdfResourceTest] from class [org.springframework.test.context.support.DefaultTestContextBootstrapper]
23:42:48.915 [main] INFO org.springframework.test.context.support.DefaultTestContextBootstrapper - Neither @ContextConfiguration nor @ContextHierarchy found for test class [edu.tamu.iiif.model.rdf.RdfResourceTest], using DelegatingSmartContextLoader
23:42:48.915 [main] DEBUG org.springframework.test.context.support.AbstractDelegatingSmartContextLoader - Delegating to GenericXmlContextLoader to process context configuration [ContextConfigurationAttributes@31228d83 declaringClass = 'edu.tamu.iiif.model.rdf.RdfResourceTest', classes = '{}', locations = '{}', inheritLocations = false, initializers = '{}', inheritInitializers = true, name = [null], contextLoaderClass = 'org.springframework.test.context.ContextLoader'].
23:42:48.915 [main] DEBUG org.springframework.test.context.support.AbstractContextLoader - Did not detect default resource location for test class [edu.tamu.iiif.model.rdf.RdfResourceTest]: class path resource [edu/tamu/iiif/model/rdf/RdfResourceTest-context.xml] does not exist
23:42:48.916 [main] INFO org.springframework.test.context.support.AbstractContextLoader - Could not detect default resource locations for test class [edu.tamu.iiif.model.rdf.RdfResourceTest]: no resource found for suffixes {-context.xml}.
23:42:48.916 [main] DEBUG org.springframework.test.context.support.AbstractDelegatingSmartContextLoader - Delegating to AnnotationConfigContextLoader to process context configuration [ContextConfigurationAttributes@31228d83 declaringClass = 'edu.tamu.iiif.model.rdf.RdfResourceTest', classes = '{}', locations = '{}', inheritLocations = false, initializers = '{}', inheritInitializers = true, name = [null], contextLoaderClass = 'org.springframework.test.context.ContextLoader'].
23:42:48.916 [main] INFO org.springframework.test.context.support.AnnotationConfigContextLoaderUtils - Could not detect default configuration classes for test class [edu.tamu.iiif.model.rdf.RdfResourceTest]: RdfResourceTest does not declare any static, non-private, non-final, nested classes annotated with @Configuration.
23:42:48.918 [main] DEBUG org.springframework.test.context.support.ActiveProfilesUtils - Could not find an 'annotation declaring class' for annotation type [org.springframework.test.context.ActiveProfiles] and class [edu.tamu.iiif.model.rdf.RdfResourceTest]
23:42:48.918 [main] DEBUG org.springframework.test.context.support.DefaultTestContextBootstrapper - @TestExecutionListeners is not present for class [edu.tamu.iiif.model.rdf.RdfResourceTest]: using defaults.
23:42:48.921 [main] INFO org.springframework.test.context.support.DefaultTestContextBootstrapper - Loaded default TestExecutionListener class names from location [META-INF/spring.factories]: [org.springframework.boot.test.mock.mockito.MockitoTestExecutionListener, org.springframework.boot.test.mock.mockito.ResetMocksTestExecutionListener, org.springframework.boot.test.autoconfigure.restdocs.RestDocsTestExecutionListener, org.springframework.boot.test.autoconfigure.web.client.MockRestServiceServerResetTestExecutionListener, org.springframework.boot.test.autoconfigure.web.servlet.MockMvcPrintOnlyOnFailureTestExecutionListener, org.springframework.boot.test.autoconfigure.web.servlet.WebDriverTestExecutionListener, org.springframework.test.context.web.ServletTestExecutionListener, org.springframework.test.context.support.DirtiesContextBeforeModesTestExecutionListener, org.springframework.test.context.support.DependencyInjectionTestExecutionListener, org.springframework.test.context.support.DirtiesContextTestExecutionListener, org.springframework.test.context.transaction.TransactionalTestExecutionListener, org.springframework.test.context.jdbc.SqlScriptsTestExecutionListener]
23:42:48.921 [main] INFO org.springframework.test.context.support.DefaultTestContextBootstrapper - Using TestExecutionListeners: [org.springframework.test.context.web.ServletTestExecutionListener@4c2c44e8, org.springframework.test.context.support.DirtiesContextBeforeModesTestExecutionListener@7103745, org.springframework.test.context.support.DependencyInjectionTestExecutionListener@227a933d, org.springframework.test.context.support.DirtiesContextTestExecutionListener@25de8898, org.springframework.test.context.transaction.TransactionalTestExecutionListener@bfb93cf, org.springframework.test.context.jdbc.SqlScriptsTestExecutionListener@dd737ea, org.springframework.boot.test.mock.mockito.ResetMocksTestExecutionListener@7bc2ae16, org.springframework.boot.test.autoconfigure.web.servlet.WebDriverTestExecutionListener@2a0963be, org.springframework.boot.test.autoconfigure.restdocs.RestDocsTestExecutionListener@7d3bf8db, org.springframework.boot.test.mock.mockito.MockitoTestExecutionListener@49e7e8f1, org.springframework.boot.test.autoconfigure.web.servlet.MockMvcPrintOnlyOnFailureTestExecutionListener@27bb4dc5, org.springframework.boot.test.autoconfigure.web.client.MockRestServiceServerResetTestExecutionListener@464ede1f]
23:42:48.922 [main] DEBUG org.springframework.test.context.junit4.SpringJUnit4ClassRunner - SpringJUnit4ClassRunner constructor called with [class edu.tamu.iiif.model.RepositoryTypeTest]
23:42:48.922 [main] DEBUG org.springframework.test.context.BootstrapUtils - Instantiating CacheAwareContextLoaderDelegate from class [org.springframework.test.context.cache.DefaultCacheAwareContextLoaderDelegate]
23:42:48.922 [main] DEBUG org.springframework.test.context.BootstrapUtils - Instantiating BootstrapContext using constructor [public org.springframework.test.context.support.DefaultBootstrapContext(java.lang.Class,org.springframework.test.context.CacheAwareContextLoaderDelegate)]
23:42:48.922 [main] DEBUG org.springframework.test.context.BootstrapUtils - Instantiating TestContextBootstrapper for test class [edu.tamu.iiif.model.RepositoryTypeTest] from class [org.springframework.test.context.support.DefaultTestContextBootstrapper]
23:42:48.922 [main] INFO org.springframework.test.context.support.DefaultTestContextBootstrapper - Neither @ContextConfiguration nor @ContextHierarchy found for test class [edu.tamu.iiif.model.RepositoryTypeTest], using DelegatingSmartContextLoader
23:42:48.923 [main] DEBUG org.springframework.test.context.support.AbstractDelegatingSmartContextLoader - Delegating to GenericXmlContextLoader to process context configuration [ContextConfigurationAttributes@64910b2d declaringClass = 'edu.tamu.iiif.model.RepositoryTypeTest', classes = '{}', locations = '{}', inheritLocations = false, initializers = '{}', inheritInitializers = true, name = [null], contextLoaderClass = 'org.springframework.test.context.ContextLoader'].
23:42:48.923 [main] DEBUG org.springframework.test.context.support.AbstractContextLoader - Did not detect default resource location for test class [edu.tamu.iiif.model.RepositoryTypeTest]: class path resource [edu/tamu/iiif/model/RepositoryTypeTest-context.xml] does not exist
23:42:48.923 [main] INFO org.springframework.test.context.support.AbstractContextLoader - Could not detect default resource locations for test class [edu.tamu.iiif.model.RepositoryTypeTest]: no resource found for suffixes {-context.xml}.
23:42:48.923 [main] DEBUG org.springframework.test.context.support.AbstractDelegatingSmartContextLoader - Delegating to AnnotationConfigContextLoader to process context configuration [ContextConfigurationAttributes@64910b2d declaringClass = 'edu.tamu.iiif.model.RepositoryTypeTest', classes = '{}', locations = '{}', inheritLocations = false, initializers = '{}', inheritInitializers = true, name = [null], contextLoaderClass = 'org.springframework.test.context.ContextLoader'].
23:42:48.924 [main] INFO org.springframework.test.context.support.AnnotationConfigContextLoaderUtils - Could not detect default configuration classes for test class [edu.tamu.iiif.model.RepositoryTypeTest]: RepositoryTypeTest does not declare any static, non-private, non-final, nested classes annotated with @Configuration.
23:42:48.927 [main] DEBUG org.springframework.test.context.support.ActiveProfilesUtils - Could not find an 'annotation declaring class' for annotation type [org.springframework.test.context.ActiveProfiles] and class [edu.tamu.iiif.model.RepositoryTypeTest]
23:42:48.927 [main] DEBUG org.springframework.test.context.support.DefaultTestContextBootstrapper - @TestExecutionListeners is not present for class [edu.tamu.iiif.model.RepositoryTypeTest]: using defaults.
23:42:48.929 [main] INFO org.springframework.test.context.support.DefaultTestContextBootstrapper - Loaded default TestExecutionListener class names from location [META-INF/spring.factories]: [org.springframework.boot.test.mock.mockito.MockitoTestExecutionListener, org.springframework.boot.test.mock.mockito.ResetMocksTestExecutionListener, org.springframework.boot.test.autoconfigure.restdocs.RestDocsTestExecutionListener, org.springframework.boot.test.autoconfigure.web.client.MockRestServiceServerResetTestExecutionListener, org.springframework.boot.test.autoconfigure.web.servlet.MockMvcPrintOnlyOnFailureTestExecutionListener, org.springframework.boot.test.autoconfigure.web.servlet.WebDriverTestExecutionListener, org.springframework.test.context.web.ServletTestExecutionListener, org.springframework.test.context.support.DirtiesContextBeforeModesTestExecutionListener, org.springframework.test.context.support.DependencyInjectionTestExecutionListener, org.springframework.test.context.support.DirtiesContextTestExecutionListener, org.springframework.test.context.transaction.TransactionalTestExecutionListener, org.springframework.test.context.jdbc.SqlScriptsTestExecutionListener]
23:42:48.930 [main] INFO org.springframework.test.context.support.DefaultTestContextBootstrapper - Using TestExecutionListeners: [org.springframework.test.context.web.ServletTestExecutionListener@18e4551, org.springframework.test.context.support.DirtiesContextBeforeModesTestExecutionListener@3ea48c37, org.springframework.test.context.support.DependencyInjectionTestExecutionListener@11e834ad, org.springframework.test.context.support.DirtiesContextTestExecutionListener@710ae6a7, org.springframework.test.context.transaction.TransactionalTestExecutionListener@25d911a, org.springframework.test.context.jdbc.SqlScriptsTestExecutionListener@18026052, org.springframework.boot.test.mock.mockito.ResetMocksTestExecutionListener@489f62a3, org.springframework.boot.test.autoconfigure.web.servlet.WebDriverTestExecutionListener@6e068ac9, org.springframework.boot.test.autoconfigure.restdocs.RestDocsTestExecutionListener@3d0352, org.springframework.boot.test.mock.mockito.MockitoTestExecutionListener@bb6f3f7, org.springframework.boot.test.autoconfigure.web.servlet.MockMvcPrintOnlyOnFailureTestExecutionListener@388f1258, org.springframework.boot.test.autoconfigure.web.client.MockRestServiceServerResetTestExecutionListener@62058742]
23:42:48.930 [main] DEBUG org.springframework.test.context.junit4.SpringJUnit4ClassRunner - SpringJUnit4ClassRunner constructor called with [class edu.tamu.iiif.model.RedisManifestTest]
23:42:48.930 [main] DEBUG org.springframework.test.context.BootstrapUtils - Instantiating CacheAwareContextLoaderDelegate from class [org.springframework.test.context.cache.DefaultCacheAwareContextLoaderDelegate]
23:42:48.930 [main] DEBUG org.springframework.test.context.BootstrapUtils - Instantiating BootstrapContext using constructor [public org.springframework.test.context.support.DefaultBootstrapContext(java.lang.Class,org.springframework.test.context.CacheAwareContextLoaderDelegate)]
23:42:48.930 [main] DEBUG org.springframework.test.context.BootstrapUtils - Instantiating TestContextBootstrapper for test class [edu.tamu.iiif.model.RedisManifestTest] from class [org.springframework.test.context.support.DefaultTestContextBootstrapper]
23:42:48.931 [main] INFO org.springframework.test.context.support.DefaultTestContextBootstrapper - Neither @ContextConfiguration nor @ContextHierarchy found for test class [edu.tamu.iiif.model.RedisManifestTest], using DelegatingSmartContextLoader
23:42:48.931 [main] DEBUG org.springframework.test.context.support.AbstractDelegatingSmartContextLoader - Delegating to GenericXmlContextLoader to process context configuration [ContextConfigurationAttributes@aca2fc3 declaringClass = 'edu.tamu.iiif.model.RedisManifestTest', classes = '{}', locations = '{}', inheritLocations = false, initializers = '{}', inheritInitializers = true, name = [null], contextLoaderClass = 'org.springframework.test.context.ContextLoader'].
23:42:48.931 [main] DEBUG org.springframework.test.context.support.AbstractContextLoader - Did not detect default resource location for test class [edu.tamu.iiif.model.RedisManifestTest]: class path resource [edu/tamu/iiif/model/RedisManifestTest-context.xml] does not exist
23:42:48.931 [main] INFO org.springframework.test.context.support.AbstractContextLoader - Could not detect default resource locations for test class [edu.tamu.iiif.model.RedisManifestTest]: no resource found for suffixes {-context.xml}.
23:42:48.931 [main] DEBUG org.springframework.test.context.support.AbstractDelegatingSmartContextLoader - Delegating to AnnotationConfigContextLoader to process context configuration [ContextConfigurationAttributes@aca2fc3 declaringClass = 'edu.tamu.iiif.model.RedisManifestTest', classes = '{}', locations = '{}', inheritLocations = false, initializers = '{}', inheritInitializers = true, name = [null], contextLoaderClass = 'org.springframework.test.context.ContextLoader'].
23:42:48.931 [main] INFO org.springframework.test.context.support.AnnotationConfigContextLoaderUtils - Could not detect default configuration classes for test class [edu.tamu.iiif.model.RedisManifestTest]: RedisManifestTest does not declare any static, non-private, non-final, nested classes annotated with @Configuration.
23:42:48.934 [main] DEBUG org.springframework.test.context.support.ActiveProfilesUtils - Could not find an 'annotation declaring class' for annotation type [org.springframework.test.context.ActiveProfiles] and class [edu.tamu.iiif.model.RedisManifestTest]
23:42:48.934 [main] DEBUG org.springframework.test.context.support.DefaultTestContextBootstrapper - @TestExecutionListeners is not present for class [edu.tamu.iiif.model.RedisManifestTest]: using defaults.
23:42:48.935 [main] INFO org.springframework.test.context.support.DefaultTestContextBootstrapper - Loaded default TestExecutionListener class names from location [META-INF/spring.factories]: [org.springframework.boot.test.mock.mockito.MockitoTestExecutionListener, org.springframework.boot.test.mock.mockito.ResetMocksTestExecutionListener, org.springframework.boot.test.autoconfigure.restdocs.RestDocsTestExecutionListener, org.springframework.boot.test.autoconfigure.web.client.MockRestServiceServerResetTestExecutionListener, org.springframework.boot.test.autoconfigure.web.servlet.MockMvcPrintOnlyOnFailureTestExecutionListener, org.springframework.boot.test.autoconfigure.web.servlet.WebDriverTestExecutionListener, org.springframework.test.context.web.ServletTestExecutionListener, org.springframework.test.context.support.DirtiesContextBeforeModesTestExecutionListener, org.springframework.test.context.support.DependencyInjectionTestExecutionListener, org.springframework.test.context.support.DirtiesContextTestExecutionListener, org.springframework.test.context.transaction.TransactionalTestExecutionListener, org.springframework.test.context.jdbc.SqlScriptsTestExecutionListener]
23:42:48.936 [main] INFO org.springframework.test.context.support.DefaultTestContextBootstrapper - Using TestExecutionListeners: [org.springframework.test.context.web.ServletTestExecutionListener@18d30e7, org.springframework.test.context.support.DirtiesContextBeforeModesTestExecutionListener@72b40f87, org.springframework.test.context.support.DependencyInjectionTestExecutionListener@2475fba3, org.springframework.test.context.support.DirtiesContextTestExecutionListener@19bf47fc, org.springframework.test.context.transaction.TransactionalTestExecutionListener@71dd4624, org.springframework.test.context.jdbc.SqlScriptsTestExecutionListener@2347b7af, org.springframework.boot.test.mock.mockito.ResetMocksTestExecutionListener@2864f887, org.springframework.boot.test.autoconfigure.web.servlet.WebDriverTestExecutionListener@4b07cad0, org.springframework.boot.test.autoconfigure.restdocs.RestDocsTestExecutionListener@507049f2, org.springframework.boot.test.mock.mockito.MockitoTestExecutionListener@4e94669c, org.springframework.boot.test.autoconfigure.web.servlet.MockMvcPrintOnlyOnFailureTestExecutionListener@41bb1f09, org.springframework.boot.test.autoconfigure.web.client.MockRestServiceServerResetTestExecutionListener@349f0ca4]
23:42:48.936 [main] DEBUG org.springframework.test.context.junit4.SpringJUnit4ClassRunner - SpringJUnit4ClassRunner constructor called with [class edu.tamu.iiif.exception.NotFoundExceptionTest]
23:42:48.937 [main] DEBUG org.springframework.test.context.BootstrapUtils - Instantiating CacheAwareContextLoaderDelegate from class [org.springframework.test.context.cache.DefaultCacheAwareContextLoaderDelegate]
23:42:48.937 [main] DEBUG org.springframework.test.context.BootstrapUtils - Instantiating BootstrapContext using constructor [public org.springframework.test.context.support.DefaultBootstrapContext(java.lang.Class,org.springframework.test.context.CacheAwareContextLoaderDelegate)]
23:42:48.937 [main] DEBUG org.springframework.test.context.BootstrapUtils - Instantiating TestContextBootstrapper for test class [edu.tamu.iiif.exception.NotFoundExceptionTest] from class [org.springframework.test.context.support.DefaultTestContextBootstrapper]
23:42:48.937 [main] INFO org.springframework.test.context.support.DefaultTestContextBootstrapper - Neither @ContextConfiguration nor @ContextHierarchy found for test class [edu.tamu.iiif.exception.NotFoundExceptionTest], using DelegatingSmartContextLoader
23:42:48.937 [main] DEBUG org.springframework.test.context.support.AbstractDelegatingSmartContextLoader - Delegating to GenericXmlContextLoader to process context configuration [ContextConfigurationAttributes@66f2ec1c declaringClass = 'edu.tamu.iiif.exception.NotFoundExceptionTest', classes = '{}', locations = '{}', inheritLocations = false, initializers = '{}', inheritInitializers = true, name = [null], contextLoaderClass = 'org.springframework.test.context.ContextLoader'].
23:42:48.938 [main] DEBUG org.springframework.test.context.support.AbstractContextLoader - Did not detect default resource location for test class [edu.tamu.iiif.exception.NotFoundExceptionTest]: class path resource [edu/tamu/iiif/exception/NotFoundExceptionTest-context.xml] does not exist
23:42:48.938 [main] INFO org.springframework.test.context.support.AbstractContextLoader - Could not detect default resource locations for test class [edu.tamu.iiif.exception.NotFoundExceptionTest]: no resource found for suffixes {-context.xml}.
23:42:48.938 [main] DEBUG org.springframework.test.context.support.AbstractDelegatingSmartContextLoader - Delegating to AnnotationConfigContextLoader to process context configuration [ContextConfigurationAttributes@66f2ec1c declaringClass = 'edu.tamu.iiif.exception.NotFoundExceptionTest', classes = '{}', locations = '{}', inheritLocations = false, initializers = '{}', inheritInitializers = true, name = [null], contextLoaderClass = 'org.springframework.test.context.ContextLoader'].
23:42:48.938 [main] INFO org.springframework.test.context.support.AnnotationConfigContextLoaderUtils - Could not detect default configuration classes for test class [edu.tamu.iiif.exception.NotFoundExceptionTest]: NotFoundExceptionTest does not declare any static, non-private, non-final, nested classes annotated with @Configuration.
23:42:48.940 [main] DEBUG org.springframework.test.context.support.ActiveProfilesUtils - Could not find an 'annotation declaring class' for annotation type [org.springframework.test.context.ActiveProfiles] and class [edu.tamu.iiif.exception.NotFoundExceptionTest]
23:42:48.941 [main] DEBUG org.springframework.test.context.support.DefaultTestContextBootstrapper - @TestExecutionListeners is not present for class [edu.tamu.iiif.exception.NotFoundExceptionTest]: using defaults.
23:42:48.942 [main] INFO org.springframework.test.context.support.DefaultTestContextBootstrapper - Loaded default TestExecutionListener class names from location [META-INF/spring.factories]: [org.springframework.boot.test.mock.mockito.MockitoTestExecutionListener, org.springframework.boot.test.mock.mockito.ResetMocksTestExecutionListener, org.springframework.boot.test.autoconfigure.restdocs.RestDocsTestExecutionListener, org.springframework.boot.test.autoconfigure.web.client.MockRestServiceServerResetTestExecutionListener, org.springframework.boot.test.autoconfigure.web.servlet.MockMvcPrintOnlyOnFailureTestExecutionListener, org.springframework.boot.test.autoconfigure.web.servlet.WebDriverTestExecutionListener, org.springframework.test.context.web.ServletTestExecutionListener, org.springframework.test.context.support.DirtiesContextBeforeModesTestExecutionListener, org.springframework.test.context.support.DependencyInjectionTestExecutionListener, org.springframework.test.context.support.DirtiesContextTestExecutionListener, org.springframework.test.context.transaction.TransactionalTestExecutionListener, org.springframework.test.context.jdbc.SqlScriptsTestExecutionListener]
23:42:48.943 [main] INFO org.springframework.test.context.support.DefaultTestContextBootstrapper - Using TestExecutionListeners: [org.springframework.test.context.web.ServletTestExecutionListener@352f6727, org.springframework.test.context.support.DirtiesContextBeforeModesTestExecutionListener@2ab9e43e, org.springframework.test.context.support.DependencyInjectionTestExecutionListener@10dfa7ef, org.springframework.test.context.support.DirtiesContextTestExecutionListener@4fd80300, org.springframework.test.context.transaction.TransactionalTestExecutionListener@1805383, org.springframework.test.context.jdbc.SqlScriptsTestExecutionListener@64fdcf99, org.springframework.boot.test.mock.mockito.ResetMocksTestExecutionListener@9f0fc36, org.springframework.boot.test.autoconfigure.web.servlet.WebDriverTestExecutionListener@63f2e0b, org.springframework.boot.test.autoconfigure.restdocs.RestDocsTestExecutionListener@5a06904, org.springframework.boot.test.mock.mockito.MockitoTestExecutionListener@fabef2e, org.springframework.boot.test.autoconfigure.web.servlet.MockMvcPrintOnlyOnFailureTestExecutionListener@1b4a3a1, org.springframework.boot.test.autoconfigure.web.client.MockRestServiceServerResetTestExecutionListener@7e848aea]
23:42:48.943 [main] DEBUG org.springframework.test.context.junit4.SpringJUnit4ClassRunner - SpringJUnit4ClassRunner constructor called with [class edu.tamu.iiif.exception.RedisManifestNotFoundExceptionTest]
23:42:48.943 [main] DEBUG org.springframework.test.context.BootstrapUtils - Instantiating CacheAwareContextLoaderDelegate from class [org.springframework.test.context.cache.DefaultCacheAwareContextLoaderDelegate]
23:42:48.943 [main] DEBUG org.springframework.test.context.BootstrapUtils - Instantiating BootstrapContext using constructor [public org.springframework.test.context.support.DefaultBootstrapContext(java.lang.Class,org.springframework.test.context.CacheAwareContextLoaderDelegate)]
23:42:48.944 [main] DEBUG org.springframework.test.context.BootstrapUtils - Instantiating TestContextBootstrapper for test class [edu.tamu.iiif.exception.RedisManifestNotFoundExceptionTest] from class [org.springframework.test.context.support.DefaultTestContextBootstrapper]
23:42:48.944 [main] INFO org.springframework.test.context.support.DefaultTestContextBootstrapper - Neither @ContextConfiguration nor @ContextHierarchy found for test class [edu.tamu.iiif.exception.RedisManifestNotFoundExceptionTest], using DelegatingSmartContextLoader
23:42:48.944 [main] DEBUG org.springframework.test.context.support.AbstractDelegatingSmartContextLoader - Delegating to GenericXmlContextLoader to process context configuration [ContextConfigurationAttributes@786a3477 declaringClass = 'edu.tamu.iiif.exception.RedisManifestNotFoundExceptionTest', classes = '{}', locations = '{}', inheritLocations = false, initializers = '{}', inheritInitializers = true, name = [null], contextLoaderClass = 'org.springframework.test.context.ContextLoader'].
23:42:48.944 [main] DEBUG org.springframework.test.context.support.AbstractContextLoader - Did not detect default resource location for test class [edu.tamu.iiif.exception.RedisManifestNotFoundExceptionTest]: class path resource [edu/tamu/iiif/exception/RedisManifestNotFoundExceptionTest-context.xml] does not exist
23:42:48.944 [main] INFO org.springframework.test.context.support.AbstractContextLoader - Could not detect default resource locations for test class [edu.tamu.iiif.exception.RedisManifestNotFoundExceptionTest]: no resource found for suffixes {-context.xml}.
23:42:48.945 [main] DEBUG org.springframework.test.context.support.AbstractDelegatingSmartContextLoader - Delegating to AnnotationConfigContextLoader to process context configuration [ContextConfigurationAttributes@786a3477 declaringClass = 'edu.tamu.iiif.exception.RedisManifestNotFoundExceptionTest', classes = '{}', locations = '{}', inheritLocations = false, initializers = '{}', inheritInitializers = true, name = [null], contextLoaderClass = 'org.springframework.test.context.ContextLoader'].
23:42:48.945 [main] INFO org.springframework.test.context.support.AnnotationConfigContextLoaderUtils - Could not detect default configuration classes for test class [edu.tamu.iiif.exception.RedisManifestNotFoundExceptionTest]: RedisManifestNotFoundExceptionTest does not declare any static, non-private, non-final, nested classes annotated with @Configuration.
23:42:48.957 [main] DEBUG org.springframework.test.context.support.ActiveProfilesUtils - Could not find an 'annotation declaring class' for annotation type [org.springframework.test.context.ActiveProfiles] and class [edu.tamu.iiif.exception.RedisManifestNotFoundExceptionTest]
23:42:48.957 [main] DEBUG org.springframework.test.context.support.DefaultTestContextBootstrapper - @TestExecutionListeners is not present for class [edu.tamu.iiif.exception.RedisManifestNotFoundExceptionTest]: using defaults.
23:42:48.959 [main] INFO org.springframework.test.context.support.DefaultTestContextBootstrapper - Loaded default TestExecutionListener class names from location [META-INF/spring.factories]: [org.springframework.boot.test.mock.mockito.MockitoTestExecutionListener, org.springframework.boot.test.mock.mockito.ResetMocksTestExecutionListener, org.springframework.boot.test.autoconfigure.restdocs.RestDocsTestExecutionListener, org.springframework.boot.test.autoconfigure.web.client.MockRestServiceServerResetTestExecutionListener, org.springframework.boot.test.autoconfigure.web.servlet.MockMvcPrintOnlyOnFailureTestExecutionListener, org.springframework.boot.test.autoconfigure.web.servlet.WebDriverTestExecutionListener, org.springframework.test.context.web.ServletTestExecutionListener, org.springframework.test.context.support.DirtiesContextBeforeModesTestExecutionListener, org.springframework.test.context.support.DependencyInjectionTestExecutionListener, org.springframework.test.context.support.DirtiesContextTestExecutionListener, org.springframework.test.context.transaction.TransactionalTestExecutionListener, org.springframework.test.context.jdbc.SqlScriptsTestExecutionListener]
23:42:48.959 [main] INFO org.springframework.test.context.support.DefaultTestContextBootstrapper - Using TestExecutionListeners: [org.springframework.test.context.web.ServletTestExecutionListener@3513d214, org.springframework.test.context.support.DirtiesContextBeforeModesTestExecutionListener@7534785a, org.springframework.test.context.support.DependencyInjectionTestExecutionListener@46b5f061, org.springframework.test.context.support.DirtiesContextTestExecutionListener@3ba3f40d, org.springframework.test.context.transaction.TransactionalTestExecutionListener@108b121f, org.springframework.test.context.jdbc.SqlScriptsTestExecutionListener@46ab4efc, org.springframework.boot.test.mock.mockito.ResetMocksTestExecutionListener@2ff498b0, org.springframework.boot.test.autoconfigure.web.servlet.WebDriverTestExecutionListener@b5312df, org.springframework.boot.test.autoconfigure.restdocs.RestDocsTestExecutionListener@4300e240, org.springframework.boot.test.mock.mockito.MockitoTestExecutionListener@5f409872, org.springframework.boot.test.autoconfigure.web.servlet.MockMvcPrintOnlyOnFailureTestExecutionListener@547aaa32, org.springframework.boot.test.autoconfigure.web.client.MockRestServiceServerResetTestExecutionListener@472c9f88]
23:42:48.960 [main] DEBUG org.springframework.test.context.junit4.SpringJUnit4ClassRunner - SpringJUnit4ClassRunner constructor called with [class edu.tamu.iiif.IrIiifServiceTest]
23:42:48.960 [main] DEBUG org.springframework.test.context.BootstrapUtils - Instantiating CacheAwareContextLoaderDelegate from class [org.springframework.test.context.cache.DefaultCacheAwareContextLoaderDelegate]
23:42:48.960 [main] DEBUG org.springframework.test.context.BootstrapUtils - Instantiating BootstrapContext using constructor [public org.springframework.test.context.support.DefaultBootstrapContext(java.lang.Class,org.springframework.test.context.CacheAwareContextLoaderDelegate)]
23:42:48.962 [main] DEBUG org.springframework.test.context.BootstrapUtils - Instantiating TestContextBootstrapper for test class [edu.tamu.iiif.IrIiifServiceTest] from class [org.springframework.boot.test.context.SpringBootTestContextBootstrapper]
23:42:48.962 [main] INFO org.springframework.boot.test.context.SpringBootTestContextBootstrapper - Neither @ContextConfiguration nor @ContextHierarchy found for test class [edu.tamu.iiif.IrIiifServiceTest], using SpringBootContextLoader
23:42:48.963 [main] DEBUG org.springframework.test.context.support.AbstractContextLoader - Did not detect default resource location for test class [edu.tamu.iiif.IrIiifServiceTest]: class path resource [edu/tamu/iiif/IrIiifServiceTest-context.xml] does not exist
23:42:48.963 [main] DEBUG org.springframework.test.context.support.AbstractContextLoader - Did not detect default resource location for test class [edu.tamu.iiif.IrIiifServiceTest]: class path resource [edu/tamu/iiif/IrIiifServiceTestContext.groovy] does not exist
23:42:48.963 [main] INFO org.springframework.test.context.support.AbstractContextLoader - Could not detect default resource locations for test class [edu.tamu.iiif.IrIiifServiceTest]: no resource found for suffixes {-context.xml, Context.groovy}.
23:42:48.966 [main] DEBUG org.springframework.test.context.support.ActiveProfilesUtils - Could not find an 'annotation declaring class' for annotation type [org.springframework.test.context.ActiveProfiles] and class [edu.tamu.iiif.IrIiifServiceTest]
23:42:48.972 [main] DEBUG org.springframework.boot.test.context.SpringBootTestContextBootstrapper - @TestExecutionListeners is not present for class [edu.tamu.iiif.IrIiifServiceTest]: using defaults.
23:42:48.973 [main] INFO org.springframework.boot.test.context.SpringBootTestContextBootstrapper - Loaded default TestExecutionListener class names from location [META-INF/spring.factories]: [org.springframework.boot.test.mock.mockito.MockitoTestExecutionListener, org.springframework.boot.test.mock.mockito.ResetMocksTestExecutionListener, org.springframework.boot.test.autoconfigure.restdocs.RestDocsTestExecutionListener, org.springframework.boot.test.autoconfigure.web.client.MockRestServiceServerResetTestExecutionListener, org.springframework.boot.test.autoconfigure.web.servlet.MockMvcPrintOnlyOnFailureTestExecutionListener, org.springframework.boot.test.autoconfigure.web.servlet.WebDriverTestExecutionListener, org.springframework.test.context.web.ServletTestExecutionListener, org.springframework.test.context.support.DirtiesContextBeforeModesTestExecutionListener, org.springframework.test.context.support.DependencyInjectionTestExecutionListener, org.springframework.test.context.support.DirtiesContextTestExecutionListener, org.springframework.test.context.transaction.TransactionalTestExecutionListener, org.springframework.test.context.jdbc.SqlScriptsTestExecutionListener]
23:42:48.975 [main] INFO org.springframework.boot.test.context.SpringBootTestContextBootstrapper - Using TestExecutionListeners: [org.springframework.test.context.web.ServletTestExecutionListener@3ef2b8e5, org.springframework.test.context.support.DirtiesContextBeforeModesTestExecutionListener@49190ed6, org.springframework.boot.test.autoconfigure.SpringBootDependencyInjectionTestExecutionListener@5d717f19, org.springframework.test.context.support.DirtiesContextTestExecutionListener@18715bb, org.springframework.test.context.transaction.TransactionalTestExecutionListener@2a19a0fe, org.springframework.test.context.jdbc.SqlScriptsTestExecutionListener@2b7774d5, org.springframework.boot.test.mock.mockito.ResetMocksTestExecutionListener@7d284f15, org.springframework.boot.test.autoconfigure.web.servlet.WebDriverTestExecutionListener@44bbb7c6, org.springframework.boot.test.autoconfigure.restdocs.RestDocsTestExecutionListener@2342f1ff, org.springframework.boot.test.mock.mockito.MockitoTestExecutionListener@3303e89e, org.springframework.boot.test.autoconfigure.web.servlet.MockMvcPrintOnlyOnFailureTestExecutionListener@cec590c, org.springframework.boot.test.autoconfigure.web.client.MockRestServiceServerResetTestExecutionListener@1570cad0]
23:42:48.979 [main] DEBUG org.springframework.test.annotation.ProfileValueUtils - Retrieved @ProfileValueSourceConfiguration [null] for test class [edu.tamu.iiif.service.fedora.FedoraCanvasManifestServiceTest]
23:42:48.980 [main] DEBUG org.springframework.test.annotation.ProfileValueUtils - Retrieved ProfileValueSource type [class org.springframework.test.annotation.SystemProfileValueSource] for class [edu.tamu.iiif.service.fedora.FedoraCanvasManifestServiceTest]
23:42:48.980 [main] DEBUG org.springframework.test.annotation.ProfileValueUtils - Retrieved @ProfileValueSourceConfiguration [null] for test class [edu.tamu.iiif.service.fedora.FedoraSequenceManifestServiceTest]
23:42:48.980 [main] DEBUG org.springframework.test.annotation.ProfileValueUtils - Retrieved ProfileValueSource type [class org.springframework.test.annotation.SystemProfileValueSource] for class [edu.tamu.iiif.service.fedora.FedoraSequenceManifestServiceTest]
23:42:48.981 [main] DEBUG org.springframework.test.annotation.ProfileValueUtils - Retrieved @ProfileValueSourceConfiguration [null] for test class [edu.tamu.iiif.service.fedora.FedoraCollectionManifestServiceTest]
23:42:48.981 [main] DEBUG org.springframework.test.annotation.ProfileValueUtils - Retrieved ProfileValueSource type [class org.springframework.test.annotation.SystemProfileValueSource] for class [edu.tamu.iiif.service.fedora.FedoraCollectionManifestServiceTest]
23:42:48.981 [main] DEBUG org.springframework.test.annotation.ProfileValueUtils - Retrieved @ProfileValueSourceConfiguration [null] for test class [edu.tamu.iiif.service.fedora.FedoraPresentationManifestServiceTest]
23:42:48.981 [main] DEBUG org.springframework.test.annotation.ProfileValueUtils - Retrieved ProfileValueSource type [class org.springframework.test.annotation.SystemProfileValueSource] for class [edu.tamu.iiif.service.fedora.FedoraPresentationManifestServiceTest]
23:42:48.981 [main] DEBUG org.springframework.test.annotation.ProfileValueUtils - Retrieved @ProfileValueSourceConfiguration [null] for test class [edu.tamu.iiif.service.fedora.FedoraImageManifestServiceTest]
23:42:48.981 [main] DEBUG org.springframework.test.annotation.ProfileValueUtils - Retrieved ProfileValueSource type [class org.springframework.test.annotation.SystemProfileValueSource] for class [edu.tamu.iiif.service.fedora.FedoraImageManifestServiceTest]
23:42:48.981 [main] DEBUG org.springframework.test.annotation.ProfileValueUtils - Retrieved @ProfileValueSourceConfiguration [null] for test class [edu.tamu.iiif.service.dspace.DSpaceCollectionManifestServiceTest]
23:42:48.981 [main] DEBUG org.springframework.test.annotation.ProfileValueUtils - Retrieved ProfileValueSource type [class org.springframework.test.annotation.SystemProfileValueSource] for class [edu.tamu.iiif.service.dspace.DSpaceCollectionManifestServiceTest]
23:42:48.981 [main] DEBUG org.springframework.test.annotation.ProfileValueUtils - Retrieved @ProfileValueSourceConfiguration [null] for test class [edu.tamu.iiif.service.dspace.DSpacePresentationManifestServiceTest]
23:42:48.981 [main] DEBUG org.springframework.test.annotation.ProfileValueUtils - Retrieved ProfileValueSource type [class org.springframework.test.annotation.SystemProfileValueSource] for class [edu.tamu.iiif.service.dspace.DSpacePresentationManifestServiceTest]
23:42:48.982 [main] DEBUG org.springframework.test.annotation.ProfileValueUtils - Retrieved @ProfileValueSourceConfiguration [null] for test class [edu.tamu.iiif.service.dspace.DSpaceCanvasManifestServiceTest]
23:42:48.982 [main] DEBUG org.springframework.test.annotation.ProfileValueUtils - Retrieved ProfileValueSource type [class org.springframework.test.annotation.SystemProfileValueSource] for class [edu.tamu.iiif.service.dspace.DSpaceCanvasManifestServiceTest]
23:42:48.982 [main] DEBUG org.springframework.test.annotation.ProfileValueUtils - Retrieved @ProfileValueSourceConfiguration [null] for test class [edu.tamu.iiif.service.dspace.DSpaceImageManifestServiceTest]
23:42:48.982 [main] DEBUG org.springframework.test.annotation.ProfileValueUtils - Retrieved ProfileValueSource type [class org.springframework.test.annotation.SystemProfileValueSource] for class [edu.tamu.iiif.service.dspace.DSpaceImageManifestServiceTest]
23:42:48.982 [main] DEBUG org.springframework.test.annotation.ProfileValueUtils - Retrieved @ProfileValueSourceConfiguration [null] for test class [edu.tamu.iiif.service.dspace.DSpaceSequenceManifestServiceTest]
23:42:48.982 [main] DEBUG org.springframework.test.annotation.ProfileValueUtils - Retrieved ProfileValueSource type [class org.springframework.test.annotation.SystemProfileValueSource] for class [edu.tamu.iiif.service.dspace.DSpaceSequenceManifestServiceTest]
23:42:48.982 [main] DEBUG org.springframework.test.annotation.ProfileValueUtils - Retrieved @ProfileValueSourceConfiguration [null] for test class [edu.tamu.iiif.service.HttpServiceTest]
23:42:48.982 [main] DEBUG org.springframework.test.annotation.ProfileValueUtils - Retrieved ProfileValueSource type [class org.springframework.test.annotation.SystemProfileValueSource] for class [edu.tamu.iiif.service.HttpServiceTest]
23:42:48.982 [main] DEBUG org.springframework.test.annotation.ProfileValueUtils - Retrieved @ProfileValueSourceConfiguration [null] for test class [edu.tamu.iiif.controller.fedora.FedoraSequenceManifestControllerTest]
23:42:48.983 [main] DEBUG org.springframework.test.annotation.ProfileValueUtils - Retrieved ProfileValueSource type [class org.springframework.test.annotation.SystemProfileValueSource] for class [edu.tamu.iiif.controller.fedora.FedoraSequenceManifestControllerTest]
23:42:48.983 [main] DEBUG org.springframework.test.annotation.ProfileValueUtils - Retrieved @ProfileValueSourceConfiguration [null] for test class [edu.tamu.iiif.controller.fedora.FedoraImageManifestControllerTest]
23:42:48.983 [main] DEBUG org.springframework.test.annotation.ProfileValueUtils - Retrieved ProfileValueSource type [class org.springframework.test.annotation.SystemProfileValueSource] for class [edu.tamu.iiif.controller.fedora.FedoraImageManifestControllerTest]
23:42:48.983 [main] DEBUG org.springframework.test.annotation.ProfileValueUtils - Retrieved @ProfileValueSourceConfiguration [null] for test class [edu.tamu.iiif.controller.fedora.FedoraCollectionManifestControllerTest]
23:42:48.983 [main] DEBUG org.springframework.test.annotation.ProfileValueUtils - Retrieved ProfileValueSource type [class org.springframework.test.annotation.SystemProfileValueSource] for class [edu.tamu.iiif.controller.fedora.FedoraCollectionManifestControllerTest]
23:42:48.983 [main] DEBUG org.springframework.test.annotation.ProfileValueUtils - Retrieved @ProfileValueSourceConfiguration [null] for test class [edu.tamu.iiif.controller.fedora.FedoraPresentationManifestControllerTest]
23:42:48.983 [main] DEBUG org.springframework.test.annotation.ProfileValueUtils - Retrieved ProfileValueSource type [class org.springframework.test.annotation.SystemProfileValueSource] for class [edu.tamu.iiif.controller.fedora.FedoraPresentationManifestControllerTest]
23:42:48.983 [main] DEBUG org.springframework.test.annotation.ProfileValueUtils - Retrieved @ProfileValueSourceConfiguration [null] for test class [edu.tamu.iiif.controller.fedora.FedoraCanvasManifestControllerTest]
23:42:48.984 [main] DEBUG org.springframework.test.annotation.ProfileValueUtils - Retrieved ProfileValueSource type [class org.springframework.test.annotation.SystemProfileValueSource] for class [edu.tamu.iiif.controller.fedora.FedoraCanvasManifestControllerTest]
23:42:48.984 [main] DEBUG org.springframework.test.annotation.ProfileValueUtils - Retrieved @ProfileValueSourceConfiguration [null] for test class [edu.tamu.iiif.controller.dspace.DSpacePresentationManifestControllerTest]
23:42:48.984 [main] DEBUG org.springframework.test.annotation.ProfileValueUtils - Retrieved ProfileValueSource type [class org.springframework.test.annotation.SystemProfileValueSource] for class [edu.tamu.iiif.controller.dspace.DSpacePresentationManifestControllerTest]
23:42:48.984 [main] DEBUG org.springframework.test.annotation.ProfileValueUtils - Retrieved @ProfileValueSourceConfiguration [null] for test class [edu.tamu.iiif.controller.dspace.DSpaceSequenceManifestControllerTest]
23:42:48.984 [main] DEBUG org.springframework.test.annotation.ProfileValueUtils - Retrieved ProfileValueSource type [class org.springframework.test.annotation.SystemProfileValueSource] for class [edu.tamu.iiif.controller.dspace.DSpaceSequenceManifestControllerTest]
23:42:48.984 [main] DEBUG org.springframework.test.annotation.ProfileValueUtils - Retrieved @ProfileValueSourceConfiguration [null] for test class [edu.tamu.iiif.controller.dspace.DSpaceCollectionManifestControllerTest]
23:42:48.984 [main] DEBUG org.springframework.test.annotation.ProfileValueUtils - Retrieved ProfileValueSource type [class org.springframework.test.annotation.SystemProfileValueSource] for class [edu.tamu.iiif.controller.dspace.DSpaceCollectionManifestControllerTest]
23:42:48.984 [main] DEBUG org.springframework.test.annotation.ProfileValueUtils - Retrieved @ProfileValueSourceConfiguration [null] for test class [edu.tamu.iiif.controller.dspace.DSpaceCanvasManifestControllerTest]
23:42:48.984 [main] DEBUG org.springframework.test.annotation.ProfileValueUtils - Retrieved ProfileValueSource type [class org.springframework.test.annotation.SystemProfileValueSource] for class [edu.tamu.iiif.controller.dspace.DSpaceCanvasManifestControllerTest]
23:42:48.985 [main] DEBUG org.springframework.test.annotation.ProfileValueUtils - Retrieved @ProfileValueSourceConfiguration [null] for test class [edu.tamu.iiif.controller.dspace.DSpaceImageManifestControllerTest]
23:42:48.985 [main] DEBUG org.springframework.test.annotation.ProfileValueUtils - Retrieved ProfileValueSource type [class org.springframework.test.annotation.SystemProfileValueSource] for class [edu.tamu.iiif.controller.dspace.DSpaceImageManifestControllerTest]
23:42:48.985 [main] DEBUG org.springframework.test.annotation.ProfileValueUtils - Retrieved @ProfileValueSourceConfiguration [null] for test class [edu.tamu.iiif.controller.advice.GlobalExceptionHandlerTest]
23:42:48.985 [main] DEBUG org.springframework.test.annotation.ProfileValueUtils - Retrieved ProfileValueSource type [class org.springframework.test.annotation.SystemProfileValueSource] for class [edu.tamu.iiif.controller.advice.GlobalExceptionHandlerTest]
23:42:48.985 [main] DEBUG org.springframework.test.annotation.ProfileValueUtils - Retrieved @ProfileValueSourceConfiguration [null] for test class [edu.tamu.iiif.utility.StringUtilityTest]
23:42:48.985 [main] DEBUG org.springframework.test.annotation.ProfileValueUtils - Retrieved ProfileValueSource type [class org.springframework.test.annotation.SystemProfileValueSource] for class [edu.tamu.iiif.utility.StringUtilityTest]
23:42:48.985 [main] DEBUG org.springframework.test.annotation.ProfileValueUtils - Retrieved @ProfileValueSourceConfiguration [null] for test class [edu.tamu.iiif.utility.RdfModelUtilityTest]
23:42:48.986 [main] DEBUG org.springframework.test.annotation.ProfileValueUtils - Retrieved ProfileValueSource type [class org.springframework.test.annotation.SystemProfileValueSource] for class [edu.tamu.iiif.utility.RdfModelUtilityTest]
23:42:48.986 [main] DEBUG org.springframework.test.annotation.ProfileValueUtils - Retrieved @ProfileValueSourceConfiguration [null] for test class [edu.tamu.iiif.model.ManifestTypeTest]
23:42:48.986 [main] DEBUG org.springframework.test.annotation.ProfileValueUtils - Retrieved ProfileValueSource type [class org.springframework.test.annotation.SystemProfileValueSource] for class [edu.tamu.iiif.model.ManifestTypeTest]
23:42:48.986 [main] DEBUG org.springframework.test.annotation.ProfileValueUtils - Retrieved @ProfileValueSourceConfiguration [null] for test class [edu.tamu.iiif.model.rdf.RdfOrderedSequenceTest]
23:42:48.986 [main] DEBUG org.springframework.test.annotation.ProfileValueUtils - Retrieved ProfileValueSource type [class org.springframework.test.annotation.SystemProfileValueSource] for class [edu.tamu.iiif.model.rdf.RdfOrderedSequenceTest]
23:42:48.986 [main] DEBUG org.springframework.test.annotation.ProfileValueUtils - Retrieved @ProfileValueSourceConfiguration [null] for test class [edu.tamu.iiif.model.rdf.RdfCanvasTest]
23:42:48.986 [main] DEBUG org.springframework.test.annotation.ProfileValueUtils - Retrieved ProfileValueSource type [class org.springframework.test.annotation.SystemProfileValueSource] for class [edu.tamu.iiif.model.rdf.RdfCanvasTest]
23:42:48.986 [main] DEBUG org.springframework.test.annotation.ProfileValueUtils - Retrieved @ProfileValueSourceConfiguration [null] for test class [edu.tamu.iiif.model.rdf.RdfResourceTest]
23:42:48.986 [main] DEBUG org.springframework.test.annotation.ProfileValueUtils - Retrieved ProfileValueSource type [class org.springframework.test.annotation.SystemProfileValueSource] for class [edu.tamu.iiif.model.rdf.RdfResourceTest]
23:42:48.987 [main] DEBUG org.springframework.test.annotation.ProfileValueUtils - Retrieved @ProfileValueSourceConfiguration [null] for test class [edu.tamu.iiif.model.RepositoryTypeTest]
23:42:48.987 [main] DEBUG org.springframework.test.annotation.ProfileValueUtils - Retrieved ProfileValueSource type [class org.springframework.test.annotation.SystemProfileValueSource] for class [edu.tamu.iiif.model.RepositoryTypeTest]
23:42:48.987 [main] DEBUG org.springframework.test.annotation.ProfileValueUtils - Retrieved @ProfileValueSourceConfiguration [null] for test class [edu.tamu.iiif.model.RedisManifestTest]
23:42:48.987 [main] DEBUG org.springframework.test.annotation.ProfileValueUtils - Retrieved ProfileValueSource type [class org.springframework.test.annotation.SystemProfileValueSource] for class [edu.tamu.iiif.model.RedisManifestTest]
23:42:48.987 [main] DEBUG org.springframework.test.annotation.ProfileValueUtils - Retrieved @ProfileValueSourceConfiguration [null] for test class [edu.tamu.iiif.exception.NotFoundExceptionTest]
23:42:48.987 [main] DEBUG org.springframework.test.annotation.ProfileValueUtils - Retrieved ProfileValueSource type [class org.springframework.test.annotation.SystemProfileValueSource] for class [edu.tamu.iiif.exception.NotFoundExceptionTest]
23:42:48.987 [main] DEBUG org.springframework.test.annotation.ProfileValueUtils - Retrieved @ProfileValueSourceConfiguration [null] for test class [edu.tamu.iiif.exception.RedisManifestNotFoundExceptionTest]
23:42:48.987 [main] DEBUG org.springframework.test.annotation.ProfileValueUtils - Retrieved ProfileValueSource type [class org.springframework.test.annotation.SystemProfileValueSource] for class [edu.tamu.iiif.exception.RedisManifestNotFoundExceptionTest]
23:42:48.987 [main] DEBUG org.springframework.test.annotation.ProfileValueUtils - Retrieved @ProfileValueSourceConfiguration [null] for test class [edu.tamu.iiif.IrIiifServiceTest]
23:42:48.988 [main] DEBUG org.springframework.test.annotation.ProfileValueUtils - Retrieved ProfileValueSource type [class org.springframework.test.annotation.SystemProfileValueSource] for class [edu.tamu.iiif.IrIiifServiceTest]
23:42:48.992 [main] DEBUG org.springframework.test.context.junit4.SpringJUnit4ClassRunner - SpringJUnit4ClassRunner constructor called with [class edu.tamu.iiif.service.fedora.FedoraCanvasManifestServiceTest]
23:42:48.992 [main] DEBUG org.springframework.test.context.BootstrapUtils - Instantiating CacheAwareContextLoaderDelegate from class [org.springframework.test.context.cache.DefaultCacheAwareContextLoaderDelegate]
23:42:48.992 [main] DEBUG org.springframework.test.context.BootstrapUtils - Instantiating BootstrapContext using constructor [public org.springframework.test.context.support.DefaultBootstrapContext(java.lang.Class,org.springframework.test.context.CacheAwareContextLoaderDelegate)]
23:42:48.992 [main] DEBUG org.springframework.test.context.BootstrapUtils - Instantiating TestContextBootstrapper for test class [edu.tamu.iiif.service.fedora.FedoraCanvasManifestServiceTest] from class [org.springframework.test.context.support.DefaultTestContextBootstrapper]
23:42:48.992 [main] INFO org.springframework.test.context.support.DefaultTestContextBootstrapper - Neither @ContextConfiguration nor @ContextHierarchy found for test class [edu.tamu.iiif.service.fedora.FedoraCanvasManifestServiceTest], using DelegatingSmartContextLoader
23:42:48.992 [main] DEBUG org.springframework.test.context.support.AbstractDelegatingSmartContextLoader - Delegating to GenericXmlContextLoader to process context configuration [ContextConfigurationAttributes@4fad51a3 declaringClass = 'edu.tamu.iiif.service.fedora.FedoraCanvasManifestServiceTest', classes = '{}', locations = '{}', inheritLocations = false, initializers = '{}', inheritInitializers = true, name = [null], contextLoaderClass = 'org.springframework.test.context.ContextLoader'].
23:42:48.993 [main] DEBUG org.springframework.test.context.support.AbstractContextLoader - Did not detect default resource location for test class [edu.tamu.iiif.service.fedora.FedoraCanvasManifestServiceTest]: class path resource [edu/tamu/iiif/service/fedora/FedoraCanvasManifestServiceTest-context.xml] does not exist
23:42:48.993 [main] INFO org.springframework.test.context.support.AbstractContextLoader - Could not detect default resource locations for test class [edu.tamu.iiif.service.fedora.FedoraCanvasManifestServiceTest]: no resource found for suffixes {-context.xml}.
23:42:48.993 [main] DEBUG org.springframework.test.context.support.AbstractDelegatingSmartContextLoader - Delegating to AnnotationConfigContextLoader to process context configuration [ContextConfigurationAttributes@4fad51a3 declaringClass = 'edu.tamu.iiif.service.fedora.FedoraCanvasManifestServiceTest', classes = '{}', locations = '{}', inheritLocations = false, initializers = '{}', inheritInitializers = true, name = [null], contextLoaderClass = 'org.springframework.test.context.ContextLoader'].
23:42:48.993 [main] INFO org.springframework.test.context.support.AnnotationConfigContextLoaderUtils - Could not detect default configuration classes for test class [edu.tamu.iiif.service.fedora.FedoraCanvasManifestServiceTest]: FedoraCanvasManifestServiceTest does not declare any static, non-private, non-final, nested classes annotated with @Configuration.
23:42:48.995 [main] DEBUG org.springframework.test.context.support.ActiveProfilesUtils - Could not find an 'annotation declaring class' for annotation type [org.springframework.test.context.ActiveProfiles] and class [edu.tamu.iiif.service.fedora.FedoraCanvasManifestServiceTest]
23:42:48.995 [main] DEBUG org.springframework.test.context.support.DefaultTestContextBootstrapper - @TestExecutionListeners is not present for class [edu.tamu.iiif.service.fedora.FedoraCanvasManifestServiceTest]: using defaults.
23:42:48.997 [main] INFO org.springframework.test.context.support.DefaultTestContextBootstrapper - Loaded default TestExecutionListener class names from location [META-INF/spring.factories]: [org.springframework.boot.test.mock.mockito.MockitoTestExecutionListener, org.springframework.boot.test.mock.mockito.ResetMocksTestExecutionListener, org.springframework.boot.test.autoconfigure.restdocs.RestDocsTestExecutionListener, org.springframework.boot.test.autoconfigure.web.client.MockRestServiceServerResetTestExecutionListener, org.springframework.boot.test.autoconfigure.web.servlet.MockMvcPrintOnlyOnFailureTestExecutionListener, org.springframework.boot.test.autoconfigure.web.servlet.WebDriverTestExecutionListener, org.springframework.test.context.web.ServletTestExecutionListener, org.springframework.test.context.support.DirtiesContextBeforeModesTestExecutionListener, org.springframework.test.context.support.DependencyInjectionTestExecutionListener, org.springframework.test.context.support.DirtiesContextTestExecutionListener, org.springframework.test.context.transaction.TransactionalTestExecutionListener, org.springframework.test.context.jdbc.SqlScriptsTestExecutionListener]
23:42:48.997 [main] INFO org.springframework.test.context.support.DefaultTestContextBootstrapper - Using TestExecutionListeners: [org.springframework.test.context.web.ServletTestExecutionListener@27d73d22, org.springframework.test.context.support.DirtiesContextBeforeModesTestExecutionListener@7fd751de, org.springframework.test.context.support.DependencyInjectionTestExecutionListener@e162a35, org.springframework.test.context.support.DirtiesContextTestExecutionListener@1124910c, org.springframework.test.context.transaction.TransactionalTestExecutionListener@f849027, org.springframework.test.context.jdbc.SqlScriptsTestExecutionListener@4a9869a8, org.springframework.boot.test.mock.mockito.ResetMocksTestExecutionListener@75e0a54c, org.springframework.boot.test.autoconfigure.web.servlet.WebDriverTestExecutionListener@40f9f60d, org.springframework.boot.test.autoconfigure.restdocs.RestDocsTestExecutionListener@6bd7439d, org.springframework.boot.test.mock.mockito.MockitoTestExecutionListener@628ba266, org.springframework.boot.test.autoconfigure.web.servlet.MockMvcPrintOnlyOnFailureTestExecutionListener@1231a1be, org.springframework.boot.test.autoconfigure.web.client.MockRestServiceServerResetTestExecutionListener@1d77746b]
23:42:48.998 [main] DEBUG org.springframework.test.annotation.ProfileValueUtils - Retrieved @ProfileValueSourceConfiguration [null] for test class [edu.tamu.iiif.service.fedora.FedoraCanvasManifestServiceTest]
23:42:48.998 [main] DEBUG org.springframework.test.annotation.ProfileValueUtils - Retrieved ProfileValueSource type [class org.springframework.test.annotation.SystemProfileValueSource] for class [edu.tamu.iiif.service.fedora.FedoraCanvasManifestServiceTest]
23:42:48.999 [main] DEBUG org.springframework.test.annotation.ProfileValueUtils - Retrieved @ProfileValueSourceConfiguration [null] for test class [edu.tamu.iiif.service.fedora.FedoraCanvasManifestServiceTest]
23:42:48.999 [main] DEBUG org.springframework.test.annotation.ProfileValueUtils - Retrieved ProfileValueSource type [class org.springframework.test.annotation.SystemProfileValueSource] for class [edu.tamu.iiif.service.fedora.FedoraCanvasManifestServiceTest]
23:42:49.001 [main] DEBUG org.springframework.test.context.support.AbstractDirtiesContextTestExecutionListener - Before test class: context [DefaultTestContext@595fed99 testClass = FedoraCanvasManifestServiceTest, testInstance = [null], testMethod = [null], testException = [null], mergedContextConfiguration = [MergedContextConfiguration@7d522180 testClass = FedoraCanvasManifestServiceTest, locations = '{}', classes = '{}', contextInitializerClasses = '[]', activeProfiles = '{}', propertySourceLocations = '{}', propertySourceProperties = '{}', contextCustomizers = set[org.springframework.boot.test.context.filter.ExcludeFilterContextCustomizer@102d92c4, org.springframework.boot.test.json.DuplicateJsonObjectContextCustomizerFactory$DuplicateJsonObjectContextCustomizer@79767781, org.springframework.boot.test.mock.mockito.MockitoContextCustomizer@0, org.springframework.boot.test.autoconfigure.properties.PropertyMappingContextCustomizer@0, org.springframework.boot.test.autoconfigure.web.servlet.WebDriverContextCustomizerFactory$Customizer@336365bc], contextLoader = 'org.springframework.test.context.support.DelegatingSmartContextLoader', parent = [null]]], class annotated with @DirtiesContext [false] with mode [null].
23:42:49.002 [main] DEBUG org.springframework.test.annotation.ProfileValueUtils - Retrieved @ProfileValueSourceConfiguration [null] for test class [edu.tamu.iiif.service.fedora.FedoraCanvasManifestServiceTest]
23:42:49.002 [main] DEBUG org.springframework.test.annotation.ProfileValueUtils - Retrieved ProfileValueSource type [class org.springframework.test.annotation.SystemProfileValueSource] for class [edu.tamu.iiif.service.fedora.FedoraCanvasManifestServiceTest]
23:42:49.005 [main] DEBUG org.springframework.test.context.support.DependencyInjectionTestExecutionListener - Performing dependency injection for test context [[DefaultTestContext@595fed99 testClass = FedoraCanvasManifestServiceTest, testInstance = edu.tamu.iiif.service.fedora.FedoraCanvasManifestServiceTest@316d30ad, testMethod = [null], testException = [null], mergedContextConfiguration = [MergedContextConfiguration@7d522180 testClass = FedoraCanvasManifestServiceTest, locations = '{}', classes = '{}', contextInitializerClasses = '[]', activeProfiles = '{}', propertySourceLocations = '{}', propertySourceProperties = '{}', contextCustomizers = set[org.springframework.boot.test.context.filter.ExcludeFilterContextCustomizer@102d92c4, org.springframework.boot.test.json.DuplicateJsonObjectContextCustomizerFactory$DuplicateJsonObjectContextCustomizer@79767781, org.springframework.boot.test.mock.mockito.MockitoContextCustomizer@0, org.springframework.boot.test.autoconfigure.properties.PropertyMappingContextCustomizer@0, org.springframework.boot.test.autoconfigure.web.servlet.WebDriverContextCustomizerFactory$Customizer@336365bc], contextLoader = 'org.springframework.test.context.support.DelegatingSmartContextLoader', parent = [null]]]].
23:42:49.005 [main] DEBUG org.springframework.test.context.support.AbstractDelegatingSmartContextLoader - Delegating to AnnotationConfigContextLoader to load context from [MergedContextConfiguration@7d522180 testClass = FedoraCanvasManifestServiceTest, locations = '{}', classes = '{}', contextInitializerClasses = '[]', activeProfiles = '{}', propertySourceLocations = '{}', propertySourceProperties = '{}', contextCustomizers = set[org.springframework.boot.test.context.filter.ExcludeFilterContextCustomizer@102d92c4, org.springframework.boot.test.json.DuplicateJsonObjectContextCustomizerFactory$DuplicateJsonObjectContextCustomizer@79767781, org.springframework.boot.test.mock.mockito.MockitoContextCustomizer@0, org.springframework.boot.test.autoconfigure.properties.PropertyMappingContextCustomizer@0, org.springframework.boot.test.autoconfigure.web.servlet.WebDriverContextCustomizerFactory$Customizer@336365bc], contextLoader = 'org.springframework.test.context.support.DelegatingSmartContextLoader', parent = [null]].
23:42:49.005 [main] DEBUG org.springframework.test.context.support.AbstractGenericContextLoader - Loading ApplicationContext for merged context configuration [[MergedContextConfiguration@7d522180 testClass = FedoraCanvasManifestServiceTest, locations = '{}', classes = '{}', contextInitializerClasses = '[]', activeProfiles = '{}', propertySourceLocations = '{}', propertySourceProperties = '{}', contextCustomizers = set[org.springframework.boot.test.context.filter.ExcludeFilterContextCustomizer@102d92c4, org.springframework.boot.test.json.DuplicateJsonObjectContextCustomizerFactory$DuplicateJsonObjectContextCustomizer@79767781, org.springframework.boot.test.mock.mockito.MockitoContextCustomizer@0, org.springframework.boot.test.autoconfigure.properties.PropertyMappingContextCustomizer@0, org.springframework.boot.test.autoconfigure.web.servlet.WebDriverContextCustomizerFactory$Customizer@336365bc], contextLoader = 'org.springframework.test.context.support.DelegatingSmartContextLoader', parent = [null]]].
23:42:49.074 [main] DEBUG org.springframework.core.env.StandardEnvironment - Adding [systemProperties] PropertySource with lowest search precedence
23:42:49.074 [main] DEBUG org.springframework.core.env.StandardEnvironment - Adding [systemEnvironment] PropertySource with lowest search precedence
23:42:49.074 [main] DEBUG org.springframework.core.env.StandardEnvironment - Initialized StandardEnvironment with PropertySources [systemProperties,systemEnvironment]
23:42:49.074 [main] DEBUG org.springframework.test.context.support.AnnotationConfigContextLoader - Registering annotated classes: {}
23:42:49.130 [main] INFO org.springframework.context.support.GenericApplicationContext - Refreshing org.springframework.context.support.GenericApplicationContext@5ee77baf: startup date [Tue Jun 05 23:42:49 CEST 2018]; root of context hierarchy
23:42:49.131 [main] DEBUG org.springframework.context.support.GenericApplicationContext - Bean factory for org.springframework.context.support.GenericApplicationContext@5ee77baf: org.springframework.beans.factory.support.DefaultListableBeanFactory@7482309c: defining beans [org.springframework.context.annotation.internalConfigurationAnnotationProcessor,org.springframework.context.annotation.internalAutowiredAnnotationProcessor,org.springframework.context.annotation.internalRequiredAnnotationProcessor,org.springframework.context.annotation.internalCommonAnnotationProcessor,org.springframework.context.event.internalEventListenerProcessor,org.springframework.context.event.internalEventListenerFactory,org.springframework.boot.test.mock.mockito.MockitoPostProcessor$SpyPostProcessor,org.springframework.boot.test.mock.mockito.MockitoPostProcessor]; root of factory hierarchy
23:42:49.165 [main] DEBUG org.springframework.beans.factory.support.DefaultListableBeanFactory - Creating shared instance of singleton bean 'org.springframework.context.annotation.internalConfigurationAnnotationProcessor'
23:42:49.165 [main] DEBUG org.springframework.beans.factory.support.DefaultListableBeanFactory - Creating instance of bean 'org.springframework.context.annotation.internalConfigurationAnnotationProcessor'
23:42:49.193 [main] DEBUG org.springframework.beans.factory.support.DefaultListableBeanFactory - Eagerly caching bean 'org.springframework.context.annotation.internalConfigurationAnnotationProcessor' to allow for resolving potential circular references
23:42:49.196 [main] DEBUG org.springframework.beans.factory.support.DefaultListableBeanFactory - Finished creating instance of bean 'org.springframework.context.annotation.internalConfigurationAnnotationProcessor'
23:42:49.231 [main] DEBUG org.springframework.beans.factory.support.DefaultListableBeanFactory - Creating shared instance of singleton bean 'org.springframework.boot.test.mock.mockito.MockitoPostProcessor'
23:42:49.231 [main] DEBUG org.springframework.beans.factory.support.DefaultListableBeanFactory - Creating instance of bean 'org.springframework.boot.test.mock.mockito.MockitoPostProcessor'
23:42:49.281 [main] DEBUG org.springframework.beans.factory.support.DefaultListableBeanFactory - Eagerly caching bean 'org.springframework.boot.test.mock.mockito.MockitoPostProcessor' to allow for resolving potential circular references
23:42:49.360 [main] DEBUG org.springframework.beans.factory.support.DefaultListableBeanFactory - Finished creating instance of bean 'org.springframework.boot.test.mock.mockito.MockitoPostProcessor'
23:42:49.362 [main] DEBUG org.springframework.beans.factory.support.DefaultListableBeanFactory - Creating shared instance of singleton bean 'org.springframework.context.annotation.internalAutowiredAnnotationProcessor'
23:42:49.362 [main] DEBUG org.springframework.beans.factory.support.DefaultListableBeanFactory - Creating instance of bean 'org.springframework.context.annotation.internalAutowiredAnnotationProcessor'
23:42:49.363 [main] DEBUG org.springframework.beans.factory.support.DefaultListableBeanFactory - Eagerly caching bean 'org.springframework.context.annotation.internalAutowiredAnnotationProcessor' to allow for resolving potential circular references
23:42:49.370 [main] DEBUG org.springframework.beans.factory.support.DefaultListableBeanFactory - Finished creating instance of bean 'org.springframework.context.annotation.internalAutowiredAnnotationProcessor'
23:42:49.370 [main] DEBUG org.springframework.beans.factory.support.DefaultListableBeanFactory - Creating shared instance of singleton bean 'org.springframework.context.annotation.internalRequiredAnnotationProcessor'
23:42:49.370 [main] DEBUG org.springframework.beans.factory.support.DefaultListableBeanFactory - Creating instance of bean 'org.springframework.context.annotation.internalRequiredAnnotationProcessor'
23:42:49.371 [main] DEBUG org.springframework.beans.factory.support.DefaultListableBeanFactory - Eagerly caching bean 'org.springframework.context.annotation.internalRequiredAnnotationProcessor' to allow for resolving potential circular references
23:42:49.376 [main] DEBUG org.springframework.beans.factory.support.DefaultListableBeanFactory - Finished creating instance of bean 'org.springframework.context.annotation.internalRequiredAnnotationProcessor'
23:42:49.377 [main] DEBUG org.springframework.beans.factory.support.DefaultListableBeanFactory - Creating shared instance of singleton bean 'org.springframework.context.annotation.internalCommonAnnotationProcessor'
23:42:49.377 [main] DEBUG org.springframework.beans.factory.support.DefaultListableBeanFactory - Creating instance of bean 'org.springframework.context.annotation.internalCommonAnnotationProcessor'
23:42:49.386 [main] DEBUG org.springframework.beans.factory.support.DefaultListableBeanFactory - Eagerly caching bean 'org.springframework.context.annotation.internalCommonAnnotationProcessor' to allow for resolving potential circular references
23:42:49.396 [main] DEBUG org.springframework.beans.factory.support.DefaultListableBeanFactory - Finished creating instance of bean 'org.springframework.context.annotation.internalCommonAnnotationProcessor'
23:42:49.396 [main] DEBUG org.springframework.beans.factory.support.DefaultListableBeanFactory - Creating shared instance of singleton bean 'org.springframework.boot.test.mock.mockito.MockitoPostProcessor$SpyPostProcessor'
23:42:49.397 [main] DEBUG org.springframework.beans.factory.support.DefaultListableBeanFactory - Creating instance of bean 'org.springframework.boot.test.mock.mockito.MockitoPostProcessor$SpyPostProcessor'
23:42:49.416 [main] DEBUG org.springframework.beans.factory.support.DefaultListableBeanFactory - Returning cached instance of singleton bean 'org.springframework.boot.test.mock.mockito.MockitoPostProcessor'
23:42:49.417 [main] DEBUG org.springframework.beans.factory.support.DefaultListableBeanFactory - Eagerly caching bean 'org.springframework.boot.test.mock.mockito.MockitoPostProcessor$SpyPostProcessor' to allow for resolving potential circular references
23:42:49.420 [main] DEBUG org.springframework.beans.factory.support.DefaultListableBeanFactory - Finished creating instance of bean 'org.springframework.boot.test.mock.mockito.MockitoPostProcessor$SpyPostProcessor'
23:42:49.421 [main] DEBUG org.springframework.beans.factory.support.DefaultListableBeanFactory - Returning cached instance of singleton bean 'org.springframework.boot.test.mock.mockito.MockitoPostProcessor'
23:42:49.421 [main] DEBUG org.springframework.beans.factory.support.DefaultListableBeanFactory - Returning cached instance of singleton bean 'org.springframework.boot.test.autoconfigure.properties.PropertyMappingContextCustomizer$PropertyMappingCheckBeanPostProcessor'
23:42:49.425 [main] DEBUG org.springframework.context.support.GenericApplicationContext - Unable to locate MessageSource with name 'messageSource': using default [org.springframework.context.support.DelegatingMessageSource@3a45308f]
23:42:49.429 [main] DEBUG org.springframework.context.support.GenericApplicationContext - Unable to locate ApplicationEventMulticaster with name 'applicationEventMulticaster': using default [org.springframework.context.event.SimpleApplicationEventMulticaster@5e8698c0]
23:42:49.431 [main] DEBUG org.springframework.beans.factory.support.DefaultListableBeanFactory - Pre-instantiating singletons in org.springframework.beans.factory.support.DefaultListableBeanFactory@7482309c: defining beans [org.springframework.context.annotation.internalConfigurationAnnotationProcessor,org.springframework.context.annotation.internalAutowiredAnnotationProcessor,org.springframework.context.annotation.internalRequiredAnnotationProcessor,org.springframework.context.annotation.internalCommonAnnotationProcessor,org.springframework.context.event.internalEventListenerProcessor,org.springframework.context.event.internalEventListenerFactory,org.springframework.boot.test.mock.mockito.MockitoPostProcessor$SpyPostProcessor,org.springframework.boot.test.mock.mockito.MockitoPostProcessor]; root of factory hierarchy
23:42:49.431 [main] DEBUG org.springframework.beans.factory.support.DefaultListableBeanFactory - Returning cached instance of singleton bean 'org.springframework.context.annotation.internalConfigurationAnnotationProcessor'
23:42:49.431 [main] DEBUG org.springframework.beans.factory.support.DefaultListableBeanFactory - Returning cached instance of singleton bean 'org.springframework.context.annotation.internalAutowiredAnnotationProcessor'
23:42:49.431 [main] DEBUG org.springframework.beans.factory.support.DefaultListableBeanFactory - Returning cached instance of singleton bean 'org.springframework.context.annotation.internalRequiredAnnotationProcessor'
23:42:49.432 [main] DEBUG org.springframework.beans.factory.support.DefaultListableBeanFactory - Returning cached instance of singleton bean 'org.springframework.context.annotation.internalCommonAnnotationProcessor'
23:42:49.432 [main] DEBUG org.springframework.beans.factory.support.DefaultListableBeanFactory - Creating shared instance of singleton bean 'org.springframework.context.event.internalEventListenerProcessor'
23:42:49.432 [main] DEBUG org.springframework.beans.factory.support.DefaultListableBeanFactory - Creating instance of bean 'org.springframework.context.event.internalEventListenerProcessor'
23:42:49.444 [main] DEBUG org.springframework.beans.factory.support.DefaultListableBeanFactory - Eagerly caching bean 'org.springframework.context.event.internalEventListenerProcessor' to allow for resolving potential circular references
23:42:49.448 [main] DEBUG org.springframework.beans.factory.support.DefaultListableBeanFactory - Finished creating instance of bean 'org.springframework.context.event.internalEventListenerProcessor'
23:42:49.448 [main] DEBUG org.springframework.beans.factory.support.DefaultListableBeanFactory - Creating shared instance of singleton bean 'org.springframework.context.event.internalEventListenerFactory'
23:42:49.449 [main] DEBUG org.springframework.beans.factory.support.DefaultListableBeanFactory - Creating instance of bean 'org.springframework.context.event.internalEventListenerFactory'
23:42:49.449 [main] DEBUG org.springframework.beans.factory.support.DefaultListableBeanFactory - Eagerly caching bean 'org.springframework.context.event.internalEventListenerFactory' to allow for resolving potential circular references
23:42:49.453 [main] DEBUG org.springframework.beans.factory.support.DefaultListableBeanFactory - Finished creating instance of bean 'org.springframework.context.event.internalEventListenerFactory'
23:42:49.453 [main] DEBUG org.springframework.beans.factory.support.DefaultListableBeanFactory - Returning cached instance of singleton bean 'org.springframework.boot.test.mock.mockito.MockitoPostProcessor$SpyPostProcessor'
23:42:49.453 [main] DEBUG org.springframework.beans.factory.support.DefaultListableBeanFactory - Returning cached instance of singleton bean 'org.springframework.boot.test.mock.mockito.MockitoPostProcessor'
23:42:49.454 [main] DEBUG org.springframework.beans.factory.support.DefaultListableBeanFactory - Returning cached instance of singleton bean 'org.springframework.context.event.internalEventListenerFactory'
23:42:49.488 [main] DEBUG org.springframework.context.support.GenericApplicationContext - Unable to locate LifecycleProcessor with name 'lifecycleProcessor': using default [org.springframework.context.support.DefaultLifecycleProcessor@16361e61]
23:42:49.488 [main] DEBUG org.springframework.beans.factory.support.DefaultListableBeanFactory - Returning cached instance of singleton bean 'lifecycleProcessor'
23:42:49.493 [main] DEBUG org.springframework.core.env.PropertySourcesPropertyResolver - Could not find key 'spring.liveBeansView.mbeanDomain' in any property source
23:42:49.496 [main] DEBUG org.springframework.test.context.cache.DefaultCacheAwareContextLoaderDelegate - Storing ApplicationContext in cache under key [[MergedContextConfiguration@7d522180 testClass = FedoraCanvasManifestServiceTest, locations = '{}', classes = '{}', contextInitializerClasses = '[]', activeProfiles = '{}', propertySourceLocations = '{}', propertySourceProperties = '{}', contextCustomizers = set[org.springframework.boot.test.context.filter.ExcludeFilterContextCustomizer@102d92c4, org.springframework.boot.test.json.DuplicateJsonObjectContextCustomizerFactory$DuplicateJsonObjectContextCustomizer@79767781, org.springframework.boot.test.mock.mockito.MockitoContextCustomizer@0, org.springframework.boot.test.autoconfigure.properties.PropertyMappingContextCustomizer@0, org.springframework.boot.test.autoconfigure.web.servlet.WebDriverContextCustomizerFactory$Customizer@336365bc], contextLoader = 'org.springframework.test.context.support.DelegatingSmartContextLoader', parent = [null]]]
23:42:49.497 [main] DEBUG org.springframework.test.context.cache - Spring test ApplicationContext cache statistics: [DefaultContextCache@1adf387e size = 1, maxSize = 32, parentContextCount = 0, hitCount = 0, missCount = 1]
23:42:49.507 [main] DEBUG org.springframework.beans.factory.annotation.InjectionMetadata - Processing injected element of bean 'edu.tamu.iiif.service.fedora.FedoraCanvasManifestServiceTest': AutowiredFieldElement for private org.springframework.core.io.Resource edu.tamu.iiif.service.fedora.FedoraCanvasManifestServiceTest.rdf
23:42:49.512 [main] DEBUG org.springframework.beans.factory.annotation.InjectionMetadata - Processing injected element of bean 'edu.tamu.iiif.service.fedora.FedoraCanvasManifestServiceTest': AutowiredFieldElement for private org.springframework.core.io.Resource edu.tamu.iiif.service.fedora.FedoraCanvasManifestServiceTest.image0
23:42:49.513 [main] DEBUG org.springframework.beans.factory.annotation.InjectionMetadata - Processing injected element of bean 'edu.tamu.iiif.service.fedora.FedoraCanvasManifestServiceTest': AutowiredFieldElement for private org.springframework.core.io.Resource edu.tamu.iiif.service.fedora.FedoraCanvasManifestServiceTest.canvas
23:42:50.463 [main] DEBUG org.springframework.test.context.support.AbstractDirtiesContextTestExecutionListener - Before test method: context [DefaultTestContext@595fed99 testClass = FedoraCanvasManifestServiceTest, testInstance = edu.tamu.iiif.service.fedora.FedoraCanvasManifestServiceTest@316d30ad, testMethod = testGetManifest@FedoraCanvasManifestServiceTest, testException = [null], mergedContextConfiguration = [MergedContextConfiguration@7d522180 testClass = FedoraCanvasManifestServiceTest, locations = '{}', classes = '{}', contextInitializerClasses = '[]', activeProfiles = '{}', propertySourceLocations = '{}', propertySourceProperties = '{}', contextCustomizers = set[org.springframework.boot.test.context.filter.ExcludeFilterContextCustomizer@102d92c4, org.springframework.boot.test.json.DuplicateJsonObjectContextCustomizerFactory$DuplicateJsonObjectContextCustomizer@79767781, org.springframework.boot.test.mock.mockito.MockitoContextCustomizer@0, org.springframework.boot.test.autoconfigure.properties.PropertyMappingContextCustomizer@0, org.springframework.boot.test.autoconfigure.web.servlet.WebDriverContextCustomizerFactory$Customizer@336365bc], contextLoader = 'org.springframework.test.context.support.DelegatingSmartContextLoader', parent = [null]]], class annotated with @DirtiesContext [false] with mode [null], method annotated with @DirtiesContext [false] with mode [null].
23:42:50.467 [main] DEBUG org.springframework.test.context.cache.DefaultCacheAwareContextLoaderDelegate - Retrieved ApplicationContext from cache with key [[MergedContextConfiguration@7d522180 testClass = FedoraCanvasManifestServiceTest, locations = '{}', classes = '{}', contextInitializerClasses = '[]', activeProfiles = '{}', propertySourceLocations = '{}', propertySourceProperties = '{}', contextCustomizers = set[org.springframework.boot.test.context.filter.ExcludeFilterContextCustomizer@102d92c4, org.springframework.boot.test.json.DuplicateJsonObjectContextCustomizerFactory$DuplicateJsonObjectContextCustomizer@79767781, org.springframework.boot.test.mock.mockito.MockitoContextCustomizer@0, org.springframework.boot.test.autoconfigure.properties.PropertyMappingContextCustomizer@0, org.springframework.boot.test.autoconfigure.web.servlet.WebDriverContextCustomizerFactory$Customizer@336365bc], contextLoader = 'org.springframework.test.context.support.DelegatingSmartContextLoader', parent = [null]]]
23:42:50.468 [main] DEBUG org.springframework.test.context.cache - Spring test ApplicationContext cache statistics: [DefaultContextCache@1adf387e size = 1, maxSize = 32, parentContextCount = 0, hitCount = 1, missCount = 1]
23:42:50.469 [main] DEBUG org.springframework.beans.factory.support.DefaultListableBeanFactory - Returning cached instance of singleton bean 'org.springframework.boot.test.mock.mockito.MockitoBeans'
23:42:50.497 [main] DEBUG org.springframework.test.util.ReflectionTestUtils - Setting field 'iiifServiceUrl' of type [null] on target object [edu.tamu.iiif.service.fedora.FedoraCanvasManifestService@29478556] or target class [class edu.tamu.iiif.service.fedora.FedoraCanvasManifestService] to value [http://localhost:9003]
23:42:50.498 [main] DEBUG org.springframework.test.util.ReflectionTestUtils - Setting field 'imageServerUrl' of type [null] on target object [edu.tamu.iiif.service.fedora.FedoraCanvasManifestService@29478556] or target class [class edu.tamu.iiif.service.fedora.FedoraCanvasManifestService] to value [http://localhost:8182/iiif/2]
23:42:50.498 [main] DEBUG org.springframework.test.util.ReflectionTestUtils - Setting field 'logoUrl' of type [null] on target object [edu.tamu.iiif.service.fedora.FedoraCanvasManifestService@29478556] or target class [class edu.tamu.iiif.service.fedora.FedoraCanvasManifestService] to value [https://brandguide.tamu.edu/assets/downloads/logos/TAM-Logo.png]
23:42:50.498 [main] DEBUG org.springframework.test.util.ReflectionTestUtils - Setting field 'fedoraUrl' of type [null] on target object [edu.tamu.iiif.service.fedora.FedoraCanvasManifestService@29478556] or target class [class edu.tamu.iiif.service.fedora.FedoraCanvasManifestService] to value [http://localhost:9000/fcrepo/rest]
23:42:50.498 [main] DEBUG org.springframework.test.util.ReflectionTestUtils - Setting field 'pcdmRdfExtUrl' of type [null] on target object [edu.tamu.iiif.service.fedora.FedoraCanvasManifestService@29478556] or target class [class edu.tamu.iiif.service.fedora.FedoraCanvasManifestService] to value [http://localhost:9107/pcdm]
23:42:50.522 [main] INFO edu.tamu.iiif.service.AbstractManifestService - Generating new manifest.
23:42:50.548 [main] DEBUG Jena - Jena initialization
23:42:51.012 [main] DEBUG org.apache.jena.util.FileManager - Add location: LocatorFile
23:42:51.012 [main] DEBUG org.apache.jena.util.FileManager - Add location: ClassLoaderLocator
23:42:51.015 [main] DEBUG org.apache.jena.util.LocationMapper - Failed to find configuration: file:location-mapping.rdf;file:location-mapping.n3;file:location-mapping.ttl;file:etc/location-mapping.rdf;file:etc/location-mapping.n3;file:etc/location-mapping.ttl
23:42:51.016 [main] DEBUG org.apache.jena.util.FileManager - Add location: LocatorFile
23:42:51.017 [main] DEBUG org.apache.jena.util.FileManager - Add location: LocatorURL
23:42:51.017 [main] DEBUG org.apache.jena.util.FileManager - Add location: ClassLoaderLocator
23:42:51.027 [main] DEBUG org.apache.jena.riot.system.stream.JenaIOEnvironment - Failed to find configuration: location-mapping.ttl;location-mapping.rdf;location-mapping.n3;etc/location-mapping.rdf;etc/location-mapping.n3;etc/location-mapping.ttl
23:42:51.653 [main] DEBUG org.apache.jena.info - System architecture: 64 bit
23:42:51.880 [main] INFO edu.tamu.iiif.service.AbstractManifestService - Unable to get mime type: http://localhost:9000/fcrepo/rest/cars_pcdm_objects/chevy/pages/page_0/files/PTAR_800x400.png
23:42:52.037 [main] INFO edu.tamu.iiif.service.AbstractManifestService - Manifest requested: cars_pcdm_objects/chevy/pages/page_0
23:42:52.148 [main] DEBUG org.springframework.test.context.cache.DefaultCacheAwareContextLoaderDelegate - Retrieved ApplicationContext from cache with key [[MergedContextConfiguration@7d522180 testClass = FedoraCanvasManifestServiceTest, locations = '{}', classes = '{}', contextInitializerClasses = '[]', activeProfiles = '{}', propertySourceLocations = '{}', propertySourceProperties = '{}', contextCustomizers = set[org.springframework.boot.test.context.filter.ExcludeFilterContextCustomizer@102d92c4, org.springframework.boot.test.json.DuplicateJsonObjectContextCustomizerFactory$DuplicateJsonObjectContextCustomizer@79767781, org.springframework.boot.test.mock.mockito.MockitoContextCustomizer@0, org.springframework.boot.test.autoconfigure.properties.PropertyMappingContextCustomizer@0, org.springframework.boot.test.autoconfigure.web.servlet.WebDriverContextCustomizerFactory$Customizer@336365bc], contextLoader = 'org.springframework.test.context.support.DelegatingSmartContextLoader', parent = [null]]]
23:42:52.148 [main] DEBUG org.springframework.test.context.cache - Spring test ApplicationContext cache statistics: [DefaultContextCache@1adf387e size = 1, maxSize = 32, parentContextCount = 0, hitCount = 2, missCount = 1]
23:42:52.149 [main] DEBUG org.springframework.test.context.cache.DefaultCacheAwareContextLoaderDelegate - Retrieved ApplicationContext from cache with key [[MergedContextConfiguration@7d522180 testClass = FedoraCanvasManifestServiceTest, locations = '{}', classes = '{}', contextInitializerClasses = '[]', activeProfiles = '{}', propertySourceLocations = '{}', propertySourceProperties = '{}', contextCustomizers = set[org.springframework.boot.test.context.filter.ExcludeFilterContextCustomizer@102d92c4, org.springframework.boot.test.json.DuplicateJsonObjectContextCustomizerFactory$DuplicateJsonObjectContextCustomizer@79767781, org.springframework.boot.test.mock.mockito.MockitoContextCustomizer@0, org.springframework.boot.test.autoconfigure.properties.PropertyMappingContextCustomizer@0, org.springframework.boot.test.autoconfigure.web.servlet.WebDriverContextCustomizerFactory$Customizer@336365bc], contextLoader = 'org.springframework.test.context.support.DelegatingSmartContextLoader', parent = [null]]]
23:42:52.149 [main] DEBUG org.springframework.test.context.cache - Spring test ApplicationContext cache statistics: [DefaultContextCache@1adf387e size = 1, maxSize = 32, parentContextCount = 0, hitCount = 3, missCount = 1]
23:42:52.152 [main] DEBUG org.springframework.test.context.cache.DefaultCacheAwareContextLoaderDelegate - Retrieved ApplicationContext from cache with key [[MergedContextConfiguration@7d522180 testClass = FedoraCanvasManifestServiceTest, locations = '{}', classes = '{}', contextInitializerClasses = '[]', activeProfiles = '{}', propertySourceLocations = '{}', propertySourceProperties = '{}', contextCustomizers = set[org.springframework.boot.test.context.filter.ExcludeFilterContextCustomizer@102d92c4, org.springframework.boot.test.json.DuplicateJsonObjectContextCustomizerFactory$DuplicateJsonObjectContextCustomizer@79767781, org.springframework.boot.test.mock.mockito.MockitoContextCustomizer@0, org.springframework.boot.test.autoconfigure.properties.PropertyMappingContextCustomizer@0, org.springframework.boot.test.autoconfigure.web.servlet.WebDriverContextCustomizerFactory$Customizer@336365bc], contextLoader = 'org.springframework.test.context.support.DelegatingSmartContextLoader', parent = [null]]]
23:42:52.152 [main] DEBUG org.springframework.test.context.cache - Spring test ApplicationContext cache statistics: [DefaultContextCache@1adf387e size = 1, maxSize = 32, parentContextCount = 0, hitCount = 4, missCount = 1]
23:42:52.152 [main] DEBUG org.springframework.test.context.cache.DefaultCacheAwareContextLoaderDelegate - Retrieved ApplicationContext from cache with key [[MergedContextConfiguration@7d522180 testClass = FedoraCanvasManifestServiceTest, locations = '{}', classes = '{}', contextInitializerClasses = '[]', activeProfiles = '{}', propertySourceLocations = '{}', propertySourceProperties = '{}', contextCustomizers = set[org.springframework.boot.test.context.filter.ExcludeFilterContextCustomizer@102d92c4, org.springframework.boot.test.json.DuplicateJsonObjectContextCustomizerFactory$DuplicateJsonObjectContextCustomizer@79767781, org.springframework.boot.test.mock.mockito.MockitoContextCustomizer@0, org.springframework.boot.test.autoconfigure.properties.PropertyMappingContextCustomizer@0, org.springframework.boot.test.autoconfigure.web.servlet.WebDriverContextCustomizerFactory$Customizer@336365bc], contextLoader = 'org.springframework.test.context.support.DelegatingSmartContextLoader', parent = [null]]]
23:42:52.152 [main] DEBUG org.springframework.test.context.cache - Spring test ApplicationContext cache statistics: [DefaultContextCache@1adf387e size = 1, maxSize = 32, parentContextCount = 0, hitCount = 5, missCount = 1]
23:42:52.153 [main] DEBUG org.springframework.beans.factory.support.DefaultListableBeanFactory - Returning cached instance of singleton bean 'org.springframework.boot.test.mock.mockito.MockitoBeans'
23:42:52.154 [main] DEBUG org.springframework.test.context.support.AbstractDirtiesContextTestExecutionListener - After test method: context [DefaultTestContext@595fed99 testClass = FedoraCanvasManifestServiceTest, testInstance = edu.tamu.iiif.service.fedora.FedoraCanvasManifestServiceTest@316d30ad, testMethod = testGetManifest@FedoraCanvasManifestServiceTest, testException = java.lang.AssertionError: expected:<{"@id":"http://localhost:9003/fedora/canvas?context=cars_pcdm_objects/chevy/pages/page_0","@type":"sc:Canvas","height":400,"images":[{"@id":"http://localhost:8182/iiif/2/ZmVkb3JhOmNhcnNfcGNkbV9vYmplY3RzL2NoZXZ5L3BhZ2VzL3BhZ2VfMC9maWxlcy9QVEFSXzgwMHg0MDAucG5n/info.json","@type":"oa:Annotation","motivation":"sc:painting","on":"http://localhost:9003/fedora/canvas?context=cars_pcdm_objects/chevy/pages/page_0","resource":{"@id":"http://localhost:8182/iiif/2/ZmVkb3JhOmNhcnNfcGNkbV9vYmplY3RzL2NoZXZ5L3BhZ2VzL3BhZ2VfMC9maWxlcy9QVEFSXzgwMHg0MDAucG5n/full/full/0/default.jpg","@type":"dctypes:Image","height":400,"service":{"label":"Fedora IIIF Image Resource Service","profile":"http://iiif.io/api/image/2/level0.json","@context":"http://iiif.io/api/image/2/context.json","@id":"http://localhost:8182/iiif/2/ZmVkb3JhOmNhcnNfcGNkbV9vYmplY3RzL2NoZXZ5L3BhZ2VzL3BhZ2VfMC9maWxlcy9QVEFSXzgwMHg0MDAucG5n"},"width":800}}],"label":"fedora:cars_pcdm_objects/chevy/pages/page_0","metadata":[],"width":800}> but was:<{"height":0,"images":[],"label":"fedora:cars_pcdm_objects/chevy/pages/page_0","metadata":[],"width":0,"@type":"sc:Canvas","@id":"http://localhost:9003/fedora/canvas?context=cars_pcdm_objects/chevy/pages/page_0"}>, mergedContextConfiguration = [MergedContextConfiguration@7d522180 testClass = FedoraCanvasManifestServiceTest, locations = '{}', classes = '{}', contextInitializerClasses = '[]', activeProfiles = '{}', propertySourceLocations = '{}', propertySourceProperties = '{}', contextCustomizers = set[org.springframework.boot.test.context.filter.ExcludeFilterContextCustomizer@102d92c4, org.springframework.boot.test.json.DuplicateJsonObjectContextCustomizerFactory$DuplicateJsonObjectContextCustomizer@79767781, org.springframework.boot.test.mock.mockito.MockitoContextCustomizer@0, org.springframework.boot.test.autoconfigure.properties.PropertyMappingContextCustomizer@0, org.springframework.boot.test.autoconfigure.web.servlet.WebDriverContextCustomizerFactory$Customizer@336365bc], contextLoader = 'org.springframework.test.context.support.DelegatingSmartContextLoader', parent = [null]]], class annotated with @DirtiesContext [false] with mode [null], method annotated with @DirtiesContext [false] with mode [null].
]]></system-out>
  </testcase>
</testsuite>