<?xml version="1.0" encoding="UTF-8"?>
<testsuite xmlns:xsi="http://www.w3.org/2001/XMLSchema-instance" xsi:noNamespaceSchemaLocation="https://maven.apache.org/surefire/maven-surefire-plugin/xsd/surefire-test-report.xsd" name="typingtest.typingtest.TypingTestApplicationTests" time="9.978" tests="5" errors="2" skipped="0" failures="0">
  <properties>
    <property name="awt.toolkit" value="sun.awt.X11.XToolkit"/>
    <property name="file.encoding.pkg" value="sun.io"/>
    <property name="java.specification.version" value="1.8"/>
    <property name="sun.cpu.isalist" value=""/>
    <property name="sun.jnu.encoding" value="UTF-8"/>
    <property name="java.class.path" value="/root/workspace/TypingGods/Typing-test/389385410/target/test-classes:/root/workspace/TypingGods/Typing-test/389385410/target/classes:/root/./workspace/TypingGods/Typing-test/389385410/.m2/org/springframework/boot/spring-boot-starter-test/2.0.1.RELEASE/spring-boot-starter-test-2.0.1.RELEASE.jar:/root/./workspace/TypingGods/Typing-test/389385410/.m2/org/springframework/boot/spring-boot-starter/2.0.1.RELEASE/spring-boot-starter-2.0.1.RELEASE.jar:/root/./workspace/TypingGods/Typing-test/389385410/.m2/org/springframework/boot/spring-boot-starter-logging/2.0.1.RELEASE/spring-boot-starter-logging-2.0.1.RELEASE.jar:/root/./workspace/TypingGods/Typing-test/389385410/.m2/ch/qos/logback/logback-classic/1.2.3/logback-classic-1.2.3.jar:/root/./workspace/TypingGods/Typing-test/389385410/.m2/ch/qos/logback/logback-core/1.2.3/logback-core-1.2.3.jar:/root/./workspace/TypingGods/Typing-test/389385410/.m2/org/apache/logging/log4j/log4j-to-slf4j/2.10.0/log4j-to-slf4j-2.10.0.jar:/root/./workspace/TypingGods/Typing-test/389385410/.m2/org/apache/logging/log4j/log4j-api/2.10.0/log4j-api-2.10.0.jar:/root/./workspace/TypingGods/Typing-test/389385410/.m2/org/slf4j/jul-to-slf4j/1.7.25/jul-to-slf4j-1.7.25.jar:/root/./workspace/TypingGods/Typing-test/389385410/.m2/javax/annotation/javax.annotation-api/1.3.2/javax.annotation-api-1.3.2.jar:/root/./workspace/TypingGods/Typing-test/389385410/.m2/org/yaml/snakeyaml/1.19/snakeyaml-1.19.jar:/root/./workspace/TypingGods/Typing-test/389385410/.m2/org/springframework/boot/spring-boot-test/2.0.1.RELEASE/spring-boot-test-2.0.1.RELEASE.jar:/root/./workspace/TypingGods/Typing-test/389385410/.m2/org/springframework/boot/spring-boot-test-autoconfigure/2.0.1.RELEASE/spring-boot-test-autoconfigure-2.0.1.RELEASE.jar:/root/./workspace/TypingGods/Typing-test/389385410/.m2/com/jayway/jsonpath/json-path/2.4.0/json-path-2.4.0.jar:/root/./workspace/TypingGods/Typing-test/389385410/.m2/net/minidev/json-smart/2.3/json-smart-2.3.jar:/root/./workspace/TypingGods/Typing-test/389385410/.m2/net/minidev/accessors-smart/1.2/accessors-smart-1.2.jar:/root/./workspace/TypingGods/Typing-test/389385410/.m2/org/ow2/asm/asm/5.0.4/asm-5.0.4.jar:/root/./workspace/TypingGods/Typing-test/389385410/.m2/org/slf4j/slf4j-api/1.7.25/slf4j-api-1.7.25.jar:/root/./workspace/TypingGods/Typing-test/389385410/.m2/junit/junit/4.12/junit-4.12.jar:/root/./workspace/TypingGods/Typing-test/389385410/.m2/org/assertj/assertj-core/3.9.1/assertj-core-3.9.1.jar:/root/./workspace/TypingGods/Typing-test/389385410/.m2/org/mockito/mockito-core/2.15.0/mockito-core-2.15.0.jar:/root/./workspace/TypingGods/Typing-test/389385410/.m2/net/bytebuddy/byte-buddy/1.7.11/byte-buddy-1.7.11.jar:/root/./workspace/TypingGods/Typing-test/389385410/.m2/net/bytebuddy/byte-buddy-agent/1.7.11/byte-buddy-agent-1.7.11.jar:/root/./workspace/TypingGods/Typing-test/389385410/.m2/org/objenesis/objenesis/2.6/objenesis-2.6.jar:/root/./workspace/TypingGods/Typing-test/389385410/.m2/org/hamcrest/hamcrest-core/1.3/hamcrest-core-1.3.jar:/root/./workspace/TypingGods/Typing-test/389385410/.m2/org/hamcrest/hamcrest-library/1.3/hamcrest-library-1.3.jar:/root/./workspace/TypingGods/Typing-test/389385410/.m2/org/skyscreamer/jsonassert/1.5.0/jsonassert-1.5.0.jar:/root/./workspace/TypingGods/Typing-test/389385410/.m2/com/vaadin/external/google/android-json/0.0.20131108.vaadin1/android-json-0.0.20131108.vaadin1.jar:/root/./workspace/TypingGods/Typing-test/389385410/.m2/org/springframework/spring-core/5.0.5.RELEASE/spring-core-5.0.5.RELEASE.jar:/root/./workspace/TypingGods/Typing-test/389385410/.m2/org/springframework/spring-test/5.0.5.RELEASE/spring-test-5.0.5.RELEASE.jar:/root/./workspace/TypingGods/Typing-test/389385410/.m2/org/xmlunit/xmlunit-core/2.5.1/xmlunit-core-2.5.1.jar:/root/./workspace/TypingGods/Typing-test/389385410/.m2/org/springframework/boot/spring-boot-starter-actuator/2.0.1.RELEASE/spring-boot-starter-actuator-2.0.1.RELEASE.jar:/root/./workspace/TypingGods/Typing-test/389385410/.m2/org/springframework/boot/spring-boot-actuator-autoconfigure/2.0.1.RELEASE/spring-boot-actuator-autoconfigure-2.0.1.RELEASE.jar:/root/./workspace/TypingGods/Typing-test/389385410/.m2/org/springframework/boot/spring-boot-actuator/2.0.1.RELEASE/spring-boot-actuator-2.0.1.RELEASE.jar:/root/./workspace/TypingGods/Typing-test/389385410/.m2/com/fasterxml/jackson/core/jackson-databind/2.9.5/jackson-databind-2.9.5.jar:/root/./workspace/TypingGods/Typing-test/389385410/.m2/com/fasterxml/jackson/core/jackson-annotations/2.9.0/jackson-annotations-2.9.0.jar:/root/./workspace/TypingGods/Typing-test/389385410/.m2/com/fasterxml/jackson/core/jackson-core/2.9.5/jackson-core-2.9.5.jar:/root/./workspace/TypingGods/Typing-test/389385410/.m2/org/springframework/spring-context/5.0.5.RELEASE/spring-context-5.0.5.RELEASE.jar:/root/./workspace/TypingGods/Typing-test/389385410/.m2/com/fasterxml/jackson/datatype/jackson-datatype-jsr310/2.9.5/jackson-datatype-jsr310-2.9.5.jar:/root/./workspace/TypingGods/Typing-test/389385410/.m2/io/micrometer/micrometer-core/1.0.3/micrometer-core-1.0.3.jar:/root/./workspace/TypingGods/Typing-test/389385410/.m2/org/hdrhistogram/HdrHistogram/2.1.10/HdrHistogram-2.1.10.jar:/root/./workspace/TypingGods/Typing-test/389385410/.m2/org/latencyutils/LatencyUtils/2.0.3/LatencyUtils-2.0.3.jar:/root/./workspace/TypingGods/Typing-test/389385410/.m2/org/springframework/boot/spring-boot-starter-data-jpa/2.0.1.RELEASE/spring-boot-starter-data-jpa-2.0.1.RELEASE.jar:/root/./workspace/TypingGods/Typing-test/389385410/.m2/org/springframework/boot/spring-boot-starter-aop/2.0.1.RELEASE/spring-boot-starter-aop-2.0.1.RELEASE.jar:/root/./workspace/TypingGods/Typing-test/389385410/.m2/org/springframework/spring-aop/5.0.5.RELEASE/spring-aop-5.0.5.RELEASE.jar:/root/./workspace/TypingGods/Typing-test/389385410/.m2/org/aspectj/aspectjweaver/1.8.13/aspectjweaver-1.8.13.jar:/root/./workspace/TypingGods/Typing-test/389385410/.m2/org/springframework/boot/spring-boot-starter-jdbc/2.0.1.RELEASE/spring-boot-starter-jdbc-2.0.1.RELEASE.jar:/root/./workspace/TypingGods/Typing-test/389385410/.m2/com/zaxxer/HikariCP/2.7.8/HikariCP-2.7.8.jar:/root/./workspace/TypingGods/Typing-test/389385410/.m2/org/springframework/spring-jdbc/5.0.5.RELEASE/spring-jdbc-5.0.5.RELEASE.jar:/root/./workspace/TypingGods/Typing-test/389385410/.m2/org/hibernate/hibernate-core/5.2.16.Final/hibernate-core-5.2.16.Final.jar:/root/./workspace/TypingGods/Typing-test/389385410/.m2/org/jboss/logging/jboss-logging/3.3.2.Final/jboss-logging-3.3.2.Final.jar:/root/./workspace/TypingGods/Typing-test/389385410/.m2/org/hibernate/javax/persistence/hibernate-jpa-2.1-api/1.0.0.Final/hibernate-jpa-2.1-api-1.0.0.Final.jar:/root/./workspace/TypingGods/Typing-test/389385410/.m2/org/javassist/javassist/3.22.0-GA/javassist-3.22.0-GA.jar:/root/./workspace/TypingGods/Typing-test/389385410/.m2/antlr/antlr/2.7.7/antlr-2.7.7.jar:/root/./workspace/TypingGods/Typing-test/389385410/.m2/org/jboss/jandex/2.0.3.Final/jandex-2.0.3.Final.jar:/root/./workspace/TypingGods/Typing-test/389385410/.m2/com/fasterxml/classmate/1.3.4/classmate-1.3.4.jar:/root/./workspace/TypingGods/Typing-test/389385410/.m2/dom4j/dom4j/1.6.1/dom4j-1.6.1.jar:/root/./workspace/TypingGods/Typing-test/389385410/.m2/org/hibernate/common/hibernate-commons-annotations/5.0.1.Final/hibernate-commons-annotations-5.0.1.Final.jar:/root/./workspace/TypingGods/Typing-test/389385410/.m2/javax/transaction/javax.transaction-api/1.2/javax.transaction-api-1.2.jar:/root/./workspace/TypingGods/Typing-test/389385410/.m2/org/springframework/data/spring-data-jpa/2.0.6.RELEASE/spring-data-jpa-2.0.6.RELEASE.jar:/root/./workspace/TypingGods/Typing-test/389385410/.m2/org/springframework/data/spring-data-commons/2.0.6.RELEASE/spring-data-commons-2.0.6.RELEASE.jar:/root/./workspace/TypingGods/Typing-test/389385410/.m2/org/springframework/spring-orm/5.0.5.RELEASE/spring-orm-5.0.5.RELEASE.jar:/root/./workspace/TypingGods/Typing-test/389385410/.m2/org/springframework/spring-tx/5.0.5.RELEASE/spring-tx-5.0.5.RELEASE.jar:/root/./workspace/TypingGods/Typing-test/389385410/.m2/org/springframework/spring-beans/5.0.5.RELEASE/spring-beans-5.0.5.RELEASE.jar:/root/./workspace/TypingGods/Typing-test/389385410/.m2/org/springframework/spring-aspects/5.0.5.RELEASE/spring-aspects-5.0.5.RELEASE.jar:/root/./workspace/TypingGods/Typing-test/389385410/.m2/org/springframework/boot/spring-boot-starter-integration/2.0.1.RELEASE/spring-boot-starter-integration-2.0.1.RELEASE.jar:/root/./workspace/TypingGods/Typing-test/389385410/.m2/org/springframework/integration/spring-integration-core/5.0.4.RELEASE/spring-integration-core-5.0.4.RELEASE.jar:/root/./workspace/TypingGods/Typing-test/389385410/.m2/org/springframework/spring-messaging/5.0.5.RELEASE/spring-messaging-5.0.5.RELEASE.jar:/root/./workspace/TypingGods/Typing-test/389385410/.m2/org/springframework/retry/spring-retry/1.2.2.RELEASE/spring-retry-1.2.2.RELEASE.jar:/root/./workspace/TypingGods/Typing-test/389385410/.m2/io/projectreactor/reactor-core/3.1.6.RELEASE/reactor-core-3.1.6.RELEASE.jar:/root/./workspace/TypingGods/Typing-test/389385410/.m2/org/reactivestreams/reactive-streams/1.0.2/reactive-streams-1.0.2.jar:/root/./workspace/TypingGods/Typing-test/389385410/.m2/org/springframework/boot/spring-boot-starter-validation/2.0.1.RELEASE/spring-boot-starter-validation-2.0.1.RELEASE.jar:/root/./workspace/TypingGods/Typing-test/389385410/.m2/org/apache/tomcat/embed/tomcat-embed-el/8.5.29/tomcat-embed-el-8.5.29.jar:/root/./workspace/TypingGods/Typing-test/389385410/.m2/org/hibernate/validator/hibernate-validator/6.0.9.Final/hibernate-validator-6.0.9.Final.jar:/root/./workspace/TypingGods/Typing-test/389385410/.m2/javax/validation/validation-api/2.0.1.Final/validation-api-2.0.1.Final.jar:/root/./workspace/TypingGods/Typing-test/389385410/.m2/org/springframework/boot/spring-boot-starter-web/2.0.1.RELEASE/spring-boot-starter-web-2.0.1.RELEASE.jar:/root/./workspace/TypingGods/Typing-test/389385410/.m2/org/springframework/boot/spring-boot-starter-json/2.0.1.RELEASE/spring-boot-starter-json-2.0.1.RELEASE.jar:/root/./workspace/TypingGods/Typing-test/389385410/.m2/com/fasterxml/jackson/datatype/jackson-datatype-jdk8/2.9.5/jackson-datatype-jdk8-2.9.5.jar:/root/./workspace/TypingGods/Typing-test/389385410/.m2/com/fasterxml/jackson/module/jackson-module-parameter-names/2.9.5/jackson-module-parameter-names-2.9.5.jar:/root/./workspace/TypingGods/Typing-test/389385410/.m2/org/springframework/boot/spring-boot-starter-tomcat/2.0.1.RELEASE/spring-boot-starter-tomcat-2.0.1.RELEASE.jar:/root/./workspace/TypingGods/Typing-test/389385410/.m2/org/apache/tomcat/embed/tomcat-embed-websocket/8.5.29/tomcat-embed-websocket-8.5.29.jar:/root/./workspace/TypingGods/Typing-test/389385410/.m2/org/springframework/spring-web/5.0.5.RELEASE/spring-web-5.0.5.RELEASE.jar:/root/./workspace/TypingGods/Typing-test/389385410/.m2/org/springframework/spring-webmvc/5.0.5.RELEASE/spring-webmvc-5.0.5.RELEASE.jar:/root/./workspace/TypingGods/Typing-test/389385410/.m2/org/springframework/spring-expression/5.0.5.RELEASE/spring-expression-5.0.5.RELEASE.jar:/root/./workspace/TypingGods/Typing-test/389385410/.m2/org/springframework/session/spring-session-core/2.0.2.RELEASE/spring-session-core-2.0.2.RELEASE.jar:/root/./workspace/TypingGods/Typing-test/389385410/.m2/org/springframework/spring-jcl/5.0.5.RELEASE/spring-jcl-5.0.5.RELEASE.jar:/root/./workspace/TypingGods/Typing-test/389385410/.m2/org/springframework/boot/spring-boot-devtools/2.0.1.RELEASE/spring-boot-devtools-2.0.1.RELEASE.jar:/root/./workspace/TypingGods/Typing-test/389385410/.m2/org/springframework/boot/spring-boot/2.0.1.RELEASE/spring-boot-2.0.1.RELEASE.jar:/root/./workspace/TypingGods/Typing-test/389385410/.m2/org/springframework/boot/spring-boot-autoconfigure/2.0.1.RELEASE/spring-boot-autoconfigure-2.0.1.RELEASE.jar:/root/./workspace/TypingGods/Typing-test/389385410/.m2/com/h2database/h2/1.4.197/h2-1.4.197.jar:/root/./workspace/TypingGods/Typing-test/389385410/.m2/org/postgresql/postgresql/42.2.2/postgresql-42.2.2.jar:/root/./workspace/TypingGods/Typing-test/389385410/.m2/org/apache/tomcat/embed/tomcat-embed-jasper/8.5.29/tomcat-embed-jasper-8.5.29.jar:/root/./workspace/TypingGods/Typing-test/389385410/.m2/org/apache/tomcat/embed/tomcat-embed-core/8.5.29/tomcat-embed-core-8.5.29.jar:/root/./workspace/TypingGods/Typing-test/389385410/.m2/org/apache/tomcat/tomcat-annotations-api/8.5.29/tomcat-annotations-api-8.5.29.jar:/root/./workspace/TypingGods/Typing-test/389385410/.m2/org/eclipse/jdt/ecj/3.12.3/ecj-3.12.3.jar:/root/./workspace/TypingGods/Typing-test/389385410/.m2/javax/servlet/jstl/1.2/jstl-1.2.jar:/root/./workspace/TypingGods/Typing-test/389385410/.m2/org/springframework/boot/spring-boot-starter-thymeleaf/2.0.1.RELEASE/spring-boot-starter-thymeleaf-2.0.1.RELEASE.jar:/root/./workspace/TypingGods/Typing-test/389385410/.m2/org/thymeleaf/thymeleaf-spring5/3.0.9.RELEASE/thymeleaf-spring5-3.0.9.RELEASE.jar:/root/./workspace/TypingGods/Typing-test/389385410/.m2/org/thymeleaf/thymeleaf/3.0.9.RELEASE/thymeleaf-3.0.9.RELEASE.jar:/root/./workspace/TypingGods/Typing-test/389385410/.m2/org/attoparser/attoparser/2.0.4.RELEASE/attoparser-2.0.4.RELEASE.jar:/root/./workspace/TypingGods/Typing-test/389385410/.m2/org/unbescape/unbescape/1.1.5.RELEASE/unbescape-1.1.5.RELEASE.jar:/root/./workspace/TypingGods/Typing-test/389385410/.m2/org/thymeleaf/extras/thymeleaf-extras-java8time/3.0.1.RELEASE/thymeleaf-extras-java8time-3.0.1.RELEASE.jar:"/>
    <property name="java.vm.vendor" value="Oracle Corporation"/>
    <property name="skip.bower" value="true"/>
    <property name="sun.arch.data.model" value="64"/>
    <property name="java.vendor.url" value="http://java.oracle.com/"/>
    <property name="user.timezone" value=""/>
    <property name="java.vm.specification.version" value="1.8"/>
    <property name="os.name" value="Linux"/>
    <property name="rat.skip" value="true"/>
    <property name="gpg.skip" value="true"/>
    <property name="sun.java.launcher" value="SUN_STANDARD"/>
    <property name="sun.boot.library.path" value="/usr/lib/jvm/java-8-openjdk-amd64/jre/lib/amd64"/>
    <property name="skip.gulp" value="true"/>
    <property name="sun.java.command" value="/root/workspace/TypingGods/Typing-test/389385410/target/surefire/surefirebooter5782247772701169830.jar /root/workspace/TypingGods/Typing-test/389385410/target/surefire 2018-06-07T20-53-17_659-jvmRun1 surefire9020930229548614334tmp surefire_05336243051492509181tmp"/>
    <property name="dependency-check.skip" value="true"/>
    <property name="surefire.test.class.path" value="/root/workspace/TypingGods/Typing-test/389385410/target/test-classes:/root/workspace/TypingGods/Typing-test/389385410/target/classes:/root/./workspace/TypingGods/Typing-test/389385410/.m2/org/springframework/boot/spring-boot-starter-test/2.0.1.RELEASE/spring-boot-starter-test-2.0.1.RELEASE.jar:/root/./workspace/TypingGods/Typing-test/389385410/.m2/org/springframework/boot/spring-boot-starter/2.0.1.RELEASE/spring-boot-starter-2.0.1.RELEASE.jar:/root/./workspace/TypingGods/Typing-test/389385410/.m2/org/springframework/boot/spring-boot-starter-logging/2.0.1.RELEASE/spring-boot-starter-logging-2.0.1.RELEASE.jar:/root/./workspace/TypingGods/Typing-test/389385410/.m2/ch/qos/logback/logback-classic/1.2.3/logback-classic-1.2.3.jar:/root/./workspace/TypingGods/Typing-test/389385410/.m2/ch/qos/logback/logback-core/1.2.3/logback-core-1.2.3.jar:/root/./workspace/TypingGods/Typing-test/389385410/.m2/org/apache/logging/log4j/log4j-to-slf4j/2.10.0/log4j-to-slf4j-2.10.0.jar:/root/./workspace/TypingGods/Typing-test/389385410/.m2/org/apache/logging/log4j/log4j-api/2.10.0/log4j-api-2.10.0.jar:/root/./workspace/TypingGods/Typing-test/389385410/.m2/org/slf4j/jul-to-slf4j/1.7.25/jul-to-slf4j-1.7.25.jar:/root/./workspace/TypingGods/Typing-test/389385410/.m2/javax/annotation/javax.annotation-api/1.3.2/javax.annotation-api-1.3.2.jar:/root/./workspace/TypingGods/Typing-test/389385410/.m2/org/yaml/snakeyaml/1.19/snakeyaml-1.19.jar:/root/./workspace/TypingGods/Typing-test/389385410/.m2/org/springframework/boot/spring-boot-test/2.0.1.RELEASE/spring-boot-test-2.0.1.RELEASE.jar:/root/./workspace/TypingGods/Typing-test/389385410/.m2/org/springframework/boot/spring-boot-test-autoconfigure/2.0.1.RELEASE/spring-boot-test-autoconfigure-2.0.1.RELEASE.jar:/root/./workspace/TypingGods/Typing-test/389385410/.m2/com/jayway/jsonpath/json-path/2.4.0/json-path-2.4.0.jar:/root/./workspace/TypingGods/Typing-test/389385410/.m2/net/minidev/json-smart/2.3/json-smart-2.3.jar:/root/./workspace/TypingGods/Typing-test/389385410/.m2/net/minidev/accessors-smart/1.2/accessors-smart-1.2.jar:/root/./workspace/TypingGods/Typing-test/389385410/.m2/org/ow2/asm/asm/5.0.4/asm-5.0.4.jar:/root/./workspace/TypingGods/Typing-test/389385410/.m2/org/slf4j/slf4j-api/1.7.25/slf4j-api-1.7.25.jar:/root/./workspace/TypingGods/Typing-test/389385410/.m2/junit/junit/4.12/junit-4.12.jar:/root/./workspace/TypingGods/Typing-test/389385410/.m2/org/assertj/assertj-core/3.9.1/assertj-core-3.9.1.jar:/root/./workspace/TypingGods/Typing-test/389385410/.m2/org/mockito/mockito-core/2.15.0/mockito-core-2.15.0.jar:/root/./workspace/TypingGods/Typing-test/389385410/.m2/net/bytebuddy/byte-buddy/1.7.11/byte-buddy-1.7.11.jar:/root/./workspace/TypingGods/Typing-test/389385410/.m2/net/bytebuddy/byte-buddy-agent/1.7.11/byte-buddy-agent-1.7.11.jar:/root/./workspace/TypingGods/Typing-test/389385410/.m2/org/objenesis/objenesis/2.6/objenesis-2.6.jar:/root/./workspace/TypingGods/Typing-test/389385410/.m2/org/hamcrest/hamcrest-core/1.3/hamcrest-core-1.3.jar:/root/./workspace/TypingGods/Typing-test/389385410/.m2/org/hamcrest/hamcrest-library/1.3/hamcrest-library-1.3.jar:/root/./workspace/TypingGods/Typing-test/389385410/.m2/org/skyscreamer/jsonassert/1.5.0/jsonassert-1.5.0.jar:/root/./workspace/TypingGods/Typing-test/389385410/.m2/com/vaadin/external/google/android-json/0.0.20131108.vaadin1/android-json-0.0.20131108.vaadin1.jar:/root/./workspace/TypingGods/Typing-test/389385410/.m2/org/springframework/spring-core/5.0.5.RELEASE/spring-core-5.0.5.RELEASE.jar:/root/./workspace/TypingGods/Typing-test/389385410/.m2/org/springframework/spring-test/5.0.5.RELEASE/spring-test-5.0.5.RELEASE.jar:/root/./workspace/TypingGods/Typing-test/389385410/.m2/org/xmlunit/xmlunit-core/2.5.1/xmlunit-core-2.5.1.jar:/root/./workspace/TypingGods/Typing-test/389385410/.m2/org/springframework/boot/spring-boot-starter-actuator/2.0.1.RELEASE/spring-boot-starter-actuator-2.0.1.RELEASE.jar:/root/./workspace/TypingGods/Typing-test/389385410/.m2/org/springframework/boot/spring-boot-actuator-autoconfigure/2.0.1.RELEASE/spring-boot-actuator-autoconfigure-2.0.1.RELEASE.jar:/root/./workspace/TypingGods/Typing-test/389385410/.m2/org/springframework/boot/spring-boot-actuator/2.0.1.RELEASE/spring-boot-actuator-2.0.1.RELEASE.jar:/root/./workspace/TypingGods/Typing-test/389385410/.m2/com/fasterxml/jackson/core/jackson-databind/2.9.5/jackson-databind-2.9.5.jar:/root/./workspace/TypingGods/Typing-test/389385410/.m2/com/fasterxml/jackson/core/jackson-annotations/2.9.0/jackson-annotations-2.9.0.jar:/root/./workspace/TypingGods/Typing-test/389385410/.m2/com/fasterxml/jackson/core/jackson-core/2.9.5/jackson-core-2.9.5.jar:/root/./workspace/TypingGods/Typing-test/389385410/.m2/org/springframework/spring-context/5.0.5.RELEASE/spring-context-5.0.5.RELEASE.jar:/root/./workspace/TypingGods/Typing-test/389385410/.m2/com/fasterxml/jackson/datatype/jackson-datatype-jsr310/2.9.5/jackson-datatype-jsr310-2.9.5.jar:/root/./workspace/TypingGods/Typing-test/389385410/.m2/io/micrometer/micrometer-core/1.0.3/micrometer-core-1.0.3.jar:/root/./workspace/TypingGods/Typing-test/389385410/.m2/org/hdrhistogram/HdrHistogram/2.1.10/HdrHistogram-2.1.10.jar:/root/./workspace/TypingGods/Typing-test/389385410/.m2/org/latencyutils/LatencyUtils/2.0.3/LatencyUtils-2.0.3.jar:/root/./workspace/TypingGods/Typing-test/389385410/.m2/org/springframework/boot/spring-boot-starter-data-jpa/2.0.1.RELEASE/spring-boot-starter-data-jpa-2.0.1.RELEASE.jar:/root/./workspace/TypingGods/Typing-test/389385410/.m2/org/springframework/boot/spring-boot-starter-aop/2.0.1.RELEASE/spring-boot-starter-aop-2.0.1.RELEASE.jar:/root/./workspace/TypingGods/Typing-test/389385410/.m2/org/springframework/spring-aop/5.0.5.RELEASE/spring-aop-5.0.5.RELEASE.jar:/root/./workspace/TypingGods/Typing-test/389385410/.m2/org/aspectj/aspectjweaver/1.8.13/aspectjweaver-1.8.13.jar:/root/./workspace/TypingGods/Typing-test/389385410/.m2/org/springframework/boot/spring-boot-starter-jdbc/2.0.1.RELEASE/spring-boot-starter-jdbc-2.0.1.RELEASE.jar:/root/./workspace/TypingGods/Typing-test/389385410/.m2/com/zaxxer/HikariCP/2.7.8/HikariCP-2.7.8.jar:/root/./workspace/TypingGods/Typing-test/389385410/.m2/org/springframework/spring-jdbc/5.0.5.RELEASE/spring-jdbc-5.0.5.RELEASE.jar:/root/./workspace/TypingGods/Typing-test/389385410/.m2/org/hibernate/hibernate-core/5.2.16.Final/hibernate-core-5.2.16.Final.jar:/root/./workspace/TypingGods/Typing-test/389385410/.m2/org/jboss/logging/jboss-logging/3.3.2.Final/jboss-logging-3.3.2.Final.jar:/root/./workspace/TypingGods/Typing-test/389385410/.m2/org/hibernate/javax/persistence/hibernate-jpa-2.1-api/1.0.0.Final/hibernate-jpa-2.1-api-1.0.0.Final.jar:/root/./workspace/TypingGods/Typing-test/389385410/.m2/org/javassist/javassist/3.22.0-GA/javassist-3.22.0-GA.jar:/root/./workspace/TypingGods/Typing-test/389385410/.m2/antlr/antlr/2.7.7/antlr-2.7.7.jar:/root/./workspace/TypingGods/Typing-test/389385410/.m2/org/jboss/jandex/2.0.3.Final/jandex-2.0.3.Final.jar:/root/./workspace/TypingGods/Typing-test/389385410/.m2/com/fasterxml/classmate/1.3.4/classmate-1.3.4.jar:/root/./workspace/TypingGods/Typing-test/389385410/.m2/dom4j/dom4j/1.6.1/dom4j-1.6.1.jar:/root/./workspace/TypingGods/Typing-test/389385410/.m2/org/hibernate/common/hibernate-commons-annotations/5.0.1.Final/hibernate-commons-annotations-5.0.1.Final.jar:/root/./workspace/TypingGods/Typing-test/389385410/.m2/javax/transaction/javax.transaction-api/1.2/javax.transaction-api-1.2.jar:/root/./workspace/TypingGods/Typing-test/389385410/.m2/org/springframework/data/spring-data-jpa/2.0.6.RELEASE/spring-data-jpa-2.0.6.RELEASE.jar:/root/./workspace/TypingGods/Typing-test/389385410/.m2/org/springframework/data/spring-data-commons/2.0.6.RELEASE/spring-data-commons-2.0.6.RELEASE.jar:/root/./workspace/TypingGods/Typing-test/389385410/.m2/org/springframework/spring-orm/5.0.5.RELEASE/spring-orm-5.0.5.RELEASE.jar:/root/./workspace/TypingGods/Typing-test/389385410/.m2/org/springframework/spring-tx/5.0.5.RELEASE/spring-tx-5.0.5.RELEASE.jar:/root/./workspace/TypingGods/Typing-test/389385410/.m2/org/springframework/spring-beans/5.0.5.RELEASE/spring-beans-5.0.5.RELEASE.jar:/root/./workspace/TypingGods/Typing-test/389385410/.m2/org/springframework/spring-aspects/5.0.5.RELEASE/spring-aspects-5.0.5.RELEASE.jar:/root/./workspace/TypingGods/Typing-test/389385410/.m2/org/springframework/boot/spring-boot-starter-integration/2.0.1.RELEASE/spring-boot-starter-integration-2.0.1.RELEASE.jar:/root/./workspace/TypingGods/Typing-test/389385410/.m2/org/springframework/integration/spring-integration-core/5.0.4.RELEASE/spring-integration-core-5.0.4.RELEASE.jar:/root/./workspace/TypingGods/Typing-test/389385410/.m2/org/springframework/spring-messaging/5.0.5.RELEASE/spring-messaging-5.0.5.RELEASE.jar:/root/./workspace/TypingGods/Typing-test/389385410/.m2/org/springframework/retry/spring-retry/1.2.2.RELEASE/spring-retry-1.2.2.RELEASE.jar:/root/./workspace/TypingGods/Typing-test/389385410/.m2/io/projectreactor/reactor-core/3.1.6.RELEASE/reactor-core-3.1.6.RELEASE.jar:/root/./workspace/TypingGods/Typing-test/389385410/.m2/org/reactivestreams/reactive-streams/1.0.2/reactive-streams-1.0.2.jar:/root/./workspace/TypingGods/Typing-test/389385410/.m2/org/springframework/boot/spring-boot-starter-validation/2.0.1.RELEASE/spring-boot-starter-validation-2.0.1.RELEASE.jar:/root/./workspace/TypingGods/Typing-test/389385410/.m2/org/apache/tomcat/embed/tomcat-embed-el/8.5.29/tomcat-embed-el-8.5.29.jar:/root/./workspace/TypingGods/Typing-test/389385410/.m2/org/hibernate/validator/hibernate-validator/6.0.9.Final/hibernate-validator-6.0.9.Final.jar:/root/./workspace/TypingGods/Typing-test/389385410/.m2/javax/validation/validation-api/2.0.1.Final/validation-api-2.0.1.Final.jar:/root/./workspace/TypingGods/Typing-test/389385410/.m2/org/springframework/boot/spring-boot-starter-web/2.0.1.RELEASE/spring-boot-starter-web-2.0.1.RELEASE.jar:/root/./workspace/TypingGods/Typing-test/389385410/.m2/org/springframework/boot/spring-boot-starter-json/2.0.1.RELEASE/spring-boot-starter-json-2.0.1.RELEASE.jar:/root/./workspace/TypingGods/Typing-test/389385410/.m2/com/fasterxml/jackson/datatype/jackson-datatype-jdk8/2.9.5/jackson-datatype-jdk8-2.9.5.jar:/root/./workspace/TypingGods/Typing-test/389385410/.m2/com/fasterxml/jackson/module/jackson-module-parameter-names/2.9.5/jackson-module-parameter-names-2.9.5.jar:/root/./workspace/TypingGods/Typing-test/389385410/.m2/org/springframework/boot/spring-boot-starter-tomcat/2.0.1.RELEASE/spring-boot-starter-tomcat-2.0.1.RELEASE.jar:/root/./workspace/TypingGods/Typing-test/389385410/.m2/org/apache/tomcat/embed/tomcat-embed-websocket/8.5.29/tomcat-embed-websocket-8.5.29.jar:/root/./workspace/TypingGods/Typing-test/389385410/.m2/org/springframework/spring-web/5.0.5.RELEASE/spring-web-5.0.5.RELEASE.jar:/root/./workspace/TypingGods/Typing-test/389385410/.m2/org/springframework/spring-webmvc/5.0.5.RELEASE/spring-webmvc-5.0.5.RELEASE.jar:/root/./workspace/TypingGods/Typing-test/389385410/.m2/org/springframework/spring-expression/5.0.5.RELEASE/spring-expression-5.0.5.RELEASE.jar:/root/./workspace/TypingGods/Typing-test/389385410/.m2/org/springframework/session/spring-session-core/2.0.2.RELEASE/spring-session-core-2.0.2.RELEASE.jar:/root/./workspace/TypingGods/Typing-test/389385410/.m2/org/springframework/spring-jcl/5.0.5.RELEASE/spring-jcl-5.0.5.RELEASE.jar:/root/./workspace/TypingGods/Typing-test/389385410/.m2/org/springframework/boot/spring-boot-devtools/2.0.1.RELEASE/spring-boot-devtools-2.0.1.RELEASE.jar:/root/./workspace/TypingGods/Typing-test/389385410/.m2/org/springframework/boot/spring-boot/2.0.1.RELEASE/spring-boot-2.0.1.RELEASE.jar:/root/./workspace/TypingGods/Typing-test/389385410/.m2/org/springframework/boot/spring-boot-autoconfigure/2.0.1.RELEASE/spring-boot-autoconfigure-2.0.1.RELEASE.jar:/root/./workspace/TypingGods/Typing-test/389385410/.m2/com/h2database/h2/1.4.197/h2-1.4.197.jar:/root/./workspace/TypingGods/Typing-test/389385410/.m2/org/postgresql/postgresql/42.2.2/postgresql-42.2.2.jar:/root/./workspace/TypingGods/Typing-test/389385410/.m2/org/apache/tomcat/embed/tomcat-embed-jasper/8.5.29/tomcat-embed-jasper-8.5.29.jar:/root/./workspace/TypingGods/Typing-test/389385410/.m2/org/apache/tomcat/embed/tomcat-embed-core/8.5.29/tomcat-embed-core-8.5.29.jar:/root/./workspace/TypingGods/Typing-test/389385410/.m2/org/apache/tomcat/tomcat-annotations-api/8.5.29/tomcat-annotations-api-8.5.29.jar:/root/./workspace/TypingGods/Typing-test/389385410/.m2/org/eclipse/jdt/ecj/3.12.3/ecj-3.12.3.jar:/root/./workspace/TypingGods/Typing-test/389385410/.m2/javax/servlet/jstl/1.2/jstl-1.2.jar:/root/./workspace/TypingGods/Typing-test/389385410/.m2/org/springframework/boot/spring-boot-starter-thymeleaf/2.0.1.RELEASE/spring-boot-starter-thymeleaf-2.0.1.RELEASE.jar:/root/./workspace/TypingGods/Typing-test/389385410/.m2/org/thymeleaf/thymeleaf-spring5/3.0.9.RELEASE/thymeleaf-spring5-3.0.9.RELEASE.jar:/root/./workspace/TypingGods/Typing-test/389385410/.m2/org/thymeleaf/thymeleaf/3.0.9.RELEASE/thymeleaf-3.0.9.RELEASE.jar:/root/./workspace/TypingGods/Typing-test/389385410/.m2/org/attoparser/attoparser/2.0.4.RELEASE/attoparser-2.0.4.RELEASE.jar:/root/./workspace/TypingGods/Typing-test/389385410/.m2/org/unbescape/unbescape/1.1.5.RELEASE/unbescape-1.1.5.RELEASE.jar:/root/./workspace/TypingGods/Typing-test/389385410/.m2/org/thymeleaf/extras/thymeleaf-extras-java8time/3.0.1.RELEASE/thymeleaf-extras-java8time-3.0.1.RELEASE.jar:"/>
    <property name="sun.cpu.endian" value="little"/>
    <property name="user.home" value="/root"/>
    <property name="user.language" value="en"/>
    <property name="java.specification.vendor" value="Oracle Corporation"/>
    <property name="java.home" value="/usr/lib/jvm/java-8-openjdk-amd64/jre"/>
    <property name="basedir" value="/root/workspace/TypingGods/Typing-test/389385410"/>
    <property name="file.separator" value="/"/>
    <property name="checkstyle.skip" value="true"/>
    <property name="line.separator" value="&#10;"/>
    <property name="skip.npm" value="true"/>
    <property name="java.vm.specification.vendor" value="Oracle Corporation"/>
    <property name="java.specification.name" value="Java Platform API Specification"/>
    <property name="java.awt.graphicsenv" value="sun.awt.X11GraphicsEnvironment"/>
    <property name="skipITs" value="true"/>
    <property name="surefire.real.class.path" value="/root/workspace/TypingGods/Typing-test/389385410/target/surefire/surefirebooter5782247772701169830.jar"/>
    <property name="cobertura.skip" value="true"/>
    <property name="sun.boot.class.path" value="/usr/lib/jvm/java-8-openjdk-amd64/jre/lib/resources.jar:/usr/lib/jvm/java-8-openjdk-amd64/jre/lib/rt.jar:/usr/lib/jvm/java-8-openjdk-amd64/jre/lib/sunrsasign.jar:/usr/lib/jvm/java-8-openjdk-amd64/jre/lib/jsse.jar:/usr/lib/jvm/java-8-openjdk-amd64/jre/lib/jce.jar:/usr/lib/jvm/java-8-openjdk-amd64/jre/lib/charsets.jar:/usr/lib/jvm/java-8-openjdk-amd64/jre/lib/jfr.jar:/usr/lib/jvm/java-8-openjdk-amd64/jre/classes"/>
    <property name="sun.management.compiler" value="HotSpot 64-Bit Tiered Compilers"/>
    <property name="java.runtime.version" value="1.8.0_121-8u121-b13-1~bpo8+1-b13"/>
    <property name="user.name" value="root"/>
    <property name="findbugs.skip" value="true"/>
    <property name="path.separator" value=":"/>
    <property name="os.version" value="3.10.0-862.3.2.el7.x86_64"/>
    <property name="java.endorsed.dirs" value="/usr/lib/jvm/java-8-openjdk-amd64/jre/lib/endorsed"/>
    <property name="java.runtime.name" value="OpenJDK Runtime Environment"/>
    <property name="file.encoding" value="UTF-8"/>
    <property name="java.vm.name" value="OpenJDK 64-Bit Server VM"/>
    <property name="localRepository" value="/root/./workspace/TypingGods/Typing-test/389385410/.m2"/>
    <property name="java.vendor.url.bug" value="http://bugreport.sun.com/bugreport/"/>
    <property name="java.io.tmpdir" value="/tmp"/>
    <property name="java.version" value="1.8.0_121"/>
    <property name="user.dir" value="/root/workspace/TypingGods/Typing-test/389385410"/>
    <property name="os.arch" value="amd64"/>
    <property name="license.skip" value="true"/>
    <property name="java.vm.specification.name" value="Java Virtual Machine Specification"/>
    <property name="java.awt.printerjob" value="sun.print.PSPrinterJob"/>
    <property name="sun.os.patch.level" value="unknown"/>
    <property name="java.library.path" value="/usr/java/packages/lib/amd64:/usr/lib/x86_64-linux-gnu/jni:/lib/x86_64-linux-gnu:/usr/lib/x86_64-linux-gnu:/usr/lib/jni:/lib:/usr/lib"/>
    <property name="java.vm.info" value="mixed mode"/>
    <property name="java.vendor" value="Oracle Corporation"/>
    <property name="java.vm.version" value="25.121-b13"/>
    <property name="java.ext.dirs" value="/usr/lib/jvm/java-8-openjdk-amd64/jre/lib/ext:/usr/java/packages/lib/ext"/>
    <property name="sun.io.unicode.encoding" value="UnicodeLittle"/>
    <property name="maven.repo.local" value="/root/./workspace/TypingGods/Typing-test/389385410/.m2"/>
    <property name="enforcer.skip" value="true"/>
    <property name="java.class.version" value="52.0"/>
  </properties>
  <testcase name="whenGetError_ThenReturnIndex" classname="typingtest.typingtest.TypingTestApplicationTests" time="0.193">
    <error message="Request processing failed; nested exception is java.lang.IllegalArgumentException: bound must be positive" type="org.springframework.web.util.NestedServletException">org.springframework.web.util.NestedServletException: Request processing failed; nested exception is java.lang.IllegalArgumentException: bound must be positive
	at typingtest.typingtest.TypingTestApplicationTests.whenGetError_ThenReturnIndex(TypingTestApplicationTests.java:64)
Caused by: java.lang.IllegalArgumentException: bound must be positive
	at typingtest.typingtest.TypingTestApplicationTests.whenGetError_ThenReturnIndex(TypingTestApplicationTests.java:64)
</error>
    <system-out><![CDATA[2018-06-07 20:53:26.577  INFO 179 --- [           main] .b.t.c.SpringBootTestContextBootstrapper : Neither @ContextConfiguration nor @ContextHierarchy found for test class [typingtest.typingtest.TypingTestApplicationTests], using SpringBootContextLoader
2018-06-07 20:53:26.578  INFO 179 --- [           main] o.s.t.c.support.AbstractContextLoader    : Could not detect default resource locations for test class [typingtest.typingtest.TypingTestApplicationTests]: no resource found for suffixes {-context.xml, Context.groovy}.
2018-06-07 20:53:26.589  INFO 179 --- [           main] .b.t.c.SpringBootTestContextBootstrapper : Loaded default TestExecutionListener class names from location [META-INF/spring.factories]: [org.springframework.boot.test.mock.mockito.MockitoTestExecutionListener, org.springframework.boot.test.mock.mockito.ResetMocksTestExecutionListener, org.springframework.boot.test.autoconfigure.restdocs.RestDocsTestExecutionListener, org.springframework.boot.test.autoconfigure.web.client.MockRestServiceServerResetTestExecutionListener, org.springframework.boot.test.autoconfigure.web.servlet.MockMvcPrintOnlyOnFailureTestExecutionListener, org.springframework.boot.test.autoconfigure.web.servlet.WebDriverTestExecutionListener, org.springframework.test.context.web.ServletTestExecutionListener, org.springframework.test.context.support.DirtiesContextBeforeModesTestExecutionListener, org.springframework.test.context.support.DependencyInjectionTestExecutionListener, org.springframework.test.context.support.DirtiesContextTestExecutionListener, org.springframework.test.context.transaction.TransactionalTestExecutionListener, org.springframework.test.context.jdbc.SqlScriptsTestExecutionListener]
2018-06-07 20:53:26.590  INFO 179 --- [           main] .b.t.c.SpringBootTestContextBootstrapper : Using TestExecutionListeners: [org.springframework.test.context.web.ServletTestExecutionListener@71ad959b, org.springframework.test.context.support.DirtiesContextBeforeModesTestExecutionListener@1d7c9811, org.springframework.boot.test.mock.mockito.MockitoTestExecutionListener@3b362f1, org.springframework.boot.test.autoconfigure.SpringBootDependencyInjectionTestExecutionListener@6451a288, org.springframework.test.context.support.DirtiesContextTestExecutionListener@79cdf2d4, org.springframework.test.context.transaction.TransactionalTestExecutionListener@8851ec, org.springframework.test.context.jdbc.SqlScriptsTestExecutionListener@18b40fe6, org.springframework.boot.test.mock.mockito.ResetMocksTestExecutionListener@7198ab9a, org.springframework.boot.test.autoconfigure.restdocs.RestDocsTestExecutionListener@67d5ac2f, org.springframework.boot.test.autoconfigure.web.client.MockRestServiceServerResetTestExecutionListener@25109608, org.springframework.boot.test.autoconfigure.web.servlet.MockMvcPrintOnlyOnFailureTestExecutionListener@1d637673, org.springframework.boot.test.autoconfigure.web.servlet.WebDriverTestExecutionListener@2913ca3e]

  .   ____          _            __ _ _
 /\\ / ___'_ __ _ _(_)_ __  __ _ \ \ \ \
( ( )\___ | '_ | '_| | '_ \/ _` | \ \ \ \
 \\/  ___)| |_)| | | | | || (_| |  ) ) ) )
  '  |____| .__|_| |_|_| |_\__, | / / / /
 =========|_|==============|___/=/_/_/_/
 :: Spring Boot ::        (v2.0.1.RELEASE)

2018-06-07 20:53:26.673  INFO 179 --- [           main] t.typingtest.TypingTestApplicationTests  : Starting TypingTestApplicationTests on cyclone1 with PID 179 (started by root in /root/workspace/TypingGods/Typing-test/389385410)
2018-06-07 20:53:26.676  INFO 179 --- [           main] t.typingtest.TypingTestApplicationTests  : No active profile set, falling back to default profiles: default
2018-06-07 20:53:26.686  INFO 179 --- [           main] ConfigServletWebServerApplicationContext : Refreshing org.springframework.boot.web.servlet.context.AnnotationConfigServletWebServerApplicationContext@601f264d: startup date [Thu Jun 07 20:53:26 CEST 2018]; root of context hierarchy
2018-06-07 20:53:27.950  INFO 179 --- [           main] o.s.i.config.IntegrationRegistrar        : No bean named 'integrationHeaderChannelRegistry' has been explicitly defined. Therefore, a default DefaultHeaderChannelRegistry will be created.
2018-06-07 20:53:28.960  INFO 179 --- [           main] faultConfiguringBeanFactoryPostProcessor : No bean named 'errorChannel' has been explicitly defined. Therefore, a default PublishSubscribeChannel will be created.
2018-06-07 20:53:28.969  INFO 179 --- [           main] faultConfiguringBeanFactoryPostProcessor : No bean named 'taskScheduler' has been explicitly defined. Therefore, a default ThreadPoolTaskScheduler will be created.
2018-06-07 20:53:29.187  INFO 179 --- [           main] trationDelegate$BeanPostProcessorChecker : Bean 'org.springframework.transaction.annotation.ProxyTransactionManagementConfiguration' of type [org.springframework.transaction.annotation.ProxyTransactionManagementConfiguration$$EnhancerBySpringCGLIB$$fe93be21] is not eligible for getting processed by all BeanPostProcessors (for example: not eligible for auto-proxying)
2018-06-07 20:53:29.242  INFO 179 --- [           main] trationDelegate$BeanPostProcessorChecker : Bean 'org.springframework.integration.config.IntegrationManagementConfiguration' of type [org.springframework.integration.config.IntegrationManagementConfiguration$$EnhancerBySpringCGLIB$$69857950] is not eligible for getting processed by all BeanPostProcessors (for example: not eligible for auto-proxying)
2018-06-07 20:53:29.784  INFO 179 --- [           main] o.s.b.w.embedded.tomcat.TomcatWebServer  : Tomcat initialized with port(s): 0 (http)
2018-06-07 20:53:29.832  INFO 179 --- [           main] o.apache.catalina.core.StandardService   : Starting service [Tomcat]
2018-06-07 20:53:29.833  INFO 179 --- [           main] org.apache.catalina.core.StandardEngine  : Starting Servlet Engine: Apache Tomcat/8.5.29
2018-06-07 20:53:29.916  INFO 179 --- [ost-startStop-1] o.a.catalina.core.AprLifecycleListener   : The APR based Apache Tomcat Native library which allows optimal performance in production environments was not found on the java.library.path: [/usr/java/packages/lib/amd64:/usr/lib/x86_64-linux-gnu/jni:/lib/x86_64-linux-gnu:/usr/lib/x86_64-linux-gnu:/usr/lib/jni:/lib:/usr/lib]
2018-06-07 20:53:30.687  INFO 179 --- [ost-startStop-1] org.apache.jasper.servlet.TldScanner     : At least one JAR was scanned for TLDs yet contained no TLDs. Enable debug logging for this logger for a complete list of JARs that were scanned but no TLDs were found in them. Skipping unneeded JARs during scanning can improve startup time and JSP compilation time.
2018-06-07 20:53:30.696  INFO 179 --- [ost-startStop-1] o.a.c.c.C.[Tomcat].[localhost].[/]       : Initializing Spring embedded WebApplicationContext
2018-06-07 20:53:30.697  INFO 179 --- [ost-startStop-1] o.s.web.context.ContextLoader            : Root WebApplicationContext: initialization completed in 4011 ms
2018-06-07 20:53:32.532  INFO 179 --- [ost-startStop-1] o.s.b.w.servlet.ServletRegistrationBean  : Servlet dispatcherServlet mapped to [/]
2018-06-07 20:53:32.540  INFO 179 --- [ost-startStop-1] o.s.b.w.servlet.FilterRegistrationBean   : Mapping filter: 'characterEncodingFilter' to: [/*]
2018-06-07 20:53:32.541  INFO 179 --- [ost-startStop-1] o.s.b.w.servlet.FilterRegistrationBean   : Mapping filter: 'hiddenHttpMethodFilter' to: [/*]
2018-06-07 20:53:32.542  INFO 179 --- [ost-startStop-1] o.s.b.w.servlet.FilterRegistrationBean   : Mapping filter: 'httpPutFormContentFilter' to: [/*]
2018-06-07 20:53:32.542  INFO 179 --- [ost-startStop-1] o.s.b.w.servlet.FilterRegistrationBean   : Mapping filter: 'requestContextFilter' to: [/*]
2018-06-07 20:53:32.548  INFO 179 --- [ost-startStop-1] o.s.b.w.servlet.FilterRegistrationBean   : Mapping filter: 'httpTraceFilter' to: [/*]
2018-06-07 20:53:32.552  INFO 179 --- [ost-startStop-1] o.s.b.w.servlet.FilterRegistrationBean   : Mapping filter: 'webMvcMetricsFilter' to: [/*]
2018-06-07 20:53:32.756  INFO 179 --- [           main] com.zaxxer.hikari.HikariDataSource       : HikariPool-1 - Starting...
2018-06-07 20:53:32.876  INFO 179 --- [           main] com.zaxxer.hikari.HikariDataSource       : HikariPool-1 - Start completed.
2018-06-07 20:53:32.969  INFO 179 --- [           main] j.LocalContainerEntityManagerFactoryBean : Building JPA container EntityManagerFactory for persistence unit 'default'
2018-06-07 20:53:32.970  INFO 179 --- [           main] o.hibernate.jpa.internal.util.LogHelper  : HHH000204: Processing PersistenceUnitInfo [
	name: default
	...]
2018-06-07 20:53:33.003  INFO 179 --- [           main] org.hibernate.dialect.Dialect            : HHH000400: Using dialect: org.hibernate.dialect.H2Dialect
2018-06-07 20:53:33.059  WARN 179 --- [           main] org.hibernate.mapping.RootClass          : HHH000038: Composite-id class does not override equals(): typingtest.typingtest.data.model.UserText
2018-06-07 20:53:33.059  WARN 179 --- [           main] org.hibernate.mapping.RootClass          : HHH000039: Composite-id class does not override hashCode(): typingtest.typingtest.data.model.UserText
2018-06-07 20:53:33.141  INFO 179 --- [           main] o.h.t.schema.internal.SchemaCreatorImpl  : HHH000476: Executing import script 'org.hibernate.tool.schema.internal.exec.ScriptSourceInputNonExistentImpl@66de00f2'
2018-06-07 20:53:33.143  INFO 179 --- [           main] j.LocalContainerEntityManagerFactoryBean : Initialized JPA EntityManagerFactory for persistence unit 'default'
2018-06-07 20:53:33.324  INFO 179 --- [           main] o.h.h.i.QueryTranslatorFactoryInitiator  : HHH000397: Using ASTQueryTranslatorFactory
2018-06-07 20:53:33.504  INFO 179 --- [           main] o.s.w.s.handler.SimpleUrlHandlerMapping  : Mapped URL path [/**/favicon.ico] onto handler of type [class org.springframework.web.servlet.resource.ResourceHttpRequestHandler]
2018-06-07 20:53:33.956  INFO 179 --- [           main] s.w.s.m.m.a.RequestMappingHandlerAdapter : Looking for @ControllerAdvice: org.springframework.boot.web.servlet.context.AnnotationConfigServletWebServerApplicationContext@601f264d: startup date [Thu Jun 07 20:53:26 CEST 2018]; root of context hierarchy
2018-06-07 20:53:34.038  WARN 179 --- [           main] aWebConfiguration$JpaWebMvcConfiguration : spring.jpa.open-in-view is enabled by default. Therefore, database queries may be performed during view rendering. Explicitly configure spring.jpa.open-in-view to disable this warning
2018-06-07 20:53:34.099  INFO 179 --- [           main] s.w.s.m.m.a.RequestMappingHandlerMapping : Mapped "{[/database],methods=[POST]}" onto public java.lang.String typingtest.typingtest.MainController.addToDatabase(org.springframework.ui.Model,java.lang.String,int,java.lang.Double)
2018-06-07 20:53:34.100  INFO 179 --- [           main] s.w.s.m.m.a.RequestMappingHandlerMapping : Mapped "{[/ || /error]}" onto public java.lang.String typingtest.typingtest.MainController.home(org.springframework.ui.Model)
2018-06-07 20:53:34.101  INFO 179 --- [           main] s.w.s.m.m.a.RequestMappingHandlerMapping : Mapped "{[/database],methods=[GET]}" onto public java.lang.String typingtest.typingtest.MainController.database(org.springframework.ui.Model)
2018-06-07 20:53:34.101  INFO 179 --- [           main] s.w.s.m.m.a.RequestMappingHandlerMapping : Mapped "{[/about]}" onto public java.lang.String typingtest.typingtest.MainController.about()
2018-06-07 20:53:34.187  INFO 179 --- [           main] o.s.w.s.handler.SimpleUrlHandlerMapping  : Mapped URL path [/webjars/**] onto handler of type [class org.springframework.web.servlet.resource.ResourceHttpRequestHandler]
2018-06-07 20:53:34.187  INFO 179 --- [           main] o.s.w.s.handler.SimpleUrlHandlerMapping  : Mapped URL path [/**] onto handler of type [class org.springframework.web.servlet.resource.ResourceHttpRequestHandler]
2018-06-07 20:53:34.437  INFO 179 --- [           main] o.s.b.a.w.s.WelcomePageHandlerMapping    : Adding welcome page template: index
2018-06-07 20:53:34.942  INFO 179 --- [           main] o.s.s.c.ThreadPoolTaskScheduler          : Initializing ExecutorService  'taskScheduler'
2018-06-07 20:53:35.129  INFO 179 --- [           main] o.a.c.c.C.[Tomcat].[localhost].[/]       : Initializing Spring FrameworkServlet ''
2018-06-07 20:53:35.129  INFO 179 --- [           main] o.s.t.web.servlet.TestDispatcherServlet  : FrameworkServlet '': initialization started
2018-06-07 20:53:35.164  INFO 179 --- [           main] o.s.b.a.e.web.EndpointLinksResolver      : Exposing 2 endpoint(s) beneath base path '/actuator'
2018-06-07 20:53:35.186  INFO 179 --- [           main] s.b.a.e.w.s.WebMvcEndpointHandlerMapping : Mapped "{[/actuator/health],methods=[GET],produces=[application/vnd.spring-boot.actuator.v2+json || application/json]}" onto public java.lang.Object org.springframework.boot.actuate.endpoint.web.servlet.AbstractWebMvcEndpointHandlerMapping$OperationHandler.handle(javax.servlet.http.HttpServletRequest,java.util.Map<java.lang.String, java.lang.String>)
2018-06-07 20:53:35.188  INFO 179 --- [           main] s.b.a.e.w.s.WebMvcEndpointHandlerMapping : Mapped "{[/actuator/info],methods=[GET],produces=[application/vnd.spring-boot.actuator.v2+json || application/json]}" onto public java.lang.Object org.springframework.boot.actuate.endpoint.web.servlet.AbstractWebMvcEndpointHandlerMapping$OperationHandler.handle(javax.servlet.http.HttpServletRequest,java.util.Map<java.lang.String, java.lang.String>)
2018-06-07 20:53:35.189  INFO 179 --- [           main] s.b.a.e.w.s.WebMvcEndpointHandlerMapping : Mapped "{[/actuator],methods=[GET],produces=[application/vnd.spring-boot.actuator.v2+json || application/json]}" onto protected java.util.Map<java.lang.String, java.util.Map<java.lang.String, org.springframework.boot.actuate.endpoint.web.Link>> org.springframework.boot.actuate.endpoint.web.servlet.WebMvcEndpointHandlerMapping.links(javax.servlet.http.HttpServletRequest,javax.servlet.http.HttpServletResponse)
2018-06-07 20:53:35.253  INFO 179 --- [           main] o.s.t.web.servlet.TestDispatcherServlet  : FrameworkServlet '': initialization completed in 124 ms
2018-06-07 20:53:35.517  INFO 179 --- [           main] o.s.c.support.DefaultLifecycleProcessor  : Starting beans in phase 0
2018-06-07 20:53:35.517  INFO 179 --- [           main] o.s.i.endpoint.EventDrivenConsumer       : Adding {logging-channel-adapter:_org.springframework.integration.errorLogger} as a subscriber to the 'errorChannel' channel
2018-06-07 20:53:35.518  INFO 179 --- [           main] o.s.i.channel.PublishSubscribeChannel    : Channel 'application.errorChannel' has 1 subscriber(s).
2018-06-07 20:53:35.518  INFO 179 --- [           main] o.s.i.endpoint.EventDrivenConsumer       : started _org.springframework.integration.errorLogger
2018-06-07 20:53:35.711  INFO 179 --- [           main] o.s.b.w.embedded.tomcat.TomcatWebServer  : Tomcat started on port(s): 44427 (http) with context path ''
2018-06-07 20:53:35.714  INFO 179 --- [           main] t.typingtest.TypingTestApplicationTests  : Started TypingTestApplicationTests in 9.121 seconds (JVM running for 16.643)
]]></system-out>
  </testcase>
  <testcase name="whenGetDatabase_ThenReturnDatabase" classname="typingtest.typingtest.TypingTestApplicationTests" time="0.538"/>
  <testcase name="whenGetAbout_ThenReturnAbout" classname="typingtest.typingtest.TypingTestApplicationTests" time="0.049"/>
  <testcase name="whenGetIndex_ThenReturnIndex" classname="typingtest.typingtest.TypingTestApplicationTests" time="0.016">
    <error message="Request processing failed; nested exception is java.lang.IllegalArgumentException: bound must be positive" type="org.springframework.web.util.NestedServletException">org.springframework.web.util.NestedServletException: Request processing failed; nested exception is java.lang.IllegalArgumentException: bound must be positive
	at typingtest.typingtest.TypingTestApplicationTests.whenGetIndex_ThenReturnIndex(TypingTestApplicationTests.java:33)
Caused by: java.lang.IllegalArgumentException: bound must be positive
	at typingtest.typingtest.TypingTestApplicationTests.whenGetIndex_ThenReturnIndex(TypingTestApplicationTests.java:33)
</error>
    <system-out><![CDATA[
MockHttpServletRequest:
      HTTP Method = GET
      Request URI = /database
       Parameters = {}
          Headers = {Content-Type=[text/html;charset=UTF-8]}
             Body = null
    Session Attrs = {}

Handler:
             Type = typingtest.typingtest.MainController
           Method = public java.lang.String typingtest.typingtest.MainController.database(org.springframework.ui.Model)

Async:
    Async started = false
     Async result = null

Resolved Exception:
             Type = null

ModelAndView:
        View name = database
             View = null
        Attribute = textList
            value = {}

FlashMap:
       Attributes = null

MockHttpServletResponse:
           Status = 200
    Error message = null
          Headers = {Content-Language=[en], Content-Type=[text/html;charset=UTF-8]}
     Content type = text/html;charset=UTF-8
             Body = <!doctype html>
<html lang="en">
<head>
    <meta charset="UTF-8">
    <meta name="viewport"
          content="width=device-width, user-scalable=no, initial-scale=1.0, maximum-scale=1.0, minimum-scale=1.0">
    <meta http-equiv="X-UA-Compatible" content="ie=edge">
    <title>Document</title>
    <link rel="icon" href="icons/mainIcon.png">
    <link rel="stylesheet" href="https://maxcdn.bootstrapcdn.com/bootstrap/3.3.7/css/bootstrap.min.css">
    <link rel="stylesheet" type="text/css" href="/css/style.css">
</head>
<body>
<nav class="navbar navbar-default  navbar-static-top navbar-fixed-top">
    <div class="navbar-header">
        <button type="button" data-target="#navbarCollapse" data-toggle="collapse" class="navbar-toggle">
            <span class="sr-only">Toggle navigation</span>
            <span class="icon-bar"></span>
            <span class="icon-bar"></span>
            <span class="icon-bar"></span>
        </button>
        <a class="navbar-brand">TYPING TEST</a>
    </div>
    <div id="navbarCollapse" class="collapse navbar-collapse">
        <ul class="nav navbar-nav">
            <li><a href="/">Home</a></li>
            <li class="active"><a href="/database">Database</a></li>
            <li><a href="/about">About</a></li>
        </ul>
    </div>
</nav>
<div class="container">
        <h1 class="text-center stats-header">Best scores</h1>
        
        

        <div>
            
        </div>
    </div>
    <script src="https://ajax.googleapis.com/ajax/libs/jquery/3.3.1/jquery.min.js"></script>
    <script src="https://maxcdn.bootstrapcdn.com/bootstrap/3.3.7/js/bootstrap.min.js"></script>
</body>
</html>
    Forwarded URL = null
   Redirected URL = null
          Cookies = []

MockHttpServletRequest:
      HTTP Method = GET
      Request URI = /about
       Parameters = {}
          Headers = {Content-Type=[text/html;charset=UTF-8]}
             Body = null
    Session Attrs = {}

Handler:
             Type = typingtest.typingtest.MainController
           Method = public java.lang.String typingtest.typingtest.MainController.about()

Async:
    Async started = false
     Async result = null

Resolved Exception:
             Type = null

ModelAndView:
        View name = about
             View = null
            Model = null

FlashMap:
       Attributes = null

MockHttpServletResponse:
           Status = 200
    Error message = null
          Headers = {Content-Language=[en], Content-Type=[text/html;charset=UTF-8]}
     Content type = text/html;charset=UTF-8
             Body = <!doctype html>
<html lang="en">
<head>
    <meta charset="UTF-8">
    <meta name="viewport"
          content="width=device-width, user-scalable=no, initial-scale=1.0, maximum-scale=1.0, minimum-scale=1.0">
    <meta http-equiv="X-UA-Compatible" content="ie=edge">
    <title>Document</title>
    <link rel="icon" href="icons/mainIcon.png">
    <link rel="stylesheet" href="https://maxcdn.bootstrapcdn.com/bootstrap/3.3.7/css/bootstrap.min.css">
    <link rel="stylesheet" href="https://maxcdn.bootstrapcdn.com/bootstrap/3.3.7/css/bootstrap.min.css">
    <link rel="stylesheet" type="text/css" href="/css/style.css">
</head>
<body>
<nav class="navbar navbar-default  navbar-static-top navbar-fixed-top">
    <div class="navbar-header">
        <button type="button" data-target="#navbarCollapse" data-toggle="collapse" class="navbar-toggle">
            <span class="sr-only">Toggle navigation</span>
            <span class="icon-bar"></span>
            <span class="icon-bar"></span>
            <span class="icon-bar"></span>
        </button>
        <a class="navbar-brand">TYPING TEST</a>
    </div>
    <div id="navbarCollapse" class="collapse navbar-collapse">
        <ul class="nav navbar-nav">
            <li><a href="/">Home</a></li>
            <li><a href="/database">Database</a></li>
            <li class="active"><a href="/about">About</a></li>
        </ul>
    </div>
</nav>
<div class="container-fluid " id="about-space">

    <div class="row articles-wrapper">

        <div class="col-lg-offset-1 col-md-offset-1 col-sm-offset-3 col-xs-offset-3 col-lg-5 col-md-5 col-sm-6 col-xs-6">
            <h3 class="about-header">Column 1</h3>
               <p>lskadjflaskdfjasldfjaslkfjaslkdfjlaskdfjlaksdfjlaklasdfj
                asdjflaksjdflasjdflkasjfdlkjadflajsdflajsdflkajsdflkasjdflk
               </p> 
        </div>

        <div class="col-lg-offset-1 col-md-offset-1 col-sm-offset-3 col-xs-offset-3 col-lg-5 col-md-5 col-sm-6 col-xs-6">
            <h3 class="about-header">Column 1</h3>
               <p>lskadjflaskdfjasldfjaslkfjaslkdfjlaskdfjlaksdfjlaklasdfj
                asdjflaksjdflasjdflkasjfdlkjadflajsdflajsdflkajsdflkasjdflk
               </p> 
        </div>

        <div class="col-lg-offset-1 col-md-offset-1 col-sm-offset-3 col-xs-offset-3 col-lg-5 col-md-5 col-sm-6 col-xs-6">
            <h3 class="about-header">Column 1</h3>
               <p>lskadjflaskdfjasldfjaslkfjaslkdfjlaskdfjlaksdfjlaklasdfj
                asdjflaksjdflasjdflkasjfdlkjadflajsdflajsdflkajsdflkasjdflk
               </p> 
        </div>

        <div class="col-lg-offset-1 col-md-offset-1 col-sm-offset-3 col-xs-offset-3 col-lg-5 col-md-5 col-sm-6 col-xs-6">
            <h3 class="about-header">Column 1</h3>
               <p>lskadjflaskdfjasldfjaslkfjaslkdfjlaskdfjlaksdfjlaklasdfj
                asdjflaksjdflasjdflkasjfdlkjadflajsdflajsdflkajsdflkasjdflk
               </p> 
        </div>
        
        <div class="col-lg-offset-1 col-md-offset-1 col-sm-offset-3 col-xs-offset-3 col-lg-5 col-md-5 col-sm-6 col-xs-6">
            <h3 class="about-header">Column 1</h3>
               <p>lskadjflaskdfjasldfjaslkfjaslkdfjlaskdfjlaksdfjlaklasdfj
                asdjflaksjdflasjdflkasjfdlkjadflajsdflajsdflkajsdflkasjdflk
               </p> 
        </div>

        <div class="col-lg-offset-1 col-md-offset-1 col-sm-offset-3 col-xs-offset-3 col-lg-5 col-md-5 col-sm-6 col-xs-6">
            <h3 class="about-header">Column 1</h3>
               <p>lskadjflaskdfjasldfjaslkfjaslkdfjlaskdfjlaksdfjlaklasdfj
                asdjflaksjdflasjdflkasjfdlkjadflajsdflajsdflkajsdflkasjdflk
               </p> 
        </div>
    </div>

</div>


<script src="https://ajax.googleapis.com/ajax/libs/jquery/3.3.1/jquery.min.js"></script>
<script src="https://maxcdn.bootstrapcdn.com/bootstrap/3.3.7/js/bootstrap.min.js"></script>
<script src="https://canvasjs.com/assets/script/canvasjs.min.js"></script>
<script src="scripts.js" class="texts"></script>
</body>
</html>
    Forwarded URL = null
   Redirected URL = null
          Cookies = []
]]></system-out>
  </testcase>
  <testcase name="whenGetNotProperURL_ThenGetNotFound" classname="typingtest.typingtest.TypingTestApplicationTests" time="0.031"/>
</testsuite>