<?xml version="1.0" encoding="UTF-8"?>
<testsuite xmlns:xsi="http://www.w3.org/2001/XMLSchema-instance" xsi:schemaLocation="https://maven.apache.org/surefire/maven-surefire-plugin/xsd/surefire-test-report.xsd" name="org.springframework.data.redis.support.collections.RedisListTests" time="1.232" tests="1710" errors="1710" skipped="0" failures="0">
  <properties>
    <property name="java.runtime.name" value="OpenJDK Runtime Environment"/>
    <property name="sun.boot.library.path" value="/usr/lib/jvm/java-8-openjdk-amd64/jre/lib/amd64"/>
    <property name="java.vm.version" value="25.121-b13"/>
    <property name="java.vm.vendor" value="Oracle Corporation"/>
    <property name="maven.multiModuleProjectDirectory" value="/root/workspace/spring-projects/spring-data-redis/388703425"/>
    <property name="java.vendor.url" value="http://java.oracle.com/"/>
    <property name="path.separator" value=":"/>
    <property name="guice.disable.misplaced.annotation.check" value="true"/>
    <property name="skip.gulp" value="true"/>
    <property name="java.vm.name" value="OpenJDK 64-Bit Server VM"/>
    <property name="file.encoding.pkg" value="sun.io"/>
    <property name="sun.java.launcher" value="SUN_STANDARD"/>
    <property name="sun.os.patch.level" value="unknown"/>
    <property name="findbugs.skip" value="true"/>
    <property name="java.vm.specification.name" value="Java Virtual Machine Specification"/>
    <property name="user.dir" value="/root/workspace/spring-projects/spring-data-redis/388703425"/>
    <property name="checkstyle.skip" value="true"/>
    <property name="java.runtime.version" value="1.8.0_121-8u121-b13-1~bpo8+1-b13"/>
    <property name="java.awt.graphicsenv" value="sun.awt.X11GraphicsEnvironment"/>
    <property name="skip.npm" value="true"/>
    <property name="java.endorsed.dirs" value="/usr/lib/jvm/java-8-openjdk-amd64/jre/lib/endorsed"/>
    <property name="os.arch" value="amd64"/>
    <property name="java.io.tmpdir" value="/tmp"/>
    <property name="gpg.skip" value="true"/>
    <property name="line.separator" value="&#10;"/>
    <property name="java.vm.specification.vendor" value="Oracle Corporation"/>
    <property name="cobertura.skip" value="true"/>
    <property name="os.name" value="Linux"/>
    <property name="classworlds.conf" value="/usr/share/maven/bin/m2.conf"/>
    <property name="sun.jnu.encoding" value="UTF-8"/>
    <property name="java.library.path" value="/usr/java/packages/lib/amd64:/usr/lib/x86_64-linux-gnu/jni:/lib/x86_64-linux-gnu:/usr/lib/x86_64-linux-gnu:/usr/lib/jni:/lib:/usr/lib"/>
    <property name="license.skip" value="true"/>
    <property name="java.specification.name" value="Java Platform API Specification"/>
    <property name="java.class.version" value="52.0"/>
    <property name="sun.management.compiler" value="HotSpot 64-Bit Tiered Compilers"/>
    <property name="skip.bower" value="true"/>
    <property name="maven.repo.local" value="/root/./workspace/spring-projects/spring-data-redis/388703425/.m2"/>
    <property name="os.version" value="3.10.0-862.3.2.el7.x86_64"/>
    <property name="user.home" value="/root"/>
    <property name="user.timezone" value="Europe/Paris"/>
    <property name="java.awt.printerjob" value="sun.print.PSPrinterJob"/>
    <property name="java.specification.version" value="1.8"/>
    <property name="file.encoding" value="UTF-8"/>
    <property name="user.name" value="root"/>
    <property name="java.class.path" value="/usr/share/maven/boot/plexus-classworlds-2.5.2.jar"/>
    <property name="skipITs" value="true"/>
    <property name="java.vm.specification.version" value="1.8"/>
    <property name="sun.arch.data.model" value="64"/>
    <property name="java.home" value="/usr/lib/jvm/java-8-openjdk-amd64/jre"/>
    <property name="sun.java.command" value="org.codehaus.plexus.classworlds.launcher.Launcher -B -D enforcer.skip=true -D dependency-check.skip=true -D skipITs=true -D cobertura.skip=true -D maven.repo.local=/root/./workspace/spring-projects/spring-data-redis/388703425/.m2 -D rat.skip=true -D findbugs.skip=true -D skip.bower=true -D gpg.skip=true -D checkstyle.skip=true -D skip.gulp=true -D license.skip=true -D skip.npm=true test"/>
    <property name="java.specification.vendor" value="Oracle Corporation"/>
    <property name="user.language" value="en"/>
    <property name="awt.toolkit" value="sun.awt.X11.XToolkit"/>
    <property name="dependency-check.skip" value="true"/>
    <property name="java.vm.info" value="mixed mode"/>
    <property name="java.version" value="1.8.0_121"/>
    <property name="java.ext.dirs" value="/usr/lib/jvm/java-8-openjdk-amd64/jre/lib/ext:/usr/java/packages/lib/ext"/>
    <property name="securerandom.source" value="file:/dev/./urandom"/>
    <property name="sun.boot.class.path" value="/usr/lib/jvm/java-8-openjdk-amd64/jre/lib/resources.jar:/usr/lib/jvm/java-8-openjdk-amd64/jre/lib/rt.jar:/usr/lib/jvm/java-8-openjdk-amd64/jre/lib/sunrsasign.jar:/usr/lib/jvm/java-8-openjdk-amd64/jre/lib/jsse.jar:/usr/lib/jvm/java-8-openjdk-amd64/jre/lib/jce.jar:/usr/lib/jvm/java-8-openjdk-amd64/jre/lib/charsets.jar:/usr/lib/jvm/java-8-openjdk-amd64/jre/lib/jfr.jar:/usr/lib/jvm/java-8-openjdk-amd64/jre/classes"/>
    <property name="java.vendor" value="Oracle Corporation"/>
    <property name="enforcer.skip" value="true"/>
    <property name="rat.skip" value="true"/>
    <property name="maven.home" value="/usr/share/maven"/>
    <property name="file.separator" value="/"/>
    <property name="java.vendor.url.bug" value="http://bugreport.sun.com/bugreport/"/>
    <property name="sun.cpu.endian" value="little"/>
    <property name="sun.io.unicode.encoding" value="UnicodeLittle"/>
    <property name="sun.cpu.isalist" value=""/>
  </properties>
  <testcase name="testElement[0]" classname="org.springframework.data.redis.support.collections.RedisListTests" time="0.002">
    <error message="Cannot get Jedis connection; nested exception is redis.clients.jedis.exceptions.JedisConnectionException: Could not get a resource from the pool" type="org.springframework.data.redis.RedisConnectionFailureException">org.springframework.data.redis.RedisConnectionFailureException: Cannot get Jedis connection; nested exception is redis.clients.jedis.exceptions.JedisConnectionException: Could not get a resource from the pool
Caused by: redis.clients.jedis.exceptions.JedisConnectionException: Could not get a resource from the pool
Caused by: redis.clients.jedis.exceptions.JedisConnectionException: java.net.ConnectException: Connection refused (Connection refused)
Caused by: java.net.ConnectException: Connection refused (Connection refused)
</error>
  </testcase>
  <testcase name="testElement[0]" classname="org.springframework.data.redis.support.collections.RedisListTests" time="0.003">
    <error message="Cannot get Jedis connection; nested exception is redis.clients.jedis.exceptions.JedisConnectionException: Could not get a resource from the pool" type="org.springframework.data.redis.RedisConnectionFailureException">org.springframework.data.redis.RedisConnectionFailureException: Cannot get Jedis connection; nested exception is redis.clients.jedis.exceptions.JedisConnectionException: Could not get a resource from the pool
Caused by: redis.clients.jedis.exceptions.JedisConnectionException: Could not get a resource from the pool
Caused by: redis.clients.jedis.exceptions.JedisConnectionException: java.net.ConnectException: Connection refused (Connection refused)
Caused by: java.net.ConnectException: Connection refused (Connection refused)
</error>
  </testcase>
  <testcase name="testPutFirst[0]" classname="org.springframework.data.redis.support.collections.RedisListTests" time="0.001">
    <error message="Cannot get Jedis connection; nested exception is redis.clients.jedis.exceptions.JedisConnectionException: Could not get a resource from the pool" type="org.springframework.data.redis.RedisConnectionFailureException">org.springframework.data.redis.RedisConnectionFailureException: Cannot get Jedis connection; nested exception is redis.clients.jedis.exceptions.JedisConnectionException: Could not get a resource from the pool
Caused by: redis.clients.jedis.exceptions.JedisConnectionException: Could not get a resource from the pool
Caused by: redis.clients.jedis.exceptions.JedisConnectionException: java.net.ConnectException: Connection refused (Connection refused)
Caused by: java.net.ConnectException: Connection refused (Connection refused)
</error>
  </testcase>
  <testcase name="testPutFirst[0]" classname="org.springframework.data.redis.support.collections.RedisListTests" time="0.001">
    <error message="Cannot get Jedis connection; nested exception is redis.clients.jedis.exceptions.JedisConnectionException: Could not get a resource from the pool" type="org.springframework.data.redis.RedisConnectionFailureException">org.springframework.data.redis.RedisConnectionFailureException: Cannot get Jedis connection; nested exception is redis.clients.jedis.exceptions.JedisConnectionException: Could not get a resource from the pool
Caused by: redis.clients.jedis.exceptions.JedisConnectionException: Could not get a resource from the pool
Caused by: redis.clients.jedis.exceptions.JedisConnectionException: java.net.ConnectException: Connection refused (Connection refused)
Caused by: java.net.ConnectException: Connection refused (Connection refused)
</error>
  </testcase>
  <testcase name="testPollLastTimeout[0]" classname="org.springframework.data.redis.support.collections.RedisListTests" time="0.001">
    <error message="Cannot get Jedis connection; nested exception is redis.clients.jedis.exceptions.JedisConnectionException: Could not get a resource from the pool" type="org.springframework.data.redis.RedisConnectionFailureException">org.springframework.data.redis.RedisConnectionFailureException: Cannot get Jedis connection; nested exception is redis.clients.jedis.exceptions.JedisConnectionException: Could not get a resource from the pool
Caused by: redis.clients.jedis.exceptions.JedisConnectionException: Could not get a resource from the pool
Caused by: redis.clients.jedis.exceptions.JedisConnectionException: java.net.ConnectException: Connection refused (Connection refused)
Caused by: java.net.ConnectException: Connection refused (Connection refused)
</error>
  </testcase>
  <testcase name="testPollLastTimeout[0]" classname="org.springframework.data.redis.support.collections.RedisListTests" time="0.001">
    <error message="Cannot get Jedis connection; nested exception is redis.clients.jedis.exceptions.JedisConnectionException: Could not get a resource from the pool" type="org.springframework.data.redis.RedisConnectionFailureException">org.springframework.data.redis.RedisConnectionFailureException: Cannot get Jedis connection; nested exception is redis.clients.jedis.exceptions.JedisConnectionException: Could not get a resource from the pool
Caused by: redis.clients.jedis.exceptions.JedisConnectionException: Could not get a resource from the pool
Caused by: redis.clients.jedis.exceptions.JedisConnectionException: java.net.ConnectException: Connection refused (Connection refused)
Caused by: java.net.ConnectException: Connection refused (Connection refused)
</error>
  </testcase>
  <testcase name="testPeekFirst[0]" classname="org.springframework.data.redis.support.collections.RedisListTests" time="0">
    <error message="Cannot get Jedis connection; nested exception is redis.clients.jedis.exceptions.JedisConnectionException: Could not get a resource from the pool" type="org.springframework.data.redis.RedisConnectionFailureException">org.springframework.data.redis.RedisConnectionFailureException: Cannot get Jedis connection; nested exception is redis.clients.jedis.exceptions.JedisConnectionException: Could not get a resource from the pool
Caused by: redis.clients.jedis.exceptions.JedisConnectionException: Could not get a resource from the pool
Caused by: redis.clients.jedis.exceptions.JedisConnectionException: java.net.ConnectException: Connection refused (Connection refused)
Caused by: java.net.ConnectException: Connection refused (Connection refused)
</error>
  </testcase>
  <testcase name="testPeekFirst[0]" classname="org.springframework.data.redis.support.collections.RedisListTests" time="0.001">
    <error message="Cannot get Jedis connection; nested exception is redis.clients.jedis.exceptions.JedisConnectionException: Could not get a resource from the pool" type="org.springframework.data.redis.RedisConnectionFailureException">org.springframework.data.redis.RedisConnectionFailureException: Cannot get Jedis connection; nested exception is redis.clients.jedis.exceptions.JedisConnectionException: Could not get a resource from the pool
Caused by: redis.clients.jedis.exceptions.JedisConnectionException: Could not get a resource from the pool
Caused by: redis.clients.jedis.exceptions.JedisConnectionException: java.net.ConnectException: Connection refused (Connection refused)
Caused by: java.net.ConnectException: Connection refused (Connection refused)
</error>
  </testcase>
  <testcase name="testOfferLast[0]" classname="org.springframework.data.redis.support.collections.RedisListTests" time="0.001">
    <error message="Cannot get Jedis connection; nested exception is redis.clients.jedis.exceptions.JedisConnectionException: Could not get a resource from the pool" type="org.springframework.data.redis.RedisConnectionFailureException">org.springframework.data.redis.RedisConnectionFailureException: Cannot get Jedis connection; nested exception is redis.clients.jedis.exceptions.JedisConnectionException: Could not get a resource from the pool
Caused by: redis.clients.jedis.exceptions.JedisConnectionException: Could not get a resource from the pool
Caused by: redis.clients.jedis.exceptions.JedisConnectionException: java.net.ConnectException: Connection refused (Connection refused)
Caused by: java.net.ConnectException: Connection refused (Connection refused)
</error>
  </testcase>
  <testcase name="testOfferLast[0]" classname="org.springframework.data.redis.support.collections.RedisListTests" time="0.001">
    <error message="Cannot get Jedis connection; nested exception is redis.clients.jedis.exceptions.JedisConnectionException: Could not get a resource from the pool" type="org.springframework.data.redis.RedisConnectionFailureException">org.springframework.data.redis.RedisConnectionFailureException: Cannot get Jedis connection; nested exception is redis.clients.jedis.exceptions.JedisConnectionException: Could not get a resource from the pool
Caused by: redis.clients.jedis.exceptions.JedisConnectionException: Could not get a resource from the pool
Caused by: redis.clients.jedis.exceptions.JedisConnectionException: java.net.ConnectException: Connection refused (Connection refused)
Caused by: java.net.ConnectException: Connection refused (Connection refused)
</error>
  </testcase>
  <testcase name="testGetFirst[0]" classname="org.springframework.data.redis.support.collections.RedisListTests" time="0.001">
    <error message="Cannot get Jedis connection; nested exception is redis.clients.jedis.exceptions.JedisConnectionException: Could not get a resource from the pool" type="org.springframework.data.redis.RedisConnectionFailureException">org.springframework.data.redis.RedisConnectionFailureException: Cannot get Jedis connection; nested exception is redis.clients.jedis.exceptions.JedisConnectionException: Could not get a resource from the pool
Caused by: redis.clients.jedis.exceptions.JedisConnectionException: Could not get a resource from the pool
Caused by: redis.clients.jedis.exceptions.JedisConnectionException: java.net.ConnectException: Connection refused (Connection refused)
Caused by: java.net.ConnectException: Connection refused (Connection refused)
</error>
  </testcase>
  <testcase name="testGetFirst[0]" classname="org.springframework.data.redis.support.collections.RedisListTests" time="0.001">
    <error message="Cannot get Jedis connection; nested exception is redis.clients.jedis.exceptions.JedisConnectionException: Could not get a resource from the pool" type="org.springframework.data.redis.RedisConnectionFailureException">org.springframework.data.redis.RedisConnectionFailureException: Cannot get Jedis connection; nested exception is redis.clients.jedis.exceptions.JedisConnectionException: Could not get a resource from the pool
Caused by: redis.clients.jedis.exceptions.JedisConnectionException: Could not get a resource from the pool
Caused by: redis.clients.jedis.exceptions.JedisConnectionException: java.net.ConnectException: Connection refused (Connection refused)
Caused by: java.net.ConnectException: Connection refused (Connection refused)
</error>
  </testcase>
  <testcase name="testAddLast[0]" classname="org.springframework.data.redis.support.collections.RedisListTests" time="0.001">
    <error message="Cannot get Jedis connection; nested exception is redis.clients.jedis.exceptions.JedisConnectionException: Could not get a resource from the pool" type="org.springframework.data.redis.RedisConnectionFailureException">org.springframework.data.redis.RedisConnectionFailureException: Cannot get Jedis connection; nested exception is redis.clients.jedis.exceptions.JedisConnectionException: Could not get a resource from the pool
Caused by: redis.clients.jedis.exceptions.JedisConnectionException: Could not get a resource from the pool
Caused by: redis.clients.jedis.exceptions.JedisConnectionException: java.net.ConnectException: Connection refused (Connection refused)
Caused by: java.net.ConnectException: Connection refused (Connection refused)
</error>
  </testcase>
  <testcase name="testAddLast[0]" classname="org.springframework.data.redis.support.collections.RedisListTests" time="0.001">
    <error message="Cannot get Jedis connection; nested exception is redis.clients.jedis.exceptions.JedisConnectionException: Could not get a resource from the pool" type="org.springframework.data.redis.RedisConnectionFailureException">org.springframework.data.redis.RedisConnectionFailureException: Cannot get Jedis connection; nested exception is redis.clients.jedis.exceptions.JedisConnectionException: Could not get a resource from the pool
Caused by: redis.clients.jedis.exceptions.JedisConnectionException: Could not get a resource from the pool
Caused by: redis.clients.jedis.exceptions.JedisConnectionException: java.net.ConnectException: Connection refused (Connection refused)
Caused by: java.net.ConnectException: Connection refused (Connection refused)
</error>
  </testcase>
  <testcase name="testPop[0]" classname="org.springframework.data.redis.support.collections.RedisListTests" time="0.002">
    <error message="Cannot get Jedis connection; nested exception is redis.clients.jedis.exceptions.JedisConnectionException: Could not get a resource from the pool" type="org.springframework.data.redis.RedisConnectionFailureException">org.springframework.data.redis.RedisConnectionFailureException: Cannot get Jedis connection; nested exception is redis.clients.jedis.exceptions.JedisConnectionException: Could not get a resource from the pool
Caused by: redis.clients.jedis.exceptions.JedisConnectionException: Could not get a resource from the pool
Caused by: redis.clients.jedis.exceptions.JedisConnectionException: java.net.ConnectException: Connection refused (Connection refused)
Caused by: java.net.ConnectException: Connection refused (Connection refused)
</error>
  </testcase>
  <testcase name="testPop[0]" classname="org.springframework.data.redis.support.collections.RedisListTests" time="0.002">
    <error message="Cannot get Jedis connection; nested exception is redis.clients.jedis.exceptions.JedisConnectionException: Could not get a resource from the pool" type="org.springframework.data.redis.RedisConnectionFailureException">org.springframework.data.redis.RedisConnectionFailureException: Cannot get Jedis connection; nested exception is redis.clients.jedis.exceptions.JedisConnectionException: Could not get a resource from the pool
Caused by: redis.clients.jedis.exceptions.JedisConnectionException: Could not get a resource from the pool
Caused by: redis.clients.jedis.exceptions.JedisConnectionException: java.net.ConnectException: Connection refused (Connection refused)
Caused by: java.net.ConnectException: Connection refused (Connection refused)
</error>
  </testcase>
  <testcase name="testPut[0]" classname="org.springframework.data.redis.support.collections.RedisListTests" time="0.001">
    <error message="Cannot get Jedis connection; nested exception is redis.clients.jedis.exceptions.JedisConnectionException: Could not get a resource from the pool" type="org.springframework.data.redis.RedisConnectionFailureException">org.springframework.data.redis.RedisConnectionFailureException: Cannot get Jedis connection; nested exception is redis.clients.jedis.exceptions.JedisConnectionException: Could not get a resource from the pool
Caused by: redis.clients.jedis.exceptions.JedisConnectionException: Could not get a resource from the pool
Caused by: redis.clients.jedis.exceptions.JedisConnectionException: java.net.ConnectException: Connection refused (Connection refused)
Caused by: java.net.ConnectException: Connection refused (Connection refused)
</error>
  </testcase>
  <testcase name="testPut[0]" classname="org.springframework.data.redis.support.collections.RedisListTests" time="0.001">
    <error message="Cannot get Jedis connection; nested exception is redis.clients.jedis.exceptions.JedisConnectionException: Could not get a resource from the pool" type="org.springframework.data.redis.RedisConnectionFailureException">org.springframework.data.redis.RedisConnectionFailureException: Cannot get Jedis connection; nested exception is redis.clients.jedis.exceptions.JedisConnectionException: Could not get a resource from the pool
Caused by: redis.clients.jedis.exceptions.JedisConnectionException: Could not get a resource from the pool
Caused by: redis.clients.jedis.exceptions.JedisConnectionException: java.net.ConnectException: Connection refused (Connection refused)
Caused by: java.net.ConnectException: Connection refused (Connection refused)
</error>
  </testcase>
  <testcase name="testSet[0]" classname="org.springframework.data.redis.support.collections.RedisListTests" time="0.001">
    <error message="Cannot get Jedis connection; nested exception is redis.clients.jedis.exceptions.JedisConnectionException: Could not get a resource from the pool" type="org.springframework.data.redis.RedisConnectionFailureException">org.springframework.data.redis.RedisConnectionFailureException: Cannot get Jedis connection; nested exception is redis.clients.jedis.exceptions.JedisConnectionException: Could not get a resource from the pool
Caused by: redis.clients.jedis.exceptions.JedisConnectionException: Could not get a resource from the pool
Caused by: redis.clients.jedis.exceptions.JedisConnectionException: java.net.ConnectException: Connection refused (Connection refused)
Caused by: java.net.ConnectException: Connection refused (Connection refused)
</error>
  </testcase>
  <testcase name="testSet[0]" classname="org.springframework.data.redis.support.collections.RedisListTests" time="0.001">
    <error message="Cannot get Jedis connection; nested exception is redis.clients.jedis.exceptions.JedisConnectionException: Could not get a resource from the pool" type="org.springframework.data.redis.RedisConnectionFailureException">org.springframework.data.redis.RedisConnectionFailureException: Cannot get Jedis connection; nested exception is redis.clients.jedis.exceptions.JedisConnectionException: Could not get a resource from the pool
Caused by: redis.clients.jedis.exceptions.JedisConnectionException: Could not get a resource from the pool
Caused by: redis.clients.jedis.exceptions.JedisConnectionException: java.net.ConnectException: Connection refused (Connection refused)
Caused by: java.net.ConnectException: Connection refused (Connection refused)
</error>
  </testcase>
  <testcase name="testOffer[0]" classname="org.springframework.data.redis.support.collections.RedisListTests" time="0.002">
    <error message="Cannot get Jedis connection; nested exception is redis.clients.jedis.exceptions.JedisConnectionException: Could not get a resource from the pool" type="org.springframework.data.redis.RedisConnectionFailureException">org.springframework.data.redis.RedisConnectionFailureException: Cannot get Jedis connection; nested exception is redis.clients.jedis.exceptions.JedisConnectionException: Could not get a resource from the pool
Caused by: redis.clients.jedis.exceptions.JedisConnectionException: Could not get a resource from the pool
Caused by: redis.clients.jedis.exceptions.JedisConnectionException: java.net.ConnectException: Connection refused (Connection refused)
Caused by: java.net.ConnectException: Connection refused (Connection refused)
</error>
  </testcase>
  <testcase name="testOffer[0]" classname="org.springframework.data.redis.support.collections.RedisListTests" time="0.002">
    <error message="Cannot get Jedis connection; nested exception is redis.clients.jedis.exceptions.JedisConnectionException: Could not get a resource from the pool" type="org.springframework.data.redis.RedisConnectionFailureException">org.springframework.data.redis.RedisConnectionFailureException: Cannot get Jedis connection; nested exception is redis.clients.jedis.exceptions.JedisConnectionException: Could not get a resource from the pool
Caused by: redis.clients.jedis.exceptions.JedisConnectionException: Could not get a resource from the pool
Caused by: redis.clients.jedis.exceptions.JedisConnectionException: java.net.ConnectException: Connection refused (Connection refused)
Caused by: java.net.ConnectException: Connection refused (Connection refused)
</error>
  </testcase>
  <testcase name="testRange[0]" classname="org.springframework.data.redis.support.collections.RedisListTests" time="0.003">
    <error message="Cannot get Jedis connection; nested exception is redis.clients.jedis.exceptions.JedisConnectionException: Could not get a resource from the pool" type="org.springframework.data.redis.RedisConnectionFailureException">org.springframework.data.redis.RedisConnectionFailureException: Cannot get Jedis connection; nested exception is redis.clients.jedis.exceptions.JedisConnectionException: Could not get a resource from the pool
Caused by: redis.clients.jedis.exceptions.JedisConnectionException: Could not get a resource from the pool
Caused by: redis.clients.jedis.exceptions.JedisConnectionException: java.net.ConnectException: Connection refused (Connection refused)
Caused by: java.net.ConnectException: Connection refused (Connection refused)
</error>
  </testcase>
  <testcase name="testRange[0]" classname="org.springframework.data.redis.support.collections.RedisListTests" time="0.003">
    <error message="Cannot get Jedis connection; nested exception is redis.clients.jedis.exceptions.JedisConnectionException: Could not get a resource from the pool" type="org.springframework.data.redis.RedisConnectionFailureException">org.springframework.data.redis.RedisConnectionFailureException: Cannot get Jedis connection; nested exception is redis.clients.jedis.exceptions.JedisConnectionException: Could not get a resource from the pool
Caused by: redis.clients.jedis.exceptions.JedisConnectionException: Could not get a resource from the pool
Caused by: redis.clients.jedis.exceptions.JedisConnectionException: java.net.ConnectException: Connection refused (Connection refused)
Caused by: java.net.ConnectException: Connection refused (Connection refused)
</error>
  </testcase>
  <testcase name="testLast[0]" classname="org.springframework.data.redis.support.collections.RedisListTests" time="0.001">
    <error message="Cannot get Jedis connection; nested exception is redis.clients.jedis.exceptions.JedisConnectionException: Could not get a resource from the pool" type="org.springframework.data.redis.RedisConnectionFailureException">org.springframework.data.redis.RedisConnectionFailureException: Cannot get Jedis connection; nested exception is redis.clients.jedis.exceptions.JedisConnectionException: Could not get a resource from the pool
Caused by: redis.clients.jedis.exceptions.JedisConnectionException: Could not get a resource from the pool
Caused by: redis.clients.jedis.exceptions.JedisConnectionException: java.net.ConnectException: Connection refused (Connection refused)
Caused by: java.net.ConnectException: Connection refused (Connection refused)
</error>
  </testcase>
  <testcase name="testLast[0]" classname="org.springframework.data.redis.support.collections.RedisListTests" time="0.001">
    <error message="Cannot get Jedis connection; nested exception is redis.clients.jedis.exceptions.JedisConnectionException: Could not get a resource from the pool" type="org.springframework.data.redis.RedisConnectionFailureException">org.springframework.data.redis.RedisConnectionFailureException: Cannot get Jedis connection; nested exception is redis.clients.jedis.exceptions.JedisConnectionException: Could not get a resource from the pool
Caused by: redis.clients.jedis.exceptions.JedisConnectionException: Could not get a resource from the pool
Caused by: redis.clients.jedis.exceptions.JedisConnectionException: java.net.ConnectException: Connection refused (Connection refused)
Caused by: java.net.ConnectException: Connection refused (Connection refused)
</error>
  </testcase>
  <testcase name="testPeek[0]" classname="org.springframework.data.redis.support.collections.RedisListTests" time="0.001">
    <error message="Cannot get Jedis connection; nested exception is redis.clients.jedis.exceptions.JedisConnectionException: Could not get a resource from the pool" type="org.springframework.data.redis.RedisConnectionFailureException">org.springframework.data.redis.RedisConnectionFailureException: Cannot get Jedis connection; nested exception is redis.clients.jedis.exceptions.JedisConnectionException: Could not get a resource from the pool
Caused by: redis.clients.jedis.exceptions.JedisConnectionException: Could not get a resource from the pool
Caused by: redis.clients.jedis.exceptions.JedisConnectionException: java.net.ConnectException: Connection refused (Connection refused)
Caused by: java.net.ConnectException: Connection refused (Connection refused)
</error>
  </testcase>
  <testcase name="testPeek[0]" classname="org.springframework.data.redis.support.collections.RedisListTests" time="0.002">
    <error message="Cannot get Jedis connection; nested exception is redis.clients.jedis.exceptions.JedisConnectionException: Could not get a resource from the pool" type="org.springframework.data.redis.RedisConnectionFailureException">org.springframework.data.redis.RedisConnectionFailureException: Cannot get Jedis connection; nested exception is redis.clients.jedis.exceptions.JedisConnectionException: Could not get a resource from the pool
Caused by: redis.clients.jedis.exceptions.JedisConnectionException: Could not get a resource from the pool
Caused by: redis.clients.jedis.exceptions.JedisConnectionException: java.net.ConnectException: Connection refused (Connection refused)
Caused by: java.net.ConnectException: Connection refused (Connection refused)
</error>
  </testcase>
  <testcase name="testPoll[0]" classname="org.springframework.data.redis.support.collections.RedisListTests" time="0">
    <error message="Cannot get Jedis connection; nested exception is redis.clients.jedis.exceptions.JedisConnectionException: Could not get a resource from the pool" type="org.springframework.data.redis.RedisConnectionFailureException">org.springframework.data.redis.RedisConnectionFailureException: Cannot get Jedis connection; nested exception is redis.clients.jedis.exceptions.JedisConnectionException: Could not get a resource from the pool
Caused by: redis.clients.jedis.exceptions.JedisConnectionException: Could not get a resource from the pool
Caused by: redis.clients.jedis.exceptions.JedisConnectionException: java.net.ConnectException: Connection refused (Connection refused)
Caused by: java.net.ConnectException: Connection refused (Connection refused)
</error>
  </testcase>
  <testcase name="testPoll[0]" classname="org.springframework.data.redis.support.collections.RedisListTests" time="0.001">
    <error message="Cannot get Jedis connection; nested exception is redis.clients.jedis.exceptions.JedisConnectionException: Could not get a resource from the pool" type="org.springframework.data.redis.RedisConnectionFailureException">org.springframework.data.redis.RedisConnectionFailureException: Cannot get Jedis connection; nested exception is redis.clients.jedis.exceptions.JedisConnectionException: Could not get a resource from the pool
Caused by: redis.clients.jedis.exceptions.JedisConnectionException: Could not get a resource from the pool
Caused by: redis.clients.jedis.exceptions.JedisConnectionException: java.net.ConnectException: Connection refused (Connection refused)
Caused by: java.net.ConnectException: Connection refused (Connection refused)
</error>
  </testcase>
  <testcase name="testTake[0]" classname="org.springframework.data.redis.support.collections.RedisListTests" time="0.001">
    <error message="Cannot get Jedis connection; nested exception is redis.clients.jedis.exceptions.JedisConnectionException: Could not get a resource from the pool" type="org.springframework.data.redis.RedisConnectionFailureException">org.springframework.data.redis.RedisConnectionFailureException: Cannot get Jedis connection; nested exception is redis.clients.jedis.exceptions.JedisConnectionException: Could not get a resource from the pool
Caused by: redis.clients.jedis.exceptions.JedisConnectionException: Could not get a resource from the pool
Caused by: redis.clients.jedis.exceptions.JedisConnectionException: java.net.ConnectException: Connection refused (Connection refused)
Caused by: java.net.ConnectException: Connection refused (Connection refused)
</error>
  </testcase>
  <testcase name="testTake[0]" classname="org.springframework.data.redis.support.collections.RedisListTests" time="0.002">
    <error message="Cannot get Jedis connection; nested exception is redis.clients.jedis.exceptions.JedisConnectionException: Could not get a resource from the pool" type="org.springframework.data.redis.RedisConnectionFailureException">org.springframework.data.redis.RedisConnectionFailureException: Cannot get Jedis connection; nested exception is redis.clients.jedis.exceptions.JedisConnectionException: Could not get a resource from the pool
Caused by: redis.clients.jedis.exceptions.JedisConnectionException: Could not get a resource from the pool
Caused by: redis.clients.jedis.exceptions.JedisConnectionException: java.net.ConnectException: Connection refused (Connection refused)
Caused by: java.net.ConnectException: Connection refused (Connection refused)
</error>
  </testcase>
  <testcase name="testTrim[0]" classname="org.springframework.data.redis.support.collections.RedisListTests" time="0.001">
    <error message="Cannot get Jedis connection; nested exception is redis.clients.jedis.exceptions.JedisConnectionException: Could not get a resource from the pool" type="org.springframework.data.redis.RedisConnectionFailureException">org.springframework.data.redis.RedisConnectionFailureException: Cannot get Jedis connection; nested exception is redis.clients.jedis.exceptions.JedisConnectionException: Could not get a resource from the pool
Caused by: redis.clients.jedis.exceptions.JedisConnectionException: Could not get a resource from the pool
Caused by: redis.clients.jedis.exceptions.JedisConnectionException: java.net.ConnectException: Connection refused (Connection refused)
Caused by: java.net.ConnectException: Connection refused (Connection refused)
</error>
  </testcase>
  <testcase name="testTrim[0]" classname="org.springframework.data.redis.support.collections.RedisListTests" time="0.001">
    <error message="Cannot get Jedis connection; nested exception is redis.clients.jedis.exceptions.JedisConnectionException: Could not get a resource from the pool" type="org.springframework.data.redis.RedisConnectionFailureException">org.springframework.data.redis.RedisConnectionFailureException: Cannot get Jedis connection; nested exception is redis.clients.jedis.exceptions.JedisConnectionException: Could not get a resource from the pool
Caused by: redis.clients.jedis.exceptions.JedisConnectionException: Could not get a resource from the pool
Caused by: redis.clients.jedis.exceptions.JedisConnectionException: java.net.ConnectException: Connection refused (Connection refused)
Caused by: java.net.ConnectException: Connection refused (Connection refused)
</error>
  </testcase>
  <testcase name="testDrainToCollection[0]" classname="org.springframework.data.redis.support.collections.RedisListTests" time="0">
    <error message="Cannot get Jedis connection; nested exception is redis.clients.jedis.exceptions.JedisConnectionException: Could not get a resource from the pool" type="org.springframework.data.redis.RedisConnectionFailureException">org.springframework.data.redis.RedisConnectionFailureException: Cannot get Jedis connection; nested exception is redis.clients.jedis.exceptions.JedisConnectionException: Could not get a resource from the pool
Caused by: redis.clients.jedis.exceptions.JedisConnectionException: Could not get a resource from the pool
Caused by: redis.clients.jedis.exceptions.JedisConnectionException: java.net.ConnectException: Connection refused (Connection refused)
Caused by: java.net.ConnectException: Connection refused (Connection refused)
</error>
  </testcase>
  <testcase name="testDrainToCollection[0]" classname="org.springframework.data.redis.support.collections.RedisListTests" time="0.001">
    <error message="Cannot get Jedis connection; nested exception is redis.clients.jedis.exceptions.JedisConnectionException: Could not get a resource from the pool" type="org.springframework.data.redis.RedisConnectionFailureException">org.springframework.data.redis.RedisConnectionFailureException: Cannot get Jedis connection; nested exception is redis.clients.jedis.exceptions.JedisConnectionException: Could not get a resource from the pool
Caused by: redis.clients.jedis.exceptions.JedisConnectionException: Could not get a resource from the pool
Caused by: redis.clients.jedis.exceptions.JedisConnectionException: java.net.ConnectException: Connection refused (Connection refused)
Caused by: java.net.ConnectException: Connection refused (Connection refused)
</error>
  </testcase>
  <testcase name="testRemoveFirst[0]" classname="org.springframework.data.redis.support.collections.RedisListTests" time="0.001">
    <error message="Cannot get Jedis connection; nested exception is redis.clients.jedis.exceptions.JedisConnectionException: Could not get a resource from the pool" type="org.springframework.data.redis.RedisConnectionFailureException">org.springframework.data.redis.RedisConnectionFailureException: Cannot get Jedis connection; nested exception is redis.clients.jedis.exceptions.JedisConnectionException: Could not get a resource from the pool
Caused by: redis.clients.jedis.exceptions.JedisConnectionException: Could not get a resource from the pool
Caused by: redis.clients.jedis.exceptions.JedisConnectionException: java.net.ConnectException: Connection refused (Connection refused)
Caused by: java.net.ConnectException: Connection refused (Connection refused)
</error>
  </testcase>
  <testcase name="testRemoveFirst[0]" classname="org.springframework.data.redis.support.collections.RedisListTests" time="0.001">
    <error message="Cannot get Jedis connection; nested exception is redis.clients.jedis.exceptions.JedisConnectionException: Could not get a resource from the pool" type="org.springframework.data.redis.RedisConnectionFailureException">org.springframework.data.redis.RedisConnectionFailureException: Cannot get Jedis connection; nested exception is redis.clients.jedis.exceptions.JedisConnectionException: Could not get a resource from the pool
Caused by: redis.clients.jedis.exceptions.JedisConnectionException: Could not get a resource from the pool
Caused by: redis.clients.jedis.exceptions.JedisConnectionException: java.net.ConnectException: Connection refused (Connection refused)
Caused by: java.net.ConnectException: Connection refused (Connection refused)
</error>
  </testcase>
  <testcase name="testRemoveIndex[0]" classname="org.springframework.data.redis.support.collections.RedisListTests" time="0.001">
    <error message="Cannot get Jedis connection; nested exception is redis.clients.jedis.exceptions.JedisConnectionException: Could not get a resource from the pool" type="org.springframework.data.redis.RedisConnectionFailureException">org.springframework.data.redis.RedisConnectionFailureException: Cannot get Jedis connection; nested exception is redis.clients.jedis.exceptions.JedisConnectionException: Could not get a resource from the pool
Caused by: redis.clients.jedis.exceptions.JedisConnectionException: Could not get a resource from the pool
Caused by: redis.clients.jedis.exceptions.JedisConnectionException: java.net.ConnectException: Connection refused (Connection refused)
Caused by: java.net.ConnectException: Connection refused (Connection refused)
</error>
  </testcase>
  <testcase name="testPutLast[0]" classname="org.springframework.data.redis.support.collections.RedisListTests" time="0">
    <error message="Cannot get Jedis connection; nested exception is redis.clients.jedis.exceptions.JedisConnectionException: Could not get a resource from the pool" type="org.springframework.data.redis.RedisConnectionFailureException">org.springframework.data.redis.RedisConnectionFailureException: Cannot get Jedis connection; nested exception is redis.clients.jedis.exceptions.JedisConnectionException: Could not get a resource from the pool
Caused by: redis.clients.jedis.exceptions.JedisConnectionException: Could not get a resource from the pool
Caused by: redis.clients.jedis.exceptions.JedisConnectionException: java.net.ConnectException: Connection refused (Connection refused)
Caused by: java.net.ConnectException: Connection refused (Connection refused)
</error>
  </testcase>
  <testcase name="testPutLast[0]" classname="org.springframework.data.redis.support.collections.RedisListTests" time="0.001">
    <error message="Cannot get Jedis connection; nested exception is redis.clients.jedis.exceptions.JedisConnectionException: Could not get a resource from the pool" type="org.springframework.data.redis.RedisConnectionFailureException">org.springframework.data.redis.RedisConnectionFailureException: Cannot get Jedis connection; nested exception is redis.clients.jedis.exceptions.JedisConnectionException: Could not get a resource from the pool
Caused by: redis.clients.jedis.exceptions.JedisConnectionException: Could not get a resource from the pool
Caused by: redis.clients.jedis.exceptions.JedisConnectionException: java.net.ConnectException: Connection refused (Connection refused)
Caused by: java.net.ConnectException: Connection refused (Connection refused)
</error>
  </testcase>
  <testcase name="testOfferFirst[0]" classname="org.springframework.data.redis.support.collections.RedisListTests" time="0.001">
    <error message="Cannot get Jedis connection; nested exception is redis.clients.jedis.exceptions.JedisConnectionException: Could not get a resource from the pool" type="org.springframework.data.redis.RedisConnectionFailureException">org.springframework.data.redis.RedisConnectionFailureException: Cannot get Jedis connection; nested exception is redis.clients.jedis.exceptions.JedisConnectionException: Could not get a resource from the pool
Caused by: redis.clients.jedis.exceptions.JedisConnectionException: Could not get a resource from the pool
Caused by: redis.clients.jedis.exceptions.JedisConnectionException: java.net.ConnectException: Connection refused (Connection refused)
Caused by: java.net.ConnectException: Connection refused (Connection refused)
</error>
  </testcase>
  <testcase name="testOfferFirst[0]" classname="org.springframework.data.redis.support.collections.RedisListTests" time="0.001">
    <error message="Cannot get Jedis connection; nested exception is redis.clients.jedis.exceptions.JedisConnectionException: Could not get a resource from the pool" type="org.springframework.data.redis.RedisConnectionFailureException">org.springframework.data.redis.RedisConnectionFailureException: Cannot get Jedis connection; nested exception is redis.clients.jedis.exceptions.JedisConnectionException: Could not get a resource from the pool
Caused by: redis.clients.jedis.exceptions.JedisConnectionException: Could not get a resource from the pool
Caused by: redis.clients.jedis.exceptions.JedisConnectionException: java.net.ConnectException: Connection refused (Connection refused)
Caused by: java.net.ConnectException: Connection refused (Connection refused)
</error>
  </testcase>
  <testcase name="testDescendingIterator[0]" classname="org.springframework.data.redis.support.collections.RedisListTests" time="0.001">
    <error message="Cannot get Jedis connection; nested exception is redis.clients.jedis.exceptions.JedisConnectionException: Could not get a resource from the pool" type="org.springframework.data.redis.RedisConnectionFailureException">org.springframework.data.redis.RedisConnectionFailureException: Cannot get Jedis connection; nested exception is redis.clients.jedis.exceptions.JedisConnectionException: Could not get a resource from the pool
Caused by: redis.clients.jedis.exceptions.JedisConnectionException: Could not get a resource from the pool
Caused by: redis.clients.jedis.exceptions.JedisConnectionException: java.net.ConnectException: Connection refused (Connection refused)
Caused by: java.net.ConnectException: Connection refused (Connection refused)
</error>
  </testcase>
  <testcase name="testDescendingIterator[0]" classname="org.springframework.data.redis.support.collections.RedisListTests" time="0.001">
    <error message="Cannot get Jedis connection; nested exception is redis.clients.jedis.exceptions.JedisConnectionException: Could not get a resource from the pool" type="org.springframework.data.redis.RedisConnectionFailureException">org.springframework.data.redis.RedisConnectionFailureException: Cannot get Jedis connection; nested exception is redis.clients.jedis.exceptions.JedisConnectionException: Could not get a resource from the pool
Caused by: redis.clients.jedis.exceptions.JedisConnectionException: Could not get a resource from the pool
Caused by: redis.clients.jedis.exceptions.JedisConnectionException: java.net.ConnectException: Connection refused (Connection refused)
Caused by: java.net.ConnectException: Connection refused (Connection refused)
</error>
  </testcase>
  <testcase name="testAddFirst[0]" classname="org.springframework.data.redis.support.collections.RedisListTests" time="0.001">
    <error message="Cannot get Jedis connection; nested exception is redis.clients.jedis.exceptions.JedisConnectionException: Could not get a resource from the pool" type="org.springframework.data.redis.RedisConnectionFailureException">org.springframework.data.redis.RedisConnectionFailureException: Cannot get Jedis connection; nested exception is redis.clients.jedis.exceptions.JedisConnectionException: Could not get a resource from the pool
Caused by: redis.clients.jedis.exceptions.JedisConnectionException: Could not get a resource from the pool
Caused by: redis.clients.jedis.exceptions.JedisConnectionException: java.net.ConnectException: Connection refused (Connection refused)
Caused by: java.net.ConnectException: Connection refused (Connection refused)
</error>
  </testcase>
  <testcase name="testAddFirst[0]" classname="org.springframework.data.redis.support.collections.RedisListTests" time="0.001">
    <error message="Cannot get Jedis connection; nested exception is redis.clients.jedis.exceptions.JedisConnectionException: Could not get a resource from the pool" type="org.springframework.data.redis.RedisConnectionFailureException">org.springframework.data.redis.RedisConnectionFailureException: Cannot get Jedis connection; nested exception is redis.clients.jedis.exceptions.JedisConnectionException: Could not get a resource from the pool
Caused by: redis.clients.jedis.exceptions.JedisConnectionException: Could not get a resource from the pool
Caused by: redis.clients.jedis.exceptions.JedisConnectionException: java.net.ConnectException: Connection refused (Connection refused)
Caused by: java.net.ConnectException: Connection refused (Connection refused)
</error>
  </testcase>
  <testcase name="testDrainToCollectionWithMaxElements[0]" classname="org.springframework.data.redis.support.collections.RedisListTests" time="0.001">
    <error message="Cannot get Jedis connection; nested exception is redis.clients.jedis.exceptions.JedisConnectionException: Could not get a resource from the pool" type="org.springframework.data.redis.RedisConnectionFailureException">org.springframework.data.redis.RedisConnectionFailureException: Cannot get Jedis connection; nested exception is redis.clients.jedis.exceptions.JedisConnectionException: Could not get a resource from the pool
Caused by: redis.clients.jedis.exceptions.JedisConnectionException: Could not get a resource from the pool
Caused by: redis.clients.jedis.exceptions.JedisConnectionException: java.net.ConnectException: Connection refused (Connection refused)
Caused by: java.net.ConnectException: Connection refused (Connection refused)
</error>
  </testcase>
  <testcase name="testDrainToCollectionWithMaxElements[0]" classname="org.springframework.data.redis.support.collections.RedisListTests" time="0.002">
    <error message="Cannot get Jedis connection; nested exception is redis.clients.jedis.exceptions.JedisConnectionException: Could not get a resource from the pool" type="org.springframework.data.redis.RedisConnectionFailureException">org.springframework.data.redis.RedisConnectionFailureException: Cannot get Jedis connection; nested exception is redis.clients.jedis.exceptions.JedisConnectionException: Could not get a resource from the pool
Caused by: redis.clients.jedis.exceptions.JedisConnectionException: Could not get a resource from the pool
Caused by: redis.clients.jedis.exceptions.JedisConnectionException: java.net.ConnectException: Connection refused (Connection refused)
Caused by: java.net.ConnectException: Connection refused (Connection refused)
</error>
  </testcase>
  <testcase name="testTakeLast[0]" classname="org.springframework.data.redis.support.collections.RedisListTests" time="0.001">
    <error message="Cannot get Jedis connection; nested exception is redis.clients.jedis.exceptions.JedisConnectionException: Could not get a resource from the pool" type="org.springframework.data.redis.RedisConnectionFailureException">org.springframework.data.redis.RedisConnectionFailureException: Cannot get Jedis connection; nested exception is redis.clients.jedis.exceptions.JedisConnectionException: Could not get a resource from the pool
Caused by: redis.clients.jedis.exceptions.JedisConnectionException: Could not get a resource from the pool
Caused by: redis.clients.jedis.exceptions.JedisConnectionException: java.net.ConnectException: Connection refused (Connection refused)
Caused by: java.net.ConnectException: Connection refused (Connection refused)
</error>
  </testcase>
  <testcase name="testTakeLast[0]" classname="org.springframework.data.redis.support.collections.RedisListTests" time="0.001">
    <error message="Cannot get Jedis connection; nested exception is redis.clients.jedis.exceptions.JedisConnectionException: Could not get a resource from the pool" type="org.springframework.data.redis.RedisConnectionFailureException">org.springframework.data.redis.RedisConnectionFailureException: Cannot get Jedis connection; nested exception is redis.clients.jedis.exceptions.JedisConnectionException: Could not get a resource from the pool
Caused by: redis.clients.jedis.exceptions.JedisConnectionException: Could not get a resource from the pool
Caused by: redis.clients.jedis.exceptions.JedisConnectionException: java.net.ConnectException: Connection refused (Connection refused)
Caused by: java.net.ConnectException: Connection refused (Connection refused)
</error>
  </testcase>
  <testcase name="testRemainingCapacity[0]" classname="org.springframework.data.redis.support.collections.RedisListTests" time="0">
    <error message="Cannot get Jedis connection; nested exception is redis.clients.jedis.exceptions.JedisConnectionException: Could not get a resource from the pool" type="org.springframework.data.redis.RedisConnectionFailureException">org.springframework.data.redis.RedisConnectionFailureException: Cannot get Jedis connection; nested exception is redis.clients.jedis.exceptions.JedisConnectionException: Could not get a resource from the pool
Caused by: redis.clients.jedis.exceptions.JedisConnectionException: Could not get a resource from the pool
Caused by: redis.clients.jedis.exceptions.JedisConnectionException: java.net.ConnectException: Connection refused (Connection refused)
Caused by: java.net.ConnectException: Connection refused (Connection refused)
</error>
  </testcase>
  <testcase name="testRemoveLast[0]" classname="org.springframework.data.redis.support.collections.RedisListTests" time="0">
    <error message="Cannot get Jedis connection; nested exception is redis.clients.jedis.exceptions.JedisConnectionException: Could not get a resource from the pool" type="org.springframework.data.redis.RedisConnectionFailureException">org.springframework.data.redis.RedisConnectionFailureException: Cannot get Jedis connection; nested exception is redis.clients.jedis.exceptions.JedisConnectionException: Could not get a resource from the pool
Caused by: redis.clients.jedis.exceptions.JedisConnectionException: Could not get a resource from the pool
Caused by: redis.clients.jedis.exceptions.JedisConnectionException: java.net.ConnectException: Connection refused (Connection refused)
Caused by: java.net.ConnectException: Connection refused (Connection refused)
</error>
  </testcase>
  <testcase name="testRemoveLast[0]" classname="org.springframework.data.redis.support.collections.RedisListTests" time="0.001">
    <error message="Cannot get Jedis connection; nested exception is redis.clients.jedis.exceptions.JedisConnectionException: Could not get a resource from the pool" type="org.springframework.data.redis.RedisConnectionFailureException">org.springframework.data.redis.RedisConnectionFailureException: Cannot get Jedis connection; nested exception is redis.clients.jedis.exceptions.JedisConnectionException: Could not get a resource from the pool
Caused by: redis.clients.jedis.exceptions.JedisConnectionException: Could not get a resource from the pool
Caused by: redis.clients.jedis.exceptions.JedisConnectionException: java.net.ConnectException: Connection refused (Connection refused)
Caused by: java.net.ConnectException: Connection refused (Connection refused)
</error>
  </testcase>
  <testcase name="testAddIndexObjectHead[0]" classname="org.springframework.data.redis.support.collections.RedisListTests" time="0.001">
    <error message="Cannot get Jedis connection; nested exception is redis.clients.jedis.exceptions.JedisConnectionException: Could not get a resource from the pool" type="org.springframework.data.redis.RedisConnectionFailureException">org.springframework.data.redis.RedisConnectionFailureException: Cannot get Jedis connection; nested exception is redis.clients.jedis.exceptions.JedisConnectionException: Could not get a resource from the pool
Caused by: redis.clients.jedis.exceptions.JedisConnectionException: Could not get a resource from the pool
Caused by: redis.clients.jedis.exceptions.JedisConnectionException: java.net.ConnectException: Connection refused (Connection refused)
Caused by: java.net.ConnectException: Connection refused (Connection refused)
</error>
  </testcase>
  <testcase name="testAddIndexObjectHead[0]" classname="org.springframework.data.redis.support.collections.RedisListTests" time="0.001">
    <error message="Cannot get Jedis connection; nested exception is redis.clients.jedis.exceptions.JedisConnectionException: Could not get a resource from the pool" type="org.springframework.data.redis.RedisConnectionFailureException">org.springframework.data.redis.RedisConnectionFailureException: Cannot get Jedis connection; nested exception is redis.clients.jedis.exceptions.JedisConnectionException: Could not get a resource from the pool
Caused by: redis.clients.jedis.exceptions.JedisConnectionException: Could not get a resource from the pool
Caused by: redis.clients.jedis.exceptions.JedisConnectionException: java.net.ConnectException: Connection refused (Connection refused)
Caused by: java.net.ConnectException: Connection refused (Connection refused)
</error>
  </testcase>
  <testcase name="testAddIndexObjectTail[0]" classname="org.springframework.data.redis.support.collections.RedisListTests" time="0.001">
    <error message="Cannot get Jedis connection; nested exception is redis.clients.jedis.exceptions.JedisConnectionException: Could not get a resource from the pool" type="org.springframework.data.redis.RedisConnectionFailureException">org.springframework.data.redis.RedisConnectionFailureException: Cannot get Jedis connection; nested exception is redis.clients.jedis.exceptions.JedisConnectionException: Could not get a resource from the pool
Caused by: redis.clients.jedis.exceptions.JedisConnectionException: Could not get a resource from the pool
Caused by: redis.clients.jedis.exceptions.JedisConnectionException: java.net.ConnectException: Connection refused (Connection refused)
Caused by: java.net.ConnectException: Connection refused (Connection refused)
</error>
  </testcase>
  <testcase name="testAddIndexObjectTail[0]" classname="org.springframework.data.redis.support.collections.RedisListTests" time="0.001">
    <error message="Cannot get Jedis connection; nested exception is redis.clients.jedis.exceptions.JedisConnectionException: Could not get a resource from the pool" type="org.springframework.data.redis.RedisConnectionFailureException">org.springframework.data.redis.RedisConnectionFailureException: Cannot get Jedis connection; nested exception is redis.clients.jedis.exceptions.JedisConnectionException: Could not get a resource from the pool
Caused by: redis.clients.jedis.exceptions.JedisConnectionException: Could not get a resource from the pool
Caused by: redis.clients.jedis.exceptions.JedisConnectionException: java.net.ConnectException: Connection refused (Connection refused)
Caused by: java.net.ConnectException: Connection refused (Connection refused)
</error>
  </testcase>
  <testcase name="testPollFirst[0]" classname="org.springframework.data.redis.support.collections.RedisListTests" time="0.001">
    <error message="Cannot get Jedis connection; nested exception is redis.clients.jedis.exceptions.JedisConnectionException: Could not get a resource from the pool" type="org.springframework.data.redis.RedisConnectionFailureException">org.springframework.data.redis.RedisConnectionFailureException: Cannot get Jedis connection; nested exception is redis.clients.jedis.exceptions.JedisConnectionException: Could not get a resource from the pool
Caused by: redis.clients.jedis.exceptions.JedisConnectionException: Could not get a resource from the pool
Caused by: redis.clients.jedis.exceptions.JedisConnectionException: java.net.ConnectException: Connection refused (Connection refused)
Caused by: java.net.ConnectException: Connection refused (Connection refused)
</error>
  </testcase>
  <testcase name="testPollFirst[0]" classname="org.springframework.data.redis.support.collections.RedisListTests" time="0.001">
    <error message="Cannot get Jedis connection; nested exception is redis.clients.jedis.exceptions.JedisConnectionException: Could not get a resource from the pool" type="org.springframework.data.redis.RedisConnectionFailureException">org.springframework.data.redis.RedisConnectionFailureException: Cannot get Jedis connection; nested exception is redis.clients.jedis.exceptions.JedisConnectionException: Could not get a resource from the pool
Caused by: redis.clients.jedis.exceptions.JedisConnectionException: Could not get a resource from the pool
Caused by: redis.clients.jedis.exceptions.JedisConnectionException: java.net.ConnectException: Connection refused (Connection refused)
Caused by: java.net.ConnectException: Connection refused (Connection refused)
</error>
  </testcase>
  <testcase name="testAddIndexObjectMiddle[0]" classname="org.springframework.data.redis.support.collections.RedisListTests" time="0.001">
    <error message="Unexpected exception, expected&lt;java.lang.IllegalArgumentException&gt; but was&lt;org.springframework.data.redis.RedisConnectionFailureException&gt;" type="java.lang.Exception"><![CDATA[java.lang.Exception: Unexpected exception, expected<java.lang.IllegalArgumentException> but was<org.springframework.data.redis.RedisConnectionFailureException>
Caused by: org.springframework.data.redis.RedisConnectionFailureException: Cannot get Jedis connection; nested exception is redis.clients.jedis.exceptions.JedisConnectionException: Could not get a resource from the pool
Caused by: redis.clients.jedis.exceptions.JedisConnectionException: Could not get a resource from the pool
Caused by: redis.clients.jedis.exceptions.JedisConnectionException: java.net.ConnectException: Connection refused (Connection refused)
Caused by: java.net.ConnectException: Connection refused (Connection refused)
]]></error>
  </testcase>
  <testcase name="testAddIndexObjectMiddle[0]" classname="org.springframework.data.redis.support.collections.RedisListTests" time="0.001">
    <error message="Cannot get Jedis connection; nested exception is redis.clients.jedis.exceptions.JedisConnectionException: Could not get a resource from the pool" type="org.springframework.data.redis.RedisConnectionFailureException">org.springframework.data.redis.RedisConnectionFailureException: Cannot get Jedis connection; nested exception is redis.clients.jedis.exceptions.JedisConnectionException: Could not get a resource from the pool
Caused by: redis.clients.jedis.exceptions.JedisConnectionException: Could not get a resource from the pool
Caused by: redis.clients.jedis.exceptions.JedisConnectionException: java.net.ConnectException: Connection refused (Connection refused)
Caused by: java.net.ConnectException: Connection refused (Connection refused)
</error>
  </testcase>
  <testcase name="testPeekLast[0]" classname="org.springframework.data.redis.support.collections.RedisListTests" time="0">
    <error message="Cannot get Jedis connection; nested exception is redis.clients.jedis.exceptions.JedisConnectionException: Could not get a resource from the pool" type="org.springframework.data.redis.RedisConnectionFailureException">org.springframework.data.redis.RedisConnectionFailureException: Cannot get Jedis connection; nested exception is redis.clients.jedis.exceptions.JedisConnectionException: Could not get a resource from the pool
Caused by: redis.clients.jedis.exceptions.JedisConnectionException: Could not get a resource from the pool
Caused by: redis.clients.jedis.exceptions.JedisConnectionException: java.net.ConnectException: Connection refused (Connection refused)
Caused by: java.net.ConnectException: Connection refused (Connection refused)
</error>
  </testcase>
  <testcase name="testPeekLast[0]" classname="org.springframework.data.redis.support.collections.RedisListTests" time="0.001">
    <error message="Cannot get Jedis connection; nested exception is redis.clients.jedis.exceptions.JedisConnectionException: Could not get a resource from the pool" type="org.springframework.data.redis.RedisConnectionFailureException">org.springframework.data.redis.RedisConnectionFailureException: Cannot get Jedis connection; nested exception is redis.clients.jedis.exceptions.JedisConnectionException: Could not get a resource from the pool
Caused by: redis.clients.jedis.exceptions.JedisConnectionException: Could not get a resource from the pool
Caused by: redis.clients.jedis.exceptions.JedisConnectionException: java.net.ConnectException: Connection refused (Connection refused)
Caused by: java.net.ConnectException: Connection refused (Connection refused)
</error>
  </testcase>
  <testcase name="testRemoveFirstOccurrence[0]" classname="org.springframework.data.redis.support.collections.RedisListTests" time="0">
    <error message="Cannot get Jedis connection; nested exception is redis.clients.jedis.exceptions.JedisConnectionException: Could not get a resource from the pool" type="org.springframework.data.redis.RedisConnectionFailureException">org.springframework.data.redis.RedisConnectionFailureException: Cannot get Jedis connection; nested exception is redis.clients.jedis.exceptions.JedisConnectionException: Could not get a resource from the pool
Caused by: redis.clients.jedis.exceptions.JedisConnectionException: Could not get a resource from the pool
Caused by: redis.clients.jedis.exceptions.JedisConnectionException: java.net.ConnectException: Connection refused (Connection refused)
Caused by: java.net.ConnectException: Connection refused (Connection refused)
</error>
  </testcase>
  <testcase name="testRemoveFirstOccurrence[0]" classname="org.springframework.data.redis.support.collections.RedisListTests" time="0.001">
    <error message="Cannot get Jedis connection; nested exception is redis.clients.jedis.exceptions.JedisConnectionException: Could not get a resource from the pool" type="org.springframework.data.redis.RedisConnectionFailureException">org.springframework.data.redis.RedisConnectionFailureException: Cannot get Jedis connection; nested exception is redis.clients.jedis.exceptions.JedisConnectionException: Could not get a resource from the pool
Caused by: redis.clients.jedis.exceptions.JedisConnectionException: Could not get a resource from the pool
Caused by: redis.clients.jedis.exceptions.JedisConnectionException: java.net.ConnectException: Connection refused (Connection refused)
Caused by: java.net.ConnectException: Connection refused (Connection refused)
</error>
  </testcase>
  <testcase name="addAllIndexCollectionHead[0]" classname="org.springframework.data.redis.support.collections.RedisListTests" time="0.001">
    <error message="Cannot get Jedis connection; nested exception is redis.clients.jedis.exceptions.JedisConnectionException: Could not get a resource from the pool" type="org.springframework.data.redis.RedisConnectionFailureException">org.springframework.data.redis.RedisConnectionFailureException: Cannot get Jedis connection; nested exception is redis.clients.jedis.exceptions.JedisConnectionException: Could not get a resource from the pool
Caused by: redis.clients.jedis.exceptions.JedisConnectionException: Could not get a resource from the pool
Caused by: redis.clients.jedis.exceptions.JedisConnectionException: java.net.ConnectException: Connection refused (Connection refused)
Caused by: java.net.ConnectException: Connection refused (Connection refused)
</error>
  </testcase>
  <testcase name="addAllIndexCollectionHead[0]" classname="org.springframework.data.redis.support.collections.RedisListTests" time="0.001">
    <error message="Cannot get Jedis connection; nested exception is redis.clients.jedis.exceptions.JedisConnectionException: Could not get a resource from the pool" type="org.springframework.data.redis.RedisConnectionFailureException">org.springframework.data.redis.RedisConnectionFailureException: Cannot get Jedis connection; nested exception is redis.clients.jedis.exceptions.JedisConnectionException: Could not get a resource from the pool
Caused by: redis.clients.jedis.exceptions.JedisConnectionException: Could not get a resource from the pool
Caused by: redis.clients.jedis.exceptions.JedisConnectionException: java.net.ConnectException: Connection refused (Connection refused)
Caused by: java.net.ConnectException: Connection refused (Connection refused)
</error>
  </testcase>
  <testcase name="addAllIndexCollectionTail[0]" classname="org.springframework.data.redis.support.collections.RedisListTests" time="0.001">
    <error message="Cannot get Jedis connection; nested exception is redis.clients.jedis.exceptions.JedisConnectionException: Could not get a resource from the pool" type="org.springframework.data.redis.RedisConnectionFailureException">org.springframework.data.redis.RedisConnectionFailureException: Cannot get Jedis connection; nested exception is redis.clients.jedis.exceptions.JedisConnectionException: Could not get a resource from the pool
Caused by: redis.clients.jedis.exceptions.JedisConnectionException: Could not get a resource from the pool
Caused by: redis.clients.jedis.exceptions.JedisConnectionException: java.net.ConnectException: Connection refused (Connection refused)
Caused by: java.net.ConnectException: Connection refused (Connection refused)
</error>
  </testcase>
  <testcase name="addAllIndexCollectionTail[0]" classname="org.springframework.data.redis.support.collections.RedisListTests" time="0.001">
    <error message="Cannot get Jedis connection; nested exception is redis.clients.jedis.exceptions.JedisConnectionException: Could not get a resource from the pool" type="org.springframework.data.redis.RedisConnectionFailureException">org.springframework.data.redis.RedisConnectionFailureException: Cannot get Jedis connection; nested exception is redis.clients.jedis.exceptions.JedisConnectionException: Could not get a resource from the pool
Caused by: redis.clients.jedis.exceptions.JedisConnectionException: Could not get a resource from the pool
Caused by: redis.clients.jedis.exceptions.JedisConnectionException: java.net.ConnectException: Connection refused (Connection refused)
Caused by: java.net.ConnectException: Connection refused (Connection refused)
</error>
  </testcase>
  <testcase name="addAllIndexCollectionMiddle[0]" classname="org.springframework.data.redis.support.collections.RedisListTests" time="0.001">
    <error message="Unexpected exception, expected&lt;java.lang.IllegalArgumentException&gt; but was&lt;org.springframework.data.redis.RedisConnectionFailureException&gt;" type="java.lang.Exception"><![CDATA[java.lang.Exception: Unexpected exception, expected<java.lang.IllegalArgumentException> but was<org.springframework.data.redis.RedisConnectionFailureException>
Caused by: org.springframework.data.redis.RedisConnectionFailureException: Cannot get Jedis connection; nested exception is redis.clients.jedis.exceptions.JedisConnectionException: Could not get a resource from the pool
Caused by: redis.clients.jedis.exceptions.JedisConnectionException: Could not get a resource from the pool
Caused by: redis.clients.jedis.exceptions.JedisConnectionException: java.net.ConnectException: Connection refused (Connection refused)
Caused by: java.net.ConnectException: Connection refused (Connection refused)
]]></error>
  </testcase>
  <testcase name="addAllIndexCollectionMiddle[0]" classname="org.springframework.data.redis.support.collections.RedisListTests" time="0.001">
    <error message="Cannot get Jedis connection; nested exception is redis.clients.jedis.exceptions.JedisConnectionException: Could not get a resource from the pool" type="org.springframework.data.redis.RedisConnectionFailureException">org.springframework.data.redis.RedisConnectionFailureException: Cannot get Jedis connection; nested exception is redis.clients.jedis.exceptions.JedisConnectionException: Could not get a resource from the pool
Caused by: redis.clients.jedis.exceptions.JedisConnectionException: Could not get a resource from the pool
Caused by: redis.clients.jedis.exceptions.JedisConnectionException: java.net.ConnectException: Connection refused (Connection refused)
Caused by: java.net.ConnectException: Connection refused (Connection refused)
</error>
  </testcase>
  <testcase name="testPollLast[0]" classname="org.springframework.data.redis.support.collections.RedisListTests" time="0">
    <error message="Cannot get Jedis connection; nested exception is redis.clients.jedis.exceptions.JedisConnectionException: Could not get a resource from the pool" type="org.springframework.data.redis.RedisConnectionFailureException">org.springframework.data.redis.RedisConnectionFailureException: Cannot get Jedis connection; nested exception is redis.clients.jedis.exceptions.JedisConnectionException: Could not get a resource from the pool
Caused by: redis.clients.jedis.exceptions.JedisConnectionException: Could not get a resource from the pool
Caused by: redis.clients.jedis.exceptions.JedisConnectionException: java.net.ConnectException: Connection refused (Connection refused)
Caused by: java.net.ConnectException: Connection refused (Connection refused)
</error>
  </testcase>
  <testcase name="testPollLast[0]" classname="org.springframework.data.redis.support.collections.RedisListTests" time="0.001">
    <error message="Cannot get Jedis connection; nested exception is redis.clients.jedis.exceptions.JedisConnectionException: Could not get a resource from the pool" type="org.springframework.data.redis.RedisConnectionFailureException">org.springframework.data.redis.RedisConnectionFailureException: Cannot get Jedis connection; nested exception is redis.clients.jedis.exceptions.JedisConnectionException: Could not get a resource from the pool
Caused by: redis.clients.jedis.exceptions.JedisConnectionException: Could not get a resource from the pool
Caused by: redis.clients.jedis.exceptions.JedisConnectionException: java.net.ConnectException: Connection refused (Connection refused)
Caused by: java.net.ConnectException: Connection refused (Connection refused)
</error>
  </testcase>
  <testcase name="testIndexOfObject[0]" classname="org.springframework.data.redis.support.collections.RedisListTests" time="0">
    <error message="Cannot get Jedis connection; nested exception is redis.clients.jedis.exceptions.JedisConnectionException: Could not get a resource from the pool" type="org.springframework.data.redis.RedisConnectionFailureException">org.springframework.data.redis.RedisConnectionFailureException: Cannot get Jedis connection; nested exception is redis.clients.jedis.exceptions.JedisConnectionException: Could not get a resource from the pool
Caused by: redis.clients.jedis.exceptions.JedisConnectionException: Could not get a resource from the pool
Caused by: redis.clients.jedis.exceptions.JedisConnectionException: java.net.ConnectException: Connection refused (Connection refused)
Caused by: java.net.ConnectException: Connection refused (Connection refused)
</error>
  </testcase>
  <testcase name="testPollTimeout[0]" classname="org.springframework.data.redis.support.collections.RedisListTests" time="0.001">
    <error message="Cannot get Jedis connection; nested exception is redis.clients.jedis.exceptions.JedisConnectionException: Could not get a resource from the pool" type="org.springframework.data.redis.RedisConnectionFailureException">org.springframework.data.redis.RedisConnectionFailureException: Cannot get Jedis connection; nested exception is redis.clients.jedis.exceptions.JedisConnectionException: Could not get a resource from the pool
Caused by: redis.clients.jedis.exceptions.JedisConnectionException: Could not get a resource from the pool
Caused by: redis.clients.jedis.exceptions.JedisConnectionException: java.net.ConnectException: Connection refused (Connection refused)
Caused by: java.net.ConnectException: Connection refused (Connection refused)
</error>
  </testcase>
  <testcase name="testPollTimeout[0]" classname="org.springframework.data.redis.support.collections.RedisListTests" time="0.001">
    <error message="Cannot get Jedis connection; nested exception is redis.clients.jedis.exceptions.JedisConnectionException: Could not get a resource from the pool" type="org.springframework.data.redis.RedisConnectionFailureException">org.springframework.data.redis.RedisConnectionFailureException: Cannot get Jedis connection; nested exception is redis.clients.jedis.exceptions.JedisConnectionException: Could not get a resource from the pool
Caused by: redis.clients.jedis.exceptions.JedisConnectionException: Could not get a resource from the pool
Caused by: redis.clients.jedis.exceptions.JedisConnectionException: java.net.ConnectException: Connection refused (Connection refused)
Caused by: java.net.ConnectException: Connection refused (Connection refused)
</error>
  </testcase>
  <testcase name="testRemove[0]" classname="org.springframework.data.redis.support.collections.RedisListTests" time="0">
    <error message="Cannot get Jedis connection; nested exception is redis.clients.jedis.exceptions.JedisConnectionException: Could not get a resource from the pool" type="org.springframework.data.redis.RedisConnectionFailureException">org.springframework.data.redis.RedisConnectionFailureException: Cannot get Jedis connection; nested exception is redis.clients.jedis.exceptions.JedisConnectionException: Could not get a resource from the pool
Caused by: redis.clients.jedis.exceptions.JedisConnectionException: Could not get a resource from the pool
Caused by: redis.clients.jedis.exceptions.JedisConnectionException: java.net.ConnectException: Connection refused (Connection refused)
Caused by: java.net.ConnectException: Connection refused (Connection refused)
</error>
  </testcase>
  <testcase name="testRemove[0]" classname="org.springframework.data.redis.support.collections.RedisListTests" time="0.001">
    <error message="Cannot get Jedis connection; nested exception is redis.clients.jedis.exceptions.JedisConnectionException: Could not get a resource from the pool" type="org.springframework.data.redis.RedisConnectionFailureException">org.springframework.data.redis.RedisConnectionFailureException: Cannot get Jedis connection; nested exception is redis.clients.jedis.exceptions.JedisConnectionException: Could not get a resource from the pool
Caused by: redis.clients.jedis.exceptions.JedisConnectionException: Could not get a resource from the pool
Caused by: redis.clients.jedis.exceptions.JedisConnectionException: java.net.ConnectException: Connection refused (Connection refused)
Caused by: java.net.ConnectException: Connection refused (Connection refused)
</error>
  </testcase>
  <testcase name="testCappedCollection[0]" classname="org.springframework.data.redis.support.collections.RedisListTests" time="0.001">
    <error message="Cannot get Jedis connection; nested exception is redis.clients.jedis.exceptions.JedisConnectionException: Could not get a resource from the pool" type="org.springframework.data.redis.RedisConnectionFailureException">org.springframework.data.redis.RedisConnectionFailureException: Cannot get Jedis connection; nested exception is redis.clients.jedis.exceptions.JedisConnectionException: Could not get a resource from the pool
Caused by: redis.clients.jedis.exceptions.JedisConnectionException: Could not get a resource from the pool
Caused by: redis.clients.jedis.exceptions.JedisConnectionException: java.net.ConnectException: Connection refused (Connection refused)
Caused by: java.net.ConnectException: Connection refused (Connection refused)
</error>
  </testcase>
  <testcase name="testCappedCollection[0]" classname="org.springframework.data.redis.support.collections.RedisListTests" time="0.001">
    <error message="Cannot get Jedis connection; nested exception is redis.clients.jedis.exceptions.JedisConnectionException: Could not get a resource from the pool" type="org.springframework.data.redis.RedisConnectionFailureException">org.springframework.data.redis.RedisConnectionFailureException: Cannot get Jedis connection; nested exception is redis.clients.jedis.exceptions.JedisConnectionException: Could not get a resource from the pool
Caused by: redis.clients.jedis.exceptions.JedisConnectionException: Could not get a resource from the pool
Caused by: redis.clients.jedis.exceptions.JedisConnectionException: java.net.ConnectException: Connection refused (Connection refused)
Caused by: java.net.ConnectException: Connection refused (Connection refused)
</error>
  </testcase>
  <testcase name="testRmoveLastOccurrence[0]" classname="org.springframework.data.redis.support.collections.RedisListTests" time="0.001">
    <error message="Cannot get Jedis connection; nested exception is redis.clients.jedis.exceptions.JedisConnectionException: Could not get a resource from the pool" type="org.springframework.data.redis.RedisConnectionFailureException">org.springframework.data.redis.RedisConnectionFailureException: Cannot get Jedis connection; nested exception is redis.clients.jedis.exceptions.JedisConnectionException: Could not get a resource from the pool
Caused by: redis.clients.jedis.exceptions.JedisConnectionException: Could not get a resource from the pool
Caused by: redis.clients.jedis.exceptions.JedisConnectionException: java.net.ConnectException: Connection refused (Connection refused)
Caused by: java.net.ConnectException: Connection refused (Connection refused)
</error>
  </testcase>
  <testcase name="testRmoveLastOccurrence[0]" classname="org.springframework.data.redis.support.collections.RedisListTests" time="0.001">
    <error message="Cannot get Jedis connection; nested exception is redis.clients.jedis.exceptions.JedisConnectionException: Could not get a resource from the pool" type="org.springframework.data.redis.RedisConnectionFailureException">org.springframework.data.redis.RedisConnectionFailureException: Cannot get Jedis connection; nested exception is redis.clients.jedis.exceptions.JedisConnectionException: Could not get a resource from the pool
Caused by: redis.clients.jedis.exceptions.JedisConnectionException: Could not get a resource from the pool
Caused by: redis.clients.jedis.exceptions.JedisConnectionException: java.net.ConnectException: Connection refused (Connection refused)
Caused by: java.net.ConnectException: Connection refused (Connection refused)
</error>
  </testcase>
  <testcase name="testTakeFirst[0]" classname="org.springframework.data.redis.support.collections.RedisListTests" time="0.001">
    <error message="Cannot get Jedis connection; nested exception is redis.clients.jedis.exceptions.JedisConnectionException: Could not get a resource from the pool" type="org.springframework.data.redis.RedisConnectionFailureException">org.springframework.data.redis.RedisConnectionFailureException: Cannot get Jedis connection; nested exception is redis.clients.jedis.exceptions.JedisConnectionException: Could not get a resource from the pool
Caused by: redis.clients.jedis.exceptions.JedisConnectionException: Could not get a resource from the pool
Caused by: redis.clients.jedis.exceptions.JedisConnectionException: java.net.ConnectException: Connection refused (Connection refused)
Caused by: java.net.ConnectException: Connection refused (Connection refused)
</error>
  </testcase>
  <testcase name="testTakeFirst[0]" classname="org.springframework.data.redis.support.collections.RedisListTests" time="0.001">
    <error message="Cannot get Jedis connection; nested exception is redis.clients.jedis.exceptions.JedisConnectionException: Could not get a resource from the pool" type="org.springframework.data.redis.RedisConnectionFailureException">org.springframework.data.redis.RedisConnectionFailureException: Cannot get Jedis connection; nested exception is redis.clients.jedis.exceptions.JedisConnectionException: Could not get a resource from the pool
Caused by: redis.clients.jedis.exceptions.JedisConnectionException: Could not get a resource from the pool
Caused by: redis.clients.jedis.exceptions.JedisConnectionException: java.net.ConnectException: Connection refused (Connection refused)
Caused by: java.net.ConnectException: Connection refused (Connection refused)
</error>
  </testcase>
  <testcase name="testContainsObject[0]" classname="org.springframework.data.redis.support.collections.RedisListTests" time="0">
    <error message="Cannot get Jedis connection; nested exception is redis.clients.jedis.exceptions.JedisConnectionException: Could not get a resource from the pool" type="org.springframework.data.redis.RedisConnectionFailureException">org.springframework.data.redis.RedisConnectionFailureException: Cannot get Jedis connection; nested exception is redis.clients.jedis.exceptions.JedisConnectionException: Could not get a resource from the pool
Caused by: redis.clients.jedis.exceptions.JedisConnectionException: Could not get a resource from the pool
Caused by: redis.clients.jedis.exceptions.JedisConnectionException: java.net.ConnectException: Connection refused (Connection refused)
Caused by: java.net.ConnectException: Connection refused (Connection refused)
</error>
  </testcase>
  <testcase name="testContainsObject[0]" classname="org.springframework.data.redis.support.collections.RedisListTests" time="0.001">
    <error message="Cannot get Jedis connection; nested exception is redis.clients.jedis.exceptions.JedisConnectionException: Could not get a resource from the pool" type="org.springframework.data.redis.RedisConnectionFailureException">org.springframework.data.redis.RedisConnectionFailureException: Cannot get Jedis connection; nested exception is redis.clients.jedis.exceptions.JedisConnectionException: Could not get a resource from the pool
Caused by: redis.clients.jedis.exceptions.JedisConnectionException: Could not get a resource from the pool
Caused by: redis.clients.jedis.exceptions.JedisConnectionException: java.net.ConnectException: Connection refused (Connection refused)
Caused by: java.net.ConnectException: Connection refused (Connection refused)
</error>
  </testcase>
  <testcase name="testToArray[0]" classname="org.springframework.data.redis.support.collections.RedisListTests" time="0.001">
    <error message="Cannot get Jedis connection; nested exception is redis.clients.jedis.exceptions.JedisConnectionException: Could not get a resource from the pool" type="org.springframework.data.redis.RedisConnectionFailureException">org.springframework.data.redis.RedisConnectionFailureException: Cannot get Jedis connection; nested exception is redis.clients.jedis.exceptions.JedisConnectionException: Could not get a resource from the pool
Caused by: redis.clients.jedis.exceptions.JedisConnectionException: Could not get a resource from the pool
Caused by: redis.clients.jedis.exceptions.JedisConnectionException: java.net.ConnectException: Connection refused (Connection refused)
Caused by: java.net.ConnectException: Connection refused (Connection refused)
</error>
  </testcase>
  <testcase name="testToArray[0]" classname="org.springframework.data.redis.support.collections.RedisListTests" time="0.001">
    <error message="Cannot get Jedis connection; nested exception is redis.clients.jedis.exceptions.JedisConnectionException: Could not get a resource from the pool" type="org.springframework.data.redis.RedisConnectionFailureException">org.springframework.data.redis.RedisConnectionFailureException: Cannot get Jedis connection; nested exception is redis.clients.jedis.exceptions.JedisConnectionException: Could not get a resource from the pool
Caused by: redis.clients.jedis.exceptions.JedisConnectionException: Could not get a resource from the pool
Caused by: redis.clients.jedis.exceptions.JedisConnectionException: java.net.ConnectException: Connection refused (Connection refused)
Caused by: java.net.ConnectException: Connection refused (Connection refused)
</error>
  </testcase>
  <testcase name="testAdd[0]" classname="org.springframework.data.redis.support.collections.RedisListTests" time="0.001">
    <error message="Cannot get Jedis connection; nested exception is redis.clients.jedis.exceptions.JedisConnectionException: Could not get a resource from the pool" type="org.springframework.data.redis.RedisConnectionFailureException">org.springframework.data.redis.RedisConnectionFailureException: Cannot get Jedis connection; nested exception is redis.clients.jedis.exceptions.JedisConnectionException: Could not get a resource from the pool
Caused by: redis.clients.jedis.exceptions.JedisConnectionException: Could not get a resource from the pool
Caused by: redis.clients.jedis.exceptions.JedisConnectionException: java.net.ConnectException: Connection refused (Connection refused)
Caused by: java.net.ConnectException: Connection refused (Connection refused)
</error>
  </testcase>
  <testcase name="testAdd[0]" classname="org.springframework.data.redis.support.collections.RedisListTests" time="0.001">
    <error message="Cannot get Jedis connection; nested exception is redis.clients.jedis.exceptions.JedisConnectionException: Could not get a resource from the pool" type="org.springframework.data.redis.RedisConnectionFailureException">org.springframework.data.redis.RedisConnectionFailureException: Cannot get Jedis connection; nested exception is redis.clients.jedis.exceptions.JedisConnectionException: Could not get a resource from the pool
Caused by: redis.clients.jedis.exceptions.JedisConnectionException: Could not get a resource from the pool
Caused by: redis.clients.jedis.exceptions.JedisConnectionException: java.net.ConnectException: Connection refused (Connection refused)
Caused by: java.net.ConnectException: Connection refused (Connection refused)
</error>
  </testcase>
  <testcase name="testClear[0]" classname="org.springframework.data.redis.support.collections.RedisListTests" time="0.002">
    <error message="Cannot get Jedis connection; nested exception is redis.clients.jedis.exceptions.JedisConnectionException: Could not get a resource from the pool" type="org.springframework.data.redis.RedisConnectionFailureException">org.springframework.data.redis.RedisConnectionFailureException: Cannot get Jedis connection; nested exception is redis.clients.jedis.exceptions.JedisConnectionException: Could not get a resource from the pool
Caused by: redis.clients.jedis.exceptions.JedisConnectionException: Could not get a resource from the pool
Caused by: redis.clients.jedis.exceptions.JedisConnectionException: java.net.ConnectException: Connection refused (Connection refused)
Caused by: java.net.ConnectException: Connection refused (Connection refused)
</error>
  </testcase>
  <testcase name="testClear[0]" classname="org.springframework.data.redis.support.collections.RedisListTests" time="0.002">
    <error message="Cannot get Jedis connection; nested exception is redis.clients.jedis.exceptions.JedisConnectionException: Could not get a resource from the pool" type="org.springframework.data.redis.RedisConnectionFailureException">org.springframework.data.redis.RedisConnectionFailureException: Cannot get Jedis connection; nested exception is redis.clients.jedis.exceptions.JedisConnectionException: Could not get a resource from the pool
Caused by: redis.clients.jedis.exceptions.JedisConnectionException: Could not get a resource from the pool
Caused by: redis.clients.jedis.exceptions.JedisConnectionException: java.net.ConnectException: Connection refused (Connection refused)
Caused by: java.net.ConnectException: Connection refused (Connection refused)
</error>
  </testcase>
  <testcase name="testSize[0]" classname="org.springframework.data.redis.support.collections.RedisListTests" time="0.001">
    <error message="Cannot get Jedis connection; nested exception is redis.clients.jedis.exceptions.JedisConnectionException: Could not get a resource from the pool" type="org.springframework.data.redis.RedisConnectionFailureException">org.springframework.data.redis.RedisConnectionFailureException: Cannot get Jedis connection; nested exception is redis.clients.jedis.exceptions.JedisConnectionException: Could not get a resource from the pool
Caused by: redis.clients.jedis.exceptions.JedisConnectionException: Could not get a resource from the pool
Caused by: redis.clients.jedis.exceptions.JedisConnectionException: java.net.ConnectException: Connection refused (Connection refused)
Caused by: java.net.ConnectException: Connection refused (Connection refused)
</error>
  </testcase>
  <testcase name="testSize[0]" classname="org.springframework.data.redis.support.collections.RedisListTests" time="0.001">
    <error message="Cannot get Jedis connection; nested exception is redis.clients.jedis.exceptions.JedisConnectionException: Could not get a resource from the pool" type="org.springframework.data.redis.RedisConnectionFailureException">org.springframework.data.redis.RedisConnectionFailureException: Cannot get Jedis connection; nested exception is redis.clients.jedis.exceptions.JedisConnectionException: Could not get a resource from the pool
Caused by: redis.clients.jedis.exceptions.JedisConnectionException: Could not get a resource from the pool
Caused by: redis.clients.jedis.exceptions.JedisConnectionException: java.net.ConnectException: Connection refused (Connection refused)
Caused by: java.net.ConnectException: Connection refused (Connection refused)
</error>
  </testcase>
  <testcase name="testToString[0]" classname="org.springframework.data.redis.support.collections.RedisListTests" time="0.001">
    <error message="Cannot get Jedis connection; nested exception is redis.clients.jedis.exceptions.JedisConnectionException: Could not get a resource from the pool" type="org.springframework.data.redis.RedisConnectionFailureException">org.springframework.data.redis.RedisConnectionFailureException: Cannot get Jedis connection; nested exception is redis.clients.jedis.exceptions.JedisConnectionException: Could not get a resource from the pool
Caused by: redis.clients.jedis.exceptions.JedisConnectionException: Could not get a resource from the pool
Caused by: redis.clients.jedis.exceptions.JedisConnectionException: java.net.ConnectException: Connection refused (Connection refused)
Caused by: java.net.ConnectException: Connection refused (Connection refused)
</error>
  </testcase>
  <testcase name="testToString[0]" classname="org.springframework.data.redis.support.collections.RedisListTests" time="0.001">
    <error message="Cannot get Jedis connection; nested exception is redis.clients.jedis.exceptions.JedisConnectionException: Could not get a resource from the pool" type="org.springframework.data.redis.RedisConnectionFailureException">org.springframework.data.redis.RedisConnectionFailureException: Cannot get Jedis connection; nested exception is redis.clients.jedis.exceptions.JedisConnectionException: Could not get a resource from the pool
Caused by: redis.clients.jedis.exceptions.JedisConnectionException: Could not get a resource from the pool
Caused by: redis.clients.jedis.exceptions.JedisConnectionException: java.net.ConnectException: Connection refused (Connection refused)
Caused by: java.net.ConnectException: Connection refused (Connection refused)
</error>
  </testcase>
  <testcase name="testContainsAll[0]" classname="org.springframework.data.redis.support.collections.RedisListTests" time="0.001">
    <error message="Cannot get Jedis connection; nested exception is redis.clients.jedis.exceptions.JedisConnectionException: Could not get a resource from the pool" type="org.springframework.data.redis.RedisConnectionFailureException">org.springframework.data.redis.RedisConnectionFailureException: Cannot get Jedis connection; nested exception is redis.clients.jedis.exceptions.JedisConnectionException: Could not get a resource from the pool
Caused by: redis.clients.jedis.exceptions.JedisConnectionException: Could not get a resource from the pool
Caused by: redis.clients.jedis.exceptions.JedisConnectionException: java.net.ConnectException: Connection refused (Connection refused)
Caused by: java.net.ConnectException: Connection refused (Connection refused)
</error>
  </testcase>
  <testcase name="testContainsAll[0]" classname="org.springframework.data.redis.support.collections.RedisListTests" time="0.001">
    <error message="Cannot get Jedis connection; nested exception is redis.clients.jedis.exceptions.JedisConnectionException: Could not get a resource from the pool" type="org.springframework.data.redis.RedisConnectionFailureException">org.springframework.data.redis.RedisConnectionFailureException: Cannot get Jedis connection; nested exception is redis.clients.jedis.exceptions.JedisConnectionException: Could not get a resource from the pool
Caused by: redis.clients.jedis.exceptions.JedisConnectionException: Could not get a resource from the pool
Caused by: redis.clients.jedis.exceptions.JedisConnectionException: java.net.ConnectException: Connection refused (Connection refused)
Caused by: java.net.ConnectException: Connection refused (Connection refused)
</error>
  </testcase>
  <testcase name="testRemoveObject[0]" classname="org.springframework.data.redis.support.collections.RedisListTests" time="0">
    <error message="Cannot get Jedis connection; nested exception is redis.clients.jedis.exceptions.JedisConnectionException: Could not get a resource from the pool" type="org.springframework.data.redis.RedisConnectionFailureException">org.springframework.data.redis.RedisConnectionFailureException: Cannot get Jedis connection; nested exception is redis.clients.jedis.exceptions.JedisConnectionException: Could not get a resource from the pool
Caused by: redis.clients.jedis.exceptions.JedisConnectionException: Could not get a resource from the pool
Caused by: redis.clients.jedis.exceptions.JedisConnectionException: java.net.ConnectException: Connection refused (Connection refused)
Caused by: java.net.ConnectException: Connection refused (Connection refused)
</error>
  </testcase>
  <testcase name="testRemoveObject[0]" classname="org.springframework.data.redis.support.collections.RedisListTests" time="0.001">
    <error message="Cannot get Jedis connection; nested exception is redis.clients.jedis.exceptions.JedisConnectionException: Could not get a resource from the pool" type="org.springframework.data.redis.RedisConnectionFailureException">org.springframework.data.redis.RedisConnectionFailureException: Cannot get Jedis connection; nested exception is redis.clients.jedis.exceptions.JedisConnectionException: Could not get a resource from the pool
Caused by: redis.clients.jedis.exceptions.JedisConnectionException: Could not get a resource from the pool
Caused by: redis.clients.jedis.exceptions.JedisConnectionException: java.net.ConnectException: Connection refused (Connection refused)
Caused by: java.net.ConnectException: Connection refused (Connection refused)
</error>
  </testcase>
  <testcase name="testHashCode[0]" classname="org.springframework.data.redis.support.collections.RedisListTests" time="0">
    <error message="Cannot get Jedis connection; nested exception is redis.clients.jedis.exceptions.JedisConnectionException: Could not get a resource from the pool" type="org.springframework.data.redis.RedisConnectionFailureException">org.springframework.data.redis.RedisConnectionFailureException: Cannot get Jedis connection; nested exception is redis.clients.jedis.exceptions.JedisConnectionException: Could not get a resource from the pool
Caused by: redis.clients.jedis.exceptions.JedisConnectionException: Could not get a resource from the pool
Caused by: redis.clients.jedis.exceptions.JedisConnectionException: java.net.ConnectException: Connection refused (Connection refused)
Caused by: java.net.ConnectException: Connection refused (Connection refused)
</error>
  </testcase>
  <testcase name="testAddAll[0]" classname="org.springframework.data.redis.support.collections.RedisListTests" time="0.001">
    <error message="Cannot get Jedis connection; nested exception is redis.clients.jedis.exceptions.JedisConnectionException: Could not get a resource from the pool" type="org.springframework.data.redis.RedisConnectionFailureException">org.springframework.data.redis.RedisConnectionFailureException: Cannot get Jedis connection; nested exception is redis.clients.jedis.exceptions.JedisConnectionException: Could not get a resource from the pool
Caused by: redis.clients.jedis.exceptions.JedisConnectionException: Could not get a resource from the pool
Caused by: redis.clients.jedis.exceptions.JedisConnectionException: java.net.ConnectException: Connection refused (Connection refused)
Caused by: java.net.ConnectException: Connection refused (Connection refused)
</error>
  </testcase>
  <testcase name="testAddAll[0]" classname="org.springframework.data.redis.support.collections.RedisListTests" time="0.002">
    <error message="Cannot get Jedis connection; nested exception is redis.clients.jedis.exceptions.JedisConnectionException: Could not get a resource from the pool" type="org.springframework.data.redis.RedisConnectionFailureException">org.springframework.data.redis.RedisConnectionFailureException: Cannot get Jedis connection; nested exception is redis.clients.jedis.exceptions.JedisConnectionException: Could not get a resource from the pool
Caused by: redis.clients.jedis.exceptions.JedisConnectionException: Could not get a resource from the pool
Caused by: redis.clients.jedis.exceptions.JedisConnectionException: java.net.ConnectException: Connection refused (Connection refused)
Caused by: java.net.ConnectException: Connection refused (Connection refused)
</error>
  </testcase>
  <testcase name="removeAll[0]" classname="org.springframework.data.redis.support.collections.RedisListTests" time="0">
    <error message="Cannot get Jedis connection; nested exception is redis.clients.jedis.exceptions.JedisConnectionException: Could not get a resource from the pool" type="org.springframework.data.redis.RedisConnectionFailureException">org.springframework.data.redis.RedisConnectionFailureException: Cannot get Jedis connection; nested exception is redis.clients.jedis.exceptions.JedisConnectionException: Could not get a resource from the pool
Caused by: redis.clients.jedis.exceptions.JedisConnectionException: Could not get a resource from the pool
Caused by: redis.clients.jedis.exceptions.JedisConnectionException: java.net.ConnectException: Connection refused (Connection refused)
Caused by: java.net.ConnectException: Connection refused (Connection refused)
</error>
  </testcase>
  <testcase name="removeAll[0]" classname="org.springframework.data.redis.support.collections.RedisListTests" time="0.001">
    <error message="Cannot get Jedis connection; nested exception is redis.clients.jedis.exceptions.JedisConnectionException: Could not get a resource from the pool" type="org.springframework.data.redis.RedisConnectionFailureException">org.springframework.data.redis.RedisConnectionFailureException: Cannot get Jedis connection; nested exception is redis.clients.jedis.exceptions.JedisConnectionException: Could not get a resource from the pool
Caused by: redis.clients.jedis.exceptions.JedisConnectionException: Could not get a resource from the pool
Caused by: redis.clients.jedis.exceptions.JedisConnectionException: java.net.ConnectException: Connection refused (Connection refused)
Caused by: java.net.ConnectException: Connection refused (Connection refused)
</error>
  </testcase>
  <testcase name="testEquals[0]" classname="org.springframework.data.redis.support.collections.RedisListTests" time="0">
    <error message="Cannot get Jedis connection; nested exception is redis.clients.jedis.exceptions.JedisConnectionException: Could not get a resource from the pool" type="org.springframework.data.redis.RedisConnectionFailureException">org.springframework.data.redis.RedisConnectionFailureException: Cannot get Jedis connection; nested exception is redis.clients.jedis.exceptions.JedisConnectionException: Could not get a resource from the pool
Caused by: redis.clients.jedis.exceptions.JedisConnectionException: Could not get a resource from the pool
Caused by: redis.clients.jedis.exceptions.JedisConnectionException: java.net.ConnectException: Connection refused (Connection refused)
Caused by: java.net.ConnectException: Connection refused (Connection refused)
</error>
  </testcase>
  <testcase name="testGetKey[0]" classname="org.springframework.data.redis.support.collections.RedisListTests" time="0">
    <error message="Cannot get Jedis connection; nested exception is redis.clients.jedis.exceptions.JedisConnectionException: Could not get a resource from the pool" type="org.springframework.data.redis.RedisConnectionFailureException">org.springframework.data.redis.RedisConnectionFailureException: Cannot get Jedis connection; nested exception is redis.clients.jedis.exceptions.JedisConnectionException: Could not get a resource from the pool
Caused by: redis.clients.jedis.exceptions.JedisConnectionException: Could not get a resource from the pool
Caused by: redis.clients.jedis.exceptions.JedisConnectionException: java.net.ConnectException: Connection refused (Connection refused)
Caused by: java.net.ConnectException: Connection refused (Connection refused)
</error>
  </testcase>
  <testcase name="testToArrayWithGenerics[0]" classname="org.springframework.data.redis.support.collections.RedisListTests" time="0.001">
    <error message="Cannot get Jedis connection; nested exception is redis.clients.jedis.exceptions.JedisConnectionException: Could not get a resource from the pool" type="org.springframework.data.redis.RedisConnectionFailureException">org.springframework.data.redis.RedisConnectionFailureException: Cannot get Jedis connection; nested exception is redis.clients.jedis.exceptions.JedisConnectionException: Could not get a resource from the pool
Caused by: redis.clients.jedis.exceptions.JedisConnectionException: Could not get a resource from the pool
Caused by: redis.clients.jedis.exceptions.JedisConnectionException: java.net.ConnectException: Connection refused (Connection refused)
Caused by: java.net.ConnectException: Connection refused (Connection refused)
</error>
  </testcase>
  <testcase name="testToArrayWithGenerics[0]" classname="org.springframework.data.redis.support.collections.RedisListTests" time="0.001">
    <error message="Cannot get Jedis connection; nested exception is redis.clients.jedis.exceptions.JedisConnectionException: Could not get a resource from the pool" type="org.springframework.data.redis.RedisConnectionFailureException">org.springframework.data.redis.RedisConnectionFailureException: Cannot get Jedis connection; nested exception is redis.clients.jedis.exceptions.JedisConnectionException: Could not get a resource from the pool
Caused by: redis.clients.jedis.exceptions.JedisConnectionException: Could not get a resource from the pool
Caused by: redis.clients.jedis.exceptions.JedisConnectionException: java.net.ConnectException: Connection refused (Connection refused)
Caused by: java.net.ConnectException: Connection refused (Connection refused)
</error>
  </testcase>
  <testcase name="testIsEmpty[0]" classname="org.springframework.data.redis.support.collections.RedisListTests" time="0.001">
    <error message="Cannot get Jedis connection; nested exception is redis.clients.jedis.exceptions.JedisConnectionException: Could not get a resource from the pool" type="org.springframework.data.redis.RedisConnectionFailureException">org.springframework.data.redis.RedisConnectionFailureException: Cannot get Jedis connection; nested exception is redis.clients.jedis.exceptions.JedisConnectionException: Could not get a resource from the pool
Caused by: redis.clients.jedis.exceptions.JedisConnectionException: Could not get a resource from the pool
Caused by: redis.clients.jedis.exceptions.JedisConnectionException: java.net.ConnectException: Connection refused (Connection refused)
Caused by: java.net.ConnectException: Connection refused (Connection refused)
</error>
  </testcase>
  <testcase name="testIsEmpty[0]" classname="org.springframework.data.redis.support.collections.RedisListTests" time="0.002">
    <error message="Cannot get Jedis connection; nested exception is redis.clients.jedis.exceptions.JedisConnectionException: Could not get a resource from the pool" type="org.springframework.data.redis.RedisConnectionFailureException">org.springframework.data.redis.RedisConnectionFailureException: Cannot get Jedis connection; nested exception is redis.clients.jedis.exceptions.JedisConnectionException: Could not get a resource from the pool
Caused by: redis.clients.jedis.exceptions.JedisConnectionException: Could not get a resource from the pool
Caused by: redis.clients.jedis.exceptions.JedisConnectionException: java.net.ConnectException: Connection refused (Connection refused)
Caused by: java.net.ConnectException: Connection refused (Connection refused)
</error>
  </testcase>
  <testcase name="testIterator[0]" classname="org.springframework.data.redis.support.collections.RedisListTests" time="0.001">
    <error message="Cannot get Jedis connection; nested exception is redis.clients.jedis.exceptions.JedisConnectionException: Could not get a resource from the pool" type="org.springframework.data.redis.RedisConnectionFailureException">org.springframework.data.redis.RedisConnectionFailureException: Cannot get Jedis connection; nested exception is redis.clients.jedis.exceptions.JedisConnectionException: Could not get a resource from the pool
Caused by: redis.clients.jedis.exceptions.JedisConnectionException: Could not get a resource from the pool
Caused by: redis.clients.jedis.exceptions.JedisConnectionException: java.net.ConnectException: Connection refused (Connection refused)
Caused by: java.net.ConnectException: Connection refused (Connection refused)
</error>
  </testcase>
  <testcase name="testIterator[0]" classname="org.springframework.data.redis.support.collections.RedisListTests" time="0.001">
    <error message="Cannot get Jedis connection; nested exception is redis.clients.jedis.exceptions.JedisConnectionException: Could not get a resource from the pool" type="org.springframework.data.redis.RedisConnectionFailureException">org.springframework.data.redis.RedisConnectionFailureException: Cannot get Jedis connection; nested exception is redis.clients.jedis.exceptions.JedisConnectionException: Could not get a resource from the pool
Caused by: redis.clients.jedis.exceptions.JedisConnectionException: Could not get a resource from the pool
Caused by: redis.clients.jedis.exceptions.JedisConnectionException: java.net.ConnectException: Connection refused (Connection refused)
Caused by: java.net.ConnectException: Connection refused (Connection refused)
</error>
  </testcase>
  <testcase name="testElement[1]" classname="org.springframework.data.redis.support.collections.RedisListTests" time="0.001">
    <error message="Cannot get Jedis connection; nested exception is redis.clients.jedis.exceptions.JedisConnectionException: Could not get a resource from the pool" type="org.springframework.data.redis.RedisConnectionFailureException">org.springframework.data.redis.RedisConnectionFailureException: Cannot get Jedis connection; nested exception is redis.clients.jedis.exceptions.JedisConnectionException: Could not get a resource from the pool
Caused by: redis.clients.jedis.exceptions.JedisConnectionException: Could not get a resource from the pool
Caused by: redis.clients.jedis.exceptions.JedisConnectionException: java.net.ConnectException: Connection refused (Connection refused)
Caused by: java.net.ConnectException: Connection refused (Connection refused)
</error>
  </testcase>
  <testcase name="testElement[1]" classname="org.springframework.data.redis.support.collections.RedisListTests" time="0.001">
    <error message="Cannot get Jedis connection; nested exception is redis.clients.jedis.exceptions.JedisConnectionException: Could not get a resource from the pool" type="org.springframework.data.redis.RedisConnectionFailureException">org.springframework.data.redis.RedisConnectionFailureException: Cannot get Jedis connection; nested exception is redis.clients.jedis.exceptions.JedisConnectionException: Could not get a resource from the pool
Caused by: redis.clients.jedis.exceptions.JedisConnectionException: Could not get a resource from the pool
Caused by: redis.clients.jedis.exceptions.JedisConnectionException: java.net.ConnectException: Connection refused (Connection refused)
Caused by: java.net.ConnectException: Connection refused (Connection refused)
</error>
  </testcase>
  <testcase name="testPutFirst[1]" classname="org.springframework.data.redis.support.collections.RedisListTests" time="0.001">
    <error message="Cannot get Jedis connection; nested exception is redis.clients.jedis.exceptions.JedisConnectionException: Could not get a resource from the pool" type="org.springframework.data.redis.RedisConnectionFailureException">org.springframework.data.redis.RedisConnectionFailureException: Cannot get Jedis connection; nested exception is redis.clients.jedis.exceptions.JedisConnectionException: Could not get a resource from the pool
Caused by: redis.clients.jedis.exceptions.JedisConnectionException: Could not get a resource from the pool
Caused by: redis.clients.jedis.exceptions.JedisConnectionException: java.net.ConnectException: Connection refused (Connection refused)
Caused by: java.net.ConnectException: Connection refused (Connection refused)
</error>
  </testcase>
  <testcase name="testPutFirst[1]" classname="org.springframework.data.redis.support.collections.RedisListTests" time="0.002">
    <error message="Cannot get Jedis connection; nested exception is redis.clients.jedis.exceptions.JedisConnectionException: Could not get a resource from the pool" type="org.springframework.data.redis.RedisConnectionFailureException">org.springframework.data.redis.RedisConnectionFailureException: Cannot get Jedis connection; nested exception is redis.clients.jedis.exceptions.JedisConnectionException: Could not get a resource from the pool
Caused by: redis.clients.jedis.exceptions.JedisConnectionException: Could not get a resource from the pool
Caused by: redis.clients.jedis.exceptions.JedisConnectionException: java.net.ConnectException: Connection refused (Connection refused)
Caused by: java.net.ConnectException: Connection refused (Connection refused)
</error>
  </testcase>
  <testcase name="testPollLastTimeout[1]" classname="org.springframework.data.redis.support.collections.RedisListTests" time="0">
    <error message="Cannot get Jedis connection; nested exception is redis.clients.jedis.exceptions.JedisConnectionException: Could not get a resource from the pool" type="org.springframework.data.redis.RedisConnectionFailureException">org.springframework.data.redis.RedisConnectionFailureException: Cannot get Jedis connection; nested exception is redis.clients.jedis.exceptions.JedisConnectionException: Could not get a resource from the pool
Caused by: redis.clients.jedis.exceptions.JedisConnectionException: Could not get a resource from the pool
Caused by: redis.clients.jedis.exceptions.JedisConnectionException: java.net.ConnectException: Connection refused (Connection refused)
Caused by: java.net.ConnectException: Connection refused (Connection refused)
</error>
  </testcase>
  <testcase name="testPollLastTimeout[1]" classname="org.springframework.data.redis.support.collections.RedisListTests" time="0.001">
    <error message="Cannot get Jedis connection; nested exception is redis.clients.jedis.exceptions.JedisConnectionException: Could not get a resource from the pool" type="org.springframework.data.redis.RedisConnectionFailureException">org.springframework.data.redis.RedisConnectionFailureException: Cannot get Jedis connection; nested exception is redis.clients.jedis.exceptions.JedisConnectionException: Could not get a resource from the pool
Caused by: redis.clients.jedis.exceptions.JedisConnectionException: Could not get a resource from the pool
Caused by: redis.clients.jedis.exceptions.JedisConnectionException: java.net.ConnectException: Connection refused (Connection refused)
Caused by: java.net.ConnectException: Connection refused (Connection refused)
</error>
  </testcase>
  <testcase name="testPeekFirst[1]" classname="org.springframework.data.redis.support.collections.RedisListTests" time="0.001">
    <error message="Cannot get Jedis connection; nested exception is redis.clients.jedis.exceptions.JedisConnectionException: Could not get a resource from the pool" type="org.springframework.data.redis.RedisConnectionFailureException">org.springframework.data.redis.RedisConnectionFailureException: Cannot get Jedis connection; nested exception is redis.clients.jedis.exceptions.JedisConnectionException: Could not get a resource from the pool
Caused by: redis.clients.jedis.exceptions.JedisConnectionException: Could not get a resource from the pool
Caused by: redis.clients.jedis.exceptions.JedisConnectionException: java.net.ConnectException: Connection refused (Connection refused)
Caused by: java.net.ConnectException: Connection refused (Connection refused)
</error>
  </testcase>
  <testcase name="testPeekFirst[1]" classname="org.springframework.data.redis.support.collections.RedisListTests" time="0.001">
    <error message="Cannot get Jedis connection; nested exception is redis.clients.jedis.exceptions.JedisConnectionException: Could not get a resource from the pool" type="org.springframework.data.redis.RedisConnectionFailureException">org.springframework.data.redis.RedisConnectionFailureException: Cannot get Jedis connection; nested exception is redis.clients.jedis.exceptions.JedisConnectionException: Could not get a resource from the pool
Caused by: redis.clients.jedis.exceptions.JedisConnectionException: Could not get a resource from the pool
Caused by: redis.clients.jedis.exceptions.JedisConnectionException: java.net.ConnectException: Connection refused (Connection refused)
Caused by: java.net.ConnectException: Connection refused (Connection refused)
</error>
  </testcase>
  <testcase name="testOfferLast[1]" classname="org.springframework.data.redis.support.collections.RedisListTests" time="0.001">
    <error message="Cannot get Jedis connection; nested exception is redis.clients.jedis.exceptions.JedisConnectionException: Could not get a resource from the pool" type="org.springframework.data.redis.RedisConnectionFailureException">org.springframework.data.redis.RedisConnectionFailureException: Cannot get Jedis connection; nested exception is redis.clients.jedis.exceptions.JedisConnectionException: Could not get a resource from the pool
Caused by: redis.clients.jedis.exceptions.JedisConnectionException: Could not get a resource from the pool
Caused by: redis.clients.jedis.exceptions.JedisConnectionException: java.net.ConnectException: Connection refused (Connection refused)
Caused by: java.net.ConnectException: Connection refused (Connection refused)
</error>
  </testcase>
  <testcase name="testOfferLast[1]" classname="org.springframework.data.redis.support.collections.RedisListTests" time="0.001">
    <error message="Cannot get Jedis connection; nested exception is redis.clients.jedis.exceptions.JedisConnectionException: Could not get a resource from the pool" type="org.springframework.data.redis.RedisConnectionFailureException">org.springframework.data.redis.RedisConnectionFailureException: Cannot get Jedis connection; nested exception is redis.clients.jedis.exceptions.JedisConnectionException: Could not get a resource from the pool
Caused by: redis.clients.jedis.exceptions.JedisConnectionException: Could not get a resource from the pool
Caused by: redis.clients.jedis.exceptions.JedisConnectionException: java.net.ConnectException: Connection refused (Connection refused)
Caused by: java.net.ConnectException: Connection refused (Connection refused)
</error>
  </testcase>
  <testcase name="testGetFirst[1]" classname="org.springframework.data.redis.support.collections.RedisListTests" time="0">
    <error message="Cannot get Jedis connection; nested exception is redis.clients.jedis.exceptions.JedisConnectionException: Could not get a resource from the pool" type="org.springframework.data.redis.RedisConnectionFailureException">org.springframework.data.redis.RedisConnectionFailureException: Cannot get Jedis connection; nested exception is redis.clients.jedis.exceptions.JedisConnectionException: Could not get a resource from the pool
Caused by: redis.clients.jedis.exceptions.JedisConnectionException: Could not get a resource from the pool
Caused by: redis.clients.jedis.exceptions.JedisConnectionException: java.net.ConnectException: Connection refused (Connection refused)
Caused by: java.net.ConnectException: Connection refused (Connection refused)
</error>
  </testcase>
  <testcase name="testGetFirst[1]" classname="org.springframework.data.redis.support.collections.RedisListTests" time="0.001">
    <error message="Cannot get Jedis connection; nested exception is redis.clients.jedis.exceptions.JedisConnectionException: Could not get a resource from the pool" type="org.springframework.data.redis.RedisConnectionFailureException">org.springframework.data.redis.RedisConnectionFailureException: Cannot get Jedis connection; nested exception is redis.clients.jedis.exceptions.JedisConnectionException: Could not get a resource from the pool
Caused by: redis.clients.jedis.exceptions.JedisConnectionException: Could not get a resource from the pool
Caused by: redis.clients.jedis.exceptions.JedisConnectionException: java.net.ConnectException: Connection refused (Connection refused)
Caused by: java.net.ConnectException: Connection refused (Connection refused)
</error>
  </testcase>
  <testcase name="testAddLast[1]" classname="org.springframework.data.redis.support.collections.RedisListTests" time="0.001">
    <error message="Cannot get Jedis connection; nested exception is redis.clients.jedis.exceptions.JedisConnectionException: Could not get a resource from the pool" type="org.springframework.data.redis.RedisConnectionFailureException">org.springframework.data.redis.RedisConnectionFailureException: Cannot get Jedis connection; nested exception is redis.clients.jedis.exceptions.JedisConnectionException: Could not get a resource from the pool
Caused by: redis.clients.jedis.exceptions.JedisConnectionException: Could not get a resource from the pool
Caused by: redis.clients.jedis.exceptions.JedisConnectionException: java.net.ConnectException: Connection refused (Connection refused)
Caused by: java.net.ConnectException: Connection refused (Connection refused)
</error>
  </testcase>
  <testcase name="testAddLast[1]" classname="org.springframework.data.redis.support.collections.RedisListTests" time="0.001">
    <error message="Cannot get Jedis connection; nested exception is redis.clients.jedis.exceptions.JedisConnectionException: Could not get a resource from the pool" type="org.springframework.data.redis.RedisConnectionFailureException">org.springframework.data.redis.RedisConnectionFailureException: Cannot get Jedis connection; nested exception is redis.clients.jedis.exceptions.JedisConnectionException: Could not get a resource from the pool
Caused by: redis.clients.jedis.exceptions.JedisConnectionException: Could not get a resource from the pool
Caused by: redis.clients.jedis.exceptions.JedisConnectionException: java.net.ConnectException: Connection refused (Connection refused)
Caused by: java.net.ConnectException: Connection refused (Connection refused)
</error>
  </testcase>
  <testcase name="testPop[1]" classname="org.springframework.data.redis.support.collections.RedisListTests" time="0.001">
    <error message="Cannot get Jedis connection; nested exception is redis.clients.jedis.exceptions.JedisConnectionException: Could not get a resource from the pool" type="org.springframework.data.redis.RedisConnectionFailureException">org.springframework.data.redis.RedisConnectionFailureException: Cannot get Jedis connection; nested exception is redis.clients.jedis.exceptions.JedisConnectionException: Could not get a resource from the pool
Caused by: redis.clients.jedis.exceptions.JedisConnectionException: Could not get a resource from the pool
Caused by: redis.clients.jedis.exceptions.JedisConnectionException: java.net.ConnectException: Connection refused (Connection refused)
Caused by: java.net.ConnectException: Connection refused (Connection refused)
</error>
  </testcase>
  <testcase name="testPop[1]" classname="org.springframework.data.redis.support.collections.RedisListTests" time="0.001">
    <error message="Cannot get Jedis connection; nested exception is redis.clients.jedis.exceptions.JedisConnectionException: Could not get a resource from the pool" type="org.springframework.data.redis.RedisConnectionFailureException">org.springframework.data.redis.RedisConnectionFailureException: Cannot get Jedis connection; nested exception is redis.clients.jedis.exceptions.JedisConnectionException: Could not get a resource from the pool
Caused by: redis.clients.jedis.exceptions.JedisConnectionException: Could not get a resource from the pool
Caused by: redis.clients.jedis.exceptions.JedisConnectionException: java.net.ConnectException: Connection refused (Connection refused)
Caused by: java.net.ConnectException: Connection refused (Connection refused)
</error>
  </testcase>
  <testcase name="testPut[1]" classname="org.springframework.data.redis.support.collections.RedisListTests" time="0.001">
    <error message="Cannot get Jedis connection; nested exception is redis.clients.jedis.exceptions.JedisConnectionException: Could not get a resource from the pool" type="org.springframework.data.redis.RedisConnectionFailureException">org.springframework.data.redis.RedisConnectionFailureException: Cannot get Jedis connection; nested exception is redis.clients.jedis.exceptions.JedisConnectionException: Could not get a resource from the pool
Caused by: redis.clients.jedis.exceptions.JedisConnectionException: Could not get a resource from the pool
Caused by: redis.clients.jedis.exceptions.JedisConnectionException: java.net.ConnectException: Connection refused (Connection refused)
Caused by: java.net.ConnectException: Connection refused (Connection refused)
</error>
  </testcase>
  <testcase name="testPut[1]" classname="org.springframework.data.redis.support.collections.RedisListTests" time="0.001">
    <error message="Cannot get Jedis connection; nested exception is redis.clients.jedis.exceptions.JedisConnectionException: Could not get a resource from the pool" type="org.springframework.data.redis.RedisConnectionFailureException">org.springframework.data.redis.RedisConnectionFailureException: Cannot get Jedis connection; nested exception is redis.clients.jedis.exceptions.JedisConnectionException: Could not get a resource from the pool
Caused by: redis.clients.jedis.exceptions.JedisConnectionException: Could not get a resource from the pool
Caused by: redis.clients.jedis.exceptions.JedisConnectionException: java.net.ConnectException: Connection refused (Connection refused)
Caused by: java.net.ConnectException: Connection refused (Connection refused)
</error>
  </testcase>
  <testcase name="testSet[1]" classname="org.springframework.data.redis.support.collections.RedisListTests" time="0">
    <error message="Cannot get Jedis connection; nested exception is redis.clients.jedis.exceptions.JedisConnectionException: Could not get a resource from the pool" type="org.springframework.data.redis.RedisConnectionFailureException">org.springframework.data.redis.RedisConnectionFailureException: Cannot get Jedis connection; nested exception is redis.clients.jedis.exceptions.JedisConnectionException: Could not get a resource from the pool
Caused by: redis.clients.jedis.exceptions.JedisConnectionException: Could not get a resource from the pool
Caused by: redis.clients.jedis.exceptions.JedisConnectionException: java.net.ConnectException: Connection refused (Connection refused)
Caused by: java.net.ConnectException: Connection refused (Connection refused)
</error>
  </testcase>
  <testcase name="testSet[1]" classname="org.springframework.data.redis.support.collections.RedisListTests" time="0.001">
    <error message="Cannot get Jedis connection; nested exception is redis.clients.jedis.exceptions.JedisConnectionException: Could not get a resource from the pool" type="org.springframework.data.redis.RedisConnectionFailureException">org.springframework.data.redis.RedisConnectionFailureException: Cannot get Jedis connection; nested exception is redis.clients.jedis.exceptions.JedisConnectionException: Could not get a resource from the pool
Caused by: redis.clients.jedis.exceptions.JedisConnectionException: Could not get a resource from the pool
Caused by: redis.clients.jedis.exceptions.JedisConnectionException: java.net.ConnectException: Connection refused (Connection refused)
Caused by: java.net.ConnectException: Connection refused (Connection refused)
</error>
  </testcase>
  <testcase name="testOffer[1]" classname="org.springframework.data.redis.support.collections.RedisListTests" time="0.001">
    <error message="Cannot get Jedis connection; nested exception is redis.clients.jedis.exceptions.JedisConnectionException: Could not get a resource from the pool" type="org.springframework.data.redis.RedisConnectionFailureException">org.springframework.data.redis.RedisConnectionFailureException: Cannot get Jedis connection; nested exception is redis.clients.jedis.exceptions.JedisConnectionException: Could not get a resource from the pool
Caused by: redis.clients.jedis.exceptions.JedisConnectionException: Could not get a resource from the pool
Caused by: redis.clients.jedis.exceptions.JedisConnectionException: java.net.ConnectException: Connection refused (Connection refused)
Caused by: java.net.ConnectException: Connection refused (Connection refused)
</error>
  </testcase>
  <testcase name="testOffer[1]" classname="org.springframework.data.redis.support.collections.RedisListTests" time="0.001">
    <error message="Cannot get Jedis connection; nested exception is redis.clients.jedis.exceptions.JedisConnectionException: Could not get a resource from the pool" type="org.springframework.data.redis.RedisConnectionFailureException">org.springframework.data.redis.RedisConnectionFailureException: Cannot get Jedis connection; nested exception is redis.clients.jedis.exceptions.JedisConnectionException: Could not get a resource from the pool
Caused by: redis.clients.jedis.exceptions.JedisConnectionException: Could not get a resource from the pool
Caused by: redis.clients.jedis.exceptions.JedisConnectionException: java.net.ConnectException: Connection refused (Connection refused)
Caused by: java.net.ConnectException: Connection refused (Connection refused)
</error>
  </testcase>
  <testcase name="testRange[1]" classname="org.springframework.data.redis.support.collections.RedisListTests" time="0.001">
    <error message="Cannot get Jedis connection; nested exception is redis.clients.jedis.exceptions.JedisConnectionException: Could not get a resource from the pool" type="org.springframework.data.redis.RedisConnectionFailureException">org.springframework.data.redis.RedisConnectionFailureException: Cannot get Jedis connection; nested exception is redis.clients.jedis.exceptions.JedisConnectionException: Could not get a resource from the pool
Caused by: redis.clients.jedis.exceptions.JedisConnectionException: Could not get a resource from the pool
Caused by: redis.clients.jedis.exceptions.JedisConnectionException: java.net.ConnectException: Connection refused (Connection refused)
Caused by: java.net.ConnectException: Connection refused (Connection refused)
</error>
  </testcase>
  <testcase name="testRange[1]" classname="org.springframework.data.redis.support.collections.RedisListTests" time="0.001">
    <error message="Cannot get Jedis connection; nested exception is redis.clients.jedis.exceptions.JedisConnectionException: Could not get a resource from the pool" type="org.springframework.data.redis.RedisConnectionFailureException">org.springframework.data.redis.RedisConnectionFailureException: Cannot get Jedis connection; nested exception is redis.clients.jedis.exceptions.JedisConnectionException: Could not get a resource from the pool
Caused by: redis.clients.jedis.exceptions.JedisConnectionException: Could not get a resource from the pool
Caused by: redis.clients.jedis.exceptions.JedisConnectionException: java.net.ConnectException: Connection refused (Connection refused)
Caused by: java.net.ConnectException: Connection refused (Connection refused)
</error>
  </testcase>
  <testcase name="testLast[1]" classname="org.springframework.data.redis.support.collections.RedisListTests" time="0.001">
    <error message="Cannot get Jedis connection; nested exception is redis.clients.jedis.exceptions.JedisConnectionException: Could not get a resource from the pool" type="org.springframework.data.redis.RedisConnectionFailureException">org.springframework.data.redis.RedisConnectionFailureException: Cannot get Jedis connection; nested exception is redis.clients.jedis.exceptions.JedisConnectionException: Could not get a resource from the pool
Caused by: redis.clients.jedis.exceptions.JedisConnectionException: Could not get a resource from the pool
Caused by: redis.clients.jedis.exceptions.JedisConnectionException: java.net.ConnectException: Connection refused (Connection refused)
Caused by: java.net.ConnectException: Connection refused (Connection refused)
</error>
  </testcase>
  <testcase name="testLast[1]" classname="org.springframework.data.redis.support.collections.RedisListTests" time="0.001">
    <error message="Cannot get Jedis connection; nested exception is redis.clients.jedis.exceptions.JedisConnectionException: Could not get a resource from the pool" type="org.springframework.data.redis.RedisConnectionFailureException">org.springframework.data.redis.RedisConnectionFailureException: Cannot get Jedis connection; nested exception is redis.clients.jedis.exceptions.JedisConnectionException: Could not get a resource from the pool
Caused by: redis.clients.jedis.exceptions.JedisConnectionException: Could not get a resource from the pool
Caused by: redis.clients.jedis.exceptions.JedisConnectionException: java.net.ConnectException: Connection refused (Connection refused)
Caused by: java.net.ConnectException: Connection refused (Connection refused)
</error>
  </testcase>
  <testcase name="testPeek[1]" classname="org.springframework.data.redis.support.collections.RedisListTests" time="0">
    <error message="Cannot get Jedis connection; nested exception is redis.clients.jedis.exceptions.JedisConnectionException: Could not get a resource from the pool" type="org.springframework.data.redis.RedisConnectionFailureException">org.springframework.data.redis.RedisConnectionFailureException: Cannot get Jedis connection; nested exception is redis.clients.jedis.exceptions.JedisConnectionException: Could not get a resource from the pool
Caused by: redis.clients.jedis.exceptions.JedisConnectionException: Could not get a resource from the pool
Caused by: redis.clients.jedis.exceptions.JedisConnectionException: java.net.ConnectException: Connection refused (Connection refused)
Caused by: java.net.ConnectException: Connection refused (Connection refused)
</error>
  </testcase>
  <testcase name="testPeek[1]" classname="org.springframework.data.redis.support.collections.RedisListTests" time="0.001">
    <error message="Cannot get Jedis connection; nested exception is redis.clients.jedis.exceptions.JedisConnectionException: Could not get a resource from the pool" type="org.springframework.data.redis.RedisConnectionFailureException">org.springframework.data.redis.RedisConnectionFailureException: Cannot get Jedis connection; nested exception is redis.clients.jedis.exceptions.JedisConnectionException: Could not get a resource from the pool
Caused by: redis.clients.jedis.exceptions.JedisConnectionException: Could not get a resource from the pool
Caused by: redis.clients.jedis.exceptions.JedisConnectionException: java.net.ConnectException: Connection refused (Connection refused)
Caused by: java.net.ConnectException: Connection refused (Connection refused)
</error>
  </testcase>
  <testcase name="testPoll[1]" classname="org.springframework.data.redis.support.collections.RedisListTests" time="0.001">
    <error message="Cannot get Jedis connection; nested exception is redis.clients.jedis.exceptions.JedisConnectionException: Could not get a resource from the pool" type="org.springframework.data.redis.RedisConnectionFailureException">org.springframework.data.redis.RedisConnectionFailureException: Cannot get Jedis connection; nested exception is redis.clients.jedis.exceptions.JedisConnectionException: Could not get a resource from the pool
Caused by: redis.clients.jedis.exceptions.JedisConnectionException: Could not get a resource from the pool
Caused by: redis.clients.jedis.exceptions.JedisConnectionException: java.net.ConnectException: Connection refused (Connection refused)
Caused by: java.net.ConnectException: Connection refused (Connection refused)
</error>
  </testcase>
  <testcase name="testPoll[1]" classname="org.springframework.data.redis.support.collections.RedisListTests" time="0.001">
    <error message="Cannot get Jedis connection; nested exception is redis.clients.jedis.exceptions.JedisConnectionException: Could not get a resource from the pool" type="org.springframework.data.redis.RedisConnectionFailureException">org.springframework.data.redis.RedisConnectionFailureException: Cannot get Jedis connection; nested exception is redis.clients.jedis.exceptions.JedisConnectionException: Could not get a resource from the pool
Caused by: redis.clients.jedis.exceptions.JedisConnectionException: Could not get a resource from the pool
Caused by: redis.clients.jedis.exceptions.JedisConnectionException: java.net.ConnectException: Connection refused (Connection refused)
Caused by: java.net.ConnectException: Connection refused (Connection refused)
</error>
  </testcase>
  <testcase name="testTake[1]" classname="org.springframework.data.redis.support.collections.RedisListTests" time="0.001">
    <error message="Cannot get Jedis connection; nested exception is redis.clients.jedis.exceptions.JedisConnectionException: Could not get a resource from the pool" type="org.springframework.data.redis.RedisConnectionFailureException">org.springframework.data.redis.RedisConnectionFailureException: Cannot get Jedis connection; nested exception is redis.clients.jedis.exceptions.JedisConnectionException: Could not get a resource from the pool
Caused by: redis.clients.jedis.exceptions.JedisConnectionException: Could not get a resource from the pool
Caused by: redis.clients.jedis.exceptions.JedisConnectionException: java.net.ConnectException: Connection refused (Connection refused)
Caused by: java.net.ConnectException: Connection refused (Connection refused)
</error>
  </testcase>
  <testcase name="testTake[1]" classname="org.springframework.data.redis.support.collections.RedisListTests" time="0.001">
    <error message="Cannot get Jedis connection; nested exception is redis.clients.jedis.exceptions.JedisConnectionException: Could not get a resource from the pool" type="org.springframework.data.redis.RedisConnectionFailureException">org.springframework.data.redis.RedisConnectionFailureException: Cannot get Jedis connection; nested exception is redis.clients.jedis.exceptions.JedisConnectionException: Could not get a resource from the pool
Caused by: redis.clients.jedis.exceptions.JedisConnectionException: Could not get a resource from the pool
Caused by: redis.clients.jedis.exceptions.JedisConnectionException: java.net.ConnectException: Connection refused (Connection refused)
Caused by: java.net.ConnectException: Connection refused (Connection refused)
</error>
  </testcase>
  <testcase name="testTrim[1]" classname="org.springframework.data.redis.support.collections.RedisListTests" time="0.001">
    <error message="Cannot get Jedis connection; nested exception is redis.clients.jedis.exceptions.JedisConnectionException: Could not get a resource from the pool" type="org.springframework.data.redis.RedisConnectionFailureException">org.springframework.data.redis.RedisConnectionFailureException: Cannot get Jedis connection; nested exception is redis.clients.jedis.exceptions.JedisConnectionException: Could not get a resource from the pool
Caused by: redis.clients.jedis.exceptions.JedisConnectionException: Could not get a resource from the pool
Caused by: redis.clients.jedis.exceptions.JedisConnectionException: java.net.ConnectException: Connection refused (Connection refused)
Caused by: java.net.ConnectException: Connection refused (Connection refused)
</error>
  </testcase>
  <testcase name="testTrim[1]" classname="org.springframework.data.redis.support.collections.RedisListTests" time="0.002">
    <error message="Cannot get Jedis connection; nested exception is redis.clients.jedis.exceptions.JedisConnectionException: Could not get a resource from the pool" type="org.springframework.data.redis.RedisConnectionFailureException">org.springframework.data.redis.RedisConnectionFailureException: Cannot get Jedis connection; nested exception is redis.clients.jedis.exceptions.JedisConnectionException: Could not get a resource from the pool
Caused by: redis.clients.jedis.exceptions.JedisConnectionException: Could not get a resource from the pool
Caused by: redis.clients.jedis.exceptions.JedisConnectionException: java.net.ConnectException: Connection refused (Connection refused)
Caused by: java.net.ConnectException: Connection refused (Connection refused)
</error>
  </testcase>
  <testcase name="testDrainToCollection[1]" classname="org.springframework.data.redis.support.collections.RedisListTests" time="0.001">
    <error message="Cannot get Jedis connection; nested exception is redis.clients.jedis.exceptions.JedisConnectionException: Could not get a resource from the pool" type="org.springframework.data.redis.RedisConnectionFailureException">org.springframework.data.redis.RedisConnectionFailureException: Cannot get Jedis connection; nested exception is redis.clients.jedis.exceptions.JedisConnectionException: Could not get a resource from the pool
Caused by: redis.clients.jedis.exceptions.JedisConnectionException: Could not get a resource from the pool
Caused by: redis.clients.jedis.exceptions.JedisConnectionException: java.net.ConnectException: Connection refused (Connection refused)
Caused by: java.net.ConnectException: Connection refused (Connection refused)
</error>
  </testcase>
  <testcase name="testDrainToCollection[1]" classname="org.springframework.data.redis.support.collections.RedisListTests" time="0.001">
    <error message="Cannot get Jedis connection; nested exception is redis.clients.jedis.exceptions.JedisConnectionException: Could not get a resource from the pool" type="org.springframework.data.redis.RedisConnectionFailureException">org.springframework.data.redis.RedisConnectionFailureException: Cannot get Jedis connection; nested exception is redis.clients.jedis.exceptions.JedisConnectionException: Could not get a resource from the pool
Caused by: redis.clients.jedis.exceptions.JedisConnectionException: Could not get a resource from the pool
Caused by: redis.clients.jedis.exceptions.JedisConnectionException: java.net.ConnectException: Connection refused (Connection refused)
Caused by: java.net.ConnectException: Connection refused (Connection refused)
</error>
  </testcase>
  <testcase name="testRemoveFirst[1]" classname="org.springframework.data.redis.support.collections.RedisListTests" time="0.001">
    <error message="Cannot get Jedis connection; nested exception is redis.clients.jedis.exceptions.JedisConnectionException: Could not get a resource from the pool" type="org.springframework.data.redis.RedisConnectionFailureException">org.springframework.data.redis.RedisConnectionFailureException: Cannot get Jedis connection; nested exception is redis.clients.jedis.exceptions.JedisConnectionException: Could not get a resource from the pool
Caused by: redis.clients.jedis.exceptions.JedisConnectionException: Could not get a resource from the pool
Caused by: redis.clients.jedis.exceptions.JedisConnectionException: java.net.ConnectException: Connection refused (Connection refused)
Caused by: java.net.ConnectException: Connection refused (Connection refused)
</error>
  </testcase>
  <testcase name="testRemoveFirst[1]" classname="org.springframework.data.redis.support.collections.RedisListTests" time="0.001">
    <error message="Cannot get Jedis connection; nested exception is redis.clients.jedis.exceptions.JedisConnectionException: Could not get a resource from the pool" type="org.springframework.data.redis.RedisConnectionFailureException">org.springframework.data.redis.RedisConnectionFailureException: Cannot get Jedis connection; nested exception is redis.clients.jedis.exceptions.JedisConnectionException: Could not get a resource from the pool
Caused by: redis.clients.jedis.exceptions.JedisConnectionException: Could not get a resource from the pool
Caused by: redis.clients.jedis.exceptions.JedisConnectionException: java.net.ConnectException: Connection refused (Connection refused)
Caused by: java.net.ConnectException: Connection refused (Connection refused)
</error>
  </testcase>
  <testcase name="testRemoveIndex[1]" classname="org.springframework.data.redis.support.collections.RedisListTests" time="0.001">
    <error message="Cannot get Jedis connection; nested exception is redis.clients.jedis.exceptions.JedisConnectionException: Could not get a resource from the pool" type="org.springframework.data.redis.RedisConnectionFailureException">org.springframework.data.redis.RedisConnectionFailureException: Cannot get Jedis connection; nested exception is redis.clients.jedis.exceptions.JedisConnectionException: Could not get a resource from the pool
Caused by: redis.clients.jedis.exceptions.JedisConnectionException: Could not get a resource from the pool
Caused by: redis.clients.jedis.exceptions.JedisConnectionException: java.net.ConnectException: Connection refused (Connection refused)
Caused by: java.net.ConnectException: Connection refused (Connection refused)
</error>
  </testcase>
  <testcase name="testPutLast[1]" classname="org.springframework.data.redis.support.collections.RedisListTests" time="0.001">
    <error message="Cannot get Jedis connection; nested exception is redis.clients.jedis.exceptions.JedisConnectionException: Could not get a resource from the pool" type="org.springframework.data.redis.RedisConnectionFailureException">org.springframework.data.redis.RedisConnectionFailureException: Cannot get Jedis connection; nested exception is redis.clients.jedis.exceptions.JedisConnectionException: Could not get a resource from the pool
Caused by: redis.clients.jedis.exceptions.JedisConnectionException: Could not get a resource from the pool
Caused by: redis.clients.jedis.exceptions.JedisConnectionException: java.net.ConnectException: Connection refused (Connection refused)
Caused by: java.net.ConnectException: Connection refused (Connection refused)
</error>
  </testcase>
  <testcase name="testPutLast[1]" classname="org.springframework.data.redis.support.collections.RedisListTests" time="0.001">
    <error message="Cannot get Jedis connection; nested exception is redis.clients.jedis.exceptions.JedisConnectionException: Could not get a resource from the pool" type="org.springframework.data.redis.RedisConnectionFailureException">org.springframework.data.redis.RedisConnectionFailureException: Cannot get Jedis connection; nested exception is redis.clients.jedis.exceptions.JedisConnectionException: Could not get a resource from the pool
Caused by: redis.clients.jedis.exceptions.JedisConnectionException: Could not get a resource from the pool
Caused by: redis.clients.jedis.exceptions.JedisConnectionException: java.net.ConnectException: Connection refused (Connection refused)
Caused by: java.net.ConnectException: Connection refused (Connection refused)
</error>
  </testcase>
  <testcase name="testOfferFirst[1]" classname="org.springframework.data.redis.support.collections.RedisListTests" time="0">
    <error message="Cannot get Jedis connection; nested exception is redis.clients.jedis.exceptions.JedisConnectionException: Could not get a resource from the pool" type="org.springframework.data.redis.RedisConnectionFailureException">org.springframework.data.redis.RedisConnectionFailureException: Cannot get Jedis connection; nested exception is redis.clients.jedis.exceptions.JedisConnectionException: Could not get a resource from the pool
Caused by: redis.clients.jedis.exceptions.JedisConnectionException: Could not get a resource from the pool
Caused by: redis.clients.jedis.exceptions.JedisConnectionException: java.net.ConnectException: Connection refused (Connection refused)
Caused by: java.net.ConnectException: Connection refused (Connection refused)
</error>
  </testcase>
  <testcase name="testOfferFirst[1]" classname="org.springframework.data.redis.support.collections.RedisListTests" time="0.001">
    <error message="Cannot get Jedis connection; nested exception is redis.clients.jedis.exceptions.JedisConnectionException: Could not get a resource from the pool" type="org.springframework.data.redis.RedisConnectionFailureException">org.springframework.data.redis.RedisConnectionFailureException: Cannot get Jedis connection; nested exception is redis.clients.jedis.exceptions.JedisConnectionException: Could not get a resource from the pool
Caused by: redis.clients.jedis.exceptions.JedisConnectionException: Could not get a resource from the pool
Caused by: redis.clients.jedis.exceptions.JedisConnectionException: java.net.ConnectException: Connection refused (Connection refused)
Caused by: java.net.ConnectException: Connection refused (Connection refused)
</error>
  </testcase>
  <testcase name="testDescendingIterator[1]" classname="org.springframework.data.redis.support.collections.RedisListTests" time="0.001">
    <error message="Cannot get Jedis connection; nested exception is redis.clients.jedis.exceptions.JedisConnectionException: Could not get a resource from the pool" type="org.springframework.data.redis.RedisConnectionFailureException">org.springframework.data.redis.RedisConnectionFailureException: Cannot get Jedis connection; nested exception is redis.clients.jedis.exceptions.JedisConnectionException: Could not get a resource from the pool
Caused by: redis.clients.jedis.exceptions.JedisConnectionException: Could not get a resource from the pool
Caused by: redis.clients.jedis.exceptions.JedisConnectionException: java.net.ConnectException: Connection refused (Connection refused)
Caused by: java.net.ConnectException: Connection refused (Connection refused)
</error>
  </testcase>
  <testcase name="testDescendingIterator[1]" classname="org.springframework.data.redis.support.collections.RedisListTests" time="0.001">
    <error message="Cannot get Jedis connection; nested exception is redis.clients.jedis.exceptions.JedisConnectionException: Could not get a resource from the pool" type="org.springframework.data.redis.RedisConnectionFailureException">org.springframework.data.redis.RedisConnectionFailureException: Cannot get Jedis connection; nested exception is redis.clients.jedis.exceptions.JedisConnectionException: Could not get a resource from the pool
Caused by: redis.clients.jedis.exceptions.JedisConnectionException: Could not get a resource from the pool
Caused by: redis.clients.jedis.exceptions.JedisConnectionException: java.net.ConnectException: Connection refused (Connection refused)
Caused by: java.net.ConnectException: Connection refused (Connection refused)
</error>
  </testcase>
  <testcase name="testAddFirst[1]" classname="org.springframework.data.redis.support.collections.RedisListTests" time="0.001">
    <error message="Cannot get Jedis connection; nested exception is redis.clients.jedis.exceptions.JedisConnectionException: Could not get a resource from the pool" type="org.springframework.data.redis.RedisConnectionFailureException">org.springframework.data.redis.RedisConnectionFailureException: Cannot get Jedis connection; nested exception is redis.clients.jedis.exceptions.JedisConnectionException: Could not get a resource from the pool
Caused by: redis.clients.jedis.exceptions.JedisConnectionException: Could not get a resource from the pool
Caused by: redis.clients.jedis.exceptions.JedisConnectionException: java.net.ConnectException: Connection refused (Connection refused)
Caused by: java.net.ConnectException: Connection refused (Connection refused)
</error>
  </testcase>
  <testcase name="testAddFirst[1]" classname="org.springframework.data.redis.support.collections.RedisListTests" time="0.001">
    <error message="Cannot get Jedis connection; nested exception is redis.clients.jedis.exceptions.JedisConnectionException: Could not get a resource from the pool" type="org.springframework.data.redis.RedisConnectionFailureException">org.springframework.data.redis.RedisConnectionFailureException: Cannot get Jedis connection; nested exception is redis.clients.jedis.exceptions.JedisConnectionException: Could not get a resource from the pool
Caused by: redis.clients.jedis.exceptions.JedisConnectionException: Could not get a resource from the pool
Caused by: redis.clients.jedis.exceptions.JedisConnectionException: java.net.ConnectException: Connection refused (Connection refused)
Caused by: java.net.ConnectException: Connection refused (Connection refused)
</error>
  </testcase>
  <testcase name="testDrainToCollectionWithMaxElements[1]" classname="org.springframework.data.redis.support.collections.RedisListTests" time="0.001">
    <error message="Cannot get Jedis connection; nested exception is redis.clients.jedis.exceptions.JedisConnectionException: Could not get a resource from the pool" type="org.springframework.data.redis.RedisConnectionFailureException">org.springframework.data.redis.RedisConnectionFailureException: Cannot get Jedis connection; nested exception is redis.clients.jedis.exceptions.JedisConnectionException: Could not get a resource from the pool
Caused by: redis.clients.jedis.exceptions.JedisConnectionException: Could not get a resource from the pool
Caused by: redis.clients.jedis.exceptions.JedisConnectionException: java.net.ConnectException: Connection refused (Connection refused)
Caused by: java.net.ConnectException: Connection refused (Connection refused)
</error>
  </testcase>
  <testcase name="testDrainToCollectionWithMaxElements[1]" classname="org.springframework.data.redis.support.collections.RedisListTests" time="0.002">
    <error message="Cannot get Jedis connection; nested exception is redis.clients.jedis.exceptions.JedisConnectionException: Could not get a resource from the pool" type="org.springframework.data.redis.RedisConnectionFailureException">org.springframework.data.redis.RedisConnectionFailureException: Cannot get Jedis connection; nested exception is redis.clients.jedis.exceptions.JedisConnectionException: Could not get a resource from the pool
Caused by: redis.clients.jedis.exceptions.JedisConnectionException: Could not get a resource from the pool
Caused by: redis.clients.jedis.exceptions.JedisConnectionException: java.net.ConnectException: Connection refused (Connection refused)
Caused by: java.net.ConnectException: Connection refused (Connection refused)
</error>
  </testcase>
  <testcase name="testTakeLast[1]" classname="org.springframework.data.redis.support.collections.RedisListTests" time="0.001">
    <error message="Cannot get Jedis connection; nested exception is redis.clients.jedis.exceptions.JedisConnectionException: Could not get a resource from the pool" type="org.springframework.data.redis.RedisConnectionFailureException">org.springframework.data.redis.RedisConnectionFailureException: Cannot get Jedis connection; nested exception is redis.clients.jedis.exceptions.JedisConnectionException: Could not get a resource from the pool
Caused by: redis.clients.jedis.exceptions.JedisConnectionException: Could not get a resource from the pool
Caused by: redis.clients.jedis.exceptions.JedisConnectionException: java.net.ConnectException: Connection refused (Connection refused)
Caused by: java.net.ConnectException: Connection refused (Connection refused)
</error>
  </testcase>
  <testcase name="testTakeLast[1]" classname="org.springframework.data.redis.support.collections.RedisListTests" time="0.001">
    <error message="Cannot get Jedis connection; nested exception is redis.clients.jedis.exceptions.JedisConnectionException: Could not get a resource from the pool" type="org.springframework.data.redis.RedisConnectionFailureException">org.springframework.data.redis.RedisConnectionFailureException: Cannot get Jedis connection; nested exception is redis.clients.jedis.exceptions.JedisConnectionException: Could not get a resource from the pool
Caused by: redis.clients.jedis.exceptions.JedisConnectionException: Could not get a resource from the pool
Caused by: redis.clients.jedis.exceptions.JedisConnectionException: java.net.ConnectException: Connection refused (Connection refused)
Caused by: java.net.ConnectException: Connection refused (Connection refused)
</error>
  </testcase>
  <testcase name="testRemainingCapacity[1]" classname="org.springframework.data.redis.support.collections.RedisListTests" time="0.001">
    <error message="Cannot get Jedis connection; nested exception is redis.clients.jedis.exceptions.JedisConnectionException: Could not get a resource from the pool" type="org.springframework.data.redis.RedisConnectionFailureException">org.springframework.data.redis.RedisConnectionFailureException: Cannot get Jedis connection; nested exception is redis.clients.jedis.exceptions.JedisConnectionException: Could not get a resource from the pool
Caused by: redis.clients.jedis.exceptions.JedisConnectionException: Could not get a resource from the pool
Caused by: redis.clients.jedis.exceptions.JedisConnectionException: java.net.ConnectException: Connection refused (Connection refused)
Caused by: java.net.ConnectException: Connection refused (Connection refused)
</error>
  </testcase>
  <testcase name="testRemoveLast[1]" classname="org.springframework.data.redis.support.collections.RedisListTests" time="0.001">
    <error message="Cannot get Jedis connection; nested exception is redis.clients.jedis.exceptions.JedisConnectionException: Could not get a resource from the pool" type="org.springframework.data.redis.RedisConnectionFailureException">org.springframework.data.redis.RedisConnectionFailureException: Cannot get Jedis connection; nested exception is redis.clients.jedis.exceptions.JedisConnectionException: Could not get a resource from the pool
Caused by: redis.clients.jedis.exceptions.JedisConnectionException: Could not get a resource from the pool
Caused by: redis.clients.jedis.exceptions.JedisConnectionException: java.net.ConnectException: Connection refused (Connection refused)
Caused by: java.net.ConnectException: Connection refused (Connection refused)
</error>
  </testcase>
  <testcase name="testRemoveLast[1]" classname="org.springframework.data.redis.support.collections.RedisListTests" time="0.001">
    <error message="Cannot get Jedis connection; nested exception is redis.clients.jedis.exceptions.JedisConnectionException: Could not get a resource from the pool" type="org.springframework.data.redis.RedisConnectionFailureException">org.springframework.data.redis.RedisConnectionFailureException: Cannot get Jedis connection; nested exception is redis.clients.jedis.exceptions.JedisConnectionException: Could not get a resource from the pool
Caused by: redis.clients.jedis.exceptions.JedisConnectionException: Could not get a resource from the pool
Caused by: redis.clients.jedis.exceptions.JedisConnectionException: java.net.ConnectException: Connection refused (Connection refused)
Caused by: java.net.ConnectException: Connection refused (Connection refused)
</error>
  </testcase>
  <testcase name="testAddIndexObjectHead[1]" classname="org.springframework.data.redis.support.collections.RedisListTests" time="0.001">
    <error message="Cannot get Jedis connection; nested exception is redis.clients.jedis.exceptions.JedisConnectionException: Could not get a resource from the pool" type="org.springframework.data.redis.RedisConnectionFailureException">org.springframework.data.redis.RedisConnectionFailureException: Cannot get Jedis connection; nested exception is redis.clients.jedis.exceptions.JedisConnectionException: Could not get a resource from the pool
Caused by: redis.clients.jedis.exceptions.JedisConnectionException: Could not get a resource from the pool
Caused by: redis.clients.jedis.exceptions.JedisConnectionException: java.net.ConnectException: Connection refused (Connection refused)
Caused by: java.net.ConnectException: Connection refused (Connection refused)
</error>
  </testcase>
  <testcase name="testAddIndexObjectHead[1]" classname="org.springframework.data.redis.support.collections.RedisListTests" time="0.001">
    <error message="Cannot get Jedis connection; nested exception is redis.clients.jedis.exceptions.JedisConnectionException: Could not get a resource from the pool" type="org.springframework.data.redis.RedisConnectionFailureException">org.springframework.data.redis.RedisConnectionFailureException: Cannot get Jedis connection; nested exception is redis.clients.jedis.exceptions.JedisConnectionException: Could not get a resource from the pool
Caused by: redis.clients.jedis.exceptions.JedisConnectionException: Could not get a resource from the pool
Caused by: redis.clients.jedis.exceptions.JedisConnectionException: java.net.ConnectException: Connection refused (Connection refused)
Caused by: java.net.ConnectException: Connection refused (Connection refused)
</error>
  </testcase>
  <testcase name="testAddIndexObjectTail[1]" classname="org.springframework.data.redis.support.collections.RedisListTests" time="0.001">
    <error message="Cannot get Jedis connection; nested exception is redis.clients.jedis.exceptions.JedisConnectionException: Could not get a resource from the pool" type="org.springframework.data.redis.RedisConnectionFailureException">org.springframework.data.redis.RedisConnectionFailureException: Cannot get Jedis connection; nested exception is redis.clients.jedis.exceptions.JedisConnectionException: Could not get a resource from the pool
Caused by: redis.clients.jedis.exceptions.JedisConnectionException: Could not get a resource from the pool
Caused by: redis.clients.jedis.exceptions.JedisConnectionException: java.net.ConnectException: Connection refused (Connection refused)
Caused by: java.net.ConnectException: Connection refused (Connection refused)
</error>
  </testcase>
  <testcase name="testAddIndexObjectTail[1]" classname="org.springframework.data.redis.support.collections.RedisListTests" time="0.001">
    <error message="Cannot get Jedis connection; nested exception is redis.clients.jedis.exceptions.JedisConnectionException: Could not get a resource from the pool" type="org.springframework.data.redis.RedisConnectionFailureException">org.springframework.data.redis.RedisConnectionFailureException: Cannot get Jedis connection; nested exception is redis.clients.jedis.exceptions.JedisConnectionException: Could not get a resource from the pool
Caused by: redis.clients.jedis.exceptions.JedisConnectionException: Could not get a resource from the pool
Caused by: redis.clients.jedis.exceptions.JedisConnectionException: java.net.ConnectException: Connection refused (Connection refused)
Caused by: java.net.ConnectException: Connection refused (Connection refused)
</error>
  </testcase>
  <testcase name="testPollFirst[1]" classname="org.springframework.data.redis.support.collections.RedisListTests" time="0">
    <error message="Cannot get Jedis connection; nested exception is redis.clients.jedis.exceptions.JedisConnectionException: Could not get a resource from the pool" type="org.springframework.data.redis.RedisConnectionFailureException">org.springframework.data.redis.RedisConnectionFailureException: Cannot get Jedis connection; nested exception is redis.clients.jedis.exceptions.JedisConnectionException: Could not get a resource from the pool
Caused by: redis.clients.jedis.exceptions.JedisConnectionException: Could not get a resource from the pool
Caused by: redis.clients.jedis.exceptions.JedisConnectionException: java.net.ConnectException: Connection refused (Connection refused)
Caused by: java.net.ConnectException: Connection refused (Connection refused)
</error>
  </testcase>
  <testcase name="testPollFirst[1]" classname="org.springframework.data.redis.support.collections.RedisListTests" time="0.001">
    <error message="Cannot get Jedis connection; nested exception is redis.clients.jedis.exceptions.JedisConnectionException: Could not get a resource from the pool" type="org.springframework.data.redis.RedisConnectionFailureException">org.springframework.data.redis.RedisConnectionFailureException: Cannot get Jedis connection; nested exception is redis.clients.jedis.exceptions.JedisConnectionException: Could not get a resource from the pool
Caused by: redis.clients.jedis.exceptions.JedisConnectionException: Could not get a resource from the pool
Caused by: redis.clients.jedis.exceptions.JedisConnectionException: java.net.ConnectException: Connection refused (Connection refused)
Caused by: java.net.ConnectException: Connection refused (Connection refused)
</error>
  </testcase>
  <testcase name="testAddIndexObjectMiddle[1]" classname="org.springframework.data.redis.support.collections.RedisListTests" time="0.001">
    <error message="Unexpected exception, expected&lt;java.lang.IllegalArgumentException&gt; but was&lt;org.springframework.data.redis.RedisConnectionFailureException&gt;" type="java.lang.Exception"><![CDATA[java.lang.Exception: Unexpected exception, expected<java.lang.IllegalArgumentException> but was<org.springframework.data.redis.RedisConnectionFailureException>
Caused by: org.springframework.data.redis.RedisConnectionFailureException: Cannot get Jedis connection; nested exception is redis.clients.jedis.exceptions.JedisConnectionException: Could not get a resource from the pool
Caused by: redis.clients.jedis.exceptions.JedisConnectionException: Could not get a resource from the pool
Caused by: redis.clients.jedis.exceptions.JedisConnectionException: java.net.ConnectException: Connection refused (Connection refused)
Caused by: java.net.ConnectException: Connection refused (Connection refused)
]]></error>
  </testcase>
  <testcase name="testAddIndexObjectMiddle[1]" classname="org.springframework.data.redis.support.collections.RedisListTests" time="0.001">
    <error message="Cannot get Jedis connection; nested exception is redis.clients.jedis.exceptions.JedisConnectionException: Could not get a resource from the pool" type="org.springframework.data.redis.RedisConnectionFailureException">org.springframework.data.redis.RedisConnectionFailureException: Cannot get Jedis connection; nested exception is redis.clients.jedis.exceptions.JedisConnectionException: Could not get a resource from the pool
Caused by: redis.clients.jedis.exceptions.JedisConnectionException: Could not get a resource from the pool
Caused by: redis.clients.jedis.exceptions.JedisConnectionException: java.net.ConnectException: Connection refused (Connection refused)
Caused by: java.net.ConnectException: Connection refused (Connection refused)
</error>
  </testcase>
  <testcase name="testPeekLast[1]" classname="org.springframework.data.redis.support.collections.RedisListTests" time="0.001">
    <error message="Cannot get Jedis connection; nested exception is redis.clients.jedis.exceptions.JedisConnectionException: Could not get a resource from the pool" type="org.springframework.data.redis.RedisConnectionFailureException">org.springframework.data.redis.RedisConnectionFailureException: Cannot get Jedis connection; nested exception is redis.clients.jedis.exceptions.JedisConnectionException: Could not get a resource from the pool
Caused by: redis.clients.jedis.exceptions.JedisConnectionException: Could not get a resource from the pool
Caused by: redis.clients.jedis.exceptions.JedisConnectionException: java.net.ConnectException: Connection refused (Connection refused)
Caused by: java.net.ConnectException: Connection refused (Connection refused)
</error>
  </testcase>
  <testcase name="testPeekLast[1]" classname="org.springframework.data.redis.support.collections.RedisListTests" time="0.001">
    <error message="Cannot get Jedis connection; nested exception is redis.clients.jedis.exceptions.JedisConnectionException: Could not get a resource from the pool" type="org.springframework.data.redis.RedisConnectionFailureException">org.springframework.data.redis.RedisConnectionFailureException: Cannot get Jedis connection; nested exception is redis.clients.jedis.exceptions.JedisConnectionException: Could not get a resource from the pool
Caused by: redis.clients.jedis.exceptions.JedisConnectionException: Could not get a resource from the pool
Caused by: redis.clients.jedis.exceptions.JedisConnectionException: java.net.ConnectException: Connection refused (Connection refused)
Caused by: java.net.ConnectException: Connection refused (Connection refused)
</error>
  </testcase>
  <testcase name="testRemoveFirstOccurrence[1]" classname="org.springframework.data.redis.support.collections.RedisListTests" time="0.001">
    <error message="Cannot get Jedis connection; nested exception is redis.clients.jedis.exceptions.JedisConnectionException: Could not get a resource from the pool" type="org.springframework.data.redis.RedisConnectionFailureException">org.springframework.data.redis.RedisConnectionFailureException: Cannot get Jedis connection; nested exception is redis.clients.jedis.exceptions.JedisConnectionException: Could not get a resource from the pool
Caused by: redis.clients.jedis.exceptions.JedisConnectionException: Could not get a resource from the pool
Caused by: redis.clients.jedis.exceptions.JedisConnectionException: java.net.ConnectException: Connection refused (Connection refused)
Caused by: java.net.ConnectException: Connection refused (Connection refused)
</error>
  </testcase>
  <testcase name="testRemoveFirstOccurrence[1]" classname="org.springframework.data.redis.support.collections.RedisListTests" time="0.002">
    <error message="Cannot get Jedis connection; nested exception is redis.clients.jedis.exceptions.JedisConnectionException: Could not get a resource from the pool" type="org.springframework.data.redis.RedisConnectionFailureException">org.springframework.data.redis.RedisConnectionFailureException: Cannot get Jedis connection; nested exception is redis.clients.jedis.exceptions.JedisConnectionException: Could not get a resource from the pool
Caused by: redis.clients.jedis.exceptions.JedisConnectionException: Could not get a resource from the pool
Caused by: redis.clients.jedis.exceptions.JedisConnectionException: java.net.ConnectException: Connection refused (Connection refused)
Caused by: java.net.ConnectException: Connection refused (Connection refused)
</error>
  </testcase>
  <testcase name="addAllIndexCollectionHead[1]" classname="org.springframework.data.redis.support.collections.RedisListTests" time="0.001">
    <error message="Cannot get Jedis connection; nested exception is redis.clients.jedis.exceptions.JedisConnectionException: Could not get a resource from the pool" type="org.springframework.data.redis.RedisConnectionFailureException">org.springframework.data.redis.RedisConnectionFailureException: Cannot get Jedis connection; nested exception is redis.clients.jedis.exceptions.JedisConnectionException: Could not get a resource from the pool
Caused by: redis.clients.jedis.exceptions.JedisConnectionException: Could not get a resource from the pool
Caused by: redis.clients.jedis.exceptions.JedisConnectionException: java.net.ConnectException: Connection refused (Connection refused)
Caused by: java.net.ConnectException: Connection refused (Connection refused)
</error>
  </testcase>
  <testcase name="addAllIndexCollectionHead[1]" classname="org.springframework.data.redis.support.collections.RedisListTests" time="0.001">
    <error message="Cannot get Jedis connection; nested exception is redis.clients.jedis.exceptions.JedisConnectionException: Could not get a resource from the pool" type="org.springframework.data.redis.RedisConnectionFailureException">org.springframework.data.redis.RedisConnectionFailureException: Cannot get Jedis connection; nested exception is redis.clients.jedis.exceptions.JedisConnectionException: Could not get a resource from the pool
Caused by: redis.clients.jedis.exceptions.JedisConnectionException: Could not get a resource from the pool
Caused by: redis.clients.jedis.exceptions.JedisConnectionException: java.net.ConnectException: Connection refused (Connection refused)
Caused by: java.net.ConnectException: Connection refused (Connection refused)
</error>
  </testcase>
  <testcase name="addAllIndexCollectionTail[1]" classname="org.springframework.data.redis.support.collections.RedisListTests" time="0.001">
    <error message="Cannot get Jedis connection; nested exception is redis.clients.jedis.exceptions.JedisConnectionException: Could not get a resource from the pool" type="org.springframework.data.redis.RedisConnectionFailureException">org.springframework.data.redis.RedisConnectionFailureException: Cannot get Jedis connection; nested exception is redis.clients.jedis.exceptions.JedisConnectionException: Could not get a resource from the pool
Caused by: redis.clients.jedis.exceptions.JedisConnectionException: Could not get a resource from the pool
Caused by: redis.clients.jedis.exceptions.JedisConnectionException: java.net.ConnectException: Connection refused (Connection refused)
Caused by: java.net.ConnectException: Connection refused (Connection refused)
</error>
  </testcase>
  <testcase name="addAllIndexCollectionTail[1]" classname="org.springframework.data.redis.support.collections.RedisListTests" time="0.001">
    <error message="Cannot get Jedis connection; nested exception is redis.clients.jedis.exceptions.JedisConnectionException: Could not get a resource from the pool" type="org.springframework.data.redis.RedisConnectionFailureException">org.springframework.data.redis.RedisConnectionFailureException: Cannot get Jedis connection; nested exception is redis.clients.jedis.exceptions.JedisConnectionException: Could not get a resource from the pool
Caused by: redis.clients.jedis.exceptions.JedisConnectionException: Could not get a resource from the pool
Caused by: redis.clients.jedis.exceptions.JedisConnectionException: java.net.ConnectException: Connection refused (Connection refused)
Caused by: java.net.ConnectException: Connection refused (Connection refused)
</error>
  </testcase>
  <testcase name="addAllIndexCollectionMiddle[1]" classname="org.springframework.data.redis.support.collections.RedisListTests" time="0.001">
    <error message="Unexpected exception, expected&lt;java.lang.IllegalArgumentException&gt; but was&lt;org.springframework.data.redis.RedisConnectionFailureException&gt;" type="java.lang.Exception"><![CDATA[java.lang.Exception: Unexpected exception, expected<java.lang.IllegalArgumentException> but was<org.springframework.data.redis.RedisConnectionFailureException>
Caused by: org.springframework.data.redis.RedisConnectionFailureException: Cannot get Jedis connection; nested exception is redis.clients.jedis.exceptions.JedisConnectionException: Could not get a resource from the pool
Caused by: redis.clients.jedis.exceptions.JedisConnectionException: Could not get a resource from the pool
Caused by: redis.clients.jedis.exceptions.JedisConnectionException: java.net.ConnectException: Connection refused (Connection refused)
Caused by: java.net.ConnectException: Connection refused (Connection refused)
]]></error>
  </testcase>
  <testcase name="addAllIndexCollectionMiddle[1]" classname="org.springframework.data.redis.support.collections.RedisListTests" time="0.001">
    <error message="Cannot get Jedis connection; nested exception is redis.clients.jedis.exceptions.JedisConnectionException: Could not get a resource from the pool" type="org.springframework.data.redis.RedisConnectionFailureException">org.springframework.data.redis.RedisConnectionFailureException: Cannot get Jedis connection; nested exception is redis.clients.jedis.exceptions.JedisConnectionException: Could not get a resource from the pool
Caused by: redis.clients.jedis.exceptions.JedisConnectionException: Could not get a resource from the pool
Caused by: redis.clients.jedis.exceptions.JedisConnectionException: java.net.ConnectException: Connection refused (Connection refused)
Caused by: java.net.ConnectException: Connection refused (Connection refused)
</error>
  </testcase>
  <testcase name="testPollLast[1]" classname="org.springframework.data.redis.support.collections.RedisListTests" time="0">
    <error message="Cannot get Jedis connection; nested exception is redis.clients.jedis.exceptions.JedisConnectionException: Could not get a resource from the pool" type="org.springframework.data.redis.RedisConnectionFailureException">org.springframework.data.redis.RedisConnectionFailureException: Cannot get Jedis connection; nested exception is redis.clients.jedis.exceptions.JedisConnectionException: Could not get a resource from the pool
Caused by: redis.clients.jedis.exceptions.JedisConnectionException: Could not get a resource from the pool
Caused by: redis.clients.jedis.exceptions.JedisConnectionException: java.net.ConnectException: Connection refused (Connection refused)
Caused by: java.net.ConnectException: Connection refused (Connection refused)
</error>
  </testcase>
  <testcase name="testPollLast[1]" classname="org.springframework.data.redis.support.collections.RedisListTests" time="0.001">
    <error message="Cannot get Jedis connection; nested exception is redis.clients.jedis.exceptions.JedisConnectionException: Could not get a resource from the pool" type="org.springframework.data.redis.RedisConnectionFailureException">org.springframework.data.redis.RedisConnectionFailureException: Cannot get Jedis connection; nested exception is redis.clients.jedis.exceptions.JedisConnectionException: Could not get a resource from the pool
Caused by: redis.clients.jedis.exceptions.JedisConnectionException: Could not get a resource from the pool
Caused by: redis.clients.jedis.exceptions.JedisConnectionException: java.net.ConnectException: Connection refused (Connection refused)
Caused by: java.net.ConnectException: Connection refused (Connection refused)
</error>
  </testcase>
  <testcase name="testIndexOfObject[1]" classname="org.springframework.data.redis.support.collections.RedisListTests" time="0">
    <error message="Cannot get Jedis connection; nested exception is redis.clients.jedis.exceptions.JedisConnectionException: Could not get a resource from the pool" type="org.springframework.data.redis.RedisConnectionFailureException">org.springframework.data.redis.RedisConnectionFailureException: Cannot get Jedis connection; nested exception is redis.clients.jedis.exceptions.JedisConnectionException: Could not get a resource from the pool
Caused by: redis.clients.jedis.exceptions.JedisConnectionException: Could not get a resource from the pool
Caused by: redis.clients.jedis.exceptions.JedisConnectionException: java.net.ConnectException: Connection refused (Connection refused)
Caused by: java.net.ConnectException: Connection refused (Connection refused)
</error>
  </testcase>
  <testcase name="testPollTimeout[1]" classname="org.springframework.data.redis.support.collections.RedisListTests" time="0">
    <error message="Cannot get Jedis connection; nested exception is redis.clients.jedis.exceptions.JedisConnectionException: Could not get a resource from the pool" type="org.springframework.data.redis.RedisConnectionFailureException">org.springframework.data.redis.RedisConnectionFailureException: Cannot get Jedis connection; nested exception is redis.clients.jedis.exceptions.JedisConnectionException: Could not get a resource from the pool
Caused by: redis.clients.jedis.exceptions.JedisConnectionException: Could not get a resource from the pool
Caused by: redis.clients.jedis.exceptions.JedisConnectionException: java.net.ConnectException: Connection refused (Connection refused)
Caused by: java.net.ConnectException: Connection refused (Connection refused)
</error>
  </testcase>
  <testcase name="testPollTimeout[1]" classname="org.springframework.data.redis.support.collections.RedisListTests" time="0.001">
    <error message="Cannot get Jedis connection; nested exception is redis.clients.jedis.exceptions.JedisConnectionException: Could not get a resource from the pool" type="org.springframework.data.redis.RedisConnectionFailureException">org.springframework.data.redis.RedisConnectionFailureException: Cannot get Jedis connection; nested exception is redis.clients.jedis.exceptions.JedisConnectionException: Could not get a resource from the pool
Caused by: redis.clients.jedis.exceptions.JedisConnectionException: Could not get a resource from the pool
Caused by: redis.clients.jedis.exceptions.JedisConnectionException: java.net.ConnectException: Connection refused (Connection refused)
Caused by: java.net.ConnectException: Connection refused (Connection refused)
</error>
  </testcase>
  <testcase name="testRemove[1]" classname="org.springframework.data.redis.support.collections.RedisListTests" time="0.001">
    <error message="Cannot get Jedis connection; nested exception is redis.clients.jedis.exceptions.JedisConnectionException: Could not get a resource from the pool" type="org.springframework.data.redis.RedisConnectionFailureException">org.springframework.data.redis.RedisConnectionFailureException: Cannot get Jedis connection; nested exception is redis.clients.jedis.exceptions.JedisConnectionException: Could not get a resource from the pool
Caused by: redis.clients.jedis.exceptions.JedisConnectionException: Could not get a resource from the pool
Caused by: redis.clients.jedis.exceptions.JedisConnectionException: java.net.ConnectException: Connection refused (Connection refused)
Caused by: java.net.ConnectException: Connection refused (Connection refused)
</error>
  </testcase>
  <testcase name="testRemove[1]" classname="org.springframework.data.redis.support.collections.RedisListTests" time="0.001">
    <error message="Cannot get Jedis connection; nested exception is redis.clients.jedis.exceptions.JedisConnectionException: Could not get a resource from the pool" type="org.springframework.data.redis.RedisConnectionFailureException">org.springframework.data.redis.RedisConnectionFailureException: Cannot get Jedis connection; nested exception is redis.clients.jedis.exceptions.JedisConnectionException: Could not get a resource from the pool
Caused by: redis.clients.jedis.exceptions.JedisConnectionException: Could not get a resource from the pool
Caused by: redis.clients.jedis.exceptions.JedisConnectionException: java.net.ConnectException: Connection refused (Connection refused)
Caused by: java.net.ConnectException: Connection refused (Connection refused)
</error>
  </testcase>
  <testcase name="testCappedCollection[1]" classname="org.springframework.data.redis.support.collections.RedisListTests" time="0.001">
    <error message="Cannot get Jedis connection; nested exception is redis.clients.jedis.exceptions.JedisConnectionException: Could not get a resource from the pool" type="org.springframework.data.redis.RedisConnectionFailureException">org.springframework.data.redis.RedisConnectionFailureException: Cannot get Jedis connection; nested exception is redis.clients.jedis.exceptions.JedisConnectionException: Could not get a resource from the pool
Caused by: redis.clients.jedis.exceptions.JedisConnectionException: Could not get a resource from the pool
Caused by: redis.clients.jedis.exceptions.JedisConnectionException: java.net.ConnectException: Connection refused (Connection refused)
Caused by: java.net.ConnectException: Connection refused (Connection refused)
</error>
  </testcase>
  <testcase name="testCappedCollection[1]" classname="org.springframework.data.redis.support.collections.RedisListTests" time="0.001">
    <error message="Cannot get Jedis connection; nested exception is redis.clients.jedis.exceptions.JedisConnectionException: Could not get a resource from the pool" type="org.springframework.data.redis.RedisConnectionFailureException">org.springframework.data.redis.RedisConnectionFailureException: Cannot get Jedis connection; nested exception is redis.clients.jedis.exceptions.JedisConnectionException: Could not get a resource from the pool
Caused by: redis.clients.jedis.exceptions.JedisConnectionException: Could not get a resource from the pool
Caused by: redis.clients.jedis.exceptions.JedisConnectionException: java.net.ConnectException: Connection refused (Connection refused)
Caused by: java.net.ConnectException: Connection refused (Connection refused)
</error>
  </testcase>
  <testcase name="testRmoveLastOccurrence[1]" classname="org.springframework.data.redis.support.collections.RedisListTests" time="0.001">
    <error message="Cannot get Jedis connection; nested exception is redis.clients.jedis.exceptions.JedisConnectionException: Could not get a resource from the pool" type="org.springframework.data.redis.RedisConnectionFailureException">org.springframework.data.redis.RedisConnectionFailureException: Cannot get Jedis connection; nested exception is redis.clients.jedis.exceptions.JedisConnectionException: Could not get a resource from the pool
Caused by: redis.clients.jedis.exceptions.JedisConnectionException: Could not get a resource from the pool
Caused by: redis.clients.jedis.exceptions.JedisConnectionException: java.net.ConnectException: Connection refused (Connection refused)
Caused by: java.net.ConnectException: Connection refused (Connection refused)
</error>
  </testcase>
  <testcase name="testRmoveLastOccurrence[1]" classname="org.springframework.data.redis.support.collections.RedisListTests" time="0.001">
    <error message="Cannot get Jedis connection; nested exception is redis.clients.jedis.exceptions.JedisConnectionException: Could not get a resource from the pool" type="org.springframework.data.redis.RedisConnectionFailureException">org.springframework.data.redis.RedisConnectionFailureException: Cannot get Jedis connection; nested exception is redis.clients.jedis.exceptions.JedisConnectionException: Could not get a resource from the pool
Caused by: redis.clients.jedis.exceptions.JedisConnectionException: Could not get a resource from the pool
Caused by: redis.clients.jedis.exceptions.JedisConnectionException: java.net.ConnectException: Connection refused (Connection refused)
Caused by: java.net.ConnectException: Connection refused (Connection refused)
</error>
  </testcase>
  <testcase name="testTakeFirst[1]" classname="org.springframework.data.redis.support.collections.RedisListTests" time="0">
    <error message="Cannot get Jedis connection; nested exception is redis.clients.jedis.exceptions.JedisConnectionException: Could not get a resource from the pool" type="org.springframework.data.redis.RedisConnectionFailureException">org.springframework.data.redis.RedisConnectionFailureException: Cannot get Jedis connection; nested exception is redis.clients.jedis.exceptions.JedisConnectionException: Could not get a resource from the pool
Caused by: redis.clients.jedis.exceptions.JedisConnectionException: Could not get a resource from the pool
Caused by: redis.clients.jedis.exceptions.JedisConnectionException: java.net.ConnectException: Connection refused (Connection refused)
Caused by: java.net.ConnectException: Connection refused (Connection refused)
</error>
  </testcase>
  <testcase name="testTakeFirst[1]" classname="org.springframework.data.redis.support.collections.RedisListTests" time="0.001">
    <error message="Cannot get Jedis connection; nested exception is redis.clients.jedis.exceptions.JedisConnectionException: Could not get a resource from the pool" type="org.springframework.data.redis.RedisConnectionFailureException">org.springframework.data.redis.RedisConnectionFailureException: Cannot get Jedis connection; nested exception is redis.clients.jedis.exceptions.JedisConnectionException: Could not get a resource from the pool
Caused by: redis.clients.jedis.exceptions.JedisConnectionException: Could not get a resource from the pool
Caused by: redis.clients.jedis.exceptions.JedisConnectionException: java.net.ConnectException: Connection refused (Connection refused)
Caused by: java.net.ConnectException: Connection refused (Connection refused)
</error>
  </testcase>
  <testcase name="testContainsObject[1]" classname="org.springframework.data.redis.support.collections.RedisListTests" time="0.001">
    <error message="Cannot get Jedis connection; nested exception is redis.clients.jedis.exceptions.JedisConnectionException: Could not get a resource from the pool" type="org.springframework.data.redis.RedisConnectionFailureException">org.springframework.data.redis.RedisConnectionFailureException: Cannot get Jedis connection; nested exception is redis.clients.jedis.exceptions.JedisConnectionException: Could not get a resource from the pool
Caused by: redis.clients.jedis.exceptions.JedisConnectionException: Could not get a resource from the pool
Caused by: redis.clients.jedis.exceptions.JedisConnectionException: java.net.ConnectException: Connection refused (Connection refused)
Caused by: java.net.ConnectException: Connection refused (Connection refused)
</error>
  </testcase>
  <testcase name="testContainsObject[1]" classname="org.springframework.data.redis.support.collections.RedisListTests" time="0.001">
    <error message="Cannot get Jedis connection; nested exception is redis.clients.jedis.exceptions.JedisConnectionException: Could not get a resource from the pool" type="org.springframework.data.redis.RedisConnectionFailureException">org.springframework.data.redis.RedisConnectionFailureException: Cannot get Jedis connection; nested exception is redis.clients.jedis.exceptions.JedisConnectionException: Could not get a resource from the pool
Caused by: redis.clients.jedis.exceptions.JedisConnectionException: Could not get a resource from the pool
Caused by: redis.clients.jedis.exceptions.JedisConnectionException: java.net.ConnectException: Connection refused (Connection refused)
Caused by: java.net.ConnectException: Connection refused (Connection refused)
</error>
  </testcase>
  <testcase name="testToArray[1]" classname="org.springframework.data.redis.support.collections.RedisListTests" time="0.001">
    <error message="Cannot get Jedis connection; nested exception is redis.clients.jedis.exceptions.JedisConnectionException: Could not get a resource from the pool" type="org.springframework.data.redis.RedisConnectionFailureException">org.springframework.data.redis.RedisConnectionFailureException: Cannot get Jedis connection; nested exception is redis.clients.jedis.exceptions.JedisConnectionException: Could not get a resource from the pool
Caused by: redis.clients.jedis.exceptions.JedisConnectionException: Could not get a resource from the pool
Caused by: redis.clients.jedis.exceptions.JedisConnectionException: java.net.ConnectException: Connection refused (Connection refused)
Caused by: java.net.ConnectException: Connection refused (Connection refused)
</error>
  </testcase>
  <testcase name="testToArray[1]" classname="org.springframework.data.redis.support.collections.RedisListTests" time="0.001">
    <error message="Cannot get Jedis connection; nested exception is redis.clients.jedis.exceptions.JedisConnectionException: Could not get a resource from the pool" type="org.springframework.data.redis.RedisConnectionFailureException">org.springframework.data.redis.RedisConnectionFailureException: Cannot get Jedis connection; nested exception is redis.clients.jedis.exceptions.JedisConnectionException: Could not get a resource from the pool
Caused by: redis.clients.jedis.exceptions.JedisConnectionException: Could not get a resource from the pool
Caused by: redis.clients.jedis.exceptions.JedisConnectionException: java.net.ConnectException: Connection refused (Connection refused)
Caused by: java.net.ConnectException: Connection refused (Connection refused)
</error>
  </testcase>
  <testcase name="testAdd[1]" classname="org.springframework.data.redis.support.collections.RedisListTests" time="0.001">
    <error message="Cannot get Jedis connection; nested exception is redis.clients.jedis.exceptions.JedisConnectionException: Could not get a resource from the pool" type="org.springframework.data.redis.RedisConnectionFailureException">org.springframework.data.redis.RedisConnectionFailureException: Cannot get Jedis connection; nested exception is redis.clients.jedis.exceptions.JedisConnectionException: Could not get a resource from the pool
Caused by: redis.clients.jedis.exceptions.JedisConnectionException: Could not get a resource from the pool
Caused by: redis.clients.jedis.exceptions.JedisConnectionException: java.net.ConnectException: Connection refused (Connection refused)
Caused by: java.net.ConnectException: Connection refused (Connection refused)
</error>
  </testcase>
  <testcase name="testAdd[1]" classname="org.springframework.data.redis.support.collections.RedisListTests" time="0.001">
    <error message="Cannot get Jedis connection; nested exception is redis.clients.jedis.exceptions.JedisConnectionException: Could not get a resource from the pool" type="org.springframework.data.redis.RedisConnectionFailureException">org.springframework.data.redis.RedisConnectionFailureException: Cannot get Jedis connection; nested exception is redis.clients.jedis.exceptions.JedisConnectionException: Could not get a resource from the pool
Caused by: redis.clients.jedis.exceptions.JedisConnectionException: Could not get a resource from the pool
Caused by: redis.clients.jedis.exceptions.JedisConnectionException: java.net.ConnectException: Connection refused (Connection refused)
Caused by: java.net.ConnectException: Connection refused (Connection refused)
</error>
  </testcase>
  <testcase name="testClear[1]" classname="org.springframework.data.redis.support.collections.RedisListTests" time="0">
    <error message="Cannot get Jedis connection; nested exception is redis.clients.jedis.exceptions.JedisConnectionException: Could not get a resource from the pool" type="org.springframework.data.redis.RedisConnectionFailureException">org.springframework.data.redis.RedisConnectionFailureException: Cannot get Jedis connection; nested exception is redis.clients.jedis.exceptions.JedisConnectionException: Could not get a resource from the pool
Caused by: redis.clients.jedis.exceptions.JedisConnectionException: Could not get a resource from the pool
Caused by: redis.clients.jedis.exceptions.JedisConnectionException: java.net.ConnectException: Connection refused (Connection refused)
Caused by: java.net.ConnectException: Connection refused (Connection refused)
</error>
  </testcase>
  <testcase name="testClear[1]" classname="org.springframework.data.redis.support.collections.RedisListTests" time="0.001">
    <error message="Cannot get Jedis connection; nested exception is redis.clients.jedis.exceptions.JedisConnectionException: Could not get a resource from the pool" type="org.springframework.data.redis.RedisConnectionFailureException">org.springframework.data.redis.RedisConnectionFailureException: Cannot get Jedis connection; nested exception is redis.clients.jedis.exceptions.JedisConnectionException: Could not get a resource from the pool
Caused by: redis.clients.jedis.exceptions.JedisConnectionException: Could not get a resource from the pool
Caused by: redis.clients.jedis.exceptions.JedisConnectionException: java.net.ConnectException: Connection refused (Connection refused)
Caused by: java.net.ConnectException: Connection refused (Connection refused)
</error>
  </testcase>
  <testcase name="testSize[1]" classname="org.springframework.data.redis.support.collections.RedisListTests" time="0.001">
    <error message="Cannot get Jedis connection; nested exception is redis.clients.jedis.exceptions.JedisConnectionException: Could not get a resource from the pool" type="org.springframework.data.redis.RedisConnectionFailureException">org.springframework.data.redis.RedisConnectionFailureException: Cannot get Jedis connection; nested exception is redis.clients.jedis.exceptions.JedisConnectionException: Could not get a resource from the pool
Caused by: redis.clients.jedis.exceptions.JedisConnectionException: Could not get a resource from the pool
Caused by: redis.clients.jedis.exceptions.JedisConnectionException: java.net.ConnectException: Connection refused (Connection refused)
Caused by: java.net.ConnectException: Connection refused (Connection refused)
</error>
  </testcase>
  <testcase name="testSize[1]" classname="org.springframework.data.redis.support.collections.RedisListTests" time="0.001">
    <error message="Cannot get Jedis connection; nested exception is redis.clients.jedis.exceptions.JedisConnectionException: Could not get a resource from the pool" type="org.springframework.data.redis.RedisConnectionFailureException">org.springframework.data.redis.RedisConnectionFailureException: Cannot get Jedis connection; nested exception is redis.clients.jedis.exceptions.JedisConnectionException: Could not get a resource from the pool
Caused by: redis.clients.jedis.exceptions.JedisConnectionException: Could not get a resource from the pool
Caused by: redis.clients.jedis.exceptions.JedisConnectionException: java.net.ConnectException: Connection refused (Connection refused)
Caused by: java.net.ConnectException: Connection refused (Connection refused)
</error>
  </testcase>
  <testcase name="testToString[1]" classname="org.springframework.data.redis.support.collections.RedisListTests" time="0.001">
    <error message="Cannot get Jedis connection; nested exception is redis.clients.jedis.exceptions.JedisConnectionException: Could not get a resource from the pool" type="org.springframework.data.redis.RedisConnectionFailureException">org.springframework.data.redis.RedisConnectionFailureException: Cannot get Jedis connection; nested exception is redis.clients.jedis.exceptions.JedisConnectionException: Could not get a resource from the pool
Caused by: redis.clients.jedis.exceptions.JedisConnectionException: Could not get a resource from the pool
Caused by: redis.clients.jedis.exceptions.JedisConnectionException: java.net.ConnectException: Connection refused (Connection refused)
Caused by: java.net.ConnectException: Connection refused (Connection refused)
</error>
  </testcase>
  <testcase name="testToString[1]" classname="org.springframework.data.redis.support.collections.RedisListTests" time="0.001">
    <error message="Cannot get Jedis connection; nested exception is redis.clients.jedis.exceptions.JedisConnectionException: Could not get a resource from the pool" type="org.springframework.data.redis.RedisConnectionFailureException">org.springframework.data.redis.RedisConnectionFailureException: Cannot get Jedis connection; nested exception is redis.clients.jedis.exceptions.JedisConnectionException: Could not get a resource from the pool
Caused by: redis.clients.jedis.exceptions.JedisConnectionException: Could not get a resource from the pool
Caused by: redis.clients.jedis.exceptions.JedisConnectionException: java.net.ConnectException: Connection refused (Connection refused)
Caused by: java.net.ConnectException: Connection refused (Connection refused)
</error>
  </testcase>
  <testcase name="testContainsAll[1]" classname="org.springframework.data.redis.support.collections.RedisListTests" time="0.001">
    <error message="Cannot get Jedis connection; nested exception is redis.clients.jedis.exceptions.JedisConnectionException: Could not get a resource from the pool" type="org.springframework.data.redis.RedisConnectionFailureException">org.springframework.data.redis.RedisConnectionFailureException: Cannot get Jedis connection; nested exception is redis.clients.jedis.exceptions.JedisConnectionException: Could not get a resource from the pool
Caused by: redis.clients.jedis.exceptions.JedisConnectionException: Could not get a resource from the pool
Caused by: redis.clients.jedis.exceptions.JedisConnectionException: java.net.ConnectException: Connection refused (Connection refused)
Caused by: java.net.ConnectException: Connection refused (Connection refused)
</error>
  </testcase>
  <testcase name="testContainsAll[1]" classname="org.springframework.data.redis.support.collections.RedisListTests" time="0.001">
    <error message="Cannot get Jedis connection; nested exception is redis.clients.jedis.exceptions.JedisConnectionException: Could not get a resource from the pool" type="org.springframework.data.redis.RedisConnectionFailureException">org.springframework.data.redis.RedisConnectionFailureException: Cannot get Jedis connection; nested exception is redis.clients.jedis.exceptions.JedisConnectionException: Could not get a resource from the pool
Caused by: redis.clients.jedis.exceptions.JedisConnectionException: Could not get a resource from the pool
Caused by: redis.clients.jedis.exceptions.JedisConnectionException: java.net.ConnectException: Connection refused (Connection refused)
Caused by: java.net.ConnectException: Connection refused (Connection refused)
</error>
  </testcase>
  <testcase name="testRemoveObject[1]" classname="org.springframework.data.redis.support.collections.RedisListTests" time="0">
    <error message="Cannot get Jedis connection; nested exception is redis.clients.jedis.exceptions.JedisConnectionException: Could not get a resource from the pool" type="org.springframework.data.redis.RedisConnectionFailureException">org.springframework.data.redis.RedisConnectionFailureException: Cannot get Jedis connection; nested exception is redis.clients.jedis.exceptions.JedisConnectionException: Could not get a resource from the pool
Caused by: redis.clients.jedis.exceptions.JedisConnectionException: Could not get a resource from the pool
Caused by: redis.clients.jedis.exceptions.JedisConnectionException: java.net.ConnectException: Connection refused (Connection refused)
Caused by: java.net.ConnectException: Connection refused (Connection refused)
</error>
  </testcase>
  <testcase name="testRemoveObject[1]" classname="org.springframework.data.redis.support.collections.RedisListTests" time="0.001">
    <error message="Cannot get Jedis connection; nested exception is redis.clients.jedis.exceptions.JedisConnectionException: Could not get a resource from the pool" type="org.springframework.data.redis.RedisConnectionFailureException">org.springframework.data.redis.RedisConnectionFailureException: Cannot get Jedis connection; nested exception is redis.clients.jedis.exceptions.JedisConnectionException: Could not get a resource from the pool
Caused by: redis.clients.jedis.exceptions.JedisConnectionException: Could not get a resource from the pool
Caused by: redis.clients.jedis.exceptions.JedisConnectionException: java.net.ConnectException: Connection refused (Connection refused)
Caused by: java.net.ConnectException: Connection refused (Connection refused)
</error>
  </testcase>
  <testcase name="testHashCode[1]" classname="org.springframework.data.redis.support.collections.RedisListTests" time="0">
    <error message="Cannot get Jedis connection; nested exception is redis.clients.jedis.exceptions.JedisConnectionException: Could not get a resource from the pool" type="org.springframework.data.redis.RedisConnectionFailureException">org.springframework.data.redis.RedisConnectionFailureException: Cannot get Jedis connection; nested exception is redis.clients.jedis.exceptions.JedisConnectionException: Could not get a resource from the pool
Caused by: redis.clients.jedis.exceptions.JedisConnectionException: Could not get a resource from the pool
Caused by: redis.clients.jedis.exceptions.JedisConnectionException: java.net.ConnectException: Connection refused (Connection refused)
Caused by: java.net.ConnectException: Connection refused (Connection refused)
</error>
  </testcase>
  <testcase name="testAddAll[1]" classname="org.springframework.data.redis.support.collections.RedisListTests" time="0.001">
    <error message="Cannot get Jedis connection; nested exception is redis.clients.jedis.exceptions.JedisConnectionException: Could not get a resource from the pool" type="org.springframework.data.redis.RedisConnectionFailureException">org.springframework.data.redis.RedisConnectionFailureException: Cannot get Jedis connection; nested exception is redis.clients.jedis.exceptions.JedisConnectionException: Could not get a resource from the pool
Caused by: redis.clients.jedis.exceptions.JedisConnectionException: Could not get a resource from the pool
Caused by: redis.clients.jedis.exceptions.JedisConnectionException: java.net.ConnectException: Connection refused (Connection refused)
Caused by: java.net.ConnectException: Connection refused (Connection refused)
</error>
  </testcase>
  <testcase name="testAddAll[1]" classname="org.springframework.data.redis.support.collections.RedisListTests" time="0.002">
    <error message="Cannot get Jedis connection; nested exception is redis.clients.jedis.exceptions.JedisConnectionException: Could not get a resource from the pool" type="org.springframework.data.redis.RedisConnectionFailureException">org.springframework.data.redis.RedisConnectionFailureException: Cannot get Jedis connection; nested exception is redis.clients.jedis.exceptions.JedisConnectionException: Could not get a resource from the pool
Caused by: redis.clients.jedis.exceptions.JedisConnectionException: Could not get a resource from the pool
Caused by: redis.clients.jedis.exceptions.JedisConnectionException: java.net.ConnectException: Connection refused (Connection refused)
Caused by: java.net.ConnectException: Connection refused (Connection refused)
</error>
  </testcase>
  <testcase name="removeAll[1]" classname="org.springframework.data.redis.support.collections.RedisListTests" time="0.001">
    <error message="Cannot get Jedis connection; nested exception is redis.clients.jedis.exceptions.JedisConnectionException: Could not get a resource from the pool" type="org.springframework.data.redis.RedisConnectionFailureException">org.springframework.data.redis.RedisConnectionFailureException: Cannot get Jedis connection; nested exception is redis.clients.jedis.exceptions.JedisConnectionException: Could not get a resource from the pool
Caused by: redis.clients.jedis.exceptions.JedisConnectionException: Could not get a resource from the pool
Caused by: redis.clients.jedis.exceptions.JedisConnectionException: java.net.ConnectException: Connection refused (Connection refused)
Caused by: java.net.ConnectException: Connection refused (Connection refused)
</error>
  </testcase>
  <testcase name="removeAll[1]" classname="org.springframework.data.redis.support.collections.RedisListTests" time="0.001">
    <error message="Cannot get Jedis connection; nested exception is redis.clients.jedis.exceptions.JedisConnectionException: Could not get a resource from the pool" type="org.springframework.data.redis.RedisConnectionFailureException">org.springframework.data.redis.RedisConnectionFailureException: Cannot get Jedis connection; nested exception is redis.clients.jedis.exceptions.JedisConnectionException: Could not get a resource from the pool
Caused by: redis.clients.jedis.exceptions.JedisConnectionException: Could not get a resource from the pool
Caused by: redis.clients.jedis.exceptions.JedisConnectionException: java.net.ConnectException: Connection refused (Connection refused)
Caused by: java.net.ConnectException: Connection refused (Connection refused)
</error>
  </testcase>
  <testcase name="testEquals[1]" classname="org.springframework.data.redis.support.collections.RedisListTests" time="0">
    <error message="Cannot get Jedis connection; nested exception is redis.clients.jedis.exceptions.JedisConnectionException: Could not get a resource from the pool" type="org.springframework.data.redis.RedisConnectionFailureException">org.springframework.data.redis.RedisConnectionFailureException: Cannot get Jedis connection; nested exception is redis.clients.jedis.exceptions.JedisConnectionException: Could not get a resource from the pool
Caused by: redis.clients.jedis.exceptions.JedisConnectionException: Could not get a resource from the pool
Caused by: redis.clients.jedis.exceptions.JedisConnectionException: java.net.ConnectException: Connection refused (Connection refused)
Caused by: java.net.ConnectException: Connection refused (Connection refused)
</error>
  </testcase>
  <testcase name="testGetKey[1]" classname="org.springframework.data.redis.support.collections.RedisListTests" time="0">
    <error message="Cannot get Jedis connection; nested exception is redis.clients.jedis.exceptions.JedisConnectionException: Could not get a resource from the pool" type="org.springframework.data.redis.RedisConnectionFailureException">org.springframework.data.redis.RedisConnectionFailureException: Cannot get Jedis connection; nested exception is redis.clients.jedis.exceptions.JedisConnectionException: Could not get a resource from the pool
Caused by: redis.clients.jedis.exceptions.JedisConnectionException: Could not get a resource from the pool
Caused by: redis.clients.jedis.exceptions.JedisConnectionException: java.net.ConnectException: Connection refused (Connection refused)
Caused by: java.net.ConnectException: Connection refused (Connection refused)
</error>
  </testcase>
  <testcase name="testToArrayWithGenerics[1]" classname="org.springframework.data.redis.support.collections.RedisListTests" time="0.001">
    <error message="Cannot get Jedis connection; nested exception is redis.clients.jedis.exceptions.JedisConnectionException: Could not get a resource from the pool" type="org.springframework.data.redis.RedisConnectionFailureException">org.springframework.data.redis.RedisConnectionFailureException: Cannot get Jedis connection; nested exception is redis.clients.jedis.exceptions.JedisConnectionException: Could not get a resource from the pool
Caused by: redis.clients.jedis.exceptions.JedisConnectionException: Could not get a resource from the pool
Caused by: redis.clients.jedis.exceptions.JedisConnectionException: java.net.ConnectException: Connection refused (Connection refused)
Caused by: java.net.ConnectException: Connection refused (Connection refused)
</error>
  </testcase>
  <testcase name="testToArrayWithGenerics[1]" classname="org.springframework.data.redis.support.collections.RedisListTests" time="0.001">
    <error message="Cannot get Jedis connection; nested exception is redis.clients.jedis.exceptions.JedisConnectionException: Could not get a resource from the pool" type="org.springframework.data.redis.RedisConnectionFailureException">org.springframework.data.redis.RedisConnectionFailureException: Cannot get Jedis connection; nested exception is redis.clients.jedis.exceptions.JedisConnectionException: Could not get a resource from the pool
Caused by: redis.clients.jedis.exceptions.JedisConnectionException: Could not get a resource from the pool
Caused by: redis.clients.jedis.exceptions.JedisConnectionException: java.net.ConnectException: Connection refused (Connection refused)
Caused by: java.net.ConnectException: Connection refused (Connection refused)
</error>
  </testcase>
  <testcase name="testIsEmpty[1]" classname="org.springframework.data.redis.support.collections.RedisListTests" time="0">
    <error message="Cannot get Jedis connection; nested exception is redis.clients.jedis.exceptions.JedisConnectionException: Could not get a resource from the pool" type="org.springframework.data.redis.RedisConnectionFailureException">org.springframework.data.redis.RedisConnectionFailureException: Cannot get Jedis connection; nested exception is redis.clients.jedis.exceptions.JedisConnectionException: Could not get a resource from the pool
Caused by: redis.clients.jedis.exceptions.JedisConnectionException: Could not get a resource from the pool
Caused by: redis.clients.jedis.exceptions.JedisConnectionException: java.net.ConnectException: Connection refused (Connection refused)
Caused by: java.net.ConnectException: Connection refused (Connection refused)
</error>
  </testcase>
  <testcase name="testIsEmpty[1]" classname="org.springframework.data.redis.support.collections.RedisListTests" time="0.001">
    <error message="Cannot get Jedis connection; nested exception is redis.clients.jedis.exceptions.JedisConnectionException: Could not get a resource from the pool" type="org.springframework.data.redis.RedisConnectionFailureException">org.springframework.data.redis.RedisConnectionFailureException: Cannot get Jedis connection; nested exception is redis.clients.jedis.exceptions.JedisConnectionException: Could not get a resource from the pool
Caused by: redis.clients.jedis.exceptions.JedisConnectionException: Could not get a resource from the pool
Caused by: redis.clients.jedis.exceptions.JedisConnectionException: java.net.ConnectException: Connection refused (Connection refused)
Caused by: java.net.ConnectException: Connection refused (Connection refused)
</error>
  </testcase>
  <testcase name="testIterator[1]" classname="org.springframework.data.redis.support.collections.RedisListTests" time="0.001">
    <error message="Cannot get Jedis connection; nested exception is redis.clients.jedis.exceptions.JedisConnectionException: Could not get a resource from the pool" type="org.springframework.data.redis.RedisConnectionFailureException">org.springframework.data.redis.RedisConnectionFailureException: Cannot get Jedis connection; nested exception is redis.clients.jedis.exceptions.JedisConnectionException: Could not get a resource from the pool
Caused by: redis.clients.jedis.exceptions.JedisConnectionException: Could not get a resource from the pool
Caused by: redis.clients.jedis.exceptions.JedisConnectionException: java.net.ConnectException: Connection refused (Connection refused)
Caused by: java.net.ConnectException: Connection refused (Connection refused)
</error>
  </testcase>
  <testcase name="testIterator[1]" classname="org.springframework.data.redis.support.collections.RedisListTests" time="0.001">
    <error message="Cannot get Jedis connection; nested exception is redis.clients.jedis.exceptions.JedisConnectionException: Could not get a resource from the pool" type="org.springframework.data.redis.RedisConnectionFailureException">org.springframework.data.redis.RedisConnectionFailureException: Cannot get Jedis connection; nested exception is redis.clients.jedis.exceptions.JedisConnectionException: Could not get a resource from the pool
Caused by: redis.clients.jedis.exceptions.JedisConnectionException: Could not get a resource from the pool
Caused by: redis.clients.jedis.exceptions.JedisConnectionException: java.net.ConnectException: Connection refused (Connection refused)
Caused by: java.net.ConnectException: Connection refused (Connection refused)
</error>
  </testcase>
  <testcase name="testElement[2]" classname="org.springframework.data.redis.support.collections.RedisListTests" time="0.001">
    <error message="Cannot get Jedis connection; nested exception is redis.clients.jedis.exceptions.JedisConnectionException: Could not get a resource from the pool" type="org.springframework.data.redis.RedisConnectionFailureException">org.springframework.data.redis.RedisConnectionFailureException: Cannot get Jedis connection; nested exception is redis.clients.jedis.exceptions.JedisConnectionException: Could not get a resource from the pool
Caused by: redis.clients.jedis.exceptions.JedisConnectionException: Could not get a resource from the pool
Caused by: redis.clients.jedis.exceptions.JedisConnectionException: java.net.ConnectException: Connection refused (Connection refused)
Caused by: java.net.ConnectException: Connection refused (Connection refused)
</error>
  </testcase>
  <testcase name="testElement[2]" classname="org.springframework.data.redis.support.collections.RedisListTests" time="0.001">
    <error message="Cannot get Jedis connection; nested exception is redis.clients.jedis.exceptions.JedisConnectionException: Could not get a resource from the pool" type="org.springframework.data.redis.RedisConnectionFailureException">org.springframework.data.redis.RedisConnectionFailureException: Cannot get Jedis connection; nested exception is redis.clients.jedis.exceptions.JedisConnectionException: Could not get a resource from the pool
Caused by: redis.clients.jedis.exceptions.JedisConnectionException: Could not get a resource from the pool
Caused by: redis.clients.jedis.exceptions.JedisConnectionException: java.net.ConnectException: Connection refused (Connection refused)
Caused by: java.net.ConnectException: Connection refused (Connection refused)
</error>
  </testcase>
  <testcase name="testPutFirst[2]" classname="org.springframework.data.redis.support.collections.RedisListTests" time="0.001">
    <error message="Cannot get Jedis connection; nested exception is redis.clients.jedis.exceptions.JedisConnectionException: Could not get a resource from the pool" type="org.springframework.data.redis.RedisConnectionFailureException">org.springframework.data.redis.RedisConnectionFailureException: Cannot get Jedis connection; nested exception is redis.clients.jedis.exceptions.JedisConnectionException: Could not get a resource from the pool
Caused by: redis.clients.jedis.exceptions.JedisConnectionException: Could not get a resource from the pool
Caused by: redis.clients.jedis.exceptions.JedisConnectionException: java.net.ConnectException: Connection refused (Connection refused)
Caused by: java.net.ConnectException: Connection refused (Connection refused)
</error>
  </testcase>
  <testcase name="testPutFirst[2]" classname="org.springframework.data.redis.support.collections.RedisListTests" time="0.002">
    <error message="Cannot get Jedis connection; nested exception is redis.clients.jedis.exceptions.JedisConnectionException: Could not get a resource from the pool" type="org.springframework.data.redis.RedisConnectionFailureException">org.springframework.data.redis.RedisConnectionFailureException: Cannot get Jedis connection; nested exception is redis.clients.jedis.exceptions.JedisConnectionException: Could not get a resource from the pool
Caused by: redis.clients.jedis.exceptions.JedisConnectionException: Could not get a resource from the pool
Caused by: redis.clients.jedis.exceptions.JedisConnectionException: java.net.ConnectException: Connection refused (Connection refused)
Caused by: java.net.ConnectException: Connection refused (Connection refused)
</error>
  </testcase>
  <testcase name="testPollLastTimeout[2]" classname="org.springframework.data.redis.support.collections.RedisListTests" time="0.001">
    <error message="Cannot get Jedis connection; nested exception is redis.clients.jedis.exceptions.JedisConnectionException: Could not get a resource from the pool" type="org.springframework.data.redis.RedisConnectionFailureException">org.springframework.data.redis.RedisConnectionFailureException: Cannot get Jedis connection; nested exception is redis.clients.jedis.exceptions.JedisConnectionException: Could not get a resource from the pool
Caused by: redis.clients.jedis.exceptions.JedisConnectionException: Could not get a resource from the pool
Caused by: redis.clients.jedis.exceptions.JedisConnectionException: java.net.ConnectException: Connection refused (Connection refused)
Caused by: java.net.ConnectException: Connection refused (Connection refused)
</error>
  </testcase>
  <testcase name="testPollLastTimeout[2]" classname="org.springframework.data.redis.support.collections.RedisListTests" time="0.001">
    <error message="Cannot get Jedis connection; nested exception is redis.clients.jedis.exceptions.JedisConnectionException: Could not get a resource from the pool" type="org.springframework.data.redis.RedisConnectionFailureException">org.springframework.data.redis.RedisConnectionFailureException: Cannot get Jedis connection; nested exception is redis.clients.jedis.exceptions.JedisConnectionException: Could not get a resource from the pool
Caused by: redis.clients.jedis.exceptions.JedisConnectionException: Could not get a resource from the pool
Caused by: redis.clients.jedis.exceptions.JedisConnectionException: java.net.ConnectException: Connection refused (Connection refused)
Caused by: java.net.ConnectException: Connection refused (Connection refused)
</error>
  </testcase>
  <testcase name="testPeekFirst[2]" classname="org.springframework.data.redis.support.collections.RedisListTests" time="0.001">
    <error message="Cannot get Jedis connection; nested exception is redis.clients.jedis.exceptions.JedisConnectionException: Could not get a resource from the pool" type="org.springframework.data.redis.RedisConnectionFailureException">org.springframework.data.redis.RedisConnectionFailureException: Cannot get Jedis connection; nested exception is redis.clients.jedis.exceptions.JedisConnectionException: Could not get a resource from the pool
Caused by: redis.clients.jedis.exceptions.JedisConnectionException: Could not get a resource from the pool
Caused by: redis.clients.jedis.exceptions.JedisConnectionException: java.net.ConnectException: Connection refused (Connection refused)
Caused by: java.net.ConnectException: Connection refused (Connection refused)
</error>
  </testcase>
  <testcase name="testPeekFirst[2]" classname="org.springframework.data.redis.support.collections.RedisListTests" time="0.001">
    <error message="Cannot get Jedis connection; nested exception is redis.clients.jedis.exceptions.JedisConnectionException: Could not get a resource from the pool" type="org.springframework.data.redis.RedisConnectionFailureException">org.springframework.data.redis.RedisConnectionFailureException: Cannot get Jedis connection; nested exception is redis.clients.jedis.exceptions.JedisConnectionException: Could not get a resource from the pool
Caused by: redis.clients.jedis.exceptions.JedisConnectionException: Could not get a resource from the pool
Caused by: redis.clients.jedis.exceptions.JedisConnectionException: java.net.ConnectException: Connection refused (Connection refused)
Caused by: java.net.ConnectException: Connection refused (Connection refused)
</error>
  </testcase>
  <testcase name="testOfferLast[2]" classname="org.springframework.data.redis.support.collections.RedisListTests" time="0">
    <error message="Cannot get Jedis connection; nested exception is redis.clients.jedis.exceptions.JedisConnectionException: Could not get a resource from the pool" type="org.springframework.data.redis.RedisConnectionFailureException">org.springframework.data.redis.RedisConnectionFailureException: Cannot get Jedis connection; nested exception is redis.clients.jedis.exceptions.JedisConnectionException: Could not get a resource from the pool
Caused by: redis.clients.jedis.exceptions.JedisConnectionException: Could not get a resource from the pool
Caused by: redis.clients.jedis.exceptions.JedisConnectionException: java.net.ConnectException: Connection refused (Connection refused)
Caused by: java.net.ConnectException: Connection refused (Connection refused)
</error>
  </testcase>
  <testcase name="testOfferLast[2]" classname="org.springframework.data.redis.support.collections.RedisListTests" time="0.001">
    <error message="Cannot get Jedis connection; nested exception is redis.clients.jedis.exceptions.JedisConnectionException: Could not get a resource from the pool" type="org.springframework.data.redis.RedisConnectionFailureException">org.springframework.data.redis.RedisConnectionFailureException: Cannot get Jedis connection; nested exception is redis.clients.jedis.exceptions.JedisConnectionException: Could not get a resource from the pool
Caused by: redis.clients.jedis.exceptions.JedisConnectionException: Could not get a resource from the pool
Caused by: redis.clients.jedis.exceptions.JedisConnectionException: java.net.ConnectException: Connection refused (Connection refused)
Caused by: java.net.ConnectException: Connection refused (Connection refused)
</error>
  </testcase>
  <testcase name="testGetFirst[2]" classname="org.springframework.data.redis.support.collections.RedisListTests" time="0.001">
    <error message="Cannot get Jedis connection; nested exception is redis.clients.jedis.exceptions.JedisConnectionException: Could not get a resource from the pool" type="org.springframework.data.redis.RedisConnectionFailureException">org.springframework.data.redis.RedisConnectionFailureException: Cannot get Jedis connection; nested exception is redis.clients.jedis.exceptions.JedisConnectionException: Could not get a resource from the pool
Caused by: redis.clients.jedis.exceptions.JedisConnectionException: Could not get a resource from the pool
Caused by: redis.clients.jedis.exceptions.JedisConnectionException: java.net.ConnectException: Connection refused (Connection refused)
Caused by: java.net.ConnectException: Connection refused (Connection refused)
</error>
  </testcase>
  <testcase name="testGetFirst[2]" classname="org.springframework.data.redis.support.collections.RedisListTests" time="0.001">
    <error message="Cannot get Jedis connection; nested exception is redis.clients.jedis.exceptions.JedisConnectionException: Could not get a resource from the pool" type="org.springframework.data.redis.RedisConnectionFailureException">org.springframework.data.redis.RedisConnectionFailureException: Cannot get Jedis connection; nested exception is redis.clients.jedis.exceptions.JedisConnectionException: Could not get a resource from the pool
Caused by: redis.clients.jedis.exceptions.JedisConnectionException: Could not get a resource from the pool
Caused by: redis.clients.jedis.exceptions.JedisConnectionException: java.net.ConnectException: Connection refused (Connection refused)
Caused by: java.net.ConnectException: Connection refused (Connection refused)
</error>
  </testcase>
  <testcase name="testAddLast[2]" classname="org.springframework.data.redis.support.collections.RedisListTests" time="0.001">
    <error message="Cannot get Jedis connection; nested exception is redis.clients.jedis.exceptions.JedisConnectionException: Could not get a resource from the pool" type="org.springframework.data.redis.RedisConnectionFailureException">org.springframework.data.redis.RedisConnectionFailureException: Cannot get Jedis connection; nested exception is redis.clients.jedis.exceptions.JedisConnectionException: Could not get a resource from the pool
Caused by: redis.clients.jedis.exceptions.JedisConnectionException: Could not get a resource from the pool
Caused by: redis.clients.jedis.exceptions.JedisConnectionException: java.net.ConnectException: Connection refused (Connection refused)
Caused by: java.net.ConnectException: Connection refused (Connection refused)
</error>
  </testcase>
  <testcase name="testAddLast[2]" classname="org.springframework.data.redis.support.collections.RedisListTests" time="0.001">
    <error message="Cannot get Jedis connection; nested exception is redis.clients.jedis.exceptions.JedisConnectionException: Could not get a resource from the pool" type="org.springframework.data.redis.RedisConnectionFailureException">org.springframework.data.redis.RedisConnectionFailureException: Cannot get Jedis connection; nested exception is redis.clients.jedis.exceptions.JedisConnectionException: Could not get a resource from the pool
Caused by: redis.clients.jedis.exceptions.JedisConnectionException: Could not get a resource from the pool
Caused by: redis.clients.jedis.exceptions.JedisConnectionException: java.net.ConnectException: Connection refused (Connection refused)
Caused by: java.net.ConnectException: Connection refused (Connection refused)
</error>
  </testcase>
  <testcase name="testPop[2]" classname="org.springframework.data.redis.support.collections.RedisListTests" time="0.001">
    <error message="Cannot get Jedis connection; nested exception is redis.clients.jedis.exceptions.JedisConnectionException: Could not get a resource from the pool" type="org.springframework.data.redis.RedisConnectionFailureException">org.springframework.data.redis.RedisConnectionFailureException: Cannot get Jedis connection; nested exception is redis.clients.jedis.exceptions.JedisConnectionException: Could not get a resource from the pool
Caused by: redis.clients.jedis.exceptions.JedisConnectionException: Could not get a resource from the pool
Caused by: redis.clients.jedis.exceptions.JedisConnectionException: java.net.ConnectException: Connection refused (Connection refused)
Caused by: java.net.ConnectException: Connection refused (Connection refused)
</error>
  </testcase>
  <testcase name="testPop[2]" classname="org.springframework.data.redis.support.collections.RedisListTests" time="0.001">
    <error message="Cannot get Jedis connection; nested exception is redis.clients.jedis.exceptions.JedisConnectionException: Could not get a resource from the pool" type="org.springframework.data.redis.RedisConnectionFailureException">org.springframework.data.redis.RedisConnectionFailureException: Cannot get Jedis connection; nested exception is redis.clients.jedis.exceptions.JedisConnectionException: Could not get a resource from the pool
Caused by: redis.clients.jedis.exceptions.JedisConnectionException: Could not get a resource from the pool
Caused by: redis.clients.jedis.exceptions.JedisConnectionException: java.net.ConnectException: Connection refused (Connection refused)
Caused by: java.net.ConnectException: Connection refused (Connection refused)
</error>
  </testcase>
  <testcase name="testPut[2]" classname="org.springframework.data.redis.support.collections.RedisListTests" time="0.001">
    <error message="Cannot get Jedis connection; nested exception is redis.clients.jedis.exceptions.JedisConnectionException: Could not get a resource from the pool" type="org.springframework.data.redis.RedisConnectionFailureException">org.springframework.data.redis.RedisConnectionFailureException: Cannot get Jedis connection; nested exception is redis.clients.jedis.exceptions.JedisConnectionException: Could not get a resource from the pool
Caused by: redis.clients.jedis.exceptions.JedisConnectionException: Could not get a resource from the pool
Caused by: redis.clients.jedis.exceptions.JedisConnectionException: java.net.ConnectException: Connection refused (Connection refused)
Caused by: java.net.ConnectException: Connection refused (Connection refused)
</error>
  </testcase>
  <testcase name="testPut[2]" classname="org.springframework.data.redis.support.collections.RedisListTests" time="0.001">
    <error message="Cannot get Jedis connection; nested exception is redis.clients.jedis.exceptions.JedisConnectionException: Could not get a resource from the pool" type="org.springframework.data.redis.RedisConnectionFailureException">org.springframework.data.redis.RedisConnectionFailureException: Cannot get Jedis connection; nested exception is redis.clients.jedis.exceptions.JedisConnectionException: Could not get a resource from the pool
Caused by: redis.clients.jedis.exceptions.JedisConnectionException: Could not get a resource from the pool
Caused by: redis.clients.jedis.exceptions.JedisConnectionException: java.net.ConnectException: Connection refused (Connection refused)
Caused by: java.net.ConnectException: Connection refused (Connection refused)
</error>
  </testcase>
  <testcase name="testSet[2]" classname="org.springframework.data.redis.support.collections.RedisListTests" time="0.001">
    <error message="Cannot get Jedis connection; nested exception is redis.clients.jedis.exceptions.JedisConnectionException: Could not get a resource from the pool" type="org.springframework.data.redis.RedisConnectionFailureException">org.springframework.data.redis.RedisConnectionFailureException: Cannot get Jedis connection; nested exception is redis.clients.jedis.exceptions.JedisConnectionException: Could not get a resource from the pool
Caused by: redis.clients.jedis.exceptions.JedisConnectionException: Could not get a resource from the pool
Caused by: redis.clients.jedis.exceptions.JedisConnectionException: java.net.ConnectException: Connection refused (Connection refused)
Caused by: java.net.ConnectException: Connection refused (Connection refused)
</error>
  </testcase>
  <testcase name="testSet[2]" classname="org.springframework.data.redis.support.collections.RedisListTests" time="0.002">
    <error message="Cannot get Jedis connection; nested exception is redis.clients.jedis.exceptions.JedisConnectionException: Could not get a resource from the pool" type="org.springframework.data.redis.RedisConnectionFailureException">org.springframework.data.redis.RedisConnectionFailureException: Cannot get Jedis connection; nested exception is redis.clients.jedis.exceptions.JedisConnectionException: Could not get a resource from the pool
Caused by: redis.clients.jedis.exceptions.JedisConnectionException: Could not get a resource from the pool
Caused by: redis.clients.jedis.exceptions.JedisConnectionException: java.net.ConnectException: Connection refused (Connection refused)
Caused by: java.net.ConnectException: Connection refused (Connection refused)
</error>
  </testcase>
  <testcase name="testOffer[2]" classname="org.springframework.data.redis.support.collections.RedisListTests" time="0.001">
    <error message="Cannot get Jedis connection; nested exception is redis.clients.jedis.exceptions.JedisConnectionException: Could not get a resource from the pool" type="org.springframework.data.redis.RedisConnectionFailureException">org.springframework.data.redis.RedisConnectionFailureException: Cannot get Jedis connection; nested exception is redis.clients.jedis.exceptions.JedisConnectionException: Could not get a resource from the pool
Caused by: redis.clients.jedis.exceptions.JedisConnectionException: Could not get a resource from the pool
Caused by: redis.clients.jedis.exceptions.JedisConnectionException: java.net.ConnectException: Connection refused (Connection refused)
Caused by: java.net.ConnectException: Connection refused (Connection refused)
</error>
  </testcase>
  <testcase name="testOffer[2]" classname="org.springframework.data.redis.support.collections.RedisListTests" time="0.001">
    <error message="Cannot get Jedis connection; nested exception is redis.clients.jedis.exceptions.JedisConnectionException: Could not get a resource from the pool" type="org.springframework.data.redis.RedisConnectionFailureException">org.springframework.data.redis.RedisConnectionFailureException: Cannot get Jedis connection; nested exception is redis.clients.jedis.exceptions.JedisConnectionException: Could not get a resource from the pool
Caused by: redis.clients.jedis.exceptions.JedisConnectionException: Could not get a resource from the pool
Caused by: redis.clients.jedis.exceptions.JedisConnectionException: java.net.ConnectException: Connection refused (Connection refused)
Caused by: java.net.ConnectException: Connection refused (Connection refused)
</error>
  </testcase>
  <testcase name="testRange[2]" classname="org.springframework.data.redis.support.collections.RedisListTests" time="0.001">
    <error message="Cannot get Jedis connection; nested exception is redis.clients.jedis.exceptions.JedisConnectionException: Could not get a resource from the pool" type="org.springframework.data.redis.RedisConnectionFailureException">org.springframework.data.redis.RedisConnectionFailureException: Cannot get Jedis connection; nested exception is redis.clients.jedis.exceptions.JedisConnectionException: Could not get a resource from the pool
Caused by: redis.clients.jedis.exceptions.JedisConnectionException: Could not get a resource from the pool
Caused by: redis.clients.jedis.exceptions.JedisConnectionException: java.net.ConnectException: Connection refused (Connection refused)
Caused by: java.net.ConnectException: Connection refused (Connection refused)
</error>
  </testcase>
  <testcase name="testRange[2]" classname="org.springframework.data.redis.support.collections.RedisListTests" time="0.001">
    <error message="Cannot get Jedis connection; nested exception is redis.clients.jedis.exceptions.JedisConnectionException: Could not get a resource from the pool" type="org.springframework.data.redis.RedisConnectionFailureException">org.springframework.data.redis.RedisConnectionFailureException: Cannot get Jedis connection; nested exception is redis.clients.jedis.exceptions.JedisConnectionException: Could not get a resource from the pool
Caused by: redis.clients.jedis.exceptions.JedisConnectionException: Could not get a resource from the pool
Caused by: redis.clients.jedis.exceptions.JedisConnectionException: java.net.ConnectException: Connection refused (Connection refused)
Caused by: java.net.ConnectException: Connection refused (Connection refused)
</error>
  </testcase>
  <testcase name="testLast[2]" classname="org.springframework.data.redis.support.collections.RedisListTests" time="0.001">
    <error message="Cannot get Jedis connection; nested exception is redis.clients.jedis.exceptions.JedisConnectionException: Could not get a resource from the pool" type="org.springframework.data.redis.RedisConnectionFailureException">org.springframework.data.redis.RedisConnectionFailureException: Cannot get Jedis connection; nested exception is redis.clients.jedis.exceptions.JedisConnectionException: Could not get a resource from the pool
Caused by: redis.clients.jedis.exceptions.JedisConnectionException: Could not get a resource from the pool
Caused by: redis.clients.jedis.exceptions.JedisConnectionException: java.net.ConnectException: Connection refused (Connection refused)
Caused by: java.net.ConnectException: Connection refused (Connection refused)
</error>
  </testcase>
  <testcase name="testLast[2]" classname="org.springframework.data.redis.support.collections.RedisListTests" time="0.001">
    <error message="Cannot get Jedis connection; nested exception is redis.clients.jedis.exceptions.JedisConnectionException: Could not get a resource from the pool" type="org.springframework.data.redis.RedisConnectionFailureException">org.springframework.data.redis.RedisConnectionFailureException: Cannot get Jedis connection; nested exception is redis.clients.jedis.exceptions.JedisConnectionException: Could not get a resource from the pool
Caused by: redis.clients.jedis.exceptions.JedisConnectionException: Could not get a resource from the pool
Caused by: redis.clients.jedis.exceptions.JedisConnectionException: java.net.ConnectException: Connection refused (Connection refused)
Caused by: java.net.ConnectException: Connection refused (Connection refused)
</error>
  </testcase>
  <testcase name="testPeek[2]" classname="org.springframework.data.redis.support.collections.RedisListTests" time="0.001">
    <error message="Cannot get Jedis connection; nested exception is redis.clients.jedis.exceptions.JedisConnectionException: Could not get a resource from the pool" type="org.springframework.data.redis.RedisConnectionFailureException">org.springframework.data.redis.RedisConnectionFailureException: Cannot get Jedis connection; nested exception is redis.clients.jedis.exceptions.JedisConnectionException: Could not get a resource from the pool
Caused by: redis.clients.jedis.exceptions.JedisConnectionException: Could not get a resource from the pool
Caused by: redis.clients.jedis.exceptions.JedisConnectionException: java.net.ConnectException: Connection refused (Connection refused)
Caused by: java.net.ConnectException: Connection refused (Connection refused)
</error>
  </testcase>
  <testcase name="testPeek[2]" classname="org.springframework.data.redis.support.collections.RedisListTests" time="0.001">
    <error message="Cannot get Jedis connection; nested exception is redis.clients.jedis.exceptions.JedisConnectionException: Could not get a resource from the pool" type="org.springframework.data.redis.RedisConnectionFailureException">org.springframework.data.redis.RedisConnectionFailureException: Cannot get Jedis connection; nested exception is redis.clients.jedis.exceptions.JedisConnectionException: Could not get a resource from the pool
Caused by: redis.clients.jedis.exceptions.JedisConnectionException: Could not get a resource from the pool
Caused by: redis.clients.jedis.exceptions.JedisConnectionException: java.net.ConnectException: Connection refused (Connection refused)
Caused by: java.net.ConnectException: Connection refused (Connection refused)
</error>
  </testcase>
  <testcase name="testPoll[2]" classname="org.springframework.data.redis.support.collections.RedisListTests" time="0.001">
    <error message="Cannot get Jedis connection; nested exception is redis.clients.jedis.exceptions.JedisConnectionException: Could not get a resource from the pool" type="org.springframework.data.redis.RedisConnectionFailureException">org.springframework.data.redis.RedisConnectionFailureException: Cannot get Jedis connection; nested exception is redis.clients.jedis.exceptions.JedisConnectionException: Could not get a resource from the pool
Caused by: redis.clients.jedis.exceptions.JedisConnectionException: Could not get a resource from the pool
Caused by: redis.clients.jedis.exceptions.JedisConnectionException: java.net.ConnectException: Connection refused (Connection refused)
Caused by: java.net.ConnectException: Connection refused (Connection refused)
</error>
  </testcase>
  <testcase name="testPoll[2]" classname="org.springframework.data.redis.support.collections.RedisListTests" time="0.001">
    <error message="Cannot get Jedis connection; nested exception is redis.clients.jedis.exceptions.JedisConnectionException: Could not get a resource from the pool" type="org.springframework.data.redis.RedisConnectionFailureException">org.springframework.data.redis.RedisConnectionFailureException: Cannot get Jedis connection; nested exception is redis.clients.jedis.exceptions.JedisConnectionException: Could not get a resource from the pool
Caused by: redis.clients.jedis.exceptions.JedisConnectionException: Could not get a resource from the pool
Caused by: redis.clients.jedis.exceptions.JedisConnectionException: java.net.ConnectException: Connection refused (Connection refused)
Caused by: java.net.ConnectException: Connection refused (Connection refused)
</error>
  </testcase>
  <testcase name="testTake[2]" classname="org.springframework.data.redis.support.collections.RedisListTests" time="0">
    <error message="Cannot get Jedis connection; nested exception is redis.clients.jedis.exceptions.JedisConnectionException: Could not get a resource from the pool" type="org.springframework.data.redis.RedisConnectionFailureException">org.springframework.data.redis.RedisConnectionFailureException: Cannot get Jedis connection; nested exception is redis.clients.jedis.exceptions.JedisConnectionException: Could not get a resource from the pool
Caused by: redis.clients.jedis.exceptions.JedisConnectionException: Could not get a resource from the pool
Caused by: redis.clients.jedis.exceptions.JedisConnectionException: java.net.ConnectException: Connection refused (Connection refused)
Caused by: java.net.ConnectException: Connection refused (Connection refused)
</error>
  </testcase>
  <testcase name="testTake[2]" classname="org.springframework.data.redis.support.collections.RedisListTests" time="0.001">
    <error message="Cannot get Jedis connection; nested exception is redis.clients.jedis.exceptions.JedisConnectionException: Could not get a resource from the pool" type="org.springframework.data.redis.RedisConnectionFailureException">org.springframework.data.redis.RedisConnectionFailureException: Cannot get Jedis connection; nested exception is redis.clients.jedis.exceptions.JedisConnectionException: Could not get a resource from the pool
Caused by: redis.clients.jedis.exceptions.JedisConnectionException: Could not get a resource from the pool
Caused by: redis.clients.jedis.exceptions.JedisConnectionException: java.net.ConnectException: Connection refused (Connection refused)
Caused by: java.net.ConnectException: Connection refused (Connection refused)
</error>
  </testcase>
  <testcase name="testTrim[2]" classname="org.springframework.data.redis.support.collections.RedisListTests" time="0.001">
    <error message="Cannot get Jedis connection; nested exception is redis.clients.jedis.exceptions.JedisConnectionException: Could not get a resource from the pool" type="org.springframework.data.redis.RedisConnectionFailureException">org.springframework.data.redis.RedisConnectionFailureException: Cannot get Jedis connection; nested exception is redis.clients.jedis.exceptions.JedisConnectionException: Could not get a resource from the pool
Caused by: redis.clients.jedis.exceptions.JedisConnectionException: Could not get a resource from the pool
Caused by: redis.clients.jedis.exceptions.JedisConnectionException: java.net.ConnectException: Connection refused (Connection refused)
Caused by: java.net.ConnectException: Connection refused (Connection refused)
</error>
  </testcase>
  <testcase name="testTrim[2]" classname="org.springframework.data.redis.support.collections.RedisListTests" time="0.001">
    <error message="Cannot get Jedis connection; nested exception is redis.clients.jedis.exceptions.JedisConnectionException: Could not get a resource from the pool" type="org.springframework.data.redis.RedisConnectionFailureException">org.springframework.data.redis.RedisConnectionFailureException: Cannot get Jedis connection; nested exception is redis.clients.jedis.exceptions.JedisConnectionException: Could not get a resource from the pool
Caused by: redis.clients.jedis.exceptions.JedisConnectionException: Could not get a resource from the pool
Caused by: redis.clients.jedis.exceptions.JedisConnectionException: java.net.ConnectException: Connection refused (Connection refused)
Caused by: java.net.ConnectException: Connection refused (Connection refused)
</error>
  </testcase>
  <testcase name="testDrainToCollection[2]" classname="org.springframework.data.redis.support.collections.RedisListTests" time="0.001">
    <error message="Cannot get Jedis connection; nested exception is redis.clients.jedis.exceptions.JedisConnectionException: Could not get a resource from the pool" type="org.springframework.data.redis.RedisConnectionFailureException">org.springframework.data.redis.RedisConnectionFailureException: Cannot get Jedis connection; nested exception is redis.clients.jedis.exceptions.JedisConnectionException: Could not get a resource from the pool
Caused by: redis.clients.jedis.exceptions.JedisConnectionException: Could not get a resource from the pool
Caused by: redis.clients.jedis.exceptions.JedisConnectionException: java.net.ConnectException: Connection refused (Connection refused)
Caused by: java.net.ConnectException: Connection refused (Connection refused)
</error>
  </testcase>
  <testcase name="testDrainToCollection[2]" classname="org.springframework.data.redis.support.collections.RedisListTests" time="0.002">
    <error message="Cannot get Jedis connection; nested exception is redis.clients.jedis.exceptions.JedisConnectionException: Could not get a resource from the pool" type="org.springframework.data.redis.RedisConnectionFailureException">org.springframework.data.redis.RedisConnectionFailureException: Cannot get Jedis connection; nested exception is redis.clients.jedis.exceptions.JedisConnectionException: Could not get a resource from the pool
Caused by: redis.clients.jedis.exceptions.JedisConnectionException: Could not get a resource from the pool
Caused by: redis.clients.jedis.exceptions.JedisConnectionException: java.net.ConnectException: Connection refused (Connection refused)
Caused by: java.net.ConnectException: Connection refused (Connection refused)
</error>
  </testcase>
  <testcase name="testRemoveFirst[2]" classname="org.springframework.data.redis.support.collections.RedisListTests" time="0.001">
    <error message="Cannot get Jedis connection; nested exception is redis.clients.jedis.exceptions.JedisConnectionException: Could not get a resource from the pool" type="org.springframework.data.redis.RedisConnectionFailureException">org.springframework.data.redis.RedisConnectionFailureException: Cannot get Jedis connection; nested exception is redis.clients.jedis.exceptions.JedisConnectionException: Could not get a resource from the pool
Caused by: redis.clients.jedis.exceptions.JedisConnectionException: Could not get a resource from the pool
Caused by: redis.clients.jedis.exceptions.JedisConnectionException: java.net.ConnectException: Connection refused (Connection refused)
Caused by: java.net.ConnectException: Connection refused (Connection refused)
</error>
  </testcase>
  <testcase name="testRemoveFirst[2]" classname="org.springframework.data.redis.support.collections.RedisListTests" time="0.001">
    <error message="Cannot get Jedis connection; nested exception is redis.clients.jedis.exceptions.JedisConnectionException: Could not get a resource from the pool" type="org.springframework.data.redis.RedisConnectionFailureException">org.springframework.data.redis.RedisConnectionFailureException: Cannot get Jedis connection; nested exception is redis.clients.jedis.exceptions.JedisConnectionException: Could not get a resource from the pool
Caused by: redis.clients.jedis.exceptions.JedisConnectionException: Could not get a resource from the pool
Caused by: redis.clients.jedis.exceptions.JedisConnectionException: java.net.ConnectException: Connection refused (Connection refused)
Caused by: java.net.ConnectException: Connection refused (Connection refused)
</error>
  </testcase>
  <testcase name="testRemoveIndex[2]" classname="org.springframework.data.redis.support.collections.RedisListTests" time="0.001">
    <error message="Cannot get Jedis connection; nested exception is redis.clients.jedis.exceptions.JedisConnectionException: Could not get a resource from the pool" type="org.springframework.data.redis.RedisConnectionFailureException">org.springframework.data.redis.RedisConnectionFailureException: Cannot get Jedis connection; nested exception is redis.clients.jedis.exceptions.JedisConnectionException: Could not get a resource from the pool
Caused by: redis.clients.jedis.exceptions.JedisConnectionException: Could not get a resource from the pool
Caused by: redis.clients.jedis.exceptions.JedisConnectionException: java.net.ConnectException: Connection refused (Connection refused)
Caused by: java.net.ConnectException: Connection refused (Connection refused)
</error>
  </testcase>
  <testcase name="testPutLast[2]" classname="org.springframework.data.redis.support.collections.RedisListTests" time="0.001">
    <error message="Cannot get Jedis connection; nested exception is redis.clients.jedis.exceptions.JedisConnectionException: Could not get a resource from the pool" type="org.springframework.data.redis.RedisConnectionFailureException">org.springframework.data.redis.RedisConnectionFailureException: Cannot get Jedis connection; nested exception is redis.clients.jedis.exceptions.JedisConnectionException: Could not get a resource from the pool
Caused by: redis.clients.jedis.exceptions.JedisConnectionException: Could not get a resource from the pool
Caused by: redis.clients.jedis.exceptions.JedisConnectionException: java.net.ConnectException: Connection refused (Connection refused)
Caused by: java.net.ConnectException: Connection refused (Connection refused)
</error>
  </testcase>
  <testcase name="testPutLast[2]" classname="org.springframework.data.redis.support.collections.RedisListTests" time="0.001">
    <error message="Cannot get Jedis connection; nested exception is redis.clients.jedis.exceptions.JedisConnectionException: Could not get a resource from the pool" type="org.springframework.data.redis.RedisConnectionFailureException">org.springframework.data.redis.RedisConnectionFailureException: Cannot get Jedis connection; nested exception is redis.clients.jedis.exceptions.JedisConnectionException: Could not get a resource from the pool
Caused by: redis.clients.jedis.exceptions.JedisConnectionException: Could not get a resource from the pool
Caused by: redis.clients.jedis.exceptions.JedisConnectionException: java.net.ConnectException: Connection refused (Connection refused)
Caused by: java.net.ConnectException: Connection refused (Connection refused)
</error>
  </testcase>
  <testcase name="testOfferFirst[2]" classname="org.springframework.data.redis.support.collections.RedisListTests" time="0.001">
    <error message="Cannot get Jedis connection; nested exception is redis.clients.jedis.exceptions.JedisConnectionException: Could not get a resource from the pool" type="org.springframework.data.redis.RedisConnectionFailureException">org.springframework.data.redis.RedisConnectionFailureException: Cannot get Jedis connection; nested exception is redis.clients.jedis.exceptions.JedisConnectionException: Could not get a resource from the pool
Caused by: redis.clients.jedis.exceptions.JedisConnectionException: Could not get a resource from the pool
Caused by: redis.clients.jedis.exceptions.JedisConnectionException: java.net.ConnectException: Connection refused (Connection refused)
Caused by: java.net.ConnectException: Connection refused (Connection refused)
</error>
  </testcase>
  <testcase name="testOfferFirst[2]" classname="org.springframework.data.redis.support.collections.RedisListTests" time="0.002">
    <error message="Cannot get Jedis connection; nested exception is redis.clients.jedis.exceptions.JedisConnectionException: Could not get a resource from the pool" type="org.springframework.data.redis.RedisConnectionFailureException">org.springframework.data.redis.RedisConnectionFailureException: Cannot get Jedis connection; nested exception is redis.clients.jedis.exceptions.JedisConnectionException: Could not get a resource from the pool
Caused by: redis.clients.jedis.exceptions.JedisConnectionException: Could not get a resource from the pool
Caused by: redis.clients.jedis.exceptions.JedisConnectionException: java.net.ConnectException: Connection refused (Connection refused)
Caused by: java.net.ConnectException: Connection refused (Connection refused)
</error>
  </testcase>
  <testcase name="testDescendingIterator[2]" classname="org.springframework.data.redis.support.collections.RedisListTests" time="0.001">
    <error message="Cannot get Jedis connection; nested exception is redis.clients.jedis.exceptions.JedisConnectionException: Could not get a resource from the pool" type="org.springframework.data.redis.RedisConnectionFailureException">org.springframework.data.redis.RedisConnectionFailureException: Cannot get Jedis connection; nested exception is redis.clients.jedis.exceptions.JedisConnectionException: Could not get a resource from the pool
Caused by: redis.clients.jedis.exceptions.JedisConnectionException: Could not get a resource from the pool
Caused by: redis.clients.jedis.exceptions.JedisConnectionException: java.net.ConnectException: Connection refused (Connection refused)
Caused by: java.net.ConnectException: Connection refused (Connection refused)
</error>
  </testcase>
  <testcase name="testDescendingIterator[2]" classname="org.springframework.data.redis.support.collections.RedisListTests" time="0.001">
    <error message="Cannot get Jedis connection; nested exception is redis.clients.jedis.exceptions.JedisConnectionException: Could not get a resource from the pool" type="org.springframework.data.redis.RedisConnectionFailureException">org.springframework.data.redis.RedisConnectionFailureException: Cannot get Jedis connection; nested exception is redis.clients.jedis.exceptions.JedisConnectionException: Could not get a resource from the pool
Caused by: redis.clients.jedis.exceptions.JedisConnectionException: Could not get a resource from the pool
Caused by: redis.clients.jedis.exceptions.JedisConnectionException: java.net.ConnectException: Connection refused (Connection refused)
Caused by: java.net.ConnectException: Connection refused (Connection refused)
</error>
  </testcase>
  <testcase name="testAddFirst[2]" classname="org.springframework.data.redis.support.collections.RedisListTests" time="0.001">
    <error message="Cannot get Jedis connection; nested exception is redis.clients.jedis.exceptions.JedisConnectionException: Could not get a resource from the pool" type="org.springframework.data.redis.RedisConnectionFailureException">org.springframework.data.redis.RedisConnectionFailureException: Cannot get Jedis connection; nested exception is redis.clients.jedis.exceptions.JedisConnectionException: Could not get a resource from the pool
Caused by: redis.clients.jedis.exceptions.JedisConnectionException: Could not get a resource from the pool
Caused by: redis.clients.jedis.exceptions.JedisConnectionException: java.net.ConnectException: Connection refused (Connection refused)
Caused by: java.net.ConnectException: Connection refused (Connection refused)
</error>
  </testcase>
  <testcase name="testAddFirst[2]" classname="org.springframework.data.redis.support.collections.RedisListTests" time="0.001">
    <error message="Cannot get Jedis connection; nested exception is redis.clients.jedis.exceptions.JedisConnectionException: Could not get a resource from the pool" type="org.springframework.data.redis.RedisConnectionFailureException">org.springframework.data.redis.RedisConnectionFailureException: Cannot get Jedis connection; nested exception is redis.clients.jedis.exceptions.JedisConnectionException: Could not get a resource from the pool
Caused by: redis.clients.jedis.exceptions.JedisConnectionException: Could not get a resource from the pool
Caused by: redis.clients.jedis.exceptions.JedisConnectionException: java.net.ConnectException: Connection refused (Connection refused)
Caused by: java.net.ConnectException: Connection refused (Connection refused)
</error>
  </testcase>
  <testcase name="testDrainToCollectionWithMaxElements[2]" classname="org.springframework.data.redis.support.collections.RedisListTests" time="0.001">
    <error message="Cannot get Jedis connection; nested exception is redis.clients.jedis.exceptions.JedisConnectionException: Could not get a resource from the pool" type="org.springframework.data.redis.RedisConnectionFailureException">org.springframework.data.redis.RedisConnectionFailureException: Cannot get Jedis connection; nested exception is redis.clients.jedis.exceptions.JedisConnectionException: Could not get a resource from the pool
Caused by: redis.clients.jedis.exceptions.JedisConnectionException: Could not get a resource from the pool
Caused by: redis.clients.jedis.exceptions.JedisConnectionException: java.net.ConnectException: Connection refused (Connection refused)
Caused by: java.net.ConnectException: Connection refused (Connection refused)
</error>
  </testcase>
  <testcase name="testDrainToCollectionWithMaxElements[2]" classname="org.springframework.data.redis.support.collections.RedisListTests" time="0.001">
    <error message="Cannot get Jedis connection; nested exception is redis.clients.jedis.exceptions.JedisConnectionException: Could not get a resource from the pool" type="org.springframework.data.redis.RedisConnectionFailureException">org.springframework.data.redis.RedisConnectionFailureException: Cannot get Jedis connection; nested exception is redis.clients.jedis.exceptions.JedisConnectionException: Could not get a resource from the pool
Caused by: redis.clients.jedis.exceptions.JedisConnectionException: Could not get a resource from the pool
Caused by: redis.clients.jedis.exceptions.JedisConnectionException: java.net.ConnectException: Connection refused (Connection refused)
Caused by: java.net.ConnectException: Connection refused (Connection refused)
</error>
  </testcase>
  <testcase name="testTakeLast[2]" classname="org.springframework.data.redis.support.collections.RedisListTests" time="0.001">
    <error message="Cannot get Jedis connection; nested exception is redis.clients.jedis.exceptions.JedisConnectionException: Could not get a resource from the pool" type="org.springframework.data.redis.RedisConnectionFailureException">org.springframework.data.redis.RedisConnectionFailureException: Cannot get Jedis connection; nested exception is redis.clients.jedis.exceptions.JedisConnectionException: Could not get a resource from the pool
Caused by: redis.clients.jedis.exceptions.JedisConnectionException: Could not get a resource from the pool
Caused by: redis.clients.jedis.exceptions.JedisConnectionException: java.net.ConnectException: Connection refused (Connection refused)
Caused by: java.net.ConnectException: Connection refused (Connection refused)
</error>
  </testcase>
  <testcase name="testTakeLast[2]" classname="org.springframework.data.redis.support.collections.RedisListTests" time="0.001">
    <error message="Cannot get Jedis connection; nested exception is redis.clients.jedis.exceptions.JedisConnectionException: Could not get a resource from the pool" type="org.springframework.data.redis.RedisConnectionFailureException">org.springframework.data.redis.RedisConnectionFailureException: Cannot get Jedis connection; nested exception is redis.clients.jedis.exceptions.JedisConnectionException: Could not get a resource from the pool
Caused by: redis.clients.jedis.exceptions.JedisConnectionException: Could not get a resource from the pool
Caused by: redis.clients.jedis.exceptions.JedisConnectionException: java.net.ConnectException: Connection refused (Connection refused)
Caused by: java.net.ConnectException: Connection refused (Connection refused)
</error>
  </testcase>
  <testcase name="testRemainingCapacity[2]" classname="org.springframework.data.redis.support.collections.RedisListTests" time="0.001">
    <error message="Cannot get Jedis connection; nested exception is redis.clients.jedis.exceptions.JedisConnectionException: Could not get a resource from the pool" type="org.springframework.data.redis.RedisConnectionFailureException">org.springframework.data.redis.RedisConnectionFailureException: Cannot get Jedis connection; nested exception is redis.clients.jedis.exceptions.JedisConnectionException: Could not get a resource from the pool
Caused by: redis.clients.jedis.exceptions.JedisConnectionException: Could not get a resource from the pool
Caused by: redis.clients.jedis.exceptions.JedisConnectionException: java.net.ConnectException: Connection refused (Connection refused)
Caused by: java.net.ConnectException: Connection refused (Connection refused)
</error>
  </testcase>
  <testcase name="testRemoveLast[2]" classname="org.springframework.data.redis.support.collections.RedisListTests" time="0.001">
    <error message="Cannot get Jedis connection; nested exception is redis.clients.jedis.exceptions.JedisConnectionException: Could not get a resource from the pool" type="org.springframework.data.redis.RedisConnectionFailureException">org.springframework.data.redis.RedisConnectionFailureException: Cannot get Jedis connection; nested exception is redis.clients.jedis.exceptions.JedisConnectionException: Could not get a resource from the pool
Caused by: redis.clients.jedis.exceptions.JedisConnectionException: Could not get a resource from the pool
Caused by: redis.clients.jedis.exceptions.JedisConnectionException: java.net.ConnectException: Connection refused (Connection refused)
Caused by: java.net.ConnectException: Connection refused (Connection refused)
</error>
  </testcase>
  <testcase name="testRemoveLast[2]" classname="org.springframework.data.redis.support.collections.RedisListTests" time="0.001">
    <error message="Cannot get Jedis connection; nested exception is redis.clients.jedis.exceptions.JedisConnectionException: Could not get a resource from the pool" type="org.springframework.data.redis.RedisConnectionFailureException">org.springframework.data.redis.RedisConnectionFailureException: Cannot get Jedis connection; nested exception is redis.clients.jedis.exceptions.JedisConnectionException: Could not get a resource from the pool
Caused by: redis.clients.jedis.exceptions.JedisConnectionException: Could not get a resource from the pool
Caused by: redis.clients.jedis.exceptions.JedisConnectionException: java.net.ConnectException: Connection refused (Connection refused)
Caused by: java.net.ConnectException: Connection refused (Connection refused)
</error>
  </testcase>
  <testcase name="testAddIndexObjectHead[2]" classname="org.springframework.data.redis.support.collections.RedisListTests" time="0">
    <error message="Cannot get Jedis connection; nested exception is redis.clients.jedis.exceptions.JedisConnectionException: Could not get a resource from the pool" type="org.springframework.data.redis.RedisConnectionFailureException">org.springframework.data.redis.RedisConnectionFailureException: Cannot get Jedis connection; nested exception is redis.clients.jedis.exceptions.JedisConnectionException: Could not get a resource from the pool
Caused by: redis.clients.jedis.exceptions.JedisConnectionException: Could not get a resource from the pool
Caused by: redis.clients.jedis.exceptions.JedisConnectionException: java.net.ConnectException: Connection refused (Connection refused)
Caused by: java.net.ConnectException: Connection refused (Connection refused)
</error>
  </testcase>
  <testcase name="testAddIndexObjectHead[2]" classname="org.springframework.data.redis.support.collections.RedisListTests" time="0.001">
    <error message="Cannot get Jedis connection; nested exception is redis.clients.jedis.exceptions.JedisConnectionException: Could not get a resource from the pool" type="org.springframework.data.redis.RedisConnectionFailureException">org.springframework.data.redis.RedisConnectionFailureException: Cannot get Jedis connection; nested exception is redis.clients.jedis.exceptions.JedisConnectionException: Could not get a resource from the pool
Caused by: redis.clients.jedis.exceptions.JedisConnectionException: Could not get a resource from the pool
Caused by: redis.clients.jedis.exceptions.JedisConnectionException: java.net.ConnectException: Connection refused (Connection refused)
Caused by: java.net.ConnectException: Connection refused (Connection refused)
</error>
  </testcase>
  <testcase name="testAddIndexObjectTail[2]" classname="org.springframework.data.redis.support.collections.RedisListTests" time="0.001">
    <error message="Cannot get Jedis connection; nested exception is redis.clients.jedis.exceptions.JedisConnectionException: Could not get a resource from the pool" type="org.springframework.data.redis.RedisConnectionFailureException">org.springframework.data.redis.RedisConnectionFailureException: Cannot get Jedis connection; nested exception is redis.clients.jedis.exceptions.JedisConnectionException: Could not get a resource from the pool
Caused by: redis.clients.jedis.exceptions.JedisConnectionException: Could not get a resource from the pool
Caused by: redis.clients.jedis.exceptions.JedisConnectionException: java.net.ConnectException: Connection refused (Connection refused)
Caused by: java.net.ConnectException: Connection refused (Connection refused)
</error>
  </testcase>
  <testcase name="testAddIndexObjectTail[2]" classname="org.springframework.data.redis.support.collections.RedisListTests" time="0.001">
    <error message="Cannot get Jedis connection; nested exception is redis.clients.jedis.exceptions.JedisConnectionException: Could not get a resource from the pool" type="org.springframework.data.redis.RedisConnectionFailureException">org.springframework.data.redis.RedisConnectionFailureException: Cannot get Jedis connection; nested exception is redis.clients.jedis.exceptions.JedisConnectionException: Could not get a resource from the pool
Caused by: redis.clients.jedis.exceptions.JedisConnectionException: Could not get a resource from the pool
Caused by: redis.clients.jedis.exceptions.JedisConnectionException: java.net.ConnectException: Connection refused (Connection refused)
Caused by: java.net.ConnectException: Connection refused (Connection refused)
</error>
  </testcase>
  <testcase name="testPollFirst[2]" classname="org.springframework.data.redis.support.collections.RedisListTests" time="0.001">
    <error message="Cannot get Jedis connection; nested exception is redis.clients.jedis.exceptions.JedisConnectionException: Could not get a resource from the pool" type="org.springframework.data.redis.RedisConnectionFailureException">org.springframework.data.redis.RedisConnectionFailureException: Cannot get Jedis connection; nested exception is redis.clients.jedis.exceptions.JedisConnectionException: Could not get a resource from the pool
Caused by: redis.clients.jedis.exceptions.JedisConnectionException: Could not get a resource from the pool
Caused by: redis.clients.jedis.exceptions.JedisConnectionException: java.net.ConnectException: Connection refused (Connection refused)
Caused by: java.net.ConnectException: Connection refused (Connection refused)
</error>
  </testcase>
  <testcase name="testPollFirst[2]" classname="org.springframework.data.redis.support.collections.RedisListTests" time="0.002">
    <error message="Cannot get Jedis connection; nested exception is redis.clients.jedis.exceptions.JedisConnectionException: Could not get a resource from the pool" type="org.springframework.data.redis.RedisConnectionFailureException">org.springframework.data.redis.RedisConnectionFailureException: Cannot get Jedis connection; nested exception is redis.clients.jedis.exceptions.JedisConnectionException: Could not get a resource from the pool
Caused by: redis.clients.jedis.exceptions.JedisConnectionException: Could not get a resource from the pool
Caused by: redis.clients.jedis.exceptions.JedisConnectionException: java.net.ConnectException: Connection refused (Connection refused)
Caused by: java.net.ConnectException: Connection refused (Connection refused)
</error>
  </testcase>
  <testcase name="testAddIndexObjectMiddle[2]" classname="org.springframework.data.redis.support.collections.RedisListTests" time="0.001">
    <error message="Unexpected exception, expected&lt;java.lang.IllegalArgumentException&gt; but was&lt;org.springframework.data.redis.RedisConnectionFailureException&gt;" type="java.lang.Exception"><![CDATA[java.lang.Exception: Unexpected exception, expected<java.lang.IllegalArgumentException> but was<org.springframework.data.redis.RedisConnectionFailureException>
Caused by: org.springframework.data.redis.RedisConnectionFailureException: Cannot get Jedis connection; nested exception is redis.clients.jedis.exceptions.JedisConnectionException: Could not get a resource from the pool
Caused by: redis.clients.jedis.exceptions.JedisConnectionException: Could not get a resource from the pool
Caused by: redis.clients.jedis.exceptions.JedisConnectionException: java.net.ConnectException: Connection refused (Connection refused)
Caused by: java.net.ConnectException: Connection refused (Connection refused)
]]></error>
  </testcase>
  <testcase name="testAddIndexObjectMiddle[2]" classname="org.springframework.data.redis.support.collections.RedisListTests" time="0.001">
    <error message="Cannot get Jedis connection; nested exception is redis.clients.jedis.exceptions.JedisConnectionException: Could not get a resource from the pool" type="org.springframework.data.redis.RedisConnectionFailureException">org.springframework.data.redis.RedisConnectionFailureException: Cannot get Jedis connection; nested exception is redis.clients.jedis.exceptions.JedisConnectionException: Could not get a resource from the pool
Caused by: redis.clients.jedis.exceptions.JedisConnectionException: Could not get a resource from the pool
Caused by: redis.clients.jedis.exceptions.JedisConnectionException: java.net.ConnectException: Connection refused (Connection refused)
Caused by: java.net.ConnectException: Connection refused (Connection refused)
</error>
  </testcase>
  <testcase name="testPeekLast[2]" classname="org.springframework.data.redis.support.collections.RedisListTests" time="0.001">
    <error message="Cannot get Jedis connection; nested exception is redis.clients.jedis.exceptions.JedisConnectionException: Could not get a resource from the pool" type="org.springframework.data.redis.RedisConnectionFailureException">org.springframework.data.redis.RedisConnectionFailureException: Cannot get Jedis connection; nested exception is redis.clients.jedis.exceptions.JedisConnectionException: Could not get a resource from the pool
Caused by: redis.clients.jedis.exceptions.JedisConnectionException: Could not get a resource from the pool
Caused by: redis.clients.jedis.exceptions.JedisConnectionException: java.net.ConnectException: Connection refused (Connection refused)
Caused by: java.net.ConnectException: Connection refused (Connection refused)
</error>
  </testcase>
  <testcase name="testPeekLast[2]" classname="org.springframework.data.redis.support.collections.RedisListTests" time="0.001">
    <error message="Cannot get Jedis connection; nested exception is redis.clients.jedis.exceptions.JedisConnectionException: Could not get a resource from the pool" type="org.springframework.data.redis.RedisConnectionFailureException">org.springframework.data.redis.RedisConnectionFailureException: Cannot get Jedis connection; nested exception is redis.clients.jedis.exceptions.JedisConnectionException: Could not get a resource from the pool
Caused by: redis.clients.jedis.exceptions.JedisConnectionException: Could not get a resource from the pool
Caused by: redis.clients.jedis.exceptions.JedisConnectionException: java.net.ConnectException: Connection refused (Connection refused)
Caused by: java.net.ConnectException: Connection refused (Connection refused)
</error>
  </testcase>
  <testcase name="testRemoveFirstOccurrence[2]" classname="org.springframework.data.redis.support.collections.RedisListTests" time="0">
    <error message="Cannot get Jedis connection; nested exception is redis.clients.jedis.exceptions.JedisConnectionException: Could not get a resource from the pool" type="org.springframework.data.redis.RedisConnectionFailureException">org.springframework.data.redis.RedisConnectionFailureException: Cannot get Jedis connection; nested exception is redis.clients.jedis.exceptions.JedisConnectionException: Could not get a resource from the pool
Caused by: redis.clients.jedis.exceptions.JedisConnectionException: Could not get a resource from the pool
Caused by: redis.clients.jedis.exceptions.JedisConnectionException: java.net.ConnectException: Connection refused (Connection refused)
Caused by: java.net.ConnectException: Connection refused (Connection refused)
</error>
  </testcase>
  <testcase name="testRemoveFirstOccurrence[2]" classname="org.springframework.data.redis.support.collections.RedisListTests" time="0.001">
    <error message="Cannot get Jedis connection; nested exception is redis.clients.jedis.exceptions.JedisConnectionException: Could not get a resource from the pool" type="org.springframework.data.redis.RedisConnectionFailureException">org.springframework.data.redis.RedisConnectionFailureException: Cannot get Jedis connection; nested exception is redis.clients.jedis.exceptions.JedisConnectionException: Could not get a resource from the pool
Caused by: redis.clients.jedis.exceptions.JedisConnectionException: Could not get a resource from the pool
Caused by: redis.clients.jedis.exceptions.JedisConnectionException: java.net.ConnectException: Connection refused (Connection refused)
Caused by: java.net.ConnectException: Connection refused (Connection refused)
</error>
  </testcase>
  <testcase name="addAllIndexCollectionHead[2]" classname="org.springframework.data.redis.support.collections.RedisListTests" time="0.001">
    <error message="Cannot get Jedis connection; nested exception is redis.clients.jedis.exceptions.JedisConnectionException: Could not get a resource from the pool" type="org.springframework.data.redis.RedisConnectionFailureException">org.springframework.data.redis.RedisConnectionFailureException: Cannot get Jedis connection; nested exception is redis.clients.jedis.exceptions.JedisConnectionException: Could not get a resource from the pool
Caused by: redis.clients.jedis.exceptions.JedisConnectionException: Could not get a resource from the pool
Caused by: redis.clients.jedis.exceptions.JedisConnectionException: java.net.ConnectException: Connection refused (Connection refused)
Caused by: java.net.ConnectException: Connection refused (Connection refused)
</error>
  </testcase>
  <testcase name="addAllIndexCollectionHead[2]" classname="org.springframework.data.redis.support.collections.RedisListTests" time="0.001">
    <error message="Cannot get Jedis connection; nested exception is redis.clients.jedis.exceptions.JedisConnectionException: Could not get a resource from the pool" type="org.springframework.data.redis.RedisConnectionFailureException">org.springframework.data.redis.RedisConnectionFailureException: Cannot get Jedis connection; nested exception is redis.clients.jedis.exceptions.JedisConnectionException: Could not get a resource from the pool
Caused by: redis.clients.jedis.exceptions.JedisConnectionException: Could not get a resource from the pool
Caused by: redis.clients.jedis.exceptions.JedisConnectionException: java.net.ConnectException: Connection refused (Connection refused)
Caused by: java.net.ConnectException: Connection refused (Connection refused)
</error>
  </testcase>
  <testcase name="addAllIndexCollectionTail[2]" classname="org.springframework.data.redis.support.collections.RedisListTests" time="0.001">
    <error message="Cannot get Jedis connection; nested exception is redis.clients.jedis.exceptions.JedisConnectionException: Could not get a resource from the pool" type="org.springframework.data.redis.RedisConnectionFailureException">org.springframework.data.redis.RedisConnectionFailureException: Cannot get Jedis connection; nested exception is redis.clients.jedis.exceptions.JedisConnectionException: Could not get a resource from the pool
Caused by: redis.clients.jedis.exceptions.JedisConnectionException: Could not get a resource from the pool
Caused by: redis.clients.jedis.exceptions.JedisConnectionException: java.net.ConnectException: Connection refused (Connection refused)
Caused by: java.net.ConnectException: Connection refused (Connection refused)
</error>
  </testcase>
  <testcase name="addAllIndexCollectionTail[2]" classname="org.springframework.data.redis.support.collections.RedisListTests" time="0.001">
    <error message="Cannot get Jedis connection; nested exception is redis.clients.jedis.exceptions.JedisConnectionException: Could not get a resource from the pool" type="org.springframework.data.redis.RedisConnectionFailureException">org.springframework.data.redis.RedisConnectionFailureException: Cannot get Jedis connection; nested exception is redis.clients.jedis.exceptions.JedisConnectionException: Could not get a resource from the pool
Caused by: redis.clients.jedis.exceptions.JedisConnectionException: Could not get a resource from the pool
Caused by: redis.clients.jedis.exceptions.JedisConnectionException: java.net.ConnectException: Connection refused (Connection refused)
Caused by: java.net.ConnectException: Connection refused (Connection refused)
</error>
  </testcase>
  <testcase name="addAllIndexCollectionMiddle[2]" classname="org.springframework.data.redis.support.collections.RedisListTests" time="0">
    <error message="Unexpected exception, expected&lt;java.lang.IllegalArgumentException&gt; but was&lt;org.springframework.data.redis.RedisConnectionFailureException&gt;" type="java.lang.Exception"><![CDATA[java.lang.Exception: Unexpected exception, expected<java.lang.IllegalArgumentException> but was<org.springframework.data.redis.RedisConnectionFailureException>
Caused by: org.springframework.data.redis.RedisConnectionFailureException: Cannot get Jedis connection; nested exception is redis.clients.jedis.exceptions.JedisConnectionException: Could not get a resource from the pool
Caused by: redis.clients.jedis.exceptions.JedisConnectionException: Could not get a resource from the pool
Caused by: redis.clients.jedis.exceptions.JedisConnectionException: java.net.ConnectException: Connection refused (Connection refused)
Caused by: java.net.ConnectException: Connection refused (Connection refused)
]]></error>
  </testcase>
  <testcase name="addAllIndexCollectionMiddle[2]" classname="org.springframework.data.redis.support.collections.RedisListTests" time="0.001">
    <error message="Cannot get Jedis connection; nested exception is redis.clients.jedis.exceptions.JedisConnectionException: Could not get a resource from the pool" type="org.springframework.data.redis.RedisConnectionFailureException">org.springframework.data.redis.RedisConnectionFailureException: Cannot get Jedis connection; nested exception is redis.clients.jedis.exceptions.JedisConnectionException: Could not get a resource from the pool
Caused by: redis.clients.jedis.exceptions.JedisConnectionException: Could not get a resource from the pool
Caused by: redis.clients.jedis.exceptions.JedisConnectionException: java.net.ConnectException: Connection refused (Connection refused)
Caused by: java.net.ConnectException: Connection refused (Connection refused)
</error>
  </testcase>
  <testcase name="testPollLast[2]" classname="org.springframework.data.redis.support.collections.RedisListTests" time="0.001">
    <error message="Cannot get Jedis connection; nested exception is redis.clients.jedis.exceptions.JedisConnectionException: Could not get a resource from the pool" type="org.springframework.data.redis.RedisConnectionFailureException">org.springframework.data.redis.RedisConnectionFailureException: Cannot get Jedis connection; nested exception is redis.clients.jedis.exceptions.JedisConnectionException: Could not get a resource from the pool
Caused by: redis.clients.jedis.exceptions.JedisConnectionException: Could not get a resource from the pool
Caused by: redis.clients.jedis.exceptions.JedisConnectionException: java.net.ConnectException: Connection refused (Connection refused)
Caused by: java.net.ConnectException: Connection refused (Connection refused)
</error>
  </testcase>
  <testcase name="testPollLast[2]" classname="org.springframework.data.redis.support.collections.RedisListTests" time="0.001">
    <error message="Cannot get Jedis connection; nested exception is redis.clients.jedis.exceptions.JedisConnectionException: Could not get a resource from the pool" type="org.springframework.data.redis.RedisConnectionFailureException">org.springframework.data.redis.RedisConnectionFailureException: Cannot get Jedis connection; nested exception is redis.clients.jedis.exceptions.JedisConnectionException: Could not get a resource from the pool
Caused by: redis.clients.jedis.exceptions.JedisConnectionException: Could not get a resource from the pool
Caused by: redis.clients.jedis.exceptions.JedisConnectionException: java.net.ConnectException: Connection refused (Connection refused)
Caused by: java.net.ConnectException: Connection refused (Connection refused)
</error>
  </testcase>
  <testcase name="testIndexOfObject[2]" classname="org.springframework.data.redis.support.collections.RedisListTests" time="0.001">
    <error message="Cannot get Jedis connection; nested exception is redis.clients.jedis.exceptions.JedisConnectionException: Could not get a resource from the pool" type="org.springframework.data.redis.RedisConnectionFailureException">org.springframework.data.redis.RedisConnectionFailureException: Cannot get Jedis connection; nested exception is redis.clients.jedis.exceptions.JedisConnectionException: Could not get a resource from the pool
Caused by: redis.clients.jedis.exceptions.JedisConnectionException: Could not get a resource from the pool
Caused by: redis.clients.jedis.exceptions.JedisConnectionException: java.net.ConnectException: Connection refused (Connection refused)
Caused by: java.net.ConnectException: Connection refused (Connection refused)
</error>
  </testcase>
  <testcase name="testPollTimeout[2]" classname="org.springframework.data.redis.support.collections.RedisListTests" time="0.001">
    <error message="Cannot get Jedis connection; nested exception is redis.clients.jedis.exceptions.JedisConnectionException: Could not get a resource from the pool" type="org.springframework.data.redis.RedisConnectionFailureException">org.springframework.data.redis.RedisConnectionFailureException: Cannot get Jedis connection; nested exception is redis.clients.jedis.exceptions.JedisConnectionException: Could not get a resource from the pool
Caused by: redis.clients.jedis.exceptions.JedisConnectionException: Could not get a resource from the pool
Caused by: redis.clients.jedis.exceptions.JedisConnectionException: java.net.ConnectException: Connection refused (Connection refused)
Caused by: java.net.ConnectException: Connection refused (Connection refused)
</error>
  </testcase>
  <testcase name="testPollTimeout[2]" classname="org.springframework.data.redis.support.collections.RedisListTests" time="0.001">
    <error message="Cannot get Jedis connection; nested exception is redis.clients.jedis.exceptions.JedisConnectionException: Could not get a resource from the pool" type="org.springframework.data.redis.RedisConnectionFailureException">org.springframework.data.redis.RedisConnectionFailureException: Cannot get Jedis connection; nested exception is redis.clients.jedis.exceptions.JedisConnectionException: Could not get a resource from the pool
Caused by: redis.clients.jedis.exceptions.JedisConnectionException: Could not get a resource from the pool
Caused by: redis.clients.jedis.exceptions.JedisConnectionException: java.net.ConnectException: Connection refused (Connection refused)
Caused by: java.net.ConnectException: Connection refused (Connection refused)
</error>
  </testcase>
  <testcase name="testRemove[2]" classname="org.springframework.data.redis.support.collections.RedisListTests" time="0.001">
    <error message="Cannot get Jedis connection; nested exception is redis.clients.jedis.exceptions.JedisConnectionException: Could not get a resource from the pool" type="org.springframework.data.redis.RedisConnectionFailureException">org.springframework.data.redis.RedisConnectionFailureException: Cannot get Jedis connection; nested exception is redis.clients.jedis.exceptions.JedisConnectionException: Could not get a resource from the pool
Caused by: redis.clients.jedis.exceptions.JedisConnectionException: Could not get a resource from the pool
Caused by: redis.clients.jedis.exceptions.JedisConnectionException: java.net.ConnectException: Connection refused (Connection refused)
Caused by: java.net.ConnectException: Connection refused (Connection refused)
</error>
  </testcase>
  <testcase name="testRemove[2]" classname="org.springframework.data.redis.support.collections.RedisListTests" time="0.001">
    <error message="Cannot get Jedis connection; nested exception is redis.clients.jedis.exceptions.JedisConnectionException: Could not get a resource from the pool" type="org.springframework.data.redis.RedisConnectionFailureException">org.springframework.data.redis.RedisConnectionFailureException: Cannot get Jedis connection; nested exception is redis.clients.jedis.exceptions.JedisConnectionException: Could not get a resource from the pool
Caused by: redis.clients.jedis.exceptions.JedisConnectionException: Could not get a resource from the pool
Caused by: redis.clients.jedis.exceptions.JedisConnectionException: java.net.ConnectException: Connection refused (Connection refused)
Caused by: java.net.ConnectException: Connection refused (Connection refused)
</error>
  </testcase>
  <testcase name="testCappedCollection[2]" classname="org.springframework.data.redis.support.collections.RedisListTests" time="0">
    <error message="Cannot get Jedis connection; nested exception is redis.clients.jedis.exceptions.JedisConnectionException: Could not get a resource from the pool" type="org.springframework.data.redis.RedisConnectionFailureException">org.springframework.data.redis.RedisConnectionFailureException: Cannot get Jedis connection; nested exception is redis.clients.jedis.exceptions.JedisConnectionException: Could not get a resource from the pool
Caused by: redis.clients.jedis.exceptions.JedisConnectionException: Could not get a resource from the pool
Caused by: redis.clients.jedis.exceptions.JedisConnectionException: java.net.ConnectException: Connection refused (Connection refused)
Caused by: java.net.ConnectException: Connection refused (Connection refused)
</error>
  </testcase>
  <testcase name="testCappedCollection[2]" classname="org.springframework.data.redis.support.collections.RedisListTests" time="0.001">
    <error message="Cannot get Jedis connection; nested exception is redis.clients.jedis.exceptions.JedisConnectionException: Could not get a resource from the pool" type="org.springframework.data.redis.RedisConnectionFailureException">org.springframework.data.redis.RedisConnectionFailureException: Cannot get Jedis connection; nested exception is redis.clients.jedis.exceptions.JedisConnectionException: Could not get a resource from the pool
Caused by: redis.clients.jedis.exceptions.JedisConnectionException: Could not get a resource from the pool
Caused by: redis.clients.jedis.exceptions.JedisConnectionException: java.net.ConnectException: Connection refused (Connection refused)
Caused by: java.net.ConnectException: Connection refused (Connection refused)
</error>
  </testcase>
  <testcase name="testRmoveLastOccurrence[2]" classname="org.springframework.data.redis.support.collections.RedisListTests" time="0.001">
    <error message="Cannot get Jedis connection; nested exception is redis.clients.jedis.exceptions.JedisConnectionException: Could not get a resource from the pool" type="org.springframework.data.redis.RedisConnectionFailureException">org.springframework.data.redis.RedisConnectionFailureException: Cannot get Jedis connection; nested exception is redis.clients.jedis.exceptions.JedisConnectionException: Could not get a resource from the pool
Caused by: redis.clients.jedis.exceptions.JedisConnectionException: Could not get a resource from the pool
Caused by: redis.clients.jedis.exceptions.JedisConnectionException: java.net.ConnectException: Connection refused (Connection refused)
Caused by: java.net.ConnectException: Connection refused (Connection refused)
</error>
  </testcase>
  <testcase name="testRmoveLastOccurrence[2]" classname="org.springframework.data.redis.support.collections.RedisListTests" time="0.001">
    <error message="Cannot get Jedis connection; nested exception is redis.clients.jedis.exceptions.JedisConnectionException: Could not get a resource from the pool" type="org.springframework.data.redis.RedisConnectionFailureException">org.springframework.data.redis.RedisConnectionFailureException: Cannot get Jedis connection; nested exception is redis.clients.jedis.exceptions.JedisConnectionException: Could not get a resource from the pool
Caused by: redis.clients.jedis.exceptions.JedisConnectionException: Could not get a resource from the pool
Caused by: redis.clients.jedis.exceptions.JedisConnectionException: java.net.ConnectException: Connection refused (Connection refused)
Caused by: java.net.ConnectException: Connection refused (Connection refused)
</error>
  </testcase>
  <testcase name="testTakeFirst[2]" classname="org.springframework.data.redis.support.collections.RedisListTests" time="0.001">
    <error message="Cannot get Jedis connection; nested exception is redis.clients.jedis.exceptions.JedisConnectionException: Could not get a resource from the pool" type="org.springframework.data.redis.RedisConnectionFailureException">org.springframework.data.redis.RedisConnectionFailureException: Cannot get Jedis connection; nested exception is redis.clients.jedis.exceptions.JedisConnectionException: Could not get a resource from the pool
Caused by: redis.clients.jedis.exceptions.JedisConnectionException: Could not get a resource from the pool
Caused by: redis.clients.jedis.exceptions.JedisConnectionException: java.net.ConnectException: Connection refused (Connection refused)
Caused by: java.net.ConnectException: Connection refused (Connection refused)
</error>
  </testcase>
  <testcase name="testTakeFirst[2]" classname="org.springframework.data.redis.support.collections.RedisListTests" time="0.001">
    <error message="Cannot get Jedis connection; nested exception is redis.clients.jedis.exceptions.JedisConnectionException: Could not get a resource from the pool" type="org.springframework.data.redis.RedisConnectionFailureException">org.springframework.data.redis.RedisConnectionFailureException: Cannot get Jedis connection; nested exception is redis.clients.jedis.exceptions.JedisConnectionException: Could not get a resource from the pool
Caused by: redis.clients.jedis.exceptions.JedisConnectionException: Could not get a resource from the pool
Caused by: redis.clients.jedis.exceptions.JedisConnectionException: java.net.ConnectException: Connection refused (Connection refused)
Caused by: java.net.ConnectException: Connection refused (Connection refused)
</error>
  </testcase>
  <testcase name="testContainsObject[2]" classname="org.springframework.data.redis.support.collections.RedisListTests" time="0">
    <error message="Cannot get Jedis connection; nested exception is redis.clients.jedis.exceptions.JedisConnectionException: Could not get a resource from the pool" type="org.springframework.data.redis.RedisConnectionFailureException">org.springframework.data.redis.RedisConnectionFailureException: Cannot get Jedis connection; nested exception is redis.clients.jedis.exceptions.JedisConnectionException: Could not get a resource from the pool
Caused by: redis.clients.jedis.exceptions.JedisConnectionException: Could not get a resource from the pool
Caused by: redis.clients.jedis.exceptions.JedisConnectionException: java.net.ConnectException: Connection refused (Connection refused)
Caused by: java.net.ConnectException: Connection refused (Connection refused)
</error>
  </testcase>
  <testcase name="testContainsObject[2]" classname="org.springframework.data.redis.support.collections.RedisListTests" time="0.001">
    <error message="Cannot get Jedis connection; nested exception is redis.clients.jedis.exceptions.JedisConnectionException: Could not get a resource from the pool" type="org.springframework.data.redis.RedisConnectionFailureException">org.springframework.data.redis.RedisConnectionFailureException: Cannot get Jedis connection; nested exception is redis.clients.jedis.exceptions.JedisConnectionException: Could not get a resource from the pool
Caused by: redis.clients.jedis.exceptions.JedisConnectionException: Could not get a resource from the pool
Caused by: redis.clients.jedis.exceptions.JedisConnectionException: java.net.ConnectException: Connection refused (Connection refused)
Caused by: java.net.ConnectException: Connection refused (Connection refused)
</error>
  </testcase>
  <testcase name="testToArray[2]" classname="org.springframework.data.redis.support.collections.RedisListTests" time="0.001">
    <error message="Cannot get Jedis connection; nested exception is redis.clients.jedis.exceptions.JedisConnectionException: Could not get a resource from the pool" type="org.springframework.data.redis.RedisConnectionFailureException">org.springframework.data.redis.RedisConnectionFailureException: Cannot get Jedis connection; nested exception is redis.clients.jedis.exceptions.JedisConnectionException: Could not get a resource from the pool
Caused by: redis.clients.jedis.exceptions.JedisConnectionException: Could not get a resource from the pool
Caused by: redis.clients.jedis.exceptions.JedisConnectionException: java.net.ConnectException: Connection refused (Connection refused)
Caused by: java.net.ConnectException: Connection refused (Connection refused)
</error>
  </testcase>
  <testcase name="testToArray[2]" classname="org.springframework.data.redis.support.collections.RedisListTests" time="0.001">
    <error message="Cannot get Jedis connection; nested exception is redis.clients.jedis.exceptions.JedisConnectionException: Could not get a resource from the pool" type="org.springframework.data.redis.RedisConnectionFailureException">org.springframework.data.redis.RedisConnectionFailureException: Cannot get Jedis connection; nested exception is redis.clients.jedis.exceptions.JedisConnectionException: Could not get a resource from the pool
Caused by: redis.clients.jedis.exceptions.JedisConnectionException: Could not get a resource from the pool
Caused by: redis.clients.jedis.exceptions.JedisConnectionException: java.net.ConnectException: Connection refused (Connection refused)
Caused by: java.net.ConnectException: Connection refused (Connection refused)
</error>
  </testcase>
  <testcase name="testAdd[2]" classname="org.springframework.data.redis.support.collections.RedisListTests" time="0.001">
    <error message="Cannot get Jedis connection; nested exception is redis.clients.jedis.exceptions.JedisConnectionException: Could not get a resource from the pool" type="org.springframework.data.redis.RedisConnectionFailureException">org.springframework.data.redis.RedisConnectionFailureException: Cannot get Jedis connection; nested exception is redis.clients.jedis.exceptions.JedisConnectionException: Could not get a resource from the pool
Caused by: redis.clients.jedis.exceptions.JedisConnectionException: Could not get a resource from the pool
Caused by: redis.clients.jedis.exceptions.JedisConnectionException: java.net.ConnectException: Connection refused (Connection refused)
Caused by: java.net.ConnectException: Connection refused (Connection refused)
</error>
  </testcase>
  <testcase name="testAdd[2]" classname="org.springframework.data.redis.support.collections.RedisListTests" time="0.001">
    <error message="Cannot get Jedis connection; nested exception is redis.clients.jedis.exceptions.JedisConnectionException: Could not get a resource from the pool" type="org.springframework.data.redis.RedisConnectionFailureException">org.springframework.data.redis.RedisConnectionFailureException: Cannot get Jedis connection; nested exception is redis.clients.jedis.exceptions.JedisConnectionException: Could not get a resource from the pool
Caused by: redis.clients.jedis.exceptions.JedisConnectionException: Could not get a resource from the pool
Caused by: redis.clients.jedis.exceptions.JedisConnectionException: java.net.ConnectException: Connection refused (Connection refused)
Caused by: java.net.ConnectException: Connection refused (Connection refused)
</error>
  </testcase>
  <testcase name="testClear[2]" classname="org.springframework.data.redis.support.collections.RedisListTests" time="0">
    <error message="Cannot get Jedis connection; nested exception is redis.clients.jedis.exceptions.JedisConnectionException: Could not get a resource from the pool" type="org.springframework.data.redis.RedisConnectionFailureException">org.springframework.data.redis.RedisConnectionFailureException: Cannot get Jedis connection; nested exception is redis.clients.jedis.exceptions.JedisConnectionException: Could not get a resource from the pool
Caused by: redis.clients.jedis.exceptions.JedisConnectionException: Could not get a resource from the pool
Caused by: redis.clients.jedis.exceptions.JedisConnectionException: java.net.ConnectException: Connection refused (Connection refused)
Caused by: java.net.ConnectException: Connection refused (Connection refused)
</error>
  </testcase>
  <testcase name="testClear[2]" classname="org.springframework.data.redis.support.collections.RedisListTests" time="0.001">
    <error message="Cannot get Jedis connection; nested exception is redis.clients.jedis.exceptions.JedisConnectionException: Could not get a resource from the pool" type="org.springframework.data.redis.RedisConnectionFailureException">org.springframework.data.redis.RedisConnectionFailureException: Cannot get Jedis connection; nested exception is redis.clients.jedis.exceptions.JedisConnectionException: Could not get a resource from the pool
Caused by: redis.clients.jedis.exceptions.JedisConnectionException: Could not get a resource from the pool
Caused by: redis.clients.jedis.exceptions.JedisConnectionException: java.net.ConnectException: Connection refused (Connection refused)
Caused by: java.net.ConnectException: Connection refused (Connection refused)
</error>
  </testcase>
  <testcase name="testSize[2]" classname="org.springframework.data.redis.support.collections.RedisListTests" time="0.001">
    <error message="Cannot get Jedis connection; nested exception is redis.clients.jedis.exceptions.JedisConnectionException: Could not get a resource from the pool" type="org.springframework.data.redis.RedisConnectionFailureException">org.springframework.data.redis.RedisConnectionFailureException: Cannot get Jedis connection; nested exception is redis.clients.jedis.exceptions.JedisConnectionException: Could not get a resource from the pool
Caused by: redis.clients.jedis.exceptions.JedisConnectionException: Could not get a resource from the pool
Caused by: redis.clients.jedis.exceptions.JedisConnectionException: java.net.ConnectException: Connection refused (Connection refused)
Caused by: java.net.ConnectException: Connection refused (Connection refused)
</error>
  </testcase>
  <testcase name="testSize[2]" classname="org.springframework.data.redis.support.collections.RedisListTests" time="0.001">
    <error message="Cannot get Jedis connection; nested exception is redis.clients.jedis.exceptions.JedisConnectionException: Could not get a resource from the pool" type="org.springframework.data.redis.RedisConnectionFailureException">org.springframework.data.redis.RedisConnectionFailureException: Cannot get Jedis connection; nested exception is redis.clients.jedis.exceptions.JedisConnectionException: Could not get a resource from the pool
Caused by: redis.clients.jedis.exceptions.JedisConnectionException: Could not get a resource from the pool
Caused by: redis.clients.jedis.exceptions.JedisConnectionException: java.net.ConnectException: Connection refused (Connection refused)
Caused by: java.net.ConnectException: Connection refused (Connection refused)
</error>
  </testcase>
  <testcase name="testToString[2]" classname="org.springframework.data.redis.support.collections.RedisListTests" time="0.001">
    <error message="Cannot get Jedis connection; nested exception is redis.clients.jedis.exceptions.JedisConnectionException: Could not get a resource from the pool" type="org.springframework.data.redis.RedisConnectionFailureException">org.springframework.data.redis.RedisConnectionFailureException: Cannot get Jedis connection; nested exception is redis.clients.jedis.exceptions.JedisConnectionException: Could not get a resource from the pool
Caused by: redis.clients.jedis.exceptions.JedisConnectionException: Could not get a resource from the pool
Caused by: redis.clients.jedis.exceptions.JedisConnectionException: java.net.ConnectException: Connection refused (Connection refused)
Caused by: java.net.ConnectException: Connection refused (Connection refused)
</error>
  </testcase>
  <testcase name="testToString[2]" classname="org.springframework.data.redis.support.collections.RedisListTests" time="0.001">
    <error message="Cannot get Jedis connection; nested exception is redis.clients.jedis.exceptions.JedisConnectionException: Could not get a resource from the pool" type="org.springframework.data.redis.RedisConnectionFailureException">org.springframework.data.redis.RedisConnectionFailureException: Cannot get Jedis connection; nested exception is redis.clients.jedis.exceptions.JedisConnectionException: Could not get a resource from the pool
Caused by: redis.clients.jedis.exceptions.JedisConnectionException: Could not get a resource from the pool
Caused by: redis.clients.jedis.exceptions.JedisConnectionException: java.net.ConnectException: Connection refused (Connection refused)
Caused by: java.net.ConnectException: Connection refused (Connection refused)
</error>
  </testcase>
  <testcase name="testContainsAll[2]" classname="org.springframework.data.redis.support.collections.RedisListTests" time="0.001">
    <error message="Cannot get Jedis connection; nested exception is redis.clients.jedis.exceptions.JedisConnectionException: Could not get a resource from the pool" type="org.springframework.data.redis.RedisConnectionFailureException">org.springframework.data.redis.RedisConnectionFailureException: Cannot get Jedis connection; nested exception is redis.clients.jedis.exceptions.JedisConnectionException: Could not get a resource from the pool
Caused by: redis.clients.jedis.exceptions.JedisConnectionException: Could not get a resource from the pool
Caused by: redis.clients.jedis.exceptions.JedisConnectionException: java.net.ConnectException: Connection refused (Connection refused)
Caused by: java.net.ConnectException: Connection refused (Connection refused)
</error>
  </testcase>
  <testcase name="testContainsAll[2]" classname="org.springframework.data.redis.support.collections.RedisListTests" time="0.002">
    <error message="Cannot get Jedis connection; nested exception is redis.clients.jedis.exceptions.JedisConnectionException: Could not get a resource from the pool" type="org.springframework.data.redis.RedisConnectionFailureException">org.springframework.data.redis.RedisConnectionFailureException: Cannot get Jedis connection; nested exception is redis.clients.jedis.exceptions.JedisConnectionException: Could not get a resource from the pool
Caused by: redis.clients.jedis.exceptions.JedisConnectionException: Could not get a resource from the pool
Caused by: redis.clients.jedis.exceptions.JedisConnectionException: java.net.ConnectException: Connection refused (Connection refused)
Caused by: java.net.ConnectException: Connection refused (Connection refused)
</error>
  </testcase>
  <testcase name="testRemoveObject[2]" classname="org.springframework.data.redis.support.collections.RedisListTests" time="0.001">
    <error message="Cannot get Jedis connection; nested exception is redis.clients.jedis.exceptions.JedisConnectionException: Could not get a resource from the pool" type="org.springframework.data.redis.RedisConnectionFailureException">org.springframework.data.redis.RedisConnectionFailureException: Cannot get Jedis connection; nested exception is redis.clients.jedis.exceptions.JedisConnectionException: Could not get a resource from the pool
Caused by: redis.clients.jedis.exceptions.JedisConnectionException: Could not get a resource from the pool
Caused by: redis.clients.jedis.exceptions.JedisConnectionException: java.net.ConnectException: Connection refused (Connection refused)
Caused by: java.net.ConnectException: Connection refused (Connection refused)
</error>
  </testcase>
  <testcase name="testRemoveObject[2]" classname="org.springframework.data.redis.support.collections.RedisListTests" time="0.001">
    <error message="Cannot get Jedis connection; nested exception is redis.clients.jedis.exceptions.JedisConnectionException: Could not get a resource from the pool" type="org.springframework.data.redis.RedisConnectionFailureException">org.springframework.data.redis.RedisConnectionFailureException: Cannot get Jedis connection; nested exception is redis.clients.jedis.exceptions.JedisConnectionException: Could not get a resource from the pool
Caused by: redis.clients.jedis.exceptions.JedisConnectionException: Could not get a resource from the pool
Caused by: redis.clients.jedis.exceptions.JedisConnectionException: java.net.ConnectException: Connection refused (Connection refused)
Caused by: java.net.ConnectException: Connection refused (Connection refused)
</error>
  </testcase>
  <testcase name="testHashCode[2]" classname="org.springframework.data.redis.support.collections.RedisListTests" time="0">
    <error message="Cannot get Jedis connection; nested exception is redis.clients.jedis.exceptions.JedisConnectionException: Could not get a resource from the pool" type="org.springframework.data.redis.RedisConnectionFailureException">org.springframework.data.redis.RedisConnectionFailureException: Cannot get Jedis connection; nested exception is redis.clients.jedis.exceptions.JedisConnectionException: Could not get a resource from the pool
Caused by: redis.clients.jedis.exceptions.JedisConnectionException: Could not get a resource from the pool
Caused by: redis.clients.jedis.exceptions.JedisConnectionException: java.net.ConnectException: Connection refused (Connection refused)
Caused by: java.net.ConnectException: Connection refused (Connection refused)
</error>
  </testcase>
  <testcase name="testAddAll[2]" classname="org.springframework.data.redis.support.collections.RedisListTests" time="0.001">
    <error message="Cannot get Jedis connection; nested exception is redis.clients.jedis.exceptions.JedisConnectionException: Could not get a resource from the pool" type="org.springframework.data.redis.RedisConnectionFailureException">org.springframework.data.redis.RedisConnectionFailureException: Cannot get Jedis connection; nested exception is redis.clients.jedis.exceptions.JedisConnectionException: Could not get a resource from the pool
Caused by: redis.clients.jedis.exceptions.JedisConnectionException: Could not get a resource from the pool
Caused by: redis.clients.jedis.exceptions.JedisConnectionException: java.net.ConnectException: Connection refused (Connection refused)
Caused by: java.net.ConnectException: Connection refused (Connection refused)
</error>
  </testcase>
  <testcase name="testAddAll[2]" classname="org.springframework.data.redis.support.collections.RedisListTests" time="0.001">
    <error message="Cannot get Jedis connection; nested exception is redis.clients.jedis.exceptions.JedisConnectionException: Could not get a resource from the pool" type="org.springframework.data.redis.RedisConnectionFailureException">org.springframework.data.redis.RedisConnectionFailureException: Cannot get Jedis connection; nested exception is redis.clients.jedis.exceptions.JedisConnectionException: Could not get a resource from the pool
Caused by: redis.clients.jedis.exceptions.JedisConnectionException: Could not get a resource from the pool
Caused by: redis.clients.jedis.exceptions.JedisConnectionException: java.net.ConnectException: Connection refused (Connection refused)
Caused by: java.net.ConnectException: Connection refused (Connection refused)
</error>
  </testcase>
  <testcase name="removeAll[2]" classname="org.springframework.data.redis.support.collections.RedisListTests" time="0.001">
    <error message="Cannot get Jedis connection; nested exception is redis.clients.jedis.exceptions.JedisConnectionException: Could not get a resource from the pool" type="org.springframework.data.redis.RedisConnectionFailureException">org.springframework.data.redis.RedisConnectionFailureException: Cannot get Jedis connection; nested exception is redis.clients.jedis.exceptions.JedisConnectionException: Could not get a resource from the pool
Caused by: redis.clients.jedis.exceptions.JedisConnectionException: Could not get a resource from the pool
Caused by: redis.clients.jedis.exceptions.JedisConnectionException: java.net.ConnectException: Connection refused (Connection refused)
Caused by: java.net.ConnectException: Connection refused (Connection refused)
</error>
  </testcase>
  <testcase name="removeAll[2]" classname="org.springframework.data.redis.support.collections.RedisListTests" time="0.001">
    <error message="Cannot get Jedis connection; nested exception is redis.clients.jedis.exceptions.JedisConnectionException: Could not get a resource from the pool" type="org.springframework.data.redis.RedisConnectionFailureException">org.springframework.data.redis.RedisConnectionFailureException: Cannot get Jedis connection; nested exception is redis.clients.jedis.exceptions.JedisConnectionException: Could not get a resource from the pool
Caused by: redis.clients.jedis.exceptions.JedisConnectionException: Could not get a resource from the pool
Caused by: redis.clients.jedis.exceptions.JedisConnectionException: java.net.ConnectException: Connection refused (Connection refused)
Caused by: java.net.ConnectException: Connection refused (Connection refused)
</error>
  </testcase>
  <testcase name="testEquals[2]" classname="org.springframework.data.redis.support.collections.RedisListTests" time="0.001">
    <error message="Cannot get Jedis connection; nested exception is redis.clients.jedis.exceptions.JedisConnectionException: Could not get a resource from the pool" type="org.springframework.data.redis.RedisConnectionFailureException">org.springframework.data.redis.RedisConnectionFailureException: Cannot get Jedis connection; nested exception is redis.clients.jedis.exceptions.JedisConnectionException: Could not get a resource from the pool
Caused by: redis.clients.jedis.exceptions.JedisConnectionException: Could not get a resource from the pool
Caused by: redis.clients.jedis.exceptions.JedisConnectionException: java.net.ConnectException: Connection refused (Connection refused)
Caused by: java.net.ConnectException: Connection refused (Connection refused)
</error>
  </testcase>
  <testcase name="testGetKey[2]" classname="org.springframework.data.redis.support.collections.RedisListTests" time="0">
    <error message="Cannot get Jedis connection; nested exception is redis.clients.jedis.exceptions.JedisConnectionException: Could not get a resource from the pool" type="org.springframework.data.redis.RedisConnectionFailureException">org.springframework.data.redis.RedisConnectionFailureException: Cannot get Jedis connection; nested exception is redis.clients.jedis.exceptions.JedisConnectionException: Could not get a resource from the pool
Caused by: redis.clients.jedis.exceptions.JedisConnectionException: Could not get a resource from the pool
Caused by: redis.clients.jedis.exceptions.JedisConnectionException: java.net.ConnectException: Connection refused (Connection refused)
Caused by: java.net.ConnectException: Connection refused (Connection refused)
</error>
  </testcase>
  <testcase name="testToArrayWithGenerics[2]" classname="org.springframework.data.redis.support.collections.RedisListTests" time="0">
    <error message="Cannot get Jedis connection; nested exception is redis.clients.jedis.exceptions.JedisConnectionException: Could not get a resource from the pool" type="org.springframework.data.redis.RedisConnectionFailureException">org.springframework.data.redis.RedisConnectionFailureException: Cannot get Jedis connection; nested exception is redis.clients.jedis.exceptions.JedisConnectionException: Could not get a resource from the pool
Caused by: redis.clients.jedis.exceptions.JedisConnectionException: Could not get a resource from the pool
Caused by: redis.clients.jedis.exceptions.JedisConnectionException: java.net.ConnectException: Connection refused (Connection refused)
Caused by: java.net.ConnectException: Connection refused (Connection refused)
</error>
  </testcase>
  <testcase name="testToArrayWithGenerics[2]" classname="org.springframework.data.redis.support.collections.RedisListTests" time="0.001">
    <error message="Cannot get Jedis connection; nested exception is redis.clients.jedis.exceptions.JedisConnectionException: Could not get a resource from the pool" type="org.springframework.data.redis.RedisConnectionFailureException">org.springframework.data.redis.RedisConnectionFailureException: Cannot get Jedis connection; nested exception is redis.clients.jedis.exceptions.JedisConnectionException: Could not get a resource from the pool
Caused by: redis.clients.jedis.exceptions.JedisConnectionException: Could not get a resource from the pool
Caused by: redis.clients.jedis.exceptions.JedisConnectionException: java.net.ConnectException: Connection refused (Connection refused)
Caused by: java.net.ConnectException: Connection refused (Connection refused)
</error>
  </testcase>
  <testcase name="testIsEmpty[2]" classname="org.springframework.data.redis.support.collections.RedisListTests" time="0.001">
    <error message="Cannot get Jedis connection; nested exception is redis.clients.jedis.exceptions.JedisConnectionException: Could not get a resource from the pool" type="org.springframework.data.redis.RedisConnectionFailureException">org.springframework.data.redis.RedisConnectionFailureException: Cannot get Jedis connection; nested exception is redis.clients.jedis.exceptions.JedisConnectionException: Could not get a resource from the pool
Caused by: redis.clients.jedis.exceptions.JedisConnectionException: Could not get a resource from the pool
Caused by: redis.clients.jedis.exceptions.JedisConnectionException: java.net.ConnectException: Connection refused (Connection refused)
Caused by: java.net.ConnectException: Connection refused (Connection refused)
</error>
  </testcase>
  <testcase name="testIsEmpty[2]" classname="org.springframework.data.redis.support.collections.RedisListTests" time="0.001">
    <error message="Cannot get Jedis connection; nested exception is redis.clients.jedis.exceptions.JedisConnectionException: Could not get a resource from the pool" type="org.springframework.data.redis.RedisConnectionFailureException">org.springframework.data.redis.RedisConnectionFailureException: Cannot get Jedis connection; nested exception is redis.clients.jedis.exceptions.JedisConnectionException: Could not get a resource from the pool
Caused by: redis.clients.jedis.exceptions.JedisConnectionException: Could not get a resource from the pool
Caused by: redis.clients.jedis.exceptions.JedisConnectionException: java.net.ConnectException: Connection refused (Connection refused)
Caused by: java.net.ConnectException: Connection refused (Connection refused)
</error>
  </testcase>
  <testcase name="testIterator[2]" classname="org.springframework.data.redis.support.collections.RedisListTests" time="0.001">
    <error message="Cannot get Jedis connection; nested exception is redis.clients.jedis.exceptions.JedisConnectionException: Could not get a resource from the pool" type="org.springframework.data.redis.RedisConnectionFailureException">org.springframework.data.redis.RedisConnectionFailureException: Cannot get Jedis connection; nested exception is redis.clients.jedis.exceptions.JedisConnectionException: Could not get a resource from the pool
Caused by: redis.clients.jedis.exceptions.JedisConnectionException: Could not get a resource from the pool
Caused by: redis.clients.jedis.exceptions.JedisConnectionException: java.net.ConnectException: Connection refused (Connection refused)
Caused by: java.net.ConnectException: Connection refused (Connection refused)
</error>
  </testcase>
  <testcase name="testIterator[2]" classname="org.springframework.data.redis.support.collections.RedisListTests" time="0.001">
    <error message="Cannot get Jedis connection; nested exception is redis.clients.jedis.exceptions.JedisConnectionException: Could not get a resource from the pool" type="org.springframework.data.redis.RedisConnectionFailureException">org.springframework.data.redis.RedisConnectionFailureException: Cannot get Jedis connection; nested exception is redis.clients.jedis.exceptions.JedisConnectionException: Could not get a resource from the pool
Caused by: redis.clients.jedis.exceptions.JedisConnectionException: Could not get a resource from the pool
Caused by: redis.clients.jedis.exceptions.JedisConnectionException: java.net.ConnectException: Connection refused (Connection refused)
Caused by: java.net.ConnectException: Connection refused (Connection refused)
</error>
  </testcase>
  <testcase name="testElement[3]" classname="org.springframework.data.redis.support.collections.RedisListTests" time="0.001">
    <error message="Cannot get Jedis connection; nested exception is redis.clients.jedis.exceptions.JedisConnectionException: Could not get a resource from the pool" type="org.springframework.data.redis.RedisConnectionFailureException">org.springframework.data.redis.RedisConnectionFailureException: Cannot get Jedis connection; nested exception is redis.clients.jedis.exceptions.JedisConnectionException: Could not get a resource from the pool
Caused by: redis.clients.jedis.exceptions.JedisConnectionException: Could not get a resource from the pool
Caused by: redis.clients.jedis.exceptions.JedisConnectionException: java.net.ConnectException: Connection refused (Connection refused)
Caused by: java.net.ConnectException: Connection refused (Connection refused)
</error>
  </testcase>
  <testcase name="testElement[3]" classname="org.springframework.data.redis.support.collections.RedisListTests" time="0.001">
    <error message="Cannot get Jedis connection; nested exception is redis.clients.jedis.exceptions.JedisConnectionException: Could not get a resource from the pool" type="org.springframework.data.redis.RedisConnectionFailureException">org.springframework.data.redis.RedisConnectionFailureException: Cannot get Jedis connection; nested exception is redis.clients.jedis.exceptions.JedisConnectionException: Could not get a resource from the pool
Caused by: redis.clients.jedis.exceptions.JedisConnectionException: Could not get a resource from the pool
Caused by: redis.clients.jedis.exceptions.JedisConnectionException: java.net.ConnectException: Connection refused (Connection refused)
Caused by: java.net.ConnectException: Connection refused (Connection refused)
</error>
  </testcase>
  <testcase name="testPutFirst[3]" classname="org.springframework.data.redis.support.collections.RedisListTests" time="0.001">
    <error message="Cannot get Jedis connection; nested exception is redis.clients.jedis.exceptions.JedisConnectionException: Could not get a resource from the pool" type="org.springframework.data.redis.RedisConnectionFailureException">org.springframework.data.redis.RedisConnectionFailureException: Cannot get Jedis connection; nested exception is redis.clients.jedis.exceptions.JedisConnectionException: Could not get a resource from the pool
Caused by: redis.clients.jedis.exceptions.JedisConnectionException: Could not get a resource from the pool
Caused by: redis.clients.jedis.exceptions.JedisConnectionException: java.net.ConnectException: Connection refused (Connection refused)
Caused by: java.net.ConnectException: Connection refused (Connection refused)
</error>
  </testcase>
  <testcase name="testPutFirst[3]" classname="org.springframework.data.redis.support.collections.RedisListTests" time="0.001">
    <error message="Cannot get Jedis connection; nested exception is redis.clients.jedis.exceptions.JedisConnectionException: Could not get a resource from the pool" type="org.springframework.data.redis.RedisConnectionFailureException">org.springframework.data.redis.RedisConnectionFailureException: Cannot get Jedis connection; nested exception is redis.clients.jedis.exceptions.JedisConnectionException: Could not get a resource from the pool
Caused by: redis.clients.jedis.exceptions.JedisConnectionException: Could not get a resource from the pool
Caused by: redis.clients.jedis.exceptions.JedisConnectionException: java.net.ConnectException: Connection refused (Connection refused)
Caused by: java.net.ConnectException: Connection refused (Connection refused)
</error>
  </testcase>
  <testcase name="testPollLastTimeout[3]" classname="org.springframework.data.redis.support.collections.RedisListTests" time="0.001">
    <error message="Cannot get Jedis connection; nested exception is redis.clients.jedis.exceptions.JedisConnectionException: Could not get a resource from the pool" type="org.springframework.data.redis.RedisConnectionFailureException">org.springframework.data.redis.RedisConnectionFailureException: Cannot get Jedis connection; nested exception is redis.clients.jedis.exceptions.JedisConnectionException: Could not get a resource from the pool
Caused by: redis.clients.jedis.exceptions.JedisConnectionException: Could not get a resource from the pool
Caused by: redis.clients.jedis.exceptions.JedisConnectionException: java.net.ConnectException: Connection refused (Connection refused)
Caused by: java.net.ConnectException: Connection refused (Connection refused)
</error>
  </testcase>
  <testcase name="testPollLastTimeout[3]" classname="org.springframework.data.redis.support.collections.RedisListTests" time="0.002">
    <error message="Cannot get Jedis connection; nested exception is redis.clients.jedis.exceptions.JedisConnectionException: Could not get a resource from the pool" type="org.springframework.data.redis.RedisConnectionFailureException">org.springframework.data.redis.RedisConnectionFailureException: Cannot get Jedis connection; nested exception is redis.clients.jedis.exceptions.JedisConnectionException: Could not get a resource from the pool
Caused by: redis.clients.jedis.exceptions.JedisConnectionException: Could not get a resource from the pool
Caused by: redis.clients.jedis.exceptions.JedisConnectionException: java.net.ConnectException: Connection refused (Connection refused)
Caused by: java.net.ConnectException: Connection refused (Connection refused)
</error>
  </testcase>
  <testcase name="testPeekFirst[3]" classname="org.springframework.data.redis.support.collections.RedisListTests" time="0.001">
    <error message="Cannot get Jedis connection; nested exception is redis.clients.jedis.exceptions.JedisConnectionException: Could not get a resource from the pool" type="org.springframework.data.redis.RedisConnectionFailureException">org.springframework.data.redis.RedisConnectionFailureException: Cannot get Jedis connection; nested exception is redis.clients.jedis.exceptions.JedisConnectionException: Could not get a resource from the pool
Caused by: redis.clients.jedis.exceptions.JedisConnectionException: Could not get a resource from the pool
Caused by: redis.clients.jedis.exceptions.JedisConnectionException: java.net.ConnectException: Connection refused (Connection refused)
Caused by: java.net.ConnectException: Connection refused (Connection refused)
</error>
  </testcase>
  <testcase name="testPeekFirst[3]" classname="org.springframework.data.redis.support.collections.RedisListTests" time="0.001">
    <error message="Cannot get Jedis connection; nested exception is redis.clients.jedis.exceptions.JedisConnectionException: Could not get a resource from the pool" type="org.springframework.data.redis.RedisConnectionFailureException">org.springframework.data.redis.RedisConnectionFailureException: Cannot get Jedis connection; nested exception is redis.clients.jedis.exceptions.JedisConnectionException: Could not get a resource from the pool
Caused by: redis.clients.jedis.exceptions.JedisConnectionException: Could not get a resource from the pool
Caused by: redis.clients.jedis.exceptions.JedisConnectionException: java.net.ConnectException: Connection refused (Connection refused)
Caused by: java.net.ConnectException: Connection refused (Connection refused)
</error>
  </testcase>
  <testcase name="testOfferLast[3]" classname="org.springframework.data.redis.support.collections.RedisListTests" time="0.001">
    <error message="Cannot get Jedis connection; nested exception is redis.clients.jedis.exceptions.JedisConnectionException: Could not get a resource from the pool" type="org.springframework.data.redis.RedisConnectionFailureException">org.springframework.data.redis.RedisConnectionFailureException: Cannot get Jedis connection; nested exception is redis.clients.jedis.exceptions.JedisConnectionException: Could not get a resource from the pool
Caused by: redis.clients.jedis.exceptions.JedisConnectionException: Could not get a resource from the pool
Caused by: redis.clients.jedis.exceptions.JedisConnectionException: java.net.ConnectException: Connection refused (Connection refused)
Caused by: java.net.ConnectException: Connection refused (Connection refused)
</error>
  </testcase>
  <testcase name="testOfferLast[3]" classname="org.springframework.data.redis.support.collections.RedisListTests" time="0.001">
    <error message="Cannot get Jedis connection; nested exception is redis.clients.jedis.exceptions.JedisConnectionException: Could not get a resource from the pool" type="org.springframework.data.redis.RedisConnectionFailureException">org.springframework.data.redis.RedisConnectionFailureException: Cannot get Jedis connection; nested exception is redis.clients.jedis.exceptions.JedisConnectionException: Could not get a resource from the pool
Caused by: redis.clients.jedis.exceptions.JedisConnectionException: Could not get a resource from the pool
Caused by: redis.clients.jedis.exceptions.JedisConnectionException: java.net.ConnectException: Connection refused (Connection refused)
Caused by: java.net.ConnectException: Connection refused (Connection refused)
</error>
  </testcase>
  <testcase name="testGetFirst[3]" classname="org.springframework.data.redis.support.collections.RedisListTests" time="0.001">
    <error message="Cannot get Jedis connection; nested exception is redis.clients.jedis.exceptions.JedisConnectionException: Could not get a resource from the pool" type="org.springframework.data.redis.RedisConnectionFailureException">org.springframework.data.redis.RedisConnectionFailureException: Cannot get Jedis connection; nested exception is redis.clients.jedis.exceptions.JedisConnectionException: Could not get a resource from the pool
Caused by: redis.clients.jedis.exceptions.JedisConnectionException: Could not get a resource from the pool
Caused by: redis.clients.jedis.exceptions.JedisConnectionException: java.net.ConnectException: Connection refused (Connection refused)
Caused by: java.net.ConnectException: Connection refused (Connection refused)
</error>
  </testcase>
  <testcase name="testGetFirst[3]" classname="org.springframework.data.redis.support.collections.RedisListTests" time="0.002">
    <error message="Cannot get Jedis connection; nested exception is redis.clients.jedis.exceptions.JedisConnectionException: Could not get a resource from the pool" type="org.springframework.data.redis.RedisConnectionFailureException">org.springframework.data.redis.RedisConnectionFailureException: Cannot get Jedis connection; nested exception is redis.clients.jedis.exceptions.JedisConnectionException: Could not get a resource from the pool
Caused by: redis.clients.jedis.exceptions.JedisConnectionException: Could not get a resource from the pool
Caused by: redis.clients.jedis.exceptions.JedisConnectionException: java.net.ConnectException: Connection refused (Connection refused)
Caused by: java.net.ConnectException: Connection refused (Connection refused)
</error>
  </testcase>
  <testcase name="testAddLast[3]" classname="org.springframework.data.redis.support.collections.RedisListTests" time="0.001">
    <error message="Cannot get Jedis connection; nested exception is redis.clients.jedis.exceptions.JedisConnectionException: Could not get a resource from the pool" type="org.springframework.data.redis.RedisConnectionFailureException">org.springframework.data.redis.RedisConnectionFailureException: Cannot get Jedis connection; nested exception is redis.clients.jedis.exceptions.JedisConnectionException: Could not get a resource from the pool
Caused by: redis.clients.jedis.exceptions.JedisConnectionException: Could not get a resource from the pool
Caused by: redis.clients.jedis.exceptions.JedisConnectionException: java.net.ConnectException: Connection refused (Connection refused)
Caused by: java.net.ConnectException: Connection refused (Connection refused)
</error>
  </testcase>
  <testcase name="testAddLast[3]" classname="org.springframework.data.redis.support.collections.RedisListTests" time="0.001">
    <error message="Cannot get Jedis connection; nested exception is redis.clients.jedis.exceptions.JedisConnectionException: Could not get a resource from the pool" type="org.springframework.data.redis.RedisConnectionFailureException">org.springframework.data.redis.RedisConnectionFailureException: Cannot get Jedis connection; nested exception is redis.clients.jedis.exceptions.JedisConnectionException: Could not get a resource from the pool
Caused by: redis.clients.jedis.exceptions.JedisConnectionException: Could not get a resource from the pool
Caused by: redis.clients.jedis.exceptions.JedisConnectionException: java.net.ConnectException: Connection refused (Connection refused)
Caused by: java.net.ConnectException: Connection refused (Connection refused)
</error>
  </testcase>
  <testcase name="testPop[3]" classname="org.springframework.data.redis.support.collections.RedisListTests" time="0.001">
    <error message="Cannot get Jedis connection; nested exception is redis.clients.jedis.exceptions.JedisConnectionException: Could not get a resource from the pool" type="org.springframework.data.redis.RedisConnectionFailureException">org.springframework.data.redis.RedisConnectionFailureException: Cannot get Jedis connection; nested exception is redis.clients.jedis.exceptions.JedisConnectionException: Could not get a resource from the pool
Caused by: redis.clients.jedis.exceptions.JedisConnectionException: Could not get a resource from the pool
Caused by: redis.clients.jedis.exceptions.JedisConnectionException: java.net.ConnectException: Connection refused (Connection refused)
Caused by: java.net.ConnectException: Connection refused (Connection refused)
</error>
  </testcase>
  <testcase name="testPop[3]" classname="org.springframework.data.redis.support.collections.RedisListTests" time="0.001">
    <error message="Cannot get Jedis connection; nested exception is redis.clients.jedis.exceptions.JedisConnectionException: Could not get a resource from the pool" type="org.springframework.data.redis.RedisConnectionFailureException">org.springframework.data.redis.RedisConnectionFailureException: Cannot get Jedis connection; nested exception is redis.clients.jedis.exceptions.JedisConnectionException: Could not get a resource from the pool
Caused by: redis.clients.jedis.exceptions.JedisConnectionException: Could not get a resource from the pool
Caused by: redis.clients.jedis.exceptions.JedisConnectionException: java.net.ConnectException: Connection refused (Connection refused)
Caused by: java.net.ConnectException: Connection refused (Connection refused)
</error>
  </testcase>
  <testcase name="testPut[3]" classname="org.springframework.data.redis.support.collections.RedisListTests" time="0.001">
    <error message="Cannot get Jedis connection; nested exception is redis.clients.jedis.exceptions.JedisConnectionException: Could not get a resource from the pool" type="org.springframework.data.redis.RedisConnectionFailureException">org.springframework.data.redis.RedisConnectionFailureException: Cannot get Jedis connection; nested exception is redis.clients.jedis.exceptions.JedisConnectionException: Could not get a resource from the pool
Caused by: redis.clients.jedis.exceptions.JedisConnectionException: Could not get a resource from the pool
Caused by: redis.clients.jedis.exceptions.JedisConnectionException: java.net.ConnectException: Connection refused (Connection refused)
Caused by: java.net.ConnectException: Connection refused (Connection refused)
</error>
  </testcase>
  <testcase name="testPut[3]" classname="org.springframework.data.redis.support.collections.RedisListTests" time="0.001">
    <error message="Cannot get Jedis connection; nested exception is redis.clients.jedis.exceptions.JedisConnectionException: Could not get a resource from the pool" type="org.springframework.data.redis.RedisConnectionFailureException">org.springframework.data.redis.RedisConnectionFailureException: Cannot get Jedis connection; nested exception is redis.clients.jedis.exceptions.JedisConnectionException: Could not get a resource from the pool
Caused by: redis.clients.jedis.exceptions.JedisConnectionException: Could not get a resource from the pool
Caused by: redis.clients.jedis.exceptions.JedisConnectionException: java.net.ConnectException: Connection refused (Connection refused)
Caused by: java.net.ConnectException: Connection refused (Connection refused)
</error>
  </testcase>
  <testcase name="testSet[3]" classname="org.springframework.data.redis.support.collections.RedisListTests" time="0.001">
    <error message="Cannot get Jedis connection; nested exception is redis.clients.jedis.exceptions.JedisConnectionException: Could not get a resource from the pool" type="org.springframework.data.redis.RedisConnectionFailureException">org.springframework.data.redis.RedisConnectionFailureException: Cannot get Jedis connection; nested exception is redis.clients.jedis.exceptions.JedisConnectionException: Could not get a resource from the pool
Caused by: redis.clients.jedis.exceptions.JedisConnectionException: Could not get a resource from the pool
Caused by: redis.clients.jedis.exceptions.JedisConnectionException: java.net.ConnectException: Connection refused (Connection refused)
Caused by: java.net.ConnectException: Connection refused (Connection refused)
</error>
  </testcase>
  <testcase name="testSet[3]" classname="org.springframework.data.redis.support.collections.RedisListTests" time="0.001">
    <error message="Cannot get Jedis connection; nested exception is redis.clients.jedis.exceptions.JedisConnectionException: Could not get a resource from the pool" type="org.springframework.data.redis.RedisConnectionFailureException">org.springframework.data.redis.RedisConnectionFailureException: Cannot get Jedis connection; nested exception is redis.clients.jedis.exceptions.JedisConnectionException: Could not get a resource from the pool
Caused by: redis.clients.jedis.exceptions.JedisConnectionException: Could not get a resource from the pool
Caused by: redis.clients.jedis.exceptions.JedisConnectionException: java.net.ConnectException: Connection refused (Connection refused)
Caused by: java.net.ConnectException: Connection refused (Connection refused)
</error>
  </testcase>
  <testcase name="testOffer[3]" classname="org.springframework.data.redis.support.collections.RedisListTests" time="0.001">
    <error message="Cannot get Jedis connection; nested exception is redis.clients.jedis.exceptions.JedisConnectionException: Could not get a resource from the pool" type="org.springframework.data.redis.RedisConnectionFailureException">org.springframework.data.redis.RedisConnectionFailureException: Cannot get Jedis connection; nested exception is redis.clients.jedis.exceptions.JedisConnectionException: Could not get a resource from the pool
Caused by: redis.clients.jedis.exceptions.JedisConnectionException: Could not get a resource from the pool
Caused by: redis.clients.jedis.exceptions.JedisConnectionException: java.net.ConnectException: Connection refused (Connection refused)
Caused by: java.net.ConnectException: Connection refused (Connection refused)
</error>
  </testcase>
  <testcase name="testOffer[3]" classname="org.springframework.data.redis.support.collections.RedisListTests" time="0.002">
    <error message="Cannot get Jedis connection; nested exception is redis.clients.jedis.exceptions.JedisConnectionException: Could not get a resource from the pool" type="org.springframework.data.redis.RedisConnectionFailureException">org.springframework.data.redis.RedisConnectionFailureException: Cannot get Jedis connection; nested exception is redis.clients.jedis.exceptions.JedisConnectionException: Could not get a resource from the pool
Caused by: redis.clients.jedis.exceptions.JedisConnectionException: Could not get a resource from the pool
Caused by: redis.clients.jedis.exceptions.JedisConnectionException: java.net.ConnectException: Connection refused (Connection refused)
Caused by: java.net.ConnectException: Connection refused (Connection refused)
</error>
  </testcase>
  <testcase name="testRange[3]" classname="org.springframework.data.redis.support.collections.RedisListTests" time="0.001">
    <error message="Cannot get Jedis connection; nested exception is redis.clients.jedis.exceptions.JedisConnectionException: Could not get a resource from the pool" type="org.springframework.data.redis.RedisConnectionFailureException">org.springframework.data.redis.RedisConnectionFailureException: Cannot get Jedis connection; nested exception is redis.clients.jedis.exceptions.JedisConnectionException: Could not get a resource from the pool
Caused by: redis.clients.jedis.exceptions.JedisConnectionException: Could not get a resource from the pool
Caused by: redis.clients.jedis.exceptions.JedisConnectionException: java.net.ConnectException: Connection refused (Connection refused)
Caused by: java.net.ConnectException: Connection refused (Connection refused)
</error>
  </testcase>
  <testcase name="testRange[3]" classname="org.springframework.data.redis.support.collections.RedisListTests" time="0.001">
    <error message="Cannot get Jedis connection; nested exception is redis.clients.jedis.exceptions.JedisConnectionException: Could not get a resource from the pool" type="org.springframework.data.redis.RedisConnectionFailureException">org.springframework.data.redis.RedisConnectionFailureException: Cannot get Jedis connection; nested exception is redis.clients.jedis.exceptions.JedisConnectionException: Could not get a resource from the pool
Caused by: redis.clients.jedis.exceptions.JedisConnectionException: Could not get a resource from the pool
Caused by: redis.clients.jedis.exceptions.JedisConnectionException: java.net.ConnectException: Connection refused (Connection refused)
Caused by: java.net.ConnectException: Connection refused (Connection refused)
</error>
  </testcase>
  <testcase name="testLast[3]" classname="org.springframework.data.redis.support.collections.RedisListTests" time="0.001">
    <error message="Cannot get Jedis connection; nested exception is redis.clients.jedis.exceptions.JedisConnectionException: Could not get a resource from the pool" type="org.springframework.data.redis.RedisConnectionFailureException">org.springframework.data.redis.RedisConnectionFailureException: Cannot get Jedis connection; nested exception is redis.clients.jedis.exceptions.JedisConnectionException: Could not get a resource from the pool
Caused by: redis.clients.jedis.exceptions.JedisConnectionException: Could not get a resource from the pool
Caused by: redis.clients.jedis.exceptions.JedisConnectionException: java.net.ConnectException: Connection refused (Connection refused)
Caused by: java.net.ConnectException: Connection refused (Connection refused)
</error>
  </testcase>
  <testcase name="testLast[3]" classname="org.springframework.data.redis.support.collections.RedisListTests" time="0.002">
    <error message="Cannot get Jedis connection; nested exception is redis.clients.jedis.exceptions.JedisConnectionException: Could not get a resource from the pool" type="org.springframework.data.redis.RedisConnectionFailureException">org.springframework.data.redis.RedisConnectionFailureException: Cannot get Jedis connection; nested exception is redis.clients.jedis.exceptions.JedisConnectionException: Could not get a resource from the pool
Caused by: redis.clients.jedis.exceptions.JedisConnectionException: Could not get a resource from the pool
Caused by: redis.clients.jedis.exceptions.JedisConnectionException: java.net.ConnectException: Connection refused (Connection refused)
Caused by: java.net.ConnectException: Connection refused (Connection refused)
</error>
  </testcase>
  <testcase name="testPeek[3]" classname="org.springframework.data.redis.support.collections.RedisListTests" time="0.001">
    <error message="Cannot get Jedis connection; nested exception is redis.clients.jedis.exceptions.JedisConnectionException: Could not get a resource from the pool" type="org.springframework.data.redis.RedisConnectionFailureException">org.springframework.data.redis.RedisConnectionFailureException: Cannot get Jedis connection; nested exception is redis.clients.jedis.exceptions.JedisConnectionException: Could not get a resource from the pool
Caused by: redis.clients.jedis.exceptions.JedisConnectionException: Could not get a resource from the pool
Caused by: redis.clients.jedis.exceptions.JedisConnectionException: java.net.ConnectException: Connection refused (Connection refused)
Caused by: java.net.ConnectException: Connection refused (Connection refused)
</error>
  </testcase>
  <testcase name="testPeek[3]" classname="org.springframework.data.redis.support.collections.RedisListTests" time="0.001">
    <error message="Cannot get Jedis connection; nested exception is redis.clients.jedis.exceptions.JedisConnectionException: Could not get a resource from the pool" type="org.springframework.data.redis.RedisConnectionFailureException">org.springframework.data.redis.RedisConnectionFailureException: Cannot get Jedis connection; nested exception is redis.clients.jedis.exceptions.JedisConnectionException: Could not get a resource from the pool
Caused by: redis.clients.jedis.exceptions.JedisConnectionException: Could not get a resource from the pool
Caused by: redis.clients.jedis.exceptions.JedisConnectionException: java.net.ConnectException: Connection refused (Connection refused)
Caused by: java.net.ConnectException: Connection refused (Connection refused)
</error>
  </testcase>
  <testcase name="testPoll[3]" classname="org.springframework.data.redis.support.collections.RedisListTests" time="0.001">
    <error message="Cannot get Jedis connection; nested exception is redis.clients.jedis.exceptions.JedisConnectionException: Could not get a resource from the pool" type="org.springframework.data.redis.RedisConnectionFailureException">org.springframework.data.redis.RedisConnectionFailureException: Cannot get Jedis connection; nested exception is redis.clients.jedis.exceptions.JedisConnectionException: Could not get a resource from the pool
Caused by: redis.clients.jedis.exceptions.JedisConnectionException: Could not get a resource from the pool
Caused by: redis.clients.jedis.exceptions.JedisConnectionException: java.net.ConnectException: Connection refused (Connection refused)
Caused by: java.net.ConnectException: Connection refused (Connection refused)
</error>
  </testcase>
  <testcase name="testPoll[3]" classname="org.springframework.data.redis.support.collections.RedisListTests" time="0.001">
    <error message="Cannot get Jedis connection; nested exception is redis.clients.jedis.exceptions.JedisConnectionException: Could not get a resource from the pool" type="org.springframework.data.redis.RedisConnectionFailureException">org.springframework.data.redis.RedisConnectionFailureException: Cannot get Jedis connection; nested exception is redis.clients.jedis.exceptions.JedisConnectionException: Could not get a resource from the pool
Caused by: redis.clients.jedis.exceptions.JedisConnectionException: Could not get a resource from the pool
Caused by: redis.clients.jedis.exceptions.JedisConnectionException: java.net.ConnectException: Connection refused (Connection refused)
Caused by: java.net.ConnectException: Connection refused (Connection refused)
</error>
  </testcase>
  <testcase name="testTake[3]" classname="org.springframework.data.redis.support.collections.RedisListTests" time="0.001">
    <error message="Cannot get Jedis connection; nested exception is redis.clients.jedis.exceptions.JedisConnectionException: Could not get a resource from the pool" type="org.springframework.data.redis.RedisConnectionFailureException">org.springframework.data.redis.RedisConnectionFailureException: Cannot get Jedis connection; nested exception is redis.clients.jedis.exceptions.JedisConnectionException: Could not get a resource from the pool
Caused by: redis.clients.jedis.exceptions.JedisConnectionException: Could not get a resource from the pool
Caused by: redis.clients.jedis.exceptions.JedisConnectionException: java.net.ConnectException: Connection refused (Connection refused)
Caused by: java.net.ConnectException: Connection refused (Connection refused)
</error>
  </testcase>
  <testcase name="testTake[3]" classname="org.springframework.data.redis.support.collections.RedisListTests" time="0.002">
    <error message="Cannot get Jedis connection; nested exception is redis.clients.jedis.exceptions.JedisConnectionException: Could not get a resource from the pool" type="org.springframework.data.redis.RedisConnectionFailureException">org.springframework.data.redis.RedisConnectionFailureException: Cannot get Jedis connection; nested exception is redis.clients.jedis.exceptions.JedisConnectionException: Could not get a resource from the pool
Caused by: redis.clients.jedis.exceptions.JedisConnectionException: Could not get a resource from the pool
Caused by: redis.clients.jedis.exceptions.JedisConnectionException: java.net.ConnectException: Connection refused (Connection refused)
Caused by: java.net.ConnectException: Connection refused (Connection refused)
</error>
  </testcase>
  <testcase name="testTrim[3]" classname="org.springframework.data.redis.support.collections.RedisListTests" time="0.001">
    <error message="Cannot get Jedis connection; nested exception is redis.clients.jedis.exceptions.JedisConnectionException: Could not get a resource from the pool" type="org.springframework.data.redis.RedisConnectionFailureException">org.springframework.data.redis.RedisConnectionFailureException: Cannot get Jedis connection; nested exception is redis.clients.jedis.exceptions.JedisConnectionException: Could not get a resource from the pool
Caused by: redis.clients.jedis.exceptions.JedisConnectionException: Could not get a resource from the pool
Caused by: redis.clients.jedis.exceptions.JedisConnectionException: java.net.ConnectException: Connection refused (Connection refused)
Caused by: java.net.ConnectException: Connection refused (Connection refused)
</error>
  </testcase>
  <testcase name="testTrim[3]" classname="org.springframework.data.redis.support.collections.RedisListTests" time="0.001">
    <error message="Cannot get Jedis connection; nested exception is redis.clients.jedis.exceptions.JedisConnectionException: Could not get a resource from the pool" type="org.springframework.data.redis.RedisConnectionFailureException">org.springframework.data.redis.RedisConnectionFailureException: Cannot get Jedis connection; nested exception is redis.clients.jedis.exceptions.JedisConnectionException: Could not get a resource from the pool
Caused by: redis.clients.jedis.exceptions.JedisConnectionException: Could not get a resource from the pool
Caused by: redis.clients.jedis.exceptions.JedisConnectionException: java.net.ConnectException: Connection refused (Connection refused)
Caused by: java.net.ConnectException: Connection refused (Connection refused)
</error>
  </testcase>
  <testcase name="testDrainToCollection[3]" classname="org.springframework.data.redis.support.collections.RedisListTests" time="0.001">
    <error message="Cannot get Jedis connection; nested exception is redis.clients.jedis.exceptions.JedisConnectionException: Could not get a resource from the pool" type="org.springframework.data.redis.RedisConnectionFailureException">org.springframework.data.redis.RedisConnectionFailureException: Cannot get Jedis connection; nested exception is redis.clients.jedis.exceptions.JedisConnectionException: Could not get a resource from the pool
Caused by: redis.clients.jedis.exceptions.JedisConnectionException: Could not get a resource from the pool
Caused by: redis.clients.jedis.exceptions.JedisConnectionException: java.net.ConnectException: Connection refused (Connection refused)
Caused by: java.net.ConnectException: Connection refused (Connection refused)
</error>
  </testcase>
  <testcase name="testDrainToCollection[3]" classname="org.springframework.data.redis.support.collections.RedisListTests" time="0.001">
    <error message="Cannot get Jedis connection; nested exception is redis.clients.jedis.exceptions.JedisConnectionException: Could not get a resource from the pool" type="org.springframework.data.redis.RedisConnectionFailureException">org.springframework.data.redis.RedisConnectionFailureException: Cannot get Jedis connection; nested exception is redis.clients.jedis.exceptions.JedisConnectionException: Could not get a resource from the pool
Caused by: redis.clients.jedis.exceptions.JedisConnectionException: Could not get a resource from the pool
Caused by: redis.clients.jedis.exceptions.JedisConnectionException: java.net.ConnectException: Connection refused (Connection refused)
Caused by: java.net.ConnectException: Connection refused (Connection refused)
</error>
  </testcase>
  <testcase name="testRemoveFirst[3]" classname="org.springframework.data.redis.support.collections.RedisListTests" time="0.001">
    <error message="Cannot get Jedis connection; nested exception is redis.clients.jedis.exceptions.JedisConnectionException: Could not get a resource from the pool" type="org.springframework.data.redis.RedisConnectionFailureException">org.springframework.data.redis.RedisConnectionFailureException: Cannot get Jedis connection; nested exception is redis.clients.jedis.exceptions.JedisConnectionException: Could not get a resource from the pool
Caused by: redis.clients.jedis.exceptions.JedisConnectionException: Could not get a resource from the pool
Caused by: redis.clients.jedis.exceptions.JedisConnectionException: java.net.ConnectException: Connection refused (Connection refused)
Caused by: java.net.ConnectException: Connection refused (Connection refused)
</error>
  </testcase>
  <testcase name="testRemoveFirst[3]" classname="org.springframework.data.redis.support.collections.RedisListTests" time="0.001">
    <error message="Cannot get Jedis connection; nested exception is redis.clients.jedis.exceptions.JedisConnectionException: Could not get a resource from the pool" type="org.springframework.data.redis.RedisConnectionFailureException">org.springframework.data.redis.RedisConnectionFailureException: Cannot get Jedis connection; nested exception is redis.clients.jedis.exceptions.JedisConnectionException: Could not get a resource from the pool
Caused by: redis.clients.jedis.exceptions.JedisConnectionException: Could not get a resource from the pool
Caused by: redis.clients.jedis.exceptions.JedisConnectionException: java.net.ConnectException: Connection refused (Connection refused)
Caused by: java.net.ConnectException: Connection refused (Connection refused)
</error>
  </testcase>
  <testcase name="testRemoveIndex[3]" classname="org.springframework.data.redis.support.collections.RedisListTests" time="0.001">
    <error message="Cannot get Jedis connection; nested exception is redis.clients.jedis.exceptions.JedisConnectionException: Could not get a resource from the pool" type="org.springframework.data.redis.RedisConnectionFailureException">org.springframework.data.redis.RedisConnectionFailureException: Cannot get Jedis connection; nested exception is redis.clients.jedis.exceptions.JedisConnectionException: Could not get a resource from the pool
Caused by: redis.clients.jedis.exceptions.JedisConnectionException: Could not get a resource from the pool
Caused by: redis.clients.jedis.exceptions.JedisConnectionException: java.net.ConnectException: Connection refused (Connection refused)
Caused by: java.net.ConnectException: Connection refused (Connection refused)
</error>
  </testcase>
  <testcase name="testPutLast[3]" classname="org.springframework.data.redis.support.collections.RedisListTests" time="0.001">
    <error message="Cannot get Jedis connection; nested exception is redis.clients.jedis.exceptions.JedisConnectionException: Could not get a resource from the pool" type="org.springframework.data.redis.RedisConnectionFailureException">org.springframework.data.redis.RedisConnectionFailureException: Cannot get Jedis connection; nested exception is redis.clients.jedis.exceptions.JedisConnectionException: Could not get a resource from the pool
Caused by: redis.clients.jedis.exceptions.JedisConnectionException: Could not get a resource from the pool
Caused by: redis.clients.jedis.exceptions.JedisConnectionException: java.net.ConnectException: Connection refused (Connection refused)
Caused by: java.net.ConnectException: Connection refused (Connection refused)
</error>
  </testcase>
  <testcase name="testPutLast[3]" classname="org.springframework.data.redis.support.collections.RedisListTests" time="0.001">
    <error message="Cannot get Jedis connection; nested exception is redis.clients.jedis.exceptions.JedisConnectionException: Could not get a resource from the pool" type="org.springframework.data.redis.RedisConnectionFailureException">org.springframework.data.redis.RedisConnectionFailureException: Cannot get Jedis connection; nested exception is redis.clients.jedis.exceptions.JedisConnectionException: Could not get a resource from the pool
Caused by: redis.clients.jedis.exceptions.JedisConnectionException: Could not get a resource from the pool
Caused by: redis.clients.jedis.exceptions.JedisConnectionException: java.net.ConnectException: Connection refused (Connection refused)
Caused by: java.net.ConnectException: Connection refused (Connection refused)
</error>
  </testcase>
  <testcase name="testOfferFirst[3]" classname="org.springframework.data.redis.support.collections.RedisListTests" time="0.001">
    <error message="Cannot get Jedis connection; nested exception is redis.clients.jedis.exceptions.JedisConnectionException: Could not get a resource from the pool" type="org.springframework.data.redis.RedisConnectionFailureException">org.springframework.data.redis.RedisConnectionFailureException: Cannot get Jedis connection; nested exception is redis.clients.jedis.exceptions.JedisConnectionException: Could not get a resource from the pool
Caused by: redis.clients.jedis.exceptions.JedisConnectionException: Could not get a resource from the pool
Caused by: redis.clients.jedis.exceptions.JedisConnectionException: java.net.ConnectException: Connection refused (Connection refused)
Caused by: java.net.ConnectException: Connection refused (Connection refused)
</error>
  </testcase>
  <testcase name="testOfferFirst[3]" classname="org.springframework.data.redis.support.collections.RedisListTests" time="0.002">
    <error message="Cannot get Jedis connection; nested exception is redis.clients.jedis.exceptions.JedisConnectionException: Could not get a resource from the pool" type="org.springframework.data.redis.RedisConnectionFailureException">org.springframework.data.redis.RedisConnectionFailureException: Cannot get Jedis connection; nested exception is redis.clients.jedis.exceptions.JedisConnectionException: Could not get a resource from the pool
Caused by: redis.clients.jedis.exceptions.JedisConnectionException: Could not get a resource from the pool
Caused by: redis.clients.jedis.exceptions.JedisConnectionException: java.net.ConnectException: Connection refused (Connection refused)
Caused by: java.net.ConnectException: Connection refused (Connection refused)
</error>
  </testcase>
  <testcase name="testDescendingIterator[3]" classname="org.springframework.data.redis.support.collections.RedisListTests" time="0.001">
    <error message="Cannot get Jedis connection; nested exception is redis.clients.jedis.exceptions.JedisConnectionException: Could not get a resource from the pool" type="org.springframework.data.redis.RedisConnectionFailureException">org.springframework.data.redis.RedisConnectionFailureException: Cannot get Jedis connection; nested exception is redis.clients.jedis.exceptions.JedisConnectionException: Could not get a resource from the pool
Caused by: redis.clients.jedis.exceptions.JedisConnectionException: Could not get a resource from the pool
Caused by: redis.clients.jedis.exceptions.JedisConnectionException: java.net.ConnectException: Connection refused (Connection refused)
Caused by: java.net.ConnectException: Connection refused (Connection refused)
</error>
  </testcase>
  <testcase name="testDescendingIterator[3]" classname="org.springframework.data.redis.support.collections.RedisListTests" time="0.001">
    <error message="Cannot get Jedis connection; nested exception is redis.clients.jedis.exceptions.JedisConnectionException: Could not get a resource from the pool" type="org.springframework.data.redis.RedisConnectionFailureException">org.springframework.data.redis.RedisConnectionFailureException: Cannot get Jedis connection; nested exception is redis.clients.jedis.exceptions.JedisConnectionException: Could not get a resource from the pool
Caused by: redis.clients.jedis.exceptions.JedisConnectionException: Could not get a resource from the pool
Caused by: redis.clients.jedis.exceptions.JedisConnectionException: java.net.ConnectException: Connection refused (Connection refused)
Caused by: java.net.ConnectException: Connection refused (Connection refused)
</error>
  </testcase>
  <testcase name="testAddFirst[3]" classname="org.springframework.data.redis.support.collections.RedisListTests" time="0.001">
    <error message="Cannot get Jedis connection; nested exception is redis.clients.jedis.exceptions.JedisConnectionException: Could not get a resource from the pool" type="org.springframework.data.redis.RedisConnectionFailureException">org.springframework.data.redis.RedisConnectionFailureException: Cannot get Jedis connection; nested exception is redis.clients.jedis.exceptions.JedisConnectionException: Could not get a resource from the pool
Caused by: redis.clients.jedis.exceptions.JedisConnectionException: Could not get a resource from the pool
Caused by: redis.clients.jedis.exceptions.JedisConnectionException: java.net.ConnectException: Connection refused (Connection refused)
Caused by: java.net.ConnectException: Connection refused (Connection refused)
</error>
  </testcase>
  <testcase name="testAddFirst[3]" classname="org.springframework.data.redis.support.collections.RedisListTests" time="0.001">
    <error message="Cannot get Jedis connection; nested exception is redis.clients.jedis.exceptions.JedisConnectionException: Could not get a resource from the pool" type="org.springframework.data.redis.RedisConnectionFailureException">org.springframework.data.redis.RedisConnectionFailureException: Cannot get Jedis connection; nested exception is redis.clients.jedis.exceptions.JedisConnectionException: Could not get a resource from the pool
Caused by: redis.clients.jedis.exceptions.JedisConnectionException: Could not get a resource from the pool
Caused by: redis.clients.jedis.exceptions.JedisConnectionException: java.net.ConnectException: Connection refused (Connection refused)
Caused by: java.net.ConnectException: Connection refused (Connection refused)
</error>
  </testcase>
  <testcase name="testDrainToCollectionWithMaxElements[3]" classname="org.springframework.data.redis.support.collections.RedisListTests" time="0.001">
    <error message="Cannot get Jedis connection; nested exception is redis.clients.jedis.exceptions.JedisConnectionException: Could not get a resource from the pool" type="org.springframework.data.redis.RedisConnectionFailureException">org.springframework.data.redis.RedisConnectionFailureException: Cannot get Jedis connection; nested exception is redis.clients.jedis.exceptions.JedisConnectionException: Could not get a resource from the pool
Caused by: redis.clients.jedis.exceptions.JedisConnectionException: Could not get a resource from the pool
Caused by: redis.clients.jedis.exceptions.JedisConnectionException: java.net.ConnectException: Connection refused (Connection refused)
Caused by: java.net.ConnectException: Connection refused (Connection refused)
</error>
  </testcase>
  <testcase name="testDrainToCollectionWithMaxElements[3]" classname="org.springframework.data.redis.support.collections.RedisListTests" time="0.002">
    <error message="Cannot get Jedis connection; nested exception is redis.clients.jedis.exceptions.JedisConnectionException: Could not get a resource from the pool" type="org.springframework.data.redis.RedisConnectionFailureException">org.springframework.data.redis.RedisConnectionFailureException: Cannot get Jedis connection; nested exception is redis.clients.jedis.exceptions.JedisConnectionException: Could not get a resource from the pool
Caused by: redis.clients.jedis.exceptions.JedisConnectionException: Could not get a resource from the pool
Caused by: redis.clients.jedis.exceptions.JedisConnectionException: java.net.ConnectException: Connection refused (Connection refused)
Caused by: java.net.ConnectException: Connection refused (Connection refused)
</error>
  </testcase>
  <testcase name="testTakeLast[3]" classname="org.springframework.data.redis.support.collections.RedisListTests" time="0.001">
    <error message="Cannot get Jedis connection; nested exception is redis.clients.jedis.exceptions.JedisConnectionException: Could not get a resource from the pool" type="org.springframework.data.redis.RedisConnectionFailureException">org.springframework.data.redis.RedisConnectionFailureException: Cannot get Jedis connection; nested exception is redis.clients.jedis.exceptions.JedisConnectionException: Could not get a resource from the pool
Caused by: redis.clients.jedis.exceptions.JedisConnectionException: Could not get a resource from the pool
Caused by: redis.clients.jedis.exceptions.JedisConnectionException: java.net.ConnectException: Connection refused (Connection refused)
Caused by: java.net.ConnectException: Connection refused (Connection refused)
</error>
  </testcase>
  <testcase name="testTakeLast[3]" classname="org.springframework.data.redis.support.collections.RedisListTests" time="0.001">
    <error message="Cannot get Jedis connection; nested exception is redis.clients.jedis.exceptions.JedisConnectionException: Could not get a resource from the pool" type="org.springframework.data.redis.RedisConnectionFailureException">org.springframework.data.redis.RedisConnectionFailureException: Cannot get Jedis connection; nested exception is redis.clients.jedis.exceptions.JedisConnectionException: Could not get a resource from the pool
Caused by: redis.clients.jedis.exceptions.JedisConnectionException: Could not get a resource from the pool
Caused by: redis.clients.jedis.exceptions.JedisConnectionException: java.net.ConnectException: Connection refused (Connection refused)
Caused by: java.net.ConnectException: Connection refused (Connection refused)
</error>
  </testcase>
  <testcase name="testRemainingCapacity[3]" classname="org.springframework.data.redis.support.collections.RedisListTests" time="0.001">
    <error message="Cannot get Jedis connection; nested exception is redis.clients.jedis.exceptions.JedisConnectionException: Could not get a resource from the pool" type="org.springframework.data.redis.RedisConnectionFailureException">org.springframework.data.redis.RedisConnectionFailureException: Cannot get Jedis connection; nested exception is redis.clients.jedis.exceptions.JedisConnectionException: Could not get a resource from the pool
Caused by: redis.clients.jedis.exceptions.JedisConnectionException: Could not get a resource from the pool
Caused by: redis.clients.jedis.exceptions.JedisConnectionException: java.net.ConnectException: Connection refused (Connection refused)
Caused by: java.net.ConnectException: Connection refused (Connection refused)
</error>
  </testcase>
  <testcase name="testRemoveLast[3]" classname="org.springframework.data.redis.support.collections.RedisListTests" time="0.001">
    <error message="Cannot get Jedis connection; nested exception is redis.clients.jedis.exceptions.JedisConnectionException: Could not get a resource from the pool" type="org.springframework.data.redis.RedisConnectionFailureException">org.springframework.data.redis.RedisConnectionFailureException: Cannot get Jedis connection; nested exception is redis.clients.jedis.exceptions.JedisConnectionException: Could not get a resource from the pool
Caused by: redis.clients.jedis.exceptions.JedisConnectionException: Could not get a resource from the pool
Caused by: redis.clients.jedis.exceptions.JedisConnectionException: java.net.ConnectException: Connection refused (Connection refused)
Caused by: java.net.ConnectException: Connection refused (Connection refused)
</error>
  </testcase>
  <testcase name="testRemoveLast[3]" classname="org.springframework.data.redis.support.collections.RedisListTests" time="0.001">
    <error message="Cannot get Jedis connection; nested exception is redis.clients.jedis.exceptions.JedisConnectionException: Could not get a resource from the pool" type="org.springframework.data.redis.RedisConnectionFailureException">org.springframework.data.redis.RedisConnectionFailureException: Cannot get Jedis connection; nested exception is redis.clients.jedis.exceptions.JedisConnectionException: Could not get a resource from the pool
Caused by: redis.clients.jedis.exceptions.JedisConnectionException: Could not get a resource from the pool
Caused by: redis.clients.jedis.exceptions.JedisConnectionException: java.net.ConnectException: Connection refused (Connection refused)
Caused by: java.net.ConnectException: Connection refused (Connection refused)
</error>
  </testcase>
  <testcase name="testAddIndexObjectHead[3]" classname="org.springframework.data.redis.support.collections.RedisListTests" time="0.001">
    <error message="Cannot get Jedis connection; nested exception is redis.clients.jedis.exceptions.JedisConnectionException: Could not get a resource from the pool" type="org.springframework.data.redis.RedisConnectionFailureException">org.springframework.data.redis.RedisConnectionFailureException: Cannot get Jedis connection; nested exception is redis.clients.jedis.exceptions.JedisConnectionException: Could not get a resource from the pool
Caused by: redis.clients.jedis.exceptions.JedisConnectionException: Could not get a resource from the pool
Caused by: redis.clients.jedis.exceptions.JedisConnectionException: java.net.ConnectException: Connection refused (Connection refused)
Caused by: java.net.ConnectException: Connection refused (Connection refused)
</error>
  </testcase>
  <testcase name="testAddIndexObjectHead[3]" classname="org.springframework.data.redis.support.collections.RedisListTests" time="0.002">
    <error message="Cannot get Jedis connection; nested exception is redis.clients.jedis.exceptions.JedisConnectionException: Could not get a resource from the pool" type="org.springframework.data.redis.RedisConnectionFailureException">org.springframework.data.redis.RedisConnectionFailureException: Cannot get Jedis connection; nested exception is redis.clients.jedis.exceptions.JedisConnectionException: Could not get a resource from the pool
Caused by: redis.clients.jedis.exceptions.JedisConnectionException: Could not get a resource from the pool
Caused by: redis.clients.jedis.exceptions.JedisConnectionException: java.net.ConnectException: Connection refused (Connection refused)
Caused by: java.net.ConnectException: Connection refused (Connection refused)
</error>
  </testcase>
  <testcase name="testAddIndexObjectTail[3]" classname="org.springframework.data.redis.support.collections.RedisListTests" time="0.001">
    <error message="Cannot get Jedis connection; nested exception is redis.clients.jedis.exceptions.JedisConnectionException: Could not get a resource from the pool" type="org.springframework.data.redis.RedisConnectionFailureException">org.springframework.data.redis.RedisConnectionFailureException: Cannot get Jedis connection; nested exception is redis.clients.jedis.exceptions.JedisConnectionException: Could not get a resource from the pool
Caused by: redis.clients.jedis.exceptions.JedisConnectionException: Could not get a resource from the pool
Caused by: redis.clients.jedis.exceptions.JedisConnectionException: java.net.ConnectException: Connection refused (Connection refused)
Caused by: java.net.ConnectException: Connection refused (Connection refused)
</error>
  </testcase>
  <testcase name="testAddIndexObjectTail[3]" classname="org.springframework.data.redis.support.collections.RedisListTests" time="0.001">
    <error message="Cannot get Jedis connection; nested exception is redis.clients.jedis.exceptions.JedisConnectionException: Could not get a resource from the pool" type="org.springframework.data.redis.RedisConnectionFailureException">org.springframework.data.redis.RedisConnectionFailureException: Cannot get Jedis connection; nested exception is redis.clients.jedis.exceptions.JedisConnectionException: Could not get a resource from the pool
Caused by: redis.clients.jedis.exceptions.JedisConnectionException: Could not get a resource from the pool
Caused by: redis.clients.jedis.exceptions.JedisConnectionException: java.net.ConnectException: Connection refused (Connection refused)
Caused by: java.net.ConnectException: Connection refused (Connection refused)
</error>
  </testcase>
  <testcase name="testPollFirst[3]" classname="org.springframework.data.redis.support.collections.RedisListTests" time="0.001">
    <error message="Cannot get Jedis connection; nested exception is redis.clients.jedis.exceptions.JedisConnectionException: Could not get a resource from the pool" type="org.springframework.data.redis.RedisConnectionFailureException">org.springframework.data.redis.RedisConnectionFailureException: Cannot get Jedis connection; nested exception is redis.clients.jedis.exceptions.JedisConnectionException: Could not get a resource from the pool
Caused by: redis.clients.jedis.exceptions.JedisConnectionException: Could not get a resource from the pool
Caused by: redis.clients.jedis.exceptions.JedisConnectionException: java.net.ConnectException: Connection refused (Connection refused)
Caused by: java.net.ConnectException: Connection refused (Connection refused)
</error>
  </testcase>
  <testcase name="testPollFirst[3]" classname="org.springframework.data.redis.support.collections.RedisListTests" time="0.001">
    <error message="Cannot get Jedis connection; nested exception is redis.clients.jedis.exceptions.JedisConnectionException: Could not get a resource from the pool" type="org.springframework.data.redis.RedisConnectionFailureException">org.springframework.data.redis.RedisConnectionFailureException: Cannot get Jedis connection; nested exception is redis.clients.jedis.exceptions.JedisConnectionException: Could not get a resource from the pool
Caused by: redis.clients.jedis.exceptions.JedisConnectionException: Could not get a resource from the pool
Caused by: redis.clients.jedis.exceptions.JedisConnectionException: java.net.ConnectException: Connection refused (Connection refused)
Caused by: java.net.ConnectException: Connection refused (Connection refused)
</error>
  </testcase>
  <testcase name="testAddIndexObjectMiddle[3]" classname="org.springframework.data.redis.support.collections.RedisListTests" time="0.001">
    <error message="Unexpected exception, expected&lt;java.lang.IllegalArgumentException&gt; but was&lt;org.springframework.data.redis.RedisConnectionFailureException&gt;" type="java.lang.Exception"><![CDATA[java.lang.Exception: Unexpected exception, expected<java.lang.IllegalArgumentException> but was<org.springframework.data.redis.RedisConnectionFailureException>
Caused by: org.springframework.data.redis.RedisConnectionFailureException: Cannot get Jedis connection; nested exception is redis.clients.jedis.exceptions.JedisConnectionException: Could not get a resource from the pool
Caused by: redis.clients.jedis.exceptions.JedisConnectionException: Could not get a resource from the pool
Caused by: redis.clients.jedis.exceptions.JedisConnectionException: java.net.ConnectException: Connection refused (Connection refused)
Caused by: java.net.ConnectException: Connection refused (Connection refused)
]]></error>
  </testcase>
  <testcase name="testAddIndexObjectMiddle[3]" classname="org.springframework.data.redis.support.collections.RedisListTests" time="0.002">
    <error message="Cannot get Jedis connection; nested exception is redis.clients.jedis.exceptions.JedisConnectionException: Could not get a resource from the pool" type="org.springframework.data.redis.RedisConnectionFailureException">org.springframework.data.redis.RedisConnectionFailureException: Cannot get Jedis connection; nested exception is redis.clients.jedis.exceptions.JedisConnectionException: Could not get a resource from the pool
Caused by: redis.clients.jedis.exceptions.JedisConnectionException: Could not get a resource from the pool
Caused by: redis.clients.jedis.exceptions.JedisConnectionException: java.net.ConnectException: Connection refused (Connection refused)
Caused by: java.net.ConnectException: Connection refused (Connection refused)
</error>
  </testcase>
  <testcase name="testPeekLast[3]" classname="org.springframework.data.redis.support.collections.RedisListTests" time="0.001">
    <error message="Cannot get Jedis connection; nested exception is redis.clients.jedis.exceptions.JedisConnectionException: Could not get a resource from the pool" type="org.springframework.data.redis.RedisConnectionFailureException">org.springframework.data.redis.RedisConnectionFailureException: Cannot get Jedis connection; nested exception is redis.clients.jedis.exceptions.JedisConnectionException: Could not get a resource from the pool
Caused by: redis.clients.jedis.exceptions.JedisConnectionException: Could not get a resource from the pool
Caused by: redis.clients.jedis.exceptions.JedisConnectionException: java.net.ConnectException: Connection refused (Connection refused)
Caused by: java.net.ConnectException: Connection refused (Connection refused)
</error>
  </testcase>
  <testcase name="testPeekLast[3]" classname="org.springframework.data.redis.support.collections.RedisListTests" time="0.001">
    <error message="Cannot get Jedis connection; nested exception is redis.clients.jedis.exceptions.JedisConnectionException: Could not get a resource from the pool" type="org.springframework.data.redis.RedisConnectionFailureException">org.springframework.data.redis.RedisConnectionFailureException: Cannot get Jedis connection; nested exception is redis.clients.jedis.exceptions.JedisConnectionException: Could not get a resource from the pool
Caused by: redis.clients.jedis.exceptions.JedisConnectionException: Could not get a resource from the pool
Caused by: redis.clients.jedis.exceptions.JedisConnectionException: java.net.ConnectException: Connection refused (Connection refused)
Caused by: java.net.ConnectException: Connection refused (Connection refused)
</error>
  </testcase>
  <testcase name="testRemoveFirstOccurrence[3]" classname="org.springframework.data.redis.support.collections.RedisListTests" time="0.001">
    <error message="Cannot get Jedis connection; nested exception is redis.clients.jedis.exceptions.JedisConnectionException: Could not get a resource from the pool" type="org.springframework.data.redis.RedisConnectionFailureException">org.springframework.data.redis.RedisConnectionFailureException: Cannot get Jedis connection; nested exception is redis.clients.jedis.exceptions.JedisConnectionException: Could not get a resource from the pool
Caused by: redis.clients.jedis.exceptions.JedisConnectionException: Could not get a resource from the pool
Caused by: redis.clients.jedis.exceptions.JedisConnectionException: java.net.ConnectException: Connection refused (Connection refused)
Caused by: java.net.ConnectException: Connection refused (Connection refused)
</error>
  </testcase>
  <testcase name="testRemoveFirstOccurrence[3]" classname="org.springframework.data.redis.support.collections.RedisListTests" time="0.001">
    <error message="Cannot get Jedis connection; nested exception is redis.clients.jedis.exceptions.JedisConnectionException: Could not get a resource from the pool" type="org.springframework.data.redis.RedisConnectionFailureException">org.springframework.data.redis.RedisConnectionFailureException: Cannot get Jedis connection; nested exception is redis.clients.jedis.exceptions.JedisConnectionException: Could not get a resource from the pool
Caused by: redis.clients.jedis.exceptions.JedisConnectionException: Could not get a resource from the pool
Caused by: redis.clients.jedis.exceptions.JedisConnectionException: java.net.ConnectException: Connection refused (Connection refused)
Caused by: java.net.ConnectException: Connection refused (Connection refused)
</error>
  </testcase>
  <testcase name="addAllIndexCollectionHead[3]" classname="org.springframework.data.redis.support.collections.RedisListTests" time="0.001">
    <error message="Cannot get Jedis connection; nested exception is redis.clients.jedis.exceptions.JedisConnectionException: Could not get a resource from the pool" type="org.springframework.data.redis.RedisConnectionFailureException">org.springframework.data.redis.RedisConnectionFailureException: Cannot get Jedis connection; nested exception is redis.clients.jedis.exceptions.JedisConnectionException: Could not get a resource from the pool
Caused by: redis.clients.jedis.exceptions.JedisConnectionException: Could not get a resource from the pool
Caused by: redis.clients.jedis.exceptions.JedisConnectionException: java.net.ConnectException: Connection refused (Connection refused)
Caused by: java.net.ConnectException: Connection refused (Connection refused)
</error>
  </testcase>
  <testcase name="addAllIndexCollectionHead[3]" classname="org.springframework.data.redis.support.collections.RedisListTests" time="0.002">
    <error message="Cannot get Jedis connection; nested exception is redis.clients.jedis.exceptions.JedisConnectionException: Could not get a resource from the pool" type="org.springframework.data.redis.RedisConnectionFailureException">org.springframework.data.redis.RedisConnectionFailureException: Cannot get Jedis connection; nested exception is redis.clients.jedis.exceptions.JedisConnectionException: Could not get a resource from the pool
Caused by: redis.clients.jedis.exceptions.JedisConnectionException: Could not get a resource from the pool
Caused by: redis.clients.jedis.exceptions.JedisConnectionException: java.net.ConnectException: Connection refused (Connection refused)
Caused by: java.net.ConnectException: Connection refused (Connection refused)
</error>
  </testcase>
  <testcase name="addAllIndexCollectionTail[3]" classname="org.springframework.data.redis.support.collections.RedisListTests" time="0.001">
    <error message="Cannot get Jedis connection; nested exception is redis.clients.jedis.exceptions.JedisConnectionException: Could not get a resource from the pool" type="org.springframework.data.redis.RedisConnectionFailureException">org.springframework.data.redis.RedisConnectionFailureException: Cannot get Jedis connection; nested exception is redis.clients.jedis.exceptions.JedisConnectionException: Could not get a resource from the pool
Caused by: redis.clients.jedis.exceptions.JedisConnectionException: Could not get a resource from the pool
Caused by: redis.clients.jedis.exceptions.JedisConnectionException: java.net.ConnectException: Connection refused (Connection refused)
Caused by: java.net.ConnectException: Connection refused (Connection refused)
</error>
  </testcase>
  <testcase name="addAllIndexCollectionTail[3]" classname="org.springframework.data.redis.support.collections.RedisListTests" time="0.001">
    <error message="Cannot get Jedis connection; nested exception is redis.clients.jedis.exceptions.JedisConnectionException: Could not get a resource from the pool" type="org.springframework.data.redis.RedisConnectionFailureException">org.springframework.data.redis.RedisConnectionFailureException: Cannot get Jedis connection; nested exception is redis.clients.jedis.exceptions.JedisConnectionException: Could not get a resource from the pool
Caused by: redis.clients.jedis.exceptions.JedisConnectionException: Could not get a resource from the pool
Caused by: redis.clients.jedis.exceptions.JedisConnectionException: java.net.ConnectException: Connection refused (Connection refused)
Caused by: java.net.ConnectException: Connection refused (Connection refused)
</error>
  </testcase>
  <testcase name="addAllIndexCollectionMiddle[3]" classname="org.springframework.data.redis.support.collections.RedisListTests" time="0.001">
    <error message="Unexpected exception, expected&lt;java.lang.IllegalArgumentException&gt; but was&lt;org.springframework.data.redis.RedisConnectionFailureException&gt;" type="java.lang.Exception"><![CDATA[java.lang.Exception: Unexpected exception, expected<java.lang.IllegalArgumentException> but was<org.springframework.data.redis.RedisConnectionFailureException>
Caused by: org.springframework.data.redis.RedisConnectionFailureException: Cannot get Jedis connection; nested exception is redis.clients.jedis.exceptions.JedisConnectionException: Could not get a resource from the pool
Caused by: redis.clients.jedis.exceptions.JedisConnectionException: Could not get a resource from the pool
Caused by: redis.clients.jedis.exceptions.JedisConnectionException: java.net.ConnectException: Connection refused (Connection refused)
Caused by: java.net.ConnectException: Connection refused (Connection refused)
]]></error>
  </testcase>
  <testcase name="addAllIndexCollectionMiddle[3]" classname="org.springframework.data.redis.support.collections.RedisListTests" time="0.001">
    <error message="Cannot get Jedis connection; nested exception is redis.clients.jedis.exceptions.JedisConnectionException: Could not get a resource from the pool" type="org.springframework.data.redis.RedisConnectionFailureException">org.springframework.data.redis.RedisConnectionFailureException: Cannot get Jedis connection; nested exception is redis.clients.jedis.exceptions.JedisConnectionException: Could not get a resource from the pool
Caused by: redis.clients.jedis.exceptions.JedisConnectionException: Could not get a resource from the pool
Caused by: redis.clients.jedis.exceptions.JedisConnectionException: java.net.ConnectException: Connection refused (Connection refused)
Caused by: java.net.ConnectException: Connection refused (Connection refused)
</error>
  </testcase>
  <testcase name="testPollLast[3]" classname="org.springframework.data.redis.support.collections.RedisListTests" time="0">
    <error message="Cannot get Jedis connection; nested exception is redis.clients.jedis.exceptions.JedisConnectionException: Could not get a resource from the pool" type="org.springframework.data.redis.RedisConnectionFailureException">org.springframework.data.redis.RedisConnectionFailureException: Cannot get Jedis connection; nested exception is redis.clients.jedis.exceptions.JedisConnectionException: Could not get a resource from the pool
Caused by: redis.clients.jedis.exceptions.JedisConnectionException: Could not get a resource from the pool
Caused by: redis.clients.jedis.exceptions.JedisConnectionException: java.net.ConnectException: Connection refused (Connection refused)
Caused by: java.net.ConnectException: Connection refused (Connection refused)
</error>
  </testcase>
  <testcase name="testPollLast[3]" classname="org.springframework.data.redis.support.collections.RedisListTests" time="0.001">
    <error message="Cannot get Jedis connection; nested exception is redis.clients.jedis.exceptions.JedisConnectionException: Could not get a resource from the pool" type="org.springframework.data.redis.RedisConnectionFailureException">org.springframework.data.redis.RedisConnectionFailureException: Cannot get Jedis connection; nested exception is redis.clients.jedis.exceptions.JedisConnectionException: Could not get a resource from the pool
Caused by: redis.clients.jedis.exceptions.JedisConnectionException: Could not get a resource from the pool
Caused by: redis.clients.jedis.exceptions.JedisConnectionException: java.net.ConnectException: Connection refused (Connection refused)
Caused by: java.net.ConnectException: Connection refused (Connection refused)
</error>
  </testcase>
  <testcase name="testIndexOfObject[3]" classname="org.springframework.data.redis.support.collections.RedisListTests" time="0">
    <error message="Cannot get Jedis connection; nested exception is redis.clients.jedis.exceptions.JedisConnectionException: Could not get a resource from the pool" type="org.springframework.data.redis.RedisConnectionFailureException">org.springframework.data.redis.RedisConnectionFailureException: Cannot get Jedis connection; nested exception is redis.clients.jedis.exceptions.JedisConnectionException: Could not get a resource from the pool
Caused by: redis.clients.jedis.exceptions.JedisConnectionException: Could not get a resource from the pool
Caused by: redis.clients.jedis.exceptions.JedisConnectionException: java.net.ConnectException: Connection refused (Connection refused)
Caused by: java.net.ConnectException: Connection refused (Connection refused)
</error>
  </testcase>
  <testcase name="testPollTimeout[3]" classname="org.springframework.data.redis.support.collections.RedisListTests" time="0.001">
    <error message="Cannot get Jedis connection; nested exception is redis.clients.jedis.exceptions.JedisConnectionException: Could not get a resource from the pool" type="org.springframework.data.redis.RedisConnectionFailureException">org.springframework.data.redis.RedisConnectionFailureException: Cannot get Jedis connection; nested exception is redis.clients.jedis.exceptions.JedisConnectionException: Could not get a resource from the pool
Caused by: redis.clients.jedis.exceptions.JedisConnectionException: Could not get a resource from the pool
Caused by: redis.clients.jedis.exceptions.JedisConnectionException: java.net.ConnectException: Connection refused (Connection refused)
Caused by: java.net.ConnectException: Connection refused (Connection refused)
</error>
  </testcase>
  <testcase name="testPollTimeout[3]" classname="org.springframework.data.redis.support.collections.RedisListTests" time="0.001">
    <error message="Cannot get Jedis connection; nested exception is redis.clients.jedis.exceptions.JedisConnectionException: Could not get a resource from the pool" type="org.springframework.data.redis.RedisConnectionFailureException">org.springframework.data.redis.RedisConnectionFailureException: Cannot get Jedis connection; nested exception is redis.clients.jedis.exceptions.JedisConnectionException: Could not get a resource from the pool
Caused by: redis.clients.jedis.exceptions.JedisConnectionException: Could not get a resource from the pool
Caused by: redis.clients.jedis.exceptions.JedisConnectionException: java.net.ConnectException: Connection refused (Connection refused)
Caused by: java.net.ConnectException: Connection refused (Connection refused)
</error>
  </testcase>
  <testcase name="testRemove[3]" classname="org.springframework.data.redis.support.collections.RedisListTests" time="0.001">
    <error message="Cannot get Jedis connection; nested exception is redis.clients.jedis.exceptions.JedisConnectionException: Could not get a resource from the pool" type="org.springframework.data.redis.RedisConnectionFailureException">org.springframework.data.redis.RedisConnectionFailureException: Cannot get Jedis connection; nested exception is redis.clients.jedis.exceptions.JedisConnectionException: Could not get a resource from the pool
Caused by: redis.clients.jedis.exceptions.JedisConnectionException: Could not get a resource from the pool
Caused by: redis.clients.jedis.exceptions.JedisConnectionException: java.net.ConnectException: Connection refused (Connection refused)
Caused by: java.net.ConnectException: Connection refused (Connection refused)
</error>
  </testcase>
  <testcase name="testRemove[3]" classname="org.springframework.data.redis.support.collections.RedisListTests" time="0.001">
    <error message="Cannot get Jedis connection; nested exception is redis.clients.jedis.exceptions.JedisConnectionException: Could not get a resource from the pool" type="org.springframework.data.redis.RedisConnectionFailureException">org.springframework.data.redis.RedisConnectionFailureException: Cannot get Jedis connection; nested exception is redis.clients.jedis.exceptions.JedisConnectionException: Could not get a resource from the pool
Caused by: redis.clients.jedis.exceptions.JedisConnectionException: Could not get a resource from the pool
Caused by: redis.clients.jedis.exceptions.JedisConnectionException: java.net.ConnectException: Connection refused (Connection refused)
Caused by: java.net.ConnectException: Connection refused (Connection refused)
</error>
  </testcase>
  <testcase name="testCappedCollection[3]" classname="org.springframework.data.redis.support.collections.RedisListTests" time="0.001">
    <error message="Cannot get Jedis connection; nested exception is redis.clients.jedis.exceptions.JedisConnectionException: Could not get a resource from the pool" type="org.springframework.data.redis.RedisConnectionFailureException">org.springframework.data.redis.RedisConnectionFailureException: Cannot get Jedis connection; nested exception is redis.clients.jedis.exceptions.JedisConnectionException: Could not get a resource from the pool
Caused by: redis.clients.jedis.exceptions.JedisConnectionException: Could not get a resource from the pool
Caused by: redis.clients.jedis.exceptions.JedisConnectionException: java.net.ConnectException: Connection refused (Connection refused)
Caused by: java.net.ConnectException: Connection refused (Connection refused)
</error>
  </testcase>
  <testcase name="testCappedCollection[3]" classname="org.springframework.data.redis.support.collections.RedisListTests" time="0.001">
    <error message="Cannot get Jedis connection; nested exception is redis.clients.jedis.exceptions.JedisConnectionException: Could not get a resource from the pool" type="org.springframework.data.redis.RedisConnectionFailureException">org.springframework.data.redis.RedisConnectionFailureException: Cannot get Jedis connection; nested exception is redis.clients.jedis.exceptions.JedisConnectionException: Could not get a resource from the pool
Caused by: redis.clients.jedis.exceptions.JedisConnectionException: Could not get a resource from the pool
Caused by: redis.clients.jedis.exceptions.JedisConnectionException: java.net.ConnectException: Connection refused (Connection refused)
Caused by: java.net.ConnectException: Connection refused (Connection refused)
</error>
  </testcase>
  <testcase name="testRmoveLastOccurrence[3]" classname="org.springframework.data.redis.support.collections.RedisListTests" time="0.001">
    <error message="Cannot get Jedis connection; nested exception is redis.clients.jedis.exceptions.JedisConnectionException: Could not get a resource from the pool" type="org.springframework.data.redis.RedisConnectionFailureException">org.springframework.data.redis.RedisConnectionFailureException: Cannot get Jedis connection; nested exception is redis.clients.jedis.exceptions.JedisConnectionException: Could not get a resource from the pool
Caused by: redis.clients.jedis.exceptions.JedisConnectionException: Could not get a resource from the pool
Caused by: redis.clients.jedis.exceptions.JedisConnectionException: java.net.ConnectException: Connection refused (Connection refused)
Caused by: java.net.ConnectException: Connection refused (Connection refused)
</error>
  </testcase>
  <testcase name="testRmoveLastOccurrence[3]" classname="org.springframework.data.redis.support.collections.RedisListTests" time="0.001">
    <error message="Cannot get Jedis connection; nested exception is redis.clients.jedis.exceptions.JedisConnectionException: Could not get a resource from the pool" type="org.springframework.data.redis.RedisConnectionFailureException">org.springframework.data.redis.RedisConnectionFailureException: Cannot get Jedis connection; nested exception is redis.clients.jedis.exceptions.JedisConnectionException: Could not get a resource from the pool
Caused by: redis.clients.jedis.exceptions.JedisConnectionException: Could not get a resource from the pool
Caused by: redis.clients.jedis.exceptions.JedisConnectionException: java.net.ConnectException: Connection refused (Connection refused)
Caused by: java.net.ConnectException: Connection refused (Connection refused)
</error>
  </testcase>
  <testcase name="testTakeFirst[3]" classname="org.springframework.data.redis.support.collections.RedisListTests" time="0.001">
    <error message="Cannot get Jedis connection; nested exception is redis.clients.jedis.exceptions.JedisConnectionException: Could not get a resource from the pool" type="org.springframework.data.redis.RedisConnectionFailureException">org.springframework.data.redis.RedisConnectionFailureException: Cannot get Jedis connection; nested exception is redis.clients.jedis.exceptions.JedisConnectionException: Could not get a resource from the pool
Caused by: redis.clients.jedis.exceptions.JedisConnectionException: Could not get a resource from the pool
Caused by: redis.clients.jedis.exceptions.JedisConnectionException: java.net.ConnectException: Connection refused (Connection refused)
Caused by: java.net.ConnectException: Connection refused (Connection refused)
</error>
  </testcase>
  <testcase name="testTakeFirst[3]" classname="org.springframework.data.redis.support.collections.RedisListTests" time="0.001">
    <error message="Cannot get Jedis connection; nested exception is redis.clients.jedis.exceptions.JedisConnectionException: Could not get a resource from the pool" type="org.springframework.data.redis.RedisConnectionFailureException">org.springframework.data.redis.RedisConnectionFailureException: Cannot get Jedis connection; nested exception is redis.clients.jedis.exceptions.JedisConnectionException: Could not get a resource from the pool
Caused by: redis.clients.jedis.exceptions.JedisConnectionException: Could not get a resource from the pool
Caused by: redis.clients.jedis.exceptions.JedisConnectionException: java.net.ConnectException: Connection refused (Connection refused)
Caused by: java.net.ConnectException: Connection refused (Connection refused)
</error>
  </testcase>
  <testcase name="testContainsObject[3]" classname="org.springframework.data.redis.support.collections.RedisListTests" time="0.001">
    <error message="Cannot get Jedis connection; nested exception is redis.clients.jedis.exceptions.JedisConnectionException: Could not get a resource from the pool" type="org.springframework.data.redis.RedisConnectionFailureException">org.springframework.data.redis.RedisConnectionFailureException: Cannot get Jedis connection; nested exception is redis.clients.jedis.exceptions.JedisConnectionException: Could not get a resource from the pool
Caused by: redis.clients.jedis.exceptions.JedisConnectionException: Could not get a resource from the pool
Caused by: redis.clients.jedis.exceptions.JedisConnectionException: java.net.ConnectException: Connection refused (Connection refused)
Caused by: java.net.ConnectException: Connection refused (Connection refused)
</error>
  </testcase>
  <testcase name="testContainsObject[3]" classname="org.springframework.data.redis.support.collections.RedisListTests" time="0.002">
    <error message="Cannot get Jedis connection; nested exception is redis.clients.jedis.exceptions.JedisConnectionException: Could not get a resource from the pool" type="org.springframework.data.redis.RedisConnectionFailureException">org.springframework.data.redis.RedisConnectionFailureException: Cannot get Jedis connection; nested exception is redis.clients.jedis.exceptions.JedisConnectionException: Could not get a resource from the pool
Caused by: redis.clients.jedis.exceptions.JedisConnectionException: Could not get a resource from the pool
Caused by: redis.clients.jedis.exceptions.JedisConnectionException: java.net.ConnectException: Connection refused (Connection refused)
Caused by: java.net.ConnectException: Connection refused (Connection refused)
</error>
  </testcase>
  <testcase name="testToArray[3]" classname="org.springframework.data.redis.support.collections.RedisListTests" time="0.001">
    <error message="Cannot get Jedis connection; nested exception is redis.clients.jedis.exceptions.JedisConnectionException: Could not get a resource from the pool" type="org.springframework.data.redis.RedisConnectionFailureException">org.springframework.data.redis.RedisConnectionFailureException: Cannot get Jedis connection; nested exception is redis.clients.jedis.exceptions.JedisConnectionException: Could not get a resource from the pool
Caused by: redis.clients.jedis.exceptions.JedisConnectionException: Could not get a resource from the pool
Caused by: redis.clients.jedis.exceptions.JedisConnectionException: java.net.ConnectException: Connection refused (Connection refused)
Caused by: java.net.ConnectException: Connection refused (Connection refused)
</error>
  </testcase>
  <testcase name="testToArray[3]" classname="org.springframework.data.redis.support.collections.RedisListTests" time="0.001">
    <error message="Cannot get Jedis connection; nested exception is redis.clients.jedis.exceptions.JedisConnectionException: Could not get a resource from the pool" type="org.springframework.data.redis.RedisConnectionFailureException">org.springframework.data.redis.RedisConnectionFailureException: Cannot get Jedis connection; nested exception is redis.clients.jedis.exceptions.JedisConnectionException: Could not get a resource from the pool
Caused by: redis.clients.jedis.exceptions.JedisConnectionException: Could not get a resource from the pool
Caused by: redis.clients.jedis.exceptions.JedisConnectionException: java.net.ConnectException: Connection refused (Connection refused)
Caused by: java.net.ConnectException: Connection refused (Connection refused)
</error>
  </testcase>
  <testcase name="testAdd[3]" classname="org.springframework.data.redis.support.collections.RedisListTests" time="0.001">
    <error message="Cannot get Jedis connection; nested exception is redis.clients.jedis.exceptions.JedisConnectionException: Could not get a resource from the pool" type="org.springframework.data.redis.RedisConnectionFailureException">org.springframework.data.redis.RedisConnectionFailureException: Cannot get Jedis connection; nested exception is redis.clients.jedis.exceptions.JedisConnectionException: Could not get a resource from the pool
Caused by: redis.clients.jedis.exceptions.JedisConnectionException: Could not get a resource from the pool
Caused by: redis.clients.jedis.exceptions.JedisConnectionException: java.net.ConnectException: Connection refused (Connection refused)
Caused by: java.net.ConnectException: Connection refused (Connection refused)
</error>
  </testcase>
  <testcase name="testAdd[3]" classname="org.springframework.data.redis.support.collections.RedisListTests" time="0.001">
    <error message="Cannot get Jedis connection; nested exception is redis.clients.jedis.exceptions.JedisConnectionException: Could not get a resource from the pool" type="org.springframework.data.redis.RedisConnectionFailureException">org.springframework.data.redis.RedisConnectionFailureException: Cannot get Jedis connection; nested exception is redis.clients.jedis.exceptions.JedisConnectionException: Could not get a resource from the pool
Caused by: redis.clients.jedis.exceptions.JedisConnectionException: Could not get a resource from the pool
Caused by: redis.clients.jedis.exceptions.JedisConnectionException: java.net.ConnectException: Connection refused (Connection refused)
Caused by: java.net.ConnectException: Connection refused (Connection refused)
</error>
  </testcase>
  <testcase name="testClear[3]" classname="org.springframework.data.redis.support.collections.RedisListTests" time="0">
    <error message="Cannot get Jedis connection; nested exception is redis.clients.jedis.exceptions.JedisConnectionException: Could not get a resource from the pool" type="org.springframework.data.redis.RedisConnectionFailureException">org.springframework.data.redis.RedisConnectionFailureException: Cannot get Jedis connection; nested exception is redis.clients.jedis.exceptions.JedisConnectionException: Could not get a resource from the pool
Caused by: redis.clients.jedis.exceptions.JedisConnectionException: Could not get a resource from the pool
Caused by: redis.clients.jedis.exceptions.JedisConnectionException: java.net.ConnectException: Connection refused (Connection refused)
Caused by: java.net.ConnectException: Connection refused (Connection refused)
</error>
  </testcase>
  <testcase name="testClear[3]" classname="org.springframework.data.redis.support.collections.RedisListTests" time="0.001">
    <error message="Cannot get Jedis connection; nested exception is redis.clients.jedis.exceptions.JedisConnectionException: Could not get a resource from the pool" type="org.springframework.data.redis.RedisConnectionFailureException">org.springframework.data.redis.RedisConnectionFailureException: Cannot get Jedis connection; nested exception is redis.clients.jedis.exceptions.JedisConnectionException: Could not get a resource from the pool
Caused by: redis.clients.jedis.exceptions.JedisConnectionException: Could not get a resource from the pool
Caused by: redis.clients.jedis.exceptions.JedisConnectionException: java.net.ConnectException: Connection refused (Connection refused)
Caused by: java.net.ConnectException: Connection refused (Connection refused)
</error>
  </testcase>
  <testcase name="testSize[3]" classname="org.springframework.data.redis.support.collections.RedisListTests" time="0.001">
    <error message="Cannot get Jedis connection; nested exception is redis.clients.jedis.exceptions.JedisConnectionException: Could not get a resource from the pool" type="org.springframework.data.redis.RedisConnectionFailureException">org.springframework.data.redis.RedisConnectionFailureException: Cannot get Jedis connection; nested exception is redis.clients.jedis.exceptions.JedisConnectionException: Could not get a resource from the pool
Caused by: redis.clients.jedis.exceptions.JedisConnectionException: Could not get a resource from the pool
Caused by: redis.clients.jedis.exceptions.JedisConnectionException: java.net.ConnectException: Connection refused (Connection refused)
Caused by: java.net.ConnectException: Connection refused (Connection refused)
</error>
  </testcase>
  <testcase name="testSize[3]" classname="org.springframework.data.redis.support.collections.RedisListTests" time="0.001">
    <error message="Cannot get Jedis connection; nested exception is redis.clients.jedis.exceptions.JedisConnectionException: Could not get a resource from the pool" type="org.springframework.data.redis.RedisConnectionFailureException">org.springframework.data.redis.RedisConnectionFailureException: Cannot get Jedis connection; nested exception is redis.clients.jedis.exceptions.JedisConnectionException: Could not get a resource from the pool
Caused by: redis.clients.jedis.exceptions.JedisConnectionException: Could not get a resource from the pool
Caused by: redis.clients.jedis.exceptions.JedisConnectionException: java.net.ConnectException: Connection refused (Connection refused)
Caused by: java.net.ConnectException: Connection refused (Connection refused)
</error>
  </testcase>
  <testcase name="testToString[3]" classname="org.springframework.data.redis.support.collections.RedisListTests" time="0.001">
    <error message="Cannot get Jedis connection; nested exception is redis.clients.jedis.exceptions.JedisConnectionException: Could not get a resource from the pool" type="org.springframework.data.redis.RedisConnectionFailureException">org.springframework.data.redis.RedisConnectionFailureException: Cannot get Jedis connection; nested exception is redis.clients.jedis.exceptions.JedisConnectionException: Could not get a resource from the pool
Caused by: redis.clients.jedis.exceptions.JedisConnectionException: Could not get a resource from the pool
Caused by: redis.clients.jedis.exceptions.JedisConnectionException: java.net.ConnectException: Connection refused (Connection refused)
Caused by: java.net.ConnectException: Connection refused (Connection refused)
</error>
  </testcase>
  <testcase name="testToString[3]" classname="org.springframework.data.redis.support.collections.RedisListTests" time="0.001">
    <error message="Cannot get Jedis connection; nested exception is redis.clients.jedis.exceptions.JedisConnectionException: Could not get a resource from the pool" type="org.springframework.data.redis.RedisConnectionFailureException">org.springframework.data.redis.RedisConnectionFailureException: Cannot get Jedis connection; nested exception is redis.clients.jedis.exceptions.JedisConnectionException: Could not get a resource from the pool
Caused by: redis.clients.jedis.exceptions.JedisConnectionException: Could not get a resource from the pool
Caused by: redis.clients.jedis.exceptions.JedisConnectionException: java.net.ConnectException: Connection refused (Connection refused)
Caused by: java.net.ConnectException: Connection refused (Connection refused)
</error>
  </testcase>
  <testcase name="testContainsAll[3]" classname="org.springframework.data.redis.support.collections.RedisListTests" time="0">
    <error message="Cannot get Jedis connection; nested exception is redis.clients.jedis.exceptions.JedisConnectionException: Could not get a resource from the pool" type="org.springframework.data.redis.RedisConnectionFailureException">org.springframework.data.redis.RedisConnectionFailureException: Cannot get Jedis connection; nested exception is redis.clients.jedis.exceptions.JedisConnectionException: Could not get a resource from the pool
Caused by: redis.clients.jedis.exceptions.JedisConnectionException: Could not get a resource from the pool
Caused by: redis.clients.jedis.exceptions.JedisConnectionException: java.net.ConnectException: Connection refused (Connection refused)
Caused by: java.net.ConnectException: Connection refused (Connection refused)
</error>
  </testcase>
  <testcase name="testContainsAll[3]" classname="org.springframework.data.redis.support.collections.RedisListTests" time="0.001">
    <error message="Cannot get Jedis connection; nested exception is redis.clients.jedis.exceptions.JedisConnectionException: Could not get a resource from the pool" type="org.springframework.data.redis.RedisConnectionFailureException">org.springframework.data.redis.RedisConnectionFailureException: Cannot get Jedis connection; nested exception is redis.clients.jedis.exceptions.JedisConnectionException: Could not get a resource from the pool
Caused by: redis.clients.jedis.exceptions.JedisConnectionException: Could not get a resource from the pool
Caused by: redis.clients.jedis.exceptions.JedisConnectionException: java.net.ConnectException: Connection refused (Connection refused)
Caused by: java.net.ConnectException: Connection refused (Connection refused)
</error>
  </testcase>
  <testcase name="testRemoveObject[3]" classname="org.springframework.data.redis.support.collections.RedisListTests" time="0.001">
    <error message="Cannot get Jedis connection; nested exception is redis.clients.jedis.exceptions.JedisConnectionException: Could not get a resource from the pool" type="org.springframework.data.redis.RedisConnectionFailureException">org.springframework.data.redis.RedisConnectionFailureException: Cannot get Jedis connection; nested exception is redis.clients.jedis.exceptions.JedisConnectionException: Could not get a resource from the pool
Caused by: redis.clients.jedis.exceptions.JedisConnectionException: Could not get a resource from the pool
Caused by: redis.clients.jedis.exceptions.JedisConnectionException: java.net.ConnectException: Connection refused (Connection refused)
Caused by: java.net.ConnectException: Connection refused (Connection refused)
</error>
  </testcase>
  <testcase name="testRemoveObject[3]" classname="org.springframework.data.redis.support.collections.RedisListTests" time="0.001">
    <error message="Cannot get Jedis connection; nested exception is redis.clients.jedis.exceptions.JedisConnectionException: Could not get a resource from the pool" type="org.springframework.data.redis.RedisConnectionFailureException">org.springframework.data.redis.RedisConnectionFailureException: Cannot get Jedis connection; nested exception is redis.clients.jedis.exceptions.JedisConnectionException: Could not get a resource from the pool
Caused by: redis.clients.jedis.exceptions.JedisConnectionException: Could not get a resource from the pool
Caused by: redis.clients.jedis.exceptions.JedisConnectionException: java.net.ConnectException: Connection refused (Connection refused)
Caused by: java.net.ConnectException: Connection refused (Connection refused)
</error>
  </testcase>
  <testcase name="testHashCode[3]" classname="org.springframework.data.redis.support.collections.RedisListTests" time="0.001">
    <error message="Cannot get Jedis connection; nested exception is redis.clients.jedis.exceptions.JedisConnectionException: Could not get a resource from the pool" type="org.springframework.data.redis.RedisConnectionFailureException">org.springframework.data.redis.RedisConnectionFailureException: Cannot get Jedis connection; nested exception is redis.clients.jedis.exceptions.JedisConnectionException: Could not get a resource from the pool
Caused by: redis.clients.jedis.exceptions.JedisConnectionException: Could not get a resource from the pool
Caused by: redis.clients.jedis.exceptions.JedisConnectionException: java.net.ConnectException: Connection refused (Connection refused)
Caused by: java.net.ConnectException: Connection refused (Connection refused)
</error>
  </testcase>
  <testcase name="testAddAll[3]" classname="org.springframework.data.redis.support.collections.RedisListTests" time="0.001">
    <error message="Cannot get Jedis connection; nested exception is redis.clients.jedis.exceptions.JedisConnectionException: Could not get a resource from the pool" type="org.springframework.data.redis.RedisConnectionFailureException">org.springframework.data.redis.RedisConnectionFailureException: Cannot get Jedis connection; nested exception is redis.clients.jedis.exceptions.JedisConnectionException: Could not get a resource from the pool
Caused by: redis.clients.jedis.exceptions.JedisConnectionException: Could not get a resource from the pool
Caused by: redis.clients.jedis.exceptions.JedisConnectionException: java.net.ConnectException: Connection refused (Connection refused)
Caused by: java.net.ConnectException: Connection refused (Connection refused)
</error>
  </testcase>
  <testcase name="testAddAll[3]" classname="org.springframework.data.redis.support.collections.RedisListTests" time="0.001">
    <error message="Cannot get Jedis connection; nested exception is redis.clients.jedis.exceptions.JedisConnectionException: Could not get a resource from the pool" type="org.springframework.data.redis.RedisConnectionFailureException">org.springframework.data.redis.RedisConnectionFailureException: Cannot get Jedis connection; nested exception is redis.clients.jedis.exceptions.JedisConnectionException: Could not get a resource from the pool
Caused by: redis.clients.jedis.exceptions.JedisConnectionException: Could not get a resource from the pool
Caused by: redis.clients.jedis.exceptions.JedisConnectionException: java.net.ConnectException: Connection refused (Connection refused)
Caused by: java.net.ConnectException: Connection refused (Connection refused)
</error>
  </testcase>
  <testcase name="removeAll[3]" classname="org.springframework.data.redis.support.collections.RedisListTests" time="0.001">
    <error message="Cannot get Jedis connection; nested exception is redis.clients.jedis.exceptions.JedisConnectionException: Could not get a resource from the pool" type="org.springframework.data.redis.RedisConnectionFailureException">org.springframework.data.redis.RedisConnectionFailureException: Cannot get Jedis connection; nested exception is redis.clients.jedis.exceptions.JedisConnectionException: Could not get a resource from the pool
Caused by: redis.clients.jedis.exceptions.JedisConnectionException: Could not get a resource from the pool
Caused by: redis.clients.jedis.exceptions.JedisConnectionException: java.net.ConnectException: Connection refused (Connection refused)
Caused by: java.net.ConnectException: Connection refused (Connection refused)
</error>
  </testcase>
  <testcase name="removeAll[3]" classname="org.springframework.data.redis.support.collections.RedisListTests" time="0.002">
    <error message="Cannot get Jedis connection; nested exception is redis.clients.jedis.exceptions.JedisConnectionException: Could not get a resource from the pool" type="org.springframework.data.redis.RedisConnectionFailureException">org.springframework.data.redis.RedisConnectionFailureException: Cannot get Jedis connection; nested exception is redis.clients.jedis.exceptions.JedisConnectionException: Could not get a resource from the pool
Caused by: redis.clients.jedis.exceptions.JedisConnectionException: Could not get a resource from the pool
Caused by: redis.clients.jedis.exceptions.JedisConnectionException: java.net.ConnectException: Connection refused (Connection refused)
Caused by: java.net.ConnectException: Connection refused (Connection refused)
</error>
  </testcase>
  <testcase name="testEquals[3]" classname="org.springframework.data.redis.support.collections.RedisListTests" time="0">
    <error message="Cannot get Jedis connection; nested exception is redis.clients.jedis.exceptions.JedisConnectionException: Could not get a resource from the pool" type="org.springframework.data.redis.RedisConnectionFailureException">org.springframework.data.redis.RedisConnectionFailureException: Cannot get Jedis connection; nested exception is redis.clients.jedis.exceptions.JedisConnectionException: Could not get a resource from the pool
Caused by: redis.clients.jedis.exceptions.JedisConnectionException: Could not get a resource from the pool
Caused by: redis.clients.jedis.exceptions.JedisConnectionException: java.net.ConnectException: Connection refused (Connection refused)
Caused by: java.net.ConnectException: Connection refused (Connection refused)
</error>
  </testcase>
  <testcase name="testGetKey[3]" classname="org.springframework.data.redis.support.collections.RedisListTests" time="0">
    <error message="Cannot get Jedis connection; nested exception is redis.clients.jedis.exceptions.JedisConnectionException: Could not get a resource from the pool" type="org.springframework.data.redis.RedisConnectionFailureException">org.springframework.data.redis.RedisConnectionFailureException: Cannot get Jedis connection; nested exception is redis.clients.jedis.exceptions.JedisConnectionException: Could not get a resource from the pool
Caused by: redis.clients.jedis.exceptions.JedisConnectionException: Could not get a resource from the pool
Caused by: redis.clients.jedis.exceptions.JedisConnectionException: java.net.ConnectException: Connection refused (Connection refused)
Caused by: java.net.ConnectException: Connection refused (Connection refused)
</error>
  </testcase>
  <testcase name="testToArrayWithGenerics[3]" classname="org.springframework.data.redis.support.collections.RedisListTests" time="0.001">
    <error message="Cannot get Jedis connection; nested exception is redis.clients.jedis.exceptions.JedisConnectionException: Could not get a resource from the pool" type="org.springframework.data.redis.RedisConnectionFailureException">org.springframework.data.redis.RedisConnectionFailureException: Cannot get Jedis connection; nested exception is redis.clients.jedis.exceptions.JedisConnectionException: Could not get a resource from the pool
Caused by: redis.clients.jedis.exceptions.JedisConnectionException: Could not get a resource from the pool
Caused by: redis.clients.jedis.exceptions.JedisConnectionException: java.net.ConnectException: Connection refused (Connection refused)
Caused by: java.net.ConnectException: Connection refused (Connection refused)
</error>
  </testcase>
  <testcase name="testToArrayWithGenerics[3]" classname="org.springframework.data.redis.support.collections.RedisListTests" time="0.001">
    <error message="Cannot get Jedis connection; nested exception is redis.clients.jedis.exceptions.JedisConnectionException: Could not get a resource from the pool" type="org.springframework.data.redis.RedisConnectionFailureException">org.springframework.data.redis.RedisConnectionFailureException: Cannot get Jedis connection; nested exception is redis.clients.jedis.exceptions.JedisConnectionException: Could not get a resource from the pool
Caused by: redis.clients.jedis.exceptions.JedisConnectionException: Could not get a resource from the pool
Caused by: redis.clients.jedis.exceptions.JedisConnectionException: java.net.ConnectException: Connection refused (Connection refused)
Caused by: java.net.ConnectException: Connection refused (Connection refused)
</error>
  </testcase>
  <testcase name="testIsEmpty[3]" classname="org.springframework.data.redis.support.collections.RedisListTests" time="0">
    <error message="Cannot get Jedis connection; nested exception is redis.clients.jedis.exceptions.JedisConnectionException: Could not get a resource from the pool" type="org.springframework.data.redis.RedisConnectionFailureException">org.springframework.data.redis.RedisConnectionFailureException: Cannot get Jedis connection; nested exception is redis.clients.jedis.exceptions.JedisConnectionException: Could not get a resource from the pool
Caused by: redis.clients.jedis.exceptions.JedisConnectionException: Could not get a resource from the pool
Caused by: redis.clients.jedis.exceptions.JedisConnectionException: java.net.ConnectException: Connection refused (Connection refused)
Caused by: java.net.ConnectException: Connection refused (Connection refused)
</error>
  </testcase>
  <testcase name="testIsEmpty[3]" classname="org.springframework.data.redis.support.collections.RedisListTests" time="0.001">
    <error message="Cannot get Jedis connection; nested exception is redis.clients.jedis.exceptions.JedisConnectionException: Could not get a resource from the pool" type="org.springframework.data.redis.RedisConnectionFailureException">org.springframework.data.redis.RedisConnectionFailureException: Cannot get Jedis connection; nested exception is redis.clients.jedis.exceptions.JedisConnectionException: Could not get a resource from the pool
Caused by: redis.clients.jedis.exceptions.JedisConnectionException: Could not get a resource from the pool
Caused by: redis.clients.jedis.exceptions.JedisConnectionException: java.net.ConnectException: Connection refused (Connection refused)
Caused by: java.net.ConnectException: Connection refused (Connection refused)
</error>
  </testcase>
  <testcase name="testIterator[3]" classname="org.springframework.data.redis.support.collections.RedisListTests" time="0.001">
    <error message="Cannot get Jedis connection; nested exception is redis.clients.jedis.exceptions.JedisConnectionException: Could not get a resource from the pool" type="org.springframework.data.redis.RedisConnectionFailureException">org.springframework.data.redis.RedisConnectionFailureException: Cannot get Jedis connection; nested exception is redis.clients.jedis.exceptions.JedisConnectionException: Could not get a resource from the pool
Caused by: redis.clients.jedis.exceptions.JedisConnectionException: Could not get a resource from the pool
Caused by: redis.clients.jedis.exceptions.JedisConnectionException: java.net.ConnectException: Connection refused (Connection refused)
Caused by: java.net.ConnectException: Connection refused (Connection refused)
</error>
  </testcase>
  <testcase name="testIterator[3]" classname="org.springframework.data.redis.support.collections.RedisListTests" time="0.001">
    <error message="Cannot get Jedis connection; nested exception is redis.clients.jedis.exceptions.JedisConnectionException: Could not get a resource from the pool" type="org.springframework.data.redis.RedisConnectionFailureException">org.springframework.data.redis.RedisConnectionFailureException: Cannot get Jedis connection; nested exception is redis.clients.jedis.exceptions.JedisConnectionException: Could not get a resource from the pool
Caused by: redis.clients.jedis.exceptions.JedisConnectionException: Could not get a resource from the pool
Caused by: redis.clients.jedis.exceptions.JedisConnectionException: java.net.ConnectException: Connection refused (Connection refused)
Caused by: java.net.ConnectException: Connection refused (Connection refused)
</error>
  </testcase>
  <testcase name="testElement[4]" classname="org.springframework.data.redis.support.collections.RedisListTests" time="0.001">
    <error message="Cannot get Jedis connection; nested exception is redis.clients.jedis.exceptions.JedisConnectionException: Could not get a resource from the pool" type="org.springframework.data.redis.RedisConnectionFailureException">org.springframework.data.redis.RedisConnectionFailureException: Cannot get Jedis connection; nested exception is redis.clients.jedis.exceptions.JedisConnectionException: Could not get a resource from the pool
Caused by: redis.clients.jedis.exceptions.JedisConnectionException: Could not get a resource from the pool
Caused by: redis.clients.jedis.exceptions.JedisConnectionException: java.net.ConnectException: Connection refused (Connection refused)
Caused by: java.net.ConnectException: Connection refused (Connection refused)
</error>
  </testcase>
  <testcase name="testElement[4]" classname="org.springframework.data.redis.support.collections.RedisListTests" time="0.001">
    <error message="Cannot get Jedis connection; nested exception is redis.clients.jedis.exceptions.JedisConnectionException: Could not get a resource from the pool" type="org.springframework.data.redis.RedisConnectionFailureException">org.springframework.data.redis.RedisConnectionFailureException: Cannot get Jedis connection; nested exception is redis.clients.jedis.exceptions.JedisConnectionException: Could not get a resource from the pool
Caused by: redis.clients.jedis.exceptions.JedisConnectionException: Could not get a resource from the pool
Caused by: redis.clients.jedis.exceptions.JedisConnectionException: java.net.ConnectException: Connection refused (Connection refused)
Caused by: java.net.ConnectException: Connection refused (Connection refused)
</error>
  </testcase>
  <testcase name="testPutFirst[4]" classname="org.springframework.data.redis.support.collections.RedisListTests" time="0.001">
    <error message="Cannot get Jedis connection; nested exception is redis.clients.jedis.exceptions.JedisConnectionException: Could not get a resource from the pool" type="org.springframework.data.redis.RedisConnectionFailureException">org.springframework.data.redis.RedisConnectionFailureException: Cannot get Jedis connection; nested exception is redis.clients.jedis.exceptions.JedisConnectionException: Could not get a resource from the pool
Caused by: redis.clients.jedis.exceptions.JedisConnectionException: Could not get a resource from the pool
Caused by: redis.clients.jedis.exceptions.JedisConnectionException: java.net.ConnectException: Connection refused (Connection refused)
Caused by: java.net.ConnectException: Connection refused (Connection refused)
</error>
  </testcase>
  <testcase name="testPutFirst[4]" classname="org.springframework.data.redis.support.collections.RedisListTests" time="0.001">
    <error message="Cannot get Jedis connection; nested exception is redis.clients.jedis.exceptions.JedisConnectionException: Could not get a resource from the pool" type="org.springframework.data.redis.RedisConnectionFailureException">org.springframework.data.redis.RedisConnectionFailureException: Cannot get Jedis connection; nested exception is redis.clients.jedis.exceptions.JedisConnectionException: Could not get a resource from the pool
Caused by: redis.clients.jedis.exceptions.JedisConnectionException: Could not get a resource from the pool
Caused by: redis.clients.jedis.exceptions.JedisConnectionException: java.net.ConnectException: Connection refused (Connection refused)
Caused by: java.net.ConnectException: Connection refused (Connection refused)
</error>
  </testcase>
  <testcase name="testPollLastTimeout[4]" classname="org.springframework.data.redis.support.collections.RedisListTests" time="0.001">
    <error message="Cannot get Jedis connection; nested exception is redis.clients.jedis.exceptions.JedisConnectionException: Could not get a resource from the pool" type="org.springframework.data.redis.RedisConnectionFailureException">org.springframework.data.redis.RedisConnectionFailureException: Cannot get Jedis connection; nested exception is redis.clients.jedis.exceptions.JedisConnectionException: Could not get a resource from the pool
Caused by: redis.clients.jedis.exceptions.JedisConnectionException: Could not get a resource from the pool
Caused by: redis.clients.jedis.exceptions.JedisConnectionException: java.net.ConnectException: Connection refused (Connection refused)
Caused by: java.net.ConnectException: Connection refused (Connection refused)
</error>
  </testcase>
  <testcase name="testPollLastTimeout[4]" classname="org.springframework.data.redis.support.collections.RedisListTests" time="0.001">
    <error message="Cannot get Jedis connection; nested exception is redis.clients.jedis.exceptions.JedisConnectionException: Could not get a resource from the pool" type="org.springframework.data.redis.RedisConnectionFailureException">org.springframework.data.redis.RedisConnectionFailureException: Cannot get Jedis connection; nested exception is redis.clients.jedis.exceptions.JedisConnectionException: Could not get a resource from the pool
Caused by: redis.clients.jedis.exceptions.JedisConnectionException: Could not get a resource from the pool
Caused by: redis.clients.jedis.exceptions.JedisConnectionException: java.net.ConnectException: Connection refused (Connection refused)
Caused by: java.net.ConnectException: Connection refused (Connection refused)
</error>
  </testcase>
  <testcase name="testPeekFirst[4]" classname="org.springframework.data.redis.support.collections.RedisListTests" time="0.001">
    <error message="Cannot get Jedis connection; nested exception is redis.clients.jedis.exceptions.JedisConnectionException: Could not get a resource from the pool" type="org.springframework.data.redis.RedisConnectionFailureException">org.springframework.data.redis.RedisConnectionFailureException: Cannot get Jedis connection; nested exception is redis.clients.jedis.exceptions.JedisConnectionException: Could not get a resource from the pool
Caused by: redis.clients.jedis.exceptions.JedisConnectionException: Could not get a resource from the pool
Caused by: redis.clients.jedis.exceptions.JedisConnectionException: java.net.ConnectException: Connection refused (Connection refused)
Caused by: java.net.ConnectException: Connection refused (Connection refused)
</error>
  </testcase>
  <testcase name="testPeekFirst[4]" classname="org.springframework.data.redis.support.collections.RedisListTests" time="0.001">
    <error message="Cannot get Jedis connection; nested exception is redis.clients.jedis.exceptions.JedisConnectionException: Could not get a resource from the pool" type="org.springframework.data.redis.RedisConnectionFailureException">org.springframework.data.redis.RedisConnectionFailureException: Cannot get Jedis connection; nested exception is redis.clients.jedis.exceptions.JedisConnectionException: Could not get a resource from the pool
Caused by: redis.clients.jedis.exceptions.JedisConnectionException: Could not get a resource from the pool
Caused by: redis.clients.jedis.exceptions.JedisConnectionException: java.net.ConnectException: Connection refused (Connection refused)
Caused by: java.net.ConnectException: Connection refused (Connection refused)
</error>
  </testcase>
  <testcase name="testOfferLast[4]" classname="org.springframework.data.redis.support.collections.RedisListTests" time="0.001">
    <error message="Cannot get Jedis connection; nested exception is redis.clients.jedis.exceptions.JedisConnectionException: Could not get a resource from the pool" type="org.springframework.data.redis.RedisConnectionFailureException">org.springframework.data.redis.RedisConnectionFailureException: Cannot get Jedis connection; nested exception is redis.clients.jedis.exceptions.JedisConnectionException: Could not get a resource from the pool
Caused by: redis.clients.jedis.exceptions.JedisConnectionException: Could not get a resource from the pool
Caused by: redis.clients.jedis.exceptions.JedisConnectionException: java.net.ConnectException: Connection refused (Connection refused)
Caused by: java.net.ConnectException: Connection refused (Connection refused)
</error>
  </testcase>
  <testcase name="testOfferLast[4]" classname="org.springframework.data.redis.support.collections.RedisListTests" time="0.001">
    <error message="Cannot get Jedis connection; nested exception is redis.clients.jedis.exceptions.JedisConnectionException: Could not get a resource from the pool" type="org.springframework.data.redis.RedisConnectionFailureException">org.springframework.data.redis.RedisConnectionFailureException: Cannot get Jedis connection; nested exception is redis.clients.jedis.exceptions.JedisConnectionException: Could not get a resource from the pool
Caused by: redis.clients.jedis.exceptions.JedisConnectionException: Could not get a resource from the pool
Caused by: redis.clients.jedis.exceptions.JedisConnectionException: java.net.ConnectException: Connection refused (Connection refused)
Caused by: java.net.ConnectException: Connection refused (Connection refused)
</error>
  </testcase>
  <testcase name="testGetFirst[4]" classname="org.springframework.data.redis.support.collections.RedisListTests" time="0.001">
    <error message="Cannot get Jedis connection; nested exception is redis.clients.jedis.exceptions.JedisConnectionException: Could not get a resource from the pool" type="org.springframework.data.redis.RedisConnectionFailureException">org.springframework.data.redis.RedisConnectionFailureException: Cannot get Jedis connection; nested exception is redis.clients.jedis.exceptions.JedisConnectionException: Could not get a resource from the pool
Caused by: redis.clients.jedis.exceptions.JedisConnectionException: Could not get a resource from the pool
Caused by: redis.clients.jedis.exceptions.JedisConnectionException: java.net.ConnectException: Connection refused (Connection refused)
Caused by: java.net.ConnectException: Connection refused (Connection refused)
</error>
  </testcase>
  <testcase name="testGetFirst[4]" classname="org.springframework.data.redis.support.collections.RedisListTests" time="0.001">
    <error message="Cannot get Jedis connection; nested exception is redis.clients.jedis.exceptions.JedisConnectionException: Could not get a resource from the pool" type="org.springframework.data.redis.RedisConnectionFailureException">org.springframework.data.redis.RedisConnectionFailureException: Cannot get Jedis connection; nested exception is redis.clients.jedis.exceptions.JedisConnectionException: Could not get a resource from the pool
Caused by: redis.clients.jedis.exceptions.JedisConnectionException: Could not get a resource from the pool
Caused by: redis.clients.jedis.exceptions.JedisConnectionException: java.net.ConnectException: Connection refused (Connection refused)
Caused by: java.net.ConnectException: Connection refused (Connection refused)
</error>
  </testcase>
  <testcase name="testAddLast[4]" classname="org.springframework.data.redis.support.collections.RedisListTests" time="0.001">
    <error message="Cannot get Jedis connection; nested exception is redis.clients.jedis.exceptions.JedisConnectionException: Could not get a resource from the pool" type="org.springframework.data.redis.RedisConnectionFailureException">org.springframework.data.redis.RedisConnectionFailureException: Cannot get Jedis connection; nested exception is redis.clients.jedis.exceptions.JedisConnectionException: Could not get a resource from the pool
Caused by: redis.clients.jedis.exceptions.JedisConnectionException: Could not get a resource from the pool
Caused by: redis.clients.jedis.exceptions.JedisConnectionException: java.net.ConnectException: Connection refused (Connection refused)
Caused by: java.net.ConnectException: Connection refused (Connection refused)
</error>
  </testcase>
  <testcase name="testAddLast[4]" classname="org.springframework.data.redis.support.collections.RedisListTests" time="0.001">
    <error message="Cannot get Jedis connection; nested exception is redis.clients.jedis.exceptions.JedisConnectionException: Could not get a resource from the pool" type="org.springframework.data.redis.RedisConnectionFailureException">org.springframework.data.redis.RedisConnectionFailureException: Cannot get Jedis connection; nested exception is redis.clients.jedis.exceptions.JedisConnectionException: Could not get a resource from the pool
Caused by: redis.clients.jedis.exceptions.JedisConnectionException: Could not get a resource from the pool
Caused by: redis.clients.jedis.exceptions.JedisConnectionException: java.net.ConnectException: Connection refused (Connection refused)
Caused by: java.net.ConnectException: Connection refused (Connection refused)
</error>
  </testcase>
  <testcase name="testPop[4]" classname="org.springframework.data.redis.support.collections.RedisListTests" time="0">
    <error message="Cannot get Jedis connection; nested exception is redis.clients.jedis.exceptions.JedisConnectionException: Could not get a resource from the pool" type="org.springframework.data.redis.RedisConnectionFailureException">org.springframework.data.redis.RedisConnectionFailureException: Cannot get Jedis connection; nested exception is redis.clients.jedis.exceptions.JedisConnectionException: Could not get a resource from the pool
Caused by: redis.clients.jedis.exceptions.JedisConnectionException: Could not get a resource from the pool
Caused by: redis.clients.jedis.exceptions.JedisConnectionException: java.net.ConnectException: Connection refused (Connection refused)
Caused by: java.net.ConnectException: Connection refused (Connection refused)
</error>
  </testcase>
  <testcase name="testPop[4]" classname="org.springframework.data.redis.support.collections.RedisListTests" time="0.001">
    <error message="Cannot get Jedis connection; nested exception is redis.clients.jedis.exceptions.JedisConnectionException: Could not get a resource from the pool" type="org.springframework.data.redis.RedisConnectionFailureException">org.springframework.data.redis.RedisConnectionFailureException: Cannot get Jedis connection; nested exception is redis.clients.jedis.exceptions.JedisConnectionException: Could not get a resource from the pool
Caused by: redis.clients.jedis.exceptions.JedisConnectionException: Could not get a resource from the pool
Caused by: redis.clients.jedis.exceptions.JedisConnectionException: java.net.ConnectException: Connection refused (Connection refused)
Caused by: java.net.ConnectException: Connection refused (Connection refused)
</error>
  </testcase>
  <testcase name="testPut[4]" classname="org.springframework.data.redis.support.collections.RedisListTests" time="0.001">
    <error message="Cannot get Jedis connection; nested exception is redis.clients.jedis.exceptions.JedisConnectionException: Could not get a resource from the pool" type="org.springframework.data.redis.RedisConnectionFailureException">org.springframework.data.redis.RedisConnectionFailureException: Cannot get Jedis connection; nested exception is redis.clients.jedis.exceptions.JedisConnectionException: Could not get a resource from the pool
Caused by: redis.clients.jedis.exceptions.JedisConnectionException: Could not get a resource from the pool
Caused by: redis.clients.jedis.exceptions.JedisConnectionException: java.net.ConnectException: Connection refused (Connection refused)
Caused by: java.net.ConnectException: Connection refused (Connection refused)
</error>
  </testcase>
  <testcase name="testPut[4]" classname="org.springframework.data.redis.support.collections.RedisListTests" time="0.001">
    <error message="Cannot get Jedis connection; nested exception is redis.clients.jedis.exceptions.JedisConnectionException: Could not get a resource from the pool" type="org.springframework.data.redis.RedisConnectionFailureException">org.springframework.data.redis.RedisConnectionFailureException: Cannot get Jedis connection; nested exception is redis.clients.jedis.exceptions.JedisConnectionException: Could not get a resource from the pool
Caused by: redis.clients.jedis.exceptions.JedisConnectionException: Could not get a resource from the pool
Caused by: redis.clients.jedis.exceptions.JedisConnectionException: java.net.ConnectException: Connection refused (Connection refused)
Caused by: java.net.ConnectException: Connection refused (Connection refused)
</error>
  </testcase>
  <testcase name="testSet[4]" classname="org.springframework.data.redis.support.collections.RedisListTests" time="0.001">
    <error message="Cannot get Jedis connection; nested exception is redis.clients.jedis.exceptions.JedisConnectionException: Could not get a resource from the pool" type="org.springframework.data.redis.RedisConnectionFailureException">org.springframework.data.redis.RedisConnectionFailureException: Cannot get Jedis connection; nested exception is redis.clients.jedis.exceptions.JedisConnectionException: Could not get a resource from the pool
Caused by: redis.clients.jedis.exceptions.JedisConnectionException: Could not get a resource from the pool
Caused by: redis.clients.jedis.exceptions.JedisConnectionException: java.net.ConnectException: Connection refused (Connection refused)
Caused by: java.net.ConnectException: Connection refused (Connection refused)
</error>
  </testcase>
  <testcase name="testSet[4]" classname="org.springframework.data.redis.support.collections.RedisListTests" time="0.002">
    <error message="Cannot get Jedis connection; nested exception is redis.clients.jedis.exceptions.JedisConnectionException: Could not get a resource from the pool" type="org.springframework.data.redis.RedisConnectionFailureException">org.springframework.data.redis.RedisConnectionFailureException: Cannot get Jedis connection; nested exception is redis.clients.jedis.exceptions.JedisConnectionException: Could not get a resource from the pool
Caused by: redis.clients.jedis.exceptions.JedisConnectionException: Could not get a resource from the pool
Caused by: redis.clients.jedis.exceptions.JedisConnectionException: java.net.ConnectException: Connection refused (Connection refused)
Caused by: java.net.ConnectException: Connection refused (Connection refused)
</error>
  </testcase>
  <testcase name="testOffer[4]" classname="org.springframework.data.redis.support.collections.RedisListTests" time="0.001">
    <error message="Cannot get Jedis connection; nested exception is redis.clients.jedis.exceptions.JedisConnectionException: Could not get a resource from the pool" type="org.springframework.data.redis.RedisConnectionFailureException">org.springframework.data.redis.RedisConnectionFailureException: Cannot get Jedis connection; nested exception is redis.clients.jedis.exceptions.JedisConnectionException: Could not get a resource from the pool
Caused by: redis.clients.jedis.exceptions.JedisConnectionException: Could not get a resource from the pool
Caused by: redis.clients.jedis.exceptions.JedisConnectionException: java.net.ConnectException: Connection refused (Connection refused)
Caused by: java.net.ConnectException: Connection refused (Connection refused)
</error>
  </testcase>
  <testcase name="testOffer[4]" classname="org.springframework.data.redis.support.collections.RedisListTests" time="0.001">
    <error message="Cannot get Jedis connection; nested exception is redis.clients.jedis.exceptions.JedisConnectionException: Could not get a resource from the pool" type="org.springframework.data.redis.RedisConnectionFailureException">org.springframework.data.redis.RedisConnectionFailureException: Cannot get Jedis connection; nested exception is redis.clients.jedis.exceptions.JedisConnectionException: Could not get a resource from the pool
Caused by: redis.clients.jedis.exceptions.JedisConnectionException: Could not get a resource from the pool
Caused by: redis.clients.jedis.exceptions.JedisConnectionException: java.net.ConnectException: Connection refused (Connection refused)
Caused by: java.net.ConnectException: Connection refused (Connection refused)
</error>
  </testcase>
  <testcase name="testRange[4]" classname="org.springframework.data.redis.support.collections.RedisListTests" time="0.001">
    <error message="Cannot get Jedis connection; nested exception is redis.clients.jedis.exceptions.JedisConnectionException: Could not get a resource from the pool" type="org.springframework.data.redis.RedisConnectionFailureException">org.springframework.data.redis.RedisConnectionFailureException: Cannot get Jedis connection; nested exception is redis.clients.jedis.exceptions.JedisConnectionException: Could not get a resource from the pool
Caused by: redis.clients.jedis.exceptions.JedisConnectionException: Could not get a resource from the pool
Caused by: redis.clients.jedis.exceptions.JedisConnectionException: java.net.ConnectException: Connection refused (Connection refused)
Caused by: java.net.ConnectException: Connection refused (Connection refused)
</error>
  </testcase>
  <testcase name="testRange[4]" classname="org.springframework.data.redis.support.collections.RedisListTests" time="0.001">
    <error message="Cannot get Jedis connection; nested exception is redis.clients.jedis.exceptions.JedisConnectionException: Could not get a resource from the pool" type="org.springframework.data.redis.RedisConnectionFailureException">org.springframework.data.redis.RedisConnectionFailureException: Cannot get Jedis connection; nested exception is redis.clients.jedis.exceptions.JedisConnectionException: Could not get a resource from the pool
Caused by: redis.clients.jedis.exceptions.JedisConnectionException: Could not get a resource from the pool
Caused by: redis.clients.jedis.exceptions.JedisConnectionException: java.net.ConnectException: Connection refused (Connection refused)
Caused by: java.net.ConnectException: Connection refused (Connection refused)
</error>
  </testcase>
  <testcase name="testLast[4]" classname="org.springframework.data.redis.support.collections.RedisListTests" time="0.001">
    <error message="Cannot get Jedis connection; nested exception is redis.clients.jedis.exceptions.JedisConnectionException: Could not get a resource from the pool" type="org.springframework.data.redis.RedisConnectionFailureException">org.springframework.data.redis.RedisConnectionFailureException: Cannot get Jedis connection; nested exception is redis.clients.jedis.exceptions.JedisConnectionException: Could not get a resource from the pool
Caused by: redis.clients.jedis.exceptions.JedisConnectionException: Could not get a resource from the pool
Caused by: redis.clients.jedis.exceptions.JedisConnectionException: java.net.ConnectException: Connection refused (Connection refused)
Caused by: java.net.ConnectException: Connection refused (Connection refused)
</error>
  </testcase>
  <testcase name="testLast[4]" classname="org.springframework.data.redis.support.collections.RedisListTests" time="0.002">
    <error message="Cannot get Jedis connection; nested exception is redis.clients.jedis.exceptions.JedisConnectionException: Could not get a resource from the pool" type="org.springframework.data.redis.RedisConnectionFailureException">org.springframework.data.redis.RedisConnectionFailureException: Cannot get Jedis connection; nested exception is redis.clients.jedis.exceptions.JedisConnectionException: Could not get a resource from the pool
Caused by: redis.clients.jedis.exceptions.JedisConnectionException: Could not get a resource from the pool
Caused by: redis.clients.jedis.exceptions.JedisConnectionException: java.net.ConnectException: Connection refused (Connection refused)
Caused by: java.net.ConnectException: Connection refused (Connection refused)
</error>
  </testcase>
  <testcase name="testPeek[4]" classname="org.springframework.data.redis.support.collections.RedisListTests" time="0.001">
    <error message="Cannot get Jedis connection; nested exception is redis.clients.jedis.exceptions.JedisConnectionException: Could not get a resource from the pool" type="org.springframework.data.redis.RedisConnectionFailureException">org.springframework.data.redis.RedisConnectionFailureException: Cannot get Jedis connection; nested exception is redis.clients.jedis.exceptions.JedisConnectionException: Could not get a resource from the pool
Caused by: redis.clients.jedis.exceptions.JedisConnectionException: Could not get a resource from the pool
Caused by: redis.clients.jedis.exceptions.JedisConnectionException: java.net.ConnectException: Connection refused (Connection refused)
Caused by: java.net.ConnectException: Connection refused (Connection refused)
</error>
  </testcase>
  <testcase name="testPeek[4]" classname="org.springframework.data.redis.support.collections.RedisListTests" time="0.001">
    <error message="Cannot get Jedis connection; nested exception is redis.clients.jedis.exceptions.JedisConnectionException: Could not get a resource from the pool" type="org.springframework.data.redis.RedisConnectionFailureException">org.springframework.data.redis.RedisConnectionFailureException: Cannot get Jedis connection; nested exception is redis.clients.jedis.exceptions.JedisConnectionException: Could not get a resource from the pool
Caused by: redis.clients.jedis.exceptions.JedisConnectionException: Could not get a resource from the pool
Caused by: redis.clients.jedis.exceptions.JedisConnectionException: java.net.ConnectException: Connection refused (Connection refused)
Caused by: java.net.ConnectException: Connection refused (Connection refused)
</error>
  </testcase>
  <testcase name="testPoll[4]" classname="org.springframework.data.redis.support.collections.RedisListTests" time="0.001">
    <error message="Cannot get Jedis connection; nested exception is redis.clients.jedis.exceptions.JedisConnectionException: Could not get a resource from the pool" type="org.springframework.data.redis.RedisConnectionFailureException">org.springframework.data.redis.RedisConnectionFailureException: Cannot get Jedis connection; nested exception is redis.clients.jedis.exceptions.JedisConnectionException: Could not get a resource from the pool
Caused by: redis.clients.jedis.exceptions.JedisConnectionException: Could not get a resource from the pool
Caused by: redis.clients.jedis.exceptions.JedisConnectionException: java.net.ConnectException: Connection refused (Connection refused)
Caused by: java.net.ConnectException: Connection refused (Connection refused)
</error>
  </testcase>
  <testcase name="testPoll[4]" classname="org.springframework.data.redis.support.collections.RedisListTests" time="0.001">
    <error message="Cannot get Jedis connection; nested exception is redis.clients.jedis.exceptions.JedisConnectionException: Could not get a resource from the pool" type="org.springframework.data.redis.RedisConnectionFailureException">org.springframework.data.redis.RedisConnectionFailureException: Cannot get Jedis connection; nested exception is redis.clients.jedis.exceptions.JedisConnectionException: Could not get a resource from the pool
Caused by: redis.clients.jedis.exceptions.JedisConnectionException: Could not get a resource from the pool
Caused by: redis.clients.jedis.exceptions.JedisConnectionException: java.net.ConnectException: Connection refused (Connection refused)
Caused by: java.net.ConnectException: Connection refused (Connection refused)
</error>
  </testcase>
  <testcase name="testTake[4]" classname="org.springframework.data.redis.support.collections.RedisListTests" time="0.001">
    <error message="Cannot get Jedis connection; nested exception is redis.clients.jedis.exceptions.JedisConnectionException: Could not get a resource from the pool" type="org.springframework.data.redis.RedisConnectionFailureException">org.springframework.data.redis.RedisConnectionFailureException: Cannot get Jedis connection; nested exception is redis.clients.jedis.exceptions.JedisConnectionException: Could not get a resource from the pool
Caused by: redis.clients.jedis.exceptions.JedisConnectionException: Could not get a resource from the pool
Caused by: redis.clients.jedis.exceptions.JedisConnectionException: java.net.ConnectException: Connection refused (Connection refused)
Caused by: java.net.ConnectException: Connection refused (Connection refused)
</error>
  </testcase>
  <testcase name="testTake[4]" classname="org.springframework.data.redis.support.collections.RedisListTests" time="0.001">
    <error message="Cannot get Jedis connection; nested exception is redis.clients.jedis.exceptions.JedisConnectionException: Could not get a resource from the pool" type="org.springframework.data.redis.RedisConnectionFailureException">org.springframework.data.redis.RedisConnectionFailureException: Cannot get Jedis connection; nested exception is redis.clients.jedis.exceptions.JedisConnectionException: Could not get a resource from the pool
Caused by: redis.clients.jedis.exceptions.JedisConnectionException: Could not get a resource from the pool
Caused by: redis.clients.jedis.exceptions.JedisConnectionException: java.net.ConnectException: Connection refused (Connection refused)
Caused by: java.net.ConnectException: Connection refused (Connection refused)
</error>
  </testcase>
  <testcase name="testTrim[4]" classname="org.springframework.data.redis.support.collections.RedisListTests" time="0">
    <error message="Cannot get Jedis connection; nested exception is redis.clients.jedis.exceptions.JedisConnectionException: Could not get a resource from the pool" type="org.springframework.data.redis.RedisConnectionFailureException">org.springframework.data.redis.RedisConnectionFailureException: Cannot get Jedis connection; nested exception is redis.clients.jedis.exceptions.JedisConnectionException: Could not get a resource from the pool
Caused by: redis.clients.jedis.exceptions.JedisConnectionException: Could not get a resource from the pool
Caused by: redis.clients.jedis.exceptions.JedisConnectionException: java.net.ConnectException: Connection refused (Connection refused)
Caused by: java.net.ConnectException: Connection refused (Connection refused)
</error>
  </testcase>
  <testcase name="testTrim[4]" classname="org.springframework.data.redis.support.collections.RedisListTests" time="0.001">
    <error message="Cannot get Jedis connection; nested exception is redis.clients.jedis.exceptions.JedisConnectionException: Could not get a resource from the pool" type="org.springframework.data.redis.RedisConnectionFailureException">org.springframework.data.redis.RedisConnectionFailureException: Cannot get Jedis connection; nested exception is redis.clients.jedis.exceptions.JedisConnectionException: Could not get a resource from the pool
Caused by: redis.clients.jedis.exceptions.JedisConnectionException: Could not get a resource from the pool
Caused by: redis.clients.jedis.exceptions.JedisConnectionException: java.net.ConnectException: Connection refused (Connection refused)
Caused by: java.net.ConnectException: Connection refused (Connection refused)
</error>
  </testcase>
  <testcase name="testDrainToCollection[4]" classname="org.springframework.data.redis.support.collections.RedisListTests" time="0.001">
    <error message="Cannot get Jedis connection; nested exception is redis.clients.jedis.exceptions.JedisConnectionException: Could not get a resource from the pool" type="org.springframework.data.redis.RedisConnectionFailureException">org.springframework.data.redis.RedisConnectionFailureException: Cannot get Jedis connection; nested exception is redis.clients.jedis.exceptions.JedisConnectionException: Could not get a resource from the pool
Caused by: redis.clients.jedis.exceptions.JedisConnectionException: Could not get a resource from the pool
Caused by: redis.clients.jedis.exceptions.JedisConnectionException: java.net.ConnectException: Connection refused (Connection refused)
Caused by: java.net.ConnectException: Connection refused (Connection refused)
</error>
  </testcase>
  <testcase name="testDrainToCollection[4]" classname="org.springframework.data.redis.support.collections.RedisListTests" time="0.001">
    <error message="Cannot get Jedis connection; nested exception is redis.clients.jedis.exceptions.JedisConnectionException: Could not get a resource from the pool" type="org.springframework.data.redis.RedisConnectionFailureException">org.springframework.data.redis.RedisConnectionFailureException: Cannot get Jedis connection; nested exception is redis.clients.jedis.exceptions.JedisConnectionException: Could not get a resource from the pool
Caused by: redis.clients.jedis.exceptions.JedisConnectionException: Could not get a resource from the pool
Caused by: redis.clients.jedis.exceptions.JedisConnectionException: java.net.ConnectException: Connection refused (Connection refused)
Caused by: java.net.ConnectException: Connection refused (Connection refused)
</error>
  </testcase>
  <testcase name="testRemoveFirst[4]" classname="org.springframework.data.redis.support.collections.RedisListTests" time="0.001">
    <error message="Cannot get Jedis connection; nested exception is redis.clients.jedis.exceptions.JedisConnectionException: Could not get a resource from the pool" type="org.springframework.data.redis.RedisConnectionFailureException">org.springframework.data.redis.RedisConnectionFailureException: Cannot get Jedis connection; nested exception is redis.clients.jedis.exceptions.JedisConnectionException: Could not get a resource from the pool
Caused by: redis.clients.jedis.exceptions.JedisConnectionException: Could not get a resource from the pool
Caused by: redis.clients.jedis.exceptions.JedisConnectionException: java.net.ConnectException: Connection refused (Connection refused)
Caused by: java.net.ConnectException: Connection refused (Connection refused)
</error>
  </testcase>
  <testcase name="testRemoveFirst[4]" classname="org.springframework.data.redis.support.collections.RedisListTests" time="0.001">
    <error message="Cannot get Jedis connection; nested exception is redis.clients.jedis.exceptions.JedisConnectionException: Could not get a resource from the pool" type="org.springframework.data.redis.RedisConnectionFailureException">org.springframework.data.redis.RedisConnectionFailureException: Cannot get Jedis connection; nested exception is redis.clients.jedis.exceptions.JedisConnectionException: Could not get a resource from the pool
Caused by: redis.clients.jedis.exceptions.JedisConnectionException: Could not get a resource from the pool
Caused by: redis.clients.jedis.exceptions.JedisConnectionException: java.net.ConnectException: Connection refused (Connection refused)
Caused by: java.net.ConnectException: Connection refused (Connection refused)
</error>
  </testcase>
  <testcase name="testRemoveIndex[4]" classname="org.springframework.data.redis.support.collections.RedisListTests" time="0">
    <error message="Cannot get Jedis connection; nested exception is redis.clients.jedis.exceptions.JedisConnectionException: Could not get a resource from the pool" type="org.springframework.data.redis.RedisConnectionFailureException">org.springframework.data.redis.RedisConnectionFailureException: Cannot get Jedis connection; nested exception is redis.clients.jedis.exceptions.JedisConnectionException: Could not get a resource from the pool
Caused by: redis.clients.jedis.exceptions.JedisConnectionException: Could not get a resource from the pool
Caused by: redis.clients.jedis.exceptions.JedisConnectionException: java.net.ConnectException: Connection refused (Connection refused)
Caused by: java.net.ConnectException: Connection refused (Connection refused)
</error>
  </testcase>
  <testcase name="testPutLast[4]" classname="org.springframework.data.redis.support.collections.RedisListTests" time="0.002">
    <error message="Cannot get Jedis connection; nested exception is redis.clients.jedis.exceptions.JedisConnectionException: Could not get a resource from the pool" type="org.springframework.data.redis.RedisConnectionFailureException">org.springframework.data.redis.RedisConnectionFailureException: Cannot get Jedis connection; nested exception is redis.clients.jedis.exceptions.JedisConnectionException: Could not get a resource from the pool
Caused by: redis.clients.jedis.exceptions.JedisConnectionException: Could not get a resource from the pool
Caused by: redis.clients.jedis.exceptions.JedisConnectionException: java.net.ConnectException: Connection refused (Connection refused)
Caused by: java.net.ConnectException: Connection refused (Connection refused)
</error>
  </testcase>
  <testcase name="testPutLast[4]" classname="org.springframework.data.redis.support.collections.RedisListTests" time="0.002">
    <error message="Cannot get Jedis connection; nested exception is redis.clients.jedis.exceptions.JedisConnectionException: Could not get a resource from the pool" type="org.springframework.data.redis.RedisConnectionFailureException">org.springframework.data.redis.RedisConnectionFailureException: Cannot get Jedis connection; nested exception is redis.clients.jedis.exceptions.JedisConnectionException: Could not get a resource from the pool
Caused by: redis.clients.jedis.exceptions.JedisConnectionException: Could not get a resource from the pool
Caused by: redis.clients.jedis.exceptions.JedisConnectionException: java.net.ConnectException: Connection refused (Connection refused)
Caused by: java.net.ConnectException: Connection refused (Connection refused)
</error>
  </testcase>
  <testcase name="testOfferFirst[4]" classname="org.springframework.data.redis.support.collections.RedisListTests" time="0.001">
    <error message="Cannot get Jedis connection; nested exception is redis.clients.jedis.exceptions.JedisConnectionException: Could not get a resource from the pool" type="org.springframework.data.redis.RedisConnectionFailureException">org.springframework.data.redis.RedisConnectionFailureException: Cannot get Jedis connection; nested exception is redis.clients.jedis.exceptions.JedisConnectionException: Could not get a resource from the pool
Caused by: redis.clients.jedis.exceptions.JedisConnectionException: Could not get a resource from the pool
Caused by: redis.clients.jedis.exceptions.JedisConnectionException: java.net.ConnectException: Connection refused (Connection refused)
Caused by: java.net.ConnectException: Connection refused (Connection refused)
</error>
  </testcase>
  <testcase name="testOfferFirst[4]" classname="org.springframework.data.redis.support.collections.RedisListTests" time="0.001">
    <error message="Cannot get Jedis connection; nested exception is redis.clients.jedis.exceptions.JedisConnectionException: Could not get a resource from the pool" type="org.springframework.data.redis.RedisConnectionFailureException">org.springframework.data.redis.RedisConnectionFailureException: Cannot get Jedis connection; nested exception is redis.clients.jedis.exceptions.JedisConnectionException: Could not get a resource from the pool
Caused by: redis.clients.jedis.exceptions.JedisConnectionException: Could not get a resource from the pool
Caused by: redis.clients.jedis.exceptions.JedisConnectionException: java.net.ConnectException: Connection refused (Connection refused)
Caused by: java.net.ConnectException: Connection refused (Connection refused)
</error>
  </testcase>
  <testcase name="testDescendingIterator[4]" classname="org.springframework.data.redis.support.collections.RedisListTests" time="0.001">
    <error message="Cannot get Jedis connection; nested exception is redis.clients.jedis.exceptions.JedisConnectionException: Could not get a resource from the pool" type="org.springframework.data.redis.RedisConnectionFailureException">org.springframework.data.redis.RedisConnectionFailureException: Cannot get Jedis connection; nested exception is redis.clients.jedis.exceptions.JedisConnectionException: Could not get a resource from the pool
Caused by: redis.clients.jedis.exceptions.JedisConnectionException: Could not get a resource from the pool
Caused by: redis.clients.jedis.exceptions.JedisConnectionException: java.net.ConnectException: Connection refused (Connection refused)
Caused by: java.net.ConnectException: Connection refused (Connection refused)
</error>
  </testcase>
  <testcase name="testDescendingIterator[4]" classname="org.springframework.data.redis.support.collections.RedisListTests" time="0.002">
    <error message="Cannot get Jedis connection; nested exception is redis.clients.jedis.exceptions.JedisConnectionException: Could not get a resource from the pool" type="org.springframework.data.redis.RedisConnectionFailureException">org.springframework.data.redis.RedisConnectionFailureException: Cannot get Jedis connection; nested exception is redis.clients.jedis.exceptions.JedisConnectionException: Could not get a resource from the pool
Caused by: redis.clients.jedis.exceptions.JedisConnectionException: Could not get a resource from the pool
Caused by: redis.clients.jedis.exceptions.JedisConnectionException: java.net.ConnectException: Connection refused (Connection refused)
Caused by: java.net.ConnectException: Connection refused (Connection refused)
</error>
  </testcase>
  <testcase name="testAddFirst[4]" classname="org.springframework.data.redis.support.collections.RedisListTests" time="0.001">
    <error message="Cannot get Jedis connection; nested exception is redis.clients.jedis.exceptions.JedisConnectionException: Could not get a resource from the pool" type="org.springframework.data.redis.RedisConnectionFailureException">org.springframework.data.redis.RedisConnectionFailureException: Cannot get Jedis connection; nested exception is redis.clients.jedis.exceptions.JedisConnectionException: Could not get a resource from the pool
Caused by: redis.clients.jedis.exceptions.JedisConnectionException: Could not get a resource from the pool
Caused by: redis.clients.jedis.exceptions.JedisConnectionException: java.net.ConnectException: Connection refused (Connection refused)
Caused by: java.net.ConnectException: Connection refused (Connection refused)
</error>
  </testcase>
  <testcase name="testAddFirst[4]" classname="org.springframework.data.redis.support.collections.RedisListTests" time="0.001">
    <error message="Cannot get Jedis connection; nested exception is redis.clients.jedis.exceptions.JedisConnectionException: Could not get a resource from the pool" type="org.springframework.data.redis.RedisConnectionFailureException">org.springframework.data.redis.RedisConnectionFailureException: Cannot get Jedis connection; nested exception is redis.clients.jedis.exceptions.JedisConnectionException: Could not get a resource from the pool
Caused by: redis.clients.jedis.exceptions.JedisConnectionException: Could not get a resource from the pool
Caused by: redis.clients.jedis.exceptions.JedisConnectionException: java.net.ConnectException: Connection refused (Connection refused)
Caused by: java.net.ConnectException: Connection refused (Connection refused)
</error>
  </testcase>
  <testcase name="testDrainToCollectionWithMaxElements[4]" classname="org.springframework.data.redis.support.collections.RedisListTests" time="0.001">
    <error message="Cannot get Jedis connection; nested exception is redis.clients.jedis.exceptions.JedisConnectionException: Could not get a resource from the pool" type="org.springframework.data.redis.RedisConnectionFailureException">org.springframework.data.redis.RedisConnectionFailureException: Cannot get Jedis connection; nested exception is redis.clients.jedis.exceptions.JedisConnectionException: Could not get a resource from the pool
Caused by: redis.clients.jedis.exceptions.JedisConnectionException: Could not get a resource from the pool
Caused by: redis.clients.jedis.exceptions.JedisConnectionException: java.net.ConnectException: Connection refused (Connection refused)
Caused by: java.net.ConnectException: Connection refused (Connection refused)
</error>
  </testcase>
  <testcase name="testDrainToCollectionWithMaxElements[4]" classname="org.springframework.data.redis.support.collections.RedisListTests" time="0.001">
    <error message="Cannot get Jedis connection; nested exception is redis.clients.jedis.exceptions.JedisConnectionException: Could not get a resource from the pool" type="org.springframework.data.redis.RedisConnectionFailureException">org.springframework.data.redis.RedisConnectionFailureException: Cannot get Jedis connection; nested exception is redis.clients.jedis.exceptions.JedisConnectionException: Could not get a resource from the pool
Caused by: redis.clients.jedis.exceptions.JedisConnectionException: Could not get a resource from the pool
Caused by: redis.clients.jedis.exceptions.JedisConnectionException: java.net.ConnectException: Connection refused (Connection refused)
Caused by: java.net.ConnectException: Connection refused (Connection refused)
</error>
  </testcase>
  <testcase name="testTakeLast[4]" classname="org.springframework.data.redis.support.collections.RedisListTests" time="0.001">
    <error message="Cannot get Jedis connection; nested exception is redis.clients.jedis.exceptions.JedisConnectionException: Could not get a resource from the pool" type="org.springframework.data.redis.RedisConnectionFailureException">org.springframework.data.redis.RedisConnectionFailureException: Cannot get Jedis connection; nested exception is redis.clients.jedis.exceptions.JedisConnectionException: Could not get a resource from the pool
Caused by: redis.clients.jedis.exceptions.JedisConnectionException: Could not get a resource from the pool
Caused by: redis.clients.jedis.exceptions.JedisConnectionException: java.net.ConnectException: Connection refused (Connection refused)
Caused by: java.net.ConnectException: Connection refused (Connection refused)
</error>
  </testcase>
  <testcase name="testTakeLast[4]" classname="org.springframework.data.redis.support.collections.RedisListTests" time="0.002">
    <error message="Cannot get Jedis connection; nested exception is redis.clients.jedis.exceptions.JedisConnectionException: Could not get a resource from the pool" type="org.springframework.data.redis.RedisConnectionFailureException">org.springframework.data.redis.RedisConnectionFailureException: Cannot get Jedis connection; nested exception is redis.clients.jedis.exceptions.JedisConnectionException: Could not get a resource from the pool
Caused by: redis.clients.jedis.exceptions.JedisConnectionException: Could not get a resource from the pool
Caused by: redis.clients.jedis.exceptions.JedisConnectionException: java.net.ConnectException: Connection refused (Connection refused)
Caused by: java.net.ConnectException: Connection refused (Connection refused)
</error>
  </testcase>
  <testcase name="testRemainingCapacity[4]" classname="org.springframework.data.redis.support.collections.RedisListTests" time="0">
    <error message="Cannot get Jedis connection; nested exception is redis.clients.jedis.exceptions.JedisConnectionException: Could not get a resource from the pool" type="org.springframework.data.redis.RedisConnectionFailureException">org.springframework.data.redis.RedisConnectionFailureException: Cannot get Jedis connection; nested exception is redis.clients.jedis.exceptions.JedisConnectionException: Could not get a resource from the pool
Caused by: redis.clients.jedis.exceptions.JedisConnectionException: Could not get a resource from the pool
Caused by: redis.clients.jedis.exceptions.JedisConnectionException: java.net.ConnectException: Connection refused (Connection refused)
Caused by: java.net.ConnectException: Connection refused (Connection refused)
</error>
  </testcase>
  <testcase name="testRemoveLast[4]" classname="org.springframework.data.redis.support.collections.RedisListTests" time="0">
    <error message="Cannot get Jedis connection; nested exception is redis.clients.jedis.exceptions.JedisConnectionException: Could not get a resource from the pool" type="org.springframework.data.redis.RedisConnectionFailureException">org.springframework.data.redis.RedisConnectionFailureException: Cannot get Jedis connection; nested exception is redis.clients.jedis.exceptions.JedisConnectionException: Could not get a resource from the pool
Caused by: redis.clients.jedis.exceptions.JedisConnectionException: Could not get a resource from the pool
Caused by: redis.clients.jedis.exceptions.JedisConnectionException: java.net.ConnectException: Connection refused (Connection refused)
Caused by: java.net.ConnectException: Connection refused (Connection refused)
</error>
  </testcase>
  <testcase name="testRemoveLast[4]" classname="org.springframework.data.redis.support.collections.RedisListTests" time="0.001">
    <error message="Cannot get Jedis connection; nested exception is redis.clients.jedis.exceptions.JedisConnectionException: Could not get a resource from the pool" type="org.springframework.data.redis.RedisConnectionFailureException">org.springframework.data.redis.RedisConnectionFailureException: Cannot get Jedis connection; nested exception is redis.clients.jedis.exceptions.JedisConnectionException: Could not get a resource from the pool
Caused by: redis.clients.jedis.exceptions.JedisConnectionException: Could not get a resource from the pool
Caused by: redis.clients.jedis.exceptions.JedisConnectionException: java.net.ConnectException: Connection refused (Connection refused)
Caused by: java.net.ConnectException: Connection refused (Connection refused)
</error>
  </testcase>
  <testcase name="testAddIndexObjectHead[4]" classname="org.springframework.data.redis.support.collections.RedisListTests" time="0.001">
    <error message="Cannot get Jedis connection; nested exception is redis.clients.jedis.exceptions.JedisConnectionException: Could not get a resource from the pool" type="org.springframework.data.redis.RedisConnectionFailureException">org.springframework.data.redis.RedisConnectionFailureException: Cannot get Jedis connection; nested exception is redis.clients.jedis.exceptions.JedisConnectionException: Could not get a resource from the pool
Caused by: redis.clients.jedis.exceptions.JedisConnectionException: Could not get a resource from the pool
Caused by: redis.clients.jedis.exceptions.JedisConnectionException: java.net.ConnectException: Connection refused (Connection refused)
Caused by: java.net.ConnectException: Connection refused (Connection refused)
</error>
  </testcase>
  <testcase name="testAddIndexObjectHead[4]" classname="org.springframework.data.redis.support.collections.RedisListTests" time="0.001">
    <error message="Cannot get Jedis connection; nested exception is redis.clients.jedis.exceptions.JedisConnectionException: Could not get a resource from the pool" type="org.springframework.data.redis.RedisConnectionFailureException">org.springframework.data.redis.RedisConnectionFailureException: Cannot get Jedis connection; nested exception is redis.clients.jedis.exceptions.JedisConnectionException: Could not get a resource from the pool
Caused by: redis.clients.jedis.exceptions.JedisConnectionException: Could not get a resource from the pool
Caused by: redis.clients.jedis.exceptions.JedisConnectionException: java.net.ConnectException: Connection refused (Connection refused)
Caused by: java.net.ConnectException: Connection refused (Connection refused)
</error>
  </testcase>
  <testcase name="testAddIndexObjectTail[4]" classname="org.springframework.data.redis.support.collections.RedisListTests" time="0.001">
    <error message="Cannot get Jedis connection; nested exception is redis.clients.jedis.exceptions.JedisConnectionException: Could not get a resource from the pool" type="org.springframework.data.redis.RedisConnectionFailureException">org.springframework.data.redis.RedisConnectionFailureException: Cannot get Jedis connection; nested exception is redis.clients.jedis.exceptions.JedisConnectionException: Could not get a resource from the pool
Caused by: redis.clients.jedis.exceptions.JedisConnectionException: Could not get a resource from the pool
Caused by: redis.clients.jedis.exceptions.JedisConnectionException: java.net.ConnectException: Connection refused (Connection refused)
Caused by: java.net.ConnectException: Connection refused (Connection refused)
</error>
  </testcase>
  <testcase name="testAddIndexObjectTail[4]" classname="org.springframework.data.redis.support.collections.RedisListTests" time="0.002">
    <error message="Cannot get Jedis connection; nested exception is redis.clients.jedis.exceptions.JedisConnectionException: Could not get a resource from the pool" type="org.springframework.data.redis.RedisConnectionFailureException">org.springframework.data.redis.RedisConnectionFailureException: Cannot get Jedis connection; nested exception is redis.clients.jedis.exceptions.JedisConnectionException: Could not get a resource from the pool
Caused by: redis.clients.jedis.exceptions.JedisConnectionException: Could not get a resource from the pool
Caused by: redis.clients.jedis.exceptions.JedisConnectionException: java.net.ConnectException: Connection refused (Connection refused)
Caused by: java.net.ConnectException: Connection refused (Connection refused)
</error>
  </testcase>
  <testcase name="testPollFirst[4]" classname="org.springframework.data.redis.support.collections.RedisListTests" time="0">
    <error message="Cannot get Jedis connection; nested exception is redis.clients.jedis.exceptions.JedisConnectionException: Could not get a resource from the pool" type="org.springframework.data.redis.RedisConnectionFailureException">org.springframework.data.redis.RedisConnectionFailureException: Cannot get Jedis connection; nested exception is redis.clients.jedis.exceptions.JedisConnectionException: Could not get a resource from the pool
Caused by: redis.clients.jedis.exceptions.JedisConnectionException: Could not get a resource from the pool
Caused by: redis.clients.jedis.exceptions.JedisConnectionException: java.net.ConnectException: Connection refused (Connection refused)
Caused by: java.net.ConnectException: Connection refused (Connection refused)
</error>
  </testcase>
  <testcase name="testPollFirst[4]" classname="org.springframework.data.redis.support.collections.RedisListTests" time="0.001">
    <error message="Cannot get Jedis connection; nested exception is redis.clients.jedis.exceptions.JedisConnectionException: Could not get a resource from the pool" type="org.springframework.data.redis.RedisConnectionFailureException">org.springframework.data.redis.RedisConnectionFailureException: Cannot get Jedis connection; nested exception is redis.clients.jedis.exceptions.JedisConnectionException: Could not get a resource from the pool
Caused by: redis.clients.jedis.exceptions.JedisConnectionException: Could not get a resource from the pool
Caused by: redis.clients.jedis.exceptions.JedisConnectionException: java.net.ConnectException: Connection refused (Connection refused)
Caused by: java.net.ConnectException: Connection refused (Connection refused)
</error>
  </testcase>
  <testcase name="testAddIndexObjectMiddle[4]" classname="org.springframework.data.redis.support.collections.RedisListTests" time="0.001">
    <error message="Unexpected exception, expected&lt;java.lang.IllegalArgumentException&gt; but was&lt;org.springframework.data.redis.RedisConnectionFailureException&gt;" type="java.lang.Exception"><![CDATA[java.lang.Exception: Unexpected exception, expected<java.lang.IllegalArgumentException> but was<org.springframework.data.redis.RedisConnectionFailureException>
Caused by: org.springframework.data.redis.RedisConnectionFailureException: Cannot get Jedis connection; nested exception is redis.clients.jedis.exceptions.JedisConnectionException: Could not get a resource from the pool
Caused by: redis.clients.jedis.exceptions.JedisConnectionException: Could not get a resource from the pool
Caused by: redis.clients.jedis.exceptions.JedisConnectionException: java.net.ConnectException: Connection refused (Connection refused)
Caused by: java.net.ConnectException: Connection refused (Connection refused)
]]></error>
  </testcase>
  <testcase name="testAddIndexObjectMiddle[4]" classname="org.springframework.data.redis.support.collections.RedisListTests" time="0.001">
    <error message="Cannot get Jedis connection; nested exception is redis.clients.jedis.exceptions.JedisConnectionException: Could not get a resource from the pool" type="org.springframework.data.redis.RedisConnectionFailureException">org.springframework.data.redis.RedisConnectionFailureException: Cannot get Jedis connection; nested exception is redis.clients.jedis.exceptions.JedisConnectionException: Could not get a resource from the pool
Caused by: redis.clients.jedis.exceptions.JedisConnectionException: Could not get a resource from the pool
Caused by: redis.clients.jedis.exceptions.JedisConnectionException: java.net.ConnectException: Connection refused (Connection refused)
Caused by: java.net.ConnectException: Connection refused (Connection refused)
</error>
  </testcase>
  <testcase name="testPeekLast[4]" classname="org.springframework.data.redis.support.collections.RedisListTests" time="0.001">
    <error message="Cannot get Jedis connection; nested exception is redis.clients.jedis.exceptions.JedisConnectionException: Could not get a resource from the pool" type="org.springframework.data.redis.RedisConnectionFailureException">org.springframework.data.redis.RedisConnectionFailureException: Cannot get Jedis connection; nested exception is redis.clients.jedis.exceptions.JedisConnectionException: Could not get a resource from the pool
Caused by: redis.clients.jedis.exceptions.JedisConnectionException: Could not get a resource from the pool
Caused by: redis.clients.jedis.exceptions.JedisConnectionException: java.net.ConnectException: Connection refused (Connection refused)
Caused by: java.net.ConnectException: Connection refused (Connection refused)
</error>
  </testcase>
  <testcase name="testPeekLast[4]" classname="org.springframework.data.redis.support.collections.RedisListTests" time="0.002">
    <error message="Cannot get Jedis connection; nested exception is redis.clients.jedis.exceptions.JedisConnectionException: Could not get a resource from the pool" type="org.springframework.data.redis.RedisConnectionFailureException">org.springframework.data.redis.RedisConnectionFailureException: Cannot get Jedis connection; nested exception is redis.clients.jedis.exceptions.JedisConnectionException: Could not get a resource from the pool
Caused by: redis.clients.jedis.exceptions.JedisConnectionException: Could not get a resource from the pool
Caused by: redis.clients.jedis.exceptions.JedisConnectionException: java.net.ConnectException: Connection refused (Connection refused)
Caused by: java.net.ConnectException: Connection refused (Connection refused)
</error>
  </testcase>
  <testcase name="testRemoveFirstOccurrence[4]" classname="org.springframework.data.redis.support.collections.RedisListTests" time="0.001">
    <error message="Cannot get Jedis connection; nested exception is redis.clients.jedis.exceptions.JedisConnectionException: Could not get a resource from the pool" type="org.springframework.data.redis.RedisConnectionFailureException">org.springframework.data.redis.RedisConnectionFailureException: Cannot get Jedis connection; nested exception is redis.clients.jedis.exceptions.JedisConnectionException: Could not get a resource from the pool
Caused by: redis.clients.jedis.exceptions.JedisConnectionException: Could not get a resource from the pool
Caused by: redis.clients.jedis.exceptions.JedisConnectionException: java.net.ConnectException: Connection refused (Connection refused)
Caused by: java.net.ConnectException: Connection refused (Connection refused)
</error>
  </testcase>
  <testcase name="testRemoveFirstOccurrence[4]" classname="org.springframework.data.redis.support.collections.RedisListTests" time="0.001">
    <error message="Cannot get Jedis connection; nested exception is redis.clients.jedis.exceptions.JedisConnectionException: Could not get a resource from the pool" type="org.springframework.data.redis.RedisConnectionFailureException">org.springframework.data.redis.RedisConnectionFailureException: Cannot get Jedis connection; nested exception is redis.clients.jedis.exceptions.JedisConnectionException: Could not get a resource from the pool
Caused by: redis.clients.jedis.exceptions.JedisConnectionException: Could not get a resource from the pool
Caused by: redis.clients.jedis.exceptions.JedisConnectionException: java.net.ConnectException: Connection refused (Connection refused)
Caused by: java.net.ConnectException: Connection refused (Connection refused)
</error>
  </testcase>
  <testcase name="addAllIndexCollectionHead[4]" classname="org.springframework.data.redis.support.collections.RedisListTests" time="0.001">
    <error message="Cannot get Jedis connection; nested exception is redis.clients.jedis.exceptions.JedisConnectionException: Could not get a resource from the pool" type="org.springframework.data.redis.RedisConnectionFailureException">org.springframework.data.redis.RedisConnectionFailureException: Cannot get Jedis connection; nested exception is redis.clients.jedis.exceptions.JedisConnectionException: Could not get a resource from the pool
Caused by: redis.clients.jedis.exceptions.JedisConnectionException: Could not get a resource from the pool
Caused by: redis.clients.jedis.exceptions.JedisConnectionException: java.net.ConnectException: Connection refused (Connection refused)
Caused by: java.net.ConnectException: Connection refused (Connection refused)
</error>
  </testcase>
  <testcase name="addAllIndexCollectionHead[4]" classname="org.springframework.data.redis.support.collections.RedisListTests" time="0.001">
    <error message="Cannot get Jedis connection; nested exception is redis.clients.jedis.exceptions.JedisConnectionException: Could not get a resource from the pool" type="org.springframework.data.redis.RedisConnectionFailureException">org.springframework.data.redis.RedisConnectionFailureException: Cannot get Jedis connection; nested exception is redis.clients.jedis.exceptions.JedisConnectionException: Could not get a resource from the pool
Caused by: redis.clients.jedis.exceptions.JedisConnectionException: Could not get a resource from the pool
Caused by: redis.clients.jedis.exceptions.JedisConnectionException: java.net.ConnectException: Connection refused (Connection refused)
Caused by: java.net.ConnectException: Connection refused (Connection refused)
</error>
  </testcase>
  <testcase name="addAllIndexCollectionTail[4]" classname="org.springframework.data.redis.support.collections.RedisListTests" time="0">
    <error message="Cannot get Jedis connection; nested exception is redis.clients.jedis.exceptions.JedisConnectionException: Could not get a resource from the pool" type="org.springframework.data.redis.RedisConnectionFailureException">org.springframework.data.redis.RedisConnectionFailureException: Cannot get Jedis connection; nested exception is redis.clients.jedis.exceptions.JedisConnectionException: Could not get a resource from the pool
Caused by: redis.clients.jedis.exceptions.JedisConnectionException: Could not get a resource from the pool
Caused by: redis.clients.jedis.exceptions.JedisConnectionException: java.net.ConnectException: Connection refused (Connection refused)
Caused by: java.net.ConnectException: Connection refused (Connection refused)
</error>
  </testcase>
  <testcase name="addAllIndexCollectionTail[4]" classname="org.springframework.data.redis.support.collections.RedisListTests" time="0.001">
    <error message="Cannot get Jedis connection; nested exception is redis.clients.jedis.exceptions.JedisConnectionException: Could not get a resource from the pool" type="org.springframework.data.redis.RedisConnectionFailureException">org.springframework.data.redis.RedisConnectionFailureException: Cannot get Jedis connection; nested exception is redis.clients.jedis.exceptions.JedisConnectionException: Could not get a resource from the pool
Caused by: redis.clients.jedis.exceptions.JedisConnectionException: Could not get a resource from the pool
Caused by: redis.clients.jedis.exceptions.JedisConnectionException: java.net.ConnectException: Connection refused (Connection refused)
Caused by: java.net.ConnectException: Connection refused (Connection refused)
</error>
  </testcase>
  <testcase name="addAllIndexCollectionMiddle[4]" classname="org.springframework.data.redis.support.collections.RedisListTests" time="0.001">
    <error message="Unexpected exception, expected&lt;java.lang.IllegalArgumentException&gt; but was&lt;org.springframework.data.redis.RedisConnectionFailureException&gt;" type="java.lang.Exception"><![CDATA[java.lang.Exception: Unexpected exception, expected<java.lang.IllegalArgumentException> but was<org.springframework.data.redis.RedisConnectionFailureException>
Caused by: org.springframework.data.redis.RedisConnectionFailureException: Cannot get Jedis connection; nested exception is redis.clients.jedis.exceptions.JedisConnectionException: Could not get a resource from the pool
Caused by: redis.clients.jedis.exceptions.JedisConnectionException: Could not get a resource from the pool
Caused by: redis.clients.jedis.exceptions.JedisConnectionException: java.net.ConnectException: Connection refused (Connection refused)
Caused by: java.net.ConnectException: Connection refused (Connection refused)
]]></error>
  </testcase>
  <testcase name="addAllIndexCollectionMiddle[4]" classname="org.springframework.data.redis.support.collections.RedisListTests" time="0.001">
    <error message="Cannot get Jedis connection; nested exception is redis.clients.jedis.exceptions.JedisConnectionException: Could not get a resource from the pool" type="org.springframework.data.redis.RedisConnectionFailureException">org.springframework.data.redis.RedisConnectionFailureException: Cannot get Jedis connection; nested exception is redis.clients.jedis.exceptions.JedisConnectionException: Could not get a resource from the pool
Caused by: redis.clients.jedis.exceptions.JedisConnectionException: Could not get a resource from the pool
Caused by: redis.clients.jedis.exceptions.JedisConnectionException: java.net.ConnectException: Connection refused (Connection refused)
Caused by: java.net.ConnectException: Connection refused (Connection refused)
</error>
  </testcase>
  <testcase name="testPollLast[4]" classname="org.springframework.data.redis.support.collections.RedisListTests" time="0.001">
    <error message="Cannot get Jedis connection; nested exception is redis.clients.jedis.exceptions.JedisConnectionException: Could not get a resource from the pool" type="org.springframework.data.redis.RedisConnectionFailureException">org.springframework.data.redis.RedisConnectionFailureException: Cannot get Jedis connection; nested exception is redis.clients.jedis.exceptions.JedisConnectionException: Could not get a resource from the pool
Caused by: redis.clients.jedis.exceptions.JedisConnectionException: Could not get a resource from the pool
Caused by: redis.clients.jedis.exceptions.JedisConnectionException: java.net.ConnectException: Connection refused (Connection refused)
Caused by: java.net.ConnectException: Connection refused (Connection refused)
</error>
  </testcase>
  <testcase name="testPollLast[4]" classname="org.springframework.data.redis.support.collections.RedisListTests" time="0.002">
    <error message="Cannot get Jedis connection; nested exception is redis.clients.jedis.exceptions.JedisConnectionException: Could not get a resource from the pool" type="org.springframework.data.redis.RedisConnectionFailureException">org.springframework.data.redis.RedisConnectionFailureException: Cannot get Jedis connection; nested exception is redis.clients.jedis.exceptions.JedisConnectionException: Could not get a resource from the pool
Caused by: redis.clients.jedis.exceptions.JedisConnectionException: Could not get a resource from the pool
Caused by: redis.clients.jedis.exceptions.JedisConnectionException: java.net.ConnectException: Connection refused (Connection refused)
Caused by: java.net.ConnectException: Connection refused (Connection refused)
</error>
  </testcase>
  <testcase name="testIndexOfObject[4]" classname="org.springframework.data.redis.support.collections.RedisListTests" time="0">
    <error message="Cannot get Jedis connection; nested exception is redis.clients.jedis.exceptions.JedisConnectionException: Could not get a resource from the pool" type="org.springframework.data.redis.RedisConnectionFailureException">org.springframework.data.redis.RedisConnectionFailureException: Cannot get Jedis connection; nested exception is redis.clients.jedis.exceptions.JedisConnectionException: Could not get a resource from the pool
Caused by: redis.clients.jedis.exceptions.JedisConnectionException: Could not get a resource from the pool
Caused by: redis.clients.jedis.exceptions.JedisConnectionException: java.net.ConnectException: Connection refused (Connection refused)
Caused by: java.net.ConnectException: Connection refused (Connection refused)
</error>
  </testcase>
  <testcase name="testPollTimeout[4]" classname="org.springframework.data.redis.support.collections.RedisListTests" time="0.001">
    <error message="Cannot get Jedis connection; nested exception is redis.clients.jedis.exceptions.JedisConnectionException: Could not get a resource from the pool" type="org.springframework.data.redis.RedisConnectionFailureException">org.springframework.data.redis.RedisConnectionFailureException: Cannot get Jedis connection; nested exception is redis.clients.jedis.exceptions.JedisConnectionException: Could not get a resource from the pool
Caused by: redis.clients.jedis.exceptions.JedisConnectionException: Could not get a resource from the pool
Caused by: redis.clients.jedis.exceptions.JedisConnectionException: java.net.ConnectException: Connection refused (Connection refused)
Caused by: java.net.ConnectException: Connection refused (Connection refused)
</error>
  </testcase>
  <testcase name="testPollTimeout[4]" classname="org.springframework.data.redis.support.collections.RedisListTests" time="0.002">
    <error message="Cannot get Jedis connection; nested exception is redis.clients.jedis.exceptions.JedisConnectionException: Could not get a resource from the pool" type="org.springframework.data.redis.RedisConnectionFailureException">org.springframework.data.redis.RedisConnectionFailureException: Cannot get Jedis connection; nested exception is redis.clients.jedis.exceptions.JedisConnectionException: Could not get a resource from the pool
Caused by: redis.clients.jedis.exceptions.JedisConnectionException: Could not get a resource from the pool
Caused by: redis.clients.jedis.exceptions.JedisConnectionException: java.net.ConnectException: Connection refused (Connection refused)
Caused by: java.net.ConnectException: Connection refused (Connection refused)
</error>
  </testcase>
  <testcase name="testRemove[4]" classname="org.springframework.data.redis.support.collections.RedisListTests" time="0.001">
    <error message="Cannot get Jedis connection; nested exception is redis.clients.jedis.exceptions.JedisConnectionException: Could not get a resource from the pool" type="org.springframework.data.redis.RedisConnectionFailureException">org.springframework.data.redis.RedisConnectionFailureException: Cannot get Jedis connection; nested exception is redis.clients.jedis.exceptions.JedisConnectionException: Could not get a resource from the pool
Caused by: redis.clients.jedis.exceptions.JedisConnectionException: Could not get a resource from the pool
Caused by: redis.clients.jedis.exceptions.JedisConnectionException: java.net.ConnectException: Connection refused (Connection refused)
Caused by: java.net.ConnectException: Connection refused (Connection refused)
</error>
  </testcase>
  <testcase name="testRemove[4]" classname="org.springframework.data.redis.support.collections.RedisListTests" time="0.001">
    <error message="Cannot get Jedis connection; nested exception is redis.clients.jedis.exceptions.JedisConnectionException: Could not get a resource from the pool" type="org.springframework.data.redis.RedisConnectionFailureException">org.springframework.data.redis.RedisConnectionFailureException: Cannot get Jedis connection; nested exception is redis.clients.jedis.exceptions.JedisConnectionException: Could not get a resource from the pool
Caused by: redis.clients.jedis.exceptions.JedisConnectionException: Could not get a resource from the pool
Caused by: redis.clients.jedis.exceptions.JedisConnectionException: java.net.ConnectException: Connection refused (Connection refused)
Caused by: java.net.ConnectException: Connection refused (Connection refused)
</error>
  </testcase>
  <testcase name="testCappedCollection[4]" classname="org.springframework.data.redis.support.collections.RedisListTests" time="0.001">
    <error message="Cannot get Jedis connection; nested exception is redis.clients.jedis.exceptions.JedisConnectionException: Could not get a resource from the pool" type="org.springframework.data.redis.RedisConnectionFailureException">org.springframework.data.redis.RedisConnectionFailureException: Cannot get Jedis connection; nested exception is redis.clients.jedis.exceptions.JedisConnectionException: Could not get a resource from the pool
Caused by: redis.clients.jedis.exceptions.JedisConnectionException: Could not get a resource from the pool
Caused by: redis.clients.jedis.exceptions.JedisConnectionException: java.net.ConnectException: Connection refused (Connection refused)
Caused by: java.net.ConnectException: Connection refused (Connection refused)
</error>
  </testcase>
  <testcase name="testCappedCollection[4]" classname="org.springframework.data.redis.support.collections.RedisListTests" time="0.002">
    <error message="Cannot get Jedis connection; nested exception is redis.clients.jedis.exceptions.JedisConnectionException: Could not get a resource from the pool" type="org.springframework.data.redis.RedisConnectionFailureException">org.springframework.data.redis.RedisConnectionFailureException: Cannot get Jedis connection; nested exception is redis.clients.jedis.exceptions.JedisConnectionException: Could not get a resource from the pool
Caused by: redis.clients.jedis.exceptions.JedisConnectionException: Could not get a resource from the pool
Caused by: redis.clients.jedis.exceptions.JedisConnectionException: java.net.ConnectException: Connection refused (Connection refused)
Caused by: java.net.ConnectException: Connection refused (Connection refused)
</error>
  </testcase>
  <testcase name="testRmoveLastOccurrence[4]" classname="org.springframework.data.redis.support.collections.RedisListTests" time="0.001">
    <error message="Cannot get Jedis connection; nested exception is redis.clients.jedis.exceptions.JedisConnectionException: Could not get a resource from the pool" type="org.springframework.data.redis.RedisConnectionFailureException">org.springframework.data.redis.RedisConnectionFailureException: Cannot get Jedis connection; nested exception is redis.clients.jedis.exceptions.JedisConnectionException: Could not get a resource from the pool
Caused by: redis.clients.jedis.exceptions.JedisConnectionException: Could not get a resource from the pool
Caused by: redis.clients.jedis.exceptions.JedisConnectionException: java.net.ConnectException: Connection refused (Connection refused)
Caused by: java.net.ConnectException: Connection refused (Connection refused)
</error>
  </testcase>
  <testcase name="testRmoveLastOccurrence[4]" classname="org.springframework.data.redis.support.collections.RedisListTests" time="0.001">
    <error message="Cannot get Jedis connection; nested exception is redis.clients.jedis.exceptions.JedisConnectionException: Could not get a resource from the pool" type="org.springframework.data.redis.RedisConnectionFailureException">org.springframework.data.redis.RedisConnectionFailureException: Cannot get Jedis connection; nested exception is redis.clients.jedis.exceptions.JedisConnectionException: Could not get a resource from the pool
Caused by: redis.clients.jedis.exceptions.JedisConnectionException: Could not get a resource from the pool
Caused by: redis.clients.jedis.exceptions.JedisConnectionException: java.net.ConnectException: Connection refused (Connection refused)
Caused by: java.net.ConnectException: Connection refused (Connection refused)
</error>
  </testcase>
  <testcase name="testTakeFirst[4]" classname="org.springframework.data.redis.support.collections.RedisListTests" time="0.001">
    <error message="Cannot get Jedis connection; nested exception is redis.clients.jedis.exceptions.JedisConnectionException: Could not get a resource from the pool" type="org.springframework.data.redis.RedisConnectionFailureException">org.springframework.data.redis.RedisConnectionFailureException: Cannot get Jedis connection; nested exception is redis.clients.jedis.exceptions.JedisConnectionException: Could not get a resource from the pool
Caused by: redis.clients.jedis.exceptions.JedisConnectionException: Could not get a resource from the pool
Caused by: redis.clients.jedis.exceptions.JedisConnectionException: java.net.ConnectException: Connection refused (Connection refused)
Caused by: java.net.ConnectException: Connection refused (Connection refused)
</error>
  </testcase>
  <testcase name="testTakeFirst[4]" classname="org.springframework.data.redis.support.collections.RedisListTests" time="0.001">
    <error message="Cannot get Jedis connection; nested exception is redis.clients.jedis.exceptions.JedisConnectionException: Could not get a resource from the pool" type="org.springframework.data.redis.RedisConnectionFailureException">org.springframework.data.redis.RedisConnectionFailureException: Cannot get Jedis connection; nested exception is redis.clients.jedis.exceptions.JedisConnectionException: Could not get a resource from the pool
Caused by: redis.clients.jedis.exceptions.JedisConnectionException: Could not get a resource from the pool
Caused by: redis.clients.jedis.exceptions.JedisConnectionException: java.net.ConnectException: Connection refused (Connection refused)
Caused by: java.net.ConnectException: Connection refused (Connection refused)
</error>
  </testcase>
  <testcase name="testContainsObject[4]" classname="org.springframework.data.redis.support.collections.RedisListTests" time="0">
    <error message="Cannot get Jedis connection; nested exception is redis.clients.jedis.exceptions.JedisConnectionException: Could not get a resource from the pool" type="org.springframework.data.redis.RedisConnectionFailureException">org.springframework.data.redis.RedisConnectionFailureException: Cannot get Jedis connection; nested exception is redis.clients.jedis.exceptions.JedisConnectionException: Could not get a resource from the pool
Caused by: redis.clients.jedis.exceptions.JedisConnectionException: Could not get a resource from the pool
Caused by: redis.clients.jedis.exceptions.JedisConnectionException: java.net.ConnectException: Connection refused (Connection refused)
Caused by: java.net.ConnectException: Connection refused (Connection refused)
</error>
  </testcase>
  <testcase name="testContainsObject[4]" classname="org.springframework.data.redis.support.collections.RedisListTests" time="0.001">
    <error message="Cannot get Jedis connection; nested exception is redis.clients.jedis.exceptions.JedisConnectionException: Could not get a resource from the pool" type="org.springframework.data.redis.RedisConnectionFailureException">org.springframework.data.redis.RedisConnectionFailureException: Cannot get Jedis connection; nested exception is redis.clients.jedis.exceptions.JedisConnectionException: Could not get a resource from the pool
Caused by: redis.clients.jedis.exceptions.JedisConnectionException: Could not get a resource from the pool
Caused by: redis.clients.jedis.exceptions.JedisConnectionException: java.net.ConnectException: Connection refused (Connection refused)
Caused by: java.net.ConnectException: Connection refused (Connection refused)
</error>
  </testcase>
  <testcase name="testToArray[4]" classname="org.springframework.data.redis.support.collections.RedisListTests" time="0.001">
    <error message="Cannot get Jedis connection; nested exception is redis.clients.jedis.exceptions.JedisConnectionException: Could not get a resource from the pool" type="org.springframework.data.redis.RedisConnectionFailureException">org.springframework.data.redis.RedisConnectionFailureException: Cannot get Jedis connection; nested exception is redis.clients.jedis.exceptions.JedisConnectionException: Could not get a resource from the pool
Caused by: redis.clients.jedis.exceptions.JedisConnectionException: Could not get a resource from the pool
Caused by: redis.clients.jedis.exceptions.JedisConnectionException: java.net.ConnectException: Connection refused (Connection refused)
Caused by: java.net.ConnectException: Connection refused (Connection refused)
</error>
  </testcase>
  <testcase name="testToArray[4]" classname="org.springframework.data.redis.support.collections.RedisListTests" time="0.001">
    <error message="Cannot get Jedis connection; nested exception is redis.clients.jedis.exceptions.JedisConnectionException: Could not get a resource from the pool" type="org.springframework.data.redis.RedisConnectionFailureException">org.springframework.data.redis.RedisConnectionFailureException: Cannot get Jedis connection; nested exception is redis.clients.jedis.exceptions.JedisConnectionException: Could not get a resource from the pool
Caused by: redis.clients.jedis.exceptions.JedisConnectionException: Could not get a resource from the pool
Caused by: redis.clients.jedis.exceptions.JedisConnectionException: java.net.ConnectException: Connection refused (Connection refused)
Caused by: java.net.ConnectException: Connection refused (Connection refused)
</error>
  </testcase>
  <testcase name="testAdd[4]" classname="org.springframework.data.redis.support.collections.RedisListTests" time="0.001">
    <error message="Cannot get Jedis connection; nested exception is redis.clients.jedis.exceptions.JedisConnectionException: Could not get a resource from the pool" type="org.springframework.data.redis.RedisConnectionFailureException">org.springframework.data.redis.RedisConnectionFailureException: Cannot get Jedis connection; nested exception is redis.clients.jedis.exceptions.JedisConnectionException: Could not get a resource from the pool
Caused by: redis.clients.jedis.exceptions.JedisConnectionException: Could not get a resource from the pool
Caused by: redis.clients.jedis.exceptions.JedisConnectionException: java.net.ConnectException: Connection refused (Connection refused)
Caused by: java.net.ConnectException: Connection refused (Connection refused)
</error>
  </testcase>
  <testcase name="testAdd[4]" classname="org.springframework.data.redis.support.collections.RedisListTests" time="0.001">
    <error message="Cannot get Jedis connection; nested exception is redis.clients.jedis.exceptions.JedisConnectionException: Could not get a resource from the pool" type="org.springframework.data.redis.RedisConnectionFailureException">org.springframework.data.redis.RedisConnectionFailureException: Cannot get Jedis connection; nested exception is redis.clients.jedis.exceptions.JedisConnectionException: Could not get a resource from the pool
Caused by: redis.clients.jedis.exceptions.JedisConnectionException: Could not get a resource from the pool
Caused by: redis.clients.jedis.exceptions.JedisConnectionException: java.net.ConnectException: Connection refused (Connection refused)
Caused by: java.net.ConnectException: Connection refused (Connection refused)
</error>
  </testcase>
  <testcase name="testClear[4]" classname="org.springframework.data.redis.support.collections.RedisListTests" time="0">
    <error message="Cannot get Jedis connection; nested exception is redis.clients.jedis.exceptions.JedisConnectionException: Could not get a resource from the pool" type="org.springframework.data.redis.RedisConnectionFailureException">org.springframework.data.redis.RedisConnectionFailureException: Cannot get Jedis connection; nested exception is redis.clients.jedis.exceptions.JedisConnectionException: Could not get a resource from the pool
Caused by: redis.clients.jedis.exceptions.JedisConnectionException: Could not get a resource from the pool
Caused by: redis.clients.jedis.exceptions.JedisConnectionException: java.net.ConnectException: Connection refused (Connection refused)
Caused by: java.net.ConnectException: Connection refused (Connection refused)
</error>
  </testcase>
  <testcase name="testClear[4]" classname="org.springframework.data.redis.support.collections.RedisListTests" time="0.001">
    <error message="Cannot get Jedis connection; nested exception is redis.clients.jedis.exceptions.JedisConnectionException: Could not get a resource from the pool" type="org.springframework.data.redis.RedisConnectionFailureException">org.springframework.data.redis.RedisConnectionFailureException: Cannot get Jedis connection; nested exception is redis.clients.jedis.exceptions.JedisConnectionException: Could not get a resource from the pool
Caused by: redis.clients.jedis.exceptions.JedisConnectionException: Could not get a resource from the pool
Caused by: redis.clients.jedis.exceptions.JedisConnectionException: java.net.ConnectException: Connection refused (Connection refused)
Caused by: java.net.ConnectException: Connection refused (Connection refused)
</error>
  </testcase>
  <testcase name="testSize[4]" classname="org.springframework.data.redis.support.collections.RedisListTests" time="0.001">
    <error message="Cannot get Jedis connection; nested exception is redis.clients.jedis.exceptions.JedisConnectionException: Could not get a resource from the pool" type="org.springframework.data.redis.RedisConnectionFailureException">org.springframework.data.redis.RedisConnectionFailureException: Cannot get Jedis connection; nested exception is redis.clients.jedis.exceptions.JedisConnectionException: Could not get a resource from the pool
Caused by: redis.clients.jedis.exceptions.JedisConnectionException: Could not get a resource from the pool
Caused by: redis.clients.jedis.exceptions.JedisConnectionException: java.net.ConnectException: Connection refused (Connection refused)
Caused by: java.net.ConnectException: Connection refused (Connection refused)
</error>
  </testcase>
  <testcase name="testSize[4]" classname="org.springframework.data.redis.support.collections.RedisListTests" time="0.001">
    <error message="Cannot get Jedis connection; nested exception is redis.clients.jedis.exceptions.JedisConnectionException: Could not get a resource from the pool" type="org.springframework.data.redis.RedisConnectionFailureException">org.springframework.data.redis.RedisConnectionFailureException: Cannot get Jedis connection; nested exception is redis.clients.jedis.exceptions.JedisConnectionException: Could not get a resource from the pool
Caused by: redis.clients.jedis.exceptions.JedisConnectionException: Could not get a resource from the pool
Caused by: redis.clients.jedis.exceptions.JedisConnectionException: java.net.ConnectException: Connection refused (Connection refused)
Caused by: java.net.ConnectException: Connection refused (Connection refused)
</error>
  </testcase>
  <testcase name="testToString[4]" classname="org.springframework.data.redis.support.collections.RedisListTests" time="0.001">
    <error message="Cannot get Jedis connection; nested exception is redis.clients.jedis.exceptions.JedisConnectionException: Could not get a resource from the pool" type="org.springframework.data.redis.RedisConnectionFailureException">org.springframework.data.redis.RedisConnectionFailureException: Cannot get Jedis connection; nested exception is redis.clients.jedis.exceptions.JedisConnectionException: Could not get a resource from the pool
Caused by: redis.clients.jedis.exceptions.JedisConnectionException: Could not get a resource from the pool
Caused by: redis.clients.jedis.exceptions.JedisConnectionException: java.net.ConnectException: Connection refused (Connection refused)
Caused by: java.net.ConnectException: Connection refused (Connection refused)
</error>
  </testcase>
  <testcase name="testToString[4]" classname="org.springframework.data.redis.support.collections.RedisListTests" time="0.001">
    <error message="Cannot get Jedis connection; nested exception is redis.clients.jedis.exceptions.JedisConnectionException: Could not get a resource from the pool" type="org.springframework.data.redis.RedisConnectionFailureException">org.springframework.data.redis.RedisConnectionFailureException: Cannot get Jedis connection; nested exception is redis.clients.jedis.exceptions.JedisConnectionException: Could not get a resource from the pool
Caused by: redis.clients.jedis.exceptions.JedisConnectionException: Could not get a resource from the pool
Caused by: redis.clients.jedis.exceptions.JedisConnectionException: java.net.ConnectException: Connection refused (Connection refused)
Caused by: java.net.ConnectException: Connection refused (Connection refused)
</error>
  </testcase>
  <testcase name="testContainsAll[4]" classname="org.springframework.data.redis.support.collections.RedisListTests" time="0.001">
    <error message="Cannot get Jedis connection; nested exception is redis.clients.jedis.exceptions.JedisConnectionException: Could not get a resource from the pool" type="org.springframework.data.redis.RedisConnectionFailureException">org.springframework.data.redis.RedisConnectionFailureException: Cannot get Jedis connection; nested exception is redis.clients.jedis.exceptions.JedisConnectionException: Could not get a resource from the pool
Caused by: redis.clients.jedis.exceptions.JedisConnectionException: Could not get a resource from the pool
Caused by: redis.clients.jedis.exceptions.JedisConnectionException: java.net.ConnectException: Connection refused (Connection refused)
Caused by: java.net.ConnectException: Connection refused (Connection refused)
</error>
  </testcase>
  <testcase name="testContainsAll[4]" classname="org.springframework.data.redis.support.collections.RedisListTests" time="0.001">
    <error message="Cannot get Jedis connection; nested exception is redis.clients.jedis.exceptions.JedisConnectionException: Could not get a resource from the pool" type="org.springframework.data.redis.RedisConnectionFailureException">org.springframework.data.redis.RedisConnectionFailureException: Cannot get Jedis connection; nested exception is redis.clients.jedis.exceptions.JedisConnectionException: Could not get a resource from the pool
Caused by: redis.clients.jedis.exceptions.JedisConnectionException: Could not get a resource from the pool
Caused by: redis.clients.jedis.exceptions.JedisConnectionException: java.net.ConnectException: Connection refused (Connection refused)
Caused by: java.net.ConnectException: Connection refused (Connection refused)
</error>
  </testcase>
  <testcase name="testRemoveObject[4]" classname="org.springframework.data.redis.support.collections.RedisListTests" time="0.001">
    <error message="Cannot get Jedis connection; nested exception is redis.clients.jedis.exceptions.JedisConnectionException: Could not get a resource from the pool" type="org.springframework.data.redis.RedisConnectionFailureException">org.springframework.data.redis.RedisConnectionFailureException: Cannot get Jedis connection; nested exception is redis.clients.jedis.exceptions.JedisConnectionException: Could not get a resource from the pool
Caused by: redis.clients.jedis.exceptions.JedisConnectionException: Could not get a resource from the pool
Caused by: redis.clients.jedis.exceptions.JedisConnectionException: java.net.ConnectException: Connection refused (Connection refused)
Caused by: java.net.ConnectException: Connection refused (Connection refused)
</error>
  </testcase>
  <testcase name="testRemoveObject[4]" classname="org.springframework.data.redis.support.collections.RedisListTests" time="0.001">
    <error message="Cannot get Jedis connection; nested exception is redis.clients.jedis.exceptions.JedisConnectionException: Could not get a resource from the pool" type="org.springframework.data.redis.RedisConnectionFailureException">org.springframework.data.redis.RedisConnectionFailureException: Cannot get Jedis connection; nested exception is redis.clients.jedis.exceptions.JedisConnectionException: Could not get a resource from the pool
Caused by: redis.clients.jedis.exceptions.JedisConnectionException: Could not get a resource from the pool
Caused by: redis.clients.jedis.exceptions.JedisConnectionException: java.net.ConnectException: Connection refused (Connection refused)
Caused by: java.net.ConnectException: Connection refused (Connection refused)
</error>
  </testcase>
  <testcase name="testHashCode[4]" classname="org.springframework.data.redis.support.collections.RedisListTests" time="0.001">
    <error message="Cannot get Jedis connection; nested exception is redis.clients.jedis.exceptions.JedisConnectionException: Could not get a resource from the pool" type="org.springframework.data.redis.RedisConnectionFailureException">org.springframework.data.redis.RedisConnectionFailureException: Cannot get Jedis connection; nested exception is redis.clients.jedis.exceptions.JedisConnectionException: Could not get a resource from the pool
Caused by: redis.clients.jedis.exceptions.JedisConnectionException: Could not get a resource from the pool
Caused by: redis.clients.jedis.exceptions.JedisConnectionException: java.net.ConnectException: Connection refused (Connection refused)
Caused by: java.net.ConnectException: Connection refused (Connection refused)
</error>
  </testcase>
  <testcase name="testAddAll[4]" classname="org.springframework.data.redis.support.collections.RedisListTests" time="0.001">
    <error message="Cannot get Jedis connection; nested exception is redis.clients.jedis.exceptions.JedisConnectionException: Could not get a resource from the pool" type="org.springframework.data.redis.RedisConnectionFailureException">org.springframework.data.redis.RedisConnectionFailureException: Cannot get Jedis connection; nested exception is redis.clients.jedis.exceptions.JedisConnectionException: Could not get a resource from the pool
Caused by: redis.clients.jedis.exceptions.JedisConnectionException: Could not get a resource from the pool
Caused by: redis.clients.jedis.exceptions.JedisConnectionException: java.net.ConnectException: Connection refused (Connection refused)
Caused by: java.net.ConnectException: Connection refused (Connection refused)
</error>
  </testcase>
  <testcase name="testAddAll[4]" classname="org.springframework.data.redis.support.collections.RedisListTests" time="0.001">
    <error message="Cannot get Jedis connection; nested exception is redis.clients.jedis.exceptions.JedisConnectionException: Could not get a resource from the pool" type="org.springframework.data.redis.RedisConnectionFailureException">org.springframework.data.redis.RedisConnectionFailureException: Cannot get Jedis connection; nested exception is redis.clients.jedis.exceptions.JedisConnectionException: Could not get a resource from the pool
Caused by: redis.clients.jedis.exceptions.JedisConnectionException: Could not get a resource from the pool
Caused by: redis.clients.jedis.exceptions.JedisConnectionException: java.net.ConnectException: Connection refused (Connection refused)
Caused by: java.net.ConnectException: Connection refused (Connection refused)
</error>
  </testcase>
  <testcase name="removeAll[4]" classname="org.springframework.data.redis.support.collections.RedisListTests" time="0.001">
    <error message="Cannot get Jedis connection; nested exception is redis.clients.jedis.exceptions.JedisConnectionException: Could not get a resource from the pool" type="org.springframework.data.redis.RedisConnectionFailureException">org.springframework.data.redis.RedisConnectionFailureException: Cannot get Jedis connection; nested exception is redis.clients.jedis.exceptions.JedisConnectionException: Could not get a resource from the pool
Caused by: redis.clients.jedis.exceptions.JedisConnectionException: Could not get a resource from the pool
Caused by: redis.clients.jedis.exceptions.JedisConnectionException: java.net.ConnectException: Connection refused (Connection refused)
Caused by: java.net.ConnectException: Connection refused (Connection refused)
</error>
  </testcase>
  <testcase name="removeAll[4]" classname="org.springframework.data.redis.support.collections.RedisListTests" time="0.001">
    <error message="Cannot get Jedis connection; nested exception is redis.clients.jedis.exceptions.JedisConnectionException: Could not get a resource from the pool" type="org.springframework.data.redis.RedisConnectionFailureException">org.springframework.data.redis.RedisConnectionFailureException: Cannot get Jedis connection; nested exception is redis.clients.jedis.exceptions.JedisConnectionException: Could not get a resource from the pool
Caused by: redis.clients.jedis.exceptions.JedisConnectionException: Could not get a resource from the pool
Caused by: redis.clients.jedis.exceptions.JedisConnectionException: java.net.ConnectException: Connection refused (Connection refused)
Caused by: java.net.ConnectException: Connection refused (Connection refused)
</error>
  </testcase>
  <testcase name="testEquals[4]" classname="org.springframework.data.redis.support.collections.RedisListTests" time="0">
    <error message="Cannot get Jedis connection; nested exception is redis.clients.jedis.exceptions.JedisConnectionException: Could not get a resource from the pool" type="org.springframework.data.redis.RedisConnectionFailureException">org.springframework.data.redis.RedisConnectionFailureException: Cannot get Jedis connection; nested exception is redis.clients.jedis.exceptions.JedisConnectionException: Could not get a resource from the pool
Caused by: redis.clients.jedis.exceptions.JedisConnectionException: Could not get a resource from the pool
Caused by: redis.clients.jedis.exceptions.JedisConnectionException: java.net.ConnectException: Connection refused (Connection refused)
Caused by: java.net.ConnectException: Connection refused (Connection refused)
</error>
  </testcase>
  <testcase name="testGetKey[4]" classname="org.springframework.data.redis.support.collections.RedisListTests" time="0">
    <error message="Cannot get Jedis connection; nested exception is redis.clients.jedis.exceptions.JedisConnectionException: Could not get a resource from the pool" type="org.springframework.data.redis.RedisConnectionFailureException">org.springframework.data.redis.RedisConnectionFailureException: Cannot get Jedis connection; nested exception is redis.clients.jedis.exceptions.JedisConnectionException: Could not get a resource from the pool
Caused by: redis.clients.jedis.exceptions.JedisConnectionException: Could not get a resource from the pool
Caused by: redis.clients.jedis.exceptions.JedisConnectionException: java.net.ConnectException: Connection refused (Connection refused)
Caused by: java.net.ConnectException: Connection refused (Connection refused)
</error>
  </testcase>
  <testcase name="testToArrayWithGenerics[4]" classname="org.springframework.data.redis.support.collections.RedisListTests" time="0.001">
    <error message="Cannot get Jedis connection; nested exception is redis.clients.jedis.exceptions.JedisConnectionException: Could not get a resource from the pool" type="org.springframework.data.redis.RedisConnectionFailureException">org.springframework.data.redis.RedisConnectionFailureException: Cannot get Jedis connection; nested exception is redis.clients.jedis.exceptions.JedisConnectionException: Could not get a resource from the pool
Caused by: redis.clients.jedis.exceptions.JedisConnectionException: Could not get a resource from the pool
Caused by: redis.clients.jedis.exceptions.JedisConnectionException: java.net.ConnectException: Connection refused (Connection refused)
Caused by: java.net.ConnectException: Connection refused (Connection refused)
</error>
  </testcase>
  <testcase name="testToArrayWithGenerics[4]" classname="org.springframework.data.redis.support.collections.RedisListTests" time="0.002">
    <error message="Cannot get Jedis connection; nested exception is redis.clients.jedis.exceptions.JedisConnectionException: Could not get a resource from the pool" type="org.springframework.data.redis.RedisConnectionFailureException">org.springframework.data.redis.RedisConnectionFailureException: Cannot get Jedis connection; nested exception is redis.clients.jedis.exceptions.JedisConnectionException: Could not get a resource from the pool
Caused by: redis.clients.jedis.exceptions.JedisConnectionException: Could not get a resource from the pool
Caused by: redis.clients.jedis.exceptions.JedisConnectionException: java.net.ConnectException: Connection refused (Connection refused)
Caused by: java.net.ConnectException: Connection refused (Connection refused)
</error>
  </testcase>
  <testcase name="testIsEmpty[4]" classname="org.springframework.data.redis.support.collections.RedisListTests" time="0.001">
    <error message="Cannot get Jedis connection; nested exception is redis.clients.jedis.exceptions.JedisConnectionException: Could not get a resource from the pool" type="org.springframework.data.redis.RedisConnectionFailureException">org.springframework.data.redis.RedisConnectionFailureException: Cannot get Jedis connection; nested exception is redis.clients.jedis.exceptions.JedisConnectionException: Could not get a resource from the pool
Caused by: redis.clients.jedis.exceptions.JedisConnectionException: Could not get a resource from the pool
Caused by: redis.clients.jedis.exceptions.JedisConnectionException: java.net.ConnectException: Connection refused (Connection refused)
Caused by: java.net.ConnectException: Connection refused (Connection refused)
</error>
  </testcase>
  <testcase name="testIsEmpty[4]" classname="org.springframework.data.redis.support.collections.RedisListTests" time="0.001">
    <error message="Cannot get Jedis connection; nested exception is redis.clients.jedis.exceptions.JedisConnectionException: Could not get a resource from the pool" type="org.springframework.data.redis.RedisConnectionFailureException">org.springframework.data.redis.RedisConnectionFailureException: Cannot get Jedis connection; nested exception is redis.clients.jedis.exceptions.JedisConnectionException: Could not get a resource from the pool
Caused by: redis.clients.jedis.exceptions.JedisConnectionException: Could not get a resource from the pool
Caused by: redis.clients.jedis.exceptions.JedisConnectionException: java.net.ConnectException: Connection refused (Connection refused)
Caused by: java.net.ConnectException: Connection refused (Connection refused)
</error>
  </testcase>
  <testcase name="testIterator[4]" classname="org.springframework.data.redis.support.collections.RedisListTests" time="0.001">
    <error message="Cannot get Jedis connection; nested exception is redis.clients.jedis.exceptions.JedisConnectionException: Could not get a resource from the pool" type="org.springframework.data.redis.RedisConnectionFailureException">org.springframework.data.redis.RedisConnectionFailureException: Cannot get Jedis connection; nested exception is redis.clients.jedis.exceptions.JedisConnectionException: Could not get a resource from the pool
Caused by: redis.clients.jedis.exceptions.JedisConnectionException: Could not get a resource from the pool
Caused by: redis.clients.jedis.exceptions.JedisConnectionException: java.net.ConnectException: Connection refused (Connection refused)
Caused by: java.net.ConnectException: Connection refused (Connection refused)
</error>
  </testcase>
  <testcase name="testIterator[4]" classname="org.springframework.data.redis.support.collections.RedisListTests" time="0.001">
    <error message="Cannot get Jedis connection; nested exception is redis.clients.jedis.exceptions.JedisConnectionException: Could not get a resource from the pool" type="org.springframework.data.redis.RedisConnectionFailureException">org.springframework.data.redis.RedisConnectionFailureException: Cannot get Jedis connection; nested exception is redis.clients.jedis.exceptions.JedisConnectionException: Could not get a resource from the pool
Caused by: redis.clients.jedis.exceptions.JedisConnectionException: Could not get a resource from the pool
Caused by: redis.clients.jedis.exceptions.JedisConnectionException: java.net.ConnectException: Connection refused (Connection refused)
Caused by: java.net.ConnectException: Connection refused (Connection refused)
</error>
  </testcase>
  <testcase name="testElement[5]" classname="org.springframework.data.redis.support.collections.RedisListTests" time="0">
    <error message="Cannot get Jedis connection; nested exception is redis.clients.jedis.exceptions.JedisConnectionException: Could not get a resource from the pool" type="org.springframework.data.redis.RedisConnectionFailureException">org.springframework.data.redis.RedisConnectionFailureException: Cannot get Jedis connection; nested exception is redis.clients.jedis.exceptions.JedisConnectionException: Could not get a resource from the pool
Caused by: redis.clients.jedis.exceptions.JedisConnectionException: Could not get a resource from the pool
Caused by: redis.clients.jedis.exceptions.JedisConnectionException: java.net.ConnectException: Connection refused (Connection refused)
Caused by: java.net.ConnectException: Connection refused (Connection refused)
</error>
  </testcase>
  <testcase name="testElement[5]" classname="org.springframework.data.redis.support.collections.RedisListTests" time="0.001">
    <error message="Cannot get Jedis connection; nested exception is redis.clients.jedis.exceptions.JedisConnectionException: Could not get a resource from the pool" type="org.springframework.data.redis.RedisConnectionFailureException">org.springframework.data.redis.RedisConnectionFailureException: Cannot get Jedis connection; nested exception is redis.clients.jedis.exceptions.JedisConnectionException: Could not get a resource from the pool
Caused by: redis.clients.jedis.exceptions.JedisConnectionException: Could not get a resource from the pool
Caused by: redis.clients.jedis.exceptions.JedisConnectionException: java.net.ConnectException: Connection refused (Connection refused)
Caused by: java.net.ConnectException: Connection refused (Connection refused)
</error>
  </testcase>
  <testcase name="testPutFirst[5]" classname="org.springframework.data.redis.support.collections.RedisListTests" time="0.003">
    <error message="Cannot get Jedis connection; nested exception is redis.clients.jedis.exceptions.JedisConnectionException: Could not get a resource from the pool" type="org.springframework.data.redis.RedisConnectionFailureException">org.springframework.data.redis.RedisConnectionFailureException: Cannot get Jedis connection; nested exception is redis.clients.jedis.exceptions.JedisConnectionException: Could not get a resource from the pool
Caused by: redis.clients.jedis.exceptions.JedisConnectionException: Could not get a resource from the pool
Caused by: redis.clients.jedis.exceptions.JedisConnectionException: java.net.ConnectException: Connection refused (Connection refused)
Caused by: java.net.ConnectException: Connection refused (Connection refused)
</error>
  </testcase>
  <testcase name="testPutFirst[5]" classname="org.springframework.data.redis.support.collections.RedisListTests" time="0.003">
    <error message="Cannot get Jedis connection; nested exception is redis.clients.jedis.exceptions.JedisConnectionException: Could not get a resource from the pool" type="org.springframework.data.redis.RedisConnectionFailureException">org.springframework.data.redis.RedisConnectionFailureException: Cannot get Jedis connection; nested exception is redis.clients.jedis.exceptions.JedisConnectionException: Could not get a resource from the pool
Caused by: redis.clients.jedis.exceptions.JedisConnectionException: Could not get a resource from the pool
Caused by: redis.clients.jedis.exceptions.JedisConnectionException: java.net.ConnectException: Connection refused (Connection refused)
Caused by: java.net.ConnectException: Connection refused (Connection refused)
</error>
  </testcase>
  <testcase name="testPollLastTimeout[5]" classname="org.springframework.data.redis.support.collections.RedisListTests" time="0.001">
    <error message="Cannot get Jedis connection; nested exception is redis.clients.jedis.exceptions.JedisConnectionException: Could not get a resource from the pool" type="org.springframework.data.redis.RedisConnectionFailureException">org.springframework.data.redis.RedisConnectionFailureException: Cannot get Jedis connection; nested exception is redis.clients.jedis.exceptions.JedisConnectionException: Could not get a resource from the pool
Caused by: redis.clients.jedis.exceptions.JedisConnectionException: Could not get a resource from the pool
Caused by: redis.clients.jedis.exceptions.JedisConnectionException: java.net.ConnectException: Connection refused (Connection refused)
Caused by: java.net.ConnectException: Connection refused (Connection refused)
</error>
  </testcase>
  <testcase name="testPollLastTimeout[5]" classname="org.springframework.data.redis.support.collections.RedisListTests" time="0.001">
    <error message="Cannot get Jedis connection; nested exception is redis.clients.jedis.exceptions.JedisConnectionException: Could not get a resource from the pool" type="org.springframework.data.redis.RedisConnectionFailureException">org.springframework.data.redis.RedisConnectionFailureException: Cannot get Jedis connection; nested exception is redis.clients.jedis.exceptions.JedisConnectionException: Could not get a resource from the pool
Caused by: redis.clients.jedis.exceptions.JedisConnectionException: Could not get a resource from the pool
Caused by: redis.clients.jedis.exceptions.JedisConnectionException: java.net.ConnectException: Connection refused (Connection refused)
Caused by: java.net.ConnectException: Connection refused (Connection refused)
</error>
  </testcase>
  <testcase name="testPeekFirst[5]" classname="org.springframework.data.redis.support.collections.RedisListTests" time="0">
    <error message="Cannot get Jedis connection; nested exception is redis.clients.jedis.exceptions.JedisConnectionException: Could not get a resource from the pool" type="org.springframework.data.redis.RedisConnectionFailureException">org.springframework.data.redis.RedisConnectionFailureException: Cannot get Jedis connection; nested exception is redis.clients.jedis.exceptions.JedisConnectionException: Could not get a resource from the pool
Caused by: redis.clients.jedis.exceptions.JedisConnectionException: Could not get a resource from the pool
Caused by: redis.clients.jedis.exceptions.JedisConnectionException: java.net.ConnectException: Connection refused (Connection refused)
Caused by: java.net.ConnectException: Connection refused (Connection refused)
</error>
  </testcase>
  <testcase name="testPeekFirst[5]" classname="org.springframework.data.redis.support.collections.RedisListTests" time="0.001">
    <error message="Cannot get Jedis connection; nested exception is redis.clients.jedis.exceptions.JedisConnectionException: Could not get a resource from the pool" type="org.springframework.data.redis.RedisConnectionFailureException">org.springframework.data.redis.RedisConnectionFailureException: Cannot get Jedis connection; nested exception is redis.clients.jedis.exceptions.JedisConnectionException: Could not get a resource from the pool
Caused by: redis.clients.jedis.exceptions.JedisConnectionException: Could not get a resource from the pool
Caused by: redis.clients.jedis.exceptions.JedisConnectionException: java.net.ConnectException: Connection refused (Connection refused)
Caused by: java.net.ConnectException: Connection refused (Connection refused)
</error>
  </testcase>
  <testcase name="testOfferLast[5]" classname="org.springframework.data.redis.support.collections.RedisListTests" time="0.001">
    <error message="Cannot get Jedis connection; nested exception is redis.clients.jedis.exceptions.JedisConnectionException: Could not get a resource from the pool" type="org.springframework.data.redis.RedisConnectionFailureException">org.springframework.data.redis.RedisConnectionFailureException: Cannot get Jedis connection; nested exception is redis.clients.jedis.exceptions.JedisConnectionException: Could not get a resource from the pool
Caused by: redis.clients.jedis.exceptions.JedisConnectionException: Could not get a resource from the pool
Caused by: redis.clients.jedis.exceptions.JedisConnectionException: java.net.ConnectException: Connection refused (Connection refused)
Caused by: java.net.ConnectException: Connection refused (Connection refused)
</error>
  </testcase>
  <testcase name="testOfferLast[5]" classname="org.springframework.data.redis.support.collections.RedisListTests" time="0.001">
    <error message="Cannot get Jedis connection; nested exception is redis.clients.jedis.exceptions.JedisConnectionException: Could not get a resource from the pool" type="org.springframework.data.redis.RedisConnectionFailureException">org.springframework.data.redis.RedisConnectionFailureException: Cannot get Jedis connection; nested exception is redis.clients.jedis.exceptions.JedisConnectionException: Could not get a resource from the pool
Caused by: redis.clients.jedis.exceptions.JedisConnectionException: Could not get a resource from the pool
Caused by: redis.clients.jedis.exceptions.JedisConnectionException: java.net.ConnectException: Connection refused (Connection refused)
Caused by: java.net.ConnectException: Connection refused (Connection refused)
</error>
  </testcase>
  <testcase name="testGetFirst[5]" classname="org.springframework.data.redis.support.collections.RedisListTests" time="0.001">
    <error message="Cannot get Jedis connection; nested exception is redis.clients.jedis.exceptions.JedisConnectionException: Could not get a resource from the pool" type="org.springframework.data.redis.RedisConnectionFailureException">org.springframework.data.redis.RedisConnectionFailureException: Cannot get Jedis connection; nested exception is redis.clients.jedis.exceptions.JedisConnectionException: Could not get a resource from the pool
Caused by: redis.clients.jedis.exceptions.JedisConnectionException: Could not get a resource from the pool
Caused by: redis.clients.jedis.exceptions.JedisConnectionException: java.net.ConnectException: Connection refused (Connection refused)
Caused by: java.net.ConnectException: Connection refused (Connection refused)
</error>
  </testcase>
  <testcase name="testGetFirst[5]" classname="org.springframework.data.redis.support.collections.RedisListTests" time="0.001">
    <error message="Cannot get Jedis connection; nested exception is redis.clients.jedis.exceptions.JedisConnectionException: Could not get a resource from the pool" type="org.springframework.data.redis.RedisConnectionFailureException">org.springframework.data.redis.RedisConnectionFailureException: Cannot get Jedis connection; nested exception is redis.clients.jedis.exceptions.JedisConnectionException: Could not get a resource from the pool
Caused by: redis.clients.jedis.exceptions.JedisConnectionException: Could not get a resource from the pool
Caused by: redis.clients.jedis.exceptions.JedisConnectionException: java.net.ConnectException: Connection refused (Connection refused)
Caused by: java.net.ConnectException: Connection refused (Connection refused)
</error>
  </testcase>
  <testcase name="testAddLast[5]" classname="org.springframework.data.redis.support.collections.RedisListTests" time="0.001">
    <error message="Cannot get Jedis connection; nested exception is redis.clients.jedis.exceptions.JedisConnectionException: Could not get a resource from the pool" type="org.springframework.data.redis.RedisConnectionFailureException">org.springframework.data.redis.RedisConnectionFailureException: Cannot get Jedis connection; nested exception is redis.clients.jedis.exceptions.JedisConnectionException: Could not get a resource from the pool
Caused by: redis.clients.jedis.exceptions.JedisConnectionException: Could not get a resource from the pool
Caused by: redis.clients.jedis.exceptions.JedisConnectionException: java.net.ConnectException: Connection refused (Connection refused)
Caused by: java.net.ConnectException: Connection refused (Connection refused)
</error>
  </testcase>
  <testcase name="testAddLast[5]" classname="org.springframework.data.redis.support.collections.RedisListTests" time="0.002">
    <error message="Cannot get Jedis connection; nested exception is redis.clients.jedis.exceptions.JedisConnectionException: Could not get a resource from the pool" type="org.springframework.data.redis.RedisConnectionFailureException">org.springframework.data.redis.RedisConnectionFailureException: Cannot get Jedis connection; nested exception is redis.clients.jedis.exceptions.JedisConnectionException: Could not get a resource from the pool
Caused by: redis.clients.jedis.exceptions.JedisConnectionException: Could not get a resource from the pool
Caused by: redis.clients.jedis.exceptions.JedisConnectionException: java.net.ConnectException: Connection refused (Connection refused)
Caused by: java.net.ConnectException: Connection refused (Connection refused)
</error>
  </testcase>
  <testcase name="testPop[5]" classname="org.springframework.data.redis.support.collections.RedisListTests" time="0.001">
    <error message="Cannot get Jedis connection; nested exception is redis.clients.jedis.exceptions.JedisConnectionException: Could not get a resource from the pool" type="org.springframework.data.redis.RedisConnectionFailureException">org.springframework.data.redis.RedisConnectionFailureException: Cannot get Jedis connection; nested exception is redis.clients.jedis.exceptions.JedisConnectionException: Could not get a resource from the pool
Caused by: redis.clients.jedis.exceptions.JedisConnectionException: Could not get a resource from the pool
Caused by: redis.clients.jedis.exceptions.JedisConnectionException: java.net.ConnectException: Connection refused (Connection refused)
Caused by: java.net.ConnectException: Connection refused (Connection refused)
</error>
  </testcase>
  <testcase name="testPop[5]" classname="org.springframework.data.redis.support.collections.RedisListTests" time="0.001">
    <error message="Cannot get Jedis connection; nested exception is redis.clients.jedis.exceptions.JedisConnectionException: Could not get a resource from the pool" type="org.springframework.data.redis.RedisConnectionFailureException">org.springframework.data.redis.RedisConnectionFailureException: Cannot get Jedis connection; nested exception is redis.clients.jedis.exceptions.JedisConnectionException: Could not get a resource from the pool
Caused by: redis.clients.jedis.exceptions.JedisConnectionException: Could not get a resource from the pool
Caused by: redis.clients.jedis.exceptions.JedisConnectionException: java.net.ConnectException: Connection refused (Connection refused)
Caused by: java.net.ConnectException: Connection refused (Connection refused)
</error>
  </testcase>
  <testcase name="testPut[5]" classname="org.springframework.data.redis.support.collections.RedisListTests" time="0.001">
    <error message="Cannot get Jedis connection; nested exception is redis.clients.jedis.exceptions.JedisConnectionException: Could not get a resource from the pool" type="org.springframework.data.redis.RedisConnectionFailureException">org.springframework.data.redis.RedisConnectionFailureException: Cannot get Jedis connection; nested exception is redis.clients.jedis.exceptions.JedisConnectionException: Could not get a resource from the pool
Caused by: redis.clients.jedis.exceptions.JedisConnectionException: Could not get a resource from the pool
Caused by: redis.clients.jedis.exceptions.JedisConnectionException: java.net.ConnectException: Connection refused (Connection refused)
Caused by: java.net.ConnectException: Connection refused (Connection refused)
</error>
  </testcase>
  <testcase name="testPut[5]" classname="org.springframework.data.redis.support.collections.RedisListTests" time="0.001">
    <error message="Cannot get Jedis connection; nested exception is redis.clients.jedis.exceptions.JedisConnectionException: Could not get a resource from the pool" type="org.springframework.data.redis.RedisConnectionFailureException">org.springframework.data.redis.RedisConnectionFailureException: Cannot get Jedis connection; nested exception is redis.clients.jedis.exceptions.JedisConnectionException: Could not get a resource from the pool
Caused by: redis.clients.jedis.exceptions.JedisConnectionException: Could not get a resource from the pool
Caused by: redis.clients.jedis.exceptions.JedisConnectionException: java.net.ConnectException: Connection refused (Connection refused)
Caused by: java.net.ConnectException: Connection refused (Connection refused)
</error>
  </testcase>
  <testcase name="testSet[5]" classname="org.springframework.data.redis.support.collections.RedisListTests" time="0.001">
    <error message="Cannot get Jedis connection; nested exception is redis.clients.jedis.exceptions.JedisConnectionException: Could not get a resource from the pool" type="org.springframework.data.redis.RedisConnectionFailureException">org.springframework.data.redis.RedisConnectionFailureException: Cannot get Jedis connection; nested exception is redis.clients.jedis.exceptions.JedisConnectionException: Could not get a resource from the pool
Caused by: redis.clients.jedis.exceptions.JedisConnectionException: Could not get a resource from the pool
Caused by: redis.clients.jedis.exceptions.JedisConnectionException: java.net.ConnectException: Connection refused (Connection refused)
Caused by: java.net.ConnectException: Connection refused (Connection refused)
</error>
  </testcase>
  <testcase name="testSet[5]" classname="org.springframework.data.redis.support.collections.RedisListTests" time="0.002">
    <error message="Cannot get Jedis connection; nested exception is redis.clients.jedis.exceptions.JedisConnectionException: Could not get a resource from the pool" type="org.springframework.data.redis.RedisConnectionFailureException">org.springframework.data.redis.RedisConnectionFailureException: Cannot get Jedis connection; nested exception is redis.clients.jedis.exceptions.JedisConnectionException: Could not get a resource from the pool
Caused by: redis.clients.jedis.exceptions.JedisConnectionException: Could not get a resource from the pool
Caused by: redis.clients.jedis.exceptions.JedisConnectionException: java.net.ConnectException: Connection refused (Connection refused)
Caused by: java.net.ConnectException: Connection refused (Connection refused)
</error>
  </testcase>
  <testcase name="testOffer[5]" classname="org.springframework.data.redis.support.collections.RedisListTests" time="0.001">
    <error message="Cannot get Jedis connection; nested exception is redis.clients.jedis.exceptions.JedisConnectionException: Could not get a resource from the pool" type="org.springframework.data.redis.RedisConnectionFailureException">org.springframework.data.redis.RedisConnectionFailureException: Cannot get Jedis connection; nested exception is redis.clients.jedis.exceptions.JedisConnectionException: Could not get a resource from the pool
Caused by: redis.clients.jedis.exceptions.JedisConnectionException: Could not get a resource from the pool
Caused by: redis.clients.jedis.exceptions.JedisConnectionException: java.net.ConnectException: Connection refused (Connection refused)
Caused by: java.net.ConnectException: Connection refused (Connection refused)
</error>
  </testcase>
  <testcase name="testOffer[5]" classname="org.springframework.data.redis.support.collections.RedisListTests" time="0.001">
    <error message="Cannot get Jedis connection; nested exception is redis.clients.jedis.exceptions.JedisConnectionException: Could not get a resource from the pool" type="org.springframework.data.redis.RedisConnectionFailureException">org.springframework.data.redis.RedisConnectionFailureException: Cannot get Jedis connection; nested exception is redis.clients.jedis.exceptions.JedisConnectionException: Could not get a resource from the pool
Caused by: redis.clients.jedis.exceptions.JedisConnectionException: Could not get a resource from the pool
Caused by: redis.clients.jedis.exceptions.JedisConnectionException: java.net.ConnectException: Connection refused (Connection refused)
Caused by: java.net.ConnectException: Connection refused (Connection refused)
</error>
  </testcase>
  <testcase name="testRange[5]" classname="org.springframework.data.redis.support.collections.RedisListTests" time="0.001">
    <error message="Cannot get Jedis connection; nested exception is redis.clients.jedis.exceptions.JedisConnectionException: Could not get a resource from the pool" type="org.springframework.data.redis.RedisConnectionFailureException">org.springframework.data.redis.RedisConnectionFailureException: Cannot get Jedis connection; nested exception is redis.clients.jedis.exceptions.JedisConnectionException: Could not get a resource from the pool
Caused by: redis.clients.jedis.exceptions.JedisConnectionException: Could not get a resource from the pool
Caused by: redis.clients.jedis.exceptions.JedisConnectionException: java.net.ConnectException: Connection refused (Connection refused)
Caused by: java.net.ConnectException: Connection refused (Connection refused)
</error>
  </testcase>
  <testcase name="testRange[5]" classname="org.springframework.data.redis.support.collections.RedisListTests" time="0.001">
    <error message="Cannot get Jedis connection; nested exception is redis.clients.jedis.exceptions.JedisConnectionException: Could not get a resource from the pool" type="org.springframework.data.redis.RedisConnectionFailureException">org.springframework.data.redis.RedisConnectionFailureException: Cannot get Jedis connection; nested exception is redis.clients.jedis.exceptions.JedisConnectionException: Could not get a resource from the pool
Caused by: redis.clients.jedis.exceptions.JedisConnectionException: Could not get a resource from the pool
Caused by: redis.clients.jedis.exceptions.JedisConnectionException: java.net.ConnectException: Connection refused (Connection refused)
Caused by: java.net.ConnectException: Connection refused (Connection refused)
</error>
  </testcase>
  <testcase name="testLast[5]" classname="org.springframework.data.redis.support.collections.RedisListTests" time="0.001">
    <error message="Cannot get Jedis connection; nested exception is redis.clients.jedis.exceptions.JedisConnectionException: Could not get a resource from the pool" type="org.springframework.data.redis.RedisConnectionFailureException">org.springframework.data.redis.RedisConnectionFailureException: Cannot get Jedis connection; nested exception is redis.clients.jedis.exceptions.JedisConnectionException: Could not get a resource from the pool
Caused by: redis.clients.jedis.exceptions.JedisConnectionException: Could not get a resource from the pool
Caused by: redis.clients.jedis.exceptions.JedisConnectionException: java.net.ConnectException: Connection refused (Connection refused)
Caused by: java.net.ConnectException: Connection refused (Connection refused)
</error>
  </testcase>
  <testcase name="testLast[5]" classname="org.springframework.data.redis.support.collections.RedisListTests" time="0.001">
    <error message="Cannot get Jedis connection; nested exception is redis.clients.jedis.exceptions.JedisConnectionException: Could not get a resource from the pool" type="org.springframework.data.redis.RedisConnectionFailureException">org.springframework.data.redis.RedisConnectionFailureException: Cannot get Jedis connection; nested exception is redis.clients.jedis.exceptions.JedisConnectionException: Could not get a resource from the pool
Caused by: redis.clients.jedis.exceptions.JedisConnectionException: Could not get a resource from the pool
Caused by: redis.clients.jedis.exceptions.JedisConnectionException: java.net.ConnectException: Connection refused (Connection refused)
Caused by: java.net.ConnectException: Connection refused (Connection refused)
</error>
  </testcase>
  <testcase name="testPeek[5]" classname="org.springframework.data.redis.support.collections.RedisListTests" time="0">
    <error message="Cannot get Jedis connection; nested exception is redis.clients.jedis.exceptions.JedisConnectionException: Could not get a resource from the pool" type="org.springframework.data.redis.RedisConnectionFailureException">org.springframework.data.redis.RedisConnectionFailureException: Cannot get Jedis connection; nested exception is redis.clients.jedis.exceptions.JedisConnectionException: Could not get a resource from the pool
Caused by: redis.clients.jedis.exceptions.JedisConnectionException: Could not get a resource from the pool
Caused by: redis.clients.jedis.exceptions.JedisConnectionException: java.net.ConnectException: Connection refused (Connection refused)
Caused by: java.net.ConnectException: Connection refused (Connection refused)
</error>
  </testcase>
  <testcase name="testPeek[5]" classname="org.springframework.data.redis.support.collections.RedisListTests" time="0.001">
    <error message="Cannot get Jedis connection; nested exception is redis.clients.jedis.exceptions.JedisConnectionException: Could not get a resource from the pool" type="org.springframework.data.redis.RedisConnectionFailureException">org.springframework.data.redis.RedisConnectionFailureException: Cannot get Jedis connection; nested exception is redis.clients.jedis.exceptions.JedisConnectionException: Could not get a resource from the pool
Caused by: redis.clients.jedis.exceptions.JedisConnectionException: Could not get a resource from the pool
Caused by: redis.clients.jedis.exceptions.JedisConnectionException: java.net.ConnectException: Connection refused (Connection refused)
Caused by: java.net.ConnectException: Connection refused (Connection refused)
</error>
  </testcase>
  <testcase name="testPoll[5]" classname="org.springframework.data.redis.support.collections.RedisListTests" time="0.001">
    <error message="Cannot get Jedis connection; nested exception is redis.clients.jedis.exceptions.JedisConnectionException: Could not get a resource from the pool" type="org.springframework.data.redis.RedisConnectionFailureException">org.springframework.data.redis.RedisConnectionFailureException: Cannot get Jedis connection; nested exception is redis.clients.jedis.exceptions.JedisConnectionException: Could not get a resource from the pool
Caused by: redis.clients.jedis.exceptions.JedisConnectionException: Could not get a resource from the pool
Caused by: redis.clients.jedis.exceptions.JedisConnectionException: java.net.ConnectException: Connection refused (Connection refused)
Caused by: java.net.ConnectException: Connection refused (Connection refused)
</error>
  </testcase>
  <testcase name="testPoll[5]" classname="org.springframework.data.redis.support.collections.RedisListTests" time="0.001">
    <error message="Cannot get Jedis connection; nested exception is redis.clients.jedis.exceptions.JedisConnectionException: Could not get a resource from the pool" type="org.springframework.data.redis.RedisConnectionFailureException">org.springframework.data.redis.RedisConnectionFailureException: Cannot get Jedis connection; nested exception is redis.clients.jedis.exceptions.JedisConnectionException: Could not get a resource from the pool
Caused by: redis.clients.jedis.exceptions.JedisConnectionException: Could not get a resource from the pool
Caused by: redis.clients.jedis.exceptions.JedisConnectionException: java.net.ConnectException: Connection refused (Connection refused)
Caused by: java.net.ConnectException: Connection refused (Connection refused)
</error>
  </testcase>
  <testcase name="testTake[5]" classname="org.springframework.data.redis.support.collections.RedisListTests" time="0.001">
    <error message="Cannot get Jedis connection; nested exception is redis.clients.jedis.exceptions.JedisConnectionException: Could not get a resource from the pool" type="org.springframework.data.redis.RedisConnectionFailureException">org.springframework.data.redis.RedisConnectionFailureException: Cannot get Jedis connection; nested exception is redis.clients.jedis.exceptions.JedisConnectionException: Could not get a resource from the pool
Caused by: redis.clients.jedis.exceptions.JedisConnectionException: Could not get a resource from the pool
Caused by: redis.clients.jedis.exceptions.JedisConnectionException: java.net.ConnectException: Connection refused (Connection refused)
Caused by: java.net.ConnectException: Connection refused (Connection refused)
</error>
  </testcase>
  <testcase name="testTake[5]" classname="org.springframework.data.redis.support.collections.RedisListTests" time="0.001">
    <error message="Cannot get Jedis connection; nested exception is redis.clients.jedis.exceptions.JedisConnectionException: Could not get a resource from the pool" type="org.springframework.data.redis.RedisConnectionFailureException">org.springframework.data.redis.RedisConnectionFailureException: Cannot get Jedis connection; nested exception is redis.clients.jedis.exceptions.JedisConnectionException: Could not get a resource from the pool
Caused by: redis.clients.jedis.exceptions.JedisConnectionException: Could not get a resource from the pool
Caused by: redis.clients.jedis.exceptions.JedisConnectionException: java.net.ConnectException: Connection refused (Connection refused)
Caused by: java.net.ConnectException: Connection refused (Connection refused)
</error>
  </testcase>
  <testcase name="testTrim[5]" classname="org.springframework.data.redis.support.collections.RedisListTests" time="0.001">
    <error message="Cannot get Jedis connection; nested exception is redis.clients.jedis.exceptions.JedisConnectionException: Could not get a resource from the pool" type="org.springframework.data.redis.RedisConnectionFailureException">org.springframework.data.redis.RedisConnectionFailureException: Cannot get Jedis connection; nested exception is redis.clients.jedis.exceptions.JedisConnectionException: Could not get a resource from the pool
Caused by: redis.clients.jedis.exceptions.JedisConnectionException: Could not get a resource from the pool
Caused by: redis.clients.jedis.exceptions.JedisConnectionException: java.net.ConnectException: Connection refused (Connection refused)
Caused by: java.net.ConnectException: Connection refused (Connection refused)
</error>
  </testcase>
  <testcase name="testTrim[5]" classname="org.springframework.data.redis.support.collections.RedisListTests" time="0.001">
    <error message="Cannot get Jedis connection; nested exception is redis.clients.jedis.exceptions.JedisConnectionException: Could not get a resource from the pool" type="org.springframework.data.redis.RedisConnectionFailureException">org.springframework.data.redis.RedisConnectionFailureException: Cannot get Jedis connection; nested exception is redis.clients.jedis.exceptions.JedisConnectionException: Could not get a resource from the pool
Caused by: redis.clients.jedis.exceptions.JedisConnectionException: Could not get a resource from the pool
Caused by: redis.clients.jedis.exceptions.JedisConnectionException: java.net.ConnectException: Connection refused (Connection refused)
Caused by: java.net.ConnectException: Connection refused (Connection refused)
</error>
  </testcase>
  <testcase name="testDrainToCollection[5]" classname="org.springframework.data.redis.support.collections.RedisListTests" time="0.001">
    <error message="Cannot get Jedis connection; nested exception is redis.clients.jedis.exceptions.JedisConnectionException: Could not get a resource from the pool" type="org.springframework.data.redis.RedisConnectionFailureException">org.springframework.data.redis.RedisConnectionFailureException: Cannot get Jedis connection; nested exception is redis.clients.jedis.exceptions.JedisConnectionException: Could not get a resource from the pool
Caused by: redis.clients.jedis.exceptions.JedisConnectionException: Could not get a resource from the pool
Caused by: redis.clients.jedis.exceptions.JedisConnectionException: java.net.ConnectException: Connection refused (Connection refused)
Caused by: java.net.ConnectException: Connection refused (Connection refused)
</error>
  </testcase>
  <testcase name="testDrainToCollection[5]" classname="org.springframework.data.redis.support.collections.RedisListTests" time="0.002">
    <error message="Cannot get Jedis connection; nested exception is redis.clients.jedis.exceptions.JedisConnectionException: Could not get a resource from the pool" type="org.springframework.data.redis.RedisConnectionFailureException">org.springframework.data.redis.RedisConnectionFailureException: Cannot get Jedis connection; nested exception is redis.clients.jedis.exceptions.JedisConnectionException: Could not get a resource from the pool
Caused by: redis.clients.jedis.exceptions.JedisConnectionException: Could not get a resource from the pool
Caused by: redis.clients.jedis.exceptions.JedisConnectionException: java.net.ConnectException: Connection refused (Connection refused)
Caused by: java.net.ConnectException: Connection refused (Connection refused)
</error>
  </testcase>
  <testcase name="testRemoveFirst[5]" classname="org.springframework.data.redis.support.collections.RedisListTests" time="0.001">
    <error message="Cannot get Jedis connection; nested exception is redis.clients.jedis.exceptions.JedisConnectionException: Could not get a resource from the pool" type="org.springframework.data.redis.RedisConnectionFailureException">org.springframework.data.redis.RedisConnectionFailureException: Cannot get Jedis connection; nested exception is redis.clients.jedis.exceptions.JedisConnectionException: Could not get a resource from the pool
Caused by: redis.clients.jedis.exceptions.JedisConnectionException: Could not get a resource from the pool
Caused by: redis.clients.jedis.exceptions.JedisConnectionException: java.net.ConnectException: Connection refused (Connection refused)
Caused by: java.net.ConnectException: Connection refused (Connection refused)
</error>
  </testcase>
  <testcase name="testRemoveFirst[5]" classname="org.springframework.data.redis.support.collections.RedisListTests" time="0.001">
    <error message="Cannot get Jedis connection; nested exception is redis.clients.jedis.exceptions.JedisConnectionException: Could not get a resource from the pool" type="org.springframework.data.redis.RedisConnectionFailureException">org.springframework.data.redis.RedisConnectionFailureException: Cannot get Jedis connection; nested exception is redis.clients.jedis.exceptions.JedisConnectionException: Could not get a resource from the pool
Caused by: redis.clients.jedis.exceptions.JedisConnectionException: Could not get a resource from the pool
Caused by: redis.clients.jedis.exceptions.JedisConnectionException: java.net.ConnectException: Connection refused (Connection refused)
Caused by: java.net.ConnectException: Connection refused (Connection refused)
</error>
  </testcase>
  <testcase name="testRemoveIndex[5]" classname="org.springframework.data.redis.support.collections.RedisListTests" time="0.001">
    <error message="Cannot get Jedis connection; nested exception is redis.clients.jedis.exceptions.JedisConnectionException: Could not get a resource from the pool" type="org.springframework.data.redis.RedisConnectionFailureException">org.springframework.data.redis.RedisConnectionFailureException: Cannot get Jedis connection; nested exception is redis.clients.jedis.exceptions.JedisConnectionException: Could not get a resource from the pool
Caused by: redis.clients.jedis.exceptions.JedisConnectionException: Could not get a resource from the pool
Caused by: redis.clients.jedis.exceptions.JedisConnectionException: java.net.ConnectException: Connection refused (Connection refused)
Caused by: java.net.ConnectException: Connection refused (Connection refused)
</error>
  </testcase>
  <testcase name="testPutLast[5]" classname="org.springframework.data.redis.support.collections.RedisListTests" time="0.001">
    <error message="Cannot get Jedis connection; nested exception is redis.clients.jedis.exceptions.JedisConnectionException: Could not get a resource from the pool" type="org.springframework.data.redis.RedisConnectionFailureException">org.springframework.data.redis.RedisConnectionFailureException: Cannot get Jedis connection; nested exception is redis.clients.jedis.exceptions.JedisConnectionException: Could not get a resource from the pool
Caused by: redis.clients.jedis.exceptions.JedisConnectionException: Could not get a resource from the pool
Caused by: redis.clients.jedis.exceptions.JedisConnectionException: java.net.ConnectException: Connection refused (Connection refused)
Caused by: java.net.ConnectException: Connection refused (Connection refused)
</error>
  </testcase>
  <testcase name="testPutLast[5]" classname="org.springframework.data.redis.support.collections.RedisListTests" time="0.001">
    <error message="Cannot get Jedis connection; nested exception is redis.clients.jedis.exceptions.JedisConnectionException: Could not get a resource from the pool" type="org.springframework.data.redis.RedisConnectionFailureException">org.springframework.data.redis.RedisConnectionFailureException: Cannot get Jedis connection; nested exception is redis.clients.jedis.exceptions.JedisConnectionException: Could not get a resource from the pool
Caused by: redis.clients.jedis.exceptions.JedisConnectionException: Could not get a resource from the pool
Caused by: redis.clients.jedis.exceptions.JedisConnectionException: java.net.ConnectException: Connection refused (Connection refused)
Caused by: java.net.ConnectException: Connection refused (Connection refused)
</error>
  </testcase>
  <testcase name="testOfferFirst[5]" classname="org.springframework.data.redis.support.collections.RedisListTests" time="0.001">
    <error message="Cannot get Jedis connection; nested exception is redis.clients.jedis.exceptions.JedisConnectionException: Could not get a resource from the pool" type="org.springframework.data.redis.RedisConnectionFailureException">org.springframework.data.redis.RedisConnectionFailureException: Cannot get Jedis connection; nested exception is redis.clients.jedis.exceptions.JedisConnectionException: Could not get a resource from the pool
Caused by: redis.clients.jedis.exceptions.JedisConnectionException: Could not get a resource from the pool
Caused by: redis.clients.jedis.exceptions.JedisConnectionException: java.net.ConnectException: Connection refused (Connection refused)
Caused by: java.net.ConnectException: Connection refused (Connection refused)
</error>
  </testcase>
  <testcase name="testOfferFirst[5]" classname="org.springframework.data.redis.support.collections.RedisListTests" time="0.001">
    <error message="Cannot get Jedis connection; nested exception is redis.clients.jedis.exceptions.JedisConnectionException: Could not get a resource from the pool" type="org.springframework.data.redis.RedisConnectionFailureException">org.springframework.data.redis.RedisConnectionFailureException: Cannot get Jedis connection; nested exception is redis.clients.jedis.exceptions.JedisConnectionException: Could not get a resource from the pool
Caused by: redis.clients.jedis.exceptions.JedisConnectionException: Could not get a resource from the pool
Caused by: redis.clients.jedis.exceptions.JedisConnectionException: java.net.ConnectException: Connection refused (Connection refused)
Caused by: java.net.ConnectException: Connection refused (Connection refused)
</error>
  </testcase>
  <testcase name="testDescendingIterator[5]" classname="org.springframework.data.redis.support.collections.RedisListTests" time="0.001">
    <error message="Cannot get Jedis connection; nested exception is redis.clients.jedis.exceptions.JedisConnectionException: Could not get a resource from the pool" type="org.springframework.data.redis.RedisConnectionFailureException">org.springframework.data.redis.RedisConnectionFailureException: Cannot get Jedis connection; nested exception is redis.clients.jedis.exceptions.JedisConnectionException: Could not get a resource from the pool
Caused by: redis.clients.jedis.exceptions.JedisConnectionException: Could not get a resource from the pool
Caused by: redis.clients.jedis.exceptions.JedisConnectionException: java.net.ConnectException: Connection refused (Connection refused)
Caused by: java.net.ConnectException: Connection refused (Connection refused)
</error>
  </testcase>
  <testcase name="testDescendingIterator[5]" classname="org.springframework.data.redis.support.collections.RedisListTests" time="0.001">
    <error message="Cannot get Jedis connection; nested exception is redis.clients.jedis.exceptions.JedisConnectionException: Could not get a resource from the pool" type="org.springframework.data.redis.RedisConnectionFailureException">org.springframework.data.redis.RedisConnectionFailureException: Cannot get Jedis connection; nested exception is redis.clients.jedis.exceptions.JedisConnectionException: Could not get a resource from the pool
Caused by: redis.clients.jedis.exceptions.JedisConnectionException: Could not get a resource from the pool
Caused by: redis.clients.jedis.exceptions.JedisConnectionException: java.net.ConnectException: Connection refused (Connection refused)
Caused by: java.net.ConnectException: Connection refused (Connection refused)
</error>
  </testcase>
  <testcase name="testAddFirst[5]" classname="org.springframework.data.redis.support.collections.RedisListTests" time="0">
    <error message="Cannot get Jedis connection; nested exception is redis.clients.jedis.exceptions.JedisConnectionException: Could not get a resource from the pool" type="org.springframework.data.redis.RedisConnectionFailureException">org.springframework.data.redis.RedisConnectionFailureException: Cannot get Jedis connection; nested exception is redis.clients.jedis.exceptions.JedisConnectionException: Could not get a resource from the pool
Caused by: redis.clients.jedis.exceptions.JedisConnectionException: Could not get a resource from the pool
Caused by: redis.clients.jedis.exceptions.JedisConnectionException: java.net.ConnectException: Connection refused (Connection refused)
Caused by: java.net.ConnectException: Connection refused (Connection refused)
</error>
  </testcase>
  <testcase name="testAddFirst[5]" classname="org.springframework.data.redis.support.collections.RedisListTests" time="0.001">
    <error message="Cannot get Jedis connection; nested exception is redis.clients.jedis.exceptions.JedisConnectionException: Could not get a resource from the pool" type="org.springframework.data.redis.RedisConnectionFailureException">org.springframework.data.redis.RedisConnectionFailureException: Cannot get Jedis connection; nested exception is redis.clients.jedis.exceptions.JedisConnectionException: Could not get a resource from the pool
Caused by: redis.clients.jedis.exceptions.JedisConnectionException: Could not get a resource from the pool
Caused by: redis.clients.jedis.exceptions.JedisConnectionException: java.net.ConnectException: Connection refused (Connection refused)
Caused by: java.net.ConnectException: Connection refused (Connection refused)
</error>
  </testcase>
  <testcase name="testDrainToCollectionWithMaxElements[5]" classname="org.springframework.data.redis.support.collections.RedisListTests" time="0.001">
    <error message="Cannot get Jedis connection; nested exception is redis.clients.jedis.exceptions.JedisConnectionException: Could not get a resource from the pool" type="org.springframework.data.redis.RedisConnectionFailureException">org.springframework.data.redis.RedisConnectionFailureException: Cannot get Jedis connection; nested exception is redis.clients.jedis.exceptions.JedisConnectionException: Could not get a resource from the pool
Caused by: redis.clients.jedis.exceptions.JedisConnectionException: Could not get a resource from the pool
Caused by: redis.clients.jedis.exceptions.JedisConnectionException: java.net.ConnectException: Connection refused (Connection refused)
Caused by: java.net.ConnectException: Connection refused (Connection refused)
</error>
  </testcase>
  <testcase name="testDrainToCollectionWithMaxElements[5]" classname="org.springframework.data.redis.support.collections.RedisListTests" time="0.001">
    <error message="Cannot get Jedis connection; nested exception is redis.clients.jedis.exceptions.JedisConnectionException: Could not get a resource from the pool" type="org.springframework.data.redis.RedisConnectionFailureException">org.springframework.data.redis.RedisConnectionFailureException: Cannot get Jedis connection; nested exception is redis.clients.jedis.exceptions.JedisConnectionException: Could not get a resource from the pool
Caused by: redis.clients.jedis.exceptions.JedisConnectionException: Could not get a resource from the pool
Caused by: redis.clients.jedis.exceptions.JedisConnectionException: java.net.ConnectException: Connection refused (Connection refused)
Caused by: java.net.ConnectException: Connection refused (Connection refused)
</error>
  </testcase>
  <testcase name="testTakeLast[5]" classname="org.springframework.data.redis.support.collections.RedisListTests" time="0.001">
    <error message="Cannot get Jedis connection; nested exception is redis.clients.jedis.exceptions.JedisConnectionException: Could not get a resource from the pool" type="org.springframework.data.redis.RedisConnectionFailureException">org.springframework.data.redis.RedisConnectionFailureException: Cannot get Jedis connection; nested exception is redis.clients.jedis.exceptions.JedisConnectionException: Could not get a resource from the pool
Caused by: redis.clients.jedis.exceptions.JedisConnectionException: Could not get a resource from the pool
Caused by: redis.clients.jedis.exceptions.JedisConnectionException: java.net.ConnectException: Connection refused (Connection refused)
Caused by: java.net.ConnectException: Connection refused (Connection refused)
</error>
  </testcase>
  <testcase name="testTakeLast[5]" classname="org.springframework.data.redis.support.collections.RedisListTests" time="0.001">
    <error message="Cannot get Jedis connection; nested exception is redis.clients.jedis.exceptions.JedisConnectionException: Could not get a resource from the pool" type="org.springframework.data.redis.RedisConnectionFailureException">org.springframework.data.redis.RedisConnectionFailureException: Cannot get Jedis connection; nested exception is redis.clients.jedis.exceptions.JedisConnectionException: Could not get a resource from the pool
Caused by: redis.clients.jedis.exceptions.JedisConnectionException: Could not get a resource from the pool
Caused by: redis.clients.jedis.exceptions.JedisConnectionException: java.net.ConnectException: Connection refused (Connection refused)
Caused by: java.net.ConnectException: Connection refused (Connection refused)
</error>
  </testcase>
  <testcase name="testRemainingCapacity[5]" classname="org.springframework.data.redis.support.collections.RedisListTests" time="0.001">
    <error message="Cannot get Jedis connection; nested exception is redis.clients.jedis.exceptions.JedisConnectionException: Could not get a resource from the pool" type="org.springframework.data.redis.RedisConnectionFailureException">org.springframework.data.redis.RedisConnectionFailureException: Cannot get Jedis connection; nested exception is redis.clients.jedis.exceptions.JedisConnectionException: Could not get a resource from the pool
Caused by: redis.clients.jedis.exceptions.JedisConnectionException: Could not get a resource from the pool
Caused by: redis.clients.jedis.exceptions.JedisConnectionException: java.net.ConnectException: Connection refused (Connection refused)
Caused by: java.net.ConnectException: Connection refused (Connection refused)
</error>
  </testcase>
  <testcase name="testRemoveLast[5]" classname="org.springframework.data.redis.support.collections.RedisListTests" time="0.001">
    <error message="Cannot get Jedis connection; nested exception is redis.clients.jedis.exceptions.JedisConnectionException: Could not get a resource from the pool" type="org.springframework.data.redis.RedisConnectionFailureException">org.springframework.data.redis.RedisConnectionFailureException: Cannot get Jedis connection; nested exception is redis.clients.jedis.exceptions.JedisConnectionException: Could not get a resource from the pool
Caused by: redis.clients.jedis.exceptions.JedisConnectionException: Could not get a resource from the pool
Caused by: redis.clients.jedis.exceptions.JedisConnectionException: java.net.ConnectException: Connection refused (Connection refused)
Caused by: java.net.ConnectException: Connection refused (Connection refused)
</error>
  </testcase>
  <testcase name="testRemoveLast[5]" classname="org.springframework.data.redis.support.collections.RedisListTests" time="0.001">
    <error message="Cannot get Jedis connection; nested exception is redis.clients.jedis.exceptions.JedisConnectionException: Could not get a resource from the pool" type="org.springframework.data.redis.RedisConnectionFailureException">org.springframework.data.redis.RedisConnectionFailureException: Cannot get Jedis connection; nested exception is redis.clients.jedis.exceptions.JedisConnectionException: Could not get a resource from the pool
Caused by: redis.clients.jedis.exceptions.JedisConnectionException: Could not get a resource from the pool
Caused by: redis.clients.jedis.exceptions.JedisConnectionException: java.net.ConnectException: Connection refused (Connection refused)
Caused by: java.net.ConnectException: Connection refused (Connection refused)
</error>
  </testcase>
  <testcase name="testAddIndexObjectHead[5]" classname="org.springframework.data.redis.support.collections.RedisListTests" time="0.001">
    <error message="Cannot get Jedis connection; nested exception is redis.clients.jedis.exceptions.JedisConnectionException: Could not get a resource from the pool" type="org.springframework.data.redis.RedisConnectionFailureException">org.springframework.data.redis.RedisConnectionFailureException: Cannot get Jedis connection; nested exception is redis.clients.jedis.exceptions.JedisConnectionException: Could not get a resource from the pool
Caused by: redis.clients.jedis.exceptions.JedisConnectionException: Could not get a resource from the pool
Caused by: redis.clients.jedis.exceptions.JedisConnectionException: java.net.ConnectException: Connection refused (Connection refused)
Caused by: java.net.ConnectException: Connection refused (Connection refused)
</error>
  </testcase>
  <testcase name="testAddIndexObjectHead[5]" classname="org.springframework.data.redis.support.collections.RedisListTests" time="0.002">
    <error message="Cannot get Jedis connection; nested exception is redis.clients.jedis.exceptions.JedisConnectionException: Could not get a resource from the pool" type="org.springframework.data.redis.RedisConnectionFailureException">org.springframework.data.redis.RedisConnectionFailureException: Cannot get Jedis connection; nested exception is redis.clients.jedis.exceptions.JedisConnectionException: Could not get a resource from the pool
Caused by: redis.clients.jedis.exceptions.JedisConnectionException: Could not get a resource from the pool
Caused by: redis.clients.jedis.exceptions.JedisConnectionException: java.net.ConnectException: Connection refused (Connection refused)
Caused by: java.net.ConnectException: Connection refused (Connection refused)
</error>
  </testcase>
  <testcase name="testAddIndexObjectTail[5]" classname="org.springframework.data.redis.support.collections.RedisListTests" time="0.001">
    <error message="Cannot get Jedis connection; nested exception is redis.clients.jedis.exceptions.JedisConnectionException: Could not get a resource from the pool" type="org.springframework.data.redis.RedisConnectionFailureException">org.springframework.data.redis.RedisConnectionFailureException: Cannot get Jedis connection; nested exception is redis.clients.jedis.exceptions.JedisConnectionException: Could not get a resource from the pool
Caused by: redis.clients.jedis.exceptions.JedisConnectionException: Could not get a resource from the pool
Caused by: redis.clients.jedis.exceptions.JedisConnectionException: java.net.ConnectException: Connection refused (Connection refused)
Caused by: java.net.ConnectException: Connection refused (Connection refused)
</error>
  </testcase>
  <testcase name="testAddIndexObjectTail[5]" classname="org.springframework.data.redis.support.collections.RedisListTests" time="0.001">
    <error message="Cannot get Jedis connection; nested exception is redis.clients.jedis.exceptions.JedisConnectionException: Could not get a resource from the pool" type="org.springframework.data.redis.RedisConnectionFailureException">org.springframework.data.redis.RedisConnectionFailureException: Cannot get Jedis connection; nested exception is redis.clients.jedis.exceptions.JedisConnectionException: Could not get a resource from the pool
Caused by: redis.clients.jedis.exceptions.JedisConnectionException: Could not get a resource from the pool
Caused by: redis.clients.jedis.exceptions.JedisConnectionException: java.net.ConnectException: Connection refused (Connection refused)
Caused by: java.net.ConnectException: Connection refused (Connection refused)
</error>
  </testcase>
  <testcase name="testPollFirst[5]" classname="org.springframework.data.redis.support.collections.RedisListTests" time="0.001">
    <error message="Cannot get Jedis connection; nested exception is redis.clients.jedis.exceptions.JedisConnectionException: Could not get a resource from the pool" type="org.springframework.data.redis.RedisConnectionFailureException">org.springframework.data.redis.RedisConnectionFailureException: Cannot get Jedis connection; nested exception is redis.clients.jedis.exceptions.JedisConnectionException: Could not get a resource from the pool
Caused by: redis.clients.jedis.exceptions.JedisConnectionException: Could not get a resource from the pool
Caused by: redis.clients.jedis.exceptions.JedisConnectionException: java.net.ConnectException: Connection refused (Connection refused)
Caused by: java.net.ConnectException: Connection refused (Connection refused)
</error>
  </testcase>
  <testcase name="testPollFirst[5]" classname="org.springframework.data.redis.support.collections.RedisListTests" time="0.001">
    <error message="Cannot get Jedis connection; nested exception is redis.clients.jedis.exceptions.JedisConnectionException: Could not get a resource from the pool" type="org.springframework.data.redis.RedisConnectionFailureException">org.springframework.data.redis.RedisConnectionFailureException: Cannot get Jedis connection; nested exception is redis.clients.jedis.exceptions.JedisConnectionException: Could not get a resource from the pool
Caused by: redis.clients.jedis.exceptions.JedisConnectionException: Could not get a resource from the pool
Caused by: redis.clients.jedis.exceptions.JedisConnectionException: java.net.ConnectException: Connection refused (Connection refused)
Caused by: java.net.ConnectException: Connection refused (Connection refused)
</error>
  </testcase>
  <testcase name="testAddIndexObjectMiddle[5]" classname="org.springframework.data.redis.support.collections.RedisListTests" time="0.001">
    <error message="Unexpected exception, expected&lt;java.lang.IllegalArgumentException&gt; but was&lt;org.springframework.data.redis.RedisConnectionFailureException&gt;" type="java.lang.Exception"><![CDATA[java.lang.Exception: Unexpected exception, expected<java.lang.IllegalArgumentException> but was<org.springframework.data.redis.RedisConnectionFailureException>
Caused by: org.springframework.data.redis.RedisConnectionFailureException: Cannot get Jedis connection; nested exception is redis.clients.jedis.exceptions.JedisConnectionException: Could not get a resource from the pool
Caused by: redis.clients.jedis.exceptions.JedisConnectionException: Could not get a resource from the pool
Caused by: redis.clients.jedis.exceptions.JedisConnectionException: java.net.ConnectException: Connection refused (Connection refused)
Caused by: java.net.ConnectException: Connection refused (Connection refused)
]]></error>
  </testcase>
  <testcase name="testAddIndexObjectMiddle[5]" classname="org.springframework.data.redis.support.collections.RedisListTests" time="0.001">
    <error message="Cannot get Jedis connection; nested exception is redis.clients.jedis.exceptions.JedisConnectionException: Could not get a resource from the pool" type="org.springframework.data.redis.RedisConnectionFailureException">org.springframework.data.redis.RedisConnectionFailureException: Cannot get Jedis connection; nested exception is redis.clients.jedis.exceptions.JedisConnectionException: Could not get a resource from the pool
Caused by: redis.clients.jedis.exceptions.JedisConnectionException: Could not get a resource from the pool
Caused by: redis.clients.jedis.exceptions.JedisConnectionException: java.net.ConnectException: Connection refused (Connection refused)
Caused by: java.net.ConnectException: Connection refused (Connection refused)
</error>
  </testcase>
  <testcase name="testPeekLast[5]" classname="org.springframework.data.redis.support.collections.RedisListTests" time="0">
    <error message="Cannot get Jedis connection; nested exception is redis.clients.jedis.exceptions.JedisConnectionException: Could not get a resource from the pool" type="org.springframework.data.redis.RedisConnectionFailureException">org.springframework.data.redis.RedisConnectionFailureException: Cannot get Jedis connection; nested exception is redis.clients.jedis.exceptions.JedisConnectionException: Could not get a resource from the pool
Caused by: redis.clients.jedis.exceptions.JedisConnectionException: Could not get a resource from the pool
Caused by: redis.clients.jedis.exceptions.JedisConnectionException: java.net.ConnectException: Connection refused (Connection refused)
Caused by: java.net.ConnectException: Connection refused (Connection refused)
</error>
  </testcase>
  <testcase name="testPeekLast[5]" classname="org.springframework.data.redis.support.collections.RedisListTests" time="0.001">
    <error message="Cannot get Jedis connection; nested exception is redis.clients.jedis.exceptions.JedisConnectionException: Could not get a resource from the pool" type="org.springframework.data.redis.RedisConnectionFailureException">org.springframework.data.redis.RedisConnectionFailureException: Cannot get Jedis connection; nested exception is redis.clients.jedis.exceptions.JedisConnectionException: Could not get a resource from the pool
Caused by: redis.clients.jedis.exceptions.JedisConnectionException: Could not get a resource from the pool
Caused by: redis.clients.jedis.exceptions.JedisConnectionException: java.net.ConnectException: Connection refused (Connection refused)
Caused by: java.net.ConnectException: Connection refused (Connection refused)
</error>
  </testcase>
  <testcase name="testRemoveFirstOccurrence[5]" classname="org.springframework.data.redis.support.collections.RedisListTests" time="0.001">
    <error message="Cannot get Jedis connection; nested exception is redis.clients.jedis.exceptions.JedisConnectionException: Could not get a resource from the pool" type="org.springframework.data.redis.RedisConnectionFailureException">org.springframework.data.redis.RedisConnectionFailureException: Cannot get Jedis connection; nested exception is redis.clients.jedis.exceptions.JedisConnectionException: Could not get a resource from the pool
Caused by: redis.clients.jedis.exceptions.JedisConnectionException: Could not get a resource from the pool
Caused by: redis.clients.jedis.exceptions.JedisConnectionException: java.net.ConnectException: Connection refused (Connection refused)
Caused by: java.net.ConnectException: Connection refused (Connection refused)
</error>
  </testcase>
  <testcase name="testRemoveFirstOccurrence[5]" classname="org.springframework.data.redis.support.collections.RedisListTests" time="0.001">
    <error message="Cannot get Jedis connection; nested exception is redis.clients.jedis.exceptions.JedisConnectionException: Could not get a resource from the pool" type="org.springframework.data.redis.RedisConnectionFailureException">org.springframework.data.redis.RedisConnectionFailureException: Cannot get Jedis connection; nested exception is redis.clients.jedis.exceptions.JedisConnectionException: Could not get a resource from the pool
Caused by: redis.clients.jedis.exceptions.JedisConnectionException: Could not get a resource from the pool
Caused by: redis.clients.jedis.exceptions.JedisConnectionException: java.net.ConnectException: Connection refused (Connection refused)
Caused by: java.net.ConnectException: Connection refused (Connection refused)
</error>
  </testcase>
  <testcase name="addAllIndexCollectionHead[5]" classname="org.springframework.data.redis.support.collections.RedisListTests" time="0.001">
    <error message="Cannot get Jedis connection; nested exception is redis.clients.jedis.exceptions.JedisConnectionException: Could not get a resource from the pool" type="org.springframework.data.redis.RedisConnectionFailureException">org.springframework.data.redis.RedisConnectionFailureException: Cannot get Jedis connection; nested exception is redis.clients.jedis.exceptions.JedisConnectionException: Could not get a resource from the pool
Caused by: redis.clients.jedis.exceptions.JedisConnectionException: Could not get a resource from the pool
Caused by: redis.clients.jedis.exceptions.JedisConnectionException: java.net.ConnectException: Connection refused (Connection refused)
Caused by: java.net.ConnectException: Connection refused (Connection refused)
</error>
  </testcase>
  <testcase name="addAllIndexCollectionHead[5]" classname="org.springframework.data.redis.support.collections.RedisListTests" time="0.001">
    <error message="Cannot get Jedis connection; nested exception is redis.clients.jedis.exceptions.JedisConnectionException: Could not get a resource from the pool" type="org.springframework.data.redis.RedisConnectionFailureException">org.springframework.data.redis.RedisConnectionFailureException: Cannot get Jedis connection; nested exception is redis.clients.jedis.exceptions.JedisConnectionException: Could not get a resource from the pool
Caused by: redis.clients.jedis.exceptions.JedisConnectionException: Could not get a resource from the pool
Caused by: redis.clients.jedis.exceptions.JedisConnectionException: java.net.ConnectException: Connection refused (Connection refused)
Caused by: java.net.ConnectException: Connection refused (Connection refused)
</error>
  </testcase>
  <testcase name="addAllIndexCollectionTail[5]" classname="org.springframework.data.redis.support.collections.RedisListTests" time="0.001">
    <error message="Cannot get Jedis connection; nested exception is redis.clients.jedis.exceptions.JedisConnectionException: Could not get a resource from the pool" type="org.springframework.data.redis.RedisConnectionFailureException">org.springframework.data.redis.RedisConnectionFailureException: Cannot get Jedis connection; nested exception is redis.clients.jedis.exceptions.JedisConnectionException: Could not get a resource from the pool
Caused by: redis.clients.jedis.exceptions.JedisConnectionException: Could not get a resource from the pool
Caused by: redis.clients.jedis.exceptions.JedisConnectionException: java.net.ConnectException: Connection refused (Connection refused)
Caused by: java.net.ConnectException: Connection refused (Connection refused)
</error>
  </testcase>
  <testcase name="addAllIndexCollectionTail[5]" classname="org.springframework.data.redis.support.collections.RedisListTests" time="0.002">
    <error message="Cannot get Jedis connection; nested exception is redis.clients.jedis.exceptions.JedisConnectionException: Could not get a resource from the pool" type="org.springframework.data.redis.RedisConnectionFailureException">org.springframework.data.redis.RedisConnectionFailureException: Cannot get Jedis connection; nested exception is redis.clients.jedis.exceptions.JedisConnectionException: Could not get a resource from the pool
Caused by: redis.clients.jedis.exceptions.JedisConnectionException: Could not get a resource from the pool
Caused by: redis.clients.jedis.exceptions.JedisConnectionException: java.net.ConnectException: Connection refused (Connection refused)
Caused by: java.net.ConnectException: Connection refused (Connection refused)
</error>
  </testcase>
  <testcase name="addAllIndexCollectionMiddle[5]" classname="org.springframework.data.redis.support.collections.RedisListTests" time="0.001">
    <error message="Unexpected exception, expected&lt;java.lang.IllegalArgumentException&gt; but was&lt;org.springframework.data.redis.RedisConnectionFailureException&gt;" type="java.lang.Exception"><![CDATA[java.lang.Exception: Unexpected exception, expected<java.lang.IllegalArgumentException> but was<org.springframework.data.redis.RedisConnectionFailureException>
Caused by: org.springframework.data.redis.RedisConnectionFailureException: Cannot get Jedis connection; nested exception is redis.clients.jedis.exceptions.JedisConnectionException: Could not get a resource from the pool
Caused by: redis.clients.jedis.exceptions.JedisConnectionException: Could not get a resource from the pool
Caused by: redis.clients.jedis.exceptions.JedisConnectionException: java.net.ConnectException: Connection refused (Connection refused)
Caused by: java.net.ConnectException: Connection refused (Connection refused)
]]></error>
  </testcase>
  <testcase name="addAllIndexCollectionMiddle[5]" classname="org.springframework.data.redis.support.collections.RedisListTests" time="0.001">
    <error message="Cannot get Jedis connection; nested exception is redis.clients.jedis.exceptions.JedisConnectionException: Could not get a resource from the pool" type="org.springframework.data.redis.RedisConnectionFailureException">org.springframework.data.redis.RedisConnectionFailureException: Cannot get Jedis connection; nested exception is redis.clients.jedis.exceptions.JedisConnectionException: Could not get a resource from the pool
Caused by: redis.clients.jedis.exceptions.JedisConnectionException: Could not get a resource from the pool
Caused by: redis.clients.jedis.exceptions.JedisConnectionException: java.net.ConnectException: Connection refused (Connection refused)
Caused by: java.net.ConnectException: Connection refused (Connection refused)
</error>
  </testcase>
  <testcase name="testPollLast[5]" classname="org.springframework.data.redis.support.collections.RedisListTests" time="0.001">
    <error message="Cannot get Jedis connection; nested exception is redis.clients.jedis.exceptions.JedisConnectionException: Could not get a resource from the pool" type="org.springframework.data.redis.RedisConnectionFailureException">org.springframework.data.redis.RedisConnectionFailureException: Cannot get Jedis connection; nested exception is redis.clients.jedis.exceptions.JedisConnectionException: Could not get a resource from the pool
Caused by: redis.clients.jedis.exceptions.JedisConnectionException: Could not get a resource from the pool
Caused by: redis.clients.jedis.exceptions.JedisConnectionException: java.net.ConnectException: Connection refused (Connection refused)
Caused by: java.net.ConnectException: Connection refused (Connection refused)
</error>
  </testcase>
  <testcase name="testPollLast[5]" classname="org.springframework.data.redis.support.collections.RedisListTests" time="0.001">
    <error message="Cannot get Jedis connection; nested exception is redis.clients.jedis.exceptions.JedisConnectionException: Could not get a resource from the pool" type="org.springframework.data.redis.RedisConnectionFailureException">org.springframework.data.redis.RedisConnectionFailureException: Cannot get Jedis connection; nested exception is redis.clients.jedis.exceptions.JedisConnectionException: Could not get a resource from the pool
Caused by: redis.clients.jedis.exceptions.JedisConnectionException: Could not get a resource from the pool
Caused by: redis.clients.jedis.exceptions.JedisConnectionException: java.net.ConnectException: Connection refused (Connection refused)
Caused by: java.net.ConnectException: Connection refused (Connection refused)
</error>
  </testcase>
  <testcase name="testIndexOfObject[5]" classname="org.springframework.data.redis.support.collections.RedisListTests" time="0.001">
    <error message="Cannot get Jedis connection; nested exception is redis.clients.jedis.exceptions.JedisConnectionException: Could not get a resource from the pool" type="org.springframework.data.redis.RedisConnectionFailureException">org.springframework.data.redis.RedisConnectionFailureException: Cannot get Jedis connection; nested exception is redis.clients.jedis.exceptions.JedisConnectionException: Could not get a resource from the pool
Caused by: redis.clients.jedis.exceptions.JedisConnectionException: Could not get a resource from the pool
Caused by: redis.clients.jedis.exceptions.JedisConnectionException: java.net.ConnectException: Connection refused (Connection refused)
Caused by: java.net.ConnectException: Connection refused (Connection refused)
</error>
  </testcase>
  <testcase name="testPollTimeout[5]" classname="org.springframework.data.redis.support.collections.RedisListTests" time="0.001">
    <error message="Cannot get Jedis connection; nested exception is redis.clients.jedis.exceptions.JedisConnectionException: Could not get a resource from the pool" type="org.springframework.data.redis.RedisConnectionFailureException">org.springframework.data.redis.RedisConnectionFailureException: Cannot get Jedis connection; nested exception is redis.clients.jedis.exceptions.JedisConnectionException: Could not get a resource from the pool
Caused by: redis.clients.jedis.exceptions.JedisConnectionException: Could not get a resource from the pool
Caused by: redis.clients.jedis.exceptions.JedisConnectionException: java.net.ConnectException: Connection refused (Connection refused)
Caused by: java.net.ConnectException: Connection refused (Connection refused)
</error>
  </testcase>
  <testcase name="testPollTimeout[5]" classname="org.springframework.data.redis.support.collections.RedisListTests" time="0.001">
    <error message="Cannot get Jedis connection; nested exception is redis.clients.jedis.exceptions.JedisConnectionException: Could not get a resource from the pool" type="org.springframework.data.redis.RedisConnectionFailureException">org.springframework.data.redis.RedisConnectionFailureException: Cannot get Jedis connection; nested exception is redis.clients.jedis.exceptions.JedisConnectionException: Could not get a resource from the pool
Caused by: redis.clients.jedis.exceptions.JedisConnectionException: Could not get a resource from the pool
Caused by: redis.clients.jedis.exceptions.JedisConnectionException: java.net.ConnectException: Connection refused (Connection refused)
Caused by: java.net.ConnectException: Connection refused (Connection refused)
</error>
  </testcase>
  <testcase name="testRemove[5]" classname="org.springframework.data.redis.support.collections.RedisListTests" time="0.001">
    <error message="Cannot get Jedis connection; nested exception is redis.clients.jedis.exceptions.JedisConnectionException: Could not get a resource from the pool" type="org.springframework.data.redis.RedisConnectionFailureException">org.springframework.data.redis.RedisConnectionFailureException: Cannot get Jedis connection; nested exception is redis.clients.jedis.exceptions.JedisConnectionException: Could not get a resource from the pool
Caused by: redis.clients.jedis.exceptions.JedisConnectionException: Could not get a resource from the pool
Caused by: redis.clients.jedis.exceptions.JedisConnectionException: java.net.ConnectException: Connection refused (Connection refused)
Caused by: java.net.ConnectException: Connection refused (Connection refused)
</error>
  </testcase>
  <testcase name="testRemove[5]" classname="org.springframework.data.redis.support.collections.RedisListTests" time="0.001">
    <error message="Cannot get Jedis connection; nested exception is redis.clients.jedis.exceptions.JedisConnectionException: Could not get a resource from the pool" type="org.springframework.data.redis.RedisConnectionFailureException">org.springframework.data.redis.RedisConnectionFailureException: Cannot get Jedis connection; nested exception is redis.clients.jedis.exceptions.JedisConnectionException: Could not get a resource from the pool
Caused by: redis.clients.jedis.exceptions.JedisConnectionException: Could not get a resource from the pool
Caused by: redis.clients.jedis.exceptions.JedisConnectionException: java.net.ConnectException: Connection refused (Connection refused)
Caused by: java.net.ConnectException: Connection refused (Connection refused)
</error>
  </testcase>
  <testcase name="testCappedCollection[5]" classname="org.springframework.data.redis.support.collections.RedisListTests" time="0.001">
    <error message="Cannot get Jedis connection; nested exception is redis.clients.jedis.exceptions.JedisConnectionException: Could not get a resource from the pool" type="org.springframework.data.redis.RedisConnectionFailureException">org.springframework.data.redis.RedisConnectionFailureException: Cannot get Jedis connection; nested exception is redis.clients.jedis.exceptions.JedisConnectionException: Could not get a resource from the pool
Caused by: redis.clients.jedis.exceptions.JedisConnectionException: Could not get a resource from the pool
Caused by: redis.clients.jedis.exceptions.JedisConnectionException: java.net.ConnectException: Connection refused (Connection refused)
Caused by: java.net.ConnectException: Connection refused (Connection refused)
</error>
  </testcase>
  <testcase name="testCappedCollection[5]" classname="org.springframework.data.redis.support.collections.RedisListTests" time="0.002">
    <error message="Cannot get Jedis connection; nested exception is redis.clients.jedis.exceptions.JedisConnectionException: Could not get a resource from the pool" type="org.springframework.data.redis.RedisConnectionFailureException">org.springframework.data.redis.RedisConnectionFailureException: Cannot get Jedis connection; nested exception is redis.clients.jedis.exceptions.JedisConnectionException: Could not get a resource from the pool
Caused by: redis.clients.jedis.exceptions.JedisConnectionException: Could not get a resource from the pool
Caused by: redis.clients.jedis.exceptions.JedisConnectionException: java.net.ConnectException: Connection refused (Connection refused)
Caused by: java.net.ConnectException: Connection refused (Connection refused)
</error>
  </testcase>
  <testcase name="testRmoveLastOccurrence[5]" classname="org.springframework.data.redis.support.collections.RedisListTests" time="0.001">
    <error message="Cannot get Jedis connection; nested exception is redis.clients.jedis.exceptions.JedisConnectionException: Could not get a resource from the pool" type="org.springframework.data.redis.RedisConnectionFailureException">org.springframework.data.redis.RedisConnectionFailureException: Cannot get Jedis connection; nested exception is redis.clients.jedis.exceptions.JedisConnectionException: Could not get a resource from the pool
Caused by: redis.clients.jedis.exceptions.JedisConnectionException: Could not get a resource from the pool
Caused by: redis.clients.jedis.exceptions.JedisConnectionException: java.net.ConnectException: Connection refused (Connection refused)
Caused by: java.net.ConnectException: Connection refused (Connection refused)
</error>
  </testcase>
  <testcase name="testRmoveLastOccurrence[5]" classname="org.springframework.data.redis.support.collections.RedisListTests" time="0.001">
    <error message="Cannot get Jedis connection; nested exception is redis.clients.jedis.exceptions.JedisConnectionException: Could not get a resource from the pool" type="org.springframework.data.redis.RedisConnectionFailureException">org.springframework.data.redis.RedisConnectionFailureException: Cannot get Jedis connection; nested exception is redis.clients.jedis.exceptions.JedisConnectionException: Could not get a resource from the pool
Caused by: redis.clients.jedis.exceptions.JedisConnectionException: Could not get a resource from the pool
Caused by: redis.clients.jedis.exceptions.JedisConnectionException: java.net.ConnectException: Connection refused (Connection refused)
Caused by: java.net.ConnectException: Connection refused (Connection refused)
</error>
  </testcase>
  <testcase name="testTakeFirst[5]" classname="org.springframework.data.redis.support.collections.RedisListTests" time="0.001">
    <error message="Cannot get Jedis connection; nested exception is redis.clients.jedis.exceptions.JedisConnectionException: Could not get a resource from the pool" type="org.springframework.data.redis.RedisConnectionFailureException">org.springframework.data.redis.RedisConnectionFailureException: Cannot get Jedis connection; nested exception is redis.clients.jedis.exceptions.JedisConnectionException: Could not get a resource from the pool
Caused by: redis.clients.jedis.exceptions.JedisConnectionException: Could not get a resource from the pool
Caused by: redis.clients.jedis.exceptions.JedisConnectionException: java.net.ConnectException: Connection refused (Connection refused)
Caused by: java.net.ConnectException: Connection refused (Connection refused)
</error>
  </testcase>
  <testcase name="testTakeFirst[5]" classname="org.springframework.data.redis.support.collections.RedisListTests" time="0.001">
    <error message="Cannot get Jedis connection; nested exception is redis.clients.jedis.exceptions.JedisConnectionException: Could not get a resource from the pool" type="org.springframework.data.redis.RedisConnectionFailureException">org.springframework.data.redis.RedisConnectionFailureException: Cannot get Jedis connection; nested exception is redis.clients.jedis.exceptions.JedisConnectionException: Could not get a resource from the pool
Caused by: redis.clients.jedis.exceptions.JedisConnectionException: Could not get a resource from the pool
Caused by: redis.clients.jedis.exceptions.JedisConnectionException: java.net.ConnectException: Connection refused (Connection refused)
Caused by: java.net.ConnectException: Connection refused (Connection refused)
</error>
  </testcase>
  <testcase name="testContainsObject[5]" classname="org.springframework.data.redis.support.collections.RedisListTests" time="0.001">
    <error message="Cannot get Jedis connection; nested exception is redis.clients.jedis.exceptions.JedisConnectionException: Could not get a resource from the pool" type="org.springframework.data.redis.RedisConnectionFailureException">org.springframework.data.redis.RedisConnectionFailureException: Cannot get Jedis connection; nested exception is redis.clients.jedis.exceptions.JedisConnectionException: Could not get a resource from the pool
Caused by: redis.clients.jedis.exceptions.JedisConnectionException: Could not get a resource from the pool
Caused by: redis.clients.jedis.exceptions.JedisConnectionException: java.net.ConnectException: Connection refused (Connection refused)
Caused by: java.net.ConnectException: Connection refused (Connection refused)
</error>
  </testcase>
  <testcase name="testContainsObject[5]" classname="org.springframework.data.redis.support.collections.RedisListTests" time="0.001">
    <error message="Cannot get Jedis connection; nested exception is redis.clients.jedis.exceptions.JedisConnectionException: Could not get a resource from the pool" type="org.springframework.data.redis.RedisConnectionFailureException">org.springframework.data.redis.RedisConnectionFailureException: Cannot get Jedis connection; nested exception is redis.clients.jedis.exceptions.JedisConnectionException: Could not get a resource from the pool
Caused by: redis.clients.jedis.exceptions.JedisConnectionException: Could not get a resource from the pool
Caused by: redis.clients.jedis.exceptions.JedisConnectionException: java.net.ConnectException: Connection refused (Connection refused)
Caused by: java.net.ConnectException: Connection refused (Connection refused)
</error>
  </testcase>
  <testcase name="testToArray[5]" classname="org.springframework.data.redis.support.collections.RedisListTests" time="0.001">
    <error message="Cannot get Jedis connection; nested exception is redis.clients.jedis.exceptions.JedisConnectionException: Could not get a resource from the pool" type="org.springframework.data.redis.RedisConnectionFailureException">org.springframework.data.redis.RedisConnectionFailureException: Cannot get Jedis connection; nested exception is redis.clients.jedis.exceptions.JedisConnectionException: Could not get a resource from the pool
Caused by: redis.clients.jedis.exceptions.JedisConnectionException: Could not get a resource from the pool
Caused by: redis.clients.jedis.exceptions.JedisConnectionException: java.net.ConnectException: Connection refused (Connection refused)
Caused by: java.net.ConnectException: Connection refused (Connection refused)
</error>
  </testcase>
  <testcase name="testToArray[5]" classname="org.springframework.data.redis.support.collections.RedisListTests" time="0.002">
    <error message="Cannot get Jedis connection; nested exception is redis.clients.jedis.exceptions.JedisConnectionException: Could not get a resource from the pool" type="org.springframework.data.redis.RedisConnectionFailureException">org.springframework.data.redis.RedisConnectionFailureException: Cannot get Jedis connection; nested exception is redis.clients.jedis.exceptions.JedisConnectionException: Could not get a resource from the pool
Caused by: redis.clients.jedis.exceptions.JedisConnectionException: Could not get a resource from the pool
Caused by: redis.clients.jedis.exceptions.JedisConnectionException: java.net.ConnectException: Connection refused (Connection refused)
Caused by: java.net.ConnectException: Connection refused (Connection refused)
</error>
  </testcase>
  <testcase name="testAdd[5]" classname="org.springframework.data.redis.support.collections.RedisListTests" time="0.001">
    <error message="Cannot get Jedis connection; nested exception is redis.clients.jedis.exceptions.JedisConnectionException: Could not get a resource from the pool" type="org.springframework.data.redis.RedisConnectionFailureException">org.springframework.data.redis.RedisConnectionFailureException: Cannot get Jedis connection; nested exception is redis.clients.jedis.exceptions.JedisConnectionException: Could not get a resource from the pool
Caused by: redis.clients.jedis.exceptions.JedisConnectionException: Could not get a resource from the pool
Caused by: redis.clients.jedis.exceptions.JedisConnectionException: java.net.ConnectException: Connection refused (Connection refused)
Caused by: java.net.ConnectException: Connection refused (Connection refused)
</error>
  </testcase>
  <testcase name="testAdd[5]" classname="org.springframework.data.redis.support.collections.RedisListTests" time="0.001">
    <error message="Cannot get Jedis connection; nested exception is redis.clients.jedis.exceptions.JedisConnectionException: Could not get a resource from the pool" type="org.springframework.data.redis.RedisConnectionFailureException">org.springframework.data.redis.RedisConnectionFailureException: Cannot get Jedis connection; nested exception is redis.clients.jedis.exceptions.JedisConnectionException: Could not get a resource from the pool
Caused by: redis.clients.jedis.exceptions.JedisConnectionException: Could not get a resource from the pool
Caused by: redis.clients.jedis.exceptions.JedisConnectionException: java.net.ConnectException: Connection refused (Connection refused)
Caused by: java.net.ConnectException: Connection refused (Connection refused)
</error>
  </testcase>
  <testcase name="testClear[5]" classname="org.springframework.data.redis.support.collections.RedisListTests" time="0.001">
    <error message="Cannot get Jedis connection; nested exception is redis.clients.jedis.exceptions.JedisConnectionException: Could not get a resource from the pool" type="org.springframework.data.redis.RedisConnectionFailureException">org.springframework.data.redis.RedisConnectionFailureException: Cannot get Jedis connection; nested exception is redis.clients.jedis.exceptions.JedisConnectionException: Could not get a resource from the pool
Caused by: redis.clients.jedis.exceptions.JedisConnectionException: Could not get a resource from the pool
Caused by: redis.clients.jedis.exceptions.JedisConnectionException: java.net.ConnectException: Connection refused (Connection refused)
Caused by: java.net.ConnectException: Connection refused (Connection refused)
</error>
  </testcase>
  <testcase name="testClear[5]" classname="org.springframework.data.redis.support.collections.RedisListTests" time="0.001">
    <error message="Cannot get Jedis connection; nested exception is redis.clients.jedis.exceptions.JedisConnectionException: Could not get a resource from the pool" type="org.springframework.data.redis.RedisConnectionFailureException">org.springframework.data.redis.RedisConnectionFailureException: Cannot get Jedis connection; nested exception is redis.clients.jedis.exceptions.JedisConnectionException: Could not get a resource from the pool
Caused by: redis.clients.jedis.exceptions.JedisConnectionException: Could not get a resource from the pool
Caused by: redis.clients.jedis.exceptions.JedisConnectionException: java.net.ConnectException: Connection refused (Connection refused)
Caused by: java.net.ConnectException: Connection refused (Connection refused)
</error>
  </testcase>
  <testcase name="testSize[5]" classname="org.springframework.data.redis.support.collections.RedisListTests" time="0.001">
    <error message="Cannot get Jedis connection; nested exception is redis.clients.jedis.exceptions.JedisConnectionException: Could not get a resource from the pool" type="org.springframework.data.redis.RedisConnectionFailureException">org.springframework.data.redis.RedisConnectionFailureException: Cannot get Jedis connection; nested exception is redis.clients.jedis.exceptions.JedisConnectionException: Could not get a resource from the pool
Caused by: redis.clients.jedis.exceptions.JedisConnectionException: Could not get a resource from the pool
Caused by: redis.clients.jedis.exceptions.JedisConnectionException: java.net.ConnectException: Connection refused (Connection refused)
Caused by: java.net.ConnectException: Connection refused (Connection refused)
</error>
  </testcase>
  <testcase name="testSize[5]" classname="org.springframework.data.redis.support.collections.RedisListTests" time="0.001">
    <error message="Cannot get Jedis connection; nested exception is redis.clients.jedis.exceptions.JedisConnectionException: Could not get a resource from the pool" type="org.springframework.data.redis.RedisConnectionFailureException">org.springframework.data.redis.RedisConnectionFailureException: Cannot get Jedis connection; nested exception is redis.clients.jedis.exceptions.JedisConnectionException: Could not get a resource from the pool
Caused by: redis.clients.jedis.exceptions.JedisConnectionException: Could not get a resource from the pool
Caused by: redis.clients.jedis.exceptions.JedisConnectionException: java.net.ConnectException: Connection refused (Connection refused)
Caused by: java.net.ConnectException: Connection refused (Connection refused)
</error>
  </testcase>
  <testcase name="testToString[5]" classname="org.springframework.data.redis.support.collections.RedisListTests" time="0.001">
    <error message="Cannot get Jedis connection; nested exception is redis.clients.jedis.exceptions.JedisConnectionException: Could not get a resource from the pool" type="org.springframework.data.redis.RedisConnectionFailureException">org.springframework.data.redis.RedisConnectionFailureException: Cannot get Jedis connection; nested exception is redis.clients.jedis.exceptions.JedisConnectionException: Could not get a resource from the pool
Caused by: redis.clients.jedis.exceptions.JedisConnectionException: Could not get a resource from the pool
Caused by: redis.clients.jedis.exceptions.JedisConnectionException: java.net.ConnectException: Connection refused (Connection refused)
Caused by: java.net.ConnectException: Connection refused (Connection refused)
</error>
  </testcase>
  <testcase name="testToString[5]" classname="org.springframework.data.redis.support.collections.RedisListTests" time="0.001">
    <error message="Cannot get Jedis connection; nested exception is redis.clients.jedis.exceptions.JedisConnectionException: Could not get a resource from the pool" type="org.springframework.data.redis.RedisConnectionFailureException">org.springframework.data.redis.RedisConnectionFailureException: Cannot get Jedis connection; nested exception is redis.clients.jedis.exceptions.JedisConnectionException: Could not get a resource from the pool
Caused by: redis.clients.jedis.exceptions.JedisConnectionException: Could not get a resource from the pool
Caused by: redis.clients.jedis.exceptions.JedisConnectionException: java.net.ConnectException: Connection refused (Connection refused)
Caused by: java.net.ConnectException: Connection refused (Connection refused)
</error>
  </testcase>
  <testcase name="testContainsAll[5]" classname="org.springframework.data.redis.support.collections.RedisListTests" time="0">
    <error message="Cannot get Jedis connection; nested exception is redis.clients.jedis.exceptions.JedisConnectionException: Could not get a resource from the pool" type="org.springframework.data.redis.RedisConnectionFailureException">org.springframework.data.redis.RedisConnectionFailureException: Cannot get Jedis connection; nested exception is redis.clients.jedis.exceptions.JedisConnectionException: Could not get a resource from the pool
Caused by: redis.clients.jedis.exceptions.JedisConnectionException: Could not get a resource from the pool
Caused by: redis.clients.jedis.exceptions.JedisConnectionException: java.net.ConnectException: Connection refused (Connection refused)
Caused by: java.net.ConnectException: Connection refused (Connection refused)
</error>
  </testcase>
  <testcase name="testContainsAll[5]" classname="org.springframework.data.redis.support.collections.RedisListTests" time="0.001">
    <error message="Cannot get Jedis connection; nested exception is redis.clients.jedis.exceptions.JedisConnectionException: Could not get a resource from the pool" type="org.springframework.data.redis.RedisConnectionFailureException">org.springframework.data.redis.RedisConnectionFailureException: Cannot get Jedis connection; nested exception is redis.clients.jedis.exceptions.JedisConnectionException: Could not get a resource from the pool
Caused by: redis.clients.jedis.exceptions.JedisConnectionException: Could not get a resource from the pool
Caused by: redis.clients.jedis.exceptions.JedisConnectionException: java.net.ConnectException: Connection refused (Connection refused)
Caused by: java.net.ConnectException: Connection refused (Connection refused)
</error>
  </testcase>
  <testcase name="testRemoveObject[5]" classname="org.springframework.data.redis.support.collections.RedisListTests" time="0.001">
    <error message="Cannot get Jedis connection; nested exception is redis.clients.jedis.exceptions.JedisConnectionException: Could not get a resource from the pool" type="org.springframework.data.redis.RedisConnectionFailureException">org.springframework.data.redis.RedisConnectionFailureException: Cannot get Jedis connection; nested exception is redis.clients.jedis.exceptions.JedisConnectionException: Could not get a resource from the pool
Caused by: redis.clients.jedis.exceptions.JedisConnectionException: Could not get a resource from the pool
Caused by: redis.clients.jedis.exceptions.JedisConnectionException: java.net.ConnectException: Connection refused (Connection refused)
Caused by: java.net.ConnectException: Connection refused (Connection refused)
</error>
  </testcase>
  <testcase name="testRemoveObject[5]" classname="org.springframework.data.redis.support.collections.RedisListTests" time="0.001">
    <error message="Cannot get Jedis connection; nested exception is redis.clients.jedis.exceptions.JedisConnectionException: Could not get a resource from the pool" type="org.springframework.data.redis.RedisConnectionFailureException">org.springframework.data.redis.RedisConnectionFailureException: Cannot get Jedis connection; nested exception is redis.clients.jedis.exceptions.JedisConnectionException: Could not get a resource from the pool
Caused by: redis.clients.jedis.exceptions.JedisConnectionException: Could not get a resource from the pool
Caused by: redis.clients.jedis.exceptions.JedisConnectionException: java.net.ConnectException: Connection refused (Connection refused)
Caused by: java.net.ConnectException: Connection refused (Connection refused)
</error>
  </testcase>
  <testcase name="testHashCode[5]" classname="org.springframework.data.redis.support.collections.RedisListTests" time="0.001">
    <error message="Cannot get Jedis connection; nested exception is redis.clients.jedis.exceptions.JedisConnectionException: Could not get a resource from the pool" type="org.springframework.data.redis.RedisConnectionFailureException">org.springframework.data.redis.RedisConnectionFailureException: Cannot get Jedis connection; nested exception is redis.clients.jedis.exceptions.JedisConnectionException: Could not get a resource from the pool
Caused by: redis.clients.jedis.exceptions.JedisConnectionException: Could not get a resource from the pool
Caused by: redis.clients.jedis.exceptions.JedisConnectionException: java.net.ConnectException: Connection refused (Connection refused)
Caused by: java.net.ConnectException: Connection refused (Connection refused)
</error>
  </testcase>
  <testcase name="testAddAll[5]" classname="org.springframework.data.redis.support.collections.RedisListTests" time="0.001">
    <error message="Cannot get Jedis connection; nested exception is redis.clients.jedis.exceptions.JedisConnectionException: Could not get a resource from the pool" type="org.springframework.data.redis.RedisConnectionFailureException">org.springframework.data.redis.RedisConnectionFailureException: Cannot get Jedis connection; nested exception is redis.clients.jedis.exceptions.JedisConnectionException: Could not get a resource from the pool
Caused by: redis.clients.jedis.exceptions.JedisConnectionException: Could not get a resource from the pool
Caused by: redis.clients.jedis.exceptions.JedisConnectionException: java.net.ConnectException: Connection refused (Connection refused)
Caused by: java.net.ConnectException: Connection refused (Connection refused)
</error>
  </testcase>
  <testcase name="testAddAll[5]" classname="org.springframework.data.redis.support.collections.RedisListTests" time="0.001">
    <error message="Cannot get Jedis connection; nested exception is redis.clients.jedis.exceptions.JedisConnectionException: Could not get a resource from the pool" type="org.springframework.data.redis.RedisConnectionFailureException">org.springframework.data.redis.RedisConnectionFailureException: Cannot get Jedis connection; nested exception is redis.clients.jedis.exceptions.JedisConnectionException: Could not get a resource from the pool
Caused by: redis.clients.jedis.exceptions.JedisConnectionException: Could not get a resource from the pool
Caused by: redis.clients.jedis.exceptions.JedisConnectionException: java.net.ConnectException: Connection refused (Connection refused)
Caused by: java.net.ConnectException: Connection refused (Connection refused)
</error>
  </testcase>
  <testcase name="removeAll[5]" classname="org.springframework.data.redis.support.collections.RedisListTests" time="0.001">
    <error message="Cannot get Jedis connection; nested exception is redis.clients.jedis.exceptions.JedisConnectionException: Could not get a resource from the pool" type="org.springframework.data.redis.RedisConnectionFailureException">org.springframework.data.redis.RedisConnectionFailureException: Cannot get Jedis connection; nested exception is redis.clients.jedis.exceptions.JedisConnectionException: Could not get a resource from the pool
Caused by: redis.clients.jedis.exceptions.JedisConnectionException: Could not get a resource from the pool
Caused by: redis.clients.jedis.exceptions.JedisConnectionException: java.net.ConnectException: Connection refused (Connection refused)
Caused by: java.net.ConnectException: Connection refused (Connection refused)
</error>
  </testcase>
  <testcase name="removeAll[5]" classname="org.springframework.data.redis.support.collections.RedisListTests" time="0.001">
    <error message="Cannot get Jedis connection; nested exception is redis.clients.jedis.exceptions.JedisConnectionException: Could not get a resource from the pool" type="org.springframework.data.redis.RedisConnectionFailureException">org.springframework.data.redis.RedisConnectionFailureException: Cannot get Jedis connection; nested exception is redis.clients.jedis.exceptions.JedisConnectionException: Could not get a resource from the pool
Caused by: redis.clients.jedis.exceptions.JedisConnectionException: Could not get a resource from the pool
Caused by: redis.clients.jedis.exceptions.JedisConnectionException: java.net.ConnectException: Connection refused (Connection refused)
Caused by: java.net.ConnectException: Connection refused (Connection refused)
</error>
  </testcase>
  <testcase name="testEquals[5]" classname="org.springframework.data.redis.support.collections.RedisListTests" time="0.001">
    <error message="Cannot get Jedis connection; nested exception is redis.clients.jedis.exceptions.JedisConnectionException: Could not get a resource from the pool" type="org.springframework.data.redis.RedisConnectionFailureException">org.springframework.data.redis.RedisConnectionFailureException: Cannot get Jedis connection; nested exception is redis.clients.jedis.exceptions.JedisConnectionException: Could not get a resource from the pool
Caused by: redis.clients.jedis.exceptions.JedisConnectionException: Could not get a resource from the pool
Caused by: redis.clients.jedis.exceptions.JedisConnectionException: java.net.ConnectException: Connection refused (Connection refused)
Caused by: java.net.ConnectException: Connection refused (Connection refused)
</error>
  </testcase>
  <testcase name="testGetKey[5]" classname="org.springframework.data.redis.support.collections.RedisListTests" time="0.001">
    <error message="Cannot get Jedis connection; nested exception is redis.clients.jedis.exceptions.JedisConnectionException: Could not get a resource from the pool" type="org.springframework.data.redis.RedisConnectionFailureException">org.springframework.data.redis.RedisConnectionFailureException: Cannot get Jedis connection; nested exception is redis.clients.jedis.exceptions.JedisConnectionException: Could not get a resource from the pool
Caused by: redis.clients.jedis.exceptions.JedisConnectionException: Could not get a resource from the pool
Caused by: redis.clients.jedis.exceptions.JedisConnectionException: java.net.ConnectException: Connection refused (Connection refused)
Caused by: java.net.ConnectException: Connection refused (Connection refused)
</error>
  </testcase>
  <testcase name="testToArrayWithGenerics[5]" classname="org.springframework.data.redis.support.collections.RedisListTests" time="0.001">
    <error message="Cannot get Jedis connection; nested exception is redis.clients.jedis.exceptions.JedisConnectionException: Could not get a resource from the pool" type="org.springframework.data.redis.RedisConnectionFailureException">org.springframework.data.redis.RedisConnectionFailureException: Cannot get Jedis connection; nested exception is redis.clients.jedis.exceptions.JedisConnectionException: Could not get a resource from the pool
Caused by: redis.clients.jedis.exceptions.JedisConnectionException: Could not get a resource from the pool
Caused by: redis.clients.jedis.exceptions.JedisConnectionException: java.net.ConnectException: Connection refused (Connection refused)
Caused by: java.net.ConnectException: Connection refused (Connection refused)
</error>
  </testcase>
  <testcase name="testToArrayWithGenerics[5]" classname="org.springframework.data.redis.support.collections.RedisListTests" time="0.001">
    <error message="Cannot get Jedis connection; nested exception is redis.clients.jedis.exceptions.JedisConnectionException: Could not get a resource from the pool" type="org.springframework.data.redis.RedisConnectionFailureException">org.springframework.data.redis.RedisConnectionFailureException: Cannot get Jedis connection; nested exception is redis.clients.jedis.exceptions.JedisConnectionException: Could not get a resource from the pool
Caused by: redis.clients.jedis.exceptions.JedisConnectionException: Could not get a resource from the pool
Caused by: redis.clients.jedis.exceptions.JedisConnectionException: java.net.ConnectException: Connection refused (Connection refused)
Caused by: java.net.ConnectException: Connection refused (Connection refused)
</error>
  </testcase>
  <testcase name="testIsEmpty[5]" classname="org.springframework.data.redis.support.collections.RedisListTests" time="0.001">
    <error message="Cannot get Jedis connection; nested exception is redis.clients.jedis.exceptions.JedisConnectionException: Could not get a resource from the pool" type="org.springframework.data.redis.RedisConnectionFailureException">org.springframework.data.redis.RedisConnectionFailureException: Cannot get Jedis connection; nested exception is redis.clients.jedis.exceptions.JedisConnectionException: Could not get a resource from the pool
Caused by: redis.clients.jedis.exceptions.JedisConnectionException: Could not get a resource from the pool
Caused by: redis.clients.jedis.exceptions.JedisConnectionException: java.net.ConnectException: Connection refused (Connection refused)
Caused by: java.net.ConnectException: Connection refused (Connection refused)
</error>
  </testcase>
  <testcase name="testIsEmpty[5]" classname="org.springframework.data.redis.support.collections.RedisListTests" time="0.001">
    <error message="Cannot get Jedis connection; nested exception is redis.clients.jedis.exceptions.JedisConnectionException: Could not get a resource from the pool" type="org.springframework.data.redis.RedisConnectionFailureException">org.springframework.data.redis.RedisConnectionFailureException: Cannot get Jedis connection; nested exception is redis.clients.jedis.exceptions.JedisConnectionException: Could not get a resource from the pool
Caused by: redis.clients.jedis.exceptions.JedisConnectionException: Could not get a resource from the pool
Caused by: redis.clients.jedis.exceptions.JedisConnectionException: java.net.ConnectException: Connection refused (Connection refused)
Caused by: java.net.ConnectException: Connection refused (Connection refused)
</error>
  </testcase>
  <testcase name="testIterator[5]" classname="org.springframework.data.redis.support.collections.RedisListTests" time="0.001">
    <error message="Cannot get Jedis connection; nested exception is redis.clients.jedis.exceptions.JedisConnectionException: Could not get a resource from the pool" type="org.springframework.data.redis.RedisConnectionFailureException">org.springframework.data.redis.RedisConnectionFailureException: Cannot get Jedis connection; nested exception is redis.clients.jedis.exceptions.JedisConnectionException: Could not get a resource from the pool
Caused by: redis.clients.jedis.exceptions.JedisConnectionException: Could not get a resource from the pool
Caused by: redis.clients.jedis.exceptions.JedisConnectionException: java.net.ConnectException: Connection refused (Connection refused)
Caused by: java.net.ConnectException: Connection refused (Connection refused)
</error>
  </testcase>
  <testcase name="testIterator[5]" classname="org.springframework.data.redis.support.collections.RedisListTests" time="0.001">
    <error message="Cannot get Jedis connection; nested exception is redis.clients.jedis.exceptions.JedisConnectionException: Could not get a resource from the pool" type="org.springframework.data.redis.RedisConnectionFailureException">org.springframework.data.redis.RedisConnectionFailureException: Cannot get Jedis connection; nested exception is redis.clients.jedis.exceptions.JedisConnectionException: Could not get a resource from the pool
Caused by: redis.clients.jedis.exceptions.JedisConnectionException: Could not get a resource from the pool
Caused by: redis.clients.jedis.exceptions.JedisConnectionException: java.net.ConnectException: Connection refused (Connection refused)
Caused by: java.net.ConnectException: Connection refused (Connection refused)
</error>
  </testcase>
  <testcase name="testElement[6]" classname="org.springframework.data.redis.support.collections.RedisListTests" time="0.001">
    <error message="Cannot get Jedis connection; nested exception is redis.clients.jedis.exceptions.JedisConnectionException: Could not get a resource from the pool" type="org.springframework.data.redis.RedisConnectionFailureException">org.springframework.data.redis.RedisConnectionFailureException: Cannot get Jedis connection; nested exception is redis.clients.jedis.exceptions.JedisConnectionException: Could not get a resource from the pool
Caused by: redis.clients.jedis.exceptions.JedisConnectionException: Could not get a resource from the pool
Caused by: redis.clients.jedis.exceptions.JedisConnectionException: java.net.ConnectException: Connection refused (Connection refused)
Caused by: java.net.ConnectException: Connection refused (Connection refused)
</error>
  </testcase>
  <testcase name="testElement[6]" classname="org.springframework.data.redis.support.collections.RedisListTests" time="0.001">
    <error message="Cannot get Jedis connection; nested exception is redis.clients.jedis.exceptions.JedisConnectionException: Could not get a resource from the pool" type="org.springframework.data.redis.RedisConnectionFailureException">org.springframework.data.redis.RedisConnectionFailureException: Cannot get Jedis connection; nested exception is redis.clients.jedis.exceptions.JedisConnectionException: Could not get a resource from the pool
Caused by: redis.clients.jedis.exceptions.JedisConnectionException: Could not get a resource from the pool
Caused by: redis.clients.jedis.exceptions.JedisConnectionException: java.net.ConnectException: Connection refused (Connection refused)
Caused by: java.net.ConnectException: Connection refused (Connection refused)
</error>
  </testcase>
  <testcase name="testPutFirst[6]" classname="org.springframework.data.redis.support.collections.RedisListTests" time="0">
    <error message="Cannot get Jedis connection; nested exception is redis.clients.jedis.exceptions.JedisConnectionException: Could not get a resource from the pool" type="org.springframework.data.redis.RedisConnectionFailureException">org.springframework.data.redis.RedisConnectionFailureException: Cannot get Jedis connection; nested exception is redis.clients.jedis.exceptions.JedisConnectionException: Could not get a resource from the pool
Caused by: redis.clients.jedis.exceptions.JedisConnectionException: Could not get a resource from the pool
Caused by: redis.clients.jedis.exceptions.JedisConnectionException: java.net.ConnectException: Connection refused (Connection refused)
Caused by: java.net.ConnectException: Connection refused (Connection refused)
</error>
  </testcase>
  <testcase name="testPutFirst[6]" classname="org.springframework.data.redis.support.collections.RedisListTests" time="0.001">
    <error message="Cannot get Jedis connection; nested exception is redis.clients.jedis.exceptions.JedisConnectionException: Could not get a resource from the pool" type="org.springframework.data.redis.RedisConnectionFailureException">org.springframework.data.redis.RedisConnectionFailureException: Cannot get Jedis connection; nested exception is redis.clients.jedis.exceptions.JedisConnectionException: Could not get a resource from the pool
Caused by: redis.clients.jedis.exceptions.JedisConnectionException: Could not get a resource from the pool
Caused by: redis.clients.jedis.exceptions.JedisConnectionException: java.net.ConnectException: Connection refused (Connection refused)
Caused by: java.net.ConnectException: Connection refused (Connection refused)
</error>
  </testcase>
  <testcase name="testPollLastTimeout[6]" classname="org.springframework.data.redis.support.collections.RedisListTests" time="0.001">
    <error message="Cannot get Jedis connection; nested exception is redis.clients.jedis.exceptions.JedisConnectionException: Could not get a resource from the pool" type="org.springframework.data.redis.RedisConnectionFailureException">org.springframework.data.redis.RedisConnectionFailureException: Cannot get Jedis connection; nested exception is redis.clients.jedis.exceptions.JedisConnectionException: Could not get a resource from the pool
Caused by: redis.clients.jedis.exceptions.JedisConnectionException: Could not get a resource from the pool
Caused by: redis.clients.jedis.exceptions.JedisConnectionException: java.net.ConnectException: Connection refused (Connection refused)
Caused by: java.net.ConnectException: Connection refused (Connection refused)
</error>
  </testcase>
  <testcase name="testPollLastTimeout[6]" classname="org.springframework.data.redis.support.collections.RedisListTests" time="0.001">
    <error message="Cannot get Jedis connection; nested exception is redis.clients.jedis.exceptions.JedisConnectionException: Could not get a resource from the pool" type="org.springframework.data.redis.RedisConnectionFailureException">org.springframework.data.redis.RedisConnectionFailureException: Cannot get Jedis connection; nested exception is redis.clients.jedis.exceptions.JedisConnectionException: Could not get a resource from the pool
Caused by: redis.clients.jedis.exceptions.JedisConnectionException: Could not get a resource from the pool
Caused by: redis.clients.jedis.exceptions.JedisConnectionException: java.net.ConnectException: Connection refused (Connection refused)
Caused by: java.net.ConnectException: Connection refused (Connection refused)
</error>
  </testcase>
  <testcase name="testPeekFirst[6]" classname="org.springframework.data.redis.support.collections.RedisListTests" time="0.001">
    <error message="Cannot get Jedis connection; nested exception is redis.clients.jedis.exceptions.JedisConnectionException: Could not get a resource from the pool" type="org.springframework.data.redis.RedisConnectionFailureException">org.springframework.data.redis.RedisConnectionFailureException: Cannot get Jedis connection; nested exception is redis.clients.jedis.exceptions.JedisConnectionException: Could not get a resource from the pool
Caused by: redis.clients.jedis.exceptions.JedisConnectionException: Could not get a resource from the pool
Caused by: redis.clients.jedis.exceptions.JedisConnectionException: java.net.ConnectException: Connection refused (Connection refused)
Caused by: java.net.ConnectException: Connection refused (Connection refused)
</error>
  </testcase>
  <testcase name="testPeekFirst[6]" classname="org.springframework.data.redis.support.collections.RedisListTests" time="0.001">
    <error message="Cannot get Jedis connection; nested exception is redis.clients.jedis.exceptions.JedisConnectionException: Could not get a resource from the pool" type="org.springframework.data.redis.RedisConnectionFailureException">org.springframework.data.redis.RedisConnectionFailureException: Cannot get Jedis connection; nested exception is redis.clients.jedis.exceptions.JedisConnectionException: Could not get a resource from the pool
Caused by: redis.clients.jedis.exceptions.JedisConnectionException: Could not get a resource from the pool
Caused by: redis.clients.jedis.exceptions.JedisConnectionException: java.net.ConnectException: Connection refused (Connection refused)
Caused by: java.net.ConnectException: Connection refused (Connection refused)
</error>
  </testcase>
  <testcase name="testOfferLast[6]" classname="org.springframework.data.redis.support.collections.RedisListTests" time="0.001">
    <error message="Cannot get Jedis connection; nested exception is redis.clients.jedis.exceptions.JedisConnectionException: Could not get a resource from the pool" type="org.springframework.data.redis.RedisConnectionFailureException">org.springframework.data.redis.RedisConnectionFailureException: Cannot get Jedis connection; nested exception is redis.clients.jedis.exceptions.JedisConnectionException: Could not get a resource from the pool
Caused by: redis.clients.jedis.exceptions.JedisConnectionException: Could not get a resource from the pool
Caused by: redis.clients.jedis.exceptions.JedisConnectionException: java.net.ConnectException: Connection refused (Connection refused)
Caused by: java.net.ConnectException: Connection refused (Connection refused)
</error>
  </testcase>
  <testcase name="testOfferLast[6]" classname="org.springframework.data.redis.support.collections.RedisListTests" time="0.001">
    <error message="Cannot get Jedis connection; nested exception is redis.clients.jedis.exceptions.JedisConnectionException: Could not get a resource from the pool" type="org.springframework.data.redis.RedisConnectionFailureException">org.springframework.data.redis.RedisConnectionFailureException: Cannot get Jedis connection; nested exception is redis.clients.jedis.exceptions.JedisConnectionException: Could not get a resource from the pool
Caused by: redis.clients.jedis.exceptions.JedisConnectionException: Could not get a resource from the pool
Caused by: redis.clients.jedis.exceptions.JedisConnectionException: java.net.ConnectException: Connection refused (Connection refused)
Caused by: java.net.ConnectException: Connection refused (Connection refused)
</error>
  </testcase>
  <testcase name="testGetFirst[6]" classname="org.springframework.data.redis.support.collections.RedisListTests" time="0.001">
    <error message="Cannot get Jedis connection; nested exception is redis.clients.jedis.exceptions.JedisConnectionException: Could not get a resource from the pool" type="org.springframework.data.redis.RedisConnectionFailureException">org.springframework.data.redis.RedisConnectionFailureException: Cannot get Jedis connection; nested exception is redis.clients.jedis.exceptions.JedisConnectionException: Could not get a resource from the pool
Caused by: redis.clients.jedis.exceptions.JedisConnectionException: Could not get a resource from the pool
Caused by: redis.clients.jedis.exceptions.JedisConnectionException: java.net.ConnectException: Connection refused (Connection refused)
Caused by: java.net.ConnectException: Connection refused (Connection refused)
</error>
  </testcase>
  <testcase name="testGetFirst[6]" classname="org.springframework.data.redis.support.collections.RedisListTests" time="0.002">
    <error message="Cannot get Jedis connection; nested exception is redis.clients.jedis.exceptions.JedisConnectionException: Could not get a resource from the pool" type="org.springframework.data.redis.RedisConnectionFailureException">org.springframework.data.redis.RedisConnectionFailureException: Cannot get Jedis connection; nested exception is redis.clients.jedis.exceptions.JedisConnectionException: Could not get a resource from the pool
Caused by: redis.clients.jedis.exceptions.JedisConnectionException: Could not get a resource from the pool
Caused by: redis.clients.jedis.exceptions.JedisConnectionException: java.net.ConnectException: Connection refused (Connection refused)
Caused by: java.net.ConnectException: Connection refused (Connection refused)
</error>
  </testcase>
  <testcase name="testAddLast[6]" classname="org.springframework.data.redis.support.collections.RedisListTests" time="0">
    <error message="Cannot get Jedis connection; nested exception is redis.clients.jedis.exceptions.JedisConnectionException: Could not get a resource from the pool" type="org.springframework.data.redis.RedisConnectionFailureException">org.springframework.data.redis.RedisConnectionFailureException: Cannot get Jedis connection; nested exception is redis.clients.jedis.exceptions.JedisConnectionException: Could not get a resource from the pool
Caused by: redis.clients.jedis.exceptions.JedisConnectionException: Could not get a resource from the pool
Caused by: redis.clients.jedis.exceptions.JedisConnectionException: java.net.ConnectException: Connection refused (Connection refused)
Caused by: java.net.ConnectException: Connection refused (Connection refused)
</error>
  </testcase>
  <testcase name="testAddLast[6]" classname="org.springframework.data.redis.support.collections.RedisListTests" time="0.001">
    <error message="Cannot get Jedis connection; nested exception is redis.clients.jedis.exceptions.JedisConnectionException: Could not get a resource from the pool" type="org.springframework.data.redis.RedisConnectionFailureException">org.springframework.data.redis.RedisConnectionFailureException: Cannot get Jedis connection; nested exception is redis.clients.jedis.exceptions.JedisConnectionException: Could not get a resource from the pool
Caused by: redis.clients.jedis.exceptions.JedisConnectionException: Could not get a resource from the pool
Caused by: redis.clients.jedis.exceptions.JedisConnectionException: java.net.ConnectException: Connection refused (Connection refused)
Caused by: java.net.ConnectException: Connection refused (Connection refused)
</error>
  </testcase>
  <testcase name="testPop[6]" classname="org.springframework.data.redis.support.collections.RedisListTests" time="0.001">
    <error message="Cannot get Jedis connection; nested exception is redis.clients.jedis.exceptions.JedisConnectionException: Could not get a resource from the pool" type="org.springframework.data.redis.RedisConnectionFailureException">org.springframework.data.redis.RedisConnectionFailureException: Cannot get Jedis connection; nested exception is redis.clients.jedis.exceptions.JedisConnectionException: Could not get a resource from the pool
Caused by: redis.clients.jedis.exceptions.JedisConnectionException: Could not get a resource from the pool
Caused by: redis.clients.jedis.exceptions.JedisConnectionException: java.net.ConnectException: Connection refused (Connection refused)
Caused by: java.net.ConnectException: Connection refused (Connection refused)
</error>
  </testcase>
  <testcase name="testPop[6]" classname="org.springframework.data.redis.support.collections.RedisListTests" time="0.001">
    <error message="Cannot get Jedis connection; nested exception is redis.clients.jedis.exceptions.JedisConnectionException: Could not get a resource from the pool" type="org.springframework.data.redis.RedisConnectionFailureException">org.springframework.data.redis.RedisConnectionFailureException: Cannot get Jedis connection; nested exception is redis.clients.jedis.exceptions.JedisConnectionException: Could not get a resource from the pool
Caused by: redis.clients.jedis.exceptions.JedisConnectionException: Could not get a resource from the pool
Caused by: redis.clients.jedis.exceptions.JedisConnectionException: java.net.ConnectException: Connection refused (Connection refused)
Caused by: java.net.ConnectException: Connection refused (Connection refused)
</error>
  </testcase>
  <testcase name="testPut[6]" classname="org.springframework.data.redis.support.collections.RedisListTests" time="0.001">
    <error message="Cannot get Jedis connection; nested exception is redis.clients.jedis.exceptions.JedisConnectionException: Could not get a resource from the pool" type="org.springframework.data.redis.RedisConnectionFailureException">org.springframework.data.redis.RedisConnectionFailureException: Cannot get Jedis connection; nested exception is redis.clients.jedis.exceptions.JedisConnectionException: Could not get a resource from the pool
Caused by: redis.clients.jedis.exceptions.JedisConnectionException: Could not get a resource from the pool
Caused by: redis.clients.jedis.exceptions.JedisConnectionException: java.net.ConnectException: Connection refused (Connection refused)
Caused by: java.net.ConnectException: Connection refused (Connection refused)
</error>
  </testcase>
  <testcase name="testPut[6]" classname="org.springframework.data.redis.support.collections.RedisListTests" time="0.001">
    <error message="Cannot get Jedis connection; nested exception is redis.clients.jedis.exceptions.JedisConnectionException: Could not get a resource from the pool" type="org.springframework.data.redis.RedisConnectionFailureException">org.springframework.data.redis.RedisConnectionFailureException: Cannot get Jedis connection; nested exception is redis.clients.jedis.exceptions.JedisConnectionException: Could not get a resource from the pool
Caused by: redis.clients.jedis.exceptions.JedisConnectionException: Could not get a resource from the pool
Caused by: redis.clients.jedis.exceptions.JedisConnectionException: java.net.ConnectException: Connection refused (Connection refused)
Caused by: java.net.ConnectException: Connection refused (Connection refused)
</error>
  </testcase>
  <testcase name="testSet[6]" classname="org.springframework.data.redis.support.collections.RedisListTests" time="0.001">
    <error message="Cannot get Jedis connection; nested exception is redis.clients.jedis.exceptions.JedisConnectionException: Could not get a resource from the pool" type="org.springframework.data.redis.RedisConnectionFailureException">org.springframework.data.redis.RedisConnectionFailureException: Cannot get Jedis connection; nested exception is redis.clients.jedis.exceptions.JedisConnectionException: Could not get a resource from the pool
Caused by: redis.clients.jedis.exceptions.JedisConnectionException: Could not get a resource from the pool
Caused by: redis.clients.jedis.exceptions.JedisConnectionException: java.net.ConnectException: Connection refused (Connection refused)
Caused by: java.net.ConnectException: Connection refused (Connection refused)
</error>
  </testcase>
  <testcase name="testSet[6]" classname="org.springframework.data.redis.support.collections.RedisListTests" time="0.001">
    <error message="Cannot get Jedis connection; nested exception is redis.clients.jedis.exceptions.JedisConnectionException: Could not get a resource from the pool" type="org.springframework.data.redis.RedisConnectionFailureException">org.springframework.data.redis.RedisConnectionFailureException: Cannot get Jedis connection; nested exception is redis.clients.jedis.exceptions.JedisConnectionException: Could not get a resource from the pool
Caused by: redis.clients.jedis.exceptions.JedisConnectionException: Could not get a resource from the pool
Caused by: redis.clients.jedis.exceptions.JedisConnectionException: java.net.ConnectException: Connection refused (Connection refused)
Caused by: java.net.ConnectException: Connection refused (Connection refused)
</error>
  </testcase>
  <testcase name="testOffer[6]" classname="org.springframework.data.redis.support.collections.RedisListTests" time="0">
    <error message="Cannot get Jedis connection; nested exception is redis.clients.jedis.exceptions.JedisConnectionException: Could not get a resource from the pool" type="org.springframework.data.redis.RedisConnectionFailureException">org.springframework.data.redis.RedisConnectionFailureException: Cannot get Jedis connection; nested exception is redis.clients.jedis.exceptions.JedisConnectionException: Could not get a resource from the pool
Caused by: redis.clients.jedis.exceptions.JedisConnectionException: Could not get a resource from the pool
Caused by: redis.clients.jedis.exceptions.JedisConnectionException: java.net.ConnectException: Connection refused (Connection refused)
Caused by: java.net.ConnectException: Connection refused (Connection refused)
</error>
  </testcase>
  <testcase name="testOffer[6]" classname="org.springframework.data.redis.support.collections.RedisListTests" time="0.001">
    <error message="Cannot get Jedis connection; nested exception is redis.clients.jedis.exceptions.JedisConnectionException: Could not get a resource from the pool" type="org.springframework.data.redis.RedisConnectionFailureException">org.springframework.data.redis.RedisConnectionFailureException: Cannot get Jedis connection; nested exception is redis.clients.jedis.exceptions.JedisConnectionException: Could not get a resource from the pool
Caused by: redis.clients.jedis.exceptions.JedisConnectionException: Could not get a resource from the pool
Caused by: redis.clients.jedis.exceptions.JedisConnectionException: java.net.ConnectException: Connection refused (Connection refused)
Caused by: java.net.ConnectException: Connection refused (Connection refused)
</error>
  </testcase>
  <testcase name="testRange[6]" classname="org.springframework.data.redis.support.collections.RedisListTests" time="0">
    <error message="Cannot get Jedis connection; nested exception is redis.clients.jedis.exceptions.JedisConnectionException: Could not get a resource from the pool" type="org.springframework.data.redis.RedisConnectionFailureException">org.springframework.data.redis.RedisConnectionFailureException: Cannot get Jedis connection; nested exception is redis.clients.jedis.exceptions.JedisConnectionException: Could not get a resource from the pool
Caused by: redis.clients.jedis.exceptions.JedisConnectionException: Could not get a resource from the pool
Caused by: redis.clients.jedis.exceptions.JedisConnectionException: java.net.ConnectException: Connection refused (Connection refused)
Caused by: java.net.ConnectException: Connection refused (Connection refused)
</error>
  </testcase>
  <testcase name="testRange[6]" classname="org.springframework.data.redis.support.collections.RedisListTests" time="0.001">
    <error message="Cannot get Jedis connection; nested exception is redis.clients.jedis.exceptions.JedisConnectionException: Could not get a resource from the pool" type="org.springframework.data.redis.RedisConnectionFailureException">org.springframework.data.redis.RedisConnectionFailureException: Cannot get Jedis connection; nested exception is redis.clients.jedis.exceptions.JedisConnectionException: Could not get a resource from the pool
Caused by: redis.clients.jedis.exceptions.JedisConnectionException: Could not get a resource from the pool
Caused by: redis.clients.jedis.exceptions.JedisConnectionException: java.net.ConnectException: Connection refused (Connection refused)
Caused by: java.net.ConnectException: Connection refused (Connection refused)
</error>
  </testcase>
  <testcase name="testLast[6]" classname="org.springframework.data.redis.support.collections.RedisListTests" time="0.001">
    <error message="Cannot get Jedis connection; nested exception is redis.clients.jedis.exceptions.JedisConnectionException: Could not get a resource from the pool" type="org.springframework.data.redis.RedisConnectionFailureException">org.springframework.data.redis.RedisConnectionFailureException: Cannot get Jedis connection; nested exception is redis.clients.jedis.exceptions.JedisConnectionException: Could not get a resource from the pool
Caused by: redis.clients.jedis.exceptions.JedisConnectionException: Could not get a resource from the pool
Caused by: redis.clients.jedis.exceptions.JedisConnectionException: java.net.ConnectException: Connection refused (Connection refused)
Caused by: java.net.ConnectException: Connection refused (Connection refused)
</error>
  </testcase>
  <testcase name="testLast[6]" classname="org.springframework.data.redis.support.collections.RedisListTests" time="0.001">
    <error message="Cannot get Jedis connection; nested exception is redis.clients.jedis.exceptions.JedisConnectionException: Could not get a resource from the pool" type="org.springframework.data.redis.RedisConnectionFailureException">org.springframework.data.redis.RedisConnectionFailureException: Cannot get Jedis connection; nested exception is redis.clients.jedis.exceptions.JedisConnectionException: Could not get a resource from the pool
Caused by: redis.clients.jedis.exceptions.JedisConnectionException: Could not get a resource from the pool
Caused by: redis.clients.jedis.exceptions.JedisConnectionException: java.net.ConnectException: Connection refused (Connection refused)
Caused by: java.net.ConnectException: Connection refused (Connection refused)
</error>
  </testcase>
  <testcase name="testPeek[6]" classname="org.springframework.data.redis.support.collections.RedisListTests" time="0.001">
    <error message="Cannot get Jedis connection; nested exception is redis.clients.jedis.exceptions.JedisConnectionException: Could not get a resource from the pool" type="org.springframework.data.redis.RedisConnectionFailureException">org.springframework.data.redis.RedisConnectionFailureException: Cannot get Jedis connection; nested exception is redis.clients.jedis.exceptions.JedisConnectionException: Could not get a resource from the pool
Caused by: redis.clients.jedis.exceptions.JedisConnectionException: Could not get a resource from the pool
Caused by: redis.clients.jedis.exceptions.JedisConnectionException: java.net.ConnectException: Connection refused (Connection refused)
Caused by: java.net.ConnectException: Connection refused (Connection refused)
</error>
  </testcase>
  <testcase name="testPeek[6]" classname="org.springframework.data.redis.support.collections.RedisListTests" time="0.001">
    <error message="Cannot get Jedis connection; nested exception is redis.clients.jedis.exceptions.JedisConnectionException: Could not get a resource from the pool" type="org.springframework.data.redis.RedisConnectionFailureException">org.springframework.data.redis.RedisConnectionFailureException: Cannot get Jedis connection; nested exception is redis.clients.jedis.exceptions.JedisConnectionException: Could not get a resource from the pool
Caused by: redis.clients.jedis.exceptions.JedisConnectionException: Could not get a resource from the pool
Caused by: redis.clients.jedis.exceptions.JedisConnectionException: java.net.ConnectException: Connection refused (Connection refused)
Caused by: java.net.ConnectException: Connection refused (Connection refused)
</error>
  </testcase>
  <testcase name="testPoll[6]" classname="org.springframework.data.redis.support.collections.RedisListTests" time="0.001">
    <error message="Cannot get Jedis connection; nested exception is redis.clients.jedis.exceptions.JedisConnectionException: Could not get a resource from the pool" type="org.springframework.data.redis.RedisConnectionFailureException">org.springframework.data.redis.RedisConnectionFailureException: Cannot get Jedis connection; nested exception is redis.clients.jedis.exceptions.JedisConnectionException: Could not get a resource from the pool
Caused by: redis.clients.jedis.exceptions.JedisConnectionException: Could not get a resource from the pool
Caused by: redis.clients.jedis.exceptions.JedisConnectionException: java.net.ConnectException: Connection refused (Connection refused)
Caused by: java.net.ConnectException: Connection refused (Connection refused)
</error>
  </testcase>
  <testcase name="testPoll[6]" classname="org.springframework.data.redis.support.collections.RedisListTests" time="0.001">
    <error message="Cannot get Jedis connection; nested exception is redis.clients.jedis.exceptions.JedisConnectionException: Could not get a resource from the pool" type="org.springframework.data.redis.RedisConnectionFailureException">org.springframework.data.redis.RedisConnectionFailureException: Cannot get Jedis connection; nested exception is redis.clients.jedis.exceptions.JedisConnectionException: Could not get a resource from the pool
Caused by: redis.clients.jedis.exceptions.JedisConnectionException: Could not get a resource from the pool
Caused by: redis.clients.jedis.exceptions.JedisConnectionException: java.net.ConnectException: Connection refused (Connection refused)
Caused by: java.net.ConnectException: Connection refused (Connection refused)
</error>
  </testcase>
  <testcase name="testTake[6]" classname="org.springframework.data.redis.support.collections.RedisListTests" time="0.001">
    <error message="Cannot get Jedis connection; nested exception is redis.clients.jedis.exceptions.JedisConnectionException: Could not get a resource from the pool" type="org.springframework.data.redis.RedisConnectionFailureException">org.springframework.data.redis.RedisConnectionFailureException: Cannot get Jedis connection; nested exception is redis.clients.jedis.exceptions.JedisConnectionException: Could not get a resource from the pool
Caused by: redis.clients.jedis.exceptions.JedisConnectionException: Could not get a resource from the pool
Caused by: redis.clients.jedis.exceptions.JedisConnectionException: java.net.ConnectException: Connection refused (Connection refused)
Caused by: java.net.ConnectException: Connection refused (Connection refused)
</error>
  </testcase>
  <testcase name="testTake[6]" classname="org.springframework.data.redis.support.collections.RedisListTests" time="0.002">
    <error message="Cannot get Jedis connection; nested exception is redis.clients.jedis.exceptions.JedisConnectionException: Could not get a resource from the pool" type="org.springframework.data.redis.RedisConnectionFailureException">org.springframework.data.redis.RedisConnectionFailureException: Cannot get Jedis connection; nested exception is redis.clients.jedis.exceptions.JedisConnectionException: Could not get a resource from the pool
Caused by: redis.clients.jedis.exceptions.JedisConnectionException: Could not get a resource from the pool
Caused by: redis.clients.jedis.exceptions.JedisConnectionException: java.net.ConnectException: Connection refused (Connection refused)
Caused by: java.net.ConnectException: Connection refused (Connection refused)
</error>
  </testcase>
  <testcase name="testTrim[6]" classname="org.springframework.data.redis.support.collections.RedisListTests" time="0">
    <error message="Cannot get Jedis connection; nested exception is redis.clients.jedis.exceptions.JedisConnectionException: Could not get a resource from the pool" type="org.springframework.data.redis.RedisConnectionFailureException">org.springframework.data.redis.RedisConnectionFailureException: Cannot get Jedis connection; nested exception is redis.clients.jedis.exceptions.JedisConnectionException: Could not get a resource from the pool
Caused by: redis.clients.jedis.exceptions.JedisConnectionException: Could not get a resource from the pool
Caused by: redis.clients.jedis.exceptions.JedisConnectionException: java.net.ConnectException: Connection refused (Connection refused)
Caused by: java.net.ConnectException: Connection refused (Connection refused)
</error>
  </testcase>
  <testcase name="testTrim[6]" classname="org.springframework.data.redis.support.collections.RedisListTests" time="0.001">
    <error message="Cannot get Jedis connection; nested exception is redis.clients.jedis.exceptions.JedisConnectionException: Could not get a resource from the pool" type="org.springframework.data.redis.RedisConnectionFailureException">org.springframework.data.redis.RedisConnectionFailureException: Cannot get Jedis connection; nested exception is redis.clients.jedis.exceptions.JedisConnectionException: Could not get a resource from the pool
Caused by: redis.clients.jedis.exceptions.JedisConnectionException: Could not get a resource from the pool
Caused by: redis.clients.jedis.exceptions.JedisConnectionException: java.net.ConnectException: Connection refused (Connection refused)
Caused by: java.net.ConnectException: Connection refused (Connection refused)
</error>
  </testcase>
  <testcase name="testDrainToCollection[6]" classname="org.springframework.data.redis.support.collections.RedisListTests" time="0.001">
    <error message="Cannot get Jedis connection; nested exception is redis.clients.jedis.exceptions.JedisConnectionException: Could not get a resource from the pool" type="org.springframework.data.redis.RedisConnectionFailureException">org.springframework.data.redis.RedisConnectionFailureException: Cannot get Jedis connection; nested exception is redis.clients.jedis.exceptions.JedisConnectionException: Could not get a resource from the pool
Caused by: redis.clients.jedis.exceptions.JedisConnectionException: Could not get a resource from the pool
Caused by: redis.clients.jedis.exceptions.JedisConnectionException: java.net.ConnectException: Connection refused (Connection refused)
Caused by: java.net.ConnectException: Connection refused (Connection refused)
</error>
  </testcase>
  <testcase name="testDrainToCollection[6]" classname="org.springframework.data.redis.support.collections.RedisListTests" time="0.001">
    <error message="Cannot get Jedis connection; nested exception is redis.clients.jedis.exceptions.JedisConnectionException: Could not get a resource from the pool" type="org.springframework.data.redis.RedisConnectionFailureException">org.springframework.data.redis.RedisConnectionFailureException: Cannot get Jedis connection; nested exception is redis.clients.jedis.exceptions.JedisConnectionException: Could not get a resource from the pool
Caused by: redis.clients.jedis.exceptions.JedisConnectionException: Could not get a resource from the pool
Caused by: redis.clients.jedis.exceptions.JedisConnectionException: java.net.ConnectException: Connection refused (Connection refused)
Caused by: java.net.ConnectException: Connection refused (Connection refused)
</error>
  </testcase>
  <testcase name="testRemoveFirst[6]" classname="org.springframework.data.redis.support.collections.RedisListTests" time="0.001">
    <error message="Cannot get Jedis connection; nested exception is redis.clients.jedis.exceptions.JedisConnectionException: Could not get a resource from the pool" type="org.springframework.data.redis.RedisConnectionFailureException">org.springframework.data.redis.RedisConnectionFailureException: Cannot get Jedis connection; nested exception is redis.clients.jedis.exceptions.JedisConnectionException: Could not get a resource from the pool
Caused by: redis.clients.jedis.exceptions.JedisConnectionException: Could not get a resource from the pool
Caused by: redis.clients.jedis.exceptions.JedisConnectionException: java.net.ConnectException: Connection refused (Connection refused)
Caused by: java.net.ConnectException: Connection refused (Connection refused)
</error>
  </testcase>
  <testcase name="testRemoveFirst[6]" classname="org.springframework.data.redis.support.collections.RedisListTests" time="0.001">
    <error message="Cannot get Jedis connection; nested exception is redis.clients.jedis.exceptions.JedisConnectionException: Could not get a resource from the pool" type="org.springframework.data.redis.RedisConnectionFailureException">org.springframework.data.redis.RedisConnectionFailureException: Cannot get Jedis connection; nested exception is redis.clients.jedis.exceptions.JedisConnectionException: Could not get a resource from the pool
Caused by: redis.clients.jedis.exceptions.JedisConnectionException: Could not get a resource from the pool
Caused by: redis.clients.jedis.exceptions.JedisConnectionException: java.net.ConnectException: Connection refused (Connection refused)
Caused by: java.net.ConnectException: Connection refused (Connection refused)
</error>
  </testcase>
  <testcase name="testRemoveIndex[6]" classname="org.springframework.data.redis.support.collections.RedisListTests" time="0.001">
    <error message="Cannot get Jedis connection; nested exception is redis.clients.jedis.exceptions.JedisConnectionException: Could not get a resource from the pool" type="org.springframework.data.redis.RedisConnectionFailureException">org.springframework.data.redis.RedisConnectionFailureException: Cannot get Jedis connection; nested exception is redis.clients.jedis.exceptions.JedisConnectionException: Could not get a resource from the pool
Caused by: redis.clients.jedis.exceptions.JedisConnectionException: Could not get a resource from the pool
Caused by: redis.clients.jedis.exceptions.JedisConnectionException: java.net.ConnectException: Connection refused (Connection refused)
Caused by: java.net.ConnectException: Connection refused (Connection refused)
</error>
  </testcase>
  <testcase name="testPutLast[6]" classname="org.springframework.data.redis.support.collections.RedisListTests" time="0.001">
    <error message="Cannot get Jedis connection; nested exception is redis.clients.jedis.exceptions.JedisConnectionException: Could not get a resource from the pool" type="org.springframework.data.redis.RedisConnectionFailureException">org.springframework.data.redis.RedisConnectionFailureException: Cannot get Jedis connection; nested exception is redis.clients.jedis.exceptions.JedisConnectionException: Could not get a resource from the pool
Caused by: redis.clients.jedis.exceptions.JedisConnectionException: Could not get a resource from the pool
Caused by: redis.clients.jedis.exceptions.JedisConnectionException: java.net.ConnectException: Connection refused (Connection refused)
Caused by: java.net.ConnectException: Connection refused (Connection refused)
</error>
  </testcase>
  <testcase name="testPutLast[6]" classname="org.springframework.data.redis.support.collections.RedisListTests" time="0.001">
    <error message="Cannot get Jedis connection; nested exception is redis.clients.jedis.exceptions.JedisConnectionException: Could not get a resource from the pool" type="org.springframework.data.redis.RedisConnectionFailureException">org.springframework.data.redis.RedisConnectionFailureException: Cannot get Jedis connection; nested exception is redis.clients.jedis.exceptions.JedisConnectionException: Could not get a resource from the pool
Caused by: redis.clients.jedis.exceptions.JedisConnectionException: Could not get a resource from the pool
Caused by: redis.clients.jedis.exceptions.JedisConnectionException: java.net.ConnectException: Connection refused (Connection refused)
Caused by: java.net.ConnectException: Connection refused (Connection refused)
</error>
  </testcase>
  <testcase name="testOfferFirst[6]" classname="org.springframework.data.redis.support.collections.RedisListTests" time="0.001">
    <error message="Cannot get Jedis connection; nested exception is redis.clients.jedis.exceptions.JedisConnectionException: Could not get a resource from the pool" type="org.springframework.data.redis.RedisConnectionFailureException">org.springframework.data.redis.RedisConnectionFailureException: Cannot get Jedis connection; nested exception is redis.clients.jedis.exceptions.JedisConnectionException: Could not get a resource from the pool
Caused by: redis.clients.jedis.exceptions.JedisConnectionException: Could not get a resource from the pool
Caused by: redis.clients.jedis.exceptions.JedisConnectionException: java.net.ConnectException: Connection refused (Connection refused)
Caused by: java.net.ConnectException: Connection refused (Connection refused)
</error>
  </testcase>
  <testcase name="testOfferFirst[6]" classname="org.springframework.data.redis.support.collections.RedisListTests" time="0.001">
    <error message="Cannot get Jedis connection; nested exception is redis.clients.jedis.exceptions.JedisConnectionException: Could not get a resource from the pool" type="org.springframework.data.redis.RedisConnectionFailureException">org.springframework.data.redis.RedisConnectionFailureException: Cannot get Jedis connection; nested exception is redis.clients.jedis.exceptions.JedisConnectionException: Could not get a resource from the pool
Caused by: redis.clients.jedis.exceptions.JedisConnectionException: Could not get a resource from the pool
Caused by: redis.clients.jedis.exceptions.JedisConnectionException: java.net.ConnectException: Connection refused (Connection refused)
Caused by: java.net.ConnectException: Connection refused (Connection refused)
</error>
  </testcase>
  <testcase name="testDescendingIterator[6]" classname="org.springframework.data.redis.support.collections.RedisListTests" time="0.001">
    <error message="Cannot get Jedis connection; nested exception is redis.clients.jedis.exceptions.JedisConnectionException: Could not get a resource from the pool" type="org.springframework.data.redis.RedisConnectionFailureException">org.springframework.data.redis.RedisConnectionFailureException: Cannot get Jedis connection; nested exception is redis.clients.jedis.exceptions.JedisConnectionException: Could not get a resource from the pool
Caused by: redis.clients.jedis.exceptions.JedisConnectionException: Could not get a resource from the pool
Caused by: redis.clients.jedis.exceptions.JedisConnectionException: java.net.ConnectException: Connection refused (Connection refused)
Caused by: java.net.ConnectException: Connection refused (Connection refused)
</error>
  </testcase>
  <testcase name="testDescendingIterator[6]" classname="org.springframework.data.redis.support.collections.RedisListTests" time="0.002">
    <error message="Cannot get Jedis connection; nested exception is redis.clients.jedis.exceptions.JedisConnectionException: Could not get a resource from the pool" type="org.springframework.data.redis.RedisConnectionFailureException">org.springframework.data.redis.RedisConnectionFailureException: Cannot get Jedis connection; nested exception is redis.clients.jedis.exceptions.JedisConnectionException: Could not get a resource from the pool
Caused by: redis.clients.jedis.exceptions.JedisConnectionException: Could not get a resource from the pool
Caused by: redis.clients.jedis.exceptions.JedisConnectionException: java.net.ConnectException: Connection refused (Connection refused)
Caused by: java.net.ConnectException: Connection refused (Connection refused)
</error>
  </testcase>
  <testcase name="testAddFirst[6]" classname="org.springframework.data.redis.support.collections.RedisListTests" time="0.001">
    <error message="Cannot get Jedis connection; nested exception is redis.clients.jedis.exceptions.JedisConnectionException: Could not get a resource from the pool" type="org.springframework.data.redis.RedisConnectionFailureException">org.springframework.data.redis.RedisConnectionFailureException: Cannot get Jedis connection; nested exception is redis.clients.jedis.exceptions.JedisConnectionException: Could not get a resource from the pool
Caused by: redis.clients.jedis.exceptions.JedisConnectionException: Could not get a resource from the pool
Caused by: redis.clients.jedis.exceptions.JedisConnectionException: java.net.ConnectException: Connection refused (Connection refused)
Caused by: java.net.ConnectException: Connection refused (Connection refused)
</error>
  </testcase>
  <testcase name="testAddFirst[6]" classname="org.springframework.data.redis.support.collections.RedisListTests" time="0.001">
    <error message="Cannot get Jedis connection; nested exception is redis.clients.jedis.exceptions.JedisConnectionException: Could not get a resource from the pool" type="org.springframework.data.redis.RedisConnectionFailureException">org.springframework.data.redis.RedisConnectionFailureException: Cannot get Jedis connection; nested exception is redis.clients.jedis.exceptions.JedisConnectionException: Could not get a resource from the pool
Caused by: redis.clients.jedis.exceptions.JedisConnectionException: Could not get a resource from the pool
Caused by: redis.clients.jedis.exceptions.JedisConnectionException: java.net.ConnectException: Connection refused (Connection refused)
Caused by: java.net.ConnectException: Connection refused (Connection refused)
</error>
  </testcase>
  <testcase name="testDrainToCollectionWithMaxElements[6]" classname="org.springframework.data.redis.support.collections.RedisListTests" time="0.001">
    <error message="Cannot get Jedis connection; nested exception is redis.clients.jedis.exceptions.JedisConnectionException: Could not get a resource from the pool" type="org.springframework.data.redis.RedisConnectionFailureException">org.springframework.data.redis.RedisConnectionFailureException: Cannot get Jedis connection; nested exception is redis.clients.jedis.exceptions.JedisConnectionException: Could not get a resource from the pool
Caused by: redis.clients.jedis.exceptions.JedisConnectionException: Could not get a resource from the pool
Caused by: redis.clients.jedis.exceptions.JedisConnectionException: java.net.ConnectException: Connection refused (Connection refused)
Caused by: java.net.ConnectException: Connection refused (Connection refused)
</error>
  </testcase>
  <testcase name="testDrainToCollectionWithMaxElements[6]" classname="org.springframework.data.redis.support.collections.RedisListTests" time="0.001">
    <error message="Cannot get Jedis connection; nested exception is redis.clients.jedis.exceptions.JedisConnectionException: Could not get a resource from the pool" type="org.springframework.data.redis.RedisConnectionFailureException">org.springframework.data.redis.RedisConnectionFailureException: Cannot get Jedis connection; nested exception is redis.clients.jedis.exceptions.JedisConnectionException: Could not get a resource from the pool
Caused by: redis.clients.jedis.exceptions.JedisConnectionException: Could not get a resource from the pool
Caused by: redis.clients.jedis.exceptions.JedisConnectionException: java.net.ConnectException: Connection refused (Connection refused)
Caused by: java.net.ConnectException: Connection refused (Connection refused)
</error>
  </testcase>
  <testcase name="testTakeLast[6]" classname="org.springframework.data.redis.support.collections.RedisListTests" time="0.001">
    <error message="Cannot get Jedis connection; nested exception is redis.clients.jedis.exceptions.JedisConnectionException: Could not get a resource from the pool" type="org.springframework.data.redis.RedisConnectionFailureException">org.springframework.data.redis.RedisConnectionFailureException: Cannot get Jedis connection; nested exception is redis.clients.jedis.exceptions.JedisConnectionException: Could not get a resource from the pool
Caused by: redis.clients.jedis.exceptions.JedisConnectionException: Could not get a resource from the pool
Caused by: redis.clients.jedis.exceptions.JedisConnectionException: java.net.ConnectException: Connection refused (Connection refused)
Caused by: java.net.ConnectException: Connection refused (Connection refused)
</error>
  </testcase>
  <testcase name="testTakeLast[6]" classname="org.springframework.data.redis.support.collections.RedisListTests" time="0.001">
    <error message="Cannot get Jedis connection; nested exception is redis.clients.jedis.exceptions.JedisConnectionException: Could not get a resource from the pool" type="org.springframework.data.redis.RedisConnectionFailureException">org.springframework.data.redis.RedisConnectionFailureException: Cannot get Jedis connection; nested exception is redis.clients.jedis.exceptions.JedisConnectionException: Could not get a resource from the pool
Caused by: redis.clients.jedis.exceptions.JedisConnectionException: Could not get a resource from the pool
Caused by: redis.clients.jedis.exceptions.JedisConnectionException: java.net.ConnectException: Connection refused (Connection refused)
Caused by: java.net.ConnectException: Connection refused (Connection refused)
</error>
  </testcase>
  <testcase name="testRemainingCapacity[6]" classname="org.springframework.data.redis.support.collections.RedisListTests" time="0">
    <error message="Cannot get Jedis connection; nested exception is redis.clients.jedis.exceptions.JedisConnectionException: Could not get a resource from the pool" type="org.springframework.data.redis.RedisConnectionFailureException">org.springframework.data.redis.RedisConnectionFailureException: Cannot get Jedis connection; nested exception is redis.clients.jedis.exceptions.JedisConnectionException: Could not get a resource from the pool
Caused by: redis.clients.jedis.exceptions.JedisConnectionException: Could not get a resource from the pool
Caused by: redis.clients.jedis.exceptions.JedisConnectionException: java.net.ConnectException: Connection refused (Connection refused)
Caused by: java.net.ConnectException: Connection refused (Connection refused)
</error>
  </testcase>
  <testcase name="testRemoveLast[6]" classname="org.springframework.data.redis.support.collections.RedisListTests" time="0.001">
    <error message="Cannot get Jedis connection; nested exception is redis.clients.jedis.exceptions.JedisConnectionException: Could not get a resource from the pool" type="org.springframework.data.redis.RedisConnectionFailureException">org.springframework.data.redis.RedisConnectionFailureException: Cannot get Jedis connection; nested exception is redis.clients.jedis.exceptions.JedisConnectionException: Could not get a resource from the pool
Caused by: redis.clients.jedis.exceptions.JedisConnectionException: Could not get a resource from the pool
Caused by: redis.clients.jedis.exceptions.JedisConnectionException: java.net.ConnectException: Connection refused (Connection refused)
Caused by: java.net.ConnectException: Connection refused (Connection refused)
</error>
  </testcase>
  <testcase name="testRemoveLast[6]" classname="org.springframework.data.redis.support.collections.RedisListTests" time="0.001">
    <error message="Cannot get Jedis connection; nested exception is redis.clients.jedis.exceptions.JedisConnectionException: Could not get a resource from the pool" type="org.springframework.data.redis.RedisConnectionFailureException">org.springframework.data.redis.RedisConnectionFailureException: Cannot get Jedis connection; nested exception is redis.clients.jedis.exceptions.JedisConnectionException: Could not get a resource from the pool
Caused by: redis.clients.jedis.exceptions.JedisConnectionException: Could not get a resource from the pool
Caused by: redis.clients.jedis.exceptions.JedisConnectionException: java.net.ConnectException: Connection refused (Connection refused)
Caused by: java.net.ConnectException: Connection refused (Connection refused)
</error>
  </testcase>
  <testcase name="testAddIndexObjectHead[6]" classname="org.springframework.data.redis.support.collections.RedisListTests" time="0.001">
    <error message="Cannot get Jedis connection; nested exception is redis.clients.jedis.exceptions.JedisConnectionException: Could not get a resource from the pool" type="org.springframework.data.redis.RedisConnectionFailureException">org.springframework.data.redis.RedisConnectionFailureException: Cannot get Jedis connection; nested exception is redis.clients.jedis.exceptions.JedisConnectionException: Could not get a resource from the pool
Caused by: redis.clients.jedis.exceptions.JedisConnectionException: Could not get a resource from the pool
Caused by: redis.clients.jedis.exceptions.JedisConnectionException: java.net.ConnectException: Connection refused (Connection refused)
Caused by: java.net.ConnectException: Connection refused (Connection refused)
</error>
  </testcase>
  <testcase name="testAddIndexObjectHead[6]" classname="org.springframework.data.redis.support.collections.RedisListTests" time="0.001">
    <error message="Cannot get Jedis connection; nested exception is redis.clients.jedis.exceptions.JedisConnectionException: Could not get a resource from the pool" type="org.springframework.data.redis.RedisConnectionFailureException">org.springframework.data.redis.RedisConnectionFailureException: Cannot get Jedis connection; nested exception is redis.clients.jedis.exceptions.JedisConnectionException: Could not get a resource from the pool
Caused by: redis.clients.jedis.exceptions.JedisConnectionException: Could not get a resource from the pool
Caused by: redis.clients.jedis.exceptions.JedisConnectionException: java.net.ConnectException: Connection refused (Connection refused)
Caused by: java.net.ConnectException: Connection refused (Connection refused)
</error>
  </testcase>
  <testcase name="testAddIndexObjectTail[6]" classname="org.springframework.data.redis.support.collections.RedisListTests" time="0">
    <error message="Cannot get Jedis connection; nested exception is redis.clients.jedis.exceptions.JedisConnectionException: Could not get a resource from the pool" type="org.springframework.data.redis.RedisConnectionFailureException">org.springframework.data.redis.RedisConnectionFailureException: Cannot get Jedis connection; nested exception is redis.clients.jedis.exceptions.JedisConnectionException: Could not get a resource from the pool
Caused by: redis.clients.jedis.exceptions.JedisConnectionException: Could not get a resource from the pool
Caused by: redis.clients.jedis.exceptions.JedisConnectionException: java.net.ConnectException: Connection refused (Connection refused)
Caused by: java.net.ConnectException: Connection refused (Connection refused)
</error>
  </testcase>
  <testcase name="testAddIndexObjectTail[6]" classname="org.springframework.data.redis.support.collections.RedisListTests" time="0.001">
    <error message="Cannot get Jedis connection; nested exception is redis.clients.jedis.exceptions.JedisConnectionException: Could not get a resource from the pool" type="org.springframework.data.redis.RedisConnectionFailureException">org.springframework.data.redis.RedisConnectionFailureException: Cannot get Jedis connection; nested exception is redis.clients.jedis.exceptions.JedisConnectionException: Could not get a resource from the pool
Caused by: redis.clients.jedis.exceptions.JedisConnectionException: Could not get a resource from the pool
Caused by: redis.clients.jedis.exceptions.JedisConnectionException: java.net.ConnectException: Connection refused (Connection refused)
Caused by: java.net.ConnectException: Connection refused (Connection refused)
</error>
  </testcase>
  <testcase name="testPollFirst[6]" classname="org.springframework.data.redis.support.collections.RedisListTests" time="0.001">
    <error message="Cannot get Jedis connection; nested exception is redis.clients.jedis.exceptions.JedisConnectionException: Could not get a resource from the pool" type="org.springframework.data.redis.RedisConnectionFailureException">org.springframework.data.redis.RedisConnectionFailureException: Cannot get Jedis connection; nested exception is redis.clients.jedis.exceptions.JedisConnectionException: Could not get a resource from the pool
Caused by: redis.clients.jedis.exceptions.JedisConnectionException: Could not get a resource from the pool
Caused by: redis.clients.jedis.exceptions.JedisConnectionException: java.net.ConnectException: Connection refused (Connection refused)
Caused by: java.net.ConnectException: Connection refused (Connection refused)
</error>
  </testcase>
  <testcase name="testPollFirst[6]" classname="org.springframework.data.redis.support.collections.RedisListTests" time="0.001">
    <error message="Cannot get Jedis connection; nested exception is redis.clients.jedis.exceptions.JedisConnectionException: Could not get a resource from the pool" type="org.springframework.data.redis.RedisConnectionFailureException">org.springframework.data.redis.RedisConnectionFailureException: Cannot get Jedis connection; nested exception is redis.clients.jedis.exceptions.JedisConnectionException: Could not get a resource from the pool
Caused by: redis.clients.jedis.exceptions.JedisConnectionException: Could not get a resource from the pool
Caused by: redis.clients.jedis.exceptions.JedisConnectionException: java.net.ConnectException: Connection refused (Connection refused)
Caused by: java.net.ConnectException: Connection refused (Connection refused)
</error>
  </testcase>
  <testcase name="testAddIndexObjectMiddle[6]" classname="org.springframework.data.redis.support.collections.RedisListTests" time="0.001">
    <error message="Unexpected exception, expected&lt;java.lang.IllegalArgumentException&gt; but was&lt;org.springframework.data.redis.RedisConnectionFailureException&gt;" type="java.lang.Exception"><![CDATA[java.lang.Exception: Unexpected exception, expected<java.lang.IllegalArgumentException> but was<org.springframework.data.redis.RedisConnectionFailureException>
Caused by: org.springframework.data.redis.RedisConnectionFailureException: Cannot get Jedis connection; nested exception is redis.clients.jedis.exceptions.JedisConnectionException: Could not get a resource from the pool
Caused by: redis.clients.jedis.exceptions.JedisConnectionException: Could not get a resource from the pool
Caused by: redis.clients.jedis.exceptions.JedisConnectionException: java.net.ConnectException: Connection refused (Connection refused)
Caused by: java.net.ConnectException: Connection refused (Connection refused)
]]></error>
  </testcase>
  <testcase name="testAddIndexObjectMiddle[6]" classname="org.springframework.data.redis.support.collections.RedisListTests" time="0.001">
    <error message="Cannot get Jedis connection; nested exception is redis.clients.jedis.exceptions.JedisConnectionException: Could not get a resource from the pool" type="org.springframework.data.redis.RedisConnectionFailureException">org.springframework.data.redis.RedisConnectionFailureException: Cannot get Jedis connection; nested exception is redis.clients.jedis.exceptions.JedisConnectionException: Could not get a resource from the pool
Caused by: redis.clients.jedis.exceptions.JedisConnectionException: Could not get a resource from the pool
Caused by: redis.clients.jedis.exceptions.JedisConnectionException: java.net.ConnectException: Connection refused (Connection refused)
Caused by: java.net.ConnectException: Connection refused (Connection refused)
</error>
  </testcase>
  <testcase name="testPeekLast[6]" classname="org.springframework.data.redis.support.collections.RedisListTests" time="0.001">
    <error message="Cannot get Jedis connection; nested exception is redis.clients.jedis.exceptions.JedisConnectionException: Could not get a resource from the pool" type="org.springframework.data.redis.RedisConnectionFailureException">org.springframework.data.redis.RedisConnectionFailureException: Cannot get Jedis connection; nested exception is redis.clients.jedis.exceptions.JedisConnectionException: Could not get a resource from the pool
Caused by: redis.clients.jedis.exceptions.JedisConnectionException: Could not get a resource from the pool
Caused by: redis.clients.jedis.exceptions.JedisConnectionException: java.net.ConnectException: Connection refused (Connection refused)
Caused by: java.net.ConnectException: Connection refused (Connection refused)
</error>
  </testcase>
  <testcase name="testPeekLast[6]" classname="org.springframework.data.redis.support.collections.RedisListTests" time="0.001">
    <error message="Cannot get Jedis connection; nested exception is redis.clients.jedis.exceptions.JedisConnectionException: Could not get a resource from the pool" type="org.springframework.data.redis.RedisConnectionFailureException">org.springframework.data.redis.RedisConnectionFailureException: Cannot get Jedis connection; nested exception is redis.clients.jedis.exceptions.JedisConnectionException: Could not get a resource from the pool
Caused by: redis.clients.jedis.exceptions.JedisConnectionException: Could not get a resource from the pool
Caused by: redis.clients.jedis.exceptions.JedisConnectionException: java.net.ConnectException: Connection refused (Connection refused)
Caused by: java.net.ConnectException: Connection refused (Connection refused)
</error>
  </testcase>
  <testcase name="testRemoveFirstOccurrence[6]" classname="org.springframework.data.redis.support.collections.RedisListTests" time="0.001">
    <error message="Cannot get Jedis connection; nested exception is redis.clients.jedis.exceptions.JedisConnectionException: Could not get a resource from the pool" type="org.springframework.data.redis.RedisConnectionFailureException">org.springframework.data.redis.RedisConnectionFailureException: Cannot get Jedis connection; nested exception is redis.clients.jedis.exceptions.JedisConnectionException: Could not get a resource from the pool
Caused by: redis.clients.jedis.exceptions.JedisConnectionException: Could not get a resource from the pool
Caused by: redis.clients.jedis.exceptions.JedisConnectionException: java.net.ConnectException: Connection refused (Connection refused)
Caused by: java.net.ConnectException: Connection refused (Connection refused)
</error>
  </testcase>
  <testcase name="testRemoveFirstOccurrence[6]" classname="org.springframework.data.redis.support.collections.RedisListTests" time="0.002">
    <error message="Cannot get Jedis connection; nested exception is redis.clients.jedis.exceptions.JedisConnectionException: Could not get a resource from the pool" type="org.springframework.data.redis.RedisConnectionFailureException">org.springframework.data.redis.RedisConnectionFailureException: Cannot get Jedis connection; nested exception is redis.clients.jedis.exceptions.JedisConnectionException: Could not get a resource from the pool
Caused by: redis.clients.jedis.exceptions.JedisConnectionException: Could not get a resource from the pool
Caused by: redis.clients.jedis.exceptions.JedisConnectionException: java.net.ConnectException: Connection refused (Connection refused)
Caused by: java.net.ConnectException: Connection refused (Connection refused)
</error>
  </testcase>
  <testcase name="addAllIndexCollectionHead[6]" classname="org.springframework.data.redis.support.collections.RedisListTests" time="0">
    <error message="Cannot get Jedis connection; nested exception is redis.clients.jedis.exceptions.JedisConnectionException: Could not get a resource from the pool" type="org.springframework.data.redis.RedisConnectionFailureException">org.springframework.data.redis.RedisConnectionFailureException: Cannot get Jedis connection; nested exception is redis.clients.jedis.exceptions.JedisConnectionException: Could not get a resource from the pool
Caused by: redis.clients.jedis.exceptions.JedisConnectionException: Could not get a resource from the pool
Caused by: redis.clients.jedis.exceptions.JedisConnectionException: java.net.ConnectException: Connection refused (Connection refused)
Caused by: java.net.ConnectException: Connection refused (Connection refused)
</error>
  </testcase>
  <testcase name="addAllIndexCollectionHead[6]" classname="org.springframework.data.redis.support.collections.RedisListTests" time="0.001">
    <error message="Cannot get Jedis connection; nested exception is redis.clients.jedis.exceptions.JedisConnectionException: Could not get a resource from the pool" type="org.springframework.data.redis.RedisConnectionFailureException">org.springframework.data.redis.RedisConnectionFailureException: Cannot get Jedis connection; nested exception is redis.clients.jedis.exceptions.JedisConnectionException: Could not get a resource from the pool
Caused by: redis.clients.jedis.exceptions.JedisConnectionException: Could not get a resource from the pool
Caused by: redis.clients.jedis.exceptions.JedisConnectionException: java.net.ConnectException: Connection refused (Connection refused)
Caused by: java.net.ConnectException: Connection refused (Connection refused)
</error>
  </testcase>
  <testcase name="addAllIndexCollectionTail[6]" classname="org.springframework.data.redis.support.collections.RedisListTests" time="0.001">
    <error message="Cannot get Jedis connection; nested exception is redis.clients.jedis.exceptions.JedisConnectionException: Could not get a resource from the pool" type="org.springframework.data.redis.RedisConnectionFailureException">org.springframework.data.redis.RedisConnectionFailureException: Cannot get Jedis connection; nested exception is redis.clients.jedis.exceptions.JedisConnectionException: Could not get a resource from the pool
Caused by: redis.clients.jedis.exceptions.JedisConnectionException: Could not get a resource from the pool
Caused by: redis.clients.jedis.exceptions.JedisConnectionException: java.net.ConnectException: Connection refused (Connection refused)
Caused by: java.net.ConnectException: Connection refused (Connection refused)
</error>
  </testcase>
  <testcase name="addAllIndexCollectionTail[6]" classname="org.springframework.data.redis.support.collections.RedisListTests" time="0.001">
    <error message="Cannot get Jedis connection; nested exception is redis.clients.jedis.exceptions.JedisConnectionException: Could not get a resource from the pool" type="org.springframework.data.redis.RedisConnectionFailureException">org.springframework.data.redis.RedisConnectionFailureException: Cannot get Jedis connection; nested exception is redis.clients.jedis.exceptions.JedisConnectionException: Could not get a resource from the pool
Caused by: redis.clients.jedis.exceptions.JedisConnectionException: Could not get a resource from the pool
Caused by: redis.clients.jedis.exceptions.JedisConnectionException: java.net.ConnectException: Connection refused (Connection refused)
Caused by: java.net.ConnectException: Connection refused (Connection refused)
</error>
  </testcase>
  <testcase name="addAllIndexCollectionMiddle[6]" classname="org.springframework.data.redis.support.collections.RedisListTests" time="0.001">
    <error message="Unexpected exception, expected&lt;java.lang.IllegalArgumentException&gt; but was&lt;org.springframework.data.redis.RedisConnectionFailureException&gt;" type="java.lang.Exception"><![CDATA[java.lang.Exception: Unexpected exception, expected<java.lang.IllegalArgumentException> but was<org.springframework.data.redis.RedisConnectionFailureException>
Caused by: org.springframework.data.redis.RedisConnectionFailureException: Cannot get Jedis connection; nested exception is redis.clients.jedis.exceptions.JedisConnectionException: Could not get a resource from the pool
Caused by: redis.clients.jedis.exceptions.JedisConnectionException: Could not get a resource from the pool
Caused by: redis.clients.jedis.exceptions.JedisConnectionException: java.net.ConnectException: Connection refused (Connection refused)
Caused by: java.net.ConnectException: Connection refused (Connection refused)
]]></error>
  </testcase>
  <testcase name="addAllIndexCollectionMiddle[6]" classname="org.springframework.data.redis.support.collections.RedisListTests" time="0.001">
    <error message="Cannot get Jedis connection; nested exception is redis.clients.jedis.exceptions.JedisConnectionException: Could not get a resource from the pool" type="org.springframework.data.redis.RedisConnectionFailureException">org.springframework.data.redis.RedisConnectionFailureException: Cannot get Jedis connection; nested exception is redis.clients.jedis.exceptions.JedisConnectionException: Could not get a resource from the pool
Caused by: redis.clients.jedis.exceptions.JedisConnectionException: Could not get a resource from the pool
Caused by: redis.clients.jedis.exceptions.JedisConnectionException: java.net.ConnectException: Connection refused (Connection refused)
Caused by: java.net.ConnectException: Connection refused (Connection refused)
</error>
  </testcase>
  <testcase name="testPollLast[6]" classname="org.springframework.data.redis.support.collections.RedisListTests" time="0.001">
    <error message="Cannot get Jedis connection; nested exception is redis.clients.jedis.exceptions.JedisConnectionException: Could not get a resource from the pool" type="org.springframework.data.redis.RedisConnectionFailureException">org.springframework.data.redis.RedisConnectionFailureException: Cannot get Jedis connection; nested exception is redis.clients.jedis.exceptions.JedisConnectionException: Could not get a resource from the pool
Caused by: redis.clients.jedis.exceptions.JedisConnectionException: Could not get a resource from the pool
Caused by: redis.clients.jedis.exceptions.JedisConnectionException: java.net.ConnectException: Connection refused (Connection refused)
Caused by: java.net.ConnectException: Connection refused (Connection refused)
</error>
  </testcase>
  <testcase name="testPollLast[6]" classname="org.springframework.data.redis.support.collections.RedisListTests" time="0.001">
    <error message="Cannot get Jedis connection; nested exception is redis.clients.jedis.exceptions.JedisConnectionException: Could not get a resource from the pool" type="org.springframework.data.redis.RedisConnectionFailureException">org.springframework.data.redis.RedisConnectionFailureException: Cannot get Jedis connection; nested exception is redis.clients.jedis.exceptions.JedisConnectionException: Could not get a resource from the pool
Caused by: redis.clients.jedis.exceptions.JedisConnectionException: Could not get a resource from the pool
Caused by: redis.clients.jedis.exceptions.JedisConnectionException: java.net.ConnectException: Connection refused (Connection refused)
Caused by: java.net.ConnectException: Connection refused (Connection refused)
</error>
  </testcase>
  <testcase name="testIndexOfObject[6]" classname="org.springframework.data.redis.support.collections.RedisListTests" time="0">
    <error message="Cannot get Jedis connection; nested exception is redis.clients.jedis.exceptions.JedisConnectionException: Could not get a resource from the pool" type="org.springframework.data.redis.RedisConnectionFailureException">org.springframework.data.redis.RedisConnectionFailureException: Cannot get Jedis connection; nested exception is redis.clients.jedis.exceptions.JedisConnectionException: Could not get a resource from the pool
Caused by: redis.clients.jedis.exceptions.JedisConnectionException: Could not get a resource from the pool
Caused by: redis.clients.jedis.exceptions.JedisConnectionException: java.net.ConnectException: Connection refused (Connection refused)
Caused by: java.net.ConnectException: Connection refused (Connection refused)
</error>
  </testcase>
  <testcase name="testPollTimeout[6]" classname="org.springframework.data.redis.support.collections.RedisListTests" time="0.001">
    <error message="Cannot get Jedis connection; nested exception is redis.clients.jedis.exceptions.JedisConnectionException: Could not get a resource from the pool" type="org.springframework.data.redis.RedisConnectionFailureException">org.springframework.data.redis.RedisConnectionFailureException: Cannot get Jedis connection; nested exception is redis.clients.jedis.exceptions.JedisConnectionException: Could not get a resource from the pool
Caused by: redis.clients.jedis.exceptions.JedisConnectionException: Could not get a resource from the pool
Caused by: redis.clients.jedis.exceptions.JedisConnectionException: java.net.ConnectException: Connection refused (Connection refused)
Caused by: java.net.ConnectException: Connection refused (Connection refused)
</error>
  </testcase>
  <testcase name="testPollTimeout[6]" classname="org.springframework.data.redis.support.collections.RedisListTests" time="0.001">
    <error message="Cannot get Jedis connection; nested exception is redis.clients.jedis.exceptions.JedisConnectionException: Could not get a resource from the pool" type="org.springframework.data.redis.RedisConnectionFailureException">org.springframework.data.redis.RedisConnectionFailureException: Cannot get Jedis connection; nested exception is redis.clients.jedis.exceptions.JedisConnectionException: Could not get a resource from the pool
Caused by: redis.clients.jedis.exceptions.JedisConnectionException: Could not get a resource from the pool
Caused by: redis.clients.jedis.exceptions.JedisConnectionException: java.net.ConnectException: Connection refused (Connection refused)
Caused by: java.net.ConnectException: Connection refused (Connection refused)
</error>
  </testcase>
  <testcase name="testRemove[6]" classname="org.springframework.data.redis.support.collections.RedisListTests" time="0">
    <error message="Cannot get Jedis connection; nested exception is redis.clients.jedis.exceptions.JedisConnectionException: Could not get a resource from the pool" type="org.springframework.data.redis.RedisConnectionFailureException">org.springframework.data.redis.RedisConnectionFailureException: Cannot get Jedis connection; nested exception is redis.clients.jedis.exceptions.JedisConnectionException: Could not get a resource from the pool
Caused by: redis.clients.jedis.exceptions.JedisConnectionException: Could not get a resource from the pool
Caused by: redis.clients.jedis.exceptions.JedisConnectionException: java.net.ConnectException: Connection refused (Connection refused)
Caused by: java.net.ConnectException: Connection refused (Connection refused)
</error>
  </testcase>
  <testcase name="testRemove[6]" classname="org.springframework.data.redis.support.collections.RedisListTests" time="0.001">
    <error message="Cannot get Jedis connection; nested exception is redis.clients.jedis.exceptions.JedisConnectionException: Could not get a resource from the pool" type="org.springframework.data.redis.RedisConnectionFailureException">org.springframework.data.redis.RedisConnectionFailureException: Cannot get Jedis connection; nested exception is redis.clients.jedis.exceptions.JedisConnectionException: Could not get a resource from the pool
Caused by: redis.clients.jedis.exceptions.JedisConnectionException: Could not get a resource from the pool
Caused by: redis.clients.jedis.exceptions.JedisConnectionException: java.net.ConnectException: Connection refused (Connection refused)
Caused by: java.net.ConnectException: Connection refused (Connection refused)
</error>
  </testcase>
  <testcase name="testCappedCollection[6]" classname="org.springframework.data.redis.support.collections.RedisListTests" time="0.001">
    <error message="Cannot get Jedis connection; nested exception is redis.clients.jedis.exceptions.JedisConnectionException: Could not get a resource from the pool" type="org.springframework.data.redis.RedisConnectionFailureException">org.springframework.data.redis.RedisConnectionFailureException: Cannot get Jedis connection; nested exception is redis.clients.jedis.exceptions.JedisConnectionException: Could not get a resource from the pool
Caused by: redis.clients.jedis.exceptions.JedisConnectionException: Could not get a resource from the pool
Caused by: redis.clients.jedis.exceptions.JedisConnectionException: java.net.ConnectException: Connection refused (Connection refused)
Caused by: java.net.ConnectException: Connection refused (Connection refused)
</error>
  </testcase>
  <testcase name="testCappedCollection[6]" classname="org.springframework.data.redis.support.collections.RedisListTests" time="0.001">
    <error message="Cannot get Jedis connection; nested exception is redis.clients.jedis.exceptions.JedisConnectionException: Could not get a resource from the pool" type="org.springframework.data.redis.RedisConnectionFailureException">org.springframework.data.redis.RedisConnectionFailureException: Cannot get Jedis connection; nested exception is redis.clients.jedis.exceptions.JedisConnectionException: Could not get a resource from the pool
Caused by: redis.clients.jedis.exceptions.JedisConnectionException: Could not get a resource from the pool
Caused by: redis.clients.jedis.exceptions.JedisConnectionException: java.net.ConnectException: Connection refused (Connection refused)
Caused by: java.net.ConnectException: Connection refused (Connection refused)
</error>
  </testcase>
  <testcase name="testRmoveLastOccurrence[6]" classname="org.springframework.data.redis.support.collections.RedisListTests" time="0.001">
    <error message="Cannot get Jedis connection; nested exception is redis.clients.jedis.exceptions.JedisConnectionException: Could not get a resource from the pool" type="org.springframework.data.redis.RedisConnectionFailureException">org.springframework.data.redis.RedisConnectionFailureException: Cannot get Jedis connection; nested exception is redis.clients.jedis.exceptions.JedisConnectionException: Could not get a resource from the pool
Caused by: redis.clients.jedis.exceptions.JedisConnectionException: Could not get a resource from the pool
Caused by: redis.clients.jedis.exceptions.JedisConnectionException: java.net.ConnectException: Connection refused (Connection refused)
Caused by: java.net.ConnectException: Connection refused (Connection refused)
</error>
  </testcase>
  <testcase name="testRmoveLastOccurrence[6]" classname="org.springframework.data.redis.support.collections.RedisListTests" time="0.001">
    <error message="Cannot get Jedis connection; nested exception is redis.clients.jedis.exceptions.JedisConnectionException: Could not get a resource from the pool" type="org.springframework.data.redis.RedisConnectionFailureException">org.springframework.data.redis.RedisConnectionFailureException: Cannot get Jedis connection; nested exception is redis.clients.jedis.exceptions.JedisConnectionException: Could not get a resource from the pool
Caused by: redis.clients.jedis.exceptions.JedisConnectionException: Could not get a resource from the pool
Caused by: redis.clients.jedis.exceptions.JedisConnectionException: java.net.ConnectException: Connection refused (Connection refused)
Caused by: java.net.ConnectException: Connection refused (Connection refused)
</error>
  </testcase>
  <testcase name="testTakeFirst[6]" classname="org.springframework.data.redis.support.collections.RedisListTests" time="0.001">
    <error message="Cannot get Jedis connection; nested exception is redis.clients.jedis.exceptions.JedisConnectionException: Could not get a resource from the pool" type="org.springframework.data.redis.RedisConnectionFailureException">org.springframework.data.redis.RedisConnectionFailureException: Cannot get Jedis connection; nested exception is redis.clients.jedis.exceptions.JedisConnectionException: Could not get a resource from the pool
Caused by: redis.clients.jedis.exceptions.JedisConnectionException: Could not get a resource from the pool
Caused by: redis.clients.jedis.exceptions.JedisConnectionException: java.net.ConnectException: Connection refused (Connection refused)
Caused by: java.net.ConnectException: Connection refused (Connection refused)
</error>
  </testcase>
  <testcase name="testTakeFirst[6]" classname="org.springframework.data.redis.support.collections.RedisListTests" time="0.001">
    <error message="Cannot get Jedis connection; nested exception is redis.clients.jedis.exceptions.JedisConnectionException: Could not get a resource from the pool" type="org.springframework.data.redis.RedisConnectionFailureException">org.springframework.data.redis.RedisConnectionFailureException: Cannot get Jedis connection; nested exception is redis.clients.jedis.exceptions.JedisConnectionException: Could not get a resource from the pool
Caused by: redis.clients.jedis.exceptions.JedisConnectionException: Could not get a resource from the pool
Caused by: redis.clients.jedis.exceptions.JedisConnectionException: java.net.ConnectException: Connection refused (Connection refused)
Caused by: java.net.ConnectException: Connection refused (Connection refused)
</error>
  </testcase>
  <testcase name="testContainsObject[6]" classname="org.springframework.data.redis.support.collections.RedisListTests" time="0.001">
    <error message="Cannot get Jedis connection; nested exception is redis.clients.jedis.exceptions.JedisConnectionException: Could not get a resource from the pool" type="org.springframework.data.redis.RedisConnectionFailureException">org.springframework.data.redis.RedisConnectionFailureException: Cannot get Jedis connection; nested exception is redis.clients.jedis.exceptions.JedisConnectionException: Could not get a resource from the pool
Caused by: redis.clients.jedis.exceptions.JedisConnectionException: Could not get a resource from the pool
Caused by: redis.clients.jedis.exceptions.JedisConnectionException: java.net.ConnectException: Connection refused (Connection refused)
Caused by: java.net.ConnectException: Connection refused (Connection refused)
</error>
  </testcase>
  <testcase name="testContainsObject[6]" classname="org.springframework.data.redis.support.collections.RedisListTests" time="0.001">
    <error message="Cannot get Jedis connection; nested exception is redis.clients.jedis.exceptions.JedisConnectionException: Could not get a resource from the pool" type="org.springframework.data.redis.RedisConnectionFailureException">org.springframework.data.redis.RedisConnectionFailureException: Cannot get Jedis connection; nested exception is redis.clients.jedis.exceptions.JedisConnectionException: Could not get a resource from the pool
Caused by: redis.clients.jedis.exceptions.JedisConnectionException: Could not get a resource from the pool
Caused by: redis.clients.jedis.exceptions.JedisConnectionException: java.net.ConnectException: Connection refused (Connection refused)
Caused by: java.net.ConnectException: Connection refused (Connection refused)
</error>
  </testcase>
  <testcase name="testToArray[6]" classname="org.springframework.data.redis.support.collections.RedisListTests" time="0">
    <error message="Cannot get Jedis connection; nested exception is redis.clients.jedis.exceptions.JedisConnectionException: Could not get a resource from the pool" type="org.springframework.data.redis.RedisConnectionFailureException">org.springframework.data.redis.RedisConnectionFailureException: Cannot get Jedis connection; nested exception is redis.clients.jedis.exceptions.JedisConnectionException: Could not get a resource from the pool
Caused by: redis.clients.jedis.exceptions.JedisConnectionException: Could not get a resource from the pool
Caused by: redis.clients.jedis.exceptions.JedisConnectionException: java.net.ConnectException: Connection refused (Connection refused)
Caused by: java.net.ConnectException: Connection refused (Connection refused)
</error>
  </testcase>
  <testcase name="testToArray[6]" classname="org.springframework.data.redis.support.collections.RedisListTests" time="0.001">
    <error message="Cannot get Jedis connection; nested exception is redis.clients.jedis.exceptions.JedisConnectionException: Could not get a resource from the pool" type="org.springframework.data.redis.RedisConnectionFailureException">org.springframework.data.redis.RedisConnectionFailureException: Cannot get Jedis connection; nested exception is redis.clients.jedis.exceptions.JedisConnectionException: Could not get a resource from the pool
Caused by: redis.clients.jedis.exceptions.JedisConnectionException: Could not get a resource from the pool
Caused by: redis.clients.jedis.exceptions.JedisConnectionException: java.net.ConnectException: Connection refused (Connection refused)
Caused by: java.net.ConnectException: Connection refused (Connection refused)
</error>
  </testcase>
  <testcase name="testAdd[6]" classname="org.springframework.data.redis.support.collections.RedisListTests" time="0.001">
    <error message="Cannot get Jedis connection; nested exception is redis.clients.jedis.exceptions.JedisConnectionException: Could not get a resource from the pool" type="org.springframework.data.redis.RedisConnectionFailureException">org.springframework.data.redis.RedisConnectionFailureException: Cannot get Jedis connection; nested exception is redis.clients.jedis.exceptions.JedisConnectionException: Could not get a resource from the pool
Caused by: redis.clients.jedis.exceptions.JedisConnectionException: Could not get a resource from the pool
Caused by: redis.clients.jedis.exceptions.JedisConnectionException: java.net.ConnectException: Connection refused (Connection refused)
Caused by: java.net.ConnectException: Connection refused (Connection refused)
</error>
  </testcase>
  <testcase name="testAdd[6]" classname="org.springframework.data.redis.support.collections.RedisListTests" time="0.001">
    <error message="Cannot get Jedis connection; nested exception is redis.clients.jedis.exceptions.JedisConnectionException: Could not get a resource from the pool" type="org.springframework.data.redis.RedisConnectionFailureException">org.springframework.data.redis.RedisConnectionFailureException: Cannot get Jedis connection; nested exception is redis.clients.jedis.exceptions.JedisConnectionException: Could not get a resource from the pool
Caused by: redis.clients.jedis.exceptions.JedisConnectionException: Could not get a resource from the pool
Caused by: redis.clients.jedis.exceptions.JedisConnectionException: java.net.ConnectException: Connection refused (Connection refused)
Caused by: java.net.ConnectException: Connection refused (Connection refused)
</error>
  </testcase>
  <testcase name="testClear[6]" classname="org.springframework.data.redis.support.collections.RedisListTests" time="0.001">
    <error message="Cannot get Jedis connection; nested exception is redis.clients.jedis.exceptions.JedisConnectionException: Could not get a resource from the pool" type="org.springframework.data.redis.RedisConnectionFailureException">org.springframework.data.redis.RedisConnectionFailureException: Cannot get Jedis connection; nested exception is redis.clients.jedis.exceptions.JedisConnectionException: Could not get a resource from the pool
Caused by: redis.clients.jedis.exceptions.JedisConnectionException: Could not get a resource from the pool
Caused by: redis.clients.jedis.exceptions.JedisConnectionException: java.net.ConnectException: Connection refused (Connection refused)
Caused by: java.net.ConnectException: Connection refused (Connection refused)
</error>
  </testcase>
  <testcase name="testClear[6]" classname="org.springframework.data.redis.support.collections.RedisListTests" time="0.001">
    <error message="Cannot get Jedis connection; nested exception is redis.clients.jedis.exceptions.JedisConnectionException: Could not get a resource from the pool" type="org.springframework.data.redis.RedisConnectionFailureException">org.springframework.data.redis.RedisConnectionFailureException: Cannot get Jedis connection; nested exception is redis.clients.jedis.exceptions.JedisConnectionException: Could not get a resource from the pool
Caused by: redis.clients.jedis.exceptions.JedisConnectionException: Could not get a resource from the pool
Caused by: redis.clients.jedis.exceptions.JedisConnectionException: java.net.ConnectException: Connection refused (Connection refused)
Caused by: java.net.ConnectException: Connection refused (Connection refused)
</error>
  </testcase>
  <testcase name="testSize[6]" classname="org.springframework.data.redis.support.collections.RedisListTests" time="0.001">
    <error message="Cannot get Jedis connection; nested exception is redis.clients.jedis.exceptions.JedisConnectionException: Could not get a resource from the pool" type="org.springframework.data.redis.RedisConnectionFailureException">org.springframework.data.redis.RedisConnectionFailureException: Cannot get Jedis connection; nested exception is redis.clients.jedis.exceptions.JedisConnectionException: Could not get a resource from the pool
Caused by: redis.clients.jedis.exceptions.JedisConnectionException: Could not get a resource from the pool
Caused by: redis.clients.jedis.exceptions.JedisConnectionException: java.net.ConnectException: Connection refused (Connection refused)
Caused by: java.net.ConnectException: Connection refused (Connection refused)
</error>
  </testcase>
  <testcase name="testSize[6]" classname="org.springframework.data.redis.support.collections.RedisListTests" time="0.001">
    <error message="Cannot get Jedis connection; nested exception is redis.clients.jedis.exceptions.JedisConnectionException: Could not get a resource from the pool" type="org.springframework.data.redis.RedisConnectionFailureException">org.springframework.data.redis.RedisConnectionFailureException: Cannot get Jedis connection; nested exception is redis.clients.jedis.exceptions.JedisConnectionException: Could not get a resource from the pool
Caused by: redis.clients.jedis.exceptions.JedisConnectionException: Could not get a resource from the pool
Caused by: redis.clients.jedis.exceptions.JedisConnectionException: java.net.ConnectException: Connection refused (Connection refused)
Caused by: java.net.ConnectException: Connection refused (Connection refused)
</error>
  </testcase>
  <testcase name="testToString[6]" classname="org.springframework.data.redis.support.collections.RedisListTests" time="0.001">
    <error message="Cannot get Jedis connection; nested exception is redis.clients.jedis.exceptions.JedisConnectionException: Could not get a resource from the pool" type="org.springframework.data.redis.RedisConnectionFailureException">org.springframework.data.redis.RedisConnectionFailureException: Cannot get Jedis connection; nested exception is redis.clients.jedis.exceptions.JedisConnectionException: Could not get a resource from the pool
Caused by: redis.clients.jedis.exceptions.JedisConnectionException: Could not get a resource from the pool
Caused by: redis.clients.jedis.exceptions.JedisConnectionException: java.net.ConnectException: Connection refused (Connection refused)
Caused by: java.net.ConnectException: Connection refused (Connection refused)
</error>
  </testcase>
  <testcase name="testToString[6]" classname="org.springframework.data.redis.support.collections.RedisListTests" time="0.001">
    <error message="Cannot get Jedis connection; nested exception is redis.clients.jedis.exceptions.JedisConnectionException: Could not get a resource from the pool" type="org.springframework.data.redis.RedisConnectionFailureException">org.springframework.data.redis.RedisConnectionFailureException: Cannot get Jedis connection; nested exception is redis.clients.jedis.exceptions.JedisConnectionException: Could not get a resource from the pool
Caused by: redis.clients.jedis.exceptions.JedisConnectionException: Could not get a resource from the pool
Caused by: redis.clients.jedis.exceptions.JedisConnectionException: java.net.ConnectException: Connection refused (Connection refused)
Caused by: java.net.ConnectException: Connection refused (Connection refused)
</error>
  </testcase>
  <testcase name="testContainsAll[6]" classname="org.springframework.data.redis.support.collections.RedisListTests" time="0">
    <error message="Cannot get Jedis connection; nested exception is redis.clients.jedis.exceptions.JedisConnectionException: Could not get a resource from the pool" type="org.springframework.data.redis.RedisConnectionFailureException">org.springframework.data.redis.RedisConnectionFailureException: Cannot get Jedis connection; nested exception is redis.clients.jedis.exceptions.JedisConnectionException: Could not get a resource from the pool
Caused by: redis.clients.jedis.exceptions.JedisConnectionException: Could not get a resource from the pool
Caused by: redis.clients.jedis.exceptions.JedisConnectionException: java.net.ConnectException: Connection refused (Connection refused)
Caused by: java.net.ConnectException: Connection refused (Connection refused)
</error>
  </testcase>
  <testcase name="testContainsAll[6]" classname="org.springframework.data.redis.support.collections.RedisListTests" time="0.001">
    <error message="Cannot get Jedis connection; nested exception is redis.clients.jedis.exceptions.JedisConnectionException: Could not get a resource from the pool" type="org.springframework.data.redis.RedisConnectionFailureException">org.springframework.data.redis.RedisConnectionFailureException: Cannot get Jedis connection; nested exception is redis.clients.jedis.exceptions.JedisConnectionException: Could not get a resource from the pool
Caused by: redis.clients.jedis.exceptions.JedisConnectionException: Could not get a resource from the pool
Caused by: redis.clients.jedis.exceptions.JedisConnectionException: java.net.ConnectException: Connection refused (Connection refused)
Caused by: java.net.ConnectException: Connection refused (Connection refused)
</error>
  </testcase>
  <testcase name="testRemoveObject[6]" classname="org.springframework.data.redis.support.collections.RedisListTests" time="0.001">
    <error message="Cannot get Jedis connection; nested exception is redis.clients.jedis.exceptions.JedisConnectionException: Could not get a resource from the pool" type="org.springframework.data.redis.RedisConnectionFailureException">org.springframework.data.redis.RedisConnectionFailureException: Cannot get Jedis connection; nested exception is redis.clients.jedis.exceptions.JedisConnectionException: Could not get a resource from the pool
Caused by: redis.clients.jedis.exceptions.JedisConnectionException: Could not get a resource from the pool
Caused by: redis.clients.jedis.exceptions.JedisConnectionException: java.net.ConnectException: Connection refused (Connection refused)
Caused by: java.net.ConnectException: Connection refused (Connection refused)
</error>
  </testcase>
  <testcase name="testRemoveObject[6]" classname="org.springframework.data.redis.support.collections.RedisListTests" time="0.001">
    <error message="Cannot get Jedis connection; nested exception is redis.clients.jedis.exceptions.JedisConnectionException: Could not get a resource from the pool" type="org.springframework.data.redis.RedisConnectionFailureException">org.springframework.data.redis.RedisConnectionFailureException: Cannot get Jedis connection; nested exception is redis.clients.jedis.exceptions.JedisConnectionException: Could not get a resource from the pool
Caused by: redis.clients.jedis.exceptions.JedisConnectionException: Could not get a resource from the pool
Caused by: redis.clients.jedis.exceptions.JedisConnectionException: java.net.ConnectException: Connection refused (Connection refused)
Caused by: java.net.ConnectException: Connection refused (Connection refused)
</error>
  </testcase>
  <testcase name="testHashCode[6]" classname="org.springframework.data.redis.support.collections.RedisListTests" time="0.001">
    <error message="Cannot get Jedis connection; nested exception is redis.clients.jedis.exceptions.JedisConnectionException: Could not get a resource from the pool" type="org.springframework.data.redis.RedisConnectionFailureException">org.springframework.data.redis.RedisConnectionFailureException: Cannot get Jedis connection; nested exception is redis.clients.jedis.exceptions.JedisConnectionException: Could not get a resource from the pool
Caused by: redis.clients.jedis.exceptions.JedisConnectionException: Could not get a resource from the pool
Caused by: redis.clients.jedis.exceptions.JedisConnectionException: java.net.ConnectException: Connection refused (Connection refused)
Caused by: java.net.ConnectException: Connection refused (Connection refused)
</error>
  </testcase>
  <testcase name="testAddAll[6]" classname="org.springframework.data.redis.support.collections.RedisListTests" time="0.001">
    <error message="Cannot get Jedis connection; nested exception is redis.clients.jedis.exceptions.JedisConnectionException: Could not get a resource from the pool" type="org.springframework.data.redis.RedisConnectionFailureException">org.springframework.data.redis.RedisConnectionFailureException: Cannot get Jedis connection; nested exception is redis.clients.jedis.exceptions.JedisConnectionException: Could not get a resource from the pool
Caused by: redis.clients.jedis.exceptions.JedisConnectionException: Could not get a resource from the pool
Caused by: redis.clients.jedis.exceptions.JedisConnectionException: java.net.ConnectException: Connection refused (Connection refused)
Caused by: java.net.ConnectException: Connection refused (Connection refused)
</error>
  </testcase>
  <testcase name="testAddAll[6]" classname="org.springframework.data.redis.support.collections.RedisListTests" time="0.001">
    <error message="Cannot get Jedis connection; nested exception is redis.clients.jedis.exceptions.JedisConnectionException: Could not get a resource from the pool" type="org.springframework.data.redis.RedisConnectionFailureException">org.springframework.data.redis.RedisConnectionFailureException: Cannot get Jedis connection; nested exception is redis.clients.jedis.exceptions.JedisConnectionException: Could not get a resource from the pool
Caused by: redis.clients.jedis.exceptions.JedisConnectionException: Could not get a resource from the pool
Caused by: redis.clients.jedis.exceptions.JedisConnectionException: java.net.ConnectException: Connection refused (Connection refused)
Caused by: java.net.ConnectException: Connection refused (Connection refused)
</error>
  </testcase>
  <testcase name="removeAll[6]" classname="org.springframework.data.redis.support.collections.RedisListTests" time="0.001">
    <error message="Cannot get Jedis connection; nested exception is redis.clients.jedis.exceptions.JedisConnectionException: Could not get a resource from the pool" type="org.springframework.data.redis.RedisConnectionFailureException">org.springframework.data.redis.RedisConnectionFailureException: Cannot get Jedis connection; nested exception is redis.clients.jedis.exceptions.JedisConnectionException: Could not get a resource from the pool
Caused by: redis.clients.jedis.exceptions.JedisConnectionException: Could not get a resource from the pool
Caused by: redis.clients.jedis.exceptions.JedisConnectionException: java.net.ConnectException: Connection refused (Connection refused)
Caused by: java.net.ConnectException: Connection refused (Connection refused)
</error>
  </testcase>
  <testcase name="removeAll[6]" classname="org.springframework.data.redis.support.collections.RedisListTests" time="0.001">
    <error message="Cannot get Jedis connection; nested exception is redis.clients.jedis.exceptions.JedisConnectionException: Could not get a resource from the pool" type="org.springframework.data.redis.RedisConnectionFailureException">org.springframework.data.redis.RedisConnectionFailureException: Cannot get Jedis connection; nested exception is redis.clients.jedis.exceptions.JedisConnectionException: Could not get a resource from the pool
Caused by: redis.clients.jedis.exceptions.JedisConnectionException: Could not get a resource from the pool
Caused by: redis.clients.jedis.exceptions.JedisConnectionException: java.net.ConnectException: Connection refused (Connection refused)
Caused by: java.net.ConnectException: Connection refused (Connection refused)
</error>
  </testcase>
  <testcase name="testEquals[6]" classname="org.springframework.data.redis.support.collections.RedisListTests" time="0.001">
    <error message="Cannot get Jedis connection; nested exception is redis.clients.jedis.exceptions.JedisConnectionException: Could not get a resource from the pool" type="org.springframework.data.redis.RedisConnectionFailureException">org.springframework.data.redis.RedisConnectionFailureException: Cannot get Jedis connection; nested exception is redis.clients.jedis.exceptions.JedisConnectionException: Could not get a resource from the pool
Caused by: redis.clients.jedis.exceptions.JedisConnectionException: Could not get a resource from the pool
Caused by: redis.clients.jedis.exceptions.JedisConnectionException: java.net.ConnectException: Connection refused (Connection refused)
Caused by: java.net.ConnectException: Connection refused (Connection refused)
</error>
  </testcase>
  <testcase name="testGetKey[6]" classname="org.springframework.data.redis.support.collections.RedisListTests" time="0">
    <error message="Cannot get Jedis connection; nested exception is redis.clients.jedis.exceptions.JedisConnectionException: Could not get a resource from the pool" type="org.springframework.data.redis.RedisConnectionFailureException">org.springframework.data.redis.RedisConnectionFailureException: Cannot get Jedis connection; nested exception is redis.clients.jedis.exceptions.JedisConnectionException: Could not get a resource from the pool
Caused by: redis.clients.jedis.exceptions.JedisConnectionException: Could not get a resource from the pool
Caused by: redis.clients.jedis.exceptions.JedisConnectionException: java.net.ConnectException: Connection refused (Connection refused)
Caused by: java.net.ConnectException: Connection refused (Connection refused)
</error>
  </testcase>
  <testcase name="testToArrayWithGenerics[6]" classname="org.springframework.data.redis.support.collections.RedisListTests" time="0">
    <error message="Cannot get Jedis connection; nested exception is redis.clients.jedis.exceptions.JedisConnectionException: Could not get a resource from the pool" type="org.springframework.data.redis.RedisConnectionFailureException">org.springframework.data.redis.RedisConnectionFailureException: Cannot get Jedis connection; nested exception is redis.clients.jedis.exceptions.JedisConnectionException: Could not get a resource from the pool
Caused by: redis.clients.jedis.exceptions.JedisConnectionException: Could not get a resource from the pool
Caused by: redis.clients.jedis.exceptions.JedisConnectionException: java.net.ConnectException: Connection refused (Connection refused)
Caused by: java.net.ConnectException: Connection refused (Connection refused)
</error>
  </testcase>
  <testcase name="testToArrayWithGenerics[6]" classname="org.springframework.data.redis.support.collections.RedisListTests" time="0.001">
    <error message="Cannot get Jedis connection; nested exception is redis.clients.jedis.exceptions.JedisConnectionException: Could not get a resource from the pool" type="org.springframework.data.redis.RedisConnectionFailureException">org.springframework.data.redis.RedisConnectionFailureException: Cannot get Jedis connection; nested exception is redis.clients.jedis.exceptions.JedisConnectionException: Could not get a resource from the pool
Caused by: redis.clients.jedis.exceptions.JedisConnectionException: Could not get a resource from the pool
Caused by: redis.clients.jedis.exceptions.JedisConnectionException: java.net.ConnectException: Connection refused (Connection refused)
Caused by: java.net.ConnectException: Connection refused (Connection refused)
</error>
  </testcase>
  <testcase name="testIsEmpty[6]" classname="org.springframework.data.redis.support.collections.RedisListTests" time="0.001">
    <error message="Cannot get Jedis connection; nested exception is redis.clients.jedis.exceptions.JedisConnectionException: Could not get a resource from the pool" type="org.springframework.data.redis.RedisConnectionFailureException">org.springframework.data.redis.RedisConnectionFailureException: Cannot get Jedis connection; nested exception is redis.clients.jedis.exceptions.JedisConnectionException: Could not get a resource from the pool
Caused by: redis.clients.jedis.exceptions.JedisConnectionException: Could not get a resource from the pool
Caused by: redis.clients.jedis.exceptions.JedisConnectionException: java.net.ConnectException: Connection refused (Connection refused)
Caused by: java.net.ConnectException: Connection refused (Connection refused)
</error>
  </testcase>
  <testcase name="testIsEmpty[6]" classname="org.springframework.data.redis.support.collections.RedisListTests" time="0.001">
    <error message="Cannot get Jedis connection; nested exception is redis.clients.jedis.exceptions.JedisConnectionException: Could not get a resource from the pool" type="org.springframework.data.redis.RedisConnectionFailureException">org.springframework.data.redis.RedisConnectionFailureException: Cannot get Jedis connection; nested exception is redis.clients.jedis.exceptions.JedisConnectionException: Could not get a resource from the pool
Caused by: redis.clients.jedis.exceptions.JedisConnectionException: Could not get a resource from the pool
Caused by: redis.clients.jedis.exceptions.JedisConnectionException: java.net.ConnectException: Connection refused (Connection refused)
Caused by: java.net.ConnectException: Connection refused (Connection refused)
</error>
  </testcase>
  <testcase name="testIterator[6]" classname="org.springframework.data.redis.support.collections.RedisListTests" time="0.001">
    <error message="Cannot get Jedis connection; nested exception is redis.clients.jedis.exceptions.JedisConnectionException: Could not get a resource from the pool" type="org.springframework.data.redis.RedisConnectionFailureException">org.springframework.data.redis.RedisConnectionFailureException: Cannot get Jedis connection; nested exception is redis.clients.jedis.exceptions.JedisConnectionException: Could not get a resource from the pool
Caused by: redis.clients.jedis.exceptions.JedisConnectionException: Could not get a resource from the pool
Caused by: redis.clients.jedis.exceptions.JedisConnectionException: java.net.ConnectException: Connection refused (Connection refused)
Caused by: java.net.ConnectException: Connection refused (Connection refused)
</error>
  </testcase>
  <testcase name="testIterator[6]" classname="org.springframework.data.redis.support.collections.RedisListTests" time="0.001">
    <error message="Cannot get Jedis connection; nested exception is redis.clients.jedis.exceptions.JedisConnectionException: Could not get a resource from the pool" type="org.springframework.data.redis.RedisConnectionFailureException">org.springframework.data.redis.RedisConnectionFailureException: Cannot get Jedis connection; nested exception is redis.clients.jedis.exceptions.JedisConnectionException: Could not get a resource from the pool
Caused by: redis.clients.jedis.exceptions.JedisConnectionException: Could not get a resource from the pool
Caused by: redis.clients.jedis.exceptions.JedisConnectionException: java.net.ConnectException: Connection refused (Connection refused)
Caused by: java.net.ConnectException: Connection refused (Connection refused)
</error>
  </testcase>
  <testcase name="testElement[7]" classname="org.springframework.data.redis.support.collections.RedisListTests" time="0.002">
    <error message="Unable to connect to Redis; nested exception is io.lettuce.core.RedisConnectionException: Unable to connect to 127.0.0.1:6379" type="org.springframework.data.redis.RedisConnectionFailureException">org.springframework.data.redis.RedisConnectionFailureException: Unable to connect to Redis; nested exception is io.lettuce.core.RedisConnectionException: Unable to connect to 127.0.0.1:6379
Caused by: io.lettuce.core.RedisConnectionException: Unable to connect to 127.0.0.1:6379
Caused by: io.netty.channel.AbstractChannel$AnnotatedConnectException: syscall:getsockopt(..) failed: Connection refused: /127.0.0.1:6379
Caused by: io.netty.channel.unix.Errors$NativeConnectException: syscall:getsockopt(..) failed: Connection refused
</error>
  </testcase>
  <testcase name="testElement[7]" classname="org.springframework.data.redis.support.collections.RedisListTests" time="0.002">
    <error message="Unable to connect to Redis; nested exception is io.lettuce.core.RedisConnectionException: Unable to connect to 127.0.0.1:6379" type="org.springframework.data.redis.RedisConnectionFailureException">org.springframework.data.redis.RedisConnectionFailureException: Unable to connect to Redis; nested exception is io.lettuce.core.RedisConnectionException: Unable to connect to 127.0.0.1:6379
Caused by: io.lettuce.core.RedisConnectionException: Unable to connect to 127.0.0.1:6379
Caused by: io.netty.channel.AbstractChannel$AnnotatedConnectException: syscall:getsockopt(..) failed: Connection refused: /127.0.0.1:6379
Caused by: io.netty.channel.unix.Errors$NativeConnectException: syscall:getsockopt(..) failed: Connection refused
</error>
  </testcase>
  <testcase name="testPutFirst[7]" classname="org.springframework.data.redis.support.collections.RedisListTests" time="0.001">
    <error message="Unable to connect to Redis; nested exception is io.lettuce.core.RedisConnectionException: Unable to connect to 127.0.0.1:6379" type="org.springframework.data.redis.RedisConnectionFailureException">org.springframework.data.redis.RedisConnectionFailureException: Unable to connect to Redis; nested exception is io.lettuce.core.RedisConnectionException: Unable to connect to 127.0.0.1:6379
Caused by: io.lettuce.core.RedisConnectionException: Unable to connect to 127.0.0.1:6379
Caused by: io.netty.channel.AbstractChannel$AnnotatedConnectException: syscall:getsockopt(..) failed: Connection refused: /127.0.0.1:6379
Caused by: io.netty.channel.unix.Errors$NativeConnectException: syscall:getsockopt(..) failed: Connection refused
</error>
  </testcase>
  <testcase name="testPutFirst[7]" classname="org.springframework.data.redis.support.collections.RedisListTests" time="0.001">
    <error message="Unable to connect to Redis; nested exception is io.lettuce.core.RedisConnectionException: Unable to connect to 127.0.0.1:6379" type="org.springframework.data.redis.RedisConnectionFailureException">org.springframework.data.redis.RedisConnectionFailureException: Unable to connect to Redis; nested exception is io.lettuce.core.RedisConnectionException: Unable to connect to 127.0.0.1:6379
Caused by: io.lettuce.core.RedisConnectionException: Unable to connect to 127.0.0.1:6379
Caused by: io.netty.channel.AbstractChannel$AnnotatedConnectException: syscall:getsockopt(..) failed: Connection refused: /127.0.0.1:6379
Caused by: io.netty.channel.unix.Errors$NativeConnectException: syscall:getsockopt(..) failed: Connection refused
</error>
  </testcase>
  <testcase name="testPollLastTimeout[7]" classname="org.springframework.data.redis.support.collections.RedisListTests" time="0.001">
    <error message="Unable to connect to Redis; nested exception is io.lettuce.core.RedisConnectionException: Unable to connect to 127.0.0.1:6379" type="org.springframework.data.redis.RedisConnectionFailureException">org.springframework.data.redis.RedisConnectionFailureException: Unable to connect to Redis; nested exception is io.lettuce.core.RedisConnectionException: Unable to connect to 127.0.0.1:6379
Caused by: io.lettuce.core.RedisConnectionException: Unable to connect to 127.0.0.1:6379
Caused by: io.netty.channel.AbstractChannel$AnnotatedConnectException: syscall:getsockopt(..) failed: Connection refused: /127.0.0.1:6379
Caused by: io.netty.channel.unix.Errors$NativeConnectException: syscall:getsockopt(..) failed: Connection refused
</error>
  </testcase>
  <testcase name="testPollLastTimeout[7]" classname="org.springframework.data.redis.support.collections.RedisListTests" time="0.001">
    <error message="Unable to connect to Redis; nested exception is io.lettuce.core.RedisConnectionException: Unable to connect to 127.0.0.1:6379" type="org.springframework.data.redis.RedisConnectionFailureException">org.springframework.data.redis.RedisConnectionFailureException: Unable to connect to Redis; nested exception is io.lettuce.core.RedisConnectionException: Unable to connect to 127.0.0.1:6379
Caused by: io.lettuce.core.RedisConnectionException: Unable to connect to 127.0.0.1:6379
Caused by: io.netty.channel.AbstractChannel$AnnotatedConnectException: syscall:getsockopt(..) failed: Connection refused: /127.0.0.1:6379
Caused by: io.netty.channel.unix.Errors$NativeConnectException: syscall:getsockopt(..) failed: Connection refused
</error>
  </testcase>
  <testcase name="testPeekFirst[7]" classname="org.springframework.data.redis.support.collections.RedisListTests" time="0.001">
    <error message="Unable to connect to Redis; nested exception is io.lettuce.core.RedisConnectionException: Unable to connect to 127.0.0.1:6379" type="org.springframework.data.redis.RedisConnectionFailureException">org.springframework.data.redis.RedisConnectionFailureException: Unable to connect to Redis; nested exception is io.lettuce.core.RedisConnectionException: Unable to connect to 127.0.0.1:6379
Caused by: io.lettuce.core.RedisConnectionException: Unable to connect to 127.0.0.1:6379
Caused by: io.netty.channel.AbstractChannel$AnnotatedConnectException: syscall:getsockopt(..) failed: Connection refused: /127.0.0.1:6379
Caused by: io.netty.channel.unix.Errors$NativeConnectException: syscall:getsockopt(..) failed: Connection refused
</error>
  </testcase>
  <testcase name="testPeekFirst[7]" classname="org.springframework.data.redis.support.collections.RedisListTests" time="0.001">
    <error message="Unable to connect to Redis; nested exception is io.lettuce.core.RedisConnectionException: Unable to connect to 127.0.0.1:6379" type="org.springframework.data.redis.RedisConnectionFailureException">org.springframework.data.redis.RedisConnectionFailureException: Unable to connect to Redis; nested exception is io.lettuce.core.RedisConnectionException: Unable to connect to 127.0.0.1:6379
Caused by: io.lettuce.core.RedisConnectionException: Unable to connect to 127.0.0.1:6379
Caused by: io.netty.channel.AbstractChannel$AnnotatedConnectException: syscall:getsockopt(..) failed: Connection refused: /127.0.0.1:6379
Caused by: io.netty.channel.unix.Errors$NativeConnectException: syscall:getsockopt(..) failed: Connection refused
</error>
  </testcase>
  <testcase name="testOfferLast[7]" classname="org.springframework.data.redis.support.collections.RedisListTests" time="0.001">
    <error message="Unable to connect to Redis; nested exception is io.lettuce.core.RedisConnectionException: Unable to connect to 127.0.0.1:6379" type="org.springframework.data.redis.RedisConnectionFailureException">org.springframework.data.redis.RedisConnectionFailureException: Unable to connect to Redis; nested exception is io.lettuce.core.RedisConnectionException: Unable to connect to 127.0.0.1:6379
Caused by: io.lettuce.core.RedisConnectionException: Unable to connect to 127.0.0.1:6379
Caused by: io.netty.channel.AbstractChannel$AnnotatedConnectException: syscall:getsockopt(..) failed: Connection refused: /127.0.0.1:6379
Caused by: io.netty.channel.unix.Errors$NativeConnectException: syscall:getsockopt(..) failed: Connection refused
</error>
  </testcase>
  <testcase name="testOfferLast[7]" classname="org.springframework.data.redis.support.collections.RedisListTests" time="0.001">
    <error message="Unable to connect to Redis; nested exception is io.lettuce.core.RedisConnectionException: Unable to connect to 127.0.0.1:6379" type="org.springframework.data.redis.RedisConnectionFailureException">org.springframework.data.redis.RedisConnectionFailureException: Unable to connect to Redis; nested exception is io.lettuce.core.RedisConnectionException: Unable to connect to 127.0.0.1:6379
Caused by: io.lettuce.core.RedisConnectionException: Unable to connect to 127.0.0.1:6379
Caused by: io.netty.channel.AbstractChannel$AnnotatedConnectException: syscall:getsockopt(..) failed: Connection refused: /127.0.0.1:6379
Caused by: io.netty.channel.unix.Errors$NativeConnectException: syscall:getsockopt(..) failed: Connection refused
</error>
  </testcase>
  <testcase name="testGetFirst[7]" classname="org.springframework.data.redis.support.collections.RedisListTests" time="0.001">
    <error message="Unable to connect to Redis; nested exception is io.lettuce.core.RedisConnectionException: Unable to connect to 127.0.0.1:6379" type="org.springframework.data.redis.RedisConnectionFailureException">org.springframework.data.redis.RedisConnectionFailureException: Unable to connect to Redis; nested exception is io.lettuce.core.RedisConnectionException: Unable to connect to 127.0.0.1:6379
Caused by: io.lettuce.core.RedisConnectionException: Unable to connect to 127.0.0.1:6379
Caused by: io.netty.channel.AbstractChannel$AnnotatedConnectException: syscall:getsockopt(..) failed: Connection refused: /127.0.0.1:6379
Caused by: io.netty.channel.unix.Errors$NativeConnectException: syscall:getsockopt(..) failed: Connection refused
</error>
  </testcase>
  <testcase name="testGetFirst[7]" classname="org.springframework.data.redis.support.collections.RedisListTests" time="0.001">
    <error message="Unable to connect to Redis; nested exception is io.lettuce.core.RedisConnectionException: Unable to connect to 127.0.0.1:6379" type="org.springframework.data.redis.RedisConnectionFailureException">org.springframework.data.redis.RedisConnectionFailureException: Unable to connect to Redis; nested exception is io.lettuce.core.RedisConnectionException: Unable to connect to 127.0.0.1:6379
Caused by: io.lettuce.core.RedisConnectionException: Unable to connect to 127.0.0.1:6379
Caused by: io.netty.channel.AbstractChannel$AnnotatedConnectException: syscall:getsockopt(..) failed: Connection refused: /127.0.0.1:6379
Caused by: io.netty.channel.unix.Errors$NativeConnectException: syscall:getsockopt(..) failed: Connection refused
</error>
  </testcase>
  <testcase name="testAddLast[7]" classname="org.springframework.data.redis.support.collections.RedisListTests" time="0.001">
    <error message="Unable to connect to Redis; nested exception is io.lettuce.core.RedisConnectionException: Unable to connect to 127.0.0.1:6379" type="org.springframework.data.redis.RedisConnectionFailureException">org.springframework.data.redis.RedisConnectionFailureException: Unable to connect to Redis; nested exception is io.lettuce.core.RedisConnectionException: Unable to connect to 127.0.0.1:6379
Caused by: io.lettuce.core.RedisConnectionException: Unable to connect to 127.0.0.1:6379
Caused by: io.netty.channel.AbstractChannel$AnnotatedConnectException: syscall:getsockopt(..) failed: Connection refused: /127.0.0.1:6379
Caused by: io.netty.channel.unix.Errors$NativeConnectException: syscall:getsockopt(..) failed: Connection refused
</error>
  </testcase>
  <testcase name="testAddLast[7]" classname="org.springframework.data.redis.support.collections.RedisListTests" time="0.002">
    <error message="Unable to connect to Redis; nested exception is io.lettuce.core.RedisConnectionException: Unable to connect to 127.0.0.1:6379" type="org.springframework.data.redis.RedisConnectionFailureException">org.springframework.data.redis.RedisConnectionFailureException: Unable to connect to Redis; nested exception is io.lettuce.core.RedisConnectionException: Unable to connect to 127.0.0.1:6379
Caused by: io.lettuce.core.RedisConnectionException: Unable to connect to 127.0.0.1:6379
Caused by: io.netty.channel.AbstractChannel$AnnotatedConnectException: syscall:getsockopt(..) failed: Connection refused: /127.0.0.1:6379
Caused by: io.netty.channel.unix.Errors$NativeConnectException: syscall:getsockopt(..) failed: Connection refused
</error>
  </testcase>
  <testcase name="testPop[7]" classname="org.springframework.data.redis.support.collections.RedisListTests" time="0.001">
    <error message="Unable to connect to Redis; nested exception is io.lettuce.core.RedisConnectionException: Unable to connect to 127.0.0.1:6379" type="org.springframework.data.redis.RedisConnectionFailureException">org.springframework.data.redis.RedisConnectionFailureException: Unable to connect to Redis; nested exception is io.lettuce.core.RedisConnectionException: Unable to connect to 127.0.0.1:6379
Caused by: io.lettuce.core.RedisConnectionException: Unable to connect to 127.0.0.1:6379
Caused by: io.netty.channel.AbstractChannel$AnnotatedConnectException: syscall:getsockopt(..) failed: Connection refused: /127.0.0.1:6379
Caused by: io.netty.channel.unix.Errors$NativeConnectException: syscall:getsockopt(..) failed: Connection refused
</error>
  </testcase>
  <testcase name="testPop[7]" classname="org.springframework.data.redis.support.collections.RedisListTests" time="0.001">
    <error message="Unable to connect to Redis; nested exception is io.lettuce.core.RedisConnectionException: Unable to connect to 127.0.0.1:6379" type="org.springframework.data.redis.RedisConnectionFailureException">org.springframework.data.redis.RedisConnectionFailureException: Unable to connect to Redis; nested exception is io.lettuce.core.RedisConnectionException: Unable to connect to 127.0.0.1:6379
Caused by: io.lettuce.core.RedisConnectionException: Unable to connect to 127.0.0.1:6379
Caused by: io.netty.channel.AbstractChannel$AnnotatedConnectException: syscall:getsockopt(..) failed: Connection refused: /127.0.0.1:6379
Caused by: io.netty.channel.unix.Errors$NativeConnectException: syscall:getsockopt(..) failed: Connection refused
</error>
  </testcase>
  <testcase name="testPut[7]" classname="org.springframework.data.redis.support.collections.RedisListTests" time="0.001">
    <error message="Unable to connect to Redis; nested exception is io.lettuce.core.RedisConnectionException: Unable to connect to 127.0.0.1:6379" type="org.springframework.data.redis.RedisConnectionFailureException">org.springframework.data.redis.RedisConnectionFailureException: Unable to connect to Redis; nested exception is io.lettuce.core.RedisConnectionException: Unable to connect to 127.0.0.1:6379
Caused by: io.lettuce.core.RedisConnectionException: Unable to connect to 127.0.0.1:6379
Caused by: io.netty.channel.AbstractChannel$AnnotatedConnectException: syscall:getsockopt(..) failed: Connection refused: /127.0.0.1:6379
Caused by: io.netty.channel.unix.Errors$NativeConnectException: syscall:getsockopt(..) failed: Connection refused
</error>
  </testcase>
  <testcase name="testPut[7]" classname="org.springframework.data.redis.support.collections.RedisListTests" time="0.001">
    <error message="Unable to connect to Redis; nested exception is io.lettuce.core.RedisConnectionException: Unable to connect to 127.0.0.1:6379" type="org.springframework.data.redis.RedisConnectionFailureException">org.springframework.data.redis.RedisConnectionFailureException: Unable to connect to Redis; nested exception is io.lettuce.core.RedisConnectionException: Unable to connect to 127.0.0.1:6379
Caused by: io.lettuce.core.RedisConnectionException: Unable to connect to 127.0.0.1:6379
Caused by: io.netty.channel.AbstractChannel$AnnotatedConnectException: syscall:getsockopt(..) failed: Connection refused: /127.0.0.1:6379
Caused by: io.netty.channel.unix.Errors$NativeConnectException: syscall:getsockopt(..) failed: Connection refused
</error>
  </testcase>
  <testcase name="testSet[7]" classname="org.springframework.data.redis.support.collections.RedisListTests" time="0.001">
    <error message="Unable to connect to Redis; nested exception is io.lettuce.core.RedisConnectionException: Unable to connect to 127.0.0.1:6379" type="org.springframework.data.redis.RedisConnectionFailureException">org.springframework.data.redis.RedisConnectionFailureException: Unable to connect to Redis; nested exception is io.lettuce.core.RedisConnectionException: Unable to connect to 127.0.0.1:6379
Caused by: io.lettuce.core.RedisConnectionException: Unable to connect to 127.0.0.1:6379
Caused by: io.netty.channel.AbstractChannel$AnnotatedConnectException: syscall:getsockopt(..) failed: Connection refused: /127.0.0.1:6379
Caused by: io.netty.channel.unix.Errors$NativeConnectException: syscall:getsockopt(..) failed: Connection refused
</error>
  </testcase>
  <testcase name="testSet[7]" classname="org.springframework.data.redis.support.collections.RedisListTests" time="0.001">
    <error message="Unable to connect to Redis; nested exception is io.lettuce.core.RedisConnectionException: Unable to connect to 127.0.0.1:6379" type="org.springframework.data.redis.RedisConnectionFailureException">org.springframework.data.redis.RedisConnectionFailureException: Unable to connect to Redis; nested exception is io.lettuce.core.RedisConnectionException: Unable to connect to 127.0.0.1:6379
Caused by: io.lettuce.core.RedisConnectionException: Unable to connect to 127.0.0.1:6379
Caused by: io.netty.channel.AbstractChannel$AnnotatedConnectException: syscall:getsockopt(..) failed: Connection refused: /127.0.0.1:6379
Caused by: io.netty.channel.unix.Errors$NativeConnectException: syscall:getsockopt(..) failed: Connection refused
</error>
  </testcase>
  <testcase name="testOffer[7]" classname="org.springframework.data.redis.support.collections.RedisListTests" time="0.001">
    <error message="Unable to connect to Redis; nested exception is io.lettuce.core.RedisConnectionException: Unable to connect to 127.0.0.1:6379" type="org.springframework.data.redis.RedisConnectionFailureException">org.springframework.data.redis.RedisConnectionFailureException: Unable to connect to Redis; nested exception is io.lettuce.core.RedisConnectionException: Unable to connect to 127.0.0.1:6379
Caused by: io.lettuce.core.RedisConnectionException: Unable to connect to 127.0.0.1:6379
Caused by: io.netty.channel.AbstractChannel$AnnotatedConnectException: syscall:getsockopt(..) failed: Connection refused: /127.0.0.1:6379
Caused by: io.netty.channel.unix.Errors$NativeConnectException: syscall:getsockopt(..) failed: Connection refused
</error>
  </testcase>
  <testcase name="testOffer[7]" classname="org.springframework.data.redis.support.collections.RedisListTests" time="0.001">
    <error message="Unable to connect to Redis; nested exception is io.lettuce.core.RedisConnectionException: Unable to connect to 127.0.0.1:6379" type="org.springframework.data.redis.RedisConnectionFailureException">org.springframework.data.redis.RedisConnectionFailureException: Unable to connect to Redis; nested exception is io.lettuce.core.RedisConnectionException: Unable to connect to 127.0.0.1:6379
Caused by: io.lettuce.core.RedisConnectionException: Unable to connect to 127.0.0.1:6379
Caused by: io.netty.channel.AbstractChannel$AnnotatedConnectException: syscall:getsockopt(..) failed: Connection refused: /127.0.0.1:6379
Caused by: io.netty.channel.unix.Errors$NativeConnectException: syscall:getsockopt(..) failed: Connection refused
</error>
  </testcase>
  <testcase name="testRange[7]" classname="org.springframework.data.redis.support.collections.RedisListTests" time="0.002">
    <error message="Unable to connect to Redis; nested exception is io.lettuce.core.RedisConnectionException: Unable to connect to 127.0.0.1:6379" type="org.springframework.data.redis.RedisConnectionFailureException">org.springframework.data.redis.RedisConnectionFailureException: Unable to connect to Redis; nested exception is io.lettuce.core.RedisConnectionException: Unable to connect to 127.0.0.1:6379
Caused by: io.lettuce.core.RedisConnectionException: Unable to connect to 127.0.0.1:6379
Caused by: io.netty.channel.AbstractChannel$AnnotatedConnectException: syscall:getsockopt(..) failed: Connection refused: /127.0.0.1:6379
Caused by: io.netty.channel.unix.Errors$NativeConnectException: syscall:getsockopt(..) failed: Connection refused
</error>
  </testcase>
  <testcase name="testRange[7]" classname="org.springframework.data.redis.support.collections.RedisListTests" time="0.002">
    <error message="Unable to connect to Redis; nested exception is io.lettuce.core.RedisConnectionException: Unable to connect to 127.0.0.1:6379" type="org.springframework.data.redis.RedisConnectionFailureException">org.springframework.data.redis.RedisConnectionFailureException: Unable to connect to Redis; nested exception is io.lettuce.core.RedisConnectionException: Unable to connect to 127.0.0.1:6379
Caused by: io.lettuce.core.RedisConnectionException: Unable to connect to 127.0.0.1:6379
Caused by: io.netty.channel.AbstractChannel$AnnotatedConnectException: syscall:getsockopt(..) failed: Connection refused: /127.0.0.1:6379
Caused by: io.netty.channel.unix.Errors$NativeConnectException: syscall:getsockopt(..) failed: Connection refused
</error>
  </testcase>
  <testcase name="testLast[7]" classname="org.springframework.data.redis.support.collections.RedisListTests" time="0.001">
    <error message="Unable to connect to Redis; nested exception is io.lettuce.core.RedisConnectionException: Unable to connect to 127.0.0.1:6379" type="org.springframework.data.redis.RedisConnectionFailureException">org.springframework.data.redis.RedisConnectionFailureException: Unable to connect to Redis; nested exception is io.lettuce.core.RedisConnectionException: Unable to connect to 127.0.0.1:6379
Caused by: io.lettuce.core.RedisConnectionException: Unable to connect to 127.0.0.1:6379
Caused by: io.netty.channel.AbstractChannel$AnnotatedConnectException: syscall:getsockopt(..) failed: Connection refused: /127.0.0.1:6379
Caused by: io.netty.channel.unix.Errors$NativeConnectException: syscall:getsockopt(..) failed: Connection refused
</error>
  </testcase>
  <testcase name="testLast[7]" classname="org.springframework.data.redis.support.collections.RedisListTests" time="0.001">
    <error message="Unable to connect to Redis; nested exception is io.lettuce.core.RedisConnectionException: Unable to connect to 127.0.0.1:6379" type="org.springframework.data.redis.RedisConnectionFailureException">org.springframework.data.redis.RedisConnectionFailureException: Unable to connect to Redis; nested exception is io.lettuce.core.RedisConnectionException: Unable to connect to 127.0.0.1:6379
Caused by: io.lettuce.core.RedisConnectionException: Unable to connect to 127.0.0.1:6379
Caused by: io.netty.channel.AbstractChannel$AnnotatedConnectException: syscall:getsockopt(..) failed: Connection refused: /127.0.0.1:6379
Caused by: io.netty.channel.unix.Errors$NativeConnectException: syscall:getsockopt(..) failed: Connection refused
</error>
  </testcase>
  <testcase name="testPeek[7]" classname="org.springframework.data.redis.support.collections.RedisListTests" time="0.001">
    <error message="Unable to connect to Redis; nested exception is io.lettuce.core.RedisConnectionException: Unable to connect to 127.0.0.1:6379" type="org.springframework.data.redis.RedisConnectionFailureException">org.springframework.data.redis.RedisConnectionFailureException: Unable to connect to Redis; nested exception is io.lettuce.core.RedisConnectionException: Unable to connect to 127.0.0.1:6379
Caused by: io.lettuce.core.RedisConnectionException: Unable to connect to 127.0.0.1:6379
Caused by: io.netty.channel.AbstractChannel$AnnotatedConnectException: syscall:getsockopt(..) failed: Connection refused: /127.0.0.1:6379
Caused by: io.netty.channel.unix.Errors$NativeConnectException: syscall:getsockopt(..) failed: Connection refused
</error>
  </testcase>
  <testcase name="testPeek[7]" classname="org.springframework.data.redis.support.collections.RedisListTests" time="0.002">
    <error message="Unable to connect to Redis; nested exception is io.lettuce.core.RedisConnectionException: Unable to connect to 127.0.0.1:6379" type="org.springframework.data.redis.RedisConnectionFailureException">org.springframework.data.redis.RedisConnectionFailureException: Unable to connect to Redis; nested exception is io.lettuce.core.RedisConnectionException: Unable to connect to 127.0.0.1:6379
Caused by: io.lettuce.core.RedisConnectionException: Unable to connect to 127.0.0.1:6379
Caused by: io.netty.channel.AbstractChannel$AnnotatedConnectException: syscall:getsockopt(..) failed: Connection refused: /127.0.0.1:6379
Caused by: io.netty.channel.unix.Errors$NativeConnectException: syscall:getsockopt(..) failed: Connection refused
</error>
  </testcase>
  <testcase name="testPoll[7]" classname="org.springframework.data.redis.support.collections.RedisListTests" time="0.001">
    <error message="Unable to connect to Redis; nested exception is io.lettuce.core.RedisConnectionException: Unable to connect to 127.0.0.1:6379" type="org.springframework.data.redis.RedisConnectionFailureException">org.springframework.data.redis.RedisConnectionFailureException: Unable to connect to Redis; nested exception is io.lettuce.core.RedisConnectionException: Unable to connect to 127.0.0.1:6379
Caused by: io.lettuce.core.RedisConnectionException: Unable to connect to 127.0.0.1:6379
Caused by: io.netty.channel.AbstractChannel$AnnotatedConnectException: syscall:getsockopt(..) failed: Connection refused: /127.0.0.1:6379
Caused by: io.netty.channel.unix.Errors$NativeConnectException: syscall:getsockopt(..) failed: Connection refused
</error>
  </testcase>
  <testcase name="testPoll[7]" classname="org.springframework.data.redis.support.collections.RedisListTests" time="0.001">
    <error message="Unable to connect to Redis; nested exception is io.lettuce.core.RedisConnectionException: Unable to connect to 127.0.0.1:6379" type="org.springframework.data.redis.RedisConnectionFailureException">org.springframework.data.redis.RedisConnectionFailureException: Unable to connect to Redis; nested exception is io.lettuce.core.RedisConnectionException: Unable to connect to 127.0.0.1:6379
Caused by: io.lettuce.core.RedisConnectionException: Unable to connect to 127.0.0.1:6379
Caused by: io.netty.channel.AbstractChannel$AnnotatedConnectException: syscall:getsockopt(..) failed: Connection refused: /127.0.0.1:6379
Caused by: io.netty.channel.unix.Errors$NativeConnectException: syscall:getsockopt(..) failed: Connection refused
</error>
  </testcase>
  <testcase name="testTake[7]" classname="org.springframework.data.redis.support.collections.RedisListTests" time="0.001">
    <error message="Unable to connect to Redis; nested exception is io.lettuce.core.RedisConnectionException: Unable to connect to 127.0.0.1:6379" type="org.springframework.data.redis.RedisConnectionFailureException">org.springframework.data.redis.RedisConnectionFailureException: Unable to connect to Redis; nested exception is io.lettuce.core.RedisConnectionException: Unable to connect to 127.0.0.1:6379
Caused by: io.lettuce.core.RedisConnectionException: Unable to connect to 127.0.0.1:6379
Caused by: io.netty.channel.AbstractChannel$AnnotatedConnectException: syscall:getsockopt(..) failed: Connection refused: /127.0.0.1:6379
Caused by: io.netty.channel.unix.Errors$NativeConnectException: syscall:getsockopt(..) failed: Connection refused
</error>
  </testcase>
  <testcase name="testTake[7]" classname="org.springframework.data.redis.support.collections.RedisListTests" time="0.001">
    <error message="Unable to connect to Redis; nested exception is io.lettuce.core.RedisConnectionException: Unable to connect to 127.0.0.1:6379" type="org.springframework.data.redis.RedisConnectionFailureException">org.springframework.data.redis.RedisConnectionFailureException: Unable to connect to Redis; nested exception is io.lettuce.core.RedisConnectionException: Unable to connect to 127.0.0.1:6379
Caused by: io.lettuce.core.RedisConnectionException: Unable to connect to 127.0.0.1:6379
Caused by: io.netty.channel.AbstractChannel$AnnotatedConnectException: syscall:getsockopt(..) failed: Connection refused: /127.0.0.1:6379
Caused by: io.netty.channel.unix.Errors$NativeConnectException: syscall:getsockopt(..) failed: Connection refused
</error>
  </testcase>
  <testcase name="testTrim[7]" classname="org.springframework.data.redis.support.collections.RedisListTests" time="0.001">
    <error message="Unable to connect to Redis; nested exception is io.lettuce.core.RedisConnectionException: Unable to connect to 127.0.0.1:6379" type="org.springframework.data.redis.RedisConnectionFailureException">org.springframework.data.redis.RedisConnectionFailureException: Unable to connect to Redis; nested exception is io.lettuce.core.RedisConnectionException: Unable to connect to 127.0.0.1:6379
Caused by: io.lettuce.core.RedisConnectionException: Unable to connect to 127.0.0.1:6379
Caused by: io.netty.channel.AbstractChannel$AnnotatedConnectException: syscall:getsockopt(..) failed: Connection refused: /127.0.0.1:6379
Caused by: io.netty.channel.unix.Errors$NativeConnectException: syscall:getsockopt(..) failed: Connection refused
</error>
  </testcase>
  <testcase name="testTrim[7]" classname="org.springframework.data.redis.support.collections.RedisListTests" time="0.002">
    <error message="Unable to connect to Redis; nested exception is io.lettuce.core.RedisConnectionException: Unable to connect to 127.0.0.1:6379" type="org.springframework.data.redis.RedisConnectionFailureException">org.springframework.data.redis.RedisConnectionFailureException: Unable to connect to Redis; nested exception is io.lettuce.core.RedisConnectionException: Unable to connect to 127.0.0.1:6379
Caused by: io.lettuce.core.RedisConnectionException: Unable to connect to 127.0.0.1:6379
Caused by: io.netty.channel.AbstractChannel$AnnotatedConnectException: syscall:getsockopt(..) failed: Connection refused: /127.0.0.1:6379
Caused by: io.netty.channel.unix.Errors$NativeConnectException: syscall:getsockopt(..) failed: Connection refused
</error>
  </testcase>
  <testcase name="testDrainToCollection[7]" classname="org.springframework.data.redis.support.collections.RedisListTests" time="0.001">
    <error message="Unable to connect to Redis; nested exception is io.lettuce.core.RedisConnectionException: Unable to connect to 127.0.0.1:6379" type="org.springframework.data.redis.RedisConnectionFailureException">org.springframework.data.redis.RedisConnectionFailureException: Unable to connect to Redis; nested exception is io.lettuce.core.RedisConnectionException: Unable to connect to 127.0.0.1:6379
Caused by: io.lettuce.core.RedisConnectionException: Unable to connect to 127.0.0.1:6379
Caused by: io.netty.channel.AbstractChannel$AnnotatedConnectException: syscall:getsockopt(..) failed: Connection refused: /127.0.0.1:6379
Caused by: io.netty.channel.unix.Errors$NativeConnectException: syscall:getsockopt(..) failed: Connection refused
</error>
  </testcase>
  <testcase name="testDrainToCollection[7]" classname="org.springframework.data.redis.support.collections.RedisListTests" time="0.001">
    <error message="Unable to connect to Redis; nested exception is io.lettuce.core.RedisConnectionException: Unable to connect to 127.0.0.1:6379" type="org.springframework.data.redis.RedisConnectionFailureException">org.springframework.data.redis.RedisConnectionFailureException: Unable to connect to Redis; nested exception is io.lettuce.core.RedisConnectionException: Unable to connect to 127.0.0.1:6379
Caused by: io.lettuce.core.RedisConnectionException: Unable to connect to 127.0.0.1:6379
Caused by: io.netty.channel.AbstractChannel$AnnotatedConnectException: syscall:getsockopt(..) failed: Connection refused: /127.0.0.1:6379
Caused by: io.netty.channel.unix.Errors$NativeConnectException: syscall:getsockopt(..) failed: Connection refused
</error>
  </testcase>
  <testcase name="testRemoveFirst[7]" classname="org.springframework.data.redis.support.collections.RedisListTests" time="0.001">
    <error message="Unable to connect to Redis; nested exception is io.lettuce.core.RedisConnectionException: Unable to connect to 127.0.0.1:6379" type="org.springframework.data.redis.RedisConnectionFailureException">org.springframework.data.redis.RedisConnectionFailureException: Unable to connect to Redis; nested exception is io.lettuce.core.RedisConnectionException: Unable to connect to 127.0.0.1:6379
Caused by: io.lettuce.core.RedisConnectionException: Unable to connect to 127.0.0.1:6379
Caused by: io.netty.channel.AbstractChannel$AnnotatedConnectException: syscall:getsockopt(..) failed: Connection refused: /127.0.0.1:6379
Caused by: io.netty.channel.unix.Errors$NativeConnectException: syscall:getsockopt(..) failed: Connection refused
</error>
  </testcase>
  <testcase name="testRemoveFirst[7]" classname="org.springframework.data.redis.support.collections.RedisListTests" time="0.001">
    <error message="Unable to connect to Redis; nested exception is io.lettuce.core.RedisConnectionException: Unable to connect to 127.0.0.1:6379" type="org.springframework.data.redis.RedisConnectionFailureException">org.springframework.data.redis.RedisConnectionFailureException: Unable to connect to Redis; nested exception is io.lettuce.core.RedisConnectionException: Unable to connect to 127.0.0.1:6379
Caused by: io.lettuce.core.RedisConnectionException: Unable to connect to 127.0.0.1:6379
Caused by: io.netty.channel.AbstractChannel$AnnotatedConnectException: syscall:getsockopt(..) failed: Connection refused: /127.0.0.1:6379
Caused by: io.netty.channel.unix.Errors$NativeConnectException: syscall:getsockopt(..) failed: Connection refused
</error>
  </testcase>
  <testcase name="testRemoveIndex[7]" classname="org.springframework.data.redis.support.collections.RedisListTests" time="0">
    <error message="Unable to connect to Redis; nested exception is io.lettuce.core.RedisConnectionException: Unable to connect to 127.0.0.1:6379" type="org.springframework.data.redis.RedisConnectionFailureException">org.springframework.data.redis.RedisConnectionFailureException: Unable to connect to Redis; nested exception is io.lettuce.core.RedisConnectionException: Unable to connect to 127.0.0.1:6379
Caused by: io.lettuce.core.RedisConnectionException: Unable to connect to 127.0.0.1:6379
Caused by: io.netty.channel.AbstractChannel$AnnotatedConnectException: syscall:getsockopt(..) failed: Connection refused: /127.0.0.1:6379
Caused by: io.netty.channel.unix.Errors$NativeConnectException: syscall:getsockopt(..) failed: Connection refused
</error>
  </testcase>
  <testcase name="testPutLast[7]" classname="org.springframework.data.redis.support.collections.RedisListTests" time="0.002">
    <error message="Unable to connect to Redis; nested exception is io.lettuce.core.RedisConnectionException: Unable to connect to 127.0.0.1:6379" type="org.springframework.data.redis.RedisConnectionFailureException">org.springframework.data.redis.RedisConnectionFailureException: Unable to connect to Redis; nested exception is io.lettuce.core.RedisConnectionException: Unable to connect to 127.0.0.1:6379
Caused by: io.lettuce.core.RedisConnectionException: Unable to connect to 127.0.0.1:6379
Caused by: io.netty.channel.AbstractChannel$AnnotatedConnectException: syscall:getsockopt(..) failed: Connection refused: /127.0.0.1:6379
Caused by: io.netty.channel.unix.Errors$NativeConnectException: syscall:getsockopt(..) failed: Connection refused
</error>
  </testcase>
  <testcase name="testPutLast[7]" classname="org.springframework.data.redis.support.collections.RedisListTests" time="0.002">
    <error message="Unable to connect to Redis; nested exception is io.lettuce.core.RedisConnectionException: Unable to connect to 127.0.0.1:6379" type="org.springframework.data.redis.RedisConnectionFailureException">org.springframework.data.redis.RedisConnectionFailureException: Unable to connect to Redis; nested exception is io.lettuce.core.RedisConnectionException: Unable to connect to 127.0.0.1:6379
Caused by: io.lettuce.core.RedisConnectionException: Unable to connect to 127.0.0.1:6379
Caused by: io.netty.channel.AbstractChannel$AnnotatedConnectException: syscall:getsockopt(..) failed: Connection refused: /127.0.0.1:6379
Caused by: io.netty.channel.unix.Errors$NativeConnectException: syscall:getsockopt(..) failed: Connection refused
</error>
  </testcase>
  <testcase name="testOfferFirst[7]" classname="org.springframework.data.redis.support.collections.RedisListTests" time="0.001">
    <error message="Unable to connect to Redis; nested exception is io.lettuce.core.RedisConnectionException: Unable to connect to 127.0.0.1:6379" type="org.springframework.data.redis.RedisConnectionFailureException">org.springframework.data.redis.RedisConnectionFailureException: Unable to connect to Redis; nested exception is io.lettuce.core.RedisConnectionException: Unable to connect to 127.0.0.1:6379
Caused by: io.lettuce.core.RedisConnectionException: Unable to connect to 127.0.0.1:6379
Caused by: io.netty.channel.AbstractChannel$AnnotatedConnectException: syscall:getsockopt(..) failed: Connection refused: /127.0.0.1:6379
Caused by: io.netty.channel.unix.Errors$NativeConnectException: syscall:getsockopt(..) failed: Connection refused
</error>
  </testcase>
  <testcase name="testOfferFirst[7]" classname="org.springframework.data.redis.support.collections.RedisListTests" time="0.001">
    <error message="Unable to connect to Redis; nested exception is io.lettuce.core.RedisConnectionException: Unable to connect to 127.0.0.1:6379" type="org.springframework.data.redis.RedisConnectionFailureException">org.springframework.data.redis.RedisConnectionFailureException: Unable to connect to Redis; nested exception is io.lettuce.core.RedisConnectionException: Unable to connect to 127.0.0.1:6379
Caused by: io.lettuce.core.RedisConnectionException: Unable to connect to 127.0.0.1:6379
Caused by: io.netty.channel.AbstractChannel$AnnotatedConnectException: syscall:getsockopt(..) failed: Connection refused: /127.0.0.1:6379
Caused by: io.netty.channel.unix.Errors$NativeConnectException: syscall:getsockopt(..) failed: Connection refused
</error>
  </testcase>
  <testcase name="testDescendingIterator[7]" classname="org.springframework.data.redis.support.collections.RedisListTests" time="0.001">
    <error message="Unable to connect to Redis; nested exception is io.lettuce.core.RedisConnectionException: Unable to connect to 127.0.0.1:6379" type="org.springframework.data.redis.RedisConnectionFailureException">org.springframework.data.redis.RedisConnectionFailureException: Unable to connect to Redis; nested exception is io.lettuce.core.RedisConnectionException: Unable to connect to 127.0.0.1:6379
Caused by: io.lettuce.core.RedisConnectionException: Unable to connect to 127.0.0.1:6379
Caused by: io.netty.channel.AbstractChannel$AnnotatedConnectException: syscall:getsockopt(..) failed: Connection refused: /127.0.0.1:6379
Caused by: io.netty.channel.unix.Errors$NativeConnectException: syscall:getsockopt(..) failed: Connection refused
</error>
  </testcase>
  <testcase name="testDescendingIterator[7]" classname="org.springframework.data.redis.support.collections.RedisListTests" time="0.002">
    <error message="Unable to connect to Redis; nested exception is io.lettuce.core.RedisConnectionException: Unable to connect to 127.0.0.1:6379" type="org.springframework.data.redis.RedisConnectionFailureException">org.springframework.data.redis.RedisConnectionFailureException: Unable to connect to Redis; nested exception is io.lettuce.core.RedisConnectionException: Unable to connect to 127.0.0.1:6379
Caused by: io.lettuce.core.RedisConnectionException: Unable to connect to 127.0.0.1:6379
Caused by: io.netty.channel.AbstractChannel$AnnotatedConnectException: syscall:getsockopt(..) failed: Connection refused: /127.0.0.1:6379
Caused by: io.netty.channel.unix.Errors$NativeConnectException: syscall:getsockopt(..) failed: Connection refused
</error>
  </testcase>
  <testcase name="testAddFirst[7]" classname="org.springframework.data.redis.support.collections.RedisListTests" time="0.001">
    <error message="Unable to connect to Redis; nested exception is io.lettuce.core.RedisConnectionException: Unable to connect to 127.0.0.1:6379" type="org.springframework.data.redis.RedisConnectionFailureException">org.springframework.data.redis.RedisConnectionFailureException: Unable to connect to Redis; nested exception is io.lettuce.core.RedisConnectionException: Unable to connect to 127.0.0.1:6379
Caused by: io.lettuce.core.RedisConnectionException: Unable to connect to 127.0.0.1:6379
Caused by: io.netty.channel.AbstractChannel$AnnotatedConnectException: syscall:getsockopt(..) failed: Connection refused: /127.0.0.1:6379
Caused by: io.netty.channel.unix.Errors$NativeConnectException: syscall:getsockopt(..) failed: Connection refused
</error>
  </testcase>
  <testcase name="testAddFirst[7]" classname="org.springframework.data.redis.support.collections.RedisListTests" time="0.001">
    <error message="Unable to connect to Redis; nested exception is io.lettuce.core.RedisConnectionException: Unable to connect to 127.0.0.1:6379" type="org.springframework.data.redis.RedisConnectionFailureException">org.springframework.data.redis.RedisConnectionFailureException: Unable to connect to Redis; nested exception is io.lettuce.core.RedisConnectionException: Unable to connect to 127.0.0.1:6379
Caused by: io.lettuce.core.RedisConnectionException: Unable to connect to 127.0.0.1:6379
Caused by: io.netty.channel.AbstractChannel$AnnotatedConnectException: syscall:getsockopt(..) failed: Connection refused: /127.0.0.1:6379
Caused by: io.netty.channel.unix.Errors$NativeConnectException: syscall:getsockopt(..) failed: Connection refused
</error>
  </testcase>
  <testcase name="testDrainToCollectionWithMaxElements[7]" classname="org.springframework.data.redis.support.collections.RedisListTests" time="0.001">
    <error message="Unable to connect to Redis; nested exception is io.lettuce.core.RedisConnectionException: Unable to connect to 127.0.0.1:6379" type="org.springframework.data.redis.RedisConnectionFailureException">org.springframework.data.redis.RedisConnectionFailureException: Unable to connect to Redis; nested exception is io.lettuce.core.RedisConnectionException: Unable to connect to 127.0.0.1:6379
Caused by: io.lettuce.core.RedisConnectionException: Unable to connect to 127.0.0.1:6379
Caused by: io.netty.channel.AbstractChannel$AnnotatedConnectException: syscall:getsockopt(..) failed: Connection refused: /127.0.0.1:6379
Caused by: io.netty.channel.unix.Errors$NativeConnectException: syscall:getsockopt(..) failed: Connection refused
</error>
  </testcase>
  <testcase name="testDrainToCollectionWithMaxElements[7]" classname="org.springframework.data.redis.support.collections.RedisListTests" time="0.001">
    <error message="Unable to connect to Redis; nested exception is io.lettuce.core.RedisConnectionException: Unable to connect to 127.0.0.1:6379" type="org.springframework.data.redis.RedisConnectionFailureException">org.springframework.data.redis.RedisConnectionFailureException: Unable to connect to Redis; nested exception is io.lettuce.core.RedisConnectionException: Unable to connect to 127.0.0.1:6379
Caused by: io.lettuce.core.RedisConnectionException: Unable to connect to 127.0.0.1:6379
Caused by: io.netty.channel.AbstractChannel$AnnotatedConnectException: syscall:getsockopt(..) failed: Connection refused: /127.0.0.1:6379
Caused by: io.netty.channel.unix.Errors$NativeConnectException: syscall:getsockopt(..) failed: Connection refused
</error>
  </testcase>
  <testcase name="testTakeLast[7]" classname="org.springframework.data.redis.support.collections.RedisListTests" time="0.001">
    <error message="Unable to connect to Redis; nested exception is io.lettuce.core.RedisConnectionException: Unable to connect to 127.0.0.1:6379" type="org.springframework.data.redis.RedisConnectionFailureException">org.springframework.data.redis.RedisConnectionFailureException: Unable to connect to Redis; nested exception is io.lettuce.core.RedisConnectionException: Unable to connect to 127.0.0.1:6379
Caused by: io.lettuce.core.RedisConnectionException: Unable to connect to 127.0.0.1:6379
Caused by: io.netty.channel.AbstractChannel$AnnotatedConnectException: syscall:getsockopt(..) failed: Connection refused: /127.0.0.1:6379
Caused by: io.netty.channel.unix.Errors$NativeConnectException: syscall:getsockopt(..) failed: Connection refused
</error>
  </testcase>
  <testcase name="testTakeLast[7]" classname="org.springframework.data.redis.support.collections.RedisListTests" time="0.001">
    <error message="Unable to connect to Redis; nested exception is io.lettuce.core.RedisConnectionException: Unable to connect to 127.0.0.1:6379" type="org.springframework.data.redis.RedisConnectionFailureException">org.springframework.data.redis.RedisConnectionFailureException: Unable to connect to Redis; nested exception is io.lettuce.core.RedisConnectionException: Unable to connect to 127.0.0.1:6379
Caused by: io.lettuce.core.RedisConnectionException: Unable to connect to 127.0.0.1:6379
Caused by: io.netty.channel.AbstractChannel$AnnotatedConnectException: syscall:getsockopt(..) failed: Connection refused: /127.0.0.1:6379
Caused by: io.netty.channel.unix.Errors$NativeConnectException: syscall:getsockopt(..) failed: Connection refused
</error>
  </testcase>
  <testcase name="testRemainingCapacity[7]" classname="org.springframework.data.redis.support.collections.RedisListTests" time="0.001">
    <error message="Unable to connect to Redis; nested exception is io.lettuce.core.RedisConnectionException: Unable to connect to 127.0.0.1:6379" type="org.springframework.data.redis.RedisConnectionFailureException">org.springframework.data.redis.RedisConnectionFailureException: Unable to connect to Redis; nested exception is io.lettuce.core.RedisConnectionException: Unable to connect to 127.0.0.1:6379
Caused by: io.lettuce.core.RedisConnectionException: Unable to connect to 127.0.0.1:6379
Caused by: io.netty.channel.AbstractChannel$AnnotatedConnectException: syscall:getsockopt(..) failed: Connection refused: /127.0.0.1:6379
Caused by: io.netty.channel.unix.Errors$NativeConnectException: syscall:getsockopt(..) failed: Connection refused
</error>
  </testcase>
  <testcase name="testRemoveLast[7]" classname="org.springframework.data.redis.support.collections.RedisListTests" time="0.001">
    <error message="Unable to connect to Redis; nested exception is io.lettuce.core.RedisConnectionException: Unable to connect to 127.0.0.1:6379" type="org.springframework.data.redis.RedisConnectionFailureException">org.springframework.data.redis.RedisConnectionFailureException: Unable to connect to Redis; nested exception is io.lettuce.core.RedisConnectionException: Unable to connect to 127.0.0.1:6379
Caused by: io.lettuce.core.RedisConnectionException: Unable to connect to 127.0.0.1:6379
Caused by: io.netty.channel.AbstractChannel$AnnotatedConnectException: syscall:getsockopt(..) failed: Connection refused: /127.0.0.1:6379
Caused by: io.netty.channel.unix.Errors$NativeConnectException: syscall:getsockopt(..) failed: Connection refused
</error>
  </testcase>
  <testcase name="testRemoveLast[7]" classname="org.springframework.data.redis.support.collections.RedisListTests" time="0.001">
    <error message="Unable to connect to Redis; nested exception is io.lettuce.core.RedisConnectionException: Unable to connect to 127.0.0.1:6379" type="org.springframework.data.redis.RedisConnectionFailureException">org.springframework.data.redis.RedisConnectionFailureException: Unable to connect to Redis; nested exception is io.lettuce.core.RedisConnectionException: Unable to connect to 127.0.0.1:6379
Caused by: io.lettuce.core.RedisConnectionException: Unable to connect to 127.0.0.1:6379
Caused by: io.netty.channel.AbstractChannel$AnnotatedConnectException: syscall:getsockopt(..) failed: Connection refused: /127.0.0.1:6379
Caused by: io.netty.channel.unix.Errors$NativeConnectException: syscall:getsockopt(..) failed: Connection refused
</error>
  </testcase>
  <testcase name="testAddIndexObjectHead[7]" classname="org.springframework.data.redis.support.collections.RedisListTests" time="0.001">
    <error message="Unable to connect to Redis; nested exception is io.lettuce.core.RedisConnectionException: Unable to connect to 127.0.0.1:6379" type="org.springframework.data.redis.RedisConnectionFailureException">org.springframework.data.redis.RedisConnectionFailureException: Unable to connect to Redis; nested exception is io.lettuce.core.RedisConnectionException: Unable to connect to 127.0.0.1:6379
Caused by: io.lettuce.core.RedisConnectionException: Unable to connect to 127.0.0.1:6379
Caused by: io.netty.channel.AbstractChannel$AnnotatedConnectException: syscall:getsockopt(..) failed: Connection refused: /127.0.0.1:6379
Caused by: io.netty.channel.unix.Errors$NativeConnectException: syscall:getsockopt(..) failed: Connection refused
</error>
  </testcase>
  <testcase name="testAddIndexObjectHead[7]" classname="org.springframework.data.redis.support.collections.RedisListTests" time="0.001">
    <error message="Unable to connect to Redis; nested exception is io.lettuce.core.RedisConnectionException: Unable to connect to 127.0.0.1:6379" type="org.springframework.data.redis.RedisConnectionFailureException">org.springframework.data.redis.RedisConnectionFailureException: Unable to connect to Redis; nested exception is io.lettuce.core.RedisConnectionException: Unable to connect to 127.0.0.1:6379
Caused by: io.lettuce.core.RedisConnectionException: Unable to connect to 127.0.0.1:6379
Caused by: io.netty.channel.AbstractChannel$AnnotatedConnectException: syscall:getsockopt(..) failed: Connection refused: /127.0.0.1:6379
Caused by: io.netty.channel.unix.Errors$NativeConnectException: syscall:getsockopt(..) failed: Connection refused
</error>
  </testcase>
  <testcase name="testAddIndexObjectTail[7]" classname="org.springframework.data.redis.support.collections.RedisListTests" time="0.001">
    <error message="Unable to connect to Redis; nested exception is io.lettuce.core.RedisConnectionException: Unable to connect to 127.0.0.1:6379" type="org.springframework.data.redis.RedisConnectionFailureException">org.springframework.data.redis.RedisConnectionFailureException: Unable to connect to Redis; nested exception is io.lettuce.core.RedisConnectionException: Unable to connect to 127.0.0.1:6379
Caused by: io.lettuce.core.RedisConnectionException: Unable to connect to 127.0.0.1:6379
Caused by: io.netty.channel.AbstractChannel$AnnotatedConnectException: syscall:getsockopt(..) failed: Connection refused: /127.0.0.1:6379
Caused by: io.netty.channel.unix.Errors$NativeConnectException: syscall:getsockopt(..) failed: Connection refused
</error>
  </testcase>
  <testcase name="testAddIndexObjectTail[7]" classname="org.springframework.data.redis.support.collections.RedisListTests" time="0.001">
    <error message="Unable to connect to Redis; nested exception is io.lettuce.core.RedisConnectionException: Unable to connect to 127.0.0.1:6379" type="org.springframework.data.redis.RedisConnectionFailureException">org.springframework.data.redis.RedisConnectionFailureException: Unable to connect to Redis; nested exception is io.lettuce.core.RedisConnectionException: Unable to connect to 127.0.0.1:6379
Caused by: io.lettuce.core.RedisConnectionException: Unable to connect to 127.0.0.1:6379
Caused by: io.netty.channel.AbstractChannel$AnnotatedConnectException: syscall:getsockopt(..) failed: Connection refused: /127.0.0.1:6379
Caused by: io.netty.channel.unix.Errors$NativeConnectException: syscall:getsockopt(..) failed: Connection refused
</error>
  </testcase>
  <testcase name="testPollFirst[7]" classname="org.springframework.data.redis.support.collections.RedisListTests" time="0.001">
    <error message="Unable to connect to Redis; nested exception is io.lettuce.core.RedisConnectionException: Unable to connect to 127.0.0.1:6379" type="org.springframework.data.redis.RedisConnectionFailureException">org.springframework.data.redis.RedisConnectionFailureException: Unable to connect to Redis; nested exception is io.lettuce.core.RedisConnectionException: Unable to connect to 127.0.0.1:6379
Caused by: io.lettuce.core.RedisConnectionException: Unable to connect to 127.0.0.1:6379
Caused by: io.netty.channel.AbstractChannel$AnnotatedConnectException: syscall:getsockopt(..) failed: Connection refused: /127.0.0.1:6379
Caused by: io.netty.channel.unix.Errors$NativeConnectException: syscall:getsockopt(..) failed: Connection refused
</error>
  </testcase>
  <testcase name="testPollFirst[7]" classname="org.springframework.data.redis.support.collections.RedisListTests" time="0.001">
    <error message="Unable to connect to Redis; nested exception is io.lettuce.core.RedisConnectionException: Unable to connect to 127.0.0.1:6379" type="org.springframework.data.redis.RedisConnectionFailureException">org.springframework.data.redis.RedisConnectionFailureException: Unable to connect to Redis; nested exception is io.lettuce.core.RedisConnectionException: Unable to connect to 127.0.0.1:6379
Caused by: io.lettuce.core.RedisConnectionException: Unable to connect to 127.0.0.1:6379
Caused by: io.netty.channel.AbstractChannel$AnnotatedConnectException: syscall:getsockopt(..) failed: Connection refused: /127.0.0.1:6379
Caused by: io.netty.channel.unix.Errors$NativeConnectException: syscall:getsockopt(..) failed: Connection refused
</error>
  </testcase>
  <testcase name="testAddIndexObjectMiddle[7]" classname="org.springframework.data.redis.support.collections.RedisListTests" time="0.001">
    <error message="Unexpected exception, expected&lt;java.lang.IllegalArgumentException&gt; but was&lt;org.springframework.data.redis.RedisConnectionFailureException&gt;" type="java.lang.Exception"><![CDATA[java.lang.Exception: Unexpected exception, expected<java.lang.IllegalArgumentException> but was<org.springframework.data.redis.RedisConnectionFailureException>
Caused by: org.springframework.data.redis.RedisConnectionFailureException: Unable to connect to Redis; nested exception is io.lettuce.core.RedisConnectionException: Unable to connect to 127.0.0.1:6379
Caused by: io.lettuce.core.RedisConnectionException: Unable to connect to 127.0.0.1:6379
Caused by: io.netty.channel.AbstractChannel$AnnotatedConnectException: syscall:getsockopt(..) failed: Connection refused: /127.0.0.1:6379
Caused by: io.netty.channel.unix.Errors$NativeConnectException: syscall:getsockopt(..) failed: Connection refused
]]></error>
  </testcase>
  <testcase name="testAddIndexObjectMiddle[7]" classname="org.springframework.data.redis.support.collections.RedisListTests" time="0.002">
    <error message="Unable to connect to Redis; nested exception is io.lettuce.core.RedisConnectionException: Unable to connect to 127.0.0.1:6379" type="org.springframework.data.redis.RedisConnectionFailureException">org.springframework.data.redis.RedisConnectionFailureException: Unable to connect to Redis; nested exception is io.lettuce.core.RedisConnectionException: Unable to connect to 127.0.0.1:6379
Caused by: io.lettuce.core.RedisConnectionException: Unable to connect to 127.0.0.1:6379
Caused by: io.netty.channel.AbstractChannel$AnnotatedConnectException: syscall:getsockopt(..) failed: Connection refused: /127.0.0.1:6379
Caused by: io.netty.channel.unix.Errors$NativeConnectException: syscall:getsockopt(..) failed: Connection refused
</error>
  </testcase>
  <testcase name="testPeekLast[7]" classname="org.springframework.data.redis.support.collections.RedisListTests" time="0.001">
    <error message="Unable to connect to Redis; nested exception is io.lettuce.core.RedisConnectionException: Unable to connect to 127.0.0.1:6379" type="org.springframework.data.redis.RedisConnectionFailureException">org.springframework.data.redis.RedisConnectionFailureException: Unable to connect to Redis; nested exception is io.lettuce.core.RedisConnectionException: Unable to connect to 127.0.0.1:6379
Caused by: io.lettuce.core.RedisConnectionException: Unable to connect to 127.0.0.1:6379
Caused by: io.netty.channel.AbstractChannel$AnnotatedConnectException: syscall:getsockopt(..) failed: Connection refused: /127.0.0.1:6379
Caused by: io.netty.channel.unix.Errors$NativeConnectException: syscall:getsockopt(..) failed: Connection refused
</error>
  </testcase>
  <testcase name="testPeekLast[7]" classname="org.springframework.data.redis.support.collections.RedisListTests" time="0.001">
    <error message="Unable to connect to Redis; nested exception is io.lettuce.core.RedisConnectionException: Unable to connect to 127.0.0.1:6379" type="org.springframework.data.redis.RedisConnectionFailureException">org.springframework.data.redis.RedisConnectionFailureException: Unable to connect to Redis; nested exception is io.lettuce.core.RedisConnectionException: Unable to connect to 127.0.0.1:6379
Caused by: io.lettuce.core.RedisConnectionException: Unable to connect to 127.0.0.1:6379
Caused by: io.netty.channel.AbstractChannel$AnnotatedConnectException: syscall:getsockopt(..) failed: Connection refused: /127.0.0.1:6379
Caused by: io.netty.channel.unix.Errors$NativeConnectException: syscall:getsockopt(..) failed: Connection refused
</error>
  </testcase>
  <testcase name="testRemoveFirstOccurrence[7]" classname="org.springframework.data.redis.support.collections.RedisListTests" time="0.001">
    <error message="Unable to connect to Redis; nested exception is io.lettuce.core.RedisConnectionException: Unable to connect to 127.0.0.1:6379" type="org.springframework.data.redis.RedisConnectionFailureException">org.springframework.data.redis.RedisConnectionFailureException: Unable to connect to Redis; nested exception is io.lettuce.core.RedisConnectionException: Unable to connect to 127.0.0.1:6379
Caused by: io.lettuce.core.RedisConnectionException: Unable to connect to 127.0.0.1:6379
Caused by: io.netty.channel.AbstractChannel$AnnotatedConnectException: syscall:getsockopt(..) failed: Connection refused: /127.0.0.1:6379
Caused by: io.netty.channel.unix.Errors$NativeConnectException: syscall:getsockopt(..) failed: Connection refused
</error>
  </testcase>
  <testcase name="testRemoveFirstOccurrence[7]" classname="org.springframework.data.redis.support.collections.RedisListTests" time="0.001">
    <error message="Unable to connect to Redis; nested exception is io.lettuce.core.RedisConnectionException: Unable to connect to 127.0.0.1:6379" type="org.springframework.data.redis.RedisConnectionFailureException">org.springframework.data.redis.RedisConnectionFailureException: Unable to connect to Redis; nested exception is io.lettuce.core.RedisConnectionException: Unable to connect to 127.0.0.1:6379
Caused by: io.lettuce.core.RedisConnectionException: Unable to connect to 127.0.0.1:6379
Caused by: io.netty.channel.AbstractChannel$AnnotatedConnectException: syscall:getsockopt(..) failed: Connection refused: /127.0.0.1:6379
Caused by: io.netty.channel.unix.Errors$NativeConnectException: syscall:getsockopt(..) failed: Connection refused
</error>
  </testcase>
  <testcase name="addAllIndexCollectionHead[7]" classname="org.springframework.data.redis.support.collections.RedisListTests" time="0.001">
    <error message="Unable to connect to Redis; nested exception is io.lettuce.core.RedisConnectionException: Unable to connect to 127.0.0.1:6379" type="org.springframework.data.redis.RedisConnectionFailureException">org.springframework.data.redis.RedisConnectionFailureException: Unable to connect to Redis; nested exception is io.lettuce.core.RedisConnectionException: Unable to connect to 127.0.0.1:6379
Caused by: io.lettuce.core.RedisConnectionException: Unable to connect to 127.0.0.1:6379
Caused by: io.netty.channel.AbstractChannel$AnnotatedConnectException: syscall:getsockopt(..) failed: Connection refused: /127.0.0.1:6379
Caused by: io.netty.channel.unix.Errors$NativeConnectException: syscall:getsockopt(..) failed: Connection refused
</error>
  </testcase>
  <testcase name="addAllIndexCollectionHead[7]" classname="org.springframework.data.redis.support.collections.RedisListTests" time="0.001">
    <error message="Unable to connect to Redis; nested exception is io.lettuce.core.RedisConnectionException: Unable to connect to 127.0.0.1:6379" type="org.springframework.data.redis.RedisConnectionFailureException">org.springframework.data.redis.RedisConnectionFailureException: Unable to connect to Redis; nested exception is io.lettuce.core.RedisConnectionException: Unable to connect to 127.0.0.1:6379
Caused by: io.lettuce.core.RedisConnectionException: Unable to connect to 127.0.0.1:6379
Caused by: io.netty.channel.AbstractChannel$AnnotatedConnectException: syscall:getsockopt(..) failed: Connection refused: /127.0.0.1:6379
Caused by: io.netty.channel.unix.Errors$NativeConnectException: syscall:getsockopt(..) failed: Connection refused
</error>
  </testcase>
  <testcase name="addAllIndexCollectionTail[7]" classname="org.springframework.data.redis.support.collections.RedisListTests" time="0.001">
    <error message="Unable to connect to Redis; nested exception is io.lettuce.core.RedisConnectionException: Unable to connect to 127.0.0.1:6379" type="org.springframework.data.redis.RedisConnectionFailureException">org.springframework.data.redis.RedisConnectionFailureException: Unable to connect to Redis; nested exception is io.lettuce.core.RedisConnectionException: Unable to connect to 127.0.0.1:6379
Caused by: io.lettuce.core.RedisConnectionException: Unable to connect to 127.0.0.1:6379
Caused by: io.netty.channel.AbstractChannel$AnnotatedConnectException: syscall:getsockopt(..) failed: Connection refused: /127.0.0.1:6379
Caused by: io.netty.channel.unix.Errors$NativeConnectException: syscall:getsockopt(..) failed: Connection refused
</error>
  </testcase>
  <testcase name="addAllIndexCollectionTail[7]" classname="org.springframework.data.redis.support.collections.RedisListTests" time="0.001">
    <error message="Unable to connect to Redis; nested exception is io.lettuce.core.RedisConnectionException: Unable to connect to 127.0.0.1:6379" type="org.springframework.data.redis.RedisConnectionFailureException">org.springframework.data.redis.RedisConnectionFailureException: Unable to connect to Redis; nested exception is io.lettuce.core.RedisConnectionException: Unable to connect to 127.0.0.1:6379
Caused by: io.lettuce.core.RedisConnectionException: Unable to connect to 127.0.0.1:6379
Caused by: io.netty.channel.AbstractChannel$AnnotatedConnectException: syscall:getsockopt(..) failed: Connection refused: /127.0.0.1:6379
Caused by: io.netty.channel.unix.Errors$NativeConnectException: syscall:getsockopt(..) failed: Connection refused
</error>
  </testcase>
  <testcase name="addAllIndexCollectionMiddle[7]" classname="org.springframework.data.redis.support.collections.RedisListTests" time="0.002">
    <error message="Unexpected exception, expected&lt;java.lang.IllegalArgumentException&gt; but was&lt;org.springframework.data.redis.RedisConnectionFailureException&gt;" type="java.lang.Exception"><![CDATA[java.lang.Exception: Unexpected exception, expected<java.lang.IllegalArgumentException> but was<org.springframework.data.redis.RedisConnectionFailureException>
Caused by: org.springframework.data.redis.RedisConnectionFailureException: Unable to connect to Redis; nested exception is io.lettuce.core.RedisConnectionException: Unable to connect to 127.0.0.1:6379
Caused by: io.lettuce.core.RedisConnectionException: Unable to connect to 127.0.0.1:6379
Caused by: io.netty.channel.AbstractChannel$AnnotatedConnectException: syscall:getsockopt(..) failed: Connection refused: /127.0.0.1:6379
Caused by: io.netty.channel.unix.Errors$NativeConnectException: syscall:getsockopt(..) failed: Connection refused
]]></error>
  </testcase>
  <testcase name="addAllIndexCollectionMiddle[7]" classname="org.springframework.data.redis.support.collections.RedisListTests" time="0.002">
    <error message="Unable to connect to Redis; nested exception is io.lettuce.core.RedisConnectionException: Unable to connect to 127.0.0.1:6379" type="org.springframework.data.redis.RedisConnectionFailureException">org.springframework.data.redis.RedisConnectionFailureException: Unable to connect to Redis; nested exception is io.lettuce.core.RedisConnectionException: Unable to connect to 127.0.0.1:6379
Caused by: io.lettuce.core.RedisConnectionException: Unable to connect to 127.0.0.1:6379
Caused by: io.netty.channel.AbstractChannel$AnnotatedConnectException: syscall:getsockopt(..) failed: Connection refused: /127.0.0.1:6379
Caused by: io.netty.channel.unix.Errors$NativeConnectException: syscall:getsockopt(..) failed: Connection refused
</error>
  </testcase>
  <testcase name="testPollLast[7]" classname="org.springframework.data.redis.support.collections.RedisListTests" time="0.001">
    <error message="Unable to connect to Redis; nested exception is io.lettuce.core.RedisConnectionException: Unable to connect to 127.0.0.1:6379" type="org.springframework.data.redis.RedisConnectionFailureException">org.springframework.data.redis.RedisConnectionFailureException: Unable to connect to Redis; nested exception is io.lettuce.core.RedisConnectionException: Unable to connect to 127.0.0.1:6379
Caused by: io.lettuce.core.RedisConnectionException: Unable to connect to 127.0.0.1:6379
Caused by: io.netty.channel.AbstractChannel$AnnotatedConnectException: syscall:getsockopt(..) failed: Connection refused: /127.0.0.1:6379
Caused by: io.netty.channel.unix.Errors$NativeConnectException: syscall:getsockopt(..) failed: Connection refused
</error>
  </testcase>
  <testcase name="testPollLast[7]" classname="org.springframework.data.redis.support.collections.RedisListTests" time="0.001">
    <error message="Unable to connect to Redis; nested exception is io.lettuce.core.RedisConnectionException: Unable to connect to 127.0.0.1:6379" type="org.springframework.data.redis.RedisConnectionFailureException">org.springframework.data.redis.RedisConnectionFailureException: Unable to connect to Redis; nested exception is io.lettuce.core.RedisConnectionException: Unable to connect to 127.0.0.1:6379
Caused by: io.lettuce.core.RedisConnectionException: Unable to connect to 127.0.0.1:6379
Caused by: io.netty.channel.AbstractChannel$AnnotatedConnectException: syscall:getsockopt(..) failed: Connection refused: /127.0.0.1:6379
Caused by: io.netty.channel.unix.Errors$NativeConnectException: syscall:getsockopt(..) failed: Connection refused
</error>
  </testcase>
  <testcase name="testIndexOfObject[7]" classname="org.springframework.data.redis.support.collections.RedisListTests" time="0.001">
    <error message="Unable to connect to Redis; nested exception is io.lettuce.core.RedisConnectionException: Unable to connect to 127.0.0.1:6379" type="org.springframework.data.redis.RedisConnectionFailureException">org.springframework.data.redis.RedisConnectionFailureException: Unable to connect to Redis; nested exception is io.lettuce.core.RedisConnectionException: Unable to connect to 127.0.0.1:6379
Caused by: io.lettuce.core.RedisConnectionException: Unable to connect to 127.0.0.1:6379
Caused by: io.netty.channel.AbstractChannel$AnnotatedConnectException: syscall:getsockopt(..) failed: Connection refused: /127.0.0.1:6379
Caused by: io.netty.channel.unix.Errors$NativeConnectException: syscall:getsockopt(..) failed: Connection refused
</error>
  </testcase>
  <testcase name="testPollTimeout[7]" classname="org.springframework.data.redis.support.collections.RedisListTests" time="0.001">
    <error message="Unable to connect to Redis; nested exception is io.lettuce.core.RedisConnectionException: Unable to connect to 127.0.0.1:6379" type="org.springframework.data.redis.RedisConnectionFailureException">org.springframework.data.redis.RedisConnectionFailureException: Unable to connect to Redis; nested exception is io.lettuce.core.RedisConnectionException: Unable to connect to 127.0.0.1:6379
Caused by: io.lettuce.core.RedisConnectionException: Unable to connect to 127.0.0.1:6379
Caused by: io.netty.channel.AbstractChannel$AnnotatedConnectException: syscall:getsockopt(..) failed: Connection refused: /127.0.0.1:6379
Caused by: io.netty.channel.unix.Errors$NativeConnectException: syscall:getsockopt(..) failed: Connection refused
</error>
  </testcase>
  <testcase name="testPollTimeout[7]" classname="org.springframework.data.redis.support.collections.RedisListTests" time="0.001">
    <error message="Unable to connect to Redis; nested exception is io.lettuce.core.RedisConnectionException: Unable to connect to 127.0.0.1:6379" type="org.springframework.data.redis.RedisConnectionFailureException">org.springframework.data.redis.RedisConnectionFailureException: Unable to connect to Redis; nested exception is io.lettuce.core.RedisConnectionException: Unable to connect to 127.0.0.1:6379
Caused by: io.lettuce.core.RedisConnectionException: Unable to connect to 127.0.0.1:6379
Caused by: io.netty.channel.AbstractChannel$AnnotatedConnectException: syscall:getsockopt(..) failed: Connection refused: /127.0.0.1:6379
Caused by: io.netty.channel.unix.Errors$NativeConnectException: syscall:getsockopt(..) failed: Connection refused
</error>
  </testcase>
  <testcase name="testRemove[7]" classname="org.springframework.data.redis.support.collections.RedisListTests" time="0.001">
    <error message="Unable to connect to Redis; nested exception is io.lettuce.core.RedisConnectionException: Unable to connect to 127.0.0.1:6379" type="org.springframework.data.redis.RedisConnectionFailureException">org.springframework.data.redis.RedisConnectionFailureException: Unable to connect to Redis; nested exception is io.lettuce.core.RedisConnectionException: Unable to connect to 127.0.0.1:6379
Caused by: io.lettuce.core.RedisConnectionException: Unable to connect to 127.0.0.1:6379
Caused by: io.netty.channel.AbstractChannel$AnnotatedConnectException: syscall:getsockopt(..) failed: Connection refused: /127.0.0.1:6379
Caused by: io.netty.channel.unix.Errors$NativeConnectException: syscall:getsockopt(..) failed: Connection refused
</error>
  </testcase>
  <testcase name="testRemove[7]" classname="org.springframework.data.redis.support.collections.RedisListTests" time="0.002">
    <error message="Unable to connect to Redis; nested exception is io.lettuce.core.RedisConnectionException: Unable to connect to 127.0.0.1:6379" type="org.springframework.data.redis.RedisConnectionFailureException">org.springframework.data.redis.RedisConnectionFailureException: Unable to connect to Redis; nested exception is io.lettuce.core.RedisConnectionException: Unable to connect to 127.0.0.1:6379
Caused by: io.lettuce.core.RedisConnectionException: Unable to connect to 127.0.0.1:6379
Caused by: io.netty.channel.AbstractChannel$AnnotatedConnectException: syscall:getsockopt(..) failed: Connection refused: /127.0.0.1:6379
Caused by: io.netty.channel.unix.Errors$NativeConnectException: syscall:getsockopt(..) failed: Connection refused
</error>
  </testcase>
  <testcase name="testCappedCollection[7]" classname="org.springframework.data.redis.support.collections.RedisListTests" time="0.001">
    <error message="Unable to connect to Redis; nested exception is io.lettuce.core.RedisConnectionException: Unable to connect to 127.0.0.1:6379" type="org.springframework.data.redis.RedisConnectionFailureException">org.springframework.data.redis.RedisConnectionFailureException: Unable to connect to Redis; nested exception is io.lettuce.core.RedisConnectionException: Unable to connect to 127.0.0.1:6379
Caused by: io.lettuce.core.RedisConnectionException: Unable to connect to 127.0.0.1:6379
Caused by: io.netty.channel.AbstractChannel$AnnotatedConnectException: syscall:getsockopt(..) failed: Connection refused: /127.0.0.1:6379
Caused by: io.netty.channel.unix.Errors$NativeConnectException: syscall:getsockopt(..) failed: Connection refused
</error>
  </testcase>
  <testcase name="testCappedCollection[7]" classname="org.springframework.data.redis.support.collections.RedisListTests" time="0.001">
    <error message="Unable to connect to Redis; nested exception is io.lettuce.core.RedisConnectionException: Unable to connect to 127.0.0.1:6379" type="org.springframework.data.redis.RedisConnectionFailureException">org.springframework.data.redis.RedisConnectionFailureException: Unable to connect to Redis; nested exception is io.lettuce.core.RedisConnectionException: Unable to connect to 127.0.0.1:6379
Caused by: io.lettuce.core.RedisConnectionException: Unable to connect to 127.0.0.1:6379
Caused by: io.netty.channel.AbstractChannel$AnnotatedConnectException: syscall:getsockopt(..) failed: Connection refused: /127.0.0.1:6379
Caused by: io.netty.channel.unix.Errors$NativeConnectException: syscall:getsockopt(..) failed: Connection refused
</error>
  </testcase>
  <testcase name="testRmoveLastOccurrence[7]" classname="org.springframework.data.redis.support.collections.RedisListTests" time="0.001">
    <error message="Unable to connect to Redis; nested exception is io.lettuce.core.RedisConnectionException: Unable to connect to 127.0.0.1:6379" type="org.springframework.data.redis.RedisConnectionFailureException">org.springframework.data.redis.RedisConnectionFailureException: Unable to connect to Redis; nested exception is io.lettuce.core.RedisConnectionException: Unable to connect to 127.0.0.1:6379
Caused by: io.lettuce.core.RedisConnectionException: Unable to connect to 127.0.0.1:6379
Caused by: io.netty.channel.AbstractChannel$AnnotatedConnectException: syscall:getsockopt(..) failed: Connection refused: /127.0.0.1:6379
Caused by: io.netty.channel.unix.Errors$NativeConnectException: syscall:getsockopt(..) failed: Connection refused
</error>
  </testcase>
  <testcase name="testRmoveLastOccurrence[7]" classname="org.springframework.data.redis.support.collections.RedisListTests" time="0.001">
    <error message="Unable to connect to Redis; nested exception is io.lettuce.core.RedisConnectionException: Unable to connect to 127.0.0.1:6379" type="org.springframework.data.redis.RedisConnectionFailureException">org.springframework.data.redis.RedisConnectionFailureException: Unable to connect to Redis; nested exception is io.lettuce.core.RedisConnectionException: Unable to connect to 127.0.0.1:6379
Caused by: io.lettuce.core.RedisConnectionException: Unable to connect to 127.0.0.1:6379
Caused by: io.netty.channel.AbstractChannel$AnnotatedConnectException: syscall:getsockopt(..) failed: Connection refused: /127.0.0.1:6379
Caused by: io.netty.channel.unix.Errors$NativeConnectException: syscall:getsockopt(..) failed: Connection refused
</error>
  </testcase>
  <testcase name="testTakeFirst[7]" classname="org.springframework.data.redis.support.collections.RedisListTests" time="0.001">
    <error message="Unable to connect to Redis; nested exception is io.lettuce.core.RedisConnectionException: Unable to connect to 127.0.0.1:6379" type="org.springframework.data.redis.RedisConnectionFailureException">org.springframework.data.redis.RedisConnectionFailureException: Unable to connect to Redis; nested exception is io.lettuce.core.RedisConnectionException: Unable to connect to 127.0.0.1:6379
Caused by: io.lettuce.core.RedisConnectionException: Unable to connect to 127.0.0.1:6379
Caused by: io.netty.channel.AbstractChannel$AnnotatedConnectException: syscall:getsockopt(..) failed: Connection refused: /127.0.0.1:6379
Caused by: io.netty.channel.unix.Errors$NativeConnectException: syscall:getsockopt(..) failed: Connection refused
</error>
  </testcase>
  <testcase name="testTakeFirst[7]" classname="org.springframework.data.redis.support.collections.RedisListTests" time="0.001">
    <error message="Unable to connect to Redis; nested exception is io.lettuce.core.RedisConnectionException: Unable to connect to 127.0.0.1:6379" type="org.springframework.data.redis.RedisConnectionFailureException">org.springframework.data.redis.RedisConnectionFailureException: Unable to connect to Redis; nested exception is io.lettuce.core.RedisConnectionException: Unable to connect to 127.0.0.1:6379
Caused by: io.lettuce.core.RedisConnectionException: Unable to connect to 127.0.0.1:6379
Caused by: io.netty.channel.AbstractChannel$AnnotatedConnectException: syscall:getsockopt(..) failed: Connection refused: /127.0.0.1:6379
Caused by: io.netty.channel.unix.Errors$NativeConnectException: syscall:getsockopt(..) failed: Connection refused
</error>
  </testcase>
  <testcase name="testContainsObject[7]" classname="org.springframework.data.redis.support.collections.RedisListTests" time="0.001">
    <error message="Unable to connect to Redis; nested exception is io.lettuce.core.RedisConnectionException: Unable to connect to 127.0.0.1:6379" type="org.springframework.data.redis.RedisConnectionFailureException">org.springframework.data.redis.RedisConnectionFailureException: Unable to connect to Redis; nested exception is io.lettuce.core.RedisConnectionException: Unable to connect to 127.0.0.1:6379
Caused by: io.lettuce.core.RedisConnectionException: Unable to connect to 127.0.0.1:6379
Caused by: io.netty.channel.AbstractChannel$AnnotatedConnectException: syscall:getsockopt(..) failed: Connection refused: /127.0.0.1:6379
Caused by: io.netty.channel.unix.Errors$NativeConnectException: syscall:getsockopt(..) failed: Connection refused
</error>
  </testcase>
  <testcase name="testContainsObject[7]" classname="org.springframework.data.redis.support.collections.RedisListTests" time="0.001">
    <error message="Unable to connect to Redis; nested exception is io.lettuce.core.RedisConnectionException: Unable to connect to 127.0.0.1:6379" type="org.springframework.data.redis.RedisConnectionFailureException">org.springframework.data.redis.RedisConnectionFailureException: Unable to connect to Redis; nested exception is io.lettuce.core.RedisConnectionException: Unable to connect to 127.0.0.1:6379
Caused by: io.lettuce.core.RedisConnectionException: Unable to connect to 127.0.0.1:6379
Caused by: io.netty.channel.AbstractChannel$AnnotatedConnectException: syscall:getsockopt(..) failed: Connection refused: /127.0.0.1:6379
Caused by: io.netty.channel.unix.Errors$NativeConnectException: syscall:getsockopt(..) failed: Connection refused
</error>
  </testcase>
  <testcase name="testToArray[7]" classname="org.springframework.data.redis.support.collections.RedisListTests" time="0.001">
    <error message="Unable to connect to Redis; nested exception is io.lettuce.core.RedisConnectionException: Unable to connect to 127.0.0.1:6379" type="org.springframework.data.redis.RedisConnectionFailureException">org.springframework.data.redis.RedisConnectionFailureException: Unable to connect to Redis; nested exception is io.lettuce.core.RedisConnectionException: Unable to connect to 127.0.0.1:6379
Caused by: io.lettuce.core.RedisConnectionException: Unable to connect to 127.0.0.1:6379
Caused by: io.netty.channel.AbstractChannel$AnnotatedConnectException: syscall:getsockopt(..) failed: Connection refused: /127.0.0.1:6379
Caused by: io.netty.channel.unix.Errors$NativeConnectException: syscall:getsockopt(..) failed: Connection refused
</error>
  </testcase>
  <testcase name="testToArray[7]" classname="org.springframework.data.redis.support.collections.RedisListTests" time="0.002">
    <error message="Unable to connect to Redis; nested exception is io.lettuce.core.RedisConnectionException: Unable to connect to 127.0.0.1:6379" type="org.springframework.data.redis.RedisConnectionFailureException">org.springframework.data.redis.RedisConnectionFailureException: Unable to connect to Redis; nested exception is io.lettuce.core.RedisConnectionException: Unable to connect to 127.0.0.1:6379
Caused by: io.lettuce.core.RedisConnectionException: Unable to connect to 127.0.0.1:6379
Caused by: io.netty.channel.AbstractChannel$AnnotatedConnectException: syscall:getsockopt(..) failed: Connection refused: /127.0.0.1:6379
Caused by: io.netty.channel.unix.Errors$NativeConnectException: syscall:getsockopt(..) failed: Connection refused
</error>
  </testcase>
  <testcase name="testAdd[7]" classname="org.springframework.data.redis.support.collections.RedisListTests" time="0.001">
    <error message="Unable to connect to Redis; nested exception is io.lettuce.core.RedisConnectionException: Unable to connect to 127.0.0.1:6379" type="org.springframework.data.redis.RedisConnectionFailureException">org.springframework.data.redis.RedisConnectionFailureException: Unable to connect to Redis; nested exception is io.lettuce.core.RedisConnectionException: Unable to connect to 127.0.0.1:6379
Caused by: io.lettuce.core.RedisConnectionException: Unable to connect to 127.0.0.1:6379
Caused by: io.netty.channel.AbstractChannel$AnnotatedConnectException: syscall:getsockopt(..) failed: Connection refused: /127.0.0.1:6379
Caused by: io.netty.channel.unix.Errors$NativeConnectException: syscall:getsockopt(..) failed: Connection refused
</error>
  </testcase>
  <testcase name="testAdd[7]" classname="org.springframework.data.redis.support.collections.RedisListTests" time="0.001">
    <error message="Unable to connect to Redis; nested exception is io.lettuce.core.RedisConnectionException: Unable to connect to 127.0.0.1:6379" type="org.springframework.data.redis.RedisConnectionFailureException">org.springframework.data.redis.RedisConnectionFailureException: Unable to connect to Redis; nested exception is io.lettuce.core.RedisConnectionException: Unable to connect to 127.0.0.1:6379
Caused by: io.lettuce.core.RedisConnectionException: Unable to connect to 127.0.0.1:6379
Caused by: io.netty.channel.AbstractChannel$AnnotatedConnectException: syscall:getsockopt(..) failed: Connection refused: /127.0.0.1:6379
Caused by: io.netty.channel.unix.Errors$NativeConnectException: syscall:getsockopt(..) failed: Connection refused
</error>
  </testcase>
  <testcase name="testClear[7]" classname="org.springframework.data.redis.support.collections.RedisListTests" time="0.001">
    <error message="Unable to connect to Redis; nested exception is io.lettuce.core.RedisConnectionException: Unable to connect to 127.0.0.1:6379" type="org.springframework.data.redis.RedisConnectionFailureException">org.springframework.data.redis.RedisConnectionFailureException: Unable to connect to Redis; nested exception is io.lettuce.core.RedisConnectionException: Unable to connect to 127.0.0.1:6379
Caused by: io.lettuce.core.RedisConnectionException: Unable to connect to 127.0.0.1:6379
Caused by: io.netty.channel.AbstractChannel$AnnotatedConnectException: syscall:getsockopt(..) failed: Connection refused: /127.0.0.1:6379
Caused by: io.netty.channel.unix.Errors$NativeConnectException: syscall:getsockopt(..) failed: Connection refused
</error>
  </testcase>
  <testcase name="testClear[7]" classname="org.springframework.data.redis.support.collections.RedisListTests" time="0.001">
    <error message="Unable to connect to Redis; nested exception is io.lettuce.core.RedisConnectionException: Unable to connect to 127.0.0.1:6379" type="org.springframework.data.redis.RedisConnectionFailureException">org.springframework.data.redis.RedisConnectionFailureException: Unable to connect to Redis; nested exception is io.lettuce.core.RedisConnectionException: Unable to connect to 127.0.0.1:6379
Caused by: io.lettuce.core.RedisConnectionException: Unable to connect to 127.0.0.1:6379
Caused by: io.netty.channel.AbstractChannel$AnnotatedConnectException: syscall:getsockopt(..) failed: Connection refused: /127.0.0.1:6379
Caused by: io.netty.channel.unix.Errors$NativeConnectException: syscall:getsockopt(..) failed: Connection refused
</error>
  </testcase>
  <testcase name="testSize[7]" classname="org.springframework.data.redis.support.collections.RedisListTests" time="0.001">
    <error message="Unable to connect to Redis; nested exception is io.lettuce.core.RedisConnectionException: Unable to connect to 127.0.0.1:6379" type="org.springframework.data.redis.RedisConnectionFailureException">org.springframework.data.redis.RedisConnectionFailureException: Unable to connect to Redis; nested exception is io.lettuce.core.RedisConnectionException: Unable to connect to 127.0.0.1:6379
Caused by: io.lettuce.core.RedisConnectionException: Unable to connect to 127.0.0.1:6379
Caused by: io.netty.channel.AbstractChannel$AnnotatedConnectException: syscall:getsockopt(..) failed: Connection refused: /127.0.0.1:6379
Caused by: io.netty.channel.unix.Errors$NativeConnectException: syscall:getsockopt(..) failed: Connection refused
</error>
  </testcase>
  <testcase name="testSize[7]" classname="org.springframework.data.redis.support.collections.RedisListTests" time="0.001">
    <error message="Unable to connect to Redis; nested exception is io.lettuce.core.RedisConnectionException: Unable to connect to 127.0.0.1:6379" type="org.springframework.data.redis.RedisConnectionFailureException">org.springframework.data.redis.RedisConnectionFailureException: Unable to connect to Redis; nested exception is io.lettuce.core.RedisConnectionException: Unable to connect to 127.0.0.1:6379
Caused by: io.lettuce.core.RedisConnectionException: Unable to connect to 127.0.0.1:6379
Caused by: io.netty.channel.AbstractChannel$AnnotatedConnectException: syscall:getsockopt(..) failed: Connection refused: /127.0.0.1:6379
Caused by: io.netty.channel.unix.Errors$NativeConnectException: syscall:getsockopt(..) failed: Connection refused
</error>
  </testcase>
  <testcase name="testToString[7]" classname="org.springframework.data.redis.support.collections.RedisListTests" time="0.001">
    <error message="Unable to connect to Redis; nested exception is io.lettuce.core.RedisConnectionException: Unable to connect to 127.0.0.1:6379" type="org.springframework.data.redis.RedisConnectionFailureException">org.springframework.data.redis.RedisConnectionFailureException: Unable to connect to Redis; nested exception is io.lettuce.core.RedisConnectionException: Unable to connect to 127.0.0.1:6379
Caused by: io.lettuce.core.RedisConnectionException: Unable to connect to 127.0.0.1:6379
Caused by: io.netty.channel.AbstractChannel$AnnotatedConnectException: syscall:getsockopt(..) failed: Connection refused: /127.0.0.1:6379
Caused by: io.netty.channel.unix.Errors$NativeConnectException: syscall:getsockopt(..) failed: Connection refused
</error>
  </testcase>
  <testcase name="testToString[7]" classname="org.springframework.data.redis.support.collections.RedisListTests" time="0.002">
    <error message="Unable to connect to Redis; nested exception is io.lettuce.core.RedisConnectionException: Unable to connect to 127.0.0.1:6379" type="org.springframework.data.redis.RedisConnectionFailureException">org.springframework.data.redis.RedisConnectionFailureException: Unable to connect to Redis; nested exception is io.lettuce.core.RedisConnectionException: Unable to connect to 127.0.0.1:6379
Caused by: io.lettuce.core.RedisConnectionException: Unable to connect to 127.0.0.1:6379
Caused by: io.netty.channel.AbstractChannel$AnnotatedConnectException: syscall:getsockopt(..) failed: Connection refused: /127.0.0.1:6379
Caused by: io.netty.channel.unix.Errors$NativeConnectException: syscall:getsockopt(..) failed: Connection refused
</error>
  </testcase>
  <testcase name="testContainsAll[7]" classname="org.springframework.data.redis.support.collections.RedisListTests" time="0.001">
    <error message="Unable to connect to Redis; nested exception is io.lettuce.core.RedisConnectionException: Unable to connect to 127.0.0.1:6379" type="org.springframework.data.redis.RedisConnectionFailureException">org.springframework.data.redis.RedisConnectionFailureException: Unable to connect to Redis; nested exception is io.lettuce.core.RedisConnectionException: Unable to connect to 127.0.0.1:6379
Caused by: io.lettuce.core.RedisConnectionException: Unable to connect to 127.0.0.1:6379
Caused by: io.netty.channel.AbstractChannel$AnnotatedConnectException: syscall:getsockopt(..) failed: Connection refused: /127.0.0.1:6379
Caused by: io.netty.channel.unix.Errors$NativeConnectException: syscall:getsockopt(..) failed: Connection refused
</error>
  </testcase>
  <testcase name="testContainsAll[7]" classname="org.springframework.data.redis.support.collections.RedisListTests" time="0.001">
    <error message="Unable to connect to Redis; nested exception is io.lettuce.core.RedisConnectionException: Unable to connect to 127.0.0.1:6379" type="org.springframework.data.redis.RedisConnectionFailureException">org.springframework.data.redis.RedisConnectionFailureException: Unable to connect to Redis; nested exception is io.lettuce.core.RedisConnectionException: Unable to connect to 127.0.0.1:6379
Caused by: io.lettuce.core.RedisConnectionException: Unable to connect to 127.0.0.1:6379
Caused by: io.netty.channel.AbstractChannel$AnnotatedConnectException: syscall:getsockopt(..) failed: Connection refused: /127.0.0.1:6379
Caused by: io.netty.channel.unix.Errors$NativeConnectException: syscall:getsockopt(..) failed: Connection refused
</error>
  </testcase>
  <testcase name="testRemoveObject[7]" classname="org.springframework.data.redis.support.collections.RedisListTests" time="0.001">
    <error message="Unable to connect to Redis; nested exception is io.lettuce.core.RedisConnectionException: Unable to connect to 127.0.0.1:6379" type="org.springframework.data.redis.RedisConnectionFailureException">org.springframework.data.redis.RedisConnectionFailureException: Unable to connect to Redis; nested exception is io.lettuce.core.RedisConnectionException: Unable to connect to 127.0.0.1:6379
Caused by: io.lettuce.core.RedisConnectionException: Unable to connect to 127.0.0.1:6379
Caused by: io.netty.channel.AbstractChannel$AnnotatedConnectException: syscall:getsockopt(..) failed: Connection refused: /127.0.0.1:6379
Caused by: io.netty.channel.unix.Errors$NativeConnectException: syscall:getsockopt(..) failed: Connection refused
</error>
  </testcase>
  <testcase name="testRemoveObject[7]" classname="org.springframework.data.redis.support.collections.RedisListTests" time="0.001">
    <error message="Unable to connect to Redis; nested exception is io.lettuce.core.RedisConnectionException: Unable to connect to 127.0.0.1:6379" type="org.springframework.data.redis.RedisConnectionFailureException">org.springframework.data.redis.RedisConnectionFailureException: Unable to connect to Redis; nested exception is io.lettuce.core.RedisConnectionException: Unable to connect to 127.0.0.1:6379
Caused by: io.lettuce.core.RedisConnectionException: Unable to connect to 127.0.0.1:6379
Caused by: io.netty.channel.AbstractChannel$AnnotatedConnectException: syscall:getsockopt(..) failed: Connection refused: /127.0.0.1:6379
Caused by: io.netty.channel.unix.Errors$NativeConnectException: syscall:getsockopt(..) failed: Connection refused
</error>
  </testcase>
  <testcase name="testHashCode[7]" classname="org.springframework.data.redis.support.collections.RedisListTests" time="0.001">
    <error message="Unable to connect to Redis; nested exception is io.lettuce.core.RedisConnectionException: Unable to connect to 127.0.0.1:6379" type="org.springframework.data.redis.RedisConnectionFailureException">org.springframework.data.redis.RedisConnectionFailureException: Unable to connect to Redis; nested exception is io.lettuce.core.RedisConnectionException: Unable to connect to 127.0.0.1:6379
Caused by: io.lettuce.core.RedisConnectionException: Unable to connect to 127.0.0.1:6379
Caused by: io.netty.channel.AbstractChannel$AnnotatedConnectException: syscall:getsockopt(..) failed: Connection refused: /127.0.0.1:6379
Caused by: io.netty.channel.unix.Errors$NativeConnectException: syscall:getsockopt(..) failed: Connection refused
</error>
  </testcase>
  <testcase name="testAddAll[7]" classname="org.springframework.data.redis.support.collections.RedisListTests" time="0.001">
    <error message="Unable to connect to Redis; nested exception is io.lettuce.core.RedisConnectionException: Unable to connect to 127.0.0.1:6379" type="org.springframework.data.redis.RedisConnectionFailureException">org.springframework.data.redis.RedisConnectionFailureException: Unable to connect to Redis; nested exception is io.lettuce.core.RedisConnectionException: Unable to connect to 127.0.0.1:6379
Caused by: io.lettuce.core.RedisConnectionException: Unable to connect to 127.0.0.1:6379
Caused by: io.netty.channel.AbstractChannel$AnnotatedConnectException: syscall:getsockopt(..) failed: Connection refused: /127.0.0.1:6379
Caused by: io.netty.channel.unix.Errors$NativeConnectException: syscall:getsockopt(..) failed: Connection refused
</error>
  </testcase>
  <testcase name="testAddAll[7]" classname="org.springframework.data.redis.support.collections.RedisListTests" time="0.002">
    <error message="Unable to connect to Redis; nested exception is io.lettuce.core.RedisConnectionException: Unable to connect to 127.0.0.1:6379" type="org.springframework.data.redis.RedisConnectionFailureException">org.springframework.data.redis.RedisConnectionFailureException: Unable to connect to Redis; nested exception is io.lettuce.core.RedisConnectionException: Unable to connect to 127.0.0.1:6379
Caused by: io.lettuce.core.RedisConnectionException: Unable to connect to 127.0.0.1:6379
Caused by: io.netty.channel.AbstractChannel$AnnotatedConnectException: syscall:getsockopt(..) failed: Connection refused: /127.0.0.1:6379
Caused by: io.netty.channel.unix.Errors$NativeConnectException: syscall:getsockopt(..) failed: Connection refused
</error>
  </testcase>
  <testcase name="removeAll[7]" classname="org.springframework.data.redis.support.collections.RedisListTests" time="0.001">
    <error message="Unable to connect to Redis; nested exception is io.lettuce.core.RedisConnectionException: Unable to connect to 127.0.0.1:6379" type="org.springframework.data.redis.RedisConnectionFailureException">org.springframework.data.redis.RedisConnectionFailureException: Unable to connect to Redis; nested exception is io.lettuce.core.RedisConnectionException: Unable to connect to 127.0.0.1:6379
Caused by: io.lettuce.core.RedisConnectionException: Unable to connect to 127.0.0.1:6379
Caused by: io.netty.channel.AbstractChannel$AnnotatedConnectException: syscall:getsockopt(..) failed: Connection refused: /127.0.0.1:6379
Caused by: io.netty.channel.unix.Errors$NativeConnectException: syscall:getsockopt(..) failed: Connection refused
</error>
  </testcase>
  <testcase name="removeAll[7]" classname="org.springframework.data.redis.support.collections.RedisListTests" time="0.001">
    <error message="Unable to connect to Redis; nested exception is io.lettuce.core.RedisConnectionException: Unable to connect to 127.0.0.1:6379" type="org.springframework.data.redis.RedisConnectionFailureException">org.springframework.data.redis.RedisConnectionFailureException: Unable to connect to Redis; nested exception is io.lettuce.core.RedisConnectionException: Unable to connect to 127.0.0.1:6379
Caused by: io.lettuce.core.RedisConnectionException: Unable to connect to 127.0.0.1:6379
Caused by: io.netty.channel.AbstractChannel$AnnotatedConnectException: syscall:getsockopt(..) failed: Connection refused: /127.0.0.1:6379
Caused by: io.netty.channel.unix.Errors$NativeConnectException: syscall:getsockopt(..) failed: Connection refused
</error>
  </testcase>
  <testcase name="testEquals[7]" classname="org.springframework.data.redis.support.collections.RedisListTests" time="0.001">
    <error message="Unable to connect to Redis; nested exception is io.lettuce.core.RedisConnectionException: Unable to connect to 127.0.0.1:6379" type="org.springframework.data.redis.RedisConnectionFailureException">org.springframework.data.redis.RedisConnectionFailureException: Unable to connect to Redis; nested exception is io.lettuce.core.RedisConnectionException: Unable to connect to 127.0.0.1:6379
Caused by: io.lettuce.core.RedisConnectionException: Unable to connect to 127.0.0.1:6379
Caused by: io.netty.channel.AbstractChannel$AnnotatedConnectException: syscall:getsockopt(..) failed: Connection refused: /127.0.0.1:6379
Caused by: io.netty.channel.unix.Errors$NativeConnectException: syscall:getsockopt(..) failed: Connection refused
</error>
  </testcase>
  <testcase name="testGetKey[7]" classname="org.springframework.data.redis.support.collections.RedisListTests" time="0.001">
    <error message="Unable to connect to Redis; nested exception is io.lettuce.core.RedisConnectionException: Unable to connect to 127.0.0.1:6379" type="org.springframework.data.redis.RedisConnectionFailureException">org.springframework.data.redis.RedisConnectionFailureException: Unable to connect to Redis; nested exception is io.lettuce.core.RedisConnectionException: Unable to connect to 127.0.0.1:6379
Caused by: io.lettuce.core.RedisConnectionException: Unable to connect to 127.0.0.1:6379
Caused by: io.netty.channel.AbstractChannel$AnnotatedConnectException: syscall:getsockopt(..) failed: Connection refused: /127.0.0.1:6379
Caused by: io.netty.channel.unix.Errors$NativeConnectException: syscall:getsockopt(..) failed: Connection refused
</error>
  </testcase>
  <testcase name="testToArrayWithGenerics[7]" classname="org.springframework.data.redis.support.collections.RedisListTests" time="0.001">
    <error message="Unable to connect to Redis; nested exception is io.lettuce.core.RedisConnectionException: Unable to connect to 127.0.0.1:6379" type="org.springframework.data.redis.RedisConnectionFailureException">org.springframework.data.redis.RedisConnectionFailureException: Unable to connect to Redis; nested exception is io.lettuce.core.RedisConnectionException: Unable to connect to 127.0.0.1:6379
Caused by: io.lettuce.core.RedisConnectionException: Unable to connect to 127.0.0.1:6379
Caused by: io.netty.channel.AbstractChannel$AnnotatedConnectException: syscall:getsockopt(..) failed: Connection refused: /127.0.0.1:6379
Caused by: io.netty.channel.unix.Errors$NativeConnectException: syscall:getsockopt(..) failed: Connection refused
</error>
  </testcase>
  <testcase name="testToArrayWithGenerics[7]" classname="org.springframework.data.redis.support.collections.RedisListTests" time="0.001">
    <error message="Unable to connect to Redis; nested exception is io.lettuce.core.RedisConnectionException: Unable to connect to 127.0.0.1:6379" type="org.springframework.data.redis.RedisConnectionFailureException">org.springframework.data.redis.RedisConnectionFailureException: Unable to connect to Redis; nested exception is io.lettuce.core.RedisConnectionException: Unable to connect to 127.0.0.1:6379
Caused by: io.lettuce.core.RedisConnectionException: Unable to connect to 127.0.0.1:6379
Caused by: io.netty.channel.AbstractChannel$AnnotatedConnectException: syscall:getsockopt(..) failed: Connection refused: /127.0.0.1:6379
Caused by: io.netty.channel.unix.Errors$NativeConnectException: syscall:getsockopt(..) failed: Connection refused
</error>
  </testcase>
  <testcase name="testIsEmpty[7]" classname="org.springframework.data.redis.support.collections.RedisListTests" time="0.001">
    <error message="Unable to connect to Redis; nested exception is io.lettuce.core.RedisConnectionException: Unable to connect to 127.0.0.1:6379" type="org.springframework.data.redis.RedisConnectionFailureException">org.springframework.data.redis.RedisConnectionFailureException: Unable to connect to Redis; nested exception is io.lettuce.core.RedisConnectionException: Unable to connect to 127.0.0.1:6379
Caused by: io.lettuce.core.RedisConnectionException: Unable to connect to 127.0.0.1:6379
Caused by: io.netty.channel.AbstractChannel$AnnotatedConnectException: syscall:getsockopt(..) failed: Connection refused: /127.0.0.1:6379
Caused by: io.netty.channel.unix.Errors$NativeConnectException: syscall:getsockopt(..) failed: Connection refused
</error>
  </testcase>
  <testcase name="testIsEmpty[7]" classname="org.springframework.data.redis.support.collections.RedisListTests" time="0.001">
    <error message="Unable to connect to Redis; nested exception is io.lettuce.core.RedisConnectionException: Unable to connect to 127.0.0.1:6379" type="org.springframework.data.redis.RedisConnectionFailureException">org.springframework.data.redis.RedisConnectionFailureException: Unable to connect to Redis; nested exception is io.lettuce.core.RedisConnectionException: Unable to connect to 127.0.0.1:6379
Caused by: io.lettuce.core.RedisConnectionException: Unable to connect to 127.0.0.1:6379
Caused by: io.netty.channel.AbstractChannel$AnnotatedConnectException: syscall:getsockopt(..) failed: Connection refused: /127.0.0.1:6379
Caused by: io.netty.channel.unix.Errors$NativeConnectException: syscall:getsockopt(..) failed: Connection refused
</error>
  </testcase>
  <testcase name="testIterator[7]" classname="org.springframework.data.redis.support.collections.RedisListTests" time="0.001">
    <error message="Unable to connect to Redis; nested exception is io.lettuce.core.RedisConnectionException: Unable to connect to 127.0.0.1:6379" type="org.springframework.data.redis.RedisConnectionFailureException">org.springframework.data.redis.RedisConnectionFailureException: Unable to connect to Redis; nested exception is io.lettuce.core.RedisConnectionException: Unable to connect to 127.0.0.1:6379
Caused by: io.lettuce.core.RedisConnectionException: Unable to connect to 127.0.0.1:6379
Caused by: io.netty.channel.AbstractChannel$AnnotatedConnectException: syscall:getsockopt(..) failed: Connection refused: /127.0.0.1:6379
Caused by: io.netty.channel.unix.Errors$NativeConnectException: syscall:getsockopt(..) failed: Connection refused
</error>
  </testcase>
  <testcase name="testIterator[7]" classname="org.springframework.data.redis.support.collections.RedisListTests" time="0.001">
    <error message="Unable to connect to Redis; nested exception is io.lettuce.core.RedisConnectionException: Unable to connect to 127.0.0.1:6379" type="org.springframework.data.redis.RedisConnectionFailureException">org.springframework.data.redis.RedisConnectionFailureException: Unable to connect to Redis; nested exception is io.lettuce.core.RedisConnectionException: Unable to connect to 127.0.0.1:6379
Caused by: io.lettuce.core.RedisConnectionException: Unable to connect to 127.0.0.1:6379
Caused by: io.netty.channel.AbstractChannel$AnnotatedConnectException: syscall:getsockopt(..) failed: Connection refused: /127.0.0.1:6379
Caused by: io.netty.channel.unix.Errors$NativeConnectException: syscall:getsockopt(..) failed: Connection refused
</error>
  </testcase>
  <testcase name="testElement[8]" classname="org.springframework.data.redis.support.collections.RedisListTests" time="0.001">
    <error message="Unable to connect to Redis; nested exception is io.lettuce.core.RedisConnectionException: Unable to connect to 127.0.0.1:6379" type="org.springframework.data.redis.RedisConnectionFailureException">org.springframework.data.redis.RedisConnectionFailureException: Unable to connect to Redis; nested exception is io.lettuce.core.RedisConnectionException: Unable to connect to 127.0.0.1:6379
Caused by: io.lettuce.core.RedisConnectionException: Unable to connect to 127.0.0.1:6379
Caused by: io.netty.channel.AbstractChannel$AnnotatedConnectException: syscall:getsockopt(..) failed: Connection refused: /127.0.0.1:6379
Caused by: io.netty.channel.unix.Errors$NativeConnectException: syscall:getsockopt(..) failed: Connection refused
</error>
  </testcase>
  <testcase name="testElement[8]" classname="org.springframework.data.redis.support.collections.RedisListTests" time="0.001">
    <error message="Unable to connect to Redis; nested exception is io.lettuce.core.RedisConnectionException: Unable to connect to 127.0.0.1:6379" type="org.springframework.data.redis.RedisConnectionFailureException">org.springframework.data.redis.RedisConnectionFailureException: Unable to connect to Redis; nested exception is io.lettuce.core.RedisConnectionException: Unable to connect to 127.0.0.1:6379
Caused by: io.lettuce.core.RedisConnectionException: Unable to connect to 127.0.0.1:6379
Caused by: io.netty.channel.AbstractChannel$AnnotatedConnectException: syscall:getsockopt(..) failed: Connection refused: /127.0.0.1:6379
Caused by: io.netty.channel.unix.Errors$NativeConnectException: syscall:getsockopt(..) failed: Connection refused
</error>
  </testcase>
  <testcase name="testPutFirst[8]" classname="org.springframework.data.redis.support.collections.RedisListTests" time="0.001">
    <error message="Unable to connect to Redis; nested exception is io.lettuce.core.RedisConnectionException: Unable to connect to 127.0.0.1:6379" type="org.springframework.data.redis.RedisConnectionFailureException">org.springframework.data.redis.RedisConnectionFailureException: Unable to connect to Redis; nested exception is io.lettuce.core.RedisConnectionException: Unable to connect to 127.0.0.1:6379
Caused by: io.lettuce.core.RedisConnectionException: Unable to connect to 127.0.0.1:6379
Caused by: io.netty.channel.AbstractChannel$AnnotatedConnectException: syscall:getsockopt(..) failed: Connection refused: /127.0.0.1:6379
Caused by: io.netty.channel.unix.Errors$NativeConnectException: syscall:getsockopt(..) failed: Connection refused
</error>
  </testcase>
  <testcase name="testPutFirst[8]" classname="org.springframework.data.redis.support.collections.RedisListTests" time="0.002">
    <error message="Unable to connect to Redis; nested exception is io.lettuce.core.RedisConnectionException: Unable to connect to 127.0.0.1:6379" type="org.springframework.data.redis.RedisConnectionFailureException">org.springframework.data.redis.RedisConnectionFailureException: Unable to connect to Redis; nested exception is io.lettuce.core.RedisConnectionException: Unable to connect to 127.0.0.1:6379
Caused by: io.lettuce.core.RedisConnectionException: Unable to connect to 127.0.0.1:6379
Caused by: io.netty.channel.AbstractChannel$AnnotatedConnectException: syscall:getsockopt(..) failed: Connection refused: /127.0.0.1:6379
Caused by: io.netty.channel.unix.Errors$NativeConnectException: syscall:getsockopt(..) failed: Connection refused
</error>
  </testcase>
  <testcase name="testPollLastTimeout[8]" classname="org.springframework.data.redis.support.collections.RedisListTests" time="0.001">
    <error message="Unable to connect to Redis; nested exception is io.lettuce.core.RedisConnectionException: Unable to connect to 127.0.0.1:6379" type="org.springframework.data.redis.RedisConnectionFailureException">org.springframework.data.redis.RedisConnectionFailureException: Unable to connect to Redis; nested exception is io.lettuce.core.RedisConnectionException: Unable to connect to 127.0.0.1:6379
Caused by: io.lettuce.core.RedisConnectionException: Unable to connect to 127.0.0.1:6379
Caused by: io.netty.channel.AbstractChannel$AnnotatedConnectException: syscall:getsockopt(..) failed: Connection refused: /127.0.0.1:6379
Caused by: io.netty.channel.unix.Errors$NativeConnectException: syscall:getsockopt(..) failed: Connection refused
</error>
  </testcase>
  <testcase name="testPollLastTimeout[8]" classname="org.springframework.data.redis.support.collections.RedisListTests" time="0.001">
    <error message="Unable to connect to Redis; nested exception is io.lettuce.core.RedisConnectionException: Unable to connect to 127.0.0.1:6379" type="org.springframework.data.redis.RedisConnectionFailureException">org.springframework.data.redis.RedisConnectionFailureException: Unable to connect to Redis; nested exception is io.lettuce.core.RedisConnectionException: Unable to connect to 127.0.0.1:6379
Caused by: io.lettuce.core.RedisConnectionException: Unable to connect to 127.0.0.1:6379
Caused by: io.netty.channel.AbstractChannel$AnnotatedConnectException: syscall:getsockopt(..) failed: Connection refused: /127.0.0.1:6379
Caused by: io.netty.channel.unix.Errors$NativeConnectException: syscall:getsockopt(..) failed: Connection refused
</error>
  </testcase>
  <testcase name="testPeekFirst[8]" classname="org.springframework.data.redis.support.collections.RedisListTests" time="0.001">
    <error message="Unable to connect to Redis; nested exception is io.lettuce.core.RedisConnectionException: Unable to connect to 127.0.0.1:6379" type="org.springframework.data.redis.RedisConnectionFailureException">org.springframework.data.redis.RedisConnectionFailureException: Unable to connect to Redis; nested exception is io.lettuce.core.RedisConnectionException: Unable to connect to 127.0.0.1:6379
Caused by: io.lettuce.core.RedisConnectionException: Unable to connect to 127.0.0.1:6379
Caused by: io.netty.channel.AbstractChannel$AnnotatedConnectException: syscall:getsockopt(..) failed: Connection refused: /127.0.0.1:6379
Caused by: io.netty.channel.unix.Errors$NativeConnectException: syscall:getsockopt(..) failed: Connection refused
</error>
  </testcase>
  <testcase name="testPeekFirst[8]" classname="org.springframework.data.redis.support.collections.RedisListTests" time="0.001">
    <error message="Unable to connect to Redis; nested exception is io.lettuce.core.RedisConnectionException: Unable to connect to 127.0.0.1:6379" type="org.springframework.data.redis.RedisConnectionFailureException">org.springframework.data.redis.RedisConnectionFailureException: Unable to connect to Redis; nested exception is io.lettuce.core.RedisConnectionException: Unable to connect to 127.0.0.1:6379
Caused by: io.lettuce.core.RedisConnectionException: Unable to connect to 127.0.0.1:6379
Caused by: io.netty.channel.AbstractChannel$AnnotatedConnectException: syscall:getsockopt(..) failed: Connection refused: /127.0.0.1:6379
Caused by: io.netty.channel.unix.Errors$NativeConnectException: syscall:getsockopt(..) failed: Connection refused
</error>
  </testcase>
  <testcase name="testOfferLast[8]" classname="org.springframework.data.redis.support.collections.RedisListTests" time="0.001">
    <error message="Unable to connect to Redis; nested exception is io.lettuce.core.RedisConnectionException: Unable to connect to 127.0.0.1:6379" type="org.springframework.data.redis.RedisConnectionFailureException">org.springframework.data.redis.RedisConnectionFailureException: Unable to connect to Redis; nested exception is io.lettuce.core.RedisConnectionException: Unable to connect to 127.0.0.1:6379
Caused by: io.lettuce.core.RedisConnectionException: Unable to connect to 127.0.0.1:6379
Caused by: io.netty.channel.AbstractChannel$AnnotatedConnectException: syscall:getsockopt(..) failed: Connection refused: /127.0.0.1:6379
Caused by: io.netty.channel.unix.Errors$NativeConnectException: syscall:getsockopt(..) failed: Connection refused
</error>
  </testcase>
  <testcase name="testOfferLast[8]" classname="org.springframework.data.redis.support.collections.RedisListTests" time="0.001">
    <error message="Unable to connect to Redis; nested exception is io.lettuce.core.RedisConnectionException: Unable to connect to 127.0.0.1:6379" type="org.springframework.data.redis.RedisConnectionFailureException">org.springframework.data.redis.RedisConnectionFailureException: Unable to connect to Redis; nested exception is io.lettuce.core.RedisConnectionException: Unable to connect to 127.0.0.1:6379
Caused by: io.lettuce.core.RedisConnectionException: Unable to connect to 127.0.0.1:6379
Caused by: io.netty.channel.AbstractChannel$AnnotatedConnectException: syscall:getsockopt(..) failed: Connection refused: /127.0.0.1:6379
Caused by: io.netty.channel.unix.Errors$NativeConnectException: syscall:getsockopt(..) failed: Connection refused
</error>
  </testcase>
  <testcase name="testGetFirst[8]" classname="org.springframework.data.redis.support.collections.RedisListTests" time="0.001">
    <error message="Unable to connect to Redis; nested exception is io.lettuce.core.RedisConnectionException: Unable to connect to 127.0.0.1:6379" type="org.springframework.data.redis.RedisConnectionFailureException">org.springframework.data.redis.RedisConnectionFailureException: Unable to connect to Redis; nested exception is io.lettuce.core.RedisConnectionException: Unable to connect to 127.0.0.1:6379
Caused by: io.lettuce.core.RedisConnectionException: Unable to connect to 127.0.0.1:6379
Caused by: io.netty.channel.AbstractChannel$AnnotatedConnectException: syscall:getsockopt(..) failed: Connection refused: /127.0.0.1:6379
Caused by: io.netty.channel.unix.Errors$NativeConnectException: syscall:getsockopt(..) failed: Connection refused
</error>
  </testcase>
  <testcase name="testGetFirst[8]" classname="org.springframework.data.redis.support.collections.RedisListTests" time="0.001">
    <error message="Unable to connect to Redis; nested exception is io.lettuce.core.RedisConnectionException: Unable to connect to 127.0.0.1:6379" type="org.springframework.data.redis.RedisConnectionFailureException">org.springframework.data.redis.RedisConnectionFailureException: Unable to connect to Redis; nested exception is io.lettuce.core.RedisConnectionException: Unable to connect to 127.0.0.1:6379
Caused by: io.lettuce.core.RedisConnectionException: Unable to connect to 127.0.0.1:6379
Caused by: io.netty.channel.AbstractChannel$AnnotatedConnectException: syscall:getsockopt(..) failed: Connection refused: /127.0.0.1:6379
Caused by: io.netty.channel.unix.Errors$NativeConnectException: syscall:getsockopt(..) failed: Connection refused
</error>
  </testcase>
  <testcase name="testAddLast[8]" classname="org.springframework.data.redis.support.collections.RedisListTests" time="0.001">
    <error message="Unable to connect to Redis; nested exception is io.lettuce.core.RedisConnectionException: Unable to connect to 127.0.0.1:6379" type="org.springframework.data.redis.RedisConnectionFailureException">org.springframework.data.redis.RedisConnectionFailureException: Unable to connect to Redis; nested exception is io.lettuce.core.RedisConnectionException: Unable to connect to 127.0.0.1:6379
Caused by: io.lettuce.core.RedisConnectionException: Unable to connect to 127.0.0.1:6379
Caused by: io.netty.channel.AbstractChannel$AnnotatedConnectException: syscall:getsockopt(..) failed: Connection refused: /127.0.0.1:6379
Caused by: io.netty.channel.unix.Errors$NativeConnectException: syscall:getsockopt(..) failed: Connection refused
</error>
  </testcase>
  <testcase name="testAddLast[8]" classname="org.springframework.data.redis.support.collections.RedisListTests" time="0.001">
    <error message="Unable to connect to Redis; nested exception is io.lettuce.core.RedisConnectionException: Unable to connect to 127.0.0.1:6379" type="org.springframework.data.redis.RedisConnectionFailureException">org.springframework.data.redis.RedisConnectionFailureException: Unable to connect to Redis; nested exception is io.lettuce.core.RedisConnectionException: Unable to connect to 127.0.0.1:6379
Caused by: io.lettuce.core.RedisConnectionException: Unable to connect to 127.0.0.1:6379
Caused by: io.netty.channel.AbstractChannel$AnnotatedConnectException: syscall:getsockopt(..) failed: Connection refused: /127.0.0.1:6379
Caused by: io.netty.channel.unix.Errors$NativeConnectException: syscall:getsockopt(..) failed: Connection refused
</error>
  </testcase>
  <testcase name="testPop[8]" classname="org.springframework.data.redis.support.collections.RedisListTests" time="0.001">
    <error message="Unable to connect to Redis; nested exception is io.lettuce.core.RedisConnectionException: Unable to connect to 127.0.0.1:6379" type="org.springframework.data.redis.RedisConnectionFailureException">org.springframework.data.redis.RedisConnectionFailureException: Unable to connect to Redis; nested exception is io.lettuce.core.RedisConnectionException: Unable to connect to 127.0.0.1:6379
Caused by: io.lettuce.core.RedisConnectionException: Unable to connect to 127.0.0.1:6379
Caused by: io.netty.channel.AbstractChannel$AnnotatedConnectException: syscall:getsockopt(..) failed: Connection refused: /127.0.0.1:6379
Caused by: io.netty.channel.unix.Errors$NativeConnectException: syscall:getsockopt(..) failed: Connection refused
</error>
  </testcase>
  <testcase name="testPop[8]" classname="org.springframework.data.redis.support.collections.RedisListTests" time="0.001">
    <error message="Unable to connect to Redis; nested exception is io.lettuce.core.RedisConnectionException: Unable to connect to 127.0.0.1:6379" type="org.springframework.data.redis.RedisConnectionFailureException">org.springframework.data.redis.RedisConnectionFailureException: Unable to connect to Redis; nested exception is io.lettuce.core.RedisConnectionException: Unable to connect to 127.0.0.1:6379
Caused by: io.lettuce.core.RedisConnectionException: Unable to connect to 127.0.0.1:6379
Caused by: io.netty.channel.AbstractChannel$AnnotatedConnectException: syscall:getsockopt(..) failed: Connection refused: /127.0.0.1:6379
Caused by: io.netty.channel.unix.Errors$NativeConnectException: syscall:getsockopt(..) failed: Connection refused
</error>
  </testcase>
  <testcase name="testPut[8]" classname="org.springframework.data.redis.support.collections.RedisListTests" time="0.002">
    <error message="Unable to connect to Redis; nested exception is io.lettuce.core.RedisConnectionException: Unable to connect to 127.0.0.1:6379" type="org.springframework.data.redis.RedisConnectionFailureException">org.springframework.data.redis.RedisConnectionFailureException: Unable to connect to Redis; nested exception is io.lettuce.core.RedisConnectionException: Unable to connect to 127.0.0.1:6379
Caused by: io.lettuce.core.RedisConnectionException: Unable to connect to 127.0.0.1:6379
Caused by: io.netty.channel.AbstractChannel$AnnotatedConnectException: syscall:getsockopt(..) failed: Connection refused: /127.0.0.1:6379
Caused by: io.netty.channel.unix.Errors$NativeConnectException: syscall:getsockopt(..) failed: Connection refused
</error>
  </testcase>
  <testcase name="testPut[8]" classname="org.springframework.data.redis.support.collections.RedisListTests" time="0.002">
    <error message="Unable to connect to Redis; nested exception is io.lettuce.core.RedisConnectionException: Unable to connect to 127.0.0.1:6379" type="org.springframework.data.redis.RedisConnectionFailureException">org.springframework.data.redis.RedisConnectionFailureException: Unable to connect to Redis; nested exception is io.lettuce.core.RedisConnectionException: Unable to connect to 127.0.0.1:6379
Caused by: io.lettuce.core.RedisConnectionException: Unable to connect to 127.0.0.1:6379
Caused by: io.netty.channel.AbstractChannel$AnnotatedConnectException: syscall:getsockopt(..) failed: Connection refused: /127.0.0.1:6379
Caused by: io.netty.channel.unix.Errors$NativeConnectException: syscall:getsockopt(..) failed: Connection refused
</error>
  </testcase>
  <testcase name="testSet[8]" classname="org.springframework.data.redis.support.collections.RedisListTests" time="0.001">
    <error message="Unable to connect to Redis; nested exception is io.lettuce.core.RedisConnectionException: Unable to connect to 127.0.0.1:6379" type="org.springframework.data.redis.RedisConnectionFailureException">org.springframework.data.redis.RedisConnectionFailureException: Unable to connect to Redis; nested exception is io.lettuce.core.RedisConnectionException: Unable to connect to 127.0.0.1:6379
Caused by: io.lettuce.core.RedisConnectionException: Unable to connect to 127.0.0.1:6379
Caused by: io.netty.channel.AbstractChannel$AnnotatedConnectException: syscall:getsockopt(..) failed: Connection refused: /127.0.0.1:6379
Caused by: io.netty.channel.unix.Errors$NativeConnectException: syscall:getsockopt(..) failed: Connection refused
</error>
  </testcase>
  <testcase name="testSet[8]" classname="org.springframework.data.redis.support.collections.RedisListTests" time="0.001">
    <error message="Unable to connect to Redis; nested exception is io.lettuce.core.RedisConnectionException: Unable to connect to 127.0.0.1:6379" type="org.springframework.data.redis.RedisConnectionFailureException">org.springframework.data.redis.RedisConnectionFailureException: Unable to connect to Redis; nested exception is io.lettuce.core.RedisConnectionException: Unable to connect to 127.0.0.1:6379
Caused by: io.lettuce.core.RedisConnectionException: Unable to connect to 127.0.0.1:6379
Caused by: io.netty.channel.AbstractChannel$AnnotatedConnectException: syscall:getsockopt(..) failed: Connection refused: /127.0.0.1:6379
Caused by: io.netty.channel.unix.Errors$NativeConnectException: syscall:getsockopt(..) failed: Connection refused
</error>
  </testcase>
  <testcase name="testOffer[8]" classname="org.springframework.data.redis.support.collections.RedisListTests" time="0.001">
    <error message="Unable to connect to Redis; nested exception is io.lettuce.core.RedisConnectionException: Unable to connect to 127.0.0.1:6379" type="org.springframework.data.redis.RedisConnectionFailureException">org.springframework.data.redis.RedisConnectionFailureException: Unable to connect to Redis; nested exception is io.lettuce.core.RedisConnectionException: Unable to connect to 127.0.0.1:6379
Caused by: io.lettuce.core.RedisConnectionException: Unable to connect to 127.0.0.1:6379
Caused by: io.netty.channel.AbstractChannel$AnnotatedConnectException: syscall:getsockopt(..) failed: Connection refused: /127.0.0.1:6379
Caused by: io.netty.channel.unix.Errors$NativeConnectException: syscall:getsockopt(..) failed: Connection refused
</error>
  </testcase>
  <testcase name="testOffer[8]" classname="org.springframework.data.redis.support.collections.RedisListTests" time="0.001">
    <error message="Unable to connect to Redis; nested exception is io.lettuce.core.RedisConnectionException: Unable to connect to 127.0.0.1:6379" type="org.springframework.data.redis.RedisConnectionFailureException">org.springframework.data.redis.RedisConnectionFailureException: Unable to connect to Redis; nested exception is io.lettuce.core.RedisConnectionException: Unable to connect to 127.0.0.1:6379
Caused by: io.lettuce.core.RedisConnectionException: Unable to connect to 127.0.0.1:6379
Caused by: io.netty.channel.AbstractChannel$AnnotatedConnectException: syscall:getsockopt(..) failed: Connection refused: /127.0.0.1:6379
Caused by: io.netty.channel.unix.Errors$NativeConnectException: syscall:getsockopt(..) failed: Connection refused
</error>
  </testcase>
  <testcase name="testRange[8]" classname="org.springframework.data.redis.support.collections.RedisListTests" time="0.001">
    <error message="Unable to connect to Redis; nested exception is io.lettuce.core.RedisConnectionException: Unable to connect to 127.0.0.1:6379" type="org.springframework.data.redis.RedisConnectionFailureException">org.springframework.data.redis.RedisConnectionFailureException: Unable to connect to Redis; nested exception is io.lettuce.core.RedisConnectionException: Unable to connect to 127.0.0.1:6379
Caused by: io.lettuce.core.RedisConnectionException: Unable to connect to 127.0.0.1:6379
Caused by: io.netty.channel.AbstractChannel$AnnotatedConnectException: syscall:getsockopt(..) failed: Connection refused: /127.0.0.1:6379
Caused by: io.netty.channel.unix.Errors$NativeConnectException: syscall:getsockopt(..) failed: Connection refused
</error>
  </testcase>
  <testcase name="testRange[8]" classname="org.springframework.data.redis.support.collections.RedisListTests" time="0.001">
    <error message="Unable to connect to Redis; nested exception is io.lettuce.core.RedisConnectionException: Unable to connect to 127.0.0.1:6379" type="org.springframework.data.redis.RedisConnectionFailureException">org.springframework.data.redis.RedisConnectionFailureException: Unable to connect to Redis; nested exception is io.lettuce.core.RedisConnectionException: Unable to connect to 127.0.0.1:6379
Caused by: io.lettuce.core.RedisConnectionException: Unable to connect to 127.0.0.1:6379
Caused by: io.netty.channel.AbstractChannel$AnnotatedConnectException: syscall:getsockopt(..) failed: Connection refused: /127.0.0.1:6379
Caused by: io.netty.channel.unix.Errors$NativeConnectException: syscall:getsockopt(..) failed: Connection refused
</error>
  </testcase>
  <testcase name="testLast[8]" classname="org.springframework.data.redis.support.collections.RedisListTests" time="0.001">
    <error message="Unable to connect to Redis; nested exception is io.lettuce.core.RedisConnectionException: Unable to connect to 127.0.0.1:6379" type="org.springframework.data.redis.RedisConnectionFailureException">org.springframework.data.redis.RedisConnectionFailureException: Unable to connect to Redis; nested exception is io.lettuce.core.RedisConnectionException: Unable to connect to 127.0.0.1:6379
Caused by: io.lettuce.core.RedisConnectionException: Unable to connect to 127.0.0.1:6379
Caused by: io.netty.channel.AbstractChannel$AnnotatedConnectException: syscall:getsockopt(..) failed: Connection refused: /127.0.0.1:6379
Caused by: io.netty.channel.unix.Errors$NativeConnectException: syscall:getsockopt(..) failed: Connection refused
</error>
  </testcase>
  <testcase name="testLast[8]" classname="org.springframework.data.redis.support.collections.RedisListTests" time="0.001">
    <error message="Unable to connect to Redis; nested exception is io.lettuce.core.RedisConnectionException: Unable to connect to 127.0.0.1:6379" type="org.springframework.data.redis.RedisConnectionFailureException">org.springframework.data.redis.RedisConnectionFailureException: Unable to connect to Redis; nested exception is io.lettuce.core.RedisConnectionException: Unable to connect to 127.0.0.1:6379
Caused by: io.lettuce.core.RedisConnectionException: Unable to connect to 127.0.0.1:6379
Caused by: io.netty.channel.AbstractChannel$AnnotatedConnectException: syscall:getsockopt(..) failed: Connection refused: /127.0.0.1:6379
Caused by: io.netty.channel.unix.Errors$NativeConnectException: syscall:getsockopt(..) failed: Connection refused
</error>
  </testcase>
  <testcase name="testPeek[8]" classname="org.springframework.data.redis.support.collections.RedisListTests" time="0.001">
    <error message="Unable to connect to Redis; nested exception is io.lettuce.core.RedisConnectionException: Unable to connect to 127.0.0.1:6379" type="org.springframework.data.redis.RedisConnectionFailureException">org.springframework.data.redis.RedisConnectionFailureException: Unable to connect to Redis; nested exception is io.lettuce.core.RedisConnectionException: Unable to connect to 127.0.0.1:6379
Caused by: io.lettuce.core.RedisConnectionException: Unable to connect to 127.0.0.1:6379
Caused by: io.netty.channel.AbstractChannel$AnnotatedConnectException: syscall:getsockopt(..) failed: Connection refused: /127.0.0.1:6379
Caused by: io.netty.channel.unix.Errors$NativeConnectException: syscall:getsockopt(..) failed: Connection refused
</error>
  </testcase>
  <testcase name="testPeek[8]" classname="org.springframework.data.redis.support.collections.RedisListTests" time="0.002">
    <error message="Unable to connect to Redis; nested exception is io.lettuce.core.RedisConnectionException: Unable to connect to 127.0.0.1:6379" type="org.springframework.data.redis.RedisConnectionFailureException">org.springframework.data.redis.RedisConnectionFailureException: Unable to connect to Redis; nested exception is io.lettuce.core.RedisConnectionException: Unable to connect to 127.0.0.1:6379
Caused by: io.lettuce.core.RedisConnectionException: Unable to connect to 127.0.0.1:6379
Caused by: io.netty.channel.AbstractChannel$AnnotatedConnectException: syscall:getsockopt(..) failed: Connection refused: /127.0.0.1:6379
Caused by: io.netty.channel.unix.Errors$NativeConnectException: syscall:getsockopt(..) failed: Connection refused
</error>
  </testcase>
  <testcase name="testPoll[8]" classname="org.springframework.data.redis.support.collections.RedisListTests" time="0.001">
    <error message="Unable to connect to Redis; nested exception is io.lettuce.core.RedisConnectionException: Unable to connect to 127.0.0.1:6379" type="org.springframework.data.redis.RedisConnectionFailureException">org.springframework.data.redis.RedisConnectionFailureException: Unable to connect to Redis; nested exception is io.lettuce.core.RedisConnectionException: Unable to connect to 127.0.0.1:6379
Caused by: io.lettuce.core.RedisConnectionException: Unable to connect to 127.0.0.1:6379
Caused by: io.netty.channel.AbstractChannel$AnnotatedConnectException: syscall:getsockopt(..) failed: Connection refused: /127.0.0.1:6379
Caused by: io.netty.channel.unix.Errors$NativeConnectException: syscall:getsockopt(..) failed: Connection refused
</error>
  </testcase>
  <testcase name="testPoll[8]" classname="org.springframework.data.redis.support.collections.RedisListTests" time="0.001">
    <error message="Unable to connect to Redis; nested exception is io.lettuce.core.RedisConnectionException: Unable to connect to 127.0.0.1:6379" type="org.springframework.data.redis.RedisConnectionFailureException">org.springframework.data.redis.RedisConnectionFailureException: Unable to connect to Redis; nested exception is io.lettuce.core.RedisConnectionException: Unable to connect to 127.0.0.1:6379
Caused by: io.lettuce.core.RedisConnectionException: Unable to connect to 127.0.0.1:6379
Caused by: io.netty.channel.AbstractChannel$AnnotatedConnectException: syscall:getsockopt(..) failed: Connection refused: /127.0.0.1:6379
Caused by: io.netty.channel.unix.Errors$NativeConnectException: syscall:getsockopt(..) failed: Connection refused
</error>
  </testcase>
  <testcase name="testTake[8]" classname="org.springframework.data.redis.support.collections.RedisListTests" time="0.001">
    <error message="Unable to connect to Redis; nested exception is io.lettuce.core.RedisConnectionException: Unable to connect to 127.0.0.1:6379" type="org.springframework.data.redis.RedisConnectionFailureException">org.springframework.data.redis.RedisConnectionFailureException: Unable to connect to Redis; nested exception is io.lettuce.core.RedisConnectionException: Unable to connect to 127.0.0.1:6379
Caused by: io.lettuce.core.RedisConnectionException: Unable to connect to 127.0.0.1:6379
Caused by: io.netty.channel.AbstractChannel$AnnotatedConnectException: syscall:getsockopt(..) failed: Connection refused: /127.0.0.1:6379
Caused by: io.netty.channel.unix.Errors$NativeConnectException: syscall:getsockopt(..) failed: Connection refused
</error>
  </testcase>
  <testcase name="testTake[8]" classname="org.springframework.data.redis.support.collections.RedisListTests" time="0.001">
    <error message="Unable to connect to Redis; nested exception is io.lettuce.core.RedisConnectionException: Unable to connect to 127.0.0.1:6379" type="org.springframework.data.redis.RedisConnectionFailureException">org.springframework.data.redis.RedisConnectionFailureException: Unable to connect to Redis; nested exception is io.lettuce.core.RedisConnectionException: Unable to connect to 127.0.0.1:6379
Caused by: io.lettuce.core.RedisConnectionException: Unable to connect to 127.0.0.1:6379
Caused by: io.netty.channel.AbstractChannel$AnnotatedConnectException: syscall:getsockopt(..) failed: Connection refused: /127.0.0.1:6379
Caused by: io.netty.channel.unix.Errors$NativeConnectException: syscall:getsockopt(..) failed: Connection refused
</error>
  </testcase>
  <testcase name="testTrim[8]" classname="org.springframework.data.redis.support.collections.RedisListTests" time="0.001">
    <error message="Unable to connect to Redis; nested exception is io.lettuce.core.RedisConnectionException: Unable to connect to 127.0.0.1:6379" type="org.springframework.data.redis.RedisConnectionFailureException">org.springframework.data.redis.RedisConnectionFailureException: Unable to connect to Redis; nested exception is io.lettuce.core.RedisConnectionException: Unable to connect to 127.0.0.1:6379
Caused by: io.lettuce.core.RedisConnectionException: Unable to connect to 127.0.0.1:6379
Caused by: io.netty.channel.AbstractChannel$AnnotatedConnectException: syscall:getsockopt(..) failed: Connection refused: /127.0.0.1:6379
Caused by: io.netty.channel.unix.Errors$NativeConnectException: syscall:getsockopt(..) failed: Connection refused
</error>
  </testcase>
  <testcase name="testTrim[8]" classname="org.springframework.data.redis.support.collections.RedisListTests" time="0.001">
    <error message="Unable to connect to Redis; nested exception is io.lettuce.core.RedisConnectionException: Unable to connect to 127.0.0.1:6379" type="org.springframework.data.redis.RedisConnectionFailureException">org.springframework.data.redis.RedisConnectionFailureException: Unable to connect to Redis; nested exception is io.lettuce.core.RedisConnectionException: Unable to connect to 127.0.0.1:6379
Caused by: io.lettuce.core.RedisConnectionException: Unable to connect to 127.0.0.1:6379
Caused by: io.netty.channel.AbstractChannel$AnnotatedConnectException: syscall:getsockopt(..) failed: Connection refused: /127.0.0.1:6379
Caused by: io.netty.channel.unix.Errors$NativeConnectException: syscall:getsockopt(..) failed: Connection refused
</error>
  </testcase>
  <testcase name="testDrainToCollection[8]" classname="org.springframework.data.redis.support.collections.RedisListTests" time="0.001">
    <error message="Unable to connect to Redis; nested exception is io.lettuce.core.RedisConnectionException: Unable to connect to 127.0.0.1:6379" type="org.springframework.data.redis.RedisConnectionFailureException">org.springframework.data.redis.RedisConnectionFailureException: Unable to connect to Redis; nested exception is io.lettuce.core.RedisConnectionException: Unable to connect to 127.0.0.1:6379
Caused by: io.lettuce.core.RedisConnectionException: Unable to connect to 127.0.0.1:6379
Caused by: io.netty.channel.AbstractChannel$AnnotatedConnectException: syscall:getsockopt(..) failed: Connection refused: /127.0.0.1:6379
Caused by: io.netty.channel.unix.Errors$NativeConnectException: syscall:getsockopt(..) failed: Connection refused
</error>
  </testcase>
  <testcase name="testDrainToCollection[8]" classname="org.springframework.data.redis.support.collections.RedisListTests" time="0.001">
    <error message="Unable to connect to Redis; nested exception is io.lettuce.core.RedisConnectionException: Unable to connect to 127.0.0.1:6379" type="org.springframework.data.redis.RedisConnectionFailureException">org.springframework.data.redis.RedisConnectionFailureException: Unable to connect to Redis; nested exception is io.lettuce.core.RedisConnectionException: Unable to connect to 127.0.0.1:6379
Caused by: io.lettuce.core.RedisConnectionException: Unable to connect to 127.0.0.1:6379
Caused by: io.netty.channel.AbstractChannel$AnnotatedConnectException: syscall:getsockopt(..) failed: Connection refused: /127.0.0.1:6379
Caused by: io.netty.channel.unix.Errors$NativeConnectException: syscall:getsockopt(..) failed: Connection refused
</error>
  </testcase>
  <testcase name="testRemoveFirst[8]" classname="org.springframework.data.redis.support.collections.RedisListTests" time="0.001">
    <error message="Unable to connect to Redis; nested exception is io.lettuce.core.RedisConnectionException: Unable to connect to 127.0.0.1:6379" type="org.springframework.data.redis.RedisConnectionFailureException">org.springframework.data.redis.RedisConnectionFailureException: Unable to connect to Redis; nested exception is io.lettuce.core.RedisConnectionException: Unable to connect to 127.0.0.1:6379
Caused by: io.lettuce.core.RedisConnectionException: Unable to connect to 127.0.0.1:6379
Caused by: io.netty.channel.AbstractChannel$AnnotatedConnectException: syscall:getsockopt(..) failed: Connection refused: /127.0.0.1:6379
Caused by: io.netty.channel.unix.Errors$NativeConnectException: syscall:getsockopt(..) failed: Connection refused
</error>
  </testcase>
  <testcase name="testRemoveFirst[8]" classname="org.springframework.data.redis.support.collections.RedisListTests" time="0.001">
    <error message="Unable to connect to Redis; nested exception is io.lettuce.core.RedisConnectionException: Unable to connect to 127.0.0.1:6379" type="org.springframework.data.redis.RedisConnectionFailureException">org.springframework.data.redis.RedisConnectionFailureException: Unable to connect to Redis; nested exception is io.lettuce.core.RedisConnectionException: Unable to connect to 127.0.0.1:6379
Caused by: io.lettuce.core.RedisConnectionException: Unable to connect to 127.0.0.1:6379
Caused by: io.netty.channel.AbstractChannel$AnnotatedConnectException: syscall:getsockopt(..) failed: Connection refused: /127.0.0.1:6379
Caused by: io.netty.channel.unix.Errors$NativeConnectException: syscall:getsockopt(..) failed: Connection refused
</error>
  </testcase>
  <testcase name="testRemoveIndex[8]" classname="org.springframework.data.redis.support.collections.RedisListTests" time="0.001">
    <error message="Unable to connect to Redis; nested exception is io.lettuce.core.RedisConnectionException: Unable to connect to 127.0.0.1:6379" type="org.springframework.data.redis.RedisConnectionFailureException">org.springframework.data.redis.RedisConnectionFailureException: Unable to connect to Redis; nested exception is io.lettuce.core.RedisConnectionException: Unable to connect to 127.0.0.1:6379
Caused by: io.lettuce.core.RedisConnectionException: Unable to connect to 127.0.0.1:6379
Caused by: io.netty.channel.AbstractChannel$AnnotatedConnectException: syscall:getsockopt(..) failed: Connection refused: /127.0.0.1:6379
Caused by: io.netty.channel.unix.Errors$NativeConnectException: syscall:getsockopt(..) failed: Connection refused
</error>
  </testcase>
  <testcase name="testPutLast[8]" classname="org.springframework.data.redis.support.collections.RedisListTests" time="0.001">
    <error message="Unable to connect to Redis; nested exception is io.lettuce.core.RedisConnectionException: Unable to connect to 127.0.0.1:6379" type="org.springframework.data.redis.RedisConnectionFailureException">org.springframework.data.redis.RedisConnectionFailureException: Unable to connect to Redis; nested exception is io.lettuce.core.RedisConnectionException: Unable to connect to 127.0.0.1:6379
Caused by: io.lettuce.core.RedisConnectionException: Unable to connect to 127.0.0.1:6379
Caused by: io.netty.channel.AbstractChannel$AnnotatedConnectException: syscall:getsockopt(..) failed: Connection refused: /127.0.0.1:6379
Caused by: io.netty.channel.unix.Errors$NativeConnectException: syscall:getsockopt(..) failed: Connection refused
</error>
  </testcase>
  <testcase name="testPutLast[8]" classname="org.springframework.data.redis.support.collections.RedisListTests" time="0.001">
    <error message="Unable to connect to Redis; nested exception is io.lettuce.core.RedisConnectionException: Unable to connect to 127.0.0.1:6379" type="org.springframework.data.redis.RedisConnectionFailureException">org.springframework.data.redis.RedisConnectionFailureException: Unable to connect to Redis; nested exception is io.lettuce.core.RedisConnectionException: Unable to connect to 127.0.0.1:6379
Caused by: io.lettuce.core.RedisConnectionException: Unable to connect to 127.0.0.1:6379
Caused by: io.netty.channel.AbstractChannel$AnnotatedConnectException: syscall:getsockopt(..) failed: Connection refused: /127.0.0.1:6379
Caused by: io.netty.channel.unix.Errors$NativeConnectException: syscall:getsockopt(..) failed: Connection refused
</error>
  </testcase>
  <testcase name="testOfferFirst[8]" classname="org.springframework.data.redis.support.collections.RedisListTests" time="0.001">
    <error message="Unable to connect to Redis; nested exception is io.lettuce.core.RedisConnectionException: Unable to connect to 127.0.0.1:6379" type="org.springframework.data.redis.RedisConnectionFailureException">org.springframework.data.redis.RedisConnectionFailureException: Unable to connect to Redis; nested exception is io.lettuce.core.RedisConnectionException: Unable to connect to 127.0.0.1:6379
Caused by: io.lettuce.core.RedisConnectionException: Unable to connect to 127.0.0.1:6379
Caused by: io.netty.channel.AbstractChannel$AnnotatedConnectException: syscall:getsockopt(..) failed: Connection refused: /127.0.0.1:6379
Caused by: io.netty.channel.unix.Errors$NativeConnectException: syscall:getsockopt(..) failed: Connection refused
</error>
  </testcase>
  <testcase name="testOfferFirst[8]" classname="org.springframework.data.redis.support.collections.RedisListTests" time="0.002">
    <error message="Unable to connect to Redis; nested exception is io.lettuce.core.RedisConnectionException: Unable to connect to 127.0.0.1:6379" type="org.springframework.data.redis.RedisConnectionFailureException">org.springframework.data.redis.RedisConnectionFailureException: Unable to connect to Redis; nested exception is io.lettuce.core.RedisConnectionException: Unable to connect to 127.0.0.1:6379
Caused by: io.lettuce.core.RedisConnectionException: Unable to connect to 127.0.0.1:6379
Caused by: io.netty.channel.AbstractChannel$AnnotatedConnectException: syscall:getsockopt(..) failed: Connection refused: /127.0.0.1:6379
Caused by: io.netty.channel.unix.Errors$NativeConnectException: syscall:getsockopt(..) failed: Connection refused
</error>
  </testcase>
  <testcase name="testDescendingIterator[8]" classname="org.springframework.data.redis.support.collections.RedisListTests" time="0.001">
    <error message="Unable to connect to Redis; nested exception is io.lettuce.core.RedisConnectionException: Unable to connect to 127.0.0.1:6379" type="org.springframework.data.redis.RedisConnectionFailureException">org.springframework.data.redis.RedisConnectionFailureException: Unable to connect to Redis; nested exception is io.lettuce.core.RedisConnectionException: Unable to connect to 127.0.0.1:6379
Caused by: io.lettuce.core.RedisConnectionException: Unable to connect to 127.0.0.1:6379
Caused by: io.netty.channel.AbstractChannel$AnnotatedConnectException: syscall:getsockopt(..) failed: Connection refused: /127.0.0.1:6379
Caused by: io.netty.channel.unix.Errors$NativeConnectException: syscall:getsockopt(..) failed: Connection refused
</error>
  </testcase>
  <testcase name="testDescendingIterator[8]" classname="org.springframework.data.redis.support.collections.RedisListTests" time="0.001">
    <error message="Unable to connect to Redis; nested exception is io.lettuce.core.RedisConnectionException: Unable to connect to 127.0.0.1:6379" type="org.springframework.data.redis.RedisConnectionFailureException">org.springframework.data.redis.RedisConnectionFailureException: Unable to connect to Redis; nested exception is io.lettuce.core.RedisConnectionException: Unable to connect to 127.0.0.1:6379
Caused by: io.lettuce.core.RedisConnectionException: Unable to connect to 127.0.0.1:6379
Caused by: io.netty.channel.AbstractChannel$AnnotatedConnectException: syscall:getsockopt(..) failed: Connection refused: /127.0.0.1:6379
Caused by: io.netty.channel.unix.Errors$NativeConnectException: syscall:getsockopt(..) failed: Connection refused
</error>
  </testcase>
  <testcase name="testAddFirst[8]" classname="org.springframework.data.redis.support.collections.RedisListTests" time="0.001">
    <error message="Unable to connect to Redis; nested exception is io.lettuce.core.RedisConnectionException: Unable to connect to 127.0.0.1:6379" type="org.springframework.data.redis.RedisConnectionFailureException">org.springframework.data.redis.RedisConnectionFailureException: Unable to connect to Redis; nested exception is io.lettuce.core.RedisConnectionException: Unable to connect to 127.0.0.1:6379
Caused by: io.lettuce.core.RedisConnectionException: Unable to connect to 127.0.0.1:6379
Caused by: io.netty.channel.AbstractChannel$AnnotatedConnectException: syscall:getsockopt(..) failed: Connection refused: /127.0.0.1:6379
Caused by: io.netty.channel.unix.Errors$NativeConnectException: syscall:getsockopt(..) failed: Connection refused
</error>
  </testcase>
  <testcase name="testAddFirst[8]" classname="org.springframework.data.redis.support.collections.RedisListTests" time="0.002">
    <error message="Unable to connect to Redis; nested exception is io.lettuce.core.RedisConnectionException: Unable to connect to 127.0.0.1:6379" type="org.springframework.data.redis.RedisConnectionFailureException">org.springframework.data.redis.RedisConnectionFailureException: Unable to connect to Redis; nested exception is io.lettuce.core.RedisConnectionException: Unable to connect to 127.0.0.1:6379
Caused by: io.lettuce.core.RedisConnectionException: Unable to connect to 127.0.0.1:6379
Caused by: io.netty.channel.AbstractChannel$AnnotatedConnectException: syscall:getsockopt(..) failed: Connection refused: /127.0.0.1:6379
Caused by: io.netty.channel.unix.Errors$NativeConnectException: syscall:getsockopt(..) failed: Connection refused
</error>
  </testcase>
  <testcase name="testDrainToCollectionWithMaxElements[8]" classname="org.springframework.data.redis.support.collections.RedisListTests" time="0.001">
    <error message="Unable to connect to Redis; nested exception is io.lettuce.core.RedisConnectionException: Unable to connect to 127.0.0.1:6379" type="org.springframework.data.redis.RedisConnectionFailureException">org.springframework.data.redis.RedisConnectionFailureException: Unable to connect to Redis; nested exception is io.lettuce.core.RedisConnectionException: Unable to connect to 127.0.0.1:6379
Caused by: io.lettuce.core.RedisConnectionException: Unable to connect to 127.0.0.1:6379
Caused by: io.netty.channel.AbstractChannel$AnnotatedConnectException: syscall:getsockopt(..) failed: Connection refused: /127.0.0.1:6379
Caused by: io.netty.channel.unix.Errors$NativeConnectException: syscall:getsockopt(..) failed: Connection refused
</error>
  </testcase>
  <testcase name="testDrainToCollectionWithMaxElements[8]" classname="org.springframework.data.redis.support.collections.RedisListTests" time="0.001">
    <error message="Unable to connect to Redis; nested exception is io.lettuce.core.RedisConnectionException: Unable to connect to 127.0.0.1:6379" type="org.springframework.data.redis.RedisConnectionFailureException">org.springframework.data.redis.RedisConnectionFailureException: Unable to connect to Redis; nested exception is io.lettuce.core.RedisConnectionException: Unable to connect to 127.0.0.1:6379
Caused by: io.lettuce.core.RedisConnectionException: Unable to connect to 127.0.0.1:6379
Caused by: io.netty.channel.AbstractChannel$AnnotatedConnectException: syscall:getsockopt(..) failed: Connection refused: /127.0.0.1:6379
Caused by: io.netty.channel.unix.Errors$NativeConnectException: syscall:getsockopt(..) failed: Connection refused
</error>
  </testcase>
  <testcase name="testTakeLast[8]" classname="org.springframework.data.redis.support.collections.RedisListTests" time="0.001">
    <error message="Unable to connect to Redis; nested exception is io.lettuce.core.RedisConnectionException: Unable to connect to 127.0.0.1:6379" type="org.springframework.data.redis.RedisConnectionFailureException">org.springframework.data.redis.RedisConnectionFailureException: Unable to connect to Redis; nested exception is io.lettuce.core.RedisConnectionException: Unable to connect to 127.0.0.1:6379
Caused by: io.lettuce.core.RedisConnectionException: Unable to connect to 127.0.0.1:6379
Caused by: io.netty.channel.AbstractChannel$AnnotatedConnectException: syscall:getsockopt(..) failed: Connection refused: /127.0.0.1:6379
Caused by: io.netty.channel.unix.Errors$NativeConnectException: syscall:getsockopt(..) failed: Connection refused
</error>
  </testcase>
  <testcase name="testTakeLast[8]" classname="org.springframework.data.redis.support.collections.RedisListTests" time="0.001">
    <error message="Unable to connect to Redis; nested exception is io.lettuce.core.RedisConnectionException: Unable to connect to 127.0.0.1:6379" type="org.springframework.data.redis.RedisConnectionFailureException">org.springframework.data.redis.RedisConnectionFailureException: Unable to connect to Redis; nested exception is io.lettuce.core.RedisConnectionException: Unable to connect to 127.0.0.1:6379
Caused by: io.lettuce.core.RedisConnectionException: Unable to connect to 127.0.0.1:6379
Caused by: io.netty.channel.AbstractChannel$AnnotatedConnectException: syscall:getsockopt(..) failed: Connection refused: /127.0.0.1:6379
Caused by: io.netty.channel.unix.Errors$NativeConnectException: syscall:getsockopt(..) failed: Connection refused
</error>
  </testcase>
  <testcase name="testRemainingCapacity[8]" classname="org.springframework.data.redis.support.collections.RedisListTests" time="0">
    <error message="Unable to connect to Redis; nested exception is io.lettuce.core.RedisConnectionException: Unable to connect to 127.0.0.1:6379" type="org.springframework.data.redis.RedisConnectionFailureException">org.springframework.data.redis.RedisConnectionFailureException: Unable to connect to Redis; nested exception is io.lettuce.core.RedisConnectionException: Unable to connect to 127.0.0.1:6379
Caused by: io.lettuce.core.RedisConnectionException: Unable to connect to 127.0.0.1:6379
Caused by: io.netty.channel.AbstractChannel$AnnotatedConnectException: syscall:getsockopt(..) failed: Connection refused: /127.0.0.1:6379
Caused by: io.netty.channel.unix.Errors$NativeConnectException: syscall:getsockopt(..) failed: Connection refused
</error>
  </testcase>
  <testcase name="testRemoveLast[8]" classname="org.springframework.data.redis.support.collections.RedisListTests" time="0.002">
    <error message="Unable to connect to Redis; nested exception is io.lettuce.core.RedisConnectionException: Unable to connect to 127.0.0.1:6379" type="org.springframework.data.redis.RedisConnectionFailureException">org.springframework.data.redis.RedisConnectionFailureException: Unable to connect to Redis; nested exception is io.lettuce.core.RedisConnectionException: Unable to connect to 127.0.0.1:6379
Caused by: io.lettuce.core.RedisConnectionException: Unable to connect to 127.0.0.1:6379
Caused by: io.netty.channel.AbstractChannel$AnnotatedConnectException: syscall:getsockopt(..) failed: Connection refused: /127.0.0.1:6379
Caused by: io.netty.channel.unix.Errors$NativeConnectException: syscall:getsockopt(..) failed: Connection refused
</error>
  </testcase>
  <testcase name="testRemoveLast[8]" classname="org.springframework.data.redis.support.collections.RedisListTests" time="0.002">
    <error message="Unable to connect to Redis; nested exception is io.lettuce.core.RedisConnectionException: Unable to connect to 127.0.0.1:6379" type="org.springframework.data.redis.RedisConnectionFailureException">org.springframework.data.redis.RedisConnectionFailureException: Unable to connect to Redis; nested exception is io.lettuce.core.RedisConnectionException: Unable to connect to 127.0.0.1:6379
Caused by: io.lettuce.core.RedisConnectionException: Unable to connect to 127.0.0.1:6379
Caused by: io.netty.channel.AbstractChannel$AnnotatedConnectException: syscall:getsockopt(..) failed: Connection refused: /127.0.0.1:6379
Caused by: io.netty.channel.unix.Errors$NativeConnectException: syscall:getsockopt(..) failed: Connection refused
</error>
  </testcase>
  <testcase name="testAddIndexObjectHead[8]" classname="org.springframework.data.redis.support.collections.RedisListTests" time="0.001">
    <error message="Unable to connect to Redis; nested exception is io.lettuce.core.RedisConnectionException: Unable to connect to 127.0.0.1:6379" type="org.springframework.data.redis.RedisConnectionFailureException">org.springframework.data.redis.RedisConnectionFailureException: Unable to connect to Redis; nested exception is io.lettuce.core.RedisConnectionException: Unable to connect to 127.0.0.1:6379
Caused by: io.lettuce.core.RedisConnectionException: Unable to connect to 127.0.0.1:6379
Caused by: io.netty.channel.AbstractChannel$AnnotatedConnectException: syscall:getsockopt(..) failed: Connection refused: /127.0.0.1:6379
Caused by: io.netty.channel.unix.Errors$NativeConnectException: syscall:getsockopt(..) failed: Connection refused
</error>
  </testcase>
  <testcase name="testAddIndexObjectHead[8]" classname="org.springframework.data.redis.support.collections.RedisListTests" time="0.001">
    <error message="Unable to connect to Redis; nested exception is io.lettuce.core.RedisConnectionException: Unable to connect to 127.0.0.1:6379" type="org.springframework.data.redis.RedisConnectionFailureException">org.springframework.data.redis.RedisConnectionFailureException: Unable to connect to Redis; nested exception is io.lettuce.core.RedisConnectionException: Unable to connect to 127.0.0.1:6379
Caused by: io.lettuce.core.RedisConnectionException: Unable to connect to 127.0.0.1:6379
Caused by: io.netty.channel.AbstractChannel$AnnotatedConnectException: syscall:getsockopt(..) failed: Connection refused: /127.0.0.1:6379
Caused by: io.netty.channel.unix.Errors$NativeConnectException: syscall:getsockopt(..) failed: Connection refused
</error>
  </testcase>
  <testcase name="testAddIndexObjectTail[8]" classname="org.springframework.data.redis.support.collections.RedisListTests" time="0.001">
    <error message="Unable to connect to Redis; nested exception is io.lettuce.core.RedisConnectionException: Unable to connect to 127.0.0.1:6379" type="org.springframework.data.redis.RedisConnectionFailureException">org.springframework.data.redis.RedisConnectionFailureException: Unable to connect to Redis; nested exception is io.lettuce.core.RedisConnectionException: Unable to connect to 127.0.0.1:6379
Caused by: io.lettuce.core.RedisConnectionException: Unable to connect to 127.0.0.1:6379
Caused by: io.netty.channel.AbstractChannel$AnnotatedConnectException: syscall:getsockopt(..) failed: Connection refused: /127.0.0.1:6379
Caused by: io.netty.channel.unix.Errors$NativeConnectException: syscall:getsockopt(..) failed: Connection refused
</error>
  </testcase>
  <testcase name="testAddIndexObjectTail[8]" classname="org.springframework.data.redis.support.collections.RedisListTests" time="0.002">
    <error message="Unable to connect to Redis; nested exception is io.lettuce.core.RedisConnectionException: Unable to connect to 127.0.0.1:6379" type="org.springframework.data.redis.RedisConnectionFailureException">org.springframework.data.redis.RedisConnectionFailureException: Unable to connect to Redis; nested exception is io.lettuce.core.RedisConnectionException: Unable to connect to 127.0.0.1:6379
Caused by: io.lettuce.core.RedisConnectionException: Unable to connect to 127.0.0.1:6379
Caused by: io.netty.channel.AbstractChannel$AnnotatedConnectException: syscall:getsockopt(..) failed: Connection refused: /127.0.0.1:6379
Caused by: io.netty.channel.unix.Errors$NativeConnectException: syscall:getsockopt(..) failed: Connection refused
</error>
  </testcase>
  <testcase name="testPollFirst[8]" classname="org.springframework.data.redis.support.collections.RedisListTests" time="0.001">
    <error message="Unable to connect to Redis; nested exception is io.lettuce.core.RedisConnectionException: Unable to connect to 127.0.0.1:6379" type="org.springframework.data.redis.RedisConnectionFailureException">org.springframework.data.redis.RedisConnectionFailureException: Unable to connect to Redis; nested exception is io.lettuce.core.RedisConnectionException: Unable to connect to 127.0.0.1:6379
Caused by: io.lettuce.core.RedisConnectionException: Unable to connect to 127.0.0.1:6379
Caused by: io.netty.channel.AbstractChannel$AnnotatedConnectException: syscall:getsockopt(..) failed: Connection refused: /127.0.0.1:6379
Caused by: io.netty.channel.unix.Errors$NativeConnectException: syscall:getsockopt(..) failed: Connection refused
</error>
  </testcase>
  <testcase name="testPollFirst[8]" classname="org.springframework.data.redis.support.collections.RedisListTests" time="0.001">
    <error message="Unable to connect to Redis; nested exception is io.lettuce.core.RedisConnectionException: Unable to connect to 127.0.0.1:6379" type="org.springframework.data.redis.RedisConnectionFailureException">org.springframework.data.redis.RedisConnectionFailureException: Unable to connect to Redis; nested exception is io.lettuce.core.RedisConnectionException: Unable to connect to 127.0.0.1:6379
Caused by: io.lettuce.core.RedisConnectionException: Unable to connect to 127.0.0.1:6379
Caused by: io.netty.channel.AbstractChannel$AnnotatedConnectException: syscall:getsockopt(..) failed: Connection refused: /127.0.0.1:6379
Caused by: io.netty.channel.unix.Errors$NativeConnectException: syscall:getsockopt(..) failed: Connection refused
</error>
  </testcase>
  <testcase name="testAddIndexObjectMiddle[8]" classname="org.springframework.data.redis.support.collections.RedisListTests" time="0.001">
    <error message="Unexpected exception, expected&lt;java.lang.IllegalArgumentException&gt; but was&lt;org.springframework.data.redis.RedisConnectionFailureException&gt;" type="java.lang.Exception"><![CDATA[java.lang.Exception: Unexpected exception, expected<java.lang.IllegalArgumentException> but was<org.springframework.data.redis.RedisConnectionFailureException>
Caused by: org.springframework.data.redis.RedisConnectionFailureException: Unable to connect to Redis; nested exception is io.lettuce.core.RedisConnectionException: Unable to connect to 127.0.0.1:6379
Caused by: io.lettuce.core.RedisConnectionException: Unable to connect to 127.0.0.1:6379
Caused by: io.netty.channel.AbstractChannel$AnnotatedConnectException: syscall:getsockopt(..) failed: Connection refused: /127.0.0.1:6379
Caused by: io.netty.channel.unix.Errors$NativeConnectException: syscall:getsockopt(..) failed: Connection refused
]]></error>
  </testcase>
  <testcase name="testAddIndexObjectMiddle[8]" classname="org.springframework.data.redis.support.collections.RedisListTests" time="0.001">
    <error message="Unable to connect to Redis; nested exception is io.lettuce.core.RedisConnectionException: Unable to connect to 127.0.0.1:6379" type="org.springframework.data.redis.RedisConnectionFailureException">org.springframework.data.redis.RedisConnectionFailureException: Unable to connect to Redis; nested exception is io.lettuce.core.RedisConnectionException: Unable to connect to 127.0.0.1:6379
Caused by: io.lettuce.core.RedisConnectionException: Unable to connect to 127.0.0.1:6379
Caused by: io.netty.channel.AbstractChannel$AnnotatedConnectException: syscall:getsockopt(..) failed: Connection refused: /127.0.0.1:6379
Caused by: io.netty.channel.unix.Errors$NativeConnectException: syscall:getsockopt(..) failed: Connection refused
</error>
  </testcase>
  <testcase name="testPeekLast[8]" classname="org.springframework.data.redis.support.collections.RedisListTests" time="0.002">
    <error message="Unable to connect to Redis; nested exception is io.lettuce.core.RedisConnectionException: Unable to connect to 127.0.0.1:6379" type="org.springframework.data.redis.RedisConnectionFailureException">org.springframework.data.redis.RedisConnectionFailureException: Unable to connect to Redis; nested exception is io.lettuce.core.RedisConnectionException: Unable to connect to 127.0.0.1:6379
Caused by: io.lettuce.core.RedisConnectionException: Unable to connect to 127.0.0.1:6379
Caused by: io.netty.channel.AbstractChannel$AnnotatedConnectException: syscall:getsockopt(..) failed: Connection refused: /127.0.0.1:6379
Caused by: io.netty.channel.unix.Errors$NativeConnectException: syscall:getsockopt(..) failed: Connection refused
</error>
  </testcase>
  <testcase name="testPeekLast[8]" classname="org.springframework.data.redis.support.collections.RedisListTests" time="0.002">
    <error message="Unable to connect to Redis; nested exception is io.lettuce.core.RedisConnectionException: Unable to connect to 127.0.0.1:6379" type="org.springframework.data.redis.RedisConnectionFailureException">org.springframework.data.redis.RedisConnectionFailureException: Unable to connect to Redis; nested exception is io.lettuce.core.RedisConnectionException: Unable to connect to 127.0.0.1:6379
Caused by: io.lettuce.core.RedisConnectionException: Unable to connect to 127.0.0.1:6379
Caused by: io.netty.channel.AbstractChannel$AnnotatedConnectException: syscall:getsockopt(..) failed: Connection refused: /127.0.0.1:6379
Caused by: io.netty.channel.unix.Errors$NativeConnectException: syscall:getsockopt(..) failed: Connection refused
</error>
  </testcase>
  <testcase name="testRemoveFirstOccurrence[8]" classname="org.springframework.data.redis.support.collections.RedisListTests" time="0.001">
    <error message="Unable to connect to Redis; nested exception is io.lettuce.core.RedisConnectionException: Unable to connect to 127.0.0.1:6379" type="org.springframework.data.redis.RedisConnectionFailureException">org.springframework.data.redis.RedisConnectionFailureException: Unable to connect to Redis; nested exception is io.lettuce.core.RedisConnectionException: Unable to connect to 127.0.0.1:6379
Caused by: io.lettuce.core.RedisConnectionException: Unable to connect to 127.0.0.1:6379
Caused by: io.netty.channel.AbstractChannel$AnnotatedConnectException: syscall:getsockopt(..) failed: Connection refused: /127.0.0.1:6379
Caused by: io.netty.channel.unix.Errors$NativeConnectException: syscall:getsockopt(..) failed: Connection refused
</error>
  </testcase>
  <testcase name="testRemoveFirstOccurrence[8]" classname="org.springframework.data.redis.support.collections.RedisListTests" time="0.001">
    <error message="Unable to connect to Redis; nested exception is io.lettuce.core.RedisConnectionException: Unable to connect to 127.0.0.1:6379" type="org.springframework.data.redis.RedisConnectionFailureException">org.springframework.data.redis.RedisConnectionFailureException: Unable to connect to Redis; nested exception is io.lettuce.core.RedisConnectionException: Unable to connect to 127.0.0.1:6379
Caused by: io.lettuce.core.RedisConnectionException: Unable to connect to 127.0.0.1:6379
Caused by: io.netty.channel.AbstractChannel$AnnotatedConnectException: syscall:getsockopt(..) failed: Connection refused: /127.0.0.1:6379
Caused by: io.netty.channel.unix.Errors$NativeConnectException: syscall:getsockopt(..) failed: Connection refused
</error>
  </testcase>
  <testcase name="addAllIndexCollectionHead[8]" classname="org.springframework.data.redis.support.collections.RedisListTests" time="0.002">
    <error message="Unable to connect to Redis; nested exception is io.lettuce.core.RedisConnectionException: Unable to connect to 127.0.0.1:6379" type="org.springframework.data.redis.RedisConnectionFailureException">org.springframework.data.redis.RedisConnectionFailureException: Unable to connect to Redis; nested exception is io.lettuce.core.RedisConnectionException: Unable to connect to 127.0.0.1:6379
Caused by: io.lettuce.core.RedisConnectionException: Unable to connect to 127.0.0.1:6379
Caused by: io.netty.channel.AbstractChannel$AnnotatedConnectException: syscall:getsockopt(..) failed: Connection refused: /127.0.0.1:6379
Caused by: io.netty.channel.unix.Errors$NativeConnectException: syscall:getsockopt(..) failed: Connection refused
</error>
  </testcase>
  <testcase name="addAllIndexCollectionHead[8]" classname="org.springframework.data.redis.support.collections.RedisListTests" time="0.002">
    <error message="Unable to connect to Redis; nested exception is io.lettuce.core.RedisConnectionException: Unable to connect to 127.0.0.1:6379" type="org.springframework.data.redis.RedisConnectionFailureException">org.springframework.data.redis.RedisConnectionFailureException: Unable to connect to Redis; nested exception is io.lettuce.core.RedisConnectionException: Unable to connect to 127.0.0.1:6379
Caused by: io.lettuce.core.RedisConnectionException: Unable to connect to 127.0.0.1:6379
Caused by: io.netty.channel.AbstractChannel$AnnotatedConnectException: syscall:getsockopt(..) failed: Connection refused: /127.0.0.1:6379
Caused by: io.netty.channel.unix.Errors$NativeConnectException: syscall:getsockopt(..) failed: Connection refused
</error>
  </testcase>
  <testcase name="addAllIndexCollectionTail[8]" classname="org.springframework.data.redis.support.collections.RedisListTests" time="0.001">
    <error message="Unable to connect to Redis; nested exception is io.lettuce.core.RedisConnectionException: Unable to connect to 127.0.0.1:6379" type="org.springframework.data.redis.RedisConnectionFailureException">org.springframework.data.redis.RedisConnectionFailureException: Unable to connect to Redis; nested exception is io.lettuce.core.RedisConnectionException: Unable to connect to 127.0.0.1:6379
Caused by: io.lettuce.core.RedisConnectionException: Unable to connect to 127.0.0.1:6379
Caused by: io.netty.channel.AbstractChannel$AnnotatedConnectException: syscall:getsockopt(..) failed: Connection refused: /127.0.0.1:6379
Caused by: io.netty.channel.unix.Errors$NativeConnectException: syscall:getsockopt(..) failed: Connection refused
</error>
  </testcase>
  <testcase name="addAllIndexCollectionTail[8]" classname="org.springframework.data.redis.support.collections.RedisListTests" time="0.001">
    <error message="Unable to connect to Redis; nested exception is io.lettuce.core.RedisConnectionException: Unable to connect to 127.0.0.1:6379" type="org.springframework.data.redis.RedisConnectionFailureException">org.springframework.data.redis.RedisConnectionFailureException: Unable to connect to Redis; nested exception is io.lettuce.core.RedisConnectionException: Unable to connect to 127.0.0.1:6379
Caused by: io.lettuce.core.RedisConnectionException: Unable to connect to 127.0.0.1:6379
Caused by: io.netty.channel.AbstractChannel$AnnotatedConnectException: syscall:getsockopt(..) failed: Connection refused: /127.0.0.1:6379
Caused by: io.netty.channel.unix.Errors$NativeConnectException: syscall:getsockopt(..) failed: Connection refused
</error>
  </testcase>
  <testcase name="addAllIndexCollectionMiddle[8]" classname="org.springframework.data.redis.support.collections.RedisListTests" time="0.001">
    <error message="Unexpected exception, expected&lt;java.lang.IllegalArgumentException&gt; but was&lt;org.springframework.data.redis.RedisConnectionFailureException&gt;" type="java.lang.Exception"><![CDATA[java.lang.Exception: Unexpected exception, expected<java.lang.IllegalArgumentException> but was<org.springframework.data.redis.RedisConnectionFailureException>
Caused by: org.springframework.data.redis.RedisConnectionFailureException: Unable to connect to Redis; nested exception is io.lettuce.core.RedisConnectionException: Unable to connect to 127.0.0.1:6379
Caused by: io.lettuce.core.RedisConnectionException: Unable to connect to 127.0.0.1:6379
Caused by: io.netty.channel.AbstractChannel$AnnotatedConnectException: syscall:getsockopt(..) failed: Connection refused: /127.0.0.1:6379
Caused by: io.netty.channel.unix.Errors$NativeConnectException: syscall:getsockopt(..) failed: Connection refused
]]></error>
  </testcase>
  <testcase name="addAllIndexCollectionMiddle[8]" classname="org.springframework.data.redis.support.collections.RedisListTests" time="0.001">
    <error message="Unable to connect to Redis; nested exception is io.lettuce.core.RedisConnectionException: Unable to connect to 127.0.0.1:6379" type="org.springframework.data.redis.RedisConnectionFailureException">org.springframework.data.redis.RedisConnectionFailureException: Unable to connect to Redis; nested exception is io.lettuce.core.RedisConnectionException: Unable to connect to 127.0.0.1:6379
Caused by: io.lettuce.core.RedisConnectionException: Unable to connect to 127.0.0.1:6379
Caused by: io.netty.channel.AbstractChannel$AnnotatedConnectException: syscall:getsockopt(..) failed: Connection refused: /127.0.0.1:6379
Caused by: io.netty.channel.unix.Errors$NativeConnectException: syscall:getsockopt(..) failed: Connection refused
</error>
  </testcase>
  <testcase name="testPollLast[8]" classname="org.springframework.data.redis.support.collections.RedisListTests" time="0.001">
    <error message="Unable to connect to Redis; nested exception is io.lettuce.core.RedisConnectionException: Unable to connect to 127.0.0.1:6379" type="org.springframework.data.redis.RedisConnectionFailureException">org.springframework.data.redis.RedisConnectionFailureException: Unable to connect to Redis; nested exception is io.lettuce.core.RedisConnectionException: Unable to connect to 127.0.0.1:6379
Caused by: io.lettuce.core.RedisConnectionException: Unable to connect to 127.0.0.1:6379
Caused by: io.netty.channel.AbstractChannel$AnnotatedConnectException: syscall:getsockopt(..) failed: Connection refused: /127.0.0.1:6379
Caused by: io.netty.channel.unix.Errors$NativeConnectException: syscall:getsockopt(..) failed: Connection refused
</error>
  </testcase>
  <testcase name="testPollLast[8]" classname="org.springframework.data.redis.support.collections.RedisListTests" time="0.001">
    <error message="Unable to connect to Redis; nested exception is io.lettuce.core.RedisConnectionException: Unable to connect to 127.0.0.1:6379" type="org.springframework.data.redis.RedisConnectionFailureException">org.springframework.data.redis.RedisConnectionFailureException: Unable to connect to Redis; nested exception is io.lettuce.core.RedisConnectionException: Unable to connect to 127.0.0.1:6379
Caused by: io.lettuce.core.RedisConnectionException: Unable to connect to 127.0.0.1:6379
Caused by: io.netty.channel.AbstractChannel$AnnotatedConnectException: syscall:getsockopt(..) failed: Connection refused: /127.0.0.1:6379
Caused by: io.netty.channel.unix.Errors$NativeConnectException: syscall:getsockopt(..) failed: Connection refused
</error>
  </testcase>
  <testcase name="testIndexOfObject[8]" classname="org.springframework.data.redis.support.collections.RedisListTests" time="0.001">
    <error message="Unable to connect to Redis; nested exception is io.lettuce.core.RedisConnectionException: Unable to connect to 127.0.0.1:6379" type="org.springframework.data.redis.RedisConnectionFailureException">org.springframework.data.redis.RedisConnectionFailureException: Unable to connect to Redis; nested exception is io.lettuce.core.RedisConnectionException: Unable to connect to 127.0.0.1:6379
Caused by: io.lettuce.core.RedisConnectionException: Unable to connect to 127.0.0.1:6379
Caused by: io.netty.channel.AbstractChannel$AnnotatedConnectException: syscall:getsockopt(..) failed: Connection refused: /127.0.0.1:6379
Caused by: io.netty.channel.unix.Errors$NativeConnectException: syscall:getsockopt(..) failed: Connection refused
</error>
  </testcase>
  <testcase name="testPollTimeout[8]" classname="org.springframework.data.redis.support.collections.RedisListTests" time="0.001">
    <error message="Unable to connect to Redis; nested exception is io.lettuce.core.RedisConnectionException: Unable to connect to 127.0.0.1:6379" type="org.springframework.data.redis.RedisConnectionFailureException">org.springframework.data.redis.RedisConnectionFailureException: Unable to connect to Redis; nested exception is io.lettuce.core.RedisConnectionException: Unable to connect to 127.0.0.1:6379
Caused by: io.lettuce.core.RedisConnectionException: Unable to connect to 127.0.0.1:6379
Caused by: io.netty.channel.AbstractChannel$AnnotatedConnectException: syscall:getsockopt(..) failed: Connection refused: /127.0.0.1:6379
Caused by: io.netty.channel.unix.Errors$NativeConnectException: syscall:getsockopt(..) failed: Connection refused
</error>
  </testcase>
  <testcase name="testPollTimeout[8]" classname="org.springframework.data.redis.support.collections.RedisListTests" time="0.001">
    <error message="Unable to connect to Redis; nested exception is io.lettuce.core.RedisConnectionException: Unable to connect to 127.0.0.1:6379" type="org.springframework.data.redis.RedisConnectionFailureException">org.springframework.data.redis.RedisConnectionFailureException: Unable to connect to Redis; nested exception is io.lettuce.core.RedisConnectionException: Unable to connect to 127.0.0.1:6379
Caused by: io.lettuce.core.RedisConnectionException: Unable to connect to 127.0.0.1:6379
Caused by: io.netty.channel.AbstractChannel$AnnotatedConnectException: syscall:getsockopt(..) failed: Connection refused: /127.0.0.1:6379
Caused by: io.netty.channel.unix.Errors$NativeConnectException: syscall:getsockopt(..) failed: Connection refused
</error>
  </testcase>
  <testcase name="testRemove[8]" classname="org.springframework.data.redis.support.collections.RedisListTests" time="0.001">
    <error message="Unable to connect to Redis; nested exception is io.lettuce.core.RedisConnectionException: Unable to connect to 127.0.0.1:6379" type="org.springframework.data.redis.RedisConnectionFailureException">org.springframework.data.redis.RedisConnectionFailureException: Unable to connect to Redis; nested exception is io.lettuce.core.RedisConnectionException: Unable to connect to 127.0.0.1:6379
Caused by: io.lettuce.core.RedisConnectionException: Unable to connect to 127.0.0.1:6379
Caused by: io.netty.channel.AbstractChannel$AnnotatedConnectException: syscall:getsockopt(..) failed: Connection refused: /127.0.0.1:6379
Caused by: io.netty.channel.unix.Errors$NativeConnectException: syscall:getsockopt(..) failed: Connection refused
</error>
  </testcase>
  <testcase name="testRemove[8]" classname="org.springframework.data.redis.support.collections.RedisListTests" time="0.002">
    <error message="Unable to connect to Redis; nested exception is io.lettuce.core.RedisConnectionException: Unable to connect to 127.0.0.1:6379" type="org.springframework.data.redis.RedisConnectionFailureException">org.springframework.data.redis.RedisConnectionFailureException: Unable to connect to Redis; nested exception is io.lettuce.core.RedisConnectionException: Unable to connect to 127.0.0.1:6379
Caused by: io.lettuce.core.RedisConnectionException: Unable to connect to 127.0.0.1:6379
Caused by: io.netty.channel.AbstractChannel$AnnotatedConnectException: syscall:getsockopt(..) failed: Connection refused: /127.0.0.1:6379
Caused by: io.netty.channel.unix.Errors$NativeConnectException: syscall:getsockopt(..) failed: Connection refused
</error>
  </testcase>
  <testcase name="testCappedCollection[8]" classname="org.springframework.data.redis.support.collections.RedisListTests" time="0.001">
    <error message="Unable to connect to Redis; nested exception is io.lettuce.core.RedisConnectionException: Unable to connect to 127.0.0.1:6379" type="org.springframework.data.redis.RedisConnectionFailureException">org.springframework.data.redis.RedisConnectionFailureException: Unable to connect to Redis; nested exception is io.lettuce.core.RedisConnectionException: Unable to connect to 127.0.0.1:6379
Caused by: io.lettuce.core.RedisConnectionException: Unable to connect to 127.0.0.1:6379
Caused by: io.netty.channel.AbstractChannel$AnnotatedConnectException: syscall:getsockopt(..) failed: Connection refused: /127.0.0.1:6379
Caused by: io.netty.channel.unix.Errors$NativeConnectException: syscall:getsockopt(..) failed: Connection refused
</error>
  </testcase>
  <testcase name="testCappedCollection[8]" classname="org.springframework.data.redis.support.collections.RedisListTests" time="0.001">
    <error message="Unable to connect to Redis; nested exception is io.lettuce.core.RedisConnectionException: Unable to connect to 127.0.0.1:6379" type="org.springframework.data.redis.RedisConnectionFailureException">org.springframework.data.redis.RedisConnectionFailureException: Unable to connect to Redis; nested exception is io.lettuce.core.RedisConnectionException: Unable to connect to 127.0.0.1:6379
Caused by: io.lettuce.core.RedisConnectionException: Unable to connect to 127.0.0.1:6379
Caused by: io.netty.channel.AbstractChannel$AnnotatedConnectException: syscall:getsockopt(..) failed: Connection refused: /127.0.0.1:6379
Caused by: io.netty.channel.unix.Errors$NativeConnectException: syscall:getsockopt(..) failed: Connection refused
</error>
  </testcase>
  <testcase name="testRmoveLastOccurrence[8]" classname="org.springframework.data.redis.support.collections.RedisListTests" time="0.001">
    <error message="Unable to connect to Redis; nested exception is io.lettuce.core.RedisConnectionException: Unable to connect to 127.0.0.1:6379" type="org.springframework.data.redis.RedisConnectionFailureException">org.springframework.data.redis.RedisConnectionFailureException: Unable to connect to Redis; nested exception is io.lettuce.core.RedisConnectionException: Unable to connect to 127.0.0.1:6379
Caused by: io.lettuce.core.RedisConnectionException: Unable to connect to 127.0.0.1:6379
Caused by: io.netty.channel.AbstractChannel$AnnotatedConnectException: syscall:getsockopt(..) failed: Connection refused: /127.0.0.1:6379
Caused by: io.netty.channel.unix.Errors$NativeConnectException: syscall:getsockopt(..) failed: Connection refused
</error>
  </testcase>
  <testcase name="testRmoveLastOccurrence[8]" classname="org.springframework.data.redis.support.collections.RedisListTests" time="0.002">
    <error message="Unable to connect to Redis; nested exception is io.lettuce.core.RedisConnectionException: Unable to connect to 127.0.0.1:6379" type="org.springframework.data.redis.RedisConnectionFailureException">org.springframework.data.redis.RedisConnectionFailureException: Unable to connect to Redis; nested exception is io.lettuce.core.RedisConnectionException: Unable to connect to 127.0.0.1:6379
Caused by: io.lettuce.core.RedisConnectionException: Unable to connect to 127.0.0.1:6379
Caused by: io.netty.channel.AbstractChannel$AnnotatedConnectException: syscall:getsockopt(..) failed: Connection refused: /127.0.0.1:6379
Caused by: io.netty.channel.unix.Errors$NativeConnectException: syscall:getsockopt(..) failed: Connection refused
</error>
  </testcase>
  <testcase name="testTakeFirst[8]" classname="org.springframework.data.redis.support.collections.RedisListTests" time="0.001">
    <error message="Unable to connect to Redis; nested exception is io.lettuce.core.RedisConnectionException: Unable to connect to 127.0.0.1:6379" type="org.springframework.data.redis.RedisConnectionFailureException">org.springframework.data.redis.RedisConnectionFailureException: Unable to connect to Redis; nested exception is io.lettuce.core.RedisConnectionException: Unable to connect to 127.0.0.1:6379
Caused by: io.lettuce.core.RedisConnectionException: Unable to connect to 127.0.0.1:6379
Caused by: io.netty.channel.AbstractChannel$AnnotatedConnectException: syscall:getsockopt(..) failed: Connection refused: /127.0.0.1:6379
Caused by: io.netty.channel.unix.Errors$NativeConnectException: syscall:getsockopt(..) failed: Connection refused
</error>
  </testcase>
  <testcase name="testTakeFirst[8]" classname="org.springframework.data.redis.support.collections.RedisListTests" time="0.001">
    <error message="Unable to connect to Redis; nested exception is io.lettuce.core.RedisConnectionException: Unable to connect to 127.0.0.1:6379" type="org.springframework.data.redis.RedisConnectionFailureException">org.springframework.data.redis.RedisConnectionFailureException: Unable to connect to Redis; nested exception is io.lettuce.core.RedisConnectionException: Unable to connect to 127.0.0.1:6379
Caused by: io.lettuce.core.RedisConnectionException: Unable to connect to 127.0.0.1:6379
Caused by: io.netty.channel.AbstractChannel$AnnotatedConnectException: syscall:getsockopt(..) failed: Connection refused: /127.0.0.1:6379
Caused by: io.netty.channel.unix.Errors$NativeConnectException: syscall:getsockopt(..) failed: Connection refused
</error>
  </testcase>
  <testcase name="testContainsObject[8]" classname="org.springframework.data.redis.support.collections.RedisListTests" time="0.001">
    <error message="Unable to connect to Redis; nested exception is io.lettuce.core.RedisConnectionException: Unable to connect to 127.0.0.1:6379" type="org.springframework.data.redis.RedisConnectionFailureException">org.springframework.data.redis.RedisConnectionFailureException: Unable to connect to Redis; nested exception is io.lettuce.core.RedisConnectionException: Unable to connect to 127.0.0.1:6379
Caused by: io.lettuce.core.RedisConnectionException: Unable to connect to 127.0.0.1:6379
Caused by: io.netty.channel.AbstractChannel$AnnotatedConnectException: syscall:getsockopt(..) failed: Connection refused: /127.0.0.1:6379
Caused by: io.netty.channel.unix.Errors$NativeConnectException: syscall:getsockopt(..) failed: Connection refused
</error>
  </testcase>
  <testcase name="testContainsObject[8]" classname="org.springframework.data.redis.support.collections.RedisListTests" time="0.001">
    <error message="Unable to connect to Redis; nested exception is io.lettuce.core.RedisConnectionException: Unable to connect to 127.0.0.1:6379" type="org.springframework.data.redis.RedisConnectionFailureException">org.springframework.data.redis.RedisConnectionFailureException: Unable to connect to Redis; nested exception is io.lettuce.core.RedisConnectionException: Unable to connect to 127.0.0.1:6379
Caused by: io.lettuce.core.RedisConnectionException: Unable to connect to 127.0.0.1:6379
Caused by: io.netty.channel.AbstractChannel$AnnotatedConnectException: syscall:getsockopt(..) failed: Connection refused: /127.0.0.1:6379
Caused by: io.netty.channel.unix.Errors$NativeConnectException: syscall:getsockopt(..) failed: Connection refused
</error>
  </testcase>
  <testcase name="testToArray[8]" classname="org.springframework.data.redis.support.collections.RedisListTests" time="0.002">
    <error message="Unable to connect to Redis; nested exception is io.lettuce.core.RedisConnectionException: Unable to connect to 127.0.0.1:6379" type="org.springframework.data.redis.RedisConnectionFailureException">org.springframework.data.redis.RedisConnectionFailureException: Unable to connect to Redis; nested exception is io.lettuce.core.RedisConnectionException: Unable to connect to 127.0.0.1:6379
Caused by: io.lettuce.core.RedisConnectionException: Unable to connect to 127.0.0.1:6379
Caused by: io.netty.channel.AbstractChannel$AnnotatedConnectException: syscall:getsockopt(..) failed: Connection refused: /127.0.0.1:6379
Caused by: io.netty.channel.unix.Errors$NativeConnectException: syscall:getsockopt(..) failed: Connection refused
</error>
  </testcase>
  <testcase name="testToArray[8]" classname="org.springframework.data.redis.support.collections.RedisListTests" time="0.002">
    <error message="Unable to connect to Redis; nested exception is io.lettuce.core.RedisConnectionException: Unable to connect to 127.0.0.1:6379" type="org.springframework.data.redis.RedisConnectionFailureException">org.springframework.data.redis.RedisConnectionFailureException: Unable to connect to Redis; nested exception is io.lettuce.core.RedisConnectionException: Unable to connect to 127.0.0.1:6379
Caused by: io.lettuce.core.RedisConnectionException: Unable to connect to 127.0.0.1:6379
Caused by: io.netty.channel.AbstractChannel$AnnotatedConnectException: syscall:getsockopt(..) failed: Connection refused: /127.0.0.1:6379
Caused by: io.netty.channel.unix.Errors$NativeConnectException: syscall:getsockopt(..) failed: Connection refused
</error>
  </testcase>
  <testcase name="testAdd[8]" classname="org.springframework.data.redis.support.collections.RedisListTests" time="0.001">
    <error message="Unable to connect to Redis; nested exception is io.lettuce.core.RedisConnectionException: Unable to connect to 127.0.0.1:6379" type="org.springframework.data.redis.RedisConnectionFailureException">org.springframework.data.redis.RedisConnectionFailureException: Unable to connect to Redis; nested exception is io.lettuce.core.RedisConnectionException: Unable to connect to 127.0.0.1:6379
Caused by: io.lettuce.core.RedisConnectionException: Unable to connect to 127.0.0.1:6379
Caused by: io.netty.channel.AbstractChannel$AnnotatedConnectException: syscall:getsockopt(..) failed: Connection refused: /127.0.0.1:6379
Caused by: io.netty.channel.unix.Errors$NativeConnectException: syscall:getsockopt(..) failed: Connection refused
</error>
  </testcase>
  <testcase name="testAdd[8]" classname="org.springframework.data.redis.support.collections.RedisListTests" time="0.002">
    <error message="Unable to connect to Redis; nested exception is io.lettuce.core.RedisConnectionException: Unable to connect to 127.0.0.1:6379" type="org.springframework.data.redis.RedisConnectionFailureException">org.springframework.data.redis.RedisConnectionFailureException: Unable to connect to Redis; nested exception is io.lettuce.core.RedisConnectionException: Unable to connect to 127.0.0.1:6379
Caused by: io.lettuce.core.RedisConnectionException: Unable to connect to 127.0.0.1:6379
Caused by: io.netty.channel.AbstractChannel$AnnotatedConnectException: syscall:getsockopt(..) failed: Connection refused: /127.0.0.1:6379
Caused by: io.netty.channel.unix.Errors$NativeConnectException: syscall:getsockopt(..) failed: Connection refused
</error>
  </testcase>
  <testcase name="testClear[8]" classname="org.springframework.data.redis.support.collections.RedisListTests" time="0.001">
    <error message="Unable to connect to Redis; nested exception is io.lettuce.core.RedisConnectionException: Unable to connect to 127.0.0.1:6379" type="org.springframework.data.redis.RedisConnectionFailureException">org.springframework.data.redis.RedisConnectionFailureException: Unable to connect to Redis; nested exception is io.lettuce.core.RedisConnectionException: Unable to connect to 127.0.0.1:6379
Caused by: io.lettuce.core.RedisConnectionException: Unable to connect to 127.0.0.1:6379
Caused by: io.netty.channel.AbstractChannel$AnnotatedConnectException: syscall:getsockopt(..) failed: Connection refused: /127.0.0.1:6379
Caused by: io.netty.channel.unix.Errors$NativeConnectException: syscall:getsockopt(..) failed: Connection refused
</error>
  </testcase>
  <testcase name="testClear[8]" classname="org.springframework.data.redis.support.collections.RedisListTests" time="0.001">
    <error message="Unable to connect to Redis; nested exception is io.lettuce.core.RedisConnectionException: Unable to connect to 127.0.0.1:6379" type="org.springframework.data.redis.RedisConnectionFailureException">org.springframework.data.redis.RedisConnectionFailureException: Unable to connect to Redis; nested exception is io.lettuce.core.RedisConnectionException: Unable to connect to 127.0.0.1:6379
Caused by: io.lettuce.core.RedisConnectionException: Unable to connect to 127.0.0.1:6379
Caused by: io.netty.channel.AbstractChannel$AnnotatedConnectException: syscall:getsockopt(..) failed: Connection refused: /127.0.0.1:6379
Caused by: io.netty.channel.unix.Errors$NativeConnectException: syscall:getsockopt(..) failed: Connection refused
</error>
  </testcase>
  <testcase name="testSize[8]" classname="org.springframework.data.redis.support.collections.RedisListTests" time="0.001">
    <error message="Unable to connect to Redis; nested exception is io.lettuce.core.RedisConnectionException: Unable to connect to 127.0.0.1:6379" type="org.springframework.data.redis.RedisConnectionFailureException">org.springframework.data.redis.RedisConnectionFailureException: Unable to connect to Redis; nested exception is io.lettuce.core.RedisConnectionException: Unable to connect to 127.0.0.1:6379
Caused by: io.lettuce.core.RedisConnectionException: Unable to connect to 127.0.0.1:6379
Caused by: io.netty.channel.AbstractChannel$AnnotatedConnectException: syscall:getsockopt(..) failed: Connection refused: /127.0.0.1:6379
Caused by: io.netty.channel.unix.Errors$NativeConnectException: syscall:getsockopt(..) failed: Connection refused
</error>
  </testcase>
  <testcase name="testSize[8]" classname="org.springframework.data.redis.support.collections.RedisListTests" time="0.001">
    <error message="Unable to connect to Redis; nested exception is io.lettuce.core.RedisConnectionException: Unable to connect to 127.0.0.1:6379" type="org.springframework.data.redis.RedisConnectionFailureException">org.springframework.data.redis.RedisConnectionFailureException: Unable to connect to Redis; nested exception is io.lettuce.core.RedisConnectionException: Unable to connect to 127.0.0.1:6379
Caused by: io.lettuce.core.RedisConnectionException: Unable to connect to 127.0.0.1:6379
Caused by: io.netty.channel.AbstractChannel$AnnotatedConnectException: syscall:getsockopt(..) failed: Connection refused: /127.0.0.1:6379
Caused by: io.netty.channel.unix.Errors$NativeConnectException: syscall:getsockopt(..) failed: Connection refused
</error>
  </testcase>
  <testcase name="testToString[8]" classname="org.springframework.data.redis.support.collections.RedisListTests" time="0.001">
    <error message="Unable to connect to Redis; nested exception is io.lettuce.core.RedisConnectionException: Unable to connect to 127.0.0.1:6379" type="org.springframework.data.redis.RedisConnectionFailureException">org.springframework.data.redis.RedisConnectionFailureException: Unable to connect to Redis; nested exception is io.lettuce.core.RedisConnectionException: Unable to connect to 127.0.0.1:6379
Caused by: io.lettuce.core.RedisConnectionException: Unable to connect to 127.0.0.1:6379
Caused by: io.netty.channel.AbstractChannel$AnnotatedConnectException: syscall:getsockopt(..) failed: Connection refused: /127.0.0.1:6379
Caused by: io.netty.channel.unix.Errors$NativeConnectException: syscall:getsockopt(..) failed: Connection refused
</error>
  </testcase>
  <testcase name="testToString[8]" classname="org.springframework.data.redis.support.collections.RedisListTests" time="0.002">
    <error message="Unable to connect to Redis; nested exception is io.lettuce.core.RedisConnectionException: Unable to connect to 127.0.0.1:6379" type="org.springframework.data.redis.RedisConnectionFailureException">org.springframework.data.redis.RedisConnectionFailureException: Unable to connect to Redis; nested exception is io.lettuce.core.RedisConnectionException: Unable to connect to 127.0.0.1:6379
Caused by: io.lettuce.core.RedisConnectionException: Unable to connect to 127.0.0.1:6379
Caused by: io.netty.channel.AbstractChannel$AnnotatedConnectException: syscall:getsockopt(..) failed: Connection refused: /127.0.0.1:6379
Caused by: io.netty.channel.unix.Errors$NativeConnectException: syscall:getsockopt(..) failed: Connection refused
</error>
  </testcase>
  <testcase name="testContainsAll[8]" classname="org.springframework.data.redis.support.collections.RedisListTests" time="0.001">
    <error message="Unable to connect to Redis; nested exception is io.lettuce.core.RedisConnectionException: Unable to connect to 127.0.0.1:6379" type="org.springframework.data.redis.RedisConnectionFailureException">org.springframework.data.redis.RedisConnectionFailureException: Unable to connect to Redis; nested exception is io.lettuce.core.RedisConnectionException: Unable to connect to 127.0.0.1:6379
Caused by: io.lettuce.core.RedisConnectionException: Unable to connect to 127.0.0.1:6379
Caused by: io.netty.channel.AbstractChannel$AnnotatedConnectException: syscall:getsockopt(..) failed: Connection refused: /127.0.0.1:6379
Caused by: io.netty.channel.unix.Errors$NativeConnectException: syscall:getsockopt(..) failed: Connection refused
</error>
  </testcase>
  <testcase name="testContainsAll[8]" classname="org.springframework.data.redis.support.collections.RedisListTests" time="0.001">
    <error message="Unable to connect to Redis; nested exception is io.lettuce.core.RedisConnectionException: Unable to connect to 127.0.0.1:6379" type="org.springframework.data.redis.RedisConnectionFailureException">org.springframework.data.redis.RedisConnectionFailureException: Unable to connect to Redis; nested exception is io.lettuce.core.RedisConnectionException: Unable to connect to 127.0.0.1:6379
Caused by: io.lettuce.core.RedisConnectionException: Unable to connect to 127.0.0.1:6379
Caused by: io.netty.channel.AbstractChannel$AnnotatedConnectException: syscall:getsockopt(..) failed: Connection refused: /127.0.0.1:6379
Caused by: io.netty.channel.unix.Errors$NativeConnectException: syscall:getsockopt(..) failed: Connection refused
</error>
  </testcase>
  <testcase name="testRemoveObject[8]" classname="org.springframework.data.redis.support.collections.RedisListTests" time="0.001">
    <error message="Unable to connect to Redis; nested exception is io.lettuce.core.RedisConnectionException: Unable to connect to 127.0.0.1:6379" type="org.springframework.data.redis.RedisConnectionFailureException">org.springframework.data.redis.RedisConnectionFailureException: Unable to connect to Redis; nested exception is io.lettuce.core.RedisConnectionException: Unable to connect to 127.0.0.1:6379
Caused by: io.lettuce.core.RedisConnectionException: Unable to connect to 127.0.0.1:6379
Caused by: io.netty.channel.AbstractChannel$AnnotatedConnectException: syscall:getsockopt(..) failed: Connection refused: /127.0.0.1:6379
Caused by: io.netty.channel.unix.Errors$NativeConnectException: syscall:getsockopt(..) failed: Connection refused
</error>
  </testcase>
  <testcase name="testRemoveObject[8]" classname="org.springframework.data.redis.support.collections.RedisListTests" time="0.001">
    <error message="Unable to connect to Redis; nested exception is io.lettuce.core.RedisConnectionException: Unable to connect to 127.0.0.1:6379" type="org.springframework.data.redis.RedisConnectionFailureException">org.springframework.data.redis.RedisConnectionFailureException: Unable to connect to Redis; nested exception is io.lettuce.core.RedisConnectionException: Unable to connect to 127.0.0.1:6379
Caused by: io.lettuce.core.RedisConnectionException: Unable to connect to 127.0.0.1:6379
Caused by: io.netty.channel.AbstractChannel$AnnotatedConnectException: syscall:getsockopt(..) failed: Connection refused: /127.0.0.1:6379
Caused by: io.netty.channel.unix.Errors$NativeConnectException: syscall:getsockopt(..) failed: Connection refused
</error>
  </testcase>
  <testcase name="testHashCode[8]" classname="org.springframework.data.redis.support.collections.RedisListTests" time="0.001">
    <error message="Unable to connect to Redis; nested exception is io.lettuce.core.RedisConnectionException: Unable to connect to 127.0.0.1:6379" type="org.springframework.data.redis.RedisConnectionFailureException">org.springframework.data.redis.RedisConnectionFailureException: Unable to connect to Redis; nested exception is io.lettuce.core.RedisConnectionException: Unable to connect to 127.0.0.1:6379
Caused by: io.lettuce.core.RedisConnectionException: Unable to connect to 127.0.0.1:6379
Caused by: io.netty.channel.AbstractChannel$AnnotatedConnectException: syscall:getsockopt(..) failed: Connection refused: /127.0.0.1:6379
Caused by: io.netty.channel.unix.Errors$NativeConnectException: syscall:getsockopt(..) failed: Connection refused
</error>
  </testcase>
  <testcase name="testAddAll[8]" classname="org.springframework.data.redis.support.collections.RedisListTests" time="0.002">
    <error message="Unable to connect to Redis; nested exception is io.lettuce.core.RedisConnectionException: Unable to connect to 127.0.0.1:6379" type="org.springframework.data.redis.RedisConnectionFailureException">org.springframework.data.redis.RedisConnectionFailureException: Unable to connect to Redis; nested exception is io.lettuce.core.RedisConnectionException: Unable to connect to 127.0.0.1:6379
Caused by: io.lettuce.core.RedisConnectionException: Unable to connect to 127.0.0.1:6379
Caused by: io.netty.channel.AbstractChannel$AnnotatedConnectException: syscall:getsockopt(..) failed: Connection refused: /127.0.0.1:6379
Caused by: io.netty.channel.unix.Errors$NativeConnectException: syscall:getsockopt(..) failed: Connection refused
</error>
  </testcase>
  <testcase name="testAddAll[8]" classname="org.springframework.data.redis.support.collections.RedisListTests" time="0.002">
    <error message="Unable to connect to Redis; nested exception is io.lettuce.core.RedisConnectionException: Unable to connect to 127.0.0.1:6379" type="org.springframework.data.redis.RedisConnectionFailureException">org.springframework.data.redis.RedisConnectionFailureException: Unable to connect to Redis; nested exception is io.lettuce.core.RedisConnectionException: Unable to connect to 127.0.0.1:6379
Caused by: io.lettuce.core.RedisConnectionException: Unable to connect to 127.0.0.1:6379
Caused by: io.netty.channel.AbstractChannel$AnnotatedConnectException: syscall:getsockopt(..) failed: Connection refused: /127.0.0.1:6379
Caused by: io.netty.channel.unix.Errors$NativeConnectException: syscall:getsockopt(..) failed: Connection refused
</error>
  </testcase>
  <testcase name="removeAll[8]" classname="org.springframework.data.redis.support.collections.RedisListTests" time="0.001">
    <error message="Unable to connect to Redis; nested exception is io.lettuce.core.RedisConnectionException: Unable to connect to 127.0.0.1:6379" type="org.springframework.data.redis.RedisConnectionFailureException">org.springframework.data.redis.RedisConnectionFailureException: Unable to connect to Redis; nested exception is io.lettuce.core.RedisConnectionException: Unable to connect to 127.0.0.1:6379
Caused by: io.lettuce.core.RedisConnectionException: Unable to connect to 127.0.0.1:6379
Caused by: io.netty.channel.AbstractChannel$AnnotatedConnectException: syscall:getsockopt(..) failed: Connection refused: /127.0.0.1:6379
Caused by: io.netty.channel.unix.Errors$NativeConnectException: syscall:getsockopt(..) failed: Connection refused
</error>
  </testcase>
  <testcase name="removeAll[8]" classname="org.springframework.data.redis.support.collections.RedisListTests" time="0.002">
    <error message="Unable to connect to Redis; nested exception is io.lettuce.core.RedisConnectionException: Unable to connect to 127.0.0.1:6379" type="org.springframework.data.redis.RedisConnectionFailureException">org.springframework.data.redis.RedisConnectionFailureException: Unable to connect to Redis; nested exception is io.lettuce.core.RedisConnectionException: Unable to connect to 127.0.0.1:6379
Caused by: io.lettuce.core.RedisConnectionException: Unable to connect to 127.0.0.1:6379
Caused by: io.netty.channel.AbstractChannel$AnnotatedConnectException: syscall:getsockopt(..) failed: Connection refused: /127.0.0.1:6379
Caused by: io.netty.channel.unix.Errors$NativeConnectException: syscall:getsockopt(..) failed: Connection refused
</error>
  </testcase>
  <testcase name="testEquals[8]" classname="org.springframework.data.redis.support.collections.RedisListTests" time="0.001">
    <error message="Unable to connect to Redis; nested exception is io.lettuce.core.RedisConnectionException: Unable to connect to 127.0.0.1:6379" type="org.springframework.data.redis.RedisConnectionFailureException">org.springframework.data.redis.RedisConnectionFailureException: Unable to connect to Redis; nested exception is io.lettuce.core.RedisConnectionException: Unable to connect to 127.0.0.1:6379
Caused by: io.lettuce.core.RedisConnectionException: Unable to connect to 127.0.0.1:6379
Caused by: io.netty.channel.AbstractChannel$AnnotatedConnectException: syscall:getsockopt(..) failed: Connection refused: /127.0.0.1:6379
Caused by: io.netty.channel.unix.Errors$NativeConnectException: syscall:getsockopt(..) failed: Connection refused
</error>
  </testcase>
  <testcase name="testGetKey[8]" classname="org.springframework.data.redis.support.collections.RedisListTests" time="0.001">
    <error message="Unable to connect to Redis; nested exception is io.lettuce.core.RedisConnectionException: Unable to connect to 127.0.0.1:6379" type="org.springframework.data.redis.RedisConnectionFailureException">org.springframework.data.redis.RedisConnectionFailureException: Unable to connect to Redis; nested exception is io.lettuce.core.RedisConnectionException: Unable to connect to 127.0.0.1:6379
Caused by: io.lettuce.core.RedisConnectionException: Unable to connect to 127.0.0.1:6379
Caused by: io.netty.channel.AbstractChannel$AnnotatedConnectException: syscall:getsockopt(..) failed: Connection refused: /127.0.0.1:6379
Caused by: io.netty.channel.unix.Errors$NativeConnectException: syscall:getsockopt(..) failed: Connection refused
</error>
  </testcase>
  <testcase name="testToArrayWithGenerics[8]" classname="org.springframework.data.redis.support.collections.RedisListTests" time="0.001">
    <error message="Unable to connect to Redis; nested exception is io.lettuce.core.RedisConnectionException: Unable to connect to 127.0.0.1:6379" type="org.springframework.data.redis.RedisConnectionFailureException">org.springframework.data.redis.RedisConnectionFailureException: Unable to connect to Redis; nested exception is io.lettuce.core.RedisConnectionException: Unable to connect to 127.0.0.1:6379
Caused by: io.lettuce.core.RedisConnectionException: Unable to connect to 127.0.0.1:6379
Caused by: io.netty.channel.AbstractChannel$AnnotatedConnectException: syscall:getsockopt(..) failed: Connection refused: /127.0.0.1:6379
Caused by: io.netty.channel.unix.Errors$NativeConnectException: syscall:getsockopt(..) failed: Connection refused
</error>
  </testcase>
  <testcase name="testToArrayWithGenerics[8]" classname="org.springframework.data.redis.support.collections.RedisListTests" time="0.001">
    <error message="Unable to connect to Redis; nested exception is io.lettuce.core.RedisConnectionException: Unable to connect to 127.0.0.1:6379" type="org.springframework.data.redis.RedisConnectionFailureException">org.springframework.data.redis.RedisConnectionFailureException: Unable to connect to Redis; nested exception is io.lettuce.core.RedisConnectionException: Unable to connect to 127.0.0.1:6379
Caused by: io.lettuce.core.RedisConnectionException: Unable to connect to 127.0.0.1:6379
Caused by: io.netty.channel.AbstractChannel$AnnotatedConnectException: syscall:getsockopt(..) failed: Connection refused: /127.0.0.1:6379
Caused by: io.netty.channel.unix.Errors$NativeConnectException: syscall:getsockopt(..) failed: Connection refused
</error>
  </testcase>
  <testcase name="testIsEmpty[8]" classname="org.springframework.data.redis.support.collections.RedisListTests" time="0.001">
    <error message="Unable to connect to Redis; nested exception is io.lettuce.core.RedisConnectionException: Unable to connect to 127.0.0.1:6379" type="org.springframework.data.redis.RedisConnectionFailureException">org.springframework.data.redis.RedisConnectionFailureException: Unable to connect to Redis; nested exception is io.lettuce.core.RedisConnectionException: Unable to connect to 127.0.0.1:6379
Caused by: io.lettuce.core.RedisConnectionException: Unable to connect to 127.0.0.1:6379
Caused by: io.netty.channel.AbstractChannel$AnnotatedConnectException: syscall:getsockopt(..) failed: Connection refused: /127.0.0.1:6379
Caused by: io.netty.channel.unix.Errors$NativeConnectException: syscall:getsockopt(..) failed: Connection refused
</error>
  </testcase>
  <testcase name="testIsEmpty[8]" classname="org.springframework.data.redis.support.collections.RedisListTests" time="0.001">
    <error message="Unable to connect to Redis; nested exception is io.lettuce.core.RedisConnectionException: Unable to connect to 127.0.0.1:6379" type="org.springframework.data.redis.RedisConnectionFailureException">org.springframework.data.redis.RedisConnectionFailureException: Unable to connect to Redis; nested exception is io.lettuce.core.RedisConnectionException: Unable to connect to 127.0.0.1:6379
Caused by: io.lettuce.core.RedisConnectionException: Unable to connect to 127.0.0.1:6379
Caused by: io.netty.channel.AbstractChannel$AnnotatedConnectException: syscall:getsockopt(..) failed: Connection refused: /127.0.0.1:6379
Caused by: io.netty.channel.unix.Errors$NativeConnectException: syscall:getsockopt(..) failed: Connection refused
</error>
  </testcase>
  <testcase name="testIterator[8]" classname="org.springframework.data.redis.support.collections.RedisListTests" time="0.002">
    <error message="Unable to connect to Redis; nested exception is io.lettuce.core.RedisConnectionException: Unable to connect to 127.0.0.1:6379" type="org.springframework.data.redis.RedisConnectionFailureException">org.springframework.data.redis.RedisConnectionFailureException: Unable to connect to Redis; nested exception is io.lettuce.core.RedisConnectionException: Unable to connect to 127.0.0.1:6379
Caused by: io.lettuce.core.RedisConnectionException: Unable to connect to 127.0.0.1:6379
Caused by: io.netty.channel.AbstractChannel$AnnotatedConnectException: syscall:getsockopt(..) failed: Connection refused: /127.0.0.1:6379
Caused by: io.netty.channel.unix.Errors$NativeConnectException: syscall:getsockopt(..) failed: Connection refused
</error>
  </testcase>
  <testcase name="testIterator[8]" classname="org.springframework.data.redis.support.collections.RedisListTests" time="0.002">
    <error message="Unable to connect to Redis; nested exception is io.lettuce.core.RedisConnectionException: Unable to connect to 127.0.0.1:6379" type="org.springframework.data.redis.RedisConnectionFailureException">org.springframework.data.redis.RedisConnectionFailureException: Unable to connect to Redis; nested exception is io.lettuce.core.RedisConnectionException: Unable to connect to 127.0.0.1:6379
Caused by: io.lettuce.core.RedisConnectionException: Unable to connect to 127.0.0.1:6379
Caused by: io.netty.channel.AbstractChannel$AnnotatedConnectException: syscall:getsockopt(..) failed: Connection refused: /127.0.0.1:6379
Caused by: io.netty.channel.unix.Errors$NativeConnectException: syscall:getsockopt(..) failed: Connection refused
</error>
  </testcase>
  <testcase name="testElement[9]" classname="org.springframework.data.redis.support.collections.RedisListTests" time="0.001">
    <error message="Unable to connect to Redis; nested exception is io.lettuce.core.RedisConnectionException: Unable to connect to 127.0.0.1:6379" type="org.springframework.data.redis.RedisConnectionFailureException">org.springframework.data.redis.RedisConnectionFailureException: Unable to connect to Redis; nested exception is io.lettuce.core.RedisConnectionException: Unable to connect to 127.0.0.1:6379
Caused by: io.lettuce.core.RedisConnectionException: Unable to connect to 127.0.0.1:6379
Caused by: io.netty.channel.AbstractChannel$AnnotatedConnectException: syscall:getsockopt(..) failed: Connection refused: /127.0.0.1:6379
Caused by: io.netty.channel.unix.Errors$NativeConnectException: syscall:getsockopt(..) failed: Connection refused
</error>
  </testcase>
  <testcase name="testElement[9]" classname="org.springframework.data.redis.support.collections.RedisListTests" time="0.001">
    <error message="Unable to connect to Redis; nested exception is io.lettuce.core.RedisConnectionException: Unable to connect to 127.0.0.1:6379" type="org.springframework.data.redis.RedisConnectionFailureException">org.springframework.data.redis.RedisConnectionFailureException: Unable to connect to Redis; nested exception is io.lettuce.core.RedisConnectionException: Unable to connect to 127.0.0.1:6379
Caused by: io.lettuce.core.RedisConnectionException: Unable to connect to 127.0.0.1:6379
Caused by: io.netty.channel.AbstractChannel$AnnotatedConnectException: syscall:getsockopt(..) failed: Connection refused: /127.0.0.1:6379
Caused by: io.netty.channel.unix.Errors$NativeConnectException: syscall:getsockopt(..) failed: Connection refused
</error>
  </testcase>
  <testcase name="testPutFirst[9]" classname="org.springframework.data.redis.support.collections.RedisListTests" time="0.001">
    <error message="Unable to connect to Redis; nested exception is io.lettuce.core.RedisConnectionException: Unable to connect to 127.0.0.1:6379" type="org.springframework.data.redis.RedisConnectionFailureException">org.springframework.data.redis.RedisConnectionFailureException: Unable to connect to Redis; nested exception is io.lettuce.core.RedisConnectionException: Unable to connect to 127.0.0.1:6379
Caused by: io.lettuce.core.RedisConnectionException: Unable to connect to 127.0.0.1:6379
Caused by: io.netty.channel.AbstractChannel$AnnotatedConnectException: syscall:getsockopt(..) failed: Connection refused: /127.0.0.1:6379
Caused by: io.netty.channel.unix.Errors$NativeConnectException: syscall:getsockopt(..) failed: Connection refused
</error>
  </testcase>
  <testcase name="testPutFirst[9]" classname="org.springframework.data.redis.support.collections.RedisListTests" time="0.001">
    <error message="Unable to connect to Redis; nested exception is io.lettuce.core.RedisConnectionException: Unable to connect to 127.0.0.1:6379" type="org.springframework.data.redis.RedisConnectionFailureException">org.springframework.data.redis.RedisConnectionFailureException: Unable to connect to Redis; nested exception is io.lettuce.core.RedisConnectionException: Unable to connect to 127.0.0.1:6379
Caused by: io.lettuce.core.RedisConnectionException: Unable to connect to 127.0.0.1:6379
Caused by: io.netty.channel.AbstractChannel$AnnotatedConnectException: syscall:getsockopt(..) failed: Connection refused: /127.0.0.1:6379
Caused by: io.netty.channel.unix.Errors$NativeConnectException: syscall:getsockopt(..) failed: Connection refused
</error>
  </testcase>
  <testcase name="testPollLastTimeout[9]" classname="org.springframework.data.redis.support.collections.RedisListTests" time="0.001">
    <error message="Unable to connect to Redis; nested exception is io.lettuce.core.RedisConnectionException: Unable to connect to 127.0.0.1:6379" type="org.springframework.data.redis.RedisConnectionFailureException">org.springframework.data.redis.RedisConnectionFailureException: Unable to connect to Redis; nested exception is io.lettuce.core.RedisConnectionException: Unable to connect to 127.0.0.1:6379
Caused by: io.lettuce.core.RedisConnectionException: Unable to connect to 127.0.0.1:6379
Caused by: io.netty.channel.AbstractChannel$AnnotatedConnectException: syscall:getsockopt(..) failed: Connection refused: /127.0.0.1:6379
Caused by: io.netty.channel.unix.Errors$NativeConnectException: syscall:getsockopt(..) failed: Connection refused
</error>
  </testcase>
  <testcase name="testPollLastTimeout[9]" classname="org.springframework.data.redis.support.collections.RedisListTests" time="0.001">
    <error message="Unable to connect to Redis; nested exception is io.lettuce.core.RedisConnectionException: Unable to connect to 127.0.0.1:6379" type="org.springframework.data.redis.RedisConnectionFailureException">org.springframework.data.redis.RedisConnectionFailureException: Unable to connect to Redis; nested exception is io.lettuce.core.RedisConnectionException: Unable to connect to 127.0.0.1:6379
Caused by: io.lettuce.core.RedisConnectionException: Unable to connect to 127.0.0.1:6379
Caused by: io.netty.channel.AbstractChannel$AnnotatedConnectException: syscall:getsockopt(..) failed: Connection refused: /127.0.0.1:6379
Caused by: io.netty.channel.unix.Errors$NativeConnectException: syscall:getsockopt(..) failed: Connection refused
</error>
  </testcase>
  <testcase name="testPeekFirst[9]" classname="org.springframework.data.redis.support.collections.RedisListTests" time="0.001">
    <error message="Unable to connect to Redis; nested exception is io.lettuce.core.RedisConnectionException: Unable to connect to 127.0.0.1:6379" type="org.springframework.data.redis.RedisConnectionFailureException">org.springframework.data.redis.RedisConnectionFailureException: Unable to connect to Redis; nested exception is io.lettuce.core.RedisConnectionException: Unable to connect to 127.0.0.1:6379
Caused by: io.lettuce.core.RedisConnectionException: Unable to connect to 127.0.0.1:6379
Caused by: io.netty.channel.AbstractChannel$AnnotatedConnectException: syscall:getsockopt(..) failed: Connection refused: /127.0.0.1:6379
Caused by: io.netty.channel.unix.Errors$NativeConnectException: syscall:getsockopt(..) failed: Connection refused
</error>
  </testcase>
  <testcase name="testPeekFirst[9]" classname="org.springframework.data.redis.support.collections.RedisListTests" time="0.002">
    <error message="Unable to connect to Redis; nested exception is io.lettuce.core.RedisConnectionException: Unable to connect to 127.0.0.1:6379" type="org.springframework.data.redis.RedisConnectionFailureException">org.springframework.data.redis.RedisConnectionFailureException: Unable to connect to Redis; nested exception is io.lettuce.core.RedisConnectionException: Unable to connect to 127.0.0.1:6379
Caused by: io.lettuce.core.RedisConnectionException: Unable to connect to 127.0.0.1:6379
Caused by: io.netty.channel.AbstractChannel$AnnotatedConnectException: syscall:getsockopt(..) failed: Connection refused: /127.0.0.1:6379
Caused by: io.netty.channel.unix.Errors$NativeConnectException: syscall:getsockopt(..) failed: Connection refused
</error>
  </testcase>
  <testcase name="testOfferLast[9]" classname="org.springframework.data.redis.support.collections.RedisListTests" time="0.001">
    <error message="Unable to connect to Redis; nested exception is io.lettuce.core.RedisConnectionException: Unable to connect to 127.0.0.1:6379" type="org.springframework.data.redis.RedisConnectionFailureException">org.springframework.data.redis.RedisConnectionFailureException: Unable to connect to Redis; nested exception is io.lettuce.core.RedisConnectionException: Unable to connect to 127.0.0.1:6379
Caused by: io.lettuce.core.RedisConnectionException: Unable to connect to 127.0.0.1:6379
Caused by: io.netty.channel.AbstractChannel$AnnotatedConnectException: syscall:getsockopt(..) failed: Connection refused: /127.0.0.1:6379
Caused by: io.netty.channel.unix.Errors$NativeConnectException: syscall:getsockopt(..) failed: Connection refused
</error>
  </testcase>
  <testcase name="testOfferLast[9]" classname="org.springframework.data.redis.support.collections.RedisListTests" time="0.001">
    <error message="Unable to connect to Redis; nested exception is io.lettuce.core.RedisConnectionException: Unable to connect to 127.0.0.1:6379" type="org.springframework.data.redis.RedisConnectionFailureException">org.springframework.data.redis.RedisConnectionFailureException: Unable to connect to Redis; nested exception is io.lettuce.core.RedisConnectionException: Unable to connect to 127.0.0.1:6379
Caused by: io.lettuce.core.RedisConnectionException: Unable to connect to 127.0.0.1:6379
Caused by: io.netty.channel.AbstractChannel$AnnotatedConnectException: syscall:getsockopt(..) failed: Connection refused: /127.0.0.1:6379
Caused by: io.netty.channel.unix.Errors$NativeConnectException: syscall:getsockopt(..) failed: Connection refused
</error>
  </testcase>
  <testcase name="testGetFirst[9]" classname="org.springframework.data.redis.support.collections.RedisListTests" time="0.001">
    <error message="Unable to connect to Redis; nested exception is io.lettuce.core.RedisConnectionException: Unable to connect to 127.0.0.1:6379" type="org.springframework.data.redis.RedisConnectionFailureException">org.springframework.data.redis.RedisConnectionFailureException: Unable to connect to Redis; nested exception is io.lettuce.core.RedisConnectionException: Unable to connect to 127.0.0.1:6379
Caused by: io.lettuce.core.RedisConnectionException: Unable to connect to 127.0.0.1:6379
Caused by: io.netty.channel.AbstractChannel$AnnotatedConnectException: syscall:getsockopt(..) failed: Connection refused: /127.0.0.1:6379
Caused by: io.netty.channel.unix.Errors$NativeConnectException: syscall:getsockopt(..) failed: Connection refused
</error>
  </testcase>
  <testcase name="testGetFirst[9]" classname="org.springframework.data.redis.support.collections.RedisListTests" time="0.001">
    <error message="Unable to connect to Redis; nested exception is io.lettuce.core.RedisConnectionException: Unable to connect to 127.0.0.1:6379" type="org.springframework.data.redis.RedisConnectionFailureException">org.springframework.data.redis.RedisConnectionFailureException: Unable to connect to Redis; nested exception is io.lettuce.core.RedisConnectionException: Unable to connect to 127.0.0.1:6379
Caused by: io.lettuce.core.RedisConnectionException: Unable to connect to 127.0.0.1:6379
Caused by: io.netty.channel.AbstractChannel$AnnotatedConnectException: syscall:getsockopt(..) failed: Connection refused: /127.0.0.1:6379
Caused by: io.netty.channel.unix.Errors$NativeConnectException: syscall:getsockopt(..) failed: Connection refused
</error>
  </testcase>
  <testcase name="testAddLast[9]" classname="org.springframework.data.redis.support.collections.RedisListTests" time="0.001">
    <error message="Unable to connect to Redis; nested exception is io.lettuce.core.RedisConnectionException: Unable to connect to 127.0.0.1:6379" type="org.springframework.data.redis.RedisConnectionFailureException">org.springframework.data.redis.RedisConnectionFailureException: Unable to connect to Redis; nested exception is io.lettuce.core.RedisConnectionException: Unable to connect to 127.0.0.1:6379
Caused by: io.lettuce.core.RedisConnectionException: Unable to connect to 127.0.0.1:6379
Caused by: io.netty.channel.AbstractChannel$AnnotatedConnectException: syscall:getsockopt(..) failed: Connection refused: /127.0.0.1:6379
Caused by: io.netty.channel.unix.Errors$NativeConnectException: syscall:getsockopt(..) failed: Connection refused
</error>
  </testcase>
  <testcase name="testAddLast[9]" classname="org.springframework.data.redis.support.collections.RedisListTests" time="0.002">
    <error message="Unable to connect to Redis; nested exception is io.lettuce.core.RedisConnectionException: Unable to connect to 127.0.0.1:6379" type="org.springframework.data.redis.RedisConnectionFailureException">org.springframework.data.redis.RedisConnectionFailureException: Unable to connect to Redis; nested exception is io.lettuce.core.RedisConnectionException: Unable to connect to 127.0.0.1:6379
Caused by: io.lettuce.core.RedisConnectionException: Unable to connect to 127.0.0.1:6379
Caused by: io.netty.channel.AbstractChannel$AnnotatedConnectException: syscall:getsockopt(..) failed: Connection refused: /127.0.0.1:6379
Caused by: io.netty.channel.unix.Errors$NativeConnectException: syscall:getsockopt(..) failed: Connection refused
</error>
  </testcase>
  <testcase name="testPop[9]" classname="org.springframework.data.redis.support.collections.RedisListTests" time="0.001">
    <error message="Unable to connect to Redis; nested exception is io.lettuce.core.RedisConnectionException: Unable to connect to 127.0.0.1:6379" type="org.springframework.data.redis.RedisConnectionFailureException">org.springframework.data.redis.RedisConnectionFailureException: Unable to connect to Redis; nested exception is io.lettuce.core.RedisConnectionException: Unable to connect to 127.0.0.1:6379
Caused by: io.lettuce.core.RedisConnectionException: Unable to connect to 127.0.0.1:6379
Caused by: io.netty.channel.AbstractChannel$AnnotatedConnectException: syscall:getsockopt(..) failed: Connection refused: /127.0.0.1:6379
Caused by: io.netty.channel.unix.Errors$NativeConnectException: syscall:getsockopt(..) failed: Connection refused
</error>
  </testcase>
  <testcase name="testPop[9]" classname="org.springframework.data.redis.support.collections.RedisListTests" time="0.001">
    <error message="Unable to connect to Redis; nested exception is io.lettuce.core.RedisConnectionException: Unable to connect to 127.0.0.1:6379" type="org.springframework.data.redis.RedisConnectionFailureException">org.springframework.data.redis.RedisConnectionFailureException: Unable to connect to Redis; nested exception is io.lettuce.core.RedisConnectionException: Unable to connect to 127.0.0.1:6379
Caused by: io.lettuce.core.RedisConnectionException: Unable to connect to 127.0.0.1:6379
Caused by: io.netty.channel.AbstractChannel$AnnotatedConnectException: syscall:getsockopt(..) failed: Connection refused: /127.0.0.1:6379
Caused by: io.netty.channel.unix.Errors$NativeConnectException: syscall:getsockopt(..) failed: Connection refused
</error>
  </testcase>
  <testcase name="testPut[9]" classname="org.springframework.data.redis.support.collections.RedisListTests" time="0.001">
    <error message="Unable to connect to Redis; nested exception is io.lettuce.core.RedisConnectionException: Unable to connect to 127.0.0.1:6379" type="org.springframework.data.redis.RedisConnectionFailureException">org.springframework.data.redis.RedisConnectionFailureException: Unable to connect to Redis; nested exception is io.lettuce.core.RedisConnectionException: Unable to connect to 127.0.0.1:6379
Caused by: io.lettuce.core.RedisConnectionException: Unable to connect to 127.0.0.1:6379
Caused by: io.netty.channel.AbstractChannel$AnnotatedConnectException: syscall:getsockopt(..) failed: Connection refused: /127.0.0.1:6379
Caused by: io.netty.channel.unix.Errors$NativeConnectException: syscall:getsockopt(..) failed: Connection refused
</error>
  </testcase>
  <testcase name="testPut[9]" classname="org.springframework.data.redis.support.collections.RedisListTests" time="0.001">
    <error message="Unable to connect to Redis; nested exception is io.lettuce.core.RedisConnectionException: Unable to connect to 127.0.0.1:6379" type="org.springframework.data.redis.RedisConnectionFailureException">org.springframework.data.redis.RedisConnectionFailureException: Unable to connect to Redis; nested exception is io.lettuce.core.RedisConnectionException: Unable to connect to 127.0.0.1:6379
Caused by: io.lettuce.core.RedisConnectionException: Unable to connect to 127.0.0.1:6379
Caused by: io.netty.channel.AbstractChannel$AnnotatedConnectException: syscall:getsockopt(..) failed: Connection refused: /127.0.0.1:6379
Caused by: io.netty.channel.unix.Errors$NativeConnectException: syscall:getsockopt(..) failed: Connection refused
</error>
  </testcase>
  <testcase name="testSet[9]" classname="org.springframework.data.redis.support.collections.RedisListTests" time="0.002">
    <error message="Unable to connect to Redis; nested exception is io.lettuce.core.RedisConnectionException: Unable to connect to 127.0.0.1:6379" type="org.springframework.data.redis.RedisConnectionFailureException">org.springframework.data.redis.RedisConnectionFailureException: Unable to connect to Redis; nested exception is io.lettuce.core.RedisConnectionException: Unable to connect to 127.0.0.1:6379
Caused by: io.lettuce.core.RedisConnectionException: Unable to connect to 127.0.0.1:6379
Caused by: io.netty.channel.AbstractChannel$AnnotatedConnectException: syscall:getsockopt(..) failed: Connection refused: /127.0.0.1:6379
Caused by: io.netty.channel.unix.Errors$NativeConnectException: syscall:getsockopt(..) failed: Connection refused
</error>
  </testcase>
  <testcase name="testSet[9]" classname="org.springframework.data.redis.support.collections.RedisListTests" time="0.002">
    <error message="Unable to connect to Redis; nested exception is io.lettuce.core.RedisConnectionException: Unable to connect to 127.0.0.1:6379" type="org.springframework.data.redis.RedisConnectionFailureException">org.springframework.data.redis.RedisConnectionFailureException: Unable to connect to Redis; nested exception is io.lettuce.core.RedisConnectionException: Unable to connect to 127.0.0.1:6379
Caused by: io.lettuce.core.RedisConnectionException: Unable to connect to 127.0.0.1:6379
Caused by: io.netty.channel.AbstractChannel$AnnotatedConnectException: syscall:getsockopt(..) failed: Connection refused: /127.0.0.1:6379
Caused by: io.netty.channel.unix.Errors$NativeConnectException: syscall:getsockopt(..) failed: Connection refused
</error>
  </testcase>
  <testcase name="testOffer[9]" classname="org.springframework.data.redis.support.collections.RedisListTests" time="0.001">
    <error message="Unable to connect to Redis; nested exception is io.lettuce.core.RedisConnectionException: Unable to connect to 127.0.0.1:6379" type="org.springframework.data.redis.RedisConnectionFailureException">org.springframework.data.redis.RedisConnectionFailureException: Unable to connect to Redis; nested exception is io.lettuce.core.RedisConnectionException: Unable to connect to 127.0.0.1:6379
Caused by: io.lettuce.core.RedisConnectionException: Unable to connect to 127.0.0.1:6379
Caused by: io.netty.channel.AbstractChannel$AnnotatedConnectException: syscall:getsockopt(..) failed: Connection refused: /127.0.0.1:6379
Caused by: io.netty.channel.unix.Errors$NativeConnectException: syscall:getsockopt(..) failed: Connection refused
</error>
  </testcase>
  <testcase name="testOffer[9]" classname="org.springframework.data.redis.support.collections.RedisListTests" time="0.001">
    <error message="Unable to connect to Redis; nested exception is io.lettuce.core.RedisConnectionException: Unable to connect to 127.0.0.1:6379" type="org.springframework.data.redis.RedisConnectionFailureException">org.springframework.data.redis.RedisConnectionFailureException: Unable to connect to Redis; nested exception is io.lettuce.core.RedisConnectionException: Unable to connect to 127.0.0.1:6379
Caused by: io.lettuce.core.RedisConnectionException: Unable to connect to 127.0.0.1:6379
Caused by: io.netty.channel.AbstractChannel$AnnotatedConnectException: syscall:getsockopt(..) failed: Connection refused: /127.0.0.1:6379
Caused by: io.netty.channel.unix.Errors$NativeConnectException: syscall:getsockopt(..) failed: Connection refused
</error>
  </testcase>
  <testcase name="testRange[9]" classname="org.springframework.data.redis.support.collections.RedisListTests" time="0.001">
    <error message="Unable to connect to Redis; nested exception is io.lettuce.core.RedisConnectionException: Unable to connect to 127.0.0.1:6379" type="org.springframework.data.redis.RedisConnectionFailureException">org.springframework.data.redis.RedisConnectionFailureException: Unable to connect to Redis; nested exception is io.lettuce.core.RedisConnectionException: Unable to connect to 127.0.0.1:6379
Caused by: io.lettuce.core.RedisConnectionException: Unable to connect to 127.0.0.1:6379
Caused by: io.netty.channel.AbstractChannel$AnnotatedConnectException: syscall:getsockopt(..) failed: Connection refused: /127.0.0.1:6379
Caused by: io.netty.channel.unix.Errors$NativeConnectException: syscall:getsockopt(..) failed: Connection refused
</error>
  </testcase>
  <testcase name="testRange[9]" classname="org.springframework.data.redis.support.collections.RedisListTests" time="0.001">
    <error message="Unable to connect to Redis; nested exception is io.lettuce.core.RedisConnectionException: Unable to connect to 127.0.0.1:6379" type="org.springframework.data.redis.RedisConnectionFailureException">org.springframework.data.redis.RedisConnectionFailureException: Unable to connect to Redis; nested exception is io.lettuce.core.RedisConnectionException: Unable to connect to 127.0.0.1:6379
Caused by: io.lettuce.core.RedisConnectionException: Unable to connect to 127.0.0.1:6379
Caused by: io.netty.channel.AbstractChannel$AnnotatedConnectException: syscall:getsockopt(..) failed: Connection refused: /127.0.0.1:6379
Caused by: io.netty.channel.unix.Errors$NativeConnectException: syscall:getsockopt(..) failed: Connection refused
</error>
  </testcase>
  <testcase name="testLast[9]" classname="org.springframework.data.redis.support.collections.RedisListTests" time="0.001">
    <error message="Unable to connect to Redis; nested exception is io.lettuce.core.RedisConnectionException: Unable to connect to 127.0.0.1:6379" type="org.springframework.data.redis.RedisConnectionFailureException">org.springframework.data.redis.RedisConnectionFailureException: Unable to connect to Redis; nested exception is io.lettuce.core.RedisConnectionException: Unable to connect to 127.0.0.1:6379
Caused by: io.lettuce.core.RedisConnectionException: Unable to connect to 127.0.0.1:6379
Caused by: io.netty.channel.AbstractChannel$AnnotatedConnectException: syscall:getsockopt(..) failed: Connection refused: /127.0.0.1:6379
Caused by: io.netty.channel.unix.Errors$NativeConnectException: syscall:getsockopt(..) failed: Connection refused
</error>
  </testcase>
  <testcase name="testLast[9]" classname="org.springframework.data.redis.support.collections.RedisListTests" time="0.001">
    <error message="Unable to connect to Redis; nested exception is io.lettuce.core.RedisConnectionException: Unable to connect to 127.0.0.1:6379" type="org.springframework.data.redis.RedisConnectionFailureException">org.springframework.data.redis.RedisConnectionFailureException: Unable to connect to Redis; nested exception is io.lettuce.core.RedisConnectionException: Unable to connect to 127.0.0.1:6379
Caused by: io.lettuce.core.RedisConnectionException: Unable to connect to 127.0.0.1:6379
Caused by: io.netty.channel.AbstractChannel$AnnotatedConnectException: syscall:getsockopt(..) failed: Connection refused: /127.0.0.1:6379
Caused by: io.netty.channel.unix.Errors$NativeConnectException: syscall:getsockopt(..) failed: Connection refused
</error>
  </testcase>
  <testcase name="testPeek[9]" classname="org.springframework.data.redis.support.collections.RedisListTests" time="0.001">
    <error message="Unable to connect to Redis; nested exception is io.lettuce.core.RedisConnectionException: Unable to connect to 127.0.0.1:6379" type="org.springframework.data.redis.RedisConnectionFailureException">org.springframework.data.redis.RedisConnectionFailureException: Unable to connect to Redis; nested exception is io.lettuce.core.RedisConnectionException: Unable to connect to 127.0.0.1:6379
Caused by: io.lettuce.core.RedisConnectionException: Unable to connect to 127.0.0.1:6379
Caused by: io.netty.channel.AbstractChannel$AnnotatedConnectException: syscall:getsockopt(..) failed: Connection refused: /127.0.0.1:6379
Caused by: io.netty.channel.unix.Errors$NativeConnectException: syscall:getsockopt(..) failed: Connection refused
</error>
  </testcase>
  <testcase name="testPeek[9]" classname="org.springframework.data.redis.support.collections.RedisListTests" time="0.001">
    <error message="Unable to connect to Redis; nested exception is io.lettuce.core.RedisConnectionException: Unable to connect to 127.0.0.1:6379" type="org.springframework.data.redis.RedisConnectionFailureException">org.springframework.data.redis.RedisConnectionFailureException: Unable to connect to Redis; nested exception is io.lettuce.core.RedisConnectionException: Unable to connect to 127.0.0.1:6379
Caused by: io.lettuce.core.RedisConnectionException: Unable to connect to 127.0.0.1:6379
Caused by: io.netty.channel.AbstractChannel$AnnotatedConnectException: syscall:getsockopt(..) failed: Connection refused: /127.0.0.1:6379
Caused by: io.netty.channel.unix.Errors$NativeConnectException: syscall:getsockopt(..) failed: Connection refused
</error>
  </testcase>
  <testcase name="testPoll[9]" classname="org.springframework.data.redis.support.collections.RedisListTests" time="0.001">
    <error message="Unable to connect to Redis; nested exception is io.lettuce.core.RedisConnectionException: Unable to connect to 127.0.0.1:6379" type="org.springframework.data.redis.RedisConnectionFailureException">org.springframework.data.redis.RedisConnectionFailureException: Unable to connect to Redis; nested exception is io.lettuce.core.RedisConnectionException: Unable to connect to 127.0.0.1:6379
Caused by: io.lettuce.core.RedisConnectionException: Unable to connect to 127.0.0.1:6379
Caused by: io.netty.channel.AbstractChannel$AnnotatedConnectException: syscall:getsockopt(..) failed: Connection refused: /127.0.0.1:6379
Caused by: io.netty.channel.unix.Errors$NativeConnectException: syscall:getsockopt(..) failed: Connection refused
</error>
  </testcase>
  <testcase name="testPoll[9]" classname="org.springframework.data.redis.support.collections.RedisListTests" time="0.002">
    <error message="Unable to connect to Redis; nested exception is io.lettuce.core.RedisConnectionException: Unable to connect to 127.0.0.1:6379" type="org.springframework.data.redis.RedisConnectionFailureException">org.springframework.data.redis.RedisConnectionFailureException: Unable to connect to Redis; nested exception is io.lettuce.core.RedisConnectionException: Unable to connect to 127.0.0.1:6379
Caused by: io.lettuce.core.RedisConnectionException: Unable to connect to 127.0.0.1:6379
Caused by: io.netty.channel.AbstractChannel$AnnotatedConnectException: syscall:getsockopt(..) failed: Connection refused: /127.0.0.1:6379
Caused by: io.netty.channel.unix.Errors$NativeConnectException: syscall:getsockopt(..) failed: Connection refused
</error>
  </testcase>
  <testcase name="testTake[9]" classname="org.springframework.data.redis.support.collections.RedisListTests" time="0.001">
    <error message="Unable to connect to Redis; nested exception is io.lettuce.core.RedisConnectionException: Unable to connect to 127.0.0.1:6379" type="org.springframework.data.redis.RedisConnectionFailureException">org.springframework.data.redis.RedisConnectionFailureException: Unable to connect to Redis; nested exception is io.lettuce.core.RedisConnectionException: Unable to connect to 127.0.0.1:6379
Caused by: io.lettuce.core.RedisConnectionException: Unable to connect to 127.0.0.1:6379
Caused by: io.netty.channel.AbstractChannel$AnnotatedConnectException: syscall:getsockopt(..) failed: Connection refused: /127.0.0.1:6379
Caused by: io.netty.channel.unix.Errors$NativeConnectException: syscall:getsockopt(..) failed: Connection refused
</error>
  </testcase>
  <testcase name="testTake[9]" classname="org.springframework.data.redis.support.collections.RedisListTests" time="0.001">
    <error message="Unable to connect to Redis; nested exception is io.lettuce.core.RedisConnectionException: Unable to connect to 127.0.0.1:6379" type="org.springframework.data.redis.RedisConnectionFailureException">org.springframework.data.redis.RedisConnectionFailureException: Unable to connect to Redis; nested exception is io.lettuce.core.RedisConnectionException: Unable to connect to 127.0.0.1:6379
Caused by: io.lettuce.core.RedisConnectionException: Unable to connect to 127.0.0.1:6379
Caused by: io.netty.channel.AbstractChannel$AnnotatedConnectException: syscall:getsockopt(..) failed: Connection refused: /127.0.0.1:6379
Caused by: io.netty.channel.unix.Errors$NativeConnectException: syscall:getsockopt(..) failed: Connection refused
</error>
  </testcase>
  <testcase name="testTrim[9]" classname="org.springframework.data.redis.support.collections.RedisListTests" time="0.001">
    <error message="Unable to connect to Redis; nested exception is io.lettuce.core.RedisConnectionException: Unable to connect to 127.0.0.1:6379" type="org.springframework.data.redis.RedisConnectionFailureException">org.springframework.data.redis.RedisConnectionFailureException: Unable to connect to Redis; nested exception is io.lettuce.core.RedisConnectionException: Unable to connect to 127.0.0.1:6379
Caused by: io.lettuce.core.RedisConnectionException: Unable to connect to 127.0.0.1:6379
Caused by: io.netty.channel.AbstractChannel$AnnotatedConnectException: syscall:getsockopt(..) failed: Connection refused: /127.0.0.1:6379
Caused by: io.netty.channel.unix.Errors$NativeConnectException: syscall:getsockopt(..) failed: Connection refused
</error>
  </testcase>
  <testcase name="testTrim[9]" classname="org.springframework.data.redis.support.collections.RedisListTests" time="0.002">
    <error message="Unable to connect to Redis; nested exception is io.lettuce.core.RedisConnectionException: Unable to connect to 127.0.0.1:6379" type="org.springframework.data.redis.RedisConnectionFailureException">org.springframework.data.redis.RedisConnectionFailureException: Unable to connect to Redis; nested exception is io.lettuce.core.RedisConnectionException: Unable to connect to 127.0.0.1:6379
Caused by: io.lettuce.core.RedisConnectionException: Unable to connect to 127.0.0.1:6379
Caused by: io.netty.channel.AbstractChannel$AnnotatedConnectException: syscall:getsockopt(..) failed: Connection refused: /127.0.0.1:6379
Caused by: io.netty.channel.unix.Errors$NativeConnectException: syscall:getsockopt(..) failed: Connection refused
</error>
  </testcase>
  <testcase name="testDrainToCollection[9]" classname="org.springframework.data.redis.support.collections.RedisListTests" time="0.001">
    <error message="Unable to connect to Redis; nested exception is io.lettuce.core.RedisConnectionException: Unable to connect to 127.0.0.1:6379" type="org.springframework.data.redis.RedisConnectionFailureException">org.springframework.data.redis.RedisConnectionFailureException: Unable to connect to Redis; nested exception is io.lettuce.core.RedisConnectionException: Unable to connect to 127.0.0.1:6379
Caused by: io.lettuce.core.RedisConnectionException: Unable to connect to 127.0.0.1:6379
Caused by: io.netty.channel.AbstractChannel$AnnotatedConnectException: syscall:getsockopt(..) failed: Connection refused: /127.0.0.1:6379
Caused by: io.netty.channel.unix.Errors$NativeConnectException: syscall:getsockopt(..) failed: Connection refused
</error>
  </testcase>
  <testcase name="testDrainToCollection[9]" classname="org.springframework.data.redis.support.collections.RedisListTests" time="0.001">
    <error message="Unable to connect to Redis; nested exception is io.lettuce.core.RedisConnectionException: Unable to connect to 127.0.0.1:6379" type="org.springframework.data.redis.RedisConnectionFailureException">org.springframework.data.redis.RedisConnectionFailureException: Unable to connect to Redis; nested exception is io.lettuce.core.RedisConnectionException: Unable to connect to 127.0.0.1:6379
Caused by: io.lettuce.core.RedisConnectionException: Unable to connect to 127.0.0.1:6379
Caused by: io.netty.channel.AbstractChannel$AnnotatedConnectException: syscall:getsockopt(..) failed: Connection refused: /127.0.0.1:6379
Caused by: io.netty.channel.unix.Errors$NativeConnectException: syscall:getsockopt(..) failed: Connection refused
</error>
  </testcase>
  <testcase name="testRemoveFirst[9]" classname="org.springframework.data.redis.support.collections.RedisListTests" time="0.001">
    <error message="Unable to connect to Redis; nested exception is io.lettuce.core.RedisConnectionException: Unable to connect to 127.0.0.1:6379" type="org.springframework.data.redis.RedisConnectionFailureException">org.springframework.data.redis.RedisConnectionFailureException: Unable to connect to Redis; nested exception is io.lettuce.core.RedisConnectionException: Unable to connect to 127.0.0.1:6379
Caused by: io.lettuce.core.RedisConnectionException: Unable to connect to 127.0.0.1:6379
Caused by: io.netty.channel.AbstractChannel$AnnotatedConnectException: syscall:getsockopt(..) failed: Connection refused: /127.0.0.1:6379
Caused by: io.netty.channel.unix.Errors$NativeConnectException: syscall:getsockopt(..) failed: Connection refused
</error>
  </testcase>
  <testcase name="testRemoveFirst[9]" classname="org.springframework.data.redis.support.collections.RedisListTests" time="0.001">
    <error message="Unable to connect to Redis; nested exception is io.lettuce.core.RedisConnectionException: Unable to connect to 127.0.0.1:6379" type="org.springframework.data.redis.RedisConnectionFailureException">org.springframework.data.redis.RedisConnectionFailureException: Unable to connect to Redis; nested exception is io.lettuce.core.RedisConnectionException: Unable to connect to 127.0.0.1:6379
Caused by: io.lettuce.core.RedisConnectionException: Unable to connect to 127.0.0.1:6379
Caused by: io.netty.channel.AbstractChannel$AnnotatedConnectException: syscall:getsockopt(..) failed: Connection refused: /127.0.0.1:6379
Caused by: io.netty.channel.unix.Errors$NativeConnectException: syscall:getsockopt(..) failed: Connection refused
</error>
  </testcase>
  <testcase name="testRemoveIndex[9]" classname="org.springframework.data.redis.support.collections.RedisListTests" time="0.001">
    <error message="Unable to connect to Redis; nested exception is io.lettuce.core.RedisConnectionException: Unable to connect to 127.0.0.1:6379" type="org.springframework.data.redis.RedisConnectionFailureException">org.springframework.data.redis.RedisConnectionFailureException: Unable to connect to Redis; nested exception is io.lettuce.core.RedisConnectionException: Unable to connect to 127.0.0.1:6379
Caused by: io.lettuce.core.RedisConnectionException: Unable to connect to 127.0.0.1:6379
Caused by: io.netty.channel.AbstractChannel$AnnotatedConnectException: syscall:getsockopt(..) failed: Connection refused: /127.0.0.1:6379
Caused by: io.netty.channel.unix.Errors$NativeConnectException: syscall:getsockopt(..) failed: Connection refused
</error>
  </testcase>
  <testcase name="testPutLast[9]" classname="org.springframework.data.redis.support.collections.RedisListTests" time="0.001">
    <error message="Unable to connect to Redis; nested exception is io.lettuce.core.RedisConnectionException: Unable to connect to 127.0.0.1:6379" type="org.springframework.data.redis.RedisConnectionFailureException">org.springframework.data.redis.RedisConnectionFailureException: Unable to connect to Redis; nested exception is io.lettuce.core.RedisConnectionException: Unable to connect to 127.0.0.1:6379
Caused by: io.lettuce.core.RedisConnectionException: Unable to connect to 127.0.0.1:6379
Caused by: io.netty.channel.AbstractChannel$AnnotatedConnectException: syscall:getsockopt(..) failed: Connection refused: /127.0.0.1:6379
Caused by: io.netty.channel.unix.Errors$NativeConnectException: syscall:getsockopt(..) failed: Connection refused
</error>
  </testcase>
  <testcase name="testPutLast[9]" classname="org.springframework.data.redis.support.collections.RedisListTests" time="0.001">
    <error message="Unable to connect to Redis; nested exception is io.lettuce.core.RedisConnectionException: Unable to connect to 127.0.0.1:6379" type="org.springframework.data.redis.RedisConnectionFailureException">org.springframework.data.redis.RedisConnectionFailureException: Unable to connect to Redis; nested exception is io.lettuce.core.RedisConnectionException: Unable to connect to 127.0.0.1:6379
Caused by: io.lettuce.core.RedisConnectionException: Unable to connect to 127.0.0.1:6379
Caused by: io.netty.channel.AbstractChannel$AnnotatedConnectException: syscall:getsockopt(..) failed: Connection refused: /127.0.0.1:6379
Caused by: io.netty.channel.unix.Errors$NativeConnectException: syscall:getsockopt(..) failed: Connection refused
</error>
  </testcase>
  <testcase name="testOfferFirst[9]" classname="org.springframework.data.redis.support.collections.RedisListTests" time="0.001">
    <error message="Unable to connect to Redis; nested exception is io.lettuce.core.RedisConnectionException: Unable to connect to 127.0.0.1:6379" type="org.springframework.data.redis.RedisConnectionFailureException">org.springframework.data.redis.RedisConnectionFailureException: Unable to connect to Redis; nested exception is io.lettuce.core.RedisConnectionException: Unable to connect to 127.0.0.1:6379
Caused by: io.lettuce.core.RedisConnectionException: Unable to connect to 127.0.0.1:6379
Caused by: io.netty.channel.AbstractChannel$AnnotatedConnectException: syscall:getsockopt(..) failed: Connection refused: /127.0.0.1:6379
Caused by: io.netty.channel.unix.Errors$NativeConnectException: syscall:getsockopt(..) failed: Connection refused
</error>
  </testcase>
  <testcase name="testOfferFirst[9]" classname="org.springframework.data.redis.support.collections.RedisListTests" time="0.001">
    <error message="Unable to connect to Redis; nested exception is io.lettuce.core.RedisConnectionException: Unable to connect to 127.0.0.1:6379" type="org.springframework.data.redis.RedisConnectionFailureException">org.springframework.data.redis.RedisConnectionFailureException: Unable to connect to Redis; nested exception is io.lettuce.core.RedisConnectionException: Unable to connect to 127.0.0.1:6379
Caused by: io.lettuce.core.RedisConnectionException: Unable to connect to 127.0.0.1:6379
Caused by: io.netty.channel.AbstractChannel$AnnotatedConnectException: syscall:getsockopt(..) failed: Connection refused: /127.0.0.1:6379
Caused by: io.netty.channel.unix.Errors$NativeConnectException: syscall:getsockopt(..) failed: Connection refused
</error>
  </testcase>
  <testcase name="testDescendingIterator[9]" classname="org.springframework.data.redis.support.collections.RedisListTests" time="0.001">
    <error message="Unable to connect to Redis; nested exception is io.lettuce.core.RedisConnectionException: Unable to connect to 127.0.0.1:6379" type="org.springframework.data.redis.RedisConnectionFailureException">org.springframework.data.redis.RedisConnectionFailureException: Unable to connect to Redis; nested exception is io.lettuce.core.RedisConnectionException: Unable to connect to 127.0.0.1:6379
Caused by: io.lettuce.core.RedisConnectionException: Unable to connect to 127.0.0.1:6379
Caused by: io.netty.channel.AbstractChannel$AnnotatedConnectException: syscall:getsockopt(..) failed: Connection refused: /127.0.0.1:6379
Caused by: io.netty.channel.unix.Errors$NativeConnectException: syscall:getsockopt(..) failed: Connection refused
</error>
  </testcase>
  <testcase name="testDescendingIterator[9]" classname="org.springframework.data.redis.support.collections.RedisListTests" time="0.001">
    <error message="Unable to connect to Redis; nested exception is io.lettuce.core.RedisConnectionException: Unable to connect to 127.0.0.1:6379" type="org.springframework.data.redis.RedisConnectionFailureException">org.springframework.data.redis.RedisConnectionFailureException: Unable to connect to Redis; nested exception is io.lettuce.core.RedisConnectionException: Unable to connect to 127.0.0.1:6379
Caused by: io.lettuce.core.RedisConnectionException: Unable to connect to 127.0.0.1:6379
Caused by: io.netty.channel.AbstractChannel$AnnotatedConnectException: syscall:getsockopt(..) failed: Connection refused: /127.0.0.1:6379
Caused by: io.netty.channel.unix.Errors$NativeConnectException: syscall:getsockopt(..) failed: Connection refused
</error>
  </testcase>
  <testcase name="testAddFirst[9]" classname="org.springframework.data.redis.support.collections.RedisListTests" time="0.001">
    <error message="Unable to connect to Redis; nested exception is io.lettuce.core.RedisConnectionException: Unable to connect to 127.0.0.1:6379" type="org.springframework.data.redis.RedisConnectionFailureException">org.springframework.data.redis.RedisConnectionFailureException: Unable to connect to Redis; nested exception is io.lettuce.core.RedisConnectionException: Unable to connect to 127.0.0.1:6379
Caused by: io.lettuce.core.RedisConnectionException: Unable to connect to 127.0.0.1:6379
Caused by: io.netty.channel.AbstractChannel$AnnotatedConnectException: syscall:getsockopt(..) failed: Connection refused: /127.0.0.1:6379
Caused by: io.netty.channel.unix.Errors$NativeConnectException: syscall:getsockopt(..) failed: Connection refused
</error>
  </testcase>
  <testcase name="testAddFirst[9]" classname="org.springframework.data.redis.support.collections.RedisListTests" time="0.002">
    <error message="Unable to connect to Redis; nested exception is io.lettuce.core.RedisConnectionException: Unable to connect to 127.0.0.1:6379" type="org.springframework.data.redis.RedisConnectionFailureException">org.springframework.data.redis.RedisConnectionFailureException: Unable to connect to Redis; nested exception is io.lettuce.core.RedisConnectionException: Unable to connect to 127.0.0.1:6379
Caused by: io.lettuce.core.RedisConnectionException: Unable to connect to 127.0.0.1:6379
Caused by: io.netty.channel.AbstractChannel$AnnotatedConnectException: syscall:getsockopt(..) failed: Connection refused: /127.0.0.1:6379
Caused by: io.netty.channel.unix.Errors$NativeConnectException: syscall:getsockopt(..) failed: Connection refused
</error>
  </testcase>
  <testcase name="testDrainToCollectionWithMaxElements[9]" classname="org.springframework.data.redis.support.collections.RedisListTests" time="0.001">
    <error message="Unable to connect to Redis; nested exception is io.lettuce.core.RedisConnectionException: Unable to connect to 127.0.0.1:6379" type="org.springframework.data.redis.RedisConnectionFailureException">org.springframework.data.redis.RedisConnectionFailureException: Unable to connect to Redis; nested exception is io.lettuce.core.RedisConnectionException: Unable to connect to 127.0.0.1:6379
Caused by: io.lettuce.core.RedisConnectionException: Unable to connect to 127.0.0.1:6379
Caused by: io.netty.channel.AbstractChannel$AnnotatedConnectException: syscall:getsockopt(..) failed: Connection refused: /127.0.0.1:6379
Caused by: io.netty.channel.unix.Errors$NativeConnectException: syscall:getsockopt(..) failed: Connection refused
</error>
  </testcase>
  <testcase name="testDrainToCollectionWithMaxElements[9]" classname="org.springframework.data.redis.support.collections.RedisListTests" time="0.001">
    <error message="Unable to connect to Redis; nested exception is io.lettuce.core.RedisConnectionException: Unable to connect to 127.0.0.1:6379" type="org.springframework.data.redis.RedisConnectionFailureException">org.springframework.data.redis.RedisConnectionFailureException: Unable to connect to Redis; nested exception is io.lettuce.core.RedisConnectionException: Unable to connect to 127.0.0.1:6379
Caused by: io.lettuce.core.RedisConnectionException: Unable to connect to 127.0.0.1:6379
Caused by: io.netty.channel.AbstractChannel$AnnotatedConnectException: syscall:getsockopt(..) failed: Connection refused: /127.0.0.1:6379
Caused by: io.netty.channel.unix.Errors$NativeConnectException: syscall:getsockopt(..) failed: Connection refused
</error>
  </testcase>
  <testcase name="testTakeLast[9]" classname="org.springframework.data.redis.support.collections.RedisListTests" time="0.002">
    <error message="Unable to connect to Redis; nested exception is io.lettuce.core.RedisConnectionException: Unable to connect to 127.0.0.1:6379" type="org.springframework.data.redis.RedisConnectionFailureException">org.springframework.data.redis.RedisConnectionFailureException: Unable to connect to Redis; nested exception is io.lettuce.core.RedisConnectionException: Unable to connect to 127.0.0.1:6379
Caused by: io.lettuce.core.RedisConnectionException: Unable to connect to 127.0.0.1:6379
Caused by: io.netty.channel.AbstractChannel$AnnotatedConnectException: syscall:getsockopt(..) failed: Connection refused: /127.0.0.1:6379
Caused by: io.netty.channel.unix.Errors$NativeConnectException: syscall:getsockopt(..) failed: Connection refused
</error>
  </testcase>
  <testcase name="testTakeLast[9]" classname="org.springframework.data.redis.support.collections.RedisListTests" time="0.002">
    <error message="Unable to connect to Redis; nested exception is io.lettuce.core.RedisConnectionException: Unable to connect to 127.0.0.1:6379" type="org.springframework.data.redis.RedisConnectionFailureException">org.springframework.data.redis.RedisConnectionFailureException: Unable to connect to Redis; nested exception is io.lettuce.core.RedisConnectionException: Unable to connect to 127.0.0.1:6379
Caused by: io.lettuce.core.RedisConnectionException: Unable to connect to 127.0.0.1:6379
Caused by: io.netty.channel.AbstractChannel$AnnotatedConnectException: syscall:getsockopt(..) failed: Connection refused: /127.0.0.1:6379
Caused by: io.netty.channel.unix.Errors$NativeConnectException: syscall:getsockopt(..) failed: Connection refused
</error>
  </testcase>
  <testcase name="testRemainingCapacity[9]" classname="org.springframework.data.redis.support.collections.RedisListTests" time="0.001">
    <error message="Unable to connect to Redis; nested exception is io.lettuce.core.RedisConnectionException: Unable to connect to 127.0.0.1:6379" type="org.springframework.data.redis.RedisConnectionFailureException">org.springframework.data.redis.RedisConnectionFailureException: Unable to connect to Redis; nested exception is io.lettuce.core.RedisConnectionException: Unable to connect to 127.0.0.1:6379
Caused by: io.lettuce.core.RedisConnectionException: Unable to connect to 127.0.0.1:6379
Caused by: io.netty.channel.AbstractChannel$AnnotatedConnectException: syscall:getsockopt(..) failed: Connection refused: /127.0.0.1:6379
Caused by: io.netty.channel.unix.Errors$NativeConnectException: syscall:getsockopt(..) failed: Connection refused
</error>
  </testcase>
  <testcase name="testRemoveLast[9]" classname="org.springframework.data.redis.support.collections.RedisListTests" time="0.001">
    <error message="Unable to connect to Redis; nested exception is io.lettuce.core.RedisConnectionException: Unable to connect to 127.0.0.1:6379" type="org.springframework.data.redis.RedisConnectionFailureException">org.springframework.data.redis.RedisConnectionFailureException: Unable to connect to Redis; nested exception is io.lettuce.core.RedisConnectionException: Unable to connect to 127.0.0.1:6379
Caused by: io.lettuce.core.RedisConnectionException: Unable to connect to 127.0.0.1:6379
Caused by: io.netty.channel.AbstractChannel$AnnotatedConnectException: syscall:getsockopt(..) failed: Connection refused: /127.0.0.1:6379
Caused by: io.netty.channel.unix.Errors$NativeConnectException: syscall:getsockopt(..) failed: Connection refused
</error>
  </testcase>
  <testcase name="testRemoveLast[9]" classname="org.springframework.data.redis.support.collections.RedisListTests" time="0.001">
    <error message="Unable to connect to Redis; nested exception is io.lettuce.core.RedisConnectionException: Unable to connect to 127.0.0.1:6379" type="org.springframework.data.redis.RedisConnectionFailureException">org.springframework.data.redis.RedisConnectionFailureException: Unable to connect to Redis; nested exception is io.lettuce.core.RedisConnectionException: Unable to connect to 127.0.0.1:6379
Caused by: io.lettuce.core.RedisConnectionException: Unable to connect to 127.0.0.1:6379
Caused by: io.netty.channel.AbstractChannel$AnnotatedConnectException: syscall:getsockopt(..) failed: Connection refused: /127.0.0.1:6379
Caused by: io.netty.channel.unix.Errors$NativeConnectException: syscall:getsockopt(..) failed: Connection refused
</error>
  </testcase>
  <testcase name="testAddIndexObjectHead[9]" classname="org.springframework.data.redis.support.collections.RedisListTests" time="0.001">
    <error message="Unable to connect to Redis; nested exception is io.lettuce.core.RedisConnectionException: Unable to connect to 127.0.0.1:6379" type="org.springframework.data.redis.RedisConnectionFailureException">org.springframework.data.redis.RedisConnectionFailureException: Unable to connect to Redis; nested exception is io.lettuce.core.RedisConnectionException: Unable to connect to 127.0.0.1:6379
Caused by: io.lettuce.core.RedisConnectionException: Unable to connect to 127.0.0.1:6379
Caused by: io.netty.channel.AbstractChannel$AnnotatedConnectException: syscall:getsockopt(..) failed: Connection refused: /127.0.0.1:6379
Caused by: io.netty.channel.unix.Errors$NativeConnectException: syscall:getsockopt(..) failed: Connection refused
</error>
  </testcase>
  <testcase name="testAddIndexObjectHead[9]" classname="org.springframework.data.redis.support.collections.RedisListTests" time="0.002">
    <error message="Unable to connect to Redis; nested exception is io.lettuce.core.RedisConnectionException: Unable to connect to 127.0.0.1:6379" type="org.springframework.data.redis.RedisConnectionFailureException">org.springframework.data.redis.RedisConnectionFailureException: Unable to connect to Redis; nested exception is io.lettuce.core.RedisConnectionException: Unable to connect to 127.0.0.1:6379
Caused by: io.lettuce.core.RedisConnectionException: Unable to connect to 127.0.0.1:6379
Caused by: io.netty.channel.AbstractChannel$AnnotatedConnectException: syscall:getsockopt(..) failed: Connection refused: /127.0.0.1:6379
Caused by: io.netty.channel.unix.Errors$NativeConnectException: syscall:getsockopt(..) failed: Connection refused
</error>
  </testcase>
  <testcase name="testAddIndexObjectTail[9]" classname="org.springframework.data.redis.support.collections.RedisListTests" time="0.001">
    <error message="Unable to connect to Redis; nested exception is io.lettuce.core.RedisConnectionException: Unable to connect to 127.0.0.1:6379" type="org.springframework.data.redis.RedisConnectionFailureException">org.springframework.data.redis.RedisConnectionFailureException: Unable to connect to Redis; nested exception is io.lettuce.core.RedisConnectionException: Unable to connect to 127.0.0.1:6379
Caused by: io.lettuce.core.RedisConnectionException: Unable to connect to 127.0.0.1:6379
Caused by: io.netty.channel.AbstractChannel$AnnotatedConnectException: syscall:getsockopt(..) failed: Connection refused: /127.0.0.1:6379
Caused by: io.netty.channel.unix.Errors$NativeConnectException: syscall:getsockopt(..) failed: Connection refused
</error>
  </testcase>
  <testcase name="testAddIndexObjectTail[9]" classname="org.springframework.data.redis.support.collections.RedisListTests" time="0.001">
    <error message="Unable to connect to Redis; nested exception is io.lettuce.core.RedisConnectionException: Unable to connect to 127.0.0.1:6379" type="org.springframework.data.redis.RedisConnectionFailureException">org.springframework.data.redis.RedisConnectionFailureException: Unable to connect to Redis; nested exception is io.lettuce.core.RedisConnectionException: Unable to connect to 127.0.0.1:6379
Caused by: io.lettuce.core.RedisConnectionException: Unable to connect to 127.0.0.1:6379
Caused by: io.netty.channel.AbstractChannel$AnnotatedConnectException: syscall:getsockopt(..) failed: Connection refused: /127.0.0.1:6379
Caused by: io.netty.channel.unix.Errors$NativeConnectException: syscall:getsockopt(..) failed: Connection refused
</error>
  </testcase>
  <testcase name="testPollFirst[9]" classname="org.springframework.data.redis.support.collections.RedisListTests" time="0.001">
    <error message="Unable to connect to Redis; nested exception is io.lettuce.core.RedisConnectionException: Unable to connect to 127.0.0.1:6379" type="org.springframework.data.redis.RedisConnectionFailureException">org.springframework.data.redis.RedisConnectionFailureException: Unable to connect to Redis; nested exception is io.lettuce.core.RedisConnectionException: Unable to connect to 127.0.0.1:6379
Caused by: io.lettuce.core.RedisConnectionException: Unable to connect to 127.0.0.1:6379
Caused by: io.netty.channel.AbstractChannel$AnnotatedConnectException: syscall:getsockopt(..) failed: Connection refused: /127.0.0.1:6379
Caused by: io.netty.channel.unix.Errors$NativeConnectException: syscall:getsockopt(..) failed: Connection refused
</error>
  </testcase>
  <testcase name="testPollFirst[9]" classname="org.springframework.data.redis.support.collections.RedisListTests" time="0.001">
    <error message="Unable to connect to Redis; nested exception is io.lettuce.core.RedisConnectionException: Unable to connect to 127.0.0.1:6379" type="org.springframework.data.redis.RedisConnectionFailureException">org.springframework.data.redis.RedisConnectionFailureException: Unable to connect to Redis; nested exception is io.lettuce.core.RedisConnectionException: Unable to connect to 127.0.0.1:6379
Caused by: io.lettuce.core.RedisConnectionException: Unable to connect to 127.0.0.1:6379
Caused by: io.netty.channel.AbstractChannel$AnnotatedConnectException: syscall:getsockopt(..) failed: Connection refused: /127.0.0.1:6379
Caused by: io.netty.channel.unix.Errors$NativeConnectException: syscall:getsockopt(..) failed: Connection refused
</error>
  </testcase>
  <testcase name="testAddIndexObjectMiddle[9]" classname="org.springframework.data.redis.support.collections.RedisListTests" time="0.001">
    <error message="Unexpected exception, expected&lt;java.lang.IllegalArgumentException&gt; but was&lt;org.springframework.data.redis.RedisConnectionFailureException&gt;" type="java.lang.Exception"><![CDATA[java.lang.Exception: Unexpected exception, expected<java.lang.IllegalArgumentException> but was<org.springframework.data.redis.RedisConnectionFailureException>
Caused by: org.springframework.data.redis.RedisConnectionFailureException: Unable to connect to Redis; nested exception is io.lettuce.core.RedisConnectionException: Unable to connect to 127.0.0.1:6379
Caused by: io.lettuce.core.RedisConnectionException: Unable to connect to 127.0.0.1:6379
Caused by: io.netty.channel.AbstractChannel$AnnotatedConnectException: syscall:getsockopt(..) failed: Connection refused: /127.0.0.1:6379
Caused by: io.netty.channel.unix.Errors$NativeConnectException: syscall:getsockopt(..) failed: Connection refused
]]></error>
  </testcase>
  <testcase name="testAddIndexObjectMiddle[9]" classname="org.springframework.data.redis.support.collections.RedisListTests" time="0.002">
    <error message="Unable to connect to Redis; nested exception is io.lettuce.core.RedisConnectionException: Unable to connect to 127.0.0.1:6379" type="org.springframework.data.redis.RedisConnectionFailureException">org.springframework.data.redis.RedisConnectionFailureException: Unable to connect to Redis; nested exception is io.lettuce.core.RedisConnectionException: Unable to connect to 127.0.0.1:6379
Caused by: io.lettuce.core.RedisConnectionException: Unable to connect to 127.0.0.1:6379
Caused by: io.netty.channel.AbstractChannel$AnnotatedConnectException: syscall:getsockopt(..) failed: Connection refused: /127.0.0.1:6379
Caused by: io.netty.channel.unix.Errors$NativeConnectException: syscall:getsockopt(..) failed: Connection refused
</error>
  </testcase>
  <testcase name="testPeekLast[9]" classname="org.springframework.data.redis.support.collections.RedisListTests" time="0.001">
    <error message="Unable to connect to Redis; nested exception is io.lettuce.core.RedisConnectionException: Unable to connect to 127.0.0.1:6379" type="org.springframework.data.redis.RedisConnectionFailureException">org.springframework.data.redis.RedisConnectionFailureException: Unable to connect to Redis; nested exception is io.lettuce.core.RedisConnectionException: Unable to connect to 127.0.0.1:6379
Caused by: io.lettuce.core.RedisConnectionException: Unable to connect to 127.0.0.1:6379
Caused by: io.netty.channel.AbstractChannel$AnnotatedConnectException: syscall:getsockopt(..) failed: Connection refused: /127.0.0.1:6379
Caused by: io.netty.channel.unix.Errors$NativeConnectException: syscall:getsockopt(..) failed: Connection refused
</error>
  </testcase>
  <testcase name="testPeekLast[9]" classname="org.springframework.data.redis.support.collections.RedisListTests" time="0.001">
    <error message="Unable to connect to Redis; nested exception is io.lettuce.core.RedisConnectionException: Unable to connect to 127.0.0.1:6379" type="org.springframework.data.redis.RedisConnectionFailureException">org.springframework.data.redis.RedisConnectionFailureException: Unable to connect to Redis; nested exception is io.lettuce.core.RedisConnectionException: Unable to connect to 127.0.0.1:6379
Caused by: io.lettuce.core.RedisConnectionException: Unable to connect to 127.0.0.1:6379
Caused by: io.netty.channel.AbstractChannel$AnnotatedConnectException: syscall:getsockopt(..) failed: Connection refused: /127.0.0.1:6379
Caused by: io.netty.channel.unix.Errors$NativeConnectException: syscall:getsockopt(..) failed: Connection refused
</error>
  </testcase>
  <testcase name="testRemoveFirstOccurrence[9]" classname="org.springframework.data.redis.support.collections.RedisListTests" time="0.001">
    <error message="Unable to connect to Redis; nested exception is io.lettuce.core.RedisConnectionException: Unable to connect to 127.0.0.1:6379" type="org.springframework.data.redis.RedisConnectionFailureException">org.springframework.data.redis.RedisConnectionFailureException: Unable to connect to Redis; nested exception is io.lettuce.core.RedisConnectionException: Unable to connect to 127.0.0.1:6379
Caused by: io.lettuce.core.RedisConnectionException: Unable to connect to 127.0.0.1:6379
Caused by: io.netty.channel.AbstractChannel$AnnotatedConnectException: syscall:getsockopt(..) failed: Connection refused: /127.0.0.1:6379
Caused by: io.netty.channel.unix.Errors$NativeConnectException: syscall:getsockopt(..) failed: Connection refused
</error>
  </testcase>
  <testcase name="testRemoveFirstOccurrence[9]" classname="org.springframework.data.redis.support.collections.RedisListTests" time="0.001">
    <error message="Unable to connect to Redis; nested exception is io.lettuce.core.RedisConnectionException: Unable to connect to 127.0.0.1:6379" type="org.springframework.data.redis.RedisConnectionFailureException">org.springframework.data.redis.RedisConnectionFailureException: Unable to connect to Redis; nested exception is io.lettuce.core.RedisConnectionException: Unable to connect to 127.0.0.1:6379
Caused by: io.lettuce.core.RedisConnectionException: Unable to connect to 127.0.0.1:6379
Caused by: io.netty.channel.AbstractChannel$AnnotatedConnectException: syscall:getsockopt(..) failed: Connection refused: /127.0.0.1:6379
Caused by: io.netty.channel.unix.Errors$NativeConnectException: syscall:getsockopt(..) failed: Connection refused
</error>
  </testcase>
  <testcase name="addAllIndexCollectionHead[9]" classname="org.springframework.data.redis.support.collections.RedisListTests" time="0.001">
    <error message="Unable to connect to Redis; nested exception is io.lettuce.core.RedisConnectionException: Unable to connect to 127.0.0.1:6379" type="org.springframework.data.redis.RedisConnectionFailureException">org.springframework.data.redis.RedisConnectionFailureException: Unable to connect to Redis; nested exception is io.lettuce.core.RedisConnectionException: Unable to connect to 127.0.0.1:6379
Caused by: io.lettuce.core.RedisConnectionException: Unable to connect to 127.0.0.1:6379
Caused by: io.netty.channel.AbstractChannel$AnnotatedConnectException: syscall:getsockopt(..) failed: Connection refused: /127.0.0.1:6379
Caused by: io.netty.channel.unix.Errors$NativeConnectException: syscall:getsockopt(..) failed: Connection refused
</error>
  </testcase>
  <testcase name="addAllIndexCollectionHead[9]" classname="org.springframework.data.redis.support.collections.RedisListTests" time="0.001">
    <error message="Unable to connect to Redis; nested exception is io.lettuce.core.RedisConnectionException: Unable to connect to 127.0.0.1:6379" type="org.springframework.data.redis.RedisConnectionFailureException">org.springframework.data.redis.RedisConnectionFailureException: Unable to connect to Redis; nested exception is io.lettuce.core.RedisConnectionException: Unable to connect to 127.0.0.1:6379
Caused by: io.lettuce.core.RedisConnectionException: Unable to connect to 127.0.0.1:6379
Caused by: io.netty.channel.AbstractChannel$AnnotatedConnectException: syscall:getsockopt(..) failed: Connection refused: /127.0.0.1:6379
Caused by: io.netty.channel.unix.Errors$NativeConnectException: syscall:getsockopt(..) failed: Connection refused
</error>
  </testcase>
  <testcase name="addAllIndexCollectionTail[9]" classname="org.springframework.data.redis.support.collections.RedisListTests" time="0.001">
    <error message="Unable to connect to Redis; nested exception is io.lettuce.core.RedisConnectionException: Unable to connect to 127.0.0.1:6379" type="org.springframework.data.redis.RedisConnectionFailureException">org.springframework.data.redis.RedisConnectionFailureException: Unable to connect to Redis; nested exception is io.lettuce.core.RedisConnectionException: Unable to connect to 127.0.0.1:6379
Caused by: io.lettuce.core.RedisConnectionException: Unable to connect to 127.0.0.1:6379
Caused by: io.netty.channel.AbstractChannel$AnnotatedConnectException: syscall:getsockopt(..) failed: Connection refused: /127.0.0.1:6379
Caused by: io.netty.channel.unix.Errors$NativeConnectException: syscall:getsockopt(..) failed: Connection refused
</error>
  </testcase>
  <testcase name="addAllIndexCollectionTail[9]" classname="org.springframework.data.redis.support.collections.RedisListTests" time="0.001">
    <error message="Unable to connect to Redis; nested exception is io.lettuce.core.RedisConnectionException: Unable to connect to 127.0.0.1:6379" type="org.springframework.data.redis.RedisConnectionFailureException">org.springframework.data.redis.RedisConnectionFailureException: Unable to connect to Redis; nested exception is io.lettuce.core.RedisConnectionException: Unable to connect to 127.0.0.1:6379
Caused by: io.lettuce.core.RedisConnectionException: Unable to connect to 127.0.0.1:6379
Caused by: io.netty.channel.AbstractChannel$AnnotatedConnectException: syscall:getsockopt(..) failed: Connection refused: /127.0.0.1:6379
Caused by: io.netty.channel.unix.Errors$NativeConnectException: syscall:getsockopt(..) failed: Connection refused
</error>
  </testcase>
  <testcase name="addAllIndexCollectionMiddle[9]" classname="org.springframework.data.redis.support.collections.RedisListTests" time="0.001">
    <error message="Unexpected exception, expected&lt;java.lang.IllegalArgumentException&gt; but was&lt;org.springframework.data.redis.RedisConnectionFailureException&gt;" type="java.lang.Exception"><![CDATA[java.lang.Exception: Unexpected exception, expected<java.lang.IllegalArgumentException> but was<org.springframework.data.redis.RedisConnectionFailureException>
Caused by: org.springframework.data.redis.RedisConnectionFailureException: Unable to connect to Redis; nested exception is io.lettuce.core.RedisConnectionException: Unable to connect to 127.0.0.1:6379
Caused by: io.lettuce.core.RedisConnectionException: Unable to connect to 127.0.0.1:6379
Caused by: io.netty.channel.AbstractChannel$AnnotatedConnectException: syscall:getsockopt(..) failed: Connection refused: /127.0.0.1:6379
Caused by: io.netty.channel.unix.Errors$NativeConnectException: syscall:getsockopt(..) failed: Connection refused
]]></error>
  </testcase>
  <testcase name="addAllIndexCollectionMiddle[9]" classname="org.springframework.data.redis.support.collections.RedisListTests" time="0.001">
    <error message="Unable to connect to Redis; nested exception is io.lettuce.core.RedisConnectionException: Unable to connect to 127.0.0.1:6379" type="org.springframework.data.redis.RedisConnectionFailureException">org.springframework.data.redis.RedisConnectionFailureException: Unable to connect to Redis; nested exception is io.lettuce.core.RedisConnectionException: Unable to connect to 127.0.0.1:6379
Caused by: io.lettuce.core.RedisConnectionException: Unable to connect to 127.0.0.1:6379
Caused by: io.netty.channel.AbstractChannel$AnnotatedConnectException: syscall:getsockopt(..) failed: Connection refused: /127.0.0.1:6379
Caused by: io.netty.channel.unix.Errors$NativeConnectException: syscall:getsockopt(..) failed: Connection refused
</error>
  </testcase>
  <testcase name="testPollLast[9]" classname="org.springframework.data.redis.support.collections.RedisListTests" time="0.001">
    <error message="Unable to connect to Redis; nested exception is io.lettuce.core.RedisConnectionException: Unable to connect to 127.0.0.1:6379" type="org.springframework.data.redis.RedisConnectionFailureException">org.springframework.data.redis.RedisConnectionFailureException: Unable to connect to Redis; nested exception is io.lettuce.core.RedisConnectionException: Unable to connect to 127.0.0.1:6379
Caused by: io.lettuce.core.RedisConnectionException: Unable to connect to 127.0.0.1:6379
Caused by: io.netty.channel.AbstractChannel$AnnotatedConnectException: syscall:getsockopt(..) failed: Connection refused: /127.0.0.1:6379
Caused by: io.netty.channel.unix.Errors$NativeConnectException: syscall:getsockopt(..) failed: Connection refused
</error>
  </testcase>
  <testcase name="testPollLast[9]" classname="org.springframework.data.redis.support.collections.RedisListTests" time="0.001">
    <error message="Unable to connect to Redis; nested exception is io.lettuce.core.RedisConnectionException: Unable to connect to 127.0.0.1:6379" type="org.springframework.data.redis.RedisConnectionFailureException">org.springframework.data.redis.RedisConnectionFailureException: Unable to connect to Redis; nested exception is io.lettuce.core.RedisConnectionException: Unable to connect to 127.0.0.1:6379
Caused by: io.lettuce.core.RedisConnectionException: Unable to connect to 127.0.0.1:6379
Caused by: io.netty.channel.AbstractChannel$AnnotatedConnectException: syscall:getsockopt(..) failed: Connection refused: /127.0.0.1:6379
Caused by: io.netty.channel.unix.Errors$NativeConnectException: syscall:getsockopt(..) failed: Connection refused
</error>
  </testcase>
  <testcase name="testIndexOfObject[9]" classname="org.springframework.data.redis.support.collections.RedisListTests" time="0.001">
    <error message="Unable to connect to Redis; nested exception is io.lettuce.core.RedisConnectionException: Unable to connect to 127.0.0.1:6379" type="org.springframework.data.redis.RedisConnectionFailureException">org.springframework.data.redis.RedisConnectionFailureException: Unable to connect to Redis; nested exception is io.lettuce.core.RedisConnectionException: Unable to connect to 127.0.0.1:6379
Caused by: io.lettuce.core.RedisConnectionException: Unable to connect to 127.0.0.1:6379
Caused by: io.netty.channel.AbstractChannel$AnnotatedConnectException: syscall:getsockopt(..) failed: Connection refused: /127.0.0.1:6379
Caused by: io.netty.channel.unix.Errors$NativeConnectException: syscall:getsockopt(..) failed: Connection refused
</error>
  </testcase>
  <testcase name="testPollTimeout[9]" classname="org.springframework.data.redis.support.collections.RedisListTests" time="0.001">
    <error message="Unable to connect to Redis; nested exception is io.lettuce.core.RedisConnectionException: Unable to connect to 127.0.0.1:6379" type="org.springframework.data.redis.RedisConnectionFailureException">org.springframework.data.redis.RedisConnectionFailureException: Unable to connect to Redis; nested exception is io.lettuce.core.RedisConnectionException: Unable to connect to 127.0.0.1:6379
Caused by: io.lettuce.core.RedisConnectionException: Unable to connect to 127.0.0.1:6379
Caused by: io.netty.channel.AbstractChannel$AnnotatedConnectException: syscall:getsockopt(..) failed: Connection refused: /127.0.0.1:6379
Caused by: io.netty.channel.unix.Errors$NativeConnectException: syscall:getsockopt(..) failed: Connection refused
</error>
  </testcase>
  <testcase name="testPollTimeout[9]" classname="org.springframework.data.redis.support.collections.RedisListTests" time="0.001">
    <error message="Unable to connect to Redis; nested exception is io.lettuce.core.RedisConnectionException: Unable to connect to 127.0.0.1:6379" type="org.springframework.data.redis.RedisConnectionFailureException">org.springframework.data.redis.RedisConnectionFailureException: Unable to connect to Redis; nested exception is io.lettuce.core.RedisConnectionException: Unable to connect to 127.0.0.1:6379
Caused by: io.lettuce.core.RedisConnectionException: Unable to connect to 127.0.0.1:6379
Caused by: io.netty.channel.AbstractChannel$AnnotatedConnectException: syscall:getsockopt(..) failed: Connection refused: /127.0.0.1:6379
Caused by: io.netty.channel.unix.Errors$NativeConnectException: syscall:getsockopt(..) failed: Connection refused
</error>
  </testcase>
  <testcase name="testRemove[9]" classname="org.springframework.data.redis.support.collections.RedisListTests" time="0.001">
    <error message="Unable to connect to Redis; nested exception is io.lettuce.core.RedisConnectionException: Unable to connect to 127.0.0.1:6379" type="org.springframework.data.redis.RedisConnectionFailureException">org.springframework.data.redis.RedisConnectionFailureException: Unable to connect to Redis; nested exception is io.lettuce.core.RedisConnectionException: Unable to connect to 127.0.0.1:6379
Caused by: io.lettuce.core.RedisConnectionException: Unable to connect to 127.0.0.1:6379
Caused by: io.netty.channel.AbstractChannel$AnnotatedConnectException: syscall:getsockopt(..) failed: Connection refused: /127.0.0.1:6379
Caused by: io.netty.channel.unix.Errors$NativeConnectException: syscall:getsockopt(..) failed: Connection refused
</error>
  </testcase>
  <testcase name="testRemove[9]" classname="org.springframework.data.redis.support.collections.RedisListTests" time="0.001">
    <error message="Unable to connect to Redis; nested exception is io.lettuce.core.RedisConnectionException: Unable to connect to 127.0.0.1:6379" type="org.springframework.data.redis.RedisConnectionFailureException">org.springframework.data.redis.RedisConnectionFailureException: Unable to connect to Redis; nested exception is io.lettuce.core.RedisConnectionException: Unable to connect to 127.0.0.1:6379
Caused by: io.lettuce.core.RedisConnectionException: Unable to connect to 127.0.0.1:6379
Caused by: io.netty.channel.AbstractChannel$AnnotatedConnectException: syscall:getsockopt(..) failed: Connection refused: /127.0.0.1:6379
Caused by: io.netty.channel.unix.Errors$NativeConnectException: syscall:getsockopt(..) failed: Connection refused
</error>
  </testcase>
  <testcase name="testCappedCollection[9]" classname="org.springframework.data.redis.support.collections.RedisListTests" time="0.001">
    <error message="Unable to connect to Redis; nested exception is io.lettuce.core.RedisConnectionException: Unable to connect to 127.0.0.1:6379" type="org.springframework.data.redis.RedisConnectionFailureException">org.springframework.data.redis.RedisConnectionFailureException: Unable to connect to Redis; nested exception is io.lettuce.core.RedisConnectionException: Unable to connect to 127.0.0.1:6379
Caused by: io.lettuce.core.RedisConnectionException: Unable to connect to 127.0.0.1:6379
Caused by: io.netty.channel.AbstractChannel$AnnotatedConnectException: syscall:getsockopt(..) failed: Connection refused: /127.0.0.1:6379
Caused by: io.netty.channel.unix.Errors$NativeConnectException: syscall:getsockopt(..) failed: Connection refused
</error>
  </testcase>
  <testcase name="testCappedCollection[9]" classname="org.springframework.data.redis.support.collections.RedisListTests" time="0.001">
    <error message="Unable to connect to Redis; nested exception is io.lettuce.core.RedisConnectionException: Unable to connect to 127.0.0.1:6379" type="org.springframework.data.redis.RedisConnectionFailureException">org.springframework.data.redis.RedisConnectionFailureException: Unable to connect to Redis; nested exception is io.lettuce.core.RedisConnectionException: Unable to connect to 127.0.0.1:6379
Caused by: io.lettuce.core.RedisConnectionException: Unable to connect to 127.0.0.1:6379
Caused by: io.netty.channel.AbstractChannel$AnnotatedConnectException: syscall:getsockopt(..) failed: Connection refused: /127.0.0.1:6379
Caused by: io.netty.channel.unix.Errors$NativeConnectException: syscall:getsockopt(..) failed: Connection refused
</error>
  </testcase>
  <testcase name="testRmoveLastOccurrence[9]" classname="org.springframework.data.redis.support.collections.RedisListTests" time="0.001">
    <error message="Unable to connect to Redis; nested exception is io.lettuce.core.RedisConnectionException: Unable to connect to 127.0.0.1:6379" type="org.springframework.data.redis.RedisConnectionFailureException">org.springframework.data.redis.RedisConnectionFailureException: Unable to connect to Redis; nested exception is io.lettuce.core.RedisConnectionException: Unable to connect to 127.0.0.1:6379
Caused by: io.lettuce.core.RedisConnectionException: Unable to connect to 127.0.0.1:6379
Caused by: io.netty.channel.AbstractChannel$AnnotatedConnectException: syscall:getsockopt(..) failed: Connection refused: /127.0.0.1:6379
Caused by: io.netty.channel.unix.Errors$NativeConnectException: syscall:getsockopt(..) failed: Connection refused
</error>
  </testcase>
  <testcase name="testRmoveLastOccurrence[9]" classname="org.springframework.data.redis.support.collections.RedisListTests" time="0.001">
    <error message="Unable to connect to Redis; nested exception is io.lettuce.core.RedisConnectionException: Unable to connect to 127.0.0.1:6379" type="org.springframework.data.redis.RedisConnectionFailureException">org.springframework.data.redis.RedisConnectionFailureException: Unable to connect to Redis; nested exception is io.lettuce.core.RedisConnectionException: Unable to connect to 127.0.0.1:6379
Caused by: io.lettuce.core.RedisConnectionException: Unable to connect to 127.0.0.1:6379
Caused by: io.netty.channel.AbstractChannel$AnnotatedConnectException: syscall:getsockopt(..) failed: Connection refused: /127.0.0.1:6379
Caused by: io.netty.channel.unix.Errors$NativeConnectException: syscall:getsockopt(..) failed: Connection refused
</error>
  </testcase>
  <testcase name="testTakeFirst[9]" classname="org.springframework.data.redis.support.collections.RedisListTests" time="0.001">
    <error message="Unable to connect to Redis; nested exception is io.lettuce.core.RedisConnectionException: Unable to connect to 127.0.0.1:6379" type="org.springframework.data.redis.RedisConnectionFailureException">org.springframework.data.redis.RedisConnectionFailureException: Unable to connect to Redis; nested exception is io.lettuce.core.RedisConnectionException: Unable to connect to 127.0.0.1:6379
Caused by: io.lettuce.core.RedisConnectionException: Unable to connect to 127.0.0.1:6379
Caused by: io.netty.channel.AbstractChannel$AnnotatedConnectException: syscall:getsockopt(..) failed: Connection refused: /127.0.0.1:6379
Caused by: io.netty.channel.unix.Errors$NativeConnectException: syscall:getsockopt(..) failed: Connection refused
</error>
  </testcase>
  <testcase name="testTakeFirst[9]" classname="org.springframework.data.redis.support.collections.RedisListTests" time="0.001">
    <error message="Unable to connect to Redis; nested exception is io.lettuce.core.RedisConnectionException: Unable to connect to 127.0.0.1:6379" type="org.springframework.data.redis.RedisConnectionFailureException">org.springframework.data.redis.RedisConnectionFailureException: Unable to connect to Redis; nested exception is io.lettuce.core.RedisConnectionException: Unable to connect to 127.0.0.1:6379
Caused by: io.lettuce.core.RedisConnectionException: Unable to connect to 127.0.0.1:6379
Caused by: io.netty.channel.AbstractChannel$AnnotatedConnectException: syscall:getsockopt(..) failed: Connection refused: /127.0.0.1:6379
Caused by: io.netty.channel.unix.Errors$NativeConnectException: syscall:getsockopt(..) failed: Connection refused
</error>
  </testcase>
  <testcase name="testContainsObject[9]" classname="org.springframework.data.redis.support.collections.RedisListTests" time="0.001">
    <error message="Unable to connect to Redis; nested exception is io.lettuce.core.RedisConnectionException: Unable to connect to 127.0.0.1:6379" type="org.springframework.data.redis.RedisConnectionFailureException">org.springframework.data.redis.RedisConnectionFailureException: Unable to connect to Redis; nested exception is io.lettuce.core.RedisConnectionException: Unable to connect to 127.0.0.1:6379
Caused by: io.lettuce.core.RedisConnectionException: Unable to connect to 127.0.0.1:6379
Caused by: io.netty.channel.AbstractChannel$AnnotatedConnectException: syscall:getsockopt(..) failed: Connection refused: /127.0.0.1:6379
Caused by: io.netty.channel.unix.Errors$NativeConnectException: syscall:getsockopt(..) failed: Connection refused
</error>
  </testcase>
  <testcase name="testContainsObject[9]" classname="org.springframework.data.redis.support.collections.RedisListTests" time="0.001">
    <error message="Unable to connect to Redis; nested exception is io.lettuce.core.RedisConnectionException: Unable to connect to 127.0.0.1:6379" type="org.springframework.data.redis.RedisConnectionFailureException">org.springframework.data.redis.RedisConnectionFailureException: Unable to connect to Redis; nested exception is io.lettuce.core.RedisConnectionException: Unable to connect to 127.0.0.1:6379
Caused by: io.lettuce.core.RedisConnectionException: Unable to connect to 127.0.0.1:6379
Caused by: io.netty.channel.AbstractChannel$AnnotatedConnectException: syscall:getsockopt(..) failed: Connection refused: /127.0.0.1:6379
Caused by: io.netty.channel.unix.Errors$NativeConnectException: syscall:getsockopt(..) failed: Connection refused
</error>
  </testcase>
  <testcase name="testToArray[9]" classname="org.springframework.data.redis.support.collections.RedisListTests" time="0.001">
    <error message="Unable to connect to Redis; nested exception is io.lettuce.core.RedisConnectionException: Unable to connect to 127.0.0.1:6379" type="org.springframework.data.redis.RedisConnectionFailureException">org.springframework.data.redis.RedisConnectionFailureException: Unable to connect to Redis; nested exception is io.lettuce.core.RedisConnectionException: Unable to connect to 127.0.0.1:6379
Caused by: io.lettuce.core.RedisConnectionException: Unable to connect to 127.0.0.1:6379
Caused by: io.netty.channel.AbstractChannel$AnnotatedConnectException: syscall:getsockopt(..) failed: Connection refused: /127.0.0.1:6379
Caused by: io.netty.channel.unix.Errors$NativeConnectException: syscall:getsockopt(..) failed: Connection refused
</error>
  </testcase>
  <testcase name="testToArray[9]" classname="org.springframework.data.redis.support.collections.RedisListTests" time="0.001">
    <error message="Unable to connect to Redis; nested exception is io.lettuce.core.RedisConnectionException: Unable to connect to 127.0.0.1:6379" type="org.springframework.data.redis.RedisConnectionFailureException">org.springframework.data.redis.RedisConnectionFailureException: Unable to connect to Redis; nested exception is io.lettuce.core.RedisConnectionException: Unable to connect to 127.0.0.1:6379
Caused by: io.lettuce.core.RedisConnectionException: Unable to connect to 127.0.0.1:6379
Caused by: io.netty.channel.AbstractChannel$AnnotatedConnectException: syscall:getsockopt(..) failed: Connection refused: /127.0.0.1:6379
Caused by: io.netty.channel.unix.Errors$NativeConnectException: syscall:getsockopt(..) failed: Connection refused
</error>
  </testcase>
  <testcase name="testAdd[9]" classname="org.springframework.data.redis.support.collections.RedisListTests" time="0.001">
    <error message="Unable to connect to Redis; nested exception is io.lettuce.core.RedisConnectionException: Unable to connect to 127.0.0.1:6379" type="org.springframework.data.redis.RedisConnectionFailureException">org.springframework.data.redis.RedisConnectionFailureException: Unable to connect to Redis; nested exception is io.lettuce.core.RedisConnectionException: Unable to connect to 127.0.0.1:6379
Caused by: io.lettuce.core.RedisConnectionException: Unable to connect to 127.0.0.1:6379
Caused by: io.netty.channel.AbstractChannel$AnnotatedConnectException: syscall:getsockopt(..) failed: Connection refused: /127.0.0.1:6379
Caused by: io.netty.channel.unix.Errors$NativeConnectException: syscall:getsockopt(..) failed: Connection refused
</error>
  </testcase>
  <testcase name="testAdd[9]" classname="org.springframework.data.redis.support.collections.RedisListTests" time="0.002">
    <error message="Unable to connect to Redis; nested exception is io.lettuce.core.RedisConnectionException: Unable to connect to 127.0.0.1:6379" type="org.springframework.data.redis.RedisConnectionFailureException">org.springframework.data.redis.RedisConnectionFailureException: Unable to connect to Redis; nested exception is io.lettuce.core.RedisConnectionException: Unable to connect to 127.0.0.1:6379
Caused by: io.lettuce.core.RedisConnectionException: Unable to connect to 127.0.0.1:6379
Caused by: io.netty.channel.AbstractChannel$AnnotatedConnectException: syscall:getsockopt(..) failed: Connection refused: /127.0.0.1:6379
Caused by: io.netty.channel.unix.Errors$NativeConnectException: syscall:getsockopt(..) failed: Connection refused
</error>
  </testcase>
  <testcase name="testClear[9]" classname="org.springframework.data.redis.support.collections.RedisListTests" time="0.001">
    <error message="Unable to connect to Redis; nested exception is io.lettuce.core.RedisConnectionException: Unable to connect to 127.0.0.1:6379" type="org.springframework.data.redis.RedisConnectionFailureException">org.springframework.data.redis.RedisConnectionFailureException: Unable to connect to Redis; nested exception is io.lettuce.core.RedisConnectionException: Unable to connect to 127.0.0.1:6379
Caused by: io.lettuce.core.RedisConnectionException: Unable to connect to 127.0.0.1:6379
Caused by: io.netty.channel.AbstractChannel$AnnotatedConnectException: syscall:getsockopt(..) failed: Connection refused: /127.0.0.1:6379
Caused by: io.netty.channel.unix.Errors$NativeConnectException: syscall:getsockopt(..) failed: Connection refused
</error>
  </testcase>
  <testcase name="testClear[9]" classname="org.springframework.data.redis.support.collections.RedisListTests" time="0.001">
    <error message="Unable to connect to Redis; nested exception is io.lettuce.core.RedisConnectionException: Unable to connect to 127.0.0.1:6379" type="org.springframework.data.redis.RedisConnectionFailureException">org.springframework.data.redis.RedisConnectionFailureException: Unable to connect to Redis; nested exception is io.lettuce.core.RedisConnectionException: Unable to connect to 127.0.0.1:6379
Caused by: io.lettuce.core.RedisConnectionException: Unable to connect to 127.0.0.1:6379
Caused by: io.netty.channel.AbstractChannel$AnnotatedConnectException: syscall:getsockopt(..) failed: Connection refused: /127.0.0.1:6379
Caused by: io.netty.channel.unix.Errors$NativeConnectException: syscall:getsockopt(..) failed: Connection refused
</error>
  </testcase>
  <testcase name="testSize[9]" classname="org.springframework.data.redis.support.collections.RedisListTests" time="0.001">
    <error message="Unable to connect to Redis; nested exception is io.lettuce.core.RedisConnectionException: Unable to connect to 127.0.0.1:6379" type="org.springframework.data.redis.RedisConnectionFailureException">org.springframework.data.redis.RedisConnectionFailureException: Unable to connect to Redis; nested exception is io.lettuce.core.RedisConnectionException: Unable to connect to 127.0.0.1:6379
Caused by: io.lettuce.core.RedisConnectionException: Unable to connect to 127.0.0.1:6379
Caused by: io.netty.channel.AbstractChannel$AnnotatedConnectException: syscall:getsockopt(..) failed: Connection refused: /127.0.0.1:6379
Caused by: io.netty.channel.unix.Errors$NativeConnectException: syscall:getsockopt(..) failed: Connection refused
</error>
  </testcase>
  <testcase name="testSize[9]" classname="org.springframework.data.redis.support.collections.RedisListTests" time="0.001">
    <error message="Unable to connect to Redis; nested exception is io.lettuce.core.RedisConnectionException: Unable to connect to 127.0.0.1:6379" type="org.springframework.data.redis.RedisConnectionFailureException">org.springframework.data.redis.RedisConnectionFailureException: Unable to connect to Redis; nested exception is io.lettuce.core.RedisConnectionException: Unable to connect to 127.0.0.1:6379
Caused by: io.lettuce.core.RedisConnectionException: Unable to connect to 127.0.0.1:6379
Caused by: io.netty.channel.AbstractChannel$AnnotatedConnectException: syscall:getsockopt(..) failed: Connection refused: /127.0.0.1:6379
Caused by: io.netty.channel.unix.Errors$NativeConnectException: syscall:getsockopt(..) failed: Connection refused
</error>
  </testcase>
  <testcase name="testToString[9]" classname="org.springframework.data.redis.support.collections.RedisListTests" time="0.001">
    <error message="Unable to connect to Redis; nested exception is io.lettuce.core.RedisConnectionException: Unable to connect to 127.0.0.1:6379" type="org.springframework.data.redis.RedisConnectionFailureException">org.springframework.data.redis.RedisConnectionFailureException: Unable to connect to Redis; nested exception is io.lettuce.core.RedisConnectionException: Unable to connect to 127.0.0.1:6379
Caused by: io.lettuce.core.RedisConnectionException: Unable to connect to 127.0.0.1:6379
Caused by: io.netty.channel.AbstractChannel$AnnotatedConnectException: syscall:getsockopt(..) failed: Connection refused: /127.0.0.1:6379
Caused by: io.netty.channel.unix.Errors$NativeConnectException: syscall:getsockopt(..) failed: Connection refused
</error>
  </testcase>
  <testcase name="testToString[9]" classname="org.springframework.data.redis.support.collections.RedisListTests" time="0.001">
    <error message="Unable to connect to Redis; nested exception is io.lettuce.core.RedisConnectionException: Unable to connect to 127.0.0.1:6379" type="org.springframework.data.redis.RedisConnectionFailureException">org.springframework.data.redis.RedisConnectionFailureException: Unable to connect to Redis; nested exception is io.lettuce.core.RedisConnectionException: Unable to connect to 127.0.0.1:6379
Caused by: io.lettuce.core.RedisConnectionException: Unable to connect to 127.0.0.1:6379
Caused by: io.netty.channel.AbstractChannel$AnnotatedConnectException: syscall:getsockopt(..) failed: Connection refused: /127.0.0.1:6379
Caused by: io.netty.channel.unix.Errors$NativeConnectException: syscall:getsockopt(..) failed: Connection refused
</error>
  </testcase>
  <testcase name="testContainsAll[9]" classname="org.springframework.data.redis.support.collections.RedisListTests" time="0.001">
    <error message="Unable to connect to Redis; nested exception is io.lettuce.core.RedisConnectionException: Unable to connect to 127.0.0.1:6379" type="org.springframework.data.redis.RedisConnectionFailureException">org.springframework.data.redis.RedisConnectionFailureException: Unable to connect to Redis; nested exception is io.lettuce.core.RedisConnectionException: Unable to connect to 127.0.0.1:6379
Caused by: io.lettuce.core.RedisConnectionException: Unable to connect to 127.0.0.1:6379
Caused by: io.netty.channel.AbstractChannel$AnnotatedConnectException: syscall:getsockopt(..) failed: Connection refused: /127.0.0.1:6379
Caused by: io.netty.channel.unix.Errors$NativeConnectException: syscall:getsockopt(..) failed: Connection refused
</error>
  </testcase>
  <testcase name="testContainsAll[9]" classname="org.springframework.data.redis.support.collections.RedisListTests" time="0.002">
    <error message="Unable to connect to Redis; nested exception is io.lettuce.core.RedisConnectionException: Unable to connect to 127.0.0.1:6379" type="org.springframework.data.redis.RedisConnectionFailureException">org.springframework.data.redis.RedisConnectionFailureException: Unable to connect to Redis; nested exception is io.lettuce.core.RedisConnectionException: Unable to connect to 127.0.0.1:6379
Caused by: io.lettuce.core.RedisConnectionException: Unable to connect to 127.0.0.1:6379
Caused by: io.netty.channel.AbstractChannel$AnnotatedConnectException: syscall:getsockopt(..) failed: Connection refused: /127.0.0.1:6379
Caused by: io.netty.channel.unix.Errors$NativeConnectException: syscall:getsockopt(..) failed: Connection refused
</error>
  </testcase>
  <testcase name="testRemoveObject[9]" classname="org.springframework.data.redis.support.collections.RedisListTests" time="0.001">
    <error message="Unable to connect to Redis; nested exception is io.lettuce.core.RedisConnectionException: Unable to connect to 127.0.0.1:6379" type="org.springframework.data.redis.RedisConnectionFailureException">org.springframework.data.redis.RedisConnectionFailureException: Unable to connect to Redis; nested exception is io.lettuce.core.RedisConnectionException: Unable to connect to 127.0.0.1:6379
Caused by: io.lettuce.core.RedisConnectionException: Unable to connect to 127.0.0.1:6379
Caused by: io.netty.channel.AbstractChannel$AnnotatedConnectException: syscall:getsockopt(..) failed: Connection refused: /127.0.0.1:6379
Caused by: io.netty.channel.unix.Errors$NativeConnectException: syscall:getsockopt(..) failed: Connection refused
</error>
  </testcase>
  <testcase name="testRemoveObject[9]" classname="org.springframework.data.redis.support.collections.RedisListTests" time="0.001">
    <error message="Unable to connect to Redis; nested exception is io.lettuce.core.RedisConnectionException: Unable to connect to 127.0.0.1:6379" type="org.springframework.data.redis.RedisConnectionFailureException">org.springframework.data.redis.RedisConnectionFailureException: Unable to connect to Redis; nested exception is io.lettuce.core.RedisConnectionException: Unable to connect to 127.0.0.1:6379
Caused by: io.lettuce.core.RedisConnectionException: Unable to connect to 127.0.0.1:6379
Caused by: io.netty.channel.AbstractChannel$AnnotatedConnectException: syscall:getsockopt(..) failed: Connection refused: /127.0.0.1:6379
Caused by: io.netty.channel.unix.Errors$NativeConnectException: syscall:getsockopt(..) failed: Connection refused
</error>
  </testcase>
  <testcase name="testHashCode[9]" classname="org.springframework.data.redis.support.collections.RedisListTests" time="0">
    <error message="Unable to connect to Redis; nested exception is io.lettuce.core.RedisConnectionException: Unable to connect to 127.0.0.1:6379" type="org.springframework.data.redis.RedisConnectionFailureException">org.springframework.data.redis.RedisConnectionFailureException: Unable to connect to Redis; nested exception is io.lettuce.core.RedisConnectionException: Unable to connect to 127.0.0.1:6379
Caused by: io.lettuce.core.RedisConnectionException: Unable to connect to 127.0.0.1:6379
Caused by: io.netty.channel.AbstractChannel$AnnotatedConnectException: syscall:getsockopt(..) failed: Connection refused: /127.0.0.1:6379
Caused by: io.netty.channel.unix.Errors$NativeConnectException: syscall:getsockopt(..) failed: Connection refused
</error>
  </testcase>
  <testcase name="testAddAll[9]" classname="org.springframework.data.redis.support.collections.RedisListTests" time="0.001">
    <error message="Unable to connect to Redis; nested exception is io.lettuce.core.RedisConnectionException: Unable to connect to 127.0.0.1:6379" type="org.springframework.data.redis.RedisConnectionFailureException">org.springframework.data.redis.RedisConnectionFailureException: Unable to connect to Redis; nested exception is io.lettuce.core.RedisConnectionException: Unable to connect to 127.0.0.1:6379
Caused by: io.lettuce.core.RedisConnectionException: Unable to connect to 127.0.0.1:6379
Caused by: io.netty.channel.AbstractChannel$AnnotatedConnectException: syscall:getsockopt(..) failed: Connection refused: /127.0.0.1:6379
Caused by: io.netty.channel.unix.Errors$NativeConnectException: syscall:getsockopt(..) failed: Connection refused
</error>
  </testcase>
  <testcase name="testAddAll[9]" classname="org.springframework.data.redis.support.collections.RedisListTests" time="0.001">
    <error message="Unable to connect to Redis; nested exception is io.lettuce.core.RedisConnectionException: Unable to connect to 127.0.0.1:6379" type="org.springframework.data.redis.RedisConnectionFailureException">org.springframework.data.redis.RedisConnectionFailureException: Unable to connect to Redis; nested exception is io.lettuce.core.RedisConnectionException: Unable to connect to 127.0.0.1:6379
Caused by: io.lettuce.core.RedisConnectionException: Unable to connect to 127.0.0.1:6379
Caused by: io.netty.channel.AbstractChannel$AnnotatedConnectException: syscall:getsockopt(..) failed: Connection refused: /127.0.0.1:6379
Caused by: io.netty.channel.unix.Errors$NativeConnectException: syscall:getsockopt(..) failed: Connection refused
</error>
  </testcase>
  <testcase name="removeAll[9]" classname="org.springframework.data.redis.support.collections.RedisListTests" time="0.001">
    <error message="Unable to connect to Redis; nested exception is io.lettuce.core.RedisConnectionException: Unable to connect to 127.0.0.1:6379" type="org.springframework.data.redis.RedisConnectionFailureException">org.springframework.data.redis.RedisConnectionFailureException: Unable to connect to Redis; nested exception is io.lettuce.core.RedisConnectionException: Unable to connect to 127.0.0.1:6379
Caused by: io.lettuce.core.RedisConnectionException: Unable to connect to 127.0.0.1:6379
Caused by: io.netty.channel.AbstractChannel$AnnotatedConnectException: syscall:getsockopt(..) failed: Connection refused: /127.0.0.1:6379
Caused by: io.netty.channel.unix.Errors$NativeConnectException: syscall:getsockopt(..) failed: Connection refused
</error>
  </testcase>
  <testcase name="removeAll[9]" classname="org.springframework.data.redis.support.collections.RedisListTests" time="0.001">
    <error message="Unable to connect to Redis; nested exception is io.lettuce.core.RedisConnectionException: Unable to connect to 127.0.0.1:6379" type="org.springframework.data.redis.RedisConnectionFailureException">org.springframework.data.redis.RedisConnectionFailureException: Unable to connect to Redis; nested exception is io.lettuce.core.RedisConnectionException: Unable to connect to 127.0.0.1:6379
Caused by: io.lettuce.core.RedisConnectionException: Unable to connect to 127.0.0.1:6379
Caused by: io.netty.channel.AbstractChannel$AnnotatedConnectException: syscall:getsockopt(..) failed: Connection refused: /127.0.0.1:6379
Caused by: io.netty.channel.unix.Errors$NativeConnectException: syscall:getsockopt(..) failed: Connection refused
</error>
  </testcase>
  <testcase name="testEquals[9]" classname="org.springframework.data.redis.support.collections.RedisListTests" time="0">
    <error message="Unable to connect to Redis; nested exception is io.lettuce.core.RedisConnectionException: Unable to connect to 127.0.0.1:6379" type="org.springframework.data.redis.RedisConnectionFailureException">org.springframework.data.redis.RedisConnectionFailureException: Unable to connect to Redis; nested exception is io.lettuce.core.RedisConnectionException: Unable to connect to 127.0.0.1:6379
Caused by: io.lettuce.core.RedisConnectionException: Unable to connect to 127.0.0.1:6379
Caused by: io.netty.channel.AbstractChannel$AnnotatedConnectException: syscall:getsockopt(..) failed: Connection refused: /127.0.0.1:6379
Caused by: io.netty.channel.unix.Errors$NativeConnectException: syscall:getsockopt(..) failed: Connection refused
</error>
  </testcase>
  <testcase name="testGetKey[9]" classname="org.springframework.data.redis.support.collections.RedisListTests" time="0.001">
    <error message="Unable to connect to Redis; nested exception is io.lettuce.core.RedisConnectionException: Unable to connect to 127.0.0.1:6379" type="org.springframework.data.redis.RedisConnectionFailureException">org.springframework.data.redis.RedisConnectionFailureException: Unable to connect to Redis; nested exception is io.lettuce.core.RedisConnectionException: Unable to connect to 127.0.0.1:6379
Caused by: io.lettuce.core.RedisConnectionException: Unable to connect to 127.0.0.1:6379
Caused by: io.netty.channel.AbstractChannel$AnnotatedConnectException: syscall:getsockopt(..) failed: Connection refused: /127.0.0.1:6379
Caused by: io.netty.channel.unix.Errors$NativeConnectException: syscall:getsockopt(..) failed: Connection refused
</error>
  </testcase>
  <testcase name="testToArrayWithGenerics[9]" classname="org.springframework.data.redis.support.collections.RedisListTests" time="0.001">
    <error message="Unable to connect to Redis; nested exception is io.lettuce.core.RedisConnectionException: Unable to connect to 127.0.0.1:6379" type="org.springframework.data.redis.RedisConnectionFailureException">org.springframework.data.redis.RedisConnectionFailureException: Unable to connect to Redis; nested exception is io.lettuce.core.RedisConnectionException: Unable to connect to 127.0.0.1:6379
Caused by: io.lettuce.core.RedisConnectionException: Unable to connect to 127.0.0.1:6379
Caused by: io.netty.channel.AbstractChannel$AnnotatedConnectException: syscall:getsockopt(..) failed: Connection refused: /127.0.0.1:6379
Caused by: io.netty.channel.unix.Errors$NativeConnectException: syscall:getsockopt(..) failed: Connection refused
</error>
  </testcase>
  <testcase name="testToArrayWithGenerics[9]" classname="org.springframework.data.redis.support.collections.RedisListTests" time="0.002">
    <error message="Unable to connect to Redis; nested exception is io.lettuce.core.RedisConnectionException: Unable to connect to 127.0.0.1:6379" type="org.springframework.data.redis.RedisConnectionFailureException">org.springframework.data.redis.RedisConnectionFailureException: Unable to connect to Redis; nested exception is io.lettuce.core.RedisConnectionException: Unable to connect to 127.0.0.1:6379
Caused by: io.lettuce.core.RedisConnectionException: Unable to connect to 127.0.0.1:6379
Caused by: io.netty.channel.AbstractChannel$AnnotatedConnectException: syscall:getsockopt(..) failed: Connection refused: /127.0.0.1:6379
Caused by: io.netty.channel.unix.Errors$NativeConnectException: syscall:getsockopt(..) failed: Connection refused
</error>
  </testcase>
  <testcase name="testIsEmpty[9]" classname="org.springframework.data.redis.support.collections.RedisListTests" time="0.001">
    <error message="Unable to connect to Redis; nested exception is io.lettuce.core.RedisConnectionException: Unable to connect to 127.0.0.1:6379" type="org.springframework.data.redis.RedisConnectionFailureException">org.springframework.data.redis.RedisConnectionFailureException: Unable to connect to Redis; nested exception is io.lettuce.core.RedisConnectionException: Unable to connect to 127.0.0.1:6379
Caused by: io.lettuce.core.RedisConnectionException: Unable to connect to 127.0.0.1:6379
Caused by: io.netty.channel.AbstractChannel$AnnotatedConnectException: syscall:getsockopt(..) failed: Connection refused: /127.0.0.1:6379
Caused by: io.netty.channel.unix.Errors$NativeConnectException: syscall:getsockopt(..) failed: Connection refused
</error>
  </testcase>
  <testcase name="testIsEmpty[9]" classname="org.springframework.data.redis.support.collections.RedisListTests" time="0.001">
    <error message="Unable to connect to Redis; nested exception is io.lettuce.core.RedisConnectionException: Unable to connect to 127.0.0.1:6379" type="org.springframework.data.redis.RedisConnectionFailureException">org.springframework.data.redis.RedisConnectionFailureException: Unable to connect to Redis; nested exception is io.lettuce.core.RedisConnectionException: Unable to connect to 127.0.0.1:6379
Caused by: io.lettuce.core.RedisConnectionException: Unable to connect to 127.0.0.1:6379
Caused by: io.netty.channel.AbstractChannel$AnnotatedConnectException: syscall:getsockopt(..) failed: Connection refused: /127.0.0.1:6379
Caused by: io.netty.channel.unix.Errors$NativeConnectException: syscall:getsockopt(..) failed: Connection refused
</error>
  </testcase>
  <testcase name="testIterator[9]" classname="org.springframework.data.redis.support.collections.RedisListTests" time="0.002">
    <error message="Unable to connect to Redis; nested exception is io.lettuce.core.RedisConnectionException: Unable to connect to 127.0.0.1:6379" type="org.springframework.data.redis.RedisConnectionFailureException">org.springframework.data.redis.RedisConnectionFailureException: Unable to connect to Redis; nested exception is io.lettuce.core.RedisConnectionException: Unable to connect to 127.0.0.1:6379
Caused by: io.lettuce.core.RedisConnectionException: Unable to connect to 127.0.0.1:6379
Caused by: io.netty.channel.AbstractChannel$AnnotatedConnectException: syscall:getsockopt(..) failed: Connection refused: /127.0.0.1:6379
Caused by: io.netty.channel.unix.Errors$NativeConnectException: syscall:getsockopt(..) failed: Connection refused
</error>
  </testcase>
  <testcase name="testIterator[9]" classname="org.springframework.data.redis.support.collections.RedisListTests" time="0.002">
    <error message="Unable to connect to Redis; nested exception is io.lettuce.core.RedisConnectionException: Unable to connect to 127.0.0.1:6379" type="org.springframework.data.redis.RedisConnectionFailureException">org.springframework.data.redis.RedisConnectionFailureException: Unable to connect to Redis; nested exception is io.lettuce.core.RedisConnectionException: Unable to connect to 127.0.0.1:6379
Caused by: io.lettuce.core.RedisConnectionException: Unable to connect to 127.0.0.1:6379
Caused by: io.netty.channel.AbstractChannel$AnnotatedConnectException: syscall:getsockopt(..) failed: Connection refused: /127.0.0.1:6379
Caused by: io.netty.channel.unix.Errors$NativeConnectException: syscall:getsockopt(..) failed: Connection refused
</error>
  </testcase>
  <testcase name="testElement[10]" classname="org.springframework.data.redis.support.collections.RedisListTests" time="0.001">
    <error message="Unable to connect to Redis; nested exception is io.lettuce.core.RedisConnectionException: Unable to connect to 127.0.0.1:6379" type="org.springframework.data.redis.RedisConnectionFailureException">org.springframework.data.redis.RedisConnectionFailureException: Unable to connect to Redis; nested exception is io.lettuce.core.RedisConnectionException: Unable to connect to 127.0.0.1:6379
Caused by: io.lettuce.core.RedisConnectionException: Unable to connect to 127.0.0.1:6379
Caused by: io.netty.channel.AbstractChannel$AnnotatedConnectException: syscall:getsockopt(..) failed: Connection refused: /127.0.0.1:6379
Caused by: io.netty.channel.unix.Errors$NativeConnectException: syscall:getsockopt(..) failed: Connection refused
</error>
  </testcase>
  <testcase name="testElement[10]" classname="org.springframework.data.redis.support.collections.RedisListTests" time="0.001">
    <error message="Unable to connect to Redis; nested exception is io.lettuce.core.RedisConnectionException: Unable to connect to 127.0.0.1:6379" type="org.springframework.data.redis.RedisConnectionFailureException">org.springframework.data.redis.RedisConnectionFailureException: Unable to connect to Redis; nested exception is io.lettuce.core.RedisConnectionException: Unable to connect to 127.0.0.1:6379
Caused by: io.lettuce.core.RedisConnectionException: Unable to connect to 127.0.0.1:6379
Caused by: io.netty.channel.AbstractChannel$AnnotatedConnectException: syscall:getsockopt(..) failed: Connection refused: /127.0.0.1:6379
Caused by: io.netty.channel.unix.Errors$NativeConnectException: syscall:getsockopt(..) failed: Connection refused
</error>
  </testcase>
  <testcase name="testPutFirst[10]" classname="org.springframework.data.redis.support.collections.RedisListTests" time="0.002">
    <error message="Unable to connect to Redis; nested exception is io.lettuce.core.RedisConnectionException: Unable to connect to 127.0.0.1:6379" type="org.springframework.data.redis.RedisConnectionFailureException">org.springframework.data.redis.RedisConnectionFailureException: Unable to connect to Redis; nested exception is io.lettuce.core.RedisConnectionException: Unable to connect to 127.0.0.1:6379
Caused by: io.lettuce.core.RedisConnectionException: Unable to connect to 127.0.0.1:6379
Caused by: io.netty.channel.AbstractChannel$AnnotatedConnectException: syscall:getsockopt(..) failed: Connection refused: /127.0.0.1:6379
Caused by: io.netty.channel.unix.Errors$NativeConnectException: syscall:getsockopt(..) failed: Connection refused
</error>
  </testcase>
  <testcase name="testPutFirst[10]" classname="org.springframework.data.redis.support.collections.RedisListTests" time="0.002">
    <error message="Unable to connect to Redis; nested exception is io.lettuce.core.RedisConnectionException: Unable to connect to 127.0.0.1:6379" type="org.springframework.data.redis.RedisConnectionFailureException">org.springframework.data.redis.RedisConnectionFailureException: Unable to connect to Redis; nested exception is io.lettuce.core.RedisConnectionException: Unable to connect to 127.0.0.1:6379
Caused by: io.lettuce.core.RedisConnectionException: Unable to connect to 127.0.0.1:6379
Caused by: io.netty.channel.AbstractChannel$AnnotatedConnectException: syscall:getsockopt(..) failed: Connection refused: /127.0.0.1:6379
Caused by: io.netty.channel.unix.Errors$NativeConnectException: syscall:getsockopt(..) failed: Connection refused
</error>
  </testcase>
  <testcase name="testPollLastTimeout[10]" classname="org.springframework.data.redis.support.collections.RedisListTests" time="0.001">
    <error message="Unable to connect to Redis; nested exception is io.lettuce.core.RedisConnectionException: Unable to connect to 127.0.0.1:6379" type="org.springframework.data.redis.RedisConnectionFailureException">org.springframework.data.redis.RedisConnectionFailureException: Unable to connect to Redis; nested exception is io.lettuce.core.RedisConnectionException: Unable to connect to 127.0.0.1:6379
Caused by: io.lettuce.core.RedisConnectionException: Unable to connect to 127.0.0.1:6379
Caused by: io.netty.channel.AbstractChannel$AnnotatedConnectException: syscall:getsockopt(..) failed: Connection refused: /127.0.0.1:6379
Caused by: io.netty.channel.unix.Errors$NativeConnectException: syscall:getsockopt(..) failed: Connection refused
</error>
  </testcase>
  <testcase name="testPollLastTimeout[10]" classname="org.springframework.data.redis.support.collections.RedisListTests" time="0.001">
    <error message="Unable to connect to Redis; nested exception is io.lettuce.core.RedisConnectionException: Unable to connect to 127.0.0.1:6379" type="org.springframework.data.redis.RedisConnectionFailureException">org.springframework.data.redis.RedisConnectionFailureException: Unable to connect to Redis; nested exception is io.lettuce.core.RedisConnectionException: Unable to connect to 127.0.0.1:6379
Caused by: io.lettuce.core.RedisConnectionException: Unable to connect to 127.0.0.1:6379
Caused by: io.netty.channel.AbstractChannel$AnnotatedConnectException: syscall:getsockopt(..) failed: Connection refused: /127.0.0.1:6379
Caused by: io.netty.channel.unix.Errors$NativeConnectException: syscall:getsockopt(..) failed: Connection refused
</error>
  </testcase>
  <testcase name="testPeekFirst[10]" classname="org.springframework.data.redis.support.collections.RedisListTests" time="0.001">
    <error message="Unable to connect to Redis; nested exception is io.lettuce.core.RedisConnectionException: Unable to connect to 127.0.0.1:6379" type="org.springframework.data.redis.RedisConnectionFailureException">org.springframework.data.redis.RedisConnectionFailureException: Unable to connect to Redis; nested exception is io.lettuce.core.RedisConnectionException: Unable to connect to 127.0.0.1:6379
Caused by: io.lettuce.core.RedisConnectionException: Unable to connect to 127.0.0.1:6379
Caused by: io.netty.channel.AbstractChannel$AnnotatedConnectException: syscall:getsockopt(..) failed: Connection refused: /127.0.0.1:6379
Caused by: io.netty.channel.unix.Errors$NativeConnectException: syscall:getsockopt(..) failed: Connection refused
</error>
  </testcase>
  <testcase name="testPeekFirst[10]" classname="org.springframework.data.redis.support.collections.RedisListTests" time="0.001">
    <error message="Unable to connect to Redis; nested exception is io.lettuce.core.RedisConnectionException: Unable to connect to 127.0.0.1:6379" type="org.springframework.data.redis.RedisConnectionFailureException">org.springframework.data.redis.RedisConnectionFailureException: Unable to connect to Redis; nested exception is io.lettuce.core.RedisConnectionException: Unable to connect to 127.0.0.1:6379
Caused by: io.lettuce.core.RedisConnectionException: Unable to connect to 127.0.0.1:6379
Caused by: io.netty.channel.AbstractChannel$AnnotatedConnectException: syscall:getsockopt(..) failed: Connection refused: /127.0.0.1:6379
Caused by: io.netty.channel.unix.Errors$NativeConnectException: syscall:getsockopt(..) failed: Connection refused
</error>
  </testcase>
  <testcase name="testOfferLast[10]" classname="org.springframework.data.redis.support.collections.RedisListTests" time="0.001">
    <error message="Unable to connect to Redis; nested exception is io.lettuce.core.RedisConnectionException: Unable to connect to 127.0.0.1:6379" type="org.springframework.data.redis.RedisConnectionFailureException">org.springframework.data.redis.RedisConnectionFailureException: Unable to connect to Redis; nested exception is io.lettuce.core.RedisConnectionException: Unable to connect to 127.0.0.1:6379
Caused by: io.lettuce.core.RedisConnectionException: Unable to connect to 127.0.0.1:6379
Caused by: io.netty.channel.AbstractChannel$AnnotatedConnectException: syscall:getsockopt(..) failed: Connection refused: /127.0.0.1:6379
Caused by: io.netty.channel.unix.Errors$NativeConnectException: syscall:getsockopt(..) failed: Connection refused
</error>
  </testcase>
  <testcase name="testOfferLast[10]" classname="org.springframework.data.redis.support.collections.RedisListTests" time="0.001">
    <error message="Unable to connect to Redis; nested exception is io.lettuce.core.RedisConnectionException: Unable to connect to 127.0.0.1:6379" type="org.springframework.data.redis.RedisConnectionFailureException">org.springframework.data.redis.RedisConnectionFailureException: Unable to connect to Redis; nested exception is io.lettuce.core.RedisConnectionException: Unable to connect to 127.0.0.1:6379
Caused by: io.lettuce.core.RedisConnectionException: Unable to connect to 127.0.0.1:6379
Caused by: io.netty.channel.AbstractChannel$AnnotatedConnectException: syscall:getsockopt(..) failed: Connection refused: /127.0.0.1:6379
Caused by: io.netty.channel.unix.Errors$NativeConnectException: syscall:getsockopt(..) failed: Connection refused
</error>
  </testcase>
  <testcase name="testGetFirst[10]" classname="org.springframework.data.redis.support.collections.RedisListTests" time="0.002">
    <error message="Unable to connect to Redis; nested exception is io.lettuce.core.RedisConnectionException: Unable to connect to 127.0.0.1:6379" type="org.springframework.data.redis.RedisConnectionFailureException">org.springframework.data.redis.RedisConnectionFailureException: Unable to connect to Redis; nested exception is io.lettuce.core.RedisConnectionException: Unable to connect to 127.0.0.1:6379
Caused by: io.lettuce.core.RedisConnectionException: Unable to connect to 127.0.0.1:6379
Caused by: io.netty.channel.AbstractChannel$AnnotatedConnectException: syscall:getsockopt(..) failed: Connection refused: /127.0.0.1:6379
Caused by: io.netty.channel.unix.Errors$NativeConnectException: syscall:getsockopt(..) failed: Connection refused
</error>
  </testcase>
  <testcase name="testGetFirst[10]" classname="org.springframework.data.redis.support.collections.RedisListTests" time="0.002">
    <error message="Unable to connect to Redis; nested exception is io.lettuce.core.RedisConnectionException: Unable to connect to 127.0.0.1:6379" type="org.springframework.data.redis.RedisConnectionFailureException">org.springframework.data.redis.RedisConnectionFailureException: Unable to connect to Redis; nested exception is io.lettuce.core.RedisConnectionException: Unable to connect to 127.0.0.1:6379
Caused by: io.lettuce.core.RedisConnectionException: Unable to connect to 127.0.0.1:6379
Caused by: io.netty.channel.AbstractChannel$AnnotatedConnectException: syscall:getsockopt(..) failed: Connection refused: /127.0.0.1:6379
Caused by: io.netty.channel.unix.Errors$NativeConnectException: syscall:getsockopt(..) failed: Connection refused
</error>
  </testcase>
  <testcase name="testAddLast[10]" classname="org.springframework.data.redis.support.collections.RedisListTests" time="0.001">
    <error message="Unable to connect to Redis; nested exception is io.lettuce.core.RedisConnectionException: Unable to connect to 127.0.0.1:6379" type="org.springframework.data.redis.RedisConnectionFailureException">org.springframework.data.redis.RedisConnectionFailureException: Unable to connect to Redis; nested exception is io.lettuce.core.RedisConnectionException: Unable to connect to 127.0.0.1:6379
Caused by: io.lettuce.core.RedisConnectionException: Unable to connect to 127.0.0.1:6379
Caused by: io.netty.channel.AbstractChannel$AnnotatedConnectException: syscall:getsockopt(..) failed: Connection refused: /127.0.0.1:6379
Caused by: io.netty.channel.unix.Errors$NativeConnectException: syscall:getsockopt(..) failed: Connection refused
</error>
  </testcase>
  <testcase name="testAddLast[10]" classname="org.springframework.data.redis.support.collections.RedisListTests" time="0.001">
    <error message="Unable to connect to Redis; nested exception is io.lettuce.core.RedisConnectionException: Unable to connect to 127.0.0.1:6379" type="org.springframework.data.redis.RedisConnectionFailureException">org.springframework.data.redis.RedisConnectionFailureException: Unable to connect to Redis; nested exception is io.lettuce.core.RedisConnectionException: Unable to connect to 127.0.0.1:6379
Caused by: io.lettuce.core.RedisConnectionException: Unable to connect to 127.0.0.1:6379
Caused by: io.netty.channel.AbstractChannel$AnnotatedConnectException: syscall:getsockopt(..) failed: Connection refused: /127.0.0.1:6379
Caused by: io.netty.channel.unix.Errors$NativeConnectException: syscall:getsockopt(..) failed: Connection refused
</error>
  </testcase>
  <testcase name="testPop[10]" classname="org.springframework.data.redis.support.collections.RedisListTests" time="0.001">
    <error message="Unable to connect to Redis; nested exception is io.lettuce.core.RedisConnectionException: Unable to connect to 127.0.0.1:6379" type="org.springframework.data.redis.RedisConnectionFailureException">org.springframework.data.redis.RedisConnectionFailureException: Unable to connect to Redis; nested exception is io.lettuce.core.RedisConnectionException: Unable to connect to 127.0.0.1:6379
Caused by: io.lettuce.core.RedisConnectionException: Unable to connect to 127.0.0.1:6379
Caused by: io.netty.channel.AbstractChannel$AnnotatedConnectException: syscall:getsockopt(..) failed: Connection refused: /127.0.0.1:6379
Caused by: io.netty.channel.unix.Errors$NativeConnectException: syscall:getsockopt(..) failed: Connection refused
</error>
  </testcase>
  <testcase name="testPop[10]" classname="org.springframework.data.redis.support.collections.RedisListTests" time="0.001">
    <error message="Unable to connect to Redis; nested exception is io.lettuce.core.RedisConnectionException: Unable to connect to 127.0.0.1:6379" type="org.springframework.data.redis.RedisConnectionFailureException">org.springframework.data.redis.RedisConnectionFailureException: Unable to connect to Redis; nested exception is io.lettuce.core.RedisConnectionException: Unable to connect to 127.0.0.1:6379
Caused by: io.lettuce.core.RedisConnectionException: Unable to connect to 127.0.0.1:6379
Caused by: io.netty.channel.AbstractChannel$AnnotatedConnectException: syscall:getsockopt(..) failed: Connection refused: /127.0.0.1:6379
Caused by: io.netty.channel.unix.Errors$NativeConnectException: syscall:getsockopt(..) failed: Connection refused
</error>
  </testcase>
  <testcase name="testPut[10]" classname="org.springframework.data.redis.support.collections.RedisListTests" time="0.001">
    <error message="Unable to connect to Redis; nested exception is io.lettuce.core.RedisConnectionException: Unable to connect to 127.0.0.1:6379" type="org.springframework.data.redis.RedisConnectionFailureException">org.springframework.data.redis.RedisConnectionFailureException: Unable to connect to Redis; nested exception is io.lettuce.core.RedisConnectionException: Unable to connect to 127.0.0.1:6379
Caused by: io.lettuce.core.RedisConnectionException: Unable to connect to 127.0.0.1:6379
Caused by: io.netty.channel.AbstractChannel$AnnotatedConnectException: syscall:getsockopt(..) failed: Connection refused: /127.0.0.1:6379
Caused by: io.netty.channel.unix.Errors$NativeConnectException: syscall:getsockopt(..) failed: Connection refused
</error>
  </testcase>
  <testcase name="testPut[10]" classname="org.springframework.data.redis.support.collections.RedisListTests" time="0.001">
    <error message="Unable to connect to Redis; nested exception is io.lettuce.core.RedisConnectionException: Unable to connect to 127.0.0.1:6379" type="org.springframework.data.redis.RedisConnectionFailureException">org.springframework.data.redis.RedisConnectionFailureException: Unable to connect to Redis; nested exception is io.lettuce.core.RedisConnectionException: Unable to connect to 127.0.0.1:6379
Caused by: io.lettuce.core.RedisConnectionException: Unable to connect to 127.0.0.1:6379
Caused by: io.netty.channel.AbstractChannel$AnnotatedConnectException: syscall:getsockopt(..) failed: Connection refused: /127.0.0.1:6379
Caused by: io.netty.channel.unix.Errors$NativeConnectException: syscall:getsockopt(..) failed: Connection refused
</error>
  </testcase>
  <testcase name="testSet[10]" classname="org.springframework.data.redis.support.collections.RedisListTests" time="0.001">
    <error message="Unable to connect to Redis; nested exception is io.lettuce.core.RedisConnectionException: Unable to connect to 127.0.0.1:6379" type="org.springframework.data.redis.RedisConnectionFailureException">org.springframework.data.redis.RedisConnectionFailureException: Unable to connect to Redis; nested exception is io.lettuce.core.RedisConnectionException: Unable to connect to 127.0.0.1:6379
Caused by: io.lettuce.core.RedisConnectionException: Unable to connect to 127.0.0.1:6379
Caused by: io.netty.channel.AbstractChannel$AnnotatedConnectException: syscall:getsockopt(..) failed: Connection refused: /127.0.0.1:6379
Caused by: io.netty.channel.unix.Errors$NativeConnectException: syscall:getsockopt(..) failed: Connection refused
</error>
  </testcase>
  <testcase name="testSet[10]" classname="org.springframework.data.redis.support.collections.RedisListTests" time="0.001">
    <error message="Unable to connect to Redis; nested exception is io.lettuce.core.RedisConnectionException: Unable to connect to 127.0.0.1:6379" type="org.springframework.data.redis.RedisConnectionFailureException">org.springframework.data.redis.RedisConnectionFailureException: Unable to connect to Redis; nested exception is io.lettuce.core.RedisConnectionException: Unable to connect to 127.0.0.1:6379
Caused by: io.lettuce.core.RedisConnectionException: Unable to connect to 127.0.0.1:6379
Caused by: io.netty.channel.AbstractChannel$AnnotatedConnectException: syscall:getsockopt(..) failed: Connection refused: /127.0.0.1:6379
Caused by: io.netty.channel.unix.Errors$NativeConnectException: syscall:getsockopt(..) failed: Connection refused
</error>
  </testcase>
  <testcase name="testOffer[10]" classname="org.springframework.data.redis.support.collections.RedisListTests" time="0.002">
    <error message="Unable to connect to Redis; nested exception is io.lettuce.core.RedisConnectionException: Unable to connect to 127.0.0.1:6379" type="org.springframework.data.redis.RedisConnectionFailureException">org.springframework.data.redis.RedisConnectionFailureException: Unable to connect to Redis; nested exception is io.lettuce.core.RedisConnectionException: Unable to connect to 127.0.0.1:6379
Caused by: io.lettuce.core.RedisConnectionException: Unable to connect to 127.0.0.1:6379
Caused by: io.netty.channel.AbstractChannel$AnnotatedConnectException: syscall:getsockopt(..) failed: Connection refused: /127.0.0.1:6379
Caused by: io.netty.channel.unix.Errors$NativeConnectException: syscall:getsockopt(..) failed: Connection refused
</error>
  </testcase>
  <testcase name="testOffer[10]" classname="org.springframework.data.redis.support.collections.RedisListTests" time="0.002">
    <error message="Unable to connect to Redis; nested exception is io.lettuce.core.RedisConnectionException: Unable to connect to 127.0.0.1:6379" type="org.springframework.data.redis.RedisConnectionFailureException">org.springframework.data.redis.RedisConnectionFailureException: Unable to connect to Redis; nested exception is io.lettuce.core.RedisConnectionException: Unable to connect to 127.0.0.1:6379
Caused by: io.lettuce.core.RedisConnectionException: Unable to connect to 127.0.0.1:6379
Caused by: io.netty.channel.AbstractChannel$AnnotatedConnectException: syscall:getsockopt(..) failed: Connection refused: /127.0.0.1:6379
Caused by: io.netty.channel.unix.Errors$NativeConnectException: syscall:getsockopt(..) failed: Connection refused
</error>
  </testcase>
  <testcase name="testRange[10]" classname="org.springframework.data.redis.support.collections.RedisListTests" time="0.001">
    <error message="Unable to connect to Redis; nested exception is io.lettuce.core.RedisConnectionException: Unable to connect to 127.0.0.1:6379" type="org.springframework.data.redis.RedisConnectionFailureException">org.springframework.data.redis.RedisConnectionFailureException: Unable to connect to Redis; nested exception is io.lettuce.core.RedisConnectionException: Unable to connect to 127.0.0.1:6379
Caused by: io.lettuce.core.RedisConnectionException: Unable to connect to 127.0.0.1:6379
Caused by: io.netty.channel.AbstractChannel$AnnotatedConnectException: syscall:getsockopt(..) failed: Connection refused: /127.0.0.1:6379
Caused by: io.netty.channel.unix.Errors$NativeConnectException: syscall:getsockopt(..) failed: Connection refused
</error>
  </testcase>
  <testcase name="testRange[10]" classname="org.springframework.data.redis.support.collections.RedisListTests" time="0.001">
    <error message="Unable to connect to Redis; nested exception is io.lettuce.core.RedisConnectionException: Unable to connect to 127.0.0.1:6379" type="org.springframework.data.redis.RedisConnectionFailureException">org.springframework.data.redis.RedisConnectionFailureException: Unable to connect to Redis; nested exception is io.lettuce.core.RedisConnectionException: Unable to connect to 127.0.0.1:6379
Caused by: io.lettuce.core.RedisConnectionException: Unable to connect to 127.0.0.1:6379
Caused by: io.netty.channel.AbstractChannel$AnnotatedConnectException: syscall:getsockopt(..) failed: Connection refused: /127.0.0.1:6379
Caused by: io.netty.channel.unix.Errors$NativeConnectException: syscall:getsockopt(..) failed: Connection refused
</error>
  </testcase>
  <testcase name="testLast[10]" classname="org.springframework.data.redis.support.collections.RedisListTests" time="0.001">
    <error message="Unable to connect to Redis; nested exception is io.lettuce.core.RedisConnectionException: Unable to connect to 127.0.0.1:6379" type="org.springframework.data.redis.RedisConnectionFailureException">org.springframework.data.redis.RedisConnectionFailureException: Unable to connect to Redis; nested exception is io.lettuce.core.RedisConnectionException: Unable to connect to 127.0.0.1:6379
Caused by: io.lettuce.core.RedisConnectionException: Unable to connect to 127.0.0.1:6379
Caused by: io.netty.channel.AbstractChannel$AnnotatedConnectException: syscall:getsockopt(..) failed: Connection refused: /127.0.0.1:6379
Caused by: io.netty.channel.unix.Errors$NativeConnectException: syscall:getsockopt(..) failed: Connection refused
</error>
  </testcase>
  <testcase name="testLast[10]" classname="org.springframework.data.redis.support.collections.RedisListTests" time="0.002">
    <error message="Unable to connect to Redis; nested exception is io.lettuce.core.RedisConnectionException: Unable to connect to 127.0.0.1:6379" type="org.springframework.data.redis.RedisConnectionFailureException">org.springframework.data.redis.RedisConnectionFailureException: Unable to connect to Redis; nested exception is io.lettuce.core.RedisConnectionException: Unable to connect to 127.0.0.1:6379
Caused by: io.lettuce.core.RedisConnectionException: Unable to connect to 127.0.0.1:6379
Caused by: io.netty.channel.AbstractChannel$AnnotatedConnectException: syscall:getsockopt(..) failed: Connection refused: /127.0.0.1:6379
Caused by: io.netty.channel.unix.Errors$NativeConnectException: syscall:getsockopt(..) failed: Connection refused
</error>
  </testcase>
  <testcase name="testPeek[10]" classname="org.springframework.data.redis.support.collections.RedisListTests" time="0.001">
    <error message="Unable to connect to Redis; nested exception is io.lettuce.core.RedisConnectionException: Unable to connect to 127.0.0.1:6379" type="org.springframework.data.redis.RedisConnectionFailureException">org.springframework.data.redis.RedisConnectionFailureException: Unable to connect to Redis; nested exception is io.lettuce.core.RedisConnectionException: Unable to connect to 127.0.0.1:6379
Caused by: io.lettuce.core.RedisConnectionException: Unable to connect to 127.0.0.1:6379
Caused by: io.netty.channel.AbstractChannel$AnnotatedConnectException: syscall:getsockopt(..) failed: Connection refused: /127.0.0.1:6379
Caused by: io.netty.channel.unix.Errors$NativeConnectException: syscall:getsockopt(..) failed: Connection refused
</error>
  </testcase>
  <testcase name="testPeek[10]" classname="org.springframework.data.redis.support.collections.RedisListTests" time="0.001">
    <error message="Unable to connect to Redis; nested exception is io.lettuce.core.RedisConnectionException: Unable to connect to 127.0.0.1:6379" type="org.springframework.data.redis.RedisConnectionFailureException">org.springframework.data.redis.RedisConnectionFailureException: Unable to connect to Redis; nested exception is io.lettuce.core.RedisConnectionException: Unable to connect to 127.0.0.1:6379
Caused by: io.lettuce.core.RedisConnectionException: Unable to connect to 127.0.0.1:6379
Caused by: io.netty.channel.AbstractChannel$AnnotatedConnectException: syscall:getsockopt(..) failed: Connection refused: /127.0.0.1:6379
Caused by: io.netty.channel.unix.Errors$NativeConnectException: syscall:getsockopt(..) failed: Connection refused
</error>
  </testcase>
  <testcase name="testPoll[10]" classname="org.springframework.data.redis.support.collections.RedisListTests" time="0.001">
    <error message="Unable to connect to Redis; nested exception is io.lettuce.core.RedisConnectionException: Unable to connect to 127.0.0.1:6379" type="org.springframework.data.redis.RedisConnectionFailureException">org.springframework.data.redis.RedisConnectionFailureException: Unable to connect to Redis; nested exception is io.lettuce.core.RedisConnectionException: Unable to connect to 127.0.0.1:6379
Caused by: io.lettuce.core.RedisConnectionException: Unable to connect to 127.0.0.1:6379
Caused by: io.netty.channel.AbstractChannel$AnnotatedConnectException: syscall:getsockopt(..) failed: Connection refused: /127.0.0.1:6379
Caused by: io.netty.channel.unix.Errors$NativeConnectException: syscall:getsockopt(..) failed: Connection refused
</error>
  </testcase>
  <testcase name="testPoll[10]" classname="org.springframework.data.redis.support.collections.RedisListTests" time="0.001">
    <error message="Unable to connect to Redis; nested exception is io.lettuce.core.RedisConnectionException: Unable to connect to 127.0.0.1:6379" type="org.springframework.data.redis.RedisConnectionFailureException">org.springframework.data.redis.RedisConnectionFailureException: Unable to connect to Redis; nested exception is io.lettuce.core.RedisConnectionException: Unable to connect to 127.0.0.1:6379
Caused by: io.lettuce.core.RedisConnectionException: Unable to connect to 127.0.0.1:6379
Caused by: io.netty.channel.AbstractChannel$AnnotatedConnectException: syscall:getsockopt(..) failed: Connection refused: /127.0.0.1:6379
Caused by: io.netty.channel.unix.Errors$NativeConnectException: syscall:getsockopt(..) failed: Connection refused
</error>
  </testcase>
  <testcase name="testTake[10]" classname="org.springframework.data.redis.support.collections.RedisListTests" time="0.001">
    <error message="Unable to connect to Redis; nested exception is io.lettuce.core.RedisConnectionException: Unable to connect to 127.0.0.1:6379" type="org.springframework.data.redis.RedisConnectionFailureException">org.springframework.data.redis.RedisConnectionFailureException: Unable to connect to Redis; nested exception is io.lettuce.core.RedisConnectionException: Unable to connect to 127.0.0.1:6379
Caused by: io.lettuce.core.RedisConnectionException: Unable to connect to 127.0.0.1:6379
Caused by: io.netty.channel.AbstractChannel$AnnotatedConnectException: syscall:getsockopt(..) failed: Connection refused: /127.0.0.1:6379
Caused by: io.netty.channel.unix.Errors$NativeConnectException: syscall:getsockopt(..) failed: Connection refused
</error>
  </testcase>
  <testcase name="testTake[10]" classname="org.springframework.data.redis.support.collections.RedisListTests" time="0.001">
    <error message="Unable to connect to Redis; nested exception is io.lettuce.core.RedisConnectionException: Unable to connect to 127.0.0.1:6379" type="org.springframework.data.redis.RedisConnectionFailureException">org.springframework.data.redis.RedisConnectionFailureException: Unable to connect to Redis; nested exception is io.lettuce.core.RedisConnectionException: Unable to connect to 127.0.0.1:6379
Caused by: io.lettuce.core.RedisConnectionException: Unable to connect to 127.0.0.1:6379
Caused by: io.netty.channel.AbstractChannel$AnnotatedConnectException: syscall:getsockopt(..) failed: Connection refused: /127.0.0.1:6379
Caused by: io.netty.channel.unix.Errors$NativeConnectException: syscall:getsockopt(..) failed: Connection refused
</error>
  </testcase>
  <testcase name="testTrim[10]" classname="org.springframework.data.redis.support.collections.RedisListTests" time="0.001">
    <error message="Unable to connect to Redis; nested exception is io.lettuce.core.RedisConnectionException: Unable to connect to 127.0.0.1:6379" type="org.springframework.data.redis.RedisConnectionFailureException">org.springframework.data.redis.RedisConnectionFailureException: Unable to connect to Redis; nested exception is io.lettuce.core.RedisConnectionException: Unable to connect to 127.0.0.1:6379
Caused by: io.lettuce.core.RedisConnectionException: Unable to connect to 127.0.0.1:6379
Caused by: io.netty.channel.AbstractChannel$AnnotatedConnectException: syscall:getsockopt(..) failed: Connection refused: /127.0.0.1:6379
Caused by: io.netty.channel.unix.Errors$NativeConnectException: syscall:getsockopt(..) failed: Connection refused
</error>
  </testcase>
  <testcase name="testTrim[10]" classname="org.springframework.data.redis.support.collections.RedisListTests" time="0.001">
    <error message="Unable to connect to Redis; nested exception is io.lettuce.core.RedisConnectionException: Unable to connect to 127.0.0.1:6379" type="org.springframework.data.redis.RedisConnectionFailureException">org.springframework.data.redis.RedisConnectionFailureException: Unable to connect to Redis; nested exception is io.lettuce.core.RedisConnectionException: Unable to connect to 127.0.0.1:6379
Caused by: io.lettuce.core.RedisConnectionException: Unable to connect to 127.0.0.1:6379
Caused by: io.netty.channel.AbstractChannel$AnnotatedConnectException: syscall:getsockopt(..) failed: Connection refused: /127.0.0.1:6379
Caused by: io.netty.channel.unix.Errors$NativeConnectException: syscall:getsockopt(..) failed: Connection refused
</error>
  </testcase>
  <testcase name="testDrainToCollection[10]" classname="org.springframework.data.redis.support.collections.RedisListTests" time="0.002">
    <error message="Unable to connect to Redis; nested exception is io.lettuce.core.RedisConnectionException: Unable to connect to 127.0.0.1:6379" type="org.springframework.data.redis.RedisConnectionFailureException">org.springframework.data.redis.RedisConnectionFailureException: Unable to connect to Redis; nested exception is io.lettuce.core.RedisConnectionException: Unable to connect to 127.0.0.1:6379
Caused by: io.lettuce.core.RedisConnectionException: Unable to connect to 127.0.0.1:6379
Caused by: io.netty.channel.AbstractChannel$AnnotatedConnectException: syscall:getsockopt(..) failed: Connection refused: /127.0.0.1:6379
Caused by: io.netty.channel.unix.Errors$NativeConnectException: syscall:getsockopt(..) failed: Connection refused
</error>
  </testcase>
  <testcase name="testDrainToCollection[10]" classname="org.springframework.data.redis.support.collections.RedisListTests" time="0.002">
    <error message="Unable to connect to Redis; nested exception is io.lettuce.core.RedisConnectionException: Unable to connect to 127.0.0.1:6379" type="org.springframework.data.redis.RedisConnectionFailureException">org.springframework.data.redis.RedisConnectionFailureException: Unable to connect to Redis; nested exception is io.lettuce.core.RedisConnectionException: Unable to connect to 127.0.0.1:6379
Caused by: io.lettuce.core.RedisConnectionException: Unable to connect to 127.0.0.1:6379
Caused by: io.netty.channel.AbstractChannel$AnnotatedConnectException: syscall:getsockopt(..) failed: Connection refused: /127.0.0.1:6379
Caused by: io.netty.channel.unix.Errors$NativeConnectException: syscall:getsockopt(..) failed: Connection refused
</error>
  </testcase>
  <testcase name="testRemoveFirst[10]" classname="org.springframework.data.redis.support.collections.RedisListTests" time="0.001">
    <error message="Unable to connect to Redis; nested exception is io.lettuce.core.RedisConnectionException: Unable to connect to 127.0.0.1:6379" type="org.springframework.data.redis.RedisConnectionFailureException">org.springframework.data.redis.RedisConnectionFailureException: Unable to connect to Redis; nested exception is io.lettuce.core.RedisConnectionException: Unable to connect to 127.0.0.1:6379
Caused by: io.lettuce.core.RedisConnectionException: Unable to connect to 127.0.0.1:6379
Caused by: io.netty.channel.AbstractChannel$AnnotatedConnectException: syscall:getsockopt(..) failed: Connection refused: /127.0.0.1:6379
Caused by: io.netty.channel.unix.Errors$NativeConnectException: syscall:getsockopt(..) failed: Connection refused
</error>
  </testcase>
  <testcase name="testRemoveFirst[10]" classname="org.springframework.data.redis.support.collections.RedisListTests" time="0.001">
    <error message="Unable to connect to Redis; nested exception is io.lettuce.core.RedisConnectionException: Unable to connect to 127.0.0.1:6379" type="org.springframework.data.redis.RedisConnectionFailureException">org.springframework.data.redis.RedisConnectionFailureException: Unable to connect to Redis; nested exception is io.lettuce.core.RedisConnectionException: Unable to connect to 127.0.0.1:6379
Caused by: io.lettuce.core.RedisConnectionException: Unable to connect to 127.0.0.1:6379
Caused by: io.netty.channel.AbstractChannel$AnnotatedConnectException: syscall:getsockopt(..) failed: Connection refused: /127.0.0.1:6379
Caused by: io.netty.channel.unix.Errors$NativeConnectException: syscall:getsockopt(..) failed: Connection refused
</error>
  </testcase>
  <testcase name="testRemoveIndex[10]" classname="org.springframework.data.redis.support.collections.RedisListTests" time="0.001">
    <error message="Unable to connect to Redis; nested exception is io.lettuce.core.RedisConnectionException: Unable to connect to 127.0.0.1:6379" type="org.springframework.data.redis.RedisConnectionFailureException">org.springframework.data.redis.RedisConnectionFailureException: Unable to connect to Redis; nested exception is io.lettuce.core.RedisConnectionException: Unable to connect to 127.0.0.1:6379
Caused by: io.lettuce.core.RedisConnectionException: Unable to connect to 127.0.0.1:6379
Caused by: io.netty.channel.AbstractChannel$AnnotatedConnectException: syscall:getsockopt(..) failed: Connection refused: /127.0.0.1:6379
Caused by: io.netty.channel.unix.Errors$NativeConnectException: syscall:getsockopt(..) failed: Connection refused
</error>
  </testcase>
  <testcase name="testPutLast[10]" classname="org.springframework.data.redis.support.collections.RedisListTests" time="0.001">
    <error message="Unable to connect to Redis; nested exception is io.lettuce.core.RedisConnectionException: Unable to connect to 127.0.0.1:6379" type="org.springframework.data.redis.RedisConnectionFailureException">org.springframework.data.redis.RedisConnectionFailureException: Unable to connect to Redis; nested exception is io.lettuce.core.RedisConnectionException: Unable to connect to 127.0.0.1:6379
Caused by: io.lettuce.core.RedisConnectionException: Unable to connect to 127.0.0.1:6379
Caused by: io.netty.channel.AbstractChannel$AnnotatedConnectException: syscall:getsockopt(..) failed: Connection refused: /127.0.0.1:6379
Caused by: io.netty.channel.unix.Errors$NativeConnectException: syscall:getsockopt(..) failed: Connection refused
</error>
  </testcase>
  <testcase name="testPutLast[10]" classname="org.springframework.data.redis.support.collections.RedisListTests" time="0.001">
    <error message="Unable to connect to Redis; nested exception is io.lettuce.core.RedisConnectionException: Unable to connect to 127.0.0.1:6379" type="org.springframework.data.redis.RedisConnectionFailureException">org.springframework.data.redis.RedisConnectionFailureException: Unable to connect to Redis; nested exception is io.lettuce.core.RedisConnectionException: Unable to connect to 127.0.0.1:6379
Caused by: io.lettuce.core.RedisConnectionException: Unable to connect to 127.0.0.1:6379
Caused by: io.netty.channel.AbstractChannel$AnnotatedConnectException: syscall:getsockopt(..) failed: Connection refused: /127.0.0.1:6379
Caused by: io.netty.channel.unix.Errors$NativeConnectException: syscall:getsockopt(..) failed: Connection refused
</error>
  </testcase>
  <testcase name="testOfferFirst[10]" classname="org.springframework.data.redis.support.collections.RedisListTests" time="0.001">
    <error message="Unable to connect to Redis; nested exception is io.lettuce.core.RedisConnectionException: Unable to connect to 127.0.0.1:6379" type="org.springframework.data.redis.RedisConnectionFailureException">org.springframework.data.redis.RedisConnectionFailureException: Unable to connect to Redis; nested exception is io.lettuce.core.RedisConnectionException: Unable to connect to 127.0.0.1:6379
Caused by: io.lettuce.core.RedisConnectionException: Unable to connect to 127.0.0.1:6379
Caused by: io.netty.channel.AbstractChannel$AnnotatedConnectException: syscall:getsockopt(..) failed: Connection refused: /127.0.0.1:6379
Caused by: io.netty.channel.unix.Errors$NativeConnectException: syscall:getsockopt(..) failed: Connection refused
</error>
  </testcase>
  <testcase name="testOfferFirst[10]" classname="org.springframework.data.redis.support.collections.RedisListTests" time="0.001">
    <error message="Unable to connect to Redis; nested exception is io.lettuce.core.RedisConnectionException: Unable to connect to 127.0.0.1:6379" type="org.springframework.data.redis.RedisConnectionFailureException">org.springframework.data.redis.RedisConnectionFailureException: Unable to connect to Redis; nested exception is io.lettuce.core.RedisConnectionException: Unable to connect to 127.0.0.1:6379
Caused by: io.lettuce.core.RedisConnectionException: Unable to connect to 127.0.0.1:6379
Caused by: io.netty.channel.AbstractChannel$AnnotatedConnectException: syscall:getsockopt(..) failed: Connection refused: /127.0.0.1:6379
Caused by: io.netty.channel.unix.Errors$NativeConnectException: syscall:getsockopt(..) failed: Connection refused
</error>
  </testcase>
  <testcase name="testDescendingIterator[10]" classname="org.springframework.data.redis.support.collections.RedisListTests" time="0.001">
    <error message="Unable to connect to Redis; nested exception is io.lettuce.core.RedisConnectionException: Unable to connect to 127.0.0.1:6379" type="org.springframework.data.redis.RedisConnectionFailureException">org.springframework.data.redis.RedisConnectionFailureException: Unable to connect to Redis; nested exception is io.lettuce.core.RedisConnectionException: Unable to connect to 127.0.0.1:6379
Caused by: io.lettuce.core.RedisConnectionException: Unable to connect to 127.0.0.1:6379
Caused by: io.netty.channel.AbstractChannel$AnnotatedConnectException: syscall:getsockopt(..) failed: Connection refused: /127.0.0.1:6379
Caused by: io.netty.channel.unix.Errors$NativeConnectException: syscall:getsockopt(..) failed: Connection refused
</error>
  </testcase>
  <testcase name="testDescendingIterator[10]" classname="org.springframework.data.redis.support.collections.RedisListTests" time="0.001">
    <error message="Unable to connect to Redis; nested exception is io.lettuce.core.RedisConnectionException: Unable to connect to 127.0.0.1:6379" type="org.springframework.data.redis.RedisConnectionFailureException">org.springframework.data.redis.RedisConnectionFailureException: Unable to connect to Redis; nested exception is io.lettuce.core.RedisConnectionException: Unable to connect to 127.0.0.1:6379
Caused by: io.lettuce.core.RedisConnectionException: Unable to connect to 127.0.0.1:6379
Caused by: io.netty.channel.AbstractChannel$AnnotatedConnectException: syscall:getsockopt(..) failed: Connection refused: /127.0.0.1:6379
Caused by: io.netty.channel.unix.Errors$NativeConnectException: syscall:getsockopt(..) failed: Connection refused
</error>
  </testcase>
  <testcase name="testAddFirst[10]" classname="org.springframework.data.redis.support.collections.RedisListTests" time="0.001">
    <error message="Unable to connect to Redis; nested exception is io.lettuce.core.RedisConnectionException: Unable to connect to 127.0.0.1:6379" type="org.springframework.data.redis.RedisConnectionFailureException">org.springframework.data.redis.RedisConnectionFailureException: Unable to connect to Redis; nested exception is io.lettuce.core.RedisConnectionException: Unable to connect to 127.0.0.1:6379
Caused by: io.lettuce.core.RedisConnectionException: Unable to connect to 127.0.0.1:6379
Caused by: io.netty.channel.AbstractChannel$AnnotatedConnectException: syscall:getsockopt(..) failed: Connection refused: /127.0.0.1:6379
Caused by: io.netty.channel.unix.Errors$NativeConnectException: syscall:getsockopt(..) failed: Connection refused
</error>
  </testcase>
  <testcase name="testAddFirst[10]" classname="org.springframework.data.redis.support.collections.RedisListTests" time="0.001">
    <error message="Unable to connect to Redis; nested exception is io.lettuce.core.RedisConnectionException: Unable to connect to 127.0.0.1:6379" type="org.springframework.data.redis.RedisConnectionFailureException">org.springframework.data.redis.RedisConnectionFailureException: Unable to connect to Redis; nested exception is io.lettuce.core.RedisConnectionException: Unable to connect to 127.0.0.1:6379
Caused by: io.lettuce.core.RedisConnectionException: Unable to connect to 127.0.0.1:6379
Caused by: io.netty.channel.AbstractChannel$AnnotatedConnectException: syscall:getsockopt(..) failed: Connection refused: /127.0.0.1:6379
Caused by: io.netty.channel.unix.Errors$NativeConnectException: syscall:getsockopt(..) failed: Connection refused
</error>
  </testcase>
  <testcase name="testDrainToCollectionWithMaxElements[10]" classname="org.springframework.data.redis.support.collections.RedisListTests" time="0.001">
    <error message="Unable to connect to Redis; nested exception is io.lettuce.core.RedisConnectionException: Unable to connect to 127.0.0.1:6379" type="org.springframework.data.redis.RedisConnectionFailureException">org.springframework.data.redis.RedisConnectionFailureException: Unable to connect to Redis; nested exception is io.lettuce.core.RedisConnectionException: Unable to connect to 127.0.0.1:6379
Caused by: io.lettuce.core.RedisConnectionException: Unable to connect to 127.0.0.1:6379
Caused by: io.netty.channel.AbstractChannel$AnnotatedConnectException: syscall:getsockopt(..) failed: Connection refused: /127.0.0.1:6379
Caused by: io.netty.channel.unix.Errors$NativeConnectException: syscall:getsockopt(..) failed: Connection refused
</error>
  </testcase>
  <testcase name="testDrainToCollectionWithMaxElements[10]" classname="org.springframework.data.redis.support.collections.RedisListTests" time="0.001">
    <error message="Unable to connect to Redis; nested exception is io.lettuce.core.RedisConnectionException: Unable to connect to 127.0.0.1:6379" type="org.springframework.data.redis.RedisConnectionFailureException">org.springframework.data.redis.RedisConnectionFailureException: Unable to connect to Redis; nested exception is io.lettuce.core.RedisConnectionException: Unable to connect to 127.0.0.1:6379
Caused by: io.lettuce.core.RedisConnectionException: Unable to connect to 127.0.0.1:6379
Caused by: io.netty.channel.AbstractChannel$AnnotatedConnectException: syscall:getsockopt(..) failed: Connection refused: /127.0.0.1:6379
Caused by: io.netty.channel.unix.Errors$NativeConnectException: syscall:getsockopt(..) failed: Connection refused
</error>
  </testcase>
  <testcase name="testTakeLast[10]" classname="org.springframework.data.redis.support.collections.RedisListTests" time="0.001">
    <error message="Unable to connect to Redis; nested exception is io.lettuce.core.RedisConnectionException: Unable to connect to 127.0.0.1:6379" type="org.springframework.data.redis.RedisConnectionFailureException">org.springframework.data.redis.RedisConnectionFailureException: Unable to connect to Redis; nested exception is io.lettuce.core.RedisConnectionException: Unable to connect to 127.0.0.1:6379
Caused by: io.lettuce.core.RedisConnectionException: Unable to connect to 127.0.0.1:6379
Caused by: io.netty.channel.AbstractChannel$AnnotatedConnectException: syscall:getsockopt(..) failed: Connection refused: /127.0.0.1:6379
Caused by: io.netty.channel.unix.Errors$NativeConnectException: syscall:getsockopt(..) failed: Connection refused
</error>
  </testcase>
  <testcase name="testTakeLast[10]" classname="org.springframework.data.redis.support.collections.RedisListTests" time="0.002">
    <error message="Unable to connect to Redis; nested exception is io.lettuce.core.RedisConnectionException: Unable to connect to 127.0.0.1:6379" type="org.springframework.data.redis.RedisConnectionFailureException">org.springframework.data.redis.RedisConnectionFailureException: Unable to connect to Redis; nested exception is io.lettuce.core.RedisConnectionException: Unable to connect to 127.0.0.1:6379
Caused by: io.lettuce.core.RedisConnectionException: Unable to connect to 127.0.0.1:6379
Caused by: io.netty.channel.AbstractChannel$AnnotatedConnectException: syscall:getsockopt(..) failed: Connection refused: /127.0.0.1:6379
Caused by: io.netty.channel.unix.Errors$NativeConnectException: syscall:getsockopt(..) failed: Connection refused
</error>
  </testcase>
  <testcase name="testRemainingCapacity[10]" classname="org.springframework.data.redis.support.collections.RedisListTests" time="0">
    <error message="Unable to connect to Redis; nested exception is io.lettuce.core.RedisConnectionException: Unable to connect to 127.0.0.1:6379" type="org.springframework.data.redis.RedisConnectionFailureException">org.springframework.data.redis.RedisConnectionFailureException: Unable to connect to Redis; nested exception is io.lettuce.core.RedisConnectionException: Unable to connect to 127.0.0.1:6379
Caused by: io.lettuce.core.RedisConnectionException: Unable to connect to 127.0.0.1:6379
Caused by: io.netty.channel.AbstractChannel$AnnotatedConnectException: syscall:getsockopt(..) failed: Connection refused: /127.0.0.1:6379
Caused by: io.netty.channel.unix.Errors$NativeConnectException: syscall:getsockopt(..) failed: Connection refused
</error>
  </testcase>
  <testcase name="testRemoveLast[10]" classname="org.springframework.data.redis.support.collections.RedisListTests" time="0.001">
    <error message="Unable to connect to Redis; nested exception is io.lettuce.core.RedisConnectionException: Unable to connect to 127.0.0.1:6379" type="org.springframework.data.redis.RedisConnectionFailureException">org.springframework.data.redis.RedisConnectionFailureException: Unable to connect to Redis; nested exception is io.lettuce.core.RedisConnectionException: Unable to connect to 127.0.0.1:6379
Caused by: io.lettuce.core.RedisConnectionException: Unable to connect to 127.0.0.1:6379
Caused by: io.netty.channel.AbstractChannel$AnnotatedConnectException: syscall:getsockopt(..) failed: Connection refused: /127.0.0.1:6379
Caused by: io.netty.channel.unix.Errors$NativeConnectException: syscall:getsockopt(..) failed: Connection refused
</error>
  </testcase>
  <testcase name="testRemoveLast[10]" classname="org.springframework.data.redis.support.collections.RedisListTests" time="0.002">
    <error message="Unable to connect to Redis; nested exception is io.lettuce.core.RedisConnectionException: Unable to connect to 127.0.0.1:6379" type="org.springframework.data.redis.RedisConnectionFailureException">org.springframework.data.redis.RedisConnectionFailureException: Unable to connect to Redis; nested exception is io.lettuce.core.RedisConnectionException: Unable to connect to 127.0.0.1:6379
Caused by: io.lettuce.core.RedisConnectionException: Unable to connect to 127.0.0.1:6379
Caused by: io.netty.channel.AbstractChannel$AnnotatedConnectException: syscall:getsockopt(..) failed: Connection refused: /127.0.0.1:6379
Caused by: io.netty.channel.unix.Errors$NativeConnectException: syscall:getsockopt(..) failed: Connection refused
</error>
  </testcase>
  <testcase name="testAddIndexObjectHead[10]" classname="org.springframework.data.redis.support.collections.RedisListTests" time="0.001">
    <error message="Unable to connect to Redis; nested exception is io.lettuce.core.RedisConnectionException: Unable to connect to 127.0.0.1:6379" type="org.springframework.data.redis.RedisConnectionFailureException">org.springframework.data.redis.RedisConnectionFailureException: Unable to connect to Redis; nested exception is io.lettuce.core.RedisConnectionException: Unable to connect to 127.0.0.1:6379
Caused by: io.lettuce.core.RedisConnectionException: Unable to connect to 127.0.0.1:6379
Caused by: io.netty.channel.AbstractChannel$AnnotatedConnectException: syscall:getsockopt(..) failed: Connection refused: /127.0.0.1:6379
Caused by: io.netty.channel.unix.Errors$NativeConnectException: syscall:getsockopt(..) failed: Connection refused
</error>
  </testcase>
  <testcase name="testAddIndexObjectHead[10]" classname="org.springframework.data.redis.support.collections.RedisListTests" time="0.001">
    <error message="Unable to connect to Redis; nested exception is io.lettuce.core.RedisConnectionException: Unable to connect to 127.0.0.1:6379" type="org.springframework.data.redis.RedisConnectionFailureException">org.springframework.data.redis.RedisConnectionFailureException: Unable to connect to Redis; nested exception is io.lettuce.core.RedisConnectionException: Unable to connect to 127.0.0.1:6379
Caused by: io.lettuce.core.RedisConnectionException: Unable to connect to 127.0.0.1:6379
Caused by: io.netty.channel.AbstractChannel$AnnotatedConnectException: syscall:getsockopt(..) failed: Connection refused: /127.0.0.1:6379
Caused by: io.netty.channel.unix.Errors$NativeConnectException: syscall:getsockopt(..) failed: Connection refused
</error>
  </testcase>
  <testcase name="testAddIndexObjectTail[10]" classname="org.springframework.data.redis.support.collections.RedisListTests" time="0.001">
    <error message="Unable to connect to Redis; nested exception is io.lettuce.core.RedisConnectionException: Unable to connect to 127.0.0.1:6379" type="org.springframework.data.redis.RedisConnectionFailureException">org.springframework.data.redis.RedisConnectionFailureException: Unable to connect to Redis; nested exception is io.lettuce.core.RedisConnectionException: Unable to connect to 127.0.0.1:6379
Caused by: io.lettuce.core.RedisConnectionException: Unable to connect to 127.0.0.1:6379
Caused by: io.netty.channel.AbstractChannel$AnnotatedConnectException: syscall:getsockopt(..) failed: Connection refused: /127.0.0.1:6379
Caused by: io.netty.channel.unix.Errors$NativeConnectException: syscall:getsockopt(..) failed: Connection refused
</error>
  </testcase>
  <testcase name="testAddIndexObjectTail[10]" classname="org.springframework.data.redis.support.collections.RedisListTests" time="0.001">
    <error message="Unable to connect to Redis; nested exception is io.lettuce.core.RedisConnectionException: Unable to connect to 127.0.0.1:6379" type="org.springframework.data.redis.RedisConnectionFailureException">org.springframework.data.redis.RedisConnectionFailureException: Unable to connect to Redis; nested exception is io.lettuce.core.RedisConnectionException: Unable to connect to 127.0.0.1:6379
Caused by: io.lettuce.core.RedisConnectionException: Unable to connect to 127.0.0.1:6379
Caused by: io.netty.channel.AbstractChannel$AnnotatedConnectException: syscall:getsockopt(..) failed: Connection refused: /127.0.0.1:6379
Caused by: io.netty.channel.unix.Errors$NativeConnectException: syscall:getsockopt(..) failed: Connection refused
</error>
  </testcase>
  <testcase name="testPollFirst[10]" classname="org.springframework.data.redis.support.collections.RedisListTests" time="0.002">
    <error message="Unable to connect to Redis; nested exception is io.lettuce.core.RedisConnectionException: Unable to connect to 127.0.0.1:6379" type="org.springframework.data.redis.RedisConnectionFailureException">org.springframework.data.redis.RedisConnectionFailureException: Unable to connect to Redis; nested exception is io.lettuce.core.RedisConnectionException: Unable to connect to 127.0.0.1:6379
Caused by: io.lettuce.core.RedisConnectionException: Unable to connect to 127.0.0.1:6379
Caused by: io.netty.channel.AbstractChannel$AnnotatedConnectException: syscall:getsockopt(..) failed: Connection refused: /127.0.0.1:6379
Caused by: io.netty.channel.unix.Errors$NativeConnectException: syscall:getsockopt(..) failed: Connection refused
</error>
  </testcase>
  <testcase name="testPollFirst[10]" classname="org.springframework.data.redis.support.collections.RedisListTests" time="0.002">
    <error message="Unable to connect to Redis; nested exception is io.lettuce.core.RedisConnectionException: Unable to connect to 127.0.0.1:6379" type="org.springframework.data.redis.RedisConnectionFailureException">org.springframework.data.redis.RedisConnectionFailureException: Unable to connect to Redis; nested exception is io.lettuce.core.RedisConnectionException: Unable to connect to 127.0.0.1:6379
Caused by: io.lettuce.core.RedisConnectionException: Unable to connect to 127.0.0.1:6379
Caused by: io.netty.channel.AbstractChannel$AnnotatedConnectException: syscall:getsockopt(..) failed: Connection refused: /127.0.0.1:6379
Caused by: io.netty.channel.unix.Errors$NativeConnectException: syscall:getsockopt(..) failed: Connection refused
</error>
  </testcase>
  <testcase name="testAddIndexObjectMiddle[10]" classname="org.springframework.data.redis.support.collections.RedisListTests" time="0.001">
    <error message="Unexpected exception, expected&lt;java.lang.IllegalArgumentException&gt; but was&lt;org.springframework.data.redis.RedisConnectionFailureException&gt;" type="java.lang.Exception"><![CDATA[java.lang.Exception: Unexpected exception, expected<java.lang.IllegalArgumentException> but was<org.springframework.data.redis.RedisConnectionFailureException>
Caused by: org.springframework.data.redis.RedisConnectionFailureException: Unable to connect to Redis; nested exception is io.lettuce.core.RedisConnectionException: Unable to connect to 127.0.0.1:6379
Caused by: io.lettuce.core.RedisConnectionException: Unable to connect to 127.0.0.1:6379
Caused by: io.netty.channel.AbstractChannel$AnnotatedConnectException: syscall:getsockopt(..) failed: Connection refused: /127.0.0.1:6379
Caused by: io.netty.channel.unix.Errors$NativeConnectException: syscall:getsockopt(..) failed: Connection refused
]]></error>
  </testcase>
  <testcase name="testAddIndexObjectMiddle[10]" classname="org.springframework.data.redis.support.collections.RedisListTests" time="0.001">
    <error message="Unable to connect to Redis; nested exception is io.lettuce.core.RedisConnectionException: Unable to connect to 127.0.0.1:6379" type="org.springframework.data.redis.RedisConnectionFailureException">org.springframework.data.redis.RedisConnectionFailureException: Unable to connect to Redis; nested exception is io.lettuce.core.RedisConnectionException: Unable to connect to 127.0.0.1:6379
Caused by: io.lettuce.core.RedisConnectionException: Unable to connect to 127.0.0.1:6379
Caused by: io.netty.channel.AbstractChannel$AnnotatedConnectException: syscall:getsockopt(..) failed: Connection refused: /127.0.0.1:6379
Caused by: io.netty.channel.unix.Errors$NativeConnectException: syscall:getsockopt(..) failed: Connection refused
</error>
  </testcase>
  <testcase name="testPeekLast[10]" classname="org.springframework.data.redis.support.collections.RedisListTests" time="0.001">
    <error message="Unable to connect to Redis; nested exception is io.lettuce.core.RedisConnectionException: Unable to connect to 127.0.0.1:6379" type="org.springframework.data.redis.RedisConnectionFailureException">org.springframework.data.redis.RedisConnectionFailureException: Unable to connect to Redis; nested exception is io.lettuce.core.RedisConnectionException: Unable to connect to 127.0.0.1:6379
Caused by: io.lettuce.core.RedisConnectionException: Unable to connect to 127.0.0.1:6379
Caused by: io.netty.channel.AbstractChannel$AnnotatedConnectException: syscall:getsockopt(..) failed: Connection refused: /127.0.0.1:6379
Caused by: io.netty.channel.unix.Errors$NativeConnectException: syscall:getsockopt(..) failed: Connection refused
</error>
  </testcase>
  <testcase name="testPeekLast[10]" classname="org.springframework.data.redis.support.collections.RedisListTests" time="0.001">
    <error message="Unable to connect to Redis; nested exception is io.lettuce.core.RedisConnectionException: Unable to connect to 127.0.0.1:6379" type="org.springframework.data.redis.RedisConnectionFailureException">org.springframework.data.redis.RedisConnectionFailureException: Unable to connect to Redis; nested exception is io.lettuce.core.RedisConnectionException: Unable to connect to 127.0.0.1:6379
Caused by: io.lettuce.core.RedisConnectionException: Unable to connect to 127.0.0.1:6379
Caused by: io.netty.channel.AbstractChannel$AnnotatedConnectException: syscall:getsockopt(..) failed: Connection refused: /127.0.0.1:6379
Caused by: io.netty.channel.unix.Errors$NativeConnectException: syscall:getsockopt(..) failed: Connection refused
</error>
  </testcase>
  <testcase name="testRemoveFirstOccurrence[10]" classname="org.springframework.data.redis.support.collections.RedisListTests" time="0.001">
    <error message="Unable to connect to Redis; nested exception is io.lettuce.core.RedisConnectionException: Unable to connect to 127.0.0.1:6379" type="org.springframework.data.redis.RedisConnectionFailureException">org.springframework.data.redis.RedisConnectionFailureException: Unable to connect to Redis; nested exception is io.lettuce.core.RedisConnectionException: Unable to connect to 127.0.0.1:6379
Caused by: io.lettuce.core.RedisConnectionException: Unable to connect to 127.0.0.1:6379
Caused by: io.netty.channel.AbstractChannel$AnnotatedConnectException: syscall:getsockopt(..) failed: Connection refused: /127.0.0.1:6379
Caused by: io.netty.channel.unix.Errors$NativeConnectException: syscall:getsockopt(..) failed: Connection refused
</error>
  </testcase>
  <testcase name="testRemoveFirstOccurrence[10]" classname="org.springframework.data.redis.support.collections.RedisListTests" time="0.002">
    <error message="Unable to connect to Redis; nested exception is io.lettuce.core.RedisConnectionException: Unable to connect to 127.0.0.1:6379" type="org.springframework.data.redis.RedisConnectionFailureException">org.springframework.data.redis.RedisConnectionFailureException: Unable to connect to Redis; nested exception is io.lettuce.core.RedisConnectionException: Unable to connect to 127.0.0.1:6379
Caused by: io.lettuce.core.RedisConnectionException: Unable to connect to 127.0.0.1:6379
Caused by: io.netty.channel.AbstractChannel$AnnotatedConnectException: syscall:getsockopt(..) failed: Connection refused: /127.0.0.1:6379
Caused by: io.netty.channel.unix.Errors$NativeConnectException: syscall:getsockopt(..) failed: Connection refused
</error>
  </testcase>
  <testcase name="addAllIndexCollectionHead[10]" classname="org.springframework.data.redis.support.collections.RedisListTests" time="0.001">
    <error message="Unable to connect to Redis; nested exception is io.lettuce.core.RedisConnectionException: Unable to connect to 127.0.0.1:6379" type="org.springframework.data.redis.RedisConnectionFailureException">org.springframework.data.redis.RedisConnectionFailureException: Unable to connect to Redis; nested exception is io.lettuce.core.RedisConnectionException: Unable to connect to 127.0.0.1:6379
Caused by: io.lettuce.core.RedisConnectionException: Unable to connect to 127.0.0.1:6379
Caused by: io.netty.channel.AbstractChannel$AnnotatedConnectException: syscall:getsockopt(..) failed: Connection refused: /127.0.0.1:6379
Caused by: io.netty.channel.unix.Errors$NativeConnectException: syscall:getsockopt(..) failed: Connection refused
</error>
  </testcase>
  <testcase name="addAllIndexCollectionHead[10]" classname="org.springframework.data.redis.support.collections.RedisListTests" time="0.001">
    <error message="Unable to connect to Redis; nested exception is io.lettuce.core.RedisConnectionException: Unable to connect to 127.0.0.1:6379" type="org.springframework.data.redis.RedisConnectionFailureException">org.springframework.data.redis.RedisConnectionFailureException: Unable to connect to Redis; nested exception is io.lettuce.core.RedisConnectionException: Unable to connect to 127.0.0.1:6379
Caused by: io.lettuce.core.RedisConnectionException: Unable to connect to 127.0.0.1:6379
Caused by: io.netty.channel.AbstractChannel$AnnotatedConnectException: syscall:getsockopt(..) failed: Connection refused: /127.0.0.1:6379
Caused by: io.netty.channel.unix.Errors$NativeConnectException: syscall:getsockopt(..) failed: Connection refused
</error>
  </testcase>
  <testcase name="addAllIndexCollectionTail[10]" classname="org.springframework.data.redis.support.collections.RedisListTests" time="0.001">
    <error message="Unable to connect to Redis; nested exception is io.lettuce.core.RedisConnectionException: Unable to connect to 127.0.0.1:6379" type="org.springframework.data.redis.RedisConnectionFailureException">org.springframework.data.redis.RedisConnectionFailureException: Unable to connect to Redis; nested exception is io.lettuce.core.RedisConnectionException: Unable to connect to 127.0.0.1:6379
Caused by: io.lettuce.core.RedisConnectionException: Unable to connect to 127.0.0.1:6379
Caused by: io.netty.channel.AbstractChannel$AnnotatedConnectException: syscall:getsockopt(..) failed: Connection refused: /127.0.0.1:6379
Caused by: io.netty.channel.unix.Errors$NativeConnectException: syscall:getsockopt(..) failed: Connection refused
</error>
  </testcase>
  <testcase name="addAllIndexCollectionTail[10]" classname="org.springframework.data.redis.support.collections.RedisListTests" time="0.001">
    <error message="Unable to connect to Redis; nested exception is io.lettuce.core.RedisConnectionException: Unable to connect to 127.0.0.1:6379" type="org.springframework.data.redis.RedisConnectionFailureException">org.springframework.data.redis.RedisConnectionFailureException: Unable to connect to Redis; nested exception is io.lettuce.core.RedisConnectionException: Unable to connect to 127.0.0.1:6379
Caused by: io.lettuce.core.RedisConnectionException: Unable to connect to 127.0.0.1:6379
Caused by: io.netty.channel.AbstractChannel$AnnotatedConnectException: syscall:getsockopt(..) failed: Connection refused: /127.0.0.1:6379
Caused by: io.netty.channel.unix.Errors$NativeConnectException: syscall:getsockopt(..) failed: Connection refused
</error>
  </testcase>
  <testcase name="addAllIndexCollectionMiddle[10]" classname="org.springframework.data.redis.support.collections.RedisListTests" time="0.001">
    <error message="Unexpected exception, expected&lt;java.lang.IllegalArgumentException&gt; but was&lt;org.springframework.data.redis.RedisConnectionFailureException&gt;" type="java.lang.Exception"><![CDATA[java.lang.Exception: Unexpected exception, expected<java.lang.IllegalArgumentException> but was<org.springframework.data.redis.RedisConnectionFailureException>
Caused by: org.springframework.data.redis.RedisConnectionFailureException: Unable to connect to Redis; nested exception is io.lettuce.core.RedisConnectionException: Unable to connect to 127.0.0.1:6379
Caused by: io.lettuce.core.RedisConnectionException: Unable to connect to 127.0.0.1:6379
Caused by: io.netty.channel.AbstractChannel$AnnotatedConnectException: syscall:getsockopt(..) failed: Connection refused: /127.0.0.1:6379
Caused by: io.netty.channel.unix.Errors$NativeConnectException: syscall:getsockopt(..) failed: Connection refused
]]></error>
  </testcase>
  <testcase name="addAllIndexCollectionMiddle[10]" classname="org.springframework.data.redis.support.collections.RedisListTests" time="0.002">
    <error message="Unable to connect to Redis; nested exception is io.lettuce.core.RedisConnectionException: Unable to connect to 127.0.0.1:6379" type="org.springframework.data.redis.RedisConnectionFailureException">org.springframework.data.redis.RedisConnectionFailureException: Unable to connect to Redis; nested exception is io.lettuce.core.RedisConnectionException: Unable to connect to 127.0.0.1:6379
Caused by: io.lettuce.core.RedisConnectionException: Unable to connect to 127.0.0.1:6379
Caused by: io.netty.channel.AbstractChannel$AnnotatedConnectException: syscall:getsockopt(..) failed: Connection refused: /127.0.0.1:6379
Caused by: io.netty.channel.unix.Errors$NativeConnectException: syscall:getsockopt(..) failed: Connection refused
</error>
  </testcase>
  <testcase name="testPollLast[10]" classname="org.springframework.data.redis.support.collections.RedisListTests" time="0.001">
    <error message="Unable to connect to Redis; nested exception is io.lettuce.core.RedisConnectionException: Unable to connect to 127.0.0.1:6379" type="org.springframework.data.redis.RedisConnectionFailureException">org.springframework.data.redis.RedisConnectionFailureException: Unable to connect to Redis; nested exception is io.lettuce.core.RedisConnectionException: Unable to connect to 127.0.0.1:6379
Caused by: io.lettuce.core.RedisConnectionException: Unable to connect to 127.0.0.1:6379
Caused by: io.netty.channel.AbstractChannel$AnnotatedConnectException: syscall:getsockopt(..) failed: Connection refused: /127.0.0.1:6379
Caused by: io.netty.channel.unix.Errors$NativeConnectException: syscall:getsockopt(..) failed: Connection refused
</error>
  </testcase>
  <testcase name="testPollLast[10]" classname="org.springframework.data.redis.support.collections.RedisListTests" time="0.001">
    <error message="Unable to connect to Redis; nested exception is io.lettuce.core.RedisConnectionException: Unable to connect to 127.0.0.1:6379" type="org.springframework.data.redis.RedisConnectionFailureException">org.springframework.data.redis.RedisConnectionFailureException: Unable to connect to Redis; nested exception is io.lettuce.core.RedisConnectionException: Unable to connect to 127.0.0.1:6379
Caused by: io.lettuce.core.RedisConnectionException: Unable to connect to 127.0.0.1:6379
Caused by: io.netty.channel.AbstractChannel$AnnotatedConnectException: syscall:getsockopt(..) failed: Connection refused: /127.0.0.1:6379
Caused by: io.netty.channel.unix.Errors$NativeConnectException: syscall:getsockopt(..) failed: Connection refused
</error>
  </testcase>
  <testcase name="testIndexOfObject[10]" classname="org.springframework.data.redis.support.collections.RedisListTests" time="0.001">
    <error message="Unable to connect to Redis; nested exception is io.lettuce.core.RedisConnectionException: Unable to connect to 127.0.0.1:6379" type="org.springframework.data.redis.RedisConnectionFailureException">org.springframework.data.redis.RedisConnectionFailureException: Unable to connect to Redis; nested exception is io.lettuce.core.RedisConnectionException: Unable to connect to 127.0.0.1:6379
Caused by: io.lettuce.core.RedisConnectionException: Unable to connect to 127.0.0.1:6379
Caused by: io.netty.channel.AbstractChannel$AnnotatedConnectException: syscall:getsockopt(..) failed: Connection refused: /127.0.0.1:6379
Caused by: io.netty.channel.unix.Errors$NativeConnectException: syscall:getsockopt(..) failed: Connection refused
</error>
  </testcase>
  <testcase name="testPollTimeout[10]" classname="org.springframework.data.redis.support.collections.RedisListTests" time="0.001">
    <error message="Unable to connect to Redis; nested exception is io.lettuce.core.RedisConnectionException: Unable to connect to 127.0.0.1:6379" type="org.springframework.data.redis.RedisConnectionFailureException">org.springframework.data.redis.RedisConnectionFailureException: Unable to connect to Redis; nested exception is io.lettuce.core.RedisConnectionException: Unable to connect to 127.0.0.1:6379
Caused by: io.lettuce.core.RedisConnectionException: Unable to connect to 127.0.0.1:6379
Caused by: io.netty.channel.AbstractChannel$AnnotatedConnectException: syscall:getsockopt(..) failed: Connection refused: /127.0.0.1:6379
Caused by: io.netty.channel.unix.Errors$NativeConnectException: syscall:getsockopt(..) failed: Connection refused
</error>
  </testcase>
  <testcase name="testPollTimeout[10]" classname="org.springframework.data.redis.support.collections.RedisListTests" time="0.001">
    <error message="Unable to connect to Redis; nested exception is io.lettuce.core.RedisConnectionException: Unable to connect to 127.0.0.1:6379" type="org.springframework.data.redis.RedisConnectionFailureException">org.springframework.data.redis.RedisConnectionFailureException: Unable to connect to Redis; nested exception is io.lettuce.core.RedisConnectionException: Unable to connect to 127.0.0.1:6379
Caused by: io.lettuce.core.RedisConnectionException: Unable to connect to 127.0.0.1:6379
Caused by: io.netty.channel.AbstractChannel$AnnotatedConnectException: syscall:getsockopt(..) failed: Connection refused: /127.0.0.1:6379
Caused by: io.netty.channel.unix.Errors$NativeConnectException: syscall:getsockopt(..) failed: Connection refused
</error>
  </testcase>
  <testcase name="testRemove[10]" classname="org.springframework.data.redis.support.collections.RedisListTests" time="0.001">
    <error message="Unable to connect to Redis; nested exception is io.lettuce.core.RedisConnectionException: Unable to connect to 127.0.0.1:6379" type="org.springframework.data.redis.RedisConnectionFailureException">org.springframework.data.redis.RedisConnectionFailureException: Unable to connect to Redis; nested exception is io.lettuce.core.RedisConnectionException: Unable to connect to 127.0.0.1:6379
Caused by: io.lettuce.core.RedisConnectionException: Unable to connect to 127.0.0.1:6379
Caused by: io.netty.channel.AbstractChannel$AnnotatedConnectException: syscall:getsockopt(..) failed: Connection refused: /127.0.0.1:6379
Caused by: io.netty.channel.unix.Errors$NativeConnectException: syscall:getsockopt(..) failed: Connection refused
</error>
  </testcase>
  <testcase name="testRemove[10]" classname="org.springframework.data.redis.support.collections.RedisListTests" time="0.001">
    <error message="Unable to connect to Redis; nested exception is io.lettuce.core.RedisConnectionException: Unable to connect to 127.0.0.1:6379" type="org.springframework.data.redis.RedisConnectionFailureException">org.springframework.data.redis.RedisConnectionFailureException: Unable to connect to Redis; nested exception is io.lettuce.core.RedisConnectionException: Unable to connect to 127.0.0.1:6379
Caused by: io.lettuce.core.RedisConnectionException: Unable to connect to 127.0.0.1:6379
Caused by: io.netty.channel.AbstractChannel$AnnotatedConnectException: syscall:getsockopt(..) failed: Connection refused: /127.0.0.1:6379
Caused by: io.netty.channel.unix.Errors$NativeConnectException: syscall:getsockopt(..) failed: Connection refused
</error>
  </testcase>
  <testcase name="testCappedCollection[10]" classname="org.springframework.data.redis.support.collections.RedisListTests" time="0.001">
    <error message="Unable to connect to Redis; nested exception is io.lettuce.core.RedisConnectionException: Unable to connect to 127.0.0.1:6379" type="org.springframework.data.redis.RedisConnectionFailureException">org.springframework.data.redis.RedisConnectionFailureException: Unable to connect to Redis; nested exception is io.lettuce.core.RedisConnectionException: Unable to connect to 127.0.0.1:6379
Caused by: io.lettuce.core.RedisConnectionException: Unable to connect to 127.0.0.1:6379
Caused by: io.netty.channel.AbstractChannel$AnnotatedConnectException: syscall:getsockopt(..) failed: Connection refused: /127.0.0.1:6379
Caused by: io.netty.channel.unix.Errors$NativeConnectException: syscall:getsockopt(..) failed: Connection refused
</error>
  </testcase>
  <testcase name="testCappedCollection[10]" classname="org.springframework.data.redis.support.collections.RedisListTests" time="0.002">
    <error message="Unable to connect to Redis; nested exception is io.lettuce.core.RedisConnectionException: Unable to connect to 127.0.0.1:6379" type="org.springframework.data.redis.RedisConnectionFailureException">org.springframework.data.redis.RedisConnectionFailureException: Unable to connect to Redis; nested exception is io.lettuce.core.RedisConnectionException: Unable to connect to 127.0.0.1:6379
Caused by: io.lettuce.core.RedisConnectionException: Unable to connect to 127.0.0.1:6379
Caused by: io.netty.channel.AbstractChannel$AnnotatedConnectException: syscall:getsockopt(..) failed: Connection refused: /127.0.0.1:6379
Caused by: io.netty.channel.unix.Errors$NativeConnectException: syscall:getsockopt(..) failed: Connection refused
</error>
  </testcase>
  <testcase name="testRmoveLastOccurrence[10]" classname="org.springframework.data.redis.support.collections.RedisListTests" time="0.001">
    <error message="Unable to connect to Redis; nested exception is io.lettuce.core.RedisConnectionException: Unable to connect to 127.0.0.1:6379" type="org.springframework.data.redis.RedisConnectionFailureException">org.springframework.data.redis.RedisConnectionFailureException: Unable to connect to Redis; nested exception is io.lettuce.core.RedisConnectionException: Unable to connect to 127.0.0.1:6379
Caused by: io.lettuce.core.RedisConnectionException: Unable to connect to 127.0.0.1:6379
Caused by: io.netty.channel.AbstractChannel$AnnotatedConnectException: syscall:getsockopt(..) failed: Connection refused: /127.0.0.1:6379
Caused by: io.netty.channel.unix.Errors$NativeConnectException: syscall:getsockopt(..) failed: Connection refused
</error>
  </testcase>
  <testcase name="testRmoveLastOccurrence[10]" classname="org.springframework.data.redis.support.collections.RedisListTests" time="0.001">
    <error message="Unable to connect to Redis; nested exception is io.lettuce.core.RedisConnectionException: Unable to connect to 127.0.0.1:6379" type="org.springframework.data.redis.RedisConnectionFailureException">org.springframework.data.redis.RedisConnectionFailureException: Unable to connect to Redis; nested exception is io.lettuce.core.RedisConnectionException: Unable to connect to 127.0.0.1:6379
Caused by: io.lettuce.core.RedisConnectionException: Unable to connect to 127.0.0.1:6379
Caused by: io.netty.channel.AbstractChannel$AnnotatedConnectException: syscall:getsockopt(..) failed: Connection refused: /127.0.0.1:6379
Caused by: io.netty.channel.unix.Errors$NativeConnectException: syscall:getsockopt(..) failed: Connection refused
</error>
  </testcase>
  <testcase name="testTakeFirst[10]" classname="org.springframework.data.redis.support.collections.RedisListTests" time="0.002">
    <error message="Unable to connect to Redis; nested exception is io.lettuce.core.RedisConnectionException: Unable to connect to 127.0.0.1:6379" type="org.springframework.data.redis.RedisConnectionFailureException">org.springframework.data.redis.RedisConnectionFailureException: Unable to connect to Redis; nested exception is io.lettuce.core.RedisConnectionException: Unable to connect to 127.0.0.1:6379
Caused by: io.lettuce.core.RedisConnectionException: Unable to connect to 127.0.0.1:6379
Caused by: io.netty.channel.AbstractChannel$AnnotatedConnectException: syscall:getsockopt(..) failed: Connection refused: /127.0.0.1:6379
Caused by: io.netty.channel.unix.Errors$NativeConnectException: syscall:getsockopt(..) failed: Connection refused
</error>
  </testcase>
  <testcase name="testTakeFirst[10]" classname="org.springframework.data.redis.support.collections.RedisListTests" time="0.002">
    <error message="Unable to connect to Redis; nested exception is io.lettuce.core.RedisConnectionException: Unable to connect to 127.0.0.1:6379" type="org.springframework.data.redis.RedisConnectionFailureException">org.springframework.data.redis.RedisConnectionFailureException: Unable to connect to Redis; nested exception is io.lettuce.core.RedisConnectionException: Unable to connect to 127.0.0.1:6379
Caused by: io.lettuce.core.RedisConnectionException: Unable to connect to 127.0.0.1:6379
Caused by: io.netty.channel.AbstractChannel$AnnotatedConnectException: syscall:getsockopt(..) failed: Connection refused: /127.0.0.1:6379
Caused by: io.netty.channel.unix.Errors$NativeConnectException: syscall:getsockopt(..) failed: Connection refused
</error>
  </testcase>
  <testcase name="testContainsObject[10]" classname="org.springframework.data.redis.support.collections.RedisListTests" time="0.001">
    <error message="Unable to connect to Redis; nested exception is io.lettuce.core.RedisConnectionException: Unable to connect to 127.0.0.1:6379" type="org.springframework.data.redis.RedisConnectionFailureException">org.springframework.data.redis.RedisConnectionFailureException: Unable to connect to Redis; nested exception is io.lettuce.core.RedisConnectionException: Unable to connect to 127.0.0.1:6379
Caused by: io.lettuce.core.RedisConnectionException: Unable to connect to 127.0.0.1:6379
Caused by: io.netty.channel.AbstractChannel$AnnotatedConnectException: syscall:getsockopt(..) failed: Connection refused: /127.0.0.1:6379
Caused by: io.netty.channel.unix.Errors$NativeConnectException: syscall:getsockopt(..) failed: Connection refused
</error>
  </testcase>
  <testcase name="testContainsObject[10]" classname="org.springframework.data.redis.support.collections.RedisListTests" time="0.002">
    <error message="Unable to connect to Redis; nested exception is io.lettuce.core.RedisConnectionException: Unable to connect to 127.0.0.1:6379" type="org.springframework.data.redis.RedisConnectionFailureException">org.springframework.data.redis.RedisConnectionFailureException: Unable to connect to Redis; nested exception is io.lettuce.core.RedisConnectionException: Unable to connect to 127.0.0.1:6379
Caused by: io.lettuce.core.RedisConnectionException: Unable to connect to 127.0.0.1:6379
Caused by: io.netty.channel.AbstractChannel$AnnotatedConnectException: syscall:getsockopt(..) failed: Connection refused: /127.0.0.1:6379
Caused by: io.netty.channel.unix.Errors$NativeConnectException: syscall:getsockopt(..) failed: Connection refused
</error>
  </testcase>
  <testcase name="testToArray[10]" classname="org.springframework.data.redis.support.collections.RedisListTests" time="0.001">
    <error message="Unable to connect to Redis; nested exception is io.lettuce.core.RedisConnectionException: Unable to connect to 127.0.0.1:6379" type="org.springframework.data.redis.RedisConnectionFailureException">org.springframework.data.redis.RedisConnectionFailureException: Unable to connect to Redis; nested exception is io.lettuce.core.RedisConnectionException: Unable to connect to 127.0.0.1:6379
Caused by: io.lettuce.core.RedisConnectionException: Unable to connect to 127.0.0.1:6379
Caused by: io.netty.channel.AbstractChannel$AnnotatedConnectException: syscall:getsockopt(..) failed: Connection refused: /127.0.0.1:6379
Caused by: io.netty.channel.unix.Errors$NativeConnectException: syscall:getsockopt(..) failed: Connection refused
</error>
  </testcase>
  <testcase name="testToArray[10]" classname="org.springframework.data.redis.support.collections.RedisListTests" time="0.001">
    <error message="Unable to connect to Redis; nested exception is io.lettuce.core.RedisConnectionException: Unable to connect to 127.0.0.1:6379" type="org.springframework.data.redis.RedisConnectionFailureException">org.springframework.data.redis.RedisConnectionFailureException: Unable to connect to Redis; nested exception is io.lettuce.core.RedisConnectionException: Unable to connect to 127.0.0.1:6379
Caused by: io.lettuce.core.RedisConnectionException: Unable to connect to 127.0.0.1:6379
Caused by: io.netty.channel.AbstractChannel$AnnotatedConnectException: syscall:getsockopt(..) failed: Connection refused: /127.0.0.1:6379
Caused by: io.netty.channel.unix.Errors$NativeConnectException: syscall:getsockopt(..) failed: Connection refused
</error>
  </testcase>
  <testcase name="testAdd[10]" classname="org.springframework.data.redis.support.collections.RedisListTests" time="0.001">
    <error message="Unable to connect to Redis; nested exception is io.lettuce.core.RedisConnectionException: Unable to connect to 127.0.0.1:6379" type="org.springframework.data.redis.RedisConnectionFailureException">org.springframework.data.redis.RedisConnectionFailureException: Unable to connect to Redis; nested exception is io.lettuce.core.RedisConnectionException: Unable to connect to 127.0.0.1:6379
Caused by: io.lettuce.core.RedisConnectionException: Unable to connect to 127.0.0.1:6379
Caused by: io.netty.channel.AbstractChannel$AnnotatedConnectException: syscall:getsockopt(..) failed: Connection refused: /127.0.0.1:6379
Caused by: io.netty.channel.unix.Errors$NativeConnectException: syscall:getsockopt(..) failed: Connection refused
</error>
  </testcase>
  <testcase name="testAdd[10]" classname="org.springframework.data.redis.support.collections.RedisListTests" time="0.001">
    <error message="Unable to connect to Redis; nested exception is io.lettuce.core.RedisConnectionException: Unable to connect to 127.0.0.1:6379" type="org.springframework.data.redis.RedisConnectionFailureException">org.springframework.data.redis.RedisConnectionFailureException: Unable to connect to Redis; nested exception is io.lettuce.core.RedisConnectionException: Unable to connect to 127.0.0.1:6379
Caused by: io.lettuce.core.RedisConnectionException: Unable to connect to 127.0.0.1:6379
Caused by: io.netty.channel.AbstractChannel$AnnotatedConnectException: syscall:getsockopt(..) failed: Connection refused: /127.0.0.1:6379
Caused by: io.netty.channel.unix.Errors$NativeConnectException: syscall:getsockopt(..) failed: Connection refused
</error>
  </testcase>
  <testcase name="testClear[10]" classname="org.springframework.data.redis.support.collections.RedisListTests" time="0.001">
    <error message="Unable to connect to Redis; nested exception is io.lettuce.core.RedisConnectionException: Unable to connect to 127.0.0.1:6379" type="org.springframework.data.redis.RedisConnectionFailureException">org.springframework.data.redis.RedisConnectionFailureException: Unable to connect to Redis; nested exception is io.lettuce.core.RedisConnectionException: Unable to connect to 127.0.0.1:6379
Caused by: io.lettuce.core.RedisConnectionException: Unable to connect to 127.0.0.1:6379
Caused by: io.netty.channel.AbstractChannel$AnnotatedConnectException: syscall:getsockopt(..) failed: Connection refused: /127.0.0.1:6379
Caused by: io.netty.channel.unix.Errors$NativeConnectException: syscall:getsockopt(..) failed: Connection refused
</error>
  </testcase>
  <testcase name="testClear[10]" classname="org.springframework.data.redis.support.collections.RedisListTests" time="0.002">
    <error message="Unable to connect to Redis; nested exception is io.lettuce.core.RedisConnectionException: Unable to connect to 127.0.0.1:6379" type="org.springframework.data.redis.RedisConnectionFailureException">org.springframework.data.redis.RedisConnectionFailureException: Unable to connect to Redis; nested exception is io.lettuce.core.RedisConnectionException: Unable to connect to 127.0.0.1:6379
Caused by: io.lettuce.core.RedisConnectionException: Unable to connect to 127.0.0.1:6379
Caused by: io.netty.channel.AbstractChannel$AnnotatedConnectException: syscall:getsockopt(..) failed: Connection refused: /127.0.0.1:6379
Caused by: io.netty.channel.unix.Errors$NativeConnectException: syscall:getsockopt(..) failed: Connection refused
</error>
  </testcase>
  <testcase name="testSize[10]" classname="org.springframework.data.redis.support.collections.RedisListTests" time="0.001">
    <error message="Unable to connect to Redis; nested exception is io.lettuce.core.RedisConnectionException: Unable to connect to 127.0.0.1:6379" type="org.springframework.data.redis.RedisConnectionFailureException">org.springframework.data.redis.RedisConnectionFailureException: Unable to connect to Redis; nested exception is io.lettuce.core.RedisConnectionException: Unable to connect to 127.0.0.1:6379
Caused by: io.lettuce.core.RedisConnectionException: Unable to connect to 127.0.0.1:6379
Caused by: io.netty.channel.AbstractChannel$AnnotatedConnectException: syscall:getsockopt(..) failed: Connection refused: /127.0.0.1:6379
Caused by: io.netty.channel.unix.Errors$NativeConnectException: syscall:getsockopt(..) failed: Connection refused
</error>
  </testcase>
  <testcase name="testSize[10]" classname="org.springframework.data.redis.support.collections.RedisListTests" time="0.001">
    <error message="Unable to connect to Redis; nested exception is io.lettuce.core.RedisConnectionException: Unable to connect to 127.0.0.1:6379" type="org.springframework.data.redis.RedisConnectionFailureException">org.springframework.data.redis.RedisConnectionFailureException: Unable to connect to Redis; nested exception is io.lettuce.core.RedisConnectionException: Unable to connect to 127.0.0.1:6379
Caused by: io.lettuce.core.RedisConnectionException: Unable to connect to 127.0.0.1:6379
Caused by: io.netty.channel.AbstractChannel$AnnotatedConnectException: syscall:getsockopt(..) failed: Connection refused: /127.0.0.1:6379
Caused by: io.netty.channel.unix.Errors$NativeConnectException: syscall:getsockopt(..) failed: Connection refused
</error>
  </testcase>
  <testcase name="testToString[10]" classname="org.springframework.data.redis.support.collections.RedisListTests" time="0.001">
    <error message="Unable to connect to Redis; nested exception is io.lettuce.core.RedisConnectionException: Unable to connect to 127.0.0.1:6379" type="org.springframework.data.redis.RedisConnectionFailureException">org.springframework.data.redis.RedisConnectionFailureException: Unable to connect to Redis; nested exception is io.lettuce.core.RedisConnectionException: Unable to connect to 127.0.0.1:6379
Caused by: io.lettuce.core.RedisConnectionException: Unable to connect to 127.0.0.1:6379
Caused by: io.netty.channel.AbstractChannel$AnnotatedConnectException: syscall:getsockopt(..) failed: Connection refused: /127.0.0.1:6379
Caused by: io.netty.channel.unix.Errors$NativeConnectException: syscall:getsockopt(..) failed: Connection refused
</error>
  </testcase>
  <testcase name="testToString[10]" classname="org.springframework.data.redis.support.collections.RedisListTests" time="0.001">
    <error message="Unable to connect to Redis; nested exception is io.lettuce.core.RedisConnectionException: Unable to connect to 127.0.0.1:6379" type="org.springframework.data.redis.RedisConnectionFailureException">org.springframework.data.redis.RedisConnectionFailureException: Unable to connect to Redis; nested exception is io.lettuce.core.RedisConnectionException: Unable to connect to 127.0.0.1:6379
Caused by: io.lettuce.core.RedisConnectionException: Unable to connect to 127.0.0.1:6379
Caused by: io.netty.channel.AbstractChannel$AnnotatedConnectException: syscall:getsockopt(..) failed: Connection refused: /127.0.0.1:6379
Caused by: io.netty.channel.unix.Errors$NativeConnectException: syscall:getsockopt(..) failed: Connection refused
</error>
  </testcase>
  <testcase name="testContainsAll[10]" classname="org.springframework.data.redis.support.collections.RedisListTests" time="0.002">
    <error message="Unable to connect to Redis; nested exception is io.lettuce.core.RedisConnectionException: Unable to connect to 127.0.0.1:6379" type="org.springframework.data.redis.RedisConnectionFailureException">org.springframework.data.redis.RedisConnectionFailureException: Unable to connect to Redis; nested exception is io.lettuce.core.RedisConnectionException: Unable to connect to 127.0.0.1:6379
Caused by: io.lettuce.core.RedisConnectionException: Unable to connect to 127.0.0.1:6379
Caused by: io.netty.channel.AbstractChannel$AnnotatedConnectException: syscall:getsockopt(..) failed: Connection refused: /127.0.0.1:6379
Caused by: io.netty.channel.unix.Errors$NativeConnectException: syscall:getsockopt(..) failed: Connection refused
</error>
  </testcase>
  <testcase name="testContainsAll[10]" classname="org.springframework.data.redis.support.collections.RedisListTests" time="0.002">
    <error message="Unable to connect to Redis; nested exception is io.lettuce.core.RedisConnectionException: Unable to connect to 127.0.0.1:6379" type="org.springframework.data.redis.RedisConnectionFailureException">org.springframework.data.redis.RedisConnectionFailureException: Unable to connect to Redis; nested exception is io.lettuce.core.RedisConnectionException: Unable to connect to 127.0.0.1:6379
Caused by: io.lettuce.core.RedisConnectionException: Unable to connect to 127.0.0.1:6379
Caused by: io.netty.channel.AbstractChannel$AnnotatedConnectException: syscall:getsockopt(..) failed: Connection refused: /127.0.0.1:6379
Caused by: io.netty.channel.unix.Errors$NativeConnectException: syscall:getsockopt(..) failed: Connection refused
</error>
  </testcase>
  <testcase name="testRemoveObject[10]" classname="org.springframework.data.redis.support.collections.RedisListTests" time="0.001">
    <error message="Unable to connect to Redis; nested exception is io.lettuce.core.RedisConnectionException: Unable to connect to 127.0.0.1:6379" type="org.springframework.data.redis.RedisConnectionFailureException">org.springframework.data.redis.RedisConnectionFailureException: Unable to connect to Redis; nested exception is io.lettuce.core.RedisConnectionException: Unable to connect to 127.0.0.1:6379
Caused by: io.lettuce.core.RedisConnectionException: Unable to connect to 127.0.0.1:6379
Caused by: io.netty.channel.AbstractChannel$AnnotatedConnectException: syscall:getsockopt(..) failed: Connection refused: /127.0.0.1:6379
Caused by: io.netty.channel.unix.Errors$NativeConnectException: syscall:getsockopt(..) failed: Connection refused
</error>
  </testcase>
  <testcase name="testRemoveObject[10]" classname="org.springframework.data.redis.support.collections.RedisListTests" time="0.001">
    <error message="Unable to connect to Redis; nested exception is io.lettuce.core.RedisConnectionException: Unable to connect to 127.0.0.1:6379" type="org.springframework.data.redis.RedisConnectionFailureException">org.springframework.data.redis.RedisConnectionFailureException: Unable to connect to Redis; nested exception is io.lettuce.core.RedisConnectionException: Unable to connect to 127.0.0.1:6379
Caused by: io.lettuce.core.RedisConnectionException: Unable to connect to 127.0.0.1:6379
Caused by: io.netty.channel.AbstractChannel$AnnotatedConnectException: syscall:getsockopt(..) failed: Connection refused: /127.0.0.1:6379
Caused by: io.netty.channel.unix.Errors$NativeConnectException: syscall:getsockopt(..) failed: Connection refused
</error>
  </testcase>
  <testcase name="testHashCode[10]" classname="org.springframework.data.redis.support.collections.RedisListTests" time="0.001">
    <error message="Unable to connect to Redis; nested exception is io.lettuce.core.RedisConnectionException: Unable to connect to 127.0.0.1:6379" type="org.springframework.data.redis.RedisConnectionFailureException">org.springframework.data.redis.RedisConnectionFailureException: Unable to connect to Redis; nested exception is io.lettuce.core.RedisConnectionException: Unable to connect to 127.0.0.1:6379
Caused by: io.lettuce.core.RedisConnectionException: Unable to connect to 127.0.0.1:6379
Caused by: io.netty.channel.AbstractChannel$AnnotatedConnectException: syscall:getsockopt(..) failed: Connection refused: /127.0.0.1:6379
Caused by: io.netty.channel.unix.Errors$NativeConnectException: syscall:getsockopt(..) failed: Connection refused
</error>
  </testcase>
  <testcase name="testAddAll[10]" classname="org.springframework.data.redis.support.collections.RedisListTests" time="0.001">
    <error message="Unable to connect to Redis; nested exception is io.lettuce.core.RedisConnectionException: Unable to connect to 127.0.0.1:6379" type="org.springframework.data.redis.RedisConnectionFailureException">org.springframework.data.redis.RedisConnectionFailureException: Unable to connect to Redis; nested exception is io.lettuce.core.RedisConnectionException: Unable to connect to 127.0.0.1:6379
Caused by: io.lettuce.core.RedisConnectionException: Unable to connect to 127.0.0.1:6379
Caused by: io.netty.channel.AbstractChannel$AnnotatedConnectException: syscall:getsockopt(..) failed: Connection refused: /127.0.0.1:6379
Caused by: io.netty.channel.unix.Errors$NativeConnectException: syscall:getsockopt(..) failed: Connection refused
</error>
  </testcase>
  <testcase name="testAddAll[10]" classname="org.springframework.data.redis.support.collections.RedisListTests" time="0.001">
    <error message="Unable to connect to Redis; nested exception is io.lettuce.core.RedisConnectionException: Unable to connect to 127.0.0.1:6379" type="org.springframework.data.redis.RedisConnectionFailureException">org.springframework.data.redis.RedisConnectionFailureException: Unable to connect to Redis; nested exception is io.lettuce.core.RedisConnectionException: Unable to connect to 127.0.0.1:6379
Caused by: io.lettuce.core.RedisConnectionException: Unable to connect to 127.0.0.1:6379
Caused by: io.netty.channel.AbstractChannel$AnnotatedConnectException: syscall:getsockopt(..) failed: Connection refused: /127.0.0.1:6379
Caused by: io.netty.channel.unix.Errors$NativeConnectException: syscall:getsockopt(..) failed: Connection refused
</error>
  </testcase>
  <testcase name="removeAll[10]" classname="org.springframework.data.redis.support.collections.RedisListTests" time="0.001">
    <error message="Unable to connect to Redis; nested exception is io.lettuce.core.RedisConnectionException: Unable to connect to 127.0.0.1:6379" type="org.springframework.data.redis.RedisConnectionFailureException">org.springframework.data.redis.RedisConnectionFailureException: Unable to connect to Redis; nested exception is io.lettuce.core.RedisConnectionException: Unable to connect to 127.0.0.1:6379
Caused by: io.lettuce.core.RedisConnectionException: Unable to connect to 127.0.0.1:6379
Caused by: io.netty.channel.AbstractChannel$AnnotatedConnectException: syscall:getsockopt(..) failed: Connection refused: /127.0.0.1:6379
Caused by: io.netty.channel.unix.Errors$NativeConnectException: syscall:getsockopt(..) failed: Connection refused
</error>
  </testcase>
  <testcase name="removeAll[10]" classname="org.springframework.data.redis.support.collections.RedisListTests" time="0.001">
    <error message="Unable to connect to Redis; nested exception is io.lettuce.core.RedisConnectionException: Unable to connect to 127.0.0.1:6379" type="org.springframework.data.redis.RedisConnectionFailureException">org.springframework.data.redis.RedisConnectionFailureException: Unable to connect to Redis; nested exception is io.lettuce.core.RedisConnectionException: Unable to connect to 127.0.0.1:6379
Caused by: io.lettuce.core.RedisConnectionException: Unable to connect to 127.0.0.1:6379
Caused by: io.netty.channel.AbstractChannel$AnnotatedConnectException: syscall:getsockopt(..) failed: Connection refused: /127.0.0.1:6379
Caused by: io.netty.channel.unix.Errors$NativeConnectException: syscall:getsockopt(..) failed: Connection refused
</error>
  </testcase>
  <testcase name="testEquals[10]" classname="org.springframework.data.redis.support.collections.RedisListTests" time="0">
    <error message="Unable to connect to Redis; nested exception is io.lettuce.core.RedisConnectionException: Unable to connect to 127.0.0.1:6379" type="org.springframework.data.redis.RedisConnectionFailureException">org.springframework.data.redis.RedisConnectionFailureException: Unable to connect to Redis; nested exception is io.lettuce.core.RedisConnectionException: Unable to connect to 127.0.0.1:6379
Caused by: io.lettuce.core.RedisConnectionException: Unable to connect to 127.0.0.1:6379
Caused by: io.netty.channel.AbstractChannel$AnnotatedConnectException: syscall:getsockopt(..) failed: Connection refused: /127.0.0.1:6379
Caused by: io.netty.channel.unix.Errors$NativeConnectException: syscall:getsockopt(..) failed: Connection refused
</error>
  </testcase>
  <testcase name="testGetKey[10]" classname="org.springframework.data.redis.support.collections.RedisListTests" time="0.001">
    <error message="Unable to connect to Redis; nested exception is io.lettuce.core.RedisConnectionException: Unable to connect to 127.0.0.1:6379" type="org.springframework.data.redis.RedisConnectionFailureException">org.springframework.data.redis.RedisConnectionFailureException: Unable to connect to Redis; nested exception is io.lettuce.core.RedisConnectionException: Unable to connect to 127.0.0.1:6379
Caused by: io.lettuce.core.RedisConnectionException: Unable to connect to 127.0.0.1:6379
Caused by: io.netty.channel.AbstractChannel$AnnotatedConnectException: syscall:getsockopt(..) failed: Connection refused: /127.0.0.1:6379
Caused by: io.netty.channel.unix.Errors$NativeConnectException: syscall:getsockopt(..) failed: Connection refused
</error>
  </testcase>
  <testcase name="testToArrayWithGenerics[10]" classname="org.springframework.data.redis.support.collections.RedisListTests" time="0.001">
    <error message="Unable to connect to Redis; nested exception is io.lettuce.core.RedisConnectionException: Unable to connect to 127.0.0.1:6379" type="org.springframework.data.redis.RedisConnectionFailureException">org.springframework.data.redis.RedisConnectionFailureException: Unable to connect to Redis; nested exception is io.lettuce.core.RedisConnectionException: Unable to connect to 127.0.0.1:6379
Caused by: io.lettuce.core.RedisConnectionException: Unable to connect to 127.0.0.1:6379
Caused by: io.netty.channel.AbstractChannel$AnnotatedConnectException: syscall:getsockopt(..) failed: Connection refused: /127.0.0.1:6379
Caused by: io.netty.channel.unix.Errors$NativeConnectException: syscall:getsockopt(..) failed: Connection refused
</error>
  </testcase>
  <testcase name="testToArrayWithGenerics[10]" classname="org.springframework.data.redis.support.collections.RedisListTests" time="0.001">
    <error message="Unable to connect to Redis; nested exception is io.lettuce.core.RedisConnectionException: Unable to connect to 127.0.0.1:6379" type="org.springframework.data.redis.RedisConnectionFailureException">org.springframework.data.redis.RedisConnectionFailureException: Unable to connect to Redis; nested exception is io.lettuce.core.RedisConnectionException: Unable to connect to 127.0.0.1:6379
Caused by: io.lettuce.core.RedisConnectionException: Unable to connect to 127.0.0.1:6379
Caused by: io.netty.channel.AbstractChannel$AnnotatedConnectException: syscall:getsockopt(..) failed: Connection refused: /127.0.0.1:6379
Caused by: io.netty.channel.unix.Errors$NativeConnectException: syscall:getsockopt(..) failed: Connection refused
</error>
  </testcase>
  <testcase name="testIsEmpty[10]" classname="org.springframework.data.redis.support.collections.RedisListTests" time="0.001">
    <error message="Unable to connect to Redis; nested exception is io.lettuce.core.RedisConnectionException: Unable to connect to 127.0.0.1:6379" type="org.springframework.data.redis.RedisConnectionFailureException">org.springframework.data.redis.RedisConnectionFailureException: Unable to connect to Redis; nested exception is io.lettuce.core.RedisConnectionException: Unable to connect to 127.0.0.1:6379
Caused by: io.lettuce.core.RedisConnectionException: Unable to connect to 127.0.0.1:6379
Caused by: io.netty.channel.AbstractChannel$AnnotatedConnectException: syscall:getsockopt(..) failed: Connection refused: /127.0.0.1:6379
Caused by: io.netty.channel.unix.Errors$NativeConnectException: syscall:getsockopt(..) failed: Connection refused
</error>
  </testcase>
  <testcase name="testIsEmpty[10]" classname="org.springframework.data.redis.support.collections.RedisListTests" time="0.001">
    <error message="Unable to connect to Redis; nested exception is io.lettuce.core.RedisConnectionException: Unable to connect to 127.0.0.1:6379" type="org.springframework.data.redis.RedisConnectionFailureException">org.springframework.data.redis.RedisConnectionFailureException: Unable to connect to Redis; nested exception is io.lettuce.core.RedisConnectionException: Unable to connect to 127.0.0.1:6379
Caused by: io.lettuce.core.RedisConnectionException: Unable to connect to 127.0.0.1:6379
Caused by: io.netty.channel.AbstractChannel$AnnotatedConnectException: syscall:getsockopt(..) failed: Connection refused: /127.0.0.1:6379
Caused by: io.netty.channel.unix.Errors$NativeConnectException: syscall:getsockopt(..) failed: Connection refused
</error>
  </testcase>
  <testcase name="testIterator[10]" classname="org.springframework.data.redis.support.collections.RedisListTests" time="0.001">
    <error message="Unable to connect to Redis; nested exception is io.lettuce.core.RedisConnectionException: Unable to connect to 127.0.0.1:6379" type="org.springframework.data.redis.RedisConnectionFailureException">org.springframework.data.redis.RedisConnectionFailureException: Unable to connect to Redis; nested exception is io.lettuce.core.RedisConnectionException: Unable to connect to 127.0.0.1:6379
Caused by: io.lettuce.core.RedisConnectionException: Unable to connect to 127.0.0.1:6379
Caused by: io.netty.channel.AbstractChannel$AnnotatedConnectException: syscall:getsockopt(..) failed: Connection refused: /127.0.0.1:6379
Caused by: io.netty.channel.unix.Errors$NativeConnectException: syscall:getsockopt(..) failed: Connection refused
</error>
  </testcase>
  <testcase name="testIterator[10]" classname="org.springframework.data.redis.support.collections.RedisListTests" time="0.001">
    <error message="Unable to connect to Redis; nested exception is io.lettuce.core.RedisConnectionException: Unable to connect to 127.0.0.1:6379" type="org.springframework.data.redis.RedisConnectionFailureException">org.springframework.data.redis.RedisConnectionFailureException: Unable to connect to Redis; nested exception is io.lettuce.core.RedisConnectionException: Unable to connect to 127.0.0.1:6379
Caused by: io.lettuce.core.RedisConnectionException: Unable to connect to 127.0.0.1:6379
Caused by: io.netty.channel.AbstractChannel$AnnotatedConnectException: syscall:getsockopt(..) failed: Connection refused: /127.0.0.1:6379
Caused by: io.netty.channel.unix.Errors$NativeConnectException: syscall:getsockopt(..) failed: Connection refused
</error>
  </testcase>
  <testcase name="testElement[11]" classname="org.springframework.data.redis.support.collections.RedisListTests" time="0.001">
    <error message="Unable to connect to Redis; nested exception is io.lettuce.core.RedisConnectionException: Unable to connect to 127.0.0.1:6379" type="org.springframework.data.redis.RedisConnectionFailureException">org.springframework.data.redis.RedisConnectionFailureException: Unable to connect to Redis; nested exception is io.lettuce.core.RedisConnectionException: Unable to connect to 127.0.0.1:6379
Caused by: io.lettuce.core.RedisConnectionException: Unable to connect to 127.0.0.1:6379
Caused by: io.netty.channel.AbstractChannel$AnnotatedConnectException: syscall:getsockopt(..) failed: Connection refused: /127.0.0.1:6379
Caused by: io.netty.channel.unix.Errors$NativeConnectException: syscall:getsockopt(..) failed: Connection refused
</error>
  </testcase>
  <testcase name="testElement[11]" classname="org.springframework.data.redis.support.collections.RedisListTests" time="0.001">
    <error message="Unable to connect to Redis; nested exception is io.lettuce.core.RedisConnectionException: Unable to connect to 127.0.0.1:6379" type="org.springframework.data.redis.RedisConnectionFailureException">org.springframework.data.redis.RedisConnectionFailureException: Unable to connect to Redis; nested exception is io.lettuce.core.RedisConnectionException: Unable to connect to 127.0.0.1:6379
Caused by: io.lettuce.core.RedisConnectionException: Unable to connect to 127.0.0.1:6379
Caused by: io.netty.channel.AbstractChannel$AnnotatedConnectException: syscall:getsockopt(..) failed: Connection refused: /127.0.0.1:6379
Caused by: io.netty.channel.unix.Errors$NativeConnectException: syscall:getsockopt(..) failed: Connection refused
</error>
  </testcase>
  <testcase name="testPutFirst[11]" classname="org.springframework.data.redis.support.collections.RedisListTests" time="0.001">
    <error message="Unable to connect to Redis; nested exception is io.lettuce.core.RedisConnectionException: Unable to connect to 127.0.0.1:6379" type="org.springframework.data.redis.RedisConnectionFailureException">org.springframework.data.redis.RedisConnectionFailureException: Unable to connect to Redis; nested exception is io.lettuce.core.RedisConnectionException: Unable to connect to 127.0.0.1:6379
Caused by: io.lettuce.core.RedisConnectionException: Unable to connect to 127.0.0.1:6379
Caused by: io.netty.channel.AbstractChannel$AnnotatedConnectException: syscall:getsockopt(..) failed: Connection refused: /127.0.0.1:6379
Caused by: io.netty.channel.unix.Errors$NativeConnectException: syscall:getsockopt(..) failed: Connection refused
</error>
  </testcase>
  <testcase name="testPutFirst[11]" classname="org.springframework.data.redis.support.collections.RedisListTests" time="0.001">
    <error message="Unable to connect to Redis; nested exception is io.lettuce.core.RedisConnectionException: Unable to connect to 127.0.0.1:6379" type="org.springframework.data.redis.RedisConnectionFailureException">org.springframework.data.redis.RedisConnectionFailureException: Unable to connect to Redis; nested exception is io.lettuce.core.RedisConnectionException: Unable to connect to 127.0.0.1:6379
Caused by: io.lettuce.core.RedisConnectionException: Unable to connect to 127.0.0.1:6379
Caused by: io.netty.channel.AbstractChannel$AnnotatedConnectException: syscall:getsockopt(..) failed: Connection refused: /127.0.0.1:6379
Caused by: io.netty.channel.unix.Errors$NativeConnectException: syscall:getsockopt(..) failed: Connection refused
</error>
  </testcase>
  <testcase name="testPollLastTimeout[11]" classname="org.springframework.data.redis.support.collections.RedisListTests" time="0.001">
    <error message="Unable to connect to Redis; nested exception is io.lettuce.core.RedisConnectionException: Unable to connect to 127.0.0.1:6379" type="org.springframework.data.redis.RedisConnectionFailureException">org.springframework.data.redis.RedisConnectionFailureException: Unable to connect to Redis; nested exception is io.lettuce.core.RedisConnectionException: Unable to connect to 127.0.0.1:6379
Caused by: io.lettuce.core.RedisConnectionException: Unable to connect to 127.0.0.1:6379
Caused by: io.netty.channel.AbstractChannel$AnnotatedConnectException: syscall:getsockopt(..) failed: Connection refused: /127.0.0.1:6379
Caused by: io.netty.channel.unix.Errors$NativeConnectException: syscall:getsockopt(..) failed: Connection refused
</error>
  </testcase>
  <testcase name="testPollLastTimeout[11]" classname="org.springframework.data.redis.support.collections.RedisListTests" time="0.001">
    <error message="Unable to connect to Redis; nested exception is io.lettuce.core.RedisConnectionException: Unable to connect to 127.0.0.1:6379" type="org.springframework.data.redis.RedisConnectionFailureException">org.springframework.data.redis.RedisConnectionFailureException: Unable to connect to Redis; nested exception is io.lettuce.core.RedisConnectionException: Unable to connect to 127.0.0.1:6379
Caused by: io.lettuce.core.RedisConnectionException: Unable to connect to 127.0.0.1:6379
Caused by: io.netty.channel.AbstractChannel$AnnotatedConnectException: syscall:getsockopt(..) failed: Connection refused: /127.0.0.1:6379
Caused by: io.netty.channel.unix.Errors$NativeConnectException: syscall:getsockopt(..) failed: Connection refused
</error>
  </testcase>
  <testcase name="testPeekFirst[11]" classname="org.springframework.data.redis.support.collections.RedisListTests" time="0.001">
    <error message="Unable to connect to Redis; nested exception is io.lettuce.core.RedisConnectionException: Unable to connect to 127.0.0.1:6379" type="org.springframework.data.redis.RedisConnectionFailureException">org.springframework.data.redis.RedisConnectionFailureException: Unable to connect to Redis; nested exception is io.lettuce.core.RedisConnectionException: Unable to connect to 127.0.0.1:6379
Caused by: io.lettuce.core.RedisConnectionException: Unable to connect to 127.0.0.1:6379
Caused by: io.netty.channel.AbstractChannel$AnnotatedConnectException: syscall:getsockopt(..) failed: Connection refused: /127.0.0.1:6379
Caused by: io.netty.channel.unix.Errors$NativeConnectException: syscall:getsockopt(..) failed: Connection refused
</error>
  </testcase>
  <testcase name="testPeekFirst[11]" classname="org.springframework.data.redis.support.collections.RedisListTests" time="0.001">
    <error message="Unable to connect to Redis; nested exception is io.lettuce.core.RedisConnectionException: Unable to connect to 127.0.0.1:6379" type="org.springframework.data.redis.RedisConnectionFailureException">org.springframework.data.redis.RedisConnectionFailureException: Unable to connect to Redis; nested exception is io.lettuce.core.RedisConnectionException: Unable to connect to 127.0.0.1:6379
Caused by: io.lettuce.core.RedisConnectionException: Unable to connect to 127.0.0.1:6379
Caused by: io.netty.channel.AbstractChannel$AnnotatedConnectException: syscall:getsockopt(..) failed: Connection refused: /127.0.0.1:6379
Caused by: io.netty.channel.unix.Errors$NativeConnectException: syscall:getsockopt(..) failed: Connection refused
</error>
  </testcase>
  <testcase name="testOfferLast[11]" classname="org.springframework.data.redis.support.collections.RedisListTests" time="0.001">
    <error message="Unable to connect to Redis; nested exception is io.lettuce.core.RedisConnectionException: Unable to connect to 127.0.0.1:6379" type="org.springframework.data.redis.RedisConnectionFailureException">org.springframework.data.redis.RedisConnectionFailureException: Unable to connect to Redis; nested exception is io.lettuce.core.RedisConnectionException: Unable to connect to 127.0.0.1:6379
Caused by: io.lettuce.core.RedisConnectionException: Unable to connect to 127.0.0.1:6379
Caused by: io.netty.channel.AbstractChannel$AnnotatedConnectException: syscall:getsockopt(..) failed: Connection refused: /127.0.0.1:6379
Caused by: io.netty.channel.unix.Errors$NativeConnectException: syscall:getsockopt(..) failed: Connection refused
</error>
  </testcase>
  <testcase name="testOfferLast[11]" classname="org.springframework.data.redis.support.collections.RedisListTests" time="0.001">
    <error message="Unable to connect to Redis; nested exception is io.lettuce.core.RedisConnectionException: Unable to connect to 127.0.0.1:6379" type="org.springframework.data.redis.RedisConnectionFailureException">org.springframework.data.redis.RedisConnectionFailureException: Unable to connect to Redis; nested exception is io.lettuce.core.RedisConnectionException: Unable to connect to 127.0.0.1:6379
Caused by: io.lettuce.core.RedisConnectionException: Unable to connect to 127.0.0.1:6379
Caused by: io.netty.channel.AbstractChannel$AnnotatedConnectException: syscall:getsockopt(..) failed: Connection refused: /127.0.0.1:6379
Caused by: io.netty.channel.unix.Errors$NativeConnectException: syscall:getsockopt(..) failed: Connection refused
</error>
  </testcase>
  <testcase name="testGetFirst[11]" classname="org.springframework.data.redis.support.collections.RedisListTests" time="0.002">
    <error message="Unable to connect to Redis; nested exception is io.lettuce.core.RedisConnectionException: Unable to connect to 127.0.0.1:6379" type="org.springframework.data.redis.RedisConnectionFailureException">org.springframework.data.redis.RedisConnectionFailureException: Unable to connect to Redis; nested exception is io.lettuce.core.RedisConnectionException: Unable to connect to 127.0.0.1:6379
Caused by: io.lettuce.core.RedisConnectionException: Unable to connect to 127.0.0.1:6379
Caused by: io.netty.channel.AbstractChannel$AnnotatedConnectException: syscall:getsockopt(..) failed: Connection refused: /127.0.0.1:6379
Caused by: io.netty.channel.unix.Errors$NativeConnectException: syscall:getsockopt(..) failed: Connection refused
</error>
  </testcase>
  <testcase name="testGetFirst[11]" classname="org.springframework.data.redis.support.collections.RedisListTests" time="0.002">
    <error message="Unable to connect to Redis; nested exception is io.lettuce.core.RedisConnectionException: Unable to connect to 127.0.0.1:6379" type="org.springframework.data.redis.RedisConnectionFailureException">org.springframework.data.redis.RedisConnectionFailureException: Unable to connect to Redis; nested exception is io.lettuce.core.RedisConnectionException: Unable to connect to 127.0.0.1:6379
Caused by: io.lettuce.core.RedisConnectionException: Unable to connect to 127.0.0.1:6379
Caused by: io.netty.channel.AbstractChannel$AnnotatedConnectException: syscall:getsockopt(..) failed: Connection refused: /127.0.0.1:6379
Caused by: io.netty.channel.unix.Errors$NativeConnectException: syscall:getsockopt(..) failed: Connection refused
</error>
  </testcase>
  <testcase name="testAddLast[11]" classname="org.springframework.data.redis.support.collections.RedisListTests" time="0.001">
    <error message="Unable to connect to Redis; nested exception is io.lettuce.core.RedisConnectionException: Unable to connect to 127.0.0.1:6379" type="org.springframework.data.redis.RedisConnectionFailureException">org.springframework.data.redis.RedisConnectionFailureException: Unable to connect to Redis; nested exception is io.lettuce.core.RedisConnectionException: Unable to connect to 127.0.0.1:6379
Caused by: io.lettuce.core.RedisConnectionException: Unable to connect to 127.0.0.1:6379
Caused by: io.netty.channel.AbstractChannel$AnnotatedConnectException: syscall:getsockopt(..) failed: Connection refused: /127.0.0.1:6379
Caused by: io.netty.channel.unix.Errors$NativeConnectException: syscall:getsockopt(..) failed: Connection refused
</error>
  </testcase>
  <testcase name="testAddLast[11]" classname="org.springframework.data.redis.support.collections.RedisListTests" time="0.001">
    <error message="Unable to connect to Redis; nested exception is io.lettuce.core.RedisConnectionException: Unable to connect to 127.0.0.1:6379" type="org.springframework.data.redis.RedisConnectionFailureException">org.springframework.data.redis.RedisConnectionFailureException: Unable to connect to Redis; nested exception is io.lettuce.core.RedisConnectionException: Unable to connect to 127.0.0.1:6379
Caused by: io.lettuce.core.RedisConnectionException: Unable to connect to 127.0.0.1:6379
Caused by: io.netty.channel.AbstractChannel$AnnotatedConnectException: syscall:getsockopt(..) failed: Connection refused: /127.0.0.1:6379
Caused by: io.netty.channel.unix.Errors$NativeConnectException: syscall:getsockopt(..) failed: Connection refused
</error>
  </testcase>
  <testcase name="testPop[11]" classname="org.springframework.data.redis.support.collections.RedisListTests" time="0.001">
    <error message="Unable to connect to Redis; nested exception is io.lettuce.core.RedisConnectionException: Unable to connect to 127.0.0.1:6379" type="org.springframework.data.redis.RedisConnectionFailureException">org.springframework.data.redis.RedisConnectionFailureException: Unable to connect to Redis; nested exception is io.lettuce.core.RedisConnectionException: Unable to connect to 127.0.0.1:6379
Caused by: io.lettuce.core.RedisConnectionException: Unable to connect to 127.0.0.1:6379
Caused by: io.netty.channel.AbstractChannel$AnnotatedConnectException: syscall:getsockopt(..) failed: Connection refused: /127.0.0.1:6379
Caused by: io.netty.channel.unix.Errors$NativeConnectException: syscall:getsockopt(..) failed: Connection refused
</error>
  </testcase>
  <testcase name="testPop[11]" classname="org.springframework.data.redis.support.collections.RedisListTests" time="0.002">
    <error message="Unable to connect to Redis; nested exception is io.lettuce.core.RedisConnectionException: Unable to connect to 127.0.0.1:6379" type="org.springframework.data.redis.RedisConnectionFailureException">org.springframework.data.redis.RedisConnectionFailureException: Unable to connect to Redis; nested exception is io.lettuce.core.RedisConnectionException: Unable to connect to 127.0.0.1:6379
Caused by: io.lettuce.core.RedisConnectionException: Unable to connect to 127.0.0.1:6379
Caused by: io.netty.channel.AbstractChannel$AnnotatedConnectException: syscall:getsockopt(..) failed: Connection refused: /127.0.0.1:6379
Caused by: io.netty.channel.unix.Errors$NativeConnectException: syscall:getsockopt(..) failed: Connection refused
</error>
  </testcase>
  <testcase name="testPut[11]" classname="org.springframework.data.redis.support.collections.RedisListTests" time="0.001">
    <error message="Unable to connect to Redis; nested exception is io.lettuce.core.RedisConnectionException: Unable to connect to 127.0.0.1:6379" type="org.springframework.data.redis.RedisConnectionFailureException">org.springframework.data.redis.RedisConnectionFailureException: Unable to connect to Redis; nested exception is io.lettuce.core.RedisConnectionException: Unable to connect to 127.0.0.1:6379
Caused by: io.lettuce.core.RedisConnectionException: Unable to connect to 127.0.0.1:6379
Caused by: io.netty.channel.AbstractChannel$AnnotatedConnectException: syscall:getsockopt(..) failed: Connection refused: /127.0.0.1:6379
Caused by: io.netty.channel.unix.Errors$NativeConnectException: syscall:getsockopt(..) failed: Connection refused
</error>
  </testcase>
  <testcase name="testPut[11]" classname="org.springframework.data.redis.support.collections.RedisListTests" time="0.001">
    <error message="Unable to connect to Redis; nested exception is io.lettuce.core.RedisConnectionException: Unable to connect to 127.0.0.1:6379" type="org.springframework.data.redis.RedisConnectionFailureException">org.springframework.data.redis.RedisConnectionFailureException: Unable to connect to Redis; nested exception is io.lettuce.core.RedisConnectionException: Unable to connect to 127.0.0.1:6379
Caused by: io.lettuce.core.RedisConnectionException: Unable to connect to 127.0.0.1:6379
Caused by: io.netty.channel.AbstractChannel$AnnotatedConnectException: syscall:getsockopt(..) failed: Connection refused: /127.0.0.1:6379
Caused by: io.netty.channel.unix.Errors$NativeConnectException: syscall:getsockopt(..) failed: Connection refused
</error>
  </testcase>
  <testcase name="testSet[11]" classname="org.springframework.data.redis.support.collections.RedisListTests" time="0.001">
    <error message="Unable to connect to Redis; nested exception is io.lettuce.core.RedisConnectionException: Unable to connect to 127.0.0.1:6379" type="org.springframework.data.redis.RedisConnectionFailureException">org.springframework.data.redis.RedisConnectionFailureException: Unable to connect to Redis; nested exception is io.lettuce.core.RedisConnectionException: Unable to connect to 127.0.0.1:6379
Caused by: io.lettuce.core.RedisConnectionException: Unable to connect to 127.0.0.1:6379
Caused by: io.netty.channel.AbstractChannel$AnnotatedConnectException: syscall:getsockopt(..) failed: Connection refused: /127.0.0.1:6379
Caused by: io.netty.channel.unix.Errors$NativeConnectException: syscall:getsockopt(..) failed: Connection refused
</error>
  </testcase>
  <testcase name="testSet[11]" classname="org.springframework.data.redis.support.collections.RedisListTests" time="0.001">
    <error message="Unable to connect to Redis; nested exception is io.lettuce.core.RedisConnectionException: Unable to connect to 127.0.0.1:6379" type="org.springframework.data.redis.RedisConnectionFailureException">org.springframework.data.redis.RedisConnectionFailureException: Unable to connect to Redis; nested exception is io.lettuce.core.RedisConnectionException: Unable to connect to 127.0.0.1:6379
Caused by: io.lettuce.core.RedisConnectionException: Unable to connect to 127.0.0.1:6379
Caused by: io.netty.channel.AbstractChannel$AnnotatedConnectException: syscall:getsockopt(..) failed: Connection refused: /127.0.0.1:6379
Caused by: io.netty.channel.unix.Errors$NativeConnectException: syscall:getsockopt(..) failed: Connection refused
</error>
  </testcase>
  <testcase name="testOffer[11]" classname="org.springframework.data.redis.support.collections.RedisListTests" time="0.001">
    <error message="Unable to connect to Redis; nested exception is io.lettuce.core.RedisConnectionException: Unable to connect to 127.0.0.1:6379" type="org.springframework.data.redis.RedisConnectionFailureException">org.springframework.data.redis.RedisConnectionFailureException: Unable to connect to Redis; nested exception is io.lettuce.core.RedisConnectionException: Unable to connect to 127.0.0.1:6379
Caused by: io.lettuce.core.RedisConnectionException: Unable to connect to 127.0.0.1:6379
Caused by: io.netty.channel.AbstractChannel$AnnotatedConnectException: syscall:getsockopt(..) failed: Connection refused: /127.0.0.1:6379
Caused by: io.netty.channel.unix.Errors$NativeConnectException: syscall:getsockopt(..) failed: Connection refused
</error>
  </testcase>
  <testcase name="testOffer[11]" classname="org.springframework.data.redis.support.collections.RedisListTests" time="0.001">
    <error message="Unable to connect to Redis; nested exception is io.lettuce.core.RedisConnectionException: Unable to connect to 127.0.0.1:6379" type="org.springframework.data.redis.RedisConnectionFailureException">org.springframework.data.redis.RedisConnectionFailureException: Unable to connect to Redis; nested exception is io.lettuce.core.RedisConnectionException: Unable to connect to 127.0.0.1:6379
Caused by: io.lettuce.core.RedisConnectionException: Unable to connect to 127.0.0.1:6379
Caused by: io.netty.channel.AbstractChannel$AnnotatedConnectException: syscall:getsockopt(..) failed: Connection refused: /127.0.0.1:6379
Caused by: io.netty.channel.unix.Errors$NativeConnectException: syscall:getsockopt(..) failed: Connection refused
</error>
  </testcase>
  <testcase name="testRange[11]" classname="org.springframework.data.redis.support.collections.RedisListTests" time="0.001">
    <error message="Unable to connect to Redis; nested exception is io.lettuce.core.RedisConnectionException: Unable to connect to 127.0.0.1:6379" type="org.springframework.data.redis.RedisConnectionFailureException">org.springframework.data.redis.RedisConnectionFailureException: Unable to connect to Redis; nested exception is io.lettuce.core.RedisConnectionException: Unable to connect to 127.0.0.1:6379
Caused by: io.lettuce.core.RedisConnectionException: Unable to connect to 127.0.0.1:6379
Caused by: io.netty.channel.AbstractChannel$AnnotatedConnectException: syscall:getsockopt(..) failed: Connection refused: /127.0.0.1:6379
Caused by: io.netty.channel.unix.Errors$NativeConnectException: syscall:getsockopt(..) failed: Connection refused
</error>
  </testcase>
  <testcase name="testRange[11]" classname="org.springframework.data.redis.support.collections.RedisListTests" time="0.001">
    <error message="Unable to connect to Redis; nested exception is io.lettuce.core.RedisConnectionException: Unable to connect to 127.0.0.1:6379" type="org.springframework.data.redis.RedisConnectionFailureException">org.springframework.data.redis.RedisConnectionFailureException: Unable to connect to Redis; nested exception is io.lettuce.core.RedisConnectionException: Unable to connect to 127.0.0.1:6379
Caused by: io.lettuce.core.RedisConnectionException: Unable to connect to 127.0.0.1:6379
Caused by: io.netty.channel.AbstractChannel$AnnotatedConnectException: syscall:getsockopt(..) failed: Connection refused: /127.0.0.1:6379
Caused by: io.netty.channel.unix.Errors$NativeConnectException: syscall:getsockopt(..) failed: Connection refused
</error>
  </testcase>
  <testcase name="testLast[11]" classname="org.springframework.data.redis.support.collections.RedisListTests" time="0.002">
    <error message="Unable to connect to Redis; nested exception is io.lettuce.core.RedisConnectionException: Unable to connect to 127.0.0.1:6379" type="org.springframework.data.redis.RedisConnectionFailureException">org.springframework.data.redis.RedisConnectionFailureException: Unable to connect to Redis; nested exception is io.lettuce.core.RedisConnectionException: Unable to connect to 127.0.0.1:6379
Caused by: io.lettuce.core.RedisConnectionException: Unable to connect to 127.0.0.1:6379
Caused by: io.netty.channel.AbstractChannel$AnnotatedConnectException: syscall:getsockopt(..) failed: Connection refused: /127.0.0.1:6379
Caused by: io.netty.channel.unix.Errors$NativeConnectException: syscall:getsockopt(..) failed: Connection refused
</error>
  </testcase>
  <testcase name="testLast[11]" classname="org.springframework.data.redis.support.collections.RedisListTests" time="0.002">
    <error message="Unable to connect to Redis; nested exception is io.lettuce.core.RedisConnectionException: Unable to connect to 127.0.0.1:6379" type="org.springframework.data.redis.RedisConnectionFailureException">org.springframework.data.redis.RedisConnectionFailureException: Unable to connect to Redis; nested exception is io.lettuce.core.RedisConnectionException: Unable to connect to 127.0.0.1:6379
Caused by: io.lettuce.core.RedisConnectionException: Unable to connect to 127.0.0.1:6379
Caused by: io.netty.channel.AbstractChannel$AnnotatedConnectException: syscall:getsockopt(..) failed: Connection refused: /127.0.0.1:6379
Caused by: io.netty.channel.unix.Errors$NativeConnectException: syscall:getsockopt(..) failed: Connection refused
</error>
  </testcase>
  <testcase name="testPeek[11]" classname="org.springframework.data.redis.support.collections.RedisListTests" time="0.001">
    <error message="Unable to connect to Redis; nested exception is io.lettuce.core.RedisConnectionException: Unable to connect to 127.0.0.1:6379" type="org.springframework.data.redis.RedisConnectionFailureException">org.springframework.data.redis.RedisConnectionFailureException: Unable to connect to Redis; nested exception is io.lettuce.core.RedisConnectionException: Unable to connect to 127.0.0.1:6379
Caused by: io.lettuce.core.RedisConnectionException: Unable to connect to 127.0.0.1:6379
Caused by: io.netty.channel.AbstractChannel$AnnotatedConnectException: syscall:getsockopt(..) failed: Connection refused: /127.0.0.1:6379
Caused by: io.netty.channel.unix.Errors$NativeConnectException: syscall:getsockopt(..) failed: Connection refused
</error>
  </testcase>
  <testcase name="testPeek[11]" classname="org.springframework.data.redis.support.collections.RedisListTests" time="0.001">
    <error message="Unable to connect to Redis; nested exception is io.lettuce.core.RedisConnectionException: Unable to connect to 127.0.0.1:6379" type="org.springframework.data.redis.RedisConnectionFailureException">org.springframework.data.redis.RedisConnectionFailureException: Unable to connect to Redis; nested exception is io.lettuce.core.RedisConnectionException: Unable to connect to 127.0.0.1:6379
Caused by: io.lettuce.core.RedisConnectionException: Unable to connect to 127.0.0.1:6379
Caused by: io.netty.channel.AbstractChannel$AnnotatedConnectException: syscall:getsockopt(..) failed: Connection refused: /127.0.0.1:6379
Caused by: io.netty.channel.unix.Errors$NativeConnectException: syscall:getsockopt(..) failed: Connection refused
</error>
  </testcase>
  <testcase name="testPoll[11]" classname="org.springframework.data.redis.support.collections.RedisListTests" time="0.001">
    <error message="Unable to connect to Redis; nested exception is io.lettuce.core.RedisConnectionException: Unable to connect to 127.0.0.1:6379" type="org.springframework.data.redis.RedisConnectionFailureException">org.springframework.data.redis.RedisConnectionFailureException: Unable to connect to Redis; nested exception is io.lettuce.core.RedisConnectionException: Unable to connect to 127.0.0.1:6379
Caused by: io.lettuce.core.RedisConnectionException: Unable to connect to 127.0.0.1:6379
Caused by: io.netty.channel.AbstractChannel$AnnotatedConnectException: syscall:getsockopt(..) failed: Connection refused: /127.0.0.1:6379
Caused by: io.netty.channel.unix.Errors$NativeConnectException: syscall:getsockopt(..) failed: Connection refused
</error>
  </testcase>
  <testcase name="testPoll[11]" classname="org.springframework.data.redis.support.collections.RedisListTests" time="0.002">
    <error message="Unable to connect to Redis; nested exception is io.lettuce.core.RedisConnectionException: Unable to connect to 127.0.0.1:6379" type="org.springframework.data.redis.RedisConnectionFailureException">org.springframework.data.redis.RedisConnectionFailureException: Unable to connect to Redis; nested exception is io.lettuce.core.RedisConnectionException: Unable to connect to 127.0.0.1:6379
Caused by: io.lettuce.core.RedisConnectionException: Unable to connect to 127.0.0.1:6379
Caused by: io.netty.channel.AbstractChannel$AnnotatedConnectException: syscall:getsockopt(..) failed: Connection refused: /127.0.0.1:6379
Caused by: io.netty.channel.unix.Errors$NativeConnectException: syscall:getsockopt(..) failed: Connection refused
</error>
  </testcase>
  <testcase name="testTake[11]" classname="org.springframework.data.redis.support.collections.RedisListTests" time="0.001">
    <error message="Unable to connect to Redis; nested exception is io.lettuce.core.RedisConnectionException: Unable to connect to 127.0.0.1:6379" type="org.springframework.data.redis.RedisConnectionFailureException">org.springframework.data.redis.RedisConnectionFailureException: Unable to connect to Redis; nested exception is io.lettuce.core.RedisConnectionException: Unable to connect to 127.0.0.1:6379
Caused by: io.lettuce.core.RedisConnectionException: Unable to connect to 127.0.0.1:6379
Caused by: io.netty.channel.AbstractChannel$AnnotatedConnectException: syscall:getsockopt(..) failed: Connection refused: /127.0.0.1:6379
Caused by: io.netty.channel.unix.Errors$NativeConnectException: syscall:getsockopt(..) failed: Connection refused
</error>
  </testcase>
  <testcase name="testTake[11]" classname="org.springframework.data.redis.support.collections.RedisListTests" time="0.001">
    <error message="Unable to connect to Redis; nested exception is io.lettuce.core.RedisConnectionException: Unable to connect to 127.0.0.1:6379" type="org.springframework.data.redis.RedisConnectionFailureException">org.springframework.data.redis.RedisConnectionFailureException: Unable to connect to Redis; nested exception is io.lettuce.core.RedisConnectionException: Unable to connect to 127.0.0.1:6379
Caused by: io.lettuce.core.RedisConnectionException: Unable to connect to 127.0.0.1:6379
Caused by: io.netty.channel.AbstractChannel$AnnotatedConnectException: syscall:getsockopt(..) failed: Connection refused: /127.0.0.1:6379
Caused by: io.netty.channel.unix.Errors$NativeConnectException: syscall:getsockopt(..) failed: Connection refused
</error>
  </testcase>
  <testcase name="testTrim[11]" classname="org.springframework.data.redis.support.collections.RedisListTests" time="0.001">
    <error message="Unable to connect to Redis; nested exception is io.lettuce.core.RedisConnectionException: Unable to connect to 127.0.0.1:6379" type="org.springframework.data.redis.RedisConnectionFailureException">org.springframework.data.redis.RedisConnectionFailureException: Unable to connect to Redis; nested exception is io.lettuce.core.RedisConnectionException: Unable to connect to 127.0.0.1:6379
Caused by: io.lettuce.core.RedisConnectionException: Unable to connect to 127.0.0.1:6379
Caused by: io.netty.channel.AbstractChannel$AnnotatedConnectException: syscall:getsockopt(..) failed: Connection refused: /127.0.0.1:6379
Caused by: io.netty.channel.unix.Errors$NativeConnectException: syscall:getsockopt(..) failed: Connection refused
</error>
  </testcase>
  <testcase name="testTrim[11]" classname="org.springframework.data.redis.support.collections.RedisListTests" time="0.001">
    <error message="Unable to connect to Redis; nested exception is io.lettuce.core.RedisConnectionException: Unable to connect to 127.0.0.1:6379" type="org.springframework.data.redis.RedisConnectionFailureException">org.springframework.data.redis.RedisConnectionFailureException: Unable to connect to Redis; nested exception is io.lettuce.core.RedisConnectionException: Unable to connect to 127.0.0.1:6379
Caused by: io.lettuce.core.RedisConnectionException: Unable to connect to 127.0.0.1:6379
Caused by: io.netty.channel.AbstractChannel$AnnotatedConnectException: syscall:getsockopt(..) failed: Connection refused: /127.0.0.1:6379
Caused by: io.netty.channel.unix.Errors$NativeConnectException: syscall:getsockopt(..) failed: Connection refused
</error>
  </testcase>
  <testcase name="testDrainToCollection[11]" classname="org.springframework.data.redis.support.collections.RedisListTests" time="0.001">
    <error message="Unable to connect to Redis; nested exception is io.lettuce.core.RedisConnectionException: Unable to connect to 127.0.0.1:6379" type="org.springframework.data.redis.RedisConnectionFailureException">org.springframework.data.redis.RedisConnectionFailureException: Unable to connect to Redis; nested exception is io.lettuce.core.RedisConnectionException: Unable to connect to 127.0.0.1:6379
Caused by: io.lettuce.core.RedisConnectionException: Unable to connect to 127.0.0.1:6379
Caused by: io.netty.channel.AbstractChannel$AnnotatedConnectException: syscall:getsockopt(..) failed: Connection refused: /127.0.0.1:6379
Caused by: io.netty.channel.unix.Errors$NativeConnectException: syscall:getsockopt(..) failed: Connection refused
</error>
  </testcase>
  <testcase name="testDrainToCollection[11]" classname="org.springframework.data.redis.support.collections.RedisListTests" time="0.001">
    <error message="Unable to connect to Redis; nested exception is io.lettuce.core.RedisConnectionException: Unable to connect to 127.0.0.1:6379" type="org.springframework.data.redis.RedisConnectionFailureException">org.springframework.data.redis.RedisConnectionFailureException: Unable to connect to Redis; nested exception is io.lettuce.core.RedisConnectionException: Unable to connect to 127.0.0.1:6379
Caused by: io.lettuce.core.RedisConnectionException: Unable to connect to 127.0.0.1:6379
Caused by: io.netty.channel.AbstractChannel$AnnotatedConnectException: syscall:getsockopt(..) failed: Connection refused: /127.0.0.1:6379
Caused by: io.netty.channel.unix.Errors$NativeConnectException: syscall:getsockopt(..) failed: Connection refused
</error>
  </testcase>
  <testcase name="testRemoveFirst[11]" classname="org.springframework.data.redis.support.collections.RedisListTests" time="0.001">
    <error message="Unable to connect to Redis; nested exception is io.lettuce.core.RedisConnectionException: Unable to connect to 127.0.0.1:6379" type="org.springframework.data.redis.RedisConnectionFailureException">org.springframework.data.redis.RedisConnectionFailureException: Unable to connect to Redis; nested exception is io.lettuce.core.RedisConnectionException: Unable to connect to 127.0.0.1:6379
Caused by: io.lettuce.core.RedisConnectionException: Unable to connect to 127.0.0.1:6379
Caused by: io.netty.channel.AbstractChannel$AnnotatedConnectException: syscall:getsockopt(..) failed: Connection refused: /127.0.0.1:6379
Caused by: io.netty.channel.unix.Errors$NativeConnectException: syscall:getsockopt(..) failed: Connection refused
</error>
  </testcase>
  <testcase name="testRemoveFirst[11]" classname="org.springframework.data.redis.support.collections.RedisListTests" time="0.001">
    <error message="Unable to connect to Redis; nested exception is io.lettuce.core.RedisConnectionException: Unable to connect to 127.0.0.1:6379" type="org.springframework.data.redis.RedisConnectionFailureException">org.springframework.data.redis.RedisConnectionFailureException: Unable to connect to Redis; nested exception is io.lettuce.core.RedisConnectionException: Unable to connect to 127.0.0.1:6379
Caused by: io.lettuce.core.RedisConnectionException: Unable to connect to 127.0.0.1:6379
Caused by: io.netty.channel.AbstractChannel$AnnotatedConnectException: syscall:getsockopt(..) failed: Connection refused: /127.0.0.1:6379
Caused by: io.netty.channel.unix.Errors$NativeConnectException: syscall:getsockopt(..) failed: Connection refused
</error>
  </testcase>
  <testcase name="testRemoveIndex[11]" classname="org.springframework.data.redis.support.collections.RedisListTests" time="0.001">
    <error message="Unable to connect to Redis; nested exception is io.lettuce.core.RedisConnectionException: Unable to connect to 127.0.0.1:6379" type="org.springframework.data.redis.RedisConnectionFailureException">org.springframework.data.redis.RedisConnectionFailureException: Unable to connect to Redis; nested exception is io.lettuce.core.RedisConnectionException: Unable to connect to 127.0.0.1:6379
Caused by: io.lettuce.core.RedisConnectionException: Unable to connect to 127.0.0.1:6379
Caused by: io.netty.channel.AbstractChannel$AnnotatedConnectException: syscall:getsockopt(..) failed: Connection refused: /127.0.0.1:6379
Caused by: io.netty.channel.unix.Errors$NativeConnectException: syscall:getsockopt(..) failed: Connection refused
</error>
  </testcase>
  <testcase name="testPutLast[11]" classname="org.springframework.data.redis.support.collections.RedisListTests" time="0.002">
    <error message="Unable to connect to Redis; nested exception is io.lettuce.core.RedisConnectionException: Unable to connect to 127.0.0.1:6379" type="org.springframework.data.redis.RedisConnectionFailureException">org.springframework.data.redis.RedisConnectionFailureException: Unable to connect to Redis; nested exception is io.lettuce.core.RedisConnectionException: Unable to connect to 127.0.0.1:6379
Caused by: io.lettuce.core.RedisConnectionException: Unable to connect to 127.0.0.1:6379
Caused by: io.netty.channel.AbstractChannel$AnnotatedConnectException: syscall:getsockopt(..) failed: Connection refused: /127.0.0.1:6379
Caused by: io.netty.channel.unix.Errors$NativeConnectException: syscall:getsockopt(..) failed: Connection refused
</error>
  </testcase>
  <testcase name="testPutLast[11]" classname="org.springframework.data.redis.support.collections.RedisListTests" time="0.002">
    <error message="Unable to connect to Redis; nested exception is io.lettuce.core.RedisConnectionException: Unable to connect to 127.0.0.1:6379" type="org.springframework.data.redis.RedisConnectionFailureException">org.springframework.data.redis.RedisConnectionFailureException: Unable to connect to Redis; nested exception is io.lettuce.core.RedisConnectionException: Unable to connect to 127.0.0.1:6379
Caused by: io.lettuce.core.RedisConnectionException: Unable to connect to 127.0.0.1:6379
Caused by: io.netty.channel.AbstractChannel$AnnotatedConnectException: syscall:getsockopt(..) failed: Connection refused: /127.0.0.1:6379
Caused by: io.netty.channel.unix.Errors$NativeConnectException: syscall:getsockopt(..) failed: Connection refused
</error>
  </testcase>
  <testcase name="testOfferFirst[11]" classname="org.springframework.data.redis.support.collections.RedisListTests" time="0.001">
    <error message="Unable to connect to Redis; nested exception is io.lettuce.core.RedisConnectionException: Unable to connect to 127.0.0.1:6379" type="org.springframework.data.redis.RedisConnectionFailureException">org.springframework.data.redis.RedisConnectionFailureException: Unable to connect to Redis; nested exception is io.lettuce.core.RedisConnectionException: Unable to connect to 127.0.0.1:6379
Caused by: io.lettuce.core.RedisConnectionException: Unable to connect to 127.0.0.1:6379
Caused by: io.netty.channel.AbstractChannel$AnnotatedConnectException: syscall:getsockopt(..) failed: Connection refused: /127.0.0.1:6379
Caused by: io.netty.channel.unix.Errors$NativeConnectException: syscall:getsockopt(..) failed: Connection refused
</error>
  </testcase>
  <testcase name="testOfferFirst[11]" classname="org.springframework.data.redis.support.collections.RedisListTests" time="0.001">
    <error message="Unable to connect to Redis; nested exception is io.lettuce.core.RedisConnectionException: Unable to connect to 127.0.0.1:6379" type="org.springframework.data.redis.RedisConnectionFailureException">org.springframework.data.redis.RedisConnectionFailureException: Unable to connect to Redis; nested exception is io.lettuce.core.RedisConnectionException: Unable to connect to 127.0.0.1:6379
Caused by: io.lettuce.core.RedisConnectionException: Unable to connect to 127.0.0.1:6379
Caused by: io.netty.channel.AbstractChannel$AnnotatedConnectException: syscall:getsockopt(..) failed: Connection refused: /127.0.0.1:6379
Caused by: io.netty.channel.unix.Errors$NativeConnectException: syscall:getsockopt(..) failed: Connection refused
</error>
  </testcase>
  <testcase name="testDescendingIterator[11]" classname="org.springframework.data.redis.support.collections.RedisListTests" time="0.001">
    <error message="Unable to connect to Redis; nested exception is io.lettuce.core.RedisConnectionException: Unable to connect to 127.0.0.1:6379" type="org.springframework.data.redis.RedisConnectionFailureException">org.springframework.data.redis.RedisConnectionFailureException: Unable to connect to Redis; nested exception is io.lettuce.core.RedisConnectionException: Unable to connect to 127.0.0.1:6379
Caused by: io.lettuce.core.RedisConnectionException: Unable to connect to 127.0.0.1:6379
Caused by: io.netty.channel.AbstractChannel$AnnotatedConnectException: syscall:getsockopt(..) failed: Connection refused: /127.0.0.1:6379
Caused by: io.netty.channel.unix.Errors$NativeConnectException: syscall:getsockopt(..) failed: Connection refused
</error>
  </testcase>
  <testcase name="testDescendingIterator[11]" classname="org.springframework.data.redis.support.collections.RedisListTests" time="0.001">
    <error message="Unable to connect to Redis; nested exception is io.lettuce.core.RedisConnectionException: Unable to connect to 127.0.0.1:6379" type="org.springframework.data.redis.RedisConnectionFailureException">org.springframework.data.redis.RedisConnectionFailureException: Unable to connect to Redis; nested exception is io.lettuce.core.RedisConnectionException: Unable to connect to 127.0.0.1:6379
Caused by: io.lettuce.core.RedisConnectionException: Unable to connect to 127.0.0.1:6379
Caused by: io.netty.channel.AbstractChannel$AnnotatedConnectException: syscall:getsockopt(..) failed: Connection refused: /127.0.0.1:6379
Caused by: io.netty.channel.unix.Errors$NativeConnectException: syscall:getsockopt(..) failed: Connection refused
</error>
  </testcase>
  <testcase name="testAddFirst[11]" classname="org.springframework.data.redis.support.collections.RedisListTests" time="0.001">
    <error message="Unable to connect to Redis; nested exception is io.lettuce.core.RedisConnectionException: Unable to connect to 127.0.0.1:6379" type="org.springframework.data.redis.RedisConnectionFailureException">org.springframework.data.redis.RedisConnectionFailureException: Unable to connect to Redis; nested exception is io.lettuce.core.RedisConnectionException: Unable to connect to 127.0.0.1:6379
Caused by: io.lettuce.core.RedisConnectionException: Unable to connect to 127.0.0.1:6379
Caused by: io.netty.channel.AbstractChannel$AnnotatedConnectException: syscall:getsockopt(..) failed: Connection refused: /127.0.0.1:6379
Caused by: io.netty.channel.unix.Errors$NativeConnectException: syscall:getsockopt(..) failed: Connection refused
</error>
  </testcase>
  <testcase name="testAddFirst[11]" classname="org.springframework.data.redis.support.collections.RedisListTests" time="0.001">
    <error message="Unable to connect to Redis; nested exception is io.lettuce.core.RedisConnectionException: Unable to connect to 127.0.0.1:6379" type="org.springframework.data.redis.RedisConnectionFailureException">org.springframework.data.redis.RedisConnectionFailureException: Unable to connect to Redis; nested exception is io.lettuce.core.RedisConnectionException: Unable to connect to 127.0.0.1:6379
Caused by: io.lettuce.core.RedisConnectionException: Unable to connect to 127.0.0.1:6379
Caused by: io.netty.channel.AbstractChannel$AnnotatedConnectException: syscall:getsockopt(..) failed: Connection refused: /127.0.0.1:6379
Caused by: io.netty.channel.unix.Errors$NativeConnectException: syscall:getsockopt(..) failed: Connection refused
</error>
  </testcase>
  <testcase name="testDrainToCollectionWithMaxElements[11]" classname="org.springframework.data.redis.support.collections.RedisListTests" time="0.001">
    <error message="Unable to connect to Redis; nested exception is io.lettuce.core.RedisConnectionException: Unable to connect to 127.0.0.1:6379" type="org.springframework.data.redis.RedisConnectionFailureException">org.springframework.data.redis.RedisConnectionFailureException: Unable to connect to Redis; nested exception is io.lettuce.core.RedisConnectionException: Unable to connect to 127.0.0.1:6379
Caused by: io.lettuce.core.RedisConnectionException: Unable to connect to 127.0.0.1:6379
Caused by: io.netty.channel.AbstractChannel$AnnotatedConnectException: syscall:getsockopt(..) failed: Connection refused: /127.0.0.1:6379
Caused by: io.netty.channel.unix.Errors$NativeConnectException: syscall:getsockopt(..) failed: Connection refused
</error>
  </testcase>
  <testcase name="testDrainToCollectionWithMaxElements[11]" classname="org.springframework.data.redis.support.collections.RedisListTests" time="0.002">
    <error message="Unable to connect to Redis; nested exception is io.lettuce.core.RedisConnectionException: Unable to connect to 127.0.0.1:6379" type="org.springframework.data.redis.RedisConnectionFailureException">org.springframework.data.redis.RedisConnectionFailureException: Unable to connect to Redis; nested exception is io.lettuce.core.RedisConnectionException: Unable to connect to 127.0.0.1:6379
Caused by: io.lettuce.core.RedisConnectionException: Unable to connect to 127.0.0.1:6379
Caused by: io.netty.channel.AbstractChannel$AnnotatedConnectException: syscall:getsockopt(..) failed: Connection refused: /127.0.0.1:6379
Caused by: io.netty.channel.unix.Errors$NativeConnectException: syscall:getsockopt(..) failed: Connection refused
</error>
  </testcase>
  <testcase name="testTakeLast[11]" classname="org.springframework.data.redis.support.collections.RedisListTests" time="0.001">
    <error message="Unable to connect to Redis; nested exception is io.lettuce.core.RedisConnectionException: Unable to connect to 127.0.0.1:6379" type="org.springframework.data.redis.RedisConnectionFailureException">org.springframework.data.redis.RedisConnectionFailureException: Unable to connect to Redis; nested exception is io.lettuce.core.RedisConnectionException: Unable to connect to 127.0.0.1:6379
Caused by: io.lettuce.core.RedisConnectionException: Unable to connect to 127.0.0.1:6379
Caused by: io.netty.channel.AbstractChannel$AnnotatedConnectException: syscall:getsockopt(..) failed: Connection refused: /127.0.0.1:6379
Caused by: io.netty.channel.unix.Errors$NativeConnectException: syscall:getsockopt(..) failed: Connection refused
</error>
  </testcase>
  <testcase name="testTakeLast[11]" classname="org.springframework.data.redis.support.collections.RedisListTests" time="0.002">
    <error message="Unable to connect to Redis; nested exception is io.lettuce.core.RedisConnectionException: Unable to connect to 127.0.0.1:6379" type="org.springframework.data.redis.RedisConnectionFailureException">org.springframework.data.redis.RedisConnectionFailureException: Unable to connect to Redis; nested exception is io.lettuce.core.RedisConnectionException: Unable to connect to 127.0.0.1:6379
Caused by: io.lettuce.core.RedisConnectionException: Unable to connect to 127.0.0.1:6379
Caused by: io.netty.channel.AbstractChannel$AnnotatedConnectException: syscall:getsockopt(..) failed: Connection refused: /127.0.0.1:6379
Caused by: io.netty.channel.unix.Errors$NativeConnectException: syscall:getsockopt(..) failed: Connection refused
</error>
  </testcase>
  <testcase name="testRemainingCapacity[11]" classname="org.springframework.data.redis.support.collections.RedisListTests" time="0.001">
    <error message="Unable to connect to Redis; nested exception is io.lettuce.core.RedisConnectionException: Unable to connect to 127.0.0.1:6379" type="org.springframework.data.redis.RedisConnectionFailureException">org.springframework.data.redis.RedisConnectionFailureException: Unable to connect to Redis; nested exception is io.lettuce.core.RedisConnectionException: Unable to connect to 127.0.0.1:6379
Caused by: io.lettuce.core.RedisConnectionException: Unable to connect to 127.0.0.1:6379
Caused by: io.netty.channel.AbstractChannel$AnnotatedConnectException: syscall:getsockopt(..) failed: Connection refused: /127.0.0.1:6379
Caused by: io.netty.channel.unix.Errors$NativeConnectException: syscall:getsockopt(..) failed: Connection refused
</error>
  </testcase>
  <testcase name="testRemoveLast[11]" classname="org.springframework.data.redis.support.collections.RedisListTests" time="0.002">
    <error message="Unable to connect to Redis; nested exception is io.lettuce.core.RedisConnectionException: Unable to connect to 127.0.0.1:6379" type="org.springframework.data.redis.RedisConnectionFailureException">org.springframework.data.redis.RedisConnectionFailureException: Unable to connect to Redis; nested exception is io.lettuce.core.RedisConnectionException: Unable to connect to 127.0.0.1:6379
Caused by: io.lettuce.core.RedisConnectionException: Unable to connect to 127.0.0.1:6379
Caused by: io.netty.channel.AbstractChannel$AnnotatedConnectException: syscall:getsockopt(..) failed: Connection refused: /127.0.0.1:6379
Caused by: io.netty.channel.unix.Errors$NativeConnectException: syscall:getsockopt(..) failed: Connection refused
</error>
  </testcase>
  <testcase name="testRemoveLast[11]" classname="org.springframework.data.redis.support.collections.RedisListTests" time="0.002">
    <error message="Unable to connect to Redis; nested exception is io.lettuce.core.RedisConnectionException: Unable to connect to 127.0.0.1:6379" type="org.springframework.data.redis.RedisConnectionFailureException">org.springframework.data.redis.RedisConnectionFailureException: Unable to connect to Redis; nested exception is io.lettuce.core.RedisConnectionException: Unable to connect to 127.0.0.1:6379
Caused by: io.lettuce.core.RedisConnectionException: Unable to connect to 127.0.0.1:6379
Caused by: io.netty.channel.AbstractChannel$AnnotatedConnectException: syscall:getsockopt(..) failed: Connection refused: /127.0.0.1:6379
Caused by: io.netty.channel.unix.Errors$NativeConnectException: syscall:getsockopt(..) failed: Connection refused
</error>
  </testcase>
  <testcase name="testAddIndexObjectHead[11]" classname="org.springframework.data.redis.support.collections.RedisListTests" time="0.002">
    <error message="Unable to connect to Redis; nested exception is io.lettuce.core.RedisConnectionException: Unable to connect to 127.0.0.1:6379" type="org.springframework.data.redis.RedisConnectionFailureException">org.springframework.data.redis.RedisConnectionFailureException: Unable to connect to Redis; nested exception is io.lettuce.core.RedisConnectionException: Unable to connect to 127.0.0.1:6379
Caused by: io.lettuce.core.RedisConnectionException: Unable to connect to 127.0.0.1:6379
Caused by: io.netty.channel.AbstractChannel$AnnotatedConnectException: syscall:getsockopt(..) failed: Connection refused: /127.0.0.1:6379
Caused by: io.netty.channel.unix.Errors$NativeConnectException: syscall:getsockopt(..) failed: Connection refused
</error>
  </testcase>
  <testcase name="testAddIndexObjectHead[11]" classname="org.springframework.data.redis.support.collections.RedisListTests" time="0.002">
    <error message="Unable to connect to Redis; nested exception is io.lettuce.core.RedisConnectionException: Unable to connect to 127.0.0.1:6379" type="org.springframework.data.redis.RedisConnectionFailureException">org.springframework.data.redis.RedisConnectionFailureException: Unable to connect to Redis; nested exception is io.lettuce.core.RedisConnectionException: Unable to connect to 127.0.0.1:6379
Caused by: io.lettuce.core.RedisConnectionException: Unable to connect to 127.0.0.1:6379
Caused by: io.netty.channel.AbstractChannel$AnnotatedConnectException: syscall:getsockopt(..) failed: Connection refused: /127.0.0.1:6379
Caused by: io.netty.channel.unix.Errors$NativeConnectException: syscall:getsockopt(..) failed: Connection refused
</error>
  </testcase>
  <testcase name="testAddIndexObjectTail[11]" classname="org.springframework.data.redis.support.collections.RedisListTests" time="0.002">
    <error message="Unable to connect to Redis; nested exception is io.lettuce.core.RedisConnectionException: Unable to connect to 127.0.0.1:6379" type="org.springframework.data.redis.RedisConnectionFailureException">org.springframework.data.redis.RedisConnectionFailureException: Unable to connect to Redis; nested exception is io.lettuce.core.RedisConnectionException: Unable to connect to 127.0.0.1:6379
Caused by: io.lettuce.core.RedisConnectionException: Unable to connect to 127.0.0.1:6379
Caused by: io.netty.channel.AbstractChannel$AnnotatedConnectException: syscall:getsockopt(..) failed: Connection refused: /127.0.0.1:6379
Caused by: io.netty.channel.unix.Errors$NativeConnectException: syscall:getsockopt(..) failed: Connection refused
</error>
  </testcase>
  <testcase name="testAddIndexObjectTail[11]" classname="org.springframework.data.redis.support.collections.RedisListTests" time="0.002">
    <error message="Unable to connect to Redis; nested exception is io.lettuce.core.RedisConnectionException: Unable to connect to 127.0.0.1:6379" type="org.springframework.data.redis.RedisConnectionFailureException">org.springframework.data.redis.RedisConnectionFailureException: Unable to connect to Redis; nested exception is io.lettuce.core.RedisConnectionException: Unable to connect to 127.0.0.1:6379
Caused by: io.lettuce.core.RedisConnectionException: Unable to connect to 127.0.0.1:6379
Caused by: io.netty.channel.AbstractChannel$AnnotatedConnectException: syscall:getsockopt(..) failed: Connection refused: /127.0.0.1:6379
Caused by: io.netty.channel.unix.Errors$NativeConnectException: syscall:getsockopt(..) failed: Connection refused
</error>
  </testcase>
  <testcase name="testPollFirst[11]" classname="org.springframework.data.redis.support.collections.RedisListTests" time="0.001">
    <error message="Unable to connect to Redis; nested exception is io.lettuce.core.RedisConnectionException: Unable to connect to 127.0.0.1:6379" type="org.springframework.data.redis.RedisConnectionFailureException">org.springframework.data.redis.RedisConnectionFailureException: Unable to connect to Redis; nested exception is io.lettuce.core.RedisConnectionException: Unable to connect to 127.0.0.1:6379
Caused by: io.lettuce.core.RedisConnectionException: Unable to connect to 127.0.0.1:6379
Caused by: io.netty.channel.AbstractChannel$AnnotatedConnectException: syscall:getsockopt(..) failed: Connection refused: /127.0.0.1:6379
Caused by: io.netty.channel.unix.Errors$NativeConnectException: syscall:getsockopt(..) failed: Connection refused
</error>
  </testcase>
  <testcase name="testPollFirst[11]" classname="org.springframework.data.redis.support.collections.RedisListTests" time="0.002">
    <error message="Unable to connect to Redis; nested exception is io.lettuce.core.RedisConnectionException: Unable to connect to 127.0.0.1:6379" type="org.springframework.data.redis.RedisConnectionFailureException">org.springframework.data.redis.RedisConnectionFailureException: Unable to connect to Redis; nested exception is io.lettuce.core.RedisConnectionException: Unable to connect to 127.0.0.1:6379
Caused by: io.lettuce.core.RedisConnectionException: Unable to connect to 127.0.0.1:6379
Caused by: io.netty.channel.AbstractChannel$AnnotatedConnectException: syscall:getsockopt(..) failed: Connection refused: /127.0.0.1:6379
Caused by: io.netty.channel.unix.Errors$NativeConnectException: syscall:getsockopt(..) failed: Connection refused
</error>
  </testcase>
  <testcase name="testAddIndexObjectMiddle[11]" classname="org.springframework.data.redis.support.collections.RedisListTests" time="0.001">
    <error message="Unexpected exception, expected&lt;java.lang.IllegalArgumentException&gt; but was&lt;org.springframework.data.redis.RedisConnectionFailureException&gt;" type="java.lang.Exception"><![CDATA[java.lang.Exception: Unexpected exception, expected<java.lang.IllegalArgumentException> but was<org.springframework.data.redis.RedisConnectionFailureException>
Caused by: org.springframework.data.redis.RedisConnectionFailureException: Unable to connect to Redis; nested exception is io.lettuce.core.RedisConnectionException: Unable to connect to 127.0.0.1:6379
Caused by: io.lettuce.core.RedisConnectionException: Unable to connect to 127.0.0.1:6379
Caused by: io.netty.channel.AbstractChannel$AnnotatedConnectException: syscall:getsockopt(..) failed: Connection refused: /127.0.0.1:6379
Caused by: io.netty.channel.unix.Errors$NativeConnectException: syscall:getsockopt(..) failed: Connection refused
]]></error>
  </testcase>
  <testcase name="testAddIndexObjectMiddle[11]" classname="org.springframework.data.redis.support.collections.RedisListTests" time="0.001">
    <error message="Unable to connect to Redis; nested exception is io.lettuce.core.RedisConnectionException: Unable to connect to 127.0.0.1:6379" type="org.springframework.data.redis.RedisConnectionFailureException">org.springframework.data.redis.RedisConnectionFailureException: Unable to connect to Redis; nested exception is io.lettuce.core.RedisConnectionException: Unable to connect to 127.0.0.1:6379
Caused by: io.lettuce.core.RedisConnectionException: Unable to connect to 127.0.0.1:6379
Caused by: io.netty.channel.AbstractChannel$AnnotatedConnectException: syscall:getsockopt(..) failed: Connection refused: /127.0.0.1:6379
Caused by: io.netty.channel.unix.Errors$NativeConnectException: syscall:getsockopt(..) failed: Connection refused
</error>
  </testcase>
  <testcase name="testPeekLast[11]" classname="org.springframework.data.redis.support.collections.RedisListTests" time="0.001">
    <error message="Unable to connect to Redis; nested exception is io.lettuce.core.RedisConnectionException: Unable to connect to 127.0.0.1:6379" type="org.springframework.data.redis.RedisConnectionFailureException">org.springframework.data.redis.RedisConnectionFailureException: Unable to connect to Redis; nested exception is io.lettuce.core.RedisConnectionException: Unable to connect to 127.0.0.1:6379
Caused by: io.lettuce.core.RedisConnectionException: Unable to connect to 127.0.0.1:6379
Caused by: io.netty.channel.AbstractChannel$AnnotatedConnectException: syscall:getsockopt(..) failed: Connection refused: /127.0.0.1:6379
Caused by: io.netty.channel.unix.Errors$NativeConnectException: syscall:getsockopt(..) failed: Connection refused
</error>
  </testcase>
  <testcase name="testPeekLast[11]" classname="org.springframework.data.redis.support.collections.RedisListTests" time="0.001">
    <error message="Unable to connect to Redis; nested exception is io.lettuce.core.RedisConnectionException: Unable to connect to 127.0.0.1:6379" type="org.springframework.data.redis.RedisConnectionFailureException">org.springframework.data.redis.RedisConnectionFailureException: Unable to connect to Redis; nested exception is io.lettuce.core.RedisConnectionException: Unable to connect to 127.0.0.1:6379
Caused by: io.lettuce.core.RedisConnectionException: Unable to connect to 127.0.0.1:6379
Caused by: io.netty.channel.AbstractChannel$AnnotatedConnectException: syscall:getsockopt(..) failed: Connection refused: /127.0.0.1:6379
Caused by: io.netty.channel.unix.Errors$NativeConnectException: syscall:getsockopt(..) failed: Connection refused
</error>
  </testcase>
  <testcase name="testRemoveFirstOccurrence[11]" classname="org.springframework.data.redis.support.collections.RedisListTests" time="0.001">
    <error message="Unable to connect to Redis; nested exception is io.lettuce.core.RedisConnectionException: Unable to connect to 127.0.0.1:6379" type="org.springframework.data.redis.RedisConnectionFailureException">org.springframework.data.redis.RedisConnectionFailureException: Unable to connect to Redis; nested exception is io.lettuce.core.RedisConnectionException: Unable to connect to 127.0.0.1:6379
Caused by: io.lettuce.core.RedisConnectionException: Unable to connect to 127.0.0.1:6379
Caused by: io.netty.channel.AbstractChannel$AnnotatedConnectException: syscall:getsockopt(..) failed: Connection refused: /127.0.0.1:6379
Caused by: io.netty.channel.unix.Errors$NativeConnectException: syscall:getsockopt(..) failed: Connection refused
</error>
  </testcase>
  <testcase name="testRemoveFirstOccurrence[11]" classname="org.springframework.data.redis.support.collections.RedisListTests" time="0.001">
    <error message="Unable to connect to Redis; nested exception is io.lettuce.core.RedisConnectionException: Unable to connect to 127.0.0.1:6379" type="org.springframework.data.redis.RedisConnectionFailureException">org.springframework.data.redis.RedisConnectionFailureException: Unable to connect to Redis; nested exception is io.lettuce.core.RedisConnectionException: Unable to connect to 127.0.0.1:6379
Caused by: io.lettuce.core.RedisConnectionException: Unable to connect to 127.0.0.1:6379
Caused by: io.netty.channel.AbstractChannel$AnnotatedConnectException: syscall:getsockopt(..) failed: Connection refused: /127.0.0.1:6379
Caused by: io.netty.channel.unix.Errors$NativeConnectException: syscall:getsockopt(..) failed: Connection refused
</error>
  </testcase>
  <testcase name="addAllIndexCollectionHead[11]" classname="org.springframework.data.redis.support.collections.RedisListTests" time="0.002">
    <error message="Unable to connect to Redis; nested exception is io.lettuce.core.RedisConnectionException: Unable to connect to 127.0.0.1:6379" type="org.springframework.data.redis.RedisConnectionFailureException">org.springframework.data.redis.RedisConnectionFailureException: Unable to connect to Redis; nested exception is io.lettuce.core.RedisConnectionException: Unable to connect to 127.0.0.1:6379
Caused by: io.lettuce.core.RedisConnectionException: Unable to connect to 127.0.0.1:6379
Caused by: io.netty.channel.AbstractChannel$AnnotatedConnectException: syscall:getsockopt(..) failed: Connection refused: /127.0.0.1:6379
Caused by: io.netty.channel.unix.Errors$NativeConnectException: syscall:getsockopt(..) failed: Connection refused
</error>
  </testcase>
  <testcase name="addAllIndexCollectionHead[11]" classname="org.springframework.data.redis.support.collections.RedisListTests" time="0.002">
    <error message="Unable to connect to Redis; nested exception is io.lettuce.core.RedisConnectionException: Unable to connect to 127.0.0.1:6379" type="org.springframework.data.redis.RedisConnectionFailureException">org.springframework.data.redis.RedisConnectionFailureException: Unable to connect to Redis; nested exception is io.lettuce.core.RedisConnectionException: Unable to connect to 127.0.0.1:6379
Caused by: io.lettuce.core.RedisConnectionException: Unable to connect to 127.0.0.1:6379
Caused by: io.netty.channel.AbstractChannel$AnnotatedConnectException: syscall:getsockopt(..) failed: Connection refused: /127.0.0.1:6379
Caused by: io.netty.channel.unix.Errors$NativeConnectException: syscall:getsockopt(..) failed: Connection refused
</error>
  </testcase>
  <testcase name="addAllIndexCollectionTail[11]" classname="org.springframework.data.redis.support.collections.RedisListTests" time="0.001">
    <error message="Unable to connect to Redis; nested exception is io.lettuce.core.RedisConnectionException: Unable to connect to 127.0.0.1:6379" type="org.springframework.data.redis.RedisConnectionFailureException">org.springframework.data.redis.RedisConnectionFailureException: Unable to connect to Redis; nested exception is io.lettuce.core.RedisConnectionException: Unable to connect to 127.0.0.1:6379
Caused by: io.lettuce.core.RedisConnectionException: Unable to connect to 127.0.0.1:6379
Caused by: io.netty.channel.AbstractChannel$AnnotatedConnectException: syscall:getsockopt(..) failed: Connection refused: /127.0.0.1:6379
Caused by: io.netty.channel.unix.Errors$NativeConnectException: syscall:getsockopt(..) failed: Connection refused
</error>
  </testcase>
  <testcase name="addAllIndexCollectionTail[11]" classname="org.springframework.data.redis.support.collections.RedisListTests" time="0.002">
    <error message="Unable to connect to Redis; nested exception is io.lettuce.core.RedisConnectionException: Unable to connect to 127.0.0.1:6379" type="org.springframework.data.redis.RedisConnectionFailureException">org.springframework.data.redis.RedisConnectionFailureException: Unable to connect to Redis; nested exception is io.lettuce.core.RedisConnectionException: Unable to connect to 127.0.0.1:6379
Caused by: io.lettuce.core.RedisConnectionException: Unable to connect to 127.0.0.1:6379
Caused by: io.netty.channel.AbstractChannel$AnnotatedConnectException: syscall:getsockopt(..) failed: Connection refused: /127.0.0.1:6379
Caused by: io.netty.channel.unix.Errors$NativeConnectException: syscall:getsockopt(..) failed: Connection refused
</error>
  </testcase>
  <testcase name="addAllIndexCollectionMiddle[11]" classname="org.springframework.data.redis.support.collections.RedisListTests" time="0.001">
    <error message="Unexpected exception, expected&lt;java.lang.IllegalArgumentException&gt; but was&lt;org.springframework.data.redis.RedisConnectionFailureException&gt;" type="java.lang.Exception"><![CDATA[java.lang.Exception: Unexpected exception, expected<java.lang.IllegalArgumentException> but was<org.springframework.data.redis.RedisConnectionFailureException>
Caused by: org.springframework.data.redis.RedisConnectionFailureException: Unable to connect to Redis; nested exception is io.lettuce.core.RedisConnectionException: Unable to connect to 127.0.0.1:6379
Caused by: io.lettuce.core.RedisConnectionException: Unable to connect to 127.0.0.1:6379
Caused by: io.netty.channel.AbstractChannel$AnnotatedConnectException: syscall:getsockopt(..) failed: Connection refused: /127.0.0.1:6379
Caused by: io.netty.channel.unix.Errors$NativeConnectException: syscall:getsockopt(..) failed: Connection refused
]]></error>
  </testcase>
  <testcase name="addAllIndexCollectionMiddle[11]" classname="org.springframework.data.redis.support.collections.RedisListTests" time="0.001">
    <error message="Unable to connect to Redis; nested exception is io.lettuce.core.RedisConnectionException: Unable to connect to 127.0.0.1:6379" type="org.springframework.data.redis.RedisConnectionFailureException">org.springframework.data.redis.RedisConnectionFailureException: Unable to connect to Redis; nested exception is io.lettuce.core.RedisConnectionException: Unable to connect to 127.0.0.1:6379
Caused by: io.lettuce.core.RedisConnectionException: Unable to connect to 127.0.0.1:6379
Caused by: io.netty.channel.AbstractChannel$AnnotatedConnectException: syscall:getsockopt(..) failed: Connection refused: /127.0.0.1:6379
Caused by: io.netty.channel.unix.Errors$NativeConnectException: syscall:getsockopt(..) failed: Connection refused
</error>
  </testcase>
  <testcase name="testPollLast[11]" classname="org.springframework.data.redis.support.collections.RedisListTests" time="0.001">
    <error message="Unable to connect to Redis; nested exception is io.lettuce.core.RedisConnectionException: Unable to connect to 127.0.0.1:6379" type="org.springframework.data.redis.RedisConnectionFailureException">org.springframework.data.redis.RedisConnectionFailureException: Unable to connect to Redis; nested exception is io.lettuce.core.RedisConnectionException: Unable to connect to 127.0.0.1:6379
Caused by: io.lettuce.core.RedisConnectionException: Unable to connect to 127.0.0.1:6379
Caused by: io.netty.channel.AbstractChannel$AnnotatedConnectException: syscall:getsockopt(..) failed: Connection refused: /127.0.0.1:6379
Caused by: io.netty.channel.unix.Errors$NativeConnectException: syscall:getsockopt(..) failed: Connection refused
</error>
  </testcase>
  <testcase name="testPollLast[11]" classname="org.springframework.data.redis.support.collections.RedisListTests" time="0.002">
    <error message="Unable to connect to Redis; nested exception is io.lettuce.core.RedisConnectionException: Unable to connect to 127.0.0.1:6379" type="org.springframework.data.redis.RedisConnectionFailureException">org.springframework.data.redis.RedisConnectionFailureException: Unable to connect to Redis; nested exception is io.lettuce.core.RedisConnectionException: Unable to connect to 127.0.0.1:6379
Caused by: io.lettuce.core.RedisConnectionException: Unable to connect to 127.0.0.1:6379
Caused by: io.netty.channel.AbstractChannel$AnnotatedConnectException: syscall:getsockopt(..) failed: Connection refused: /127.0.0.1:6379
Caused by: io.netty.channel.unix.Errors$NativeConnectException: syscall:getsockopt(..) failed: Connection refused
</error>
  </testcase>
  <testcase name="testIndexOfObject[11]" classname="org.springframework.data.redis.support.collections.RedisListTests" time="0">
    <error message="Unable to connect to Redis; nested exception is io.lettuce.core.RedisConnectionException: Unable to connect to 127.0.0.1:6379" type="org.springframework.data.redis.RedisConnectionFailureException">org.springframework.data.redis.RedisConnectionFailureException: Unable to connect to Redis; nested exception is io.lettuce.core.RedisConnectionException: Unable to connect to 127.0.0.1:6379
Caused by: io.lettuce.core.RedisConnectionException: Unable to connect to 127.0.0.1:6379
Caused by: io.netty.channel.AbstractChannel$AnnotatedConnectException: syscall:getsockopt(..) failed: Connection refused: /127.0.0.1:6379
Caused by: io.netty.channel.unix.Errors$NativeConnectException: syscall:getsockopt(..) failed: Connection refused
</error>
  </testcase>
  <testcase name="testPollTimeout[11]" classname="org.springframework.data.redis.support.collections.RedisListTests" time="0.002">
    <error message="Unable to connect to Redis; nested exception is io.lettuce.core.RedisConnectionException: Unable to connect to 127.0.0.1:6379" type="org.springframework.data.redis.RedisConnectionFailureException">org.springframework.data.redis.RedisConnectionFailureException: Unable to connect to Redis; nested exception is io.lettuce.core.RedisConnectionException: Unable to connect to 127.0.0.1:6379
Caused by: io.lettuce.core.RedisConnectionException: Unable to connect to 127.0.0.1:6379
Caused by: io.netty.channel.AbstractChannel$AnnotatedConnectException: syscall:getsockopt(..) failed: Connection refused: /127.0.0.1:6379
Caused by: io.netty.channel.unix.Errors$NativeConnectException: syscall:getsockopt(..) failed: Connection refused
</error>
  </testcase>
  <testcase name="testPollTimeout[11]" classname="org.springframework.data.redis.support.collections.RedisListTests" time="0.002">
    <error message="Unable to connect to Redis; nested exception is io.lettuce.core.RedisConnectionException: Unable to connect to 127.0.0.1:6379" type="org.springframework.data.redis.RedisConnectionFailureException">org.springframework.data.redis.RedisConnectionFailureException: Unable to connect to Redis; nested exception is io.lettuce.core.RedisConnectionException: Unable to connect to 127.0.0.1:6379
Caused by: io.lettuce.core.RedisConnectionException: Unable to connect to 127.0.0.1:6379
Caused by: io.netty.channel.AbstractChannel$AnnotatedConnectException: syscall:getsockopt(..) failed: Connection refused: /127.0.0.1:6379
Caused by: io.netty.channel.unix.Errors$NativeConnectException: syscall:getsockopt(..) failed: Connection refused
</error>
  </testcase>
  <testcase name="testRemove[11]" classname="org.springframework.data.redis.support.collections.RedisListTests" time="0.002">
    <error message="Unable to connect to Redis; nested exception is io.lettuce.core.RedisConnectionException: Unable to connect to 127.0.0.1:6379" type="org.springframework.data.redis.RedisConnectionFailureException">org.springframework.data.redis.RedisConnectionFailureException: Unable to connect to Redis; nested exception is io.lettuce.core.RedisConnectionException: Unable to connect to 127.0.0.1:6379
Caused by: io.lettuce.core.RedisConnectionException: Unable to connect to 127.0.0.1:6379
Caused by: io.netty.channel.AbstractChannel$AnnotatedConnectException: syscall:getsockopt(..) failed: Connection refused: /127.0.0.1:6379
Caused by: io.netty.channel.unix.Errors$NativeConnectException: syscall:getsockopt(..) failed: Connection refused
</error>
  </testcase>
  <testcase name="testRemove[11]" classname="org.springframework.data.redis.support.collections.RedisListTests" time="0.002">
    <error message="Unable to connect to Redis; nested exception is io.lettuce.core.RedisConnectionException: Unable to connect to 127.0.0.1:6379" type="org.springframework.data.redis.RedisConnectionFailureException">org.springframework.data.redis.RedisConnectionFailureException: Unable to connect to Redis; nested exception is io.lettuce.core.RedisConnectionException: Unable to connect to 127.0.0.1:6379
Caused by: io.lettuce.core.RedisConnectionException: Unable to connect to 127.0.0.1:6379
Caused by: io.netty.channel.AbstractChannel$AnnotatedConnectException: syscall:getsockopt(..) failed: Connection refused: /127.0.0.1:6379
Caused by: io.netty.channel.unix.Errors$NativeConnectException: syscall:getsockopt(..) failed: Connection refused
</error>
  </testcase>
  <testcase name="testCappedCollection[11]" classname="org.springframework.data.redis.support.collections.RedisListTests" time="0.001">
    <error message="Unable to connect to Redis; nested exception is io.lettuce.core.RedisConnectionException: Unable to connect to 127.0.0.1:6379" type="org.springframework.data.redis.RedisConnectionFailureException">org.springframework.data.redis.RedisConnectionFailureException: Unable to connect to Redis; nested exception is io.lettuce.core.RedisConnectionException: Unable to connect to 127.0.0.1:6379
Caused by: io.lettuce.core.RedisConnectionException: Unable to connect to 127.0.0.1:6379
Caused by: io.netty.channel.AbstractChannel$AnnotatedConnectException: syscall:getsockopt(..) failed: Connection refused: /127.0.0.1:6379
Caused by: io.netty.channel.unix.Errors$NativeConnectException: syscall:getsockopt(..) failed: Connection refused
</error>
  </testcase>
  <testcase name="testCappedCollection[11]" classname="org.springframework.data.redis.support.collections.RedisListTests" time="0.002">
    <error message="Unable to connect to Redis; nested exception is io.lettuce.core.RedisConnectionException: Unable to connect to 127.0.0.1:6379" type="org.springframework.data.redis.RedisConnectionFailureException">org.springframework.data.redis.RedisConnectionFailureException: Unable to connect to Redis; nested exception is io.lettuce.core.RedisConnectionException: Unable to connect to 127.0.0.1:6379
Caused by: io.lettuce.core.RedisConnectionException: Unable to connect to 127.0.0.1:6379
Caused by: io.netty.channel.AbstractChannel$AnnotatedConnectException: syscall:getsockopt(..) failed: Connection refused: /127.0.0.1:6379
Caused by: io.netty.channel.unix.Errors$NativeConnectException: syscall:getsockopt(..) failed: Connection refused
</error>
  </testcase>
  <testcase name="testRmoveLastOccurrence[11]" classname="org.springframework.data.redis.support.collections.RedisListTests" time="0.001">
    <error message="Unable to connect to Redis; nested exception is io.lettuce.core.RedisConnectionException: Unable to connect to 127.0.0.1:6379" type="org.springframework.data.redis.RedisConnectionFailureException">org.springframework.data.redis.RedisConnectionFailureException: Unable to connect to Redis; nested exception is io.lettuce.core.RedisConnectionException: Unable to connect to 127.0.0.1:6379
Caused by: io.lettuce.core.RedisConnectionException: Unable to connect to 127.0.0.1:6379
Caused by: io.netty.channel.AbstractChannel$AnnotatedConnectException: syscall:getsockopt(..) failed: Connection refused: /127.0.0.1:6379
Caused by: io.netty.channel.unix.Errors$NativeConnectException: syscall:getsockopt(..) failed: Connection refused
</error>
  </testcase>
  <testcase name="testRmoveLastOccurrence[11]" classname="org.springframework.data.redis.support.collections.RedisListTests" time="0.001">
    <error message="Unable to connect to Redis; nested exception is io.lettuce.core.RedisConnectionException: Unable to connect to 127.0.0.1:6379" type="org.springframework.data.redis.RedisConnectionFailureException">org.springframework.data.redis.RedisConnectionFailureException: Unable to connect to Redis; nested exception is io.lettuce.core.RedisConnectionException: Unable to connect to 127.0.0.1:6379
Caused by: io.lettuce.core.RedisConnectionException: Unable to connect to 127.0.0.1:6379
Caused by: io.netty.channel.AbstractChannel$AnnotatedConnectException: syscall:getsockopt(..) failed: Connection refused: /127.0.0.1:6379
Caused by: io.netty.channel.unix.Errors$NativeConnectException: syscall:getsockopt(..) failed: Connection refused
</error>
  </testcase>
  <testcase name="testTakeFirst[11]" classname="org.springframework.data.redis.support.collections.RedisListTests" time="0.001">
    <error message="Unable to connect to Redis; nested exception is io.lettuce.core.RedisConnectionException: Unable to connect to 127.0.0.1:6379" type="org.springframework.data.redis.RedisConnectionFailureException">org.springframework.data.redis.RedisConnectionFailureException: Unable to connect to Redis; nested exception is io.lettuce.core.RedisConnectionException: Unable to connect to 127.0.0.1:6379
Caused by: io.lettuce.core.RedisConnectionException: Unable to connect to 127.0.0.1:6379
Caused by: io.netty.channel.AbstractChannel$AnnotatedConnectException: syscall:getsockopt(..) failed: Connection refused: /127.0.0.1:6379
Caused by: io.netty.channel.unix.Errors$NativeConnectException: syscall:getsockopt(..) failed: Connection refused
</error>
  </testcase>
  <testcase name="testTakeFirst[11]" classname="org.springframework.data.redis.support.collections.RedisListTests" time="0.001">
    <error message="Unable to connect to Redis; nested exception is io.lettuce.core.RedisConnectionException: Unable to connect to 127.0.0.1:6379" type="org.springframework.data.redis.RedisConnectionFailureException">org.springframework.data.redis.RedisConnectionFailureException: Unable to connect to Redis; nested exception is io.lettuce.core.RedisConnectionException: Unable to connect to 127.0.0.1:6379
Caused by: io.lettuce.core.RedisConnectionException: Unable to connect to 127.0.0.1:6379
Caused by: io.netty.channel.AbstractChannel$AnnotatedConnectException: syscall:getsockopt(..) failed: Connection refused: /127.0.0.1:6379
Caused by: io.netty.channel.unix.Errors$NativeConnectException: syscall:getsockopt(..) failed: Connection refused
</error>
  </testcase>
  <testcase name="testContainsObject[11]" classname="org.springframework.data.redis.support.collections.RedisListTests" time="0.001">
    <error message="Unable to connect to Redis; nested exception is io.lettuce.core.RedisConnectionException: Unable to connect to 127.0.0.1:6379" type="org.springframework.data.redis.RedisConnectionFailureException">org.springframework.data.redis.RedisConnectionFailureException: Unable to connect to Redis; nested exception is io.lettuce.core.RedisConnectionException: Unable to connect to 127.0.0.1:6379
Caused by: io.lettuce.core.RedisConnectionException: Unable to connect to 127.0.0.1:6379
Caused by: io.netty.channel.AbstractChannel$AnnotatedConnectException: syscall:getsockopt(..) failed: Connection refused: /127.0.0.1:6379
Caused by: io.netty.channel.unix.Errors$NativeConnectException: syscall:getsockopt(..) failed: Connection refused
</error>
  </testcase>
  <testcase name="testContainsObject[11]" classname="org.springframework.data.redis.support.collections.RedisListTests" time="0.001">
    <error message="Unable to connect to Redis; nested exception is io.lettuce.core.RedisConnectionException: Unable to connect to 127.0.0.1:6379" type="org.springframework.data.redis.RedisConnectionFailureException">org.springframework.data.redis.RedisConnectionFailureException: Unable to connect to Redis; nested exception is io.lettuce.core.RedisConnectionException: Unable to connect to 127.0.0.1:6379
Caused by: io.lettuce.core.RedisConnectionException: Unable to connect to 127.0.0.1:6379
Caused by: io.netty.channel.AbstractChannel$AnnotatedConnectException: syscall:getsockopt(..) failed: Connection refused: /127.0.0.1:6379
Caused by: io.netty.channel.unix.Errors$NativeConnectException: syscall:getsockopt(..) failed: Connection refused
</error>
  </testcase>
  <testcase name="testToArray[11]" classname="org.springframework.data.redis.support.collections.RedisListTests" time="0.001">
    <error message="Unable to connect to Redis; nested exception is io.lettuce.core.RedisConnectionException: Unable to connect to 127.0.0.1:6379" type="org.springframework.data.redis.RedisConnectionFailureException">org.springframework.data.redis.RedisConnectionFailureException: Unable to connect to Redis; nested exception is io.lettuce.core.RedisConnectionException: Unable to connect to 127.0.0.1:6379
Caused by: io.lettuce.core.RedisConnectionException: Unable to connect to 127.0.0.1:6379
Caused by: io.netty.channel.AbstractChannel$AnnotatedConnectException: syscall:getsockopt(..) failed: Connection refused: /127.0.0.1:6379
Caused by: io.netty.channel.unix.Errors$NativeConnectException: syscall:getsockopt(..) failed: Connection refused
</error>
  </testcase>
  <testcase name="testToArray[11]" classname="org.springframework.data.redis.support.collections.RedisListTests" time="0.002">
    <error message="Unable to connect to Redis; nested exception is io.lettuce.core.RedisConnectionException: Unable to connect to 127.0.0.1:6379" type="org.springframework.data.redis.RedisConnectionFailureException">org.springframework.data.redis.RedisConnectionFailureException: Unable to connect to Redis; nested exception is io.lettuce.core.RedisConnectionException: Unable to connect to 127.0.0.1:6379
Caused by: io.lettuce.core.RedisConnectionException: Unable to connect to 127.0.0.1:6379
Caused by: io.netty.channel.AbstractChannel$AnnotatedConnectException: syscall:getsockopt(..) failed: Connection refused: /127.0.0.1:6379
Caused by: io.netty.channel.unix.Errors$NativeConnectException: syscall:getsockopt(..) failed: Connection refused
</error>
  </testcase>
  <testcase name="testAdd[11]" classname="org.springframework.data.redis.support.collections.RedisListTests" time="0.001">
    <error message="Unable to connect to Redis; nested exception is io.lettuce.core.RedisConnectionException: Unable to connect to 127.0.0.1:6379" type="org.springframework.data.redis.RedisConnectionFailureException">org.springframework.data.redis.RedisConnectionFailureException: Unable to connect to Redis; nested exception is io.lettuce.core.RedisConnectionException: Unable to connect to 127.0.0.1:6379
Caused by: io.lettuce.core.RedisConnectionException: Unable to connect to 127.0.0.1:6379
Caused by: io.netty.channel.AbstractChannel$AnnotatedConnectException: syscall:getsockopt(..) failed: Connection refused: /127.0.0.1:6379
Caused by: io.netty.channel.unix.Errors$NativeConnectException: syscall:getsockopt(..) failed: Connection refused
</error>
  </testcase>
  <testcase name="testAdd[11]" classname="org.springframework.data.redis.support.collections.RedisListTests" time="0.001">
    <error message="Unable to connect to Redis; nested exception is io.lettuce.core.RedisConnectionException: Unable to connect to 127.0.0.1:6379" type="org.springframework.data.redis.RedisConnectionFailureException">org.springframework.data.redis.RedisConnectionFailureException: Unable to connect to Redis; nested exception is io.lettuce.core.RedisConnectionException: Unable to connect to 127.0.0.1:6379
Caused by: io.lettuce.core.RedisConnectionException: Unable to connect to 127.0.0.1:6379
Caused by: io.netty.channel.AbstractChannel$AnnotatedConnectException: syscall:getsockopt(..) failed: Connection refused: /127.0.0.1:6379
Caused by: io.netty.channel.unix.Errors$NativeConnectException: syscall:getsockopt(..) failed: Connection refused
</error>
  </testcase>
  <testcase name="testClear[11]" classname="org.springframework.data.redis.support.collections.RedisListTests" time="0.001">
    <error message="Unable to connect to Redis; nested exception is io.lettuce.core.RedisConnectionException: Unable to connect to 127.0.0.1:6379" type="org.springframework.data.redis.RedisConnectionFailureException">org.springframework.data.redis.RedisConnectionFailureException: Unable to connect to Redis; nested exception is io.lettuce.core.RedisConnectionException: Unable to connect to 127.0.0.1:6379
Caused by: io.lettuce.core.RedisConnectionException: Unable to connect to 127.0.0.1:6379
Caused by: io.netty.channel.AbstractChannel$AnnotatedConnectException: syscall:getsockopt(..) failed: Connection refused: /127.0.0.1:6379
Caused by: io.netty.channel.unix.Errors$NativeConnectException: syscall:getsockopt(..) failed: Connection refused
</error>
  </testcase>
  <testcase name="testClear[11]" classname="org.springframework.data.redis.support.collections.RedisListTests" time="0.001">
    <error message="Unable to connect to Redis; nested exception is io.lettuce.core.RedisConnectionException: Unable to connect to 127.0.0.1:6379" type="org.springframework.data.redis.RedisConnectionFailureException">org.springframework.data.redis.RedisConnectionFailureException: Unable to connect to Redis; nested exception is io.lettuce.core.RedisConnectionException: Unable to connect to 127.0.0.1:6379
Caused by: io.lettuce.core.RedisConnectionException: Unable to connect to 127.0.0.1:6379
Caused by: io.netty.channel.AbstractChannel$AnnotatedConnectException: syscall:getsockopt(..) failed: Connection refused: /127.0.0.1:6379
Caused by: io.netty.channel.unix.Errors$NativeConnectException: syscall:getsockopt(..) failed: Connection refused
</error>
  </testcase>
  <testcase name="testSize[11]" classname="org.springframework.data.redis.support.collections.RedisListTests" time="0.002">
    <error message="Unable to connect to Redis; nested exception is io.lettuce.core.RedisConnectionException: Unable to connect to 127.0.0.1:6379" type="org.springframework.data.redis.RedisConnectionFailureException">org.springframework.data.redis.RedisConnectionFailureException: Unable to connect to Redis; nested exception is io.lettuce.core.RedisConnectionException: Unable to connect to 127.0.0.1:6379
Caused by: io.lettuce.core.RedisConnectionException: Unable to connect to 127.0.0.1:6379
Caused by: io.netty.channel.AbstractChannel$AnnotatedConnectException: syscall:getsockopt(..) failed: Connection refused: /127.0.0.1:6379
Caused by: io.netty.channel.unix.Errors$NativeConnectException: syscall:getsockopt(..) failed: Connection refused
</error>
  </testcase>
  <testcase name="testSize[11]" classname="org.springframework.data.redis.support.collections.RedisListTests" time="0.002">
    <error message="Unable to connect to Redis; nested exception is io.lettuce.core.RedisConnectionException: Unable to connect to 127.0.0.1:6379" type="org.springframework.data.redis.RedisConnectionFailureException">org.springframework.data.redis.RedisConnectionFailureException: Unable to connect to Redis; nested exception is io.lettuce.core.RedisConnectionException: Unable to connect to 127.0.0.1:6379
Caused by: io.lettuce.core.RedisConnectionException: Unable to connect to 127.0.0.1:6379
Caused by: io.netty.channel.AbstractChannel$AnnotatedConnectException: syscall:getsockopt(..) failed: Connection refused: /127.0.0.1:6379
Caused by: io.netty.channel.unix.Errors$NativeConnectException: syscall:getsockopt(..) failed: Connection refused
</error>
  </testcase>
  <testcase name="testToString[11]" classname="org.springframework.data.redis.support.collections.RedisListTests" time="0.002">
    <error message="Unable to connect to Redis; nested exception is io.lettuce.core.RedisConnectionException: Unable to connect to 127.0.0.1:6379" type="org.springframework.data.redis.RedisConnectionFailureException">org.springframework.data.redis.RedisConnectionFailureException: Unable to connect to Redis; nested exception is io.lettuce.core.RedisConnectionException: Unable to connect to 127.0.0.1:6379
Caused by: io.lettuce.core.RedisConnectionException: Unable to connect to 127.0.0.1:6379
Caused by: io.netty.channel.AbstractChannel$AnnotatedConnectException: syscall:getsockopt(..) failed: Connection refused: /127.0.0.1:6379
Caused by: io.netty.channel.unix.Errors$NativeConnectException: syscall:getsockopt(..) failed: Connection refused
</error>
  </testcase>
  <testcase name="testToString[11]" classname="org.springframework.data.redis.support.collections.RedisListTests" time="0.002">
    <error message="Unable to connect to Redis; nested exception is io.lettuce.core.RedisConnectionException: Unable to connect to 127.0.0.1:6379" type="org.springframework.data.redis.RedisConnectionFailureException">org.springframework.data.redis.RedisConnectionFailureException: Unable to connect to Redis; nested exception is io.lettuce.core.RedisConnectionException: Unable to connect to 127.0.0.1:6379
Caused by: io.lettuce.core.RedisConnectionException: Unable to connect to 127.0.0.1:6379
Caused by: io.netty.channel.AbstractChannel$AnnotatedConnectException: syscall:getsockopt(..) failed: Connection refused: /127.0.0.1:6379
Caused by: io.netty.channel.unix.Errors$NativeConnectException: syscall:getsockopt(..) failed: Connection refused
</error>
  </testcase>
  <testcase name="testContainsAll[11]" classname="org.springframework.data.redis.support.collections.RedisListTests" time="0.001">
    <error message="Unable to connect to Redis; nested exception is io.lettuce.core.RedisConnectionException: Unable to connect to 127.0.0.1:6379" type="org.springframework.data.redis.RedisConnectionFailureException">org.springframework.data.redis.RedisConnectionFailureException: Unable to connect to Redis; nested exception is io.lettuce.core.RedisConnectionException: Unable to connect to 127.0.0.1:6379
Caused by: io.lettuce.core.RedisConnectionException: Unable to connect to 127.0.0.1:6379
Caused by: io.netty.channel.AbstractChannel$AnnotatedConnectException: syscall:getsockopt(..) failed: Connection refused: /127.0.0.1:6379
Caused by: io.netty.channel.unix.Errors$NativeConnectException: syscall:getsockopt(..) failed: Connection refused
</error>
  </testcase>
  <testcase name="testContainsAll[11]" classname="org.springframework.data.redis.support.collections.RedisListTests" time="0.002">
    <error message="Unable to connect to Redis; nested exception is io.lettuce.core.RedisConnectionException: Unable to connect to 127.0.0.1:6379" type="org.springframework.data.redis.RedisConnectionFailureException">org.springframework.data.redis.RedisConnectionFailureException: Unable to connect to Redis; nested exception is io.lettuce.core.RedisConnectionException: Unable to connect to 127.0.0.1:6379
Caused by: io.lettuce.core.RedisConnectionException: Unable to connect to 127.0.0.1:6379
Caused by: io.netty.channel.AbstractChannel$AnnotatedConnectException: syscall:getsockopt(..) failed: Connection refused: /127.0.0.1:6379
Caused by: io.netty.channel.unix.Errors$NativeConnectException: syscall:getsockopt(..) failed: Connection refused
</error>
  </testcase>
  <testcase name="testRemoveObject[11]" classname="org.springframework.data.redis.support.collections.RedisListTests" time="0.001">
    <error message="Unable to connect to Redis; nested exception is io.lettuce.core.RedisConnectionException: Unable to connect to 127.0.0.1:6379" type="org.springframework.data.redis.RedisConnectionFailureException">org.springframework.data.redis.RedisConnectionFailureException: Unable to connect to Redis; nested exception is io.lettuce.core.RedisConnectionException: Unable to connect to 127.0.0.1:6379
Caused by: io.lettuce.core.RedisConnectionException: Unable to connect to 127.0.0.1:6379
Caused by: io.netty.channel.AbstractChannel$AnnotatedConnectException: syscall:getsockopt(..) failed: Connection refused: /127.0.0.1:6379
Caused by: io.netty.channel.unix.Errors$NativeConnectException: syscall:getsockopt(..) failed: Connection refused
</error>
  </testcase>
  <testcase name="testRemoveObject[11]" classname="org.springframework.data.redis.support.collections.RedisListTests" time="0.001">
    <error message="Unable to connect to Redis; nested exception is io.lettuce.core.RedisConnectionException: Unable to connect to 127.0.0.1:6379" type="org.springframework.data.redis.RedisConnectionFailureException">org.springframework.data.redis.RedisConnectionFailureException: Unable to connect to Redis; nested exception is io.lettuce.core.RedisConnectionException: Unable to connect to 127.0.0.1:6379
Caused by: io.lettuce.core.RedisConnectionException: Unable to connect to 127.0.0.1:6379
Caused by: io.netty.channel.AbstractChannel$AnnotatedConnectException: syscall:getsockopt(..) failed: Connection refused: /127.0.0.1:6379
Caused by: io.netty.channel.unix.Errors$NativeConnectException: syscall:getsockopt(..) failed: Connection refused
</error>
  </testcase>
  <testcase name="testHashCode[11]" classname="org.springframework.data.redis.support.collections.RedisListTests" time="0.001">
    <error message="Unable to connect to Redis; nested exception is io.lettuce.core.RedisConnectionException: Unable to connect to 127.0.0.1:6379" type="org.springframework.data.redis.RedisConnectionFailureException">org.springframework.data.redis.RedisConnectionFailureException: Unable to connect to Redis; nested exception is io.lettuce.core.RedisConnectionException: Unable to connect to 127.0.0.1:6379
Caused by: io.lettuce.core.RedisConnectionException: Unable to connect to 127.0.0.1:6379
Caused by: io.netty.channel.AbstractChannel$AnnotatedConnectException: syscall:getsockopt(..) failed: Connection refused: /127.0.0.1:6379
Caused by: io.netty.channel.unix.Errors$NativeConnectException: syscall:getsockopt(..) failed: Connection refused
</error>
  </testcase>
  <testcase name="testAddAll[11]" classname="org.springframework.data.redis.support.collections.RedisListTests" time="0.001">
    <error message="Unable to connect to Redis; nested exception is io.lettuce.core.RedisConnectionException: Unable to connect to 127.0.0.1:6379" type="org.springframework.data.redis.RedisConnectionFailureException">org.springframework.data.redis.RedisConnectionFailureException: Unable to connect to Redis; nested exception is io.lettuce.core.RedisConnectionException: Unable to connect to 127.0.0.1:6379
Caused by: io.lettuce.core.RedisConnectionException: Unable to connect to 127.0.0.1:6379
Caused by: io.netty.channel.AbstractChannel$AnnotatedConnectException: syscall:getsockopt(..) failed: Connection refused: /127.0.0.1:6379
Caused by: io.netty.channel.unix.Errors$NativeConnectException: syscall:getsockopt(..) failed: Connection refused
</error>
  </testcase>
  <testcase name="testAddAll[11]" classname="org.springframework.data.redis.support.collections.RedisListTests" time="0.001">
    <error message="Unable to connect to Redis; nested exception is io.lettuce.core.RedisConnectionException: Unable to connect to 127.0.0.1:6379" type="org.springframework.data.redis.RedisConnectionFailureException">org.springframework.data.redis.RedisConnectionFailureException: Unable to connect to Redis; nested exception is io.lettuce.core.RedisConnectionException: Unable to connect to 127.0.0.1:6379
Caused by: io.lettuce.core.RedisConnectionException: Unable to connect to 127.0.0.1:6379
Caused by: io.netty.channel.AbstractChannel$AnnotatedConnectException: syscall:getsockopt(..) failed: Connection refused: /127.0.0.1:6379
Caused by: io.netty.channel.unix.Errors$NativeConnectException: syscall:getsockopt(..) failed: Connection refused
</error>
  </testcase>
  <testcase name="removeAll[11]" classname="org.springframework.data.redis.support.collections.RedisListTests" time="0.002">
    <error message="Unable to connect to Redis; nested exception is io.lettuce.core.RedisConnectionException: Unable to connect to 127.0.0.1:6379" type="org.springframework.data.redis.RedisConnectionFailureException">org.springframework.data.redis.RedisConnectionFailureException: Unable to connect to Redis; nested exception is io.lettuce.core.RedisConnectionException: Unable to connect to 127.0.0.1:6379
Caused by: io.lettuce.core.RedisConnectionException: Unable to connect to 127.0.0.1:6379
Caused by: io.netty.channel.AbstractChannel$AnnotatedConnectException: syscall:getsockopt(..) failed: Connection refused: /127.0.0.1:6379
Caused by: io.netty.channel.unix.Errors$NativeConnectException: syscall:getsockopt(..) failed: Connection refused
</error>
  </testcase>
  <testcase name="removeAll[11]" classname="org.springframework.data.redis.support.collections.RedisListTests" time="0.002">
    <error message="Unable to connect to Redis; nested exception is io.lettuce.core.RedisConnectionException: Unable to connect to 127.0.0.1:6379" type="org.springframework.data.redis.RedisConnectionFailureException">org.springframework.data.redis.RedisConnectionFailureException: Unable to connect to Redis; nested exception is io.lettuce.core.RedisConnectionException: Unable to connect to 127.0.0.1:6379
Caused by: io.lettuce.core.RedisConnectionException: Unable to connect to 127.0.0.1:6379
Caused by: io.netty.channel.AbstractChannel$AnnotatedConnectException: syscall:getsockopt(..) failed: Connection refused: /127.0.0.1:6379
Caused by: io.netty.channel.unix.Errors$NativeConnectException: syscall:getsockopt(..) failed: Connection refused
</error>
  </testcase>
  <testcase name="testEquals[11]" classname="org.springframework.data.redis.support.collections.RedisListTests" time="0.001">
    <error message="Unable to connect to Redis; nested exception is io.lettuce.core.RedisConnectionException: Unable to connect to 127.0.0.1:6379" type="org.springframework.data.redis.RedisConnectionFailureException">org.springframework.data.redis.RedisConnectionFailureException: Unable to connect to Redis; nested exception is io.lettuce.core.RedisConnectionException: Unable to connect to 127.0.0.1:6379
Caused by: io.lettuce.core.RedisConnectionException: Unable to connect to 127.0.0.1:6379
Caused by: io.netty.channel.AbstractChannel$AnnotatedConnectException: syscall:getsockopt(..) failed: Connection refused: /127.0.0.1:6379
Caused by: io.netty.channel.unix.Errors$NativeConnectException: syscall:getsockopt(..) failed: Connection refused
</error>
  </testcase>
  <testcase name="testGetKey[11]" classname="org.springframework.data.redis.support.collections.RedisListTests" time="0">
    <error message="Unable to connect to Redis; nested exception is io.lettuce.core.RedisConnectionException: Unable to connect to 127.0.0.1:6379" type="org.springframework.data.redis.RedisConnectionFailureException">org.springframework.data.redis.RedisConnectionFailureException: Unable to connect to Redis; nested exception is io.lettuce.core.RedisConnectionException: Unable to connect to 127.0.0.1:6379
Caused by: io.lettuce.core.RedisConnectionException: Unable to connect to 127.0.0.1:6379
Caused by: io.netty.channel.AbstractChannel$AnnotatedConnectException: syscall:getsockopt(..) failed: Connection refused: /127.0.0.1:6379
Caused by: io.netty.channel.unix.Errors$NativeConnectException: syscall:getsockopt(..) failed: Connection refused
</error>
  </testcase>
  <testcase name="testToArrayWithGenerics[11]" classname="org.springframework.data.redis.support.collections.RedisListTests" time="0.001">
    <error message="Unable to connect to Redis; nested exception is io.lettuce.core.RedisConnectionException: Unable to connect to 127.0.0.1:6379" type="org.springframework.data.redis.RedisConnectionFailureException">org.springframework.data.redis.RedisConnectionFailureException: Unable to connect to Redis; nested exception is io.lettuce.core.RedisConnectionException: Unable to connect to 127.0.0.1:6379
Caused by: io.lettuce.core.RedisConnectionException: Unable to connect to 127.0.0.1:6379
Caused by: io.netty.channel.AbstractChannel$AnnotatedConnectException: syscall:getsockopt(..) failed: Connection refused: /127.0.0.1:6379
Caused by: io.netty.channel.unix.Errors$NativeConnectException: syscall:getsockopt(..) failed: Connection refused
</error>
  </testcase>
  <testcase name="testToArrayWithGenerics[11]" classname="org.springframework.data.redis.support.collections.RedisListTests" time="0.002">
    <error message="Unable to connect to Redis; nested exception is io.lettuce.core.RedisConnectionException: Unable to connect to 127.0.0.1:6379" type="org.springframework.data.redis.RedisConnectionFailureException">org.springframework.data.redis.RedisConnectionFailureException: Unable to connect to Redis; nested exception is io.lettuce.core.RedisConnectionException: Unable to connect to 127.0.0.1:6379
Caused by: io.lettuce.core.RedisConnectionException: Unable to connect to 127.0.0.1:6379
Caused by: io.netty.channel.AbstractChannel$AnnotatedConnectException: syscall:getsockopt(..) failed: Connection refused: /127.0.0.1:6379
Caused by: io.netty.channel.unix.Errors$NativeConnectException: syscall:getsockopt(..) failed: Connection refused
</error>
  </testcase>
  <testcase name="testIsEmpty[11]" classname="org.springframework.data.redis.support.collections.RedisListTests" time="0.001">
    <error message="Unable to connect to Redis; nested exception is io.lettuce.core.RedisConnectionException: Unable to connect to 127.0.0.1:6379" type="org.springframework.data.redis.RedisConnectionFailureException">org.springframework.data.redis.RedisConnectionFailureException: Unable to connect to Redis; nested exception is io.lettuce.core.RedisConnectionException: Unable to connect to 127.0.0.1:6379
Caused by: io.lettuce.core.RedisConnectionException: Unable to connect to 127.0.0.1:6379
Caused by: io.netty.channel.AbstractChannel$AnnotatedConnectException: syscall:getsockopt(..) failed: Connection refused: /127.0.0.1:6379
Caused by: io.netty.channel.unix.Errors$NativeConnectException: syscall:getsockopt(..) failed: Connection refused
</error>
  </testcase>
  <testcase name="testIsEmpty[11]" classname="org.springframework.data.redis.support.collections.RedisListTests" time="0.001">
    <error message="Unable to connect to Redis; nested exception is io.lettuce.core.RedisConnectionException: Unable to connect to 127.0.0.1:6379" type="org.springframework.data.redis.RedisConnectionFailureException">org.springframework.data.redis.RedisConnectionFailureException: Unable to connect to Redis; nested exception is io.lettuce.core.RedisConnectionException: Unable to connect to 127.0.0.1:6379
Caused by: io.lettuce.core.RedisConnectionException: Unable to connect to 127.0.0.1:6379
Caused by: io.netty.channel.AbstractChannel$AnnotatedConnectException: syscall:getsockopt(..) failed: Connection refused: /127.0.0.1:6379
Caused by: io.netty.channel.unix.Errors$NativeConnectException: syscall:getsockopt(..) failed: Connection refused
</error>
  </testcase>
  <testcase name="testIterator[11]" classname="org.springframework.data.redis.support.collections.RedisListTests" time="0.001">
    <error message="Unable to connect to Redis; nested exception is io.lettuce.core.RedisConnectionException: Unable to connect to 127.0.0.1:6379" type="org.springframework.data.redis.RedisConnectionFailureException">org.springframework.data.redis.RedisConnectionFailureException: Unable to connect to Redis; nested exception is io.lettuce.core.RedisConnectionException: Unable to connect to 127.0.0.1:6379
Caused by: io.lettuce.core.RedisConnectionException: Unable to connect to 127.0.0.1:6379
Caused by: io.netty.channel.AbstractChannel$AnnotatedConnectException: syscall:getsockopt(..) failed: Connection refused: /127.0.0.1:6379
Caused by: io.netty.channel.unix.Errors$NativeConnectException: syscall:getsockopt(..) failed: Connection refused
</error>
  </testcase>
  <testcase name="testIterator[11]" classname="org.springframework.data.redis.support.collections.RedisListTests" time="0.001">
    <error message="Unable to connect to Redis; nested exception is io.lettuce.core.RedisConnectionException: Unable to connect to 127.0.0.1:6379" type="org.springframework.data.redis.RedisConnectionFailureException">org.springframework.data.redis.RedisConnectionFailureException: Unable to connect to Redis; nested exception is io.lettuce.core.RedisConnectionException: Unable to connect to 127.0.0.1:6379
Caused by: io.lettuce.core.RedisConnectionException: Unable to connect to 127.0.0.1:6379
Caused by: io.netty.channel.AbstractChannel$AnnotatedConnectException: syscall:getsockopt(..) failed: Connection refused: /127.0.0.1:6379
Caused by: io.netty.channel.unix.Errors$NativeConnectException: syscall:getsockopt(..) failed: Connection refused
</error>
  </testcase>
  <testcase name="testElement[12]" classname="org.springframework.data.redis.support.collections.RedisListTests" time="0.001">
    <error message="Unable to connect to Redis; nested exception is io.lettuce.core.RedisConnectionException: Unable to connect to 127.0.0.1:6379" type="org.springframework.data.redis.RedisConnectionFailureException">org.springframework.data.redis.RedisConnectionFailureException: Unable to connect to Redis; nested exception is io.lettuce.core.RedisConnectionException: Unable to connect to 127.0.0.1:6379
Caused by: io.lettuce.core.RedisConnectionException: Unable to connect to 127.0.0.1:6379
Caused by: io.netty.channel.AbstractChannel$AnnotatedConnectException: syscall:getsockopt(..) failed: Connection refused: /127.0.0.1:6379
Caused by: io.netty.channel.unix.Errors$NativeConnectException: syscall:getsockopt(..) failed: Connection refused
</error>
  </testcase>
  <testcase name="testElement[12]" classname="org.springframework.data.redis.support.collections.RedisListTests" time="0.001">
    <error message="Unable to connect to Redis; nested exception is io.lettuce.core.RedisConnectionException: Unable to connect to 127.0.0.1:6379" type="org.springframework.data.redis.RedisConnectionFailureException">org.springframework.data.redis.RedisConnectionFailureException: Unable to connect to Redis; nested exception is io.lettuce.core.RedisConnectionException: Unable to connect to 127.0.0.1:6379
Caused by: io.lettuce.core.RedisConnectionException: Unable to connect to 127.0.0.1:6379
Caused by: io.netty.channel.AbstractChannel$AnnotatedConnectException: syscall:getsockopt(..) failed: Connection refused: /127.0.0.1:6379
Caused by: io.netty.channel.unix.Errors$NativeConnectException: syscall:getsockopt(..) failed: Connection refused
</error>
  </testcase>
  <testcase name="testPutFirst[12]" classname="org.springframework.data.redis.support.collections.RedisListTests" time="0.001">
    <error message="Unable to connect to Redis; nested exception is io.lettuce.core.RedisConnectionException: Unable to connect to 127.0.0.1:6379" type="org.springframework.data.redis.RedisConnectionFailureException">org.springframework.data.redis.RedisConnectionFailureException: Unable to connect to Redis; nested exception is io.lettuce.core.RedisConnectionException: Unable to connect to 127.0.0.1:6379
Caused by: io.lettuce.core.RedisConnectionException: Unable to connect to 127.0.0.1:6379
Caused by: io.netty.channel.AbstractChannel$AnnotatedConnectException: syscall:getsockopt(..) failed: Connection refused: /127.0.0.1:6379
Caused by: io.netty.channel.unix.Errors$NativeConnectException: syscall:getsockopt(..) failed: Connection refused
</error>
  </testcase>
  <testcase name="testPutFirst[12]" classname="org.springframework.data.redis.support.collections.RedisListTests" time="0.001">
    <error message="Unable to connect to Redis; nested exception is io.lettuce.core.RedisConnectionException: Unable to connect to 127.0.0.1:6379" type="org.springframework.data.redis.RedisConnectionFailureException">org.springframework.data.redis.RedisConnectionFailureException: Unable to connect to Redis; nested exception is io.lettuce.core.RedisConnectionException: Unable to connect to 127.0.0.1:6379
Caused by: io.lettuce.core.RedisConnectionException: Unable to connect to 127.0.0.1:6379
Caused by: io.netty.channel.AbstractChannel$AnnotatedConnectException: syscall:getsockopt(..) failed: Connection refused: /127.0.0.1:6379
Caused by: io.netty.channel.unix.Errors$NativeConnectException: syscall:getsockopt(..) failed: Connection refused
</error>
  </testcase>
  <testcase name="testPollLastTimeout[12]" classname="org.springframework.data.redis.support.collections.RedisListTests" time="0.001">
    <error message="Unable to connect to Redis; nested exception is io.lettuce.core.RedisConnectionException: Unable to connect to 127.0.0.1:6379" type="org.springframework.data.redis.RedisConnectionFailureException">org.springframework.data.redis.RedisConnectionFailureException: Unable to connect to Redis; nested exception is io.lettuce.core.RedisConnectionException: Unable to connect to 127.0.0.1:6379
Caused by: io.lettuce.core.RedisConnectionException: Unable to connect to 127.0.0.1:6379
Caused by: io.netty.channel.AbstractChannel$AnnotatedConnectException: syscall:getsockopt(..) failed: Connection refused: /127.0.0.1:6379
Caused by: io.netty.channel.unix.Errors$NativeConnectException: syscall:getsockopt(..) failed: Connection refused
</error>
  </testcase>
  <testcase name="testPollLastTimeout[12]" classname="org.springframework.data.redis.support.collections.RedisListTests" time="0.001">
    <error message="Unable to connect to Redis; nested exception is io.lettuce.core.RedisConnectionException: Unable to connect to 127.0.0.1:6379" type="org.springframework.data.redis.RedisConnectionFailureException">org.springframework.data.redis.RedisConnectionFailureException: Unable to connect to Redis; nested exception is io.lettuce.core.RedisConnectionException: Unable to connect to 127.0.0.1:6379
Caused by: io.lettuce.core.RedisConnectionException: Unable to connect to 127.0.0.1:6379
Caused by: io.netty.channel.AbstractChannel$AnnotatedConnectException: syscall:getsockopt(..) failed: Connection refused: /127.0.0.1:6379
Caused by: io.netty.channel.unix.Errors$NativeConnectException: syscall:getsockopt(..) failed: Connection refused
</error>
  </testcase>
  <testcase name="testPeekFirst[12]" classname="org.springframework.data.redis.support.collections.RedisListTests" time="0.001">
    <error message="Unable to connect to Redis; nested exception is io.lettuce.core.RedisConnectionException: Unable to connect to 127.0.0.1:6379" type="org.springframework.data.redis.RedisConnectionFailureException">org.springframework.data.redis.RedisConnectionFailureException: Unable to connect to Redis; nested exception is io.lettuce.core.RedisConnectionException: Unable to connect to 127.0.0.1:6379
Caused by: io.lettuce.core.RedisConnectionException: Unable to connect to 127.0.0.1:6379
Caused by: io.netty.channel.AbstractChannel$AnnotatedConnectException: syscall:getsockopt(..) failed: Connection refused: /127.0.0.1:6379
Caused by: io.netty.channel.unix.Errors$NativeConnectException: syscall:getsockopt(..) failed: Connection refused
</error>
  </testcase>
  <testcase name="testPeekFirst[12]" classname="org.springframework.data.redis.support.collections.RedisListTests" time="0.001">
    <error message="Unable to connect to Redis; nested exception is io.lettuce.core.RedisConnectionException: Unable to connect to 127.0.0.1:6379" type="org.springframework.data.redis.RedisConnectionFailureException">org.springframework.data.redis.RedisConnectionFailureException: Unable to connect to Redis; nested exception is io.lettuce.core.RedisConnectionException: Unable to connect to 127.0.0.1:6379
Caused by: io.lettuce.core.RedisConnectionException: Unable to connect to 127.0.0.1:6379
Caused by: io.netty.channel.AbstractChannel$AnnotatedConnectException: syscall:getsockopt(..) failed: Connection refused: /127.0.0.1:6379
Caused by: io.netty.channel.unix.Errors$NativeConnectException: syscall:getsockopt(..) failed: Connection refused
</error>
  </testcase>
  <testcase name="testOfferLast[12]" classname="org.springframework.data.redis.support.collections.RedisListTests" time="0.002">
    <error message="Unable to connect to Redis; nested exception is io.lettuce.core.RedisConnectionException: Unable to connect to 127.0.0.1:6379" type="org.springframework.data.redis.RedisConnectionFailureException">org.springframework.data.redis.RedisConnectionFailureException: Unable to connect to Redis; nested exception is io.lettuce.core.RedisConnectionException: Unable to connect to 127.0.0.1:6379
Caused by: io.lettuce.core.RedisConnectionException: Unable to connect to 127.0.0.1:6379
Caused by: io.netty.channel.AbstractChannel$AnnotatedConnectException: syscall:getsockopt(..) failed: Connection refused: /127.0.0.1:6379
Caused by: io.netty.channel.unix.Errors$NativeConnectException: syscall:getsockopt(..) failed: Connection refused
</error>
  </testcase>
  <testcase name="testOfferLast[12]" classname="org.springframework.data.redis.support.collections.RedisListTests" time="0.002">
    <error message="Unable to connect to Redis; nested exception is io.lettuce.core.RedisConnectionException: Unable to connect to 127.0.0.1:6379" type="org.springframework.data.redis.RedisConnectionFailureException">org.springframework.data.redis.RedisConnectionFailureException: Unable to connect to Redis; nested exception is io.lettuce.core.RedisConnectionException: Unable to connect to 127.0.0.1:6379
Caused by: io.lettuce.core.RedisConnectionException: Unable to connect to 127.0.0.1:6379
Caused by: io.netty.channel.AbstractChannel$AnnotatedConnectException: syscall:getsockopt(..) failed: Connection refused: /127.0.0.1:6379
Caused by: io.netty.channel.unix.Errors$NativeConnectException: syscall:getsockopt(..) failed: Connection refused
</error>
  </testcase>
  <testcase name="testGetFirst[12]" classname="org.springframework.data.redis.support.collections.RedisListTests" time="0.001">
    <error message="Unable to connect to Redis; nested exception is io.lettuce.core.RedisConnectionException: Unable to connect to 127.0.0.1:6379" type="org.springframework.data.redis.RedisConnectionFailureException">org.springframework.data.redis.RedisConnectionFailureException: Unable to connect to Redis; nested exception is io.lettuce.core.RedisConnectionException: Unable to connect to 127.0.0.1:6379
Caused by: io.lettuce.core.RedisConnectionException: Unable to connect to 127.0.0.1:6379
Caused by: io.netty.channel.AbstractChannel$AnnotatedConnectException: syscall:getsockopt(..) failed: Connection refused: /127.0.0.1:6379
Caused by: io.netty.channel.unix.Errors$NativeConnectException: syscall:getsockopt(..) failed: Connection refused
</error>
  </testcase>
  <testcase name="testGetFirst[12]" classname="org.springframework.data.redis.support.collections.RedisListTests" time="0.001">
    <error message="Unable to connect to Redis; nested exception is io.lettuce.core.RedisConnectionException: Unable to connect to 127.0.0.1:6379" type="org.springframework.data.redis.RedisConnectionFailureException">org.springframework.data.redis.RedisConnectionFailureException: Unable to connect to Redis; nested exception is io.lettuce.core.RedisConnectionException: Unable to connect to 127.0.0.1:6379
Caused by: io.lettuce.core.RedisConnectionException: Unable to connect to 127.0.0.1:6379
Caused by: io.netty.channel.AbstractChannel$AnnotatedConnectException: syscall:getsockopt(..) failed: Connection refused: /127.0.0.1:6379
Caused by: io.netty.channel.unix.Errors$NativeConnectException: syscall:getsockopt(..) failed: Connection refused
</error>
  </testcase>
  <testcase name="testAddLast[12]" classname="org.springframework.data.redis.support.collections.RedisListTests" time="0.001">
    <error message="Unable to connect to Redis; nested exception is io.lettuce.core.RedisConnectionException: Unable to connect to 127.0.0.1:6379" type="org.springframework.data.redis.RedisConnectionFailureException">org.springframework.data.redis.RedisConnectionFailureException: Unable to connect to Redis; nested exception is io.lettuce.core.RedisConnectionException: Unable to connect to 127.0.0.1:6379
Caused by: io.lettuce.core.RedisConnectionException: Unable to connect to 127.0.0.1:6379
Caused by: io.netty.channel.AbstractChannel$AnnotatedConnectException: syscall:getsockopt(..) failed: Connection refused: /127.0.0.1:6379
Caused by: io.netty.channel.unix.Errors$NativeConnectException: syscall:getsockopt(..) failed: Connection refused
</error>
  </testcase>
  <testcase name="testAddLast[12]" classname="org.springframework.data.redis.support.collections.RedisListTests" time="0.002">
    <error message="Unable to connect to Redis; nested exception is io.lettuce.core.RedisConnectionException: Unable to connect to 127.0.0.1:6379" type="org.springframework.data.redis.RedisConnectionFailureException">org.springframework.data.redis.RedisConnectionFailureException: Unable to connect to Redis; nested exception is io.lettuce.core.RedisConnectionException: Unable to connect to 127.0.0.1:6379
Caused by: io.lettuce.core.RedisConnectionException: Unable to connect to 127.0.0.1:6379
Caused by: io.netty.channel.AbstractChannel$AnnotatedConnectException: syscall:getsockopt(..) failed: Connection refused: /127.0.0.1:6379
Caused by: io.netty.channel.unix.Errors$NativeConnectException: syscall:getsockopt(..) failed: Connection refused
</error>
  </testcase>
  <testcase name="testPop[12]" classname="org.springframework.data.redis.support.collections.RedisListTests" time="0.001">
    <error message="Unable to connect to Redis; nested exception is io.lettuce.core.RedisConnectionException: Unable to connect to 127.0.0.1:6379" type="org.springframework.data.redis.RedisConnectionFailureException">org.springframework.data.redis.RedisConnectionFailureException: Unable to connect to Redis; nested exception is io.lettuce.core.RedisConnectionException: Unable to connect to 127.0.0.1:6379
Caused by: io.lettuce.core.RedisConnectionException: Unable to connect to 127.0.0.1:6379
Caused by: io.netty.channel.AbstractChannel$AnnotatedConnectException: syscall:getsockopt(..) failed: Connection refused: /127.0.0.1:6379
Caused by: io.netty.channel.unix.Errors$NativeConnectException: syscall:getsockopt(..) failed: Connection refused
</error>
  </testcase>
  <testcase name="testPop[12]" classname="org.springframework.data.redis.support.collections.RedisListTests" time="0.001">
    <error message="Unable to connect to Redis; nested exception is io.lettuce.core.RedisConnectionException: Unable to connect to 127.0.0.1:6379" type="org.springframework.data.redis.RedisConnectionFailureException">org.springframework.data.redis.RedisConnectionFailureException: Unable to connect to Redis; nested exception is io.lettuce.core.RedisConnectionException: Unable to connect to 127.0.0.1:6379
Caused by: io.lettuce.core.RedisConnectionException: Unable to connect to 127.0.0.1:6379
Caused by: io.netty.channel.AbstractChannel$AnnotatedConnectException: syscall:getsockopt(..) failed: Connection refused: /127.0.0.1:6379
Caused by: io.netty.channel.unix.Errors$NativeConnectException: syscall:getsockopt(..) failed: Connection refused
</error>
  </testcase>
  <testcase name="testPut[12]" classname="org.springframework.data.redis.support.collections.RedisListTests" time="0.002">
    <error message="Unable to connect to Redis; nested exception is io.lettuce.core.RedisConnectionException: Unable to connect to 127.0.0.1:6379" type="org.springframework.data.redis.RedisConnectionFailureException">org.springframework.data.redis.RedisConnectionFailureException: Unable to connect to Redis; nested exception is io.lettuce.core.RedisConnectionException: Unable to connect to 127.0.0.1:6379
Caused by: io.lettuce.core.RedisConnectionException: Unable to connect to 127.0.0.1:6379
Caused by: io.netty.channel.AbstractChannel$AnnotatedConnectException: syscall:getsockopt(..) failed: Connection refused: /127.0.0.1:6379
Caused by: io.netty.channel.unix.Errors$NativeConnectException: syscall:getsockopt(..) failed: Connection refused
</error>
  </testcase>
  <testcase name="testPut[12]" classname="org.springframework.data.redis.support.collections.RedisListTests" time="0.002">
    <error message="Unable to connect to Redis; nested exception is io.lettuce.core.RedisConnectionException: Unable to connect to 127.0.0.1:6379" type="org.springframework.data.redis.RedisConnectionFailureException">org.springframework.data.redis.RedisConnectionFailureException: Unable to connect to Redis; nested exception is io.lettuce.core.RedisConnectionException: Unable to connect to 127.0.0.1:6379
Caused by: io.lettuce.core.RedisConnectionException: Unable to connect to 127.0.0.1:6379
Caused by: io.netty.channel.AbstractChannel$AnnotatedConnectException: syscall:getsockopt(..) failed: Connection refused: /127.0.0.1:6379
Caused by: io.netty.channel.unix.Errors$NativeConnectException: syscall:getsockopt(..) failed: Connection refused
</error>
  </testcase>
  <testcase name="testSet[12]" classname="org.springframework.data.redis.support.collections.RedisListTests" time="0.002">
    <error message="Unable to connect to Redis; nested exception is io.lettuce.core.RedisConnectionException: Unable to connect to 127.0.0.1:6379" type="org.springframework.data.redis.RedisConnectionFailureException">org.springframework.data.redis.RedisConnectionFailureException: Unable to connect to Redis; nested exception is io.lettuce.core.RedisConnectionException: Unable to connect to 127.0.0.1:6379
Caused by: io.lettuce.core.RedisConnectionException: Unable to connect to 127.0.0.1:6379
Caused by: io.netty.channel.AbstractChannel$AnnotatedConnectException: syscall:getsockopt(..) failed: Connection refused: /127.0.0.1:6379
Caused by: io.netty.channel.unix.Errors$NativeConnectException: syscall:getsockopt(..) failed: Connection refused
</error>
  </testcase>
  <testcase name="testSet[12]" classname="org.springframework.data.redis.support.collections.RedisListTests" time="0.002">
    <error message="Unable to connect to Redis; nested exception is io.lettuce.core.RedisConnectionException: Unable to connect to 127.0.0.1:6379" type="org.springframework.data.redis.RedisConnectionFailureException">org.springframework.data.redis.RedisConnectionFailureException: Unable to connect to Redis; nested exception is io.lettuce.core.RedisConnectionException: Unable to connect to 127.0.0.1:6379
Caused by: io.lettuce.core.RedisConnectionException: Unable to connect to 127.0.0.1:6379
Caused by: io.netty.channel.AbstractChannel$AnnotatedConnectException: syscall:getsockopt(..) failed: Connection refused: /127.0.0.1:6379
Caused by: io.netty.channel.unix.Errors$NativeConnectException: syscall:getsockopt(..) failed: Connection refused
</error>
  </testcase>
  <testcase name="testOffer[12]" classname="org.springframework.data.redis.support.collections.RedisListTests" time="0.002">
    <error message="Unable to connect to Redis; nested exception is io.lettuce.core.RedisConnectionException: Unable to connect to 127.0.0.1:6379" type="org.springframework.data.redis.RedisConnectionFailureException">org.springframework.data.redis.RedisConnectionFailureException: Unable to connect to Redis; nested exception is io.lettuce.core.RedisConnectionException: Unable to connect to 127.0.0.1:6379
Caused by: io.lettuce.core.RedisConnectionException: Unable to connect to 127.0.0.1:6379
Caused by: io.netty.channel.AbstractChannel$AnnotatedConnectException: syscall:getsockopt(..) failed: Connection refused: /127.0.0.1:6379
Caused by: io.netty.channel.unix.Errors$NativeConnectException: syscall:getsockopt(..) failed: Connection refused
</error>
  </testcase>
  <testcase name="testOffer[12]" classname="org.springframework.data.redis.support.collections.RedisListTests" time="0.002">
    <error message="Unable to connect to Redis; nested exception is io.lettuce.core.RedisConnectionException: Unable to connect to 127.0.0.1:6379" type="org.springframework.data.redis.RedisConnectionFailureException">org.springframework.data.redis.RedisConnectionFailureException: Unable to connect to Redis; nested exception is io.lettuce.core.RedisConnectionException: Unable to connect to 127.0.0.1:6379
Caused by: io.lettuce.core.RedisConnectionException: Unable to connect to 127.0.0.1:6379
Caused by: io.netty.channel.AbstractChannel$AnnotatedConnectException: syscall:getsockopt(..) failed: Connection refused: /127.0.0.1:6379
Caused by: io.netty.channel.unix.Errors$NativeConnectException: syscall:getsockopt(..) failed: Connection refused
</error>
  </testcase>
  <testcase name="testRange[12]" classname="org.springframework.data.redis.support.collections.RedisListTests" time="0.001">
    <error message="Unable to connect to Redis; nested exception is io.lettuce.core.RedisConnectionException: Unable to connect to 127.0.0.1:6379" type="org.springframework.data.redis.RedisConnectionFailureException">org.springframework.data.redis.RedisConnectionFailureException: Unable to connect to Redis; nested exception is io.lettuce.core.RedisConnectionException: Unable to connect to 127.0.0.1:6379
Caused by: io.lettuce.core.RedisConnectionException: Unable to connect to 127.0.0.1:6379
Caused by: io.netty.channel.AbstractChannel$AnnotatedConnectException: syscall:getsockopt(..) failed: Connection refused: /127.0.0.1:6379
Caused by: io.netty.channel.unix.Errors$NativeConnectException: syscall:getsockopt(..) failed: Connection refused
</error>
  </testcase>
  <testcase name="testRange[12]" classname="org.springframework.data.redis.support.collections.RedisListTests" time="0.002">
    <error message="Unable to connect to Redis; nested exception is io.lettuce.core.RedisConnectionException: Unable to connect to 127.0.0.1:6379" type="org.springframework.data.redis.RedisConnectionFailureException">org.springframework.data.redis.RedisConnectionFailureException: Unable to connect to Redis; nested exception is io.lettuce.core.RedisConnectionException: Unable to connect to 127.0.0.1:6379
Caused by: io.lettuce.core.RedisConnectionException: Unable to connect to 127.0.0.1:6379
Caused by: io.netty.channel.AbstractChannel$AnnotatedConnectException: syscall:getsockopt(..) failed: Connection refused: /127.0.0.1:6379
Caused by: io.netty.channel.unix.Errors$NativeConnectException: syscall:getsockopt(..) failed: Connection refused
</error>
  </testcase>
  <testcase name="testLast[12]" classname="org.springframework.data.redis.support.collections.RedisListTests" time="0.001">
    <error message="Unable to connect to Redis; nested exception is io.lettuce.core.RedisConnectionException: Unable to connect to 127.0.0.1:6379" type="org.springframework.data.redis.RedisConnectionFailureException">org.springframework.data.redis.RedisConnectionFailureException: Unable to connect to Redis; nested exception is io.lettuce.core.RedisConnectionException: Unable to connect to 127.0.0.1:6379
Caused by: io.lettuce.core.RedisConnectionException: Unable to connect to 127.0.0.1:6379
Caused by: io.netty.channel.AbstractChannel$AnnotatedConnectException: syscall:getsockopt(..) failed: Connection refused: /127.0.0.1:6379
Caused by: io.netty.channel.unix.Errors$NativeConnectException: syscall:getsockopt(..) failed: Connection refused
</error>
  </testcase>
  <testcase name="testLast[12]" classname="org.springframework.data.redis.support.collections.RedisListTests" time="0.002">
    <error message="Unable to connect to Redis; nested exception is io.lettuce.core.RedisConnectionException: Unable to connect to 127.0.0.1:6379" type="org.springframework.data.redis.RedisConnectionFailureException">org.springframework.data.redis.RedisConnectionFailureException: Unable to connect to Redis; nested exception is io.lettuce.core.RedisConnectionException: Unable to connect to 127.0.0.1:6379
Caused by: io.lettuce.core.RedisConnectionException: Unable to connect to 127.0.0.1:6379
Caused by: io.netty.channel.AbstractChannel$AnnotatedConnectException: syscall:getsockopt(..) failed: Connection refused: /127.0.0.1:6379
Caused by: io.netty.channel.unix.Errors$NativeConnectException: syscall:getsockopt(..) failed: Connection refused
</error>
  </testcase>
  <testcase name="testPeek[12]" classname="org.springframework.data.redis.support.collections.RedisListTests" time="0.001">
    <error message="Unable to connect to Redis; nested exception is io.lettuce.core.RedisConnectionException: Unable to connect to 127.0.0.1:6379" type="org.springframework.data.redis.RedisConnectionFailureException">org.springframework.data.redis.RedisConnectionFailureException: Unable to connect to Redis; nested exception is io.lettuce.core.RedisConnectionException: Unable to connect to 127.0.0.1:6379
Caused by: io.lettuce.core.RedisConnectionException: Unable to connect to 127.0.0.1:6379
Caused by: io.netty.channel.AbstractChannel$AnnotatedConnectException: syscall:getsockopt(..) failed: Connection refused: /127.0.0.1:6379
Caused by: io.netty.channel.unix.Errors$NativeConnectException: syscall:getsockopt(..) failed: Connection refused
</error>
  </testcase>
  <testcase name="testPeek[12]" classname="org.springframework.data.redis.support.collections.RedisListTests" time="0.001">
    <error message="Unable to connect to Redis; nested exception is io.lettuce.core.RedisConnectionException: Unable to connect to 127.0.0.1:6379" type="org.springframework.data.redis.RedisConnectionFailureException">org.springframework.data.redis.RedisConnectionFailureException: Unable to connect to Redis; nested exception is io.lettuce.core.RedisConnectionException: Unable to connect to 127.0.0.1:6379
Caused by: io.lettuce.core.RedisConnectionException: Unable to connect to 127.0.0.1:6379
Caused by: io.netty.channel.AbstractChannel$AnnotatedConnectException: syscall:getsockopt(..) failed: Connection refused: /127.0.0.1:6379
Caused by: io.netty.channel.unix.Errors$NativeConnectException: syscall:getsockopt(..) failed: Connection refused
</error>
  </testcase>
  <testcase name="testPoll[12]" classname="org.springframework.data.redis.support.collections.RedisListTests" time="0.001">
    <error message="Unable to connect to Redis; nested exception is io.lettuce.core.RedisConnectionException: Unable to connect to 127.0.0.1:6379" type="org.springframework.data.redis.RedisConnectionFailureException">org.springframework.data.redis.RedisConnectionFailureException: Unable to connect to Redis; nested exception is io.lettuce.core.RedisConnectionException: Unable to connect to 127.0.0.1:6379
Caused by: io.lettuce.core.RedisConnectionException: Unable to connect to 127.0.0.1:6379
Caused by: io.netty.channel.AbstractChannel$AnnotatedConnectException: syscall:getsockopt(..) failed: Connection refused: /127.0.0.1:6379
Caused by: io.netty.channel.unix.Errors$NativeConnectException: syscall:getsockopt(..) failed: Connection refused
</error>
  </testcase>
  <testcase name="testPoll[12]" classname="org.springframework.data.redis.support.collections.RedisListTests" time="0.001">
    <error message="Unable to connect to Redis; nested exception is io.lettuce.core.RedisConnectionException: Unable to connect to 127.0.0.1:6379" type="org.springframework.data.redis.RedisConnectionFailureException">org.springframework.data.redis.RedisConnectionFailureException: Unable to connect to Redis; nested exception is io.lettuce.core.RedisConnectionException: Unable to connect to 127.0.0.1:6379
Caused by: io.lettuce.core.RedisConnectionException: Unable to connect to 127.0.0.1:6379
Caused by: io.netty.channel.AbstractChannel$AnnotatedConnectException: syscall:getsockopt(..) failed: Connection refused: /127.0.0.1:6379
Caused by: io.netty.channel.unix.Errors$NativeConnectException: syscall:getsockopt(..) failed: Connection refused
</error>
  </testcase>
  <testcase name="testTake[12]" classname="org.springframework.data.redis.support.collections.RedisListTests" time="0.001">
    <error message="Unable to connect to Redis; nested exception is io.lettuce.core.RedisConnectionException: Unable to connect to 127.0.0.1:6379" type="org.springframework.data.redis.RedisConnectionFailureException">org.springframework.data.redis.RedisConnectionFailureException: Unable to connect to Redis; nested exception is io.lettuce.core.RedisConnectionException: Unable to connect to 127.0.0.1:6379
Caused by: io.lettuce.core.RedisConnectionException: Unable to connect to 127.0.0.1:6379
Caused by: io.netty.channel.AbstractChannel$AnnotatedConnectException: syscall:getsockopt(..) failed: Connection refused: /127.0.0.1:6379
Caused by: io.netty.channel.unix.Errors$NativeConnectException: syscall:getsockopt(..) failed: Connection refused
</error>
  </testcase>
  <testcase name="testTake[12]" classname="org.springframework.data.redis.support.collections.RedisListTests" time="0.001">
    <error message="Unable to connect to Redis; nested exception is io.lettuce.core.RedisConnectionException: Unable to connect to 127.0.0.1:6379" type="org.springframework.data.redis.RedisConnectionFailureException">org.springframework.data.redis.RedisConnectionFailureException: Unable to connect to Redis; nested exception is io.lettuce.core.RedisConnectionException: Unable to connect to 127.0.0.1:6379
Caused by: io.lettuce.core.RedisConnectionException: Unable to connect to 127.0.0.1:6379
Caused by: io.netty.channel.AbstractChannel$AnnotatedConnectException: syscall:getsockopt(..) failed: Connection refused: /127.0.0.1:6379
Caused by: io.netty.channel.unix.Errors$NativeConnectException: syscall:getsockopt(..) failed: Connection refused
</error>
  </testcase>
  <testcase name="testTrim[12]" classname="org.springframework.data.redis.support.collections.RedisListTests" time="0.001">
    <error message="Unable to connect to Redis; nested exception is io.lettuce.core.RedisConnectionException: Unable to connect to 127.0.0.1:6379" type="org.springframework.data.redis.RedisConnectionFailureException">org.springframework.data.redis.RedisConnectionFailureException: Unable to connect to Redis; nested exception is io.lettuce.core.RedisConnectionException: Unable to connect to 127.0.0.1:6379
Caused by: io.lettuce.core.RedisConnectionException: Unable to connect to 127.0.0.1:6379
Caused by: io.netty.channel.AbstractChannel$AnnotatedConnectException: syscall:getsockopt(..) failed: Connection refused: /127.0.0.1:6379
Caused by: io.netty.channel.unix.Errors$NativeConnectException: syscall:getsockopt(..) failed: Connection refused
</error>
  </testcase>
  <testcase name="testTrim[12]" classname="org.springframework.data.redis.support.collections.RedisListTests" time="0.001">
    <error message="Unable to connect to Redis; nested exception is io.lettuce.core.RedisConnectionException: Unable to connect to 127.0.0.1:6379" type="org.springframework.data.redis.RedisConnectionFailureException">org.springframework.data.redis.RedisConnectionFailureException: Unable to connect to Redis; nested exception is io.lettuce.core.RedisConnectionException: Unable to connect to 127.0.0.1:6379
Caused by: io.lettuce.core.RedisConnectionException: Unable to connect to 127.0.0.1:6379
Caused by: io.netty.channel.AbstractChannel$AnnotatedConnectException: syscall:getsockopt(..) failed: Connection refused: /127.0.0.1:6379
Caused by: io.netty.channel.unix.Errors$NativeConnectException: syscall:getsockopt(..) failed: Connection refused
</error>
  </testcase>
  <testcase name="testDrainToCollection[12]" classname="org.springframework.data.redis.support.collections.RedisListTests" time="0.001">
    <error message="Unable to connect to Redis; nested exception is io.lettuce.core.RedisConnectionException: Unable to connect to 127.0.0.1:6379" type="org.springframework.data.redis.RedisConnectionFailureException">org.springframework.data.redis.RedisConnectionFailureException: Unable to connect to Redis; nested exception is io.lettuce.core.RedisConnectionException: Unable to connect to 127.0.0.1:6379
Caused by: io.lettuce.core.RedisConnectionException: Unable to connect to 127.0.0.1:6379
Caused by: io.netty.channel.AbstractChannel$AnnotatedConnectException: syscall:getsockopt(..) failed: Connection refused: /127.0.0.1:6379
Caused by: io.netty.channel.unix.Errors$NativeConnectException: syscall:getsockopt(..) failed: Connection refused
</error>
  </testcase>
  <testcase name="testDrainToCollection[12]" classname="org.springframework.data.redis.support.collections.RedisListTests" time="0.001">
    <error message="Unable to connect to Redis; nested exception is io.lettuce.core.RedisConnectionException: Unable to connect to 127.0.0.1:6379" type="org.springframework.data.redis.RedisConnectionFailureException">org.springframework.data.redis.RedisConnectionFailureException: Unable to connect to Redis; nested exception is io.lettuce.core.RedisConnectionException: Unable to connect to 127.0.0.1:6379
Caused by: io.lettuce.core.RedisConnectionException: Unable to connect to 127.0.0.1:6379
Caused by: io.netty.channel.AbstractChannel$AnnotatedConnectException: syscall:getsockopt(..) failed: Connection refused: /127.0.0.1:6379
Caused by: io.netty.channel.unix.Errors$NativeConnectException: syscall:getsockopt(..) failed: Connection refused
</error>
  </testcase>
  <testcase name="testRemoveFirst[12]" classname="org.springframework.data.redis.support.collections.RedisListTests" time="0.001">
    <error message="Unable to connect to Redis; nested exception is io.lettuce.core.RedisConnectionException: Unable to connect to 127.0.0.1:6379" type="org.springframework.data.redis.RedisConnectionFailureException">org.springframework.data.redis.RedisConnectionFailureException: Unable to connect to Redis; nested exception is io.lettuce.core.RedisConnectionException: Unable to connect to 127.0.0.1:6379
Caused by: io.lettuce.core.RedisConnectionException: Unable to connect to 127.0.0.1:6379
Caused by: io.netty.channel.AbstractChannel$AnnotatedConnectException: syscall:getsockopt(..) failed: Connection refused: /127.0.0.1:6379
Caused by: io.netty.channel.unix.Errors$NativeConnectException: syscall:getsockopt(..) failed: Connection refused
</error>
  </testcase>
  <testcase name="testRemoveFirst[12]" classname="org.springframework.data.redis.support.collections.RedisListTests" time="0.001">
    <error message="Unable to connect to Redis; nested exception is io.lettuce.core.RedisConnectionException: Unable to connect to 127.0.0.1:6379" type="org.springframework.data.redis.RedisConnectionFailureException">org.springframework.data.redis.RedisConnectionFailureException: Unable to connect to Redis; nested exception is io.lettuce.core.RedisConnectionException: Unable to connect to 127.0.0.1:6379
Caused by: io.lettuce.core.RedisConnectionException: Unable to connect to 127.0.0.1:6379
Caused by: io.netty.channel.AbstractChannel$AnnotatedConnectException: syscall:getsockopt(..) failed: Connection refused: /127.0.0.1:6379
Caused by: io.netty.channel.unix.Errors$NativeConnectException: syscall:getsockopt(..) failed: Connection refused
</error>
  </testcase>
  <testcase name="testRemoveIndex[12]" classname="org.springframework.data.redis.support.collections.RedisListTests" time="0">
    <error message="Unable to connect to Redis; nested exception is io.lettuce.core.RedisConnectionException: Unable to connect to 127.0.0.1:6379" type="org.springframework.data.redis.RedisConnectionFailureException">org.springframework.data.redis.RedisConnectionFailureException: Unable to connect to Redis; nested exception is io.lettuce.core.RedisConnectionException: Unable to connect to 127.0.0.1:6379
Caused by: io.lettuce.core.RedisConnectionException: Unable to connect to 127.0.0.1:6379
Caused by: io.netty.channel.AbstractChannel$AnnotatedConnectException: syscall:getsockopt(..) failed: Connection refused: /127.0.0.1:6379
Caused by: io.netty.channel.unix.Errors$NativeConnectException: syscall:getsockopt(..) failed: Connection refused
</error>
  </testcase>
  <testcase name="testPutLast[12]" classname="org.springframework.data.redis.support.collections.RedisListTests" time="0.001">
    <error message="Unable to connect to Redis; nested exception is io.lettuce.core.RedisConnectionException: Unable to connect to 127.0.0.1:6379" type="org.springframework.data.redis.RedisConnectionFailureException">org.springframework.data.redis.RedisConnectionFailureException: Unable to connect to Redis; nested exception is io.lettuce.core.RedisConnectionException: Unable to connect to 127.0.0.1:6379
Caused by: io.lettuce.core.RedisConnectionException: Unable to connect to 127.0.0.1:6379
Caused by: io.netty.channel.AbstractChannel$AnnotatedConnectException: syscall:getsockopt(..) failed: Connection refused: /127.0.0.1:6379
Caused by: io.netty.channel.unix.Errors$NativeConnectException: syscall:getsockopt(..) failed: Connection refused
</error>
  </testcase>
  <testcase name="testPutLast[12]" classname="org.springframework.data.redis.support.collections.RedisListTests" time="0.001">
    <error message="Unable to connect to Redis; nested exception is io.lettuce.core.RedisConnectionException: Unable to connect to 127.0.0.1:6379" type="org.springframework.data.redis.RedisConnectionFailureException">org.springframework.data.redis.RedisConnectionFailureException: Unable to connect to Redis; nested exception is io.lettuce.core.RedisConnectionException: Unable to connect to 127.0.0.1:6379
Caused by: io.lettuce.core.RedisConnectionException: Unable to connect to 127.0.0.1:6379
Caused by: io.netty.channel.AbstractChannel$AnnotatedConnectException: syscall:getsockopt(..) failed: Connection refused: /127.0.0.1:6379
Caused by: io.netty.channel.unix.Errors$NativeConnectException: syscall:getsockopt(..) failed: Connection refused
</error>
  </testcase>
  <testcase name="testOfferFirst[12]" classname="org.springframework.data.redis.support.collections.RedisListTests" time="0.001">
    <error message="Unable to connect to Redis; nested exception is io.lettuce.core.RedisConnectionException: Unable to connect to 127.0.0.1:6379" type="org.springframework.data.redis.RedisConnectionFailureException">org.springframework.data.redis.RedisConnectionFailureException: Unable to connect to Redis; nested exception is io.lettuce.core.RedisConnectionException: Unable to connect to 127.0.0.1:6379
Caused by: io.lettuce.core.RedisConnectionException: Unable to connect to 127.0.0.1:6379
Caused by: io.netty.channel.AbstractChannel$AnnotatedConnectException: syscall:getsockopt(..) failed: Connection refused: /127.0.0.1:6379
Caused by: io.netty.channel.unix.Errors$NativeConnectException: syscall:getsockopt(..) failed: Connection refused
</error>
  </testcase>
  <testcase name="testOfferFirst[12]" classname="org.springframework.data.redis.support.collections.RedisListTests" time="0.001">
    <error message="Unable to connect to Redis; nested exception is io.lettuce.core.RedisConnectionException: Unable to connect to 127.0.0.1:6379" type="org.springframework.data.redis.RedisConnectionFailureException">org.springframework.data.redis.RedisConnectionFailureException: Unable to connect to Redis; nested exception is io.lettuce.core.RedisConnectionException: Unable to connect to 127.0.0.1:6379
Caused by: io.lettuce.core.RedisConnectionException: Unable to connect to 127.0.0.1:6379
Caused by: io.netty.channel.AbstractChannel$AnnotatedConnectException: syscall:getsockopt(..) failed: Connection refused: /127.0.0.1:6379
Caused by: io.netty.channel.unix.Errors$NativeConnectException: syscall:getsockopt(..) failed: Connection refused
</error>
  </testcase>
  <testcase name="testDescendingIterator[12]" classname="org.springframework.data.redis.support.collections.RedisListTests" time="0.001">
    <error message="Unable to connect to Redis; nested exception is io.lettuce.core.RedisConnectionException: Unable to connect to 127.0.0.1:6379" type="org.springframework.data.redis.RedisConnectionFailureException">org.springframework.data.redis.RedisConnectionFailureException: Unable to connect to Redis; nested exception is io.lettuce.core.RedisConnectionException: Unable to connect to 127.0.0.1:6379
Caused by: io.lettuce.core.RedisConnectionException: Unable to connect to 127.0.0.1:6379
Caused by: io.netty.channel.AbstractChannel$AnnotatedConnectException: syscall:getsockopt(..) failed: Connection refused: /127.0.0.1:6379
Caused by: io.netty.channel.unix.Errors$NativeConnectException: syscall:getsockopt(..) failed: Connection refused
</error>
  </testcase>
  <testcase name="testDescendingIterator[12]" classname="org.springframework.data.redis.support.collections.RedisListTests" time="0.001">
    <error message="Unable to connect to Redis; nested exception is io.lettuce.core.RedisConnectionException: Unable to connect to 127.0.0.1:6379" type="org.springframework.data.redis.RedisConnectionFailureException">org.springframework.data.redis.RedisConnectionFailureException: Unable to connect to Redis; nested exception is io.lettuce.core.RedisConnectionException: Unable to connect to 127.0.0.1:6379
Caused by: io.lettuce.core.RedisConnectionException: Unable to connect to 127.0.0.1:6379
Caused by: io.netty.channel.AbstractChannel$AnnotatedConnectException: syscall:getsockopt(..) failed: Connection refused: /127.0.0.1:6379
Caused by: io.netty.channel.unix.Errors$NativeConnectException: syscall:getsockopt(..) failed: Connection refused
</error>
  </testcase>
  <testcase name="testAddFirst[12]" classname="org.springframework.data.redis.support.collections.RedisListTests" time="0.001">
    <error message="Unable to connect to Redis; nested exception is io.lettuce.core.RedisConnectionException: Unable to connect to 127.0.0.1:6379" type="org.springframework.data.redis.RedisConnectionFailureException">org.springframework.data.redis.RedisConnectionFailureException: Unable to connect to Redis; nested exception is io.lettuce.core.RedisConnectionException: Unable to connect to 127.0.0.1:6379
Caused by: io.lettuce.core.RedisConnectionException: Unable to connect to 127.0.0.1:6379
Caused by: io.netty.channel.AbstractChannel$AnnotatedConnectException: syscall:getsockopt(..) failed: Connection refused: /127.0.0.1:6379
Caused by: io.netty.channel.unix.Errors$NativeConnectException: syscall:getsockopt(..) failed: Connection refused
</error>
  </testcase>
  <testcase name="testAddFirst[12]" classname="org.springframework.data.redis.support.collections.RedisListTests" time="0.001">
    <error message="Unable to connect to Redis; nested exception is io.lettuce.core.RedisConnectionException: Unable to connect to 127.0.0.1:6379" type="org.springframework.data.redis.RedisConnectionFailureException">org.springframework.data.redis.RedisConnectionFailureException: Unable to connect to Redis; nested exception is io.lettuce.core.RedisConnectionException: Unable to connect to 127.0.0.1:6379
Caused by: io.lettuce.core.RedisConnectionException: Unable to connect to 127.0.0.1:6379
Caused by: io.netty.channel.AbstractChannel$AnnotatedConnectException: syscall:getsockopt(..) failed: Connection refused: /127.0.0.1:6379
Caused by: io.netty.channel.unix.Errors$NativeConnectException: syscall:getsockopt(..) failed: Connection refused
</error>
  </testcase>
  <testcase name="testDrainToCollectionWithMaxElements[12]" classname="org.springframework.data.redis.support.collections.RedisListTests" time="0.001">
    <error message="Unable to connect to Redis; nested exception is io.lettuce.core.RedisConnectionException: Unable to connect to 127.0.0.1:6379" type="org.springframework.data.redis.RedisConnectionFailureException">org.springframework.data.redis.RedisConnectionFailureException: Unable to connect to Redis; nested exception is io.lettuce.core.RedisConnectionException: Unable to connect to 127.0.0.1:6379
Caused by: io.lettuce.core.RedisConnectionException: Unable to connect to 127.0.0.1:6379
Caused by: io.netty.channel.AbstractChannel$AnnotatedConnectException: syscall:getsockopt(..) failed: Connection refused: /127.0.0.1:6379
Caused by: io.netty.channel.unix.Errors$NativeConnectException: syscall:getsockopt(..) failed: Connection refused
</error>
  </testcase>
  <testcase name="testDrainToCollectionWithMaxElements[12]" classname="org.springframework.data.redis.support.collections.RedisListTests" time="0.001">
    <error message="Unable to connect to Redis; nested exception is io.lettuce.core.RedisConnectionException: Unable to connect to 127.0.0.1:6379" type="org.springframework.data.redis.RedisConnectionFailureException">org.springframework.data.redis.RedisConnectionFailureException: Unable to connect to Redis; nested exception is io.lettuce.core.RedisConnectionException: Unable to connect to 127.0.0.1:6379
Caused by: io.lettuce.core.RedisConnectionException: Unable to connect to 127.0.0.1:6379
Caused by: io.netty.channel.AbstractChannel$AnnotatedConnectException: syscall:getsockopt(..) failed: Connection refused: /127.0.0.1:6379
Caused by: io.netty.channel.unix.Errors$NativeConnectException: syscall:getsockopt(..) failed: Connection refused
</error>
  </testcase>
  <testcase name="testTakeLast[12]" classname="org.springframework.data.redis.support.collections.RedisListTests" time="0.001">
    <error message="Unable to connect to Redis; nested exception is io.lettuce.core.RedisConnectionException: Unable to connect to 127.0.0.1:6379" type="org.springframework.data.redis.RedisConnectionFailureException">org.springframework.data.redis.RedisConnectionFailureException: Unable to connect to Redis; nested exception is io.lettuce.core.RedisConnectionException: Unable to connect to 127.0.0.1:6379
Caused by: io.lettuce.core.RedisConnectionException: Unable to connect to 127.0.0.1:6379
Caused by: io.netty.channel.AbstractChannel$AnnotatedConnectException: syscall:getsockopt(..) failed: Connection refused: /127.0.0.1:6379
Caused by: io.netty.channel.unix.Errors$NativeConnectException: syscall:getsockopt(..) failed: Connection refused
</error>
  </testcase>
  <testcase name="testTakeLast[12]" classname="org.springframework.data.redis.support.collections.RedisListTests" time="0.002">
    <error message="Unable to connect to Redis; nested exception is io.lettuce.core.RedisConnectionException: Unable to connect to 127.0.0.1:6379" type="org.springframework.data.redis.RedisConnectionFailureException">org.springframework.data.redis.RedisConnectionFailureException: Unable to connect to Redis; nested exception is io.lettuce.core.RedisConnectionException: Unable to connect to 127.0.0.1:6379
Caused by: io.lettuce.core.RedisConnectionException: Unable to connect to 127.0.0.1:6379
Caused by: io.netty.channel.AbstractChannel$AnnotatedConnectException: syscall:getsockopt(..) failed: Connection refused: /127.0.0.1:6379
Caused by: io.netty.channel.unix.Errors$NativeConnectException: syscall:getsockopt(..) failed: Connection refused
</error>
  </testcase>
  <testcase name="testRemainingCapacity[12]" classname="org.springframework.data.redis.support.collections.RedisListTests" time="0">
    <error message="Unable to connect to Redis; nested exception is io.lettuce.core.RedisConnectionException: Unable to connect to 127.0.0.1:6379" type="org.springframework.data.redis.RedisConnectionFailureException">org.springframework.data.redis.RedisConnectionFailureException: Unable to connect to Redis; nested exception is io.lettuce.core.RedisConnectionException: Unable to connect to 127.0.0.1:6379
Caused by: io.lettuce.core.RedisConnectionException: Unable to connect to 127.0.0.1:6379
Caused by: io.netty.channel.AbstractChannel$AnnotatedConnectException: syscall:getsockopt(..) failed: Connection refused: /127.0.0.1:6379
Caused by: io.netty.channel.unix.Errors$NativeConnectException: syscall:getsockopt(..) failed: Connection refused
</error>
  </testcase>
  <testcase name="testRemoveLast[12]" classname="org.springframework.data.redis.support.collections.RedisListTests" time="0.002">
    <error message="Unable to connect to Redis; nested exception is io.lettuce.core.RedisConnectionException: Unable to connect to 127.0.0.1:6379" type="org.springframework.data.redis.RedisConnectionFailureException">org.springframework.data.redis.RedisConnectionFailureException: Unable to connect to Redis; nested exception is io.lettuce.core.RedisConnectionException: Unable to connect to 127.0.0.1:6379
Caused by: io.lettuce.core.RedisConnectionException: Unable to connect to 127.0.0.1:6379
Caused by: io.netty.channel.AbstractChannel$AnnotatedConnectException: syscall:getsockopt(..) failed: Connection refused: /127.0.0.1:6379
Caused by: io.netty.channel.unix.Errors$NativeConnectException: syscall:getsockopt(..) failed: Connection refused
</error>
  </testcase>
  <testcase name="testRemoveLast[12]" classname="org.springframework.data.redis.support.collections.RedisListTests" time="0.002">
    <error message="Unable to connect to Redis; nested exception is io.lettuce.core.RedisConnectionException: Unable to connect to 127.0.0.1:6379" type="org.springframework.data.redis.RedisConnectionFailureException">org.springframework.data.redis.RedisConnectionFailureException: Unable to connect to Redis; nested exception is io.lettuce.core.RedisConnectionException: Unable to connect to 127.0.0.1:6379
Caused by: io.lettuce.core.RedisConnectionException: Unable to connect to 127.0.0.1:6379
Caused by: io.netty.channel.AbstractChannel$AnnotatedConnectException: syscall:getsockopt(..) failed: Connection refused: /127.0.0.1:6379
Caused by: io.netty.channel.unix.Errors$NativeConnectException: syscall:getsockopt(..) failed: Connection refused
</error>
  </testcase>
  <testcase name="testAddIndexObjectHead[12]" classname="org.springframework.data.redis.support.collections.RedisListTests" time="0.001">
    <error message="Unable to connect to Redis; nested exception is io.lettuce.core.RedisConnectionException: Unable to connect to 127.0.0.1:6379" type="org.springframework.data.redis.RedisConnectionFailureException">org.springframework.data.redis.RedisConnectionFailureException: Unable to connect to Redis; nested exception is io.lettuce.core.RedisConnectionException: Unable to connect to 127.0.0.1:6379
Caused by: io.lettuce.core.RedisConnectionException: Unable to connect to 127.0.0.1:6379
Caused by: io.netty.channel.AbstractChannel$AnnotatedConnectException: syscall:getsockopt(..) failed: Connection refused: /127.0.0.1:6379
Caused by: io.netty.channel.unix.Errors$NativeConnectException: syscall:getsockopt(..) failed: Connection refused
</error>
  </testcase>
  <testcase name="testAddIndexObjectHead[12]" classname="org.springframework.data.redis.support.collections.RedisListTests" time="0.001">
    <error message="Unable to connect to Redis; nested exception is io.lettuce.core.RedisConnectionException: Unable to connect to 127.0.0.1:6379" type="org.springframework.data.redis.RedisConnectionFailureException">org.springframework.data.redis.RedisConnectionFailureException: Unable to connect to Redis; nested exception is io.lettuce.core.RedisConnectionException: Unable to connect to 127.0.0.1:6379
Caused by: io.lettuce.core.RedisConnectionException: Unable to connect to 127.0.0.1:6379
Caused by: io.netty.channel.AbstractChannel$AnnotatedConnectException: syscall:getsockopt(..) failed: Connection refused: /127.0.0.1:6379
Caused by: io.netty.channel.unix.Errors$NativeConnectException: syscall:getsockopt(..) failed: Connection refused
</error>
  </testcase>
  <testcase name="testAddIndexObjectTail[12]" classname="org.springframework.data.redis.support.collections.RedisListTests" time="0.001">
    <error message="Unable to connect to Redis; nested exception is io.lettuce.core.RedisConnectionException: Unable to connect to 127.0.0.1:6379" type="org.springframework.data.redis.RedisConnectionFailureException">org.springframework.data.redis.RedisConnectionFailureException: Unable to connect to Redis; nested exception is io.lettuce.core.RedisConnectionException: Unable to connect to 127.0.0.1:6379
Caused by: io.lettuce.core.RedisConnectionException: Unable to connect to 127.0.0.1:6379
Caused by: io.netty.channel.AbstractChannel$AnnotatedConnectException: syscall:getsockopt(..) failed: Connection refused: /127.0.0.1:6379
Caused by: io.netty.channel.unix.Errors$NativeConnectException: syscall:getsockopt(..) failed: Connection refused
</error>
  </testcase>
  <testcase name="testAddIndexObjectTail[12]" classname="org.springframework.data.redis.support.collections.RedisListTests" time="0.001">
    <error message="Unable to connect to Redis; nested exception is io.lettuce.core.RedisConnectionException: Unable to connect to 127.0.0.1:6379" type="org.springframework.data.redis.RedisConnectionFailureException">org.springframework.data.redis.RedisConnectionFailureException: Unable to connect to Redis; nested exception is io.lettuce.core.RedisConnectionException: Unable to connect to 127.0.0.1:6379
Caused by: io.lettuce.core.RedisConnectionException: Unable to connect to 127.0.0.1:6379
Caused by: io.netty.channel.AbstractChannel$AnnotatedConnectException: syscall:getsockopt(..) failed: Connection refused: /127.0.0.1:6379
Caused by: io.netty.channel.unix.Errors$NativeConnectException: syscall:getsockopt(..) failed: Connection refused
</error>
  </testcase>
  <testcase name="testPollFirst[12]" classname="org.springframework.data.redis.support.collections.RedisListTests" time="0.001">
    <error message="Unable to connect to Redis; nested exception is io.lettuce.core.RedisConnectionException: Unable to connect to 127.0.0.1:6379" type="org.springframework.data.redis.RedisConnectionFailureException">org.springframework.data.redis.RedisConnectionFailureException: Unable to connect to Redis; nested exception is io.lettuce.core.RedisConnectionException: Unable to connect to 127.0.0.1:6379
Caused by: io.lettuce.core.RedisConnectionException: Unable to connect to 127.0.0.1:6379
Caused by: io.netty.channel.AbstractChannel$AnnotatedConnectException: syscall:getsockopt(..) failed: Connection refused: /127.0.0.1:6379
Caused by: io.netty.channel.unix.Errors$NativeConnectException: syscall:getsockopt(..) failed: Connection refused
</error>
  </testcase>
  <testcase name="testPollFirst[12]" classname="org.springframework.data.redis.support.collections.RedisListTests" time="0.001">
    <error message="Unable to connect to Redis; nested exception is io.lettuce.core.RedisConnectionException: Unable to connect to 127.0.0.1:6379" type="org.springframework.data.redis.RedisConnectionFailureException">org.springframework.data.redis.RedisConnectionFailureException: Unable to connect to Redis; nested exception is io.lettuce.core.RedisConnectionException: Unable to connect to 127.0.0.1:6379
Caused by: io.lettuce.core.RedisConnectionException: Unable to connect to 127.0.0.1:6379
Caused by: io.netty.channel.AbstractChannel$AnnotatedConnectException: syscall:getsockopt(..) failed: Connection refused: /127.0.0.1:6379
Caused by: io.netty.channel.unix.Errors$NativeConnectException: syscall:getsockopt(..) failed: Connection refused
</error>
  </testcase>
  <testcase name="testAddIndexObjectMiddle[12]" classname="org.springframework.data.redis.support.collections.RedisListTests" time="0.002">
    <error message="Unexpected exception, expected&lt;java.lang.IllegalArgumentException&gt; but was&lt;org.springframework.data.redis.RedisConnectionFailureException&gt;" type="java.lang.Exception"><![CDATA[java.lang.Exception: Unexpected exception, expected<java.lang.IllegalArgumentException> but was<org.springframework.data.redis.RedisConnectionFailureException>
Caused by: org.springframework.data.redis.RedisConnectionFailureException: Unable to connect to Redis; nested exception is io.lettuce.core.RedisConnectionException: Unable to connect to 127.0.0.1:6379
Caused by: io.lettuce.core.RedisConnectionException: Unable to connect to 127.0.0.1:6379
Caused by: io.netty.channel.AbstractChannel$AnnotatedConnectException: syscall:getsockopt(..) failed: Connection refused: /127.0.0.1:6379
Caused by: io.netty.channel.unix.Errors$NativeConnectException: syscall:getsockopt(..) failed: Connection refused
]]></error>
  </testcase>
  <testcase name="testAddIndexObjectMiddle[12]" classname="org.springframework.data.redis.support.collections.RedisListTests" time="0.002">
    <error message="Unable to connect to Redis; nested exception is io.lettuce.core.RedisConnectionException: Unable to connect to 127.0.0.1:6379" type="org.springframework.data.redis.RedisConnectionFailureException">org.springframework.data.redis.RedisConnectionFailureException: Unable to connect to Redis; nested exception is io.lettuce.core.RedisConnectionException: Unable to connect to 127.0.0.1:6379
Caused by: io.lettuce.core.RedisConnectionException: Unable to connect to 127.0.0.1:6379
Caused by: io.netty.channel.AbstractChannel$AnnotatedConnectException: syscall:getsockopt(..) failed: Connection refused: /127.0.0.1:6379
Caused by: io.netty.channel.unix.Errors$NativeConnectException: syscall:getsockopt(..) failed: Connection refused
</error>
  </testcase>
  <testcase name="testPeekLast[12]" classname="org.springframework.data.redis.support.collections.RedisListTests" time="0.001">
    <error message="Unable to connect to Redis; nested exception is io.lettuce.core.RedisConnectionException: Unable to connect to 127.0.0.1:6379" type="org.springframework.data.redis.RedisConnectionFailureException">org.springframework.data.redis.RedisConnectionFailureException: Unable to connect to Redis; nested exception is io.lettuce.core.RedisConnectionException: Unable to connect to 127.0.0.1:6379
Caused by: io.lettuce.core.RedisConnectionException: Unable to connect to 127.0.0.1:6379
Caused by: io.netty.channel.AbstractChannel$AnnotatedConnectException: syscall:getsockopt(..) failed: Connection refused: /127.0.0.1:6379
Caused by: io.netty.channel.unix.Errors$NativeConnectException: syscall:getsockopt(..) failed: Connection refused
</error>
  </testcase>
  <testcase name="testPeekLast[12]" classname="org.springframework.data.redis.support.collections.RedisListTests" time="0.001">
    <error message="Unable to connect to Redis; nested exception is io.lettuce.core.RedisConnectionException: Unable to connect to 127.0.0.1:6379" type="org.springframework.data.redis.RedisConnectionFailureException">org.springframework.data.redis.RedisConnectionFailureException: Unable to connect to Redis; nested exception is io.lettuce.core.RedisConnectionException: Unable to connect to 127.0.0.1:6379
Caused by: io.lettuce.core.RedisConnectionException: Unable to connect to 127.0.0.1:6379
Caused by: io.netty.channel.AbstractChannel$AnnotatedConnectException: syscall:getsockopt(..) failed: Connection refused: /127.0.0.1:6379
Caused by: io.netty.channel.unix.Errors$NativeConnectException: syscall:getsockopt(..) failed: Connection refused
</error>
  </testcase>
  <testcase name="testRemoveFirstOccurrence[12]" classname="org.springframework.data.redis.support.collections.RedisListTests" time="0">
    <error message="Unable to connect to Redis; nested exception is io.lettuce.core.RedisConnectionException: Unable to connect to 127.0.0.1:6379" type="org.springframework.data.redis.RedisConnectionFailureException">org.springframework.data.redis.RedisConnectionFailureException: Unable to connect to Redis; nested exception is io.lettuce.core.RedisConnectionException: Unable to connect to 127.0.0.1:6379
Caused by: io.lettuce.core.RedisConnectionException: Unable to connect to 127.0.0.1:6379
Caused by: io.netty.channel.AbstractChannel$AnnotatedConnectException: syscall:getsockopt(..) failed: Connection refused: /127.0.0.1:6379
Caused by: io.netty.channel.unix.Errors$NativeConnectException: syscall:getsockopt(..) failed: Connection refused
</error>
  </testcase>
  <testcase name="testRemoveFirstOccurrence[12]" classname="org.springframework.data.redis.support.collections.RedisListTests" time="0.001">
    <error message="Unable to connect to Redis; nested exception is io.lettuce.core.RedisConnectionException: Unable to connect to 127.0.0.1:6379" type="org.springframework.data.redis.RedisConnectionFailureException">org.springframework.data.redis.RedisConnectionFailureException: Unable to connect to Redis; nested exception is io.lettuce.core.RedisConnectionException: Unable to connect to 127.0.0.1:6379
Caused by: io.lettuce.core.RedisConnectionException: Unable to connect to 127.0.0.1:6379
Caused by: io.netty.channel.AbstractChannel$AnnotatedConnectException: syscall:getsockopt(..) failed: Connection refused: /127.0.0.1:6379
Caused by: io.netty.channel.unix.Errors$NativeConnectException: syscall:getsockopt(..) failed: Connection refused
</error>
  </testcase>
  <testcase name="addAllIndexCollectionHead[12]" classname="org.springframework.data.redis.support.collections.RedisListTests" time="0.001">
    <error message="Unable to connect to Redis; nested exception is io.lettuce.core.RedisConnectionException: Unable to connect to 127.0.0.1:6379" type="org.springframework.data.redis.RedisConnectionFailureException">org.springframework.data.redis.RedisConnectionFailureException: Unable to connect to Redis; nested exception is io.lettuce.core.RedisConnectionException: Unable to connect to 127.0.0.1:6379
Caused by: io.lettuce.core.RedisConnectionException: Unable to connect to 127.0.0.1:6379
Caused by: io.netty.channel.AbstractChannel$AnnotatedConnectException: syscall:getsockopt(..) failed: Connection refused: /127.0.0.1:6379
Caused by: io.netty.channel.unix.Errors$NativeConnectException: syscall:getsockopt(..) failed: Connection refused
</error>
  </testcase>
  <testcase name="addAllIndexCollectionHead[12]" classname="org.springframework.data.redis.support.collections.RedisListTests" time="0.001">
    <error message="Unable to connect to Redis; nested exception is io.lettuce.core.RedisConnectionException: Unable to connect to 127.0.0.1:6379" type="org.springframework.data.redis.RedisConnectionFailureException">org.springframework.data.redis.RedisConnectionFailureException: Unable to connect to Redis; nested exception is io.lettuce.core.RedisConnectionException: Unable to connect to 127.0.0.1:6379
Caused by: io.lettuce.core.RedisConnectionException: Unable to connect to 127.0.0.1:6379
Caused by: io.netty.channel.AbstractChannel$AnnotatedConnectException: syscall:getsockopt(..) failed: Connection refused: /127.0.0.1:6379
Caused by: io.netty.channel.unix.Errors$NativeConnectException: syscall:getsockopt(..) failed: Connection refused
</error>
  </testcase>
  <testcase name="addAllIndexCollectionTail[12]" classname="org.springframework.data.redis.support.collections.RedisListTests" time="0.001">
    <error message="Unable to connect to Redis; nested exception is io.lettuce.core.RedisConnectionException: Unable to connect to 127.0.0.1:6379" type="org.springframework.data.redis.RedisConnectionFailureException">org.springframework.data.redis.RedisConnectionFailureException: Unable to connect to Redis; nested exception is io.lettuce.core.RedisConnectionException: Unable to connect to 127.0.0.1:6379
Caused by: io.lettuce.core.RedisConnectionException: Unable to connect to 127.0.0.1:6379
Caused by: io.netty.channel.AbstractChannel$AnnotatedConnectException: syscall:getsockopt(..) failed: Connection refused: /127.0.0.1:6379
Caused by: io.netty.channel.unix.Errors$NativeConnectException: syscall:getsockopt(..) failed: Connection refused
</error>
  </testcase>
  <testcase name="addAllIndexCollectionTail[12]" classname="org.springframework.data.redis.support.collections.RedisListTests" time="0.002">
    <error message="Unable to connect to Redis; nested exception is io.lettuce.core.RedisConnectionException: Unable to connect to 127.0.0.1:6379" type="org.springframework.data.redis.RedisConnectionFailureException">org.springframework.data.redis.RedisConnectionFailureException: Unable to connect to Redis; nested exception is io.lettuce.core.RedisConnectionException: Unable to connect to 127.0.0.1:6379
Caused by: io.lettuce.core.RedisConnectionException: Unable to connect to 127.0.0.1:6379
Caused by: io.netty.channel.AbstractChannel$AnnotatedConnectException: syscall:getsockopt(..) failed: Connection refused: /127.0.0.1:6379
Caused by: io.netty.channel.unix.Errors$NativeConnectException: syscall:getsockopt(..) failed: Connection refused
</error>
  </testcase>
  <testcase name="addAllIndexCollectionMiddle[12]" classname="org.springframework.data.redis.support.collections.RedisListTests" time="0.001">
    <error message="Unexpected exception, expected&lt;java.lang.IllegalArgumentException&gt; but was&lt;org.springframework.data.redis.RedisConnectionFailureException&gt;" type="java.lang.Exception"><![CDATA[java.lang.Exception: Unexpected exception, expected<java.lang.IllegalArgumentException> but was<org.springframework.data.redis.RedisConnectionFailureException>
Caused by: org.springframework.data.redis.RedisConnectionFailureException: Unable to connect to Redis; nested exception is io.lettuce.core.RedisConnectionException: Unable to connect to 127.0.0.1:6379
Caused by: io.lettuce.core.RedisConnectionException: Unable to connect to 127.0.0.1:6379
Caused by: io.netty.channel.AbstractChannel$AnnotatedConnectException: syscall:getsockopt(..) failed: Connection refused: /127.0.0.1:6379
Caused by: io.netty.channel.unix.Errors$NativeConnectException: syscall:getsockopt(..) failed: Connection refused
]]></error>
  </testcase>
  <testcase name="addAllIndexCollectionMiddle[12]" classname="org.springframework.data.redis.support.collections.RedisListTests" time="0.001">
    <error message="Unable to connect to Redis; nested exception is io.lettuce.core.RedisConnectionException: Unable to connect to 127.0.0.1:6379" type="org.springframework.data.redis.RedisConnectionFailureException">org.springframework.data.redis.RedisConnectionFailureException: Unable to connect to Redis; nested exception is io.lettuce.core.RedisConnectionException: Unable to connect to 127.0.0.1:6379
Caused by: io.lettuce.core.RedisConnectionException: Unable to connect to 127.0.0.1:6379
Caused by: io.netty.channel.AbstractChannel$AnnotatedConnectException: syscall:getsockopt(..) failed: Connection refused: /127.0.0.1:6379
Caused by: io.netty.channel.unix.Errors$NativeConnectException: syscall:getsockopt(..) failed: Connection refused
</error>
  </testcase>
  <testcase name="testPollLast[12]" classname="org.springframework.data.redis.support.collections.RedisListTests" time="0.002">
    <error message="Unable to connect to Redis; nested exception is io.lettuce.core.RedisConnectionException: Unable to connect to 127.0.0.1:6379" type="org.springframework.data.redis.RedisConnectionFailureException">org.springframework.data.redis.RedisConnectionFailureException: Unable to connect to Redis; nested exception is io.lettuce.core.RedisConnectionException: Unable to connect to 127.0.0.1:6379
Caused by: io.lettuce.core.RedisConnectionException: Unable to connect to 127.0.0.1:6379
Caused by: io.netty.channel.AbstractChannel$AnnotatedConnectException: syscall:getsockopt(..) failed: Connection refused: /127.0.0.1:6379
Caused by: io.netty.channel.unix.Errors$NativeConnectException: syscall:getsockopt(..) failed: Connection refused
</error>
  </testcase>
  <testcase name="testPollLast[12]" classname="org.springframework.data.redis.support.collections.RedisListTests" time="0.002">
    <error message="Unable to connect to Redis; nested exception is io.lettuce.core.RedisConnectionException: Unable to connect to 127.0.0.1:6379" type="org.springframework.data.redis.RedisConnectionFailureException">org.springframework.data.redis.RedisConnectionFailureException: Unable to connect to Redis; nested exception is io.lettuce.core.RedisConnectionException: Unable to connect to 127.0.0.1:6379
Caused by: io.lettuce.core.RedisConnectionException: Unable to connect to 127.0.0.1:6379
Caused by: io.netty.channel.AbstractChannel$AnnotatedConnectException: syscall:getsockopt(..) failed: Connection refused: /127.0.0.1:6379
Caused by: io.netty.channel.unix.Errors$NativeConnectException: syscall:getsockopt(..) failed: Connection refused
</error>
  </testcase>
  <testcase name="testIndexOfObject[12]" classname="org.springframework.data.redis.support.collections.RedisListTests" time="0">
    <error message="Unable to connect to Redis; nested exception is io.lettuce.core.RedisConnectionException: Unable to connect to 127.0.0.1:6379" type="org.springframework.data.redis.RedisConnectionFailureException">org.springframework.data.redis.RedisConnectionFailureException: Unable to connect to Redis; nested exception is io.lettuce.core.RedisConnectionException: Unable to connect to 127.0.0.1:6379
Caused by: io.lettuce.core.RedisConnectionException: Unable to connect to 127.0.0.1:6379
Caused by: io.netty.channel.AbstractChannel$AnnotatedConnectException: syscall:getsockopt(..) failed: Connection refused: /127.0.0.1:6379
Caused by: io.netty.channel.unix.Errors$NativeConnectException: syscall:getsockopt(..) failed: Connection refused
</error>
  </testcase>
  <testcase name="testPollTimeout[12]" classname="org.springframework.data.redis.support.collections.RedisListTests" time="0.001">
    <error message="Unable to connect to Redis; nested exception is io.lettuce.core.RedisConnectionException: Unable to connect to 127.0.0.1:6379" type="org.springframework.data.redis.RedisConnectionFailureException">org.springframework.data.redis.RedisConnectionFailureException: Unable to connect to Redis; nested exception is io.lettuce.core.RedisConnectionException: Unable to connect to 127.0.0.1:6379
Caused by: io.lettuce.core.RedisConnectionException: Unable to connect to 127.0.0.1:6379
Caused by: io.netty.channel.AbstractChannel$AnnotatedConnectException: syscall:getsockopt(..) failed: Connection refused: /127.0.0.1:6379
Caused by: io.netty.channel.unix.Errors$NativeConnectException: syscall:getsockopt(..) failed: Connection refused
</error>
  </testcase>
  <testcase name="testPollTimeout[12]" classname="org.springframework.data.redis.support.collections.RedisListTests" time="0.001">
    <error message="Unable to connect to Redis; nested exception is io.lettuce.core.RedisConnectionException: Unable to connect to 127.0.0.1:6379" type="org.springframework.data.redis.RedisConnectionFailureException">org.springframework.data.redis.RedisConnectionFailureException: Unable to connect to Redis; nested exception is io.lettuce.core.RedisConnectionException: Unable to connect to 127.0.0.1:6379
Caused by: io.lettuce.core.RedisConnectionException: Unable to connect to 127.0.0.1:6379
Caused by: io.netty.channel.AbstractChannel$AnnotatedConnectException: syscall:getsockopt(..) failed: Connection refused: /127.0.0.1:6379
Caused by: io.netty.channel.unix.Errors$NativeConnectException: syscall:getsockopt(..) failed: Connection refused
</error>
  </testcase>
  <testcase name="testRemove[12]" classname="org.springframework.data.redis.support.collections.RedisListTests" time="0.001">
    <error message="Unable to connect to Redis; nested exception is io.lettuce.core.RedisConnectionException: Unable to connect to 127.0.0.1:6379" type="org.springframework.data.redis.RedisConnectionFailureException">org.springframework.data.redis.RedisConnectionFailureException: Unable to connect to Redis; nested exception is io.lettuce.core.RedisConnectionException: Unable to connect to 127.0.0.1:6379
Caused by: io.lettuce.core.RedisConnectionException: Unable to connect to 127.0.0.1:6379
Caused by: io.netty.channel.AbstractChannel$AnnotatedConnectException: syscall:getsockopt(..) failed: Connection refused: /127.0.0.1:6379
Caused by: io.netty.channel.unix.Errors$NativeConnectException: syscall:getsockopt(..) failed: Connection refused
</error>
  </testcase>
  <testcase name="testRemove[12]" classname="org.springframework.data.redis.support.collections.RedisListTests" time="0.001">
    <error message="Unable to connect to Redis; nested exception is io.lettuce.core.RedisConnectionException: Unable to connect to 127.0.0.1:6379" type="org.springframework.data.redis.RedisConnectionFailureException">org.springframework.data.redis.RedisConnectionFailureException: Unable to connect to Redis; nested exception is io.lettuce.core.RedisConnectionException: Unable to connect to 127.0.0.1:6379
Caused by: io.lettuce.core.RedisConnectionException: Unable to connect to 127.0.0.1:6379
Caused by: io.netty.channel.AbstractChannel$AnnotatedConnectException: syscall:getsockopt(..) failed: Connection refused: /127.0.0.1:6379
Caused by: io.netty.channel.unix.Errors$NativeConnectException: syscall:getsockopt(..) failed: Connection refused
</error>
  </testcase>
  <testcase name="testCappedCollection[12]" classname="org.springframework.data.redis.support.collections.RedisListTests" time="0.001">
    <error message="Unable to connect to Redis; nested exception is io.lettuce.core.RedisConnectionException: Unable to connect to 127.0.0.1:6379" type="org.springframework.data.redis.RedisConnectionFailureException">org.springframework.data.redis.RedisConnectionFailureException: Unable to connect to Redis; nested exception is io.lettuce.core.RedisConnectionException: Unable to connect to 127.0.0.1:6379
Caused by: io.lettuce.core.RedisConnectionException: Unable to connect to 127.0.0.1:6379
Caused by: io.netty.channel.AbstractChannel$AnnotatedConnectException: syscall:getsockopt(..) failed: Connection refused: /127.0.0.1:6379
Caused by: io.netty.channel.unix.Errors$NativeConnectException: syscall:getsockopt(..) failed: Connection refused
</error>
  </testcase>
  <testcase name="testCappedCollection[12]" classname="org.springframework.data.redis.support.collections.RedisListTests" time="0.001">
    <error message="Unable to connect to Redis; nested exception is io.lettuce.core.RedisConnectionException: Unable to connect to 127.0.0.1:6379" type="org.springframework.data.redis.RedisConnectionFailureException">org.springframework.data.redis.RedisConnectionFailureException: Unable to connect to Redis; nested exception is io.lettuce.core.RedisConnectionException: Unable to connect to 127.0.0.1:6379
Caused by: io.lettuce.core.RedisConnectionException: Unable to connect to 127.0.0.1:6379
Caused by: io.netty.channel.AbstractChannel$AnnotatedConnectException: syscall:getsockopt(..) failed: Connection refused: /127.0.0.1:6379
Caused by: io.netty.channel.unix.Errors$NativeConnectException: syscall:getsockopt(..) failed: Connection refused
</error>
  </testcase>
  <testcase name="testRmoveLastOccurrence[12]" classname="org.springframework.data.redis.support.collections.RedisListTests" time="0.001">
    <error message="Unable to connect to Redis; nested exception is io.lettuce.core.RedisConnectionException: Unable to connect to 127.0.0.1:6379" type="org.springframework.data.redis.RedisConnectionFailureException">org.springframework.data.redis.RedisConnectionFailureException: Unable to connect to Redis; nested exception is io.lettuce.core.RedisConnectionException: Unable to connect to 127.0.0.1:6379
Caused by: io.lettuce.core.RedisConnectionException: Unable to connect to 127.0.0.1:6379
Caused by: io.netty.channel.AbstractChannel$AnnotatedConnectException: syscall:getsockopt(..) failed: Connection refused: /127.0.0.1:6379
Caused by: io.netty.channel.unix.Errors$NativeConnectException: syscall:getsockopt(..) failed: Connection refused
</error>
  </testcase>
  <testcase name="testRmoveLastOccurrence[12]" classname="org.springframework.data.redis.support.collections.RedisListTests" time="0.001">
    <error message="Unable to connect to Redis; nested exception is io.lettuce.core.RedisConnectionException: Unable to connect to 127.0.0.1:6379" type="org.springframework.data.redis.RedisConnectionFailureException">org.springframework.data.redis.RedisConnectionFailureException: Unable to connect to Redis; nested exception is io.lettuce.core.RedisConnectionException: Unable to connect to 127.0.0.1:6379
Caused by: io.lettuce.core.RedisConnectionException: Unable to connect to 127.0.0.1:6379
Caused by: io.netty.channel.AbstractChannel$AnnotatedConnectException: syscall:getsockopt(..) failed: Connection refused: /127.0.0.1:6379
Caused by: io.netty.channel.unix.Errors$NativeConnectException: syscall:getsockopt(..) failed: Connection refused
</error>
  </testcase>
  <testcase name="testTakeFirst[12]" classname="org.springframework.data.redis.support.collections.RedisListTests" time="0.001">
    <error message="Unable to connect to Redis; nested exception is io.lettuce.core.RedisConnectionException: Unable to connect to 127.0.0.1:6379" type="org.springframework.data.redis.RedisConnectionFailureException">org.springframework.data.redis.RedisConnectionFailureException: Unable to connect to Redis; nested exception is io.lettuce.core.RedisConnectionException: Unable to connect to 127.0.0.1:6379
Caused by: io.lettuce.core.RedisConnectionException: Unable to connect to 127.0.0.1:6379
Caused by: io.netty.channel.AbstractChannel$AnnotatedConnectException: syscall:getsockopt(..) failed: Connection refused: /127.0.0.1:6379
Caused by: io.netty.channel.unix.Errors$NativeConnectException: syscall:getsockopt(..) failed: Connection refused
</error>
  </testcase>
  <testcase name="testTakeFirst[12]" classname="org.springframework.data.redis.support.collections.RedisListTests" time="0.001">
    <error message="Unable to connect to Redis; nested exception is io.lettuce.core.RedisConnectionException: Unable to connect to 127.0.0.1:6379" type="org.springframework.data.redis.RedisConnectionFailureException">org.springframework.data.redis.RedisConnectionFailureException: Unable to connect to Redis; nested exception is io.lettuce.core.RedisConnectionException: Unable to connect to 127.0.0.1:6379
Caused by: io.lettuce.core.RedisConnectionException: Unable to connect to 127.0.0.1:6379
Caused by: io.netty.channel.AbstractChannel$AnnotatedConnectException: syscall:getsockopt(..) failed: Connection refused: /127.0.0.1:6379
Caused by: io.netty.channel.unix.Errors$NativeConnectException: syscall:getsockopt(..) failed: Connection refused
</error>
  </testcase>
  <testcase name="testContainsObject[12]" classname="org.springframework.data.redis.support.collections.RedisListTests" time="0.001">
    <error message="Unable to connect to Redis; nested exception is io.lettuce.core.RedisConnectionException: Unable to connect to 127.0.0.1:6379" type="org.springframework.data.redis.RedisConnectionFailureException">org.springframework.data.redis.RedisConnectionFailureException: Unable to connect to Redis; nested exception is io.lettuce.core.RedisConnectionException: Unable to connect to 127.0.0.1:6379
Caused by: io.lettuce.core.RedisConnectionException: Unable to connect to 127.0.0.1:6379
Caused by: io.netty.channel.AbstractChannel$AnnotatedConnectException: syscall:getsockopt(..) failed: Connection refused: /127.0.0.1:6379
Caused by: io.netty.channel.unix.Errors$NativeConnectException: syscall:getsockopt(..) failed: Connection refused
</error>
  </testcase>
  <testcase name="testContainsObject[12]" classname="org.springframework.data.redis.support.collections.RedisListTests" time="0.001">
    <error message="Unable to connect to Redis; nested exception is io.lettuce.core.RedisConnectionException: Unable to connect to 127.0.0.1:6379" type="org.springframework.data.redis.RedisConnectionFailureException">org.springframework.data.redis.RedisConnectionFailureException: Unable to connect to Redis; nested exception is io.lettuce.core.RedisConnectionException: Unable to connect to 127.0.0.1:6379
Caused by: io.lettuce.core.RedisConnectionException: Unable to connect to 127.0.0.1:6379
Caused by: io.netty.channel.AbstractChannel$AnnotatedConnectException: syscall:getsockopt(..) failed: Connection refused: /127.0.0.1:6379
Caused by: io.netty.channel.unix.Errors$NativeConnectException: syscall:getsockopt(..) failed: Connection refused
</error>
  </testcase>
  <testcase name="testToArray[12]" classname="org.springframework.data.redis.support.collections.RedisListTests" time="0.002">
    <error message="Unable to connect to Redis; nested exception is io.lettuce.core.RedisConnectionException: Unable to connect to 127.0.0.1:6379" type="org.springframework.data.redis.RedisConnectionFailureException">org.springframework.data.redis.RedisConnectionFailureException: Unable to connect to Redis; nested exception is io.lettuce.core.RedisConnectionException: Unable to connect to 127.0.0.1:6379
Caused by: io.lettuce.core.RedisConnectionException: Unable to connect to 127.0.0.1:6379
Caused by: io.netty.channel.AbstractChannel$AnnotatedConnectException: syscall:getsockopt(..) failed: Connection refused: /127.0.0.1:6379
Caused by: io.netty.channel.unix.Errors$NativeConnectException: syscall:getsockopt(..) failed: Connection refused
</error>
  </testcase>
  <testcase name="testToArray[12]" classname="org.springframework.data.redis.support.collections.RedisListTests" time="0.002">
    <error message="Unable to connect to Redis; nested exception is io.lettuce.core.RedisConnectionException: Unable to connect to 127.0.0.1:6379" type="org.springframework.data.redis.RedisConnectionFailureException">org.springframework.data.redis.RedisConnectionFailureException: Unable to connect to Redis; nested exception is io.lettuce.core.RedisConnectionException: Unable to connect to 127.0.0.1:6379
Caused by: io.lettuce.core.RedisConnectionException: Unable to connect to 127.0.0.1:6379
Caused by: io.netty.channel.AbstractChannel$AnnotatedConnectException: syscall:getsockopt(..) failed: Connection refused: /127.0.0.1:6379
Caused by: io.netty.channel.unix.Errors$NativeConnectException: syscall:getsockopt(..) failed: Connection refused
</error>
  </testcase>
  <testcase name="testAdd[12]" classname="org.springframework.data.redis.support.collections.RedisListTests" time="0.001">
    <error message="Unable to connect to Redis; nested exception is io.lettuce.core.RedisConnectionException: Unable to connect to 127.0.0.1:6379" type="org.springframework.data.redis.RedisConnectionFailureException">org.springframework.data.redis.RedisConnectionFailureException: Unable to connect to Redis; nested exception is io.lettuce.core.RedisConnectionException: Unable to connect to 127.0.0.1:6379
Caused by: io.lettuce.core.RedisConnectionException: Unable to connect to 127.0.0.1:6379
Caused by: io.netty.channel.AbstractChannel$AnnotatedConnectException: syscall:getsockopt(..) failed: Connection refused: /127.0.0.1:6379
Caused by: io.netty.channel.unix.Errors$NativeConnectException: syscall:getsockopt(..) failed: Connection refused
</error>
  </testcase>
  <testcase name="testAdd[12]" classname="org.springframework.data.redis.support.collections.RedisListTests" time="0.002">
    <error message="Unable to connect to Redis; nested exception is io.lettuce.core.RedisConnectionException: Unable to connect to 127.0.0.1:6379" type="org.springframework.data.redis.RedisConnectionFailureException">org.springframework.data.redis.RedisConnectionFailureException: Unable to connect to Redis; nested exception is io.lettuce.core.RedisConnectionException: Unable to connect to 127.0.0.1:6379
Caused by: io.lettuce.core.RedisConnectionException: Unable to connect to 127.0.0.1:6379
Caused by: io.netty.channel.AbstractChannel$AnnotatedConnectException: syscall:getsockopt(..) failed: Connection refused: /127.0.0.1:6379
Caused by: io.netty.channel.unix.Errors$NativeConnectException: syscall:getsockopt(..) failed: Connection refused
</error>
  </testcase>
  <testcase name="testClear[12]" classname="org.springframework.data.redis.support.collections.RedisListTests" time="0.001">
    <error message="Unable to connect to Redis; nested exception is io.lettuce.core.RedisConnectionException: Unable to connect to 127.0.0.1:6379" type="org.springframework.data.redis.RedisConnectionFailureException">org.springframework.data.redis.RedisConnectionFailureException: Unable to connect to Redis; nested exception is io.lettuce.core.RedisConnectionException: Unable to connect to 127.0.0.1:6379
Caused by: io.lettuce.core.RedisConnectionException: Unable to connect to 127.0.0.1:6379
Caused by: io.netty.channel.AbstractChannel$AnnotatedConnectException: syscall:getsockopt(..) failed: Connection refused: /127.0.0.1:6379
Caused by: io.netty.channel.unix.Errors$NativeConnectException: syscall:getsockopt(..) failed: Connection refused
</error>
  </testcase>
  <testcase name="testClear[12]" classname="org.springframework.data.redis.support.collections.RedisListTests" time="0.001">
    <error message="Unable to connect to Redis; nested exception is io.lettuce.core.RedisConnectionException: Unable to connect to 127.0.0.1:6379" type="org.springframework.data.redis.RedisConnectionFailureException">org.springframework.data.redis.RedisConnectionFailureException: Unable to connect to Redis; nested exception is io.lettuce.core.RedisConnectionException: Unable to connect to 127.0.0.1:6379
Caused by: io.lettuce.core.RedisConnectionException: Unable to connect to 127.0.0.1:6379
Caused by: io.netty.channel.AbstractChannel$AnnotatedConnectException: syscall:getsockopt(..) failed: Connection refused: /127.0.0.1:6379
Caused by: io.netty.channel.unix.Errors$NativeConnectException: syscall:getsockopt(..) failed: Connection refused
</error>
  </testcase>
  <testcase name="testSize[12]" classname="org.springframework.data.redis.support.collections.RedisListTests" time="0.001">
    <error message="Unable to connect to Redis; nested exception is io.lettuce.core.RedisConnectionException: Unable to connect to 127.0.0.1:6379" type="org.springframework.data.redis.RedisConnectionFailureException">org.springframework.data.redis.RedisConnectionFailureException: Unable to connect to Redis; nested exception is io.lettuce.core.RedisConnectionException: Unable to connect to 127.0.0.1:6379
Caused by: io.lettuce.core.RedisConnectionException: Unable to connect to 127.0.0.1:6379
Caused by: io.netty.channel.AbstractChannel$AnnotatedConnectException: syscall:getsockopt(..) failed: Connection refused: /127.0.0.1:6379
Caused by: io.netty.channel.unix.Errors$NativeConnectException: syscall:getsockopt(..) failed: Connection refused
</error>
  </testcase>
  <testcase name="testSize[12]" classname="org.springframework.data.redis.support.collections.RedisListTests" time="0.001">
    <error message="Unable to connect to Redis; nested exception is io.lettuce.core.RedisConnectionException: Unable to connect to 127.0.0.1:6379" type="org.springframework.data.redis.RedisConnectionFailureException">org.springframework.data.redis.RedisConnectionFailureException: Unable to connect to Redis; nested exception is io.lettuce.core.RedisConnectionException: Unable to connect to 127.0.0.1:6379
Caused by: io.lettuce.core.RedisConnectionException: Unable to connect to 127.0.0.1:6379
Caused by: io.netty.channel.AbstractChannel$AnnotatedConnectException: syscall:getsockopt(..) failed: Connection refused: /127.0.0.1:6379
Caused by: io.netty.channel.unix.Errors$NativeConnectException: syscall:getsockopt(..) failed: Connection refused
</error>
  </testcase>
  <testcase name="testToString[12]" classname="org.springframework.data.redis.support.collections.RedisListTests" time="0.001">
    <error message="Unable to connect to Redis; nested exception is io.lettuce.core.RedisConnectionException: Unable to connect to 127.0.0.1:6379" type="org.springframework.data.redis.RedisConnectionFailureException">org.springframework.data.redis.RedisConnectionFailureException: Unable to connect to Redis; nested exception is io.lettuce.core.RedisConnectionException: Unable to connect to 127.0.0.1:6379
Caused by: io.lettuce.core.RedisConnectionException: Unable to connect to 127.0.0.1:6379
Caused by: io.netty.channel.AbstractChannel$AnnotatedConnectException: syscall:getsockopt(..) failed: Connection refused: /127.0.0.1:6379
Caused by: io.netty.channel.unix.Errors$NativeConnectException: syscall:getsockopt(..) failed: Connection refused
</error>
  </testcase>
  <testcase name="testToString[12]" classname="org.springframework.data.redis.support.collections.RedisListTests" time="0.001">
    <error message="Unable to connect to Redis; nested exception is io.lettuce.core.RedisConnectionException: Unable to connect to 127.0.0.1:6379" type="org.springframework.data.redis.RedisConnectionFailureException">org.springframework.data.redis.RedisConnectionFailureException: Unable to connect to Redis; nested exception is io.lettuce.core.RedisConnectionException: Unable to connect to 127.0.0.1:6379
Caused by: io.lettuce.core.RedisConnectionException: Unable to connect to 127.0.0.1:6379
Caused by: io.netty.channel.AbstractChannel$AnnotatedConnectException: syscall:getsockopt(..) failed: Connection refused: /127.0.0.1:6379
Caused by: io.netty.channel.unix.Errors$NativeConnectException: syscall:getsockopt(..) failed: Connection refused
</error>
  </testcase>
  <testcase name="testContainsAll[12]" classname="org.springframework.data.redis.support.collections.RedisListTests" time="0.001">
    <error message="Unable to connect to Redis; nested exception is io.lettuce.core.RedisConnectionException: Unable to connect to 127.0.0.1:6379" type="org.springframework.data.redis.RedisConnectionFailureException">org.springframework.data.redis.RedisConnectionFailureException: Unable to connect to Redis; nested exception is io.lettuce.core.RedisConnectionException: Unable to connect to 127.0.0.1:6379
Caused by: io.lettuce.core.RedisConnectionException: Unable to connect to 127.0.0.1:6379
Caused by: io.netty.channel.AbstractChannel$AnnotatedConnectException: syscall:getsockopt(..) failed: Connection refused: /127.0.0.1:6379
Caused by: io.netty.channel.unix.Errors$NativeConnectException: syscall:getsockopt(..) failed: Connection refused
</error>
  </testcase>
  <testcase name="testContainsAll[12]" classname="org.springframework.data.redis.support.collections.RedisListTests" time="0.001">
    <error message="Unable to connect to Redis; nested exception is io.lettuce.core.RedisConnectionException: Unable to connect to 127.0.0.1:6379" type="org.springframework.data.redis.RedisConnectionFailureException">org.springframework.data.redis.RedisConnectionFailureException: Unable to connect to Redis; nested exception is io.lettuce.core.RedisConnectionException: Unable to connect to 127.0.0.1:6379
Caused by: io.lettuce.core.RedisConnectionException: Unable to connect to 127.0.0.1:6379
Caused by: io.netty.channel.AbstractChannel$AnnotatedConnectException: syscall:getsockopt(..) failed: Connection refused: /127.0.0.1:6379
Caused by: io.netty.channel.unix.Errors$NativeConnectException: syscall:getsockopt(..) failed: Connection refused
</error>
  </testcase>
  <testcase name="testRemoveObject[12]" classname="org.springframework.data.redis.support.collections.RedisListTests" time="0">
    <error message="Unable to connect to Redis; nested exception is io.lettuce.core.RedisConnectionException: Unable to connect to 127.0.0.1:6379" type="org.springframework.data.redis.RedisConnectionFailureException">org.springframework.data.redis.RedisConnectionFailureException: Unable to connect to Redis; nested exception is io.lettuce.core.RedisConnectionException: Unable to connect to 127.0.0.1:6379
Caused by: io.lettuce.core.RedisConnectionException: Unable to connect to 127.0.0.1:6379
Caused by: io.netty.channel.AbstractChannel$AnnotatedConnectException: syscall:getsockopt(..) failed: Connection refused: /127.0.0.1:6379
Caused by: io.netty.channel.unix.Errors$NativeConnectException: syscall:getsockopt(..) failed: Connection refused
</error>
  </testcase>
  <testcase name="testRemoveObject[12]" classname="org.springframework.data.redis.support.collections.RedisListTests" time="0.001">
    <error message="Unable to connect to Redis; nested exception is io.lettuce.core.RedisConnectionException: Unable to connect to 127.0.0.1:6379" type="org.springframework.data.redis.RedisConnectionFailureException">org.springframework.data.redis.RedisConnectionFailureException: Unable to connect to Redis; nested exception is io.lettuce.core.RedisConnectionException: Unable to connect to 127.0.0.1:6379
Caused by: io.lettuce.core.RedisConnectionException: Unable to connect to 127.0.0.1:6379
Caused by: io.netty.channel.AbstractChannel$AnnotatedConnectException: syscall:getsockopt(..) failed: Connection refused: /127.0.0.1:6379
Caused by: io.netty.channel.unix.Errors$NativeConnectException: syscall:getsockopt(..) failed: Connection refused
</error>
  </testcase>
  <testcase name="testHashCode[12]" classname="org.springframework.data.redis.support.collections.RedisListTests" time="0">
    <error message="Unable to connect to Redis; nested exception is io.lettuce.core.RedisConnectionException: Unable to connect to 127.0.0.1:6379" type="org.springframework.data.redis.RedisConnectionFailureException">org.springframework.data.redis.RedisConnectionFailureException: Unable to connect to Redis; nested exception is io.lettuce.core.RedisConnectionException: Unable to connect to 127.0.0.1:6379
Caused by: io.lettuce.core.RedisConnectionException: Unable to connect to 127.0.0.1:6379
Caused by: io.netty.channel.AbstractChannel$AnnotatedConnectException: syscall:getsockopt(..) failed: Connection refused: /127.0.0.1:6379
Caused by: io.netty.channel.unix.Errors$NativeConnectException: syscall:getsockopt(..) failed: Connection refused
</error>
  </testcase>
  <testcase name="testAddAll[12]" classname="org.springframework.data.redis.support.collections.RedisListTests" time="0.002">
    <error message="Unable to connect to Redis; nested exception is io.lettuce.core.RedisConnectionException: Unable to connect to 127.0.0.1:6379" type="org.springframework.data.redis.RedisConnectionFailureException">org.springframework.data.redis.RedisConnectionFailureException: Unable to connect to Redis; nested exception is io.lettuce.core.RedisConnectionException: Unable to connect to 127.0.0.1:6379
Caused by: io.lettuce.core.RedisConnectionException: Unable to connect to 127.0.0.1:6379
Caused by: io.netty.channel.AbstractChannel$AnnotatedConnectException: syscall:getsockopt(..) failed: Connection refused: /127.0.0.1:6379
Caused by: io.netty.channel.unix.Errors$NativeConnectException: syscall:getsockopt(..) failed: Connection refused
</error>
  </testcase>
  <testcase name="testAddAll[12]" classname="org.springframework.data.redis.support.collections.RedisListTests" time="0.002">
    <error message="Unable to connect to Redis; nested exception is io.lettuce.core.RedisConnectionException: Unable to connect to 127.0.0.1:6379" type="org.springframework.data.redis.RedisConnectionFailureException">org.springframework.data.redis.RedisConnectionFailureException: Unable to connect to Redis; nested exception is io.lettuce.core.RedisConnectionException: Unable to connect to 127.0.0.1:6379
Caused by: io.lettuce.core.RedisConnectionException: Unable to connect to 127.0.0.1:6379
Caused by: io.netty.channel.AbstractChannel$AnnotatedConnectException: syscall:getsockopt(..) failed: Connection refused: /127.0.0.1:6379
Caused by: io.netty.channel.unix.Errors$NativeConnectException: syscall:getsockopt(..) failed: Connection refused
</error>
  </testcase>
  <testcase name="removeAll[12]" classname="org.springframework.data.redis.support.collections.RedisListTests" time="0.001">
    <error message="Unable to connect to Redis; nested exception is io.lettuce.core.RedisConnectionException: Unable to connect to 127.0.0.1:6379" type="org.springframework.data.redis.RedisConnectionFailureException">org.springframework.data.redis.RedisConnectionFailureException: Unable to connect to Redis; nested exception is io.lettuce.core.RedisConnectionException: Unable to connect to 127.0.0.1:6379
Caused by: io.lettuce.core.RedisConnectionException: Unable to connect to 127.0.0.1:6379
Caused by: io.netty.channel.AbstractChannel$AnnotatedConnectException: syscall:getsockopt(..) failed: Connection refused: /127.0.0.1:6379
Caused by: io.netty.channel.unix.Errors$NativeConnectException: syscall:getsockopt(..) failed: Connection refused
</error>
  </testcase>
  <testcase name="removeAll[12]" classname="org.springframework.data.redis.support.collections.RedisListTests" time="0.001">
    <error message="Unable to connect to Redis; nested exception is io.lettuce.core.RedisConnectionException: Unable to connect to 127.0.0.1:6379" type="org.springframework.data.redis.RedisConnectionFailureException">org.springframework.data.redis.RedisConnectionFailureException: Unable to connect to Redis; nested exception is io.lettuce.core.RedisConnectionException: Unable to connect to 127.0.0.1:6379
Caused by: io.lettuce.core.RedisConnectionException: Unable to connect to 127.0.0.1:6379
Caused by: io.netty.channel.AbstractChannel$AnnotatedConnectException: syscall:getsockopt(..) failed: Connection refused: /127.0.0.1:6379
Caused by: io.netty.channel.unix.Errors$NativeConnectException: syscall:getsockopt(..) failed: Connection refused
</error>
  </testcase>
  <testcase name="testEquals[12]" classname="org.springframework.data.redis.support.collections.RedisListTests" time="0.001">
    <error message="Unable to connect to Redis; nested exception is io.lettuce.core.RedisConnectionException: Unable to connect to 127.0.0.1:6379" type="org.springframework.data.redis.RedisConnectionFailureException">org.springframework.data.redis.RedisConnectionFailureException: Unable to connect to Redis; nested exception is io.lettuce.core.RedisConnectionException: Unable to connect to 127.0.0.1:6379
Caused by: io.lettuce.core.RedisConnectionException: Unable to connect to 127.0.0.1:6379
Caused by: io.netty.channel.AbstractChannel$AnnotatedConnectException: syscall:getsockopt(..) failed: Connection refused: /127.0.0.1:6379
Caused by: io.netty.channel.unix.Errors$NativeConnectException: syscall:getsockopt(..) failed: Connection refused
</error>
  </testcase>
  <testcase name="testGetKey[12]" classname="org.springframework.data.redis.support.collections.RedisListTests" time="0.001">
    <error message="Unable to connect to Redis; nested exception is io.lettuce.core.RedisConnectionException: Unable to connect to 127.0.0.1:6379" type="org.springframework.data.redis.RedisConnectionFailureException">org.springframework.data.redis.RedisConnectionFailureException: Unable to connect to Redis; nested exception is io.lettuce.core.RedisConnectionException: Unable to connect to 127.0.0.1:6379
Caused by: io.lettuce.core.RedisConnectionException: Unable to connect to 127.0.0.1:6379
Caused by: io.netty.channel.AbstractChannel$AnnotatedConnectException: syscall:getsockopt(..) failed: Connection refused: /127.0.0.1:6379
Caused by: io.netty.channel.unix.Errors$NativeConnectException: syscall:getsockopt(..) failed: Connection refused
</error>
  </testcase>
  <testcase name="testToArrayWithGenerics[12]" classname="org.springframework.data.redis.support.collections.RedisListTests" time="0.001">
    <error message="Unable to connect to Redis; nested exception is io.lettuce.core.RedisConnectionException: Unable to connect to 127.0.0.1:6379" type="org.springframework.data.redis.RedisConnectionFailureException">org.springframework.data.redis.RedisConnectionFailureException: Unable to connect to Redis; nested exception is io.lettuce.core.RedisConnectionException: Unable to connect to 127.0.0.1:6379
Caused by: io.lettuce.core.RedisConnectionException: Unable to connect to 127.0.0.1:6379
Caused by: io.netty.channel.AbstractChannel$AnnotatedConnectException: syscall:getsockopt(..) failed: Connection refused: /127.0.0.1:6379
Caused by: io.netty.channel.unix.Errors$NativeConnectException: syscall:getsockopt(..) failed: Connection refused
</error>
  </testcase>
  <testcase name="testToArrayWithGenerics[12]" classname="org.springframework.data.redis.support.collections.RedisListTests" time="0.001">
    <error message="Unable to connect to Redis; nested exception is io.lettuce.core.RedisConnectionException: Unable to connect to 127.0.0.1:6379" type="org.springframework.data.redis.RedisConnectionFailureException">org.springframework.data.redis.RedisConnectionFailureException: Unable to connect to Redis; nested exception is io.lettuce.core.RedisConnectionException: Unable to connect to 127.0.0.1:6379
Caused by: io.lettuce.core.RedisConnectionException: Unable to connect to 127.0.0.1:6379
Caused by: io.netty.channel.AbstractChannel$AnnotatedConnectException: syscall:getsockopt(..) failed: Connection refused: /127.0.0.1:6379
Caused by: io.netty.channel.unix.Errors$NativeConnectException: syscall:getsockopt(..) failed: Connection refused
</error>
  </testcase>
  <testcase name="testIsEmpty[12]" classname="org.springframework.data.redis.support.collections.RedisListTests" time="0.001">
    <error message="Unable to connect to Redis; nested exception is io.lettuce.core.RedisConnectionException: Unable to connect to 127.0.0.1:6379" type="org.springframework.data.redis.RedisConnectionFailureException">org.springframework.data.redis.RedisConnectionFailureException: Unable to connect to Redis; nested exception is io.lettuce.core.RedisConnectionException: Unable to connect to 127.0.0.1:6379
Caused by: io.lettuce.core.RedisConnectionException: Unable to connect to 127.0.0.1:6379
Caused by: io.netty.channel.AbstractChannel$AnnotatedConnectException: syscall:getsockopt(..) failed: Connection refused: /127.0.0.1:6379
Caused by: io.netty.channel.unix.Errors$NativeConnectException: syscall:getsockopt(..) failed: Connection refused
</error>
  </testcase>
  <testcase name="testIsEmpty[12]" classname="org.springframework.data.redis.support.collections.RedisListTests" time="0.002">
    <error message="Unable to connect to Redis; nested exception is io.lettuce.core.RedisConnectionException: Unable to connect to 127.0.0.1:6379" type="org.springframework.data.redis.RedisConnectionFailureException">org.springframework.data.redis.RedisConnectionFailureException: Unable to connect to Redis; nested exception is io.lettuce.core.RedisConnectionException: Unable to connect to 127.0.0.1:6379
Caused by: io.lettuce.core.RedisConnectionException: Unable to connect to 127.0.0.1:6379
Caused by: io.netty.channel.AbstractChannel$AnnotatedConnectException: syscall:getsockopt(..) failed: Connection refused: /127.0.0.1:6379
Caused by: io.netty.channel.unix.Errors$NativeConnectException: syscall:getsockopt(..) failed: Connection refused
</error>
  </testcase>
  <testcase name="testIterator[12]" classname="org.springframework.data.redis.support.collections.RedisListTests" time="0.001">
    <error message="Unable to connect to Redis; nested exception is io.lettuce.core.RedisConnectionException: Unable to connect to 127.0.0.1:6379" type="org.springframework.data.redis.RedisConnectionFailureException">org.springframework.data.redis.RedisConnectionFailureException: Unable to connect to Redis; nested exception is io.lettuce.core.RedisConnectionException: Unable to connect to 127.0.0.1:6379
Caused by: io.lettuce.core.RedisConnectionException: Unable to connect to 127.0.0.1:6379
Caused by: io.netty.channel.AbstractChannel$AnnotatedConnectException: syscall:getsockopt(..) failed: Connection refused: /127.0.0.1:6379
Caused by: io.netty.channel.unix.Errors$NativeConnectException: syscall:getsockopt(..) failed: Connection refused
</error>
  </testcase>
  <testcase name="testIterator[12]" classname="org.springframework.data.redis.support.collections.RedisListTests" time="0.001">
    <error message="Unable to connect to Redis; nested exception is io.lettuce.core.RedisConnectionException: Unable to connect to 127.0.0.1:6379" type="org.springframework.data.redis.RedisConnectionFailureException">org.springframework.data.redis.RedisConnectionFailureException: Unable to connect to Redis; nested exception is io.lettuce.core.RedisConnectionException: Unable to connect to 127.0.0.1:6379
Caused by: io.lettuce.core.RedisConnectionException: Unable to connect to 127.0.0.1:6379
Caused by: io.netty.channel.AbstractChannel$AnnotatedConnectException: syscall:getsockopt(..) failed: Connection refused: /127.0.0.1:6379
Caused by: io.netty.channel.unix.Errors$NativeConnectException: syscall:getsockopt(..) failed: Connection refused
</error>
  </testcase>
  <testcase name="testElement[13]" classname="org.springframework.data.redis.support.collections.RedisListTests" time="0.001">
    <error message="Unable to connect to Redis; nested exception is io.lettuce.core.RedisConnectionException: Unable to connect to 127.0.0.1:6379" type="org.springframework.data.redis.RedisConnectionFailureException">org.springframework.data.redis.RedisConnectionFailureException: Unable to connect to Redis; nested exception is io.lettuce.core.RedisConnectionException: Unable to connect to 127.0.0.1:6379
Caused by: io.lettuce.core.RedisConnectionException: Unable to connect to 127.0.0.1:6379
Caused by: io.netty.channel.AbstractChannel$AnnotatedConnectException: syscall:getsockopt(..) failed: Connection refused: /127.0.0.1:6379
Caused by: io.netty.channel.unix.Errors$NativeConnectException: syscall:getsockopt(..) failed: Connection refused
</error>
  </testcase>
  <testcase name="testElement[13]" classname="org.springframework.data.redis.support.collections.RedisListTests" time="0.002">
    <error message="Unable to connect to Redis; nested exception is io.lettuce.core.RedisConnectionException: Unable to connect to 127.0.0.1:6379" type="org.springframework.data.redis.RedisConnectionFailureException">org.springframework.data.redis.RedisConnectionFailureException: Unable to connect to Redis; nested exception is io.lettuce.core.RedisConnectionException: Unable to connect to 127.0.0.1:6379
Caused by: io.lettuce.core.RedisConnectionException: Unable to connect to 127.0.0.1:6379
Caused by: io.netty.channel.AbstractChannel$AnnotatedConnectException: syscall:getsockopt(..) failed: Connection refused: /127.0.0.1:6379
Caused by: io.netty.channel.unix.Errors$NativeConnectException: syscall:getsockopt(..) failed: Connection refused
</error>
  </testcase>
  <testcase name="testPutFirst[13]" classname="org.springframework.data.redis.support.collections.RedisListTests" time="0.001">
    <error message="Unable to connect to Redis; nested exception is io.lettuce.core.RedisConnectionException: Unable to connect to 127.0.0.1:6379" type="org.springframework.data.redis.RedisConnectionFailureException">org.springframework.data.redis.RedisConnectionFailureException: Unable to connect to Redis; nested exception is io.lettuce.core.RedisConnectionException: Unable to connect to 127.0.0.1:6379
Caused by: io.lettuce.core.RedisConnectionException: Unable to connect to 127.0.0.1:6379
Caused by: io.netty.channel.AbstractChannel$AnnotatedConnectException: syscall:getsockopt(..) failed: Connection refused: /127.0.0.1:6379
Caused by: io.netty.channel.unix.Errors$NativeConnectException: syscall:getsockopt(..) failed: Connection refused
</error>
  </testcase>
  <testcase name="testPutFirst[13]" classname="org.springframework.data.redis.support.collections.RedisListTests" time="0.001">
    <error message="Unable to connect to Redis; nested exception is io.lettuce.core.RedisConnectionException: Unable to connect to 127.0.0.1:6379" type="org.springframework.data.redis.RedisConnectionFailureException">org.springframework.data.redis.RedisConnectionFailureException: Unable to connect to Redis; nested exception is io.lettuce.core.RedisConnectionException: Unable to connect to 127.0.0.1:6379
Caused by: io.lettuce.core.RedisConnectionException: Unable to connect to 127.0.0.1:6379
Caused by: io.netty.channel.AbstractChannel$AnnotatedConnectException: syscall:getsockopt(..) failed: Connection refused: /127.0.0.1:6379
Caused by: io.netty.channel.unix.Errors$NativeConnectException: syscall:getsockopt(..) failed: Connection refused
</error>
  </testcase>
  <testcase name="testPollLastTimeout[13]" classname="org.springframework.data.redis.support.collections.RedisListTests" time="0.001">
    <error message="Unable to connect to Redis; nested exception is io.lettuce.core.RedisConnectionException: Unable to connect to 127.0.0.1:6379" type="org.springframework.data.redis.RedisConnectionFailureException">org.springframework.data.redis.RedisConnectionFailureException: Unable to connect to Redis; nested exception is io.lettuce.core.RedisConnectionException: Unable to connect to 127.0.0.1:6379
Caused by: io.lettuce.core.RedisConnectionException: Unable to connect to 127.0.0.1:6379
Caused by: io.netty.channel.AbstractChannel$AnnotatedConnectException: syscall:getsockopt(..) failed: Connection refused: /127.0.0.1:6379
Caused by: io.netty.channel.unix.Errors$NativeConnectException: syscall:getsockopt(..) failed: Connection refused
</error>
  </testcase>
  <testcase name="testPollLastTimeout[13]" classname="org.springframework.data.redis.support.collections.RedisListTests" time="0.001">
    <error message="Unable to connect to Redis; nested exception is io.lettuce.core.RedisConnectionException: Unable to connect to 127.0.0.1:6379" type="org.springframework.data.redis.RedisConnectionFailureException">org.springframework.data.redis.RedisConnectionFailureException: Unable to connect to Redis; nested exception is io.lettuce.core.RedisConnectionException: Unable to connect to 127.0.0.1:6379
Caused by: io.lettuce.core.RedisConnectionException: Unable to connect to 127.0.0.1:6379
Caused by: io.netty.channel.AbstractChannel$AnnotatedConnectException: syscall:getsockopt(..) failed: Connection refused: /127.0.0.1:6379
Caused by: io.netty.channel.unix.Errors$NativeConnectException: syscall:getsockopt(..) failed: Connection refused
</error>
  </testcase>
  <testcase name="testPeekFirst[13]" classname="org.springframework.data.redis.support.collections.RedisListTests" time="0">
    <error message="Unable to connect to Redis; nested exception is io.lettuce.core.RedisConnectionException: Unable to connect to 127.0.0.1:6379" type="org.springframework.data.redis.RedisConnectionFailureException">org.springframework.data.redis.RedisConnectionFailureException: Unable to connect to Redis; nested exception is io.lettuce.core.RedisConnectionException: Unable to connect to 127.0.0.1:6379
Caused by: io.lettuce.core.RedisConnectionException: Unable to connect to 127.0.0.1:6379
Caused by: io.netty.channel.AbstractChannel$AnnotatedConnectException: syscall:getsockopt(..) failed: Connection refused: /127.0.0.1:6379
Caused by: io.netty.channel.unix.Errors$NativeConnectException: syscall:getsockopt(..) failed: Connection refused
</error>
  </testcase>
  <testcase name="testPeekFirst[13]" classname="org.springframework.data.redis.support.collections.RedisListTests" time="0.001">
    <error message="Unable to connect to Redis; nested exception is io.lettuce.core.RedisConnectionException: Unable to connect to 127.0.0.1:6379" type="org.springframework.data.redis.RedisConnectionFailureException">org.springframework.data.redis.RedisConnectionFailureException: Unable to connect to Redis; nested exception is io.lettuce.core.RedisConnectionException: Unable to connect to 127.0.0.1:6379
Caused by: io.lettuce.core.RedisConnectionException: Unable to connect to 127.0.0.1:6379
Caused by: io.netty.channel.AbstractChannel$AnnotatedConnectException: syscall:getsockopt(..) failed: Connection refused: /127.0.0.1:6379
Caused by: io.netty.channel.unix.Errors$NativeConnectException: syscall:getsockopt(..) failed: Connection refused
</error>
  </testcase>
  <testcase name="testOfferLast[13]" classname="org.springframework.data.redis.support.collections.RedisListTests" time="0.001">
    <error message="Unable to connect to Redis; nested exception is io.lettuce.core.RedisConnectionException: Unable to connect to 127.0.0.1:6379" type="org.springframework.data.redis.RedisConnectionFailureException">org.springframework.data.redis.RedisConnectionFailureException: Unable to connect to Redis; nested exception is io.lettuce.core.RedisConnectionException: Unable to connect to 127.0.0.1:6379
Caused by: io.lettuce.core.RedisConnectionException: Unable to connect to 127.0.0.1:6379
Caused by: io.netty.channel.AbstractChannel$AnnotatedConnectException: syscall:getsockopt(..) failed: Connection refused: /127.0.0.1:6379
Caused by: io.netty.channel.unix.Errors$NativeConnectException: syscall:getsockopt(..) failed: Connection refused
</error>
  </testcase>
  <testcase name="testOfferLast[13]" classname="org.springframework.data.redis.support.collections.RedisListTests" time="0.001">
    <error message="Unable to connect to Redis; nested exception is io.lettuce.core.RedisConnectionException: Unable to connect to 127.0.0.1:6379" type="org.springframework.data.redis.RedisConnectionFailureException">org.springframework.data.redis.RedisConnectionFailureException: Unable to connect to Redis; nested exception is io.lettuce.core.RedisConnectionException: Unable to connect to 127.0.0.1:6379
Caused by: io.lettuce.core.RedisConnectionException: Unable to connect to 127.0.0.1:6379
Caused by: io.netty.channel.AbstractChannel$AnnotatedConnectException: syscall:getsockopt(..) failed: Connection refused: /127.0.0.1:6379
Caused by: io.netty.channel.unix.Errors$NativeConnectException: syscall:getsockopt(..) failed: Connection refused
</error>
  </testcase>
  <testcase name="testGetFirst[13]" classname="org.springframework.data.redis.support.collections.RedisListTests" time="0.001">
    <error message="Unable to connect to Redis; nested exception is io.lettuce.core.RedisConnectionException: Unable to connect to 127.0.0.1:6379" type="org.springframework.data.redis.RedisConnectionFailureException">org.springframework.data.redis.RedisConnectionFailureException: Unable to connect to Redis; nested exception is io.lettuce.core.RedisConnectionException: Unable to connect to 127.0.0.1:6379
Caused by: io.lettuce.core.RedisConnectionException: Unable to connect to 127.0.0.1:6379
Caused by: io.netty.channel.AbstractChannel$AnnotatedConnectException: syscall:getsockopt(..) failed: Connection refused: /127.0.0.1:6379
Caused by: io.netty.channel.unix.Errors$NativeConnectException: syscall:getsockopt(..) failed: Connection refused
</error>
  </testcase>
  <testcase name="testGetFirst[13]" classname="org.springframework.data.redis.support.collections.RedisListTests" time="0.001">
    <error message="Unable to connect to Redis; nested exception is io.lettuce.core.RedisConnectionException: Unable to connect to 127.0.0.1:6379" type="org.springframework.data.redis.RedisConnectionFailureException">org.springframework.data.redis.RedisConnectionFailureException: Unable to connect to Redis; nested exception is io.lettuce.core.RedisConnectionException: Unable to connect to 127.0.0.1:6379
Caused by: io.lettuce.core.RedisConnectionException: Unable to connect to 127.0.0.1:6379
Caused by: io.netty.channel.AbstractChannel$AnnotatedConnectException: syscall:getsockopt(..) failed: Connection refused: /127.0.0.1:6379
Caused by: io.netty.channel.unix.Errors$NativeConnectException: syscall:getsockopt(..) failed: Connection refused
</error>
  </testcase>
  <testcase name="testAddLast[13]" classname="org.springframework.data.redis.support.collections.RedisListTests" time="0.002">
    <error message="Unable to connect to Redis; nested exception is io.lettuce.core.RedisConnectionException: Unable to connect to 127.0.0.1:6379" type="org.springframework.data.redis.RedisConnectionFailureException">org.springframework.data.redis.RedisConnectionFailureException: Unable to connect to Redis; nested exception is io.lettuce.core.RedisConnectionException: Unable to connect to 127.0.0.1:6379
Caused by: io.lettuce.core.RedisConnectionException: Unable to connect to 127.0.0.1:6379
Caused by: io.netty.channel.AbstractChannel$AnnotatedConnectException: syscall:getsockopt(..) failed: Connection refused: /127.0.0.1:6379
Caused by: io.netty.channel.unix.Errors$NativeConnectException: syscall:getsockopt(..) failed: Connection refused
</error>
  </testcase>
  <testcase name="testAddLast[13]" classname="org.springframework.data.redis.support.collections.RedisListTests" time="0.002">
    <error message="Unable to connect to Redis; nested exception is io.lettuce.core.RedisConnectionException: Unable to connect to 127.0.0.1:6379" type="org.springframework.data.redis.RedisConnectionFailureException">org.springframework.data.redis.RedisConnectionFailureException: Unable to connect to Redis; nested exception is io.lettuce.core.RedisConnectionException: Unable to connect to 127.0.0.1:6379
Caused by: io.lettuce.core.RedisConnectionException: Unable to connect to 127.0.0.1:6379
Caused by: io.netty.channel.AbstractChannel$AnnotatedConnectException: syscall:getsockopt(..) failed: Connection refused: /127.0.0.1:6379
Caused by: io.netty.channel.unix.Errors$NativeConnectException: syscall:getsockopt(..) failed: Connection refused
</error>
  </testcase>
  <testcase name="testPop[13]" classname="org.springframework.data.redis.support.collections.RedisListTests" time="0.001">
    <error message="Unable to connect to Redis; nested exception is io.lettuce.core.RedisConnectionException: Unable to connect to 127.0.0.1:6379" type="org.springframework.data.redis.RedisConnectionFailureException">org.springframework.data.redis.RedisConnectionFailureException: Unable to connect to Redis; nested exception is io.lettuce.core.RedisConnectionException: Unable to connect to 127.0.0.1:6379
Caused by: io.lettuce.core.RedisConnectionException: Unable to connect to 127.0.0.1:6379
Caused by: io.netty.channel.AbstractChannel$AnnotatedConnectException: syscall:getsockopt(..) failed: Connection refused: /127.0.0.1:6379
Caused by: io.netty.channel.unix.Errors$NativeConnectException: syscall:getsockopt(..) failed: Connection refused
</error>
  </testcase>
  <testcase name="testPop[13]" classname="org.springframework.data.redis.support.collections.RedisListTests" time="0.001">
    <error message="Unable to connect to Redis; nested exception is io.lettuce.core.RedisConnectionException: Unable to connect to 127.0.0.1:6379" type="org.springframework.data.redis.RedisConnectionFailureException">org.springframework.data.redis.RedisConnectionFailureException: Unable to connect to Redis; nested exception is io.lettuce.core.RedisConnectionException: Unable to connect to 127.0.0.1:6379
Caused by: io.lettuce.core.RedisConnectionException: Unable to connect to 127.0.0.1:6379
Caused by: io.netty.channel.AbstractChannel$AnnotatedConnectException: syscall:getsockopt(..) failed: Connection refused: /127.0.0.1:6379
Caused by: io.netty.channel.unix.Errors$NativeConnectException: syscall:getsockopt(..) failed: Connection refused
</error>
  </testcase>
  <testcase name="testPut[13]" classname="org.springframework.data.redis.support.collections.RedisListTests" time="0.001">
    <error message="Unable to connect to Redis; nested exception is io.lettuce.core.RedisConnectionException: Unable to connect to 127.0.0.1:6379" type="org.springframework.data.redis.RedisConnectionFailureException">org.springframework.data.redis.RedisConnectionFailureException: Unable to connect to Redis; nested exception is io.lettuce.core.RedisConnectionException: Unable to connect to 127.0.0.1:6379
Caused by: io.lettuce.core.RedisConnectionException: Unable to connect to 127.0.0.1:6379
Caused by: io.netty.channel.AbstractChannel$AnnotatedConnectException: syscall:getsockopt(..) failed: Connection refused: /127.0.0.1:6379
Caused by: io.netty.channel.unix.Errors$NativeConnectException: syscall:getsockopt(..) failed: Connection refused
</error>
  </testcase>
  <testcase name="testPut[13]" classname="org.springframework.data.redis.support.collections.RedisListTests" time="0.001">
    <error message="Unable to connect to Redis; nested exception is io.lettuce.core.RedisConnectionException: Unable to connect to 127.0.0.1:6379" type="org.springframework.data.redis.RedisConnectionFailureException">org.springframework.data.redis.RedisConnectionFailureException: Unable to connect to Redis; nested exception is io.lettuce.core.RedisConnectionException: Unable to connect to 127.0.0.1:6379
Caused by: io.lettuce.core.RedisConnectionException: Unable to connect to 127.0.0.1:6379
Caused by: io.netty.channel.AbstractChannel$AnnotatedConnectException: syscall:getsockopt(..) failed: Connection refused: /127.0.0.1:6379
Caused by: io.netty.channel.unix.Errors$NativeConnectException: syscall:getsockopt(..) failed: Connection refused
</error>
  </testcase>
  <testcase name="testSet[13]" classname="org.springframework.data.redis.support.collections.RedisListTests" time="0.001">
    <error message="Unable to connect to Redis; nested exception is io.lettuce.core.RedisConnectionException: Unable to connect to 127.0.0.1:6379" type="org.springframework.data.redis.RedisConnectionFailureException">org.springframework.data.redis.RedisConnectionFailureException: Unable to connect to Redis; nested exception is io.lettuce.core.RedisConnectionException: Unable to connect to 127.0.0.1:6379
Caused by: io.lettuce.core.RedisConnectionException: Unable to connect to 127.0.0.1:6379
Caused by: io.netty.channel.AbstractChannel$AnnotatedConnectException: syscall:getsockopt(..) failed: Connection refused: /127.0.0.1:6379
Caused by: io.netty.channel.unix.Errors$NativeConnectException: syscall:getsockopt(..) failed: Connection refused
</error>
  </testcase>
  <testcase name="testSet[13]" classname="org.springframework.data.redis.support.collections.RedisListTests" time="0.002">
    <error message="Unable to connect to Redis; nested exception is io.lettuce.core.RedisConnectionException: Unable to connect to 127.0.0.1:6379" type="org.springframework.data.redis.RedisConnectionFailureException">org.springframework.data.redis.RedisConnectionFailureException: Unable to connect to Redis; nested exception is io.lettuce.core.RedisConnectionException: Unable to connect to 127.0.0.1:6379
Caused by: io.lettuce.core.RedisConnectionException: Unable to connect to 127.0.0.1:6379
Caused by: io.netty.channel.AbstractChannel$AnnotatedConnectException: syscall:getsockopt(..) failed: Connection refused: /127.0.0.1:6379
Caused by: io.netty.channel.unix.Errors$NativeConnectException: syscall:getsockopt(..) failed: Connection refused
</error>
  </testcase>
  <testcase name="testOffer[13]" classname="org.springframework.data.redis.support.collections.RedisListTests" time="0.001">
    <error message="Unable to connect to Redis; nested exception is io.lettuce.core.RedisConnectionException: Unable to connect to 127.0.0.1:6379" type="org.springframework.data.redis.RedisConnectionFailureException">org.springframework.data.redis.RedisConnectionFailureException: Unable to connect to Redis; nested exception is io.lettuce.core.RedisConnectionException: Unable to connect to 127.0.0.1:6379
Caused by: io.lettuce.core.RedisConnectionException: Unable to connect to 127.0.0.1:6379
Caused by: io.netty.channel.AbstractChannel$AnnotatedConnectException: syscall:getsockopt(..) failed: Connection refused: /127.0.0.1:6379
Caused by: io.netty.channel.unix.Errors$NativeConnectException: syscall:getsockopt(..) failed: Connection refused
</error>
  </testcase>
  <testcase name="testOffer[13]" classname="org.springframework.data.redis.support.collections.RedisListTests" time="0.001">
    <error message="Unable to connect to Redis; nested exception is io.lettuce.core.RedisConnectionException: Unable to connect to 127.0.0.1:6379" type="org.springframework.data.redis.RedisConnectionFailureException">org.springframework.data.redis.RedisConnectionFailureException: Unable to connect to Redis; nested exception is io.lettuce.core.RedisConnectionException: Unable to connect to 127.0.0.1:6379
Caused by: io.lettuce.core.RedisConnectionException: Unable to connect to 127.0.0.1:6379
Caused by: io.netty.channel.AbstractChannel$AnnotatedConnectException: syscall:getsockopt(..) failed: Connection refused: /127.0.0.1:6379
Caused by: io.netty.channel.unix.Errors$NativeConnectException: syscall:getsockopt(..) failed: Connection refused
</error>
  </testcase>
  <testcase name="testRange[13]" classname="org.springframework.data.redis.support.collections.RedisListTests" time="0.001">
    <error message="Unable to connect to Redis; nested exception is io.lettuce.core.RedisConnectionException: Unable to connect to 127.0.0.1:6379" type="org.springframework.data.redis.RedisConnectionFailureException">org.springframework.data.redis.RedisConnectionFailureException: Unable to connect to Redis; nested exception is io.lettuce.core.RedisConnectionException: Unable to connect to 127.0.0.1:6379
Caused by: io.lettuce.core.RedisConnectionException: Unable to connect to 127.0.0.1:6379
Caused by: io.netty.channel.AbstractChannel$AnnotatedConnectException: syscall:getsockopt(..) failed: Connection refused: /127.0.0.1:6379
Caused by: io.netty.channel.unix.Errors$NativeConnectException: syscall:getsockopt(..) failed: Connection refused
</error>
  </testcase>
  <testcase name="testRange[13]" classname="org.springframework.data.redis.support.collections.RedisListTests" time="0.001">
    <error message="Unable to connect to Redis; nested exception is io.lettuce.core.RedisConnectionException: Unable to connect to 127.0.0.1:6379" type="org.springframework.data.redis.RedisConnectionFailureException">org.springframework.data.redis.RedisConnectionFailureException: Unable to connect to Redis; nested exception is io.lettuce.core.RedisConnectionException: Unable to connect to 127.0.0.1:6379
Caused by: io.lettuce.core.RedisConnectionException: Unable to connect to 127.0.0.1:6379
Caused by: io.netty.channel.AbstractChannel$AnnotatedConnectException: syscall:getsockopt(..) failed: Connection refused: /127.0.0.1:6379
Caused by: io.netty.channel.unix.Errors$NativeConnectException: syscall:getsockopt(..) failed: Connection refused
</error>
  </testcase>
  <testcase name="testLast[13]" classname="org.springframework.data.redis.support.collections.RedisListTests" time="0.001">
    <error message="Unable to connect to Redis; nested exception is io.lettuce.core.RedisConnectionException: Unable to connect to 127.0.0.1:6379" type="org.springframework.data.redis.RedisConnectionFailureException">org.springframework.data.redis.RedisConnectionFailureException: Unable to connect to Redis; nested exception is io.lettuce.core.RedisConnectionException: Unable to connect to 127.0.0.1:6379
Caused by: io.lettuce.core.RedisConnectionException: Unable to connect to 127.0.0.1:6379
Caused by: io.netty.channel.AbstractChannel$AnnotatedConnectException: syscall:getsockopt(..) failed: Connection refused: /127.0.0.1:6379
Caused by: io.netty.channel.unix.Errors$NativeConnectException: syscall:getsockopt(..) failed: Connection refused
</error>
  </testcase>
  <testcase name="testLast[13]" classname="org.springframework.data.redis.support.collections.RedisListTests" time="0.002">
    <error message="Unable to connect to Redis; nested exception is io.lettuce.core.RedisConnectionException: Unable to connect to 127.0.0.1:6379" type="org.springframework.data.redis.RedisConnectionFailureException">org.springframework.data.redis.RedisConnectionFailureException: Unable to connect to Redis; nested exception is io.lettuce.core.RedisConnectionException: Unable to connect to 127.0.0.1:6379
Caused by: io.lettuce.core.RedisConnectionException: Unable to connect to 127.0.0.1:6379
Caused by: io.netty.channel.AbstractChannel$AnnotatedConnectException: syscall:getsockopt(..) failed: Connection refused: /127.0.0.1:6379
Caused by: io.netty.channel.unix.Errors$NativeConnectException: syscall:getsockopt(..) failed: Connection refused
</error>
  </testcase>
  <testcase name="testPeek[13]" classname="org.springframework.data.redis.support.collections.RedisListTests" time="0.001">
    <error message="Unable to connect to Redis; nested exception is io.lettuce.core.RedisConnectionException: Unable to connect to 127.0.0.1:6379" type="org.springframework.data.redis.RedisConnectionFailureException">org.springframework.data.redis.RedisConnectionFailureException: Unable to connect to Redis; nested exception is io.lettuce.core.RedisConnectionException: Unable to connect to 127.0.0.1:6379
Caused by: io.lettuce.core.RedisConnectionException: Unable to connect to 127.0.0.1:6379
Caused by: io.netty.channel.AbstractChannel$AnnotatedConnectException: syscall:getsockopt(..) failed: Connection refused: /127.0.0.1:6379
Caused by: io.netty.channel.unix.Errors$NativeConnectException: syscall:getsockopt(..) failed: Connection refused
</error>
  </testcase>
  <testcase name="testPeek[13]" classname="org.springframework.data.redis.support.collections.RedisListTests" time="0.001">
    <error message="Unable to connect to Redis; nested exception is io.lettuce.core.RedisConnectionException: Unable to connect to 127.0.0.1:6379" type="org.springframework.data.redis.RedisConnectionFailureException">org.springframework.data.redis.RedisConnectionFailureException: Unable to connect to Redis; nested exception is io.lettuce.core.RedisConnectionException: Unable to connect to 127.0.0.1:6379
Caused by: io.lettuce.core.RedisConnectionException: Unable to connect to 127.0.0.1:6379
Caused by: io.netty.channel.AbstractChannel$AnnotatedConnectException: syscall:getsockopt(..) failed: Connection refused: /127.0.0.1:6379
Caused by: io.netty.channel.unix.Errors$NativeConnectException: syscall:getsockopt(..) failed: Connection refused
</error>
  </testcase>
  <testcase name="testPoll[13]" classname="org.springframework.data.redis.support.collections.RedisListTests" time="0.001">
    <error message="Unable to connect to Redis; nested exception is io.lettuce.core.RedisConnectionException: Unable to connect to 127.0.0.1:6379" type="org.springframework.data.redis.RedisConnectionFailureException">org.springframework.data.redis.RedisConnectionFailureException: Unable to connect to Redis; nested exception is io.lettuce.core.RedisConnectionException: Unable to connect to 127.0.0.1:6379
Caused by: io.lettuce.core.RedisConnectionException: Unable to connect to 127.0.0.1:6379
Caused by: io.netty.channel.AbstractChannel$AnnotatedConnectException: syscall:getsockopt(..) failed: Connection refused: /127.0.0.1:6379
Caused by: io.netty.channel.unix.Errors$NativeConnectException: syscall:getsockopt(..) failed: Connection refused
</error>
  </testcase>
  <testcase name="testPoll[13]" classname="org.springframework.data.redis.support.collections.RedisListTests" time="0.001">
    <error message="Unable to connect to Redis; nested exception is io.lettuce.core.RedisConnectionException: Unable to connect to 127.0.0.1:6379" type="org.springframework.data.redis.RedisConnectionFailureException">org.springframework.data.redis.RedisConnectionFailureException: Unable to connect to Redis; nested exception is io.lettuce.core.RedisConnectionException: Unable to connect to 127.0.0.1:6379
Caused by: io.lettuce.core.RedisConnectionException: Unable to connect to 127.0.0.1:6379
Caused by: io.netty.channel.AbstractChannel$AnnotatedConnectException: syscall:getsockopt(..) failed: Connection refused: /127.0.0.1:6379
Caused by: io.netty.channel.unix.Errors$NativeConnectException: syscall:getsockopt(..) failed: Connection refused
</error>
  </testcase>
  <testcase name="testTake[13]" classname="org.springframework.data.redis.support.collections.RedisListTests" time="0.001">
    <error message="Unable to connect to Redis; nested exception is io.lettuce.core.RedisConnectionException: Unable to connect to 127.0.0.1:6379" type="org.springframework.data.redis.RedisConnectionFailureException">org.springframework.data.redis.RedisConnectionFailureException: Unable to connect to Redis; nested exception is io.lettuce.core.RedisConnectionException: Unable to connect to 127.0.0.1:6379
Caused by: io.lettuce.core.RedisConnectionException: Unable to connect to 127.0.0.1:6379
Caused by: io.netty.channel.AbstractChannel$AnnotatedConnectException: syscall:getsockopt(..) failed: Connection refused: /127.0.0.1:6379
Caused by: io.netty.channel.unix.Errors$NativeConnectException: syscall:getsockopt(..) failed: Connection refused
</error>
  </testcase>
  <testcase name="testTake[13]" classname="org.springframework.data.redis.support.collections.RedisListTests" time="0.002">
    <error message="Unable to connect to Redis; nested exception is io.lettuce.core.RedisConnectionException: Unable to connect to 127.0.0.1:6379" type="org.springframework.data.redis.RedisConnectionFailureException">org.springframework.data.redis.RedisConnectionFailureException: Unable to connect to Redis; nested exception is io.lettuce.core.RedisConnectionException: Unable to connect to 127.0.0.1:6379
Caused by: io.lettuce.core.RedisConnectionException: Unable to connect to 127.0.0.1:6379
Caused by: io.netty.channel.AbstractChannel$AnnotatedConnectException: syscall:getsockopt(..) failed: Connection refused: /127.0.0.1:6379
Caused by: io.netty.channel.unix.Errors$NativeConnectException: syscall:getsockopt(..) failed: Connection refused
</error>
  </testcase>
  <testcase name="testTrim[13]" classname="org.springframework.data.redis.support.collections.RedisListTests" time="0.001">
    <error message="Unable to connect to Redis; nested exception is io.lettuce.core.RedisConnectionException: Unable to connect to 127.0.0.1:6379" type="org.springframework.data.redis.RedisConnectionFailureException">org.springframework.data.redis.RedisConnectionFailureException: Unable to connect to Redis; nested exception is io.lettuce.core.RedisConnectionException: Unable to connect to 127.0.0.1:6379
Caused by: io.lettuce.core.RedisConnectionException: Unable to connect to 127.0.0.1:6379
Caused by: io.netty.channel.AbstractChannel$AnnotatedConnectException: syscall:getsockopt(..) failed: Connection refused: /127.0.0.1:6379
Caused by: io.netty.channel.unix.Errors$NativeConnectException: syscall:getsockopt(..) failed: Connection refused
</error>
  </testcase>
  <testcase name="testTrim[13]" classname="org.springframework.data.redis.support.collections.RedisListTests" time="0.001">
    <error message="Unable to connect to Redis; nested exception is io.lettuce.core.RedisConnectionException: Unable to connect to 127.0.0.1:6379" type="org.springframework.data.redis.RedisConnectionFailureException">org.springframework.data.redis.RedisConnectionFailureException: Unable to connect to Redis; nested exception is io.lettuce.core.RedisConnectionException: Unable to connect to 127.0.0.1:6379
Caused by: io.lettuce.core.RedisConnectionException: Unable to connect to 127.0.0.1:6379
Caused by: io.netty.channel.AbstractChannel$AnnotatedConnectException: syscall:getsockopt(..) failed: Connection refused: /127.0.0.1:6379
Caused by: io.netty.channel.unix.Errors$NativeConnectException: syscall:getsockopt(..) failed: Connection refused
</error>
  </testcase>
  <testcase name="testDrainToCollection[13]" classname="org.springframework.data.redis.support.collections.RedisListTests" time="0.001">
    <error message="Unable to connect to Redis; nested exception is io.lettuce.core.RedisConnectionException: Unable to connect to 127.0.0.1:6379" type="org.springframework.data.redis.RedisConnectionFailureException">org.springframework.data.redis.RedisConnectionFailureException: Unable to connect to Redis; nested exception is io.lettuce.core.RedisConnectionException: Unable to connect to 127.0.0.1:6379
Caused by: io.lettuce.core.RedisConnectionException: Unable to connect to 127.0.0.1:6379
Caused by: io.netty.channel.AbstractChannel$AnnotatedConnectException: syscall:getsockopt(..) failed: Connection refused: /127.0.0.1:6379
Caused by: io.netty.channel.unix.Errors$NativeConnectException: syscall:getsockopt(..) failed: Connection refused
</error>
  </testcase>
  <testcase name="testDrainToCollection[13]" classname="org.springframework.data.redis.support.collections.RedisListTests" time="0.001">
    <error message="Unable to connect to Redis; nested exception is io.lettuce.core.RedisConnectionException: Unable to connect to 127.0.0.1:6379" type="org.springframework.data.redis.RedisConnectionFailureException">org.springframework.data.redis.RedisConnectionFailureException: Unable to connect to Redis; nested exception is io.lettuce.core.RedisConnectionException: Unable to connect to 127.0.0.1:6379
Caused by: io.lettuce.core.RedisConnectionException: Unable to connect to 127.0.0.1:6379
Caused by: io.netty.channel.AbstractChannel$AnnotatedConnectException: syscall:getsockopt(..) failed: Connection refused: /127.0.0.1:6379
Caused by: io.netty.channel.unix.Errors$NativeConnectException: syscall:getsockopt(..) failed: Connection refused
</error>
  </testcase>
  <testcase name="testRemoveFirst[13]" classname="org.springframework.data.redis.support.collections.RedisListTests" time="0.001">
    <error message="Unable to connect to Redis; nested exception is io.lettuce.core.RedisConnectionException: Unable to connect to 127.0.0.1:6379" type="org.springframework.data.redis.RedisConnectionFailureException">org.springframework.data.redis.RedisConnectionFailureException: Unable to connect to Redis; nested exception is io.lettuce.core.RedisConnectionException: Unable to connect to 127.0.0.1:6379
Caused by: io.lettuce.core.RedisConnectionException: Unable to connect to 127.0.0.1:6379
Caused by: io.netty.channel.AbstractChannel$AnnotatedConnectException: syscall:getsockopt(..) failed: Connection refused: /127.0.0.1:6379
Caused by: io.netty.channel.unix.Errors$NativeConnectException: syscall:getsockopt(..) failed: Connection refused
</error>
  </testcase>
  <testcase name="testRemoveFirst[13]" classname="org.springframework.data.redis.support.collections.RedisListTests" time="0.002">
    <error message="Unable to connect to Redis; nested exception is io.lettuce.core.RedisConnectionException: Unable to connect to 127.0.0.1:6379" type="org.springframework.data.redis.RedisConnectionFailureException">org.springframework.data.redis.RedisConnectionFailureException: Unable to connect to Redis; nested exception is io.lettuce.core.RedisConnectionException: Unable to connect to 127.0.0.1:6379
Caused by: io.lettuce.core.RedisConnectionException: Unable to connect to 127.0.0.1:6379
Caused by: io.netty.channel.AbstractChannel$AnnotatedConnectException: syscall:getsockopt(..) failed: Connection refused: /127.0.0.1:6379
Caused by: io.netty.channel.unix.Errors$NativeConnectException: syscall:getsockopt(..) failed: Connection refused
</error>
  </testcase>
  <testcase name="testRemoveIndex[13]" classname="org.springframework.data.redis.support.collections.RedisListTests" time="0">
    <error message="Unable to connect to Redis; nested exception is io.lettuce.core.RedisConnectionException: Unable to connect to 127.0.0.1:6379" type="org.springframework.data.redis.RedisConnectionFailureException">org.springframework.data.redis.RedisConnectionFailureException: Unable to connect to Redis; nested exception is io.lettuce.core.RedisConnectionException: Unable to connect to 127.0.0.1:6379
Caused by: io.lettuce.core.RedisConnectionException: Unable to connect to 127.0.0.1:6379
Caused by: io.netty.channel.AbstractChannel$AnnotatedConnectException: syscall:getsockopt(..) failed: Connection refused: /127.0.0.1:6379
Caused by: io.netty.channel.unix.Errors$NativeConnectException: syscall:getsockopt(..) failed: Connection refused
</error>
  </testcase>
  <testcase name="testPutLast[13]" classname="org.springframework.data.redis.support.collections.RedisListTests" time="0.001">
    <error message="Unable to connect to Redis; nested exception is io.lettuce.core.RedisConnectionException: Unable to connect to 127.0.0.1:6379" type="org.springframework.data.redis.RedisConnectionFailureException">org.springframework.data.redis.RedisConnectionFailureException: Unable to connect to Redis; nested exception is io.lettuce.core.RedisConnectionException: Unable to connect to 127.0.0.1:6379
Caused by: io.lettuce.core.RedisConnectionException: Unable to connect to 127.0.0.1:6379
Caused by: io.netty.channel.AbstractChannel$AnnotatedConnectException: syscall:getsockopt(..) failed: Connection refused: /127.0.0.1:6379
Caused by: io.netty.channel.unix.Errors$NativeConnectException: syscall:getsockopt(..) failed: Connection refused
</error>
  </testcase>
  <testcase name="testPutLast[13]" classname="org.springframework.data.redis.support.collections.RedisListTests" time="0.001">
    <error message="Unable to connect to Redis; nested exception is io.lettuce.core.RedisConnectionException: Unable to connect to 127.0.0.1:6379" type="org.springframework.data.redis.RedisConnectionFailureException">org.springframework.data.redis.RedisConnectionFailureException: Unable to connect to Redis; nested exception is io.lettuce.core.RedisConnectionException: Unable to connect to 127.0.0.1:6379
Caused by: io.lettuce.core.RedisConnectionException: Unable to connect to 127.0.0.1:6379
Caused by: io.netty.channel.AbstractChannel$AnnotatedConnectException: syscall:getsockopt(..) failed: Connection refused: /127.0.0.1:6379
Caused by: io.netty.channel.unix.Errors$NativeConnectException: syscall:getsockopt(..) failed: Connection refused
</error>
  </testcase>
  <testcase name="testOfferFirst[13]" classname="org.springframework.data.redis.support.collections.RedisListTests" time="0.001">
    <error message="Unable to connect to Redis; nested exception is io.lettuce.core.RedisConnectionException: Unable to connect to 127.0.0.1:6379" type="org.springframework.data.redis.RedisConnectionFailureException">org.springframework.data.redis.RedisConnectionFailureException: Unable to connect to Redis; nested exception is io.lettuce.core.RedisConnectionException: Unable to connect to 127.0.0.1:6379
Caused by: io.lettuce.core.RedisConnectionException: Unable to connect to 127.0.0.1:6379
Caused by: io.netty.channel.AbstractChannel$AnnotatedConnectException: syscall:getsockopt(..) failed: Connection refused: /127.0.0.1:6379
Caused by: io.netty.channel.unix.Errors$NativeConnectException: syscall:getsockopt(..) failed: Connection refused
</error>
  </testcase>
  <testcase name="testOfferFirst[13]" classname="org.springframework.data.redis.support.collections.RedisListTests" time="0.002">
    <error message="Unable to connect to Redis; nested exception is io.lettuce.core.RedisConnectionException: Unable to connect to 127.0.0.1:6379" type="org.springframework.data.redis.RedisConnectionFailureException">org.springframework.data.redis.RedisConnectionFailureException: Unable to connect to Redis; nested exception is io.lettuce.core.RedisConnectionException: Unable to connect to 127.0.0.1:6379
Caused by: io.lettuce.core.RedisConnectionException: Unable to connect to 127.0.0.1:6379
Caused by: io.netty.channel.AbstractChannel$AnnotatedConnectException: syscall:getsockopt(..) failed: Connection refused: /127.0.0.1:6379
Caused by: io.netty.channel.unix.Errors$NativeConnectException: syscall:getsockopt(..) failed: Connection refused
</error>
  </testcase>
  <testcase name="testDescendingIterator[13]" classname="org.springframework.data.redis.support.collections.RedisListTests" time="0.001">
    <error message="Unable to connect to Redis; nested exception is io.lettuce.core.RedisConnectionException: Unable to connect to 127.0.0.1:6379" type="org.springframework.data.redis.RedisConnectionFailureException">org.springframework.data.redis.RedisConnectionFailureException: Unable to connect to Redis; nested exception is io.lettuce.core.RedisConnectionException: Unable to connect to 127.0.0.1:6379
Caused by: io.lettuce.core.RedisConnectionException: Unable to connect to 127.0.0.1:6379
Caused by: io.netty.channel.AbstractChannel$AnnotatedConnectException: syscall:getsockopt(..) failed: Connection refused: /127.0.0.1:6379
Caused by: io.netty.channel.unix.Errors$NativeConnectException: syscall:getsockopt(..) failed: Connection refused
</error>
  </testcase>
  <testcase name="testDescendingIterator[13]" classname="org.springframework.data.redis.support.collections.RedisListTests" time="0.001">
    <error message="Unable to connect to Redis; nested exception is io.lettuce.core.RedisConnectionException: Unable to connect to 127.0.0.1:6379" type="org.springframework.data.redis.RedisConnectionFailureException">org.springframework.data.redis.RedisConnectionFailureException: Unable to connect to Redis; nested exception is io.lettuce.core.RedisConnectionException: Unable to connect to 127.0.0.1:6379
Caused by: io.lettuce.core.RedisConnectionException: Unable to connect to 127.0.0.1:6379
Caused by: io.netty.channel.AbstractChannel$AnnotatedConnectException: syscall:getsockopt(..) failed: Connection refused: /127.0.0.1:6379
Caused by: io.netty.channel.unix.Errors$NativeConnectException: syscall:getsockopt(..) failed: Connection refused
</error>
  </testcase>
  <testcase name="testAddFirst[13]" classname="org.springframework.data.redis.support.collections.RedisListTests" time="0.001">
    <error message="Unable to connect to Redis; nested exception is io.lettuce.core.RedisConnectionException: Unable to connect to 127.0.0.1:6379" type="org.springframework.data.redis.RedisConnectionFailureException">org.springframework.data.redis.RedisConnectionFailureException: Unable to connect to Redis; nested exception is io.lettuce.core.RedisConnectionException: Unable to connect to 127.0.0.1:6379
Caused by: io.lettuce.core.RedisConnectionException: Unable to connect to 127.0.0.1:6379
Caused by: io.netty.channel.AbstractChannel$AnnotatedConnectException: syscall:getsockopt(..) failed: Connection refused: /127.0.0.1:6379
Caused by: io.netty.channel.unix.Errors$NativeConnectException: syscall:getsockopt(..) failed: Connection refused
</error>
  </testcase>
  <testcase name="testAddFirst[13]" classname="org.springframework.data.redis.support.collections.RedisListTests" time="0.001">
    <error message="Unable to connect to Redis; nested exception is io.lettuce.core.RedisConnectionException: Unable to connect to 127.0.0.1:6379" type="org.springframework.data.redis.RedisConnectionFailureException">org.springframework.data.redis.RedisConnectionFailureException: Unable to connect to Redis; nested exception is io.lettuce.core.RedisConnectionException: Unable to connect to 127.0.0.1:6379
Caused by: io.lettuce.core.RedisConnectionException: Unable to connect to 127.0.0.1:6379
Caused by: io.netty.channel.AbstractChannel$AnnotatedConnectException: syscall:getsockopt(..) failed: Connection refused: /127.0.0.1:6379
Caused by: io.netty.channel.unix.Errors$NativeConnectException: syscall:getsockopt(..) failed: Connection refused
</error>
  </testcase>
  <testcase name="testDrainToCollectionWithMaxElements[13]" classname="org.springframework.data.redis.support.collections.RedisListTests" time="0.002">
    <error message="Unable to connect to Redis; nested exception is io.lettuce.core.RedisConnectionException: Unable to connect to 127.0.0.1:6379" type="org.springframework.data.redis.RedisConnectionFailureException">org.springframework.data.redis.RedisConnectionFailureException: Unable to connect to Redis; nested exception is io.lettuce.core.RedisConnectionException: Unable to connect to 127.0.0.1:6379
Caused by: io.lettuce.core.RedisConnectionException: Unable to connect to 127.0.0.1:6379
Caused by: io.netty.channel.AbstractChannel$AnnotatedConnectException: syscall:getsockopt(..) failed: Connection refused: /127.0.0.1:6379
Caused by: io.netty.channel.unix.Errors$NativeConnectException: syscall:getsockopt(..) failed: Connection refused
</error>
  </testcase>
  <testcase name="testDrainToCollectionWithMaxElements[13]" classname="org.springframework.data.redis.support.collections.RedisListTests" time="0.002">
    <error message="Unable to connect to Redis; nested exception is io.lettuce.core.RedisConnectionException: Unable to connect to 127.0.0.1:6379" type="org.springframework.data.redis.RedisConnectionFailureException">org.springframework.data.redis.RedisConnectionFailureException: Unable to connect to Redis; nested exception is io.lettuce.core.RedisConnectionException: Unable to connect to 127.0.0.1:6379
Caused by: io.lettuce.core.RedisConnectionException: Unable to connect to 127.0.0.1:6379
Caused by: io.netty.channel.AbstractChannel$AnnotatedConnectException: syscall:getsockopt(..) failed: Connection refused: /127.0.0.1:6379
Caused by: io.netty.channel.unix.Errors$NativeConnectException: syscall:getsockopt(..) failed: Connection refused
</error>
  </testcase>
  <testcase name="testTakeLast[13]" classname="org.springframework.data.redis.support.collections.RedisListTests" time="0.002">
    <error message="Unable to connect to Redis; nested exception is io.lettuce.core.RedisConnectionException: Unable to connect to 127.0.0.1:6379" type="org.springframework.data.redis.RedisConnectionFailureException">org.springframework.data.redis.RedisConnectionFailureException: Unable to connect to Redis; nested exception is io.lettuce.core.RedisConnectionException: Unable to connect to 127.0.0.1:6379
Caused by: io.lettuce.core.RedisConnectionException: Unable to connect to 127.0.0.1:6379
Caused by: io.netty.channel.AbstractChannel$AnnotatedConnectException: syscall:getsockopt(..) failed: Connection refused: /127.0.0.1:6379
Caused by: io.netty.channel.unix.Errors$NativeConnectException: syscall:getsockopt(..) failed: Connection refused
</error>
  </testcase>
  <testcase name="testTakeLast[13]" classname="org.springframework.data.redis.support.collections.RedisListTests" time="0.002">
    <error message="Unable to connect to Redis; nested exception is io.lettuce.core.RedisConnectionException: Unable to connect to 127.0.0.1:6379" type="org.springframework.data.redis.RedisConnectionFailureException">org.springframework.data.redis.RedisConnectionFailureException: Unable to connect to Redis; nested exception is io.lettuce.core.RedisConnectionException: Unable to connect to 127.0.0.1:6379
Caused by: io.lettuce.core.RedisConnectionException: Unable to connect to 127.0.0.1:6379
Caused by: io.netty.channel.AbstractChannel$AnnotatedConnectException: syscall:getsockopt(..) failed: Connection refused: /127.0.0.1:6379
Caused by: io.netty.channel.unix.Errors$NativeConnectException: syscall:getsockopt(..) failed: Connection refused
</error>
  </testcase>
  <testcase name="testRemainingCapacity[13]" classname="org.springframework.data.redis.support.collections.RedisListTests" time="0.001">
    <error message="Unable to connect to Redis; nested exception is io.lettuce.core.RedisConnectionException: Unable to connect to 127.0.0.1:6379" type="org.springframework.data.redis.RedisConnectionFailureException">org.springframework.data.redis.RedisConnectionFailureException: Unable to connect to Redis; nested exception is io.lettuce.core.RedisConnectionException: Unable to connect to 127.0.0.1:6379
Caused by: io.lettuce.core.RedisConnectionException: Unable to connect to 127.0.0.1:6379
Caused by: io.netty.channel.AbstractChannel$AnnotatedConnectException: syscall:getsockopt(..) failed: Connection refused: /127.0.0.1:6379
Caused by: io.netty.channel.unix.Errors$NativeConnectException: syscall:getsockopt(..) failed: Connection refused
</error>
  </testcase>
  <testcase name="testRemoveLast[13]" classname="org.springframework.data.redis.support.collections.RedisListTests" time="0.001">
    <error message="Unable to connect to Redis; nested exception is io.lettuce.core.RedisConnectionException: Unable to connect to 127.0.0.1:6379" type="org.springframework.data.redis.RedisConnectionFailureException">org.springframework.data.redis.RedisConnectionFailureException: Unable to connect to Redis; nested exception is io.lettuce.core.RedisConnectionException: Unable to connect to 127.0.0.1:6379
Caused by: io.lettuce.core.RedisConnectionException: Unable to connect to 127.0.0.1:6379
Caused by: io.netty.channel.AbstractChannel$AnnotatedConnectException: syscall:getsockopt(..) failed: Connection refused: /127.0.0.1:6379
Caused by: io.netty.channel.unix.Errors$NativeConnectException: syscall:getsockopt(..) failed: Connection refused
</error>
  </testcase>
  <testcase name="testRemoveLast[13]" classname="org.springframework.data.redis.support.collections.RedisListTests" time="0.002">
    <error message="Unable to connect to Redis; nested exception is io.lettuce.core.RedisConnectionException: Unable to connect to 127.0.0.1:6379" type="org.springframework.data.redis.RedisConnectionFailureException">org.springframework.data.redis.RedisConnectionFailureException: Unable to connect to Redis; nested exception is io.lettuce.core.RedisConnectionException: Unable to connect to 127.0.0.1:6379
Caused by: io.lettuce.core.RedisConnectionException: Unable to connect to 127.0.0.1:6379
Caused by: io.netty.channel.AbstractChannel$AnnotatedConnectException: syscall:getsockopt(..) failed: Connection refused: /127.0.0.1:6379
Caused by: io.netty.channel.unix.Errors$NativeConnectException: syscall:getsockopt(..) failed: Connection refused
</error>
  </testcase>
  <testcase name="testAddIndexObjectHead[13]" classname="org.springframework.data.redis.support.collections.RedisListTests" time="0.001">
    <error message="Unable to connect to Redis; nested exception is io.lettuce.core.RedisConnectionException: Unable to connect to 127.0.0.1:6379" type="org.springframework.data.redis.RedisConnectionFailureException">org.springframework.data.redis.RedisConnectionFailureException: Unable to connect to Redis; nested exception is io.lettuce.core.RedisConnectionException: Unable to connect to 127.0.0.1:6379
Caused by: io.lettuce.core.RedisConnectionException: Unable to connect to 127.0.0.1:6379
Caused by: io.netty.channel.AbstractChannel$AnnotatedConnectException: syscall:getsockopt(..) failed: Connection refused: /127.0.0.1:6379
Caused by: io.netty.channel.unix.Errors$NativeConnectException: syscall:getsockopt(..) failed: Connection refused
</error>
  </testcase>
  <testcase name="testAddIndexObjectHead[13]" classname="org.springframework.data.redis.support.collections.RedisListTests" time="0.001">
    <error message="Unable to connect to Redis; nested exception is io.lettuce.core.RedisConnectionException: Unable to connect to 127.0.0.1:6379" type="org.springframework.data.redis.RedisConnectionFailureException">org.springframework.data.redis.RedisConnectionFailureException: Unable to connect to Redis; nested exception is io.lettuce.core.RedisConnectionException: Unable to connect to 127.0.0.1:6379
Caused by: io.lettuce.core.RedisConnectionException: Unable to connect to 127.0.0.1:6379
Caused by: io.netty.channel.AbstractChannel$AnnotatedConnectException: syscall:getsockopt(..) failed: Connection refused: /127.0.0.1:6379
Caused by: io.netty.channel.unix.Errors$NativeConnectException: syscall:getsockopt(..) failed: Connection refused
</error>
  </testcase>
  <testcase name="testAddIndexObjectTail[13]" classname="org.springframework.data.redis.support.collections.RedisListTests" time="0.001">
    <error message="Unable to connect to Redis; nested exception is io.lettuce.core.RedisConnectionException: Unable to connect to 127.0.0.1:6379" type="org.springframework.data.redis.RedisConnectionFailureException">org.springframework.data.redis.RedisConnectionFailureException: Unable to connect to Redis; nested exception is io.lettuce.core.RedisConnectionException: Unable to connect to 127.0.0.1:6379
Caused by: io.lettuce.core.RedisConnectionException: Unable to connect to 127.0.0.1:6379
Caused by: io.netty.channel.AbstractChannel$AnnotatedConnectException: syscall:getsockopt(..) failed: Connection refused: /127.0.0.1:6379
Caused by: io.netty.channel.unix.Errors$NativeConnectException: syscall:getsockopt(..) failed: Connection refused
</error>
  </testcase>
  <testcase name="testAddIndexObjectTail[13]" classname="org.springframework.data.redis.support.collections.RedisListTests" time="0.001">
    <error message="Unable to connect to Redis; nested exception is io.lettuce.core.RedisConnectionException: Unable to connect to 127.0.0.1:6379" type="org.springframework.data.redis.RedisConnectionFailureException">org.springframework.data.redis.RedisConnectionFailureException: Unable to connect to Redis; nested exception is io.lettuce.core.RedisConnectionException: Unable to connect to 127.0.0.1:6379
Caused by: io.lettuce.core.RedisConnectionException: Unable to connect to 127.0.0.1:6379
Caused by: io.netty.channel.AbstractChannel$AnnotatedConnectException: syscall:getsockopt(..) failed: Connection refused: /127.0.0.1:6379
Caused by: io.netty.channel.unix.Errors$NativeConnectException: syscall:getsockopt(..) failed: Connection refused
</error>
  </testcase>
  <testcase name="testPollFirst[13]" classname="org.springframework.data.redis.support.collections.RedisListTests" time="0.001">
    <error message="Unable to connect to Redis; nested exception is io.lettuce.core.RedisConnectionException: Unable to connect to 127.0.0.1:6379" type="org.springframework.data.redis.RedisConnectionFailureException">org.springframework.data.redis.RedisConnectionFailureException: Unable to connect to Redis; nested exception is io.lettuce.core.RedisConnectionException: Unable to connect to 127.0.0.1:6379
Caused by: io.lettuce.core.RedisConnectionException: Unable to connect to 127.0.0.1:6379
Caused by: io.netty.channel.AbstractChannel$AnnotatedConnectException: syscall:getsockopt(..) failed: Connection refused: /127.0.0.1:6379
Caused by: io.netty.channel.unix.Errors$NativeConnectException: syscall:getsockopt(..) failed: Connection refused
</error>
  </testcase>
  <testcase name="testPollFirst[13]" classname="org.springframework.data.redis.support.collections.RedisListTests" time="0.001">
    <error message="Unable to connect to Redis; nested exception is io.lettuce.core.RedisConnectionException: Unable to connect to 127.0.0.1:6379" type="org.springframework.data.redis.RedisConnectionFailureException">org.springframework.data.redis.RedisConnectionFailureException: Unable to connect to Redis; nested exception is io.lettuce.core.RedisConnectionException: Unable to connect to 127.0.0.1:6379
Caused by: io.lettuce.core.RedisConnectionException: Unable to connect to 127.0.0.1:6379
Caused by: io.netty.channel.AbstractChannel$AnnotatedConnectException: syscall:getsockopt(..) failed: Connection refused: /127.0.0.1:6379
Caused by: io.netty.channel.unix.Errors$NativeConnectException: syscall:getsockopt(..) failed: Connection refused
</error>
  </testcase>
  <testcase name="testAddIndexObjectMiddle[13]" classname="org.springframework.data.redis.support.collections.RedisListTests" time="0.002">
    <error message="Unexpected exception, expected&lt;java.lang.IllegalArgumentException&gt; but was&lt;org.springframework.data.redis.RedisConnectionFailureException&gt;" type="java.lang.Exception"><![CDATA[java.lang.Exception: Unexpected exception, expected<java.lang.IllegalArgumentException> but was<org.springframework.data.redis.RedisConnectionFailureException>
Caused by: org.springframework.data.redis.RedisConnectionFailureException: Unable to connect to Redis; nested exception is io.lettuce.core.RedisConnectionException: Unable to connect to 127.0.0.1:6379
Caused by: io.lettuce.core.RedisConnectionException: Unable to connect to 127.0.0.1:6379
Caused by: io.netty.channel.AbstractChannel$AnnotatedConnectException: syscall:getsockopt(..) failed: Connection refused: /127.0.0.1:6379
Caused by: io.netty.channel.unix.Errors$NativeConnectException: syscall:getsockopt(..) failed: Connection refused
]]></error>
  </testcase>
  <testcase name="testAddIndexObjectMiddle[13]" classname="org.springframework.data.redis.support.collections.RedisListTests" time="0.002">
    <error message="Unable to connect to Redis; nested exception is io.lettuce.core.RedisConnectionException: Unable to connect to 127.0.0.1:6379" type="org.springframework.data.redis.RedisConnectionFailureException">org.springframework.data.redis.RedisConnectionFailureException: Unable to connect to Redis; nested exception is io.lettuce.core.RedisConnectionException: Unable to connect to 127.0.0.1:6379
Caused by: io.lettuce.core.RedisConnectionException: Unable to connect to 127.0.0.1:6379
Caused by: io.netty.channel.AbstractChannel$AnnotatedConnectException: syscall:getsockopt(..) failed: Connection refused: /127.0.0.1:6379
Caused by: io.netty.channel.unix.Errors$NativeConnectException: syscall:getsockopt(..) failed: Connection refused
</error>
  </testcase>
  <testcase name="testPeekLast[13]" classname="org.springframework.data.redis.support.collections.RedisListTests" time="0.002">
    <error message="Unable to connect to Redis; nested exception is io.lettuce.core.RedisConnectionException: Unable to connect to 127.0.0.1:6379" type="org.springframework.data.redis.RedisConnectionFailureException">org.springframework.data.redis.RedisConnectionFailureException: Unable to connect to Redis; nested exception is io.lettuce.core.RedisConnectionException: Unable to connect to 127.0.0.1:6379
Caused by: io.lettuce.core.RedisConnectionException: Unable to connect to 127.0.0.1:6379
Caused by: io.netty.channel.AbstractChannel$AnnotatedConnectException: syscall:getsockopt(..) failed: Connection refused: /127.0.0.1:6379
Caused by: io.netty.channel.unix.Errors$NativeConnectException: syscall:getsockopt(..) failed: Connection refused
</error>
  </testcase>
  <testcase name="testPeekLast[13]" classname="org.springframework.data.redis.support.collections.RedisListTests" time="0.002">
    <error message="Unable to connect to Redis; nested exception is io.lettuce.core.RedisConnectionException: Unable to connect to 127.0.0.1:6379" type="org.springframework.data.redis.RedisConnectionFailureException">org.springframework.data.redis.RedisConnectionFailureException: Unable to connect to Redis; nested exception is io.lettuce.core.RedisConnectionException: Unable to connect to 127.0.0.1:6379
Caused by: io.lettuce.core.RedisConnectionException: Unable to connect to 127.0.0.1:6379
Caused by: io.netty.channel.AbstractChannel$AnnotatedConnectException: syscall:getsockopt(..) failed: Connection refused: /127.0.0.1:6379
Caused by: io.netty.channel.unix.Errors$NativeConnectException: syscall:getsockopt(..) failed: Connection refused
</error>
  </testcase>
  <testcase name="testRemoveFirstOccurrence[13]" classname="org.springframework.data.redis.support.collections.RedisListTests" time="0.001">
    <error message="Unable to connect to Redis; nested exception is io.lettuce.core.RedisConnectionException: Unable to connect to 127.0.0.1:6379" type="org.springframework.data.redis.RedisConnectionFailureException">org.springframework.data.redis.RedisConnectionFailureException: Unable to connect to Redis; nested exception is io.lettuce.core.RedisConnectionException: Unable to connect to 127.0.0.1:6379
Caused by: io.lettuce.core.RedisConnectionException: Unable to connect to 127.0.0.1:6379
Caused by: io.netty.channel.AbstractChannel$AnnotatedConnectException: syscall:getsockopt(..) failed: Connection refused: /127.0.0.1:6379
Caused by: io.netty.channel.unix.Errors$NativeConnectException: syscall:getsockopt(..) failed: Connection refused
</error>
  </testcase>
  <testcase name="testRemoveFirstOccurrence[13]" classname="org.springframework.data.redis.support.collections.RedisListTests" time="0.002">
    <error message="Unable to connect to Redis; nested exception is io.lettuce.core.RedisConnectionException: Unable to connect to 127.0.0.1:6379" type="org.springframework.data.redis.RedisConnectionFailureException">org.springframework.data.redis.RedisConnectionFailureException: Unable to connect to Redis; nested exception is io.lettuce.core.RedisConnectionException: Unable to connect to 127.0.0.1:6379
Caused by: io.lettuce.core.RedisConnectionException: Unable to connect to 127.0.0.1:6379
Caused by: io.netty.channel.AbstractChannel$AnnotatedConnectException: syscall:getsockopt(..) failed: Connection refused: /127.0.0.1:6379
Caused by: io.netty.channel.unix.Errors$NativeConnectException: syscall:getsockopt(..) failed: Connection refused
</error>
  </testcase>
  <testcase name="addAllIndexCollectionHead[13]" classname="org.springframework.data.redis.support.collections.RedisListTests" time="0.001">
    <error message="Unable to connect to Redis; nested exception is io.lettuce.core.RedisConnectionException: Unable to connect to 127.0.0.1:6379" type="org.springframework.data.redis.RedisConnectionFailureException">org.springframework.data.redis.RedisConnectionFailureException: Unable to connect to Redis; nested exception is io.lettuce.core.RedisConnectionException: Unable to connect to 127.0.0.1:6379
Caused by: io.lettuce.core.RedisConnectionException: Unable to connect to 127.0.0.1:6379
Caused by: io.netty.channel.AbstractChannel$AnnotatedConnectException: syscall:getsockopt(..) failed: Connection refused: /127.0.0.1:6379
Caused by: io.netty.channel.unix.Errors$NativeConnectException: syscall:getsockopt(..) failed: Connection refused
</error>
  </testcase>
  <testcase name="addAllIndexCollectionHead[13]" classname="org.springframework.data.redis.support.collections.RedisListTests" time="0.001">
    <error message="Unable to connect to Redis; nested exception is io.lettuce.core.RedisConnectionException: Unable to connect to 127.0.0.1:6379" type="org.springframework.data.redis.RedisConnectionFailureException">org.springframework.data.redis.RedisConnectionFailureException: Unable to connect to Redis; nested exception is io.lettuce.core.RedisConnectionException: Unable to connect to 127.0.0.1:6379
Caused by: io.lettuce.core.RedisConnectionException: Unable to connect to 127.0.0.1:6379
Caused by: io.netty.channel.AbstractChannel$AnnotatedConnectException: syscall:getsockopt(..) failed: Connection refused: /127.0.0.1:6379
Caused by: io.netty.channel.unix.Errors$NativeConnectException: syscall:getsockopt(..) failed: Connection refused
</error>
  </testcase>
  <testcase name="addAllIndexCollectionTail[13]" classname="org.springframework.data.redis.support.collections.RedisListTests" time="0.001">
    <error message="Unable to connect to Redis; nested exception is io.lettuce.core.RedisConnectionException: Unable to connect to 127.0.0.1:6379" type="org.springframework.data.redis.RedisConnectionFailureException">org.springframework.data.redis.RedisConnectionFailureException: Unable to connect to Redis; nested exception is io.lettuce.core.RedisConnectionException: Unable to connect to 127.0.0.1:6379
Caused by: io.lettuce.core.RedisConnectionException: Unable to connect to 127.0.0.1:6379
Caused by: io.netty.channel.AbstractChannel$AnnotatedConnectException: syscall:getsockopt(..) failed: Connection refused: /127.0.0.1:6379
Caused by: io.netty.channel.unix.Errors$NativeConnectException: syscall:getsockopt(..) failed: Connection refused
</error>
  </testcase>
  <testcase name="addAllIndexCollectionTail[13]" classname="org.springframework.data.redis.support.collections.RedisListTests" time="0.001">
    <error message="Unable to connect to Redis; nested exception is io.lettuce.core.RedisConnectionException: Unable to connect to 127.0.0.1:6379" type="org.springframework.data.redis.RedisConnectionFailureException">org.springframework.data.redis.RedisConnectionFailureException: Unable to connect to Redis; nested exception is io.lettuce.core.RedisConnectionException: Unable to connect to 127.0.0.1:6379
Caused by: io.lettuce.core.RedisConnectionException: Unable to connect to 127.0.0.1:6379
Caused by: io.netty.channel.AbstractChannel$AnnotatedConnectException: syscall:getsockopt(..) failed: Connection refused: /127.0.0.1:6379
Caused by: io.netty.channel.unix.Errors$NativeConnectException: syscall:getsockopt(..) failed: Connection refused
</error>
  </testcase>
  <testcase name="addAllIndexCollectionMiddle[13]" classname="org.springframework.data.redis.support.collections.RedisListTests" time="0.001">
    <error message="Unexpected exception, expected&lt;java.lang.IllegalArgumentException&gt; but was&lt;org.springframework.data.redis.RedisConnectionFailureException&gt;" type="java.lang.Exception"><![CDATA[java.lang.Exception: Unexpected exception, expected<java.lang.IllegalArgumentException> but was<org.springframework.data.redis.RedisConnectionFailureException>
Caused by: org.springframework.data.redis.RedisConnectionFailureException: Unable to connect to Redis; nested exception is io.lettuce.core.RedisConnectionException: Unable to connect to 127.0.0.1:6379
Caused by: io.lettuce.core.RedisConnectionException: Unable to connect to 127.0.0.1:6379
Caused by: io.netty.channel.AbstractChannel$AnnotatedConnectException: syscall:getsockopt(..) failed: Connection refused: /127.0.0.1:6379
Caused by: io.netty.channel.unix.Errors$NativeConnectException: syscall:getsockopt(..) failed: Connection refused
]]></error>
  </testcase>
  <testcase name="addAllIndexCollectionMiddle[13]" classname="org.springframework.data.redis.support.collections.RedisListTests" time="0.001">
    <error message="Unable to connect to Redis; nested exception is io.lettuce.core.RedisConnectionException: Unable to connect to 127.0.0.1:6379" type="org.springframework.data.redis.RedisConnectionFailureException">org.springframework.data.redis.RedisConnectionFailureException: Unable to connect to Redis; nested exception is io.lettuce.core.RedisConnectionException: Unable to connect to 127.0.0.1:6379
Caused by: io.lettuce.core.RedisConnectionException: Unable to connect to 127.0.0.1:6379
Caused by: io.netty.channel.AbstractChannel$AnnotatedConnectException: syscall:getsockopt(..) failed: Connection refused: /127.0.0.1:6379
Caused by: io.netty.channel.unix.Errors$NativeConnectException: syscall:getsockopt(..) failed: Connection refused
</error>
  </testcase>
  <testcase name="testPollLast[13]" classname="org.springframework.data.redis.support.collections.RedisListTests" time="0.001">
    <error message="Unable to connect to Redis; nested exception is io.lettuce.core.RedisConnectionException: Unable to connect to 127.0.0.1:6379" type="org.springframework.data.redis.RedisConnectionFailureException">org.springframework.data.redis.RedisConnectionFailureException: Unable to connect to Redis; nested exception is io.lettuce.core.RedisConnectionException: Unable to connect to 127.0.0.1:6379
Caused by: io.lettuce.core.RedisConnectionException: Unable to connect to 127.0.0.1:6379
Caused by: io.netty.channel.AbstractChannel$AnnotatedConnectException: syscall:getsockopt(..) failed: Connection refused: /127.0.0.1:6379
Caused by: io.netty.channel.unix.Errors$NativeConnectException: syscall:getsockopt(..) failed: Connection refused
</error>
  </testcase>
  <testcase name="testPollLast[13]" classname="org.springframework.data.redis.support.collections.RedisListTests" time="0.001">
    <error message="Unable to connect to Redis; nested exception is io.lettuce.core.RedisConnectionException: Unable to connect to 127.0.0.1:6379" type="org.springframework.data.redis.RedisConnectionFailureException">org.springframework.data.redis.RedisConnectionFailureException: Unable to connect to Redis; nested exception is io.lettuce.core.RedisConnectionException: Unable to connect to 127.0.0.1:6379
Caused by: io.lettuce.core.RedisConnectionException: Unable to connect to 127.0.0.1:6379
Caused by: io.netty.channel.AbstractChannel$AnnotatedConnectException: syscall:getsockopt(..) failed: Connection refused: /127.0.0.1:6379
Caused by: io.netty.channel.unix.Errors$NativeConnectException: syscall:getsockopt(..) failed: Connection refused
</error>
  </testcase>
  <testcase name="testIndexOfObject[13]" classname="org.springframework.data.redis.support.collections.RedisListTests" time="0.001">
    <error message="Unable to connect to Redis; nested exception is io.lettuce.core.RedisConnectionException: Unable to connect to 127.0.0.1:6379" type="org.springframework.data.redis.RedisConnectionFailureException">org.springframework.data.redis.RedisConnectionFailureException: Unable to connect to Redis; nested exception is io.lettuce.core.RedisConnectionException: Unable to connect to 127.0.0.1:6379
Caused by: io.lettuce.core.RedisConnectionException: Unable to connect to 127.0.0.1:6379
Caused by: io.netty.channel.AbstractChannel$AnnotatedConnectException: syscall:getsockopt(..) failed: Connection refused: /127.0.0.1:6379
Caused by: io.netty.channel.unix.Errors$NativeConnectException: syscall:getsockopt(..) failed: Connection refused
</error>
  </testcase>
  <testcase name="testPollTimeout[13]" classname="org.springframework.data.redis.support.collections.RedisListTests" time="0.002">
    <error message="Unable to connect to Redis; nested exception is io.lettuce.core.RedisConnectionException: Unable to connect to 127.0.0.1:6379" type="org.springframework.data.redis.RedisConnectionFailureException">org.springframework.data.redis.RedisConnectionFailureException: Unable to connect to Redis; nested exception is io.lettuce.core.RedisConnectionException: Unable to connect to 127.0.0.1:6379
Caused by: io.lettuce.core.RedisConnectionException: Unable to connect to 127.0.0.1:6379
Caused by: io.netty.channel.AbstractChannel$AnnotatedConnectException: syscall:getsockopt(..) failed: Connection refused: /127.0.0.1:6379
Caused by: io.netty.channel.unix.Errors$NativeConnectException: syscall:getsockopt(..) failed: Connection refused
</error>
  </testcase>
  <testcase name="testPollTimeout[13]" classname="org.springframework.data.redis.support.collections.RedisListTests" time="0.002">
    <error message="Unable to connect to Redis; nested exception is io.lettuce.core.RedisConnectionException: Unable to connect to 127.0.0.1:6379" type="org.springframework.data.redis.RedisConnectionFailureException">org.springframework.data.redis.RedisConnectionFailureException: Unable to connect to Redis; nested exception is io.lettuce.core.RedisConnectionException: Unable to connect to 127.0.0.1:6379
Caused by: io.lettuce.core.RedisConnectionException: Unable to connect to 127.0.0.1:6379
Caused by: io.netty.channel.AbstractChannel$AnnotatedConnectException: syscall:getsockopt(..) failed: Connection refused: /127.0.0.1:6379
Caused by: io.netty.channel.unix.Errors$NativeConnectException: syscall:getsockopt(..) failed: Connection refused
</error>
  </testcase>
  <testcase name="testRemove[13]" classname="org.springframework.data.redis.support.collections.RedisListTests" time="0.001">
    <error message="Unable to connect to Redis; nested exception is io.lettuce.core.RedisConnectionException: Unable to connect to 127.0.0.1:6379" type="org.springframework.data.redis.RedisConnectionFailureException">org.springframework.data.redis.RedisConnectionFailureException: Unable to connect to Redis; nested exception is io.lettuce.core.RedisConnectionException: Unable to connect to 127.0.0.1:6379
Caused by: io.lettuce.core.RedisConnectionException: Unable to connect to 127.0.0.1:6379
Caused by: io.netty.channel.AbstractChannel$AnnotatedConnectException: syscall:getsockopt(..) failed: Connection refused: /127.0.0.1:6379
Caused by: io.netty.channel.unix.Errors$NativeConnectException: syscall:getsockopt(..) failed: Connection refused
</error>
  </testcase>
  <testcase name="testRemove[13]" classname="org.springframework.data.redis.support.collections.RedisListTests" time="0.002">
    <error message="Unable to connect to Redis; nested exception is io.lettuce.core.RedisConnectionException: Unable to connect to 127.0.0.1:6379" type="org.springframework.data.redis.RedisConnectionFailureException">org.springframework.data.redis.RedisConnectionFailureException: Unable to connect to Redis; nested exception is io.lettuce.core.RedisConnectionException: Unable to connect to 127.0.0.1:6379
Caused by: io.lettuce.core.RedisConnectionException: Unable to connect to 127.0.0.1:6379
Caused by: io.netty.channel.AbstractChannel$AnnotatedConnectException: syscall:getsockopt(..) failed: Connection refused: /127.0.0.1:6379
Caused by: io.netty.channel.unix.Errors$NativeConnectException: syscall:getsockopt(..) failed: Connection refused
</error>
  </testcase>
  <testcase name="testCappedCollection[13]" classname="org.springframework.data.redis.support.collections.RedisListTests" time="0.001">
    <error message="Unable to connect to Redis; nested exception is io.lettuce.core.RedisConnectionException: Unable to connect to 127.0.0.1:6379" type="org.springframework.data.redis.RedisConnectionFailureException">org.springframework.data.redis.RedisConnectionFailureException: Unable to connect to Redis; nested exception is io.lettuce.core.RedisConnectionException: Unable to connect to 127.0.0.1:6379
Caused by: io.lettuce.core.RedisConnectionException: Unable to connect to 127.0.0.1:6379
Caused by: io.netty.channel.AbstractChannel$AnnotatedConnectException: syscall:getsockopt(..) failed: Connection refused: /127.0.0.1:6379
Caused by: io.netty.channel.unix.Errors$NativeConnectException: syscall:getsockopt(..) failed: Connection refused
</error>
  </testcase>
  <testcase name="testCappedCollection[13]" classname="org.springframework.data.redis.support.collections.RedisListTests" time="0.001">
    <error message="Unable to connect to Redis; nested exception is io.lettuce.core.RedisConnectionException: Unable to connect to 127.0.0.1:6379" type="org.springframework.data.redis.RedisConnectionFailureException">org.springframework.data.redis.RedisConnectionFailureException: Unable to connect to Redis; nested exception is io.lettuce.core.RedisConnectionException: Unable to connect to 127.0.0.1:6379
Caused by: io.lettuce.core.RedisConnectionException: Unable to connect to 127.0.0.1:6379
Caused by: io.netty.channel.AbstractChannel$AnnotatedConnectException: syscall:getsockopt(..) failed: Connection refused: /127.0.0.1:6379
Caused by: io.netty.channel.unix.Errors$NativeConnectException: syscall:getsockopt(..) failed: Connection refused
</error>
  </testcase>
  <testcase name="testRmoveLastOccurrence[13]" classname="org.springframework.data.redis.support.collections.RedisListTests" time="0.001">
    <error message="Unable to connect to Redis; nested exception is io.lettuce.core.RedisConnectionException: Unable to connect to 127.0.0.1:6379" type="org.springframework.data.redis.RedisConnectionFailureException">org.springframework.data.redis.RedisConnectionFailureException: Unable to connect to Redis; nested exception is io.lettuce.core.RedisConnectionException: Unable to connect to 127.0.0.1:6379
Caused by: io.lettuce.core.RedisConnectionException: Unable to connect to 127.0.0.1:6379
Caused by: io.netty.channel.AbstractChannel$AnnotatedConnectException: syscall:getsockopt(..) failed: Connection refused: /127.0.0.1:6379
Caused by: io.netty.channel.unix.Errors$NativeConnectException: syscall:getsockopt(..) failed: Connection refused
</error>
  </testcase>
  <testcase name="testRmoveLastOccurrence[13]" classname="org.springframework.data.redis.support.collections.RedisListTests" time="0.001">
    <error message="Unable to connect to Redis; nested exception is io.lettuce.core.RedisConnectionException: Unable to connect to 127.0.0.1:6379" type="org.springframework.data.redis.RedisConnectionFailureException">org.springframework.data.redis.RedisConnectionFailureException: Unable to connect to Redis; nested exception is io.lettuce.core.RedisConnectionException: Unable to connect to 127.0.0.1:6379
Caused by: io.lettuce.core.RedisConnectionException: Unable to connect to 127.0.0.1:6379
Caused by: io.netty.channel.AbstractChannel$AnnotatedConnectException: syscall:getsockopt(..) failed: Connection refused: /127.0.0.1:6379
Caused by: io.netty.channel.unix.Errors$NativeConnectException: syscall:getsockopt(..) failed: Connection refused
</error>
  </testcase>
  <testcase name="testTakeFirst[13]" classname="org.springframework.data.redis.support.collections.RedisListTests" time="0.002">
    <error message="Unable to connect to Redis; nested exception is io.lettuce.core.RedisConnectionException: Unable to connect to 127.0.0.1:6379" type="org.springframework.data.redis.RedisConnectionFailureException">org.springframework.data.redis.RedisConnectionFailureException: Unable to connect to Redis; nested exception is io.lettuce.core.RedisConnectionException: Unable to connect to 127.0.0.1:6379
Caused by: io.lettuce.core.RedisConnectionException: Unable to connect to 127.0.0.1:6379
Caused by: io.netty.channel.AbstractChannel$AnnotatedConnectException: syscall:getsockopt(..) failed: Connection refused: /127.0.0.1:6379
Caused by: io.netty.channel.unix.Errors$NativeConnectException: syscall:getsockopt(..) failed: Connection refused
</error>
  </testcase>
  <testcase name="testTakeFirst[13]" classname="org.springframework.data.redis.support.collections.RedisListTests" time="0.002">
    <error message="Unable to connect to Redis; nested exception is io.lettuce.core.RedisConnectionException: Unable to connect to 127.0.0.1:6379" type="org.springframework.data.redis.RedisConnectionFailureException">org.springframework.data.redis.RedisConnectionFailureException: Unable to connect to Redis; nested exception is io.lettuce.core.RedisConnectionException: Unable to connect to 127.0.0.1:6379
Caused by: io.lettuce.core.RedisConnectionException: Unable to connect to 127.0.0.1:6379
Caused by: io.netty.channel.AbstractChannel$AnnotatedConnectException: syscall:getsockopt(..) failed: Connection refused: /127.0.0.1:6379
Caused by: io.netty.channel.unix.Errors$NativeConnectException: syscall:getsockopt(..) failed: Connection refused
</error>
  </testcase>
  <testcase name="testContainsObject[13]" classname="org.springframework.data.redis.support.collections.RedisListTests" time="0.001">
    <error message="Unable to connect to Redis; nested exception is io.lettuce.core.RedisConnectionException: Unable to connect to 127.0.0.1:6379" type="org.springframework.data.redis.RedisConnectionFailureException">org.springframework.data.redis.RedisConnectionFailureException: Unable to connect to Redis; nested exception is io.lettuce.core.RedisConnectionException: Unable to connect to 127.0.0.1:6379
Caused by: io.lettuce.core.RedisConnectionException: Unable to connect to 127.0.0.1:6379
Caused by: io.netty.channel.AbstractChannel$AnnotatedConnectException: syscall:getsockopt(..) failed: Connection refused: /127.0.0.1:6379
Caused by: io.netty.channel.unix.Errors$NativeConnectException: syscall:getsockopt(..) failed: Connection refused
</error>
  </testcase>
  <testcase name="testContainsObject[13]" classname="org.springframework.data.redis.support.collections.RedisListTests" time="0.002">
    <error message="Unable to connect to Redis; nested exception is io.lettuce.core.RedisConnectionException: Unable to connect to 127.0.0.1:6379" type="org.springframework.data.redis.RedisConnectionFailureException">org.springframework.data.redis.RedisConnectionFailureException: Unable to connect to Redis; nested exception is io.lettuce.core.RedisConnectionException: Unable to connect to 127.0.0.1:6379
Caused by: io.lettuce.core.RedisConnectionException: Unable to connect to 127.0.0.1:6379
Caused by: io.netty.channel.AbstractChannel$AnnotatedConnectException: syscall:getsockopt(..) failed: Connection refused: /127.0.0.1:6379
Caused by: io.netty.channel.unix.Errors$NativeConnectException: syscall:getsockopt(..) failed: Connection refused
</error>
  </testcase>
  <testcase name="testToArray[13]" classname="org.springframework.data.redis.support.collections.RedisListTests" time="0.001">
    <error message="Unable to connect to Redis; nested exception is io.lettuce.core.RedisConnectionException: Unable to connect to 127.0.0.1:6379" type="org.springframework.data.redis.RedisConnectionFailureException">org.springframework.data.redis.RedisConnectionFailureException: Unable to connect to Redis; nested exception is io.lettuce.core.RedisConnectionException: Unable to connect to 127.0.0.1:6379
Caused by: io.lettuce.core.RedisConnectionException: Unable to connect to 127.0.0.1:6379
Caused by: io.netty.channel.AbstractChannel$AnnotatedConnectException: syscall:getsockopt(..) failed: Connection refused: /127.0.0.1:6379
Caused by: io.netty.channel.unix.Errors$NativeConnectException: syscall:getsockopt(..) failed: Connection refused
</error>
  </testcase>
  <testcase name="testToArray[13]" classname="org.springframework.data.redis.support.collections.RedisListTests" time="0.001">
    <error message="Unable to connect to Redis; nested exception is io.lettuce.core.RedisConnectionException: Unable to connect to 127.0.0.1:6379" type="org.springframework.data.redis.RedisConnectionFailureException">org.springframework.data.redis.RedisConnectionFailureException: Unable to connect to Redis; nested exception is io.lettuce.core.RedisConnectionException: Unable to connect to 127.0.0.1:6379
Caused by: io.lettuce.core.RedisConnectionException: Unable to connect to 127.0.0.1:6379
Caused by: io.netty.channel.AbstractChannel$AnnotatedConnectException: syscall:getsockopt(..) failed: Connection refused: /127.0.0.1:6379
Caused by: io.netty.channel.unix.Errors$NativeConnectException: syscall:getsockopt(..) failed: Connection refused
</error>
  </testcase>
  <testcase name="testAdd[13]" classname="org.springframework.data.redis.support.collections.RedisListTests" time="0.001">
    <error message="Unable to connect to Redis; nested exception is io.lettuce.core.RedisConnectionException: Unable to connect to 127.0.0.1:6379" type="org.springframework.data.redis.RedisConnectionFailureException">org.springframework.data.redis.RedisConnectionFailureException: Unable to connect to Redis; nested exception is io.lettuce.core.RedisConnectionException: Unable to connect to 127.0.0.1:6379
Caused by: io.lettuce.core.RedisConnectionException: Unable to connect to 127.0.0.1:6379
Caused by: io.netty.channel.AbstractChannel$AnnotatedConnectException: syscall:getsockopt(..) failed: Connection refused: /127.0.0.1:6379
Caused by: io.netty.channel.unix.Errors$NativeConnectException: syscall:getsockopt(..) failed: Connection refused
</error>
  </testcase>
  <testcase name="testAdd[13]" classname="org.springframework.data.redis.support.collections.RedisListTests" time="0.001">
    <error message="Unable to connect to Redis; nested exception is io.lettuce.core.RedisConnectionException: Unable to connect to 127.0.0.1:6379" type="org.springframework.data.redis.RedisConnectionFailureException">org.springframework.data.redis.RedisConnectionFailureException: Unable to connect to Redis; nested exception is io.lettuce.core.RedisConnectionException: Unable to connect to 127.0.0.1:6379
Caused by: io.lettuce.core.RedisConnectionException: Unable to connect to 127.0.0.1:6379
Caused by: io.netty.channel.AbstractChannel$AnnotatedConnectException: syscall:getsockopt(..) failed: Connection refused: /127.0.0.1:6379
Caused by: io.netty.channel.unix.Errors$NativeConnectException: syscall:getsockopt(..) failed: Connection refused
</error>
  </testcase>
  <testcase name="testClear[13]" classname="org.springframework.data.redis.support.collections.RedisListTests" time="0.001">
    <error message="Unable to connect to Redis; nested exception is io.lettuce.core.RedisConnectionException: Unable to connect to 127.0.0.1:6379" type="org.springframework.data.redis.RedisConnectionFailureException">org.springframework.data.redis.RedisConnectionFailureException: Unable to connect to Redis; nested exception is io.lettuce.core.RedisConnectionException: Unable to connect to 127.0.0.1:6379
Caused by: io.lettuce.core.RedisConnectionException: Unable to connect to 127.0.0.1:6379
Caused by: io.netty.channel.AbstractChannel$AnnotatedConnectException: syscall:getsockopt(..) failed: Connection refused: /127.0.0.1:6379
Caused by: io.netty.channel.unix.Errors$NativeConnectException: syscall:getsockopt(..) failed: Connection refused
</error>
  </testcase>
  <testcase name="testClear[13]" classname="org.springframework.data.redis.support.collections.RedisListTests" time="0.001">
    <error message="Unable to connect to Redis; nested exception is io.lettuce.core.RedisConnectionException: Unable to connect to 127.0.0.1:6379" type="org.springframework.data.redis.RedisConnectionFailureException">org.springframework.data.redis.RedisConnectionFailureException: Unable to connect to Redis; nested exception is io.lettuce.core.RedisConnectionException: Unable to connect to 127.0.0.1:6379
Caused by: io.lettuce.core.RedisConnectionException: Unable to connect to 127.0.0.1:6379
Caused by: io.netty.channel.AbstractChannel$AnnotatedConnectException: syscall:getsockopt(..) failed: Connection refused: /127.0.0.1:6379
Caused by: io.netty.channel.unix.Errors$NativeConnectException: syscall:getsockopt(..) failed: Connection refused
</error>
  </testcase>
  <testcase name="testSize[13]" classname="org.springframework.data.redis.support.collections.RedisListTests" time="0.001">
    <error message="Unable to connect to Redis; nested exception is io.lettuce.core.RedisConnectionException: Unable to connect to 127.0.0.1:6379" type="org.springframework.data.redis.RedisConnectionFailureException">org.springframework.data.redis.RedisConnectionFailureException: Unable to connect to Redis; nested exception is io.lettuce.core.RedisConnectionException: Unable to connect to 127.0.0.1:6379
Caused by: io.lettuce.core.RedisConnectionException: Unable to connect to 127.0.0.1:6379
Caused by: io.netty.channel.AbstractChannel$AnnotatedConnectException: syscall:getsockopt(..) failed: Connection refused: /127.0.0.1:6379
Caused by: io.netty.channel.unix.Errors$NativeConnectException: syscall:getsockopt(..) failed: Connection refused
</error>
  </testcase>
  <testcase name="testSize[13]" classname="org.springframework.data.redis.support.collections.RedisListTests" time="0.002">
    <error message="Unable to connect to Redis; nested exception is io.lettuce.core.RedisConnectionException: Unable to connect to 127.0.0.1:6379" type="org.springframework.data.redis.RedisConnectionFailureException">org.springframework.data.redis.RedisConnectionFailureException: Unable to connect to Redis; nested exception is io.lettuce.core.RedisConnectionException: Unable to connect to 127.0.0.1:6379
Caused by: io.lettuce.core.RedisConnectionException: Unable to connect to 127.0.0.1:6379
Caused by: io.netty.channel.AbstractChannel$AnnotatedConnectException: syscall:getsockopt(..) failed: Connection refused: /127.0.0.1:6379
Caused by: io.netty.channel.unix.Errors$NativeConnectException: syscall:getsockopt(..) failed: Connection refused
</error>
  </testcase>
  <testcase name="testToString[13]" classname="org.springframework.data.redis.support.collections.RedisListTests" time="0.001">
    <error message="Unable to connect to Redis; nested exception is io.lettuce.core.RedisConnectionException: Unable to connect to 127.0.0.1:6379" type="org.springframework.data.redis.RedisConnectionFailureException">org.springframework.data.redis.RedisConnectionFailureException: Unable to connect to Redis; nested exception is io.lettuce.core.RedisConnectionException: Unable to connect to 127.0.0.1:6379
Caused by: io.lettuce.core.RedisConnectionException: Unable to connect to 127.0.0.1:6379
Caused by: io.netty.channel.AbstractChannel$AnnotatedConnectException: syscall:getsockopt(..) failed: Connection refused: /127.0.0.1:6379
Caused by: io.netty.channel.unix.Errors$NativeConnectException: syscall:getsockopt(..) failed: Connection refused
</error>
  </testcase>
  <testcase name="testToString[13]" classname="org.springframework.data.redis.support.collections.RedisListTests" time="0.001">
    <error message="Unable to connect to Redis; nested exception is io.lettuce.core.RedisConnectionException: Unable to connect to 127.0.0.1:6379" type="org.springframework.data.redis.RedisConnectionFailureException">org.springframework.data.redis.RedisConnectionFailureException: Unable to connect to Redis; nested exception is io.lettuce.core.RedisConnectionException: Unable to connect to 127.0.0.1:6379
Caused by: io.lettuce.core.RedisConnectionException: Unable to connect to 127.0.0.1:6379
Caused by: io.netty.channel.AbstractChannel$AnnotatedConnectException: syscall:getsockopt(..) failed: Connection refused: /127.0.0.1:6379
Caused by: io.netty.channel.unix.Errors$NativeConnectException: syscall:getsockopt(..) failed: Connection refused
</error>
  </testcase>
  <testcase name="testContainsAll[13]" classname="org.springframework.data.redis.support.collections.RedisListTests" time="0.001">
    <error message="Unable to connect to Redis; nested exception is io.lettuce.core.RedisConnectionException: Unable to connect to 127.0.0.1:6379" type="org.springframework.data.redis.RedisConnectionFailureException">org.springframework.data.redis.RedisConnectionFailureException: Unable to connect to Redis; nested exception is io.lettuce.core.RedisConnectionException: Unable to connect to 127.0.0.1:6379
Caused by: io.lettuce.core.RedisConnectionException: Unable to connect to 127.0.0.1:6379
Caused by: io.netty.channel.AbstractChannel$AnnotatedConnectException: syscall:getsockopt(..) failed: Connection refused: /127.0.0.1:6379
Caused by: io.netty.channel.unix.Errors$NativeConnectException: syscall:getsockopt(..) failed: Connection refused
</error>
  </testcase>
  <testcase name="testContainsAll[13]" classname="org.springframework.data.redis.support.collections.RedisListTests" time="0.001">
    <error message="Unable to connect to Redis; nested exception is io.lettuce.core.RedisConnectionException: Unable to connect to 127.0.0.1:6379" type="org.springframework.data.redis.RedisConnectionFailureException">org.springframework.data.redis.RedisConnectionFailureException: Unable to connect to Redis; nested exception is io.lettuce.core.RedisConnectionException: Unable to connect to 127.0.0.1:6379
Caused by: io.lettuce.core.RedisConnectionException: Unable to connect to 127.0.0.1:6379
Caused by: io.netty.channel.AbstractChannel$AnnotatedConnectException: syscall:getsockopt(..) failed: Connection refused: /127.0.0.1:6379
Caused by: io.netty.channel.unix.Errors$NativeConnectException: syscall:getsockopt(..) failed: Connection refused
</error>
  </testcase>
  <testcase name="testRemoveObject[13]" classname="org.springframework.data.redis.support.collections.RedisListTests" time="0.001">
    <error message="Unable to connect to Redis; nested exception is io.lettuce.core.RedisConnectionException: Unable to connect to 127.0.0.1:6379" type="org.springframework.data.redis.RedisConnectionFailureException">org.springframework.data.redis.RedisConnectionFailureException: Unable to connect to Redis; nested exception is io.lettuce.core.RedisConnectionException: Unable to connect to 127.0.0.1:6379
Caused by: io.lettuce.core.RedisConnectionException: Unable to connect to 127.0.0.1:6379
Caused by: io.netty.channel.AbstractChannel$AnnotatedConnectException: syscall:getsockopt(..) failed: Connection refused: /127.0.0.1:6379
Caused by: io.netty.channel.unix.Errors$NativeConnectException: syscall:getsockopt(..) failed: Connection refused
</error>
  </testcase>
  <testcase name="testRemoveObject[13]" classname="org.springframework.data.redis.support.collections.RedisListTests" time="0.001">
    <error message="Unable to connect to Redis; nested exception is io.lettuce.core.RedisConnectionException: Unable to connect to 127.0.0.1:6379" type="org.springframework.data.redis.RedisConnectionFailureException">org.springframework.data.redis.RedisConnectionFailureException: Unable to connect to Redis; nested exception is io.lettuce.core.RedisConnectionException: Unable to connect to 127.0.0.1:6379
Caused by: io.lettuce.core.RedisConnectionException: Unable to connect to 127.0.0.1:6379
Caused by: io.netty.channel.AbstractChannel$AnnotatedConnectException: syscall:getsockopt(..) failed: Connection refused: /127.0.0.1:6379
Caused by: io.netty.channel.unix.Errors$NativeConnectException: syscall:getsockopt(..) failed: Connection refused
</error>
  </testcase>
  <testcase name="testHashCode[13]" classname="org.springframework.data.redis.support.collections.RedisListTests" time="0.001">
    <error message="Unable to connect to Redis; nested exception is io.lettuce.core.RedisConnectionException: Unable to connect to 127.0.0.1:6379" type="org.springframework.data.redis.RedisConnectionFailureException">org.springframework.data.redis.RedisConnectionFailureException: Unable to connect to Redis; nested exception is io.lettuce.core.RedisConnectionException: Unable to connect to 127.0.0.1:6379
Caused by: io.lettuce.core.RedisConnectionException: Unable to connect to 127.0.0.1:6379
Caused by: io.netty.channel.AbstractChannel$AnnotatedConnectException: syscall:getsockopt(..) failed: Connection refused: /127.0.0.1:6379
Caused by: io.netty.channel.unix.Errors$NativeConnectException: syscall:getsockopt(..) failed: Connection refused
</error>
  </testcase>
  <testcase name="testAddAll[13]" classname="org.springframework.data.redis.support.collections.RedisListTests" time="0.002">
    <error message="Unable to connect to Redis; nested exception is io.lettuce.core.RedisConnectionException: Unable to connect to 127.0.0.1:6379" type="org.springframework.data.redis.RedisConnectionFailureException">org.springframework.data.redis.RedisConnectionFailureException: Unable to connect to Redis; nested exception is io.lettuce.core.RedisConnectionException: Unable to connect to 127.0.0.1:6379
Caused by: io.lettuce.core.RedisConnectionException: Unable to connect to 127.0.0.1:6379
Caused by: io.netty.channel.AbstractChannel$AnnotatedConnectException: syscall:getsockopt(..) failed: Connection refused: /127.0.0.1:6379
Caused by: io.netty.channel.unix.Errors$NativeConnectException: syscall:getsockopt(..) failed: Connection refused
</error>
  </testcase>
  <testcase name="testAddAll[13]" classname="org.springframework.data.redis.support.collections.RedisListTests" time="0.002">
    <error message="Unable to connect to Redis; nested exception is io.lettuce.core.RedisConnectionException: Unable to connect to 127.0.0.1:6379" type="org.springframework.data.redis.RedisConnectionFailureException">org.springframework.data.redis.RedisConnectionFailureException: Unable to connect to Redis; nested exception is io.lettuce.core.RedisConnectionException: Unable to connect to 127.0.0.1:6379
Caused by: io.lettuce.core.RedisConnectionException: Unable to connect to 127.0.0.1:6379
Caused by: io.netty.channel.AbstractChannel$AnnotatedConnectException: syscall:getsockopt(..) failed: Connection refused: /127.0.0.1:6379
Caused by: io.netty.channel.unix.Errors$NativeConnectException: syscall:getsockopt(..) failed: Connection refused
</error>
  </testcase>
  <testcase name="removeAll[13]" classname="org.springframework.data.redis.support.collections.RedisListTests" time="0.002">
    <error message="Unable to connect to Redis; nested exception is io.lettuce.core.RedisConnectionException: Unable to connect to 127.0.0.1:6379" type="org.springframework.data.redis.RedisConnectionFailureException">org.springframework.data.redis.RedisConnectionFailureException: Unable to connect to Redis; nested exception is io.lettuce.core.RedisConnectionException: Unable to connect to 127.0.0.1:6379
Caused by: io.lettuce.core.RedisConnectionException: Unable to connect to 127.0.0.1:6379
Caused by: io.netty.channel.AbstractChannel$AnnotatedConnectException: syscall:getsockopt(..) failed: Connection refused: /127.0.0.1:6379
Caused by: io.netty.channel.unix.Errors$NativeConnectException: syscall:getsockopt(..) failed: Connection refused
</error>
  </testcase>
  <testcase name="removeAll[13]" classname="org.springframework.data.redis.support.collections.RedisListTests" time="0.002">
    <error message="Unable to connect to Redis; nested exception is io.lettuce.core.RedisConnectionException: Unable to connect to 127.0.0.1:6379" type="org.springframework.data.redis.RedisConnectionFailureException">org.springframework.data.redis.RedisConnectionFailureException: Unable to connect to Redis; nested exception is io.lettuce.core.RedisConnectionException: Unable to connect to 127.0.0.1:6379
Caused by: io.lettuce.core.RedisConnectionException: Unable to connect to 127.0.0.1:6379
Caused by: io.netty.channel.AbstractChannel$AnnotatedConnectException: syscall:getsockopt(..) failed: Connection refused: /127.0.0.1:6379
Caused by: io.netty.channel.unix.Errors$NativeConnectException: syscall:getsockopt(..) failed: Connection refused
</error>
  </testcase>
  <testcase name="testEquals[13]" classname="org.springframework.data.redis.support.collections.RedisListTests" time="0.001">
    <error message="Unable to connect to Redis; nested exception is io.lettuce.core.RedisConnectionException: Unable to connect to 127.0.0.1:6379" type="org.springframework.data.redis.RedisConnectionFailureException">org.springframework.data.redis.RedisConnectionFailureException: Unable to connect to Redis; nested exception is io.lettuce.core.RedisConnectionException: Unable to connect to 127.0.0.1:6379
Caused by: io.lettuce.core.RedisConnectionException: Unable to connect to 127.0.0.1:6379
Caused by: io.netty.channel.AbstractChannel$AnnotatedConnectException: syscall:getsockopt(..) failed: Connection refused: /127.0.0.1:6379
Caused by: io.netty.channel.unix.Errors$NativeConnectException: syscall:getsockopt(..) failed: Connection refused
</error>
  </testcase>
  <testcase name="testGetKey[13]" classname="org.springframework.data.redis.support.collections.RedisListTests" time="0.001">
    <error message="Unable to connect to Redis; nested exception is io.lettuce.core.RedisConnectionException: Unable to connect to 127.0.0.1:6379" type="org.springframework.data.redis.RedisConnectionFailureException">org.springframework.data.redis.RedisConnectionFailureException: Unable to connect to Redis; nested exception is io.lettuce.core.RedisConnectionException: Unable to connect to 127.0.0.1:6379
Caused by: io.lettuce.core.RedisConnectionException: Unable to connect to 127.0.0.1:6379
Caused by: io.netty.channel.AbstractChannel$AnnotatedConnectException: syscall:getsockopt(..) failed: Connection refused: /127.0.0.1:6379
Caused by: io.netty.channel.unix.Errors$NativeConnectException: syscall:getsockopt(..) failed: Connection refused
</error>
  </testcase>
  <testcase name="testToArrayWithGenerics[13]" classname="org.springframework.data.redis.support.collections.RedisListTests" time="0.002">
    <error message="Unable to connect to Redis; nested exception is io.lettuce.core.RedisConnectionException: Unable to connect to 127.0.0.1:6379" type="org.springframework.data.redis.RedisConnectionFailureException">org.springframework.data.redis.RedisConnectionFailureException: Unable to connect to Redis; nested exception is io.lettuce.core.RedisConnectionException: Unable to connect to 127.0.0.1:6379
Caused by: io.lettuce.core.RedisConnectionException: Unable to connect to 127.0.0.1:6379
Caused by: io.netty.channel.AbstractChannel$AnnotatedConnectException: syscall:getsockopt(..) failed: Connection refused: /127.0.0.1:6379
Caused by: io.netty.channel.unix.Errors$NativeConnectException: syscall:getsockopt(..) failed: Connection refused
</error>
  </testcase>
  <testcase name="testToArrayWithGenerics[13]" classname="org.springframework.data.redis.support.collections.RedisListTests" time="0.002">
    <error message="Unable to connect to Redis; nested exception is io.lettuce.core.RedisConnectionException: Unable to connect to 127.0.0.1:6379" type="org.springframework.data.redis.RedisConnectionFailureException">org.springframework.data.redis.RedisConnectionFailureException: Unable to connect to Redis; nested exception is io.lettuce.core.RedisConnectionException: Unable to connect to 127.0.0.1:6379
Caused by: io.lettuce.core.RedisConnectionException: Unable to connect to 127.0.0.1:6379
Caused by: io.netty.channel.AbstractChannel$AnnotatedConnectException: syscall:getsockopt(..) failed: Connection refused: /127.0.0.1:6379
Caused by: io.netty.channel.unix.Errors$NativeConnectException: syscall:getsockopt(..) failed: Connection refused
</error>
  </testcase>
  <testcase name="testIsEmpty[13]" classname="org.springframework.data.redis.support.collections.RedisListTests" time="0.001">
    <error message="Unable to connect to Redis; nested exception is io.lettuce.core.RedisConnectionException: Unable to connect to 127.0.0.1:6379" type="org.springframework.data.redis.RedisConnectionFailureException">org.springframework.data.redis.RedisConnectionFailureException: Unable to connect to Redis; nested exception is io.lettuce.core.RedisConnectionException: Unable to connect to 127.0.0.1:6379
Caused by: io.lettuce.core.RedisConnectionException: Unable to connect to 127.0.0.1:6379
Caused by: io.netty.channel.AbstractChannel$AnnotatedConnectException: syscall:getsockopt(..) failed: Connection refused: /127.0.0.1:6379
Caused by: io.netty.channel.unix.Errors$NativeConnectException: syscall:getsockopt(..) failed: Connection refused
</error>
  </testcase>
  <testcase name="testIsEmpty[13]" classname="org.springframework.data.redis.support.collections.RedisListTests" time="0.002">
    <error message="Unable to connect to Redis; nested exception is io.lettuce.core.RedisConnectionException: Unable to connect to 127.0.0.1:6379" type="org.springframework.data.redis.RedisConnectionFailureException">org.springframework.data.redis.RedisConnectionFailureException: Unable to connect to Redis; nested exception is io.lettuce.core.RedisConnectionException: Unable to connect to 127.0.0.1:6379
Caused by: io.lettuce.core.RedisConnectionException: Unable to connect to 127.0.0.1:6379
Caused by: io.netty.channel.AbstractChannel$AnnotatedConnectException: syscall:getsockopt(..) failed: Connection refused: /127.0.0.1:6379
Caused by: io.netty.channel.unix.Errors$NativeConnectException: syscall:getsockopt(..) failed: Connection refused
</error>
  </testcase>
  <testcase name="testIterator[13]" classname="org.springframework.data.redis.support.collections.RedisListTests" time="0.001">
    <error message="Unable to connect to Redis; nested exception is io.lettuce.core.RedisConnectionException: Unable to connect to 127.0.0.1:6379" type="org.springframework.data.redis.RedisConnectionFailureException">org.springframework.data.redis.RedisConnectionFailureException: Unable to connect to Redis; nested exception is io.lettuce.core.RedisConnectionException: Unable to connect to 127.0.0.1:6379
Caused by: io.lettuce.core.RedisConnectionException: Unable to connect to 127.0.0.1:6379
Caused by: io.netty.channel.AbstractChannel$AnnotatedConnectException: syscall:getsockopt(..) failed: Connection refused: /127.0.0.1:6379
Caused by: io.netty.channel.unix.Errors$NativeConnectException: syscall:getsockopt(..) failed: Connection refused
</error>
  </testcase>
  <testcase name="testIterator[13]" classname="org.springframework.data.redis.support.collections.RedisListTests" time="0.002">
    <error message="Unable to connect to Redis; nested exception is io.lettuce.core.RedisConnectionException: Unable to connect to 127.0.0.1:6379" type="org.springframework.data.redis.RedisConnectionFailureException">org.springframework.data.redis.RedisConnectionFailureException: Unable to connect to Redis; nested exception is io.lettuce.core.RedisConnectionException: Unable to connect to 127.0.0.1:6379
Caused by: io.lettuce.core.RedisConnectionException: Unable to connect to 127.0.0.1:6379
Caused by: io.netty.channel.AbstractChannel$AnnotatedConnectException: syscall:getsockopt(..) failed: Connection refused: /127.0.0.1:6379
Caused by: io.netty.channel.unix.Errors$NativeConnectException: syscall:getsockopt(..) failed: Connection refused
</error>
  </testcase>
  <testcase name="testElement[14]" classname="org.springframework.data.redis.support.collections.RedisListTests" time="0.001">
    <error message="Unable to connect to Redis; nested exception is io.lettuce.core.RedisConnectionException: Unable to connect to 127.0.0.1:6379" type="org.springframework.data.redis.RedisConnectionFailureException">org.springframework.data.redis.RedisConnectionFailureException: Unable to connect to Redis; nested exception is io.lettuce.core.RedisConnectionException: Unable to connect to 127.0.0.1:6379
Caused by: io.lettuce.core.RedisConnectionException: Unable to connect to 127.0.0.1:6379
Caused by: io.netty.channel.AbstractChannel$AnnotatedConnectException: syscall:getsockopt(..) failed: Connection refused: /127.0.0.1:6379
Caused by: io.netty.channel.unix.Errors$NativeConnectException: syscall:getsockopt(..) failed: Connection refused
</error>
  </testcase>
  <testcase name="testElement[14]" classname="org.springframework.data.redis.support.collections.RedisListTests" time="0.001">
    <error message="Unable to connect to Redis; nested exception is io.lettuce.core.RedisConnectionException: Unable to connect to 127.0.0.1:6379" type="org.springframework.data.redis.RedisConnectionFailureException">org.springframework.data.redis.RedisConnectionFailureException: Unable to connect to Redis; nested exception is io.lettuce.core.RedisConnectionException: Unable to connect to 127.0.0.1:6379
Caused by: io.lettuce.core.RedisConnectionException: Unable to connect to 127.0.0.1:6379
Caused by: io.netty.channel.AbstractChannel$AnnotatedConnectException: syscall:getsockopt(..) failed: Connection refused: /127.0.0.1:6379
Caused by: io.netty.channel.unix.Errors$NativeConnectException: syscall:getsockopt(..) failed: Connection refused
</error>
  </testcase>
  <testcase name="testPutFirst[14]" classname="org.springframework.data.redis.support.collections.RedisListTests" time="0.001">
    <error message="Unable to connect to Redis; nested exception is io.lettuce.core.RedisConnectionException: Unable to connect to 127.0.0.1:6379" type="org.springframework.data.redis.RedisConnectionFailureException">org.springframework.data.redis.RedisConnectionFailureException: Unable to connect to Redis; nested exception is io.lettuce.core.RedisConnectionException: Unable to connect to 127.0.0.1:6379
Caused by: io.lettuce.core.RedisConnectionException: Unable to connect to 127.0.0.1:6379
Caused by: io.netty.channel.AbstractChannel$AnnotatedConnectException: syscall:getsockopt(..) failed: Connection refused: /127.0.0.1:6379
Caused by: io.netty.channel.unix.Errors$NativeConnectException: syscall:getsockopt(..) failed: Connection refused
</error>
  </testcase>
  <testcase name="testPutFirst[14]" classname="org.springframework.data.redis.support.collections.RedisListTests" time="0.001">
    <error message="Unable to connect to Redis; nested exception is io.lettuce.core.RedisConnectionException: Unable to connect to 127.0.0.1:6379" type="org.springframework.data.redis.RedisConnectionFailureException">org.springframework.data.redis.RedisConnectionFailureException: Unable to connect to Redis; nested exception is io.lettuce.core.RedisConnectionException: Unable to connect to 127.0.0.1:6379
Caused by: io.lettuce.core.RedisConnectionException: Unable to connect to 127.0.0.1:6379
Caused by: io.netty.channel.AbstractChannel$AnnotatedConnectException: syscall:getsockopt(..) failed: Connection refused: /127.0.0.1:6379
Caused by: io.netty.channel.unix.Errors$NativeConnectException: syscall:getsockopt(..) failed: Connection refused
</error>
  </testcase>
  <testcase name="testPollLastTimeout[14]" classname="org.springframework.data.redis.support.collections.RedisListTests" time="0.002">
    <error message="Unable to connect to Redis; nested exception is io.lettuce.core.RedisConnectionException: Unable to connect to 127.0.0.1:6379" type="org.springframework.data.redis.RedisConnectionFailureException">org.springframework.data.redis.RedisConnectionFailureException: Unable to connect to Redis; nested exception is io.lettuce.core.RedisConnectionException: Unable to connect to 127.0.0.1:6379
Caused by: io.lettuce.core.RedisConnectionException: Unable to connect to 127.0.0.1:6379
Caused by: io.netty.channel.AbstractChannel$AnnotatedConnectException: syscall:getsockopt(..) failed: Connection refused: /127.0.0.1:6379
Caused by: io.netty.channel.unix.Errors$NativeConnectException: syscall:getsockopt(..) failed: Connection refused
</error>
  </testcase>
  <testcase name="testPollLastTimeout[14]" classname="org.springframework.data.redis.support.collections.RedisListTests" time="0.002">
    <error message="Unable to connect to Redis; nested exception is io.lettuce.core.RedisConnectionException: Unable to connect to 127.0.0.1:6379" type="org.springframework.data.redis.RedisConnectionFailureException">org.springframework.data.redis.RedisConnectionFailureException: Unable to connect to Redis; nested exception is io.lettuce.core.RedisConnectionException: Unable to connect to 127.0.0.1:6379
Caused by: io.lettuce.core.RedisConnectionException: Unable to connect to 127.0.0.1:6379
Caused by: io.netty.channel.AbstractChannel$AnnotatedConnectException: syscall:getsockopt(..) failed: Connection refused: /127.0.0.1:6379
Caused by: io.netty.channel.unix.Errors$NativeConnectException: syscall:getsockopt(..) failed: Connection refused
</error>
  </testcase>
  <testcase name="testPeekFirst[14]" classname="org.springframework.data.redis.support.collections.RedisListTests" time="0.001">
    <error message="Unable to connect to Redis; nested exception is io.lettuce.core.RedisConnectionException: Unable to connect to 127.0.0.1:6379" type="org.springframework.data.redis.RedisConnectionFailureException">org.springframework.data.redis.RedisConnectionFailureException: Unable to connect to Redis; nested exception is io.lettuce.core.RedisConnectionException: Unable to connect to 127.0.0.1:6379
Caused by: io.lettuce.core.RedisConnectionException: Unable to connect to 127.0.0.1:6379
Caused by: io.netty.channel.AbstractChannel$AnnotatedConnectException: syscall:getsockopt(..) failed: Connection refused: /127.0.0.1:6379
Caused by: io.netty.channel.unix.Errors$NativeConnectException: syscall:getsockopt(..) failed: Connection refused
</error>
  </testcase>
  <testcase name="testPeekFirst[14]" classname="org.springframework.data.redis.support.collections.RedisListTests" time="0.002">
    <error message="Unable to connect to Redis; nested exception is io.lettuce.core.RedisConnectionException: Unable to connect to 127.0.0.1:6379" type="org.springframework.data.redis.RedisConnectionFailureException">org.springframework.data.redis.RedisConnectionFailureException: Unable to connect to Redis; nested exception is io.lettuce.core.RedisConnectionException: Unable to connect to 127.0.0.1:6379
Caused by: io.lettuce.core.RedisConnectionException: Unable to connect to 127.0.0.1:6379
Caused by: io.netty.channel.AbstractChannel$AnnotatedConnectException: syscall:getsockopt(..) failed: Connection refused: /127.0.0.1:6379
Caused by: io.netty.channel.unix.Errors$NativeConnectException: syscall:getsockopt(..) failed: Connection refused
</error>
  </testcase>
  <testcase name="testOfferLast[14]" classname="org.springframework.data.redis.support.collections.RedisListTests" time="0.001">
    <error message="Unable to connect to Redis; nested exception is io.lettuce.core.RedisConnectionException: Unable to connect to 127.0.0.1:6379" type="org.springframework.data.redis.RedisConnectionFailureException">org.springframework.data.redis.RedisConnectionFailureException: Unable to connect to Redis; nested exception is io.lettuce.core.RedisConnectionException: Unable to connect to 127.0.0.1:6379
Caused by: io.lettuce.core.RedisConnectionException: Unable to connect to 127.0.0.1:6379
Caused by: io.netty.channel.AbstractChannel$AnnotatedConnectException: syscall:getsockopt(..) failed: Connection refused: /127.0.0.1:6379
Caused by: io.netty.channel.unix.Errors$NativeConnectException: syscall:getsockopt(..) failed: Connection refused
</error>
  </testcase>
  <testcase name="testOfferLast[14]" classname="org.springframework.data.redis.support.collections.RedisListTests" time="0.001">
    <error message="Unable to connect to Redis; nested exception is io.lettuce.core.RedisConnectionException: Unable to connect to 127.0.0.1:6379" type="org.springframework.data.redis.RedisConnectionFailureException">org.springframework.data.redis.RedisConnectionFailureException: Unable to connect to Redis; nested exception is io.lettuce.core.RedisConnectionException: Unable to connect to 127.0.0.1:6379
Caused by: io.lettuce.core.RedisConnectionException: Unable to connect to 127.0.0.1:6379
Caused by: io.netty.channel.AbstractChannel$AnnotatedConnectException: syscall:getsockopt(..) failed: Connection refused: /127.0.0.1:6379
Caused by: io.netty.channel.unix.Errors$NativeConnectException: syscall:getsockopt(..) failed: Connection refused
</error>
  </testcase>
  <testcase name="testGetFirst[14]" classname="org.springframework.data.redis.support.collections.RedisListTests" time="0.002">
    <error message="Unable to connect to Redis; nested exception is io.lettuce.core.RedisConnectionException: Unable to connect to 127.0.0.1:6379" type="org.springframework.data.redis.RedisConnectionFailureException">org.springframework.data.redis.RedisConnectionFailureException: Unable to connect to Redis; nested exception is io.lettuce.core.RedisConnectionException: Unable to connect to 127.0.0.1:6379
Caused by: io.lettuce.core.RedisConnectionException: Unable to connect to 127.0.0.1:6379
Caused by: io.netty.channel.AbstractChannel$AnnotatedConnectException: syscall:getsockopt(..) failed: Connection refused: /127.0.0.1:6379
Caused by: io.netty.channel.unix.Errors$NativeConnectException: syscall:getsockopt(..) failed: Connection refused
</error>
  </testcase>
  <testcase name="testGetFirst[14]" classname="org.springframework.data.redis.support.collections.RedisListTests" time="0.002">
    <error message="Unable to connect to Redis; nested exception is io.lettuce.core.RedisConnectionException: Unable to connect to 127.0.0.1:6379" type="org.springframework.data.redis.RedisConnectionFailureException">org.springframework.data.redis.RedisConnectionFailureException: Unable to connect to Redis; nested exception is io.lettuce.core.RedisConnectionException: Unable to connect to 127.0.0.1:6379
Caused by: io.lettuce.core.RedisConnectionException: Unable to connect to 127.0.0.1:6379
Caused by: io.netty.channel.AbstractChannel$AnnotatedConnectException: syscall:getsockopt(..) failed: Connection refused: /127.0.0.1:6379
Caused by: io.netty.channel.unix.Errors$NativeConnectException: syscall:getsockopt(..) failed: Connection refused
</error>
  </testcase>
  <testcase name="testAddLast[14]" classname="org.springframework.data.redis.support.collections.RedisListTests" time="0.002">
    <error message="Unable to connect to Redis; nested exception is io.lettuce.core.RedisConnectionException: Unable to connect to 127.0.0.1:6379" type="org.springframework.data.redis.RedisConnectionFailureException">org.springframework.data.redis.RedisConnectionFailureException: Unable to connect to Redis; nested exception is io.lettuce.core.RedisConnectionException: Unable to connect to 127.0.0.1:6379
Caused by: io.lettuce.core.RedisConnectionException: Unable to connect to 127.0.0.1:6379
Caused by: io.netty.channel.AbstractChannel$AnnotatedConnectException: syscall:getsockopt(..) failed: Connection refused: /127.0.0.1:6379
Caused by: io.netty.channel.unix.Errors$NativeConnectException: syscall:getsockopt(..) failed: Connection refused
</error>
  </testcase>
  <testcase name="testAddLast[14]" classname="org.springframework.data.redis.support.collections.RedisListTests" time="0.002">
    <error message="Unable to connect to Redis; nested exception is io.lettuce.core.RedisConnectionException: Unable to connect to 127.0.0.1:6379" type="org.springframework.data.redis.RedisConnectionFailureException">org.springframework.data.redis.RedisConnectionFailureException: Unable to connect to Redis; nested exception is io.lettuce.core.RedisConnectionException: Unable to connect to 127.0.0.1:6379
Caused by: io.lettuce.core.RedisConnectionException: Unable to connect to 127.0.0.1:6379
Caused by: io.netty.channel.AbstractChannel$AnnotatedConnectException: syscall:getsockopt(..) failed: Connection refused: /127.0.0.1:6379
Caused by: io.netty.channel.unix.Errors$NativeConnectException: syscall:getsockopt(..) failed: Connection refused
</error>
  </testcase>
  <testcase name="testPop[14]" classname="org.springframework.data.redis.support.collections.RedisListTests" time="0.001">
    <error message="Unable to connect to Redis; nested exception is io.lettuce.core.RedisConnectionException: Unable to connect to 127.0.0.1:6379" type="org.springframework.data.redis.RedisConnectionFailureException">org.springframework.data.redis.RedisConnectionFailureException: Unable to connect to Redis; nested exception is io.lettuce.core.RedisConnectionException: Unable to connect to 127.0.0.1:6379
Caused by: io.lettuce.core.RedisConnectionException: Unable to connect to 127.0.0.1:6379
Caused by: io.netty.channel.AbstractChannel$AnnotatedConnectException: syscall:getsockopt(..) failed: Connection refused: /127.0.0.1:6379
Caused by: io.netty.channel.unix.Errors$NativeConnectException: syscall:getsockopt(..) failed: Connection refused
</error>
  </testcase>
  <testcase name="testPop[14]" classname="org.springframework.data.redis.support.collections.RedisListTests" time="0.002">
    <error message="Unable to connect to Redis; nested exception is io.lettuce.core.RedisConnectionException: Unable to connect to 127.0.0.1:6379" type="org.springframework.data.redis.RedisConnectionFailureException">org.springframework.data.redis.RedisConnectionFailureException: Unable to connect to Redis; nested exception is io.lettuce.core.RedisConnectionException: Unable to connect to 127.0.0.1:6379
Caused by: io.lettuce.core.RedisConnectionException: Unable to connect to 127.0.0.1:6379
Caused by: io.netty.channel.AbstractChannel$AnnotatedConnectException: syscall:getsockopt(..) failed: Connection refused: /127.0.0.1:6379
Caused by: io.netty.channel.unix.Errors$NativeConnectException: syscall:getsockopt(..) failed: Connection refused
</error>
  </testcase>
  <testcase name="testPut[14]" classname="org.springframework.data.redis.support.collections.RedisListTests" time="0.001">
    <error message="Unable to connect to Redis; nested exception is io.lettuce.core.RedisConnectionException: Unable to connect to 127.0.0.1:6379" type="org.springframework.data.redis.RedisConnectionFailureException">org.springframework.data.redis.RedisConnectionFailureException: Unable to connect to Redis; nested exception is io.lettuce.core.RedisConnectionException: Unable to connect to 127.0.0.1:6379
Caused by: io.lettuce.core.RedisConnectionException: Unable to connect to 127.0.0.1:6379
Caused by: io.netty.channel.AbstractChannel$AnnotatedConnectException: syscall:getsockopt(..) failed: Connection refused: /127.0.0.1:6379
Caused by: io.netty.channel.unix.Errors$NativeConnectException: syscall:getsockopt(..) failed: Connection refused
</error>
  </testcase>
  <testcase name="testPut[14]" classname="org.springframework.data.redis.support.collections.RedisListTests" time="0.001">
    <error message="Unable to connect to Redis; nested exception is io.lettuce.core.RedisConnectionException: Unable to connect to 127.0.0.1:6379" type="org.springframework.data.redis.RedisConnectionFailureException">org.springframework.data.redis.RedisConnectionFailureException: Unable to connect to Redis; nested exception is io.lettuce.core.RedisConnectionException: Unable to connect to 127.0.0.1:6379
Caused by: io.lettuce.core.RedisConnectionException: Unable to connect to 127.0.0.1:6379
Caused by: io.netty.channel.AbstractChannel$AnnotatedConnectException: syscall:getsockopt(..) failed: Connection refused: /127.0.0.1:6379
Caused by: io.netty.channel.unix.Errors$NativeConnectException: syscall:getsockopt(..) failed: Connection refused
</error>
  </testcase>
  <testcase name="testSet[14]" classname="org.springframework.data.redis.support.collections.RedisListTests" time="0.001">
    <error message="Unable to connect to Redis; nested exception is io.lettuce.core.RedisConnectionException: Unable to connect to 127.0.0.1:6379" type="org.springframework.data.redis.RedisConnectionFailureException">org.springframework.data.redis.RedisConnectionFailureException: Unable to connect to Redis; nested exception is io.lettuce.core.RedisConnectionException: Unable to connect to 127.0.0.1:6379
Caused by: io.lettuce.core.RedisConnectionException: Unable to connect to 127.0.0.1:6379
Caused by: io.netty.channel.AbstractChannel$AnnotatedConnectException: syscall:getsockopt(..) failed: Connection refused: /127.0.0.1:6379
Caused by: io.netty.channel.unix.Errors$NativeConnectException: syscall:getsockopt(..) failed: Connection refused
</error>
  </testcase>
  <testcase name="testSet[14]" classname="org.springframework.data.redis.support.collections.RedisListTests" time="0.001">
    <error message="Unable to connect to Redis; nested exception is io.lettuce.core.RedisConnectionException: Unable to connect to 127.0.0.1:6379" type="org.springframework.data.redis.RedisConnectionFailureException">org.springframework.data.redis.RedisConnectionFailureException: Unable to connect to Redis; nested exception is io.lettuce.core.RedisConnectionException: Unable to connect to 127.0.0.1:6379
Caused by: io.lettuce.core.RedisConnectionException: Unable to connect to 127.0.0.1:6379
Caused by: io.netty.channel.AbstractChannel$AnnotatedConnectException: syscall:getsockopt(..) failed: Connection refused: /127.0.0.1:6379
Caused by: io.netty.channel.unix.Errors$NativeConnectException: syscall:getsockopt(..) failed: Connection refused
</error>
  </testcase>
  <testcase name="testOffer[14]" classname="org.springframework.data.redis.support.collections.RedisListTests" time="0.001">
    <error message="Unable to connect to Redis; nested exception is io.lettuce.core.RedisConnectionException: Unable to connect to 127.0.0.1:6379" type="org.springframework.data.redis.RedisConnectionFailureException">org.springframework.data.redis.RedisConnectionFailureException: Unable to connect to Redis; nested exception is io.lettuce.core.RedisConnectionException: Unable to connect to 127.0.0.1:6379
Caused by: io.lettuce.core.RedisConnectionException: Unable to connect to 127.0.0.1:6379
Caused by: io.netty.channel.AbstractChannel$AnnotatedConnectException: syscall:getsockopt(..) failed: Connection refused: /127.0.0.1:6379
Caused by: io.netty.channel.unix.Errors$NativeConnectException: syscall:getsockopt(..) failed: Connection refused
</error>
  </testcase>
  <testcase name="testOffer[14]" classname="org.springframework.data.redis.support.collections.RedisListTests" time="0.002">
    <error message="Unable to connect to Redis; nested exception is io.lettuce.core.RedisConnectionException: Unable to connect to 127.0.0.1:6379" type="org.springframework.data.redis.RedisConnectionFailureException">org.springframework.data.redis.RedisConnectionFailureException: Unable to connect to Redis; nested exception is io.lettuce.core.RedisConnectionException: Unable to connect to 127.0.0.1:6379
Caused by: io.lettuce.core.RedisConnectionException: Unable to connect to 127.0.0.1:6379
Caused by: io.netty.channel.AbstractChannel$AnnotatedConnectException: syscall:getsockopt(..) failed: Connection refused: /127.0.0.1:6379
Caused by: io.netty.channel.unix.Errors$NativeConnectException: syscall:getsockopt(..) failed: Connection refused
</error>
  </testcase>
  <testcase name="testRange[14]" classname="org.springframework.data.redis.support.collections.RedisListTests" time="0.001">
    <error message="Unable to connect to Redis; nested exception is io.lettuce.core.RedisConnectionException: Unable to connect to 127.0.0.1:6379" type="org.springframework.data.redis.RedisConnectionFailureException">org.springframework.data.redis.RedisConnectionFailureException: Unable to connect to Redis; nested exception is io.lettuce.core.RedisConnectionException: Unable to connect to 127.0.0.1:6379
Caused by: io.lettuce.core.RedisConnectionException: Unable to connect to 127.0.0.1:6379
Caused by: io.netty.channel.AbstractChannel$AnnotatedConnectException: syscall:getsockopt(..) failed: Connection refused: /127.0.0.1:6379
Caused by: io.netty.channel.unix.Errors$NativeConnectException: syscall:getsockopt(..) failed: Connection refused
</error>
  </testcase>
  <testcase name="testRange[14]" classname="org.springframework.data.redis.support.collections.RedisListTests" time="0.001">
    <error message="Unable to connect to Redis; nested exception is io.lettuce.core.RedisConnectionException: Unable to connect to 127.0.0.1:6379" type="org.springframework.data.redis.RedisConnectionFailureException">org.springframework.data.redis.RedisConnectionFailureException: Unable to connect to Redis; nested exception is io.lettuce.core.RedisConnectionException: Unable to connect to 127.0.0.1:6379
Caused by: io.lettuce.core.RedisConnectionException: Unable to connect to 127.0.0.1:6379
Caused by: io.netty.channel.AbstractChannel$AnnotatedConnectException: syscall:getsockopt(..) failed: Connection refused: /127.0.0.1:6379
Caused by: io.netty.channel.unix.Errors$NativeConnectException: syscall:getsockopt(..) failed: Connection refused
</error>
  </testcase>
  <testcase name="testLast[14]" classname="org.springframework.data.redis.support.collections.RedisListTests" time="0.001">
    <error message="Unable to connect to Redis; nested exception is io.lettuce.core.RedisConnectionException: Unable to connect to 127.0.0.1:6379" type="org.springframework.data.redis.RedisConnectionFailureException">org.springframework.data.redis.RedisConnectionFailureException: Unable to connect to Redis; nested exception is io.lettuce.core.RedisConnectionException: Unable to connect to 127.0.0.1:6379
Caused by: io.lettuce.core.RedisConnectionException: Unable to connect to 127.0.0.1:6379
Caused by: io.netty.channel.AbstractChannel$AnnotatedConnectException: syscall:getsockopt(..) failed: Connection refused: /127.0.0.1:6379
Caused by: io.netty.channel.unix.Errors$NativeConnectException: syscall:getsockopt(..) failed: Connection refused
</error>
  </testcase>
  <testcase name="testLast[14]" classname="org.springframework.data.redis.support.collections.RedisListTests" time="0.001">
    <error message="Unable to connect to Redis; nested exception is io.lettuce.core.RedisConnectionException: Unable to connect to 127.0.0.1:6379" type="org.springframework.data.redis.RedisConnectionFailureException">org.springframework.data.redis.RedisConnectionFailureException: Unable to connect to Redis; nested exception is io.lettuce.core.RedisConnectionException: Unable to connect to 127.0.0.1:6379
Caused by: io.lettuce.core.RedisConnectionException: Unable to connect to 127.0.0.1:6379
Caused by: io.netty.channel.AbstractChannel$AnnotatedConnectException: syscall:getsockopt(..) failed: Connection refused: /127.0.0.1:6379
Caused by: io.netty.channel.unix.Errors$NativeConnectException: syscall:getsockopt(..) failed: Connection refused
</error>
  </testcase>
  <testcase name="testPeek[14]" classname="org.springframework.data.redis.support.collections.RedisListTests" time="0.001">
    <error message="Unable to connect to Redis; nested exception is io.lettuce.core.RedisConnectionException: Unable to connect to 127.0.0.1:6379" type="org.springframework.data.redis.RedisConnectionFailureException">org.springframework.data.redis.RedisConnectionFailureException: Unable to connect to Redis; nested exception is io.lettuce.core.RedisConnectionException: Unable to connect to 127.0.0.1:6379
Caused by: io.lettuce.core.RedisConnectionException: Unable to connect to 127.0.0.1:6379
Caused by: io.netty.channel.AbstractChannel$AnnotatedConnectException: syscall:getsockopt(..) failed: Connection refused: /127.0.0.1:6379
Caused by: io.netty.channel.unix.Errors$NativeConnectException: syscall:getsockopt(..) failed: Connection refused
</error>
  </testcase>
  <testcase name="testPeek[14]" classname="org.springframework.data.redis.support.collections.RedisListTests" time="0.002">
    <error message="Unable to connect to Redis; nested exception is io.lettuce.core.RedisConnectionException: Unable to connect to 127.0.0.1:6379" type="org.springframework.data.redis.RedisConnectionFailureException">org.springframework.data.redis.RedisConnectionFailureException: Unable to connect to Redis; nested exception is io.lettuce.core.RedisConnectionException: Unable to connect to 127.0.0.1:6379
Caused by: io.lettuce.core.RedisConnectionException: Unable to connect to 127.0.0.1:6379
Caused by: io.netty.channel.AbstractChannel$AnnotatedConnectException: syscall:getsockopt(..) failed: Connection refused: /127.0.0.1:6379
Caused by: io.netty.channel.unix.Errors$NativeConnectException: syscall:getsockopt(..) failed: Connection refused
</error>
  </testcase>
  <testcase name="testPoll[14]" classname="org.springframework.data.redis.support.collections.RedisListTests" time="0.001">
    <error message="Unable to connect to Redis; nested exception is io.lettuce.core.RedisConnectionException: Unable to connect to 127.0.0.1:6379" type="org.springframework.data.redis.RedisConnectionFailureException">org.springframework.data.redis.RedisConnectionFailureException: Unable to connect to Redis; nested exception is io.lettuce.core.RedisConnectionException: Unable to connect to 127.0.0.1:6379
Caused by: io.lettuce.core.RedisConnectionException: Unable to connect to 127.0.0.1:6379
Caused by: io.netty.channel.AbstractChannel$AnnotatedConnectException: syscall:getsockopt(..) failed: Connection refused: /127.0.0.1:6379
Caused by: io.netty.channel.unix.Errors$NativeConnectException: syscall:getsockopt(..) failed: Connection refused
</error>
  </testcase>
  <testcase name="testPoll[14]" classname="org.springframework.data.redis.support.collections.RedisListTests" time="0.001">
    <error message="Unable to connect to Redis; nested exception is io.lettuce.core.RedisConnectionException: Unable to connect to 127.0.0.1:6379" type="org.springframework.data.redis.RedisConnectionFailureException">org.springframework.data.redis.RedisConnectionFailureException: Unable to connect to Redis; nested exception is io.lettuce.core.RedisConnectionException: Unable to connect to 127.0.0.1:6379
Caused by: io.lettuce.core.RedisConnectionException: Unable to connect to 127.0.0.1:6379
Caused by: io.netty.channel.AbstractChannel$AnnotatedConnectException: syscall:getsockopt(..) failed: Connection refused: /127.0.0.1:6379
Caused by: io.netty.channel.unix.Errors$NativeConnectException: syscall:getsockopt(..) failed: Connection refused
</error>
  </testcase>
  <testcase name="testTake[14]" classname="org.springframework.data.redis.support.collections.RedisListTests" time="0.002">
    <error message="Unable to connect to Redis; nested exception is io.lettuce.core.RedisConnectionException: Unable to connect to 127.0.0.1:6379" type="org.springframework.data.redis.RedisConnectionFailureException">org.springframework.data.redis.RedisConnectionFailureException: Unable to connect to Redis; nested exception is io.lettuce.core.RedisConnectionException: Unable to connect to 127.0.0.1:6379
Caused by: io.lettuce.core.RedisConnectionException: Unable to connect to 127.0.0.1:6379
Caused by: io.netty.channel.AbstractChannel$AnnotatedConnectException: syscall:getsockopt(..) failed: Connection refused: /127.0.0.1:6379
Caused by: io.netty.channel.unix.Errors$NativeConnectException: syscall:getsockopt(..) failed: Connection refused
</error>
  </testcase>
  <testcase name="testTake[14]" classname="org.springframework.data.redis.support.collections.RedisListTests" time="0.002">
    <error message="Unable to connect to Redis; nested exception is io.lettuce.core.RedisConnectionException: Unable to connect to 127.0.0.1:6379" type="org.springframework.data.redis.RedisConnectionFailureException">org.springframework.data.redis.RedisConnectionFailureException: Unable to connect to Redis; nested exception is io.lettuce.core.RedisConnectionException: Unable to connect to 127.0.0.1:6379
Caused by: io.lettuce.core.RedisConnectionException: Unable to connect to 127.0.0.1:6379
Caused by: io.netty.channel.AbstractChannel$AnnotatedConnectException: syscall:getsockopt(..) failed: Connection refused: /127.0.0.1:6379
Caused by: io.netty.channel.unix.Errors$NativeConnectException: syscall:getsockopt(..) failed: Connection refused
</error>
  </testcase>
  <testcase name="testTrim[14]" classname="org.springframework.data.redis.support.collections.RedisListTests" time="0.001">
    <error message="Unable to connect to Redis; nested exception is io.lettuce.core.RedisConnectionException: Unable to connect to 127.0.0.1:6379" type="org.springframework.data.redis.RedisConnectionFailureException">org.springframework.data.redis.RedisConnectionFailureException: Unable to connect to Redis; nested exception is io.lettuce.core.RedisConnectionException: Unable to connect to 127.0.0.1:6379
Caused by: io.lettuce.core.RedisConnectionException: Unable to connect to 127.0.0.1:6379
Caused by: io.netty.channel.AbstractChannel$AnnotatedConnectException: syscall:getsockopt(..) failed: Connection refused: /127.0.0.1:6379
Caused by: io.netty.channel.unix.Errors$NativeConnectException: syscall:getsockopt(..) failed: Connection refused
</error>
  </testcase>
  <testcase name="testTrim[14]" classname="org.springframework.data.redis.support.collections.RedisListTests" time="0.002">
    <error message="Unable to connect to Redis; nested exception is io.lettuce.core.RedisConnectionException: Unable to connect to 127.0.0.1:6379" type="org.springframework.data.redis.RedisConnectionFailureException">org.springframework.data.redis.RedisConnectionFailureException: Unable to connect to Redis; nested exception is io.lettuce.core.RedisConnectionException: Unable to connect to 127.0.0.1:6379
Caused by: io.lettuce.core.RedisConnectionException: Unable to connect to 127.0.0.1:6379
Caused by: io.netty.channel.AbstractChannel$AnnotatedConnectException: syscall:getsockopt(..) failed: Connection refused: /127.0.0.1:6379
Caused by: io.netty.channel.unix.Errors$NativeConnectException: syscall:getsockopt(..) failed: Connection refused
</error>
  </testcase>
  <testcase name="testDrainToCollection[14]" classname="org.springframework.data.redis.support.collections.RedisListTests" time="0.001">
    <error message="Unable to connect to Redis; nested exception is io.lettuce.core.RedisConnectionException: Unable to connect to 127.0.0.1:6379" type="org.springframework.data.redis.RedisConnectionFailureException">org.springframework.data.redis.RedisConnectionFailureException: Unable to connect to Redis; nested exception is io.lettuce.core.RedisConnectionException: Unable to connect to 127.0.0.1:6379
Caused by: io.lettuce.core.RedisConnectionException: Unable to connect to 127.0.0.1:6379
Caused by: io.netty.channel.AbstractChannel$AnnotatedConnectException: syscall:getsockopt(..) failed: Connection refused: /127.0.0.1:6379
Caused by: io.netty.channel.unix.Errors$NativeConnectException: syscall:getsockopt(..) failed: Connection refused
</error>
  </testcase>
  <testcase name="testDrainToCollection[14]" classname="org.springframework.data.redis.support.collections.RedisListTests" time="0.001">
    <error message="Unable to connect to Redis; nested exception is io.lettuce.core.RedisConnectionException: Unable to connect to 127.0.0.1:6379" type="org.springframework.data.redis.RedisConnectionFailureException">org.springframework.data.redis.RedisConnectionFailureException: Unable to connect to Redis; nested exception is io.lettuce.core.RedisConnectionException: Unable to connect to 127.0.0.1:6379
Caused by: io.lettuce.core.RedisConnectionException: Unable to connect to 127.0.0.1:6379
Caused by: io.netty.channel.AbstractChannel$AnnotatedConnectException: syscall:getsockopt(..) failed: Connection refused: /127.0.0.1:6379
Caused by: io.netty.channel.unix.Errors$NativeConnectException: syscall:getsockopt(..) failed: Connection refused
</error>
  </testcase>
  <testcase name="testRemoveFirst[14]" classname="org.springframework.data.redis.support.collections.RedisListTests" time="0.001">
    <error message="Unable to connect to Redis; nested exception is io.lettuce.core.RedisConnectionException: Unable to connect to 127.0.0.1:6379" type="org.springframework.data.redis.RedisConnectionFailureException">org.springframework.data.redis.RedisConnectionFailureException: Unable to connect to Redis; nested exception is io.lettuce.core.RedisConnectionException: Unable to connect to 127.0.0.1:6379
Caused by: io.lettuce.core.RedisConnectionException: Unable to connect to 127.0.0.1:6379
Caused by: io.netty.channel.AbstractChannel$AnnotatedConnectException: syscall:getsockopt(..) failed: Connection refused: /127.0.0.1:6379
Caused by: io.netty.channel.unix.Errors$NativeConnectException: syscall:getsockopt(..) failed: Connection refused
</error>
  </testcase>
  <testcase name="testRemoveFirst[14]" classname="org.springframework.data.redis.support.collections.RedisListTests" time="0.001">
    <error message="Unable to connect to Redis; nested exception is io.lettuce.core.RedisConnectionException: Unable to connect to 127.0.0.1:6379" type="org.springframework.data.redis.RedisConnectionFailureException">org.springframework.data.redis.RedisConnectionFailureException: Unable to connect to Redis; nested exception is io.lettuce.core.RedisConnectionException: Unable to connect to 127.0.0.1:6379
Caused by: io.lettuce.core.RedisConnectionException: Unable to connect to 127.0.0.1:6379
Caused by: io.netty.channel.AbstractChannel$AnnotatedConnectException: syscall:getsockopt(..) failed: Connection refused: /127.0.0.1:6379
Caused by: io.netty.channel.unix.Errors$NativeConnectException: syscall:getsockopt(..) failed: Connection refused
</error>
  </testcase>
  <testcase name="testRemoveIndex[14]" classname="org.springframework.data.redis.support.collections.RedisListTests" time="0.001">
    <error message="Unable to connect to Redis; nested exception is io.lettuce.core.RedisConnectionException: Unable to connect to 127.0.0.1:6379" type="org.springframework.data.redis.RedisConnectionFailureException">org.springframework.data.redis.RedisConnectionFailureException: Unable to connect to Redis; nested exception is io.lettuce.core.RedisConnectionException: Unable to connect to 127.0.0.1:6379
Caused by: io.lettuce.core.RedisConnectionException: Unable to connect to 127.0.0.1:6379
Caused by: io.netty.channel.AbstractChannel$AnnotatedConnectException: syscall:getsockopt(..) failed: Connection refused: /127.0.0.1:6379
Caused by: io.netty.channel.unix.Errors$NativeConnectException: syscall:getsockopt(..) failed: Connection refused
</error>
  </testcase>
  <testcase name="testPutLast[14]" classname="org.springframework.data.redis.support.collections.RedisListTests" time="0.001">
    <error message="Unable to connect to Redis; nested exception is io.lettuce.core.RedisConnectionException: Unable to connect to 127.0.0.1:6379" type="org.springframework.data.redis.RedisConnectionFailureException">org.springframework.data.redis.RedisConnectionFailureException: Unable to connect to Redis; nested exception is io.lettuce.core.RedisConnectionException: Unable to connect to 127.0.0.1:6379
Caused by: io.lettuce.core.RedisConnectionException: Unable to connect to 127.0.0.1:6379
Caused by: io.netty.channel.AbstractChannel$AnnotatedConnectException: syscall:getsockopt(..) failed: Connection refused: /127.0.0.1:6379
Caused by: io.netty.channel.unix.Errors$NativeConnectException: syscall:getsockopt(..) failed: Connection refused
</error>
  </testcase>
  <testcase name="testPutLast[14]" classname="org.springframework.data.redis.support.collections.RedisListTests" time="0.001">
    <error message="Unable to connect to Redis; nested exception is io.lettuce.core.RedisConnectionException: Unable to connect to 127.0.0.1:6379" type="org.springframework.data.redis.RedisConnectionFailureException">org.springframework.data.redis.RedisConnectionFailureException: Unable to connect to Redis; nested exception is io.lettuce.core.RedisConnectionException: Unable to connect to 127.0.0.1:6379
Caused by: io.lettuce.core.RedisConnectionException: Unable to connect to 127.0.0.1:6379
Caused by: io.netty.channel.AbstractChannel$AnnotatedConnectException: syscall:getsockopt(..) failed: Connection refused: /127.0.0.1:6379
Caused by: io.netty.channel.unix.Errors$NativeConnectException: syscall:getsockopt(..) failed: Connection refused
</error>
  </testcase>
  <testcase name="testOfferFirst[14]" classname="org.springframework.data.redis.support.collections.RedisListTests" time="0.001">
    <error message="Unable to connect to Redis; nested exception is io.lettuce.core.RedisConnectionException: Unable to connect to 127.0.0.1:6379" type="org.springframework.data.redis.RedisConnectionFailureException">org.springframework.data.redis.RedisConnectionFailureException: Unable to connect to Redis; nested exception is io.lettuce.core.RedisConnectionException: Unable to connect to 127.0.0.1:6379
Caused by: io.lettuce.core.RedisConnectionException: Unable to connect to 127.0.0.1:6379
Caused by: io.netty.channel.AbstractChannel$AnnotatedConnectException: syscall:getsockopt(..) failed: Connection refused: /127.0.0.1:6379
Caused by: io.netty.channel.unix.Errors$NativeConnectException: syscall:getsockopt(..) failed: Connection refused
</error>
  </testcase>
  <testcase name="testOfferFirst[14]" classname="org.springframework.data.redis.support.collections.RedisListTests" time="0.001">
    <error message="Unable to connect to Redis; nested exception is io.lettuce.core.RedisConnectionException: Unable to connect to 127.0.0.1:6379" type="org.springframework.data.redis.RedisConnectionFailureException">org.springframework.data.redis.RedisConnectionFailureException: Unable to connect to Redis; nested exception is io.lettuce.core.RedisConnectionException: Unable to connect to 127.0.0.1:6379
Caused by: io.lettuce.core.RedisConnectionException: Unable to connect to 127.0.0.1:6379
Caused by: io.netty.channel.AbstractChannel$AnnotatedConnectException: syscall:getsockopt(..) failed: Connection refused: /127.0.0.1:6379
Caused by: io.netty.channel.unix.Errors$NativeConnectException: syscall:getsockopt(..) failed: Connection refused
</error>
  </testcase>
  <testcase name="testDescendingIterator[14]" classname="org.springframework.data.redis.support.collections.RedisListTests" time="0.002">
    <error message="Unable to connect to Redis; nested exception is io.lettuce.core.RedisConnectionException: Unable to connect to 127.0.0.1:6379" type="org.springframework.data.redis.RedisConnectionFailureException">org.springframework.data.redis.RedisConnectionFailureException: Unable to connect to Redis; nested exception is io.lettuce.core.RedisConnectionException: Unable to connect to 127.0.0.1:6379
Caused by: io.lettuce.core.RedisConnectionException: Unable to connect to 127.0.0.1:6379
Caused by: io.netty.channel.AbstractChannel$AnnotatedConnectException: syscall:getsockopt(..) failed: Connection refused: /127.0.0.1:6379
Caused by: io.netty.channel.unix.Errors$NativeConnectException: syscall:getsockopt(..) failed: Connection refused
</error>
  </testcase>
  <testcase name="testDescendingIterator[14]" classname="org.springframework.data.redis.support.collections.RedisListTests" time="0.002">
    <error message="Unable to connect to Redis; nested exception is io.lettuce.core.RedisConnectionException: Unable to connect to 127.0.0.1:6379" type="org.springframework.data.redis.RedisConnectionFailureException">org.springframework.data.redis.RedisConnectionFailureException: Unable to connect to Redis; nested exception is io.lettuce.core.RedisConnectionException: Unable to connect to 127.0.0.1:6379
Caused by: io.lettuce.core.RedisConnectionException: Unable to connect to 127.0.0.1:6379
Caused by: io.netty.channel.AbstractChannel$AnnotatedConnectException: syscall:getsockopt(..) failed: Connection refused: /127.0.0.1:6379
Caused by: io.netty.channel.unix.Errors$NativeConnectException: syscall:getsockopt(..) failed: Connection refused
</error>
  </testcase>
  <testcase name="testAddFirst[14]" classname="org.springframework.data.redis.support.collections.RedisListTests" time="0.001">
    <error message="Unable to connect to Redis; nested exception is io.lettuce.core.RedisConnectionException: Unable to connect to 127.0.0.1:6379" type="org.springframework.data.redis.RedisConnectionFailureException">org.springframework.data.redis.RedisConnectionFailureException: Unable to connect to Redis; nested exception is io.lettuce.core.RedisConnectionException: Unable to connect to 127.0.0.1:6379
Caused by: io.lettuce.core.RedisConnectionException: Unable to connect to 127.0.0.1:6379
Caused by: io.netty.channel.AbstractChannel$AnnotatedConnectException: syscall:getsockopt(..) failed: Connection refused: /127.0.0.1:6379
Caused by: io.netty.channel.unix.Errors$NativeConnectException: syscall:getsockopt(..) failed: Connection refused
</error>
  </testcase>
  <testcase name="testAddFirst[14]" classname="org.springframework.data.redis.support.collections.RedisListTests" time="0.001">
    <error message="Unable to connect to Redis; nested exception is io.lettuce.core.RedisConnectionException: Unable to connect to 127.0.0.1:6379" type="org.springframework.data.redis.RedisConnectionFailureException">org.springframework.data.redis.RedisConnectionFailureException: Unable to connect to Redis; nested exception is io.lettuce.core.RedisConnectionException: Unable to connect to 127.0.0.1:6379
Caused by: io.lettuce.core.RedisConnectionException: Unable to connect to 127.0.0.1:6379
Caused by: io.netty.channel.AbstractChannel$AnnotatedConnectException: syscall:getsockopt(..) failed: Connection refused: /127.0.0.1:6379
Caused by: io.netty.channel.unix.Errors$NativeConnectException: syscall:getsockopt(..) failed: Connection refused
</error>
  </testcase>
  <testcase name="testDrainToCollectionWithMaxElements[14]" classname="org.springframework.data.redis.support.collections.RedisListTests" time="0.001">
    <error message="Unable to connect to Redis; nested exception is io.lettuce.core.RedisConnectionException: Unable to connect to 127.0.0.1:6379" type="org.springframework.data.redis.RedisConnectionFailureException">org.springframework.data.redis.RedisConnectionFailureException: Unable to connect to Redis; nested exception is io.lettuce.core.RedisConnectionException: Unable to connect to 127.0.0.1:6379
Caused by: io.lettuce.core.RedisConnectionException: Unable to connect to 127.0.0.1:6379
Caused by: io.netty.channel.AbstractChannel$AnnotatedConnectException: syscall:getsockopt(..) failed: Connection refused: /127.0.0.1:6379
Caused by: io.netty.channel.unix.Errors$NativeConnectException: syscall:getsockopt(..) failed: Connection refused
</error>
  </testcase>
  <testcase name="testDrainToCollectionWithMaxElements[14]" classname="org.springframework.data.redis.support.collections.RedisListTests" time="0.002">
    <error message="Unable to connect to Redis; nested exception is io.lettuce.core.RedisConnectionException: Unable to connect to 127.0.0.1:6379" type="org.springframework.data.redis.RedisConnectionFailureException">org.springframework.data.redis.RedisConnectionFailureException: Unable to connect to Redis; nested exception is io.lettuce.core.RedisConnectionException: Unable to connect to 127.0.0.1:6379
Caused by: io.lettuce.core.RedisConnectionException: Unable to connect to 127.0.0.1:6379
Caused by: io.netty.channel.AbstractChannel$AnnotatedConnectException: syscall:getsockopt(..) failed: Connection refused: /127.0.0.1:6379
Caused by: io.netty.channel.unix.Errors$NativeConnectException: syscall:getsockopt(..) failed: Connection refused
</error>
  </testcase>
  <testcase name="testTakeLast[14]" classname="org.springframework.data.redis.support.collections.RedisListTests" time="0.001">
    <error message="Unable to connect to Redis; nested exception is io.lettuce.core.RedisConnectionException: Unable to connect to 127.0.0.1:6379" type="org.springframework.data.redis.RedisConnectionFailureException">org.springframework.data.redis.RedisConnectionFailureException: Unable to connect to Redis; nested exception is io.lettuce.core.RedisConnectionException: Unable to connect to 127.0.0.1:6379
Caused by: io.lettuce.core.RedisConnectionException: Unable to connect to 127.0.0.1:6379
Caused by: io.netty.channel.AbstractChannel$AnnotatedConnectException: syscall:getsockopt(..) failed: Connection refused: /127.0.0.1:6379
Caused by: io.netty.channel.unix.Errors$NativeConnectException: syscall:getsockopt(..) failed: Connection refused
</error>
  </testcase>
  <testcase name="testTakeLast[14]" classname="org.springframework.data.redis.support.collections.RedisListTests" time="0.001">
    <error message="Unable to connect to Redis; nested exception is io.lettuce.core.RedisConnectionException: Unable to connect to 127.0.0.1:6379" type="org.springframework.data.redis.RedisConnectionFailureException">org.springframework.data.redis.RedisConnectionFailureException: Unable to connect to Redis; nested exception is io.lettuce.core.RedisConnectionException: Unable to connect to 127.0.0.1:6379
Caused by: io.lettuce.core.RedisConnectionException: Unable to connect to 127.0.0.1:6379
Caused by: io.netty.channel.AbstractChannel$AnnotatedConnectException: syscall:getsockopt(..) failed: Connection refused: /127.0.0.1:6379
Caused by: io.netty.channel.unix.Errors$NativeConnectException: syscall:getsockopt(..) failed: Connection refused
</error>
  </testcase>
  <testcase name="testRemainingCapacity[14]" classname="org.springframework.data.redis.support.collections.RedisListTests" time="0.001">
    <error message="Unable to connect to Redis; nested exception is io.lettuce.core.RedisConnectionException: Unable to connect to 127.0.0.1:6379" type="org.springframework.data.redis.RedisConnectionFailureException">org.springframework.data.redis.RedisConnectionFailureException: Unable to connect to Redis; nested exception is io.lettuce.core.RedisConnectionException: Unable to connect to 127.0.0.1:6379
Caused by: io.lettuce.core.RedisConnectionException: Unable to connect to 127.0.0.1:6379
Caused by: io.netty.channel.AbstractChannel$AnnotatedConnectException: syscall:getsockopt(..) failed: Connection refused: /127.0.0.1:6379
Caused by: io.netty.channel.unix.Errors$NativeConnectException: syscall:getsockopt(..) failed: Connection refused
</error>
  </testcase>
  <testcase name="testRemoveLast[14]" classname="org.springframework.data.redis.support.collections.RedisListTests" time="0.001">
    <error message="Unable to connect to Redis; nested exception is io.lettuce.core.RedisConnectionException: Unable to connect to 127.0.0.1:6379" type="org.springframework.data.redis.RedisConnectionFailureException">org.springframework.data.redis.RedisConnectionFailureException: Unable to connect to Redis; nested exception is io.lettuce.core.RedisConnectionException: Unable to connect to 127.0.0.1:6379
Caused by: io.lettuce.core.RedisConnectionException: Unable to connect to 127.0.0.1:6379
Caused by: io.netty.channel.AbstractChannel$AnnotatedConnectException: syscall:getsockopt(..) failed: Connection refused: /127.0.0.1:6379
Caused by: io.netty.channel.unix.Errors$NativeConnectException: syscall:getsockopt(..) failed: Connection refused
</error>
  </testcase>
  <testcase name="testRemoveLast[14]" classname="org.springframework.data.redis.support.collections.RedisListTests" time="0.001">
    <error message="Unable to connect to Redis; nested exception is io.lettuce.core.RedisConnectionException: Unable to connect to 127.0.0.1:6379" type="org.springframework.data.redis.RedisConnectionFailureException">org.springframework.data.redis.RedisConnectionFailureException: Unable to connect to Redis; nested exception is io.lettuce.core.RedisConnectionException: Unable to connect to 127.0.0.1:6379
Caused by: io.lettuce.core.RedisConnectionException: Unable to connect to 127.0.0.1:6379
Caused by: io.netty.channel.AbstractChannel$AnnotatedConnectException: syscall:getsockopt(..) failed: Connection refused: /127.0.0.1:6379
Caused by: io.netty.channel.unix.Errors$NativeConnectException: syscall:getsockopt(..) failed: Connection refused
</error>
  </testcase>
  <testcase name="testAddIndexObjectHead[14]" classname="org.springframework.data.redis.support.collections.RedisListTests" time="0.002">
    <error message="Unable to connect to Redis; nested exception is io.lettuce.core.RedisConnectionException: Unable to connect to 127.0.0.1:6379" type="org.springframework.data.redis.RedisConnectionFailureException">org.springframework.data.redis.RedisConnectionFailureException: Unable to connect to Redis; nested exception is io.lettuce.core.RedisConnectionException: Unable to connect to 127.0.0.1:6379
Caused by: io.lettuce.core.RedisConnectionException: Unable to connect to 127.0.0.1:6379
Caused by: io.netty.channel.AbstractChannel$AnnotatedConnectException: syscall:getsockopt(..) failed: Connection refused: /127.0.0.1:6379
Caused by: io.netty.channel.unix.Errors$NativeConnectException: syscall:getsockopt(..) failed: Connection refused
</error>
  </testcase>
  <testcase name="testAddIndexObjectHead[14]" classname="org.springframework.data.redis.support.collections.RedisListTests" time="0.002">
    <error message="Unable to connect to Redis; nested exception is io.lettuce.core.RedisConnectionException: Unable to connect to 127.0.0.1:6379" type="org.springframework.data.redis.RedisConnectionFailureException">org.springframework.data.redis.RedisConnectionFailureException: Unable to connect to Redis; nested exception is io.lettuce.core.RedisConnectionException: Unable to connect to 127.0.0.1:6379
Caused by: io.lettuce.core.RedisConnectionException: Unable to connect to 127.0.0.1:6379
Caused by: io.netty.channel.AbstractChannel$AnnotatedConnectException: syscall:getsockopt(..) failed: Connection refused: /127.0.0.1:6379
Caused by: io.netty.channel.unix.Errors$NativeConnectException: syscall:getsockopt(..) failed: Connection refused
</error>
  </testcase>
  <testcase name="testAddIndexObjectTail[14]" classname="org.springframework.data.redis.support.collections.RedisListTests" time="0.001">
    <error message="Unable to connect to Redis; nested exception is io.lettuce.core.RedisConnectionException: Unable to connect to 127.0.0.1:6379" type="org.springframework.data.redis.RedisConnectionFailureException">org.springframework.data.redis.RedisConnectionFailureException: Unable to connect to Redis; nested exception is io.lettuce.core.RedisConnectionException: Unable to connect to 127.0.0.1:6379
Caused by: io.lettuce.core.RedisConnectionException: Unable to connect to 127.0.0.1:6379
Caused by: io.netty.channel.AbstractChannel$AnnotatedConnectException: syscall:getsockopt(..) failed: Connection refused: /127.0.0.1:6379
Caused by: io.netty.channel.unix.Errors$NativeConnectException: syscall:getsockopt(..) failed: Connection refused
</error>
  </testcase>
  <testcase name="testAddIndexObjectTail[14]" classname="org.springframework.data.redis.support.collections.RedisListTests" time="0.001">
    <error message="Unable to connect to Redis; nested exception is io.lettuce.core.RedisConnectionException: Unable to connect to 127.0.0.1:6379" type="org.springframework.data.redis.RedisConnectionFailureException">org.springframework.data.redis.RedisConnectionFailureException: Unable to connect to Redis; nested exception is io.lettuce.core.RedisConnectionException: Unable to connect to 127.0.0.1:6379
Caused by: io.lettuce.core.RedisConnectionException: Unable to connect to 127.0.0.1:6379
Caused by: io.netty.channel.AbstractChannel$AnnotatedConnectException: syscall:getsockopt(..) failed: Connection refused: /127.0.0.1:6379
Caused by: io.netty.channel.unix.Errors$NativeConnectException: syscall:getsockopt(..) failed: Connection refused
</error>
  </testcase>
  <testcase name="testPollFirst[14]" classname="org.springframework.data.redis.support.collections.RedisListTests" time="0.001">
    <error message="Unable to connect to Redis; nested exception is io.lettuce.core.RedisConnectionException: Unable to connect to 127.0.0.1:6379" type="org.springframework.data.redis.RedisConnectionFailureException">org.springframework.data.redis.RedisConnectionFailureException: Unable to connect to Redis; nested exception is io.lettuce.core.RedisConnectionException: Unable to connect to 127.0.0.1:6379
Caused by: io.lettuce.core.RedisConnectionException: Unable to connect to 127.0.0.1:6379
Caused by: io.netty.channel.AbstractChannel$AnnotatedConnectException: syscall:getsockopt(..) failed: Connection refused: /127.0.0.1:6379
Caused by: io.netty.channel.unix.Errors$NativeConnectException: syscall:getsockopt(..) failed: Connection refused
</error>
  </testcase>
  <testcase name="testPollFirst[14]" classname="org.springframework.data.redis.support.collections.RedisListTests" time="0.001">
    <error message="Unable to connect to Redis; nested exception is io.lettuce.core.RedisConnectionException: Unable to connect to 127.0.0.1:6379" type="org.springframework.data.redis.RedisConnectionFailureException">org.springframework.data.redis.RedisConnectionFailureException: Unable to connect to Redis; nested exception is io.lettuce.core.RedisConnectionException: Unable to connect to 127.0.0.1:6379
Caused by: io.lettuce.core.RedisConnectionException: Unable to connect to 127.0.0.1:6379
Caused by: io.netty.channel.AbstractChannel$AnnotatedConnectException: syscall:getsockopt(..) failed: Connection refused: /127.0.0.1:6379
Caused by: io.netty.channel.unix.Errors$NativeConnectException: syscall:getsockopt(..) failed: Connection refused
</error>
  </testcase>
  <testcase name="testAddIndexObjectMiddle[14]" classname="org.springframework.data.redis.support.collections.RedisListTests" time="0.001">
    <error message="Unexpected exception, expected&lt;java.lang.IllegalArgumentException&gt; but was&lt;org.springframework.data.redis.RedisConnectionFailureException&gt;" type="java.lang.Exception"><![CDATA[java.lang.Exception: Unexpected exception, expected<java.lang.IllegalArgumentException> but was<org.springframework.data.redis.RedisConnectionFailureException>
Caused by: org.springframework.data.redis.RedisConnectionFailureException: Unable to connect to Redis; nested exception is io.lettuce.core.RedisConnectionException: Unable to connect to 127.0.0.1:6379
Caused by: io.lettuce.core.RedisConnectionException: Unable to connect to 127.0.0.1:6379
Caused by: io.netty.channel.AbstractChannel$AnnotatedConnectException: syscall:getsockopt(..) failed: Connection refused: /127.0.0.1:6379
Caused by: io.netty.channel.unix.Errors$NativeConnectException: syscall:getsockopt(..) failed: Connection refused
]]></error>
  </testcase>
  <testcase name="testAddIndexObjectMiddle[14]" classname="org.springframework.data.redis.support.collections.RedisListTests" time="0.001">
    <error message="Unable to connect to Redis; nested exception is io.lettuce.core.RedisConnectionException: Unable to connect to 127.0.0.1:6379" type="org.springframework.data.redis.RedisConnectionFailureException">org.springframework.data.redis.RedisConnectionFailureException: Unable to connect to Redis; nested exception is io.lettuce.core.RedisConnectionException: Unable to connect to 127.0.0.1:6379
Caused by: io.lettuce.core.RedisConnectionException: Unable to connect to 127.0.0.1:6379
Caused by: io.netty.channel.AbstractChannel$AnnotatedConnectException: syscall:getsockopt(..) failed: Connection refused: /127.0.0.1:6379
Caused by: io.netty.channel.unix.Errors$NativeConnectException: syscall:getsockopt(..) failed: Connection refused
</error>
  </testcase>
  <testcase name="testPeekLast[14]" classname="org.springframework.data.redis.support.collections.RedisListTests" time="0.001">
    <error message="Unable to connect to Redis; nested exception is io.lettuce.core.RedisConnectionException: Unable to connect to 127.0.0.1:6379" type="org.springframework.data.redis.RedisConnectionFailureException">org.springframework.data.redis.RedisConnectionFailureException: Unable to connect to Redis; nested exception is io.lettuce.core.RedisConnectionException: Unable to connect to 127.0.0.1:6379
Caused by: io.lettuce.core.RedisConnectionException: Unable to connect to 127.0.0.1:6379
Caused by: io.netty.channel.AbstractChannel$AnnotatedConnectException: syscall:getsockopt(..) failed: Connection refused: /127.0.0.1:6379
Caused by: io.netty.channel.unix.Errors$NativeConnectException: syscall:getsockopt(..) failed: Connection refused
</error>
  </testcase>
  <testcase name="testPeekLast[14]" classname="org.springframework.data.redis.support.collections.RedisListTests" time="0.001">
    <error message="Unable to connect to Redis; nested exception is io.lettuce.core.RedisConnectionException: Unable to connect to 127.0.0.1:6379" type="org.springframework.data.redis.RedisConnectionFailureException">org.springframework.data.redis.RedisConnectionFailureException: Unable to connect to Redis; nested exception is io.lettuce.core.RedisConnectionException: Unable to connect to 127.0.0.1:6379
Caused by: io.lettuce.core.RedisConnectionException: Unable to connect to 127.0.0.1:6379
Caused by: io.netty.channel.AbstractChannel$AnnotatedConnectException: syscall:getsockopt(..) failed: Connection refused: /127.0.0.1:6379
Caused by: io.netty.channel.unix.Errors$NativeConnectException: syscall:getsockopt(..) failed: Connection refused
</error>
  </testcase>
  <testcase name="testRemoveFirstOccurrence[14]" classname="org.springframework.data.redis.support.collections.RedisListTests" time="0.001">
    <error message="Unable to connect to Redis; nested exception is io.lettuce.core.RedisConnectionException: Unable to connect to 127.0.0.1:6379" type="org.springframework.data.redis.RedisConnectionFailureException">org.springframework.data.redis.RedisConnectionFailureException: Unable to connect to Redis; nested exception is io.lettuce.core.RedisConnectionException: Unable to connect to 127.0.0.1:6379
Caused by: io.lettuce.core.RedisConnectionException: Unable to connect to 127.0.0.1:6379
Caused by: io.netty.channel.AbstractChannel$AnnotatedConnectException: syscall:getsockopt(..) failed: Connection refused: /127.0.0.1:6379
Caused by: io.netty.channel.unix.Errors$NativeConnectException: syscall:getsockopt(..) failed: Connection refused
</error>
  </testcase>
  <testcase name="testRemoveFirstOccurrence[14]" classname="org.springframework.data.redis.support.collections.RedisListTests" time="0.001">
    <error message="Unable to connect to Redis; nested exception is io.lettuce.core.RedisConnectionException: Unable to connect to 127.0.0.1:6379" type="org.springframework.data.redis.RedisConnectionFailureException">org.springframework.data.redis.RedisConnectionFailureException: Unable to connect to Redis; nested exception is io.lettuce.core.RedisConnectionException: Unable to connect to 127.0.0.1:6379
Caused by: io.lettuce.core.RedisConnectionException: Unable to connect to 127.0.0.1:6379
Caused by: io.netty.channel.AbstractChannel$AnnotatedConnectException: syscall:getsockopt(..) failed: Connection refused: /127.0.0.1:6379
Caused by: io.netty.channel.unix.Errors$NativeConnectException: syscall:getsockopt(..) failed: Connection refused
</error>
  </testcase>
  <testcase name="addAllIndexCollectionHead[14]" classname="org.springframework.data.redis.support.collections.RedisListTests" time="0.001">
    <error message="Unable to connect to Redis; nested exception is io.lettuce.core.RedisConnectionException: Unable to connect to 127.0.0.1:6379" type="org.springframework.data.redis.RedisConnectionFailureException">org.springframework.data.redis.RedisConnectionFailureException: Unable to connect to Redis; nested exception is io.lettuce.core.RedisConnectionException: Unable to connect to 127.0.0.1:6379
Caused by: io.lettuce.core.RedisConnectionException: Unable to connect to 127.0.0.1:6379
Caused by: io.netty.channel.AbstractChannel$AnnotatedConnectException: syscall:getsockopt(..) failed: Connection refused: /127.0.0.1:6379
Caused by: io.netty.channel.unix.Errors$NativeConnectException: syscall:getsockopt(..) failed: Connection refused
</error>
  </testcase>
  <testcase name="addAllIndexCollectionHead[14]" classname="org.springframework.data.redis.support.collections.RedisListTests" time="0.001">
    <error message="Unable to connect to Redis; nested exception is io.lettuce.core.RedisConnectionException: Unable to connect to 127.0.0.1:6379" type="org.springframework.data.redis.RedisConnectionFailureException">org.springframework.data.redis.RedisConnectionFailureException: Unable to connect to Redis; nested exception is io.lettuce.core.RedisConnectionException: Unable to connect to 127.0.0.1:6379
Caused by: io.lettuce.core.RedisConnectionException: Unable to connect to 127.0.0.1:6379
Caused by: io.netty.channel.AbstractChannel$AnnotatedConnectException: syscall:getsockopt(..) failed: Connection refused: /127.0.0.1:6379
Caused by: io.netty.channel.unix.Errors$NativeConnectException: syscall:getsockopt(..) failed: Connection refused
</error>
  </testcase>
  <testcase name="addAllIndexCollectionTail[14]" classname="org.springframework.data.redis.support.collections.RedisListTests" time="0.002">
    <error message="Unable to connect to Redis; nested exception is io.lettuce.core.RedisConnectionException: Unable to connect to 127.0.0.1:6379" type="org.springframework.data.redis.RedisConnectionFailureException">org.springframework.data.redis.RedisConnectionFailureException: Unable to connect to Redis; nested exception is io.lettuce.core.RedisConnectionException: Unable to connect to 127.0.0.1:6379
Caused by: io.lettuce.core.RedisConnectionException: Unable to connect to 127.0.0.1:6379
Caused by: io.netty.channel.AbstractChannel$AnnotatedConnectException: syscall:getsockopt(..) failed: Connection refused: /127.0.0.1:6379
Caused by: io.netty.channel.unix.Errors$NativeConnectException: syscall:getsockopt(..) failed: Connection refused
</error>
  </testcase>
  <testcase name="addAllIndexCollectionTail[14]" classname="org.springframework.data.redis.support.collections.RedisListTests" time="0.002">
    <error message="Unable to connect to Redis; nested exception is io.lettuce.core.RedisConnectionException: Unable to connect to 127.0.0.1:6379" type="org.springframework.data.redis.RedisConnectionFailureException">org.springframework.data.redis.RedisConnectionFailureException: Unable to connect to Redis; nested exception is io.lettuce.core.RedisConnectionException: Unable to connect to 127.0.0.1:6379
Caused by: io.lettuce.core.RedisConnectionException: Unable to connect to 127.0.0.1:6379
Caused by: io.netty.channel.AbstractChannel$AnnotatedConnectException: syscall:getsockopt(..) failed: Connection refused: /127.0.0.1:6379
Caused by: io.netty.channel.unix.Errors$NativeConnectException: syscall:getsockopt(..) failed: Connection refused
</error>
  </testcase>
  <testcase name="addAllIndexCollectionMiddle[14]" classname="org.springframework.data.redis.support.collections.RedisListTests" time="0.001">
    <error message="Unexpected exception, expected&lt;java.lang.IllegalArgumentException&gt; but was&lt;org.springframework.data.redis.RedisConnectionFailureException&gt;" type="java.lang.Exception"><![CDATA[java.lang.Exception: Unexpected exception, expected<java.lang.IllegalArgumentException> but was<org.springframework.data.redis.RedisConnectionFailureException>
Caused by: org.springframework.data.redis.RedisConnectionFailureException: Unable to connect to Redis; nested exception is io.lettuce.core.RedisConnectionException: Unable to connect to 127.0.0.1:6379
Caused by: io.lettuce.core.RedisConnectionException: Unable to connect to 127.0.0.1:6379
Caused by: io.netty.channel.AbstractChannel$AnnotatedConnectException: syscall:getsockopt(..) failed: Connection refused: /127.0.0.1:6379
Caused by: io.netty.channel.unix.Errors$NativeConnectException: syscall:getsockopt(..) failed: Connection refused
]]></error>
  </testcase>
  <testcase name="addAllIndexCollectionMiddle[14]" classname="org.springframework.data.redis.support.collections.RedisListTests" time="0.001">
    <error message="Unable to connect to Redis; nested exception is io.lettuce.core.RedisConnectionException: Unable to connect to 127.0.0.1:6379" type="org.springframework.data.redis.RedisConnectionFailureException">org.springframework.data.redis.RedisConnectionFailureException: Unable to connect to Redis; nested exception is io.lettuce.core.RedisConnectionException: Unable to connect to 127.0.0.1:6379
Caused by: io.lettuce.core.RedisConnectionException: Unable to connect to 127.0.0.1:6379
Caused by: io.netty.channel.AbstractChannel$AnnotatedConnectException: syscall:getsockopt(..) failed: Connection refused: /127.0.0.1:6379
Caused by: io.netty.channel.unix.Errors$NativeConnectException: syscall:getsockopt(..) failed: Connection refused
</error>
  </testcase>
  <testcase name="testPollLast[14]" classname="org.springframework.data.redis.support.collections.RedisListTests" time="0.001">
    <error message="Unable to connect to Redis; nested exception is io.lettuce.core.RedisConnectionException: Unable to connect to 127.0.0.1:6379" type="org.springframework.data.redis.RedisConnectionFailureException">org.springframework.data.redis.RedisConnectionFailureException: Unable to connect to Redis; nested exception is io.lettuce.core.RedisConnectionException: Unable to connect to 127.0.0.1:6379
Caused by: io.lettuce.core.RedisConnectionException: Unable to connect to 127.0.0.1:6379
Caused by: io.netty.channel.AbstractChannel$AnnotatedConnectException: syscall:getsockopt(..) failed: Connection refused: /127.0.0.1:6379
Caused by: io.netty.channel.unix.Errors$NativeConnectException: syscall:getsockopt(..) failed: Connection refused
</error>
  </testcase>
  <testcase name="testPollLast[14]" classname="org.springframework.data.redis.support.collections.RedisListTests" time="0.001">
    <error message="Unable to connect to Redis; nested exception is io.lettuce.core.RedisConnectionException: Unable to connect to 127.0.0.1:6379" type="org.springframework.data.redis.RedisConnectionFailureException">org.springframework.data.redis.RedisConnectionFailureException: Unable to connect to Redis; nested exception is io.lettuce.core.RedisConnectionException: Unable to connect to 127.0.0.1:6379
Caused by: io.lettuce.core.RedisConnectionException: Unable to connect to 127.0.0.1:6379
Caused by: io.netty.channel.AbstractChannel$AnnotatedConnectException: syscall:getsockopt(..) failed: Connection refused: /127.0.0.1:6379
Caused by: io.netty.channel.unix.Errors$NativeConnectException: syscall:getsockopt(..) failed: Connection refused
</error>
  </testcase>
  <testcase name="testIndexOfObject[14]" classname="org.springframework.data.redis.support.collections.RedisListTests" time="0">
    <error message="Unable to connect to Redis; nested exception is io.lettuce.core.RedisConnectionException: Unable to connect to 127.0.0.1:6379" type="org.springframework.data.redis.RedisConnectionFailureException">org.springframework.data.redis.RedisConnectionFailureException: Unable to connect to Redis; nested exception is io.lettuce.core.RedisConnectionException: Unable to connect to 127.0.0.1:6379
Caused by: io.lettuce.core.RedisConnectionException: Unable to connect to 127.0.0.1:6379
Caused by: io.netty.channel.AbstractChannel$AnnotatedConnectException: syscall:getsockopt(..) failed: Connection refused: /127.0.0.1:6379
Caused by: io.netty.channel.unix.Errors$NativeConnectException: syscall:getsockopt(..) failed: Connection refused
</error>
  </testcase>
  <testcase name="testPollTimeout[14]" classname="org.springframework.data.redis.support.collections.RedisListTests" time="0.001">
    <error message="Unable to connect to Redis; nested exception is io.lettuce.core.RedisConnectionException: Unable to connect to 127.0.0.1:6379" type="org.springframework.data.redis.RedisConnectionFailureException">org.springframework.data.redis.RedisConnectionFailureException: Unable to connect to Redis; nested exception is io.lettuce.core.RedisConnectionException: Unable to connect to 127.0.0.1:6379
Caused by: io.lettuce.core.RedisConnectionException: Unable to connect to 127.0.0.1:6379
Caused by: io.netty.channel.AbstractChannel$AnnotatedConnectException: syscall:getsockopt(..) failed: Connection refused: /127.0.0.1:6379
Caused by: io.netty.channel.unix.Errors$NativeConnectException: syscall:getsockopt(..) failed: Connection refused
</error>
  </testcase>
  <testcase name="testPollTimeout[14]" classname="org.springframework.data.redis.support.collections.RedisListTests" time="0.002">
    <error message="Unable to connect to Redis; nested exception is io.lettuce.core.RedisConnectionException: Unable to connect to 127.0.0.1:6379" type="org.springframework.data.redis.RedisConnectionFailureException">org.springframework.data.redis.RedisConnectionFailureException: Unable to connect to Redis; nested exception is io.lettuce.core.RedisConnectionException: Unable to connect to 127.0.0.1:6379
Caused by: io.lettuce.core.RedisConnectionException: Unable to connect to 127.0.0.1:6379
Caused by: io.netty.channel.AbstractChannel$AnnotatedConnectException: syscall:getsockopt(..) failed: Connection refused: /127.0.0.1:6379
Caused by: io.netty.channel.unix.Errors$NativeConnectException: syscall:getsockopt(..) failed: Connection refused
</error>
  </testcase>
  <testcase name="testRemove[14]" classname="org.springframework.data.redis.support.collections.RedisListTests" time="0.001">
    <error message="Unable to connect to Redis; nested exception is io.lettuce.core.RedisConnectionException: Unable to connect to 127.0.0.1:6379" type="org.springframework.data.redis.RedisConnectionFailureException">org.springframework.data.redis.RedisConnectionFailureException: Unable to connect to Redis; nested exception is io.lettuce.core.RedisConnectionException: Unable to connect to 127.0.0.1:6379
Caused by: io.lettuce.core.RedisConnectionException: Unable to connect to 127.0.0.1:6379
Caused by: io.netty.channel.AbstractChannel$AnnotatedConnectException: syscall:getsockopt(..) failed: Connection refused: /127.0.0.1:6379
Caused by: io.netty.channel.unix.Errors$NativeConnectException: syscall:getsockopt(..) failed: Connection refused
</error>
  </testcase>
  <testcase name="testRemove[14]" classname="org.springframework.data.redis.support.collections.RedisListTests" time="0.001">
    <error message="Unable to connect to Redis; nested exception is io.lettuce.core.RedisConnectionException: Unable to connect to 127.0.0.1:6379" type="org.springframework.data.redis.RedisConnectionFailureException">org.springframework.data.redis.RedisConnectionFailureException: Unable to connect to Redis; nested exception is io.lettuce.core.RedisConnectionException: Unable to connect to 127.0.0.1:6379
Caused by: io.lettuce.core.RedisConnectionException: Unable to connect to 127.0.0.1:6379
Caused by: io.netty.channel.AbstractChannel$AnnotatedConnectException: syscall:getsockopt(..) failed: Connection refused: /127.0.0.1:6379
Caused by: io.netty.channel.unix.Errors$NativeConnectException: syscall:getsockopt(..) failed: Connection refused
</error>
  </testcase>
  <testcase name="testCappedCollection[14]" classname="org.springframework.data.redis.support.collections.RedisListTests" time="0.001">
    <error message="Unable to connect to Redis; nested exception is io.lettuce.core.RedisConnectionException: Unable to connect to 127.0.0.1:6379" type="org.springframework.data.redis.RedisConnectionFailureException">org.springframework.data.redis.RedisConnectionFailureException: Unable to connect to Redis; nested exception is io.lettuce.core.RedisConnectionException: Unable to connect to 127.0.0.1:6379
Caused by: io.lettuce.core.RedisConnectionException: Unable to connect to 127.0.0.1:6379
Caused by: io.netty.channel.AbstractChannel$AnnotatedConnectException: syscall:getsockopt(..) failed: Connection refused: /127.0.0.1:6379
Caused by: io.netty.channel.unix.Errors$NativeConnectException: syscall:getsockopt(..) failed: Connection refused
</error>
  </testcase>
  <testcase name="testCappedCollection[14]" classname="org.springframework.data.redis.support.collections.RedisListTests" time="0.001">
    <error message="Unable to connect to Redis; nested exception is io.lettuce.core.RedisConnectionException: Unable to connect to 127.0.0.1:6379" type="org.springframework.data.redis.RedisConnectionFailureException">org.springframework.data.redis.RedisConnectionFailureException: Unable to connect to Redis; nested exception is io.lettuce.core.RedisConnectionException: Unable to connect to 127.0.0.1:6379
Caused by: io.lettuce.core.RedisConnectionException: Unable to connect to 127.0.0.1:6379
Caused by: io.netty.channel.AbstractChannel$AnnotatedConnectException: syscall:getsockopt(..) failed: Connection refused: /127.0.0.1:6379
Caused by: io.netty.channel.unix.Errors$NativeConnectException: syscall:getsockopt(..) failed: Connection refused
</error>
  </testcase>
  <testcase name="testRmoveLastOccurrence[14]" classname="org.springframework.data.redis.support.collections.RedisListTests" time="0.002">
    <error message="Unable to connect to Redis; nested exception is io.lettuce.core.RedisConnectionException: Unable to connect to 127.0.0.1:6379" type="org.springframework.data.redis.RedisConnectionFailureException">org.springframework.data.redis.RedisConnectionFailureException: Unable to connect to Redis; nested exception is io.lettuce.core.RedisConnectionException: Unable to connect to 127.0.0.1:6379
Caused by: io.lettuce.core.RedisConnectionException: Unable to connect to 127.0.0.1:6379
Caused by: io.netty.channel.AbstractChannel$AnnotatedConnectException: syscall:getsockopt(..) failed: Connection refused: /127.0.0.1:6379
Caused by: io.netty.channel.unix.Errors$NativeConnectException: syscall:getsockopt(..) failed: Connection refused
</error>
  </testcase>
  <testcase name="testRmoveLastOccurrence[14]" classname="org.springframework.data.redis.support.collections.RedisListTests" time="0.002">
    <error message="Unable to connect to Redis; nested exception is io.lettuce.core.RedisConnectionException: Unable to connect to 127.0.0.1:6379" type="org.springframework.data.redis.RedisConnectionFailureException">org.springframework.data.redis.RedisConnectionFailureException: Unable to connect to Redis; nested exception is io.lettuce.core.RedisConnectionException: Unable to connect to 127.0.0.1:6379
Caused by: io.lettuce.core.RedisConnectionException: Unable to connect to 127.0.0.1:6379
Caused by: io.netty.channel.AbstractChannel$AnnotatedConnectException: syscall:getsockopt(..) failed: Connection refused: /127.0.0.1:6379
Caused by: io.netty.channel.unix.Errors$NativeConnectException: syscall:getsockopt(..) failed: Connection refused
</error>
  </testcase>
  <testcase name="testTakeFirst[14]" classname="org.springframework.data.redis.support.collections.RedisListTests" time="0.001">
    <error message="Unable to connect to Redis; nested exception is io.lettuce.core.RedisConnectionException: Unable to connect to 127.0.0.1:6379" type="org.springframework.data.redis.RedisConnectionFailureException">org.springframework.data.redis.RedisConnectionFailureException: Unable to connect to Redis; nested exception is io.lettuce.core.RedisConnectionException: Unable to connect to 127.0.0.1:6379
Caused by: io.lettuce.core.RedisConnectionException: Unable to connect to 127.0.0.1:6379
Caused by: io.netty.channel.AbstractChannel$AnnotatedConnectException: syscall:getsockopt(..) failed: Connection refused: /127.0.0.1:6379
Caused by: io.netty.channel.unix.Errors$NativeConnectException: syscall:getsockopt(..) failed: Connection refused
</error>
  </testcase>
  <testcase name="testTakeFirst[14]" classname="org.springframework.data.redis.support.collections.RedisListTests" time="0.001">
    <error message="Unable to connect to Redis; nested exception is io.lettuce.core.RedisConnectionException: Unable to connect to 127.0.0.1:6379" type="org.springframework.data.redis.RedisConnectionFailureException">org.springframework.data.redis.RedisConnectionFailureException: Unable to connect to Redis; nested exception is io.lettuce.core.RedisConnectionException: Unable to connect to 127.0.0.1:6379
Caused by: io.lettuce.core.RedisConnectionException: Unable to connect to 127.0.0.1:6379
Caused by: io.netty.channel.AbstractChannel$AnnotatedConnectException: syscall:getsockopt(..) failed: Connection refused: /127.0.0.1:6379
Caused by: io.netty.channel.unix.Errors$NativeConnectException: syscall:getsockopt(..) failed: Connection refused
</error>
  </testcase>
  <testcase name="testContainsObject[14]" classname="org.springframework.data.redis.support.collections.RedisListTests" time="0.001">
    <error message="Unable to connect to Redis; nested exception is io.lettuce.core.RedisConnectionException: Unable to connect to 127.0.0.1:6379" type="org.springframework.data.redis.RedisConnectionFailureException">org.springframework.data.redis.RedisConnectionFailureException: Unable to connect to Redis; nested exception is io.lettuce.core.RedisConnectionException: Unable to connect to 127.0.0.1:6379
Caused by: io.lettuce.core.RedisConnectionException: Unable to connect to 127.0.0.1:6379
Caused by: io.netty.channel.AbstractChannel$AnnotatedConnectException: syscall:getsockopt(..) failed: Connection refused: /127.0.0.1:6379
Caused by: io.netty.channel.unix.Errors$NativeConnectException: syscall:getsockopt(..) failed: Connection refused
</error>
  </testcase>
  <testcase name="testContainsObject[14]" classname="org.springframework.data.redis.support.collections.RedisListTests" time="0.001">
    <error message="Unable to connect to Redis; nested exception is io.lettuce.core.RedisConnectionException: Unable to connect to 127.0.0.1:6379" type="org.springframework.data.redis.RedisConnectionFailureException">org.springframework.data.redis.RedisConnectionFailureException: Unable to connect to Redis; nested exception is io.lettuce.core.RedisConnectionException: Unable to connect to 127.0.0.1:6379
Caused by: io.lettuce.core.RedisConnectionException: Unable to connect to 127.0.0.1:6379
Caused by: io.netty.channel.AbstractChannel$AnnotatedConnectException: syscall:getsockopt(..) failed: Connection refused: /127.0.0.1:6379
Caused by: io.netty.channel.unix.Errors$NativeConnectException: syscall:getsockopt(..) failed: Connection refused
</error>
  </testcase>
  <testcase name="testToArray[14]" classname="org.springframework.data.redis.support.collections.RedisListTests" time="0.002">
    <error message="Unable to connect to Redis; nested exception is io.lettuce.core.RedisConnectionException: Unable to connect to 127.0.0.1:6379" type="org.springframework.data.redis.RedisConnectionFailureException">org.springframework.data.redis.RedisConnectionFailureException: Unable to connect to Redis; nested exception is io.lettuce.core.RedisConnectionException: Unable to connect to 127.0.0.1:6379
Caused by: io.lettuce.core.RedisConnectionException: Unable to connect to 127.0.0.1:6379
Caused by: io.netty.channel.AbstractChannel$AnnotatedConnectException: syscall:getsockopt(..) failed: Connection refused: /127.0.0.1:6379
Caused by: io.netty.channel.unix.Errors$NativeConnectException: syscall:getsockopt(..) failed: Connection refused
</error>
  </testcase>
  <testcase name="testToArray[14]" classname="org.springframework.data.redis.support.collections.RedisListTests" time="0.002">
    <error message="Unable to connect to Redis; nested exception is io.lettuce.core.RedisConnectionException: Unable to connect to 127.0.0.1:6379" type="org.springframework.data.redis.RedisConnectionFailureException">org.springframework.data.redis.RedisConnectionFailureException: Unable to connect to Redis; nested exception is io.lettuce.core.RedisConnectionException: Unable to connect to 127.0.0.1:6379
Caused by: io.lettuce.core.RedisConnectionException: Unable to connect to 127.0.0.1:6379
Caused by: io.netty.channel.AbstractChannel$AnnotatedConnectException: syscall:getsockopt(..) failed: Connection refused: /127.0.0.1:6379
Caused by: io.netty.channel.unix.Errors$NativeConnectException: syscall:getsockopt(..) failed: Connection refused
</error>
  </testcase>
  <testcase name="testAdd[14]" classname="org.springframework.data.redis.support.collections.RedisListTests" time="0.001">
    <error message="Unable to connect to Redis; nested exception is io.lettuce.core.RedisConnectionException: Unable to connect to 127.0.0.1:6379" type="org.springframework.data.redis.RedisConnectionFailureException">org.springframework.data.redis.RedisConnectionFailureException: Unable to connect to Redis; nested exception is io.lettuce.core.RedisConnectionException: Unable to connect to 127.0.0.1:6379
Caused by: io.lettuce.core.RedisConnectionException: Unable to connect to 127.0.0.1:6379
Caused by: io.netty.channel.AbstractChannel$AnnotatedConnectException: syscall:getsockopt(..) failed: Connection refused: /127.0.0.1:6379
Caused by: io.netty.channel.unix.Errors$NativeConnectException: syscall:getsockopt(..) failed: Connection refused
</error>
  </testcase>
  <testcase name="testAdd[14]" classname="org.springframework.data.redis.support.collections.RedisListTests" time="0.001">
    <error message="Unable to connect to Redis; nested exception is io.lettuce.core.RedisConnectionException: Unable to connect to 127.0.0.1:6379" type="org.springframework.data.redis.RedisConnectionFailureException">org.springframework.data.redis.RedisConnectionFailureException: Unable to connect to Redis; nested exception is io.lettuce.core.RedisConnectionException: Unable to connect to 127.0.0.1:6379
Caused by: io.lettuce.core.RedisConnectionException: Unable to connect to 127.0.0.1:6379
Caused by: io.netty.channel.AbstractChannel$AnnotatedConnectException: syscall:getsockopt(..) failed: Connection refused: /127.0.0.1:6379
Caused by: io.netty.channel.unix.Errors$NativeConnectException: syscall:getsockopt(..) failed: Connection refused
</error>
  </testcase>
  <testcase name="testClear[14]" classname="org.springframework.data.redis.support.collections.RedisListTests" time="0.001">
    <error message="Unable to connect to Redis; nested exception is io.lettuce.core.RedisConnectionException: Unable to connect to 127.0.0.1:6379" type="org.springframework.data.redis.RedisConnectionFailureException">org.springframework.data.redis.RedisConnectionFailureException: Unable to connect to Redis; nested exception is io.lettuce.core.RedisConnectionException: Unable to connect to 127.0.0.1:6379
Caused by: io.lettuce.core.RedisConnectionException: Unable to connect to 127.0.0.1:6379
Caused by: io.netty.channel.AbstractChannel$AnnotatedConnectException: syscall:getsockopt(..) failed: Connection refused: /127.0.0.1:6379
Caused by: io.netty.channel.unix.Errors$NativeConnectException: syscall:getsockopt(..) failed: Connection refused
</error>
  </testcase>
  <testcase name="testClear[14]" classname="org.springframework.data.redis.support.collections.RedisListTests" time="0.001">
    <error message="Unable to connect to Redis; nested exception is io.lettuce.core.RedisConnectionException: Unable to connect to 127.0.0.1:6379" type="org.springframework.data.redis.RedisConnectionFailureException">org.springframework.data.redis.RedisConnectionFailureException: Unable to connect to Redis; nested exception is io.lettuce.core.RedisConnectionException: Unable to connect to 127.0.0.1:6379
Caused by: io.lettuce.core.RedisConnectionException: Unable to connect to 127.0.0.1:6379
Caused by: io.netty.channel.AbstractChannel$AnnotatedConnectException: syscall:getsockopt(..) failed: Connection refused: /127.0.0.1:6379
Caused by: io.netty.channel.unix.Errors$NativeConnectException: syscall:getsockopt(..) failed: Connection refused
</error>
  </testcase>
  <testcase name="testSize[14]" classname="org.springframework.data.redis.support.collections.RedisListTests" time="0">
    <error message="Unable to connect to Redis; nested exception is io.lettuce.core.RedisConnectionException: Unable to connect to 127.0.0.1:6379" type="org.springframework.data.redis.RedisConnectionFailureException">org.springframework.data.redis.RedisConnectionFailureException: Unable to connect to Redis; nested exception is io.lettuce.core.RedisConnectionException: Unable to connect to 127.0.0.1:6379
Caused by: io.lettuce.core.RedisConnectionException: Unable to connect to 127.0.0.1:6379
Caused by: io.netty.channel.AbstractChannel$AnnotatedConnectException: syscall:getsockopt(..) failed: Connection refused: /127.0.0.1:6379
Caused by: io.netty.channel.unix.Errors$NativeConnectException: syscall:getsockopt(..) failed: Connection refused
</error>
  </testcase>
  <testcase name="testSize[14]" classname="org.springframework.data.redis.support.collections.RedisListTests" time="0.001">
    <error message="Unable to connect to Redis; nested exception is io.lettuce.core.RedisConnectionException: Unable to connect to 127.0.0.1:6379" type="org.springframework.data.redis.RedisConnectionFailureException">org.springframework.data.redis.RedisConnectionFailureException: Unable to connect to Redis; nested exception is io.lettuce.core.RedisConnectionException: Unable to connect to 127.0.0.1:6379
Caused by: io.lettuce.core.RedisConnectionException: Unable to connect to 127.0.0.1:6379
Caused by: io.netty.channel.AbstractChannel$AnnotatedConnectException: syscall:getsockopt(..) failed: Connection refused: /127.0.0.1:6379
Caused by: io.netty.channel.unix.Errors$NativeConnectException: syscall:getsockopt(..) failed: Connection refused
</error>
  </testcase>
  <testcase name="testToString[14]" classname="org.springframework.data.redis.support.collections.RedisListTests" time="0.001">
    <error message="Unable to connect to Redis; nested exception is io.lettuce.core.RedisConnectionException: Unable to connect to 127.0.0.1:6379" type="org.springframework.data.redis.RedisConnectionFailureException">org.springframework.data.redis.RedisConnectionFailureException: Unable to connect to Redis; nested exception is io.lettuce.core.RedisConnectionException: Unable to connect to 127.0.0.1:6379
Caused by: io.lettuce.core.RedisConnectionException: Unable to connect to 127.0.0.1:6379
Caused by: io.netty.channel.AbstractChannel$AnnotatedConnectException: syscall:getsockopt(..) failed: Connection refused: /127.0.0.1:6379
Caused by: io.netty.channel.unix.Errors$NativeConnectException: syscall:getsockopt(..) failed: Connection refused
</error>
  </testcase>
  <testcase name="testToString[14]" classname="org.springframework.data.redis.support.collections.RedisListTests" time="0.001">
    <error message="Unable to connect to Redis; nested exception is io.lettuce.core.RedisConnectionException: Unable to connect to 127.0.0.1:6379" type="org.springframework.data.redis.RedisConnectionFailureException">org.springframework.data.redis.RedisConnectionFailureException: Unable to connect to Redis; nested exception is io.lettuce.core.RedisConnectionException: Unable to connect to 127.0.0.1:6379
Caused by: io.lettuce.core.RedisConnectionException: Unable to connect to 127.0.0.1:6379
Caused by: io.netty.channel.AbstractChannel$AnnotatedConnectException: syscall:getsockopt(..) failed: Connection refused: /127.0.0.1:6379
Caused by: io.netty.channel.unix.Errors$NativeConnectException: syscall:getsockopt(..) failed: Connection refused
</error>
  </testcase>
  <testcase name="testContainsAll[14]" classname="org.springframework.data.redis.support.collections.RedisListTests" time="0.001">
    <error message="Unable to connect to Redis; nested exception is io.lettuce.core.RedisConnectionException: Unable to connect to 127.0.0.1:6379" type="org.springframework.data.redis.RedisConnectionFailureException">org.springframework.data.redis.RedisConnectionFailureException: Unable to connect to Redis; nested exception is io.lettuce.core.RedisConnectionException: Unable to connect to 127.0.0.1:6379
Caused by: io.lettuce.core.RedisConnectionException: Unable to connect to 127.0.0.1:6379
Caused by: io.netty.channel.AbstractChannel$AnnotatedConnectException: syscall:getsockopt(..) failed: Connection refused: /127.0.0.1:6379
Caused by: io.netty.channel.unix.Errors$NativeConnectException: syscall:getsockopt(..) failed: Connection refused
</error>
  </testcase>
  <testcase name="testContainsAll[14]" classname="org.springframework.data.redis.support.collections.RedisListTests" time="0.001">
    <error message="Unable to connect to Redis; nested exception is io.lettuce.core.RedisConnectionException: Unable to connect to 127.0.0.1:6379" type="org.springframework.data.redis.RedisConnectionFailureException">org.springframework.data.redis.RedisConnectionFailureException: Unable to connect to Redis; nested exception is io.lettuce.core.RedisConnectionException: Unable to connect to 127.0.0.1:6379
Caused by: io.lettuce.core.RedisConnectionException: Unable to connect to 127.0.0.1:6379
Caused by: io.netty.channel.AbstractChannel$AnnotatedConnectException: syscall:getsockopt(..) failed: Connection refused: /127.0.0.1:6379
Caused by: io.netty.channel.unix.Errors$NativeConnectException: syscall:getsockopt(..) failed: Connection refused
</error>
  </testcase>
  <testcase name="testRemoveObject[14]" classname="org.springframework.data.redis.support.collections.RedisListTests" time="0.001">
    <error message="Unable to connect to Redis; nested exception is io.lettuce.core.RedisConnectionException: Unable to connect to 127.0.0.1:6379" type="org.springframework.data.redis.RedisConnectionFailureException">org.springframework.data.redis.RedisConnectionFailureException: Unable to connect to Redis; nested exception is io.lettuce.core.RedisConnectionException: Unable to connect to 127.0.0.1:6379
Caused by: io.lettuce.core.RedisConnectionException: Unable to connect to 127.0.0.1:6379
Caused by: io.netty.channel.AbstractChannel$AnnotatedConnectException: syscall:getsockopt(..) failed: Connection refused: /127.0.0.1:6379
Caused by: io.netty.channel.unix.Errors$NativeConnectException: syscall:getsockopt(..) failed: Connection refused
</error>
  </testcase>
  <testcase name="testRemoveObject[14]" classname="org.springframework.data.redis.support.collections.RedisListTests" time="0.001">
    <error message="Unable to connect to Redis; nested exception is io.lettuce.core.RedisConnectionException: Unable to connect to 127.0.0.1:6379" type="org.springframework.data.redis.RedisConnectionFailureException">org.springframework.data.redis.RedisConnectionFailureException: Unable to connect to Redis; nested exception is io.lettuce.core.RedisConnectionException: Unable to connect to 127.0.0.1:6379
Caused by: io.lettuce.core.RedisConnectionException: Unable to connect to 127.0.0.1:6379
Caused by: io.netty.channel.AbstractChannel$AnnotatedConnectException: syscall:getsockopt(..) failed: Connection refused: /127.0.0.1:6379
Caused by: io.netty.channel.unix.Errors$NativeConnectException: syscall:getsockopt(..) failed: Connection refused
</error>
  </testcase>
  <testcase name="testHashCode[14]" classname="org.springframework.data.redis.support.collections.RedisListTests" time="0.001">
    <error message="Unable to connect to Redis; nested exception is io.lettuce.core.RedisConnectionException: Unable to connect to 127.0.0.1:6379" type="org.springframework.data.redis.RedisConnectionFailureException">org.springframework.data.redis.RedisConnectionFailureException: Unable to connect to Redis; nested exception is io.lettuce.core.RedisConnectionException: Unable to connect to 127.0.0.1:6379
Caused by: io.lettuce.core.RedisConnectionException: Unable to connect to 127.0.0.1:6379
Caused by: io.netty.channel.AbstractChannel$AnnotatedConnectException: syscall:getsockopt(..) failed: Connection refused: /127.0.0.1:6379
Caused by: io.netty.channel.unix.Errors$NativeConnectException: syscall:getsockopt(..) failed: Connection refused
</error>
  </testcase>
  <testcase name="testAddAll[14]" classname="org.springframework.data.redis.support.collections.RedisListTests" time="0.001">
    <error message="Unable to connect to Redis; nested exception is io.lettuce.core.RedisConnectionException: Unable to connect to 127.0.0.1:6379" type="org.springframework.data.redis.RedisConnectionFailureException">org.springframework.data.redis.RedisConnectionFailureException: Unable to connect to Redis; nested exception is io.lettuce.core.RedisConnectionException: Unable to connect to 127.0.0.1:6379
Caused by: io.lettuce.core.RedisConnectionException: Unable to connect to 127.0.0.1:6379
Caused by: io.netty.channel.AbstractChannel$AnnotatedConnectException: syscall:getsockopt(..) failed: Connection refused: /127.0.0.1:6379
Caused by: io.netty.channel.unix.Errors$NativeConnectException: syscall:getsockopt(..) failed: Connection refused
</error>
  </testcase>
  <testcase name="testAddAll[14]" classname="org.springframework.data.redis.support.collections.RedisListTests" time="0.001">
    <error message="Unable to connect to Redis; nested exception is io.lettuce.core.RedisConnectionException: Unable to connect to 127.0.0.1:6379" type="org.springframework.data.redis.RedisConnectionFailureException">org.springframework.data.redis.RedisConnectionFailureException: Unable to connect to Redis; nested exception is io.lettuce.core.RedisConnectionException: Unable to connect to 127.0.0.1:6379
Caused by: io.lettuce.core.RedisConnectionException: Unable to connect to 127.0.0.1:6379
Caused by: io.netty.channel.AbstractChannel$AnnotatedConnectException: syscall:getsockopt(..) failed: Connection refused: /127.0.0.1:6379
Caused by: io.netty.channel.unix.Errors$NativeConnectException: syscall:getsockopt(..) failed: Connection refused
</error>
  </testcase>
  <testcase name="removeAll[14]" classname="org.springframework.data.redis.support.collections.RedisListTests" time="0.001">
    <error message="Unable to connect to Redis; nested exception is io.lettuce.core.RedisConnectionException: Unable to connect to 127.0.0.1:6379" type="org.springframework.data.redis.RedisConnectionFailureException">org.springframework.data.redis.RedisConnectionFailureException: Unable to connect to Redis; nested exception is io.lettuce.core.RedisConnectionException: Unable to connect to 127.0.0.1:6379
Caused by: io.lettuce.core.RedisConnectionException: Unable to connect to 127.0.0.1:6379
Caused by: io.netty.channel.AbstractChannel$AnnotatedConnectException: syscall:getsockopt(..) failed: Connection refused: /127.0.0.1:6379
Caused by: io.netty.channel.unix.Errors$NativeConnectException: syscall:getsockopt(..) failed: Connection refused
</error>
  </testcase>
  <testcase name="removeAll[14]" classname="org.springframework.data.redis.support.collections.RedisListTests" time="0.001">
    <error message="Unable to connect to Redis; nested exception is io.lettuce.core.RedisConnectionException: Unable to connect to 127.0.0.1:6379" type="org.springframework.data.redis.RedisConnectionFailureException">org.springframework.data.redis.RedisConnectionFailureException: Unable to connect to Redis; nested exception is io.lettuce.core.RedisConnectionException: Unable to connect to 127.0.0.1:6379
Caused by: io.lettuce.core.RedisConnectionException: Unable to connect to 127.0.0.1:6379
Caused by: io.netty.channel.AbstractChannel$AnnotatedConnectException: syscall:getsockopt(..) failed: Connection refused: /127.0.0.1:6379
Caused by: io.netty.channel.unix.Errors$NativeConnectException: syscall:getsockopt(..) failed: Connection refused
</error>
  </testcase>
  <testcase name="testEquals[14]" classname="org.springframework.data.redis.support.collections.RedisListTests" time="0.001">
    <error message="Unable to connect to Redis; nested exception is io.lettuce.core.RedisConnectionException: Unable to connect to 127.0.0.1:6379" type="org.springframework.data.redis.RedisConnectionFailureException">org.springframework.data.redis.RedisConnectionFailureException: Unable to connect to Redis; nested exception is io.lettuce.core.RedisConnectionException: Unable to connect to 127.0.0.1:6379
Caused by: io.lettuce.core.RedisConnectionException: Unable to connect to 127.0.0.1:6379
Caused by: io.netty.channel.AbstractChannel$AnnotatedConnectException: syscall:getsockopt(..) failed: Connection refused: /127.0.0.1:6379
Caused by: io.netty.channel.unix.Errors$NativeConnectException: syscall:getsockopt(..) failed: Connection refused
</error>
  </testcase>
  <testcase name="testGetKey[14]" classname="org.springframework.data.redis.support.collections.RedisListTests" time="0">
    <error message="Unable to connect to Redis; nested exception is io.lettuce.core.RedisConnectionException: Unable to connect to 127.0.0.1:6379" type="org.springframework.data.redis.RedisConnectionFailureException">org.springframework.data.redis.RedisConnectionFailureException: Unable to connect to Redis; nested exception is io.lettuce.core.RedisConnectionException: Unable to connect to 127.0.0.1:6379
Caused by: io.lettuce.core.RedisConnectionException: Unable to connect to 127.0.0.1:6379
Caused by: io.netty.channel.AbstractChannel$AnnotatedConnectException: syscall:getsockopt(..) failed: Connection refused: /127.0.0.1:6379
Caused by: io.netty.channel.unix.Errors$NativeConnectException: syscall:getsockopt(..) failed: Connection refused
</error>
  </testcase>
  <testcase name="testToArrayWithGenerics[14]" classname="org.springframework.data.redis.support.collections.RedisListTests" time="0.001">
    <error message="Unable to connect to Redis; nested exception is io.lettuce.core.RedisConnectionException: Unable to connect to 127.0.0.1:6379" type="org.springframework.data.redis.RedisConnectionFailureException">org.springframework.data.redis.RedisConnectionFailureException: Unable to connect to Redis; nested exception is io.lettuce.core.RedisConnectionException: Unable to connect to 127.0.0.1:6379
Caused by: io.lettuce.core.RedisConnectionException: Unable to connect to 127.0.0.1:6379
Caused by: io.netty.channel.AbstractChannel$AnnotatedConnectException: syscall:getsockopt(..) failed: Connection refused: /127.0.0.1:6379
Caused by: io.netty.channel.unix.Errors$NativeConnectException: syscall:getsockopt(..) failed: Connection refused
</error>
  </testcase>
  <testcase name="testToArrayWithGenerics[14]" classname="org.springframework.data.redis.support.collections.RedisListTests" time="0.001">
    <error message="Unable to connect to Redis; nested exception is io.lettuce.core.RedisConnectionException: Unable to connect to 127.0.0.1:6379" type="org.springframework.data.redis.RedisConnectionFailureException">org.springframework.data.redis.RedisConnectionFailureException: Unable to connect to Redis; nested exception is io.lettuce.core.RedisConnectionException: Unable to connect to 127.0.0.1:6379
Caused by: io.lettuce.core.RedisConnectionException: Unable to connect to 127.0.0.1:6379
Caused by: io.netty.channel.AbstractChannel$AnnotatedConnectException: syscall:getsockopt(..) failed: Connection refused: /127.0.0.1:6379
Caused by: io.netty.channel.unix.Errors$NativeConnectException: syscall:getsockopt(..) failed: Connection refused
</error>
  </testcase>
  <testcase name="testIsEmpty[14]" classname="org.springframework.data.redis.support.collections.RedisListTests" time="0.001">
    <error message="Unable to connect to Redis; nested exception is io.lettuce.core.RedisConnectionException: Unable to connect to 127.0.0.1:6379" type="org.springframework.data.redis.RedisConnectionFailureException">org.springframework.data.redis.RedisConnectionFailureException: Unable to connect to Redis; nested exception is io.lettuce.core.RedisConnectionException: Unable to connect to 127.0.0.1:6379
Caused by: io.lettuce.core.RedisConnectionException: Unable to connect to 127.0.0.1:6379
Caused by: io.netty.channel.AbstractChannel$AnnotatedConnectException: syscall:getsockopt(..) failed: Connection refused: /127.0.0.1:6379
Caused by: io.netty.channel.unix.Errors$NativeConnectException: syscall:getsockopt(..) failed: Connection refused
</error>
  </testcase>
  <testcase name="testIsEmpty[14]" classname="org.springframework.data.redis.support.collections.RedisListTests" time="0.001">
    <error message="Unable to connect to Redis; nested exception is io.lettuce.core.RedisConnectionException: Unable to connect to 127.0.0.1:6379" type="org.springframework.data.redis.RedisConnectionFailureException">org.springframework.data.redis.RedisConnectionFailureException: Unable to connect to Redis; nested exception is io.lettuce.core.RedisConnectionException: Unable to connect to 127.0.0.1:6379
Caused by: io.lettuce.core.RedisConnectionException: Unable to connect to 127.0.0.1:6379
Caused by: io.netty.channel.AbstractChannel$AnnotatedConnectException: syscall:getsockopt(..) failed: Connection refused: /127.0.0.1:6379
Caused by: io.netty.channel.unix.Errors$NativeConnectException: syscall:getsockopt(..) failed: Connection refused
</error>
  </testcase>
  <testcase name="testIterator[14]" classname="org.springframework.data.redis.support.collections.RedisListTests" time="0.001">
    <error message="Unable to connect to Redis; nested exception is io.lettuce.core.RedisConnectionException: Unable to connect to 127.0.0.1:6379" type="org.springframework.data.redis.RedisConnectionFailureException">org.springframework.data.redis.RedisConnectionFailureException: Unable to connect to Redis; nested exception is io.lettuce.core.RedisConnectionException: Unable to connect to 127.0.0.1:6379
Caused by: io.lettuce.core.RedisConnectionException: Unable to connect to 127.0.0.1:6379
Caused by: io.netty.channel.AbstractChannel$AnnotatedConnectException: syscall:getsockopt(..) failed: Connection refused: /127.0.0.1:6379
Caused by: io.netty.channel.unix.Errors$NativeConnectException: syscall:getsockopt(..) failed: Connection refused
</error>
  </testcase>
  <testcase name="testIterator[14]" classname="org.springframework.data.redis.support.collections.RedisListTests" time="0.001">
    <error message="Unable to connect to Redis; nested exception is io.lettuce.core.RedisConnectionException: Unable to connect to 127.0.0.1:6379" type="org.springframework.data.redis.RedisConnectionFailureException">org.springframework.data.redis.RedisConnectionFailureException: Unable to connect to Redis; nested exception is io.lettuce.core.RedisConnectionException: Unable to connect to 127.0.0.1:6379
Caused by: io.lettuce.core.RedisConnectionException: Unable to connect to 127.0.0.1:6379
Caused by: io.netty.channel.AbstractChannel$AnnotatedConnectException: syscall:getsockopt(..) failed: Connection refused: /127.0.0.1:6379
Caused by: io.netty.channel.unix.Errors$NativeConnectException: syscall:getsockopt(..) failed: Connection refused
</error>
  </testcase>
</testsuite>