<?xml version="1.0" encoding="UTF-8"?>
<testsuite xmlns:xsi="http://www.w3.org/2001/XMLSchema-instance" xsi:noNamespaceSchemaLocation="https://maven.apache.org/surefire/maven-surefire-plugin/xsd/surefire-test-report.xsd" name="nl.eimertvink.salaryapi.SalaryApiApplicationTests" time="1.686" tests="1" errors="1" skipped="0" failures="0">
  <properties>
    <property name="awt.toolkit" value="sun.awt.X11.XToolkit"/>
    <property name="file.encoding.pkg" value="sun.io"/>
    <property name="java.specification.version" value="1.8"/>
    <property name="sun.cpu.isalist" value=""/>
    <property name="sun.jnu.encoding" value="UTF-8"/>
    <property name="java.class.path" value="/root/workspace/Eimert/Salary-API/390400480/target/test-classes:/root/workspace/Eimert/Salary-API/390400480/target/classes:/root/./workspace/Eimert/Salary-API/390400480/.m2/org/springframework/boot/spring-boot-starter-web/2.0.2.RELEASE/spring-boot-starter-web-2.0.2.RELEASE.jar:/root/./workspace/Eimert/Salary-API/390400480/.m2/org/springframework/boot/spring-boot-starter/2.0.2.RELEASE/spring-boot-starter-2.0.2.RELEASE.jar:/root/./workspace/Eimert/Salary-API/390400480/.m2/org/springframework/boot/spring-boot/2.0.2.RELEASE/spring-boot-2.0.2.RELEASE.jar:/root/./workspace/Eimert/Salary-API/390400480/.m2/org/springframework/boot/spring-boot-autoconfigure/2.0.2.RELEASE/spring-boot-autoconfigure-2.0.2.RELEASE.jar:/root/./workspace/Eimert/Salary-API/390400480/.m2/org/springframework/boot/spring-boot-starter-logging/2.0.2.RELEASE/spring-boot-starter-logging-2.0.2.RELEASE.jar:/root/./workspace/Eimert/Salary-API/390400480/.m2/ch/qos/logback/logback-classic/1.2.3/logback-classic-1.2.3.jar:/root/./workspace/Eimert/Salary-API/390400480/.m2/ch/qos/logback/logback-core/1.2.3/logback-core-1.2.3.jar:/root/./workspace/Eimert/Salary-API/390400480/.m2/org/apache/logging/log4j/log4j-to-slf4j/2.10.0/log4j-to-slf4j-2.10.0.jar:/root/./workspace/Eimert/Salary-API/390400480/.m2/org/apache/logging/log4j/log4j-api/2.10.0/log4j-api-2.10.0.jar:/root/./workspace/Eimert/Salary-API/390400480/.m2/org/slf4j/jul-to-slf4j/1.7.25/jul-to-slf4j-1.7.25.jar:/root/./workspace/Eimert/Salary-API/390400480/.m2/javax/annotation/javax.annotation-api/1.3.2/javax.annotation-api-1.3.2.jar:/root/./workspace/Eimert/Salary-API/390400480/.m2/org/yaml/snakeyaml/1.19/snakeyaml-1.19.jar:/root/./workspace/Eimert/Salary-API/390400480/.m2/org/springframework/boot/spring-boot-starter-json/2.0.2.RELEASE/spring-boot-starter-json-2.0.2.RELEASE.jar:/root/./workspace/Eimert/Salary-API/390400480/.m2/com/fasterxml/jackson/core/jackson-databind/2.9.5/jackson-databind-2.9.5.jar:/root/./workspace/Eimert/Salary-API/390400480/.m2/com/fasterxml/jackson/core/jackson-core/2.9.5/jackson-core-2.9.5.jar:/root/./workspace/Eimert/Salary-API/390400480/.m2/com/fasterxml/jackson/datatype/jackson-datatype-jdk8/2.9.5/jackson-datatype-jdk8-2.9.5.jar:/root/./workspace/Eimert/Salary-API/390400480/.m2/com/fasterxml/jackson/datatype/jackson-datatype-jsr310/2.9.5/jackson-datatype-jsr310-2.9.5.jar:/root/./workspace/Eimert/Salary-API/390400480/.m2/com/fasterxml/jackson/module/jackson-module-parameter-names/2.9.5/jackson-module-parameter-names-2.9.5.jar:/root/./workspace/Eimert/Salary-API/390400480/.m2/org/springframework/boot/spring-boot-starter-tomcat/2.0.2.RELEASE/spring-boot-starter-tomcat-2.0.2.RELEASE.jar:/root/./workspace/Eimert/Salary-API/390400480/.m2/org/apache/tomcat/embed/tomcat-embed-core/8.5.31/tomcat-embed-core-8.5.31.jar:/root/./workspace/Eimert/Salary-API/390400480/.m2/org/apache/tomcat/embed/tomcat-embed-el/8.5.31/tomcat-embed-el-8.5.31.jar:/root/./workspace/Eimert/Salary-API/390400480/.m2/org/apache/tomcat/embed/tomcat-embed-websocket/8.5.31/tomcat-embed-websocket-8.5.31.jar:/root/./workspace/Eimert/Salary-API/390400480/.m2/org/hibernate/validator/hibernate-validator/6.0.9.Final/hibernate-validator-6.0.9.Final.jar:/root/./workspace/Eimert/Salary-API/390400480/.m2/javax/validation/validation-api/2.0.1.Final/validation-api-2.0.1.Final.jar:/root/./workspace/Eimert/Salary-API/390400480/.m2/org/springframework/spring-web/5.0.6.RELEASE/spring-web-5.0.6.RELEASE.jar:/root/./workspace/Eimert/Salary-API/390400480/.m2/org/springframework/spring-webmvc/5.0.6.RELEASE/spring-webmvc-5.0.6.RELEASE.jar:/root/./workspace/Eimert/Salary-API/390400480/.m2/org/springframework/boot/spring-boot-starter-data-jpa/2.0.2.RELEASE/spring-boot-starter-data-jpa-2.0.2.RELEASE.jar:/root/./workspace/Eimert/Salary-API/390400480/.m2/org/springframework/boot/spring-boot-starter-aop/2.0.2.RELEASE/spring-boot-starter-aop-2.0.2.RELEASE.jar:/root/./workspace/Eimert/Salary-API/390400480/.m2/org/aspectj/aspectjweaver/1.8.13/aspectjweaver-1.8.13.jar:/root/./workspace/Eimert/Salary-API/390400480/.m2/org/hibernate/hibernate-core/5.1.0.Final/hibernate-core-5.1.0.Final.jar:/root/./workspace/Eimert/Salary-API/390400480/.m2/antlr/antlr/2.7.7/antlr-2.7.7.jar:/root/./workspace/Eimert/Salary-API/390400480/.m2/org/jboss/jandex/2.0.0.Final/jandex-2.0.0.Final.jar:/root/./workspace/Eimert/Salary-API/390400480/.m2/javax/transaction/javax.transaction-api/1.2/javax.transaction-api-1.2.jar:/root/./workspace/Eimert/Salary-API/390400480/.m2/org/springframework/data/spring-data-jpa/2.0.7.RELEASE/spring-data-jpa-2.0.7.RELEASE.jar:/root/./workspace/Eimert/Salary-API/390400480/.m2/org/springframework/data/spring-data-commons/2.0.7.RELEASE/spring-data-commons-2.0.7.RELEASE.jar:/root/./workspace/Eimert/Salary-API/390400480/.m2/org/springframework/spring-orm/5.0.6.RELEASE/spring-orm-5.0.6.RELEASE.jar:/root/./workspace/Eimert/Salary-API/390400480/.m2/org/springframework/spring-tx/5.0.6.RELEASE/spring-tx-5.0.6.RELEASE.jar:/root/./workspace/Eimert/Salary-API/390400480/.m2/org/springframework/spring-aspects/5.0.6.RELEASE/spring-aspects-5.0.6.RELEASE.jar:/root/./workspace/Eimert/Salary-API/390400480/.m2/org/hibernate/hibernate-entitymanager/5.1.0.Final/hibernate-entitymanager-5.1.0.Final.jar:/root/./workspace/Eimert/Salary-API/390400480/.m2/org/jboss/logging/jboss-logging/3.3.2.Final/jboss-logging-3.3.2.Final.jar:/root/./workspace/Eimert/Salary-API/390400480/.m2/dom4j/dom4j/1.6.1/dom4j-1.6.1.jar:/root/./workspace/Eimert/Salary-API/390400480/.m2/org/hibernate/common/hibernate-commons-annotations/5.0.1.Final/hibernate-commons-annotations-5.0.1.Final.jar:/root/./workspace/Eimert/Salary-API/390400480/.m2/org/hibernate/javax/persistence/hibernate-jpa-2.1-api/1.0.0.Final/hibernate-jpa-2.1-api-1.0.0.Final.jar:/root/./workspace/Eimert/Salary-API/390400480/.m2/org/javassist/javassist/3.20.0-GA/javassist-3.20.0-GA.jar:/root/./workspace/Eimert/Salary-API/390400480/.m2/org/apache/geronimo/specs/geronimo-jta_1.1_spec/1.1.1/geronimo-jta_1.1_spec-1.1.1.jar:/root/./workspace/Eimert/Salary-API/390400480/.m2/org/springframework/boot/spring-boot-starter-test/2.0.2.RELEASE/spring-boot-starter-test-2.0.2.RELEASE.jar:/root/./workspace/Eimert/Salary-API/390400480/.m2/org/springframework/boot/spring-boot-test/2.0.2.RELEASE/spring-boot-test-2.0.2.RELEASE.jar:/root/./workspace/Eimert/Salary-API/390400480/.m2/org/springframework/boot/spring-boot-test-autoconfigure/2.0.2.RELEASE/spring-boot-test-autoconfigure-2.0.2.RELEASE.jar:/root/./workspace/Eimert/Salary-API/390400480/.m2/junit/junit/4.12/junit-4.12.jar:/root/./workspace/Eimert/Salary-API/390400480/.m2/org/assertj/assertj-core/3.9.1/assertj-core-3.9.1.jar:/root/./workspace/Eimert/Salary-API/390400480/.m2/org/mockito/mockito-core/2.15.0/mockito-core-2.15.0.jar:/root/./workspace/Eimert/Salary-API/390400480/.m2/net/bytebuddy/byte-buddy/1.7.11/byte-buddy-1.7.11.jar:/root/./workspace/Eimert/Salary-API/390400480/.m2/net/bytebuddy/byte-buddy-agent/1.7.11/byte-buddy-agent-1.7.11.jar:/root/./workspace/Eimert/Salary-API/390400480/.m2/org/objenesis/objenesis/2.6/objenesis-2.6.jar:/root/./workspace/Eimert/Salary-API/390400480/.m2/org/hamcrest/hamcrest-core/1.3/hamcrest-core-1.3.jar:/root/./workspace/Eimert/Salary-API/390400480/.m2/org/hamcrest/hamcrest-library/1.3/hamcrest-library-1.3.jar:/root/./workspace/Eimert/Salary-API/390400480/.m2/org/skyscreamer/jsonassert/1.5.0/jsonassert-1.5.0.jar:/root/./workspace/Eimert/Salary-API/390400480/.m2/com/vaadin/external/google/android-json/0.0.20131108.vaadin1/android-json-0.0.20131108.vaadin1.jar:/root/./workspace/Eimert/Salary-API/390400480/.m2/org/springframework/spring-core/5.0.6.RELEASE/spring-core-5.0.6.RELEASE.jar:/root/./workspace/Eimert/Salary-API/390400480/.m2/org/springframework/spring-jcl/5.0.6.RELEASE/spring-jcl-5.0.6.RELEASE.jar:/root/./workspace/Eimert/Salary-API/390400480/.m2/org/springframework/spring-test/5.0.6.RELEASE/spring-test-5.0.6.RELEASE.jar:/root/./workspace/Eimert/Salary-API/390400480/.m2/org/xmlunit/xmlunit-core/2.5.1/xmlunit-core-2.5.1.jar:/root/./workspace/Eimert/Salary-API/390400480/.m2/org/springframework/boot/spring-boot-starter-data-rest/2.0.2.RELEASE/spring-boot-starter-data-rest-2.0.2.RELEASE.jar:/root/./workspace/Eimert/Salary-API/390400480/.m2/org/springframework/data/spring-data-rest-webmvc/3.0.7.RELEASE/spring-data-rest-webmvc-3.0.7.RELEASE.jar:/root/./workspace/Eimert/Salary-API/390400480/.m2/org/springframework/data/spring-data-rest-core/3.0.7.RELEASE/spring-data-rest-core-3.0.7.RELEASE.jar:/root/./workspace/Eimert/Salary-API/390400480/.m2/org/springframework/hateoas/spring-hateoas/0.24.0.RELEASE/spring-hateoas-0.24.0.RELEASE.jar:/root/./workspace/Eimert/Salary-API/390400480/.m2/org/atteo/evo-inflector/1.2.2/evo-inflector-1.2.2.jar:/root/./workspace/Eimert/Salary-API/390400480/.m2/com/fasterxml/jackson/core/jackson-annotations/2.9.0/jackson-annotations-2.9.0.jar:/root/./workspace/Eimert/Salary-API/390400480/.m2/org/springframework/boot/spring-boot-starter-jdbc/2.0.2.RELEASE/spring-boot-starter-jdbc-2.0.2.RELEASE.jar:/root/./workspace/Eimert/Salary-API/390400480/.m2/com/zaxxer/HikariCP/2.7.9/HikariCP-2.7.9.jar:/root/./workspace/Eimert/Salary-API/390400480/.m2/org/springframework/spring-jdbc/5.0.6.RELEASE/spring-jdbc-5.0.6.RELEASE.jar:/root/./workspace/Eimert/Salary-API/390400480/.m2/org/xerial/sqlite-jdbc/3.21.0.1/sqlite-jdbc-3.21.0.1.jar:/root/./workspace/Eimert/Salary-API/390400480/.m2/com/github/gwenn/sqlite-dialect/e78dddef18/sqlite-dialect-e78dddef18.jar:/root/./workspace/Eimert/Salary-API/390400480/.m2/org/springframework/spring-context/5.0.6.RELEASE/spring-context-5.0.6.RELEASE.jar:/root/./workspace/Eimert/Salary-API/390400480/.m2/org/springframework/spring-aop/5.0.6.RELEASE/spring-aop-5.0.6.RELEASE.jar:/root/./workspace/Eimert/Salary-API/390400480/.m2/org/springframework/spring-beans/5.0.6.RELEASE/spring-beans-5.0.6.RELEASE.jar:/root/./workspace/Eimert/Salary-API/390400480/.m2/org/springframework/spring-expression/5.0.6.RELEASE/spring-expression-5.0.6.RELEASE.jar:/root/./workspace/Eimert/Salary-API/390400480/.m2/com/jayway/jsonpath/json-path/2.4.0/json-path-2.4.0.jar:/root/./workspace/Eimert/Salary-API/390400480/.m2/net/minidev/json-smart/2.3/json-smart-2.3.jar:/root/./workspace/Eimert/Salary-API/390400480/.m2/net/minidev/accessors-smart/1.2/accessors-smart-1.2.jar:/root/./workspace/Eimert/Salary-API/390400480/.m2/org/ow2/asm/asm/5.0.4/asm-5.0.4.jar:/root/./workspace/Eimert/Salary-API/390400480/.m2/org/slf4j/slf4j-api/1.7.25/slf4j-api-1.7.25.jar:/root/./workspace/Eimert/Salary-API/390400480/.m2/io/springfox/springfox-swagger-ui/2.8.0/springfox-swagger-ui-2.8.0.jar:/root/./workspace/Eimert/Salary-API/390400480/.m2/io/springfox/springfox-spring-web/2.8.0/springfox-spring-web-2.8.0.jar:/root/./workspace/Eimert/Salary-API/390400480/.m2/org/reflections/reflections/0.9.11/reflections-0.9.11.jar:/root/./workspace/Eimert/Salary-API/390400480/.m2/io/springfox/springfox-swagger2/2.8.0/springfox-swagger2-2.8.0.jar:/root/./workspace/Eimert/Salary-API/390400480/.m2/io/swagger/swagger-annotations/1.5.14/swagger-annotations-1.5.14.jar:/root/./workspace/Eimert/Salary-API/390400480/.m2/io/swagger/swagger-models/1.5.14/swagger-models-1.5.14.jar:/root/./workspace/Eimert/Salary-API/390400480/.m2/io/springfox/springfox-spi/2.8.0/springfox-spi-2.8.0.jar:/root/./workspace/Eimert/Salary-API/390400480/.m2/io/springfox/springfox-core/2.8.0/springfox-core-2.8.0.jar:/root/./workspace/Eimert/Salary-API/390400480/.m2/io/springfox/springfox-schema/2.8.0/springfox-schema-2.8.0.jar:/root/./workspace/Eimert/Salary-API/390400480/.m2/io/springfox/springfox-swagger-common/2.8.0/springfox-swagger-common-2.8.0.jar:/root/./workspace/Eimert/Salary-API/390400480/.m2/com/google/guava/guava/20.0/guava-20.0.jar:/root/./workspace/Eimert/Salary-API/390400480/.m2/com/fasterxml/classmate/1.3.4/classmate-1.3.4.jar:/root/./workspace/Eimert/Salary-API/390400480/.m2/org/springframework/plugin/spring-plugin-core/1.2.0.RELEASE/spring-plugin-core-1.2.0.RELEASE.jar:/root/./workspace/Eimert/Salary-API/390400480/.m2/org/springframework/plugin/spring-plugin-metadata/1.2.0.RELEASE/spring-plugin-metadata-1.2.0.RELEASE.jar:/root/./workspace/Eimert/Salary-API/390400480/.m2/org/mapstruct/mapstruct/1.2.0.Final/mapstruct-1.2.0.Final.jar:"/>
    <property name="java.vm.vendor" value="Oracle Corporation"/>
    <property name="skip.bower" value="true"/>
    <property name="sun.arch.data.model" value="64"/>
    <property name="java.vendor.url" value="http://java.oracle.com/"/>
    <property name="user.timezone" value=""/>
    <property name="java.vm.specification.version" value="1.8"/>
    <property name="os.name" value="Linux"/>
    <property name="rat.skip" value="true"/>
    <property name="gpg.skip" value="true"/>
    <property name="sun.java.launcher" value="SUN_STANDARD"/>
    <property name="sun.boot.library.path" value="/usr/lib/jvm/java-8-openjdk-amd64/jre/lib/amd64"/>
    <property name="skip.gulp" value="true"/>
    <property name="sun.java.command" value="/root/workspace/Eimert/Salary-API/390400480/target/surefire/surefirebooter5526767877610402535.jar /root/workspace/Eimert/Salary-API/390400480/target/surefire 2018-06-10T15-59-42_778-jvmRun1 surefire7169932733575262996tmp surefire_02108678908269461919tmp"/>
    <property name="dependency-check.skip" value="true"/>
    <property name="surefire.test.class.path" value="/root/workspace/Eimert/Salary-API/390400480/target/test-classes:/root/workspace/Eimert/Salary-API/390400480/target/classes:/root/./workspace/Eimert/Salary-API/390400480/.m2/org/springframework/boot/spring-boot-starter-web/2.0.2.RELEASE/spring-boot-starter-web-2.0.2.RELEASE.jar:/root/./workspace/Eimert/Salary-API/390400480/.m2/org/springframework/boot/spring-boot-starter/2.0.2.RELEASE/spring-boot-starter-2.0.2.RELEASE.jar:/root/./workspace/Eimert/Salary-API/390400480/.m2/org/springframework/boot/spring-boot/2.0.2.RELEASE/spring-boot-2.0.2.RELEASE.jar:/root/./workspace/Eimert/Salary-API/390400480/.m2/org/springframework/boot/spring-boot-autoconfigure/2.0.2.RELEASE/spring-boot-autoconfigure-2.0.2.RELEASE.jar:/root/./workspace/Eimert/Salary-API/390400480/.m2/org/springframework/boot/spring-boot-starter-logging/2.0.2.RELEASE/spring-boot-starter-logging-2.0.2.RELEASE.jar:/root/./workspace/Eimert/Salary-API/390400480/.m2/ch/qos/logback/logback-classic/1.2.3/logback-classic-1.2.3.jar:/root/./workspace/Eimert/Salary-API/390400480/.m2/ch/qos/logback/logback-core/1.2.3/logback-core-1.2.3.jar:/root/./workspace/Eimert/Salary-API/390400480/.m2/org/apache/logging/log4j/log4j-to-slf4j/2.10.0/log4j-to-slf4j-2.10.0.jar:/root/./workspace/Eimert/Salary-API/390400480/.m2/org/apache/logging/log4j/log4j-api/2.10.0/log4j-api-2.10.0.jar:/root/./workspace/Eimert/Salary-API/390400480/.m2/org/slf4j/jul-to-slf4j/1.7.25/jul-to-slf4j-1.7.25.jar:/root/./workspace/Eimert/Salary-API/390400480/.m2/javax/annotation/javax.annotation-api/1.3.2/javax.annotation-api-1.3.2.jar:/root/./workspace/Eimert/Salary-API/390400480/.m2/org/yaml/snakeyaml/1.19/snakeyaml-1.19.jar:/root/./workspace/Eimert/Salary-API/390400480/.m2/org/springframework/boot/spring-boot-starter-json/2.0.2.RELEASE/spring-boot-starter-json-2.0.2.RELEASE.jar:/root/./workspace/Eimert/Salary-API/390400480/.m2/com/fasterxml/jackson/core/jackson-databind/2.9.5/jackson-databind-2.9.5.jar:/root/./workspace/Eimert/Salary-API/390400480/.m2/com/fasterxml/jackson/core/jackson-core/2.9.5/jackson-core-2.9.5.jar:/root/./workspace/Eimert/Salary-API/390400480/.m2/com/fasterxml/jackson/datatype/jackson-datatype-jdk8/2.9.5/jackson-datatype-jdk8-2.9.5.jar:/root/./workspace/Eimert/Salary-API/390400480/.m2/com/fasterxml/jackson/datatype/jackson-datatype-jsr310/2.9.5/jackson-datatype-jsr310-2.9.5.jar:/root/./workspace/Eimert/Salary-API/390400480/.m2/com/fasterxml/jackson/module/jackson-module-parameter-names/2.9.5/jackson-module-parameter-names-2.9.5.jar:/root/./workspace/Eimert/Salary-API/390400480/.m2/org/springframework/boot/spring-boot-starter-tomcat/2.0.2.RELEASE/spring-boot-starter-tomcat-2.0.2.RELEASE.jar:/root/./workspace/Eimert/Salary-API/390400480/.m2/org/apache/tomcat/embed/tomcat-embed-core/8.5.31/tomcat-embed-core-8.5.31.jar:/root/./workspace/Eimert/Salary-API/390400480/.m2/org/apache/tomcat/embed/tomcat-embed-el/8.5.31/tomcat-embed-el-8.5.31.jar:/root/./workspace/Eimert/Salary-API/390400480/.m2/org/apache/tomcat/embed/tomcat-embed-websocket/8.5.31/tomcat-embed-websocket-8.5.31.jar:/root/./workspace/Eimert/Salary-API/390400480/.m2/org/hibernate/validator/hibernate-validator/6.0.9.Final/hibernate-validator-6.0.9.Final.jar:/root/./workspace/Eimert/Salary-API/390400480/.m2/javax/validation/validation-api/2.0.1.Final/validation-api-2.0.1.Final.jar:/root/./workspace/Eimert/Salary-API/390400480/.m2/org/springframework/spring-web/5.0.6.RELEASE/spring-web-5.0.6.RELEASE.jar:/root/./workspace/Eimert/Salary-API/390400480/.m2/org/springframework/spring-webmvc/5.0.6.RELEASE/spring-webmvc-5.0.6.RELEASE.jar:/root/./workspace/Eimert/Salary-API/390400480/.m2/org/springframework/boot/spring-boot-starter-data-jpa/2.0.2.RELEASE/spring-boot-starter-data-jpa-2.0.2.RELEASE.jar:/root/./workspace/Eimert/Salary-API/390400480/.m2/org/springframework/boot/spring-boot-starter-aop/2.0.2.RELEASE/spring-boot-starter-aop-2.0.2.RELEASE.jar:/root/./workspace/Eimert/Salary-API/390400480/.m2/org/aspectj/aspectjweaver/1.8.13/aspectjweaver-1.8.13.jar:/root/./workspace/Eimert/Salary-API/390400480/.m2/org/hibernate/hibernate-core/5.1.0.Final/hibernate-core-5.1.0.Final.jar:/root/./workspace/Eimert/Salary-API/390400480/.m2/antlr/antlr/2.7.7/antlr-2.7.7.jar:/root/./workspace/Eimert/Salary-API/390400480/.m2/org/jboss/jandex/2.0.0.Final/jandex-2.0.0.Final.jar:/root/./workspace/Eimert/Salary-API/390400480/.m2/javax/transaction/javax.transaction-api/1.2/javax.transaction-api-1.2.jar:/root/./workspace/Eimert/Salary-API/390400480/.m2/org/springframework/data/spring-data-jpa/2.0.7.RELEASE/spring-data-jpa-2.0.7.RELEASE.jar:/root/./workspace/Eimert/Salary-API/390400480/.m2/org/springframework/data/spring-data-commons/2.0.7.RELEASE/spring-data-commons-2.0.7.RELEASE.jar:/root/./workspace/Eimert/Salary-API/390400480/.m2/org/springframework/spring-orm/5.0.6.RELEASE/spring-orm-5.0.6.RELEASE.jar:/root/./workspace/Eimert/Salary-API/390400480/.m2/org/springframework/spring-tx/5.0.6.RELEASE/spring-tx-5.0.6.RELEASE.jar:/root/./workspace/Eimert/Salary-API/390400480/.m2/org/springframework/spring-aspects/5.0.6.RELEASE/spring-aspects-5.0.6.RELEASE.jar:/root/./workspace/Eimert/Salary-API/390400480/.m2/org/hibernate/hibernate-entitymanager/5.1.0.Final/hibernate-entitymanager-5.1.0.Final.jar:/root/./workspace/Eimert/Salary-API/390400480/.m2/org/jboss/logging/jboss-logging/3.3.2.Final/jboss-logging-3.3.2.Final.jar:/root/./workspace/Eimert/Salary-API/390400480/.m2/dom4j/dom4j/1.6.1/dom4j-1.6.1.jar:/root/./workspace/Eimert/Salary-API/390400480/.m2/org/hibernate/common/hibernate-commons-annotations/5.0.1.Final/hibernate-commons-annotations-5.0.1.Final.jar:/root/./workspace/Eimert/Salary-API/390400480/.m2/org/hibernate/javax/persistence/hibernate-jpa-2.1-api/1.0.0.Final/hibernate-jpa-2.1-api-1.0.0.Final.jar:/root/./workspace/Eimert/Salary-API/390400480/.m2/org/javassist/javassist/3.20.0-GA/javassist-3.20.0-GA.jar:/root/./workspace/Eimert/Salary-API/390400480/.m2/org/apache/geronimo/specs/geronimo-jta_1.1_spec/1.1.1/geronimo-jta_1.1_spec-1.1.1.jar:/root/./workspace/Eimert/Salary-API/390400480/.m2/org/springframework/boot/spring-boot-starter-test/2.0.2.RELEASE/spring-boot-starter-test-2.0.2.RELEASE.jar:/root/./workspace/Eimert/Salary-API/390400480/.m2/org/springframework/boot/spring-boot-test/2.0.2.RELEASE/spring-boot-test-2.0.2.RELEASE.jar:/root/./workspace/Eimert/Salary-API/390400480/.m2/org/springframework/boot/spring-boot-test-autoconfigure/2.0.2.RELEASE/spring-boot-test-autoconfigure-2.0.2.RELEASE.jar:/root/./workspace/Eimert/Salary-API/390400480/.m2/junit/junit/4.12/junit-4.12.jar:/root/./workspace/Eimert/Salary-API/390400480/.m2/org/assertj/assertj-core/3.9.1/assertj-core-3.9.1.jar:/root/./workspace/Eimert/Salary-API/390400480/.m2/org/mockito/mockito-core/2.15.0/mockito-core-2.15.0.jar:/root/./workspace/Eimert/Salary-API/390400480/.m2/net/bytebuddy/byte-buddy/1.7.11/byte-buddy-1.7.11.jar:/root/./workspace/Eimert/Salary-API/390400480/.m2/net/bytebuddy/byte-buddy-agent/1.7.11/byte-buddy-agent-1.7.11.jar:/root/./workspace/Eimert/Salary-API/390400480/.m2/org/objenesis/objenesis/2.6/objenesis-2.6.jar:/root/./workspace/Eimert/Salary-API/390400480/.m2/org/hamcrest/hamcrest-core/1.3/hamcrest-core-1.3.jar:/root/./workspace/Eimert/Salary-API/390400480/.m2/org/hamcrest/hamcrest-library/1.3/hamcrest-library-1.3.jar:/root/./workspace/Eimert/Salary-API/390400480/.m2/org/skyscreamer/jsonassert/1.5.0/jsonassert-1.5.0.jar:/root/./workspace/Eimert/Salary-API/390400480/.m2/com/vaadin/external/google/android-json/0.0.20131108.vaadin1/android-json-0.0.20131108.vaadin1.jar:/root/./workspace/Eimert/Salary-API/390400480/.m2/org/springframework/spring-core/5.0.6.RELEASE/spring-core-5.0.6.RELEASE.jar:/root/./workspace/Eimert/Salary-API/390400480/.m2/org/springframework/spring-jcl/5.0.6.RELEASE/spring-jcl-5.0.6.RELEASE.jar:/root/./workspace/Eimert/Salary-API/390400480/.m2/org/springframework/spring-test/5.0.6.RELEASE/spring-test-5.0.6.RELEASE.jar:/root/./workspace/Eimert/Salary-API/390400480/.m2/org/xmlunit/xmlunit-core/2.5.1/xmlunit-core-2.5.1.jar:/root/./workspace/Eimert/Salary-API/390400480/.m2/org/springframework/boot/spring-boot-starter-data-rest/2.0.2.RELEASE/spring-boot-starter-data-rest-2.0.2.RELEASE.jar:/root/./workspace/Eimert/Salary-API/390400480/.m2/org/springframework/data/spring-data-rest-webmvc/3.0.7.RELEASE/spring-data-rest-webmvc-3.0.7.RELEASE.jar:/root/./workspace/Eimert/Salary-API/390400480/.m2/org/springframework/data/spring-data-rest-core/3.0.7.RELEASE/spring-data-rest-core-3.0.7.RELEASE.jar:/root/./workspace/Eimert/Salary-API/390400480/.m2/org/springframework/hateoas/spring-hateoas/0.24.0.RELEASE/spring-hateoas-0.24.0.RELEASE.jar:/root/./workspace/Eimert/Salary-API/390400480/.m2/org/atteo/evo-inflector/1.2.2/evo-inflector-1.2.2.jar:/root/./workspace/Eimert/Salary-API/390400480/.m2/com/fasterxml/jackson/core/jackson-annotations/2.9.0/jackson-annotations-2.9.0.jar:/root/./workspace/Eimert/Salary-API/390400480/.m2/org/springframework/boot/spring-boot-starter-jdbc/2.0.2.RELEASE/spring-boot-starter-jdbc-2.0.2.RELEASE.jar:/root/./workspace/Eimert/Salary-API/390400480/.m2/com/zaxxer/HikariCP/2.7.9/HikariCP-2.7.9.jar:/root/./workspace/Eimert/Salary-API/390400480/.m2/org/springframework/spring-jdbc/5.0.6.RELEASE/spring-jdbc-5.0.6.RELEASE.jar:/root/./workspace/Eimert/Salary-API/390400480/.m2/org/xerial/sqlite-jdbc/3.21.0.1/sqlite-jdbc-3.21.0.1.jar:/root/./workspace/Eimert/Salary-API/390400480/.m2/com/github/gwenn/sqlite-dialect/e78dddef18/sqlite-dialect-e78dddef18.jar:/root/./workspace/Eimert/Salary-API/390400480/.m2/org/springframework/spring-context/5.0.6.RELEASE/spring-context-5.0.6.RELEASE.jar:/root/./workspace/Eimert/Salary-API/390400480/.m2/org/springframework/spring-aop/5.0.6.RELEASE/spring-aop-5.0.6.RELEASE.jar:/root/./workspace/Eimert/Salary-API/390400480/.m2/org/springframework/spring-beans/5.0.6.RELEASE/spring-beans-5.0.6.RELEASE.jar:/root/./workspace/Eimert/Salary-API/390400480/.m2/org/springframework/spring-expression/5.0.6.RELEASE/spring-expression-5.0.6.RELEASE.jar:/root/./workspace/Eimert/Salary-API/390400480/.m2/com/jayway/jsonpath/json-path/2.4.0/json-path-2.4.0.jar:/root/./workspace/Eimert/Salary-API/390400480/.m2/net/minidev/json-smart/2.3/json-smart-2.3.jar:/root/./workspace/Eimert/Salary-API/390400480/.m2/net/minidev/accessors-smart/1.2/accessors-smart-1.2.jar:/root/./workspace/Eimert/Salary-API/390400480/.m2/org/ow2/asm/asm/5.0.4/asm-5.0.4.jar:/root/./workspace/Eimert/Salary-API/390400480/.m2/org/slf4j/slf4j-api/1.7.25/slf4j-api-1.7.25.jar:/root/./workspace/Eimert/Salary-API/390400480/.m2/io/springfox/springfox-swagger-ui/2.8.0/springfox-swagger-ui-2.8.0.jar:/root/./workspace/Eimert/Salary-API/390400480/.m2/io/springfox/springfox-spring-web/2.8.0/springfox-spring-web-2.8.0.jar:/root/./workspace/Eimert/Salary-API/390400480/.m2/org/reflections/reflections/0.9.11/reflections-0.9.11.jar:/root/./workspace/Eimert/Salary-API/390400480/.m2/io/springfox/springfox-swagger2/2.8.0/springfox-swagger2-2.8.0.jar:/root/./workspace/Eimert/Salary-API/390400480/.m2/io/swagger/swagger-annotations/1.5.14/swagger-annotations-1.5.14.jar:/root/./workspace/Eimert/Salary-API/390400480/.m2/io/swagger/swagger-models/1.5.14/swagger-models-1.5.14.jar:/root/./workspace/Eimert/Salary-API/390400480/.m2/io/springfox/springfox-spi/2.8.0/springfox-spi-2.8.0.jar:/root/./workspace/Eimert/Salary-API/390400480/.m2/io/springfox/springfox-core/2.8.0/springfox-core-2.8.0.jar:/root/./workspace/Eimert/Salary-API/390400480/.m2/io/springfox/springfox-schema/2.8.0/springfox-schema-2.8.0.jar:/root/./workspace/Eimert/Salary-API/390400480/.m2/io/springfox/springfox-swagger-common/2.8.0/springfox-swagger-common-2.8.0.jar:/root/./workspace/Eimert/Salary-API/390400480/.m2/com/google/guava/guava/20.0/guava-20.0.jar:/root/./workspace/Eimert/Salary-API/390400480/.m2/com/fasterxml/classmate/1.3.4/classmate-1.3.4.jar:/root/./workspace/Eimert/Salary-API/390400480/.m2/org/springframework/plugin/spring-plugin-core/1.2.0.RELEASE/spring-plugin-core-1.2.0.RELEASE.jar:/root/./workspace/Eimert/Salary-API/390400480/.m2/org/springframework/plugin/spring-plugin-metadata/1.2.0.RELEASE/spring-plugin-metadata-1.2.0.RELEASE.jar:/root/./workspace/Eimert/Salary-API/390400480/.m2/org/mapstruct/mapstruct/1.2.0.Final/mapstruct-1.2.0.Final.jar:"/>
    <property name="sun.cpu.endian" value="little"/>
    <property name="user.home" value="/root"/>
    <property name="user.language" value="en"/>
    <property name="java.specification.vendor" value="Oracle Corporation"/>
    <property name="java.home" value="/usr/lib/jvm/java-8-openjdk-amd64/jre"/>
    <property name="basedir" value="/root/workspace/Eimert/Salary-API/390400480"/>
    <property name="file.separator" value="/"/>
    <property name="checkstyle.skip" value="true"/>
    <property name="line.separator" value="&#10;"/>
    <property name="skip.npm" value="true"/>
    <property name="java.vm.specification.vendor" value="Oracle Corporation"/>
    <property name="java.specification.name" value="Java Platform API Specification"/>
    <property name="java.awt.graphicsenv" value="sun.awt.X11GraphicsEnvironment"/>
    <property name="skipITs" value="true"/>
    <property name="surefire.real.class.path" value="/root/workspace/Eimert/Salary-API/390400480/target/surefire/surefirebooter5526767877610402535.jar"/>
    <property name="cobertura.skip" value="true"/>
    <property name="sun.boot.class.path" value="/usr/lib/jvm/java-8-openjdk-amd64/jre/lib/resources.jar:/usr/lib/jvm/java-8-openjdk-amd64/jre/lib/rt.jar:/usr/lib/jvm/java-8-openjdk-amd64/jre/lib/sunrsasign.jar:/usr/lib/jvm/java-8-openjdk-amd64/jre/lib/jsse.jar:/usr/lib/jvm/java-8-openjdk-amd64/jre/lib/jce.jar:/usr/lib/jvm/java-8-openjdk-amd64/jre/lib/charsets.jar:/usr/lib/jvm/java-8-openjdk-amd64/jre/lib/jfr.jar:/usr/lib/jvm/java-8-openjdk-amd64/jre/classes"/>
    <property name="sun.management.compiler" value="HotSpot 64-Bit Tiered Compilers"/>
    <property name="java.runtime.version" value="1.8.0_121-8u121-b13-1~bpo8+1-b13"/>
    <property name="user.name" value="root"/>
    <property name="findbugs.skip" value="true"/>
    <property name="path.separator" value=":"/>
    <property name="os.version" value="3.10.0-862.3.2.el7.x86_64"/>
    <property name="java.endorsed.dirs" value="/usr/lib/jvm/java-8-openjdk-amd64/jre/lib/endorsed"/>
    <property name="java.runtime.name" value="OpenJDK Runtime Environment"/>
    <property name="file.encoding" value="UTF-8"/>
    <property name="java.vm.name" value="OpenJDK 64-Bit Server VM"/>
    <property name="localRepository" value="/root/./workspace/Eimert/Salary-API/390400480/.m2"/>
    <property name="java.vendor.url.bug" value="http://bugreport.sun.com/bugreport/"/>
    <property name="java.io.tmpdir" value="/tmp"/>
    <property name="java.version" value="1.8.0_121"/>
    <property name="user.dir" value="/root/workspace/Eimert/Salary-API/390400480"/>
    <property name="os.arch" value="amd64"/>
    <property name="license.skip" value="true"/>
    <property name="java.vm.specification.name" value="Java Virtual Machine Specification"/>
    <property name="java.awt.printerjob" value="sun.print.PSPrinterJob"/>
    <property name="sun.os.patch.level" value="unknown"/>
    <property name="java.library.path" value="/usr/java/packages/lib/amd64:/usr/lib/x86_64-linux-gnu/jni:/lib/x86_64-linux-gnu:/usr/lib/x86_64-linux-gnu:/usr/lib/jni:/lib:/usr/lib"/>
    <property name="java.vm.info" value="mixed mode"/>
    <property name="java.vendor" value="Oracle Corporation"/>
    <property name="java.vm.version" value="25.121-b13"/>
    <property name="java.ext.dirs" value="/usr/lib/jvm/java-8-openjdk-amd64/jre/lib/ext:/usr/java/packages/lib/ext"/>
    <property name="sun.io.unicode.encoding" value="UnicodeLittle"/>
    <property name="maven.repo.local" value="/root/./workspace/Eimert/Salary-API/390400480/.m2"/>
    <property name="enforcer.skip" value="true"/>
    <property name="java.class.version" value="52.0"/>
  </properties>
  <testcase name="contextLoads" classname="nl.eimertvink.salaryapi.SalaryApiApplicationTests" time="0.006">
    <error message="Failed to load ApplicationContext" type="java.lang.IllegalStateException">java.lang.IllegalStateException: Failed to load ApplicationContext
Caused by: org.springframework.beans.factory.BeanDefinitionStoreException: Failed to parse configuration class [nl.eimertvink.SalaryApiApplication]; nested exception is java.io.FileNotFoundException: Could not open ServletContext resource [/application.properties]
Caused by: java.io.FileNotFoundException: Could not open ServletContext resource [/application.properties]
</error>
    <system-out><![CDATA[15:59:44.552 [main] DEBUG org.springframework.test.context.junit4.SpringJUnit4ClassRunner - SpringJUnit4ClassRunner constructor called with [class nl.eimertvink.salaryapi.SalaryApiApplicationTests]
15:59:44.560 [main] DEBUG org.springframework.test.context.BootstrapUtils - Instantiating CacheAwareContextLoaderDelegate from class [org.springframework.test.context.cache.DefaultCacheAwareContextLoaderDelegate]
15:59:44.569 [main] DEBUG org.springframework.test.context.BootstrapUtils - Instantiating BootstrapContext using constructor [public org.springframework.test.context.support.DefaultBootstrapContext(java.lang.Class,org.springframework.test.context.CacheAwareContextLoaderDelegate)]
15:59:44.592 [main] DEBUG org.springframework.test.context.BootstrapUtils - Instantiating TestContextBootstrapper for test class [nl.eimertvink.salaryapi.SalaryApiApplicationTests] from class [org.springframework.boot.test.context.SpringBootTestContextBootstrapper]
15:59:44.607 [main] INFO org.springframework.boot.test.context.SpringBootTestContextBootstrapper - Neither @ContextConfiguration nor @ContextHierarchy found for test class [nl.eimertvink.salaryapi.SalaryApiApplicationTests], using SpringBootContextLoader
15:59:44.611 [main] DEBUG org.springframework.test.context.support.AbstractContextLoader - Did not detect default resource location for test class [nl.eimertvink.salaryapi.SalaryApiApplicationTests]: class path resource [nl/eimertvink/salaryapi/SalaryApiApplicationTests-context.xml] does not exist
15:59:44.612 [main] DEBUG org.springframework.test.context.support.AbstractContextLoader - Did not detect default resource location for test class [nl.eimertvink.salaryapi.SalaryApiApplicationTests]: class path resource [nl/eimertvink/salaryapi/SalaryApiApplicationTestsContext.groovy] does not exist
15:59:44.612 [main] INFO org.springframework.test.context.support.AbstractContextLoader - Could not detect default resource locations for test class [nl.eimertvink.salaryapi.SalaryApiApplicationTests]: no resource found for suffixes {-context.xml, Context.groovy}.
15:59:44.613 [main] INFO org.springframework.test.context.support.AnnotationConfigContextLoaderUtils - Could not detect default configuration classes for test class [nl.eimertvink.salaryapi.SalaryApiApplicationTests]: SalaryApiApplicationTests does not declare any static, non-private, non-final, nested classes annotated with @Configuration.
15:59:44.658 [main] DEBUG org.springframework.test.context.support.ActiveProfilesUtils - Could not find an 'annotation declaring class' for annotation type [org.springframework.test.context.ActiveProfiles] and class [nl.eimertvink.salaryapi.SalaryApiApplicationTests]
15:59:44.669 [main] DEBUG org.springframework.core.env.StandardEnvironment - Adding PropertySource 'systemProperties' with lowest search precedence
15:59:44.669 [main] DEBUG org.springframework.core.env.StandardEnvironment - Adding PropertySource 'systemEnvironment' with lowest search precedence
15:59:44.670 [main] DEBUG org.springframework.core.env.StandardEnvironment - Initialized StandardEnvironment with PropertySources [MapPropertySource@867398280 {name='systemProperties', properties={java.runtime.name=OpenJDK Runtime Environment, sun.boot.library.path=/usr/lib/jvm/java-8-openjdk-amd64/jre/lib/amd64, java.vm.version=25.121-b13, java.vm.vendor=Oracle Corporation, java.vendor.url=http://java.oracle.com/, skip.gulp=true, path.separator=:, java.vm.name=OpenJDK 64-Bit Server VM, file.encoding.pkg=sun.io, findbugs.skip=true, sun.java.launcher=SUN_STANDARD, sun.os.patch.level=unknown, java.vm.specification.name=Java Virtual Machine Specification, user.dir=/root/workspace/Eimert/Salary-API/390400480, checkstyle.skip=true, java.runtime.version=1.8.0_121-8u121-b13-1~bpo8+1-b13, skip.npm=true, basedir=/root/workspace/Eimert/Salary-API/390400480, java.awt.graphicsenv=sun.awt.X11GraphicsEnvironment, java.endorsed.dirs=/usr/lib/jvm/java-8-openjdk-amd64/jre/lib/endorsed, os.arch=amd64, surefire.real.class.path=/root/workspace/Eimert/Salary-API/390400480/target/surefire/surefirebooter5526767877610402535.jar, gpg.skip=true, java.io.tmpdir=/tmp, line.separator=
, cobertura.skip=true, java.vm.specification.vendor=Oracle Corporation, os.name=Linux, sun.jnu.encoding=UTF-8, license.skip=true, java.library.path=/usr/java/packages/lib/amd64:/usr/lib/x86_64-linux-gnu/jni:/lib/x86_64-linux-gnu:/usr/lib/x86_64-linux-gnu:/usr/lib/jni:/lib:/usr/lib, surefire.test.class.path=/root/workspace/Eimert/Salary-API/390400480/target/test-classes:/root/workspace/Eimert/Salary-API/390400480/target/classes:/root/./workspace/Eimert/Salary-API/390400480/.m2/org/springframework/boot/spring-boot-starter-web/2.0.2.RELEASE/spring-boot-starter-web-2.0.2.RELEASE.jar:/root/./workspace/Eimert/Salary-API/390400480/.m2/org/springframework/boot/spring-boot-starter/2.0.2.RELEASE/spring-boot-starter-2.0.2.RELEASE.jar:/root/./workspace/Eimert/Salary-API/390400480/.m2/org/springframework/boot/spring-boot/2.0.2.RELEASE/spring-boot-2.0.2.RELEASE.jar:/root/./workspace/Eimert/Salary-API/390400480/.m2/org/springframework/boot/spring-boot-autoconfigure/2.0.2.RELEASE/spring-boot-autoconfigure-2.0.2.RELEASE.jar:/root/./workspace/Eimert/Salary-API/390400480/.m2/org/springframework/boot/spring-boot-starter-logging/2.0.2.RELEASE/spring-boot-starter-logging-2.0.2.RELEASE.jar:/root/./workspace/Eimert/Salary-API/390400480/.m2/ch/qos/logback/logback-classic/1.2.3/logback-classic-1.2.3.jar:/root/./workspace/Eimert/Salary-API/390400480/.m2/ch/qos/logback/logback-core/1.2.3/logback-core-1.2.3.jar:/root/./workspace/Eimert/Salary-API/390400480/.m2/org/apache/logging/log4j/log4j-to-slf4j/2.10.0/log4j-to-slf4j-2.10.0.jar:/root/./workspace/Eimert/Salary-API/390400480/.m2/org/apache/logging/log4j/log4j-api/2.10.0/log4j-api-2.10.0.jar:/root/./workspace/Eimert/Salary-API/390400480/.m2/org/slf4j/jul-to-slf4j/1.7.25/jul-to-slf4j-1.7.25.jar:/root/./workspace/Eimert/Salary-API/390400480/.m2/javax/annotation/javax.annotation-api/1.3.2/javax.annotation-api-1.3.2.jar:/root/./workspace/Eimert/Salary-API/390400480/.m2/org/yaml/snakeyaml/1.19/snakeyaml-1.19.jar:/root/./workspace/Eimert/Salary-API/390400480/.m2/org/springframework/boot/spring-boot-starter-json/2.0.2.RELEASE/spring-boot-starter-json-2.0.2.RELEASE.jar:/root/./workspace/Eimert/Salary-API/390400480/.m2/com/fasterxml/jackson/core/jackson-databind/2.9.5/jackson-databind-2.9.5.jar:/root/./workspace/Eimert/Salary-API/390400480/.m2/com/fasterxml/jackson/core/jackson-core/2.9.5/jackson-core-2.9.5.jar:/root/./workspace/Eimert/Salary-API/390400480/.m2/com/fasterxml/jackson/datatype/jackson-datatype-jdk8/2.9.5/jackson-datatype-jdk8-2.9.5.jar:/root/./workspace/Eimert/Salary-API/390400480/.m2/com/fasterxml/jackson/datatype/jackson-datatype-jsr310/2.9.5/jackson-datatype-jsr310-2.9.5.jar:/root/./workspace/Eimert/Salary-API/390400480/.m2/com/fasterxml/jackson/module/jackson-module-parameter-names/2.9.5/jackson-module-parameter-names-2.9.5.jar:/root/./workspace/Eimert/Salary-API/390400480/.m2/org/springframework/boot/spring-boot-starter-tomcat/2.0.2.RELEASE/spring-boot-starter-tomcat-2.0.2.RELEASE.jar:/root/./workspace/Eimert/Salary-API/390400480/.m2/org/apache/tomcat/embed/tomcat-embed-core/8.5.31/tomcat-embed-core-8.5.31.jar:/root/./workspace/Eimert/Salary-API/390400480/.m2/org/apache/tomcat/embed/tomcat-embed-el/8.5.31/tomcat-embed-el-8.5.31.jar:/root/./workspace/Eimert/Salary-API/390400480/.m2/org/apache/tomcat/embed/tomcat-embed-websocket/8.5.31/tomcat-embed-websocket-8.5.31.jar:/root/./workspace/Eimert/Salary-API/390400480/.m2/org/hibernate/validator/hibernate-validator/6.0.9.Final/hibernate-validator-6.0.9.Final.jar:/root/./workspace/Eimert/Salary-API/390400480/.m2/javax/validation/validation-api/2.0.1.Final/validation-api-2.0.1.Final.jar:/root/./workspace/Eimert/Salary-API/390400480/.m2/org/springframework/spring-web/5.0.6.RELEASE/spring-web-5.0.6.RELEASE.jar:/root/./workspace/Eimert/Salary-API/390400480/.m2/org/springframework/spring-webmvc/5.0.6.RELEASE/spring-webmvc-5.0.6.RELEASE.jar:/root/./workspace/Eimert/Salary-API/390400480/.m2/org/springframework/boot/spring-boot-starter-data-jpa/2.0.2.RELEASE/spring-boot-starter-data-jpa-2.0.2.RELEASE.jar:/root/./workspace/Eimert/Salary-API/390400480/.m2/org/springframework/boot/spring-boot-starter-aop/2.0.2.RELEASE/spring-boot-starter-aop-2.0.2.RELEASE.jar:/root/./workspace/Eimert/Salary-API/390400480/.m2/org/aspectj/aspectjweaver/1.8.13/aspectjweaver-1.8.13.jar:/root/./workspace/Eimert/Salary-API/390400480/.m2/org/hibernate/hibernate-core/5.1.0.Final/hibernate-core-5.1.0.Final.jar:/root/./workspace/Eimert/Salary-API/390400480/.m2/antlr/antlr/2.7.7/antlr-2.7.7.jar:/root/./workspace/Eimert/Salary-API/390400480/.m2/org/jboss/jandex/2.0.0.Final/jandex-2.0.0.Final.jar:/root/./workspace/Eimert/Salary-API/390400480/.m2/javax/transaction/javax.transaction-api/1.2/javax.transaction-api-1.2.jar:/root/./workspace/Eimert/Salary-API/390400480/.m2/org/springframework/data/spring-data-jpa/2.0.7.RELEASE/spring-data-jpa-2.0.7.RELEASE.jar:/root/./workspace/Eimert/Salary-API/390400480/.m2/org/springframework/data/spring-data-commons/2.0.7.RELEASE/spring-data-commons-2.0.7.RELEASE.jar:/root/./workspace/Eimert/Salary-API/390400480/.m2/org/springframework/spring-orm/5.0.6.RELEASE/spring-orm-5.0.6.RELEASE.jar:/root/./workspace/Eimert/Salary-API/390400480/.m2/org/springframework/spring-tx/5.0.6.RELEASE/spring-tx-5.0.6.RELEASE.jar:/root/./workspace/Eimert/Salary-API/390400480/.m2/org/springframework/spring-aspects/5.0.6.RELEASE/spring-aspects-5.0.6.RELEASE.jar:/root/./workspace/Eimert/Salary-API/390400480/.m2/org/hibernate/hibernate-entitymanager/5.1.0.Final/hibernate-entitymanager-5.1.0.Final.jar:/root/./workspace/Eimert/Salary-API/390400480/.m2/org/jboss/logging/jboss-logging/3.3.2.Final/jboss-logging-3.3.2.Final.jar:/root/./workspace/Eimert/Salary-API/390400480/.m2/dom4j/dom4j/1.6.1/dom4j-1.6.1.jar:/root/./workspace/Eimert/Salary-API/390400480/.m2/org/hibernate/common/hibernate-commons-annotations/5.0.1.Final/hibernate-commons-annotations-5.0.1.Final.jar:/root/./workspace/Eimert/Salary-API/390400480/.m2/org/hibernate/javax/persistence/hibernate-jpa-2.1-api/1.0.0.Final/hibernate-jpa-2.1-api-1.0.0.Final.jar:/root/./workspace/Eimert/Salary-API/390400480/.m2/org/javassist/javassist/3.20.0-GA/javassist-3.20.0-GA.jar:/root/./workspace/Eimert/Salary-API/390400480/.m2/org/apache/geronimo/specs/geronimo-jta_1.1_spec/1.1.1/geronimo-jta_1.1_spec-1.1.1.jar:/root/./workspace/Eimert/Salary-API/390400480/.m2/org/springframework/boot/spring-boot-starter-test/2.0.2.RELEASE/spring-boot-starter-test-2.0.2.RELEASE.jar:/root/./workspace/Eimert/Salary-API/390400480/.m2/org/springframework/boot/spring-boot-test/2.0.2.RELEASE/spring-boot-test-2.0.2.RELEASE.jar:/root/./workspace/Eimert/Salary-API/390400480/.m2/org/springframework/boot/spring-boot-test-autoconfigure/2.0.2.RELEASE/spring-boot-test-autoconfigure-2.0.2.RELEASE.jar:/root/./workspace/Eimert/Salary-API/390400480/.m2/junit/junit/4.12/junit-4.12.jar:/root/./workspace/Eimert/Salary-API/390400480/.m2/org/assertj/assertj-core/3.9.1/assertj-core-3.9.1.jar:/root/./workspace/Eimert/Salary-API/390400480/.m2/org/mockito/mockito-core/2.15.0/mockito-core-2.15.0.jar:/root/./workspace/Eimert/Salary-API/390400480/.m2/net/bytebuddy/byte-buddy/1.7.11/byte-buddy-1.7.11.jar:/root/./workspace/Eimert/Salary-API/390400480/.m2/net/bytebuddy/byte-buddy-agent/1.7.11/byte-buddy-agent-1.7.11.jar:/root/./workspace/Eimert/Salary-API/390400480/.m2/org/objenesis/objenesis/2.6/objenesis-2.6.jar:/root/./workspace/Eimert/Salary-API/390400480/.m2/org/hamcrest/hamcrest-core/1.3/hamcrest-core-1.3.jar:/root/./workspace/Eimert/Salary-API/390400480/.m2/org/hamcrest/hamcrest-library/1.3/hamcrest-library-1.3.jar:/root/./workspace/Eimert/Salary-API/390400480/.m2/org/skyscreamer/jsonassert/1.5.0/jsonassert-1.5.0.jar:/root/./workspace/Eimert/Salary-API/390400480/.m2/com/vaadin/external/google/android-json/0.0.20131108.vaadin1/android-json-0.0.20131108.vaadin1.jar:/root/./workspace/Eimert/Salary-API/390400480/.m2/org/springframework/spring-core/5.0.6.RELEASE/spring-core-5.0.6.RELEASE.jar:/root/./workspace/Eimert/Salary-API/390400480/.m2/org/springframework/spring-jcl/5.0.6.RELEASE/spring-jcl-5.0.6.RELEASE.jar:/root/./workspace/Eimert/Salary-API/390400480/.m2/org/springframework/spring-test/5.0.6.RELEASE/spring-test-5.0.6.RELEASE.jar:/root/./workspace/Eimert/Salary-API/390400480/.m2/org/xmlunit/xmlunit-core/2.5.1/xmlunit-core-2.5.1.jar:/root/./workspace/Eimert/Salary-API/390400480/.m2/org/springframework/boot/spring-boot-starter-data-rest/2.0.2.RELEASE/spring-boot-starter-data-rest-2.0.2.RELEASE.jar:/root/./workspace/Eimert/Salary-API/390400480/.m2/org/springframework/data/spring-data-rest-webmvc/3.0.7.RELEASE/spring-data-rest-webmvc-3.0.7.RELEASE.jar:/root/./workspace/Eimert/Salary-API/390400480/.m2/org/springframework/data/spring-data-rest-core/3.0.7.RELEASE/spring-data-rest-core-3.0.7.RELEASE.jar:/root/./workspace/Eimert/Salary-API/390400480/.m2/org/springframework/hateoas/spring-hateoas/0.24.0.RELEASE/spring-hateoas-0.24.0.RELEASE.jar:/root/./workspace/Eimert/Salary-API/390400480/.m2/org/atteo/evo-inflector/1.2.2/evo-inflector-1.2.2.jar:/root/./workspace/Eimert/Salary-API/390400480/.m2/com/fasterxml/jackson/core/jackson-annotations/2.9.0/jackson-annotations-2.9.0.jar:/root/./workspace/Eimert/Salary-API/390400480/.m2/org/springframework/boot/spring-boot-starter-jdbc/2.0.2.RELEASE/spring-boot-starter-jdbc-2.0.2.RELEASE.jar:/root/./workspace/Eimert/Salary-API/390400480/.m2/com/zaxxer/HikariCP/2.7.9/HikariCP-2.7.9.jar:/root/./workspace/Eimert/Salary-API/390400480/.m2/org/springframework/spring-jdbc/5.0.6.RELEASE/spring-jdbc-5.0.6.RELEASE.jar:/root/./workspace/Eimert/Salary-API/390400480/.m2/org/xerial/sqlite-jdbc/3.21.0.1/sqlite-jdbc-3.21.0.1.jar:/root/./workspace/Eimert/Salary-API/390400480/.m2/com/github/gwenn/sqlite-dialect/e78dddef18/sqlite-dialect-e78dddef18.jar:/root/./workspace/Eimert/Salary-API/390400480/.m2/org/springframework/spring-context/5.0.6.RELEASE/spring-context-5.0.6.RELEASE.jar:/root/./workspace/Eimert/Salary-API/390400480/.m2/org/springframework/spring-aop/5.0.6.RELEASE/spring-aop-5.0.6.RELEASE.jar:/root/./workspace/Eimert/Salary-API/390400480/.m2/org/springframework/spring-beans/5.0.6.RELEASE/spring-beans-5.0.6.RELEASE.jar:/root/./workspace/Eimert/Salary-API/390400480/.m2/org/springframework/spring-expression/5.0.6.RELEASE/spring-expression-5.0.6.RELEASE.jar:/root/./workspace/Eimert/Salary-API/390400480/.m2/com/jayway/jsonpath/json-path/2.4.0/json-path-2.4.0.jar:/root/./workspace/Eimert/Salary-API/390400480/.m2/net/minidev/json-smart/2.3/json-smart-2.3.jar:/root/./workspace/Eimert/Salary-API/390400480/.m2/net/minidev/accessors-smart/1.2/accessors-smart-1.2.jar:/root/./workspace/Eimert/Salary-API/390400480/.m2/org/ow2/asm/asm/5.0.4/asm-5.0.4.jar:/root/./workspace/Eimert/Salary-API/390400480/.m2/org/slf4j/slf4j-api/1.7.25/slf4j-api-1.7.25.jar:/root/./workspace/Eimert/Salary-API/390400480/.m2/io/springfox/springfox-swagger-ui/2.8.0/springfox-swagger-ui-2.8.0.jar:/root/./workspace/Eimert/Salary-API/390400480/.m2/io/springfox/springfox-spring-web/2.8.0/springfox-spring-web-2.8.0.jar:/root/./workspace/Eimert/Salary-API/390400480/.m2/org/reflections/reflections/0.9.11/reflections-0.9.11.jar:/root/./workspace/Eimert/Salary-API/390400480/.m2/io/springfox/springfox-swagger2/2.8.0/springfox-swagger2-2.8.0.jar:/root/./workspace/Eimert/Salary-API/390400480/.m2/io/swagger/swagger-annotations/1.5.14/swagger-annotations-1.5.14.jar:/root/./workspace/Eimert/Salary-API/390400480/.m2/io/swagger/swagger-models/1.5.14/swagger-models-1.5.14.jar:/root/./workspace/Eimert/Salary-API/390400480/.m2/io/springfox/springfox-spi/2.8.0/springfox-spi-2.8.0.jar:/root/./workspace/Eimert/Salary-API/390400480/.m2/io/springfox/springfox-core/2.8.0/springfox-core-2.8.0.jar:/root/./workspace/Eimert/Salary-API/390400480/.m2/io/springfox/springfox-schema/2.8.0/springfox-schema-2.8.0.jar:/root/./workspace/Eimert/Salary-API/390400480/.m2/io/springfox/springfox-swagger-common/2.8.0/springfox-swagger-common-2.8.0.jar:/root/./workspace/Eimert/Salary-API/390400480/.m2/com/google/guava/guava/20.0/guava-20.0.jar:/root/./workspace/Eimert/Salary-API/390400480/.m2/com/fasterxml/classmate/1.3.4/classmate-1.3.4.jar:/root/./workspace/Eimert/Salary-API/390400480/.m2/org/springframework/plugin/spring-plugin-core/1.2.0.RELEASE/spring-plugin-core-1.2.0.RELEASE.jar:/root/./workspace/Eimert/Salary-API/390400480/.m2/org/springframework/plugin/spring-plugin-metadata/1.2.0.RELEASE/spring-plugin-metadata-1.2.0.RELEASE.jar:/root/./workspace/Eimert/Salary-API/390400480/.m2/org/mapstruct/mapstruct/1.2.0.Final/mapstruct-1.2.0.Final.jar:, java.specification.name=Java Platform API Specification, java.class.version=52.0, skip.bower=true, sun.management.compiler=HotSpot 64-Bit Tiered Compilers, maven.repo.local=/root/./workspace/Eimert/Salary-API/390400480/.m2, os.version=3.10.0-862.3.2.el7.x86_64, user.home=/root, user.timezone=Europe/Paris, java.awt.printerjob=sun.print.PSPrinterJob, file.encoding=UTF-8, java.specification.version=1.8, java.class.path=/root/workspace/Eimert/Salary-API/390400480/target/test-classes:/root/workspace/Eimert/Salary-API/390400480/target/classes:/root/./workspace/Eimert/Salary-API/390400480/.m2/org/springframework/boot/spring-boot-starter-web/2.0.2.RELEASE/spring-boot-starter-web-2.0.2.RELEASE.jar:/root/./workspace/Eimert/Salary-API/390400480/.m2/org/springframework/boot/spring-boot-starter/2.0.2.RELEASE/spring-boot-starter-2.0.2.RELEASE.jar:/root/./workspace/Eimert/Salary-API/390400480/.m2/org/springframework/boot/spring-boot/2.0.2.RELEASE/spring-boot-2.0.2.RELEASE.jar:/root/./workspace/Eimert/Salary-API/390400480/.m2/org/springframework/boot/spring-boot-autoconfigure/2.0.2.RELEASE/spring-boot-autoconfigure-2.0.2.RELEASE.jar:/root/./workspace/Eimert/Salary-API/390400480/.m2/org/springframework/boot/spring-boot-starter-logging/2.0.2.RELEASE/spring-boot-starter-logging-2.0.2.RELEASE.jar:/root/./workspace/Eimert/Salary-API/390400480/.m2/ch/qos/logback/logback-classic/1.2.3/logback-classic-1.2.3.jar:/root/./workspace/Eimert/Salary-API/390400480/.m2/ch/qos/logback/logback-core/1.2.3/logback-core-1.2.3.jar:/root/./workspace/Eimert/Salary-API/390400480/.m2/org/apache/logging/log4j/log4j-to-slf4j/2.10.0/log4j-to-slf4j-2.10.0.jar:/root/./workspace/Eimert/Salary-API/390400480/.m2/org/apache/logging/log4j/log4j-api/2.10.0/log4j-api-2.10.0.jar:/root/./workspace/Eimert/Salary-API/390400480/.m2/org/slf4j/jul-to-slf4j/1.7.25/jul-to-slf4j-1.7.25.jar:/root/./workspace/Eimert/Salary-API/390400480/.m2/javax/annotation/javax.annotation-api/1.3.2/javax.annotation-api-1.3.2.jar:/root/./workspace/Eimert/Salary-API/390400480/.m2/org/yaml/snakeyaml/1.19/snakeyaml-1.19.jar:/root/./workspace/Eimert/Salary-API/390400480/.m2/org/springframework/boot/spring-boot-starter-json/2.0.2.RELEASE/spring-boot-starter-json-2.0.2.RELEASE.jar:/root/./workspace/Eimert/Salary-API/390400480/.m2/com/fasterxml/jackson/core/jackson-databind/2.9.5/jackson-databind-2.9.5.jar:/root/./workspace/Eimert/Salary-API/390400480/.m2/com/fasterxml/jackson/core/jackson-core/2.9.5/jackson-core-2.9.5.jar:/root/./workspace/Eimert/Salary-API/390400480/.m2/com/fasterxml/jackson/datatype/jackson-datatype-jdk8/2.9.5/jackson-datatype-jdk8-2.9.5.jar:/root/./workspace/Eimert/Salary-API/390400480/.m2/com/fasterxml/jackson/datatype/jackson-datatype-jsr310/2.9.5/jackson-datatype-jsr310-2.9.5.jar:/root/./workspace/Eimert/Salary-API/390400480/.m2/com/fasterxml/jackson/module/jackson-module-parameter-names/2.9.5/jackson-module-parameter-names-2.9.5.jar:/root/./workspace/Eimert/Salary-API/390400480/.m2/org/springframework/boot/spring-boot-starter-tomcat/2.0.2.RELEASE/spring-boot-starter-tomcat-2.0.2.RELEASE.jar:/root/./workspace/Eimert/Salary-API/390400480/.m2/org/apache/tomcat/embed/tomcat-embed-core/8.5.31/tomcat-embed-core-8.5.31.jar:/root/./workspace/Eimert/Salary-API/390400480/.m2/org/apache/tomcat/embed/tomcat-embed-el/8.5.31/tomcat-embed-el-8.5.31.jar:/root/./workspace/Eimert/Salary-API/390400480/.m2/org/apache/tomcat/embed/tomcat-embed-websocket/8.5.31/tomcat-embed-websocket-8.5.31.jar:/root/./workspace/Eimert/Salary-API/390400480/.m2/org/hibernate/validator/hibernate-validator/6.0.9.Final/hibernate-validator-6.0.9.Final.jar:/root/./workspace/Eimert/Salary-API/390400480/.m2/javax/validation/validation-api/2.0.1.Final/validation-api-2.0.1.Final.jar:/root/./workspace/Eimert/Salary-API/390400480/.m2/org/springframework/spring-web/5.0.6.RELEASE/spring-web-5.0.6.RELEASE.jar:/root/./workspace/Eimert/Salary-API/390400480/.m2/org/springframework/spring-webmvc/5.0.6.RELEASE/spring-webmvc-5.0.6.RELEASE.jar:/root/./workspace/Eimert/Salary-API/390400480/.m2/org/springframework/boot/spring-boot-starter-data-jpa/2.0.2.RELEASE/spring-boot-starter-data-jpa-2.0.2.RELEASE.jar:/root/./workspace/Eimert/Salary-API/390400480/.m2/org/springframework/boot/spring-boot-starter-aop/2.0.2.RELEASE/spring-boot-starter-aop-2.0.2.RELEASE.jar:/root/./workspace/Eimert/Salary-API/390400480/.m2/org/aspectj/aspectjweaver/1.8.13/aspectjweaver-1.8.13.jar:/root/./workspace/Eimert/Salary-API/390400480/.m2/org/hibernate/hibernate-core/5.1.0.Final/hibernate-core-5.1.0.Final.jar:/root/./workspace/Eimert/Salary-API/390400480/.m2/antlr/antlr/2.7.7/antlr-2.7.7.jar:/root/./workspace/Eimert/Salary-API/390400480/.m2/org/jboss/jandex/2.0.0.Final/jandex-2.0.0.Final.jar:/root/./workspace/Eimert/Salary-API/390400480/.m2/javax/transaction/javax.transaction-api/1.2/javax.transaction-api-1.2.jar:/root/./workspace/Eimert/Salary-API/390400480/.m2/org/springframework/data/spring-data-jpa/2.0.7.RELEASE/spring-data-jpa-2.0.7.RELEASE.jar:/root/./workspace/Eimert/Salary-API/390400480/.m2/org/springframework/data/spring-data-commons/2.0.7.RELEASE/spring-data-commons-2.0.7.RELEASE.jar:/root/./workspace/Eimert/Salary-API/390400480/.m2/org/springframework/spring-orm/5.0.6.RELEASE/spring-orm-5.0.6.RELEASE.jar:/root/./workspace/Eimert/Salary-API/390400480/.m2/org/springframework/spring-tx/5.0.6.RELEASE/spring-tx-5.0.6.RELEASE.jar:/root/./workspace/Eimert/Salary-API/390400480/.m2/org/springframework/spring-aspects/5.0.6.RELEASE/spring-aspects-5.0.6.RELEASE.jar:/root/./workspace/Eimert/Salary-API/390400480/.m2/org/hibernate/hibernate-entitymanager/5.1.0.Final/hibernate-entitymanager-5.1.0.Final.jar:/root/./workspace/Eimert/Salary-API/390400480/.m2/org/jboss/logging/jboss-logging/3.3.2.Final/jboss-logging-3.3.2.Final.jar:/root/./workspace/Eimert/Salary-API/390400480/.m2/dom4j/dom4j/1.6.1/dom4j-1.6.1.jar:/root/./workspace/Eimert/Salary-API/390400480/.m2/org/hibernate/common/hibernate-commons-annotations/5.0.1.Final/hibernate-commons-annotations-5.0.1.Final.jar:/root/./workspace/Eimert/Salary-API/390400480/.m2/org/hibernate/javax/persistence/hibernate-jpa-2.1-api/1.0.0.Final/hibernate-jpa-2.1-api-1.0.0.Final.jar:/root/./workspace/Eimert/Salary-API/390400480/.m2/org/javassist/javassist/3.20.0-GA/javassist-3.20.0-GA.jar:/root/./workspace/Eimert/Salary-API/390400480/.m2/org/apache/geronimo/specs/geronimo-jta_1.1_spec/1.1.1/geronimo-jta_1.1_spec-1.1.1.jar:/root/./workspace/Eimert/Salary-API/390400480/.m2/org/springframework/boot/spring-boot-starter-test/2.0.2.RELEASE/spring-boot-starter-test-2.0.2.RELEASE.jar:/root/./workspace/Eimert/Salary-API/390400480/.m2/org/springframework/boot/spring-boot-test/2.0.2.RELEASE/spring-boot-test-2.0.2.RELEASE.jar:/root/./workspace/Eimert/Salary-API/390400480/.m2/org/springframework/boot/spring-boot-test-autoconfigure/2.0.2.RELEASE/spring-boot-test-autoconfigure-2.0.2.RELEASE.jar:/root/./workspace/Eimert/Salary-API/390400480/.m2/junit/junit/4.12/junit-4.12.jar:/root/./workspace/Eimert/Salary-API/390400480/.m2/org/assertj/assertj-core/3.9.1/assertj-core-3.9.1.jar:/root/./workspace/Eimert/Salary-API/390400480/.m2/org/mockito/mockito-core/2.15.0/mockito-core-2.15.0.jar:/root/./workspace/Eimert/Salary-API/390400480/.m2/net/bytebuddy/byte-buddy/1.7.11/byte-buddy-1.7.11.jar:/root/./workspace/Eimert/Salary-API/390400480/.m2/net/bytebuddy/byte-buddy-agent/1.7.11/byte-buddy-agent-1.7.11.jar:/root/./workspace/Eimert/Salary-API/390400480/.m2/org/objenesis/objenesis/2.6/objenesis-2.6.jar:/root/./workspace/Eimert/Salary-API/390400480/.m2/org/hamcrest/hamcrest-core/1.3/hamcrest-core-1.3.jar:/root/./workspace/Eimert/Salary-API/390400480/.m2/org/hamcrest/hamcrest-library/1.3/hamcrest-library-1.3.jar:/root/./workspace/Eimert/Salary-API/390400480/.m2/org/skyscreamer/jsonassert/1.5.0/jsonassert-1.5.0.jar:/root/./workspace/Eimert/Salary-API/390400480/.m2/com/vaadin/external/google/android-json/0.0.20131108.vaadin1/android-json-0.0.20131108.vaadin1.jar:/root/./workspace/Eimert/Salary-API/390400480/.m2/org/springframework/spring-core/5.0.6.RELEASE/spring-core-5.0.6.RELEASE.jar:/root/./workspace/Eimert/Salary-API/390400480/.m2/org/springframework/spring-jcl/5.0.6.RELEASE/spring-jcl-5.0.6.RELEASE.jar:/root/./workspace/Eimert/Salary-API/390400480/.m2/org/springframework/spring-test/5.0.6.RELEASE/spring-test-5.0.6.RELEASE.jar:/root/./workspace/Eimert/Salary-API/390400480/.m2/org/xmlunit/xmlunit-core/2.5.1/xmlunit-core-2.5.1.jar:/root/./workspace/Eimert/Salary-API/390400480/.m2/org/springframework/boot/spring-boot-starter-data-rest/2.0.2.RELEASE/spring-boot-starter-data-rest-2.0.2.RELEASE.jar:/root/./workspace/Eimert/Salary-API/390400480/.m2/org/springframework/data/spring-data-rest-webmvc/3.0.7.RELEASE/spring-data-rest-webmvc-3.0.7.RELEASE.jar:/root/./workspace/Eimert/Salary-API/390400480/.m2/org/springframework/data/spring-data-rest-core/3.0.7.RELEASE/spring-data-rest-core-3.0.7.RELEASE.jar:/root/./workspace/Eimert/Salary-API/390400480/.m2/org/springframework/hateoas/spring-hateoas/0.24.0.RELEASE/spring-hateoas-0.24.0.RELEASE.jar:/root/./workspace/Eimert/Salary-API/390400480/.m2/org/atteo/evo-inflector/1.2.2/evo-inflector-1.2.2.jar:/root/./workspace/Eimert/Salary-API/390400480/.m2/com/fasterxml/jackson/core/jackson-annotations/2.9.0/jackson-annotations-2.9.0.jar:/root/./workspace/Eimert/Salary-API/390400480/.m2/org/springframework/boot/spring-boot-starter-jdbc/2.0.2.RELEASE/spring-boot-starter-jdbc-2.0.2.RELEASE.jar:/root/./workspace/Eimert/Salary-API/390400480/.m2/com/zaxxer/HikariCP/2.7.9/HikariCP-2.7.9.jar:/root/./workspace/Eimert/Salary-API/390400480/.m2/org/springframework/spring-jdbc/5.0.6.RELEASE/spring-jdbc-5.0.6.RELEASE.jar:/root/./workspace/Eimert/Salary-API/390400480/.m2/org/xerial/sqlite-jdbc/3.21.0.1/sqlite-jdbc-3.21.0.1.jar:/root/./workspace/Eimert/Salary-API/390400480/.m2/com/github/gwenn/sqlite-dialect/e78dddef18/sqlite-dialect-e78dddef18.jar:/root/./workspace/Eimert/Salary-API/390400480/.m2/org/springframework/spring-context/5.0.6.RELEASE/spring-context-5.0.6.RELEASE.jar:/root/./workspace/Eimert/Salary-API/390400480/.m2/org/springframework/spring-aop/5.0.6.RELEASE/spring-aop-5.0.6.RELEASE.jar:/root/./workspace/Eimert/Salary-API/390400480/.m2/org/springframework/spring-beans/5.0.6.RELEASE/spring-beans-5.0.6.RELEASE.jar:/root/./workspace/Eimert/Salary-API/390400480/.m2/org/springframework/spring-expression/5.0.6.RELEASE/spring-expression-5.0.6.RELEASE.jar:/root/./workspace/Eimert/Salary-API/390400480/.m2/com/jayway/jsonpath/json-path/2.4.0/json-path-2.4.0.jar:/root/./workspace/Eimert/Salary-API/390400480/.m2/net/minidev/json-smart/2.3/json-smart-2.3.jar:/root/./workspace/Eimert/Salary-API/390400480/.m2/net/minidev/accessors-smart/1.2/accessors-smart-1.2.jar:/root/./workspace/Eimert/Salary-API/390400480/.m2/org/ow2/asm/asm/5.0.4/asm-5.0.4.jar:/root/./workspace/Eimert/Salary-API/390400480/.m2/org/slf4j/slf4j-api/1.7.25/slf4j-api-1.7.25.jar:/root/./workspace/Eimert/Salary-API/390400480/.m2/io/springfox/springfox-swagger-ui/2.8.0/springfox-swagger-ui-2.8.0.jar:/root/./workspace/Eimert/Salary-API/390400480/.m2/io/springfox/springfox-spring-web/2.8.0/springfox-spring-web-2.8.0.jar:/root/./workspace/Eimert/Salary-API/390400480/.m2/org/reflections/reflections/0.9.11/reflections-0.9.11.jar:/root/./workspace/Eimert/Salary-API/390400480/.m2/io/springfox/springfox-swagger2/2.8.0/springfox-swagger2-2.8.0.jar:/root/./workspace/Eimert/Salary-API/390400480/.m2/io/swagger/swagger-annotations/1.5.14/swagger-annotations-1.5.14.jar:/root/./workspace/Eimert/Salary-API/390400480/.m2/io/swagger/swagger-models/1.5.14/swagger-models-1.5.14.jar:/root/./workspace/Eimert/Salary-API/390400480/.m2/io/springfox/springfox-spi/2.8.0/springfox-spi-2.8.0.jar:/root/./workspace/Eimert/Salary-API/390400480/.m2/io/springfox/springfox-core/2.8.0/springfox-core-2.8.0.jar:/root/./workspace/Eimert/Salary-API/390400480/.m2/io/springfox/springfox-schema/2.8.0/springfox-schema-2.8.0.jar:/root/./workspace/Eimert/Salary-API/390400480/.m2/io/springfox/springfox-swagger-common/2.8.0/springfox-swagger-common-2.8.0.jar:/root/./workspace/Eimert/Salary-API/390400480/.m2/com/google/guava/guava/20.0/guava-20.0.jar:/root/./workspace/Eimert/Salary-API/390400480/.m2/com/fasterxml/classmate/1.3.4/classmate-1.3.4.jar:/root/./workspace/Eimert/Salary-API/390400480/.m2/org/springframework/plugin/spring-plugin-core/1.2.0.RELEASE/spring-plugin-core-1.2.0.RELEASE.jar:/root/./workspace/Eimert/Salary-API/390400480/.m2/org/springframework/plugin/spring-plugin-metadata/1.2.0.RELEASE/spring-plugin-metadata-1.2.0.RELEASE.jar:/root/./workspace/Eimert/Salary-API/390400480/.m2/org/mapstruct/mapstruct/1.2.0.Final/mapstruct-1.2.0.Final.jar:, user.name=root, skipITs=true, java.vm.specification.version=1.8, sun.java.command=/root/workspace/Eimert/Salary-API/390400480/target/surefire/surefirebooter5526767877610402535.jar /root/workspace/Eimert/Salary-API/390400480/target/surefire 2018-06-10T15-59-42_778-jvmRun1 surefire7169932733575262996tmp surefire_02108678908269461919tmp, java.home=/usr/lib/jvm/java-8-openjdk-amd64/jre, sun.arch.data.model=64, user.language=en, java.specification.vendor=Oracle Corporation, dependency-check.skip=true, awt.toolkit=sun.awt.X11.XToolkit, java.vm.info=mixed mode, java.version=1.8.0_121, java.ext.dirs=/usr/lib/jvm/java-8-openjdk-amd64/jre/lib/ext:/usr/java/packages/lib/ext, sun.boot.class.path=/usr/lib/jvm/java-8-openjdk-amd64/jre/lib/resources.jar:/usr/lib/jvm/java-8-openjdk-amd64/jre/lib/rt.jar:/usr/lib/jvm/java-8-openjdk-amd64/jre/lib/sunrsasign.jar:/usr/lib/jvm/java-8-openjdk-amd64/jre/lib/jsse.jar:/usr/lib/jvm/java-8-openjdk-amd64/jre/lib/jce.jar:/usr/lib/jvm/java-8-openjdk-amd64/jre/lib/charsets.jar:/usr/lib/jvm/java-8-openjdk-amd64/jre/lib/jfr.jar:/usr/lib/jvm/java-8-openjdk-amd64/jre/classes, rat.skip=true, enforcer.skip=true, java.vendor=Oracle Corporation, localRepository=/root/./workspace/Eimert/Salary-API/390400480/.m2, file.separator=/, java.vendor.url.bug=http://bugreport.sun.com/bugreport/, sun.io.unicode.encoding=UnicodeLittle, sun.cpu.endian=little, sun.cpu.isalist=}}, SystemEnvironmentPropertySource@2007331442 {name='systemEnvironment', properties={PATH=/usr/local/sbin:/usr/local/bin:/usr/sbin:/usr/bin:/sbin:/bin, JAVA_HOME=/usr/lib/jvm/java-8-openjdk-amd64, NOTIFY_TO=, CA_CERTIFICATES_JAVA_VERSION=20161107~bpo8+1, MONGODB_HOST=, BUILD_ID=, LANG=C.UTF-8, MAVEN_HOME=/usr/share/maven, SMTP_SERVER=, MONGODB_NAME=, REPAIR_MODE=repair, PWD=/root/workspace/Eimert/Salary-API/390400480, JAVA_VERSION=8u121, GITHUB_OAUTH=, MAVEN_CMD_LINE_ARGS=/root/.m2 -B -D enforcer.skip=true -D dependency-check.skip=true -D skipITs=true -D cobertura.skip=true -D maven.repo.local=/root/./workspace/Eimert/Salary-API/390400480/.m2 -D rat.skip=true -D findbugs.skip=true -D skip.bower=true -D gpg.skip=true -D checkstyle.skip=true -D skip.gulp=true -D license.skip=true -D skip.npm=true test, _=/usr/bin/java, OUTPUT=, MAVEN_TERMINATE_CMD=on, MAVEN_CONFIG=/root/.m2, MAVEN_PROJECTBASEDIR=/root/workspace/Eimert/Salary-API/390400480, OLDPWD=/root/workspace/Eimert/Salary-API/390400480, LOG_FILENAME=repairnator-pipeline_2018-06-10_1557_390400480_5a77b685-d098-401d-b168-01e076b51223, RUN_ID=, HOSTNAME=cyclone1, JAVA_DEBIAN_VERSION=8u121-b13-1~bpo8+1, M2_HOME=/usr/share/maven, REPAIR_TOOLS=AssertFixer, HOME=/root, SHLVL=1, PUSH_URL=}}]
15:59:44.687 [main] DEBUG org.springframework.core.io.support.PathMatchingResourcePatternResolver - Resolved classpath location [nl/eimertvink/salaryapi/] to resources [URL [file:/root/workspace/Eimert/Salary-API/390400480/target/test-classes/nl/eimertvink/salaryapi/]]
15:59:44.687 [main] DEBUG org.springframework.core.io.support.PathMatchingResourcePatternResolver - Looking for matching resources in directory tree [/root/workspace/Eimert/Salary-API/390400480/target/test-classes/nl/eimertvink/salaryapi]
15:59:44.688 [main] DEBUG org.springframework.core.io.support.PathMatchingResourcePatternResolver - Searching directory [/root/workspace/Eimert/Salary-API/390400480/target/test-classes/nl/eimertvink/salaryapi] for files matching pattern [/root/workspace/Eimert/Salary-API/390400480/target/test-classes/nl/eimertvink/salaryapi/*.class]
15:59:44.691 [main] DEBUG org.springframework.core.io.support.PathMatchingResourcePatternResolver - Resolved location pattern [classpath*:nl/eimertvink/salaryapi/*.class] to resources [file [/root/workspace/Eimert/Salary-API/390400480/target/test-classes/nl/eimertvink/salaryapi/SalaryApiApplicationTests.class]]
15:59:44.716 [main] DEBUG org.springframework.core.io.support.PathMatchingResourcePatternResolver - Resolved classpath location [nl/eimertvink/] to resources [URL [file:/root/workspace/Eimert/Salary-API/390400480/target/test-classes/nl/eimertvink/], URL [file:/root/workspace/Eimert/Salary-API/390400480/target/classes/nl/eimertvink/]]
15:59:44.717 [main] DEBUG org.springframework.core.io.support.PathMatchingResourcePatternResolver - Looking for matching resources in directory tree [/root/workspace/Eimert/Salary-API/390400480/target/test-classes/nl/eimertvink]
15:59:44.717 [main] DEBUG org.springframework.core.io.support.PathMatchingResourcePatternResolver - Searching directory [/root/workspace/Eimert/Salary-API/390400480/target/test-classes/nl/eimertvink] for files matching pattern [/root/workspace/Eimert/Salary-API/390400480/target/test-classes/nl/eimertvink/*.class]
15:59:44.717 [main] DEBUG org.springframework.core.io.support.PathMatchingResourcePatternResolver - Looking for matching resources in directory tree [/root/workspace/Eimert/Salary-API/390400480/target/classes/nl/eimertvink]
15:59:44.718 [main] DEBUG org.springframework.core.io.support.PathMatchingResourcePatternResolver - Searching directory [/root/workspace/Eimert/Salary-API/390400480/target/classes/nl/eimertvink] for files matching pattern [/root/workspace/Eimert/Salary-API/390400480/target/classes/nl/eimertvink/*.class]
15:59:44.719 [main] DEBUG org.springframework.core.io.support.PathMatchingResourcePatternResolver - Resolved location pattern [classpath*:nl/eimertvink/*.class] to resources [file [/root/workspace/Eimert/Salary-API/390400480/target/classes/nl/eimertvink/SalaryApiApplication.class]]
15:59:44.754 [main] DEBUG org.springframework.context.annotation.ClassPathScanningCandidateComponentProvider - Identified candidate component class: file [/root/workspace/Eimert/Salary-API/390400480/target/classes/nl/eimertvink/SalaryApiApplication.class]
15:59:44.756 [main] INFO org.springframework.boot.test.context.SpringBootTestContextBootstrapper - Found @SpringBootConfiguration nl.eimertvink.SalaryApiApplication for test class nl.eimertvink.salaryapi.SalaryApiApplicationTests
15:59:44.914 [main] DEBUG org.springframework.boot.test.context.SpringBootTestContextBootstrapper - @TestExecutionListeners is not present for class [nl.eimertvink.salaryapi.SalaryApiApplicationTests]: using defaults.
15:59:44.914 [main] INFO org.springframework.boot.test.context.SpringBootTestContextBootstrapper - Loaded default TestExecutionListener class names from location [META-INF/spring.factories]: [org.springframework.boot.test.mock.mockito.MockitoTestExecutionListener, org.springframework.boot.test.mock.mockito.ResetMocksTestExecutionListener, org.springframework.boot.test.autoconfigure.restdocs.RestDocsTestExecutionListener, org.springframework.boot.test.autoconfigure.web.client.MockRestServiceServerResetTestExecutionListener, org.springframework.boot.test.autoconfigure.web.servlet.MockMvcPrintOnlyOnFailureTestExecutionListener, org.springframework.boot.test.autoconfigure.web.servlet.WebDriverTestExecutionListener, org.springframework.test.context.web.ServletTestExecutionListener, org.springframework.test.context.support.DirtiesContextBeforeModesTestExecutionListener, org.springframework.test.context.support.DependencyInjectionTestExecutionListener, org.springframework.test.context.support.DirtiesContextTestExecutionListener, org.springframework.test.context.transaction.TransactionalTestExecutionListener, org.springframework.test.context.jdbc.SqlScriptsTestExecutionListener]
15:59:44.945 [main] INFO org.springframework.boot.test.context.SpringBootTestContextBootstrapper - Using TestExecutionListeners: [org.springframework.test.context.web.ServletTestExecutionListener@5bda8e08, org.springframework.test.context.support.DirtiesContextBeforeModesTestExecutionListener@1e800aaa, org.springframework.boot.test.mock.mockito.MockitoTestExecutionListener@185a6e9, org.springframework.boot.test.autoconfigure.SpringBootDependencyInjectionTestExecutionListener@6f03482, org.springframework.test.context.support.DirtiesContextTestExecutionListener@9d5509a, org.springframework.test.context.transaction.TransactionalTestExecutionListener@179ece50, org.springframework.test.context.jdbc.SqlScriptsTestExecutionListener@3b0090a4, org.springframework.boot.test.mock.mockito.ResetMocksTestExecutionListener@3cd3e762, org.springframework.boot.test.autoconfigure.restdocs.RestDocsTestExecutionListener@1fa121e2, org.springframework.boot.test.autoconfigure.web.client.MockRestServiceServerResetTestExecutionListener@7eac9008, org.springframework.boot.test.autoconfigure.web.servlet.MockMvcPrintOnlyOnFailureTestExecutionListener@4116aac9, org.springframework.boot.test.autoconfigure.web.servlet.WebDriverTestExecutionListener@62ddbd7e]
15:59:44.947 [main] DEBUG org.springframework.test.annotation.ProfileValueUtils - Retrieved @ProfileValueSourceConfiguration [null] for test class [nl.eimertvink.salaryapi.SalaryApiApplicationTests]
15:59:44.947 [main] DEBUG org.springframework.test.annotation.ProfileValueUtils - Retrieved ProfileValueSource type [class org.springframework.test.annotation.SystemProfileValueSource] for class [nl.eimertvink.salaryapi.SalaryApiApplicationTests]
15:59:44.948 [main] DEBUG org.springframework.test.annotation.ProfileValueUtils - Retrieved @ProfileValueSourceConfiguration [null] for test class [nl.eimertvink.salaryapi.SalaryApiApplicationTests]
15:59:44.948 [main] DEBUG org.springframework.test.annotation.ProfileValueUtils - Retrieved ProfileValueSource type [class org.springframework.test.annotation.SystemProfileValueSource] for class [nl.eimertvink.salaryapi.SalaryApiApplicationTests]
15:59:44.949 [main] DEBUG org.springframework.test.annotation.ProfileValueUtils - Retrieved @ProfileValueSourceConfiguration [null] for test class [nl.eimertvink.salaryapi.SalaryApiApplicationTests]
15:59:44.949 [main] DEBUG org.springframework.test.annotation.ProfileValueUtils - Retrieved ProfileValueSource type [class org.springframework.test.annotation.SystemProfileValueSource] for class [nl.eimertvink.salaryapi.SalaryApiApplicationTests]
15:59:44.953 [main] DEBUG org.springframework.test.context.support.AbstractDirtiesContextTestExecutionListener - Before test class: context [DefaultTestContext@279fedbd testClass = SalaryApiApplicationTests, testInstance = [null], testMethod = [null], testException = [null], mergedContextConfiguration = [WebMergedContextConfiguration@b3ca52e testClass = SalaryApiApplicationTests, locations = '{}', classes = '{class nl.eimertvink.SalaryApiApplication}', contextInitializerClasses = '[]', activeProfiles = '{}', propertySourceLocations = '{}', propertySourceProperties = '{org.springframework.boot.test.context.SpringBootTestContextBootstrapper=true}', contextCustomizers = set[org.springframework.boot.test.context.filter.ExcludeFilterContextCustomizer@5c072e3f, org.springframework.boot.test.json.DuplicateJsonObjectContextCustomizerFactory$DuplicateJsonObjectContextCustomizer@149494d8, org.springframework.boot.test.mock.mockito.MockitoContextCustomizer@0, org.springframework.boot.test.web.client.TestRestTemplateContextCustomizer@fe18270, org.springframework.boot.test.autoconfigure.properties.PropertyMappingContextCustomizer@0, org.springframework.boot.test.autoconfigure.web.servlet.WebDriverContextCustomizerFactory$Customizer@4bb4de6a], resourceBasePath = 'src/main/webapp', contextLoader = 'org.springframework.boot.test.context.SpringBootContextLoader', parent = [null]], attributes = map['org.springframework.test.context.web.ServletTestExecutionListener.activateListener' -> true]], class annotated with @DirtiesContext [false] with mode [null].
15:59:44.954 [main] DEBUG org.springframework.test.annotation.ProfileValueUtils - Retrieved @ProfileValueSourceConfiguration [null] for test class [nl.eimertvink.salaryapi.SalaryApiApplicationTests]
15:59:44.954 [main] DEBUG org.springframework.test.annotation.ProfileValueUtils - Retrieved ProfileValueSource type [class org.springframework.test.annotation.SystemProfileValueSource] for class [nl.eimertvink.salaryapi.SalaryApiApplicationTests]
15:59:44.975 [main] DEBUG org.springframework.core.env.StandardEnvironment - Adding PropertySource 'systemProperties' with lowest search precedence
15:59:44.975 [main] DEBUG org.springframework.core.env.StandardEnvironment - Adding PropertySource 'systemEnvironment' with lowest search precedence
15:59:44.976 [main] DEBUG org.springframework.core.env.StandardEnvironment - Initialized StandardEnvironment with PropertySources [MapPropertySource@249034932 {name='systemProperties', properties={java.runtime.name=OpenJDK Runtime Environment, sun.boot.library.path=/usr/lib/jvm/java-8-openjdk-amd64/jre/lib/amd64, java.vm.version=25.121-b13, java.vm.vendor=Oracle Corporation, java.vendor.url=http://java.oracle.com/, skip.gulp=true, path.separator=:, java.vm.name=OpenJDK 64-Bit Server VM, file.encoding.pkg=sun.io, findbugs.skip=true, sun.java.launcher=SUN_STANDARD, sun.os.patch.level=unknown, java.vm.specification.name=Java Virtual Machine Specification, user.dir=/root/workspace/Eimert/Salary-API/390400480, checkstyle.skip=true, java.runtime.version=1.8.0_121-8u121-b13-1~bpo8+1-b13, skip.npm=true, basedir=/root/workspace/Eimert/Salary-API/390400480, java.awt.graphicsenv=sun.awt.X11GraphicsEnvironment, java.endorsed.dirs=/usr/lib/jvm/java-8-openjdk-amd64/jre/lib/endorsed, os.arch=amd64, surefire.real.class.path=/root/workspace/Eimert/Salary-API/390400480/target/surefire/surefirebooter5526767877610402535.jar, gpg.skip=true, java.io.tmpdir=/tmp, line.separator=
, cobertura.skip=true, java.vm.specification.vendor=Oracle Corporation, os.name=Linux, sun.jnu.encoding=UTF-8, license.skip=true, java.library.path=/usr/java/packages/lib/amd64:/usr/lib/x86_64-linux-gnu/jni:/lib/x86_64-linux-gnu:/usr/lib/x86_64-linux-gnu:/usr/lib/jni:/lib:/usr/lib, surefire.test.class.path=/root/workspace/Eimert/Salary-API/390400480/target/test-classes:/root/workspace/Eimert/Salary-API/390400480/target/classes:/root/./workspace/Eimert/Salary-API/390400480/.m2/org/springframework/boot/spring-boot-starter-web/2.0.2.RELEASE/spring-boot-starter-web-2.0.2.RELEASE.jar:/root/./workspace/Eimert/Salary-API/390400480/.m2/org/springframework/boot/spring-boot-starter/2.0.2.RELEASE/spring-boot-starter-2.0.2.RELEASE.jar:/root/./workspace/Eimert/Salary-API/390400480/.m2/org/springframework/boot/spring-boot/2.0.2.RELEASE/spring-boot-2.0.2.RELEASE.jar:/root/./workspace/Eimert/Salary-API/390400480/.m2/org/springframework/boot/spring-boot-autoconfigure/2.0.2.RELEASE/spring-boot-autoconfigure-2.0.2.RELEASE.jar:/root/./workspace/Eimert/Salary-API/390400480/.m2/org/springframework/boot/spring-boot-starter-logging/2.0.2.RELEASE/spring-boot-starter-logging-2.0.2.RELEASE.jar:/root/./workspace/Eimert/Salary-API/390400480/.m2/ch/qos/logback/logback-classic/1.2.3/logback-classic-1.2.3.jar:/root/./workspace/Eimert/Salary-API/390400480/.m2/ch/qos/logback/logback-core/1.2.3/logback-core-1.2.3.jar:/root/./workspace/Eimert/Salary-API/390400480/.m2/org/apache/logging/log4j/log4j-to-slf4j/2.10.0/log4j-to-slf4j-2.10.0.jar:/root/./workspace/Eimert/Salary-API/390400480/.m2/org/apache/logging/log4j/log4j-api/2.10.0/log4j-api-2.10.0.jar:/root/./workspace/Eimert/Salary-API/390400480/.m2/org/slf4j/jul-to-slf4j/1.7.25/jul-to-slf4j-1.7.25.jar:/root/./workspace/Eimert/Salary-API/390400480/.m2/javax/annotation/javax.annotation-api/1.3.2/javax.annotation-api-1.3.2.jar:/root/./workspace/Eimert/Salary-API/390400480/.m2/org/yaml/snakeyaml/1.19/snakeyaml-1.19.jar:/root/./workspace/Eimert/Salary-API/390400480/.m2/org/springframework/boot/spring-boot-starter-json/2.0.2.RELEASE/spring-boot-starter-json-2.0.2.RELEASE.jar:/root/./workspace/Eimert/Salary-API/390400480/.m2/com/fasterxml/jackson/core/jackson-databind/2.9.5/jackson-databind-2.9.5.jar:/root/./workspace/Eimert/Salary-API/390400480/.m2/com/fasterxml/jackson/core/jackson-core/2.9.5/jackson-core-2.9.5.jar:/root/./workspace/Eimert/Salary-API/390400480/.m2/com/fasterxml/jackson/datatype/jackson-datatype-jdk8/2.9.5/jackson-datatype-jdk8-2.9.5.jar:/root/./workspace/Eimert/Salary-API/390400480/.m2/com/fasterxml/jackson/datatype/jackson-datatype-jsr310/2.9.5/jackson-datatype-jsr310-2.9.5.jar:/root/./workspace/Eimert/Salary-API/390400480/.m2/com/fasterxml/jackson/module/jackson-module-parameter-names/2.9.5/jackson-module-parameter-names-2.9.5.jar:/root/./workspace/Eimert/Salary-API/390400480/.m2/org/springframework/boot/spring-boot-starter-tomcat/2.0.2.RELEASE/spring-boot-starter-tomcat-2.0.2.RELEASE.jar:/root/./workspace/Eimert/Salary-API/390400480/.m2/org/apache/tomcat/embed/tomcat-embed-core/8.5.31/tomcat-embed-core-8.5.31.jar:/root/./workspace/Eimert/Salary-API/390400480/.m2/org/apache/tomcat/embed/tomcat-embed-el/8.5.31/tomcat-embed-el-8.5.31.jar:/root/./workspace/Eimert/Salary-API/390400480/.m2/org/apache/tomcat/embed/tomcat-embed-websocket/8.5.31/tomcat-embed-websocket-8.5.31.jar:/root/./workspace/Eimert/Salary-API/390400480/.m2/org/hibernate/validator/hibernate-validator/6.0.9.Final/hibernate-validator-6.0.9.Final.jar:/root/./workspace/Eimert/Salary-API/390400480/.m2/javax/validation/validation-api/2.0.1.Final/validation-api-2.0.1.Final.jar:/root/./workspace/Eimert/Salary-API/390400480/.m2/org/springframework/spring-web/5.0.6.RELEASE/spring-web-5.0.6.RELEASE.jar:/root/./workspace/Eimert/Salary-API/390400480/.m2/org/springframework/spring-webmvc/5.0.6.RELEASE/spring-webmvc-5.0.6.RELEASE.jar:/root/./workspace/Eimert/Salary-API/390400480/.m2/org/springframework/boot/spring-boot-starter-data-jpa/2.0.2.RELEASE/spring-boot-starter-data-jpa-2.0.2.RELEASE.jar:/root/./workspace/Eimert/Salary-API/390400480/.m2/org/springframework/boot/spring-boot-starter-aop/2.0.2.RELEASE/spring-boot-starter-aop-2.0.2.RELEASE.jar:/root/./workspace/Eimert/Salary-API/390400480/.m2/org/aspectj/aspectjweaver/1.8.13/aspectjweaver-1.8.13.jar:/root/./workspace/Eimert/Salary-API/390400480/.m2/org/hibernate/hibernate-core/5.1.0.Final/hibernate-core-5.1.0.Final.jar:/root/./workspace/Eimert/Salary-API/390400480/.m2/antlr/antlr/2.7.7/antlr-2.7.7.jar:/root/./workspace/Eimert/Salary-API/390400480/.m2/org/jboss/jandex/2.0.0.Final/jandex-2.0.0.Final.jar:/root/./workspace/Eimert/Salary-API/390400480/.m2/javax/transaction/javax.transaction-api/1.2/javax.transaction-api-1.2.jar:/root/./workspace/Eimert/Salary-API/390400480/.m2/org/springframework/data/spring-data-jpa/2.0.7.RELEASE/spring-data-jpa-2.0.7.RELEASE.jar:/root/./workspace/Eimert/Salary-API/390400480/.m2/org/springframework/data/spring-data-commons/2.0.7.RELEASE/spring-data-commons-2.0.7.RELEASE.jar:/root/./workspace/Eimert/Salary-API/390400480/.m2/org/springframework/spring-orm/5.0.6.RELEASE/spring-orm-5.0.6.RELEASE.jar:/root/./workspace/Eimert/Salary-API/390400480/.m2/org/springframework/spring-tx/5.0.6.RELEASE/spring-tx-5.0.6.RELEASE.jar:/root/./workspace/Eimert/Salary-API/390400480/.m2/org/springframework/spring-aspects/5.0.6.RELEASE/spring-aspects-5.0.6.RELEASE.jar:/root/./workspace/Eimert/Salary-API/390400480/.m2/org/hibernate/hibernate-entitymanager/5.1.0.Final/hibernate-entitymanager-5.1.0.Final.jar:/root/./workspace/Eimert/Salary-API/390400480/.m2/org/jboss/logging/jboss-logging/3.3.2.Final/jboss-logging-3.3.2.Final.jar:/root/./workspace/Eimert/Salary-API/390400480/.m2/dom4j/dom4j/1.6.1/dom4j-1.6.1.jar:/root/./workspace/Eimert/Salary-API/390400480/.m2/org/hibernate/common/hibernate-commons-annotations/5.0.1.Final/hibernate-commons-annotations-5.0.1.Final.jar:/root/./workspace/Eimert/Salary-API/390400480/.m2/org/hibernate/javax/persistence/hibernate-jpa-2.1-api/1.0.0.Final/hibernate-jpa-2.1-api-1.0.0.Final.jar:/root/./workspace/Eimert/Salary-API/390400480/.m2/org/javassist/javassist/3.20.0-GA/javassist-3.20.0-GA.jar:/root/./workspace/Eimert/Salary-API/390400480/.m2/org/apache/geronimo/specs/geronimo-jta_1.1_spec/1.1.1/geronimo-jta_1.1_spec-1.1.1.jar:/root/./workspace/Eimert/Salary-API/390400480/.m2/org/springframework/boot/spring-boot-starter-test/2.0.2.RELEASE/spring-boot-starter-test-2.0.2.RELEASE.jar:/root/./workspace/Eimert/Salary-API/390400480/.m2/org/springframework/boot/spring-boot-test/2.0.2.RELEASE/spring-boot-test-2.0.2.RELEASE.jar:/root/./workspace/Eimert/Salary-API/390400480/.m2/org/springframework/boot/spring-boot-test-autoconfigure/2.0.2.RELEASE/spring-boot-test-autoconfigure-2.0.2.RELEASE.jar:/root/./workspace/Eimert/Salary-API/390400480/.m2/junit/junit/4.12/junit-4.12.jar:/root/./workspace/Eimert/Salary-API/390400480/.m2/org/assertj/assertj-core/3.9.1/assertj-core-3.9.1.jar:/root/./workspace/Eimert/Salary-API/390400480/.m2/org/mockito/mockito-core/2.15.0/mockito-core-2.15.0.jar:/root/./workspace/Eimert/Salary-API/390400480/.m2/net/bytebuddy/byte-buddy/1.7.11/byte-buddy-1.7.11.jar:/root/./workspace/Eimert/Salary-API/390400480/.m2/net/bytebuddy/byte-buddy-agent/1.7.11/byte-buddy-agent-1.7.11.jar:/root/./workspace/Eimert/Salary-API/390400480/.m2/org/objenesis/objenesis/2.6/objenesis-2.6.jar:/root/./workspace/Eimert/Salary-API/390400480/.m2/org/hamcrest/hamcrest-core/1.3/hamcrest-core-1.3.jar:/root/./workspace/Eimert/Salary-API/390400480/.m2/org/hamcrest/hamcrest-library/1.3/hamcrest-library-1.3.jar:/root/./workspace/Eimert/Salary-API/390400480/.m2/org/skyscreamer/jsonassert/1.5.0/jsonassert-1.5.0.jar:/root/./workspace/Eimert/Salary-API/390400480/.m2/com/vaadin/external/google/android-json/0.0.20131108.vaadin1/android-json-0.0.20131108.vaadin1.jar:/root/./workspace/Eimert/Salary-API/390400480/.m2/org/springframework/spring-core/5.0.6.RELEASE/spring-core-5.0.6.RELEASE.jar:/root/./workspace/Eimert/Salary-API/390400480/.m2/org/springframework/spring-jcl/5.0.6.RELEASE/spring-jcl-5.0.6.RELEASE.jar:/root/./workspace/Eimert/Salary-API/390400480/.m2/org/springframework/spring-test/5.0.6.RELEASE/spring-test-5.0.6.RELEASE.jar:/root/./workspace/Eimert/Salary-API/390400480/.m2/org/xmlunit/xmlunit-core/2.5.1/xmlunit-core-2.5.1.jar:/root/./workspace/Eimert/Salary-API/390400480/.m2/org/springframework/boot/spring-boot-starter-data-rest/2.0.2.RELEASE/spring-boot-starter-data-rest-2.0.2.RELEASE.jar:/root/./workspace/Eimert/Salary-API/390400480/.m2/org/springframework/data/spring-data-rest-webmvc/3.0.7.RELEASE/spring-data-rest-webmvc-3.0.7.RELEASE.jar:/root/./workspace/Eimert/Salary-API/390400480/.m2/org/springframework/data/spring-data-rest-core/3.0.7.RELEASE/spring-data-rest-core-3.0.7.RELEASE.jar:/root/./workspace/Eimert/Salary-API/390400480/.m2/org/springframework/hateoas/spring-hateoas/0.24.0.RELEASE/spring-hateoas-0.24.0.RELEASE.jar:/root/./workspace/Eimert/Salary-API/390400480/.m2/org/atteo/evo-inflector/1.2.2/evo-inflector-1.2.2.jar:/root/./workspace/Eimert/Salary-API/390400480/.m2/com/fasterxml/jackson/core/jackson-annotations/2.9.0/jackson-annotations-2.9.0.jar:/root/./workspace/Eimert/Salary-API/390400480/.m2/org/springframework/boot/spring-boot-starter-jdbc/2.0.2.RELEASE/spring-boot-starter-jdbc-2.0.2.RELEASE.jar:/root/./workspace/Eimert/Salary-API/390400480/.m2/com/zaxxer/HikariCP/2.7.9/HikariCP-2.7.9.jar:/root/./workspace/Eimert/Salary-API/390400480/.m2/org/springframework/spring-jdbc/5.0.6.RELEASE/spring-jdbc-5.0.6.RELEASE.jar:/root/./workspace/Eimert/Salary-API/390400480/.m2/org/xerial/sqlite-jdbc/3.21.0.1/sqlite-jdbc-3.21.0.1.jar:/root/./workspace/Eimert/Salary-API/390400480/.m2/com/github/gwenn/sqlite-dialect/e78dddef18/sqlite-dialect-e78dddef18.jar:/root/./workspace/Eimert/Salary-API/390400480/.m2/org/springframework/spring-context/5.0.6.RELEASE/spring-context-5.0.6.RELEASE.jar:/root/./workspace/Eimert/Salary-API/390400480/.m2/org/springframework/spring-aop/5.0.6.RELEASE/spring-aop-5.0.6.RELEASE.jar:/root/./workspace/Eimert/Salary-API/390400480/.m2/org/springframework/spring-beans/5.0.6.RELEASE/spring-beans-5.0.6.RELEASE.jar:/root/./workspace/Eimert/Salary-API/390400480/.m2/org/springframework/spring-expression/5.0.6.RELEASE/spring-expression-5.0.6.RELEASE.jar:/root/./workspace/Eimert/Salary-API/390400480/.m2/com/jayway/jsonpath/json-path/2.4.0/json-path-2.4.0.jar:/root/./workspace/Eimert/Salary-API/390400480/.m2/net/minidev/json-smart/2.3/json-smart-2.3.jar:/root/./workspace/Eimert/Salary-API/390400480/.m2/net/minidev/accessors-smart/1.2/accessors-smart-1.2.jar:/root/./workspace/Eimert/Salary-API/390400480/.m2/org/ow2/asm/asm/5.0.4/asm-5.0.4.jar:/root/./workspace/Eimert/Salary-API/390400480/.m2/org/slf4j/slf4j-api/1.7.25/slf4j-api-1.7.25.jar:/root/./workspace/Eimert/Salary-API/390400480/.m2/io/springfox/springfox-swagger-ui/2.8.0/springfox-swagger-ui-2.8.0.jar:/root/./workspace/Eimert/Salary-API/390400480/.m2/io/springfox/springfox-spring-web/2.8.0/springfox-spring-web-2.8.0.jar:/root/./workspace/Eimert/Salary-API/390400480/.m2/org/reflections/reflections/0.9.11/reflections-0.9.11.jar:/root/./workspace/Eimert/Salary-API/390400480/.m2/io/springfox/springfox-swagger2/2.8.0/springfox-swagger2-2.8.0.jar:/root/./workspace/Eimert/Salary-API/390400480/.m2/io/swagger/swagger-annotations/1.5.14/swagger-annotations-1.5.14.jar:/root/./workspace/Eimert/Salary-API/390400480/.m2/io/swagger/swagger-models/1.5.14/swagger-models-1.5.14.jar:/root/./workspace/Eimert/Salary-API/390400480/.m2/io/springfox/springfox-spi/2.8.0/springfox-spi-2.8.0.jar:/root/./workspace/Eimert/Salary-API/390400480/.m2/io/springfox/springfox-core/2.8.0/springfox-core-2.8.0.jar:/root/./workspace/Eimert/Salary-API/390400480/.m2/io/springfox/springfox-schema/2.8.0/springfox-schema-2.8.0.jar:/root/./workspace/Eimert/Salary-API/390400480/.m2/io/springfox/springfox-swagger-common/2.8.0/springfox-swagger-common-2.8.0.jar:/root/./workspace/Eimert/Salary-API/390400480/.m2/com/google/guava/guava/20.0/guava-20.0.jar:/root/./workspace/Eimert/Salary-API/390400480/.m2/com/fasterxml/classmate/1.3.4/classmate-1.3.4.jar:/root/./workspace/Eimert/Salary-API/390400480/.m2/org/springframework/plugin/spring-plugin-core/1.2.0.RELEASE/spring-plugin-core-1.2.0.RELEASE.jar:/root/./workspace/Eimert/Salary-API/390400480/.m2/org/springframework/plugin/spring-plugin-metadata/1.2.0.RELEASE/spring-plugin-metadata-1.2.0.RELEASE.jar:/root/./workspace/Eimert/Salary-API/390400480/.m2/org/mapstruct/mapstruct/1.2.0.Final/mapstruct-1.2.0.Final.jar:, java.specification.name=Java Platform API Specification, java.class.version=52.0, skip.bower=true, sun.management.compiler=HotSpot 64-Bit Tiered Compilers, maven.repo.local=/root/./workspace/Eimert/Salary-API/390400480/.m2, os.version=3.10.0-862.3.2.el7.x86_64, user.home=/root, user.timezone=Europe/Paris, java.awt.printerjob=sun.print.PSPrinterJob, file.encoding=UTF-8, java.specification.version=1.8, java.class.path=/root/workspace/Eimert/Salary-API/390400480/target/test-classes:/root/workspace/Eimert/Salary-API/390400480/target/classes:/root/./workspace/Eimert/Salary-API/390400480/.m2/org/springframework/boot/spring-boot-starter-web/2.0.2.RELEASE/spring-boot-starter-web-2.0.2.RELEASE.jar:/root/./workspace/Eimert/Salary-API/390400480/.m2/org/springframework/boot/spring-boot-starter/2.0.2.RELEASE/spring-boot-starter-2.0.2.RELEASE.jar:/root/./workspace/Eimert/Salary-API/390400480/.m2/org/springframework/boot/spring-boot/2.0.2.RELEASE/spring-boot-2.0.2.RELEASE.jar:/root/./workspace/Eimert/Salary-API/390400480/.m2/org/springframework/boot/spring-boot-autoconfigure/2.0.2.RELEASE/spring-boot-autoconfigure-2.0.2.RELEASE.jar:/root/./workspace/Eimert/Salary-API/390400480/.m2/org/springframework/boot/spring-boot-starter-logging/2.0.2.RELEASE/spring-boot-starter-logging-2.0.2.RELEASE.jar:/root/./workspace/Eimert/Salary-API/390400480/.m2/ch/qos/logback/logback-classic/1.2.3/logback-classic-1.2.3.jar:/root/./workspace/Eimert/Salary-API/390400480/.m2/ch/qos/logback/logback-core/1.2.3/logback-core-1.2.3.jar:/root/./workspace/Eimert/Salary-API/390400480/.m2/org/apache/logging/log4j/log4j-to-slf4j/2.10.0/log4j-to-slf4j-2.10.0.jar:/root/./workspace/Eimert/Salary-API/390400480/.m2/org/apache/logging/log4j/log4j-api/2.10.0/log4j-api-2.10.0.jar:/root/./workspace/Eimert/Salary-API/390400480/.m2/org/slf4j/jul-to-slf4j/1.7.25/jul-to-slf4j-1.7.25.jar:/root/./workspace/Eimert/Salary-API/390400480/.m2/javax/annotation/javax.annotation-api/1.3.2/javax.annotation-api-1.3.2.jar:/root/./workspace/Eimert/Salary-API/390400480/.m2/org/yaml/snakeyaml/1.19/snakeyaml-1.19.jar:/root/./workspace/Eimert/Salary-API/390400480/.m2/org/springframework/boot/spring-boot-starter-json/2.0.2.RELEASE/spring-boot-starter-json-2.0.2.RELEASE.jar:/root/./workspace/Eimert/Salary-API/390400480/.m2/com/fasterxml/jackson/core/jackson-databind/2.9.5/jackson-databind-2.9.5.jar:/root/./workspace/Eimert/Salary-API/390400480/.m2/com/fasterxml/jackson/core/jackson-core/2.9.5/jackson-core-2.9.5.jar:/root/./workspace/Eimert/Salary-API/390400480/.m2/com/fasterxml/jackson/datatype/jackson-datatype-jdk8/2.9.5/jackson-datatype-jdk8-2.9.5.jar:/root/./workspace/Eimert/Salary-API/390400480/.m2/com/fasterxml/jackson/datatype/jackson-datatype-jsr310/2.9.5/jackson-datatype-jsr310-2.9.5.jar:/root/./workspace/Eimert/Salary-API/390400480/.m2/com/fasterxml/jackson/module/jackson-module-parameter-names/2.9.5/jackson-module-parameter-names-2.9.5.jar:/root/./workspace/Eimert/Salary-API/390400480/.m2/org/springframework/boot/spring-boot-starter-tomcat/2.0.2.RELEASE/spring-boot-starter-tomcat-2.0.2.RELEASE.jar:/root/./workspace/Eimert/Salary-API/390400480/.m2/org/apache/tomcat/embed/tomcat-embed-core/8.5.31/tomcat-embed-core-8.5.31.jar:/root/./workspace/Eimert/Salary-API/390400480/.m2/org/apache/tomcat/embed/tomcat-embed-el/8.5.31/tomcat-embed-el-8.5.31.jar:/root/./workspace/Eimert/Salary-API/390400480/.m2/org/apache/tomcat/embed/tomcat-embed-websocket/8.5.31/tomcat-embed-websocket-8.5.31.jar:/root/./workspace/Eimert/Salary-API/390400480/.m2/org/hibernate/validator/hibernate-validator/6.0.9.Final/hibernate-validator-6.0.9.Final.jar:/root/./workspace/Eimert/Salary-API/390400480/.m2/javax/validation/validation-api/2.0.1.Final/validation-api-2.0.1.Final.jar:/root/./workspace/Eimert/Salary-API/390400480/.m2/org/springframework/spring-web/5.0.6.RELEASE/spring-web-5.0.6.RELEASE.jar:/root/./workspace/Eimert/Salary-API/390400480/.m2/org/springframework/spring-webmvc/5.0.6.RELEASE/spring-webmvc-5.0.6.RELEASE.jar:/root/./workspace/Eimert/Salary-API/390400480/.m2/org/springframework/boot/spring-boot-starter-data-jpa/2.0.2.RELEASE/spring-boot-starter-data-jpa-2.0.2.RELEASE.jar:/root/./workspace/Eimert/Salary-API/390400480/.m2/org/springframework/boot/spring-boot-starter-aop/2.0.2.RELEASE/spring-boot-starter-aop-2.0.2.RELEASE.jar:/root/./workspace/Eimert/Salary-API/390400480/.m2/org/aspectj/aspectjweaver/1.8.13/aspectjweaver-1.8.13.jar:/root/./workspace/Eimert/Salary-API/390400480/.m2/org/hibernate/hibernate-core/5.1.0.Final/hibernate-core-5.1.0.Final.jar:/root/./workspace/Eimert/Salary-API/390400480/.m2/antlr/antlr/2.7.7/antlr-2.7.7.jar:/root/./workspace/Eimert/Salary-API/390400480/.m2/org/jboss/jandex/2.0.0.Final/jandex-2.0.0.Final.jar:/root/./workspace/Eimert/Salary-API/390400480/.m2/javax/transaction/javax.transaction-api/1.2/javax.transaction-api-1.2.jar:/root/./workspace/Eimert/Salary-API/390400480/.m2/org/springframework/data/spring-data-jpa/2.0.7.RELEASE/spring-data-jpa-2.0.7.RELEASE.jar:/root/./workspace/Eimert/Salary-API/390400480/.m2/org/springframework/data/spring-data-commons/2.0.7.RELEASE/spring-data-commons-2.0.7.RELEASE.jar:/root/./workspace/Eimert/Salary-API/390400480/.m2/org/springframework/spring-orm/5.0.6.RELEASE/spring-orm-5.0.6.RELEASE.jar:/root/./workspace/Eimert/Salary-API/390400480/.m2/org/springframework/spring-tx/5.0.6.RELEASE/spring-tx-5.0.6.RELEASE.jar:/root/./workspace/Eimert/Salary-API/390400480/.m2/org/springframework/spring-aspects/5.0.6.RELEASE/spring-aspects-5.0.6.RELEASE.jar:/root/./workspace/Eimert/Salary-API/390400480/.m2/org/hibernate/hibernate-entitymanager/5.1.0.Final/hibernate-entitymanager-5.1.0.Final.jar:/root/./workspace/Eimert/Salary-API/390400480/.m2/org/jboss/logging/jboss-logging/3.3.2.Final/jboss-logging-3.3.2.Final.jar:/root/./workspace/Eimert/Salary-API/390400480/.m2/dom4j/dom4j/1.6.1/dom4j-1.6.1.jar:/root/./workspace/Eimert/Salary-API/390400480/.m2/org/hibernate/common/hibernate-commons-annotations/5.0.1.Final/hibernate-commons-annotations-5.0.1.Final.jar:/root/./workspace/Eimert/Salary-API/390400480/.m2/org/hibernate/javax/persistence/hibernate-jpa-2.1-api/1.0.0.Final/hibernate-jpa-2.1-api-1.0.0.Final.jar:/root/./workspace/Eimert/Salary-API/390400480/.m2/org/javassist/javassist/3.20.0-GA/javassist-3.20.0-GA.jar:/root/./workspace/Eimert/Salary-API/390400480/.m2/org/apache/geronimo/specs/geronimo-jta_1.1_spec/1.1.1/geronimo-jta_1.1_spec-1.1.1.jar:/root/./workspace/Eimert/Salary-API/390400480/.m2/org/springframework/boot/spring-boot-starter-test/2.0.2.RELEASE/spring-boot-starter-test-2.0.2.RELEASE.jar:/root/./workspace/Eimert/Salary-API/390400480/.m2/org/springframework/boot/spring-boot-test/2.0.2.RELEASE/spring-boot-test-2.0.2.RELEASE.jar:/root/./workspace/Eimert/Salary-API/390400480/.m2/org/springframework/boot/spring-boot-test-autoconfigure/2.0.2.RELEASE/spring-boot-test-autoconfigure-2.0.2.RELEASE.jar:/root/./workspace/Eimert/Salary-API/390400480/.m2/junit/junit/4.12/junit-4.12.jar:/root/./workspace/Eimert/Salary-API/390400480/.m2/org/assertj/assertj-core/3.9.1/assertj-core-3.9.1.jar:/root/./workspace/Eimert/Salary-API/390400480/.m2/org/mockito/mockito-core/2.15.0/mockito-core-2.15.0.jar:/root/./workspace/Eimert/Salary-API/390400480/.m2/net/bytebuddy/byte-buddy/1.7.11/byte-buddy-1.7.11.jar:/root/./workspace/Eimert/Salary-API/390400480/.m2/net/bytebuddy/byte-buddy-agent/1.7.11/byte-buddy-agent-1.7.11.jar:/root/./workspace/Eimert/Salary-API/390400480/.m2/org/objenesis/objenesis/2.6/objenesis-2.6.jar:/root/./workspace/Eimert/Salary-API/390400480/.m2/org/hamcrest/hamcrest-core/1.3/hamcrest-core-1.3.jar:/root/./workspace/Eimert/Salary-API/390400480/.m2/org/hamcrest/hamcrest-library/1.3/hamcrest-library-1.3.jar:/root/./workspace/Eimert/Salary-API/390400480/.m2/org/skyscreamer/jsonassert/1.5.0/jsonassert-1.5.0.jar:/root/./workspace/Eimert/Salary-API/390400480/.m2/com/vaadin/external/google/android-json/0.0.20131108.vaadin1/android-json-0.0.20131108.vaadin1.jar:/root/./workspace/Eimert/Salary-API/390400480/.m2/org/springframework/spring-core/5.0.6.RELEASE/spring-core-5.0.6.RELEASE.jar:/root/./workspace/Eimert/Salary-API/390400480/.m2/org/springframework/spring-jcl/5.0.6.RELEASE/spring-jcl-5.0.6.RELEASE.jar:/root/./workspace/Eimert/Salary-API/390400480/.m2/org/springframework/spring-test/5.0.6.RELEASE/spring-test-5.0.6.RELEASE.jar:/root/./workspace/Eimert/Salary-API/390400480/.m2/org/xmlunit/xmlunit-core/2.5.1/xmlunit-core-2.5.1.jar:/root/./workspace/Eimert/Salary-API/390400480/.m2/org/springframework/boot/spring-boot-starter-data-rest/2.0.2.RELEASE/spring-boot-starter-data-rest-2.0.2.RELEASE.jar:/root/./workspace/Eimert/Salary-API/390400480/.m2/org/springframework/data/spring-data-rest-webmvc/3.0.7.RELEASE/spring-data-rest-webmvc-3.0.7.RELEASE.jar:/root/./workspace/Eimert/Salary-API/390400480/.m2/org/springframework/data/spring-data-rest-core/3.0.7.RELEASE/spring-data-rest-core-3.0.7.RELEASE.jar:/root/./workspace/Eimert/Salary-API/390400480/.m2/org/springframework/hateoas/spring-hateoas/0.24.0.RELEASE/spring-hateoas-0.24.0.RELEASE.jar:/root/./workspace/Eimert/Salary-API/390400480/.m2/org/atteo/evo-inflector/1.2.2/evo-inflector-1.2.2.jar:/root/./workspace/Eimert/Salary-API/390400480/.m2/com/fasterxml/jackson/core/jackson-annotations/2.9.0/jackson-annotations-2.9.0.jar:/root/./workspace/Eimert/Salary-API/390400480/.m2/org/springframework/boot/spring-boot-starter-jdbc/2.0.2.RELEASE/spring-boot-starter-jdbc-2.0.2.RELEASE.jar:/root/./workspace/Eimert/Salary-API/390400480/.m2/com/zaxxer/HikariCP/2.7.9/HikariCP-2.7.9.jar:/root/./workspace/Eimert/Salary-API/390400480/.m2/org/springframework/spring-jdbc/5.0.6.RELEASE/spring-jdbc-5.0.6.RELEASE.jar:/root/./workspace/Eimert/Salary-API/390400480/.m2/org/xerial/sqlite-jdbc/3.21.0.1/sqlite-jdbc-3.21.0.1.jar:/root/./workspace/Eimert/Salary-API/390400480/.m2/com/github/gwenn/sqlite-dialect/e78dddef18/sqlite-dialect-e78dddef18.jar:/root/./workspace/Eimert/Salary-API/390400480/.m2/org/springframework/spring-context/5.0.6.RELEASE/spring-context-5.0.6.RELEASE.jar:/root/./workspace/Eimert/Salary-API/390400480/.m2/org/springframework/spring-aop/5.0.6.RELEASE/spring-aop-5.0.6.RELEASE.jar:/root/./workspace/Eimert/Salary-API/390400480/.m2/org/springframework/spring-beans/5.0.6.RELEASE/spring-beans-5.0.6.RELEASE.jar:/root/./workspace/Eimert/Salary-API/390400480/.m2/org/springframework/spring-expression/5.0.6.RELEASE/spring-expression-5.0.6.RELEASE.jar:/root/./workspace/Eimert/Salary-API/390400480/.m2/com/jayway/jsonpath/json-path/2.4.0/json-path-2.4.0.jar:/root/./workspace/Eimert/Salary-API/390400480/.m2/net/minidev/json-smart/2.3/json-smart-2.3.jar:/root/./workspace/Eimert/Salary-API/390400480/.m2/net/minidev/accessors-smart/1.2/accessors-smart-1.2.jar:/root/./workspace/Eimert/Salary-API/390400480/.m2/org/ow2/asm/asm/5.0.4/asm-5.0.4.jar:/root/./workspace/Eimert/Salary-API/390400480/.m2/org/slf4j/slf4j-api/1.7.25/slf4j-api-1.7.25.jar:/root/./workspace/Eimert/Salary-API/390400480/.m2/io/springfox/springfox-swagger-ui/2.8.0/springfox-swagger-ui-2.8.0.jar:/root/./workspace/Eimert/Salary-API/390400480/.m2/io/springfox/springfox-spring-web/2.8.0/springfox-spring-web-2.8.0.jar:/root/./workspace/Eimert/Salary-API/390400480/.m2/org/reflections/reflections/0.9.11/reflections-0.9.11.jar:/root/./workspace/Eimert/Salary-API/390400480/.m2/io/springfox/springfox-swagger2/2.8.0/springfox-swagger2-2.8.0.jar:/root/./workspace/Eimert/Salary-API/390400480/.m2/io/swagger/swagger-annotations/1.5.14/swagger-annotations-1.5.14.jar:/root/./workspace/Eimert/Salary-API/390400480/.m2/io/swagger/swagger-models/1.5.14/swagger-models-1.5.14.jar:/root/./workspace/Eimert/Salary-API/390400480/.m2/io/springfox/springfox-spi/2.8.0/springfox-spi-2.8.0.jar:/root/./workspace/Eimert/Salary-API/390400480/.m2/io/springfox/springfox-core/2.8.0/springfox-core-2.8.0.jar:/root/./workspace/Eimert/Salary-API/390400480/.m2/io/springfox/springfox-schema/2.8.0/springfox-schema-2.8.0.jar:/root/./workspace/Eimert/Salary-API/390400480/.m2/io/springfox/springfox-swagger-common/2.8.0/springfox-swagger-common-2.8.0.jar:/root/./workspace/Eimert/Salary-API/390400480/.m2/com/google/guava/guava/20.0/guava-20.0.jar:/root/./workspace/Eimert/Salary-API/390400480/.m2/com/fasterxml/classmate/1.3.4/classmate-1.3.4.jar:/root/./workspace/Eimert/Salary-API/390400480/.m2/org/springframework/plugin/spring-plugin-core/1.2.0.RELEASE/spring-plugin-core-1.2.0.RELEASE.jar:/root/./workspace/Eimert/Salary-API/390400480/.m2/org/springframework/plugin/spring-plugin-metadata/1.2.0.RELEASE/spring-plugin-metadata-1.2.0.RELEASE.jar:/root/./workspace/Eimert/Salary-API/390400480/.m2/org/mapstruct/mapstruct/1.2.0.Final/mapstruct-1.2.0.Final.jar:, user.name=root, skipITs=true, java.vm.specification.version=1.8, sun.java.command=/root/workspace/Eimert/Salary-API/390400480/target/surefire/surefirebooter5526767877610402535.jar /root/workspace/Eimert/Salary-API/390400480/target/surefire 2018-06-10T15-59-42_778-jvmRun1 surefire7169932733575262996tmp surefire_02108678908269461919tmp, java.home=/usr/lib/jvm/java-8-openjdk-amd64/jre, sun.arch.data.model=64, user.language=en, java.specification.vendor=Oracle Corporation, dependency-check.skip=true, awt.toolkit=sun.awt.X11.XToolkit, java.vm.info=mixed mode, java.version=1.8.0_121, java.ext.dirs=/usr/lib/jvm/java-8-openjdk-amd64/jre/lib/ext:/usr/java/packages/lib/ext, sun.boot.class.path=/usr/lib/jvm/java-8-openjdk-amd64/jre/lib/resources.jar:/usr/lib/jvm/java-8-openjdk-amd64/jre/lib/rt.jar:/usr/lib/jvm/java-8-openjdk-amd64/jre/lib/sunrsasign.jar:/usr/lib/jvm/java-8-openjdk-amd64/jre/lib/jsse.jar:/usr/lib/jvm/java-8-openjdk-amd64/jre/lib/jce.jar:/usr/lib/jvm/java-8-openjdk-amd64/jre/lib/charsets.jar:/usr/lib/jvm/java-8-openjdk-amd64/jre/lib/jfr.jar:/usr/lib/jvm/java-8-openjdk-amd64/jre/classes, rat.skip=true, enforcer.skip=true, java.vendor=Oracle Corporation, localRepository=/root/./workspace/Eimert/Salary-API/390400480/.m2, file.separator=/, java.vendor.url.bug=http://bugreport.sun.com/bugreport/, sun.io.unicode.encoding=UnicodeLittle, sun.cpu.endian=little, sun.cpu.isalist=}}, SystemEnvironmentPropertySource@1278254413 {name='systemEnvironment', properties={PATH=/usr/local/sbin:/usr/local/bin:/usr/sbin:/usr/bin:/sbin:/bin, JAVA_HOME=/usr/lib/jvm/java-8-openjdk-amd64, NOTIFY_TO=, CA_CERTIFICATES_JAVA_VERSION=20161107~bpo8+1, MONGODB_HOST=, BUILD_ID=, LANG=C.UTF-8, MAVEN_HOME=/usr/share/maven, SMTP_SERVER=, MONGODB_NAME=, REPAIR_MODE=repair, PWD=/root/workspace/Eimert/Salary-API/390400480, JAVA_VERSION=8u121, GITHUB_OAUTH=, MAVEN_CMD_LINE_ARGS=/root/.m2 -B -D enforcer.skip=true -D dependency-check.skip=true -D skipITs=true -D cobertura.skip=true -D maven.repo.local=/root/./workspace/Eimert/Salary-API/390400480/.m2 -D rat.skip=true -D findbugs.skip=true -D skip.bower=true -D gpg.skip=true -D checkstyle.skip=true -D skip.gulp=true -D license.skip=true -D skip.npm=true test, _=/usr/bin/java, OUTPUT=, MAVEN_TERMINATE_CMD=on, MAVEN_CONFIG=/root/.m2, MAVEN_PROJECTBASEDIR=/root/workspace/Eimert/Salary-API/390400480, OLDPWD=/root/workspace/Eimert/Salary-API/390400480, LOG_FILENAME=repairnator-pipeline_2018-06-10_1557_390400480_5a77b685-d098-401d-b168-01e076b51223, RUN_ID=, HOSTNAME=cyclone1, JAVA_DEBIAN_VERSION=8u121-b13-1~bpo8+1, M2_HOME=/usr/share/maven, REPAIR_TOOLS=AssertFixer, HOME=/root, SHLVL=1, PUSH_URL=}}]
15:59:44.979 [main] DEBUG org.springframework.test.context.support.TestPropertySourceUtils - Adding inlined properties to environment: {spring.jmx.enabled=false, org.springframework.boot.test.context.SpringBootTestContextBootstrapper=true, server.port=-1}
15:59:44.979 [main] DEBUG org.springframework.core.env.StandardEnvironment - Adding PropertySource 'Inlined Test Properties' with highest search precedence

  .   ____          _            __ _ _
 /\\ / ___'_ __ _ _(_)_ __  __ _ \ \ \ \
( ( )\___ | '_ | '_| | '_ \/ _` | \ \ \ \
 \\/  ___)| |_)| | | | | || (_| |  ) ) ) )
  '  |____| .__|_| |_|_| |_\__, | / / / /
 =========|_|==============|___/=/_/_/_/
 :: Spring Boot ::        (v2.0.2.RELEASE)

2018-06-10 15:59:45.241  INFO 194 --- [           main] n.e.salaryapi.SalaryApiApplicationTests  : Starting SalaryApiApplicationTests on cyclone1 with PID 194 (started by root in /root/workspace/Eimert/Salary-API/390400480)
2018-06-10 15:59:45.244  INFO 194 --- [           main] n.e.salaryapi.SalaryApiApplicationTests  : No active profile set, falling back to default profiles: default
2018-06-10 15:59:45.326  INFO 194 --- [           main] o.s.w.c.s.GenericWebApplicationContext   : Refreshing org.springframework.web.context.support.GenericWebApplicationContext@17f9d882: startup date [Sun Jun 10 15:59:45 CEST 2018]; root of context hierarchy
2018-06-10 15:59:45.543  WARN 194 --- [           main] o.s.w.c.s.GenericWebApplicationContext   : Exception encountered during context initialization - cancelling refresh attempt: org.springframework.beans.factory.BeanDefinitionStoreException: Failed to parse configuration class [nl.eimertvink.SalaryApiApplication]; nested exception is java.io.FileNotFoundException: Could not open ServletContext resource [/application.properties]
2018-06-10 15:59:46.005 ERROR 194 --- [           main] o.s.boot.SpringApplication               : Application run failed

org.springframework.beans.factory.BeanDefinitionStoreException: Failed to parse configuration class [nl.eimertvink.SalaryApiApplication]; nested exception is java.io.FileNotFoundException: Could not open ServletContext resource [/application.properties]
	at org.springframework.context.annotation.ConfigurationClassParser.parse(ConfigurationClassParser.java:184) ~[spring-context-5.0.6.RELEASE.jar:5.0.6.RELEASE]
	at org.springframework.context.annotation.ConfigurationClassPostProcessor.processConfigBeanDefinitions(ConfigurationClassPostProcessor.java:316) ~[spring-context-5.0.6.RELEASE.jar:5.0.6.RELEASE]
	at org.springframework.context.annotation.ConfigurationClassPostProcessor.postProcessBeanDefinitionRegistry(ConfigurationClassPostProcessor.java:233) ~[spring-context-5.0.6.RELEASE.jar:5.0.6.RELEASE]
	at org.springframework.context.support.PostProcessorRegistrationDelegate.invokeBeanDefinitionRegistryPostProcessors(PostProcessorRegistrationDelegate.java:273) ~[spring-context-5.0.6.RELEASE.jar:5.0.6.RELEASE]
	at org.springframework.context.support.PostProcessorRegistrationDelegate.invokeBeanFactoryPostProcessors(PostProcessorRegistrationDelegate.java:93) ~[spring-context-5.0.6.RELEASE.jar:5.0.6.RELEASE]
	at org.springframework.context.support.AbstractApplicationContext.invokeBeanFactoryPostProcessors(AbstractApplicationContext.java:694) ~[spring-context-5.0.6.RELEASE.jar:5.0.6.RELEASE]
	at org.springframework.context.support.AbstractApplicationContext.refresh(AbstractApplicationContext.java:532) ~[spring-context-5.0.6.RELEASE.jar:5.0.6.RELEASE]
	at org.springframework.boot.SpringApplication.refresh(SpringApplication.java:759) ~[spring-boot-2.0.2.RELEASE.jar:2.0.2.RELEASE]
	at org.springframework.boot.SpringApplication.refreshContext(SpringApplication.java:395) ~[spring-boot-2.0.2.RELEASE.jar:2.0.2.RELEASE]
	at org.springframework.boot.SpringApplication.run(SpringApplication.java:327) ~[spring-boot-2.0.2.RELEASE.jar:2.0.2.RELEASE]
	at org.springframework.boot.test.context.SpringBootContextLoader.loadContext(SpringBootContextLoader.java:139) [spring-boot-test-2.0.2.RELEASE.jar:2.0.2.RELEASE]
	at org.springframework.test.context.cache.DefaultCacheAwareContextLoaderDelegate.loadContextInternal(DefaultCacheAwareContextLoaderDelegate.java:99) [spring-test-5.0.6.RELEASE.jar:5.0.6.RELEASE]
	at org.springframework.test.context.cache.DefaultCacheAwareContextLoaderDelegate.loadContext(DefaultCacheAwareContextLoaderDelegate.java:117) [spring-test-5.0.6.RELEASE.jar:5.0.6.RELEASE]
	at org.springframework.test.context.support.DefaultTestContext.getApplicationContext(DefaultTestContext.java:108) [spring-test-5.0.6.RELEASE.jar:5.0.6.RELEASE]
	at org.springframework.test.context.web.ServletTestExecutionListener.setUpRequestContextIfNecessary(ServletTestExecutionListener.java:190) [spring-test-5.0.6.RELEASE.jar:5.0.6.RELEASE]
	at org.springframework.test.context.web.ServletTestExecutionListener.prepareTestInstance(ServletTestExecutionListener.java:132) [spring-test-5.0.6.RELEASE.jar:5.0.6.RELEASE]
	at org.springframework.test.context.TestContextManager.prepareTestInstance(TestContextManager.java:246) [spring-test-5.0.6.RELEASE.jar:5.0.6.RELEASE]
	at org.springframework.test.context.junit4.SpringJUnit4ClassRunner.createTest(SpringJUnit4ClassRunner.java:227) [spring-test-5.0.6.RELEASE.jar:5.0.6.RELEASE]
	at org.springframework.test.context.junit4.SpringJUnit4ClassRunner$1.runReflectiveCall(SpringJUnit4ClassRunner.java:289) [spring-test-5.0.6.RELEASE.jar:5.0.6.RELEASE]
	at org.junit.internal.runners.model.ReflectiveCallable.run(ReflectiveCallable.java:12) [junit-4.12.jar:4.12]
	at org.springframework.test.context.junit4.SpringJUnit4ClassRunner.methodBlock(SpringJUnit4ClassRunner.java:291) [spring-test-5.0.6.RELEASE.jar:5.0.6.RELEASE]
	at org.springframework.test.context.junit4.SpringJUnit4ClassRunner.runChild(SpringJUnit4ClassRunner.java:246) [spring-test-5.0.6.RELEASE.jar:5.0.6.RELEASE]
	at org.springframework.test.context.junit4.SpringJUnit4ClassRunner.runChild(SpringJUnit4ClassRunner.java:97) [spring-test-5.0.6.RELEASE.jar:5.0.6.RELEASE]
	at org.junit.runners.ParentRunner$3.run(ParentRunner.java:290) [junit-4.12.jar:4.12]
	at org.junit.runners.ParentRunner$1.schedule(ParentRunner.java:71) [junit-4.12.jar:4.12]
	at org.junit.runners.ParentRunner.runChildren(ParentRunner.java:288) [junit-4.12.jar:4.12]
	at org.junit.runners.ParentRunner.access$000(ParentRunner.java:58) [junit-4.12.jar:4.12]
	at org.junit.runners.ParentRunner$2.evaluate(ParentRunner.java:268) [junit-4.12.jar:4.12]
	at org.springframework.test.context.junit4.statements.RunBeforeTestClassCallbacks.evaluate(RunBeforeTestClassCallbacks.java:61) [spring-test-5.0.6.RELEASE.jar:5.0.6.RELEASE]
	at org.springframework.test.context.junit4.statements.RunAfterTestClassCallbacks.evaluate(RunAfterTestClassCallbacks.java:70) [spring-test-5.0.6.RELEASE.jar:5.0.6.RELEASE]
	at org.junit.runners.ParentRunner.run(ParentRunner.java:363) [junit-4.12.jar:4.12]
	at org.springframework.test.context.junit4.SpringJUnit4ClassRunner.run(SpringJUnit4ClassRunner.java:190) [spring-test-5.0.6.RELEASE.jar:5.0.6.RELEASE]
	at org.apache.maven.surefire.junit4.JUnit4Provider.execute(JUnit4Provider.java:365) [surefire-junit4-2.21.0.jar:2.21.0]
	at org.apache.maven.surefire.junit4.JUnit4Provider.executeWithRerun(JUnit4Provider.java:273) [surefire-junit4-2.21.0.jar:2.21.0]
	at org.apache.maven.surefire.junit4.JUnit4Provider.executeTestSet(JUnit4Provider.java:238) [surefire-junit4-2.21.0.jar:2.21.0]
	at org.apache.maven.surefire.junit4.JUnit4Provider.invoke(JUnit4Provider.java:159) [surefire-junit4-2.21.0.jar:2.21.0]
	at org.apache.maven.surefire.booter.ForkedBooter.invokeProviderInSameClassLoader(ForkedBooter.java:379) [surefire-booter-2.21.0.jar:2.21.0]
	at org.apache.maven.surefire.booter.ForkedBooter.runSuitesInProcess(ForkedBooter.java:340) [surefire-booter-2.21.0.jar:2.21.0]
	at org.apache.maven.surefire.booter.ForkedBooter.execute(ForkedBooter.java:125) [surefire-booter-2.21.0.jar:2.21.0]
	at org.apache.maven.surefire.booter.ForkedBooter.main(ForkedBooter.java:413) [surefire-booter-2.21.0.jar:2.21.0]
Caused by: java.io.FileNotFoundException: Could not open ServletContext resource [/application.properties]
	at org.springframework.web.context.support.ServletContextResource.getInputStream(ServletContextResource.java:159) ~[spring-web-5.0.6.RELEASE.jar:5.0.6.RELEASE]
	at org.springframework.core.io.support.EncodedResource.getInputStream(EncodedResource.java:159) ~[spring-core-5.0.6.RELEASE.jar:5.0.6.RELEASE]
	at org.springframework.core.io.support.PropertiesLoaderUtils.fillProperties(PropertiesLoaderUtils.java:99) ~[spring-core-5.0.6.RELEASE.jar:5.0.6.RELEASE]
	at org.springframework.core.io.support.PropertiesLoaderUtils.fillProperties(PropertiesLoaderUtils.java:73) ~[spring-core-5.0.6.RELEASE.jar:5.0.6.RELEASE]
	at org.springframework.core.io.support.PropertiesLoaderUtils.loadProperties(PropertiesLoaderUtils.java:59) ~[spring-core-5.0.6.RELEASE.jar:5.0.6.RELEASE]
	at org.springframework.core.io.support.ResourcePropertySource.<init>(ResourcePropertySource.java:67) ~[spring-core-5.0.6.RELEASE.jar:5.0.6.RELEASE]
	at org.springframework.core.io.support.DefaultPropertySourceFactory.createPropertySource(DefaultPropertySourceFactory.java:37) ~[spring-core-5.0.6.RELEASE.jar:5.0.6.RELEASE]
	at org.springframework.context.annotation.ConfigurationClassParser.processPropertySource(ConfigurationClassParser.java:453) ~[spring-context-5.0.6.RELEASE.jar:5.0.6.RELEASE]
	at org.springframework.context.annotation.ConfigurationClassParser.doProcessConfigurationClass(ConfigurationClassParser.java:272) ~[spring-context-5.0.6.RELEASE.jar:5.0.6.RELEASE]
	at org.springframework.context.annotation.ConfigurationClassParser.processConfigurationClass(ConfigurationClassParser.java:245) ~[spring-context-5.0.6.RELEASE.jar:5.0.6.RELEASE]
	at org.springframework.context.annotation.ConfigurationClassParser.parse(ConfigurationClassParser.java:194) ~[spring-context-5.0.6.RELEASE.jar:5.0.6.RELEASE]
	at org.springframework.context.annotation.ConfigurationClassParser.doProcessConfigurationClass(ConfigurationClassParser.java:296) ~[spring-context-5.0.6.RELEASE.jar:5.0.6.RELEASE]
	at org.springframework.context.annotation.ConfigurationClassParser.processConfigurationClass(ConfigurationClassParser.java:245) ~[spring-context-5.0.6.RELEASE.jar:5.0.6.RELEASE]
	at org.springframework.context.annotation.ConfigurationClassParser.parse(ConfigurationClassParser.java:202) ~[spring-context-5.0.6.RELEASE.jar:5.0.6.RELEASE]
	at org.springframework.context.annotation.ConfigurationClassParser.parse(ConfigurationClassParser.java:170) ~[spring-context-5.0.6.RELEASE.jar:5.0.6.RELEASE]
	... 39 common frames omitted

2018-06-10 15:59:46.008 ERROR 194 --- [           main] o.s.test.context.TestContextManager      : Caught exception while allowing TestExecutionListener [org.springframework.test.context.web.ServletTestExecutionListener@5bda8e08] to prepare test instance [nl.eimertvink.salaryapi.SalaryApiApplicationTests@95e33cc]

java.lang.IllegalStateException: Failed to load ApplicationContext
	at org.springframework.test.context.cache.DefaultCacheAwareContextLoaderDelegate.loadContext(DefaultCacheAwareContextLoaderDelegate.java:125) ~[spring-test-5.0.6.RELEASE.jar:5.0.6.RELEASE]
	at org.springframework.test.context.support.DefaultTestContext.getApplicationContext(DefaultTestContext.java:108) ~[spring-test-5.0.6.RELEASE.jar:5.0.6.RELEASE]
	at org.springframework.test.context.web.ServletTestExecutionListener.setUpRequestContextIfNecessary(ServletTestExecutionListener.java:190) ~[spring-test-5.0.6.RELEASE.jar:5.0.6.RELEASE]
	at org.springframework.test.context.web.ServletTestExecutionListener.prepareTestInstance(ServletTestExecutionListener.java:132) ~[spring-test-5.0.6.RELEASE.jar:5.0.6.RELEASE]
	at org.springframework.test.context.TestContextManager.prepareTestInstance(TestContextManager.java:246) ~[spring-test-5.0.6.RELEASE.jar:5.0.6.RELEASE]
	at org.springframework.test.context.junit4.SpringJUnit4ClassRunner.createTest(SpringJUnit4ClassRunner.java:227) [spring-test-5.0.6.RELEASE.jar:5.0.6.RELEASE]
	at org.springframework.test.context.junit4.SpringJUnit4ClassRunner$1.runReflectiveCall(SpringJUnit4ClassRunner.java:289) [spring-test-5.0.6.RELEASE.jar:5.0.6.RELEASE]
	at org.junit.internal.runners.model.ReflectiveCallable.run(ReflectiveCallable.java:12) [junit-4.12.jar:4.12]
	at org.springframework.test.context.junit4.SpringJUnit4ClassRunner.methodBlock(SpringJUnit4ClassRunner.java:291) [spring-test-5.0.6.RELEASE.jar:5.0.6.RELEASE]
	at org.springframework.test.context.junit4.SpringJUnit4ClassRunner.runChild(SpringJUnit4ClassRunner.java:246) [spring-test-5.0.6.RELEASE.jar:5.0.6.RELEASE]
	at org.springframework.test.context.junit4.SpringJUnit4ClassRunner.runChild(SpringJUnit4ClassRunner.java:97) [spring-test-5.0.6.RELEASE.jar:5.0.6.RELEASE]
	at org.junit.runners.ParentRunner$3.run(ParentRunner.java:290) [junit-4.12.jar:4.12]
	at org.junit.runners.ParentRunner$1.schedule(ParentRunner.java:71) [junit-4.12.jar:4.12]
	at org.junit.runners.ParentRunner.runChildren(ParentRunner.java:288) [junit-4.12.jar:4.12]
	at org.junit.runners.ParentRunner.access$000(ParentRunner.java:58) [junit-4.12.jar:4.12]
	at org.junit.runners.ParentRunner$2.evaluate(ParentRunner.java:268) [junit-4.12.jar:4.12]
	at org.springframework.test.context.junit4.statements.RunBeforeTestClassCallbacks.evaluate(RunBeforeTestClassCallbacks.java:61) [spring-test-5.0.6.RELEASE.jar:5.0.6.RELEASE]
	at org.springframework.test.context.junit4.statements.RunAfterTestClassCallbacks.evaluate(RunAfterTestClassCallbacks.java:70) [spring-test-5.0.6.RELEASE.jar:5.0.6.RELEASE]
	at org.junit.runners.ParentRunner.run(ParentRunner.java:363) [junit-4.12.jar:4.12]
	at org.springframework.test.context.junit4.SpringJUnit4ClassRunner.run(SpringJUnit4ClassRunner.java:190) [spring-test-5.0.6.RELEASE.jar:5.0.6.RELEASE]
	at org.apache.maven.surefire.junit4.JUnit4Provider.execute(JUnit4Provider.java:365) [surefire-junit4-2.21.0.jar:2.21.0]
	at org.apache.maven.surefire.junit4.JUnit4Provider.executeWithRerun(JUnit4Provider.java:273) [surefire-junit4-2.21.0.jar:2.21.0]
	at org.apache.maven.surefire.junit4.JUnit4Provider.executeTestSet(JUnit4Provider.java:238) [surefire-junit4-2.21.0.jar:2.21.0]
	at org.apache.maven.surefire.junit4.JUnit4Provider.invoke(JUnit4Provider.java:159) [surefire-junit4-2.21.0.jar:2.21.0]
	at org.apache.maven.surefire.booter.ForkedBooter.invokeProviderInSameClassLoader(ForkedBooter.java:379) [surefire-booter-2.21.0.jar:2.21.0]
	at org.apache.maven.surefire.booter.ForkedBooter.runSuitesInProcess(ForkedBooter.java:340) [surefire-booter-2.21.0.jar:2.21.0]
	at org.apache.maven.surefire.booter.ForkedBooter.execute(ForkedBooter.java:125) [surefire-booter-2.21.0.jar:2.21.0]
	at org.apache.maven.surefire.booter.ForkedBooter.main(ForkedBooter.java:413) [surefire-booter-2.21.0.jar:2.21.0]
Caused by: org.springframework.beans.factory.BeanDefinitionStoreException: Failed to parse configuration class [nl.eimertvink.SalaryApiApplication]; nested exception is java.io.FileNotFoundException: Could not open ServletContext resource [/application.properties]
	at org.springframework.context.annotation.ConfigurationClassParser.parse(ConfigurationClassParser.java:184) ~[spring-context-5.0.6.RELEASE.jar:5.0.6.RELEASE]
	at org.springframework.context.annotation.ConfigurationClassPostProcessor.processConfigBeanDefinitions(ConfigurationClassPostProcessor.java:316) ~[spring-context-5.0.6.RELEASE.jar:5.0.6.RELEASE]
	at org.springframework.context.annotation.ConfigurationClassPostProcessor.postProcessBeanDefinitionRegistry(ConfigurationClassPostProcessor.java:233) ~[spring-context-5.0.6.RELEASE.jar:5.0.6.RELEASE]
	at org.springframework.context.support.PostProcessorRegistrationDelegate.invokeBeanDefinitionRegistryPostProcessors(PostProcessorRegistrationDelegate.java:273) ~[spring-context-5.0.6.RELEASE.jar:5.0.6.RELEASE]
	at org.springframework.context.support.PostProcessorRegistrationDelegate.invokeBeanFactoryPostProcessors(PostProcessorRegistrationDelegate.java:93) ~[spring-context-5.0.6.RELEASE.jar:5.0.6.RELEASE]
	at org.springframework.context.support.AbstractApplicationContext.invokeBeanFactoryPostProcessors(AbstractApplicationContext.java:694) ~[spring-context-5.0.6.RELEASE.jar:5.0.6.RELEASE]
	at org.springframework.context.support.AbstractApplicationContext.refresh(AbstractApplicationContext.java:532) ~[spring-context-5.0.6.RELEASE.jar:5.0.6.RELEASE]
	at org.springframework.boot.SpringApplication.refresh(SpringApplication.java:759) ~[spring-boot-2.0.2.RELEASE.jar:2.0.2.RELEASE]
	at org.springframework.boot.SpringApplication.refreshContext(SpringApplication.java:395) ~[spring-boot-2.0.2.RELEASE.jar:2.0.2.RELEASE]
	at org.springframework.boot.SpringApplication.run(SpringApplication.java:327) ~[spring-boot-2.0.2.RELEASE.jar:2.0.2.RELEASE]
	at org.springframework.boot.test.context.SpringBootContextLoader.loadContext(SpringBootContextLoader.java:139) ~[spring-boot-test-2.0.2.RELEASE.jar:2.0.2.RELEASE]
	at org.springframework.test.context.cache.DefaultCacheAwareContextLoaderDelegate.loadContextInternal(DefaultCacheAwareContextLoaderDelegate.java:99) ~[spring-test-5.0.6.RELEASE.jar:5.0.6.RELEASE]
	at org.springframework.test.context.cache.DefaultCacheAwareContextLoaderDelegate.loadContext(DefaultCacheAwareContextLoaderDelegate.java:117) ~[spring-test-5.0.6.RELEASE.jar:5.0.6.RELEASE]
	... 27 common frames omitted
Caused by: java.io.FileNotFoundException: Could not open ServletContext resource [/application.properties]
	at org.springframework.web.context.support.ServletContextResource.getInputStream(ServletContextResource.java:159) ~[spring-web-5.0.6.RELEASE.jar:5.0.6.RELEASE]
	at org.springframework.core.io.support.EncodedResource.getInputStream(EncodedResource.java:159) ~[spring-core-5.0.6.RELEASE.jar:5.0.6.RELEASE]
	at org.springframework.core.io.support.PropertiesLoaderUtils.fillProperties(PropertiesLoaderUtils.java:99) ~[spring-core-5.0.6.RELEASE.jar:5.0.6.RELEASE]
	at org.springframework.core.io.support.PropertiesLoaderUtils.fillProperties(PropertiesLoaderUtils.java:73) ~[spring-core-5.0.6.RELEASE.jar:5.0.6.RELEASE]
	at org.springframework.core.io.support.PropertiesLoaderUtils.loadProperties(PropertiesLoaderUtils.java:59) ~[spring-core-5.0.6.RELEASE.jar:5.0.6.RELEASE]
	at org.springframework.core.io.support.ResourcePropertySource.<init>(ResourcePropertySource.java:67) ~[spring-core-5.0.6.RELEASE.jar:5.0.6.RELEASE]
	at org.springframework.core.io.support.DefaultPropertySourceFactory.createPropertySource(DefaultPropertySourceFactory.java:37) ~[spring-core-5.0.6.RELEASE.jar:5.0.6.RELEASE]
	at org.springframework.context.annotation.ConfigurationClassParser.processPropertySource(ConfigurationClassParser.java:453) ~[spring-context-5.0.6.RELEASE.jar:5.0.6.RELEASE]
	at org.springframework.context.annotation.ConfigurationClassParser.doProcessConfigurationClass(ConfigurationClassParser.java:272) ~[spring-context-5.0.6.RELEASE.jar:5.0.6.RELEASE]
	at org.springframework.context.annotation.ConfigurationClassParser.processConfigurationClass(ConfigurationClassParser.java:245) ~[spring-context-5.0.6.RELEASE.jar:5.0.6.RELEASE]
	at org.springframework.context.annotation.ConfigurationClassParser.parse(ConfigurationClassParser.java:194) ~[spring-context-5.0.6.RELEASE.jar:5.0.6.RELEASE]
	at org.springframework.context.annotation.ConfigurationClassParser.doProcessConfigurationClass(ConfigurationClassParser.java:296) ~[spring-context-5.0.6.RELEASE.jar:5.0.6.RELEASE]
	at org.springframework.context.annotation.ConfigurationClassParser.processConfigurationClass(ConfigurationClassParser.java:245) ~[spring-context-5.0.6.RELEASE.jar:5.0.6.RELEASE]
	at org.springframework.context.annotation.ConfigurationClassParser.parse(ConfigurationClassParser.java:202) ~[spring-context-5.0.6.RELEASE.jar:5.0.6.RELEASE]
	at org.springframework.context.annotation.ConfigurationClassParser.parse(ConfigurationClassParser.java:170) ~[spring-context-5.0.6.RELEASE.jar:5.0.6.RELEASE]
	... 39 common frames omitted

]]></system-out>
  </testcase>
</testsuite>