<?xml version="1.0" encoding="UTF-8"?>
<testsuite xmlns:xsi="http://www.w3.org/2001/XMLSchema-instance" xsi:schemaLocation="https://maven.apache.org/surefire/maven-surefire-plugin/xsd/surefire-test-report.xsd" name="org.springframework.data.redis.core.convert.MappingRedisConverterUnitTests" time="1.715" tests="126" errors="0" skipped="0" failures="0">
  <properties>
    <property name="java.runtime.name" value="OpenJDK Runtime Environment"/>
    <property name="sun.boot.library.path" value="/usr/lib/jvm/java-8-openjdk-amd64/jre/lib/amd64"/>
    <property name="java.vm.version" value="25.121-b13"/>
    <property name="java.vm.vendor" value="Oracle Corporation"/>
    <property name="maven.multiModuleProjectDirectory" value="/root/workspace/spring-projects/spring-data-redis/388703425"/>
    <property name="java.vendor.url" value="http://java.oracle.com/"/>
    <property name="path.separator" value=":"/>
    <property name="guice.disable.misplaced.annotation.check" value="true"/>
    <property name="skip.gulp" value="true"/>
    <property name="java.vm.name" value="OpenJDK 64-Bit Server VM"/>
    <property name="file.encoding.pkg" value="sun.io"/>
    <property name="sun.java.launcher" value="SUN_STANDARD"/>
    <property name="sun.os.patch.level" value="unknown"/>
    <property name="findbugs.skip" value="true"/>
    <property name="java.vm.specification.name" value="Java Virtual Machine Specification"/>
    <property name="user.dir" value="/root/workspace/spring-projects/spring-data-redis/388703425"/>
    <property name="checkstyle.skip" value="true"/>
    <property name="java.runtime.version" value="1.8.0_121-8u121-b13-1~bpo8+1-b13"/>
    <property name="java.awt.graphicsenv" value="sun.awt.X11GraphicsEnvironment"/>
    <property name="skip.npm" value="true"/>
    <property name="java.endorsed.dirs" value="/usr/lib/jvm/java-8-openjdk-amd64/jre/lib/endorsed"/>
    <property name="os.arch" value="amd64"/>
    <property name="java.io.tmpdir" value="/tmp"/>
    <property name="gpg.skip" value="true"/>
    <property name="line.separator" value="&#10;"/>
    <property name="java.vm.specification.vendor" value="Oracle Corporation"/>
    <property name="cobertura.skip" value="true"/>
    <property name="os.name" value="Linux"/>
    <property name="classworlds.conf" value="/usr/share/maven/bin/m2.conf"/>
    <property name="sun.jnu.encoding" value="UTF-8"/>
    <property name="java.library.path" value="/usr/java/packages/lib/amd64:/usr/lib/x86_64-linux-gnu/jni:/lib/x86_64-linux-gnu:/usr/lib/x86_64-linux-gnu:/usr/lib/jni:/lib:/usr/lib"/>
    <property name="license.skip" value="true"/>
    <property name="java.specification.name" value="Java Platform API Specification"/>
    <property name="java.class.version" value="52.0"/>
    <property name="sun.management.compiler" value="HotSpot 64-Bit Tiered Compilers"/>
    <property name="skip.bower" value="true"/>
    <property name="maven.repo.local" value="/root/./workspace/spring-projects/spring-data-redis/388703425/.m2"/>
    <property name="os.version" value="3.10.0-862.3.2.el7.x86_64"/>
    <property name="user.home" value="/root"/>
    <property name="user.timezone" value="Europe/Paris"/>
    <property name="java.awt.printerjob" value="sun.print.PSPrinterJob"/>
    <property name="java.specification.version" value="1.8"/>
    <property name="file.encoding" value="UTF-8"/>
    <property name="user.name" value="root"/>
    <property name="java.class.path" value="/usr/share/maven/boot/plexus-classworlds-2.5.2.jar"/>
    <property name="skipITs" value="true"/>
    <property name="java.vm.specification.version" value="1.8"/>
    <property name="sun.arch.data.model" value="64"/>
    <property name="java.home" value="/usr/lib/jvm/java-8-openjdk-amd64/jre"/>
    <property name="sun.java.command" value="org.codehaus.plexus.classworlds.launcher.Launcher -B -D enforcer.skip=true -D dependency-check.skip=true -D skipITs=true -D cobertura.skip=true -D maven.repo.local=/root/./workspace/spring-projects/spring-data-redis/388703425/.m2 -D rat.skip=true -D findbugs.skip=true -D skip.bower=true -D gpg.skip=true -D checkstyle.skip=true -D skip.gulp=true -D license.skip=true -D skip.npm=true test"/>
    <property name="java.specification.vendor" value="Oracle Corporation"/>
    <property name="user.language" value="en"/>
    <property name="awt.toolkit" value="sun.awt.X11.XToolkit"/>
    <property name="dependency-check.skip" value="true"/>
    <property name="java.vm.info" value="mixed mode"/>
    <property name="java.version" value="1.8.0_121"/>
    <property name="java.ext.dirs" value="/usr/lib/jvm/java-8-openjdk-amd64/jre/lib/ext:/usr/java/packages/lib/ext"/>
    <property name="securerandom.source" value="file:/dev/./urandom"/>
    <property name="sun.boot.class.path" value="/usr/lib/jvm/java-8-openjdk-amd64/jre/lib/resources.jar:/usr/lib/jvm/java-8-openjdk-amd64/jre/lib/rt.jar:/usr/lib/jvm/java-8-openjdk-amd64/jre/lib/sunrsasign.jar:/usr/lib/jvm/java-8-openjdk-amd64/jre/lib/jsse.jar:/usr/lib/jvm/java-8-openjdk-amd64/jre/lib/jce.jar:/usr/lib/jvm/java-8-openjdk-amd64/jre/lib/charsets.jar:/usr/lib/jvm/java-8-openjdk-amd64/jre/lib/jfr.jar:/usr/lib/jvm/java-8-openjdk-amd64/jre/classes"/>
    <property name="java.vendor" value="Oracle Corporation"/>
    <property name="enforcer.skip" value="true"/>
    <property name="rat.skip" value="true"/>
    <property name="maven.home" value="/usr/share/maven"/>
    <property name="file.separator" value="/"/>
    <property name="java.vendor.url.bug" value="http://bugreport.sun.com/bugreport/"/>
    <property name="sun.cpu.endian" value="little"/>
    <property name="sun.io.unicode.encoding" value="UnicodeLittle"/>
    <property name="sun.cpu.isalist" value=""/>
  </properties>
  <testcase name="readConvertsListOfSimplePropertiesCorrectly" classname="org.springframework.data.redis.core.convert.MappingRedisConverterUnitTests" time="0.055"/>
  <testcase name="writeShouldWritePartialUpdatePathWithSimpleMapValueWhenNotPassedInAsCollectionCorrectly" classname="org.springframework.data.redis.core.convert.MappingRedisConverterUnitTests" time="0.023"/>
  <testcase name="writeDoesNotTTLWhenNotPresent" classname="org.springframework.data.redis.core.convert.MappingRedisConverterUnitTests" time="0.02"/>
  <testcase name="readListComplexPropertyCorrectlyAndConsidersClassTypeInformation" classname="org.springframework.data.redis.core.convert.MappingRedisConverterUnitTests" time="0.028"/>
  <testcase name="readMapWithDecimalMapKeyCorrectly" classname="org.springframework.data.redis.core.convert.MappingRedisConverterUnitTests" time="0.011"/>
  <testcase name="writeHandlesArraysOfPrimitivesProperly" classname="org.springframework.data.redis.core.convert.MappingRedisConverterUnitTests" time="0.011"/>
  <testcase name="readShouldHonorCustomConversionOnNestedType" classname="org.springframework.data.redis.core.convert.MappingRedisConverterUnitTests" time="0.086"/>
  <testcase name="writeShouldThrowExceptionForUpdateValueInCollectionNotAssignableToDomainTypeProperty" classname="org.springframework.data.redis.core.convert.MappingRedisConverterUnitTests" time="0.013"/>
  <testcase name="writeAppendsTypeHintForRootCorrectly" classname="org.springframework.data.redis.core.convert.MappingRedisConverterUnitTests" time="0.016"/>
  <testcase name="writeAppendsKeyCorrectly" classname="org.springframework.data.redis.core.convert.MappingRedisConverterUnitTests" time="0.017"/>
  <testcase name="readMapWithDateMapKeyCorrectly" classname="org.springframework.data.redis.core.convert.MappingRedisConverterUnitTests" time="0.031"/>
  <testcase name="writeShouldConsiderTimeToLiveConfiguration" classname="org.springframework.data.redis.core.convert.MappingRedisConverterUnitTests" time="0.01"/>
  <testcase name="writeShouldWritePartialUpdatePathWithComplexListValueWhenNotPassedInAsCollectionWithPositionalParameterCorrectly" classname="org.springframework.data.redis.core.convert.MappingRedisConverterUnitTests" time="0.034"/>
  <testcase name="writeShouldWritePartialUpdatePathWithComplexMapValueWhenNotPassedInAsCollectionCorrectly" classname="org.springframework.data.redis.core.convert.MappingRedisConverterUnitTests" time="0.016"/>
  <testcase name="readHandlesArraysOfPrimitivesProperly" classname="org.springframework.data.redis.core.convert.MappingRedisConverterUnitTests" time="0.01"/>
  <testcase name="writeMapWithDecimalMapKeyCorrectly" classname="org.springframework.data.redis.core.convert.MappingRedisConverterUnitTests" time="0.009"/>
  <testcase name="readConvertsUnorderedListOfSimplePropertiesCorrectly" classname="org.springframework.data.redis.core.convert.MappingRedisConverterUnitTests" time="0.019"/>
  <testcase name="writeShouldAppendTyeHintToObjectMapValueTypesCorrectly" classname="org.springframework.data.redis.core.convert.MappingRedisConverterUnitTests" time="0.012"/>
  <testcase name="readEntityViaConstructor" classname="org.springframework.data.redis.core.convert.MappingRedisConverterUnitTests" time="0.019"/>
  <testcase name="readsDateValuesCorrectly" classname="org.springframework.data.redis.core.convert.MappingRedisConverterUnitTests" time="0.017"/>
  <testcase name="writeShouldWritePartialUpdatePathWithListOfReferencesCorrectly" classname="org.springframework.data.redis.core.convert.MappingRedisConverterUnitTests" time="0.012"/>
  <testcase name="writesIntegerValuesCorrectly" classname="org.springframework.data.redis.core.convert.MappingRedisConverterUnitTests" time="0.013"/>
  <testcase name="writeSingleReferenceOnRootCorrectly" classname="org.springframework.data.redis.core.convert.MappingRedisConverterUnitTests" time="0.01"/>
  <testcase name="readsStringBooleanValuesCorrectly" classname="org.springframework.data.redis.core.convert.MappingRedisConverterUnitTests" time="0.012"/>
  <testcase name="readLoadsListOfReferencesOnRootCorrectly" classname="org.springframework.data.redis.core.convert.MappingRedisConverterUnitTests" time="0.014"/>
  <testcase name="writeShouldThrowExceptionOnPartialUpdatePathWithSimpleMapValueWhenItsASingleValueWithoutPath" classname="org.springframework.data.redis.core.convert.MappingRedisConverterUnitTests" time="0.007"/>
  <testcase name="readsLocalTimeValuesCorrectly" classname="org.springframework.data.redis.core.convert.MappingRedisConverterUnitTests" time="0.011"/>
  <testcase name="writeAppendsListOfComplexObjectsCorrectly" classname="org.springframework.data.redis.core.convert.MappingRedisConverterUnitTests" time="0.011"/>
  <testcase name="writeAppendsMapWithSimpleKeyCorrectly" classname="org.springframework.data.redis.core.convert.MappingRedisConverterUnitTests" time="0.008"/>
  <testcase name="writeShouldConsiderMapConvertersInsideLists" classname="org.springframework.data.redis.core.convert.MappingRedisConverterUnitTests" time="0.013"/>
  <testcase name="readConvertsUnorderedListOfSimpleIntegerPropertiesCorrectly" classname="org.springframework.data.redis.core.convert.MappingRedisConverterUnitTests" time="0.012"/>
  <testcase name="readConsidersClassTypeInformationCorrectlyForNonMatchingTypes" classname="org.springframework.data.redis.core.convert.MappingRedisConverterUnitTests" time="0.02"/>
  <testcase name="readsLocalDateTimeValuesCorrectly" classname="org.springframework.data.redis.core.convert.MappingRedisConverterUnitTests" time="0.011"/>
  <testcase name="writeHandlesArraysOfSimpleTypeProperly" classname="org.springframework.data.redis.core.convert.MappingRedisConverterUnitTests" time="0.005"/>
  <testcase name="writesPeriodValuesCorrectly" classname="org.springframework.data.redis.core.convert.MappingRedisConverterUnitTests" time="0.008"/>
  <testcase name="readLoadsReferenceDataOnNestedElementCorrectly" classname="org.springframework.data.redis.core.convert.MappingRedisConverterUnitTests" time="0.015"/>
  <testcase name="writeShouldAppendTyeHintToObjectListValueTypesCorrectly" classname="org.springframework.data.redis.core.convert.MappingRedisConverterUnitTests" time="0.007"/>
  <testcase name="writeHandlesArraysOfComplexTypeProperly" classname="org.springframework.data.redis.core.convert.MappingRedisConverterUnitTests" time="0.007"/>
  <testcase name="writeShouldUseDefaultTimeToLiveIfPropertyIsPresentButNull" classname="org.springframework.data.redis.core.convert.MappingRedisConverterUnitTests" time="0.009"/>
  <testcase name="writeShouldWritePartialUpdatePathWithComplexListValueCorrectly" classname="org.springframework.data.redis.core.convert.MappingRedisConverterUnitTests" time="0.007"/>
  <testcase name="readsEnumValuesCorrectly" classname="org.springframework.data.redis.core.convert.MappingRedisConverterUnitTests" time="0.011"/>
  <testcase name="writesInstantValuesCorrectly" classname="org.springframework.data.redis.core.convert.MappingRedisConverterUnitTests" time="0.008"/>
  <testcase name="writesBooleanValuesCorrectly" classname="org.springframework.data.redis.core.convert.MappingRedisConverterUnitTests" time="0.008"/>
  <testcase name="readHandlesArraysOfSimpleTypeProperly" classname="org.springframework.data.redis.core.convert.MappingRedisConverterUnitTests" time="0.006"/>
  <testcase name="writeShouldThrowExceptionForUpdateMapValueNotAssignableToDomainTypeProperty" classname="org.springframework.data.redis.core.convert.MappingRedisConverterUnitTests" time="0.01"/>
  <testcase name="readConvertsSimplePropertiesCorrectly" classname="org.springframework.data.redis.core.convert.MappingRedisConverterUnitTests" time="0.01"/>
  <testcase name="writesLocalDateTimeValuesCorrectly" classname="org.springframework.data.redis.core.convert.MappingRedisConverterUnitTests" time="0.009"/>
  <testcase name="writeShouldHonorIndexAnnotationsOnWhenCustomConversionOnNestedype" classname="org.springframework.data.redis.core.convert.MappingRedisConverterUnitTests" time="0.029"/>
  <testcase name="writeHandlesArraysProperly" classname="org.springframework.data.redis.core.convert.MappingRedisConverterUnitTests" time="0.069"/>
  <testcase name="readLoadsReferenceDataOnRootCorrectly" classname="org.springframework.data.redis.core.convert.MappingRedisConverterUnitTests" time="0.013"/>
  <testcase name="writeShouldConsiderMapConvertersForNestedType" classname="org.springframework.data.redis.core.convert.MappingRedisConverterUnitTests" time="0.014"/>
  <testcase name="writeShouldWritePartialUpdatePathWithSimpleMapValueCorrectly" classname="org.springframework.data.redis.core.convert.MappingRedisConverterUnitTests" time="0.007"/>
  <testcase name="shouldWriteReadObjectMapValueTypeCorrectly" classname="org.springframework.data.redis.core.convert.MappingRedisConverterUnitTests" time="0.006"/>
  <testcase name="readSimpleMapValuesCorrectly" classname="org.springframework.data.redis.core.convert.MappingRedisConverterUnitTests" time="0.009"/>
  <testcase name="writeShouldHonorIndexOnCustomConversionForNestedType" classname="org.springframework.data.redis.core.convert.MappingRedisConverterUnitTests" time="0.012"/>
  <testcase name="readUnorderedListOfComplexPropertyCorrectly" classname="org.springframework.data.redis.core.convert.MappingRedisConverterUnitTests" time="0.012"/>
  <testcase name="readMapWithIntegerKeysAndComplexObjectsCorrectly" classname="org.springframework.data.redis.core.convert.MappingRedisConverterUnitTests" time="0.012"/>
  <testcase name="writeAppendsClassTypeInformationCorrectlyForMapWithComplexObjects" classname="org.springframework.data.redis.core.convert.MappingRedisConverterUnitTests" time="0.014"/>
  <testcase name="readMapWithComplexObjectsCorrectly" classname="org.springframework.data.redis.core.convert.MappingRedisConverterUnitTests" time="0.01"/>
  <testcase name="writeSkipsTypeHintIfConfigured" classname="org.springframework.data.redis.core.convert.MappingRedisConverterUnitTests" time="0.01"/>
  <testcase name="writeShouldThrowExceptionForUpdateValueNotAssignableToDomainTypeProperty" classname="org.springframework.data.redis.core.convert.MappingRedisConverterUnitTests" time="0.005"/>
  <testcase name="readsLocalDateValuesCorrectly" classname="org.springframework.data.redis.core.convert.MappingRedisConverterUnitTests" time="0.01"/>
  <testcase name="writeShouldWritePartialUpdatePathWithComplexMapValueCorrectly" classname="org.springframework.data.redis.core.convert.MappingRedisConverterUnitTests" time="0.008"/>
  <testcase name="writeAddsClassTypeInformationCorrectlyForNonMatchingTypes" classname="org.springframework.data.redis.core.convert.MappingRedisConverterUnitTests" time="0.011"/>
  <testcase name="shouldWriteReadObjectListValueTypeCorrectly" classname="org.springframework.data.redis.core.convert.MappingRedisConverterUnitTests" time="0.005"/>
  <testcase name="readConsidersClassTypeInformationCorrectlyForMapWithComplexObjects" classname="org.springframework.data.redis.core.convert.MappingRedisConverterUnitTests" time="0.021"/>
  <testcase name="readShouldHonorCustomConversionOnRootType" classname="org.springframework.data.redis.core.convert.MappingRedisConverterUnitTests" time="0.007"/>
  <testcase name="writesDurationValuesCorrectly" classname="org.springframework.data.redis.core.convert.MappingRedisConverterUnitTests" time="0.012"/>
  <testcase name="writeShouldWritePartialUpdateNestedPathWithSimpleValueCorrectly" classname="org.springframework.data.redis.core.convert.MappingRedisConverterUnitTests" time="0.008"/>
  <testcase name="readHandlesArraysOfComplexTypeProperly" classname="org.springframework.data.redis.core.convert.MappingRedisConverterUnitTests" time="0.01"/>
  <testcase name="writeAppendsListOfSimplePropertiesCorrectly" classname="org.springframework.data.redis.core.convert.MappingRedisConverterUnitTests" time="0.011"/>
  <testcase name="readListComplexPropertyCorrectly" classname="org.springframework.data.redis.core.convert.MappingRedisConverterUnitTests" time="0.016"/>
  <testcase name="writeHandlesArraysOfObjectTypeProperly" classname="org.springframework.data.redis.core.convert.MappingRedisConverterUnitTests" time="0.008"/>
  <testcase name="readShouldConsiderMapConvertersForValuesInList" classname="org.springframework.data.redis.core.convert.MappingRedisConverterUnitTests" time="0.015"/>
  <testcase name="writeDoesNotAppendPropertiesWithNullValues" classname="org.springframework.data.redis.core.convert.MappingRedisConverterUnitTests" time="0.007"/>
  <testcase name="writeMapWithDateMapKeyCorrectly" classname="org.springframework.data.redis.core.convert.MappingRedisConverterUnitTests" time="0.004"/>
  <testcase name="writesZoneIdValuesCorrectly" classname="org.springframework.data.redis.core.convert.MappingRedisConverterUnitTests" time="0.018"/>
  <testcase name="readsInstantValuesCorrectly" classname="org.springframework.data.redis.core.convert.MappingRedisConverterUnitTests" time="0.011"/>
  <testcase name="writeShouldThrowExceptionForUpdateValueInMapNotAssignableToDomainTypeProperty" classname="org.springframework.data.redis.core.convert.MappingRedisConverterUnitTests" time="0.007"/>
  <testcase name="writeShouldWritePartialUpdatePathWithComplexListValueWhenNotPassedInAsCollectionCorrectly" classname="org.springframework.data.redis.core.convert.MappingRedisConverterUnitTests" time="0.009"/>
  <testcase name="writeShouldWritePartialUpdateSimpleValueCorrectly" classname="org.springframework.data.redis.core.convert.MappingRedisConverterUnitTests" time="0.01"/>
  <testcase name="writeShouldHonorCustomConversionOnNestedType" classname="org.springframework.data.redis.core.convert.MappingRedisConverterUnitTests" time="0.013"/>
  <testcase name="readsBooleanValuesCorrectly" classname="org.springframework.data.redis.core.convert.MappingRedisConverterUnitTests" time="0.012"/>
  <testcase name="readsPeriodValuesCorrectly" classname="org.springframework.data.redis.core.convert.MappingRedisConverterUnitTests" time="0.011"/>
  <testcase name="writeShouldWritePartialUpdatePathWithSimpleListValueWhenNotPassedInAsCollectionWithPositionalParameterCorrectly" classname="org.springframework.data.redis.core.convert.MappingRedisConverterUnitTests" time="0.007"/>
  <testcase name="writeShouldWritePartialUpdatePathWithSimpleMapValueWhenNotPassedInAsCollectionWithPositionalParameterCorrectly" classname="org.springframework.data.redis.core.convert.MappingRedisConverterUnitTests" time="0.006"/>
  <testcase name="writesLocalTimeValuesCorrectly" classname="org.springframework.data.redis.core.convert.MappingRedisConverterUnitTests" time="0.01"/>
  <testcase name="writeShouldHonorCustomConversionOnRootType" classname="org.springframework.data.redis.core.convert.MappingRedisConverterUnitTests" time="0.005"/>
  <testcase name="readHandlesArraysOfObjectTypeProperly" classname="org.springframework.data.redis.core.convert.MappingRedisConverterUnitTests" time="0.01"/>
  <testcase name="writeShouldConsiderKeyspaceConfiguration" classname="org.springframework.data.redis.core.convert.MappingRedisConverterUnitTests" time="0.005"/>
  <testcase name="writeListOfReferencesOnRootCorrectly" classname="org.springframework.data.redis.core.convert.MappingRedisConverterUnitTests" time="0.011"/>
  <testcase name="shouldWriteReadObjectPropertyValueTypeCorrectly" classname="org.springframework.data.redis.core.convert.MappingRedisConverterUnitTests" time="0.006"/>
  <testcase name="writeAppendsSimpleRootPropertyCorrectly" classname="org.springframework.data.redis.core.convert.MappingRedisConverterUnitTests" time="0.01"/>
  <testcase name="writeShouldThrowExceptionForUpdateCollectionValueNotAssignableToDomainTypeProperty" classname="org.springframework.data.redis.core.convert.MappingRedisConverterUnitTests" time="0.007"/>
  <testcase name="writeShouldWritePartialUpdatePathWithSimpleListValueWhenNotPassedInAsCollectionCorrectly" classname="org.springframework.data.redis.core.convert.MappingRedisConverterUnitTests" time="0.006"/>
  <testcase name="readComplexPropertyCorrectly" classname="org.springframework.data.redis.core.convert.MappingRedisConverterUnitTests" time="0.015"/>
  <testcase name="writeAppendsMapWithComplexObjectsCorrectly" classname="org.springframework.data.redis.core.convert.MappingRedisConverterUnitTests" time="0.011"/>
  <testcase name="writeDoesNotAddClassTypeInformationCorrectlyForMatchingTypes" classname="org.springframework.data.redis.core.convert.MappingRedisConverterUnitTests" time="0.013"/>
  <testcase name="readsZonedDateTimeValuesCorrectly" classname="org.springframework.data.redis.core.convert.MappingRedisConverterUnitTests" time="0.02"/>
  <testcase name="writeShouldPickUpTimeToLiveFromPropertyIfPresent" classname="org.springframework.data.redis.core.convert.MappingRedisConverterUnitTests" time="0.006"/>
  <testcase name="writeShouldNotAppendClassTypeHint" classname="org.springframework.data.redis.core.convert.MappingRedisConverterUnitTests" time="0.012"/>
  <testcase name="writeDoesNotAppendPropertiesWithEmptyCollections" classname="org.springframework.data.redis.core.convert.MappingRedisConverterUnitTests" time="0.011"/>
  <testcase name="readsDurationValuesCorrectly" classname="org.springframework.data.redis.core.convert.MappingRedisConverterUnitTests" time="0.013"/>
  <testcase name="writeShouldWritePartialUpdatePathWithSimpleValueCorrectly" classname="org.springframework.data.redis.core.convert.MappingRedisConverterUnitTests" time="0.007"/>
  <testcase name="writeShouldWritePartialUpdatePathWithComplexValueCorrectly" classname="org.springframework.data.redis.core.convert.MappingRedisConverterUnitTests" time="0.007"/>
  <testcase name="writeShouldWritePartialUpdatePathWithSimpleListValueCorrectly" classname="org.springframework.data.redis.core.convert.MappingRedisConverterUnitTests" time="0.005"/>
  <testcase name="writesLocalDateValuesCorrectly" classname="org.springframework.data.redis.core.convert.MappingRedisConverterUnitTests" time="0.009"/>
  <testcase name="writesZonedDateTimeValuesCorrectly" classname="org.springframework.data.redis.core.convert.MappingRedisConverterUnitTests" time="0.01"/>
  <testcase name="writesDateValuesCorrectly" classname="org.springframework.data.redis.core.convert.MappingRedisConverterUnitTests" time="0.009"/>
  <testcase name="readShouldHonorCustomConversionOnNestedTypeViaConstructorCreation" classname="org.springframework.data.redis.core.convert.MappingRedisConverterUnitTests" time="0.013"/>
  <testcase name="writeAppendsKeyCorrectlyWhenThereIsAnAdditionalIdFieldInNestedElement" classname="org.springframework.data.redis.core.convert.MappingRedisConverterUnitTests" time="0.014"/>
  <testcase name="writeSetsAnnotatedTimeToLiveCorrectly" classname="org.springframework.data.redis.core.convert.MappingRedisConverterUnitTests" time="0.005"/>
  <testcase name="writeAddsClassTypeInformationCorrectlyForNonMatchingTypesInCollections" classname="org.springframework.data.redis.core.convert.MappingRedisConverterUnitTests" time="0.017"/>
  <testcase name="readShouldConsiderMapConvertersForNestedType" classname="org.springframework.data.redis.core.convert.MappingRedisConverterUnitTests" time="0.013"/>
  <testcase name="writeSingleReferenceOnNestedElementCorrectly" classname="org.springframework.data.redis.core.convert.MappingRedisConverterUnitTests" time="0.012"/>
  <testcase name="readsZoneIdValuesCorrectly" classname="org.springframework.data.redis.core.convert.MappingRedisConverterUnitTests" time="0.01"/>
  <testcase name="readSimpleIntegerMapValuesCorrectly" classname="org.springframework.data.redis.core.convert.MappingRedisConverterUnitTests" time="0.005"/>
  <testcase name="readShouldConsiderMapConvertersForRootType" classname="org.springframework.data.redis.core.convert.MappingRedisConverterUnitTests" time="0.004"/>
  <testcase name="writeAppendsMapWithSimpleKeyOnNestedObjectCorrectly" classname="org.springframework.data.redis.core.convert.MappingRedisConverterUnitTests" time="0.009"/>
  <testcase name="writeShouldConsiderMapConvertersForRootType" classname="org.springframework.data.redis.core.convert.MappingRedisConverterUnitTests" time="0.006"/>
  <testcase name="writeShouldWritePartialUpdatePathWithRegisteredCustomConversionCorrectly" classname="org.springframework.data.redis.core.convert.MappingRedisConverterUnitTests" time="0.01"/>
  <testcase name="writeShouldWritePartialUpdatePathWithReferenceCorrectly" classname="org.springframework.data.redis.core.convert.MappingRedisConverterUnitTests" time="0.007"/>
  <testcase name="writeShouldAppendTyeHintToObjectPropertyValueTypesCorrectly" classname="org.springframework.data.redis.core.convert.MappingRedisConverterUnitTests" time="0.005"/>
  <testcase name="writesEnumValuesCorrectly" classname="org.springframework.data.redis.core.convert.MappingRedisConverterUnitTests" time="0.028"/>
  <testcase name="writeShouldWritePartialUpdatePathWithSimpleMapValueOnNestedElementCorrectly" classname="org.springframework.data.redis.core.convert.MappingRedisConverterUnitTests" time="0.013"/>
  <testcase name="writeAppendsComplexObjectCorrectly" classname="org.springframework.data.redis.core.convert.MappingRedisConverterUnitTests" time="0.029"/>
</testsuite>