<?xml version="1.0" encoding="UTF-8"?>
<testsuite name="edu.tamu.iiif.service.dspace.DSpacePresentationManifestServiceTest" time="0.003" tests="1" errors="0" skipped="0" failures="1">
  <properties>
    <property name="java.runtime.name" value="OpenJDK Runtime Environment"/>
    <property name="sun.boot.library.path" value="/usr/lib/jvm/java-8-openjdk-amd64/jre/lib/amd64"/>
    <property name="java.vm.version" value="25.121-b13"/>
    <property name="java.vm.vendor" value="Oracle Corporation"/>
    <property name="maven.multiModuleProjectDirectory" value="/root/workspace/TAMULib/IRIIIFService/388494172"/>
    <property name="java.vendor.url" value="http://java.oracle.com/"/>
    <property name="path.separator" value=":"/>
    <property name="guice.disable.misplaced.annotation.check" value="true"/>
    <property name="skip.gulp" value="true"/>
    <property name="java.vm.name" value="OpenJDK 64-Bit Server VM"/>
    <property name="file.encoding.pkg" value="sun.io"/>
    <property name="sun.java.launcher" value="SUN_STANDARD"/>
    <property name="sun.os.patch.level" value="unknown"/>
    <property name="findbugs.skip" value="true"/>
    <property name="java.vm.specification.name" value="Java Virtual Machine Specification"/>
    <property name="user.dir" value="/root/workspace/TAMULib/IRIIIFService/388494172"/>
    <property name="checkstyle.skip" value="true"/>
    <property name="java.runtime.version" value="1.8.0_121-8u121-b13-1~bpo8+1-b13"/>
    <property name="java.awt.graphicsenv" value="sun.awt.X11GraphicsEnvironment"/>
    <property name="skip.npm" value="true"/>
    <property name="java.endorsed.dirs" value="/usr/lib/jvm/java-8-openjdk-amd64/jre/lib/endorsed"/>
    <property name="os.arch" value="amd64"/>
    <property name="java.io.tmpdir" value="/tmp"/>
    <property name="gpg.skip" value="true"/>
    <property name="line.separator" value="&#10;"/>
    <property name="java.vm.specification.vendor" value="Oracle Corporation"/>
    <property name="cobertura.skip" value="true"/>
    <property name="os.name" value="Linux"/>
    <property name="classworlds.conf" value="/usr/share/maven/bin/m2.conf"/>
    <property name="sun.jnu.encoding" value="UTF-8"/>
    <property name="java.library.path" value="/usr/java/packages/lib/amd64:/usr/lib/x86_64-linux-gnu/jni:/lib/x86_64-linux-gnu:/usr/lib/x86_64-linux-gnu:/usr/lib/jni:/lib:/usr/lib"/>
    <property name="license.skip" value="true"/>
    <property name="java.specification.name" value="Java Platform API Specification"/>
    <property name="java.class.version" value="52.0"/>
    <property name="java.net.preferIPv4Stack" value="true"/>
    <property name="sun.management.compiler" value="HotSpot 64-Bit Tiered Compilers"/>
    <property name="skip.bower" value="true"/>
    <property name="maven.repo.local" value="/root/./workspace/TAMULib/IRIIIFService/388494172/.m2"/>
    <property name="os.version" value="3.10.0-862.3.2.el7.x86_64"/>
    <property name="user.home" value="/root"/>
    <property name="user.timezone" value="Europe/Paris"/>
    <property name="java.awt.printerjob" value="sun.print.PSPrinterJob"/>
    <property name="java.specification.version" value="1.8"/>
    <property name="file.encoding" value="UTF-8"/>
    <property name="user.name" value="root"/>
    <property name="java.class.path" value="/usr/share/maven/boot/plexus-classworlds-2.5.2.jar"/>
    <property name="skipITs" value="true"/>
    <property name="java.vm.specification.version" value="1.8"/>
    <property name="sun.arch.data.model" value="64"/>
    <property name="java.home" value="/usr/lib/jvm/java-8-openjdk-amd64/jre"/>
    <property name="sun.java.command" value="org.codehaus.plexus.classworlds.launcher.Launcher -B -D enforcer.skip=true -D dependency-check.skip=true -D skipITs=true -D cobertura.skip=true -D maven.repo.local=/root/./workspace/TAMULib/IRIIIFService/388494172/.m2 -D rat.skip=true -D findbugs.skip=true -D skip.bower=true -D gpg.skip=true -D checkstyle.skip=true -D skip.gulp=true -D license.skip=true -D skip.npm=true test"/>
    <property name="java.specification.vendor" value="Oracle Corporation"/>
    <property name="user.language" value="en"/>
    <property name="awt.toolkit" value="sun.awt.X11.XToolkit"/>
    <property name="dependency-check.skip" value="true"/>
    <property name="java.vm.info" value="mixed mode"/>
    <property name="java.version" value="1.8.0_121"/>
    <property name="java.ext.dirs" value="/usr/lib/jvm/java-8-openjdk-amd64/jre/lib/ext:/usr/java/packages/lib/ext"/>
    <property name="securerandom.source" value="file:/dev/./urandom"/>
    <property name="sun.boot.class.path" value="/usr/lib/jvm/java-8-openjdk-amd64/jre/lib/resources.jar:/usr/lib/jvm/java-8-openjdk-amd64/jre/lib/rt.jar:/usr/lib/jvm/java-8-openjdk-amd64/jre/lib/sunrsasign.jar:/usr/lib/jvm/java-8-openjdk-amd64/jre/lib/jsse.jar:/usr/lib/jvm/java-8-openjdk-amd64/jre/lib/jce.jar:/usr/lib/jvm/java-8-openjdk-amd64/jre/lib/charsets.jar:/usr/lib/jvm/java-8-openjdk-amd64/jre/lib/jfr.jar:/usr/lib/jvm/java-8-openjdk-amd64/jre/classes"/>
    <property name="java.vendor" value="Oracle Corporation"/>
    <property name="enforcer.skip" value="true"/>
    <property name="rat.skip" value="true"/>
    <property name="maven.home" value="/usr/share/maven"/>
    <property name="file.separator" value="/"/>
    <property name="java.vendor.url.bug" value="http://bugreport.sun.com/bugreport/"/>
    <property name="sun.cpu.endian" value="little"/>
    <property name="sun.io.unicode.encoding" value="UnicodeLittle"/>
    <property name="sun.cpu.isalist" value=""/>
  </properties>
  <testcase name="testGetManifest" classname="edu.tamu.iiif.service.dspace.DSpacePresentationManifestServiceTest" time="0.003">
    <failure message="expected:&lt;{&quot;@context&quot;:&quot;http://iiif.io/api/presentation/2/context.json&quot;,&quot;@id&quot;:&quot;http://localhost:9003/dspace/presentation?context=123456789/158308&quot;,&quot;@type&quot;:&quot;sc:Manifest&quot;,&quot;description&quot;:&quot;N/A&quot;,&quot;label&quot;:&quot;Corvette&quot;,&quot;logo&quot;:&quot;https://brandguide.tamu.edu/assets/downloads/logos/TAM-Logo.png&quot;,&quot;metadata&quot;:[{&quot;label&quot;:&quot;date&quot;,&quot;value&quot;:&quot;2018-04-24T13:29:59Z^^http://www.w3.org/2001/XMLSchema#dateTime&quot;},{&quot;label&quot;:&quot;title&quot;,&quot;value&quot;:&quot;Corvette&quot;},{&quot;label&quot;:&quot;available&quot;,&quot;value&quot;:&quot;2018-04-24T13:29:59Z^^http://www.w3.org/2001/XMLSchema#dateTime&quot;}],&quot;sequences&quot;:[{&quot;@id&quot;:&quot;http://localhost:9003/dspace/sequence?context=123456789/158308&quot;,&quot;@type&quot;:&quot;sc:Sequence&quot;,&quot;canvases&quot;:[{&quot;@id&quot;:&quot;http://localhost:9003/dspace/canvas?context=123456789/158308/1/sports-car-146873_960_720.png&quot;,&quot;@type&quot;:&quot;sc:Canvas&quot;,&quot;height&quot;:480,&quot;images&quot;:[{&quot;@id&quot;:&quot;http://localhost:8182/iiif/2/ZHNwYWNlOnhtbHVpL2JpdHN0cmVhbS8xMjM0NTY3ODkvMTU4MzA4LzEvc3BvcnRzLWNhci0xNDY4NzNfOTYwXzcyMC5wbmc=/info.json&quot;,&quot;@type&quot;:&quot;oa:Annotation&quot;,&quot;motivation&quot;:&quot;sc:painting&quot;,&quot;on&quot;:&quot;http://localhost:9003/dspace/canvas?context=123456789/158308/1/sports-car-146873_960_720.png&quot;,&quot;resource&quot;:{&quot;@id&quot;:&quot;http://localhost:8182/iiif/2/ZHNwYWNlOnhtbHVpL2JpdHN0cmVhbS8xMjM0NTY3ODkvMTU4MzA4LzEvc3BvcnRzLWNhci0xNDY4NzNfOTYwXzcyMC5wbmc=/full/full/0/default.jpg&quot;,&quot;@type&quot;:&quot;dctypes:Image&quot;,&quot;height&quot;:480,&quot;service&quot;:{&quot;label&quot;:&quot;DSpace IIIF Image Resource Service&quot;,&quot;profile&quot;:&quot;http://iiif.io/api/image/2/level0.json&quot;,&quot;@context&quot;:&quot;http://iiif.io/api/image/2/context.json&quot;,&quot;@id&quot;:&quot;http://localhost:8182/iiif/2/ZHNwYWNlOnhtbHVpL2JpdHN0cmVhbS8xMjM0NTY3ODkvMTU4MzA4LzEvc3BvcnRzLWNhci0xNDY4NzNfOTYwXzcyMC5wbmc=&quot;},&quot;width&quot;:960}}],&quot;label&quot;:&quot;123456789/158308/1/sports-car-146873_960_720.png&quot;,&quot;metadata&quot;:[],&quot;width&quot;:960}],&quot;label&quot;:&quot;123456789/158308&quot;}],&quot;thumbnail&quot;:{&quot;@id&quot;:&quot;http://localhost:8182/iiif/2/ZHNwYWNlOnhtbHVpL2JpdHN0cmVhbS8xMjM0NTY3ODkvMTU4MzA4LzEvc3BvcnRzLWNhci0xNDY4NzNfOTYwXzcyMC5wbmc=/full/!200,200/0/default.jpg&quot;,&quot;services&quot;:[{&quot;@context&quot;:&quot;http://iiif.io/api/image/2/context.json&quot;,&quot;@id&quot;:&quot;http://localhost:8182/iiif/2/ZHNwYWNlOnhtbHVpL2JpdHN0cmVhbS8xMjM0NTY3ODkvMTU4MzA4LzEvc3BvcnRzLWNhci0xNDY4NzNfOTYwXzcyMC5wbmc=&quot;,&quot;label&quot;:&quot;DSpace IIIF Image Resource Service&quot;,&quot;profile&quot;:&quot;http://iiif.io/api/image/2/level0.json&quot;}]}}&gt; but was:&lt;{&quot;logo&quot;:&quot;https://brandguide.tamu.edu/assets/downloads/logos/TAM-Logo.png&quot;,&quot;description&quot;:&quot;N/A&quot;,&quot;label&quot;:&quot;Corvette&quot;,&quot;sequences&quot;:[{&quot;canvases&quot;:[{&quot;height&quot;:0,&quot;images&quot;:[],&quot;label&quot;:&quot;123456789/158308/1/sports-car-146873_960_720.png&quot;,&quot;metadata&quot;:[],&quot;width&quot;:0,&quot;@type&quot;:&quot;sc:Canvas&quot;,&quot;@id&quot;:&quot;http://localhost:9003/dspace/canvas?context=123456789/158308/1/sports-car-146873_960_720.png&quot;}],&quot;label&quot;:&quot;123456789/158308&quot;,&quot;@type&quot;:&quot;sc:Sequence&quot;,&quot;@id&quot;:&quot;http://localhost:9003/dspace/sequence?context=123456789/158308&quot;}],&quot;@type&quot;:&quot;sc:Manifest&quot;,&quot;@id&quot;:&quot;http://localhost:9003/dspace/presentation?context=123456789/158308&quot;,&quot;@context&quot;:&quot;http://iiif.io/api/presentation/2/context.json&quot;,&quot;metadata&quot;:[{&quot;label&quot;:&quot;date&quot;,&quot;value&quot;:&quot;2018-04-24T13:29:59Z^^http://www.w3.org/2001/XMLSchema#dateTime&quot;},{&quot;label&quot;:&quot;title&quot;,&quot;value&quot;:&quot;Corvette&quot;},{&quot;label&quot;:&quot;available&quot;,&quot;value&quot;:&quot;2018-04-24T13:29:59Z^^http://www.w3.org/2001/XMLSchema#dateTime&quot;}]}&gt;" type="java.lang.AssertionError"><![CDATA[java.lang.AssertionError: expected:<{"@context":"http://iiif.io/api/presentation/2/context.json","@id":"http://localhost:9003/dspace/presentation?context=123456789/158308","@type":"sc:Manifest","description":"N/A","label":"Corvette","logo":"https://brandguide.tamu.edu/assets/downloads/logos/TAM-Logo.png","metadata":[{"label":"date","value":"2018-04-24T13:29:59Z^^http://www.w3.org/2001/XMLSchema#dateTime"},{"label":"title","value":"Corvette"},{"label":"available","value":"2018-04-24T13:29:59Z^^http://www.w3.org/2001/XMLSchema#dateTime"}],"sequences":[{"@id":"http://localhost:9003/dspace/sequence?context=123456789/158308","@type":"sc:Sequence","canvases":[{"@id":"http://localhost:9003/dspace/canvas?context=123456789/158308/1/sports-car-146873_960_720.png","@type":"sc:Canvas","height":480,"images":[{"@id":"http://localhost:8182/iiif/2/ZHNwYWNlOnhtbHVpL2JpdHN0cmVhbS8xMjM0NTY3ODkvMTU4MzA4LzEvc3BvcnRzLWNhci0xNDY4NzNfOTYwXzcyMC5wbmc=/info.json","@type":"oa:Annotation","motivation":"sc:painting","on":"http://localhost:9003/dspace/canvas?context=123456789/158308/1/sports-car-146873_960_720.png","resource":{"@id":"http://localhost:8182/iiif/2/ZHNwYWNlOnhtbHVpL2JpdHN0cmVhbS8xMjM0NTY3ODkvMTU4MzA4LzEvc3BvcnRzLWNhci0xNDY4NzNfOTYwXzcyMC5wbmc=/full/full/0/default.jpg","@type":"dctypes:Image","height":480,"service":{"label":"DSpace IIIF Image Resource Service","profile":"http://iiif.io/api/image/2/level0.json","@context":"http://iiif.io/api/image/2/context.json","@id":"http://localhost:8182/iiif/2/ZHNwYWNlOnhtbHVpL2JpdHN0cmVhbS8xMjM0NTY3ODkvMTU4MzA4LzEvc3BvcnRzLWNhci0xNDY4NzNfOTYwXzcyMC5wbmc="},"width":960}}],"label":"123456789/158308/1/sports-car-146873_960_720.png","metadata":[],"width":960}],"label":"123456789/158308"}],"thumbnail":{"@id":"http://localhost:8182/iiif/2/ZHNwYWNlOnhtbHVpL2JpdHN0cmVhbS8xMjM0NTY3ODkvMTU4MzA4LzEvc3BvcnRzLWNhci0xNDY4NzNfOTYwXzcyMC5wbmc=/full/!200,200/0/default.jpg","services":[{"@context":"http://iiif.io/api/image/2/context.json","@id":"http://localhost:8182/iiif/2/ZHNwYWNlOnhtbHVpL2JpdHN0cmVhbS8xMjM0NTY3ODkvMTU4MzA4LzEvc3BvcnRzLWNhci0xNDY4NzNfOTYwXzcyMC5wbmc=","label":"DSpace IIIF Image Resource Service","profile":"http://iiif.io/api/image/2/level0.json"}]}}> but was:<{"logo":"https://brandguide.tamu.edu/assets/downloads/logos/TAM-Logo.png","description":"N/A","label":"Corvette","sequences":[{"canvases":[{"height":0,"images":[],"label":"123456789/158308/1/sports-car-146873_960_720.png","metadata":[],"width":0,"@type":"sc:Canvas","@id":"http://localhost:9003/dspace/canvas?context=123456789/158308/1/sports-car-146873_960_720.png"}],"label":"123456789/158308","@type":"sc:Sequence","@id":"http://localhost:9003/dspace/sequence?context=123456789/158308"}],"@type":"sc:Manifest","@id":"http://localhost:9003/dspace/presentation?context=123456789/158308","@context":"http://iiif.io/api/presentation/2/context.json","metadata":[{"label":"date","value":"2018-04-24T13:29:59Z^^http://www.w3.org/2001/XMLSchema#dateTime"},{"label":"title","value":"Corvette"},{"label":"available","value":"2018-04-24T13:29:59Z^^http://www.w3.org/2001/XMLSchema#dateTime"}]}>
	at org.junit.Assert.fail(Assert.java:88)
	at org.junit.Assert.failNotEquals(Assert.java:834)
	at org.junit.Assert.assertEquals(Assert.java:118)
	at org.junit.Assert.assertEquals(Assert.java:144)
	at edu.tamu.iiif.service.dspace.DSpacePresentationManifestServiceTest.testGetManifest(DSpacePresentationManifestServiceTest.java:51)
]]></failure>
    <system-out><![CDATA[23:42:52.685 [main] DEBUG org.springframework.test.context.support.AbstractDirtiesContextTestExecutionListener - After test class: context [DefaultTestContext@27f23b31 testClass = DSpaceCollectionManifestServiceTest, testInstance = [null], testMethod = [null], testException = [null], mergedContextConfiguration = [MergedContextConfiguration@ea92986 testClass = DSpaceCollectionManifestServiceTest, locations = '{}', classes = '{}', contextInitializerClasses = '[]', activeProfiles = '{}', propertySourceLocations = '{}', propertySourceProperties = '{}', contextCustomizers = set[org.springframework.boot.test.context.filter.ExcludeFilterContextCustomizer@102d92c4, org.springframework.boot.test.json.DuplicateJsonObjectContextCustomizerFactory$DuplicateJsonObjectContextCustomizer@79767781, org.springframework.boot.test.mock.mockito.MockitoContextCustomizer@0, org.springframework.boot.test.autoconfigure.properties.PropertyMappingContextCustomizer@0, org.springframework.boot.test.autoconfigure.web.servlet.WebDriverContextCustomizerFactory$Customizer@336365bc], contextLoader = 'org.springframework.test.context.support.DelegatingSmartContextLoader', parent = [null]]], class annotated with @DirtiesContext [false] with mode [null].
23:42:52.686 [main] DEBUG org.springframework.test.context.junit4.SpringJUnit4ClassRunner - SpringJUnit4ClassRunner constructor called with [class edu.tamu.iiif.service.dspace.DSpacePresentationManifestServiceTest]
23:42:52.686 [main] DEBUG org.springframework.test.context.BootstrapUtils - Instantiating CacheAwareContextLoaderDelegate from class [org.springframework.test.context.cache.DefaultCacheAwareContextLoaderDelegate]
23:42:52.686 [main] DEBUG org.springframework.test.context.BootstrapUtils - Instantiating BootstrapContext using constructor [public org.springframework.test.context.support.DefaultBootstrapContext(java.lang.Class,org.springframework.test.context.CacheAwareContextLoaderDelegate)]
23:42:52.686 [main] DEBUG org.springframework.test.context.BootstrapUtils - Instantiating TestContextBootstrapper for test class [edu.tamu.iiif.service.dspace.DSpacePresentationManifestServiceTest] from class [org.springframework.test.context.support.DefaultTestContextBootstrapper]
23:42:52.687 [main] INFO org.springframework.test.context.support.DefaultTestContextBootstrapper - Neither @ContextConfiguration nor @ContextHierarchy found for test class [edu.tamu.iiif.service.dspace.DSpacePresentationManifestServiceTest], using DelegatingSmartContextLoader
23:42:52.687 [main] DEBUG org.springframework.test.context.support.AbstractDelegatingSmartContextLoader - Delegating to GenericXmlContextLoader to process context configuration [ContextConfigurationAttributes@619dc2a6 declaringClass = 'edu.tamu.iiif.service.dspace.DSpacePresentationManifestServiceTest', classes = '{}', locations = '{}', inheritLocations = false, initializers = '{}', inheritInitializers = true, name = [null], contextLoaderClass = 'org.springframework.test.context.ContextLoader'].
23:42:52.687 [main] DEBUG org.springframework.test.context.support.AbstractContextLoader - Did not detect default resource location for test class [edu.tamu.iiif.service.dspace.DSpacePresentationManifestServiceTest]: class path resource [edu/tamu/iiif/service/dspace/DSpacePresentationManifestServiceTest-context.xml] does not exist
23:42:52.687 [main] INFO org.springframework.test.context.support.AbstractContextLoader - Could not detect default resource locations for test class [edu.tamu.iiif.service.dspace.DSpacePresentationManifestServiceTest]: no resource found for suffixes {-context.xml}.
23:42:52.687 [main] DEBUG org.springframework.test.context.support.AbstractDelegatingSmartContextLoader - Delegating to AnnotationConfigContextLoader to process context configuration [ContextConfigurationAttributes@619dc2a6 declaringClass = 'edu.tamu.iiif.service.dspace.DSpacePresentationManifestServiceTest', classes = '{}', locations = '{}', inheritLocations = false, initializers = '{}', inheritInitializers = true, name = [null], contextLoaderClass = 'org.springframework.test.context.ContextLoader'].
23:42:52.687 [main] INFO org.springframework.test.context.support.AnnotationConfigContextLoaderUtils - Could not detect default configuration classes for test class [edu.tamu.iiif.service.dspace.DSpacePresentationManifestServiceTest]: DSpacePresentationManifestServiceTest does not declare any static, non-private, non-final, nested classes annotated with @Configuration.
23:42:52.690 [main] DEBUG org.springframework.test.context.support.ActiveProfilesUtils - Could not find an 'annotation declaring class' for annotation type [org.springframework.test.context.ActiveProfiles] and class [edu.tamu.iiif.service.dspace.DSpacePresentationManifestServiceTest]
23:42:52.690 [main] DEBUG org.springframework.test.context.support.DefaultTestContextBootstrapper - @TestExecutionListeners is not present for class [edu.tamu.iiif.service.dspace.DSpacePresentationManifestServiceTest]: using defaults.
23:42:52.692 [main] INFO org.springframework.test.context.support.DefaultTestContextBootstrapper - Loaded default TestExecutionListener class names from location [META-INF/spring.factories]: [org.springframework.boot.test.mock.mockito.MockitoTestExecutionListener, org.springframework.boot.test.mock.mockito.ResetMocksTestExecutionListener, org.springframework.boot.test.autoconfigure.restdocs.RestDocsTestExecutionListener, org.springframework.boot.test.autoconfigure.web.client.MockRestServiceServerResetTestExecutionListener, org.springframework.boot.test.autoconfigure.web.servlet.MockMvcPrintOnlyOnFailureTestExecutionListener, org.springframework.boot.test.autoconfigure.web.servlet.WebDriverTestExecutionListener, org.springframework.test.context.web.ServletTestExecutionListener, org.springframework.test.context.support.DirtiesContextBeforeModesTestExecutionListener, org.springframework.test.context.support.DependencyInjectionTestExecutionListener, org.springframework.test.context.support.DirtiesContextTestExecutionListener, org.springframework.test.context.transaction.TransactionalTestExecutionListener, org.springframework.test.context.jdbc.SqlScriptsTestExecutionListener]
23:42:52.693 [main] INFO org.springframework.test.context.support.DefaultTestContextBootstrapper - Using TestExecutionListeners: [org.springframework.test.context.web.ServletTestExecutionListener@416374ec, org.springframework.test.context.support.DirtiesContextBeforeModesTestExecutionListener@3b2b71de, org.springframework.test.context.support.DependencyInjectionTestExecutionListener@c541518, org.springframework.test.context.support.DirtiesContextTestExecutionListener@4bd35f3f, org.springframework.test.context.transaction.TransactionalTestExecutionListener@11cd86bd, org.springframework.test.context.jdbc.SqlScriptsTestExecutionListener@7188b0db, org.springframework.boot.test.mock.mockito.ResetMocksTestExecutionListener@5d589727, org.springframework.boot.test.autoconfigure.web.servlet.WebDriverTestExecutionListener@ca31114, org.springframework.boot.test.autoconfigure.restdocs.RestDocsTestExecutionListener@71a69653, org.springframework.boot.test.mock.mockito.MockitoTestExecutionListener@459cfed4, org.springframework.boot.test.autoconfigure.web.servlet.MockMvcPrintOnlyOnFailureTestExecutionListener@5ce4b8ef, org.springframework.boot.test.autoconfigure.web.client.MockRestServiceServerResetTestExecutionListener@485b39d6]
23:42:52.693 [main] DEBUG org.springframework.test.annotation.ProfileValueUtils - Retrieved @ProfileValueSourceConfiguration [null] for test class [edu.tamu.iiif.service.dspace.DSpacePresentationManifestServiceTest]
23:42:52.693 [main] DEBUG org.springframework.test.annotation.ProfileValueUtils - Retrieved ProfileValueSource type [class org.springframework.test.annotation.SystemProfileValueSource] for class [edu.tamu.iiif.service.dspace.DSpacePresentationManifestServiceTest]
23:42:52.693 [main] DEBUG org.springframework.test.annotation.ProfileValueUtils - Retrieved @ProfileValueSourceConfiguration [null] for test class [edu.tamu.iiif.service.dspace.DSpacePresentationManifestServiceTest]
23:42:52.693 [main] DEBUG org.springframework.test.annotation.ProfileValueUtils - Retrieved ProfileValueSource type [class org.springframework.test.annotation.SystemProfileValueSource] for class [edu.tamu.iiif.service.dspace.DSpacePresentationManifestServiceTest]
23:42:52.693 [main] DEBUG org.springframework.test.context.support.AbstractDirtiesContextTestExecutionListener - Before test class: context [DefaultTestContext@d0a2a80 testClass = DSpacePresentationManifestServiceTest, testInstance = [null], testMethod = [null], testException = [null], mergedContextConfiguration = [MergedContextConfiguration@2fc21fab testClass = DSpacePresentationManifestServiceTest, locations = '{}', classes = '{}', contextInitializerClasses = '[]', activeProfiles = '{}', propertySourceLocations = '{}', propertySourceProperties = '{}', contextCustomizers = set[org.springframework.boot.test.context.filter.ExcludeFilterContextCustomizer@102d92c4, org.springframework.boot.test.json.DuplicateJsonObjectContextCustomizerFactory$DuplicateJsonObjectContextCustomizer@79767781, org.springframework.boot.test.mock.mockito.MockitoContextCustomizer@0, org.springframework.boot.test.autoconfigure.properties.PropertyMappingContextCustomizer@0, org.springframework.boot.test.autoconfigure.web.servlet.WebDriverContextCustomizerFactory$Customizer@336365bc], contextLoader = 'org.springframework.test.context.support.DelegatingSmartContextLoader', parent = [null]]], class annotated with @DirtiesContext [false] with mode [null].
23:42:52.693 [main] DEBUG org.springframework.test.annotation.ProfileValueUtils - Retrieved @ProfileValueSourceConfiguration [null] for test class [edu.tamu.iiif.service.dspace.DSpacePresentationManifestServiceTest]
23:42:52.693 [main] DEBUG org.springframework.test.annotation.ProfileValueUtils - Retrieved ProfileValueSource type [class org.springframework.test.annotation.SystemProfileValueSource] for class [edu.tamu.iiif.service.dspace.DSpacePresentationManifestServiceTest]
23:42:52.694 [main] DEBUG org.springframework.test.context.support.DependencyInjectionTestExecutionListener - Performing dependency injection for test context [[DefaultTestContext@d0a2a80 testClass = DSpacePresentationManifestServiceTest, testInstance = edu.tamu.iiif.service.dspace.DSpacePresentationManifestServiceTest@5618e97c, testMethod = [null], testException = [null], mergedContextConfiguration = [MergedContextConfiguration@2fc21fab testClass = DSpacePresentationManifestServiceTest, locations = '{}', classes = '{}', contextInitializerClasses = '[]', activeProfiles = '{}', propertySourceLocations = '{}', propertySourceProperties = '{}', contextCustomizers = set[org.springframework.boot.test.context.filter.ExcludeFilterContextCustomizer@102d92c4, org.springframework.boot.test.json.DuplicateJsonObjectContextCustomizerFactory$DuplicateJsonObjectContextCustomizer@79767781, org.springframework.boot.test.mock.mockito.MockitoContextCustomizer@0, org.springframework.boot.test.autoconfigure.properties.PropertyMappingContextCustomizer@0, org.springframework.boot.test.autoconfigure.web.servlet.WebDriverContextCustomizerFactory$Customizer@336365bc], contextLoader = 'org.springframework.test.context.support.DelegatingSmartContextLoader', parent = [null]]]].
23:42:52.694 [main] DEBUG org.springframework.test.context.cache.DefaultCacheAwareContextLoaderDelegate - Retrieved ApplicationContext from cache with key [[MergedContextConfiguration@2fc21fab testClass = DSpacePresentationManifestServiceTest, locations = '{}', classes = '{}', contextInitializerClasses = '[]', activeProfiles = '{}', propertySourceLocations = '{}', propertySourceProperties = '{}', contextCustomizers = set[org.springframework.boot.test.context.filter.ExcludeFilterContextCustomizer@102d92c4, org.springframework.boot.test.json.DuplicateJsonObjectContextCustomizerFactory$DuplicateJsonObjectContextCustomizer@79767781, org.springframework.boot.test.mock.mockito.MockitoContextCustomizer@0, org.springframework.boot.test.autoconfigure.properties.PropertyMappingContextCustomizer@0, org.springframework.boot.test.autoconfigure.web.servlet.WebDriverContextCustomizerFactory$Customizer@336365bc], contextLoader = 'org.springframework.test.context.support.DelegatingSmartContextLoader', parent = [null]]]
23:42:52.694 [main] DEBUG org.springframework.test.context.cache - Spring test ApplicationContext cache statistics: [DefaultContextCache@1adf387e size = 1, maxSize = 32, parentContextCount = 0, hitCount = 39, missCount = 1]
23:42:52.697 [main] DEBUG org.springframework.beans.factory.annotation.InjectionMetadata - Processing injected element of bean 'edu.tamu.iiif.service.dspace.DSpacePresentationManifestServiceTest': AutowiredFieldElement for private org.springframework.core.io.Resource edu.tamu.iiif.service.dspace.DSpacePresentationManifestServiceTest.rdf
23:42:52.697 [main] DEBUG org.springframework.beans.factory.annotation.InjectionMetadata - Processing injected element of bean 'edu.tamu.iiif.service.dspace.DSpacePresentationManifestServiceTest': AutowiredFieldElement for private org.springframework.core.io.Resource edu.tamu.iiif.service.dspace.DSpacePresentationManifestServiceTest.image
23:42:52.697 [main] DEBUG org.springframework.beans.factory.annotation.InjectionMetadata - Processing injected element of bean 'edu.tamu.iiif.service.dspace.DSpacePresentationManifestServiceTest': AutowiredFieldElement for private org.springframework.core.io.Resource edu.tamu.iiif.service.dspace.DSpacePresentationManifestServiceTest.presentation
23:42:52.701 [main] DEBUG org.springframework.test.context.support.AbstractDirtiesContextTestExecutionListener - Before test method: context [DefaultTestContext@d0a2a80 testClass = DSpacePresentationManifestServiceTest, testInstance = edu.tamu.iiif.service.dspace.DSpacePresentationManifestServiceTest@5618e97c, testMethod = testGetManifest@DSpacePresentationManifestServiceTest, testException = [null], mergedContextConfiguration = [MergedContextConfiguration@2fc21fab testClass = DSpacePresentationManifestServiceTest, locations = '{}', classes = '{}', contextInitializerClasses = '[]', activeProfiles = '{}', propertySourceLocations = '{}', propertySourceProperties = '{}', contextCustomizers = set[org.springframework.boot.test.context.filter.ExcludeFilterContextCustomizer@102d92c4, org.springframework.boot.test.json.DuplicateJsonObjectContextCustomizerFactory$DuplicateJsonObjectContextCustomizer@79767781, org.springframework.boot.test.mock.mockito.MockitoContextCustomizer@0, org.springframework.boot.test.autoconfigure.properties.PropertyMappingContextCustomizer@0, org.springframework.boot.test.autoconfigure.web.servlet.WebDriverContextCustomizerFactory$Customizer@336365bc], contextLoader = 'org.springframework.test.context.support.DelegatingSmartContextLoader', parent = [null]]], class annotated with @DirtiesContext [false] with mode [null], method annotated with @DirtiesContext [false] with mode [null].
23:42:52.702 [main] DEBUG org.springframework.test.context.cache.DefaultCacheAwareContextLoaderDelegate - Retrieved ApplicationContext from cache with key [[MergedContextConfiguration@2fc21fab testClass = DSpacePresentationManifestServiceTest, locations = '{}', classes = '{}', contextInitializerClasses = '[]', activeProfiles = '{}', propertySourceLocations = '{}', propertySourceProperties = '{}', contextCustomizers = set[org.springframework.boot.test.context.filter.ExcludeFilterContextCustomizer@102d92c4, org.springframework.boot.test.json.DuplicateJsonObjectContextCustomizerFactory$DuplicateJsonObjectContextCustomizer@79767781, org.springframework.boot.test.mock.mockito.MockitoContextCustomizer@0, org.springframework.boot.test.autoconfigure.properties.PropertyMappingContextCustomizer@0, org.springframework.boot.test.autoconfigure.web.servlet.WebDriverContextCustomizerFactory$Customizer@336365bc], contextLoader = 'org.springframework.test.context.support.DelegatingSmartContextLoader', parent = [null]]]
23:42:52.702 [main] DEBUG org.springframework.test.context.cache - Spring test ApplicationContext cache statistics: [DefaultContextCache@1adf387e size = 1, maxSize = 32, parentContextCount = 0, hitCount = 40, missCount = 1]
23:42:52.702 [main] DEBUG org.springframework.beans.factory.support.DefaultListableBeanFactory - Returning cached instance of singleton bean 'org.springframework.boot.test.mock.mockito.MockitoBeans'
23:42:52.705 [main] DEBUG org.springframework.test.util.ReflectionTestUtils - Setting field 'iiifServiceUrl' of type [null] on target object [edu.tamu.iiif.service.dspace.DSpacePresentationManifestService@1151580c] or target class [class edu.tamu.iiif.service.dspace.DSpacePresentationManifestService] to value [http://localhost:9003]
23:42:52.705 [main] DEBUG org.springframework.test.util.ReflectionTestUtils - Setting field 'imageServerUrl' of type [null] on target object [edu.tamu.iiif.service.dspace.DSpacePresentationManifestService@1151580c] or target class [class edu.tamu.iiif.service.dspace.DSpacePresentationManifestService] to value [http://localhost:8182/iiif/2]
23:42:52.705 [main] DEBUG org.springframework.test.util.ReflectionTestUtils - Setting field 'logoUrl' of type [null] on target object [edu.tamu.iiif.service.dspace.DSpacePresentationManifestService@1151580c] or target class [class edu.tamu.iiif.service.dspace.DSpacePresentationManifestService] to value [https://brandguide.tamu.edu/assets/downloads/logos/TAM-Logo.png]
23:42:52.705 [main] DEBUG org.springframework.test.util.ReflectionTestUtils - Setting field 'dspaceUrl' of type [null] on target object [edu.tamu.iiif.service.dspace.DSpacePresentationManifestService@1151580c] or target class [class edu.tamu.iiif.service.dspace.DSpacePresentationManifestService] to value [http://localhost:8080]
23:42:52.705 [main] DEBUG org.springframework.test.util.ReflectionTestUtils - Setting field 'dspaceWebapp' of type [null] on target object [edu.tamu.iiif.service.dspace.DSpacePresentationManifestService@1151580c] or target class [class edu.tamu.iiif.service.dspace.DSpacePresentationManifestService] to value [xmlui]
23:42:52.706 [main] INFO edu.tamu.iiif.service.AbstractManifestService - Generating new manifest.
23:42:52.713 [main] INFO edu.tamu.iiif.service.AbstractManifestService - Unable to get mime type: http://localhost:8080/xmlui/bitstream/123456789/158308/1/sports-car-146873_960_720.png
23:42:52.721 [main] INFO edu.tamu.iiif.service.AbstractManifestService - Manifest requested: 123456789/158308
23:42:52.725 [main] DEBUG org.springframework.test.context.cache.DefaultCacheAwareContextLoaderDelegate - Retrieved ApplicationContext from cache with key [[MergedContextConfiguration@2fc21fab testClass = DSpacePresentationManifestServiceTest, locations = '{}', classes = '{}', contextInitializerClasses = '[]', activeProfiles = '{}', propertySourceLocations = '{}', propertySourceProperties = '{}', contextCustomizers = set[org.springframework.boot.test.context.filter.ExcludeFilterContextCustomizer@102d92c4, org.springframework.boot.test.json.DuplicateJsonObjectContextCustomizerFactory$DuplicateJsonObjectContextCustomizer@79767781, org.springframework.boot.test.mock.mockito.MockitoContextCustomizer@0, org.springframework.boot.test.autoconfigure.properties.PropertyMappingContextCustomizer@0, org.springframework.boot.test.autoconfigure.web.servlet.WebDriverContextCustomizerFactory$Customizer@336365bc], contextLoader = 'org.springframework.test.context.support.DelegatingSmartContextLoader', parent = [null]]]
23:42:52.725 [main] DEBUG org.springframework.test.context.cache - Spring test ApplicationContext cache statistics: [DefaultContextCache@1adf387e size = 1, maxSize = 32, parentContextCount = 0, hitCount = 41, missCount = 1]
23:42:52.726 [main] DEBUG org.springframework.test.context.cache.DefaultCacheAwareContextLoaderDelegate - Retrieved ApplicationContext from cache with key [[MergedContextConfiguration@2fc21fab testClass = DSpacePresentationManifestServiceTest, locations = '{}', classes = '{}', contextInitializerClasses = '[]', activeProfiles = '{}', propertySourceLocations = '{}', propertySourceProperties = '{}', contextCustomizers = set[org.springframework.boot.test.context.filter.ExcludeFilterContextCustomizer@102d92c4, org.springframework.boot.test.json.DuplicateJsonObjectContextCustomizerFactory$DuplicateJsonObjectContextCustomizer@79767781, org.springframework.boot.test.mock.mockito.MockitoContextCustomizer@0, org.springframework.boot.test.autoconfigure.properties.PropertyMappingContextCustomizer@0, org.springframework.boot.test.autoconfigure.web.servlet.WebDriverContextCustomizerFactory$Customizer@336365bc], contextLoader = 'org.springframework.test.context.support.DelegatingSmartContextLoader', parent = [null]]]
23:42:52.726 [main] DEBUG org.springframework.test.context.cache - Spring test ApplicationContext cache statistics: [DefaultContextCache@1adf387e size = 1, maxSize = 32, parentContextCount = 0, hitCount = 42, missCount = 1]
23:42:52.726 [main] DEBUG org.springframework.test.context.cache.DefaultCacheAwareContextLoaderDelegate - Retrieved ApplicationContext from cache with key [[MergedContextConfiguration@2fc21fab testClass = DSpacePresentationManifestServiceTest, locations = '{}', classes = '{}', contextInitializerClasses = '[]', activeProfiles = '{}', propertySourceLocations = '{}', propertySourceProperties = '{}', contextCustomizers = set[org.springframework.boot.test.context.filter.ExcludeFilterContextCustomizer@102d92c4, org.springframework.boot.test.json.DuplicateJsonObjectContextCustomizerFactory$DuplicateJsonObjectContextCustomizer@79767781, org.springframework.boot.test.mock.mockito.MockitoContextCustomizer@0, org.springframework.boot.test.autoconfigure.properties.PropertyMappingContextCustomizer@0, org.springframework.boot.test.autoconfigure.web.servlet.WebDriverContextCustomizerFactory$Customizer@336365bc], contextLoader = 'org.springframework.test.context.support.DelegatingSmartContextLoader', parent = [null]]]
23:42:52.726 [main] DEBUG org.springframework.test.context.cache - Spring test ApplicationContext cache statistics: [DefaultContextCache@1adf387e size = 1, maxSize = 32, parentContextCount = 0, hitCount = 43, missCount = 1]
23:42:52.727 [main] DEBUG org.springframework.test.context.cache.DefaultCacheAwareContextLoaderDelegate - Retrieved ApplicationContext from cache with key [[MergedContextConfiguration@2fc21fab testClass = DSpacePresentationManifestServiceTest, locations = '{}', classes = '{}', contextInitializerClasses = '[]', activeProfiles = '{}', propertySourceLocations = '{}', propertySourceProperties = '{}', contextCustomizers = set[org.springframework.boot.test.context.filter.ExcludeFilterContextCustomizer@102d92c4, org.springframework.boot.test.json.DuplicateJsonObjectContextCustomizerFactory$DuplicateJsonObjectContextCustomizer@79767781, org.springframework.boot.test.mock.mockito.MockitoContextCustomizer@0, org.springframework.boot.test.autoconfigure.properties.PropertyMappingContextCustomizer@0, org.springframework.boot.test.autoconfigure.web.servlet.WebDriverContextCustomizerFactory$Customizer@336365bc], contextLoader = 'org.springframework.test.context.support.DelegatingSmartContextLoader', parent = [null]]]
23:42:52.727 [main] DEBUG org.springframework.test.context.cache - Spring test ApplicationContext cache statistics: [DefaultContextCache@1adf387e size = 1, maxSize = 32, parentContextCount = 0, hitCount = 44, missCount = 1]
23:42:52.727 [main] DEBUG org.springframework.beans.factory.support.DefaultListableBeanFactory - Returning cached instance of singleton bean 'org.springframework.boot.test.mock.mockito.MockitoBeans'
23:42:52.727 [main] DEBUG org.springframework.test.context.support.AbstractDirtiesContextTestExecutionListener - After test method: context [DefaultTestContext@d0a2a80 testClass = DSpacePresentationManifestServiceTest, testInstance = edu.tamu.iiif.service.dspace.DSpacePresentationManifestServiceTest@5618e97c, testMethod = testGetManifest@DSpacePresentationManifestServiceTest, testException = java.lang.AssertionError: expected:<{"@context":"http://iiif.io/api/presentation/2/context.json","@id":"http://localhost:9003/dspace/presentation?context=123456789/158308","@type":"sc:Manifest","description":"N/A","label":"Corvette","logo":"https://brandguide.tamu.edu/assets/downloads/logos/TAM-Logo.png","metadata":[{"label":"date","value":"2018-04-24T13:29:59Z^^http://www.w3.org/2001/XMLSchema#dateTime"},{"label":"title","value":"Corvette"},{"label":"available","value":"2018-04-24T13:29:59Z^^http://www.w3.org/2001/XMLSchema#dateTime"}],"sequences":[{"@id":"http://localhost:9003/dspace/sequence?context=123456789/158308","@type":"sc:Sequence","canvases":[{"@id":"http://localhost:9003/dspace/canvas?context=123456789/158308/1/sports-car-146873_960_720.png","@type":"sc:Canvas","height":480,"images":[{"@id":"http://localhost:8182/iiif/2/ZHNwYWNlOnhtbHVpL2JpdHN0cmVhbS8xMjM0NTY3ODkvMTU4MzA4LzEvc3BvcnRzLWNhci0xNDY4NzNfOTYwXzcyMC5wbmc=/info.json","@type":"oa:Annotation","motivation":"sc:painting","on":"http://localhost:9003/dspace/canvas?context=123456789/158308/1/sports-car-146873_960_720.png","resource":{"@id":"http://localhost:8182/iiif/2/ZHNwYWNlOnhtbHVpL2JpdHN0cmVhbS8xMjM0NTY3ODkvMTU4MzA4LzEvc3BvcnRzLWNhci0xNDY4NzNfOTYwXzcyMC5wbmc=/full/full/0/default.jpg","@type":"dctypes:Image","height":480,"service":{"label":"DSpace IIIF Image Resource Service","profile":"http://iiif.io/api/image/2/level0.json","@context":"http://iiif.io/api/image/2/context.json","@id":"http://localhost:8182/iiif/2/ZHNwYWNlOnhtbHVpL2JpdHN0cmVhbS8xMjM0NTY3ODkvMTU4MzA4LzEvc3BvcnRzLWNhci0xNDY4NzNfOTYwXzcyMC5wbmc="},"width":960}}],"label":"123456789/158308/1/sports-car-146873_960_720.png","metadata":[],"width":960}],"label":"123456789/158308"}],"thumbnail":{"@id":"http://localhost:8182/iiif/2/ZHNwYWNlOnhtbHVpL2JpdHN0cmVhbS8xMjM0NTY3ODkvMTU4MzA4LzEvc3BvcnRzLWNhci0xNDY4NzNfOTYwXzcyMC5wbmc=/full/!200,200/0/default.jpg","services":[{"@context":"http://iiif.io/api/image/2/context.json","@id":"http://localhost:8182/iiif/2/ZHNwYWNlOnhtbHVpL2JpdHN0cmVhbS8xMjM0NTY3ODkvMTU4MzA4LzEvc3BvcnRzLWNhci0xNDY4NzNfOTYwXzcyMC5wbmc=","label":"DSpace IIIF Image Resource Service","profile":"http://iiif.io/api/image/2/level0.json"}]}}> but was:<{"logo":"https://brandguide.tamu.edu/assets/downloads/logos/TAM-Logo.png","description":"N/A","label":"Corvette","sequences":[{"canvases":[{"height":0,"images":[],"label":"123456789/158308/1/sports-car-146873_960_720.png","metadata":[],"width":0,"@type":"sc:Canvas","@id":"http://localhost:9003/dspace/canvas?context=123456789/158308/1/sports-car-146873_960_720.png"}],"label":"123456789/158308","@type":"sc:Sequence","@id":"http://localhost:9003/dspace/sequence?context=123456789/158308"}],"@type":"sc:Manifest","@id":"http://localhost:9003/dspace/presentation?context=123456789/158308","@context":"http://iiif.io/api/presentation/2/context.json","metadata":[{"label":"date","value":"2018-04-24T13:29:59Z^^http://www.w3.org/2001/XMLSchema#dateTime"},{"label":"title","value":"Corvette"},{"label":"available","value":"2018-04-24T13:29:59Z^^http://www.w3.org/2001/XMLSchema#dateTime"}]}>, mergedContextConfiguration = [MergedContextConfiguration@2fc21fab testClass = DSpacePresentationManifestServiceTest, locations = '{}', classes = '{}', contextInitializerClasses = '[]', activeProfiles = '{}', propertySourceLocations = '{}', propertySourceProperties = '{}', contextCustomizers = set[org.springframework.boot.test.context.filter.ExcludeFilterContextCustomizer@102d92c4, org.springframework.boot.test.json.DuplicateJsonObjectContextCustomizerFactory$DuplicateJsonObjectContextCustomizer@79767781, org.springframework.boot.test.mock.mockito.MockitoContextCustomizer@0, org.springframework.boot.test.autoconfigure.properties.PropertyMappingContextCustomizer@0, org.springframework.boot.test.autoconfigure.web.servlet.WebDriverContextCustomizerFactory$Customizer@336365bc], contextLoader = 'org.springframework.test.context.support.DelegatingSmartContextLoader', parent = [null]]], class annotated with @DirtiesContext [false] with mode [null], method annotated with @DirtiesContext [false] with mode [null].
]]></system-out>
  </testcase>
</testsuite>