<?xml version="1.0" encoding="UTF-8"?>
<testsuite xmlns:xsi="http://www.w3.org/2001/XMLSchema-instance" xsi:schemaLocation="https://maven.apache.org/surefire/maven-surefire-plugin/xsd/surefire-test-report.xsd" name="org.springframework.data.redis.core.DefaultReactiveZSetOperationsIntegrationTests" time="0.954" tests="363" errors="363" skipped="0" failures="0">
  <properties>
    <property name="java.runtime.name" value="OpenJDK Runtime Environment"/>
    <property name="sun.boot.library.path" value="/usr/lib/jvm/java-8-openjdk-amd64/jre/lib/amd64"/>
    <property name="java.vm.version" value="25.121-b13"/>
    <property name="java.vm.vendor" value="Oracle Corporation"/>
    <property name="maven.multiModuleProjectDirectory" value="/root/workspace/spring-projects/spring-data-redis/388703425"/>
    <property name="java.vendor.url" value="http://java.oracle.com/"/>
    <property name="path.separator" value=":"/>
    <property name="guice.disable.misplaced.annotation.check" value="true"/>
    <property name="skip.gulp" value="true"/>
    <property name="java.vm.name" value="OpenJDK 64-Bit Server VM"/>
    <property name="file.encoding.pkg" value="sun.io"/>
    <property name="sun.java.launcher" value="SUN_STANDARD"/>
    <property name="sun.os.patch.level" value="unknown"/>
    <property name="findbugs.skip" value="true"/>
    <property name="java.vm.specification.name" value="Java Virtual Machine Specification"/>
    <property name="user.dir" value="/root/workspace/spring-projects/spring-data-redis/388703425"/>
    <property name="checkstyle.skip" value="true"/>
    <property name="java.runtime.version" value="1.8.0_121-8u121-b13-1~bpo8+1-b13"/>
    <property name="java.awt.graphicsenv" value="sun.awt.X11GraphicsEnvironment"/>
    <property name="skip.npm" value="true"/>
    <property name="java.endorsed.dirs" value="/usr/lib/jvm/java-8-openjdk-amd64/jre/lib/endorsed"/>
    <property name="os.arch" value="amd64"/>
    <property name="java.io.tmpdir" value="/tmp"/>
    <property name="gpg.skip" value="true"/>
    <property name="line.separator" value="&#10;"/>
    <property name="java.vm.specification.vendor" value="Oracle Corporation"/>
    <property name="cobertura.skip" value="true"/>
    <property name="os.name" value="Linux"/>
    <property name="classworlds.conf" value="/usr/share/maven/bin/m2.conf"/>
    <property name="sun.jnu.encoding" value="UTF-8"/>
    <property name="java.library.path" value="/usr/java/packages/lib/amd64:/usr/lib/x86_64-linux-gnu/jni:/lib/x86_64-linux-gnu:/usr/lib/x86_64-linux-gnu:/usr/lib/jni:/lib:/usr/lib"/>
    <property name="license.skip" value="true"/>
    <property name="java.specification.name" value="Java Platform API Specification"/>
    <property name="java.class.version" value="52.0"/>
    <property name="sun.management.compiler" value="HotSpot 64-Bit Tiered Compilers"/>
    <property name="skip.bower" value="true"/>
    <property name="maven.repo.local" value="/root/./workspace/spring-projects/spring-data-redis/388703425/.m2"/>
    <property name="os.version" value="3.10.0-862.3.2.el7.x86_64"/>
    <property name="user.home" value="/root"/>
    <property name="user.timezone" value="Europe/Paris"/>
    <property name="java.awt.printerjob" value="sun.print.PSPrinterJob"/>
    <property name="java.specification.version" value="1.8"/>
    <property name="file.encoding" value="UTF-8"/>
    <property name="user.name" value="root"/>
    <property name="java.class.path" value="/usr/share/maven/boot/plexus-classworlds-2.5.2.jar"/>
    <property name="skipITs" value="true"/>
    <property name="java.vm.specification.version" value="1.8"/>
    <property name="sun.arch.data.model" value="64"/>
    <property name="java.home" value="/usr/lib/jvm/java-8-openjdk-amd64/jre"/>
    <property name="sun.java.command" value="org.codehaus.plexus.classworlds.launcher.Launcher -B -D enforcer.skip=true -D dependency-check.skip=true -D skipITs=true -D cobertura.skip=true -D maven.repo.local=/root/./workspace/spring-projects/spring-data-redis/388703425/.m2 -D rat.skip=true -D findbugs.skip=true -D skip.bower=true -D gpg.skip=true -D checkstyle.skip=true -D skip.gulp=true -D license.skip=true -D skip.npm=true test"/>
    <property name="java.specification.vendor" value="Oracle Corporation"/>
    <property name="user.language" value="en"/>
    <property name="awt.toolkit" value="sun.awt.X11.XToolkit"/>
    <property name="dependency-check.skip" value="true"/>
    <property name="java.vm.info" value="mixed mode"/>
    <property name="java.version" value="1.8.0_121"/>
    <property name="java.ext.dirs" value="/usr/lib/jvm/java-8-openjdk-amd64/jre/lib/ext:/usr/java/packages/lib/ext"/>
    <property name="securerandom.source" value="file:/dev/./urandom"/>
    <property name="sun.boot.class.path" value="/usr/lib/jvm/java-8-openjdk-amd64/jre/lib/resources.jar:/usr/lib/jvm/java-8-openjdk-amd64/jre/lib/rt.jar:/usr/lib/jvm/java-8-openjdk-amd64/jre/lib/sunrsasign.jar:/usr/lib/jvm/java-8-openjdk-amd64/jre/lib/jsse.jar:/usr/lib/jvm/java-8-openjdk-amd64/jre/lib/jce.jar:/usr/lib/jvm/java-8-openjdk-amd64/jre/lib/charsets.jar:/usr/lib/jvm/java-8-openjdk-amd64/jre/lib/jfr.jar:/usr/lib/jvm/java-8-openjdk-amd64/jre/classes"/>
    <property name="java.vendor" value="Oracle Corporation"/>
    <property name="enforcer.skip" value="true"/>
    <property name="rat.skip" value="true"/>
    <property name="maven.home" value="/usr/share/maven"/>
    <property name="file.separator" value="/"/>
    <property name="java.vendor.url.bug" value="http://bugreport.sun.com/bugreport/"/>
    <property name="sun.cpu.endian" value="little"/>
    <property name="sun.io.unicode.encoding" value="UnicodeLittle"/>
    <property name="sun.cpu.isalist" value=""/>
  </properties>
  <testcase name="removeRangeByScore[String]" classname="org.springframework.data.redis.core.DefaultReactiveZSetOperationsIntegrationTests" time="0.008">
    <error message="Unable to connect to Redis; nested exception is io.lettuce.core.RedisConnectionException: Unable to connect to 127.0.0.1:6379" type="org.springframework.data.redis.RedisConnectionFailureException">org.springframework.data.redis.RedisConnectionFailureException: Unable to connect to Redis; nested exception is io.lettuce.core.RedisConnectionException: Unable to connect to 127.0.0.1:6379
	at org.springframework.data.redis.core.DefaultReactiveZSetOperationsIntegrationTests.before(DefaultReactiveZSetOperationsIntegrationTests.java:96)
Caused by: io.lettuce.core.RedisConnectionException: Unable to connect to 127.0.0.1:6379
	at org.springframework.data.redis.core.DefaultReactiveZSetOperationsIntegrationTests.before(DefaultReactiveZSetOperationsIntegrationTests.java:96)
Caused by: io.netty.channel.AbstractChannel$AnnotatedConnectException: syscall:getsockopt(..) failed: Connection refused: /127.0.0.1:6379
Caused by: io.netty.channel.unix.Errors$NativeConnectException: syscall:getsockopt(..) failed: Connection refused
</error>
  </testcase>
  <testcase name="rangeByLex[String]" classname="org.springframework.data.redis.core.DefaultReactiveZSetOperationsIntegrationTests" time="0.004">
    <error message="Unable to connect to Redis; nested exception is io.lettuce.core.RedisConnectionException: Unable to connect to 127.0.0.1:6379" type="org.springframework.data.redis.RedisConnectionFailureException">org.springframework.data.redis.RedisConnectionFailureException: Unable to connect to Redis; nested exception is io.lettuce.core.RedisConnectionException: Unable to connect to 127.0.0.1:6379
	at org.springframework.data.redis.core.DefaultReactiveZSetOperationsIntegrationTests.before(DefaultReactiveZSetOperationsIntegrationTests.java:96)
Caused by: io.lettuce.core.RedisConnectionException: Unable to connect to 127.0.0.1:6379
	at org.springframework.data.redis.core.DefaultReactiveZSetOperationsIntegrationTests.before(DefaultReactiveZSetOperationsIntegrationTests.java:96)
Caused by: io.netty.channel.AbstractChannel$AnnotatedConnectException: syscall:getsockopt(..) failed: Connection refused: /127.0.0.1:6379
Caused by: io.netty.channel.unix.Errors$NativeConnectException: syscall:getsockopt(..) failed: Connection refused
</error>
  </testcase>
  <testcase name="addAll[String]" classname="org.springframework.data.redis.core.DefaultReactiveZSetOperationsIntegrationTests" time="0.004">
    <error message="Unable to connect to Redis; nested exception is io.lettuce.core.RedisConnectionException: Unable to connect to 127.0.0.1:6379" type="org.springframework.data.redis.RedisConnectionFailureException">org.springframework.data.redis.RedisConnectionFailureException: Unable to connect to Redis; nested exception is io.lettuce.core.RedisConnectionException: Unable to connect to 127.0.0.1:6379
	at org.springframework.data.redis.core.DefaultReactiveZSetOperationsIntegrationTests.before(DefaultReactiveZSetOperationsIntegrationTests.java:96)
Caused by: io.lettuce.core.RedisConnectionException: Unable to connect to 127.0.0.1:6379
	at org.springframework.data.redis.core.DefaultReactiveZSetOperationsIntegrationTests.before(DefaultReactiveZSetOperationsIntegrationTests.java:96)
Caused by: io.netty.channel.AbstractChannel$AnnotatedConnectException: syscall:getsockopt(..) failed: Connection refused: /127.0.0.1:6379
Caused by: io.netty.channel.unix.Errors$NativeConnectException: syscall:getsockopt(..) failed: Connection refused
</error>
  </testcase>
  <testcase name="rangeByScoreWithScoresWithLimit[String]" classname="org.springframework.data.redis.core.DefaultReactiveZSetOperationsIntegrationTests" time="0.008">
    <error message="Unable to connect to Redis; nested exception is io.lettuce.core.RedisConnectionException: Unable to connect to 127.0.0.1:6379" type="org.springframework.data.redis.RedisConnectionFailureException">org.springframework.data.redis.RedisConnectionFailureException: Unable to connect to Redis; nested exception is io.lettuce.core.RedisConnectionException: Unable to connect to 127.0.0.1:6379
	at org.springframework.data.redis.core.DefaultReactiveZSetOperationsIntegrationTests.before(DefaultReactiveZSetOperationsIntegrationTests.java:96)
Caused by: io.lettuce.core.RedisConnectionException: Unable to connect to 127.0.0.1:6379
	at org.springframework.data.redis.core.DefaultReactiveZSetOperationsIntegrationTests.before(DefaultReactiveZSetOperationsIntegrationTests.java:96)
Caused by: io.netty.channel.AbstractChannel$AnnotatedConnectException: syscall:getsockopt(..) failed: Connection refused: /127.0.0.1:6379
Caused by: io.netty.channel.unix.Errors$NativeConnectException: syscall:getsockopt(..) failed: Connection refused
</error>
  </testcase>
  <testcase name="delete[String]" classname="org.springframework.data.redis.core.DefaultReactiveZSetOperationsIntegrationTests" time="0.005">
    <error message="Unable to connect to Redis; nested exception is io.lettuce.core.RedisConnectionException: Unable to connect to 127.0.0.1:6379" type="org.springframework.data.redis.RedisConnectionFailureException">org.springframework.data.redis.RedisConnectionFailureException: Unable to connect to Redis; nested exception is io.lettuce.core.RedisConnectionException: Unable to connect to 127.0.0.1:6379
	at org.springframework.data.redis.core.DefaultReactiveZSetOperationsIntegrationTests.before(DefaultReactiveZSetOperationsIntegrationTests.java:96)
Caused by: io.lettuce.core.RedisConnectionException: Unable to connect to 127.0.0.1:6379
	at org.springframework.data.redis.core.DefaultReactiveZSetOperationsIntegrationTests.before(DefaultReactiveZSetOperationsIntegrationTests.java:96)
Caused by: io.netty.channel.AbstractChannel$AnnotatedConnectException: syscall:getsockopt(..) failed: Connection refused: /127.0.0.1:6379
Caused by: io.netty.channel.unix.Errors$NativeConnectException: syscall:getsockopt(..) failed: Connection refused
</error>
  </testcase>
  <testcase name="intersectAndStore[String]" classname="org.springframework.data.redis.core.DefaultReactiveZSetOperationsIntegrationTests" time="0.006">
    <error message="Unable to connect to Redis; nested exception is io.lettuce.core.RedisConnectionException: Unable to connect to 127.0.0.1:6379" type="org.springframework.data.redis.RedisConnectionFailureException">org.springframework.data.redis.RedisConnectionFailureException: Unable to connect to Redis; nested exception is io.lettuce.core.RedisConnectionException: Unable to connect to 127.0.0.1:6379
	at org.springframework.data.redis.core.DefaultReactiveZSetOperationsIntegrationTests.before(DefaultReactiveZSetOperationsIntegrationTests.java:96)
Caused by: io.lettuce.core.RedisConnectionException: Unable to connect to 127.0.0.1:6379
	at org.springframework.data.redis.core.DefaultReactiveZSetOperationsIntegrationTests.before(DefaultReactiveZSetOperationsIntegrationTests.java:96)
Caused by: io.netty.channel.AbstractChannel$AnnotatedConnectException: syscall:getsockopt(..) failed: Connection refused: /127.0.0.1:6379
Caused by: io.netty.channel.unix.Errors$NativeConnectException: syscall:getsockopt(..) failed: Connection refused
</error>
  </testcase>
  <testcase name="remove[String]" classname="org.springframework.data.redis.core.DefaultReactiveZSetOperationsIntegrationTests" time="0.005">
    <error message="Unable to connect to Redis; nested exception is io.lettuce.core.RedisConnectionException: Unable to connect to 127.0.0.1:6379" type="org.springframework.data.redis.RedisConnectionFailureException">org.springframework.data.redis.RedisConnectionFailureException: Unable to connect to Redis; nested exception is io.lettuce.core.RedisConnectionException: Unable to connect to 127.0.0.1:6379
	at org.springframework.data.redis.core.DefaultReactiveZSetOperationsIntegrationTests.before(DefaultReactiveZSetOperationsIntegrationTests.java:96)
Caused by: io.lettuce.core.RedisConnectionException: Unable to connect to 127.0.0.1:6379
	at org.springframework.data.redis.core.DefaultReactiveZSetOperationsIntegrationTests.before(DefaultReactiveZSetOperationsIntegrationTests.java:96)
Caused by: io.netty.channel.AbstractChannel$AnnotatedConnectException: syscall:getsockopt(..) failed: Connection refused: /127.0.0.1:6379
Caused by: io.netty.channel.unix.Errors$NativeConnectException: syscall:getsockopt(..) failed: Connection refused
</error>
  </testcase>
  <testcase name="unionAndStore[String]" classname="org.springframework.data.redis.core.DefaultReactiveZSetOperationsIntegrationTests" time="0.004">
    <error message="Unable to connect to Redis; nested exception is io.lettuce.core.RedisConnectionException: Unable to connect to 127.0.0.1:6379" type="org.springframework.data.redis.RedisConnectionFailureException">org.springframework.data.redis.RedisConnectionFailureException: Unable to connect to Redis; nested exception is io.lettuce.core.RedisConnectionException: Unable to connect to 127.0.0.1:6379
	at org.springframework.data.redis.core.DefaultReactiveZSetOperationsIntegrationTests.before(DefaultReactiveZSetOperationsIntegrationTests.java:96)
Caused by: io.lettuce.core.RedisConnectionException: Unable to connect to 127.0.0.1:6379
	at org.springframework.data.redis.core.DefaultReactiveZSetOperationsIntegrationTests.before(DefaultReactiveZSetOperationsIntegrationTests.java:96)
Caused by: io.netty.channel.AbstractChannel$AnnotatedConnectException: syscall:getsockopt(..) failed: Connection refused: /127.0.0.1:6379
Caused by: io.netty.channel.unix.Errors$NativeConnectException: syscall:getsockopt(..) failed: Connection refused
</error>
  </testcase>
  <testcase name="reverseRangeByScoreWithScoresWithLimit[String]" classname="org.springframework.data.redis.core.DefaultReactiveZSetOperationsIntegrationTests" time="0.004">
    <error message="Unable to connect to Redis; nested exception is io.lettuce.core.RedisConnectionException: Unable to connect to 127.0.0.1:6379" type="org.springframework.data.redis.RedisConnectionFailureException">org.springframework.data.redis.RedisConnectionFailureException: Unable to connect to Redis; nested exception is io.lettuce.core.RedisConnectionException: Unable to connect to 127.0.0.1:6379
	at org.springframework.data.redis.core.DefaultReactiveZSetOperationsIntegrationTests.before(DefaultReactiveZSetOperationsIntegrationTests.java:96)
Caused by: io.lettuce.core.RedisConnectionException: Unable to connect to 127.0.0.1:6379
	at org.springframework.data.redis.core.DefaultReactiveZSetOperationsIntegrationTests.before(DefaultReactiveZSetOperationsIntegrationTests.java:96)
Caused by: io.netty.channel.AbstractChannel$AnnotatedConnectException: syscall:getsockopt(..) failed: Connection refused: /127.0.0.1:6379
Caused by: io.netty.channel.unix.Errors$NativeConnectException: syscall:getsockopt(..) failed: Connection refused
</error>
  </testcase>
  <testcase name="reverseRangeByLexLimit[String]" classname="org.springframework.data.redis.core.DefaultReactiveZSetOperationsIntegrationTests" time="0.01">
    <error message="Unable to connect to Redis; nested exception is io.lettuce.core.RedisConnectionException: Unable to connect to 127.0.0.1:6379" type="org.springframework.data.redis.RedisConnectionFailureException">org.springframework.data.redis.RedisConnectionFailureException: Unable to connect to Redis; nested exception is io.lettuce.core.RedisConnectionException: Unable to connect to 127.0.0.1:6379
	at org.springframework.data.redis.core.DefaultReactiveZSetOperationsIntegrationTests.before(DefaultReactiveZSetOperationsIntegrationTests.java:96)
Caused by: io.lettuce.core.RedisConnectionException: Unable to connect to 127.0.0.1:6379
	at org.springframework.data.redis.core.DefaultReactiveZSetOperationsIntegrationTests.before(DefaultReactiveZSetOperationsIntegrationTests.java:96)
Caused by: io.netty.channel.AbstractChannel$AnnotatedConnectException: syscall:getsockopt(..) failed: Connection refused: /127.0.0.1:6379
Caused by: io.netty.channel.unix.Errors$NativeConnectException: syscall:getsockopt(..) failed: Connection refused
</error>
  </testcase>
  <testcase name="reverseRangeByScore[String]" classname="org.springframework.data.redis.core.DefaultReactiveZSetOperationsIntegrationTests" time="0.005">
    <error message="Unable to connect to Redis; nested exception is io.lettuce.core.RedisConnectionException: Unable to connect to 127.0.0.1:6379" type="org.springframework.data.redis.RedisConnectionFailureException">org.springframework.data.redis.RedisConnectionFailureException: Unable to connect to Redis; nested exception is io.lettuce.core.RedisConnectionException: Unable to connect to 127.0.0.1:6379
	at org.springframework.data.redis.core.DefaultReactiveZSetOperationsIntegrationTests.before(DefaultReactiveZSetOperationsIntegrationTests.java:96)
Caused by: io.lettuce.core.RedisConnectionException: Unable to connect to 127.0.0.1:6379
	at org.springframework.data.redis.core.DefaultReactiveZSetOperationsIntegrationTests.before(DefaultReactiveZSetOperationsIntegrationTests.java:96)
Caused by: io.netty.channel.AbstractChannel$AnnotatedConnectException: syscall:getsockopt(..) failed: Connection refused: /127.0.0.1:6379
Caused by: io.netty.channel.unix.Errors$NativeConnectException: syscall:getsockopt(..) failed: Connection refused
</error>
  </testcase>
  <testcase name="rangeWithScores[String]" classname="org.springframework.data.redis.core.DefaultReactiveZSetOperationsIntegrationTests" time="0.003">
    <error message="Unable to connect to Redis; nested exception is io.lettuce.core.RedisConnectionException: Unable to connect to 127.0.0.1:6379" type="org.springframework.data.redis.RedisConnectionFailureException">org.springframework.data.redis.RedisConnectionFailureException: Unable to connect to Redis; nested exception is io.lettuce.core.RedisConnectionException: Unable to connect to 127.0.0.1:6379
	at org.springframework.data.redis.core.DefaultReactiveZSetOperationsIntegrationTests.before(DefaultReactiveZSetOperationsIntegrationTests.java:96)
Caused by: io.lettuce.core.RedisConnectionException: Unable to connect to 127.0.0.1:6379
	at org.springframework.data.redis.core.DefaultReactiveZSetOperationsIntegrationTests.before(DefaultReactiveZSetOperationsIntegrationTests.java:96)
Caused by: io.netty.channel.AbstractChannel$AnnotatedConnectException: syscall:getsockopt(..) failed: Connection refused: /127.0.0.1:6379
Caused by: io.netty.channel.unix.Errors$NativeConnectException: syscall:getsockopt(..) failed: Connection refused
</error>
  </testcase>
  <testcase name="reverseRangeByLex[String]" classname="org.springframework.data.redis.core.DefaultReactiveZSetOperationsIntegrationTests" time="0.003">
    <error message="Unable to connect to Redis; nested exception is io.lettuce.core.RedisConnectionException: Unable to connect to 127.0.0.1:6379" type="org.springframework.data.redis.RedisConnectionFailureException">org.springframework.data.redis.RedisConnectionFailureException: Unable to connect to Redis; nested exception is io.lettuce.core.RedisConnectionException: Unable to connect to 127.0.0.1:6379
	at org.springframework.data.redis.core.DefaultReactiveZSetOperationsIntegrationTests.before(DefaultReactiveZSetOperationsIntegrationTests.java:96)
Caused by: io.lettuce.core.RedisConnectionException: Unable to connect to 127.0.0.1:6379
	at org.springframework.data.redis.core.DefaultReactiveZSetOperationsIntegrationTests.before(DefaultReactiveZSetOperationsIntegrationTests.java:96)
Caused by: io.netty.channel.AbstractChannel$AnnotatedConnectException: syscall:getsockopt(..) failed: Connection refused: /127.0.0.1:6379
Caused by: io.netty.channel.unix.Errors$NativeConnectException: syscall:getsockopt(..) failed: Connection refused
</error>
  </testcase>
  <testcase name="rangeByScore[String]" classname="org.springframework.data.redis.core.DefaultReactiveZSetOperationsIntegrationTests" time="0.004">
    <error message="Unable to connect to Redis; nested exception is io.lettuce.core.RedisConnectionException: Unable to connect to 127.0.0.1:6379" type="org.springframework.data.redis.RedisConnectionFailureException">org.springframework.data.redis.RedisConnectionFailureException: Unable to connect to Redis; nested exception is io.lettuce.core.RedisConnectionException: Unable to connect to 127.0.0.1:6379
	at org.springframework.data.redis.core.DefaultReactiveZSetOperationsIntegrationTests.before(DefaultReactiveZSetOperationsIntegrationTests.java:96)
Caused by: io.lettuce.core.RedisConnectionException: Unable to connect to 127.0.0.1:6379
	at org.springframework.data.redis.core.DefaultReactiveZSetOperationsIntegrationTests.before(DefaultReactiveZSetOperationsIntegrationTests.java:96)
Caused by: io.netty.channel.AbstractChannel$AnnotatedConnectException: syscall:getsockopt(..) failed: Connection refused: /127.0.0.1:6379
Caused by: io.netty.channel.unix.Errors$NativeConnectException: syscall:getsockopt(..) failed: Connection refused
</error>
  </testcase>
  <testcase name="removeRange[String]" classname="org.springframework.data.redis.core.DefaultReactiveZSetOperationsIntegrationTests" time="0.003">
    <error message="Unable to connect to Redis; nested exception is io.lettuce.core.RedisConnectionException: Unable to connect to 127.0.0.1:6379" type="org.springframework.data.redis.RedisConnectionFailureException">org.springframework.data.redis.RedisConnectionFailureException: Unable to connect to Redis; nested exception is io.lettuce.core.RedisConnectionException: Unable to connect to 127.0.0.1:6379
	at org.springframework.data.redis.core.DefaultReactiveZSetOperationsIntegrationTests.before(DefaultReactiveZSetOperationsIntegrationTests.java:96)
Caused by: io.lettuce.core.RedisConnectionException: Unable to connect to 127.0.0.1:6379
	at org.springframework.data.redis.core.DefaultReactiveZSetOperationsIntegrationTests.before(DefaultReactiveZSetOperationsIntegrationTests.java:96)
Caused by: io.netty.channel.AbstractChannel$AnnotatedConnectException: syscall:getsockopt(..) failed: Connection refused: /127.0.0.1:6379
Caused by: io.netty.channel.unix.Errors$NativeConnectException: syscall:getsockopt(..) failed: Connection refused
</error>
  </testcase>
  <testcase name="rangeByScoreWithScores[String]" classname="org.springframework.data.redis.core.DefaultReactiveZSetOperationsIntegrationTests" time="0.005">
    <error message="Unable to connect to Redis; nested exception is io.lettuce.core.RedisConnectionException: Unable to connect to 127.0.0.1:6379" type="org.springframework.data.redis.RedisConnectionFailureException">org.springframework.data.redis.RedisConnectionFailureException: Unable to connect to Redis; nested exception is io.lettuce.core.RedisConnectionException: Unable to connect to 127.0.0.1:6379
	at org.springframework.data.redis.core.DefaultReactiveZSetOperationsIntegrationTests.before(DefaultReactiveZSetOperationsIntegrationTests.java:96)
Caused by: io.lettuce.core.RedisConnectionException: Unable to connect to 127.0.0.1:6379
	at org.springframework.data.redis.core.DefaultReactiveZSetOperationsIntegrationTests.before(DefaultReactiveZSetOperationsIntegrationTests.java:96)
Caused by: io.netty.channel.AbstractChannel$AnnotatedConnectException: syscall:getsockopt(..) failed: Connection refused: /127.0.0.1:6379
Caused by: io.netty.channel.unix.Errors$NativeConnectException: syscall:getsockopt(..) failed: Connection refused
</error>
  </testcase>
  <testcase name="reverseRange[String]" classname="org.springframework.data.redis.core.DefaultReactiveZSetOperationsIntegrationTests" time="0.004">
    <error message="Unable to connect to Redis; nested exception is io.lettuce.core.RedisConnectionException: Unable to connect to 127.0.0.1:6379" type="org.springframework.data.redis.RedisConnectionFailureException">org.springframework.data.redis.RedisConnectionFailureException: Unable to connect to Redis; nested exception is io.lettuce.core.RedisConnectionException: Unable to connect to 127.0.0.1:6379
	at org.springframework.data.redis.core.DefaultReactiveZSetOperationsIntegrationTests.before(DefaultReactiveZSetOperationsIntegrationTests.java:96)
Caused by: io.lettuce.core.RedisConnectionException: Unable to connect to 127.0.0.1:6379
	at org.springframework.data.redis.core.DefaultReactiveZSetOperationsIntegrationTests.before(DefaultReactiveZSetOperationsIntegrationTests.java:96)
Caused by: io.netty.channel.AbstractChannel$AnnotatedConnectException: syscall:getsockopt(..) failed: Connection refused: /127.0.0.1:6379
Caused by: io.netty.channel.unix.Errors$NativeConnectException: syscall:getsockopt(..) failed: Connection refused
</error>
  </testcase>
  <testcase name="add[String]" classname="org.springframework.data.redis.core.DefaultReactiveZSetOperationsIntegrationTests" time="0.004">
    <error message="Unable to connect to Redis; nested exception is io.lettuce.core.RedisConnectionException: Unable to connect to 127.0.0.1:6379" type="org.springframework.data.redis.RedisConnectionFailureException">org.springframework.data.redis.RedisConnectionFailureException: Unable to connect to Redis; nested exception is io.lettuce.core.RedisConnectionException: Unable to connect to 127.0.0.1:6379
	at org.springframework.data.redis.core.DefaultReactiveZSetOperationsIntegrationTests.before(DefaultReactiveZSetOperationsIntegrationTests.java:96)
Caused by: io.lettuce.core.RedisConnectionException: Unable to connect to 127.0.0.1:6379
	at org.springframework.data.redis.core.DefaultReactiveZSetOperationsIntegrationTests.before(DefaultReactiveZSetOperationsIntegrationTests.java:96)
Caused by: io.netty.channel.AbstractChannel$AnnotatedConnectException: syscall:getsockopt(..) failed: Connection refused: /127.0.0.1:6379
Caused by: io.netty.channel.unix.Errors$NativeConnectException: syscall:getsockopt(..) failed: Connection refused
</error>
  </testcase>
  <testcase name="rank[String]" classname="org.springframework.data.redis.core.DefaultReactiveZSetOperationsIntegrationTests" time="0.003">
    <error message="Unable to connect to Redis; nested exception is io.lettuce.core.RedisConnectionException: Unable to connect to 127.0.0.1:6379" type="org.springframework.data.redis.RedisConnectionFailureException">org.springframework.data.redis.RedisConnectionFailureException: Unable to connect to Redis; nested exception is io.lettuce.core.RedisConnectionException: Unable to connect to 127.0.0.1:6379
	at org.springframework.data.redis.core.DefaultReactiveZSetOperationsIntegrationTests.before(DefaultReactiveZSetOperationsIntegrationTests.java:96)
Caused by: io.lettuce.core.RedisConnectionException: Unable to connect to 127.0.0.1:6379
	at org.springframework.data.redis.core.DefaultReactiveZSetOperationsIntegrationTests.before(DefaultReactiveZSetOperationsIntegrationTests.java:96)
Caused by: io.netty.channel.AbstractChannel$AnnotatedConnectException: syscall:getsockopt(..) failed: Connection refused: /127.0.0.1:6379
Caused by: io.netty.channel.unix.Errors$NativeConnectException: syscall:getsockopt(..) failed: Connection refused
</error>
  </testcase>
  <testcase name="scan[String]" classname="org.springframework.data.redis.core.DefaultReactiveZSetOperationsIntegrationTests" time="0.006">
    <error message="Unable to connect to Redis; nested exception is io.lettuce.core.RedisConnectionException: Unable to connect to 127.0.0.1:6379" type="org.springframework.data.redis.RedisConnectionFailureException">org.springframework.data.redis.RedisConnectionFailureException: Unable to connect to Redis; nested exception is io.lettuce.core.RedisConnectionException: Unable to connect to 127.0.0.1:6379
	at org.springframework.data.redis.core.DefaultReactiveZSetOperationsIntegrationTests.before(DefaultReactiveZSetOperationsIntegrationTests.java:96)
Caused by: io.lettuce.core.RedisConnectionException: Unable to connect to 127.0.0.1:6379
	at org.springframework.data.redis.core.DefaultReactiveZSetOperationsIntegrationTests.before(DefaultReactiveZSetOperationsIntegrationTests.java:96)
Caused by: io.netty.channel.AbstractChannel$AnnotatedConnectException: syscall:getsockopt(..) failed: Connection refused: /127.0.0.1:6379
Caused by: io.netty.channel.unix.Errors$NativeConnectException: syscall:getsockopt(..) failed: Connection refused
</error>
  </testcase>
  <testcase name="size[String]" classname="org.springframework.data.redis.core.DefaultReactiveZSetOperationsIntegrationTests" time="0.004">
    <error message="Unable to connect to Redis; nested exception is io.lettuce.core.RedisConnectionException: Unable to connect to 127.0.0.1:6379" type="org.springframework.data.redis.RedisConnectionFailureException">org.springframework.data.redis.RedisConnectionFailureException: Unable to connect to Redis; nested exception is io.lettuce.core.RedisConnectionException: Unable to connect to 127.0.0.1:6379
	at org.springframework.data.redis.core.DefaultReactiveZSetOperationsIntegrationTests.before(DefaultReactiveZSetOperationsIntegrationTests.java:96)
Caused by: io.lettuce.core.RedisConnectionException: Unable to connect to 127.0.0.1:6379
	at org.springframework.data.redis.core.DefaultReactiveZSetOperationsIntegrationTests.before(DefaultReactiveZSetOperationsIntegrationTests.java:96)
Caused by: io.netty.channel.AbstractChannel$AnnotatedConnectException: syscall:getsockopt(..) failed: Connection refused: /127.0.0.1:6379
Caused by: io.netty.channel.unix.Errors$NativeConnectException: syscall:getsockopt(..) failed: Connection refused
</error>
  </testcase>
  <testcase name="unionAndStoreWithAggregation[String]" classname="org.springframework.data.redis.core.DefaultReactiveZSetOperationsIntegrationTests" time="0.003">
    <error message="Unable to connect to Redis; nested exception is io.lettuce.core.RedisConnectionException: Unable to connect to 127.0.0.1:6379" type="org.springframework.data.redis.RedisConnectionFailureException">org.springframework.data.redis.RedisConnectionFailureException: Unable to connect to Redis; nested exception is io.lettuce.core.RedisConnectionException: Unable to connect to 127.0.0.1:6379
	at org.springframework.data.redis.core.DefaultReactiveZSetOperationsIntegrationTests.before(DefaultReactiveZSetOperationsIntegrationTests.java:96)
Caused by: io.lettuce.core.RedisConnectionException: Unable to connect to 127.0.0.1:6379
	at org.springframework.data.redis.core.DefaultReactiveZSetOperationsIntegrationTests.before(DefaultReactiveZSetOperationsIntegrationTests.java:96)
Caused by: io.netty.channel.AbstractChannel$AnnotatedConnectException: syscall:getsockopt(..) failed: Connection refused: /127.0.0.1:6379
Caused by: io.netty.channel.unix.Errors$NativeConnectException: syscall:getsockopt(..) failed: Connection refused
</error>
  </testcase>
  <testcase name="count[String]" classname="org.springframework.data.redis.core.DefaultReactiveZSetOperationsIntegrationTests" time="0.003">
    <error message="Unable to connect to Redis; nested exception is io.lettuce.core.RedisConnectionException: Unable to connect to 127.0.0.1:6379" type="org.springframework.data.redis.RedisConnectionFailureException">org.springframework.data.redis.RedisConnectionFailureException: Unable to connect to Redis; nested exception is io.lettuce.core.RedisConnectionException: Unable to connect to 127.0.0.1:6379
	at org.springframework.data.redis.core.DefaultReactiveZSetOperationsIntegrationTests.before(DefaultReactiveZSetOperationsIntegrationTests.java:96)
Caused by: io.lettuce.core.RedisConnectionException: Unable to connect to 127.0.0.1:6379
	at org.springframework.data.redis.core.DefaultReactiveZSetOperationsIntegrationTests.before(DefaultReactiveZSetOperationsIntegrationTests.java:96)
Caused by: io.netty.channel.AbstractChannel$AnnotatedConnectException: syscall:getsockopt(..) failed: Connection refused: /127.0.0.1:6379
Caused by: io.netty.channel.unix.Errors$NativeConnectException: syscall:getsockopt(..) failed: Connection refused
</error>
  </testcase>
  <testcase name="range[String]" classname="org.springframework.data.redis.core.DefaultReactiveZSetOperationsIntegrationTests" time="0.003">
    <error message="Unable to connect to Redis; nested exception is io.lettuce.core.RedisConnectionException: Unable to connect to 127.0.0.1:6379" type="org.springframework.data.redis.RedisConnectionFailureException">org.springframework.data.redis.RedisConnectionFailureException: Unable to connect to Redis; nested exception is io.lettuce.core.RedisConnectionException: Unable to connect to 127.0.0.1:6379
	at org.springframework.data.redis.core.DefaultReactiveZSetOperationsIntegrationTests.before(DefaultReactiveZSetOperationsIntegrationTests.java:96)
Caused by: io.lettuce.core.RedisConnectionException: Unable to connect to 127.0.0.1:6379
	at org.springframework.data.redis.core.DefaultReactiveZSetOperationsIntegrationTests.before(DefaultReactiveZSetOperationsIntegrationTests.java:96)
Caused by: io.netty.channel.AbstractChannel$AnnotatedConnectException: syscall:getsockopt(..) failed: Connection refused: /127.0.0.1:6379
Caused by: io.netty.channel.unix.Errors$NativeConnectException: syscall:getsockopt(..) failed: Connection refused
</error>
  </testcase>
  <testcase name="score[String]" classname="org.springframework.data.redis.core.DefaultReactiveZSetOperationsIntegrationTests" time="0.003">
    <error message="Unable to connect to Redis; nested exception is io.lettuce.core.RedisConnectionException: Unable to connect to 127.0.0.1:6379" type="org.springframework.data.redis.RedisConnectionFailureException">org.springframework.data.redis.RedisConnectionFailureException: Unable to connect to Redis; nested exception is io.lettuce.core.RedisConnectionException: Unable to connect to 127.0.0.1:6379
	at org.springframework.data.redis.core.DefaultReactiveZSetOperationsIntegrationTests.before(DefaultReactiveZSetOperationsIntegrationTests.java:96)
Caused by: io.lettuce.core.RedisConnectionException: Unable to connect to 127.0.0.1:6379
	at org.springframework.data.redis.core.DefaultReactiveZSetOperationsIntegrationTests.before(DefaultReactiveZSetOperationsIntegrationTests.java:96)
Caused by: io.netty.channel.AbstractChannel$AnnotatedConnectException: syscall:getsockopt(..) failed: Connection refused: /127.0.0.1:6379
Caused by: io.netty.channel.unix.Errors$NativeConnectException: syscall:getsockopt(..) failed: Connection refused
</error>
  </testcase>
  <testcase name="reverseRangeByScoreWithScores[String]" classname="org.springframework.data.redis.core.DefaultReactiveZSetOperationsIntegrationTests" time="0.003">
    <error message="Unable to connect to Redis; nested exception is io.lettuce.core.RedisConnectionException: Unable to connect to 127.0.0.1:6379" type="org.springframework.data.redis.RedisConnectionFailureException">org.springframework.data.redis.RedisConnectionFailureException: Unable to connect to Redis; nested exception is io.lettuce.core.RedisConnectionException: Unable to connect to 127.0.0.1:6379
	at org.springframework.data.redis.core.DefaultReactiveZSetOperationsIntegrationTests.before(DefaultReactiveZSetOperationsIntegrationTests.java:96)
Caused by: io.lettuce.core.RedisConnectionException: Unable to connect to 127.0.0.1:6379
	at org.springframework.data.redis.core.DefaultReactiveZSetOperationsIntegrationTests.before(DefaultReactiveZSetOperationsIntegrationTests.java:96)
Caused by: io.netty.channel.AbstractChannel$AnnotatedConnectException: syscall:getsockopt(..) failed: Connection refused: /127.0.0.1:6379
Caused by: io.netty.channel.unix.Errors$NativeConnectException: syscall:getsockopt(..) failed: Connection refused
</error>
  </testcase>
  <testcase name="rangeByLexWithLimit[String]" classname="org.springframework.data.redis.core.DefaultReactiveZSetOperationsIntegrationTests" time="0.003">
    <error message="Unable to connect to Redis; nested exception is io.lettuce.core.RedisConnectionException: Unable to connect to 127.0.0.1:6379" type="org.springframework.data.redis.RedisConnectionFailureException">org.springframework.data.redis.RedisConnectionFailureException: Unable to connect to Redis; nested exception is io.lettuce.core.RedisConnectionException: Unable to connect to 127.0.0.1:6379
	at org.springframework.data.redis.core.DefaultReactiveZSetOperationsIntegrationTests.before(DefaultReactiveZSetOperationsIntegrationTests.java:96)
Caused by: io.lettuce.core.RedisConnectionException: Unable to connect to 127.0.0.1:6379
	at org.springframework.data.redis.core.DefaultReactiveZSetOperationsIntegrationTests.before(DefaultReactiveZSetOperationsIntegrationTests.java:96)
Caused by: io.netty.channel.AbstractChannel$AnnotatedConnectException: syscall:getsockopt(..) failed: Connection refused: /127.0.0.1:6379
Caused by: io.netty.channel.unix.Errors$NativeConnectException: syscall:getsockopt(..) failed: Connection refused
</error>
  </testcase>
  <testcase name="reverseRangeWithScores[String]" classname="org.springframework.data.redis.core.DefaultReactiveZSetOperationsIntegrationTests" time="0.002">
    <error message="Unable to connect to Redis; nested exception is io.lettuce.core.RedisConnectionException: Unable to connect to 127.0.0.1:6379" type="org.springframework.data.redis.RedisConnectionFailureException">org.springframework.data.redis.RedisConnectionFailureException: Unable to connect to Redis; nested exception is io.lettuce.core.RedisConnectionException: Unable to connect to 127.0.0.1:6379
	at org.springframework.data.redis.core.DefaultReactiveZSetOperationsIntegrationTests.before(DefaultReactiveZSetOperationsIntegrationTests.java:96)
Caused by: io.lettuce.core.RedisConnectionException: Unable to connect to 127.0.0.1:6379
	at org.springframework.data.redis.core.DefaultReactiveZSetOperationsIntegrationTests.before(DefaultReactiveZSetOperationsIntegrationTests.java:96)
Caused by: io.netty.channel.AbstractChannel$AnnotatedConnectException: syscall:getsockopt(..) failed: Connection refused: /127.0.0.1:6379
Caused by: io.netty.channel.unix.Errors$NativeConnectException: syscall:getsockopt(..) failed: Connection refused
</error>
  </testcase>
  <testcase name="reverseRank[String]" classname="org.springframework.data.redis.core.DefaultReactiveZSetOperationsIntegrationTests" time="0.003">
    <error message="Unable to connect to Redis; nested exception is io.lettuce.core.RedisConnectionException: Unable to connect to 127.0.0.1:6379" type="org.springframework.data.redis.RedisConnectionFailureException">org.springframework.data.redis.RedisConnectionFailureException: Unable to connect to Redis; nested exception is io.lettuce.core.RedisConnectionException: Unable to connect to 127.0.0.1:6379
	at org.springframework.data.redis.core.DefaultReactiveZSetOperationsIntegrationTests.before(DefaultReactiveZSetOperationsIntegrationTests.java:96)
Caused by: io.lettuce.core.RedisConnectionException: Unable to connect to 127.0.0.1:6379
	at org.springframework.data.redis.core.DefaultReactiveZSetOperationsIntegrationTests.before(DefaultReactiveZSetOperationsIntegrationTests.java:96)
Caused by: io.netty.channel.AbstractChannel$AnnotatedConnectException: syscall:getsockopt(..) failed: Connection refused: /127.0.0.1:6379
Caused by: io.netty.channel.unix.Errors$NativeConnectException: syscall:getsockopt(..) failed: Connection refused
</error>
  </testcase>
  <testcase name="reverseRangeByScoreWithLimit[String]" classname="org.springframework.data.redis.core.DefaultReactiveZSetOperationsIntegrationTests" time="0.003">
    <error message="Unable to connect to Redis; nested exception is io.lettuce.core.RedisConnectionException: Unable to connect to 127.0.0.1:6379" type="org.springframework.data.redis.RedisConnectionFailureException">org.springframework.data.redis.RedisConnectionFailureException: Unable to connect to Redis; nested exception is io.lettuce.core.RedisConnectionException: Unable to connect to 127.0.0.1:6379
	at org.springframework.data.redis.core.DefaultReactiveZSetOperationsIntegrationTests.before(DefaultReactiveZSetOperationsIntegrationTests.java:96)
Caused by: io.lettuce.core.RedisConnectionException: Unable to connect to 127.0.0.1:6379
	at org.springframework.data.redis.core.DefaultReactiveZSetOperationsIntegrationTests.before(DefaultReactiveZSetOperationsIntegrationTests.java:96)
Caused by: io.netty.channel.AbstractChannel$AnnotatedConnectException: syscall:getsockopt(..) failed: Connection refused: /127.0.0.1:6379
Caused by: io.netty.channel.unix.Errors$NativeConnectException: syscall:getsockopt(..) failed: Connection refused
</error>
  </testcase>
  <testcase name="incrementScore[String]" classname="org.springframework.data.redis.core.DefaultReactiveZSetOperationsIntegrationTests" time="0.002">
    <error message="Unable to connect to Redis; nested exception is io.lettuce.core.RedisConnectionException: Unable to connect to 127.0.0.1:6379" type="org.springframework.data.redis.RedisConnectionFailureException">org.springframework.data.redis.RedisConnectionFailureException: Unable to connect to Redis; nested exception is io.lettuce.core.RedisConnectionException: Unable to connect to 127.0.0.1:6379
	at org.springframework.data.redis.core.DefaultReactiveZSetOperationsIntegrationTests.before(DefaultReactiveZSetOperationsIntegrationTests.java:96)
Caused by: io.lettuce.core.RedisConnectionException: Unable to connect to 127.0.0.1:6379
	at org.springframework.data.redis.core.DefaultReactiveZSetOperationsIntegrationTests.before(DefaultReactiveZSetOperationsIntegrationTests.java:96)
Caused by: io.netty.channel.AbstractChannel$AnnotatedConnectException: syscall:getsockopt(..) failed: Connection refused: /127.0.0.1:6379
Caused by: io.netty.channel.unix.Errors$NativeConnectException: syscall:getsockopt(..) failed: Connection refused
</error>
  </testcase>
  <testcase name="intersectAndStoreWithAggregation[String]" classname="org.springframework.data.redis.core.DefaultReactiveZSetOperationsIntegrationTests" time="0.006">
    <error message="Unable to connect to Redis; nested exception is io.lettuce.core.RedisConnectionException: Unable to connect to 127.0.0.1:6379" type="org.springframework.data.redis.RedisConnectionFailureException">org.springframework.data.redis.RedisConnectionFailureException: Unable to connect to Redis; nested exception is io.lettuce.core.RedisConnectionException: Unable to connect to 127.0.0.1:6379
	at org.springframework.data.redis.core.DefaultReactiveZSetOperationsIntegrationTests.before(DefaultReactiveZSetOperationsIntegrationTests.java:96)
Caused by: io.lettuce.core.RedisConnectionException: Unable to connect to 127.0.0.1:6379
	at org.springframework.data.redis.core.DefaultReactiveZSetOperationsIntegrationTests.before(DefaultReactiveZSetOperationsIntegrationTests.java:96)
Caused by: io.netty.channel.AbstractChannel$AnnotatedConnectException: syscall:getsockopt(..) failed: Connection refused: /127.0.0.1:6379
Caused by: io.netty.channel.unix.Errors$NativeConnectException: syscall:getsockopt(..) failed: Connection refused
</error>
  </testcase>
  <testcase name="rangeByScoreWithLimit[String]" classname="org.springframework.data.redis.core.DefaultReactiveZSetOperationsIntegrationTests" time="0.002">
    <error message="Unable to connect to Redis; nested exception is io.lettuce.core.RedisConnectionException: Unable to connect to 127.0.0.1:6379" type="org.springframework.data.redis.RedisConnectionFailureException">org.springframework.data.redis.RedisConnectionFailureException: Unable to connect to Redis; nested exception is io.lettuce.core.RedisConnectionException: Unable to connect to 127.0.0.1:6379
	at org.springframework.data.redis.core.DefaultReactiveZSetOperationsIntegrationTests.before(DefaultReactiveZSetOperationsIntegrationTests.java:96)
Caused by: io.lettuce.core.RedisConnectionException: Unable to connect to 127.0.0.1:6379
	at org.springframework.data.redis.core.DefaultReactiveZSetOperationsIntegrationTests.before(DefaultReactiveZSetOperationsIntegrationTests.java:96)
Caused by: io.netty.channel.AbstractChannel$AnnotatedConnectException: syscall:getsockopt(..) failed: Connection refused: /127.0.0.1:6379
Caused by: io.netty.channel.unix.Errors$NativeConnectException: syscall:getsockopt(..) failed: Connection refused
</error>
  </testcase>
  <testcase name="removeRangeByScore[Person/JDK]" classname="org.springframework.data.redis.core.DefaultReactiveZSetOperationsIntegrationTests" time="0.003">
    <error message="Unable to connect to Redis; nested exception is io.lettuce.core.RedisConnectionException: Unable to connect to 127.0.0.1:6379" type="org.springframework.data.redis.RedisConnectionFailureException">org.springframework.data.redis.RedisConnectionFailureException: Unable to connect to Redis; nested exception is io.lettuce.core.RedisConnectionException: Unable to connect to 127.0.0.1:6379
	at org.springframework.data.redis.core.DefaultReactiveZSetOperationsIntegrationTests.before(DefaultReactiveZSetOperationsIntegrationTests.java:96)
Caused by: io.lettuce.core.RedisConnectionException: Unable to connect to 127.0.0.1:6379
	at org.springframework.data.redis.core.DefaultReactiveZSetOperationsIntegrationTests.before(DefaultReactiveZSetOperationsIntegrationTests.java:96)
Caused by: io.netty.channel.AbstractChannel$AnnotatedConnectException: syscall:getsockopt(..) failed: Connection refused: /127.0.0.1:6379
Caused by: io.netty.channel.unix.Errors$NativeConnectException: syscall:getsockopt(..) failed: Connection refused
</error>
  </testcase>
  <testcase name="rangeByLex[Person/JDK]" classname="org.springframework.data.redis.core.DefaultReactiveZSetOperationsIntegrationTests" time="0.003">
    <error message="Unable to connect to Redis; nested exception is io.lettuce.core.RedisConnectionException: Unable to connect to 127.0.0.1:6379" type="org.springframework.data.redis.RedisConnectionFailureException">org.springframework.data.redis.RedisConnectionFailureException: Unable to connect to Redis; nested exception is io.lettuce.core.RedisConnectionException: Unable to connect to 127.0.0.1:6379
	at org.springframework.data.redis.core.DefaultReactiveZSetOperationsIntegrationTests.before(DefaultReactiveZSetOperationsIntegrationTests.java:96)
Caused by: io.lettuce.core.RedisConnectionException: Unable to connect to 127.0.0.1:6379
	at org.springframework.data.redis.core.DefaultReactiveZSetOperationsIntegrationTests.before(DefaultReactiveZSetOperationsIntegrationTests.java:96)
Caused by: io.netty.channel.AbstractChannel$AnnotatedConnectException: syscall:getsockopt(..) failed: Connection refused: /127.0.0.1:6379
Caused by: io.netty.channel.unix.Errors$NativeConnectException: syscall:getsockopt(..) failed: Connection refused
</error>
  </testcase>
  <testcase name="addAll[Person/JDK]" classname="org.springframework.data.redis.core.DefaultReactiveZSetOperationsIntegrationTests" time="0.003">
    <error message="Unable to connect to Redis; nested exception is io.lettuce.core.RedisConnectionException: Unable to connect to 127.0.0.1:6379" type="org.springframework.data.redis.RedisConnectionFailureException">org.springframework.data.redis.RedisConnectionFailureException: Unable to connect to Redis; nested exception is io.lettuce.core.RedisConnectionException: Unable to connect to 127.0.0.1:6379
	at org.springframework.data.redis.core.DefaultReactiveZSetOperationsIntegrationTests.before(DefaultReactiveZSetOperationsIntegrationTests.java:96)
Caused by: io.lettuce.core.RedisConnectionException: Unable to connect to 127.0.0.1:6379
	at org.springframework.data.redis.core.DefaultReactiveZSetOperationsIntegrationTests.before(DefaultReactiveZSetOperationsIntegrationTests.java:96)
Caused by: io.netty.channel.AbstractChannel$AnnotatedConnectException: syscall:getsockopt(..) failed: Connection refused: /127.0.0.1:6379
Caused by: io.netty.channel.unix.Errors$NativeConnectException: syscall:getsockopt(..) failed: Connection refused
</error>
  </testcase>
  <testcase name="rangeByScoreWithScoresWithLimit[Person/JDK]" classname="org.springframework.data.redis.core.DefaultReactiveZSetOperationsIntegrationTests" time="0.003">
    <error message="Unable to connect to Redis; nested exception is io.lettuce.core.RedisConnectionException: Unable to connect to 127.0.0.1:6379" type="org.springframework.data.redis.RedisConnectionFailureException">org.springframework.data.redis.RedisConnectionFailureException: Unable to connect to Redis; nested exception is io.lettuce.core.RedisConnectionException: Unable to connect to 127.0.0.1:6379
	at org.springframework.data.redis.core.DefaultReactiveZSetOperationsIntegrationTests.before(DefaultReactiveZSetOperationsIntegrationTests.java:96)
Caused by: io.lettuce.core.RedisConnectionException: Unable to connect to 127.0.0.1:6379
	at org.springframework.data.redis.core.DefaultReactiveZSetOperationsIntegrationTests.before(DefaultReactiveZSetOperationsIntegrationTests.java:96)
Caused by: io.netty.channel.AbstractChannel$AnnotatedConnectException: syscall:getsockopt(..) failed: Connection refused: /127.0.0.1:6379
Caused by: io.netty.channel.unix.Errors$NativeConnectException: syscall:getsockopt(..) failed: Connection refused
</error>
  </testcase>
  <testcase name="delete[Person/JDK]" classname="org.springframework.data.redis.core.DefaultReactiveZSetOperationsIntegrationTests" time="0.002">
    <error message="Unable to connect to Redis; nested exception is io.lettuce.core.RedisConnectionException: Unable to connect to 127.0.0.1:6379" type="org.springframework.data.redis.RedisConnectionFailureException">org.springframework.data.redis.RedisConnectionFailureException: Unable to connect to Redis; nested exception is io.lettuce.core.RedisConnectionException: Unable to connect to 127.0.0.1:6379
	at org.springframework.data.redis.core.DefaultReactiveZSetOperationsIntegrationTests.before(DefaultReactiveZSetOperationsIntegrationTests.java:96)
Caused by: io.lettuce.core.RedisConnectionException: Unable to connect to 127.0.0.1:6379
	at org.springframework.data.redis.core.DefaultReactiveZSetOperationsIntegrationTests.before(DefaultReactiveZSetOperationsIntegrationTests.java:96)
Caused by: io.netty.channel.AbstractChannel$AnnotatedConnectException: syscall:getsockopt(..) failed: Connection refused: /127.0.0.1:6379
Caused by: io.netty.channel.unix.Errors$NativeConnectException: syscall:getsockopt(..) failed: Connection refused
</error>
  </testcase>
  <testcase name="intersectAndStore[Person/JDK]" classname="org.springframework.data.redis.core.DefaultReactiveZSetOperationsIntegrationTests" time="0.002">
    <error message="Unable to connect to Redis; nested exception is io.lettuce.core.RedisConnectionException: Unable to connect to 127.0.0.1:6379" type="org.springframework.data.redis.RedisConnectionFailureException">org.springframework.data.redis.RedisConnectionFailureException: Unable to connect to Redis; nested exception is io.lettuce.core.RedisConnectionException: Unable to connect to 127.0.0.1:6379
	at org.springframework.data.redis.core.DefaultReactiveZSetOperationsIntegrationTests.before(DefaultReactiveZSetOperationsIntegrationTests.java:96)
Caused by: io.lettuce.core.RedisConnectionException: Unable to connect to 127.0.0.1:6379
	at org.springframework.data.redis.core.DefaultReactiveZSetOperationsIntegrationTests.before(DefaultReactiveZSetOperationsIntegrationTests.java:96)
Caused by: io.netty.channel.AbstractChannel$AnnotatedConnectException: syscall:getsockopt(..) failed: Connection refused: /127.0.0.1:6379
Caused by: io.netty.channel.unix.Errors$NativeConnectException: syscall:getsockopt(..) failed: Connection refused
</error>
  </testcase>
  <testcase name="remove[Person/JDK]" classname="org.springframework.data.redis.core.DefaultReactiveZSetOperationsIntegrationTests" time="0.002">
    <error message="Unable to connect to Redis; nested exception is io.lettuce.core.RedisConnectionException: Unable to connect to 127.0.0.1:6379" type="org.springframework.data.redis.RedisConnectionFailureException">org.springframework.data.redis.RedisConnectionFailureException: Unable to connect to Redis; nested exception is io.lettuce.core.RedisConnectionException: Unable to connect to 127.0.0.1:6379
	at org.springframework.data.redis.core.DefaultReactiveZSetOperationsIntegrationTests.before(DefaultReactiveZSetOperationsIntegrationTests.java:96)
Caused by: io.lettuce.core.RedisConnectionException: Unable to connect to 127.0.0.1:6379
	at org.springframework.data.redis.core.DefaultReactiveZSetOperationsIntegrationTests.before(DefaultReactiveZSetOperationsIntegrationTests.java:96)
Caused by: io.netty.channel.AbstractChannel$AnnotatedConnectException: syscall:getsockopt(..) failed: Connection refused: /127.0.0.1:6379
Caused by: io.netty.channel.unix.Errors$NativeConnectException: syscall:getsockopt(..) failed: Connection refused
</error>
  </testcase>
  <testcase name="unionAndStore[Person/JDK]" classname="org.springframework.data.redis.core.DefaultReactiveZSetOperationsIntegrationTests" time="0.002">
    <error message="Unable to connect to Redis; nested exception is io.lettuce.core.RedisConnectionException: Unable to connect to 127.0.0.1:6379" type="org.springframework.data.redis.RedisConnectionFailureException">org.springframework.data.redis.RedisConnectionFailureException: Unable to connect to Redis; nested exception is io.lettuce.core.RedisConnectionException: Unable to connect to 127.0.0.1:6379
	at org.springframework.data.redis.core.DefaultReactiveZSetOperationsIntegrationTests.before(DefaultReactiveZSetOperationsIntegrationTests.java:96)
Caused by: io.lettuce.core.RedisConnectionException: Unable to connect to 127.0.0.1:6379
	at org.springframework.data.redis.core.DefaultReactiveZSetOperationsIntegrationTests.before(DefaultReactiveZSetOperationsIntegrationTests.java:96)
Caused by: io.netty.channel.AbstractChannel$AnnotatedConnectException: syscall:getsockopt(..) failed: Connection refused: /127.0.0.1:6379
Caused by: io.netty.channel.unix.Errors$NativeConnectException: syscall:getsockopt(..) failed: Connection refused
</error>
  </testcase>
  <testcase name="reverseRangeByScoreWithScoresWithLimit[Person/JDK]" classname="org.springframework.data.redis.core.DefaultReactiveZSetOperationsIntegrationTests" time="0.002">
    <error message="Unable to connect to Redis; nested exception is io.lettuce.core.RedisConnectionException: Unable to connect to 127.0.0.1:6379" type="org.springframework.data.redis.RedisConnectionFailureException">org.springframework.data.redis.RedisConnectionFailureException: Unable to connect to Redis; nested exception is io.lettuce.core.RedisConnectionException: Unable to connect to 127.0.0.1:6379
	at org.springframework.data.redis.core.DefaultReactiveZSetOperationsIntegrationTests.before(DefaultReactiveZSetOperationsIntegrationTests.java:96)
Caused by: io.lettuce.core.RedisConnectionException: Unable to connect to 127.0.0.1:6379
	at org.springframework.data.redis.core.DefaultReactiveZSetOperationsIntegrationTests.before(DefaultReactiveZSetOperationsIntegrationTests.java:96)
Caused by: io.netty.channel.AbstractChannel$AnnotatedConnectException: syscall:getsockopt(..) failed: Connection refused: /127.0.0.1:6379
Caused by: io.netty.channel.unix.Errors$NativeConnectException: syscall:getsockopt(..) failed: Connection refused
</error>
  </testcase>
  <testcase name="reverseRangeByLexLimit[Person/JDK]" classname="org.springframework.data.redis.core.DefaultReactiveZSetOperationsIntegrationTests" time="0.002">
    <error message="Unable to connect to Redis; nested exception is io.lettuce.core.RedisConnectionException: Unable to connect to 127.0.0.1:6379" type="org.springframework.data.redis.RedisConnectionFailureException">org.springframework.data.redis.RedisConnectionFailureException: Unable to connect to Redis; nested exception is io.lettuce.core.RedisConnectionException: Unable to connect to 127.0.0.1:6379
	at org.springframework.data.redis.core.DefaultReactiveZSetOperationsIntegrationTests.before(DefaultReactiveZSetOperationsIntegrationTests.java:96)
Caused by: io.lettuce.core.RedisConnectionException: Unable to connect to 127.0.0.1:6379
	at org.springframework.data.redis.core.DefaultReactiveZSetOperationsIntegrationTests.before(DefaultReactiveZSetOperationsIntegrationTests.java:96)
Caused by: io.netty.channel.AbstractChannel$AnnotatedConnectException: syscall:getsockopt(..) failed: Connection refused: /127.0.0.1:6379
Caused by: io.netty.channel.unix.Errors$NativeConnectException: syscall:getsockopt(..) failed: Connection refused
</error>
  </testcase>
  <testcase name="reverseRangeByScore[Person/JDK]" classname="org.springframework.data.redis.core.DefaultReactiveZSetOperationsIntegrationTests" time="0.002">
    <error message="Unable to connect to Redis; nested exception is io.lettuce.core.RedisConnectionException: Unable to connect to 127.0.0.1:6379" type="org.springframework.data.redis.RedisConnectionFailureException">org.springframework.data.redis.RedisConnectionFailureException: Unable to connect to Redis; nested exception is io.lettuce.core.RedisConnectionException: Unable to connect to 127.0.0.1:6379
	at org.springframework.data.redis.core.DefaultReactiveZSetOperationsIntegrationTests.before(DefaultReactiveZSetOperationsIntegrationTests.java:96)
Caused by: io.lettuce.core.RedisConnectionException: Unable to connect to 127.0.0.1:6379
	at org.springframework.data.redis.core.DefaultReactiveZSetOperationsIntegrationTests.before(DefaultReactiveZSetOperationsIntegrationTests.java:96)
Caused by: io.netty.channel.AbstractChannel$AnnotatedConnectException: syscall:getsockopt(..) failed: Connection refused: /127.0.0.1:6379
Caused by: io.netty.channel.unix.Errors$NativeConnectException: syscall:getsockopt(..) failed: Connection refused
</error>
  </testcase>
  <testcase name="rangeWithScores[Person/JDK]" classname="org.springframework.data.redis.core.DefaultReactiveZSetOperationsIntegrationTests" time="0.002">
    <error message="Unable to connect to Redis; nested exception is io.lettuce.core.RedisConnectionException: Unable to connect to 127.0.0.1:6379" type="org.springframework.data.redis.RedisConnectionFailureException">org.springframework.data.redis.RedisConnectionFailureException: Unable to connect to Redis; nested exception is io.lettuce.core.RedisConnectionException: Unable to connect to 127.0.0.1:6379
	at org.springframework.data.redis.core.DefaultReactiveZSetOperationsIntegrationTests.before(DefaultReactiveZSetOperationsIntegrationTests.java:96)
Caused by: io.lettuce.core.RedisConnectionException: Unable to connect to 127.0.0.1:6379
	at org.springframework.data.redis.core.DefaultReactiveZSetOperationsIntegrationTests.before(DefaultReactiveZSetOperationsIntegrationTests.java:96)
Caused by: io.netty.channel.AbstractChannel$AnnotatedConnectException: syscall:getsockopt(..) failed: Connection refused: /127.0.0.1:6379
Caused by: io.netty.channel.unix.Errors$NativeConnectException: syscall:getsockopt(..) failed: Connection refused
</error>
  </testcase>
  <testcase name="reverseRangeByLex[Person/JDK]" classname="org.springframework.data.redis.core.DefaultReactiveZSetOperationsIntegrationTests" time="0.002">
    <error message="Unable to connect to Redis; nested exception is io.lettuce.core.RedisConnectionException: Unable to connect to 127.0.0.1:6379" type="org.springframework.data.redis.RedisConnectionFailureException">org.springframework.data.redis.RedisConnectionFailureException: Unable to connect to Redis; nested exception is io.lettuce.core.RedisConnectionException: Unable to connect to 127.0.0.1:6379
	at org.springframework.data.redis.core.DefaultReactiveZSetOperationsIntegrationTests.before(DefaultReactiveZSetOperationsIntegrationTests.java:96)
Caused by: io.lettuce.core.RedisConnectionException: Unable to connect to 127.0.0.1:6379
	at org.springframework.data.redis.core.DefaultReactiveZSetOperationsIntegrationTests.before(DefaultReactiveZSetOperationsIntegrationTests.java:96)
Caused by: io.netty.channel.AbstractChannel$AnnotatedConnectException: syscall:getsockopt(..) failed: Connection refused: /127.0.0.1:6379
Caused by: io.netty.channel.unix.Errors$NativeConnectException: syscall:getsockopt(..) failed: Connection refused
</error>
  </testcase>
  <testcase name="rangeByScore[Person/JDK]" classname="org.springframework.data.redis.core.DefaultReactiveZSetOperationsIntegrationTests" time="0.002">
    <error message="Unable to connect to Redis; nested exception is io.lettuce.core.RedisConnectionException: Unable to connect to 127.0.0.1:6379" type="org.springframework.data.redis.RedisConnectionFailureException">org.springframework.data.redis.RedisConnectionFailureException: Unable to connect to Redis; nested exception is io.lettuce.core.RedisConnectionException: Unable to connect to 127.0.0.1:6379
	at org.springframework.data.redis.core.DefaultReactiveZSetOperationsIntegrationTests.before(DefaultReactiveZSetOperationsIntegrationTests.java:96)
Caused by: io.lettuce.core.RedisConnectionException: Unable to connect to 127.0.0.1:6379
	at org.springframework.data.redis.core.DefaultReactiveZSetOperationsIntegrationTests.before(DefaultReactiveZSetOperationsIntegrationTests.java:96)
Caused by: io.netty.channel.AbstractChannel$AnnotatedConnectException: syscall:getsockopt(..) failed: Connection refused: /127.0.0.1:6379
Caused by: io.netty.channel.unix.Errors$NativeConnectException: syscall:getsockopt(..) failed: Connection refused
</error>
  </testcase>
  <testcase name="removeRange[Person/JDK]" classname="org.springframework.data.redis.core.DefaultReactiveZSetOperationsIntegrationTests" time="0.002">
    <error message="Unable to connect to Redis; nested exception is io.lettuce.core.RedisConnectionException: Unable to connect to 127.0.0.1:6379" type="org.springframework.data.redis.RedisConnectionFailureException">org.springframework.data.redis.RedisConnectionFailureException: Unable to connect to Redis; nested exception is io.lettuce.core.RedisConnectionException: Unable to connect to 127.0.0.1:6379
	at org.springframework.data.redis.core.DefaultReactiveZSetOperationsIntegrationTests.before(DefaultReactiveZSetOperationsIntegrationTests.java:96)
Caused by: io.lettuce.core.RedisConnectionException: Unable to connect to 127.0.0.1:6379
	at org.springframework.data.redis.core.DefaultReactiveZSetOperationsIntegrationTests.before(DefaultReactiveZSetOperationsIntegrationTests.java:96)
Caused by: io.netty.channel.AbstractChannel$AnnotatedConnectException: syscall:getsockopt(..) failed: Connection refused: /127.0.0.1:6379
Caused by: io.netty.channel.unix.Errors$NativeConnectException: syscall:getsockopt(..) failed: Connection refused
</error>
  </testcase>
  <testcase name="rangeByScoreWithScores[Person/JDK]" classname="org.springframework.data.redis.core.DefaultReactiveZSetOperationsIntegrationTests" time="0.002">
    <error message="Unable to connect to Redis; nested exception is io.lettuce.core.RedisConnectionException: Unable to connect to 127.0.0.1:6379" type="org.springframework.data.redis.RedisConnectionFailureException">org.springframework.data.redis.RedisConnectionFailureException: Unable to connect to Redis; nested exception is io.lettuce.core.RedisConnectionException: Unable to connect to 127.0.0.1:6379
	at org.springframework.data.redis.core.DefaultReactiveZSetOperationsIntegrationTests.before(DefaultReactiveZSetOperationsIntegrationTests.java:96)
Caused by: io.lettuce.core.RedisConnectionException: Unable to connect to 127.0.0.1:6379
	at org.springframework.data.redis.core.DefaultReactiveZSetOperationsIntegrationTests.before(DefaultReactiveZSetOperationsIntegrationTests.java:96)
Caused by: io.netty.channel.AbstractChannel$AnnotatedConnectException: syscall:getsockopt(..) failed: Connection refused: /127.0.0.1:6379
Caused by: io.netty.channel.unix.Errors$NativeConnectException: syscall:getsockopt(..) failed: Connection refused
</error>
  </testcase>
  <testcase name="reverseRange[Person/JDK]" classname="org.springframework.data.redis.core.DefaultReactiveZSetOperationsIntegrationTests" time="0.001">
    <error message="Unable to connect to Redis; nested exception is io.lettuce.core.RedisConnectionException: Unable to connect to 127.0.0.1:6379" type="org.springframework.data.redis.RedisConnectionFailureException">org.springframework.data.redis.RedisConnectionFailureException: Unable to connect to Redis; nested exception is io.lettuce.core.RedisConnectionException: Unable to connect to 127.0.0.1:6379
	at org.springframework.data.redis.core.DefaultReactiveZSetOperationsIntegrationTests.before(DefaultReactiveZSetOperationsIntegrationTests.java:96)
Caused by: io.lettuce.core.RedisConnectionException: Unable to connect to 127.0.0.1:6379
	at org.springframework.data.redis.core.DefaultReactiveZSetOperationsIntegrationTests.before(DefaultReactiveZSetOperationsIntegrationTests.java:96)
Caused by: io.netty.channel.AbstractChannel$AnnotatedConnectException: syscall:getsockopt(..) failed: Connection refused: /127.0.0.1:6379
Caused by: io.netty.channel.unix.Errors$NativeConnectException: syscall:getsockopt(..) failed: Connection refused
</error>
  </testcase>
  <testcase name="add[Person/JDK]" classname="org.springframework.data.redis.core.DefaultReactiveZSetOperationsIntegrationTests" time="0.001">
    <error message="Unable to connect to Redis; nested exception is io.lettuce.core.RedisConnectionException: Unable to connect to 127.0.0.1:6379" type="org.springframework.data.redis.RedisConnectionFailureException">org.springframework.data.redis.RedisConnectionFailureException: Unable to connect to Redis; nested exception is io.lettuce.core.RedisConnectionException: Unable to connect to 127.0.0.1:6379
	at org.springframework.data.redis.core.DefaultReactiveZSetOperationsIntegrationTests.before(DefaultReactiveZSetOperationsIntegrationTests.java:96)
Caused by: io.lettuce.core.RedisConnectionException: Unable to connect to 127.0.0.1:6379
	at org.springframework.data.redis.core.DefaultReactiveZSetOperationsIntegrationTests.before(DefaultReactiveZSetOperationsIntegrationTests.java:96)
Caused by: io.netty.channel.AbstractChannel$AnnotatedConnectException: syscall:getsockopt(..) failed: Connection refused: /127.0.0.1:6379
Caused by: io.netty.channel.unix.Errors$NativeConnectException: syscall:getsockopt(..) failed: Connection refused
</error>
  </testcase>
  <testcase name="rank[Person/JDK]" classname="org.springframework.data.redis.core.DefaultReactiveZSetOperationsIntegrationTests" time="0.001">
    <error message="Unable to connect to Redis; nested exception is io.lettuce.core.RedisConnectionException: Unable to connect to 127.0.0.1:6379" type="org.springframework.data.redis.RedisConnectionFailureException">org.springframework.data.redis.RedisConnectionFailureException: Unable to connect to Redis; nested exception is io.lettuce.core.RedisConnectionException: Unable to connect to 127.0.0.1:6379
	at org.springframework.data.redis.core.DefaultReactiveZSetOperationsIntegrationTests.before(DefaultReactiveZSetOperationsIntegrationTests.java:96)
Caused by: io.lettuce.core.RedisConnectionException: Unable to connect to 127.0.0.1:6379
	at org.springframework.data.redis.core.DefaultReactiveZSetOperationsIntegrationTests.before(DefaultReactiveZSetOperationsIntegrationTests.java:96)
Caused by: io.netty.channel.AbstractChannel$AnnotatedConnectException: syscall:getsockopt(..) failed: Connection refused: /127.0.0.1:6379
Caused by: io.netty.channel.unix.Errors$NativeConnectException: syscall:getsockopt(..) failed: Connection refused
</error>
  </testcase>
  <testcase name="scan[Person/JDK]" classname="org.springframework.data.redis.core.DefaultReactiveZSetOperationsIntegrationTests" time="0.001">
    <error message="Unable to connect to Redis; nested exception is io.lettuce.core.RedisConnectionException: Unable to connect to 127.0.0.1:6379" type="org.springframework.data.redis.RedisConnectionFailureException">org.springframework.data.redis.RedisConnectionFailureException: Unable to connect to Redis; nested exception is io.lettuce.core.RedisConnectionException: Unable to connect to 127.0.0.1:6379
	at org.springframework.data.redis.core.DefaultReactiveZSetOperationsIntegrationTests.before(DefaultReactiveZSetOperationsIntegrationTests.java:96)
Caused by: io.lettuce.core.RedisConnectionException: Unable to connect to 127.0.0.1:6379
	at org.springframework.data.redis.core.DefaultReactiveZSetOperationsIntegrationTests.before(DefaultReactiveZSetOperationsIntegrationTests.java:96)
Caused by: io.netty.channel.AbstractChannel$AnnotatedConnectException: syscall:getsockopt(..) failed: Connection refused: /127.0.0.1:6379
Caused by: io.netty.channel.unix.Errors$NativeConnectException: syscall:getsockopt(..) failed: Connection refused
</error>
  </testcase>
  <testcase name="size[Person/JDK]" classname="org.springframework.data.redis.core.DefaultReactiveZSetOperationsIntegrationTests" time="0.001">
    <error message="Unable to connect to Redis; nested exception is io.lettuce.core.RedisConnectionException: Unable to connect to 127.0.0.1:6379" type="org.springframework.data.redis.RedisConnectionFailureException">org.springframework.data.redis.RedisConnectionFailureException: Unable to connect to Redis; nested exception is io.lettuce.core.RedisConnectionException: Unable to connect to 127.0.0.1:6379
	at org.springframework.data.redis.core.DefaultReactiveZSetOperationsIntegrationTests.before(DefaultReactiveZSetOperationsIntegrationTests.java:96)
Caused by: io.lettuce.core.RedisConnectionException: Unable to connect to 127.0.0.1:6379
	at org.springframework.data.redis.core.DefaultReactiveZSetOperationsIntegrationTests.before(DefaultReactiveZSetOperationsIntegrationTests.java:96)
Caused by: io.netty.channel.AbstractChannel$AnnotatedConnectException: syscall:getsockopt(..) failed: Connection refused: /127.0.0.1:6379
Caused by: io.netty.channel.unix.Errors$NativeConnectException: syscall:getsockopt(..) failed: Connection refused
</error>
  </testcase>
  <testcase name="unionAndStoreWithAggregation[Person/JDK]" classname="org.springframework.data.redis.core.DefaultReactiveZSetOperationsIntegrationTests" time="0.001">
    <error message="Unable to connect to Redis; nested exception is io.lettuce.core.RedisConnectionException: Unable to connect to 127.0.0.1:6379" type="org.springframework.data.redis.RedisConnectionFailureException">org.springframework.data.redis.RedisConnectionFailureException: Unable to connect to Redis; nested exception is io.lettuce.core.RedisConnectionException: Unable to connect to 127.0.0.1:6379
	at org.springframework.data.redis.core.DefaultReactiveZSetOperationsIntegrationTests.before(DefaultReactiveZSetOperationsIntegrationTests.java:96)
Caused by: io.lettuce.core.RedisConnectionException: Unable to connect to 127.0.0.1:6379
	at org.springframework.data.redis.core.DefaultReactiveZSetOperationsIntegrationTests.before(DefaultReactiveZSetOperationsIntegrationTests.java:96)
Caused by: io.netty.channel.AbstractChannel$AnnotatedConnectException: syscall:getsockopt(..) failed: Connection refused: /127.0.0.1:6379
Caused by: io.netty.channel.unix.Errors$NativeConnectException: syscall:getsockopt(..) failed: Connection refused
</error>
  </testcase>
  <testcase name="count[Person/JDK]" classname="org.springframework.data.redis.core.DefaultReactiveZSetOperationsIntegrationTests" time="0.001">
    <error message="Unable to connect to Redis; nested exception is io.lettuce.core.RedisConnectionException: Unable to connect to 127.0.0.1:6379" type="org.springframework.data.redis.RedisConnectionFailureException">org.springframework.data.redis.RedisConnectionFailureException: Unable to connect to Redis; nested exception is io.lettuce.core.RedisConnectionException: Unable to connect to 127.0.0.1:6379
	at org.springframework.data.redis.core.DefaultReactiveZSetOperationsIntegrationTests.before(DefaultReactiveZSetOperationsIntegrationTests.java:96)
Caused by: io.lettuce.core.RedisConnectionException: Unable to connect to 127.0.0.1:6379
	at org.springframework.data.redis.core.DefaultReactiveZSetOperationsIntegrationTests.before(DefaultReactiveZSetOperationsIntegrationTests.java:96)
Caused by: io.netty.channel.AbstractChannel$AnnotatedConnectException: syscall:getsockopt(..) failed: Connection refused: /127.0.0.1:6379
Caused by: io.netty.channel.unix.Errors$NativeConnectException: syscall:getsockopt(..) failed: Connection refused
</error>
  </testcase>
  <testcase name="range[Person/JDK]" classname="org.springframework.data.redis.core.DefaultReactiveZSetOperationsIntegrationTests" time="0.002">
    <error message="Unable to connect to Redis; nested exception is io.lettuce.core.RedisConnectionException: Unable to connect to 127.0.0.1:6379" type="org.springframework.data.redis.RedisConnectionFailureException">org.springframework.data.redis.RedisConnectionFailureException: Unable to connect to Redis; nested exception is io.lettuce.core.RedisConnectionException: Unable to connect to 127.0.0.1:6379
	at org.springframework.data.redis.core.DefaultReactiveZSetOperationsIntegrationTests.before(DefaultReactiveZSetOperationsIntegrationTests.java:96)
Caused by: io.lettuce.core.RedisConnectionException: Unable to connect to 127.0.0.1:6379
	at org.springframework.data.redis.core.DefaultReactiveZSetOperationsIntegrationTests.before(DefaultReactiveZSetOperationsIntegrationTests.java:96)
Caused by: io.netty.channel.AbstractChannel$AnnotatedConnectException: syscall:getsockopt(..) failed: Connection refused: /127.0.0.1:6379
Caused by: io.netty.channel.unix.Errors$NativeConnectException: syscall:getsockopt(..) failed: Connection refused
</error>
  </testcase>
  <testcase name="score[Person/JDK]" classname="org.springframework.data.redis.core.DefaultReactiveZSetOperationsIntegrationTests" time="0.001">
    <error message="Unable to connect to Redis; nested exception is io.lettuce.core.RedisConnectionException: Unable to connect to 127.0.0.1:6379" type="org.springframework.data.redis.RedisConnectionFailureException">org.springframework.data.redis.RedisConnectionFailureException: Unable to connect to Redis; nested exception is io.lettuce.core.RedisConnectionException: Unable to connect to 127.0.0.1:6379
	at org.springframework.data.redis.core.DefaultReactiveZSetOperationsIntegrationTests.before(DefaultReactiveZSetOperationsIntegrationTests.java:96)
Caused by: io.lettuce.core.RedisConnectionException: Unable to connect to 127.0.0.1:6379
	at org.springframework.data.redis.core.DefaultReactiveZSetOperationsIntegrationTests.before(DefaultReactiveZSetOperationsIntegrationTests.java:96)
Caused by: io.netty.channel.AbstractChannel$AnnotatedConnectException: syscall:getsockopt(..) failed: Connection refused: /127.0.0.1:6379
Caused by: io.netty.channel.unix.Errors$NativeConnectException: syscall:getsockopt(..) failed: Connection refused
</error>
  </testcase>
  <testcase name="reverseRangeByScoreWithScores[Person/JDK]" classname="org.springframework.data.redis.core.DefaultReactiveZSetOperationsIntegrationTests" time="0.002">
    <error message="Unable to connect to Redis; nested exception is io.lettuce.core.RedisConnectionException: Unable to connect to 127.0.0.1:6379" type="org.springframework.data.redis.RedisConnectionFailureException">org.springframework.data.redis.RedisConnectionFailureException: Unable to connect to Redis; nested exception is io.lettuce.core.RedisConnectionException: Unable to connect to 127.0.0.1:6379
	at org.springframework.data.redis.core.DefaultReactiveZSetOperationsIntegrationTests.before(DefaultReactiveZSetOperationsIntegrationTests.java:96)
Caused by: io.lettuce.core.RedisConnectionException: Unable to connect to 127.0.0.1:6379
	at org.springframework.data.redis.core.DefaultReactiveZSetOperationsIntegrationTests.before(DefaultReactiveZSetOperationsIntegrationTests.java:96)
Caused by: io.netty.channel.AbstractChannel$AnnotatedConnectException: syscall:getsockopt(..) failed: Connection refused: /127.0.0.1:6379
Caused by: io.netty.channel.unix.Errors$NativeConnectException: syscall:getsockopt(..) failed: Connection refused
</error>
  </testcase>
  <testcase name="rangeByLexWithLimit[Person/JDK]" classname="org.springframework.data.redis.core.DefaultReactiveZSetOperationsIntegrationTests" time="0.001">
    <error message="Unable to connect to Redis; nested exception is io.lettuce.core.RedisConnectionException: Unable to connect to 127.0.0.1:6379" type="org.springframework.data.redis.RedisConnectionFailureException">org.springframework.data.redis.RedisConnectionFailureException: Unable to connect to Redis; nested exception is io.lettuce.core.RedisConnectionException: Unable to connect to 127.0.0.1:6379
	at org.springframework.data.redis.core.DefaultReactiveZSetOperationsIntegrationTests.before(DefaultReactiveZSetOperationsIntegrationTests.java:96)
Caused by: io.lettuce.core.RedisConnectionException: Unable to connect to 127.0.0.1:6379
	at org.springframework.data.redis.core.DefaultReactiveZSetOperationsIntegrationTests.before(DefaultReactiveZSetOperationsIntegrationTests.java:96)
Caused by: io.netty.channel.AbstractChannel$AnnotatedConnectException: syscall:getsockopt(..) failed: Connection refused: /127.0.0.1:6379
Caused by: io.netty.channel.unix.Errors$NativeConnectException: syscall:getsockopt(..) failed: Connection refused
</error>
  </testcase>
  <testcase name="reverseRangeWithScores[Person/JDK]" classname="org.springframework.data.redis.core.DefaultReactiveZSetOperationsIntegrationTests" time="0.002">
    <error message="Unable to connect to Redis; nested exception is io.lettuce.core.RedisConnectionException: Unable to connect to 127.0.0.1:6379" type="org.springframework.data.redis.RedisConnectionFailureException">org.springframework.data.redis.RedisConnectionFailureException: Unable to connect to Redis; nested exception is io.lettuce.core.RedisConnectionException: Unable to connect to 127.0.0.1:6379
	at org.springframework.data.redis.core.DefaultReactiveZSetOperationsIntegrationTests.before(DefaultReactiveZSetOperationsIntegrationTests.java:96)
Caused by: io.lettuce.core.RedisConnectionException: Unable to connect to 127.0.0.1:6379
	at org.springframework.data.redis.core.DefaultReactiveZSetOperationsIntegrationTests.before(DefaultReactiveZSetOperationsIntegrationTests.java:96)
Caused by: io.netty.channel.AbstractChannel$AnnotatedConnectException: syscall:getsockopt(..) failed: Connection refused: /127.0.0.1:6379
Caused by: io.netty.channel.unix.Errors$NativeConnectException: syscall:getsockopt(..) failed: Connection refused
</error>
  </testcase>
  <testcase name="reverseRank[Person/JDK]" classname="org.springframework.data.redis.core.DefaultReactiveZSetOperationsIntegrationTests" time="0.001">
    <error message="Unable to connect to Redis; nested exception is io.lettuce.core.RedisConnectionException: Unable to connect to 127.0.0.1:6379" type="org.springframework.data.redis.RedisConnectionFailureException">org.springframework.data.redis.RedisConnectionFailureException: Unable to connect to Redis; nested exception is io.lettuce.core.RedisConnectionException: Unable to connect to 127.0.0.1:6379
	at org.springframework.data.redis.core.DefaultReactiveZSetOperationsIntegrationTests.before(DefaultReactiveZSetOperationsIntegrationTests.java:96)
Caused by: io.lettuce.core.RedisConnectionException: Unable to connect to 127.0.0.1:6379
	at org.springframework.data.redis.core.DefaultReactiveZSetOperationsIntegrationTests.before(DefaultReactiveZSetOperationsIntegrationTests.java:96)
Caused by: io.netty.channel.AbstractChannel$AnnotatedConnectException: syscall:getsockopt(..) failed: Connection refused: /127.0.0.1:6379
Caused by: io.netty.channel.unix.Errors$NativeConnectException: syscall:getsockopt(..) failed: Connection refused
</error>
  </testcase>
  <testcase name="reverseRangeByScoreWithLimit[Person/JDK]" classname="org.springframework.data.redis.core.DefaultReactiveZSetOperationsIntegrationTests" time="0.002">
    <error message="Unable to connect to Redis; nested exception is io.lettuce.core.RedisConnectionException: Unable to connect to 127.0.0.1:6379" type="org.springframework.data.redis.RedisConnectionFailureException">org.springframework.data.redis.RedisConnectionFailureException: Unable to connect to Redis; nested exception is io.lettuce.core.RedisConnectionException: Unable to connect to 127.0.0.1:6379
	at org.springframework.data.redis.core.DefaultReactiveZSetOperationsIntegrationTests.before(DefaultReactiveZSetOperationsIntegrationTests.java:96)
Caused by: io.lettuce.core.RedisConnectionException: Unable to connect to 127.0.0.1:6379
	at org.springframework.data.redis.core.DefaultReactiveZSetOperationsIntegrationTests.before(DefaultReactiveZSetOperationsIntegrationTests.java:96)
Caused by: io.netty.channel.AbstractChannel$AnnotatedConnectException: syscall:getsockopt(..) failed: Connection refused: /127.0.0.1:6379
Caused by: io.netty.channel.unix.Errors$NativeConnectException: syscall:getsockopt(..) failed: Connection refused
</error>
  </testcase>
  <testcase name="incrementScore[Person/JDK]" classname="org.springframework.data.redis.core.DefaultReactiveZSetOperationsIntegrationTests" time="0.001">
    <error message="Unable to connect to Redis; nested exception is io.lettuce.core.RedisConnectionException: Unable to connect to 127.0.0.1:6379" type="org.springframework.data.redis.RedisConnectionFailureException">org.springframework.data.redis.RedisConnectionFailureException: Unable to connect to Redis; nested exception is io.lettuce.core.RedisConnectionException: Unable to connect to 127.0.0.1:6379
	at org.springframework.data.redis.core.DefaultReactiveZSetOperationsIntegrationTests.before(DefaultReactiveZSetOperationsIntegrationTests.java:96)
Caused by: io.lettuce.core.RedisConnectionException: Unable to connect to 127.0.0.1:6379
	at org.springframework.data.redis.core.DefaultReactiveZSetOperationsIntegrationTests.before(DefaultReactiveZSetOperationsIntegrationTests.java:96)
Caused by: io.netty.channel.AbstractChannel$AnnotatedConnectException: syscall:getsockopt(..) failed: Connection refused: /127.0.0.1:6379
Caused by: io.netty.channel.unix.Errors$NativeConnectException: syscall:getsockopt(..) failed: Connection refused
</error>
  </testcase>
  <testcase name="intersectAndStoreWithAggregation[Person/JDK]" classname="org.springframework.data.redis.core.DefaultReactiveZSetOperationsIntegrationTests" time="0.001">
    <error message="Unable to connect to Redis; nested exception is io.lettuce.core.RedisConnectionException: Unable to connect to 127.0.0.1:6379" type="org.springframework.data.redis.RedisConnectionFailureException">org.springframework.data.redis.RedisConnectionFailureException: Unable to connect to Redis; nested exception is io.lettuce.core.RedisConnectionException: Unable to connect to 127.0.0.1:6379
	at org.springframework.data.redis.core.DefaultReactiveZSetOperationsIntegrationTests.before(DefaultReactiveZSetOperationsIntegrationTests.java:96)
Caused by: io.lettuce.core.RedisConnectionException: Unable to connect to 127.0.0.1:6379
	at org.springframework.data.redis.core.DefaultReactiveZSetOperationsIntegrationTests.before(DefaultReactiveZSetOperationsIntegrationTests.java:96)
Caused by: io.netty.channel.AbstractChannel$AnnotatedConnectException: syscall:getsockopt(..) failed: Connection refused: /127.0.0.1:6379
Caused by: io.netty.channel.unix.Errors$NativeConnectException: syscall:getsockopt(..) failed: Connection refused
</error>
  </testcase>
  <testcase name="rangeByScoreWithLimit[Person/JDK]" classname="org.springframework.data.redis.core.DefaultReactiveZSetOperationsIntegrationTests" time="0.001">
    <error message="Unable to connect to Redis; nested exception is io.lettuce.core.RedisConnectionException: Unable to connect to 127.0.0.1:6379" type="org.springframework.data.redis.RedisConnectionFailureException">org.springframework.data.redis.RedisConnectionFailureException: Unable to connect to Redis; nested exception is io.lettuce.core.RedisConnectionException: Unable to connect to 127.0.0.1:6379
	at org.springframework.data.redis.core.DefaultReactiveZSetOperationsIntegrationTests.before(DefaultReactiveZSetOperationsIntegrationTests.java:96)
Caused by: io.lettuce.core.RedisConnectionException: Unable to connect to 127.0.0.1:6379
	at org.springframework.data.redis.core.DefaultReactiveZSetOperationsIntegrationTests.before(DefaultReactiveZSetOperationsIntegrationTests.java:96)
Caused by: io.netty.channel.AbstractChannel$AnnotatedConnectException: syscall:getsockopt(..) failed: Connection refused: /127.0.0.1:6379
Caused by: io.netty.channel.unix.Errors$NativeConnectException: syscall:getsockopt(..) failed: Connection refused
</error>
  </testcase>
  <testcase name="removeRangeByScore[Pooled/Person/JDK]" classname="org.springframework.data.redis.core.DefaultReactiveZSetOperationsIntegrationTests" time="0.069">
    <error message="Could not get a resource from the pool; nested exception is io.lettuce.core.RedisConnectionException: Unable to connect to 127.0.0.1:6379" type="org.springframework.data.redis.connection.PoolException">org.springframework.data.redis.connection.PoolException: Could not get a resource from the pool; nested exception is io.lettuce.core.RedisConnectionException: Unable to connect to 127.0.0.1:6379
	at org.springframework.data.redis.core.DefaultReactiveZSetOperationsIntegrationTests.before(DefaultReactiveZSetOperationsIntegrationTests.java:96)
Caused by: io.lettuce.core.RedisConnectionException: Unable to connect to 127.0.0.1:6379
	at org.springframework.data.redis.core.DefaultReactiveZSetOperationsIntegrationTests.before(DefaultReactiveZSetOperationsIntegrationTests.java:96)
Caused by: io.netty.channel.AbstractChannel$AnnotatedConnectException: syscall:getsockopt(..) failed: Connection refused: /127.0.0.1:6379
Caused by: io.netty.channel.unix.Errors$NativeConnectException: syscall:getsockopt(..) failed: Connection refused
</error>
  </testcase>
  <testcase name="rangeByLex[Pooled/Person/JDK]" classname="org.springframework.data.redis.core.DefaultReactiveZSetOperationsIntegrationTests" time="0.001">
    <error message="Could not get a resource from the pool; nested exception is io.lettuce.core.RedisConnectionException: Unable to connect to 127.0.0.1:6379" type="org.springframework.data.redis.connection.PoolException">org.springframework.data.redis.connection.PoolException: Could not get a resource from the pool; nested exception is io.lettuce.core.RedisConnectionException: Unable to connect to 127.0.0.1:6379
	at org.springframework.data.redis.core.DefaultReactiveZSetOperationsIntegrationTests.before(DefaultReactiveZSetOperationsIntegrationTests.java:96)
Caused by: io.lettuce.core.RedisConnectionException: Unable to connect to 127.0.0.1:6379
	at org.springframework.data.redis.core.DefaultReactiveZSetOperationsIntegrationTests.before(DefaultReactiveZSetOperationsIntegrationTests.java:96)
Caused by: io.netty.channel.AbstractChannel$AnnotatedConnectException: syscall:getsockopt(..) failed: Connection refused: /127.0.0.1:6379
Caused by: io.netty.channel.unix.Errors$NativeConnectException: syscall:getsockopt(..) failed: Connection refused
</error>
  </testcase>
  <testcase name="addAll[Pooled/Person/JDK]" classname="org.springframework.data.redis.core.DefaultReactiveZSetOperationsIntegrationTests" time="0.001">
    <error message="Could not get a resource from the pool; nested exception is io.lettuce.core.RedisConnectionException: Unable to connect to 127.0.0.1:6379" type="org.springframework.data.redis.connection.PoolException">org.springframework.data.redis.connection.PoolException: Could not get a resource from the pool; nested exception is io.lettuce.core.RedisConnectionException: Unable to connect to 127.0.0.1:6379
	at org.springframework.data.redis.core.DefaultReactiveZSetOperationsIntegrationTests.before(DefaultReactiveZSetOperationsIntegrationTests.java:96)
Caused by: io.lettuce.core.RedisConnectionException: Unable to connect to 127.0.0.1:6379
	at org.springframework.data.redis.core.DefaultReactiveZSetOperationsIntegrationTests.before(DefaultReactiveZSetOperationsIntegrationTests.java:96)
Caused by: io.netty.channel.AbstractChannel$AnnotatedConnectException: syscall:getsockopt(..) failed: Connection refused: /127.0.0.1:6379
Caused by: io.netty.channel.unix.Errors$NativeConnectException: syscall:getsockopt(..) failed: Connection refused
</error>
  </testcase>
  <testcase name="rangeByScoreWithScoresWithLimit[Pooled/Person/JDK]" classname="org.springframework.data.redis.core.DefaultReactiveZSetOperationsIntegrationTests" time="0.002">
    <error message="Could not get a resource from the pool; nested exception is io.lettuce.core.RedisConnectionException: Unable to connect to 127.0.0.1:6379" type="org.springframework.data.redis.connection.PoolException">org.springframework.data.redis.connection.PoolException: Could not get a resource from the pool; nested exception is io.lettuce.core.RedisConnectionException: Unable to connect to 127.0.0.1:6379
	at org.springframework.data.redis.core.DefaultReactiveZSetOperationsIntegrationTests.before(DefaultReactiveZSetOperationsIntegrationTests.java:96)
Caused by: io.lettuce.core.RedisConnectionException: Unable to connect to 127.0.0.1:6379
	at org.springframework.data.redis.core.DefaultReactiveZSetOperationsIntegrationTests.before(DefaultReactiveZSetOperationsIntegrationTests.java:96)
Caused by: io.netty.channel.AbstractChannel$AnnotatedConnectException: syscall:getsockopt(..) failed: Connection refused: /127.0.0.1:6379
Caused by: io.netty.channel.unix.Errors$NativeConnectException: syscall:getsockopt(..) failed: Connection refused
</error>
  </testcase>
  <testcase name="delete[Pooled/Person/JDK]" classname="org.springframework.data.redis.core.DefaultReactiveZSetOperationsIntegrationTests" time="0.001">
    <error message="Could not get a resource from the pool; nested exception is io.lettuce.core.RedisConnectionException: Unable to connect to 127.0.0.1:6379" type="org.springframework.data.redis.connection.PoolException">org.springframework.data.redis.connection.PoolException: Could not get a resource from the pool; nested exception is io.lettuce.core.RedisConnectionException: Unable to connect to 127.0.0.1:6379
	at org.springframework.data.redis.core.DefaultReactiveZSetOperationsIntegrationTests.before(DefaultReactiveZSetOperationsIntegrationTests.java:96)
Caused by: io.lettuce.core.RedisConnectionException: Unable to connect to 127.0.0.1:6379
	at org.springframework.data.redis.core.DefaultReactiveZSetOperationsIntegrationTests.before(DefaultReactiveZSetOperationsIntegrationTests.java:96)
Caused by: io.netty.channel.AbstractChannel$AnnotatedConnectException: syscall:getsockopt(..) failed: Connection refused: /127.0.0.1:6379
Caused by: io.netty.channel.unix.Errors$NativeConnectException: syscall:getsockopt(..) failed: Connection refused
</error>
  </testcase>
  <testcase name="intersectAndStore[Pooled/Person/JDK]" classname="org.springframework.data.redis.core.DefaultReactiveZSetOperationsIntegrationTests" time="0.001">
    <error message="Could not get a resource from the pool; nested exception is io.lettuce.core.RedisConnectionException: Unable to connect to 127.0.0.1:6379" type="org.springframework.data.redis.connection.PoolException">org.springframework.data.redis.connection.PoolException: Could not get a resource from the pool; nested exception is io.lettuce.core.RedisConnectionException: Unable to connect to 127.0.0.1:6379
	at org.springframework.data.redis.core.DefaultReactiveZSetOperationsIntegrationTests.before(DefaultReactiveZSetOperationsIntegrationTests.java:96)
Caused by: io.lettuce.core.RedisConnectionException: Unable to connect to 127.0.0.1:6379
	at org.springframework.data.redis.core.DefaultReactiveZSetOperationsIntegrationTests.before(DefaultReactiveZSetOperationsIntegrationTests.java:96)
Caused by: io.netty.channel.AbstractChannel$AnnotatedConnectException: syscall:getsockopt(..) failed: Connection refused: /127.0.0.1:6379
Caused by: io.netty.channel.unix.Errors$NativeConnectException: syscall:getsockopt(..) failed: Connection refused
</error>
  </testcase>
  <testcase name="remove[Pooled/Person/JDK]" classname="org.springframework.data.redis.core.DefaultReactiveZSetOperationsIntegrationTests" time="0.002">
    <error message="Could not get a resource from the pool; nested exception is io.lettuce.core.RedisConnectionException: Unable to connect to 127.0.0.1:6379" type="org.springframework.data.redis.connection.PoolException">org.springframework.data.redis.connection.PoolException: Could not get a resource from the pool; nested exception is io.lettuce.core.RedisConnectionException: Unable to connect to 127.0.0.1:6379
	at org.springframework.data.redis.core.DefaultReactiveZSetOperationsIntegrationTests.before(DefaultReactiveZSetOperationsIntegrationTests.java:96)
Caused by: io.lettuce.core.RedisConnectionException: Unable to connect to 127.0.0.1:6379
	at org.springframework.data.redis.core.DefaultReactiveZSetOperationsIntegrationTests.before(DefaultReactiveZSetOperationsIntegrationTests.java:96)
Caused by: io.netty.channel.AbstractChannel$AnnotatedConnectException: syscall:getsockopt(..) failed: Connection refused: /127.0.0.1:6379
Caused by: io.netty.channel.unix.Errors$NativeConnectException: syscall:getsockopt(..) failed: Connection refused
</error>
  </testcase>
  <testcase name="unionAndStore[Pooled/Person/JDK]" classname="org.springframework.data.redis.core.DefaultReactiveZSetOperationsIntegrationTests" time="0.001">
    <error message="Could not get a resource from the pool; nested exception is io.lettuce.core.RedisConnectionException: Unable to connect to 127.0.0.1:6379" type="org.springframework.data.redis.connection.PoolException">org.springframework.data.redis.connection.PoolException: Could not get a resource from the pool; nested exception is io.lettuce.core.RedisConnectionException: Unable to connect to 127.0.0.1:6379
	at org.springframework.data.redis.core.DefaultReactiveZSetOperationsIntegrationTests.before(DefaultReactiveZSetOperationsIntegrationTests.java:96)
Caused by: io.lettuce.core.RedisConnectionException: Unable to connect to 127.0.0.1:6379
	at org.springframework.data.redis.core.DefaultReactiveZSetOperationsIntegrationTests.before(DefaultReactiveZSetOperationsIntegrationTests.java:96)
Caused by: io.netty.channel.AbstractChannel$AnnotatedConnectException: syscall:getsockopt(..) failed: Connection refused: /127.0.0.1:6379
Caused by: io.netty.channel.unix.Errors$NativeConnectException: syscall:getsockopt(..) failed: Connection refused
</error>
  </testcase>
  <testcase name="reverseRangeByScoreWithScoresWithLimit[Pooled/Person/JDK]" classname="org.springframework.data.redis.core.DefaultReactiveZSetOperationsIntegrationTests" time="0.001">
    <error message="Could not get a resource from the pool; nested exception is io.lettuce.core.RedisConnectionException: Unable to connect to 127.0.0.1:6379" type="org.springframework.data.redis.connection.PoolException">org.springframework.data.redis.connection.PoolException: Could not get a resource from the pool; nested exception is io.lettuce.core.RedisConnectionException: Unable to connect to 127.0.0.1:6379
	at org.springframework.data.redis.core.DefaultReactiveZSetOperationsIntegrationTests.before(DefaultReactiveZSetOperationsIntegrationTests.java:96)
Caused by: io.lettuce.core.RedisConnectionException: Unable to connect to 127.0.0.1:6379
	at org.springframework.data.redis.core.DefaultReactiveZSetOperationsIntegrationTests.before(DefaultReactiveZSetOperationsIntegrationTests.java:96)
Caused by: io.netty.channel.AbstractChannel$AnnotatedConnectException: syscall:getsockopt(..) failed: Connection refused: /127.0.0.1:6379
Caused by: io.netty.channel.unix.Errors$NativeConnectException: syscall:getsockopt(..) failed: Connection refused
</error>
  </testcase>
  <testcase name="reverseRangeByLexLimit[Pooled/Person/JDK]" classname="org.springframework.data.redis.core.DefaultReactiveZSetOperationsIntegrationTests" time="0.001">
    <error message="Could not get a resource from the pool; nested exception is io.lettuce.core.RedisConnectionException: Unable to connect to 127.0.0.1:6379" type="org.springframework.data.redis.connection.PoolException">org.springframework.data.redis.connection.PoolException: Could not get a resource from the pool; nested exception is io.lettuce.core.RedisConnectionException: Unable to connect to 127.0.0.1:6379
	at org.springframework.data.redis.core.DefaultReactiveZSetOperationsIntegrationTests.before(DefaultReactiveZSetOperationsIntegrationTests.java:96)
Caused by: io.lettuce.core.RedisConnectionException: Unable to connect to 127.0.0.1:6379
	at org.springframework.data.redis.core.DefaultReactiveZSetOperationsIntegrationTests.before(DefaultReactiveZSetOperationsIntegrationTests.java:96)
Caused by: io.netty.channel.AbstractChannel$AnnotatedConnectException: syscall:getsockopt(..) failed: Connection refused: /127.0.0.1:6379
Caused by: io.netty.channel.unix.Errors$NativeConnectException: syscall:getsockopt(..) failed: Connection refused
</error>
  </testcase>
  <testcase name="reverseRangeByScore[Pooled/Person/JDK]" classname="org.springframework.data.redis.core.DefaultReactiveZSetOperationsIntegrationTests" time="0.001">
    <error message="Could not get a resource from the pool; nested exception is io.lettuce.core.RedisConnectionException: Unable to connect to 127.0.0.1:6379" type="org.springframework.data.redis.connection.PoolException">org.springframework.data.redis.connection.PoolException: Could not get a resource from the pool; nested exception is io.lettuce.core.RedisConnectionException: Unable to connect to 127.0.0.1:6379
	at org.springframework.data.redis.core.DefaultReactiveZSetOperationsIntegrationTests.before(DefaultReactiveZSetOperationsIntegrationTests.java:96)
Caused by: io.lettuce.core.RedisConnectionException: Unable to connect to 127.0.0.1:6379
	at org.springframework.data.redis.core.DefaultReactiveZSetOperationsIntegrationTests.before(DefaultReactiveZSetOperationsIntegrationTests.java:96)
Caused by: io.netty.channel.AbstractChannel$AnnotatedConnectException: syscall:getsockopt(..) failed: Connection refused: /127.0.0.1:6379
Caused by: io.netty.channel.unix.Errors$NativeConnectException: syscall:getsockopt(..) failed: Connection refused
</error>
  </testcase>
  <testcase name="rangeWithScores[Pooled/Person/JDK]" classname="org.springframework.data.redis.core.DefaultReactiveZSetOperationsIntegrationTests" time="0.001">
    <error message="Could not get a resource from the pool; nested exception is io.lettuce.core.RedisConnectionException: Unable to connect to 127.0.0.1:6379" type="org.springframework.data.redis.connection.PoolException">org.springframework.data.redis.connection.PoolException: Could not get a resource from the pool; nested exception is io.lettuce.core.RedisConnectionException: Unable to connect to 127.0.0.1:6379
	at org.springframework.data.redis.core.DefaultReactiveZSetOperationsIntegrationTests.before(DefaultReactiveZSetOperationsIntegrationTests.java:96)
Caused by: io.lettuce.core.RedisConnectionException: Unable to connect to 127.0.0.1:6379
	at org.springframework.data.redis.core.DefaultReactiveZSetOperationsIntegrationTests.before(DefaultReactiveZSetOperationsIntegrationTests.java:96)
Caused by: io.netty.channel.AbstractChannel$AnnotatedConnectException: syscall:getsockopt(..) failed: Connection refused: /127.0.0.1:6379
Caused by: io.netty.channel.unix.Errors$NativeConnectException: syscall:getsockopt(..) failed: Connection refused
</error>
  </testcase>
  <testcase name="reverseRangeByLex[Pooled/Person/JDK]" classname="org.springframework.data.redis.core.DefaultReactiveZSetOperationsIntegrationTests" time="0.002">
    <error message="Could not get a resource from the pool; nested exception is io.lettuce.core.RedisConnectionException: Unable to connect to 127.0.0.1:6379" type="org.springframework.data.redis.connection.PoolException">org.springframework.data.redis.connection.PoolException: Could not get a resource from the pool; nested exception is io.lettuce.core.RedisConnectionException: Unable to connect to 127.0.0.1:6379
	at org.springframework.data.redis.core.DefaultReactiveZSetOperationsIntegrationTests.before(DefaultReactiveZSetOperationsIntegrationTests.java:96)
Caused by: io.lettuce.core.RedisConnectionException: Unable to connect to 127.0.0.1:6379
	at org.springframework.data.redis.core.DefaultReactiveZSetOperationsIntegrationTests.before(DefaultReactiveZSetOperationsIntegrationTests.java:96)
Caused by: io.netty.channel.AbstractChannel$AnnotatedConnectException: syscall:getsockopt(..) failed: Connection refused: /127.0.0.1:6379
Caused by: io.netty.channel.unix.Errors$NativeConnectException: syscall:getsockopt(..) failed: Connection refused
</error>
  </testcase>
  <testcase name="rangeByScore[Pooled/Person/JDK]" classname="org.springframework.data.redis.core.DefaultReactiveZSetOperationsIntegrationTests" time="0.001">
    <error message="Could not get a resource from the pool; nested exception is io.lettuce.core.RedisConnectionException: Unable to connect to 127.0.0.1:6379" type="org.springframework.data.redis.connection.PoolException">org.springframework.data.redis.connection.PoolException: Could not get a resource from the pool; nested exception is io.lettuce.core.RedisConnectionException: Unable to connect to 127.0.0.1:6379
	at org.springframework.data.redis.core.DefaultReactiveZSetOperationsIntegrationTests.before(DefaultReactiveZSetOperationsIntegrationTests.java:96)
Caused by: io.lettuce.core.RedisConnectionException: Unable to connect to 127.0.0.1:6379
	at org.springframework.data.redis.core.DefaultReactiveZSetOperationsIntegrationTests.before(DefaultReactiveZSetOperationsIntegrationTests.java:96)
Caused by: io.netty.channel.AbstractChannel$AnnotatedConnectException: syscall:getsockopt(..) failed: Connection refused: /127.0.0.1:6379
Caused by: io.netty.channel.unix.Errors$NativeConnectException: syscall:getsockopt(..) failed: Connection refused
</error>
  </testcase>
  <testcase name="removeRange[Pooled/Person/JDK]" classname="org.springframework.data.redis.core.DefaultReactiveZSetOperationsIntegrationTests" time="0.002">
    <error message="Could not get a resource from the pool; nested exception is io.lettuce.core.RedisConnectionException: Unable to connect to 127.0.0.1:6379" type="org.springframework.data.redis.connection.PoolException">org.springframework.data.redis.connection.PoolException: Could not get a resource from the pool; nested exception is io.lettuce.core.RedisConnectionException: Unable to connect to 127.0.0.1:6379
	at org.springframework.data.redis.core.DefaultReactiveZSetOperationsIntegrationTests.before(DefaultReactiveZSetOperationsIntegrationTests.java:96)
Caused by: io.lettuce.core.RedisConnectionException: Unable to connect to 127.0.0.1:6379
	at org.springframework.data.redis.core.DefaultReactiveZSetOperationsIntegrationTests.before(DefaultReactiveZSetOperationsIntegrationTests.java:96)
Caused by: io.netty.channel.AbstractChannel$AnnotatedConnectException: syscall:getsockopt(..) failed: Connection refused: /127.0.0.1:6379
Caused by: io.netty.channel.unix.Errors$NativeConnectException: syscall:getsockopt(..) failed: Connection refused
</error>
  </testcase>
  <testcase name="rangeByScoreWithScores[Pooled/Person/JDK]" classname="org.springframework.data.redis.core.DefaultReactiveZSetOperationsIntegrationTests" time="0.001">
    <error message="Could not get a resource from the pool; nested exception is io.lettuce.core.RedisConnectionException: Unable to connect to 127.0.0.1:6379" type="org.springframework.data.redis.connection.PoolException">org.springframework.data.redis.connection.PoolException: Could not get a resource from the pool; nested exception is io.lettuce.core.RedisConnectionException: Unable to connect to 127.0.0.1:6379
	at org.springframework.data.redis.core.DefaultReactiveZSetOperationsIntegrationTests.before(DefaultReactiveZSetOperationsIntegrationTests.java:96)
Caused by: io.lettuce.core.RedisConnectionException: Unable to connect to 127.0.0.1:6379
	at org.springframework.data.redis.core.DefaultReactiveZSetOperationsIntegrationTests.before(DefaultReactiveZSetOperationsIntegrationTests.java:96)
Caused by: io.netty.channel.AbstractChannel$AnnotatedConnectException: syscall:getsockopt(..) failed: Connection refused: /127.0.0.1:6379
Caused by: io.netty.channel.unix.Errors$NativeConnectException: syscall:getsockopt(..) failed: Connection refused
</error>
  </testcase>
  <testcase name="reverseRange[Pooled/Person/JDK]" classname="org.springframework.data.redis.core.DefaultReactiveZSetOperationsIntegrationTests" time="0.002">
    <error message="Could not get a resource from the pool; nested exception is io.lettuce.core.RedisConnectionException: Unable to connect to 127.0.0.1:6379" type="org.springframework.data.redis.connection.PoolException">org.springframework.data.redis.connection.PoolException: Could not get a resource from the pool; nested exception is io.lettuce.core.RedisConnectionException: Unable to connect to 127.0.0.1:6379
	at org.springframework.data.redis.core.DefaultReactiveZSetOperationsIntegrationTests.before(DefaultReactiveZSetOperationsIntegrationTests.java:96)
Caused by: io.lettuce.core.RedisConnectionException: Unable to connect to 127.0.0.1:6379
	at org.springframework.data.redis.core.DefaultReactiveZSetOperationsIntegrationTests.before(DefaultReactiveZSetOperationsIntegrationTests.java:96)
Caused by: io.netty.channel.AbstractChannel$AnnotatedConnectException: syscall:getsockopt(..) failed: Connection refused: /127.0.0.1:6379
Caused by: io.netty.channel.unix.Errors$NativeConnectException: syscall:getsockopt(..) failed: Connection refused
</error>
  </testcase>
  <testcase name="add[Pooled/Person/JDK]" classname="org.springframework.data.redis.core.DefaultReactiveZSetOperationsIntegrationTests" time="0.001">
    <error message="Could not get a resource from the pool; nested exception is io.lettuce.core.RedisConnectionException: Unable to connect to 127.0.0.1:6379" type="org.springframework.data.redis.connection.PoolException">org.springframework.data.redis.connection.PoolException: Could not get a resource from the pool; nested exception is io.lettuce.core.RedisConnectionException: Unable to connect to 127.0.0.1:6379
	at org.springframework.data.redis.core.DefaultReactiveZSetOperationsIntegrationTests.before(DefaultReactiveZSetOperationsIntegrationTests.java:96)
Caused by: io.lettuce.core.RedisConnectionException: Unable to connect to 127.0.0.1:6379
	at org.springframework.data.redis.core.DefaultReactiveZSetOperationsIntegrationTests.before(DefaultReactiveZSetOperationsIntegrationTests.java:96)
Caused by: io.netty.channel.AbstractChannel$AnnotatedConnectException: syscall:getsockopt(..) failed: Connection refused: /127.0.0.1:6379
Caused by: io.netty.channel.unix.Errors$NativeConnectException: syscall:getsockopt(..) failed: Connection refused
</error>
  </testcase>
  <testcase name="rank[Pooled/Person/JDK]" classname="org.springframework.data.redis.core.DefaultReactiveZSetOperationsIntegrationTests" time="0.001">
    <error message="Could not get a resource from the pool; nested exception is io.lettuce.core.RedisConnectionException: Unable to connect to 127.0.0.1:6379" type="org.springframework.data.redis.connection.PoolException">org.springframework.data.redis.connection.PoolException: Could not get a resource from the pool; nested exception is io.lettuce.core.RedisConnectionException: Unable to connect to 127.0.0.1:6379
	at org.springframework.data.redis.core.DefaultReactiveZSetOperationsIntegrationTests.before(DefaultReactiveZSetOperationsIntegrationTests.java:96)
Caused by: io.lettuce.core.RedisConnectionException: Unable to connect to 127.0.0.1:6379
	at org.springframework.data.redis.core.DefaultReactiveZSetOperationsIntegrationTests.before(DefaultReactiveZSetOperationsIntegrationTests.java:96)
Caused by: io.netty.channel.AbstractChannel$AnnotatedConnectException: syscall:getsockopt(..) failed: Connection refused: /127.0.0.1:6379
Caused by: io.netty.channel.unix.Errors$NativeConnectException: syscall:getsockopt(..) failed: Connection refused
</error>
  </testcase>
  <testcase name="scan[Pooled/Person/JDK]" classname="org.springframework.data.redis.core.DefaultReactiveZSetOperationsIntegrationTests" time="0.002">
    <error message="Could not get a resource from the pool; nested exception is io.lettuce.core.RedisConnectionException: Unable to connect to 127.0.0.1:6379" type="org.springframework.data.redis.connection.PoolException">org.springframework.data.redis.connection.PoolException: Could not get a resource from the pool; nested exception is io.lettuce.core.RedisConnectionException: Unable to connect to 127.0.0.1:6379
	at org.springframework.data.redis.core.DefaultReactiveZSetOperationsIntegrationTests.before(DefaultReactiveZSetOperationsIntegrationTests.java:96)
Caused by: io.lettuce.core.RedisConnectionException: Unable to connect to 127.0.0.1:6379
	at org.springframework.data.redis.core.DefaultReactiveZSetOperationsIntegrationTests.before(DefaultReactiveZSetOperationsIntegrationTests.java:96)
Caused by: io.netty.channel.AbstractChannel$AnnotatedConnectException: syscall:getsockopt(..) failed: Connection refused: /127.0.0.1:6379
Caused by: io.netty.channel.unix.Errors$NativeConnectException: syscall:getsockopt(..) failed: Connection refused
</error>
  </testcase>
  <testcase name="size[Pooled/Person/JDK]" classname="org.springframework.data.redis.core.DefaultReactiveZSetOperationsIntegrationTests" time="0.001">
    <error message="Could not get a resource from the pool; nested exception is io.lettuce.core.RedisConnectionException: Unable to connect to 127.0.0.1:6379" type="org.springframework.data.redis.connection.PoolException">org.springframework.data.redis.connection.PoolException: Could not get a resource from the pool; nested exception is io.lettuce.core.RedisConnectionException: Unable to connect to 127.0.0.1:6379
	at org.springframework.data.redis.core.DefaultReactiveZSetOperationsIntegrationTests.before(DefaultReactiveZSetOperationsIntegrationTests.java:96)
Caused by: io.lettuce.core.RedisConnectionException: Unable to connect to 127.0.0.1:6379
	at org.springframework.data.redis.core.DefaultReactiveZSetOperationsIntegrationTests.before(DefaultReactiveZSetOperationsIntegrationTests.java:96)
Caused by: io.netty.channel.AbstractChannel$AnnotatedConnectException: syscall:getsockopt(..) failed: Connection refused: /127.0.0.1:6379
Caused by: io.netty.channel.unix.Errors$NativeConnectException: syscall:getsockopt(..) failed: Connection refused
</error>
  </testcase>
  <testcase name="unionAndStoreWithAggregation[Pooled/Person/JDK]" classname="org.springframework.data.redis.core.DefaultReactiveZSetOperationsIntegrationTests" time="0.001">
    <error message="Could not get a resource from the pool; nested exception is io.lettuce.core.RedisConnectionException: Unable to connect to 127.0.0.1:6379" type="org.springframework.data.redis.connection.PoolException">org.springframework.data.redis.connection.PoolException: Could not get a resource from the pool; nested exception is io.lettuce.core.RedisConnectionException: Unable to connect to 127.0.0.1:6379
	at org.springframework.data.redis.core.DefaultReactiveZSetOperationsIntegrationTests.before(DefaultReactiveZSetOperationsIntegrationTests.java:96)
Caused by: io.lettuce.core.RedisConnectionException: Unable to connect to 127.0.0.1:6379
	at org.springframework.data.redis.core.DefaultReactiveZSetOperationsIntegrationTests.before(DefaultReactiveZSetOperationsIntegrationTests.java:96)
Caused by: io.netty.channel.AbstractChannel$AnnotatedConnectException: syscall:getsockopt(..) failed: Connection refused: /127.0.0.1:6379
Caused by: io.netty.channel.unix.Errors$NativeConnectException: syscall:getsockopt(..) failed: Connection refused
</error>
  </testcase>
  <testcase name="count[Pooled/Person/JDK]" classname="org.springframework.data.redis.core.DefaultReactiveZSetOperationsIntegrationTests" time="0.002">
    <error message="Could not get a resource from the pool; nested exception is io.lettuce.core.RedisConnectionException: Unable to connect to 127.0.0.1:6379" type="org.springframework.data.redis.connection.PoolException">org.springframework.data.redis.connection.PoolException: Could not get a resource from the pool; nested exception is io.lettuce.core.RedisConnectionException: Unable to connect to 127.0.0.1:6379
	at org.springframework.data.redis.core.DefaultReactiveZSetOperationsIntegrationTests.before(DefaultReactiveZSetOperationsIntegrationTests.java:96)
Caused by: io.lettuce.core.RedisConnectionException: Unable to connect to 127.0.0.1:6379
	at org.springframework.data.redis.core.DefaultReactiveZSetOperationsIntegrationTests.before(DefaultReactiveZSetOperationsIntegrationTests.java:96)
Caused by: io.netty.channel.AbstractChannel$AnnotatedConnectException: syscall:getsockopt(..) failed: Connection refused: /127.0.0.1:6379
Caused by: io.netty.channel.unix.Errors$NativeConnectException: syscall:getsockopt(..) failed: Connection refused
</error>
  </testcase>
  <testcase name="range[Pooled/Person/JDK]" classname="org.springframework.data.redis.core.DefaultReactiveZSetOperationsIntegrationTests" time="0.001">
    <error message="Could not get a resource from the pool; nested exception is io.lettuce.core.RedisConnectionException: Unable to connect to 127.0.0.1:6379" type="org.springframework.data.redis.connection.PoolException">org.springframework.data.redis.connection.PoolException: Could not get a resource from the pool; nested exception is io.lettuce.core.RedisConnectionException: Unable to connect to 127.0.0.1:6379
	at org.springframework.data.redis.core.DefaultReactiveZSetOperationsIntegrationTests.before(DefaultReactiveZSetOperationsIntegrationTests.java:96)
Caused by: io.lettuce.core.RedisConnectionException: Unable to connect to 127.0.0.1:6379
	at org.springframework.data.redis.core.DefaultReactiveZSetOperationsIntegrationTests.before(DefaultReactiveZSetOperationsIntegrationTests.java:96)
Caused by: io.netty.channel.AbstractChannel$AnnotatedConnectException: syscall:getsockopt(..) failed: Connection refused: /127.0.0.1:6379
Caused by: io.netty.channel.unix.Errors$NativeConnectException: syscall:getsockopt(..) failed: Connection refused
</error>
  </testcase>
  <testcase name="score[Pooled/Person/JDK]" classname="org.springframework.data.redis.core.DefaultReactiveZSetOperationsIntegrationTests" time="0.001">
    <error message="Could not get a resource from the pool; nested exception is io.lettuce.core.RedisConnectionException: Unable to connect to 127.0.0.1:6379" type="org.springframework.data.redis.connection.PoolException">org.springframework.data.redis.connection.PoolException: Could not get a resource from the pool; nested exception is io.lettuce.core.RedisConnectionException: Unable to connect to 127.0.0.1:6379
	at org.springframework.data.redis.core.DefaultReactiveZSetOperationsIntegrationTests.before(DefaultReactiveZSetOperationsIntegrationTests.java:96)
Caused by: io.lettuce.core.RedisConnectionException: Unable to connect to 127.0.0.1:6379
	at org.springframework.data.redis.core.DefaultReactiveZSetOperationsIntegrationTests.before(DefaultReactiveZSetOperationsIntegrationTests.java:96)
Caused by: io.netty.channel.AbstractChannel$AnnotatedConnectException: syscall:getsockopt(..) failed: Connection refused: /127.0.0.1:6379
Caused by: io.netty.channel.unix.Errors$NativeConnectException: syscall:getsockopt(..) failed: Connection refused
</error>
  </testcase>
  <testcase name="reverseRangeByScoreWithScores[Pooled/Person/JDK]" classname="org.springframework.data.redis.core.DefaultReactiveZSetOperationsIntegrationTests" time="0.002">
    <error message="Could not get a resource from the pool; nested exception is io.lettuce.core.RedisConnectionException: Unable to connect to 127.0.0.1:6379" type="org.springframework.data.redis.connection.PoolException">org.springframework.data.redis.connection.PoolException: Could not get a resource from the pool; nested exception is io.lettuce.core.RedisConnectionException: Unable to connect to 127.0.0.1:6379
	at org.springframework.data.redis.core.DefaultReactiveZSetOperationsIntegrationTests.before(DefaultReactiveZSetOperationsIntegrationTests.java:96)
Caused by: io.lettuce.core.RedisConnectionException: Unable to connect to 127.0.0.1:6379
	at org.springframework.data.redis.core.DefaultReactiveZSetOperationsIntegrationTests.before(DefaultReactiveZSetOperationsIntegrationTests.java:96)
Caused by: io.netty.channel.AbstractChannel$AnnotatedConnectException: syscall:getsockopt(..) failed: Connection refused: /127.0.0.1:6379
Caused by: io.netty.channel.unix.Errors$NativeConnectException: syscall:getsockopt(..) failed: Connection refused
</error>
  </testcase>
  <testcase name="rangeByLexWithLimit[Pooled/Person/JDK]" classname="org.springframework.data.redis.core.DefaultReactiveZSetOperationsIntegrationTests" time="0.001">
    <error message="Could not get a resource from the pool; nested exception is io.lettuce.core.RedisConnectionException: Unable to connect to 127.0.0.1:6379" type="org.springframework.data.redis.connection.PoolException">org.springframework.data.redis.connection.PoolException: Could not get a resource from the pool; nested exception is io.lettuce.core.RedisConnectionException: Unable to connect to 127.0.0.1:6379
	at org.springframework.data.redis.core.DefaultReactiveZSetOperationsIntegrationTests.before(DefaultReactiveZSetOperationsIntegrationTests.java:96)
Caused by: io.lettuce.core.RedisConnectionException: Unable to connect to 127.0.0.1:6379
	at org.springframework.data.redis.core.DefaultReactiveZSetOperationsIntegrationTests.before(DefaultReactiveZSetOperationsIntegrationTests.java:96)
Caused by: io.netty.channel.AbstractChannel$AnnotatedConnectException: syscall:getsockopt(..) failed: Connection refused: /127.0.0.1:6379
Caused by: io.netty.channel.unix.Errors$NativeConnectException: syscall:getsockopt(..) failed: Connection refused
</error>
  </testcase>
  <testcase name="reverseRangeWithScores[Pooled/Person/JDK]" classname="org.springframework.data.redis.core.DefaultReactiveZSetOperationsIntegrationTests" time="0.002">
    <error message="Could not get a resource from the pool; nested exception is io.lettuce.core.RedisConnectionException: Unable to connect to 127.0.0.1:6379" type="org.springframework.data.redis.connection.PoolException">org.springframework.data.redis.connection.PoolException: Could not get a resource from the pool; nested exception is io.lettuce.core.RedisConnectionException: Unable to connect to 127.0.0.1:6379
	at org.springframework.data.redis.core.DefaultReactiveZSetOperationsIntegrationTests.before(DefaultReactiveZSetOperationsIntegrationTests.java:96)
Caused by: io.lettuce.core.RedisConnectionException: Unable to connect to 127.0.0.1:6379
	at org.springframework.data.redis.core.DefaultReactiveZSetOperationsIntegrationTests.before(DefaultReactiveZSetOperationsIntegrationTests.java:96)
Caused by: io.netty.channel.AbstractChannel$AnnotatedConnectException: syscall:getsockopt(..) failed: Connection refused: /127.0.0.1:6379
Caused by: io.netty.channel.unix.Errors$NativeConnectException: syscall:getsockopt(..) failed: Connection refused
</error>
  </testcase>
  <testcase name="reverseRank[Pooled/Person/JDK]" classname="org.springframework.data.redis.core.DefaultReactiveZSetOperationsIntegrationTests" time="0.002">
    <error message="Could not get a resource from the pool; nested exception is io.lettuce.core.RedisConnectionException: Unable to connect to 127.0.0.1:6379" type="org.springframework.data.redis.connection.PoolException">org.springframework.data.redis.connection.PoolException: Could not get a resource from the pool; nested exception is io.lettuce.core.RedisConnectionException: Unable to connect to 127.0.0.1:6379
	at org.springframework.data.redis.core.DefaultReactiveZSetOperationsIntegrationTests.before(DefaultReactiveZSetOperationsIntegrationTests.java:96)
Caused by: io.lettuce.core.RedisConnectionException: Unable to connect to 127.0.0.1:6379
	at org.springframework.data.redis.core.DefaultReactiveZSetOperationsIntegrationTests.before(DefaultReactiveZSetOperationsIntegrationTests.java:96)
Caused by: io.netty.channel.AbstractChannel$AnnotatedConnectException: syscall:getsockopt(..) failed: Connection refused: /127.0.0.1:6379
Caused by: io.netty.channel.unix.Errors$NativeConnectException: syscall:getsockopt(..) failed: Connection refused
</error>
  </testcase>
  <testcase name="reverseRangeByScoreWithLimit[Pooled/Person/JDK]" classname="org.springframework.data.redis.core.DefaultReactiveZSetOperationsIntegrationTests" time="0.001">
    <error message="Could not get a resource from the pool; nested exception is io.lettuce.core.RedisConnectionException: Unable to connect to 127.0.0.1:6379" type="org.springframework.data.redis.connection.PoolException">org.springframework.data.redis.connection.PoolException: Could not get a resource from the pool; nested exception is io.lettuce.core.RedisConnectionException: Unable to connect to 127.0.0.1:6379
	at org.springframework.data.redis.core.DefaultReactiveZSetOperationsIntegrationTests.before(DefaultReactiveZSetOperationsIntegrationTests.java:96)
Caused by: io.lettuce.core.RedisConnectionException: Unable to connect to 127.0.0.1:6379
	at org.springframework.data.redis.core.DefaultReactiveZSetOperationsIntegrationTests.before(DefaultReactiveZSetOperationsIntegrationTests.java:96)
Caused by: io.netty.channel.AbstractChannel$AnnotatedConnectException: syscall:getsockopt(..) failed: Connection refused: /127.0.0.1:6379
Caused by: io.netty.channel.unix.Errors$NativeConnectException: syscall:getsockopt(..) failed: Connection refused
</error>
  </testcase>
  <testcase name="incrementScore[Pooled/Person/JDK]" classname="org.springframework.data.redis.core.DefaultReactiveZSetOperationsIntegrationTests" time="0.002">
    <error message="Could not get a resource from the pool; nested exception is io.lettuce.core.RedisConnectionException: Unable to connect to 127.0.0.1:6379" type="org.springframework.data.redis.connection.PoolException">org.springframework.data.redis.connection.PoolException: Could not get a resource from the pool; nested exception is io.lettuce.core.RedisConnectionException: Unable to connect to 127.0.0.1:6379
	at org.springframework.data.redis.core.DefaultReactiveZSetOperationsIntegrationTests.before(DefaultReactiveZSetOperationsIntegrationTests.java:96)
Caused by: io.lettuce.core.RedisConnectionException: Unable to connect to 127.0.0.1:6379
	at org.springframework.data.redis.core.DefaultReactiveZSetOperationsIntegrationTests.before(DefaultReactiveZSetOperationsIntegrationTests.java:96)
Caused by: io.netty.channel.AbstractChannel$AnnotatedConnectException: syscall:getsockopt(..) failed: Connection refused: /127.0.0.1:6379
Caused by: io.netty.channel.unix.Errors$NativeConnectException: syscall:getsockopt(..) failed: Connection refused
</error>
  </testcase>
  <testcase name="intersectAndStoreWithAggregation[Pooled/Person/JDK]" classname="org.springframework.data.redis.core.DefaultReactiveZSetOperationsIntegrationTests" time="0.001">
    <error message="Could not get a resource from the pool; nested exception is io.lettuce.core.RedisConnectionException: Unable to connect to 127.0.0.1:6379" type="org.springframework.data.redis.connection.PoolException">org.springframework.data.redis.connection.PoolException: Could not get a resource from the pool; nested exception is io.lettuce.core.RedisConnectionException: Unable to connect to 127.0.0.1:6379
	at org.springframework.data.redis.core.DefaultReactiveZSetOperationsIntegrationTests.before(DefaultReactiveZSetOperationsIntegrationTests.java:96)
Caused by: io.lettuce.core.RedisConnectionException: Unable to connect to 127.0.0.1:6379
	at org.springframework.data.redis.core.DefaultReactiveZSetOperationsIntegrationTests.before(DefaultReactiveZSetOperationsIntegrationTests.java:96)
Caused by: io.netty.channel.AbstractChannel$AnnotatedConnectException: syscall:getsockopt(..) failed: Connection refused: /127.0.0.1:6379
Caused by: io.netty.channel.unix.Errors$NativeConnectException: syscall:getsockopt(..) failed: Connection refused
</error>
  </testcase>
  <testcase name="rangeByScoreWithLimit[Pooled/Person/JDK]" classname="org.springframework.data.redis.core.DefaultReactiveZSetOperationsIntegrationTests" time="0.002">
    <error message="Could not get a resource from the pool; nested exception is io.lettuce.core.RedisConnectionException: Unable to connect to 127.0.0.1:6379" type="org.springframework.data.redis.connection.PoolException">org.springframework.data.redis.connection.PoolException: Could not get a resource from the pool; nested exception is io.lettuce.core.RedisConnectionException: Unable to connect to 127.0.0.1:6379
	at org.springframework.data.redis.core.DefaultReactiveZSetOperationsIntegrationTests.before(DefaultReactiveZSetOperationsIntegrationTests.java:96)
Caused by: io.lettuce.core.RedisConnectionException: Unable to connect to 127.0.0.1:6379
	at org.springframework.data.redis.core.DefaultReactiveZSetOperationsIntegrationTests.before(DefaultReactiveZSetOperationsIntegrationTests.java:96)
Caused by: io.netty.channel.AbstractChannel$AnnotatedConnectException: syscall:getsockopt(..) failed: Connection refused: /127.0.0.1:6379
Caused by: io.netty.channel.unix.Errors$NativeConnectException: syscall:getsockopt(..) failed: Connection refused
</error>
  </testcase>
  <testcase name="removeRangeByScore[Long]" classname="org.springframework.data.redis.core.DefaultReactiveZSetOperationsIntegrationTests" time="0.001">
    <error message="Unable to connect to Redis; nested exception is io.lettuce.core.RedisConnectionException: Unable to connect to 127.0.0.1:6379" type="org.springframework.data.redis.RedisConnectionFailureException">org.springframework.data.redis.RedisConnectionFailureException: Unable to connect to Redis; nested exception is io.lettuce.core.RedisConnectionException: Unable to connect to 127.0.0.1:6379
	at org.springframework.data.redis.core.DefaultReactiveZSetOperationsIntegrationTests.before(DefaultReactiveZSetOperationsIntegrationTests.java:96)
Caused by: io.lettuce.core.RedisConnectionException: Unable to connect to 127.0.0.1:6379
	at org.springframework.data.redis.core.DefaultReactiveZSetOperationsIntegrationTests.before(DefaultReactiveZSetOperationsIntegrationTests.java:96)
Caused by: io.netty.channel.AbstractChannel$AnnotatedConnectException: syscall:getsockopt(..) failed: Connection refused: /127.0.0.1:6379
Caused by: io.netty.channel.unix.Errors$NativeConnectException: syscall:getsockopt(..) failed: Connection refused
</error>
  </testcase>
  <testcase name="rangeByLex[Long]" classname="org.springframework.data.redis.core.DefaultReactiveZSetOperationsIntegrationTests" time="0.002">
    <error message="Unable to connect to Redis; nested exception is io.lettuce.core.RedisConnectionException: Unable to connect to 127.0.0.1:6379" type="org.springframework.data.redis.RedisConnectionFailureException">org.springframework.data.redis.RedisConnectionFailureException: Unable to connect to Redis; nested exception is io.lettuce.core.RedisConnectionException: Unable to connect to 127.0.0.1:6379
	at org.springframework.data.redis.core.DefaultReactiveZSetOperationsIntegrationTests.before(DefaultReactiveZSetOperationsIntegrationTests.java:96)
Caused by: io.lettuce.core.RedisConnectionException: Unable to connect to 127.0.0.1:6379
	at org.springframework.data.redis.core.DefaultReactiveZSetOperationsIntegrationTests.before(DefaultReactiveZSetOperationsIntegrationTests.java:96)
Caused by: io.netty.channel.AbstractChannel$AnnotatedConnectException: syscall:getsockopt(..) failed: Connection refused: /127.0.0.1:6379
Caused by: io.netty.channel.unix.Errors$NativeConnectException: syscall:getsockopt(..) failed: Connection refused
</error>
  </testcase>
  <testcase name="addAll[Long]" classname="org.springframework.data.redis.core.DefaultReactiveZSetOperationsIntegrationTests" time="0.001">
    <error message="Unable to connect to Redis; nested exception is io.lettuce.core.RedisConnectionException: Unable to connect to 127.0.0.1:6379" type="org.springframework.data.redis.RedisConnectionFailureException">org.springframework.data.redis.RedisConnectionFailureException: Unable to connect to Redis; nested exception is io.lettuce.core.RedisConnectionException: Unable to connect to 127.0.0.1:6379
	at org.springframework.data.redis.core.DefaultReactiveZSetOperationsIntegrationTests.before(DefaultReactiveZSetOperationsIntegrationTests.java:96)
Caused by: io.lettuce.core.RedisConnectionException: Unable to connect to 127.0.0.1:6379
	at org.springframework.data.redis.core.DefaultReactiveZSetOperationsIntegrationTests.before(DefaultReactiveZSetOperationsIntegrationTests.java:96)
Caused by: io.netty.channel.AbstractChannel$AnnotatedConnectException: syscall:getsockopt(..) failed: Connection refused: /127.0.0.1:6379
Caused by: io.netty.channel.unix.Errors$NativeConnectException: syscall:getsockopt(..) failed: Connection refused
</error>
  </testcase>
  <testcase name="rangeByScoreWithScoresWithLimit[Long]" classname="org.springframework.data.redis.core.DefaultReactiveZSetOperationsIntegrationTests" time="0.002">
    <error message="Unable to connect to Redis; nested exception is io.lettuce.core.RedisConnectionException: Unable to connect to 127.0.0.1:6379" type="org.springframework.data.redis.RedisConnectionFailureException">org.springframework.data.redis.RedisConnectionFailureException: Unable to connect to Redis; nested exception is io.lettuce.core.RedisConnectionException: Unable to connect to 127.0.0.1:6379
	at org.springframework.data.redis.core.DefaultReactiveZSetOperationsIntegrationTests.before(DefaultReactiveZSetOperationsIntegrationTests.java:96)
Caused by: io.lettuce.core.RedisConnectionException: Unable to connect to 127.0.0.1:6379
	at org.springframework.data.redis.core.DefaultReactiveZSetOperationsIntegrationTests.before(DefaultReactiveZSetOperationsIntegrationTests.java:96)
Caused by: io.netty.channel.AbstractChannel$AnnotatedConnectException: syscall:getsockopt(..) failed: Connection refused: /127.0.0.1:6379
Caused by: io.netty.channel.unix.Errors$NativeConnectException: syscall:getsockopt(..) failed: Connection refused
</error>
  </testcase>
  <testcase name="delete[Long]" classname="org.springframework.data.redis.core.DefaultReactiveZSetOperationsIntegrationTests" time="0.001">
    <error message="Unable to connect to Redis; nested exception is io.lettuce.core.RedisConnectionException: Unable to connect to 127.0.0.1:6379" type="org.springframework.data.redis.RedisConnectionFailureException">org.springframework.data.redis.RedisConnectionFailureException: Unable to connect to Redis; nested exception is io.lettuce.core.RedisConnectionException: Unable to connect to 127.0.0.1:6379
	at org.springframework.data.redis.core.DefaultReactiveZSetOperationsIntegrationTests.before(DefaultReactiveZSetOperationsIntegrationTests.java:96)
Caused by: io.lettuce.core.RedisConnectionException: Unable to connect to 127.0.0.1:6379
	at org.springframework.data.redis.core.DefaultReactiveZSetOperationsIntegrationTests.before(DefaultReactiveZSetOperationsIntegrationTests.java:96)
Caused by: io.netty.channel.AbstractChannel$AnnotatedConnectException: syscall:getsockopt(..) failed: Connection refused: /127.0.0.1:6379
Caused by: io.netty.channel.unix.Errors$NativeConnectException: syscall:getsockopt(..) failed: Connection refused
</error>
  </testcase>
  <testcase name="intersectAndStore[Long]" classname="org.springframework.data.redis.core.DefaultReactiveZSetOperationsIntegrationTests" time="0.002">
    <error message="Unable to connect to Redis; nested exception is io.lettuce.core.RedisConnectionException: Unable to connect to 127.0.0.1:6379" type="org.springframework.data.redis.RedisConnectionFailureException">org.springframework.data.redis.RedisConnectionFailureException: Unable to connect to Redis; nested exception is io.lettuce.core.RedisConnectionException: Unable to connect to 127.0.0.1:6379
	at org.springframework.data.redis.core.DefaultReactiveZSetOperationsIntegrationTests.before(DefaultReactiveZSetOperationsIntegrationTests.java:96)
Caused by: io.lettuce.core.RedisConnectionException: Unable to connect to 127.0.0.1:6379
	at org.springframework.data.redis.core.DefaultReactiveZSetOperationsIntegrationTests.before(DefaultReactiveZSetOperationsIntegrationTests.java:96)
Caused by: io.netty.channel.AbstractChannel$AnnotatedConnectException: syscall:getsockopt(..) failed: Connection refused: /127.0.0.1:6379
Caused by: io.netty.channel.unix.Errors$NativeConnectException: syscall:getsockopt(..) failed: Connection refused
</error>
  </testcase>
  <testcase name="remove[Long]" classname="org.springframework.data.redis.core.DefaultReactiveZSetOperationsIntegrationTests" time="0.001">
    <error message="Unable to connect to Redis; nested exception is io.lettuce.core.RedisConnectionException: Unable to connect to 127.0.0.1:6379" type="org.springframework.data.redis.RedisConnectionFailureException">org.springframework.data.redis.RedisConnectionFailureException: Unable to connect to Redis; nested exception is io.lettuce.core.RedisConnectionException: Unable to connect to 127.0.0.1:6379
	at org.springframework.data.redis.core.DefaultReactiveZSetOperationsIntegrationTests.before(DefaultReactiveZSetOperationsIntegrationTests.java:96)
Caused by: io.lettuce.core.RedisConnectionException: Unable to connect to 127.0.0.1:6379
	at org.springframework.data.redis.core.DefaultReactiveZSetOperationsIntegrationTests.before(DefaultReactiveZSetOperationsIntegrationTests.java:96)
Caused by: io.netty.channel.AbstractChannel$AnnotatedConnectException: syscall:getsockopt(..) failed: Connection refused: /127.0.0.1:6379
Caused by: io.netty.channel.unix.Errors$NativeConnectException: syscall:getsockopt(..) failed: Connection refused
</error>
  </testcase>
  <testcase name="unionAndStore[Long]" classname="org.springframework.data.redis.core.DefaultReactiveZSetOperationsIntegrationTests" time="0.001">
    <error message="Unable to connect to Redis; nested exception is io.lettuce.core.RedisConnectionException: Unable to connect to 127.0.0.1:6379" type="org.springframework.data.redis.RedisConnectionFailureException">org.springframework.data.redis.RedisConnectionFailureException: Unable to connect to Redis; nested exception is io.lettuce.core.RedisConnectionException: Unable to connect to 127.0.0.1:6379
	at org.springframework.data.redis.core.DefaultReactiveZSetOperationsIntegrationTests.before(DefaultReactiveZSetOperationsIntegrationTests.java:96)
Caused by: io.lettuce.core.RedisConnectionException: Unable to connect to 127.0.0.1:6379
	at org.springframework.data.redis.core.DefaultReactiveZSetOperationsIntegrationTests.before(DefaultReactiveZSetOperationsIntegrationTests.java:96)
Caused by: io.netty.channel.AbstractChannel$AnnotatedConnectException: syscall:getsockopt(..) failed: Connection refused: /127.0.0.1:6379
Caused by: io.netty.channel.unix.Errors$NativeConnectException: syscall:getsockopt(..) failed: Connection refused
</error>
  </testcase>
  <testcase name="reverseRangeByScoreWithScoresWithLimit[Long]" classname="org.springframework.data.redis.core.DefaultReactiveZSetOperationsIntegrationTests" time="0.001">
    <error message="Unable to connect to Redis; nested exception is io.lettuce.core.RedisConnectionException: Unable to connect to 127.0.0.1:6379" type="org.springframework.data.redis.RedisConnectionFailureException">org.springframework.data.redis.RedisConnectionFailureException: Unable to connect to Redis; nested exception is io.lettuce.core.RedisConnectionException: Unable to connect to 127.0.0.1:6379
	at org.springframework.data.redis.core.DefaultReactiveZSetOperationsIntegrationTests.before(DefaultReactiveZSetOperationsIntegrationTests.java:96)
Caused by: io.lettuce.core.RedisConnectionException: Unable to connect to 127.0.0.1:6379
	at org.springframework.data.redis.core.DefaultReactiveZSetOperationsIntegrationTests.before(DefaultReactiveZSetOperationsIntegrationTests.java:96)
Caused by: io.netty.channel.AbstractChannel$AnnotatedConnectException: syscall:getsockopt(..) failed: Connection refused: /127.0.0.1:6379
Caused by: io.netty.channel.unix.Errors$NativeConnectException: syscall:getsockopt(..) failed: Connection refused
</error>
  </testcase>
  <testcase name="reverseRangeByLexLimit[Long]" classname="org.springframework.data.redis.core.DefaultReactiveZSetOperationsIntegrationTests" time="0.001">
    <error message="Unable to connect to Redis; nested exception is io.lettuce.core.RedisConnectionException: Unable to connect to 127.0.0.1:6379" type="org.springframework.data.redis.RedisConnectionFailureException">org.springframework.data.redis.RedisConnectionFailureException: Unable to connect to Redis; nested exception is io.lettuce.core.RedisConnectionException: Unable to connect to 127.0.0.1:6379
	at org.springframework.data.redis.core.DefaultReactiveZSetOperationsIntegrationTests.before(DefaultReactiveZSetOperationsIntegrationTests.java:96)
Caused by: io.lettuce.core.RedisConnectionException: Unable to connect to 127.0.0.1:6379
	at org.springframework.data.redis.core.DefaultReactiveZSetOperationsIntegrationTests.before(DefaultReactiveZSetOperationsIntegrationTests.java:96)
Caused by: io.netty.channel.AbstractChannel$AnnotatedConnectException: syscall:getsockopt(..) failed: Connection refused: /127.0.0.1:6379
Caused by: io.netty.channel.unix.Errors$NativeConnectException: syscall:getsockopt(..) failed: Connection refused
</error>
  </testcase>
  <testcase name="reverseRangeByScore[Long]" classname="org.springframework.data.redis.core.DefaultReactiveZSetOperationsIntegrationTests" time="0.002">
    <error message="Unable to connect to Redis; nested exception is io.lettuce.core.RedisConnectionException: Unable to connect to 127.0.0.1:6379" type="org.springframework.data.redis.RedisConnectionFailureException">org.springframework.data.redis.RedisConnectionFailureException: Unable to connect to Redis; nested exception is io.lettuce.core.RedisConnectionException: Unable to connect to 127.0.0.1:6379
	at org.springframework.data.redis.core.DefaultReactiveZSetOperationsIntegrationTests.before(DefaultReactiveZSetOperationsIntegrationTests.java:96)
Caused by: io.lettuce.core.RedisConnectionException: Unable to connect to 127.0.0.1:6379
	at org.springframework.data.redis.core.DefaultReactiveZSetOperationsIntegrationTests.before(DefaultReactiveZSetOperationsIntegrationTests.java:96)
Caused by: io.netty.channel.AbstractChannel$AnnotatedConnectException: syscall:getsockopt(..) failed: Connection refused: /127.0.0.1:6379
Caused by: io.netty.channel.unix.Errors$NativeConnectException: syscall:getsockopt(..) failed: Connection refused
</error>
  </testcase>
  <testcase name="rangeWithScores[Long]" classname="org.springframework.data.redis.core.DefaultReactiveZSetOperationsIntegrationTests" time="0.001">
    <error message="Unable to connect to Redis; nested exception is io.lettuce.core.RedisConnectionException: Unable to connect to 127.0.0.1:6379" type="org.springframework.data.redis.RedisConnectionFailureException">org.springframework.data.redis.RedisConnectionFailureException: Unable to connect to Redis; nested exception is io.lettuce.core.RedisConnectionException: Unable to connect to 127.0.0.1:6379
	at org.springframework.data.redis.core.DefaultReactiveZSetOperationsIntegrationTests.before(DefaultReactiveZSetOperationsIntegrationTests.java:96)
Caused by: io.lettuce.core.RedisConnectionException: Unable to connect to 127.0.0.1:6379
	at org.springframework.data.redis.core.DefaultReactiveZSetOperationsIntegrationTests.before(DefaultReactiveZSetOperationsIntegrationTests.java:96)
Caused by: io.netty.channel.AbstractChannel$AnnotatedConnectException: syscall:getsockopt(..) failed: Connection refused: /127.0.0.1:6379
Caused by: io.netty.channel.unix.Errors$NativeConnectException: syscall:getsockopt(..) failed: Connection refused
</error>
  </testcase>
  <testcase name="reverseRangeByLex[Long]" classname="org.springframework.data.redis.core.DefaultReactiveZSetOperationsIntegrationTests" time="0.004">
    <error message="Unable to connect to Redis; nested exception is io.lettuce.core.RedisConnectionException: Unable to connect to 127.0.0.1:6379" type="org.springframework.data.redis.RedisConnectionFailureException">org.springframework.data.redis.RedisConnectionFailureException: Unable to connect to Redis; nested exception is io.lettuce.core.RedisConnectionException: Unable to connect to 127.0.0.1:6379
	at org.springframework.data.redis.core.DefaultReactiveZSetOperationsIntegrationTests.before(DefaultReactiveZSetOperationsIntegrationTests.java:96)
Caused by: io.lettuce.core.RedisConnectionException: Unable to connect to 127.0.0.1:6379
	at org.springframework.data.redis.core.DefaultReactiveZSetOperationsIntegrationTests.before(DefaultReactiveZSetOperationsIntegrationTests.java:96)
Caused by: io.netty.channel.AbstractChannel$AnnotatedConnectException: syscall:getsockopt(..) failed: Connection refused: /127.0.0.1:6379
Caused by: io.netty.channel.unix.Errors$NativeConnectException: syscall:getsockopt(..) failed: Connection refused
</error>
  </testcase>
  <testcase name="rangeByScore[Long]" classname="org.springframework.data.redis.core.DefaultReactiveZSetOperationsIntegrationTests" time="0.002">
    <error message="Unable to connect to Redis; nested exception is io.lettuce.core.RedisConnectionException: Unable to connect to 127.0.0.1:6379" type="org.springframework.data.redis.RedisConnectionFailureException">org.springframework.data.redis.RedisConnectionFailureException: Unable to connect to Redis; nested exception is io.lettuce.core.RedisConnectionException: Unable to connect to 127.0.0.1:6379
	at org.springframework.data.redis.core.DefaultReactiveZSetOperationsIntegrationTests.before(DefaultReactiveZSetOperationsIntegrationTests.java:96)
Caused by: io.lettuce.core.RedisConnectionException: Unable to connect to 127.0.0.1:6379
	at org.springframework.data.redis.core.DefaultReactiveZSetOperationsIntegrationTests.before(DefaultReactiveZSetOperationsIntegrationTests.java:96)
Caused by: io.netty.channel.AbstractChannel$AnnotatedConnectException: syscall:getsockopt(..) failed: Connection refused: /127.0.0.1:6379
Caused by: io.netty.channel.unix.Errors$NativeConnectException: syscall:getsockopt(..) failed: Connection refused
</error>
  </testcase>
  <testcase name="removeRange[Long]" classname="org.springframework.data.redis.core.DefaultReactiveZSetOperationsIntegrationTests" time="0.001">
    <error message="Unable to connect to Redis; nested exception is io.lettuce.core.RedisConnectionException: Unable to connect to 127.0.0.1:6379" type="org.springframework.data.redis.RedisConnectionFailureException">org.springframework.data.redis.RedisConnectionFailureException: Unable to connect to Redis; nested exception is io.lettuce.core.RedisConnectionException: Unable to connect to 127.0.0.1:6379
	at org.springframework.data.redis.core.DefaultReactiveZSetOperationsIntegrationTests.before(DefaultReactiveZSetOperationsIntegrationTests.java:96)
Caused by: io.lettuce.core.RedisConnectionException: Unable to connect to 127.0.0.1:6379
	at org.springframework.data.redis.core.DefaultReactiveZSetOperationsIntegrationTests.before(DefaultReactiveZSetOperationsIntegrationTests.java:96)
Caused by: io.netty.channel.AbstractChannel$AnnotatedConnectException: syscall:getsockopt(..) failed: Connection refused: /127.0.0.1:6379
Caused by: io.netty.channel.unix.Errors$NativeConnectException: syscall:getsockopt(..) failed: Connection refused
</error>
  </testcase>
  <testcase name="rangeByScoreWithScores[Long]" classname="org.springframework.data.redis.core.DefaultReactiveZSetOperationsIntegrationTests" time="0.001">
    <error message="Unable to connect to Redis; nested exception is io.lettuce.core.RedisConnectionException: Unable to connect to 127.0.0.1:6379" type="org.springframework.data.redis.RedisConnectionFailureException">org.springframework.data.redis.RedisConnectionFailureException: Unable to connect to Redis; nested exception is io.lettuce.core.RedisConnectionException: Unable to connect to 127.0.0.1:6379
	at org.springframework.data.redis.core.DefaultReactiveZSetOperationsIntegrationTests.before(DefaultReactiveZSetOperationsIntegrationTests.java:96)
Caused by: io.lettuce.core.RedisConnectionException: Unable to connect to 127.0.0.1:6379
	at org.springframework.data.redis.core.DefaultReactiveZSetOperationsIntegrationTests.before(DefaultReactiveZSetOperationsIntegrationTests.java:96)
Caused by: io.netty.channel.AbstractChannel$AnnotatedConnectException: syscall:getsockopt(..) failed: Connection refused: /127.0.0.1:6379
Caused by: io.netty.channel.unix.Errors$NativeConnectException: syscall:getsockopt(..) failed: Connection refused
</error>
  </testcase>
  <testcase name="reverseRange[Long]" classname="org.springframework.data.redis.core.DefaultReactiveZSetOperationsIntegrationTests" time="0.001">
    <error message="Unable to connect to Redis; nested exception is io.lettuce.core.RedisConnectionException: Unable to connect to 127.0.0.1:6379" type="org.springframework.data.redis.RedisConnectionFailureException">org.springframework.data.redis.RedisConnectionFailureException: Unable to connect to Redis; nested exception is io.lettuce.core.RedisConnectionException: Unable to connect to 127.0.0.1:6379
	at org.springframework.data.redis.core.DefaultReactiveZSetOperationsIntegrationTests.before(DefaultReactiveZSetOperationsIntegrationTests.java:96)
Caused by: io.lettuce.core.RedisConnectionException: Unable to connect to 127.0.0.1:6379
	at org.springframework.data.redis.core.DefaultReactiveZSetOperationsIntegrationTests.before(DefaultReactiveZSetOperationsIntegrationTests.java:96)
Caused by: io.netty.channel.AbstractChannel$AnnotatedConnectException: syscall:getsockopt(..) failed: Connection refused: /127.0.0.1:6379
Caused by: io.netty.channel.unix.Errors$NativeConnectException: syscall:getsockopt(..) failed: Connection refused
</error>
  </testcase>
  <testcase name="add[Long]" classname="org.springframework.data.redis.core.DefaultReactiveZSetOperationsIntegrationTests" time="0.001">
    <error message="Unable to connect to Redis; nested exception is io.lettuce.core.RedisConnectionException: Unable to connect to 127.0.0.1:6379" type="org.springframework.data.redis.RedisConnectionFailureException">org.springframework.data.redis.RedisConnectionFailureException: Unable to connect to Redis; nested exception is io.lettuce.core.RedisConnectionException: Unable to connect to 127.0.0.1:6379
	at org.springframework.data.redis.core.DefaultReactiveZSetOperationsIntegrationTests.before(DefaultReactiveZSetOperationsIntegrationTests.java:96)
Caused by: io.lettuce.core.RedisConnectionException: Unable to connect to 127.0.0.1:6379
	at org.springframework.data.redis.core.DefaultReactiveZSetOperationsIntegrationTests.before(DefaultReactiveZSetOperationsIntegrationTests.java:96)
Caused by: io.netty.channel.AbstractChannel$AnnotatedConnectException: syscall:getsockopt(..) failed: Connection refused: /127.0.0.1:6379
Caused by: io.netty.channel.unix.Errors$NativeConnectException: syscall:getsockopt(..) failed: Connection refused
</error>
  </testcase>
  <testcase name="rank[Long]" classname="org.springframework.data.redis.core.DefaultReactiveZSetOperationsIntegrationTests" time="0.001">
    <error message="Unable to connect to Redis; nested exception is io.lettuce.core.RedisConnectionException: Unable to connect to 127.0.0.1:6379" type="org.springframework.data.redis.RedisConnectionFailureException">org.springframework.data.redis.RedisConnectionFailureException: Unable to connect to Redis; nested exception is io.lettuce.core.RedisConnectionException: Unable to connect to 127.0.0.1:6379
	at org.springframework.data.redis.core.DefaultReactiveZSetOperationsIntegrationTests.before(DefaultReactiveZSetOperationsIntegrationTests.java:96)
Caused by: io.lettuce.core.RedisConnectionException: Unable to connect to 127.0.0.1:6379
	at org.springframework.data.redis.core.DefaultReactiveZSetOperationsIntegrationTests.before(DefaultReactiveZSetOperationsIntegrationTests.java:96)
Caused by: io.netty.channel.AbstractChannel$AnnotatedConnectException: syscall:getsockopt(..) failed: Connection refused: /127.0.0.1:6379
Caused by: io.netty.channel.unix.Errors$NativeConnectException: syscall:getsockopt(..) failed: Connection refused
</error>
  </testcase>
  <testcase name="scan[Long]" classname="org.springframework.data.redis.core.DefaultReactiveZSetOperationsIntegrationTests" time="0.001">
    <error message="Unable to connect to Redis; nested exception is io.lettuce.core.RedisConnectionException: Unable to connect to 127.0.0.1:6379" type="org.springframework.data.redis.RedisConnectionFailureException">org.springframework.data.redis.RedisConnectionFailureException: Unable to connect to Redis; nested exception is io.lettuce.core.RedisConnectionException: Unable to connect to 127.0.0.1:6379
	at org.springframework.data.redis.core.DefaultReactiveZSetOperationsIntegrationTests.before(DefaultReactiveZSetOperationsIntegrationTests.java:96)
Caused by: io.lettuce.core.RedisConnectionException: Unable to connect to 127.0.0.1:6379
	at org.springframework.data.redis.core.DefaultReactiveZSetOperationsIntegrationTests.before(DefaultReactiveZSetOperationsIntegrationTests.java:96)
Caused by: io.netty.channel.AbstractChannel$AnnotatedConnectException: syscall:getsockopt(..) failed: Connection refused: /127.0.0.1:6379
Caused by: io.netty.channel.unix.Errors$NativeConnectException: syscall:getsockopt(..) failed: Connection refused
</error>
  </testcase>
  <testcase name="size[Long]" classname="org.springframework.data.redis.core.DefaultReactiveZSetOperationsIntegrationTests" time="0.001">
    <error message="Unable to connect to Redis; nested exception is io.lettuce.core.RedisConnectionException: Unable to connect to 127.0.0.1:6379" type="org.springframework.data.redis.RedisConnectionFailureException">org.springframework.data.redis.RedisConnectionFailureException: Unable to connect to Redis; nested exception is io.lettuce.core.RedisConnectionException: Unable to connect to 127.0.0.1:6379
	at org.springframework.data.redis.core.DefaultReactiveZSetOperationsIntegrationTests.before(DefaultReactiveZSetOperationsIntegrationTests.java:96)
Caused by: io.lettuce.core.RedisConnectionException: Unable to connect to 127.0.0.1:6379
	at org.springframework.data.redis.core.DefaultReactiveZSetOperationsIntegrationTests.before(DefaultReactiveZSetOperationsIntegrationTests.java:96)
Caused by: io.netty.channel.AbstractChannel$AnnotatedConnectException: syscall:getsockopt(..) failed: Connection refused: /127.0.0.1:6379
Caused by: io.netty.channel.unix.Errors$NativeConnectException: syscall:getsockopt(..) failed: Connection refused
</error>
  </testcase>
  <testcase name="unionAndStoreWithAggregation[Long]" classname="org.springframework.data.redis.core.DefaultReactiveZSetOperationsIntegrationTests" time="0.001">
    <error message="Unable to connect to Redis; nested exception is io.lettuce.core.RedisConnectionException: Unable to connect to 127.0.0.1:6379" type="org.springframework.data.redis.RedisConnectionFailureException">org.springframework.data.redis.RedisConnectionFailureException: Unable to connect to Redis; nested exception is io.lettuce.core.RedisConnectionException: Unable to connect to 127.0.0.1:6379
	at org.springframework.data.redis.core.DefaultReactiveZSetOperationsIntegrationTests.before(DefaultReactiveZSetOperationsIntegrationTests.java:96)
Caused by: io.lettuce.core.RedisConnectionException: Unable to connect to 127.0.0.1:6379
	at org.springframework.data.redis.core.DefaultReactiveZSetOperationsIntegrationTests.before(DefaultReactiveZSetOperationsIntegrationTests.java:96)
Caused by: io.netty.channel.AbstractChannel$AnnotatedConnectException: syscall:getsockopt(..) failed: Connection refused: /127.0.0.1:6379
Caused by: io.netty.channel.unix.Errors$NativeConnectException: syscall:getsockopt(..) failed: Connection refused
</error>
  </testcase>
  <testcase name="count[Long]" classname="org.springframework.data.redis.core.DefaultReactiveZSetOperationsIntegrationTests" time="0.001">
    <error message="Unable to connect to Redis; nested exception is io.lettuce.core.RedisConnectionException: Unable to connect to 127.0.0.1:6379" type="org.springframework.data.redis.RedisConnectionFailureException">org.springframework.data.redis.RedisConnectionFailureException: Unable to connect to Redis; nested exception is io.lettuce.core.RedisConnectionException: Unable to connect to 127.0.0.1:6379
	at org.springframework.data.redis.core.DefaultReactiveZSetOperationsIntegrationTests.before(DefaultReactiveZSetOperationsIntegrationTests.java:96)
Caused by: io.lettuce.core.RedisConnectionException: Unable to connect to 127.0.0.1:6379
	at org.springframework.data.redis.core.DefaultReactiveZSetOperationsIntegrationTests.before(DefaultReactiveZSetOperationsIntegrationTests.java:96)
Caused by: io.netty.channel.AbstractChannel$AnnotatedConnectException: syscall:getsockopt(..) failed: Connection refused: /127.0.0.1:6379
Caused by: io.netty.channel.unix.Errors$NativeConnectException: syscall:getsockopt(..) failed: Connection refused
</error>
  </testcase>
  <testcase name="range[Long]" classname="org.springframework.data.redis.core.DefaultReactiveZSetOperationsIntegrationTests" time="0.001">
    <error message="Unable to connect to Redis; nested exception is io.lettuce.core.RedisConnectionException: Unable to connect to 127.0.0.1:6379" type="org.springframework.data.redis.RedisConnectionFailureException">org.springframework.data.redis.RedisConnectionFailureException: Unable to connect to Redis; nested exception is io.lettuce.core.RedisConnectionException: Unable to connect to 127.0.0.1:6379
	at org.springframework.data.redis.core.DefaultReactiveZSetOperationsIntegrationTests.before(DefaultReactiveZSetOperationsIntegrationTests.java:96)
Caused by: io.lettuce.core.RedisConnectionException: Unable to connect to 127.0.0.1:6379
	at org.springframework.data.redis.core.DefaultReactiveZSetOperationsIntegrationTests.before(DefaultReactiveZSetOperationsIntegrationTests.java:96)
Caused by: io.netty.channel.AbstractChannel$AnnotatedConnectException: syscall:getsockopt(..) failed: Connection refused: /127.0.0.1:6379
Caused by: io.netty.channel.unix.Errors$NativeConnectException: syscall:getsockopt(..) failed: Connection refused
</error>
  </testcase>
  <testcase name="score[Long]" classname="org.springframework.data.redis.core.DefaultReactiveZSetOperationsIntegrationTests" time="0.001">
    <error message="Unable to connect to Redis; nested exception is io.lettuce.core.RedisConnectionException: Unable to connect to 127.0.0.1:6379" type="org.springframework.data.redis.RedisConnectionFailureException">org.springframework.data.redis.RedisConnectionFailureException: Unable to connect to Redis; nested exception is io.lettuce.core.RedisConnectionException: Unable to connect to 127.0.0.1:6379
	at org.springframework.data.redis.core.DefaultReactiveZSetOperationsIntegrationTests.before(DefaultReactiveZSetOperationsIntegrationTests.java:96)
Caused by: io.lettuce.core.RedisConnectionException: Unable to connect to 127.0.0.1:6379
	at org.springframework.data.redis.core.DefaultReactiveZSetOperationsIntegrationTests.before(DefaultReactiveZSetOperationsIntegrationTests.java:96)
Caused by: io.netty.channel.AbstractChannel$AnnotatedConnectException: syscall:getsockopt(..) failed: Connection refused: /127.0.0.1:6379
Caused by: io.netty.channel.unix.Errors$NativeConnectException: syscall:getsockopt(..) failed: Connection refused
</error>
  </testcase>
  <testcase name="reverseRangeByScoreWithScores[Long]" classname="org.springframework.data.redis.core.DefaultReactiveZSetOperationsIntegrationTests" time="0.002">
    <error message="Unable to connect to Redis; nested exception is io.lettuce.core.RedisConnectionException: Unable to connect to 127.0.0.1:6379" type="org.springframework.data.redis.RedisConnectionFailureException">org.springframework.data.redis.RedisConnectionFailureException: Unable to connect to Redis; nested exception is io.lettuce.core.RedisConnectionException: Unable to connect to 127.0.0.1:6379
	at org.springframework.data.redis.core.DefaultReactiveZSetOperationsIntegrationTests.before(DefaultReactiveZSetOperationsIntegrationTests.java:96)
Caused by: io.lettuce.core.RedisConnectionException: Unable to connect to 127.0.0.1:6379
	at org.springframework.data.redis.core.DefaultReactiveZSetOperationsIntegrationTests.before(DefaultReactiveZSetOperationsIntegrationTests.java:96)
Caused by: io.netty.channel.AbstractChannel$AnnotatedConnectException: syscall:getsockopt(..) failed: Connection refused: /127.0.0.1:6379
Caused by: io.netty.channel.unix.Errors$NativeConnectException: syscall:getsockopt(..) failed: Connection refused
</error>
  </testcase>
  <testcase name="rangeByLexWithLimit[Long]" classname="org.springframework.data.redis.core.DefaultReactiveZSetOperationsIntegrationTests" time="0">
    <error message="Unable to connect to Redis; nested exception is io.lettuce.core.RedisConnectionException: Unable to connect to 127.0.0.1:6379" type="org.springframework.data.redis.RedisConnectionFailureException">org.springframework.data.redis.RedisConnectionFailureException: Unable to connect to Redis; nested exception is io.lettuce.core.RedisConnectionException: Unable to connect to 127.0.0.1:6379
	at org.springframework.data.redis.core.DefaultReactiveZSetOperationsIntegrationTests.before(DefaultReactiveZSetOperationsIntegrationTests.java:96)
Caused by: io.lettuce.core.RedisConnectionException: Unable to connect to 127.0.0.1:6379
	at org.springframework.data.redis.core.DefaultReactiveZSetOperationsIntegrationTests.before(DefaultReactiveZSetOperationsIntegrationTests.java:96)
Caused by: io.netty.channel.AbstractChannel$AnnotatedConnectException: syscall:getsockopt(..) failed: Connection refused: /127.0.0.1:6379
Caused by: io.netty.channel.unix.Errors$NativeConnectException: syscall:getsockopt(..) failed: Connection refused
</error>
  </testcase>
  <testcase name="reverseRangeWithScores[Long]" classname="org.springframework.data.redis.core.DefaultReactiveZSetOperationsIntegrationTests" time="0.002">
    <error message="Unable to connect to Redis; nested exception is io.lettuce.core.RedisConnectionException: Unable to connect to 127.0.0.1:6379" type="org.springframework.data.redis.RedisConnectionFailureException">org.springframework.data.redis.RedisConnectionFailureException: Unable to connect to Redis; nested exception is io.lettuce.core.RedisConnectionException: Unable to connect to 127.0.0.1:6379
	at org.springframework.data.redis.core.DefaultReactiveZSetOperationsIntegrationTests.before(DefaultReactiveZSetOperationsIntegrationTests.java:96)
Caused by: io.lettuce.core.RedisConnectionException: Unable to connect to 127.0.0.1:6379
	at org.springframework.data.redis.core.DefaultReactiveZSetOperationsIntegrationTests.before(DefaultReactiveZSetOperationsIntegrationTests.java:96)
Caused by: io.netty.channel.AbstractChannel$AnnotatedConnectException: syscall:getsockopt(..) failed: Connection refused: /127.0.0.1:6379
Caused by: io.netty.channel.unix.Errors$NativeConnectException: syscall:getsockopt(..) failed: Connection refused
</error>
  </testcase>
  <testcase name="reverseRank[Long]" classname="org.springframework.data.redis.core.DefaultReactiveZSetOperationsIntegrationTests" time="0.001">
    <error message="Unable to connect to Redis; nested exception is io.lettuce.core.RedisConnectionException: Unable to connect to 127.0.0.1:6379" type="org.springframework.data.redis.RedisConnectionFailureException">org.springframework.data.redis.RedisConnectionFailureException: Unable to connect to Redis; nested exception is io.lettuce.core.RedisConnectionException: Unable to connect to 127.0.0.1:6379
	at org.springframework.data.redis.core.DefaultReactiveZSetOperationsIntegrationTests.before(DefaultReactiveZSetOperationsIntegrationTests.java:96)
Caused by: io.lettuce.core.RedisConnectionException: Unable to connect to 127.0.0.1:6379
	at org.springframework.data.redis.core.DefaultReactiveZSetOperationsIntegrationTests.before(DefaultReactiveZSetOperationsIntegrationTests.java:96)
Caused by: io.netty.channel.AbstractChannel$AnnotatedConnectException: syscall:getsockopt(..) failed: Connection refused: /127.0.0.1:6379
Caused by: io.netty.channel.unix.Errors$NativeConnectException: syscall:getsockopt(..) failed: Connection refused
</error>
  </testcase>
  <testcase name="reverseRangeByScoreWithLimit[Long]" classname="org.springframework.data.redis.core.DefaultReactiveZSetOperationsIntegrationTests" time="0.002">
    <error message="Unable to connect to Redis; nested exception is io.lettuce.core.RedisConnectionException: Unable to connect to 127.0.0.1:6379" type="org.springframework.data.redis.RedisConnectionFailureException">org.springframework.data.redis.RedisConnectionFailureException: Unable to connect to Redis; nested exception is io.lettuce.core.RedisConnectionException: Unable to connect to 127.0.0.1:6379
	at org.springframework.data.redis.core.DefaultReactiveZSetOperationsIntegrationTests.before(DefaultReactiveZSetOperationsIntegrationTests.java:96)
Caused by: io.lettuce.core.RedisConnectionException: Unable to connect to 127.0.0.1:6379
	at org.springframework.data.redis.core.DefaultReactiveZSetOperationsIntegrationTests.before(DefaultReactiveZSetOperationsIntegrationTests.java:96)
Caused by: io.netty.channel.AbstractChannel$AnnotatedConnectException: syscall:getsockopt(..) failed: Connection refused: /127.0.0.1:6379
Caused by: io.netty.channel.unix.Errors$NativeConnectException: syscall:getsockopt(..) failed: Connection refused
</error>
  </testcase>
  <testcase name="incrementScore[Long]" classname="org.springframework.data.redis.core.DefaultReactiveZSetOperationsIntegrationTests" time="0.001">
    <error message="Unable to connect to Redis; nested exception is io.lettuce.core.RedisConnectionException: Unable to connect to 127.0.0.1:6379" type="org.springframework.data.redis.RedisConnectionFailureException">org.springframework.data.redis.RedisConnectionFailureException: Unable to connect to Redis; nested exception is io.lettuce.core.RedisConnectionException: Unable to connect to 127.0.0.1:6379
	at org.springframework.data.redis.core.DefaultReactiveZSetOperationsIntegrationTests.before(DefaultReactiveZSetOperationsIntegrationTests.java:96)
Caused by: io.lettuce.core.RedisConnectionException: Unable to connect to 127.0.0.1:6379
	at org.springframework.data.redis.core.DefaultReactiveZSetOperationsIntegrationTests.before(DefaultReactiveZSetOperationsIntegrationTests.java:96)
Caused by: io.netty.channel.AbstractChannel$AnnotatedConnectException: syscall:getsockopt(..) failed: Connection refused: /127.0.0.1:6379
Caused by: io.netty.channel.unix.Errors$NativeConnectException: syscall:getsockopt(..) failed: Connection refused
</error>
  </testcase>
  <testcase name="intersectAndStoreWithAggregation[Long]" classname="org.springframework.data.redis.core.DefaultReactiveZSetOperationsIntegrationTests" time="0.001">
    <error message="Unable to connect to Redis; nested exception is io.lettuce.core.RedisConnectionException: Unable to connect to 127.0.0.1:6379" type="org.springframework.data.redis.RedisConnectionFailureException">org.springframework.data.redis.RedisConnectionFailureException: Unable to connect to Redis; nested exception is io.lettuce.core.RedisConnectionException: Unable to connect to 127.0.0.1:6379
	at org.springframework.data.redis.core.DefaultReactiveZSetOperationsIntegrationTests.before(DefaultReactiveZSetOperationsIntegrationTests.java:96)
Caused by: io.lettuce.core.RedisConnectionException: Unable to connect to 127.0.0.1:6379
	at org.springframework.data.redis.core.DefaultReactiveZSetOperationsIntegrationTests.before(DefaultReactiveZSetOperationsIntegrationTests.java:96)
Caused by: io.netty.channel.AbstractChannel$AnnotatedConnectException: syscall:getsockopt(..) failed: Connection refused: /127.0.0.1:6379
Caused by: io.netty.channel.unix.Errors$NativeConnectException: syscall:getsockopt(..) failed: Connection refused
</error>
  </testcase>
  <testcase name="rangeByScoreWithLimit[Long]" classname="org.springframework.data.redis.core.DefaultReactiveZSetOperationsIntegrationTests" time="0.001">
    <error message="Unable to connect to Redis; nested exception is io.lettuce.core.RedisConnectionException: Unable to connect to 127.0.0.1:6379" type="org.springframework.data.redis.RedisConnectionFailureException">org.springframework.data.redis.RedisConnectionFailureException: Unable to connect to Redis; nested exception is io.lettuce.core.RedisConnectionException: Unable to connect to 127.0.0.1:6379
	at org.springframework.data.redis.core.DefaultReactiveZSetOperationsIntegrationTests.before(DefaultReactiveZSetOperationsIntegrationTests.java:96)
Caused by: io.lettuce.core.RedisConnectionException: Unable to connect to 127.0.0.1:6379
	at org.springframework.data.redis.core.DefaultReactiveZSetOperationsIntegrationTests.before(DefaultReactiveZSetOperationsIntegrationTests.java:96)
Caused by: io.netty.channel.AbstractChannel$AnnotatedConnectException: syscall:getsockopt(..) failed: Connection refused: /127.0.0.1:6379
Caused by: io.netty.channel.unix.Errors$NativeConnectException: syscall:getsockopt(..) failed: Connection refused
</error>
  </testcase>
  <testcase name="removeRangeByScore[Double]" classname="org.springframework.data.redis.core.DefaultReactiveZSetOperationsIntegrationTests" time="0.001">
    <error message="Unable to connect to Redis; nested exception is io.lettuce.core.RedisConnectionException: Unable to connect to 127.0.0.1:6379" type="org.springframework.data.redis.RedisConnectionFailureException">org.springframework.data.redis.RedisConnectionFailureException: Unable to connect to Redis; nested exception is io.lettuce.core.RedisConnectionException: Unable to connect to 127.0.0.1:6379
	at org.springframework.data.redis.core.DefaultReactiveZSetOperationsIntegrationTests.before(DefaultReactiveZSetOperationsIntegrationTests.java:96)
Caused by: io.lettuce.core.RedisConnectionException: Unable to connect to 127.0.0.1:6379
	at org.springframework.data.redis.core.DefaultReactiveZSetOperationsIntegrationTests.before(DefaultReactiveZSetOperationsIntegrationTests.java:96)
Caused by: io.netty.channel.AbstractChannel$AnnotatedConnectException: syscall:getsockopt(..) failed: Connection refused: /127.0.0.1:6379
Caused by: io.netty.channel.unix.Errors$NativeConnectException: syscall:getsockopt(..) failed: Connection refused
</error>
  </testcase>
  <testcase name="rangeByLex[Double]" classname="org.springframework.data.redis.core.DefaultReactiveZSetOperationsIntegrationTests" time="0.001">
    <error message="Unable to connect to Redis; nested exception is io.lettuce.core.RedisConnectionException: Unable to connect to 127.0.0.1:6379" type="org.springframework.data.redis.RedisConnectionFailureException">org.springframework.data.redis.RedisConnectionFailureException: Unable to connect to Redis; nested exception is io.lettuce.core.RedisConnectionException: Unable to connect to 127.0.0.1:6379
	at org.springframework.data.redis.core.DefaultReactiveZSetOperationsIntegrationTests.before(DefaultReactiveZSetOperationsIntegrationTests.java:96)
Caused by: io.lettuce.core.RedisConnectionException: Unable to connect to 127.0.0.1:6379
	at org.springframework.data.redis.core.DefaultReactiveZSetOperationsIntegrationTests.before(DefaultReactiveZSetOperationsIntegrationTests.java:96)
Caused by: io.netty.channel.AbstractChannel$AnnotatedConnectException: syscall:getsockopt(..) failed: Connection refused: /127.0.0.1:6379
Caused by: io.netty.channel.unix.Errors$NativeConnectException: syscall:getsockopt(..) failed: Connection refused
</error>
  </testcase>
  <testcase name="addAll[Double]" classname="org.springframework.data.redis.core.DefaultReactiveZSetOperationsIntegrationTests" time="0.001">
    <error message="Unable to connect to Redis; nested exception is io.lettuce.core.RedisConnectionException: Unable to connect to 127.0.0.1:6379" type="org.springframework.data.redis.RedisConnectionFailureException">org.springframework.data.redis.RedisConnectionFailureException: Unable to connect to Redis; nested exception is io.lettuce.core.RedisConnectionException: Unable to connect to 127.0.0.1:6379
	at org.springframework.data.redis.core.DefaultReactiveZSetOperationsIntegrationTests.before(DefaultReactiveZSetOperationsIntegrationTests.java:96)
Caused by: io.lettuce.core.RedisConnectionException: Unable to connect to 127.0.0.1:6379
	at org.springframework.data.redis.core.DefaultReactiveZSetOperationsIntegrationTests.before(DefaultReactiveZSetOperationsIntegrationTests.java:96)
Caused by: io.netty.channel.AbstractChannel$AnnotatedConnectException: syscall:getsockopt(..) failed: Connection refused: /127.0.0.1:6379
Caused by: io.netty.channel.unix.Errors$NativeConnectException: syscall:getsockopt(..) failed: Connection refused
</error>
  </testcase>
  <testcase name="rangeByScoreWithScoresWithLimit[Double]" classname="org.springframework.data.redis.core.DefaultReactiveZSetOperationsIntegrationTests" time="0.001">
    <error message="Unable to connect to Redis; nested exception is io.lettuce.core.RedisConnectionException: Unable to connect to 127.0.0.1:6379" type="org.springframework.data.redis.RedisConnectionFailureException">org.springframework.data.redis.RedisConnectionFailureException: Unable to connect to Redis; nested exception is io.lettuce.core.RedisConnectionException: Unable to connect to 127.0.0.1:6379
	at org.springframework.data.redis.core.DefaultReactiveZSetOperationsIntegrationTests.before(DefaultReactiveZSetOperationsIntegrationTests.java:96)
Caused by: io.lettuce.core.RedisConnectionException: Unable to connect to 127.0.0.1:6379
	at org.springframework.data.redis.core.DefaultReactiveZSetOperationsIntegrationTests.before(DefaultReactiveZSetOperationsIntegrationTests.java:96)
Caused by: io.netty.channel.AbstractChannel$AnnotatedConnectException: syscall:getsockopt(..) failed: Connection refused: /127.0.0.1:6379
Caused by: io.netty.channel.unix.Errors$NativeConnectException: syscall:getsockopt(..) failed: Connection refused
</error>
  </testcase>
  <testcase name="delete[Double]" classname="org.springframework.data.redis.core.DefaultReactiveZSetOperationsIntegrationTests" time="0.001">
    <error message="Unable to connect to Redis; nested exception is io.lettuce.core.RedisConnectionException: Unable to connect to 127.0.0.1:6379" type="org.springframework.data.redis.RedisConnectionFailureException">org.springframework.data.redis.RedisConnectionFailureException: Unable to connect to Redis; nested exception is io.lettuce.core.RedisConnectionException: Unable to connect to 127.0.0.1:6379
	at org.springframework.data.redis.core.DefaultReactiveZSetOperationsIntegrationTests.before(DefaultReactiveZSetOperationsIntegrationTests.java:96)
Caused by: io.lettuce.core.RedisConnectionException: Unable to connect to 127.0.0.1:6379
	at org.springframework.data.redis.core.DefaultReactiveZSetOperationsIntegrationTests.before(DefaultReactiveZSetOperationsIntegrationTests.java:96)
Caused by: io.netty.channel.AbstractChannel$AnnotatedConnectException: syscall:getsockopt(..) failed: Connection refused: /127.0.0.1:6379
Caused by: io.netty.channel.unix.Errors$NativeConnectException: syscall:getsockopt(..) failed: Connection refused
</error>
  </testcase>
  <testcase name="intersectAndStore[Double]" classname="org.springframework.data.redis.core.DefaultReactiveZSetOperationsIntegrationTests" time="0.002">
    <error message="Unable to connect to Redis; nested exception is io.lettuce.core.RedisConnectionException: Unable to connect to 127.0.0.1:6379" type="org.springframework.data.redis.RedisConnectionFailureException">org.springframework.data.redis.RedisConnectionFailureException: Unable to connect to Redis; nested exception is io.lettuce.core.RedisConnectionException: Unable to connect to 127.0.0.1:6379
	at org.springframework.data.redis.core.DefaultReactiveZSetOperationsIntegrationTests.before(DefaultReactiveZSetOperationsIntegrationTests.java:96)
Caused by: io.lettuce.core.RedisConnectionException: Unable to connect to 127.0.0.1:6379
	at org.springframework.data.redis.core.DefaultReactiveZSetOperationsIntegrationTests.before(DefaultReactiveZSetOperationsIntegrationTests.java:96)
Caused by: io.netty.channel.AbstractChannel$AnnotatedConnectException: syscall:getsockopt(..) failed: Connection refused: /127.0.0.1:6379
Caused by: io.netty.channel.unix.Errors$NativeConnectException: syscall:getsockopt(..) failed: Connection refused
</error>
  </testcase>
  <testcase name="remove[Double]" classname="org.springframework.data.redis.core.DefaultReactiveZSetOperationsIntegrationTests" time="0.001">
    <error message="Unable to connect to Redis; nested exception is io.lettuce.core.RedisConnectionException: Unable to connect to 127.0.0.1:6379" type="org.springframework.data.redis.RedisConnectionFailureException">org.springframework.data.redis.RedisConnectionFailureException: Unable to connect to Redis; nested exception is io.lettuce.core.RedisConnectionException: Unable to connect to 127.0.0.1:6379
	at org.springframework.data.redis.core.DefaultReactiveZSetOperationsIntegrationTests.before(DefaultReactiveZSetOperationsIntegrationTests.java:96)
Caused by: io.lettuce.core.RedisConnectionException: Unable to connect to 127.0.0.1:6379
	at org.springframework.data.redis.core.DefaultReactiveZSetOperationsIntegrationTests.before(DefaultReactiveZSetOperationsIntegrationTests.java:96)
Caused by: io.netty.channel.AbstractChannel$AnnotatedConnectException: syscall:getsockopt(..) failed: Connection refused: /127.0.0.1:6379
Caused by: io.netty.channel.unix.Errors$NativeConnectException: syscall:getsockopt(..) failed: Connection refused
</error>
  </testcase>
  <testcase name="unionAndStore[Double]" classname="org.springframework.data.redis.core.DefaultReactiveZSetOperationsIntegrationTests" time="0.001">
    <error message="Unable to connect to Redis; nested exception is io.lettuce.core.RedisConnectionException: Unable to connect to 127.0.0.1:6379" type="org.springframework.data.redis.RedisConnectionFailureException">org.springframework.data.redis.RedisConnectionFailureException: Unable to connect to Redis; nested exception is io.lettuce.core.RedisConnectionException: Unable to connect to 127.0.0.1:6379
	at org.springframework.data.redis.core.DefaultReactiveZSetOperationsIntegrationTests.before(DefaultReactiveZSetOperationsIntegrationTests.java:96)
Caused by: io.lettuce.core.RedisConnectionException: Unable to connect to 127.0.0.1:6379
	at org.springframework.data.redis.core.DefaultReactiveZSetOperationsIntegrationTests.before(DefaultReactiveZSetOperationsIntegrationTests.java:96)
Caused by: io.netty.channel.AbstractChannel$AnnotatedConnectException: syscall:getsockopt(..) failed: Connection refused: /127.0.0.1:6379
Caused by: io.netty.channel.unix.Errors$NativeConnectException: syscall:getsockopt(..) failed: Connection refused
</error>
  </testcase>
  <testcase name="reverseRangeByScoreWithScoresWithLimit[Double]" classname="org.springframework.data.redis.core.DefaultReactiveZSetOperationsIntegrationTests" time="0.001">
    <error message="Unable to connect to Redis; nested exception is io.lettuce.core.RedisConnectionException: Unable to connect to 127.0.0.1:6379" type="org.springframework.data.redis.RedisConnectionFailureException">org.springframework.data.redis.RedisConnectionFailureException: Unable to connect to Redis; nested exception is io.lettuce.core.RedisConnectionException: Unable to connect to 127.0.0.1:6379
	at org.springframework.data.redis.core.DefaultReactiveZSetOperationsIntegrationTests.before(DefaultReactiveZSetOperationsIntegrationTests.java:96)
Caused by: io.lettuce.core.RedisConnectionException: Unable to connect to 127.0.0.1:6379
	at org.springframework.data.redis.core.DefaultReactiveZSetOperationsIntegrationTests.before(DefaultReactiveZSetOperationsIntegrationTests.java:96)
Caused by: io.netty.channel.AbstractChannel$AnnotatedConnectException: syscall:getsockopt(..) failed: Connection refused: /127.0.0.1:6379
Caused by: io.netty.channel.unix.Errors$NativeConnectException: syscall:getsockopt(..) failed: Connection refused
</error>
  </testcase>
  <testcase name="reverseRangeByLexLimit[Double]" classname="org.springframework.data.redis.core.DefaultReactiveZSetOperationsIntegrationTests" time="0.001">
    <error message="Unable to connect to Redis; nested exception is io.lettuce.core.RedisConnectionException: Unable to connect to 127.0.0.1:6379" type="org.springframework.data.redis.RedisConnectionFailureException">org.springframework.data.redis.RedisConnectionFailureException: Unable to connect to Redis; nested exception is io.lettuce.core.RedisConnectionException: Unable to connect to 127.0.0.1:6379
	at org.springframework.data.redis.core.DefaultReactiveZSetOperationsIntegrationTests.before(DefaultReactiveZSetOperationsIntegrationTests.java:96)
Caused by: io.lettuce.core.RedisConnectionException: Unable to connect to 127.0.0.1:6379
	at org.springframework.data.redis.core.DefaultReactiveZSetOperationsIntegrationTests.before(DefaultReactiveZSetOperationsIntegrationTests.java:96)
Caused by: io.netty.channel.AbstractChannel$AnnotatedConnectException: syscall:getsockopt(..) failed: Connection refused: /127.0.0.1:6379
Caused by: io.netty.channel.unix.Errors$NativeConnectException: syscall:getsockopt(..) failed: Connection refused
</error>
  </testcase>
  <testcase name="reverseRangeByScore[Double]" classname="org.springframework.data.redis.core.DefaultReactiveZSetOperationsIntegrationTests" time="0.002">
    <error message="Unable to connect to Redis; nested exception is io.lettuce.core.RedisConnectionException: Unable to connect to 127.0.0.1:6379" type="org.springframework.data.redis.RedisConnectionFailureException">org.springframework.data.redis.RedisConnectionFailureException: Unable to connect to Redis; nested exception is io.lettuce.core.RedisConnectionException: Unable to connect to 127.0.0.1:6379
	at org.springframework.data.redis.core.DefaultReactiveZSetOperationsIntegrationTests.before(DefaultReactiveZSetOperationsIntegrationTests.java:96)
Caused by: io.lettuce.core.RedisConnectionException: Unable to connect to 127.0.0.1:6379
	at org.springframework.data.redis.core.DefaultReactiveZSetOperationsIntegrationTests.before(DefaultReactiveZSetOperationsIntegrationTests.java:96)
Caused by: io.netty.channel.AbstractChannel$AnnotatedConnectException: syscall:getsockopt(..) failed: Connection refused: /127.0.0.1:6379
Caused by: io.netty.channel.unix.Errors$NativeConnectException: syscall:getsockopt(..) failed: Connection refused
</error>
  </testcase>
  <testcase name="rangeWithScores[Double]" classname="org.springframework.data.redis.core.DefaultReactiveZSetOperationsIntegrationTests" time="0.001">
    <error message="Unable to connect to Redis; nested exception is io.lettuce.core.RedisConnectionException: Unable to connect to 127.0.0.1:6379" type="org.springframework.data.redis.RedisConnectionFailureException">org.springframework.data.redis.RedisConnectionFailureException: Unable to connect to Redis; nested exception is io.lettuce.core.RedisConnectionException: Unable to connect to 127.0.0.1:6379
	at org.springframework.data.redis.core.DefaultReactiveZSetOperationsIntegrationTests.before(DefaultReactiveZSetOperationsIntegrationTests.java:96)
Caused by: io.lettuce.core.RedisConnectionException: Unable to connect to 127.0.0.1:6379
	at org.springframework.data.redis.core.DefaultReactiveZSetOperationsIntegrationTests.before(DefaultReactiveZSetOperationsIntegrationTests.java:96)
Caused by: io.netty.channel.AbstractChannel$AnnotatedConnectException: syscall:getsockopt(..) failed: Connection refused: /127.0.0.1:6379
Caused by: io.netty.channel.unix.Errors$NativeConnectException: syscall:getsockopt(..) failed: Connection refused
</error>
  </testcase>
  <testcase name="reverseRangeByLex[Double]" classname="org.springframework.data.redis.core.DefaultReactiveZSetOperationsIntegrationTests" time="0.002">
    <error message="Unable to connect to Redis; nested exception is io.lettuce.core.RedisConnectionException: Unable to connect to 127.0.0.1:6379" type="org.springframework.data.redis.RedisConnectionFailureException">org.springframework.data.redis.RedisConnectionFailureException: Unable to connect to Redis; nested exception is io.lettuce.core.RedisConnectionException: Unable to connect to 127.0.0.1:6379
	at org.springframework.data.redis.core.DefaultReactiveZSetOperationsIntegrationTests.before(DefaultReactiveZSetOperationsIntegrationTests.java:96)
Caused by: io.lettuce.core.RedisConnectionException: Unable to connect to 127.0.0.1:6379
	at org.springframework.data.redis.core.DefaultReactiveZSetOperationsIntegrationTests.before(DefaultReactiveZSetOperationsIntegrationTests.java:96)
Caused by: io.netty.channel.AbstractChannel$AnnotatedConnectException: syscall:getsockopt(..) failed: Connection refused: /127.0.0.1:6379
Caused by: io.netty.channel.unix.Errors$NativeConnectException: syscall:getsockopt(..) failed: Connection refused
</error>
  </testcase>
  <testcase name="rangeByScore[Double]" classname="org.springframework.data.redis.core.DefaultReactiveZSetOperationsIntegrationTests" time="0.001">
    <error message="Unable to connect to Redis; nested exception is io.lettuce.core.RedisConnectionException: Unable to connect to 127.0.0.1:6379" type="org.springframework.data.redis.RedisConnectionFailureException">org.springframework.data.redis.RedisConnectionFailureException: Unable to connect to Redis; nested exception is io.lettuce.core.RedisConnectionException: Unable to connect to 127.0.0.1:6379
	at org.springframework.data.redis.core.DefaultReactiveZSetOperationsIntegrationTests.before(DefaultReactiveZSetOperationsIntegrationTests.java:96)
Caused by: io.lettuce.core.RedisConnectionException: Unable to connect to 127.0.0.1:6379
	at org.springframework.data.redis.core.DefaultReactiveZSetOperationsIntegrationTests.before(DefaultReactiveZSetOperationsIntegrationTests.java:96)
Caused by: io.netty.channel.AbstractChannel$AnnotatedConnectException: syscall:getsockopt(..) failed: Connection refused: /127.0.0.1:6379
Caused by: io.netty.channel.unix.Errors$NativeConnectException: syscall:getsockopt(..) failed: Connection refused
</error>
  </testcase>
  <testcase name="removeRange[Double]" classname="org.springframework.data.redis.core.DefaultReactiveZSetOperationsIntegrationTests" time="0.001">
    <error message="Unable to connect to Redis; nested exception is io.lettuce.core.RedisConnectionException: Unable to connect to 127.0.0.1:6379" type="org.springframework.data.redis.RedisConnectionFailureException">org.springframework.data.redis.RedisConnectionFailureException: Unable to connect to Redis; nested exception is io.lettuce.core.RedisConnectionException: Unable to connect to 127.0.0.1:6379
	at org.springframework.data.redis.core.DefaultReactiveZSetOperationsIntegrationTests.before(DefaultReactiveZSetOperationsIntegrationTests.java:96)
Caused by: io.lettuce.core.RedisConnectionException: Unable to connect to 127.0.0.1:6379
	at org.springframework.data.redis.core.DefaultReactiveZSetOperationsIntegrationTests.before(DefaultReactiveZSetOperationsIntegrationTests.java:96)
Caused by: io.netty.channel.AbstractChannel$AnnotatedConnectException: syscall:getsockopt(..) failed: Connection refused: /127.0.0.1:6379
Caused by: io.netty.channel.unix.Errors$NativeConnectException: syscall:getsockopt(..) failed: Connection refused
</error>
  </testcase>
  <testcase name="rangeByScoreWithScores[Double]" classname="org.springframework.data.redis.core.DefaultReactiveZSetOperationsIntegrationTests" time="0.001">
    <error message="Unable to connect to Redis; nested exception is io.lettuce.core.RedisConnectionException: Unable to connect to 127.0.0.1:6379" type="org.springframework.data.redis.RedisConnectionFailureException">org.springframework.data.redis.RedisConnectionFailureException: Unable to connect to Redis; nested exception is io.lettuce.core.RedisConnectionException: Unable to connect to 127.0.0.1:6379
	at org.springframework.data.redis.core.DefaultReactiveZSetOperationsIntegrationTests.before(DefaultReactiveZSetOperationsIntegrationTests.java:96)
Caused by: io.lettuce.core.RedisConnectionException: Unable to connect to 127.0.0.1:6379
	at org.springframework.data.redis.core.DefaultReactiveZSetOperationsIntegrationTests.before(DefaultReactiveZSetOperationsIntegrationTests.java:96)
Caused by: io.netty.channel.AbstractChannel$AnnotatedConnectException: syscall:getsockopt(..) failed: Connection refused: /127.0.0.1:6379
Caused by: io.netty.channel.unix.Errors$NativeConnectException: syscall:getsockopt(..) failed: Connection refused
</error>
  </testcase>
  <testcase name="reverseRange[Double]" classname="org.springframework.data.redis.core.DefaultReactiveZSetOperationsIntegrationTests" time="0.001">
    <error message="Unable to connect to Redis; nested exception is io.lettuce.core.RedisConnectionException: Unable to connect to 127.0.0.1:6379" type="org.springframework.data.redis.RedisConnectionFailureException">org.springframework.data.redis.RedisConnectionFailureException: Unable to connect to Redis; nested exception is io.lettuce.core.RedisConnectionException: Unable to connect to 127.0.0.1:6379
	at org.springframework.data.redis.core.DefaultReactiveZSetOperationsIntegrationTests.before(DefaultReactiveZSetOperationsIntegrationTests.java:96)
Caused by: io.lettuce.core.RedisConnectionException: Unable to connect to 127.0.0.1:6379
	at org.springframework.data.redis.core.DefaultReactiveZSetOperationsIntegrationTests.before(DefaultReactiveZSetOperationsIntegrationTests.java:96)
Caused by: io.netty.channel.AbstractChannel$AnnotatedConnectException: syscall:getsockopt(..) failed: Connection refused: /127.0.0.1:6379
Caused by: io.netty.channel.unix.Errors$NativeConnectException: syscall:getsockopt(..) failed: Connection refused
</error>
  </testcase>
  <testcase name="add[Double]" classname="org.springframework.data.redis.core.DefaultReactiveZSetOperationsIntegrationTests" time="0.001">
    <error message="Unable to connect to Redis; nested exception is io.lettuce.core.RedisConnectionException: Unable to connect to 127.0.0.1:6379" type="org.springframework.data.redis.RedisConnectionFailureException">org.springframework.data.redis.RedisConnectionFailureException: Unable to connect to Redis; nested exception is io.lettuce.core.RedisConnectionException: Unable to connect to 127.0.0.1:6379
	at org.springframework.data.redis.core.DefaultReactiveZSetOperationsIntegrationTests.before(DefaultReactiveZSetOperationsIntegrationTests.java:96)
Caused by: io.lettuce.core.RedisConnectionException: Unable to connect to 127.0.0.1:6379
	at org.springframework.data.redis.core.DefaultReactiveZSetOperationsIntegrationTests.before(DefaultReactiveZSetOperationsIntegrationTests.java:96)
Caused by: io.netty.channel.AbstractChannel$AnnotatedConnectException: syscall:getsockopt(..) failed: Connection refused: /127.0.0.1:6379
Caused by: io.netty.channel.unix.Errors$NativeConnectException: syscall:getsockopt(..) failed: Connection refused
</error>
  </testcase>
  <testcase name="rank[Double]" classname="org.springframework.data.redis.core.DefaultReactiveZSetOperationsIntegrationTests" time="0.001">
    <error message="Unable to connect to Redis; nested exception is io.lettuce.core.RedisConnectionException: Unable to connect to 127.0.0.1:6379" type="org.springframework.data.redis.RedisConnectionFailureException">org.springframework.data.redis.RedisConnectionFailureException: Unable to connect to Redis; nested exception is io.lettuce.core.RedisConnectionException: Unable to connect to 127.0.0.1:6379
	at org.springframework.data.redis.core.DefaultReactiveZSetOperationsIntegrationTests.before(DefaultReactiveZSetOperationsIntegrationTests.java:96)
Caused by: io.lettuce.core.RedisConnectionException: Unable to connect to 127.0.0.1:6379
	at org.springframework.data.redis.core.DefaultReactiveZSetOperationsIntegrationTests.before(DefaultReactiveZSetOperationsIntegrationTests.java:96)
Caused by: io.netty.channel.AbstractChannel$AnnotatedConnectException: syscall:getsockopt(..) failed: Connection refused: /127.0.0.1:6379
Caused by: io.netty.channel.unix.Errors$NativeConnectException: syscall:getsockopt(..) failed: Connection refused
</error>
  </testcase>
  <testcase name="scan[Double]" classname="org.springframework.data.redis.core.DefaultReactiveZSetOperationsIntegrationTests" time="0.001">
    <error message="Unable to connect to Redis; nested exception is io.lettuce.core.RedisConnectionException: Unable to connect to 127.0.0.1:6379" type="org.springframework.data.redis.RedisConnectionFailureException">org.springframework.data.redis.RedisConnectionFailureException: Unable to connect to Redis; nested exception is io.lettuce.core.RedisConnectionException: Unable to connect to 127.0.0.1:6379
	at org.springframework.data.redis.core.DefaultReactiveZSetOperationsIntegrationTests.before(DefaultReactiveZSetOperationsIntegrationTests.java:96)
Caused by: io.lettuce.core.RedisConnectionException: Unable to connect to 127.0.0.1:6379
	at org.springframework.data.redis.core.DefaultReactiveZSetOperationsIntegrationTests.before(DefaultReactiveZSetOperationsIntegrationTests.java:96)
Caused by: io.netty.channel.AbstractChannel$AnnotatedConnectException: syscall:getsockopt(..) failed: Connection refused: /127.0.0.1:6379
Caused by: io.netty.channel.unix.Errors$NativeConnectException: syscall:getsockopt(..) failed: Connection refused
</error>
  </testcase>
  <testcase name="size[Double]" classname="org.springframework.data.redis.core.DefaultReactiveZSetOperationsIntegrationTests" time="0.001">
    <error message="Unable to connect to Redis; nested exception is io.lettuce.core.RedisConnectionException: Unable to connect to 127.0.0.1:6379" type="org.springframework.data.redis.RedisConnectionFailureException">org.springframework.data.redis.RedisConnectionFailureException: Unable to connect to Redis; nested exception is io.lettuce.core.RedisConnectionException: Unable to connect to 127.0.0.1:6379
	at org.springframework.data.redis.core.DefaultReactiveZSetOperationsIntegrationTests.before(DefaultReactiveZSetOperationsIntegrationTests.java:96)
Caused by: io.lettuce.core.RedisConnectionException: Unable to connect to 127.0.0.1:6379
	at org.springframework.data.redis.core.DefaultReactiveZSetOperationsIntegrationTests.before(DefaultReactiveZSetOperationsIntegrationTests.java:96)
Caused by: io.netty.channel.AbstractChannel$AnnotatedConnectException: syscall:getsockopt(..) failed: Connection refused: /127.0.0.1:6379
Caused by: io.netty.channel.unix.Errors$NativeConnectException: syscall:getsockopt(..) failed: Connection refused
</error>
  </testcase>
  <testcase name="unionAndStoreWithAggregation[Double]" classname="org.springframework.data.redis.core.DefaultReactiveZSetOperationsIntegrationTests" time="0.001">
    <error message="Unable to connect to Redis; nested exception is io.lettuce.core.RedisConnectionException: Unable to connect to 127.0.0.1:6379" type="org.springframework.data.redis.RedisConnectionFailureException">org.springframework.data.redis.RedisConnectionFailureException: Unable to connect to Redis; nested exception is io.lettuce.core.RedisConnectionException: Unable to connect to 127.0.0.1:6379
	at org.springframework.data.redis.core.DefaultReactiveZSetOperationsIntegrationTests.before(DefaultReactiveZSetOperationsIntegrationTests.java:96)
Caused by: io.lettuce.core.RedisConnectionException: Unable to connect to 127.0.0.1:6379
	at org.springframework.data.redis.core.DefaultReactiveZSetOperationsIntegrationTests.before(DefaultReactiveZSetOperationsIntegrationTests.java:96)
Caused by: io.netty.channel.AbstractChannel$AnnotatedConnectException: syscall:getsockopt(..) failed: Connection refused: /127.0.0.1:6379
Caused by: io.netty.channel.unix.Errors$NativeConnectException: syscall:getsockopt(..) failed: Connection refused
</error>
  </testcase>
  <testcase name="count[Double]" classname="org.springframework.data.redis.core.DefaultReactiveZSetOperationsIntegrationTests" time="0.002">
    <error message="Unable to connect to Redis; nested exception is io.lettuce.core.RedisConnectionException: Unable to connect to 127.0.0.1:6379" type="org.springframework.data.redis.RedisConnectionFailureException">org.springframework.data.redis.RedisConnectionFailureException: Unable to connect to Redis; nested exception is io.lettuce.core.RedisConnectionException: Unable to connect to 127.0.0.1:6379
	at org.springframework.data.redis.core.DefaultReactiveZSetOperationsIntegrationTests.before(DefaultReactiveZSetOperationsIntegrationTests.java:96)
Caused by: io.lettuce.core.RedisConnectionException: Unable to connect to 127.0.0.1:6379
	at org.springframework.data.redis.core.DefaultReactiveZSetOperationsIntegrationTests.before(DefaultReactiveZSetOperationsIntegrationTests.java:96)
Caused by: io.netty.channel.AbstractChannel$AnnotatedConnectException: syscall:getsockopt(..) failed: Connection refused: /127.0.0.1:6379
Caused by: io.netty.channel.unix.Errors$NativeConnectException: syscall:getsockopt(..) failed: Connection refused
</error>
  </testcase>
  <testcase name="range[Double]" classname="org.springframework.data.redis.core.DefaultReactiveZSetOperationsIntegrationTests" time="0.001">
    <error message="Unable to connect to Redis; nested exception is io.lettuce.core.RedisConnectionException: Unable to connect to 127.0.0.1:6379" type="org.springframework.data.redis.RedisConnectionFailureException">org.springframework.data.redis.RedisConnectionFailureException: Unable to connect to Redis; nested exception is io.lettuce.core.RedisConnectionException: Unable to connect to 127.0.0.1:6379
	at org.springframework.data.redis.core.DefaultReactiveZSetOperationsIntegrationTests.before(DefaultReactiveZSetOperationsIntegrationTests.java:96)
Caused by: io.lettuce.core.RedisConnectionException: Unable to connect to 127.0.0.1:6379
	at org.springframework.data.redis.core.DefaultReactiveZSetOperationsIntegrationTests.before(DefaultReactiveZSetOperationsIntegrationTests.java:96)
Caused by: io.netty.channel.AbstractChannel$AnnotatedConnectException: syscall:getsockopt(..) failed: Connection refused: /127.0.0.1:6379
Caused by: io.netty.channel.unix.Errors$NativeConnectException: syscall:getsockopt(..) failed: Connection refused
</error>
  </testcase>
  <testcase name="score[Double]" classname="org.springframework.data.redis.core.DefaultReactiveZSetOperationsIntegrationTests" time="0.001">
    <error message="Unable to connect to Redis; nested exception is io.lettuce.core.RedisConnectionException: Unable to connect to 127.0.0.1:6379" type="org.springframework.data.redis.RedisConnectionFailureException">org.springframework.data.redis.RedisConnectionFailureException: Unable to connect to Redis; nested exception is io.lettuce.core.RedisConnectionException: Unable to connect to 127.0.0.1:6379
	at org.springframework.data.redis.core.DefaultReactiveZSetOperationsIntegrationTests.before(DefaultReactiveZSetOperationsIntegrationTests.java:96)
Caused by: io.lettuce.core.RedisConnectionException: Unable to connect to 127.0.0.1:6379
	at org.springframework.data.redis.core.DefaultReactiveZSetOperationsIntegrationTests.before(DefaultReactiveZSetOperationsIntegrationTests.java:96)
Caused by: io.netty.channel.AbstractChannel$AnnotatedConnectException: syscall:getsockopt(..) failed: Connection refused: /127.0.0.1:6379
Caused by: io.netty.channel.unix.Errors$NativeConnectException: syscall:getsockopt(..) failed: Connection refused
</error>
  </testcase>
  <testcase name="reverseRangeByScoreWithScores[Double]" classname="org.springframework.data.redis.core.DefaultReactiveZSetOperationsIntegrationTests" time="0.001">
    <error message="Unable to connect to Redis; nested exception is io.lettuce.core.RedisConnectionException: Unable to connect to 127.0.0.1:6379" type="org.springframework.data.redis.RedisConnectionFailureException">org.springframework.data.redis.RedisConnectionFailureException: Unable to connect to Redis; nested exception is io.lettuce.core.RedisConnectionException: Unable to connect to 127.0.0.1:6379
	at org.springframework.data.redis.core.DefaultReactiveZSetOperationsIntegrationTests.before(DefaultReactiveZSetOperationsIntegrationTests.java:96)
Caused by: io.lettuce.core.RedisConnectionException: Unable to connect to 127.0.0.1:6379
	at org.springframework.data.redis.core.DefaultReactiveZSetOperationsIntegrationTests.before(DefaultReactiveZSetOperationsIntegrationTests.java:96)
Caused by: io.netty.channel.AbstractChannel$AnnotatedConnectException: syscall:getsockopt(..) failed: Connection refused: /127.0.0.1:6379
Caused by: io.netty.channel.unix.Errors$NativeConnectException: syscall:getsockopt(..) failed: Connection refused
</error>
  </testcase>
  <testcase name="rangeByLexWithLimit[Double]" classname="org.springframework.data.redis.core.DefaultReactiveZSetOperationsIntegrationTests" time="0.001">
    <error message="Unable to connect to Redis; nested exception is io.lettuce.core.RedisConnectionException: Unable to connect to 127.0.0.1:6379" type="org.springframework.data.redis.RedisConnectionFailureException">org.springframework.data.redis.RedisConnectionFailureException: Unable to connect to Redis; nested exception is io.lettuce.core.RedisConnectionException: Unable to connect to 127.0.0.1:6379
	at org.springframework.data.redis.core.DefaultReactiveZSetOperationsIntegrationTests.before(DefaultReactiveZSetOperationsIntegrationTests.java:96)
Caused by: io.lettuce.core.RedisConnectionException: Unable to connect to 127.0.0.1:6379
	at org.springframework.data.redis.core.DefaultReactiveZSetOperationsIntegrationTests.before(DefaultReactiveZSetOperationsIntegrationTests.java:96)
Caused by: io.netty.channel.AbstractChannel$AnnotatedConnectException: syscall:getsockopt(..) failed: Connection refused: /127.0.0.1:6379
Caused by: io.netty.channel.unix.Errors$NativeConnectException: syscall:getsockopt(..) failed: Connection refused
</error>
  </testcase>
  <testcase name="reverseRangeWithScores[Double]" classname="org.springframework.data.redis.core.DefaultReactiveZSetOperationsIntegrationTests" time="0.001">
    <error message="Unable to connect to Redis; nested exception is io.lettuce.core.RedisConnectionException: Unable to connect to 127.0.0.1:6379" type="org.springframework.data.redis.RedisConnectionFailureException">org.springframework.data.redis.RedisConnectionFailureException: Unable to connect to Redis; nested exception is io.lettuce.core.RedisConnectionException: Unable to connect to 127.0.0.1:6379
	at org.springframework.data.redis.core.DefaultReactiveZSetOperationsIntegrationTests.before(DefaultReactiveZSetOperationsIntegrationTests.java:96)
Caused by: io.lettuce.core.RedisConnectionException: Unable to connect to 127.0.0.1:6379
	at org.springframework.data.redis.core.DefaultReactiveZSetOperationsIntegrationTests.before(DefaultReactiveZSetOperationsIntegrationTests.java:96)
Caused by: io.netty.channel.AbstractChannel$AnnotatedConnectException: syscall:getsockopt(..) failed: Connection refused: /127.0.0.1:6379
Caused by: io.netty.channel.unix.Errors$NativeConnectException: syscall:getsockopt(..) failed: Connection refused
</error>
  </testcase>
  <testcase name="reverseRank[Double]" classname="org.springframework.data.redis.core.DefaultReactiveZSetOperationsIntegrationTests" time="0.001">
    <error message="Unable to connect to Redis; nested exception is io.lettuce.core.RedisConnectionException: Unable to connect to 127.0.0.1:6379" type="org.springframework.data.redis.RedisConnectionFailureException">org.springframework.data.redis.RedisConnectionFailureException: Unable to connect to Redis; nested exception is io.lettuce.core.RedisConnectionException: Unable to connect to 127.0.0.1:6379
	at org.springframework.data.redis.core.DefaultReactiveZSetOperationsIntegrationTests.before(DefaultReactiveZSetOperationsIntegrationTests.java:96)
Caused by: io.lettuce.core.RedisConnectionException: Unable to connect to 127.0.0.1:6379
	at org.springframework.data.redis.core.DefaultReactiveZSetOperationsIntegrationTests.before(DefaultReactiveZSetOperationsIntegrationTests.java:96)
Caused by: io.netty.channel.AbstractChannel$AnnotatedConnectException: syscall:getsockopt(..) failed: Connection refused: /127.0.0.1:6379
Caused by: io.netty.channel.unix.Errors$NativeConnectException: syscall:getsockopt(..) failed: Connection refused
</error>
  </testcase>
  <testcase name="reverseRangeByScoreWithLimit[Double]" classname="org.springframework.data.redis.core.DefaultReactiveZSetOperationsIntegrationTests" time="0.001">
    <error message="Unable to connect to Redis; nested exception is io.lettuce.core.RedisConnectionException: Unable to connect to 127.0.0.1:6379" type="org.springframework.data.redis.RedisConnectionFailureException">org.springframework.data.redis.RedisConnectionFailureException: Unable to connect to Redis; nested exception is io.lettuce.core.RedisConnectionException: Unable to connect to 127.0.0.1:6379
	at org.springframework.data.redis.core.DefaultReactiveZSetOperationsIntegrationTests.before(DefaultReactiveZSetOperationsIntegrationTests.java:96)
Caused by: io.lettuce.core.RedisConnectionException: Unable to connect to 127.0.0.1:6379
	at org.springframework.data.redis.core.DefaultReactiveZSetOperationsIntegrationTests.before(DefaultReactiveZSetOperationsIntegrationTests.java:96)
Caused by: io.netty.channel.AbstractChannel$AnnotatedConnectException: syscall:getsockopt(..) failed: Connection refused: /127.0.0.1:6379
Caused by: io.netty.channel.unix.Errors$NativeConnectException: syscall:getsockopt(..) failed: Connection refused
</error>
  </testcase>
  <testcase name="incrementScore[Double]" classname="org.springframework.data.redis.core.DefaultReactiveZSetOperationsIntegrationTests" time="0.001">
    <error message="Unable to connect to Redis; nested exception is io.lettuce.core.RedisConnectionException: Unable to connect to 127.0.0.1:6379" type="org.springframework.data.redis.RedisConnectionFailureException">org.springframework.data.redis.RedisConnectionFailureException: Unable to connect to Redis; nested exception is io.lettuce.core.RedisConnectionException: Unable to connect to 127.0.0.1:6379
	at org.springframework.data.redis.core.DefaultReactiveZSetOperationsIntegrationTests.before(DefaultReactiveZSetOperationsIntegrationTests.java:96)
Caused by: io.lettuce.core.RedisConnectionException: Unable to connect to 127.0.0.1:6379
	at org.springframework.data.redis.core.DefaultReactiveZSetOperationsIntegrationTests.before(DefaultReactiveZSetOperationsIntegrationTests.java:96)
Caused by: io.netty.channel.AbstractChannel$AnnotatedConnectException: syscall:getsockopt(..) failed: Connection refused: /127.0.0.1:6379
Caused by: io.netty.channel.unix.Errors$NativeConnectException: syscall:getsockopt(..) failed: Connection refused
</error>
  </testcase>
  <testcase name="intersectAndStoreWithAggregation[Double]" classname="org.springframework.data.redis.core.DefaultReactiveZSetOperationsIntegrationTests" time="0.001">
    <error message="Unable to connect to Redis; nested exception is io.lettuce.core.RedisConnectionException: Unable to connect to 127.0.0.1:6379" type="org.springframework.data.redis.RedisConnectionFailureException">org.springframework.data.redis.RedisConnectionFailureException: Unable to connect to Redis; nested exception is io.lettuce.core.RedisConnectionException: Unable to connect to 127.0.0.1:6379
	at org.springframework.data.redis.core.DefaultReactiveZSetOperationsIntegrationTests.before(DefaultReactiveZSetOperationsIntegrationTests.java:96)
Caused by: io.lettuce.core.RedisConnectionException: Unable to connect to 127.0.0.1:6379
	at org.springframework.data.redis.core.DefaultReactiveZSetOperationsIntegrationTests.before(DefaultReactiveZSetOperationsIntegrationTests.java:96)
Caused by: io.netty.channel.AbstractChannel$AnnotatedConnectException: syscall:getsockopt(..) failed: Connection refused: /127.0.0.1:6379
Caused by: io.netty.channel.unix.Errors$NativeConnectException: syscall:getsockopt(..) failed: Connection refused
</error>
  </testcase>
  <testcase name="rangeByScoreWithLimit[Double]" classname="org.springframework.data.redis.core.DefaultReactiveZSetOperationsIntegrationTests" time="0.001">
    <error message="Unable to connect to Redis; nested exception is io.lettuce.core.RedisConnectionException: Unable to connect to 127.0.0.1:6379" type="org.springframework.data.redis.RedisConnectionFailureException">org.springframework.data.redis.RedisConnectionFailureException: Unable to connect to Redis; nested exception is io.lettuce.core.RedisConnectionException: Unable to connect to 127.0.0.1:6379
	at org.springframework.data.redis.core.DefaultReactiveZSetOperationsIntegrationTests.before(DefaultReactiveZSetOperationsIntegrationTests.java:96)
Caused by: io.lettuce.core.RedisConnectionException: Unable to connect to 127.0.0.1:6379
	at org.springframework.data.redis.core.DefaultReactiveZSetOperationsIntegrationTests.before(DefaultReactiveZSetOperationsIntegrationTests.java:96)
Caused by: io.netty.channel.AbstractChannel$AnnotatedConnectException: syscall:getsockopt(..) failed: Connection refused: /127.0.0.1:6379
Caused by: io.netty.channel.unix.Errors$NativeConnectException: syscall:getsockopt(..) failed: Connection refused
</error>
  </testcase>
  <testcase name="removeRangeByScore[raw]" classname="org.springframework.data.redis.core.DefaultReactiveZSetOperationsIntegrationTests" time="0.002">
    <error message="Unable to connect to Redis; nested exception is io.lettuce.core.RedisConnectionException: Unable to connect to 127.0.0.1:6379" type="org.springframework.data.redis.RedisConnectionFailureException">org.springframework.data.redis.RedisConnectionFailureException: Unable to connect to Redis; nested exception is io.lettuce.core.RedisConnectionException: Unable to connect to 127.0.0.1:6379
	at org.springframework.data.redis.core.DefaultReactiveZSetOperationsIntegrationTests.before(DefaultReactiveZSetOperationsIntegrationTests.java:96)
Caused by: io.lettuce.core.RedisConnectionException: Unable to connect to 127.0.0.1:6379
	at org.springframework.data.redis.core.DefaultReactiveZSetOperationsIntegrationTests.before(DefaultReactiveZSetOperationsIntegrationTests.java:96)
Caused by: io.netty.channel.AbstractChannel$AnnotatedConnectException: syscall:getsockopt(..) failed: Connection refused: /127.0.0.1:6379
Caused by: io.netty.channel.unix.Errors$NativeConnectException: syscall:getsockopt(..) failed: Connection refused
</error>
  </testcase>
  <testcase name="rangeByLex[raw]" classname="org.springframework.data.redis.core.DefaultReactiveZSetOperationsIntegrationTests" time="0.001">
    <error message="Unable to connect to Redis; nested exception is io.lettuce.core.RedisConnectionException: Unable to connect to 127.0.0.1:6379" type="org.springframework.data.redis.RedisConnectionFailureException">org.springframework.data.redis.RedisConnectionFailureException: Unable to connect to Redis; nested exception is io.lettuce.core.RedisConnectionException: Unable to connect to 127.0.0.1:6379
	at org.springframework.data.redis.core.DefaultReactiveZSetOperationsIntegrationTests.before(DefaultReactiveZSetOperationsIntegrationTests.java:96)
Caused by: io.lettuce.core.RedisConnectionException: Unable to connect to 127.0.0.1:6379
	at org.springframework.data.redis.core.DefaultReactiveZSetOperationsIntegrationTests.before(DefaultReactiveZSetOperationsIntegrationTests.java:96)
Caused by: io.netty.channel.AbstractChannel$AnnotatedConnectException: syscall:getsockopt(..) failed: Connection refused: /127.0.0.1:6379
Caused by: io.netty.channel.unix.Errors$NativeConnectException: syscall:getsockopt(..) failed: Connection refused
</error>
  </testcase>
  <testcase name="addAll[raw]" classname="org.springframework.data.redis.core.DefaultReactiveZSetOperationsIntegrationTests" time="0.001">
    <error message="Unable to connect to Redis; nested exception is io.lettuce.core.RedisConnectionException: Unable to connect to 127.0.0.1:6379" type="org.springframework.data.redis.RedisConnectionFailureException">org.springframework.data.redis.RedisConnectionFailureException: Unable to connect to Redis; nested exception is io.lettuce.core.RedisConnectionException: Unable to connect to 127.0.0.1:6379
	at org.springframework.data.redis.core.DefaultReactiveZSetOperationsIntegrationTests.before(DefaultReactiveZSetOperationsIntegrationTests.java:96)
Caused by: io.lettuce.core.RedisConnectionException: Unable to connect to 127.0.0.1:6379
	at org.springframework.data.redis.core.DefaultReactiveZSetOperationsIntegrationTests.before(DefaultReactiveZSetOperationsIntegrationTests.java:96)
Caused by: io.netty.channel.AbstractChannel$AnnotatedConnectException: syscall:getsockopt(..) failed: Connection refused: /127.0.0.1:6379
Caused by: io.netty.channel.unix.Errors$NativeConnectException: syscall:getsockopt(..) failed: Connection refused
</error>
  </testcase>
  <testcase name="rangeByScoreWithScoresWithLimit[raw]" classname="org.springframework.data.redis.core.DefaultReactiveZSetOperationsIntegrationTests" time="0.001">
    <error message="Unable to connect to Redis; nested exception is io.lettuce.core.RedisConnectionException: Unable to connect to 127.0.0.1:6379" type="org.springframework.data.redis.RedisConnectionFailureException">org.springframework.data.redis.RedisConnectionFailureException: Unable to connect to Redis; nested exception is io.lettuce.core.RedisConnectionException: Unable to connect to 127.0.0.1:6379
	at org.springframework.data.redis.core.DefaultReactiveZSetOperationsIntegrationTests.before(DefaultReactiveZSetOperationsIntegrationTests.java:96)
Caused by: io.lettuce.core.RedisConnectionException: Unable to connect to 127.0.0.1:6379
	at org.springframework.data.redis.core.DefaultReactiveZSetOperationsIntegrationTests.before(DefaultReactiveZSetOperationsIntegrationTests.java:96)
Caused by: io.netty.channel.AbstractChannel$AnnotatedConnectException: syscall:getsockopt(..) failed: Connection refused: /127.0.0.1:6379
Caused by: io.netty.channel.unix.Errors$NativeConnectException: syscall:getsockopt(..) failed: Connection refused
</error>
  </testcase>
  <testcase name="delete[raw]" classname="org.springframework.data.redis.core.DefaultReactiveZSetOperationsIntegrationTests" time="0.001">
    <error message="Unable to connect to Redis; nested exception is io.lettuce.core.RedisConnectionException: Unable to connect to 127.0.0.1:6379" type="org.springframework.data.redis.RedisConnectionFailureException">org.springframework.data.redis.RedisConnectionFailureException: Unable to connect to Redis; nested exception is io.lettuce.core.RedisConnectionException: Unable to connect to 127.0.0.1:6379
	at org.springframework.data.redis.core.DefaultReactiveZSetOperationsIntegrationTests.before(DefaultReactiveZSetOperationsIntegrationTests.java:96)
Caused by: io.lettuce.core.RedisConnectionException: Unable to connect to 127.0.0.1:6379
	at org.springframework.data.redis.core.DefaultReactiveZSetOperationsIntegrationTests.before(DefaultReactiveZSetOperationsIntegrationTests.java:96)
Caused by: io.netty.channel.AbstractChannel$AnnotatedConnectException: syscall:getsockopt(..) failed: Connection refused: /127.0.0.1:6379
Caused by: io.netty.channel.unix.Errors$NativeConnectException: syscall:getsockopt(..) failed: Connection refused
</error>
  </testcase>
  <testcase name="intersectAndStore[raw]" classname="org.springframework.data.redis.core.DefaultReactiveZSetOperationsIntegrationTests" time="0.001">
    <error message="Unable to connect to Redis; nested exception is io.lettuce.core.RedisConnectionException: Unable to connect to 127.0.0.1:6379" type="org.springframework.data.redis.RedisConnectionFailureException">org.springframework.data.redis.RedisConnectionFailureException: Unable to connect to Redis; nested exception is io.lettuce.core.RedisConnectionException: Unable to connect to 127.0.0.1:6379
	at org.springframework.data.redis.core.DefaultReactiveZSetOperationsIntegrationTests.before(DefaultReactiveZSetOperationsIntegrationTests.java:96)
Caused by: io.lettuce.core.RedisConnectionException: Unable to connect to 127.0.0.1:6379
	at org.springframework.data.redis.core.DefaultReactiveZSetOperationsIntegrationTests.before(DefaultReactiveZSetOperationsIntegrationTests.java:96)
Caused by: io.netty.channel.AbstractChannel$AnnotatedConnectException: syscall:getsockopt(..) failed: Connection refused: /127.0.0.1:6379
Caused by: io.netty.channel.unix.Errors$NativeConnectException: syscall:getsockopt(..) failed: Connection refused
</error>
  </testcase>
  <testcase name="remove[raw]" classname="org.springframework.data.redis.core.DefaultReactiveZSetOperationsIntegrationTests" time="0.001">
    <error message="Unable to connect to Redis; nested exception is io.lettuce.core.RedisConnectionException: Unable to connect to 127.0.0.1:6379" type="org.springframework.data.redis.RedisConnectionFailureException">org.springframework.data.redis.RedisConnectionFailureException: Unable to connect to Redis; nested exception is io.lettuce.core.RedisConnectionException: Unable to connect to 127.0.0.1:6379
	at org.springframework.data.redis.core.DefaultReactiveZSetOperationsIntegrationTests.before(DefaultReactiveZSetOperationsIntegrationTests.java:96)
Caused by: io.lettuce.core.RedisConnectionException: Unable to connect to 127.0.0.1:6379
	at org.springframework.data.redis.core.DefaultReactiveZSetOperationsIntegrationTests.before(DefaultReactiveZSetOperationsIntegrationTests.java:96)
Caused by: io.netty.channel.AbstractChannel$AnnotatedConnectException: syscall:getsockopt(..) failed: Connection refused: /127.0.0.1:6379
Caused by: io.netty.channel.unix.Errors$NativeConnectException: syscall:getsockopt(..) failed: Connection refused
</error>
  </testcase>
  <testcase name="unionAndStore[raw]" classname="org.springframework.data.redis.core.DefaultReactiveZSetOperationsIntegrationTests" time="0.001">
    <error message="Unable to connect to Redis; nested exception is io.lettuce.core.RedisConnectionException: Unable to connect to 127.0.0.1:6379" type="org.springframework.data.redis.RedisConnectionFailureException">org.springframework.data.redis.RedisConnectionFailureException: Unable to connect to Redis; nested exception is io.lettuce.core.RedisConnectionException: Unable to connect to 127.0.0.1:6379
	at org.springframework.data.redis.core.DefaultReactiveZSetOperationsIntegrationTests.before(DefaultReactiveZSetOperationsIntegrationTests.java:96)
Caused by: io.lettuce.core.RedisConnectionException: Unable to connect to 127.0.0.1:6379
	at org.springframework.data.redis.core.DefaultReactiveZSetOperationsIntegrationTests.before(DefaultReactiveZSetOperationsIntegrationTests.java:96)
Caused by: io.netty.channel.AbstractChannel$AnnotatedConnectException: syscall:getsockopt(..) failed: Connection refused: /127.0.0.1:6379
Caused by: io.netty.channel.unix.Errors$NativeConnectException: syscall:getsockopt(..) failed: Connection refused
</error>
  </testcase>
  <testcase name="reverseRangeByScoreWithScoresWithLimit[raw]" classname="org.springframework.data.redis.core.DefaultReactiveZSetOperationsIntegrationTests" time="0.002">
    <error message="Unable to connect to Redis; nested exception is io.lettuce.core.RedisConnectionException: Unable to connect to 127.0.0.1:6379" type="org.springframework.data.redis.RedisConnectionFailureException">org.springframework.data.redis.RedisConnectionFailureException: Unable to connect to Redis; nested exception is io.lettuce.core.RedisConnectionException: Unable to connect to 127.0.0.1:6379
	at org.springframework.data.redis.core.DefaultReactiveZSetOperationsIntegrationTests.before(DefaultReactiveZSetOperationsIntegrationTests.java:96)
Caused by: io.lettuce.core.RedisConnectionException: Unable to connect to 127.0.0.1:6379
	at org.springframework.data.redis.core.DefaultReactiveZSetOperationsIntegrationTests.before(DefaultReactiveZSetOperationsIntegrationTests.java:96)
Caused by: io.netty.channel.AbstractChannel$AnnotatedConnectException: syscall:getsockopt(..) failed: Connection refused: /127.0.0.1:6379
Caused by: io.netty.channel.unix.Errors$NativeConnectException: syscall:getsockopt(..) failed: Connection refused
</error>
  </testcase>
  <testcase name="reverseRangeByLexLimit[raw]" classname="org.springframework.data.redis.core.DefaultReactiveZSetOperationsIntegrationTests" time="0.001">
    <error message="Unable to connect to Redis; nested exception is io.lettuce.core.RedisConnectionException: Unable to connect to 127.0.0.1:6379" type="org.springframework.data.redis.RedisConnectionFailureException">org.springframework.data.redis.RedisConnectionFailureException: Unable to connect to Redis; nested exception is io.lettuce.core.RedisConnectionException: Unable to connect to 127.0.0.1:6379
	at org.springframework.data.redis.core.DefaultReactiveZSetOperationsIntegrationTests.before(DefaultReactiveZSetOperationsIntegrationTests.java:96)
Caused by: io.lettuce.core.RedisConnectionException: Unable to connect to 127.0.0.1:6379
	at org.springframework.data.redis.core.DefaultReactiveZSetOperationsIntegrationTests.before(DefaultReactiveZSetOperationsIntegrationTests.java:96)
Caused by: io.netty.channel.AbstractChannel$AnnotatedConnectException: syscall:getsockopt(..) failed: Connection refused: /127.0.0.1:6379
Caused by: io.netty.channel.unix.Errors$NativeConnectException: syscall:getsockopt(..) failed: Connection refused
</error>
  </testcase>
  <testcase name="reverseRangeByScore[raw]" classname="org.springframework.data.redis.core.DefaultReactiveZSetOperationsIntegrationTests" time="0.001">
    <error message="Unable to connect to Redis; nested exception is io.lettuce.core.RedisConnectionException: Unable to connect to 127.0.0.1:6379" type="org.springframework.data.redis.RedisConnectionFailureException">org.springframework.data.redis.RedisConnectionFailureException: Unable to connect to Redis; nested exception is io.lettuce.core.RedisConnectionException: Unable to connect to 127.0.0.1:6379
	at org.springframework.data.redis.core.DefaultReactiveZSetOperationsIntegrationTests.before(DefaultReactiveZSetOperationsIntegrationTests.java:96)
Caused by: io.lettuce.core.RedisConnectionException: Unable to connect to 127.0.0.1:6379
	at org.springframework.data.redis.core.DefaultReactiveZSetOperationsIntegrationTests.before(DefaultReactiveZSetOperationsIntegrationTests.java:96)
Caused by: io.netty.channel.AbstractChannel$AnnotatedConnectException: syscall:getsockopt(..) failed: Connection refused: /127.0.0.1:6379
Caused by: io.netty.channel.unix.Errors$NativeConnectException: syscall:getsockopt(..) failed: Connection refused
</error>
  </testcase>
  <testcase name="rangeWithScores[raw]" classname="org.springframework.data.redis.core.DefaultReactiveZSetOperationsIntegrationTests" time="0.005">
    <error message="Unable to connect to Redis; nested exception is io.lettuce.core.RedisConnectionException: Unable to connect to 127.0.0.1:6379" type="org.springframework.data.redis.RedisConnectionFailureException">org.springframework.data.redis.RedisConnectionFailureException: Unable to connect to Redis; nested exception is io.lettuce.core.RedisConnectionException: Unable to connect to 127.0.0.1:6379
	at org.springframework.data.redis.core.DefaultReactiveZSetOperationsIntegrationTests.before(DefaultReactiveZSetOperationsIntegrationTests.java:96)
Caused by: io.lettuce.core.RedisConnectionException: Unable to connect to 127.0.0.1:6379
	at org.springframework.data.redis.core.DefaultReactiveZSetOperationsIntegrationTests.before(DefaultReactiveZSetOperationsIntegrationTests.java:96)
Caused by: io.netty.channel.AbstractChannel$AnnotatedConnectException: syscall:getsockopt(..) failed: Connection refused: /127.0.0.1:6379
Caused by: io.netty.channel.unix.Errors$NativeConnectException: syscall:getsockopt(..) failed: Connection refused
</error>
  </testcase>
  <testcase name="reverseRangeByLex[raw]" classname="org.springframework.data.redis.core.DefaultReactiveZSetOperationsIntegrationTests" time="0">
    <error message="Unable to connect to Redis; nested exception is io.lettuce.core.RedisConnectionException: Unable to connect to 127.0.0.1:6379" type="org.springframework.data.redis.RedisConnectionFailureException">org.springframework.data.redis.RedisConnectionFailureException: Unable to connect to Redis; nested exception is io.lettuce.core.RedisConnectionException: Unable to connect to 127.0.0.1:6379
	at org.springframework.data.redis.core.DefaultReactiveZSetOperationsIntegrationTests.before(DefaultReactiveZSetOperationsIntegrationTests.java:96)
Caused by: io.lettuce.core.RedisConnectionException: Unable to connect to 127.0.0.1:6379
	at org.springframework.data.redis.core.DefaultReactiveZSetOperationsIntegrationTests.before(DefaultReactiveZSetOperationsIntegrationTests.java:96)
Caused by: io.netty.channel.AbstractChannel$AnnotatedConnectException: syscall:getsockopt(..) failed: Connection refused: /127.0.0.1:6379
Caused by: io.netty.channel.unix.Errors$NativeConnectException: syscall:getsockopt(..) failed: Connection refused
</error>
  </testcase>
  <testcase name="rangeByScore[raw]" classname="org.springframework.data.redis.core.DefaultReactiveZSetOperationsIntegrationTests" time="0.001">
    <error message="Unable to connect to Redis; nested exception is io.lettuce.core.RedisConnectionException: Unable to connect to 127.0.0.1:6379" type="org.springframework.data.redis.RedisConnectionFailureException">org.springframework.data.redis.RedisConnectionFailureException: Unable to connect to Redis; nested exception is io.lettuce.core.RedisConnectionException: Unable to connect to 127.0.0.1:6379
	at org.springframework.data.redis.core.DefaultReactiveZSetOperationsIntegrationTests.before(DefaultReactiveZSetOperationsIntegrationTests.java:96)
Caused by: io.lettuce.core.RedisConnectionException: Unable to connect to 127.0.0.1:6379
	at org.springframework.data.redis.core.DefaultReactiveZSetOperationsIntegrationTests.before(DefaultReactiveZSetOperationsIntegrationTests.java:96)
Caused by: io.netty.channel.AbstractChannel$AnnotatedConnectException: syscall:getsockopt(..) failed: Connection refused: /127.0.0.1:6379
Caused by: io.netty.channel.unix.Errors$NativeConnectException: syscall:getsockopt(..) failed: Connection refused
</error>
  </testcase>
  <testcase name="removeRange[raw]" classname="org.springframework.data.redis.core.DefaultReactiveZSetOperationsIntegrationTests" time="0.001">
    <error message="Unable to connect to Redis; nested exception is io.lettuce.core.RedisConnectionException: Unable to connect to 127.0.0.1:6379" type="org.springframework.data.redis.RedisConnectionFailureException">org.springframework.data.redis.RedisConnectionFailureException: Unable to connect to Redis; nested exception is io.lettuce.core.RedisConnectionException: Unable to connect to 127.0.0.1:6379
	at org.springframework.data.redis.core.DefaultReactiveZSetOperationsIntegrationTests.before(DefaultReactiveZSetOperationsIntegrationTests.java:96)
Caused by: io.lettuce.core.RedisConnectionException: Unable to connect to 127.0.0.1:6379
	at org.springframework.data.redis.core.DefaultReactiveZSetOperationsIntegrationTests.before(DefaultReactiveZSetOperationsIntegrationTests.java:96)
Caused by: io.netty.channel.AbstractChannel$AnnotatedConnectException: syscall:getsockopt(..) failed: Connection refused: /127.0.0.1:6379
Caused by: io.netty.channel.unix.Errors$NativeConnectException: syscall:getsockopt(..) failed: Connection refused
</error>
  </testcase>
  <testcase name="rangeByScoreWithScores[raw]" classname="org.springframework.data.redis.core.DefaultReactiveZSetOperationsIntegrationTests" time="0.001">
    <error message="Unable to connect to Redis; nested exception is io.lettuce.core.RedisConnectionException: Unable to connect to 127.0.0.1:6379" type="org.springframework.data.redis.RedisConnectionFailureException">org.springframework.data.redis.RedisConnectionFailureException: Unable to connect to Redis; nested exception is io.lettuce.core.RedisConnectionException: Unable to connect to 127.0.0.1:6379
	at org.springframework.data.redis.core.DefaultReactiveZSetOperationsIntegrationTests.before(DefaultReactiveZSetOperationsIntegrationTests.java:96)
Caused by: io.lettuce.core.RedisConnectionException: Unable to connect to 127.0.0.1:6379
	at org.springframework.data.redis.core.DefaultReactiveZSetOperationsIntegrationTests.before(DefaultReactiveZSetOperationsIntegrationTests.java:96)
Caused by: io.netty.channel.AbstractChannel$AnnotatedConnectException: syscall:getsockopt(..) failed: Connection refused: /127.0.0.1:6379
Caused by: io.netty.channel.unix.Errors$NativeConnectException: syscall:getsockopt(..) failed: Connection refused
</error>
  </testcase>
  <testcase name="reverseRange[raw]" classname="org.springframework.data.redis.core.DefaultReactiveZSetOperationsIntegrationTests" time="0.001">
    <error message="Unable to connect to Redis; nested exception is io.lettuce.core.RedisConnectionException: Unable to connect to 127.0.0.1:6379" type="org.springframework.data.redis.RedisConnectionFailureException">org.springframework.data.redis.RedisConnectionFailureException: Unable to connect to Redis; nested exception is io.lettuce.core.RedisConnectionException: Unable to connect to 127.0.0.1:6379
	at org.springframework.data.redis.core.DefaultReactiveZSetOperationsIntegrationTests.before(DefaultReactiveZSetOperationsIntegrationTests.java:96)
Caused by: io.lettuce.core.RedisConnectionException: Unable to connect to 127.0.0.1:6379
	at org.springframework.data.redis.core.DefaultReactiveZSetOperationsIntegrationTests.before(DefaultReactiveZSetOperationsIntegrationTests.java:96)
Caused by: io.netty.channel.AbstractChannel$AnnotatedConnectException: syscall:getsockopt(..) failed: Connection refused: /127.0.0.1:6379
Caused by: io.netty.channel.unix.Errors$NativeConnectException: syscall:getsockopt(..) failed: Connection refused
</error>
  </testcase>
  <testcase name="add[raw]" classname="org.springframework.data.redis.core.DefaultReactiveZSetOperationsIntegrationTests" time="0.001">
    <error message="Unable to connect to Redis; nested exception is io.lettuce.core.RedisConnectionException: Unable to connect to 127.0.0.1:6379" type="org.springframework.data.redis.RedisConnectionFailureException">org.springframework.data.redis.RedisConnectionFailureException: Unable to connect to Redis; nested exception is io.lettuce.core.RedisConnectionException: Unable to connect to 127.0.0.1:6379
	at org.springframework.data.redis.core.DefaultReactiveZSetOperationsIntegrationTests.before(DefaultReactiveZSetOperationsIntegrationTests.java:96)
Caused by: io.lettuce.core.RedisConnectionException: Unable to connect to 127.0.0.1:6379
	at org.springframework.data.redis.core.DefaultReactiveZSetOperationsIntegrationTests.before(DefaultReactiveZSetOperationsIntegrationTests.java:96)
Caused by: io.netty.channel.AbstractChannel$AnnotatedConnectException: syscall:getsockopt(..) failed: Connection refused: /127.0.0.1:6379
Caused by: io.netty.channel.unix.Errors$NativeConnectException: syscall:getsockopt(..) failed: Connection refused
</error>
  </testcase>
  <testcase name="rank[raw]" classname="org.springframework.data.redis.core.DefaultReactiveZSetOperationsIntegrationTests" time="0.001">
    <error message="Unable to connect to Redis; nested exception is io.lettuce.core.RedisConnectionException: Unable to connect to 127.0.0.1:6379" type="org.springframework.data.redis.RedisConnectionFailureException">org.springframework.data.redis.RedisConnectionFailureException: Unable to connect to Redis; nested exception is io.lettuce.core.RedisConnectionException: Unable to connect to 127.0.0.1:6379
	at org.springframework.data.redis.core.DefaultReactiveZSetOperationsIntegrationTests.before(DefaultReactiveZSetOperationsIntegrationTests.java:96)
Caused by: io.lettuce.core.RedisConnectionException: Unable to connect to 127.0.0.1:6379
	at org.springframework.data.redis.core.DefaultReactiveZSetOperationsIntegrationTests.before(DefaultReactiveZSetOperationsIntegrationTests.java:96)
Caused by: io.netty.channel.AbstractChannel$AnnotatedConnectException: syscall:getsockopt(..) failed: Connection refused: /127.0.0.1:6379
Caused by: io.netty.channel.unix.Errors$NativeConnectException: syscall:getsockopt(..) failed: Connection refused
</error>
  </testcase>
  <testcase name="scan[raw]" classname="org.springframework.data.redis.core.DefaultReactiveZSetOperationsIntegrationTests" time="0.001">
    <error message="Unable to connect to Redis; nested exception is io.lettuce.core.RedisConnectionException: Unable to connect to 127.0.0.1:6379" type="org.springframework.data.redis.RedisConnectionFailureException">org.springframework.data.redis.RedisConnectionFailureException: Unable to connect to Redis; nested exception is io.lettuce.core.RedisConnectionException: Unable to connect to 127.0.0.1:6379
	at org.springframework.data.redis.core.DefaultReactiveZSetOperationsIntegrationTests.before(DefaultReactiveZSetOperationsIntegrationTests.java:96)
Caused by: io.lettuce.core.RedisConnectionException: Unable to connect to 127.0.0.1:6379
	at org.springframework.data.redis.core.DefaultReactiveZSetOperationsIntegrationTests.before(DefaultReactiveZSetOperationsIntegrationTests.java:96)
Caused by: io.netty.channel.AbstractChannel$AnnotatedConnectException: syscall:getsockopt(..) failed: Connection refused: /127.0.0.1:6379
Caused by: io.netty.channel.unix.Errors$NativeConnectException: syscall:getsockopt(..) failed: Connection refused
</error>
  </testcase>
  <testcase name="size[raw]" classname="org.springframework.data.redis.core.DefaultReactiveZSetOperationsIntegrationTests" time="0.001">
    <error message="Unable to connect to Redis; nested exception is io.lettuce.core.RedisConnectionException: Unable to connect to 127.0.0.1:6379" type="org.springframework.data.redis.RedisConnectionFailureException">org.springframework.data.redis.RedisConnectionFailureException: Unable to connect to Redis; nested exception is io.lettuce.core.RedisConnectionException: Unable to connect to 127.0.0.1:6379
	at org.springframework.data.redis.core.DefaultReactiveZSetOperationsIntegrationTests.before(DefaultReactiveZSetOperationsIntegrationTests.java:96)
Caused by: io.lettuce.core.RedisConnectionException: Unable to connect to 127.0.0.1:6379
	at org.springframework.data.redis.core.DefaultReactiveZSetOperationsIntegrationTests.before(DefaultReactiveZSetOperationsIntegrationTests.java:96)
Caused by: io.netty.channel.AbstractChannel$AnnotatedConnectException: syscall:getsockopt(..) failed: Connection refused: /127.0.0.1:6379
Caused by: io.netty.channel.unix.Errors$NativeConnectException: syscall:getsockopt(..) failed: Connection refused
</error>
  </testcase>
  <testcase name="unionAndStoreWithAggregation[raw]" classname="org.springframework.data.redis.core.DefaultReactiveZSetOperationsIntegrationTests" time="0.001">
    <error message="Unable to connect to Redis; nested exception is io.lettuce.core.RedisConnectionException: Unable to connect to 127.0.0.1:6379" type="org.springframework.data.redis.RedisConnectionFailureException">org.springframework.data.redis.RedisConnectionFailureException: Unable to connect to Redis; nested exception is io.lettuce.core.RedisConnectionException: Unable to connect to 127.0.0.1:6379
	at org.springframework.data.redis.core.DefaultReactiveZSetOperationsIntegrationTests.before(DefaultReactiveZSetOperationsIntegrationTests.java:96)
Caused by: io.lettuce.core.RedisConnectionException: Unable to connect to 127.0.0.1:6379
	at org.springframework.data.redis.core.DefaultReactiveZSetOperationsIntegrationTests.before(DefaultReactiveZSetOperationsIntegrationTests.java:96)
Caused by: io.netty.channel.AbstractChannel$AnnotatedConnectException: syscall:getsockopt(..) failed: Connection refused: /127.0.0.1:6379
Caused by: io.netty.channel.unix.Errors$NativeConnectException: syscall:getsockopt(..) failed: Connection refused
</error>
  </testcase>
  <testcase name="count[raw]" classname="org.springframework.data.redis.core.DefaultReactiveZSetOperationsIntegrationTests" time="0.001">
    <error message="Unable to connect to Redis; nested exception is io.lettuce.core.RedisConnectionException: Unable to connect to 127.0.0.1:6379" type="org.springframework.data.redis.RedisConnectionFailureException">org.springframework.data.redis.RedisConnectionFailureException: Unable to connect to Redis; nested exception is io.lettuce.core.RedisConnectionException: Unable to connect to 127.0.0.1:6379
	at org.springframework.data.redis.core.DefaultReactiveZSetOperationsIntegrationTests.before(DefaultReactiveZSetOperationsIntegrationTests.java:96)
Caused by: io.lettuce.core.RedisConnectionException: Unable to connect to 127.0.0.1:6379
	at org.springframework.data.redis.core.DefaultReactiveZSetOperationsIntegrationTests.before(DefaultReactiveZSetOperationsIntegrationTests.java:96)
Caused by: io.netty.channel.AbstractChannel$AnnotatedConnectException: syscall:getsockopt(..) failed: Connection refused: /127.0.0.1:6379
Caused by: io.netty.channel.unix.Errors$NativeConnectException: syscall:getsockopt(..) failed: Connection refused
</error>
  </testcase>
  <testcase name="range[raw]" classname="org.springframework.data.redis.core.DefaultReactiveZSetOperationsIntegrationTests" time="0.002">
    <error message="Unable to connect to Redis; nested exception is io.lettuce.core.RedisConnectionException: Unable to connect to 127.0.0.1:6379" type="org.springframework.data.redis.RedisConnectionFailureException">org.springframework.data.redis.RedisConnectionFailureException: Unable to connect to Redis; nested exception is io.lettuce.core.RedisConnectionException: Unable to connect to 127.0.0.1:6379
	at org.springframework.data.redis.core.DefaultReactiveZSetOperationsIntegrationTests.before(DefaultReactiveZSetOperationsIntegrationTests.java:96)
Caused by: io.lettuce.core.RedisConnectionException: Unable to connect to 127.0.0.1:6379
	at org.springframework.data.redis.core.DefaultReactiveZSetOperationsIntegrationTests.before(DefaultReactiveZSetOperationsIntegrationTests.java:96)
Caused by: io.netty.channel.AbstractChannel$AnnotatedConnectException: syscall:getsockopt(..) failed: Connection refused: /127.0.0.1:6379
Caused by: io.netty.channel.unix.Errors$NativeConnectException: syscall:getsockopt(..) failed: Connection refused
</error>
  </testcase>
  <testcase name="score[raw]" classname="org.springframework.data.redis.core.DefaultReactiveZSetOperationsIntegrationTests" time="0.001">
    <error message="Unable to connect to Redis; nested exception is io.lettuce.core.RedisConnectionException: Unable to connect to 127.0.0.1:6379" type="org.springframework.data.redis.RedisConnectionFailureException">org.springframework.data.redis.RedisConnectionFailureException: Unable to connect to Redis; nested exception is io.lettuce.core.RedisConnectionException: Unable to connect to 127.0.0.1:6379
	at org.springframework.data.redis.core.DefaultReactiveZSetOperationsIntegrationTests.before(DefaultReactiveZSetOperationsIntegrationTests.java:96)
Caused by: io.lettuce.core.RedisConnectionException: Unable to connect to 127.0.0.1:6379
	at org.springframework.data.redis.core.DefaultReactiveZSetOperationsIntegrationTests.before(DefaultReactiveZSetOperationsIntegrationTests.java:96)
Caused by: io.netty.channel.AbstractChannel$AnnotatedConnectException: syscall:getsockopt(..) failed: Connection refused: /127.0.0.1:6379
Caused by: io.netty.channel.unix.Errors$NativeConnectException: syscall:getsockopt(..) failed: Connection refused
</error>
  </testcase>
  <testcase name="reverseRangeByScoreWithScores[raw]" classname="org.springframework.data.redis.core.DefaultReactiveZSetOperationsIntegrationTests" time="0.001">
    <error message="Unable to connect to Redis; nested exception is io.lettuce.core.RedisConnectionException: Unable to connect to 127.0.0.1:6379" type="org.springframework.data.redis.RedisConnectionFailureException">org.springframework.data.redis.RedisConnectionFailureException: Unable to connect to Redis; nested exception is io.lettuce.core.RedisConnectionException: Unable to connect to 127.0.0.1:6379
	at org.springframework.data.redis.core.DefaultReactiveZSetOperationsIntegrationTests.before(DefaultReactiveZSetOperationsIntegrationTests.java:96)
Caused by: io.lettuce.core.RedisConnectionException: Unable to connect to 127.0.0.1:6379
	at org.springframework.data.redis.core.DefaultReactiveZSetOperationsIntegrationTests.before(DefaultReactiveZSetOperationsIntegrationTests.java:96)
Caused by: io.netty.channel.AbstractChannel$AnnotatedConnectException: syscall:getsockopt(..) failed: Connection refused: /127.0.0.1:6379
Caused by: io.netty.channel.unix.Errors$NativeConnectException: syscall:getsockopt(..) failed: Connection refused
</error>
  </testcase>
  <testcase name="rangeByLexWithLimit[raw]" classname="org.springframework.data.redis.core.DefaultReactiveZSetOperationsIntegrationTests" time="0.002">
    <error message="Unable to connect to Redis; nested exception is io.lettuce.core.RedisConnectionException: Unable to connect to 127.0.0.1:6379" type="org.springframework.data.redis.RedisConnectionFailureException">org.springframework.data.redis.RedisConnectionFailureException: Unable to connect to Redis; nested exception is io.lettuce.core.RedisConnectionException: Unable to connect to 127.0.0.1:6379
	at org.springframework.data.redis.core.DefaultReactiveZSetOperationsIntegrationTests.before(DefaultReactiveZSetOperationsIntegrationTests.java:96)
Caused by: io.lettuce.core.RedisConnectionException: Unable to connect to 127.0.0.1:6379
	at org.springframework.data.redis.core.DefaultReactiveZSetOperationsIntegrationTests.before(DefaultReactiveZSetOperationsIntegrationTests.java:96)
Caused by: io.netty.channel.AbstractChannel$AnnotatedConnectException: syscall:getsockopt(..) failed: Connection refused: /127.0.0.1:6379
Caused by: io.netty.channel.unix.Errors$NativeConnectException: syscall:getsockopt(..) failed: Connection refused
</error>
  </testcase>
  <testcase name="reverseRangeWithScores[raw]" classname="org.springframework.data.redis.core.DefaultReactiveZSetOperationsIntegrationTests" time="0.001">
    <error message="Unable to connect to Redis; nested exception is io.lettuce.core.RedisConnectionException: Unable to connect to 127.0.0.1:6379" type="org.springframework.data.redis.RedisConnectionFailureException">org.springframework.data.redis.RedisConnectionFailureException: Unable to connect to Redis; nested exception is io.lettuce.core.RedisConnectionException: Unable to connect to 127.0.0.1:6379
	at org.springframework.data.redis.core.DefaultReactiveZSetOperationsIntegrationTests.before(DefaultReactiveZSetOperationsIntegrationTests.java:96)
Caused by: io.lettuce.core.RedisConnectionException: Unable to connect to 127.0.0.1:6379
	at org.springframework.data.redis.core.DefaultReactiveZSetOperationsIntegrationTests.before(DefaultReactiveZSetOperationsIntegrationTests.java:96)
Caused by: io.netty.channel.AbstractChannel$AnnotatedConnectException: syscall:getsockopt(..) failed: Connection refused: /127.0.0.1:6379
Caused by: io.netty.channel.unix.Errors$NativeConnectException: syscall:getsockopt(..) failed: Connection refused
</error>
  </testcase>
  <testcase name="reverseRank[raw]" classname="org.springframework.data.redis.core.DefaultReactiveZSetOperationsIntegrationTests" time="0.001">
    <error message="Unable to connect to Redis; nested exception is io.lettuce.core.RedisConnectionException: Unable to connect to 127.0.0.1:6379" type="org.springframework.data.redis.RedisConnectionFailureException">org.springframework.data.redis.RedisConnectionFailureException: Unable to connect to Redis; nested exception is io.lettuce.core.RedisConnectionException: Unable to connect to 127.0.0.1:6379
	at org.springframework.data.redis.core.DefaultReactiveZSetOperationsIntegrationTests.before(DefaultReactiveZSetOperationsIntegrationTests.java:96)
Caused by: io.lettuce.core.RedisConnectionException: Unable to connect to 127.0.0.1:6379
	at org.springframework.data.redis.core.DefaultReactiveZSetOperationsIntegrationTests.before(DefaultReactiveZSetOperationsIntegrationTests.java:96)
Caused by: io.netty.channel.AbstractChannel$AnnotatedConnectException: syscall:getsockopt(..) failed: Connection refused: /127.0.0.1:6379
Caused by: io.netty.channel.unix.Errors$NativeConnectException: syscall:getsockopt(..) failed: Connection refused
</error>
  </testcase>
  <testcase name="reverseRangeByScoreWithLimit[raw]" classname="org.springframework.data.redis.core.DefaultReactiveZSetOperationsIntegrationTests" time="0.001">
    <error message="Unable to connect to Redis; nested exception is io.lettuce.core.RedisConnectionException: Unable to connect to 127.0.0.1:6379" type="org.springframework.data.redis.RedisConnectionFailureException">org.springframework.data.redis.RedisConnectionFailureException: Unable to connect to Redis; nested exception is io.lettuce.core.RedisConnectionException: Unable to connect to 127.0.0.1:6379
	at org.springframework.data.redis.core.DefaultReactiveZSetOperationsIntegrationTests.before(DefaultReactiveZSetOperationsIntegrationTests.java:96)
Caused by: io.lettuce.core.RedisConnectionException: Unable to connect to 127.0.0.1:6379
	at org.springframework.data.redis.core.DefaultReactiveZSetOperationsIntegrationTests.before(DefaultReactiveZSetOperationsIntegrationTests.java:96)
Caused by: io.netty.channel.AbstractChannel$AnnotatedConnectException: syscall:getsockopt(..) failed: Connection refused: /127.0.0.1:6379
Caused by: io.netty.channel.unix.Errors$NativeConnectException: syscall:getsockopt(..) failed: Connection refused
</error>
  </testcase>
  <testcase name="incrementScore[raw]" classname="org.springframework.data.redis.core.DefaultReactiveZSetOperationsIntegrationTests" time="0.002">
    <error message="Unable to connect to Redis; nested exception is io.lettuce.core.RedisConnectionException: Unable to connect to 127.0.0.1:6379" type="org.springframework.data.redis.RedisConnectionFailureException">org.springframework.data.redis.RedisConnectionFailureException: Unable to connect to Redis; nested exception is io.lettuce.core.RedisConnectionException: Unable to connect to 127.0.0.1:6379
	at org.springframework.data.redis.core.DefaultReactiveZSetOperationsIntegrationTests.before(DefaultReactiveZSetOperationsIntegrationTests.java:96)
Caused by: io.lettuce.core.RedisConnectionException: Unable to connect to 127.0.0.1:6379
	at org.springframework.data.redis.core.DefaultReactiveZSetOperationsIntegrationTests.before(DefaultReactiveZSetOperationsIntegrationTests.java:96)
Caused by: io.netty.channel.AbstractChannel$AnnotatedConnectException: syscall:getsockopt(..) failed: Connection refused: /127.0.0.1:6379
Caused by: io.netty.channel.unix.Errors$NativeConnectException: syscall:getsockopt(..) failed: Connection refused
</error>
  </testcase>
  <testcase name="intersectAndStoreWithAggregation[raw]" classname="org.springframework.data.redis.core.DefaultReactiveZSetOperationsIntegrationTests" time="0.001">
    <error message="Unable to connect to Redis; nested exception is io.lettuce.core.RedisConnectionException: Unable to connect to 127.0.0.1:6379" type="org.springframework.data.redis.RedisConnectionFailureException">org.springframework.data.redis.RedisConnectionFailureException: Unable to connect to Redis; nested exception is io.lettuce.core.RedisConnectionException: Unable to connect to 127.0.0.1:6379
	at org.springframework.data.redis.core.DefaultReactiveZSetOperationsIntegrationTests.before(DefaultReactiveZSetOperationsIntegrationTests.java:96)
Caused by: io.lettuce.core.RedisConnectionException: Unable to connect to 127.0.0.1:6379
	at org.springframework.data.redis.core.DefaultReactiveZSetOperationsIntegrationTests.before(DefaultReactiveZSetOperationsIntegrationTests.java:96)
Caused by: io.netty.channel.AbstractChannel$AnnotatedConnectException: syscall:getsockopt(..) failed: Connection refused: /127.0.0.1:6379
Caused by: io.netty.channel.unix.Errors$NativeConnectException: syscall:getsockopt(..) failed: Connection refused
</error>
  </testcase>
  <testcase name="rangeByScoreWithLimit[raw]" classname="org.springframework.data.redis.core.DefaultReactiveZSetOperationsIntegrationTests" time="0.002">
    <error message="Unable to connect to Redis; nested exception is io.lettuce.core.RedisConnectionException: Unable to connect to 127.0.0.1:6379" type="org.springframework.data.redis.RedisConnectionFailureException">org.springframework.data.redis.RedisConnectionFailureException: Unable to connect to Redis; nested exception is io.lettuce.core.RedisConnectionException: Unable to connect to 127.0.0.1:6379
	at org.springframework.data.redis.core.DefaultReactiveZSetOperationsIntegrationTests.before(DefaultReactiveZSetOperationsIntegrationTests.java:96)
Caused by: io.lettuce.core.RedisConnectionException: Unable to connect to 127.0.0.1:6379
	at org.springframework.data.redis.core.DefaultReactiveZSetOperationsIntegrationTests.before(DefaultReactiveZSetOperationsIntegrationTests.java:96)
Caused by: io.netty.channel.AbstractChannel$AnnotatedConnectException: syscall:getsockopt(..) failed: Connection refused: /127.0.0.1:6379
Caused by: io.netty.channel.unix.Errors$NativeConnectException: syscall:getsockopt(..) failed: Connection refused
</error>
  </testcase>
  <testcase name="removeRangeByScore[String/Person/JDK]" classname="org.springframework.data.redis.core.DefaultReactiveZSetOperationsIntegrationTests" time="0.001">
    <error message="Unable to connect to Redis; nested exception is io.lettuce.core.RedisConnectionException: Unable to connect to 127.0.0.1:6379" type="org.springframework.data.redis.RedisConnectionFailureException">org.springframework.data.redis.RedisConnectionFailureException: Unable to connect to Redis; nested exception is io.lettuce.core.RedisConnectionException: Unable to connect to 127.0.0.1:6379
	at org.springframework.data.redis.core.DefaultReactiveZSetOperationsIntegrationTests.before(DefaultReactiveZSetOperationsIntegrationTests.java:96)
Caused by: io.lettuce.core.RedisConnectionException: Unable to connect to 127.0.0.1:6379
	at org.springframework.data.redis.core.DefaultReactiveZSetOperationsIntegrationTests.before(DefaultReactiveZSetOperationsIntegrationTests.java:96)
Caused by: io.netty.channel.AbstractChannel$AnnotatedConnectException: syscall:getsockopt(..) failed: Connection refused: /127.0.0.1:6379
Caused by: io.netty.channel.unix.Errors$NativeConnectException: syscall:getsockopt(..) failed: Connection refused
</error>
  </testcase>
  <testcase name="rangeByLex[String/Person/JDK]" classname="org.springframework.data.redis.core.DefaultReactiveZSetOperationsIntegrationTests" time="0.002">
    <error message="Unable to connect to Redis; nested exception is io.lettuce.core.RedisConnectionException: Unable to connect to 127.0.0.1:6379" type="org.springframework.data.redis.RedisConnectionFailureException">org.springframework.data.redis.RedisConnectionFailureException: Unable to connect to Redis; nested exception is io.lettuce.core.RedisConnectionException: Unable to connect to 127.0.0.1:6379
	at org.springframework.data.redis.core.DefaultReactiveZSetOperationsIntegrationTests.before(DefaultReactiveZSetOperationsIntegrationTests.java:96)
Caused by: io.lettuce.core.RedisConnectionException: Unable to connect to 127.0.0.1:6379
	at org.springframework.data.redis.core.DefaultReactiveZSetOperationsIntegrationTests.before(DefaultReactiveZSetOperationsIntegrationTests.java:96)
Caused by: io.netty.channel.AbstractChannel$AnnotatedConnectException: syscall:getsockopt(..) failed: Connection refused: /127.0.0.1:6379
Caused by: io.netty.channel.unix.Errors$NativeConnectException: syscall:getsockopt(..) failed: Connection refused
</error>
  </testcase>
  <testcase name="addAll[String/Person/JDK]" classname="org.springframework.data.redis.core.DefaultReactiveZSetOperationsIntegrationTests" time="0.001">
    <error message="Unable to connect to Redis; nested exception is io.lettuce.core.RedisConnectionException: Unable to connect to 127.0.0.1:6379" type="org.springframework.data.redis.RedisConnectionFailureException">org.springframework.data.redis.RedisConnectionFailureException: Unable to connect to Redis; nested exception is io.lettuce.core.RedisConnectionException: Unable to connect to 127.0.0.1:6379
	at org.springframework.data.redis.core.DefaultReactiveZSetOperationsIntegrationTests.before(DefaultReactiveZSetOperationsIntegrationTests.java:96)
Caused by: io.lettuce.core.RedisConnectionException: Unable to connect to 127.0.0.1:6379
	at org.springframework.data.redis.core.DefaultReactiveZSetOperationsIntegrationTests.before(DefaultReactiveZSetOperationsIntegrationTests.java:96)
Caused by: io.netty.channel.AbstractChannel$AnnotatedConnectException: syscall:getsockopt(..) failed: Connection refused: /127.0.0.1:6379
Caused by: io.netty.channel.unix.Errors$NativeConnectException: syscall:getsockopt(..) failed: Connection refused
</error>
  </testcase>
  <testcase name="rangeByScoreWithScoresWithLimit[String/Person/JDK]" classname="org.springframework.data.redis.core.DefaultReactiveZSetOperationsIntegrationTests" time="0.001">
    <error message="Unable to connect to Redis; nested exception is io.lettuce.core.RedisConnectionException: Unable to connect to 127.0.0.1:6379" type="org.springframework.data.redis.RedisConnectionFailureException">org.springframework.data.redis.RedisConnectionFailureException: Unable to connect to Redis; nested exception is io.lettuce.core.RedisConnectionException: Unable to connect to 127.0.0.1:6379
	at org.springframework.data.redis.core.DefaultReactiveZSetOperationsIntegrationTests.before(DefaultReactiveZSetOperationsIntegrationTests.java:96)
Caused by: io.lettuce.core.RedisConnectionException: Unable to connect to 127.0.0.1:6379
	at org.springframework.data.redis.core.DefaultReactiveZSetOperationsIntegrationTests.before(DefaultReactiveZSetOperationsIntegrationTests.java:96)
Caused by: io.netty.channel.AbstractChannel$AnnotatedConnectException: syscall:getsockopt(..) failed: Connection refused: /127.0.0.1:6379
Caused by: io.netty.channel.unix.Errors$NativeConnectException: syscall:getsockopt(..) failed: Connection refused
</error>
  </testcase>
  <testcase name="delete[String/Person/JDK]" classname="org.springframework.data.redis.core.DefaultReactiveZSetOperationsIntegrationTests" time="0.001">
    <error message="Unable to connect to Redis; nested exception is io.lettuce.core.RedisConnectionException: Unable to connect to 127.0.0.1:6379" type="org.springframework.data.redis.RedisConnectionFailureException">org.springframework.data.redis.RedisConnectionFailureException: Unable to connect to Redis; nested exception is io.lettuce.core.RedisConnectionException: Unable to connect to 127.0.0.1:6379
	at org.springframework.data.redis.core.DefaultReactiveZSetOperationsIntegrationTests.before(DefaultReactiveZSetOperationsIntegrationTests.java:96)
Caused by: io.lettuce.core.RedisConnectionException: Unable to connect to 127.0.0.1:6379
	at org.springframework.data.redis.core.DefaultReactiveZSetOperationsIntegrationTests.before(DefaultReactiveZSetOperationsIntegrationTests.java:96)
Caused by: io.netty.channel.AbstractChannel$AnnotatedConnectException: syscall:getsockopt(..) failed: Connection refused: /127.0.0.1:6379
Caused by: io.netty.channel.unix.Errors$NativeConnectException: syscall:getsockopt(..) failed: Connection refused
</error>
  </testcase>
  <testcase name="intersectAndStore[String/Person/JDK]" classname="org.springframework.data.redis.core.DefaultReactiveZSetOperationsIntegrationTests" time="0.001">
    <error message="Unable to connect to Redis; nested exception is io.lettuce.core.RedisConnectionException: Unable to connect to 127.0.0.1:6379" type="org.springframework.data.redis.RedisConnectionFailureException">org.springframework.data.redis.RedisConnectionFailureException: Unable to connect to Redis; nested exception is io.lettuce.core.RedisConnectionException: Unable to connect to 127.0.0.1:6379
	at org.springframework.data.redis.core.DefaultReactiveZSetOperationsIntegrationTests.before(DefaultReactiveZSetOperationsIntegrationTests.java:96)
Caused by: io.lettuce.core.RedisConnectionException: Unable to connect to 127.0.0.1:6379
	at org.springframework.data.redis.core.DefaultReactiveZSetOperationsIntegrationTests.before(DefaultReactiveZSetOperationsIntegrationTests.java:96)
Caused by: io.netty.channel.AbstractChannel$AnnotatedConnectException: syscall:getsockopt(..) failed: Connection refused: /127.0.0.1:6379
Caused by: io.netty.channel.unix.Errors$NativeConnectException: syscall:getsockopt(..) failed: Connection refused
</error>
  </testcase>
  <testcase name="remove[String/Person/JDK]" classname="org.springframework.data.redis.core.DefaultReactiveZSetOperationsIntegrationTests" time="0.001">
    <error message="Unable to connect to Redis; nested exception is io.lettuce.core.RedisConnectionException: Unable to connect to 127.0.0.1:6379" type="org.springframework.data.redis.RedisConnectionFailureException">org.springframework.data.redis.RedisConnectionFailureException: Unable to connect to Redis; nested exception is io.lettuce.core.RedisConnectionException: Unable to connect to 127.0.0.1:6379
	at org.springframework.data.redis.core.DefaultReactiveZSetOperationsIntegrationTests.before(DefaultReactiveZSetOperationsIntegrationTests.java:96)
Caused by: io.lettuce.core.RedisConnectionException: Unable to connect to 127.0.0.1:6379
	at org.springframework.data.redis.core.DefaultReactiveZSetOperationsIntegrationTests.before(DefaultReactiveZSetOperationsIntegrationTests.java:96)
Caused by: io.netty.channel.AbstractChannel$AnnotatedConnectException: syscall:getsockopt(..) failed: Connection refused: /127.0.0.1:6379
Caused by: io.netty.channel.unix.Errors$NativeConnectException: syscall:getsockopt(..) failed: Connection refused
</error>
  </testcase>
  <testcase name="unionAndStore[String/Person/JDK]" classname="org.springframework.data.redis.core.DefaultReactiveZSetOperationsIntegrationTests" time="0.001">
    <error message="Unable to connect to Redis; nested exception is io.lettuce.core.RedisConnectionException: Unable to connect to 127.0.0.1:6379" type="org.springframework.data.redis.RedisConnectionFailureException">org.springframework.data.redis.RedisConnectionFailureException: Unable to connect to Redis; nested exception is io.lettuce.core.RedisConnectionException: Unable to connect to 127.0.0.1:6379
	at org.springframework.data.redis.core.DefaultReactiveZSetOperationsIntegrationTests.before(DefaultReactiveZSetOperationsIntegrationTests.java:96)
Caused by: io.lettuce.core.RedisConnectionException: Unable to connect to 127.0.0.1:6379
	at org.springframework.data.redis.core.DefaultReactiveZSetOperationsIntegrationTests.before(DefaultReactiveZSetOperationsIntegrationTests.java:96)
Caused by: io.netty.channel.AbstractChannel$AnnotatedConnectException: syscall:getsockopt(..) failed: Connection refused: /127.0.0.1:6379
Caused by: io.netty.channel.unix.Errors$NativeConnectException: syscall:getsockopt(..) failed: Connection refused
</error>
  </testcase>
  <testcase name="reverseRangeByScoreWithScoresWithLimit[String/Person/JDK]" classname="org.springframework.data.redis.core.DefaultReactiveZSetOperationsIntegrationTests" time="0.002">
    <error message="Unable to connect to Redis; nested exception is io.lettuce.core.RedisConnectionException: Unable to connect to 127.0.0.1:6379" type="org.springframework.data.redis.RedisConnectionFailureException">org.springframework.data.redis.RedisConnectionFailureException: Unable to connect to Redis; nested exception is io.lettuce.core.RedisConnectionException: Unable to connect to 127.0.0.1:6379
	at org.springframework.data.redis.core.DefaultReactiveZSetOperationsIntegrationTests.before(DefaultReactiveZSetOperationsIntegrationTests.java:96)
Caused by: io.lettuce.core.RedisConnectionException: Unable to connect to 127.0.0.1:6379
	at org.springframework.data.redis.core.DefaultReactiveZSetOperationsIntegrationTests.before(DefaultReactiveZSetOperationsIntegrationTests.java:96)
Caused by: io.netty.channel.AbstractChannel$AnnotatedConnectException: syscall:getsockopt(..) failed: Connection refused: /127.0.0.1:6379
Caused by: io.netty.channel.unix.Errors$NativeConnectException: syscall:getsockopt(..) failed: Connection refused
</error>
  </testcase>
  <testcase name="reverseRangeByLexLimit[String/Person/JDK]" classname="org.springframework.data.redis.core.DefaultReactiveZSetOperationsIntegrationTests" time="0.001">
    <error message="Unable to connect to Redis; nested exception is io.lettuce.core.RedisConnectionException: Unable to connect to 127.0.0.1:6379" type="org.springframework.data.redis.RedisConnectionFailureException">org.springframework.data.redis.RedisConnectionFailureException: Unable to connect to Redis; nested exception is io.lettuce.core.RedisConnectionException: Unable to connect to 127.0.0.1:6379
	at org.springframework.data.redis.core.DefaultReactiveZSetOperationsIntegrationTests.before(DefaultReactiveZSetOperationsIntegrationTests.java:96)
Caused by: io.lettuce.core.RedisConnectionException: Unable to connect to 127.0.0.1:6379
	at org.springframework.data.redis.core.DefaultReactiveZSetOperationsIntegrationTests.before(DefaultReactiveZSetOperationsIntegrationTests.java:96)
Caused by: io.netty.channel.AbstractChannel$AnnotatedConnectException: syscall:getsockopt(..) failed: Connection refused: /127.0.0.1:6379
Caused by: io.netty.channel.unix.Errors$NativeConnectException: syscall:getsockopt(..) failed: Connection refused
</error>
  </testcase>
  <testcase name="reverseRangeByScore[String/Person/JDK]" classname="org.springframework.data.redis.core.DefaultReactiveZSetOperationsIntegrationTests" time="0.001">
    <error message="Unable to connect to Redis; nested exception is io.lettuce.core.RedisConnectionException: Unable to connect to 127.0.0.1:6379" type="org.springframework.data.redis.RedisConnectionFailureException">org.springframework.data.redis.RedisConnectionFailureException: Unable to connect to Redis; nested exception is io.lettuce.core.RedisConnectionException: Unable to connect to 127.0.0.1:6379
	at org.springframework.data.redis.core.DefaultReactiveZSetOperationsIntegrationTests.before(DefaultReactiveZSetOperationsIntegrationTests.java:96)
Caused by: io.lettuce.core.RedisConnectionException: Unable to connect to 127.0.0.1:6379
	at org.springframework.data.redis.core.DefaultReactiveZSetOperationsIntegrationTests.before(DefaultReactiveZSetOperationsIntegrationTests.java:96)
Caused by: io.netty.channel.AbstractChannel$AnnotatedConnectException: syscall:getsockopt(..) failed: Connection refused: /127.0.0.1:6379
Caused by: io.netty.channel.unix.Errors$NativeConnectException: syscall:getsockopt(..) failed: Connection refused
</error>
  </testcase>
  <testcase name="rangeWithScores[String/Person/JDK]" classname="org.springframework.data.redis.core.DefaultReactiveZSetOperationsIntegrationTests" time="0.001">
    <error message="Unable to connect to Redis; nested exception is io.lettuce.core.RedisConnectionException: Unable to connect to 127.0.0.1:6379" type="org.springframework.data.redis.RedisConnectionFailureException">org.springframework.data.redis.RedisConnectionFailureException: Unable to connect to Redis; nested exception is io.lettuce.core.RedisConnectionException: Unable to connect to 127.0.0.1:6379
	at org.springframework.data.redis.core.DefaultReactiveZSetOperationsIntegrationTests.before(DefaultReactiveZSetOperationsIntegrationTests.java:96)
Caused by: io.lettuce.core.RedisConnectionException: Unable to connect to 127.0.0.1:6379
	at org.springframework.data.redis.core.DefaultReactiveZSetOperationsIntegrationTests.before(DefaultReactiveZSetOperationsIntegrationTests.java:96)
Caused by: io.netty.channel.AbstractChannel$AnnotatedConnectException: syscall:getsockopt(..) failed: Connection refused: /127.0.0.1:6379
Caused by: io.netty.channel.unix.Errors$NativeConnectException: syscall:getsockopt(..) failed: Connection refused
</error>
  </testcase>
  <testcase name="reverseRangeByLex[String/Person/JDK]" classname="org.springframework.data.redis.core.DefaultReactiveZSetOperationsIntegrationTests" time="0.001">
    <error message="Unable to connect to Redis; nested exception is io.lettuce.core.RedisConnectionException: Unable to connect to 127.0.0.1:6379" type="org.springframework.data.redis.RedisConnectionFailureException">org.springframework.data.redis.RedisConnectionFailureException: Unable to connect to Redis; nested exception is io.lettuce.core.RedisConnectionException: Unable to connect to 127.0.0.1:6379
	at org.springframework.data.redis.core.DefaultReactiveZSetOperationsIntegrationTests.before(DefaultReactiveZSetOperationsIntegrationTests.java:96)
Caused by: io.lettuce.core.RedisConnectionException: Unable to connect to 127.0.0.1:6379
	at org.springframework.data.redis.core.DefaultReactiveZSetOperationsIntegrationTests.before(DefaultReactiveZSetOperationsIntegrationTests.java:96)
Caused by: io.netty.channel.AbstractChannel$AnnotatedConnectException: syscall:getsockopt(..) failed: Connection refused: /127.0.0.1:6379
Caused by: io.netty.channel.unix.Errors$NativeConnectException: syscall:getsockopt(..) failed: Connection refused
</error>
  </testcase>
  <testcase name="rangeByScore[String/Person/JDK]" classname="org.springframework.data.redis.core.DefaultReactiveZSetOperationsIntegrationTests" time="0.001">
    <error message="Unable to connect to Redis; nested exception is io.lettuce.core.RedisConnectionException: Unable to connect to 127.0.0.1:6379" type="org.springframework.data.redis.RedisConnectionFailureException">org.springframework.data.redis.RedisConnectionFailureException: Unable to connect to Redis; nested exception is io.lettuce.core.RedisConnectionException: Unable to connect to 127.0.0.1:6379
	at org.springframework.data.redis.core.DefaultReactiveZSetOperationsIntegrationTests.before(DefaultReactiveZSetOperationsIntegrationTests.java:96)
Caused by: io.lettuce.core.RedisConnectionException: Unable to connect to 127.0.0.1:6379
	at org.springframework.data.redis.core.DefaultReactiveZSetOperationsIntegrationTests.before(DefaultReactiveZSetOperationsIntegrationTests.java:96)
Caused by: io.netty.channel.AbstractChannel$AnnotatedConnectException: syscall:getsockopt(..) failed: Connection refused: /127.0.0.1:6379
Caused by: io.netty.channel.unix.Errors$NativeConnectException: syscall:getsockopt(..) failed: Connection refused
</error>
  </testcase>
  <testcase name="removeRange[String/Person/JDK]" classname="org.springframework.data.redis.core.DefaultReactiveZSetOperationsIntegrationTests" time="0.001">
    <error message="Unable to connect to Redis; nested exception is io.lettuce.core.RedisConnectionException: Unable to connect to 127.0.0.1:6379" type="org.springframework.data.redis.RedisConnectionFailureException">org.springframework.data.redis.RedisConnectionFailureException: Unable to connect to Redis; nested exception is io.lettuce.core.RedisConnectionException: Unable to connect to 127.0.0.1:6379
	at org.springframework.data.redis.core.DefaultReactiveZSetOperationsIntegrationTests.before(DefaultReactiveZSetOperationsIntegrationTests.java:96)
Caused by: io.lettuce.core.RedisConnectionException: Unable to connect to 127.0.0.1:6379
	at org.springframework.data.redis.core.DefaultReactiveZSetOperationsIntegrationTests.before(DefaultReactiveZSetOperationsIntegrationTests.java:96)
Caused by: io.netty.channel.AbstractChannel$AnnotatedConnectException: syscall:getsockopt(..) failed: Connection refused: /127.0.0.1:6379
Caused by: io.netty.channel.unix.Errors$NativeConnectException: syscall:getsockopt(..) failed: Connection refused
</error>
  </testcase>
  <testcase name="rangeByScoreWithScores[String/Person/JDK]" classname="org.springframework.data.redis.core.DefaultReactiveZSetOperationsIntegrationTests" time="0.001">
    <error message="Unable to connect to Redis; nested exception is io.lettuce.core.RedisConnectionException: Unable to connect to 127.0.0.1:6379" type="org.springframework.data.redis.RedisConnectionFailureException">org.springframework.data.redis.RedisConnectionFailureException: Unable to connect to Redis; nested exception is io.lettuce.core.RedisConnectionException: Unable to connect to 127.0.0.1:6379
	at org.springframework.data.redis.core.DefaultReactiveZSetOperationsIntegrationTests.before(DefaultReactiveZSetOperationsIntegrationTests.java:96)
Caused by: io.lettuce.core.RedisConnectionException: Unable to connect to 127.0.0.1:6379
	at org.springframework.data.redis.core.DefaultReactiveZSetOperationsIntegrationTests.before(DefaultReactiveZSetOperationsIntegrationTests.java:96)
Caused by: io.netty.channel.AbstractChannel$AnnotatedConnectException: syscall:getsockopt(..) failed: Connection refused: /127.0.0.1:6379
Caused by: io.netty.channel.unix.Errors$NativeConnectException: syscall:getsockopt(..) failed: Connection refused
</error>
  </testcase>
  <testcase name="reverseRange[String/Person/JDK]" classname="org.springframework.data.redis.core.DefaultReactiveZSetOperationsIntegrationTests" time="0.001">
    <error message="Unable to connect to Redis; nested exception is io.lettuce.core.RedisConnectionException: Unable to connect to 127.0.0.1:6379" type="org.springframework.data.redis.RedisConnectionFailureException">org.springframework.data.redis.RedisConnectionFailureException: Unable to connect to Redis; nested exception is io.lettuce.core.RedisConnectionException: Unable to connect to 127.0.0.1:6379
	at org.springframework.data.redis.core.DefaultReactiveZSetOperationsIntegrationTests.before(DefaultReactiveZSetOperationsIntegrationTests.java:96)
Caused by: io.lettuce.core.RedisConnectionException: Unable to connect to 127.0.0.1:6379
	at org.springframework.data.redis.core.DefaultReactiveZSetOperationsIntegrationTests.before(DefaultReactiveZSetOperationsIntegrationTests.java:96)
Caused by: io.netty.channel.AbstractChannel$AnnotatedConnectException: syscall:getsockopt(..) failed: Connection refused: /127.0.0.1:6379
Caused by: io.netty.channel.unix.Errors$NativeConnectException: syscall:getsockopt(..) failed: Connection refused
</error>
  </testcase>
  <testcase name="add[String/Person/JDK]" classname="org.springframework.data.redis.core.DefaultReactiveZSetOperationsIntegrationTests" time="0.001">
    <error message="Unable to connect to Redis; nested exception is io.lettuce.core.RedisConnectionException: Unable to connect to 127.0.0.1:6379" type="org.springframework.data.redis.RedisConnectionFailureException">org.springframework.data.redis.RedisConnectionFailureException: Unable to connect to Redis; nested exception is io.lettuce.core.RedisConnectionException: Unable to connect to 127.0.0.1:6379
	at org.springframework.data.redis.core.DefaultReactiveZSetOperationsIntegrationTests.before(DefaultReactiveZSetOperationsIntegrationTests.java:96)
Caused by: io.lettuce.core.RedisConnectionException: Unable to connect to 127.0.0.1:6379
	at org.springframework.data.redis.core.DefaultReactiveZSetOperationsIntegrationTests.before(DefaultReactiveZSetOperationsIntegrationTests.java:96)
Caused by: io.netty.channel.AbstractChannel$AnnotatedConnectException: syscall:getsockopt(..) failed: Connection refused: /127.0.0.1:6379
Caused by: io.netty.channel.unix.Errors$NativeConnectException: syscall:getsockopt(..) failed: Connection refused
</error>
  </testcase>
  <testcase name="rank[String/Person/JDK]" classname="org.springframework.data.redis.core.DefaultReactiveZSetOperationsIntegrationTests" time="0.001">
    <error message="Unable to connect to Redis; nested exception is io.lettuce.core.RedisConnectionException: Unable to connect to 127.0.0.1:6379" type="org.springframework.data.redis.RedisConnectionFailureException">org.springframework.data.redis.RedisConnectionFailureException: Unable to connect to Redis; nested exception is io.lettuce.core.RedisConnectionException: Unable to connect to 127.0.0.1:6379
	at org.springframework.data.redis.core.DefaultReactiveZSetOperationsIntegrationTests.before(DefaultReactiveZSetOperationsIntegrationTests.java:96)
Caused by: io.lettuce.core.RedisConnectionException: Unable to connect to 127.0.0.1:6379
	at org.springframework.data.redis.core.DefaultReactiveZSetOperationsIntegrationTests.before(DefaultReactiveZSetOperationsIntegrationTests.java:96)
Caused by: io.netty.channel.AbstractChannel$AnnotatedConnectException: syscall:getsockopt(..) failed: Connection refused: /127.0.0.1:6379
Caused by: io.netty.channel.unix.Errors$NativeConnectException: syscall:getsockopt(..) failed: Connection refused
</error>
  </testcase>
  <testcase name="scan[String/Person/JDK]" classname="org.springframework.data.redis.core.DefaultReactiveZSetOperationsIntegrationTests" time="0.001">
    <error message="Unable to connect to Redis; nested exception is io.lettuce.core.RedisConnectionException: Unable to connect to 127.0.0.1:6379" type="org.springframework.data.redis.RedisConnectionFailureException">org.springframework.data.redis.RedisConnectionFailureException: Unable to connect to Redis; nested exception is io.lettuce.core.RedisConnectionException: Unable to connect to 127.0.0.1:6379
	at org.springframework.data.redis.core.DefaultReactiveZSetOperationsIntegrationTests.before(DefaultReactiveZSetOperationsIntegrationTests.java:96)
Caused by: io.lettuce.core.RedisConnectionException: Unable to connect to 127.0.0.1:6379
	at org.springframework.data.redis.core.DefaultReactiveZSetOperationsIntegrationTests.before(DefaultReactiveZSetOperationsIntegrationTests.java:96)
Caused by: io.netty.channel.AbstractChannel$AnnotatedConnectException: syscall:getsockopt(..) failed: Connection refused: /127.0.0.1:6379
Caused by: io.netty.channel.unix.Errors$NativeConnectException: syscall:getsockopt(..) failed: Connection refused
</error>
  </testcase>
  <testcase name="size[String/Person/JDK]" classname="org.springframework.data.redis.core.DefaultReactiveZSetOperationsIntegrationTests" time="0.001">
    <error message="Unable to connect to Redis; nested exception is io.lettuce.core.RedisConnectionException: Unable to connect to 127.0.0.1:6379" type="org.springframework.data.redis.RedisConnectionFailureException">org.springframework.data.redis.RedisConnectionFailureException: Unable to connect to Redis; nested exception is io.lettuce.core.RedisConnectionException: Unable to connect to 127.0.0.1:6379
	at org.springframework.data.redis.core.DefaultReactiveZSetOperationsIntegrationTests.before(DefaultReactiveZSetOperationsIntegrationTests.java:96)
Caused by: io.lettuce.core.RedisConnectionException: Unable to connect to 127.0.0.1:6379
	at org.springframework.data.redis.core.DefaultReactiveZSetOperationsIntegrationTests.before(DefaultReactiveZSetOperationsIntegrationTests.java:96)
Caused by: io.netty.channel.AbstractChannel$AnnotatedConnectException: syscall:getsockopt(..) failed: Connection refused: /127.0.0.1:6379
Caused by: io.netty.channel.unix.Errors$NativeConnectException: syscall:getsockopt(..) failed: Connection refused
</error>
  </testcase>
  <testcase name="unionAndStoreWithAggregation[String/Person/JDK]" classname="org.springframework.data.redis.core.DefaultReactiveZSetOperationsIntegrationTests" time="0.001">
    <error message="Unable to connect to Redis; nested exception is io.lettuce.core.RedisConnectionException: Unable to connect to 127.0.0.1:6379" type="org.springframework.data.redis.RedisConnectionFailureException">org.springframework.data.redis.RedisConnectionFailureException: Unable to connect to Redis; nested exception is io.lettuce.core.RedisConnectionException: Unable to connect to 127.0.0.1:6379
	at org.springframework.data.redis.core.DefaultReactiveZSetOperationsIntegrationTests.before(DefaultReactiveZSetOperationsIntegrationTests.java:96)
Caused by: io.lettuce.core.RedisConnectionException: Unable to connect to 127.0.0.1:6379
	at org.springframework.data.redis.core.DefaultReactiveZSetOperationsIntegrationTests.before(DefaultReactiveZSetOperationsIntegrationTests.java:96)
Caused by: io.netty.channel.AbstractChannel$AnnotatedConnectException: syscall:getsockopt(..) failed: Connection refused: /127.0.0.1:6379
Caused by: io.netty.channel.unix.Errors$NativeConnectException: syscall:getsockopt(..) failed: Connection refused
</error>
  </testcase>
  <testcase name="count[String/Person/JDK]" classname="org.springframework.data.redis.core.DefaultReactiveZSetOperationsIntegrationTests" time="0.001">
    <error message="Unable to connect to Redis; nested exception is io.lettuce.core.RedisConnectionException: Unable to connect to 127.0.0.1:6379" type="org.springframework.data.redis.RedisConnectionFailureException">org.springframework.data.redis.RedisConnectionFailureException: Unable to connect to Redis; nested exception is io.lettuce.core.RedisConnectionException: Unable to connect to 127.0.0.1:6379
	at org.springframework.data.redis.core.DefaultReactiveZSetOperationsIntegrationTests.before(DefaultReactiveZSetOperationsIntegrationTests.java:96)
Caused by: io.lettuce.core.RedisConnectionException: Unable to connect to 127.0.0.1:6379
	at org.springframework.data.redis.core.DefaultReactiveZSetOperationsIntegrationTests.before(DefaultReactiveZSetOperationsIntegrationTests.java:96)
Caused by: io.netty.channel.AbstractChannel$AnnotatedConnectException: syscall:getsockopt(..) failed: Connection refused: /127.0.0.1:6379
Caused by: io.netty.channel.unix.Errors$NativeConnectException: syscall:getsockopt(..) failed: Connection refused
</error>
  </testcase>
  <testcase name="range[String/Person/JDK]" classname="org.springframework.data.redis.core.DefaultReactiveZSetOperationsIntegrationTests" time="0.001">
    <error message="Unable to connect to Redis; nested exception is io.lettuce.core.RedisConnectionException: Unable to connect to 127.0.0.1:6379" type="org.springframework.data.redis.RedisConnectionFailureException">org.springframework.data.redis.RedisConnectionFailureException: Unable to connect to Redis; nested exception is io.lettuce.core.RedisConnectionException: Unable to connect to 127.0.0.1:6379
	at org.springframework.data.redis.core.DefaultReactiveZSetOperationsIntegrationTests.before(DefaultReactiveZSetOperationsIntegrationTests.java:96)
Caused by: io.lettuce.core.RedisConnectionException: Unable to connect to 127.0.0.1:6379
	at org.springframework.data.redis.core.DefaultReactiveZSetOperationsIntegrationTests.before(DefaultReactiveZSetOperationsIntegrationTests.java:96)
Caused by: io.netty.channel.AbstractChannel$AnnotatedConnectException: syscall:getsockopt(..) failed: Connection refused: /127.0.0.1:6379
Caused by: io.netty.channel.unix.Errors$NativeConnectException: syscall:getsockopt(..) failed: Connection refused
</error>
  </testcase>
  <testcase name="score[String/Person/JDK]" classname="org.springframework.data.redis.core.DefaultReactiveZSetOperationsIntegrationTests" time="0.001">
    <error message="Unable to connect to Redis; nested exception is io.lettuce.core.RedisConnectionException: Unable to connect to 127.0.0.1:6379" type="org.springframework.data.redis.RedisConnectionFailureException">org.springframework.data.redis.RedisConnectionFailureException: Unable to connect to Redis; nested exception is io.lettuce.core.RedisConnectionException: Unable to connect to 127.0.0.1:6379
	at org.springframework.data.redis.core.DefaultReactiveZSetOperationsIntegrationTests.before(DefaultReactiveZSetOperationsIntegrationTests.java:96)
Caused by: io.lettuce.core.RedisConnectionException: Unable to connect to 127.0.0.1:6379
	at org.springframework.data.redis.core.DefaultReactiveZSetOperationsIntegrationTests.before(DefaultReactiveZSetOperationsIntegrationTests.java:96)
Caused by: io.netty.channel.AbstractChannel$AnnotatedConnectException: syscall:getsockopt(..) failed: Connection refused: /127.0.0.1:6379
Caused by: io.netty.channel.unix.Errors$NativeConnectException: syscall:getsockopt(..) failed: Connection refused
</error>
  </testcase>
  <testcase name="reverseRangeByScoreWithScores[String/Person/JDK]" classname="org.springframework.data.redis.core.DefaultReactiveZSetOperationsIntegrationTests" time="0.001">
    <error message="Unable to connect to Redis; nested exception is io.lettuce.core.RedisConnectionException: Unable to connect to 127.0.0.1:6379" type="org.springframework.data.redis.RedisConnectionFailureException">org.springframework.data.redis.RedisConnectionFailureException: Unable to connect to Redis; nested exception is io.lettuce.core.RedisConnectionException: Unable to connect to 127.0.0.1:6379
	at org.springframework.data.redis.core.DefaultReactiveZSetOperationsIntegrationTests.before(DefaultReactiveZSetOperationsIntegrationTests.java:96)
Caused by: io.lettuce.core.RedisConnectionException: Unable to connect to 127.0.0.1:6379
	at org.springframework.data.redis.core.DefaultReactiveZSetOperationsIntegrationTests.before(DefaultReactiveZSetOperationsIntegrationTests.java:96)
Caused by: io.netty.channel.AbstractChannel$AnnotatedConnectException: syscall:getsockopt(..) failed: Connection refused: /127.0.0.1:6379
Caused by: io.netty.channel.unix.Errors$NativeConnectException: syscall:getsockopt(..) failed: Connection refused
</error>
  </testcase>
  <testcase name="rangeByLexWithLimit[String/Person/JDK]" classname="org.springframework.data.redis.core.DefaultReactiveZSetOperationsIntegrationTests" time="0.001">
    <error message="Unable to connect to Redis; nested exception is io.lettuce.core.RedisConnectionException: Unable to connect to 127.0.0.1:6379" type="org.springframework.data.redis.RedisConnectionFailureException">org.springframework.data.redis.RedisConnectionFailureException: Unable to connect to Redis; nested exception is io.lettuce.core.RedisConnectionException: Unable to connect to 127.0.0.1:6379
	at org.springframework.data.redis.core.DefaultReactiveZSetOperationsIntegrationTests.before(DefaultReactiveZSetOperationsIntegrationTests.java:96)
Caused by: io.lettuce.core.RedisConnectionException: Unable to connect to 127.0.0.1:6379
	at org.springframework.data.redis.core.DefaultReactiveZSetOperationsIntegrationTests.before(DefaultReactiveZSetOperationsIntegrationTests.java:96)
Caused by: io.netty.channel.AbstractChannel$AnnotatedConnectException: syscall:getsockopt(..) failed: Connection refused: /127.0.0.1:6379
Caused by: io.netty.channel.unix.Errors$NativeConnectException: syscall:getsockopt(..) failed: Connection refused
</error>
  </testcase>
  <testcase name="reverseRangeWithScores[String/Person/JDK]" classname="org.springframework.data.redis.core.DefaultReactiveZSetOperationsIntegrationTests" time="0.001">
    <error message="Unable to connect to Redis; nested exception is io.lettuce.core.RedisConnectionException: Unable to connect to 127.0.0.1:6379" type="org.springframework.data.redis.RedisConnectionFailureException">org.springframework.data.redis.RedisConnectionFailureException: Unable to connect to Redis; nested exception is io.lettuce.core.RedisConnectionException: Unable to connect to 127.0.0.1:6379
	at org.springframework.data.redis.core.DefaultReactiveZSetOperationsIntegrationTests.before(DefaultReactiveZSetOperationsIntegrationTests.java:96)
Caused by: io.lettuce.core.RedisConnectionException: Unable to connect to 127.0.0.1:6379
	at org.springframework.data.redis.core.DefaultReactiveZSetOperationsIntegrationTests.before(DefaultReactiveZSetOperationsIntegrationTests.java:96)
Caused by: io.netty.channel.AbstractChannel$AnnotatedConnectException: syscall:getsockopt(..) failed: Connection refused: /127.0.0.1:6379
Caused by: io.netty.channel.unix.Errors$NativeConnectException: syscall:getsockopt(..) failed: Connection refused
</error>
  </testcase>
  <testcase name="reverseRank[String/Person/JDK]" classname="org.springframework.data.redis.core.DefaultReactiveZSetOperationsIntegrationTests" time="0">
    <error message="Unable to connect to Redis; nested exception is io.lettuce.core.RedisConnectionException: Unable to connect to 127.0.0.1:6379" type="org.springframework.data.redis.RedisConnectionFailureException">org.springframework.data.redis.RedisConnectionFailureException: Unable to connect to Redis; nested exception is io.lettuce.core.RedisConnectionException: Unable to connect to 127.0.0.1:6379
	at org.springframework.data.redis.core.DefaultReactiveZSetOperationsIntegrationTests.before(DefaultReactiveZSetOperationsIntegrationTests.java:96)
Caused by: io.lettuce.core.RedisConnectionException: Unable to connect to 127.0.0.1:6379
	at org.springframework.data.redis.core.DefaultReactiveZSetOperationsIntegrationTests.before(DefaultReactiveZSetOperationsIntegrationTests.java:96)
Caused by: io.netty.channel.AbstractChannel$AnnotatedConnectException: syscall:getsockopt(..) failed: Connection refused: /127.0.0.1:6379
Caused by: io.netty.channel.unix.Errors$NativeConnectException: syscall:getsockopt(..) failed: Connection refused
</error>
  </testcase>
  <testcase name="reverseRangeByScoreWithLimit[String/Person/JDK]" classname="org.springframework.data.redis.core.DefaultReactiveZSetOperationsIntegrationTests" time="0.001">
    <error message="Unable to connect to Redis; nested exception is io.lettuce.core.RedisConnectionException: Unable to connect to 127.0.0.1:6379" type="org.springframework.data.redis.RedisConnectionFailureException">org.springframework.data.redis.RedisConnectionFailureException: Unable to connect to Redis; nested exception is io.lettuce.core.RedisConnectionException: Unable to connect to 127.0.0.1:6379
	at org.springframework.data.redis.core.DefaultReactiveZSetOperationsIntegrationTests.before(DefaultReactiveZSetOperationsIntegrationTests.java:96)
Caused by: io.lettuce.core.RedisConnectionException: Unable to connect to 127.0.0.1:6379
	at org.springframework.data.redis.core.DefaultReactiveZSetOperationsIntegrationTests.before(DefaultReactiveZSetOperationsIntegrationTests.java:96)
Caused by: io.netty.channel.AbstractChannel$AnnotatedConnectException: syscall:getsockopt(..) failed: Connection refused: /127.0.0.1:6379
Caused by: io.netty.channel.unix.Errors$NativeConnectException: syscall:getsockopt(..) failed: Connection refused
</error>
  </testcase>
  <testcase name="incrementScore[String/Person/JDK]" classname="org.springframework.data.redis.core.DefaultReactiveZSetOperationsIntegrationTests" time="0.001">
    <error message="Unable to connect to Redis; nested exception is io.lettuce.core.RedisConnectionException: Unable to connect to 127.0.0.1:6379" type="org.springframework.data.redis.RedisConnectionFailureException">org.springframework.data.redis.RedisConnectionFailureException: Unable to connect to Redis; nested exception is io.lettuce.core.RedisConnectionException: Unable to connect to 127.0.0.1:6379
	at org.springframework.data.redis.core.DefaultReactiveZSetOperationsIntegrationTests.before(DefaultReactiveZSetOperationsIntegrationTests.java:96)
Caused by: io.lettuce.core.RedisConnectionException: Unable to connect to 127.0.0.1:6379
	at org.springframework.data.redis.core.DefaultReactiveZSetOperationsIntegrationTests.before(DefaultReactiveZSetOperationsIntegrationTests.java:96)
Caused by: io.netty.channel.AbstractChannel$AnnotatedConnectException: syscall:getsockopt(..) failed: Connection refused: /127.0.0.1:6379
Caused by: io.netty.channel.unix.Errors$NativeConnectException: syscall:getsockopt(..) failed: Connection refused
</error>
  </testcase>
  <testcase name="intersectAndStoreWithAggregation[String/Person/JDK]" classname="org.springframework.data.redis.core.DefaultReactiveZSetOperationsIntegrationTests" time="0.001">
    <error message="Unable to connect to Redis; nested exception is io.lettuce.core.RedisConnectionException: Unable to connect to 127.0.0.1:6379" type="org.springframework.data.redis.RedisConnectionFailureException">org.springframework.data.redis.RedisConnectionFailureException: Unable to connect to Redis; nested exception is io.lettuce.core.RedisConnectionException: Unable to connect to 127.0.0.1:6379
	at org.springframework.data.redis.core.DefaultReactiveZSetOperationsIntegrationTests.before(DefaultReactiveZSetOperationsIntegrationTests.java:96)
Caused by: io.lettuce.core.RedisConnectionException: Unable to connect to 127.0.0.1:6379
	at org.springframework.data.redis.core.DefaultReactiveZSetOperationsIntegrationTests.before(DefaultReactiveZSetOperationsIntegrationTests.java:96)
Caused by: io.netty.channel.AbstractChannel$AnnotatedConnectException: syscall:getsockopt(..) failed: Connection refused: /127.0.0.1:6379
Caused by: io.netty.channel.unix.Errors$NativeConnectException: syscall:getsockopt(..) failed: Connection refused
</error>
  </testcase>
  <testcase name="rangeByScoreWithLimit[String/Person/JDK]" classname="org.springframework.data.redis.core.DefaultReactiveZSetOperationsIntegrationTests" time="0.002">
    <error message="Unable to connect to Redis; nested exception is io.lettuce.core.RedisConnectionException: Unable to connect to 127.0.0.1:6379" type="org.springframework.data.redis.RedisConnectionFailureException">org.springframework.data.redis.RedisConnectionFailureException: Unable to connect to Redis; nested exception is io.lettuce.core.RedisConnectionException: Unable to connect to 127.0.0.1:6379
	at org.springframework.data.redis.core.DefaultReactiveZSetOperationsIntegrationTests.before(DefaultReactiveZSetOperationsIntegrationTests.java:96)
Caused by: io.lettuce.core.RedisConnectionException: Unable to connect to 127.0.0.1:6379
	at org.springframework.data.redis.core.DefaultReactiveZSetOperationsIntegrationTests.before(DefaultReactiveZSetOperationsIntegrationTests.java:96)
Caused by: io.netty.channel.AbstractChannel$AnnotatedConnectException: syscall:getsockopt(..) failed: Connection refused: /127.0.0.1:6379
Caused by: io.netty.channel.unix.Errors$NativeConnectException: syscall:getsockopt(..) failed: Connection refused
</error>
  </testcase>
  <testcase name="removeRangeByScore[String/OXM]" classname="org.springframework.data.redis.core.DefaultReactiveZSetOperationsIntegrationTests" time="0.001">
    <error message="Unable to connect to Redis; nested exception is io.lettuce.core.RedisConnectionException: Unable to connect to 127.0.0.1:6379" type="org.springframework.data.redis.RedisConnectionFailureException">org.springframework.data.redis.RedisConnectionFailureException: Unable to connect to Redis; nested exception is io.lettuce.core.RedisConnectionException: Unable to connect to 127.0.0.1:6379
	at org.springframework.data.redis.core.DefaultReactiveZSetOperationsIntegrationTests.before(DefaultReactiveZSetOperationsIntegrationTests.java:96)
Caused by: io.lettuce.core.RedisConnectionException: Unable to connect to 127.0.0.1:6379
	at org.springframework.data.redis.core.DefaultReactiveZSetOperationsIntegrationTests.before(DefaultReactiveZSetOperationsIntegrationTests.java:96)
Caused by: io.netty.channel.AbstractChannel$AnnotatedConnectException: syscall:getsockopt(..) failed: Connection refused: /127.0.0.1:6379
Caused by: io.netty.channel.unix.Errors$NativeConnectException: syscall:getsockopt(..) failed: Connection refused
</error>
  </testcase>
  <testcase name="rangeByLex[String/OXM]" classname="org.springframework.data.redis.core.DefaultReactiveZSetOperationsIntegrationTests" time="0.001">
    <error message="Unable to connect to Redis; nested exception is io.lettuce.core.RedisConnectionException: Unable to connect to 127.0.0.1:6379" type="org.springframework.data.redis.RedisConnectionFailureException">org.springframework.data.redis.RedisConnectionFailureException: Unable to connect to Redis; nested exception is io.lettuce.core.RedisConnectionException: Unable to connect to 127.0.0.1:6379
	at org.springframework.data.redis.core.DefaultReactiveZSetOperationsIntegrationTests.before(DefaultReactiveZSetOperationsIntegrationTests.java:96)
Caused by: io.lettuce.core.RedisConnectionException: Unable to connect to 127.0.0.1:6379
	at org.springframework.data.redis.core.DefaultReactiveZSetOperationsIntegrationTests.before(DefaultReactiveZSetOperationsIntegrationTests.java:96)
Caused by: io.netty.channel.AbstractChannel$AnnotatedConnectException: syscall:getsockopt(..) failed: Connection refused: /127.0.0.1:6379
Caused by: io.netty.channel.unix.Errors$NativeConnectException: syscall:getsockopt(..) failed: Connection refused
</error>
  </testcase>
  <testcase name="addAll[String/OXM]" classname="org.springframework.data.redis.core.DefaultReactiveZSetOperationsIntegrationTests" time="0.001">
    <error message="Unable to connect to Redis; nested exception is io.lettuce.core.RedisConnectionException: Unable to connect to 127.0.0.1:6379" type="org.springframework.data.redis.RedisConnectionFailureException">org.springframework.data.redis.RedisConnectionFailureException: Unable to connect to Redis; nested exception is io.lettuce.core.RedisConnectionException: Unable to connect to 127.0.0.1:6379
	at org.springframework.data.redis.core.DefaultReactiveZSetOperationsIntegrationTests.before(DefaultReactiveZSetOperationsIntegrationTests.java:96)
Caused by: io.lettuce.core.RedisConnectionException: Unable to connect to 127.0.0.1:6379
	at org.springframework.data.redis.core.DefaultReactiveZSetOperationsIntegrationTests.before(DefaultReactiveZSetOperationsIntegrationTests.java:96)
Caused by: io.netty.channel.AbstractChannel$AnnotatedConnectException: syscall:getsockopt(..) failed: Connection refused: /127.0.0.1:6379
Caused by: io.netty.channel.unix.Errors$NativeConnectException: syscall:getsockopt(..) failed: Connection refused
</error>
  </testcase>
  <testcase name="rangeByScoreWithScoresWithLimit[String/OXM]" classname="org.springframework.data.redis.core.DefaultReactiveZSetOperationsIntegrationTests" time="0.001">
    <error message="Unable to connect to Redis; nested exception is io.lettuce.core.RedisConnectionException: Unable to connect to 127.0.0.1:6379" type="org.springframework.data.redis.RedisConnectionFailureException">org.springframework.data.redis.RedisConnectionFailureException: Unable to connect to Redis; nested exception is io.lettuce.core.RedisConnectionException: Unable to connect to 127.0.0.1:6379
	at org.springframework.data.redis.core.DefaultReactiveZSetOperationsIntegrationTests.before(DefaultReactiveZSetOperationsIntegrationTests.java:96)
Caused by: io.lettuce.core.RedisConnectionException: Unable to connect to 127.0.0.1:6379
	at org.springframework.data.redis.core.DefaultReactiveZSetOperationsIntegrationTests.before(DefaultReactiveZSetOperationsIntegrationTests.java:96)
Caused by: io.netty.channel.AbstractChannel$AnnotatedConnectException: syscall:getsockopt(..) failed: Connection refused: /127.0.0.1:6379
Caused by: io.netty.channel.unix.Errors$NativeConnectException: syscall:getsockopt(..) failed: Connection refused
</error>
  </testcase>
  <testcase name="delete[String/OXM]" classname="org.springframework.data.redis.core.DefaultReactiveZSetOperationsIntegrationTests" time="0.001">
    <error message="Unable to connect to Redis; nested exception is io.lettuce.core.RedisConnectionException: Unable to connect to 127.0.0.1:6379" type="org.springframework.data.redis.RedisConnectionFailureException">org.springframework.data.redis.RedisConnectionFailureException: Unable to connect to Redis; nested exception is io.lettuce.core.RedisConnectionException: Unable to connect to 127.0.0.1:6379
	at org.springframework.data.redis.core.DefaultReactiveZSetOperationsIntegrationTests.before(DefaultReactiveZSetOperationsIntegrationTests.java:96)
Caused by: io.lettuce.core.RedisConnectionException: Unable to connect to 127.0.0.1:6379
	at org.springframework.data.redis.core.DefaultReactiveZSetOperationsIntegrationTests.before(DefaultReactiveZSetOperationsIntegrationTests.java:96)
Caused by: io.netty.channel.AbstractChannel$AnnotatedConnectException: syscall:getsockopt(..) failed: Connection refused: /127.0.0.1:6379
Caused by: io.netty.channel.unix.Errors$NativeConnectException: syscall:getsockopt(..) failed: Connection refused
</error>
  </testcase>
  <testcase name="intersectAndStore[String/OXM]" classname="org.springframework.data.redis.core.DefaultReactiveZSetOperationsIntegrationTests" time="0.001">
    <error message="Unable to connect to Redis; nested exception is io.lettuce.core.RedisConnectionException: Unable to connect to 127.0.0.1:6379" type="org.springframework.data.redis.RedisConnectionFailureException">org.springframework.data.redis.RedisConnectionFailureException: Unable to connect to Redis; nested exception is io.lettuce.core.RedisConnectionException: Unable to connect to 127.0.0.1:6379
	at org.springframework.data.redis.core.DefaultReactiveZSetOperationsIntegrationTests.before(DefaultReactiveZSetOperationsIntegrationTests.java:96)
Caused by: io.lettuce.core.RedisConnectionException: Unable to connect to 127.0.0.1:6379
	at org.springframework.data.redis.core.DefaultReactiveZSetOperationsIntegrationTests.before(DefaultReactiveZSetOperationsIntegrationTests.java:96)
Caused by: io.netty.channel.AbstractChannel$AnnotatedConnectException: syscall:getsockopt(..) failed: Connection refused: /127.0.0.1:6379
Caused by: io.netty.channel.unix.Errors$NativeConnectException: syscall:getsockopt(..) failed: Connection refused
</error>
  </testcase>
  <testcase name="remove[String/OXM]" classname="org.springframework.data.redis.core.DefaultReactiveZSetOperationsIntegrationTests" time="0.001">
    <error message="Unable to connect to Redis; nested exception is io.lettuce.core.RedisConnectionException: Unable to connect to 127.0.0.1:6379" type="org.springframework.data.redis.RedisConnectionFailureException">org.springframework.data.redis.RedisConnectionFailureException: Unable to connect to Redis; nested exception is io.lettuce.core.RedisConnectionException: Unable to connect to 127.0.0.1:6379
	at org.springframework.data.redis.core.DefaultReactiveZSetOperationsIntegrationTests.before(DefaultReactiveZSetOperationsIntegrationTests.java:96)
Caused by: io.lettuce.core.RedisConnectionException: Unable to connect to 127.0.0.1:6379
	at org.springframework.data.redis.core.DefaultReactiveZSetOperationsIntegrationTests.before(DefaultReactiveZSetOperationsIntegrationTests.java:96)
Caused by: io.netty.channel.AbstractChannel$AnnotatedConnectException: syscall:getsockopt(..) failed: Connection refused: /127.0.0.1:6379
Caused by: io.netty.channel.unix.Errors$NativeConnectException: syscall:getsockopt(..) failed: Connection refused
</error>
  </testcase>
  <testcase name="unionAndStore[String/OXM]" classname="org.springframework.data.redis.core.DefaultReactiveZSetOperationsIntegrationTests" time="0.001">
    <error message="Unable to connect to Redis; nested exception is io.lettuce.core.RedisConnectionException: Unable to connect to 127.0.0.1:6379" type="org.springframework.data.redis.RedisConnectionFailureException">org.springframework.data.redis.RedisConnectionFailureException: Unable to connect to Redis; nested exception is io.lettuce.core.RedisConnectionException: Unable to connect to 127.0.0.1:6379
	at org.springframework.data.redis.core.DefaultReactiveZSetOperationsIntegrationTests.before(DefaultReactiveZSetOperationsIntegrationTests.java:96)
Caused by: io.lettuce.core.RedisConnectionException: Unable to connect to 127.0.0.1:6379
	at org.springframework.data.redis.core.DefaultReactiveZSetOperationsIntegrationTests.before(DefaultReactiveZSetOperationsIntegrationTests.java:96)
Caused by: io.netty.channel.AbstractChannel$AnnotatedConnectException: syscall:getsockopt(..) failed: Connection refused: /127.0.0.1:6379
Caused by: io.netty.channel.unix.Errors$NativeConnectException: syscall:getsockopt(..) failed: Connection refused
</error>
  </testcase>
  <testcase name="reverseRangeByScoreWithScoresWithLimit[String/OXM]" classname="org.springframework.data.redis.core.DefaultReactiveZSetOperationsIntegrationTests" time="0.002">
    <error message="Unable to connect to Redis; nested exception is io.lettuce.core.RedisConnectionException: Unable to connect to 127.0.0.1:6379" type="org.springframework.data.redis.RedisConnectionFailureException">org.springframework.data.redis.RedisConnectionFailureException: Unable to connect to Redis; nested exception is io.lettuce.core.RedisConnectionException: Unable to connect to 127.0.0.1:6379
	at org.springframework.data.redis.core.DefaultReactiveZSetOperationsIntegrationTests.before(DefaultReactiveZSetOperationsIntegrationTests.java:96)
Caused by: io.lettuce.core.RedisConnectionException: Unable to connect to 127.0.0.1:6379
	at org.springframework.data.redis.core.DefaultReactiveZSetOperationsIntegrationTests.before(DefaultReactiveZSetOperationsIntegrationTests.java:96)
Caused by: io.netty.channel.AbstractChannel$AnnotatedConnectException: syscall:getsockopt(..) failed: Connection refused: /127.0.0.1:6379
Caused by: io.netty.channel.unix.Errors$NativeConnectException: syscall:getsockopt(..) failed: Connection refused
</error>
  </testcase>
  <testcase name="reverseRangeByLexLimit[String/OXM]" classname="org.springframework.data.redis.core.DefaultReactiveZSetOperationsIntegrationTests" time="0.001">
    <error message="Unable to connect to Redis; nested exception is io.lettuce.core.RedisConnectionException: Unable to connect to 127.0.0.1:6379" type="org.springframework.data.redis.RedisConnectionFailureException">org.springframework.data.redis.RedisConnectionFailureException: Unable to connect to Redis; nested exception is io.lettuce.core.RedisConnectionException: Unable to connect to 127.0.0.1:6379
	at org.springframework.data.redis.core.DefaultReactiveZSetOperationsIntegrationTests.before(DefaultReactiveZSetOperationsIntegrationTests.java:96)
Caused by: io.lettuce.core.RedisConnectionException: Unable to connect to 127.0.0.1:6379
	at org.springframework.data.redis.core.DefaultReactiveZSetOperationsIntegrationTests.before(DefaultReactiveZSetOperationsIntegrationTests.java:96)
Caused by: io.netty.channel.AbstractChannel$AnnotatedConnectException: syscall:getsockopt(..) failed: Connection refused: /127.0.0.1:6379
Caused by: io.netty.channel.unix.Errors$NativeConnectException: syscall:getsockopt(..) failed: Connection refused
</error>
  </testcase>
  <testcase name="reverseRangeByScore[String/OXM]" classname="org.springframework.data.redis.core.DefaultReactiveZSetOperationsIntegrationTests" time="0.001">
    <error message="Unable to connect to Redis; nested exception is io.lettuce.core.RedisConnectionException: Unable to connect to 127.0.0.1:6379" type="org.springframework.data.redis.RedisConnectionFailureException">org.springframework.data.redis.RedisConnectionFailureException: Unable to connect to Redis; nested exception is io.lettuce.core.RedisConnectionException: Unable to connect to 127.0.0.1:6379
	at org.springframework.data.redis.core.DefaultReactiveZSetOperationsIntegrationTests.before(DefaultReactiveZSetOperationsIntegrationTests.java:96)
Caused by: io.lettuce.core.RedisConnectionException: Unable to connect to 127.0.0.1:6379
	at org.springframework.data.redis.core.DefaultReactiveZSetOperationsIntegrationTests.before(DefaultReactiveZSetOperationsIntegrationTests.java:96)
Caused by: io.netty.channel.AbstractChannel$AnnotatedConnectException: syscall:getsockopt(..) failed: Connection refused: /127.0.0.1:6379
Caused by: io.netty.channel.unix.Errors$NativeConnectException: syscall:getsockopt(..) failed: Connection refused
</error>
  </testcase>
  <testcase name="rangeWithScores[String/OXM]" classname="org.springframework.data.redis.core.DefaultReactiveZSetOperationsIntegrationTests" time="0.001">
    <error message="Unable to connect to Redis; nested exception is io.lettuce.core.RedisConnectionException: Unable to connect to 127.0.0.1:6379" type="org.springframework.data.redis.RedisConnectionFailureException">org.springframework.data.redis.RedisConnectionFailureException: Unable to connect to Redis; nested exception is io.lettuce.core.RedisConnectionException: Unable to connect to 127.0.0.1:6379
	at org.springframework.data.redis.core.DefaultReactiveZSetOperationsIntegrationTests.before(DefaultReactiveZSetOperationsIntegrationTests.java:96)
Caused by: io.lettuce.core.RedisConnectionException: Unable to connect to 127.0.0.1:6379
	at org.springframework.data.redis.core.DefaultReactiveZSetOperationsIntegrationTests.before(DefaultReactiveZSetOperationsIntegrationTests.java:96)
Caused by: io.netty.channel.AbstractChannel$AnnotatedConnectException: syscall:getsockopt(..) failed: Connection refused: /127.0.0.1:6379
Caused by: io.netty.channel.unix.Errors$NativeConnectException: syscall:getsockopt(..) failed: Connection refused
</error>
  </testcase>
  <testcase name="reverseRangeByLex[String/OXM]" classname="org.springframework.data.redis.core.DefaultReactiveZSetOperationsIntegrationTests" time="0.002">
    <error message="Unable to connect to Redis; nested exception is io.lettuce.core.RedisConnectionException: Unable to connect to 127.0.0.1:6379" type="org.springframework.data.redis.RedisConnectionFailureException">org.springframework.data.redis.RedisConnectionFailureException: Unable to connect to Redis; nested exception is io.lettuce.core.RedisConnectionException: Unable to connect to 127.0.0.1:6379
	at org.springframework.data.redis.core.DefaultReactiveZSetOperationsIntegrationTests.before(DefaultReactiveZSetOperationsIntegrationTests.java:96)
Caused by: io.lettuce.core.RedisConnectionException: Unable to connect to 127.0.0.1:6379
	at org.springframework.data.redis.core.DefaultReactiveZSetOperationsIntegrationTests.before(DefaultReactiveZSetOperationsIntegrationTests.java:96)
Caused by: io.netty.channel.AbstractChannel$AnnotatedConnectException: syscall:getsockopt(..) failed: Connection refused: /127.0.0.1:6379
Caused by: io.netty.channel.unix.Errors$NativeConnectException: syscall:getsockopt(..) failed: Connection refused
</error>
  </testcase>
  <testcase name="rangeByScore[String/OXM]" classname="org.springframework.data.redis.core.DefaultReactiveZSetOperationsIntegrationTests" time="0.001">
    <error message="Unable to connect to Redis; nested exception is io.lettuce.core.RedisConnectionException: Unable to connect to 127.0.0.1:6379" type="org.springframework.data.redis.RedisConnectionFailureException">org.springframework.data.redis.RedisConnectionFailureException: Unable to connect to Redis; nested exception is io.lettuce.core.RedisConnectionException: Unable to connect to 127.0.0.1:6379
	at org.springframework.data.redis.core.DefaultReactiveZSetOperationsIntegrationTests.before(DefaultReactiveZSetOperationsIntegrationTests.java:96)
Caused by: io.lettuce.core.RedisConnectionException: Unable to connect to 127.0.0.1:6379
	at org.springframework.data.redis.core.DefaultReactiveZSetOperationsIntegrationTests.before(DefaultReactiveZSetOperationsIntegrationTests.java:96)
Caused by: io.netty.channel.AbstractChannel$AnnotatedConnectException: syscall:getsockopt(..) failed: Connection refused: /127.0.0.1:6379
Caused by: io.netty.channel.unix.Errors$NativeConnectException: syscall:getsockopt(..) failed: Connection refused
</error>
  </testcase>
  <testcase name="removeRange[String/OXM]" classname="org.springframework.data.redis.core.DefaultReactiveZSetOperationsIntegrationTests" time="0.001">
    <error message="Unable to connect to Redis; nested exception is io.lettuce.core.RedisConnectionException: Unable to connect to 127.0.0.1:6379" type="org.springframework.data.redis.RedisConnectionFailureException">org.springframework.data.redis.RedisConnectionFailureException: Unable to connect to Redis; nested exception is io.lettuce.core.RedisConnectionException: Unable to connect to 127.0.0.1:6379
	at org.springframework.data.redis.core.DefaultReactiveZSetOperationsIntegrationTests.before(DefaultReactiveZSetOperationsIntegrationTests.java:96)
Caused by: io.lettuce.core.RedisConnectionException: Unable to connect to 127.0.0.1:6379
	at org.springframework.data.redis.core.DefaultReactiveZSetOperationsIntegrationTests.before(DefaultReactiveZSetOperationsIntegrationTests.java:96)
Caused by: io.netty.channel.AbstractChannel$AnnotatedConnectException: syscall:getsockopt(..) failed: Connection refused: /127.0.0.1:6379
Caused by: io.netty.channel.unix.Errors$NativeConnectException: syscall:getsockopt(..) failed: Connection refused
</error>
  </testcase>
  <testcase name="rangeByScoreWithScores[String/OXM]" classname="org.springframework.data.redis.core.DefaultReactiveZSetOperationsIntegrationTests" time="0.001">
    <error message="Unable to connect to Redis; nested exception is io.lettuce.core.RedisConnectionException: Unable to connect to 127.0.0.1:6379" type="org.springframework.data.redis.RedisConnectionFailureException">org.springframework.data.redis.RedisConnectionFailureException: Unable to connect to Redis; nested exception is io.lettuce.core.RedisConnectionException: Unable to connect to 127.0.0.1:6379
	at org.springframework.data.redis.core.DefaultReactiveZSetOperationsIntegrationTests.before(DefaultReactiveZSetOperationsIntegrationTests.java:96)
Caused by: io.lettuce.core.RedisConnectionException: Unable to connect to 127.0.0.1:6379
	at org.springframework.data.redis.core.DefaultReactiveZSetOperationsIntegrationTests.before(DefaultReactiveZSetOperationsIntegrationTests.java:96)
Caused by: io.netty.channel.AbstractChannel$AnnotatedConnectException: syscall:getsockopt(..) failed: Connection refused: /127.0.0.1:6379
Caused by: io.netty.channel.unix.Errors$NativeConnectException: syscall:getsockopt(..) failed: Connection refused
</error>
  </testcase>
  <testcase name="reverseRange[String/OXM]" classname="org.springframework.data.redis.core.DefaultReactiveZSetOperationsIntegrationTests" time="0.001">
    <error message="Unable to connect to Redis; nested exception is io.lettuce.core.RedisConnectionException: Unable to connect to 127.0.0.1:6379" type="org.springframework.data.redis.RedisConnectionFailureException">org.springframework.data.redis.RedisConnectionFailureException: Unable to connect to Redis; nested exception is io.lettuce.core.RedisConnectionException: Unable to connect to 127.0.0.1:6379
	at org.springframework.data.redis.core.DefaultReactiveZSetOperationsIntegrationTests.before(DefaultReactiveZSetOperationsIntegrationTests.java:96)
Caused by: io.lettuce.core.RedisConnectionException: Unable to connect to 127.0.0.1:6379
	at org.springframework.data.redis.core.DefaultReactiveZSetOperationsIntegrationTests.before(DefaultReactiveZSetOperationsIntegrationTests.java:96)
Caused by: io.netty.channel.AbstractChannel$AnnotatedConnectException: syscall:getsockopt(..) failed: Connection refused: /127.0.0.1:6379
Caused by: io.netty.channel.unix.Errors$NativeConnectException: syscall:getsockopt(..) failed: Connection refused
</error>
  </testcase>
  <testcase name="add[String/OXM]" classname="org.springframework.data.redis.core.DefaultReactiveZSetOperationsIntegrationTests" time="0.001">
    <error message="Unable to connect to Redis; nested exception is io.lettuce.core.RedisConnectionException: Unable to connect to 127.0.0.1:6379" type="org.springframework.data.redis.RedisConnectionFailureException">org.springframework.data.redis.RedisConnectionFailureException: Unable to connect to Redis; nested exception is io.lettuce.core.RedisConnectionException: Unable to connect to 127.0.0.1:6379
	at org.springframework.data.redis.core.DefaultReactiveZSetOperationsIntegrationTests.before(DefaultReactiveZSetOperationsIntegrationTests.java:96)
Caused by: io.lettuce.core.RedisConnectionException: Unable to connect to 127.0.0.1:6379
	at org.springframework.data.redis.core.DefaultReactiveZSetOperationsIntegrationTests.before(DefaultReactiveZSetOperationsIntegrationTests.java:96)
Caused by: io.netty.channel.AbstractChannel$AnnotatedConnectException: syscall:getsockopt(..) failed: Connection refused: /127.0.0.1:6379
Caused by: io.netty.channel.unix.Errors$NativeConnectException: syscall:getsockopt(..) failed: Connection refused
</error>
  </testcase>
  <testcase name="rank[String/OXM]" classname="org.springframework.data.redis.core.DefaultReactiveZSetOperationsIntegrationTests" time="0.001">
    <error message="Unable to connect to Redis; nested exception is io.lettuce.core.RedisConnectionException: Unable to connect to 127.0.0.1:6379" type="org.springframework.data.redis.RedisConnectionFailureException">org.springframework.data.redis.RedisConnectionFailureException: Unable to connect to Redis; nested exception is io.lettuce.core.RedisConnectionException: Unable to connect to 127.0.0.1:6379
	at org.springframework.data.redis.core.DefaultReactiveZSetOperationsIntegrationTests.before(DefaultReactiveZSetOperationsIntegrationTests.java:96)
Caused by: io.lettuce.core.RedisConnectionException: Unable to connect to 127.0.0.1:6379
	at org.springframework.data.redis.core.DefaultReactiveZSetOperationsIntegrationTests.before(DefaultReactiveZSetOperationsIntegrationTests.java:96)
Caused by: io.netty.channel.AbstractChannel$AnnotatedConnectException: syscall:getsockopt(..) failed: Connection refused: /127.0.0.1:6379
Caused by: io.netty.channel.unix.Errors$NativeConnectException: syscall:getsockopt(..) failed: Connection refused
</error>
  </testcase>
  <testcase name="scan[String/OXM]" classname="org.springframework.data.redis.core.DefaultReactiveZSetOperationsIntegrationTests" time="0.001">
    <error message="Unable to connect to Redis; nested exception is io.lettuce.core.RedisConnectionException: Unable to connect to 127.0.0.1:6379" type="org.springframework.data.redis.RedisConnectionFailureException">org.springframework.data.redis.RedisConnectionFailureException: Unable to connect to Redis; nested exception is io.lettuce.core.RedisConnectionException: Unable to connect to 127.0.0.1:6379
	at org.springframework.data.redis.core.DefaultReactiveZSetOperationsIntegrationTests.before(DefaultReactiveZSetOperationsIntegrationTests.java:96)
Caused by: io.lettuce.core.RedisConnectionException: Unable to connect to 127.0.0.1:6379
	at org.springframework.data.redis.core.DefaultReactiveZSetOperationsIntegrationTests.before(DefaultReactiveZSetOperationsIntegrationTests.java:96)
Caused by: io.netty.channel.AbstractChannel$AnnotatedConnectException: syscall:getsockopt(..) failed: Connection refused: /127.0.0.1:6379
Caused by: io.netty.channel.unix.Errors$NativeConnectException: syscall:getsockopt(..) failed: Connection refused
</error>
  </testcase>
  <testcase name="size[String/OXM]" classname="org.springframework.data.redis.core.DefaultReactiveZSetOperationsIntegrationTests" time="0.001">
    <error message="Unable to connect to Redis; nested exception is io.lettuce.core.RedisConnectionException: Unable to connect to 127.0.0.1:6379" type="org.springframework.data.redis.RedisConnectionFailureException">org.springframework.data.redis.RedisConnectionFailureException: Unable to connect to Redis; nested exception is io.lettuce.core.RedisConnectionException: Unable to connect to 127.0.0.1:6379
	at org.springframework.data.redis.core.DefaultReactiveZSetOperationsIntegrationTests.before(DefaultReactiveZSetOperationsIntegrationTests.java:96)
Caused by: io.lettuce.core.RedisConnectionException: Unable to connect to 127.0.0.1:6379
	at org.springframework.data.redis.core.DefaultReactiveZSetOperationsIntegrationTests.before(DefaultReactiveZSetOperationsIntegrationTests.java:96)
Caused by: io.netty.channel.AbstractChannel$AnnotatedConnectException: syscall:getsockopt(..) failed: Connection refused: /127.0.0.1:6379
Caused by: io.netty.channel.unix.Errors$NativeConnectException: syscall:getsockopt(..) failed: Connection refused
</error>
  </testcase>
  <testcase name="unionAndStoreWithAggregation[String/OXM]" classname="org.springframework.data.redis.core.DefaultReactiveZSetOperationsIntegrationTests" time="0.001">
    <error message="Unable to connect to Redis; nested exception is io.lettuce.core.RedisConnectionException: Unable to connect to 127.0.0.1:6379" type="org.springframework.data.redis.RedisConnectionFailureException">org.springframework.data.redis.RedisConnectionFailureException: Unable to connect to Redis; nested exception is io.lettuce.core.RedisConnectionException: Unable to connect to 127.0.0.1:6379
	at org.springframework.data.redis.core.DefaultReactiveZSetOperationsIntegrationTests.before(DefaultReactiveZSetOperationsIntegrationTests.java:96)
Caused by: io.lettuce.core.RedisConnectionException: Unable to connect to 127.0.0.1:6379
	at org.springframework.data.redis.core.DefaultReactiveZSetOperationsIntegrationTests.before(DefaultReactiveZSetOperationsIntegrationTests.java:96)
Caused by: io.netty.channel.AbstractChannel$AnnotatedConnectException: syscall:getsockopt(..) failed: Connection refused: /127.0.0.1:6379
Caused by: io.netty.channel.unix.Errors$NativeConnectException: syscall:getsockopt(..) failed: Connection refused
</error>
  </testcase>
  <testcase name="count[String/OXM]" classname="org.springframework.data.redis.core.DefaultReactiveZSetOperationsIntegrationTests" time="0.001">
    <error message="Unable to connect to Redis; nested exception is io.lettuce.core.RedisConnectionException: Unable to connect to 127.0.0.1:6379" type="org.springframework.data.redis.RedisConnectionFailureException">org.springframework.data.redis.RedisConnectionFailureException: Unable to connect to Redis; nested exception is io.lettuce.core.RedisConnectionException: Unable to connect to 127.0.0.1:6379
	at org.springframework.data.redis.core.DefaultReactiveZSetOperationsIntegrationTests.before(DefaultReactiveZSetOperationsIntegrationTests.java:96)
Caused by: io.lettuce.core.RedisConnectionException: Unable to connect to 127.0.0.1:6379
	at org.springframework.data.redis.core.DefaultReactiveZSetOperationsIntegrationTests.before(DefaultReactiveZSetOperationsIntegrationTests.java:96)
Caused by: io.netty.channel.AbstractChannel$AnnotatedConnectException: syscall:getsockopt(..) failed: Connection refused: /127.0.0.1:6379
Caused by: io.netty.channel.unix.Errors$NativeConnectException: syscall:getsockopt(..) failed: Connection refused
</error>
  </testcase>
  <testcase name="range[String/OXM]" classname="org.springframework.data.redis.core.DefaultReactiveZSetOperationsIntegrationTests" time="0.001">
    <error message="Unable to connect to Redis; nested exception is io.lettuce.core.RedisConnectionException: Unable to connect to 127.0.0.1:6379" type="org.springframework.data.redis.RedisConnectionFailureException">org.springframework.data.redis.RedisConnectionFailureException: Unable to connect to Redis; nested exception is io.lettuce.core.RedisConnectionException: Unable to connect to 127.0.0.1:6379
	at org.springframework.data.redis.core.DefaultReactiveZSetOperationsIntegrationTests.before(DefaultReactiveZSetOperationsIntegrationTests.java:96)
Caused by: io.lettuce.core.RedisConnectionException: Unable to connect to 127.0.0.1:6379
	at org.springframework.data.redis.core.DefaultReactiveZSetOperationsIntegrationTests.before(DefaultReactiveZSetOperationsIntegrationTests.java:96)
Caused by: io.netty.channel.AbstractChannel$AnnotatedConnectException: syscall:getsockopt(..) failed: Connection refused: /127.0.0.1:6379
Caused by: io.netty.channel.unix.Errors$NativeConnectException: syscall:getsockopt(..) failed: Connection refused
</error>
  </testcase>
  <testcase name="score[String/OXM]" classname="org.springframework.data.redis.core.DefaultReactiveZSetOperationsIntegrationTests" time="0.002">
    <error message="Unable to connect to Redis; nested exception is io.lettuce.core.RedisConnectionException: Unable to connect to 127.0.0.1:6379" type="org.springframework.data.redis.RedisConnectionFailureException">org.springframework.data.redis.RedisConnectionFailureException: Unable to connect to Redis; nested exception is io.lettuce.core.RedisConnectionException: Unable to connect to 127.0.0.1:6379
	at org.springframework.data.redis.core.DefaultReactiveZSetOperationsIntegrationTests.before(DefaultReactiveZSetOperationsIntegrationTests.java:96)
Caused by: io.lettuce.core.RedisConnectionException: Unable to connect to 127.0.0.1:6379
	at org.springframework.data.redis.core.DefaultReactiveZSetOperationsIntegrationTests.before(DefaultReactiveZSetOperationsIntegrationTests.java:96)
Caused by: io.netty.channel.AbstractChannel$AnnotatedConnectException: syscall:getsockopt(..) failed: Connection refused: /127.0.0.1:6379
Caused by: io.netty.channel.unix.Errors$NativeConnectException: syscall:getsockopt(..) failed: Connection refused
</error>
  </testcase>
  <testcase name="reverseRangeByScoreWithScores[String/OXM]" classname="org.springframework.data.redis.core.DefaultReactiveZSetOperationsIntegrationTests" time="0.001">
    <error message="Unable to connect to Redis; nested exception is io.lettuce.core.RedisConnectionException: Unable to connect to 127.0.0.1:6379" type="org.springframework.data.redis.RedisConnectionFailureException">org.springframework.data.redis.RedisConnectionFailureException: Unable to connect to Redis; nested exception is io.lettuce.core.RedisConnectionException: Unable to connect to 127.0.0.1:6379
	at org.springframework.data.redis.core.DefaultReactiveZSetOperationsIntegrationTests.before(DefaultReactiveZSetOperationsIntegrationTests.java:96)
Caused by: io.lettuce.core.RedisConnectionException: Unable to connect to 127.0.0.1:6379
	at org.springframework.data.redis.core.DefaultReactiveZSetOperationsIntegrationTests.before(DefaultReactiveZSetOperationsIntegrationTests.java:96)
Caused by: io.netty.channel.AbstractChannel$AnnotatedConnectException: syscall:getsockopt(..) failed: Connection refused: /127.0.0.1:6379
Caused by: io.netty.channel.unix.Errors$NativeConnectException: syscall:getsockopt(..) failed: Connection refused
</error>
  </testcase>
  <testcase name="rangeByLexWithLimit[String/OXM]" classname="org.springframework.data.redis.core.DefaultReactiveZSetOperationsIntegrationTests" time="0.001">
    <error message="Unable to connect to Redis; nested exception is io.lettuce.core.RedisConnectionException: Unable to connect to 127.0.0.1:6379" type="org.springframework.data.redis.RedisConnectionFailureException">org.springframework.data.redis.RedisConnectionFailureException: Unable to connect to Redis; nested exception is io.lettuce.core.RedisConnectionException: Unable to connect to 127.0.0.1:6379
	at org.springframework.data.redis.core.DefaultReactiveZSetOperationsIntegrationTests.before(DefaultReactiveZSetOperationsIntegrationTests.java:96)
Caused by: io.lettuce.core.RedisConnectionException: Unable to connect to 127.0.0.1:6379
	at org.springframework.data.redis.core.DefaultReactiveZSetOperationsIntegrationTests.before(DefaultReactiveZSetOperationsIntegrationTests.java:96)
Caused by: io.netty.channel.AbstractChannel$AnnotatedConnectException: syscall:getsockopt(..) failed: Connection refused: /127.0.0.1:6379
Caused by: io.netty.channel.unix.Errors$NativeConnectException: syscall:getsockopt(..) failed: Connection refused
</error>
  </testcase>
  <testcase name="reverseRangeWithScores[String/OXM]" classname="org.springframework.data.redis.core.DefaultReactiveZSetOperationsIntegrationTests" time="0.001">
    <error message="Unable to connect to Redis; nested exception is io.lettuce.core.RedisConnectionException: Unable to connect to 127.0.0.1:6379" type="org.springframework.data.redis.RedisConnectionFailureException">org.springframework.data.redis.RedisConnectionFailureException: Unable to connect to Redis; nested exception is io.lettuce.core.RedisConnectionException: Unable to connect to 127.0.0.1:6379
	at org.springframework.data.redis.core.DefaultReactiveZSetOperationsIntegrationTests.before(DefaultReactiveZSetOperationsIntegrationTests.java:96)
Caused by: io.lettuce.core.RedisConnectionException: Unable to connect to 127.0.0.1:6379
	at org.springframework.data.redis.core.DefaultReactiveZSetOperationsIntegrationTests.before(DefaultReactiveZSetOperationsIntegrationTests.java:96)
Caused by: io.netty.channel.AbstractChannel$AnnotatedConnectException: syscall:getsockopt(..) failed: Connection refused: /127.0.0.1:6379
Caused by: io.netty.channel.unix.Errors$NativeConnectException: syscall:getsockopt(..) failed: Connection refused
</error>
  </testcase>
  <testcase name="reverseRank[String/OXM]" classname="org.springframework.data.redis.core.DefaultReactiveZSetOperationsIntegrationTests" time="0.001">
    <error message="Unable to connect to Redis; nested exception is io.lettuce.core.RedisConnectionException: Unable to connect to 127.0.0.1:6379" type="org.springframework.data.redis.RedisConnectionFailureException">org.springframework.data.redis.RedisConnectionFailureException: Unable to connect to Redis; nested exception is io.lettuce.core.RedisConnectionException: Unable to connect to 127.0.0.1:6379
	at org.springframework.data.redis.core.DefaultReactiveZSetOperationsIntegrationTests.before(DefaultReactiveZSetOperationsIntegrationTests.java:96)
Caused by: io.lettuce.core.RedisConnectionException: Unable to connect to 127.0.0.1:6379
	at org.springframework.data.redis.core.DefaultReactiveZSetOperationsIntegrationTests.before(DefaultReactiveZSetOperationsIntegrationTests.java:96)
Caused by: io.netty.channel.AbstractChannel$AnnotatedConnectException: syscall:getsockopt(..) failed: Connection refused: /127.0.0.1:6379
Caused by: io.netty.channel.unix.Errors$NativeConnectException: syscall:getsockopt(..) failed: Connection refused
</error>
  </testcase>
  <testcase name="reverseRangeByScoreWithLimit[String/OXM]" classname="org.springframework.data.redis.core.DefaultReactiveZSetOperationsIntegrationTests" time="0.001">
    <error message="Unable to connect to Redis; nested exception is io.lettuce.core.RedisConnectionException: Unable to connect to 127.0.0.1:6379" type="org.springframework.data.redis.RedisConnectionFailureException">org.springframework.data.redis.RedisConnectionFailureException: Unable to connect to Redis; nested exception is io.lettuce.core.RedisConnectionException: Unable to connect to 127.0.0.1:6379
	at org.springframework.data.redis.core.DefaultReactiveZSetOperationsIntegrationTests.before(DefaultReactiveZSetOperationsIntegrationTests.java:96)
Caused by: io.lettuce.core.RedisConnectionException: Unable to connect to 127.0.0.1:6379
	at org.springframework.data.redis.core.DefaultReactiveZSetOperationsIntegrationTests.before(DefaultReactiveZSetOperationsIntegrationTests.java:96)
Caused by: io.netty.channel.AbstractChannel$AnnotatedConnectException: syscall:getsockopt(..) failed: Connection refused: /127.0.0.1:6379
Caused by: io.netty.channel.unix.Errors$NativeConnectException: syscall:getsockopt(..) failed: Connection refused
</error>
  </testcase>
  <testcase name="incrementScore[String/OXM]" classname="org.springframework.data.redis.core.DefaultReactiveZSetOperationsIntegrationTests" time="0.001">
    <error message="Unable to connect to Redis; nested exception is io.lettuce.core.RedisConnectionException: Unable to connect to 127.0.0.1:6379" type="org.springframework.data.redis.RedisConnectionFailureException">org.springframework.data.redis.RedisConnectionFailureException: Unable to connect to Redis; nested exception is io.lettuce.core.RedisConnectionException: Unable to connect to 127.0.0.1:6379
	at org.springframework.data.redis.core.DefaultReactiveZSetOperationsIntegrationTests.before(DefaultReactiveZSetOperationsIntegrationTests.java:96)
Caused by: io.lettuce.core.RedisConnectionException: Unable to connect to 127.0.0.1:6379
	at org.springframework.data.redis.core.DefaultReactiveZSetOperationsIntegrationTests.before(DefaultReactiveZSetOperationsIntegrationTests.java:96)
Caused by: io.netty.channel.AbstractChannel$AnnotatedConnectException: syscall:getsockopt(..) failed: Connection refused: /127.0.0.1:6379
Caused by: io.netty.channel.unix.Errors$NativeConnectException: syscall:getsockopt(..) failed: Connection refused
</error>
  </testcase>
  <testcase name="intersectAndStoreWithAggregation[String/OXM]" classname="org.springframework.data.redis.core.DefaultReactiveZSetOperationsIntegrationTests" time="0.001">
    <error message="Unable to connect to Redis; nested exception is io.lettuce.core.RedisConnectionException: Unable to connect to 127.0.0.1:6379" type="org.springframework.data.redis.RedisConnectionFailureException">org.springframework.data.redis.RedisConnectionFailureException: Unable to connect to Redis; nested exception is io.lettuce.core.RedisConnectionException: Unable to connect to 127.0.0.1:6379
	at org.springframework.data.redis.core.DefaultReactiveZSetOperationsIntegrationTests.before(DefaultReactiveZSetOperationsIntegrationTests.java:96)
Caused by: io.lettuce.core.RedisConnectionException: Unable to connect to 127.0.0.1:6379
	at org.springframework.data.redis.core.DefaultReactiveZSetOperationsIntegrationTests.before(DefaultReactiveZSetOperationsIntegrationTests.java:96)
Caused by: io.netty.channel.AbstractChannel$AnnotatedConnectException: syscall:getsockopt(..) failed: Connection refused: /127.0.0.1:6379
Caused by: io.netty.channel.unix.Errors$NativeConnectException: syscall:getsockopt(..) failed: Connection refused
</error>
  </testcase>
  <testcase name="rangeByScoreWithLimit[String/OXM]" classname="org.springframework.data.redis.core.DefaultReactiveZSetOperationsIntegrationTests" time="0.001">
    <error message="Unable to connect to Redis; nested exception is io.lettuce.core.RedisConnectionException: Unable to connect to 127.0.0.1:6379" type="org.springframework.data.redis.RedisConnectionFailureException">org.springframework.data.redis.RedisConnectionFailureException: Unable to connect to Redis; nested exception is io.lettuce.core.RedisConnectionException: Unable to connect to 127.0.0.1:6379
	at org.springframework.data.redis.core.DefaultReactiveZSetOperationsIntegrationTests.before(DefaultReactiveZSetOperationsIntegrationTests.java:96)
Caused by: io.lettuce.core.RedisConnectionException: Unable to connect to 127.0.0.1:6379
	at org.springframework.data.redis.core.DefaultReactiveZSetOperationsIntegrationTests.before(DefaultReactiveZSetOperationsIntegrationTests.java:96)
Caused by: io.netty.channel.AbstractChannel$AnnotatedConnectException: syscall:getsockopt(..) failed: Connection refused: /127.0.0.1:6379
Caused by: io.netty.channel.unix.Errors$NativeConnectException: syscall:getsockopt(..) failed: Connection refused
</error>
  </testcase>
  <testcase name="removeRangeByScore[String/Person/OXM]" classname="org.springframework.data.redis.core.DefaultReactiveZSetOperationsIntegrationTests" time="0.001">
    <error message="Unable to connect to Redis; nested exception is io.lettuce.core.RedisConnectionException: Unable to connect to 127.0.0.1:6379" type="org.springframework.data.redis.RedisConnectionFailureException">org.springframework.data.redis.RedisConnectionFailureException: Unable to connect to Redis; nested exception is io.lettuce.core.RedisConnectionException: Unable to connect to 127.0.0.1:6379
	at org.springframework.data.redis.core.DefaultReactiveZSetOperationsIntegrationTests.before(DefaultReactiveZSetOperationsIntegrationTests.java:96)
Caused by: io.lettuce.core.RedisConnectionException: Unable to connect to 127.0.0.1:6379
	at org.springframework.data.redis.core.DefaultReactiveZSetOperationsIntegrationTests.before(DefaultReactiveZSetOperationsIntegrationTests.java:96)
Caused by: io.netty.channel.AbstractChannel$AnnotatedConnectException: syscall:getsockopt(..) failed: Connection refused: /127.0.0.1:6379
Caused by: io.netty.channel.unix.Errors$NativeConnectException: syscall:getsockopt(..) failed: Connection refused
</error>
  </testcase>
  <testcase name="rangeByLex[String/Person/OXM]" classname="org.springframework.data.redis.core.DefaultReactiveZSetOperationsIntegrationTests" time="0.001">
    <error message="Unable to connect to Redis; nested exception is io.lettuce.core.RedisConnectionException: Unable to connect to 127.0.0.1:6379" type="org.springframework.data.redis.RedisConnectionFailureException">org.springframework.data.redis.RedisConnectionFailureException: Unable to connect to Redis; nested exception is io.lettuce.core.RedisConnectionException: Unable to connect to 127.0.0.1:6379
	at org.springframework.data.redis.core.DefaultReactiveZSetOperationsIntegrationTests.before(DefaultReactiveZSetOperationsIntegrationTests.java:96)
Caused by: io.lettuce.core.RedisConnectionException: Unable to connect to 127.0.0.1:6379
	at org.springframework.data.redis.core.DefaultReactiveZSetOperationsIntegrationTests.before(DefaultReactiveZSetOperationsIntegrationTests.java:96)
Caused by: io.netty.channel.AbstractChannel$AnnotatedConnectException: syscall:getsockopt(..) failed: Connection refused: /127.0.0.1:6379
Caused by: io.netty.channel.unix.Errors$NativeConnectException: syscall:getsockopt(..) failed: Connection refused
</error>
  </testcase>
  <testcase name="addAll[String/Person/OXM]" classname="org.springframework.data.redis.core.DefaultReactiveZSetOperationsIntegrationTests" time="0">
    <error message="Unable to connect to Redis; nested exception is io.lettuce.core.RedisConnectionException: Unable to connect to 127.0.0.1:6379" type="org.springframework.data.redis.RedisConnectionFailureException">org.springframework.data.redis.RedisConnectionFailureException: Unable to connect to Redis; nested exception is io.lettuce.core.RedisConnectionException: Unable to connect to 127.0.0.1:6379
	at org.springframework.data.redis.core.DefaultReactiveZSetOperationsIntegrationTests.before(DefaultReactiveZSetOperationsIntegrationTests.java:96)
Caused by: io.lettuce.core.RedisConnectionException: Unable to connect to 127.0.0.1:6379
	at org.springframework.data.redis.core.DefaultReactiveZSetOperationsIntegrationTests.before(DefaultReactiveZSetOperationsIntegrationTests.java:96)
Caused by: io.netty.channel.AbstractChannel$AnnotatedConnectException: syscall:getsockopt(..) failed: Connection refused: /127.0.0.1:6379
Caused by: io.netty.channel.unix.Errors$NativeConnectException: syscall:getsockopt(..) failed: Connection refused
</error>
  </testcase>
  <testcase name="rangeByScoreWithScoresWithLimit[String/Person/OXM]" classname="org.springframework.data.redis.core.DefaultReactiveZSetOperationsIntegrationTests" time="0.001">
    <error message="Unable to connect to Redis; nested exception is io.lettuce.core.RedisConnectionException: Unable to connect to 127.0.0.1:6379" type="org.springframework.data.redis.RedisConnectionFailureException">org.springframework.data.redis.RedisConnectionFailureException: Unable to connect to Redis; nested exception is io.lettuce.core.RedisConnectionException: Unable to connect to 127.0.0.1:6379
	at org.springframework.data.redis.core.DefaultReactiveZSetOperationsIntegrationTests.before(DefaultReactiveZSetOperationsIntegrationTests.java:96)
Caused by: io.lettuce.core.RedisConnectionException: Unable to connect to 127.0.0.1:6379
	at org.springframework.data.redis.core.DefaultReactiveZSetOperationsIntegrationTests.before(DefaultReactiveZSetOperationsIntegrationTests.java:96)
Caused by: io.netty.channel.AbstractChannel$AnnotatedConnectException: syscall:getsockopt(..) failed: Connection refused: /127.0.0.1:6379
Caused by: io.netty.channel.unix.Errors$NativeConnectException: syscall:getsockopt(..) failed: Connection refused
</error>
  </testcase>
  <testcase name="delete[String/Person/OXM]" classname="org.springframework.data.redis.core.DefaultReactiveZSetOperationsIntegrationTests" time="0.001">
    <error message="Unable to connect to Redis; nested exception is io.lettuce.core.RedisConnectionException: Unable to connect to 127.0.0.1:6379" type="org.springframework.data.redis.RedisConnectionFailureException">org.springframework.data.redis.RedisConnectionFailureException: Unable to connect to Redis; nested exception is io.lettuce.core.RedisConnectionException: Unable to connect to 127.0.0.1:6379
	at org.springframework.data.redis.core.DefaultReactiveZSetOperationsIntegrationTests.before(DefaultReactiveZSetOperationsIntegrationTests.java:96)
Caused by: io.lettuce.core.RedisConnectionException: Unable to connect to 127.0.0.1:6379
	at org.springframework.data.redis.core.DefaultReactiveZSetOperationsIntegrationTests.before(DefaultReactiveZSetOperationsIntegrationTests.java:96)
Caused by: io.netty.channel.AbstractChannel$AnnotatedConnectException: syscall:getsockopt(..) failed: Connection refused: /127.0.0.1:6379
Caused by: io.netty.channel.unix.Errors$NativeConnectException: syscall:getsockopt(..) failed: Connection refused
</error>
  </testcase>
  <testcase name="intersectAndStore[String/Person/OXM]" classname="org.springframework.data.redis.core.DefaultReactiveZSetOperationsIntegrationTests" time="0.001">
    <error message="Unable to connect to Redis; nested exception is io.lettuce.core.RedisConnectionException: Unable to connect to 127.0.0.1:6379" type="org.springframework.data.redis.RedisConnectionFailureException">org.springframework.data.redis.RedisConnectionFailureException: Unable to connect to Redis; nested exception is io.lettuce.core.RedisConnectionException: Unable to connect to 127.0.0.1:6379
	at org.springframework.data.redis.core.DefaultReactiveZSetOperationsIntegrationTests.before(DefaultReactiveZSetOperationsIntegrationTests.java:96)
Caused by: io.lettuce.core.RedisConnectionException: Unable to connect to 127.0.0.1:6379
	at org.springframework.data.redis.core.DefaultReactiveZSetOperationsIntegrationTests.before(DefaultReactiveZSetOperationsIntegrationTests.java:96)
Caused by: io.netty.channel.AbstractChannel$AnnotatedConnectException: syscall:getsockopt(..) failed: Connection refused: /127.0.0.1:6379
Caused by: io.netty.channel.unix.Errors$NativeConnectException: syscall:getsockopt(..) failed: Connection refused
</error>
  </testcase>
  <testcase name="remove[String/Person/OXM]" classname="org.springframework.data.redis.core.DefaultReactiveZSetOperationsIntegrationTests" time="0.001">
    <error message="Unable to connect to Redis; nested exception is io.lettuce.core.RedisConnectionException: Unable to connect to 127.0.0.1:6379" type="org.springframework.data.redis.RedisConnectionFailureException">org.springframework.data.redis.RedisConnectionFailureException: Unable to connect to Redis; nested exception is io.lettuce.core.RedisConnectionException: Unable to connect to 127.0.0.1:6379
	at org.springframework.data.redis.core.DefaultReactiveZSetOperationsIntegrationTests.before(DefaultReactiveZSetOperationsIntegrationTests.java:96)
Caused by: io.lettuce.core.RedisConnectionException: Unable to connect to 127.0.0.1:6379
	at org.springframework.data.redis.core.DefaultReactiveZSetOperationsIntegrationTests.before(DefaultReactiveZSetOperationsIntegrationTests.java:96)
Caused by: io.netty.channel.AbstractChannel$AnnotatedConnectException: syscall:getsockopt(..) failed: Connection refused: /127.0.0.1:6379
Caused by: io.netty.channel.unix.Errors$NativeConnectException: syscall:getsockopt(..) failed: Connection refused
</error>
  </testcase>
  <testcase name="unionAndStore[String/Person/OXM]" classname="org.springframework.data.redis.core.DefaultReactiveZSetOperationsIntegrationTests" time="0.001">
    <error message="Unable to connect to Redis; nested exception is io.lettuce.core.RedisConnectionException: Unable to connect to 127.0.0.1:6379" type="org.springframework.data.redis.RedisConnectionFailureException">org.springframework.data.redis.RedisConnectionFailureException: Unable to connect to Redis; nested exception is io.lettuce.core.RedisConnectionException: Unable to connect to 127.0.0.1:6379
	at org.springframework.data.redis.core.DefaultReactiveZSetOperationsIntegrationTests.before(DefaultReactiveZSetOperationsIntegrationTests.java:96)
Caused by: io.lettuce.core.RedisConnectionException: Unable to connect to 127.0.0.1:6379
	at org.springframework.data.redis.core.DefaultReactiveZSetOperationsIntegrationTests.before(DefaultReactiveZSetOperationsIntegrationTests.java:96)
Caused by: io.netty.channel.AbstractChannel$AnnotatedConnectException: syscall:getsockopt(..) failed: Connection refused: /127.0.0.1:6379
Caused by: io.netty.channel.unix.Errors$NativeConnectException: syscall:getsockopt(..) failed: Connection refused
</error>
  </testcase>
  <testcase name="reverseRangeByScoreWithScoresWithLimit[String/Person/OXM]" classname="org.springframework.data.redis.core.DefaultReactiveZSetOperationsIntegrationTests" time="0.001">
    <error message="Unable to connect to Redis; nested exception is io.lettuce.core.RedisConnectionException: Unable to connect to 127.0.0.1:6379" type="org.springframework.data.redis.RedisConnectionFailureException">org.springframework.data.redis.RedisConnectionFailureException: Unable to connect to Redis; nested exception is io.lettuce.core.RedisConnectionException: Unable to connect to 127.0.0.1:6379
	at org.springframework.data.redis.core.DefaultReactiveZSetOperationsIntegrationTests.before(DefaultReactiveZSetOperationsIntegrationTests.java:96)
Caused by: io.lettuce.core.RedisConnectionException: Unable to connect to 127.0.0.1:6379
	at org.springframework.data.redis.core.DefaultReactiveZSetOperationsIntegrationTests.before(DefaultReactiveZSetOperationsIntegrationTests.java:96)
Caused by: io.netty.channel.AbstractChannel$AnnotatedConnectException: syscall:getsockopt(..) failed: Connection refused: /127.0.0.1:6379
Caused by: io.netty.channel.unix.Errors$NativeConnectException: syscall:getsockopt(..) failed: Connection refused
</error>
  </testcase>
  <testcase name="reverseRangeByLexLimit[String/Person/OXM]" classname="org.springframework.data.redis.core.DefaultReactiveZSetOperationsIntegrationTests" time="0.001">
    <error message="Unable to connect to Redis; nested exception is io.lettuce.core.RedisConnectionException: Unable to connect to 127.0.0.1:6379" type="org.springframework.data.redis.RedisConnectionFailureException">org.springframework.data.redis.RedisConnectionFailureException: Unable to connect to Redis; nested exception is io.lettuce.core.RedisConnectionException: Unable to connect to 127.0.0.1:6379
	at org.springframework.data.redis.core.DefaultReactiveZSetOperationsIntegrationTests.before(DefaultReactiveZSetOperationsIntegrationTests.java:96)
Caused by: io.lettuce.core.RedisConnectionException: Unable to connect to 127.0.0.1:6379
	at org.springframework.data.redis.core.DefaultReactiveZSetOperationsIntegrationTests.before(DefaultReactiveZSetOperationsIntegrationTests.java:96)
Caused by: io.netty.channel.AbstractChannel$AnnotatedConnectException: syscall:getsockopt(..) failed: Connection refused: /127.0.0.1:6379
Caused by: io.netty.channel.unix.Errors$NativeConnectException: syscall:getsockopt(..) failed: Connection refused
</error>
  </testcase>
  <testcase name="reverseRangeByScore[String/Person/OXM]" classname="org.springframework.data.redis.core.DefaultReactiveZSetOperationsIntegrationTests" time="0.001">
    <error message="Unable to connect to Redis; nested exception is io.lettuce.core.RedisConnectionException: Unable to connect to 127.0.0.1:6379" type="org.springframework.data.redis.RedisConnectionFailureException">org.springframework.data.redis.RedisConnectionFailureException: Unable to connect to Redis; nested exception is io.lettuce.core.RedisConnectionException: Unable to connect to 127.0.0.1:6379
	at org.springframework.data.redis.core.DefaultReactiveZSetOperationsIntegrationTests.before(DefaultReactiveZSetOperationsIntegrationTests.java:96)
Caused by: io.lettuce.core.RedisConnectionException: Unable to connect to 127.0.0.1:6379
	at org.springframework.data.redis.core.DefaultReactiveZSetOperationsIntegrationTests.before(DefaultReactiveZSetOperationsIntegrationTests.java:96)
Caused by: io.netty.channel.AbstractChannel$AnnotatedConnectException: syscall:getsockopt(..) failed: Connection refused: /127.0.0.1:6379
Caused by: io.netty.channel.unix.Errors$NativeConnectException: syscall:getsockopt(..) failed: Connection refused
</error>
  </testcase>
  <testcase name="rangeWithScores[String/Person/OXM]" classname="org.springframework.data.redis.core.DefaultReactiveZSetOperationsIntegrationTests" time="0.001">
    <error message="Unable to connect to Redis; nested exception is io.lettuce.core.RedisConnectionException: Unable to connect to 127.0.0.1:6379" type="org.springframework.data.redis.RedisConnectionFailureException">org.springframework.data.redis.RedisConnectionFailureException: Unable to connect to Redis; nested exception is io.lettuce.core.RedisConnectionException: Unable to connect to 127.0.0.1:6379
	at org.springframework.data.redis.core.DefaultReactiveZSetOperationsIntegrationTests.before(DefaultReactiveZSetOperationsIntegrationTests.java:96)
Caused by: io.lettuce.core.RedisConnectionException: Unable to connect to 127.0.0.1:6379
	at org.springframework.data.redis.core.DefaultReactiveZSetOperationsIntegrationTests.before(DefaultReactiveZSetOperationsIntegrationTests.java:96)
Caused by: io.netty.channel.AbstractChannel$AnnotatedConnectException: syscall:getsockopt(..) failed: Connection refused: /127.0.0.1:6379
Caused by: io.netty.channel.unix.Errors$NativeConnectException: syscall:getsockopt(..) failed: Connection refused
</error>
  </testcase>
  <testcase name="reverseRangeByLex[String/Person/OXM]" classname="org.springframework.data.redis.core.DefaultReactiveZSetOperationsIntegrationTests" time="0.001">
    <error message="Unable to connect to Redis; nested exception is io.lettuce.core.RedisConnectionException: Unable to connect to 127.0.0.1:6379" type="org.springframework.data.redis.RedisConnectionFailureException">org.springframework.data.redis.RedisConnectionFailureException: Unable to connect to Redis; nested exception is io.lettuce.core.RedisConnectionException: Unable to connect to 127.0.0.1:6379
	at org.springframework.data.redis.core.DefaultReactiveZSetOperationsIntegrationTests.before(DefaultReactiveZSetOperationsIntegrationTests.java:96)
Caused by: io.lettuce.core.RedisConnectionException: Unable to connect to 127.0.0.1:6379
	at org.springframework.data.redis.core.DefaultReactiveZSetOperationsIntegrationTests.before(DefaultReactiveZSetOperationsIntegrationTests.java:96)
Caused by: io.netty.channel.AbstractChannel$AnnotatedConnectException: syscall:getsockopt(..) failed: Connection refused: /127.0.0.1:6379
Caused by: io.netty.channel.unix.Errors$NativeConnectException: syscall:getsockopt(..) failed: Connection refused
</error>
  </testcase>
  <testcase name="rangeByScore[String/Person/OXM]" classname="org.springframework.data.redis.core.DefaultReactiveZSetOperationsIntegrationTests" time="0.001">
    <error message="Unable to connect to Redis; nested exception is io.lettuce.core.RedisConnectionException: Unable to connect to 127.0.0.1:6379" type="org.springframework.data.redis.RedisConnectionFailureException">org.springframework.data.redis.RedisConnectionFailureException: Unable to connect to Redis; nested exception is io.lettuce.core.RedisConnectionException: Unable to connect to 127.0.0.1:6379
	at org.springframework.data.redis.core.DefaultReactiveZSetOperationsIntegrationTests.before(DefaultReactiveZSetOperationsIntegrationTests.java:96)
Caused by: io.lettuce.core.RedisConnectionException: Unable to connect to 127.0.0.1:6379
	at org.springframework.data.redis.core.DefaultReactiveZSetOperationsIntegrationTests.before(DefaultReactiveZSetOperationsIntegrationTests.java:96)
Caused by: io.netty.channel.AbstractChannel$AnnotatedConnectException: syscall:getsockopt(..) failed: Connection refused: /127.0.0.1:6379
Caused by: io.netty.channel.unix.Errors$NativeConnectException: syscall:getsockopt(..) failed: Connection refused
</error>
  </testcase>
  <testcase name="removeRange[String/Person/OXM]" classname="org.springframework.data.redis.core.DefaultReactiveZSetOperationsIntegrationTests" time="0.001">
    <error message="Unable to connect to Redis; nested exception is io.lettuce.core.RedisConnectionException: Unable to connect to 127.0.0.1:6379" type="org.springframework.data.redis.RedisConnectionFailureException">org.springframework.data.redis.RedisConnectionFailureException: Unable to connect to Redis; nested exception is io.lettuce.core.RedisConnectionException: Unable to connect to 127.0.0.1:6379
	at org.springframework.data.redis.core.DefaultReactiveZSetOperationsIntegrationTests.before(DefaultReactiveZSetOperationsIntegrationTests.java:96)
Caused by: io.lettuce.core.RedisConnectionException: Unable to connect to 127.0.0.1:6379
	at org.springframework.data.redis.core.DefaultReactiveZSetOperationsIntegrationTests.before(DefaultReactiveZSetOperationsIntegrationTests.java:96)
Caused by: io.netty.channel.AbstractChannel$AnnotatedConnectException: syscall:getsockopt(..) failed: Connection refused: /127.0.0.1:6379
Caused by: io.netty.channel.unix.Errors$NativeConnectException: syscall:getsockopt(..) failed: Connection refused
</error>
  </testcase>
  <testcase name="rangeByScoreWithScores[String/Person/OXM]" classname="org.springframework.data.redis.core.DefaultReactiveZSetOperationsIntegrationTests" time="0.001">
    <error message="Unable to connect to Redis; nested exception is io.lettuce.core.RedisConnectionException: Unable to connect to 127.0.0.1:6379" type="org.springframework.data.redis.RedisConnectionFailureException">org.springframework.data.redis.RedisConnectionFailureException: Unable to connect to Redis; nested exception is io.lettuce.core.RedisConnectionException: Unable to connect to 127.0.0.1:6379
	at org.springframework.data.redis.core.DefaultReactiveZSetOperationsIntegrationTests.before(DefaultReactiveZSetOperationsIntegrationTests.java:96)
Caused by: io.lettuce.core.RedisConnectionException: Unable to connect to 127.0.0.1:6379
	at org.springframework.data.redis.core.DefaultReactiveZSetOperationsIntegrationTests.before(DefaultReactiveZSetOperationsIntegrationTests.java:96)
Caused by: io.netty.channel.AbstractChannel$AnnotatedConnectException: syscall:getsockopt(..) failed: Connection refused: /127.0.0.1:6379
Caused by: io.netty.channel.unix.Errors$NativeConnectException: syscall:getsockopt(..) failed: Connection refused
</error>
  </testcase>
  <testcase name="reverseRange[String/Person/OXM]" classname="org.springframework.data.redis.core.DefaultReactiveZSetOperationsIntegrationTests" time="0.001">
    <error message="Unable to connect to Redis; nested exception is io.lettuce.core.RedisConnectionException: Unable to connect to 127.0.0.1:6379" type="org.springframework.data.redis.RedisConnectionFailureException">org.springframework.data.redis.RedisConnectionFailureException: Unable to connect to Redis; nested exception is io.lettuce.core.RedisConnectionException: Unable to connect to 127.0.0.1:6379
	at org.springframework.data.redis.core.DefaultReactiveZSetOperationsIntegrationTests.before(DefaultReactiveZSetOperationsIntegrationTests.java:96)
Caused by: io.lettuce.core.RedisConnectionException: Unable to connect to 127.0.0.1:6379
	at org.springframework.data.redis.core.DefaultReactiveZSetOperationsIntegrationTests.before(DefaultReactiveZSetOperationsIntegrationTests.java:96)
Caused by: io.netty.channel.AbstractChannel$AnnotatedConnectException: syscall:getsockopt(..) failed: Connection refused: /127.0.0.1:6379
Caused by: io.netty.channel.unix.Errors$NativeConnectException: syscall:getsockopt(..) failed: Connection refused
</error>
  </testcase>
  <testcase name="add[String/Person/OXM]" classname="org.springframework.data.redis.core.DefaultReactiveZSetOperationsIntegrationTests" time="0.002">
    <error message="Unable to connect to Redis; nested exception is io.lettuce.core.RedisConnectionException: Unable to connect to 127.0.0.1:6379" type="org.springframework.data.redis.RedisConnectionFailureException">org.springframework.data.redis.RedisConnectionFailureException: Unable to connect to Redis; nested exception is io.lettuce.core.RedisConnectionException: Unable to connect to 127.0.0.1:6379
	at org.springframework.data.redis.core.DefaultReactiveZSetOperationsIntegrationTests.before(DefaultReactiveZSetOperationsIntegrationTests.java:96)
Caused by: io.lettuce.core.RedisConnectionException: Unable to connect to 127.0.0.1:6379
	at org.springframework.data.redis.core.DefaultReactiveZSetOperationsIntegrationTests.before(DefaultReactiveZSetOperationsIntegrationTests.java:96)
Caused by: io.netty.channel.AbstractChannel$AnnotatedConnectException: syscall:getsockopt(..) failed: Connection refused: /127.0.0.1:6379
Caused by: io.netty.channel.unix.Errors$NativeConnectException: syscall:getsockopt(..) failed: Connection refused
</error>
  </testcase>
  <testcase name="rank[String/Person/OXM]" classname="org.springframework.data.redis.core.DefaultReactiveZSetOperationsIntegrationTests" time="0.001">
    <error message="Unable to connect to Redis; nested exception is io.lettuce.core.RedisConnectionException: Unable to connect to 127.0.0.1:6379" type="org.springframework.data.redis.RedisConnectionFailureException">org.springframework.data.redis.RedisConnectionFailureException: Unable to connect to Redis; nested exception is io.lettuce.core.RedisConnectionException: Unable to connect to 127.0.0.1:6379
	at org.springframework.data.redis.core.DefaultReactiveZSetOperationsIntegrationTests.before(DefaultReactiveZSetOperationsIntegrationTests.java:96)
Caused by: io.lettuce.core.RedisConnectionException: Unable to connect to 127.0.0.1:6379
	at org.springframework.data.redis.core.DefaultReactiveZSetOperationsIntegrationTests.before(DefaultReactiveZSetOperationsIntegrationTests.java:96)
Caused by: io.netty.channel.AbstractChannel$AnnotatedConnectException: syscall:getsockopt(..) failed: Connection refused: /127.0.0.1:6379
Caused by: io.netty.channel.unix.Errors$NativeConnectException: syscall:getsockopt(..) failed: Connection refused
</error>
  </testcase>
  <testcase name="scan[String/Person/OXM]" classname="org.springframework.data.redis.core.DefaultReactiveZSetOperationsIntegrationTests" time="0.001">
    <error message="Unable to connect to Redis; nested exception is io.lettuce.core.RedisConnectionException: Unable to connect to 127.0.0.1:6379" type="org.springframework.data.redis.RedisConnectionFailureException">org.springframework.data.redis.RedisConnectionFailureException: Unable to connect to Redis; nested exception is io.lettuce.core.RedisConnectionException: Unable to connect to 127.0.0.1:6379
	at org.springframework.data.redis.core.DefaultReactiveZSetOperationsIntegrationTests.before(DefaultReactiveZSetOperationsIntegrationTests.java:96)
Caused by: io.lettuce.core.RedisConnectionException: Unable to connect to 127.0.0.1:6379
	at org.springframework.data.redis.core.DefaultReactiveZSetOperationsIntegrationTests.before(DefaultReactiveZSetOperationsIntegrationTests.java:96)
Caused by: io.netty.channel.AbstractChannel$AnnotatedConnectException: syscall:getsockopt(..) failed: Connection refused: /127.0.0.1:6379
Caused by: io.netty.channel.unix.Errors$NativeConnectException: syscall:getsockopt(..) failed: Connection refused
</error>
  </testcase>
  <testcase name="size[String/Person/OXM]" classname="org.springframework.data.redis.core.DefaultReactiveZSetOperationsIntegrationTests" time="0.001">
    <error message="Unable to connect to Redis; nested exception is io.lettuce.core.RedisConnectionException: Unable to connect to 127.0.0.1:6379" type="org.springframework.data.redis.RedisConnectionFailureException">org.springframework.data.redis.RedisConnectionFailureException: Unable to connect to Redis; nested exception is io.lettuce.core.RedisConnectionException: Unable to connect to 127.0.0.1:6379
	at org.springframework.data.redis.core.DefaultReactiveZSetOperationsIntegrationTests.before(DefaultReactiveZSetOperationsIntegrationTests.java:96)
Caused by: io.lettuce.core.RedisConnectionException: Unable to connect to 127.0.0.1:6379
	at org.springframework.data.redis.core.DefaultReactiveZSetOperationsIntegrationTests.before(DefaultReactiveZSetOperationsIntegrationTests.java:96)
Caused by: io.netty.channel.AbstractChannel$AnnotatedConnectException: syscall:getsockopt(..) failed: Connection refused: /127.0.0.1:6379
Caused by: io.netty.channel.unix.Errors$NativeConnectException: syscall:getsockopt(..) failed: Connection refused
</error>
  </testcase>
  <testcase name="unionAndStoreWithAggregation[String/Person/OXM]" classname="org.springframework.data.redis.core.DefaultReactiveZSetOperationsIntegrationTests" time="0.002">
    <error message="Unable to connect to Redis; nested exception is io.lettuce.core.RedisConnectionException: Unable to connect to 127.0.0.1:6379" type="org.springframework.data.redis.RedisConnectionFailureException">org.springframework.data.redis.RedisConnectionFailureException: Unable to connect to Redis; nested exception is io.lettuce.core.RedisConnectionException: Unable to connect to 127.0.0.1:6379
	at org.springframework.data.redis.core.DefaultReactiveZSetOperationsIntegrationTests.before(DefaultReactiveZSetOperationsIntegrationTests.java:96)
Caused by: io.lettuce.core.RedisConnectionException: Unable to connect to 127.0.0.1:6379
	at org.springframework.data.redis.core.DefaultReactiveZSetOperationsIntegrationTests.before(DefaultReactiveZSetOperationsIntegrationTests.java:96)
Caused by: io.netty.channel.AbstractChannel$AnnotatedConnectException: syscall:getsockopt(..) failed: Connection refused: /127.0.0.1:6379
Caused by: io.netty.channel.unix.Errors$NativeConnectException: syscall:getsockopt(..) failed: Connection refused
</error>
  </testcase>
  <testcase name="count[String/Person/OXM]" classname="org.springframework.data.redis.core.DefaultReactiveZSetOperationsIntegrationTests" time="0.002">
    <error message="Unable to connect to Redis; nested exception is io.lettuce.core.RedisConnectionException: Unable to connect to 127.0.0.1:6379" type="org.springframework.data.redis.RedisConnectionFailureException">org.springframework.data.redis.RedisConnectionFailureException: Unable to connect to Redis; nested exception is io.lettuce.core.RedisConnectionException: Unable to connect to 127.0.0.1:6379
	at org.springframework.data.redis.core.DefaultReactiveZSetOperationsIntegrationTests.before(DefaultReactiveZSetOperationsIntegrationTests.java:96)
Caused by: io.lettuce.core.RedisConnectionException: Unable to connect to 127.0.0.1:6379
	at org.springframework.data.redis.core.DefaultReactiveZSetOperationsIntegrationTests.before(DefaultReactiveZSetOperationsIntegrationTests.java:96)
Caused by: io.netty.channel.AbstractChannel$AnnotatedConnectException: syscall:getsockopt(..) failed: Connection refused: /127.0.0.1:6379
Caused by: io.netty.channel.unix.Errors$NativeConnectException: syscall:getsockopt(..) failed: Connection refused
</error>
  </testcase>
  <testcase name="range[String/Person/OXM]" classname="org.springframework.data.redis.core.DefaultReactiveZSetOperationsIntegrationTests" time="0.002">
    <error message="Unable to connect to Redis; nested exception is io.lettuce.core.RedisConnectionException: Unable to connect to 127.0.0.1:6379" type="org.springframework.data.redis.RedisConnectionFailureException">org.springframework.data.redis.RedisConnectionFailureException: Unable to connect to Redis; nested exception is io.lettuce.core.RedisConnectionException: Unable to connect to 127.0.0.1:6379
	at org.springframework.data.redis.core.DefaultReactiveZSetOperationsIntegrationTests.before(DefaultReactiveZSetOperationsIntegrationTests.java:96)
Caused by: io.lettuce.core.RedisConnectionException: Unable to connect to 127.0.0.1:6379
	at org.springframework.data.redis.core.DefaultReactiveZSetOperationsIntegrationTests.before(DefaultReactiveZSetOperationsIntegrationTests.java:96)
Caused by: io.netty.channel.AbstractChannel$AnnotatedConnectException: syscall:getsockopt(..) failed: Connection refused: /127.0.0.1:6379
Caused by: io.netty.channel.unix.Errors$NativeConnectException: syscall:getsockopt(..) failed: Connection refused
</error>
  </testcase>
  <testcase name="score[String/Person/OXM]" classname="org.springframework.data.redis.core.DefaultReactiveZSetOperationsIntegrationTests" time="0.001">
    <error message="Unable to connect to Redis; nested exception is io.lettuce.core.RedisConnectionException: Unable to connect to 127.0.0.1:6379" type="org.springframework.data.redis.RedisConnectionFailureException">org.springframework.data.redis.RedisConnectionFailureException: Unable to connect to Redis; nested exception is io.lettuce.core.RedisConnectionException: Unable to connect to 127.0.0.1:6379
	at org.springframework.data.redis.core.DefaultReactiveZSetOperationsIntegrationTests.before(DefaultReactiveZSetOperationsIntegrationTests.java:96)
Caused by: io.lettuce.core.RedisConnectionException: Unable to connect to 127.0.0.1:6379
	at org.springframework.data.redis.core.DefaultReactiveZSetOperationsIntegrationTests.before(DefaultReactiveZSetOperationsIntegrationTests.java:96)
Caused by: io.netty.channel.AbstractChannel$AnnotatedConnectException: syscall:getsockopt(..) failed: Connection refused: /127.0.0.1:6379
Caused by: io.netty.channel.unix.Errors$NativeConnectException: syscall:getsockopt(..) failed: Connection refused
</error>
  </testcase>
  <testcase name="reverseRangeByScoreWithScores[String/Person/OXM]" classname="org.springframework.data.redis.core.DefaultReactiveZSetOperationsIntegrationTests" time="0.001">
    <error message="Unable to connect to Redis; nested exception is io.lettuce.core.RedisConnectionException: Unable to connect to 127.0.0.1:6379" type="org.springframework.data.redis.RedisConnectionFailureException">org.springframework.data.redis.RedisConnectionFailureException: Unable to connect to Redis; nested exception is io.lettuce.core.RedisConnectionException: Unable to connect to 127.0.0.1:6379
	at org.springframework.data.redis.core.DefaultReactiveZSetOperationsIntegrationTests.before(DefaultReactiveZSetOperationsIntegrationTests.java:96)
Caused by: io.lettuce.core.RedisConnectionException: Unable to connect to 127.0.0.1:6379
	at org.springframework.data.redis.core.DefaultReactiveZSetOperationsIntegrationTests.before(DefaultReactiveZSetOperationsIntegrationTests.java:96)
Caused by: io.netty.channel.AbstractChannel$AnnotatedConnectException: syscall:getsockopt(..) failed: Connection refused: /127.0.0.1:6379
Caused by: io.netty.channel.unix.Errors$NativeConnectException: syscall:getsockopt(..) failed: Connection refused
</error>
  </testcase>
  <testcase name="rangeByLexWithLimit[String/Person/OXM]" classname="org.springframework.data.redis.core.DefaultReactiveZSetOperationsIntegrationTests" time="0.001">
    <error message="Unable to connect to Redis; nested exception is io.lettuce.core.RedisConnectionException: Unable to connect to 127.0.0.1:6379" type="org.springframework.data.redis.RedisConnectionFailureException">org.springframework.data.redis.RedisConnectionFailureException: Unable to connect to Redis; nested exception is io.lettuce.core.RedisConnectionException: Unable to connect to 127.0.0.1:6379
	at org.springframework.data.redis.core.DefaultReactiveZSetOperationsIntegrationTests.before(DefaultReactiveZSetOperationsIntegrationTests.java:96)
Caused by: io.lettuce.core.RedisConnectionException: Unable to connect to 127.0.0.1:6379
	at org.springframework.data.redis.core.DefaultReactiveZSetOperationsIntegrationTests.before(DefaultReactiveZSetOperationsIntegrationTests.java:96)
Caused by: io.netty.channel.AbstractChannel$AnnotatedConnectException: syscall:getsockopt(..) failed: Connection refused: /127.0.0.1:6379
Caused by: io.netty.channel.unix.Errors$NativeConnectException: syscall:getsockopt(..) failed: Connection refused
</error>
  </testcase>
  <testcase name="reverseRangeWithScores[String/Person/OXM]" classname="org.springframework.data.redis.core.DefaultReactiveZSetOperationsIntegrationTests" time="0.001">
    <error message="Unable to connect to Redis; nested exception is io.lettuce.core.RedisConnectionException: Unable to connect to 127.0.0.1:6379" type="org.springframework.data.redis.RedisConnectionFailureException">org.springframework.data.redis.RedisConnectionFailureException: Unable to connect to Redis; nested exception is io.lettuce.core.RedisConnectionException: Unable to connect to 127.0.0.1:6379
	at org.springframework.data.redis.core.DefaultReactiveZSetOperationsIntegrationTests.before(DefaultReactiveZSetOperationsIntegrationTests.java:96)
Caused by: io.lettuce.core.RedisConnectionException: Unable to connect to 127.0.0.1:6379
	at org.springframework.data.redis.core.DefaultReactiveZSetOperationsIntegrationTests.before(DefaultReactiveZSetOperationsIntegrationTests.java:96)
Caused by: io.netty.channel.AbstractChannel$AnnotatedConnectException: syscall:getsockopt(..) failed: Connection refused: /127.0.0.1:6379
Caused by: io.netty.channel.unix.Errors$NativeConnectException: syscall:getsockopt(..) failed: Connection refused
</error>
  </testcase>
  <testcase name="reverseRank[String/Person/OXM]" classname="org.springframework.data.redis.core.DefaultReactiveZSetOperationsIntegrationTests" time="0.001">
    <error message="Unable to connect to Redis; nested exception is io.lettuce.core.RedisConnectionException: Unable to connect to 127.0.0.1:6379" type="org.springframework.data.redis.RedisConnectionFailureException">org.springframework.data.redis.RedisConnectionFailureException: Unable to connect to Redis; nested exception is io.lettuce.core.RedisConnectionException: Unable to connect to 127.0.0.1:6379
	at org.springframework.data.redis.core.DefaultReactiveZSetOperationsIntegrationTests.before(DefaultReactiveZSetOperationsIntegrationTests.java:96)
Caused by: io.lettuce.core.RedisConnectionException: Unable to connect to 127.0.0.1:6379
	at org.springframework.data.redis.core.DefaultReactiveZSetOperationsIntegrationTests.before(DefaultReactiveZSetOperationsIntegrationTests.java:96)
Caused by: io.netty.channel.AbstractChannel$AnnotatedConnectException: syscall:getsockopt(..) failed: Connection refused: /127.0.0.1:6379
Caused by: io.netty.channel.unix.Errors$NativeConnectException: syscall:getsockopt(..) failed: Connection refused
</error>
  </testcase>
  <testcase name="reverseRangeByScoreWithLimit[String/Person/OXM]" classname="org.springframework.data.redis.core.DefaultReactiveZSetOperationsIntegrationTests" time="0.001">
    <error message="Unable to connect to Redis; nested exception is io.lettuce.core.RedisConnectionException: Unable to connect to 127.0.0.1:6379" type="org.springframework.data.redis.RedisConnectionFailureException">org.springframework.data.redis.RedisConnectionFailureException: Unable to connect to Redis; nested exception is io.lettuce.core.RedisConnectionException: Unable to connect to 127.0.0.1:6379
	at org.springframework.data.redis.core.DefaultReactiveZSetOperationsIntegrationTests.before(DefaultReactiveZSetOperationsIntegrationTests.java:96)
Caused by: io.lettuce.core.RedisConnectionException: Unable to connect to 127.0.0.1:6379
	at org.springframework.data.redis.core.DefaultReactiveZSetOperationsIntegrationTests.before(DefaultReactiveZSetOperationsIntegrationTests.java:96)
Caused by: io.netty.channel.AbstractChannel$AnnotatedConnectException: syscall:getsockopt(..) failed: Connection refused: /127.0.0.1:6379
Caused by: io.netty.channel.unix.Errors$NativeConnectException: syscall:getsockopt(..) failed: Connection refused
</error>
  </testcase>
  <testcase name="incrementScore[String/Person/OXM]" classname="org.springframework.data.redis.core.DefaultReactiveZSetOperationsIntegrationTests" time="0.002">
    <error message="Unable to connect to Redis; nested exception is io.lettuce.core.RedisConnectionException: Unable to connect to 127.0.0.1:6379" type="org.springframework.data.redis.RedisConnectionFailureException">org.springframework.data.redis.RedisConnectionFailureException: Unable to connect to Redis; nested exception is io.lettuce.core.RedisConnectionException: Unable to connect to 127.0.0.1:6379
	at org.springframework.data.redis.core.DefaultReactiveZSetOperationsIntegrationTests.before(DefaultReactiveZSetOperationsIntegrationTests.java:96)
Caused by: io.lettuce.core.RedisConnectionException: Unable to connect to 127.0.0.1:6379
	at org.springframework.data.redis.core.DefaultReactiveZSetOperationsIntegrationTests.before(DefaultReactiveZSetOperationsIntegrationTests.java:96)
Caused by: io.netty.channel.AbstractChannel$AnnotatedConnectException: syscall:getsockopt(..) failed: Connection refused: /127.0.0.1:6379
Caused by: io.netty.channel.unix.Errors$NativeConnectException: syscall:getsockopt(..) failed: Connection refused
</error>
  </testcase>
  <testcase name="intersectAndStoreWithAggregation[String/Person/OXM]" classname="org.springframework.data.redis.core.DefaultReactiveZSetOperationsIntegrationTests" time="0.001">
    <error message="Unable to connect to Redis; nested exception is io.lettuce.core.RedisConnectionException: Unable to connect to 127.0.0.1:6379" type="org.springframework.data.redis.RedisConnectionFailureException">org.springframework.data.redis.RedisConnectionFailureException: Unable to connect to Redis; nested exception is io.lettuce.core.RedisConnectionException: Unable to connect to 127.0.0.1:6379
	at org.springframework.data.redis.core.DefaultReactiveZSetOperationsIntegrationTests.before(DefaultReactiveZSetOperationsIntegrationTests.java:96)
Caused by: io.lettuce.core.RedisConnectionException: Unable to connect to 127.0.0.1:6379
	at org.springframework.data.redis.core.DefaultReactiveZSetOperationsIntegrationTests.before(DefaultReactiveZSetOperationsIntegrationTests.java:96)
Caused by: io.netty.channel.AbstractChannel$AnnotatedConnectException: syscall:getsockopt(..) failed: Connection refused: /127.0.0.1:6379
Caused by: io.netty.channel.unix.Errors$NativeConnectException: syscall:getsockopt(..) failed: Connection refused
</error>
  </testcase>
  <testcase name="rangeByScoreWithLimit[String/Person/OXM]" classname="org.springframework.data.redis.core.DefaultReactiveZSetOperationsIntegrationTests" time="0.001">
    <error message="Unable to connect to Redis; nested exception is io.lettuce.core.RedisConnectionException: Unable to connect to 127.0.0.1:6379" type="org.springframework.data.redis.RedisConnectionFailureException">org.springframework.data.redis.RedisConnectionFailureException: Unable to connect to Redis; nested exception is io.lettuce.core.RedisConnectionException: Unable to connect to 127.0.0.1:6379
	at org.springframework.data.redis.core.DefaultReactiveZSetOperationsIntegrationTests.before(DefaultReactiveZSetOperationsIntegrationTests.java:96)
Caused by: io.lettuce.core.RedisConnectionException: Unable to connect to 127.0.0.1:6379
	at org.springframework.data.redis.core.DefaultReactiveZSetOperationsIntegrationTests.before(DefaultReactiveZSetOperationsIntegrationTests.java:96)
Caused by: io.netty.channel.AbstractChannel$AnnotatedConnectException: syscall:getsockopt(..) failed: Connection refused: /127.0.0.1:6379
Caused by: io.netty.channel.unix.Errors$NativeConnectException: syscall:getsockopt(..) failed: Connection refused
</error>
  </testcase>
  <testcase name="removeRangeByScore[Jackson2]" classname="org.springframework.data.redis.core.DefaultReactiveZSetOperationsIntegrationTests" time="0.001">
    <error message="Unable to connect to Redis; nested exception is io.lettuce.core.RedisConnectionException: Unable to connect to 127.0.0.1:6379" type="org.springframework.data.redis.RedisConnectionFailureException">org.springframework.data.redis.RedisConnectionFailureException: Unable to connect to Redis; nested exception is io.lettuce.core.RedisConnectionException: Unable to connect to 127.0.0.1:6379
	at org.springframework.data.redis.core.DefaultReactiveZSetOperationsIntegrationTests.before(DefaultReactiveZSetOperationsIntegrationTests.java:96)
Caused by: io.lettuce.core.RedisConnectionException: Unable to connect to 127.0.0.1:6379
	at org.springframework.data.redis.core.DefaultReactiveZSetOperationsIntegrationTests.before(DefaultReactiveZSetOperationsIntegrationTests.java:96)
Caused by: io.netty.channel.AbstractChannel$AnnotatedConnectException: syscall:getsockopt(..) failed: Connection refused: /127.0.0.1:6379
Caused by: io.netty.channel.unix.Errors$NativeConnectException: syscall:getsockopt(..) failed: Connection refused
</error>
  </testcase>
  <testcase name="rangeByLex[Jackson2]" classname="org.springframework.data.redis.core.DefaultReactiveZSetOperationsIntegrationTests" time="0.001">
    <error message="Unable to connect to Redis; nested exception is io.lettuce.core.RedisConnectionException: Unable to connect to 127.0.0.1:6379" type="org.springframework.data.redis.RedisConnectionFailureException">org.springframework.data.redis.RedisConnectionFailureException: Unable to connect to Redis; nested exception is io.lettuce.core.RedisConnectionException: Unable to connect to 127.0.0.1:6379
	at org.springframework.data.redis.core.DefaultReactiveZSetOperationsIntegrationTests.before(DefaultReactiveZSetOperationsIntegrationTests.java:96)
Caused by: io.lettuce.core.RedisConnectionException: Unable to connect to 127.0.0.1:6379
	at org.springframework.data.redis.core.DefaultReactiveZSetOperationsIntegrationTests.before(DefaultReactiveZSetOperationsIntegrationTests.java:96)
Caused by: io.netty.channel.AbstractChannel$AnnotatedConnectException: syscall:getsockopt(..) failed: Connection refused: /127.0.0.1:6379
Caused by: io.netty.channel.unix.Errors$NativeConnectException: syscall:getsockopt(..) failed: Connection refused
</error>
  </testcase>
  <testcase name="addAll[Jackson2]" classname="org.springframework.data.redis.core.DefaultReactiveZSetOperationsIntegrationTests" time="0.001">
    <error message="Unable to connect to Redis; nested exception is io.lettuce.core.RedisConnectionException: Unable to connect to 127.0.0.1:6379" type="org.springframework.data.redis.RedisConnectionFailureException">org.springframework.data.redis.RedisConnectionFailureException: Unable to connect to Redis; nested exception is io.lettuce.core.RedisConnectionException: Unable to connect to 127.0.0.1:6379
	at org.springframework.data.redis.core.DefaultReactiveZSetOperationsIntegrationTests.before(DefaultReactiveZSetOperationsIntegrationTests.java:96)
Caused by: io.lettuce.core.RedisConnectionException: Unable to connect to 127.0.0.1:6379
	at org.springframework.data.redis.core.DefaultReactiveZSetOperationsIntegrationTests.before(DefaultReactiveZSetOperationsIntegrationTests.java:96)
Caused by: io.netty.channel.AbstractChannel$AnnotatedConnectException: syscall:getsockopt(..) failed: Connection refused: /127.0.0.1:6379
Caused by: io.netty.channel.unix.Errors$NativeConnectException: syscall:getsockopt(..) failed: Connection refused
</error>
  </testcase>
  <testcase name="rangeByScoreWithScoresWithLimit[Jackson2]" classname="org.springframework.data.redis.core.DefaultReactiveZSetOperationsIntegrationTests" time="0.001">
    <error message="Unable to connect to Redis; nested exception is io.lettuce.core.RedisConnectionException: Unable to connect to 127.0.0.1:6379" type="org.springframework.data.redis.RedisConnectionFailureException">org.springframework.data.redis.RedisConnectionFailureException: Unable to connect to Redis; nested exception is io.lettuce.core.RedisConnectionException: Unable to connect to 127.0.0.1:6379
	at org.springframework.data.redis.core.DefaultReactiveZSetOperationsIntegrationTests.before(DefaultReactiveZSetOperationsIntegrationTests.java:96)
Caused by: io.lettuce.core.RedisConnectionException: Unable to connect to 127.0.0.1:6379
	at org.springframework.data.redis.core.DefaultReactiveZSetOperationsIntegrationTests.before(DefaultReactiveZSetOperationsIntegrationTests.java:96)
Caused by: io.netty.channel.AbstractChannel$AnnotatedConnectException: syscall:getsockopt(..) failed: Connection refused: /127.0.0.1:6379
Caused by: io.netty.channel.unix.Errors$NativeConnectException: syscall:getsockopt(..) failed: Connection refused
</error>
  </testcase>
  <testcase name="delete[Jackson2]" classname="org.springframework.data.redis.core.DefaultReactiveZSetOperationsIntegrationTests" time="0.001">
    <error message="Unable to connect to Redis; nested exception is io.lettuce.core.RedisConnectionException: Unable to connect to 127.0.0.1:6379" type="org.springframework.data.redis.RedisConnectionFailureException">org.springframework.data.redis.RedisConnectionFailureException: Unable to connect to Redis; nested exception is io.lettuce.core.RedisConnectionException: Unable to connect to 127.0.0.1:6379
	at org.springframework.data.redis.core.DefaultReactiveZSetOperationsIntegrationTests.before(DefaultReactiveZSetOperationsIntegrationTests.java:96)
Caused by: io.lettuce.core.RedisConnectionException: Unable to connect to 127.0.0.1:6379
	at org.springframework.data.redis.core.DefaultReactiveZSetOperationsIntegrationTests.before(DefaultReactiveZSetOperationsIntegrationTests.java:96)
Caused by: io.netty.channel.AbstractChannel$AnnotatedConnectException: syscall:getsockopt(..) failed: Connection refused: /127.0.0.1:6379
Caused by: io.netty.channel.unix.Errors$NativeConnectException: syscall:getsockopt(..) failed: Connection refused
</error>
  </testcase>
  <testcase name="intersectAndStore[Jackson2]" classname="org.springframework.data.redis.core.DefaultReactiveZSetOperationsIntegrationTests" time="0.002">
    <error message="Unable to connect to Redis; nested exception is io.lettuce.core.RedisConnectionException: Unable to connect to 127.0.0.1:6379" type="org.springframework.data.redis.RedisConnectionFailureException">org.springframework.data.redis.RedisConnectionFailureException: Unable to connect to Redis; nested exception is io.lettuce.core.RedisConnectionException: Unable to connect to 127.0.0.1:6379
	at org.springframework.data.redis.core.DefaultReactiveZSetOperationsIntegrationTests.before(DefaultReactiveZSetOperationsIntegrationTests.java:96)
Caused by: io.lettuce.core.RedisConnectionException: Unable to connect to 127.0.0.1:6379
	at org.springframework.data.redis.core.DefaultReactiveZSetOperationsIntegrationTests.before(DefaultReactiveZSetOperationsIntegrationTests.java:96)
Caused by: io.netty.channel.AbstractChannel$AnnotatedConnectException: syscall:getsockopt(..) failed: Connection refused: /127.0.0.1:6379
Caused by: io.netty.channel.unix.Errors$NativeConnectException: syscall:getsockopt(..) failed: Connection refused
</error>
  </testcase>
  <testcase name="remove[Jackson2]" classname="org.springframework.data.redis.core.DefaultReactiveZSetOperationsIntegrationTests" time="0.001">
    <error message="Unable to connect to Redis; nested exception is io.lettuce.core.RedisConnectionException: Unable to connect to 127.0.0.1:6379" type="org.springframework.data.redis.RedisConnectionFailureException">org.springframework.data.redis.RedisConnectionFailureException: Unable to connect to Redis; nested exception is io.lettuce.core.RedisConnectionException: Unable to connect to 127.0.0.1:6379
	at org.springframework.data.redis.core.DefaultReactiveZSetOperationsIntegrationTests.before(DefaultReactiveZSetOperationsIntegrationTests.java:96)
Caused by: io.lettuce.core.RedisConnectionException: Unable to connect to 127.0.0.1:6379
	at org.springframework.data.redis.core.DefaultReactiveZSetOperationsIntegrationTests.before(DefaultReactiveZSetOperationsIntegrationTests.java:96)
Caused by: io.netty.channel.AbstractChannel$AnnotatedConnectException: syscall:getsockopt(..) failed: Connection refused: /127.0.0.1:6379
Caused by: io.netty.channel.unix.Errors$NativeConnectException: syscall:getsockopt(..) failed: Connection refused
</error>
  </testcase>
  <testcase name="unionAndStore[Jackson2]" classname="org.springframework.data.redis.core.DefaultReactiveZSetOperationsIntegrationTests" time="0.001">
    <error message="Unable to connect to Redis; nested exception is io.lettuce.core.RedisConnectionException: Unable to connect to 127.0.0.1:6379" type="org.springframework.data.redis.RedisConnectionFailureException">org.springframework.data.redis.RedisConnectionFailureException: Unable to connect to Redis; nested exception is io.lettuce.core.RedisConnectionException: Unable to connect to 127.0.0.1:6379
	at org.springframework.data.redis.core.DefaultReactiveZSetOperationsIntegrationTests.before(DefaultReactiveZSetOperationsIntegrationTests.java:96)
Caused by: io.lettuce.core.RedisConnectionException: Unable to connect to 127.0.0.1:6379
	at org.springframework.data.redis.core.DefaultReactiveZSetOperationsIntegrationTests.before(DefaultReactiveZSetOperationsIntegrationTests.java:96)
Caused by: io.netty.channel.AbstractChannel$AnnotatedConnectException: syscall:getsockopt(..) failed: Connection refused: /127.0.0.1:6379
Caused by: io.netty.channel.unix.Errors$NativeConnectException: syscall:getsockopt(..) failed: Connection refused
</error>
  </testcase>
  <testcase name="reverseRangeByScoreWithScoresWithLimit[Jackson2]" classname="org.springframework.data.redis.core.DefaultReactiveZSetOperationsIntegrationTests" time="0.001">
    <error message="Unable to connect to Redis; nested exception is io.lettuce.core.RedisConnectionException: Unable to connect to 127.0.0.1:6379" type="org.springframework.data.redis.RedisConnectionFailureException">org.springframework.data.redis.RedisConnectionFailureException: Unable to connect to Redis; nested exception is io.lettuce.core.RedisConnectionException: Unable to connect to 127.0.0.1:6379
	at org.springframework.data.redis.core.DefaultReactiveZSetOperationsIntegrationTests.before(DefaultReactiveZSetOperationsIntegrationTests.java:96)
Caused by: io.lettuce.core.RedisConnectionException: Unable to connect to 127.0.0.1:6379
	at org.springframework.data.redis.core.DefaultReactiveZSetOperationsIntegrationTests.before(DefaultReactiveZSetOperationsIntegrationTests.java:96)
Caused by: io.netty.channel.AbstractChannel$AnnotatedConnectException: syscall:getsockopt(..) failed: Connection refused: /127.0.0.1:6379
Caused by: io.netty.channel.unix.Errors$NativeConnectException: syscall:getsockopt(..) failed: Connection refused
</error>
  </testcase>
  <testcase name="reverseRangeByLexLimit[Jackson2]" classname="org.springframework.data.redis.core.DefaultReactiveZSetOperationsIntegrationTests" time="0.001">
    <error message="Unable to connect to Redis; nested exception is io.lettuce.core.RedisConnectionException: Unable to connect to 127.0.0.1:6379" type="org.springframework.data.redis.RedisConnectionFailureException">org.springframework.data.redis.RedisConnectionFailureException: Unable to connect to Redis; nested exception is io.lettuce.core.RedisConnectionException: Unable to connect to 127.0.0.1:6379
	at org.springframework.data.redis.core.DefaultReactiveZSetOperationsIntegrationTests.before(DefaultReactiveZSetOperationsIntegrationTests.java:96)
Caused by: io.lettuce.core.RedisConnectionException: Unable to connect to 127.0.0.1:6379
	at org.springframework.data.redis.core.DefaultReactiveZSetOperationsIntegrationTests.before(DefaultReactiveZSetOperationsIntegrationTests.java:96)
Caused by: io.netty.channel.AbstractChannel$AnnotatedConnectException: syscall:getsockopt(..) failed: Connection refused: /127.0.0.1:6379
Caused by: io.netty.channel.unix.Errors$NativeConnectException: syscall:getsockopt(..) failed: Connection refused
</error>
  </testcase>
  <testcase name="reverseRangeByScore[Jackson2]" classname="org.springframework.data.redis.core.DefaultReactiveZSetOperationsIntegrationTests" time="0.001">
    <error message="Unable to connect to Redis; nested exception is io.lettuce.core.RedisConnectionException: Unable to connect to 127.0.0.1:6379" type="org.springframework.data.redis.RedisConnectionFailureException">org.springframework.data.redis.RedisConnectionFailureException: Unable to connect to Redis; nested exception is io.lettuce.core.RedisConnectionException: Unable to connect to 127.0.0.1:6379
	at org.springframework.data.redis.core.DefaultReactiveZSetOperationsIntegrationTests.before(DefaultReactiveZSetOperationsIntegrationTests.java:96)
Caused by: io.lettuce.core.RedisConnectionException: Unable to connect to 127.0.0.1:6379
	at org.springframework.data.redis.core.DefaultReactiveZSetOperationsIntegrationTests.before(DefaultReactiveZSetOperationsIntegrationTests.java:96)
Caused by: io.netty.channel.AbstractChannel$AnnotatedConnectException: syscall:getsockopt(..) failed: Connection refused: /127.0.0.1:6379
Caused by: io.netty.channel.unix.Errors$NativeConnectException: syscall:getsockopt(..) failed: Connection refused
</error>
  </testcase>
  <testcase name="rangeWithScores[Jackson2]" classname="org.springframework.data.redis.core.DefaultReactiveZSetOperationsIntegrationTests" time="0.001">
    <error message="Unable to connect to Redis; nested exception is io.lettuce.core.RedisConnectionException: Unable to connect to 127.0.0.1:6379" type="org.springframework.data.redis.RedisConnectionFailureException">org.springframework.data.redis.RedisConnectionFailureException: Unable to connect to Redis; nested exception is io.lettuce.core.RedisConnectionException: Unable to connect to 127.0.0.1:6379
	at org.springframework.data.redis.core.DefaultReactiveZSetOperationsIntegrationTests.before(DefaultReactiveZSetOperationsIntegrationTests.java:96)
Caused by: io.lettuce.core.RedisConnectionException: Unable to connect to 127.0.0.1:6379
	at org.springframework.data.redis.core.DefaultReactiveZSetOperationsIntegrationTests.before(DefaultReactiveZSetOperationsIntegrationTests.java:96)
Caused by: io.netty.channel.AbstractChannel$AnnotatedConnectException: syscall:getsockopt(..) failed: Connection refused: /127.0.0.1:6379
Caused by: io.netty.channel.unix.Errors$NativeConnectException: syscall:getsockopt(..) failed: Connection refused
</error>
  </testcase>
  <testcase name="reverseRangeByLex[Jackson2]" classname="org.springframework.data.redis.core.DefaultReactiveZSetOperationsIntegrationTests" time="0.001">
    <error message="Unable to connect to Redis; nested exception is io.lettuce.core.RedisConnectionException: Unable to connect to 127.0.0.1:6379" type="org.springframework.data.redis.RedisConnectionFailureException">org.springframework.data.redis.RedisConnectionFailureException: Unable to connect to Redis; nested exception is io.lettuce.core.RedisConnectionException: Unable to connect to 127.0.0.1:6379
	at org.springframework.data.redis.core.DefaultReactiveZSetOperationsIntegrationTests.before(DefaultReactiveZSetOperationsIntegrationTests.java:96)
Caused by: io.lettuce.core.RedisConnectionException: Unable to connect to 127.0.0.1:6379
	at org.springframework.data.redis.core.DefaultReactiveZSetOperationsIntegrationTests.before(DefaultReactiveZSetOperationsIntegrationTests.java:96)
Caused by: io.netty.channel.AbstractChannel$AnnotatedConnectException: syscall:getsockopt(..) failed: Connection refused: /127.0.0.1:6379
Caused by: io.netty.channel.unix.Errors$NativeConnectException: syscall:getsockopt(..) failed: Connection refused
</error>
  </testcase>
  <testcase name="rangeByScore[Jackson2]" classname="org.springframework.data.redis.core.DefaultReactiveZSetOperationsIntegrationTests" time="0.001">
    <error message="Unable to connect to Redis; nested exception is io.lettuce.core.RedisConnectionException: Unable to connect to 127.0.0.1:6379" type="org.springframework.data.redis.RedisConnectionFailureException">org.springframework.data.redis.RedisConnectionFailureException: Unable to connect to Redis; nested exception is io.lettuce.core.RedisConnectionException: Unable to connect to 127.0.0.1:6379
	at org.springframework.data.redis.core.DefaultReactiveZSetOperationsIntegrationTests.before(DefaultReactiveZSetOperationsIntegrationTests.java:96)
Caused by: io.lettuce.core.RedisConnectionException: Unable to connect to 127.0.0.1:6379
	at org.springframework.data.redis.core.DefaultReactiveZSetOperationsIntegrationTests.before(DefaultReactiveZSetOperationsIntegrationTests.java:96)
Caused by: io.netty.channel.AbstractChannel$AnnotatedConnectException: syscall:getsockopt(..) failed: Connection refused: /127.0.0.1:6379
Caused by: io.netty.channel.unix.Errors$NativeConnectException: syscall:getsockopt(..) failed: Connection refused
</error>
  </testcase>
  <testcase name="removeRange[Jackson2]" classname="org.springframework.data.redis.core.DefaultReactiveZSetOperationsIntegrationTests" time="0.001">
    <error message="Unable to connect to Redis; nested exception is io.lettuce.core.RedisConnectionException: Unable to connect to 127.0.0.1:6379" type="org.springframework.data.redis.RedisConnectionFailureException">org.springframework.data.redis.RedisConnectionFailureException: Unable to connect to Redis; nested exception is io.lettuce.core.RedisConnectionException: Unable to connect to 127.0.0.1:6379
	at org.springframework.data.redis.core.DefaultReactiveZSetOperationsIntegrationTests.before(DefaultReactiveZSetOperationsIntegrationTests.java:96)
Caused by: io.lettuce.core.RedisConnectionException: Unable to connect to 127.0.0.1:6379
	at org.springframework.data.redis.core.DefaultReactiveZSetOperationsIntegrationTests.before(DefaultReactiveZSetOperationsIntegrationTests.java:96)
Caused by: io.netty.channel.AbstractChannel$AnnotatedConnectException: syscall:getsockopt(..) failed: Connection refused: /127.0.0.1:6379
Caused by: io.netty.channel.unix.Errors$NativeConnectException: syscall:getsockopt(..) failed: Connection refused
</error>
  </testcase>
  <testcase name="rangeByScoreWithScores[Jackson2]" classname="org.springframework.data.redis.core.DefaultReactiveZSetOperationsIntegrationTests" time="0.001">
    <error message="Unable to connect to Redis; nested exception is io.lettuce.core.RedisConnectionException: Unable to connect to 127.0.0.1:6379" type="org.springframework.data.redis.RedisConnectionFailureException">org.springframework.data.redis.RedisConnectionFailureException: Unable to connect to Redis; nested exception is io.lettuce.core.RedisConnectionException: Unable to connect to 127.0.0.1:6379
	at org.springframework.data.redis.core.DefaultReactiveZSetOperationsIntegrationTests.before(DefaultReactiveZSetOperationsIntegrationTests.java:96)
Caused by: io.lettuce.core.RedisConnectionException: Unable to connect to 127.0.0.1:6379
	at org.springframework.data.redis.core.DefaultReactiveZSetOperationsIntegrationTests.before(DefaultReactiveZSetOperationsIntegrationTests.java:96)
Caused by: io.netty.channel.AbstractChannel$AnnotatedConnectException: syscall:getsockopt(..) failed: Connection refused: /127.0.0.1:6379
Caused by: io.netty.channel.unix.Errors$NativeConnectException: syscall:getsockopt(..) failed: Connection refused
</error>
  </testcase>
  <testcase name="reverseRange[Jackson2]" classname="org.springframework.data.redis.core.DefaultReactiveZSetOperationsIntegrationTests" time="0.001">
    <error message="Unable to connect to Redis; nested exception is io.lettuce.core.RedisConnectionException: Unable to connect to 127.0.0.1:6379" type="org.springframework.data.redis.RedisConnectionFailureException">org.springframework.data.redis.RedisConnectionFailureException: Unable to connect to Redis; nested exception is io.lettuce.core.RedisConnectionException: Unable to connect to 127.0.0.1:6379
	at org.springframework.data.redis.core.DefaultReactiveZSetOperationsIntegrationTests.before(DefaultReactiveZSetOperationsIntegrationTests.java:96)
Caused by: io.lettuce.core.RedisConnectionException: Unable to connect to 127.0.0.1:6379
	at org.springframework.data.redis.core.DefaultReactiveZSetOperationsIntegrationTests.before(DefaultReactiveZSetOperationsIntegrationTests.java:96)
Caused by: io.netty.channel.AbstractChannel$AnnotatedConnectException: syscall:getsockopt(..) failed: Connection refused: /127.0.0.1:6379
Caused by: io.netty.channel.unix.Errors$NativeConnectException: syscall:getsockopt(..) failed: Connection refused
</error>
  </testcase>
  <testcase name="add[Jackson2]" classname="org.springframework.data.redis.core.DefaultReactiveZSetOperationsIntegrationTests" time="0.001">
    <error message="Unable to connect to Redis; nested exception is io.lettuce.core.RedisConnectionException: Unable to connect to 127.0.0.1:6379" type="org.springframework.data.redis.RedisConnectionFailureException">org.springframework.data.redis.RedisConnectionFailureException: Unable to connect to Redis; nested exception is io.lettuce.core.RedisConnectionException: Unable to connect to 127.0.0.1:6379
	at org.springframework.data.redis.core.DefaultReactiveZSetOperationsIntegrationTests.before(DefaultReactiveZSetOperationsIntegrationTests.java:96)
Caused by: io.lettuce.core.RedisConnectionException: Unable to connect to 127.0.0.1:6379
	at org.springframework.data.redis.core.DefaultReactiveZSetOperationsIntegrationTests.before(DefaultReactiveZSetOperationsIntegrationTests.java:96)
Caused by: io.netty.channel.AbstractChannel$AnnotatedConnectException: syscall:getsockopt(..) failed: Connection refused: /127.0.0.1:6379
Caused by: io.netty.channel.unix.Errors$NativeConnectException: syscall:getsockopt(..) failed: Connection refused
</error>
  </testcase>
  <testcase name="rank[Jackson2]" classname="org.springframework.data.redis.core.DefaultReactiveZSetOperationsIntegrationTests" time="0">
    <error message="Unable to connect to Redis; nested exception is io.lettuce.core.RedisConnectionException: Unable to connect to 127.0.0.1:6379" type="org.springframework.data.redis.RedisConnectionFailureException">org.springframework.data.redis.RedisConnectionFailureException: Unable to connect to Redis; nested exception is io.lettuce.core.RedisConnectionException: Unable to connect to 127.0.0.1:6379
	at org.springframework.data.redis.core.DefaultReactiveZSetOperationsIntegrationTests.before(DefaultReactiveZSetOperationsIntegrationTests.java:96)
Caused by: io.lettuce.core.RedisConnectionException: Unable to connect to 127.0.0.1:6379
	at org.springframework.data.redis.core.DefaultReactiveZSetOperationsIntegrationTests.before(DefaultReactiveZSetOperationsIntegrationTests.java:96)
Caused by: io.netty.channel.AbstractChannel$AnnotatedConnectException: syscall:getsockopt(..) failed: Connection refused: /127.0.0.1:6379
Caused by: io.netty.channel.unix.Errors$NativeConnectException: syscall:getsockopt(..) failed: Connection refused
</error>
  </testcase>
  <testcase name="scan[Jackson2]" classname="org.springframework.data.redis.core.DefaultReactiveZSetOperationsIntegrationTests" time="0.001">
    <error message="Unable to connect to Redis; nested exception is io.lettuce.core.RedisConnectionException: Unable to connect to 127.0.0.1:6379" type="org.springframework.data.redis.RedisConnectionFailureException">org.springframework.data.redis.RedisConnectionFailureException: Unable to connect to Redis; nested exception is io.lettuce.core.RedisConnectionException: Unable to connect to 127.0.0.1:6379
	at org.springframework.data.redis.core.DefaultReactiveZSetOperationsIntegrationTests.before(DefaultReactiveZSetOperationsIntegrationTests.java:96)
Caused by: io.lettuce.core.RedisConnectionException: Unable to connect to 127.0.0.1:6379
	at org.springframework.data.redis.core.DefaultReactiveZSetOperationsIntegrationTests.before(DefaultReactiveZSetOperationsIntegrationTests.java:96)
Caused by: io.netty.channel.AbstractChannel$AnnotatedConnectException: syscall:getsockopt(..) failed: Connection refused: /127.0.0.1:6379
Caused by: io.netty.channel.unix.Errors$NativeConnectException: syscall:getsockopt(..) failed: Connection refused
</error>
  </testcase>
  <testcase name="size[Jackson2]" classname="org.springframework.data.redis.core.DefaultReactiveZSetOperationsIntegrationTests" time="0.001">
    <error message="Unable to connect to Redis; nested exception is io.lettuce.core.RedisConnectionException: Unable to connect to 127.0.0.1:6379" type="org.springframework.data.redis.RedisConnectionFailureException">org.springframework.data.redis.RedisConnectionFailureException: Unable to connect to Redis; nested exception is io.lettuce.core.RedisConnectionException: Unable to connect to 127.0.0.1:6379
	at org.springframework.data.redis.core.DefaultReactiveZSetOperationsIntegrationTests.before(DefaultReactiveZSetOperationsIntegrationTests.java:96)
Caused by: io.lettuce.core.RedisConnectionException: Unable to connect to 127.0.0.1:6379
	at org.springframework.data.redis.core.DefaultReactiveZSetOperationsIntegrationTests.before(DefaultReactiveZSetOperationsIntegrationTests.java:96)
Caused by: io.netty.channel.AbstractChannel$AnnotatedConnectException: syscall:getsockopt(..) failed: Connection refused: /127.0.0.1:6379
Caused by: io.netty.channel.unix.Errors$NativeConnectException: syscall:getsockopt(..) failed: Connection refused
</error>
  </testcase>
  <testcase name="unionAndStoreWithAggregation[Jackson2]" classname="org.springframework.data.redis.core.DefaultReactiveZSetOperationsIntegrationTests" time="0.001">
    <error message="Unable to connect to Redis; nested exception is io.lettuce.core.RedisConnectionException: Unable to connect to 127.0.0.1:6379" type="org.springframework.data.redis.RedisConnectionFailureException">org.springframework.data.redis.RedisConnectionFailureException: Unable to connect to Redis; nested exception is io.lettuce.core.RedisConnectionException: Unable to connect to 127.0.0.1:6379
	at org.springframework.data.redis.core.DefaultReactiveZSetOperationsIntegrationTests.before(DefaultReactiveZSetOperationsIntegrationTests.java:96)
Caused by: io.lettuce.core.RedisConnectionException: Unable to connect to 127.0.0.1:6379
	at org.springframework.data.redis.core.DefaultReactiveZSetOperationsIntegrationTests.before(DefaultReactiveZSetOperationsIntegrationTests.java:96)
Caused by: io.netty.channel.AbstractChannel$AnnotatedConnectException: syscall:getsockopt(..) failed: Connection refused: /127.0.0.1:6379
Caused by: io.netty.channel.unix.Errors$NativeConnectException: syscall:getsockopt(..) failed: Connection refused
</error>
  </testcase>
  <testcase name="count[Jackson2]" classname="org.springframework.data.redis.core.DefaultReactiveZSetOperationsIntegrationTests" time="0.001">
    <error message="Unable to connect to Redis; nested exception is io.lettuce.core.RedisConnectionException: Unable to connect to 127.0.0.1:6379" type="org.springframework.data.redis.RedisConnectionFailureException">org.springframework.data.redis.RedisConnectionFailureException: Unable to connect to Redis; nested exception is io.lettuce.core.RedisConnectionException: Unable to connect to 127.0.0.1:6379
	at org.springframework.data.redis.core.DefaultReactiveZSetOperationsIntegrationTests.before(DefaultReactiveZSetOperationsIntegrationTests.java:96)
Caused by: io.lettuce.core.RedisConnectionException: Unable to connect to 127.0.0.1:6379
	at org.springframework.data.redis.core.DefaultReactiveZSetOperationsIntegrationTests.before(DefaultReactiveZSetOperationsIntegrationTests.java:96)
Caused by: io.netty.channel.AbstractChannel$AnnotatedConnectException: syscall:getsockopt(..) failed: Connection refused: /127.0.0.1:6379
Caused by: io.netty.channel.unix.Errors$NativeConnectException: syscall:getsockopt(..) failed: Connection refused
</error>
  </testcase>
  <testcase name="range[Jackson2]" classname="org.springframework.data.redis.core.DefaultReactiveZSetOperationsIntegrationTests" time="0.001">
    <error message="Unable to connect to Redis; nested exception is io.lettuce.core.RedisConnectionException: Unable to connect to 127.0.0.1:6379" type="org.springframework.data.redis.RedisConnectionFailureException">org.springframework.data.redis.RedisConnectionFailureException: Unable to connect to Redis; nested exception is io.lettuce.core.RedisConnectionException: Unable to connect to 127.0.0.1:6379
	at org.springframework.data.redis.core.DefaultReactiveZSetOperationsIntegrationTests.before(DefaultReactiveZSetOperationsIntegrationTests.java:96)
Caused by: io.lettuce.core.RedisConnectionException: Unable to connect to 127.0.0.1:6379
	at org.springframework.data.redis.core.DefaultReactiveZSetOperationsIntegrationTests.before(DefaultReactiveZSetOperationsIntegrationTests.java:96)
Caused by: io.netty.channel.AbstractChannel$AnnotatedConnectException: syscall:getsockopt(..) failed: Connection refused: /127.0.0.1:6379
Caused by: io.netty.channel.unix.Errors$NativeConnectException: syscall:getsockopt(..) failed: Connection refused
</error>
  </testcase>
  <testcase name="score[Jackson2]" classname="org.springframework.data.redis.core.DefaultReactiveZSetOperationsIntegrationTests" time="0">
    <error message="Unable to connect to Redis; nested exception is io.lettuce.core.RedisConnectionException: Unable to connect to 127.0.0.1:6379" type="org.springframework.data.redis.RedisConnectionFailureException">org.springframework.data.redis.RedisConnectionFailureException: Unable to connect to Redis; nested exception is io.lettuce.core.RedisConnectionException: Unable to connect to 127.0.0.1:6379
	at org.springframework.data.redis.core.DefaultReactiveZSetOperationsIntegrationTests.before(DefaultReactiveZSetOperationsIntegrationTests.java:96)
Caused by: io.lettuce.core.RedisConnectionException: Unable to connect to 127.0.0.1:6379
	at org.springframework.data.redis.core.DefaultReactiveZSetOperationsIntegrationTests.before(DefaultReactiveZSetOperationsIntegrationTests.java:96)
Caused by: io.netty.channel.AbstractChannel$AnnotatedConnectException: syscall:getsockopt(..) failed: Connection refused: /127.0.0.1:6379
Caused by: io.netty.channel.unix.Errors$NativeConnectException: syscall:getsockopt(..) failed: Connection refused
</error>
  </testcase>
  <testcase name="reverseRangeByScoreWithScores[Jackson2]" classname="org.springframework.data.redis.core.DefaultReactiveZSetOperationsIntegrationTests" time="0.001">
    <error message="Unable to connect to Redis; nested exception is io.lettuce.core.RedisConnectionException: Unable to connect to 127.0.0.1:6379" type="org.springframework.data.redis.RedisConnectionFailureException">org.springframework.data.redis.RedisConnectionFailureException: Unable to connect to Redis; nested exception is io.lettuce.core.RedisConnectionException: Unable to connect to 127.0.0.1:6379
	at org.springframework.data.redis.core.DefaultReactiveZSetOperationsIntegrationTests.before(DefaultReactiveZSetOperationsIntegrationTests.java:96)
Caused by: io.lettuce.core.RedisConnectionException: Unable to connect to 127.0.0.1:6379
	at org.springframework.data.redis.core.DefaultReactiveZSetOperationsIntegrationTests.before(DefaultReactiveZSetOperationsIntegrationTests.java:96)
Caused by: io.netty.channel.AbstractChannel$AnnotatedConnectException: syscall:getsockopt(..) failed: Connection refused: /127.0.0.1:6379
Caused by: io.netty.channel.unix.Errors$NativeConnectException: syscall:getsockopt(..) failed: Connection refused
</error>
  </testcase>
  <testcase name="rangeByLexWithLimit[Jackson2]" classname="org.springframework.data.redis.core.DefaultReactiveZSetOperationsIntegrationTests" time="0.001">
    <error message="Unable to connect to Redis; nested exception is io.lettuce.core.RedisConnectionException: Unable to connect to 127.0.0.1:6379" type="org.springframework.data.redis.RedisConnectionFailureException">org.springframework.data.redis.RedisConnectionFailureException: Unable to connect to Redis; nested exception is io.lettuce.core.RedisConnectionException: Unable to connect to 127.0.0.1:6379
	at org.springframework.data.redis.core.DefaultReactiveZSetOperationsIntegrationTests.before(DefaultReactiveZSetOperationsIntegrationTests.java:96)
Caused by: io.lettuce.core.RedisConnectionException: Unable to connect to 127.0.0.1:6379
	at org.springframework.data.redis.core.DefaultReactiveZSetOperationsIntegrationTests.before(DefaultReactiveZSetOperationsIntegrationTests.java:96)
Caused by: io.netty.channel.AbstractChannel$AnnotatedConnectException: syscall:getsockopt(..) failed: Connection refused: /127.0.0.1:6379
Caused by: io.netty.channel.unix.Errors$NativeConnectException: syscall:getsockopt(..) failed: Connection refused
</error>
  </testcase>
  <testcase name="reverseRangeWithScores[Jackson2]" classname="org.springframework.data.redis.core.DefaultReactiveZSetOperationsIntegrationTests" time="0.001">
    <error message="Unable to connect to Redis; nested exception is io.lettuce.core.RedisConnectionException: Unable to connect to 127.0.0.1:6379" type="org.springframework.data.redis.RedisConnectionFailureException">org.springframework.data.redis.RedisConnectionFailureException: Unable to connect to Redis; nested exception is io.lettuce.core.RedisConnectionException: Unable to connect to 127.0.0.1:6379
	at org.springframework.data.redis.core.DefaultReactiveZSetOperationsIntegrationTests.before(DefaultReactiveZSetOperationsIntegrationTests.java:96)
Caused by: io.lettuce.core.RedisConnectionException: Unable to connect to 127.0.0.1:6379
	at org.springframework.data.redis.core.DefaultReactiveZSetOperationsIntegrationTests.before(DefaultReactiveZSetOperationsIntegrationTests.java:96)
Caused by: io.netty.channel.AbstractChannel$AnnotatedConnectException: syscall:getsockopt(..) failed: Connection refused: /127.0.0.1:6379
Caused by: io.netty.channel.unix.Errors$NativeConnectException: syscall:getsockopt(..) failed: Connection refused
</error>
  </testcase>
  <testcase name="reverseRank[Jackson2]" classname="org.springframework.data.redis.core.DefaultReactiveZSetOperationsIntegrationTests" time="0.001">
    <error message="Unable to connect to Redis; nested exception is io.lettuce.core.RedisConnectionException: Unable to connect to 127.0.0.1:6379" type="org.springframework.data.redis.RedisConnectionFailureException">org.springframework.data.redis.RedisConnectionFailureException: Unable to connect to Redis; nested exception is io.lettuce.core.RedisConnectionException: Unable to connect to 127.0.0.1:6379
	at org.springframework.data.redis.core.DefaultReactiveZSetOperationsIntegrationTests.before(DefaultReactiveZSetOperationsIntegrationTests.java:96)
Caused by: io.lettuce.core.RedisConnectionException: Unable to connect to 127.0.0.1:6379
	at org.springframework.data.redis.core.DefaultReactiveZSetOperationsIntegrationTests.before(DefaultReactiveZSetOperationsIntegrationTests.java:96)
Caused by: io.netty.channel.AbstractChannel$AnnotatedConnectException: syscall:getsockopt(..) failed: Connection refused: /127.0.0.1:6379
Caused by: io.netty.channel.unix.Errors$NativeConnectException: syscall:getsockopt(..) failed: Connection refused
</error>
  </testcase>
  <testcase name="reverseRangeByScoreWithLimit[Jackson2]" classname="org.springframework.data.redis.core.DefaultReactiveZSetOperationsIntegrationTests" time="0.002">
    <error message="Unable to connect to Redis; nested exception is io.lettuce.core.RedisConnectionException: Unable to connect to 127.0.0.1:6379" type="org.springframework.data.redis.RedisConnectionFailureException">org.springframework.data.redis.RedisConnectionFailureException: Unable to connect to Redis; nested exception is io.lettuce.core.RedisConnectionException: Unable to connect to 127.0.0.1:6379
	at org.springframework.data.redis.core.DefaultReactiveZSetOperationsIntegrationTests.before(DefaultReactiveZSetOperationsIntegrationTests.java:96)
Caused by: io.lettuce.core.RedisConnectionException: Unable to connect to 127.0.0.1:6379
	at org.springframework.data.redis.core.DefaultReactiveZSetOperationsIntegrationTests.before(DefaultReactiveZSetOperationsIntegrationTests.java:96)
Caused by: io.netty.channel.AbstractChannel$AnnotatedConnectException: syscall:getsockopt(..) failed: Connection refused: /127.0.0.1:6379
Caused by: io.netty.channel.unix.Errors$NativeConnectException: syscall:getsockopt(..) failed: Connection refused
</error>
  </testcase>
  <testcase name="incrementScore[Jackson2]" classname="org.springframework.data.redis.core.DefaultReactiveZSetOperationsIntegrationTests" time="0.001">
    <error message="Unable to connect to Redis; nested exception is io.lettuce.core.RedisConnectionException: Unable to connect to 127.0.0.1:6379" type="org.springframework.data.redis.RedisConnectionFailureException">org.springframework.data.redis.RedisConnectionFailureException: Unable to connect to Redis; nested exception is io.lettuce.core.RedisConnectionException: Unable to connect to 127.0.0.1:6379
	at org.springframework.data.redis.core.DefaultReactiveZSetOperationsIntegrationTests.before(DefaultReactiveZSetOperationsIntegrationTests.java:96)
Caused by: io.lettuce.core.RedisConnectionException: Unable to connect to 127.0.0.1:6379
	at org.springframework.data.redis.core.DefaultReactiveZSetOperationsIntegrationTests.before(DefaultReactiveZSetOperationsIntegrationTests.java:96)
Caused by: io.netty.channel.AbstractChannel$AnnotatedConnectException: syscall:getsockopt(..) failed: Connection refused: /127.0.0.1:6379
Caused by: io.netty.channel.unix.Errors$NativeConnectException: syscall:getsockopt(..) failed: Connection refused
</error>
  </testcase>
  <testcase name="intersectAndStoreWithAggregation[Jackson2]" classname="org.springframework.data.redis.core.DefaultReactiveZSetOperationsIntegrationTests" time="0.001">
    <error message="Unable to connect to Redis; nested exception is io.lettuce.core.RedisConnectionException: Unable to connect to 127.0.0.1:6379" type="org.springframework.data.redis.RedisConnectionFailureException">org.springframework.data.redis.RedisConnectionFailureException: Unable to connect to Redis; nested exception is io.lettuce.core.RedisConnectionException: Unable to connect to 127.0.0.1:6379
	at org.springframework.data.redis.core.DefaultReactiveZSetOperationsIntegrationTests.before(DefaultReactiveZSetOperationsIntegrationTests.java:96)
Caused by: io.lettuce.core.RedisConnectionException: Unable to connect to 127.0.0.1:6379
	at org.springframework.data.redis.core.DefaultReactiveZSetOperationsIntegrationTests.before(DefaultReactiveZSetOperationsIntegrationTests.java:96)
Caused by: io.netty.channel.AbstractChannel$AnnotatedConnectException: syscall:getsockopt(..) failed: Connection refused: /127.0.0.1:6379
Caused by: io.netty.channel.unix.Errors$NativeConnectException: syscall:getsockopt(..) failed: Connection refused
</error>
  </testcase>
  <testcase name="rangeByScoreWithLimit[Jackson2]" classname="org.springframework.data.redis.core.DefaultReactiveZSetOperationsIntegrationTests" time="0.001">
    <error message="Unable to connect to Redis; nested exception is io.lettuce.core.RedisConnectionException: Unable to connect to 127.0.0.1:6379" type="org.springframework.data.redis.RedisConnectionFailureException">org.springframework.data.redis.RedisConnectionFailureException: Unable to connect to Redis; nested exception is io.lettuce.core.RedisConnectionException: Unable to connect to 127.0.0.1:6379
	at org.springframework.data.redis.core.DefaultReactiveZSetOperationsIntegrationTests.before(DefaultReactiveZSetOperationsIntegrationTests.java:96)
Caused by: io.lettuce.core.RedisConnectionException: Unable to connect to 127.0.0.1:6379
	at org.springframework.data.redis.core.DefaultReactiveZSetOperationsIntegrationTests.before(DefaultReactiveZSetOperationsIntegrationTests.java:96)
Caused by: io.netty.channel.AbstractChannel$AnnotatedConnectException: syscall:getsockopt(..) failed: Connection refused: /127.0.0.1:6379
Caused by: io.netty.channel.unix.Errors$NativeConnectException: syscall:getsockopt(..) failed: Connection refused
</error>
  </testcase>
  <testcase name="removeRangeByScore[Generic Jackson 2]" classname="org.springframework.data.redis.core.DefaultReactiveZSetOperationsIntegrationTests" time="0.001">
    <error message="Unable to connect to Redis; nested exception is io.lettuce.core.RedisConnectionException: Unable to connect to 127.0.0.1:6379" type="org.springframework.data.redis.RedisConnectionFailureException">org.springframework.data.redis.RedisConnectionFailureException: Unable to connect to Redis; nested exception is io.lettuce.core.RedisConnectionException: Unable to connect to 127.0.0.1:6379
	at org.springframework.data.redis.core.DefaultReactiveZSetOperationsIntegrationTests.before(DefaultReactiveZSetOperationsIntegrationTests.java:96)
Caused by: io.lettuce.core.RedisConnectionException: Unable to connect to 127.0.0.1:6379
	at org.springframework.data.redis.core.DefaultReactiveZSetOperationsIntegrationTests.before(DefaultReactiveZSetOperationsIntegrationTests.java:96)
Caused by: io.netty.channel.AbstractChannel$AnnotatedConnectException: syscall:getsockopt(..) failed: Connection refused: /127.0.0.1:6379
Caused by: io.netty.channel.unix.Errors$NativeConnectException: syscall:getsockopt(..) failed: Connection refused
</error>
  </testcase>
  <testcase name="rangeByLex[Generic Jackson 2]" classname="org.springframework.data.redis.core.DefaultReactiveZSetOperationsIntegrationTests" time="0.001">
    <error message="Unable to connect to Redis; nested exception is io.lettuce.core.RedisConnectionException: Unable to connect to 127.0.0.1:6379" type="org.springframework.data.redis.RedisConnectionFailureException">org.springframework.data.redis.RedisConnectionFailureException: Unable to connect to Redis; nested exception is io.lettuce.core.RedisConnectionException: Unable to connect to 127.0.0.1:6379
	at org.springframework.data.redis.core.DefaultReactiveZSetOperationsIntegrationTests.before(DefaultReactiveZSetOperationsIntegrationTests.java:96)
Caused by: io.lettuce.core.RedisConnectionException: Unable to connect to 127.0.0.1:6379
	at org.springframework.data.redis.core.DefaultReactiveZSetOperationsIntegrationTests.before(DefaultReactiveZSetOperationsIntegrationTests.java:96)
Caused by: io.netty.channel.AbstractChannel$AnnotatedConnectException: syscall:getsockopt(..) failed: Connection refused: /127.0.0.1:6379
Caused by: io.netty.channel.unix.Errors$NativeConnectException: syscall:getsockopt(..) failed: Connection refused
</error>
  </testcase>
  <testcase name="addAll[Generic Jackson 2]" classname="org.springframework.data.redis.core.DefaultReactiveZSetOperationsIntegrationTests" time="0.001">
    <error message="Unable to connect to Redis; nested exception is io.lettuce.core.RedisConnectionException: Unable to connect to 127.0.0.1:6379" type="org.springframework.data.redis.RedisConnectionFailureException">org.springframework.data.redis.RedisConnectionFailureException: Unable to connect to Redis; nested exception is io.lettuce.core.RedisConnectionException: Unable to connect to 127.0.0.1:6379
	at org.springframework.data.redis.core.DefaultReactiveZSetOperationsIntegrationTests.before(DefaultReactiveZSetOperationsIntegrationTests.java:96)
Caused by: io.lettuce.core.RedisConnectionException: Unable to connect to 127.0.0.1:6379
	at org.springframework.data.redis.core.DefaultReactiveZSetOperationsIntegrationTests.before(DefaultReactiveZSetOperationsIntegrationTests.java:96)
Caused by: io.netty.channel.AbstractChannel$AnnotatedConnectException: syscall:getsockopt(..) failed: Connection refused: /127.0.0.1:6379
Caused by: io.netty.channel.unix.Errors$NativeConnectException: syscall:getsockopt(..) failed: Connection refused
</error>
  </testcase>
  <testcase name="rangeByScoreWithScoresWithLimit[Generic Jackson 2]" classname="org.springframework.data.redis.core.DefaultReactiveZSetOperationsIntegrationTests" time="0.001">
    <error message="Unable to connect to Redis; nested exception is io.lettuce.core.RedisConnectionException: Unable to connect to 127.0.0.1:6379" type="org.springframework.data.redis.RedisConnectionFailureException">org.springframework.data.redis.RedisConnectionFailureException: Unable to connect to Redis; nested exception is io.lettuce.core.RedisConnectionException: Unable to connect to 127.0.0.1:6379
	at org.springframework.data.redis.core.DefaultReactiveZSetOperationsIntegrationTests.before(DefaultReactiveZSetOperationsIntegrationTests.java:96)
Caused by: io.lettuce.core.RedisConnectionException: Unable to connect to 127.0.0.1:6379
	at org.springframework.data.redis.core.DefaultReactiveZSetOperationsIntegrationTests.before(DefaultReactiveZSetOperationsIntegrationTests.java:96)
Caused by: io.netty.channel.AbstractChannel$AnnotatedConnectException: syscall:getsockopt(..) failed: Connection refused: /127.0.0.1:6379
Caused by: io.netty.channel.unix.Errors$NativeConnectException: syscall:getsockopt(..) failed: Connection refused
</error>
  </testcase>
  <testcase name="delete[Generic Jackson 2]" classname="org.springframework.data.redis.core.DefaultReactiveZSetOperationsIntegrationTests" time="0.001">
    <error message="Unable to connect to Redis; nested exception is io.lettuce.core.RedisConnectionException: Unable to connect to 127.0.0.1:6379" type="org.springframework.data.redis.RedisConnectionFailureException">org.springframework.data.redis.RedisConnectionFailureException: Unable to connect to Redis; nested exception is io.lettuce.core.RedisConnectionException: Unable to connect to 127.0.0.1:6379
	at org.springframework.data.redis.core.DefaultReactiveZSetOperationsIntegrationTests.before(DefaultReactiveZSetOperationsIntegrationTests.java:96)
Caused by: io.lettuce.core.RedisConnectionException: Unable to connect to 127.0.0.1:6379
	at org.springframework.data.redis.core.DefaultReactiveZSetOperationsIntegrationTests.before(DefaultReactiveZSetOperationsIntegrationTests.java:96)
Caused by: io.netty.channel.AbstractChannel$AnnotatedConnectException: syscall:getsockopt(..) failed: Connection refused: /127.0.0.1:6379
Caused by: io.netty.channel.unix.Errors$NativeConnectException: syscall:getsockopt(..) failed: Connection refused
</error>
  </testcase>
  <testcase name="intersectAndStore[Generic Jackson 2]" classname="org.springframework.data.redis.core.DefaultReactiveZSetOperationsIntegrationTests" time="0.001">
    <error message="Unable to connect to Redis; nested exception is io.lettuce.core.RedisConnectionException: Unable to connect to 127.0.0.1:6379" type="org.springframework.data.redis.RedisConnectionFailureException">org.springframework.data.redis.RedisConnectionFailureException: Unable to connect to Redis; nested exception is io.lettuce.core.RedisConnectionException: Unable to connect to 127.0.0.1:6379
	at org.springframework.data.redis.core.DefaultReactiveZSetOperationsIntegrationTests.before(DefaultReactiveZSetOperationsIntegrationTests.java:96)
Caused by: io.lettuce.core.RedisConnectionException: Unable to connect to 127.0.0.1:6379
	at org.springframework.data.redis.core.DefaultReactiveZSetOperationsIntegrationTests.before(DefaultReactiveZSetOperationsIntegrationTests.java:96)
Caused by: io.netty.channel.AbstractChannel$AnnotatedConnectException: syscall:getsockopt(..) failed: Connection refused: /127.0.0.1:6379
Caused by: io.netty.channel.unix.Errors$NativeConnectException: syscall:getsockopt(..) failed: Connection refused
</error>
  </testcase>
  <testcase name="remove[Generic Jackson 2]" classname="org.springframework.data.redis.core.DefaultReactiveZSetOperationsIntegrationTests" time="0.001">
    <error message="Unable to connect to Redis; nested exception is io.lettuce.core.RedisConnectionException: Unable to connect to 127.0.0.1:6379" type="org.springframework.data.redis.RedisConnectionFailureException">org.springframework.data.redis.RedisConnectionFailureException: Unable to connect to Redis; nested exception is io.lettuce.core.RedisConnectionException: Unable to connect to 127.0.0.1:6379
	at org.springframework.data.redis.core.DefaultReactiveZSetOperationsIntegrationTests.before(DefaultReactiveZSetOperationsIntegrationTests.java:96)
Caused by: io.lettuce.core.RedisConnectionException: Unable to connect to 127.0.0.1:6379
	at org.springframework.data.redis.core.DefaultReactiveZSetOperationsIntegrationTests.before(DefaultReactiveZSetOperationsIntegrationTests.java:96)
Caused by: io.netty.channel.AbstractChannel$AnnotatedConnectException: syscall:getsockopt(..) failed: Connection refused: /127.0.0.1:6379
Caused by: io.netty.channel.unix.Errors$NativeConnectException: syscall:getsockopt(..) failed: Connection refused
</error>
  </testcase>
  <testcase name="unionAndStore[Generic Jackson 2]" classname="org.springframework.data.redis.core.DefaultReactiveZSetOperationsIntegrationTests" time="0.001">
    <error message="Unable to connect to Redis; nested exception is io.lettuce.core.RedisConnectionException: Unable to connect to 127.0.0.1:6379" type="org.springframework.data.redis.RedisConnectionFailureException">org.springframework.data.redis.RedisConnectionFailureException: Unable to connect to Redis; nested exception is io.lettuce.core.RedisConnectionException: Unable to connect to 127.0.0.1:6379
	at org.springframework.data.redis.core.DefaultReactiveZSetOperationsIntegrationTests.before(DefaultReactiveZSetOperationsIntegrationTests.java:96)
Caused by: io.lettuce.core.RedisConnectionException: Unable to connect to 127.0.0.1:6379
	at org.springframework.data.redis.core.DefaultReactiveZSetOperationsIntegrationTests.before(DefaultReactiveZSetOperationsIntegrationTests.java:96)
Caused by: io.netty.channel.AbstractChannel$AnnotatedConnectException: syscall:getsockopt(..) failed: Connection refused: /127.0.0.1:6379
Caused by: io.netty.channel.unix.Errors$NativeConnectException: syscall:getsockopt(..) failed: Connection refused
</error>
  </testcase>
  <testcase name="reverseRangeByScoreWithScoresWithLimit[Generic Jackson 2]" classname="org.springframework.data.redis.core.DefaultReactiveZSetOperationsIntegrationTests" time="0.001">
    <error message="Unable to connect to Redis; nested exception is io.lettuce.core.RedisConnectionException: Unable to connect to 127.0.0.1:6379" type="org.springframework.data.redis.RedisConnectionFailureException">org.springframework.data.redis.RedisConnectionFailureException: Unable to connect to Redis; nested exception is io.lettuce.core.RedisConnectionException: Unable to connect to 127.0.0.1:6379
	at org.springframework.data.redis.core.DefaultReactiveZSetOperationsIntegrationTests.before(DefaultReactiveZSetOperationsIntegrationTests.java:96)
Caused by: io.lettuce.core.RedisConnectionException: Unable to connect to 127.0.0.1:6379
	at org.springframework.data.redis.core.DefaultReactiveZSetOperationsIntegrationTests.before(DefaultReactiveZSetOperationsIntegrationTests.java:96)
Caused by: io.netty.channel.AbstractChannel$AnnotatedConnectException: syscall:getsockopt(..) failed: Connection refused: /127.0.0.1:6379
Caused by: io.netty.channel.unix.Errors$NativeConnectException: syscall:getsockopt(..) failed: Connection refused
</error>
  </testcase>
  <testcase name="reverseRangeByLexLimit[Generic Jackson 2]" classname="org.springframework.data.redis.core.DefaultReactiveZSetOperationsIntegrationTests" time="0.001">
    <error message="Unable to connect to Redis; nested exception is io.lettuce.core.RedisConnectionException: Unable to connect to 127.0.0.1:6379" type="org.springframework.data.redis.RedisConnectionFailureException">org.springframework.data.redis.RedisConnectionFailureException: Unable to connect to Redis; nested exception is io.lettuce.core.RedisConnectionException: Unable to connect to 127.0.0.1:6379
	at org.springframework.data.redis.core.DefaultReactiveZSetOperationsIntegrationTests.before(DefaultReactiveZSetOperationsIntegrationTests.java:96)
Caused by: io.lettuce.core.RedisConnectionException: Unable to connect to 127.0.0.1:6379
	at org.springframework.data.redis.core.DefaultReactiveZSetOperationsIntegrationTests.before(DefaultReactiveZSetOperationsIntegrationTests.java:96)
Caused by: io.netty.channel.AbstractChannel$AnnotatedConnectException: syscall:getsockopt(..) failed: Connection refused: /127.0.0.1:6379
Caused by: io.netty.channel.unix.Errors$NativeConnectException: syscall:getsockopt(..) failed: Connection refused
</error>
  </testcase>
  <testcase name="reverseRangeByScore[Generic Jackson 2]" classname="org.springframework.data.redis.core.DefaultReactiveZSetOperationsIntegrationTests" time="0.001">
    <error message="Unable to connect to Redis; nested exception is io.lettuce.core.RedisConnectionException: Unable to connect to 127.0.0.1:6379" type="org.springframework.data.redis.RedisConnectionFailureException">org.springframework.data.redis.RedisConnectionFailureException: Unable to connect to Redis; nested exception is io.lettuce.core.RedisConnectionException: Unable to connect to 127.0.0.1:6379
	at org.springframework.data.redis.core.DefaultReactiveZSetOperationsIntegrationTests.before(DefaultReactiveZSetOperationsIntegrationTests.java:96)
Caused by: io.lettuce.core.RedisConnectionException: Unable to connect to 127.0.0.1:6379
	at org.springframework.data.redis.core.DefaultReactiveZSetOperationsIntegrationTests.before(DefaultReactiveZSetOperationsIntegrationTests.java:96)
Caused by: io.netty.channel.AbstractChannel$AnnotatedConnectException: syscall:getsockopt(..) failed: Connection refused: /127.0.0.1:6379
Caused by: io.netty.channel.unix.Errors$NativeConnectException: syscall:getsockopt(..) failed: Connection refused
</error>
  </testcase>
  <testcase name="rangeWithScores[Generic Jackson 2]" classname="org.springframework.data.redis.core.DefaultReactiveZSetOperationsIntegrationTests" time="0.001">
    <error message="Unable to connect to Redis; nested exception is io.lettuce.core.RedisConnectionException: Unable to connect to 127.0.0.1:6379" type="org.springframework.data.redis.RedisConnectionFailureException">org.springframework.data.redis.RedisConnectionFailureException: Unable to connect to Redis; nested exception is io.lettuce.core.RedisConnectionException: Unable to connect to 127.0.0.1:6379
	at org.springframework.data.redis.core.DefaultReactiveZSetOperationsIntegrationTests.before(DefaultReactiveZSetOperationsIntegrationTests.java:96)
Caused by: io.lettuce.core.RedisConnectionException: Unable to connect to 127.0.0.1:6379
	at org.springframework.data.redis.core.DefaultReactiveZSetOperationsIntegrationTests.before(DefaultReactiveZSetOperationsIntegrationTests.java:96)
Caused by: io.netty.channel.AbstractChannel$AnnotatedConnectException: syscall:getsockopt(..) failed: Connection refused: /127.0.0.1:6379
Caused by: io.netty.channel.unix.Errors$NativeConnectException: syscall:getsockopt(..) failed: Connection refused
</error>
  </testcase>
  <testcase name="reverseRangeByLex[Generic Jackson 2]" classname="org.springframework.data.redis.core.DefaultReactiveZSetOperationsIntegrationTests" time="0.001">
    <error message="Unable to connect to Redis; nested exception is io.lettuce.core.RedisConnectionException: Unable to connect to 127.0.0.1:6379" type="org.springframework.data.redis.RedisConnectionFailureException">org.springframework.data.redis.RedisConnectionFailureException: Unable to connect to Redis; nested exception is io.lettuce.core.RedisConnectionException: Unable to connect to 127.0.0.1:6379
	at org.springframework.data.redis.core.DefaultReactiveZSetOperationsIntegrationTests.before(DefaultReactiveZSetOperationsIntegrationTests.java:96)
Caused by: io.lettuce.core.RedisConnectionException: Unable to connect to 127.0.0.1:6379
	at org.springframework.data.redis.core.DefaultReactiveZSetOperationsIntegrationTests.before(DefaultReactiveZSetOperationsIntegrationTests.java:96)
Caused by: io.netty.channel.AbstractChannel$AnnotatedConnectException: syscall:getsockopt(..) failed: Connection refused: /127.0.0.1:6379
Caused by: io.netty.channel.unix.Errors$NativeConnectException: syscall:getsockopt(..) failed: Connection refused
</error>
  </testcase>
  <testcase name="rangeByScore[Generic Jackson 2]" classname="org.springframework.data.redis.core.DefaultReactiveZSetOperationsIntegrationTests" time="0.001">
    <error message="Unable to connect to Redis; nested exception is io.lettuce.core.RedisConnectionException: Unable to connect to 127.0.0.1:6379" type="org.springframework.data.redis.RedisConnectionFailureException">org.springframework.data.redis.RedisConnectionFailureException: Unable to connect to Redis; nested exception is io.lettuce.core.RedisConnectionException: Unable to connect to 127.0.0.1:6379
	at org.springframework.data.redis.core.DefaultReactiveZSetOperationsIntegrationTests.before(DefaultReactiveZSetOperationsIntegrationTests.java:96)
Caused by: io.lettuce.core.RedisConnectionException: Unable to connect to 127.0.0.1:6379
	at org.springframework.data.redis.core.DefaultReactiveZSetOperationsIntegrationTests.before(DefaultReactiveZSetOperationsIntegrationTests.java:96)
Caused by: io.netty.channel.AbstractChannel$AnnotatedConnectException: syscall:getsockopt(..) failed: Connection refused: /127.0.0.1:6379
Caused by: io.netty.channel.unix.Errors$NativeConnectException: syscall:getsockopt(..) failed: Connection refused
</error>
  </testcase>
  <testcase name="removeRange[Generic Jackson 2]" classname="org.springframework.data.redis.core.DefaultReactiveZSetOperationsIntegrationTests" time="0.002">
    <error message="Unable to connect to Redis; nested exception is io.lettuce.core.RedisConnectionException: Unable to connect to 127.0.0.1:6379" type="org.springframework.data.redis.RedisConnectionFailureException">org.springframework.data.redis.RedisConnectionFailureException: Unable to connect to Redis; nested exception is io.lettuce.core.RedisConnectionException: Unable to connect to 127.0.0.1:6379
	at org.springframework.data.redis.core.DefaultReactiveZSetOperationsIntegrationTests.before(DefaultReactiveZSetOperationsIntegrationTests.java:96)
Caused by: io.lettuce.core.RedisConnectionException: Unable to connect to 127.0.0.1:6379
	at org.springframework.data.redis.core.DefaultReactiveZSetOperationsIntegrationTests.before(DefaultReactiveZSetOperationsIntegrationTests.java:96)
Caused by: io.netty.channel.AbstractChannel$AnnotatedConnectException: syscall:getsockopt(..) failed: Connection refused: /127.0.0.1:6379
Caused by: io.netty.channel.unix.Errors$NativeConnectException: syscall:getsockopt(..) failed: Connection refused
</error>
  </testcase>
  <testcase name="rangeByScoreWithScores[Generic Jackson 2]" classname="org.springframework.data.redis.core.DefaultReactiveZSetOperationsIntegrationTests" time="0.001">
    <error message="Unable to connect to Redis; nested exception is io.lettuce.core.RedisConnectionException: Unable to connect to 127.0.0.1:6379" type="org.springframework.data.redis.RedisConnectionFailureException">org.springframework.data.redis.RedisConnectionFailureException: Unable to connect to Redis; nested exception is io.lettuce.core.RedisConnectionException: Unable to connect to 127.0.0.1:6379
	at org.springframework.data.redis.core.DefaultReactiveZSetOperationsIntegrationTests.before(DefaultReactiveZSetOperationsIntegrationTests.java:96)
Caused by: io.lettuce.core.RedisConnectionException: Unable to connect to 127.0.0.1:6379
	at org.springframework.data.redis.core.DefaultReactiveZSetOperationsIntegrationTests.before(DefaultReactiveZSetOperationsIntegrationTests.java:96)
Caused by: io.netty.channel.AbstractChannel$AnnotatedConnectException: syscall:getsockopt(..) failed: Connection refused: /127.0.0.1:6379
Caused by: io.netty.channel.unix.Errors$NativeConnectException: syscall:getsockopt(..) failed: Connection refused
</error>
  </testcase>
  <testcase name="reverseRange[Generic Jackson 2]" classname="org.springframework.data.redis.core.DefaultReactiveZSetOperationsIntegrationTests" time="0.001">
    <error message="Unable to connect to Redis; nested exception is io.lettuce.core.RedisConnectionException: Unable to connect to 127.0.0.1:6379" type="org.springframework.data.redis.RedisConnectionFailureException">org.springframework.data.redis.RedisConnectionFailureException: Unable to connect to Redis; nested exception is io.lettuce.core.RedisConnectionException: Unable to connect to 127.0.0.1:6379
	at org.springframework.data.redis.core.DefaultReactiveZSetOperationsIntegrationTests.before(DefaultReactiveZSetOperationsIntegrationTests.java:96)
Caused by: io.lettuce.core.RedisConnectionException: Unable to connect to 127.0.0.1:6379
	at org.springframework.data.redis.core.DefaultReactiveZSetOperationsIntegrationTests.before(DefaultReactiveZSetOperationsIntegrationTests.java:96)
Caused by: io.netty.channel.AbstractChannel$AnnotatedConnectException: syscall:getsockopt(..) failed: Connection refused: /127.0.0.1:6379
Caused by: io.netty.channel.unix.Errors$NativeConnectException: syscall:getsockopt(..) failed: Connection refused
</error>
  </testcase>
  <testcase name="add[Generic Jackson 2]" classname="org.springframework.data.redis.core.DefaultReactiveZSetOperationsIntegrationTests" time="0.001">
    <error message="Unable to connect to Redis; nested exception is io.lettuce.core.RedisConnectionException: Unable to connect to 127.0.0.1:6379" type="org.springframework.data.redis.RedisConnectionFailureException">org.springframework.data.redis.RedisConnectionFailureException: Unable to connect to Redis; nested exception is io.lettuce.core.RedisConnectionException: Unable to connect to 127.0.0.1:6379
	at org.springframework.data.redis.core.DefaultReactiveZSetOperationsIntegrationTests.before(DefaultReactiveZSetOperationsIntegrationTests.java:96)
Caused by: io.lettuce.core.RedisConnectionException: Unable to connect to 127.0.0.1:6379
	at org.springframework.data.redis.core.DefaultReactiveZSetOperationsIntegrationTests.before(DefaultReactiveZSetOperationsIntegrationTests.java:96)
Caused by: io.netty.channel.AbstractChannel$AnnotatedConnectException: syscall:getsockopt(..) failed: Connection refused: /127.0.0.1:6379
Caused by: io.netty.channel.unix.Errors$NativeConnectException: syscall:getsockopt(..) failed: Connection refused
</error>
  </testcase>
  <testcase name="rank[Generic Jackson 2]" classname="org.springframework.data.redis.core.DefaultReactiveZSetOperationsIntegrationTests" time="0.001">
    <error message="Unable to connect to Redis; nested exception is io.lettuce.core.RedisConnectionException: Unable to connect to 127.0.0.1:6379" type="org.springframework.data.redis.RedisConnectionFailureException">org.springframework.data.redis.RedisConnectionFailureException: Unable to connect to Redis; nested exception is io.lettuce.core.RedisConnectionException: Unable to connect to 127.0.0.1:6379
	at org.springframework.data.redis.core.DefaultReactiveZSetOperationsIntegrationTests.before(DefaultReactiveZSetOperationsIntegrationTests.java:96)
Caused by: io.lettuce.core.RedisConnectionException: Unable to connect to 127.0.0.1:6379
	at org.springframework.data.redis.core.DefaultReactiveZSetOperationsIntegrationTests.before(DefaultReactiveZSetOperationsIntegrationTests.java:96)
Caused by: io.netty.channel.AbstractChannel$AnnotatedConnectException: syscall:getsockopt(..) failed: Connection refused: /127.0.0.1:6379
Caused by: io.netty.channel.unix.Errors$NativeConnectException: syscall:getsockopt(..) failed: Connection refused
</error>
  </testcase>
  <testcase name="scan[Generic Jackson 2]" classname="org.springframework.data.redis.core.DefaultReactiveZSetOperationsIntegrationTests" time="0.001">
    <error message="Unable to connect to Redis; nested exception is io.lettuce.core.RedisConnectionException: Unable to connect to 127.0.0.1:6379" type="org.springframework.data.redis.RedisConnectionFailureException">org.springframework.data.redis.RedisConnectionFailureException: Unable to connect to Redis; nested exception is io.lettuce.core.RedisConnectionException: Unable to connect to 127.0.0.1:6379
	at org.springframework.data.redis.core.DefaultReactiveZSetOperationsIntegrationTests.before(DefaultReactiveZSetOperationsIntegrationTests.java:96)
Caused by: io.lettuce.core.RedisConnectionException: Unable to connect to 127.0.0.1:6379
	at org.springframework.data.redis.core.DefaultReactiveZSetOperationsIntegrationTests.before(DefaultReactiveZSetOperationsIntegrationTests.java:96)
Caused by: io.netty.channel.AbstractChannel$AnnotatedConnectException: syscall:getsockopt(..) failed: Connection refused: /127.0.0.1:6379
Caused by: io.netty.channel.unix.Errors$NativeConnectException: syscall:getsockopt(..) failed: Connection refused
</error>
  </testcase>
  <testcase name="size[Generic Jackson 2]" classname="org.springframework.data.redis.core.DefaultReactiveZSetOperationsIntegrationTests" time="0.002">
    <error message="Unable to connect to Redis; nested exception is io.lettuce.core.RedisConnectionException: Unable to connect to 127.0.0.1:6379" type="org.springframework.data.redis.RedisConnectionFailureException">org.springframework.data.redis.RedisConnectionFailureException: Unable to connect to Redis; nested exception is io.lettuce.core.RedisConnectionException: Unable to connect to 127.0.0.1:6379
	at org.springframework.data.redis.core.DefaultReactiveZSetOperationsIntegrationTests.before(DefaultReactiveZSetOperationsIntegrationTests.java:96)
Caused by: io.lettuce.core.RedisConnectionException: Unable to connect to 127.0.0.1:6379
	at org.springframework.data.redis.core.DefaultReactiveZSetOperationsIntegrationTests.before(DefaultReactiveZSetOperationsIntegrationTests.java:96)
Caused by: io.netty.channel.AbstractChannel$AnnotatedConnectException: syscall:getsockopt(..) failed: Connection refused: /127.0.0.1:6379
Caused by: io.netty.channel.unix.Errors$NativeConnectException: syscall:getsockopt(..) failed: Connection refused
</error>
  </testcase>
  <testcase name="unionAndStoreWithAggregation[Generic Jackson 2]" classname="org.springframework.data.redis.core.DefaultReactiveZSetOperationsIntegrationTests" time="0.001">
    <error message="Unable to connect to Redis; nested exception is io.lettuce.core.RedisConnectionException: Unable to connect to 127.0.0.1:6379" type="org.springframework.data.redis.RedisConnectionFailureException">org.springframework.data.redis.RedisConnectionFailureException: Unable to connect to Redis; nested exception is io.lettuce.core.RedisConnectionException: Unable to connect to 127.0.0.1:6379
	at org.springframework.data.redis.core.DefaultReactiveZSetOperationsIntegrationTests.before(DefaultReactiveZSetOperationsIntegrationTests.java:96)
Caused by: io.lettuce.core.RedisConnectionException: Unable to connect to 127.0.0.1:6379
	at org.springframework.data.redis.core.DefaultReactiveZSetOperationsIntegrationTests.before(DefaultReactiveZSetOperationsIntegrationTests.java:96)
Caused by: io.netty.channel.AbstractChannel$AnnotatedConnectException: syscall:getsockopt(..) failed: Connection refused: /127.0.0.1:6379
Caused by: io.netty.channel.unix.Errors$NativeConnectException: syscall:getsockopt(..) failed: Connection refused
</error>
  </testcase>
  <testcase name="count[Generic Jackson 2]" classname="org.springframework.data.redis.core.DefaultReactiveZSetOperationsIntegrationTests" time="0.001">
    <error message="Unable to connect to Redis; nested exception is io.lettuce.core.RedisConnectionException: Unable to connect to 127.0.0.1:6379" type="org.springframework.data.redis.RedisConnectionFailureException">org.springframework.data.redis.RedisConnectionFailureException: Unable to connect to Redis; nested exception is io.lettuce.core.RedisConnectionException: Unable to connect to 127.0.0.1:6379
	at org.springframework.data.redis.core.DefaultReactiveZSetOperationsIntegrationTests.before(DefaultReactiveZSetOperationsIntegrationTests.java:96)
Caused by: io.lettuce.core.RedisConnectionException: Unable to connect to 127.0.0.1:6379
	at org.springframework.data.redis.core.DefaultReactiveZSetOperationsIntegrationTests.before(DefaultReactiveZSetOperationsIntegrationTests.java:96)
Caused by: io.netty.channel.AbstractChannel$AnnotatedConnectException: syscall:getsockopt(..) failed: Connection refused: /127.0.0.1:6379
Caused by: io.netty.channel.unix.Errors$NativeConnectException: syscall:getsockopt(..) failed: Connection refused
</error>
  </testcase>
  <testcase name="range[Generic Jackson 2]" classname="org.springframework.data.redis.core.DefaultReactiveZSetOperationsIntegrationTests" time="0.001">
    <error message="Unable to connect to Redis; nested exception is io.lettuce.core.RedisConnectionException: Unable to connect to 127.0.0.1:6379" type="org.springframework.data.redis.RedisConnectionFailureException">org.springframework.data.redis.RedisConnectionFailureException: Unable to connect to Redis; nested exception is io.lettuce.core.RedisConnectionException: Unable to connect to 127.0.0.1:6379
	at org.springframework.data.redis.core.DefaultReactiveZSetOperationsIntegrationTests.before(DefaultReactiveZSetOperationsIntegrationTests.java:96)
Caused by: io.lettuce.core.RedisConnectionException: Unable to connect to 127.0.0.1:6379
	at org.springframework.data.redis.core.DefaultReactiveZSetOperationsIntegrationTests.before(DefaultReactiveZSetOperationsIntegrationTests.java:96)
Caused by: io.netty.channel.AbstractChannel$AnnotatedConnectException: syscall:getsockopt(..) failed: Connection refused: /127.0.0.1:6379
Caused by: io.netty.channel.unix.Errors$NativeConnectException: syscall:getsockopt(..) failed: Connection refused
</error>
  </testcase>
  <testcase name="score[Generic Jackson 2]" classname="org.springframework.data.redis.core.DefaultReactiveZSetOperationsIntegrationTests" time="0.001">
    <error message="Unable to connect to Redis; nested exception is io.lettuce.core.RedisConnectionException: Unable to connect to 127.0.0.1:6379" type="org.springframework.data.redis.RedisConnectionFailureException">org.springframework.data.redis.RedisConnectionFailureException: Unable to connect to Redis; nested exception is io.lettuce.core.RedisConnectionException: Unable to connect to 127.0.0.1:6379
	at org.springframework.data.redis.core.DefaultReactiveZSetOperationsIntegrationTests.before(DefaultReactiveZSetOperationsIntegrationTests.java:96)
Caused by: io.lettuce.core.RedisConnectionException: Unable to connect to 127.0.0.1:6379
	at org.springframework.data.redis.core.DefaultReactiveZSetOperationsIntegrationTests.before(DefaultReactiveZSetOperationsIntegrationTests.java:96)
Caused by: io.netty.channel.AbstractChannel$AnnotatedConnectException: syscall:getsockopt(..) failed: Connection refused: /127.0.0.1:6379
Caused by: io.netty.channel.unix.Errors$NativeConnectException: syscall:getsockopt(..) failed: Connection refused
</error>
  </testcase>
  <testcase name="reverseRangeByScoreWithScores[Generic Jackson 2]" classname="org.springframework.data.redis.core.DefaultReactiveZSetOperationsIntegrationTests" time="0.001">
    <error message="Unable to connect to Redis; nested exception is io.lettuce.core.RedisConnectionException: Unable to connect to 127.0.0.1:6379" type="org.springframework.data.redis.RedisConnectionFailureException">org.springframework.data.redis.RedisConnectionFailureException: Unable to connect to Redis; nested exception is io.lettuce.core.RedisConnectionException: Unable to connect to 127.0.0.1:6379
	at org.springframework.data.redis.core.DefaultReactiveZSetOperationsIntegrationTests.before(DefaultReactiveZSetOperationsIntegrationTests.java:96)
Caused by: io.lettuce.core.RedisConnectionException: Unable to connect to 127.0.0.1:6379
	at org.springframework.data.redis.core.DefaultReactiveZSetOperationsIntegrationTests.before(DefaultReactiveZSetOperationsIntegrationTests.java:96)
Caused by: io.netty.channel.AbstractChannel$AnnotatedConnectException: syscall:getsockopt(..) failed: Connection refused: /127.0.0.1:6379
Caused by: io.netty.channel.unix.Errors$NativeConnectException: syscall:getsockopt(..) failed: Connection refused
</error>
  </testcase>
  <testcase name="rangeByLexWithLimit[Generic Jackson 2]" classname="org.springframework.data.redis.core.DefaultReactiveZSetOperationsIntegrationTests" time="0.001">
    <error message="Unable to connect to Redis; nested exception is io.lettuce.core.RedisConnectionException: Unable to connect to 127.0.0.1:6379" type="org.springframework.data.redis.RedisConnectionFailureException">org.springframework.data.redis.RedisConnectionFailureException: Unable to connect to Redis; nested exception is io.lettuce.core.RedisConnectionException: Unable to connect to 127.0.0.1:6379
	at org.springframework.data.redis.core.DefaultReactiveZSetOperationsIntegrationTests.before(DefaultReactiveZSetOperationsIntegrationTests.java:96)
Caused by: io.lettuce.core.RedisConnectionException: Unable to connect to 127.0.0.1:6379
	at org.springframework.data.redis.core.DefaultReactiveZSetOperationsIntegrationTests.before(DefaultReactiveZSetOperationsIntegrationTests.java:96)
Caused by: io.netty.channel.AbstractChannel$AnnotatedConnectException: syscall:getsockopt(..) failed: Connection refused: /127.0.0.1:6379
Caused by: io.netty.channel.unix.Errors$NativeConnectException: syscall:getsockopt(..) failed: Connection refused
</error>
  </testcase>
  <testcase name="reverseRangeWithScores[Generic Jackson 2]" classname="org.springframework.data.redis.core.DefaultReactiveZSetOperationsIntegrationTests" time="0.001">
    <error message="Unable to connect to Redis; nested exception is io.lettuce.core.RedisConnectionException: Unable to connect to 127.0.0.1:6379" type="org.springframework.data.redis.RedisConnectionFailureException">org.springframework.data.redis.RedisConnectionFailureException: Unable to connect to Redis; nested exception is io.lettuce.core.RedisConnectionException: Unable to connect to 127.0.0.1:6379
	at org.springframework.data.redis.core.DefaultReactiveZSetOperationsIntegrationTests.before(DefaultReactiveZSetOperationsIntegrationTests.java:96)
Caused by: io.lettuce.core.RedisConnectionException: Unable to connect to 127.0.0.1:6379
	at org.springframework.data.redis.core.DefaultReactiveZSetOperationsIntegrationTests.before(DefaultReactiveZSetOperationsIntegrationTests.java:96)
Caused by: io.netty.channel.AbstractChannel$AnnotatedConnectException: syscall:getsockopt(..) failed: Connection refused: /127.0.0.1:6379
Caused by: io.netty.channel.unix.Errors$NativeConnectException: syscall:getsockopt(..) failed: Connection refused
</error>
  </testcase>
  <testcase name="reverseRank[Generic Jackson 2]" classname="org.springframework.data.redis.core.DefaultReactiveZSetOperationsIntegrationTests" time="0.001">
    <error message="Unable to connect to Redis; nested exception is io.lettuce.core.RedisConnectionException: Unable to connect to 127.0.0.1:6379" type="org.springframework.data.redis.RedisConnectionFailureException">org.springframework.data.redis.RedisConnectionFailureException: Unable to connect to Redis; nested exception is io.lettuce.core.RedisConnectionException: Unable to connect to 127.0.0.1:6379
	at org.springframework.data.redis.core.DefaultReactiveZSetOperationsIntegrationTests.before(DefaultReactiveZSetOperationsIntegrationTests.java:96)
Caused by: io.lettuce.core.RedisConnectionException: Unable to connect to 127.0.0.1:6379
	at org.springframework.data.redis.core.DefaultReactiveZSetOperationsIntegrationTests.before(DefaultReactiveZSetOperationsIntegrationTests.java:96)
Caused by: io.netty.channel.AbstractChannel$AnnotatedConnectException: syscall:getsockopt(..) failed: Connection refused: /127.0.0.1:6379
Caused by: io.netty.channel.unix.Errors$NativeConnectException: syscall:getsockopt(..) failed: Connection refused
</error>
  </testcase>
  <testcase name="reverseRangeByScoreWithLimit[Generic Jackson 2]" classname="org.springframework.data.redis.core.DefaultReactiveZSetOperationsIntegrationTests" time="0.001">
    <error message="Unable to connect to Redis; nested exception is io.lettuce.core.RedisConnectionException: Unable to connect to 127.0.0.1:6379" type="org.springframework.data.redis.RedisConnectionFailureException">org.springframework.data.redis.RedisConnectionFailureException: Unable to connect to Redis; nested exception is io.lettuce.core.RedisConnectionException: Unable to connect to 127.0.0.1:6379
	at org.springframework.data.redis.core.DefaultReactiveZSetOperationsIntegrationTests.before(DefaultReactiveZSetOperationsIntegrationTests.java:96)
Caused by: io.lettuce.core.RedisConnectionException: Unable to connect to 127.0.0.1:6379
	at org.springframework.data.redis.core.DefaultReactiveZSetOperationsIntegrationTests.before(DefaultReactiveZSetOperationsIntegrationTests.java:96)
Caused by: io.netty.channel.AbstractChannel$AnnotatedConnectException: syscall:getsockopt(..) failed: Connection refused: /127.0.0.1:6379
Caused by: io.netty.channel.unix.Errors$NativeConnectException: syscall:getsockopt(..) failed: Connection refused
</error>
  </testcase>
  <testcase name="incrementScore[Generic Jackson 2]" classname="org.springframework.data.redis.core.DefaultReactiveZSetOperationsIntegrationTests" time="0.001">
    <error message="Unable to connect to Redis; nested exception is io.lettuce.core.RedisConnectionException: Unable to connect to 127.0.0.1:6379" type="org.springframework.data.redis.RedisConnectionFailureException">org.springframework.data.redis.RedisConnectionFailureException: Unable to connect to Redis; nested exception is io.lettuce.core.RedisConnectionException: Unable to connect to 127.0.0.1:6379
	at org.springframework.data.redis.core.DefaultReactiveZSetOperationsIntegrationTests.before(DefaultReactiveZSetOperationsIntegrationTests.java:96)
Caused by: io.lettuce.core.RedisConnectionException: Unable to connect to 127.0.0.1:6379
	at org.springframework.data.redis.core.DefaultReactiveZSetOperationsIntegrationTests.before(DefaultReactiveZSetOperationsIntegrationTests.java:96)
Caused by: io.netty.channel.AbstractChannel$AnnotatedConnectException: syscall:getsockopt(..) failed: Connection refused: /127.0.0.1:6379
Caused by: io.netty.channel.unix.Errors$NativeConnectException: syscall:getsockopt(..) failed: Connection refused
</error>
  </testcase>
  <testcase name="intersectAndStoreWithAggregation[Generic Jackson 2]" classname="org.springframework.data.redis.core.DefaultReactiveZSetOperationsIntegrationTests" time="0.001">
    <error message="Unable to connect to Redis; nested exception is io.lettuce.core.RedisConnectionException: Unable to connect to 127.0.0.1:6379" type="org.springframework.data.redis.RedisConnectionFailureException">org.springframework.data.redis.RedisConnectionFailureException: Unable to connect to Redis; nested exception is io.lettuce.core.RedisConnectionException: Unable to connect to 127.0.0.1:6379
	at org.springframework.data.redis.core.DefaultReactiveZSetOperationsIntegrationTests.before(DefaultReactiveZSetOperationsIntegrationTests.java:96)
Caused by: io.lettuce.core.RedisConnectionException: Unable to connect to 127.0.0.1:6379
	at org.springframework.data.redis.core.DefaultReactiveZSetOperationsIntegrationTests.before(DefaultReactiveZSetOperationsIntegrationTests.java:96)
Caused by: io.netty.channel.AbstractChannel$AnnotatedConnectException: syscall:getsockopt(..) failed: Connection refused: /127.0.0.1:6379
Caused by: io.netty.channel.unix.Errors$NativeConnectException: syscall:getsockopt(..) failed: Connection refused
</error>
  </testcase>
  <testcase name="rangeByScoreWithLimit[Generic Jackson 2]" classname="org.springframework.data.redis.core.DefaultReactiveZSetOperationsIntegrationTests" time="0.001">
    <error message="Unable to connect to Redis; nested exception is io.lettuce.core.RedisConnectionException: Unable to connect to 127.0.0.1:6379" type="org.springframework.data.redis.RedisConnectionFailureException">org.springframework.data.redis.RedisConnectionFailureException: Unable to connect to Redis; nested exception is io.lettuce.core.RedisConnectionException: Unable to connect to 127.0.0.1:6379
	at org.springframework.data.redis.core.DefaultReactiveZSetOperationsIntegrationTests.before(DefaultReactiveZSetOperationsIntegrationTests.java:96)
Caused by: io.lettuce.core.RedisConnectionException: Unable to connect to 127.0.0.1:6379
	at org.springframework.data.redis.core.DefaultReactiveZSetOperationsIntegrationTests.before(DefaultReactiveZSetOperationsIntegrationTests.java:96)
Caused by: io.netty.channel.AbstractChannel$AnnotatedConnectException: syscall:getsockopt(..) failed: Connection refused: /127.0.0.1:6379
Caused by: io.netty.channel.unix.Errors$NativeConnectException: syscall:getsockopt(..) failed: Connection refused
</error>
  </testcase>
</testsuite>