<?xml version="1.0" encoding="UTF-8"?>
<testsuite xmlns:xsi="http://www.w3.org/2001/XMLSchema-instance" xsi:noNamespaceSchemaLocation="https://maven.apache.org/surefire/maven-surefire-plugin/xsd/surefire-test-report.xsd" name="jmri.server.json.schema.JsonSchemaSocketServiceTest" time="0.052" tests="3" errors="1" skipped="0" failures="1">
  <properties>
    <property name="java.runtime.name" value="OpenJDK Runtime Environment"/>
    <property name="sun.boot.library.path" value="/usr/lib/jvm/java-8-openjdk-amd64/jre/lib/amd64"/>
    <property name="java.vm.version" value="25.121-b13"/>
    <property name="java.vm.vendor" value="Oracle Corporation"/>
    <property name="maven.multiModuleProjectDirectory" value="/root/workspace/JMRI/JMRI/387409059"/>
    <property name="java.vendor.url" value="http://java.oracle.com/"/>
    <property name="path.separator" value=":"/>
    <property name="guice.disable.misplaced.annotation.check" value="true"/>
    <property name="skip.gulp" value="true"/>
    <property name="java.vm.name" value="OpenJDK 64-Bit Server VM"/>
    <property name="file.encoding.pkg" value="sun.io"/>
    <property name="sun.java.launcher" value="SUN_STANDARD"/>
    <property name="sun.os.patch.level" value="unknown"/>
    <property name="findbugs.skip" value="true"/>
    <property name="java.vm.specification.name" value="Java Virtual Machine Specification"/>
    <property name="user.dir" value="/root/workspace/JMRI/JMRI/387409059"/>
    <property name="checkstyle.skip" value="true"/>
    <property name="java.runtime.version" value="1.8.0_121-8u121-b13-1~bpo8+1-b13"/>
    <property name="java.awt.graphicsenv" value="sun.awt.X11GraphicsEnvironment"/>
    <property name="skip.npm" value="true"/>
    <property name="java.endorsed.dirs" value="/usr/lib/jvm/java-8-openjdk-amd64/jre/lib/endorsed"/>
    <property name="os.arch" value="amd64"/>
    <property name="java.io.tmpdir" value="/tmp"/>
    <property name="gpg.skip" value="true"/>
    <property name="line.separator" value="&#10;"/>
    <property name="java.vm.specification.vendor" value="Oracle Corporation"/>
    <property name="cobertura.skip" value="true"/>
    <property name="os.name" value="Linux"/>
    <property name="classworlds.conf" value="/usr/share/maven/bin/m2.conf"/>
    <property name="sun.jnu.encoding" value="UTF-8"/>
    <property name="java.library.path" value="/usr/java/packages/lib/amd64:/usr/lib/x86_64-linux-gnu/jni:/lib/x86_64-linux-gnu:/usr/lib/x86_64-linux-gnu:/usr/lib/jni:/lib:/usr/lib"/>
    <property name="license.skip" value="true"/>
    <property name="java.specification.name" value="Java Platform API Specification"/>
    <property name="java.class.version" value="52.0"/>
    <property name="sun.management.compiler" value="HotSpot 64-Bit Tiered Compilers"/>
    <property name="skip.bower" value="true"/>
    <property name="maven.repo.local" value="/root/./workspace/JMRI/JMRI/387409059/.m2"/>
    <property name="os.version" value="3.10.0-862.3.2.el7.x86_64"/>
    <property name="user.home" value="/root"/>
    <property name="user.timezone" value="Europe/Paris"/>
    <property name="java.awt.printerjob" value="sun.print.PSPrinterJob"/>
    <property name="java.specification.version" value="1.8"/>
    <property name="file.encoding" value="UTF-8"/>
    <property name="user.name" value="root"/>
    <property name="java.class.path" value="/usr/share/maven/boot/plexus-classworlds-2.5.2.jar"/>
    <property name="skipITs" value="true"/>
    <property name="java.vm.specification.version" value="1.8"/>
    <property name="sun.arch.data.model" value="64"/>
    <property name="java.home" value="/usr/lib/jvm/java-8-openjdk-amd64/jre"/>
    <property name="sun.java.command" value="org.codehaus.plexus.classworlds.launcher.Launcher -B -D enforcer.skip=true -D dependency-check.skip=true -D skipITs=true -D cobertura.skip=true -D maven.repo.local=/root/./workspace/JMRI/JMRI/387409059/.m2 -D rat.skip=true -D findbugs.skip=true -D skip.bower=true -D gpg.skip=true -D checkstyle.skip=true -D skip.gulp=true -D license.skip=true -D skip.npm=true test"/>
    <property name="java.specification.vendor" value="Oracle Corporation"/>
    <property name="user.language" value="en"/>
    <property name="awt.toolkit" value="sun.awt.X11.XToolkit"/>
    <property name="dependency-check.skip" value="true"/>
    <property name="java.vm.info" value="mixed mode"/>
    <property name="java.version" value="1.8.0_121"/>
    <property name="java.ext.dirs" value="/usr/lib/jvm/java-8-openjdk-amd64/jre/lib/ext:/usr/java/packages/lib/ext"/>
    <property name="securerandom.source" value="file:/dev/./urandom"/>
    <property name="sun.boot.class.path" value="/usr/lib/jvm/java-8-openjdk-amd64/jre/lib/resources.jar:/usr/lib/jvm/java-8-openjdk-amd64/jre/lib/rt.jar:/usr/lib/jvm/java-8-openjdk-amd64/jre/lib/sunrsasign.jar:/usr/lib/jvm/java-8-openjdk-amd64/jre/lib/jsse.jar:/usr/lib/jvm/java-8-openjdk-amd64/jre/lib/jce.jar:/usr/lib/jvm/java-8-openjdk-amd64/jre/lib/charsets.jar:/usr/lib/jvm/java-8-openjdk-amd64/jre/lib/jfr.jar:/usr/lib/jvm/java-8-openjdk-amd64/jre/classes"/>
    <property name="java.vendor" value="Oracle Corporation"/>
    <property name="enforcer.skip" value="true"/>
    <property name="rat.skip" value="true"/>
    <property name="maven.home" value="/usr/share/maven"/>
    <property name="file.separator" value="/"/>
    <property name="java.vendor.url.bug" value="http://bugreport.sun.com/bugreport/"/>
    <property name="sun.cpu.endian" value="little"/>
    <property name="sun.io.unicode.encoding" value="UnicodeLittle"/>
    <property name="sun.cpu.isalist" value=""/>
  </properties>
  <testcase name="testOnMessage" classname="jmri.server.json.schema.JsonSchemaSocketServiceTest" time="0.038">
    <error message="java.net.UnknownHostException: json-schema.org" type="com.networknt.schema.JsonSchemaException"><![CDATA[com.networknt.schema.JsonSchemaException: java.net.UnknownHostException: json-schema.org
	at com.networknt.schema.JsonSchemaFactory.getSchema(JsonSchemaFactory.java:203)
	at com.networknt.schema.RefValidator.getRefSchema(RefValidator.java:65)
	at com.networknt.schema.RefValidator.<init>(RefValidator.java:45)
	at sun.reflect.GeneratedConstructorAccessor296.newInstance(Unknown Source)
	at sun.reflect.DelegatingConstructorAccessorImpl.newInstance(DelegatingConstructorAccessorImpl.java:45)
	at java.lang.reflect.Constructor.newInstance(Constructor.java:423)
	at com.networknt.schema.ValidatorTypeCode.newValidator(ValidatorTypeCode.java:121)
	at com.networknt.schema.JsonMetaSchema.newValidator(JsonMetaSchema.java:241)
	at com.networknt.schema.ValidationContext.newValidator(ValidationContext.java:24)
	at com.networknt.schema.JsonSchema.read(JsonSchema.java:116)
	at com.networknt.schema.JsonSchema.<init>(JsonSchema.java:56)
	at com.networknt.schema.JsonSchema.<init>(JsonSchema.java:49)
	at com.networknt.schema.PropertiesValidator.<init>(PropertiesValidator.java:35)
	at sun.reflect.GeneratedConstructorAccessor290.newInstance(Unknown Source)
	at sun.reflect.DelegatingConstructorAccessorImpl.newInstance(DelegatingConstructorAccessorImpl.java:45)
	at java.lang.reflect.Constructor.newInstance(Constructor.java:423)
	at com.networknt.schema.ValidatorTypeCode.newValidator(ValidatorTypeCode.java:121)
	at com.networknt.schema.JsonMetaSchema.newValidator(JsonMetaSchema.java:241)
	at com.networknt.schema.ValidationContext.newValidator(ValidationContext.java:24)
	at com.networknt.schema.JsonSchema.read(JsonSchema.java:116)
	at com.networknt.schema.JsonSchema.<init>(JsonSchema.java:56)
	at com.networknt.schema.JsonSchema.<init>(JsonSchema.java:49)
	at com.networknt.schema.JsonSchema.<init>(JsonSchema.java:44)
	at com.networknt.schema.JsonSchemaFactory.newJsonSchema(JsonSchemaFactory.java:144)
	at com.networknt.schema.JsonSchemaFactory.getSchema(JsonSchemaFactory.java:208)
	at jmri.server.json.schema.JsonSchemaServiceCache.getSchema(JsonSchemaServiceCache.java:120)
	at jmri.server.json.schema.JsonSchemaServiceCache.validateJsonNode(JsonSchemaServiceCache.java:162)
	at jmri.server.json.schema.JsonSchemaServiceCache.validateMessage(JsonSchemaServiceCache.java:154)
	at jmri.server.json.schema.JsonSchemaServiceCache.validateMessage(JsonSchemaServiceCache.java:148)
	at jmri.server.json.JsonMockConnection.sendMessage(JsonMockConnection.java:61)
	at jmri.server.json.schema.JsonSchemaSocketService.onMessage(JsonSchemaSocketService.java:34)
	at jmri.server.json.schema.JsonSchemaSocketServiceTest.testOnMessage(JsonSchemaSocketServiceTest.java:61)
	at sun.reflect.NativeMethodAccessorImpl.invoke0(Native Method)
	at sun.reflect.NativeMethodAccessorImpl.invoke(NativeMethodAccessorImpl.java:62)
	at sun.reflect.DelegatingMethodAccessorImpl.invoke(DelegatingMethodAccessorImpl.java:43)
	at java.lang.reflect.Method.invoke(Method.java:498)
	at org.junit.runners.model.FrameworkMethod$1.runReflectiveCall(FrameworkMethod.java:50)
	at org.junit.internal.runners.model.ReflectiveCallable.run(ReflectiveCallable.java:12)
	at org.junit.runners.model.FrameworkMethod.invokeExplosively(FrameworkMethod.java:47)
	at org.junit.internal.runners.statements.InvokeMethod.evaluate(InvokeMethod.java:17)
	at org.junit.internal.runners.statements.RunBefores.evaluate(RunBefores.java:26)
	at org.junit.internal.runners.statements.RunAfters.evaluate(RunAfters.java:27)
	at org.junit.runners.ParentRunner.runLeaf(ParentRunner.java:325)
	at org.junit.runners.BlockJUnit4ClassRunner.runChild(BlockJUnit4ClassRunner.java:78)
	at org.junit.runners.BlockJUnit4ClassRunner.runChild(BlockJUnit4ClassRunner.java:57)
	at org.junit.runners.ParentRunner$3.run(ParentRunner.java:290)
	at org.junit.runners.ParentRunner$1.schedule(ParentRunner.java:71)
	at org.junit.runners.ParentRunner.runChildren(ParentRunner.java:288)
	at org.junit.runners.ParentRunner.access$000(ParentRunner.java:58)
	at org.junit.runners.ParentRunner$2.evaluate(ParentRunner.java:268)
	at org.junit.runners.ParentRunner.run(ParentRunner.java:363)
	at org.apache.maven.surefire.junit4.JUnit4Provider.execute(JUnit4Provider.java:365)
	at org.apache.maven.surefire.junit4.JUnit4Provider.executeWithRerun(JUnit4Provider.java:272)
	at org.apache.maven.surefire.junit4.JUnit4Provider.executeTestSet(JUnit4Provider.java:236)
	at org.apache.maven.surefire.junit4.JUnit4Provider.invoke(JUnit4Provider.java:159)
	at org.apache.maven.surefire.booter.ForkedBooter.invokeProviderInSameClassLoader(ForkedBooter.java:386)
	at org.apache.maven.surefire.booter.ForkedBooter.runSuitesInProcess(ForkedBooter.java:323)
	at org.apache.maven.surefire.booter.ForkedBooter.main(ForkedBooter.java:143)
Caused by: java.net.UnknownHostException: json-schema.org
	at java.net.AbstractPlainSocketImpl.connect(AbstractPlainSocketImpl.java:184)
	at java.net.SocksSocketImpl.connect(SocksSocketImpl.java:392)
	at java.net.Socket.connect(Socket.java:589)
	at java.net.Socket.connect(Socket.java:538)
	at sun.net.NetworkClient.doConnect(NetworkClient.java:180)
	at sun.net.www.http.HttpClient.openServer(HttpClient.java:432)
	at sun.net.www.http.HttpClient.openServer(HttpClient.java:527)
	at sun.net.www.http.HttpClient.<init>(HttpClient.java:211)
	at sun.net.www.http.HttpClient.New(HttpClient.java:308)
	at sun.net.www.http.HttpClient.New(HttpClient.java:326)
	at sun.net.www.protocol.http.HttpURLConnection.getNewHttpClient(HttpURLConnection.java:1202)
	at sun.net.www.protocol.http.HttpURLConnection.plainConnect0(HttpURLConnection.java:1138)
	at sun.net.www.protocol.http.HttpURLConnection$6.run(HttpURLConnection.java:1022)
	at sun.net.www.protocol.http.HttpURLConnection$6.run(HttpURLConnection.java:1020)
	at java.security.AccessController.doPrivileged(Native Method)
	at java.security.AccessController.doPrivilegedWithCombiner(AccessController.java:782)
	at sun.net.www.protocol.http.HttpURLConnection.plainConnect(HttpURLConnection.java:1019)
	at sun.net.www.protocol.http.HttpURLConnection.connect(HttpURLConnection.java:966)
	at sun.net.www.protocol.http.HttpURLConnection.getInputStream0(HttpURLConnection.java:1546)
	at sun.net.www.protocol.http.HttpURLConnection.access$200(HttpURLConnection.java:91)
	at sun.net.www.protocol.http.HttpURLConnection$9.run(HttpURLConnection.java:1466)
	at sun.net.www.protocol.http.HttpURLConnection$9.run(HttpURLConnection.java:1464)
	at java.security.AccessController.doPrivileged(Native Method)
	at java.security.AccessController.doPrivilegedWithCombiner(AccessController.java:782)
	at sun.net.www.protocol.http.HttpURLConnection.getInputStream(HttpURLConnection.java:1463)
	at java.net.URL.openStream(URL.java:1045)
	at com.networknt.schema.url.StandardURLFetcher.fetch(StandardURLFetcher.java:14)
	at com.networknt.schema.JsonSchemaFactory.getSchema(JsonSchemaFactory.java:186)
	... 57 more
]]></error>
    <system-err><![CDATA[ERROR - Failed to load json schema! [main] com.networknt.schema.JsonSchemaFactory.getSchema()
java.net.UnknownHostException: json-schema.org
	at java.net.AbstractPlainSocketImpl.connect(AbstractPlainSocketImpl.java:184)
	at java.net.SocksSocketImpl.connect(SocksSocketImpl.java:392)
	at java.net.Socket.connect(Socket.java:589)
	at java.net.Socket.connect(Socket.java:538)
	at sun.net.NetworkClient.doConnect(NetworkClient.java:180)
	at sun.net.www.http.HttpClient.openServer(HttpClient.java:432)
	at sun.net.www.http.HttpClient.openServer(HttpClient.java:527)
	at sun.net.www.http.HttpClient.<init>(HttpClient.java:211)
	at sun.net.www.http.HttpClient.New(HttpClient.java:308)
	at sun.net.www.http.HttpClient.New(HttpClient.java:326)
	at sun.net.www.protocol.http.HttpURLConnection.getNewHttpClient(HttpURLConnection.java:1202)
	at sun.net.www.protocol.http.HttpURLConnection.plainConnect0(HttpURLConnection.java:1138)
	at sun.net.www.protocol.http.HttpURLConnection$6.run(HttpURLConnection.java:1022)
	at sun.net.www.protocol.http.HttpURLConnection$6.run(HttpURLConnection.java:1020)
	at java.security.AccessController.doPrivileged(Native Method)
	at java.security.AccessController.doPrivilegedWithCombiner(AccessController.java:782)
	at sun.net.www.protocol.http.HttpURLConnection.plainConnect(HttpURLConnection.java:1019)
	at sun.net.www.protocol.http.HttpURLConnection.connect(HttpURLConnection.java:966)
	at sun.net.www.protocol.http.HttpURLConnection.getInputStream0(HttpURLConnection.java:1546)
	at sun.net.www.protocol.http.HttpURLConnection.access$200(HttpURLConnection.java:91)
	at sun.net.www.protocol.http.HttpURLConnection$9.run(HttpURLConnection.java:1466)
	at sun.net.www.protocol.http.HttpURLConnection$9.run(HttpURLConnection.java:1464)
	at java.security.AccessController.doPrivileged(Native Method)
	at java.security.AccessController.doPrivilegedWithCombiner(AccessController.java:782)
	at sun.net.www.protocol.http.HttpURLConnection.getInputStream(HttpURLConnection.java:1463)
	at java.net.URL.openStream(URL.java:1045)
	at com.networknt.schema.url.StandardURLFetcher.fetch(StandardURLFetcher.java:14)
	at com.networknt.schema.JsonSchemaFactory.getSchema(JsonSchemaFactory.java:186)
	at com.networknt.schema.RefValidator.getRefSchema(RefValidator.java:65)
	at com.networknt.schema.RefValidator.<init>(RefValidator.java:45)
	at sun.reflect.GeneratedConstructorAccessor296.newInstance(Unknown Source)
	at sun.reflect.DelegatingConstructorAccessorImpl.newInstance(DelegatingConstructorAccessorImpl.java:45)
	at java.lang.reflect.Constructor.newInstance(Constructor.java:423)
	at com.networknt.schema.ValidatorTypeCode.newValidator(ValidatorTypeCode.java:121)
	at com.networknt.schema.JsonMetaSchema.newValidator(JsonMetaSchema.java:241)
	at com.networknt.schema.ValidationContext.newValidator(ValidationContext.java:24)
	at com.networknt.schema.JsonSchema.read(JsonSchema.java:116)
	at com.networknt.schema.JsonSchema.<init>(JsonSchema.java:56)
	at com.networknt.schema.JsonSchema.<init>(JsonSchema.java:49)
	at com.networknt.schema.PropertiesValidator.<init>(PropertiesValidator.java:35)
	at sun.reflect.GeneratedConstructorAccessor290.newInstance(Unknown Source)
	at sun.reflect.DelegatingConstructorAccessorImpl.newInstance(DelegatingConstructorAccessorImpl.java:45)
	at java.lang.reflect.Constructor.newInstance(Constructor.java:423)
	at com.networknt.schema.ValidatorTypeCode.newValidator(ValidatorTypeCode.java:121)
	at com.networknt.schema.JsonMetaSchema.newValidator(JsonMetaSchema.java:241)
	at com.networknt.schema.ValidationContext.newValidator(ValidationContext.java:24)
	at com.networknt.schema.JsonSchema.read(JsonSchema.java:116)
	at com.networknt.schema.JsonSchema.<init>(JsonSchema.java:56)
	at com.networknt.schema.JsonSchema.<init>(JsonSchema.java:49)
	at com.networknt.schema.JsonSchema.<init>(JsonSchema.java:44)
	at com.networknt.schema.JsonSchemaFactory.newJsonSchema(JsonSchemaFactory.java:144)
	at com.networknt.schema.JsonSchemaFactory.getSchema(JsonSchemaFactory.java:208)
	at jmri.server.json.schema.JsonSchemaServiceCache.getSchema(JsonSchemaServiceCache.java:120)
	at jmri.server.json.schema.JsonSchemaServiceCache.validateJsonNode(JsonSchemaServiceCache.java:162)
	at jmri.server.json.schema.JsonSchemaServiceCache.validateMessage(JsonSchemaServiceCache.java:154)
	at jmri.server.json.schema.JsonSchemaServiceCache.validateMessage(JsonSchemaServiceCache.java:148)
	at jmri.server.json.JsonMockConnection.sendMessage(JsonMockConnection.java:61)
	at jmri.server.json.schema.JsonSchemaSocketService.onMessage(JsonSchemaSocketService.java:34)
	at jmri.server.json.schema.JsonSchemaSocketServiceTest.testOnMessage(JsonSchemaSocketServiceTest.java:61)
	at sun.reflect.NativeMethodAccessorImpl.invoke0(Native Method)
	at sun.reflect.NativeMethodAccessorImpl.invoke(NativeMethodAccessorImpl.java:62)
	at sun.reflect.DelegatingMethodAccessorImpl.invoke(DelegatingMethodAccessorImpl.java:43)
	at java.lang.reflect.Method.invoke(Method.java:498)
	at org.junit.runners.model.FrameworkMethod$1.runReflectiveCall(FrameworkMethod.java:50)
	at org.junit.internal.runners.model.ReflectiveCallable.run(ReflectiveCallable.java:12)
	at org.junit.runners.model.FrameworkMethod.invokeExplosively(FrameworkMethod.java:47)
	at org.junit.internal.runners.statements.InvokeMethod.evaluate(InvokeMethod.java:17)
	at org.junit.internal.runners.statements.RunBefores.evaluate(RunBefores.java:26)
	at org.junit.internal.runners.statements.RunAfters.evaluate(RunAfters.java:27)
	at org.junit.runners.ParentRunner.runLeaf(ParentRunner.java:325)
	at org.junit.runners.BlockJUnit4ClassRunner.runChild(BlockJUnit4ClassRunner.java:78)
	at org.junit.runners.BlockJUnit4ClassRunner.runChild(BlockJUnit4ClassRunner.java:57)
	at org.junit.runners.ParentRunner$3.run(ParentRunner.java:290)
	at org.junit.runners.ParentRunner$1.schedule(ParentRunner.java:71)
	at org.junit.runners.ParentRunner.runChildren(ParentRunner.java:288)
	at org.junit.runners.ParentRunner.access$000(ParentRunner.java:58)
	at org.junit.runners.ParentRunner$2.evaluate(ParentRunner.java:268)
	at org.junit.runners.ParentRunner.run(ParentRunner.java:363)
	at org.apache.maven.surefire.junit4.JUnit4Provider.execute(JUnit4Provider.java:365)
	at org.apache.maven.surefire.junit4.JUnit4Provider.executeWithRerun(JUnit4Provider.java:272)
	at org.apache.maven.surefire.junit4.JUnit4Provider.executeTestSet(JUnit4Provider.java:236)
	at org.apache.maven.surefire.junit4.JUnit4Provider.invoke(JUnit4Provider.java:159)
	at org.apache.maven.surefire.booter.ForkedBooter.invokeProviderInSameClassLoader(ForkedBooter.java:386)
	at org.apache.maven.surefire.booter.ForkedBooter.runSuitesInProcess(ForkedBooter.java:323)
	at org.apache.maven.surefire.booter.ForkedBooter.main(ForkedBooter.java:143)
]]></system-err>
  </testcase>
  <testcase name="testOnMessage" classname="jmri.server.json.schema.JsonSchemaSocketServiceTest" time="0.039">
    <failure message="Unexpected ERROR or FATAL messages emitted" type="java.lang.AssertionError">java.lang.AssertionError: Unexpected ERROR or FATAL messages emitted
	at org.junit.Assert.fail(Assert.java:88)
	at org.junit.Assert.assertTrue(Assert.java:41)
	at org.junit.Assert.assertFalse(Assert.java:64)
	at apps.tests.Log4JFixture.tearDown(Log4JFixture.java:38)
	at jmri.util.JUnitUtil.tearDown(JUnitUtil.java:118)
	at jmri.server.json.schema.JsonSchemaSocketServiceTest.tearDown(JsonSchemaSocketServiceTest.java:36)
	at sun.reflect.NativeMethodAccessorImpl.invoke0(Native Method)
	at sun.reflect.NativeMethodAccessorImpl.invoke(NativeMethodAccessorImpl.java:62)
	at sun.reflect.DelegatingMethodAccessorImpl.invoke(DelegatingMethodAccessorImpl.java:43)
	at java.lang.reflect.Method.invoke(Method.java:498)
	at org.junit.runners.model.FrameworkMethod$1.runReflectiveCall(FrameworkMethod.java:50)
	at org.junit.internal.runners.model.ReflectiveCallable.run(ReflectiveCallable.java:12)
	at org.junit.runners.model.FrameworkMethod.invokeExplosively(FrameworkMethod.java:47)
	at org.junit.internal.runners.statements.RunAfters.evaluate(RunAfters.java:33)
	at org.junit.runners.ParentRunner.runLeaf(ParentRunner.java:325)
	at org.junit.runners.BlockJUnit4ClassRunner.runChild(BlockJUnit4ClassRunner.java:78)
	at org.junit.runners.BlockJUnit4ClassRunner.runChild(BlockJUnit4ClassRunner.java:57)
	at org.junit.runners.ParentRunner$3.run(ParentRunner.java:290)
	at org.junit.runners.ParentRunner$1.schedule(ParentRunner.java:71)
	at org.junit.runners.ParentRunner.runChildren(ParentRunner.java:288)
	at org.junit.runners.ParentRunner.access$000(ParentRunner.java:58)
	at org.junit.runners.ParentRunner$2.evaluate(ParentRunner.java:268)
	at org.junit.runners.ParentRunner.run(ParentRunner.java:363)
	at org.apache.maven.surefire.junit4.JUnit4Provider.execute(JUnit4Provider.java:365)
	at org.apache.maven.surefire.junit4.JUnit4Provider.executeWithRerun(JUnit4Provider.java:272)
	at org.apache.maven.surefire.junit4.JUnit4Provider.executeTestSet(JUnit4Provider.java:236)
	at org.apache.maven.surefire.junit4.JUnit4Provider.invoke(JUnit4Provider.java:159)
	at org.apache.maven.surefire.booter.ForkedBooter.invokeProviderInSameClassLoader(ForkedBooter.java:386)
	at org.apache.maven.surefire.booter.ForkedBooter.runSuitesInProcess(ForkedBooter.java:323)
	at org.apache.maven.surefire.booter.ForkedBooter.main(ForkedBooter.java:143)
</failure>
  </testcase>
  <testcase name="testOnList" classname="jmri.server.json.schema.JsonSchemaSocketServiceTest" time="0.013"/>
</testsuite>