<?xml version="1.0" encoding="UTF-8"?>
<testsuite xmlns:xsi="http://www.w3.org/2001/XMLSchema-instance" xsi:noNamespaceSchemaLocation="https://maven.apache.org/surefire/maven-surefire-plugin/xsd/surefire-test-report.xsd" name="nl.topicus.jdbc.statement.CloudSpannerPreparedStatementTest$ParameterTests" time="0.032" tests="4" errors="0" skipped="0" failures="0">
  <properties>
    <property name="awt.toolkit" value="sun.awt.X11.XToolkit"/>
    <property name="file.encoding.pkg" value="sun.io"/>
    <property name="java.specification.version" value="1.8"/>
    <property name="sun.cpu.isalist" value=""/>
    <property name="sun.jnu.encoding" value="UTF-8"/>
    <property name="java.class.path" value="/root/workspace/olavloite/spanner-jdbc/386034448/target/test-classes:/root/workspace/olavloite/spanner-jdbc/386034448/target/classes:/root/./workspace/olavloite/spanner-jdbc/386034448/.m2/com/google/cloud/google-cloud-spanner/0.42.0-beta/google-cloud-spanner-0.42.0-beta.jar:/root/./workspace/olavloite/spanner-jdbc/386034448/.m2/com/google/cloud/google-cloud-core/1.24.0/google-cloud-core-1.24.0.jar:/root/./workspace/olavloite/spanner-jdbc/386034448/.m2/com/google/guava/guava/20.0/guava-20.0.jar:/root/./workspace/olavloite/spanner-jdbc/386034448/.m2/com/google/http-client/google-http-client/1.23.0/google-http-client-1.23.0.jar:/root/./workspace/olavloite/spanner-jdbc/386034448/.m2/org/apache/httpcomponents/httpclient/4.0.1/httpclient-4.0.1.jar:/root/./workspace/olavloite/spanner-jdbc/386034448/.m2/org/apache/httpcomponents/httpcore/4.0.1/httpcore-4.0.1.jar:/root/./workspace/olavloite/spanner-jdbc/386034448/.m2/commons-logging/commons-logging/1.1.1/commons-logging-1.1.1.jar:/root/./workspace/olavloite/spanner-jdbc/386034448/.m2/commons-codec/commons-codec/1.3/commons-codec-1.3.jar:/root/./workspace/olavloite/spanner-jdbc/386034448/.m2/com/google/api/api-common/1.5.0/api-common-1.5.0.jar:/root/./workspace/olavloite/spanner-jdbc/386034448/.m2/com/google/api/gax/1.20.0/gax-1.20.0.jar:/root/./workspace/olavloite/spanner-jdbc/386034448/.m2/com/google/protobuf/protobuf-java-util/3.5.1/protobuf-java-util-3.5.1.jar:/root/./workspace/olavloite/spanner-jdbc/386034448/.m2/com/google/code/gson/gson/2.7/gson-2.7.jar:/root/./workspace/olavloite/spanner-jdbc/386034448/.m2/com/google/api/grpc/proto-google-common-protos/1.6.0/proto-google-common-protos-1.6.0.jar:/root/./workspace/olavloite/spanner-jdbc/386034448/.m2/com/google/api/grpc/proto-google-iam-v1/0.7.0/proto-google-iam-v1-0.7.0.jar:/root/./workspace/olavloite/spanner-jdbc/386034448/.m2/com/google/cloud/google-cloud-core-grpc/1.24.0/google-cloud-core-grpc-1.24.0.jar:/root/./workspace/olavloite/spanner-jdbc/386034448/.m2/com/google/auth/google-auth-library-credentials/0.9.0/google-auth-library-credentials-0.9.0.jar:/root/./workspace/olavloite/spanner-jdbc/386034448/.m2/com/google/protobuf/protobuf-java/3.5.1/protobuf-java-3.5.1.jar:/root/./workspace/olavloite/spanner-jdbc/386034448/.m2/io/grpc/grpc-protobuf/1.9.0/grpc-protobuf-1.9.0.jar:/root/./workspace/olavloite/spanner-jdbc/386034448/.m2/io/grpc/grpc-protobuf-lite/1.9.0/grpc-protobuf-lite-1.9.0.jar:/root/./workspace/olavloite/spanner-jdbc/386034448/.m2/io/grpc/grpc-context/1.9.0/grpc-context-1.9.0.jar:/root/./workspace/olavloite/spanner-jdbc/386034448/.m2/com/google/api/gax-grpc/1.20.0/gax-grpc-1.20.0.jar:/root/./workspace/olavloite/spanner-jdbc/386034448/.m2/org/threeten/threetenbp/1.3.3/threetenbp-1.3.3.jar:/root/./workspace/olavloite/spanner-jdbc/386034448/.m2/com/google/auth/google-auth-library-oauth2-http/0.9.0/google-auth-library-oauth2-http-0.9.0.jar:/root/./workspace/olavloite/spanner-jdbc/386034448/.m2/com/google/http-client/google-http-client-jackson2/1.19.0/google-http-client-jackson2-1.19.0.jar:/root/./workspace/olavloite/spanner-jdbc/386034448/.m2/com/fasterxml/jackson/core/jackson-core/2.1.3/jackson-core-2.1.3.jar:/root/./workspace/olavloite/spanner-jdbc/386034448/.m2/com/google/api/grpc/proto-google-cloud-spanner-v1/0.7.0/proto-google-cloud-spanner-v1-0.7.0.jar:/root/./workspace/olavloite/spanner-jdbc/386034448/.m2/com/google/api/grpc/proto-google-cloud-spanner-admin-database-v1/0.7.0/proto-google-cloud-spanner-admin-database-v1-0.7.0.jar:/root/./workspace/olavloite/spanner-jdbc/386034448/.m2/com/google/api/grpc/proto-google-cloud-spanner-admin-instance-v1/0.7.0/proto-google-cloud-spanner-admin-instance-v1-0.7.0.jar:/root/./workspace/olavloite/spanner-jdbc/386034448/.m2/com/google/api/grpc/grpc-google-cloud-spanner-v1/0.7.0/grpc-google-cloud-spanner-v1-0.7.0.jar:/root/./workspace/olavloite/spanner-jdbc/386034448/.m2/com/google/api/grpc/grpc-google-cloud-spanner-admin-database-v1/0.7.0/grpc-google-cloud-spanner-admin-database-v1-0.7.0.jar:/root/./workspace/olavloite/spanner-jdbc/386034448/.m2/com/google/api/grpc/grpc-google-cloud-spanner-admin-instance-v1/0.7.0/grpc-google-cloud-spanner-admin-instance-v1-0.7.0.jar:/root/./workspace/olavloite/spanner-jdbc/386034448/.m2/com/google/api/grpc/grpc-google-common-protos/1.6.0/grpc-google-common-protos-1.6.0.jar:/root/./workspace/olavloite/spanner-jdbc/386034448/.m2/io/grpc/grpc-netty-shaded/1.9.0/grpc-netty-shaded-1.9.0.jar:/root/./workspace/olavloite/spanner-jdbc/386034448/.m2/io/grpc/grpc-core/1.9.0/grpc-core-1.9.0.jar:/root/./workspace/olavloite/spanner-jdbc/386034448/.m2/com/google/instrumentation/instrumentation-api/0.4.3/instrumentation-api-0.4.3.jar:/root/./workspace/olavloite/spanner-jdbc/386034448/.m2/io/opencensus/opencensus-contrib-grpc-metrics/0.10.0/opencensus-contrib-grpc-metrics-0.10.0.jar:/root/./workspace/olavloite/spanner-jdbc/386034448/.m2/io/grpc/grpc-auth/1.9.0/grpc-auth-1.9.0.jar:/root/./workspace/olavloite/spanner-jdbc/386034448/.m2/io/grpc/grpc-stub/1.9.0/grpc-stub-1.9.0.jar:/root/./workspace/olavloite/spanner-jdbc/386034448/.m2/com/google/code/findbugs/jsr305/3.0.1/jsr305-3.0.1.jar:/root/./workspace/olavloite/spanner-jdbc/386034448/.m2/joda-time/joda-time/2.9.2/joda-time-2.9.2.jar:/root/./workspace/olavloite/spanner-jdbc/386034448/.m2/junit/junit/4.12/junit-4.12.jar:/root/./workspace/olavloite/spanner-jdbc/386034448/.m2/org/hamcrest/hamcrest-core/1.3/hamcrest-core-1.3.jar:/root/./workspace/olavloite/spanner-jdbc/386034448/.m2/io/opencensus/opencensus-api/0.11.1/opencensus-api-0.11.1.jar:/root/./workspace/olavloite/spanner-jdbc/386034448/.m2/com/google/errorprone/error_prone_annotations/2.2.0/error_prone_annotations-2.2.0.jar:/root/./workspace/olavloite/spanner-jdbc/386034448/.m2/io/opencensus/opencensus-contrib-grpc-util/0.11.1/opencensus-contrib-grpc-util-0.11.1.jar:/root/./workspace/olavloite/spanner-jdbc/386034448/.m2/org/json/json/20171018/json-20171018.jar:/root/./workspace/olavloite/spanner-jdbc/386034448/.m2/org/apache/commons/commons-lang3/3.7/commons-lang3-3.7.jar:/root/./workspace/olavloite/spanner-jdbc/386034448/.m2/com/github/jsqlparser/jsqlparser/1.1/jsqlparser-1.1.jar:/root/./workspace/olavloite/spanner-jdbc/386034448/.m2/org/mockito/mockito-core/2.9.0/mockito-core-2.9.0.jar:/root/./workspace/olavloite/spanner-jdbc/386034448/.m2/net/bytebuddy/byte-buddy/1.7.0/byte-buddy-1.7.0.jar:/root/./workspace/olavloite/spanner-jdbc/386034448/.m2/net/bytebuddy/byte-buddy-agent/1.7.0/byte-buddy-agent-1.7.0.jar:/root/./workspace/olavloite/spanner-jdbc/386034448/.m2/org/objenesis/objenesis/2.6/objenesis-2.6.jar:/root/./workspace/olavloite/spanner-jdbc/386034448/.m2/com/mchange/c3p0/0.9.5.2/c3p0-0.9.5.2.jar:/root/./workspace/olavloite/spanner-jdbc/386034448/.m2/com/mchange/mchange-commons-java/0.2.11/mchange-commons-java-0.2.11.jar:"/>
    <property name="java.vm.vendor" value="Oracle Corporation"/>
    <property name="skip.bower" value="true"/>
    <property name="sun.arch.data.model" value="64"/>
    <property name="java.vendor.url" value="http://java.oracle.com/"/>
    <property name="user.timezone" value=""/>
    <property name="java.vm.specification.version" value="1.8"/>
    <property name="os.name" value="Linux"/>
    <property name="rat.skip" value="true"/>
    <property name="gpg.skip" value="true"/>
    <property name="sun.java.launcher" value="SUN_STANDARD"/>
    <property name="sun.boot.library.path" value="/usr/lib/jvm/java-8-openjdk-amd64/jre/lib/amd64"/>
    <property name="skip.gulp" value="true"/>
    <property name="sun.java.command" value="/root/workspace/olavloite/spanner-jdbc/386034448/target/surefire/surefirebooter3675834768035438295.jar /root/workspace/olavloite/spanner-jdbc/386034448/target/surefire 2018-05-31T08-11-33_278-jvmRun1 surefire5002285888158321555tmp surefire_02758496990639059411tmp"/>
    <property name="dependency-check.skip" value="true"/>
    <property name="surefire.test.class.path" value="/root/workspace/olavloite/spanner-jdbc/386034448/target/test-classes:/root/workspace/olavloite/spanner-jdbc/386034448/target/classes:/root/./workspace/olavloite/spanner-jdbc/386034448/.m2/com/google/cloud/google-cloud-spanner/0.42.0-beta/google-cloud-spanner-0.42.0-beta.jar:/root/./workspace/olavloite/spanner-jdbc/386034448/.m2/com/google/cloud/google-cloud-core/1.24.0/google-cloud-core-1.24.0.jar:/root/./workspace/olavloite/spanner-jdbc/386034448/.m2/com/google/guava/guava/20.0/guava-20.0.jar:/root/./workspace/olavloite/spanner-jdbc/386034448/.m2/com/google/http-client/google-http-client/1.23.0/google-http-client-1.23.0.jar:/root/./workspace/olavloite/spanner-jdbc/386034448/.m2/org/apache/httpcomponents/httpclient/4.0.1/httpclient-4.0.1.jar:/root/./workspace/olavloite/spanner-jdbc/386034448/.m2/org/apache/httpcomponents/httpcore/4.0.1/httpcore-4.0.1.jar:/root/./workspace/olavloite/spanner-jdbc/386034448/.m2/commons-logging/commons-logging/1.1.1/commons-logging-1.1.1.jar:/root/./workspace/olavloite/spanner-jdbc/386034448/.m2/commons-codec/commons-codec/1.3/commons-codec-1.3.jar:/root/./workspace/olavloite/spanner-jdbc/386034448/.m2/com/google/api/api-common/1.5.0/api-common-1.5.0.jar:/root/./workspace/olavloite/spanner-jdbc/386034448/.m2/com/google/api/gax/1.20.0/gax-1.20.0.jar:/root/./workspace/olavloite/spanner-jdbc/386034448/.m2/com/google/protobuf/protobuf-java-util/3.5.1/protobuf-java-util-3.5.1.jar:/root/./workspace/olavloite/spanner-jdbc/386034448/.m2/com/google/code/gson/gson/2.7/gson-2.7.jar:/root/./workspace/olavloite/spanner-jdbc/386034448/.m2/com/google/api/grpc/proto-google-common-protos/1.6.0/proto-google-common-protos-1.6.0.jar:/root/./workspace/olavloite/spanner-jdbc/386034448/.m2/com/google/api/grpc/proto-google-iam-v1/0.7.0/proto-google-iam-v1-0.7.0.jar:/root/./workspace/olavloite/spanner-jdbc/386034448/.m2/com/google/cloud/google-cloud-core-grpc/1.24.0/google-cloud-core-grpc-1.24.0.jar:/root/./workspace/olavloite/spanner-jdbc/386034448/.m2/com/google/auth/google-auth-library-credentials/0.9.0/google-auth-library-credentials-0.9.0.jar:/root/./workspace/olavloite/spanner-jdbc/386034448/.m2/com/google/protobuf/protobuf-java/3.5.1/protobuf-java-3.5.1.jar:/root/./workspace/olavloite/spanner-jdbc/386034448/.m2/io/grpc/grpc-protobuf/1.9.0/grpc-protobuf-1.9.0.jar:/root/./workspace/olavloite/spanner-jdbc/386034448/.m2/io/grpc/grpc-protobuf-lite/1.9.0/grpc-protobuf-lite-1.9.0.jar:/root/./workspace/olavloite/spanner-jdbc/386034448/.m2/io/grpc/grpc-context/1.9.0/grpc-context-1.9.0.jar:/root/./workspace/olavloite/spanner-jdbc/386034448/.m2/com/google/api/gax-grpc/1.20.0/gax-grpc-1.20.0.jar:/root/./workspace/olavloite/spanner-jdbc/386034448/.m2/org/threeten/threetenbp/1.3.3/threetenbp-1.3.3.jar:/root/./workspace/olavloite/spanner-jdbc/386034448/.m2/com/google/auth/google-auth-library-oauth2-http/0.9.0/google-auth-library-oauth2-http-0.9.0.jar:/root/./workspace/olavloite/spanner-jdbc/386034448/.m2/com/google/http-client/google-http-client-jackson2/1.19.0/google-http-client-jackson2-1.19.0.jar:/root/./workspace/olavloite/spanner-jdbc/386034448/.m2/com/fasterxml/jackson/core/jackson-core/2.1.3/jackson-core-2.1.3.jar:/root/./workspace/olavloite/spanner-jdbc/386034448/.m2/com/google/api/grpc/proto-google-cloud-spanner-v1/0.7.0/proto-google-cloud-spanner-v1-0.7.0.jar:/root/./workspace/olavloite/spanner-jdbc/386034448/.m2/com/google/api/grpc/proto-google-cloud-spanner-admin-database-v1/0.7.0/proto-google-cloud-spanner-admin-database-v1-0.7.0.jar:/root/./workspace/olavloite/spanner-jdbc/386034448/.m2/com/google/api/grpc/proto-google-cloud-spanner-admin-instance-v1/0.7.0/proto-google-cloud-spanner-admin-instance-v1-0.7.0.jar:/root/./workspace/olavloite/spanner-jdbc/386034448/.m2/com/google/api/grpc/grpc-google-cloud-spanner-v1/0.7.0/grpc-google-cloud-spanner-v1-0.7.0.jar:/root/./workspace/olavloite/spanner-jdbc/386034448/.m2/com/google/api/grpc/grpc-google-cloud-spanner-admin-database-v1/0.7.0/grpc-google-cloud-spanner-admin-database-v1-0.7.0.jar:/root/./workspace/olavloite/spanner-jdbc/386034448/.m2/com/google/api/grpc/grpc-google-cloud-spanner-admin-instance-v1/0.7.0/grpc-google-cloud-spanner-admin-instance-v1-0.7.0.jar:/root/./workspace/olavloite/spanner-jdbc/386034448/.m2/com/google/api/grpc/grpc-google-common-protos/1.6.0/grpc-google-common-protos-1.6.0.jar:/root/./workspace/olavloite/spanner-jdbc/386034448/.m2/io/grpc/grpc-netty-shaded/1.9.0/grpc-netty-shaded-1.9.0.jar:/root/./workspace/olavloite/spanner-jdbc/386034448/.m2/io/grpc/grpc-core/1.9.0/grpc-core-1.9.0.jar:/root/./workspace/olavloite/spanner-jdbc/386034448/.m2/com/google/instrumentation/instrumentation-api/0.4.3/instrumentation-api-0.4.3.jar:/root/./workspace/olavloite/spanner-jdbc/386034448/.m2/io/opencensus/opencensus-contrib-grpc-metrics/0.10.0/opencensus-contrib-grpc-metrics-0.10.0.jar:/root/./workspace/olavloite/spanner-jdbc/386034448/.m2/io/grpc/grpc-auth/1.9.0/grpc-auth-1.9.0.jar:/root/./workspace/olavloite/spanner-jdbc/386034448/.m2/io/grpc/grpc-stub/1.9.0/grpc-stub-1.9.0.jar:/root/./workspace/olavloite/spanner-jdbc/386034448/.m2/com/google/code/findbugs/jsr305/3.0.1/jsr305-3.0.1.jar:/root/./workspace/olavloite/spanner-jdbc/386034448/.m2/joda-time/joda-time/2.9.2/joda-time-2.9.2.jar:/root/./workspace/olavloite/spanner-jdbc/386034448/.m2/junit/junit/4.12/junit-4.12.jar:/root/./workspace/olavloite/spanner-jdbc/386034448/.m2/org/hamcrest/hamcrest-core/1.3/hamcrest-core-1.3.jar:/root/./workspace/olavloite/spanner-jdbc/386034448/.m2/io/opencensus/opencensus-api/0.11.1/opencensus-api-0.11.1.jar:/root/./workspace/olavloite/spanner-jdbc/386034448/.m2/com/google/errorprone/error_prone_annotations/2.2.0/error_prone_annotations-2.2.0.jar:/root/./workspace/olavloite/spanner-jdbc/386034448/.m2/io/opencensus/opencensus-contrib-grpc-util/0.11.1/opencensus-contrib-grpc-util-0.11.1.jar:/root/./workspace/olavloite/spanner-jdbc/386034448/.m2/org/json/json/20171018/json-20171018.jar:/root/./workspace/olavloite/spanner-jdbc/386034448/.m2/org/apache/commons/commons-lang3/3.7/commons-lang3-3.7.jar:/root/./workspace/olavloite/spanner-jdbc/386034448/.m2/com/github/jsqlparser/jsqlparser/1.1/jsqlparser-1.1.jar:/root/./workspace/olavloite/spanner-jdbc/386034448/.m2/org/mockito/mockito-core/2.9.0/mockito-core-2.9.0.jar:/root/./workspace/olavloite/spanner-jdbc/386034448/.m2/net/bytebuddy/byte-buddy/1.7.0/byte-buddy-1.7.0.jar:/root/./workspace/olavloite/spanner-jdbc/386034448/.m2/net/bytebuddy/byte-buddy-agent/1.7.0/byte-buddy-agent-1.7.0.jar:/root/./workspace/olavloite/spanner-jdbc/386034448/.m2/org/objenesis/objenesis/2.6/objenesis-2.6.jar:/root/./workspace/olavloite/spanner-jdbc/386034448/.m2/com/mchange/c3p0/0.9.5.2/c3p0-0.9.5.2.jar:/root/./workspace/olavloite/spanner-jdbc/386034448/.m2/com/mchange/mchange-commons-java/0.2.11/mchange-commons-java-0.2.11.jar:"/>
    <property name="sun.cpu.endian" value="little"/>
    <property name="user.home" value="/root"/>
    <property name="user.language" value="en"/>
    <property name="java.specification.vendor" value="Oracle Corporation"/>
    <property name="java.home" value="/usr/lib/jvm/java-8-openjdk-amd64/jre"/>
    <property name="basedir" value="/root/workspace/olavloite/spanner-jdbc/386034448"/>
    <property name="file.separator" value="/"/>
    <property name="checkstyle.skip" value="true"/>
    <property name="line.separator" value="&#10;"/>
    <property name="skip.npm" value="true"/>
    <property name="java.vm.specification.vendor" value="Oracle Corporation"/>
    <property name="java.specification.name" value="Java Platform API Specification"/>
    <property name="java.awt.graphicsenv" value="sun.awt.X11GraphicsEnvironment"/>
    <property name="skipITs" value="true"/>
    <property name="surefire.real.class.path" value="/root/workspace/olavloite/spanner-jdbc/386034448/target/surefire/surefirebooter3675834768035438295.jar:/root/./workspace/olavloite/spanner-jdbc/386034448/.m2/org/jacoco/org.jacoco.agent/0.7.9/org.jacoco.agent-0.7.9-runtime.jar"/>
    <property name="cobertura.skip" value="true"/>
    <property name="sun.boot.class.path" value="/usr/lib/jvm/java-8-openjdk-amd64/jre/lib/resources.jar:/usr/lib/jvm/java-8-openjdk-amd64/jre/lib/rt.jar:/usr/lib/jvm/java-8-openjdk-amd64/jre/lib/sunrsasign.jar:/usr/lib/jvm/java-8-openjdk-amd64/jre/lib/jsse.jar:/usr/lib/jvm/java-8-openjdk-amd64/jre/lib/jce.jar:/usr/lib/jvm/java-8-openjdk-amd64/jre/lib/charsets.jar:/usr/lib/jvm/java-8-openjdk-amd64/jre/lib/jfr.jar:/usr/lib/jvm/java-8-openjdk-amd64/jre/classes"/>
    <property name="sun.management.compiler" value="HotSpot 64-Bit Tiered Compilers"/>
    <property name="java.runtime.version" value="1.8.0_121-8u121-b13-1~bpo8+1-b13"/>
    <property name="user.name" value="root"/>
    <property name="findbugs.skip" value="true"/>
    <property name="path.separator" value=":"/>
    <property name="os.version" value="3.10.0-862.3.2.el7.x86_64"/>
    <property name="java.endorsed.dirs" value="/usr/lib/jvm/java-8-openjdk-amd64/jre/lib/endorsed"/>
    <property name="java.runtime.name" value="OpenJDK Runtime Environment"/>
    <property name="file.encoding" value="UTF-8"/>
    <property name="java.vm.name" value="OpenJDK 64-Bit Server VM"/>
    <property name="localRepository" value="/root/./workspace/olavloite/spanner-jdbc/386034448/.m2"/>
    <property name="java.vendor.url.bug" value="http://bugreport.sun.com/bugreport/"/>
    <property name="java.io.tmpdir" value="/tmp"/>
    <property name="java.version" value="1.8.0_121"/>
    <property name="user.dir" value="/root/workspace/olavloite/spanner-jdbc/386034448"/>
    <property name="os.arch" value="amd64"/>
    <property name="license.skip" value="true"/>
    <property name="java.vm.specification.name" value="Java Virtual Machine Specification"/>
    <property name="java.awt.printerjob" value="sun.print.PSPrinterJob"/>
    <property name="sun.os.patch.level" value="unknown"/>
    <property name="java.library.path" value="/usr/java/packages/lib/amd64:/usr/lib/x86_64-linux-gnu/jni:/lib/x86_64-linux-gnu:/usr/lib/x86_64-linux-gnu:/usr/lib/jni:/lib:/usr/lib"/>
    <property name="java.vm.info" value="mixed mode"/>
    <property name="java.vendor" value="Oracle Corporation"/>
    <property name="java.vm.version" value="25.121-b13"/>
    <property name="java.ext.dirs" value="/usr/lib/jvm/java-8-openjdk-amd64/jre/lib/ext:/usr/java/packages/lib/ext"/>
    <property name="sun.io.unicode.encoding" value="UnicodeLittle"/>
    <property name="maven.repo.local" value="/root/./workspace/olavloite/spanner-jdbc/386034448/.m2"/>
    <property name="enforcer.skip" value="true"/>
    <property name="java.class.version" value="52.0"/>
  </properties>
  <testcase name="setInvalidParameterValue" classname="nl.topicus.jdbc.statement.CloudSpannerPreparedStatementTest$ParameterTests" time="0"/>
  <testcase name="testParameters" classname="nl.topicus.jdbc.statement.CloudSpannerPreparedStatementTest$ParameterTests" time="0.021"/>
  <testcase name="testSetNullValues" classname="nl.topicus.jdbc.statement.CloudSpannerPreparedStatementTest$ParameterTests" time="0.006"/>
  <testcase name="setInvalidNullValue" classname="nl.topicus.jdbc.statement.CloudSpannerPreparedStatementTest$ParameterTests" time="0.003"/>
</testsuite>