<?xml version="1.0" encoding="UTF-8"?>
<testsuite xmlns:xsi="http://www.w3.org/2001/XMLSchema-instance" xsi:noNamespaceSchemaLocation="https://maven.apache.org/surefire/maven-surefire-plugin/xsd/surefire-test-report.xsd" name="com.syqu.shop.controller.UserControllerMvcTests" time="11.204" tests="1" errors="1" skipped="0" failures="0">
  <properties>
    <property name="awt.toolkit" value="sun.awt.X11.XToolkit"/>
    <property name="file.encoding.pkg" value="sun.io"/>
    <property name="java.specification.version" value="1.8"/>
    <property name="sun.cpu.isalist" value=""/>
    <property name="sun.jnu.encoding" value="UTF-8"/>
    <property name="java.class.path" value="/root/workspace/syqu22/spring-boot-shop-sample/385903701/target/test-classes:/root/workspace/syqu22/spring-boot-shop-sample/385903701/target/classes:/root/./workspace/syqu22/spring-boot-shop-sample/385903701/.m2/org/springframework/boot/spring-boot-starter-web/2.0.1.RELEASE/spring-boot-starter-web-2.0.1.RELEASE.jar:/root/./workspace/syqu22/spring-boot-shop-sample/385903701/.m2/org/springframework/boot/spring-boot-starter/2.0.1.RELEASE/spring-boot-starter-2.0.1.RELEASE.jar:/root/./workspace/syqu22/spring-boot-shop-sample/385903701/.m2/org/springframework/boot/spring-boot-starter-logging/2.0.1.RELEASE/spring-boot-starter-logging-2.0.1.RELEASE.jar:/root/./workspace/syqu22/spring-boot-shop-sample/385903701/.m2/ch/qos/logback/logback-classic/1.2.3/logback-classic-1.2.3.jar:/root/./workspace/syqu22/spring-boot-shop-sample/385903701/.m2/ch/qos/logback/logback-core/1.2.3/logback-core-1.2.3.jar:/root/./workspace/syqu22/spring-boot-shop-sample/385903701/.m2/org/apache/logging/log4j/log4j-to-slf4j/2.10.0/log4j-to-slf4j-2.10.0.jar:/root/./workspace/syqu22/spring-boot-shop-sample/385903701/.m2/org/apache/logging/log4j/log4j-api/2.10.0/log4j-api-2.10.0.jar:/root/./workspace/syqu22/spring-boot-shop-sample/385903701/.m2/org/slf4j/jul-to-slf4j/1.7.25/jul-to-slf4j-1.7.25.jar:/root/./workspace/syqu22/spring-boot-shop-sample/385903701/.m2/javax/annotation/javax.annotation-api/1.3.2/javax.annotation-api-1.3.2.jar:/root/./workspace/syqu22/spring-boot-shop-sample/385903701/.m2/org/yaml/snakeyaml/1.19/snakeyaml-1.19.jar:/root/./workspace/syqu22/spring-boot-shop-sample/385903701/.m2/org/springframework/boot/spring-boot-starter-json/2.0.1.RELEASE/spring-boot-starter-json-2.0.1.RELEASE.jar:/root/./workspace/syqu22/spring-boot-shop-sample/385903701/.m2/com/fasterxml/jackson/core/jackson-databind/2.9.5/jackson-databind-2.9.5.jar:/root/./workspace/syqu22/spring-boot-shop-sample/385903701/.m2/com/fasterxml/jackson/core/jackson-core/2.9.5/jackson-core-2.9.5.jar:/root/./workspace/syqu22/spring-boot-shop-sample/385903701/.m2/com/fasterxml/jackson/datatype/jackson-datatype-jdk8/2.9.5/jackson-datatype-jdk8-2.9.5.jar:/root/./workspace/syqu22/spring-boot-shop-sample/385903701/.m2/com/fasterxml/jackson/datatype/jackson-datatype-jsr310/2.9.5/jackson-datatype-jsr310-2.9.5.jar:/root/./workspace/syqu22/spring-boot-shop-sample/385903701/.m2/com/fasterxml/jackson/module/jackson-module-parameter-names/2.9.5/jackson-module-parameter-names-2.9.5.jar:/root/./workspace/syqu22/spring-boot-shop-sample/385903701/.m2/org/springframework/boot/spring-boot-starter-tomcat/2.0.1.RELEASE/spring-boot-starter-tomcat-2.0.1.RELEASE.jar:/root/./workspace/syqu22/spring-boot-shop-sample/385903701/.m2/org/apache/tomcat/embed/tomcat-embed-core/8.5.29/tomcat-embed-core-8.5.29.jar:/root/./workspace/syqu22/spring-boot-shop-sample/385903701/.m2/org/apache/tomcat/embed/tomcat-embed-el/8.5.29/tomcat-embed-el-8.5.29.jar:/root/./workspace/syqu22/spring-boot-shop-sample/385903701/.m2/org/apache/tomcat/embed/tomcat-embed-websocket/8.5.29/tomcat-embed-websocket-8.5.29.jar:/root/./workspace/syqu22/spring-boot-shop-sample/385903701/.m2/org/hibernate/validator/hibernate-validator/6.0.9.Final/hibernate-validator-6.0.9.Final.jar:/root/./workspace/syqu22/spring-boot-shop-sample/385903701/.m2/javax/validation/validation-api/2.0.1.Final/validation-api-2.0.1.Final.jar:/root/./workspace/syqu22/spring-boot-shop-sample/385903701/.m2/org/jboss/logging/jboss-logging/3.3.2.Final/jboss-logging-3.3.2.Final.jar:/root/./workspace/syqu22/spring-boot-shop-sample/385903701/.m2/com/fasterxml/classmate/1.3.4/classmate-1.3.4.jar:/root/./workspace/syqu22/spring-boot-shop-sample/385903701/.m2/org/springframework/spring-web/5.0.5.RELEASE/spring-web-5.0.5.RELEASE.jar:/root/./workspace/syqu22/spring-boot-shop-sample/385903701/.m2/org/springframework/spring-beans/5.0.5.RELEASE/spring-beans-5.0.5.RELEASE.jar:/root/./workspace/syqu22/spring-boot-shop-sample/385903701/.m2/org/springframework/spring-webmvc/5.0.5.RELEASE/spring-webmvc-5.0.5.RELEASE.jar:/root/./workspace/syqu22/spring-boot-shop-sample/385903701/.m2/org/springframework/spring-expression/5.0.5.RELEASE/spring-expression-5.0.5.RELEASE.jar:/root/./workspace/syqu22/spring-boot-shop-sample/385903701/.m2/org/springframework/boot/spring-boot-starter-security/2.0.1.RELEASE/spring-boot-starter-security-2.0.1.RELEASE.jar:/root/./workspace/syqu22/spring-boot-shop-sample/385903701/.m2/org/springframework/spring-aop/5.0.5.RELEASE/spring-aop-5.0.5.RELEASE.jar:/root/./workspace/syqu22/spring-boot-shop-sample/385903701/.m2/org/springframework/security/spring-security-config/5.0.4.RELEASE/spring-security-config-5.0.4.RELEASE.jar:/root/./workspace/syqu22/spring-boot-shop-sample/385903701/.m2/org/springframework/security/spring-security-web/5.0.4.RELEASE/spring-security-web-5.0.4.RELEASE.jar:/root/./workspace/syqu22/spring-boot-shop-sample/385903701/.m2/org/springframework/boot/spring-boot-starter-data-jpa/2.0.1.RELEASE/spring-boot-starter-data-jpa-2.0.1.RELEASE.jar:/root/./workspace/syqu22/spring-boot-shop-sample/385903701/.m2/org/springframework/boot/spring-boot-starter-aop/2.0.1.RELEASE/spring-boot-starter-aop-2.0.1.RELEASE.jar:/root/./workspace/syqu22/spring-boot-shop-sample/385903701/.m2/org/aspectj/aspectjweaver/1.8.13/aspectjweaver-1.8.13.jar:/root/./workspace/syqu22/spring-boot-shop-sample/385903701/.m2/org/springframework/boot/spring-boot-starter-jdbc/2.0.1.RELEASE/spring-boot-starter-jdbc-2.0.1.RELEASE.jar:/root/./workspace/syqu22/spring-boot-shop-sample/385903701/.m2/com/zaxxer/HikariCP/2.7.8/HikariCP-2.7.8.jar:/root/./workspace/syqu22/spring-boot-shop-sample/385903701/.m2/org/springframework/spring-jdbc/5.0.5.RELEASE/spring-jdbc-5.0.5.RELEASE.jar:/root/./workspace/syqu22/spring-boot-shop-sample/385903701/.m2/org/hibernate/hibernate-core/5.2.16.Final/hibernate-core-5.2.16.Final.jar:/root/./workspace/syqu22/spring-boot-shop-sample/385903701/.m2/org/hibernate/javax/persistence/hibernate-jpa-2.1-api/1.0.0.Final/hibernate-jpa-2.1-api-1.0.0.Final.jar:/root/./workspace/syqu22/spring-boot-shop-sample/385903701/.m2/org/javassist/javassist/3.22.0-GA/javassist-3.22.0-GA.jar:/root/./workspace/syqu22/spring-boot-shop-sample/385903701/.m2/antlr/antlr/2.7.7/antlr-2.7.7.jar:/root/./workspace/syqu22/spring-boot-shop-sample/385903701/.m2/org/jboss/jandex/2.0.3.Final/jandex-2.0.3.Final.jar:/root/./workspace/syqu22/spring-boot-shop-sample/385903701/.m2/dom4j/dom4j/1.6.1/dom4j-1.6.1.jar:/root/./workspace/syqu22/spring-boot-shop-sample/385903701/.m2/org/hibernate/common/hibernate-commons-annotations/5.0.1.Final/hibernate-commons-annotations-5.0.1.Final.jar:/root/./workspace/syqu22/spring-boot-shop-sample/385903701/.m2/javax/transaction/javax.transaction-api/1.2/javax.transaction-api-1.2.jar:/root/./workspace/syqu22/spring-boot-shop-sample/385903701/.m2/org/springframework/data/spring-data-jpa/2.0.6.RELEASE/spring-data-jpa-2.0.6.RELEASE.jar:/root/./workspace/syqu22/spring-boot-shop-sample/385903701/.m2/org/springframework/data/spring-data-commons/2.0.6.RELEASE/spring-data-commons-2.0.6.RELEASE.jar:/root/./workspace/syqu22/spring-boot-shop-sample/385903701/.m2/org/springframework/spring-orm/5.0.5.RELEASE/spring-orm-5.0.5.RELEASE.jar:/root/./workspace/syqu22/spring-boot-shop-sample/385903701/.m2/org/springframework/spring-tx/5.0.5.RELEASE/spring-tx-5.0.5.RELEASE.jar:/root/./workspace/syqu22/spring-boot-shop-sample/385903701/.m2/org/springframework/spring-aspects/5.0.5.RELEASE/spring-aspects-5.0.5.RELEASE.jar:/root/./workspace/syqu22/spring-boot-shop-sample/385903701/.m2/org/springframework/boot/spring-boot-starter-data-rest/2.0.1.RELEASE/spring-boot-starter-data-rest-2.0.1.RELEASE.jar:/root/./workspace/syqu22/spring-boot-shop-sample/385903701/.m2/org/springframework/data/spring-data-rest-webmvc/3.0.6.RELEASE/spring-data-rest-webmvc-3.0.6.RELEASE.jar:/root/./workspace/syqu22/spring-boot-shop-sample/385903701/.m2/org/springframework/data/spring-data-rest-core/3.0.6.RELEASE/spring-data-rest-core-3.0.6.RELEASE.jar:/root/./workspace/syqu22/spring-boot-shop-sample/385903701/.m2/org/springframework/hateoas/spring-hateoas/0.24.0.RELEASE/spring-hateoas-0.24.0.RELEASE.jar:/root/./workspace/syqu22/spring-boot-shop-sample/385903701/.m2/org/springframework/plugin/spring-plugin-core/1.2.0.RELEASE/spring-plugin-core-1.2.0.RELEASE.jar:/root/./workspace/syqu22/spring-boot-shop-sample/385903701/.m2/org/atteo/evo-inflector/1.2.2/evo-inflector-1.2.2.jar:/root/./workspace/syqu22/spring-boot-shop-sample/385903701/.m2/com/fasterxml/jackson/core/jackson-annotations/2.9.0/jackson-annotations-2.9.0.jar:/root/./workspace/syqu22/spring-boot-shop-sample/385903701/.m2/com/h2database/h2/1.4.197/h2-1.4.197.jar:/root/./workspace/syqu22/spring-boot-shop-sample/385903701/.m2/org/springframework/boot/spring-boot-starter-thymeleaf/2.0.1.RELEASE/spring-boot-starter-thymeleaf-2.0.1.RELEASE.jar:/root/./workspace/syqu22/spring-boot-shop-sample/385903701/.m2/org/thymeleaf/thymeleaf-spring5/3.0.9.RELEASE/thymeleaf-spring5-3.0.9.RELEASE.jar:/root/./workspace/syqu22/spring-boot-shop-sample/385903701/.m2/org/thymeleaf/thymeleaf/3.0.9.RELEASE/thymeleaf-3.0.9.RELEASE.jar:/root/./workspace/syqu22/spring-boot-shop-sample/385903701/.m2/org/attoparser/attoparser/2.0.4.RELEASE/attoparser-2.0.4.RELEASE.jar:/root/./workspace/syqu22/spring-boot-shop-sample/385903701/.m2/org/unbescape/unbescape/1.1.5.RELEASE/unbescape-1.1.5.RELEASE.jar:/root/./workspace/syqu22/spring-boot-shop-sample/385903701/.m2/org/thymeleaf/extras/thymeleaf-extras-java8time/3.0.1.RELEASE/thymeleaf-extras-java8time-3.0.1.RELEASE.jar:/root/./workspace/syqu22/spring-boot-shop-sample/385903701/.m2/org/thymeleaf/extras/thymeleaf-extras-springsecurity4/3.0.2.RELEASE/thymeleaf-extras-springsecurity4-3.0.2.RELEASE.jar:/root/./workspace/syqu22/spring-boot-shop-sample/385903701/.m2/org/slf4j/slf4j-api/1.7.25/slf4j-api-1.7.25.jar:/root/./workspace/syqu22/spring-boot-shop-sample/385903701/.m2/org/springframework/boot/spring-boot-devtools/2.0.1.RELEASE/spring-boot-devtools-2.0.1.RELEASE.jar:/root/./workspace/syqu22/spring-boot-shop-sample/385903701/.m2/org/springframework/boot/spring-boot/2.0.1.RELEASE/spring-boot-2.0.1.RELEASE.jar:/root/./workspace/syqu22/spring-boot-shop-sample/385903701/.m2/org/springframework/boot/spring-boot-autoconfigure/2.0.1.RELEASE/spring-boot-autoconfigure-2.0.1.RELEASE.jar:/root/./workspace/syqu22/spring-boot-shop-sample/385903701/.m2/org/springframework/boot/spring-boot-actuator/2.0.1.RELEASE/spring-boot-actuator-2.0.1.RELEASE.jar:/root/./workspace/syqu22/spring-boot-shop-sample/385903701/.m2/org/springframework/boot/spring-boot-starter-mail/2.0.1.RELEASE/spring-boot-starter-mail-2.0.1.RELEASE.jar:/root/./workspace/syqu22/spring-boot-shop-sample/385903701/.m2/org/springframework/spring-context/5.0.5.RELEASE/spring-context-5.0.5.RELEASE.jar:/root/./workspace/syqu22/spring-boot-shop-sample/385903701/.m2/org/springframework/spring-context-support/5.0.5.RELEASE/spring-context-support-5.0.5.RELEASE.jar:/root/./workspace/syqu22/spring-boot-shop-sample/385903701/.m2/com/sun/mail/javax.mail/1.6.1/javax.mail-1.6.1.jar:/root/./workspace/syqu22/spring-boot-shop-sample/385903701/.m2/javax/activation/activation/1.1/activation-1.1.jar:/root/./workspace/syqu22/spring-boot-shop-sample/385903701/.m2/org/springframework/boot/spring-boot-starter-test/2.0.1.RELEASE/spring-boot-starter-test-2.0.1.RELEASE.jar:/root/./workspace/syqu22/spring-boot-shop-sample/385903701/.m2/org/springframework/boot/spring-boot-test/2.0.1.RELEASE/spring-boot-test-2.0.1.RELEASE.jar:/root/./workspace/syqu22/spring-boot-shop-sample/385903701/.m2/org/springframework/boot/spring-boot-test-autoconfigure/2.0.1.RELEASE/spring-boot-test-autoconfigure-2.0.1.RELEASE.jar:/root/./workspace/syqu22/spring-boot-shop-sample/385903701/.m2/com/jayway/jsonpath/json-path/2.4.0/json-path-2.4.0.jar:/root/./workspace/syqu22/spring-boot-shop-sample/385903701/.m2/net/minidev/json-smart/2.3/json-smart-2.3.jar:/root/./workspace/syqu22/spring-boot-shop-sample/385903701/.m2/net/minidev/accessors-smart/1.2/accessors-smart-1.2.jar:/root/./workspace/syqu22/spring-boot-shop-sample/385903701/.m2/org/ow2/asm/asm/5.0.4/asm-5.0.4.jar:/root/./workspace/syqu22/spring-boot-shop-sample/385903701/.m2/junit/junit/4.12/junit-4.12.jar:/root/./workspace/syqu22/spring-boot-shop-sample/385903701/.m2/org/assertj/assertj-core/3.9.1/assertj-core-3.9.1.jar:/root/./workspace/syqu22/spring-boot-shop-sample/385903701/.m2/org/mockito/mockito-core/2.15.0/mockito-core-2.15.0.jar:/root/./workspace/syqu22/spring-boot-shop-sample/385903701/.m2/net/bytebuddy/byte-buddy/1.7.11/byte-buddy-1.7.11.jar:/root/./workspace/syqu22/spring-boot-shop-sample/385903701/.m2/net/bytebuddy/byte-buddy-agent/1.7.11/byte-buddy-agent-1.7.11.jar:/root/./workspace/syqu22/spring-boot-shop-sample/385903701/.m2/org/objenesis/objenesis/2.6/objenesis-2.6.jar:/root/./workspace/syqu22/spring-boot-shop-sample/385903701/.m2/org/hamcrest/hamcrest-core/1.3/hamcrest-core-1.3.jar:/root/./workspace/syqu22/spring-boot-shop-sample/385903701/.m2/org/hamcrest/hamcrest-library/1.3/hamcrest-library-1.3.jar:/root/./workspace/syqu22/spring-boot-shop-sample/385903701/.m2/org/skyscreamer/jsonassert/1.5.0/jsonassert-1.5.0.jar:/root/./workspace/syqu22/spring-boot-shop-sample/385903701/.m2/com/vaadin/external/google/android-json/0.0.20131108.vaadin1/android-json-0.0.20131108.vaadin1.jar:/root/./workspace/syqu22/spring-boot-shop-sample/385903701/.m2/org/springframework/spring-core/5.0.5.RELEASE/spring-core-5.0.5.RELEASE.jar:/root/./workspace/syqu22/spring-boot-shop-sample/385903701/.m2/org/springframework/spring-jcl/5.0.5.RELEASE/spring-jcl-5.0.5.RELEASE.jar:/root/./workspace/syqu22/spring-boot-shop-sample/385903701/.m2/org/springframework/spring-test/5.0.5.RELEASE/spring-test-5.0.5.RELEASE.jar:/root/./workspace/syqu22/spring-boot-shop-sample/385903701/.m2/org/xmlunit/xmlunit-core/2.5.1/xmlunit-core-2.5.1.jar:/root/./workspace/syqu22/spring-boot-shop-sample/385903701/.m2/org/springframework/security/spring-security-test/5.0.4.RELEASE/spring-security-test-5.0.4.RELEASE.jar:/root/./workspace/syqu22/spring-boot-shop-sample/385903701/.m2/org/springframework/security/spring-security-core/5.0.4.RELEASE/spring-security-core-5.0.4.RELEASE.jar:/root/./workspace/syqu22/spring-boot-shop-sample/385903701/.m2/org/webjars/bootstrap/4.1.0/bootstrap-4.1.0.jar:/root/./workspace/syqu22/spring-boot-shop-sample/385903701/.m2/org/webjars/popper.js/1.14.1/popper.js-1.14.1.jar:/root/./workspace/syqu22/spring-boot-shop-sample/385903701/.m2/org/webjars/font-awesome/5.0.10/font-awesome-5.0.10.jar:/root/./workspace/syqu22/spring-boot-shop-sample/385903701/.m2/org/webjars/jquery/3.3.1-1/jquery-3.3.1-1.jar:"/>
    <property name="java.vm.vendor" value="Oracle Corporation"/>
    <property name="skip.bower" value="true"/>
    <property name="sun.arch.data.model" value="64"/>
    <property name="java.vendor.url" value="http://java.oracle.com/"/>
    <property name="user.timezone" value=""/>
    <property name="java.vm.specification.version" value="1.8"/>
    <property name="os.name" value="Linux"/>
    <property name="rat.skip" value="true"/>
    <property name="gpg.skip" value="true"/>
    <property name="sun.java.launcher" value="SUN_STANDARD"/>
    <property name="sun.boot.library.path" value="/usr/lib/jvm/java-8-openjdk-amd64/jre/lib/amd64"/>
    <property name="skip.gulp" value="true"/>
    <property name="sun.java.command" value="/root/workspace/syqu22/spring-boot-shop-sample/385903701/target/surefire/surefirebooter23373847142300304.jar /root/workspace/syqu22/spring-boot-shop-sample/385903701/target/surefire 2018-05-30T23-31-05_922-jvmRun1 surefire2347534994292059458tmp surefire_08370776605549777275tmp"/>
    <property name="dependency-check.skip" value="true"/>
    <property name="surefire.test.class.path" value="/root/workspace/syqu22/spring-boot-shop-sample/385903701/target/test-classes:/root/workspace/syqu22/spring-boot-shop-sample/385903701/target/classes:/root/./workspace/syqu22/spring-boot-shop-sample/385903701/.m2/org/springframework/boot/spring-boot-starter-web/2.0.1.RELEASE/spring-boot-starter-web-2.0.1.RELEASE.jar:/root/./workspace/syqu22/spring-boot-shop-sample/385903701/.m2/org/springframework/boot/spring-boot-starter/2.0.1.RELEASE/spring-boot-starter-2.0.1.RELEASE.jar:/root/./workspace/syqu22/spring-boot-shop-sample/385903701/.m2/org/springframework/boot/spring-boot-starter-logging/2.0.1.RELEASE/spring-boot-starter-logging-2.0.1.RELEASE.jar:/root/./workspace/syqu22/spring-boot-shop-sample/385903701/.m2/ch/qos/logback/logback-classic/1.2.3/logback-classic-1.2.3.jar:/root/./workspace/syqu22/spring-boot-shop-sample/385903701/.m2/ch/qos/logback/logback-core/1.2.3/logback-core-1.2.3.jar:/root/./workspace/syqu22/spring-boot-shop-sample/385903701/.m2/org/apache/logging/log4j/log4j-to-slf4j/2.10.0/log4j-to-slf4j-2.10.0.jar:/root/./workspace/syqu22/spring-boot-shop-sample/385903701/.m2/org/apache/logging/log4j/log4j-api/2.10.0/log4j-api-2.10.0.jar:/root/./workspace/syqu22/spring-boot-shop-sample/385903701/.m2/org/slf4j/jul-to-slf4j/1.7.25/jul-to-slf4j-1.7.25.jar:/root/./workspace/syqu22/spring-boot-shop-sample/385903701/.m2/javax/annotation/javax.annotation-api/1.3.2/javax.annotation-api-1.3.2.jar:/root/./workspace/syqu22/spring-boot-shop-sample/385903701/.m2/org/yaml/snakeyaml/1.19/snakeyaml-1.19.jar:/root/./workspace/syqu22/spring-boot-shop-sample/385903701/.m2/org/springframework/boot/spring-boot-starter-json/2.0.1.RELEASE/spring-boot-starter-json-2.0.1.RELEASE.jar:/root/./workspace/syqu22/spring-boot-shop-sample/385903701/.m2/com/fasterxml/jackson/core/jackson-databind/2.9.5/jackson-databind-2.9.5.jar:/root/./workspace/syqu22/spring-boot-shop-sample/385903701/.m2/com/fasterxml/jackson/core/jackson-core/2.9.5/jackson-core-2.9.5.jar:/root/./workspace/syqu22/spring-boot-shop-sample/385903701/.m2/com/fasterxml/jackson/datatype/jackson-datatype-jdk8/2.9.5/jackson-datatype-jdk8-2.9.5.jar:/root/./workspace/syqu22/spring-boot-shop-sample/385903701/.m2/com/fasterxml/jackson/datatype/jackson-datatype-jsr310/2.9.5/jackson-datatype-jsr310-2.9.5.jar:/root/./workspace/syqu22/spring-boot-shop-sample/385903701/.m2/com/fasterxml/jackson/module/jackson-module-parameter-names/2.9.5/jackson-module-parameter-names-2.9.5.jar:/root/./workspace/syqu22/spring-boot-shop-sample/385903701/.m2/org/springframework/boot/spring-boot-starter-tomcat/2.0.1.RELEASE/spring-boot-starter-tomcat-2.0.1.RELEASE.jar:/root/./workspace/syqu22/spring-boot-shop-sample/385903701/.m2/org/apache/tomcat/embed/tomcat-embed-core/8.5.29/tomcat-embed-core-8.5.29.jar:/root/./workspace/syqu22/spring-boot-shop-sample/385903701/.m2/org/apache/tomcat/embed/tomcat-embed-el/8.5.29/tomcat-embed-el-8.5.29.jar:/root/./workspace/syqu22/spring-boot-shop-sample/385903701/.m2/org/apache/tomcat/embed/tomcat-embed-websocket/8.5.29/tomcat-embed-websocket-8.5.29.jar:/root/./workspace/syqu22/spring-boot-shop-sample/385903701/.m2/org/hibernate/validator/hibernate-validator/6.0.9.Final/hibernate-validator-6.0.9.Final.jar:/root/./workspace/syqu22/spring-boot-shop-sample/385903701/.m2/javax/validation/validation-api/2.0.1.Final/validation-api-2.0.1.Final.jar:/root/./workspace/syqu22/spring-boot-shop-sample/385903701/.m2/org/jboss/logging/jboss-logging/3.3.2.Final/jboss-logging-3.3.2.Final.jar:/root/./workspace/syqu22/spring-boot-shop-sample/385903701/.m2/com/fasterxml/classmate/1.3.4/classmate-1.3.4.jar:/root/./workspace/syqu22/spring-boot-shop-sample/385903701/.m2/org/springframework/spring-web/5.0.5.RELEASE/spring-web-5.0.5.RELEASE.jar:/root/./workspace/syqu22/spring-boot-shop-sample/385903701/.m2/org/springframework/spring-beans/5.0.5.RELEASE/spring-beans-5.0.5.RELEASE.jar:/root/./workspace/syqu22/spring-boot-shop-sample/385903701/.m2/org/springframework/spring-webmvc/5.0.5.RELEASE/spring-webmvc-5.0.5.RELEASE.jar:/root/./workspace/syqu22/spring-boot-shop-sample/385903701/.m2/org/springframework/spring-expression/5.0.5.RELEASE/spring-expression-5.0.5.RELEASE.jar:/root/./workspace/syqu22/spring-boot-shop-sample/385903701/.m2/org/springframework/boot/spring-boot-starter-security/2.0.1.RELEASE/spring-boot-starter-security-2.0.1.RELEASE.jar:/root/./workspace/syqu22/spring-boot-shop-sample/385903701/.m2/org/springframework/spring-aop/5.0.5.RELEASE/spring-aop-5.0.5.RELEASE.jar:/root/./workspace/syqu22/spring-boot-shop-sample/385903701/.m2/org/springframework/security/spring-security-config/5.0.4.RELEASE/spring-security-config-5.0.4.RELEASE.jar:/root/./workspace/syqu22/spring-boot-shop-sample/385903701/.m2/org/springframework/security/spring-security-web/5.0.4.RELEASE/spring-security-web-5.0.4.RELEASE.jar:/root/./workspace/syqu22/spring-boot-shop-sample/385903701/.m2/org/springframework/boot/spring-boot-starter-data-jpa/2.0.1.RELEASE/spring-boot-starter-data-jpa-2.0.1.RELEASE.jar:/root/./workspace/syqu22/spring-boot-shop-sample/385903701/.m2/org/springframework/boot/spring-boot-starter-aop/2.0.1.RELEASE/spring-boot-starter-aop-2.0.1.RELEASE.jar:/root/./workspace/syqu22/spring-boot-shop-sample/385903701/.m2/org/aspectj/aspectjweaver/1.8.13/aspectjweaver-1.8.13.jar:/root/./workspace/syqu22/spring-boot-shop-sample/385903701/.m2/org/springframework/boot/spring-boot-starter-jdbc/2.0.1.RELEASE/spring-boot-starter-jdbc-2.0.1.RELEASE.jar:/root/./workspace/syqu22/spring-boot-shop-sample/385903701/.m2/com/zaxxer/HikariCP/2.7.8/HikariCP-2.7.8.jar:/root/./workspace/syqu22/spring-boot-shop-sample/385903701/.m2/org/springframework/spring-jdbc/5.0.5.RELEASE/spring-jdbc-5.0.5.RELEASE.jar:/root/./workspace/syqu22/spring-boot-shop-sample/385903701/.m2/org/hibernate/hibernate-core/5.2.16.Final/hibernate-core-5.2.16.Final.jar:/root/./workspace/syqu22/spring-boot-shop-sample/385903701/.m2/org/hibernate/javax/persistence/hibernate-jpa-2.1-api/1.0.0.Final/hibernate-jpa-2.1-api-1.0.0.Final.jar:/root/./workspace/syqu22/spring-boot-shop-sample/385903701/.m2/org/javassist/javassist/3.22.0-GA/javassist-3.22.0-GA.jar:/root/./workspace/syqu22/spring-boot-shop-sample/385903701/.m2/antlr/antlr/2.7.7/antlr-2.7.7.jar:/root/./workspace/syqu22/spring-boot-shop-sample/385903701/.m2/org/jboss/jandex/2.0.3.Final/jandex-2.0.3.Final.jar:/root/./workspace/syqu22/spring-boot-shop-sample/385903701/.m2/dom4j/dom4j/1.6.1/dom4j-1.6.1.jar:/root/./workspace/syqu22/spring-boot-shop-sample/385903701/.m2/org/hibernate/common/hibernate-commons-annotations/5.0.1.Final/hibernate-commons-annotations-5.0.1.Final.jar:/root/./workspace/syqu22/spring-boot-shop-sample/385903701/.m2/javax/transaction/javax.transaction-api/1.2/javax.transaction-api-1.2.jar:/root/./workspace/syqu22/spring-boot-shop-sample/385903701/.m2/org/springframework/data/spring-data-jpa/2.0.6.RELEASE/spring-data-jpa-2.0.6.RELEASE.jar:/root/./workspace/syqu22/spring-boot-shop-sample/385903701/.m2/org/springframework/data/spring-data-commons/2.0.6.RELEASE/spring-data-commons-2.0.6.RELEASE.jar:/root/./workspace/syqu22/spring-boot-shop-sample/385903701/.m2/org/springframework/spring-orm/5.0.5.RELEASE/spring-orm-5.0.5.RELEASE.jar:/root/./workspace/syqu22/spring-boot-shop-sample/385903701/.m2/org/springframework/spring-tx/5.0.5.RELEASE/spring-tx-5.0.5.RELEASE.jar:/root/./workspace/syqu22/spring-boot-shop-sample/385903701/.m2/org/springframework/spring-aspects/5.0.5.RELEASE/spring-aspects-5.0.5.RELEASE.jar:/root/./workspace/syqu22/spring-boot-shop-sample/385903701/.m2/org/springframework/boot/spring-boot-starter-data-rest/2.0.1.RELEASE/spring-boot-starter-data-rest-2.0.1.RELEASE.jar:/root/./workspace/syqu22/spring-boot-shop-sample/385903701/.m2/org/springframework/data/spring-data-rest-webmvc/3.0.6.RELEASE/spring-data-rest-webmvc-3.0.6.RELEASE.jar:/root/./workspace/syqu22/spring-boot-shop-sample/385903701/.m2/org/springframework/data/spring-data-rest-core/3.0.6.RELEASE/spring-data-rest-core-3.0.6.RELEASE.jar:/root/./workspace/syqu22/spring-boot-shop-sample/385903701/.m2/org/springframework/hateoas/spring-hateoas/0.24.0.RELEASE/spring-hateoas-0.24.0.RELEASE.jar:/root/./workspace/syqu22/spring-boot-shop-sample/385903701/.m2/org/springframework/plugin/spring-plugin-core/1.2.0.RELEASE/spring-plugin-core-1.2.0.RELEASE.jar:/root/./workspace/syqu22/spring-boot-shop-sample/385903701/.m2/org/atteo/evo-inflector/1.2.2/evo-inflector-1.2.2.jar:/root/./workspace/syqu22/spring-boot-shop-sample/385903701/.m2/com/fasterxml/jackson/core/jackson-annotations/2.9.0/jackson-annotations-2.9.0.jar:/root/./workspace/syqu22/spring-boot-shop-sample/385903701/.m2/com/h2database/h2/1.4.197/h2-1.4.197.jar:/root/./workspace/syqu22/spring-boot-shop-sample/385903701/.m2/org/springframework/boot/spring-boot-starter-thymeleaf/2.0.1.RELEASE/spring-boot-starter-thymeleaf-2.0.1.RELEASE.jar:/root/./workspace/syqu22/spring-boot-shop-sample/385903701/.m2/org/thymeleaf/thymeleaf-spring5/3.0.9.RELEASE/thymeleaf-spring5-3.0.9.RELEASE.jar:/root/./workspace/syqu22/spring-boot-shop-sample/385903701/.m2/org/thymeleaf/thymeleaf/3.0.9.RELEASE/thymeleaf-3.0.9.RELEASE.jar:/root/./workspace/syqu22/spring-boot-shop-sample/385903701/.m2/org/attoparser/attoparser/2.0.4.RELEASE/attoparser-2.0.4.RELEASE.jar:/root/./workspace/syqu22/spring-boot-shop-sample/385903701/.m2/org/unbescape/unbescape/1.1.5.RELEASE/unbescape-1.1.5.RELEASE.jar:/root/./workspace/syqu22/spring-boot-shop-sample/385903701/.m2/org/thymeleaf/extras/thymeleaf-extras-java8time/3.0.1.RELEASE/thymeleaf-extras-java8time-3.0.1.RELEASE.jar:/root/./workspace/syqu22/spring-boot-shop-sample/385903701/.m2/org/thymeleaf/extras/thymeleaf-extras-springsecurity4/3.0.2.RELEASE/thymeleaf-extras-springsecurity4-3.0.2.RELEASE.jar:/root/./workspace/syqu22/spring-boot-shop-sample/385903701/.m2/org/slf4j/slf4j-api/1.7.25/slf4j-api-1.7.25.jar:/root/./workspace/syqu22/spring-boot-shop-sample/385903701/.m2/org/springframework/boot/spring-boot-devtools/2.0.1.RELEASE/spring-boot-devtools-2.0.1.RELEASE.jar:/root/./workspace/syqu22/spring-boot-shop-sample/385903701/.m2/org/springframework/boot/spring-boot/2.0.1.RELEASE/spring-boot-2.0.1.RELEASE.jar:/root/./workspace/syqu22/spring-boot-shop-sample/385903701/.m2/org/springframework/boot/spring-boot-autoconfigure/2.0.1.RELEASE/spring-boot-autoconfigure-2.0.1.RELEASE.jar:/root/./workspace/syqu22/spring-boot-shop-sample/385903701/.m2/org/springframework/boot/spring-boot-actuator/2.0.1.RELEASE/spring-boot-actuator-2.0.1.RELEASE.jar:/root/./workspace/syqu22/spring-boot-shop-sample/385903701/.m2/org/springframework/boot/spring-boot-starter-mail/2.0.1.RELEASE/spring-boot-starter-mail-2.0.1.RELEASE.jar:/root/./workspace/syqu22/spring-boot-shop-sample/385903701/.m2/org/springframework/spring-context/5.0.5.RELEASE/spring-context-5.0.5.RELEASE.jar:/root/./workspace/syqu22/spring-boot-shop-sample/385903701/.m2/org/springframework/spring-context-support/5.0.5.RELEASE/spring-context-support-5.0.5.RELEASE.jar:/root/./workspace/syqu22/spring-boot-shop-sample/385903701/.m2/com/sun/mail/javax.mail/1.6.1/javax.mail-1.6.1.jar:/root/./workspace/syqu22/spring-boot-shop-sample/385903701/.m2/javax/activation/activation/1.1/activation-1.1.jar:/root/./workspace/syqu22/spring-boot-shop-sample/385903701/.m2/org/springframework/boot/spring-boot-starter-test/2.0.1.RELEASE/spring-boot-starter-test-2.0.1.RELEASE.jar:/root/./workspace/syqu22/spring-boot-shop-sample/385903701/.m2/org/springframework/boot/spring-boot-test/2.0.1.RELEASE/spring-boot-test-2.0.1.RELEASE.jar:/root/./workspace/syqu22/spring-boot-shop-sample/385903701/.m2/org/springframework/boot/spring-boot-test-autoconfigure/2.0.1.RELEASE/spring-boot-test-autoconfigure-2.0.1.RELEASE.jar:/root/./workspace/syqu22/spring-boot-shop-sample/385903701/.m2/com/jayway/jsonpath/json-path/2.4.0/json-path-2.4.0.jar:/root/./workspace/syqu22/spring-boot-shop-sample/385903701/.m2/net/minidev/json-smart/2.3/json-smart-2.3.jar:/root/./workspace/syqu22/spring-boot-shop-sample/385903701/.m2/net/minidev/accessors-smart/1.2/accessors-smart-1.2.jar:/root/./workspace/syqu22/spring-boot-shop-sample/385903701/.m2/org/ow2/asm/asm/5.0.4/asm-5.0.4.jar:/root/./workspace/syqu22/spring-boot-shop-sample/385903701/.m2/junit/junit/4.12/junit-4.12.jar:/root/./workspace/syqu22/spring-boot-shop-sample/385903701/.m2/org/assertj/assertj-core/3.9.1/assertj-core-3.9.1.jar:/root/./workspace/syqu22/spring-boot-shop-sample/385903701/.m2/org/mockito/mockito-core/2.15.0/mockito-core-2.15.0.jar:/root/./workspace/syqu22/spring-boot-shop-sample/385903701/.m2/net/bytebuddy/byte-buddy/1.7.11/byte-buddy-1.7.11.jar:/root/./workspace/syqu22/spring-boot-shop-sample/385903701/.m2/net/bytebuddy/byte-buddy-agent/1.7.11/byte-buddy-agent-1.7.11.jar:/root/./workspace/syqu22/spring-boot-shop-sample/385903701/.m2/org/objenesis/objenesis/2.6/objenesis-2.6.jar:/root/./workspace/syqu22/spring-boot-shop-sample/385903701/.m2/org/hamcrest/hamcrest-core/1.3/hamcrest-core-1.3.jar:/root/./workspace/syqu22/spring-boot-shop-sample/385903701/.m2/org/hamcrest/hamcrest-library/1.3/hamcrest-library-1.3.jar:/root/./workspace/syqu22/spring-boot-shop-sample/385903701/.m2/org/skyscreamer/jsonassert/1.5.0/jsonassert-1.5.0.jar:/root/./workspace/syqu22/spring-boot-shop-sample/385903701/.m2/com/vaadin/external/google/android-json/0.0.20131108.vaadin1/android-json-0.0.20131108.vaadin1.jar:/root/./workspace/syqu22/spring-boot-shop-sample/385903701/.m2/org/springframework/spring-core/5.0.5.RELEASE/spring-core-5.0.5.RELEASE.jar:/root/./workspace/syqu22/spring-boot-shop-sample/385903701/.m2/org/springframework/spring-jcl/5.0.5.RELEASE/spring-jcl-5.0.5.RELEASE.jar:/root/./workspace/syqu22/spring-boot-shop-sample/385903701/.m2/org/springframework/spring-test/5.0.5.RELEASE/spring-test-5.0.5.RELEASE.jar:/root/./workspace/syqu22/spring-boot-shop-sample/385903701/.m2/org/xmlunit/xmlunit-core/2.5.1/xmlunit-core-2.5.1.jar:/root/./workspace/syqu22/spring-boot-shop-sample/385903701/.m2/org/springframework/security/spring-security-test/5.0.4.RELEASE/spring-security-test-5.0.4.RELEASE.jar:/root/./workspace/syqu22/spring-boot-shop-sample/385903701/.m2/org/springframework/security/spring-security-core/5.0.4.RELEASE/spring-security-core-5.0.4.RELEASE.jar:/root/./workspace/syqu22/spring-boot-shop-sample/385903701/.m2/org/webjars/bootstrap/4.1.0/bootstrap-4.1.0.jar:/root/./workspace/syqu22/spring-boot-shop-sample/385903701/.m2/org/webjars/popper.js/1.14.1/popper.js-1.14.1.jar:/root/./workspace/syqu22/spring-boot-shop-sample/385903701/.m2/org/webjars/font-awesome/5.0.10/font-awesome-5.0.10.jar:/root/./workspace/syqu22/spring-boot-shop-sample/385903701/.m2/org/webjars/jquery/3.3.1-1/jquery-3.3.1-1.jar:"/>
    <property name="sun.cpu.endian" value="little"/>
    <property name="user.home" value="/root"/>
    <property name="user.language" value="en"/>
    <property name="java.specification.vendor" value="Oracle Corporation"/>
    <property name="java.home" value="/usr/lib/jvm/java-8-openjdk-amd64/jre"/>
    <property name="basedir" value="/root/workspace/syqu22/spring-boot-shop-sample/385903701"/>
    <property name="file.separator" value="/"/>
    <property name="checkstyle.skip" value="true"/>
    <property name="line.separator" value="&#10;"/>
    <property name="skip.npm" value="true"/>
    <property name="java.vm.specification.vendor" value="Oracle Corporation"/>
    <property name="java.specification.name" value="Java Platform API Specification"/>
    <property name="java.awt.graphicsenv" value="sun.awt.X11GraphicsEnvironment"/>
    <property name="skipITs" value="true"/>
    <property name="surefire.real.class.path" value="/root/workspace/syqu22/spring-boot-shop-sample/385903701/target/surefire/surefirebooter23373847142300304.jar"/>
    <property name="cobertura.skip" value="true"/>
    <property name="sun.boot.class.path" value="/usr/lib/jvm/java-8-openjdk-amd64/jre/lib/resources.jar:/usr/lib/jvm/java-8-openjdk-amd64/jre/lib/rt.jar:/usr/lib/jvm/java-8-openjdk-amd64/jre/lib/sunrsasign.jar:/usr/lib/jvm/java-8-openjdk-amd64/jre/lib/jsse.jar:/usr/lib/jvm/java-8-openjdk-amd64/jre/lib/jce.jar:/usr/lib/jvm/java-8-openjdk-amd64/jre/lib/charsets.jar:/usr/lib/jvm/java-8-openjdk-amd64/jre/lib/jfr.jar:/usr/lib/jvm/java-8-openjdk-amd64/jre/classes"/>
    <property name="sun.management.compiler" value="HotSpot 64-Bit Tiered Compilers"/>
    <property name="java.runtime.version" value="1.8.0_121-8u121-b13-1~bpo8+1-b13"/>
    <property name="user.name" value="root"/>
    <property name="findbugs.skip" value="true"/>
    <property name="path.separator" value=":"/>
    <property name="os.version" value="3.10.0-862.3.2.el7.x86_64"/>
    <property name="java.endorsed.dirs" value="/usr/lib/jvm/java-8-openjdk-amd64/jre/lib/endorsed"/>
    <property name="java.runtime.name" value="OpenJDK Runtime Environment"/>
    <property name="file.encoding" value="UTF-8"/>
    <property name="java.vm.name" value="OpenJDK 64-Bit Server VM"/>
    <property name="localRepository" value="/root/./workspace/syqu22/spring-boot-shop-sample/385903701/.m2"/>
    <property name="java.vendor.url.bug" value="http://bugreport.sun.com/bugreport/"/>
    <property name="java.io.tmpdir" value="/tmp"/>
    <property name="java.version" value="1.8.0_121"/>
    <property name="user.dir" value="/root/workspace/syqu22/spring-boot-shop-sample/385903701"/>
    <property name="os.arch" value="amd64"/>
    <property name="license.skip" value="true"/>
    <property name="java.vm.specification.name" value="Java Virtual Machine Specification"/>
    <property name="java.awt.printerjob" value="sun.print.PSPrinterJob"/>
    <property name="sun.os.patch.level" value="unknown"/>
    <property name="java.library.path" value="/usr/java/packages/lib/amd64:/usr/lib/x86_64-linux-gnu/jni:/lib/x86_64-linux-gnu:/usr/lib/x86_64-linux-gnu:/usr/lib/jni:/lib:/usr/lib"/>
    <property name="java.vm.info" value="mixed mode"/>
    <property name="java.vendor" value="Oracle Corporation"/>
    <property name="java.vm.version" value="25.121-b13"/>
    <property name="java.ext.dirs" value="/usr/lib/jvm/java-8-openjdk-amd64/jre/lib/ext:/usr/java/packages/lib/ext"/>
    <property name="sun.io.unicode.encoding" value="UnicodeLittle"/>
    <property name="maven.repo.local" value="/root/./workspace/syqu22/spring-boot-shop-sample/385903701/.m2"/>
    <property name="enforcer.skip" value="true"/>
    <property name="java.class.version" value="52.0"/>
  </properties>
  <testcase name="userControllerStatus" classname="com.syqu.shop.controller.UserControllerMvcTests" time="0.112">
    <error message="Request processing failed; nested exception is java.lang.NullPointerException" type="org.springframework.web.util.NestedServletException">org.springframework.web.util.NestedServletException: Request processing failed; nested exception is java.lang.NullPointerException
	at com.syqu.shop.controller.UserControllerMvcTests.userControllerStatus(UserControllerMvcTests.java:40)
Caused by: java.lang.NullPointerException
	at com.syqu.shop.controller.UserControllerMvcTests.userControllerStatus(UserControllerMvcTests.java:40)
</error>
    <system-out><![CDATA[23:31:08.002 [main] DEBUG org.springframework.test.context.junit4.SpringJUnit4ClassRunner - SpringJUnit4ClassRunner constructor called with [class com.syqu.shop.controller.UserControllerMvcTests]
23:31:08.011 [main] DEBUG org.springframework.test.context.BootstrapUtils - Instantiating CacheAwareContextLoaderDelegate from class [org.springframework.test.context.cache.DefaultCacheAwareContextLoaderDelegate]
23:31:08.024 [main] DEBUG org.springframework.test.context.BootstrapUtils - Instantiating BootstrapContext using constructor [public org.springframework.test.context.support.DefaultBootstrapContext(java.lang.Class,org.springframework.test.context.CacheAwareContextLoaderDelegate)]
23:31:08.067 [main] DEBUG org.springframework.test.context.BootstrapUtils - Instantiating TestContextBootstrapper for test class [com.syqu.shop.controller.UserControllerMvcTests] from class [org.springframework.boot.test.context.SpringBootTestContextBootstrapper]
23:31:08.091 [main] INFO org.springframework.boot.test.context.SpringBootTestContextBootstrapper - Neither @ContextConfiguration nor @ContextHierarchy found for test class [com.syqu.shop.controller.UserControllerMvcTests], using SpringBootContextLoader
23:31:08.097 [main] DEBUG org.springframework.test.context.support.AbstractContextLoader - Did not detect default resource location for test class [com.syqu.shop.controller.UserControllerMvcTests]: class path resource [com/syqu/shop/controller/UserControllerMvcTests-context.xml] does not exist
23:31:08.098 [main] DEBUG org.springframework.test.context.support.AbstractContextLoader - Did not detect default resource location for test class [com.syqu.shop.controller.UserControllerMvcTests]: class path resource [com/syqu/shop/controller/UserControllerMvcTestsContext.groovy] does not exist
23:31:08.098 [main] INFO org.springframework.test.context.support.AbstractContextLoader - Could not detect default resource locations for test class [com.syqu.shop.controller.UserControllerMvcTests]: no resource found for suffixes {-context.xml, Context.groovy}.
23:31:08.099 [main] INFO org.springframework.test.context.support.AnnotationConfigContextLoaderUtils - Could not detect default configuration classes for test class [com.syqu.shop.controller.UserControllerMvcTests]: UserControllerMvcTests does not declare any static, non-private, non-final, nested classes annotated with @Configuration.
23:31:08.179 [main] DEBUG org.springframework.test.context.support.ActiveProfilesUtils - Could not find an 'annotation declaring class' for annotation type [org.springframework.test.context.ActiveProfiles] and class [com.syqu.shop.controller.UserControllerMvcTests]
23:31:08.195 [main] DEBUG org.springframework.core.env.StandardEnvironment - Adding PropertySource 'systemProperties' with lowest search precedence
23:31:08.195 [main] DEBUG org.springframework.core.env.StandardEnvironment - Adding PropertySource 'systemEnvironment' with lowest search precedence
23:31:08.196 [main] DEBUG org.springframework.core.env.StandardEnvironment - Initialized StandardEnvironment with PropertySources [MapPropertySource@1107730949 {name='systemProperties', properties={java.runtime.name=OpenJDK Runtime Environment, sun.boot.library.path=/usr/lib/jvm/java-8-openjdk-amd64/jre/lib/amd64, java.vm.version=25.121-b13, java.vm.vendor=Oracle Corporation, java.vendor.url=http://java.oracle.com/, skip.gulp=true, path.separator=:, java.vm.name=OpenJDK 64-Bit Server VM, file.encoding.pkg=sun.io, findbugs.skip=true, sun.java.launcher=SUN_STANDARD, sun.os.patch.level=unknown, java.vm.specification.name=Java Virtual Machine Specification, user.dir=/root/workspace/syqu22/spring-boot-shop-sample/385903701, checkstyle.skip=true, java.runtime.version=1.8.0_121-8u121-b13-1~bpo8+1-b13, skip.npm=true, basedir=/root/workspace/syqu22/spring-boot-shop-sample/385903701, java.awt.graphicsenv=sun.awt.X11GraphicsEnvironment, java.endorsed.dirs=/usr/lib/jvm/java-8-openjdk-amd64/jre/lib/endorsed, os.arch=amd64, surefire.real.class.path=/root/workspace/syqu22/spring-boot-shop-sample/385903701/target/surefire/surefirebooter23373847142300304.jar, gpg.skip=true, java.io.tmpdir=/tmp, line.separator=
, cobertura.skip=true, java.vm.specification.vendor=Oracle Corporation, os.name=Linux, sun.jnu.encoding=UTF-8, license.skip=true, java.library.path=/usr/java/packages/lib/amd64:/usr/lib/x86_64-linux-gnu/jni:/lib/x86_64-linux-gnu:/usr/lib/x86_64-linux-gnu:/usr/lib/jni:/lib:/usr/lib, surefire.test.class.path=/root/workspace/syqu22/spring-boot-shop-sample/385903701/target/test-classes:/root/workspace/syqu22/spring-boot-shop-sample/385903701/target/classes:/root/./workspace/syqu22/spring-boot-shop-sample/385903701/.m2/org/springframework/boot/spring-boot-starter-web/2.0.1.RELEASE/spring-boot-starter-web-2.0.1.RELEASE.jar:/root/./workspace/syqu22/spring-boot-shop-sample/385903701/.m2/org/springframework/boot/spring-boot-starter/2.0.1.RELEASE/spring-boot-starter-2.0.1.RELEASE.jar:/root/./workspace/syqu22/spring-boot-shop-sample/385903701/.m2/org/springframework/boot/spring-boot-starter-logging/2.0.1.RELEASE/spring-boot-starter-logging-2.0.1.RELEASE.jar:/root/./workspace/syqu22/spring-boot-shop-sample/385903701/.m2/ch/qos/logback/logback-classic/1.2.3/logback-classic-1.2.3.jar:/root/./workspace/syqu22/spring-boot-shop-sample/385903701/.m2/ch/qos/logback/logback-core/1.2.3/logback-core-1.2.3.jar:/root/./workspace/syqu22/spring-boot-shop-sample/385903701/.m2/org/apache/logging/log4j/log4j-to-slf4j/2.10.0/log4j-to-slf4j-2.10.0.jar:/root/./workspace/syqu22/spring-boot-shop-sample/385903701/.m2/org/apache/logging/log4j/log4j-api/2.10.0/log4j-api-2.10.0.jar:/root/./workspace/syqu22/spring-boot-shop-sample/385903701/.m2/org/slf4j/jul-to-slf4j/1.7.25/jul-to-slf4j-1.7.25.jar:/root/./workspace/syqu22/spring-boot-shop-sample/385903701/.m2/javax/annotation/javax.annotation-api/1.3.2/javax.annotation-api-1.3.2.jar:/root/./workspace/syqu22/spring-boot-shop-sample/385903701/.m2/org/yaml/snakeyaml/1.19/snakeyaml-1.19.jar:/root/./workspace/syqu22/spring-boot-shop-sample/385903701/.m2/org/springframework/boot/spring-boot-starter-json/2.0.1.RELEASE/spring-boot-starter-json-2.0.1.RELEASE.jar:/root/./workspace/syqu22/spring-boot-shop-sample/385903701/.m2/com/fasterxml/jackson/core/jackson-databind/2.9.5/jackson-databind-2.9.5.jar:/root/./workspace/syqu22/spring-boot-shop-sample/385903701/.m2/com/fasterxml/jackson/core/jackson-core/2.9.5/jackson-core-2.9.5.jar:/root/./workspace/syqu22/spring-boot-shop-sample/385903701/.m2/com/fasterxml/jackson/datatype/jackson-datatype-jdk8/2.9.5/jackson-datatype-jdk8-2.9.5.jar:/root/./workspace/syqu22/spring-boot-shop-sample/385903701/.m2/com/fasterxml/jackson/datatype/jackson-datatype-jsr310/2.9.5/jackson-datatype-jsr310-2.9.5.jar:/root/./workspace/syqu22/spring-boot-shop-sample/385903701/.m2/com/fasterxml/jackson/module/jackson-module-parameter-names/2.9.5/jackson-module-parameter-names-2.9.5.jar:/root/./workspace/syqu22/spring-boot-shop-sample/385903701/.m2/org/springframework/boot/spring-boot-starter-tomcat/2.0.1.RELEASE/spring-boot-starter-tomcat-2.0.1.RELEASE.jar:/root/./workspace/syqu22/spring-boot-shop-sample/385903701/.m2/org/apache/tomcat/embed/tomcat-embed-core/8.5.29/tomcat-embed-core-8.5.29.jar:/root/./workspace/syqu22/spring-boot-shop-sample/385903701/.m2/org/apache/tomcat/embed/tomcat-embed-el/8.5.29/tomcat-embed-el-8.5.29.jar:/root/./workspace/syqu22/spring-boot-shop-sample/385903701/.m2/org/apache/tomcat/embed/tomcat-embed-websocket/8.5.29/tomcat-embed-websocket-8.5.29.jar:/root/./workspace/syqu22/spring-boot-shop-sample/385903701/.m2/org/hibernate/validator/hibernate-validator/6.0.9.Final/hibernate-validator-6.0.9.Final.jar:/root/./workspace/syqu22/spring-boot-shop-sample/385903701/.m2/javax/validation/validation-api/2.0.1.Final/validation-api-2.0.1.Final.jar:/root/./workspace/syqu22/spring-boot-shop-sample/385903701/.m2/org/jboss/logging/jboss-logging/3.3.2.Final/jboss-logging-3.3.2.Final.jar:/root/./workspace/syqu22/spring-boot-shop-sample/385903701/.m2/com/fasterxml/classmate/1.3.4/classmate-1.3.4.jar:/root/./workspace/syqu22/spring-boot-shop-sample/385903701/.m2/org/springframework/spring-web/5.0.5.RELEASE/spring-web-5.0.5.RELEASE.jar:/root/./workspace/syqu22/spring-boot-shop-sample/385903701/.m2/org/springframework/spring-beans/5.0.5.RELEASE/spring-beans-5.0.5.RELEASE.jar:/root/./workspace/syqu22/spring-boot-shop-sample/385903701/.m2/org/springframework/spring-webmvc/5.0.5.RELEASE/spring-webmvc-5.0.5.RELEASE.jar:/root/./workspace/syqu22/spring-boot-shop-sample/385903701/.m2/org/springframework/spring-expression/5.0.5.RELEASE/spring-expression-5.0.5.RELEASE.jar:/root/./workspace/syqu22/spring-boot-shop-sample/385903701/.m2/org/springframework/boot/spring-boot-starter-security/2.0.1.RELEASE/spring-boot-starter-security-2.0.1.RELEASE.jar:/root/./workspace/syqu22/spring-boot-shop-sample/385903701/.m2/org/springframework/spring-aop/5.0.5.RELEASE/spring-aop-5.0.5.RELEASE.jar:/root/./workspace/syqu22/spring-boot-shop-sample/385903701/.m2/org/springframework/security/spring-security-config/5.0.4.RELEASE/spring-security-config-5.0.4.RELEASE.jar:/root/./workspace/syqu22/spring-boot-shop-sample/385903701/.m2/org/springframework/security/spring-security-web/5.0.4.RELEASE/spring-security-web-5.0.4.RELEASE.jar:/root/./workspace/syqu22/spring-boot-shop-sample/385903701/.m2/org/springframework/boot/spring-boot-starter-data-jpa/2.0.1.RELEASE/spring-boot-starter-data-jpa-2.0.1.RELEASE.jar:/root/./workspace/syqu22/spring-boot-shop-sample/385903701/.m2/org/springframework/boot/spring-boot-starter-aop/2.0.1.RELEASE/spring-boot-starter-aop-2.0.1.RELEASE.jar:/root/./workspace/syqu22/spring-boot-shop-sample/385903701/.m2/org/aspectj/aspectjweaver/1.8.13/aspectjweaver-1.8.13.jar:/root/./workspace/syqu22/spring-boot-shop-sample/385903701/.m2/org/springframework/boot/spring-boot-starter-jdbc/2.0.1.RELEASE/spring-boot-starter-jdbc-2.0.1.RELEASE.jar:/root/./workspace/syqu22/spring-boot-shop-sample/385903701/.m2/com/zaxxer/HikariCP/2.7.8/HikariCP-2.7.8.jar:/root/./workspace/syqu22/spring-boot-shop-sample/385903701/.m2/org/springframework/spring-jdbc/5.0.5.RELEASE/spring-jdbc-5.0.5.RELEASE.jar:/root/./workspace/syqu22/spring-boot-shop-sample/385903701/.m2/org/hibernate/hibernate-core/5.2.16.Final/hibernate-core-5.2.16.Final.jar:/root/./workspace/syqu22/spring-boot-shop-sample/385903701/.m2/org/hibernate/javax/persistence/hibernate-jpa-2.1-api/1.0.0.Final/hibernate-jpa-2.1-api-1.0.0.Final.jar:/root/./workspace/syqu22/spring-boot-shop-sample/385903701/.m2/org/javassist/javassist/3.22.0-GA/javassist-3.22.0-GA.jar:/root/./workspace/syqu22/spring-boot-shop-sample/385903701/.m2/antlr/antlr/2.7.7/antlr-2.7.7.jar:/root/./workspace/syqu22/spring-boot-shop-sample/385903701/.m2/org/jboss/jandex/2.0.3.Final/jandex-2.0.3.Final.jar:/root/./workspace/syqu22/spring-boot-shop-sample/385903701/.m2/dom4j/dom4j/1.6.1/dom4j-1.6.1.jar:/root/./workspace/syqu22/spring-boot-shop-sample/385903701/.m2/org/hibernate/common/hibernate-commons-annotations/5.0.1.Final/hibernate-commons-annotations-5.0.1.Final.jar:/root/./workspace/syqu22/spring-boot-shop-sample/385903701/.m2/javax/transaction/javax.transaction-api/1.2/javax.transaction-api-1.2.jar:/root/./workspace/syqu22/spring-boot-shop-sample/385903701/.m2/org/springframework/data/spring-data-jpa/2.0.6.RELEASE/spring-data-jpa-2.0.6.RELEASE.jar:/root/./workspace/syqu22/spring-boot-shop-sample/385903701/.m2/org/springframework/data/spring-data-commons/2.0.6.RELEASE/spring-data-commons-2.0.6.RELEASE.jar:/root/./workspace/syqu22/spring-boot-shop-sample/385903701/.m2/org/springframework/spring-orm/5.0.5.RELEASE/spring-orm-5.0.5.RELEASE.jar:/root/./workspace/syqu22/spring-boot-shop-sample/385903701/.m2/org/springframework/spring-tx/5.0.5.RELEASE/spring-tx-5.0.5.RELEASE.jar:/root/./workspace/syqu22/spring-boot-shop-sample/385903701/.m2/org/springframework/spring-aspects/5.0.5.RELEASE/spring-aspects-5.0.5.RELEASE.jar:/root/./workspace/syqu22/spring-boot-shop-sample/385903701/.m2/org/springframework/boot/spring-boot-starter-data-rest/2.0.1.RELEASE/spring-boot-starter-data-rest-2.0.1.RELEASE.jar:/root/./workspace/syqu22/spring-boot-shop-sample/385903701/.m2/org/springframework/data/spring-data-rest-webmvc/3.0.6.RELEASE/spring-data-rest-webmvc-3.0.6.RELEASE.jar:/root/./workspace/syqu22/spring-boot-shop-sample/385903701/.m2/org/springframework/data/spring-data-rest-core/3.0.6.RELEASE/spring-data-rest-core-3.0.6.RELEASE.jar:/root/./workspace/syqu22/spring-boot-shop-sample/385903701/.m2/org/springframework/hateoas/spring-hateoas/0.24.0.RELEASE/spring-hateoas-0.24.0.RELEASE.jar:/root/./workspace/syqu22/spring-boot-shop-sample/385903701/.m2/org/springframework/plugin/spring-plugin-core/1.2.0.RELEASE/spring-plugin-core-1.2.0.RELEASE.jar:/root/./workspace/syqu22/spring-boot-shop-sample/385903701/.m2/org/atteo/evo-inflector/1.2.2/evo-inflector-1.2.2.jar:/root/./workspace/syqu22/spring-boot-shop-sample/385903701/.m2/com/fasterxml/jackson/core/jackson-annotations/2.9.0/jackson-annotations-2.9.0.jar:/root/./workspace/syqu22/spring-boot-shop-sample/385903701/.m2/com/h2database/h2/1.4.197/h2-1.4.197.jar:/root/./workspace/syqu22/spring-boot-shop-sample/385903701/.m2/org/springframework/boot/spring-boot-starter-thymeleaf/2.0.1.RELEASE/spring-boot-starter-thymeleaf-2.0.1.RELEASE.jar:/root/./workspace/syqu22/spring-boot-shop-sample/385903701/.m2/org/thymeleaf/thymeleaf-spring5/3.0.9.RELEASE/thymeleaf-spring5-3.0.9.RELEASE.jar:/root/./workspace/syqu22/spring-boot-shop-sample/385903701/.m2/org/thymeleaf/thymeleaf/3.0.9.RELEASE/thymeleaf-3.0.9.RELEASE.jar:/root/./workspace/syqu22/spring-boot-shop-sample/385903701/.m2/org/attoparser/attoparser/2.0.4.RELEASE/attoparser-2.0.4.RELEASE.jar:/root/./workspace/syqu22/spring-boot-shop-sample/385903701/.m2/org/unbescape/unbescape/1.1.5.RELEASE/unbescape-1.1.5.RELEASE.jar:/root/./workspace/syqu22/spring-boot-shop-sample/385903701/.m2/org/thymeleaf/extras/thymeleaf-extras-java8time/3.0.1.RELEASE/thymeleaf-extras-java8time-3.0.1.RELEASE.jar:/root/./workspace/syqu22/spring-boot-shop-sample/385903701/.m2/org/thymeleaf/extras/thymeleaf-extras-springsecurity4/3.0.2.RELEASE/thymeleaf-extras-springsecurity4-3.0.2.RELEASE.jar:/root/./workspace/syqu22/spring-boot-shop-sample/385903701/.m2/org/slf4j/slf4j-api/1.7.25/slf4j-api-1.7.25.jar:/root/./workspace/syqu22/spring-boot-shop-sample/385903701/.m2/org/springframework/boot/spring-boot-devtools/2.0.1.RELEASE/spring-boot-devtools-2.0.1.RELEASE.jar:/root/./workspace/syqu22/spring-boot-shop-sample/385903701/.m2/org/springframework/boot/spring-boot/2.0.1.RELEASE/spring-boot-2.0.1.RELEASE.jar:/root/./workspace/syqu22/spring-boot-shop-sample/385903701/.m2/org/springframework/boot/spring-boot-autoconfigure/2.0.1.RELEASE/spring-boot-autoconfigure-2.0.1.RELEASE.jar:/root/./workspace/syqu22/spring-boot-shop-sample/385903701/.m2/org/springframework/boot/spring-boot-actuator/2.0.1.RELEASE/spring-boot-actuator-2.0.1.RELEASE.jar:/root/./workspace/syqu22/spring-boot-shop-sample/385903701/.m2/org/springframework/boot/spring-boot-starter-mail/2.0.1.RELEASE/spring-boot-starter-mail-2.0.1.RELEASE.jar:/root/./workspace/syqu22/spring-boot-shop-sample/385903701/.m2/org/springframework/spring-context/5.0.5.RELEASE/spring-context-5.0.5.RELEASE.jar:/root/./workspace/syqu22/spring-boot-shop-sample/385903701/.m2/org/springframework/spring-context-support/5.0.5.RELEASE/spring-context-support-5.0.5.RELEASE.jar:/root/./workspace/syqu22/spring-boot-shop-sample/385903701/.m2/com/sun/mail/javax.mail/1.6.1/javax.mail-1.6.1.jar:/root/./workspace/syqu22/spring-boot-shop-sample/385903701/.m2/javax/activation/activation/1.1/activation-1.1.jar:/root/./workspace/syqu22/spring-boot-shop-sample/385903701/.m2/org/springframework/boot/spring-boot-starter-test/2.0.1.RELEASE/spring-boot-starter-test-2.0.1.RELEASE.jar:/root/./workspace/syqu22/spring-boot-shop-sample/385903701/.m2/org/springframework/boot/spring-boot-test/2.0.1.RELEASE/spring-boot-test-2.0.1.RELEASE.jar:/root/./workspace/syqu22/spring-boot-shop-sample/385903701/.m2/org/springframework/boot/spring-boot-test-autoconfigure/2.0.1.RELEASE/spring-boot-test-autoconfigure-2.0.1.RELEASE.jar:/root/./workspace/syqu22/spring-boot-shop-sample/385903701/.m2/com/jayway/jsonpath/json-path/2.4.0/json-path-2.4.0.jar:/root/./workspace/syqu22/spring-boot-shop-sample/385903701/.m2/net/minidev/json-smart/2.3/json-smart-2.3.jar:/root/./workspace/syqu22/spring-boot-shop-sample/385903701/.m2/net/minidev/accessors-smart/1.2/accessors-smart-1.2.jar:/root/./workspace/syqu22/spring-boot-shop-sample/385903701/.m2/org/ow2/asm/asm/5.0.4/asm-5.0.4.jar:/root/./workspace/syqu22/spring-boot-shop-sample/385903701/.m2/junit/junit/4.12/junit-4.12.jar:/root/./workspace/syqu22/spring-boot-shop-sample/385903701/.m2/org/assertj/assertj-core/3.9.1/assertj-core-3.9.1.jar:/root/./workspace/syqu22/spring-boot-shop-sample/385903701/.m2/org/mockito/mockito-core/2.15.0/mockito-core-2.15.0.jar:/root/./workspace/syqu22/spring-boot-shop-sample/385903701/.m2/net/bytebuddy/byte-buddy/1.7.11/byte-buddy-1.7.11.jar:/root/./workspace/syqu22/spring-boot-shop-sample/385903701/.m2/net/bytebuddy/byte-buddy-agent/1.7.11/byte-buddy-agent-1.7.11.jar:/root/./workspace/syqu22/spring-boot-shop-sample/385903701/.m2/org/objenesis/objenesis/2.6/objenesis-2.6.jar:/root/./workspace/syqu22/spring-boot-shop-sample/385903701/.m2/org/hamcrest/hamcrest-core/1.3/hamcrest-core-1.3.jar:/root/./workspace/syqu22/spring-boot-shop-sample/385903701/.m2/org/hamcrest/hamcrest-library/1.3/hamcrest-library-1.3.jar:/root/./workspace/syqu22/spring-boot-shop-sample/385903701/.m2/org/skyscreamer/jsonassert/1.5.0/jsonassert-1.5.0.jar:/root/./workspace/syqu22/spring-boot-shop-sample/385903701/.m2/com/vaadin/external/google/android-json/0.0.20131108.vaadin1/android-json-0.0.20131108.vaadin1.jar:/root/./workspace/syqu22/spring-boot-shop-sample/385903701/.m2/org/springframework/spring-core/5.0.5.RELEASE/spring-core-5.0.5.RELEASE.jar:/root/./workspace/syqu22/spring-boot-shop-sample/385903701/.m2/org/springframework/spring-jcl/5.0.5.RELEASE/spring-jcl-5.0.5.RELEASE.jar:/root/./workspace/syqu22/spring-boot-shop-sample/385903701/.m2/org/springframework/spring-test/5.0.5.RELEASE/spring-test-5.0.5.RELEASE.jar:/root/./workspace/syqu22/spring-boot-shop-sample/385903701/.m2/org/xmlunit/xmlunit-core/2.5.1/xmlunit-core-2.5.1.jar:/root/./workspace/syqu22/spring-boot-shop-sample/385903701/.m2/org/springframework/security/spring-security-test/5.0.4.RELEASE/spring-security-test-5.0.4.RELEASE.jar:/root/./workspace/syqu22/spring-boot-shop-sample/385903701/.m2/org/springframework/security/spring-security-core/5.0.4.RELEASE/spring-security-core-5.0.4.RELEASE.jar:/root/./workspace/syqu22/spring-boot-shop-sample/385903701/.m2/org/webjars/bootstrap/4.1.0/bootstrap-4.1.0.jar:/root/./workspace/syqu22/spring-boot-shop-sample/385903701/.m2/org/webjars/popper.js/1.14.1/popper.js-1.14.1.jar:/root/./workspace/syqu22/spring-boot-shop-sample/385903701/.m2/org/webjars/font-awesome/5.0.10/font-awesome-5.0.10.jar:/root/./workspace/syqu22/spring-boot-shop-sample/385903701/.m2/org/webjars/jquery/3.3.1-1/jquery-3.3.1-1.jar:, java.specification.name=Java Platform API Specification, java.class.version=52.0, skip.bower=true, sun.management.compiler=HotSpot 64-Bit Tiered Compilers, maven.repo.local=/root/./workspace/syqu22/spring-boot-shop-sample/385903701/.m2, os.version=3.10.0-862.3.2.el7.x86_64, user.home=/root, user.timezone=Europe/Paris, java.awt.printerjob=sun.print.PSPrinterJob, file.encoding=UTF-8, java.specification.version=1.8, java.class.path=/root/workspace/syqu22/spring-boot-shop-sample/385903701/target/test-classes:/root/workspace/syqu22/spring-boot-shop-sample/385903701/target/classes:/root/./workspace/syqu22/spring-boot-shop-sample/385903701/.m2/org/springframework/boot/spring-boot-starter-web/2.0.1.RELEASE/spring-boot-starter-web-2.0.1.RELEASE.jar:/root/./workspace/syqu22/spring-boot-shop-sample/385903701/.m2/org/springframework/boot/spring-boot-starter/2.0.1.RELEASE/spring-boot-starter-2.0.1.RELEASE.jar:/root/./workspace/syqu22/spring-boot-shop-sample/385903701/.m2/org/springframework/boot/spring-boot-starter-logging/2.0.1.RELEASE/spring-boot-starter-logging-2.0.1.RELEASE.jar:/root/./workspace/syqu22/spring-boot-shop-sample/385903701/.m2/ch/qos/logback/logback-classic/1.2.3/logback-classic-1.2.3.jar:/root/./workspace/syqu22/spring-boot-shop-sample/385903701/.m2/ch/qos/logback/logback-core/1.2.3/logback-core-1.2.3.jar:/root/./workspace/syqu22/spring-boot-shop-sample/385903701/.m2/org/apache/logging/log4j/log4j-to-slf4j/2.10.0/log4j-to-slf4j-2.10.0.jar:/root/./workspace/syqu22/spring-boot-shop-sample/385903701/.m2/org/apache/logging/log4j/log4j-api/2.10.0/log4j-api-2.10.0.jar:/root/./workspace/syqu22/spring-boot-shop-sample/385903701/.m2/org/slf4j/jul-to-slf4j/1.7.25/jul-to-slf4j-1.7.25.jar:/root/./workspace/syqu22/spring-boot-shop-sample/385903701/.m2/javax/annotation/javax.annotation-api/1.3.2/javax.annotation-api-1.3.2.jar:/root/./workspace/syqu22/spring-boot-shop-sample/385903701/.m2/org/yaml/snakeyaml/1.19/snakeyaml-1.19.jar:/root/./workspace/syqu22/spring-boot-shop-sample/385903701/.m2/org/springframework/boot/spring-boot-starter-json/2.0.1.RELEASE/spring-boot-starter-json-2.0.1.RELEASE.jar:/root/./workspace/syqu22/spring-boot-shop-sample/385903701/.m2/com/fasterxml/jackson/core/jackson-databind/2.9.5/jackson-databind-2.9.5.jar:/root/./workspace/syqu22/spring-boot-shop-sample/385903701/.m2/com/fasterxml/jackson/core/jackson-core/2.9.5/jackson-core-2.9.5.jar:/root/./workspace/syqu22/spring-boot-shop-sample/385903701/.m2/com/fasterxml/jackson/datatype/jackson-datatype-jdk8/2.9.5/jackson-datatype-jdk8-2.9.5.jar:/root/./workspace/syqu22/spring-boot-shop-sample/385903701/.m2/com/fasterxml/jackson/datatype/jackson-datatype-jsr310/2.9.5/jackson-datatype-jsr310-2.9.5.jar:/root/./workspace/syqu22/spring-boot-shop-sample/385903701/.m2/com/fasterxml/jackson/module/jackson-module-parameter-names/2.9.5/jackson-module-parameter-names-2.9.5.jar:/root/./workspace/syqu22/spring-boot-shop-sample/385903701/.m2/org/springframework/boot/spring-boot-starter-tomcat/2.0.1.RELEASE/spring-boot-starter-tomcat-2.0.1.RELEASE.jar:/root/./workspace/syqu22/spring-boot-shop-sample/385903701/.m2/org/apache/tomcat/embed/tomcat-embed-core/8.5.29/tomcat-embed-core-8.5.29.jar:/root/./workspace/syqu22/spring-boot-shop-sample/385903701/.m2/org/apache/tomcat/embed/tomcat-embed-el/8.5.29/tomcat-embed-el-8.5.29.jar:/root/./workspace/syqu22/spring-boot-shop-sample/385903701/.m2/org/apache/tomcat/embed/tomcat-embed-websocket/8.5.29/tomcat-embed-websocket-8.5.29.jar:/root/./workspace/syqu22/spring-boot-shop-sample/385903701/.m2/org/hibernate/validator/hibernate-validator/6.0.9.Final/hibernate-validator-6.0.9.Final.jar:/root/./workspace/syqu22/spring-boot-shop-sample/385903701/.m2/javax/validation/validation-api/2.0.1.Final/validation-api-2.0.1.Final.jar:/root/./workspace/syqu22/spring-boot-shop-sample/385903701/.m2/org/jboss/logging/jboss-logging/3.3.2.Final/jboss-logging-3.3.2.Final.jar:/root/./workspace/syqu22/spring-boot-shop-sample/385903701/.m2/com/fasterxml/classmate/1.3.4/classmate-1.3.4.jar:/root/./workspace/syqu22/spring-boot-shop-sample/385903701/.m2/org/springframework/spring-web/5.0.5.RELEASE/spring-web-5.0.5.RELEASE.jar:/root/./workspace/syqu22/spring-boot-shop-sample/385903701/.m2/org/springframework/spring-beans/5.0.5.RELEASE/spring-beans-5.0.5.RELEASE.jar:/root/./workspace/syqu22/spring-boot-shop-sample/385903701/.m2/org/springframework/spring-webmvc/5.0.5.RELEASE/spring-webmvc-5.0.5.RELEASE.jar:/root/./workspace/syqu22/spring-boot-shop-sample/385903701/.m2/org/springframework/spring-expression/5.0.5.RELEASE/spring-expression-5.0.5.RELEASE.jar:/root/./workspace/syqu22/spring-boot-shop-sample/385903701/.m2/org/springframework/boot/spring-boot-starter-security/2.0.1.RELEASE/spring-boot-starter-security-2.0.1.RELEASE.jar:/root/./workspace/syqu22/spring-boot-shop-sample/385903701/.m2/org/springframework/spring-aop/5.0.5.RELEASE/spring-aop-5.0.5.RELEASE.jar:/root/./workspace/syqu22/spring-boot-shop-sample/385903701/.m2/org/springframework/security/spring-security-config/5.0.4.RELEASE/spring-security-config-5.0.4.RELEASE.jar:/root/./workspace/syqu22/spring-boot-shop-sample/385903701/.m2/org/springframework/security/spring-security-web/5.0.4.RELEASE/spring-security-web-5.0.4.RELEASE.jar:/root/./workspace/syqu22/spring-boot-shop-sample/385903701/.m2/org/springframework/boot/spring-boot-starter-data-jpa/2.0.1.RELEASE/spring-boot-starter-data-jpa-2.0.1.RELEASE.jar:/root/./workspace/syqu22/spring-boot-shop-sample/385903701/.m2/org/springframework/boot/spring-boot-starter-aop/2.0.1.RELEASE/spring-boot-starter-aop-2.0.1.RELEASE.jar:/root/./workspace/syqu22/spring-boot-shop-sample/385903701/.m2/org/aspectj/aspectjweaver/1.8.13/aspectjweaver-1.8.13.jar:/root/./workspace/syqu22/spring-boot-shop-sample/385903701/.m2/org/springframework/boot/spring-boot-starter-jdbc/2.0.1.RELEASE/spring-boot-starter-jdbc-2.0.1.RELEASE.jar:/root/./workspace/syqu22/spring-boot-shop-sample/385903701/.m2/com/zaxxer/HikariCP/2.7.8/HikariCP-2.7.8.jar:/root/./workspace/syqu22/spring-boot-shop-sample/385903701/.m2/org/springframework/spring-jdbc/5.0.5.RELEASE/spring-jdbc-5.0.5.RELEASE.jar:/root/./workspace/syqu22/spring-boot-shop-sample/385903701/.m2/org/hibernate/hibernate-core/5.2.16.Final/hibernate-core-5.2.16.Final.jar:/root/./workspace/syqu22/spring-boot-shop-sample/385903701/.m2/org/hibernate/javax/persistence/hibernate-jpa-2.1-api/1.0.0.Final/hibernate-jpa-2.1-api-1.0.0.Final.jar:/root/./workspace/syqu22/spring-boot-shop-sample/385903701/.m2/org/javassist/javassist/3.22.0-GA/javassist-3.22.0-GA.jar:/root/./workspace/syqu22/spring-boot-shop-sample/385903701/.m2/antlr/antlr/2.7.7/antlr-2.7.7.jar:/root/./workspace/syqu22/spring-boot-shop-sample/385903701/.m2/org/jboss/jandex/2.0.3.Final/jandex-2.0.3.Final.jar:/root/./workspace/syqu22/spring-boot-shop-sample/385903701/.m2/dom4j/dom4j/1.6.1/dom4j-1.6.1.jar:/root/./workspace/syqu22/spring-boot-shop-sample/385903701/.m2/org/hibernate/common/hibernate-commons-annotations/5.0.1.Final/hibernate-commons-annotations-5.0.1.Final.jar:/root/./workspace/syqu22/spring-boot-shop-sample/385903701/.m2/javax/transaction/javax.transaction-api/1.2/javax.transaction-api-1.2.jar:/root/./workspace/syqu22/spring-boot-shop-sample/385903701/.m2/org/springframework/data/spring-data-jpa/2.0.6.RELEASE/spring-data-jpa-2.0.6.RELEASE.jar:/root/./workspace/syqu22/spring-boot-shop-sample/385903701/.m2/org/springframework/data/spring-data-commons/2.0.6.RELEASE/spring-data-commons-2.0.6.RELEASE.jar:/root/./workspace/syqu22/spring-boot-shop-sample/385903701/.m2/org/springframework/spring-orm/5.0.5.RELEASE/spring-orm-5.0.5.RELEASE.jar:/root/./workspace/syqu22/spring-boot-shop-sample/385903701/.m2/org/springframework/spring-tx/5.0.5.RELEASE/spring-tx-5.0.5.RELEASE.jar:/root/./workspace/syqu22/spring-boot-shop-sample/385903701/.m2/org/springframework/spring-aspects/5.0.5.RELEASE/spring-aspects-5.0.5.RELEASE.jar:/root/./workspace/syqu22/spring-boot-shop-sample/385903701/.m2/org/springframework/boot/spring-boot-starter-data-rest/2.0.1.RELEASE/spring-boot-starter-data-rest-2.0.1.RELEASE.jar:/root/./workspace/syqu22/spring-boot-shop-sample/385903701/.m2/org/springframework/data/spring-data-rest-webmvc/3.0.6.RELEASE/spring-data-rest-webmvc-3.0.6.RELEASE.jar:/root/./workspace/syqu22/spring-boot-shop-sample/385903701/.m2/org/springframework/data/spring-data-rest-core/3.0.6.RELEASE/spring-data-rest-core-3.0.6.RELEASE.jar:/root/./workspace/syqu22/spring-boot-shop-sample/385903701/.m2/org/springframework/hateoas/spring-hateoas/0.24.0.RELEASE/spring-hateoas-0.24.0.RELEASE.jar:/root/./workspace/syqu22/spring-boot-shop-sample/385903701/.m2/org/springframework/plugin/spring-plugin-core/1.2.0.RELEASE/spring-plugin-core-1.2.0.RELEASE.jar:/root/./workspace/syqu22/spring-boot-shop-sample/385903701/.m2/org/atteo/evo-inflector/1.2.2/evo-inflector-1.2.2.jar:/root/./workspace/syqu22/spring-boot-shop-sample/385903701/.m2/com/fasterxml/jackson/core/jackson-annotations/2.9.0/jackson-annotations-2.9.0.jar:/root/./workspace/syqu22/spring-boot-shop-sample/385903701/.m2/com/h2database/h2/1.4.197/h2-1.4.197.jar:/root/./workspace/syqu22/spring-boot-shop-sample/385903701/.m2/org/springframework/boot/spring-boot-starter-thymeleaf/2.0.1.RELEASE/spring-boot-starter-thymeleaf-2.0.1.RELEASE.jar:/root/./workspace/syqu22/spring-boot-shop-sample/385903701/.m2/org/thymeleaf/thymeleaf-spring5/3.0.9.RELEASE/thymeleaf-spring5-3.0.9.RELEASE.jar:/root/./workspace/syqu22/spring-boot-shop-sample/385903701/.m2/org/thymeleaf/thymeleaf/3.0.9.RELEASE/thymeleaf-3.0.9.RELEASE.jar:/root/./workspace/syqu22/spring-boot-shop-sample/385903701/.m2/org/attoparser/attoparser/2.0.4.RELEASE/attoparser-2.0.4.RELEASE.jar:/root/./workspace/syqu22/spring-boot-shop-sample/385903701/.m2/org/unbescape/unbescape/1.1.5.RELEASE/unbescape-1.1.5.RELEASE.jar:/root/./workspace/syqu22/spring-boot-shop-sample/385903701/.m2/org/thymeleaf/extras/thymeleaf-extras-java8time/3.0.1.RELEASE/thymeleaf-extras-java8time-3.0.1.RELEASE.jar:/root/./workspace/syqu22/spring-boot-shop-sample/385903701/.m2/org/thymeleaf/extras/thymeleaf-extras-springsecurity4/3.0.2.RELEASE/thymeleaf-extras-springsecurity4-3.0.2.RELEASE.jar:/root/./workspace/syqu22/spring-boot-shop-sample/385903701/.m2/org/slf4j/slf4j-api/1.7.25/slf4j-api-1.7.25.jar:/root/./workspace/syqu22/spring-boot-shop-sample/385903701/.m2/org/springframework/boot/spring-boot-devtools/2.0.1.RELEASE/spring-boot-devtools-2.0.1.RELEASE.jar:/root/./workspace/syqu22/spring-boot-shop-sample/385903701/.m2/org/springframework/boot/spring-boot/2.0.1.RELEASE/spring-boot-2.0.1.RELEASE.jar:/root/./workspace/syqu22/spring-boot-shop-sample/385903701/.m2/org/springframework/boot/spring-boot-autoconfigure/2.0.1.RELEASE/spring-boot-autoconfigure-2.0.1.RELEASE.jar:/root/./workspace/syqu22/spring-boot-shop-sample/385903701/.m2/org/springframework/boot/spring-boot-actuator/2.0.1.RELEASE/spring-boot-actuator-2.0.1.RELEASE.jar:/root/./workspace/syqu22/spring-boot-shop-sample/385903701/.m2/org/springframework/boot/spring-boot-starter-mail/2.0.1.RELEASE/spring-boot-starter-mail-2.0.1.RELEASE.jar:/root/./workspace/syqu22/spring-boot-shop-sample/385903701/.m2/org/springframework/spring-context/5.0.5.RELEASE/spring-context-5.0.5.RELEASE.jar:/root/./workspace/syqu22/spring-boot-shop-sample/385903701/.m2/org/springframework/spring-context-support/5.0.5.RELEASE/spring-context-support-5.0.5.RELEASE.jar:/root/./workspace/syqu22/spring-boot-shop-sample/385903701/.m2/com/sun/mail/javax.mail/1.6.1/javax.mail-1.6.1.jar:/root/./workspace/syqu22/spring-boot-shop-sample/385903701/.m2/javax/activation/activation/1.1/activation-1.1.jar:/root/./workspace/syqu22/spring-boot-shop-sample/385903701/.m2/org/springframework/boot/spring-boot-starter-test/2.0.1.RELEASE/spring-boot-starter-test-2.0.1.RELEASE.jar:/root/./workspace/syqu22/spring-boot-shop-sample/385903701/.m2/org/springframework/boot/spring-boot-test/2.0.1.RELEASE/spring-boot-test-2.0.1.RELEASE.jar:/root/./workspace/syqu22/spring-boot-shop-sample/385903701/.m2/org/springframework/boot/spring-boot-test-autoconfigure/2.0.1.RELEASE/spring-boot-test-autoconfigure-2.0.1.RELEASE.jar:/root/./workspace/syqu22/spring-boot-shop-sample/385903701/.m2/com/jayway/jsonpath/json-path/2.4.0/json-path-2.4.0.jar:/root/./workspace/syqu22/spring-boot-shop-sample/385903701/.m2/net/minidev/json-smart/2.3/json-smart-2.3.jar:/root/./workspace/syqu22/spring-boot-shop-sample/385903701/.m2/net/minidev/accessors-smart/1.2/accessors-smart-1.2.jar:/root/./workspace/syqu22/spring-boot-shop-sample/385903701/.m2/org/ow2/asm/asm/5.0.4/asm-5.0.4.jar:/root/./workspace/syqu22/spring-boot-shop-sample/385903701/.m2/junit/junit/4.12/junit-4.12.jar:/root/./workspace/syqu22/spring-boot-shop-sample/385903701/.m2/org/assertj/assertj-core/3.9.1/assertj-core-3.9.1.jar:/root/./workspace/syqu22/spring-boot-shop-sample/385903701/.m2/org/mockito/mockito-core/2.15.0/mockito-core-2.15.0.jar:/root/./workspace/syqu22/spring-boot-shop-sample/385903701/.m2/net/bytebuddy/byte-buddy/1.7.11/byte-buddy-1.7.11.jar:/root/./workspace/syqu22/spring-boot-shop-sample/385903701/.m2/net/bytebuddy/byte-buddy-agent/1.7.11/byte-buddy-agent-1.7.11.jar:/root/./workspace/syqu22/spring-boot-shop-sample/385903701/.m2/org/objenesis/objenesis/2.6/objenesis-2.6.jar:/root/./workspace/syqu22/spring-boot-shop-sample/385903701/.m2/org/hamcrest/hamcrest-core/1.3/hamcrest-core-1.3.jar:/root/./workspace/syqu22/spring-boot-shop-sample/385903701/.m2/org/hamcrest/hamcrest-library/1.3/hamcrest-library-1.3.jar:/root/./workspace/syqu22/spring-boot-shop-sample/385903701/.m2/org/skyscreamer/jsonassert/1.5.0/jsonassert-1.5.0.jar:/root/./workspace/syqu22/spring-boot-shop-sample/385903701/.m2/com/vaadin/external/google/android-json/0.0.20131108.vaadin1/android-json-0.0.20131108.vaadin1.jar:/root/./workspace/syqu22/spring-boot-shop-sample/385903701/.m2/org/springframework/spring-core/5.0.5.RELEASE/spring-core-5.0.5.RELEASE.jar:/root/./workspace/syqu22/spring-boot-shop-sample/385903701/.m2/org/springframework/spring-jcl/5.0.5.RELEASE/spring-jcl-5.0.5.RELEASE.jar:/root/./workspace/syqu22/spring-boot-shop-sample/385903701/.m2/org/springframework/spring-test/5.0.5.RELEASE/spring-test-5.0.5.RELEASE.jar:/root/./workspace/syqu22/spring-boot-shop-sample/385903701/.m2/org/xmlunit/xmlunit-core/2.5.1/xmlunit-core-2.5.1.jar:/root/./workspace/syqu22/spring-boot-shop-sample/385903701/.m2/org/springframework/security/spring-security-test/5.0.4.RELEASE/spring-security-test-5.0.4.RELEASE.jar:/root/./workspace/syqu22/spring-boot-shop-sample/385903701/.m2/org/springframework/security/spring-security-core/5.0.4.RELEASE/spring-security-core-5.0.4.RELEASE.jar:/root/./workspace/syqu22/spring-boot-shop-sample/385903701/.m2/org/webjars/bootstrap/4.1.0/bootstrap-4.1.0.jar:/root/./workspace/syqu22/spring-boot-shop-sample/385903701/.m2/org/webjars/popper.js/1.14.1/popper.js-1.14.1.jar:/root/./workspace/syqu22/spring-boot-shop-sample/385903701/.m2/org/webjars/font-awesome/5.0.10/font-awesome-5.0.10.jar:/root/./workspace/syqu22/spring-boot-shop-sample/385903701/.m2/org/webjars/jquery/3.3.1-1/jquery-3.3.1-1.jar:, user.name=root, skipITs=true, java.vm.specification.version=1.8, sun.java.command=/root/workspace/syqu22/spring-boot-shop-sample/385903701/target/surefire/surefirebooter23373847142300304.jar /root/workspace/syqu22/spring-boot-shop-sample/385903701/target/surefire 2018-05-30T23-31-05_922-jvmRun1 surefire2347534994292059458tmp surefire_08370776605549777275tmp, java.home=/usr/lib/jvm/java-8-openjdk-amd64/jre, sun.arch.data.model=64, user.language=en, java.specification.vendor=Oracle Corporation, dependency-check.skip=true, awt.toolkit=sun.awt.X11.XToolkit, java.vm.info=mixed mode, java.version=1.8.0_121, java.ext.dirs=/usr/lib/jvm/java-8-openjdk-amd64/jre/lib/ext:/usr/java/packages/lib/ext, sun.boot.class.path=/usr/lib/jvm/java-8-openjdk-amd64/jre/lib/resources.jar:/usr/lib/jvm/java-8-openjdk-amd64/jre/lib/rt.jar:/usr/lib/jvm/java-8-openjdk-amd64/jre/lib/sunrsasign.jar:/usr/lib/jvm/java-8-openjdk-amd64/jre/lib/jsse.jar:/usr/lib/jvm/java-8-openjdk-amd64/jre/lib/jce.jar:/usr/lib/jvm/java-8-openjdk-amd64/jre/lib/charsets.jar:/usr/lib/jvm/java-8-openjdk-amd64/jre/lib/jfr.jar:/usr/lib/jvm/java-8-openjdk-amd64/jre/classes, rat.skip=true, enforcer.skip=true, java.vendor=Oracle Corporation, localRepository=/root/./workspace/syqu22/spring-boot-shop-sample/385903701/.m2, file.separator=/, java.vendor.url.bug=http://bugreport.sun.com/bugreport/, sun.io.unicode.encoding=UnicodeLittle, sun.cpu.endian=little, sun.cpu.isalist=}}, SystemEnvironmentPropertySource@700072760 {name='systemEnvironment', properties={PATH=/usr/local/sbin:/usr/local/bin:/usr/sbin:/usr/bin:/sbin:/bin, JAVA_HOME=/usr/lib/jvm/java-8-openjdk-amd64, NOTIFY_TO=, CA_CERTIFICATES_JAVA_VERSION=20161107~bpo8+1, MONGODB_HOST=, BUILD_ID=, LANG=C.UTF-8, MAVEN_HOME=/usr/share/maven, SMTP_SERVER=, MONGODB_NAME=, REPAIR_MODE=repair, PWD=/root/workspace/syqu22/spring-boot-shop-sample/385903701, JAVA_VERSION=8u121, GITHUB_OAUTH=, MAVEN_CMD_LINE_ARGS=/root/.m2 -B -D enforcer.skip=true -D dependency-check.skip=true -D skipITs=true -D cobertura.skip=true -D maven.repo.local=/root/./workspace/syqu22/spring-boot-shop-sample/385903701/.m2 -D rat.skip=true -D findbugs.skip=true -D skip.bower=true -D gpg.skip=true -D checkstyle.skip=true -D skip.gulp=true -D license.skip=true -D skip.npm=true test, _=/usr/bin/java, OUTPUT=, MAVEN_TERMINATE_CMD=on, MAVEN_CONFIG=/root/.m2, MAVEN_PROJECTBASEDIR=/root/workspace/syqu22/spring-boot-shop-sample/385903701, OLDPWD=/root/workspace/syqu22/spring-boot-shop-sample/385903701, LOG_FILENAME=repairnator-pipeline_2018-05-30_2329_385903701_5a77b685-d098-401d-b168-01e076b51223, RUN_ID=, HOSTNAME=cyclone1, JAVA_DEBIAN_VERSION=8u121-b13-1~bpo8+1, M2_HOME=/usr/share/maven, REPAIR_TOOLS=AssertFixer, HOME=/root, SHLVL=1, PUSH_URL=}}]
23:31:08.215 [main] DEBUG org.springframework.core.io.support.PathMatchingResourcePatternResolver - Resolved classpath location [com/syqu/shop/controller/] to resources [URL [file:/root/workspace/syqu22/spring-boot-shop-sample/385903701/target/test-classes/com/syqu/shop/controller/], URL [file:/root/workspace/syqu22/spring-boot-shop-sample/385903701/target/classes/com/syqu/shop/controller/]]
23:31:08.216 [main] DEBUG org.springframework.core.io.support.PathMatchingResourcePatternResolver - Looking for matching resources in directory tree [/root/workspace/syqu22/spring-boot-shop-sample/385903701/target/test-classes/com/syqu/shop/controller]
23:31:08.216 [main] DEBUG org.springframework.core.io.support.PathMatchingResourcePatternResolver - Searching directory [/root/workspace/syqu22/spring-boot-shop-sample/385903701/target/test-classes/com/syqu/shop/controller] for files matching pattern [/root/workspace/syqu22/spring-boot-shop-sample/385903701/target/test-classes/com/syqu/shop/controller/*.class]
23:31:08.222 [main] DEBUG org.springframework.core.io.support.PathMatchingResourcePatternResolver - Looking for matching resources in directory tree [/root/workspace/syqu22/spring-boot-shop-sample/385903701/target/classes/com/syqu/shop/controller]
23:31:08.222 [main] DEBUG org.springframework.core.io.support.PathMatchingResourcePatternResolver - Searching directory [/root/workspace/syqu22/spring-boot-shop-sample/385903701/target/classes/com/syqu/shop/controller] for files matching pattern [/root/workspace/syqu22/spring-boot-shop-sample/385903701/target/classes/com/syqu/shop/controller/*.class]
23:31:08.224 [main] DEBUG org.springframework.core.io.support.PathMatchingResourcePatternResolver - Resolved location pattern [classpath*:com/syqu/shop/controller/*.class] to resources [file [/root/workspace/syqu22/spring-boot-shop-sample/385903701/target/test-classes/com/syqu/shop/controller/CartControllerMvcTests.class], file [/root/workspace/syqu22/spring-boot-shop-sample/385903701/target/test-classes/com/syqu/shop/controller/ControllersTests.class], file [/root/workspace/syqu22/spring-boot-shop-sample/385903701/target/test-classes/com/syqu/shop/controller/HomeControllerMvcTests.class], file [/root/workspace/syqu22/spring-boot-shop-sample/385903701/target/test-classes/com/syqu/shop/controller/LoginControllerMvcTests.class], file [/root/workspace/syqu22/spring-boot-shop-sample/385903701/target/test-classes/com/syqu/shop/controller/UserControllerMvcTests.class], file [/root/workspace/syqu22/spring-boot-shop-sample/385903701/target/classes/com/syqu/shop/controller/CartController.class], file [/root/workspace/syqu22/spring-boot-shop-sample/385903701/target/classes/com/syqu/shop/controller/HomeController.class], file [/root/workspace/syqu22/spring-boot-shop-sample/385903701/target/classes/com/syqu/shop/controller/LoginController.class], file [/root/workspace/syqu22/spring-boot-shop-sample/385903701/target/classes/com/syqu/shop/controller/ProductController.class], file [/root/workspace/syqu22/spring-boot-shop-sample/385903701/target/classes/com/syqu/shop/controller/RegisterController.class], file [/root/workspace/syqu22/spring-boot-shop-sample/385903701/target/classes/com/syqu/shop/controller/UserController.class]]
23:31:08.307 [main] DEBUG org.springframework.core.io.support.PathMatchingResourcePatternResolver - Resolved classpath location [com/syqu/shop/] to resources [URL [file:/root/workspace/syqu22/spring-boot-shop-sample/385903701/target/test-classes/com/syqu/shop/], URL [file:/root/workspace/syqu22/spring-boot-shop-sample/385903701/target/classes/com/syqu/shop/]]
23:31:08.308 [main] DEBUG org.springframework.core.io.support.PathMatchingResourcePatternResolver - Looking for matching resources in directory tree [/root/workspace/syqu22/spring-boot-shop-sample/385903701/target/test-classes/com/syqu/shop]
23:31:08.309 [main] DEBUG org.springframework.core.io.support.PathMatchingResourcePatternResolver - Searching directory [/root/workspace/syqu22/spring-boot-shop-sample/385903701/target/test-classes/com/syqu/shop] for files matching pattern [/root/workspace/syqu22/spring-boot-shop-sample/385903701/target/test-classes/com/syqu/shop/*.class]
23:31:08.311 [main] DEBUG org.springframework.core.io.support.PathMatchingResourcePatternResolver - Looking for matching resources in directory tree [/root/workspace/syqu22/spring-boot-shop-sample/385903701/target/classes/com/syqu/shop]
23:31:08.311 [main] DEBUG org.springframework.core.io.support.PathMatchingResourcePatternResolver - Searching directory [/root/workspace/syqu22/spring-boot-shop-sample/385903701/target/classes/com/syqu/shop] for files matching pattern [/root/workspace/syqu22/spring-boot-shop-sample/385903701/target/classes/com/syqu/shop/*.class]
23:31:08.312 [main] DEBUG org.springframework.core.io.support.PathMatchingResourcePatternResolver - Resolved location pattern [classpath*:com/syqu/shop/*.class] to resources [file [/root/workspace/syqu22/spring-boot-shop-sample/385903701/target/test-classes/com/syqu/shop/ApplicationTests.class], file [/root/workspace/syqu22/spring-boot-shop-sample/385903701/target/classes/com/syqu/shop/Application.class], file [/root/workspace/syqu22/spring-boot-shop-sample/385903701/target/classes/com/syqu/shop/StartupData.class]]
23:31:08.370 [main] DEBUG org.springframework.context.annotation.ClassPathScanningCandidateComponentProvider - Identified candidate component class: file [/root/workspace/syqu22/spring-boot-shop-sample/385903701/target/classes/com/syqu/shop/Application.class]
23:31:08.372 [main] INFO org.springframework.boot.test.context.SpringBootTestContextBootstrapper - Found @SpringBootConfiguration com.syqu.shop.Application for test class com.syqu.shop.controller.UserControllerMvcTests
23:31:08.577 [main] DEBUG org.springframework.boot.test.context.SpringBootTestContextBootstrapper - @TestExecutionListeners is not present for class [com.syqu.shop.controller.UserControllerMvcTests]: using defaults.
23:31:08.578 [main] INFO org.springframework.boot.test.context.SpringBootTestContextBootstrapper - Loaded default TestExecutionListener class names from location [META-INF/spring.factories]: [org.springframework.boot.test.mock.mockito.MockitoTestExecutionListener, org.springframework.boot.test.mock.mockito.ResetMocksTestExecutionListener, org.springframework.boot.test.autoconfigure.restdocs.RestDocsTestExecutionListener, org.springframework.boot.test.autoconfigure.web.client.MockRestServiceServerResetTestExecutionListener, org.springframework.boot.test.autoconfigure.web.servlet.MockMvcPrintOnlyOnFailureTestExecutionListener, org.springframework.boot.test.autoconfigure.web.servlet.WebDriverTestExecutionListener, org.springframework.test.context.web.ServletTestExecutionListener, org.springframework.test.context.support.DirtiesContextBeforeModesTestExecutionListener, org.springframework.test.context.support.DependencyInjectionTestExecutionListener, org.springframework.test.context.support.DirtiesContextTestExecutionListener, org.springframework.test.context.transaction.TransactionalTestExecutionListener, org.springframework.test.context.jdbc.SqlScriptsTestExecutionListener, org.springframework.security.test.context.support.WithSecurityContextTestExecutionListener, org.springframework.security.test.context.support.ReactorContextTestExecutionListener]
23:31:08.616 [main] INFO org.springframework.boot.test.context.SpringBootTestContextBootstrapper - Using TestExecutionListeners: [org.springframework.test.context.web.ServletTestExecutionListener@3cc1435c, org.springframework.test.context.support.DirtiesContextBeforeModesTestExecutionListener@6bf0219d, org.springframework.boot.test.mock.mockito.MockitoTestExecutionListener@dd0c991, org.springframework.boot.test.autoconfigure.SpringBootDependencyInjectionTestExecutionListener@5f16132a, org.springframework.test.context.support.DirtiesContextTestExecutionListener@69fb6037, org.springframework.test.context.transaction.TransactionalTestExecutionListener@36d585c, org.springframework.test.context.jdbc.SqlScriptsTestExecutionListener@87a85e1, org.springframework.security.test.context.support.WithSecurityContextTestExecutionListener@671a5887, org.springframework.security.test.context.support.ReactorContextTestExecutionListener@5552768b, org.springframework.boot.test.mock.mockito.ResetMocksTestExecutionListener@3c947bc5, org.springframework.boot.test.autoconfigure.restdocs.RestDocsTestExecutionListener@609db43b, org.springframework.boot.test.autoconfigure.web.client.MockRestServiceServerResetTestExecutionListener@55f616cf, org.springframework.boot.test.autoconfigure.web.servlet.MockMvcPrintOnlyOnFailureTestExecutionListener@1356d4d4, org.springframework.boot.test.autoconfigure.web.servlet.WebDriverTestExecutionListener@c03cf28]
23:31:08.621 [main] DEBUG org.springframework.test.annotation.ProfileValueUtils - Retrieved @ProfileValueSourceConfiguration [null] for test class [com.syqu.shop.controller.UserControllerMvcTests]
23:31:08.622 [main] DEBUG org.springframework.test.annotation.ProfileValueUtils - Retrieved ProfileValueSource type [class org.springframework.test.annotation.SystemProfileValueSource] for class [com.syqu.shop.controller.UserControllerMvcTests]
23:31:08.625 [main] DEBUG org.springframework.test.annotation.ProfileValueUtils - Retrieved @ProfileValueSourceConfiguration [null] for test class [com.syqu.shop.controller.UserControllerMvcTests]
23:31:08.626 [main] DEBUG org.springframework.test.annotation.ProfileValueUtils - Retrieved ProfileValueSource type [class org.springframework.test.annotation.SystemProfileValueSource] for class [com.syqu.shop.controller.UserControllerMvcTests]
23:31:08.627 [main] DEBUG org.springframework.test.annotation.ProfileValueUtils - Retrieved @ProfileValueSourceConfiguration [null] for test class [com.syqu.shop.controller.UserControllerMvcTests]
23:31:08.627 [main] DEBUG org.springframework.test.annotation.ProfileValueUtils - Retrieved ProfileValueSource type [class org.springframework.test.annotation.SystemProfileValueSource] for class [com.syqu.shop.controller.UserControllerMvcTests]
23:31:08.632 [main] DEBUG org.springframework.test.context.support.AbstractDirtiesContextTestExecutionListener - Before test class: context [DefaultTestContext@3541cb24 testClass = UserControllerMvcTests, testInstance = [null], testMethod = [null], testException = [null], mergedContextConfiguration = [WebMergedContextConfiguration@2177849e testClass = UserControllerMvcTests, locations = '{}', classes = '{class com.syqu.shop.Application}', contextInitializerClasses = '[]', activeProfiles = '{}', propertySourceLocations = '{}', propertySourceProperties = '{org.springframework.boot.test.context.SpringBootTestContextBootstrapper=true}', contextCustomizers = set[org.springframework.boot.test.context.filter.ExcludeFilterContextCustomizer@32464a14, org.springframework.boot.test.json.DuplicateJsonObjectContextCustomizerFactory$DuplicateJsonObjectContextCustomizer@1efee8e7, org.springframework.boot.test.mock.mockito.MockitoContextCustomizer@ea90f06f, org.springframework.boot.test.web.client.TestRestTemplateContextCustomizer@6c3f5566, org.springframework.boot.test.autoconfigure.properties.PropertyMappingContextCustomizer@0, org.springframework.boot.test.autoconfigure.web.servlet.WebDriverContextCustomizerFactory$Customizer@1e9e725a], resourceBasePath = 'src/main/webapp', contextLoader = 'org.springframework.boot.test.context.SpringBootContextLoader', parent = [null]], attributes = map['org.springframework.test.context.web.ServletTestExecutionListener.activateListener' -> true]], class annotated with @DirtiesContext [false] with mode [null].
23:31:08.633 [main] DEBUG org.springframework.test.annotation.ProfileValueUtils - Retrieved @ProfileValueSourceConfiguration [null] for test class [com.syqu.shop.controller.UserControllerMvcTests]
23:31:08.633 [main] DEBUG org.springframework.test.annotation.ProfileValueUtils - Retrieved ProfileValueSource type [class org.springframework.test.annotation.SystemProfileValueSource] for class [com.syqu.shop.controller.UserControllerMvcTests]
23:31:08.662 [main] DEBUG org.springframework.core.env.StandardEnvironment - Adding PropertySource 'systemProperties' with lowest search precedence
23:31:08.662 [main] DEBUG org.springframework.core.env.StandardEnvironment - Adding PropertySource 'systemEnvironment' with lowest search precedence
23:31:08.662 [main] DEBUG org.springframework.core.env.StandardEnvironment - Initialized StandardEnvironment with PropertySources [MapPropertySource@1810742349 {name='systemProperties', properties={java.runtime.name=OpenJDK Runtime Environment, sun.boot.library.path=/usr/lib/jvm/java-8-openjdk-amd64/jre/lib/amd64, java.vm.version=25.121-b13, java.vm.vendor=Oracle Corporation, java.vendor.url=http://java.oracle.com/, skip.gulp=true, path.separator=:, java.vm.name=OpenJDK 64-Bit Server VM, file.encoding.pkg=sun.io, findbugs.skip=true, sun.java.launcher=SUN_STANDARD, sun.os.patch.level=unknown, java.vm.specification.name=Java Virtual Machine Specification, user.dir=/root/workspace/syqu22/spring-boot-shop-sample/385903701, checkstyle.skip=true, java.runtime.version=1.8.0_121-8u121-b13-1~bpo8+1-b13, skip.npm=true, basedir=/root/workspace/syqu22/spring-boot-shop-sample/385903701, java.awt.graphicsenv=sun.awt.X11GraphicsEnvironment, java.endorsed.dirs=/usr/lib/jvm/java-8-openjdk-amd64/jre/lib/endorsed, os.arch=amd64, surefire.real.class.path=/root/workspace/syqu22/spring-boot-shop-sample/385903701/target/surefire/surefirebooter23373847142300304.jar, gpg.skip=true, java.io.tmpdir=/tmp, line.separator=
, cobertura.skip=true, java.vm.specification.vendor=Oracle Corporation, os.name=Linux, sun.jnu.encoding=UTF-8, license.skip=true, java.library.path=/usr/java/packages/lib/amd64:/usr/lib/x86_64-linux-gnu/jni:/lib/x86_64-linux-gnu:/usr/lib/x86_64-linux-gnu:/usr/lib/jni:/lib:/usr/lib, surefire.test.class.path=/root/workspace/syqu22/spring-boot-shop-sample/385903701/target/test-classes:/root/workspace/syqu22/spring-boot-shop-sample/385903701/target/classes:/root/./workspace/syqu22/spring-boot-shop-sample/385903701/.m2/org/springframework/boot/spring-boot-starter-web/2.0.1.RELEASE/spring-boot-starter-web-2.0.1.RELEASE.jar:/root/./workspace/syqu22/spring-boot-shop-sample/385903701/.m2/org/springframework/boot/spring-boot-starter/2.0.1.RELEASE/spring-boot-starter-2.0.1.RELEASE.jar:/root/./workspace/syqu22/spring-boot-shop-sample/385903701/.m2/org/springframework/boot/spring-boot-starter-logging/2.0.1.RELEASE/spring-boot-starter-logging-2.0.1.RELEASE.jar:/root/./workspace/syqu22/spring-boot-shop-sample/385903701/.m2/ch/qos/logback/logback-classic/1.2.3/logback-classic-1.2.3.jar:/root/./workspace/syqu22/spring-boot-shop-sample/385903701/.m2/ch/qos/logback/logback-core/1.2.3/logback-core-1.2.3.jar:/root/./workspace/syqu22/spring-boot-shop-sample/385903701/.m2/org/apache/logging/log4j/log4j-to-slf4j/2.10.0/log4j-to-slf4j-2.10.0.jar:/root/./workspace/syqu22/spring-boot-shop-sample/385903701/.m2/org/apache/logging/log4j/log4j-api/2.10.0/log4j-api-2.10.0.jar:/root/./workspace/syqu22/spring-boot-shop-sample/385903701/.m2/org/slf4j/jul-to-slf4j/1.7.25/jul-to-slf4j-1.7.25.jar:/root/./workspace/syqu22/spring-boot-shop-sample/385903701/.m2/javax/annotation/javax.annotation-api/1.3.2/javax.annotation-api-1.3.2.jar:/root/./workspace/syqu22/spring-boot-shop-sample/385903701/.m2/org/yaml/snakeyaml/1.19/snakeyaml-1.19.jar:/root/./workspace/syqu22/spring-boot-shop-sample/385903701/.m2/org/springframework/boot/spring-boot-starter-json/2.0.1.RELEASE/spring-boot-starter-json-2.0.1.RELEASE.jar:/root/./workspace/syqu22/spring-boot-shop-sample/385903701/.m2/com/fasterxml/jackson/core/jackson-databind/2.9.5/jackson-databind-2.9.5.jar:/root/./workspace/syqu22/spring-boot-shop-sample/385903701/.m2/com/fasterxml/jackson/core/jackson-core/2.9.5/jackson-core-2.9.5.jar:/root/./workspace/syqu22/spring-boot-shop-sample/385903701/.m2/com/fasterxml/jackson/datatype/jackson-datatype-jdk8/2.9.5/jackson-datatype-jdk8-2.9.5.jar:/root/./workspace/syqu22/spring-boot-shop-sample/385903701/.m2/com/fasterxml/jackson/datatype/jackson-datatype-jsr310/2.9.5/jackson-datatype-jsr310-2.9.5.jar:/root/./workspace/syqu22/spring-boot-shop-sample/385903701/.m2/com/fasterxml/jackson/module/jackson-module-parameter-names/2.9.5/jackson-module-parameter-names-2.9.5.jar:/root/./workspace/syqu22/spring-boot-shop-sample/385903701/.m2/org/springframework/boot/spring-boot-starter-tomcat/2.0.1.RELEASE/spring-boot-starter-tomcat-2.0.1.RELEASE.jar:/root/./workspace/syqu22/spring-boot-shop-sample/385903701/.m2/org/apache/tomcat/embed/tomcat-embed-core/8.5.29/tomcat-embed-core-8.5.29.jar:/root/./workspace/syqu22/spring-boot-shop-sample/385903701/.m2/org/apache/tomcat/embed/tomcat-embed-el/8.5.29/tomcat-embed-el-8.5.29.jar:/root/./workspace/syqu22/spring-boot-shop-sample/385903701/.m2/org/apache/tomcat/embed/tomcat-embed-websocket/8.5.29/tomcat-embed-websocket-8.5.29.jar:/root/./workspace/syqu22/spring-boot-shop-sample/385903701/.m2/org/hibernate/validator/hibernate-validator/6.0.9.Final/hibernate-validator-6.0.9.Final.jar:/root/./workspace/syqu22/spring-boot-shop-sample/385903701/.m2/javax/validation/validation-api/2.0.1.Final/validation-api-2.0.1.Final.jar:/root/./workspace/syqu22/spring-boot-shop-sample/385903701/.m2/org/jboss/logging/jboss-logging/3.3.2.Final/jboss-logging-3.3.2.Final.jar:/root/./workspace/syqu22/spring-boot-shop-sample/385903701/.m2/com/fasterxml/classmate/1.3.4/classmate-1.3.4.jar:/root/./workspace/syqu22/spring-boot-shop-sample/385903701/.m2/org/springframework/spring-web/5.0.5.RELEASE/spring-web-5.0.5.RELEASE.jar:/root/./workspace/syqu22/spring-boot-shop-sample/385903701/.m2/org/springframework/spring-beans/5.0.5.RELEASE/spring-beans-5.0.5.RELEASE.jar:/root/./workspace/syqu22/spring-boot-shop-sample/385903701/.m2/org/springframework/spring-webmvc/5.0.5.RELEASE/spring-webmvc-5.0.5.RELEASE.jar:/root/./workspace/syqu22/spring-boot-shop-sample/385903701/.m2/org/springframework/spring-expression/5.0.5.RELEASE/spring-expression-5.0.5.RELEASE.jar:/root/./workspace/syqu22/spring-boot-shop-sample/385903701/.m2/org/springframework/boot/spring-boot-starter-security/2.0.1.RELEASE/spring-boot-starter-security-2.0.1.RELEASE.jar:/root/./workspace/syqu22/spring-boot-shop-sample/385903701/.m2/org/springframework/spring-aop/5.0.5.RELEASE/spring-aop-5.0.5.RELEASE.jar:/root/./workspace/syqu22/spring-boot-shop-sample/385903701/.m2/org/springframework/security/spring-security-config/5.0.4.RELEASE/spring-security-config-5.0.4.RELEASE.jar:/root/./workspace/syqu22/spring-boot-shop-sample/385903701/.m2/org/springframework/security/spring-security-web/5.0.4.RELEASE/spring-security-web-5.0.4.RELEASE.jar:/root/./workspace/syqu22/spring-boot-shop-sample/385903701/.m2/org/springframework/boot/spring-boot-starter-data-jpa/2.0.1.RELEASE/spring-boot-starter-data-jpa-2.0.1.RELEASE.jar:/root/./workspace/syqu22/spring-boot-shop-sample/385903701/.m2/org/springframework/boot/spring-boot-starter-aop/2.0.1.RELEASE/spring-boot-starter-aop-2.0.1.RELEASE.jar:/root/./workspace/syqu22/spring-boot-shop-sample/385903701/.m2/org/aspectj/aspectjweaver/1.8.13/aspectjweaver-1.8.13.jar:/root/./workspace/syqu22/spring-boot-shop-sample/385903701/.m2/org/springframework/boot/spring-boot-starter-jdbc/2.0.1.RELEASE/spring-boot-starter-jdbc-2.0.1.RELEASE.jar:/root/./workspace/syqu22/spring-boot-shop-sample/385903701/.m2/com/zaxxer/HikariCP/2.7.8/HikariCP-2.7.8.jar:/root/./workspace/syqu22/spring-boot-shop-sample/385903701/.m2/org/springframework/spring-jdbc/5.0.5.RELEASE/spring-jdbc-5.0.5.RELEASE.jar:/root/./workspace/syqu22/spring-boot-shop-sample/385903701/.m2/org/hibernate/hibernate-core/5.2.16.Final/hibernate-core-5.2.16.Final.jar:/root/./workspace/syqu22/spring-boot-shop-sample/385903701/.m2/org/hibernate/javax/persistence/hibernate-jpa-2.1-api/1.0.0.Final/hibernate-jpa-2.1-api-1.0.0.Final.jar:/root/./workspace/syqu22/spring-boot-shop-sample/385903701/.m2/org/javassist/javassist/3.22.0-GA/javassist-3.22.0-GA.jar:/root/./workspace/syqu22/spring-boot-shop-sample/385903701/.m2/antlr/antlr/2.7.7/antlr-2.7.7.jar:/root/./workspace/syqu22/spring-boot-shop-sample/385903701/.m2/org/jboss/jandex/2.0.3.Final/jandex-2.0.3.Final.jar:/root/./workspace/syqu22/spring-boot-shop-sample/385903701/.m2/dom4j/dom4j/1.6.1/dom4j-1.6.1.jar:/root/./workspace/syqu22/spring-boot-shop-sample/385903701/.m2/org/hibernate/common/hibernate-commons-annotations/5.0.1.Final/hibernate-commons-annotations-5.0.1.Final.jar:/root/./workspace/syqu22/spring-boot-shop-sample/385903701/.m2/javax/transaction/javax.transaction-api/1.2/javax.transaction-api-1.2.jar:/root/./workspace/syqu22/spring-boot-shop-sample/385903701/.m2/org/springframework/data/spring-data-jpa/2.0.6.RELEASE/spring-data-jpa-2.0.6.RELEASE.jar:/root/./workspace/syqu22/spring-boot-shop-sample/385903701/.m2/org/springframework/data/spring-data-commons/2.0.6.RELEASE/spring-data-commons-2.0.6.RELEASE.jar:/root/./workspace/syqu22/spring-boot-shop-sample/385903701/.m2/org/springframework/spring-orm/5.0.5.RELEASE/spring-orm-5.0.5.RELEASE.jar:/root/./workspace/syqu22/spring-boot-shop-sample/385903701/.m2/org/springframework/spring-tx/5.0.5.RELEASE/spring-tx-5.0.5.RELEASE.jar:/root/./workspace/syqu22/spring-boot-shop-sample/385903701/.m2/org/springframework/spring-aspects/5.0.5.RELEASE/spring-aspects-5.0.5.RELEASE.jar:/root/./workspace/syqu22/spring-boot-shop-sample/385903701/.m2/org/springframework/boot/spring-boot-starter-data-rest/2.0.1.RELEASE/spring-boot-starter-data-rest-2.0.1.RELEASE.jar:/root/./workspace/syqu22/spring-boot-shop-sample/385903701/.m2/org/springframework/data/spring-data-rest-webmvc/3.0.6.RELEASE/spring-data-rest-webmvc-3.0.6.RELEASE.jar:/root/./workspace/syqu22/spring-boot-shop-sample/385903701/.m2/org/springframework/data/spring-data-rest-core/3.0.6.RELEASE/spring-data-rest-core-3.0.6.RELEASE.jar:/root/./workspace/syqu22/spring-boot-shop-sample/385903701/.m2/org/springframework/hateoas/spring-hateoas/0.24.0.RELEASE/spring-hateoas-0.24.0.RELEASE.jar:/root/./workspace/syqu22/spring-boot-shop-sample/385903701/.m2/org/springframework/plugin/spring-plugin-core/1.2.0.RELEASE/spring-plugin-core-1.2.0.RELEASE.jar:/root/./workspace/syqu22/spring-boot-shop-sample/385903701/.m2/org/atteo/evo-inflector/1.2.2/evo-inflector-1.2.2.jar:/root/./workspace/syqu22/spring-boot-shop-sample/385903701/.m2/com/fasterxml/jackson/core/jackson-annotations/2.9.0/jackson-annotations-2.9.0.jar:/root/./workspace/syqu22/spring-boot-shop-sample/385903701/.m2/com/h2database/h2/1.4.197/h2-1.4.197.jar:/root/./workspace/syqu22/spring-boot-shop-sample/385903701/.m2/org/springframework/boot/spring-boot-starter-thymeleaf/2.0.1.RELEASE/spring-boot-starter-thymeleaf-2.0.1.RELEASE.jar:/root/./workspace/syqu22/spring-boot-shop-sample/385903701/.m2/org/thymeleaf/thymeleaf-spring5/3.0.9.RELEASE/thymeleaf-spring5-3.0.9.RELEASE.jar:/root/./workspace/syqu22/spring-boot-shop-sample/385903701/.m2/org/thymeleaf/thymeleaf/3.0.9.RELEASE/thymeleaf-3.0.9.RELEASE.jar:/root/./workspace/syqu22/spring-boot-shop-sample/385903701/.m2/org/attoparser/attoparser/2.0.4.RELEASE/attoparser-2.0.4.RELEASE.jar:/root/./workspace/syqu22/spring-boot-shop-sample/385903701/.m2/org/unbescape/unbescape/1.1.5.RELEASE/unbescape-1.1.5.RELEASE.jar:/root/./workspace/syqu22/spring-boot-shop-sample/385903701/.m2/org/thymeleaf/extras/thymeleaf-extras-java8time/3.0.1.RELEASE/thymeleaf-extras-java8time-3.0.1.RELEASE.jar:/root/./workspace/syqu22/spring-boot-shop-sample/385903701/.m2/org/thymeleaf/extras/thymeleaf-extras-springsecurity4/3.0.2.RELEASE/thymeleaf-extras-springsecurity4-3.0.2.RELEASE.jar:/root/./workspace/syqu22/spring-boot-shop-sample/385903701/.m2/org/slf4j/slf4j-api/1.7.25/slf4j-api-1.7.25.jar:/root/./workspace/syqu22/spring-boot-shop-sample/385903701/.m2/org/springframework/boot/spring-boot-devtools/2.0.1.RELEASE/spring-boot-devtools-2.0.1.RELEASE.jar:/root/./workspace/syqu22/spring-boot-shop-sample/385903701/.m2/org/springframework/boot/spring-boot/2.0.1.RELEASE/spring-boot-2.0.1.RELEASE.jar:/root/./workspace/syqu22/spring-boot-shop-sample/385903701/.m2/org/springframework/boot/spring-boot-autoconfigure/2.0.1.RELEASE/spring-boot-autoconfigure-2.0.1.RELEASE.jar:/root/./workspace/syqu22/spring-boot-shop-sample/385903701/.m2/org/springframework/boot/spring-boot-actuator/2.0.1.RELEASE/spring-boot-actuator-2.0.1.RELEASE.jar:/root/./workspace/syqu22/spring-boot-shop-sample/385903701/.m2/org/springframework/boot/spring-boot-starter-mail/2.0.1.RELEASE/spring-boot-starter-mail-2.0.1.RELEASE.jar:/root/./workspace/syqu22/spring-boot-shop-sample/385903701/.m2/org/springframework/spring-context/5.0.5.RELEASE/spring-context-5.0.5.RELEASE.jar:/root/./workspace/syqu22/spring-boot-shop-sample/385903701/.m2/org/springframework/spring-context-support/5.0.5.RELEASE/spring-context-support-5.0.5.RELEASE.jar:/root/./workspace/syqu22/spring-boot-shop-sample/385903701/.m2/com/sun/mail/javax.mail/1.6.1/javax.mail-1.6.1.jar:/root/./workspace/syqu22/spring-boot-shop-sample/385903701/.m2/javax/activation/activation/1.1/activation-1.1.jar:/root/./workspace/syqu22/spring-boot-shop-sample/385903701/.m2/org/springframework/boot/spring-boot-starter-test/2.0.1.RELEASE/spring-boot-starter-test-2.0.1.RELEASE.jar:/root/./workspace/syqu22/spring-boot-shop-sample/385903701/.m2/org/springframework/boot/spring-boot-test/2.0.1.RELEASE/spring-boot-test-2.0.1.RELEASE.jar:/root/./workspace/syqu22/spring-boot-shop-sample/385903701/.m2/org/springframework/boot/spring-boot-test-autoconfigure/2.0.1.RELEASE/spring-boot-test-autoconfigure-2.0.1.RELEASE.jar:/root/./workspace/syqu22/spring-boot-shop-sample/385903701/.m2/com/jayway/jsonpath/json-path/2.4.0/json-path-2.4.0.jar:/root/./workspace/syqu22/spring-boot-shop-sample/385903701/.m2/net/minidev/json-smart/2.3/json-smart-2.3.jar:/root/./workspace/syqu22/spring-boot-shop-sample/385903701/.m2/net/minidev/accessors-smart/1.2/accessors-smart-1.2.jar:/root/./workspace/syqu22/spring-boot-shop-sample/385903701/.m2/org/ow2/asm/asm/5.0.4/asm-5.0.4.jar:/root/./workspace/syqu22/spring-boot-shop-sample/385903701/.m2/junit/junit/4.12/junit-4.12.jar:/root/./workspace/syqu22/spring-boot-shop-sample/385903701/.m2/org/assertj/assertj-core/3.9.1/assertj-core-3.9.1.jar:/root/./workspace/syqu22/spring-boot-shop-sample/385903701/.m2/org/mockito/mockito-core/2.15.0/mockito-core-2.15.0.jar:/root/./workspace/syqu22/spring-boot-shop-sample/385903701/.m2/net/bytebuddy/byte-buddy/1.7.11/byte-buddy-1.7.11.jar:/root/./workspace/syqu22/spring-boot-shop-sample/385903701/.m2/net/bytebuddy/byte-buddy-agent/1.7.11/byte-buddy-agent-1.7.11.jar:/root/./workspace/syqu22/spring-boot-shop-sample/385903701/.m2/org/objenesis/objenesis/2.6/objenesis-2.6.jar:/root/./workspace/syqu22/spring-boot-shop-sample/385903701/.m2/org/hamcrest/hamcrest-core/1.3/hamcrest-core-1.3.jar:/root/./workspace/syqu22/spring-boot-shop-sample/385903701/.m2/org/hamcrest/hamcrest-library/1.3/hamcrest-library-1.3.jar:/root/./workspace/syqu22/spring-boot-shop-sample/385903701/.m2/org/skyscreamer/jsonassert/1.5.0/jsonassert-1.5.0.jar:/root/./workspace/syqu22/spring-boot-shop-sample/385903701/.m2/com/vaadin/external/google/android-json/0.0.20131108.vaadin1/android-json-0.0.20131108.vaadin1.jar:/root/./workspace/syqu22/spring-boot-shop-sample/385903701/.m2/org/springframework/spring-core/5.0.5.RELEASE/spring-core-5.0.5.RELEASE.jar:/root/./workspace/syqu22/spring-boot-shop-sample/385903701/.m2/org/springframework/spring-jcl/5.0.5.RELEASE/spring-jcl-5.0.5.RELEASE.jar:/root/./workspace/syqu22/spring-boot-shop-sample/385903701/.m2/org/springframework/spring-test/5.0.5.RELEASE/spring-test-5.0.5.RELEASE.jar:/root/./workspace/syqu22/spring-boot-shop-sample/385903701/.m2/org/xmlunit/xmlunit-core/2.5.1/xmlunit-core-2.5.1.jar:/root/./workspace/syqu22/spring-boot-shop-sample/385903701/.m2/org/springframework/security/spring-security-test/5.0.4.RELEASE/spring-security-test-5.0.4.RELEASE.jar:/root/./workspace/syqu22/spring-boot-shop-sample/385903701/.m2/org/springframework/security/spring-security-core/5.0.4.RELEASE/spring-security-core-5.0.4.RELEASE.jar:/root/./workspace/syqu22/spring-boot-shop-sample/385903701/.m2/org/webjars/bootstrap/4.1.0/bootstrap-4.1.0.jar:/root/./workspace/syqu22/spring-boot-shop-sample/385903701/.m2/org/webjars/popper.js/1.14.1/popper.js-1.14.1.jar:/root/./workspace/syqu22/spring-boot-shop-sample/385903701/.m2/org/webjars/font-awesome/5.0.10/font-awesome-5.0.10.jar:/root/./workspace/syqu22/spring-boot-shop-sample/385903701/.m2/org/webjars/jquery/3.3.1-1/jquery-3.3.1-1.jar:, java.specification.name=Java Platform API Specification, java.class.version=52.0, skip.bower=true, sun.management.compiler=HotSpot 64-Bit Tiered Compilers, maven.repo.local=/root/./workspace/syqu22/spring-boot-shop-sample/385903701/.m2, os.version=3.10.0-862.3.2.el7.x86_64, user.home=/root, user.timezone=Europe/Paris, java.awt.printerjob=sun.print.PSPrinterJob, file.encoding=UTF-8, java.specification.version=1.8, java.class.path=/root/workspace/syqu22/spring-boot-shop-sample/385903701/target/test-classes:/root/workspace/syqu22/spring-boot-shop-sample/385903701/target/classes:/root/./workspace/syqu22/spring-boot-shop-sample/385903701/.m2/org/springframework/boot/spring-boot-starter-web/2.0.1.RELEASE/spring-boot-starter-web-2.0.1.RELEASE.jar:/root/./workspace/syqu22/spring-boot-shop-sample/385903701/.m2/org/springframework/boot/spring-boot-starter/2.0.1.RELEASE/spring-boot-starter-2.0.1.RELEASE.jar:/root/./workspace/syqu22/spring-boot-shop-sample/385903701/.m2/org/springframework/boot/spring-boot-starter-logging/2.0.1.RELEASE/spring-boot-starter-logging-2.0.1.RELEASE.jar:/root/./workspace/syqu22/spring-boot-shop-sample/385903701/.m2/ch/qos/logback/logback-classic/1.2.3/logback-classic-1.2.3.jar:/root/./workspace/syqu22/spring-boot-shop-sample/385903701/.m2/ch/qos/logback/logback-core/1.2.3/logback-core-1.2.3.jar:/root/./workspace/syqu22/spring-boot-shop-sample/385903701/.m2/org/apache/logging/log4j/log4j-to-slf4j/2.10.0/log4j-to-slf4j-2.10.0.jar:/root/./workspace/syqu22/spring-boot-shop-sample/385903701/.m2/org/apache/logging/log4j/log4j-api/2.10.0/log4j-api-2.10.0.jar:/root/./workspace/syqu22/spring-boot-shop-sample/385903701/.m2/org/slf4j/jul-to-slf4j/1.7.25/jul-to-slf4j-1.7.25.jar:/root/./workspace/syqu22/spring-boot-shop-sample/385903701/.m2/javax/annotation/javax.annotation-api/1.3.2/javax.annotation-api-1.3.2.jar:/root/./workspace/syqu22/spring-boot-shop-sample/385903701/.m2/org/yaml/snakeyaml/1.19/snakeyaml-1.19.jar:/root/./workspace/syqu22/spring-boot-shop-sample/385903701/.m2/org/springframework/boot/spring-boot-starter-json/2.0.1.RELEASE/spring-boot-starter-json-2.0.1.RELEASE.jar:/root/./workspace/syqu22/spring-boot-shop-sample/385903701/.m2/com/fasterxml/jackson/core/jackson-databind/2.9.5/jackson-databind-2.9.5.jar:/root/./workspace/syqu22/spring-boot-shop-sample/385903701/.m2/com/fasterxml/jackson/core/jackson-core/2.9.5/jackson-core-2.9.5.jar:/root/./workspace/syqu22/spring-boot-shop-sample/385903701/.m2/com/fasterxml/jackson/datatype/jackson-datatype-jdk8/2.9.5/jackson-datatype-jdk8-2.9.5.jar:/root/./workspace/syqu22/spring-boot-shop-sample/385903701/.m2/com/fasterxml/jackson/datatype/jackson-datatype-jsr310/2.9.5/jackson-datatype-jsr310-2.9.5.jar:/root/./workspace/syqu22/spring-boot-shop-sample/385903701/.m2/com/fasterxml/jackson/module/jackson-module-parameter-names/2.9.5/jackson-module-parameter-names-2.9.5.jar:/root/./workspace/syqu22/spring-boot-shop-sample/385903701/.m2/org/springframework/boot/spring-boot-starter-tomcat/2.0.1.RELEASE/spring-boot-starter-tomcat-2.0.1.RELEASE.jar:/root/./workspace/syqu22/spring-boot-shop-sample/385903701/.m2/org/apache/tomcat/embed/tomcat-embed-core/8.5.29/tomcat-embed-core-8.5.29.jar:/root/./workspace/syqu22/spring-boot-shop-sample/385903701/.m2/org/apache/tomcat/embed/tomcat-embed-el/8.5.29/tomcat-embed-el-8.5.29.jar:/root/./workspace/syqu22/spring-boot-shop-sample/385903701/.m2/org/apache/tomcat/embed/tomcat-embed-websocket/8.5.29/tomcat-embed-websocket-8.5.29.jar:/root/./workspace/syqu22/spring-boot-shop-sample/385903701/.m2/org/hibernate/validator/hibernate-validator/6.0.9.Final/hibernate-validator-6.0.9.Final.jar:/root/./workspace/syqu22/spring-boot-shop-sample/385903701/.m2/javax/validation/validation-api/2.0.1.Final/validation-api-2.0.1.Final.jar:/root/./workspace/syqu22/spring-boot-shop-sample/385903701/.m2/org/jboss/logging/jboss-logging/3.3.2.Final/jboss-logging-3.3.2.Final.jar:/root/./workspace/syqu22/spring-boot-shop-sample/385903701/.m2/com/fasterxml/classmate/1.3.4/classmate-1.3.4.jar:/root/./workspace/syqu22/spring-boot-shop-sample/385903701/.m2/org/springframework/spring-web/5.0.5.RELEASE/spring-web-5.0.5.RELEASE.jar:/root/./workspace/syqu22/spring-boot-shop-sample/385903701/.m2/org/springframework/spring-beans/5.0.5.RELEASE/spring-beans-5.0.5.RELEASE.jar:/root/./workspace/syqu22/spring-boot-shop-sample/385903701/.m2/org/springframework/spring-webmvc/5.0.5.RELEASE/spring-webmvc-5.0.5.RELEASE.jar:/root/./workspace/syqu22/spring-boot-shop-sample/385903701/.m2/org/springframework/spring-expression/5.0.5.RELEASE/spring-expression-5.0.5.RELEASE.jar:/root/./workspace/syqu22/spring-boot-shop-sample/385903701/.m2/org/springframework/boot/spring-boot-starter-security/2.0.1.RELEASE/spring-boot-starter-security-2.0.1.RELEASE.jar:/root/./workspace/syqu22/spring-boot-shop-sample/385903701/.m2/org/springframework/spring-aop/5.0.5.RELEASE/spring-aop-5.0.5.RELEASE.jar:/root/./workspace/syqu22/spring-boot-shop-sample/385903701/.m2/org/springframework/security/spring-security-config/5.0.4.RELEASE/spring-security-config-5.0.4.RELEASE.jar:/root/./workspace/syqu22/spring-boot-shop-sample/385903701/.m2/org/springframework/security/spring-security-web/5.0.4.RELEASE/spring-security-web-5.0.4.RELEASE.jar:/root/./workspace/syqu22/spring-boot-shop-sample/385903701/.m2/org/springframework/boot/spring-boot-starter-data-jpa/2.0.1.RELEASE/spring-boot-starter-data-jpa-2.0.1.RELEASE.jar:/root/./workspace/syqu22/spring-boot-shop-sample/385903701/.m2/org/springframework/boot/spring-boot-starter-aop/2.0.1.RELEASE/spring-boot-starter-aop-2.0.1.RELEASE.jar:/root/./workspace/syqu22/spring-boot-shop-sample/385903701/.m2/org/aspectj/aspectjweaver/1.8.13/aspectjweaver-1.8.13.jar:/root/./workspace/syqu22/spring-boot-shop-sample/385903701/.m2/org/springframework/boot/spring-boot-starter-jdbc/2.0.1.RELEASE/spring-boot-starter-jdbc-2.0.1.RELEASE.jar:/root/./workspace/syqu22/spring-boot-shop-sample/385903701/.m2/com/zaxxer/HikariCP/2.7.8/HikariCP-2.7.8.jar:/root/./workspace/syqu22/spring-boot-shop-sample/385903701/.m2/org/springframework/spring-jdbc/5.0.5.RELEASE/spring-jdbc-5.0.5.RELEASE.jar:/root/./workspace/syqu22/spring-boot-shop-sample/385903701/.m2/org/hibernate/hibernate-core/5.2.16.Final/hibernate-core-5.2.16.Final.jar:/root/./workspace/syqu22/spring-boot-shop-sample/385903701/.m2/org/hibernate/javax/persistence/hibernate-jpa-2.1-api/1.0.0.Final/hibernate-jpa-2.1-api-1.0.0.Final.jar:/root/./workspace/syqu22/spring-boot-shop-sample/385903701/.m2/org/javassist/javassist/3.22.0-GA/javassist-3.22.0-GA.jar:/root/./workspace/syqu22/spring-boot-shop-sample/385903701/.m2/antlr/antlr/2.7.7/antlr-2.7.7.jar:/root/./workspace/syqu22/spring-boot-shop-sample/385903701/.m2/org/jboss/jandex/2.0.3.Final/jandex-2.0.3.Final.jar:/root/./workspace/syqu22/spring-boot-shop-sample/385903701/.m2/dom4j/dom4j/1.6.1/dom4j-1.6.1.jar:/root/./workspace/syqu22/spring-boot-shop-sample/385903701/.m2/org/hibernate/common/hibernate-commons-annotations/5.0.1.Final/hibernate-commons-annotations-5.0.1.Final.jar:/root/./workspace/syqu22/spring-boot-shop-sample/385903701/.m2/javax/transaction/javax.transaction-api/1.2/javax.transaction-api-1.2.jar:/root/./workspace/syqu22/spring-boot-shop-sample/385903701/.m2/org/springframework/data/spring-data-jpa/2.0.6.RELEASE/spring-data-jpa-2.0.6.RELEASE.jar:/root/./workspace/syqu22/spring-boot-shop-sample/385903701/.m2/org/springframework/data/spring-data-commons/2.0.6.RELEASE/spring-data-commons-2.0.6.RELEASE.jar:/root/./workspace/syqu22/spring-boot-shop-sample/385903701/.m2/org/springframework/spring-orm/5.0.5.RELEASE/spring-orm-5.0.5.RELEASE.jar:/root/./workspace/syqu22/spring-boot-shop-sample/385903701/.m2/org/springframework/spring-tx/5.0.5.RELEASE/spring-tx-5.0.5.RELEASE.jar:/root/./workspace/syqu22/spring-boot-shop-sample/385903701/.m2/org/springframework/spring-aspects/5.0.5.RELEASE/spring-aspects-5.0.5.RELEASE.jar:/root/./workspace/syqu22/spring-boot-shop-sample/385903701/.m2/org/springframework/boot/spring-boot-starter-data-rest/2.0.1.RELEASE/spring-boot-starter-data-rest-2.0.1.RELEASE.jar:/root/./workspace/syqu22/spring-boot-shop-sample/385903701/.m2/org/springframework/data/spring-data-rest-webmvc/3.0.6.RELEASE/spring-data-rest-webmvc-3.0.6.RELEASE.jar:/root/./workspace/syqu22/spring-boot-shop-sample/385903701/.m2/org/springframework/data/spring-data-rest-core/3.0.6.RELEASE/spring-data-rest-core-3.0.6.RELEASE.jar:/root/./workspace/syqu22/spring-boot-shop-sample/385903701/.m2/org/springframework/hateoas/spring-hateoas/0.24.0.RELEASE/spring-hateoas-0.24.0.RELEASE.jar:/root/./workspace/syqu22/spring-boot-shop-sample/385903701/.m2/org/springframework/plugin/spring-plugin-core/1.2.0.RELEASE/spring-plugin-core-1.2.0.RELEASE.jar:/root/./workspace/syqu22/spring-boot-shop-sample/385903701/.m2/org/atteo/evo-inflector/1.2.2/evo-inflector-1.2.2.jar:/root/./workspace/syqu22/spring-boot-shop-sample/385903701/.m2/com/fasterxml/jackson/core/jackson-annotations/2.9.0/jackson-annotations-2.9.0.jar:/root/./workspace/syqu22/spring-boot-shop-sample/385903701/.m2/com/h2database/h2/1.4.197/h2-1.4.197.jar:/root/./workspace/syqu22/spring-boot-shop-sample/385903701/.m2/org/springframework/boot/spring-boot-starter-thymeleaf/2.0.1.RELEASE/spring-boot-starter-thymeleaf-2.0.1.RELEASE.jar:/root/./workspace/syqu22/spring-boot-shop-sample/385903701/.m2/org/thymeleaf/thymeleaf-spring5/3.0.9.RELEASE/thymeleaf-spring5-3.0.9.RELEASE.jar:/root/./workspace/syqu22/spring-boot-shop-sample/385903701/.m2/org/thymeleaf/thymeleaf/3.0.9.RELEASE/thymeleaf-3.0.9.RELEASE.jar:/root/./workspace/syqu22/spring-boot-shop-sample/385903701/.m2/org/attoparser/attoparser/2.0.4.RELEASE/attoparser-2.0.4.RELEASE.jar:/root/./workspace/syqu22/spring-boot-shop-sample/385903701/.m2/org/unbescape/unbescape/1.1.5.RELEASE/unbescape-1.1.5.RELEASE.jar:/root/./workspace/syqu22/spring-boot-shop-sample/385903701/.m2/org/thymeleaf/extras/thymeleaf-extras-java8time/3.0.1.RELEASE/thymeleaf-extras-java8time-3.0.1.RELEASE.jar:/root/./workspace/syqu22/spring-boot-shop-sample/385903701/.m2/org/thymeleaf/extras/thymeleaf-extras-springsecurity4/3.0.2.RELEASE/thymeleaf-extras-springsecurity4-3.0.2.RELEASE.jar:/root/./workspace/syqu22/spring-boot-shop-sample/385903701/.m2/org/slf4j/slf4j-api/1.7.25/slf4j-api-1.7.25.jar:/root/./workspace/syqu22/spring-boot-shop-sample/385903701/.m2/org/springframework/boot/spring-boot-devtools/2.0.1.RELEASE/spring-boot-devtools-2.0.1.RELEASE.jar:/root/./workspace/syqu22/spring-boot-shop-sample/385903701/.m2/org/springframework/boot/spring-boot/2.0.1.RELEASE/spring-boot-2.0.1.RELEASE.jar:/root/./workspace/syqu22/spring-boot-shop-sample/385903701/.m2/org/springframework/boot/spring-boot-autoconfigure/2.0.1.RELEASE/spring-boot-autoconfigure-2.0.1.RELEASE.jar:/root/./workspace/syqu22/spring-boot-shop-sample/385903701/.m2/org/springframework/boot/spring-boot-actuator/2.0.1.RELEASE/spring-boot-actuator-2.0.1.RELEASE.jar:/root/./workspace/syqu22/spring-boot-shop-sample/385903701/.m2/org/springframework/boot/spring-boot-starter-mail/2.0.1.RELEASE/spring-boot-starter-mail-2.0.1.RELEASE.jar:/root/./workspace/syqu22/spring-boot-shop-sample/385903701/.m2/org/springframework/spring-context/5.0.5.RELEASE/spring-context-5.0.5.RELEASE.jar:/root/./workspace/syqu22/spring-boot-shop-sample/385903701/.m2/org/springframework/spring-context-support/5.0.5.RELEASE/spring-context-support-5.0.5.RELEASE.jar:/root/./workspace/syqu22/spring-boot-shop-sample/385903701/.m2/com/sun/mail/javax.mail/1.6.1/javax.mail-1.6.1.jar:/root/./workspace/syqu22/spring-boot-shop-sample/385903701/.m2/javax/activation/activation/1.1/activation-1.1.jar:/root/./workspace/syqu22/spring-boot-shop-sample/385903701/.m2/org/springframework/boot/spring-boot-starter-test/2.0.1.RELEASE/spring-boot-starter-test-2.0.1.RELEASE.jar:/root/./workspace/syqu22/spring-boot-shop-sample/385903701/.m2/org/springframework/boot/spring-boot-test/2.0.1.RELEASE/spring-boot-test-2.0.1.RELEASE.jar:/root/./workspace/syqu22/spring-boot-shop-sample/385903701/.m2/org/springframework/boot/spring-boot-test-autoconfigure/2.0.1.RELEASE/spring-boot-test-autoconfigure-2.0.1.RELEASE.jar:/root/./workspace/syqu22/spring-boot-shop-sample/385903701/.m2/com/jayway/jsonpath/json-path/2.4.0/json-path-2.4.0.jar:/root/./workspace/syqu22/spring-boot-shop-sample/385903701/.m2/net/minidev/json-smart/2.3/json-smart-2.3.jar:/root/./workspace/syqu22/spring-boot-shop-sample/385903701/.m2/net/minidev/accessors-smart/1.2/accessors-smart-1.2.jar:/root/./workspace/syqu22/spring-boot-shop-sample/385903701/.m2/org/ow2/asm/asm/5.0.4/asm-5.0.4.jar:/root/./workspace/syqu22/spring-boot-shop-sample/385903701/.m2/junit/junit/4.12/junit-4.12.jar:/root/./workspace/syqu22/spring-boot-shop-sample/385903701/.m2/org/assertj/assertj-core/3.9.1/assertj-core-3.9.1.jar:/root/./workspace/syqu22/spring-boot-shop-sample/385903701/.m2/org/mockito/mockito-core/2.15.0/mockito-core-2.15.0.jar:/root/./workspace/syqu22/spring-boot-shop-sample/385903701/.m2/net/bytebuddy/byte-buddy/1.7.11/byte-buddy-1.7.11.jar:/root/./workspace/syqu22/spring-boot-shop-sample/385903701/.m2/net/bytebuddy/byte-buddy-agent/1.7.11/byte-buddy-agent-1.7.11.jar:/root/./workspace/syqu22/spring-boot-shop-sample/385903701/.m2/org/objenesis/objenesis/2.6/objenesis-2.6.jar:/root/./workspace/syqu22/spring-boot-shop-sample/385903701/.m2/org/hamcrest/hamcrest-core/1.3/hamcrest-core-1.3.jar:/root/./workspace/syqu22/spring-boot-shop-sample/385903701/.m2/org/hamcrest/hamcrest-library/1.3/hamcrest-library-1.3.jar:/root/./workspace/syqu22/spring-boot-shop-sample/385903701/.m2/org/skyscreamer/jsonassert/1.5.0/jsonassert-1.5.0.jar:/root/./workspace/syqu22/spring-boot-shop-sample/385903701/.m2/com/vaadin/external/google/android-json/0.0.20131108.vaadin1/android-json-0.0.20131108.vaadin1.jar:/root/./workspace/syqu22/spring-boot-shop-sample/385903701/.m2/org/springframework/spring-core/5.0.5.RELEASE/spring-core-5.0.5.RELEASE.jar:/root/./workspace/syqu22/spring-boot-shop-sample/385903701/.m2/org/springframework/spring-jcl/5.0.5.RELEASE/spring-jcl-5.0.5.RELEASE.jar:/root/./workspace/syqu22/spring-boot-shop-sample/385903701/.m2/org/springframework/spring-test/5.0.5.RELEASE/spring-test-5.0.5.RELEASE.jar:/root/./workspace/syqu22/spring-boot-shop-sample/385903701/.m2/org/xmlunit/xmlunit-core/2.5.1/xmlunit-core-2.5.1.jar:/root/./workspace/syqu22/spring-boot-shop-sample/385903701/.m2/org/springframework/security/spring-security-test/5.0.4.RELEASE/spring-security-test-5.0.4.RELEASE.jar:/root/./workspace/syqu22/spring-boot-shop-sample/385903701/.m2/org/springframework/security/spring-security-core/5.0.4.RELEASE/spring-security-core-5.0.4.RELEASE.jar:/root/./workspace/syqu22/spring-boot-shop-sample/385903701/.m2/org/webjars/bootstrap/4.1.0/bootstrap-4.1.0.jar:/root/./workspace/syqu22/spring-boot-shop-sample/385903701/.m2/org/webjars/popper.js/1.14.1/popper.js-1.14.1.jar:/root/./workspace/syqu22/spring-boot-shop-sample/385903701/.m2/org/webjars/font-awesome/5.0.10/font-awesome-5.0.10.jar:/root/./workspace/syqu22/spring-boot-shop-sample/385903701/.m2/org/webjars/jquery/3.3.1-1/jquery-3.3.1-1.jar:, user.name=root, skipITs=true, java.vm.specification.version=1.8, sun.java.command=/root/workspace/syqu22/spring-boot-shop-sample/385903701/target/surefire/surefirebooter23373847142300304.jar /root/workspace/syqu22/spring-boot-shop-sample/385903701/target/surefire 2018-05-30T23-31-05_922-jvmRun1 surefire2347534994292059458tmp surefire_08370776605549777275tmp, java.home=/usr/lib/jvm/java-8-openjdk-amd64/jre, sun.arch.data.model=64, user.language=en, java.specification.vendor=Oracle Corporation, dependency-check.skip=true, awt.toolkit=sun.awt.X11.XToolkit, java.vm.info=mixed mode, java.version=1.8.0_121, java.ext.dirs=/usr/lib/jvm/java-8-openjdk-amd64/jre/lib/ext:/usr/java/packages/lib/ext, sun.boot.class.path=/usr/lib/jvm/java-8-openjdk-amd64/jre/lib/resources.jar:/usr/lib/jvm/java-8-openjdk-amd64/jre/lib/rt.jar:/usr/lib/jvm/java-8-openjdk-amd64/jre/lib/sunrsasign.jar:/usr/lib/jvm/java-8-openjdk-amd64/jre/lib/jsse.jar:/usr/lib/jvm/java-8-openjdk-amd64/jre/lib/jce.jar:/usr/lib/jvm/java-8-openjdk-amd64/jre/lib/charsets.jar:/usr/lib/jvm/java-8-openjdk-amd64/jre/lib/jfr.jar:/usr/lib/jvm/java-8-openjdk-amd64/jre/classes, rat.skip=true, enforcer.skip=true, java.vendor=Oracle Corporation, localRepository=/root/./workspace/syqu22/spring-boot-shop-sample/385903701/.m2, file.separator=/, java.vendor.url.bug=http://bugreport.sun.com/bugreport/, sun.io.unicode.encoding=UnicodeLittle, sun.cpu.endian=little, sun.cpu.isalist=}}, SystemEnvironmentPropertySource@154319946 {name='systemEnvironment', properties={PATH=/usr/local/sbin:/usr/local/bin:/usr/sbin:/usr/bin:/sbin:/bin, JAVA_HOME=/usr/lib/jvm/java-8-openjdk-amd64, NOTIFY_TO=, CA_CERTIFICATES_JAVA_VERSION=20161107~bpo8+1, MONGODB_HOST=, BUILD_ID=, LANG=C.UTF-8, MAVEN_HOME=/usr/share/maven, SMTP_SERVER=, MONGODB_NAME=, REPAIR_MODE=repair, PWD=/root/workspace/syqu22/spring-boot-shop-sample/385903701, JAVA_VERSION=8u121, GITHUB_OAUTH=, MAVEN_CMD_LINE_ARGS=/root/.m2 -B -D enforcer.skip=true -D dependency-check.skip=true -D skipITs=true -D cobertura.skip=true -D maven.repo.local=/root/./workspace/syqu22/spring-boot-shop-sample/385903701/.m2 -D rat.skip=true -D findbugs.skip=true -D skip.bower=true -D gpg.skip=true -D checkstyle.skip=true -D skip.gulp=true -D license.skip=true -D skip.npm=true test, _=/usr/bin/java, OUTPUT=, MAVEN_TERMINATE_CMD=on, MAVEN_CONFIG=/root/.m2, MAVEN_PROJECTBASEDIR=/root/workspace/syqu22/spring-boot-shop-sample/385903701, OLDPWD=/root/workspace/syqu22/spring-boot-shop-sample/385903701, LOG_FILENAME=repairnator-pipeline_2018-05-30_2329_385903701_5a77b685-d098-401d-b168-01e076b51223, RUN_ID=, HOSTNAME=cyclone1, JAVA_DEBIAN_VERSION=8u121-b13-1~bpo8+1, M2_HOME=/usr/share/maven, REPAIR_TOOLS=AssertFixer, HOME=/root, SHLVL=1, PUSH_URL=}}]
23:31:08.666 [main] DEBUG org.springframework.test.context.support.TestPropertySourceUtils - Adding inlined properties to environment: {spring.jmx.enabled=false, org.springframework.boot.test.context.SpringBootTestContextBootstrapper=true, server.port=-1}
23:31:08.667 [main] DEBUG org.springframework.core.env.StandardEnvironment - Adding PropertySource 'Inlined Test Properties' with highest search precedence
 _____               _                     _   _  _____ __   __ _____
|  ___|             | |                   | \ | ||____ |\ \ / /|_   _|
| |__   ______  ___ | |__    ___   _ __   |  \| |    / / \ V /   | |
|  __| |______|/ __|| '_ \  / _ \ | '_ \  | . ` |    \ \ /   \   | |
| |___         \__ \| | | || (_) || |_) | | |\  |.___/ // /^\ \  | |
\____/         |___/|_| |_| \___/ | .__/  \_| \_/\____/ \/   \/  \_/
                                  | |
                                  |_|

           :: Spring Boot Version :: 2.0.1.RELEASE


2018-05-30 23:31:08.959  INFO 179 --- [           main] c.s.s.controller.UserControllerMvcTests  : Starting UserControllerMvcTests on cyclone1 with PID 179 (started by root in /root/workspace/syqu22/spring-boot-shop-sample/385903701)
2018-05-30 23:31:08.961  INFO 179 --- [           main] c.s.s.controller.UserControllerMvcTests  : No active profile set, falling back to default profiles: default
2018-05-30 23:31:09.042  INFO 179 --- [           main] o.s.w.c.s.GenericWebApplicationContext   : Refreshing org.springframework.web.context.support.GenericWebApplicationContext@9816741: startup date [Wed May 30 23:31:09 CEST 2018]; root of context hierarchy
2018-05-30 23:31:10.445  INFO 179 --- [           main] o.s.b.f.s.DefaultListableBeanFactory     : Overriding bean definition for bean 'httpRequestHandlerAdapter' with a different definition: replacing [Root bean: class [null]; scope=; abstract=false; lazyInit=false; autowireMode=3; dependencyCheck=0; autowireCandidate=true; primary=false; factoryBeanName=org.springframework.boot.autoconfigure.web.servlet.WebMvcAutoConfiguration$EnableWebMvcConfiguration; factoryMethodName=httpRequestHandlerAdapter; initMethodName=null; destroyMethodName=(inferred); defined in class path resource [org/springframework/boot/autoconfigure/web/servlet/WebMvcAutoConfiguration$EnableWebMvcConfiguration.class]] with [Root bean: class [null]; scope=; abstract=false; lazyInit=false; autowireMode=3; dependencyCheck=0; autowireCandidate=true; primary=false; factoryBeanName=org.springframework.data.rest.webmvc.config.RepositoryRestMvcConfiguration; factoryMethodName=httpRequestHandlerAdapter; initMethodName=null; destroyMethodName=(inferred); defined in class path resource [org/springframework/data/rest/webmvc/config/RepositoryRestMvcConfiguration.class]]
2018-05-30 23:31:11.976  INFO 179 --- [           main] trationDelegate$BeanPostProcessorChecker : Bean 'org.springframework.transaction.annotation.ProxyTransactionManagementConfiguration' of type [org.springframework.transaction.annotation.ProxyTransactionManagementConfiguration$$EnhancerBySpringCGLIB$$13bec197] is not eligible for getting processed by all BeanPostProcessors (for example: not eligible for auto-proxying)
2018-05-30 23:31:12.505  INFO 179 --- [           main] com.zaxxer.hikari.HikariDataSource       : HikariPool-1 - Starting...
2018-05-30 23:31:12.821  INFO 179 --- [           main] com.zaxxer.hikari.HikariDataSource       : HikariPool-1 - Start completed.
2018-05-30 23:31:12.952  INFO 179 --- [           main] j.LocalContainerEntityManagerFactoryBean : Building JPA container EntityManagerFactory for persistence unit 'default'
2018-05-30 23:31:12.998  INFO 179 --- [           main] o.hibernate.jpa.internal.util.LogHelper  : HHH000204: Processing PersistenceUnitInfo [
	name: default
	...]
2018-05-30 23:31:13.151  INFO 179 --- [           main] org.hibernate.Version                    : HHH000412: Hibernate Core {5.2.16.Final}
2018-05-30 23:31:13.154  INFO 179 --- [           main] org.hibernate.cfg.Environment            : HHH000206: hibernate.properties not found
2018-05-30 23:31:13.262  INFO 179 --- [           main] o.hibernate.annotations.common.Version   : HCANN000001: Hibernate Commons Annotations {5.0.1.Final}
2018-05-30 23:31:13.491  INFO 179 --- [           main] org.hibernate.dialect.Dialect            : HHH000400: Using dialect: org.hibernate.dialect.H2Dialect
Hibernate: drop table product if exists
Hibernate: drop table user if exists
Hibernate: drop sequence if exists hibernate_sequence
Hibernate: create sequence hibernate_sequence start with 1 increment by 1
Hibernate: create table product (id bigint not null, description varchar(500) not null, image varchar(255), name varchar(255) not null, price decimal(19,2) not null, primary key (id))
Hibernate: create table user (id bigint not null, age integer, balance decimal(19,2), city varchar(255), email varchar(255) not null, first_name varchar(255), gender varchar(255) not null, last_name varchar(255), password varchar(255) not null, password_confirm varchar(255) not null, username varchar(255) not null, primary key (id))
Hibernate: alter table user add constraint UK_ob8kqyqqgmefl0aco34akdtpe unique (email)
Hibernate: alter table user add constraint UK_sb8bbouer5wak8vyiiy4pf2bx unique (username)
2018-05-30 23:31:14.439  INFO 179 --- [           main] o.h.t.schema.internal.SchemaCreatorImpl  : HHH000476: Executing import script 'org.hibernate.tool.schema.internal.exec.ScriptSourceInputNonExistentImpl@7e2c6702'
2018-05-30 23:31:14.443  INFO 179 --- [           main] j.LocalContainerEntityManagerFactoryBean : Initialized JPA EntityManagerFactory for persistence unit 'default'
2018-05-30 23:31:16.610  INFO 179 --- [           main] o.s.s.web.DefaultSecurityFilterChain     : Creating filter chain: Ant [pattern='/webjars/**'], []
2018-05-30 23:31:16.611  INFO 179 --- [           main] o.s.s.web.DefaultSecurityFilterChain     : Creating filter chain: Ant [pattern='/js/**'], []
2018-05-30 23:31:16.611  INFO 179 --- [           main] o.s.s.web.DefaultSecurityFilterChain     : Creating filter chain: Ant [pattern='/error/**'], []
2018-05-30 23:31:16.611  INFO 179 --- [           main] o.s.s.web.DefaultSecurityFilterChain     : Creating filter chain: Ant [pattern='/css/**'], []
2018-05-30 23:31:16.611  INFO 179 --- [           main] o.s.s.web.DefaultSecurityFilterChain     : Creating filter chain: Ant [pattern='/fonts/**'], []
2018-05-30 23:31:16.611  INFO 179 --- [           main] o.s.s.web.DefaultSecurityFilterChain     : Creating filter chain: Ant [pattern='/libs/**'], []
2018-05-30 23:31:16.611  INFO 179 --- [           main] o.s.s.web.DefaultSecurityFilterChain     : Creating filter chain: Ant [pattern='/img/**'], []
2018-05-30 23:31:16.611  INFO 179 --- [           main] o.s.s.web.DefaultSecurityFilterChain     : Creating filter chain: Ant [pattern='/h2-console/**'], []
2018-05-30 23:31:16.746  INFO 179 --- [           main] o.s.s.web.DefaultSecurityFilterChain     : Creating filter chain: org.springframework.security.web.util.matcher.AnyRequestMatcher@1, [org.springframework.security.web.context.request.async.WebAsyncManagerIntegrationFilter@1f5d7fd5, org.springframework.security.web.context.SecurityContextPersistenceFilter@78b9155e, org.springframework.security.web.header.HeaderWriterFilter@3460e4ed, org.springframework.security.web.authentication.logout.LogoutFilter@4fd37449, org.springframework.security.web.authentication.UsernamePasswordAuthenticationFilter@35ceec81, org.springframework.security.web.savedrequest.RequestCacheAwareFilter@6de33fde, org.springframework.security.web.servletapi.SecurityContextHolderAwareRequestFilter@13d984ee, org.springframework.security.web.authentication.AnonymousAuthenticationFilter@cf08c97, org.springframework.security.web.session.SessionManagementFilter@60a6840c, org.springframework.security.web.access.ExceptionTranslationFilter@5315266, org.springframework.security.web.access.intercept.FilterSecurityInterceptor@1255de25]
2018-05-30 23:31:17.368  INFO 179 --- [           main] o.s.w.s.handler.SimpleUrlHandlerMapping  : Mapped URL path [/**/favicon.ico] onto handler of type [class org.springframework.web.servlet.resource.ResourceHttpRequestHandler]
2018-05-30 23:31:17.658  INFO 179 --- [           main] s.w.s.m.m.a.RequestMappingHandlerAdapter : Looking for @ControllerAdvice: org.springframework.web.context.support.GenericWebApplicationContext@9816741: startup date [Wed May 30 23:31:09 CEST 2018]; root of context hierarchy
2018-05-30 23:31:17.734  WARN 179 --- [           main] aWebConfiguration$JpaWebMvcConfiguration : spring.jpa.open-in-view is enabled by default. Therefore, database queries may be performed during view rendering. Explicitly configure spring.jpa.open-in-view to disable this warning
2018-05-30 23:31:17.793  INFO 179 --- [           main] s.w.s.m.m.a.RequestMappingHandlerMapping : Mapped "{[/cart],methods=[GET]}" onto public java.lang.String com.syqu.shop.controller.CartController.cart(org.springframework.ui.Model)
2018-05-30 23:31:17.794  INFO 179 --- [           main] s.w.s.m.m.a.RequestMappingHandlerMapping : Mapped "{[/cart/checkout],methods=[GET]}" onto public java.lang.String com.syqu.shop.controller.CartController.cartCheckout()
2018-05-30 23:31:17.794  INFO 179 --- [           main] s.w.s.m.m.a.RequestMappingHandlerMapping : Mapped "{[/cart/add/{id}],methods=[GET]}" onto public java.lang.String com.syqu.shop.controller.CartController.addProductToCart(long)
2018-05-30 23:31:17.795  INFO 179 --- [           main] s.w.s.m.m.a.RequestMappingHandlerMapping : Mapped "{[/cart/clear],methods=[GET]}" onto public java.lang.String com.syqu.shop.controller.CartController.clearProductsInCart()
2018-05-30 23:31:17.795  INFO 179 --- [           main] s.w.s.m.m.a.RequestMappingHandlerMapping : Mapped "{[/cart/remove/{id}],methods=[GET]}" onto public java.lang.String com.syqu.shop.controller.CartController.removeProductFromCart(long)
2018-05-30 23:31:17.797  INFO 179 --- [           main] s.w.s.m.m.a.RequestMappingHandlerMapping : Mapped "{[/ || /index || /home],methods=[GET]}" onto public java.lang.String com.syqu.shop.controller.HomeController.home(org.springframework.ui.Model)
2018-05-30 23:31:17.797  INFO 179 --- [           main] s.w.s.m.m.a.RequestMappingHandlerMapping : Mapped "{[/about],methods=[GET]}" onto public java.lang.String com.syqu.shop.controller.HomeController.about()
2018-05-30 23:31:17.798  INFO 179 --- [           main] s.w.s.m.m.a.RequestMappingHandlerMapping : Mapped "{[/login],methods=[GET]}" onto public java.lang.String com.syqu.shop.controller.LoginController.login(org.springframework.ui.Model,java.lang.String)
2018-05-30 23:31:17.803  INFO 179 --- [           main] s.w.s.m.m.a.RequestMappingHandlerMapping : Mapped "{[/product/new],methods=[POST]}" onto public java.lang.String com.syqu.shop.controller.ProductController.newProduct(com.syqu.shop.product.Product,org.springframework.validation.BindingResult,org.springframework.ui.Model)
2018-05-30 23:31:17.803  INFO 179 --- [           main] s.w.s.m.m.a.RequestMappingHandlerMapping : Mapped "{[/product/new],methods=[GET]}" onto public java.lang.String com.syqu.shop.controller.ProductController.newProduct(org.springframework.ui.Model)
2018-05-30 23:31:17.804  INFO 179 --- [           main] s.w.s.m.m.a.RequestMappingHandlerMapping : Mapped "{[/product/edit/{id}],methods=[POST]}" onto public java.lang.String com.syqu.shop.controller.ProductController.editProduct(long,com.syqu.shop.product.Product,org.springframework.validation.BindingResult,org.springframework.ui.Model)
2018-05-30 23:31:17.804  INFO 179 --- [           main] s.w.s.m.m.a.RequestMappingHandlerMapping : Mapped "{[/product/edit/{id}],methods=[GET]}" onto public java.lang.String com.syqu.shop.controller.ProductController.editProduct(long,org.springframework.ui.Model)
2018-05-30 23:31:17.804  INFO 179 --- [           main] s.w.s.m.m.a.RequestMappingHandlerMapping : Mapped "{[/product/delete/{id}],methods=[POST]}" onto public java.lang.String com.syqu.shop.controller.ProductController.deleteProduct(long)
2018-05-30 23:31:17.806  INFO 179 --- [           main] s.w.s.m.m.a.RequestMappingHandlerMapping : Mapped "{[/register],methods=[POST]}" onto public java.lang.String com.syqu.shop.controller.RegisterController.registration(com.syqu.shop.user.User,org.springframework.validation.BindingResult)
2018-05-30 23:31:17.806  INFO 179 --- [           main] s.w.s.m.m.a.RequestMappingHandlerMapping : Mapped "{[/register],methods=[GET]}" onto public java.lang.String com.syqu.shop.controller.RegisterController.registration(org.springframework.ui.Model)
2018-05-30 23:31:17.807  INFO 179 --- [           main] s.w.s.m.m.a.RequestMappingHandlerMapping : Mapped "{[/user],methods=[GET]}" onto public java.lang.String com.syqu.shop.controller.UserController.userPanel(java.security.Principal,org.springframework.ui.Model)
2018-05-30 23:31:17.813  INFO 179 --- [           main] s.w.s.m.m.a.RequestMappingHandlerMapping : Mapped "{[/error],produces=[text/html]}" onto public org.springframework.web.servlet.ModelAndView org.springframework.boot.autoconfigure.web.servlet.error.BasicErrorController.errorHtml(javax.servlet.http.HttpServletRequest,javax.servlet.http.HttpServletResponse)
2018-05-30 23:31:17.813  INFO 179 --- [           main] s.w.s.m.m.a.RequestMappingHandlerMapping : Mapped "{[/error]}" onto public org.springframework.http.ResponseEntity<java.util.Map<java.lang.String, java.lang.Object>> org.springframework.boot.autoconfigure.web.servlet.error.BasicErrorController.error(javax.servlet.http.HttpServletRequest)
2018-05-30 23:31:17.870  INFO 179 --- [           main] o.s.w.s.handler.SimpleUrlHandlerMapping  : Mapped URL path [/webjars/**] onto handler of type [class org.springframework.web.servlet.resource.ResourceHttpRequestHandler]
2018-05-30 23:31:17.871  INFO 179 --- [           main] o.s.w.s.handler.SimpleUrlHandlerMapping  : Mapped URL path [/**] onto handler of type [class org.springframework.web.servlet.resource.ResourceHttpRequestHandler]
2018-05-30 23:31:17.875  INFO 179 --- [           main] o.s.w.s.handler.SimpleUrlHandlerMapping  : Mapped URL path [/**] onto handler of type [class org.springframework.web.servlet.resource.DefaultServletHttpRequestHandler]
2018-05-30 23:31:17.901  INFO 179 --- [           main] .m.m.a.ExceptionHandlerExceptionResolver : Detected @ExceptionHandler methods in repositoryRestExceptionHandler
2018-05-30 23:31:18.322  INFO 179 --- [           main] o.s.d.r.w.RepositoryRestHandlerAdapter   : Looking for @ControllerAdvice: org.springframework.web.context.support.GenericWebApplicationContext@9816741: startup date [Wed May 30 23:31:09 CEST 2018]; root of context hierarchy
2018-05-30 23:31:18.344  INFO 179 --- [           main] o.s.d.r.w.RepositoryRestHandlerMapping   : Mapped "{[/{repository}/search],methods=[OPTIONS],produces=[application/hal+json || application/json]}" onto public org.springframework.http.HttpEntity<?> org.springframework.data.rest.webmvc.RepositorySearchController.optionsForSearches(org.springframework.data.rest.webmvc.RootResourceInformation)
2018-05-30 23:31:18.345  INFO 179 --- [           main] o.s.d.r.w.RepositoryRestHandlerMapping   : Mapped "{[/{repository}/search],methods=[HEAD],produces=[application/hal+json || application/json]}" onto public org.springframework.http.HttpEntity<?> org.springframework.data.rest.webmvc.RepositorySearchController.headForSearches(org.springframework.data.rest.webmvc.RootResourceInformation)
2018-05-30 23:31:18.345  INFO 179 --- [           main] o.s.d.r.w.RepositoryRestHandlerMapping   : Mapped "{[/{repository}/search],methods=[GET],produces=[application/hal+json || application/json]}" onto public org.springframework.data.rest.webmvc.RepositorySearchesResource org.springframework.data.rest.webmvc.RepositorySearchController.listSearches(org.springframework.data.rest.webmvc.RootResourceInformation)
2018-05-30 23:31:18.345  INFO 179 --- [           main] o.s.d.r.w.RepositoryRestHandlerMapping   : Mapped "{[/{repository}/search/{search}],methods=[GET],produces=[application/hal+json || application/json]}" onto public org.springframework.http.ResponseEntity<?> org.springframework.data.rest.webmvc.RepositorySearchController.executeSearch(org.springframework.data.rest.webmvc.RootResourceInformation,org.springframework.util.MultiValueMap<java.lang.String, java.lang.Object>,java.lang.String,org.springframework.data.rest.webmvc.support.DefaultedPageable,org.springframework.data.domain.Sort,org.springframework.data.rest.webmvc.PersistentEntityResourceAssembler,org.springframework.http.HttpHeaders)
2018-05-30 23:31:18.346  INFO 179 --- [           main] o.s.d.r.w.RepositoryRestHandlerMapping   : Mapped "{[/{repository}/search/{search}],methods=[GET],produces=[application/x-spring-data-compact+json]}" onto public org.springframework.hateoas.ResourceSupport org.springframework.data.rest.webmvc.RepositorySearchController.executeSearchCompact(org.springframework.data.rest.webmvc.RootResourceInformation,org.springframework.http.HttpHeaders,org.springframework.util.MultiValueMap<java.lang.String, java.lang.Object>,java.lang.String,java.lang.String,org.springframework.data.rest.webmvc.support.DefaultedPageable,org.springframework.data.domain.Sort,org.springframework.data.rest.webmvc.PersistentEntityResourceAssembler)
2018-05-30 23:31:18.346  INFO 179 --- [           main] o.s.d.r.w.RepositoryRestHandlerMapping   : Mapped "{[/{repository}/search/{search}],methods=[OPTIONS],produces=[application/hal+json || application/json]}" onto public org.springframework.http.ResponseEntity<java.lang.Object> org.springframework.data.rest.webmvc.RepositorySearchController.optionsForSearch(org.springframework.data.rest.webmvc.RootResourceInformation,java.lang.String)
2018-05-30 23:31:18.347  INFO 179 --- [           main] o.s.d.r.w.RepositoryRestHandlerMapping   : Mapped "{[/{repository}/search/{search}],methods=[HEAD],produces=[application/hal+json || application/json]}" onto public org.springframework.http.ResponseEntity<java.lang.Object> org.springframework.data.rest.webmvc.RepositorySearchController.headForSearch(org.springframework.data.rest.webmvc.RootResourceInformation,java.lang.String)
2018-05-30 23:31:18.350  INFO 179 --- [           main] o.s.d.r.w.RepositoryRestHandlerMapping   : Mapped "{[/{repository}/{id}/{property}],methods=[GET],produces=[application/hal+json || application/json]}" onto public org.springframework.http.ResponseEntity<org.springframework.hateoas.ResourceSupport> org.springframework.data.rest.webmvc.RepositoryPropertyReferenceController.followPropertyReference(org.springframework.data.rest.webmvc.RootResourceInformation,java.io.Serializable,java.lang.String,org.springframework.data.rest.webmvc.PersistentEntityResourceAssembler) throws java.lang.Exception
2018-05-30 23:31:18.350  INFO 179 --- [           main] o.s.d.r.w.RepositoryRestHandlerMapping   : Mapped "{[/{repository}/{id}/{property}/{propertyId}],methods=[GET],produces=[application/hal+json || application/json]}" onto public org.springframework.http.ResponseEntity<org.springframework.hateoas.ResourceSupport> org.springframework.data.rest.webmvc.RepositoryPropertyReferenceController.followPropertyReference(org.springframework.data.rest.webmvc.RootResourceInformation,java.io.Serializable,java.lang.String,java.lang.String,org.springframework.data.rest.webmvc.PersistentEntityResourceAssembler) throws java.lang.Exception
2018-05-30 23:31:18.351  INFO 179 --- [           main] o.s.d.r.w.RepositoryRestHandlerMapping   : Mapped "{[/{repository}/{id}/{property}],methods=[DELETE],produces=[application/hal+json || application/json]}" onto public org.springframework.http.ResponseEntity<? extends org.springframework.hateoas.ResourceSupport> org.springframework.data.rest.webmvc.RepositoryPropertyReferenceController.deletePropertyReference(org.springframework.data.rest.webmvc.RootResourceInformation,java.io.Serializable,java.lang.String) throws java.lang.Exception
2018-05-30 23:31:18.351  INFO 179 --- [           main] o.s.d.r.w.RepositoryRestHandlerMapping   : Mapped "{[/{repository}/{id}/{property}],methods=[GET],produces=[application/x-spring-data-compact+json || text/uri-list]}" onto public org.springframework.http.ResponseEntity<org.springframework.hateoas.ResourceSupport> org.springframework.data.rest.webmvc.RepositoryPropertyReferenceController.followPropertyReferenceCompact(org.springframework.data.rest.webmvc.RootResourceInformation,java.io.Serializable,java.lang.String,org.springframework.data.rest.webmvc.PersistentEntityResourceAssembler) throws java.lang.Exception
2018-05-30 23:31:18.352  INFO 179 --- [           main] o.s.d.r.w.RepositoryRestHandlerMapping   : Mapped "{[/{repository}/{id}/{property}],methods=[PATCH || PUT || POST],consumes=[application/json || application/x-spring-data-compact+json || text/uri-list],produces=[application/hal+json || application/json]}" onto public org.springframework.http.ResponseEntity<? extends org.springframework.hateoas.ResourceSupport> org.springframework.data.rest.webmvc.RepositoryPropertyReferenceController.createPropertyReference(org.springframework.data.rest.webmvc.RootResourceInformation,org.springframework.http.HttpMethod,org.springframework.hateoas.Resources<java.lang.Object>,java.io.Serializable,java.lang.String) throws java.lang.Exception
2018-05-30 23:31:18.352  INFO 179 --- [           main] o.s.d.r.w.RepositoryRestHandlerMapping   : Mapped "{[/{repository}/{id}/{property}/{propertyId}],methods=[DELETE],produces=[application/hal+json || application/json]}" onto public org.springframework.http.ResponseEntity<org.springframework.hateoas.ResourceSupport> org.springframework.data.rest.webmvc.RepositoryPropertyReferenceController.deletePropertyReferenceId(org.springframework.data.rest.webmvc.RootResourceInformation,java.io.Serializable,java.lang.String,java.lang.String) throws java.lang.Exception
2018-05-30 23:31:18.355  INFO 179 --- [           main] o.s.d.r.w.RepositoryRestHandlerMapping   : Mapped "{[/ || ],methods=[OPTIONS],produces=[application/hal+json || application/json]}" onto public org.springframework.http.HttpEntity<?> org.springframework.data.rest.webmvc.RepositoryController.optionsForRepositories()
2018-05-30 23:31:18.356  INFO 179 --- [           main] o.s.d.r.w.RepositoryRestHandlerMapping   : Mapped "{[/ || ],methods=[GET],produces=[application/hal+json || application/json]}" onto public org.springframework.http.HttpEntity<org.springframework.data.rest.webmvc.RepositoryLinksResource> org.springframework.data.rest.webmvc.RepositoryController.listRepositories()
2018-05-30 23:31:18.356  INFO 179 --- [           main] o.s.d.r.w.RepositoryRestHandlerMapping   : Mapped "{[/ || ],methods=[HEAD],produces=[application/hal+json || application/json]}" onto public org.springframework.http.ResponseEntity<?> org.springframework.data.rest.webmvc.RepositoryController.headForRepositories()
2018-05-30 23:31:18.359  INFO 179 --- [           main] o.s.d.r.w.RepositoryRestHandlerMapping   : Mapped "{[/{repository}],methods=[OPTIONS],produces=[application/hal+json || application/json]}" onto public org.springframework.http.ResponseEntity<?> org.springframework.data.rest.webmvc.RepositoryEntityController.optionsForCollectionResource(org.springframework.data.rest.webmvc.RootResourceInformation)
2018-05-30 23:31:18.359  INFO 179 --- [           main] o.s.d.r.w.RepositoryRestHandlerMapping   : Mapped "{[/{repository}],methods=[HEAD],produces=[application/hal+json || application/json]}" onto public org.springframework.http.ResponseEntity<?> org.springframework.data.rest.webmvc.RepositoryEntityController.headCollectionResource(org.springframework.data.rest.webmvc.RootResourceInformation,org.springframework.data.rest.webmvc.support.DefaultedPageable) throws org.springframework.web.HttpRequestMethodNotSupportedException
2018-05-30 23:31:18.360  INFO 179 --- [           main] o.s.d.r.w.RepositoryRestHandlerMapping   : Mapped "{[/{repository}],methods=[GET],produces=[application/hal+json || application/json]}" onto public org.springframework.hateoas.Resources<?> org.springframework.data.rest.webmvc.RepositoryEntityController.getCollectionResource(org.springframework.data.rest.webmvc.RootResourceInformation,org.springframework.data.rest.webmvc.support.DefaultedPageable,org.springframework.data.domain.Sort,org.springframework.data.rest.webmvc.PersistentEntityResourceAssembler) throws org.springframework.data.rest.webmvc.ResourceNotFoundException,org.springframework.web.HttpRequestMethodNotSupportedException
2018-05-30 23:31:18.360  INFO 179 --- [           main] o.s.d.r.w.RepositoryRestHandlerMapping   : Mapped "{[/{repository}],methods=[GET],produces=[application/x-spring-data-compact+json || text/uri-list]}" onto public org.springframework.hateoas.Resources<?> org.springframework.data.rest.webmvc.RepositoryEntityController.getCollectionResourceCompact(org.springframework.data.rest.webmvc.RootResourceInformation,org.springframework.data.rest.webmvc.support.DefaultedPageable,org.springframework.data.domain.Sort,org.springframework.data.rest.webmvc.PersistentEntityResourceAssembler) throws org.springframework.data.rest.webmvc.ResourceNotFoundException,org.springframework.web.HttpRequestMethodNotSupportedException
2018-05-30 23:31:18.361  INFO 179 --- [           main] o.s.d.r.w.RepositoryRestHandlerMapping   : Mapped "{[/{repository}],methods=[POST],produces=[application/hal+json || application/json]}" onto public org.springframework.http.ResponseEntity<org.springframework.hateoas.ResourceSupport> org.springframework.data.rest.webmvc.RepositoryEntityController.postCollectionResource(org.springframework.data.rest.webmvc.RootResourceInformation,org.springframework.data.rest.webmvc.PersistentEntityResource,org.springframework.data.rest.webmvc.PersistentEntityResourceAssembler,java.lang.String) throws org.springframework.web.HttpRequestMethodNotSupportedException
2018-05-30 23:31:18.361  INFO 179 --- [           main] o.s.d.r.w.RepositoryRestHandlerMapping   : Mapped "{[/{repository}/{id}],methods=[OPTIONS],produces=[application/hal+json || application/json]}" onto public org.springframework.http.ResponseEntity<?> org.springframework.data.rest.webmvc.RepositoryEntityController.optionsForItemResource(org.springframework.data.rest.webmvc.RootResourceInformation)
2018-05-30 23:31:18.361  INFO 179 --- [           main] o.s.d.r.w.RepositoryRestHandlerMapping   : Mapped "{[/{repository}/{id}],methods=[HEAD],produces=[application/hal+json || application/json]}" onto public org.springframework.http.ResponseEntity<?> org.springframework.data.rest.webmvc.RepositoryEntityController.headForItemResource(org.springframework.data.rest.webmvc.RootResourceInformation,java.io.Serializable,org.springframework.data.rest.webmvc.PersistentEntityResourceAssembler) throws org.springframework.web.HttpRequestMethodNotSupportedException
2018-05-30 23:31:18.362  INFO 179 --- [           main] o.s.d.r.w.RepositoryRestHandlerMapping   : Mapped "{[/{repository}/{id}],methods=[GET],produces=[application/hal+json || application/json]}" onto public org.springframework.http.ResponseEntity<org.springframework.hateoas.Resource<?>> org.springframework.data.rest.webmvc.RepositoryEntityController.getItemResource(org.springframework.data.rest.webmvc.RootResourceInformation,java.io.Serializable,org.springframework.data.rest.webmvc.PersistentEntityResourceAssembler,org.springframework.http.HttpHeaders) throws org.springframework.web.HttpRequestMethodNotSupportedException
2018-05-30 23:31:18.362  INFO 179 --- [           main] o.s.d.r.w.RepositoryRestHandlerMapping   : Mapped "{[/{repository}/{id}],methods=[PUT],produces=[application/hal+json || application/json]}" onto public org.springframework.http.ResponseEntity<? extends org.springframework.hateoas.ResourceSupport> org.springframework.data.rest.webmvc.RepositoryEntityController.putItemResource(org.springframework.data.rest.webmvc.RootResourceInformation,org.springframework.data.rest.webmvc.PersistentEntityResource,java.io.Serializable,org.springframework.data.rest.webmvc.PersistentEntityResourceAssembler,org.springframework.data.rest.webmvc.support.ETag,java.lang.String) throws org.springframework.web.HttpRequestMethodNotSupportedException
2018-05-30 23:31:18.363  INFO 179 --- [           main] o.s.d.r.w.RepositoryRestHandlerMapping   : Mapped "{[/{repository}/{id}],methods=[PATCH],produces=[application/hal+json || application/json]}" onto public org.springframework.http.ResponseEntity<org.springframework.hateoas.ResourceSupport> org.springframework.data.rest.webmvc.RepositoryEntityController.patchItemResource(org.springframework.data.rest.webmvc.RootResourceInformation,org.springframework.data.rest.webmvc.PersistentEntityResource,java.io.Serializable,org.springframework.data.rest.webmvc.PersistentEntityResourceAssembler,org.springframework.data.rest.webmvc.support.ETag,java.lang.String) throws org.springframework.web.HttpRequestMethodNotSupportedException,org.springframework.data.rest.webmvc.ResourceNotFoundException
2018-05-30 23:31:18.364  INFO 179 --- [           main] o.s.d.r.w.RepositoryRestHandlerMapping   : Mapped "{[/{repository}/{id}],methods=[DELETE],produces=[application/hal+json || application/json]}" onto public org.springframework.http.ResponseEntity<?> org.springframework.data.rest.webmvc.RepositoryEntityController.deleteItemResource(org.springframework.data.rest.webmvc.RootResourceInformation,java.io.Serializable,org.springframework.data.rest.webmvc.support.ETag) throws org.springframework.data.rest.webmvc.ResourceNotFoundException,org.springframework.web.HttpRequestMethodNotSupportedException
2018-05-30 23:31:18.370  INFO 179 --- [           main] o.s.d.r.w.BasePathAwareHandlerMapping    : Mapped "{[/profile/{repository}],methods=[GET],produces=[application/schema+json]}" onto public org.springframework.http.HttpEntity<org.springframework.data.rest.webmvc.json.JsonSchema> org.springframework.data.rest.webmvc.RepositorySchemaController.schema(org.springframework.data.rest.webmvc.RootResourceInformation)
2018-05-30 23:31:18.371  INFO 179 --- [           main] o.s.d.r.w.BasePathAwareHandlerMapping    : Mapped "{[/profile/{repository}],methods=[GET],produces=[application/alps+json || */*]}" onto org.springframework.http.HttpEntity<org.springframework.data.rest.webmvc.RootResourceInformation> org.springframework.data.rest.webmvc.alps.AlpsController.descriptor(org.springframework.data.rest.webmvc.RootResourceInformation)
2018-05-30 23:31:18.371  INFO 179 --- [           main] o.s.d.r.w.BasePathAwareHandlerMapping    : Mapped "{[/profile/{repository}],methods=[OPTIONS],produces=[application/alps+json]}" onto org.springframework.http.HttpEntity<?> org.springframework.data.rest.webmvc.alps.AlpsController.alpsOptions()
2018-05-30 23:31:18.372  INFO 179 --- [           main] o.s.d.r.w.BasePathAwareHandlerMapping    : Mapped "{[/profile],methods=[OPTIONS]}" onto public org.springframework.http.HttpEntity<?> org.springframework.data.rest.webmvc.ProfileController.profileOptions()
2018-05-30 23:31:18.372  INFO 179 --- [           main] o.s.d.r.w.BasePathAwareHandlerMapping    : Mapped "{[/profile],methods=[GET]}" onto org.springframework.http.HttpEntity<org.springframework.hateoas.ResourceSupport> org.springframework.data.rest.webmvc.ProfileController.listAllFormsOfMetadata()
2018-05-30 23:31:18.705  INFO 179 --- [           main] c.s.s.controller.UserControllerMvcTests  : Started UserControllerMvcTests in 10.027 seconds (JVM running for 11.455)
Hibernate: call next value for hibernate_sequence
Hibernate: insert into product (description, image, name, price, id) values (?, ?, ?, ?, ?)
Hibernate: call next value for hibernate_sequence
Hibernate: insert into product (description, image, name, price, id) values (?, ?, ?, ?, ?)
Hibernate: call next value for hibernate_sequence
Hibernate: insert into product (description, image, name, price, id) values (?, ?, ?, ?, ?)
Hibernate: call next value for hibernate_sequence
Hibernate: insert into product (description, image, name, price, id) values (?, ?, ?, ?, ?)
2018-05-30 23:31:18.880  INFO 179 --- [           main] s.w.s.m.m.a.RequestMappingHandlerMapping : Mapped "{[/user],methods=[GET]}" onto public java.lang.String com.syqu.shop.controller.UserController.userPanel(java.security.Principal,org.springframework.ui.Model)
2018-05-30 23:31:18.899  INFO 179 --- [           main] s.w.s.m.m.a.RequestMappingHandlerAdapter : Looking for @ControllerAdvice: org.springframework.test.web.servlet.setup.StubWebApplicationContext@70bc3a9c
2018-05-30 23:31:18.908  INFO 179 --- [           main] o.s.mock.web.MockServletContext          : Initializing Spring FrameworkServlet ''
2018-05-30 23:31:18.908  INFO 179 --- [           main] o.s.t.web.servlet.TestDispatcherServlet  : FrameworkServlet '': initialization started
2018-05-30 23:31:18.909  INFO 179 --- [           main] o.s.t.web.servlet.TestDispatcherServlet  : FrameworkServlet '': initialization completed in 0 ms
]]></system-out>
  </testcase>
</testsuite>