<?xml version="1.0" encoding="UTF-8" ?>
<testsuite tests="1" failures="0" name="org.tests.query.TestIContains" time="0.005" errors="0" skipped="0">
  <properties>
    <property name="datasource.default" value=""/>
    <property name="java.runtime.name" value="OpenJDK Runtime Environment"/>
    <property name="sun.boot.library.path" value="/usr/lib/jvm/java-8-openjdk-amd64/jre/lib/amd64"/>
    <property name="java.vm.version" value="25.121-b13"/>
    <property name="java.vm.vendor" value="Oracle Corporation"/>
    <property name="java.vendor.url" value="http://java.oracle.com/"/>
    <property name="path.separator" value=":"/>
    <property name="java.vm.name" value="OpenJDK 64-Bit Server VM"/>
    <property name="file.encoding.pkg" value="sun.io"/>
    <property name="sun.java.launcher" value="SUN_STANDARD"/>
    <property name="sun.os.patch.level" value="unknown"/>
    <property name="java.vm.specification.name" value="Java Virtual Machine Specification"/>
    <property name="user.dir" value="/root/workspace/ebean-orm/ebean/385260989"/>
    <property name="ebean_db" value="h2"/>
    <property name="java.runtime.version" value="1.8.0_121-8u121-b13-1~bpo8+1-b13"/>
    <property name="dbClockDelta" value=""/>
    <property name="java.awt.graphicsenv" value="sun.awt.X11GraphicsEnvironment"/>
    <property name="basedir" value="/root/workspace/ebean-orm/ebean/385260989"/>
    <property name="java.endorsed.dirs" value="/usr/lib/jvm/java-8-openjdk-amd64/jre/lib/endorsed"/>
    <property name="os.arch" value="amd64"/>
    <property name="java.io.tmpdir" value="/tmp"/>
    <property name="line.separator" value="
"/>
    <property name="java.vm.specification.vendor" value="Oracle Corporation"/>
    <property name="os.name" value="Linux"/>
    <property name="sun.jnu.encoding" value="UTF-8"/>
    <property name="java.library.path" value="/usr/java/packages/lib/amd64:/usr/lib/x86_64-linux-gnu/jni:/lib/x86_64-linux-gnu:/usr/lib/x86_64-linux-gnu:/usr/lib/jni:/lib:/usr/lib"/>
    <property name="surefire.test.class.path" value="/root/workspace/ebean-orm/ebean/385260989/target/test-classes:/root/workspace/ebean-orm/ebean/385260989/target/classes:/root/./workspace/ebean-orm/ebean/385260989/.m2/org/slf4j/slf4j-api/1.7.25/slf4j-api-1.7.25.jar:/root/./workspace/ebean-orm/ebean/385260989/.m2/org/yaml/snakeyaml/1.21/snakeyaml-1.21.jar:/root/./workspace/ebean-orm/ebean/385260989/.m2/io/ebean/ebean-jsr305/1.1/ebean-jsr305-1.1.jar:/root/./workspace/ebean-orm/ebean/385260989/.m2/io/ebean/persistence-api/2.2.1/persistence-api-2.2.1.jar:/root/./workspace/ebean-orm/ebean/385260989/.m2/io/ebean/ebean-annotation/3.11/ebean-annotation-3.11.jar:/root/./workspace/ebean-orm/ebean/385260989/.m2/org/avaje/avaje-datasource/3.2.2/avaje-datasource-3.2.2.jar:/root/./workspace/ebean-orm/ebean/385260989/.m2/org/avaje/avaje-datasource-api/3.2/avaje-datasource-api-3.2.jar:/root/./workspace/ebean-orm/ebean/385260989/.m2/org/avaje/avaje-classpath-scanner/3.1.1/avaje-classpath-scanner-3.1.1.jar:/root/./workspace/ebean-orm/ebean/385260989/.m2/org/avaje/avaje-classpath-scanner-api/2.2/avaje-classpath-scanner-api-2.2.jar:/root/./workspace/ebean-orm/ebean/385260989/.m2/io/ebean/ebean-migration/11.5.4/ebean-migration-11.5.4.jar:/root/./workspace/ebean-orm/ebean/385260989/.m2/org/antlr/antlr4-runtime/4.7.1/antlr4-runtime-4.7.1.jar:/root/./workspace/ebean-orm/ebean/385260989/.m2/com/fasterxml/jackson/core/jackson-core/2.9.5/jackson-core-2.9.5.jar:/root/./workspace/ebean-orm/ebean/385260989/.m2/com/fasterxml/jackson/core/jackson-databind/2.9.5/jackson-databind-2.9.5.jar:/root/./workspace/ebean-orm/ebean/385260989/.m2/com/fasterxml/jackson/core/jackson-annotations/2.9.0/jackson-annotations-2.9.0.jar:/root/./workspace/ebean-orm/ebean/385260989/.m2/javax/transaction/jta/1.1/jta-1.1.jar:/root/./workspace/ebean-orm/ebean/385260989/.m2/javax/validation/validation-api/1.1.0.Final/validation-api-1.1.0.Final.jar:/root/./workspace/ebean-orm/ebean/385260989/.m2/javax/servlet/javax.servlet-api/3.1.0/javax.servlet-api-3.1.0.jar:/root/./workspace/ebean-orm/ebean/385260989/.m2/joda-time/joda-time/2.9.7/joda-time-2.9.7.jar:/root/./workspace/ebean-orm/ebean/385260989/.m2/org/postgresql/postgresql/9.4.1212/postgresql-9.4.1212.jar:/root/./workspace/ebean-orm/ebean/385260989/.m2/io/ebean/ebean-docker-run/1.5.1/ebean-docker-run-1.5.1.jar:/root/./workspace/ebean-orm/ebean/385260989/.m2/org/avaje/docker/docker-commands/1.5.1/docker-commands-1.5.1.jar:/root/./workspace/ebean-orm/ebean/385260989/.m2/ch/qos/logback/logback-classic/1.2.3/logback-classic-1.2.3.jar:/root/./workspace/ebean-orm/ebean/385260989/.m2/ch/qos/logback/logback-core/1.2.3/logback-core-1.2.3.jar:/root/./workspace/ebean-orm/ebean/385260989/.m2/org/avaje/avaje-agentloader/2.1.2/avaje-agentloader-2.1.2.jar:/root/./workspace/ebean-orm/ebean/385260989/.m2/io/ebean/ebean-agent/11.11.1/ebean-agent-11.11.1.jar:/root/./workspace/ebean-orm/ebean/385260989/.m2/com/h2database/h2/1.4.196/h2-1.4.196.jar:/root/./workspace/ebean-orm/ebean/385260989/.m2/org/xerial/sqlite-jdbc/3.15.1/sqlite-jdbc-3.15.1.jar:/root/./workspace/ebean-orm/ebean/385260989/.m2/org/hsqldb/hsqldb/2.3.4/hsqldb-2.3.4.jar:/root/./workspace/ebean-orm/ebean/385260989/.m2/com/microsoft/sqlserver/mssql-jdbc/6.4.0.jre8/mssql-jdbc-6.4.0.jre8.jar:/root/./workspace/ebean-orm/ebean/385260989/.m2/mysql/mysql-connector-java/5.1.43/mysql-connector-java-5.1.43.jar:/root/./workspace/ebean-orm/ebean/385260989/.m2/junit/junit/4.12/junit-4.12.jar:/root/./workspace/ebean-orm/ebean/385260989/.m2/org/hamcrest/hamcrest-core/1.3/hamcrest-core-1.3.jar:/root/./workspace/ebean-orm/ebean/385260989/.m2/org/assertj/assertj-core/3.1.0/assertj-core-3.1.0.jar:/root/./workspace/ebean-orm/ebean/385260989/.m2/org/mockito/mockito-core/1.10.19/mockito-core-1.10.19.jar:/root/./workspace/ebean-orm/ebean/385260989/.m2/org/objenesis/objenesis/2.1/objenesis-2.1.jar:/root/./workspace/ebean-orm/ebean/385260989/.m2/commons-io/commons-io/2.5/commons-io-2.5.jar:/root/./workspace/ebean-orm/ebean/385260989/.m2/org/avaje/moduuid/avaje-moduuid/2.1/avaje-moduuid-2.1.jar:"/>
    <property name="java.specification.name" value="Java Platform API Specification"/>
    <property name="java.class.version" value="52.0"/>
    <property name="sun.management.compiler" value="HotSpot 64-Bit Tiered Compilers"/>
    <property name="os.version" value="3.10.0-862.3.2.el7.x86_64"/>
    <property name="user.home" value="/root"/>
    <property name="user.timezone" value="Europe/Paris"/>
    <property name="java.awt.printerjob" value="sun.print.PSPrinterJob"/>
    <property name="java.specification.version" value="1.8"/>
    <property name="file.encoding" value="UTF-8"/>
    <property name="ebean.ignoreExtraDdl" value="true"/>
    <property name="user.name" value="root"/>
    <property name="java.class.path" value="/root/./workspace/ebean-orm/ebean/385260989/.m2/org/apache/maven/surefire/surefire-booter/2.5/surefire-booter-2.5.jar:/root/./workspace/ebean-orm/ebean/385260989/.m2/org/apache/maven/surefire/surefire-api/2.5/surefire-api-2.5.jar"/>
    <property name="java.vm.specification.version" value="1.8"/>
    <property name="sun.arch.data.model" value="64"/>
    <property name="java.home" value="/usr/lib/jvm/java-8-openjdk-amd64/jre"/>
    <property name="sun.java.command" value="org.apache.maven.surefire.booter.SurefireBooter /tmp/surefire7429028824418908522tmp /tmp/surefire3564628598506663825tmp"/>
    <property name="java.specification.vendor" value="Oracle Corporation"/>
    <property name="user.language" value="en"/>
    <property name="awt.toolkit" value="sun.awt.X11.XToolkit"/>
    <property name="java.vm.info" value="mixed mode"/>
    <property name="java.version" value="1.8.0_121"/>
    <property name="java.ext.dirs" value="/usr/lib/jvm/java-8-openjdk-amd64/jre/lib/ext:/usr/java/packages/lib/ext"/>
    <property name="sun.boot.class.path" value="/usr/lib/jvm/java-8-openjdk-amd64/jre/lib/resources.jar:/usr/lib/jvm/java-8-openjdk-amd64/jre/lib/rt.jar:/usr/lib/jvm/java-8-openjdk-amd64/jre/lib/sunrsasign.jar:/usr/lib/jvm/java-8-openjdk-amd64/jre/lib/jsse.jar:/usr/lib/jvm/java-8-openjdk-amd64/jre/lib/jce.jar:/usr/lib/jvm/java-8-openjdk-amd64/jre/lib/charsets.jar:/usr/lib/jvm/java-8-openjdk-amd64/jre/lib/jfr.jar:/usr/lib/jvm/java-8-openjdk-amd64/jre/classes"/>
    <property name="java.vendor" value="Oracle Corporation"/>
    <property name="localRepository" value="/root/./workspace/ebean-orm/ebean/385260989/.m2"/>
    <property name="file.separator" value="/"/>
    <property name="java.vendor.url.bug" value="http://bugreport.sun.com/bugreport/"/>
    <property name="sun.cpu.endian" value="little"/>
    <property name="sun.io.unicode.encoding" value="UnicodeLittle"/>
    <property name="sun.cpu.isalist" value=""/>
  </properties>
  <testcase classname="org.tests.query.TestIContains" name="testIContains" time="0.005"/>
</testsuite>