<?xml version="1.0" encoding="UTF-8"?>
<testsuite xmlns:xsi="http://www.w3.org/2001/XMLSchema-instance" xsi:noNamespaceSchemaLocation="https://maven.apache.org/surefire/maven-surefire-plugin/xsd/surefire-test-report.xsd" name="org.shop.dao.impl.SequenceImplTest" time="5.468" tests="2" errors="0" skipped="0" failures="1">
  <properties>
    <property name="awt.toolkit" value="sun.awt.X11.XToolkit"/>
    <property name="file.encoding.pkg" value="sun.io"/>
    <property name="java.specification.version" value="1.8"/>
    <property name="sun.cpu.isalist" value=""/>
    <property name="sun.jnu.encoding" value="UTF-8"/>
    <property name="java.class.path" value="/root/workspace/reflexdemon/shop/383544338/target/test-classes:/root/workspace/reflexdemon/shop/383544338/target/classes:/root/./workspace/reflexdemon/shop/383544338/.m2/org/springframework/boot/spring-boot-starter-web/2.0.0.M7/spring-boot-starter-web-2.0.0.M7.jar:/root/./workspace/reflexdemon/shop/383544338/.m2/org/springframework/boot/spring-boot-starter/2.0.0.M7/spring-boot-starter-2.0.0.M7.jar:/root/./workspace/reflexdemon/shop/383544338/.m2/org/springframework/boot/spring-boot/2.0.0.M7/spring-boot-2.0.0.M7.jar:/root/./workspace/reflexdemon/shop/383544338/.m2/org/springframework/boot/spring-boot-autoconfigure/2.0.0.M7/spring-boot-autoconfigure-2.0.0.M7.jar:/root/./workspace/reflexdemon/shop/383544338/.m2/org/springframework/boot/spring-boot-starter-logging/2.0.0.M7/spring-boot-starter-logging-2.0.0.M7.jar:/root/./workspace/reflexdemon/shop/383544338/.m2/ch/qos/logback/logback-classic/1.2.3/logback-classic-1.2.3.jar:/root/./workspace/reflexdemon/shop/383544338/.m2/ch/qos/logback/logback-core/1.2.3/logback-core-1.2.3.jar:/root/./workspace/reflexdemon/shop/383544338/.m2/org/apache/logging/log4j/log4j-to-slf4j/2.10.0/log4j-to-slf4j-2.10.0.jar:/root/./workspace/reflexdemon/shop/383544338/.m2/org/apache/logging/log4j/log4j-api/2.10.0/log4j-api-2.10.0.jar:/root/./workspace/reflexdemon/shop/383544338/.m2/org/slf4j/jul-to-slf4j/1.7.25/jul-to-slf4j-1.7.25.jar:/root/./workspace/reflexdemon/shop/383544338/.m2/javax/annotation/javax.annotation-api/1.3.1/javax.annotation-api-1.3.1.jar:/root/./workspace/reflexdemon/shop/383544338/.m2/org/yaml/snakeyaml/1.19/snakeyaml-1.19.jar:/root/./workspace/reflexdemon/shop/383544338/.m2/org/springframework/boot/spring-boot-starter-json/2.0.0.M7/spring-boot-starter-json-2.0.0.M7.jar:/root/./workspace/reflexdemon/shop/383544338/.m2/com/fasterxml/jackson/datatype/jackson-datatype-jdk8/2.9.2/jackson-datatype-jdk8-2.9.2.jar:/root/./workspace/reflexdemon/shop/383544338/.m2/com/fasterxml/jackson/datatype/jackson-datatype-jsr310/2.9.2/jackson-datatype-jsr310-2.9.2.jar:/root/./workspace/reflexdemon/shop/383544338/.m2/com/fasterxml/jackson/module/jackson-module-parameter-names/2.9.2/jackson-module-parameter-names-2.9.2.jar:/root/./workspace/reflexdemon/shop/383544338/.m2/org/springframework/boot/spring-boot-starter-tomcat/2.0.0.M7/spring-boot-starter-tomcat-2.0.0.M7.jar:/root/./workspace/reflexdemon/shop/383544338/.m2/org/apache/tomcat/embed/tomcat-embed-core/8.5.23/tomcat-embed-core-8.5.23.jar:/root/./workspace/reflexdemon/shop/383544338/.m2/org/apache/tomcat/tomcat-annotations-api/8.5.23/tomcat-annotations-api-8.5.23.jar:/root/./workspace/reflexdemon/shop/383544338/.m2/org/apache/tomcat/embed/tomcat-embed-el/8.5.23/tomcat-embed-el-8.5.23.jar:/root/./workspace/reflexdemon/shop/383544338/.m2/org/apache/tomcat/embed/tomcat-embed-websocket/8.5.23/tomcat-embed-websocket-8.5.23.jar:/root/./workspace/reflexdemon/shop/383544338/.m2/org/hibernate/validator/hibernate-validator/6.0.5.Final/hibernate-validator-6.0.5.Final.jar:/root/./workspace/reflexdemon/shop/383544338/.m2/javax/validation/validation-api/2.0.0.Final/validation-api-2.0.0.Final.jar:/root/./workspace/reflexdemon/shop/383544338/.m2/org/jboss/logging/jboss-logging/3.3.1.Final/jboss-logging-3.3.1.Final.jar:/root/./workspace/reflexdemon/shop/383544338/.m2/org/springframework/spring-web/5.0.2.RELEASE/spring-web-5.0.2.RELEASE.jar:/root/./workspace/reflexdemon/shop/383544338/.m2/org/springframework/spring-webmvc/5.0.2.RELEASE/spring-webmvc-5.0.2.RELEASE.jar:/root/./workspace/reflexdemon/shop/383544338/.m2/org/springframework/spring-expression/5.0.2.RELEASE/spring-expression-5.0.2.RELEASE.jar:/root/./workspace/reflexdemon/shop/383544338/.m2/org/springframework/boot/spring-boot-starter-data-mongodb/2.0.0.M7/spring-boot-starter-data-mongodb-2.0.0.M7.jar:/root/./workspace/reflexdemon/shop/383544338/.m2/org/mongodb/mongodb-driver/3.5.0/mongodb-driver-3.5.0.jar:/root/./workspace/reflexdemon/shop/383544338/.m2/org/mongodb/bson/3.5.0/bson-3.5.0.jar:/root/./workspace/reflexdemon/shop/383544338/.m2/org/mongodb/mongodb-driver-core/3.5.0/mongodb-driver-core-3.5.0.jar:/root/./workspace/reflexdemon/shop/383544338/.m2/org/springframework/data/spring-data-mongodb/2.0.2.RELEASE/spring-data-mongodb-2.0.2.RELEASE.jar:/root/./workspace/reflexdemon/shop/383544338/.m2/org/springframework/spring-tx/5.0.2.RELEASE/spring-tx-5.0.2.RELEASE.jar:/root/./workspace/reflexdemon/shop/383544338/.m2/org/springframework/data/spring-data-commons/2.0.2.RELEASE/spring-data-commons-2.0.2.RELEASE.jar:/root/./workspace/reflexdemon/shop/383544338/.m2/org/springframework/boot/spring-boot-starter-test/2.0.0.M7/spring-boot-starter-test-2.0.0.M7.jar:/root/./workspace/reflexdemon/shop/383544338/.m2/org/springframework/boot/spring-boot-test/2.0.0.M7/spring-boot-test-2.0.0.M7.jar:/root/./workspace/reflexdemon/shop/383544338/.m2/org/springframework/boot/spring-boot-test-autoconfigure/2.0.0.M7/spring-boot-test-autoconfigure-2.0.0.M7.jar:/root/./workspace/reflexdemon/shop/383544338/.m2/org/assertj/assertj-core/3.8.0/assertj-core-3.8.0.jar:/root/./workspace/reflexdemon/shop/383544338/.m2/org/mockito/mockito-core/2.12.0/mockito-core-2.12.0.jar:/root/./workspace/reflexdemon/shop/383544338/.m2/net/bytebuddy/byte-buddy/1.7.9/byte-buddy-1.7.9.jar:/root/./workspace/reflexdemon/shop/383544338/.m2/net/bytebuddy/byte-buddy-agent/1.7.9/byte-buddy-agent-1.7.9.jar:/root/./workspace/reflexdemon/shop/383544338/.m2/org/objenesis/objenesis/2.6/objenesis-2.6.jar:/root/./workspace/reflexdemon/shop/383544338/.m2/org/hamcrest/hamcrest-core/1.3/hamcrest-core-1.3.jar:/root/./workspace/reflexdemon/shop/383544338/.m2/org/hamcrest/hamcrest-library/1.3/hamcrest-library-1.3.jar:/root/./workspace/reflexdemon/shop/383544338/.m2/org/skyscreamer/jsonassert/1.5.0/jsonassert-1.5.0.jar:/root/./workspace/reflexdemon/shop/383544338/.m2/com/vaadin/external/google/android-json/0.0.20131108.vaadin1/android-json-0.0.20131108.vaadin1.jar:/root/./workspace/reflexdemon/shop/383544338/.m2/org/springframework/spring-core/5.0.2.RELEASE/spring-core-5.0.2.RELEASE.jar:/root/./workspace/reflexdemon/shop/383544338/.m2/org/springframework/spring-jcl/5.0.2.RELEASE/spring-jcl-5.0.2.RELEASE.jar:/root/./workspace/reflexdemon/shop/383544338/.m2/org/xmlunit/xmlunit-core/2.5.1/xmlunit-core-2.5.1.jar:/root/./workspace/reflexdemon/shop/383544338/.m2/org/springframework/boot/spring-boot-starter-aop/2.0.0.M7/spring-boot-starter-aop-2.0.0.M7.jar:/root/./workspace/reflexdemon/shop/383544338/.m2/org/springframework/spring-aop/5.0.2.RELEASE/spring-aop-5.0.2.RELEASE.jar:/root/./workspace/reflexdemon/shop/383544338/.m2/org/aspectj/aspectjweaver/1.8.13/aspectjweaver-1.8.13.jar:/root/./workspace/reflexdemon/shop/383544338/.m2/org/springframework/boot/spring-boot-starter-security/2.0.0.M7/spring-boot-starter-security-2.0.0.M7.jar:/root/./workspace/reflexdemon/shop/383544338/.m2/org/springframework/security/spring-security-web/5.0.0.RELEASE/spring-security-web-5.0.0.RELEASE.jar:/root/./workspace/reflexdemon/shop/383544338/.m2/org/springframework/boot/spring-boot-starter-thymeleaf/2.0.0.M7/spring-boot-starter-thymeleaf-2.0.0.M7.jar:/root/./workspace/reflexdemon/shop/383544338/.m2/org/thymeleaf/thymeleaf-spring5/3.0.9.RELEASE/thymeleaf-spring5-3.0.9.RELEASE.jar:/root/./workspace/reflexdemon/shop/383544338/.m2/org/thymeleaf/thymeleaf/3.0.9.RELEASE/thymeleaf-3.0.9.RELEASE.jar:/root/./workspace/reflexdemon/shop/383544338/.m2/org/attoparser/attoparser/2.0.4.RELEASE/attoparser-2.0.4.RELEASE.jar:/root/./workspace/reflexdemon/shop/383544338/.m2/org/unbescape/unbescape/1.1.5.RELEASE/unbescape-1.1.5.RELEASE.jar:/root/./workspace/reflexdemon/shop/383544338/.m2/org/thymeleaf/extras/thymeleaf-extras-java8time/3.0.1.RELEASE/thymeleaf-extras-java8time-3.0.1.RELEASE.jar:/root/./workspace/reflexdemon/shop/383544338/.m2/org/springframework/boot/spring-boot-starter-activemq/2.0.0.M7/spring-boot-starter-activemq-2.0.0.M7.jar:/root/./workspace/reflexdemon/shop/383544338/.m2/org/springframework/spring-jms/5.0.2.RELEASE/spring-jms-5.0.2.RELEASE.jar:/root/./workspace/reflexdemon/shop/383544338/.m2/org/springframework/spring-messaging/5.0.2.RELEASE/spring-messaging-5.0.2.RELEASE.jar:/root/./workspace/reflexdemon/shop/383544338/.m2/javax/jms/javax.jms-api/2.0.1/javax.jms-api-2.0.1.jar:/root/./workspace/reflexdemon/shop/383544338/.m2/org/apache/activemq/activemq-broker/5.15.2/activemq-broker-5.15.2.jar:/root/./workspace/reflexdemon/shop/383544338/.m2/org/apache/activemq/activemq-client/5.15.2/activemq-client-5.15.2.jar:/root/./workspace/reflexdemon/shop/383544338/.m2/org/apache/geronimo/specs/geronimo-jms_1.1_spec/1.1.1/geronimo-jms_1.1_spec-1.1.1.jar:/root/./workspace/reflexdemon/shop/383544338/.m2/org/fusesource/hawtbuf/hawtbuf/1.11/hawtbuf-1.11.jar:/root/./workspace/reflexdemon/shop/383544338/.m2/org/apache/geronimo/specs/geronimo-j2ee-management_1.1_spec/1.0.1/geronimo-j2ee-management_1.1_spec-1.0.1.jar:/root/./workspace/reflexdemon/shop/383544338/.m2/org/apache/activemq/activemq-openwire-legacy/5.15.2/activemq-openwire-legacy-5.15.2.jar:/root/./workspace/reflexdemon/shop/383544338/.m2/com/google/guava/guava/18.0/guava-18.0.jar:/root/./workspace/reflexdemon/shop/383544338/.m2/com/fasterxml/jackson/core/jackson-databind/2.9.2/jackson-databind-2.9.2.jar:/root/./workspace/reflexdemon/shop/383544338/.m2/com/fasterxml/jackson/core/jackson-annotations/2.9.0/jackson-annotations-2.9.0.jar:/root/./workspace/reflexdemon/shop/383544338/.m2/com/fasterxml/jackson/core/jackson-core/2.9.2/jackson-core-2.9.2.jar:/root/./workspace/reflexdemon/shop/383544338/.m2/org/springframework/spring-test/5.0.2.RELEASE/spring-test-5.0.2.RELEASE.jar:/root/./workspace/reflexdemon/shop/383544338/.m2/org/springframework/security/spring-security-test/5.0.0.RELEASE/spring-security-test-5.0.0.RELEASE.jar:/root/./workspace/reflexdemon/shop/383544338/.m2/org/springframework/security/spring-security-core/5.0.0.RELEASE/spring-security-core-5.0.0.RELEASE.jar:/root/./workspace/reflexdemon/shop/383544338/.m2/junit/junit/4.12/junit-4.12.jar:/root/./workspace/reflexdemon/shop/383544338/.m2/com/jayway/jsonpath/json-path/2.4.0/json-path-2.4.0.jar:/root/./workspace/reflexdemon/shop/383544338/.m2/net/minidev/json-smart/2.3/json-smart-2.3.jar:/root/./workspace/reflexdemon/shop/383544338/.m2/net/minidev/accessors-smart/1.2/accessors-smart-1.2.jar:/root/./workspace/reflexdemon/shop/383544338/.m2/org/ow2/asm/asm/5.0.4/asm-5.0.4.jar:/root/./workspace/reflexdemon/shop/383544338/.m2/org/slf4j/slf4j-api/1.7.25/slf4j-api-1.7.25.jar:/root/./workspace/reflexdemon/shop/383544338/.m2/io/springfox/springfox-swagger-ui/2.7.0/springfox-swagger-ui-2.7.0.jar:/root/./workspace/reflexdemon/shop/383544338/.m2/io/springfox/springfox-spring-web/2.7.0/springfox-spring-web-2.7.0.jar:/root/./workspace/reflexdemon/shop/383544338/.m2/org/reflections/reflections/0.9.11/reflections-0.9.11.jar:/root/./workspace/reflexdemon/shop/383544338/.m2/org/javassist/javassist/3.22.0-CR2/javassist-3.22.0-CR2.jar:/root/./workspace/reflexdemon/shop/383544338/.m2/io/springfox/springfox-swagger2/2.7.0/springfox-swagger2-2.7.0.jar:/root/./workspace/reflexdemon/shop/383544338/.m2/io/swagger/swagger-annotations/1.5.13/swagger-annotations-1.5.13.jar:/root/./workspace/reflexdemon/shop/383544338/.m2/io/swagger/swagger-models/1.5.13/swagger-models-1.5.13.jar:/root/./workspace/reflexdemon/shop/383544338/.m2/io/springfox/springfox-spi/2.7.0/springfox-spi-2.7.0.jar:/root/./workspace/reflexdemon/shop/383544338/.m2/io/springfox/springfox-core/2.7.0/springfox-core-2.7.0.jar:/root/./workspace/reflexdemon/shop/383544338/.m2/io/springfox/springfox-schema/2.7.0/springfox-schema-2.7.0.jar:/root/./workspace/reflexdemon/shop/383544338/.m2/io/springfox/springfox-swagger-common/2.7.0/springfox-swagger-common-2.7.0.jar:/root/./workspace/reflexdemon/shop/383544338/.m2/com/fasterxml/classmate/1.3.4/classmate-1.3.4.jar:/root/./workspace/reflexdemon/shop/383544338/.m2/org/springframework/plugin/spring-plugin-core/1.2.0.RELEASE/spring-plugin-core-1.2.0.RELEASE.jar:/root/./workspace/reflexdemon/shop/383544338/.m2/org/springframework/plugin/spring-plugin-metadata/1.2.0.RELEASE/spring-plugin-metadata-1.2.0.RELEASE.jar:/root/./workspace/reflexdemon/shop/383544338/.m2/org/mapstruct/mapstruct/1.1.0.Final/mapstruct-1.1.0.Final.jar:/root/./workspace/reflexdemon/shop/383544338/.m2/de/flapdoodle/embed/de.flapdoodle.embed.mongo/2.0.0/de.flapdoodle.embed.mongo-2.0.0.jar:/root/./workspace/reflexdemon/shop/383544338/.m2/de/flapdoodle/embed/de.flapdoodle.embed.process/2.0.1/de.flapdoodle.embed.process-2.0.1.jar:/root/./workspace/reflexdemon/shop/383544338/.m2/commons-io/commons-io/2.4/commons-io-2.4.jar:/root/./workspace/reflexdemon/shop/383544338/.m2/org/apache/commons/commons-lang3/3.7/commons-lang3-3.7.jar:/root/./workspace/reflexdemon/shop/383544338/.m2/net/java/dev/jna/jna/4.5.0/jna-4.5.0.jar:/root/./workspace/reflexdemon/shop/383544338/.m2/net/java/dev/jna/jna-platform/4.5.0/jna-platform-4.5.0.jar:/root/./workspace/reflexdemon/shop/383544338/.m2/org/apache/commons/commons-compress/1.10/commons-compress-1.10.jar:/root/./workspace/reflexdemon/shop/383544338/.m2/org/springframework/security/spring-security-config/5.0.0.RELEASE/spring-security-config-5.0.0.RELEASE.jar:/root/./workspace/reflexdemon/shop/383544338/.m2/org/springframework/spring-beans/5.0.2.RELEASE/spring-beans-5.0.2.RELEASE.jar:/root/./workspace/reflexdemon/shop/383544338/.m2/org/springframework/spring-context/5.0.2.RELEASE/spring-context-5.0.2.RELEASE.jar:"/>
    <property name="java.vm.vendor" value="Oracle Corporation"/>
    <property name="skip.bower" value="true"/>
    <property name="sun.arch.data.model" value="64"/>
    <property name="java.vendor.url" value="http://java.oracle.com/"/>
    <property name="user.timezone" value=""/>
    <property name="java.vm.specification.version" value="1.8"/>
    <property name="os.name" value="Linux"/>
    <property name="rat.skip" value="true"/>
    <property name="gpg.skip" value="true"/>
    <property name="sun.java.launcher" value="SUN_STANDARD"/>
    <property name="sun.boot.library.path" value="/usr/lib/jvm/java-8-openjdk-amd64/jre/lib/amd64"/>
    <property name="skip.gulp" value="true"/>
    <property name="sun.java.command" value="/root/workspace/reflexdemon/shop/383544338/target/surefire/surefirebooter3495560319291307664.jar /root/workspace/reflexdemon/shop/383544338/target/surefire 2018-05-25T07-59-24_964-jvmRun1 surefire3297194108729102664tmp surefire_06604948887013159212tmp"/>
    <property name="dependency-check.skip" value="true"/>
    <property name="surefire.test.class.path" value="/root/workspace/reflexdemon/shop/383544338/target/test-classes:/root/workspace/reflexdemon/shop/383544338/target/classes:/root/./workspace/reflexdemon/shop/383544338/.m2/org/springframework/boot/spring-boot-starter-web/2.0.0.M7/spring-boot-starter-web-2.0.0.M7.jar:/root/./workspace/reflexdemon/shop/383544338/.m2/org/springframework/boot/spring-boot-starter/2.0.0.M7/spring-boot-starter-2.0.0.M7.jar:/root/./workspace/reflexdemon/shop/383544338/.m2/org/springframework/boot/spring-boot/2.0.0.M7/spring-boot-2.0.0.M7.jar:/root/./workspace/reflexdemon/shop/383544338/.m2/org/springframework/boot/spring-boot-autoconfigure/2.0.0.M7/spring-boot-autoconfigure-2.0.0.M7.jar:/root/./workspace/reflexdemon/shop/383544338/.m2/org/springframework/boot/spring-boot-starter-logging/2.0.0.M7/spring-boot-starter-logging-2.0.0.M7.jar:/root/./workspace/reflexdemon/shop/383544338/.m2/ch/qos/logback/logback-classic/1.2.3/logback-classic-1.2.3.jar:/root/./workspace/reflexdemon/shop/383544338/.m2/ch/qos/logback/logback-core/1.2.3/logback-core-1.2.3.jar:/root/./workspace/reflexdemon/shop/383544338/.m2/org/apache/logging/log4j/log4j-to-slf4j/2.10.0/log4j-to-slf4j-2.10.0.jar:/root/./workspace/reflexdemon/shop/383544338/.m2/org/apache/logging/log4j/log4j-api/2.10.0/log4j-api-2.10.0.jar:/root/./workspace/reflexdemon/shop/383544338/.m2/org/slf4j/jul-to-slf4j/1.7.25/jul-to-slf4j-1.7.25.jar:/root/./workspace/reflexdemon/shop/383544338/.m2/javax/annotation/javax.annotation-api/1.3.1/javax.annotation-api-1.3.1.jar:/root/./workspace/reflexdemon/shop/383544338/.m2/org/yaml/snakeyaml/1.19/snakeyaml-1.19.jar:/root/./workspace/reflexdemon/shop/383544338/.m2/org/springframework/boot/spring-boot-starter-json/2.0.0.M7/spring-boot-starter-json-2.0.0.M7.jar:/root/./workspace/reflexdemon/shop/383544338/.m2/com/fasterxml/jackson/datatype/jackson-datatype-jdk8/2.9.2/jackson-datatype-jdk8-2.9.2.jar:/root/./workspace/reflexdemon/shop/383544338/.m2/com/fasterxml/jackson/datatype/jackson-datatype-jsr310/2.9.2/jackson-datatype-jsr310-2.9.2.jar:/root/./workspace/reflexdemon/shop/383544338/.m2/com/fasterxml/jackson/module/jackson-module-parameter-names/2.9.2/jackson-module-parameter-names-2.9.2.jar:/root/./workspace/reflexdemon/shop/383544338/.m2/org/springframework/boot/spring-boot-starter-tomcat/2.0.0.M7/spring-boot-starter-tomcat-2.0.0.M7.jar:/root/./workspace/reflexdemon/shop/383544338/.m2/org/apache/tomcat/embed/tomcat-embed-core/8.5.23/tomcat-embed-core-8.5.23.jar:/root/./workspace/reflexdemon/shop/383544338/.m2/org/apache/tomcat/tomcat-annotations-api/8.5.23/tomcat-annotations-api-8.5.23.jar:/root/./workspace/reflexdemon/shop/383544338/.m2/org/apache/tomcat/embed/tomcat-embed-el/8.5.23/tomcat-embed-el-8.5.23.jar:/root/./workspace/reflexdemon/shop/383544338/.m2/org/apache/tomcat/embed/tomcat-embed-websocket/8.5.23/tomcat-embed-websocket-8.5.23.jar:/root/./workspace/reflexdemon/shop/383544338/.m2/org/hibernate/validator/hibernate-validator/6.0.5.Final/hibernate-validator-6.0.5.Final.jar:/root/./workspace/reflexdemon/shop/383544338/.m2/javax/validation/validation-api/2.0.0.Final/validation-api-2.0.0.Final.jar:/root/./workspace/reflexdemon/shop/383544338/.m2/org/jboss/logging/jboss-logging/3.3.1.Final/jboss-logging-3.3.1.Final.jar:/root/./workspace/reflexdemon/shop/383544338/.m2/org/springframework/spring-web/5.0.2.RELEASE/spring-web-5.0.2.RELEASE.jar:/root/./workspace/reflexdemon/shop/383544338/.m2/org/springframework/spring-webmvc/5.0.2.RELEASE/spring-webmvc-5.0.2.RELEASE.jar:/root/./workspace/reflexdemon/shop/383544338/.m2/org/springframework/spring-expression/5.0.2.RELEASE/spring-expression-5.0.2.RELEASE.jar:/root/./workspace/reflexdemon/shop/383544338/.m2/org/springframework/boot/spring-boot-starter-data-mongodb/2.0.0.M7/spring-boot-starter-data-mongodb-2.0.0.M7.jar:/root/./workspace/reflexdemon/shop/383544338/.m2/org/mongodb/mongodb-driver/3.5.0/mongodb-driver-3.5.0.jar:/root/./workspace/reflexdemon/shop/383544338/.m2/org/mongodb/bson/3.5.0/bson-3.5.0.jar:/root/./workspace/reflexdemon/shop/383544338/.m2/org/mongodb/mongodb-driver-core/3.5.0/mongodb-driver-core-3.5.0.jar:/root/./workspace/reflexdemon/shop/383544338/.m2/org/springframework/data/spring-data-mongodb/2.0.2.RELEASE/spring-data-mongodb-2.0.2.RELEASE.jar:/root/./workspace/reflexdemon/shop/383544338/.m2/org/springframework/spring-tx/5.0.2.RELEASE/spring-tx-5.0.2.RELEASE.jar:/root/./workspace/reflexdemon/shop/383544338/.m2/org/springframework/data/spring-data-commons/2.0.2.RELEASE/spring-data-commons-2.0.2.RELEASE.jar:/root/./workspace/reflexdemon/shop/383544338/.m2/org/springframework/boot/spring-boot-starter-test/2.0.0.M7/spring-boot-starter-test-2.0.0.M7.jar:/root/./workspace/reflexdemon/shop/383544338/.m2/org/springframework/boot/spring-boot-test/2.0.0.M7/spring-boot-test-2.0.0.M7.jar:/root/./workspace/reflexdemon/shop/383544338/.m2/org/springframework/boot/spring-boot-test-autoconfigure/2.0.0.M7/spring-boot-test-autoconfigure-2.0.0.M7.jar:/root/./workspace/reflexdemon/shop/383544338/.m2/org/assertj/assertj-core/3.8.0/assertj-core-3.8.0.jar:/root/./workspace/reflexdemon/shop/383544338/.m2/org/mockito/mockito-core/2.12.0/mockito-core-2.12.0.jar:/root/./workspace/reflexdemon/shop/383544338/.m2/net/bytebuddy/byte-buddy/1.7.9/byte-buddy-1.7.9.jar:/root/./workspace/reflexdemon/shop/383544338/.m2/net/bytebuddy/byte-buddy-agent/1.7.9/byte-buddy-agent-1.7.9.jar:/root/./workspace/reflexdemon/shop/383544338/.m2/org/objenesis/objenesis/2.6/objenesis-2.6.jar:/root/./workspace/reflexdemon/shop/383544338/.m2/org/hamcrest/hamcrest-core/1.3/hamcrest-core-1.3.jar:/root/./workspace/reflexdemon/shop/383544338/.m2/org/hamcrest/hamcrest-library/1.3/hamcrest-library-1.3.jar:/root/./workspace/reflexdemon/shop/383544338/.m2/org/skyscreamer/jsonassert/1.5.0/jsonassert-1.5.0.jar:/root/./workspace/reflexdemon/shop/383544338/.m2/com/vaadin/external/google/android-json/0.0.20131108.vaadin1/android-json-0.0.20131108.vaadin1.jar:/root/./workspace/reflexdemon/shop/383544338/.m2/org/springframework/spring-core/5.0.2.RELEASE/spring-core-5.0.2.RELEASE.jar:/root/./workspace/reflexdemon/shop/383544338/.m2/org/springframework/spring-jcl/5.0.2.RELEASE/spring-jcl-5.0.2.RELEASE.jar:/root/./workspace/reflexdemon/shop/383544338/.m2/org/xmlunit/xmlunit-core/2.5.1/xmlunit-core-2.5.1.jar:/root/./workspace/reflexdemon/shop/383544338/.m2/org/springframework/boot/spring-boot-starter-aop/2.0.0.M7/spring-boot-starter-aop-2.0.0.M7.jar:/root/./workspace/reflexdemon/shop/383544338/.m2/org/springframework/spring-aop/5.0.2.RELEASE/spring-aop-5.0.2.RELEASE.jar:/root/./workspace/reflexdemon/shop/383544338/.m2/org/aspectj/aspectjweaver/1.8.13/aspectjweaver-1.8.13.jar:/root/./workspace/reflexdemon/shop/383544338/.m2/org/springframework/boot/spring-boot-starter-security/2.0.0.M7/spring-boot-starter-security-2.0.0.M7.jar:/root/./workspace/reflexdemon/shop/383544338/.m2/org/springframework/security/spring-security-web/5.0.0.RELEASE/spring-security-web-5.0.0.RELEASE.jar:/root/./workspace/reflexdemon/shop/383544338/.m2/org/springframework/boot/spring-boot-starter-thymeleaf/2.0.0.M7/spring-boot-starter-thymeleaf-2.0.0.M7.jar:/root/./workspace/reflexdemon/shop/383544338/.m2/org/thymeleaf/thymeleaf-spring5/3.0.9.RELEASE/thymeleaf-spring5-3.0.9.RELEASE.jar:/root/./workspace/reflexdemon/shop/383544338/.m2/org/thymeleaf/thymeleaf/3.0.9.RELEASE/thymeleaf-3.0.9.RELEASE.jar:/root/./workspace/reflexdemon/shop/383544338/.m2/org/attoparser/attoparser/2.0.4.RELEASE/attoparser-2.0.4.RELEASE.jar:/root/./workspace/reflexdemon/shop/383544338/.m2/org/unbescape/unbescape/1.1.5.RELEASE/unbescape-1.1.5.RELEASE.jar:/root/./workspace/reflexdemon/shop/383544338/.m2/org/thymeleaf/extras/thymeleaf-extras-java8time/3.0.1.RELEASE/thymeleaf-extras-java8time-3.0.1.RELEASE.jar:/root/./workspace/reflexdemon/shop/383544338/.m2/org/springframework/boot/spring-boot-starter-activemq/2.0.0.M7/spring-boot-starter-activemq-2.0.0.M7.jar:/root/./workspace/reflexdemon/shop/383544338/.m2/org/springframework/spring-jms/5.0.2.RELEASE/spring-jms-5.0.2.RELEASE.jar:/root/./workspace/reflexdemon/shop/383544338/.m2/org/springframework/spring-messaging/5.0.2.RELEASE/spring-messaging-5.0.2.RELEASE.jar:/root/./workspace/reflexdemon/shop/383544338/.m2/javax/jms/javax.jms-api/2.0.1/javax.jms-api-2.0.1.jar:/root/./workspace/reflexdemon/shop/383544338/.m2/org/apache/activemq/activemq-broker/5.15.2/activemq-broker-5.15.2.jar:/root/./workspace/reflexdemon/shop/383544338/.m2/org/apache/activemq/activemq-client/5.15.2/activemq-client-5.15.2.jar:/root/./workspace/reflexdemon/shop/383544338/.m2/org/apache/geronimo/specs/geronimo-jms_1.1_spec/1.1.1/geronimo-jms_1.1_spec-1.1.1.jar:/root/./workspace/reflexdemon/shop/383544338/.m2/org/fusesource/hawtbuf/hawtbuf/1.11/hawtbuf-1.11.jar:/root/./workspace/reflexdemon/shop/383544338/.m2/org/apache/geronimo/specs/geronimo-j2ee-management_1.1_spec/1.0.1/geronimo-j2ee-management_1.1_spec-1.0.1.jar:/root/./workspace/reflexdemon/shop/383544338/.m2/org/apache/activemq/activemq-openwire-legacy/5.15.2/activemq-openwire-legacy-5.15.2.jar:/root/./workspace/reflexdemon/shop/383544338/.m2/com/google/guava/guava/18.0/guava-18.0.jar:/root/./workspace/reflexdemon/shop/383544338/.m2/com/fasterxml/jackson/core/jackson-databind/2.9.2/jackson-databind-2.9.2.jar:/root/./workspace/reflexdemon/shop/383544338/.m2/com/fasterxml/jackson/core/jackson-annotations/2.9.0/jackson-annotations-2.9.0.jar:/root/./workspace/reflexdemon/shop/383544338/.m2/com/fasterxml/jackson/core/jackson-core/2.9.2/jackson-core-2.9.2.jar:/root/./workspace/reflexdemon/shop/383544338/.m2/org/springframework/spring-test/5.0.2.RELEASE/spring-test-5.0.2.RELEASE.jar:/root/./workspace/reflexdemon/shop/383544338/.m2/org/springframework/security/spring-security-test/5.0.0.RELEASE/spring-security-test-5.0.0.RELEASE.jar:/root/./workspace/reflexdemon/shop/383544338/.m2/org/springframework/security/spring-security-core/5.0.0.RELEASE/spring-security-core-5.0.0.RELEASE.jar:/root/./workspace/reflexdemon/shop/383544338/.m2/junit/junit/4.12/junit-4.12.jar:/root/./workspace/reflexdemon/shop/383544338/.m2/com/jayway/jsonpath/json-path/2.4.0/json-path-2.4.0.jar:/root/./workspace/reflexdemon/shop/383544338/.m2/net/minidev/json-smart/2.3/json-smart-2.3.jar:/root/./workspace/reflexdemon/shop/383544338/.m2/net/minidev/accessors-smart/1.2/accessors-smart-1.2.jar:/root/./workspace/reflexdemon/shop/383544338/.m2/org/ow2/asm/asm/5.0.4/asm-5.0.4.jar:/root/./workspace/reflexdemon/shop/383544338/.m2/org/slf4j/slf4j-api/1.7.25/slf4j-api-1.7.25.jar:/root/./workspace/reflexdemon/shop/383544338/.m2/io/springfox/springfox-swagger-ui/2.7.0/springfox-swagger-ui-2.7.0.jar:/root/./workspace/reflexdemon/shop/383544338/.m2/io/springfox/springfox-spring-web/2.7.0/springfox-spring-web-2.7.0.jar:/root/./workspace/reflexdemon/shop/383544338/.m2/org/reflections/reflections/0.9.11/reflections-0.9.11.jar:/root/./workspace/reflexdemon/shop/383544338/.m2/org/javassist/javassist/3.22.0-CR2/javassist-3.22.0-CR2.jar:/root/./workspace/reflexdemon/shop/383544338/.m2/io/springfox/springfox-swagger2/2.7.0/springfox-swagger2-2.7.0.jar:/root/./workspace/reflexdemon/shop/383544338/.m2/io/swagger/swagger-annotations/1.5.13/swagger-annotations-1.5.13.jar:/root/./workspace/reflexdemon/shop/383544338/.m2/io/swagger/swagger-models/1.5.13/swagger-models-1.5.13.jar:/root/./workspace/reflexdemon/shop/383544338/.m2/io/springfox/springfox-spi/2.7.0/springfox-spi-2.7.0.jar:/root/./workspace/reflexdemon/shop/383544338/.m2/io/springfox/springfox-core/2.7.0/springfox-core-2.7.0.jar:/root/./workspace/reflexdemon/shop/383544338/.m2/io/springfox/springfox-schema/2.7.0/springfox-schema-2.7.0.jar:/root/./workspace/reflexdemon/shop/383544338/.m2/io/springfox/springfox-swagger-common/2.7.0/springfox-swagger-common-2.7.0.jar:/root/./workspace/reflexdemon/shop/383544338/.m2/com/fasterxml/classmate/1.3.4/classmate-1.3.4.jar:/root/./workspace/reflexdemon/shop/383544338/.m2/org/springframework/plugin/spring-plugin-core/1.2.0.RELEASE/spring-plugin-core-1.2.0.RELEASE.jar:/root/./workspace/reflexdemon/shop/383544338/.m2/org/springframework/plugin/spring-plugin-metadata/1.2.0.RELEASE/spring-plugin-metadata-1.2.0.RELEASE.jar:/root/./workspace/reflexdemon/shop/383544338/.m2/org/mapstruct/mapstruct/1.1.0.Final/mapstruct-1.1.0.Final.jar:/root/./workspace/reflexdemon/shop/383544338/.m2/de/flapdoodle/embed/de.flapdoodle.embed.mongo/2.0.0/de.flapdoodle.embed.mongo-2.0.0.jar:/root/./workspace/reflexdemon/shop/383544338/.m2/de/flapdoodle/embed/de.flapdoodle.embed.process/2.0.1/de.flapdoodle.embed.process-2.0.1.jar:/root/./workspace/reflexdemon/shop/383544338/.m2/commons-io/commons-io/2.4/commons-io-2.4.jar:/root/./workspace/reflexdemon/shop/383544338/.m2/org/apache/commons/commons-lang3/3.7/commons-lang3-3.7.jar:/root/./workspace/reflexdemon/shop/383544338/.m2/net/java/dev/jna/jna/4.5.0/jna-4.5.0.jar:/root/./workspace/reflexdemon/shop/383544338/.m2/net/java/dev/jna/jna-platform/4.5.0/jna-platform-4.5.0.jar:/root/./workspace/reflexdemon/shop/383544338/.m2/org/apache/commons/commons-compress/1.10/commons-compress-1.10.jar:/root/./workspace/reflexdemon/shop/383544338/.m2/org/springframework/security/spring-security-config/5.0.0.RELEASE/spring-security-config-5.0.0.RELEASE.jar:/root/./workspace/reflexdemon/shop/383544338/.m2/org/springframework/spring-beans/5.0.2.RELEASE/spring-beans-5.0.2.RELEASE.jar:/root/./workspace/reflexdemon/shop/383544338/.m2/org/springframework/spring-context/5.0.2.RELEASE/spring-context-5.0.2.RELEASE.jar:"/>
    <property name="sun.cpu.endian" value="little"/>
    <property name="user.home" value="/root"/>
    <property name="user.language" value="en"/>
    <property name="java.specification.vendor" value="Oracle Corporation"/>
    <property name="java.home" value="/usr/lib/jvm/java-8-openjdk-amd64/jre"/>
    <property name="basedir" value="/root/workspace/reflexdemon/shop/383544338"/>
    <property name="file.separator" value="/"/>
    <property name="checkstyle.skip" value="true"/>
    <property name="line.separator" value="&#10;"/>
    <property name="skip.npm" value="true"/>
    <property name="java.vm.specification.vendor" value="Oracle Corporation"/>
    <property name="java.specification.name" value="Java Platform API Specification"/>
    <property name="java.awt.graphicsenv" value="sun.awt.X11GraphicsEnvironment"/>
    <property name="skipITs" value="true"/>
    <property name="surefire.real.class.path" value="/root/workspace/reflexdemon/shop/383544338/target/surefire/surefirebooter3495560319291307664.jar"/>
    <property name="cobertura.skip" value="true"/>
    <property name="sun.boot.class.path" value="/usr/lib/jvm/java-8-openjdk-amd64/jre/lib/resources.jar:/usr/lib/jvm/java-8-openjdk-amd64/jre/lib/rt.jar:/usr/lib/jvm/java-8-openjdk-amd64/jre/lib/sunrsasign.jar:/usr/lib/jvm/java-8-openjdk-amd64/jre/lib/jsse.jar:/usr/lib/jvm/java-8-openjdk-amd64/jre/lib/jce.jar:/usr/lib/jvm/java-8-openjdk-amd64/jre/lib/charsets.jar:/usr/lib/jvm/java-8-openjdk-amd64/jre/lib/jfr.jar:/usr/lib/jvm/java-8-openjdk-amd64/jre/classes"/>
    <property name="sun.management.compiler" value="HotSpot 64-Bit Tiered Compilers"/>
    <property name="java.runtime.version" value="1.8.0_121-8u121-b13-1~bpo8+1-b13"/>
    <property name="user.name" value="root"/>
    <property name="findbugs.skip" value="true"/>
    <property name="path.separator" value=":"/>
    <property name="os.version" value="4.15.0-20-generic"/>
    <property name="java.endorsed.dirs" value="/usr/lib/jvm/java-8-openjdk-amd64/jre/lib/endorsed"/>
    <property name="java.runtime.name" value="OpenJDK Runtime Environment"/>
    <property name="file.encoding" value="UTF-8"/>
    <property name="java.vm.name" value="OpenJDK 64-Bit Server VM"/>
    <property name="localRepository" value="/root/./workspace/reflexdemon/shop/383544338/.m2"/>
    <property name="java.vendor.url.bug" value="http://bugreport.sun.com/bugreport/"/>
    <property name="java.io.tmpdir" value="/tmp"/>
    <property name="java.version" value="1.8.0_121"/>
    <property name="user.dir" value="/root/workspace/reflexdemon/shop/383544338"/>
    <property name="os.arch" value="amd64"/>
    <property name="license.skip" value="true"/>
    <property name="java.vm.specification.name" value="Java Virtual Machine Specification"/>
    <property name="java.awt.printerjob" value="sun.print.PSPrinterJob"/>
    <property name="sun.os.patch.level" value="unknown"/>
    <property name="java.library.path" value="/usr/java/packages/lib/amd64:/usr/lib/x86_64-linux-gnu/jni:/lib/x86_64-linux-gnu:/usr/lib/x86_64-linux-gnu:/usr/lib/jni:/lib:/usr/lib"/>
    <property name="java.vm.info" value="mixed mode"/>
    <property name="java.vendor" value="Oracle Corporation"/>
    <property name="java.vm.version" value="25.121-b13"/>
    <property name="java.ext.dirs" value="/usr/lib/jvm/java-8-openjdk-amd64/jre/lib/ext:/usr/java/packages/lib/ext"/>
    <property name="sun.io.unicode.encoding" value="UnicodeLittle"/>
    <property name="maven.repo.local" value="/root/./workspace/reflexdemon/shop/383544338/.m2"/>
    <property name="enforcer.skip" value="true"/>
    <property name="java.class.version" value="52.0"/>
  </properties>
  <testcase name="getNextSequenceId" classname="org.shop.dao.impl.SequenceImplTest" time="2.894">
    <failure message="Sequence is generated" type="java.lang.AssertionError">java.lang.AssertionError: Sequence is generated
	at org.shop.dao.impl.SequenceImplTest.getNextSequenceId(SequenceImplTest.java:20)
</failure>
    <system-out><![CDATA[note: noprealloc may hurt performance in many applications
[mongod output] 2018-05-25T06:06:35.901+0000 I CONTROL  [initandlisten] MongoDB starting : pid=28180 port=12345 dbpath=/tmp/embedmongo-db-b6a1fc40-53e0-4568-9729-2fcf6e13066b 64-bit host=spirals-HP-Z400-Workstation
[mongod output] 2018-05-25T06:06:35.901+0000 I CONTROL  [initandlisten] db version v3.4.1
[mongod output] 2018-05-25T06:06:35.901+0000 I CONTROL  [initandlisten] git version: 5e103c4f5583e2566a45d740225dc250baacfbd7
[mongod output] 2018-05-25T06:06:35.901+0000 I CONTROL  [initandlisten] allocator: tcmalloc
[mongod output] 2018-05-25T06:06:35.901+0000 I CONTROL  [initandlisten] modules: none
[mongod output] 2018-05-25T06:06:35.901+0000 I CONTROL  [initandlisten] build environment:
[mongod output] 2018-05-25T06:06:35.901+0000 I CONTROL  [initandlisten]     distarch: x86_64
[mongod output] 2018-05-25T06:06:35.901+0000 I CONTROL  [initandlisten]     target_arch: x86_64
[mongod output] 2018-05-25T06:06:35.901+0000 I CONTROL  [initandlisten] options: { net: { bindIp: "localhost", http: { enabled: false }, port: 12345 }, security: { authorization: "disabled" }, storage: { dbPath: "/tmp/embedmongo-db-b6a1fc40-53e0-4568-9729-2fcf6e13066b", journal: { enabled: false }, mmapv1: { preallocDataFiles: false, smallFiles: true }, syncPeriodSecs: 0.0 } }
[mongod output] 2018-05-25T06:06:35.904+0000 I STORAGE  [initandlisten] wiredtiger_open config: create,cache_size=7499M,session_max=20000,eviction=(threads_max=4),config_base=false,statistics=(fast),log=(enabled=true,archive=true,path=journal,compressor=snappy),file_manager=(close_idle_time=100000),checkpoint=(wait=0,log_size=2GB),statistics_log=(wait=0),,log=(enabled=false),
[mongod output] 2018-05-25T06:06:36.578+0000 W STORAGE  [initandlisten] Detected configuration for non-active storage engine mmapv1 when current storage engine is wiredTiger
[mongod output] 2018-05-25T06:06:36.578+0000 I CONTROL  [initandlisten] ** WARNING: You are running this process as the root user, which is not recommended.
[mongod output] 2018-05-25T06:06:36.578+0000 I CONTROL  [initandlisten] 
[mongod output] 2018-05-25T06:06:37.023+0000 I FTDC     [initandlisten] Initializing full-time diagnostic data capture with directory '/tmp/embedmongo-db-b6a1fc40-53e0-4568-9729-2fcf6e13066b/diagnostic.data'
[mongod output] 2018-05-25T06:06:37.554+0000 I INDEX    [initandlisten] build index on: admin.system.version properties: { v: 2, key: { version: 1 }, name: "incompatible_with_version_32", ns: "admin.system.version" }
[mongod output] 2018-05-25T06:06:37.554+0000 I INDEX    [initandlisten] 	 building index using bulk method; build may temporarily use up to 500 megabytes of RAM
[mongod output] 2018-05-25T06:06:37.555+0000 I INDEX    [initandlisten] build index done.  scanned 0 total records. 0 secs
[mongod output] 2018-05-25T06:06:37.555+0000 I COMMAND  [initandlisten] setting featureCompatibilityVersion to 3.4
[mongod output] 2018-05-25T06:06:37.556+0000 I NETWORK  [thread1] waiting for connections on port 12345
[mongod output] 2018-05-25T06:06:37.558+0000 I NETWORK  [thread1] connection accepted from 127.0.0.1:57862 #1 (1 connection now open)
[mongod output] Absolute Path/root/workspace/reflexdemon/shop/383544338/./data/products.json
2018-05-25T06:06:37.558+0000 I NETWORK  [conn1] received client metadata from 127.0.0.1:57862 conn1: { driver: { name: "mongo-java-driver", version: "3.5.0" }, os: { type: "Linux", name: "Linux", architecture: "amd64", version: "4.15.0-20-generic" }, platform: "Java/Oracle Corporation/1.8.0_121-8u121-b13-1~bpo8+1-b13" }
[mongod output] Product Loading is complete
Absolute Path/root/workspace/reflexdemon/shop/383544338/./data/pricing.json
2018-05-25T06:06:37.817+0000 I NETWORK  [thread1] connection accepted from 127.0.0.1:57864 #2 (2 connections now open)
[mongod output] 2018-05-25T06:06:37.817+0000 I NETWORK  [conn2] received client metadata from 127.0.0.1:57864 conn2: { driver: { name: "mongo-java-driver", version: "3.5.0" }, os: { type: "Linux", name: "Linux", architecture: "amd64", version: "4.15.0-20-generic" }, platform: "Java/Oracle Corporation/1.8.0_121-8u121-b13-1~bpo8+1-b13" }
[mongod output] 2018-05-25T06:06:37.910+0000 I NETWORK  [thread1] connection accepted from 127.0.0.1:57866 #3 (3 connections now open)
[mongod output] 2018-05-25T06:06:37.910+0000 I NETWORK  [conn3] received client metadata from 127.0.0.1:57866 conn3: { driver: { name: "mongo-java-driver", version: "3.5.0" }, os: { type: "Linux", name: "Linux", architecture: "amd64", version: "4.15.0-20-generic" }, platform: "Java/Oracle Corporation/1.8.0_121-8u121-b13-1~bpo8+1-b13" }
[mongod output] Pricing Loading is complete
Absolute Path/root/workspace/reflexdemon/shop/383544338/./data/users.json
User Loading is complete
2018-05-25T06:06:38.226+0000 I NETWORK  [thread1] connection accepted from 127.0.0.1:57868 #4 (4 connections now open)
[mongod output] 2018-05-25T06:06:38.226+0000 I COMMAND  [conn4] terminating, shutdown command received
[mongod output] 2018-05-25T06:06:38.226+0000 I NETWORK  [conn4] shutdown: going to close listening sockets...
[mongod output] 2018-05-25T06:06:38.226+0000 I NETWORK  [conn4] closing listening socket: 6
[mongod output] 2018-05-25T06:06:38.226+0000 I NETWORK  [conn4] closing listening socket: 7
[mongod output] 2018-05-25T06:06:38.226+0000 I NETWORK  [conn4] removing socket file: /tmp/mongodb-12345.sock
[mongod output] 2018-05-25T06:06:38.226+0000 I NETWORK  [conn4] shutdown: going to flush diaglog...
[mongod output] 2018-05-25T06:06:38.226+0000 I FTDC     [conn4] Shutting down full-time diagnostic data capture
[mongod output] 2018-05-25T06:06:38.228+0000 I STORAGE  [conn4] WiredTigerKVEngine shutting down
[mongod output] 2018-05-25T06:06:38.566+0000 I STORAGE  [conn4] shutdown: removing fs lock...
[mongod output] 2018-05-25T06:06:38.566+0000 I CONTROL  [conn4] now exiting
[mongod output] 2018-05-25T06:06:38.566+0000 I CONTROL  [conn4] shutting down with code:0
[mongod output] 
]]></system-out>
  </testcase>
  <testcase name="loadContext" classname="org.shop.dao.impl.SequenceImplTest" time="2.561"/>
</testsuite>