<?xml version="1.0" encoding="UTF-8"?>
<testsuite xmlns:xsi="http://www.w3.org/2001/XMLSchema-instance" xsi:noNamespaceSchemaLocation="https://maven.apache.org/surefire/maven-surefire-plugin/xsd/surefire-test-report.xsd" name="org.shop.suite.IntegrationTests" time="375.302" tests="21" errors="0" skipped="0" failures="0">
  <properties>
    <property name="awt.toolkit" value="sun.awt.X11.XToolkit"/>
    <property name="file.encoding.pkg" value="sun.io"/>
    <property name="java.specification.version" value="1.8"/>
    <property name="sun.cpu.isalist" value=""/>
    <property name="sun.jnu.encoding" value="UTF-8"/>
    <property name="java.class.path" value="/root/workspace/reflexdemon/shop/383544338/target/test-classes:/root/workspace/reflexdemon/shop/383544338/target/classes:/root/./workspace/reflexdemon/shop/383544338/.m2/org/springframework/boot/spring-boot-starter-web/2.0.0.M7/spring-boot-starter-web-2.0.0.M7.jar:/root/./workspace/reflexdemon/shop/383544338/.m2/org/springframework/boot/spring-boot-starter/2.0.0.M7/spring-boot-starter-2.0.0.M7.jar:/root/./workspace/reflexdemon/shop/383544338/.m2/org/springframework/boot/spring-boot/2.0.0.M7/spring-boot-2.0.0.M7.jar:/root/./workspace/reflexdemon/shop/383544338/.m2/org/springframework/boot/spring-boot-autoconfigure/2.0.0.M7/spring-boot-autoconfigure-2.0.0.M7.jar:/root/./workspace/reflexdemon/shop/383544338/.m2/org/springframework/boot/spring-boot-starter-logging/2.0.0.M7/spring-boot-starter-logging-2.0.0.M7.jar:/root/./workspace/reflexdemon/shop/383544338/.m2/ch/qos/logback/logback-classic/1.2.3/logback-classic-1.2.3.jar:/root/./workspace/reflexdemon/shop/383544338/.m2/ch/qos/logback/logback-core/1.2.3/logback-core-1.2.3.jar:/root/./workspace/reflexdemon/shop/383544338/.m2/org/apache/logging/log4j/log4j-to-slf4j/2.10.0/log4j-to-slf4j-2.10.0.jar:/root/./workspace/reflexdemon/shop/383544338/.m2/org/apache/logging/log4j/log4j-api/2.10.0/log4j-api-2.10.0.jar:/root/./workspace/reflexdemon/shop/383544338/.m2/org/slf4j/jul-to-slf4j/1.7.25/jul-to-slf4j-1.7.25.jar:/root/./workspace/reflexdemon/shop/383544338/.m2/javax/annotation/javax.annotation-api/1.3.1/javax.annotation-api-1.3.1.jar:/root/./workspace/reflexdemon/shop/383544338/.m2/org/yaml/snakeyaml/1.19/snakeyaml-1.19.jar:/root/./workspace/reflexdemon/shop/383544338/.m2/org/springframework/boot/spring-boot-starter-json/2.0.0.M7/spring-boot-starter-json-2.0.0.M7.jar:/root/./workspace/reflexdemon/shop/383544338/.m2/com/fasterxml/jackson/datatype/jackson-datatype-jdk8/2.9.2/jackson-datatype-jdk8-2.9.2.jar:/root/./workspace/reflexdemon/shop/383544338/.m2/com/fasterxml/jackson/datatype/jackson-datatype-jsr310/2.9.2/jackson-datatype-jsr310-2.9.2.jar:/root/./workspace/reflexdemon/shop/383544338/.m2/com/fasterxml/jackson/module/jackson-module-parameter-names/2.9.2/jackson-module-parameter-names-2.9.2.jar:/root/./workspace/reflexdemon/shop/383544338/.m2/org/springframework/boot/spring-boot-starter-tomcat/2.0.0.M7/spring-boot-starter-tomcat-2.0.0.M7.jar:/root/./workspace/reflexdemon/shop/383544338/.m2/org/apache/tomcat/embed/tomcat-embed-core/8.5.23/tomcat-embed-core-8.5.23.jar:/root/./workspace/reflexdemon/shop/383544338/.m2/org/apache/tomcat/tomcat-annotations-api/8.5.23/tomcat-annotations-api-8.5.23.jar:/root/./workspace/reflexdemon/shop/383544338/.m2/org/apache/tomcat/embed/tomcat-embed-el/8.5.23/tomcat-embed-el-8.5.23.jar:/root/./workspace/reflexdemon/shop/383544338/.m2/org/apache/tomcat/embed/tomcat-embed-websocket/8.5.23/tomcat-embed-websocket-8.5.23.jar:/root/./workspace/reflexdemon/shop/383544338/.m2/org/hibernate/validator/hibernate-validator/6.0.5.Final/hibernate-validator-6.0.5.Final.jar:/root/./workspace/reflexdemon/shop/383544338/.m2/javax/validation/validation-api/2.0.0.Final/validation-api-2.0.0.Final.jar:/root/./workspace/reflexdemon/shop/383544338/.m2/org/jboss/logging/jboss-logging/3.3.1.Final/jboss-logging-3.3.1.Final.jar:/root/./workspace/reflexdemon/shop/383544338/.m2/org/springframework/spring-web/5.0.2.RELEASE/spring-web-5.0.2.RELEASE.jar:/root/./workspace/reflexdemon/shop/383544338/.m2/org/springframework/spring-webmvc/5.0.2.RELEASE/spring-webmvc-5.0.2.RELEASE.jar:/root/./workspace/reflexdemon/shop/383544338/.m2/org/springframework/spring-expression/5.0.2.RELEASE/spring-expression-5.0.2.RELEASE.jar:/root/./workspace/reflexdemon/shop/383544338/.m2/org/springframework/boot/spring-boot-starter-data-mongodb/2.0.0.M7/spring-boot-starter-data-mongodb-2.0.0.M7.jar:/root/./workspace/reflexdemon/shop/383544338/.m2/org/mongodb/mongodb-driver/3.5.0/mongodb-driver-3.5.0.jar:/root/./workspace/reflexdemon/shop/383544338/.m2/org/mongodb/bson/3.5.0/bson-3.5.0.jar:/root/./workspace/reflexdemon/shop/383544338/.m2/org/mongodb/mongodb-driver-core/3.5.0/mongodb-driver-core-3.5.0.jar:/root/./workspace/reflexdemon/shop/383544338/.m2/org/springframework/data/spring-data-mongodb/2.0.2.RELEASE/spring-data-mongodb-2.0.2.RELEASE.jar:/root/./workspace/reflexdemon/shop/383544338/.m2/org/springframework/spring-tx/5.0.2.RELEASE/spring-tx-5.0.2.RELEASE.jar:/root/./workspace/reflexdemon/shop/383544338/.m2/org/springframework/data/spring-data-commons/2.0.2.RELEASE/spring-data-commons-2.0.2.RELEASE.jar:/root/./workspace/reflexdemon/shop/383544338/.m2/org/springframework/boot/spring-boot-starter-test/2.0.0.M7/spring-boot-starter-test-2.0.0.M7.jar:/root/./workspace/reflexdemon/shop/383544338/.m2/org/springframework/boot/spring-boot-test/2.0.0.M7/spring-boot-test-2.0.0.M7.jar:/root/./workspace/reflexdemon/shop/383544338/.m2/org/springframework/boot/spring-boot-test-autoconfigure/2.0.0.M7/spring-boot-test-autoconfigure-2.0.0.M7.jar:/root/./workspace/reflexdemon/shop/383544338/.m2/org/assertj/assertj-core/3.8.0/assertj-core-3.8.0.jar:/root/./workspace/reflexdemon/shop/383544338/.m2/org/mockito/mockito-core/2.12.0/mockito-core-2.12.0.jar:/root/./workspace/reflexdemon/shop/383544338/.m2/net/bytebuddy/byte-buddy/1.7.9/byte-buddy-1.7.9.jar:/root/./workspace/reflexdemon/shop/383544338/.m2/net/bytebuddy/byte-buddy-agent/1.7.9/byte-buddy-agent-1.7.9.jar:/root/./workspace/reflexdemon/shop/383544338/.m2/org/objenesis/objenesis/2.6/objenesis-2.6.jar:/root/./workspace/reflexdemon/shop/383544338/.m2/org/hamcrest/hamcrest-core/1.3/hamcrest-core-1.3.jar:/root/./workspace/reflexdemon/shop/383544338/.m2/org/hamcrest/hamcrest-library/1.3/hamcrest-library-1.3.jar:/root/./workspace/reflexdemon/shop/383544338/.m2/org/skyscreamer/jsonassert/1.5.0/jsonassert-1.5.0.jar:/root/./workspace/reflexdemon/shop/383544338/.m2/com/vaadin/external/google/android-json/0.0.20131108.vaadin1/android-json-0.0.20131108.vaadin1.jar:/root/./workspace/reflexdemon/shop/383544338/.m2/org/springframework/spring-core/5.0.2.RELEASE/spring-core-5.0.2.RELEASE.jar:/root/./workspace/reflexdemon/shop/383544338/.m2/org/springframework/spring-jcl/5.0.2.RELEASE/spring-jcl-5.0.2.RELEASE.jar:/root/./workspace/reflexdemon/shop/383544338/.m2/org/xmlunit/xmlunit-core/2.5.1/xmlunit-core-2.5.1.jar:/root/./workspace/reflexdemon/shop/383544338/.m2/org/springframework/boot/spring-boot-starter-aop/2.0.0.M7/spring-boot-starter-aop-2.0.0.M7.jar:/root/./workspace/reflexdemon/shop/383544338/.m2/org/springframework/spring-aop/5.0.2.RELEASE/spring-aop-5.0.2.RELEASE.jar:/root/./workspace/reflexdemon/shop/383544338/.m2/org/aspectj/aspectjweaver/1.8.13/aspectjweaver-1.8.13.jar:/root/./workspace/reflexdemon/shop/383544338/.m2/org/springframework/boot/spring-boot-starter-security/2.0.0.M7/spring-boot-starter-security-2.0.0.M7.jar:/root/./workspace/reflexdemon/shop/383544338/.m2/org/springframework/security/spring-security-web/5.0.0.RELEASE/spring-security-web-5.0.0.RELEASE.jar:/root/./workspace/reflexdemon/shop/383544338/.m2/org/springframework/boot/spring-boot-starter-thymeleaf/2.0.0.M7/spring-boot-starter-thymeleaf-2.0.0.M7.jar:/root/./workspace/reflexdemon/shop/383544338/.m2/org/thymeleaf/thymeleaf-spring5/3.0.9.RELEASE/thymeleaf-spring5-3.0.9.RELEASE.jar:/root/./workspace/reflexdemon/shop/383544338/.m2/org/thymeleaf/thymeleaf/3.0.9.RELEASE/thymeleaf-3.0.9.RELEASE.jar:/root/./workspace/reflexdemon/shop/383544338/.m2/org/attoparser/attoparser/2.0.4.RELEASE/attoparser-2.0.4.RELEASE.jar:/root/./workspace/reflexdemon/shop/383544338/.m2/org/unbescape/unbescape/1.1.5.RELEASE/unbescape-1.1.5.RELEASE.jar:/root/./workspace/reflexdemon/shop/383544338/.m2/org/thymeleaf/extras/thymeleaf-extras-java8time/3.0.1.RELEASE/thymeleaf-extras-java8time-3.0.1.RELEASE.jar:/root/./workspace/reflexdemon/shop/383544338/.m2/org/springframework/boot/spring-boot-starter-activemq/2.0.0.M7/spring-boot-starter-activemq-2.0.0.M7.jar:/root/./workspace/reflexdemon/shop/383544338/.m2/org/springframework/spring-jms/5.0.2.RELEASE/spring-jms-5.0.2.RELEASE.jar:/root/./workspace/reflexdemon/shop/383544338/.m2/org/springframework/spring-messaging/5.0.2.RELEASE/spring-messaging-5.0.2.RELEASE.jar:/root/./workspace/reflexdemon/shop/383544338/.m2/javax/jms/javax.jms-api/2.0.1/javax.jms-api-2.0.1.jar:/root/./workspace/reflexdemon/shop/383544338/.m2/org/apache/activemq/activemq-broker/5.15.2/activemq-broker-5.15.2.jar:/root/./workspace/reflexdemon/shop/383544338/.m2/org/apache/activemq/activemq-client/5.15.2/activemq-client-5.15.2.jar:/root/./workspace/reflexdemon/shop/383544338/.m2/org/apache/geronimo/specs/geronimo-jms_1.1_spec/1.1.1/geronimo-jms_1.1_spec-1.1.1.jar:/root/./workspace/reflexdemon/shop/383544338/.m2/org/fusesource/hawtbuf/hawtbuf/1.11/hawtbuf-1.11.jar:/root/./workspace/reflexdemon/shop/383544338/.m2/org/apache/geronimo/specs/geronimo-j2ee-management_1.1_spec/1.0.1/geronimo-j2ee-management_1.1_spec-1.0.1.jar:/root/./workspace/reflexdemon/shop/383544338/.m2/org/apache/activemq/activemq-openwire-legacy/5.15.2/activemq-openwire-legacy-5.15.2.jar:/root/./workspace/reflexdemon/shop/383544338/.m2/com/google/guava/guava/18.0/guava-18.0.jar:/root/./workspace/reflexdemon/shop/383544338/.m2/com/fasterxml/jackson/core/jackson-databind/2.9.2/jackson-databind-2.9.2.jar:/root/./workspace/reflexdemon/shop/383544338/.m2/com/fasterxml/jackson/core/jackson-annotations/2.9.0/jackson-annotations-2.9.0.jar:/root/./workspace/reflexdemon/shop/383544338/.m2/com/fasterxml/jackson/core/jackson-core/2.9.2/jackson-core-2.9.2.jar:/root/./workspace/reflexdemon/shop/383544338/.m2/org/springframework/spring-test/5.0.2.RELEASE/spring-test-5.0.2.RELEASE.jar:/root/./workspace/reflexdemon/shop/383544338/.m2/org/springframework/security/spring-security-test/5.0.0.RELEASE/spring-security-test-5.0.0.RELEASE.jar:/root/./workspace/reflexdemon/shop/383544338/.m2/org/springframework/security/spring-security-core/5.0.0.RELEASE/spring-security-core-5.0.0.RELEASE.jar:/root/./workspace/reflexdemon/shop/383544338/.m2/junit/junit/4.12/junit-4.12.jar:/root/./workspace/reflexdemon/shop/383544338/.m2/com/jayway/jsonpath/json-path/2.4.0/json-path-2.4.0.jar:/root/./workspace/reflexdemon/shop/383544338/.m2/net/minidev/json-smart/2.3/json-smart-2.3.jar:/root/./workspace/reflexdemon/shop/383544338/.m2/net/minidev/accessors-smart/1.2/accessors-smart-1.2.jar:/root/./workspace/reflexdemon/shop/383544338/.m2/org/ow2/asm/asm/5.0.4/asm-5.0.4.jar:/root/./workspace/reflexdemon/shop/383544338/.m2/org/slf4j/slf4j-api/1.7.25/slf4j-api-1.7.25.jar:/root/./workspace/reflexdemon/shop/383544338/.m2/io/springfox/springfox-swagger-ui/2.7.0/springfox-swagger-ui-2.7.0.jar:/root/./workspace/reflexdemon/shop/383544338/.m2/io/springfox/springfox-spring-web/2.7.0/springfox-spring-web-2.7.0.jar:/root/./workspace/reflexdemon/shop/383544338/.m2/org/reflections/reflections/0.9.11/reflections-0.9.11.jar:/root/./workspace/reflexdemon/shop/383544338/.m2/org/javassist/javassist/3.22.0-CR2/javassist-3.22.0-CR2.jar:/root/./workspace/reflexdemon/shop/383544338/.m2/io/springfox/springfox-swagger2/2.7.0/springfox-swagger2-2.7.0.jar:/root/./workspace/reflexdemon/shop/383544338/.m2/io/swagger/swagger-annotations/1.5.13/swagger-annotations-1.5.13.jar:/root/./workspace/reflexdemon/shop/383544338/.m2/io/swagger/swagger-models/1.5.13/swagger-models-1.5.13.jar:/root/./workspace/reflexdemon/shop/383544338/.m2/io/springfox/springfox-spi/2.7.0/springfox-spi-2.7.0.jar:/root/./workspace/reflexdemon/shop/383544338/.m2/io/springfox/springfox-core/2.7.0/springfox-core-2.7.0.jar:/root/./workspace/reflexdemon/shop/383544338/.m2/io/springfox/springfox-schema/2.7.0/springfox-schema-2.7.0.jar:/root/./workspace/reflexdemon/shop/383544338/.m2/io/springfox/springfox-swagger-common/2.7.0/springfox-swagger-common-2.7.0.jar:/root/./workspace/reflexdemon/shop/383544338/.m2/com/fasterxml/classmate/1.3.4/classmate-1.3.4.jar:/root/./workspace/reflexdemon/shop/383544338/.m2/org/springframework/plugin/spring-plugin-core/1.2.0.RELEASE/spring-plugin-core-1.2.0.RELEASE.jar:/root/./workspace/reflexdemon/shop/383544338/.m2/org/springframework/plugin/spring-plugin-metadata/1.2.0.RELEASE/spring-plugin-metadata-1.2.0.RELEASE.jar:/root/./workspace/reflexdemon/shop/383544338/.m2/org/mapstruct/mapstruct/1.1.0.Final/mapstruct-1.1.0.Final.jar:/root/./workspace/reflexdemon/shop/383544338/.m2/de/flapdoodle/embed/de.flapdoodle.embed.mongo/2.0.0/de.flapdoodle.embed.mongo-2.0.0.jar:/root/./workspace/reflexdemon/shop/383544338/.m2/de/flapdoodle/embed/de.flapdoodle.embed.process/2.0.1/de.flapdoodle.embed.process-2.0.1.jar:/root/./workspace/reflexdemon/shop/383544338/.m2/commons-io/commons-io/2.4/commons-io-2.4.jar:/root/./workspace/reflexdemon/shop/383544338/.m2/org/apache/commons/commons-lang3/3.7/commons-lang3-3.7.jar:/root/./workspace/reflexdemon/shop/383544338/.m2/net/java/dev/jna/jna/4.5.0/jna-4.5.0.jar:/root/./workspace/reflexdemon/shop/383544338/.m2/net/java/dev/jna/jna-platform/4.5.0/jna-platform-4.5.0.jar:/root/./workspace/reflexdemon/shop/383544338/.m2/org/apache/commons/commons-compress/1.10/commons-compress-1.10.jar:/root/./workspace/reflexdemon/shop/383544338/.m2/org/springframework/security/spring-security-config/5.0.0.RELEASE/spring-security-config-5.0.0.RELEASE.jar:/root/./workspace/reflexdemon/shop/383544338/.m2/org/springframework/spring-beans/5.0.2.RELEASE/spring-beans-5.0.2.RELEASE.jar:/root/./workspace/reflexdemon/shop/383544338/.m2/org/springframework/spring-context/5.0.2.RELEASE/spring-context-5.0.2.RELEASE.jar:"/>
    <property name="java.vm.vendor" value="Oracle Corporation"/>
    <property name="skip.bower" value="true"/>
    <property name="sun.arch.data.model" value="64"/>
    <property name="java.vendor.url" value="http://java.oracle.com/"/>
    <property name="user.timezone" value=""/>
    <property name="java.vm.specification.version" value="1.8"/>
    <property name="os.name" value="Linux"/>
    <property name="rat.skip" value="true"/>
    <property name="gpg.skip" value="true"/>
    <property name="sun.java.launcher" value="SUN_STANDARD"/>
    <property name="sun.boot.library.path" value="/usr/lib/jvm/java-8-openjdk-amd64/jre/lib/amd64"/>
    <property name="skip.gulp" value="true"/>
    <property name="sun.java.command" value="/root/workspace/reflexdemon/shop/383544338/target/surefire/surefirebooter3495560319291307664.jar /root/workspace/reflexdemon/shop/383544338/target/surefire 2018-05-25T07-59-24_964-jvmRun1 surefire3297194108729102664tmp surefire_06604948887013159212tmp"/>
    <property name="dependency-check.skip" value="true"/>
    <property name="surefire.test.class.path" value="/root/workspace/reflexdemon/shop/383544338/target/test-classes:/root/workspace/reflexdemon/shop/383544338/target/classes:/root/./workspace/reflexdemon/shop/383544338/.m2/org/springframework/boot/spring-boot-starter-web/2.0.0.M7/spring-boot-starter-web-2.0.0.M7.jar:/root/./workspace/reflexdemon/shop/383544338/.m2/org/springframework/boot/spring-boot-starter/2.0.0.M7/spring-boot-starter-2.0.0.M7.jar:/root/./workspace/reflexdemon/shop/383544338/.m2/org/springframework/boot/spring-boot/2.0.0.M7/spring-boot-2.0.0.M7.jar:/root/./workspace/reflexdemon/shop/383544338/.m2/org/springframework/boot/spring-boot-autoconfigure/2.0.0.M7/spring-boot-autoconfigure-2.0.0.M7.jar:/root/./workspace/reflexdemon/shop/383544338/.m2/org/springframework/boot/spring-boot-starter-logging/2.0.0.M7/spring-boot-starter-logging-2.0.0.M7.jar:/root/./workspace/reflexdemon/shop/383544338/.m2/ch/qos/logback/logback-classic/1.2.3/logback-classic-1.2.3.jar:/root/./workspace/reflexdemon/shop/383544338/.m2/ch/qos/logback/logback-core/1.2.3/logback-core-1.2.3.jar:/root/./workspace/reflexdemon/shop/383544338/.m2/org/apache/logging/log4j/log4j-to-slf4j/2.10.0/log4j-to-slf4j-2.10.0.jar:/root/./workspace/reflexdemon/shop/383544338/.m2/org/apache/logging/log4j/log4j-api/2.10.0/log4j-api-2.10.0.jar:/root/./workspace/reflexdemon/shop/383544338/.m2/org/slf4j/jul-to-slf4j/1.7.25/jul-to-slf4j-1.7.25.jar:/root/./workspace/reflexdemon/shop/383544338/.m2/javax/annotation/javax.annotation-api/1.3.1/javax.annotation-api-1.3.1.jar:/root/./workspace/reflexdemon/shop/383544338/.m2/org/yaml/snakeyaml/1.19/snakeyaml-1.19.jar:/root/./workspace/reflexdemon/shop/383544338/.m2/org/springframework/boot/spring-boot-starter-json/2.0.0.M7/spring-boot-starter-json-2.0.0.M7.jar:/root/./workspace/reflexdemon/shop/383544338/.m2/com/fasterxml/jackson/datatype/jackson-datatype-jdk8/2.9.2/jackson-datatype-jdk8-2.9.2.jar:/root/./workspace/reflexdemon/shop/383544338/.m2/com/fasterxml/jackson/datatype/jackson-datatype-jsr310/2.9.2/jackson-datatype-jsr310-2.9.2.jar:/root/./workspace/reflexdemon/shop/383544338/.m2/com/fasterxml/jackson/module/jackson-module-parameter-names/2.9.2/jackson-module-parameter-names-2.9.2.jar:/root/./workspace/reflexdemon/shop/383544338/.m2/org/springframework/boot/spring-boot-starter-tomcat/2.0.0.M7/spring-boot-starter-tomcat-2.0.0.M7.jar:/root/./workspace/reflexdemon/shop/383544338/.m2/org/apache/tomcat/embed/tomcat-embed-core/8.5.23/tomcat-embed-core-8.5.23.jar:/root/./workspace/reflexdemon/shop/383544338/.m2/org/apache/tomcat/tomcat-annotations-api/8.5.23/tomcat-annotations-api-8.5.23.jar:/root/./workspace/reflexdemon/shop/383544338/.m2/org/apache/tomcat/embed/tomcat-embed-el/8.5.23/tomcat-embed-el-8.5.23.jar:/root/./workspace/reflexdemon/shop/383544338/.m2/org/apache/tomcat/embed/tomcat-embed-websocket/8.5.23/tomcat-embed-websocket-8.5.23.jar:/root/./workspace/reflexdemon/shop/383544338/.m2/org/hibernate/validator/hibernate-validator/6.0.5.Final/hibernate-validator-6.0.5.Final.jar:/root/./workspace/reflexdemon/shop/383544338/.m2/javax/validation/validation-api/2.0.0.Final/validation-api-2.0.0.Final.jar:/root/./workspace/reflexdemon/shop/383544338/.m2/org/jboss/logging/jboss-logging/3.3.1.Final/jboss-logging-3.3.1.Final.jar:/root/./workspace/reflexdemon/shop/383544338/.m2/org/springframework/spring-web/5.0.2.RELEASE/spring-web-5.0.2.RELEASE.jar:/root/./workspace/reflexdemon/shop/383544338/.m2/org/springframework/spring-webmvc/5.0.2.RELEASE/spring-webmvc-5.0.2.RELEASE.jar:/root/./workspace/reflexdemon/shop/383544338/.m2/org/springframework/spring-expression/5.0.2.RELEASE/spring-expression-5.0.2.RELEASE.jar:/root/./workspace/reflexdemon/shop/383544338/.m2/org/springframework/boot/spring-boot-starter-data-mongodb/2.0.0.M7/spring-boot-starter-data-mongodb-2.0.0.M7.jar:/root/./workspace/reflexdemon/shop/383544338/.m2/org/mongodb/mongodb-driver/3.5.0/mongodb-driver-3.5.0.jar:/root/./workspace/reflexdemon/shop/383544338/.m2/org/mongodb/bson/3.5.0/bson-3.5.0.jar:/root/./workspace/reflexdemon/shop/383544338/.m2/org/mongodb/mongodb-driver-core/3.5.0/mongodb-driver-core-3.5.0.jar:/root/./workspace/reflexdemon/shop/383544338/.m2/org/springframework/data/spring-data-mongodb/2.0.2.RELEASE/spring-data-mongodb-2.0.2.RELEASE.jar:/root/./workspace/reflexdemon/shop/383544338/.m2/org/springframework/spring-tx/5.0.2.RELEASE/spring-tx-5.0.2.RELEASE.jar:/root/./workspace/reflexdemon/shop/383544338/.m2/org/springframework/data/spring-data-commons/2.0.2.RELEASE/spring-data-commons-2.0.2.RELEASE.jar:/root/./workspace/reflexdemon/shop/383544338/.m2/org/springframework/boot/spring-boot-starter-test/2.0.0.M7/spring-boot-starter-test-2.0.0.M7.jar:/root/./workspace/reflexdemon/shop/383544338/.m2/org/springframework/boot/spring-boot-test/2.0.0.M7/spring-boot-test-2.0.0.M7.jar:/root/./workspace/reflexdemon/shop/383544338/.m2/org/springframework/boot/spring-boot-test-autoconfigure/2.0.0.M7/spring-boot-test-autoconfigure-2.0.0.M7.jar:/root/./workspace/reflexdemon/shop/383544338/.m2/org/assertj/assertj-core/3.8.0/assertj-core-3.8.0.jar:/root/./workspace/reflexdemon/shop/383544338/.m2/org/mockito/mockito-core/2.12.0/mockito-core-2.12.0.jar:/root/./workspace/reflexdemon/shop/383544338/.m2/net/bytebuddy/byte-buddy/1.7.9/byte-buddy-1.7.9.jar:/root/./workspace/reflexdemon/shop/383544338/.m2/net/bytebuddy/byte-buddy-agent/1.7.9/byte-buddy-agent-1.7.9.jar:/root/./workspace/reflexdemon/shop/383544338/.m2/org/objenesis/objenesis/2.6/objenesis-2.6.jar:/root/./workspace/reflexdemon/shop/383544338/.m2/org/hamcrest/hamcrest-core/1.3/hamcrest-core-1.3.jar:/root/./workspace/reflexdemon/shop/383544338/.m2/org/hamcrest/hamcrest-library/1.3/hamcrest-library-1.3.jar:/root/./workspace/reflexdemon/shop/383544338/.m2/org/skyscreamer/jsonassert/1.5.0/jsonassert-1.5.0.jar:/root/./workspace/reflexdemon/shop/383544338/.m2/com/vaadin/external/google/android-json/0.0.20131108.vaadin1/android-json-0.0.20131108.vaadin1.jar:/root/./workspace/reflexdemon/shop/383544338/.m2/org/springframework/spring-core/5.0.2.RELEASE/spring-core-5.0.2.RELEASE.jar:/root/./workspace/reflexdemon/shop/383544338/.m2/org/springframework/spring-jcl/5.0.2.RELEASE/spring-jcl-5.0.2.RELEASE.jar:/root/./workspace/reflexdemon/shop/383544338/.m2/org/xmlunit/xmlunit-core/2.5.1/xmlunit-core-2.5.1.jar:/root/./workspace/reflexdemon/shop/383544338/.m2/org/springframework/boot/spring-boot-starter-aop/2.0.0.M7/spring-boot-starter-aop-2.0.0.M7.jar:/root/./workspace/reflexdemon/shop/383544338/.m2/org/springframework/spring-aop/5.0.2.RELEASE/spring-aop-5.0.2.RELEASE.jar:/root/./workspace/reflexdemon/shop/383544338/.m2/org/aspectj/aspectjweaver/1.8.13/aspectjweaver-1.8.13.jar:/root/./workspace/reflexdemon/shop/383544338/.m2/org/springframework/boot/spring-boot-starter-security/2.0.0.M7/spring-boot-starter-security-2.0.0.M7.jar:/root/./workspace/reflexdemon/shop/383544338/.m2/org/springframework/security/spring-security-web/5.0.0.RELEASE/spring-security-web-5.0.0.RELEASE.jar:/root/./workspace/reflexdemon/shop/383544338/.m2/org/springframework/boot/spring-boot-starter-thymeleaf/2.0.0.M7/spring-boot-starter-thymeleaf-2.0.0.M7.jar:/root/./workspace/reflexdemon/shop/383544338/.m2/org/thymeleaf/thymeleaf-spring5/3.0.9.RELEASE/thymeleaf-spring5-3.0.9.RELEASE.jar:/root/./workspace/reflexdemon/shop/383544338/.m2/org/thymeleaf/thymeleaf/3.0.9.RELEASE/thymeleaf-3.0.9.RELEASE.jar:/root/./workspace/reflexdemon/shop/383544338/.m2/org/attoparser/attoparser/2.0.4.RELEASE/attoparser-2.0.4.RELEASE.jar:/root/./workspace/reflexdemon/shop/383544338/.m2/org/unbescape/unbescape/1.1.5.RELEASE/unbescape-1.1.5.RELEASE.jar:/root/./workspace/reflexdemon/shop/383544338/.m2/org/thymeleaf/extras/thymeleaf-extras-java8time/3.0.1.RELEASE/thymeleaf-extras-java8time-3.0.1.RELEASE.jar:/root/./workspace/reflexdemon/shop/383544338/.m2/org/springframework/boot/spring-boot-starter-activemq/2.0.0.M7/spring-boot-starter-activemq-2.0.0.M7.jar:/root/./workspace/reflexdemon/shop/383544338/.m2/org/springframework/spring-jms/5.0.2.RELEASE/spring-jms-5.0.2.RELEASE.jar:/root/./workspace/reflexdemon/shop/383544338/.m2/org/springframework/spring-messaging/5.0.2.RELEASE/spring-messaging-5.0.2.RELEASE.jar:/root/./workspace/reflexdemon/shop/383544338/.m2/javax/jms/javax.jms-api/2.0.1/javax.jms-api-2.0.1.jar:/root/./workspace/reflexdemon/shop/383544338/.m2/org/apache/activemq/activemq-broker/5.15.2/activemq-broker-5.15.2.jar:/root/./workspace/reflexdemon/shop/383544338/.m2/org/apache/activemq/activemq-client/5.15.2/activemq-client-5.15.2.jar:/root/./workspace/reflexdemon/shop/383544338/.m2/org/apache/geronimo/specs/geronimo-jms_1.1_spec/1.1.1/geronimo-jms_1.1_spec-1.1.1.jar:/root/./workspace/reflexdemon/shop/383544338/.m2/org/fusesource/hawtbuf/hawtbuf/1.11/hawtbuf-1.11.jar:/root/./workspace/reflexdemon/shop/383544338/.m2/org/apache/geronimo/specs/geronimo-j2ee-management_1.1_spec/1.0.1/geronimo-j2ee-management_1.1_spec-1.0.1.jar:/root/./workspace/reflexdemon/shop/383544338/.m2/org/apache/activemq/activemq-openwire-legacy/5.15.2/activemq-openwire-legacy-5.15.2.jar:/root/./workspace/reflexdemon/shop/383544338/.m2/com/google/guava/guava/18.0/guava-18.0.jar:/root/./workspace/reflexdemon/shop/383544338/.m2/com/fasterxml/jackson/core/jackson-databind/2.9.2/jackson-databind-2.9.2.jar:/root/./workspace/reflexdemon/shop/383544338/.m2/com/fasterxml/jackson/core/jackson-annotations/2.9.0/jackson-annotations-2.9.0.jar:/root/./workspace/reflexdemon/shop/383544338/.m2/com/fasterxml/jackson/core/jackson-core/2.9.2/jackson-core-2.9.2.jar:/root/./workspace/reflexdemon/shop/383544338/.m2/org/springframework/spring-test/5.0.2.RELEASE/spring-test-5.0.2.RELEASE.jar:/root/./workspace/reflexdemon/shop/383544338/.m2/org/springframework/security/spring-security-test/5.0.0.RELEASE/spring-security-test-5.0.0.RELEASE.jar:/root/./workspace/reflexdemon/shop/383544338/.m2/org/springframework/security/spring-security-core/5.0.0.RELEASE/spring-security-core-5.0.0.RELEASE.jar:/root/./workspace/reflexdemon/shop/383544338/.m2/junit/junit/4.12/junit-4.12.jar:/root/./workspace/reflexdemon/shop/383544338/.m2/com/jayway/jsonpath/json-path/2.4.0/json-path-2.4.0.jar:/root/./workspace/reflexdemon/shop/383544338/.m2/net/minidev/json-smart/2.3/json-smart-2.3.jar:/root/./workspace/reflexdemon/shop/383544338/.m2/net/minidev/accessors-smart/1.2/accessors-smart-1.2.jar:/root/./workspace/reflexdemon/shop/383544338/.m2/org/ow2/asm/asm/5.0.4/asm-5.0.4.jar:/root/./workspace/reflexdemon/shop/383544338/.m2/org/slf4j/slf4j-api/1.7.25/slf4j-api-1.7.25.jar:/root/./workspace/reflexdemon/shop/383544338/.m2/io/springfox/springfox-swagger-ui/2.7.0/springfox-swagger-ui-2.7.0.jar:/root/./workspace/reflexdemon/shop/383544338/.m2/io/springfox/springfox-spring-web/2.7.0/springfox-spring-web-2.7.0.jar:/root/./workspace/reflexdemon/shop/383544338/.m2/org/reflections/reflections/0.9.11/reflections-0.9.11.jar:/root/./workspace/reflexdemon/shop/383544338/.m2/org/javassist/javassist/3.22.0-CR2/javassist-3.22.0-CR2.jar:/root/./workspace/reflexdemon/shop/383544338/.m2/io/springfox/springfox-swagger2/2.7.0/springfox-swagger2-2.7.0.jar:/root/./workspace/reflexdemon/shop/383544338/.m2/io/swagger/swagger-annotations/1.5.13/swagger-annotations-1.5.13.jar:/root/./workspace/reflexdemon/shop/383544338/.m2/io/swagger/swagger-models/1.5.13/swagger-models-1.5.13.jar:/root/./workspace/reflexdemon/shop/383544338/.m2/io/springfox/springfox-spi/2.7.0/springfox-spi-2.7.0.jar:/root/./workspace/reflexdemon/shop/383544338/.m2/io/springfox/springfox-core/2.7.0/springfox-core-2.7.0.jar:/root/./workspace/reflexdemon/shop/383544338/.m2/io/springfox/springfox-schema/2.7.0/springfox-schema-2.7.0.jar:/root/./workspace/reflexdemon/shop/383544338/.m2/io/springfox/springfox-swagger-common/2.7.0/springfox-swagger-common-2.7.0.jar:/root/./workspace/reflexdemon/shop/383544338/.m2/com/fasterxml/classmate/1.3.4/classmate-1.3.4.jar:/root/./workspace/reflexdemon/shop/383544338/.m2/org/springframework/plugin/spring-plugin-core/1.2.0.RELEASE/spring-plugin-core-1.2.0.RELEASE.jar:/root/./workspace/reflexdemon/shop/383544338/.m2/org/springframework/plugin/spring-plugin-metadata/1.2.0.RELEASE/spring-plugin-metadata-1.2.0.RELEASE.jar:/root/./workspace/reflexdemon/shop/383544338/.m2/org/mapstruct/mapstruct/1.1.0.Final/mapstruct-1.1.0.Final.jar:/root/./workspace/reflexdemon/shop/383544338/.m2/de/flapdoodle/embed/de.flapdoodle.embed.mongo/2.0.0/de.flapdoodle.embed.mongo-2.0.0.jar:/root/./workspace/reflexdemon/shop/383544338/.m2/de/flapdoodle/embed/de.flapdoodle.embed.process/2.0.1/de.flapdoodle.embed.process-2.0.1.jar:/root/./workspace/reflexdemon/shop/383544338/.m2/commons-io/commons-io/2.4/commons-io-2.4.jar:/root/./workspace/reflexdemon/shop/383544338/.m2/org/apache/commons/commons-lang3/3.7/commons-lang3-3.7.jar:/root/./workspace/reflexdemon/shop/383544338/.m2/net/java/dev/jna/jna/4.5.0/jna-4.5.0.jar:/root/./workspace/reflexdemon/shop/383544338/.m2/net/java/dev/jna/jna-platform/4.5.0/jna-platform-4.5.0.jar:/root/./workspace/reflexdemon/shop/383544338/.m2/org/apache/commons/commons-compress/1.10/commons-compress-1.10.jar:/root/./workspace/reflexdemon/shop/383544338/.m2/org/springframework/security/spring-security-config/5.0.0.RELEASE/spring-security-config-5.0.0.RELEASE.jar:/root/./workspace/reflexdemon/shop/383544338/.m2/org/springframework/spring-beans/5.0.2.RELEASE/spring-beans-5.0.2.RELEASE.jar:/root/./workspace/reflexdemon/shop/383544338/.m2/org/springframework/spring-context/5.0.2.RELEASE/spring-context-5.0.2.RELEASE.jar:"/>
    <property name="sun.cpu.endian" value="little"/>
    <property name="user.home" value="/root"/>
    <property name="user.language" value="en"/>
    <property name="java.specification.vendor" value="Oracle Corporation"/>
    <property name="java.home" value="/usr/lib/jvm/java-8-openjdk-amd64/jre"/>
    <property name="basedir" value="/root/workspace/reflexdemon/shop/383544338"/>
    <property name="file.separator" value="/"/>
    <property name="checkstyle.skip" value="true"/>
    <property name="line.separator" value="&#10;"/>
    <property name="skip.npm" value="true"/>
    <property name="java.vm.specification.vendor" value="Oracle Corporation"/>
    <property name="java.specification.name" value="Java Platform API Specification"/>
    <property name="java.awt.graphicsenv" value="sun.awt.X11GraphicsEnvironment"/>
    <property name="skipITs" value="true"/>
    <property name="surefire.real.class.path" value="/root/workspace/reflexdemon/shop/383544338/target/surefire/surefirebooter3495560319291307664.jar"/>
    <property name="cobertura.skip" value="true"/>
    <property name="sun.boot.class.path" value="/usr/lib/jvm/java-8-openjdk-amd64/jre/lib/resources.jar:/usr/lib/jvm/java-8-openjdk-amd64/jre/lib/rt.jar:/usr/lib/jvm/java-8-openjdk-amd64/jre/lib/sunrsasign.jar:/usr/lib/jvm/java-8-openjdk-amd64/jre/lib/jsse.jar:/usr/lib/jvm/java-8-openjdk-amd64/jre/lib/jce.jar:/usr/lib/jvm/java-8-openjdk-amd64/jre/lib/charsets.jar:/usr/lib/jvm/java-8-openjdk-amd64/jre/lib/jfr.jar:/usr/lib/jvm/java-8-openjdk-amd64/jre/classes"/>
    <property name="sun.management.compiler" value="HotSpot 64-Bit Tiered Compilers"/>
    <property name="java.runtime.version" value="1.8.0_121-8u121-b13-1~bpo8+1-b13"/>
    <property name="user.name" value="root"/>
    <property name="findbugs.skip" value="true"/>
    <property name="path.separator" value=":"/>
    <property name="os.version" value="4.15.0-20-generic"/>
    <property name="java.endorsed.dirs" value="/usr/lib/jvm/java-8-openjdk-amd64/jre/lib/endorsed"/>
    <property name="java.runtime.name" value="OpenJDK Runtime Environment"/>
    <property name="file.encoding" value="UTF-8"/>
    <property name="java.vm.name" value="OpenJDK 64-Bit Server VM"/>
    <property name="localRepository" value="/root/./workspace/reflexdemon/shop/383544338/.m2"/>
    <property name="java.vendor.url.bug" value="http://bugreport.sun.com/bugreport/"/>
    <property name="java.io.tmpdir" value="/tmp"/>
    <property name="java.version" value="1.8.0_121"/>
    <property name="user.dir" value="/root/workspace/reflexdemon/shop/383544338"/>
    <property name="os.arch" value="amd64"/>
    <property name="license.skip" value="true"/>
    <property name="java.vm.specification.name" value="Java Virtual Machine Specification"/>
    <property name="java.awt.printerjob" value="sun.print.PSPrinterJob"/>
    <property name="sun.os.patch.level" value="unknown"/>
    <property name="java.library.path" value="/usr/java/packages/lib/amd64:/usr/lib/x86_64-linux-gnu/jni:/lib/x86_64-linux-gnu:/usr/lib/x86_64-linux-gnu:/usr/lib/jni:/lib:/usr/lib"/>
    <property name="java.vm.info" value="mixed mode"/>
    <property name="java.vendor" value="Oracle Corporation"/>
    <property name="java.vm.version" value="25.121-b13"/>
    <property name="java.ext.dirs" value="/usr/lib/jvm/java-8-openjdk-amd64/jre/lib/ext:/usr/java/packages/lib/ext"/>
    <property name="sun.io.unicode.encoding" value="UnicodeLittle"/>
    <property name="maven.repo.local" value="/root/./workspace/reflexdemon/shop/383544338/.m2"/>
    <property name="enforcer.skip" value="true"/>
    <property name="java.class.version" value="52.0"/>
  </properties>
  <testcase name="testUser" classname="org.shop.api.rest.RESTUserAPITest" time="178.687"/>
  <testcase name="loadContext" classname="org.shop.api.rest.RESTUserAPITest" time="2.956"/>
  <testcase name="testGetCategories" classname="org.shop.api.rest.RESTInventoryAPITest" time="2.664"/>
  <testcase name="testFindAll" classname="org.shop.api.rest.RESTInventoryAPITest" time="2.656"/>
  <testcase name="testFindById" classname="org.shop.api.rest.RESTInventoryAPITest" time="2.535"/>
  <testcase name="testFindByCategory" classname="org.shop.api.rest.RESTInventoryAPITest" time="2.451"/>
  <testcase name="testSearch" classname="org.shop.api.rest.RESTInventoryAPITest" time="2.443"/>
  <testcase name="loadContext" classname="org.shop.api.rest.RESTInventoryAPITest" time="2.627"/>
  <testcase name="testEncode1" classname="org.shop.api.rest.CryptoUtilsTest" time="0"/>
  <testcase name="testEncode2" classname="org.shop.api.rest.CryptoUtilsTest" time="0"/>
  <testcase name="testAutoWire" classname="org.shop.service.CatalogServiceTest" time="2.686"/>
  <testcase name="testGetDistinctCategory" classname="org.shop.service.CatalogServiceTest" time="2.549"/>
  <testcase name="testFindById" classname="org.shop.service.CatalogServiceTest" time="2.636"/>
  <testcase name="testFindByCategory" classname="org.shop.service.CatalogServiceTest" time="2.529"/>
  <testcase name="testSearch" classname="org.shop.service.CatalogServiceTest" time="2.508"/>
  <testcase name="loadContext" classname="org.shop.service.CatalogServiceTest" time="2.56"/>
  <testcase name="testUpdateQuantity" classname="org.shop.api.rest.RESTCartAPITest" time="2.476"/>
  <testcase name="testAddItemToCart" classname="org.shop.api.rest.RESTCartAPITest" time="2.397"/>
  <testcase name="testDeleteItem" classname="org.shop.api.rest.RESTCartAPITest" time="2.654"/>
  <testcase name="testGetMyCart" classname="org.shop.api.rest.RESTCartAPITest" time="2.292"/>
  <testcase name="loadContext" classname="org.shop.api.rest.RESTCartAPITest" time="2.499"/>
</testsuite>