<?xml version="1.0" encoding="UTF-8"?>
<testsuite xmlns:xsi="http://www.w3.org/2001/XMLSchema-instance" xsi:noNamespaceSchemaLocation="https://maven.apache.org/surefire/maven-surefire-plugin/xsd/surefire-test-report.xsd" name="spoon.test.parent.CollectionsContractTest" time="5.5" tests="80" errors="0" skipped="0" failures="79">
  <properties>
    <property name="awt.toolkit" value="sun.awt.X11.XToolkit"/>
    <property name="file.encoding.pkg" value="sun.io"/>
    <property name="java.specification.version" value="1.8"/>
    <property name="sun.cpu.isalist" value=""/>
    <property name="sun.jnu.encoding" value="UTF-8"/>
    <property name="java.class.path" value="/root/./workspace/INRIA/spoon/383336005/.m2/org/apache/maven/surefire/surefire-booter/2.20.1/surefire-booter-2.20.1.jar:/root/./workspace/INRIA/spoon/383336005/.m2/org/apache/maven/surefire/surefire-api/2.20.1/surefire-api-2.20.1.jar:/root/./workspace/INRIA/spoon/383336005/.m2/org/apache/maven/surefire/surefire-logger-api/2.20.1/surefire-logger-api-2.20.1.jar:/root/workspace/INRIA/spoon/383336005/target/test-classes:/root/workspace/INRIA/spoon/383336005/target/classes:/root/./workspace/INRIA/spoon/383336005/.m2/org/eclipse/tycho/org.eclipse.jdt.core/3.13.50.v20171007-0855/org.eclipse.jdt.core-3.13.50.v20171007-0855.jar:/root/./workspace/INRIA/spoon/383336005/.m2/junit/junit/4.12/junit-4.12.jar:/root/./workspace/INRIA/spoon/383336005/.m2/org/hamcrest/hamcrest-core/1.3/hamcrest-core-1.3.jar:/root/./workspace/INRIA/spoon/383336005/.m2/com/github/stefanbirkner/system-rules/1.9.0/system-rules-1.9.0.jar:/root/./workspace/INRIA/spoon/383336005/.m2/org/mockito/mockito-all/2.0.2-beta/mockito-all-2.0.2-beta.jar:/root/./workspace/INRIA/spoon/383336005/.m2/com/martiansoftware/jsap/2.1/jsap-2.1.jar:/root/./workspace/INRIA/spoon/383336005/.m2/log4j/log4j/1.2.17/log4j-1.2.17.jar:/root/./workspace/INRIA/spoon/383336005/.m2/commons-io/commons-io/2.5/commons-io-2.5.jar:/root/./workspace/INRIA/spoon/383336005/.m2/org/apache/maven/maven-model/3.3.9/maven-model-3.3.9.jar:/root/./workspace/INRIA/spoon/383336005/.m2/org/codehaus/plexus/plexus-utils/3.0.22/plexus-utils-3.0.22.jar:/root/./workspace/INRIA/spoon/383336005/.m2/org/apache/commons/commons-lang3/3.5/commons-lang3-3.5.jar:/root/./workspace/INRIA/spoon/383336005/.m2/com/fasterxml/jackson/core/jackson-databind/2.9.2/jackson-databind-2.9.2.jar:/root/./workspace/INRIA/spoon/383336005/.m2/com/fasterxml/jackson/core/jackson-annotations/2.9.0/jackson-annotations-2.9.0.jar:/root/./workspace/INRIA/spoon/383336005/.m2/com/fasterxml/jackson/core/jackson-core/2.9.2/jackson-core-2.9.2.jar:/root/./workspace/INRIA/spoon/383336005/.m2/org/apache/maven/surefire/surefire-junit4/2.20.1/surefire-junit4-2.20.1.jar:/root/./workspace/INRIA/spoon/383336005/.m2/org/jacoco/org.jacoco.agent/0.7.9/org.jacoco.agent-0.7.9-runtime.jar"/>
    <property name="java.vm.vendor" value="Oracle Corporation"/>
    <property name="skip.bower" value="true"/>
    <property name="sun.arch.data.model" value="64"/>
    <property name="java.vendor.url" value="http://java.oracle.com/"/>
    <property name="user.timezone" value=""/>
    <property name="java.vm.specification.version" value="1.8"/>
    <property name="os.name" value="Linux"/>
    <property name="rat.skip" value="true"/>
    <property name="gpg.skip" value="true"/>
    <property name="sun.java.launcher" value="SUN_STANDARD"/>
    <property name="sun.boot.library.path" value="/usr/lib/jvm/java-8-openjdk-amd64/jre/lib/amd64"/>
    <property name="skip.gulp" value="true"/>
    <property name="sun.java.command" value="org.apache.maven.surefire.booter.ForkedBooter /root/workspace/INRIA/spoon/383336005/target/surefire 2018-05-24T20-42-08_055-jvmRun1 surefire1509769213913835460tmp surefire_05619683513675029308tmp"/>
    <property name="dependency-check.skip" value="true"/>
    <property name="surefire.test.class.path" value="/root/workspace/INRIA/spoon/383336005/target/test-classes:/root/workspace/INRIA/spoon/383336005/target/classes:/root/./workspace/INRIA/spoon/383336005/.m2/org/eclipse/tycho/org.eclipse.jdt.core/3.13.50.v20171007-0855/org.eclipse.jdt.core-3.13.50.v20171007-0855.jar:/root/./workspace/INRIA/spoon/383336005/.m2/junit/junit/4.12/junit-4.12.jar:/root/./workspace/INRIA/spoon/383336005/.m2/org/hamcrest/hamcrest-core/1.3/hamcrest-core-1.3.jar:/root/./workspace/INRIA/spoon/383336005/.m2/com/github/stefanbirkner/system-rules/1.9.0/system-rules-1.9.0.jar:/root/./workspace/INRIA/spoon/383336005/.m2/org/mockito/mockito-all/2.0.2-beta/mockito-all-2.0.2-beta.jar:/root/./workspace/INRIA/spoon/383336005/.m2/com/martiansoftware/jsap/2.1/jsap-2.1.jar:/root/./workspace/INRIA/spoon/383336005/.m2/log4j/log4j/1.2.17/log4j-1.2.17.jar:/root/./workspace/INRIA/spoon/383336005/.m2/commons-io/commons-io/2.5/commons-io-2.5.jar:/root/./workspace/INRIA/spoon/383336005/.m2/org/apache/maven/maven-model/3.3.9/maven-model-3.3.9.jar:/root/./workspace/INRIA/spoon/383336005/.m2/org/codehaus/plexus/plexus-utils/3.0.22/plexus-utils-3.0.22.jar:/root/./workspace/INRIA/spoon/383336005/.m2/org/apache/commons/commons-lang3/3.5/commons-lang3-3.5.jar:/root/./workspace/INRIA/spoon/383336005/.m2/com/fasterxml/jackson/core/jackson-databind/2.9.2/jackson-databind-2.9.2.jar:/root/./workspace/INRIA/spoon/383336005/.m2/com/fasterxml/jackson/core/jackson-annotations/2.9.0/jackson-annotations-2.9.0.jar:/root/./workspace/INRIA/spoon/383336005/.m2/com/fasterxml/jackson/core/jackson-core/2.9.2/jackson-core-2.9.2.jar:"/>
    <property name="sun.cpu.endian" value="little"/>
    <property name="user.home" value="/root"/>
    <property name="user.language" value="en"/>
    <property name="java.specification.vendor" value="Oracle Corporation"/>
    <property name="java.home" value="/usr/lib/jvm/java-8-openjdk-amd64/jre"/>
    <property name="basedir" value="/root/workspace/INRIA/spoon/383336005"/>
    <property name="file.separator" value="/"/>
    <property name="checkstyle.skip" value="true"/>
    <property name="line.separator" value="&#10;"/>
    <property name="skip.npm" value="true"/>
    <property name="java.vm.specification.vendor" value="Oracle Corporation"/>
    <property name="java.specification.name" value="Java Platform API Specification"/>
    <property name="java.awt.graphicsenv" value="sun.awt.X11GraphicsEnvironment"/>
    <property name="skipITs" value="true"/>
    <property name="cobertura.skip" value="true"/>
    <property name="sun.boot.class.path" value="/usr/lib/jvm/java-8-openjdk-amd64/jre/lib/resources.jar:/usr/lib/jvm/java-8-openjdk-amd64/jre/lib/rt.jar:/usr/lib/jvm/java-8-openjdk-amd64/jre/lib/sunrsasign.jar:/usr/lib/jvm/java-8-openjdk-amd64/jre/lib/jsse.jar:/usr/lib/jvm/java-8-openjdk-amd64/jre/lib/jce.jar:/usr/lib/jvm/java-8-openjdk-amd64/jre/lib/charsets.jar:/usr/lib/jvm/java-8-openjdk-amd64/jre/lib/jfr.jar:/usr/lib/jvm/java-8-openjdk-amd64/jre/classes"/>
    <property name="sun.management.compiler" value="HotSpot 64-Bit Tiered Compilers"/>
    <property name="java.runtime.version" value="1.8.0_121-8u121-b13-1~bpo8+1-b13"/>
    <property name="user.name" value="root"/>
    <property name="findbugs.skip" value="true"/>
    <property name="path.separator" value=":"/>
    <property name="os.version" value="4.15.0-20-generic"/>
    <property name="java.endorsed.dirs" value="/usr/lib/jvm/java-8-openjdk-amd64/jre/lib/endorsed"/>
    <property name="java.runtime.name" value="OpenJDK Runtime Environment"/>
    <property name="file.encoding" value="UTF-8"/>
    <property name="java.vm.name" value="OpenJDK 64-Bit Server VM"/>
    <property name="localRepository" value="/root/./workspace/INRIA/spoon/383336005/.m2"/>
    <property name="java.vendor.url.bug" value="http://bugreport.sun.com/bugreport/"/>
    <property name="java.io.tmpdir" value="/tmp"/>
    <property name="java.version" value="1.8.0_121"/>
    <property name="user.dir" value="/root/workspace/INRIA/spoon/383336005"/>
    <property name="os.arch" value="amd64"/>
    <property name="license.skip" value="true"/>
    <property name="java.vm.specification.name" value="Java Virtual Machine Specification"/>
    <property name="java.awt.printerjob" value="sun.print.PSPrinterJob"/>
    <property name="sun.os.patch.level" value="unknown"/>
    <property name="java.library.path" value="/usr/java/packages/lib/amd64:/usr/lib/x86_64-linux-gnu/jni:/lib/x86_64-linux-gnu:/usr/lib/x86_64-linux-gnu:/usr/lib/jni:/lib:/usr/lib"/>
    <property name="java.vm.info" value="mixed mode"/>
    <property name="java.vendor" value="Oracle Corporation"/>
    <property name="java.vm.version" value="25.121-b13"/>
    <property name="java.ext.dirs" value="/usr/lib/jvm/java-8-openjdk-amd64/jre/lib/ext:/usr/java/packages/lib/ext"/>
    <property name="sun.io.unicode.encoding" value="UnicodeLittle"/>
    <property name="maven.repo.local" value="/root/./workspace/INRIA/spoon/383336005/.m2"/>
    <property name="enforcer.skip" value="true"/>
    <property name="java.class.version" value="52.0"/>
  </properties>
  <testcase name="testContract[CtConditional]" classname="spoon.test.parent.CollectionsContractTest" time="0.005">
    <failure message="normal;CtConditional#cast;READ_ONLY&#10;normal;CtConditional#annotation;READ_ONLY&#10;normal;CtConditional#comment;READ_ONLY" type="java.lang.AssertionError">java.lang.AssertionError: 
normal;CtConditional#cast;READ_ONLY
normal;CtConditional#annotation;READ_ONLY
normal;CtConditional#comment;READ_ONLY
	at spoon.test.parent.CollectionsContractTest.testContract(CollectionsContractTest.java:145)
</failure>
  </testcase>
  <testcase name="testContract[CtProvidedService]" classname="spoon.test.parent.CollectionsContractTest" time="0.001">
    <failure message="normal;CtProvidedService#implementationType;READ_ONLY&#10;normal;CtProvidedService#annotation;READ_ONLY&#10;normal;CtProvidedService#comment;READ_ONLY" type="java.lang.AssertionError">java.lang.AssertionError: 
normal;CtProvidedService#implementationType;READ_ONLY
normal;CtProvidedService#annotation;READ_ONLY
normal;CtProvidedService#comment;READ_ONLY
	at spoon.test.parent.CollectionsContractTest.testContract(CollectionsContractTest.java:145)
</failure>
  </testcase>
  <testcase name="testContract[CtParameter]" classname="spoon.test.parent.CollectionsContractTest" time="0">
    <failure message="normal;CtParameter#annotation;READ_ONLY&#10;normal;CtParameter#comment;READ_ONLY" type="java.lang.AssertionError">java.lang.AssertionError: 
normal;CtParameter#annotation;READ_ONLY
normal;CtParameter#comment;READ_ONLY
	at spoon.test.parent.CollectionsContractTest.testContract(CollectionsContractTest.java:145)
</failure>
  </testcase>
  <testcase name="testContract[CtWhile]" classname="spoon.test.parent.CollectionsContractTest" time="0.001">
    <failure message="normal;CtWhile#annotation;READ_ONLY&#10;normal;CtWhile#comment;READ_ONLY" type="java.lang.AssertionError">java.lang.AssertionError: 
normal;CtWhile#annotation;READ_ONLY
normal;CtWhile#comment;READ_ONLY
	at spoon.test.parent.CollectionsContractTest.testContract(CollectionsContractTest.java:145)
</failure>
  </testcase>
  <testcase name="testContract[CtTypeReference]" classname="spoon.test.parent.CollectionsContractTest" time="0.008">
    <failure message="normal;CtTypeReference#typeArgument;READ_ONLY&#10;normal;CtTypeReference#annotation;READ_ONLY" type="java.lang.AssertionError">java.lang.AssertionError: 
normal;CtTypeReference#typeArgument;READ_ONLY
normal;CtTypeReference#annotation;READ_ONLY
	at spoon.test.parent.CollectionsContractTest.testContract(CollectionsContractTest.java:145)
</failure>
  </testcase>
  <testcase name="testContract[CtCatchVariableReference]" classname="spoon.test.parent.CollectionsContractTest" time="0.001">
    <failure message="normal;CtCatchVariableReference#annotation;READ_ONLY" type="java.lang.AssertionError">java.lang.AssertionError: normal;CtCatchVariableReference#annotation;READ_ONLY
	at spoon.test.parent.CollectionsContractTest.testContract(CollectionsContractTest.java:145)
</failure>
  </testcase>
  <testcase name="testContract[CtContinue]" classname="spoon.test.parent.CollectionsContractTest" time="0.001">
    <failure message="normal;CtContinue#annotation;READ_ONLY&#10;normal;CtContinue#comment;READ_ONLY" type="java.lang.AssertionError">java.lang.AssertionError: 
normal;CtContinue#annotation;READ_ONLY
normal;CtContinue#comment;READ_ONLY
	at spoon.test.parent.CollectionsContractTest.testContract(CollectionsContractTest.java:145)
</failure>
  </testcase>
  <testcase name="testContract[CtInterface]" classname="spoon.test.parent.CollectionsContractTest" time="0.003">
    <failure message="normal;CtInterface#typeMember;READ_ONLY&#10;normal;CtInterface#interface;READ_ONLY&#10;normal;CtInterface#typeParameter;READ_ONLY&#10;normal;CtInterface#annotation;READ_ONLY&#10;normal;CtInterface#comment;READ_ONLY" type="java.lang.AssertionError">java.lang.AssertionError: 
normal;CtInterface#typeMember;READ_ONLY
normal;CtInterface#interface;READ_ONLY
normal;CtInterface#typeParameter;READ_ONLY
normal;CtInterface#annotation;READ_ONLY
normal;CtInterface#comment;READ_ONLY
	at spoon.test.parent.CollectionsContractTest.testContract(CollectionsContractTest.java:145)
</failure>
  </testcase>
  <testcase name="testContract[CtAssignment]" classname="spoon.test.parent.CollectionsContractTest" time="0.001">
    <failure message="normal;CtAssignment#cast;READ_ONLY&#10;normal;CtAssignment#annotation;READ_ONLY&#10;normal;CtAssignment#comment;READ_ONLY" type="java.lang.AssertionError">java.lang.AssertionError: 
normal;CtAssignment#cast;READ_ONLY
normal;CtAssignment#annotation;READ_ONLY
normal;CtAssignment#comment;READ_ONLY
	at spoon.test.parent.CollectionsContractTest.testContract(CollectionsContractTest.java:145)
</failure>
  </testcase>
  <testcase name="testContract[CtBinaryOperator]" classname="spoon.test.parent.CollectionsContractTest" time="0.001">
    <failure message="normal;CtBinaryOperator#cast;READ_ONLY&#10;normal;CtBinaryOperator#annotation;READ_ONLY&#10;normal;CtBinaryOperator#comment;READ_ONLY" type="java.lang.AssertionError">java.lang.AssertionError: 
normal;CtBinaryOperator#cast;READ_ONLY
normal;CtBinaryOperator#annotation;READ_ONLY
normal;CtBinaryOperator#comment;READ_ONLY
	at spoon.test.parent.CollectionsContractTest.testContract(CollectionsContractTest.java:145)
</failure>
  </testcase>
  <testcase name="testContract[CtEnumValue]" classname="spoon.test.parent.CollectionsContractTest" time="0">
    <failure message="normal;CtEnumValue#annotation;READ_ONLY&#10;normal;CtEnumValue#comment;READ_ONLY" type="java.lang.AssertionError">java.lang.AssertionError: 
normal;CtEnumValue#annotation;READ_ONLY
normal;CtEnumValue#comment;READ_ONLY
	at spoon.test.parent.CollectionsContractTest.testContract(CollectionsContractTest.java:145)
</failure>
  </testcase>
  <testcase name="testContract[CtModuleRequirement]" classname="spoon.test.parent.CollectionsContractTest" time="0.001">
    <failure message="normal;CtModuleRequirement#annotation;READ_ONLY&#10;normal;CtModuleRequirement#comment;READ_ONLY" type="java.lang.AssertionError">java.lang.AssertionError: 
normal;CtModuleRequirement#annotation;READ_ONLY
normal;CtModuleRequirement#comment;READ_ONLY
	at spoon.test.parent.CollectionsContractTest.testContract(CollectionsContractTest.java:145)
</failure>
  </testcase>
  <testcase name="testContract[CtForEach]" classname="spoon.test.parent.CollectionsContractTest" time="0.001">
    <failure message="normal;CtForEach#annotation;READ_ONLY&#10;normal;CtForEach#comment;READ_ONLY" type="java.lang.AssertionError">java.lang.AssertionError: 
normal;CtForEach#annotation;READ_ONLY
normal;CtForEach#comment;READ_ONLY
	at spoon.test.parent.CollectionsContractTest.testContract(CollectionsContractTest.java:145)
</failure>
  </testcase>
  <testcase name="testContract[CtConstructor]" classname="spoon.test.parent.CollectionsContractTest" time="0.001">
    <failure message="normal;CtConstructor#typeParameter;READ_ONLY&#10;normal;CtConstructor#parameter;READ_ONLY&#10;normal;CtConstructor#thrown;READ_ONLY&#10;normal;CtConstructor#annotation;READ_ONLY&#10;normal;CtConstructor#comment;READ_ONLY" type="java.lang.AssertionError">java.lang.AssertionError: 
normal;CtConstructor#typeParameter;READ_ONLY
normal;CtConstructor#parameter;READ_ONLY
normal;CtConstructor#thrown;READ_ONLY
normal;CtConstructor#annotation;READ_ONLY
normal;CtConstructor#comment;READ_ONLY
	at spoon.test.parent.CollectionsContractTest.testContract(CollectionsContractTest.java:145)
</failure>
  </testcase>
  <testcase name="testContract[CtSuperAccess]" classname="spoon.test.parent.CollectionsContractTest" time="0.001">
    <failure message="normal;CtSuperAccess#cast;READ_ONLY&#10;normal;CtSuperAccess#annotation;READ_ONLY&#10;normal;CtSuperAccess#comment;READ_ONLY" type="java.lang.AssertionError">java.lang.AssertionError: 
normal;CtSuperAccess#cast;READ_ONLY
normal;CtSuperAccess#annotation;READ_ONLY
normal;CtSuperAccess#comment;READ_ONLY
	at spoon.test.parent.CollectionsContractTest.testContract(CollectionsContractTest.java:145)
</failure>
  </testcase>
  <testcase name="testContract[CtAnonymousExecutable]" classname="spoon.test.parent.CollectionsContractTest" time="0.001">
    <failure message="normal;CtAnonymousExecutable#annotation;READ_ONLY&#10;normal;CtAnonymousExecutable#comment;READ_ONLY" type="java.lang.AssertionError">java.lang.AssertionError: 
normal;CtAnonymousExecutable#annotation;READ_ONLY
normal;CtAnonymousExecutable#comment;READ_ONLY
	at spoon.test.parent.CollectionsContractTest.testContract(CollectionsContractTest.java:145)
</failure>
  </testcase>
  <testcase name="testContract[CtComment]" classname="spoon.test.parent.CollectionsContractTest" time="0.001">
    <failure message="normal;CtComment#annotation;READ_ONLY&#10;normal;CtComment#comment;READ_ONLY" type="java.lang.AssertionError">java.lang.AssertionError: 
normal;CtComment#annotation;READ_ONLY
normal;CtComment#comment;READ_ONLY
	at spoon.test.parent.CollectionsContractTest.testContract(CollectionsContractTest.java:145)
</failure>
  </testcase>
  <testcase name="testContract[CtWildcardReference]" classname="spoon.test.parent.CollectionsContractTest" time="0.001">
    <failure message="normal;CtWildcardReference#annotation;READ_ONLY" type="java.lang.AssertionError">java.lang.AssertionError: normal;CtWildcardReference#annotation;READ_ONLY
	at spoon.test.parent.CollectionsContractTest.testContract(CollectionsContractTest.java:145)
</failure>
  </testcase>
  <testcase name="testContract[CtThisAccess]" classname="spoon.test.parent.CollectionsContractTest" time="0.001">
    <failure message="normal;CtThisAccess#cast;READ_ONLY&#10;normal;CtThisAccess#annotation;READ_ONLY&#10;normal;CtThisAccess#comment;READ_ONLY" type="java.lang.AssertionError">java.lang.AssertionError: 
normal;CtThisAccess#cast;READ_ONLY
normal;CtThisAccess#annotation;READ_ONLY
normal;CtThisAccess#comment;READ_ONLY
	at spoon.test.parent.CollectionsContractTest.testContract(CollectionsContractTest.java:145)
</failure>
  </testcase>
  <testcase name="testContract[CtArrayWrite]" classname="spoon.test.parent.CollectionsContractTest" time="0.001">
    <failure message="normal;CtArrayWrite#cast;READ_ONLY&#10;normal;CtArrayWrite#annotation;READ_ONLY&#10;normal;CtArrayWrite#comment;READ_ONLY" type="java.lang.AssertionError">java.lang.AssertionError: 
normal;CtArrayWrite#cast;READ_ONLY
normal;CtArrayWrite#annotation;READ_ONLY
normal;CtArrayWrite#comment;READ_ONLY
	at spoon.test.parent.CollectionsContractTest.testContract(CollectionsContractTest.java:145)
</failure>
  </testcase>
  <testcase name="testContract[CtPackageReference]" classname="spoon.test.parent.CollectionsContractTest" time="0.001">
    <failure message="normal;CtPackageReference#annotation;READ_ONLY" type="java.lang.AssertionError">java.lang.AssertionError: normal;CtPackageReference#annotation;READ_ONLY
	at spoon.test.parent.CollectionsContractTest.testContract(CollectionsContractTest.java:145)
</failure>
  </testcase>
  <testcase name="testContract[CtJavaDoc]" classname="spoon.test.parent.CollectionsContractTest" time="0.001">
    <failure message="normal;CtJavaDoc#annotation;READ_ONLY&#10;normal;CtJavaDoc#comment;READ_ONLY" type="java.lang.AssertionError">java.lang.AssertionError: 
normal;CtJavaDoc#annotation;READ_ONLY
normal;CtJavaDoc#comment;READ_ONLY
	at spoon.test.parent.CollectionsContractTest.testContract(CollectionsContractTest.java:145)
</failure>
  </testcase>
  <testcase name="testContract[CtArrayRead]" classname="spoon.test.parent.CollectionsContractTest" time="0.001">
    <failure message="normal;CtArrayRead#cast;READ_ONLY&#10;normal;CtArrayRead#annotation;READ_ONLY&#10;normal;CtArrayRead#comment;READ_ONLY" type="java.lang.AssertionError">java.lang.AssertionError: 
normal;CtArrayRead#cast;READ_ONLY
normal;CtArrayRead#annotation;READ_ONLY
normal;CtArrayRead#comment;READ_ONLY
	at spoon.test.parent.CollectionsContractTest.testContract(CollectionsContractTest.java:145)
</failure>
  </testcase>
  <testcase name="testContract[CtStatementList]" classname="spoon.test.parent.CollectionsContractTest" time="0.001">
    <failure message="normal;CtStatementList#statement;READ_ONLY&#10;normal;CtStatementList#annotation;READ_ONLY&#10;normal;CtStatementList#comment;READ_ONLY" type="java.lang.AssertionError">java.lang.AssertionError: 
normal;CtStatementList#statement;READ_ONLY
normal;CtStatementList#annotation;READ_ONLY
normal;CtStatementList#comment;READ_ONLY
	at spoon.test.parent.CollectionsContractTest.testContract(CollectionsContractTest.java:145)
</failure>
  </testcase>
  <testcase name="testContract[CtVariableWrite]" classname="spoon.test.parent.CollectionsContractTest" time="0.001">
    <failure message="normal;CtVariableWrite#cast;READ_ONLY&#10;normal;CtVariableWrite#annotation;READ_ONLY&#10;normal;CtVariableWrite#comment;READ_ONLY" type="java.lang.AssertionError">java.lang.AssertionError: 
normal;CtVariableWrite#cast;READ_ONLY
normal;CtVariableWrite#annotation;READ_ONLY
normal;CtVariableWrite#comment;READ_ONLY
	at spoon.test.parent.CollectionsContractTest.testContract(CollectionsContractTest.java:145)
</failure>
  </testcase>
  <testcase name="testContract[CtParameterReference]" classname="spoon.test.parent.CollectionsContractTest" time="0">
    <failure message="normal;CtParameterReference#annotation;READ_ONLY" type="java.lang.AssertionError">java.lang.AssertionError: normal;CtParameterReference#annotation;READ_ONLY
	at spoon.test.parent.CollectionsContractTest.testContract(CollectionsContractTest.java:145)
</failure>
  </testcase>
  <testcase name="testContract[CtOperatorAssignment]" classname="spoon.test.parent.CollectionsContractTest" time="0.001">
    <failure message="normal;CtOperatorAssignment#cast;READ_ONLY&#10;normal;CtOperatorAssignment#annotation;READ_ONLY&#10;normal;CtOperatorAssignment#comment;READ_ONLY" type="java.lang.AssertionError">java.lang.AssertionError: 
normal;CtOperatorAssignment#cast;READ_ONLY
normal;CtOperatorAssignment#annotation;READ_ONLY
normal;CtOperatorAssignment#comment;READ_ONLY
	at spoon.test.parent.CollectionsContractTest.testContract(CollectionsContractTest.java:145)
</failure>
  </testcase>
  <testcase name="testContract[CtAnnotationFieldAccess]" classname="spoon.test.parent.CollectionsContractTest" time="0.001">
    <failure message="normal;CtAnnotationFieldAccess#cast;READ_ONLY&#10;normal;CtAnnotationFieldAccess#annotation;READ_ONLY&#10;normal;CtAnnotationFieldAccess#comment;READ_ONLY" type="java.lang.AssertionError">java.lang.AssertionError: 
normal;CtAnnotationFieldAccess#cast;READ_ONLY
normal;CtAnnotationFieldAccess#annotation;READ_ONLY
normal;CtAnnotationFieldAccess#comment;READ_ONLY
	at spoon.test.parent.CollectionsContractTest.testContract(CollectionsContractTest.java:145)
</failure>
  </testcase>
  <testcase name="testContract[CtUnboundVariableReference]" classname="spoon.test.parent.CollectionsContractTest" time="0.001"/>
  <testcase name="testContract[CtAnnotationMethod]" classname="spoon.test.parent.CollectionsContractTest" time="0.001">
    <failure message="normal;CtAnnotationMethod#annotation;READ_ONLY&#10;normal;CtAnnotationMethod#comment;READ_ONLY" type="java.lang.AssertionError">java.lang.AssertionError: 
normal;CtAnnotationMethod#annotation;READ_ONLY
normal;CtAnnotationMethod#comment;READ_ONLY
	at spoon.test.parent.CollectionsContractTest.testContract(CollectionsContractTest.java:145)
</failure>
  </testcase>
  <testcase name="testContract[CtClass]" classname="spoon.test.parent.CollectionsContractTest" time="0.003">
    <failure message="normal;CtClass#typeMember;READ_ONLY&#10;normal;CtClass#interface;READ_ONLY&#10;normal;CtClass#typeParameter;READ_ONLY&#10;normal;CtClass#annotation;READ_ONLY&#10;normal;CtClass#comment;READ_ONLY" type="java.lang.AssertionError">java.lang.AssertionError: 
normal;CtClass#typeMember;READ_ONLY
normal;CtClass#interface;READ_ONLY
normal;CtClass#typeParameter;READ_ONLY
normal;CtClass#annotation;READ_ONLY
normal;CtClass#comment;READ_ONLY
	at spoon.test.parent.CollectionsContractTest.testContract(CollectionsContractTest.java:145)
</failure>
  </testcase>
  <testcase name="testContract[CtBlock]" classname="spoon.test.parent.CollectionsContractTest" time="0">
    <failure message="normal;CtBlock#annotation;READ_ONLY&#10;normal;CtBlock#comment;READ_ONLY" type="java.lang.AssertionError">java.lang.AssertionError: 
normal;CtBlock#annotation;READ_ONLY
normal;CtBlock#comment;READ_ONLY
	at spoon.test.parent.CollectionsContractTest.testContract(CollectionsContractTest.java:145)
</failure>
  </testcase>
  <testcase name="testContract[CtPackage]" classname="spoon.test.parent.CollectionsContractTest" time="0.002">
    <failure message="normal;CtPackage#annotation;READ_ONLY&#10;normal;CtPackage#comment;READ_ONLY" type="java.lang.AssertionError">java.lang.AssertionError: 
normal;CtPackage#annotation;READ_ONLY
normal;CtPackage#comment;READ_ONLY
	at spoon.test.parent.CollectionsContractTest.testContract(CollectionsContractTest.java:145)
</failure>
  </testcase>
  <testcase name="testContract[CtTryWithResource]" classname="spoon.test.parent.CollectionsContractTest" time="0.001">
    <failure message="normal;CtTryWithResource#tryResource;READ_ONLY&#10;normal;CtTryWithResource#catch;READ_ONLY&#10;normal;CtTryWithResource#annotation;READ_ONLY&#10;normal;CtTryWithResource#comment;READ_ONLY" type="java.lang.AssertionError">java.lang.AssertionError: 
normal;CtTryWithResource#tryResource;READ_ONLY
normal;CtTryWithResource#catch;READ_ONLY
normal;CtTryWithResource#annotation;READ_ONLY
normal;CtTryWithResource#comment;READ_ONLY
	at spoon.test.parent.CollectionsContractTest.testContract(CollectionsContractTest.java:145)
</failure>
  </testcase>
  <testcase name="testContract[CtAssert]" classname="spoon.test.parent.CollectionsContractTest" time="0">
    <failure message="normal;CtAssert#annotation;READ_ONLY&#10;normal;CtAssert#comment;READ_ONLY" type="java.lang.AssertionError">java.lang.AssertionError: 
normal;CtAssert#annotation;READ_ONLY
normal;CtAssert#comment;READ_ONLY
	at spoon.test.parent.CollectionsContractTest.testContract(CollectionsContractTest.java:145)
</failure>
  </testcase>
  <testcase name="testContract[CtSwitch]" classname="spoon.test.parent.CollectionsContractTest" time="0.001">
    <failure message="normal;CtSwitch#case;READ_ONLY&#10;normal;CtSwitch#annotation;READ_ONLY&#10;normal;CtSwitch#comment;READ_ONLY" type="java.lang.AssertionError">java.lang.AssertionError: 
normal;CtSwitch#case;READ_ONLY
normal;CtSwitch#annotation;READ_ONLY
normal;CtSwitch#comment;READ_ONLY
	at spoon.test.parent.CollectionsContractTest.testContract(CollectionsContractTest.java:145)
</failure>
  </testcase>
  <testcase name="testContract[CtTry]" classname="spoon.test.parent.CollectionsContractTest" time="0.001">
    <failure message="normal;CtTry#catch;READ_ONLY&#10;normal;CtTry#annotation;READ_ONLY&#10;normal;CtTry#comment;READ_ONLY" type="java.lang.AssertionError">java.lang.AssertionError: 
normal;CtTry#catch;READ_ONLY
normal;CtTry#annotation;READ_ONLY
normal;CtTry#comment;READ_ONLY
	at spoon.test.parent.CollectionsContractTest.testContract(CollectionsContractTest.java:145)
</failure>
  </testcase>
  <testcase name="testContract[CtSynchronized]" classname="spoon.test.parent.CollectionsContractTest" time="0">
    <failure message="normal;CtSynchronized#annotation;READ_ONLY&#10;normal;CtSynchronized#comment;READ_ONLY" type="java.lang.AssertionError">java.lang.AssertionError: 
normal;CtSynchronized#annotation;READ_ONLY
normal;CtSynchronized#comment;READ_ONLY
	at spoon.test.parent.CollectionsContractTest.testContract(CollectionsContractTest.java:145)
</failure>
  </testcase>
  <testcase name="testContract[CtImport]" classname="spoon.test.parent.CollectionsContractTest" time="0.001">
    <failure message="normal;CtImport#annotation;READ_ONLY&#10;normal;CtImport#comment;READ_ONLY" type="java.lang.AssertionError">java.lang.AssertionError: 
normal;CtImport#annotation;READ_ONLY
normal;CtImport#comment;READ_ONLY
	at spoon.test.parent.CollectionsContractTest.testContract(CollectionsContractTest.java:145)
</failure>
  </testcase>
  <testcase name="testContract[CtTypeParameterReference]" classname="spoon.test.parent.CollectionsContractTest" time="0.001">
    <failure message="Failed check of;CtTypeParameterReference#interface&#10;normal;CtTypeParameterReference#annotation;READ_ONLY" type="java.lang.AssertionError">java.lang.AssertionError: 
Failed check of;CtTypeParameterReference#interface
normal;CtTypeParameterReference#annotation;READ_ONLY
	at spoon.test.parent.CollectionsContractTest.testContract(CollectionsContractTest.java:145)
</failure>
  </testcase>
  <testcase name="testContract[CtInvocation]" classname="spoon.test.parent.CollectionsContractTest" time="0.002">
    <failure message="normal;CtInvocation#argument;READ_ONLY&#10;normal;CtInvocation#cast;READ_ONLY&#10;normal;CtInvocation#annotation;READ_ONLY&#10;normal;CtInvocation#comment;READ_ONLY" type="java.lang.AssertionError">java.lang.AssertionError: 
normal;CtInvocation#argument;READ_ONLY
normal;CtInvocation#cast;READ_ONLY
normal;CtInvocation#annotation;READ_ONLY
normal;CtInvocation#comment;READ_ONLY
	at spoon.test.parent.CollectionsContractTest.testContract(CollectionsContractTest.java:145)
</failure>
  </testcase>
  <testcase name="testContract[CtCodeSnippetExpression]" classname="spoon.test.parent.CollectionsContractTest" time="0">
    <failure message="normal;CtCodeSnippetExpression#cast;READ_ONLY&#10;normal;CtCodeSnippetExpression#annotation;READ_ONLY&#10;normal;CtCodeSnippetExpression#comment;READ_ONLY" type="java.lang.AssertionError">java.lang.AssertionError: 
normal;CtCodeSnippetExpression#cast;READ_ONLY
normal;CtCodeSnippetExpression#annotation;READ_ONLY
normal;CtCodeSnippetExpression#comment;READ_ONLY
	at spoon.test.parent.CollectionsContractTest.testContract(CollectionsContractTest.java:145)
</failure>
  </testcase>
  <testcase name="testContract[CtFieldWrite]" classname="spoon.test.parent.CollectionsContractTest" time="0">
    <failure message="normal;CtFieldWrite#cast;READ_ONLY&#10;normal;CtFieldWrite#annotation;READ_ONLY&#10;normal;CtFieldWrite#comment;READ_ONLY" type="java.lang.AssertionError">java.lang.AssertionError: 
normal;CtFieldWrite#cast;READ_ONLY
normal;CtFieldWrite#annotation;READ_ONLY
normal;CtFieldWrite#comment;READ_ONLY
	at spoon.test.parent.CollectionsContractTest.testContract(CollectionsContractTest.java:145)
</failure>
  </testcase>
  <testcase name="testContract[CtUnaryOperator]" classname="spoon.test.parent.CollectionsContractTest" time="0.001">
    <failure message="normal;CtUnaryOperator#cast;READ_ONLY&#10;normal;CtUnaryOperator#annotation;READ_ONLY&#10;normal;CtUnaryOperator#comment;READ_ONLY" type="java.lang.AssertionError">java.lang.AssertionError: 
normal;CtUnaryOperator#cast;READ_ONLY
normal;CtUnaryOperator#annotation;READ_ONLY
normal;CtUnaryOperator#comment;READ_ONLY
	at spoon.test.parent.CollectionsContractTest.testContract(CollectionsContractTest.java:145)
</failure>
  </testcase>
  <testcase name="testContract[CtExecutableReference]" classname="spoon.test.parent.CollectionsContractTest" time="0.002">
    <failure message="normal;CtExecutableReference#typeArgument;READ_ONLY&#10;normal;CtExecutableReference#argumentType;READ_ONLY&#10;normal;CtExecutableReference#annotation;READ_ONLY" type="java.lang.AssertionError">java.lang.AssertionError: 
normal;CtExecutableReference#typeArgument;READ_ONLY
normal;CtExecutableReference#argumentType;READ_ONLY
normal;CtExecutableReference#annotation;READ_ONLY
	at spoon.test.parent.CollectionsContractTest.testContract(CollectionsContractTest.java:145)
</failure>
  </testcase>
  <testcase name="testContract[CtFor]" classname="spoon.test.parent.CollectionsContractTest" time="0">
    <failure message="normal;CtFor#forInit;READ_ONLY&#10;normal;CtFor#forUpdate;READ_ONLY&#10;normal;CtFor#annotation;READ_ONLY&#10;normal;CtFor#comment;READ_ONLY" type="java.lang.AssertionError">java.lang.AssertionError: 
normal;CtFor#forInit;READ_ONLY
normal;CtFor#forUpdate;READ_ONLY
normal;CtFor#annotation;READ_ONLY
normal;CtFor#comment;READ_ONLY
	at spoon.test.parent.CollectionsContractTest.testContract(CollectionsContractTest.java:145)
</failure>
  </testcase>
  <testcase name="testContract[CtVariableRead]" classname="spoon.test.parent.CollectionsContractTest" time="0.001">
    <failure message="normal;CtVariableRead#cast;READ_ONLY&#10;normal;CtVariableRead#annotation;READ_ONLY&#10;normal;CtVariableRead#comment;READ_ONLY" type="java.lang.AssertionError">java.lang.AssertionError: 
normal;CtVariableRead#cast;READ_ONLY
normal;CtVariableRead#annotation;READ_ONLY
normal;CtVariableRead#comment;READ_ONLY
	at spoon.test.parent.CollectionsContractTest.testContract(CollectionsContractTest.java:145)
</failure>
  </testcase>
  <testcase name="testContract[CtTypeParameter]" classname="spoon.test.parent.CollectionsContractTest" time="0.002">
    <failure message="normal;CtTypeParameter#annotation;READ_ONLY&#10;normal;CtTypeParameter#comment;READ_ONLY" type="java.lang.AssertionError">java.lang.AssertionError: 
normal;CtTypeParameter#annotation;READ_ONLY
normal;CtTypeParameter#comment;READ_ONLY
	at spoon.test.parent.CollectionsContractTest.testContract(CollectionsContractTest.java:145)
</failure>
  </testcase>
  <testcase name="testContract[CtLocalVariable]" classname="spoon.test.parent.CollectionsContractTest" time="0.001">
    <failure message="normal;CtLocalVariable#annotation;READ_ONLY&#10;normal;CtLocalVariable#comment;READ_ONLY" type="java.lang.AssertionError">java.lang.AssertionError: 
normal;CtLocalVariable#annotation;READ_ONLY
normal;CtLocalVariable#comment;READ_ONLY
	at spoon.test.parent.CollectionsContractTest.testContract(CollectionsContractTest.java:145)
</failure>
  </testcase>
  <testcase name="testContract[CtIf]" classname="spoon.test.parent.CollectionsContractTest" time="0.001">
    <failure message="normal;CtIf#annotation;READ_ONLY&#10;normal;CtIf#comment;READ_ONLY" type="java.lang.AssertionError">java.lang.AssertionError: 
normal;CtIf#annotation;READ_ONLY
normal;CtIf#comment;READ_ONLY
	at spoon.test.parent.CollectionsContractTest.testContract(CollectionsContractTest.java:145)
</failure>
  </testcase>
  <testcase name="testContract[CtModule]" classname="spoon.test.parent.CollectionsContractTest" time="0.002">
    <failure message="normal;CtModule#moduleDirective;READ_ONLY&#10;normal;CtModule#annotation;READ_ONLY&#10;normal;CtModule#comment;READ_ONLY" type="java.lang.AssertionError">java.lang.AssertionError: 
normal;CtModule#moduleDirective;READ_ONLY
normal;CtModule#annotation;READ_ONLY
normal;CtModule#comment;READ_ONLY
	at spoon.test.parent.CollectionsContractTest.testContract(CollectionsContractTest.java:145)
</failure>
  </testcase>
  <testcase name="testContract[CtPackageExport]" classname="spoon.test.parent.CollectionsContractTest" time="0.001">
    <failure message="normal;CtPackageExport#moduleRef;READ_ONLY&#10;normal;CtPackageExport#annotation;READ_ONLY&#10;normal;CtPackageExport#comment;READ_ONLY" type="java.lang.AssertionError">java.lang.AssertionError: 
normal;CtPackageExport#moduleRef;READ_ONLY
normal;CtPackageExport#annotation;READ_ONLY
normal;CtPackageExport#comment;READ_ONLY
	at spoon.test.parent.CollectionsContractTest.testContract(CollectionsContractTest.java:145)
</failure>
  </testcase>
  <testcase name="testContract[CtConstructorCall]" classname="spoon.test.parent.CollectionsContractTest" time="0.001">
    <failure message="normal;CtConstructorCall#argument;READ_ONLY&#10;normal;CtConstructorCall#cast;READ_ONLY&#10;normal;CtConstructorCall#annotation;READ_ONLY&#10;normal;CtConstructorCall#comment;READ_ONLY" type="java.lang.AssertionError">java.lang.AssertionError: 
normal;CtConstructorCall#argument;READ_ONLY
normal;CtConstructorCall#cast;READ_ONLY
normal;CtConstructorCall#annotation;READ_ONLY
normal;CtConstructorCall#comment;READ_ONLY
	at spoon.test.parent.CollectionsContractTest.testContract(CollectionsContractTest.java:145)
</failure>
  </testcase>
  <testcase name="testContract[CtCase]" classname="spoon.test.parent.CollectionsContractTest" time="0.001">
    <failure message="normal;CtCase#statement;READ_ONLY&#10;normal;CtCase#annotation;READ_ONLY&#10;normal;CtCase#comment;READ_ONLY" type="java.lang.AssertionError">java.lang.AssertionError: 
normal;CtCase#statement;READ_ONLY
normal;CtCase#annotation;READ_ONLY
normal;CtCase#comment;READ_ONLY
	at spoon.test.parent.CollectionsContractTest.testContract(CollectionsContractTest.java:145)
</failure>
  </testcase>
  <testcase name="testContract[CtModuleReference]" classname="spoon.test.parent.CollectionsContractTest" time="0">
    <failure message="normal;CtModuleReference#annotation;READ_ONLY" type="java.lang.AssertionError">java.lang.AssertionError: normal;CtModuleReference#annotation;READ_ONLY
	at spoon.test.parent.CollectionsContractTest.testContract(CollectionsContractTest.java:145)
</failure>
  </testcase>
  <testcase name="testContract[CtCatch]" classname="spoon.test.parent.CollectionsContractTest" time="0.001">
    <failure message="normal;CtCatch#annotation;READ_ONLY&#10;normal;CtCatch#comment;READ_ONLY" type="java.lang.AssertionError">java.lang.AssertionError: 
normal;CtCatch#annotation;READ_ONLY
normal;CtCatch#comment;READ_ONLY
	at spoon.test.parent.CollectionsContractTest.testContract(CollectionsContractTest.java:145)
</failure>
  </testcase>
  <testcase name="testContract[CtArrayTypeReference]" classname="spoon.test.parent.CollectionsContractTest" time="0.001">
    <failure message="normal;CtArrayTypeReference#typeArgument;READ_ONLY&#10;normal;CtArrayTypeReference#annotation;READ_ONLY" type="java.lang.AssertionError">java.lang.AssertionError: 
normal;CtArrayTypeReference#typeArgument;READ_ONLY
normal;CtArrayTypeReference#annotation;READ_ONLY
	at spoon.test.parent.CollectionsContractTest.testContract(CollectionsContractTest.java:145)
</failure>
  </testcase>
  <testcase name="testContract[CtMethod]" classname="spoon.test.parent.CollectionsContractTest" time="0.002">
    <failure message="normal;CtMethod#typeParameter;READ_ONLY&#10;normal;CtMethod#parameter;READ_ONLY&#10;normal;CtMethod#thrown;READ_ONLY&#10;normal;CtMethod#annotation;READ_ONLY&#10;normal;CtMethod#comment;READ_ONLY" type="java.lang.AssertionError">java.lang.AssertionError: 
normal;CtMethod#typeParameter;READ_ONLY
normal;CtMethod#parameter;READ_ONLY
normal;CtMethod#thrown;READ_ONLY
normal;CtMethod#annotation;READ_ONLY
normal;CtMethod#comment;READ_ONLY
	at spoon.test.parent.CollectionsContractTest.testContract(CollectionsContractTest.java:145)
</failure>
  </testcase>
  <testcase name="testContract[CtLambda]" classname="spoon.test.parent.CollectionsContractTest" time="0.001">
    <failure message="normal;CtLambda#parameter;READ_ONLY&#10;normal;CtLambda#cast;READ_ONLY&#10;normal;CtLambda#annotation;READ_ONLY&#10;normal;CtLambda#comment;READ_ONLY" type="java.lang.AssertionError">java.lang.AssertionError: 
normal;CtLambda#parameter;READ_ONLY
normal;CtLambda#cast;READ_ONLY
normal;CtLambda#annotation;READ_ONLY
normal;CtLambda#comment;READ_ONLY
	at spoon.test.parent.CollectionsContractTest.testContract(CollectionsContractTest.java:145)
</failure>
  </testcase>
  <testcase name="testContract[CtNewArray]" classname="spoon.test.parent.CollectionsContractTest" time="0.001">
    <failure message="normal;CtNewArray#dimension;READ_ONLY&#10;normal;CtNewArray#expression;READ_ONLY&#10;normal;CtNewArray#cast;READ_ONLY&#10;normal;CtNewArray#annotation;READ_ONLY&#10;normal;CtNewArray#comment;READ_ONLY" type="java.lang.AssertionError">java.lang.AssertionError: 
normal;CtNewArray#dimension;READ_ONLY
normal;CtNewArray#expression;READ_ONLY
normal;CtNewArray#cast;READ_ONLY
normal;CtNewArray#annotation;READ_ONLY
normal;CtNewArray#comment;READ_ONLY
	at spoon.test.parent.CollectionsContractTest.testContract(CollectionsContractTest.java:145)
</failure>
  </testcase>
  <testcase name="testContract[CtUsedService]" classname="spoon.test.parent.CollectionsContractTest" time="0.001">
    <failure message="normal;CtUsedService#annotation;READ_ONLY&#10;normal;CtUsedService#comment;READ_ONLY" type="java.lang.AssertionError">java.lang.AssertionError: 
normal;CtUsedService#annotation;READ_ONLY
normal;CtUsedService#comment;READ_ONLY
	at spoon.test.parent.CollectionsContractTest.testContract(CollectionsContractTest.java:145)
</failure>
  </testcase>
  <testcase name="testContract[CtIntersectionTypeReference]" classname="spoon.test.parent.CollectionsContractTest" time="0.002">
    <failure message="normal;CtIntersectionTypeReference#bound;READ_ONLY&#10;normal;CtIntersectionTypeReference#typeArgument;READ_ONLY&#10;Failed check of;CtIntersectionTypeReference#interface&#10;normal;CtIntersectionTypeReference#annotation;READ_ONLY" type="java.lang.AssertionError">java.lang.AssertionError: 
normal;CtIntersectionTypeReference#bound;READ_ONLY
normal;CtIntersectionTypeReference#typeArgument;READ_ONLY
Failed check of;CtIntersectionTypeReference#interface
normal;CtIntersectionTypeReference#annotation;READ_ONLY
	at spoon.test.parent.CollectionsContractTest.testContract(CollectionsContractTest.java:145)
</failure>
  </testcase>
  <testcase name="testContract[CtThrow]" classname="spoon.test.parent.CollectionsContractTest" time="0.001">
    <failure message="normal;CtThrow#annotation;READ_ONLY&#10;normal;CtThrow#comment;READ_ONLY" type="java.lang.AssertionError">java.lang.AssertionError: 
normal;CtThrow#annotation;READ_ONLY
normal;CtThrow#comment;READ_ONLY
	at spoon.test.parent.CollectionsContractTest.testContract(CollectionsContractTest.java:145)
</failure>
  </testcase>
  <testcase name="testContract[CtLiteral]" classname="spoon.test.parent.CollectionsContractTest" time="0.001">
    <failure message="normal;CtLiteral#cast;READ_ONLY&#10;normal;CtLiteral#annotation;READ_ONLY&#10;normal;CtLiteral#comment;READ_ONLY" type="java.lang.AssertionError">java.lang.AssertionError: 
normal;CtLiteral#cast;READ_ONLY
normal;CtLiteral#annotation;READ_ONLY
normal;CtLiteral#comment;READ_ONLY
	at spoon.test.parent.CollectionsContractTest.testContract(CollectionsContractTest.java:145)
</failure>
  </testcase>
  <testcase name="testContract[CtReturn]" classname="spoon.test.parent.CollectionsContractTest" time="0.001">
    <failure message="normal;CtReturn#annotation;READ_ONLY&#10;normal;CtReturn#comment;READ_ONLY" type="java.lang.AssertionError">java.lang.AssertionError: 
normal;CtReturn#annotation;READ_ONLY
normal;CtReturn#comment;READ_ONLY
	at spoon.test.parent.CollectionsContractTest.testContract(CollectionsContractTest.java:145)
</failure>
  </testcase>
  <testcase name="testContract[CtJavaDocTag]" classname="spoon.test.parent.CollectionsContractTest" time="0">
    <failure message="normal;CtJavaDocTag#annotation;READ_ONLY&#10;normal;CtJavaDocTag#comment;READ_ONLY" type="java.lang.AssertionError">java.lang.AssertionError: 
normal;CtJavaDocTag#annotation;READ_ONLY
normal;CtJavaDocTag#comment;READ_ONLY
	at spoon.test.parent.CollectionsContractTest.testContract(CollectionsContractTest.java:145)
</failure>
  </testcase>
  <testcase name="testContract[CtField]" classname="spoon.test.parent.CollectionsContractTest" time="0.001">
    <failure message="normal;CtField#annotation;READ_ONLY&#10;normal;CtField#comment;READ_ONLY" type="java.lang.AssertionError">java.lang.AssertionError: 
normal;CtField#annotation;READ_ONLY
normal;CtField#comment;READ_ONLY
	at spoon.test.parent.CollectionsContractTest.testContract(CollectionsContractTest.java:145)
</failure>
  </testcase>
  <testcase name="testContract[CtTypeAccess]" classname="spoon.test.parent.CollectionsContractTest" time="0.001">
    <failure message="normal;CtTypeAccess#cast;READ_ONLY&#10;normal;CtTypeAccess#annotation;READ_ONLY&#10;normal;CtTypeAccess#comment;READ_ONLY" type="java.lang.AssertionError">java.lang.AssertionError: 
normal;CtTypeAccess#cast;READ_ONLY
normal;CtTypeAccess#annotation;READ_ONLY
normal;CtTypeAccess#comment;READ_ONLY
	at spoon.test.parent.CollectionsContractTest.testContract(CollectionsContractTest.java:145)
</failure>
  </testcase>
  <testcase name="testContract[CtCodeSnippetStatement]" classname="spoon.test.parent.CollectionsContractTest" time="0.001">
    <failure message="normal;CtCodeSnippetStatement#annotation;READ_ONLY&#10;normal;CtCodeSnippetStatement#comment;READ_ONLY" type="java.lang.AssertionError">java.lang.AssertionError: 
normal;CtCodeSnippetStatement#annotation;READ_ONLY
normal;CtCodeSnippetStatement#comment;READ_ONLY
	at spoon.test.parent.CollectionsContractTest.testContract(CollectionsContractTest.java:145)
</failure>
  </testcase>
  <testcase name="testContract[CtDo]" classname="spoon.test.parent.CollectionsContractTest" time="0">
    <failure message="normal;CtDo#annotation;READ_ONLY&#10;normal;CtDo#comment;READ_ONLY" type="java.lang.AssertionError">java.lang.AssertionError: 
normal;CtDo#annotation;READ_ONLY
normal;CtDo#comment;READ_ONLY
	at spoon.test.parent.CollectionsContractTest.testContract(CollectionsContractTest.java:145)
</failure>
  </testcase>
  <testcase name="testContract[CtAnnotation]" classname="spoon.test.parent.CollectionsContractTest" time="0.001">
    <failure message="normal;CtAnnotation#value;READ_ONLY&#10;normal;CtAnnotation#annotation;READ_ONLY&#10;normal;CtAnnotation#comment;READ_ONLY" type="java.lang.AssertionError">java.lang.AssertionError: 
normal;CtAnnotation#value;READ_ONLY
normal;CtAnnotation#annotation;READ_ONLY
normal;CtAnnotation#comment;READ_ONLY
	at spoon.test.parent.CollectionsContractTest.testContract(CollectionsContractTest.java:145)
</failure>
  </testcase>
  <testcase name="testContract[CtFieldRead]" classname="spoon.test.parent.CollectionsContractTest" time="0.001">
    <failure message="normal;CtFieldRead#cast;READ_ONLY&#10;normal;CtFieldRead#annotation;READ_ONLY&#10;normal;CtFieldRead#comment;READ_ONLY" type="java.lang.AssertionError">java.lang.AssertionError: 
normal;CtFieldRead#cast;READ_ONLY
normal;CtFieldRead#annotation;READ_ONLY
normal;CtFieldRead#comment;READ_ONLY
	at spoon.test.parent.CollectionsContractTest.testContract(CollectionsContractTest.java:145)
</failure>
  </testcase>
  <testcase name="testContract[CtBreak]" classname="spoon.test.parent.CollectionsContractTest" time="0">
    <failure message="normal;CtBreak#annotation;READ_ONLY&#10;normal;CtBreak#comment;READ_ONLY" type="java.lang.AssertionError">java.lang.AssertionError: 
normal;CtBreak#annotation;READ_ONLY
normal;CtBreak#comment;READ_ONLY
	at spoon.test.parent.CollectionsContractTest.testContract(CollectionsContractTest.java:145)
</failure>
  </testcase>
  <testcase name="testContract[CtFieldReference]" classname="spoon.test.parent.CollectionsContractTest" time="0">
    <failure message="normal;CtFieldReference#annotation;READ_ONLY" type="java.lang.AssertionError">java.lang.AssertionError: normal;CtFieldReference#annotation;READ_ONLY
	at spoon.test.parent.CollectionsContractTest.testContract(CollectionsContractTest.java:145)
</failure>
  </testcase>
  <testcase name="testContract[CtEnum]" classname="spoon.test.parent.CollectionsContractTest" time="0.003">
    <failure message="normal;CtEnum#value;READ_ONLY&#10;normal;CtEnum#typeMember;READ_ONLY&#10;normal;CtEnum#interface;READ_ONLY&#10;normal;CtEnum#annotation;READ_ONLY&#10;normal;CtEnum#comment;READ_ONLY" type="java.lang.AssertionError">java.lang.AssertionError: 
normal;CtEnum#value;READ_ONLY
normal;CtEnum#typeMember;READ_ONLY
normal;CtEnum#interface;READ_ONLY
normal;CtEnum#annotation;READ_ONLY
normal;CtEnum#comment;READ_ONLY
	at spoon.test.parent.CollectionsContractTest.testContract(CollectionsContractTest.java:145)
</failure>
  </testcase>
  <testcase name="testContract[CtNewClass]" classname="spoon.test.parent.CollectionsContractTest" time="0.001">
    <failure message="normal;CtNewClass#argument;READ_ONLY&#10;normal;CtNewClass#cast;READ_ONLY&#10;normal;CtNewClass#annotation;READ_ONLY&#10;normal;CtNewClass#comment;READ_ONLY" type="java.lang.AssertionError">java.lang.AssertionError: 
normal;CtNewClass#argument;READ_ONLY
normal;CtNewClass#cast;READ_ONLY
normal;CtNewClass#annotation;READ_ONLY
normal;CtNewClass#comment;READ_ONLY
	at spoon.test.parent.CollectionsContractTest.testContract(CollectionsContractTest.java:145)
</failure>
  </testcase>
  <testcase name="testContract[CtLocalVariableReference]" classname="spoon.test.parent.CollectionsContractTest" time="0.001">
    <failure message="normal;CtLocalVariableReference#annotation;READ_ONLY" type="java.lang.AssertionError">java.lang.AssertionError: normal;CtLocalVariableReference#annotation;READ_ONLY
	at spoon.test.parent.CollectionsContractTest.testContract(CollectionsContractTest.java:145)
</failure>
  </testcase>
  <testcase name="testContract[CtAnnotationType]" classname="spoon.test.parent.CollectionsContractTest" time="0.002">
    <failure message="normal;CtAnnotationType#typeMember;READ_ONLY&#10;normal;CtAnnotationType#annotation;READ_ONLY&#10;normal;CtAnnotationType#comment;READ_ONLY" type="java.lang.AssertionError">java.lang.AssertionError: 
normal;CtAnnotationType#typeMember;READ_ONLY
normal;CtAnnotationType#annotation;READ_ONLY
normal;CtAnnotationType#comment;READ_ONLY
	at spoon.test.parent.CollectionsContractTest.testContract(CollectionsContractTest.java:145)
</failure>
  </testcase>
  <testcase name="testContract[CtCatchVariable]" classname="spoon.test.parent.CollectionsContractTest" time="0.001">
    <failure message="normal;CtCatchVariable#multiType;READ_ONLY&#10;normal;CtCatchVariable#annotation;READ_ONLY&#10;normal;CtCatchVariable#comment;READ_ONLY" type="java.lang.AssertionError">java.lang.AssertionError: 
normal;CtCatchVariable#multiType;READ_ONLY
normal;CtCatchVariable#annotation;READ_ONLY
normal;CtCatchVariable#comment;READ_ONLY
	at spoon.test.parent.CollectionsContractTest.testContract(CollectionsContractTest.java:145)
</failure>
  </testcase>
  <testcase name="testContract[CtExecutableReferenceExpression]" classname="spoon.test.parent.CollectionsContractTest" time="0.001">
    <failure message="normal;CtExecutableReferenceExpression#cast;READ_ONLY&#10;normal;CtExecutableReferenceExpression#annotation;READ_ONLY&#10;normal;CtExecutableReferenceExpression#comment;READ_ONLY" type="java.lang.AssertionError">java.lang.AssertionError: 
normal;CtExecutableReferenceExpression#cast;READ_ONLY
normal;CtExecutableReferenceExpression#annotation;READ_ONLY
normal;CtExecutableReferenceExpression#comment;READ_ONLY
	at spoon.test.parent.CollectionsContractTest.testContract(CollectionsContractTest.java:145)
</failure>
  </testcase>
</testsuite>