<?xml version="1.0" encoding="UTF-8"?>
<testsuite xmlns:xsi="http://www.w3.org/2001/XMLSchema-instance" xsi:schemaLocation="https://maven.apache.org/surefire/maven-surefire-plugin/xsd/surefire-test-report.xsd" name="org.springframework.data.redis.core.DefaultSetOperationsTests" time="0.038" tests="108" errors="108" skipped="0" failures="0">
  <properties>
    <property name="java.runtime.name" value="OpenJDK Runtime Environment"/>
    <property name="sun.boot.library.path" value="/usr/lib/jvm/java-8-openjdk-amd64/jre/lib/amd64"/>
    <property name="java.vm.version" value="25.121-b13"/>
    <property name="java.vm.vendor" value="Oracle Corporation"/>
    <property name="maven.multiModuleProjectDirectory" value="/root/workspace/spring-projects/spring-data-redis/388703425"/>
    <property name="java.vendor.url" value="http://java.oracle.com/"/>
    <property name="path.separator" value=":"/>
    <property name="guice.disable.misplaced.annotation.check" value="true"/>
    <property name="skip.gulp" value="true"/>
    <property name="java.vm.name" value="OpenJDK 64-Bit Server VM"/>
    <property name="file.encoding.pkg" value="sun.io"/>
    <property name="sun.java.launcher" value="SUN_STANDARD"/>
    <property name="sun.os.patch.level" value="unknown"/>
    <property name="findbugs.skip" value="true"/>
    <property name="java.vm.specification.name" value="Java Virtual Machine Specification"/>
    <property name="user.dir" value="/root/workspace/spring-projects/spring-data-redis/388703425"/>
    <property name="checkstyle.skip" value="true"/>
    <property name="java.runtime.version" value="1.8.0_121-8u121-b13-1~bpo8+1-b13"/>
    <property name="java.awt.graphicsenv" value="sun.awt.X11GraphicsEnvironment"/>
    <property name="skip.npm" value="true"/>
    <property name="java.endorsed.dirs" value="/usr/lib/jvm/java-8-openjdk-amd64/jre/lib/endorsed"/>
    <property name="os.arch" value="amd64"/>
    <property name="java.io.tmpdir" value="/tmp"/>
    <property name="gpg.skip" value="true"/>
    <property name="line.separator" value="&#10;"/>
    <property name="java.vm.specification.vendor" value="Oracle Corporation"/>
    <property name="cobertura.skip" value="true"/>
    <property name="os.name" value="Linux"/>
    <property name="classworlds.conf" value="/usr/share/maven/bin/m2.conf"/>
    <property name="sun.jnu.encoding" value="UTF-8"/>
    <property name="java.library.path" value="/usr/java/packages/lib/amd64:/usr/lib/x86_64-linux-gnu/jni:/lib/x86_64-linux-gnu:/usr/lib/x86_64-linux-gnu:/usr/lib/jni:/lib:/usr/lib"/>
    <property name="license.skip" value="true"/>
    <property name="java.specification.name" value="Java Platform API Specification"/>
    <property name="java.class.version" value="52.0"/>
    <property name="sun.management.compiler" value="HotSpot 64-Bit Tiered Compilers"/>
    <property name="skip.bower" value="true"/>
    <property name="maven.repo.local" value="/root/./workspace/spring-projects/spring-data-redis/388703425/.m2"/>
    <property name="os.version" value="3.10.0-862.3.2.el7.x86_64"/>
    <property name="user.home" value="/root"/>
    <property name="user.timezone" value="Europe/Paris"/>
    <property name="java.awt.printerjob" value="sun.print.PSPrinterJob"/>
    <property name="java.specification.version" value="1.8"/>
    <property name="file.encoding" value="UTF-8"/>
    <property name="user.name" value="root"/>
    <property name="java.class.path" value="/usr/share/maven/boot/plexus-classworlds-2.5.2.jar"/>
    <property name="skipITs" value="true"/>
    <property name="java.vm.specification.version" value="1.8"/>
    <property name="sun.arch.data.model" value="64"/>
    <property name="java.home" value="/usr/lib/jvm/java-8-openjdk-amd64/jre"/>
    <property name="sun.java.command" value="org.codehaus.plexus.classworlds.launcher.Launcher -B -D enforcer.skip=true -D dependency-check.skip=true -D skipITs=true -D cobertura.skip=true -D maven.repo.local=/root/./workspace/spring-projects/spring-data-redis/388703425/.m2 -D rat.skip=true -D findbugs.skip=true -D skip.bower=true -D gpg.skip=true -D checkstyle.skip=true -D skip.gulp=true -D license.skip=true -D skip.npm=true test"/>
    <property name="java.specification.vendor" value="Oracle Corporation"/>
    <property name="user.language" value="en"/>
    <property name="awt.toolkit" value="sun.awt.X11.XToolkit"/>
    <property name="dependency-check.skip" value="true"/>
    <property name="java.vm.info" value="mixed mode"/>
    <property name="java.version" value="1.8.0_121"/>
    <property name="java.ext.dirs" value="/usr/lib/jvm/java-8-openjdk-amd64/jre/lib/ext:/usr/java/packages/lib/ext"/>
    <property name="securerandom.source" value="file:/dev/./urandom"/>
    <property name="sun.boot.class.path" value="/usr/lib/jvm/java-8-openjdk-amd64/jre/lib/resources.jar:/usr/lib/jvm/java-8-openjdk-amd64/jre/lib/rt.jar:/usr/lib/jvm/java-8-openjdk-amd64/jre/lib/sunrsasign.jar:/usr/lib/jvm/java-8-openjdk-amd64/jre/lib/jsse.jar:/usr/lib/jvm/java-8-openjdk-amd64/jre/lib/jce.jar:/usr/lib/jvm/java-8-openjdk-amd64/jre/lib/charsets.jar:/usr/lib/jvm/java-8-openjdk-amd64/jre/lib/jfr.jar:/usr/lib/jvm/java-8-openjdk-amd64/jre/classes"/>
    <property name="java.vendor" value="Oracle Corporation"/>
    <property name="enforcer.skip" value="true"/>
    <property name="rat.skip" value="true"/>
    <property name="maven.home" value="/usr/share/maven"/>
    <property name="file.separator" value="/"/>
    <property name="java.vendor.url.bug" value="http://bugreport.sun.com/bugreport/"/>
    <property name="sun.cpu.endian" value="little"/>
    <property name="sun.io.unicode.encoding" value="UnicodeLittle"/>
    <property name="sun.cpu.isalist" value=""/>
  </properties>
  <testcase name="testRandomMembersNegative[0]" classname="org.springframework.data.redis.core.DefaultSetOperationsTests" time="0">
    <error message="Could not initialize class org.springframework.data.redis.test.util.MinimumRedisVersionRule" type="java.lang.NoClassDefFoundError"><![CDATA[java.lang.NoClassDefFoundError: Could not initialize class org.springframework.data.redis.test.util.MinimumRedisVersionRule
	at org.springframework.data.redis.core.DefaultSetOperationsTests.<init>(DefaultSetOperationsTests.java:64)
]]></error>
  </testcase>
  <testcase name="testAdd[0]" classname="org.springframework.data.redis.core.DefaultSetOperationsTests" time="0">
    <error message="Could not initialize class org.springframework.data.redis.test.util.MinimumRedisVersionRule" type="java.lang.NoClassDefFoundError"><![CDATA[java.lang.NoClassDefFoundError: Could not initialize class org.springframework.data.redis.test.util.MinimumRedisVersionRule
	at org.springframework.data.redis.core.DefaultSetOperationsTests.<init>(DefaultSetOperationsTests.java:64)
]]></error>
  </testcase>
  <testcase name="testPop[0]" classname="org.springframework.data.redis.core.DefaultSetOperationsTests" time="0.001">
    <error message="Could not initialize class org.springframework.data.redis.test.util.MinimumRedisVersionRule" type="java.lang.NoClassDefFoundError"><![CDATA[java.lang.NoClassDefFoundError: Could not initialize class org.springframework.data.redis.test.util.MinimumRedisVersionRule
	at org.springframework.data.redis.core.DefaultSetOperationsTests.<init>(DefaultSetOperationsTests.java:64)
]]></error>
  </testcase>
  <testcase name="testPopWithCount[0]" classname="org.springframework.data.redis.core.DefaultSetOperationsTests" time="0">
    <error message="Could not initialize class org.springframework.data.redis.test.util.MinimumRedisVersionRule" type="java.lang.NoClassDefFoundError"><![CDATA[java.lang.NoClassDefFoundError: Could not initialize class org.springframework.data.redis.test.util.MinimumRedisVersionRule
	at org.springframework.data.redis.core.DefaultSetOperationsTests.<init>(DefaultSetOperationsTests.java:64)
]]></error>
  </testcase>
  <testcase name="testMove[0]" classname="org.springframework.data.redis.core.DefaultSetOperationsTests" time="0">
    <error message="Could not initialize class org.springframework.data.redis.test.util.MinimumRedisVersionRule" type="java.lang.NoClassDefFoundError"><![CDATA[java.lang.NoClassDefFoundError: Could not initialize class org.springframework.data.redis.test.util.MinimumRedisVersionRule
	at org.springframework.data.redis.core.DefaultSetOperationsTests.<init>(DefaultSetOperationsTests.java:64)
]]></error>
  </testcase>
  <testcase name="testDistinctRandomMembersNegative[0]" classname="org.springframework.data.redis.core.DefaultSetOperationsTests" time="0.001">
    <error message="Could not initialize class org.springframework.data.redis.test.util.MinimumRedisVersionRule" type="java.lang.NoClassDefFoundError"><![CDATA[java.lang.NoClassDefFoundError: Could not initialize class org.springframework.data.redis.test.util.MinimumRedisVersionRule
	at org.springframework.data.redis.core.DefaultSetOperationsTests.<init>(DefaultSetOperationsTests.java:64)
]]></error>
  </testcase>
  <testcase name="testSSCanReadsValuesFully[0]" classname="org.springframework.data.redis.core.DefaultSetOperationsTests" time="0">
    <error message="Could not initialize class org.springframework.data.redis.test.util.MinimumRedisVersionRule" type="java.lang.NoClassDefFoundError"><![CDATA[java.lang.NoClassDefFoundError: Could not initialize class org.springframework.data.redis.test.util.MinimumRedisVersionRule
	at org.springframework.data.redis.core.DefaultSetOperationsTests.<init>(DefaultSetOperationsTests.java:64)
]]></error>
  </testcase>
  <testcase name="intersectAndStoreShouldReturnNumberOfElementsInDestination[0]" classname="org.springframework.data.redis.core.DefaultSetOperationsTests" time="0">
    <error message="Could not initialize class org.springframework.data.redis.test.util.MinimumRedisVersionRule" type="java.lang.NoClassDefFoundError"><![CDATA[java.lang.NoClassDefFoundError: Could not initialize class org.springframework.data.redis.test.util.MinimumRedisVersionRule
	at org.springframework.data.redis.core.DefaultSetOperationsTests.<init>(DefaultSetOperationsTests.java:64)
]]></error>
  </testcase>
  <testcase name="testRandomMember[0]" classname="org.springframework.data.redis.core.DefaultSetOperationsTests" time="0">
    <error message="Could not initialize class org.springframework.data.redis.test.util.MinimumRedisVersionRule" type="java.lang.NoClassDefFoundError"><![CDATA[java.lang.NoClassDefFoundError: Could not initialize class org.springframework.data.redis.test.util.MinimumRedisVersionRule
	at org.springframework.data.redis.core.DefaultSetOperationsTests.<init>(DefaultSetOperationsTests.java:64)
]]></error>
  </testcase>
  <testcase name="testDistinctRandomMembers[0]" classname="org.springframework.data.redis.core.DefaultSetOperationsTests" time="0">
    <error message="Could not initialize class org.springframework.data.redis.test.util.MinimumRedisVersionRule" type="java.lang.NoClassDefFoundError"><![CDATA[java.lang.NoClassDefFoundError: Could not initialize class org.springframework.data.redis.test.util.MinimumRedisVersionRule
	at org.springframework.data.redis.core.DefaultSetOperationsTests.<init>(DefaultSetOperationsTests.java:64)
]]></error>
  </testcase>
  <testcase name="testRemove[0]" classname="org.springframework.data.redis.core.DefaultSetOperationsTests" time="0">
    <error message="Could not initialize class org.springframework.data.redis.test.util.MinimumRedisVersionRule" type="java.lang.NoClassDefFoundError"><![CDATA[java.lang.NoClassDefFoundError: Could not initialize class org.springframework.data.redis.test.util.MinimumRedisVersionRule
	at org.springframework.data.redis.core.DefaultSetOperationsTests.<init>(DefaultSetOperationsTests.java:64)
]]></error>
  </testcase>
  <testcase name="testRandomMembersWithDuplicates[0]" classname="org.springframework.data.redis.core.DefaultSetOperationsTests" time="0">
    <error message="Could not initialize class org.springframework.data.redis.test.util.MinimumRedisVersionRule" type="java.lang.NoClassDefFoundError"><![CDATA[java.lang.NoClassDefFoundError: Could not initialize class org.springframework.data.redis.test.util.MinimumRedisVersionRule
	at org.springframework.data.redis.core.DefaultSetOperationsTests.<init>(DefaultSetOperationsTests.java:64)
]]></error>
  </testcase>
  <testcase name="testRandomMembersNegative[1]" classname="org.springframework.data.redis.core.DefaultSetOperationsTests" time="0">
    <error message="Could not initialize class org.springframework.data.redis.test.util.MinimumRedisVersionRule" type="java.lang.NoClassDefFoundError"><![CDATA[java.lang.NoClassDefFoundError: Could not initialize class org.springframework.data.redis.test.util.MinimumRedisVersionRule
	at org.springframework.data.redis.core.DefaultSetOperationsTests.<init>(DefaultSetOperationsTests.java:64)
]]></error>
  </testcase>
  <testcase name="testAdd[1]" classname="org.springframework.data.redis.core.DefaultSetOperationsTests" time="0.001">
    <error message="Could not initialize class org.springframework.data.redis.test.util.MinimumRedisVersionRule" type="java.lang.NoClassDefFoundError"><![CDATA[java.lang.NoClassDefFoundError: Could not initialize class org.springframework.data.redis.test.util.MinimumRedisVersionRule
	at org.springframework.data.redis.core.DefaultSetOperationsTests.<init>(DefaultSetOperationsTests.java:64)
]]></error>
  </testcase>
  <testcase name="testPop[1]" classname="org.springframework.data.redis.core.DefaultSetOperationsTests" time="0">
    <error message="Could not initialize class org.springframework.data.redis.test.util.MinimumRedisVersionRule" type="java.lang.NoClassDefFoundError"><![CDATA[java.lang.NoClassDefFoundError: Could not initialize class org.springframework.data.redis.test.util.MinimumRedisVersionRule
	at org.springframework.data.redis.core.DefaultSetOperationsTests.<init>(DefaultSetOperationsTests.java:64)
]]></error>
  </testcase>
  <testcase name="testPopWithCount[1]" classname="org.springframework.data.redis.core.DefaultSetOperationsTests" time="0">
    <error message="Could not initialize class org.springframework.data.redis.test.util.MinimumRedisVersionRule" type="java.lang.NoClassDefFoundError"><![CDATA[java.lang.NoClassDefFoundError: Could not initialize class org.springframework.data.redis.test.util.MinimumRedisVersionRule
	at org.springframework.data.redis.core.DefaultSetOperationsTests.<init>(DefaultSetOperationsTests.java:64)
]]></error>
  </testcase>
  <testcase name="testMove[1]" classname="org.springframework.data.redis.core.DefaultSetOperationsTests" time="0">
    <error message="Could not initialize class org.springframework.data.redis.test.util.MinimumRedisVersionRule" type="java.lang.NoClassDefFoundError"><![CDATA[java.lang.NoClassDefFoundError: Could not initialize class org.springframework.data.redis.test.util.MinimumRedisVersionRule
	at org.springframework.data.redis.core.DefaultSetOperationsTests.<init>(DefaultSetOperationsTests.java:64)
]]></error>
  </testcase>
  <testcase name="testDistinctRandomMembersNegative[1]" classname="org.springframework.data.redis.core.DefaultSetOperationsTests" time="0">
    <error message="Could not initialize class org.springframework.data.redis.test.util.MinimumRedisVersionRule" type="java.lang.NoClassDefFoundError"><![CDATA[java.lang.NoClassDefFoundError: Could not initialize class org.springframework.data.redis.test.util.MinimumRedisVersionRule
	at org.springframework.data.redis.core.DefaultSetOperationsTests.<init>(DefaultSetOperationsTests.java:64)
]]></error>
  </testcase>
  <testcase name="testSSCanReadsValuesFully[1]" classname="org.springframework.data.redis.core.DefaultSetOperationsTests" time="0">
    <error message="Could not initialize class org.springframework.data.redis.test.util.MinimumRedisVersionRule" type="java.lang.NoClassDefFoundError"><![CDATA[java.lang.NoClassDefFoundError: Could not initialize class org.springframework.data.redis.test.util.MinimumRedisVersionRule
	at org.springframework.data.redis.core.DefaultSetOperationsTests.<init>(DefaultSetOperationsTests.java:64)
]]></error>
  </testcase>
  <testcase name="intersectAndStoreShouldReturnNumberOfElementsInDestination[1]" classname="org.springframework.data.redis.core.DefaultSetOperationsTests" time="0">
    <error message="Could not initialize class org.springframework.data.redis.test.util.MinimumRedisVersionRule" type="java.lang.NoClassDefFoundError"><![CDATA[java.lang.NoClassDefFoundError: Could not initialize class org.springframework.data.redis.test.util.MinimumRedisVersionRule
	at org.springframework.data.redis.core.DefaultSetOperationsTests.<init>(DefaultSetOperationsTests.java:64)
]]></error>
  </testcase>
  <testcase name="testRandomMember[1]" classname="org.springframework.data.redis.core.DefaultSetOperationsTests" time="0">
    <error message="Could not initialize class org.springframework.data.redis.test.util.MinimumRedisVersionRule" type="java.lang.NoClassDefFoundError"><![CDATA[java.lang.NoClassDefFoundError: Could not initialize class org.springframework.data.redis.test.util.MinimumRedisVersionRule
	at org.springframework.data.redis.core.DefaultSetOperationsTests.<init>(DefaultSetOperationsTests.java:64)
]]></error>
  </testcase>
  <testcase name="testDistinctRandomMembers[1]" classname="org.springframework.data.redis.core.DefaultSetOperationsTests" time="0">
    <error message="Could not initialize class org.springframework.data.redis.test.util.MinimumRedisVersionRule" type="java.lang.NoClassDefFoundError"><![CDATA[java.lang.NoClassDefFoundError: Could not initialize class org.springframework.data.redis.test.util.MinimumRedisVersionRule
	at org.springframework.data.redis.core.DefaultSetOperationsTests.<init>(DefaultSetOperationsTests.java:64)
]]></error>
  </testcase>
  <testcase name="testRemove[1]" classname="org.springframework.data.redis.core.DefaultSetOperationsTests" time="0">
    <error message="Could not initialize class org.springframework.data.redis.test.util.MinimumRedisVersionRule" type="java.lang.NoClassDefFoundError"><![CDATA[java.lang.NoClassDefFoundError: Could not initialize class org.springframework.data.redis.test.util.MinimumRedisVersionRule
	at org.springframework.data.redis.core.DefaultSetOperationsTests.<init>(DefaultSetOperationsTests.java:64)
]]></error>
  </testcase>
  <testcase name="testRandomMembersWithDuplicates[1]" classname="org.springframework.data.redis.core.DefaultSetOperationsTests" time="0">
    <error message="Could not initialize class org.springframework.data.redis.test.util.MinimumRedisVersionRule" type="java.lang.NoClassDefFoundError"><![CDATA[java.lang.NoClassDefFoundError: Could not initialize class org.springframework.data.redis.test.util.MinimumRedisVersionRule
	at org.springframework.data.redis.core.DefaultSetOperationsTests.<init>(DefaultSetOperationsTests.java:64)
]]></error>
  </testcase>
  <testcase name="testRandomMembersNegative[2]" classname="org.springframework.data.redis.core.DefaultSetOperationsTests" time="0">
    <error message="Could not initialize class org.springframework.data.redis.test.util.MinimumRedisVersionRule" type="java.lang.NoClassDefFoundError"><![CDATA[java.lang.NoClassDefFoundError: Could not initialize class org.springframework.data.redis.test.util.MinimumRedisVersionRule
	at org.springframework.data.redis.core.DefaultSetOperationsTests.<init>(DefaultSetOperationsTests.java:64)
]]></error>
  </testcase>
  <testcase name="testAdd[2]" classname="org.springframework.data.redis.core.DefaultSetOperationsTests" time="0.001">
    <error message="Could not initialize class org.springframework.data.redis.test.util.MinimumRedisVersionRule" type="java.lang.NoClassDefFoundError"><![CDATA[java.lang.NoClassDefFoundError: Could not initialize class org.springframework.data.redis.test.util.MinimumRedisVersionRule
	at org.springframework.data.redis.core.DefaultSetOperationsTests.<init>(DefaultSetOperationsTests.java:64)
]]></error>
  </testcase>
  <testcase name="testPop[2]" classname="org.springframework.data.redis.core.DefaultSetOperationsTests" time="0">
    <error message="Could not initialize class org.springframework.data.redis.test.util.MinimumRedisVersionRule" type="java.lang.NoClassDefFoundError"><![CDATA[java.lang.NoClassDefFoundError: Could not initialize class org.springframework.data.redis.test.util.MinimumRedisVersionRule
	at org.springframework.data.redis.core.DefaultSetOperationsTests.<init>(DefaultSetOperationsTests.java:64)
]]></error>
  </testcase>
  <testcase name="testPopWithCount[2]" classname="org.springframework.data.redis.core.DefaultSetOperationsTests" time="0">
    <error message="Could not initialize class org.springframework.data.redis.test.util.MinimumRedisVersionRule" type="java.lang.NoClassDefFoundError"><![CDATA[java.lang.NoClassDefFoundError: Could not initialize class org.springframework.data.redis.test.util.MinimumRedisVersionRule
	at org.springframework.data.redis.core.DefaultSetOperationsTests.<init>(DefaultSetOperationsTests.java:64)
]]></error>
  </testcase>
  <testcase name="testMove[2]" classname="org.springframework.data.redis.core.DefaultSetOperationsTests" time="0">
    <error message="Could not initialize class org.springframework.data.redis.test.util.MinimumRedisVersionRule" type="java.lang.NoClassDefFoundError"><![CDATA[java.lang.NoClassDefFoundError: Could not initialize class org.springframework.data.redis.test.util.MinimumRedisVersionRule
	at org.springframework.data.redis.core.DefaultSetOperationsTests.<init>(DefaultSetOperationsTests.java:64)
]]></error>
  </testcase>
  <testcase name="testDistinctRandomMembersNegative[2]" classname="org.springframework.data.redis.core.DefaultSetOperationsTests" time="0">
    <error message="Could not initialize class org.springframework.data.redis.test.util.MinimumRedisVersionRule" type="java.lang.NoClassDefFoundError"><![CDATA[java.lang.NoClassDefFoundError: Could not initialize class org.springframework.data.redis.test.util.MinimumRedisVersionRule
	at org.springframework.data.redis.core.DefaultSetOperationsTests.<init>(DefaultSetOperationsTests.java:64)
]]></error>
  </testcase>
  <testcase name="testSSCanReadsValuesFully[2]" classname="org.springframework.data.redis.core.DefaultSetOperationsTests" time="0">
    <error message="Could not initialize class org.springframework.data.redis.test.util.MinimumRedisVersionRule" type="java.lang.NoClassDefFoundError"><![CDATA[java.lang.NoClassDefFoundError: Could not initialize class org.springframework.data.redis.test.util.MinimumRedisVersionRule
	at org.springframework.data.redis.core.DefaultSetOperationsTests.<init>(DefaultSetOperationsTests.java:64)
]]></error>
  </testcase>
  <testcase name="intersectAndStoreShouldReturnNumberOfElementsInDestination[2]" classname="org.springframework.data.redis.core.DefaultSetOperationsTests" time="0">
    <error message="Could not initialize class org.springframework.data.redis.test.util.MinimumRedisVersionRule" type="java.lang.NoClassDefFoundError"><![CDATA[java.lang.NoClassDefFoundError: Could not initialize class org.springframework.data.redis.test.util.MinimumRedisVersionRule
	at org.springframework.data.redis.core.DefaultSetOperationsTests.<init>(DefaultSetOperationsTests.java:64)
]]></error>
  </testcase>
  <testcase name="testRandomMember[2]" classname="org.springframework.data.redis.core.DefaultSetOperationsTests" time="0">
    <error message="Could not initialize class org.springframework.data.redis.test.util.MinimumRedisVersionRule" type="java.lang.NoClassDefFoundError"><![CDATA[java.lang.NoClassDefFoundError: Could not initialize class org.springframework.data.redis.test.util.MinimumRedisVersionRule
	at org.springframework.data.redis.core.DefaultSetOperationsTests.<init>(DefaultSetOperationsTests.java:64)
]]></error>
  </testcase>
  <testcase name="testDistinctRandomMembers[2]" classname="org.springframework.data.redis.core.DefaultSetOperationsTests" time="0">
    <error message="Could not initialize class org.springframework.data.redis.test.util.MinimumRedisVersionRule" type="java.lang.NoClassDefFoundError"><![CDATA[java.lang.NoClassDefFoundError: Could not initialize class org.springframework.data.redis.test.util.MinimumRedisVersionRule
	at org.springframework.data.redis.core.DefaultSetOperationsTests.<init>(DefaultSetOperationsTests.java:64)
]]></error>
  </testcase>
  <testcase name="testRemove[2]" classname="org.springframework.data.redis.core.DefaultSetOperationsTests" time="0">
    <error message="Could not initialize class org.springframework.data.redis.test.util.MinimumRedisVersionRule" type="java.lang.NoClassDefFoundError"><![CDATA[java.lang.NoClassDefFoundError: Could not initialize class org.springframework.data.redis.test.util.MinimumRedisVersionRule
	at org.springframework.data.redis.core.DefaultSetOperationsTests.<init>(DefaultSetOperationsTests.java:64)
]]></error>
  </testcase>
  <testcase name="testRandomMembersWithDuplicates[2]" classname="org.springframework.data.redis.core.DefaultSetOperationsTests" time="0">
    <error message="Could not initialize class org.springframework.data.redis.test.util.MinimumRedisVersionRule" type="java.lang.NoClassDefFoundError"><![CDATA[java.lang.NoClassDefFoundError: Could not initialize class org.springframework.data.redis.test.util.MinimumRedisVersionRule
	at org.springframework.data.redis.core.DefaultSetOperationsTests.<init>(DefaultSetOperationsTests.java:64)
]]></error>
  </testcase>
  <testcase name="testRandomMembersNegative[3]" classname="org.springframework.data.redis.core.DefaultSetOperationsTests" time="0">
    <error message="Could not initialize class org.springframework.data.redis.test.util.MinimumRedisVersionRule" type="java.lang.NoClassDefFoundError"><![CDATA[java.lang.NoClassDefFoundError: Could not initialize class org.springframework.data.redis.test.util.MinimumRedisVersionRule
	at org.springframework.data.redis.core.DefaultSetOperationsTests.<init>(DefaultSetOperationsTests.java:64)
]]></error>
  </testcase>
  <testcase name="testAdd[3]" classname="org.springframework.data.redis.core.DefaultSetOperationsTests" time="0">
    <error message="Could not initialize class org.springframework.data.redis.test.util.MinimumRedisVersionRule" type="java.lang.NoClassDefFoundError"><![CDATA[java.lang.NoClassDefFoundError: Could not initialize class org.springframework.data.redis.test.util.MinimumRedisVersionRule
	at org.springframework.data.redis.core.DefaultSetOperationsTests.<init>(DefaultSetOperationsTests.java:64)
]]></error>
  </testcase>
  <testcase name="testPop[3]" classname="org.springframework.data.redis.core.DefaultSetOperationsTests" time="0">
    <error message="Could not initialize class org.springframework.data.redis.test.util.MinimumRedisVersionRule" type="java.lang.NoClassDefFoundError"><![CDATA[java.lang.NoClassDefFoundError: Could not initialize class org.springframework.data.redis.test.util.MinimumRedisVersionRule
	at org.springframework.data.redis.core.DefaultSetOperationsTests.<init>(DefaultSetOperationsTests.java:64)
]]></error>
  </testcase>
  <testcase name="testPopWithCount[3]" classname="org.springframework.data.redis.core.DefaultSetOperationsTests" time="0">
    <error message="Could not initialize class org.springframework.data.redis.test.util.MinimumRedisVersionRule" type="java.lang.NoClassDefFoundError"><![CDATA[java.lang.NoClassDefFoundError: Could not initialize class org.springframework.data.redis.test.util.MinimumRedisVersionRule
	at org.springframework.data.redis.core.DefaultSetOperationsTests.<init>(DefaultSetOperationsTests.java:64)
]]></error>
  </testcase>
  <testcase name="testMove[3]" classname="org.springframework.data.redis.core.DefaultSetOperationsTests" time="0">
    <error message="Could not initialize class org.springframework.data.redis.test.util.MinimumRedisVersionRule" type="java.lang.NoClassDefFoundError"><![CDATA[java.lang.NoClassDefFoundError: Could not initialize class org.springframework.data.redis.test.util.MinimumRedisVersionRule
	at org.springframework.data.redis.core.DefaultSetOperationsTests.<init>(DefaultSetOperationsTests.java:64)
]]></error>
  </testcase>
  <testcase name="testDistinctRandomMembersNegative[3]" classname="org.springframework.data.redis.core.DefaultSetOperationsTests" time="0">
    <error message="Could not initialize class org.springframework.data.redis.test.util.MinimumRedisVersionRule" type="java.lang.NoClassDefFoundError"><![CDATA[java.lang.NoClassDefFoundError: Could not initialize class org.springframework.data.redis.test.util.MinimumRedisVersionRule
	at org.springframework.data.redis.core.DefaultSetOperationsTests.<init>(DefaultSetOperationsTests.java:64)
]]></error>
  </testcase>
  <testcase name="testSSCanReadsValuesFully[3]" classname="org.springframework.data.redis.core.DefaultSetOperationsTests" time="0">
    <error message="Could not initialize class org.springframework.data.redis.test.util.MinimumRedisVersionRule" type="java.lang.NoClassDefFoundError"><![CDATA[java.lang.NoClassDefFoundError: Could not initialize class org.springframework.data.redis.test.util.MinimumRedisVersionRule
	at org.springframework.data.redis.core.DefaultSetOperationsTests.<init>(DefaultSetOperationsTests.java:64)
]]></error>
  </testcase>
  <testcase name="intersectAndStoreShouldReturnNumberOfElementsInDestination[3]" classname="org.springframework.data.redis.core.DefaultSetOperationsTests" time="0">
    <error message="Could not initialize class org.springframework.data.redis.test.util.MinimumRedisVersionRule" type="java.lang.NoClassDefFoundError"><![CDATA[java.lang.NoClassDefFoundError: Could not initialize class org.springframework.data.redis.test.util.MinimumRedisVersionRule
	at org.springframework.data.redis.core.DefaultSetOperationsTests.<init>(DefaultSetOperationsTests.java:64)
]]></error>
  </testcase>
  <testcase name="testRandomMember[3]" classname="org.springframework.data.redis.core.DefaultSetOperationsTests" time="0">
    <error message="Could not initialize class org.springframework.data.redis.test.util.MinimumRedisVersionRule" type="java.lang.NoClassDefFoundError"><![CDATA[java.lang.NoClassDefFoundError: Could not initialize class org.springframework.data.redis.test.util.MinimumRedisVersionRule
	at org.springframework.data.redis.core.DefaultSetOperationsTests.<init>(DefaultSetOperationsTests.java:64)
]]></error>
  </testcase>
  <testcase name="testDistinctRandomMembers[3]" classname="org.springframework.data.redis.core.DefaultSetOperationsTests" time="0">
    <error message="Could not initialize class org.springframework.data.redis.test.util.MinimumRedisVersionRule" type="java.lang.NoClassDefFoundError"><![CDATA[java.lang.NoClassDefFoundError: Could not initialize class org.springframework.data.redis.test.util.MinimumRedisVersionRule
	at org.springframework.data.redis.core.DefaultSetOperationsTests.<init>(DefaultSetOperationsTests.java:64)
]]></error>
  </testcase>
  <testcase name="testRemove[3]" classname="org.springframework.data.redis.core.DefaultSetOperationsTests" time="0">
    <error message="Could not initialize class org.springframework.data.redis.test.util.MinimumRedisVersionRule" type="java.lang.NoClassDefFoundError"><![CDATA[java.lang.NoClassDefFoundError: Could not initialize class org.springframework.data.redis.test.util.MinimumRedisVersionRule
	at org.springframework.data.redis.core.DefaultSetOperationsTests.<init>(DefaultSetOperationsTests.java:64)
]]></error>
  </testcase>
  <testcase name="testRandomMembersWithDuplicates[3]" classname="org.springframework.data.redis.core.DefaultSetOperationsTests" time="0">
    <error message="Could not initialize class org.springframework.data.redis.test.util.MinimumRedisVersionRule" type="java.lang.NoClassDefFoundError"><![CDATA[java.lang.NoClassDefFoundError: Could not initialize class org.springframework.data.redis.test.util.MinimumRedisVersionRule
	at org.springframework.data.redis.core.DefaultSetOperationsTests.<init>(DefaultSetOperationsTests.java:64)
]]></error>
  </testcase>
  <testcase name="testRandomMembersNegative[4]" classname="org.springframework.data.redis.core.DefaultSetOperationsTests" time="0">
    <error message="Could not initialize class org.springframework.data.redis.test.util.MinimumRedisVersionRule" type="java.lang.NoClassDefFoundError"><![CDATA[java.lang.NoClassDefFoundError: Could not initialize class org.springframework.data.redis.test.util.MinimumRedisVersionRule
	at org.springframework.data.redis.core.DefaultSetOperationsTests.<init>(DefaultSetOperationsTests.java:64)
]]></error>
  </testcase>
  <testcase name="testAdd[4]" classname="org.springframework.data.redis.core.DefaultSetOperationsTests" time="0">
    <error message="Could not initialize class org.springframework.data.redis.test.util.MinimumRedisVersionRule" type="java.lang.NoClassDefFoundError"><![CDATA[java.lang.NoClassDefFoundError: Could not initialize class org.springframework.data.redis.test.util.MinimumRedisVersionRule
	at org.springframework.data.redis.core.DefaultSetOperationsTests.<init>(DefaultSetOperationsTests.java:64)
]]></error>
  </testcase>
  <testcase name="testPop[4]" classname="org.springframework.data.redis.core.DefaultSetOperationsTests" time="0">
    <error message="Could not initialize class org.springframework.data.redis.test.util.MinimumRedisVersionRule" type="java.lang.NoClassDefFoundError"><![CDATA[java.lang.NoClassDefFoundError: Could not initialize class org.springframework.data.redis.test.util.MinimumRedisVersionRule
	at org.springframework.data.redis.core.DefaultSetOperationsTests.<init>(DefaultSetOperationsTests.java:64)
]]></error>
  </testcase>
  <testcase name="testPopWithCount[4]" classname="org.springframework.data.redis.core.DefaultSetOperationsTests" time="0">
    <error message="Could not initialize class org.springframework.data.redis.test.util.MinimumRedisVersionRule" type="java.lang.NoClassDefFoundError"><![CDATA[java.lang.NoClassDefFoundError: Could not initialize class org.springframework.data.redis.test.util.MinimumRedisVersionRule
	at org.springframework.data.redis.core.DefaultSetOperationsTests.<init>(DefaultSetOperationsTests.java:64)
]]></error>
  </testcase>
  <testcase name="testMove[4]" classname="org.springframework.data.redis.core.DefaultSetOperationsTests" time="0.001">
    <error message="Could not initialize class org.springframework.data.redis.test.util.MinimumRedisVersionRule" type="java.lang.NoClassDefFoundError"><![CDATA[java.lang.NoClassDefFoundError: Could not initialize class org.springframework.data.redis.test.util.MinimumRedisVersionRule
	at org.springframework.data.redis.core.DefaultSetOperationsTests.<init>(DefaultSetOperationsTests.java:64)
]]></error>
  </testcase>
  <testcase name="testDistinctRandomMembersNegative[4]" classname="org.springframework.data.redis.core.DefaultSetOperationsTests" time="0">
    <error message="Could not initialize class org.springframework.data.redis.test.util.MinimumRedisVersionRule" type="java.lang.NoClassDefFoundError"><![CDATA[java.lang.NoClassDefFoundError: Could not initialize class org.springframework.data.redis.test.util.MinimumRedisVersionRule
	at org.springframework.data.redis.core.DefaultSetOperationsTests.<init>(DefaultSetOperationsTests.java:64)
]]></error>
  </testcase>
  <testcase name="testSSCanReadsValuesFully[4]" classname="org.springframework.data.redis.core.DefaultSetOperationsTests" time="0">
    <error message="Could not initialize class org.springframework.data.redis.test.util.MinimumRedisVersionRule" type="java.lang.NoClassDefFoundError"><![CDATA[java.lang.NoClassDefFoundError: Could not initialize class org.springframework.data.redis.test.util.MinimumRedisVersionRule
	at org.springframework.data.redis.core.DefaultSetOperationsTests.<init>(DefaultSetOperationsTests.java:64)
]]></error>
  </testcase>
  <testcase name="intersectAndStoreShouldReturnNumberOfElementsInDestination[4]" classname="org.springframework.data.redis.core.DefaultSetOperationsTests" time="0">
    <error message="Could not initialize class org.springframework.data.redis.test.util.MinimumRedisVersionRule" type="java.lang.NoClassDefFoundError"><![CDATA[java.lang.NoClassDefFoundError: Could not initialize class org.springframework.data.redis.test.util.MinimumRedisVersionRule
	at org.springframework.data.redis.core.DefaultSetOperationsTests.<init>(DefaultSetOperationsTests.java:64)
]]></error>
  </testcase>
  <testcase name="testRandomMember[4]" classname="org.springframework.data.redis.core.DefaultSetOperationsTests" time="0">
    <error message="Could not initialize class org.springframework.data.redis.test.util.MinimumRedisVersionRule" type="java.lang.NoClassDefFoundError"><![CDATA[java.lang.NoClassDefFoundError: Could not initialize class org.springframework.data.redis.test.util.MinimumRedisVersionRule
	at org.springframework.data.redis.core.DefaultSetOperationsTests.<init>(DefaultSetOperationsTests.java:64)
]]></error>
  </testcase>
  <testcase name="testDistinctRandomMembers[4]" classname="org.springframework.data.redis.core.DefaultSetOperationsTests" time="0">
    <error message="Could not initialize class org.springframework.data.redis.test.util.MinimumRedisVersionRule" type="java.lang.NoClassDefFoundError"><![CDATA[java.lang.NoClassDefFoundError: Could not initialize class org.springframework.data.redis.test.util.MinimumRedisVersionRule
	at org.springframework.data.redis.core.DefaultSetOperationsTests.<init>(DefaultSetOperationsTests.java:64)
]]></error>
  </testcase>
  <testcase name="testRemove[4]" classname="org.springframework.data.redis.core.DefaultSetOperationsTests" time="0">
    <error message="Could not initialize class org.springframework.data.redis.test.util.MinimumRedisVersionRule" type="java.lang.NoClassDefFoundError"><![CDATA[java.lang.NoClassDefFoundError: Could not initialize class org.springframework.data.redis.test.util.MinimumRedisVersionRule
	at org.springframework.data.redis.core.DefaultSetOperationsTests.<init>(DefaultSetOperationsTests.java:64)
]]></error>
  </testcase>
  <testcase name="testRandomMembersWithDuplicates[4]" classname="org.springframework.data.redis.core.DefaultSetOperationsTests" time="0">
    <error message="Could not initialize class org.springframework.data.redis.test.util.MinimumRedisVersionRule" type="java.lang.NoClassDefFoundError"><![CDATA[java.lang.NoClassDefFoundError: Could not initialize class org.springframework.data.redis.test.util.MinimumRedisVersionRule
	at org.springframework.data.redis.core.DefaultSetOperationsTests.<init>(DefaultSetOperationsTests.java:64)
]]></error>
  </testcase>
  <testcase name="testRandomMembersNegative[5]" classname="org.springframework.data.redis.core.DefaultSetOperationsTests" time="0">
    <error message="Could not initialize class org.springframework.data.redis.test.util.MinimumRedisVersionRule" type="java.lang.NoClassDefFoundError"><![CDATA[java.lang.NoClassDefFoundError: Could not initialize class org.springframework.data.redis.test.util.MinimumRedisVersionRule
	at org.springframework.data.redis.core.DefaultSetOperationsTests.<init>(DefaultSetOperationsTests.java:64)
]]></error>
  </testcase>
  <testcase name="testAdd[5]" classname="org.springframework.data.redis.core.DefaultSetOperationsTests" time="0">
    <error message="Could not initialize class org.springframework.data.redis.test.util.MinimumRedisVersionRule" type="java.lang.NoClassDefFoundError"><![CDATA[java.lang.NoClassDefFoundError: Could not initialize class org.springframework.data.redis.test.util.MinimumRedisVersionRule
	at org.springframework.data.redis.core.DefaultSetOperationsTests.<init>(DefaultSetOperationsTests.java:64)
]]></error>
  </testcase>
  <testcase name="testPop[5]" classname="org.springframework.data.redis.core.DefaultSetOperationsTests" time="0">
    <error message="Could not initialize class org.springframework.data.redis.test.util.MinimumRedisVersionRule" type="java.lang.NoClassDefFoundError"><![CDATA[java.lang.NoClassDefFoundError: Could not initialize class org.springframework.data.redis.test.util.MinimumRedisVersionRule
	at org.springframework.data.redis.core.DefaultSetOperationsTests.<init>(DefaultSetOperationsTests.java:64)
]]></error>
  </testcase>
  <testcase name="testPopWithCount[5]" classname="org.springframework.data.redis.core.DefaultSetOperationsTests" time="0">
    <error message="Could not initialize class org.springframework.data.redis.test.util.MinimumRedisVersionRule" type="java.lang.NoClassDefFoundError"><![CDATA[java.lang.NoClassDefFoundError: Could not initialize class org.springframework.data.redis.test.util.MinimumRedisVersionRule
	at org.springframework.data.redis.core.DefaultSetOperationsTests.<init>(DefaultSetOperationsTests.java:64)
]]></error>
  </testcase>
  <testcase name="testMove[5]" classname="org.springframework.data.redis.core.DefaultSetOperationsTests" time="0">
    <error message="Could not initialize class org.springframework.data.redis.test.util.MinimumRedisVersionRule" type="java.lang.NoClassDefFoundError"><![CDATA[java.lang.NoClassDefFoundError: Could not initialize class org.springframework.data.redis.test.util.MinimumRedisVersionRule
	at org.springframework.data.redis.core.DefaultSetOperationsTests.<init>(DefaultSetOperationsTests.java:64)
]]></error>
  </testcase>
  <testcase name="testDistinctRandomMembersNegative[5]" classname="org.springframework.data.redis.core.DefaultSetOperationsTests" time="0">
    <error message="Could not initialize class org.springframework.data.redis.test.util.MinimumRedisVersionRule" type="java.lang.NoClassDefFoundError"><![CDATA[java.lang.NoClassDefFoundError: Could not initialize class org.springframework.data.redis.test.util.MinimumRedisVersionRule
	at org.springframework.data.redis.core.DefaultSetOperationsTests.<init>(DefaultSetOperationsTests.java:64)
]]></error>
  </testcase>
  <testcase name="testSSCanReadsValuesFully[5]" classname="org.springframework.data.redis.core.DefaultSetOperationsTests" time="0">
    <error message="Could not initialize class org.springframework.data.redis.test.util.MinimumRedisVersionRule" type="java.lang.NoClassDefFoundError"><![CDATA[java.lang.NoClassDefFoundError: Could not initialize class org.springframework.data.redis.test.util.MinimumRedisVersionRule
	at org.springframework.data.redis.core.DefaultSetOperationsTests.<init>(DefaultSetOperationsTests.java:64)
]]></error>
  </testcase>
  <testcase name="intersectAndStoreShouldReturnNumberOfElementsInDestination[5]" classname="org.springframework.data.redis.core.DefaultSetOperationsTests" time="0">
    <error message="Could not initialize class org.springframework.data.redis.test.util.MinimumRedisVersionRule" type="java.lang.NoClassDefFoundError"><![CDATA[java.lang.NoClassDefFoundError: Could not initialize class org.springframework.data.redis.test.util.MinimumRedisVersionRule
	at org.springframework.data.redis.core.DefaultSetOperationsTests.<init>(DefaultSetOperationsTests.java:64)
]]></error>
  </testcase>
  <testcase name="testRandomMember[5]" classname="org.springframework.data.redis.core.DefaultSetOperationsTests" time="0">
    <error message="Could not initialize class org.springframework.data.redis.test.util.MinimumRedisVersionRule" type="java.lang.NoClassDefFoundError"><![CDATA[java.lang.NoClassDefFoundError: Could not initialize class org.springframework.data.redis.test.util.MinimumRedisVersionRule
	at org.springframework.data.redis.core.DefaultSetOperationsTests.<init>(DefaultSetOperationsTests.java:64)
]]></error>
  </testcase>
  <testcase name="testDistinctRandomMembers[5]" classname="org.springframework.data.redis.core.DefaultSetOperationsTests" time="0">
    <error message="Could not initialize class org.springframework.data.redis.test.util.MinimumRedisVersionRule" type="java.lang.NoClassDefFoundError"><![CDATA[java.lang.NoClassDefFoundError: Could not initialize class org.springframework.data.redis.test.util.MinimumRedisVersionRule
	at org.springframework.data.redis.core.DefaultSetOperationsTests.<init>(DefaultSetOperationsTests.java:64)
]]></error>
  </testcase>
  <testcase name="testRemove[5]" classname="org.springframework.data.redis.core.DefaultSetOperationsTests" time="0">
    <error message="Could not initialize class org.springframework.data.redis.test.util.MinimumRedisVersionRule" type="java.lang.NoClassDefFoundError"><![CDATA[java.lang.NoClassDefFoundError: Could not initialize class org.springframework.data.redis.test.util.MinimumRedisVersionRule
	at org.springframework.data.redis.core.DefaultSetOperationsTests.<init>(DefaultSetOperationsTests.java:64)
]]></error>
  </testcase>
  <testcase name="testRandomMembersWithDuplicates[5]" classname="org.springframework.data.redis.core.DefaultSetOperationsTests" time="0">
    <error message="Could not initialize class org.springframework.data.redis.test.util.MinimumRedisVersionRule" type="java.lang.NoClassDefFoundError"><![CDATA[java.lang.NoClassDefFoundError: Could not initialize class org.springframework.data.redis.test.util.MinimumRedisVersionRule
	at org.springframework.data.redis.core.DefaultSetOperationsTests.<init>(DefaultSetOperationsTests.java:64)
]]></error>
  </testcase>
  <testcase name="testRandomMembersNegative[6]" classname="org.springframework.data.redis.core.DefaultSetOperationsTests" time="0">
    <error message="Could not initialize class org.springframework.data.redis.test.util.MinimumRedisVersionRule" type="java.lang.NoClassDefFoundError"><![CDATA[java.lang.NoClassDefFoundError: Could not initialize class org.springframework.data.redis.test.util.MinimumRedisVersionRule
	at org.springframework.data.redis.core.DefaultSetOperationsTests.<init>(DefaultSetOperationsTests.java:64)
]]></error>
  </testcase>
  <testcase name="testAdd[6]" classname="org.springframework.data.redis.core.DefaultSetOperationsTests" time="0">
    <error message="Could not initialize class org.springframework.data.redis.test.util.MinimumRedisVersionRule" type="java.lang.NoClassDefFoundError"><![CDATA[java.lang.NoClassDefFoundError: Could not initialize class org.springframework.data.redis.test.util.MinimumRedisVersionRule
	at org.springframework.data.redis.core.DefaultSetOperationsTests.<init>(DefaultSetOperationsTests.java:64)
]]></error>
  </testcase>
  <testcase name="testPop[6]" classname="org.springframework.data.redis.core.DefaultSetOperationsTests" time="0">
    <error message="Could not initialize class org.springframework.data.redis.test.util.MinimumRedisVersionRule" type="java.lang.NoClassDefFoundError"><![CDATA[java.lang.NoClassDefFoundError: Could not initialize class org.springframework.data.redis.test.util.MinimumRedisVersionRule
	at org.springframework.data.redis.core.DefaultSetOperationsTests.<init>(DefaultSetOperationsTests.java:64)
]]></error>
  </testcase>
  <testcase name="testPopWithCount[6]" classname="org.springframework.data.redis.core.DefaultSetOperationsTests" time="0">
    <error message="Could not initialize class org.springframework.data.redis.test.util.MinimumRedisVersionRule" type="java.lang.NoClassDefFoundError"><![CDATA[java.lang.NoClassDefFoundError: Could not initialize class org.springframework.data.redis.test.util.MinimumRedisVersionRule
	at org.springframework.data.redis.core.DefaultSetOperationsTests.<init>(DefaultSetOperationsTests.java:64)
]]></error>
  </testcase>
  <testcase name="testMove[6]" classname="org.springframework.data.redis.core.DefaultSetOperationsTests" time="0">
    <error message="Could not initialize class org.springframework.data.redis.test.util.MinimumRedisVersionRule" type="java.lang.NoClassDefFoundError"><![CDATA[java.lang.NoClassDefFoundError: Could not initialize class org.springframework.data.redis.test.util.MinimumRedisVersionRule
	at org.springframework.data.redis.core.DefaultSetOperationsTests.<init>(DefaultSetOperationsTests.java:64)
]]></error>
  </testcase>
  <testcase name="testDistinctRandomMembersNegative[6]" classname="org.springframework.data.redis.core.DefaultSetOperationsTests" time="0">
    <error message="Could not initialize class org.springframework.data.redis.test.util.MinimumRedisVersionRule" type="java.lang.NoClassDefFoundError"><![CDATA[java.lang.NoClassDefFoundError: Could not initialize class org.springframework.data.redis.test.util.MinimumRedisVersionRule
	at org.springframework.data.redis.core.DefaultSetOperationsTests.<init>(DefaultSetOperationsTests.java:64)
]]></error>
  </testcase>
  <testcase name="testSSCanReadsValuesFully[6]" classname="org.springframework.data.redis.core.DefaultSetOperationsTests" time="0">
    <error message="Could not initialize class org.springframework.data.redis.test.util.MinimumRedisVersionRule" type="java.lang.NoClassDefFoundError"><![CDATA[java.lang.NoClassDefFoundError: Could not initialize class org.springframework.data.redis.test.util.MinimumRedisVersionRule
	at org.springframework.data.redis.core.DefaultSetOperationsTests.<init>(DefaultSetOperationsTests.java:64)
]]></error>
  </testcase>
  <testcase name="intersectAndStoreShouldReturnNumberOfElementsInDestination[6]" classname="org.springframework.data.redis.core.DefaultSetOperationsTests" time="0">
    <error message="Could not initialize class org.springframework.data.redis.test.util.MinimumRedisVersionRule" type="java.lang.NoClassDefFoundError"><![CDATA[java.lang.NoClassDefFoundError: Could not initialize class org.springframework.data.redis.test.util.MinimumRedisVersionRule
	at org.springframework.data.redis.core.DefaultSetOperationsTests.<init>(DefaultSetOperationsTests.java:64)
]]></error>
  </testcase>
  <testcase name="testRandomMember[6]" classname="org.springframework.data.redis.core.DefaultSetOperationsTests" time="0">
    <error message="Could not initialize class org.springframework.data.redis.test.util.MinimumRedisVersionRule" type="java.lang.NoClassDefFoundError"><![CDATA[java.lang.NoClassDefFoundError: Could not initialize class org.springframework.data.redis.test.util.MinimumRedisVersionRule
	at org.springframework.data.redis.core.DefaultSetOperationsTests.<init>(DefaultSetOperationsTests.java:64)
]]></error>
  </testcase>
  <testcase name="testDistinctRandomMembers[6]" classname="org.springframework.data.redis.core.DefaultSetOperationsTests" time="0">
    <error message="Could not initialize class org.springframework.data.redis.test.util.MinimumRedisVersionRule" type="java.lang.NoClassDefFoundError"><![CDATA[java.lang.NoClassDefFoundError: Could not initialize class org.springframework.data.redis.test.util.MinimumRedisVersionRule
	at org.springframework.data.redis.core.DefaultSetOperationsTests.<init>(DefaultSetOperationsTests.java:64)
]]></error>
  </testcase>
  <testcase name="testRemove[6]" classname="org.springframework.data.redis.core.DefaultSetOperationsTests" time="0">
    <error message="Could not initialize class org.springframework.data.redis.test.util.MinimumRedisVersionRule" type="java.lang.NoClassDefFoundError"><![CDATA[java.lang.NoClassDefFoundError: Could not initialize class org.springframework.data.redis.test.util.MinimumRedisVersionRule
	at org.springframework.data.redis.core.DefaultSetOperationsTests.<init>(DefaultSetOperationsTests.java:64)
]]></error>
  </testcase>
  <testcase name="testRandomMembersWithDuplicates[6]" classname="org.springframework.data.redis.core.DefaultSetOperationsTests" time="0.001">
    <error message="Could not initialize class org.springframework.data.redis.test.util.MinimumRedisVersionRule" type="java.lang.NoClassDefFoundError"><![CDATA[java.lang.NoClassDefFoundError: Could not initialize class org.springframework.data.redis.test.util.MinimumRedisVersionRule
	at org.springframework.data.redis.core.DefaultSetOperationsTests.<init>(DefaultSetOperationsTests.java:64)
]]></error>
  </testcase>
  <testcase name="testRandomMembersNegative[7]" classname="org.springframework.data.redis.core.DefaultSetOperationsTests" time="0">
    <error message="Could not initialize class org.springframework.data.redis.test.util.MinimumRedisVersionRule" type="java.lang.NoClassDefFoundError"><![CDATA[java.lang.NoClassDefFoundError: Could not initialize class org.springframework.data.redis.test.util.MinimumRedisVersionRule
	at org.springframework.data.redis.core.DefaultSetOperationsTests.<init>(DefaultSetOperationsTests.java:64)
]]></error>
  </testcase>
  <testcase name="testAdd[7]" classname="org.springframework.data.redis.core.DefaultSetOperationsTests" time="0">
    <error message="Could not initialize class org.springframework.data.redis.test.util.MinimumRedisVersionRule" type="java.lang.NoClassDefFoundError"><![CDATA[java.lang.NoClassDefFoundError: Could not initialize class org.springframework.data.redis.test.util.MinimumRedisVersionRule
	at org.springframework.data.redis.core.DefaultSetOperationsTests.<init>(DefaultSetOperationsTests.java:64)
]]></error>
  </testcase>
  <testcase name="testPop[7]" classname="org.springframework.data.redis.core.DefaultSetOperationsTests" time="0.001">
    <error message="Could not initialize class org.springframework.data.redis.test.util.MinimumRedisVersionRule" type="java.lang.NoClassDefFoundError"><![CDATA[java.lang.NoClassDefFoundError: Could not initialize class org.springframework.data.redis.test.util.MinimumRedisVersionRule
	at org.springframework.data.redis.core.DefaultSetOperationsTests.<init>(DefaultSetOperationsTests.java:64)
]]></error>
  </testcase>
  <testcase name="testPopWithCount[7]" classname="org.springframework.data.redis.core.DefaultSetOperationsTests" time="0">
    <error message="Could not initialize class org.springframework.data.redis.test.util.MinimumRedisVersionRule" type="java.lang.NoClassDefFoundError"><![CDATA[java.lang.NoClassDefFoundError: Could not initialize class org.springframework.data.redis.test.util.MinimumRedisVersionRule
	at org.springframework.data.redis.core.DefaultSetOperationsTests.<init>(DefaultSetOperationsTests.java:64)
]]></error>
  </testcase>
  <testcase name="testMove[7]" classname="org.springframework.data.redis.core.DefaultSetOperationsTests" time="0">
    <error message="Could not initialize class org.springframework.data.redis.test.util.MinimumRedisVersionRule" type="java.lang.NoClassDefFoundError"><![CDATA[java.lang.NoClassDefFoundError: Could not initialize class org.springframework.data.redis.test.util.MinimumRedisVersionRule
	at org.springframework.data.redis.core.DefaultSetOperationsTests.<init>(DefaultSetOperationsTests.java:64)
]]></error>
  </testcase>
  <testcase name="testDistinctRandomMembersNegative[7]" classname="org.springframework.data.redis.core.DefaultSetOperationsTests" time="0">
    <error message="Could not initialize class org.springframework.data.redis.test.util.MinimumRedisVersionRule" type="java.lang.NoClassDefFoundError"><![CDATA[java.lang.NoClassDefFoundError: Could not initialize class org.springframework.data.redis.test.util.MinimumRedisVersionRule
	at org.springframework.data.redis.core.DefaultSetOperationsTests.<init>(DefaultSetOperationsTests.java:64)
]]></error>
  </testcase>
  <testcase name="testSSCanReadsValuesFully[7]" classname="org.springframework.data.redis.core.DefaultSetOperationsTests" time="0">
    <error message="Could not initialize class org.springframework.data.redis.test.util.MinimumRedisVersionRule" type="java.lang.NoClassDefFoundError"><![CDATA[java.lang.NoClassDefFoundError: Could not initialize class org.springframework.data.redis.test.util.MinimumRedisVersionRule
	at org.springframework.data.redis.core.DefaultSetOperationsTests.<init>(DefaultSetOperationsTests.java:64)
]]></error>
  </testcase>
  <testcase name="intersectAndStoreShouldReturnNumberOfElementsInDestination[7]" classname="org.springframework.data.redis.core.DefaultSetOperationsTests" time="0">
    <error message="Could not initialize class org.springframework.data.redis.test.util.MinimumRedisVersionRule" type="java.lang.NoClassDefFoundError"><![CDATA[java.lang.NoClassDefFoundError: Could not initialize class org.springframework.data.redis.test.util.MinimumRedisVersionRule
	at org.springframework.data.redis.core.DefaultSetOperationsTests.<init>(DefaultSetOperationsTests.java:64)
]]></error>
  </testcase>
  <testcase name="testRandomMember[7]" classname="org.springframework.data.redis.core.DefaultSetOperationsTests" time="0">
    <error message="Could not initialize class org.springframework.data.redis.test.util.MinimumRedisVersionRule" type="java.lang.NoClassDefFoundError"><![CDATA[java.lang.NoClassDefFoundError: Could not initialize class org.springframework.data.redis.test.util.MinimumRedisVersionRule
	at org.springframework.data.redis.core.DefaultSetOperationsTests.<init>(DefaultSetOperationsTests.java:64)
]]></error>
  </testcase>
  <testcase name="testDistinctRandomMembers[7]" classname="org.springframework.data.redis.core.DefaultSetOperationsTests" time="0">
    <error message="Could not initialize class org.springframework.data.redis.test.util.MinimumRedisVersionRule" type="java.lang.NoClassDefFoundError"><![CDATA[java.lang.NoClassDefFoundError: Could not initialize class org.springframework.data.redis.test.util.MinimumRedisVersionRule
	at org.springframework.data.redis.core.DefaultSetOperationsTests.<init>(DefaultSetOperationsTests.java:64)
]]></error>
  </testcase>
  <testcase name="testRemove[7]" classname="org.springframework.data.redis.core.DefaultSetOperationsTests" time="0">
    <error message="Could not initialize class org.springframework.data.redis.test.util.MinimumRedisVersionRule" type="java.lang.NoClassDefFoundError"><![CDATA[java.lang.NoClassDefFoundError: Could not initialize class org.springframework.data.redis.test.util.MinimumRedisVersionRule
	at org.springframework.data.redis.core.DefaultSetOperationsTests.<init>(DefaultSetOperationsTests.java:64)
]]></error>
  </testcase>
  <testcase name="testRandomMembersWithDuplicates[7]" classname="org.springframework.data.redis.core.DefaultSetOperationsTests" time="0">
    <error message="Could not initialize class org.springframework.data.redis.test.util.MinimumRedisVersionRule" type="java.lang.NoClassDefFoundError"><![CDATA[java.lang.NoClassDefFoundError: Could not initialize class org.springframework.data.redis.test.util.MinimumRedisVersionRule
	at org.springframework.data.redis.core.DefaultSetOperationsTests.<init>(DefaultSetOperationsTests.java:64)
]]></error>
  </testcase>
  <testcase name="testRandomMembersNegative[8]" classname="org.springframework.data.redis.core.DefaultSetOperationsTests" time="0.001">
    <error message="Could not initialize class org.springframework.data.redis.test.util.MinimumRedisVersionRule" type="java.lang.NoClassDefFoundError"><![CDATA[java.lang.NoClassDefFoundError: Could not initialize class org.springframework.data.redis.test.util.MinimumRedisVersionRule
	at org.springframework.data.redis.core.DefaultSetOperationsTests.<init>(DefaultSetOperationsTests.java:64)
]]></error>
  </testcase>
  <testcase name="testAdd[8]" classname="org.springframework.data.redis.core.DefaultSetOperationsTests" time="0">
    <error message="Could not initialize class org.springframework.data.redis.test.util.MinimumRedisVersionRule" type="java.lang.NoClassDefFoundError"><![CDATA[java.lang.NoClassDefFoundError: Could not initialize class org.springframework.data.redis.test.util.MinimumRedisVersionRule
	at org.springframework.data.redis.core.DefaultSetOperationsTests.<init>(DefaultSetOperationsTests.java:64)
]]></error>
  </testcase>
  <testcase name="testPop[8]" classname="org.springframework.data.redis.core.DefaultSetOperationsTests" time="0">
    <error message="Could not initialize class org.springframework.data.redis.test.util.MinimumRedisVersionRule" type="java.lang.NoClassDefFoundError"><![CDATA[java.lang.NoClassDefFoundError: Could not initialize class org.springframework.data.redis.test.util.MinimumRedisVersionRule
	at org.springframework.data.redis.core.DefaultSetOperationsTests.<init>(DefaultSetOperationsTests.java:64)
]]></error>
  </testcase>
  <testcase name="testPopWithCount[8]" classname="org.springframework.data.redis.core.DefaultSetOperationsTests" time="0.001">
    <error message="Could not initialize class org.springframework.data.redis.test.util.MinimumRedisVersionRule" type="java.lang.NoClassDefFoundError"><![CDATA[java.lang.NoClassDefFoundError: Could not initialize class org.springframework.data.redis.test.util.MinimumRedisVersionRule
	at org.springframework.data.redis.core.DefaultSetOperationsTests.<init>(DefaultSetOperationsTests.java:64)
]]></error>
  </testcase>
  <testcase name="testMove[8]" classname="org.springframework.data.redis.core.DefaultSetOperationsTests" time="0">
    <error message="Could not initialize class org.springframework.data.redis.test.util.MinimumRedisVersionRule" type="java.lang.NoClassDefFoundError"><![CDATA[java.lang.NoClassDefFoundError: Could not initialize class org.springframework.data.redis.test.util.MinimumRedisVersionRule
	at org.springframework.data.redis.core.DefaultSetOperationsTests.<init>(DefaultSetOperationsTests.java:64)
]]></error>
  </testcase>
  <testcase name="testDistinctRandomMembersNegative[8]" classname="org.springframework.data.redis.core.DefaultSetOperationsTests" time="0">
    <error message="Could not initialize class org.springframework.data.redis.test.util.MinimumRedisVersionRule" type="java.lang.NoClassDefFoundError"><![CDATA[java.lang.NoClassDefFoundError: Could not initialize class org.springframework.data.redis.test.util.MinimumRedisVersionRule
	at org.springframework.data.redis.core.DefaultSetOperationsTests.<init>(DefaultSetOperationsTests.java:64)
]]></error>
  </testcase>
  <testcase name="testSSCanReadsValuesFully[8]" classname="org.springframework.data.redis.core.DefaultSetOperationsTests" time="0">
    <error message="Could not initialize class org.springframework.data.redis.test.util.MinimumRedisVersionRule" type="java.lang.NoClassDefFoundError"><![CDATA[java.lang.NoClassDefFoundError: Could not initialize class org.springframework.data.redis.test.util.MinimumRedisVersionRule
	at org.springframework.data.redis.core.DefaultSetOperationsTests.<init>(DefaultSetOperationsTests.java:64)
]]></error>
  </testcase>
  <testcase name="intersectAndStoreShouldReturnNumberOfElementsInDestination[8]" classname="org.springframework.data.redis.core.DefaultSetOperationsTests" time="0">
    <error message="Could not initialize class org.springframework.data.redis.test.util.MinimumRedisVersionRule" type="java.lang.NoClassDefFoundError"><![CDATA[java.lang.NoClassDefFoundError: Could not initialize class org.springframework.data.redis.test.util.MinimumRedisVersionRule
	at org.springframework.data.redis.core.DefaultSetOperationsTests.<init>(DefaultSetOperationsTests.java:64)
]]></error>
  </testcase>
  <testcase name="testRandomMember[8]" classname="org.springframework.data.redis.core.DefaultSetOperationsTests" time="0">
    <error message="Could not initialize class org.springframework.data.redis.test.util.MinimumRedisVersionRule" type="java.lang.NoClassDefFoundError"><![CDATA[java.lang.NoClassDefFoundError: Could not initialize class org.springframework.data.redis.test.util.MinimumRedisVersionRule
	at org.springframework.data.redis.core.DefaultSetOperationsTests.<init>(DefaultSetOperationsTests.java:64)
]]></error>
  </testcase>
  <testcase name="testDistinctRandomMembers[8]" classname="org.springframework.data.redis.core.DefaultSetOperationsTests" time="0">
    <error message="Could not initialize class org.springframework.data.redis.test.util.MinimumRedisVersionRule" type="java.lang.NoClassDefFoundError"><![CDATA[java.lang.NoClassDefFoundError: Could not initialize class org.springframework.data.redis.test.util.MinimumRedisVersionRule
	at org.springframework.data.redis.core.DefaultSetOperationsTests.<init>(DefaultSetOperationsTests.java:64)
]]></error>
  </testcase>
  <testcase name="testRemove[8]" classname="org.springframework.data.redis.core.DefaultSetOperationsTests" time="0">
    <error message="Could not initialize class org.springframework.data.redis.test.util.MinimumRedisVersionRule" type="java.lang.NoClassDefFoundError"><![CDATA[java.lang.NoClassDefFoundError: Could not initialize class org.springframework.data.redis.test.util.MinimumRedisVersionRule
	at org.springframework.data.redis.core.DefaultSetOperationsTests.<init>(DefaultSetOperationsTests.java:64)
]]></error>
  </testcase>
  <testcase name="testRandomMembersWithDuplicates[8]" classname="org.springframework.data.redis.core.DefaultSetOperationsTests" time="0">
    <error message="Could not initialize class org.springframework.data.redis.test.util.MinimumRedisVersionRule" type="java.lang.NoClassDefFoundError"><![CDATA[java.lang.NoClassDefFoundError: Could not initialize class org.springframework.data.redis.test.util.MinimumRedisVersionRule
	at org.springframework.data.redis.core.DefaultSetOperationsTests.<init>(DefaultSetOperationsTests.java:64)
]]></error>
  </testcase>
</testsuite>