<?xml version="1.0" encoding="UTF-8" ?>
<testsuite tests="4" failures="1" name="com.fincatto.documentofiscal.nfe310.classes.cartacorrecao.NFProtocoloEventoCartaCorrecaoTest" time="0.002" errors="0" skipped="0">
  <properties>
    <property name="java.runtime.name" value="OpenJDK Runtime Environment"/>
    <property name="sun.boot.library.path" value="/usr/lib/jvm/java-8-openjdk-amd64/jre/lib/amd64"/>
    <property name="java.vm.version" value="25.121-b13"/>
    <property name="java.vm.vendor" value="Oracle Corporation"/>
    <property name="maven.multiModuleProjectDirectory" value="/root/workspace/wmixvideo/nfe/389370875"/>
    <property name="java.vendor.url" value="http://java.oracle.com/"/>
    <property name="path.separator" value=":"/>
    <property name="guice.disable.misplaced.annotation.check" value="true"/>
    <property name="skip.gulp" value="true"/>
    <property name="java.vm.name" value="OpenJDK 64-Bit Server VM"/>
    <property name="file.encoding.pkg" value="sun.io"/>
    <property name="sun.java.launcher" value="SUN_STANDARD"/>
    <property name="sun.os.patch.level" value="unknown"/>
    <property name="findbugs.skip" value="true"/>
    <property name="java.vm.specification.name" value="Java Virtual Machine Specification"/>
    <property name="user.dir" value="/root/workspace/wmixvideo/nfe/389370875"/>
    <property name="checkstyle.skip" value="true"/>
    <property name="java.runtime.version" value="1.8.0_121-8u121-b13-1~bpo8+1-b13"/>
    <property name="java.awt.graphicsenv" value="sun.awt.X11GraphicsEnvironment"/>
    <property name="skip.npm" value="true"/>
    <property name="java.endorsed.dirs" value="/usr/lib/jvm/java-8-openjdk-amd64/jre/lib/endorsed"/>
    <property name="os.arch" value="amd64"/>
    <property name="java.io.tmpdir" value="/tmp"/>
    <property name="gpg.skip" value="true"/>
    <property name="line.separator" value="
"/>
    <property name="java.vm.specification.vendor" value="Oracle Corporation"/>
    <property name="cobertura.skip" value="true"/>
    <property name="os.name" value="Linux"/>
    <property name="classworlds.conf" value="/usr/share/maven/bin/m2.conf"/>
    <property name="sun.jnu.encoding" value="UTF-8"/>
    <property name="java.library.path" value="/usr/java/packages/lib/amd64:/usr/lib/x86_64-linux-gnu/jni:/lib/x86_64-linux-gnu:/usr/lib/x86_64-linux-gnu:/usr/lib/jni:/lib:/usr/lib"/>
    <property name="license.skip" value="true"/>
    <property name="java.specification.name" value="Java Platform API Specification"/>
    <property name="java.class.version" value="52.0"/>
    <property name="sun.management.compiler" value="HotSpot 64-Bit Tiered Compilers"/>
    <property name="skip.bower" value="true"/>
    <property name="maven.repo.local" value="/root/./workspace/wmixvideo/nfe/389370875/.m2"/>
    <property name="os.version" value="3.10.0-862.3.2.el7.x86_64"/>
    <property name="user.home" value="/root"/>
    <property name="user.timezone" value="Europe/Paris"/>
    <property name="java.awt.printerjob" value="sun.print.PSPrinterJob"/>
    <property name="java.specification.version" value="1.8"/>
    <property name="file.encoding" value="UTF-8"/>
    <property name="user.name" value="root"/>
    <property name="java.class.path" value="/usr/share/maven/boot/plexus-classworlds-2.5.2.jar"/>
    <property name="skipITs" value="true"/>
    <property name="java.vm.specification.version" value="1.8"/>
    <property name="sun.arch.data.model" value="64"/>
    <property name="java.home" value="/usr/lib/jvm/java-8-openjdk-amd64/jre"/>
    <property name="sun.java.command" value="org.codehaus.plexus.classworlds.launcher.Launcher -B -D enforcer.skip=true -D dependency-check.skip=true -D skipITs=true -D cobertura.skip=true -D maven.repo.local=/root/./workspace/wmixvideo/nfe/389370875/.m2 -D rat.skip=true -D findbugs.skip=true -D skip.bower=true -D gpg.skip=true -D checkstyle.skip=true -D skip.gulp=true -D license.skip=true -D skip.npm=true test"/>
    <property name="java.specification.vendor" value="Oracle Corporation"/>
    <property name="user.language" value="en"/>
    <property name="awt.toolkit" value="sun.awt.X11.XToolkit"/>
    <property name="dependency-check.skip" value="true"/>
    <property name="java.vm.info" value="mixed mode"/>
    <property name="java.version" value="1.8.0_121"/>
    <property name="java.ext.dirs" value="/usr/lib/jvm/java-8-openjdk-amd64/jre/lib/ext:/usr/java/packages/lib/ext"/>
    <property name="securerandom.source" value="file:/dev/./urandom"/>
    <property name="sun.boot.class.path" value="/usr/lib/jvm/java-8-openjdk-amd64/jre/lib/resources.jar:/usr/lib/jvm/java-8-openjdk-amd64/jre/lib/rt.jar:/usr/lib/jvm/java-8-openjdk-amd64/jre/lib/sunrsasign.jar:/usr/lib/jvm/java-8-openjdk-amd64/jre/lib/jsse.jar:/usr/lib/jvm/java-8-openjdk-amd64/jre/lib/jce.jar:/usr/lib/jvm/java-8-openjdk-amd64/jre/lib/charsets.jar:/usr/lib/jvm/java-8-openjdk-amd64/jre/lib/jfr.jar:/usr/lib/jvm/java-8-openjdk-amd64/jre/classes"/>
    <property name="java.vendor" value="Oracle Corporation"/>
    <property name="enforcer.skip" value="true"/>
    <property name="rat.skip" value="true"/>
    <property name="maven.home" value="/usr/share/maven"/>
    <property name="file.separator" value="/"/>
    <property name="java.vendor.url.bug" value="http://bugreport.sun.com/bugreport/"/>
    <property name="sun.cpu.endian" value="little"/>
    <property name="sun.io.unicode.encoding" value="UnicodeLittle"/>
    <property name="sun.cpu.isalist" value=""/>
  </properties>
  <testcase classname="com.fincatto.documentofiscal.nfe310.classes.cartacorrecao.NFProtocoloEventoCartaCorrecaoTest" name="deveObterVersaoComoFoiSetado" time="0"/>
  <testcase classname="com.fincatto.documentofiscal.nfe310.classes.cartacorrecao.NFProtocoloEventoCartaCorrecaoTest" name="deveGerarXMLDeAcordoComOPadraoEstabelecido" time="0.002">
    <failure message="expected:&lt;...&gt;2014-01-01T10:10:10[-02:00&lt;/dhEvento&gt;&lt;tpEvento&gt;110110&lt;/tpEvento&gt;&lt;nSeqEvento&gt;99&lt;/nSeqEvento&gt;&lt;verEvento&gt;1.00&lt;/verEvento&gt;&lt;detEvento versao=&quot;1.00&quot;&gt;&lt;descEvento&gt;Carta de Correcao&lt;/descEvento&gt;&lt;xCorrecao&gt;GtsYuGiKh9h9w3v9CYm7SUUSPo2a5P1TXDzA3CX5p7SFwgFUZVKT4RLLKJKLX6M8gYyr0QG3fPA4ahffeVcB7avzf6C2SWISJ3l251NvnpIM3VATTyBfm5MJxZljegXvc79jhUtotiwt2iUn2x4W2XFRwQHuKnZvkXGuOr4BoX94gGCFuxXus59okD0scjbnPar6ToOpzW86xNn7mGwmAbUJJJTgrikR1GSi03TeiLT9grSizvPqMHgbXFSKOYyBvjWyK3wlhqLrzAvnynunibUnZFEEZNjglyWSItEocQwvUHM5VvOmKu0oIrUB64m6FBXqku3m8zHTAxMoevq8fpabWZGnqtEbBl9hJRRNBDhmbkNg48OXTHNjqO6vpeoEl7EGhR2rrCHuQMgLXKsvFTBVcCblfbKwJ7tCzhQWfgN8KOH0OHpqCnMVk4WBSjNcn5gt0SiXq8bFEDOsvKt62LnPsKCsE9A59P6SBJFG8A1E4T7XuyItBUSZoY0e0pBAVBwJuOUFobCR138KGPFAGa5hDDQv0Pnu9nyDEuOUYD7me3kAGTq9U4Ln7cyg5FbENwY6EcKp6mY5FjaXez0tW0hKRKaXfuk7ojExtv8f3plvSL9HY5ZO10wS64GMhRlEbrzUAW3Pucq2m2e2xm39sbFhatXbfxhT3coSEhPRfMRCxkw30yzfhAclOtF2gH7EoUIZ517mMPqS1NGp4F4unpCf58DaTg5c8phyAlWD96Io9jueeN2QIs6aGVEcRzYsQGpnwXgTYxX2LeLvxeu4aET4Jvh4OFq0jQ3Xby6c5pMkNLktjtR83u7wsQWwiSOivVBp4HAW2wGevLbY7kNougJmMIPLAjtATFKExjuBJylvV2DQYBnVfbg5ApmW0n0V8LiKb2L5TxBK5ISO8PhtMvrJcSJIjFVOSMe1yEAsLfUbfpUCX42yOs0rXImjyn0AsfmqzMf9YVLByE3s6aVGItY2TgQI2zkjBSgDi1vR&lt;/xCorrecao&gt;&lt;xCondUso&gt;A Carta de Correcao e disciplinada pelo paragrafo 1o-A do art. 7o do Convenio S/N, de 15 de dezembro de 1970 e pode ser utilizada para regularizacao de erro ocorrido na emissao de documento fiscal, desde que o erro nao esteja relacionado com: I - as variaveis que determinam o valor do imposto tais como: base de calculo, aliquota, diferenca de preco, quantidade, valor da operacao ou da prestacao; II - a correcao de dados cadastrais que implique mudanca do remetente ou do destinatario; III - a data de emissao ou de saida.&lt;/xCondUso&gt;&lt;/detEvento&gt;&lt;/infEvento&gt;&lt;/evento&gt;&lt;retEvento versao=&quot;1.0&quot;&gt;&lt;infEvento Id=&quot;123456789123456789123456789123456789123456789&quot;&gt;&lt;tpAmb&gt;1&lt;/tpAmb&gt;&lt;verAplic&gt;SVRS201601161016&lt;/verAplic&gt;&lt;cOrgao&gt;52&lt;/cOrgao&gt;&lt;cStat&gt;1&lt;/cStat&gt;&lt;xMotivo&gt;asdsdsjdslkdjsaldjsldk&lt;/xMotivo&gt;&lt;chNFe&gt;hluU2zKt4QK5bEktOiGfpZw64535p2A4Z5m5egLQbMpjnCH48c1aw6&lt;/chNFe&gt;&lt;tpEvento&gt;110111&lt;/tpEvento&gt;&lt;xEvento&gt;sdskjdkjdsdcklkjdsakndcsakjdckdljsdckjasldnclakjdsalkdcskdjacdsadcsacd&lt;/xEvento&gt;&lt;CNPJDest&gt;99999999999999&lt;/CNPJDest&gt;&lt;dhRegEvento&gt;2016-11-30T02:30:00-02]:00&lt;/dhRegEvento&gt;&lt;nP...&gt; but was:&lt;...&gt;2014-01-01T10:10:10[+01:00&lt;/dhEvento&gt;&lt;tpEvento&gt;110110&lt;/tpEvento&gt;&lt;nSeqEvento&gt;99&lt;/nSeqEvento&gt;&lt;verEvento&gt;1.00&lt;/verEvento&gt;&lt;detEvento versao=&quot;1.00&quot;&gt;&lt;descEvento&gt;Carta de Correcao&lt;/descEvento&gt;&lt;xCorrecao&gt;GtsYuGiKh9h9w3v9CYm7SUUSPo2a5P1TXDzA3CX5p7SFwgFUZVKT4RLLKJKLX6M8gYyr0QG3fPA4ahffeVcB7avzf6C2SWISJ3l251NvnpIM3VATTyBfm5MJxZljegXvc79jhUtotiwt2iUn2x4W2XFRwQHuKnZvkXGuOr4BoX94gGCFuxXus59okD0scjbnPar6ToOpzW86xNn7mGwmAbUJJJTgrikR1GSi03TeiLT9grSizvPqMHgbXFSKOYyBvjWyK3wlhqLrzAvnynunibUnZFEEZNjglyWSItEocQwvUHM5VvOmKu0oIrUB64m6FBXqku3m8zHTAxMoevq8fpabWZGnqtEbBl9hJRRNBDhmbkNg48OXTHNjqO6vpeoEl7EGhR2rrCHuQMgLXKsvFTBVcCblfbKwJ7tCzhQWfgN8KOH0OHpqCnMVk4WBSjNcn5gt0SiXq8bFEDOsvKt62LnPsKCsE9A59P6SBJFG8A1E4T7XuyItBUSZoY0e0pBAVBwJuOUFobCR138KGPFAGa5hDDQv0Pnu9nyDEuOUYD7me3kAGTq9U4Ln7cyg5FbENwY6EcKp6mY5FjaXez0tW0hKRKaXfuk7ojExtv8f3plvSL9HY5ZO10wS64GMhRlEbrzUAW3Pucq2m2e2xm39sbFhatXbfxhT3coSEhPRfMRCxkw30yzfhAclOtF2gH7EoUIZ517mMPqS1NGp4F4unpCf58DaTg5c8phyAlWD96Io9jueeN2QIs6aGVEcRzYsQGpnwXgTYxX2LeLvxeu4aET4Jvh4OFq0jQ3Xby6c5pMkNLktjtR83u7wsQWwiSOivVBp4HAW2wGevLbY7kNougJmMIPLAjtATFKExjuBJylvV2DQYBnVfbg5ApmW0n0V8LiKb2L5TxBK5ISO8PhtMvrJcSJIjFVOSMe1yEAsLfUbfpUCX42yOs0rXImjyn0AsfmqzMf9YVLByE3s6aVGItY2TgQI2zkjBSgDi1vR&lt;/xCorrecao&gt;&lt;xCondUso&gt;A Carta de Correcao e disciplinada pelo paragrafo 1o-A do art. 7o do Convenio S/N, de 15 de dezembro de 1970 e pode ser utilizada para regularizacao de erro ocorrido na emissao de documento fiscal, desde que o erro nao esteja relacionado com: I - as variaveis que determinam o valor do imposto tais como: base de calculo, aliquota, diferenca de preco, quantidade, valor da operacao ou da prestacao; II - a correcao de dados cadastrais que implique mudanca do remetente ou do destinatario; III - a data de emissao ou de saida.&lt;/xCondUso&gt;&lt;/detEvento&gt;&lt;/infEvento&gt;&lt;/evento&gt;&lt;retEvento versao=&quot;1.0&quot;&gt;&lt;infEvento Id=&quot;123456789123456789123456789123456789123456789&quot;&gt;&lt;tpAmb&gt;1&lt;/tpAmb&gt;&lt;verAplic&gt;SVRS201601161016&lt;/verAplic&gt;&lt;cOrgao&gt;52&lt;/cOrgao&gt;&lt;cStat&gt;1&lt;/cStat&gt;&lt;xMotivo&gt;asdsdsjdslkdjsaldjsldk&lt;/xMotivo&gt;&lt;chNFe&gt;hluU2zKt4QK5bEktOiGfpZw64535p2A4Z5m5egLQbMpjnCH48c1aw6&lt;/chNFe&gt;&lt;tpEvento&gt;110111&lt;/tpEvento&gt;&lt;xEvento&gt;sdskjdkjdsdcklkjdsakndcsakjdckdljsdckjasldnclakjdsalkdcskdjacdsadcsacd&lt;/xEvento&gt;&lt;CNPJDest&gt;99999999999999&lt;/CNPJDest&gt;&lt;dhRegEvento&gt;2016-11-30T02:30:00+01]:00&lt;/dhRegEvento&gt;&lt;nP...&gt;" type="org.junit.ComparisonFailure">org.junit.ComparisonFailure: expected:&lt;...&gt;2014-01-01T10:10:10[-02:00&lt;/dhEvento&gt;&lt;tpEvento&gt;110110&lt;/tpEvento&gt;&lt;nSeqEvento&gt;99&lt;/nSeqEvento&gt;&lt;verEvento&gt;1.00&lt;/verEvento&gt;&lt;detEvento versao=&quot;1.00&quot;&gt;&lt;descEvento&gt;Carta de Correcao&lt;/descEvento&gt;&lt;xCorrecao&gt;GtsYuGiKh9h9w3v9CYm7SUUSPo2a5P1TXDzA3CX5p7SFwgFUZVKT4RLLKJKLX6M8gYyr0QG3fPA4ahffeVcB7avzf6C2SWISJ3l251NvnpIM3VATTyBfm5MJxZljegXvc79jhUtotiwt2iUn2x4W2XFRwQHuKnZvkXGuOr4BoX94gGCFuxXus59okD0scjbnPar6ToOpzW86xNn7mGwmAbUJJJTgrikR1GSi03TeiLT9grSizvPqMHgbXFSKOYyBvjWyK3wlhqLrzAvnynunibUnZFEEZNjglyWSItEocQwvUHM5VvOmKu0oIrUB64m6FBXqku3m8zHTAxMoevq8fpabWZGnqtEbBl9hJRRNBDhmbkNg48OXTHNjqO6vpeoEl7EGhR2rrCHuQMgLXKsvFTBVcCblfbKwJ7tCzhQWfgN8KOH0OHpqCnMVk4WBSjNcn5gt0SiXq8bFEDOsvKt62LnPsKCsE9A59P6SBJFG8A1E4T7XuyItBUSZoY0e0pBAVBwJuOUFobCR138KGPFAGa5hDDQv0Pnu9nyDEuOUYD7me3kAGTq9U4Ln7cyg5FbENwY6EcKp6mY5FjaXez0tW0hKRKaXfuk7ojExtv8f3plvSL9HY5ZO10wS64GMhRlEbrzUAW3Pucq2m2e2xm39sbFhatXbfxhT3coSEhPRfMRCxkw30yzfhAclOtF2gH7EoUIZ517mMPqS1NGp4F4unpCf58DaTg5c8phyAlWD96Io9jueeN2QIs6aGVEcRzYsQGpnwXgTYxX2LeLvxeu4aET4Jvh4OFq0jQ3Xby6c5pMkNLktjtR83u7wsQWwiSOivVBp4HAW2wGevLbY7kNougJmMIPLAjtATFKExjuBJylvV2DQYBnVfbg5ApmW0n0V8LiKb2L5TxBK5ISO8PhtMvrJcSJIjFVOSMe1yEAsLfUbfpUCX42yOs0rXImjyn0AsfmqzMf9YVLByE3s6aVGItY2TgQI2zkjBSgDi1vR&lt;/xCorrecao&gt;&lt;xCondUso&gt;A Carta de Correcao e disciplinada pelo paragrafo 1o-A do art. 7o do Convenio S/N, de 15 de dezembro de 1970 e pode ser utilizada para regularizacao de erro ocorrido na emissao de documento fiscal, desde que o erro nao esteja relacionado com: I - as variaveis que determinam o valor do imposto tais como: base de calculo, aliquota, diferenca de preco, quantidade, valor da operacao ou da prestacao; II - a correcao de dados cadastrais que implique mudanca do remetente ou do destinatario; III - a data de emissao ou de saida.&lt;/xCondUso&gt;&lt;/detEvento&gt;&lt;/infEvento&gt;&lt;/evento&gt;&lt;retEvento versao=&quot;1.0&quot;&gt;&lt;infEvento Id=&quot;123456789123456789123456789123456789123456789&quot;&gt;&lt;tpAmb&gt;1&lt;/tpAmb&gt;&lt;verAplic&gt;SVRS201601161016&lt;/verAplic&gt;&lt;cOrgao&gt;52&lt;/cOrgao&gt;&lt;cStat&gt;1&lt;/cStat&gt;&lt;xMotivo&gt;asdsdsjdslkdjsaldjsldk&lt;/xMotivo&gt;&lt;chNFe&gt;hluU2zKt4QK5bEktOiGfpZw64535p2A4Z5m5egLQbMpjnCH48c1aw6&lt;/chNFe&gt;&lt;tpEvento&gt;110111&lt;/tpEvento&gt;&lt;xEvento&gt;sdskjdkjdsdcklkjdsakndcsakjdckdljsdckjasldnclakjdsalkdcskdjacdsadcsacd&lt;/xEvento&gt;&lt;CNPJDest&gt;99999999999999&lt;/CNPJDest&gt;&lt;dhRegEvento&gt;2016-11-30T02:30:00-02]:00&lt;/dhRegEvento&gt;&lt;nP...&gt; but was:&lt;...&gt;2014-01-01T10:10:10[+01:00&lt;/dhEvento&gt;&lt;tpEvento&gt;110110&lt;/tpEvento&gt;&lt;nSeqEvento&gt;99&lt;/nSeqEvento&gt;&lt;verEvento&gt;1.00&lt;/verEvento&gt;&lt;detEvento versao=&quot;1.00&quot;&gt;&lt;descEvento&gt;Carta de Correcao&lt;/descEvento&gt;&lt;xCorrecao&gt;GtsYuGiKh9h9w3v9CYm7SUUSPo2a5P1TXDzA3CX5p7SFwgFUZVKT4RLLKJKLX6M8gYyr0QG3fPA4ahffeVcB7avzf6C2SWISJ3l251NvnpIM3VATTyBfm5MJxZljegXvc79jhUtotiwt2iUn2x4W2XFRwQHuKnZvkXGuOr4BoX94gGCFuxXus59okD0scjbnPar6ToOpzW86xNn7mGwmAbUJJJTgrikR1GSi03TeiLT9grSizvPqMHgbXFSKOYyBvjWyK3wlhqLrzAvnynunibUnZFEEZNjglyWSItEocQwvUHM5VvOmKu0oIrUB64m6FBXqku3m8zHTAxMoevq8fpabWZGnqtEbBl9hJRRNBDhmbkNg48OXTHNjqO6vpeoEl7EGhR2rrCHuQMgLXKsvFTBVcCblfbKwJ7tCzhQWfgN8KOH0OHpqCnMVk4WBSjNcn5gt0SiXq8bFEDOsvKt62LnPsKCsE9A59P6SBJFG8A1E4T7XuyItBUSZoY0e0pBAVBwJuOUFobCR138KGPFAGa5hDDQv0Pnu9nyDEuOUYD7me3kAGTq9U4Ln7cyg5FbENwY6EcKp6mY5FjaXez0tW0hKRKaXfuk7ojExtv8f3plvSL9HY5ZO10wS64GMhRlEbrzUAW3Pucq2m2e2xm39sbFhatXbfxhT3coSEhPRfMRCxkw30yzfhAclOtF2gH7EoUIZ517mMPqS1NGp4F4unpCf58DaTg5c8phyAlWD96Io9jueeN2QIs6aGVEcRzYsQGpnwXgTYxX2LeLvxeu4aET4Jvh4OFq0jQ3Xby6c5pMkNLktjtR83u7wsQWwiSOivVBp4HAW2wGevLbY7kNougJmMIPLAjtATFKExjuBJylvV2DQYBnVfbg5ApmW0n0V8LiKb2L5TxBK5ISO8PhtMvrJcSJIjFVOSMe1yEAsLfUbfpUCX42yOs0rXImjyn0AsfmqzMf9YVLByE3s6aVGItY2TgQI2zkjBSgDi1vR&lt;/xCorrecao&gt;&lt;xCondUso&gt;A Carta de Correcao e disciplinada pelo paragrafo 1o-A do art. 7o do Convenio S/N, de 15 de dezembro de 1970 e pode ser utilizada para regularizacao de erro ocorrido na emissao de documento fiscal, desde que o erro nao esteja relacionado com: I - as variaveis que determinam o valor do imposto tais como: base de calculo, aliquota, diferenca de preco, quantidade, valor da operacao ou da prestacao; II - a correcao de dados cadastrais que implique mudanca do remetente ou do destinatario; III - a data de emissao ou de saida.&lt;/xCondUso&gt;&lt;/detEvento&gt;&lt;/infEvento&gt;&lt;/evento&gt;&lt;retEvento versao=&quot;1.0&quot;&gt;&lt;infEvento Id=&quot;123456789123456789123456789123456789123456789&quot;&gt;&lt;tpAmb&gt;1&lt;/tpAmb&gt;&lt;verAplic&gt;SVRS201601161016&lt;/verAplic&gt;&lt;cOrgao&gt;52&lt;/cOrgao&gt;&lt;cStat&gt;1&lt;/cStat&gt;&lt;xMotivo&gt;asdsdsjdslkdjsaldjsldk&lt;/xMotivo&gt;&lt;chNFe&gt;hluU2zKt4QK5bEktOiGfpZw64535p2A4Z5m5egLQbMpjnCH48c1aw6&lt;/chNFe&gt;&lt;tpEvento&gt;110111&lt;/tpEvento&gt;&lt;xEvento&gt;sdskjdkjdsdcklkjdsakndcsakjdckdljsdckjasldnclakjdsalkdcskdjacdsadcsacd&lt;/xEvento&gt;&lt;CNPJDest&gt;99999999999999&lt;/CNPJDest&gt;&lt;dhRegEvento&gt;2016-11-30T02:30:00+01]:00&lt;/dhRegEvento&gt;&lt;nP...&gt;
	at org.junit.Assert.assertEquals(Assert.java:115)
	at org.junit.Assert.assertEquals(Assert.java:144)
	at com.fincatto.documentofiscal.nfe310.classes.cartacorrecao.NFProtocoloEventoCartaCorrecaoTest.deveGerarXMLDeAcordoComOPadraoEstabelecido(NFProtocoloEventoCartaCorrecaoTest.java:69)
	at sun.reflect.NativeMethodAccessorImpl.invoke0(Native Method)
	at sun.reflect.NativeMethodAccessorImpl.invoke(NativeMethodAccessorImpl.java:62)
	at sun.reflect.DelegatingMethodAccessorImpl.invoke(DelegatingMethodAccessorImpl.java:43)
	at java.lang.reflect.Method.invoke(Method.java:498)
	at org.junit.runners.model.FrameworkMethod$1.runReflectiveCall(FrameworkMethod.java:50)
	at org.junit.internal.runners.model.ReflectiveCallable.run(ReflectiveCallable.java:12)
	at org.junit.runners.model.FrameworkMethod.invokeExplosively(FrameworkMethod.java:47)
	at org.junit.internal.runners.statements.InvokeMethod.evaluate(InvokeMethod.java:17)
	at org.junit.runners.ParentRunner.runLeaf(ParentRunner.java:325)
	at org.junit.runners.BlockJUnit4ClassRunner.runChild(BlockJUnit4ClassRunner.java:78)
	at org.junit.runners.BlockJUnit4ClassRunner.runChild(BlockJUnit4ClassRunner.java:57)
	at org.junit.runners.ParentRunner$3.run(ParentRunner.java:290)
	at org.junit.runners.ParentRunner$1.schedule(ParentRunner.java:71)
	at org.junit.runners.ParentRunner.runChildren(ParentRunner.java:288)
	at org.junit.runners.ParentRunner.access$000(ParentRunner.java:58)
	at org.junit.runners.ParentRunner$2.evaluate(ParentRunner.java:268)
	at org.junit.runners.ParentRunner.run(ParentRunner.java:363)
	at org.apache.maven.surefire.junit4.JUnit4Provider.execute(JUnit4Provider.java:252)
	at org.apache.maven.surefire.junit4.JUnit4Provider.executeTestSet(JUnit4Provider.java:141)
	at org.apache.maven.surefire.junit4.JUnit4Provider.invoke(JUnit4Provider.java:112)
	at sun.reflect.NativeMethodAccessorImpl.invoke0(Native Method)
	at sun.reflect.NativeMethodAccessorImpl.invoke(NativeMethodAccessorImpl.java:62)
	at sun.reflect.DelegatingMethodAccessorImpl.invoke(DelegatingMethodAccessorImpl.java:43)
	at java.lang.reflect.Method.invoke(Method.java:498)
	at org.apache.maven.surefire.util.ReflectionUtils.invokeMethodWithArray(ReflectionUtils.java:189)
	at org.apache.maven.surefire.booter.ProviderFactory$ProviderProxy.invoke(ProviderFactory.java:165)
	at org.apache.maven.surefire.booter.ProviderFactory.invokeProvider(ProviderFactory.java:85)
	at org.apache.maven.surefire.booter.ForkedBooter.runSuitesInProcess(ForkedBooter.java:115)
	at org.apache.maven.surefire.booter.ForkedBooter.main(ForkedBooter.java:75)
</failure>
  </testcase>
  <testcase classname="com.fincatto.documentofiscal.nfe310.classes.cartacorrecao.NFProtocoloEventoCartaCorrecaoTest" name="deveObterEventoComoFoiSetado" time="0"/>
  <testcase classname="com.fincatto.documentofiscal.nfe310.classes.cartacorrecao.NFProtocoloEventoCartaCorrecaoTest" name="deveObterEventoRetornoComoFoiSetado" time="0"/>
</testsuite>