<?xml version="1.0" encoding="UTF-8"?>
<testsuite name="edu.tamu.iiif.service.dspace.DSpaceCanvasManifestServiceTest" time="0" tests="1" errors="0" skipped="0" failures="1">
  <properties>
    <property name="java.runtime.name" value="OpenJDK Runtime Environment"/>
    <property name="sun.boot.library.path" value="/usr/lib/jvm/java-8-openjdk-amd64/jre/lib/amd64"/>
    <property name="java.vm.version" value="25.121-b13"/>
    <property name="java.vm.vendor" value="Oracle Corporation"/>
    <property name="maven.multiModuleProjectDirectory" value="/root/workspace/TAMULib/IRIIIFService/388494172"/>
    <property name="java.vendor.url" value="http://java.oracle.com/"/>
    <property name="path.separator" value=":"/>
    <property name="guice.disable.misplaced.annotation.check" value="true"/>
    <property name="skip.gulp" value="true"/>
    <property name="java.vm.name" value="OpenJDK 64-Bit Server VM"/>
    <property name="file.encoding.pkg" value="sun.io"/>
    <property name="sun.java.launcher" value="SUN_STANDARD"/>
    <property name="sun.os.patch.level" value="unknown"/>
    <property name="findbugs.skip" value="true"/>
    <property name="java.vm.specification.name" value="Java Virtual Machine Specification"/>
    <property name="user.dir" value="/root/workspace/TAMULib/IRIIIFService/388494172"/>
    <property name="checkstyle.skip" value="true"/>
    <property name="java.runtime.version" value="1.8.0_121-8u121-b13-1~bpo8+1-b13"/>
    <property name="java.awt.graphicsenv" value="sun.awt.X11GraphicsEnvironment"/>
    <property name="skip.npm" value="true"/>
    <property name="java.endorsed.dirs" value="/usr/lib/jvm/java-8-openjdk-amd64/jre/lib/endorsed"/>
    <property name="os.arch" value="amd64"/>
    <property name="java.io.tmpdir" value="/tmp"/>
    <property name="gpg.skip" value="true"/>
    <property name="line.separator" value="&#10;"/>
    <property name="java.vm.specification.vendor" value="Oracle Corporation"/>
    <property name="cobertura.skip" value="true"/>
    <property name="os.name" value="Linux"/>
    <property name="classworlds.conf" value="/usr/share/maven/bin/m2.conf"/>
    <property name="sun.jnu.encoding" value="UTF-8"/>
    <property name="java.library.path" value="/usr/java/packages/lib/amd64:/usr/lib/x86_64-linux-gnu/jni:/lib/x86_64-linux-gnu:/usr/lib/x86_64-linux-gnu:/usr/lib/jni:/lib:/usr/lib"/>
    <property name="license.skip" value="true"/>
    <property name="java.specification.name" value="Java Platform API Specification"/>
    <property name="java.class.version" value="52.0"/>
    <property name="java.net.preferIPv4Stack" value="true"/>
    <property name="sun.management.compiler" value="HotSpot 64-Bit Tiered Compilers"/>
    <property name="skip.bower" value="true"/>
    <property name="maven.repo.local" value="/root/./workspace/TAMULib/IRIIIFService/388494172/.m2"/>
    <property name="os.version" value="3.10.0-862.3.2.el7.x86_64"/>
    <property name="user.home" value="/root"/>
    <property name="user.timezone" value="Europe/Paris"/>
    <property name="java.awt.printerjob" value="sun.print.PSPrinterJob"/>
    <property name="java.specification.version" value="1.8"/>
    <property name="file.encoding" value="UTF-8"/>
    <property name="user.name" value="root"/>
    <property name="java.class.path" value="/usr/share/maven/boot/plexus-classworlds-2.5.2.jar"/>
    <property name="skipITs" value="true"/>
    <property name="java.vm.specification.version" value="1.8"/>
    <property name="sun.arch.data.model" value="64"/>
    <property name="java.home" value="/usr/lib/jvm/java-8-openjdk-amd64/jre"/>
    <property name="sun.java.command" value="org.codehaus.plexus.classworlds.launcher.Launcher -B -D enforcer.skip=true -D dependency-check.skip=true -D skipITs=true -D cobertura.skip=true -D maven.repo.local=/root/./workspace/TAMULib/IRIIIFService/388494172/.m2 -D rat.skip=true -D findbugs.skip=true -D skip.bower=true -D gpg.skip=true -D checkstyle.skip=true -D skip.gulp=true -D license.skip=true -D skip.npm=true test"/>
    <property name="java.specification.vendor" value="Oracle Corporation"/>
    <property name="user.language" value="en"/>
    <property name="awt.toolkit" value="sun.awt.X11.XToolkit"/>
    <property name="dependency-check.skip" value="true"/>
    <property name="java.vm.info" value="mixed mode"/>
    <property name="java.version" value="1.8.0_121"/>
    <property name="java.ext.dirs" value="/usr/lib/jvm/java-8-openjdk-amd64/jre/lib/ext:/usr/java/packages/lib/ext"/>
    <property name="securerandom.source" value="file:/dev/./urandom"/>
    <property name="sun.boot.class.path" value="/usr/lib/jvm/java-8-openjdk-amd64/jre/lib/resources.jar:/usr/lib/jvm/java-8-openjdk-amd64/jre/lib/rt.jar:/usr/lib/jvm/java-8-openjdk-amd64/jre/lib/sunrsasign.jar:/usr/lib/jvm/java-8-openjdk-amd64/jre/lib/jsse.jar:/usr/lib/jvm/java-8-openjdk-amd64/jre/lib/jce.jar:/usr/lib/jvm/java-8-openjdk-amd64/jre/lib/charsets.jar:/usr/lib/jvm/java-8-openjdk-amd64/jre/lib/jfr.jar:/usr/lib/jvm/java-8-openjdk-amd64/jre/classes"/>
    <property name="java.vendor" value="Oracle Corporation"/>
    <property name="enforcer.skip" value="true"/>
    <property name="rat.skip" value="true"/>
    <property name="maven.home" value="/usr/share/maven"/>
    <property name="file.separator" value="/"/>
    <property name="java.vendor.url.bug" value="http://bugreport.sun.com/bugreport/"/>
    <property name="sun.cpu.endian" value="little"/>
    <property name="sun.io.unicode.encoding" value="UnicodeLittle"/>
    <property name="sun.cpu.isalist" value=""/>
  </properties>
  <testcase name="testGetManifest" classname="edu.tamu.iiif.service.dspace.DSpaceCanvasManifestServiceTest" time="0">
    <failure message="expected:&lt;{&quot;@id&quot;:&quot;http://localhost:9003/dspace/canvas?context=123456789/158308/1/sports-car-146873_960_720.png&quot;,&quot;@type&quot;:&quot;sc:Canvas&quot;,&quot;height&quot;:480,&quot;images&quot;:[{&quot;@id&quot;:&quot;http://localhost:8182/iiif/2/ZHNwYWNlOnhtbHVpL2JpdHN0cmVhbS8xMjM0NTY3ODkvMTU4MzA4LzEvc3BvcnRzLWNhci0xNDY4NzNfOTYwXzcyMC5wbmc=/info.json&quot;,&quot;@type&quot;:&quot;oa:Annotation&quot;,&quot;motivation&quot;:&quot;sc:painting&quot;,&quot;on&quot;:&quot;http://localhost:9003/dspace/canvas?context=123456789/158308/1/sports-car-146873_960_720.png&quot;,&quot;resource&quot;:{&quot;@id&quot;:&quot;http://localhost:8182/iiif/2/ZHNwYWNlOnhtbHVpL2JpdHN0cmVhbS8xMjM0NTY3ODkvMTU4MzA4LzEvc3BvcnRzLWNhci0xNDY4NzNfOTYwXzcyMC5wbmc=/full/full/0/default.jpg&quot;,&quot;@type&quot;:&quot;dctypes:Image&quot;,&quot;height&quot;:480,&quot;service&quot;:{&quot;label&quot;:&quot;DSpace IIIF Image Resource Service&quot;,&quot;profile&quot;:&quot;http://iiif.io/api/image/2/level0.json&quot;,&quot;@context&quot;:&quot;http://iiif.io/api/image/2/context.json&quot;,&quot;@id&quot;:&quot;http://localhost:8182/iiif/2/ZHNwYWNlOnhtbHVpL2JpdHN0cmVhbS8xMjM0NTY3ODkvMTU4MzA4LzEvc3BvcnRzLWNhci0xNDY4NzNfOTYwXzcyMC5wbmc=&quot;},&quot;width&quot;:960}}],&quot;label&quot;:&quot;123456789/158308/1/sports-car-146873_960_720.png&quot;,&quot;metadata&quot;:[],&quot;width&quot;:960}&gt; but was:&lt;{&quot;height&quot;:0,&quot;images&quot;:[],&quot;label&quot;:&quot;123456789/158308/1/sports-car-146873_960_720.png&quot;,&quot;metadata&quot;:[],&quot;width&quot;:0,&quot;@type&quot;:&quot;sc:Canvas&quot;,&quot;@id&quot;:&quot;http://localhost:9003/dspace/canvas?context=123456789/158308/1/sports-car-146873_960_720.png&quot;}&gt;" type="java.lang.AssertionError"><![CDATA[java.lang.AssertionError: expected:<{"@id":"http://localhost:9003/dspace/canvas?context=123456789/158308/1/sports-car-146873_960_720.png","@type":"sc:Canvas","height":480,"images":[{"@id":"http://localhost:8182/iiif/2/ZHNwYWNlOnhtbHVpL2JpdHN0cmVhbS8xMjM0NTY3ODkvMTU4MzA4LzEvc3BvcnRzLWNhci0xNDY4NzNfOTYwXzcyMC5wbmc=/info.json","@type":"oa:Annotation","motivation":"sc:painting","on":"http://localhost:9003/dspace/canvas?context=123456789/158308/1/sports-car-146873_960_720.png","resource":{"@id":"http://localhost:8182/iiif/2/ZHNwYWNlOnhtbHVpL2JpdHN0cmVhbS8xMjM0NTY3ODkvMTU4MzA4LzEvc3BvcnRzLWNhci0xNDY4NzNfOTYwXzcyMC5wbmc=/full/full/0/default.jpg","@type":"dctypes:Image","height":480,"service":{"label":"DSpace IIIF Image Resource Service","profile":"http://iiif.io/api/image/2/level0.json","@context":"http://iiif.io/api/image/2/context.json","@id":"http://localhost:8182/iiif/2/ZHNwYWNlOnhtbHVpL2JpdHN0cmVhbS8xMjM0NTY3ODkvMTU4MzA4LzEvc3BvcnRzLWNhci0xNDY4NzNfOTYwXzcyMC5wbmc="},"width":960}}],"label":"123456789/158308/1/sports-car-146873_960_720.png","metadata":[],"width":960}> but was:<{"height":0,"images":[],"label":"123456789/158308/1/sports-car-146873_960_720.png","metadata":[],"width":0,"@type":"sc:Canvas","@id":"http://localhost:9003/dspace/canvas?context=123456789/158308/1/sports-car-146873_960_720.png"}>
	at org.junit.Assert.fail(Assert.java:88)
	at org.junit.Assert.failNotEquals(Assert.java:834)
	at org.junit.Assert.assertEquals(Assert.java:118)
	at org.junit.Assert.assertEquals(Assert.java:144)
	at edu.tamu.iiif.service.dspace.DSpaceCanvasManifestServiceTest.testGetManifest(DSpaceCanvasManifestServiceTest.java:49)
]]></failure>
    <system-out><![CDATA[23:42:52.729 [main] DEBUG org.springframework.test.context.support.AbstractDirtiesContextTestExecutionListener - After test class: context [DefaultTestContext@d0a2a80 testClass = DSpacePresentationManifestServiceTest, testInstance = [null], testMethod = [null], testException = [null], mergedContextConfiguration = [MergedContextConfiguration@2fc21fab testClass = DSpacePresentationManifestServiceTest, locations = '{}', classes = '{}', contextInitializerClasses = '[]', activeProfiles = '{}', propertySourceLocations = '{}', propertySourceProperties = '{}', contextCustomizers = set[org.springframework.boot.test.context.filter.ExcludeFilterContextCustomizer@102d92c4, org.springframework.boot.test.json.DuplicateJsonObjectContextCustomizerFactory$DuplicateJsonObjectContextCustomizer@79767781, org.springframework.boot.test.mock.mockito.MockitoContextCustomizer@0, org.springframework.boot.test.autoconfigure.properties.PropertyMappingContextCustomizer@0, org.springframework.boot.test.autoconfigure.web.servlet.WebDriverContextCustomizerFactory$Customizer@336365bc], contextLoader = 'org.springframework.test.context.support.DelegatingSmartContextLoader', parent = [null]]], class annotated with @DirtiesContext [false] with mode [null].
23:42:52.730 [main] DEBUG org.springframework.test.context.junit4.SpringJUnit4ClassRunner - SpringJUnit4ClassRunner constructor called with [class edu.tamu.iiif.service.dspace.DSpaceCanvasManifestServiceTest]
23:42:52.730 [main] DEBUG org.springframework.test.context.BootstrapUtils - Instantiating CacheAwareContextLoaderDelegate from class [org.springframework.test.context.cache.DefaultCacheAwareContextLoaderDelegate]
23:42:52.730 [main] DEBUG org.springframework.test.context.BootstrapUtils - Instantiating BootstrapContext using constructor [public org.springframework.test.context.support.DefaultBootstrapContext(java.lang.Class,org.springframework.test.context.CacheAwareContextLoaderDelegate)]
23:42:52.730 [main] DEBUG org.springframework.test.context.BootstrapUtils - Instantiating TestContextBootstrapper for test class [edu.tamu.iiif.service.dspace.DSpaceCanvasManifestServiceTest] from class [org.springframework.test.context.support.DefaultTestContextBootstrapper]
23:42:52.730 [main] INFO org.springframework.test.context.support.DefaultTestContextBootstrapper - Neither @ContextConfiguration nor @ContextHierarchy found for test class [edu.tamu.iiif.service.dspace.DSpaceCanvasManifestServiceTest], using DelegatingSmartContextLoader
23:42:52.730 [main] DEBUG org.springframework.test.context.support.AbstractDelegatingSmartContextLoader - Delegating to GenericXmlContextLoader to process context configuration [ContextConfigurationAttributes@1c25b58d declaringClass = 'edu.tamu.iiif.service.dspace.DSpaceCanvasManifestServiceTest', classes = '{}', locations = '{}', inheritLocations = false, initializers = '{}', inheritInitializers = true, name = [null], contextLoaderClass = 'org.springframework.test.context.ContextLoader'].
23:42:52.731 [main] DEBUG org.springframework.test.context.support.AbstractContextLoader - Did not detect default resource location for test class [edu.tamu.iiif.service.dspace.DSpaceCanvasManifestServiceTest]: class path resource [edu/tamu/iiif/service/dspace/DSpaceCanvasManifestServiceTest-context.xml] does not exist
23:42:52.731 [main] INFO org.springframework.test.context.support.AbstractContextLoader - Could not detect default resource locations for test class [edu.tamu.iiif.service.dspace.DSpaceCanvasManifestServiceTest]: no resource found for suffixes {-context.xml}.
23:42:52.731 [main] DEBUG org.springframework.test.context.support.AbstractDelegatingSmartContextLoader - Delegating to AnnotationConfigContextLoader to process context configuration [ContextConfigurationAttributes@1c25b58d declaringClass = 'edu.tamu.iiif.service.dspace.DSpaceCanvasManifestServiceTest', classes = '{}', locations = '{}', inheritLocations = false, initializers = '{}', inheritInitializers = true, name = [null], contextLoaderClass = 'org.springframework.test.context.ContextLoader'].
23:42:52.731 [main] INFO org.springframework.test.context.support.AnnotationConfigContextLoaderUtils - Could not detect default configuration classes for test class [edu.tamu.iiif.service.dspace.DSpaceCanvasManifestServiceTest]: DSpaceCanvasManifestServiceTest does not declare any static, non-private, non-final, nested classes annotated with @Configuration.
23:42:52.734 [main] DEBUG org.springframework.test.context.support.ActiveProfilesUtils - Could not find an 'annotation declaring class' for annotation type [org.springframework.test.context.ActiveProfiles] and class [edu.tamu.iiif.service.dspace.DSpaceCanvasManifestServiceTest]
23:42:52.734 [main] DEBUG org.springframework.test.context.support.DefaultTestContextBootstrapper - @TestExecutionListeners is not present for class [edu.tamu.iiif.service.dspace.DSpaceCanvasManifestServiceTest]: using defaults.
23:42:52.736 [main] INFO org.springframework.test.context.support.DefaultTestContextBootstrapper - Loaded default TestExecutionListener class names from location [META-INF/spring.factories]: [org.springframework.boot.test.mock.mockito.MockitoTestExecutionListener, org.springframework.boot.test.mock.mockito.ResetMocksTestExecutionListener, org.springframework.boot.test.autoconfigure.restdocs.RestDocsTestExecutionListener, org.springframework.boot.test.autoconfigure.web.client.MockRestServiceServerResetTestExecutionListener, org.springframework.boot.test.autoconfigure.web.servlet.MockMvcPrintOnlyOnFailureTestExecutionListener, org.springframework.boot.test.autoconfigure.web.servlet.WebDriverTestExecutionListener, org.springframework.test.context.web.ServletTestExecutionListener, org.springframework.test.context.support.DirtiesContextBeforeModesTestExecutionListener, org.springframework.test.context.support.DependencyInjectionTestExecutionListener, org.springframework.test.context.support.DirtiesContextTestExecutionListener, org.springframework.test.context.transaction.TransactionalTestExecutionListener, org.springframework.test.context.jdbc.SqlScriptsTestExecutionListener]
23:42:52.736 [main] INFO org.springframework.test.context.support.DefaultTestContextBootstrapper - Using TestExecutionListeners: [org.springframework.test.context.web.ServletTestExecutionListener@323fe1f5, org.springframework.test.context.support.DirtiesContextBeforeModesTestExecutionListener@57d5b677, org.springframework.test.context.support.DependencyInjectionTestExecutionListener@6285c717, org.springframework.test.context.support.DirtiesContextTestExecutionListener@57998bf2, org.springframework.test.context.transaction.TransactionalTestExecutionListener@1ae4e8bd, org.springframework.test.context.jdbc.SqlScriptsTestExecutionListener@60789398, org.springframework.boot.test.mock.mockito.ResetMocksTestExecutionListener@2c895dff, org.springframework.boot.test.autoconfigure.web.servlet.WebDriverTestExecutionListener@37548587, org.springframework.boot.test.autoconfigure.restdocs.RestDocsTestExecutionListener@a4822d0, org.springframework.boot.test.mock.mockito.MockitoTestExecutionListener@2e088452, org.springframework.boot.test.autoconfigure.web.servlet.MockMvcPrintOnlyOnFailureTestExecutionListener@480842c9, org.springframework.boot.test.autoconfigure.web.client.MockRestServiceServerResetTestExecutionListener@5be38ef2]
23:42:52.736 [main] DEBUG org.springframework.test.annotation.ProfileValueUtils - Retrieved @ProfileValueSourceConfiguration [null] for test class [edu.tamu.iiif.service.dspace.DSpaceCanvasManifestServiceTest]
23:42:52.737 [main] DEBUG org.springframework.test.annotation.ProfileValueUtils - Retrieved ProfileValueSource type [class org.springframework.test.annotation.SystemProfileValueSource] for class [edu.tamu.iiif.service.dspace.DSpaceCanvasManifestServiceTest]
23:42:52.737 [main] DEBUG org.springframework.test.annotation.ProfileValueUtils - Retrieved @ProfileValueSourceConfiguration [null] for test class [edu.tamu.iiif.service.dspace.DSpaceCanvasManifestServiceTest]
23:42:52.737 [main] DEBUG org.springframework.test.annotation.ProfileValueUtils - Retrieved ProfileValueSource type [class org.springframework.test.annotation.SystemProfileValueSource] for class [edu.tamu.iiif.service.dspace.DSpaceCanvasManifestServiceTest]
23:42:52.737 [main] DEBUG org.springframework.test.context.support.AbstractDirtiesContextTestExecutionListener - Before test class: context [DefaultTestContext@107669fc testClass = DSpaceCanvasManifestServiceTest, testInstance = [null], testMethod = [null], testException = [null], mergedContextConfiguration = [MergedContextConfiguration@7a3655b4 testClass = DSpaceCanvasManifestServiceTest, locations = '{}', classes = '{}', contextInitializerClasses = '[]', activeProfiles = '{}', propertySourceLocations = '{}', propertySourceProperties = '{}', contextCustomizers = set[org.springframework.boot.test.context.filter.ExcludeFilterContextCustomizer@102d92c4, org.springframework.boot.test.json.DuplicateJsonObjectContextCustomizerFactory$DuplicateJsonObjectContextCustomizer@79767781, org.springframework.boot.test.mock.mockito.MockitoContextCustomizer@0, org.springframework.boot.test.autoconfigure.properties.PropertyMappingContextCustomizer@0, org.springframework.boot.test.autoconfigure.web.servlet.WebDriverContextCustomizerFactory$Customizer@336365bc], contextLoader = 'org.springframework.test.context.support.DelegatingSmartContextLoader', parent = [null]]], class annotated with @DirtiesContext [false] with mode [null].
23:42:52.737 [main] DEBUG org.springframework.test.annotation.ProfileValueUtils - Retrieved @ProfileValueSourceConfiguration [null] for test class [edu.tamu.iiif.service.dspace.DSpaceCanvasManifestServiceTest]
23:42:52.737 [main] DEBUG org.springframework.test.annotation.ProfileValueUtils - Retrieved ProfileValueSource type [class org.springframework.test.annotation.SystemProfileValueSource] for class [edu.tamu.iiif.service.dspace.DSpaceCanvasManifestServiceTest]
23:42:52.737 [main] DEBUG org.springframework.test.context.support.DependencyInjectionTestExecutionListener - Performing dependency injection for test context [[DefaultTestContext@107669fc testClass = DSpaceCanvasManifestServiceTest, testInstance = edu.tamu.iiif.service.dspace.DSpaceCanvasManifestServiceTest@70224e31, testMethod = [null], testException = [null], mergedContextConfiguration = [MergedContextConfiguration@7a3655b4 testClass = DSpaceCanvasManifestServiceTest, locations = '{}', classes = '{}', contextInitializerClasses = '[]', activeProfiles = '{}', propertySourceLocations = '{}', propertySourceProperties = '{}', contextCustomizers = set[org.springframework.boot.test.context.filter.ExcludeFilterContextCustomizer@102d92c4, org.springframework.boot.test.json.DuplicateJsonObjectContextCustomizerFactory$DuplicateJsonObjectContextCustomizer@79767781, org.springframework.boot.test.mock.mockito.MockitoContextCustomizer@0, org.springframework.boot.test.autoconfigure.properties.PropertyMappingContextCustomizer@0, org.springframework.boot.test.autoconfigure.web.servlet.WebDriverContextCustomizerFactory$Customizer@336365bc], contextLoader = 'org.springframework.test.context.support.DelegatingSmartContextLoader', parent = [null]]]].
23:42:52.738 [main] DEBUG org.springframework.test.context.cache.DefaultCacheAwareContextLoaderDelegate - Retrieved ApplicationContext from cache with key [[MergedContextConfiguration@7a3655b4 testClass = DSpaceCanvasManifestServiceTest, locations = '{}', classes = '{}', contextInitializerClasses = '[]', activeProfiles = '{}', propertySourceLocations = '{}', propertySourceProperties = '{}', contextCustomizers = set[org.springframework.boot.test.context.filter.ExcludeFilterContextCustomizer@102d92c4, org.springframework.boot.test.json.DuplicateJsonObjectContextCustomizerFactory$DuplicateJsonObjectContextCustomizer@79767781, org.springframework.boot.test.mock.mockito.MockitoContextCustomizer@0, org.springframework.boot.test.autoconfigure.properties.PropertyMappingContextCustomizer@0, org.springframework.boot.test.autoconfigure.web.servlet.WebDriverContextCustomizerFactory$Customizer@336365bc], contextLoader = 'org.springframework.test.context.support.DelegatingSmartContextLoader', parent = [null]]]
23:42:52.738 [main] DEBUG org.springframework.test.context.cache - Spring test ApplicationContext cache statistics: [DefaultContextCache@1adf387e size = 1, maxSize = 32, parentContextCount = 0, hitCount = 45, missCount = 1]
23:42:52.741 [main] DEBUG org.springframework.beans.factory.annotation.InjectionMetadata - Processing injected element of bean 'edu.tamu.iiif.service.dspace.DSpaceCanvasManifestServiceTest': AutowiredFieldElement for private org.springframework.core.io.Resource edu.tamu.iiif.service.dspace.DSpaceCanvasManifestServiceTest.rdf
23:42:52.741 [main] DEBUG org.springframework.beans.factory.annotation.InjectionMetadata - Processing injected element of bean 'edu.tamu.iiif.service.dspace.DSpaceCanvasManifestServiceTest': AutowiredFieldElement for private org.springframework.core.io.Resource edu.tamu.iiif.service.dspace.DSpaceCanvasManifestServiceTest.image
23:42:52.741 [main] DEBUG org.springframework.beans.factory.annotation.InjectionMetadata - Processing injected element of bean 'edu.tamu.iiif.service.dspace.DSpaceCanvasManifestServiceTest': AutowiredFieldElement for private org.springframework.core.io.Resource edu.tamu.iiif.service.dspace.DSpaceCanvasManifestServiceTest.canvas
23:42:52.745 [main] DEBUG org.springframework.test.context.support.AbstractDirtiesContextTestExecutionListener - Before test method: context [DefaultTestContext@107669fc testClass = DSpaceCanvasManifestServiceTest, testInstance = edu.tamu.iiif.service.dspace.DSpaceCanvasManifestServiceTest@70224e31, testMethod = testGetManifest@DSpaceCanvasManifestServiceTest, testException = [null], mergedContextConfiguration = [MergedContextConfiguration@7a3655b4 testClass = DSpaceCanvasManifestServiceTest, locations = '{}', classes = '{}', contextInitializerClasses = '[]', activeProfiles = '{}', propertySourceLocations = '{}', propertySourceProperties = '{}', contextCustomizers = set[org.springframework.boot.test.context.filter.ExcludeFilterContextCustomizer@102d92c4, org.springframework.boot.test.json.DuplicateJsonObjectContextCustomizerFactory$DuplicateJsonObjectContextCustomizer@79767781, org.springframework.boot.test.mock.mockito.MockitoContextCustomizer@0, org.springframework.boot.test.autoconfigure.properties.PropertyMappingContextCustomizer@0, org.springframework.boot.test.autoconfigure.web.servlet.WebDriverContextCustomizerFactory$Customizer@336365bc], contextLoader = 'org.springframework.test.context.support.DelegatingSmartContextLoader', parent = [null]]], class annotated with @DirtiesContext [false] with mode [null], method annotated with @DirtiesContext [false] with mode [null].
23:42:52.746 [main] DEBUG org.springframework.test.context.cache.DefaultCacheAwareContextLoaderDelegate - Retrieved ApplicationContext from cache with key [[MergedContextConfiguration@7a3655b4 testClass = DSpaceCanvasManifestServiceTest, locations = '{}', classes = '{}', contextInitializerClasses = '[]', activeProfiles = '{}', propertySourceLocations = '{}', propertySourceProperties = '{}', contextCustomizers = set[org.springframework.boot.test.context.filter.ExcludeFilterContextCustomizer@102d92c4, org.springframework.boot.test.json.DuplicateJsonObjectContextCustomizerFactory$DuplicateJsonObjectContextCustomizer@79767781, org.springframework.boot.test.mock.mockito.MockitoContextCustomizer@0, org.springframework.boot.test.autoconfigure.properties.PropertyMappingContextCustomizer@0, org.springframework.boot.test.autoconfigure.web.servlet.WebDriverContextCustomizerFactory$Customizer@336365bc], contextLoader = 'org.springframework.test.context.support.DelegatingSmartContextLoader', parent = [null]]]
23:42:52.746 [main] DEBUG org.springframework.test.context.cache - Spring test ApplicationContext cache statistics: [DefaultContextCache@1adf387e size = 1, maxSize = 32, parentContextCount = 0, hitCount = 46, missCount = 1]
23:42:52.746 [main] DEBUG org.springframework.beans.factory.support.DefaultListableBeanFactory - Returning cached instance of singleton bean 'org.springframework.boot.test.mock.mockito.MockitoBeans'
23:42:52.749 [main] DEBUG org.springframework.test.util.ReflectionTestUtils - Setting field 'iiifServiceUrl' of type [null] on target object [edu.tamu.iiif.service.dspace.DSpaceCanvasManifestService@1cb7fe75] or target class [class edu.tamu.iiif.service.dspace.DSpaceCanvasManifestService] to value [http://localhost:9003]
23:42:52.749 [main] DEBUG org.springframework.test.util.ReflectionTestUtils - Setting field 'imageServerUrl' of type [null] on target object [edu.tamu.iiif.service.dspace.DSpaceCanvasManifestService@1cb7fe75] or target class [class edu.tamu.iiif.service.dspace.DSpaceCanvasManifestService] to value [http://localhost:8182/iiif/2]
23:42:52.749 [main] DEBUG org.springframework.test.util.ReflectionTestUtils - Setting field 'logoUrl' of type [null] on target object [edu.tamu.iiif.service.dspace.DSpaceCanvasManifestService@1cb7fe75] or target class [class edu.tamu.iiif.service.dspace.DSpaceCanvasManifestService] to value [https://brandguide.tamu.edu/assets/downloads/logos/TAM-Logo.png]
23:42:52.749 [main] DEBUG org.springframework.test.util.ReflectionTestUtils - Setting field 'dspaceUrl' of type [null] on target object [edu.tamu.iiif.service.dspace.DSpaceCanvasManifestService@1cb7fe75] or target class [class edu.tamu.iiif.service.dspace.DSpaceCanvasManifestService] to value [http://localhost:8080]
23:42:52.749 [main] DEBUG org.springframework.test.util.ReflectionTestUtils - Setting field 'dspaceWebapp' of type [null] on target object [edu.tamu.iiif.service.dspace.DSpaceCanvasManifestService@1cb7fe75] or target class [class edu.tamu.iiif.service.dspace.DSpaceCanvasManifestService] to value [xmlui]
23:42:52.750 [main] INFO edu.tamu.iiif.service.AbstractManifestService - Generating new manifest.
23:42:52.756 [main] INFO edu.tamu.iiif.service.AbstractManifestService - Unable to get mime type: http://localhost:8080/xmlui/bitstream/123456789/158308/1/sports-car-146873_960_720.png
23:42:52.758 [main] INFO edu.tamu.iiif.service.AbstractManifestService - Manifest requested: 123456789/158308/1/sports-car-146873_960_720.png
23:42:52.760 [main] DEBUG org.springframework.test.context.cache.DefaultCacheAwareContextLoaderDelegate - Retrieved ApplicationContext from cache with key [[MergedContextConfiguration@7a3655b4 testClass = DSpaceCanvasManifestServiceTest, locations = '{}', classes = '{}', contextInitializerClasses = '[]', activeProfiles = '{}', propertySourceLocations = '{}', propertySourceProperties = '{}', contextCustomizers = set[org.springframework.boot.test.context.filter.ExcludeFilterContextCustomizer@102d92c4, org.springframework.boot.test.json.DuplicateJsonObjectContextCustomizerFactory$DuplicateJsonObjectContextCustomizer@79767781, org.springframework.boot.test.mock.mockito.MockitoContextCustomizer@0, org.springframework.boot.test.autoconfigure.properties.PropertyMappingContextCustomizer@0, org.springframework.boot.test.autoconfigure.web.servlet.WebDriverContextCustomizerFactory$Customizer@336365bc], contextLoader = 'org.springframework.test.context.support.DelegatingSmartContextLoader', parent = [null]]]
23:42:52.760 [main] DEBUG org.springframework.test.context.cache - Spring test ApplicationContext cache statistics: [DefaultContextCache@1adf387e size = 1, maxSize = 32, parentContextCount = 0, hitCount = 47, missCount = 1]
23:42:52.761 [main] DEBUG org.springframework.test.context.cache.DefaultCacheAwareContextLoaderDelegate - Retrieved ApplicationContext from cache with key [[MergedContextConfiguration@7a3655b4 testClass = DSpaceCanvasManifestServiceTest, locations = '{}', classes = '{}', contextInitializerClasses = '[]', activeProfiles = '{}', propertySourceLocations = '{}', propertySourceProperties = '{}', contextCustomizers = set[org.springframework.boot.test.context.filter.ExcludeFilterContextCustomizer@102d92c4, org.springframework.boot.test.json.DuplicateJsonObjectContextCustomizerFactory$DuplicateJsonObjectContextCustomizer@79767781, org.springframework.boot.test.mock.mockito.MockitoContextCustomizer@0, org.springframework.boot.test.autoconfigure.properties.PropertyMappingContextCustomizer@0, org.springframework.boot.test.autoconfigure.web.servlet.WebDriverContextCustomizerFactory$Customizer@336365bc], contextLoader = 'org.springframework.test.context.support.DelegatingSmartContextLoader', parent = [null]]]
23:42:52.761 [main] DEBUG org.springframework.test.context.cache - Spring test ApplicationContext cache statistics: [DefaultContextCache@1adf387e size = 1, maxSize = 32, parentContextCount = 0, hitCount = 48, missCount = 1]
23:42:52.762 [main] DEBUG org.springframework.test.context.cache.DefaultCacheAwareContextLoaderDelegate - Retrieved ApplicationContext from cache with key [[MergedContextConfiguration@7a3655b4 testClass = DSpaceCanvasManifestServiceTest, locations = '{}', classes = '{}', contextInitializerClasses = '[]', activeProfiles = '{}', propertySourceLocations = '{}', propertySourceProperties = '{}', contextCustomizers = set[org.springframework.boot.test.context.filter.ExcludeFilterContextCustomizer@102d92c4, org.springframework.boot.test.json.DuplicateJsonObjectContextCustomizerFactory$DuplicateJsonObjectContextCustomizer@79767781, org.springframework.boot.test.mock.mockito.MockitoContextCustomizer@0, org.springframework.boot.test.autoconfigure.properties.PropertyMappingContextCustomizer@0, org.springframework.boot.test.autoconfigure.web.servlet.WebDriverContextCustomizerFactory$Customizer@336365bc], contextLoader = 'org.springframework.test.context.support.DelegatingSmartContextLoader', parent = [null]]]
23:42:52.762 [main] DEBUG org.springframework.test.context.cache - Spring test ApplicationContext cache statistics: [DefaultContextCache@1adf387e size = 1, maxSize = 32, parentContextCount = 0, hitCount = 49, missCount = 1]
23:42:52.762 [main] DEBUG org.springframework.test.context.cache.DefaultCacheAwareContextLoaderDelegate - Retrieved ApplicationContext from cache with key [[MergedContextConfiguration@7a3655b4 testClass = DSpaceCanvasManifestServiceTest, locations = '{}', classes = '{}', contextInitializerClasses = '[]', activeProfiles = '{}', propertySourceLocations = '{}', propertySourceProperties = '{}', contextCustomizers = set[org.springframework.boot.test.context.filter.ExcludeFilterContextCustomizer@102d92c4, org.springframework.boot.test.json.DuplicateJsonObjectContextCustomizerFactory$DuplicateJsonObjectContextCustomizer@79767781, org.springframework.boot.test.mock.mockito.MockitoContextCustomizer@0, org.springframework.boot.test.autoconfigure.properties.PropertyMappingContextCustomizer@0, org.springframework.boot.test.autoconfigure.web.servlet.WebDriverContextCustomizerFactory$Customizer@336365bc], contextLoader = 'org.springframework.test.context.support.DelegatingSmartContextLoader', parent = [null]]]
23:42:52.762 [main] DEBUG org.springframework.test.context.cache - Spring test ApplicationContext cache statistics: [DefaultContextCache@1adf387e size = 1, maxSize = 32, parentContextCount = 0, hitCount = 50, missCount = 1]
23:42:52.762 [main] DEBUG org.springframework.beans.factory.support.DefaultListableBeanFactory - Returning cached instance of singleton bean 'org.springframework.boot.test.mock.mockito.MockitoBeans'
23:42:52.763 [main] DEBUG org.springframework.test.context.support.AbstractDirtiesContextTestExecutionListener - After test method: context [DefaultTestContext@107669fc testClass = DSpaceCanvasManifestServiceTest, testInstance = edu.tamu.iiif.service.dspace.DSpaceCanvasManifestServiceTest@70224e31, testMethod = testGetManifest@DSpaceCanvasManifestServiceTest, testException = java.lang.AssertionError: expected:<{"@id":"http://localhost:9003/dspace/canvas?context=123456789/158308/1/sports-car-146873_960_720.png","@type":"sc:Canvas","height":480,"images":[{"@id":"http://localhost:8182/iiif/2/ZHNwYWNlOnhtbHVpL2JpdHN0cmVhbS8xMjM0NTY3ODkvMTU4MzA4LzEvc3BvcnRzLWNhci0xNDY4NzNfOTYwXzcyMC5wbmc=/info.json","@type":"oa:Annotation","motivation":"sc:painting","on":"http://localhost:9003/dspace/canvas?context=123456789/158308/1/sports-car-146873_960_720.png","resource":{"@id":"http://localhost:8182/iiif/2/ZHNwYWNlOnhtbHVpL2JpdHN0cmVhbS8xMjM0NTY3ODkvMTU4MzA4LzEvc3BvcnRzLWNhci0xNDY4NzNfOTYwXzcyMC5wbmc=/full/full/0/default.jpg","@type":"dctypes:Image","height":480,"service":{"label":"DSpace IIIF Image Resource Service","profile":"http://iiif.io/api/image/2/level0.json","@context":"http://iiif.io/api/image/2/context.json","@id":"http://localhost:8182/iiif/2/ZHNwYWNlOnhtbHVpL2JpdHN0cmVhbS8xMjM0NTY3ODkvMTU4MzA4LzEvc3BvcnRzLWNhci0xNDY4NzNfOTYwXzcyMC5wbmc="},"width":960}}],"label":"123456789/158308/1/sports-car-146873_960_720.png","metadata":[],"width":960}> but was:<{"height":0,"images":[],"label":"123456789/158308/1/sports-car-146873_960_720.png","metadata":[],"width":0,"@type":"sc:Canvas","@id":"http://localhost:9003/dspace/canvas?context=123456789/158308/1/sports-car-146873_960_720.png"}>, mergedContextConfiguration = [MergedContextConfiguration@7a3655b4 testClass = DSpaceCanvasManifestServiceTest, locations = '{}', classes = '{}', contextInitializerClasses = '[]', activeProfiles = '{}', propertySourceLocations = '{}', propertySourceProperties = '{}', contextCustomizers = set[org.springframework.boot.test.context.filter.ExcludeFilterContextCustomizer@102d92c4, org.springframework.boot.test.json.DuplicateJsonObjectContextCustomizerFactory$DuplicateJsonObjectContextCustomizer@79767781, org.springframework.boot.test.mock.mockito.MockitoContextCustomizer@0, org.springframework.boot.test.autoconfigure.properties.PropertyMappingContextCustomizer@0, org.springframework.boot.test.autoconfigure.web.servlet.WebDriverContextCustomizerFactory$Customizer@336365bc], contextLoader = 'org.springframework.test.context.support.DelegatingSmartContextLoader', parent = [null]]], class annotated with @DirtiesContext [false] with mode [null], method annotated with @DirtiesContext [false] with mode [null].
]]></system-out>
  </testcase>
</testsuite>