<?xml version="1.0" encoding="UTF-8"?>
<testsuite xmlns:xsi="http://www.w3.org/2001/XMLSchema-instance" xsi:noNamespaceSchemaLocation="https://maven.apache.org/surefire/maven-surefire-plugin/xsd/surefire-test-report.xsd" name="com.bemba.goalsapi.controller.EntryControllerTest" time="0.002" tests="3" errors="0" skipped="0" failures="3">
  <properties>
    <property name="awt.toolkit" value="sun.awt.X11.XToolkit"/>
    <property name="file.encoding.pkg" value="sun.io"/>
    <property name="java.specification.version" value="1.8"/>
    <property name="sun.cpu.isalist" value=""/>
    <property name="sun.jnu.encoding" value="UTF-8"/>
    <property name="java.class.path" value="/root/workspace/paavosoeiro/goals-api/386155972/target/test-classes:/root/workspace/paavosoeiro/goals-api/386155972/target/classes:/root/./workspace/paavosoeiro/goals-api/386155972/.m2/org/springframework/boot/spring-boot-starter-data-jpa/2.0.2.RELEASE/spring-boot-starter-data-jpa-2.0.2.RELEASE.jar:/root/./workspace/paavosoeiro/goals-api/386155972/.m2/org/springframework/boot/spring-boot-starter/2.0.2.RELEASE/spring-boot-starter-2.0.2.RELEASE.jar:/root/./workspace/paavosoeiro/goals-api/386155972/.m2/org/springframework/boot/spring-boot-starter-logging/2.0.2.RELEASE/spring-boot-starter-logging-2.0.2.RELEASE.jar:/root/./workspace/paavosoeiro/goals-api/386155972/.m2/ch/qos/logback/logback-classic/1.2.3/logback-classic-1.2.3.jar:/root/./workspace/paavosoeiro/goals-api/386155972/.m2/ch/qos/logback/logback-core/1.2.3/logback-core-1.2.3.jar:/root/./workspace/paavosoeiro/goals-api/386155972/.m2/org/apache/logging/log4j/log4j-to-slf4j/2.10.0/log4j-to-slf4j-2.10.0.jar:/root/./workspace/paavosoeiro/goals-api/386155972/.m2/org/apache/logging/log4j/log4j-api/2.10.0/log4j-api-2.10.0.jar:/root/./workspace/paavosoeiro/goals-api/386155972/.m2/org/slf4j/jul-to-slf4j/1.7.25/jul-to-slf4j-1.7.25.jar:/root/./workspace/paavosoeiro/goals-api/386155972/.m2/javax/annotation/javax.annotation-api/1.3.2/javax.annotation-api-1.3.2.jar:/root/./workspace/paavosoeiro/goals-api/386155972/.m2/org/yaml/snakeyaml/1.19/snakeyaml-1.19.jar:/root/./workspace/paavosoeiro/goals-api/386155972/.m2/org/springframework/boot/spring-boot-starter-aop/2.0.2.RELEASE/spring-boot-starter-aop-2.0.2.RELEASE.jar:/root/./workspace/paavosoeiro/goals-api/386155972/.m2/org/springframework/spring-aop/5.0.6.RELEASE/spring-aop-5.0.6.RELEASE.jar:/root/./workspace/paavosoeiro/goals-api/386155972/.m2/org/aspectj/aspectjweaver/1.8.13/aspectjweaver-1.8.13.jar:/root/./workspace/paavosoeiro/goals-api/386155972/.m2/org/springframework/boot/spring-boot-starter-jdbc/2.0.2.RELEASE/spring-boot-starter-jdbc-2.0.2.RELEASE.jar:/root/./workspace/paavosoeiro/goals-api/386155972/.m2/com/zaxxer/HikariCP/2.7.9/HikariCP-2.7.9.jar:/root/./workspace/paavosoeiro/goals-api/386155972/.m2/org/springframework/spring-jdbc/5.0.6.RELEASE/spring-jdbc-5.0.6.RELEASE.jar:/root/./workspace/paavosoeiro/goals-api/386155972/.m2/org/hibernate/hibernate-core/5.2.17.Final/hibernate-core-5.2.17.Final.jar:/root/./workspace/paavosoeiro/goals-api/386155972/.m2/org/jboss/logging/jboss-logging/3.3.2.Final/jboss-logging-3.3.2.Final.jar:/root/./workspace/paavosoeiro/goals-api/386155972/.m2/org/hibernate/javax/persistence/hibernate-jpa-2.1-api/1.0.0.Final/hibernate-jpa-2.1-api-1.0.0.Final.jar:/root/./workspace/paavosoeiro/goals-api/386155972/.m2/org/javassist/javassist/3.22.0-GA/javassist-3.22.0-GA.jar:/root/./workspace/paavosoeiro/goals-api/386155972/.m2/antlr/antlr/2.7.7/antlr-2.7.7.jar:/root/./workspace/paavosoeiro/goals-api/386155972/.m2/org/jboss/jandex/2.0.3.Final/jandex-2.0.3.Final.jar:/root/./workspace/paavosoeiro/goals-api/386155972/.m2/dom4j/dom4j/1.6.1/dom4j-1.6.1.jar:/root/./workspace/paavosoeiro/goals-api/386155972/.m2/org/hibernate/common/hibernate-commons-annotations/5.0.1.Final/hibernate-commons-annotations-5.0.1.Final.jar:/root/./workspace/paavosoeiro/goals-api/386155972/.m2/javax/transaction/javax.transaction-api/1.2/javax.transaction-api-1.2.jar:/root/./workspace/paavosoeiro/goals-api/386155972/.m2/org/springframework/data/spring-data-jpa/2.0.7.RELEASE/spring-data-jpa-2.0.7.RELEASE.jar:/root/./workspace/paavosoeiro/goals-api/386155972/.m2/org/springframework/data/spring-data-commons/2.0.7.RELEASE/spring-data-commons-2.0.7.RELEASE.jar:/root/./workspace/paavosoeiro/goals-api/386155972/.m2/org/springframework/spring-orm/5.0.6.RELEASE/spring-orm-5.0.6.RELEASE.jar:/root/./workspace/paavosoeiro/goals-api/386155972/.m2/org/springframework/spring-context/5.0.6.RELEASE/spring-context-5.0.6.RELEASE.jar:/root/./workspace/paavosoeiro/goals-api/386155972/.m2/org/springframework/spring-tx/5.0.6.RELEASE/spring-tx-5.0.6.RELEASE.jar:/root/./workspace/paavosoeiro/goals-api/386155972/.m2/org/springframework/spring-beans/5.0.6.RELEASE/spring-beans-5.0.6.RELEASE.jar:/root/./workspace/paavosoeiro/goals-api/386155972/.m2/org/springframework/spring-aspects/5.0.6.RELEASE/spring-aspects-5.0.6.RELEASE.jar:/root/./workspace/paavosoeiro/goals-api/386155972/.m2/org/springframework/boot/spring-boot-starter-data-rest/2.0.2.RELEASE/spring-boot-starter-data-rest-2.0.2.RELEASE.jar:/root/./workspace/paavosoeiro/goals-api/386155972/.m2/org/springframework/boot/spring-boot-starter-json/2.0.2.RELEASE/spring-boot-starter-json-2.0.2.RELEASE.jar:/root/./workspace/paavosoeiro/goals-api/386155972/.m2/com/fasterxml/jackson/core/jackson-databind/2.9.5/jackson-databind-2.9.5.jar:/root/./workspace/paavosoeiro/goals-api/386155972/.m2/com/fasterxml/jackson/core/jackson-core/2.9.5/jackson-core-2.9.5.jar:/root/./workspace/paavosoeiro/goals-api/386155972/.m2/com/fasterxml/jackson/datatype/jackson-datatype-jdk8/2.9.5/jackson-datatype-jdk8-2.9.5.jar:/root/./workspace/paavosoeiro/goals-api/386155972/.m2/com/fasterxml/jackson/datatype/jackson-datatype-jsr310/2.9.5/jackson-datatype-jsr310-2.9.5.jar:/root/./workspace/paavosoeiro/goals-api/386155972/.m2/com/fasterxml/jackson/module/jackson-module-parameter-names/2.9.5/jackson-module-parameter-names-2.9.5.jar:/root/./workspace/paavosoeiro/goals-api/386155972/.m2/org/springframework/data/spring-data-rest-webmvc/3.0.7.RELEASE/spring-data-rest-webmvc-3.0.7.RELEASE.jar:/root/./workspace/paavosoeiro/goals-api/386155972/.m2/org/springframework/data/spring-data-rest-core/3.0.7.RELEASE/spring-data-rest-core-3.0.7.RELEASE.jar:/root/./workspace/paavosoeiro/goals-api/386155972/.m2/org/atteo/evo-inflector/1.2.2/evo-inflector-1.2.2.jar:/root/./workspace/paavosoeiro/goals-api/386155972/.m2/com/fasterxml/jackson/core/jackson-annotations/2.9.0/jackson-annotations-2.9.0.jar:/root/./workspace/paavosoeiro/goals-api/386155972/.m2/org/springframework/boot/spring-boot-starter-hateoas/2.0.2.RELEASE/spring-boot-starter-hateoas-2.0.2.RELEASE.jar:/root/./workspace/paavosoeiro/goals-api/386155972/.m2/org/springframework/hateoas/spring-hateoas/0.24.0.RELEASE/spring-hateoas-0.24.0.RELEASE.jar:/root/./workspace/paavosoeiro/goals-api/386155972/.m2/org/springframework/plugin/spring-plugin-core/1.2.0.RELEASE/spring-plugin-core-1.2.0.RELEASE.jar:/root/./workspace/paavosoeiro/goals-api/386155972/.m2/org/springframework/boot/spring-boot-starter-web/2.0.2.RELEASE/spring-boot-starter-web-2.0.2.RELEASE.jar:/root/./workspace/paavosoeiro/goals-api/386155972/.m2/org/springframework/boot/spring-boot-starter-tomcat/2.0.2.RELEASE/spring-boot-starter-tomcat-2.0.2.RELEASE.jar:/root/./workspace/paavosoeiro/goals-api/386155972/.m2/org/apache/tomcat/embed/tomcat-embed-core/8.5.31/tomcat-embed-core-8.5.31.jar:/root/./workspace/paavosoeiro/goals-api/386155972/.m2/org/apache/tomcat/embed/tomcat-embed-el/8.5.31/tomcat-embed-el-8.5.31.jar:/root/./workspace/paavosoeiro/goals-api/386155972/.m2/org/apache/tomcat/embed/tomcat-embed-websocket/8.5.31/tomcat-embed-websocket-8.5.31.jar:/root/./workspace/paavosoeiro/goals-api/386155972/.m2/org/hibernate/validator/hibernate-validator/6.0.9.Final/hibernate-validator-6.0.9.Final.jar:/root/./workspace/paavosoeiro/goals-api/386155972/.m2/javax/validation/validation-api/2.0.1.Final/validation-api-2.0.1.Final.jar:/root/./workspace/paavosoeiro/goals-api/386155972/.m2/org/springframework/spring-web/5.0.6.RELEASE/spring-web-5.0.6.RELEASE.jar:/root/./workspace/paavosoeiro/goals-api/386155972/.m2/org/springframework/spring-webmvc/5.0.6.RELEASE/spring-webmvc-5.0.6.RELEASE.jar:/root/./workspace/paavosoeiro/goals-api/386155972/.m2/org/springframework/spring-expression/5.0.6.RELEASE/spring-expression-5.0.6.RELEASE.jar:/root/./workspace/paavosoeiro/goals-api/386155972/.m2/org/springframework/boot/spring-boot-devtools/2.0.2.RELEASE/spring-boot-devtools-2.0.2.RELEASE.jar:/root/./workspace/paavosoeiro/goals-api/386155972/.m2/org/springframework/boot/spring-boot/2.0.2.RELEASE/spring-boot-2.0.2.RELEASE.jar:/root/./workspace/paavosoeiro/goals-api/386155972/.m2/org/springframework/boot/spring-boot-autoconfigure/2.0.2.RELEASE/spring-boot-autoconfigure-2.0.2.RELEASE.jar:/root/./workspace/paavosoeiro/goals-api/386155972/.m2/com/h2database/h2/1.4.197/h2-1.4.197.jar:/root/./workspace/paavosoeiro/goals-api/386155972/.m2/org/projectlombok/lombok/1.16.20/lombok-1.16.20.jar:/root/./workspace/paavosoeiro/goals-api/386155972/.m2/org/springframework/boot/spring-boot-starter-test/2.0.2.RELEASE/spring-boot-starter-test-2.0.2.RELEASE.jar:/root/./workspace/paavosoeiro/goals-api/386155972/.m2/org/springframework/boot/spring-boot-test/2.0.2.RELEASE/spring-boot-test-2.0.2.RELEASE.jar:/root/./workspace/paavosoeiro/goals-api/386155972/.m2/org/springframework/boot/spring-boot-test-autoconfigure/2.0.2.RELEASE/spring-boot-test-autoconfigure-2.0.2.RELEASE.jar:/root/./workspace/paavosoeiro/goals-api/386155972/.m2/com/jayway/jsonpath/json-path/2.4.0/json-path-2.4.0.jar:/root/./workspace/paavosoeiro/goals-api/386155972/.m2/net/minidev/json-smart/2.3/json-smart-2.3.jar:/root/./workspace/paavosoeiro/goals-api/386155972/.m2/net/minidev/accessors-smart/1.2/accessors-smart-1.2.jar:/root/./workspace/paavosoeiro/goals-api/386155972/.m2/org/ow2/asm/asm/5.0.4/asm-5.0.4.jar:/root/./workspace/paavosoeiro/goals-api/386155972/.m2/junit/junit/4.12/junit-4.12.jar:/root/./workspace/paavosoeiro/goals-api/386155972/.m2/org/assertj/assertj-core/3.9.1/assertj-core-3.9.1.jar:/root/./workspace/paavosoeiro/goals-api/386155972/.m2/org/mockito/mockito-core/2.15.0/mockito-core-2.15.0.jar:/root/./workspace/paavosoeiro/goals-api/386155972/.m2/net/bytebuddy/byte-buddy/1.7.11/byte-buddy-1.7.11.jar:/root/./workspace/paavosoeiro/goals-api/386155972/.m2/net/bytebuddy/byte-buddy-agent/1.7.11/byte-buddy-agent-1.7.11.jar:/root/./workspace/paavosoeiro/goals-api/386155972/.m2/org/objenesis/objenesis/2.6/objenesis-2.6.jar:/root/./workspace/paavosoeiro/goals-api/386155972/.m2/org/hamcrest/hamcrest-core/1.3/hamcrest-core-1.3.jar:/root/./workspace/paavosoeiro/goals-api/386155972/.m2/org/hamcrest/hamcrest-library/1.3/hamcrest-library-1.3.jar:/root/./workspace/paavosoeiro/goals-api/386155972/.m2/org/skyscreamer/jsonassert/1.5.0/jsonassert-1.5.0.jar:/root/./workspace/paavosoeiro/goals-api/386155972/.m2/com/vaadin/external/google/android-json/0.0.20131108.vaadin1/android-json-0.0.20131108.vaadin1.jar:/root/./workspace/paavosoeiro/goals-api/386155972/.m2/org/springframework/spring-core/5.0.6.RELEASE/spring-core-5.0.6.RELEASE.jar:/root/./workspace/paavosoeiro/goals-api/386155972/.m2/org/springframework/spring-jcl/5.0.6.RELEASE/spring-jcl-5.0.6.RELEASE.jar:/root/./workspace/paavosoeiro/goals-api/386155972/.m2/org/springframework/spring-test/5.0.6.RELEASE/spring-test-5.0.6.RELEASE.jar:/root/./workspace/paavosoeiro/goals-api/386155972/.m2/org/xmlunit/xmlunit-core/2.5.1/xmlunit-core-2.5.1.jar:/root/./workspace/paavosoeiro/goals-api/386155972/.m2/io/springfox/springfox-swagger2/2.6.1/springfox-swagger2-2.6.1.jar:/root/./workspace/paavosoeiro/goals-api/386155972/.m2/io/swagger/swagger-annotations/1.5.10/swagger-annotations-1.5.10.jar:/root/./workspace/paavosoeiro/goals-api/386155972/.m2/io/swagger/swagger-models/1.5.10/swagger-models-1.5.10.jar:/root/./workspace/paavosoeiro/goals-api/386155972/.m2/io/springfox/springfox-spi/2.6.1/springfox-spi-2.6.1.jar:/root/./workspace/paavosoeiro/goals-api/386155972/.m2/io/springfox/springfox-core/2.6.1/springfox-core-2.6.1.jar:/root/./workspace/paavosoeiro/goals-api/386155972/.m2/io/springfox/springfox-schema/2.6.1/springfox-schema-2.6.1.jar:/root/./workspace/paavosoeiro/goals-api/386155972/.m2/io/springfox/springfox-swagger-common/2.6.1/springfox-swagger-common-2.6.1.jar:/root/./workspace/paavosoeiro/goals-api/386155972/.m2/io/springfox/springfox-spring-web/2.6.1/springfox-spring-web-2.6.1.jar:/root/./workspace/paavosoeiro/goals-api/386155972/.m2/com/google/guava/guava/18.0/guava-18.0.jar:/root/./workspace/paavosoeiro/goals-api/386155972/.m2/com/fasterxml/classmate/1.3.4/classmate-1.3.4.jar:/root/./workspace/paavosoeiro/goals-api/386155972/.m2/org/slf4j/slf4j-api/1.7.25/slf4j-api-1.7.25.jar:/root/./workspace/paavosoeiro/goals-api/386155972/.m2/org/springframework/plugin/spring-plugin-metadata/1.2.0.RELEASE/spring-plugin-metadata-1.2.0.RELEASE.jar:/root/./workspace/paavosoeiro/goals-api/386155972/.m2/org/mapstruct/mapstruct/1.0.0.Final/mapstruct-1.0.0.Final.jar:/root/./workspace/paavosoeiro/goals-api/386155972/.m2/io/springfox/springfox-swagger-ui/2.6.1/springfox-swagger-ui-2.6.1.jar:/root/./workspace/paavosoeiro/goals-api/386155972/.m2/org/modelmapper/modelmapper/1.1.0/modelmapper-1.1.0.jar:"/>
    <property name="java.vm.vendor" value="Oracle Corporation"/>
    <property name="skip.bower" value="true"/>
    <property name="sun.arch.data.model" value="64"/>
    <property name="java.vendor.url" value="http://java.oracle.com/"/>
    <property name="user.timezone" value=""/>
    <property name="java.vm.specification.version" value="1.8"/>
    <property name="os.name" value="Linux"/>
    <property name="rat.skip" value="true"/>
    <property name="gpg.skip" value="true"/>
    <property name="sun.java.launcher" value="SUN_STANDARD"/>
    <property name="sun.boot.library.path" value="/usr/lib/jvm/java-8-openjdk-amd64/jre/lib/amd64"/>
    <property name="skip.gulp" value="true"/>
    <property name="sun.java.command" value="/root/workspace/paavosoeiro/goals-api/386155972/target/surefire/surefirebooter7599765083786477021.jar /root/workspace/paavosoeiro/goals-api/386155972/target/surefire 2018-05-31T14-30-26_557-jvmRun1 surefire1691772524858368540tmp surefire_0272601731038405482tmp"/>
    <property name="dependency-check.skip" value="true"/>
    <property name="surefire.test.class.path" value="/root/workspace/paavosoeiro/goals-api/386155972/target/test-classes:/root/workspace/paavosoeiro/goals-api/386155972/target/classes:/root/./workspace/paavosoeiro/goals-api/386155972/.m2/org/springframework/boot/spring-boot-starter-data-jpa/2.0.2.RELEASE/spring-boot-starter-data-jpa-2.0.2.RELEASE.jar:/root/./workspace/paavosoeiro/goals-api/386155972/.m2/org/springframework/boot/spring-boot-starter/2.0.2.RELEASE/spring-boot-starter-2.0.2.RELEASE.jar:/root/./workspace/paavosoeiro/goals-api/386155972/.m2/org/springframework/boot/spring-boot-starter-logging/2.0.2.RELEASE/spring-boot-starter-logging-2.0.2.RELEASE.jar:/root/./workspace/paavosoeiro/goals-api/386155972/.m2/ch/qos/logback/logback-classic/1.2.3/logback-classic-1.2.3.jar:/root/./workspace/paavosoeiro/goals-api/386155972/.m2/ch/qos/logback/logback-core/1.2.3/logback-core-1.2.3.jar:/root/./workspace/paavosoeiro/goals-api/386155972/.m2/org/apache/logging/log4j/log4j-to-slf4j/2.10.0/log4j-to-slf4j-2.10.0.jar:/root/./workspace/paavosoeiro/goals-api/386155972/.m2/org/apache/logging/log4j/log4j-api/2.10.0/log4j-api-2.10.0.jar:/root/./workspace/paavosoeiro/goals-api/386155972/.m2/org/slf4j/jul-to-slf4j/1.7.25/jul-to-slf4j-1.7.25.jar:/root/./workspace/paavosoeiro/goals-api/386155972/.m2/javax/annotation/javax.annotation-api/1.3.2/javax.annotation-api-1.3.2.jar:/root/./workspace/paavosoeiro/goals-api/386155972/.m2/org/yaml/snakeyaml/1.19/snakeyaml-1.19.jar:/root/./workspace/paavosoeiro/goals-api/386155972/.m2/org/springframework/boot/spring-boot-starter-aop/2.0.2.RELEASE/spring-boot-starter-aop-2.0.2.RELEASE.jar:/root/./workspace/paavosoeiro/goals-api/386155972/.m2/org/springframework/spring-aop/5.0.6.RELEASE/spring-aop-5.0.6.RELEASE.jar:/root/./workspace/paavosoeiro/goals-api/386155972/.m2/org/aspectj/aspectjweaver/1.8.13/aspectjweaver-1.8.13.jar:/root/./workspace/paavosoeiro/goals-api/386155972/.m2/org/springframework/boot/spring-boot-starter-jdbc/2.0.2.RELEASE/spring-boot-starter-jdbc-2.0.2.RELEASE.jar:/root/./workspace/paavosoeiro/goals-api/386155972/.m2/com/zaxxer/HikariCP/2.7.9/HikariCP-2.7.9.jar:/root/./workspace/paavosoeiro/goals-api/386155972/.m2/org/springframework/spring-jdbc/5.0.6.RELEASE/spring-jdbc-5.0.6.RELEASE.jar:/root/./workspace/paavosoeiro/goals-api/386155972/.m2/org/hibernate/hibernate-core/5.2.17.Final/hibernate-core-5.2.17.Final.jar:/root/./workspace/paavosoeiro/goals-api/386155972/.m2/org/jboss/logging/jboss-logging/3.3.2.Final/jboss-logging-3.3.2.Final.jar:/root/./workspace/paavosoeiro/goals-api/386155972/.m2/org/hibernate/javax/persistence/hibernate-jpa-2.1-api/1.0.0.Final/hibernate-jpa-2.1-api-1.0.0.Final.jar:/root/./workspace/paavosoeiro/goals-api/386155972/.m2/org/javassist/javassist/3.22.0-GA/javassist-3.22.0-GA.jar:/root/./workspace/paavosoeiro/goals-api/386155972/.m2/antlr/antlr/2.7.7/antlr-2.7.7.jar:/root/./workspace/paavosoeiro/goals-api/386155972/.m2/org/jboss/jandex/2.0.3.Final/jandex-2.0.3.Final.jar:/root/./workspace/paavosoeiro/goals-api/386155972/.m2/dom4j/dom4j/1.6.1/dom4j-1.6.1.jar:/root/./workspace/paavosoeiro/goals-api/386155972/.m2/org/hibernate/common/hibernate-commons-annotations/5.0.1.Final/hibernate-commons-annotations-5.0.1.Final.jar:/root/./workspace/paavosoeiro/goals-api/386155972/.m2/javax/transaction/javax.transaction-api/1.2/javax.transaction-api-1.2.jar:/root/./workspace/paavosoeiro/goals-api/386155972/.m2/org/springframework/data/spring-data-jpa/2.0.7.RELEASE/spring-data-jpa-2.0.7.RELEASE.jar:/root/./workspace/paavosoeiro/goals-api/386155972/.m2/org/springframework/data/spring-data-commons/2.0.7.RELEASE/spring-data-commons-2.0.7.RELEASE.jar:/root/./workspace/paavosoeiro/goals-api/386155972/.m2/org/springframework/spring-orm/5.0.6.RELEASE/spring-orm-5.0.6.RELEASE.jar:/root/./workspace/paavosoeiro/goals-api/386155972/.m2/org/springframework/spring-context/5.0.6.RELEASE/spring-context-5.0.6.RELEASE.jar:/root/./workspace/paavosoeiro/goals-api/386155972/.m2/org/springframework/spring-tx/5.0.6.RELEASE/spring-tx-5.0.6.RELEASE.jar:/root/./workspace/paavosoeiro/goals-api/386155972/.m2/org/springframework/spring-beans/5.0.6.RELEASE/spring-beans-5.0.6.RELEASE.jar:/root/./workspace/paavosoeiro/goals-api/386155972/.m2/org/springframework/spring-aspects/5.0.6.RELEASE/spring-aspects-5.0.6.RELEASE.jar:/root/./workspace/paavosoeiro/goals-api/386155972/.m2/org/springframework/boot/spring-boot-starter-data-rest/2.0.2.RELEASE/spring-boot-starter-data-rest-2.0.2.RELEASE.jar:/root/./workspace/paavosoeiro/goals-api/386155972/.m2/org/springframework/boot/spring-boot-starter-json/2.0.2.RELEASE/spring-boot-starter-json-2.0.2.RELEASE.jar:/root/./workspace/paavosoeiro/goals-api/386155972/.m2/com/fasterxml/jackson/core/jackson-databind/2.9.5/jackson-databind-2.9.5.jar:/root/./workspace/paavosoeiro/goals-api/386155972/.m2/com/fasterxml/jackson/core/jackson-core/2.9.5/jackson-core-2.9.5.jar:/root/./workspace/paavosoeiro/goals-api/386155972/.m2/com/fasterxml/jackson/datatype/jackson-datatype-jdk8/2.9.5/jackson-datatype-jdk8-2.9.5.jar:/root/./workspace/paavosoeiro/goals-api/386155972/.m2/com/fasterxml/jackson/datatype/jackson-datatype-jsr310/2.9.5/jackson-datatype-jsr310-2.9.5.jar:/root/./workspace/paavosoeiro/goals-api/386155972/.m2/com/fasterxml/jackson/module/jackson-module-parameter-names/2.9.5/jackson-module-parameter-names-2.9.5.jar:/root/./workspace/paavosoeiro/goals-api/386155972/.m2/org/springframework/data/spring-data-rest-webmvc/3.0.7.RELEASE/spring-data-rest-webmvc-3.0.7.RELEASE.jar:/root/./workspace/paavosoeiro/goals-api/386155972/.m2/org/springframework/data/spring-data-rest-core/3.0.7.RELEASE/spring-data-rest-core-3.0.7.RELEASE.jar:/root/./workspace/paavosoeiro/goals-api/386155972/.m2/org/atteo/evo-inflector/1.2.2/evo-inflector-1.2.2.jar:/root/./workspace/paavosoeiro/goals-api/386155972/.m2/com/fasterxml/jackson/core/jackson-annotations/2.9.0/jackson-annotations-2.9.0.jar:/root/./workspace/paavosoeiro/goals-api/386155972/.m2/org/springframework/boot/spring-boot-starter-hateoas/2.0.2.RELEASE/spring-boot-starter-hateoas-2.0.2.RELEASE.jar:/root/./workspace/paavosoeiro/goals-api/386155972/.m2/org/springframework/hateoas/spring-hateoas/0.24.0.RELEASE/spring-hateoas-0.24.0.RELEASE.jar:/root/./workspace/paavosoeiro/goals-api/386155972/.m2/org/springframework/plugin/spring-plugin-core/1.2.0.RELEASE/spring-plugin-core-1.2.0.RELEASE.jar:/root/./workspace/paavosoeiro/goals-api/386155972/.m2/org/springframework/boot/spring-boot-starter-web/2.0.2.RELEASE/spring-boot-starter-web-2.0.2.RELEASE.jar:/root/./workspace/paavosoeiro/goals-api/386155972/.m2/org/springframework/boot/spring-boot-starter-tomcat/2.0.2.RELEASE/spring-boot-starter-tomcat-2.0.2.RELEASE.jar:/root/./workspace/paavosoeiro/goals-api/386155972/.m2/org/apache/tomcat/embed/tomcat-embed-core/8.5.31/tomcat-embed-core-8.5.31.jar:/root/./workspace/paavosoeiro/goals-api/386155972/.m2/org/apache/tomcat/embed/tomcat-embed-el/8.5.31/tomcat-embed-el-8.5.31.jar:/root/./workspace/paavosoeiro/goals-api/386155972/.m2/org/apache/tomcat/embed/tomcat-embed-websocket/8.5.31/tomcat-embed-websocket-8.5.31.jar:/root/./workspace/paavosoeiro/goals-api/386155972/.m2/org/hibernate/validator/hibernate-validator/6.0.9.Final/hibernate-validator-6.0.9.Final.jar:/root/./workspace/paavosoeiro/goals-api/386155972/.m2/javax/validation/validation-api/2.0.1.Final/validation-api-2.0.1.Final.jar:/root/./workspace/paavosoeiro/goals-api/386155972/.m2/org/springframework/spring-web/5.0.6.RELEASE/spring-web-5.0.6.RELEASE.jar:/root/./workspace/paavosoeiro/goals-api/386155972/.m2/org/springframework/spring-webmvc/5.0.6.RELEASE/spring-webmvc-5.0.6.RELEASE.jar:/root/./workspace/paavosoeiro/goals-api/386155972/.m2/org/springframework/spring-expression/5.0.6.RELEASE/spring-expression-5.0.6.RELEASE.jar:/root/./workspace/paavosoeiro/goals-api/386155972/.m2/org/springframework/boot/spring-boot-devtools/2.0.2.RELEASE/spring-boot-devtools-2.0.2.RELEASE.jar:/root/./workspace/paavosoeiro/goals-api/386155972/.m2/org/springframework/boot/spring-boot/2.0.2.RELEASE/spring-boot-2.0.2.RELEASE.jar:/root/./workspace/paavosoeiro/goals-api/386155972/.m2/org/springframework/boot/spring-boot-autoconfigure/2.0.2.RELEASE/spring-boot-autoconfigure-2.0.2.RELEASE.jar:/root/./workspace/paavosoeiro/goals-api/386155972/.m2/com/h2database/h2/1.4.197/h2-1.4.197.jar:/root/./workspace/paavosoeiro/goals-api/386155972/.m2/org/projectlombok/lombok/1.16.20/lombok-1.16.20.jar:/root/./workspace/paavosoeiro/goals-api/386155972/.m2/org/springframework/boot/spring-boot-starter-test/2.0.2.RELEASE/spring-boot-starter-test-2.0.2.RELEASE.jar:/root/./workspace/paavosoeiro/goals-api/386155972/.m2/org/springframework/boot/spring-boot-test/2.0.2.RELEASE/spring-boot-test-2.0.2.RELEASE.jar:/root/./workspace/paavosoeiro/goals-api/386155972/.m2/org/springframework/boot/spring-boot-test-autoconfigure/2.0.2.RELEASE/spring-boot-test-autoconfigure-2.0.2.RELEASE.jar:/root/./workspace/paavosoeiro/goals-api/386155972/.m2/com/jayway/jsonpath/json-path/2.4.0/json-path-2.4.0.jar:/root/./workspace/paavosoeiro/goals-api/386155972/.m2/net/minidev/json-smart/2.3/json-smart-2.3.jar:/root/./workspace/paavosoeiro/goals-api/386155972/.m2/net/minidev/accessors-smart/1.2/accessors-smart-1.2.jar:/root/./workspace/paavosoeiro/goals-api/386155972/.m2/org/ow2/asm/asm/5.0.4/asm-5.0.4.jar:/root/./workspace/paavosoeiro/goals-api/386155972/.m2/junit/junit/4.12/junit-4.12.jar:/root/./workspace/paavosoeiro/goals-api/386155972/.m2/org/assertj/assertj-core/3.9.1/assertj-core-3.9.1.jar:/root/./workspace/paavosoeiro/goals-api/386155972/.m2/org/mockito/mockito-core/2.15.0/mockito-core-2.15.0.jar:/root/./workspace/paavosoeiro/goals-api/386155972/.m2/net/bytebuddy/byte-buddy/1.7.11/byte-buddy-1.7.11.jar:/root/./workspace/paavosoeiro/goals-api/386155972/.m2/net/bytebuddy/byte-buddy-agent/1.7.11/byte-buddy-agent-1.7.11.jar:/root/./workspace/paavosoeiro/goals-api/386155972/.m2/org/objenesis/objenesis/2.6/objenesis-2.6.jar:/root/./workspace/paavosoeiro/goals-api/386155972/.m2/org/hamcrest/hamcrest-core/1.3/hamcrest-core-1.3.jar:/root/./workspace/paavosoeiro/goals-api/386155972/.m2/org/hamcrest/hamcrest-library/1.3/hamcrest-library-1.3.jar:/root/./workspace/paavosoeiro/goals-api/386155972/.m2/org/skyscreamer/jsonassert/1.5.0/jsonassert-1.5.0.jar:/root/./workspace/paavosoeiro/goals-api/386155972/.m2/com/vaadin/external/google/android-json/0.0.20131108.vaadin1/android-json-0.0.20131108.vaadin1.jar:/root/./workspace/paavosoeiro/goals-api/386155972/.m2/org/springframework/spring-core/5.0.6.RELEASE/spring-core-5.0.6.RELEASE.jar:/root/./workspace/paavosoeiro/goals-api/386155972/.m2/org/springframework/spring-jcl/5.0.6.RELEASE/spring-jcl-5.0.6.RELEASE.jar:/root/./workspace/paavosoeiro/goals-api/386155972/.m2/org/springframework/spring-test/5.0.6.RELEASE/spring-test-5.0.6.RELEASE.jar:/root/./workspace/paavosoeiro/goals-api/386155972/.m2/org/xmlunit/xmlunit-core/2.5.1/xmlunit-core-2.5.1.jar:/root/./workspace/paavosoeiro/goals-api/386155972/.m2/io/springfox/springfox-swagger2/2.6.1/springfox-swagger2-2.6.1.jar:/root/./workspace/paavosoeiro/goals-api/386155972/.m2/io/swagger/swagger-annotations/1.5.10/swagger-annotations-1.5.10.jar:/root/./workspace/paavosoeiro/goals-api/386155972/.m2/io/swagger/swagger-models/1.5.10/swagger-models-1.5.10.jar:/root/./workspace/paavosoeiro/goals-api/386155972/.m2/io/springfox/springfox-spi/2.6.1/springfox-spi-2.6.1.jar:/root/./workspace/paavosoeiro/goals-api/386155972/.m2/io/springfox/springfox-core/2.6.1/springfox-core-2.6.1.jar:/root/./workspace/paavosoeiro/goals-api/386155972/.m2/io/springfox/springfox-schema/2.6.1/springfox-schema-2.6.1.jar:/root/./workspace/paavosoeiro/goals-api/386155972/.m2/io/springfox/springfox-swagger-common/2.6.1/springfox-swagger-common-2.6.1.jar:/root/./workspace/paavosoeiro/goals-api/386155972/.m2/io/springfox/springfox-spring-web/2.6.1/springfox-spring-web-2.6.1.jar:/root/./workspace/paavosoeiro/goals-api/386155972/.m2/com/google/guava/guava/18.0/guava-18.0.jar:/root/./workspace/paavosoeiro/goals-api/386155972/.m2/com/fasterxml/classmate/1.3.4/classmate-1.3.4.jar:/root/./workspace/paavosoeiro/goals-api/386155972/.m2/org/slf4j/slf4j-api/1.7.25/slf4j-api-1.7.25.jar:/root/./workspace/paavosoeiro/goals-api/386155972/.m2/org/springframework/plugin/spring-plugin-metadata/1.2.0.RELEASE/spring-plugin-metadata-1.2.0.RELEASE.jar:/root/./workspace/paavosoeiro/goals-api/386155972/.m2/org/mapstruct/mapstruct/1.0.0.Final/mapstruct-1.0.0.Final.jar:/root/./workspace/paavosoeiro/goals-api/386155972/.m2/io/springfox/springfox-swagger-ui/2.6.1/springfox-swagger-ui-2.6.1.jar:/root/./workspace/paavosoeiro/goals-api/386155972/.m2/org/modelmapper/modelmapper/1.1.0/modelmapper-1.1.0.jar:"/>
    <property name="sun.cpu.endian" value="little"/>
    <property name="user.home" value="/root"/>
    <property name="user.language" value="en"/>
    <property name="java.specification.vendor" value="Oracle Corporation"/>
    <property name="java.home" value="/usr/lib/jvm/java-8-openjdk-amd64/jre"/>
    <property name="basedir" value="/root/workspace/paavosoeiro/goals-api/386155972"/>
    <property name="file.separator" value="/"/>
    <property name="checkstyle.skip" value="true"/>
    <property name="line.separator" value="&#10;"/>
    <property name="skip.npm" value="true"/>
    <property name="java.vm.specification.vendor" value="Oracle Corporation"/>
    <property name="java.specification.name" value="Java Platform API Specification"/>
    <property name="java.awt.graphicsenv" value="sun.awt.X11GraphicsEnvironment"/>
    <property name="skipITs" value="true"/>
    <property name="surefire.real.class.path" value="/root/workspace/paavosoeiro/goals-api/386155972/target/surefire/surefirebooter7599765083786477021.jar"/>
    <property name="cobertura.skip" value="true"/>
    <property name="sun.boot.class.path" value="/usr/lib/jvm/java-8-openjdk-amd64/jre/lib/resources.jar:/usr/lib/jvm/java-8-openjdk-amd64/jre/lib/rt.jar:/usr/lib/jvm/java-8-openjdk-amd64/jre/lib/sunrsasign.jar:/usr/lib/jvm/java-8-openjdk-amd64/jre/lib/jsse.jar:/usr/lib/jvm/java-8-openjdk-amd64/jre/lib/jce.jar:/usr/lib/jvm/java-8-openjdk-amd64/jre/lib/charsets.jar:/usr/lib/jvm/java-8-openjdk-amd64/jre/lib/jfr.jar:/usr/lib/jvm/java-8-openjdk-amd64/jre/classes"/>
    <property name="sun.management.compiler" value="HotSpot 64-Bit Tiered Compilers"/>
    <property name="java.runtime.version" value="1.8.0_121-8u121-b13-1~bpo8+1-b13"/>
    <property name="user.name" value="root"/>
    <property name="findbugs.skip" value="true"/>
    <property name="path.separator" value=":"/>
    <property name="os.version" value="3.10.0-862.3.2.el7.x86_64"/>
    <property name="java.endorsed.dirs" value="/usr/lib/jvm/java-8-openjdk-amd64/jre/lib/endorsed"/>
    <property name="java.runtime.name" value="OpenJDK Runtime Environment"/>
    <property name="file.encoding" value="UTF-8"/>
    <property name="java.vm.name" value="OpenJDK 64-Bit Server VM"/>
    <property name="localRepository" value="/root/./workspace/paavosoeiro/goals-api/386155972/.m2"/>
    <property name="java.vendor.url.bug" value="http://bugreport.sun.com/bugreport/"/>
    <property name="java.io.tmpdir" value="/tmp"/>
    <property name="java.version" value="1.8.0_121"/>
    <property name="user.dir" value="/root/workspace/paavosoeiro/goals-api/386155972"/>
    <property name="os.arch" value="amd64"/>
    <property name="license.skip" value="true"/>
    <property name="java.vm.specification.name" value="Java Virtual Machine Specification"/>
    <property name="java.awt.printerjob" value="sun.print.PSPrinterJob"/>
    <property name="sun.os.patch.level" value="unknown"/>
    <property name="java.library.path" value="/usr/java/packages/lib/amd64:/usr/lib/x86_64-linux-gnu/jni:/lib/x86_64-linux-gnu:/usr/lib/x86_64-linux-gnu:/usr/lib/jni:/lib:/usr/lib"/>
    <property name="java.vm.info" value="mixed mode"/>
    <property name="java.vendor" value="Oracle Corporation"/>
    <property name="java.vm.version" value="25.121-b13"/>
    <property name="java.ext.dirs" value="/usr/lib/jvm/java-8-openjdk-amd64/jre/lib/ext:/usr/java/packages/lib/ext"/>
    <property name="sun.io.unicode.encoding" value="UnicodeLittle"/>
    <property name="maven.repo.local" value="/root/./workspace/paavosoeiro/goals-api/386155972/.m2"/>
    <property name="enforcer.skip" value="true"/>
    <property name="java.class.version" value="52.0"/>
  </properties>
  <testcase name="testAdd" classname="com.bemba.goalsapi.controller.EntryControllerTest" time="0">
    <failure message="Not yet implemented" type="java.lang.AssertionError">java.lang.AssertionError: Not yet implemented
	at com.bemba.goalsapi.controller.EntryControllerTest.testAdd(EntryControllerTest.java:34)
</failure>
    <system-out><![CDATA[2018-05-31 14:30:37.651  INFO 178 --- [           main] .b.t.c.SpringBootTestContextBootstrapper : Neither @ContextConfiguration nor @ContextHierarchy found for test class [com.bemba.goalsapi.controller.EntryControllerTest], using SpringBootContextLoader
2018-05-31 14:30:37.652  INFO 178 --- [           main] o.s.t.c.support.AbstractContextLoader    : Could not detect default resource locations for test class [com.bemba.goalsapi.controller.EntryControllerTest]: no resource found for suffixes {-context.xml, Context.groovy}.
2018-05-31 14:30:37.652  INFO 178 --- [           main] t.c.s.AnnotationConfigContextLoaderUtils : Could not detect default configuration classes for test class [com.bemba.goalsapi.controller.EntryControllerTest]: EntryControllerTest does not declare any static, non-private, non-final, nested classes annotated with @Configuration.
2018-05-31 14:30:37.656  INFO 178 --- [           main] .b.t.c.SpringBootTestContextBootstrapper : Found @SpringBootConfiguration com.bemba.goalsapi.GoalsApiApplication for test class com.bemba.goalsapi.controller.EntryControllerTest
2018-05-31 14:30:37.658  INFO 178 --- [           main] .b.t.c.SpringBootTestContextBootstrapper : Loaded default TestExecutionListener class names from location [META-INF/spring.factories]: [org.springframework.boot.test.mock.mockito.MockitoTestExecutionListener, org.springframework.boot.test.mock.mockito.ResetMocksTestExecutionListener, org.springframework.boot.test.autoconfigure.restdocs.RestDocsTestExecutionListener, org.springframework.boot.test.autoconfigure.web.client.MockRestServiceServerResetTestExecutionListener, org.springframework.boot.test.autoconfigure.web.servlet.MockMvcPrintOnlyOnFailureTestExecutionListener, org.springframework.boot.test.autoconfigure.web.servlet.WebDriverTestExecutionListener, org.springframework.test.context.web.ServletTestExecutionListener, org.springframework.test.context.support.DirtiesContextBeforeModesTestExecutionListener, org.springframework.test.context.support.DependencyInjectionTestExecutionListener, org.springframework.test.context.support.DirtiesContextTestExecutionListener, org.springframework.test.context.transaction.TransactionalTestExecutionListener, org.springframework.test.context.jdbc.SqlScriptsTestExecutionListener]
2018-05-31 14:30:37.659  INFO 178 --- [           main] .b.t.c.SpringBootTestContextBootstrapper : Using TestExecutionListeners: [org.springframework.test.context.web.ServletTestExecutionListener@4e789704, org.springframework.test.context.support.DirtiesContextBeforeModesTestExecutionListener@5751e53e, org.springframework.boot.test.mock.mockito.MockitoTestExecutionListener@4e45fbd0, org.springframework.boot.test.autoconfigure.SpringBootDependencyInjectionTestExecutionListener@19ce19b7, org.springframework.test.context.support.DirtiesContextTestExecutionListener@13047d3d, org.springframework.test.context.transaction.TransactionalTestExecutionListener@4b240276, org.springframework.test.context.jdbc.SqlScriptsTestExecutionListener@2a5efbb9, org.springframework.boot.test.mock.mockito.ResetMocksTestExecutionListener@43b45ce4, org.springframework.boot.test.autoconfigure.restdocs.RestDocsTestExecutionListener@73e93c3a, org.springframework.boot.test.autoconfigure.web.client.MockRestServiceServerResetTestExecutionListener@1835b783, org.springframework.boot.test.autoconfigure.web.servlet.MockMvcPrintOnlyOnFailureTestExecutionListener@456b140f, org.springframework.boot.test.autoconfigure.web.servlet.WebDriverTestExecutionListener@2459333a]
]]></system-out>
  </testcase>
  <testcase name="testAddOverdue" classname="com.bemba.goalsapi.controller.EntryControllerTest" time="0">
    <failure message="Not yet implemented" type="java.lang.AssertionError">java.lang.AssertionError: Not yet implemented
	at com.bemba.goalsapi.controller.EntryControllerTest.testAddOverdue(EntryControllerTest.java:39)
</failure>
  </testcase>
  <testcase name="testGetAll" classname="com.bemba.goalsapi.controller.EntryControllerTest" time="0">
    <failure message="Not yet implemented" type="java.lang.AssertionError">java.lang.AssertionError: Not yet implemented
	at com.bemba.goalsapi.controller.EntryControllerTest.testGetAll(EntryControllerTest.java:44)
</failure>
  </testcase>
</testsuite>