<?xml version="1.0" encoding="UTF-8"?>
<testsuite name="br.com.jordilucas.pontointeligente.api.repositories.EmpresaRepositoryTest" time="0.009" tests="1" errors="1" skipped="0" failures="0">
  <properties>
    <property name="java.runtime.name" value="OpenJDK Runtime Environment"/>
    <property name="sun.boot.library.path" value="/usr/lib/jvm/java-8-openjdk-amd64/jre/lib/amd64"/>
    <property name="java.vm.version" value="25.121-b13"/>
    <property name="java.vm.vendor" value="Oracle Corporation"/>
    <property name="maven.multiModuleProjectDirectory" value="/root/workspace/jordilucas/ponto-inteligente-api/386851526"/>
    <property name="java.vendor.url" value="http://java.oracle.com/"/>
    <property name="path.separator" value=":"/>
    <property name="guice.disable.misplaced.annotation.check" value="true"/>
    <property name="skip.gulp" value="true"/>
    <property name="java.vm.name" value="OpenJDK 64-Bit Server VM"/>
    <property name="file.encoding.pkg" value="sun.io"/>
    <property name="sun.java.launcher" value="SUN_STANDARD"/>
    <property name="sun.os.patch.level" value="unknown"/>
    <property name="findbugs.skip" value="true"/>
    <property name="java.vm.specification.name" value="Java Virtual Machine Specification"/>
    <property name="user.dir" value="/root/workspace/jordilucas/ponto-inteligente-api/386851526"/>
    <property name="checkstyle.skip" value="true"/>
    <property name="java.runtime.version" value="1.8.0_121-8u121-b13-1~bpo8+1-b13"/>
    <property name="java.awt.graphicsenv" value="sun.awt.X11GraphicsEnvironment"/>
    <property name="skip.npm" value="true"/>
    <property name="java.endorsed.dirs" value="/usr/lib/jvm/java-8-openjdk-amd64/jre/lib/endorsed"/>
    <property name="os.arch" value="amd64"/>
    <property name="java.io.tmpdir" value="/tmp"/>
    <property name="gpg.skip" value="true"/>
    <property name="line.separator" value="&#10;"/>
    <property name="java.vm.specification.vendor" value="Oracle Corporation"/>
    <property name="cobertura.skip" value="true"/>
    <property name="os.name" value="Linux"/>
    <property name="classworlds.conf" value="/usr/share/maven/bin/m2.conf"/>
    <property name="sun.jnu.encoding" value="UTF-8"/>
    <property name="java.library.path" value="/usr/java/packages/lib/amd64:/usr/lib/x86_64-linux-gnu/jni:/lib/x86_64-linux-gnu:/usr/lib/x86_64-linux-gnu:/usr/lib/jni:/lib:/usr/lib"/>
    <property name="license.skip" value="true"/>
    <property name="java.specification.name" value="Java Platform API Specification"/>
    <property name="java.class.version" value="52.0"/>
    <property name="sun.management.compiler" value="HotSpot 64-Bit Tiered Compilers"/>
    <property name="skip.bower" value="true"/>
    <property name="maven.repo.local" value="/root/./workspace/jordilucas/ponto-inteligente-api/386851526/.m2"/>
    <property name="os.version" value="3.10.0-862.3.2.el7.x86_64"/>
    <property name="user.home" value="/root"/>
    <property name="user.timezone" value="Europe/Paris"/>
    <property name="java.awt.printerjob" value="sun.print.PSPrinterJob"/>
    <property name="java.specification.version" value="1.8"/>
    <property name="file.encoding" value="UTF-8"/>
    <property name="user.name" value="root"/>
    <property name="java.class.path" value="/usr/share/maven/boot/plexus-classworlds-2.5.2.jar"/>
    <property name="skipITs" value="true"/>
    <property name="java.vm.specification.version" value="1.8"/>
    <property name="sun.arch.data.model" value="64"/>
    <property name="java.home" value="/usr/lib/jvm/java-8-openjdk-amd64/jre"/>
    <property name="sun.java.command" value="org.codehaus.plexus.classworlds.launcher.Launcher -B -D enforcer.skip=true -D dependency-check.skip=true -D skipITs=true -D cobertura.skip=true -D maven.repo.local=/root/./workspace/jordilucas/ponto-inteligente-api/386851526/.m2 -D rat.skip=true -D findbugs.skip=true -D skip.bower=true -D gpg.skip=true -D checkstyle.skip=true -D skip.gulp=true -D license.skip=true -D skip.npm=true test"/>
    <property name="java.specification.vendor" value="Oracle Corporation"/>
    <property name="user.language" value="en"/>
    <property name="awt.toolkit" value="sun.awt.X11.XToolkit"/>
    <property name="dependency-check.skip" value="true"/>
    <property name="java.vm.info" value="mixed mode"/>
    <property name="java.version" value="1.8.0_121"/>
    <property name="java.ext.dirs" value="/usr/lib/jvm/java-8-openjdk-amd64/jre/lib/ext:/usr/java/packages/lib/ext"/>
    <property name="securerandom.source" value="file:/dev/./urandom"/>
    <property name="sun.boot.class.path" value="/usr/lib/jvm/java-8-openjdk-amd64/jre/lib/resources.jar:/usr/lib/jvm/java-8-openjdk-amd64/jre/lib/rt.jar:/usr/lib/jvm/java-8-openjdk-amd64/jre/lib/sunrsasign.jar:/usr/lib/jvm/java-8-openjdk-amd64/jre/lib/jsse.jar:/usr/lib/jvm/java-8-openjdk-amd64/jre/lib/jce.jar:/usr/lib/jvm/java-8-openjdk-amd64/jre/lib/charsets.jar:/usr/lib/jvm/java-8-openjdk-amd64/jre/lib/jfr.jar:/usr/lib/jvm/java-8-openjdk-amd64/jre/classes"/>
    <property name="java.vendor" value="Oracle Corporation"/>
    <property name="enforcer.skip" value="true"/>
    <property name="rat.skip" value="true"/>
    <property name="maven.home" value="/usr/share/maven"/>
    <property name="file.separator" value="/"/>
    <property name="java.vendor.url.bug" value="http://bugreport.sun.com/bugreport/"/>
    <property name="sun.cpu.endian" value="little"/>
    <property name="sun.io.unicode.encoding" value="UnicodeLittle"/>
    <property name="sun.cpu.isalist" value=""/>
  </properties>
  <testcase name="testBuscaPorCNPJ" classname="br.com.jordilucas.pontointeligente.api.repositories.EmpresaRepositoryTest" time="0.009">
    <error message="Failed to load ApplicationContext" type="java.lang.IllegalStateException">java.lang.IllegalStateException: Failed to load ApplicationContext
	at org.springframework.test.context.cache.DefaultCacheAwareContextLoaderDelegate.loadContext(DefaultCacheAwareContextLoaderDelegate.java:124)
	at org.springframework.test.context.support.DefaultTestContext.getApplicationContext(DefaultTestContext.java:83)
	at org.springframework.test.context.web.ServletTestExecutionListener.setUpRequestContextIfNecessary(ServletTestExecutionListener.java:189)
	at org.springframework.test.context.web.ServletTestExecutionListener.prepareTestInstance(ServletTestExecutionListener.java:131)
	at org.springframework.test.context.TestContextManager.prepareTestInstance(TestContextManager.java:230)
	at org.springframework.test.context.junit4.SpringJUnit4ClassRunner.createTest(SpringJUnit4ClassRunner.java:228)
	at org.springframework.test.context.junit4.SpringJUnit4ClassRunner$1.runReflectiveCall(SpringJUnit4ClassRunner.java:287)
	at org.junit.internal.runners.model.ReflectiveCallable.run(ReflectiveCallable.java:12)
	at org.springframework.test.context.junit4.SpringJUnit4ClassRunner.methodBlock(SpringJUnit4ClassRunner.java:289)
	at org.springframework.test.context.junit4.SpringJUnit4ClassRunner.runChild(SpringJUnit4ClassRunner.java:247)
	at org.springframework.test.context.junit4.SpringJUnit4ClassRunner.runChild(SpringJUnit4ClassRunner.java:94)
	at org.junit.runners.ParentRunner$3.run(ParentRunner.java:290)
	at org.junit.runners.ParentRunner$1.schedule(ParentRunner.java:71)
	at org.junit.runners.ParentRunner.runChildren(ParentRunner.java:288)
	at org.junit.runners.ParentRunner.access$000(ParentRunner.java:58)
	at org.junit.runners.ParentRunner$2.evaluate(ParentRunner.java:268)
	at org.springframework.test.context.junit4.statements.RunBeforeTestClassCallbacks.evaluate(RunBeforeTestClassCallbacks.java:61)
	at org.springframework.test.context.junit4.statements.RunAfterTestClassCallbacks.evaluate(RunAfterTestClassCallbacks.java:70)
	at org.junit.runners.ParentRunner.run(ParentRunner.java:363)
	at org.springframework.test.context.junit4.SpringJUnit4ClassRunner.run(SpringJUnit4ClassRunner.java:191)
	at org.apache.maven.surefire.junit4.JUnit4Provider.execute(JUnit4Provider.java:283)
	at org.apache.maven.surefire.junit4.JUnit4Provider.executeWithRerun(JUnit4Provider.java:173)
	at org.apache.maven.surefire.junit4.JUnit4Provider.executeTestSet(JUnit4Provider.java:153)
	at org.apache.maven.surefire.junit4.JUnit4Provider.invoke(JUnit4Provider.java:128)
	at org.apache.maven.surefire.booter.ForkedBooter.invokeProviderInSameClassLoader(ForkedBooter.java:203)
	at org.apache.maven.surefire.booter.ForkedBooter.runSuitesInProcess(ForkedBooter.java:155)
	at org.apache.maven.surefire.booter.ForkedBooter.main(ForkedBooter.java:103)
Caused by: org.springframework.beans.factory.BeanCreationException: Error creating bean with name 'lancamentoController': Injection of autowired dependencies failed; nested exception is java.lang.IllegalArgumentException: Could not resolve placeholder 'paginacao.qtd_por_pagina' in value "${paginacao.qtd_por_pagina}"
	at org.springframework.beans.factory.annotation.AutowiredAnnotationBeanPostProcessor.postProcessPropertyValues(AutowiredAnnotationBeanPostProcessor.java:372)
	at org.springframework.beans.factory.support.AbstractAutowireCapableBeanFactory.populateBean(AbstractAutowireCapableBeanFactory.java:1264)
	at org.springframework.beans.factory.support.AbstractAutowireCapableBeanFactory.doCreateBean(AbstractAutowireCapableBeanFactory.java:553)
	at org.springframework.beans.factory.support.AbstractAutowireCapableBeanFactory.createBean(AbstractAutowireCapableBeanFactory.java:483)
	at org.springframework.beans.factory.support.AbstractBeanFactory$1.getObject(AbstractBeanFactory.java:306)
	at org.springframework.beans.factory.support.DefaultSingletonBeanRegistry.getSingleton(DefaultSingletonBeanRegistry.java:230)
	at org.springframework.beans.factory.support.AbstractBeanFactory.doGetBean(AbstractBeanFactory.java:302)
	at org.springframework.beans.factory.support.AbstractBeanFactory.getBean(AbstractBeanFactory.java:197)
	at org.springframework.beans.factory.support.DefaultListableBeanFactory.preInstantiateSingletons(DefaultListableBeanFactory.java:761)
	at org.springframework.context.support.AbstractApplicationContext.finishBeanFactoryInitialization(AbstractApplicationContext.java:867)
	at org.springframework.context.support.AbstractApplicationContext.refresh(AbstractApplicationContext.java:543)
	at org.springframework.boot.SpringApplication.refresh(SpringApplication.java:693)
	at org.springframework.boot.SpringApplication.refreshContext(SpringApplication.java:360)
	at org.springframework.boot.SpringApplication.run(SpringApplication.java:303)
	at org.springframework.boot.test.context.SpringBootContextLoader.loadContext(SpringBootContextLoader.java:120)
	at org.springframework.test.context.cache.DefaultCacheAwareContextLoaderDelegate.loadContextInternal(DefaultCacheAwareContextLoaderDelegate.java:98)
	at org.springframework.test.context.cache.DefaultCacheAwareContextLoaderDelegate.loadContext(DefaultCacheAwareContextLoaderDelegate.java:116)
	at org.springframework.test.context.support.DefaultTestContext.getApplicationContext(DefaultTestContext.java:83)
	at org.springframework.test.context.web.ServletTestExecutionListener.setUpRequestContextIfNecessary(ServletTestExecutionListener.java:189)
	at org.springframework.test.context.web.ServletTestExecutionListener.prepareTestInstance(ServletTestExecutionListener.java:131)
	at org.springframework.test.context.TestContextManager.prepareTestInstance(TestContextManager.java:230)
	at org.springframework.test.context.junit4.SpringJUnit4ClassRunner.createTest(SpringJUnit4ClassRunner.java:228)
	at org.springframework.test.context.junit4.SpringJUnit4ClassRunner$1.runReflectiveCall(SpringJUnit4ClassRunner.java:287)
	at org.junit.internal.runners.model.ReflectiveCallable.run(ReflectiveCallable.java:12)
	at org.springframework.test.context.junit4.SpringJUnit4ClassRunner.methodBlock(SpringJUnit4ClassRunner.java:289)
	at org.springframework.test.context.junit4.SpringJUnit4ClassRunner.runChild(SpringJUnit4ClassRunner.java:247)
	at org.springframework.test.context.junit4.SpringJUnit4ClassRunner.runChild(SpringJUnit4ClassRunner.java:94)
	at org.junit.runners.ParentRunner$3.run(ParentRunner.java:290)
	at org.junit.runners.ParentRunner$1.schedule(ParentRunner.java:71)
	at org.junit.runners.ParentRunner.runChildren(ParentRunner.java:288)
	at org.junit.runners.ParentRunner.access$000(ParentRunner.java:58)
	at org.junit.runners.ParentRunner$2.evaluate(ParentRunner.java:268)
	at org.springframework.test.context.junit4.statements.RunBeforeTestClassCallbacks.evaluate(RunBeforeTestClassCallbacks.java:61)
	at org.springframework.test.context.junit4.statements.RunAfterTestClassCallbacks.evaluate(RunAfterTestClassCallbacks.java:70)
	at org.junit.runners.ParentRunner.run(ParentRunner.java:363)
	at org.springframework.test.context.junit4.SpringJUnit4ClassRunner.run(SpringJUnit4ClassRunner.java:191)
	at org.apache.maven.surefire.junit4.JUnit4Provider.execute(JUnit4Provider.java:283)
	at org.apache.maven.surefire.junit4.JUnit4Provider.executeWithRerun(JUnit4Provider.java:173)
	at org.apache.maven.surefire.junit4.JUnit4Provider.executeTestSet(JUnit4Provider.java:153)
	at org.apache.maven.surefire.junit4.JUnit4Provider.invoke(JUnit4Provider.java:128)
	at org.apache.maven.surefire.booter.ForkedBooter.invokeProviderInSameClassLoader(ForkedBooter.java:203)
	at org.apache.maven.surefire.booter.ForkedBooter.runSuitesInProcess(ForkedBooter.java:155)
	at org.apache.maven.surefire.booter.ForkedBooter.main(ForkedBooter.java:103)
Caused by: java.lang.IllegalArgumentException: Could not resolve placeholder 'paginacao.qtd_por_pagina' in value "${paginacao.qtd_por_pagina}"
	at org.springframework.util.PropertyPlaceholderHelper.parseStringValue(PropertyPlaceholderHelper.java:174)
	at org.springframework.util.PropertyPlaceholderHelper.replacePlaceholders(PropertyPlaceholderHelper.java:126)
	at org.springframework.core.env.AbstractPropertyResolver.doResolvePlaceholders(AbstractPropertyResolver.java:236)
	at org.springframework.core.env.AbstractPropertyResolver.resolveRequiredPlaceholders(AbstractPropertyResolver.java:210)
	at org.springframework.context.support.PropertySourcesPlaceholderConfigurer$2.resolveStringValue(PropertySourcesPlaceholderConfigurer.java:172)
	at org.springframework.beans.factory.support.AbstractBeanFactory.resolveEmbeddedValue(AbstractBeanFactory.java:831)
	at org.springframework.beans.factory.support.DefaultListableBeanFactory.doResolveDependency(DefaultListableBeanFactory.java:1086)
	at org.springframework.beans.factory.support.DefaultListableBeanFactory.resolveDependency(DefaultListableBeanFactory.java:1066)
	at org.springframework.beans.factory.annotation.AutowiredAnnotationBeanPostProcessor$AutowiredFieldElement.inject(AutowiredAnnotationBeanPostProcessor.java:585)
	at org.springframework.beans.factory.annotation.InjectionMetadata.inject(InjectionMetadata.java:88)
	at org.springframework.beans.factory.annotation.AutowiredAnnotationBeanPostProcessor.postProcessPropertyValues(AutowiredAnnotationBeanPostProcessor.java:366)
	at org.springframework.beans.factory.support.AbstractAutowireCapableBeanFactory.populateBean(AbstractAutowireCapableBeanFactory.java:1264)
	at org.springframework.beans.factory.support.AbstractAutowireCapableBeanFactory.doCreateBean(AbstractAutowireCapableBeanFactory.java:553)
	at org.springframework.beans.factory.support.AbstractAutowireCapableBeanFactory.createBean(AbstractAutowireCapableBeanFactory.java:483)
	at org.springframework.beans.factory.support.AbstractBeanFactory$1.getObject(AbstractBeanFactory.java:306)
	at org.springframework.beans.factory.support.DefaultSingletonBeanRegistry.getSingleton(DefaultSingletonBeanRegistry.java:230)
	at org.springframework.beans.factory.support.AbstractBeanFactory.doGetBean(AbstractBeanFactory.java:302)
	at org.springframework.beans.factory.support.AbstractBeanFactory.getBean(AbstractBeanFactory.java:197)
	at org.springframework.beans.factory.support.DefaultListableBeanFactory.preInstantiateSingletons(DefaultListableBeanFactory.java:761)
	at org.springframework.context.support.AbstractApplicationContext.finishBeanFactoryInitialization(AbstractApplicationContext.java:867)
	at org.springframework.context.support.AbstractApplicationContext.refresh(AbstractApplicationContext.java:543)
	at org.springframework.boot.SpringApplication.refresh(SpringApplication.java:693)
	at org.springframework.boot.SpringApplication.refreshContext(SpringApplication.java:360)
	at org.springframework.boot.SpringApplication.run(SpringApplication.java:303)
	at org.springframework.boot.test.context.SpringBootContextLoader.loadContext(SpringBootContextLoader.java:120)
	at org.springframework.test.context.cache.DefaultCacheAwareContextLoaderDelegate.loadContextInternal(DefaultCacheAwareContextLoaderDelegate.java:98)
	at org.springframework.test.context.cache.DefaultCacheAwareContextLoaderDelegate.loadContext(DefaultCacheAwareContextLoaderDelegate.java:116)
	at org.springframework.test.context.support.DefaultTestContext.getApplicationContext(DefaultTestContext.java:83)
	at org.springframework.test.context.web.ServletTestExecutionListener.setUpRequestContextIfNecessary(ServletTestExecutionListener.java:189)
	at org.springframework.test.context.web.ServletTestExecutionListener.prepareTestInstance(ServletTestExecutionListener.java:131)
	at org.springframework.test.context.TestContextManager.prepareTestInstance(TestContextManager.java:230)
	at org.springframework.test.context.junit4.SpringJUnit4ClassRunner.createTest(SpringJUnit4ClassRunner.java:228)
	at org.springframework.test.context.junit4.SpringJUnit4ClassRunner$1.runReflectiveCall(SpringJUnit4ClassRunner.java:287)
	at org.junit.internal.runners.model.ReflectiveCallable.run(ReflectiveCallable.java:12)
	at org.springframework.test.context.junit4.SpringJUnit4ClassRunner.methodBlock(SpringJUnit4ClassRunner.java:289)
	at org.springframework.test.context.junit4.SpringJUnit4ClassRunner.runChild(SpringJUnit4ClassRunner.java:247)
	at org.springframework.test.context.junit4.SpringJUnit4ClassRunner.runChild(SpringJUnit4ClassRunner.java:94)
	at org.junit.runners.ParentRunner$3.run(ParentRunner.java:290)
	at org.junit.runners.ParentRunner$1.schedule(ParentRunner.java:71)
	at org.junit.runners.ParentRunner.runChildren(ParentRunner.java:288)
	at org.junit.runners.ParentRunner.access$000(ParentRunner.java:58)
	at org.junit.runners.ParentRunner$2.evaluate(ParentRunner.java:268)
	at org.springframework.test.context.junit4.statements.RunBeforeTestClassCallbacks.evaluate(RunBeforeTestClassCallbacks.java:61)
	at org.springframework.test.context.junit4.statements.RunAfterTestClassCallbacks.evaluate(RunAfterTestClassCallbacks.java:70)
	at org.junit.runners.ParentRunner.run(ParentRunner.java:363)
	at org.springframework.test.context.junit4.SpringJUnit4ClassRunner.run(SpringJUnit4ClassRunner.java:191)
	at org.apache.maven.surefire.junit4.JUnit4Provider.execute(JUnit4Provider.java:283)
	at org.apache.maven.surefire.junit4.JUnit4Provider.executeWithRerun(JUnit4Provider.java:173)
	at org.apache.maven.surefire.junit4.JUnit4Provider.executeTestSet(JUnit4Provider.java:153)
	at org.apache.maven.surefire.junit4.JUnit4Provider.invoke(JUnit4Provider.java:128)
	at org.apache.maven.surefire.booter.ForkedBooter.invokeProviderInSameClassLoader(ForkedBooter.java:203)
	at org.apache.maven.surefire.booter.ForkedBooter.runSuitesInProcess(ForkedBooter.java:155)
	at org.apache.maven.surefire.booter.ForkedBooter.main(ForkedBooter.java:103)
</error>
    <system-out><![CDATA[22:30:25.873 [main] DEBUG org.springframework.test.context.junit4.SpringJUnit4ClassRunner - SpringJUnit4ClassRunner constructor called with [class br.com.jordilucas.pontointeligente.api.repositories.EmpresaRepositoryTest]
22:30:25.879 [main] DEBUG org.springframework.test.context.BootstrapUtils - Instantiating CacheAwareContextLoaderDelegate from class [org.springframework.test.context.cache.DefaultCacheAwareContextLoaderDelegate]
22:30:25.889 [main] DEBUG org.springframework.test.context.BootstrapUtils - Instantiating BootstrapContext using constructor [public org.springframework.test.context.support.DefaultBootstrapContext(java.lang.Class,org.springframework.test.context.CacheAwareContextLoaderDelegate)]
22:30:25.908 [main] DEBUG org.springframework.test.context.BootstrapUtils - Instantiating TestContextBootstrapper for test class [br.com.jordilucas.pontointeligente.api.repositories.EmpresaRepositoryTest] from class [org.springframework.boot.test.context.SpringBootTestContextBootstrapper]
22:30:25.928 [main] INFO org.springframework.boot.test.context.SpringBootTestContextBootstrapper - Neither @ContextConfiguration nor @ContextHierarchy found for test class [br.com.jordilucas.pontointeligente.api.repositories.EmpresaRepositoryTest], using SpringBootContextLoader
22:30:25.934 [main] DEBUG org.springframework.test.context.support.AbstractContextLoader - Did not detect default resource location for test class [br.com.jordilucas.pontointeligente.api.repositories.EmpresaRepositoryTest]: class path resource [br/com/jordilucas/pontointeligente/api/repositories/EmpresaRepositoryTest-context.xml] does not exist
22:30:25.935 [main] DEBUG org.springframework.test.context.support.AbstractContextLoader - Did not detect default resource location for test class [br.com.jordilucas.pontointeligente.api.repositories.EmpresaRepositoryTest]: class path resource [br/com/jordilucas/pontointeligente/api/repositories/EmpresaRepositoryTestContext.groovy] does not exist
22:30:25.935 [main] INFO org.springframework.test.context.support.AbstractContextLoader - Could not detect default resource locations for test class [br.com.jordilucas.pontointeligente.api.repositories.EmpresaRepositoryTest]: no resource found for suffixes {-context.xml, Context.groovy}.
22:30:25.936 [main] INFO org.springframework.test.context.support.AnnotationConfigContextLoaderUtils - Could not detect default configuration classes for test class [br.com.jordilucas.pontointeligente.api.repositories.EmpresaRepositoryTest]: EmpresaRepositoryTest does not declare any static, non-private, non-final, nested classes annotated with @Configuration.
22:30:25.995 [main] DEBUG org.springframework.core.env.StandardEnvironment - Adding PropertySource 'systemProperties' with lowest search precedence
22:30:25.997 [main] DEBUG org.springframework.core.env.StandardEnvironment - Adding PropertySource 'systemEnvironment' with lowest search precedence
22:30:25.998 [main] DEBUG org.springframework.core.env.StandardEnvironment - Initialized StandardEnvironment with PropertySources [MapPropertySource@601008104 {name='systemProperties', properties={java.runtime.name=OpenJDK Runtime Environment, sun.boot.library.path=/usr/lib/jvm/java-8-openjdk-amd64/jre/lib/amd64, java.vm.version=25.121-b13, java.vm.vendor=Oracle Corporation, java.vendor.url=http://java.oracle.com/, skip.gulp=true, path.separator=:, java.vm.name=OpenJDK 64-Bit Server VM, file.encoding.pkg=sun.io, findbugs.skip=true, sun.java.launcher=SUN_STANDARD, sun.os.patch.level=unknown, java.vm.specification.name=Java Virtual Machine Specification, user.dir=/root/workspace/jordilucas/ponto-inteligente-api/386851526, checkstyle.skip=true, java.runtime.version=1.8.0_121-8u121-b13-1~bpo8+1-b13, skip.npm=true, basedir=/root/workspace/jordilucas/ponto-inteligente-api/386851526, java.awt.graphicsenv=sun.awt.X11GraphicsEnvironment, java.endorsed.dirs=/usr/lib/jvm/java-8-openjdk-amd64/jre/lib/endorsed, os.arch=amd64, surefire.real.class.path=/root/workspace/jordilucas/ponto-inteligente-api/386851526/target/surefire/surefirebooter3283895179172420451.jar, gpg.skip=true, java.io.tmpdir=/tmp, line.separator=
, cobertura.skip=true, java.vm.specification.vendor=Oracle Corporation, os.name=Linux, sun.jnu.encoding=UTF-8, license.skip=true, java.library.path=/usr/java/packages/lib/amd64:/usr/lib/x86_64-linux-gnu/jni:/lib/x86_64-linux-gnu:/usr/lib/x86_64-linux-gnu:/usr/lib/jni:/lib:/usr/lib, surefire.test.class.path=/root/workspace/jordilucas/ponto-inteligente-api/386851526/target/test-classes:/root/workspace/jordilucas/ponto-inteligente-api/386851526/target/classes:/root/./workspace/jordilucas/ponto-inteligente-api/386851526/.m2/org/springframework/boot/spring-boot-starter/1.5.8.RELEASE/spring-boot-starter-1.5.8.RELEASE.jar:/root/./workspace/jordilucas/ponto-inteligente-api/386851526/.m2/org/springframework/boot/spring-boot/1.5.8.RELEASE/spring-boot-1.5.8.RELEASE.jar:/root/./workspace/jordilucas/ponto-inteligente-api/386851526/.m2/org/springframework/spring-context/4.3.12.RELEASE/spring-context-4.3.12.RELEASE.jar:/root/./workspace/jordilucas/ponto-inteligente-api/386851526/.m2/org/springframework/boot/spring-boot-autoconfigure/1.5.8.RELEASE/spring-boot-autoconfigure-1.5.8.RELEASE.jar:/root/./workspace/jordilucas/ponto-inteligente-api/386851526/.m2/org/springframework/boot/spring-boot-starter-logging/1.5.8.RELEASE/spring-boot-starter-logging-1.5.8.RELEASE.jar:/root/./workspace/jordilucas/ponto-inteligente-api/386851526/.m2/ch/qos/logback/logback-classic/1.1.11/logback-classic-1.1.11.jar:/root/./workspace/jordilucas/ponto-inteligente-api/386851526/.m2/ch/qos/logback/logback-core/1.1.11/logback-core-1.1.11.jar:/root/./workspace/jordilucas/ponto-inteligente-api/386851526/.m2/org/slf4j/jcl-over-slf4j/1.7.25/jcl-over-slf4j-1.7.25.jar:/root/./workspace/jordilucas/ponto-inteligente-api/386851526/.m2/org/slf4j/jul-to-slf4j/1.7.25/jul-to-slf4j-1.7.25.jar:/root/./workspace/jordilucas/ponto-inteligente-api/386851526/.m2/org/slf4j/log4j-over-slf4j/1.7.25/log4j-over-slf4j-1.7.25.jar:/root/./workspace/jordilucas/ponto-inteligente-api/386851526/.m2/org/springframework/spring-core/4.3.12.RELEASE/spring-core-4.3.12.RELEASE.jar:/root/./workspace/jordilucas/ponto-inteligente-api/386851526/.m2/org/yaml/snakeyaml/1.17/snakeyaml-1.17.jar:/root/./workspace/jordilucas/ponto-inteligente-api/386851526/.m2/org/springframework/boot/spring-boot-devtools/1.5.8.RELEASE/spring-boot-devtools-1.5.8.RELEASE.jar:/root/./workspace/jordilucas/ponto-inteligente-api/386851526/.m2/org/springframework/boot/spring-boot-starter-test/1.5.8.RELEASE/spring-boot-starter-test-1.5.8.RELEASE.jar:/root/./workspace/jordilucas/ponto-inteligente-api/386851526/.m2/org/springframework/boot/spring-boot-test/1.5.8.RELEASE/spring-boot-test-1.5.8.RELEASE.jar:/root/./workspace/jordilucas/ponto-inteligente-api/386851526/.m2/org/springframework/boot/spring-boot-test-autoconfigure/1.5.8.RELEASE/spring-boot-test-autoconfigure-1.5.8.RELEASE.jar:/root/./workspace/jordilucas/ponto-inteligente-api/386851526/.m2/com/jayway/jsonpath/json-path/2.2.0/json-path-2.2.0.jar:/root/./workspace/jordilucas/ponto-inteligente-api/386851526/.m2/net/minidev/json-smart/2.2.1/json-smart-2.2.1.jar:/root/./workspace/jordilucas/ponto-inteligente-api/386851526/.m2/net/minidev/accessors-smart/1.1/accessors-smart-1.1.jar:/root/./workspace/jordilucas/ponto-inteligente-api/386851526/.m2/org/ow2/asm/asm/5.0.3/asm-5.0.3.jar:/root/./workspace/jordilucas/ponto-inteligente-api/386851526/.m2/org/slf4j/slf4j-api/1.7.25/slf4j-api-1.7.25.jar:/root/./workspace/jordilucas/ponto-inteligente-api/386851526/.m2/junit/junit/4.12/junit-4.12.jar:/root/./workspace/jordilucas/ponto-inteligente-api/386851526/.m2/org/assertj/assertj-core/2.6.0/assertj-core-2.6.0.jar:/root/./workspace/jordilucas/ponto-inteligente-api/386851526/.m2/org/mockito/mockito-core/1.10.19/mockito-core-1.10.19.jar:/root/./workspace/jordilucas/ponto-inteligente-api/386851526/.m2/org/objenesis/objenesis/2.1/objenesis-2.1.jar:/root/./workspace/jordilucas/ponto-inteligente-api/386851526/.m2/org/hamcrest/hamcrest-core/1.3/hamcrest-core-1.3.jar:/root/./workspace/jordilucas/ponto-inteligente-api/386851526/.m2/org/hamcrest/hamcrest-library/1.3/hamcrest-library-1.3.jar:/root/./workspace/jordilucas/ponto-inteligente-api/386851526/.m2/org/skyscreamer/jsonassert/1.4.0/jsonassert-1.4.0.jar:/root/./workspace/jordilucas/ponto-inteligente-api/386851526/.m2/com/vaadin/external/google/android-json/0.0.20131108.vaadin1/android-json-0.0.20131108.vaadin1.jar:/root/./workspace/jordilucas/ponto-inteligente-api/386851526/.m2/org/springframework/spring-test/4.3.12.RELEASE/spring-test-4.3.12.RELEASE.jar:/root/./workspace/jordilucas/ponto-inteligente-api/386851526/.m2/org/springframework/boot/spring-boot-starter-data-jpa/1.5.8.RELEASE/spring-boot-starter-data-jpa-1.5.8.RELEASE.jar:/root/./workspace/jordilucas/ponto-inteligente-api/386851526/.m2/org/springframework/boot/spring-boot-starter-aop/1.5.8.RELEASE/spring-boot-starter-aop-1.5.8.RELEASE.jar:/root/./workspace/jordilucas/ponto-inteligente-api/386851526/.m2/org/aspectj/aspectjweaver/1.8.11/aspectjweaver-1.8.11.jar:/root/./workspace/jordilucas/ponto-inteligente-api/386851526/.m2/org/springframework/boot/spring-boot-starter-jdbc/1.5.8.RELEASE/spring-boot-starter-jdbc-1.5.8.RELEASE.jar:/root/./workspace/jordilucas/ponto-inteligente-api/386851526/.m2/org/apache/tomcat/tomcat-jdbc/8.5.23/tomcat-jdbc-8.5.23.jar:/root/./workspace/jordilucas/ponto-inteligente-api/386851526/.m2/org/apache/tomcat/tomcat-juli/8.5.23/tomcat-juli-8.5.23.jar:/root/./workspace/jordilucas/ponto-inteligente-api/386851526/.m2/org/springframework/spring-jdbc/4.3.12.RELEASE/spring-jdbc-4.3.12.RELEASE.jar:/root/./workspace/jordilucas/ponto-inteligente-api/386851526/.m2/org/hibernate/hibernate-core/5.0.12.Final/hibernate-core-5.0.12.Final.jar:/root/./workspace/jordilucas/ponto-inteligente-api/386851526/.m2/org/hibernate/javax/persistence/hibernate-jpa-2.1-api/1.0.0.Final/hibernate-jpa-2.1-api-1.0.0.Final.jar:/root/./workspace/jordilucas/ponto-inteligente-api/386851526/.m2/org/javassist/javassist/3.21.0-GA/javassist-3.21.0-GA.jar:/root/./workspace/jordilucas/ponto-inteligente-api/386851526/.m2/antlr/antlr/2.7.7/antlr-2.7.7.jar:/root/./workspace/jordilucas/ponto-inteligente-api/386851526/.m2/org/jboss/jandex/2.0.0.Final/jandex-2.0.0.Final.jar:/root/./workspace/jordilucas/ponto-inteligente-api/386851526/.m2/dom4j/dom4j/1.6.1/dom4j-1.6.1.jar:/root/./workspace/jordilucas/ponto-inteligente-api/386851526/.m2/org/hibernate/common/hibernate-commons-annotations/5.0.1.Final/hibernate-commons-annotations-5.0.1.Final.jar:/root/./workspace/jordilucas/ponto-inteligente-api/386851526/.m2/org/hibernate/hibernate-entitymanager/5.0.12.Final/hibernate-entitymanager-5.0.12.Final.jar:/root/./workspace/jordilucas/ponto-inteligente-api/386851526/.m2/javax/transaction/javax.transaction-api/1.2/javax.transaction-api-1.2.jar:/root/./workspace/jordilucas/ponto-inteligente-api/386851526/.m2/org/springframework/data/spring-data-jpa/1.11.8.RELEASE/spring-data-jpa-1.11.8.RELEASE.jar:/root/./workspace/jordilucas/ponto-inteligente-api/386851526/.m2/org/springframework/data/spring-data-commons/1.13.8.RELEASE/spring-data-commons-1.13.8.RELEASE.jar:/root/./workspace/jordilucas/ponto-inteligente-api/386851526/.m2/org/springframework/spring-orm/4.3.12.RELEASE/spring-orm-4.3.12.RELEASE.jar:/root/./workspace/jordilucas/ponto-inteligente-api/386851526/.m2/org/springframework/spring-tx/4.3.12.RELEASE/spring-tx-4.3.12.RELEASE.jar:/root/./workspace/jordilucas/ponto-inteligente-api/386851526/.m2/org/springframework/spring-beans/4.3.12.RELEASE/spring-beans-4.3.12.RELEASE.jar:/root/./workspace/jordilucas/ponto-inteligente-api/386851526/.m2/org/springframework/spring-aspects/4.3.12.RELEASE/spring-aspects-4.3.12.RELEASE.jar:/root/./workspace/jordilucas/ponto-inteligente-api/386851526/.m2/mysql/mysql-connector-java/5.1.44/mysql-connector-java-5.1.44.jar:/root/./workspace/jordilucas/ponto-inteligente-api/386851526/.m2/com/h2database/h2/1.4.196/h2-1.4.196.jar:/root/./workspace/jordilucas/ponto-inteligente-api/386851526/.m2/org/jboss/logging/jboss-logging/3.3.1.Final/jboss-logging-3.3.1.Final.jar:/root/./workspace/jordilucas/ponto-inteligente-api/386851526/.m2/org/springframework/boot/spring-boot-starter-security/1.5.8.RELEASE/spring-boot-starter-security-1.5.8.RELEASE.jar:/root/./workspace/jordilucas/ponto-inteligente-api/386851526/.m2/org/springframework/spring-aop/4.3.12.RELEASE/spring-aop-4.3.12.RELEASE.jar:/root/./workspace/jordilucas/ponto-inteligente-api/386851526/.m2/org/springframework/security/spring-security-config/4.2.3.RELEASE/spring-security-config-4.2.3.RELEASE.jar:/root/./workspace/jordilucas/ponto-inteligente-api/386851526/.m2/org/springframework/security/spring-security-web/4.2.3.RELEASE/spring-security-web-4.2.3.RELEASE.jar:/root/./workspace/jordilucas/ponto-inteligente-api/386851526/.m2/org/springframework/spring-expression/4.3.12.RELEASE/spring-expression-4.3.12.RELEASE.jar:/root/./workspace/jordilucas/ponto-inteligente-api/386851526/.m2/org/springframework/security/spring-security-test/4.2.3.RELEASE/spring-security-test-4.2.3.RELEASE.jar:/root/./workspace/jordilucas/ponto-inteligente-api/386851526/.m2/org/springframework/security/spring-security-core/4.2.3.RELEASE/spring-security-core-4.2.3.RELEASE.jar:/root/./workspace/jordilucas/ponto-inteligente-api/386851526/.m2/aopalliance/aopalliance/1.0/aopalliance-1.0.jar:/root/./workspace/jordilucas/ponto-inteligente-api/386851526/.m2/org/springframework/boot/spring-boot-starter-web/1.5.8.RELEASE/spring-boot-starter-web-1.5.8.RELEASE.jar:/root/./workspace/jordilucas/ponto-inteligente-api/386851526/.m2/org/springframework/boot/spring-boot-starter-tomcat/1.5.8.RELEASE/spring-boot-starter-tomcat-1.5.8.RELEASE.jar:/root/./workspace/jordilucas/ponto-inteligente-api/386851526/.m2/org/apache/tomcat/embed/tomcat-embed-core/8.5.23/tomcat-embed-core-8.5.23.jar:/root/./workspace/jordilucas/ponto-inteligente-api/386851526/.m2/org/apache/tomcat/tomcat-annotations-api/8.5.23/tomcat-annotations-api-8.5.23.jar:/root/./workspace/jordilucas/ponto-inteligente-api/386851526/.m2/org/apache/tomcat/embed/tomcat-embed-websocket/8.5.23/tomcat-embed-websocket-8.5.23.jar:/root/./workspace/jordilucas/ponto-inteligente-api/386851526/.m2/org/hibernate/hibernate-validator/5.3.5.Final/hibernate-validator-5.3.5.Final.jar:/root/./workspace/jordilucas/ponto-inteligente-api/386851526/.m2/javax/validation/validation-api/1.1.0.Final/validation-api-1.1.0.Final.jar:/root/./workspace/jordilucas/ponto-inteligente-api/386851526/.m2/com/fasterxml/classmate/1.3.4/classmate-1.3.4.jar:/root/./workspace/jordilucas/ponto-inteligente-api/386851526/.m2/com/fasterxml/jackson/core/jackson-databind/2.8.10/jackson-databind-2.8.10.jar:/root/./workspace/jordilucas/ponto-inteligente-api/386851526/.m2/com/fasterxml/jackson/core/jackson-annotations/2.8.0/jackson-annotations-2.8.0.jar:/root/./workspace/jordilucas/ponto-inteligente-api/386851526/.m2/org/springframework/spring-web/4.3.12.RELEASE/spring-web-4.3.12.RELEASE.jar:/root/./workspace/jordilucas/ponto-inteligente-api/386851526/.m2/org/springframework/spring-webmvc/4.3.12.RELEASE/spring-webmvc-4.3.12.RELEASE.jar:/root/./workspace/jordilucas/ponto-inteligente-api/386851526/.m2/org/springframework/boot/spring-boot-starter-validation/1.5.8.RELEASE/spring-boot-starter-validation-1.5.8.RELEASE.jar:/root/./workspace/jordilucas/ponto-inteligente-api/386851526/.m2/org/apache/tomcat/embed/tomcat-embed-el/8.5.23/tomcat-embed-el-8.5.23.jar:/root/./workspace/jordilucas/ponto-inteligente-api/386851526/.m2/com/fasterxml/jackson/datatype/jackson-datatype-jdk8/2.8.10/jackson-datatype-jdk8-2.8.10.jar:/root/./workspace/jordilucas/ponto-inteligente-api/386851526/.m2/com/fasterxml/jackson/core/jackson-core/2.8.10/jackson-core-2.8.10.jar:/root/./workspace/jordilucas/ponto-inteligente-api/386851526/.m2/org/apache/commons/commons-lang3/3.6/commons-lang3-3.6.jar:, java.specification.name=Java Platform API Specification, java.class.version=52.0, skip.bower=true, sun.management.compiler=HotSpot 64-Bit Tiered Compilers, maven.repo.local=/root/./workspace/jordilucas/ponto-inteligente-api/386851526/.m2, os.version=3.10.0-862.3.2.el7.x86_64, user.home=/root, user.timezone=Europe/Paris, java.awt.printerjob=sun.print.PSPrinterJob, file.encoding=UTF-8, java.specification.version=1.8, java.class.path=/root/workspace/jordilucas/ponto-inteligente-api/386851526/target/test-classes:/root/workspace/jordilucas/ponto-inteligente-api/386851526/target/classes:/root/./workspace/jordilucas/ponto-inteligente-api/386851526/.m2/org/springframework/boot/spring-boot-starter/1.5.8.RELEASE/spring-boot-starter-1.5.8.RELEASE.jar:/root/./workspace/jordilucas/ponto-inteligente-api/386851526/.m2/org/springframework/boot/spring-boot/1.5.8.RELEASE/spring-boot-1.5.8.RELEASE.jar:/root/./workspace/jordilucas/ponto-inteligente-api/386851526/.m2/org/springframework/spring-context/4.3.12.RELEASE/spring-context-4.3.12.RELEASE.jar:/root/./workspace/jordilucas/ponto-inteligente-api/386851526/.m2/org/springframework/boot/spring-boot-autoconfigure/1.5.8.RELEASE/spring-boot-autoconfigure-1.5.8.RELEASE.jar:/root/./workspace/jordilucas/ponto-inteligente-api/386851526/.m2/org/springframework/boot/spring-boot-starter-logging/1.5.8.RELEASE/spring-boot-starter-logging-1.5.8.RELEASE.jar:/root/./workspace/jordilucas/ponto-inteligente-api/386851526/.m2/ch/qos/logback/logback-classic/1.1.11/logback-classic-1.1.11.jar:/root/./workspace/jordilucas/ponto-inteligente-api/386851526/.m2/ch/qos/logback/logback-core/1.1.11/logback-core-1.1.11.jar:/root/./workspace/jordilucas/ponto-inteligente-api/386851526/.m2/org/slf4j/jcl-over-slf4j/1.7.25/jcl-over-slf4j-1.7.25.jar:/root/./workspace/jordilucas/ponto-inteligente-api/386851526/.m2/org/slf4j/jul-to-slf4j/1.7.25/jul-to-slf4j-1.7.25.jar:/root/./workspace/jordilucas/ponto-inteligente-api/386851526/.m2/org/slf4j/log4j-over-slf4j/1.7.25/log4j-over-slf4j-1.7.25.jar:/root/./workspace/jordilucas/ponto-inteligente-api/386851526/.m2/org/springframework/spring-core/4.3.12.RELEASE/spring-core-4.3.12.RELEASE.jar:/root/./workspace/jordilucas/ponto-inteligente-api/386851526/.m2/org/yaml/snakeyaml/1.17/snakeyaml-1.17.jar:/root/./workspace/jordilucas/ponto-inteligente-api/386851526/.m2/org/springframework/boot/spring-boot-devtools/1.5.8.RELEASE/spring-boot-devtools-1.5.8.RELEASE.jar:/root/./workspace/jordilucas/ponto-inteligente-api/386851526/.m2/org/springframework/boot/spring-boot-starter-test/1.5.8.RELEASE/spring-boot-starter-test-1.5.8.RELEASE.jar:/root/./workspace/jordilucas/ponto-inteligente-api/386851526/.m2/org/springframework/boot/spring-boot-test/1.5.8.RELEASE/spring-boot-test-1.5.8.RELEASE.jar:/root/./workspace/jordilucas/ponto-inteligente-api/386851526/.m2/org/springframework/boot/spring-boot-test-autoconfigure/1.5.8.RELEASE/spring-boot-test-autoconfigure-1.5.8.RELEASE.jar:/root/./workspace/jordilucas/ponto-inteligente-api/386851526/.m2/com/jayway/jsonpath/json-path/2.2.0/json-path-2.2.0.jar:/root/./workspace/jordilucas/ponto-inteligente-api/386851526/.m2/net/minidev/json-smart/2.2.1/json-smart-2.2.1.jar:/root/./workspace/jordilucas/ponto-inteligente-api/386851526/.m2/net/minidev/accessors-smart/1.1/accessors-smart-1.1.jar:/root/./workspace/jordilucas/ponto-inteligente-api/386851526/.m2/org/ow2/asm/asm/5.0.3/asm-5.0.3.jar:/root/./workspace/jordilucas/ponto-inteligente-api/386851526/.m2/org/slf4j/slf4j-api/1.7.25/slf4j-api-1.7.25.jar:/root/./workspace/jordilucas/ponto-inteligente-api/386851526/.m2/junit/junit/4.12/junit-4.12.jar:/root/./workspace/jordilucas/ponto-inteligente-api/386851526/.m2/org/assertj/assertj-core/2.6.0/assertj-core-2.6.0.jar:/root/./workspace/jordilucas/ponto-inteligente-api/386851526/.m2/org/mockito/mockito-core/1.10.19/mockito-core-1.10.19.jar:/root/./workspace/jordilucas/ponto-inteligente-api/386851526/.m2/org/objenesis/objenesis/2.1/objenesis-2.1.jar:/root/./workspace/jordilucas/ponto-inteligente-api/386851526/.m2/org/hamcrest/hamcrest-core/1.3/hamcrest-core-1.3.jar:/root/./workspace/jordilucas/ponto-inteligente-api/386851526/.m2/org/hamcrest/hamcrest-library/1.3/hamcrest-library-1.3.jar:/root/./workspace/jordilucas/ponto-inteligente-api/386851526/.m2/org/skyscreamer/jsonassert/1.4.0/jsonassert-1.4.0.jar:/root/./workspace/jordilucas/ponto-inteligente-api/386851526/.m2/com/vaadin/external/google/android-json/0.0.20131108.vaadin1/android-json-0.0.20131108.vaadin1.jar:/root/./workspace/jordilucas/ponto-inteligente-api/386851526/.m2/org/springframework/spring-test/4.3.12.RELEASE/spring-test-4.3.12.RELEASE.jar:/root/./workspace/jordilucas/ponto-inteligente-api/386851526/.m2/org/springframework/boot/spring-boot-starter-data-jpa/1.5.8.RELEASE/spring-boot-starter-data-jpa-1.5.8.RELEASE.jar:/root/./workspace/jordilucas/ponto-inteligente-api/386851526/.m2/org/springframework/boot/spring-boot-starter-aop/1.5.8.RELEASE/spring-boot-starter-aop-1.5.8.RELEASE.jar:/root/./workspace/jordilucas/ponto-inteligente-api/386851526/.m2/org/aspectj/aspectjweaver/1.8.11/aspectjweaver-1.8.11.jar:/root/./workspace/jordilucas/ponto-inteligente-api/386851526/.m2/org/springframework/boot/spring-boot-starter-jdbc/1.5.8.RELEASE/spring-boot-starter-jdbc-1.5.8.RELEASE.jar:/root/./workspace/jordilucas/ponto-inteligente-api/386851526/.m2/org/apache/tomcat/tomcat-jdbc/8.5.23/tomcat-jdbc-8.5.23.jar:/root/./workspace/jordilucas/ponto-inteligente-api/386851526/.m2/org/apache/tomcat/tomcat-juli/8.5.23/tomcat-juli-8.5.23.jar:/root/./workspace/jordilucas/ponto-inteligente-api/386851526/.m2/org/springframework/spring-jdbc/4.3.12.RELEASE/spring-jdbc-4.3.12.RELEASE.jar:/root/./workspace/jordilucas/ponto-inteligente-api/386851526/.m2/org/hibernate/hibernate-core/5.0.12.Final/hibernate-core-5.0.12.Final.jar:/root/./workspace/jordilucas/ponto-inteligente-api/386851526/.m2/org/hibernate/javax/persistence/hibernate-jpa-2.1-api/1.0.0.Final/hibernate-jpa-2.1-api-1.0.0.Final.jar:/root/./workspace/jordilucas/ponto-inteligente-api/386851526/.m2/org/javassist/javassist/3.21.0-GA/javassist-3.21.0-GA.jar:/root/./workspace/jordilucas/ponto-inteligente-api/386851526/.m2/antlr/antlr/2.7.7/antlr-2.7.7.jar:/root/./workspace/jordilucas/ponto-inteligente-api/386851526/.m2/org/jboss/jandex/2.0.0.Final/jandex-2.0.0.Final.jar:/root/./workspace/jordilucas/ponto-inteligente-api/386851526/.m2/dom4j/dom4j/1.6.1/dom4j-1.6.1.jar:/root/./workspace/jordilucas/ponto-inteligente-api/386851526/.m2/org/hibernate/common/hibernate-commons-annotations/5.0.1.Final/hibernate-commons-annotations-5.0.1.Final.jar:/root/./workspace/jordilucas/ponto-inteligente-api/386851526/.m2/org/hibernate/hibernate-entitymanager/5.0.12.Final/hibernate-entitymanager-5.0.12.Final.jar:/root/./workspace/jordilucas/ponto-inteligente-api/386851526/.m2/javax/transaction/javax.transaction-api/1.2/javax.transaction-api-1.2.jar:/root/./workspace/jordilucas/ponto-inteligente-api/386851526/.m2/org/springframework/data/spring-data-jpa/1.11.8.RELEASE/spring-data-jpa-1.11.8.RELEASE.jar:/root/./workspace/jordilucas/ponto-inteligente-api/386851526/.m2/org/springframework/data/spring-data-commons/1.13.8.RELEASE/spring-data-commons-1.13.8.RELEASE.jar:/root/./workspace/jordilucas/ponto-inteligente-api/386851526/.m2/org/springframework/spring-orm/4.3.12.RELEASE/spring-orm-4.3.12.RELEASE.jar:/root/./workspace/jordilucas/ponto-inteligente-api/386851526/.m2/org/springframework/spring-tx/4.3.12.RELEASE/spring-tx-4.3.12.RELEASE.jar:/root/./workspace/jordilucas/ponto-inteligente-api/386851526/.m2/org/springframework/spring-beans/4.3.12.RELEASE/spring-beans-4.3.12.RELEASE.jar:/root/./workspace/jordilucas/ponto-inteligente-api/386851526/.m2/org/springframework/spring-aspects/4.3.12.RELEASE/spring-aspects-4.3.12.RELEASE.jar:/root/./workspace/jordilucas/ponto-inteligente-api/386851526/.m2/mysql/mysql-connector-java/5.1.44/mysql-connector-java-5.1.44.jar:/root/./workspace/jordilucas/ponto-inteligente-api/386851526/.m2/com/h2database/h2/1.4.196/h2-1.4.196.jar:/root/./workspace/jordilucas/ponto-inteligente-api/386851526/.m2/org/jboss/logging/jboss-logging/3.3.1.Final/jboss-logging-3.3.1.Final.jar:/root/./workspace/jordilucas/ponto-inteligente-api/386851526/.m2/org/springframework/boot/spring-boot-starter-security/1.5.8.RELEASE/spring-boot-starter-security-1.5.8.RELEASE.jar:/root/./workspace/jordilucas/ponto-inteligente-api/386851526/.m2/org/springframework/spring-aop/4.3.12.RELEASE/spring-aop-4.3.12.RELEASE.jar:/root/./workspace/jordilucas/ponto-inteligente-api/386851526/.m2/org/springframework/security/spring-security-config/4.2.3.RELEASE/spring-security-config-4.2.3.RELEASE.jar:/root/./workspace/jordilucas/ponto-inteligente-api/386851526/.m2/org/springframework/security/spring-security-web/4.2.3.RELEASE/spring-security-web-4.2.3.RELEASE.jar:/root/./workspace/jordilucas/ponto-inteligente-api/386851526/.m2/org/springframework/spring-expression/4.3.12.RELEASE/spring-expression-4.3.12.RELEASE.jar:/root/./workspace/jordilucas/ponto-inteligente-api/386851526/.m2/org/springframework/security/spring-security-test/4.2.3.RELEASE/spring-security-test-4.2.3.RELEASE.jar:/root/./workspace/jordilucas/ponto-inteligente-api/386851526/.m2/org/springframework/security/spring-security-core/4.2.3.RELEASE/spring-security-core-4.2.3.RELEASE.jar:/root/./workspace/jordilucas/ponto-inteligente-api/386851526/.m2/aopalliance/aopalliance/1.0/aopalliance-1.0.jar:/root/./workspace/jordilucas/ponto-inteligente-api/386851526/.m2/org/springframework/boot/spring-boot-starter-web/1.5.8.RELEASE/spring-boot-starter-web-1.5.8.RELEASE.jar:/root/./workspace/jordilucas/ponto-inteligente-api/386851526/.m2/org/springframework/boot/spring-boot-starter-tomcat/1.5.8.RELEASE/spring-boot-starter-tomcat-1.5.8.RELEASE.jar:/root/./workspace/jordilucas/ponto-inteligente-api/386851526/.m2/org/apache/tomcat/embed/tomcat-embed-core/8.5.23/tomcat-embed-core-8.5.23.jar:/root/./workspace/jordilucas/ponto-inteligente-api/386851526/.m2/org/apache/tomcat/tomcat-annotations-api/8.5.23/tomcat-annotations-api-8.5.23.jar:/root/./workspace/jordilucas/ponto-inteligente-api/386851526/.m2/org/apache/tomcat/embed/tomcat-embed-websocket/8.5.23/tomcat-embed-websocket-8.5.23.jar:/root/./workspace/jordilucas/ponto-inteligente-api/386851526/.m2/org/hibernate/hibernate-validator/5.3.5.Final/hibernate-validator-5.3.5.Final.jar:/root/./workspace/jordilucas/ponto-inteligente-api/386851526/.m2/javax/validation/validation-api/1.1.0.Final/validation-api-1.1.0.Final.jar:/root/./workspace/jordilucas/ponto-inteligente-api/386851526/.m2/com/fasterxml/classmate/1.3.4/classmate-1.3.4.jar:/root/./workspace/jordilucas/ponto-inteligente-api/386851526/.m2/com/fasterxml/jackson/core/jackson-databind/2.8.10/jackson-databind-2.8.10.jar:/root/./workspace/jordilucas/ponto-inteligente-api/386851526/.m2/com/fasterxml/jackson/core/jackson-annotations/2.8.0/jackson-annotations-2.8.0.jar:/root/./workspace/jordilucas/ponto-inteligente-api/386851526/.m2/org/springframework/spring-web/4.3.12.RELEASE/spring-web-4.3.12.RELEASE.jar:/root/./workspace/jordilucas/ponto-inteligente-api/386851526/.m2/org/springframework/spring-webmvc/4.3.12.RELEASE/spring-webmvc-4.3.12.RELEASE.jar:/root/./workspace/jordilucas/ponto-inteligente-api/386851526/.m2/org/springframework/boot/spring-boot-starter-validation/1.5.8.RELEASE/spring-boot-starter-validation-1.5.8.RELEASE.jar:/root/./workspace/jordilucas/ponto-inteligente-api/386851526/.m2/org/apache/tomcat/embed/tomcat-embed-el/8.5.23/tomcat-embed-el-8.5.23.jar:/root/./workspace/jordilucas/ponto-inteligente-api/386851526/.m2/com/fasterxml/jackson/datatype/jackson-datatype-jdk8/2.8.10/jackson-datatype-jdk8-2.8.10.jar:/root/./workspace/jordilucas/ponto-inteligente-api/386851526/.m2/com/fasterxml/jackson/core/jackson-core/2.8.10/jackson-core-2.8.10.jar:/root/./workspace/jordilucas/ponto-inteligente-api/386851526/.m2/org/apache/commons/commons-lang3/3.6/commons-lang3-3.6.jar:, user.name=root, skipITs=true, java.vm.specification.version=1.8, sun.java.command=/root/workspace/jordilucas/ponto-inteligente-api/386851526/target/surefire/surefirebooter3283895179172420451.jar /root/workspace/jordilucas/ponto-inteligente-api/386851526/target/surefire/surefire4784252510475456301tmp /root/workspace/jordilucas/ponto-inteligente-api/386851526/target/surefire/surefire_07033769689870660414tmp, java.home=/usr/lib/jvm/java-8-openjdk-amd64/jre, sun.arch.data.model=64, user.language=en, java.specification.vendor=Oracle Corporation, dependency-check.skip=true, awt.toolkit=sun.awt.X11.XToolkit, java.vm.info=mixed mode, java.version=1.8.0_121, java.ext.dirs=/usr/lib/jvm/java-8-openjdk-amd64/jre/lib/ext:/usr/java/packages/lib/ext, sun.boot.class.path=/usr/lib/jvm/java-8-openjdk-amd64/jre/lib/resources.jar:/usr/lib/jvm/java-8-openjdk-amd64/jre/lib/rt.jar:/usr/lib/jvm/java-8-openjdk-amd64/jre/lib/sunrsasign.jar:/usr/lib/jvm/java-8-openjdk-amd64/jre/lib/jsse.jar:/usr/lib/jvm/java-8-openjdk-amd64/jre/lib/jce.jar:/usr/lib/jvm/java-8-openjdk-amd64/jre/lib/charsets.jar:/usr/lib/jvm/java-8-openjdk-amd64/jre/lib/jfr.jar:/usr/lib/jvm/java-8-openjdk-amd64/jre/classes, rat.skip=true, enforcer.skip=true, java.vendor=Oracle Corporation, localRepository=/root/./workspace/jordilucas/ponto-inteligente-api/386851526/.m2, file.separator=/, java.vendor.url.bug=http://bugreport.sun.com/bugreport/, sun.io.unicode.encoding=UnicodeLittle, sun.cpu.endian=little, sun.cpu.isalist=}}, SystemEnvironmentPropertySource@2056418216 {name='systemEnvironment', properties={PATH=/usr/local/sbin:/usr/local/bin:/usr/sbin:/usr/bin:/sbin:/bin, JAVA_HOME=/usr/lib/jvm/java-8-openjdk-amd64, NOTIFY_TO=, CA_CERTIFICATES_JAVA_VERSION=20161107~bpo8+1, MONGODB_HOST=, BUILD_ID=, LANG=C.UTF-8, MAVEN_HOME=/usr/share/maven, SMTP_SERVER=, MONGODB_NAME=, REPAIR_MODE=repair, PWD=/root/workspace/jordilucas/ponto-inteligente-api/386851526, JAVA_VERSION=8u121, GITHUB_OAUTH=, MAVEN_CMD_LINE_ARGS=/root/.m2 -B -D enforcer.skip=true -D dependency-check.skip=true -D skipITs=true -D cobertura.skip=true -D maven.repo.local=/root/./workspace/jordilucas/ponto-inteligente-api/386851526/.m2 -D rat.skip=true -D findbugs.skip=true -D skip.bower=true -D gpg.skip=true -D checkstyle.skip=true -D skip.gulp=true -D license.skip=true -D skip.npm=true test, _=/usr/bin/java, OUTPUT=, MAVEN_TERMINATE_CMD=on, MAVEN_CONFIG=/root/.m2, MAVEN_PROJECTBASEDIR=/root/workspace/jordilucas/ponto-inteligente-api/386851526, OLDPWD=/root/workspace/jordilucas/ponto-inteligente-api/386851526, LOG_FILENAME=repairnator-pipeline_2018-06-01_2229_386851526_5a77b685-d098-401d-b168-01e076b51223, RUN_ID=, HOSTNAME=cyclone1, JAVA_DEBIAN_VERSION=8u121-b13-1~bpo8+1, M2_HOME=/usr/share/maven, REPAIR_TOOLS=AssertFixer, HOME=/root, SHLVL=1, PUSH_URL=}}]
22:30:26.013 [main] DEBUG org.springframework.core.io.support.PathMatchingResourcePatternResolver - Resolved classpath location [br/com/jordilucas/pontointeligente/api/repositories/] to resources [URL [file:/root/workspace/jordilucas/ponto-inteligente-api/386851526/target/test-classes/br/com/jordilucas/pontointeligente/api/repositories/], URL [file:/root/workspace/jordilucas/ponto-inteligente-api/386851526/target/classes/br/com/jordilucas/pontointeligente/api/repositories/]]
22:30:26.014 [main] DEBUG org.springframework.core.io.support.PathMatchingResourcePatternResolver - Looking for matching resources in directory tree [/root/workspace/jordilucas/ponto-inteligente-api/386851526/target/test-classes/br/com/jordilucas/pontointeligente/api/repositories]
22:30:26.014 [main] DEBUG org.springframework.core.io.support.PathMatchingResourcePatternResolver - Searching directory [/root/workspace/jordilucas/ponto-inteligente-api/386851526/target/test-classes/br/com/jordilucas/pontointeligente/api/repositories] for files matching pattern [/root/workspace/jordilucas/ponto-inteligente-api/386851526/target/test-classes/br/com/jordilucas/pontointeligente/api/repositories/*.class]
22:30:26.018 [main] DEBUG org.springframework.core.io.support.PathMatchingResourcePatternResolver - Looking for matching resources in directory tree [/root/workspace/jordilucas/ponto-inteligente-api/386851526/target/classes/br/com/jordilucas/pontointeligente/api/repositories]
22:30:26.018 [main] DEBUG org.springframework.core.io.support.PathMatchingResourcePatternResolver - Searching directory [/root/workspace/jordilucas/ponto-inteligente-api/386851526/target/classes/br/com/jordilucas/pontointeligente/api/repositories] for files matching pattern [/root/workspace/jordilucas/ponto-inteligente-api/386851526/target/classes/br/com/jordilucas/pontointeligente/api/repositories/*.class]
22:30:26.020 [main] DEBUG org.springframework.core.io.support.PathMatchingResourcePatternResolver - Resolved location pattern [classpath*:br/com/jordilucas/pontointeligente/api/repositories/*.class] to resources [file [/root/workspace/jordilucas/ponto-inteligente-api/386851526/target/test-classes/br/com/jordilucas/pontointeligente/api/repositories/EmpresaRepositoryTest.class], file [/root/workspace/jordilucas/ponto-inteligente-api/386851526/target/test-classes/br/com/jordilucas/pontointeligente/api/repositories/FuncionarioRepositoryTest.class], file [/root/workspace/jordilucas/ponto-inteligente-api/386851526/target/test-classes/br/com/jordilucas/pontointeligente/api/repositories/LancamentoRepositoryTest.class], file [/root/workspace/jordilucas/ponto-inteligente-api/386851526/target/classes/br/com/jordilucas/pontointeligente/api/repositories/EmpresaRepository.class], file [/root/workspace/jordilucas/ponto-inteligente-api/386851526/target/classes/br/com/jordilucas/pontointeligente/api/repositories/FuncionarioRepository.class], file [/root/workspace/jordilucas/ponto-inteligente-api/386851526/target/classes/br/com/jordilucas/pontointeligente/api/repositories/LancamentoRepository.class]]
22:30:26.046 [main] DEBUG org.springframework.core.io.support.PathMatchingResourcePatternResolver - Resolved classpath location [br/com/jordilucas/pontointeligente/api/] to resources [URL [file:/root/workspace/jordilucas/ponto-inteligente-api/386851526/target/test-classes/br/com/jordilucas/pontointeligente/api/], URL [file:/root/workspace/jordilucas/ponto-inteligente-api/386851526/target/classes/br/com/jordilucas/pontointeligente/api/]]
22:30:26.046 [main] DEBUG org.springframework.core.io.support.PathMatchingResourcePatternResolver - Looking for matching resources in directory tree [/root/workspace/jordilucas/ponto-inteligente-api/386851526/target/test-classes/br/com/jordilucas/pontointeligente/api]
22:30:26.046 [main] DEBUG org.springframework.core.io.support.PathMatchingResourcePatternResolver - Searching directory [/root/workspace/jordilucas/ponto-inteligente-api/386851526/target/test-classes/br/com/jordilucas/pontointeligente/api] for files matching pattern [/root/workspace/jordilucas/ponto-inteligente-api/386851526/target/test-classes/br/com/jordilucas/pontointeligente/api/*.class]
22:30:26.047 [main] DEBUG org.springframework.core.io.support.PathMatchingResourcePatternResolver - Looking for matching resources in directory tree [/root/workspace/jordilucas/ponto-inteligente-api/386851526/target/classes/br/com/jordilucas/pontointeligente/api]
22:30:26.048 [main] DEBUG org.springframework.core.io.support.PathMatchingResourcePatternResolver - Searching directory [/root/workspace/jordilucas/ponto-inteligente-api/386851526/target/classes/br/com/jordilucas/pontointeligente/api] for files matching pattern [/root/workspace/jordilucas/ponto-inteligente-api/386851526/target/classes/br/com/jordilucas/pontointeligente/api/*.class]
22:30:26.050 [main] DEBUG org.springframework.core.io.support.PathMatchingResourcePatternResolver - Resolved location pattern [classpath*:br/com/jordilucas/pontointeligente/api/*.class] to resources [file [/root/workspace/jordilucas/ponto-inteligente-api/386851526/target/test-classes/br/com/jordilucas/pontointeligente/api/PontoInteligenteApplicationTests.class], file [/root/workspace/jordilucas/ponto-inteligente-api/386851526/target/classes/br/com/jordilucas/pontointeligente/api/PontoInteligenteApplication.class]]
22:30:26.098 [main] DEBUG org.springframework.context.annotation.ClassPathScanningCandidateComponentProvider - Identified candidate component class: file [/root/workspace/jordilucas/ponto-inteligente-api/386851526/target/classes/br/com/jordilucas/pontointeligente/api/PontoInteligenteApplication.class]
22:30:26.099 [main] INFO org.springframework.boot.test.context.SpringBootTestContextBootstrapper - Found @SpringBootConfiguration br.com.jordilucas.pontointeligente.api.PontoInteligenteApplication for test class br.com.jordilucas.pontointeligente.api.repositories.EmpresaRepositoryTest
22:30:26.104 [main] DEBUG org.springframework.boot.test.context.SpringBootTestContextBootstrapper - @TestExecutionListeners is not present for class [br.com.jordilucas.pontointeligente.api.repositories.EmpresaRepositoryTest]: using defaults.
22:30:26.109 [main] INFO org.springframework.boot.test.context.SpringBootTestContextBootstrapper - Loaded default TestExecutionListener class names from location [META-INF/spring.factories]: [org.springframework.boot.test.mock.mockito.MockitoTestExecutionListener, org.springframework.boot.test.mock.mockito.ResetMocksTestExecutionListener, org.springframework.boot.test.autoconfigure.restdocs.RestDocsTestExecutionListener, org.springframework.boot.test.autoconfigure.web.client.MockRestServiceServerResetTestExecutionListener, org.springframework.boot.test.autoconfigure.web.servlet.MockMvcPrintOnlyOnFailureTestExecutionListener, org.springframework.boot.test.autoconfigure.web.servlet.WebDriverTestExecutionListener, org.springframework.test.context.web.ServletTestExecutionListener, org.springframework.test.context.support.DirtiesContextBeforeModesTestExecutionListener, org.springframework.test.context.support.DependencyInjectionTestExecutionListener, org.springframework.test.context.support.DirtiesContextTestExecutionListener, org.springframework.test.context.transaction.TransactionalTestExecutionListener, org.springframework.test.context.jdbc.SqlScriptsTestExecutionListener, org.springframework.security.test.context.support.WithSecurityContextTestExecutionListener]
22:30:26.137 [main] INFO org.springframework.boot.test.context.SpringBootTestContextBootstrapper - Using TestExecutionListeners: [org.springframework.test.context.web.ServletTestExecutionListener@3bbc39f8, org.springframework.test.context.support.DirtiesContextBeforeModesTestExecutionListener@4ae3c1cd, org.springframework.boot.test.autoconfigure.SpringBootDependencyInjectionTestExecutionListener@29f69090, org.springframework.test.context.support.DirtiesContextTestExecutionListener@568bf312, org.springframework.test.context.transaction.TransactionalTestExecutionListener@ca263c2, org.springframework.test.context.jdbc.SqlScriptsTestExecutionListener@589b3632, org.springframework.security.test.context.support.WithSecurityContextTestExecutionListener@45f45fa1, org.springframework.boot.test.autoconfigure.web.servlet.MockMvcPrintOnlyOnFailureTestExecutionListener@4c6e276e, org.springframework.boot.test.mock.mockito.MockitoTestExecutionListener@534df152, org.springframework.boot.test.autoconfigure.web.client.MockRestServiceServerResetTestExecutionListener@52e677af, org.springframework.boot.test.autoconfigure.restdocs.RestDocsTestExecutionListener@35083305, org.springframework.boot.test.autoconfigure.web.servlet.WebDriverTestExecutionListener@8e0379d, org.springframework.boot.test.mock.mockito.ResetMocksTestExecutionListener@341b80b2]
22:30:26.141 [main] DEBUG org.springframework.test.context.junit4.SpringJUnit4ClassRunner - SpringJUnit4ClassRunner constructor called with [class br.com.jordilucas.pontointeligente.api.repositories.LancamentoRepositoryTest]
22:30:26.142 [main] DEBUG org.springframework.test.context.BootstrapUtils - Instantiating CacheAwareContextLoaderDelegate from class [org.springframework.test.context.cache.DefaultCacheAwareContextLoaderDelegate]
22:30:26.142 [main] DEBUG org.springframework.test.context.BootstrapUtils - Instantiating BootstrapContext using constructor [public org.springframework.test.context.support.DefaultBootstrapContext(java.lang.Class,org.springframework.test.context.CacheAwareContextLoaderDelegate)]
22:30:26.142 [main] DEBUG org.springframework.test.context.BootstrapUtils - Instantiating TestContextBootstrapper for test class [br.com.jordilucas.pontointeligente.api.repositories.LancamentoRepositoryTest] from class [org.springframework.boot.test.context.SpringBootTestContextBootstrapper]
22:30:26.143 [main] INFO org.springframework.boot.test.context.SpringBootTestContextBootstrapper - Neither @ContextConfiguration nor @ContextHierarchy found for test class [br.com.jordilucas.pontointeligente.api.repositories.LancamentoRepositoryTest], using SpringBootContextLoader
22:30:26.144 [main] DEBUG org.springframework.test.context.support.AbstractContextLoader - Did not detect default resource location for test class [br.com.jordilucas.pontointeligente.api.repositories.LancamentoRepositoryTest]: class path resource [br/com/jordilucas/pontointeligente/api/repositories/LancamentoRepositoryTest-context.xml] does not exist
22:30:26.144 [main] DEBUG org.springframework.test.context.support.AbstractContextLoader - Did not detect default resource location for test class [br.com.jordilucas.pontointeligente.api.repositories.LancamentoRepositoryTest]: class path resource [br/com/jordilucas/pontointeligente/api/repositories/LancamentoRepositoryTestContext.groovy] does not exist
22:30:26.144 [main] INFO org.springframework.test.context.support.AbstractContextLoader - Could not detect default resource locations for test class [br.com.jordilucas.pontointeligente.api.repositories.LancamentoRepositoryTest]: no resource found for suffixes {-context.xml, Context.groovy}.
22:30:26.144 [main] INFO org.springframework.test.context.support.AnnotationConfigContextLoaderUtils - Could not detect default configuration classes for test class [br.com.jordilucas.pontointeligente.api.repositories.LancamentoRepositoryTest]: LancamentoRepositoryTest does not declare any static, non-private, non-final, nested classes annotated with @Configuration.
22:30:26.156 [main] DEBUG org.springframework.core.env.StandardEnvironment - Adding PropertySource 'systemProperties' with lowest search precedence
22:30:26.156 [main] DEBUG org.springframework.core.env.StandardEnvironment - Adding PropertySource 'systemEnvironment' with lowest search precedence
22:30:26.157 [main] DEBUG org.springframework.core.env.StandardEnvironment - Initialized StandardEnvironment with PropertySources [MapPropertySource@492079624 {name='systemProperties', properties={java.runtime.name=OpenJDK Runtime Environment, sun.boot.library.path=/usr/lib/jvm/java-8-openjdk-amd64/jre/lib/amd64, java.vm.version=25.121-b13, java.vm.vendor=Oracle Corporation, java.vendor.url=http://java.oracle.com/, skip.gulp=true, path.separator=:, java.vm.name=OpenJDK 64-Bit Server VM, file.encoding.pkg=sun.io, findbugs.skip=true, sun.java.launcher=SUN_STANDARD, sun.os.patch.level=unknown, java.vm.specification.name=Java Virtual Machine Specification, user.dir=/root/workspace/jordilucas/ponto-inteligente-api/386851526, checkstyle.skip=true, java.runtime.version=1.8.0_121-8u121-b13-1~bpo8+1-b13, skip.npm=true, basedir=/root/workspace/jordilucas/ponto-inteligente-api/386851526, java.awt.graphicsenv=sun.awt.X11GraphicsEnvironment, java.endorsed.dirs=/usr/lib/jvm/java-8-openjdk-amd64/jre/lib/endorsed, os.arch=amd64, surefire.real.class.path=/root/workspace/jordilucas/ponto-inteligente-api/386851526/target/surefire/surefirebooter3283895179172420451.jar, gpg.skip=true, java.io.tmpdir=/tmp, line.separator=
, cobertura.skip=true, java.vm.specification.vendor=Oracle Corporation, os.name=Linux, sun.jnu.encoding=UTF-8, license.skip=true, java.library.path=/usr/java/packages/lib/amd64:/usr/lib/x86_64-linux-gnu/jni:/lib/x86_64-linux-gnu:/usr/lib/x86_64-linux-gnu:/usr/lib/jni:/lib:/usr/lib, surefire.test.class.path=/root/workspace/jordilucas/ponto-inteligente-api/386851526/target/test-classes:/root/workspace/jordilucas/ponto-inteligente-api/386851526/target/classes:/root/./workspace/jordilucas/ponto-inteligente-api/386851526/.m2/org/springframework/boot/spring-boot-starter/1.5.8.RELEASE/spring-boot-starter-1.5.8.RELEASE.jar:/root/./workspace/jordilucas/ponto-inteligente-api/386851526/.m2/org/springframework/boot/spring-boot/1.5.8.RELEASE/spring-boot-1.5.8.RELEASE.jar:/root/./workspace/jordilucas/ponto-inteligente-api/386851526/.m2/org/springframework/spring-context/4.3.12.RELEASE/spring-context-4.3.12.RELEASE.jar:/root/./workspace/jordilucas/ponto-inteligente-api/386851526/.m2/org/springframework/boot/spring-boot-autoconfigure/1.5.8.RELEASE/spring-boot-autoconfigure-1.5.8.RELEASE.jar:/root/./workspace/jordilucas/ponto-inteligente-api/386851526/.m2/org/springframework/boot/spring-boot-starter-logging/1.5.8.RELEASE/spring-boot-starter-logging-1.5.8.RELEASE.jar:/root/./workspace/jordilucas/ponto-inteligente-api/386851526/.m2/ch/qos/logback/logback-classic/1.1.11/logback-classic-1.1.11.jar:/root/./workspace/jordilucas/ponto-inteligente-api/386851526/.m2/ch/qos/logback/logback-core/1.1.11/logback-core-1.1.11.jar:/root/./workspace/jordilucas/ponto-inteligente-api/386851526/.m2/org/slf4j/jcl-over-slf4j/1.7.25/jcl-over-slf4j-1.7.25.jar:/root/./workspace/jordilucas/ponto-inteligente-api/386851526/.m2/org/slf4j/jul-to-slf4j/1.7.25/jul-to-slf4j-1.7.25.jar:/root/./workspace/jordilucas/ponto-inteligente-api/386851526/.m2/org/slf4j/log4j-over-slf4j/1.7.25/log4j-over-slf4j-1.7.25.jar:/root/./workspace/jordilucas/ponto-inteligente-api/386851526/.m2/org/springframework/spring-core/4.3.12.RELEASE/spring-core-4.3.12.RELEASE.jar:/root/./workspace/jordilucas/ponto-inteligente-api/386851526/.m2/org/yaml/snakeyaml/1.17/snakeyaml-1.17.jar:/root/./workspace/jordilucas/ponto-inteligente-api/386851526/.m2/org/springframework/boot/spring-boot-devtools/1.5.8.RELEASE/spring-boot-devtools-1.5.8.RELEASE.jar:/root/./workspace/jordilucas/ponto-inteligente-api/386851526/.m2/org/springframework/boot/spring-boot-starter-test/1.5.8.RELEASE/spring-boot-starter-test-1.5.8.RELEASE.jar:/root/./workspace/jordilucas/ponto-inteligente-api/386851526/.m2/org/springframework/boot/spring-boot-test/1.5.8.RELEASE/spring-boot-test-1.5.8.RELEASE.jar:/root/./workspace/jordilucas/ponto-inteligente-api/386851526/.m2/org/springframework/boot/spring-boot-test-autoconfigure/1.5.8.RELEASE/spring-boot-test-autoconfigure-1.5.8.RELEASE.jar:/root/./workspace/jordilucas/ponto-inteligente-api/386851526/.m2/com/jayway/jsonpath/json-path/2.2.0/json-path-2.2.0.jar:/root/./workspace/jordilucas/ponto-inteligente-api/386851526/.m2/net/minidev/json-smart/2.2.1/json-smart-2.2.1.jar:/root/./workspace/jordilucas/ponto-inteligente-api/386851526/.m2/net/minidev/accessors-smart/1.1/accessors-smart-1.1.jar:/root/./workspace/jordilucas/ponto-inteligente-api/386851526/.m2/org/ow2/asm/asm/5.0.3/asm-5.0.3.jar:/root/./workspace/jordilucas/ponto-inteligente-api/386851526/.m2/org/slf4j/slf4j-api/1.7.25/slf4j-api-1.7.25.jar:/root/./workspace/jordilucas/ponto-inteligente-api/386851526/.m2/junit/junit/4.12/junit-4.12.jar:/root/./workspace/jordilucas/ponto-inteligente-api/386851526/.m2/org/assertj/assertj-core/2.6.0/assertj-core-2.6.0.jar:/root/./workspace/jordilucas/ponto-inteligente-api/386851526/.m2/org/mockito/mockito-core/1.10.19/mockito-core-1.10.19.jar:/root/./workspace/jordilucas/ponto-inteligente-api/386851526/.m2/org/objenesis/objenesis/2.1/objenesis-2.1.jar:/root/./workspace/jordilucas/ponto-inteligente-api/386851526/.m2/org/hamcrest/hamcrest-core/1.3/hamcrest-core-1.3.jar:/root/./workspace/jordilucas/ponto-inteligente-api/386851526/.m2/org/hamcrest/hamcrest-library/1.3/hamcrest-library-1.3.jar:/root/./workspace/jordilucas/ponto-inteligente-api/386851526/.m2/org/skyscreamer/jsonassert/1.4.0/jsonassert-1.4.0.jar:/root/./workspace/jordilucas/ponto-inteligente-api/386851526/.m2/com/vaadin/external/google/android-json/0.0.20131108.vaadin1/android-json-0.0.20131108.vaadin1.jar:/root/./workspace/jordilucas/ponto-inteligente-api/386851526/.m2/org/springframework/spring-test/4.3.12.RELEASE/spring-test-4.3.12.RELEASE.jar:/root/./workspace/jordilucas/ponto-inteligente-api/386851526/.m2/org/springframework/boot/spring-boot-starter-data-jpa/1.5.8.RELEASE/spring-boot-starter-data-jpa-1.5.8.RELEASE.jar:/root/./workspace/jordilucas/ponto-inteligente-api/386851526/.m2/org/springframework/boot/spring-boot-starter-aop/1.5.8.RELEASE/spring-boot-starter-aop-1.5.8.RELEASE.jar:/root/./workspace/jordilucas/ponto-inteligente-api/386851526/.m2/org/aspectj/aspectjweaver/1.8.11/aspectjweaver-1.8.11.jar:/root/./workspace/jordilucas/ponto-inteligente-api/386851526/.m2/org/springframework/boot/spring-boot-starter-jdbc/1.5.8.RELEASE/spring-boot-starter-jdbc-1.5.8.RELEASE.jar:/root/./workspace/jordilucas/ponto-inteligente-api/386851526/.m2/org/apache/tomcat/tomcat-jdbc/8.5.23/tomcat-jdbc-8.5.23.jar:/root/./workspace/jordilucas/ponto-inteligente-api/386851526/.m2/org/apache/tomcat/tomcat-juli/8.5.23/tomcat-juli-8.5.23.jar:/root/./workspace/jordilucas/ponto-inteligente-api/386851526/.m2/org/springframework/spring-jdbc/4.3.12.RELEASE/spring-jdbc-4.3.12.RELEASE.jar:/root/./workspace/jordilucas/ponto-inteligente-api/386851526/.m2/org/hibernate/hibernate-core/5.0.12.Final/hibernate-core-5.0.12.Final.jar:/root/./workspace/jordilucas/ponto-inteligente-api/386851526/.m2/org/hibernate/javax/persistence/hibernate-jpa-2.1-api/1.0.0.Final/hibernate-jpa-2.1-api-1.0.0.Final.jar:/root/./workspace/jordilucas/ponto-inteligente-api/386851526/.m2/org/javassist/javassist/3.21.0-GA/javassist-3.21.0-GA.jar:/root/./workspace/jordilucas/ponto-inteligente-api/386851526/.m2/antlr/antlr/2.7.7/antlr-2.7.7.jar:/root/./workspace/jordilucas/ponto-inteligente-api/386851526/.m2/org/jboss/jandex/2.0.0.Final/jandex-2.0.0.Final.jar:/root/./workspace/jordilucas/ponto-inteligente-api/386851526/.m2/dom4j/dom4j/1.6.1/dom4j-1.6.1.jar:/root/./workspace/jordilucas/ponto-inteligente-api/386851526/.m2/org/hibernate/common/hibernate-commons-annotations/5.0.1.Final/hibernate-commons-annotations-5.0.1.Final.jar:/root/./workspace/jordilucas/ponto-inteligente-api/386851526/.m2/org/hibernate/hibernate-entitymanager/5.0.12.Final/hibernate-entitymanager-5.0.12.Final.jar:/root/./workspace/jordilucas/ponto-inteligente-api/386851526/.m2/javax/transaction/javax.transaction-api/1.2/javax.transaction-api-1.2.jar:/root/./workspace/jordilucas/ponto-inteligente-api/386851526/.m2/org/springframework/data/spring-data-jpa/1.11.8.RELEASE/spring-data-jpa-1.11.8.RELEASE.jar:/root/./workspace/jordilucas/ponto-inteligente-api/386851526/.m2/org/springframework/data/spring-data-commons/1.13.8.RELEASE/spring-data-commons-1.13.8.RELEASE.jar:/root/./workspace/jordilucas/ponto-inteligente-api/386851526/.m2/org/springframework/spring-orm/4.3.12.RELEASE/spring-orm-4.3.12.RELEASE.jar:/root/./workspace/jordilucas/ponto-inteligente-api/386851526/.m2/org/springframework/spring-tx/4.3.12.RELEASE/spring-tx-4.3.12.RELEASE.jar:/root/./workspace/jordilucas/ponto-inteligente-api/386851526/.m2/org/springframework/spring-beans/4.3.12.RELEASE/spring-beans-4.3.12.RELEASE.jar:/root/./workspace/jordilucas/ponto-inteligente-api/386851526/.m2/org/springframework/spring-aspects/4.3.12.RELEASE/spring-aspects-4.3.12.RELEASE.jar:/root/./workspace/jordilucas/ponto-inteligente-api/386851526/.m2/mysql/mysql-connector-java/5.1.44/mysql-connector-java-5.1.44.jar:/root/./workspace/jordilucas/ponto-inteligente-api/386851526/.m2/com/h2database/h2/1.4.196/h2-1.4.196.jar:/root/./workspace/jordilucas/ponto-inteligente-api/386851526/.m2/org/jboss/logging/jboss-logging/3.3.1.Final/jboss-logging-3.3.1.Final.jar:/root/./workspace/jordilucas/ponto-inteligente-api/386851526/.m2/org/springframework/boot/spring-boot-starter-security/1.5.8.RELEASE/spring-boot-starter-security-1.5.8.RELEASE.jar:/root/./workspace/jordilucas/ponto-inteligente-api/386851526/.m2/org/springframework/spring-aop/4.3.12.RELEASE/spring-aop-4.3.12.RELEASE.jar:/root/./workspace/jordilucas/ponto-inteligente-api/386851526/.m2/org/springframework/security/spring-security-config/4.2.3.RELEASE/spring-security-config-4.2.3.RELEASE.jar:/root/./workspace/jordilucas/ponto-inteligente-api/386851526/.m2/org/springframework/security/spring-security-web/4.2.3.RELEASE/spring-security-web-4.2.3.RELEASE.jar:/root/./workspace/jordilucas/ponto-inteligente-api/386851526/.m2/org/springframework/spring-expression/4.3.12.RELEASE/spring-expression-4.3.12.RELEASE.jar:/root/./workspace/jordilucas/ponto-inteligente-api/386851526/.m2/org/springframework/security/spring-security-test/4.2.3.RELEASE/spring-security-test-4.2.3.RELEASE.jar:/root/./workspace/jordilucas/ponto-inteligente-api/386851526/.m2/org/springframework/security/spring-security-core/4.2.3.RELEASE/spring-security-core-4.2.3.RELEASE.jar:/root/./workspace/jordilucas/ponto-inteligente-api/386851526/.m2/aopalliance/aopalliance/1.0/aopalliance-1.0.jar:/root/./workspace/jordilucas/ponto-inteligente-api/386851526/.m2/org/springframework/boot/spring-boot-starter-web/1.5.8.RELEASE/spring-boot-starter-web-1.5.8.RELEASE.jar:/root/./workspace/jordilucas/ponto-inteligente-api/386851526/.m2/org/springframework/boot/spring-boot-starter-tomcat/1.5.8.RELEASE/spring-boot-starter-tomcat-1.5.8.RELEASE.jar:/root/./workspace/jordilucas/ponto-inteligente-api/386851526/.m2/org/apache/tomcat/embed/tomcat-embed-core/8.5.23/tomcat-embed-core-8.5.23.jar:/root/./workspace/jordilucas/ponto-inteligente-api/386851526/.m2/org/apache/tomcat/tomcat-annotations-api/8.5.23/tomcat-annotations-api-8.5.23.jar:/root/./workspace/jordilucas/ponto-inteligente-api/386851526/.m2/org/apache/tomcat/embed/tomcat-embed-websocket/8.5.23/tomcat-embed-websocket-8.5.23.jar:/root/./workspace/jordilucas/ponto-inteligente-api/386851526/.m2/org/hibernate/hibernate-validator/5.3.5.Final/hibernate-validator-5.3.5.Final.jar:/root/./workspace/jordilucas/ponto-inteligente-api/386851526/.m2/javax/validation/validation-api/1.1.0.Final/validation-api-1.1.0.Final.jar:/root/./workspace/jordilucas/ponto-inteligente-api/386851526/.m2/com/fasterxml/classmate/1.3.4/classmate-1.3.4.jar:/root/./workspace/jordilucas/ponto-inteligente-api/386851526/.m2/com/fasterxml/jackson/core/jackson-databind/2.8.10/jackson-databind-2.8.10.jar:/root/./workspace/jordilucas/ponto-inteligente-api/386851526/.m2/com/fasterxml/jackson/core/jackson-annotations/2.8.0/jackson-annotations-2.8.0.jar:/root/./workspace/jordilucas/ponto-inteligente-api/386851526/.m2/org/springframework/spring-web/4.3.12.RELEASE/spring-web-4.3.12.RELEASE.jar:/root/./workspace/jordilucas/ponto-inteligente-api/386851526/.m2/org/springframework/spring-webmvc/4.3.12.RELEASE/spring-webmvc-4.3.12.RELEASE.jar:/root/./workspace/jordilucas/ponto-inteligente-api/386851526/.m2/org/springframework/boot/spring-boot-starter-validation/1.5.8.RELEASE/spring-boot-starter-validation-1.5.8.RELEASE.jar:/root/./workspace/jordilucas/ponto-inteligente-api/386851526/.m2/org/apache/tomcat/embed/tomcat-embed-el/8.5.23/tomcat-embed-el-8.5.23.jar:/root/./workspace/jordilucas/ponto-inteligente-api/386851526/.m2/com/fasterxml/jackson/datatype/jackson-datatype-jdk8/2.8.10/jackson-datatype-jdk8-2.8.10.jar:/root/./workspace/jordilucas/ponto-inteligente-api/386851526/.m2/com/fasterxml/jackson/core/jackson-core/2.8.10/jackson-core-2.8.10.jar:/root/./workspace/jordilucas/ponto-inteligente-api/386851526/.m2/org/apache/commons/commons-lang3/3.6/commons-lang3-3.6.jar:, java.specification.name=Java Platform API Specification, java.class.version=52.0, skip.bower=true, sun.management.compiler=HotSpot 64-Bit Tiered Compilers, maven.repo.local=/root/./workspace/jordilucas/ponto-inteligente-api/386851526/.m2, os.version=3.10.0-862.3.2.el7.x86_64, user.home=/root, user.timezone=Europe/Paris, java.awt.printerjob=sun.print.PSPrinterJob, file.encoding=UTF-8, java.specification.version=1.8, java.class.path=/root/workspace/jordilucas/ponto-inteligente-api/386851526/target/test-classes:/root/workspace/jordilucas/ponto-inteligente-api/386851526/target/classes:/root/./workspace/jordilucas/ponto-inteligente-api/386851526/.m2/org/springframework/boot/spring-boot-starter/1.5.8.RELEASE/spring-boot-starter-1.5.8.RELEASE.jar:/root/./workspace/jordilucas/ponto-inteligente-api/386851526/.m2/org/springframework/boot/spring-boot/1.5.8.RELEASE/spring-boot-1.5.8.RELEASE.jar:/root/./workspace/jordilucas/ponto-inteligente-api/386851526/.m2/org/springframework/spring-context/4.3.12.RELEASE/spring-context-4.3.12.RELEASE.jar:/root/./workspace/jordilucas/ponto-inteligente-api/386851526/.m2/org/springframework/boot/spring-boot-autoconfigure/1.5.8.RELEASE/spring-boot-autoconfigure-1.5.8.RELEASE.jar:/root/./workspace/jordilucas/ponto-inteligente-api/386851526/.m2/org/springframework/boot/spring-boot-starter-logging/1.5.8.RELEASE/spring-boot-starter-logging-1.5.8.RELEASE.jar:/root/./workspace/jordilucas/ponto-inteligente-api/386851526/.m2/ch/qos/logback/logback-classic/1.1.11/logback-classic-1.1.11.jar:/root/./workspace/jordilucas/ponto-inteligente-api/386851526/.m2/ch/qos/logback/logback-core/1.1.11/logback-core-1.1.11.jar:/root/./workspace/jordilucas/ponto-inteligente-api/386851526/.m2/org/slf4j/jcl-over-slf4j/1.7.25/jcl-over-slf4j-1.7.25.jar:/root/./workspace/jordilucas/ponto-inteligente-api/386851526/.m2/org/slf4j/jul-to-slf4j/1.7.25/jul-to-slf4j-1.7.25.jar:/root/./workspace/jordilucas/ponto-inteligente-api/386851526/.m2/org/slf4j/log4j-over-slf4j/1.7.25/log4j-over-slf4j-1.7.25.jar:/root/./workspace/jordilucas/ponto-inteligente-api/386851526/.m2/org/springframework/spring-core/4.3.12.RELEASE/spring-core-4.3.12.RELEASE.jar:/root/./workspace/jordilucas/ponto-inteligente-api/386851526/.m2/org/yaml/snakeyaml/1.17/snakeyaml-1.17.jar:/root/./workspace/jordilucas/ponto-inteligente-api/386851526/.m2/org/springframework/boot/spring-boot-devtools/1.5.8.RELEASE/spring-boot-devtools-1.5.8.RELEASE.jar:/root/./workspace/jordilucas/ponto-inteligente-api/386851526/.m2/org/springframework/boot/spring-boot-starter-test/1.5.8.RELEASE/spring-boot-starter-test-1.5.8.RELEASE.jar:/root/./workspace/jordilucas/ponto-inteligente-api/386851526/.m2/org/springframework/boot/spring-boot-test/1.5.8.RELEASE/spring-boot-test-1.5.8.RELEASE.jar:/root/./workspace/jordilucas/ponto-inteligente-api/386851526/.m2/org/springframework/boot/spring-boot-test-autoconfigure/1.5.8.RELEASE/spring-boot-test-autoconfigure-1.5.8.RELEASE.jar:/root/./workspace/jordilucas/ponto-inteligente-api/386851526/.m2/com/jayway/jsonpath/json-path/2.2.0/json-path-2.2.0.jar:/root/./workspace/jordilucas/ponto-inteligente-api/386851526/.m2/net/minidev/json-smart/2.2.1/json-smart-2.2.1.jar:/root/./workspace/jordilucas/ponto-inteligente-api/386851526/.m2/net/minidev/accessors-smart/1.1/accessors-smart-1.1.jar:/root/./workspace/jordilucas/ponto-inteligente-api/386851526/.m2/org/ow2/asm/asm/5.0.3/asm-5.0.3.jar:/root/./workspace/jordilucas/ponto-inteligente-api/386851526/.m2/org/slf4j/slf4j-api/1.7.25/slf4j-api-1.7.25.jar:/root/./workspace/jordilucas/ponto-inteligente-api/386851526/.m2/junit/junit/4.12/junit-4.12.jar:/root/./workspace/jordilucas/ponto-inteligente-api/386851526/.m2/org/assertj/assertj-core/2.6.0/assertj-core-2.6.0.jar:/root/./workspace/jordilucas/ponto-inteligente-api/386851526/.m2/org/mockito/mockito-core/1.10.19/mockito-core-1.10.19.jar:/root/./workspace/jordilucas/ponto-inteligente-api/386851526/.m2/org/objenesis/objenesis/2.1/objenesis-2.1.jar:/root/./workspace/jordilucas/ponto-inteligente-api/386851526/.m2/org/hamcrest/hamcrest-core/1.3/hamcrest-core-1.3.jar:/root/./workspace/jordilucas/ponto-inteligente-api/386851526/.m2/org/hamcrest/hamcrest-library/1.3/hamcrest-library-1.3.jar:/root/./workspace/jordilucas/ponto-inteligente-api/386851526/.m2/org/skyscreamer/jsonassert/1.4.0/jsonassert-1.4.0.jar:/root/./workspace/jordilucas/ponto-inteligente-api/386851526/.m2/com/vaadin/external/google/android-json/0.0.20131108.vaadin1/android-json-0.0.20131108.vaadin1.jar:/root/./workspace/jordilucas/ponto-inteligente-api/386851526/.m2/org/springframework/spring-test/4.3.12.RELEASE/spring-test-4.3.12.RELEASE.jar:/root/./workspace/jordilucas/ponto-inteligente-api/386851526/.m2/org/springframework/boot/spring-boot-starter-data-jpa/1.5.8.RELEASE/spring-boot-starter-data-jpa-1.5.8.RELEASE.jar:/root/./workspace/jordilucas/ponto-inteligente-api/386851526/.m2/org/springframework/boot/spring-boot-starter-aop/1.5.8.RELEASE/spring-boot-starter-aop-1.5.8.RELEASE.jar:/root/./workspace/jordilucas/ponto-inteligente-api/386851526/.m2/org/aspectj/aspectjweaver/1.8.11/aspectjweaver-1.8.11.jar:/root/./workspace/jordilucas/ponto-inteligente-api/386851526/.m2/org/springframework/boot/spring-boot-starter-jdbc/1.5.8.RELEASE/spring-boot-starter-jdbc-1.5.8.RELEASE.jar:/root/./workspace/jordilucas/ponto-inteligente-api/386851526/.m2/org/apache/tomcat/tomcat-jdbc/8.5.23/tomcat-jdbc-8.5.23.jar:/root/./workspace/jordilucas/ponto-inteligente-api/386851526/.m2/org/apache/tomcat/tomcat-juli/8.5.23/tomcat-juli-8.5.23.jar:/root/./workspace/jordilucas/ponto-inteligente-api/386851526/.m2/org/springframework/spring-jdbc/4.3.12.RELEASE/spring-jdbc-4.3.12.RELEASE.jar:/root/./workspace/jordilucas/ponto-inteligente-api/386851526/.m2/org/hibernate/hibernate-core/5.0.12.Final/hibernate-core-5.0.12.Final.jar:/root/./workspace/jordilucas/ponto-inteligente-api/386851526/.m2/org/hibernate/javax/persistence/hibernate-jpa-2.1-api/1.0.0.Final/hibernate-jpa-2.1-api-1.0.0.Final.jar:/root/./workspace/jordilucas/ponto-inteligente-api/386851526/.m2/org/javassist/javassist/3.21.0-GA/javassist-3.21.0-GA.jar:/root/./workspace/jordilucas/ponto-inteligente-api/386851526/.m2/antlr/antlr/2.7.7/antlr-2.7.7.jar:/root/./workspace/jordilucas/ponto-inteligente-api/386851526/.m2/org/jboss/jandex/2.0.0.Final/jandex-2.0.0.Final.jar:/root/./workspace/jordilucas/ponto-inteligente-api/386851526/.m2/dom4j/dom4j/1.6.1/dom4j-1.6.1.jar:/root/./workspace/jordilucas/ponto-inteligente-api/386851526/.m2/org/hibernate/common/hibernate-commons-annotations/5.0.1.Final/hibernate-commons-annotations-5.0.1.Final.jar:/root/./workspace/jordilucas/ponto-inteligente-api/386851526/.m2/org/hibernate/hibernate-entitymanager/5.0.12.Final/hibernate-entitymanager-5.0.12.Final.jar:/root/./workspace/jordilucas/ponto-inteligente-api/386851526/.m2/javax/transaction/javax.transaction-api/1.2/javax.transaction-api-1.2.jar:/root/./workspace/jordilucas/ponto-inteligente-api/386851526/.m2/org/springframework/data/spring-data-jpa/1.11.8.RELEASE/spring-data-jpa-1.11.8.RELEASE.jar:/root/./workspace/jordilucas/ponto-inteligente-api/386851526/.m2/org/springframework/data/spring-data-commons/1.13.8.RELEASE/spring-data-commons-1.13.8.RELEASE.jar:/root/./workspace/jordilucas/ponto-inteligente-api/386851526/.m2/org/springframework/spring-orm/4.3.12.RELEASE/spring-orm-4.3.12.RELEASE.jar:/root/./workspace/jordilucas/ponto-inteligente-api/386851526/.m2/org/springframework/spring-tx/4.3.12.RELEASE/spring-tx-4.3.12.RELEASE.jar:/root/./workspace/jordilucas/ponto-inteligente-api/386851526/.m2/org/springframework/spring-beans/4.3.12.RELEASE/spring-beans-4.3.12.RELEASE.jar:/root/./workspace/jordilucas/ponto-inteligente-api/386851526/.m2/org/springframework/spring-aspects/4.3.12.RELEASE/spring-aspects-4.3.12.RELEASE.jar:/root/./workspace/jordilucas/ponto-inteligente-api/386851526/.m2/mysql/mysql-connector-java/5.1.44/mysql-connector-java-5.1.44.jar:/root/./workspace/jordilucas/ponto-inteligente-api/386851526/.m2/com/h2database/h2/1.4.196/h2-1.4.196.jar:/root/./workspace/jordilucas/ponto-inteligente-api/386851526/.m2/org/jboss/logging/jboss-logging/3.3.1.Final/jboss-logging-3.3.1.Final.jar:/root/./workspace/jordilucas/ponto-inteligente-api/386851526/.m2/org/springframework/boot/spring-boot-starter-security/1.5.8.RELEASE/spring-boot-starter-security-1.5.8.RELEASE.jar:/root/./workspace/jordilucas/ponto-inteligente-api/386851526/.m2/org/springframework/spring-aop/4.3.12.RELEASE/spring-aop-4.3.12.RELEASE.jar:/root/./workspace/jordilucas/ponto-inteligente-api/386851526/.m2/org/springframework/security/spring-security-config/4.2.3.RELEASE/spring-security-config-4.2.3.RELEASE.jar:/root/./workspace/jordilucas/ponto-inteligente-api/386851526/.m2/org/springframework/security/spring-security-web/4.2.3.RELEASE/spring-security-web-4.2.3.RELEASE.jar:/root/./workspace/jordilucas/ponto-inteligente-api/386851526/.m2/org/springframework/spring-expression/4.3.12.RELEASE/spring-expression-4.3.12.RELEASE.jar:/root/./workspace/jordilucas/ponto-inteligente-api/386851526/.m2/org/springframework/security/spring-security-test/4.2.3.RELEASE/spring-security-test-4.2.3.RELEASE.jar:/root/./workspace/jordilucas/ponto-inteligente-api/386851526/.m2/org/springframework/security/spring-security-core/4.2.3.RELEASE/spring-security-core-4.2.3.RELEASE.jar:/root/./workspace/jordilucas/ponto-inteligente-api/386851526/.m2/aopalliance/aopalliance/1.0/aopalliance-1.0.jar:/root/./workspace/jordilucas/ponto-inteligente-api/386851526/.m2/org/springframework/boot/spring-boot-starter-web/1.5.8.RELEASE/spring-boot-starter-web-1.5.8.RELEASE.jar:/root/./workspace/jordilucas/ponto-inteligente-api/386851526/.m2/org/springframework/boot/spring-boot-starter-tomcat/1.5.8.RELEASE/spring-boot-starter-tomcat-1.5.8.RELEASE.jar:/root/./workspace/jordilucas/ponto-inteligente-api/386851526/.m2/org/apache/tomcat/embed/tomcat-embed-core/8.5.23/tomcat-embed-core-8.5.23.jar:/root/./workspace/jordilucas/ponto-inteligente-api/386851526/.m2/org/apache/tomcat/tomcat-annotations-api/8.5.23/tomcat-annotations-api-8.5.23.jar:/root/./workspace/jordilucas/ponto-inteligente-api/386851526/.m2/org/apache/tomcat/embed/tomcat-embed-websocket/8.5.23/tomcat-embed-websocket-8.5.23.jar:/root/./workspace/jordilucas/ponto-inteligente-api/386851526/.m2/org/hibernate/hibernate-validator/5.3.5.Final/hibernate-validator-5.3.5.Final.jar:/root/./workspace/jordilucas/ponto-inteligente-api/386851526/.m2/javax/validation/validation-api/1.1.0.Final/validation-api-1.1.0.Final.jar:/root/./workspace/jordilucas/ponto-inteligente-api/386851526/.m2/com/fasterxml/classmate/1.3.4/classmate-1.3.4.jar:/root/./workspace/jordilucas/ponto-inteligente-api/386851526/.m2/com/fasterxml/jackson/core/jackson-databind/2.8.10/jackson-databind-2.8.10.jar:/root/./workspace/jordilucas/ponto-inteligente-api/386851526/.m2/com/fasterxml/jackson/core/jackson-annotations/2.8.0/jackson-annotations-2.8.0.jar:/root/./workspace/jordilucas/ponto-inteligente-api/386851526/.m2/org/springframework/spring-web/4.3.12.RELEASE/spring-web-4.3.12.RELEASE.jar:/root/./workspace/jordilucas/ponto-inteligente-api/386851526/.m2/org/springframework/spring-webmvc/4.3.12.RELEASE/spring-webmvc-4.3.12.RELEASE.jar:/root/./workspace/jordilucas/ponto-inteligente-api/386851526/.m2/org/springframework/boot/spring-boot-starter-validation/1.5.8.RELEASE/spring-boot-starter-validation-1.5.8.RELEASE.jar:/root/./workspace/jordilucas/ponto-inteligente-api/386851526/.m2/org/apache/tomcat/embed/tomcat-embed-el/8.5.23/tomcat-embed-el-8.5.23.jar:/root/./workspace/jordilucas/ponto-inteligente-api/386851526/.m2/com/fasterxml/jackson/datatype/jackson-datatype-jdk8/2.8.10/jackson-datatype-jdk8-2.8.10.jar:/root/./workspace/jordilucas/ponto-inteligente-api/386851526/.m2/com/fasterxml/jackson/core/jackson-core/2.8.10/jackson-core-2.8.10.jar:/root/./workspace/jordilucas/ponto-inteligente-api/386851526/.m2/org/apache/commons/commons-lang3/3.6/commons-lang3-3.6.jar:, user.name=root, skipITs=true, java.vm.specification.version=1.8, sun.java.command=/root/workspace/jordilucas/ponto-inteligente-api/386851526/target/surefire/surefirebooter3283895179172420451.jar /root/workspace/jordilucas/ponto-inteligente-api/386851526/target/surefire/surefire4784252510475456301tmp /root/workspace/jordilucas/ponto-inteligente-api/386851526/target/surefire/surefire_07033769689870660414tmp, java.home=/usr/lib/jvm/java-8-openjdk-amd64/jre, sun.arch.data.model=64, user.language=en, java.specification.vendor=Oracle Corporation, dependency-check.skip=true, awt.toolkit=sun.awt.X11.XToolkit, java.vm.info=mixed mode, java.version=1.8.0_121, java.ext.dirs=/usr/lib/jvm/java-8-openjdk-amd64/jre/lib/ext:/usr/java/packages/lib/ext, sun.boot.class.path=/usr/lib/jvm/java-8-openjdk-amd64/jre/lib/resources.jar:/usr/lib/jvm/java-8-openjdk-amd64/jre/lib/rt.jar:/usr/lib/jvm/java-8-openjdk-amd64/jre/lib/sunrsasign.jar:/usr/lib/jvm/java-8-openjdk-amd64/jre/lib/jsse.jar:/usr/lib/jvm/java-8-openjdk-amd64/jre/lib/jce.jar:/usr/lib/jvm/java-8-openjdk-amd64/jre/lib/charsets.jar:/usr/lib/jvm/java-8-openjdk-amd64/jre/lib/jfr.jar:/usr/lib/jvm/java-8-openjdk-amd64/jre/classes, rat.skip=true, enforcer.skip=true, java.vendor=Oracle Corporation, localRepository=/root/./workspace/jordilucas/ponto-inteligente-api/386851526/.m2, file.separator=/, java.vendor.url.bug=http://bugreport.sun.com/bugreport/, sun.io.unicode.encoding=UnicodeLittle, sun.cpu.endian=little, sun.cpu.isalist=}}, SystemEnvironmentPropertySource@380242442 {name='systemEnvironment', properties={PATH=/usr/local/sbin:/usr/local/bin:/usr/sbin:/usr/bin:/sbin:/bin, JAVA_HOME=/usr/lib/jvm/java-8-openjdk-amd64, NOTIFY_TO=, CA_CERTIFICATES_JAVA_VERSION=20161107~bpo8+1, MONGODB_HOST=, BUILD_ID=, LANG=C.UTF-8, MAVEN_HOME=/usr/share/maven, SMTP_SERVER=, MONGODB_NAME=, REPAIR_MODE=repair, PWD=/root/workspace/jordilucas/ponto-inteligente-api/386851526, JAVA_VERSION=8u121, GITHUB_OAUTH=, MAVEN_CMD_LINE_ARGS=/root/.m2 -B -D enforcer.skip=true -D dependency-check.skip=true -D skipITs=true -D cobertura.skip=true -D maven.repo.local=/root/./workspace/jordilucas/ponto-inteligente-api/386851526/.m2 -D rat.skip=true -D findbugs.skip=true -D skip.bower=true -D gpg.skip=true -D checkstyle.skip=true -D skip.gulp=true -D license.skip=true -D skip.npm=true test, _=/usr/bin/java, OUTPUT=, MAVEN_TERMINATE_CMD=on, MAVEN_CONFIG=/root/.m2, MAVEN_PROJECTBASEDIR=/root/workspace/jordilucas/ponto-inteligente-api/386851526, OLDPWD=/root/workspace/jordilucas/ponto-inteligente-api/386851526, LOG_FILENAME=repairnator-pipeline_2018-06-01_2229_386851526_5a77b685-d098-401d-b168-01e076b51223, RUN_ID=, HOSTNAME=cyclone1, JAVA_DEBIAN_VERSION=8u121-b13-1~bpo8+1, M2_HOME=/usr/share/maven, REPAIR_TOOLS=AssertFixer, HOME=/root, SHLVL=1, PUSH_URL=}}]
22:30:26.160 [main] INFO org.springframework.boot.test.context.SpringBootTestContextBootstrapper - Found @SpringBootConfiguration br.com.jordilucas.pontointeligente.api.PontoInteligenteApplication for test class br.com.jordilucas.pontointeligente.api.repositories.LancamentoRepositoryTest
22:30:26.164 [main] DEBUG org.springframework.boot.test.context.SpringBootTestContextBootstrapper - @TestExecutionListeners is not present for class [br.com.jordilucas.pontointeligente.api.repositories.LancamentoRepositoryTest]: using defaults.
22:30:26.169 [main] INFO org.springframework.boot.test.context.SpringBootTestContextBootstrapper - Loaded default TestExecutionListener class names from location [META-INF/spring.factories]: [org.springframework.boot.test.mock.mockito.MockitoTestExecutionListener, org.springframework.boot.test.mock.mockito.ResetMocksTestExecutionListener, org.springframework.boot.test.autoconfigure.restdocs.RestDocsTestExecutionListener, org.springframework.boot.test.autoconfigure.web.client.MockRestServiceServerResetTestExecutionListener, org.springframework.boot.test.autoconfigure.web.servlet.MockMvcPrintOnlyOnFailureTestExecutionListener, org.springframework.boot.test.autoconfigure.web.servlet.WebDriverTestExecutionListener, org.springframework.test.context.web.ServletTestExecutionListener, org.springframework.test.context.support.DirtiesContextBeforeModesTestExecutionListener, org.springframework.test.context.support.DependencyInjectionTestExecutionListener, org.springframework.test.context.support.DirtiesContextTestExecutionListener, org.springframework.test.context.transaction.TransactionalTestExecutionListener, org.springframework.test.context.jdbc.SqlScriptsTestExecutionListener, org.springframework.security.test.context.support.WithSecurityContextTestExecutionListener]
22:30:26.174 [main] INFO org.springframework.boot.test.context.SpringBootTestContextBootstrapper - Using TestExecutionListeners: [org.springframework.test.context.web.ServletTestExecutionListener@69930714, org.springframework.test.context.support.DirtiesContextBeforeModesTestExecutionListener@7a52f2a2, org.springframework.boot.test.autoconfigure.SpringBootDependencyInjectionTestExecutionListener@78047b92, org.springframework.test.context.support.DirtiesContextTestExecutionListener@8909f18, org.springframework.test.context.transaction.TransactionalTestExecutionListener@79ca92b9, org.springframework.test.context.jdbc.SqlScriptsTestExecutionListener@1460a8c0, org.springframework.security.test.context.support.WithSecurityContextTestExecutionListener@4f638935, org.springframework.boot.test.autoconfigure.web.servlet.MockMvcPrintOnlyOnFailureTestExecutionListener@4387b79e, org.springframework.boot.test.mock.mockito.MockitoTestExecutionListener@6e75aa0d, org.springframework.boot.test.autoconfigure.web.client.MockRestServiceServerResetTestExecutionListener@7fc229ab, org.springframework.boot.test.autoconfigure.restdocs.RestDocsTestExecutionListener@2cbb3d47, org.springframework.boot.test.autoconfigure.web.servlet.WebDriverTestExecutionListener@527e5409, org.springframework.boot.test.mock.mockito.ResetMocksTestExecutionListener@1198b989]
22:30:26.176 [main] DEBUG org.springframework.test.context.junit4.SpringJUnit4ClassRunner - SpringJUnit4ClassRunner constructor called with [class br.com.jordilucas.pontointeligente.api.repositories.FuncionarioRepositoryTest]
22:30:26.177 [main] DEBUG org.springframework.test.context.BootstrapUtils - Instantiating CacheAwareContextLoaderDelegate from class [org.springframework.test.context.cache.DefaultCacheAwareContextLoaderDelegate]
22:30:26.177 [main] DEBUG org.springframework.test.context.BootstrapUtils - Instantiating BootstrapContext using constructor [public org.springframework.test.context.support.DefaultBootstrapContext(java.lang.Class,org.springframework.test.context.CacheAwareContextLoaderDelegate)]
22:30:26.178 [main] DEBUG org.springframework.test.context.BootstrapUtils - Instantiating TestContextBootstrapper for test class [br.com.jordilucas.pontointeligente.api.repositories.FuncionarioRepositoryTest] from class [org.springframework.boot.test.context.SpringBootTestContextBootstrapper]
22:30:26.179 [main] INFO org.springframework.boot.test.context.SpringBootTestContextBootstrapper - Neither @ContextConfiguration nor @ContextHierarchy found for test class [br.com.jordilucas.pontointeligente.api.repositories.FuncionarioRepositoryTest], using SpringBootContextLoader
22:30:26.180 [main] DEBUG org.springframework.test.context.support.AbstractContextLoader - Did not detect default resource location for test class [br.com.jordilucas.pontointeligente.api.repositories.FuncionarioRepositoryTest]: class path resource [br/com/jordilucas/pontointeligente/api/repositories/FuncionarioRepositoryTest-context.xml] does not exist
22:30:26.180 [main] DEBUG org.springframework.test.context.support.AbstractContextLoader - Did not detect default resource location for test class [br.com.jordilucas.pontointeligente.api.repositories.FuncionarioRepositoryTest]: class path resource [br/com/jordilucas/pontointeligente/api/repositories/FuncionarioRepositoryTestContext.groovy] does not exist
22:30:26.180 [main] INFO org.springframework.test.context.support.AbstractContextLoader - Could not detect default resource locations for test class [br.com.jordilucas.pontointeligente.api.repositories.FuncionarioRepositoryTest]: no resource found for suffixes {-context.xml, Context.groovy}.
22:30:26.181 [main] INFO org.springframework.test.context.support.AnnotationConfigContextLoaderUtils - Could not detect default configuration classes for test class [br.com.jordilucas.pontointeligente.api.repositories.FuncionarioRepositoryTest]: FuncionarioRepositoryTest does not declare any static, non-private, non-final, nested classes annotated with @Configuration.
22:30:26.190 [main] DEBUG org.springframework.core.env.StandardEnvironment - Adding PropertySource 'systemProperties' with lowest search precedence
22:30:26.190 [main] DEBUG org.springframework.core.env.StandardEnvironment - Adding PropertySource 'systemEnvironment' with lowest search precedence
22:30:26.191 [main] DEBUG org.springframework.core.env.StandardEnvironment - Initialized StandardEnvironment with PropertySources [MapPropertySource@487075464 {name='systemProperties', properties={java.runtime.name=OpenJDK Runtime Environment, sun.boot.library.path=/usr/lib/jvm/java-8-openjdk-amd64/jre/lib/amd64, java.vm.version=25.121-b13, java.vm.vendor=Oracle Corporation, java.vendor.url=http://java.oracle.com/, skip.gulp=true, path.separator=:, java.vm.name=OpenJDK 64-Bit Server VM, file.encoding.pkg=sun.io, findbugs.skip=true, sun.java.launcher=SUN_STANDARD, sun.os.patch.level=unknown, java.vm.specification.name=Java Virtual Machine Specification, user.dir=/root/workspace/jordilucas/ponto-inteligente-api/386851526, checkstyle.skip=true, java.runtime.version=1.8.0_121-8u121-b13-1~bpo8+1-b13, skip.npm=true, basedir=/root/workspace/jordilucas/ponto-inteligente-api/386851526, java.awt.graphicsenv=sun.awt.X11GraphicsEnvironment, java.endorsed.dirs=/usr/lib/jvm/java-8-openjdk-amd64/jre/lib/endorsed, os.arch=amd64, surefire.real.class.path=/root/workspace/jordilucas/ponto-inteligente-api/386851526/target/surefire/surefirebooter3283895179172420451.jar, gpg.skip=true, java.io.tmpdir=/tmp, line.separator=
, cobertura.skip=true, java.vm.specification.vendor=Oracle Corporation, os.name=Linux, sun.jnu.encoding=UTF-8, license.skip=true, java.library.path=/usr/java/packages/lib/amd64:/usr/lib/x86_64-linux-gnu/jni:/lib/x86_64-linux-gnu:/usr/lib/x86_64-linux-gnu:/usr/lib/jni:/lib:/usr/lib, surefire.test.class.path=/root/workspace/jordilucas/ponto-inteligente-api/386851526/target/test-classes:/root/workspace/jordilucas/ponto-inteligente-api/386851526/target/classes:/root/./workspace/jordilucas/ponto-inteligente-api/386851526/.m2/org/springframework/boot/spring-boot-starter/1.5.8.RELEASE/spring-boot-starter-1.5.8.RELEASE.jar:/root/./workspace/jordilucas/ponto-inteligente-api/386851526/.m2/org/springframework/boot/spring-boot/1.5.8.RELEASE/spring-boot-1.5.8.RELEASE.jar:/root/./workspace/jordilucas/ponto-inteligente-api/386851526/.m2/org/springframework/spring-context/4.3.12.RELEASE/spring-context-4.3.12.RELEASE.jar:/root/./workspace/jordilucas/ponto-inteligente-api/386851526/.m2/org/springframework/boot/spring-boot-autoconfigure/1.5.8.RELEASE/spring-boot-autoconfigure-1.5.8.RELEASE.jar:/root/./workspace/jordilucas/ponto-inteligente-api/386851526/.m2/org/springframework/boot/spring-boot-starter-logging/1.5.8.RELEASE/spring-boot-starter-logging-1.5.8.RELEASE.jar:/root/./workspace/jordilucas/ponto-inteligente-api/386851526/.m2/ch/qos/logback/logback-classic/1.1.11/logback-classic-1.1.11.jar:/root/./workspace/jordilucas/ponto-inteligente-api/386851526/.m2/ch/qos/logback/logback-core/1.1.11/logback-core-1.1.11.jar:/root/./workspace/jordilucas/ponto-inteligente-api/386851526/.m2/org/slf4j/jcl-over-slf4j/1.7.25/jcl-over-slf4j-1.7.25.jar:/root/./workspace/jordilucas/ponto-inteligente-api/386851526/.m2/org/slf4j/jul-to-slf4j/1.7.25/jul-to-slf4j-1.7.25.jar:/root/./workspace/jordilucas/ponto-inteligente-api/386851526/.m2/org/slf4j/log4j-over-slf4j/1.7.25/log4j-over-slf4j-1.7.25.jar:/root/./workspace/jordilucas/ponto-inteligente-api/386851526/.m2/org/springframework/spring-core/4.3.12.RELEASE/spring-core-4.3.12.RELEASE.jar:/root/./workspace/jordilucas/ponto-inteligente-api/386851526/.m2/org/yaml/snakeyaml/1.17/snakeyaml-1.17.jar:/root/./workspace/jordilucas/ponto-inteligente-api/386851526/.m2/org/springframework/boot/spring-boot-devtools/1.5.8.RELEASE/spring-boot-devtools-1.5.8.RELEASE.jar:/root/./workspace/jordilucas/ponto-inteligente-api/386851526/.m2/org/springframework/boot/spring-boot-starter-test/1.5.8.RELEASE/spring-boot-starter-test-1.5.8.RELEASE.jar:/root/./workspace/jordilucas/ponto-inteligente-api/386851526/.m2/org/springframework/boot/spring-boot-test/1.5.8.RELEASE/spring-boot-test-1.5.8.RELEASE.jar:/root/./workspace/jordilucas/ponto-inteligente-api/386851526/.m2/org/springframework/boot/spring-boot-test-autoconfigure/1.5.8.RELEASE/spring-boot-test-autoconfigure-1.5.8.RELEASE.jar:/root/./workspace/jordilucas/ponto-inteligente-api/386851526/.m2/com/jayway/jsonpath/json-path/2.2.0/json-path-2.2.0.jar:/root/./workspace/jordilucas/ponto-inteligente-api/386851526/.m2/net/minidev/json-smart/2.2.1/json-smart-2.2.1.jar:/root/./workspace/jordilucas/ponto-inteligente-api/386851526/.m2/net/minidev/accessors-smart/1.1/accessors-smart-1.1.jar:/root/./workspace/jordilucas/ponto-inteligente-api/386851526/.m2/org/ow2/asm/asm/5.0.3/asm-5.0.3.jar:/root/./workspace/jordilucas/ponto-inteligente-api/386851526/.m2/org/slf4j/slf4j-api/1.7.25/slf4j-api-1.7.25.jar:/root/./workspace/jordilucas/ponto-inteligente-api/386851526/.m2/junit/junit/4.12/junit-4.12.jar:/root/./workspace/jordilucas/ponto-inteligente-api/386851526/.m2/org/assertj/assertj-core/2.6.0/assertj-core-2.6.0.jar:/root/./workspace/jordilucas/ponto-inteligente-api/386851526/.m2/org/mockito/mockito-core/1.10.19/mockito-core-1.10.19.jar:/root/./workspace/jordilucas/ponto-inteligente-api/386851526/.m2/org/objenesis/objenesis/2.1/objenesis-2.1.jar:/root/./workspace/jordilucas/ponto-inteligente-api/386851526/.m2/org/hamcrest/hamcrest-core/1.3/hamcrest-core-1.3.jar:/root/./workspace/jordilucas/ponto-inteligente-api/386851526/.m2/org/hamcrest/hamcrest-library/1.3/hamcrest-library-1.3.jar:/root/./workspace/jordilucas/ponto-inteligente-api/386851526/.m2/org/skyscreamer/jsonassert/1.4.0/jsonassert-1.4.0.jar:/root/./workspace/jordilucas/ponto-inteligente-api/386851526/.m2/com/vaadin/external/google/android-json/0.0.20131108.vaadin1/android-json-0.0.20131108.vaadin1.jar:/root/./workspace/jordilucas/ponto-inteligente-api/386851526/.m2/org/springframework/spring-test/4.3.12.RELEASE/spring-test-4.3.12.RELEASE.jar:/root/./workspace/jordilucas/ponto-inteligente-api/386851526/.m2/org/springframework/boot/spring-boot-starter-data-jpa/1.5.8.RELEASE/spring-boot-starter-data-jpa-1.5.8.RELEASE.jar:/root/./workspace/jordilucas/ponto-inteligente-api/386851526/.m2/org/springframework/boot/spring-boot-starter-aop/1.5.8.RELEASE/spring-boot-starter-aop-1.5.8.RELEASE.jar:/root/./workspace/jordilucas/ponto-inteligente-api/386851526/.m2/org/aspectj/aspectjweaver/1.8.11/aspectjweaver-1.8.11.jar:/root/./workspace/jordilucas/ponto-inteligente-api/386851526/.m2/org/springframework/boot/spring-boot-starter-jdbc/1.5.8.RELEASE/spring-boot-starter-jdbc-1.5.8.RELEASE.jar:/root/./workspace/jordilucas/ponto-inteligente-api/386851526/.m2/org/apache/tomcat/tomcat-jdbc/8.5.23/tomcat-jdbc-8.5.23.jar:/root/./workspace/jordilucas/ponto-inteligente-api/386851526/.m2/org/apache/tomcat/tomcat-juli/8.5.23/tomcat-juli-8.5.23.jar:/root/./workspace/jordilucas/ponto-inteligente-api/386851526/.m2/org/springframework/spring-jdbc/4.3.12.RELEASE/spring-jdbc-4.3.12.RELEASE.jar:/root/./workspace/jordilucas/ponto-inteligente-api/386851526/.m2/org/hibernate/hibernate-core/5.0.12.Final/hibernate-core-5.0.12.Final.jar:/root/./workspace/jordilucas/ponto-inteligente-api/386851526/.m2/org/hibernate/javax/persistence/hibernate-jpa-2.1-api/1.0.0.Final/hibernate-jpa-2.1-api-1.0.0.Final.jar:/root/./workspace/jordilucas/ponto-inteligente-api/386851526/.m2/org/javassist/javassist/3.21.0-GA/javassist-3.21.0-GA.jar:/root/./workspace/jordilucas/ponto-inteligente-api/386851526/.m2/antlr/antlr/2.7.7/antlr-2.7.7.jar:/root/./workspace/jordilucas/ponto-inteligente-api/386851526/.m2/org/jboss/jandex/2.0.0.Final/jandex-2.0.0.Final.jar:/root/./workspace/jordilucas/ponto-inteligente-api/386851526/.m2/dom4j/dom4j/1.6.1/dom4j-1.6.1.jar:/root/./workspace/jordilucas/ponto-inteligente-api/386851526/.m2/org/hibernate/common/hibernate-commons-annotations/5.0.1.Final/hibernate-commons-annotations-5.0.1.Final.jar:/root/./workspace/jordilucas/ponto-inteligente-api/386851526/.m2/org/hibernate/hibernate-entitymanager/5.0.12.Final/hibernate-entitymanager-5.0.12.Final.jar:/root/./workspace/jordilucas/ponto-inteligente-api/386851526/.m2/javax/transaction/javax.transaction-api/1.2/javax.transaction-api-1.2.jar:/root/./workspace/jordilucas/ponto-inteligente-api/386851526/.m2/org/springframework/data/spring-data-jpa/1.11.8.RELEASE/spring-data-jpa-1.11.8.RELEASE.jar:/root/./workspace/jordilucas/ponto-inteligente-api/386851526/.m2/org/springframework/data/spring-data-commons/1.13.8.RELEASE/spring-data-commons-1.13.8.RELEASE.jar:/root/./workspace/jordilucas/ponto-inteligente-api/386851526/.m2/org/springframework/spring-orm/4.3.12.RELEASE/spring-orm-4.3.12.RELEASE.jar:/root/./workspace/jordilucas/ponto-inteligente-api/386851526/.m2/org/springframework/spring-tx/4.3.12.RELEASE/spring-tx-4.3.12.RELEASE.jar:/root/./workspace/jordilucas/ponto-inteligente-api/386851526/.m2/org/springframework/spring-beans/4.3.12.RELEASE/spring-beans-4.3.12.RELEASE.jar:/root/./workspace/jordilucas/ponto-inteligente-api/386851526/.m2/org/springframework/spring-aspects/4.3.12.RELEASE/spring-aspects-4.3.12.RELEASE.jar:/root/./workspace/jordilucas/ponto-inteligente-api/386851526/.m2/mysql/mysql-connector-java/5.1.44/mysql-connector-java-5.1.44.jar:/root/./workspace/jordilucas/ponto-inteligente-api/386851526/.m2/com/h2database/h2/1.4.196/h2-1.4.196.jar:/root/./workspace/jordilucas/ponto-inteligente-api/386851526/.m2/org/jboss/logging/jboss-logging/3.3.1.Final/jboss-logging-3.3.1.Final.jar:/root/./workspace/jordilucas/ponto-inteligente-api/386851526/.m2/org/springframework/boot/spring-boot-starter-security/1.5.8.RELEASE/spring-boot-starter-security-1.5.8.RELEASE.jar:/root/./workspace/jordilucas/ponto-inteligente-api/386851526/.m2/org/springframework/spring-aop/4.3.12.RELEASE/spring-aop-4.3.12.RELEASE.jar:/root/./workspace/jordilucas/ponto-inteligente-api/386851526/.m2/org/springframework/security/spring-security-config/4.2.3.RELEASE/spring-security-config-4.2.3.RELEASE.jar:/root/./workspace/jordilucas/ponto-inteligente-api/386851526/.m2/org/springframework/security/spring-security-web/4.2.3.RELEASE/spring-security-web-4.2.3.RELEASE.jar:/root/./workspace/jordilucas/ponto-inteligente-api/386851526/.m2/org/springframework/spring-expression/4.3.12.RELEASE/spring-expression-4.3.12.RELEASE.jar:/root/./workspace/jordilucas/ponto-inteligente-api/386851526/.m2/org/springframework/security/spring-security-test/4.2.3.RELEASE/spring-security-test-4.2.3.RELEASE.jar:/root/./workspace/jordilucas/ponto-inteligente-api/386851526/.m2/org/springframework/security/spring-security-core/4.2.3.RELEASE/spring-security-core-4.2.3.RELEASE.jar:/root/./workspace/jordilucas/ponto-inteligente-api/386851526/.m2/aopalliance/aopalliance/1.0/aopalliance-1.0.jar:/root/./workspace/jordilucas/ponto-inteligente-api/386851526/.m2/org/springframework/boot/spring-boot-starter-web/1.5.8.RELEASE/spring-boot-starter-web-1.5.8.RELEASE.jar:/root/./workspace/jordilucas/ponto-inteligente-api/386851526/.m2/org/springframework/boot/spring-boot-starter-tomcat/1.5.8.RELEASE/spring-boot-starter-tomcat-1.5.8.RELEASE.jar:/root/./workspace/jordilucas/ponto-inteligente-api/386851526/.m2/org/apache/tomcat/embed/tomcat-embed-core/8.5.23/tomcat-embed-core-8.5.23.jar:/root/./workspace/jordilucas/ponto-inteligente-api/386851526/.m2/org/apache/tomcat/tomcat-annotations-api/8.5.23/tomcat-annotations-api-8.5.23.jar:/root/./workspace/jordilucas/ponto-inteligente-api/386851526/.m2/org/apache/tomcat/embed/tomcat-embed-websocket/8.5.23/tomcat-embed-websocket-8.5.23.jar:/root/./workspace/jordilucas/ponto-inteligente-api/386851526/.m2/org/hibernate/hibernate-validator/5.3.5.Final/hibernate-validator-5.3.5.Final.jar:/root/./workspace/jordilucas/ponto-inteligente-api/386851526/.m2/javax/validation/validation-api/1.1.0.Final/validation-api-1.1.0.Final.jar:/root/./workspace/jordilucas/ponto-inteligente-api/386851526/.m2/com/fasterxml/classmate/1.3.4/classmate-1.3.4.jar:/root/./workspace/jordilucas/ponto-inteligente-api/386851526/.m2/com/fasterxml/jackson/core/jackson-databind/2.8.10/jackson-databind-2.8.10.jar:/root/./workspace/jordilucas/ponto-inteligente-api/386851526/.m2/com/fasterxml/jackson/core/jackson-annotations/2.8.0/jackson-annotations-2.8.0.jar:/root/./workspace/jordilucas/ponto-inteligente-api/386851526/.m2/org/springframework/spring-web/4.3.12.RELEASE/spring-web-4.3.12.RELEASE.jar:/root/./workspace/jordilucas/ponto-inteligente-api/386851526/.m2/org/springframework/spring-webmvc/4.3.12.RELEASE/spring-webmvc-4.3.12.RELEASE.jar:/root/./workspace/jordilucas/ponto-inteligente-api/386851526/.m2/org/springframework/boot/spring-boot-starter-validation/1.5.8.RELEASE/spring-boot-starter-validation-1.5.8.RELEASE.jar:/root/./workspace/jordilucas/ponto-inteligente-api/386851526/.m2/org/apache/tomcat/embed/tomcat-embed-el/8.5.23/tomcat-embed-el-8.5.23.jar:/root/./workspace/jordilucas/ponto-inteligente-api/386851526/.m2/com/fasterxml/jackson/datatype/jackson-datatype-jdk8/2.8.10/jackson-datatype-jdk8-2.8.10.jar:/root/./workspace/jordilucas/ponto-inteligente-api/386851526/.m2/com/fasterxml/jackson/core/jackson-core/2.8.10/jackson-core-2.8.10.jar:/root/./workspace/jordilucas/ponto-inteligente-api/386851526/.m2/org/apache/commons/commons-lang3/3.6/commons-lang3-3.6.jar:, java.specification.name=Java Platform API Specification, java.class.version=52.0, skip.bower=true, sun.management.compiler=HotSpot 64-Bit Tiered Compilers, maven.repo.local=/root/./workspace/jordilucas/ponto-inteligente-api/386851526/.m2, os.version=3.10.0-862.3.2.el7.x86_64, user.home=/root, user.timezone=Europe/Paris, java.awt.printerjob=sun.print.PSPrinterJob, file.encoding=UTF-8, java.specification.version=1.8, java.class.path=/root/workspace/jordilucas/ponto-inteligente-api/386851526/target/test-classes:/root/workspace/jordilucas/ponto-inteligente-api/386851526/target/classes:/root/./workspace/jordilucas/ponto-inteligente-api/386851526/.m2/org/springframework/boot/spring-boot-starter/1.5.8.RELEASE/spring-boot-starter-1.5.8.RELEASE.jar:/root/./workspace/jordilucas/ponto-inteligente-api/386851526/.m2/org/springframework/boot/spring-boot/1.5.8.RELEASE/spring-boot-1.5.8.RELEASE.jar:/root/./workspace/jordilucas/ponto-inteligente-api/386851526/.m2/org/springframework/spring-context/4.3.12.RELEASE/spring-context-4.3.12.RELEASE.jar:/root/./workspace/jordilucas/ponto-inteligente-api/386851526/.m2/org/springframework/boot/spring-boot-autoconfigure/1.5.8.RELEASE/spring-boot-autoconfigure-1.5.8.RELEASE.jar:/root/./workspace/jordilucas/ponto-inteligente-api/386851526/.m2/org/springframework/boot/spring-boot-starter-logging/1.5.8.RELEASE/spring-boot-starter-logging-1.5.8.RELEASE.jar:/root/./workspace/jordilucas/ponto-inteligente-api/386851526/.m2/ch/qos/logback/logback-classic/1.1.11/logback-classic-1.1.11.jar:/root/./workspace/jordilucas/ponto-inteligente-api/386851526/.m2/ch/qos/logback/logback-core/1.1.11/logback-core-1.1.11.jar:/root/./workspace/jordilucas/ponto-inteligente-api/386851526/.m2/org/slf4j/jcl-over-slf4j/1.7.25/jcl-over-slf4j-1.7.25.jar:/root/./workspace/jordilucas/ponto-inteligente-api/386851526/.m2/org/slf4j/jul-to-slf4j/1.7.25/jul-to-slf4j-1.7.25.jar:/root/./workspace/jordilucas/ponto-inteligente-api/386851526/.m2/org/slf4j/log4j-over-slf4j/1.7.25/log4j-over-slf4j-1.7.25.jar:/root/./workspace/jordilucas/ponto-inteligente-api/386851526/.m2/org/springframework/spring-core/4.3.12.RELEASE/spring-core-4.3.12.RELEASE.jar:/root/./workspace/jordilucas/ponto-inteligente-api/386851526/.m2/org/yaml/snakeyaml/1.17/snakeyaml-1.17.jar:/root/./workspace/jordilucas/ponto-inteligente-api/386851526/.m2/org/springframework/boot/spring-boot-devtools/1.5.8.RELEASE/spring-boot-devtools-1.5.8.RELEASE.jar:/root/./workspace/jordilucas/ponto-inteligente-api/386851526/.m2/org/springframework/boot/spring-boot-starter-test/1.5.8.RELEASE/spring-boot-starter-test-1.5.8.RELEASE.jar:/root/./workspace/jordilucas/ponto-inteligente-api/386851526/.m2/org/springframework/boot/spring-boot-test/1.5.8.RELEASE/spring-boot-test-1.5.8.RELEASE.jar:/root/./workspace/jordilucas/ponto-inteligente-api/386851526/.m2/org/springframework/boot/spring-boot-test-autoconfigure/1.5.8.RELEASE/spring-boot-test-autoconfigure-1.5.8.RELEASE.jar:/root/./workspace/jordilucas/ponto-inteligente-api/386851526/.m2/com/jayway/jsonpath/json-path/2.2.0/json-path-2.2.0.jar:/root/./workspace/jordilucas/ponto-inteligente-api/386851526/.m2/net/minidev/json-smart/2.2.1/json-smart-2.2.1.jar:/root/./workspace/jordilucas/ponto-inteligente-api/386851526/.m2/net/minidev/accessors-smart/1.1/accessors-smart-1.1.jar:/root/./workspace/jordilucas/ponto-inteligente-api/386851526/.m2/org/ow2/asm/asm/5.0.3/asm-5.0.3.jar:/root/./workspace/jordilucas/ponto-inteligente-api/386851526/.m2/org/slf4j/slf4j-api/1.7.25/slf4j-api-1.7.25.jar:/root/./workspace/jordilucas/ponto-inteligente-api/386851526/.m2/junit/junit/4.12/junit-4.12.jar:/root/./workspace/jordilucas/ponto-inteligente-api/386851526/.m2/org/assertj/assertj-core/2.6.0/assertj-core-2.6.0.jar:/root/./workspace/jordilucas/ponto-inteligente-api/386851526/.m2/org/mockito/mockito-core/1.10.19/mockito-core-1.10.19.jar:/root/./workspace/jordilucas/ponto-inteligente-api/386851526/.m2/org/objenesis/objenesis/2.1/objenesis-2.1.jar:/root/./workspace/jordilucas/ponto-inteligente-api/386851526/.m2/org/hamcrest/hamcrest-core/1.3/hamcrest-core-1.3.jar:/root/./workspace/jordilucas/ponto-inteligente-api/386851526/.m2/org/hamcrest/hamcrest-library/1.3/hamcrest-library-1.3.jar:/root/./workspace/jordilucas/ponto-inteligente-api/386851526/.m2/org/skyscreamer/jsonassert/1.4.0/jsonassert-1.4.0.jar:/root/./workspace/jordilucas/ponto-inteligente-api/386851526/.m2/com/vaadin/external/google/android-json/0.0.20131108.vaadin1/android-json-0.0.20131108.vaadin1.jar:/root/./workspace/jordilucas/ponto-inteligente-api/386851526/.m2/org/springframework/spring-test/4.3.12.RELEASE/spring-test-4.3.12.RELEASE.jar:/root/./workspace/jordilucas/ponto-inteligente-api/386851526/.m2/org/springframework/boot/spring-boot-starter-data-jpa/1.5.8.RELEASE/spring-boot-starter-data-jpa-1.5.8.RELEASE.jar:/root/./workspace/jordilucas/ponto-inteligente-api/386851526/.m2/org/springframework/boot/spring-boot-starter-aop/1.5.8.RELEASE/spring-boot-starter-aop-1.5.8.RELEASE.jar:/root/./workspace/jordilucas/ponto-inteligente-api/386851526/.m2/org/aspectj/aspectjweaver/1.8.11/aspectjweaver-1.8.11.jar:/root/./workspace/jordilucas/ponto-inteligente-api/386851526/.m2/org/springframework/boot/spring-boot-starter-jdbc/1.5.8.RELEASE/spring-boot-starter-jdbc-1.5.8.RELEASE.jar:/root/./workspace/jordilucas/ponto-inteligente-api/386851526/.m2/org/apache/tomcat/tomcat-jdbc/8.5.23/tomcat-jdbc-8.5.23.jar:/root/./workspace/jordilucas/ponto-inteligente-api/386851526/.m2/org/apache/tomcat/tomcat-juli/8.5.23/tomcat-juli-8.5.23.jar:/root/./workspace/jordilucas/ponto-inteligente-api/386851526/.m2/org/springframework/spring-jdbc/4.3.12.RELEASE/spring-jdbc-4.3.12.RELEASE.jar:/root/./workspace/jordilucas/ponto-inteligente-api/386851526/.m2/org/hibernate/hibernate-core/5.0.12.Final/hibernate-core-5.0.12.Final.jar:/root/./workspace/jordilucas/ponto-inteligente-api/386851526/.m2/org/hibernate/javax/persistence/hibernate-jpa-2.1-api/1.0.0.Final/hibernate-jpa-2.1-api-1.0.0.Final.jar:/root/./workspace/jordilucas/ponto-inteligente-api/386851526/.m2/org/javassist/javassist/3.21.0-GA/javassist-3.21.0-GA.jar:/root/./workspace/jordilucas/ponto-inteligente-api/386851526/.m2/antlr/antlr/2.7.7/antlr-2.7.7.jar:/root/./workspace/jordilucas/ponto-inteligente-api/386851526/.m2/org/jboss/jandex/2.0.0.Final/jandex-2.0.0.Final.jar:/root/./workspace/jordilucas/ponto-inteligente-api/386851526/.m2/dom4j/dom4j/1.6.1/dom4j-1.6.1.jar:/root/./workspace/jordilucas/ponto-inteligente-api/386851526/.m2/org/hibernate/common/hibernate-commons-annotations/5.0.1.Final/hibernate-commons-annotations-5.0.1.Final.jar:/root/./workspace/jordilucas/ponto-inteligente-api/386851526/.m2/org/hibernate/hibernate-entitymanager/5.0.12.Final/hibernate-entitymanager-5.0.12.Final.jar:/root/./workspace/jordilucas/ponto-inteligente-api/386851526/.m2/javax/transaction/javax.transaction-api/1.2/javax.transaction-api-1.2.jar:/root/./workspace/jordilucas/ponto-inteligente-api/386851526/.m2/org/springframework/data/spring-data-jpa/1.11.8.RELEASE/spring-data-jpa-1.11.8.RELEASE.jar:/root/./workspace/jordilucas/ponto-inteligente-api/386851526/.m2/org/springframework/data/spring-data-commons/1.13.8.RELEASE/spring-data-commons-1.13.8.RELEASE.jar:/root/./workspace/jordilucas/ponto-inteligente-api/386851526/.m2/org/springframework/spring-orm/4.3.12.RELEASE/spring-orm-4.3.12.RELEASE.jar:/root/./workspace/jordilucas/ponto-inteligente-api/386851526/.m2/org/springframework/spring-tx/4.3.12.RELEASE/spring-tx-4.3.12.RELEASE.jar:/root/./workspace/jordilucas/ponto-inteligente-api/386851526/.m2/org/springframework/spring-beans/4.3.12.RELEASE/spring-beans-4.3.12.RELEASE.jar:/root/./workspace/jordilucas/ponto-inteligente-api/386851526/.m2/org/springframework/spring-aspects/4.3.12.RELEASE/spring-aspects-4.3.12.RELEASE.jar:/root/./workspace/jordilucas/ponto-inteligente-api/386851526/.m2/mysql/mysql-connector-java/5.1.44/mysql-connector-java-5.1.44.jar:/root/./workspace/jordilucas/ponto-inteligente-api/386851526/.m2/com/h2database/h2/1.4.196/h2-1.4.196.jar:/root/./workspace/jordilucas/ponto-inteligente-api/386851526/.m2/org/jboss/logging/jboss-logging/3.3.1.Final/jboss-logging-3.3.1.Final.jar:/root/./workspace/jordilucas/ponto-inteligente-api/386851526/.m2/org/springframework/boot/spring-boot-starter-security/1.5.8.RELEASE/spring-boot-starter-security-1.5.8.RELEASE.jar:/root/./workspace/jordilucas/ponto-inteligente-api/386851526/.m2/org/springframework/spring-aop/4.3.12.RELEASE/spring-aop-4.3.12.RELEASE.jar:/root/./workspace/jordilucas/ponto-inteligente-api/386851526/.m2/org/springframework/security/spring-security-config/4.2.3.RELEASE/spring-security-config-4.2.3.RELEASE.jar:/root/./workspace/jordilucas/ponto-inteligente-api/386851526/.m2/org/springframework/security/spring-security-web/4.2.3.RELEASE/spring-security-web-4.2.3.RELEASE.jar:/root/./workspace/jordilucas/ponto-inteligente-api/386851526/.m2/org/springframework/spring-expression/4.3.12.RELEASE/spring-expression-4.3.12.RELEASE.jar:/root/./workspace/jordilucas/ponto-inteligente-api/386851526/.m2/org/springframework/security/spring-security-test/4.2.3.RELEASE/spring-security-test-4.2.3.RELEASE.jar:/root/./workspace/jordilucas/ponto-inteligente-api/386851526/.m2/org/springframework/security/spring-security-core/4.2.3.RELEASE/spring-security-core-4.2.3.RELEASE.jar:/root/./workspace/jordilucas/ponto-inteligente-api/386851526/.m2/aopalliance/aopalliance/1.0/aopalliance-1.0.jar:/root/./workspace/jordilucas/ponto-inteligente-api/386851526/.m2/org/springframework/boot/spring-boot-starter-web/1.5.8.RELEASE/spring-boot-starter-web-1.5.8.RELEASE.jar:/root/./workspace/jordilucas/ponto-inteligente-api/386851526/.m2/org/springframework/boot/spring-boot-starter-tomcat/1.5.8.RELEASE/spring-boot-starter-tomcat-1.5.8.RELEASE.jar:/root/./workspace/jordilucas/ponto-inteligente-api/386851526/.m2/org/apache/tomcat/embed/tomcat-embed-core/8.5.23/tomcat-embed-core-8.5.23.jar:/root/./workspace/jordilucas/ponto-inteligente-api/386851526/.m2/org/apache/tomcat/tomcat-annotations-api/8.5.23/tomcat-annotations-api-8.5.23.jar:/root/./workspace/jordilucas/ponto-inteligente-api/386851526/.m2/org/apache/tomcat/embed/tomcat-embed-websocket/8.5.23/tomcat-embed-websocket-8.5.23.jar:/root/./workspace/jordilucas/ponto-inteligente-api/386851526/.m2/org/hibernate/hibernate-validator/5.3.5.Final/hibernate-validator-5.3.5.Final.jar:/root/./workspace/jordilucas/ponto-inteligente-api/386851526/.m2/javax/validation/validation-api/1.1.0.Final/validation-api-1.1.0.Final.jar:/root/./workspace/jordilucas/ponto-inteligente-api/386851526/.m2/com/fasterxml/classmate/1.3.4/classmate-1.3.4.jar:/root/./workspace/jordilucas/ponto-inteligente-api/386851526/.m2/com/fasterxml/jackson/core/jackson-databind/2.8.10/jackson-databind-2.8.10.jar:/root/./workspace/jordilucas/ponto-inteligente-api/386851526/.m2/com/fasterxml/jackson/core/jackson-annotations/2.8.0/jackson-annotations-2.8.0.jar:/root/./workspace/jordilucas/ponto-inteligente-api/386851526/.m2/org/springframework/spring-web/4.3.12.RELEASE/spring-web-4.3.12.RELEASE.jar:/root/./workspace/jordilucas/ponto-inteligente-api/386851526/.m2/org/springframework/spring-webmvc/4.3.12.RELEASE/spring-webmvc-4.3.12.RELEASE.jar:/root/./workspace/jordilucas/ponto-inteligente-api/386851526/.m2/org/springframework/boot/spring-boot-starter-validation/1.5.8.RELEASE/spring-boot-starter-validation-1.5.8.RELEASE.jar:/root/./workspace/jordilucas/ponto-inteligente-api/386851526/.m2/org/apache/tomcat/embed/tomcat-embed-el/8.5.23/tomcat-embed-el-8.5.23.jar:/root/./workspace/jordilucas/ponto-inteligente-api/386851526/.m2/com/fasterxml/jackson/datatype/jackson-datatype-jdk8/2.8.10/jackson-datatype-jdk8-2.8.10.jar:/root/./workspace/jordilucas/ponto-inteligente-api/386851526/.m2/com/fasterxml/jackson/core/jackson-core/2.8.10/jackson-core-2.8.10.jar:/root/./workspace/jordilucas/ponto-inteligente-api/386851526/.m2/org/apache/commons/commons-lang3/3.6/commons-lang3-3.6.jar:, user.name=root, skipITs=true, java.vm.specification.version=1.8, sun.java.command=/root/workspace/jordilucas/ponto-inteligente-api/386851526/target/surefire/surefirebooter3283895179172420451.jar /root/workspace/jordilucas/ponto-inteligente-api/386851526/target/surefire/surefire4784252510475456301tmp /root/workspace/jordilucas/ponto-inteligente-api/386851526/target/surefire/surefire_07033769689870660414tmp, java.home=/usr/lib/jvm/java-8-openjdk-amd64/jre, sun.arch.data.model=64, user.language=en, java.specification.vendor=Oracle Corporation, dependency-check.skip=true, awt.toolkit=sun.awt.X11.XToolkit, java.vm.info=mixed mode, java.version=1.8.0_121, java.ext.dirs=/usr/lib/jvm/java-8-openjdk-amd64/jre/lib/ext:/usr/java/packages/lib/ext, sun.boot.class.path=/usr/lib/jvm/java-8-openjdk-amd64/jre/lib/resources.jar:/usr/lib/jvm/java-8-openjdk-amd64/jre/lib/rt.jar:/usr/lib/jvm/java-8-openjdk-amd64/jre/lib/sunrsasign.jar:/usr/lib/jvm/java-8-openjdk-amd64/jre/lib/jsse.jar:/usr/lib/jvm/java-8-openjdk-amd64/jre/lib/jce.jar:/usr/lib/jvm/java-8-openjdk-amd64/jre/lib/charsets.jar:/usr/lib/jvm/java-8-openjdk-amd64/jre/lib/jfr.jar:/usr/lib/jvm/java-8-openjdk-amd64/jre/classes, rat.skip=true, enforcer.skip=true, java.vendor=Oracle Corporation, localRepository=/root/./workspace/jordilucas/ponto-inteligente-api/386851526/.m2, file.separator=/, java.vendor.url.bug=http://bugreport.sun.com/bugreport/, sun.io.unicode.encoding=UnicodeLittle, sun.cpu.endian=little, sun.cpu.isalist=}}, SystemEnvironmentPropertySource@6320204 {name='systemEnvironment', properties={PATH=/usr/local/sbin:/usr/local/bin:/usr/sbin:/usr/bin:/sbin:/bin, JAVA_HOME=/usr/lib/jvm/java-8-openjdk-amd64, NOTIFY_TO=, CA_CERTIFICATES_JAVA_VERSION=20161107~bpo8+1, MONGODB_HOST=, BUILD_ID=, LANG=C.UTF-8, MAVEN_HOME=/usr/share/maven, SMTP_SERVER=, MONGODB_NAME=, REPAIR_MODE=repair, PWD=/root/workspace/jordilucas/ponto-inteligente-api/386851526, JAVA_VERSION=8u121, GITHUB_OAUTH=, MAVEN_CMD_LINE_ARGS=/root/.m2 -B -D enforcer.skip=true -D dependency-check.skip=true -D skipITs=true -D cobertura.skip=true -D maven.repo.local=/root/./workspace/jordilucas/ponto-inteligente-api/386851526/.m2 -D rat.skip=true -D findbugs.skip=true -D skip.bower=true -D gpg.skip=true -D checkstyle.skip=true -D skip.gulp=true -D license.skip=true -D skip.npm=true test, _=/usr/bin/java, OUTPUT=, MAVEN_TERMINATE_CMD=on, MAVEN_CONFIG=/root/.m2, MAVEN_PROJECTBASEDIR=/root/workspace/jordilucas/ponto-inteligente-api/386851526, OLDPWD=/root/workspace/jordilucas/ponto-inteligente-api/386851526, LOG_FILENAME=repairnator-pipeline_2018-06-01_2229_386851526_5a77b685-d098-401d-b168-01e076b51223, RUN_ID=, HOSTNAME=cyclone1, JAVA_DEBIAN_VERSION=8u121-b13-1~bpo8+1, M2_HOME=/usr/share/maven, REPAIR_TOOLS=AssertFixer, HOME=/root, SHLVL=1, PUSH_URL=}}]
22:30:26.192 [main] INFO org.springframework.boot.test.context.SpringBootTestContextBootstrapper - Found @SpringBootConfiguration br.com.jordilucas.pontointeligente.api.PontoInteligenteApplication for test class br.com.jordilucas.pontointeligente.api.repositories.FuncionarioRepositoryTest
22:30:26.193 [main] DEBUG org.springframework.boot.test.context.SpringBootTestContextBootstrapper - @TestExecutionListeners is not present for class [br.com.jordilucas.pontointeligente.api.repositories.FuncionarioRepositoryTest]: using defaults.
22:30:26.197 [main] INFO org.springframework.boot.test.context.SpringBootTestContextBootstrapper - Loaded default TestExecutionListener class names from location [META-INF/spring.factories]: [org.springframework.boot.test.mock.mockito.MockitoTestExecutionListener, org.springframework.boot.test.mock.mockito.ResetMocksTestExecutionListener, org.springframework.boot.test.autoconfigure.restdocs.RestDocsTestExecutionListener, org.springframework.boot.test.autoconfigure.web.client.MockRestServiceServerResetTestExecutionListener, org.springframework.boot.test.autoconfigure.web.servlet.MockMvcPrintOnlyOnFailureTestExecutionListener, org.springframework.boot.test.autoconfigure.web.servlet.WebDriverTestExecutionListener, org.springframework.test.context.web.ServletTestExecutionListener, org.springframework.test.context.support.DirtiesContextBeforeModesTestExecutionListener, org.springframework.test.context.support.DependencyInjectionTestExecutionListener, org.springframework.test.context.support.DirtiesContextTestExecutionListener, org.springframework.test.context.transaction.TransactionalTestExecutionListener, org.springframework.test.context.jdbc.SqlScriptsTestExecutionListener, org.springframework.security.test.context.support.WithSecurityContextTestExecutionListener]
22:30:26.201 [main] INFO org.springframework.boot.test.context.SpringBootTestContextBootstrapper - Using TestExecutionListeners: [org.springframework.test.context.web.ServletTestExecutionListener@45b9a632, org.springframework.test.context.support.DirtiesContextBeforeModesTestExecutionListener@25d250c6, org.springframework.boot.test.autoconfigure.SpringBootDependencyInjectionTestExecutionListener@4df50bcc, org.springframework.test.context.support.DirtiesContextTestExecutionListener@6b26e945, org.springframework.test.context.transaction.TransactionalTestExecutionListener@63a65a25, org.springframework.test.context.jdbc.SqlScriptsTestExecutionListener@54c562f7, org.springframework.security.test.context.support.WithSecurityContextTestExecutionListener@318ba8c8, org.springframework.boot.test.autoconfigure.web.servlet.MockMvcPrintOnlyOnFailureTestExecutionListener@6dbb137d, org.springframework.boot.test.mock.mockito.MockitoTestExecutionListener@3c9d0b9d, org.springframework.boot.test.autoconfigure.web.client.MockRestServiceServerResetTestExecutionListener@43301423, org.springframework.boot.test.autoconfigure.restdocs.RestDocsTestExecutionListener@2f112965, org.springframework.boot.test.autoconfigure.web.servlet.WebDriverTestExecutionListener@1a04f701, org.springframework.boot.test.mock.mockito.ResetMocksTestExecutionListener@4e91d63f]
22:30:26.227 [main] DEBUG org.springframework.test.context.junit4.SpringJUnit4ClassRunner - SpringJUnit4ClassRunner constructor called with [class br.com.jordilucas.pontointeligente.api.services.LancamentoServiceTest]
22:30:26.228 [main] DEBUG org.springframework.test.context.BootstrapUtils - Instantiating CacheAwareContextLoaderDelegate from class [org.springframework.test.context.cache.DefaultCacheAwareContextLoaderDelegate]
22:30:26.228 [main] DEBUG org.springframework.test.context.BootstrapUtils - Instantiating BootstrapContext using constructor [public org.springframework.test.context.support.DefaultBootstrapContext(java.lang.Class,org.springframework.test.context.CacheAwareContextLoaderDelegate)]
22:30:26.228 [main] DEBUG org.springframework.test.context.BootstrapUtils - Instantiating TestContextBootstrapper for test class [br.com.jordilucas.pontointeligente.api.services.LancamentoServiceTest] from class [org.springframework.boot.test.context.SpringBootTestContextBootstrapper]
22:30:26.229 [main] INFO org.springframework.boot.test.context.SpringBootTestContextBootstrapper - Neither @ContextConfiguration nor @ContextHierarchy found for test class [br.com.jordilucas.pontointeligente.api.services.LancamentoServiceTest], using SpringBootContextLoader
22:30:26.230 [main] DEBUG org.springframework.test.context.support.AbstractContextLoader - Did not detect default resource location for test class [br.com.jordilucas.pontointeligente.api.services.LancamentoServiceTest]: class path resource [br/com/jordilucas/pontointeligente/api/services/LancamentoServiceTest-context.xml] does not exist
22:30:26.231 [main] DEBUG org.springframework.test.context.support.AbstractContextLoader - Did not detect default resource location for test class [br.com.jordilucas.pontointeligente.api.services.LancamentoServiceTest]: class path resource [br/com/jordilucas/pontointeligente/api/services/LancamentoServiceTestContext.groovy] does not exist
22:30:26.231 [main] INFO org.springframework.test.context.support.AbstractContextLoader - Could not detect default resource locations for test class [br.com.jordilucas.pontointeligente.api.services.LancamentoServiceTest]: no resource found for suffixes {-context.xml, Context.groovy}.
22:30:26.231 [main] INFO org.springframework.test.context.support.AnnotationConfigContextLoaderUtils - Could not detect default configuration classes for test class [br.com.jordilucas.pontointeligente.api.services.LancamentoServiceTest]: LancamentoServiceTest does not declare any static, non-private, non-final, nested classes annotated with @Configuration.
22:30:26.259 [main] DEBUG org.springframework.core.env.StandardEnvironment - Adding PropertySource 'systemProperties' with lowest search precedence
22:30:26.259 [main] DEBUG org.springframework.core.env.StandardEnvironment - Adding PropertySource 'systemEnvironment' with lowest search precedence
22:30:26.260 [main] DEBUG org.springframework.core.env.StandardEnvironment - Initialized StandardEnvironment with PropertySources [MapPropertySource@607932305 {name='systemProperties', properties={java.runtime.name=OpenJDK Runtime Environment, sun.boot.library.path=/usr/lib/jvm/java-8-openjdk-amd64/jre/lib/amd64, java.vm.version=25.121-b13, java.vm.vendor=Oracle Corporation, java.vendor.url=http://java.oracle.com/, skip.gulp=true, path.separator=:, java.vm.name=OpenJDK 64-Bit Server VM, file.encoding.pkg=sun.io, findbugs.skip=true, sun.java.launcher=SUN_STANDARD, sun.os.patch.level=unknown, java.vm.specification.name=Java Virtual Machine Specification, user.dir=/root/workspace/jordilucas/ponto-inteligente-api/386851526, checkstyle.skip=true, java.runtime.version=1.8.0_121-8u121-b13-1~bpo8+1-b13, skip.npm=true, basedir=/root/workspace/jordilucas/ponto-inteligente-api/386851526, java.awt.graphicsenv=sun.awt.X11GraphicsEnvironment, java.endorsed.dirs=/usr/lib/jvm/java-8-openjdk-amd64/jre/lib/endorsed, os.arch=amd64, surefire.real.class.path=/root/workspace/jordilucas/ponto-inteligente-api/386851526/target/surefire/surefirebooter3283895179172420451.jar, gpg.skip=true, java.io.tmpdir=/tmp, line.separator=
, cobertura.skip=true, java.vm.specification.vendor=Oracle Corporation, os.name=Linux, sun.jnu.encoding=UTF-8, license.skip=true, java.library.path=/usr/java/packages/lib/amd64:/usr/lib/x86_64-linux-gnu/jni:/lib/x86_64-linux-gnu:/usr/lib/x86_64-linux-gnu:/usr/lib/jni:/lib:/usr/lib, surefire.test.class.path=/root/workspace/jordilucas/ponto-inteligente-api/386851526/target/test-classes:/root/workspace/jordilucas/ponto-inteligente-api/386851526/target/classes:/root/./workspace/jordilucas/ponto-inteligente-api/386851526/.m2/org/springframework/boot/spring-boot-starter/1.5.8.RELEASE/spring-boot-starter-1.5.8.RELEASE.jar:/root/./workspace/jordilucas/ponto-inteligente-api/386851526/.m2/org/springframework/boot/spring-boot/1.5.8.RELEASE/spring-boot-1.5.8.RELEASE.jar:/root/./workspace/jordilucas/ponto-inteligente-api/386851526/.m2/org/springframework/spring-context/4.3.12.RELEASE/spring-context-4.3.12.RELEASE.jar:/root/./workspace/jordilucas/ponto-inteligente-api/386851526/.m2/org/springframework/boot/spring-boot-autoconfigure/1.5.8.RELEASE/spring-boot-autoconfigure-1.5.8.RELEASE.jar:/root/./workspace/jordilucas/ponto-inteligente-api/386851526/.m2/org/springframework/boot/spring-boot-starter-logging/1.5.8.RELEASE/spring-boot-starter-logging-1.5.8.RELEASE.jar:/root/./workspace/jordilucas/ponto-inteligente-api/386851526/.m2/ch/qos/logback/logback-classic/1.1.11/logback-classic-1.1.11.jar:/root/./workspace/jordilucas/ponto-inteligente-api/386851526/.m2/ch/qos/logback/logback-core/1.1.11/logback-core-1.1.11.jar:/root/./workspace/jordilucas/ponto-inteligente-api/386851526/.m2/org/slf4j/jcl-over-slf4j/1.7.25/jcl-over-slf4j-1.7.25.jar:/root/./workspace/jordilucas/ponto-inteligente-api/386851526/.m2/org/slf4j/jul-to-slf4j/1.7.25/jul-to-slf4j-1.7.25.jar:/root/./workspace/jordilucas/ponto-inteligente-api/386851526/.m2/org/slf4j/log4j-over-slf4j/1.7.25/log4j-over-slf4j-1.7.25.jar:/root/./workspace/jordilucas/ponto-inteligente-api/386851526/.m2/org/springframework/spring-core/4.3.12.RELEASE/spring-core-4.3.12.RELEASE.jar:/root/./workspace/jordilucas/ponto-inteligente-api/386851526/.m2/org/yaml/snakeyaml/1.17/snakeyaml-1.17.jar:/root/./workspace/jordilucas/ponto-inteligente-api/386851526/.m2/org/springframework/boot/spring-boot-devtools/1.5.8.RELEASE/spring-boot-devtools-1.5.8.RELEASE.jar:/root/./workspace/jordilucas/ponto-inteligente-api/386851526/.m2/org/springframework/boot/spring-boot-starter-test/1.5.8.RELEASE/spring-boot-starter-test-1.5.8.RELEASE.jar:/root/./workspace/jordilucas/ponto-inteligente-api/386851526/.m2/org/springframework/boot/spring-boot-test/1.5.8.RELEASE/spring-boot-test-1.5.8.RELEASE.jar:/root/./workspace/jordilucas/ponto-inteligente-api/386851526/.m2/org/springframework/boot/spring-boot-test-autoconfigure/1.5.8.RELEASE/spring-boot-test-autoconfigure-1.5.8.RELEASE.jar:/root/./workspace/jordilucas/ponto-inteligente-api/386851526/.m2/com/jayway/jsonpath/json-path/2.2.0/json-path-2.2.0.jar:/root/./workspace/jordilucas/ponto-inteligente-api/386851526/.m2/net/minidev/json-smart/2.2.1/json-smart-2.2.1.jar:/root/./workspace/jordilucas/ponto-inteligente-api/386851526/.m2/net/minidev/accessors-smart/1.1/accessors-smart-1.1.jar:/root/./workspace/jordilucas/ponto-inteligente-api/386851526/.m2/org/ow2/asm/asm/5.0.3/asm-5.0.3.jar:/root/./workspace/jordilucas/ponto-inteligente-api/386851526/.m2/org/slf4j/slf4j-api/1.7.25/slf4j-api-1.7.25.jar:/root/./workspace/jordilucas/ponto-inteligente-api/386851526/.m2/junit/junit/4.12/junit-4.12.jar:/root/./workspace/jordilucas/ponto-inteligente-api/386851526/.m2/org/assertj/assertj-core/2.6.0/assertj-core-2.6.0.jar:/root/./workspace/jordilucas/ponto-inteligente-api/386851526/.m2/org/mockito/mockito-core/1.10.19/mockito-core-1.10.19.jar:/root/./workspace/jordilucas/ponto-inteligente-api/386851526/.m2/org/objenesis/objenesis/2.1/objenesis-2.1.jar:/root/./workspace/jordilucas/ponto-inteligente-api/386851526/.m2/org/hamcrest/hamcrest-core/1.3/hamcrest-core-1.3.jar:/root/./workspace/jordilucas/ponto-inteligente-api/386851526/.m2/org/hamcrest/hamcrest-library/1.3/hamcrest-library-1.3.jar:/root/./workspace/jordilucas/ponto-inteligente-api/386851526/.m2/org/skyscreamer/jsonassert/1.4.0/jsonassert-1.4.0.jar:/root/./workspace/jordilucas/ponto-inteligente-api/386851526/.m2/com/vaadin/external/google/android-json/0.0.20131108.vaadin1/android-json-0.0.20131108.vaadin1.jar:/root/./workspace/jordilucas/ponto-inteligente-api/386851526/.m2/org/springframework/spring-test/4.3.12.RELEASE/spring-test-4.3.12.RELEASE.jar:/root/./workspace/jordilucas/ponto-inteligente-api/386851526/.m2/org/springframework/boot/spring-boot-starter-data-jpa/1.5.8.RELEASE/spring-boot-starter-data-jpa-1.5.8.RELEASE.jar:/root/./workspace/jordilucas/ponto-inteligente-api/386851526/.m2/org/springframework/boot/spring-boot-starter-aop/1.5.8.RELEASE/spring-boot-starter-aop-1.5.8.RELEASE.jar:/root/./workspace/jordilucas/ponto-inteligente-api/386851526/.m2/org/aspectj/aspectjweaver/1.8.11/aspectjweaver-1.8.11.jar:/root/./workspace/jordilucas/ponto-inteligente-api/386851526/.m2/org/springframework/boot/spring-boot-starter-jdbc/1.5.8.RELEASE/spring-boot-starter-jdbc-1.5.8.RELEASE.jar:/root/./workspace/jordilucas/ponto-inteligente-api/386851526/.m2/org/apache/tomcat/tomcat-jdbc/8.5.23/tomcat-jdbc-8.5.23.jar:/root/./workspace/jordilucas/ponto-inteligente-api/386851526/.m2/org/apache/tomcat/tomcat-juli/8.5.23/tomcat-juli-8.5.23.jar:/root/./workspace/jordilucas/ponto-inteligente-api/386851526/.m2/org/springframework/spring-jdbc/4.3.12.RELEASE/spring-jdbc-4.3.12.RELEASE.jar:/root/./workspace/jordilucas/ponto-inteligente-api/386851526/.m2/org/hibernate/hibernate-core/5.0.12.Final/hibernate-core-5.0.12.Final.jar:/root/./workspace/jordilucas/ponto-inteligente-api/386851526/.m2/org/hibernate/javax/persistence/hibernate-jpa-2.1-api/1.0.0.Final/hibernate-jpa-2.1-api-1.0.0.Final.jar:/root/./workspace/jordilucas/ponto-inteligente-api/386851526/.m2/org/javassist/javassist/3.21.0-GA/javassist-3.21.0-GA.jar:/root/./workspace/jordilucas/ponto-inteligente-api/386851526/.m2/antlr/antlr/2.7.7/antlr-2.7.7.jar:/root/./workspace/jordilucas/ponto-inteligente-api/386851526/.m2/org/jboss/jandex/2.0.0.Final/jandex-2.0.0.Final.jar:/root/./workspace/jordilucas/ponto-inteligente-api/386851526/.m2/dom4j/dom4j/1.6.1/dom4j-1.6.1.jar:/root/./workspace/jordilucas/ponto-inteligente-api/386851526/.m2/org/hibernate/common/hibernate-commons-annotations/5.0.1.Final/hibernate-commons-annotations-5.0.1.Final.jar:/root/./workspace/jordilucas/ponto-inteligente-api/386851526/.m2/org/hibernate/hibernate-entitymanager/5.0.12.Final/hibernate-entitymanager-5.0.12.Final.jar:/root/./workspace/jordilucas/ponto-inteligente-api/386851526/.m2/javax/transaction/javax.transaction-api/1.2/javax.transaction-api-1.2.jar:/root/./workspace/jordilucas/ponto-inteligente-api/386851526/.m2/org/springframework/data/spring-data-jpa/1.11.8.RELEASE/spring-data-jpa-1.11.8.RELEASE.jar:/root/./workspace/jordilucas/ponto-inteligente-api/386851526/.m2/org/springframework/data/spring-data-commons/1.13.8.RELEASE/spring-data-commons-1.13.8.RELEASE.jar:/root/./workspace/jordilucas/ponto-inteligente-api/386851526/.m2/org/springframework/spring-orm/4.3.12.RELEASE/spring-orm-4.3.12.RELEASE.jar:/root/./workspace/jordilucas/ponto-inteligente-api/386851526/.m2/org/springframework/spring-tx/4.3.12.RELEASE/spring-tx-4.3.12.RELEASE.jar:/root/./workspace/jordilucas/ponto-inteligente-api/386851526/.m2/org/springframework/spring-beans/4.3.12.RELEASE/spring-beans-4.3.12.RELEASE.jar:/root/./workspace/jordilucas/ponto-inteligente-api/386851526/.m2/org/springframework/spring-aspects/4.3.12.RELEASE/spring-aspects-4.3.12.RELEASE.jar:/root/./workspace/jordilucas/ponto-inteligente-api/386851526/.m2/mysql/mysql-connector-java/5.1.44/mysql-connector-java-5.1.44.jar:/root/./workspace/jordilucas/ponto-inteligente-api/386851526/.m2/com/h2database/h2/1.4.196/h2-1.4.196.jar:/root/./workspace/jordilucas/ponto-inteligente-api/386851526/.m2/org/jboss/logging/jboss-logging/3.3.1.Final/jboss-logging-3.3.1.Final.jar:/root/./workspace/jordilucas/ponto-inteligente-api/386851526/.m2/org/springframework/boot/spring-boot-starter-security/1.5.8.RELEASE/spring-boot-starter-security-1.5.8.RELEASE.jar:/root/./workspace/jordilucas/ponto-inteligente-api/386851526/.m2/org/springframework/spring-aop/4.3.12.RELEASE/spring-aop-4.3.12.RELEASE.jar:/root/./workspace/jordilucas/ponto-inteligente-api/386851526/.m2/org/springframework/security/spring-security-config/4.2.3.RELEASE/spring-security-config-4.2.3.RELEASE.jar:/root/./workspace/jordilucas/ponto-inteligente-api/386851526/.m2/org/springframework/security/spring-security-web/4.2.3.RELEASE/spring-security-web-4.2.3.RELEASE.jar:/root/./workspace/jordilucas/ponto-inteligente-api/386851526/.m2/org/springframework/spring-expression/4.3.12.RELEASE/spring-expression-4.3.12.RELEASE.jar:/root/./workspace/jordilucas/ponto-inteligente-api/386851526/.m2/org/springframework/security/spring-security-test/4.2.3.RELEASE/spring-security-test-4.2.3.RELEASE.jar:/root/./workspace/jordilucas/ponto-inteligente-api/386851526/.m2/org/springframework/security/spring-security-core/4.2.3.RELEASE/spring-security-core-4.2.3.RELEASE.jar:/root/./workspace/jordilucas/ponto-inteligente-api/386851526/.m2/aopalliance/aopalliance/1.0/aopalliance-1.0.jar:/root/./workspace/jordilucas/ponto-inteligente-api/386851526/.m2/org/springframework/boot/spring-boot-starter-web/1.5.8.RELEASE/spring-boot-starter-web-1.5.8.RELEASE.jar:/root/./workspace/jordilucas/ponto-inteligente-api/386851526/.m2/org/springframework/boot/spring-boot-starter-tomcat/1.5.8.RELEASE/spring-boot-starter-tomcat-1.5.8.RELEASE.jar:/root/./workspace/jordilucas/ponto-inteligente-api/386851526/.m2/org/apache/tomcat/embed/tomcat-embed-core/8.5.23/tomcat-embed-core-8.5.23.jar:/root/./workspace/jordilucas/ponto-inteligente-api/386851526/.m2/org/apache/tomcat/tomcat-annotations-api/8.5.23/tomcat-annotations-api-8.5.23.jar:/root/./workspace/jordilucas/ponto-inteligente-api/386851526/.m2/org/apache/tomcat/embed/tomcat-embed-websocket/8.5.23/tomcat-embed-websocket-8.5.23.jar:/root/./workspace/jordilucas/ponto-inteligente-api/386851526/.m2/org/hibernate/hibernate-validator/5.3.5.Final/hibernate-validator-5.3.5.Final.jar:/root/./workspace/jordilucas/ponto-inteligente-api/386851526/.m2/javax/validation/validation-api/1.1.0.Final/validation-api-1.1.0.Final.jar:/root/./workspace/jordilucas/ponto-inteligente-api/386851526/.m2/com/fasterxml/classmate/1.3.4/classmate-1.3.4.jar:/root/./workspace/jordilucas/ponto-inteligente-api/386851526/.m2/com/fasterxml/jackson/core/jackson-databind/2.8.10/jackson-databind-2.8.10.jar:/root/./workspace/jordilucas/ponto-inteligente-api/386851526/.m2/com/fasterxml/jackson/core/jackson-annotations/2.8.0/jackson-annotations-2.8.0.jar:/root/./workspace/jordilucas/ponto-inteligente-api/386851526/.m2/org/springframework/spring-web/4.3.12.RELEASE/spring-web-4.3.12.RELEASE.jar:/root/./workspace/jordilucas/ponto-inteligente-api/386851526/.m2/org/springframework/spring-webmvc/4.3.12.RELEASE/spring-webmvc-4.3.12.RELEASE.jar:/root/./workspace/jordilucas/ponto-inteligente-api/386851526/.m2/org/springframework/boot/spring-boot-starter-validation/1.5.8.RELEASE/spring-boot-starter-validation-1.5.8.RELEASE.jar:/root/./workspace/jordilucas/ponto-inteligente-api/386851526/.m2/org/apache/tomcat/embed/tomcat-embed-el/8.5.23/tomcat-embed-el-8.5.23.jar:/root/./workspace/jordilucas/ponto-inteligente-api/386851526/.m2/com/fasterxml/jackson/datatype/jackson-datatype-jdk8/2.8.10/jackson-datatype-jdk8-2.8.10.jar:/root/./workspace/jordilucas/ponto-inteligente-api/386851526/.m2/com/fasterxml/jackson/core/jackson-core/2.8.10/jackson-core-2.8.10.jar:/root/./workspace/jordilucas/ponto-inteligente-api/386851526/.m2/org/apache/commons/commons-lang3/3.6/commons-lang3-3.6.jar:, java.specification.name=Java Platform API Specification, java.class.version=52.0, skip.bower=true, sun.management.compiler=HotSpot 64-Bit Tiered Compilers, maven.repo.local=/root/./workspace/jordilucas/ponto-inteligente-api/386851526/.m2, os.version=3.10.0-862.3.2.el7.x86_64, user.home=/root, user.timezone=Europe/Paris, java.awt.printerjob=sun.print.PSPrinterJob, file.encoding=UTF-8, java.specification.version=1.8, java.class.path=/root/workspace/jordilucas/ponto-inteligente-api/386851526/target/test-classes:/root/workspace/jordilucas/ponto-inteligente-api/386851526/target/classes:/root/./workspace/jordilucas/ponto-inteligente-api/386851526/.m2/org/springframework/boot/spring-boot-starter/1.5.8.RELEASE/spring-boot-starter-1.5.8.RELEASE.jar:/root/./workspace/jordilucas/ponto-inteligente-api/386851526/.m2/org/springframework/boot/spring-boot/1.5.8.RELEASE/spring-boot-1.5.8.RELEASE.jar:/root/./workspace/jordilucas/ponto-inteligente-api/386851526/.m2/org/springframework/spring-context/4.3.12.RELEASE/spring-context-4.3.12.RELEASE.jar:/root/./workspace/jordilucas/ponto-inteligente-api/386851526/.m2/org/springframework/boot/spring-boot-autoconfigure/1.5.8.RELEASE/spring-boot-autoconfigure-1.5.8.RELEASE.jar:/root/./workspace/jordilucas/ponto-inteligente-api/386851526/.m2/org/springframework/boot/spring-boot-starter-logging/1.5.8.RELEASE/spring-boot-starter-logging-1.5.8.RELEASE.jar:/root/./workspace/jordilucas/ponto-inteligente-api/386851526/.m2/ch/qos/logback/logback-classic/1.1.11/logback-classic-1.1.11.jar:/root/./workspace/jordilucas/ponto-inteligente-api/386851526/.m2/ch/qos/logback/logback-core/1.1.11/logback-core-1.1.11.jar:/root/./workspace/jordilucas/ponto-inteligente-api/386851526/.m2/org/slf4j/jcl-over-slf4j/1.7.25/jcl-over-slf4j-1.7.25.jar:/root/./workspace/jordilucas/ponto-inteligente-api/386851526/.m2/org/slf4j/jul-to-slf4j/1.7.25/jul-to-slf4j-1.7.25.jar:/root/./workspace/jordilucas/ponto-inteligente-api/386851526/.m2/org/slf4j/log4j-over-slf4j/1.7.25/log4j-over-slf4j-1.7.25.jar:/root/./workspace/jordilucas/ponto-inteligente-api/386851526/.m2/org/springframework/spring-core/4.3.12.RELEASE/spring-core-4.3.12.RELEASE.jar:/root/./workspace/jordilucas/ponto-inteligente-api/386851526/.m2/org/yaml/snakeyaml/1.17/snakeyaml-1.17.jar:/root/./workspace/jordilucas/ponto-inteligente-api/386851526/.m2/org/springframework/boot/spring-boot-devtools/1.5.8.RELEASE/spring-boot-devtools-1.5.8.RELEASE.jar:/root/./workspace/jordilucas/ponto-inteligente-api/386851526/.m2/org/springframework/boot/spring-boot-starter-test/1.5.8.RELEASE/spring-boot-starter-test-1.5.8.RELEASE.jar:/root/./workspace/jordilucas/ponto-inteligente-api/386851526/.m2/org/springframework/boot/spring-boot-test/1.5.8.RELEASE/spring-boot-test-1.5.8.RELEASE.jar:/root/./workspace/jordilucas/ponto-inteligente-api/386851526/.m2/org/springframework/boot/spring-boot-test-autoconfigure/1.5.8.RELEASE/spring-boot-test-autoconfigure-1.5.8.RELEASE.jar:/root/./workspace/jordilucas/ponto-inteligente-api/386851526/.m2/com/jayway/jsonpath/json-path/2.2.0/json-path-2.2.0.jar:/root/./workspace/jordilucas/ponto-inteligente-api/386851526/.m2/net/minidev/json-smart/2.2.1/json-smart-2.2.1.jar:/root/./workspace/jordilucas/ponto-inteligente-api/386851526/.m2/net/minidev/accessors-smart/1.1/accessors-smart-1.1.jar:/root/./workspace/jordilucas/ponto-inteligente-api/386851526/.m2/org/ow2/asm/asm/5.0.3/asm-5.0.3.jar:/root/./workspace/jordilucas/ponto-inteligente-api/386851526/.m2/org/slf4j/slf4j-api/1.7.25/slf4j-api-1.7.25.jar:/root/./workspace/jordilucas/ponto-inteligente-api/386851526/.m2/junit/junit/4.12/junit-4.12.jar:/root/./workspace/jordilucas/ponto-inteligente-api/386851526/.m2/org/assertj/assertj-core/2.6.0/assertj-core-2.6.0.jar:/root/./workspace/jordilucas/ponto-inteligente-api/386851526/.m2/org/mockito/mockito-core/1.10.19/mockito-core-1.10.19.jar:/root/./workspace/jordilucas/ponto-inteligente-api/386851526/.m2/org/objenesis/objenesis/2.1/objenesis-2.1.jar:/root/./workspace/jordilucas/ponto-inteligente-api/386851526/.m2/org/hamcrest/hamcrest-core/1.3/hamcrest-core-1.3.jar:/root/./workspace/jordilucas/ponto-inteligente-api/386851526/.m2/org/hamcrest/hamcrest-library/1.3/hamcrest-library-1.3.jar:/root/./workspace/jordilucas/ponto-inteligente-api/386851526/.m2/org/skyscreamer/jsonassert/1.4.0/jsonassert-1.4.0.jar:/root/./workspace/jordilucas/ponto-inteligente-api/386851526/.m2/com/vaadin/external/google/android-json/0.0.20131108.vaadin1/android-json-0.0.20131108.vaadin1.jar:/root/./workspace/jordilucas/ponto-inteligente-api/386851526/.m2/org/springframework/spring-test/4.3.12.RELEASE/spring-test-4.3.12.RELEASE.jar:/root/./workspace/jordilucas/ponto-inteligente-api/386851526/.m2/org/springframework/boot/spring-boot-starter-data-jpa/1.5.8.RELEASE/spring-boot-starter-data-jpa-1.5.8.RELEASE.jar:/root/./workspace/jordilucas/ponto-inteligente-api/386851526/.m2/org/springframework/boot/spring-boot-starter-aop/1.5.8.RELEASE/spring-boot-starter-aop-1.5.8.RELEASE.jar:/root/./workspace/jordilucas/ponto-inteligente-api/386851526/.m2/org/aspectj/aspectjweaver/1.8.11/aspectjweaver-1.8.11.jar:/root/./workspace/jordilucas/ponto-inteligente-api/386851526/.m2/org/springframework/boot/spring-boot-starter-jdbc/1.5.8.RELEASE/spring-boot-starter-jdbc-1.5.8.RELEASE.jar:/root/./workspace/jordilucas/ponto-inteligente-api/386851526/.m2/org/apache/tomcat/tomcat-jdbc/8.5.23/tomcat-jdbc-8.5.23.jar:/root/./workspace/jordilucas/ponto-inteligente-api/386851526/.m2/org/apache/tomcat/tomcat-juli/8.5.23/tomcat-juli-8.5.23.jar:/root/./workspace/jordilucas/ponto-inteligente-api/386851526/.m2/org/springframework/spring-jdbc/4.3.12.RELEASE/spring-jdbc-4.3.12.RELEASE.jar:/root/./workspace/jordilucas/ponto-inteligente-api/386851526/.m2/org/hibernate/hibernate-core/5.0.12.Final/hibernate-core-5.0.12.Final.jar:/root/./workspace/jordilucas/ponto-inteligente-api/386851526/.m2/org/hibernate/javax/persistence/hibernate-jpa-2.1-api/1.0.0.Final/hibernate-jpa-2.1-api-1.0.0.Final.jar:/root/./workspace/jordilucas/ponto-inteligente-api/386851526/.m2/org/javassist/javassist/3.21.0-GA/javassist-3.21.0-GA.jar:/root/./workspace/jordilucas/ponto-inteligente-api/386851526/.m2/antlr/antlr/2.7.7/antlr-2.7.7.jar:/root/./workspace/jordilucas/ponto-inteligente-api/386851526/.m2/org/jboss/jandex/2.0.0.Final/jandex-2.0.0.Final.jar:/root/./workspace/jordilucas/ponto-inteligente-api/386851526/.m2/dom4j/dom4j/1.6.1/dom4j-1.6.1.jar:/root/./workspace/jordilucas/ponto-inteligente-api/386851526/.m2/org/hibernate/common/hibernate-commons-annotations/5.0.1.Final/hibernate-commons-annotations-5.0.1.Final.jar:/root/./workspace/jordilucas/ponto-inteligente-api/386851526/.m2/org/hibernate/hibernate-entitymanager/5.0.12.Final/hibernate-entitymanager-5.0.12.Final.jar:/root/./workspace/jordilucas/ponto-inteligente-api/386851526/.m2/javax/transaction/javax.transaction-api/1.2/javax.transaction-api-1.2.jar:/root/./workspace/jordilucas/ponto-inteligente-api/386851526/.m2/org/springframework/data/spring-data-jpa/1.11.8.RELEASE/spring-data-jpa-1.11.8.RELEASE.jar:/root/./workspace/jordilucas/ponto-inteligente-api/386851526/.m2/org/springframework/data/spring-data-commons/1.13.8.RELEASE/spring-data-commons-1.13.8.RELEASE.jar:/root/./workspace/jordilucas/ponto-inteligente-api/386851526/.m2/org/springframework/spring-orm/4.3.12.RELEASE/spring-orm-4.3.12.RELEASE.jar:/root/./workspace/jordilucas/ponto-inteligente-api/386851526/.m2/org/springframework/spring-tx/4.3.12.RELEASE/spring-tx-4.3.12.RELEASE.jar:/root/./workspace/jordilucas/ponto-inteligente-api/386851526/.m2/org/springframework/spring-beans/4.3.12.RELEASE/spring-beans-4.3.12.RELEASE.jar:/root/./workspace/jordilucas/ponto-inteligente-api/386851526/.m2/org/springframework/spring-aspects/4.3.12.RELEASE/spring-aspects-4.3.12.RELEASE.jar:/root/./workspace/jordilucas/ponto-inteligente-api/386851526/.m2/mysql/mysql-connector-java/5.1.44/mysql-connector-java-5.1.44.jar:/root/./workspace/jordilucas/ponto-inteligente-api/386851526/.m2/com/h2database/h2/1.4.196/h2-1.4.196.jar:/root/./workspace/jordilucas/ponto-inteligente-api/386851526/.m2/org/jboss/logging/jboss-logging/3.3.1.Final/jboss-logging-3.3.1.Final.jar:/root/./workspace/jordilucas/ponto-inteligente-api/386851526/.m2/org/springframework/boot/spring-boot-starter-security/1.5.8.RELEASE/spring-boot-starter-security-1.5.8.RELEASE.jar:/root/./workspace/jordilucas/ponto-inteligente-api/386851526/.m2/org/springframework/spring-aop/4.3.12.RELEASE/spring-aop-4.3.12.RELEASE.jar:/root/./workspace/jordilucas/ponto-inteligente-api/386851526/.m2/org/springframework/security/spring-security-config/4.2.3.RELEASE/spring-security-config-4.2.3.RELEASE.jar:/root/./workspace/jordilucas/ponto-inteligente-api/386851526/.m2/org/springframework/security/spring-security-web/4.2.3.RELEASE/spring-security-web-4.2.3.RELEASE.jar:/root/./workspace/jordilucas/ponto-inteligente-api/386851526/.m2/org/springframework/spring-expression/4.3.12.RELEASE/spring-expression-4.3.12.RELEASE.jar:/root/./workspace/jordilucas/ponto-inteligente-api/386851526/.m2/org/springframework/security/spring-security-test/4.2.3.RELEASE/spring-security-test-4.2.3.RELEASE.jar:/root/./workspace/jordilucas/ponto-inteligente-api/386851526/.m2/org/springframework/security/spring-security-core/4.2.3.RELEASE/spring-security-core-4.2.3.RELEASE.jar:/root/./workspace/jordilucas/ponto-inteligente-api/386851526/.m2/aopalliance/aopalliance/1.0/aopalliance-1.0.jar:/root/./workspace/jordilucas/ponto-inteligente-api/386851526/.m2/org/springframework/boot/spring-boot-starter-web/1.5.8.RELEASE/spring-boot-starter-web-1.5.8.RELEASE.jar:/root/./workspace/jordilucas/ponto-inteligente-api/386851526/.m2/org/springframework/boot/spring-boot-starter-tomcat/1.5.8.RELEASE/spring-boot-starter-tomcat-1.5.8.RELEASE.jar:/root/./workspace/jordilucas/ponto-inteligente-api/386851526/.m2/org/apache/tomcat/embed/tomcat-embed-core/8.5.23/tomcat-embed-core-8.5.23.jar:/root/./workspace/jordilucas/ponto-inteligente-api/386851526/.m2/org/apache/tomcat/tomcat-annotations-api/8.5.23/tomcat-annotations-api-8.5.23.jar:/root/./workspace/jordilucas/ponto-inteligente-api/386851526/.m2/org/apache/tomcat/embed/tomcat-embed-websocket/8.5.23/tomcat-embed-websocket-8.5.23.jar:/root/./workspace/jordilucas/ponto-inteligente-api/386851526/.m2/org/hibernate/hibernate-validator/5.3.5.Final/hibernate-validator-5.3.5.Final.jar:/root/./workspace/jordilucas/ponto-inteligente-api/386851526/.m2/javax/validation/validation-api/1.1.0.Final/validation-api-1.1.0.Final.jar:/root/./workspace/jordilucas/ponto-inteligente-api/386851526/.m2/com/fasterxml/classmate/1.3.4/classmate-1.3.4.jar:/root/./workspace/jordilucas/ponto-inteligente-api/386851526/.m2/com/fasterxml/jackson/core/jackson-databind/2.8.10/jackson-databind-2.8.10.jar:/root/./workspace/jordilucas/ponto-inteligente-api/386851526/.m2/com/fasterxml/jackson/core/jackson-annotations/2.8.0/jackson-annotations-2.8.0.jar:/root/./workspace/jordilucas/ponto-inteligente-api/386851526/.m2/org/springframework/spring-web/4.3.12.RELEASE/spring-web-4.3.12.RELEASE.jar:/root/./workspace/jordilucas/ponto-inteligente-api/386851526/.m2/org/springframework/spring-webmvc/4.3.12.RELEASE/spring-webmvc-4.3.12.RELEASE.jar:/root/./workspace/jordilucas/ponto-inteligente-api/386851526/.m2/org/springframework/boot/spring-boot-starter-validation/1.5.8.RELEASE/spring-boot-starter-validation-1.5.8.RELEASE.jar:/root/./workspace/jordilucas/ponto-inteligente-api/386851526/.m2/org/apache/tomcat/embed/tomcat-embed-el/8.5.23/tomcat-embed-el-8.5.23.jar:/root/./workspace/jordilucas/ponto-inteligente-api/386851526/.m2/com/fasterxml/jackson/datatype/jackson-datatype-jdk8/2.8.10/jackson-datatype-jdk8-2.8.10.jar:/root/./workspace/jordilucas/ponto-inteligente-api/386851526/.m2/com/fasterxml/jackson/core/jackson-core/2.8.10/jackson-core-2.8.10.jar:/root/./workspace/jordilucas/ponto-inteligente-api/386851526/.m2/org/apache/commons/commons-lang3/3.6/commons-lang3-3.6.jar:, user.name=root, skipITs=true, java.vm.specification.version=1.8, sun.java.command=/root/workspace/jordilucas/ponto-inteligente-api/386851526/target/surefire/surefirebooter3283895179172420451.jar /root/workspace/jordilucas/ponto-inteligente-api/386851526/target/surefire/surefire4784252510475456301tmp /root/workspace/jordilucas/ponto-inteligente-api/386851526/target/surefire/surefire_07033769689870660414tmp, java.home=/usr/lib/jvm/java-8-openjdk-amd64/jre, sun.arch.data.model=64, user.language=en, java.specification.vendor=Oracle Corporation, dependency-check.skip=true, awt.toolkit=sun.awt.X11.XToolkit, java.vm.info=mixed mode, java.version=1.8.0_121, java.ext.dirs=/usr/lib/jvm/java-8-openjdk-amd64/jre/lib/ext:/usr/java/packages/lib/ext, sun.boot.class.path=/usr/lib/jvm/java-8-openjdk-amd64/jre/lib/resources.jar:/usr/lib/jvm/java-8-openjdk-amd64/jre/lib/rt.jar:/usr/lib/jvm/java-8-openjdk-amd64/jre/lib/sunrsasign.jar:/usr/lib/jvm/java-8-openjdk-amd64/jre/lib/jsse.jar:/usr/lib/jvm/java-8-openjdk-amd64/jre/lib/jce.jar:/usr/lib/jvm/java-8-openjdk-amd64/jre/lib/charsets.jar:/usr/lib/jvm/java-8-openjdk-amd64/jre/lib/jfr.jar:/usr/lib/jvm/java-8-openjdk-amd64/jre/classes, rat.skip=true, enforcer.skip=true, java.vendor=Oracle Corporation, localRepository=/root/./workspace/jordilucas/ponto-inteligente-api/386851526/.m2, file.separator=/, java.vendor.url.bug=http://bugreport.sun.com/bugreport/, sun.io.unicode.encoding=UnicodeLittle, sun.cpu.endian=little, sun.cpu.isalist=}}, SystemEnvironmentPropertySource@168366 {name='systemEnvironment', properties={PATH=/usr/local/sbin:/usr/local/bin:/usr/sbin:/usr/bin:/sbin:/bin, JAVA_HOME=/usr/lib/jvm/java-8-openjdk-amd64, NOTIFY_TO=, CA_CERTIFICATES_JAVA_VERSION=20161107~bpo8+1, MONGODB_HOST=, BUILD_ID=, LANG=C.UTF-8, MAVEN_HOME=/usr/share/maven, SMTP_SERVER=, MONGODB_NAME=, REPAIR_MODE=repair, PWD=/root/workspace/jordilucas/ponto-inteligente-api/386851526, JAVA_VERSION=8u121, GITHUB_OAUTH=, MAVEN_CMD_LINE_ARGS=/root/.m2 -B -D enforcer.skip=true -D dependency-check.skip=true -D skipITs=true -D cobertura.skip=true -D maven.repo.local=/root/./workspace/jordilucas/ponto-inteligente-api/386851526/.m2 -D rat.skip=true -D findbugs.skip=true -D skip.bower=true -D gpg.skip=true -D checkstyle.skip=true -D skip.gulp=true -D license.skip=true -D skip.npm=true test, _=/usr/bin/java, OUTPUT=, MAVEN_TERMINATE_CMD=on, MAVEN_CONFIG=/root/.m2, MAVEN_PROJECTBASEDIR=/root/workspace/jordilucas/ponto-inteligente-api/386851526, OLDPWD=/root/workspace/jordilucas/ponto-inteligente-api/386851526, LOG_FILENAME=repairnator-pipeline_2018-06-01_2229_386851526_5a77b685-d098-401d-b168-01e076b51223, RUN_ID=, HOSTNAME=cyclone1, JAVA_DEBIAN_VERSION=8u121-b13-1~bpo8+1, M2_HOME=/usr/share/maven, REPAIR_TOOLS=AssertFixer, HOME=/root, SHLVL=1, PUSH_URL=}}]
22:30:26.262 [main] DEBUG org.springframework.core.io.support.PathMatchingResourcePatternResolver - Resolved classpath location [br/com/jordilucas/pontointeligente/api/services/] to resources [URL [file:/root/workspace/jordilucas/ponto-inteligente-api/386851526/target/test-classes/br/com/jordilucas/pontointeligente/api/services/], URL [file:/root/workspace/jordilucas/ponto-inteligente-api/386851526/target/classes/br/com/jordilucas/pontointeligente/api/services/]]
22:30:26.262 [main] DEBUG org.springframework.core.io.support.PathMatchingResourcePatternResolver - Looking for matching resources in directory tree [/root/workspace/jordilucas/ponto-inteligente-api/386851526/target/test-classes/br/com/jordilucas/pontointeligente/api/services]
22:30:26.262 [main] DEBUG org.springframework.core.io.support.PathMatchingResourcePatternResolver - Searching directory [/root/workspace/jordilucas/ponto-inteligente-api/386851526/target/test-classes/br/com/jordilucas/pontointeligente/api/services] for files matching pattern [/root/workspace/jordilucas/ponto-inteligente-api/386851526/target/test-classes/br/com/jordilucas/pontointeligente/api/services/*.class]
22:30:26.264 [main] DEBUG org.springframework.core.io.support.PathMatchingResourcePatternResolver - Looking for matching resources in directory tree [/root/workspace/jordilucas/ponto-inteligente-api/386851526/target/classes/br/com/jordilucas/pontointeligente/api/services]
22:30:26.264 [main] DEBUG org.springframework.core.io.support.PathMatchingResourcePatternResolver - Searching directory [/root/workspace/jordilucas/ponto-inteligente-api/386851526/target/classes/br/com/jordilucas/pontointeligente/api/services] for files matching pattern [/root/workspace/jordilucas/ponto-inteligente-api/386851526/target/classes/br/com/jordilucas/pontointeligente/api/services/*.class]
22:30:26.265 [main] DEBUG org.springframework.core.io.support.PathMatchingResourcePatternResolver - Resolved location pattern [classpath*:br/com/jordilucas/pontointeligente/api/services/*.class] to resources [file [/root/workspace/jordilucas/ponto-inteligente-api/386851526/target/test-classes/br/com/jordilucas/pontointeligente/api/services/EmpresaServiceTest.class], file [/root/workspace/jordilucas/ponto-inteligente-api/386851526/target/test-classes/br/com/jordilucas/pontointeligente/api/services/FuncionarioServiceTest.class], file [/root/workspace/jordilucas/ponto-inteligente-api/386851526/target/test-classes/br/com/jordilucas/pontointeligente/api/services/LancamentoServiceTest.class], file [/root/workspace/jordilucas/ponto-inteligente-api/386851526/target/classes/br/com/jordilucas/pontointeligente/api/services/EmpresaService.class], file [/root/workspace/jordilucas/ponto-inteligente-api/386851526/target/classes/br/com/jordilucas/pontointeligente/api/services/FuncionarioService.class], file [/root/workspace/jordilucas/ponto-inteligente-api/386851526/target/classes/br/com/jordilucas/pontointeligente/api/services/LancamentoService.class]]
22:30:26.269 [main] DEBUG org.springframework.core.io.support.PathMatchingResourcePatternResolver - Resolved classpath location [br/com/jordilucas/pontointeligente/api/] to resources [URL [file:/root/workspace/jordilucas/ponto-inteligente-api/386851526/target/test-classes/br/com/jordilucas/pontointeligente/api/], URL [file:/root/workspace/jordilucas/ponto-inteligente-api/386851526/target/classes/br/com/jordilucas/pontointeligente/api/]]
22:30:26.269 [main] DEBUG org.springframework.core.io.support.PathMatchingResourcePatternResolver - Looking for matching resources in directory tree [/root/workspace/jordilucas/ponto-inteligente-api/386851526/target/test-classes/br/com/jordilucas/pontointeligente/api]
22:30:26.269 [main] DEBUG org.springframework.core.io.support.PathMatchingResourcePatternResolver - Searching directory [/root/workspace/jordilucas/ponto-inteligente-api/386851526/target/test-classes/br/com/jordilucas/pontointeligente/api] for files matching pattern [/root/workspace/jordilucas/ponto-inteligente-api/386851526/target/test-classes/br/com/jordilucas/pontointeligente/api/*.class]
22:30:26.270 [main] DEBUG org.springframework.core.io.support.PathMatchingResourcePatternResolver - Looking for matching resources in directory tree [/root/workspace/jordilucas/ponto-inteligente-api/386851526/target/classes/br/com/jordilucas/pontointeligente/api]
22:30:26.270 [main] DEBUG org.springframework.core.io.support.PathMatchingResourcePatternResolver - Searching directory [/root/workspace/jordilucas/ponto-inteligente-api/386851526/target/classes/br/com/jordilucas/pontointeligente/api] for files matching pattern [/root/workspace/jordilucas/ponto-inteligente-api/386851526/target/classes/br/com/jordilucas/pontointeligente/api/*.class]
22:30:26.272 [main] DEBUG org.springframework.core.io.support.PathMatchingResourcePatternResolver - Resolved location pattern [classpath*:br/com/jordilucas/pontointeligente/api/*.class] to resources [file [/root/workspace/jordilucas/ponto-inteligente-api/386851526/target/test-classes/br/com/jordilucas/pontointeligente/api/PontoInteligenteApplicationTests.class], file [/root/workspace/jordilucas/ponto-inteligente-api/386851526/target/classes/br/com/jordilucas/pontointeligente/api/PontoInteligenteApplication.class]]
22:30:26.277 [main] DEBUG org.springframework.context.annotation.ClassPathScanningCandidateComponentProvider - Identified candidate component class: file [/root/workspace/jordilucas/ponto-inteligente-api/386851526/target/classes/br/com/jordilucas/pontointeligente/api/PontoInteligenteApplication.class]
22:30:26.277 [main] INFO org.springframework.boot.test.context.SpringBootTestContextBootstrapper - Found @SpringBootConfiguration br.com.jordilucas.pontointeligente.api.PontoInteligenteApplication for test class br.com.jordilucas.pontointeligente.api.services.LancamentoServiceTest
22:30:26.279 [main] DEBUG org.springframework.boot.test.context.SpringBootTestContextBootstrapper - @TestExecutionListeners is not present for class [br.com.jordilucas.pontointeligente.api.services.LancamentoServiceTest]: using defaults.
22:30:26.283 [main] INFO org.springframework.boot.test.context.SpringBootTestContextBootstrapper - Loaded default TestExecutionListener class names from location [META-INF/spring.factories]: [org.springframework.boot.test.mock.mockito.MockitoTestExecutionListener, org.springframework.boot.test.mock.mockito.ResetMocksTestExecutionListener, org.springframework.boot.test.autoconfigure.restdocs.RestDocsTestExecutionListener, org.springframework.boot.test.autoconfigure.web.client.MockRestServiceServerResetTestExecutionListener, org.springframework.boot.test.autoconfigure.web.servlet.MockMvcPrintOnlyOnFailureTestExecutionListener, org.springframework.boot.test.autoconfigure.web.servlet.WebDriverTestExecutionListener, org.springframework.test.context.web.ServletTestExecutionListener, org.springframework.test.context.support.DirtiesContextBeforeModesTestExecutionListener, org.springframework.test.context.support.DependencyInjectionTestExecutionListener, org.springframework.test.context.support.DirtiesContextTestExecutionListener, org.springframework.test.context.transaction.TransactionalTestExecutionListener, org.springframework.test.context.jdbc.SqlScriptsTestExecutionListener, org.springframework.security.test.context.support.WithSecurityContextTestExecutionListener]
22:30:26.288 [main] INFO org.springframework.boot.test.context.SpringBootTestContextBootstrapper - Using TestExecutionListeners: [org.springframework.test.context.web.ServletTestExecutionListener@4f18837a, org.springframework.test.context.support.DirtiesContextBeforeModesTestExecutionListener@359f7cdf, org.springframework.boot.test.autoconfigure.SpringBootDependencyInjectionTestExecutionListener@1fa268de, org.springframework.test.context.support.DirtiesContextTestExecutionListener@4f6ee6e4, org.springframework.test.context.transaction.TransactionalTestExecutionListener@4466af20, org.springframework.test.context.jdbc.SqlScriptsTestExecutionListener@a514af7, org.springframework.security.test.context.support.WithSecurityContextTestExecutionListener@6b927fb, org.springframework.boot.test.autoconfigure.web.servlet.MockMvcPrintOnlyOnFailureTestExecutionListener@3e58a80e, org.springframework.boot.test.mock.mockito.MockitoTestExecutionListener@4fb61f4a, org.springframework.boot.test.autoconfigure.web.client.MockRestServiceServerResetTestExecutionListener@4fb0f2b9, org.springframework.boot.test.autoconfigure.restdocs.RestDocsTestExecutionListener@79924b, org.springframework.boot.test.autoconfigure.web.servlet.WebDriverTestExecutionListener@7b9a4292, org.springframework.boot.test.mock.mockito.ResetMocksTestExecutionListener@4a94ee4]
22:30:26.290 [main] DEBUG org.springframework.test.context.junit4.SpringJUnit4ClassRunner - SpringJUnit4ClassRunner constructor called with [class br.com.jordilucas.pontointeligente.api.services.FuncionarioServiceTest]
22:30:26.290 [main] DEBUG org.springframework.test.context.BootstrapUtils - Instantiating CacheAwareContextLoaderDelegate from class [org.springframework.test.context.cache.DefaultCacheAwareContextLoaderDelegate]
22:30:26.290 [main] DEBUG org.springframework.test.context.BootstrapUtils - Instantiating BootstrapContext using constructor [public org.springframework.test.context.support.DefaultBootstrapContext(java.lang.Class,org.springframework.test.context.CacheAwareContextLoaderDelegate)]
22:30:26.290 [main] DEBUG org.springframework.test.context.BootstrapUtils - Instantiating TestContextBootstrapper for test class [br.com.jordilucas.pontointeligente.api.services.FuncionarioServiceTest] from class [org.springframework.boot.test.context.SpringBootTestContextBootstrapper]
22:30:26.291 [main] INFO org.springframework.boot.test.context.SpringBootTestContextBootstrapper - Neither @ContextConfiguration nor @ContextHierarchy found for test class [br.com.jordilucas.pontointeligente.api.services.FuncionarioServiceTest], using SpringBootContextLoader
22:30:26.292 [main] DEBUG org.springframework.test.context.support.AbstractContextLoader - Did not detect default resource location for test class [br.com.jordilucas.pontointeligente.api.services.FuncionarioServiceTest]: class path resource [br/com/jordilucas/pontointeligente/api/services/FuncionarioServiceTest-context.xml] does not exist
22:30:26.292 [main] DEBUG org.springframework.test.context.support.AbstractContextLoader - Did not detect default resource location for test class [br.com.jordilucas.pontointeligente.api.services.FuncionarioServiceTest]: class path resource [br/com/jordilucas/pontointeligente/api/services/FuncionarioServiceTestContext.groovy] does not exist
22:30:26.292 [main] INFO org.springframework.test.context.support.AbstractContextLoader - Could not detect default resource locations for test class [br.com.jordilucas.pontointeligente.api.services.FuncionarioServiceTest]: no resource found for suffixes {-context.xml, Context.groovy}.
22:30:26.292 [main] INFO org.springframework.test.context.support.AnnotationConfigContextLoaderUtils - Could not detect default configuration classes for test class [br.com.jordilucas.pontointeligente.api.services.FuncionarioServiceTest]: FuncionarioServiceTest does not declare any static, non-private, non-final, nested classes annotated with @Configuration.
22:30:26.298 [main] DEBUG org.springframework.core.env.StandardEnvironment - Adding PropertySource 'systemProperties' with lowest search precedence
22:30:26.299 [main] DEBUG org.springframework.core.env.StandardEnvironment - Adding PropertySource 'systemEnvironment' with lowest search precedence
22:30:26.299 [main] DEBUG org.springframework.core.env.StandardEnvironment - Initialized StandardEnvironment with PropertySources [MapPropertySource@902478634 {name='systemProperties', properties={java.runtime.name=OpenJDK Runtime Environment, sun.boot.library.path=/usr/lib/jvm/java-8-openjdk-amd64/jre/lib/amd64, java.vm.version=25.121-b13, java.vm.vendor=Oracle Corporation, java.vendor.url=http://java.oracle.com/, skip.gulp=true, path.separator=:, java.vm.name=OpenJDK 64-Bit Server VM, file.encoding.pkg=sun.io, findbugs.skip=true, sun.java.launcher=SUN_STANDARD, sun.os.patch.level=unknown, java.vm.specification.name=Java Virtual Machine Specification, user.dir=/root/workspace/jordilucas/ponto-inteligente-api/386851526, checkstyle.skip=true, java.runtime.version=1.8.0_121-8u121-b13-1~bpo8+1-b13, skip.npm=true, basedir=/root/workspace/jordilucas/ponto-inteligente-api/386851526, java.awt.graphicsenv=sun.awt.X11GraphicsEnvironment, java.endorsed.dirs=/usr/lib/jvm/java-8-openjdk-amd64/jre/lib/endorsed, os.arch=amd64, surefire.real.class.path=/root/workspace/jordilucas/ponto-inteligente-api/386851526/target/surefire/surefirebooter3283895179172420451.jar, gpg.skip=true, java.io.tmpdir=/tmp, line.separator=
, cobertura.skip=true, java.vm.specification.vendor=Oracle Corporation, os.name=Linux, sun.jnu.encoding=UTF-8, license.skip=true, java.library.path=/usr/java/packages/lib/amd64:/usr/lib/x86_64-linux-gnu/jni:/lib/x86_64-linux-gnu:/usr/lib/x86_64-linux-gnu:/usr/lib/jni:/lib:/usr/lib, surefire.test.class.path=/root/workspace/jordilucas/ponto-inteligente-api/386851526/target/test-classes:/root/workspace/jordilucas/ponto-inteligente-api/386851526/target/classes:/root/./workspace/jordilucas/ponto-inteligente-api/386851526/.m2/org/springframework/boot/spring-boot-starter/1.5.8.RELEASE/spring-boot-starter-1.5.8.RELEASE.jar:/root/./workspace/jordilucas/ponto-inteligente-api/386851526/.m2/org/springframework/boot/spring-boot/1.5.8.RELEASE/spring-boot-1.5.8.RELEASE.jar:/root/./workspace/jordilucas/ponto-inteligente-api/386851526/.m2/org/springframework/spring-context/4.3.12.RELEASE/spring-context-4.3.12.RELEASE.jar:/root/./workspace/jordilucas/ponto-inteligente-api/386851526/.m2/org/springframework/boot/spring-boot-autoconfigure/1.5.8.RELEASE/spring-boot-autoconfigure-1.5.8.RELEASE.jar:/root/./workspace/jordilucas/ponto-inteligente-api/386851526/.m2/org/springframework/boot/spring-boot-starter-logging/1.5.8.RELEASE/spring-boot-starter-logging-1.5.8.RELEASE.jar:/root/./workspace/jordilucas/ponto-inteligente-api/386851526/.m2/ch/qos/logback/logback-classic/1.1.11/logback-classic-1.1.11.jar:/root/./workspace/jordilucas/ponto-inteligente-api/386851526/.m2/ch/qos/logback/logback-core/1.1.11/logback-core-1.1.11.jar:/root/./workspace/jordilucas/ponto-inteligente-api/386851526/.m2/org/slf4j/jcl-over-slf4j/1.7.25/jcl-over-slf4j-1.7.25.jar:/root/./workspace/jordilucas/ponto-inteligente-api/386851526/.m2/org/slf4j/jul-to-slf4j/1.7.25/jul-to-slf4j-1.7.25.jar:/root/./workspace/jordilucas/ponto-inteligente-api/386851526/.m2/org/slf4j/log4j-over-slf4j/1.7.25/log4j-over-slf4j-1.7.25.jar:/root/./workspace/jordilucas/ponto-inteligente-api/386851526/.m2/org/springframework/spring-core/4.3.12.RELEASE/spring-core-4.3.12.RELEASE.jar:/root/./workspace/jordilucas/ponto-inteligente-api/386851526/.m2/org/yaml/snakeyaml/1.17/snakeyaml-1.17.jar:/root/./workspace/jordilucas/ponto-inteligente-api/386851526/.m2/org/springframework/boot/spring-boot-devtools/1.5.8.RELEASE/spring-boot-devtools-1.5.8.RELEASE.jar:/root/./workspace/jordilucas/ponto-inteligente-api/386851526/.m2/org/springframework/boot/spring-boot-starter-test/1.5.8.RELEASE/spring-boot-starter-test-1.5.8.RELEASE.jar:/root/./workspace/jordilucas/ponto-inteligente-api/386851526/.m2/org/springframework/boot/spring-boot-test/1.5.8.RELEASE/spring-boot-test-1.5.8.RELEASE.jar:/root/./workspace/jordilucas/ponto-inteligente-api/386851526/.m2/org/springframework/boot/spring-boot-test-autoconfigure/1.5.8.RELEASE/spring-boot-test-autoconfigure-1.5.8.RELEASE.jar:/root/./workspace/jordilucas/ponto-inteligente-api/386851526/.m2/com/jayway/jsonpath/json-path/2.2.0/json-path-2.2.0.jar:/root/./workspace/jordilucas/ponto-inteligente-api/386851526/.m2/net/minidev/json-smart/2.2.1/json-smart-2.2.1.jar:/root/./workspace/jordilucas/ponto-inteligente-api/386851526/.m2/net/minidev/accessors-smart/1.1/accessors-smart-1.1.jar:/root/./workspace/jordilucas/ponto-inteligente-api/386851526/.m2/org/ow2/asm/asm/5.0.3/asm-5.0.3.jar:/root/./workspace/jordilucas/ponto-inteligente-api/386851526/.m2/org/slf4j/slf4j-api/1.7.25/slf4j-api-1.7.25.jar:/root/./workspace/jordilucas/ponto-inteligente-api/386851526/.m2/junit/junit/4.12/junit-4.12.jar:/root/./workspace/jordilucas/ponto-inteligente-api/386851526/.m2/org/assertj/assertj-core/2.6.0/assertj-core-2.6.0.jar:/root/./workspace/jordilucas/ponto-inteligente-api/386851526/.m2/org/mockito/mockito-core/1.10.19/mockito-core-1.10.19.jar:/root/./workspace/jordilucas/ponto-inteligente-api/386851526/.m2/org/objenesis/objenesis/2.1/objenesis-2.1.jar:/root/./workspace/jordilucas/ponto-inteligente-api/386851526/.m2/org/hamcrest/hamcrest-core/1.3/hamcrest-core-1.3.jar:/root/./workspace/jordilucas/ponto-inteligente-api/386851526/.m2/org/hamcrest/hamcrest-library/1.3/hamcrest-library-1.3.jar:/root/./workspace/jordilucas/ponto-inteligente-api/386851526/.m2/org/skyscreamer/jsonassert/1.4.0/jsonassert-1.4.0.jar:/root/./workspace/jordilucas/ponto-inteligente-api/386851526/.m2/com/vaadin/external/google/android-json/0.0.20131108.vaadin1/android-json-0.0.20131108.vaadin1.jar:/root/./workspace/jordilucas/ponto-inteligente-api/386851526/.m2/org/springframework/spring-test/4.3.12.RELEASE/spring-test-4.3.12.RELEASE.jar:/root/./workspace/jordilucas/ponto-inteligente-api/386851526/.m2/org/springframework/boot/spring-boot-starter-data-jpa/1.5.8.RELEASE/spring-boot-starter-data-jpa-1.5.8.RELEASE.jar:/root/./workspace/jordilucas/ponto-inteligente-api/386851526/.m2/org/springframework/boot/spring-boot-starter-aop/1.5.8.RELEASE/spring-boot-starter-aop-1.5.8.RELEASE.jar:/root/./workspace/jordilucas/ponto-inteligente-api/386851526/.m2/org/aspectj/aspectjweaver/1.8.11/aspectjweaver-1.8.11.jar:/root/./workspace/jordilucas/ponto-inteligente-api/386851526/.m2/org/springframework/boot/spring-boot-starter-jdbc/1.5.8.RELEASE/spring-boot-starter-jdbc-1.5.8.RELEASE.jar:/root/./workspace/jordilucas/ponto-inteligente-api/386851526/.m2/org/apache/tomcat/tomcat-jdbc/8.5.23/tomcat-jdbc-8.5.23.jar:/root/./workspace/jordilucas/ponto-inteligente-api/386851526/.m2/org/apache/tomcat/tomcat-juli/8.5.23/tomcat-juli-8.5.23.jar:/root/./workspace/jordilucas/ponto-inteligente-api/386851526/.m2/org/springframework/spring-jdbc/4.3.12.RELEASE/spring-jdbc-4.3.12.RELEASE.jar:/root/./workspace/jordilucas/ponto-inteligente-api/386851526/.m2/org/hibernate/hibernate-core/5.0.12.Final/hibernate-core-5.0.12.Final.jar:/root/./workspace/jordilucas/ponto-inteligente-api/386851526/.m2/org/hibernate/javax/persistence/hibernate-jpa-2.1-api/1.0.0.Final/hibernate-jpa-2.1-api-1.0.0.Final.jar:/root/./workspace/jordilucas/ponto-inteligente-api/386851526/.m2/org/javassist/javassist/3.21.0-GA/javassist-3.21.0-GA.jar:/root/./workspace/jordilucas/ponto-inteligente-api/386851526/.m2/antlr/antlr/2.7.7/antlr-2.7.7.jar:/root/./workspace/jordilucas/ponto-inteligente-api/386851526/.m2/org/jboss/jandex/2.0.0.Final/jandex-2.0.0.Final.jar:/root/./workspace/jordilucas/ponto-inteligente-api/386851526/.m2/dom4j/dom4j/1.6.1/dom4j-1.6.1.jar:/root/./workspace/jordilucas/ponto-inteligente-api/386851526/.m2/org/hibernate/common/hibernate-commons-annotations/5.0.1.Final/hibernate-commons-annotations-5.0.1.Final.jar:/root/./workspace/jordilucas/ponto-inteligente-api/386851526/.m2/org/hibernate/hibernate-entitymanager/5.0.12.Final/hibernate-entitymanager-5.0.12.Final.jar:/root/./workspace/jordilucas/ponto-inteligente-api/386851526/.m2/javax/transaction/javax.transaction-api/1.2/javax.transaction-api-1.2.jar:/root/./workspace/jordilucas/ponto-inteligente-api/386851526/.m2/org/springframework/data/spring-data-jpa/1.11.8.RELEASE/spring-data-jpa-1.11.8.RELEASE.jar:/root/./workspace/jordilucas/ponto-inteligente-api/386851526/.m2/org/springframework/data/spring-data-commons/1.13.8.RELEASE/spring-data-commons-1.13.8.RELEASE.jar:/root/./workspace/jordilucas/ponto-inteligente-api/386851526/.m2/org/springframework/spring-orm/4.3.12.RELEASE/spring-orm-4.3.12.RELEASE.jar:/root/./workspace/jordilucas/ponto-inteligente-api/386851526/.m2/org/springframework/spring-tx/4.3.12.RELEASE/spring-tx-4.3.12.RELEASE.jar:/root/./workspace/jordilucas/ponto-inteligente-api/386851526/.m2/org/springframework/spring-beans/4.3.12.RELEASE/spring-beans-4.3.12.RELEASE.jar:/root/./workspace/jordilucas/ponto-inteligente-api/386851526/.m2/org/springframework/spring-aspects/4.3.12.RELEASE/spring-aspects-4.3.12.RELEASE.jar:/root/./workspace/jordilucas/ponto-inteligente-api/386851526/.m2/mysql/mysql-connector-java/5.1.44/mysql-connector-java-5.1.44.jar:/root/./workspace/jordilucas/ponto-inteligente-api/386851526/.m2/com/h2database/h2/1.4.196/h2-1.4.196.jar:/root/./workspace/jordilucas/ponto-inteligente-api/386851526/.m2/org/jboss/logging/jboss-logging/3.3.1.Final/jboss-logging-3.3.1.Final.jar:/root/./workspace/jordilucas/ponto-inteligente-api/386851526/.m2/org/springframework/boot/spring-boot-starter-security/1.5.8.RELEASE/spring-boot-starter-security-1.5.8.RELEASE.jar:/root/./workspace/jordilucas/ponto-inteligente-api/386851526/.m2/org/springframework/spring-aop/4.3.12.RELEASE/spring-aop-4.3.12.RELEASE.jar:/root/./workspace/jordilucas/ponto-inteligente-api/386851526/.m2/org/springframework/security/spring-security-config/4.2.3.RELEASE/spring-security-config-4.2.3.RELEASE.jar:/root/./workspace/jordilucas/ponto-inteligente-api/386851526/.m2/org/springframework/security/spring-security-web/4.2.3.RELEASE/spring-security-web-4.2.3.RELEASE.jar:/root/./workspace/jordilucas/ponto-inteligente-api/386851526/.m2/org/springframework/spring-expression/4.3.12.RELEASE/spring-expression-4.3.12.RELEASE.jar:/root/./workspace/jordilucas/ponto-inteligente-api/386851526/.m2/org/springframework/security/spring-security-test/4.2.3.RELEASE/spring-security-test-4.2.3.RELEASE.jar:/root/./workspace/jordilucas/ponto-inteligente-api/386851526/.m2/org/springframework/security/spring-security-core/4.2.3.RELEASE/spring-security-core-4.2.3.RELEASE.jar:/root/./workspace/jordilucas/ponto-inteligente-api/386851526/.m2/aopalliance/aopalliance/1.0/aopalliance-1.0.jar:/root/./workspace/jordilucas/ponto-inteligente-api/386851526/.m2/org/springframework/boot/spring-boot-starter-web/1.5.8.RELEASE/spring-boot-starter-web-1.5.8.RELEASE.jar:/root/./workspace/jordilucas/ponto-inteligente-api/386851526/.m2/org/springframework/boot/spring-boot-starter-tomcat/1.5.8.RELEASE/spring-boot-starter-tomcat-1.5.8.RELEASE.jar:/root/./workspace/jordilucas/ponto-inteligente-api/386851526/.m2/org/apache/tomcat/embed/tomcat-embed-core/8.5.23/tomcat-embed-core-8.5.23.jar:/root/./workspace/jordilucas/ponto-inteligente-api/386851526/.m2/org/apache/tomcat/tomcat-annotations-api/8.5.23/tomcat-annotations-api-8.5.23.jar:/root/./workspace/jordilucas/ponto-inteligente-api/386851526/.m2/org/apache/tomcat/embed/tomcat-embed-websocket/8.5.23/tomcat-embed-websocket-8.5.23.jar:/root/./workspace/jordilucas/ponto-inteligente-api/386851526/.m2/org/hibernate/hibernate-validator/5.3.5.Final/hibernate-validator-5.3.5.Final.jar:/root/./workspace/jordilucas/ponto-inteligente-api/386851526/.m2/javax/validation/validation-api/1.1.0.Final/validation-api-1.1.0.Final.jar:/root/./workspace/jordilucas/ponto-inteligente-api/386851526/.m2/com/fasterxml/classmate/1.3.4/classmate-1.3.4.jar:/root/./workspace/jordilucas/ponto-inteligente-api/386851526/.m2/com/fasterxml/jackson/core/jackson-databind/2.8.10/jackson-databind-2.8.10.jar:/root/./workspace/jordilucas/ponto-inteligente-api/386851526/.m2/com/fasterxml/jackson/core/jackson-annotations/2.8.0/jackson-annotations-2.8.0.jar:/root/./workspace/jordilucas/ponto-inteligente-api/386851526/.m2/org/springframework/spring-web/4.3.12.RELEASE/spring-web-4.3.12.RELEASE.jar:/root/./workspace/jordilucas/ponto-inteligente-api/386851526/.m2/org/springframework/spring-webmvc/4.3.12.RELEASE/spring-webmvc-4.3.12.RELEASE.jar:/root/./workspace/jordilucas/ponto-inteligente-api/386851526/.m2/org/springframework/boot/spring-boot-starter-validation/1.5.8.RELEASE/spring-boot-starter-validation-1.5.8.RELEASE.jar:/root/./workspace/jordilucas/ponto-inteligente-api/386851526/.m2/org/apache/tomcat/embed/tomcat-embed-el/8.5.23/tomcat-embed-el-8.5.23.jar:/root/./workspace/jordilucas/ponto-inteligente-api/386851526/.m2/com/fasterxml/jackson/datatype/jackson-datatype-jdk8/2.8.10/jackson-datatype-jdk8-2.8.10.jar:/root/./workspace/jordilucas/ponto-inteligente-api/386851526/.m2/com/fasterxml/jackson/core/jackson-core/2.8.10/jackson-core-2.8.10.jar:/root/./workspace/jordilucas/ponto-inteligente-api/386851526/.m2/org/apache/commons/commons-lang3/3.6/commons-lang3-3.6.jar:, java.specification.name=Java Platform API Specification, java.class.version=52.0, skip.bower=true, sun.management.compiler=HotSpot 64-Bit Tiered Compilers, maven.repo.local=/root/./workspace/jordilucas/ponto-inteligente-api/386851526/.m2, os.version=3.10.0-862.3.2.el7.x86_64, user.home=/root, user.timezone=Europe/Paris, java.awt.printerjob=sun.print.PSPrinterJob, file.encoding=UTF-8, java.specification.version=1.8, java.class.path=/root/workspace/jordilucas/ponto-inteligente-api/386851526/target/test-classes:/root/workspace/jordilucas/ponto-inteligente-api/386851526/target/classes:/root/./workspace/jordilucas/ponto-inteligente-api/386851526/.m2/org/springframework/boot/spring-boot-starter/1.5.8.RELEASE/spring-boot-starter-1.5.8.RELEASE.jar:/root/./workspace/jordilucas/ponto-inteligente-api/386851526/.m2/org/springframework/boot/spring-boot/1.5.8.RELEASE/spring-boot-1.5.8.RELEASE.jar:/root/./workspace/jordilucas/ponto-inteligente-api/386851526/.m2/org/springframework/spring-context/4.3.12.RELEASE/spring-context-4.3.12.RELEASE.jar:/root/./workspace/jordilucas/ponto-inteligente-api/386851526/.m2/org/springframework/boot/spring-boot-autoconfigure/1.5.8.RELEASE/spring-boot-autoconfigure-1.5.8.RELEASE.jar:/root/./workspace/jordilucas/ponto-inteligente-api/386851526/.m2/org/springframework/boot/spring-boot-starter-logging/1.5.8.RELEASE/spring-boot-starter-logging-1.5.8.RELEASE.jar:/root/./workspace/jordilucas/ponto-inteligente-api/386851526/.m2/ch/qos/logback/logback-classic/1.1.11/logback-classic-1.1.11.jar:/root/./workspace/jordilucas/ponto-inteligente-api/386851526/.m2/ch/qos/logback/logback-core/1.1.11/logback-core-1.1.11.jar:/root/./workspace/jordilucas/ponto-inteligente-api/386851526/.m2/org/slf4j/jcl-over-slf4j/1.7.25/jcl-over-slf4j-1.7.25.jar:/root/./workspace/jordilucas/ponto-inteligente-api/386851526/.m2/org/slf4j/jul-to-slf4j/1.7.25/jul-to-slf4j-1.7.25.jar:/root/./workspace/jordilucas/ponto-inteligente-api/386851526/.m2/org/slf4j/log4j-over-slf4j/1.7.25/log4j-over-slf4j-1.7.25.jar:/root/./workspace/jordilucas/ponto-inteligente-api/386851526/.m2/org/springframework/spring-core/4.3.12.RELEASE/spring-core-4.3.12.RELEASE.jar:/root/./workspace/jordilucas/ponto-inteligente-api/386851526/.m2/org/yaml/snakeyaml/1.17/snakeyaml-1.17.jar:/root/./workspace/jordilucas/ponto-inteligente-api/386851526/.m2/org/springframework/boot/spring-boot-devtools/1.5.8.RELEASE/spring-boot-devtools-1.5.8.RELEASE.jar:/root/./workspace/jordilucas/ponto-inteligente-api/386851526/.m2/org/springframework/boot/spring-boot-starter-test/1.5.8.RELEASE/spring-boot-starter-test-1.5.8.RELEASE.jar:/root/./workspace/jordilucas/ponto-inteligente-api/386851526/.m2/org/springframework/boot/spring-boot-test/1.5.8.RELEASE/spring-boot-test-1.5.8.RELEASE.jar:/root/./workspace/jordilucas/ponto-inteligente-api/386851526/.m2/org/springframework/boot/spring-boot-test-autoconfigure/1.5.8.RELEASE/spring-boot-test-autoconfigure-1.5.8.RELEASE.jar:/root/./workspace/jordilucas/ponto-inteligente-api/386851526/.m2/com/jayway/jsonpath/json-path/2.2.0/json-path-2.2.0.jar:/root/./workspace/jordilucas/ponto-inteligente-api/386851526/.m2/net/minidev/json-smart/2.2.1/json-smart-2.2.1.jar:/root/./workspace/jordilucas/ponto-inteligente-api/386851526/.m2/net/minidev/accessors-smart/1.1/accessors-smart-1.1.jar:/root/./workspace/jordilucas/ponto-inteligente-api/386851526/.m2/org/ow2/asm/asm/5.0.3/asm-5.0.3.jar:/root/./workspace/jordilucas/ponto-inteligente-api/386851526/.m2/org/slf4j/slf4j-api/1.7.25/slf4j-api-1.7.25.jar:/root/./workspace/jordilucas/ponto-inteligente-api/386851526/.m2/junit/junit/4.12/junit-4.12.jar:/root/./workspace/jordilucas/ponto-inteligente-api/386851526/.m2/org/assertj/assertj-core/2.6.0/assertj-core-2.6.0.jar:/root/./workspace/jordilucas/ponto-inteligente-api/386851526/.m2/org/mockito/mockito-core/1.10.19/mockito-core-1.10.19.jar:/root/./workspace/jordilucas/ponto-inteligente-api/386851526/.m2/org/objenesis/objenesis/2.1/objenesis-2.1.jar:/root/./workspace/jordilucas/ponto-inteligente-api/386851526/.m2/org/hamcrest/hamcrest-core/1.3/hamcrest-core-1.3.jar:/root/./workspace/jordilucas/ponto-inteligente-api/386851526/.m2/org/hamcrest/hamcrest-library/1.3/hamcrest-library-1.3.jar:/root/./workspace/jordilucas/ponto-inteligente-api/386851526/.m2/org/skyscreamer/jsonassert/1.4.0/jsonassert-1.4.0.jar:/root/./workspace/jordilucas/ponto-inteligente-api/386851526/.m2/com/vaadin/external/google/android-json/0.0.20131108.vaadin1/android-json-0.0.20131108.vaadin1.jar:/root/./workspace/jordilucas/ponto-inteligente-api/386851526/.m2/org/springframework/spring-test/4.3.12.RELEASE/spring-test-4.3.12.RELEASE.jar:/root/./workspace/jordilucas/ponto-inteligente-api/386851526/.m2/org/springframework/boot/spring-boot-starter-data-jpa/1.5.8.RELEASE/spring-boot-starter-data-jpa-1.5.8.RELEASE.jar:/root/./workspace/jordilucas/ponto-inteligente-api/386851526/.m2/org/springframework/boot/spring-boot-starter-aop/1.5.8.RELEASE/spring-boot-starter-aop-1.5.8.RELEASE.jar:/root/./workspace/jordilucas/ponto-inteligente-api/386851526/.m2/org/aspectj/aspectjweaver/1.8.11/aspectjweaver-1.8.11.jar:/root/./workspace/jordilucas/ponto-inteligente-api/386851526/.m2/org/springframework/boot/spring-boot-starter-jdbc/1.5.8.RELEASE/spring-boot-starter-jdbc-1.5.8.RELEASE.jar:/root/./workspace/jordilucas/ponto-inteligente-api/386851526/.m2/org/apache/tomcat/tomcat-jdbc/8.5.23/tomcat-jdbc-8.5.23.jar:/root/./workspace/jordilucas/ponto-inteligente-api/386851526/.m2/org/apache/tomcat/tomcat-juli/8.5.23/tomcat-juli-8.5.23.jar:/root/./workspace/jordilucas/ponto-inteligente-api/386851526/.m2/org/springframework/spring-jdbc/4.3.12.RELEASE/spring-jdbc-4.3.12.RELEASE.jar:/root/./workspace/jordilucas/ponto-inteligente-api/386851526/.m2/org/hibernate/hibernate-core/5.0.12.Final/hibernate-core-5.0.12.Final.jar:/root/./workspace/jordilucas/ponto-inteligente-api/386851526/.m2/org/hibernate/javax/persistence/hibernate-jpa-2.1-api/1.0.0.Final/hibernate-jpa-2.1-api-1.0.0.Final.jar:/root/./workspace/jordilucas/ponto-inteligente-api/386851526/.m2/org/javassist/javassist/3.21.0-GA/javassist-3.21.0-GA.jar:/root/./workspace/jordilucas/ponto-inteligente-api/386851526/.m2/antlr/antlr/2.7.7/antlr-2.7.7.jar:/root/./workspace/jordilucas/ponto-inteligente-api/386851526/.m2/org/jboss/jandex/2.0.0.Final/jandex-2.0.0.Final.jar:/root/./workspace/jordilucas/ponto-inteligente-api/386851526/.m2/dom4j/dom4j/1.6.1/dom4j-1.6.1.jar:/root/./workspace/jordilucas/ponto-inteligente-api/386851526/.m2/org/hibernate/common/hibernate-commons-annotations/5.0.1.Final/hibernate-commons-annotations-5.0.1.Final.jar:/root/./workspace/jordilucas/ponto-inteligente-api/386851526/.m2/org/hibernate/hibernate-entitymanager/5.0.12.Final/hibernate-entitymanager-5.0.12.Final.jar:/root/./workspace/jordilucas/ponto-inteligente-api/386851526/.m2/javax/transaction/javax.transaction-api/1.2/javax.transaction-api-1.2.jar:/root/./workspace/jordilucas/ponto-inteligente-api/386851526/.m2/org/springframework/data/spring-data-jpa/1.11.8.RELEASE/spring-data-jpa-1.11.8.RELEASE.jar:/root/./workspace/jordilucas/ponto-inteligente-api/386851526/.m2/org/springframework/data/spring-data-commons/1.13.8.RELEASE/spring-data-commons-1.13.8.RELEASE.jar:/root/./workspace/jordilucas/ponto-inteligente-api/386851526/.m2/org/springframework/spring-orm/4.3.12.RELEASE/spring-orm-4.3.12.RELEASE.jar:/root/./workspace/jordilucas/ponto-inteligente-api/386851526/.m2/org/springframework/spring-tx/4.3.12.RELEASE/spring-tx-4.3.12.RELEASE.jar:/root/./workspace/jordilucas/ponto-inteligente-api/386851526/.m2/org/springframework/spring-beans/4.3.12.RELEASE/spring-beans-4.3.12.RELEASE.jar:/root/./workspace/jordilucas/ponto-inteligente-api/386851526/.m2/org/springframework/spring-aspects/4.3.12.RELEASE/spring-aspects-4.3.12.RELEASE.jar:/root/./workspace/jordilucas/ponto-inteligente-api/386851526/.m2/mysql/mysql-connector-java/5.1.44/mysql-connector-java-5.1.44.jar:/root/./workspace/jordilucas/ponto-inteligente-api/386851526/.m2/com/h2database/h2/1.4.196/h2-1.4.196.jar:/root/./workspace/jordilucas/ponto-inteligente-api/386851526/.m2/org/jboss/logging/jboss-logging/3.3.1.Final/jboss-logging-3.3.1.Final.jar:/root/./workspace/jordilucas/ponto-inteligente-api/386851526/.m2/org/springframework/boot/spring-boot-starter-security/1.5.8.RELEASE/spring-boot-starter-security-1.5.8.RELEASE.jar:/root/./workspace/jordilucas/ponto-inteligente-api/386851526/.m2/org/springframework/spring-aop/4.3.12.RELEASE/spring-aop-4.3.12.RELEASE.jar:/root/./workspace/jordilucas/ponto-inteligente-api/386851526/.m2/org/springframework/security/spring-security-config/4.2.3.RELEASE/spring-security-config-4.2.3.RELEASE.jar:/root/./workspace/jordilucas/ponto-inteligente-api/386851526/.m2/org/springframework/security/spring-security-web/4.2.3.RELEASE/spring-security-web-4.2.3.RELEASE.jar:/root/./workspace/jordilucas/ponto-inteligente-api/386851526/.m2/org/springframework/spring-expression/4.3.12.RELEASE/spring-expression-4.3.12.RELEASE.jar:/root/./workspace/jordilucas/ponto-inteligente-api/386851526/.m2/org/springframework/security/spring-security-test/4.2.3.RELEASE/spring-security-test-4.2.3.RELEASE.jar:/root/./workspace/jordilucas/ponto-inteligente-api/386851526/.m2/org/springframework/security/spring-security-core/4.2.3.RELEASE/spring-security-core-4.2.3.RELEASE.jar:/root/./workspace/jordilucas/ponto-inteligente-api/386851526/.m2/aopalliance/aopalliance/1.0/aopalliance-1.0.jar:/root/./workspace/jordilucas/ponto-inteligente-api/386851526/.m2/org/springframework/boot/spring-boot-starter-web/1.5.8.RELEASE/spring-boot-starter-web-1.5.8.RELEASE.jar:/root/./workspace/jordilucas/ponto-inteligente-api/386851526/.m2/org/springframework/boot/spring-boot-starter-tomcat/1.5.8.RELEASE/spring-boot-starter-tomcat-1.5.8.RELEASE.jar:/root/./workspace/jordilucas/ponto-inteligente-api/386851526/.m2/org/apache/tomcat/embed/tomcat-embed-core/8.5.23/tomcat-embed-core-8.5.23.jar:/root/./workspace/jordilucas/ponto-inteligente-api/386851526/.m2/org/apache/tomcat/tomcat-annotations-api/8.5.23/tomcat-annotations-api-8.5.23.jar:/root/./workspace/jordilucas/ponto-inteligente-api/386851526/.m2/org/apache/tomcat/embed/tomcat-embed-websocket/8.5.23/tomcat-embed-websocket-8.5.23.jar:/root/./workspace/jordilucas/ponto-inteligente-api/386851526/.m2/org/hibernate/hibernate-validator/5.3.5.Final/hibernate-validator-5.3.5.Final.jar:/root/./workspace/jordilucas/ponto-inteligente-api/386851526/.m2/javax/validation/validation-api/1.1.0.Final/validation-api-1.1.0.Final.jar:/root/./workspace/jordilucas/ponto-inteligente-api/386851526/.m2/com/fasterxml/classmate/1.3.4/classmate-1.3.4.jar:/root/./workspace/jordilucas/ponto-inteligente-api/386851526/.m2/com/fasterxml/jackson/core/jackson-databind/2.8.10/jackson-databind-2.8.10.jar:/root/./workspace/jordilucas/ponto-inteligente-api/386851526/.m2/com/fasterxml/jackson/core/jackson-annotations/2.8.0/jackson-annotations-2.8.0.jar:/root/./workspace/jordilucas/ponto-inteligente-api/386851526/.m2/org/springframework/spring-web/4.3.12.RELEASE/spring-web-4.3.12.RELEASE.jar:/root/./workspace/jordilucas/ponto-inteligente-api/386851526/.m2/org/springframework/spring-webmvc/4.3.12.RELEASE/spring-webmvc-4.3.12.RELEASE.jar:/root/./workspace/jordilucas/ponto-inteligente-api/386851526/.m2/org/springframework/boot/spring-boot-starter-validation/1.5.8.RELEASE/spring-boot-starter-validation-1.5.8.RELEASE.jar:/root/./workspace/jordilucas/ponto-inteligente-api/386851526/.m2/org/apache/tomcat/embed/tomcat-embed-el/8.5.23/tomcat-embed-el-8.5.23.jar:/root/./workspace/jordilucas/ponto-inteligente-api/386851526/.m2/com/fasterxml/jackson/datatype/jackson-datatype-jdk8/2.8.10/jackson-datatype-jdk8-2.8.10.jar:/root/./workspace/jordilucas/ponto-inteligente-api/386851526/.m2/com/fasterxml/jackson/core/jackson-core/2.8.10/jackson-core-2.8.10.jar:/root/./workspace/jordilucas/ponto-inteligente-api/386851526/.m2/org/apache/commons/commons-lang3/3.6/commons-lang3-3.6.jar:, user.name=root, skipITs=true, java.vm.specification.version=1.8, sun.java.command=/root/workspace/jordilucas/ponto-inteligente-api/386851526/target/surefire/surefirebooter3283895179172420451.jar /root/workspace/jordilucas/ponto-inteligente-api/386851526/target/surefire/surefire4784252510475456301tmp /root/workspace/jordilucas/ponto-inteligente-api/386851526/target/surefire/surefire_07033769689870660414tmp, java.home=/usr/lib/jvm/java-8-openjdk-amd64/jre, sun.arch.data.model=64, user.language=en, java.specification.vendor=Oracle Corporation, dependency-check.skip=true, awt.toolkit=sun.awt.X11.XToolkit, java.vm.info=mixed mode, java.version=1.8.0_121, java.ext.dirs=/usr/lib/jvm/java-8-openjdk-amd64/jre/lib/ext:/usr/java/packages/lib/ext, sun.boot.class.path=/usr/lib/jvm/java-8-openjdk-amd64/jre/lib/resources.jar:/usr/lib/jvm/java-8-openjdk-amd64/jre/lib/rt.jar:/usr/lib/jvm/java-8-openjdk-amd64/jre/lib/sunrsasign.jar:/usr/lib/jvm/java-8-openjdk-amd64/jre/lib/jsse.jar:/usr/lib/jvm/java-8-openjdk-amd64/jre/lib/jce.jar:/usr/lib/jvm/java-8-openjdk-amd64/jre/lib/charsets.jar:/usr/lib/jvm/java-8-openjdk-amd64/jre/lib/jfr.jar:/usr/lib/jvm/java-8-openjdk-amd64/jre/classes, rat.skip=true, enforcer.skip=true, java.vendor=Oracle Corporation, localRepository=/root/./workspace/jordilucas/ponto-inteligente-api/386851526/.m2, file.separator=/, java.vendor.url.bug=http://bugreport.sun.com/bugreport/, sun.io.unicode.encoding=UnicodeLittle, sun.cpu.endian=little, sun.cpu.isalist=}}, SystemEnvironmentPropertySource@2114444063 {name='systemEnvironment', properties={PATH=/usr/local/sbin:/usr/local/bin:/usr/sbin:/usr/bin:/sbin:/bin, JAVA_HOME=/usr/lib/jvm/java-8-openjdk-amd64, NOTIFY_TO=, CA_CERTIFICATES_JAVA_VERSION=20161107~bpo8+1, MONGODB_HOST=, BUILD_ID=, LANG=C.UTF-8, MAVEN_HOME=/usr/share/maven, SMTP_SERVER=, MONGODB_NAME=, REPAIR_MODE=repair, PWD=/root/workspace/jordilucas/ponto-inteligente-api/386851526, JAVA_VERSION=8u121, GITHUB_OAUTH=, MAVEN_CMD_LINE_ARGS=/root/.m2 -B -D enforcer.skip=true -D dependency-check.skip=true -D skipITs=true -D cobertura.skip=true -D maven.repo.local=/root/./workspace/jordilucas/ponto-inteligente-api/386851526/.m2 -D rat.skip=true -D findbugs.skip=true -D skip.bower=true -D gpg.skip=true -D checkstyle.skip=true -D skip.gulp=true -D license.skip=true -D skip.npm=true test, _=/usr/bin/java, OUTPUT=, MAVEN_TERMINATE_CMD=on, MAVEN_CONFIG=/root/.m2, MAVEN_PROJECTBASEDIR=/root/workspace/jordilucas/ponto-inteligente-api/386851526, OLDPWD=/root/workspace/jordilucas/ponto-inteligente-api/386851526, LOG_FILENAME=repairnator-pipeline_2018-06-01_2229_386851526_5a77b685-d098-401d-b168-01e076b51223, RUN_ID=, HOSTNAME=cyclone1, JAVA_DEBIAN_VERSION=8u121-b13-1~bpo8+1, M2_HOME=/usr/share/maven, REPAIR_TOOLS=AssertFixer, HOME=/root, SHLVL=1, PUSH_URL=}}]
22:30:26.300 [main] INFO org.springframework.boot.test.context.SpringBootTestContextBootstrapper - Found @SpringBootConfiguration br.com.jordilucas.pontointeligente.api.PontoInteligenteApplication for test class br.com.jordilucas.pontointeligente.api.services.FuncionarioServiceTest
22:30:26.301 [main] DEBUG org.springframework.boot.test.context.SpringBootTestContextBootstrapper - @TestExecutionListeners is not present for class [br.com.jordilucas.pontointeligente.api.services.FuncionarioServiceTest]: using defaults.
22:30:26.304 [main] INFO org.springframework.boot.test.context.SpringBootTestContextBootstrapper - Loaded default TestExecutionListener class names from location [META-INF/spring.factories]: [org.springframework.boot.test.mock.mockito.MockitoTestExecutionListener, org.springframework.boot.test.mock.mockito.ResetMocksTestExecutionListener, org.springframework.boot.test.autoconfigure.restdocs.RestDocsTestExecutionListener, org.springframework.boot.test.autoconfigure.web.client.MockRestServiceServerResetTestExecutionListener, org.springframework.boot.test.autoconfigure.web.servlet.MockMvcPrintOnlyOnFailureTestExecutionListener, org.springframework.boot.test.autoconfigure.web.servlet.WebDriverTestExecutionListener, org.springframework.test.context.web.ServletTestExecutionListener, org.springframework.test.context.support.DirtiesContextBeforeModesTestExecutionListener, org.springframework.test.context.support.DependencyInjectionTestExecutionListener, org.springframework.test.context.support.DirtiesContextTestExecutionListener, org.springframework.test.context.transaction.TransactionalTestExecutionListener, org.springframework.test.context.jdbc.SqlScriptsTestExecutionListener, org.springframework.security.test.context.support.WithSecurityContextTestExecutionListener]
22:30:26.308 [main] INFO org.springframework.boot.test.context.SpringBootTestContextBootstrapper - Using TestExecutionListeners: [org.springframework.test.context.web.ServletTestExecutionListener@55b699ef, org.springframework.test.context.support.DirtiesContextBeforeModesTestExecutionListener@35d019a3, org.springframework.boot.test.autoconfigure.SpringBootDependencyInjectionTestExecutionListener@689604d9, org.springframework.test.context.support.DirtiesContextTestExecutionListener@18078bef, org.springframework.test.context.transaction.TransactionalTestExecutionListener@799f10e1, org.springframework.test.context.jdbc.SqlScriptsTestExecutionListener@4c371370, org.springframework.security.test.context.support.WithSecurityContextTestExecutionListener@145f66e3, org.springframework.boot.test.autoconfigure.web.servlet.MockMvcPrintOnlyOnFailureTestExecutionListener@3023df74, org.springframework.boot.test.mock.mockito.MockitoTestExecutionListener@313ac989, org.springframework.boot.test.autoconfigure.web.client.MockRestServiceServerResetTestExecutionListener@4562e04d, org.springframework.boot.test.autoconfigure.restdocs.RestDocsTestExecutionListener@2a65fe7c, org.springframework.boot.test.autoconfigure.web.servlet.WebDriverTestExecutionListener@4135c3b, org.springframework.boot.test.mock.mockito.ResetMocksTestExecutionListener@6302bbb1]
22:30:26.310 [main] DEBUG org.springframework.test.context.junit4.SpringJUnit4ClassRunner - SpringJUnit4ClassRunner constructor called with [class br.com.jordilucas.pontointeligente.api.services.EmpresaServiceTest]
22:30:26.310 [main] DEBUG org.springframework.test.context.BootstrapUtils - Instantiating CacheAwareContextLoaderDelegate from class [org.springframework.test.context.cache.DefaultCacheAwareContextLoaderDelegate]
22:30:26.310 [main] DEBUG org.springframework.test.context.BootstrapUtils - Instantiating BootstrapContext using constructor [public org.springframework.test.context.support.DefaultBootstrapContext(java.lang.Class,org.springframework.test.context.CacheAwareContextLoaderDelegate)]
22:30:26.311 [main] DEBUG org.springframework.test.context.BootstrapUtils - Instantiating TestContextBootstrapper for test class [br.com.jordilucas.pontointeligente.api.services.EmpresaServiceTest] from class [org.springframework.boot.test.context.SpringBootTestContextBootstrapper]
22:30:26.311 [main] INFO org.springframework.boot.test.context.SpringBootTestContextBootstrapper - Neither @ContextConfiguration nor @ContextHierarchy found for test class [br.com.jordilucas.pontointeligente.api.services.EmpresaServiceTest], using SpringBootContextLoader
22:30:26.312 [main] DEBUG org.springframework.test.context.support.AbstractContextLoader - Did not detect default resource location for test class [br.com.jordilucas.pontointeligente.api.services.EmpresaServiceTest]: class path resource [br/com/jordilucas/pontointeligente/api/services/EmpresaServiceTest-context.xml] does not exist
22:30:26.312 [main] DEBUG org.springframework.test.context.support.AbstractContextLoader - Did not detect default resource location for test class [br.com.jordilucas.pontointeligente.api.services.EmpresaServiceTest]: class path resource [br/com/jordilucas/pontointeligente/api/services/EmpresaServiceTestContext.groovy] does not exist
22:30:26.312 [main] INFO org.springframework.test.context.support.AbstractContextLoader - Could not detect default resource locations for test class [br.com.jordilucas.pontointeligente.api.services.EmpresaServiceTest]: no resource found for suffixes {-context.xml, Context.groovy}.
22:30:26.312 [main] INFO org.springframework.test.context.support.AnnotationConfigContextLoaderUtils - Could not detect default configuration classes for test class [br.com.jordilucas.pontointeligente.api.services.EmpresaServiceTest]: EmpresaServiceTest does not declare any static, non-private, non-final, nested classes annotated with @Configuration.
22:30:26.320 [main] DEBUG org.springframework.core.env.StandardEnvironment - Adding PropertySource 'systemProperties' with lowest search precedence
22:30:26.320 [main] DEBUG org.springframework.core.env.StandardEnvironment - Adding PropertySource 'systemEnvironment' with lowest search precedence
22:30:26.321 [main] DEBUG org.springframework.core.env.StandardEnvironment - Initialized StandardEnvironment with PropertySources [MapPropertySource@60292059 {name='systemProperties', properties={java.runtime.name=OpenJDK Runtime Environment, sun.boot.library.path=/usr/lib/jvm/java-8-openjdk-amd64/jre/lib/amd64, java.vm.version=25.121-b13, java.vm.vendor=Oracle Corporation, java.vendor.url=http://java.oracle.com/, skip.gulp=true, path.separator=:, java.vm.name=OpenJDK 64-Bit Server VM, file.encoding.pkg=sun.io, findbugs.skip=true, sun.java.launcher=SUN_STANDARD, sun.os.patch.level=unknown, java.vm.specification.name=Java Virtual Machine Specification, user.dir=/root/workspace/jordilucas/ponto-inteligente-api/386851526, checkstyle.skip=true, java.runtime.version=1.8.0_121-8u121-b13-1~bpo8+1-b13, skip.npm=true, basedir=/root/workspace/jordilucas/ponto-inteligente-api/386851526, java.awt.graphicsenv=sun.awt.X11GraphicsEnvironment, java.endorsed.dirs=/usr/lib/jvm/java-8-openjdk-amd64/jre/lib/endorsed, os.arch=amd64, surefire.real.class.path=/root/workspace/jordilucas/ponto-inteligente-api/386851526/target/surefire/surefirebooter3283895179172420451.jar, gpg.skip=true, java.io.tmpdir=/tmp, line.separator=
, cobertura.skip=true, java.vm.specification.vendor=Oracle Corporation, os.name=Linux, sun.jnu.encoding=UTF-8, license.skip=true, java.library.path=/usr/java/packages/lib/amd64:/usr/lib/x86_64-linux-gnu/jni:/lib/x86_64-linux-gnu:/usr/lib/x86_64-linux-gnu:/usr/lib/jni:/lib:/usr/lib, surefire.test.class.path=/root/workspace/jordilucas/ponto-inteligente-api/386851526/target/test-classes:/root/workspace/jordilucas/ponto-inteligente-api/386851526/target/classes:/root/./workspace/jordilucas/ponto-inteligente-api/386851526/.m2/org/springframework/boot/spring-boot-starter/1.5.8.RELEASE/spring-boot-starter-1.5.8.RELEASE.jar:/root/./workspace/jordilucas/ponto-inteligente-api/386851526/.m2/org/springframework/boot/spring-boot/1.5.8.RELEASE/spring-boot-1.5.8.RELEASE.jar:/root/./workspace/jordilucas/ponto-inteligente-api/386851526/.m2/org/springframework/spring-context/4.3.12.RELEASE/spring-context-4.3.12.RELEASE.jar:/root/./workspace/jordilucas/ponto-inteligente-api/386851526/.m2/org/springframework/boot/spring-boot-autoconfigure/1.5.8.RELEASE/spring-boot-autoconfigure-1.5.8.RELEASE.jar:/root/./workspace/jordilucas/ponto-inteligente-api/386851526/.m2/org/springframework/boot/spring-boot-starter-logging/1.5.8.RELEASE/spring-boot-starter-logging-1.5.8.RELEASE.jar:/root/./workspace/jordilucas/ponto-inteligente-api/386851526/.m2/ch/qos/logback/logback-classic/1.1.11/logback-classic-1.1.11.jar:/root/./workspace/jordilucas/ponto-inteligente-api/386851526/.m2/ch/qos/logback/logback-core/1.1.11/logback-core-1.1.11.jar:/root/./workspace/jordilucas/ponto-inteligente-api/386851526/.m2/org/slf4j/jcl-over-slf4j/1.7.25/jcl-over-slf4j-1.7.25.jar:/root/./workspace/jordilucas/ponto-inteligente-api/386851526/.m2/org/slf4j/jul-to-slf4j/1.7.25/jul-to-slf4j-1.7.25.jar:/root/./workspace/jordilucas/ponto-inteligente-api/386851526/.m2/org/slf4j/log4j-over-slf4j/1.7.25/log4j-over-slf4j-1.7.25.jar:/root/./workspace/jordilucas/ponto-inteligente-api/386851526/.m2/org/springframework/spring-core/4.3.12.RELEASE/spring-core-4.3.12.RELEASE.jar:/root/./workspace/jordilucas/ponto-inteligente-api/386851526/.m2/org/yaml/snakeyaml/1.17/snakeyaml-1.17.jar:/root/./workspace/jordilucas/ponto-inteligente-api/386851526/.m2/org/springframework/boot/spring-boot-devtools/1.5.8.RELEASE/spring-boot-devtools-1.5.8.RELEASE.jar:/root/./workspace/jordilucas/ponto-inteligente-api/386851526/.m2/org/springframework/boot/spring-boot-starter-test/1.5.8.RELEASE/spring-boot-starter-test-1.5.8.RELEASE.jar:/root/./workspace/jordilucas/ponto-inteligente-api/386851526/.m2/org/springframework/boot/spring-boot-test/1.5.8.RELEASE/spring-boot-test-1.5.8.RELEASE.jar:/root/./workspace/jordilucas/ponto-inteligente-api/386851526/.m2/org/springframework/boot/spring-boot-test-autoconfigure/1.5.8.RELEASE/spring-boot-test-autoconfigure-1.5.8.RELEASE.jar:/root/./workspace/jordilucas/ponto-inteligente-api/386851526/.m2/com/jayway/jsonpath/json-path/2.2.0/json-path-2.2.0.jar:/root/./workspace/jordilucas/ponto-inteligente-api/386851526/.m2/net/minidev/json-smart/2.2.1/json-smart-2.2.1.jar:/root/./workspace/jordilucas/ponto-inteligente-api/386851526/.m2/net/minidev/accessors-smart/1.1/accessors-smart-1.1.jar:/root/./workspace/jordilucas/ponto-inteligente-api/386851526/.m2/org/ow2/asm/asm/5.0.3/asm-5.0.3.jar:/root/./workspace/jordilucas/ponto-inteligente-api/386851526/.m2/org/slf4j/slf4j-api/1.7.25/slf4j-api-1.7.25.jar:/root/./workspace/jordilucas/ponto-inteligente-api/386851526/.m2/junit/junit/4.12/junit-4.12.jar:/root/./workspace/jordilucas/ponto-inteligente-api/386851526/.m2/org/assertj/assertj-core/2.6.0/assertj-core-2.6.0.jar:/root/./workspace/jordilucas/ponto-inteligente-api/386851526/.m2/org/mockito/mockito-core/1.10.19/mockito-core-1.10.19.jar:/root/./workspace/jordilucas/ponto-inteligente-api/386851526/.m2/org/objenesis/objenesis/2.1/objenesis-2.1.jar:/root/./workspace/jordilucas/ponto-inteligente-api/386851526/.m2/org/hamcrest/hamcrest-core/1.3/hamcrest-core-1.3.jar:/root/./workspace/jordilucas/ponto-inteligente-api/386851526/.m2/org/hamcrest/hamcrest-library/1.3/hamcrest-library-1.3.jar:/root/./workspace/jordilucas/ponto-inteligente-api/386851526/.m2/org/skyscreamer/jsonassert/1.4.0/jsonassert-1.4.0.jar:/root/./workspace/jordilucas/ponto-inteligente-api/386851526/.m2/com/vaadin/external/google/android-json/0.0.20131108.vaadin1/android-json-0.0.20131108.vaadin1.jar:/root/./workspace/jordilucas/ponto-inteligente-api/386851526/.m2/org/springframework/spring-test/4.3.12.RELEASE/spring-test-4.3.12.RELEASE.jar:/root/./workspace/jordilucas/ponto-inteligente-api/386851526/.m2/org/springframework/boot/spring-boot-starter-data-jpa/1.5.8.RELEASE/spring-boot-starter-data-jpa-1.5.8.RELEASE.jar:/root/./workspace/jordilucas/ponto-inteligente-api/386851526/.m2/org/springframework/boot/spring-boot-starter-aop/1.5.8.RELEASE/spring-boot-starter-aop-1.5.8.RELEASE.jar:/root/./workspace/jordilucas/ponto-inteligente-api/386851526/.m2/org/aspectj/aspectjweaver/1.8.11/aspectjweaver-1.8.11.jar:/root/./workspace/jordilucas/ponto-inteligente-api/386851526/.m2/org/springframework/boot/spring-boot-starter-jdbc/1.5.8.RELEASE/spring-boot-starter-jdbc-1.5.8.RELEASE.jar:/root/./workspace/jordilucas/ponto-inteligente-api/386851526/.m2/org/apache/tomcat/tomcat-jdbc/8.5.23/tomcat-jdbc-8.5.23.jar:/root/./workspace/jordilucas/ponto-inteligente-api/386851526/.m2/org/apache/tomcat/tomcat-juli/8.5.23/tomcat-juli-8.5.23.jar:/root/./workspace/jordilucas/ponto-inteligente-api/386851526/.m2/org/springframework/spring-jdbc/4.3.12.RELEASE/spring-jdbc-4.3.12.RELEASE.jar:/root/./workspace/jordilucas/ponto-inteligente-api/386851526/.m2/org/hibernate/hibernate-core/5.0.12.Final/hibernate-core-5.0.12.Final.jar:/root/./workspace/jordilucas/ponto-inteligente-api/386851526/.m2/org/hibernate/javax/persistence/hibernate-jpa-2.1-api/1.0.0.Final/hibernate-jpa-2.1-api-1.0.0.Final.jar:/root/./workspace/jordilucas/ponto-inteligente-api/386851526/.m2/org/javassist/javassist/3.21.0-GA/javassist-3.21.0-GA.jar:/root/./workspace/jordilucas/ponto-inteligente-api/386851526/.m2/antlr/antlr/2.7.7/antlr-2.7.7.jar:/root/./workspace/jordilucas/ponto-inteligente-api/386851526/.m2/org/jboss/jandex/2.0.0.Final/jandex-2.0.0.Final.jar:/root/./workspace/jordilucas/ponto-inteligente-api/386851526/.m2/dom4j/dom4j/1.6.1/dom4j-1.6.1.jar:/root/./workspace/jordilucas/ponto-inteligente-api/386851526/.m2/org/hibernate/common/hibernate-commons-annotations/5.0.1.Final/hibernate-commons-annotations-5.0.1.Final.jar:/root/./workspace/jordilucas/ponto-inteligente-api/386851526/.m2/org/hibernate/hibernate-entitymanager/5.0.12.Final/hibernate-entitymanager-5.0.12.Final.jar:/root/./workspace/jordilucas/ponto-inteligente-api/386851526/.m2/javax/transaction/javax.transaction-api/1.2/javax.transaction-api-1.2.jar:/root/./workspace/jordilucas/ponto-inteligente-api/386851526/.m2/org/springframework/data/spring-data-jpa/1.11.8.RELEASE/spring-data-jpa-1.11.8.RELEASE.jar:/root/./workspace/jordilucas/ponto-inteligente-api/386851526/.m2/org/springframework/data/spring-data-commons/1.13.8.RELEASE/spring-data-commons-1.13.8.RELEASE.jar:/root/./workspace/jordilucas/ponto-inteligente-api/386851526/.m2/org/springframework/spring-orm/4.3.12.RELEASE/spring-orm-4.3.12.RELEASE.jar:/root/./workspace/jordilucas/ponto-inteligente-api/386851526/.m2/org/springframework/spring-tx/4.3.12.RELEASE/spring-tx-4.3.12.RELEASE.jar:/root/./workspace/jordilucas/ponto-inteligente-api/386851526/.m2/org/springframework/spring-beans/4.3.12.RELEASE/spring-beans-4.3.12.RELEASE.jar:/root/./workspace/jordilucas/ponto-inteligente-api/386851526/.m2/org/springframework/spring-aspects/4.3.12.RELEASE/spring-aspects-4.3.12.RELEASE.jar:/root/./workspace/jordilucas/ponto-inteligente-api/386851526/.m2/mysql/mysql-connector-java/5.1.44/mysql-connector-java-5.1.44.jar:/root/./workspace/jordilucas/ponto-inteligente-api/386851526/.m2/com/h2database/h2/1.4.196/h2-1.4.196.jar:/root/./workspace/jordilucas/ponto-inteligente-api/386851526/.m2/org/jboss/logging/jboss-logging/3.3.1.Final/jboss-logging-3.3.1.Final.jar:/root/./workspace/jordilucas/ponto-inteligente-api/386851526/.m2/org/springframework/boot/spring-boot-starter-security/1.5.8.RELEASE/spring-boot-starter-security-1.5.8.RELEASE.jar:/root/./workspace/jordilucas/ponto-inteligente-api/386851526/.m2/org/springframework/spring-aop/4.3.12.RELEASE/spring-aop-4.3.12.RELEASE.jar:/root/./workspace/jordilucas/ponto-inteligente-api/386851526/.m2/org/springframework/security/spring-security-config/4.2.3.RELEASE/spring-security-config-4.2.3.RELEASE.jar:/root/./workspace/jordilucas/ponto-inteligente-api/386851526/.m2/org/springframework/security/spring-security-web/4.2.3.RELEASE/spring-security-web-4.2.3.RELEASE.jar:/root/./workspace/jordilucas/ponto-inteligente-api/386851526/.m2/org/springframework/spring-expression/4.3.12.RELEASE/spring-expression-4.3.12.RELEASE.jar:/root/./workspace/jordilucas/ponto-inteligente-api/386851526/.m2/org/springframework/security/spring-security-test/4.2.3.RELEASE/spring-security-test-4.2.3.RELEASE.jar:/root/./workspace/jordilucas/ponto-inteligente-api/386851526/.m2/org/springframework/security/spring-security-core/4.2.3.RELEASE/spring-security-core-4.2.3.RELEASE.jar:/root/./workspace/jordilucas/ponto-inteligente-api/386851526/.m2/aopalliance/aopalliance/1.0/aopalliance-1.0.jar:/root/./workspace/jordilucas/ponto-inteligente-api/386851526/.m2/org/springframework/boot/spring-boot-starter-web/1.5.8.RELEASE/spring-boot-starter-web-1.5.8.RELEASE.jar:/root/./workspace/jordilucas/ponto-inteligente-api/386851526/.m2/org/springframework/boot/spring-boot-starter-tomcat/1.5.8.RELEASE/spring-boot-starter-tomcat-1.5.8.RELEASE.jar:/root/./workspace/jordilucas/ponto-inteligente-api/386851526/.m2/org/apache/tomcat/embed/tomcat-embed-core/8.5.23/tomcat-embed-core-8.5.23.jar:/root/./workspace/jordilucas/ponto-inteligente-api/386851526/.m2/org/apache/tomcat/tomcat-annotations-api/8.5.23/tomcat-annotations-api-8.5.23.jar:/root/./workspace/jordilucas/ponto-inteligente-api/386851526/.m2/org/apache/tomcat/embed/tomcat-embed-websocket/8.5.23/tomcat-embed-websocket-8.5.23.jar:/root/./workspace/jordilucas/ponto-inteligente-api/386851526/.m2/org/hibernate/hibernate-validator/5.3.5.Final/hibernate-validator-5.3.5.Final.jar:/root/./workspace/jordilucas/ponto-inteligente-api/386851526/.m2/javax/validation/validation-api/1.1.0.Final/validation-api-1.1.0.Final.jar:/root/./workspace/jordilucas/ponto-inteligente-api/386851526/.m2/com/fasterxml/classmate/1.3.4/classmate-1.3.4.jar:/root/./workspace/jordilucas/ponto-inteligente-api/386851526/.m2/com/fasterxml/jackson/core/jackson-databind/2.8.10/jackson-databind-2.8.10.jar:/root/./workspace/jordilucas/ponto-inteligente-api/386851526/.m2/com/fasterxml/jackson/core/jackson-annotations/2.8.0/jackson-annotations-2.8.0.jar:/root/./workspace/jordilucas/ponto-inteligente-api/386851526/.m2/org/springframework/spring-web/4.3.12.RELEASE/spring-web-4.3.12.RELEASE.jar:/root/./workspace/jordilucas/ponto-inteligente-api/386851526/.m2/org/springframework/spring-webmvc/4.3.12.RELEASE/spring-webmvc-4.3.12.RELEASE.jar:/root/./workspace/jordilucas/ponto-inteligente-api/386851526/.m2/org/springframework/boot/spring-boot-starter-validation/1.5.8.RELEASE/spring-boot-starter-validation-1.5.8.RELEASE.jar:/root/./workspace/jordilucas/ponto-inteligente-api/386851526/.m2/org/apache/tomcat/embed/tomcat-embed-el/8.5.23/tomcat-embed-el-8.5.23.jar:/root/./workspace/jordilucas/ponto-inteligente-api/386851526/.m2/com/fasterxml/jackson/datatype/jackson-datatype-jdk8/2.8.10/jackson-datatype-jdk8-2.8.10.jar:/root/./workspace/jordilucas/ponto-inteligente-api/386851526/.m2/com/fasterxml/jackson/core/jackson-core/2.8.10/jackson-core-2.8.10.jar:/root/./workspace/jordilucas/ponto-inteligente-api/386851526/.m2/org/apache/commons/commons-lang3/3.6/commons-lang3-3.6.jar:, java.specification.name=Java Platform API Specification, java.class.version=52.0, skip.bower=true, sun.management.compiler=HotSpot 64-Bit Tiered Compilers, maven.repo.local=/root/./workspace/jordilucas/ponto-inteligente-api/386851526/.m2, os.version=3.10.0-862.3.2.el7.x86_64, user.home=/root, user.timezone=Europe/Paris, java.awt.printerjob=sun.print.PSPrinterJob, file.encoding=UTF-8, java.specification.version=1.8, java.class.path=/root/workspace/jordilucas/ponto-inteligente-api/386851526/target/test-classes:/root/workspace/jordilucas/ponto-inteligente-api/386851526/target/classes:/root/./workspace/jordilucas/ponto-inteligente-api/386851526/.m2/org/springframework/boot/spring-boot-starter/1.5.8.RELEASE/spring-boot-starter-1.5.8.RELEASE.jar:/root/./workspace/jordilucas/ponto-inteligente-api/386851526/.m2/org/springframework/boot/spring-boot/1.5.8.RELEASE/spring-boot-1.5.8.RELEASE.jar:/root/./workspace/jordilucas/ponto-inteligente-api/386851526/.m2/org/springframework/spring-context/4.3.12.RELEASE/spring-context-4.3.12.RELEASE.jar:/root/./workspace/jordilucas/ponto-inteligente-api/386851526/.m2/org/springframework/boot/spring-boot-autoconfigure/1.5.8.RELEASE/spring-boot-autoconfigure-1.5.8.RELEASE.jar:/root/./workspace/jordilucas/ponto-inteligente-api/386851526/.m2/org/springframework/boot/spring-boot-starter-logging/1.5.8.RELEASE/spring-boot-starter-logging-1.5.8.RELEASE.jar:/root/./workspace/jordilucas/ponto-inteligente-api/386851526/.m2/ch/qos/logback/logback-classic/1.1.11/logback-classic-1.1.11.jar:/root/./workspace/jordilucas/ponto-inteligente-api/386851526/.m2/ch/qos/logback/logback-core/1.1.11/logback-core-1.1.11.jar:/root/./workspace/jordilucas/ponto-inteligente-api/386851526/.m2/org/slf4j/jcl-over-slf4j/1.7.25/jcl-over-slf4j-1.7.25.jar:/root/./workspace/jordilucas/ponto-inteligente-api/386851526/.m2/org/slf4j/jul-to-slf4j/1.7.25/jul-to-slf4j-1.7.25.jar:/root/./workspace/jordilucas/ponto-inteligente-api/386851526/.m2/org/slf4j/log4j-over-slf4j/1.7.25/log4j-over-slf4j-1.7.25.jar:/root/./workspace/jordilucas/ponto-inteligente-api/386851526/.m2/org/springframework/spring-core/4.3.12.RELEASE/spring-core-4.3.12.RELEASE.jar:/root/./workspace/jordilucas/ponto-inteligente-api/386851526/.m2/org/yaml/snakeyaml/1.17/snakeyaml-1.17.jar:/root/./workspace/jordilucas/ponto-inteligente-api/386851526/.m2/org/springframework/boot/spring-boot-devtools/1.5.8.RELEASE/spring-boot-devtools-1.5.8.RELEASE.jar:/root/./workspace/jordilucas/ponto-inteligente-api/386851526/.m2/org/springframework/boot/spring-boot-starter-test/1.5.8.RELEASE/spring-boot-starter-test-1.5.8.RELEASE.jar:/root/./workspace/jordilucas/ponto-inteligente-api/386851526/.m2/org/springframework/boot/spring-boot-test/1.5.8.RELEASE/spring-boot-test-1.5.8.RELEASE.jar:/root/./workspace/jordilucas/ponto-inteligente-api/386851526/.m2/org/springframework/boot/spring-boot-test-autoconfigure/1.5.8.RELEASE/spring-boot-test-autoconfigure-1.5.8.RELEASE.jar:/root/./workspace/jordilucas/ponto-inteligente-api/386851526/.m2/com/jayway/jsonpath/json-path/2.2.0/json-path-2.2.0.jar:/root/./workspace/jordilucas/ponto-inteligente-api/386851526/.m2/net/minidev/json-smart/2.2.1/json-smart-2.2.1.jar:/root/./workspace/jordilucas/ponto-inteligente-api/386851526/.m2/net/minidev/accessors-smart/1.1/accessors-smart-1.1.jar:/root/./workspace/jordilucas/ponto-inteligente-api/386851526/.m2/org/ow2/asm/asm/5.0.3/asm-5.0.3.jar:/root/./workspace/jordilucas/ponto-inteligente-api/386851526/.m2/org/slf4j/slf4j-api/1.7.25/slf4j-api-1.7.25.jar:/root/./workspace/jordilucas/ponto-inteligente-api/386851526/.m2/junit/junit/4.12/junit-4.12.jar:/root/./workspace/jordilucas/ponto-inteligente-api/386851526/.m2/org/assertj/assertj-core/2.6.0/assertj-core-2.6.0.jar:/root/./workspace/jordilucas/ponto-inteligente-api/386851526/.m2/org/mockito/mockito-core/1.10.19/mockito-core-1.10.19.jar:/root/./workspace/jordilucas/ponto-inteligente-api/386851526/.m2/org/objenesis/objenesis/2.1/objenesis-2.1.jar:/root/./workspace/jordilucas/ponto-inteligente-api/386851526/.m2/org/hamcrest/hamcrest-core/1.3/hamcrest-core-1.3.jar:/root/./workspace/jordilucas/ponto-inteligente-api/386851526/.m2/org/hamcrest/hamcrest-library/1.3/hamcrest-library-1.3.jar:/root/./workspace/jordilucas/ponto-inteligente-api/386851526/.m2/org/skyscreamer/jsonassert/1.4.0/jsonassert-1.4.0.jar:/root/./workspace/jordilucas/ponto-inteligente-api/386851526/.m2/com/vaadin/external/google/android-json/0.0.20131108.vaadin1/android-json-0.0.20131108.vaadin1.jar:/root/./workspace/jordilucas/ponto-inteligente-api/386851526/.m2/org/springframework/spring-test/4.3.12.RELEASE/spring-test-4.3.12.RELEASE.jar:/root/./workspace/jordilucas/ponto-inteligente-api/386851526/.m2/org/springframework/boot/spring-boot-starter-data-jpa/1.5.8.RELEASE/spring-boot-starter-data-jpa-1.5.8.RELEASE.jar:/root/./workspace/jordilucas/ponto-inteligente-api/386851526/.m2/org/springframework/boot/spring-boot-starter-aop/1.5.8.RELEASE/spring-boot-starter-aop-1.5.8.RELEASE.jar:/root/./workspace/jordilucas/ponto-inteligente-api/386851526/.m2/org/aspectj/aspectjweaver/1.8.11/aspectjweaver-1.8.11.jar:/root/./workspace/jordilucas/ponto-inteligente-api/386851526/.m2/org/springframework/boot/spring-boot-starter-jdbc/1.5.8.RELEASE/spring-boot-starter-jdbc-1.5.8.RELEASE.jar:/root/./workspace/jordilucas/ponto-inteligente-api/386851526/.m2/org/apache/tomcat/tomcat-jdbc/8.5.23/tomcat-jdbc-8.5.23.jar:/root/./workspace/jordilucas/ponto-inteligente-api/386851526/.m2/org/apache/tomcat/tomcat-juli/8.5.23/tomcat-juli-8.5.23.jar:/root/./workspace/jordilucas/ponto-inteligente-api/386851526/.m2/org/springframework/spring-jdbc/4.3.12.RELEASE/spring-jdbc-4.3.12.RELEASE.jar:/root/./workspace/jordilucas/ponto-inteligente-api/386851526/.m2/org/hibernate/hibernate-core/5.0.12.Final/hibernate-core-5.0.12.Final.jar:/root/./workspace/jordilucas/ponto-inteligente-api/386851526/.m2/org/hibernate/javax/persistence/hibernate-jpa-2.1-api/1.0.0.Final/hibernate-jpa-2.1-api-1.0.0.Final.jar:/root/./workspace/jordilucas/ponto-inteligente-api/386851526/.m2/org/javassist/javassist/3.21.0-GA/javassist-3.21.0-GA.jar:/root/./workspace/jordilucas/ponto-inteligente-api/386851526/.m2/antlr/antlr/2.7.7/antlr-2.7.7.jar:/root/./workspace/jordilucas/ponto-inteligente-api/386851526/.m2/org/jboss/jandex/2.0.0.Final/jandex-2.0.0.Final.jar:/root/./workspace/jordilucas/ponto-inteligente-api/386851526/.m2/dom4j/dom4j/1.6.1/dom4j-1.6.1.jar:/root/./workspace/jordilucas/ponto-inteligente-api/386851526/.m2/org/hibernate/common/hibernate-commons-annotations/5.0.1.Final/hibernate-commons-annotations-5.0.1.Final.jar:/root/./workspace/jordilucas/ponto-inteligente-api/386851526/.m2/org/hibernate/hibernate-entitymanager/5.0.12.Final/hibernate-entitymanager-5.0.12.Final.jar:/root/./workspace/jordilucas/ponto-inteligente-api/386851526/.m2/javax/transaction/javax.transaction-api/1.2/javax.transaction-api-1.2.jar:/root/./workspace/jordilucas/ponto-inteligente-api/386851526/.m2/org/springframework/data/spring-data-jpa/1.11.8.RELEASE/spring-data-jpa-1.11.8.RELEASE.jar:/root/./workspace/jordilucas/ponto-inteligente-api/386851526/.m2/org/springframework/data/spring-data-commons/1.13.8.RELEASE/spring-data-commons-1.13.8.RELEASE.jar:/root/./workspace/jordilucas/ponto-inteligente-api/386851526/.m2/org/springframework/spring-orm/4.3.12.RELEASE/spring-orm-4.3.12.RELEASE.jar:/root/./workspace/jordilucas/ponto-inteligente-api/386851526/.m2/org/springframework/spring-tx/4.3.12.RELEASE/spring-tx-4.3.12.RELEASE.jar:/root/./workspace/jordilucas/ponto-inteligente-api/386851526/.m2/org/springframework/spring-beans/4.3.12.RELEASE/spring-beans-4.3.12.RELEASE.jar:/root/./workspace/jordilucas/ponto-inteligente-api/386851526/.m2/org/springframework/spring-aspects/4.3.12.RELEASE/spring-aspects-4.3.12.RELEASE.jar:/root/./workspace/jordilucas/ponto-inteligente-api/386851526/.m2/mysql/mysql-connector-java/5.1.44/mysql-connector-java-5.1.44.jar:/root/./workspace/jordilucas/ponto-inteligente-api/386851526/.m2/com/h2database/h2/1.4.196/h2-1.4.196.jar:/root/./workspace/jordilucas/ponto-inteligente-api/386851526/.m2/org/jboss/logging/jboss-logging/3.3.1.Final/jboss-logging-3.3.1.Final.jar:/root/./workspace/jordilucas/ponto-inteligente-api/386851526/.m2/org/springframework/boot/spring-boot-starter-security/1.5.8.RELEASE/spring-boot-starter-security-1.5.8.RELEASE.jar:/root/./workspace/jordilucas/ponto-inteligente-api/386851526/.m2/org/springframework/spring-aop/4.3.12.RELEASE/spring-aop-4.3.12.RELEASE.jar:/root/./workspace/jordilucas/ponto-inteligente-api/386851526/.m2/org/springframework/security/spring-security-config/4.2.3.RELEASE/spring-security-config-4.2.3.RELEASE.jar:/root/./workspace/jordilucas/ponto-inteligente-api/386851526/.m2/org/springframework/security/spring-security-web/4.2.3.RELEASE/spring-security-web-4.2.3.RELEASE.jar:/root/./workspace/jordilucas/ponto-inteligente-api/386851526/.m2/org/springframework/spring-expression/4.3.12.RELEASE/spring-expression-4.3.12.RELEASE.jar:/root/./workspace/jordilucas/ponto-inteligente-api/386851526/.m2/org/springframework/security/spring-security-test/4.2.3.RELEASE/spring-security-test-4.2.3.RELEASE.jar:/root/./workspace/jordilucas/ponto-inteligente-api/386851526/.m2/org/springframework/security/spring-security-core/4.2.3.RELEASE/spring-security-core-4.2.3.RELEASE.jar:/root/./workspace/jordilucas/ponto-inteligente-api/386851526/.m2/aopalliance/aopalliance/1.0/aopalliance-1.0.jar:/root/./workspace/jordilucas/ponto-inteligente-api/386851526/.m2/org/springframework/boot/spring-boot-starter-web/1.5.8.RELEASE/spring-boot-starter-web-1.5.8.RELEASE.jar:/root/./workspace/jordilucas/ponto-inteligente-api/386851526/.m2/org/springframework/boot/spring-boot-starter-tomcat/1.5.8.RELEASE/spring-boot-starter-tomcat-1.5.8.RELEASE.jar:/root/./workspace/jordilucas/ponto-inteligente-api/386851526/.m2/org/apache/tomcat/embed/tomcat-embed-core/8.5.23/tomcat-embed-core-8.5.23.jar:/root/./workspace/jordilucas/ponto-inteligente-api/386851526/.m2/org/apache/tomcat/tomcat-annotations-api/8.5.23/tomcat-annotations-api-8.5.23.jar:/root/./workspace/jordilucas/ponto-inteligente-api/386851526/.m2/org/apache/tomcat/embed/tomcat-embed-websocket/8.5.23/tomcat-embed-websocket-8.5.23.jar:/root/./workspace/jordilucas/ponto-inteligente-api/386851526/.m2/org/hibernate/hibernate-validator/5.3.5.Final/hibernate-validator-5.3.5.Final.jar:/root/./workspace/jordilucas/ponto-inteligente-api/386851526/.m2/javax/validation/validation-api/1.1.0.Final/validation-api-1.1.0.Final.jar:/root/./workspace/jordilucas/ponto-inteligente-api/386851526/.m2/com/fasterxml/classmate/1.3.4/classmate-1.3.4.jar:/root/./workspace/jordilucas/ponto-inteligente-api/386851526/.m2/com/fasterxml/jackson/core/jackson-databind/2.8.10/jackson-databind-2.8.10.jar:/root/./workspace/jordilucas/ponto-inteligente-api/386851526/.m2/com/fasterxml/jackson/core/jackson-annotations/2.8.0/jackson-annotations-2.8.0.jar:/root/./workspace/jordilucas/ponto-inteligente-api/386851526/.m2/org/springframework/spring-web/4.3.12.RELEASE/spring-web-4.3.12.RELEASE.jar:/root/./workspace/jordilucas/ponto-inteligente-api/386851526/.m2/org/springframework/spring-webmvc/4.3.12.RELEASE/spring-webmvc-4.3.12.RELEASE.jar:/root/./workspace/jordilucas/ponto-inteligente-api/386851526/.m2/org/springframework/boot/spring-boot-starter-validation/1.5.8.RELEASE/spring-boot-starter-validation-1.5.8.RELEASE.jar:/root/./workspace/jordilucas/ponto-inteligente-api/386851526/.m2/org/apache/tomcat/embed/tomcat-embed-el/8.5.23/tomcat-embed-el-8.5.23.jar:/root/./workspace/jordilucas/ponto-inteligente-api/386851526/.m2/com/fasterxml/jackson/datatype/jackson-datatype-jdk8/2.8.10/jackson-datatype-jdk8-2.8.10.jar:/root/./workspace/jordilucas/ponto-inteligente-api/386851526/.m2/com/fasterxml/jackson/core/jackson-core/2.8.10/jackson-core-2.8.10.jar:/root/./workspace/jordilucas/ponto-inteligente-api/386851526/.m2/org/apache/commons/commons-lang3/3.6/commons-lang3-3.6.jar:, user.name=root, skipITs=true, java.vm.specification.version=1.8, sun.java.command=/root/workspace/jordilucas/ponto-inteligente-api/386851526/target/surefire/surefirebooter3283895179172420451.jar /root/workspace/jordilucas/ponto-inteligente-api/386851526/target/surefire/surefire4784252510475456301tmp /root/workspace/jordilucas/ponto-inteligente-api/386851526/target/surefire/surefire_07033769689870660414tmp, java.home=/usr/lib/jvm/java-8-openjdk-amd64/jre, sun.arch.data.model=64, user.language=en, java.specification.vendor=Oracle Corporation, dependency-check.skip=true, awt.toolkit=sun.awt.X11.XToolkit, java.vm.info=mixed mode, java.version=1.8.0_121, java.ext.dirs=/usr/lib/jvm/java-8-openjdk-amd64/jre/lib/ext:/usr/java/packages/lib/ext, sun.boot.class.path=/usr/lib/jvm/java-8-openjdk-amd64/jre/lib/resources.jar:/usr/lib/jvm/java-8-openjdk-amd64/jre/lib/rt.jar:/usr/lib/jvm/java-8-openjdk-amd64/jre/lib/sunrsasign.jar:/usr/lib/jvm/java-8-openjdk-amd64/jre/lib/jsse.jar:/usr/lib/jvm/java-8-openjdk-amd64/jre/lib/jce.jar:/usr/lib/jvm/java-8-openjdk-amd64/jre/lib/charsets.jar:/usr/lib/jvm/java-8-openjdk-amd64/jre/lib/jfr.jar:/usr/lib/jvm/java-8-openjdk-amd64/jre/classes, rat.skip=true, enforcer.skip=true, java.vendor=Oracle Corporation, localRepository=/root/./workspace/jordilucas/ponto-inteligente-api/386851526/.m2, file.separator=/, java.vendor.url.bug=http://bugreport.sun.com/bugreport/, sun.io.unicode.encoding=UnicodeLittle, sun.cpu.endian=little, sun.cpu.isalist=}}, SystemEnvironmentPropertySource@869601985 {name='systemEnvironment', properties={PATH=/usr/local/sbin:/usr/local/bin:/usr/sbin:/usr/bin:/sbin:/bin, JAVA_HOME=/usr/lib/jvm/java-8-openjdk-amd64, NOTIFY_TO=, CA_CERTIFICATES_JAVA_VERSION=20161107~bpo8+1, MONGODB_HOST=, BUILD_ID=, LANG=C.UTF-8, MAVEN_HOME=/usr/share/maven, SMTP_SERVER=, MONGODB_NAME=, REPAIR_MODE=repair, PWD=/root/workspace/jordilucas/ponto-inteligente-api/386851526, JAVA_VERSION=8u121, GITHUB_OAUTH=, MAVEN_CMD_LINE_ARGS=/root/.m2 -B -D enforcer.skip=true -D dependency-check.skip=true -D skipITs=true -D cobertura.skip=true -D maven.repo.local=/root/./workspace/jordilucas/ponto-inteligente-api/386851526/.m2 -D rat.skip=true -D findbugs.skip=true -D skip.bower=true -D gpg.skip=true -D checkstyle.skip=true -D skip.gulp=true -D license.skip=true -D skip.npm=true test, _=/usr/bin/java, OUTPUT=, MAVEN_TERMINATE_CMD=on, MAVEN_CONFIG=/root/.m2, MAVEN_PROJECTBASEDIR=/root/workspace/jordilucas/ponto-inteligente-api/386851526, OLDPWD=/root/workspace/jordilucas/ponto-inteligente-api/386851526, LOG_FILENAME=repairnator-pipeline_2018-06-01_2229_386851526_5a77b685-d098-401d-b168-01e076b51223, RUN_ID=, HOSTNAME=cyclone1, JAVA_DEBIAN_VERSION=8u121-b13-1~bpo8+1, M2_HOME=/usr/share/maven, REPAIR_TOOLS=AssertFixer, HOME=/root, SHLVL=1, PUSH_URL=}}]
22:30:26.321 [main] INFO org.springframework.boot.test.context.SpringBootTestContextBootstrapper - Found @SpringBootConfiguration br.com.jordilucas.pontointeligente.api.PontoInteligenteApplication for test class br.com.jordilucas.pontointeligente.api.services.EmpresaServiceTest
22:30:26.323 [main] DEBUG org.springframework.boot.test.context.SpringBootTestContextBootstrapper - @TestExecutionListeners is not present for class [br.com.jordilucas.pontointeligente.api.services.EmpresaServiceTest]: using defaults.
22:30:26.326 [main] INFO org.springframework.boot.test.context.SpringBootTestContextBootstrapper - Loaded default TestExecutionListener class names from location [META-INF/spring.factories]: [org.springframework.boot.test.mock.mockito.MockitoTestExecutionListener, org.springframework.boot.test.mock.mockito.ResetMocksTestExecutionListener, org.springframework.boot.test.autoconfigure.restdocs.RestDocsTestExecutionListener, org.springframework.boot.test.autoconfigure.web.client.MockRestServiceServerResetTestExecutionListener, org.springframework.boot.test.autoconfigure.web.servlet.MockMvcPrintOnlyOnFailureTestExecutionListener, org.springframework.boot.test.autoconfigure.web.servlet.WebDriverTestExecutionListener, org.springframework.test.context.web.ServletTestExecutionListener, org.springframework.test.context.support.DirtiesContextBeforeModesTestExecutionListener, org.springframework.test.context.support.DependencyInjectionTestExecutionListener, org.springframework.test.context.support.DirtiesContextTestExecutionListener, org.springframework.test.context.transaction.TransactionalTestExecutionListener, org.springframework.test.context.jdbc.SqlScriptsTestExecutionListener, org.springframework.security.test.context.support.WithSecurityContextTestExecutionListener]
22:30:26.330 [main] INFO org.springframework.boot.test.context.SpringBootTestContextBootstrapper - Using TestExecutionListeners: [org.springframework.test.context.web.ServletTestExecutionListener@44c03695, org.springframework.test.context.support.DirtiesContextBeforeModesTestExecutionListener@7e6f74c, org.springframework.boot.test.autoconfigure.SpringBootDependencyInjectionTestExecutionListener@dd05255, org.springframework.test.context.support.DirtiesContextTestExecutionListener@6a78afa0, org.springframework.test.context.transaction.TransactionalTestExecutionListener@2f4948e4, org.springframework.test.context.jdbc.SqlScriptsTestExecutionListener@1f2586d6, org.springframework.security.test.context.support.WithSecurityContextTestExecutionListener@10683d9d, org.springframework.boot.test.autoconfigure.web.servlet.MockMvcPrintOnlyOnFailureTestExecutionListener@3fc2959f, org.springframework.boot.test.mock.mockito.MockitoTestExecutionListener@5aa9e4eb, org.springframework.boot.test.autoconfigure.web.client.MockRestServiceServerResetTestExecutionListener@6989da5e, org.springframework.boot.test.autoconfigure.restdocs.RestDocsTestExecutionListener@385c9627, org.springframework.boot.test.autoconfigure.web.servlet.WebDriverTestExecutionListener@139982de, org.springframework.boot.test.mock.mockito.ResetMocksTestExecutionListener@682b2fa]
22:30:26.334 [main] DEBUG org.springframework.test.context.junit4.SpringJUnit4ClassRunner - SpringJUnit4ClassRunner constructor called with [class br.com.jordilucas.pontointeligente.api.PontoInteligenteApplicationTests]
22:30:26.334 [main] DEBUG org.springframework.test.context.BootstrapUtils - Instantiating CacheAwareContextLoaderDelegate from class [org.springframework.test.context.cache.DefaultCacheAwareContextLoaderDelegate]
22:30:26.334 [main] DEBUG org.springframework.test.context.BootstrapUtils - Instantiating BootstrapContext using constructor [public org.springframework.test.context.support.DefaultBootstrapContext(java.lang.Class,org.springframework.test.context.CacheAwareContextLoaderDelegate)]
22:30:26.334 [main] DEBUG org.springframework.test.context.BootstrapUtils - Instantiating TestContextBootstrapper for test class [br.com.jordilucas.pontointeligente.api.PontoInteligenteApplicationTests] from class [org.springframework.boot.test.context.SpringBootTestContextBootstrapper]
22:30:26.335 [main] INFO org.springframework.boot.test.context.SpringBootTestContextBootstrapper - Neither @ContextConfiguration nor @ContextHierarchy found for test class [br.com.jordilucas.pontointeligente.api.PontoInteligenteApplicationTests], using SpringBootContextLoader
22:30:26.336 [main] DEBUG org.springframework.test.context.support.AbstractContextLoader - Did not detect default resource location for test class [br.com.jordilucas.pontointeligente.api.PontoInteligenteApplicationTests]: class path resource [br/com/jordilucas/pontointeligente/api/PontoInteligenteApplicationTests-context.xml] does not exist
22:30:26.337 [main] DEBUG org.springframework.test.context.support.AbstractContextLoader - Did not detect default resource location for test class [br.com.jordilucas.pontointeligente.api.PontoInteligenteApplicationTests]: class path resource [br/com/jordilucas/pontointeligente/api/PontoInteligenteApplicationTestsContext.groovy] does not exist
22:30:26.337 [main] INFO org.springframework.test.context.support.AbstractContextLoader - Could not detect default resource locations for test class [br.com.jordilucas.pontointeligente.api.PontoInteligenteApplicationTests]: no resource found for suffixes {-context.xml, Context.groovy}.
22:30:26.337 [main] INFO org.springframework.test.context.support.AnnotationConfigContextLoaderUtils - Could not detect default configuration classes for test class [br.com.jordilucas.pontointeligente.api.PontoInteligenteApplicationTests]: PontoInteligenteApplicationTests does not declare any static, non-private, non-final, nested classes annotated with @Configuration.
22:30:26.342 [main] DEBUG org.springframework.core.env.StandardEnvironment - Adding PropertySource 'systemProperties' with lowest search precedence
22:30:26.343 [main] DEBUG org.springframework.core.env.StandardEnvironment - Adding PropertySource 'systemEnvironment' with lowest search precedence
22:30:26.344 [main] DEBUG org.springframework.core.env.StandardEnvironment - Initialized StandardEnvironment with PropertySources [MapPropertySource@752316209 {name='systemProperties', properties={java.runtime.name=OpenJDK Runtime Environment, sun.boot.library.path=/usr/lib/jvm/java-8-openjdk-amd64/jre/lib/amd64, java.vm.version=25.121-b13, java.vm.vendor=Oracle Corporation, java.vendor.url=http://java.oracle.com/, skip.gulp=true, path.separator=:, java.vm.name=OpenJDK 64-Bit Server VM, file.encoding.pkg=sun.io, findbugs.skip=true, sun.java.launcher=SUN_STANDARD, sun.os.patch.level=unknown, java.vm.specification.name=Java Virtual Machine Specification, user.dir=/root/workspace/jordilucas/ponto-inteligente-api/386851526, checkstyle.skip=true, java.runtime.version=1.8.0_121-8u121-b13-1~bpo8+1-b13, skip.npm=true, basedir=/root/workspace/jordilucas/ponto-inteligente-api/386851526, java.awt.graphicsenv=sun.awt.X11GraphicsEnvironment, java.endorsed.dirs=/usr/lib/jvm/java-8-openjdk-amd64/jre/lib/endorsed, os.arch=amd64, surefire.real.class.path=/root/workspace/jordilucas/ponto-inteligente-api/386851526/target/surefire/surefirebooter3283895179172420451.jar, gpg.skip=true, java.io.tmpdir=/tmp, line.separator=
, cobertura.skip=true, java.vm.specification.vendor=Oracle Corporation, os.name=Linux, sun.jnu.encoding=UTF-8, license.skip=true, java.library.path=/usr/java/packages/lib/amd64:/usr/lib/x86_64-linux-gnu/jni:/lib/x86_64-linux-gnu:/usr/lib/x86_64-linux-gnu:/usr/lib/jni:/lib:/usr/lib, surefire.test.class.path=/root/workspace/jordilucas/ponto-inteligente-api/386851526/target/test-classes:/root/workspace/jordilucas/ponto-inteligente-api/386851526/target/classes:/root/./workspace/jordilucas/ponto-inteligente-api/386851526/.m2/org/springframework/boot/spring-boot-starter/1.5.8.RELEASE/spring-boot-starter-1.5.8.RELEASE.jar:/root/./workspace/jordilucas/ponto-inteligente-api/386851526/.m2/org/springframework/boot/spring-boot/1.5.8.RELEASE/spring-boot-1.5.8.RELEASE.jar:/root/./workspace/jordilucas/ponto-inteligente-api/386851526/.m2/org/springframework/spring-context/4.3.12.RELEASE/spring-context-4.3.12.RELEASE.jar:/root/./workspace/jordilucas/ponto-inteligente-api/386851526/.m2/org/springframework/boot/spring-boot-autoconfigure/1.5.8.RELEASE/spring-boot-autoconfigure-1.5.8.RELEASE.jar:/root/./workspace/jordilucas/ponto-inteligente-api/386851526/.m2/org/springframework/boot/spring-boot-starter-logging/1.5.8.RELEASE/spring-boot-starter-logging-1.5.8.RELEASE.jar:/root/./workspace/jordilucas/ponto-inteligente-api/386851526/.m2/ch/qos/logback/logback-classic/1.1.11/logback-classic-1.1.11.jar:/root/./workspace/jordilucas/ponto-inteligente-api/386851526/.m2/ch/qos/logback/logback-core/1.1.11/logback-core-1.1.11.jar:/root/./workspace/jordilucas/ponto-inteligente-api/386851526/.m2/org/slf4j/jcl-over-slf4j/1.7.25/jcl-over-slf4j-1.7.25.jar:/root/./workspace/jordilucas/ponto-inteligente-api/386851526/.m2/org/slf4j/jul-to-slf4j/1.7.25/jul-to-slf4j-1.7.25.jar:/root/./workspace/jordilucas/ponto-inteligente-api/386851526/.m2/org/slf4j/log4j-over-slf4j/1.7.25/log4j-over-slf4j-1.7.25.jar:/root/./workspace/jordilucas/ponto-inteligente-api/386851526/.m2/org/springframework/spring-core/4.3.12.RELEASE/spring-core-4.3.12.RELEASE.jar:/root/./workspace/jordilucas/ponto-inteligente-api/386851526/.m2/org/yaml/snakeyaml/1.17/snakeyaml-1.17.jar:/root/./workspace/jordilucas/ponto-inteligente-api/386851526/.m2/org/springframework/boot/spring-boot-devtools/1.5.8.RELEASE/spring-boot-devtools-1.5.8.RELEASE.jar:/root/./workspace/jordilucas/ponto-inteligente-api/386851526/.m2/org/springframework/boot/spring-boot-starter-test/1.5.8.RELEASE/spring-boot-starter-test-1.5.8.RELEASE.jar:/root/./workspace/jordilucas/ponto-inteligente-api/386851526/.m2/org/springframework/boot/spring-boot-test/1.5.8.RELEASE/spring-boot-test-1.5.8.RELEASE.jar:/root/./workspace/jordilucas/ponto-inteligente-api/386851526/.m2/org/springframework/boot/spring-boot-test-autoconfigure/1.5.8.RELEASE/spring-boot-test-autoconfigure-1.5.8.RELEASE.jar:/root/./workspace/jordilucas/ponto-inteligente-api/386851526/.m2/com/jayway/jsonpath/json-path/2.2.0/json-path-2.2.0.jar:/root/./workspace/jordilucas/ponto-inteligente-api/386851526/.m2/net/minidev/json-smart/2.2.1/json-smart-2.2.1.jar:/root/./workspace/jordilucas/ponto-inteligente-api/386851526/.m2/net/minidev/accessors-smart/1.1/accessors-smart-1.1.jar:/root/./workspace/jordilucas/ponto-inteligente-api/386851526/.m2/org/ow2/asm/asm/5.0.3/asm-5.0.3.jar:/root/./workspace/jordilucas/ponto-inteligente-api/386851526/.m2/org/slf4j/slf4j-api/1.7.25/slf4j-api-1.7.25.jar:/root/./workspace/jordilucas/ponto-inteligente-api/386851526/.m2/junit/junit/4.12/junit-4.12.jar:/root/./workspace/jordilucas/ponto-inteligente-api/386851526/.m2/org/assertj/assertj-core/2.6.0/assertj-core-2.6.0.jar:/root/./workspace/jordilucas/ponto-inteligente-api/386851526/.m2/org/mockito/mockito-core/1.10.19/mockito-core-1.10.19.jar:/root/./workspace/jordilucas/ponto-inteligente-api/386851526/.m2/org/objenesis/objenesis/2.1/objenesis-2.1.jar:/root/./workspace/jordilucas/ponto-inteligente-api/386851526/.m2/org/hamcrest/hamcrest-core/1.3/hamcrest-core-1.3.jar:/root/./workspace/jordilucas/ponto-inteligente-api/386851526/.m2/org/hamcrest/hamcrest-library/1.3/hamcrest-library-1.3.jar:/root/./workspace/jordilucas/ponto-inteligente-api/386851526/.m2/org/skyscreamer/jsonassert/1.4.0/jsonassert-1.4.0.jar:/root/./workspace/jordilucas/ponto-inteligente-api/386851526/.m2/com/vaadin/external/google/android-json/0.0.20131108.vaadin1/android-json-0.0.20131108.vaadin1.jar:/root/./workspace/jordilucas/ponto-inteligente-api/386851526/.m2/org/springframework/spring-test/4.3.12.RELEASE/spring-test-4.3.12.RELEASE.jar:/root/./workspace/jordilucas/ponto-inteligente-api/386851526/.m2/org/springframework/boot/spring-boot-starter-data-jpa/1.5.8.RELEASE/spring-boot-starter-data-jpa-1.5.8.RELEASE.jar:/root/./workspace/jordilucas/ponto-inteligente-api/386851526/.m2/org/springframework/boot/spring-boot-starter-aop/1.5.8.RELEASE/spring-boot-starter-aop-1.5.8.RELEASE.jar:/root/./workspace/jordilucas/ponto-inteligente-api/386851526/.m2/org/aspectj/aspectjweaver/1.8.11/aspectjweaver-1.8.11.jar:/root/./workspace/jordilucas/ponto-inteligente-api/386851526/.m2/org/springframework/boot/spring-boot-starter-jdbc/1.5.8.RELEASE/spring-boot-starter-jdbc-1.5.8.RELEASE.jar:/root/./workspace/jordilucas/ponto-inteligente-api/386851526/.m2/org/apache/tomcat/tomcat-jdbc/8.5.23/tomcat-jdbc-8.5.23.jar:/root/./workspace/jordilucas/ponto-inteligente-api/386851526/.m2/org/apache/tomcat/tomcat-juli/8.5.23/tomcat-juli-8.5.23.jar:/root/./workspace/jordilucas/ponto-inteligente-api/386851526/.m2/org/springframework/spring-jdbc/4.3.12.RELEASE/spring-jdbc-4.3.12.RELEASE.jar:/root/./workspace/jordilucas/ponto-inteligente-api/386851526/.m2/org/hibernate/hibernate-core/5.0.12.Final/hibernate-core-5.0.12.Final.jar:/root/./workspace/jordilucas/ponto-inteligente-api/386851526/.m2/org/hibernate/javax/persistence/hibernate-jpa-2.1-api/1.0.0.Final/hibernate-jpa-2.1-api-1.0.0.Final.jar:/root/./workspace/jordilucas/ponto-inteligente-api/386851526/.m2/org/javassist/javassist/3.21.0-GA/javassist-3.21.0-GA.jar:/root/./workspace/jordilucas/ponto-inteligente-api/386851526/.m2/antlr/antlr/2.7.7/antlr-2.7.7.jar:/root/./workspace/jordilucas/ponto-inteligente-api/386851526/.m2/org/jboss/jandex/2.0.0.Final/jandex-2.0.0.Final.jar:/root/./workspace/jordilucas/ponto-inteligente-api/386851526/.m2/dom4j/dom4j/1.6.1/dom4j-1.6.1.jar:/root/./workspace/jordilucas/ponto-inteligente-api/386851526/.m2/org/hibernate/common/hibernate-commons-annotations/5.0.1.Final/hibernate-commons-annotations-5.0.1.Final.jar:/root/./workspace/jordilucas/ponto-inteligente-api/386851526/.m2/org/hibernate/hibernate-entitymanager/5.0.12.Final/hibernate-entitymanager-5.0.12.Final.jar:/root/./workspace/jordilucas/ponto-inteligente-api/386851526/.m2/javax/transaction/javax.transaction-api/1.2/javax.transaction-api-1.2.jar:/root/./workspace/jordilucas/ponto-inteligente-api/386851526/.m2/org/springframework/data/spring-data-jpa/1.11.8.RELEASE/spring-data-jpa-1.11.8.RELEASE.jar:/root/./workspace/jordilucas/ponto-inteligente-api/386851526/.m2/org/springframework/data/spring-data-commons/1.13.8.RELEASE/spring-data-commons-1.13.8.RELEASE.jar:/root/./workspace/jordilucas/ponto-inteligente-api/386851526/.m2/org/springframework/spring-orm/4.3.12.RELEASE/spring-orm-4.3.12.RELEASE.jar:/root/./workspace/jordilucas/ponto-inteligente-api/386851526/.m2/org/springframework/spring-tx/4.3.12.RELEASE/spring-tx-4.3.12.RELEASE.jar:/root/./workspace/jordilucas/ponto-inteligente-api/386851526/.m2/org/springframework/spring-beans/4.3.12.RELEASE/spring-beans-4.3.12.RELEASE.jar:/root/./workspace/jordilucas/ponto-inteligente-api/386851526/.m2/org/springframework/spring-aspects/4.3.12.RELEASE/spring-aspects-4.3.12.RELEASE.jar:/root/./workspace/jordilucas/ponto-inteligente-api/386851526/.m2/mysql/mysql-connector-java/5.1.44/mysql-connector-java-5.1.44.jar:/root/./workspace/jordilucas/ponto-inteligente-api/386851526/.m2/com/h2database/h2/1.4.196/h2-1.4.196.jar:/root/./workspace/jordilucas/ponto-inteligente-api/386851526/.m2/org/jboss/logging/jboss-logging/3.3.1.Final/jboss-logging-3.3.1.Final.jar:/root/./workspace/jordilucas/ponto-inteligente-api/386851526/.m2/org/springframework/boot/spring-boot-starter-security/1.5.8.RELEASE/spring-boot-starter-security-1.5.8.RELEASE.jar:/root/./workspace/jordilucas/ponto-inteligente-api/386851526/.m2/org/springframework/spring-aop/4.3.12.RELEASE/spring-aop-4.3.12.RELEASE.jar:/root/./workspace/jordilucas/ponto-inteligente-api/386851526/.m2/org/springframework/security/spring-security-config/4.2.3.RELEASE/spring-security-config-4.2.3.RELEASE.jar:/root/./workspace/jordilucas/ponto-inteligente-api/386851526/.m2/org/springframework/security/spring-security-web/4.2.3.RELEASE/spring-security-web-4.2.3.RELEASE.jar:/root/./workspace/jordilucas/ponto-inteligente-api/386851526/.m2/org/springframework/spring-expression/4.3.12.RELEASE/spring-expression-4.3.12.RELEASE.jar:/root/./workspace/jordilucas/ponto-inteligente-api/386851526/.m2/org/springframework/security/spring-security-test/4.2.3.RELEASE/spring-security-test-4.2.3.RELEASE.jar:/root/./workspace/jordilucas/ponto-inteligente-api/386851526/.m2/org/springframework/security/spring-security-core/4.2.3.RELEASE/spring-security-core-4.2.3.RELEASE.jar:/root/./workspace/jordilucas/ponto-inteligente-api/386851526/.m2/aopalliance/aopalliance/1.0/aopalliance-1.0.jar:/root/./workspace/jordilucas/ponto-inteligente-api/386851526/.m2/org/springframework/boot/spring-boot-starter-web/1.5.8.RELEASE/spring-boot-starter-web-1.5.8.RELEASE.jar:/root/./workspace/jordilucas/ponto-inteligente-api/386851526/.m2/org/springframework/boot/spring-boot-starter-tomcat/1.5.8.RELEASE/spring-boot-starter-tomcat-1.5.8.RELEASE.jar:/root/./workspace/jordilucas/ponto-inteligente-api/386851526/.m2/org/apache/tomcat/embed/tomcat-embed-core/8.5.23/tomcat-embed-core-8.5.23.jar:/root/./workspace/jordilucas/ponto-inteligente-api/386851526/.m2/org/apache/tomcat/tomcat-annotations-api/8.5.23/tomcat-annotations-api-8.5.23.jar:/root/./workspace/jordilucas/ponto-inteligente-api/386851526/.m2/org/apache/tomcat/embed/tomcat-embed-websocket/8.5.23/tomcat-embed-websocket-8.5.23.jar:/root/./workspace/jordilucas/ponto-inteligente-api/386851526/.m2/org/hibernate/hibernate-validator/5.3.5.Final/hibernate-validator-5.3.5.Final.jar:/root/./workspace/jordilucas/ponto-inteligente-api/386851526/.m2/javax/validation/validation-api/1.1.0.Final/validation-api-1.1.0.Final.jar:/root/./workspace/jordilucas/ponto-inteligente-api/386851526/.m2/com/fasterxml/classmate/1.3.4/classmate-1.3.4.jar:/root/./workspace/jordilucas/ponto-inteligente-api/386851526/.m2/com/fasterxml/jackson/core/jackson-databind/2.8.10/jackson-databind-2.8.10.jar:/root/./workspace/jordilucas/ponto-inteligente-api/386851526/.m2/com/fasterxml/jackson/core/jackson-annotations/2.8.0/jackson-annotations-2.8.0.jar:/root/./workspace/jordilucas/ponto-inteligente-api/386851526/.m2/org/springframework/spring-web/4.3.12.RELEASE/spring-web-4.3.12.RELEASE.jar:/root/./workspace/jordilucas/ponto-inteligente-api/386851526/.m2/org/springframework/spring-webmvc/4.3.12.RELEASE/spring-webmvc-4.3.12.RELEASE.jar:/root/./workspace/jordilucas/ponto-inteligente-api/386851526/.m2/org/springframework/boot/spring-boot-starter-validation/1.5.8.RELEASE/spring-boot-starter-validation-1.5.8.RELEASE.jar:/root/./workspace/jordilucas/ponto-inteligente-api/386851526/.m2/org/apache/tomcat/embed/tomcat-embed-el/8.5.23/tomcat-embed-el-8.5.23.jar:/root/./workspace/jordilucas/ponto-inteligente-api/386851526/.m2/com/fasterxml/jackson/datatype/jackson-datatype-jdk8/2.8.10/jackson-datatype-jdk8-2.8.10.jar:/root/./workspace/jordilucas/ponto-inteligente-api/386851526/.m2/com/fasterxml/jackson/core/jackson-core/2.8.10/jackson-core-2.8.10.jar:/root/./workspace/jordilucas/ponto-inteligente-api/386851526/.m2/org/apache/commons/commons-lang3/3.6/commons-lang3-3.6.jar:, java.specification.name=Java Platform API Specification, java.class.version=52.0, skip.bower=true, sun.management.compiler=HotSpot 64-Bit Tiered Compilers, maven.repo.local=/root/./workspace/jordilucas/ponto-inteligente-api/386851526/.m2, os.version=3.10.0-862.3.2.el7.x86_64, user.home=/root, user.timezone=Europe/Paris, java.awt.printerjob=sun.print.PSPrinterJob, file.encoding=UTF-8, java.specification.version=1.8, java.class.path=/root/workspace/jordilucas/ponto-inteligente-api/386851526/target/test-classes:/root/workspace/jordilucas/ponto-inteligente-api/386851526/target/classes:/root/./workspace/jordilucas/ponto-inteligente-api/386851526/.m2/org/springframework/boot/spring-boot-starter/1.5.8.RELEASE/spring-boot-starter-1.5.8.RELEASE.jar:/root/./workspace/jordilucas/ponto-inteligente-api/386851526/.m2/org/springframework/boot/spring-boot/1.5.8.RELEASE/spring-boot-1.5.8.RELEASE.jar:/root/./workspace/jordilucas/ponto-inteligente-api/386851526/.m2/org/springframework/spring-context/4.3.12.RELEASE/spring-context-4.3.12.RELEASE.jar:/root/./workspace/jordilucas/ponto-inteligente-api/386851526/.m2/org/springframework/boot/spring-boot-autoconfigure/1.5.8.RELEASE/spring-boot-autoconfigure-1.5.8.RELEASE.jar:/root/./workspace/jordilucas/ponto-inteligente-api/386851526/.m2/org/springframework/boot/spring-boot-starter-logging/1.5.8.RELEASE/spring-boot-starter-logging-1.5.8.RELEASE.jar:/root/./workspace/jordilucas/ponto-inteligente-api/386851526/.m2/ch/qos/logback/logback-classic/1.1.11/logback-classic-1.1.11.jar:/root/./workspace/jordilucas/ponto-inteligente-api/386851526/.m2/ch/qos/logback/logback-core/1.1.11/logback-core-1.1.11.jar:/root/./workspace/jordilucas/ponto-inteligente-api/386851526/.m2/org/slf4j/jcl-over-slf4j/1.7.25/jcl-over-slf4j-1.7.25.jar:/root/./workspace/jordilucas/ponto-inteligente-api/386851526/.m2/org/slf4j/jul-to-slf4j/1.7.25/jul-to-slf4j-1.7.25.jar:/root/./workspace/jordilucas/ponto-inteligente-api/386851526/.m2/org/slf4j/log4j-over-slf4j/1.7.25/log4j-over-slf4j-1.7.25.jar:/root/./workspace/jordilucas/ponto-inteligente-api/386851526/.m2/org/springframework/spring-core/4.3.12.RELEASE/spring-core-4.3.12.RELEASE.jar:/root/./workspace/jordilucas/ponto-inteligente-api/386851526/.m2/org/yaml/snakeyaml/1.17/snakeyaml-1.17.jar:/root/./workspace/jordilucas/ponto-inteligente-api/386851526/.m2/org/springframework/boot/spring-boot-devtools/1.5.8.RELEASE/spring-boot-devtools-1.5.8.RELEASE.jar:/root/./workspace/jordilucas/ponto-inteligente-api/386851526/.m2/org/springframework/boot/spring-boot-starter-test/1.5.8.RELEASE/spring-boot-starter-test-1.5.8.RELEASE.jar:/root/./workspace/jordilucas/ponto-inteligente-api/386851526/.m2/org/springframework/boot/spring-boot-test/1.5.8.RELEASE/spring-boot-test-1.5.8.RELEASE.jar:/root/./workspace/jordilucas/ponto-inteligente-api/386851526/.m2/org/springframework/boot/spring-boot-test-autoconfigure/1.5.8.RELEASE/spring-boot-test-autoconfigure-1.5.8.RELEASE.jar:/root/./workspace/jordilucas/ponto-inteligente-api/386851526/.m2/com/jayway/jsonpath/json-path/2.2.0/json-path-2.2.0.jar:/root/./workspace/jordilucas/ponto-inteligente-api/386851526/.m2/net/minidev/json-smart/2.2.1/json-smart-2.2.1.jar:/root/./workspace/jordilucas/ponto-inteligente-api/386851526/.m2/net/minidev/accessors-smart/1.1/accessors-smart-1.1.jar:/root/./workspace/jordilucas/ponto-inteligente-api/386851526/.m2/org/ow2/asm/asm/5.0.3/asm-5.0.3.jar:/root/./workspace/jordilucas/ponto-inteligente-api/386851526/.m2/org/slf4j/slf4j-api/1.7.25/slf4j-api-1.7.25.jar:/root/./workspace/jordilucas/ponto-inteligente-api/386851526/.m2/junit/junit/4.12/junit-4.12.jar:/root/./workspace/jordilucas/ponto-inteligente-api/386851526/.m2/org/assertj/assertj-core/2.6.0/assertj-core-2.6.0.jar:/root/./workspace/jordilucas/ponto-inteligente-api/386851526/.m2/org/mockito/mockito-core/1.10.19/mockito-core-1.10.19.jar:/root/./workspace/jordilucas/ponto-inteligente-api/386851526/.m2/org/objenesis/objenesis/2.1/objenesis-2.1.jar:/root/./workspace/jordilucas/ponto-inteligente-api/386851526/.m2/org/hamcrest/hamcrest-core/1.3/hamcrest-core-1.3.jar:/root/./workspace/jordilucas/ponto-inteligente-api/386851526/.m2/org/hamcrest/hamcrest-library/1.3/hamcrest-library-1.3.jar:/root/./workspace/jordilucas/ponto-inteligente-api/386851526/.m2/org/skyscreamer/jsonassert/1.4.0/jsonassert-1.4.0.jar:/root/./workspace/jordilucas/ponto-inteligente-api/386851526/.m2/com/vaadin/external/google/android-json/0.0.20131108.vaadin1/android-json-0.0.20131108.vaadin1.jar:/root/./workspace/jordilucas/ponto-inteligente-api/386851526/.m2/org/springframework/spring-test/4.3.12.RELEASE/spring-test-4.3.12.RELEASE.jar:/root/./workspace/jordilucas/ponto-inteligente-api/386851526/.m2/org/springframework/boot/spring-boot-starter-data-jpa/1.5.8.RELEASE/spring-boot-starter-data-jpa-1.5.8.RELEASE.jar:/root/./workspace/jordilucas/ponto-inteligente-api/386851526/.m2/org/springframework/boot/spring-boot-starter-aop/1.5.8.RELEASE/spring-boot-starter-aop-1.5.8.RELEASE.jar:/root/./workspace/jordilucas/ponto-inteligente-api/386851526/.m2/org/aspectj/aspectjweaver/1.8.11/aspectjweaver-1.8.11.jar:/root/./workspace/jordilucas/ponto-inteligente-api/386851526/.m2/org/springframework/boot/spring-boot-starter-jdbc/1.5.8.RELEASE/spring-boot-starter-jdbc-1.5.8.RELEASE.jar:/root/./workspace/jordilucas/ponto-inteligente-api/386851526/.m2/org/apache/tomcat/tomcat-jdbc/8.5.23/tomcat-jdbc-8.5.23.jar:/root/./workspace/jordilucas/ponto-inteligente-api/386851526/.m2/org/apache/tomcat/tomcat-juli/8.5.23/tomcat-juli-8.5.23.jar:/root/./workspace/jordilucas/ponto-inteligente-api/386851526/.m2/org/springframework/spring-jdbc/4.3.12.RELEASE/spring-jdbc-4.3.12.RELEASE.jar:/root/./workspace/jordilucas/ponto-inteligente-api/386851526/.m2/org/hibernate/hibernate-core/5.0.12.Final/hibernate-core-5.0.12.Final.jar:/root/./workspace/jordilucas/ponto-inteligente-api/386851526/.m2/org/hibernate/javax/persistence/hibernate-jpa-2.1-api/1.0.0.Final/hibernate-jpa-2.1-api-1.0.0.Final.jar:/root/./workspace/jordilucas/ponto-inteligente-api/386851526/.m2/org/javassist/javassist/3.21.0-GA/javassist-3.21.0-GA.jar:/root/./workspace/jordilucas/ponto-inteligente-api/386851526/.m2/antlr/antlr/2.7.7/antlr-2.7.7.jar:/root/./workspace/jordilucas/ponto-inteligente-api/386851526/.m2/org/jboss/jandex/2.0.0.Final/jandex-2.0.0.Final.jar:/root/./workspace/jordilucas/ponto-inteligente-api/386851526/.m2/dom4j/dom4j/1.6.1/dom4j-1.6.1.jar:/root/./workspace/jordilucas/ponto-inteligente-api/386851526/.m2/org/hibernate/common/hibernate-commons-annotations/5.0.1.Final/hibernate-commons-annotations-5.0.1.Final.jar:/root/./workspace/jordilucas/ponto-inteligente-api/386851526/.m2/org/hibernate/hibernate-entitymanager/5.0.12.Final/hibernate-entitymanager-5.0.12.Final.jar:/root/./workspace/jordilucas/ponto-inteligente-api/386851526/.m2/javax/transaction/javax.transaction-api/1.2/javax.transaction-api-1.2.jar:/root/./workspace/jordilucas/ponto-inteligente-api/386851526/.m2/org/springframework/data/spring-data-jpa/1.11.8.RELEASE/spring-data-jpa-1.11.8.RELEASE.jar:/root/./workspace/jordilucas/ponto-inteligente-api/386851526/.m2/org/springframework/data/spring-data-commons/1.13.8.RELEASE/spring-data-commons-1.13.8.RELEASE.jar:/root/./workspace/jordilucas/ponto-inteligente-api/386851526/.m2/org/springframework/spring-orm/4.3.12.RELEASE/spring-orm-4.3.12.RELEASE.jar:/root/./workspace/jordilucas/ponto-inteligente-api/386851526/.m2/org/springframework/spring-tx/4.3.12.RELEASE/spring-tx-4.3.12.RELEASE.jar:/root/./workspace/jordilucas/ponto-inteligente-api/386851526/.m2/org/springframework/spring-beans/4.3.12.RELEASE/spring-beans-4.3.12.RELEASE.jar:/root/./workspace/jordilucas/ponto-inteligente-api/386851526/.m2/org/springframework/spring-aspects/4.3.12.RELEASE/spring-aspects-4.3.12.RELEASE.jar:/root/./workspace/jordilucas/ponto-inteligente-api/386851526/.m2/mysql/mysql-connector-java/5.1.44/mysql-connector-java-5.1.44.jar:/root/./workspace/jordilucas/ponto-inteligente-api/386851526/.m2/com/h2database/h2/1.4.196/h2-1.4.196.jar:/root/./workspace/jordilucas/ponto-inteligente-api/386851526/.m2/org/jboss/logging/jboss-logging/3.3.1.Final/jboss-logging-3.3.1.Final.jar:/root/./workspace/jordilucas/ponto-inteligente-api/386851526/.m2/org/springframework/boot/spring-boot-starter-security/1.5.8.RELEASE/spring-boot-starter-security-1.5.8.RELEASE.jar:/root/./workspace/jordilucas/ponto-inteligente-api/386851526/.m2/org/springframework/spring-aop/4.3.12.RELEASE/spring-aop-4.3.12.RELEASE.jar:/root/./workspace/jordilucas/ponto-inteligente-api/386851526/.m2/org/springframework/security/spring-security-config/4.2.3.RELEASE/spring-security-config-4.2.3.RELEASE.jar:/root/./workspace/jordilucas/ponto-inteligente-api/386851526/.m2/org/springframework/security/spring-security-web/4.2.3.RELEASE/spring-security-web-4.2.3.RELEASE.jar:/root/./workspace/jordilucas/ponto-inteligente-api/386851526/.m2/org/springframework/spring-expression/4.3.12.RELEASE/spring-expression-4.3.12.RELEASE.jar:/root/./workspace/jordilucas/ponto-inteligente-api/386851526/.m2/org/springframework/security/spring-security-test/4.2.3.RELEASE/spring-security-test-4.2.3.RELEASE.jar:/root/./workspace/jordilucas/ponto-inteligente-api/386851526/.m2/org/springframework/security/spring-security-core/4.2.3.RELEASE/spring-security-core-4.2.3.RELEASE.jar:/root/./workspace/jordilucas/ponto-inteligente-api/386851526/.m2/aopalliance/aopalliance/1.0/aopalliance-1.0.jar:/root/./workspace/jordilucas/ponto-inteligente-api/386851526/.m2/org/springframework/boot/spring-boot-starter-web/1.5.8.RELEASE/spring-boot-starter-web-1.5.8.RELEASE.jar:/root/./workspace/jordilucas/ponto-inteligente-api/386851526/.m2/org/springframework/boot/spring-boot-starter-tomcat/1.5.8.RELEASE/spring-boot-starter-tomcat-1.5.8.RELEASE.jar:/root/./workspace/jordilucas/ponto-inteligente-api/386851526/.m2/org/apache/tomcat/embed/tomcat-embed-core/8.5.23/tomcat-embed-core-8.5.23.jar:/root/./workspace/jordilucas/ponto-inteligente-api/386851526/.m2/org/apache/tomcat/tomcat-annotations-api/8.5.23/tomcat-annotations-api-8.5.23.jar:/root/./workspace/jordilucas/ponto-inteligente-api/386851526/.m2/org/apache/tomcat/embed/tomcat-embed-websocket/8.5.23/tomcat-embed-websocket-8.5.23.jar:/root/./workspace/jordilucas/ponto-inteligente-api/386851526/.m2/org/hibernate/hibernate-validator/5.3.5.Final/hibernate-validator-5.3.5.Final.jar:/root/./workspace/jordilucas/ponto-inteligente-api/386851526/.m2/javax/validation/validation-api/1.1.0.Final/validation-api-1.1.0.Final.jar:/root/./workspace/jordilucas/ponto-inteligente-api/386851526/.m2/com/fasterxml/classmate/1.3.4/classmate-1.3.4.jar:/root/./workspace/jordilucas/ponto-inteligente-api/386851526/.m2/com/fasterxml/jackson/core/jackson-databind/2.8.10/jackson-databind-2.8.10.jar:/root/./workspace/jordilucas/ponto-inteligente-api/386851526/.m2/com/fasterxml/jackson/core/jackson-annotations/2.8.0/jackson-annotations-2.8.0.jar:/root/./workspace/jordilucas/ponto-inteligente-api/386851526/.m2/org/springframework/spring-web/4.3.12.RELEASE/spring-web-4.3.12.RELEASE.jar:/root/./workspace/jordilucas/ponto-inteligente-api/386851526/.m2/org/springframework/spring-webmvc/4.3.12.RELEASE/spring-webmvc-4.3.12.RELEASE.jar:/root/./workspace/jordilucas/ponto-inteligente-api/386851526/.m2/org/springframework/boot/spring-boot-starter-validation/1.5.8.RELEASE/spring-boot-starter-validation-1.5.8.RELEASE.jar:/root/./workspace/jordilucas/ponto-inteligente-api/386851526/.m2/org/apache/tomcat/embed/tomcat-embed-el/8.5.23/tomcat-embed-el-8.5.23.jar:/root/./workspace/jordilucas/ponto-inteligente-api/386851526/.m2/com/fasterxml/jackson/datatype/jackson-datatype-jdk8/2.8.10/jackson-datatype-jdk8-2.8.10.jar:/root/./workspace/jordilucas/ponto-inteligente-api/386851526/.m2/com/fasterxml/jackson/core/jackson-core/2.8.10/jackson-core-2.8.10.jar:/root/./workspace/jordilucas/ponto-inteligente-api/386851526/.m2/org/apache/commons/commons-lang3/3.6/commons-lang3-3.6.jar:, user.name=root, skipITs=true, java.vm.specification.version=1.8, sun.java.command=/root/workspace/jordilucas/ponto-inteligente-api/386851526/target/surefire/surefirebooter3283895179172420451.jar /root/workspace/jordilucas/ponto-inteligente-api/386851526/target/surefire/surefire4784252510475456301tmp /root/workspace/jordilucas/ponto-inteligente-api/386851526/target/surefire/surefire_07033769689870660414tmp, java.home=/usr/lib/jvm/java-8-openjdk-amd64/jre, sun.arch.data.model=64, user.language=en, java.specification.vendor=Oracle Corporation, dependency-check.skip=true, awt.toolkit=sun.awt.X11.XToolkit, java.vm.info=mixed mode, java.version=1.8.0_121, java.ext.dirs=/usr/lib/jvm/java-8-openjdk-amd64/jre/lib/ext:/usr/java/packages/lib/ext, sun.boot.class.path=/usr/lib/jvm/java-8-openjdk-amd64/jre/lib/resources.jar:/usr/lib/jvm/java-8-openjdk-amd64/jre/lib/rt.jar:/usr/lib/jvm/java-8-openjdk-amd64/jre/lib/sunrsasign.jar:/usr/lib/jvm/java-8-openjdk-amd64/jre/lib/jsse.jar:/usr/lib/jvm/java-8-openjdk-amd64/jre/lib/jce.jar:/usr/lib/jvm/java-8-openjdk-amd64/jre/lib/charsets.jar:/usr/lib/jvm/java-8-openjdk-amd64/jre/lib/jfr.jar:/usr/lib/jvm/java-8-openjdk-amd64/jre/classes, rat.skip=true, enforcer.skip=true, java.vendor=Oracle Corporation, localRepository=/root/./workspace/jordilucas/ponto-inteligente-api/386851526/.m2, file.separator=/, java.vendor.url.bug=http://bugreport.sun.com/bugreport/, sun.io.unicode.encoding=UnicodeLittle, sun.cpu.endian=little, sun.cpu.isalist=}}, SystemEnvironmentPropertySource@914356853 {name='systemEnvironment', properties={PATH=/usr/local/sbin:/usr/local/bin:/usr/sbin:/usr/bin:/sbin:/bin, JAVA_HOME=/usr/lib/jvm/java-8-openjdk-amd64, NOTIFY_TO=, CA_CERTIFICATES_JAVA_VERSION=20161107~bpo8+1, MONGODB_HOST=, BUILD_ID=, LANG=C.UTF-8, MAVEN_HOME=/usr/share/maven, SMTP_SERVER=, MONGODB_NAME=, REPAIR_MODE=repair, PWD=/root/workspace/jordilucas/ponto-inteligente-api/386851526, JAVA_VERSION=8u121, GITHUB_OAUTH=, MAVEN_CMD_LINE_ARGS=/root/.m2 -B -D enforcer.skip=true -D dependency-check.skip=true -D skipITs=true -D cobertura.skip=true -D maven.repo.local=/root/./workspace/jordilucas/ponto-inteligente-api/386851526/.m2 -D rat.skip=true -D findbugs.skip=true -D skip.bower=true -D gpg.skip=true -D checkstyle.skip=true -D skip.gulp=true -D license.skip=true -D skip.npm=true test, _=/usr/bin/java, OUTPUT=, MAVEN_TERMINATE_CMD=on, MAVEN_CONFIG=/root/.m2, MAVEN_PROJECTBASEDIR=/root/workspace/jordilucas/ponto-inteligente-api/386851526, OLDPWD=/root/workspace/jordilucas/ponto-inteligente-api/386851526, LOG_FILENAME=repairnator-pipeline_2018-06-01_2229_386851526_5a77b685-d098-401d-b168-01e076b51223, RUN_ID=, HOSTNAME=cyclone1, JAVA_DEBIAN_VERSION=8u121-b13-1~bpo8+1, M2_HOME=/usr/share/maven, REPAIR_TOOLS=AssertFixer, HOME=/root, SHLVL=1, PUSH_URL=}}]
22:30:26.345 [main] DEBUG org.springframework.core.io.support.PathMatchingResourcePatternResolver - Resolved classpath location [br/com/jordilucas/pontointeligente/api/] to resources [URL [file:/root/workspace/jordilucas/ponto-inteligente-api/386851526/target/test-classes/br/com/jordilucas/pontointeligente/api/], URL [file:/root/workspace/jordilucas/ponto-inteligente-api/386851526/target/classes/br/com/jordilucas/pontointeligente/api/]]
22:30:26.345 [main] DEBUG org.springframework.core.io.support.PathMatchingResourcePatternResolver - Looking for matching resources in directory tree [/root/workspace/jordilucas/ponto-inteligente-api/386851526/target/test-classes/br/com/jordilucas/pontointeligente/api]
22:30:26.346 [main] DEBUG org.springframework.core.io.support.PathMatchingResourcePatternResolver - Searching directory [/root/workspace/jordilucas/ponto-inteligente-api/386851526/target/test-classes/br/com/jordilucas/pontointeligente/api] for files matching pattern [/root/workspace/jordilucas/ponto-inteligente-api/386851526/target/test-classes/br/com/jordilucas/pontointeligente/api/*.class]
22:30:26.347 [main] DEBUG org.springframework.core.io.support.PathMatchingResourcePatternResolver - Looking for matching resources in directory tree [/root/workspace/jordilucas/ponto-inteligente-api/386851526/target/classes/br/com/jordilucas/pontointeligente/api]
22:30:26.348 [main] DEBUG org.springframework.core.io.support.PathMatchingResourcePatternResolver - Searching directory [/root/workspace/jordilucas/ponto-inteligente-api/386851526/target/classes/br/com/jordilucas/pontointeligente/api] for files matching pattern [/root/workspace/jordilucas/ponto-inteligente-api/386851526/target/classes/br/com/jordilucas/pontointeligente/api/*.class]
22:30:26.350 [main] DEBUG org.springframework.core.io.support.PathMatchingResourcePatternResolver - Resolved location pattern [classpath*:br/com/jordilucas/pontointeligente/api/*.class] to resources [file [/root/workspace/jordilucas/ponto-inteligente-api/386851526/target/test-classes/br/com/jordilucas/pontointeligente/api/PontoInteligenteApplicationTests.class], file [/root/workspace/jordilucas/ponto-inteligente-api/386851526/target/classes/br/com/jordilucas/pontointeligente/api/PontoInteligenteApplication.class]]
22:30:26.353 [main] DEBUG org.springframework.context.annotation.ClassPathScanningCandidateComponentProvider - Identified candidate component class: file [/root/workspace/jordilucas/ponto-inteligente-api/386851526/target/classes/br/com/jordilucas/pontointeligente/api/PontoInteligenteApplication.class]
22:30:26.354 [main] INFO org.springframework.boot.test.context.SpringBootTestContextBootstrapper - Found @SpringBootConfiguration br.com.jordilucas.pontointeligente.api.PontoInteligenteApplication for test class br.com.jordilucas.pontointeligente.api.PontoInteligenteApplicationTests
22:30:26.355 [main] DEBUG org.springframework.boot.test.context.SpringBootTestContextBootstrapper - @TestExecutionListeners is not present for class [br.com.jordilucas.pontointeligente.api.PontoInteligenteApplicationTests]: using defaults.
22:30:26.360 [main] INFO org.springframework.boot.test.context.SpringBootTestContextBootstrapper - Loaded default TestExecutionListener class names from location [META-INF/spring.factories]: [org.springframework.boot.test.mock.mockito.MockitoTestExecutionListener, org.springframework.boot.test.mock.mockito.ResetMocksTestExecutionListener, org.springframework.boot.test.autoconfigure.restdocs.RestDocsTestExecutionListener, org.springframework.boot.test.autoconfigure.web.client.MockRestServiceServerResetTestExecutionListener, org.springframework.boot.test.autoconfigure.web.servlet.MockMvcPrintOnlyOnFailureTestExecutionListener, org.springframework.boot.test.autoconfigure.web.servlet.WebDriverTestExecutionListener, org.springframework.test.context.web.ServletTestExecutionListener, org.springframework.test.context.support.DirtiesContextBeforeModesTestExecutionListener, org.springframework.test.context.support.DependencyInjectionTestExecutionListener, org.springframework.test.context.support.DirtiesContextTestExecutionListener, org.springframework.test.context.transaction.TransactionalTestExecutionListener, org.springframework.test.context.jdbc.SqlScriptsTestExecutionListener, org.springframework.security.test.context.support.WithSecurityContextTestExecutionListener]
22:30:26.365 [main] INFO org.springframework.boot.test.context.SpringBootTestContextBootstrapper - Using TestExecutionListeners: [org.springframework.test.context.web.ServletTestExecutionListener@22fcf7ab, org.springframework.test.context.support.DirtiesContextBeforeModesTestExecutionListener@2de23121, org.springframework.boot.test.autoconfigure.SpringBootDependencyInjectionTestExecutionListener@63475ace, org.springframework.test.context.support.DirtiesContextTestExecutionListener@4988d8b8, org.springframework.test.context.transaction.TransactionalTestExecutionListener@c0c2f8d, org.springframework.test.context.jdbc.SqlScriptsTestExecutionListener@305b7c14, org.springframework.security.test.context.support.WithSecurityContextTestExecutionListener@6913c1fb, org.springframework.boot.test.autoconfigure.web.servlet.MockMvcPrintOnlyOnFailureTestExecutionListener@66d18979, org.springframework.boot.test.mock.mockito.MockitoTestExecutionListener@bccb269, org.springframework.boot.test.autoconfigure.web.client.MockRestServiceServerResetTestExecutionListener@609cd4d8, org.springframework.boot.test.autoconfigure.restdocs.RestDocsTestExecutionListener@17f7cd29, org.springframework.boot.test.autoconfigure.web.servlet.WebDriverTestExecutionListener@7d8704ef, org.springframework.boot.test.mock.mockito.ResetMocksTestExecutionListener@13b6aecc]
22:30:26.378 [main] DEBUG org.springframework.test.annotation.ProfileValueUtils - Retrieved @ProfileValueSourceConfiguration [null] for test class [br.com.jordilucas.pontointeligente.api.repositories.EmpresaRepositoryTest]
22:30:26.379 [main] DEBUG org.springframework.test.annotation.ProfileValueUtils - Retrieved ProfileValueSource type [class org.springframework.test.annotation.SystemProfileValueSource] for class [br.com.jordilucas.pontointeligente.api.repositories.EmpresaRepositoryTest]
22:30:26.380 [main] DEBUG org.springframework.test.annotation.ProfileValueUtils - Retrieved @ProfileValueSourceConfiguration [null] for test class [br.com.jordilucas.pontointeligente.api.repositories.LancamentoRepositoryTest]
22:30:26.380 [main] DEBUG org.springframework.test.annotation.ProfileValueUtils - Retrieved ProfileValueSource type [class org.springframework.test.annotation.SystemProfileValueSource] for class [br.com.jordilucas.pontointeligente.api.repositories.LancamentoRepositoryTest]
22:30:26.381 [main] DEBUG org.springframework.test.annotation.ProfileValueUtils - Retrieved @ProfileValueSourceConfiguration [null] for test class [br.com.jordilucas.pontointeligente.api.repositories.FuncionarioRepositoryTest]
22:30:26.381 [main] DEBUG org.springframework.test.annotation.ProfileValueUtils - Retrieved ProfileValueSource type [class org.springframework.test.annotation.SystemProfileValueSource] for class [br.com.jordilucas.pontointeligente.api.repositories.FuncionarioRepositoryTest]
22:30:26.381 [main] DEBUG org.springframework.test.annotation.ProfileValueUtils - Retrieved @ProfileValueSourceConfiguration [null] for test class [br.com.jordilucas.pontointeligente.api.services.LancamentoServiceTest]
22:30:26.382 [main] DEBUG org.springframework.test.annotation.ProfileValueUtils - Retrieved ProfileValueSource type [class org.springframework.test.annotation.SystemProfileValueSource] for class [br.com.jordilucas.pontointeligente.api.services.LancamentoServiceTest]
22:30:26.382 [main] DEBUG org.springframework.test.annotation.ProfileValueUtils - Retrieved @ProfileValueSourceConfiguration [null] for test class [br.com.jordilucas.pontointeligente.api.services.FuncionarioServiceTest]
22:30:26.382 [main] DEBUG org.springframework.test.annotation.ProfileValueUtils - Retrieved ProfileValueSource type [class org.springframework.test.annotation.SystemProfileValueSource] for class [br.com.jordilucas.pontointeligente.api.services.FuncionarioServiceTest]
22:30:26.383 [main] DEBUG org.springframework.test.annotation.ProfileValueUtils - Retrieved @ProfileValueSourceConfiguration [null] for test class [br.com.jordilucas.pontointeligente.api.services.EmpresaServiceTest]
22:30:26.383 [main] DEBUG org.springframework.test.annotation.ProfileValueUtils - Retrieved ProfileValueSource type [class org.springframework.test.annotation.SystemProfileValueSource] for class [br.com.jordilucas.pontointeligente.api.services.EmpresaServiceTest]
22:30:26.383 [main] DEBUG org.springframework.test.annotation.ProfileValueUtils - Retrieved @ProfileValueSourceConfiguration [null] for test class [br.com.jordilucas.pontointeligente.api.PontoInteligenteApplicationTests]
22:30:26.383 [main] DEBUG org.springframework.test.annotation.ProfileValueUtils - Retrieved ProfileValueSource type [class org.springframework.test.annotation.SystemProfileValueSource] for class [br.com.jordilucas.pontointeligente.api.PontoInteligenteApplicationTests]
22:30:26.387 [main] DEBUG org.springframework.test.context.junit4.SpringJUnit4ClassRunner - SpringJUnit4ClassRunner constructor called with [class br.com.jordilucas.pontointeligente.api.repositories.EmpresaRepositoryTest]
22:30:26.387 [main] DEBUG org.springframework.test.context.BootstrapUtils - Instantiating CacheAwareContextLoaderDelegate from class [org.springframework.test.context.cache.DefaultCacheAwareContextLoaderDelegate]
22:30:26.387 [main] DEBUG org.springframework.test.context.BootstrapUtils - Instantiating BootstrapContext using constructor [public org.springframework.test.context.support.DefaultBootstrapContext(java.lang.Class,org.springframework.test.context.CacheAwareContextLoaderDelegate)]
22:30:26.388 [main] DEBUG org.springframework.test.context.BootstrapUtils - Instantiating TestContextBootstrapper for test class [br.com.jordilucas.pontointeligente.api.repositories.EmpresaRepositoryTest] from class [org.springframework.boot.test.context.SpringBootTestContextBootstrapper]
22:30:26.389 [main] INFO org.springframework.boot.test.context.SpringBootTestContextBootstrapper - Neither @ContextConfiguration nor @ContextHierarchy found for test class [br.com.jordilucas.pontointeligente.api.repositories.EmpresaRepositoryTest], using SpringBootContextLoader
22:30:26.390 [main] DEBUG org.springframework.test.context.support.AbstractContextLoader - Did not detect default resource location for test class [br.com.jordilucas.pontointeligente.api.repositories.EmpresaRepositoryTest]: class path resource [br/com/jordilucas/pontointeligente/api/repositories/EmpresaRepositoryTest-context.xml] does not exist
22:30:26.391 [main] DEBUG org.springframework.test.context.support.AbstractContextLoader - Did not detect default resource location for test class [br.com.jordilucas.pontointeligente.api.repositories.EmpresaRepositoryTest]: class path resource [br/com/jordilucas/pontointeligente/api/repositories/EmpresaRepositoryTestContext.groovy] does not exist
22:30:26.391 [main] INFO org.springframework.test.context.support.AbstractContextLoader - Could not detect default resource locations for test class [br.com.jordilucas.pontointeligente.api.repositories.EmpresaRepositoryTest]: no resource found for suffixes {-context.xml, Context.groovy}.
22:30:26.391 [main] INFO org.springframework.test.context.support.AnnotationConfigContextLoaderUtils - Could not detect default configuration classes for test class [br.com.jordilucas.pontointeligente.api.repositories.EmpresaRepositoryTest]: EmpresaRepositoryTest does not declare any static, non-private, non-final, nested classes annotated with @Configuration.
22:30:26.398 [main] DEBUG org.springframework.core.env.StandardEnvironment - Adding PropertySource 'systemProperties' with lowest search precedence
22:30:26.398 [main] DEBUG org.springframework.core.env.StandardEnvironment - Adding PropertySource 'systemEnvironment' with lowest search precedence
22:30:26.399 [main] DEBUG org.springframework.core.env.StandardEnvironment - Initialized StandardEnvironment with PropertySources [MapPropertySource@2012744708 {name='systemProperties', properties={java.runtime.name=OpenJDK Runtime Environment, sun.boot.library.path=/usr/lib/jvm/java-8-openjdk-amd64/jre/lib/amd64, java.vm.version=25.121-b13, java.vm.vendor=Oracle Corporation, java.vendor.url=http://java.oracle.com/, skip.gulp=true, path.separator=:, java.vm.name=OpenJDK 64-Bit Server VM, file.encoding.pkg=sun.io, findbugs.skip=true, sun.java.launcher=SUN_STANDARD, sun.os.patch.level=unknown, java.vm.specification.name=Java Virtual Machine Specification, user.dir=/root/workspace/jordilucas/ponto-inteligente-api/386851526, checkstyle.skip=true, java.runtime.version=1.8.0_121-8u121-b13-1~bpo8+1-b13, skip.npm=true, basedir=/root/workspace/jordilucas/ponto-inteligente-api/386851526, java.awt.graphicsenv=sun.awt.X11GraphicsEnvironment, java.endorsed.dirs=/usr/lib/jvm/java-8-openjdk-amd64/jre/lib/endorsed, os.arch=amd64, surefire.real.class.path=/root/workspace/jordilucas/ponto-inteligente-api/386851526/target/surefire/surefirebooter3283895179172420451.jar, gpg.skip=true, java.io.tmpdir=/tmp, line.separator=
, cobertura.skip=true, java.vm.specification.vendor=Oracle Corporation, os.name=Linux, sun.jnu.encoding=UTF-8, license.skip=true, java.library.path=/usr/java/packages/lib/amd64:/usr/lib/x86_64-linux-gnu/jni:/lib/x86_64-linux-gnu:/usr/lib/x86_64-linux-gnu:/usr/lib/jni:/lib:/usr/lib, surefire.test.class.path=/root/workspace/jordilucas/ponto-inteligente-api/386851526/target/test-classes:/root/workspace/jordilucas/ponto-inteligente-api/386851526/target/classes:/root/./workspace/jordilucas/ponto-inteligente-api/386851526/.m2/org/springframework/boot/spring-boot-starter/1.5.8.RELEASE/spring-boot-starter-1.5.8.RELEASE.jar:/root/./workspace/jordilucas/ponto-inteligente-api/386851526/.m2/org/springframework/boot/spring-boot/1.5.8.RELEASE/spring-boot-1.5.8.RELEASE.jar:/root/./workspace/jordilucas/ponto-inteligente-api/386851526/.m2/org/springframework/spring-context/4.3.12.RELEASE/spring-context-4.3.12.RELEASE.jar:/root/./workspace/jordilucas/ponto-inteligente-api/386851526/.m2/org/springframework/boot/spring-boot-autoconfigure/1.5.8.RELEASE/spring-boot-autoconfigure-1.5.8.RELEASE.jar:/root/./workspace/jordilucas/ponto-inteligente-api/386851526/.m2/org/springframework/boot/spring-boot-starter-logging/1.5.8.RELEASE/spring-boot-starter-logging-1.5.8.RELEASE.jar:/root/./workspace/jordilucas/ponto-inteligente-api/386851526/.m2/ch/qos/logback/logback-classic/1.1.11/logback-classic-1.1.11.jar:/root/./workspace/jordilucas/ponto-inteligente-api/386851526/.m2/ch/qos/logback/logback-core/1.1.11/logback-core-1.1.11.jar:/root/./workspace/jordilucas/ponto-inteligente-api/386851526/.m2/org/slf4j/jcl-over-slf4j/1.7.25/jcl-over-slf4j-1.7.25.jar:/root/./workspace/jordilucas/ponto-inteligente-api/386851526/.m2/org/slf4j/jul-to-slf4j/1.7.25/jul-to-slf4j-1.7.25.jar:/root/./workspace/jordilucas/ponto-inteligente-api/386851526/.m2/org/slf4j/log4j-over-slf4j/1.7.25/log4j-over-slf4j-1.7.25.jar:/root/./workspace/jordilucas/ponto-inteligente-api/386851526/.m2/org/springframework/spring-core/4.3.12.RELEASE/spring-core-4.3.12.RELEASE.jar:/root/./workspace/jordilucas/ponto-inteligente-api/386851526/.m2/org/yaml/snakeyaml/1.17/snakeyaml-1.17.jar:/root/./workspace/jordilucas/ponto-inteligente-api/386851526/.m2/org/springframework/boot/spring-boot-devtools/1.5.8.RELEASE/spring-boot-devtools-1.5.8.RELEASE.jar:/root/./workspace/jordilucas/ponto-inteligente-api/386851526/.m2/org/springframework/boot/spring-boot-starter-test/1.5.8.RELEASE/spring-boot-starter-test-1.5.8.RELEASE.jar:/root/./workspace/jordilucas/ponto-inteligente-api/386851526/.m2/org/springframework/boot/spring-boot-test/1.5.8.RELEASE/spring-boot-test-1.5.8.RELEASE.jar:/root/./workspace/jordilucas/ponto-inteligente-api/386851526/.m2/org/springframework/boot/spring-boot-test-autoconfigure/1.5.8.RELEASE/spring-boot-test-autoconfigure-1.5.8.RELEASE.jar:/root/./workspace/jordilucas/ponto-inteligente-api/386851526/.m2/com/jayway/jsonpath/json-path/2.2.0/json-path-2.2.0.jar:/root/./workspace/jordilucas/ponto-inteligente-api/386851526/.m2/net/minidev/json-smart/2.2.1/json-smart-2.2.1.jar:/root/./workspace/jordilucas/ponto-inteligente-api/386851526/.m2/net/minidev/accessors-smart/1.1/accessors-smart-1.1.jar:/root/./workspace/jordilucas/ponto-inteligente-api/386851526/.m2/org/ow2/asm/asm/5.0.3/asm-5.0.3.jar:/root/./workspace/jordilucas/ponto-inteligente-api/386851526/.m2/org/slf4j/slf4j-api/1.7.25/slf4j-api-1.7.25.jar:/root/./workspace/jordilucas/ponto-inteligente-api/386851526/.m2/junit/junit/4.12/junit-4.12.jar:/root/./workspace/jordilucas/ponto-inteligente-api/386851526/.m2/org/assertj/assertj-core/2.6.0/assertj-core-2.6.0.jar:/root/./workspace/jordilucas/ponto-inteligente-api/386851526/.m2/org/mockito/mockito-core/1.10.19/mockito-core-1.10.19.jar:/root/./workspace/jordilucas/ponto-inteligente-api/386851526/.m2/org/objenesis/objenesis/2.1/objenesis-2.1.jar:/root/./workspace/jordilucas/ponto-inteligente-api/386851526/.m2/org/hamcrest/hamcrest-core/1.3/hamcrest-core-1.3.jar:/root/./workspace/jordilucas/ponto-inteligente-api/386851526/.m2/org/hamcrest/hamcrest-library/1.3/hamcrest-library-1.3.jar:/root/./workspace/jordilucas/ponto-inteligente-api/386851526/.m2/org/skyscreamer/jsonassert/1.4.0/jsonassert-1.4.0.jar:/root/./workspace/jordilucas/ponto-inteligente-api/386851526/.m2/com/vaadin/external/google/android-json/0.0.20131108.vaadin1/android-json-0.0.20131108.vaadin1.jar:/root/./workspace/jordilucas/ponto-inteligente-api/386851526/.m2/org/springframework/spring-test/4.3.12.RELEASE/spring-test-4.3.12.RELEASE.jar:/root/./workspace/jordilucas/ponto-inteligente-api/386851526/.m2/org/springframework/boot/spring-boot-starter-data-jpa/1.5.8.RELEASE/spring-boot-starter-data-jpa-1.5.8.RELEASE.jar:/root/./workspace/jordilucas/ponto-inteligente-api/386851526/.m2/org/springframework/boot/spring-boot-starter-aop/1.5.8.RELEASE/spring-boot-starter-aop-1.5.8.RELEASE.jar:/root/./workspace/jordilucas/ponto-inteligente-api/386851526/.m2/org/aspectj/aspectjweaver/1.8.11/aspectjweaver-1.8.11.jar:/root/./workspace/jordilucas/ponto-inteligente-api/386851526/.m2/org/springframework/boot/spring-boot-starter-jdbc/1.5.8.RELEASE/spring-boot-starter-jdbc-1.5.8.RELEASE.jar:/root/./workspace/jordilucas/ponto-inteligente-api/386851526/.m2/org/apache/tomcat/tomcat-jdbc/8.5.23/tomcat-jdbc-8.5.23.jar:/root/./workspace/jordilucas/ponto-inteligente-api/386851526/.m2/org/apache/tomcat/tomcat-juli/8.5.23/tomcat-juli-8.5.23.jar:/root/./workspace/jordilucas/ponto-inteligente-api/386851526/.m2/org/springframework/spring-jdbc/4.3.12.RELEASE/spring-jdbc-4.3.12.RELEASE.jar:/root/./workspace/jordilucas/ponto-inteligente-api/386851526/.m2/org/hibernate/hibernate-core/5.0.12.Final/hibernate-core-5.0.12.Final.jar:/root/./workspace/jordilucas/ponto-inteligente-api/386851526/.m2/org/hibernate/javax/persistence/hibernate-jpa-2.1-api/1.0.0.Final/hibernate-jpa-2.1-api-1.0.0.Final.jar:/root/./workspace/jordilucas/ponto-inteligente-api/386851526/.m2/org/javassist/javassist/3.21.0-GA/javassist-3.21.0-GA.jar:/root/./workspace/jordilucas/ponto-inteligente-api/386851526/.m2/antlr/antlr/2.7.7/antlr-2.7.7.jar:/root/./workspace/jordilucas/ponto-inteligente-api/386851526/.m2/org/jboss/jandex/2.0.0.Final/jandex-2.0.0.Final.jar:/root/./workspace/jordilucas/ponto-inteligente-api/386851526/.m2/dom4j/dom4j/1.6.1/dom4j-1.6.1.jar:/root/./workspace/jordilucas/ponto-inteligente-api/386851526/.m2/org/hibernate/common/hibernate-commons-annotations/5.0.1.Final/hibernate-commons-annotations-5.0.1.Final.jar:/root/./workspace/jordilucas/ponto-inteligente-api/386851526/.m2/org/hibernate/hibernate-entitymanager/5.0.12.Final/hibernate-entitymanager-5.0.12.Final.jar:/root/./workspace/jordilucas/ponto-inteligente-api/386851526/.m2/javax/transaction/javax.transaction-api/1.2/javax.transaction-api-1.2.jar:/root/./workspace/jordilucas/ponto-inteligente-api/386851526/.m2/org/springframework/data/spring-data-jpa/1.11.8.RELEASE/spring-data-jpa-1.11.8.RELEASE.jar:/root/./workspace/jordilucas/ponto-inteligente-api/386851526/.m2/org/springframework/data/spring-data-commons/1.13.8.RELEASE/spring-data-commons-1.13.8.RELEASE.jar:/root/./workspace/jordilucas/ponto-inteligente-api/386851526/.m2/org/springframework/spring-orm/4.3.12.RELEASE/spring-orm-4.3.12.RELEASE.jar:/root/./workspace/jordilucas/ponto-inteligente-api/386851526/.m2/org/springframework/spring-tx/4.3.12.RELEASE/spring-tx-4.3.12.RELEASE.jar:/root/./workspace/jordilucas/ponto-inteligente-api/386851526/.m2/org/springframework/spring-beans/4.3.12.RELEASE/spring-beans-4.3.12.RELEASE.jar:/root/./workspace/jordilucas/ponto-inteligente-api/386851526/.m2/org/springframework/spring-aspects/4.3.12.RELEASE/spring-aspects-4.3.12.RELEASE.jar:/root/./workspace/jordilucas/ponto-inteligente-api/386851526/.m2/mysql/mysql-connector-java/5.1.44/mysql-connector-java-5.1.44.jar:/root/./workspace/jordilucas/ponto-inteligente-api/386851526/.m2/com/h2database/h2/1.4.196/h2-1.4.196.jar:/root/./workspace/jordilucas/ponto-inteligente-api/386851526/.m2/org/jboss/logging/jboss-logging/3.3.1.Final/jboss-logging-3.3.1.Final.jar:/root/./workspace/jordilucas/ponto-inteligente-api/386851526/.m2/org/springframework/boot/spring-boot-starter-security/1.5.8.RELEASE/spring-boot-starter-security-1.5.8.RELEASE.jar:/root/./workspace/jordilucas/ponto-inteligente-api/386851526/.m2/org/springframework/spring-aop/4.3.12.RELEASE/spring-aop-4.3.12.RELEASE.jar:/root/./workspace/jordilucas/ponto-inteligente-api/386851526/.m2/org/springframework/security/spring-security-config/4.2.3.RELEASE/spring-security-config-4.2.3.RELEASE.jar:/root/./workspace/jordilucas/ponto-inteligente-api/386851526/.m2/org/springframework/security/spring-security-web/4.2.3.RELEASE/spring-security-web-4.2.3.RELEASE.jar:/root/./workspace/jordilucas/ponto-inteligente-api/386851526/.m2/org/springframework/spring-expression/4.3.12.RELEASE/spring-expression-4.3.12.RELEASE.jar:/root/./workspace/jordilucas/ponto-inteligente-api/386851526/.m2/org/springframework/security/spring-security-test/4.2.3.RELEASE/spring-security-test-4.2.3.RELEASE.jar:/root/./workspace/jordilucas/ponto-inteligente-api/386851526/.m2/org/springframework/security/spring-security-core/4.2.3.RELEASE/spring-security-core-4.2.3.RELEASE.jar:/root/./workspace/jordilucas/ponto-inteligente-api/386851526/.m2/aopalliance/aopalliance/1.0/aopalliance-1.0.jar:/root/./workspace/jordilucas/ponto-inteligente-api/386851526/.m2/org/springframework/boot/spring-boot-starter-web/1.5.8.RELEASE/spring-boot-starter-web-1.5.8.RELEASE.jar:/root/./workspace/jordilucas/ponto-inteligente-api/386851526/.m2/org/springframework/boot/spring-boot-starter-tomcat/1.5.8.RELEASE/spring-boot-starter-tomcat-1.5.8.RELEASE.jar:/root/./workspace/jordilucas/ponto-inteligente-api/386851526/.m2/org/apache/tomcat/embed/tomcat-embed-core/8.5.23/tomcat-embed-core-8.5.23.jar:/root/./workspace/jordilucas/ponto-inteligente-api/386851526/.m2/org/apache/tomcat/tomcat-annotations-api/8.5.23/tomcat-annotations-api-8.5.23.jar:/root/./workspace/jordilucas/ponto-inteligente-api/386851526/.m2/org/apache/tomcat/embed/tomcat-embed-websocket/8.5.23/tomcat-embed-websocket-8.5.23.jar:/root/./workspace/jordilucas/ponto-inteligente-api/386851526/.m2/org/hibernate/hibernate-validator/5.3.5.Final/hibernate-validator-5.3.5.Final.jar:/root/./workspace/jordilucas/ponto-inteligente-api/386851526/.m2/javax/validation/validation-api/1.1.0.Final/validation-api-1.1.0.Final.jar:/root/./workspace/jordilucas/ponto-inteligente-api/386851526/.m2/com/fasterxml/classmate/1.3.4/classmate-1.3.4.jar:/root/./workspace/jordilucas/ponto-inteligente-api/386851526/.m2/com/fasterxml/jackson/core/jackson-databind/2.8.10/jackson-databind-2.8.10.jar:/root/./workspace/jordilucas/ponto-inteligente-api/386851526/.m2/com/fasterxml/jackson/core/jackson-annotations/2.8.0/jackson-annotations-2.8.0.jar:/root/./workspace/jordilucas/ponto-inteligente-api/386851526/.m2/org/springframework/spring-web/4.3.12.RELEASE/spring-web-4.3.12.RELEASE.jar:/root/./workspace/jordilucas/ponto-inteligente-api/386851526/.m2/org/springframework/spring-webmvc/4.3.12.RELEASE/spring-webmvc-4.3.12.RELEASE.jar:/root/./workspace/jordilucas/ponto-inteligente-api/386851526/.m2/org/springframework/boot/spring-boot-starter-validation/1.5.8.RELEASE/spring-boot-starter-validation-1.5.8.RELEASE.jar:/root/./workspace/jordilucas/ponto-inteligente-api/386851526/.m2/org/apache/tomcat/embed/tomcat-embed-el/8.5.23/tomcat-embed-el-8.5.23.jar:/root/./workspace/jordilucas/ponto-inteligente-api/386851526/.m2/com/fasterxml/jackson/datatype/jackson-datatype-jdk8/2.8.10/jackson-datatype-jdk8-2.8.10.jar:/root/./workspace/jordilucas/ponto-inteligente-api/386851526/.m2/com/fasterxml/jackson/core/jackson-core/2.8.10/jackson-core-2.8.10.jar:/root/./workspace/jordilucas/ponto-inteligente-api/386851526/.m2/org/apache/commons/commons-lang3/3.6/commons-lang3-3.6.jar:, java.specification.name=Java Platform API Specification, java.class.version=52.0, skip.bower=true, sun.management.compiler=HotSpot 64-Bit Tiered Compilers, maven.repo.local=/root/./workspace/jordilucas/ponto-inteligente-api/386851526/.m2, os.version=3.10.0-862.3.2.el7.x86_64, user.home=/root, user.timezone=Europe/Paris, java.awt.printerjob=sun.print.PSPrinterJob, file.encoding=UTF-8, java.specification.version=1.8, java.class.path=/root/workspace/jordilucas/ponto-inteligente-api/386851526/target/test-classes:/root/workspace/jordilucas/ponto-inteligente-api/386851526/target/classes:/root/./workspace/jordilucas/ponto-inteligente-api/386851526/.m2/org/springframework/boot/spring-boot-starter/1.5.8.RELEASE/spring-boot-starter-1.5.8.RELEASE.jar:/root/./workspace/jordilucas/ponto-inteligente-api/386851526/.m2/org/springframework/boot/spring-boot/1.5.8.RELEASE/spring-boot-1.5.8.RELEASE.jar:/root/./workspace/jordilucas/ponto-inteligente-api/386851526/.m2/org/springframework/spring-context/4.3.12.RELEASE/spring-context-4.3.12.RELEASE.jar:/root/./workspace/jordilucas/ponto-inteligente-api/386851526/.m2/org/springframework/boot/spring-boot-autoconfigure/1.5.8.RELEASE/spring-boot-autoconfigure-1.5.8.RELEASE.jar:/root/./workspace/jordilucas/ponto-inteligente-api/386851526/.m2/org/springframework/boot/spring-boot-starter-logging/1.5.8.RELEASE/spring-boot-starter-logging-1.5.8.RELEASE.jar:/root/./workspace/jordilucas/ponto-inteligente-api/386851526/.m2/ch/qos/logback/logback-classic/1.1.11/logback-classic-1.1.11.jar:/root/./workspace/jordilucas/ponto-inteligente-api/386851526/.m2/ch/qos/logback/logback-core/1.1.11/logback-core-1.1.11.jar:/root/./workspace/jordilucas/ponto-inteligente-api/386851526/.m2/org/slf4j/jcl-over-slf4j/1.7.25/jcl-over-slf4j-1.7.25.jar:/root/./workspace/jordilucas/ponto-inteligente-api/386851526/.m2/org/slf4j/jul-to-slf4j/1.7.25/jul-to-slf4j-1.7.25.jar:/root/./workspace/jordilucas/ponto-inteligente-api/386851526/.m2/org/slf4j/log4j-over-slf4j/1.7.25/log4j-over-slf4j-1.7.25.jar:/root/./workspace/jordilucas/ponto-inteligente-api/386851526/.m2/org/springframework/spring-core/4.3.12.RELEASE/spring-core-4.3.12.RELEASE.jar:/root/./workspace/jordilucas/ponto-inteligente-api/386851526/.m2/org/yaml/snakeyaml/1.17/snakeyaml-1.17.jar:/root/./workspace/jordilucas/ponto-inteligente-api/386851526/.m2/org/springframework/boot/spring-boot-devtools/1.5.8.RELEASE/spring-boot-devtools-1.5.8.RELEASE.jar:/root/./workspace/jordilucas/ponto-inteligente-api/386851526/.m2/org/springframework/boot/spring-boot-starter-test/1.5.8.RELEASE/spring-boot-starter-test-1.5.8.RELEASE.jar:/root/./workspace/jordilucas/ponto-inteligente-api/386851526/.m2/org/springframework/boot/spring-boot-test/1.5.8.RELEASE/spring-boot-test-1.5.8.RELEASE.jar:/root/./workspace/jordilucas/ponto-inteligente-api/386851526/.m2/org/springframework/boot/spring-boot-test-autoconfigure/1.5.8.RELEASE/spring-boot-test-autoconfigure-1.5.8.RELEASE.jar:/root/./workspace/jordilucas/ponto-inteligente-api/386851526/.m2/com/jayway/jsonpath/json-path/2.2.0/json-path-2.2.0.jar:/root/./workspace/jordilucas/ponto-inteligente-api/386851526/.m2/net/minidev/json-smart/2.2.1/json-smart-2.2.1.jar:/root/./workspace/jordilucas/ponto-inteligente-api/386851526/.m2/net/minidev/accessors-smart/1.1/accessors-smart-1.1.jar:/root/./workspace/jordilucas/ponto-inteligente-api/386851526/.m2/org/ow2/asm/asm/5.0.3/asm-5.0.3.jar:/root/./workspace/jordilucas/ponto-inteligente-api/386851526/.m2/org/slf4j/slf4j-api/1.7.25/slf4j-api-1.7.25.jar:/root/./workspace/jordilucas/ponto-inteligente-api/386851526/.m2/junit/junit/4.12/junit-4.12.jar:/root/./workspace/jordilucas/ponto-inteligente-api/386851526/.m2/org/assertj/assertj-core/2.6.0/assertj-core-2.6.0.jar:/root/./workspace/jordilucas/ponto-inteligente-api/386851526/.m2/org/mockito/mockito-core/1.10.19/mockito-core-1.10.19.jar:/root/./workspace/jordilucas/ponto-inteligente-api/386851526/.m2/org/objenesis/objenesis/2.1/objenesis-2.1.jar:/root/./workspace/jordilucas/ponto-inteligente-api/386851526/.m2/org/hamcrest/hamcrest-core/1.3/hamcrest-core-1.3.jar:/root/./workspace/jordilucas/ponto-inteligente-api/386851526/.m2/org/hamcrest/hamcrest-library/1.3/hamcrest-library-1.3.jar:/root/./workspace/jordilucas/ponto-inteligente-api/386851526/.m2/org/skyscreamer/jsonassert/1.4.0/jsonassert-1.4.0.jar:/root/./workspace/jordilucas/ponto-inteligente-api/386851526/.m2/com/vaadin/external/google/android-json/0.0.20131108.vaadin1/android-json-0.0.20131108.vaadin1.jar:/root/./workspace/jordilucas/ponto-inteligente-api/386851526/.m2/org/springframework/spring-test/4.3.12.RELEASE/spring-test-4.3.12.RELEASE.jar:/root/./workspace/jordilucas/ponto-inteligente-api/386851526/.m2/org/springframework/boot/spring-boot-starter-data-jpa/1.5.8.RELEASE/spring-boot-starter-data-jpa-1.5.8.RELEASE.jar:/root/./workspace/jordilucas/ponto-inteligente-api/386851526/.m2/org/springframework/boot/spring-boot-starter-aop/1.5.8.RELEASE/spring-boot-starter-aop-1.5.8.RELEASE.jar:/root/./workspace/jordilucas/ponto-inteligente-api/386851526/.m2/org/aspectj/aspectjweaver/1.8.11/aspectjweaver-1.8.11.jar:/root/./workspace/jordilucas/ponto-inteligente-api/386851526/.m2/org/springframework/boot/spring-boot-starter-jdbc/1.5.8.RELEASE/spring-boot-starter-jdbc-1.5.8.RELEASE.jar:/root/./workspace/jordilucas/ponto-inteligente-api/386851526/.m2/org/apache/tomcat/tomcat-jdbc/8.5.23/tomcat-jdbc-8.5.23.jar:/root/./workspace/jordilucas/ponto-inteligente-api/386851526/.m2/org/apache/tomcat/tomcat-juli/8.5.23/tomcat-juli-8.5.23.jar:/root/./workspace/jordilucas/ponto-inteligente-api/386851526/.m2/org/springframework/spring-jdbc/4.3.12.RELEASE/spring-jdbc-4.3.12.RELEASE.jar:/root/./workspace/jordilucas/ponto-inteligente-api/386851526/.m2/org/hibernate/hibernate-core/5.0.12.Final/hibernate-core-5.0.12.Final.jar:/root/./workspace/jordilucas/ponto-inteligente-api/386851526/.m2/org/hibernate/javax/persistence/hibernate-jpa-2.1-api/1.0.0.Final/hibernate-jpa-2.1-api-1.0.0.Final.jar:/root/./workspace/jordilucas/ponto-inteligente-api/386851526/.m2/org/javassist/javassist/3.21.0-GA/javassist-3.21.0-GA.jar:/root/./workspace/jordilucas/ponto-inteligente-api/386851526/.m2/antlr/antlr/2.7.7/antlr-2.7.7.jar:/root/./workspace/jordilucas/ponto-inteligente-api/386851526/.m2/org/jboss/jandex/2.0.0.Final/jandex-2.0.0.Final.jar:/root/./workspace/jordilucas/ponto-inteligente-api/386851526/.m2/dom4j/dom4j/1.6.1/dom4j-1.6.1.jar:/root/./workspace/jordilucas/ponto-inteligente-api/386851526/.m2/org/hibernate/common/hibernate-commons-annotations/5.0.1.Final/hibernate-commons-annotations-5.0.1.Final.jar:/root/./workspace/jordilucas/ponto-inteligente-api/386851526/.m2/org/hibernate/hibernate-entitymanager/5.0.12.Final/hibernate-entitymanager-5.0.12.Final.jar:/root/./workspace/jordilucas/ponto-inteligente-api/386851526/.m2/javax/transaction/javax.transaction-api/1.2/javax.transaction-api-1.2.jar:/root/./workspace/jordilucas/ponto-inteligente-api/386851526/.m2/org/springframework/data/spring-data-jpa/1.11.8.RELEASE/spring-data-jpa-1.11.8.RELEASE.jar:/root/./workspace/jordilucas/ponto-inteligente-api/386851526/.m2/org/springframework/data/spring-data-commons/1.13.8.RELEASE/spring-data-commons-1.13.8.RELEASE.jar:/root/./workspace/jordilucas/ponto-inteligente-api/386851526/.m2/org/springframework/spring-orm/4.3.12.RELEASE/spring-orm-4.3.12.RELEASE.jar:/root/./workspace/jordilucas/ponto-inteligente-api/386851526/.m2/org/springframework/spring-tx/4.3.12.RELEASE/spring-tx-4.3.12.RELEASE.jar:/root/./workspace/jordilucas/ponto-inteligente-api/386851526/.m2/org/springframework/spring-beans/4.3.12.RELEASE/spring-beans-4.3.12.RELEASE.jar:/root/./workspace/jordilucas/ponto-inteligente-api/386851526/.m2/org/springframework/spring-aspects/4.3.12.RELEASE/spring-aspects-4.3.12.RELEASE.jar:/root/./workspace/jordilucas/ponto-inteligente-api/386851526/.m2/mysql/mysql-connector-java/5.1.44/mysql-connector-java-5.1.44.jar:/root/./workspace/jordilucas/ponto-inteligente-api/386851526/.m2/com/h2database/h2/1.4.196/h2-1.4.196.jar:/root/./workspace/jordilucas/ponto-inteligente-api/386851526/.m2/org/jboss/logging/jboss-logging/3.3.1.Final/jboss-logging-3.3.1.Final.jar:/root/./workspace/jordilucas/ponto-inteligente-api/386851526/.m2/org/springframework/boot/spring-boot-starter-security/1.5.8.RELEASE/spring-boot-starter-security-1.5.8.RELEASE.jar:/root/./workspace/jordilucas/ponto-inteligente-api/386851526/.m2/org/springframework/spring-aop/4.3.12.RELEASE/spring-aop-4.3.12.RELEASE.jar:/root/./workspace/jordilucas/ponto-inteligente-api/386851526/.m2/org/springframework/security/spring-security-config/4.2.3.RELEASE/spring-security-config-4.2.3.RELEASE.jar:/root/./workspace/jordilucas/ponto-inteligente-api/386851526/.m2/org/springframework/security/spring-security-web/4.2.3.RELEASE/spring-security-web-4.2.3.RELEASE.jar:/root/./workspace/jordilucas/ponto-inteligente-api/386851526/.m2/org/springframework/spring-expression/4.3.12.RELEASE/spring-expression-4.3.12.RELEASE.jar:/root/./workspace/jordilucas/ponto-inteligente-api/386851526/.m2/org/springframework/security/spring-security-test/4.2.3.RELEASE/spring-security-test-4.2.3.RELEASE.jar:/root/./workspace/jordilucas/ponto-inteligente-api/386851526/.m2/org/springframework/security/spring-security-core/4.2.3.RELEASE/spring-security-core-4.2.3.RELEASE.jar:/root/./workspace/jordilucas/ponto-inteligente-api/386851526/.m2/aopalliance/aopalliance/1.0/aopalliance-1.0.jar:/root/./workspace/jordilucas/ponto-inteligente-api/386851526/.m2/org/springframework/boot/spring-boot-starter-web/1.5.8.RELEASE/spring-boot-starter-web-1.5.8.RELEASE.jar:/root/./workspace/jordilucas/ponto-inteligente-api/386851526/.m2/org/springframework/boot/spring-boot-starter-tomcat/1.5.8.RELEASE/spring-boot-starter-tomcat-1.5.8.RELEASE.jar:/root/./workspace/jordilucas/ponto-inteligente-api/386851526/.m2/org/apache/tomcat/embed/tomcat-embed-core/8.5.23/tomcat-embed-core-8.5.23.jar:/root/./workspace/jordilucas/ponto-inteligente-api/386851526/.m2/org/apache/tomcat/tomcat-annotations-api/8.5.23/tomcat-annotations-api-8.5.23.jar:/root/./workspace/jordilucas/ponto-inteligente-api/386851526/.m2/org/apache/tomcat/embed/tomcat-embed-websocket/8.5.23/tomcat-embed-websocket-8.5.23.jar:/root/./workspace/jordilucas/ponto-inteligente-api/386851526/.m2/org/hibernate/hibernate-validator/5.3.5.Final/hibernate-validator-5.3.5.Final.jar:/root/./workspace/jordilucas/ponto-inteligente-api/386851526/.m2/javax/validation/validation-api/1.1.0.Final/validation-api-1.1.0.Final.jar:/root/./workspace/jordilucas/ponto-inteligente-api/386851526/.m2/com/fasterxml/classmate/1.3.4/classmate-1.3.4.jar:/root/./workspace/jordilucas/ponto-inteligente-api/386851526/.m2/com/fasterxml/jackson/core/jackson-databind/2.8.10/jackson-databind-2.8.10.jar:/root/./workspace/jordilucas/ponto-inteligente-api/386851526/.m2/com/fasterxml/jackson/core/jackson-annotations/2.8.0/jackson-annotations-2.8.0.jar:/root/./workspace/jordilucas/ponto-inteligente-api/386851526/.m2/org/springframework/spring-web/4.3.12.RELEASE/spring-web-4.3.12.RELEASE.jar:/root/./workspace/jordilucas/ponto-inteligente-api/386851526/.m2/org/springframework/spring-webmvc/4.3.12.RELEASE/spring-webmvc-4.3.12.RELEASE.jar:/root/./workspace/jordilucas/ponto-inteligente-api/386851526/.m2/org/springframework/boot/spring-boot-starter-validation/1.5.8.RELEASE/spring-boot-starter-validation-1.5.8.RELEASE.jar:/root/./workspace/jordilucas/ponto-inteligente-api/386851526/.m2/org/apache/tomcat/embed/tomcat-embed-el/8.5.23/tomcat-embed-el-8.5.23.jar:/root/./workspace/jordilucas/ponto-inteligente-api/386851526/.m2/com/fasterxml/jackson/datatype/jackson-datatype-jdk8/2.8.10/jackson-datatype-jdk8-2.8.10.jar:/root/./workspace/jordilucas/ponto-inteligente-api/386851526/.m2/com/fasterxml/jackson/core/jackson-core/2.8.10/jackson-core-2.8.10.jar:/root/./workspace/jordilucas/ponto-inteligente-api/386851526/.m2/org/apache/commons/commons-lang3/3.6/commons-lang3-3.6.jar:, user.name=root, skipITs=true, java.vm.specification.version=1.8, sun.java.command=/root/workspace/jordilucas/ponto-inteligente-api/386851526/target/surefire/surefirebooter3283895179172420451.jar /root/workspace/jordilucas/ponto-inteligente-api/386851526/target/surefire/surefire4784252510475456301tmp /root/workspace/jordilucas/ponto-inteligente-api/386851526/target/surefire/surefire_07033769689870660414tmp, java.home=/usr/lib/jvm/java-8-openjdk-amd64/jre, sun.arch.data.model=64, user.language=en, java.specification.vendor=Oracle Corporation, dependency-check.skip=true, awt.toolkit=sun.awt.X11.XToolkit, java.vm.info=mixed mode, java.version=1.8.0_121, java.ext.dirs=/usr/lib/jvm/java-8-openjdk-amd64/jre/lib/ext:/usr/java/packages/lib/ext, sun.boot.class.path=/usr/lib/jvm/java-8-openjdk-amd64/jre/lib/resources.jar:/usr/lib/jvm/java-8-openjdk-amd64/jre/lib/rt.jar:/usr/lib/jvm/java-8-openjdk-amd64/jre/lib/sunrsasign.jar:/usr/lib/jvm/java-8-openjdk-amd64/jre/lib/jsse.jar:/usr/lib/jvm/java-8-openjdk-amd64/jre/lib/jce.jar:/usr/lib/jvm/java-8-openjdk-amd64/jre/lib/charsets.jar:/usr/lib/jvm/java-8-openjdk-amd64/jre/lib/jfr.jar:/usr/lib/jvm/java-8-openjdk-amd64/jre/classes, rat.skip=true, enforcer.skip=true, java.vendor=Oracle Corporation, localRepository=/root/./workspace/jordilucas/ponto-inteligente-api/386851526/.m2, file.separator=/, java.vendor.url.bug=http://bugreport.sun.com/bugreport/, sun.io.unicode.encoding=UnicodeLittle, sun.cpu.endian=little, sun.cpu.isalist=}}, SystemEnvironmentPropertySource@31114735 {name='systemEnvironment', properties={PATH=/usr/local/sbin:/usr/local/bin:/usr/sbin:/usr/bin:/sbin:/bin, JAVA_HOME=/usr/lib/jvm/java-8-openjdk-amd64, NOTIFY_TO=, CA_CERTIFICATES_JAVA_VERSION=20161107~bpo8+1, MONGODB_HOST=, BUILD_ID=, LANG=C.UTF-8, MAVEN_HOME=/usr/share/maven, SMTP_SERVER=, MONGODB_NAME=, REPAIR_MODE=repair, PWD=/root/workspace/jordilucas/ponto-inteligente-api/386851526, JAVA_VERSION=8u121, GITHUB_OAUTH=, MAVEN_CMD_LINE_ARGS=/root/.m2 -B -D enforcer.skip=true -D dependency-check.skip=true -D skipITs=true -D cobertura.skip=true -D maven.repo.local=/root/./workspace/jordilucas/ponto-inteligente-api/386851526/.m2 -D rat.skip=true -D findbugs.skip=true -D skip.bower=true -D gpg.skip=true -D checkstyle.skip=true -D skip.gulp=true -D license.skip=true -D skip.npm=true test, _=/usr/bin/java, OUTPUT=, MAVEN_TERMINATE_CMD=on, MAVEN_CONFIG=/root/.m2, MAVEN_PROJECTBASEDIR=/root/workspace/jordilucas/ponto-inteligente-api/386851526, OLDPWD=/root/workspace/jordilucas/ponto-inteligente-api/386851526, LOG_FILENAME=repairnator-pipeline_2018-06-01_2229_386851526_5a77b685-d098-401d-b168-01e076b51223, RUN_ID=, HOSTNAME=cyclone1, JAVA_DEBIAN_VERSION=8u121-b13-1~bpo8+1, M2_HOME=/usr/share/maven, REPAIR_TOOLS=AssertFixer, HOME=/root, SHLVL=1, PUSH_URL=}}]
22:30:26.399 [main] INFO org.springframework.boot.test.context.SpringBootTestContextBootstrapper - Found @SpringBootConfiguration br.com.jordilucas.pontointeligente.api.PontoInteligenteApplication for test class br.com.jordilucas.pontointeligente.api.repositories.EmpresaRepositoryTest
22:30:26.400 [main] DEBUG org.springframework.boot.test.context.SpringBootTestContextBootstrapper - @TestExecutionListeners is not present for class [br.com.jordilucas.pontointeligente.api.repositories.EmpresaRepositoryTest]: using defaults.
22:30:26.403 [main] INFO org.springframework.boot.test.context.SpringBootTestContextBootstrapper - Loaded default TestExecutionListener class names from location [META-INF/spring.factories]: [org.springframework.boot.test.mock.mockito.MockitoTestExecutionListener, org.springframework.boot.test.mock.mockito.ResetMocksTestExecutionListener, org.springframework.boot.test.autoconfigure.restdocs.RestDocsTestExecutionListener, org.springframework.boot.test.autoconfigure.web.client.MockRestServiceServerResetTestExecutionListener, org.springframework.boot.test.autoconfigure.web.servlet.MockMvcPrintOnlyOnFailureTestExecutionListener, org.springframework.boot.test.autoconfigure.web.servlet.WebDriverTestExecutionListener, org.springframework.test.context.web.ServletTestExecutionListener, org.springframework.test.context.support.DirtiesContextBeforeModesTestExecutionListener, org.springframework.test.context.support.DependencyInjectionTestExecutionListener, org.springframework.test.context.support.DirtiesContextTestExecutionListener, org.springframework.test.context.transaction.TransactionalTestExecutionListener, org.springframework.test.context.jdbc.SqlScriptsTestExecutionListener, org.springframework.security.test.context.support.WithSecurityContextTestExecutionListener]
22:30:26.406 [main] INFO org.springframework.boot.test.context.SpringBootTestContextBootstrapper - Using TestExecutionListeners: [org.springframework.test.context.web.ServletTestExecutionListener@740773a3, org.springframework.test.context.support.DirtiesContextBeforeModesTestExecutionListener@37f1104d, org.springframework.boot.test.autoconfigure.SpringBootDependencyInjectionTestExecutionListener@55740540, org.springframework.test.context.support.DirtiesContextTestExecutionListener@60015ef5, org.springframework.test.context.transaction.TransactionalTestExecutionListener@2f54a33d, org.springframework.test.context.jdbc.SqlScriptsTestExecutionListener@1018bde2, org.springframework.security.test.context.support.WithSecurityContextTestExecutionListener@65b3f4a4, org.springframework.boot.test.autoconfigure.web.servlet.MockMvcPrintOnlyOnFailureTestExecutionListener@f2ff811, org.springframework.boot.test.mock.mockito.MockitoTestExecutionListener@568ff82, org.springframework.boot.test.autoconfigure.web.client.MockRestServiceServerResetTestExecutionListener@50caa560, org.springframework.boot.test.autoconfigure.restdocs.RestDocsTestExecutionListener@2a266d09, org.springframework.boot.test.autoconfigure.web.servlet.WebDriverTestExecutionListener@5ab9e72c, org.springframework.boot.test.mock.mockito.ResetMocksTestExecutionListener@186f8716]
22:30:26.406 [main] DEBUG org.springframework.test.annotation.ProfileValueUtils - Retrieved @ProfileValueSourceConfiguration [null] for test class [br.com.jordilucas.pontointeligente.api.repositories.EmpresaRepositoryTest]
22:30:26.406 [main] DEBUG org.springframework.test.annotation.ProfileValueUtils - Retrieved ProfileValueSource type [class org.springframework.test.annotation.SystemProfileValueSource] for class [br.com.jordilucas.pontointeligente.api.repositories.EmpresaRepositoryTest]
22:30:26.407 [main] DEBUG org.springframework.test.annotation.ProfileValueUtils - Retrieved @ProfileValueSourceConfiguration [null] for test class [br.com.jordilucas.pontointeligente.api.repositories.EmpresaRepositoryTest]
22:30:26.407 [main] DEBUG org.springframework.test.annotation.ProfileValueUtils - Retrieved ProfileValueSource type [class org.springframework.test.annotation.SystemProfileValueSource] for class [br.com.jordilucas.pontointeligente.api.repositories.EmpresaRepositoryTest]
22:30:26.409 [main] DEBUG org.springframework.test.context.support.AbstractDirtiesContextTestExecutionListener - Before test class: context [DefaultTestContext@3943a2be testClass = EmpresaRepositoryTest, testInstance = [null], testMethod = [null], testException = [null], mergedContextConfiguration = [WebMergedContextConfiguration@343570b7 testClass = EmpresaRepositoryTest, locations = '{}', classes = '{class br.com.jordilucas.pontointeligente.api.PontoInteligenteApplication}', contextInitializerClasses = '[]', activeProfiles = '{test}', propertySourceLocations = '{}', propertySourceProperties = '{org.springframework.boot.test.context.SpringBootTestContextBootstrapper=true}', contextCustomizers = set[org.springframework.boot.test.context.SpringBootTestContextCustomizer@3fd7a715, org.springframework.boot.test.context.filter.ExcludeFilterContextCustomizer@7f13d6e, org.springframework.boot.test.json.DuplicateJsonObjectContextCustomizerFactory$DuplicateJsonObjectContextCustomizer@23faf8f2, org.springframework.boot.test.mock.mockito.MockitoContextCustomizer@0, org.springframework.boot.test.autoconfigure.properties.PropertyMappingContextCustomizer@0, org.springframework.boot.test.autoconfigure.web.servlet.WebDriverContextCustomizerFactory$Customizer@1877ab81], resourceBasePath = 'src/main/webapp', contextLoader = 'org.springframework.boot.test.context.SpringBootContextLoader', parent = [null]]], class annotated with @DirtiesContext [false] with mode [null].
22:30:26.410 [main] DEBUG org.springframework.test.annotation.ProfileValueUtils - Retrieved @ProfileValueSourceConfiguration [null] for test class [br.com.jordilucas.pontointeligente.api.repositories.EmpresaRepositoryTest]
22:30:26.410 [main] DEBUG org.springframework.test.annotation.ProfileValueUtils - Retrieved ProfileValueSource type [class org.springframework.test.annotation.SystemProfileValueSource] for class [br.com.jordilucas.pontointeligente.api.repositories.EmpresaRepositoryTest]
22:30:26.471 [main] DEBUG org.springframework.core.env.StandardEnvironment - Adding PropertySource 'systemProperties' with lowest search precedence
22:30:26.471 [main] DEBUG org.springframework.core.env.StandardEnvironment - Adding PropertySource 'systemEnvironment' with lowest search precedence
22:30:26.472 [main] DEBUG org.springframework.core.env.StandardEnvironment - Initialized StandardEnvironment with PropertySources [MapPropertySource@313239742 {name='systemProperties', properties={java.runtime.name=OpenJDK Runtime Environment, sun.boot.library.path=/usr/lib/jvm/java-8-openjdk-amd64/jre/lib/amd64, java.vm.version=25.121-b13, java.vm.vendor=Oracle Corporation, java.vendor.url=http://java.oracle.com/, skip.gulp=true, path.separator=:, java.vm.name=OpenJDK 64-Bit Server VM, file.encoding.pkg=sun.io, findbugs.skip=true, sun.java.launcher=SUN_STANDARD, sun.os.patch.level=unknown, java.vm.specification.name=Java Virtual Machine Specification, user.dir=/root/workspace/jordilucas/ponto-inteligente-api/386851526, checkstyle.skip=true, java.runtime.version=1.8.0_121-8u121-b13-1~bpo8+1-b13, skip.npm=true, basedir=/root/workspace/jordilucas/ponto-inteligente-api/386851526, java.awt.graphicsenv=sun.awt.X11GraphicsEnvironment, java.endorsed.dirs=/usr/lib/jvm/java-8-openjdk-amd64/jre/lib/endorsed, os.arch=amd64, surefire.real.class.path=/root/workspace/jordilucas/ponto-inteligente-api/386851526/target/surefire/surefirebooter3283895179172420451.jar, gpg.skip=true, java.io.tmpdir=/tmp, line.separator=
, cobertura.skip=true, java.vm.specification.vendor=Oracle Corporation, os.name=Linux, sun.jnu.encoding=UTF-8, license.skip=true, java.library.path=/usr/java/packages/lib/amd64:/usr/lib/x86_64-linux-gnu/jni:/lib/x86_64-linux-gnu:/usr/lib/x86_64-linux-gnu:/usr/lib/jni:/lib:/usr/lib, surefire.test.class.path=/root/workspace/jordilucas/ponto-inteligente-api/386851526/target/test-classes:/root/workspace/jordilucas/ponto-inteligente-api/386851526/target/classes:/root/./workspace/jordilucas/ponto-inteligente-api/386851526/.m2/org/springframework/boot/spring-boot-starter/1.5.8.RELEASE/spring-boot-starter-1.5.8.RELEASE.jar:/root/./workspace/jordilucas/ponto-inteligente-api/386851526/.m2/org/springframework/boot/spring-boot/1.5.8.RELEASE/spring-boot-1.5.8.RELEASE.jar:/root/./workspace/jordilucas/ponto-inteligente-api/386851526/.m2/org/springframework/spring-context/4.3.12.RELEASE/spring-context-4.3.12.RELEASE.jar:/root/./workspace/jordilucas/ponto-inteligente-api/386851526/.m2/org/springframework/boot/spring-boot-autoconfigure/1.5.8.RELEASE/spring-boot-autoconfigure-1.5.8.RELEASE.jar:/root/./workspace/jordilucas/ponto-inteligente-api/386851526/.m2/org/springframework/boot/spring-boot-starter-logging/1.5.8.RELEASE/spring-boot-starter-logging-1.5.8.RELEASE.jar:/root/./workspace/jordilucas/ponto-inteligente-api/386851526/.m2/ch/qos/logback/logback-classic/1.1.11/logback-classic-1.1.11.jar:/root/./workspace/jordilucas/ponto-inteligente-api/386851526/.m2/ch/qos/logback/logback-core/1.1.11/logback-core-1.1.11.jar:/root/./workspace/jordilucas/ponto-inteligente-api/386851526/.m2/org/slf4j/jcl-over-slf4j/1.7.25/jcl-over-slf4j-1.7.25.jar:/root/./workspace/jordilucas/ponto-inteligente-api/386851526/.m2/org/slf4j/jul-to-slf4j/1.7.25/jul-to-slf4j-1.7.25.jar:/root/./workspace/jordilucas/ponto-inteligente-api/386851526/.m2/org/slf4j/log4j-over-slf4j/1.7.25/log4j-over-slf4j-1.7.25.jar:/root/./workspace/jordilucas/ponto-inteligente-api/386851526/.m2/org/springframework/spring-core/4.3.12.RELEASE/spring-core-4.3.12.RELEASE.jar:/root/./workspace/jordilucas/ponto-inteligente-api/386851526/.m2/org/yaml/snakeyaml/1.17/snakeyaml-1.17.jar:/root/./workspace/jordilucas/ponto-inteligente-api/386851526/.m2/org/springframework/boot/spring-boot-devtools/1.5.8.RELEASE/spring-boot-devtools-1.5.8.RELEASE.jar:/root/./workspace/jordilucas/ponto-inteligente-api/386851526/.m2/org/springframework/boot/spring-boot-starter-test/1.5.8.RELEASE/spring-boot-starter-test-1.5.8.RELEASE.jar:/root/./workspace/jordilucas/ponto-inteligente-api/386851526/.m2/org/springframework/boot/spring-boot-test/1.5.8.RELEASE/spring-boot-test-1.5.8.RELEASE.jar:/root/./workspace/jordilucas/ponto-inteligente-api/386851526/.m2/org/springframework/boot/spring-boot-test-autoconfigure/1.5.8.RELEASE/spring-boot-test-autoconfigure-1.5.8.RELEASE.jar:/root/./workspace/jordilucas/ponto-inteligente-api/386851526/.m2/com/jayway/jsonpath/json-path/2.2.0/json-path-2.2.0.jar:/root/./workspace/jordilucas/ponto-inteligente-api/386851526/.m2/net/minidev/json-smart/2.2.1/json-smart-2.2.1.jar:/root/./workspace/jordilucas/ponto-inteligente-api/386851526/.m2/net/minidev/accessors-smart/1.1/accessors-smart-1.1.jar:/root/./workspace/jordilucas/ponto-inteligente-api/386851526/.m2/org/ow2/asm/asm/5.0.3/asm-5.0.3.jar:/root/./workspace/jordilucas/ponto-inteligente-api/386851526/.m2/org/slf4j/slf4j-api/1.7.25/slf4j-api-1.7.25.jar:/root/./workspace/jordilucas/ponto-inteligente-api/386851526/.m2/junit/junit/4.12/junit-4.12.jar:/root/./workspace/jordilucas/ponto-inteligente-api/386851526/.m2/org/assertj/assertj-core/2.6.0/assertj-core-2.6.0.jar:/root/./workspace/jordilucas/ponto-inteligente-api/386851526/.m2/org/mockito/mockito-core/1.10.19/mockito-core-1.10.19.jar:/root/./workspace/jordilucas/ponto-inteligente-api/386851526/.m2/org/objenesis/objenesis/2.1/objenesis-2.1.jar:/root/./workspace/jordilucas/ponto-inteligente-api/386851526/.m2/org/hamcrest/hamcrest-core/1.3/hamcrest-core-1.3.jar:/root/./workspace/jordilucas/ponto-inteligente-api/386851526/.m2/org/hamcrest/hamcrest-library/1.3/hamcrest-library-1.3.jar:/root/./workspace/jordilucas/ponto-inteligente-api/386851526/.m2/org/skyscreamer/jsonassert/1.4.0/jsonassert-1.4.0.jar:/root/./workspace/jordilucas/ponto-inteligente-api/386851526/.m2/com/vaadin/external/google/android-json/0.0.20131108.vaadin1/android-json-0.0.20131108.vaadin1.jar:/root/./workspace/jordilucas/ponto-inteligente-api/386851526/.m2/org/springframework/spring-test/4.3.12.RELEASE/spring-test-4.3.12.RELEASE.jar:/root/./workspace/jordilucas/ponto-inteligente-api/386851526/.m2/org/springframework/boot/spring-boot-starter-data-jpa/1.5.8.RELEASE/spring-boot-starter-data-jpa-1.5.8.RELEASE.jar:/root/./workspace/jordilucas/ponto-inteligente-api/386851526/.m2/org/springframework/boot/spring-boot-starter-aop/1.5.8.RELEASE/spring-boot-starter-aop-1.5.8.RELEASE.jar:/root/./workspace/jordilucas/ponto-inteligente-api/386851526/.m2/org/aspectj/aspectjweaver/1.8.11/aspectjweaver-1.8.11.jar:/root/./workspace/jordilucas/ponto-inteligente-api/386851526/.m2/org/springframework/boot/spring-boot-starter-jdbc/1.5.8.RELEASE/spring-boot-starter-jdbc-1.5.8.RELEASE.jar:/root/./workspace/jordilucas/ponto-inteligente-api/386851526/.m2/org/apache/tomcat/tomcat-jdbc/8.5.23/tomcat-jdbc-8.5.23.jar:/root/./workspace/jordilucas/ponto-inteligente-api/386851526/.m2/org/apache/tomcat/tomcat-juli/8.5.23/tomcat-juli-8.5.23.jar:/root/./workspace/jordilucas/ponto-inteligente-api/386851526/.m2/org/springframework/spring-jdbc/4.3.12.RELEASE/spring-jdbc-4.3.12.RELEASE.jar:/root/./workspace/jordilucas/ponto-inteligente-api/386851526/.m2/org/hibernate/hibernate-core/5.0.12.Final/hibernate-core-5.0.12.Final.jar:/root/./workspace/jordilucas/ponto-inteligente-api/386851526/.m2/org/hibernate/javax/persistence/hibernate-jpa-2.1-api/1.0.0.Final/hibernate-jpa-2.1-api-1.0.0.Final.jar:/root/./workspace/jordilucas/ponto-inteligente-api/386851526/.m2/org/javassist/javassist/3.21.0-GA/javassist-3.21.0-GA.jar:/root/./workspace/jordilucas/ponto-inteligente-api/386851526/.m2/antlr/antlr/2.7.7/antlr-2.7.7.jar:/root/./workspace/jordilucas/ponto-inteligente-api/386851526/.m2/org/jboss/jandex/2.0.0.Final/jandex-2.0.0.Final.jar:/root/./workspace/jordilucas/ponto-inteligente-api/386851526/.m2/dom4j/dom4j/1.6.1/dom4j-1.6.1.jar:/root/./workspace/jordilucas/ponto-inteligente-api/386851526/.m2/org/hibernate/common/hibernate-commons-annotations/5.0.1.Final/hibernate-commons-annotations-5.0.1.Final.jar:/root/./workspace/jordilucas/ponto-inteligente-api/386851526/.m2/org/hibernate/hibernate-entitymanager/5.0.12.Final/hibernate-entitymanager-5.0.12.Final.jar:/root/./workspace/jordilucas/ponto-inteligente-api/386851526/.m2/javax/transaction/javax.transaction-api/1.2/javax.transaction-api-1.2.jar:/root/./workspace/jordilucas/ponto-inteligente-api/386851526/.m2/org/springframework/data/spring-data-jpa/1.11.8.RELEASE/spring-data-jpa-1.11.8.RELEASE.jar:/root/./workspace/jordilucas/ponto-inteligente-api/386851526/.m2/org/springframework/data/spring-data-commons/1.13.8.RELEASE/spring-data-commons-1.13.8.RELEASE.jar:/root/./workspace/jordilucas/ponto-inteligente-api/386851526/.m2/org/springframework/spring-orm/4.3.12.RELEASE/spring-orm-4.3.12.RELEASE.jar:/root/./workspace/jordilucas/ponto-inteligente-api/386851526/.m2/org/springframework/spring-tx/4.3.12.RELEASE/spring-tx-4.3.12.RELEASE.jar:/root/./workspace/jordilucas/ponto-inteligente-api/386851526/.m2/org/springframework/spring-beans/4.3.12.RELEASE/spring-beans-4.3.12.RELEASE.jar:/root/./workspace/jordilucas/ponto-inteligente-api/386851526/.m2/org/springframework/spring-aspects/4.3.12.RELEASE/spring-aspects-4.3.12.RELEASE.jar:/root/./workspace/jordilucas/ponto-inteligente-api/386851526/.m2/mysql/mysql-connector-java/5.1.44/mysql-connector-java-5.1.44.jar:/root/./workspace/jordilucas/ponto-inteligente-api/386851526/.m2/com/h2database/h2/1.4.196/h2-1.4.196.jar:/root/./workspace/jordilucas/ponto-inteligente-api/386851526/.m2/org/jboss/logging/jboss-logging/3.3.1.Final/jboss-logging-3.3.1.Final.jar:/root/./workspace/jordilucas/ponto-inteligente-api/386851526/.m2/org/springframework/boot/spring-boot-starter-security/1.5.8.RELEASE/spring-boot-starter-security-1.5.8.RELEASE.jar:/root/./workspace/jordilucas/ponto-inteligente-api/386851526/.m2/org/springframework/spring-aop/4.3.12.RELEASE/spring-aop-4.3.12.RELEASE.jar:/root/./workspace/jordilucas/ponto-inteligente-api/386851526/.m2/org/springframework/security/spring-security-config/4.2.3.RELEASE/spring-security-config-4.2.3.RELEASE.jar:/root/./workspace/jordilucas/ponto-inteligente-api/386851526/.m2/org/springframework/security/spring-security-web/4.2.3.RELEASE/spring-security-web-4.2.3.RELEASE.jar:/root/./workspace/jordilucas/ponto-inteligente-api/386851526/.m2/org/springframework/spring-expression/4.3.12.RELEASE/spring-expression-4.3.12.RELEASE.jar:/root/./workspace/jordilucas/ponto-inteligente-api/386851526/.m2/org/springframework/security/spring-security-test/4.2.3.RELEASE/spring-security-test-4.2.3.RELEASE.jar:/root/./workspace/jordilucas/ponto-inteligente-api/386851526/.m2/org/springframework/security/spring-security-core/4.2.3.RELEASE/spring-security-core-4.2.3.RELEASE.jar:/root/./workspace/jordilucas/ponto-inteligente-api/386851526/.m2/aopalliance/aopalliance/1.0/aopalliance-1.0.jar:/root/./workspace/jordilucas/ponto-inteligente-api/386851526/.m2/org/springframework/boot/spring-boot-starter-web/1.5.8.RELEASE/spring-boot-starter-web-1.5.8.RELEASE.jar:/root/./workspace/jordilucas/ponto-inteligente-api/386851526/.m2/org/springframework/boot/spring-boot-starter-tomcat/1.5.8.RELEASE/spring-boot-starter-tomcat-1.5.8.RELEASE.jar:/root/./workspace/jordilucas/ponto-inteligente-api/386851526/.m2/org/apache/tomcat/embed/tomcat-embed-core/8.5.23/tomcat-embed-core-8.5.23.jar:/root/./workspace/jordilucas/ponto-inteligente-api/386851526/.m2/org/apache/tomcat/tomcat-annotations-api/8.5.23/tomcat-annotations-api-8.5.23.jar:/root/./workspace/jordilucas/ponto-inteligente-api/386851526/.m2/org/apache/tomcat/embed/tomcat-embed-websocket/8.5.23/tomcat-embed-websocket-8.5.23.jar:/root/./workspace/jordilucas/ponto-inteligente-api/386851526/.m2/org/hibernate/hibernate-validator/5.3.5.Final/hibernate-validator-5.3.5.Final.jar:/root/./workspace/jordilucas/ponto-inteligente-api/386851526/.m2/javax/validation/validation-api/1.1.0.Final/validation-api-1.1.0.Final.jar:/root/./workspace/jordilucas/ponto-inteligente-api/386851526/.m2/com/fasterxml/classmate/1.3.4/classmate-1.3.4.jar:/root/./workspace/jordilucas/ponto-inteligente-api/386851526/.m2/com/fasterxml/jackson/core/jackson-databind/2.8.10/jackson-databind-2.8.10.jar:/root/./workspace/jordilucas/ponto-inteligente-api/386851526/.m2/com/fasterxml/jackson/core/jackson-annotations/2.8.0/jackson-annotations-2.8.0.jar:/root/./workspace/jordilucas/ponto-inteligente-api/386851526/.m2/org/springframework/spring-web/4.3.12.RELEASE/spring-web-4.3.12.RELEASE.jar:/root/./workspace/jordilucas/ponto-inteligente-api/386851526/.m2/org/springframework/spring-webmvc/4.3.12.RELEASE/spring-webmvc-4.3.12.RELEASE.jar:/root/./workspace/jordilucas/ponto-inteligente-api/386851526/.m2/org/springframework/boot/spring-boot-starter-validation/1.5.8.RELEASE/spring-boot-starter-validation-1.5.8.RELEASE.jar:/root/./workspace/jordilucas/ponto-inteligente-api/386851526/.m2/org/apache/tomcat/embed/tomcat-embed-el/8.5.23/tomcat-embed-el-8.5.23.jar:/root/./workspace/jordilucas/ponto-inteligente-api/386851526/.m2/com/fasterxml/jackson/datatype/jackson-datatype-jdk8/2.8.10/jackson-datatype-jdk8-2.8.10.jar:/root/./workspace/jordilucas/ponto-inteligente-api/386851526/.m2/com/fasterxml/jackson/core/jackson-core/2.8.10/jackson-core-2.8.10.jar:/root/./workspace/jordilucas/ponto-inteligente-api/386851526/.m2/org/apache/commons/commons-lang3/3.6/commons-lang3-3.6.jar:, java.specification.name=Java Platform API Specification, java.class.version=52.0, skip.bower=true, sun.management.compiler=HotSpot 64-Bit Tiered Compilers, maven.repo.local=/root/./workspace/jordilucas/ponto-inteligente-api/386851526/.m2, os.version=3.10.0-862.3.2.el7.x86_64, user.home=/root, user.timezone=Europe/Paris, java.awt.printerjob=sun.print.PSPrinterJob, file.encoding=UTF-8, java.specification.version=1.8, java.class.path=/root/workspace/jordilucas/ponto-inteligente-api/386851526/target/test-classes:/root/workspace/jordilucas/ponto-inteligente-api/386851526/target/classes:/root/./workspace/jordilucas/ponto-inteligente-api/386851526/.m2/org/springframework/boot/spring-boot-starter/1.5.8.RELEASE/spring-boot-starter-1.5.8.RELEASE.jar:/root/./workspace/jordilucas/ponto-inteligente-api/386851526/.m2/org/springframework/boot/spring-boot/1.5.8.RELEASE/spring-boot-1.5.8.RELEASE.jar:/root/./workspace/jordilucas/ponto-inteligente-api/386851526/.m2/org/springframework/spring-context/4.3.12.RELEASE/spring-context-4.3.12.RELEASE.jar:/root/./workspace/jordilucas/ponto-inteligente-api/386851526/.m2/org/springframework/boot/spring-boot-autoconfigure/1.5.8.RELEASE/spring-boot-autoconfigure-1.5.8.RELEASE.jar:/root/./workspace/jordilucas/ponto-inteligente-api/386851526/.m2/org/springframework/boot/spring-boot-starter-logging/1.5.8.RELEASE/spring-boot-starter-logging-1.5.8.RELEASE.jar:/root/./workspace/jordilucas/ponto-inteligente-api/386851526/.m2/ch/qos/logback/logback-classic/1.1.11/logback-classic-1.1.11.jar:/root/./workspace/jordilucas/ponto-inteligente-api/386851526/.m2/ch/qos/logback/logback-core/1.1.11/logback-core-1.1.11.jar:/root/./workspace/jordilucas/ponto-inteligente-api/386851526/.m2/org/slf4j/jcl-over-slf4j/1.7.25/jcl-over-slf4j-1.7.25.jar:/root/./workspace/jordilucas/ponto-inteligente-api/386851526/.m2/org/slf4j/jul-to-slf4j/1.7.25/jul-to-slf4j-1.7.25.jar:/root/./workspace/jordilucas/ponto-inteligente-api/386851526/.m2/org/slf4j/log4j-over-slf4j/1.7.25/log4j-over-slf4j-1.7.25.jar:/root/./workspace/jordilucas/ponto-inteligente-api/386851526/.m2/org/springframework/spring-core/4.3.12.RELEASE/spring-core-4.3.12.RELEASE.jar:/root/./workspace/jordilucas/ponto-inteligente-api/386851526/.m2/org/yaml/snakeyaml/1.17/snakeyaml-1.17.jar:/root/./workspace/jordilucas/ponto-inteligente-api/386851526/.m2/org/springframework/boot/spring-boot-devtools/1.5.8.RELEASE/spring-boot-devtools-1.5.8.RELEASE.jar:/root/./workspace/jordilucas/ponto-inteligente-api/386851526/.m2/org/springframework/boot/spring-boot-starter-test/1.5.8.RELEASE/spring-boot-starter-test-1.5.8.RELEASE.jar:/root/./workspace/jordilucas/ponto-inteligente-api/386851526/.m2/org/springframework/boot/spring-boot-test/1.5.8.RELEASE/spring-boot-test-1.5.8.RELEASE.jar:/root/./workspace/jordilucas/ponto-inteligente-api/386851526/.m2/org/springframework/boot/spring-boot-test-autoconfigure/1.5.8.RELEASE/spring-boot-test-autoconfigure-1.5.8.RELEASE.jar:/root/./workspace/jordilucas/ponto-inteligente-api/386851526/.m2/com/jayway/jsonpath/json-path/2.2.0/json-path-2.2.0.jar:/root/./workspace/jordilucas/ponto-inteligente-api/386851526/.m2/net/minidev/json-smart/2.2.1/json-smart-2.2.1.jar:/root/./workspace/jordilucas/ponto-inteligente-api/386851526/.m2/net/minidev/accessors-smart/1.1/accessors-smart-1.1.jar:/root/./workspace/jordilucas/ponto-inteligente-api/386851526/.m2/org/ow2/asm/asm/5.0.3/asm-5.0.3.jar:/root/./workspace/jordilucas/ponto-inteligente-api/386851526/.m2/org/slf4j/slf4j-api/1.7.25/slf4j-api-1.7.25.jar:/root/./workspace/jordilucas/ponto-inteligente-api/386851526/.m2/junit/junit/4.12/junit-4.12.jar:/root/./workspace/jordilucas/ponto-inteligente-api/386851526/.m2/org/assertj/assertj-core/2.6.0/assertj-core-2.6.0.jar:/root/./workspace/jordilucas/ponto-inteligente-api/386851526/.m2/org/mockito/mockito-core/1.10.19/mockito-core-1.10.19.jar:/root/./workspace/jordilucas/ponto-inteligente-api/386851526/.m2/org/objenesis/objenesis/2.1/objenesis-2.1.jar:/root/./workspace/jordilucas/ponto-inteligente-api/386851526/.m2/org/hamcrest/hamcrest-core/1.3/hamcrest-core-1.3.jar:/root/./workspace/jordilucas/ponto-inteligente-api/386851526/.m2/org/hamcrest/hamcrest-library/1.3/hamcrest-library-1.3.jar:/root/./workspace/jordilucas/ponto-inteligente-api/386851526/.m2/org/skyscreamer/jsonassert/1.4.0/jsonassert-1.4.0.jar:/root/./workspace/jordilucas/ponto-inteligente-api/386851526/.m2/com/vaadin/external/google/android-json/0.0.20131108.vaadin1/android-json-0.0.20131108.vaadin1.jar:/root/./workspace/jordilucas/ponto-inteligente-api/386851526/.m2/org/springframework/spring-test/4.3.12.RELEASE/spring-test-4.3.12.RELEASE.jar:/root/./workspace/jordilucas/ponto-inteligente-api/386851526/.m2/org/springframework/boot/spring-boot-starter-data-jpa/1.5.8.RELEASE/spring-boot-starter-data-jpa-1.5.8.RELEASE.jar:/root/./workspace/jordilucas/ponto-inteligente-api/386851526/.m2/org/springframework/boot/spring-boot-starter-aop/1.5.8.RELEASE/spring-boot-starter-aop-1.5.8.RELEASE.jar:/root/./workspace/jordilucas/ponto-inteligente-api/386851526/.m2/org/aspectj/aspectjweaver/1.8.11/aspectjweaver-1.8.11.jar:/root/./workspace/jordilucas/ponto-inteligente-api/386851526/.m2/org/springframework/boot/spring-boot-starter-jdbc/1.5.8.RELEASE/spring-boot-starter-jdbc-1.5.8.RELEASE.jar:/root/./workspace/jordilucas/ponto-inteligente-api/386851526/.m2/org/apache/tomcat/tomcat-jdbc/8.5.23/tomcat-jdbc-8.5.23.jar:/root/./workspace/jordilucas/ponto-inteligente-api/386851526/.m2/org/apache/tomcat/tomcat-juli/8.5.23/tomcat-juli-8.5.23.jar:/root/./workspace/jordilucas/ponto-inteligente-api/386851526/.m2/org/springframework/spring-jdbc/4.3.12.RELEASE/spring-jdbc-4.3.12.RELEASE.jar:/root/./workspace/jordilucas/ponto-inteligente-api/386851526/.m2/org/hibernate/hibernate-core/5.0.12.Final/hibernate-core-5.0.12.Final.jar:/root/./workspace/jordilucas/ponto-inteligente-api/386851526/.m2/org/hibernate/javax/persistence/hibernate-jpa-2.1-api/1.0.0.Final/hibernate-jpa-2.1-api-1.0.0.Final.jar:/root/./workspace/jordilucas/ponto-inteligente-api/386851526/.m2/org/javassist/javassist/3.21.0-GA/javassist-3.21.0-GA.jar:/root/./workspace/jordilucas/ponto-inteligente-api/386851526/.m2/antlr/antlr/2.7.7/antlr-2.7.7.jar:/root/./workspace/jordilucas/ponto-inteligente-api/386851526/.m2/org/jboss/jandex/2.0.0.Final/jandex-2.0.0.Final.jar:/root/./workspace/jordilucas/ponto-inteligente-api/386851526/.m2/dom4j/dom4j/1.6.1/dom4j-1.6.1.jar:/root/./workspace/jordilucas/ponto-inteligente-api/386851526/.m2/org/hibernate/common/hibernate-commons-annotations/5.0.1.Final/hibernate-commons-annotations-5.0.1.Final.jar:/root/./workspace/jordilucas/ponto-inteligente-api/386851526/.m2/org/hibernate/hibernate-entitymanager/5.0.12.Final/hibernate-entitymanager-5.0.12.Final.jar:/root/./workspace/jordilucas/ponto-inteligente-api/386851526/.m2/javax/transaction/javax.transaction-api/1.2/javax.transaction-api-1.2.jar:/root/./workspace/jordilucas/ponto-inteligente-api/386851526/.m2/org/springframework/data/spring-data-jpa/1.11.8.RELEASE/spring-data-jpa-1.11.8.RELEASE.jar:/root/./workspace/jordilucas/ponto-inteligente-api/386851526/.m2/org/springframework/data/spring-data-commons/1.13.8.RELEASE/spring-data-commons-1.13.8.RELEASE.jar:/root/./workspace/jordilucas/ponto-inteligente-api/386851526/.m2/org/springframework/spring-orm/4.3.12.RELEASE/spring-orm-4.3.12.RELEASE.jar:/root/./workspace/jordilucas/ponto-inteligente-api/386851526/.m2/org/springframework/spring-tx/4.3.12.RELEASE/spring-tx-4.3.12.RELEASE.jar:/root/./workspace/jordilucas/ponto-inteligente-api/386851526/.m2/org/springframework/spring-beans/4.3.12.RELEASE/spring-beans-4.3.12.RELEASE.jar:/root/./workspace/jordilucas/ponto-inteligente-api/386851526/.m2/org/springframework/spring-aspects/4.3.12.RELEASE/spring-aspects-4.3.12.RELEASE.jar:/root/./workspace/jordilucas/ponto-inteligente-api/386851526/.m2/mysql/mysql-connector-java/5.1.44/mysql-connector-java-5.1.44.jar:/root/./workspace/jordilucas/ponto-inteligente-api/386851526/.m2/com/h2database/h2/1.4.196/h2-1.4.196.jar:/root/./workspace/jordilucas/ponto-inteligente-api/386851526/.m2/org/jboss/logging/jboss-logging/3.3.1.Final/jboss-logging-3.3.1.Final.jar:/root/./workspace/jordilucas/ponto-inteligente-api/386851526/.m2/org/springframework/boot/spring-boot-starter-security/1.5.8.RELEASE/spring-boot-starter-security-1.5.8.RELEASE.jar:/root/./workspace/jordilucas/ponto-inteligente-api/386851526/.m2/org/springframework/spring-aop/4.3.12.RELEASE/spring-aop-4.3.12.RELEASE.jar:/root/./workspace/jordilucas/ponto-inteligente-api/386851526/.m2/org/springframework/security/spring-security-config/4.2.3.RELEASE/spring-security-config-4.2.3.RELEASE.jar:/root/./workspace/jordilucas/ponto-inteligente-api/386851526/.m2/org/springframework/security/spring-security-web/4.2.3.RELEASE/spring-security-web-4.2.3.RELEASE.jar:/root/./workspace/jordilucas/ponto-inteligente-api/386851526/.m2/org/springframework/spring-expression/4.3.12.RELEASE/spring-expression-4.3.12.RELEASE.jar:/root/./workspace/jordilucas/ponto-inteligente-api/386851526/.m2/org/springframework/security/spring-security-test/4.2.3.RELEASE/spring-security-test-4.2.3.RELEASE.jar:/root/./workspace/jordilucas/ponto-inteligente-api/386851526/.m2/org/springframework/security/spring-security-core/4.2.3.RELEASE/spring-security-core-4.2.3.RELEASE.jar:/root/./workspace/jordilucas/ponto-inteligente-api/386851526/.m2/aopalliance/aopalliance/1.0/aopalliance-1.0.jar:/root/./workspace/jordilucas/ponto-inteligente-api/386851526/.m2/org/springframework/boot/spring-boot-starter-web/1.5.8.RELEASE/spring-boot-starter-web-1.5.8.RELEASE.jar:/root/./workspace/jordilucas/ponto-inteligente-api/386851526/.m2/org/springframework/boot/spring-boot-starter-tomcat/1.5.8.RELEASE/spring-boot-starter-tomcat-1.5.8.RELEASE.jar:/root/./workspace/jordilucas/ponto-inteligente-api/386851526/.m2/org/apache/tomcat/embed/tomcat-embed-core/8.5.23/tomcat-embed-core-8.5.23.jar:/root/./workspace/jordilucas/ponto-inteligente-api/386851526/.m2/org/apache/tomcat/tomcat-annotations-api/8.5.23/tomcat-annotations-api-8.5.23.jar:/root/./workspace/jordilucas/ponto-inteligente-api/386851526/.m2/org/apache/tomcat/embed/tomcat-embed-websocket/8.5.23/tomcat-embed-websocket-8.5.23.jar:/root/./workspace/jordilucas/ponto-inteligente-api/386851526/.m2/org/hibernate/hibernate-validator/5.3.5.Final/hibernate-validator-5.3.5.Final.jar:/root/./workspace/jordilucas/ponto-inteligente-api/386851526/.m2/javax/validation/validation-api/1.1.0.Final/validation-api-1.1.0.Final.jar:/root/./workspace/jordilucas/ponto-inteligente-api/386851526/.m2/com/fasterxml/classmate/1.3.4/classmate-1.3.4.jar:/root/./workspace/jordilucas/ponto-inteligente-api/386851526/.m2/com/fasterxml/jackson/core/jackson-databind/2.8.10/jackson-databind-2.8.10.jar:/root/./workspace/jordilucas/ponto-inteligente-api/386851526/.m2/com/fasterxml/jackson/core/jackson-annotations/2.8.0/jackson-annotations-2.8.0.jar:/root/./workspace/jordilucas/ponto-inteligente-api/386851526/.m2/org/springframework/spring-web/4.3.12.RELEASE/spring-web-4.3.12.RELEASE.jar:/root/./workspace/jordilucas/ponto-inteligente-api/386851526/.m2/org/springframework/spring-webmvc/4.3.12.RELEASE/spring-webmvc-4.3.12.RELEASE.jar:/root/./workspace/jordilucas/ponto-inteligente-api/386851526/.m2/org/springframework/boot/spring-boot-starter-validation/1.5.8.RELEASE/spring-boot-starter-validation-1.5.8.RELEASE.jar:/root/./workspace/jordilucas/ponto-inteligente-api/386851526/.m2/org/apache/tomcat/embed/tomcat-embed-el/8.5.23/tomcat-embed-el-8.5.23.jar:/root/./workspace/jordilucas/ponto-inteligente-api/386851526/.m2/com/fasterxml/jackson/datatype/jackson-datatype-jdk8/2.8.10/jackson-datatype-jdk8-2.8.10.jar:/root/./workspace/jordilucas/ponto-inteligente-api/386851526/.m2/com/fasterxml/jackson/core/jackson-core/2.8.10/jackson-core-2.8.10.jar:/root/./workspace/jordilucas/ponto-inteligente-api/386851526/.m2/org/apache/commons/commons-lang3/3.6/commons-lang3-3.6.jar:, user.name=root, skipITs=true, java.vm.specification.version=1.8, sun.java.command=/root/workspace/jordilucas/ponto-inteligente-api/386851526/target/surefire/surefirebooter3283895179172420451.jar /root/workspace/jordilucas/ponto-inteligente-api/386851526/target/surefire/surefire4784252510475456301tmp /root/workspace/jordilucas/ponto-inteligente-api/386851526/target/surefire/surefire_07033769689870660414tmp, java.home=/usr/lib/jvm/java-8-openjdk-amd64/jre, sun.arch.data.model=64, user.language=en, java.specification.vendor=Oracle Corporation, dependency-check.skip=true, awt.toolkit=sun.awt.X11.XToolkit, java.vm.info=mixed mode, java.version=1.8.0_121, java.ext.dirs=/usr/lib/jvm/java-8-openjdk-amd64/jre/lib/ext:/usr/java/packages/lib/ext, sun.boot.class.path=/usr/lib/jvm/java-8-openjdk-amd64/jre/lib/resources.jar:/usr/lib/jvm/java-8-openjdk-amd64/jre/lib/rt.jar:/usr/lib/jvm/java-8-openjdk-amd64/jre/lib/sunrsasign.jar:/usr/lib/jvm/java-8-openjdk-amd64/jre/lib/jsse.jar:/usr/lib/jvm/java-8-openjdk-amd64/jre/lib/jce.jar:/usr/lib/jvm/java-8-openjdk-amd64/jre/lib/charsets.jar:/usr/lib/jvm/java-8-openjdk-amd64/jre/lib/jfr.jar:/usr/lib/jvm/java-8-openjdk-amd64/jre/classes, rat.skip=true, enforcer.skip=true, java.vendor=Oracle Corporation, localRepository=/root/./workspace/jordilucas/ponto-inteligente-api/386851526/.m2, file.separator=/, java.vendor.url.bug=http://bugreport.sun.com/bugreport/, sun.io.unicode.encoding=UnicodeLittle, sun.cpu.endian=little, sun.cpu.isalist=}}, SystemEnvironmentPropertySource@688005825 {name='systemEnvironment', properties={PATH=/usr/local/sbin:/usr/local/bin:/usr/sbin:/usr/bin:/sbin:/bin, JAVA_HOME=/usr/lib/jvm/java-8-openjdk-amd64, NOTIFY_TO=, CA_CERTIFICATES_JAVA_VERSION=20161107~bpo8+1, MONGODB_HOST=, BUILD_ID=, LANG=C.UTF-8, MAVEN_HOME=/usr/share/maven, SMTP_SERVER=, MONGODB_NAME=, REPAIR_MODE=repair, PWD=/root/workspace/jordilucas/ponto-inteligente-api/386851526, JAVA_VERSION=8u121, GITHUB_OAUTH=, MAVEN_CMD_LINE_ARGS=/root/.m2 -B -D enforcer.skip=true -D dependency-check.skip=true -D skipITs=true -D cobertura.skip=true -D maven.repo.local=/root/./workspace/jordilucas/ponto-inteligente-api/386851526/.m2 -D rat.skip=true -D findbugs.skip=true -D skip.bower=true -D gpg.skip=true -D checkstyle.skip=true -D skip.gulp=true -D license.skip=true -D skip.npm=true test, _=/usr/bin/java, OUTPUT=, MAVEN_TERMINATE_CMD=on, MAVEN_CONFIG=/root/.m2, MAVEN_PROJECTBASEDIR=/root/workspace/jordilucas/ponto-inteligente-api/386851526, OLDPWD=/root/workspace/jordilucas/ponto-inteligente-api/386851526, LOG_FILENAME=repairnator-pipeline_2018-06-01_2229_386851526_5a77b685-d098-401d-b168-01e076b51223, RUN_ID=, HOSTNAME=cyclone1, JAVA_DEBIAN_VERSION=8u121-b13-1~bpo8+1, M2_HOME=/usr/share/maven, REPAIR_TOOLS=AssertFixer, HOME=/root, SHLVL=1, PUSH_URL=}}]
22:30:26.473 [main] DEBUG org.springframework.core.env.StandardEnvironment - Adding PropertySource 'test' with highest search precedence
22:30:26.475 [main] DEBUG org.springframework.core.env.MutablePropertySources - Adding PropertySource 'inline' with highest search precedence
22:30:26.480 [main] DEBUG org.springframework.test.context.support.TestPropertySourceUtils - Adding inlined properties to environment: {spring.jmx.enabled=false, org.springframework.boot.test.context.SpringBootTestContextBootstrapper=true, server.port=-1}
22:30:26.480 [main] DEBUG org.springframework.core.env.StandardEnvironment - Adding PropertySource 'Inlined Test Properties' with highest search precedence

  .   ____          _            __ _ _
 /\\ / ___'_ __ _ _(_)_ __  __ _ \ \ \ \
( ( )\___ | '_ | '_| | '_ \/ _` | \ \ \ \
 \\/  ___)| |_)| | | | | || (_| |  ) ) ) )
  '  |____| .__|_| |_|_| |_\__, | / / / /
 =========|_|==============|___/=/_/_/_/
 :: Spring Boot ::        (v1.5.8.RELEASE)

2018-06-01 22:30:26.855  INFO 160 --- [           main] b.c.j.p.a.r.EmpresaRepositoryTest        : Starting EmpresaRepositoryTest on cyclone1 with PID 160 (started by root in /root/workspace/jordilucas/ponto-inteligente-api/386851526)
2018-06-01 22:30:26.857  INFO 160 --- [           main] b.c.j.p.a.r.EmpresaRepositoryTest        : The following profiles are active: test
2018-06-01 22:30:26.893  INFO 160 --- [           main] o.s.w.c.s.GenericWebApplicationContext   : Refreshing org.springframework.web.context.support.GenericWebApplicationContext@28d18df5: startup date [Fri Jun 01 22:30:26 CEST 2018]; root of context hierarchy
2018-06-01 22:30:29.727  INFO 160 --- [           main] j.LocalContainerEntityManagerFactoryBean : Building JPA container EntityManagerFactory for persistence unit 'default'
2018-06-01 22:30:29.754  INFO 160 --- [           main] o.hibernate.jpa.internal.util.LogHelper  : HHH000204: Processing PersistenceUnitInfo [
	name: default
	...]
2018-06-01 22:30:29.862  INFO 160 --- [           main] org.hibernate.Version                    : HHH000412: Hibernate Core {5.0.12.Final}
2018-06-01 22:30:29.863  INFO 160 --- [           main] org.hibernate.cfg.Environment            : HHH000206: hibernate.properties not found
2018-06-01 22:30:29.866  INFO 160 --- [           main] org.hibernate.cfg.Environment            : HHH000021: Bytecode provider name : javassist
2018-06-01 22:30:29.934  INFO 160 --- [           main] o.hibernate.annotations.common.Version   : HCANN000001: Hibernate Commons Annotations {5.0.1.Final}
2018-06-01 22:30:30.076  INFO 160 --- [           main] org.hibernate.dialect.Dialect            : HHH000400: Using dialect: org.hibernate.dialect.MySQLDialect
2018-06-01 22:30:30.878  INFO 160 --- [           main] org.hibernate.tool.hbm2ddl.SchemaExport  : HHH000227: Running hbm2ddl schema export
Hibernate: 
    alter table funcionario 
        drop 
        foreign key FK4cm1kg523jlopyexjbmi6y54j
2018-06-01 22:30:30.885 ERROR 160 --- [           main] org.hibernate.tool.hbm2ddl.SchemaExport  : HHH000389: Unsuccessful: alter table funcionario drop foreign key FK4cm1kg523jlopyexjbmi6y54j
2018-06-01 22:30:30.885 ERROR 160 --- [           main] org.hibernate.tool.hbm2ddl.SchemaExport  : Table "FUNCIONARIO" not found; SQL statement:

    alter table funcionario 
        drop 
        foreign key FK4cm1kg523jlopyexjbmi6y54j [42102-196]
Hibernate: 
    alter table lancamento 
        drop 
        foreign key FK46i4k5vl8wah7feutye9kbpi4
2018-06-01 22:30:30.886 ERROR 160 --- [           main] org.hibernate.tool.hbm2ddl.SchemaExport  : HHH000389: Unsuccessful: alter table lancamento drop foreign key FK46i4k5vl8wah7feutye9kbpi4
2018-06-01 22:30:30.886 ERROR 160 --- [           main] org.hibernate.tool.hbm2ddl.SchemaExport  : Table "LANCAMENTO" not found; SQL statement:

    alter table lancamento 
        drop 
        foreign key FK46i4k5vl8wah7feutye9kbpi4 [42102-196]
Hibernate: 
    drop table if exists empresa
Hibernate: 
    drop table if exists funcionario
Hibernate: 
    drop table if exists lancamento
Hibernate: 
    create table empresa (
        id bigint not null auto_increment,
        cnpj varchar(255) not null,
        data_atualizacao datetime not null,
        data_criacao datetime not null,
        razao_social varchar(255) not null,
        primary key (id)
    )
Hibernate: 
    create table funcionario (
        id bigint not null auto_increment,
        cpf varchar(255) not null,
        data_atualizacao datetime not null,
        data_criacao datetime not null,
        email varchar(255) not null,
        nome varchar(255) not null,
        perfil varchar(255) not null,
        qtd_horas_almoco float,
        qtd_horas_trabalho_dia float,
        senha varchar(255) not null,
        valor_hora decimal(19,2),
        empresa_id bigint,
        primary key (id)
    )
Hibernate: 
    create table lancamento (
        id bigint not null auto_increment,
        data datetime not null,
        data_atualizacao datetime not null,
        data_criacao datetime not null,
        descricao varchar(255),
        localizacao varchar(255),
        tipo varchar(255) not null,
        funcionario_id bigint,
        primary key (id)
    )
Hibernate: 
    alter table funcionario 
        add constraint FK4cm1kg523jlopyexjbmi6y54j 
        foreign key (empresa_id) 
        references empresa (id)
Hibernate: 
    alter table lancamento 
        add constraint FK46i4k5vl8wah7feutye9kbpi4 
        foreign key (funcionario_id) 
        references funcionario (id)
2018-06-01 22:30:30.912  INFO 160 --- [           main] org.hibernate.tool.hbm2ddl.SchemaExport  : HHH000230: Schema export complete
2018-06-01 22:30:30.956  INFO 160 --- [           main] j.LocalContainerEntityManagerFactoryBean : Initialized JPA EntityManagerFactory for persistence unit 'default'
2018-06-01 22:30:31.409  WARN 160 --- [           main] o.s.w.c.s.GenericWebApplicationContext   : Exception encountered during context initialization - cancelling refresh attempt: org.springframework.beans.factory.BeanCreationException: Error creating bean with name 'lancamentoController': Injection of autowired dependencies failed; nested exception is java.lang.IllegalArgumentException: Could not resolve placeholder 'paginacao.qtd_por_pagina' in value "${paginacao.qtd_por_pagina}"
2018-06-01 22:30:31.412  INFO 160 --- [           main] j.LocalContainerEntityManagerFactoryBean : Closing JPA EntityManagerFactory for persistence unit 'default'
2018-06-01 22:30:31.437  INFO 160 --- [           main] utoConfigurationReportLoggingInitializer : 

Error starting ApplicationContext. To display the auto-configuration report re-run your application with 'debug' enabled.
2018-06-01 22:30:31.448 ERROR 160 --- [           main] o.s.boot.SpringApplication               : Application startup failed

org.springframework.beans.factory.BeanCreationException: Error creating bean with name 'lancamentoController': Injection of autowired dependencies failed; nested exception is java.lang.IllegalArgumentException: Could not resolve placeholder 'paginacao.qtd_por_pagina' in value "${paginacao.qtd_por_pagina}"
	at org.springframework.beans.factory.annotation.AutowiredAnnotationBeanPostProcessor.postProcessPropertyValues(AutowiredAnnotationBeanPostProcessor.java:372) ~[spring-beans-4.3.12.RELEASE.jar:4.3.12.RELEASE]
	at org.springframework.beans.factory.support.AbstractAutowireCapableBeanFactory.populateBean(AbstractAutowireCapableBeanFactory.java:1264) ~[spring-beans-4.3.12.RELEASE.jar:4.3.12.RELEASE]
	at org.springframework.beans.factory.support.AbstractAutowireCapableBeanFactory.doCreateBean(AbstractAutowireCapableBeanFactory.java:553) ~[spring-beans-4.3.12.RELEASE.jar:4.3.12.RELEASE]
	at org.springframework.beans.factory.support.AbstractAutowireCapableBeanFactory.createBean(AbstractAutowireCapableBeanFactory.java:483) ~[spring-beans-4.3.12.RELEASE.jar:4.3.12.RELEASE]
	at org.springframework.beans.factory.support.AbstractBeanFactory$1.getObject(AbstractBeanFactory.java:306) ~[spring-beans-4.3.12.RELEASE.jar:4.3.12.RELEASE]
	at org.springframework.beans.factory.support.DefaultSingletonBeanRegistry.getSingleton(DefaultSingletonBeanRegistry.java:230) ~[spring-beans-4.3.12.RELEASE.jar:4.3.12.RELEASE]
	at org.springframework.beans.factory.support.AbstractBeanFactory.doGetBean(AbstractBeanFactory.java:302) ~[spring-beans-4.3.12.RELEASE.jar:4.3.12.RELEASE]
	at org.springframework.beans.factory.support.AbstractBeanFactory.getBean(AbstractBeanFactory.java:197) ~[spring-beans-4.3.12.RELEASE.jar:4.3.12.RELEASE]
	at org.springframework.beans.factory.support.DefaultListableBeanFactory.preInstantiateSingletons(DefaultListableBeanFactory.java:761) ~[spring-beans-4.3.12.RELEASE.jar:4.3.12.RELEASE]
	at org.springframework.context.support.AbstractApplicationContext.finishBeanFactoryInitialization(AbstractApplicationContext.java:867) ~[spring-context-4.3.12.RELEASE.jar:4.3.12.RELEASE]
	at org.springframework.context.support.AbstractApplicationContext.refresh(AbstractApplicationContext.java:543) ~[spring-context-4.3.12.RELEASE.jar:4.3.12.RELEASE]
	at org.springframework.boot.SpringApplication.refresh(SpringApplication.java:693) ~[spring-boot-1.5.8.RELEASE.jar:1.5.8.RELEASE]
	at org.springframework.boot.SpringApplication.refreshContext(SpringApplication.java:360) ~[spring-boot-1.5.8.RELEASE.jar:1.5.8.RELEASE]
	at org.springframework.boot.SpringApplication.run(SpringApplication.java:303) ~[spring-boot-1.5.8.RELEASE.jar:1.5.8.RELEASE]
	at org.springframework.boot.test.context.SpringBootContextLoader.loadContext(SpringBootContextLoader.java:120) [spring-boot-test-1.5.8.RELEASE.jar:1.5.8.RELEASE]
	at org.springframework.test.context.cache.DefaultCacheAwareContextLoaderDelegate.loadContextInternal(DefaultCacheAwareContextLoaderDelegate.java:98) [spring-test-4.3.12.RELEASE.jar:4.3.12.RELEASE]
	at org.springframework.test.context.cache.DefaultCacheAwareContextLoaderDelegate.loadContext(DefaultCacheAwareContextLoaderDelegate.java:116) [spring-test-4.3.12.RELEASE.jar:4.3.12.RELEASE]
	at org.springframework.test.context.support.DefaultTestContext.getApplicationContext(DefaultTestContext.java:83) [spring-test-4.3.12.RELEASE.jar:4.3.12.RELEASE]
	at org.springframework.test.context.web.ServletTestExecutionListener.setUpRequestContextIfNecessary(ServletTestExecutionListener.java:189) [spring-test-4.3.12.RELEASE.jar:4.3.12.RELEASE]
	at org.springframework.test.context.web.ServletTestExecutionListener.prepareTestInstance(ServletTestExecutionListener.java:131) [spring-test-4.3.12.RELEASE.jar:4.3.12.RELEASE]
	at org.springframework.test.context.TestContextManager.prepareTestInstance(TestContextManager.java:230) [spring-test-4.3.12.RELEASE.jar:4.3.12.RELEASE]
	at org.springframework.test.context.junit4.SpringJUnit4ClassRunner.createTest(SpringJUnit4ClassRunner.java:228) [spring-test-4.3.12.RELEASE.jar:4.3.12.RELEASE]
	at org.springframework.test.context.junit4.SpringJUnit4ClassRunner$1.runReflectiveCall(SpringJUnit4ClassRunner.java:287) [spring-test-4.3.12.RELEASE.jar:4.3.12.RELEASE]
	at org.junit.internal.runners.model.ReflectiveCallable.run(ReflectiveCallable.java:12) [junit-4.12.jar:4.12]
	at org.springframework.test.context.junit4.SpringJUnit4ClassRunner.methodBlock(SpringJUnit4ClassRunner.java:289) [spring-test-4.3.12.RELEASE.jar:4.3.12.RELEASE]
	at org.springframework.test.context.junit4.SpringJUnit4ClassRunner.runChild(SpringJUnit4ClassRunner.java:247) [spring-test-4.3.12.RELEASE.jar:4.3.12.RELEASE]
	at org.springframework.test.context.junit4.SpringJUnit4ClassRunner.runChild(SpringJUnit4ClassRunner.java:94) [spring-test-4.3.12.RELEASE.jar:4.3.12.RELEASE]
	at org.junit.runners.ParentRunner$3.run(ParentRunner.java:290) [junit-4.12.jar:4.12]
	at org.junit.runners.ParentRunner$1.schedule(ParentRunner.java:71) [junit-4.12.jar:4.12]
	at org.junit.runners.ParentRunner.runChildren(ParentRunner.java:288) [junit-4.12.jar:4.12]
	at org.junit.runners.ParentRunner.access$000(ParentRunner.java:58) [junit-4.12.jar:4.12]
	at org.junit.runners.ParentRunner$2.evaluate(ParentRunner.java:268) [junit-4.12.jar:4.12]
	at org.springframework.test.context.junit4.statements.RunBeforeTestClassCallbacks.evaluate(RunBeforeTestClassCallbacks.java:61) [spring-test-4.3.12.RELEASE.jar:4.3.12.RELEASE]
	at org.springframework.test.context.junit4.statements.RunAfterTestClassCallbacks.evaluate(RunAfterTestClassCallbacks.java:70) [spring-test-4.3.12.RELEASE.jar:4.3.12.RELEASE]
	at org.junit.runners.ParentRunner.run(ParentRunner.java:363) [junit-4.12.jar:4.12]
	at org.springframework.test.context.junit4.SpringJUnit4ClassRunner.run(SpringJUnit4ClassRunner.java:191) [spring-test-4.3.12.RELEASE.jar:4.3.12.RELEASE]
	at org.apache.maven.surefire.junit4.JUnit4Provider.execute(JUnit4Provider.java:283) [surefire-junit4-2.18.1.jar:2.18.1]
	at org.apache.maven.surefire.junit4.JUnit4Provider.executeWithRerun(JUnit4Provider.java:173) [surefire-junit4-2.18.1.jar:2.18.1]
	at org.apache.maven.surefire.junit4.JUnit4Provider.executeTestSet(JUnit4Provider.java:153) [surefire-junit4-2.18.1.jar:2.18.1]
	at org.apache.maven.surefire.junit4.JUnit4Provider.invoke(JUnit4Provider.java:128) [surefire-junit4-2.18.1.jar:2.18.1]
	at org.apache.maven.surefire.booter.ForkedBooter.invokeProviderInSameClassLoader(ForkedBooter.java:203) [surefire-booter-2.18.1.jar:2.18.1]
	at org.apache.maven.surefire.booter.ForkedBooter.runSuitesInProcess(ForkedBooter.java:155) [surefire-booter-2.18.1.jar:2.18.1]
	at org.apache.maven.surefire.booter.ForkedBooter.main(ForkedBooter.java:103) [surefire-booter-2.18.1.jar:2.18.1]
Caused by: java.lang.IllegalArgumentException: Could not resolve placeholder 'paginacao.qtd_por_pagina' in value "${paginacao.qtd_por_pagina}"
	at org.springframework.util.PropertyPlaceholderHelper.parseStringValue(PropertyPlaceholderHelper.java:174) ~[spring-core-4.3.12.RELEASE.jar:4.3.12.RELEASE]
	at org.springframework.util.PropertyPlaceholderHelper.replacePlaceholders(PropertyPlaceholderHelper.java:126) ~[spring-core-4.3.12.RELEASE.jar:4.3.12.RELEASE]
	at org.springframework.core.env.AbstractPropertyResolver.doResolvePlaceholders(AbstractPropertyResolver.java:236) ~[spring-core-4.3.12.RELEASE.jar:4.3.12.RELEASE]
	at org.springframework.core.env.AbstractPropertyResolver.resolveRequiredPlaceholders(AbstractPropertyResolver.java:210) ~[spring-core-4.3.12.RELEASE.jar:4.3.12.RELEASE]
	at org.springframework.context.support.PropertySourcesPlaceholderConfigurer$2.resolveStringValue(PropertySourcesPlaceholderConfigurer.java:172) ~[spring-context-4.3.12.RELEASE.jar:4.3.12.RELEASE]
	at org.springframework.beans.factory.support.AbstractBeanFactory.resolveEmbeddedValue(AbstractBeanFactory.java:831) ~[spring-beans-4.3.12.RELEASE.jar:4.3.12.RELEASE]
	at org.springframework.beans.factory.support.DefaultListableBeanFactory.doResolveDependency(DefaultListableBeanFactory.java:1086) ~[spring-beans-4.3.12.RELEASE.jar:4.3.12.RELEASE]
	at org.springframework.beans.factory.support.DefaultListableBeanFactory.resolveDependency(DefaultListableBeanFactory.java:1066) ~[spring-beans-4.3.12.RELEASE.jar:4.3.12.RELEASE]
	at org.springframework.beans.factory.annotation.AutowiredAnnotationBeanPostProcessor$AutowiredFieldElement.inject(AutowiredAnnotationBeanPostProcessor.java:585) ~[spring-beans-4.3.12.RELEASE.jar:4.3.12.RELEASE]
	at org.springframework.beans.factory.annotation.InjectionMetadata.inject(InjectionMetadata.java:88) ~[spring-beans-4.3.12.RELEASE.jar:4.3.12.RELEASE]
	at org.springframework.beans.factory.annotation.AutowiredAnnotationBeanPostProcessor.postProcessPropertyValues(AutowiredAnnotationBeanPostProcessor.java:366) ~[spring-beans-4.3.12.RELEASE.jar:4.3.12.RELEASE]
	... 42 common frames omitted

2018-06-01 22:30:31.451 ERROR 160 --- [           main] o.s.test.context.TestContextManager      : Caught exception while allowing TestExecutionListener [org.springframework.test.context.web.ServletTestExecutionListener@740773a3] to prepare test instance [br.com.jordilucas.pontointeligente.api.repositories.EmpresaRepositoryTest@72fb989b]

java.lang.IllegalStateException: Failed to load ApplicationContext
	at org.springframework.test.context.cache.DefaultCacheAwareContextLoaderDelegate.loadContext(DefaultCacheAwareContextLoaderDelegate.java:124) ~[spring-test-4.3.12.RELEASE.jar:4.3.12.RELEASE]
	at org.springframework.test.context.support.DefaultTestContext.getApplicationContext(DefaultTestContext.java:83) ~[spring-test-4.3.12.RELEASE.jar:4.3.12.RELEASE]
	at org.springframework.test.context.web.ServletTestExecutionListener.setUpRequestContextIfNecessary(ServletTestExecutionListener.java:189) ~[spring-test-4.3.12.RELEASE.jar:4.3.12.RELEASE]
	at org.springframework.test.context.web.ServletTestExecutionListener.prepareTestInstance(ServletTestExecutionListener.java:131) ~[spring-test-4.3.12.RELEASE.jar:4.3.12.RELEASE]
	at org.springframework.test.context.TestContextManager.prepareTestInstance(TestContextManager.java:230) ~[spring-test-4.3.12.RELEASE.jar:4.3.12.RELEASE]
	at org.springframework.test.context.junit4.SpringJUnit4ClassRunner.createTest(SpringJUnit4ClassRunner.java:228) [spring-test-4.3.12.RELEASE.jar:4.3.12.RELEASE]
	at org.springframework.test.context.junit4.SpringJUnit4ClassRunner$1.runReflectiveCall(SpringJUnit4ClassRunner.java:287) [spring-test-4.3.12.RELEASE.jar:4.3.12.RELEASE]
	at org.junit.internal.runners.model.ReflectiveCallable.run(ReflectiveCallable.java:12) [junit-4.12.jar:4.12]
	at org.springframework.test.context.junit4.SpringJUnit4ClassRunner.methodBlock(SpringJUnit4ClassRunner.java:289) [spring-test-4.3.12.RELEASE.jar:4.3.12.RELEASE]
	at org.springframework.test.context.junit4.SpringJUnit4ClassRunner.runChild(SpringJUnit4ClassRunner.java:247) [spring-test-4.3.12.RELEASE.jar:4.3.12.RELEASE]
	at org.springframework.test.context.junit4.SpringJUnit4ClassRunner.runChild(SpringJUnit4ClassRunner.java:94) [spring-test-4.3.12.RELEASE.jar:4.3.12.RELEASE]
	at org.junit.runners.ParentRunner$3.run(ParentRunner.java:290) [junit-4.12.jar:4.12]
	at org.junit.runners.ParentRunner$1.schedule(ParentRunner.java:71) [junit-4.12.jar:4.12]
	at org.junit.runners.ParentRunner.runChildren(ParentRunner.java:288) [junit-4.12.jar:4.12]
	at org.junit.runners.ParentRunner.access$000(ParentRunner.java:58) [junit-4.12.jar:4.12]
	at org.junit.runners.ParentRunner$2.evaluate(ParentRunner.java:268) [junit-4.12.jar:4.12]
	at org.springframework.test.context.junit4.statements.RunBeforeTestClassCallbacks.evaluate(RunBeforeTestClassCallbacks.java:61) [spring-test-4.3.12.RELEASE.jar:4.3.12.RELEASE]
	at org.springframework.test.context.junit4.statements.RunAfterTestClassCallbacks.evaluate(RunAfterTestClassCallbacks.java:70) [spring-test-4.3.12.RELEASE.jar:4.3.12.RELEASE]
	at org.junit.runners.ParentRunner.run(ParentRunner.java:363) [junit-4.12.jar:4.12]
	at org.springframework.test.context.junit4.SpringJUnit4ClassRunner.run(SpringJUnit4ClassRunner.java:191) [spring-test-4.3.12.RELEASE.jar:4.3.12.RELEASE]
	at org.apache.maven.surefire.junit4.JUnit4Provider.execute(JUnit4Provider.java:283) [surefire-junit4-2.18.1.jar:2.18.1]
	at org.apache.maven.surefire.junit4.JUnit4Provider.executeWithRerun(JUnit4Provider.java:173) [surefire-junit4-2.18.1.jar:2.18.1]
	at org.apache.maven.surefire.junit4.JUnit4Provider.executeTestSet(JUnit4Provider.java:153) [surefire-junit4-2.18.1.jar:2.18.1]
	at org.apache.maven.surefire.junit4.JUnit4Provider.invoke(JUnit4Provider.java:128) [surefire-junit4-2.18.1.jar:2.18.1]
	at org.apache.maven.surefire.booter.ForkedBooter.invokeProviderInSameClassLoader(ForkedBooter.java:203) [surefire-booter-2.18.1.jar:2.18.1]
	at org.apache.maven.surefire.booter.ForkedBooter.runSuitesInProcess(ForkedBooter.java:155) [surefire-booter-2.18.1.jar:2.18.1]
	at org.apache.maven.surefire.booter.ForkedBooter.main(ForkedBooter.java:103) [surefire-booter-2.18.1.jar:2.18.1]
Caused by: org.springframework.beans.factory.BeanCreationException: Error creating bean with name 'lancamentoController': Injection of autowired dependencies failed; nested exception is java.lang.IllegalArgumentException: Could not resolve placeholder 'paginacao.qtd_por_pagina' in value "${paginacao.qtd_por_pagina}"
	at org.springframework.beans.factory.annotation.AutowiredAnnotationBeanPostProcessor.postProcessPropertyValues(AutowiredAnnotationBeanPostProcessor.java:372) ~[spring-beans-4.3.12.RELEASE.jar:4.3.12.RELEASE]
	at org.springframework.beans.factory.support.AbstractAutowireCapableBeanFactory.populateBean(AbstractAutowireCapableBeanFactory.java:1264) ~[spring-beans-4.3.12.RELEASE.jar:4.3.12.RELEASE]
	at org.springframework.beans.factory.support.AbstractAutowireCapableBeanFactory.doCreateBean(AbstractAutowireCapableBeanFactory.java:553) ~[spring-beans-4.3.12.RELEASE.jar:4.3.12.RELEASE]
	at org.springframework.beans.factory.support.AbstractAutowireCapableBeanFactory.createBean(AbstractAutowireCapableBeanFactory.java:483) ~[spring-beans-4.3.12.RELEASE.jar:4.3.12.RELEASE]
	at org.springframework.beans.factory.support.AbstractBeanFactory$1.getObject(AbstractBeanFactory.java:306) ~[spring-beans-4.3.12.RELEASE.jar:4.3.12.RELEASE]
	at org.springframework.beans.factory.support.DefaultSingletonBeanRegistry.getSingleton(DefaultSingletonBeanRegistry.java:230) ~[spring-beans-4.3.12.RELEASE.jar:4.3.12.RELEASE]
	at org.springframework.beans.factory.support.AbstractBeanFactory.doGetBean(AbstractBeanFactory.java:302) ~[spring-beans-4.3.12.RELEASE.jar:4.3.12.RELEASE]
	at org.springframework.beans.factory.support.AbstractBeanFactory.getBean(AbstractBeanFactory.java:197) ~[spring-beans-4.3.12.RELEASE.jar:4.3.12.RELEASE]
	at org.springframework.beans.factory.support.DefaultListableBeanFactory.preInstantiateSingletons(DefaultListableBeanFactory.java:761) ~[spring-beans-4.3.12.RELEASE.jar:4.3.12.RELEASE]
	at org.springframework.context.support.AbstractApplicationContext.finishBeanFactoryInitialization(AbstractApplicationContext.java:867) ~[spring-context-4.3.12.RELEASE.jar:4.3.12.RELEASE]
	at org.springframework.context.support.AbstractApplicationContext.refresh(AbstractApplicationContext.java:543) ~[spring-context-4.3.12.RELEASE.jar:4.3.12.RELEASE]
	at org.springframework.boot.SpringApplication.refresh(SpringApplication.java:693) ~[spring-boot-1.5.8.RELEASE.jar:1.5.8.RELEASE]
	at org.springframework.boot.SpringApplication.refreshContext(SpringApplication.java:360) ~[spring-boot-1.5.8.RELEASE.jar:1.5.8.RELEASE]
	at org.springframework.boot.SpringApplication.run(SpringApplication.java:303) ~[spring-boot-1.5.8.RELEASE.jar:1.5.8.RELEASE]
	at org.springframework.boot.test.context.SpringBootContextLoader.loadContext(SpringBootContextLoader.java:120) ~[spring-boot-test-1.5.8.RELEASE.jar:1.5.8.RELEASE]
	at org.springframework.test.context.cache.DefaultCacheAwareContextLoaderDelegate.loadContextInternal(DefaultCacheAwareContextLoaderDelegate.java:98) ~[spring-test-4.3.12.RELEASE.jar:4.3.12.RELEASE]
	at org.springframework.test.context.cache.DefaultCacheAwareContextLoaderDelegate.loadContext(DefaultCacheAwareContextLoaderDelegate.java:116) ~[spring-test-4.3.12.RELEASE.jar:4.3.12.RELEASE]
	... 26 common frames omitted
Caused by: java.lang.IllegalArgumentException: Could not resolve placeholder 'paginacao.qtd_por_pagina' in value "${paginacao.qtd_por_pagina}"
	at org.springframework.util.PropertyPlaceholderHelper.parseStringValue(PropertyPlaceholderHelper.java:174) ~[spring-core-4.3.12.RELEASE.jar:4.3.12.RELEASE]
	at org.springframework.util.PropertyPlaceholderHelper.replacePlaceholders(PropertyPlaceholderHelper.java:126) ~[spring-core-4.3.12.RELEASE.jar:4.3.12.RELEASE]
	at org.springframework.core.env.AbstractPropertyResolver.doResolvePlaceholders(AbstractPropertyResolver.java:236) ~[spring-core-4.3.12.RELEASE.jar:4.3.12.RELEASE]
	at org.springframework.core.env.AbstractPropertyResolver.resolveRequiredPlaceholders(AbstractPropertyResolver.java:210) ~[spring-core-4.3.12.RELEASE.jar:4.3.12.RELEASE]
	at org.springframework.context.support.PropertySourcesPlaceholderConfigurer$2.resolveStringValue(PropertySourcesPlaceholderConfigurer.java:172) ~[spring-context-4.3.12.RELEASE.jar:4.3.12.RELEASE]
	at org.springframework.beans.factory.support.AbstractBeanFactory.resolveEmbeddedValue(AbstractBeanFactory.java:831) ~[spring-beans-4.3.12.RELEASE.jar:4.3.12.RELEASE]
	at org.springframework.beans.factory.support.DefaultListableBeanFactory.doResolveDependency(DefaultListableBeanFactory.java:1086) ~[spring-beans-4.3.12.RELEASE.jar:4.3.12.RELEASE]
	at org.springframework.beans.factory.support.DefaultListableBeanFactory.resolveDependency(DefaultListableBeanFactory.java:1066) ~[spring-beans-4.3.12.RELEASE.jar:4.3.12.RELEASE]
	at org.springframework.beans.factory.annotation.AutowiredAnnotationBeanPostProcessor$AutowiredFieldElement.inject(AutowiredAnnotationBeanPostProcessor.java:585) ~[spring-beans-4.3.12.RELEASE.jar:4.3.12.RELEASE]
	at org.springframework.beans.factory.annotation.InjectionMetadata.inject(InjectionMetadata.java:88) ~[spring-beans-4.3.12.RELEASE.jar:4.3.12.RELEASE]
	at org.springframework.beans.factory.annotation.AutowiredAnnotationBeanPostProcessor.postProcessPropertyValues(AutowiredAnnotationBeanPostProcessor.java:366) ~[spring-beans-4.3.12.RELEASE.jar:4.3.12.RELEASE]
	... 42 common frames omitted

]]></system-out>
  </testcase>
</testsuite>