<?xml version="1.0" encoding="UTF-8" ?>
<testsuite tests="91" failures="0" name="com.fincatto.documentofiscal.nfe310.classes.nota.NFNotaInfoItemProdutoTest" time="0.188" errors="0" skipped="0">
  <properties>
    <property name="java.runtime.name" value="OpenJDK Runtime Environment"/>
    <property name="sun.boot.library.path" value="/usr/lib/jvm/java-8-openjdk-amd64/jre/lib/amd64"/>
    <property name="java.vm.version" value="25.121-b13"/>
    <property name="java.vm.vendor" value="Oracle Corporation"/>
    <property name="maven.multiModuleProjectDirectory" value="/root/workspace/wmixvideo/nfe/389370875"/>
    <property name="java.vendor.url" value="http://java.oracle.com/"/>
    <property name="path.separator" value=":"/>
    <property name="guice.disable.misplaced.annotation.check" value="true"/>
    <property name="skip.gulp" value="true"/>
    <property name="java.vm.name" value="OpenJDK 64-Bit Server VM"/>
    <property name="file.encoding.pkg" value="sun.io"/>
    <property name="sun.java.launcher" value="SUN_STANDARD"/>
    <property name="sun.os.patch.level" value="unknown"/>
    <property name="findbugs.skip" value="true"/>
    <property name="java.vm.specification.name" value="Java Virtual Machine Specification"/>
    <property name="user.dir" value="/root/workspace/wmixvideo/nfe/389370875"/>
    <property name="checkstyle.skip" value="true"/>
    <property name="java.runtime.version" value="1.8.0_121-8u121-b13-1~bpo8+1-b13"/>
    <property name="java.awt.graphicsenv" value="sun.awt.X11GraphicsEnvironment"/>
    <property name="skip.npm" value="true"/>
    <property name="java.endorsed.dirs" value="/usr/lib/jvm/java-8-openjdk-amd64/jre/lib/endorsed"/>
    <property name="os.arch" value="amd64"/>
    <property name="java.io.tmpdir" value="/tmp"/>
    <property name="gpg.skip" value="true"/>
    <property name="line.separator" value="
"/>
    <property name="java.vm.specification.vendor" value="Oracle Corporation"/>
    <property name="cobertura.skip" value="true"/>
    <property name="os.name" value="Linux"/>
    <property name="classworlds.conf" value="/usr/share/maven/bin/m2.conf"/>
    <property name="sun.jnu.encoding" value="UTF-8"/>
    <property name="java.library.path" value="/usr/java/packages/lib/amd64:/usr/lib/x86_64-linux-gnu/jni:/lib/x86_64-linux-gnu:/usr/lib/x86_64-linux-gnu:/usr/lib/jni:/lib:/usr/lib"/>
    <property name="license.skip" value="true"/>
    <property name="java.specification.name" value="Java Platform API Specification"/>
    <property name="java.class.version" value="52.0"/>
    <property name="sun.management.compiler" value="HotSpot 64-Bit Tiered Compilers"/>
    <property name="skip.bower" value="true"/>
    <property name="maven.repo.local" value="/root/./workspace/wmixvideo/nfe/389370875/.m2"/>
    <property name="os.version" value="3.10.0-862.3.2.el7.x86_64"/>
    <property name="user.home" value="/root"/>
    <property name="user.timezone" value="Europe/Paris"/>
    <property name="java.awt.printerjob" value="sun.print.PSPrinterJob"/>
    <property name="java.specification.version" value="1.8"/>
    <property name="file.encoding" value="UTF-8"/>
    <property name="user.name" value="root"/>
    <property name="java.class.path" value="/usr/share/maven/boot/plexus-classworlds-2.5.2.jar"/>
    <property name="skipITs" value="true"/>
    <property name="java.vm.specification.version" value="1.8"/>
    <property name="sun.arch.data.model" value="64"/>
    <property name="java.home" value="/usr/lib/jvm/java-8-openjdk-amd64/jre"/>
    <property name="sun.java.command" value="org.codehaus.plexus.classworlds.launcher.Launcher -B -D enforcer.skip=true -D dependency-check.skip=true -D skipITs=true -D cobertura.skip=true -D maven.repo.local=/root/./workspace/wmixvideo/nfe/389370875/.m2 -D rat.skip=true -D findbugs.skip=true -D skip.bower=true -D gpg.skip=true -D checkstyle.skip=true -D skip.gulp=true -D license.skip=true -D skip.npm=true test"/>
    <property name="java.specification.vendor" value="Oracle Corporation"/>
    <property name="user.language" value="en"/>
    <property name="awt.toolkit" value="sun.awt.X11.XToolkit"/>
    <property name="dependency-check.skip" value="true"/>
    <property name="java.vm.info" value="mixed mode"/>
    <property name="java.version" value="1.8.0_121"/>
    <property name="java.ext.dirs" value="/usr/lib/jvm/java-8-openjdk-amd64/jre/lib/ext:/usr/java/packages/lib/ext"/>
    <property name="securerandom.source" value="file:/dev/./urandom"/>
    <property name="sun.boot.class.path" value="/usr/lib/jvm/java-8-openjdk-amd64/jre/lib/resources.jar:/usr/lib/jvm/java-8-openjdk-amd64/jre/lib/rt.jar:/usr/lib/jvm/java-8-openjdk-amd64/jre/lib/sunrsasign.jar:/usr/lib/jvm/java-8-openjdk-amd64/jre/lib/jsse.jar:/usr/lib/jvm/java-8-openjdk-amd64/jre/lib/jce.jar:/usr/lib/jvm/java-8-openjdk-amd64/jre/lib/charsets.jar:/usr/lib/jvm/java-8-openjdk-amd64/jre/lib/jfr.jar:/usr/lib/jvm/java-8-openjdk-amd64/jre/classes"/>
    <property name="java.vendor" value="Oracle Corporation"/>
    <property name="enforcer.skip" value="true"/>
    <property name="rat.skip" value="true"/>
    <property name="maven.home" value="/usr/share/maven"/>
    <property name="file.separator" value="/"/>
    <property name="java.vendor.url.bug" value="http://bugreport.sun.com/bugreport/"/>
    <property name="sun.cpu.endian" value="little"/>
    <property name="sun.io.unicode.encoding" value="UnicodeLittle"/>
    <property name="sun.cpu.isalist" value=""/>
  </properties>
  <testcase classname="com.fincatto.documentofiscal.nfe310.classes.nota.NFNotaInfoItemProdutoTest" name="deveObterVeiculoComoFoiSetado" time="0"/>
  <testcase classname="com.fincatto.documentofiscal.nfe310.classes.nota.NFNotaInfoItemProdutoTest" name="naoDevePermitirCfopComTamanhoInvalido" time="0"/>
  <testcase classname="com.fincatto.documentofiscal.nfe310.classes.nota.NFNotaInfoItemProdutoTest" name="deveObterNumeroPedidoClienteComoFoiSetado" time="0.001"/>
  <testcase classname="com.fincatto.documentofiscal.nfe310.classes.nota.NFNotaInfoItemProdutoTest" name="devePermitirCombustivelNulo" time="0.005"/>
  <testcase classname="com.fincatto.documentofiscal.nfe310.classes.nota.NFNotaInfoItemProdutoTest" name="deveRetornarVazioCasoNaoPossuaCodigoDeBarras" time="0"/>
  <testcase classname="com.fincatto.documentofiscal.nfe310.classes.nota.NFNotaInfoItemProdutoTest" name="deveObterCombustivelComoFoiSetado" time="0.001"/>
  <testcase classname="com.fincatto.documentofiscal.nfe310.classes.nota.NFNotaInfoItemProdutoTest" name="deveObterValorUnitarioTributavelComoFoiSetado" time="0"/>
  <testcase classname="com.fincatto.documentofiscal.nfe310.classes.nota.NFNotaInfoItemProdutoTest" name="naoDevePermitirValorOutrasDespesasAcessoriasComTamanhoInvalido" time="0.001"/>
  <testcase classname="com.fincatto.documentofiscal.nfe310.classes.nota.NFNotaInfoItemProdutoTest" name="naoDevePermitirSetarRECOPICasoVeiculoMedicamentoCombustivelSetadoOuArmamento" time="0"/>
  <testcase classname="com.fincatto.documentofiscal.nfe310.classes.nota.NFNotaInfoItemProdutoTest" name="deveObterDetalhesExportacaoComoFoiSetado" time="0"/>
  <testcase classname="com.fincatto.documentofiscal.nfe310.classes.nota.NFNotaInfoItemProdutoTest" name="devePermitirDeclaracoesImportacaoNulo" time="0.005"/>
  <testcase classname="com.fincatto.documentofiscal.nfe310.classes.nota.NFNotaInfoItemProdutoTest" name="deveObterNumeroControleFCIComoFoiSetado" time="0"/>
  <testcase classname="com.fincatto.documentofiscal.nfe310.classes.nota.NFNotaInfoItemProdutoTest" name="naoDevePermitirNcmNulo" time="0"/>
  <testcase classname="com.fincatto.documentofiscal.nfe310.classes.nota.NFNotaInfoItemProdutoTest" name="deveObterCodigoEspecificadorSituacaoTributariaComoFoiSetado" time="0"/>
  <testcase classname="com.fincatto.documentofiscal.nfe310.classes.nota.NFNotaInfoItemProdutoTest" name="deveObterValorDescontoComoFoiSetado" time="0"/>
  <testcase classname="com.fincatto.documentofiscal.nfe310.classes.nota.NFNotaInfoItemProdutoTest" name="deveObterCodigoDeBarrasComoFoiSetado" time="0.001"/>
  <testcase classname="com.fincatto.documentofiscal.nfe310.classes.nota.NFNotaInfoItemProdutoTest" name="naoDevePermitirQuantidadeComercialNulo" time="0.003"/>
  <testcase classname="com.fincatto.documentofiscal.nfe310.classes.nota.NFNotaInfoItemProdutoTest" name="naoDevePermitirValorTotalBrutoNulo" time="0.002"/>
  <testcase classname="com.fincatto.documentofiscal.nfe310.classes.nota.NFNotaInfoItemProdutoTest" name="deveObterArmamentosComoFoiSetado" time="0"/>
  <testcase classname="com.fincatto.documentofiscal.nfe310.classes.nota.NFNotaInfoItemProdutoTest" name="naoDeveCodigoDeBarrasComTamanhoInvalido" time="0.001"/>
  <testcase classname="com.fincatto.documentofiscal.nfe310.classes.nota.NFNotaInfoItemProdutoTest" name="naoDevePermitirDescricaoComTamanhoInvalido" time="0"/>
  <testcase classname="com.fincatto.documentofiscal.nfe310.classes.nota.NFNotaInfoItemProdutoTest" name="deveObterNomeclaturaValorAduaneiroEstatisticaComoFoiSetado" time="0"/>
  <testcase classname="com.fincatto.documentofiscal.nfe310.classes.nota.NFNotaInfoItemProdutoTest" name="devePermitirVeiculoNulo" time="0.006"/>
  <testcase classname="com.fincatto.documentofiscal.nfe310.classes.nota.NFNotaInfoItemProdutoTest" name="naoDevePermitirValorTotalBrutoComTamanhoInvalido" time="0"/>
  <testcase classname="com.fincatto.documentofiscal.nfe310.classes.nota.NFNotaInfoItemProdutoTest" name="naoDevePermitirCodigoDeBarrasTributavelNulo" time="0"/>
  <testcase classname="com.fincatto.documentofiscal.nfe310.classes.nota.NFNotaInfoItemProdutoTest" name="naoDevePermitirSetarArmamentoCasoVeiculoMedicamentoCombustivelOuRECOPISetado" time="0"/>
  <testcase classname="com.fincatto.documentofiscal.nfe310.classes.nota.NFNotaInfoItemProdutoTest" name="deveObterDeclaracoesImportacaoComoFoiSetado" time="0"/>
  <testcase classname="com.fincatto.documentofiscal.nfe310.classes.nota.NFNotaInfoItemProdutoTest" name="devePermitirNumeroPedidoItemClienteNulo" time="0.005"/>
  <testcase classname="com.fincatto.documentofiscal.nfe310.classes.nota.NFNotaInfoItemProdutoTest" name="naoDevePermitirValorUnitarioTributavelComTamanhoInvalido" time="0"/>
  <testcase classname="com.fincatto.documentofiscal.nfe310.classes.nota.NFNotaInfoItemProdutoTest" name="devePermitirArmamentosNulo" time="0.006"/>
  <testcase classname="com.fincatto.documentofiscal.nfe310.classes.nota.NFNotaInfoItemProdutoTest" name="naoDevePermitirValorUnitarioComTamanhoInvalido" time="0"/>
  <testcase classname="com.fincatto.documentofiscal.nfe310.classes.nota.NFNotaInfoItemProdutoTest" name="naoDevePermitirCompoeValotNotaNulo" time="0"/>
  <testcase classname="com.fincatto.documentofiscal.nfe310.classes.nota.NFNotaInfoItemProdutoTest" name="naoDevePermitirUnidadeComercialNulo" time="0.001"/>
  <testcase classname="com.fincatto.documentofiscal.nfe310.classes.nota.NFNotaInfoItemProdutoTest" name="naoDevePermitirSetarMedicamentoCasoVeiculoArmamentoCombustivelOuRECOPISetado" time="0"/>
  <testcase classname="com.fincatto.documentofiscal.nfe310.classes.nota.NFNotaInfoItemProdutoTest" name="naoDevePermitirValorFreteComTamanhoInvalido" time="0"/>
  <testcase classname="com.fincatto.documentofiscal.nfe310.classes.nota.NFNotaInfoItemProdutoTest" name="naoDevePermitirUnidadeTributavelComTamanhoInvalido" time="0"/>
  <testcase classname="com.fincatto.documentofiscal.nfe310.classes.nota.NFNotaInfoItemProdutoTest" name="deveObterValorUnitarioComoFoiSetado" time="0.001"/>
  <testcase classname="com.fincatto.documentofiscal.nfe310.classes.nota.NFNotaInfoItemProdutoTest" name="naoDevePermitirCodigoDeBarrasNulo" time="0"/>
  <testcase classname="com.fincatto.documentofiscal.nfe310.classes.nota.NFNotaInfoItemProdutoTest" name="deveObterCfopComoFoiSetado" time="0"/>
  <testcase classname="com.fincatto.documentofiscal.nfe310.classes.nota.NFNotaInfoItemProdutoTest" name="naoDevePermitirCodigoComTamanhoInvalido" time="0"/>
  <testcase classname="com.fincatto.documentofiscal.nfe310.classes.nota.NFNotaInfoItemProdutoTest" name="devePermitirNumeroPedidoClienteNulo" time="0.004"/>
  <testcase classname="com.fincatto.documentofiscal.nfe310.classes.nota.NFNotaInfoItemProdutoTest" name="deveGerarTagsCeansVaziasQuandoProdutoNaoPossuiCodigoDeBarras" time="0.003"/>
  <testcase classname="com.fincatto.documentofiscal.nfe310.classes.nota.NFNotaInfoItemProdutoTest" name="naoDevePermitirNomeclaturaForaDoPadrao" time="0"/>
  <testcase classname="com.fincatto.documentofiscal.nfe310.classes.nota.NFNotaInfoItemProdutoTest" name="naoDevePermitirNumeroPedidoItemClienteComTamanhoInvalido" time="0"/>
  <testcase classname="com.fincatto.documentofiscal.nfe310.classes.nota.NFNotaInfoItemProdutoTest" name="naoDevePermitirQuantidadeTributavelComTamanhoInvalido" time="0"/>
  <testcase classname="com.fincatto.documentofiscal.nfe310.classes.nota.NFNotaInfoItemProdutoTest" name="deveObterCodigoComoFoiSetado" time="0"/>
  <testcase classname="com.fincatto.documentofiscal.nfe310.classes.nota.NFNotaInfoItemProdutoTest" name="devePermitirValorFreteNulo" time="0.005"/>
  <testcase classname="com.fincatto.documentofiscal.nfe310.classes.nota.NFNotaInfoItemProdutoTest" name="naoDevePermitirCESTComTamanhoInvalido" time="0"/>
  <testcase classname="com.fincatto.documentofiscal.nfe310.classes.nota.NFNotaInfoItemProdutoTest" name="deveGerarXMLComCeanECeanTribVaziosCasoSejaNuloAoSerParseado" time="0.068"/>
  <testcase classname="com.fincatto.documentofiscal.nfe310.classes.nota.NFNotaInfoItemProdutoTest" name="naoDevePermitirSetarVeiculoCasoArmamentoOuCombustivelOuRECOPISetado" time="0"/>
  <testcase classname="com.fincatto.documentofiscal.nfe310.classes.nota.NFNotaInfoItemProdutoTest" name="deveObterCampoeValorNotaComoFoiSetado" time="0"/>
  <testcase classname="com.fincatto.documentofiscal.nfe310.classes.nota.NFNotaInfoItemProdutoTest" name="naoDevePermitirNumeroPedidoClienteComTamanhoInvalido" time="0"/>
  <testcase classname="com.fincatto.documentofiscal.nfe310.classes.nota.NFNotaInfoItemProdutoTest" name="deveObterValorSeguroComoFoiSetado" time="0.001"/>
  <testcase classname="com.fincatto.documentofiscal.nfe310.classes.nota.NFNotaInfoItemProdutoTest" name="naoDevePermitirValorUnitarioNulo" time="0"/>
  <testcase classname="com.fincatto.documentofiscal.nfe310.classes.nota.NFNotaInfoItemProdutoTest" name="naoDevePermitirNcmComTamanhoInvalido" time="0.002"/>
  <testcase classname="com.fincatto.documentofiscal.nfe310.classes.nota.NFNotaInfoItemProdutoTest" name="deveGerarXMLDeAcordoComOPadraoEstabelecido" time="0.003"/>
  <testcase classname="com.fincatto.documentofiscal.nfe310.classes.nota.NFNotaInfoItemProdutoTest" name="naoDevePermitirQuantidadeTributavelNulo" time="0.001"/>
  <testcase classname="com.fincatto.documentofiscal.nfe310.classes.nota.NFNotaInfoItemProdutoTest" name="deveObterQuantidadeTributavelComoFoiSetado" time="0"/>
  <testcase classname="com.fincatto.documentofiscal.nfe310.classes.nota.NFNotaInfoItemProdutoTest" name="naoDevePermitirValorDescontoComTamanhoInvalido" time="0"/>
  <testcase classname="com.fincatto.documentofiscal.nfe310.classes.nota.NFNotaInfoItemProdutoTest" name="deveObterNcmComoFoiSetado" time="0"/>
  <testcase classname="com.fincatto.documentofiscal.nfe310.classes.nota.NFNotaInfoItemProdutoTest" name="devePermitirDescricaoNulo" time="0.003"/>
  <testcase classname="com.fincatto.documentofiscal.nfe310.classes.nota.NFNotaInfoItemProdutoTest" name="deveObterCodigoDeBarrasTributavelComoFoiSetado" time="0"/>
  <testcase classname="com.fincatto.documentofiscal.nfe310.classes.nota.NFNotaInfoItemProdutoTest" name="deveObterValorFreteComoFoiSetado" time="0"/>
  <testcase classname="com.fincatto.documentofiscal.nfe310.classes.nota.NFNotaInfoItemProdutoTest" name="naoDevePermitirUnidadeTributavelNulo" time="0.001"/>
  <testcase classname="com.fincatto.documentofiscal.nfe310.classes.nota.NFNotaInfoItemProdutoTest" name="naoDevePermitirDetalhesImportacaoTamanhoInvalido" time="0.022"/>
  <testcase classname="com.fincatto.documentofiscal.nfe310.classes.nota.NFNotaInfoItemProdutoTest" name="naoDevePermitirNumeroControleComFormatoInvalido" time="0"/>
  <testcase classname="com.fincatto.documentofiscal.nfe310.classes.nota.NFNotaInfoItemProdutoTest" name="naoDeveCodigoDeBarrasTributavelComTamanhoInvalido" time="0.001"/>
  <testcase classname="com.fincatto.documentofiscal.nfe310.classes.nota.NFNotaInfoItemProdutoTest" name="naoDevePermitirValorUnitarioTributavelNulo" time="0"/>
  <testcase classname="com.fincatto.documentofiscal.nfe310.classes.nota.NFNotaInfoItemProdutoTest" name="devePermitirValorOutrasDespesasAcessoriasNulo" time="0.006"/>
  <testcase classname="com.fincatto.documentofiscal.nfe310.classes.nota.NFNotaInfoItemProdutoTest" name="deveObterNumeroPedidoItemClienteComoFoiSetado" time="0"/>
  <testcase classname="com.fincatto.documentofiscal.nfe310.classes.nota.NFNotaInfoItemProdutoTest" name="deveObterNnidadeComercialComoFoiSetado" time="0"/>
  <testcase classname="com.fincatto.documentofiscal.nfe310.classes.nota.NFNotaInfoItemProdutoTest" name="deveObterNnidadeTributavelComoFoiSetado" time="0"/>
  <testcase classname="com.fincatto.documentofiscal.nfe310.classes.nota.NFNotaInfoItemProdutoTest" name="deveObterNumeroRECOPIComoFoiSetado" time="0"/>
  <testcase classname="com.fincatto.documentofiscal.nfe310.classes.nota.NFNotaInfoItemProdutoTest" name="deveObterValorTotalBrutoComoFoiSetado" time="0"/>
  <testcase classname="com.fincatto.documentofiscal.nfe310.classes.nota.NFNotaInfoItemProdutoTest" name="naoDevePermitirExtipiComTamanhoInvalido" time="0"/>
  <testcase classname="com.fincatto.documentofiscal.nfe310.classes.nota.NFNotaInfoItemProdutoTest" name="deveObterDescricaoComoFoiSetado" time="0"/>
  <testcase classname="com.fincatto.documentofiscal.nfe310.classes.nota.NFNotaInfoItemProdutoTest" name="devePermitirMedicamentosNulo" time="0.006"/>
  <testcase classname="com.fincatto.documentofiscal.nfe310.classes.nota.NFNotaInfoItemProdutoTest" name="naoDevePermitirCfopNulo" time="0.001"/>
  <testcase classname="com.fincatto.documentofiscal.nfe310.classes.nota.NFNotaInfoItemProdutoTest" name="deveObterValorOutrasDespesasAcessoriasComoFoiSetado" time="0"/>
  <testcase classname="com.fincatto.documentofiscal.nfe310.classes.nota.NFNotaInfoItemProdutoTest" name="devePermitirsetNomeclaturaValorAduaneiroEstatisticaNulo" time="0.005"/>
  <testcase classname="com.fincatto.documentofiscal.nfe310.classes.nota.NFNotaInfoItemProdutoTest" name="naoDevePermitirUnidadeComercialComTamanhoInvalido" time="0"/>
  <testcase classname="com.fincatto.documentofiscal.nfe310.classes.nota.NFNotaInfoItemProdutoTest" name="devePermitirValorSeguroNulo" time="0.005"/>
  <testcase classname="com.fincatto.documentofiscal.nfe310.classes.nota.NFNotaInfoItemProdutoTest" name="naoDevePermitirCodigoNulo" time="0.001"/>
  <testcase classname="com.fincatto.documentofiscal.nfe310.classes.nota.NFNotaInfoItemProdutoTest" name="devePermitirValorDescontoNulo" time="0.005"/>
  <testcase classname="com.fincatto.documentofiscal.nfe310.classes.nota.NFNotaInfoItemProdutoTest" name="deveObterQuantidadeComercialComoFoiSetado" time="0"/>
  <testcase classname="com.fincatto.documentofiscal.nfe310.classes.nota.NFNotaInfoItemProdutoTest" name="devePermitirExtipiNulo" time="0.005"/>
  <testcase classname="com.fincatto.documentofiscal.nfe310.classes.nota.NFNotaInfoItemProdutoTest" name="naoDevePermitirQuantidadeComercialComTamanhoInvalido" time="0"/>
  <testcase classname="com.fincatto.documentofiscal.nfe310.classes.nota.NFNotaInfoItemProdutoTest" name="naoDevePermitirValorSeguroComTamanhoInvalido" time="0"/>
  <testcase classname="com.fincatto.documentofiscal.nfe310.classes.nota.NFNotaInfoItemProdutoTest" name="deveObterMedicamentosComoFoiSetado" time="0"/>
  <testcase classname="com.fincatto.documentofiscal.nfe310.classes.nota.NFNotaInfoItemProdutoTest" name="deveObterExtipiComoFoiSetado" time="0"/>
  <testcase classname="com.fincatto.documentofiscal.nfe310.classes.nota.NFNotaInfoItemProdutoTest" name="devePermitirDetalhesExportacaoNulo" time="0.001"/>
</testsuite>