<?xml version="1.0" encoding="UTF-8"?>
<testsuite xmlns:xsi="http://www.w3.org/2001/XMLSchema-instance" xsi:schemaLocation="https://maven.apache.org/surefire/maven-surefire-plugin/xsd/surefire-test-report.xsd" name="org.springframework.data.redis.cache.DefaultRedisCacheWriterTests" time="0.003" tests="30" errors="30" skipped="0" failures="0">
  <properties>
    <property name="java.runtime.name" value="OpenJDK Runtime Environment"/>
    <property name="sun.boot.library.path" value="/usr/lib/jvm/java-8-openjdk-amd64/jre/lib/amd64"/>
    <property name="java.vm.version" value="25.121-b13"/>
    <property name="java.vm.vendor" value="Oracle Corporation"/>
    <property name="maven.multiModuleProjectDirectory" value="/root/workspace/spring-projects/spring-data-redis/388703425"/>
    <property name="java.vendor.url" value="http://java.oracle.com/"/>
    <property name="path.separator" value=":"/>
    <property name="guice.disable.misplaced.annotation.check" value="true"/>
    <property name="skip.gulp" value="true"/>
    <property name="java.vm.name" value="OpenJDK 64-Bit Server VM"/>
    <property name="file.encoding.pkg" value="sun.io"/>
    <property name="sun.java.launcher" value="SUN_STANDARD"/>
    <property name="sun.os.patch.level" value="unknown"/>
    <property name="findbugs.skip" value="true"/>
    <property name="java.vm.specification.name" value="Java Virtual Machine Specification"/>
    <property name="user.dir" value="/root/workspace/spring-projects/spring-data-redis/388703425"/>
    <property name="checkstyle.skip" value="true"/>
    <property name="java.runtime.version" value="1.8.0_121-8u121-b13-1~bpo8+1-b13"/>
    <property name="java.awt.graphicsenv" value="sun.awt.X11GraphicsEnvironment"/>
    <property name="skip.npm" value="true"/>
    <property name="java.endorsed.dirs" value="/usr/lib/jvm/java-8-openjdk-amd64/jre/lib/endorsed"/>
    <property name="os.arch" value="amd64"/>
    <property name="java.io.tmpdir" value="/tmp"/>
    <property name="gpg.skip" value="true"/>
    <property name="line.separator" value="&#10;"/>
    <property name="java.vm.specification.vendor" value="Oracle Corporation"/>
    <property name="cobertura.skip" value="true"/>
    <property name="os.name" value="Linux"/>
    <property name="classworlds.conf" value="/usr/share/maven/bin/m2.conf"/>
    <property name="sun.jnu.encoding" value="UTF-8"/>
    <property name="java.library.path" value="/usr/java/packages/lib/amd64:/usr/lib/x86_64-linux-gnu/jni:/lib/x86_64-linux-gnu:/usr/lib/x86_64-linux-gnu:/usr/lib/jni:/lib:/usr/lib"/>
    <property name="license.skip" value="true"/>
    <property name="java.specification.name" value="Java Platform API Specification"/>
    <property name="java.class.version" value="52.0"/>
    <property name="sun.management.compiler" value="HotSpot 64-Bit Tiered Compilers"/>
    <property name="skip.bower" value="true"/>
    <property name="maven.repo.local" value="/root/./workspace/spring-projects/spring-data-redis/388703425/.m2"/>
    <property name="os.version" value="3.10.0-862.3.2.el7.x86_64"/>
    <property name="user.home" value="/root"/>
    <property name="user.timezone" value="Europe/Paris"/>
    <property name="java.awt.printerjob" value="sun.print.PSPrinterJob"/>
    <property name="java.specification.version" value="1.8"/>
    <property name="file.encoding" value="UTF-8"/>
    <property name="user.name" value="root"/>
    <property name="java.class.path" value="/usr/share/maven/boot/plexus-classworlds-2.5.2.jar"/>
    <property name="skipITs" value="true"/>
    <property name="java.vm.specification.version" value="1.8"/>
    <property name="sun.arch.data.model" value="64"/>
    <property name="java.home" value="/usr/lib/jvm/java-8-openjdk-amd64/jre"/>
    <property name="sun.java.command" value="org.codehaus.plexus.classworlds.launcher.Launcher -B -D enforcer.skip=true -D dependency-check.skip=true -D skipITs=true -D cobertura.skip=true -D maven.repo.local=/root/./workspace/spring-projects/spring-data-redis/388703425/.m2 -D rat.skip=true -D findbugs.skip=true -D skip.bower=true -D gpg.skip=true -D checkstyle.skip=true -D skip.gulp=true -D license.skip=true -D skip.npm=true test"/>
    <property name="java.specification.vendor" value="Oracle Corporation"/>
    <property name="user.language" value="en"/>
    <property name="awt.toolkit" value="sun.awt.X11.XToolkit"/>
    <property name="dependency-check.skip" value="true"/>
    <property name="java.vm.info" value="mixed mode"/>
    <property name="java.version" value="1.8.0_121"/>
    <property name="java.ext.dirs" value="/usr/lib/jvm/java-8-openjdk-amd64/jre/lib/ext:/usr/java/packages/lib/ext"/>
    <property name="securerandom.source" value="file:/dev/./urandom"/>
    <property name="sun.boot.class.path" value="/usr/lib/jvm/java-8-openjdk-amd64/jre/lib/resources.jar:/usr/lib/jvm/java-8-openjdk-amd64/jre/lib/rt.jar:/usr/lib/jvm/java-8-openjdk-amd64/jre/lib/sunrsasign.jar:/usr/lib/jvm/java-8-openjdk-amd64/jre/lib/jsse.jar:/usr/lib/jvm/java-8-openjdk-amd64/jre/lib/jce.jar:/usr/lib/jvm/java-8-openjdk-amd64/jre/lib/charsets.jar:/usr/lib/jvm/java-8-openjdk-amd64/jre/lib/jfr.jar:/usr/lib/jvm/java-8-openjdk-amd64/jre/classes"/>
    <property name="java.vendor" value="Oracle Corporation"/>
    <property name="enforcer.skip" value="true"/>
    <property name="rat.skip" value="true"/>
    <property name="maven.home" value="/usr/share/maven"/>
    <property name="file.separator" value="/"/>
    <property name="java.vendor.url.bug" value="http://bugreport.sun.com/bugreport/"/>
    <property name="sun.cpu.endian" value="little"/>
    <property name="sun.io.unicode.encoding" value="UnicodeLittle"/>
    <property name="sun.cpu.isalist" value=""/>
  </properties>
  <testcase name="putIfAbsentShouldAddEternalEntryWhenKeyDoesNotExist[0: JedisConnectionFactory]" classname="org.springframework.data.redis.cache.DefaultRedisCacheWriterTests" time="0">
    <error message="Cannot get Jedis connection; nested exception is redis.clients.jedis.exceptions.JedisConnectionException: Could not get a resource from the pool" type="org.springframework.data.redis.RedisConnectionFailureException">org.springframework.data.redis.RedisConnectionFailureException: Cannot get Jedis connection; nested exception is redis.clients.jedis.exceptions.JedisConnectionException: Could not get a resource from the pool
	at org.springframework.data.redis.cache.DefaultRedisCacheWriterTests.doWithConnection(DefaultRedisCacheWriterTests.java:322)
	at org.springframework.data.redis.cache.DefaultRedisCacheWriterTests.setUp(DefaultRedisCacheWriterTests.java:85)
Caused by: redis.clients.jedis.exceptions.JedisConnectionException: Could not get a resource from the pool
	at org.springframework.data.redis.cache.DefaultRedisCacheWriterTests.doWithConnection(DefaultRedisCacheWriterTests.java:322)
	at org.springframework.data.redis.cache.DefaultRedisCacheWriterTests.setUp(DefaultRedisCacheWriterTests.java:85)
Caused by: redis.clients.jedis.exceptions.JedisConnectionException: java.net.ConnectException: Connection refused (Connection refused)
	at org.springframework.data.redis.cache.DefaultRedisCacheWriterTests.doWithConnection(DefaultRedisCacheWriterTests.java:322)
	at org.springframework.data.redis.cache.DefaultRedisCacheWriterTests.setUp(DefaultRedisCacheWriterTests.java:85)
Caused by: java.net.ConnectException: Connection refused (Connection refused)
	at org.springframework.data.redis.cache.DefaultRedisCacheWriterTests.doWithConnection(DefaultRedisCacheWriterTests.java:322)
	at org.springframework.data.redis.cache.DefaultRedisCacheWriterTests.setUp(DefaultRedisCacheWriterTests.java:85)
</error>
    <system-out><![CDATA[2018-06-06 13:23:52,458 ERROR       io.netty.util.ResourceLeakDetector: 171 - LEAK: HashedWheelTimer.release() was not called before it's garbage-collected. See http://netty.io/wiki/reference-counted-objects.html for more information.
Recent access records: 
Created at:
	io.netty.util.HashedWheelTimer.<init>(HashedWheelTimer.java:272)
	io.netty.util.HashedWheelTimer.<init>(HashedWheelTimer.java:216)
	io.netty.util.HashedWheelTimer.<init>(HashedWheelTimer.java:195)
	io.netty.util.HashedWheelTimer.<init>(HashedWheelTimer.java:177)
	io.netty.util.HashedWheelTimer.<init>(HashedWheelTimer.java:161)
	io.lettuce.core.resource.DefaultClientResources.<init>(DefaultClientResources.java:163)
	io.lettuce.core.resource.DefaultClientResources$Builder.build(DefaultClientResources.java:461)
	io.lettuce.core.resource.DefaultClientResources.create(DefaultClientResources.java:229)
	io.lettuce.core.AbstractRedisClient.<init>(AbstractRedisClient.java:97)
	io.lettuce.core.RedisClient.<init>(RedisClient.java:88)
	io.lettuce.core.RedisClient.create(RedisClient.java:125)
	org.springframework.data.redis.connection.lettuce.LettuceConnectionFactory.lambda$createClient$9(LettuceConnectionFactory.java:971)
	java.util.Optional.orElseGet(Optional.java:267)
	org.springframework.data.redis.connection.lettuce.LettuceConnectionFactory.createClient(LettuceConnectionFactory.java:971)
	org.springframework.data.redis.connection.lettuce.LettuceConnectionFactory.afterPropertiesSet(LettuceConnectionFactory.java:272)
	org.springframework.data.redis.cache.CacheTestParams.connectionFactories(CacheTestParams.java:65)
	org.springframework.data.redis.cache.CacheTestParams.connectionFactoriesAndSerializers(CacheTestParams.java:104)
	org.springframework.data.redis.cache.RedisCacheTests.testParams(RedisCacheTests.java:81)
	sun.reflect.NativeMethodAccessorImpl.invoke0(Native Method)
	sun.reflect.NativeMethodAccessorImpl.invoke(NativeMethodAccessorImpl.java:62)
	sun.reflect.DelegatingMethodAccessorImpl.invoke(DelegatingMethodAccessorImpl.java:43)
	java.lang.reflect.Method.invoke(Method.java:498)
	org.junit.runners.model.FrameworkMethod$1.runReflectiveCall(FrameworkMethod.java:50)
	org.junit.internal.runners.model.ReflectiveCallable.run(ReflectiveCallable.java:12)
	org.junit.runners.model.FrameworkMethod.invokeExplosively(FrameworkMethod.java:47)
	org.junit.runners.Parameterized.allParameters(Parameterized.java:280)
	org.junit.runners.Parameterized.<init>(Parameterized.java:248)
	sun.reflect.GeneratedConstructorAccessor42.newInstance(Unknown Source)
	sun.reflect.DelegatingConstructorAccessorImpl.newInstance(DelegatingConstructorAccessorImpl.java:45)
	java.lang.reflect.Constructor.newInstance(Constructor.java:423)
	org.junit.internal.builders.AnnotatedBuilder.buildRunner(AnnotatedBuilder.java:104)
	org.junit.internal.builders.AnnotatedBuilder.runnerForClass(AnnotatedBuilder.java:86)
	org.junit.runners.model.RunnerBuilder.safeRunnerForClass(RunnerBuilder.java:59)
	org.junit.internal.builders.AllDefaultPossibilitiesBuilder.runnerForClass(AllDefaultPossibilitiesBuilder.java:26)
	org.junit.runners.model.RunnerBuilder.safeRunnerForClass(RunnerBuilder.java:59)
	org.junit.internal.requests.ClassRequest.getRunner(ClassRequest.java:33)
	org.apache.maven.surefire.junit4.JUnit4Provider.execute(JUnit4Provider.java:364)
	org.apache.maven.surefire.junit4.JUnit4Provider.executeWithRerun(JUnit4Provider.java:274)
	org.apache.maven.surefire.junit4.JUnit4Provider.executeTestSet(JUnit4Provider.java:238)
	org.apache.maven.surefire.junit4.JUnit4Provider.invoke(JUnit4Provider.java:161)
	org.apache.maven.surefire.booter.ForkedBooter.invokeProviderInSameClassLoader(ForkedBooter.java:290)
	org.apache.maven.surefire.booter.ForkedBooter.runSuitesInProcess(ForkedBooter.java:242)
	org.apache.maven.surefire.booter.ForkedBooter.main(ForkedBooter.java:121)
]]></system-out>
    <system-err><![CDATA[Caused by: java.net.ConnectException: Connection refused (Connection refused)
	at java.net.PlainSocketImpl.socketConnect(Native Method)
	at java.net.AbstractPlainSocketImpl.doConnect(AbstractPlainSocketImpl.java:350)
	at java.net.AbstractPlainSocketImpl.connectToAddress(AbstractPlainSocketImpl.java:206)
	at java.net.AbstractPlainSocketImpl.connect(AbstractPlainSocketImpl.java:188)
	at java.net.SocksSocketImpl.connect(SocksSocketImpl.java:392)
	at java.net.Socket.connect(Socket.java:589)
	at redis.clients.jedis.Connection.connect(Connection.java:184)
	... 16 more
Exception in thread "Thread-361" org.springframework.data.redis.RedisConnectionFailureException: Cannot get Jedis connection; nested exception is redis.clients.jedis.exceptions.JedisConnectionException: Could not get a resource from the pool
	at org.springframework.data.redis.connection.jedis.JedisConnectionFactory.fetchJedisConnector(JedisConnectionFactory.java:281)
	at org.springframework.data.redis.connection.jedis.JedisConnectionFactory.getConnection(JedisConnectionFactory.java:464)
	at org.springframework.data.redis.cache.DefaultRedisCacheWriter.execute(DefaultRedisCacheWriter.java:238)
	at org.springframework.data.redis.cache.DefaultRedisCacheWriter.clean(DefaultRedisCacheWriter.java:171)
	at org.springframework.data.redis.cache.RedisCache.clear(RedisCache.java:187)
	at java.lang.Thread.run(Thread.java:745)
Caused by: redis.clients.jedis.exceptions.JedisConnectionException: Could not get a resource from the pool
	at redis.clients.util.Pool.getResource(Pool.java:53)
	at redis.clients.jedis.JedisPool.getResource(JedisPool.java:226)
	at redis.clients.jedis.JedisPool.getResource(JedisPool.java:16)
	at org.springframework.data.redis.connection.jedis.JedisConnectionFactory.fetchJedisConnector(JedisConnectionFactory.java:271)
	... 5 more
Caused by: redis.clients.jedis.exceptions.JedisConnectionException: java.net.ConnectException: Connection refused (Connection refused)
	at redis.clients.jedis.Connection.connect(Connection.java:207)
	at redis.clients.jedis.BinaryClient.connect(BinaryClient.java:93)
	at redis.clients.jedis.BinaryJedis.connect(BinaryJedis.java:1767)
	at redis.clients.jedis.JedisFactory.makeObject(JedisFactory.java:106)
	at org.apache.commons.pool2.impl.GenericObjectPool.create(GenericObjectPool.java:836)
	at org.apache.commons.pool2.impl.GenericObjectPool.borrowObject(GenericObjectPool.java:434)
	at org.apache.commons.pool2.impl.GenericObjectPool.borrowObject(GenericObjectPool.java:361)
	at redis.clients.util.Pool.getResource(Pool.java:49)
	... 8 more
Caused by: java.net.ConnectException: Connection refused (Connection refused)
	at java.net.PlainSocketImpl.socketConnect(Native Method)
	at java.net.AbstractPlainSocketImpl.doConnect(AbstractPlainSocketImpl.java:350)
	at java.net.AbstractPlainSocketImpl.connectToAddress(AbstractPlainSocketImpl.java:206)
	at java.net.AbstractPlainSocketImpl.connect(AbstractPlainSocketImpl.java:188)
	at java.net.SocksSocketImpl.connect(SocksSocketImpl.java:392)
	at java.net.Socket.connect(Socket.java:589)
	at redis.clients.jedis.Connection.connect(Connection.java:184)
	... 15 more
Exception in thread "Thread-360" org.springframework.data.redis.RedisConnectionFailureException: Cannot get Jedis connection; nested exception is redis.clients.jedis.exceptions.JedisConnectionException: Could not get a resource from the pool
	at org.springframework.data.redis.connection.jedis.JedisConnectionFactory.fetchJedisConnector(JedisConnectionFactory.java:281)
	at org.springframework.data.redis.connection.jedis.JedisConnectionFactory.getConnection(JedisConnectionFactory.java:464)
	at org.springframework.data.redis.cache.DefaultRedisCacheWriter.execute(DefaultRedisCacheWriter.java:238)
	at org.springframework.data.redis.cache.DefaultRedisCacheWriter.put(DefaultRedisCacheWriter.java:87)
	at org.springframework.data.redis.cache.RedisCache.put(RedisCache.java:144)
	at org.springframework.data.redis.cache.LegacyRedisCacheTests.lambda$testGetWhileClear$1(LegacyRedisCacheTests.java:220)
	at java.lang.Thread.run(Thread.java:745)
Caused by: redis.clients.jedis.exceptions.JedisConnectionException: Could not get a resource from the pool
	at redis.clients.util.Pool.getResource(Pool.java:53)
	at redis.clients.jedis.JedisPool.getResource(JedisPool.java:226)
	at redis.clients.jedis.JedisPool.getResource(JedisPool.java:16)
	at org.springframework.data.redis.connection.jedis.JedisConnectionFactory.fetchJedisConnector(JedisConnectionFactory.java:271)
	... 6 more
Caused by: redis.clients.jedis.exceptions.JedisConnectionException: java.net.ConnectException: Connection refused (Connection refused)
	at redis.clients.jedis.Connection.connect(Connection.java:207)
	at redis.clients.jedis.BinaryClient.connect(BinaryClient.java:93)
	at redis.clients.jedis.BinaryJedis.connect(BinaryJedis.java:1767)
	at redis.clients.jedis.JedisFactory.makeObject(JedisFactory.java:106)
	at org.apache.commons.pool2.impl.GenericObjectPool.create(GenericObjectPool.java:836)
	at org.apache.commons.pool2.impl.GenericObjectPool.borrowObject(GenericObjectPool.java:434)
	at org.apache.commons.pool2.impl.GenericObjectPool.borrowObject(GenericObjectPool.java:361)
	at redis.clients.util.Pool.getResource(Pool.java:49)
	... 9 more
Caused by: java.net.ConnectException: Connection refused (Connection refused)
	at java.net.PlainSocketImpl.socketConnect(Native Method)
	at java.net.AbstractPlainSocketImpl.doConnect(AbstractPlainSocketImpl.java:350)
	at java.net.AbstractPlainSocketImpl.connectToAddress(AbstractPlainSocketImpl.java:206)
	at java.net.AbstractPlainSocketImpl.connect(AbstractPlainSocketImpl.java:188)
	at java.net.SocksSocketImpl.connect(SocksSocketImpl.java:392)
	at java.net.Socket.connect(Socket.java:589)
	at redis.clients.jedis.Connection.connect(Connection.java:184)
	... 16 more
Exception in thread "Thread-359" org.springframework.data.redis.RedisConnectionFailureException: Cannot get Jedis connection; nested exception is redis.clients.jedis.exceptions.JedisConnectionException: Could not get a resource from the pool
	at org.springframework.data.redis.connection.jedis.JedisConnectionFactory.fetchJedisConnector(JedisConnectionFactory.java:281)
	at org.springframework.data.redis.connection.jedis.JedisConnectionFactory.getConnection(JedisConnectionFactory.java:464)
	at org.springframework.data.redis.cache.DefaultRedisCacheWriter.execute(DefaultRedisCacheWriter.java:238)
	at org.springframework.data.redis.cache.DefaultRedisCacheWriter.clean(DefaultRedisCacheWriter.java:171)
	at org.springframework.data.redis.cache.RedisCache.clear(RedisCache.java:187)
	at java.lang.Thread.run(Thread.java:745)
Caused by: redis.clients.jedis.exceptions.JedisConnectionException: Could not get a resource from the pool
	at redis.clients.util.Pool.getResource(Pool.java:53)
	at redis.clients.jedis.JedisPool.getResource(JedisPool.java:226)
	at redis.clients.jedis.JedisPool.getResource(JedisPool.java:16)
	at org.springframework.data.redis.connection.jedis.JedisConnectionFactory.fetchJedisConnector(JedisConnectionFactory.java:271)
	... 5 more
Caused by: redis.clients.jedis.exceptions.JedisConnectionException: java.net.ConnectException: Connection refused (Connection refused)
	at redis.clients.jedis.Connection.connect(Connection.java:207)
	at redis.clients.jedis.BinaryClient.connect(BinaryClient.java:93)
	at redis.clients.jedis.BinaryJedis.connect(BinaryJedis.java:1767)
	at redis.clients.jedis.JedisFactory.makeObject(JedisFactory.java:106)
	at org.apache.commons.pool2.impl.GenericObjectPool.create(GenericObjectPool.java:836)
	at org.apache.commons.pool2.impl.GenericObjectPool.borrowObject(GenericObjectPool.java:434)
	at org.apache.commons.pool2.impl.GenericObjectPool.borrowObject(GenericObjectPool.java:361)
	at redis.clients.util.Pool.getResource(Pool.java:49)
	... 8 more
Caused by: java.net.ConnectException: Connection refused (Connection refused)
	at java.net.PlainSocketImpl.socketConnect(Native Method)
	at java.net.AbstractPlainSocketImpl.doConnect(AbstractPlainSocketImpl.java:350)
	at java.net.AbstractPlainSocketImpl.connectToAddress(AbstractPlainSocketImpl.java:206)
	at java.net.AbstractPlainSocketImpl.connect(AbstractPlainSocketImpl.java:188)
	at java.net.SocksSocketImpl.connect(SocksSocketImpl.java:392)
	at java.net.Socket.connect(Socket.java:589)
	at redis.clients.jedis.Connection.connect(Connection.java:184)
	... 15 more
Exception in thread "Thread-358" org.springframework.data.redis.RedisConnectionFailureException: Cannot get Jedis connection; nested exception is redis.clients.jedis.exceptions.JedisConnectionException: Could not get a resource from the pool
	at org.springframework.data.redis.connection.jedis.JedisConnectionFactory.fetchJedisConnector(JedisConnectionFactory.java:281)
	at org.springframework.data.redis.connection.jedis.JedisConnectionFactory.getConnection(JedisConnectionFactory.java:464)
	at org.springframework.data.redis.cache.DefaultRedisCacheWriter.execute(DefaultRedisCacheWriter.java:238)
	at org.springframework.data.redis.cache.DefaultRedisCacheWriter.put(DefaultRedisCacheWriter.java:87)
	at org.springframework.data.redis.cache.RedisCache.put(RedisCache.java:144)
	at org.springframework.data.redis.cache.LegacyRedisCacheTests.lambda$testGetWhileClear$1(LegacyRedisCacheTests.java:220)
	at java.lang.Thread.run(Thread.java:745)
Caused by: redis.clients.jedis.exceptions.JedisConnectionException: Could not get a resource from the pool
	at redis.clients.util.Pool.getResource(Pool.java:53)
	at redis.clients.jedis.JedisPool.getResource(JedisPool.java:226)
	at redis.clients.jedis.JedisPool.getResource(JedisPool.java:16)
	at org.springframework.data.redis.connection.jedis.JedisConnectionFactory.fetchJedisConnector(JedisConnectionFactory.java:271)
	... 6 more
Caused by: redis.clients.jedis.exceptions.JedisConnectionException: java.net.ConnectException: Connection refused (Connection refused)
	at redis.clients.jedis.Connection.connect(Connection.java:207)
	at redis.clients.jedis.BinaryClient.connect(BinaryClient.java:93)
	at redis.clients.jedis.BinaryJedis.connect(BinaryJedis.java:1767)
	at redis.clients.jedis.JedisFactory.makeObject(JedisFactory.java:106)
	at org.apache.commons.pool2.impl.GenericObjectPool.create(GenericObjectPool.java:836)
	at org.apache.commons.pool2.impl.GenericObjectPool.borrowObject(GenericObjectPool.java:434)
	at org.apache.commons.pool2.impl.GenericObjectPool.borrowObject(GenericObjectPool.java:361)
	at redis.clients.util.Pool.getResource(Pool.java:49)
	... 9 more
Caused by: java.net.ConnectException: Connection refused (Connection refused)
	at java.net.PlainSocketImpl.socketConnect(Native Method)
	at java.net.AbstractPlainSocketImpl.doConnect(AbstractPlainSocketImpl.java:350)
	at java.net.AbstractPlainSocketImpl.connectToAddress(AbstractPlainSocketImpl.java:206)
	at java.net.AbstractPlainSocketImpl.connect(AbstractPlainSocketImpl.java:188)
	at java.net.SocksSocketImpl.connect(SocksSocketImpl.java:392)
	at java.net.Socket.connect(Socket.java:589)
	at redis.clients.jedis.Connection.connect(Connection.java:184)
	... 16 more
Exception in thread "Thread-356" org.springframework.data.redis.RedisConnectionFailureException: Cannot get Jedis connection; nested exception is redis.clients.jedis.exceptions.JedisConnectionException: Could not get a resource from the pool
	at org.springframework.data.redis.connection.jedis.JedisConnectionFactory.fetchJedisConnector(JedisConnectionFactory.java:281)
	at org.springframework.data.redis.connection.jedis.JedisConnectionFactory.getConnection(JedisConnectionFactory.java:464)
	at org.springframework.data.redis.cache.DefaultRedisCacheWriter.execute(DefaultRedisCacheWriter.java:238)
	at org.springframework.data.redis.cache.DefaultRedisCacheWriter.put(DefaultRedisCacheWriter.java:87)
	at org.springframework.data.redis.cache.RedisCache.put(RedisCache.java:144)
	at org.springframework.data.redis.cache.LegacyRedisCacheTests.lambda$testGetWhileClear$1(LegacyRedisCacheTests.java:220)
	at java.lang.Thread.run(Thread.java:745)
Caused by: redis.clients.jedis.exceptions.JedisConnectionException: Could not get a resource from the pool
	at redis.clients.util.Pool.getResource(Pool.java:53)
	at redis.clients.jedis.JedisPool.getResource(JedisPool.java:226)
	at redis.clients.jedis.JedisPool.getResource(JedisPool.java:16)
	at org.springframework.data.redis.connection.jedis.JedisConnectionFactory.fetchJedisConnector(JedisConnectionFactory.java:271)
	... 6 more
Caused by: redis.clients.jedis.exceptions.JedisConnectionException: java.net.ConnectException: Connection refused (Connection refused)
	at redis.clients.jedis.Connection.connect(Connection.java:207)
	at redis.clients.jedis.BinaryClient.connect(BinaryClient.java:93)
	at redis.clients.jedis.BinaryJedis.connect(BinaryJedis.java:1767)
	at redis.clients.jedis.JedisFactory.makeObject(JedisFactory.java:106)
	at org.apache.commons.pool2.impl.GenericObjectPool.create(GenericObjectPool.java:836)
	at org.apache.commons.pool2.impl.GenericObjectPool.borrowObject(GenericObjectPool.java:434)
	at org.apache.commons.pool2.impl.GenericObjectPool.borrowObject(GenericObjectPool.java:361)
	at redis.clients.util.Pool.getResource(Pool.java:49)
	... 9 more
Caused by: java.net.ConnectException: Connection refused (Connection refused)
	at java.net.PlainSocketImpl.socketConnect(Native Method)
	at java.net.AbstractPlainSocketImpl.doConnect(AbstractPlainSocketImpl.java:350)
	at java.net.AbstractPlainSocketImpl.connectToAddress(AbstractPlainSocketImpl.java:206)
	at java.net.AbstractPlainSocketImpl.connect(AbstractPlainSocketImpl.java:188)
	at java.net.SocksSocketImpl.connect(SocksSocketImpl.java:392)
	at java.net.Socket.connect(Socket.java:589)
	at redis.clients.jedis.Connection.connect(Connection.java:184)
	... 16 more
]]></system-err>
  </testcase>
  <testcase name="lockingCacheWriterShouldIgnoreExistingLockOnDifferenceCache[0: JedisConnectionFactory]" classname="org.springframework.data.redis.cache.DefaultRedisCacheWriterTests" time="0">
    <error message="Cannot get Jedis connection; nested exception is redis.clients.jedis.exceptions.JedisConnectionException: Could not get a resource from the pool" type="org.springframework.data.redis.RedisConnectionFailureException">org.springframework.data.redis.RedisConnectionFailureException: Cannot get Jedis connection; nested exception is redis.clients.jedis.exceptions.JedisConnectionException: Could not get a resource from the pool
	at org.springframework.data.redis.cache.DefaultRedisCacheWriterTests.doWithConnection(DefaultRedisCacheWriterTests.java:322)
	at org.springframework.data.redis.cache.DefaultRedisCacheWriterTests.setUp(DefaultRedisCacheWriterTests.java:85)
Caused by: redis.clients.jedis.exceptions.JedisConnectionException: Could not get a resource from the pool
	at org.springframework.data.redis.cache.DefaultRedisCacheWriterTests.doWithConnection(DefaultRedisCacheWriterTests.java:322)
	at org.springframework.data.redis.cache.DefaultRedisCacheWriterTests.setUp(DefaultRedisCacheWriterTests.java:85)
Caused by: redis.clients.jedis.exceptions.JedisConnectionException: java.net.ConnectException: Connection refused (Connection refused)
	at org.springframework.data.redis.cache.DefaultRedisCacheWriterTests.doWithConnection(DefaultRedisCacheWriterTests.java:322)
	at org.springframework.data.redis.cache.DefaultRedisCacheWriterTests.setUp(DefaultRedisCacheWriterTests.java:85)
Caused by: java.net.ConnectException: Connection refused (Connection refused)
	at org.springframework.data.redis.cache.DefaultRedisCacheWriterTests.doWithConnection(DefaultRedisCacheWriterTests.java:322)
	at org.springframework.data.redis.cache.DefaultRedisCacheWriterTests.setUp(DefaultRedisCacheWriterTests.java:85)
</error>
  </testcase>
  <testcase name="cleanShouldRemoveAllKeysByPattern[0: JedisConnectionFactory]" classname="org.springframework.data.redis.cache.DefaultRedisCacheWriterTests" time="0">
    <error message="Cannot get Jedis connection; nested exception is redis.clients.jedis.exceptions.JedisConnectionException: Could not get a resource from the pool" type="org.springframework.data.redis.RedisConnectionFailureException">org.springframework.data.redis.RedisConnectionFailureException: Cannot get Jedis connection; nested exception is redis.clients.jedis.exceptions.JedisConnectionException: Could not get a resource from the pool
	at org.springframework.data.redis.cache.DefaultRedisCacheWriterTests.doWithConnection(DefaultRedisCacheWriterTests.java:322)
	at org.springframework.data.redis.cache.DefaultRedisCacheWriterTests.setUp(DefaultRedisCacheWriterTests.java:85)
Caused by: redis.clients.jedis.exceptions.JedisConnectionException: Could not get a resource from the pool
	at org.springframework.data.redis.cache.DefaultRedisCacheWriterTests.doWithConnection(DefaultRedisCacheWriterTests.java:322)
	at org.springframework.data.redis.cache.DefaultRedisCacheWriterTests.setUp(DefaultRedisCacheWriterTests.java:85)
Caused by: redis.clients.jedis.exceptions.JedisConnectionException: java.net.ConnectException: Connection refused (Connection refused)
	at org.springframework.data.redis.cache.DefaultRedisCacheWriterTests.doWithConnection(DefaultRedisCacheWriterTests.java:322)
	at org.springframework.data.redis.cache.DefaultRedisCacheWriterTests.setUp(DefaultRedisCacheWriterTests.java:85)
Caused by: java.net.ConnectException: Connection refused (Connection refused)
	at org.springframework.data.redis.cache.DefaultRedisCacheWriterTests.doWithConnection(DefaultRedisCacheWriterTests.java:322)
	at org.springframework.data.redis.cache.DefaultRedisCacheWriterTests.setUp(DefaultRedisCacheWriterTests.java:85)
</error>
  </testcase>
  <testcase name="getShouldReturnNullWhenKeyDoesNotExist[0: JedisConnectionFactory]" classname="org.springframework.data.redis.cache.DefaultRedisCacheWriterTests" time="0">
    <error message="Cannot get Jedis connection; nested exception is redis.clients.jedis.exceptions.JedisConnectionException: Could not get a resource from the pool" type="org.springframework.data.redis.RedisConnectionFailureException">org.springframework.data.redis.RedisConnectionFailureException: Cannot get Jedis connection; nested exception is redis.clients.jedis.exceptions.JedisConnectionException: Could not get a resource from the pool
	at org.springframework.data.redis.cache.DefaultRedisCacheWriterTests.doWithConnection(DefaultRedisCacheWriterTests.java:322)
	at org.springframework.data.redis.cache.DefaultRedisCacheWriterTests.setUp(DefaultRedisCacheWriterTests.java:85)
Caused by: redis.clients.jedis.exceptions.JedisConnectionException: Could not get a resource from the pool
	at org.springframework.data.redis.cache.DefaultRedisCacheWriterTests.doWithConnection(DefaultRedisCacheWriterTests.java:322)
	at org.springframework.data.redis.cache.DefaultRedisCacheWriterTests.setUp(DefaultRedisCacheWriterTests.java:85)
Caused by: redis.clients.jedis.exceptions.JedisConnectionException: java.net.ConnectException: Connection refused (Connection refused)
	at org.springframework.data.redis.cache.DefaultRedisCacheWriterTests.doWithConnection(DefaultRedisCacheWriterTests.java:322)
	at org.springframework.data.redis.cache.DefaultRedisCacheWriterTests.setUp(DefaultRedisCacheWriterTests.java:85)
Caused by: java.net.ConnectException: Connection refused (Connection refused)
	at org.springframework.data.redis.cache.DefaultRedisCacheWriterTests.doWithConnection(DefaultRedisCacheWriterTests.java:322)
	at org.springframework.data.redis.cache.DefaultRedisCacheWriterTests.setUp(DefaultRedisCacheWriterTests.java:85)
</error>
  </testcase>
  <testcase name="putShouldOverwriteExistingEternalEntry[0: JedisConnectionFactory]" classname="org.springframework.data.redis.cache.DefaultRedisCacheWriterTests" time="0">
    <error message="Cannot get Jedis connection; nested exception is redis.clients.jedis.exceptions.JedisConnectionException: Could not get a resource from the pool" type="org.springframework.data.redis.RedisConnectionFailureException">org.springframework.data.redis.RedisConnectionFailureException: Cannot get Jedis connection; nested exception is redis.clients.jedis.exceptions.JedisConnectionException: Could not get a resource from the pool
	at org.springframework.data.redis.cache.DefaultRedisCacheWriterTests.doWithConnection(DefaultRedisCacheWriterTests.java:322)
	at org.springframework.data.redis.cache.DefaultRedisCacheWriterTests.setUp(DefaultRedisCacheWriterTests.java:85)
Caused by: redis.clients.jedis.exceptions.JedisConnectionException: Could not get a resource from the pool
	at org.springframework.data.redis.cache.DefaultRedisCacheWriterTests.doWithConnection(DefaultRedisCacheWriterTests.java:322)
	at org.springframework.data.redis.cache.DefaultRedisCacheWriterTests.setUp(DefaultRedisCacheWriterTests.java:85)
Caused by: redis.clients.jedis.exceptions.JedisConnectionException: java.net.ConnectException: Connection refused (Connection refused)
	at org.springframework.data.redis.cache.DefaultRedisCacheWriterTests.doWithConnection(DefaultRedisCacheWriterTests.java:322)
	at org.springframework.data.redis.cache.DefaultRedisCacheWriterTests.setUp(DefaultRedisCacheWriterTests.java:85)
Caused by: java.net.ConnectException: Connection refused (Connection refused)
	at org.springframework.data.redis.cache.DefaultRedisCacheWriterTests.doWithConnection(DefaultRedisCacheWriterTests.java:322)
	at org.springframework.data.redis.cache.DefaultRedisCacheWriterTests.setUp(DefaultRedisCacheWriterTests.java:85)
</error>
  </testcase>
  <testcase name="putIfAbsentShouldAddExpiringEntryWhenKeyDoesNotExist[0: JedisConnectionFactory]" classname="org.springframework.data.redis.cache.DefaultRedisCacheWriterTests" time="0">
    <error message="Cannot get Jedis connection; nested exception is redis.clients.jedis.exceptions.JedisConnectionException: Could not get a resource from the pool" type="org.springframework.data.redis.RedisConnectionFailureException">org.springframework.data.redis.RedisConnectionFailureException: Cannot get Jedis connection; nested exception is redis.clients.jedis.exceptions.JedisConnectionException: Could not get a resource from the pool
	at org.springframework.data.redis.cache.DefaultRedisCacheWriterTests.doWithConnection(DefaultRedisCacheWriterTests.java:322)
	at org.springframework.data.redis.cache.DefaultRedisCacheWriterTests.setUp(DefaultRedisCacheWriterTests.java:85)
Caused by: redis.clients.jedis.exceptions.JedisConnectionException: Could not get a resource from the pool
	at org.springframework.data.redis.cache.DefaultRedisCacheWriterTests.doWithConnection(DefaultRedisCacheWriterTests.java:322)
	at org.springframework.data.redis.cache.DefaultRedisCacheWriterTests.setUp(DefaultRedisCacheWriterTests.java:85)
Caused by: redis.clients.jedis.exceptions.JedisConnectionException: java.net.ConnectException: Connection refused (Connection refused)
	at org.springframework.data.redis.cache.DefaultRedisCacheWriterTests.doWithConnection(DefaultRedisCacheWriterTests.java:322)
	at org.springframework.data.redis.cache.DefaultRedisCacheWriterTests.setUp(DefaultRedisCacheWriterTests.java:85)
Caused by: java.net.ConnectException: Connection refused (Connection refused)
	at org.springframework.data.redis.cache.DefaultRedisCacheWriterTests.doWithConnection(DefaultRedisCacheWriterTests.java:322)
	at org.springframework.data.redis.cache.DefaultRedisCacheWriterTests.setUp(DefaultRedisCacheWriterTests.java:85)
</error>
  </testcase>
  <testcase name="putIfAbsentShouldNotAddEternalEntryWhenKeyAlreadyExist[0: JedisConnectionFactory]" classname="org.springframework.data.redis.cache.DefaultRedisCacheWriterTests" time="0">
    <error message="Cannot get Jedis connection; nested exception is redis.clients.jedis.exceptions.JedisConnectionException: Could not get a resource from the pool" type="org.springframework.data.redis.RedisConnectionFailureException">org.springframework.data.redis.RedisConnectionFailureException: Cannot get Jedis connection; nested exception is redis.clients.jedis.exceptions.JedisConnectionException: Could not get a resource from the pool
	at org.springframework.data.redis.cache.DefaultRedisCacheWriterTests.doWithConnection(DefaultRedisCacheWriterTests.java:322)
	at org.springframework.data.redis.cache.DefaultRedisCacheWriterTests.setUp(DefaultRedisCacheWriterTests.java:85)
Caused by: redis.clients.jedis.exceptions.JedisConnectionException: Could not get a resource from the pool
	at org.springframework.data.redis.cache.DefaultRedisCacheWriterTests.doWithConnection(DefaultRedisCacheWriterTests.java:322)
	at org.springframework.data.redis.cache.DefaultRedisCacheWriterTests.setUp(DefaultRedisCacheWriterTests.java:85)
Caused by: redis.clients.jedis.exceptions.JedisConnectionException: java.net.ConnectException: Connection refused (Connection refused)
	at org.springframework.data.redis.cache.DefaultRedisCacheWriterTests.doWithConnection(DefaultRedisCacheWriterTests.java:322)
	at org.springframework.data.redis.cache.DefaultRedisCacheWriterTests.setUp(DefaultRedisCacheWriterTests.java:85)
Caused by: java.net.ConnectException: Connection refused (Connection refused)
	at org.springframework.data.redis.cache.DefaultRedisCacheWriterTests.doWithConnection(DefaultRedisCacheWriterTests.java:322)
	at org.springframework.data.redis.cache.DefaultRedisCacheWriterTests.setUp(DefaultRedisCacheWriterTests.java:85)
</error>
  </testcase>
  <testcase name="putShouldOverwriteExistingExpiringEntryAndResetTtl[0: JedisConnectionFactory]" classname="org.springframework.data.redis.cache.DefaultRedisCacheWriterTests" time="0">
    <error message="Cannot get Jedis connection; nested exception is redis.clients.jedis.exceptions.JedisConnectionException: Could not get a resource from the pool" type="org.springframework.data.redis.RedisConnectionFailureException">org.springframework.data.redis.RedisConnectionFailureException: Cannot get Jedis connection; nested exception is redis.clients.jedis.exceptions.JedisConnectionException: Could not get a resource from the pool
	at org.springframework.data.redis.cache.DefaultRedisCacheWriterTests.doWithConnection(DefaultRedisCacheWriterTests.java:322)
	at org.springframework.data.redis.cache.DefaultRedisCacheWriterTests.setUp(DefaultRedisCacheWriterTests.java:85)
Caused by: redis.clients.jedis.exceptions.JedisConnectionException: Could not get a resource from the pool
	at org.springframework.data.redis.cache.DefaultRedisCacheWriterTests.doWithConnection(DefaultRedisCacheWriterTests.java:322)
	at org.springframework.data.redis.cache.DefaultRedisCacheWriterTests.setUp(DefaultRedisCacheWriterTests.java:85)
Caused by: redis.clients.jedis.exceptions.JedisConnectionException: java.net.ConnectException: Connection refused (Connection refused)
	at org.springframework.data.redis.cache.DefaultRedisCacheWriterTests.doWithConnection(DefaultRedisCacheWriterTests.java:322)
	at org.springframework.data.redis.cache.DefaultRedisCacheWriterTests.setUp(DefaultRedisCacheWriterTests.java:85)
Caused by: java.net.ConnectException: Connection refused (Connection refused)
	at org.springframework.data.redis.cache.DefaultRedisCacheWriterTests.doWithConnection(DefaultRedisCacheWriterTests.java:322)
	at org.springframework.data.redis.cache.DefaultRedisCacheWriterTests.setUp(DefaultRedisCacheWriterTests.java:85)
</error>
  </testcase>
  <testcase name="lockingCacheWriterShouldExitWhenInterruptedWaitForLockRelease[0: JedisConnectionFactory]" classname="org.springframework.data.redis.cache.DefaultRedisCacheWriterTests" time="0">
    <error message="Cannot get Jedis connection; nested exception is redis.clients.jedis.exceptions.JedisConnectionException: Could not get a resource from the pool" type="org.springframework.data.redis.RedisConnectionFailureException">org.springframework.data.redis.RedisConnectionFailureException: Cannot get Jedis connection; nested exception is redis.clients.jedis.exceptions.JedisConnectionException: Could not get a resource from the pool
	at org.springframework.data.redis.cache.DefaultRedisCacheWriterTests.doWithConnection(DefaultRedisCacheWriterTests.java:322)
	at org.springframework.data.redis.cache.DefaultRedisCacheWriterTests.setUp(DefaultRedisCacheWriterTests.java:85)
Caused by: redis.clients.jedis.exceptions.JedisConnectionException: Could not get a resource from the pool
	at org.springframework.data.redis.cache.DefaultRedisCacheWriterTests.doWithConnection(DefaultRedisCacheWriterTests.java:322)
	at org.springframework.data.redis.cache.DefaultRedisCacheWriterTests.setUp(DefaultRedisCacheWriterTests.java:85)
Caused by: redis.clients.jedis.exceptions.JedisConnectionException: java.net.ConnectException: Connection refused (Connection refused)
	at org.springframework.data.redis.cache.DefaultRedisCacheWriterTests.doWithConnection(DefaultRedisCacheWriterTests.java:322)
	at org.springframework.data.redis.cache.DefaultRedisCacheWriterTests.setUp(DefaultRedisCacheWriterTests.java:85)
Caused by: java.net.ConnectException: Connection refused (Connection refused)
	at org.springframework.data.redis.cache.DefaultRedisCacheWriterTests.doWithConnection(DefaultRedisCacheWriterTests.java:322)
	at org.springframework.data.redis.cache.DefaultRedisCacheWriterTests.setUp(DefaultRedisCacheWriterTests.java:85)
</error>
  </testcase>
  <testcase name="lockingCacheWriterShouldWaitForLockRelease[0: JedisConnectionFactory]" classname="org.springframework.data.redis.cache.DefaultRedisCacheWriterTests" time="0">
    <error message="Cannot get Jedis connection; nested exception is redis.clients.jedis.exceptions.JedisConnectionException: Could not get a resource from the pool" type="org.springframework.data.redis.RedisConnectionFailureException">org.springframework.data.redis.RedisConnectionFailureException: Cannot get Jedis connection; nested exception is redis.clients.jedis.exceptions.JedisConnectionException: Could not get a resource from the pool
	at org.springframework.data.redis.cache.DefaultRedisCacheWriterTests.doWithConnection(DefaultRedisCacheWriterTests.java:322)
	at org.springframework.data.redis.cache.DefaultRedisCacheWriterTests.setUp(DefaultRedisCacheWriterTests.java:85)
Caused by: redis.clients.jedis.exceptions.JedisConnectionException: Could not get a resource from the pool
	at org.springframework.data.redis.cache.DefaultRedisCacheWriterTests.doWithConnection(DefaultRedisCacheWriterTests.java:322)
	at org.springframework.data.redis.cache.DefaultRedisCacheWriterTests.setUp(DefaultRedisCacheWriterTests.java:85)
Caused by: redis.clients.jedis.exceptions.JedisConnectionException: java.net.ConnectException: Connection refused (Connection refused)
	at org.springframework.data.redis.cache.DefaultRedisCacheWriterTests.doWithConnection(DefaultRedisCacheWriterTests.java:322)
	at org.springframework.data.redis.cache.DefaultRedisCacheWriterTests.setUp(DefaultRedisCacheWriterTests.java:85)
Caused by: java.net.ConnectException: Connection refused (Connection refused)
	at org.springframework.data.redis.cache.DefaultRedisCacheWriterTests.doWithConnection(DefaultRedisCacheWriterTests.java:322)
	at org.springframework.data.redis.cache.DefaultRedisCacheWriterTests.setUp(DefaultRedisCacheWriterTests.java:85)
</error>
  </testcase>
  <testcase name="removeShouldDeleteEntry[0: JedisConnectionFactory]" classname="org.springframework.data.redis.cache.DefaultRedisCacheWriterTests" time="0">
    <error message="Cannot get Jedis connection; nested exception is redis.clients.jedis.exceptions.JedisConnectionException: Could not get a resource from the pool" type="org.springframework.data.redis.RedisConnectionFailureException">org.springframework.data.redis.RedisConnectionFailureException: Cannot get Jedis connection; nested exception is redis.clients.jedis.exceptions.JedisConnectionException: Could not get a resource from the pool
	at org.springframework.data.redis.cache.DefaultRedisCacheWriterTests.doWithConnection(DefaultRedisCacheWriterTests.java:322)
	at org.springframework.data.redis.cache.DefaultRedisCacheWriterTests.setUp(DefaultRedisCacheWriterTests.java:85)
Caused by: redis.clients.jedis.exceptions.JedisConnectionException: Could not get a resource from the pool
	at org.springframework.data.redis.cache.DefaultRedisCacheWriterTests.doWithConnection(DefaultRedisCacheWriterTests.java:322)
	at org.springframework.data.redis.cache.DefaultRedisCacheWriterTests.setUp(DefaultRedisCacheWriterTests.java:85)
Caused by: redis.clients.jedis.exceptions.JedisConnectionException: java.net.ConnectException: Connection refused (Connection refused)
	at org.springframework.data.redis.cache.DefaultRedisCacheWriterTests.doWithConnection(DefaultRedisCacheWriterTests.java:322)
	at org.springframework.data.redis.cache.DefaultRedisCacheWriterTests.setUp(DefaultRedisCacheWriterTests.java:85)
Caused by: java.net.ConnectException: Connection refused (Connection refused)
	at org.springframework.data.redis.cache.DefaultRedisCacheWriterTests.doWithConnection(DefaultRedisCacheWriterTests.java:322)
	at org.springframework.data.redis.cache.DefaultRedisCacheWriterTests.setUp(DefaultRedisCacheWriterTests.java:85)
</error>
  </testcase>
  <testcase name="nonLockingCacheWriterShouldIgnoreExistingLock[0: JedisConnectionFactory]" classname="org.springframework.data.redis.cache.DefaultRedisCacheWriterTests" time="0">
    <error message="Cannot get Jedis connection; nested exception is redis.clients.jedis.exceptions.JedisConnectionException: Could not get a resource from the pool" type="org.springframework.data.redis.RedisConnectionFailureException">org.springframework.data.redis.RedisConnectionFailureException: Cannot get Jedis connection; nested exception is redis.clients.jedis.exceptions.JedisConnectionException: Could not get a resource from the pool
	at org.springframework.data.redis.cache.DefaultRedisCacheWriterTests.doWithConnection(DefaultRedisCacheWriterTests.java:322)
	at org.springframework.data.redis.cache.DefaultRedisCacheWriterTests.setUp(DefaultRedisCacheWriterTests.java:85)
Caused by: redis.clients.jedis.exceptions.JedisConnectionException: Could not get a resource from the pool
	at org.springframework.data.redis.cache.DefaultRedisCacheWriterTests.doWithConnection(DefaultRedisCacheWriterTests.java:322)
	at org.springframework.data.redis.cache.DefaultRedisCacheWriterTests.setUp(DefaultRedisCacheWriterTests.java:85)
Caused by: redis.clients.jedis.exceptions.JedisConnectionException: java.net.ConnectException: Connection refused (Connection refused)
	at org.springframework.data.redis.cache.DefaultRedisCacheWriterTests.doWithConnection(DefaultRedisCacheWriterTests.java:322)
	at org.springframework.data.redis.cache.DefaultRedisCacheWriterTests.setUp(DefaultRedisCacheWriterTests.java:85)
Caused by: java.net.ConnectException: Connection refused (Connection refused)
	at org.springframework.data.redis.cache.DefaultRedisCacheWriterTests.doWithConnection(DefaultRedisCacheWriterTests.java:322)
	at org.springframework.data.redis.cache.DefaultRedisCacheWriterTests.setUp(DefaultRedisCacheWriterTests.java:85)
</error>
  </testcase>
  <testcase name="putShouldAddEternalEntry[0: JedisConnectionFactory]" classname="org.springframework.data.redis.cache.DefaultRedisCacheWriterTests" time="0">
    <error message="Cannot get Jedis connection; nested exception is redis.clients.jedis.exceptions.JedisConnectionException: Could not get a resource from the pool" type="org.springframework.data.redis.RedisConnectionFailureException">org.springframework.data.redis.RedisConnectionFailureException: Cannot get Jedis connection; nested exception is redis.clients.jedis.exceptions.JedisConnectionException: Could not get a resource from the pool
	at org.springframework.data.redis.cache.DefaultRedisCacheWriterTests.doWithConnection(DefaultRedisCacheWriterTests.java:322)
	at org.springframework.data.redis.cache.DefaultRedisCacheWriterTests.setUp(DefaultRedisCacheWriterTests.java:85)
Caused by: redis.clients.jedis.exceptions.JedisConnectionException: Could not get a resource from the pool
	at org.springframework.data.redis.cache.DefaultRedisCacheWriterTests.doWithConnection(DefaultRedisCacheWriterTests.java:322)
	at org.springframework.data.redis.cache.DefaultRedisCacheWriterTests.setUp(DefaultRedisCacheWriterTests.java:85)
Caused by: redis.clients.jedis.exceptions.JedisConnectionException: java.net.ConnectException: Connection refused (Connection refused)
	at org.springframework.data.redis.cache.DefaultRedisCacheWriterTests.doWithConnection(DefaultRedisCacheWriterTests.java:322)
	at org.springframework.data.redis.cache.DefaultRedisCacheWriterTests.setUp(DefaultRedisCacheWriterTests.java:85)
Caused by: java.net.ConnectException: Connection refused (Connection refused)
	at org.springframework.data.redis.cache.DefaultRedisCacheWriterTests.doWithConnection(DefaultRedisCacheWriterTests.java:322)
	at org.springframework.data.redis.cache.DefaultRedisCacheWriterTests.setUp(DefaultRedisCacheWriterTests.java:85)
</error>
  </testcase>
  <testcase name="getShouldReturnValue[0: JedisConnectionFactory]" classname="org.springframework.data.redis.cache.DefaultRedisCacheWriterTests" time="0">
    <error message="Cannot get Jedis connection; nested exception is redis.clients.jedis.exceptions.JedisConnectionException: Could not get a resource from the pool" type="org.springframework.data.redis.RedisConnectionFailureException">org.springframework.data.redis.RedisConnectionFailureException: Cannot get Jedis connection; nested exception is redis.clients.jedis.exceptions.JedisConnectionException: Could not get a resource from the pool
	at org.springframework.data.redis.cache.DefaultRedisCacheWriterTests.doWithConnection(DefaultRedisCacheWriterTests.java:322)
	at org.springframework.data.redis.cache.DefaultRedisCacheWriterTests.setUp(DefaultRedisCacheWriterTests.java:85)
Caused by: redis.clients.jedis.exceptions.JedisConnectionException: Could not get a resource from the pool
	at org.springframework.data.redis.cache.DefaultRedisCacheWriterTests.doWithConnection(DefaultRedisCacheWriterTests.java:322)
	at org.springframework.data.redis.cache.DefaultRedisCacheWriterTests.setUp(DefaultRedisCacheWriterTests.java:85)
Caused by: redis.clients.jedis.exceptions.JedisConnectionException: java.net.ConnectException: Connection refused (Connection refused)
	at org.springframework.data.redis.cache.DefaultRedisCacheWriterTests.doWithConnection(DefaultRedisCacheWriterTests.java:322)
	at org.springframework.data.redis.cache.DefaultRedisCacheWriterTests.setUp(DefaultRedisCacheWriterTests.java:85)
Caused by: java.net.ConnectException: Connection refused (Connection refused)
	at org.springframework.data.redis.cache.DefaultRedisCacheWriterTests.doWithConnection(DefaultRedisCacheWriterTests.java:322)
	at org.springframework.data.redis.cache.DefaultRedisCacheWriterTests.setUp(DefaultRedisCacheWriterTests.java:85)
</error>
  </testcase>
  <testcase name="putShouldAddExpiringEntry[0: JedisConnectionFactory]" classname="org.springframework.data.redis.cache.DefaultRedisCacheWriterTests" time="0">
    <error message="Cannot get Jedis connection; nested exception is redis.clients.jedis.exceptions.JedisConnectionException: Could not get a resource from the pool" type="org.springframework.data.redis.RedisConnectionFailureException">org.springframework.data.redis.RedisConnectionFailureException: Cannot get Jedis connection; nested exception is redis.clients.jedis.exceptions.JedisConnectionException: Could not get a resource from the pool
	at org.springframework.data.redis.cache.DefaultRedisCacheWriterTests.doWithConnection(DefaultRedisCacheWriterTests.java:322)
	at org.springframework.data.redis.cache.DefaultRedisCacheWriterTests.setUp(DefaultRedisCacheWriterTests.java:85)
Caused by: redis.clients.jedis.exceptions.JedisConnectionException: Could not get a resource from the pool
	at org.springframework.data.redis.cache.DefaultRedisCacheWriterTests.doWithConnection(DefaultRedisCacheWriterTests.java:322)
	at org.springframework.data.redis.cache.DefaultRedisCacheWriterTests.setUp(DefaultRedisCacheWriterTests.java:85)
Caused by: redis.clients.jedis.exceptions.JedisConnectionException: java.net.ConnectException: Connection refused (Connection refused)
	at org.springframework.data.redis.cache.DefaultRedisCacheWriterTests.doWithConnection(DefaultRedisCacheWriterTests.java:322)
	at org.springframework.data.redis.cache.DefaultRedisCacheWriterTests.setUp(DefaultRedisCacheWriterTests.java:85)
Caused by: java.net.ConnectException: Connection refused (Connection refused)
	at org.springframework.data.redis.cache.DefaultRedisCacheWriterTests.doWithConnection(DefaultRedisCacheWriterTests.java:322)
	at org.springframework.data.redis.cache.DefaultRedisCacheWriterTests.setUp(DefaultRedisCacheWriterTests.java:85)
</error>
  </testcase>
  <testcase name="putIfAbsentShouldAddEternalEntryWhenKeyDoesNotExist[1: LettuceConnectionFactory]" classname="org.springframework.data.redis.cache.DefaultRedisCacheWriterTests" time="0">
    <error message="Cannot get Jedis connection; nested exception is redis.clients.jedis.exceptions.JedisConnectionException: Could not get a resource from the pool" type="org.springframework.data.redis.RedisConnectionFailureException">org.springframework.data.redis.RedisConnectionFailureException: Cannot get Jedis connection; nested exception is redis.clients.jedis.exceptions.JedisConnectionException: Could not get a resource from the pool
	at org.springframework.data.redis.cache.DefaultRedisCacheWriterTests.doWithConnection(DefaultRedisCacheWriterTests.java:322)
	at org.springframework.data.redis.cache.DefaultRedisCacheWriterTests.setUp(DefaultRedisCacheWriterTests.java:85)
Caused by: redis.clients.jedis.exceptions.JedisConnectionException: Could not get a resource from the pool
	at org.springframework.data.redis.cache.DefaultRedisCacheWriterTests.doWithConnection(DefaultRedisCacheWriterTests.java:322)
	at org.springframework.data.redis.cache.DefaultRedisCacheWriterTests.setUp(DefaultRedisCacheWriterTests.java:85)
Caused by: redis.clients.jedis.exceptions.JedisConnectionException: java.net.ConnectException: Connection refused (Connection refused)
	at org.springframework.data.redis.cache.DefaultRedisCacheWriterTests.doWithConnection(DefaultRedisCacheWriterTests.java:322)
	at org.springframework.data.redis.cache.DefaultRedisCacheWriterTests.setUp(DefaultRedisCacheWriterTests.java:85)
Caused by: java.net.ConnectException: Connection refused (Connection refused)
	at org.springframework.data.redis.cache.DefaultRedisCacheWriterTests.doWithConnection(DefaultRedisCacheWriterTests.java:322)
	at org.springframework.data.redis.cache.DefaultRedisCacheWriterTests.setUp(DefaultRedisCacheWriterTests.java:85)
</error>
  </testcase>
  <testcase name="lockingCacheWriterShouldIgnoreExistingLockOnDifferenceCache[1: LettuceConnectionFactory]" classname="org.springframework.data.redis.cache.DefaultRedisCacheWriterTests" time="0">
    <error message="Cannot get Jedis connection; nested exception is redis.clients.jedis.exceptions.JedisConnectionException: Could not get a resource from the pool" type="org.springframework.data.redis.RedisConnectionFailureException">org.springframework.data.redis.RedisConnectionFailureException: Cannot get Jedis connection; nested exception is redis.clients.jedis.exceptions.JedisConnectionException: Could not get a resource from the pool
	at org.springframework.data.redis.cache.DefaultRedisCacheWriterTests.doWithConnection(DefaultRedisCacheWriterTests.java:322)
	at org.springframework.data.redis.cache.DefaultRedisCacheWriterTests.setUp(DefaultRedisCacheWriterTests.java:85)
Caused by: redis.clients.jedis.exceptions.JedisConnectionException: Could not get a resource from the pool
	at org.springframework.data.redis.cache.DefaultRedisCacheWriterTests.doWithConnection(DefaultRedisCacheWriterTests.java:322)
	at org.springframework.data.redis.cache.DefaultRedisCacheWriterTests.setUp(DefaultRedisCacheWriterTests.java:85)
Caused by: redis.clients.jedis.exceptions.JedisConnectionException: java.net.ConnectException: Connection refused (Connection refused)
	at org.springframework.data.redis.cache.DefaultRedisCacheWriterTests.doWithConnection(DefaultRedisCacheWriterTests.java:322)
	at org.springframework.data.redis.cache.DefaultRedisCacheWriterTests.setUp(DefaultRedisCacheWriterTests.java:85)
Caused by: java.net.ConnectException: Connection refused (Connection refused)
	at org.springframework.data.redis.cache.DefaultRedisCacheWriterTests.doWithConnection(DefaultRedisCacheWriterTests.java:322)
	at org.springframework.data.redis.cache.DefaultRedisCacheWriterTests.setUp(DefaultRedisCacheWriterTests.java:85)
</error>
  </testcase>
  <testcase name="cleanShouldRemoveAllKeysByPattern[1: LettuceConnectionFactory]" classname="org.springframework.data.redis.cache.DefaultRedisCacheWriterTests" time="0">
    <error message="Cannot get Jedis connection; nested exception is redis.clients.jedis.exceptions.JedisConnectionException: Could not get a resource from the pool" type="org.springframework.data.redis.RedisConnectionFailureException">org.springframework.data.redis.RedisConnectionFailureException: Cannot get Jedis connection; nested exception is redis.clients.jedis.exceptions.JedisConnectionException: Could not get a resource from the pool
	at org.springframework.data.redis.cache.DefaultRedisCacheWriterTests.doWithConnection(DefaultRedisCacheWriterTests.java:322)
	at org.springframework.data.redis.cache.DefaultRedisCacheWriterTests.setUp(DefaultRedisCacheWriterTests.java:85)
Caused by: redis.clients.jedis.exceptions.JedisConnectionException: Could not get a resource from the pool
	at org.springframework.data.redis.cache.DefaultRedisCacheWriterTests.doWithConnection(DefaultRedisCacheWriterTests.java:322)
	at org.springframework.data.redis.cache.DefaultRedisCacheWriterTests.setUp(DefaultRedisCacheWriterTests.java:85)
Caused by: redis.clients.jedis.exceptions.JedisConnectionException: java.net.ConnectException: Connection refused (Connection refused)
	at org.springframework.data.redis.cache.DefaultRedisCacheWriterTests.doWithConnection(DefaultRedisCacheWriterTests.java:322)
	at org.springframework.data.redis.cache.DefaultRedisCacheWriterTests.setUp(DefaultRedisCacheWriterTests.java:85)
Caused by: java.net.ConnectException: Connection refused (Connection refused)
	at org.springframework.data.redis.cache.DefaultRedisCacheWriterTests.doWithConnection(DefaultRedisCacheWriterTests.java:322)
	at org.springframework.data.redis.cache.DefaultRedisCacheWriterTests.setUp(DefaultRedisCacheWriterTests.java:85)
</error>
  </testcase>
  <testcase name="getShouldReturnNullWhenKeyDoesNotExist[1: LettuceConnectionFactory]" classname="org.springframework.data.redis.cache.DefaultRedisCacheWriterTests" time="0">
    <error message="Cannot get Jedis connection; nested exception is redis.clients.jedis.exceptions.JedisConnectionException: Could not get a resource from the pool" type="org.springframework.data.redis.RedisConnectionFailureException">org.springframework.data.redis.RedisConnectionFailureException: Cannot get Jedis connection; nested exception is redis.clients.jedis.exceptions.JedisConnectionException: Could not get a resource from the pool
	at org.springframework.data.redis.cache.DefaultRedisCacheWriterTests.doWithConnection(DefaultRedisCacheWriterTests.java:322)
	at org.springframework.data.redis.cache.DefaultRedisCacheWriterTests.setUp(DefaultRedisCacheWriterTests.java:85)
Caused by: redis.clients.jedis.exceptions.JedisConnectionException: Could not get a resource from the pool
	at org.springframework.data.redis.cache.DefaultRedisCacheWriterTests.doWithConnection(DefaultRedisCacheWriterTests.java:322)
	at org.springframework.data.redis.cache.DefaultRedisCacheWriterTests.setUp(DefaultRedisCacheWriterTests.java:85)
Caused by: redis.clients.jedis.exceptions.JedisConnectionException: java.net.ConnectException: Connection refused (Connection refused)
	at org.springframework.data.redis.cache.DefaultRedisCacheWriterTests.doWithConnection(DefaultRedisCacheWriterTests.java:322)
	at org.springframework.data.redis.cache.DefaultRedisCacheWriterTests.setUp(DefaultRedisCacheWriterTests.java:85)
Caused by: java.net.ConnectException: Connection refused (Connection refused)
	at org.springframework.data.redis.cache.DefaultRedisCacheWriterTests.doWithConnection(DefaultRedisCacheWriterTests.java:322)
	at org.springframework.data.redis.cache.DefaultRedisCacheWriterTests.setUp(DefaultRedisCacheWriterTests.java:85)
</error>
  </testcase>
  <testcase name="putShouldOverwriteExistingEternalEntry[1: LettuceConnectionFactory]" classname="org.springframework.data.redis.cache.DefaultRedisCacheWriterTests" time="0">
    <error message="Cannot get Jedis connection; nested exception is redis.clients.jedis.exceptions.JedisConnectionException: Could not get a resource from the pool" type="org.springframework.data.redis.RedisConnectionFailureException">org.springframework.data.redis.RedisConnectionFailureException: Cannot get Jedis connection; nested exception is redis.clients.jedis.exceptions.JedisConnectionException: Could not get a resource from the pool
	at org.springframework.data.redis.cache.DefaultRedisCacheWriterTests.doWithConnection(DefaultRedisCacheWriterTests.java:322)
	at org.springframework.data.redis.cache.DefaultRedisCacheWriterTests.setUp(DefaultRedisCacheWriterTests.java:85)
Caused by: redis.clients.jedis.exceptions.JedisConnectionException: Could not get a resource from the pool
	at org.springframework.data.redis.cache.DefaultRedisCacheWriterTests.doWithConnection(DefaultRedisCacheWriterTests.java:322)
	at org.springframework.data.redis.cache.DefaultRedisCacheWriterTests.setUp(DefaultRedisCacheWriterTests.java:85)
Caused by: redis.clients.jedis.exceptions.JedisConnectionException: java.net.ConnectException: Connection refused (Connection refused)
	at org.springframework.data.redis.cache.DefaultRedisCacheWriterTests.doWithConnection(DefaultRedisCacheWriterTests.java:322)
	at org.springframework.data.redis.cache.DefaultRedisCacheWriterTests.setUp(DefaultRedisCacheWriterTests.java:85)
Caused by: java.net.ConnectException: Connection refused (Connection refused)
	at org.springframework.data.redis.cache.DefaultRedisCacheWriterTests.doWithConnection(DefaultRedisCacheWriterTests.java:322)
	at org.springframework.data.redis.cache.DefaultRedisCacheWriterTests.setUp(DefaultRedisCacheWriterTests.java:85)
</error>
  </testcase>
  <testcase name="putIfAbsentShouldAddExpiringEntryWhenKeyDoesNotExist[1: LettuceConnectionFactory]" classname="org.springframework.data.redis.cache.DefaultRedisCacheWriterTests" time="0">
    <error message="Cannot get Jedis connection; nested exception is redis.clients.jedis.exceptions.JedisConnectionException: Could not get a resource from the pool" type="org.springframework.data.redis.RedisConnectionFailureException">org.springframework.data.redis.RedisConnectionFailureException: Cannot get Jedis connection; nested exception is redis.clients.jedis.exceptions.JedisConnectionException: Could not get a resource from the pool
	at org.springframework.data.redis.cache.DefaultRedisCacheWriterTests.doWithConnection(DefaultRedisCacheWriterTests.java:322)
	at org.springframework.data.redis.cache.DefaultRedisCacheWriterTests.setUp(DefaultRedisCacheWriterTests.java:85)
Caused by: redis.clients.jedis.exceptions.JedisConnectionException: Could not get a resource from the pool
	at org.springframework.data.redis.cache.DefaultRedisCacheWriterTests.doWithConnection(DefaultRedisCacheWriterTests.java:322)
	at org.springframework.data.redis.cache.DefaultRedisCacheWriterTests.setUp(DefaultRedisCacheWriterTests.java:85)
Caused by: redis.clients.jedis.exceptions.JedisConnectionException: java.net.ConnectException: Connection refused (Connection refused)
	at org.springframework.data.redis.cache.DefaultRedisCacheWriterTests.doWithConnection(DefaultRedisCacheWriterTests.java:322)
	at org.springframework.data.redis.cache.DefaultRedisCacheWriterTests.setUp(DefaultRedisCacheWriterTests.java:85)
Caused by: java.net.ConnectException: Connection refused (Connection refused)
	at org.springframework.data.redis.cache.DefaultRedisCacheWriterTests.doWithConnection(DefaultRedisCacheWriterTests.java:322)
	at org.springframework.data.redis.cache.DefaultRedisCacheWriterTests.setUp(DefaultRedisCacheWriterTests.java:85)
</error>
  </testcase>
  <testcase name="putIfAbsentShouldNotAddEternalEntryWhenKeyAlreadyExist[1: LettuceConnectionFactory]" classname="org.springframework.data.redis.cache.DefaultRedisCacheWriterTests" time="0">
    <error message="Cannot get Jedis connection; nested exception is redis.clients.jedis.exceptions.JedisConnectionException: Could not get a resource from the pool" type="org.springframework.data.redis.RedisConnectionFailureException">org.springframework.data.redis.RedisConnectionFailureException: Cannot get Jedis connection; nested exception is redis.clients.jedis.exceptions.JedisConnectionException: Could not get a resource from the pool
	at org.springframework.data.redis.cache.DefaultRedisCacheWriterTests.doWithConnection(DefaultRedisCacheWriterTests.java:322)
	at org.springframework.data.redis.cache.DefaultRedisCacheWriterTests.setUp(DefaultRedisCacheWriterTests.java:85)
Caused by: redis.clients.jedis.exceptions.JedisConnectionException: Could not get a resource from the pool
	at org.springframework.data.redis.cache.DefaultRedisCacheWriterTests.doWithConnection(DefaultRedisCacheWriterTests.java:322)
	at org.springframework.data.redis.cache.DefaultRedisCacheWriterTests.setUp(DefaultRedisCacheWriterTests.java:85)
Caused by: redis.clients.jedis.exceptions.JedisConnectionException: java.net.ConnectException: Connection refused (Connection refused)
	at org.springframework.data.redis.cache.DefaultRedisCacheWriterTests.doWithConnection(DefaultRedisCacheWriterTests.java:322)
	at org.springframework.data.redis.cache.DefaultRedisCacheWriterTests.setUp(DefaultRedisCacheWriterTests.java:85)
Caused by: java.net.ConnectException: Connection refused (Connection refused)
	at org.springframework.data.redis.cache.DefaultRedisCacheWriterTests.doWithConnection(DefaultRedisCacheWriterTests.java:322)
	at org.springframework.data.redis.cache.DefaultRedisCacheWriterTests.setUp(DefaultRedisCacheWriterTests.java:85)
</error>
  </testcase>
  <testcase name="putShouldOverwriteExistingExpiringEntryAndResetTtl[1: LettuceConnectionFactory]" classname="org.springframework.data.redis.cache.DefaultRedisCacheWriterTests" time="0">
    <error message="Cannot get Jedis connection; nested exception is redis.clients.jedis.exceptions.JedisConnectionException: Could not get a resource from the pool" type="org.springframework.data.redis.RedisConnectionFailureException">org.springframework.data.redis.RedisConnectionFailureException: Cannot get Jedis connection; nested exception is redis.clients.jedis.exceptions.JedisConnectionException: Could not get a resource from the pool
	at org.springframework.data.redis.cache.DefaultRedisCacheWriterTests.doWithConnection(DefaultRedisCacheWriterTests.java:322)
	at org.springframework.data.redis.cache.DefaultRedisCacheWriterTests.setUp(DefaultRedisCacheWriterTests.java:85)
Caused by: redis.clients.jedis.exceptions.JedisConnectionException: Could not get a resource from the pool
	at org.springframework.data.redis.cache.DefaultRedisCacheWriterTests.doWithConnection(DefaultRedisCacheWriterTests.java:322)
	at org.springframework.data.redis.cache.DefaultRedisCacheWriterTests.setUp(DefaultRedisCacheWriterTests.java:85)
Caused by: redis.clients.jedis.exceptions.JedisConnectionException: java.net.ConnectException: Connection refused (Connection refused)
	at org.springframework.data.redis.cache.DefaultRedisCacheWriterTests.doWithConnection(DefaultRedisCacheWriterTests.java:322)
	at org.springframework.data.redis.cache.DefaultRedisCacheWriterTests.setUp(DefaultRedisCacheWriterTests.java:85)
Caused by: java.net.ConnectException: Connection refused (Connection refused)
	at org.springframework.data.redis.cache.DefaultRedisCacheWriterTests.doWithConnection(DefaultRedisCacheWriterTests.java:322)
	at org.springframework.data.redis.cache.DefaultRedisCacheWriterTests.setUp(DefaultRedisCacheWriterTests.java:85)
</error>
  </testcase>
  <testcase name="lockingCacheWriterShouldExitWhenInterruptedWaitForLockRelease[1: LettuceConnectionFactory]" classname="org.springframework.data.redis.cache.DefaultRedisCacheWriterTests" time="0">
    <error message="Cannot get Jedis connection; nested exception is redis.clients.jedis.exceptions.JedisConnectionException: Could not get a resource from the pool" type="org.springframework.data.redis.RedisConnectionFailureException">org.springframework.data.redis.RedisConnectionFailureException: Cannot get Jedis connection; nested exception is redis.clients.jedis.exceptions.JedisConnectionException: Could not get a resource from the pool
	at org.springframework.data.redis.cache.DefaultRedisCacheWriterTests.doWithConnection(DefaultRedisCacheWriterTests.java:322)
	at org.springframework.data.redis.cache.DefaultRedisCacheWriterTests.setUp(DefaultRedisCacheWriterTests.java:85)
Caused by: redis.clients.jedis.exceptions.JedisConnectionException: Could not get a resource from the pool
	at org.springframework.data.redis.cache.DefaultRedisCacheWriterTests.doWithConnection(DefaultRedisCacheWriterTests.java:322)
	at org.springframework.data.redis.cache.DefaultRedisCacheWriterTests.setUp(DefaultRedisCacheWriterTests.java:85)
Caused by: redis.clients.jedis.exceptions.JedisConnectionException: java.net.ConnectException: Connection refused (Connection refused)
	at org.springframework.data.redis.cache.DefaultRedisCacheWriterTests.doWithConnection(DefaultRedisCacheWriterTests.java:322)
	at org.springframework.data.redis.cache.DefaultRedisCacheWriterTests.setUp(DefaultRedisCacheWriterTests.java:85)
Caused by: java.net.ConnectException: Connection refused (Connection refused)
	at org.springframework.data.redis.cache.DefaultRedisCacheWriterTests.doWithConnection(DefaultRedisCacheWriterTests.java:322)
	at org.springframework.data.redis.cache.DefaultRedisCacheWriterTests.setUp(DefaultRedisCacheWriterTests.java:85)
</error>
  </testcase>
  <testcase name="lockingCacheWriterShouldWaitForLockRelease[1: LettuceConnectionFactory]" classname="org.springframework.data.redis.cache.DefaultRedisCacheWriterTests" time="0">
    <error message="Cannot get Jedis connection; nested exception is redis.clients.jedis.exceptions.JedisConnectionException: Could not get a resource from the pool" type="org.springframework.data.redis.RedisConnectionFailureException">org.springframework.data.redis.RedisConnectionFailureException: Cannot get Jedis connection; nested exception is redis.clients.jedis.exceptions.JedisConnectionException: Could not get a resource from the pool
	at org.springframework.data.redis.cache.DefaultRedisCacheWriterTests.doWithConnection(DefaultRedisCacheWriterTests.java:322)
	at org.springframework.data.redis.cache.DefaultRedisCacheWriterTests.setUp(DefaultRedisCacheWriterTests.java:85)
Caused by: redis.clients.jedis.exceptions.JedisConnectionException: Could not get a resource from the pool
	at org.springframework.data.redis.cache.DefaultRedisCacheWriterTests.doWithConnection(DefaultRedisCacheWriterTests.java:322)
	at org.springframework.data.redis.cache.DefaultRedisCacheWriterTests.setUp(DefaultRedisCacheWriterTests.java:85)
Caused by: redis.clients.jedis.exceptions.JedisConnectionException: java.net.ConnectException: Connection refused (Connection refused)
	at org.springframework.data.redis.cache.DefaultRedisCacheWriterTests.doWithConnection(DefaultRedisCacheWriterTests.java:322)
	at org.springframework.data.redis.cache.DefaultRedisCacheWriterTests.setUp(DefaultRedisCacheWriterTests.java:85)
Caused by: java.net.ConnectException: Connection refused (Connection refused)
	at org.springframework.data.redis.cache.DefaultRedisCacheWriterTests.doWithConnection(DefaultRedisCacheWriterTests.java:322)
	at org.springframework.data.redis.cache.DefaultRedisCacheWriterTests.setUp(DefaultRedisCacheWriterTests.java:85)
</error>
  </testcase>
  <testcase name="removeShouldDeleteEntry[1: LettuceConnectionFactory]" classname="org.springframework.data.redis.cache.DefaultRedisCacheWriterTests" time="0">
    <error message="Cannot get Jedis connection; nested exception is redis.clients.jedis.exceptions.JedisConnectionException: Could not get a resource from the pool" type="org.springframework.data.redis.RedisConnectionFailureException">org.springframework.data.redis.RedisConnectionFailureException: Cannot get Jedis connection; nested exception is redis.clients.jedis.exceptions.JedisConnectionException: Could not get a resource from the pool
	at org.springframework.data.redis.cache.DefaultRedisCacheWriterTests.doWithConnection(DefaultRedisCacheWriterTests.java:322)
	at org.springframework.data.redis.cache.DefaultRedisCacheWriterTests.setUp(DefaultRedisCacheWriterTests.java:85)
Caused by: redis.clients.jedis.exceptions.JedisConnectionException: Could not get a resource from the pool
	at org.springframework.data.redis.cache.DefaultRedisCacheWriterTests.doWithConnection(DefaultRedisCacheWriterTests.java:322)
	at org.springframework.data.redis.cache.DefaultRedisCacheWriterTests.setUp(DefaultRedisCacheWriterTests.java:85)
Caused by: redis.clients.jedis.exceptions.JedisConnectionException: java.net.ConnectException: Connection refused (Connection refused)
	at org.springframework.data.redis.cache.DefaultRedisCacheWriterTests.doWithConnection(DefaultRedisCacheWriterTests.java:322)
	at org.springframework.data.redis.cache.DefaultRedisCacheWriterTests.setUp(DefaultRedisCacheWriterTests.java:85)
Caused by: java.net.ConnectException: Connection refused (Connection refused)
	at org.springframework.data.redis.cache.DefaultRedisCacheWriterTests.doWithConnection(DefaultRedisCacheWriterTests.java:322)
	at org.springframework.data.redis.cache.DefaultRedisCacheWriterTests.setUp(DefaultRedisCacheWriterTests.java:85)
</error>
  </testcase>
  <testcase name="nonLockingCacheWriterShouldIgnoreExistingLock[1: LettuceConnectionFactory]" classname="org.springframework.data.redis.cache.DefaultRedisCacheWriterTests" time="0">
    <error message="Cannot get Jedis connection; nested exception is redis.clients.jedis.exceptions.JedisConnectionException: Could not get a resource from the pool" type="org.springframework.data.redis.RedisConnectionFailureException">org.springframework.data.redis.RedisConnectionFailureException: Cannot get Jedis connection; nested exception is redis.clients.jedis.exceptions.JedisConnectionException: Could not get a resource from the pool
	at org.springframework.data.redis.cache.DefaultRedisCacheWriterTests.doWithConnection(DefaultRedisCacheWriterTests.java:322)
	at org.springframework.data.redis.cache.DefaultRedisCacheWriterTests.setUp(DefaultRedisCacheWriterTests.java:85)
Caused by: redis.clients.jedis.exceptions.JedisConnectionException: Could not get a resource from the pool
	at org.springframework.data.redis.cache.DefaultRedisCacheWriterTests.doWithConnection(DefaultRedisCacheWriterTests.java:322)
	at org.springframework.data.redis.cache.DefaultRedisCacheWriterTests.setUp(DefaultRedisCacheWriterTests.java:85)
Caused by: redis.clients.jedis.exceptions.JedisConnectionException: java.net.ConnectException: Connection refused (Connection refused)
	at org.springframework.data.redis.cache.DefaultRedisCacheWriterTests.doWithConnection(DefaultRedisCacheWriterTests.java:322)
	at org.springframework.data.redis.cache.DefaultRedisCacheWriterTests.setUp(DefaultRedisCacheWriterTests.java:85)
Caused by: java.net.ConnectException: Connection refused (Connection refused)
	at org.springframework.data.redis.cache.DefaultRedisCacheWriterTests.doWithConnection(DefaultRedisCacheWriterTests.java:322)
	at org.springframework.data.redis.cache.DefaultRedisCacheWriterTests.setUp(DefaultRedisCacheWriterTests.java:85)
</error>
  </testcase>
  <testcase name="putShouldAddEternalEntry[1: LettuceConnectionFactory]" classname="org.springframework.data.redis.cache.DefaultRedisCacheWriterTests" time="0">
    <error message="Cannot get Jedis connection; nested exception is redis.clients.jedis.exceptions.JedisConnectionException: Could not get a resource from the pool" type="org.springframework.data.redis.RedisConnectionFailureException">org.springframework.data.redis.RedisConnectionFailureException: Cannot get Jedis connection; nested exception is redis.clients.jedis.exceptions.JedisConnectionException: Could not get a resource from the pool
	at org.springframework.data.redis.cache.DefaultRedisCacheWriterTests.doWithConnection(DefaultRedisCacheWriterTests.java:322)
	at org.springframework.data.redis.cache.DefaultRedisCacheWriterTests.setUp(DefaultRedisCacheWriterTests.java:85)
Caused by: redis.clients.jedis.exceptions.JedisConnectionException: Could not get a resource from the pool
	at org.springframework.data.redis.cache.DefaultRedisCacheWriterTests.doWithConnection(DefaultRedisCacheWriterTests.java:322)
	at org.springframework.data.redis.cache.DefaultRedisCacheWriterTests.setUp(DefaultRedisCacheWriterTests.java:85)
Caused by: redis.clients.jedis.exceptions.JedisConnectionException: java.net.ConnectException: Connection refused (Connection refused)
	at org.springframework.data.redis.cache.DefaultRedisCacheWriterTests.doWithConnection(DefaultRedisCacheWriterTests.java:322)
	at org.springframework.data.redis.cache.DefaultRedisCacheWriterTests.setUp(DefaultRedisCacheWriterTests.java:85)
Caused by: java.net.ConnectException: Connection refused (Connection refused)
	at org.springframework.data.redis.cache.DefaultRedisCacheWriterTests.doWithConnection(DefaultRedisCacheWriterTests.java:322)
	at org.springframework.data.redis.cache.DefaultRedisCacheWriterTests.setUp(DefaultRedisCacheWriterTests.java:85)
</error>
  </testcase>
  <testcase name="getShouldReturnValue[1: LettuceConnectionFactory]" classname="org.springframework.data.redis.cache.DefaultRedisCacheWriterTests" time="0">
    <error message="Cannot get Jedis connection; nested exception is redis.clients.jedis.exceptions.JedisConnectionException: Could not get a resource from the pool" type="org.springframework.data.redis.RedisConnectionFailureException">org.springframework.data.redis.RedisConnectionFailureException: Cannot get Jedis connection; nested exception is redis.clients.jedis.exceptions.JedisConnectionException: Could not get a resource from the pool
	at org.springframework.data.redis.cache.DefaultRedisCacheWriterTests.doWithConnection(DefaultRedisCacheWriterTests.java:322)
	at org.springframework.data.redis.cache.DefaultRedisCacheWriterTests.setUp(DefaultRedisCacheWriterTests.java:85)
Caused by: redis.clients.jedis.exceptions.JedisConnectionException: Could not get a resource from the pool
	at org.springframework.data.redis.cache.DefaultRedisCacheWriterTests.doWithConnection(DefaultRedisCacheWriterTests.java:322)
	at org.springframework.data.redis.cache.DefaultRedisCacheWriterTests.setUp(DefaultRedisCacheWriterTests.java:85)
Caused by: redis.clients.jedis.exceptions.JedisConnectionException: java.net.ConnectException: Connection refused (Connection refused)
	at org.springframework.data.redis.cache.DefaultRedisCacheWriterTests.doWithConnection(DefaultRedisCacheWriterTests.java:322)
	at org.springframework.data.redis.cache.DefaultRedisCacheWriterTests.setUp(DefaultRedisCacheWriterTests.java:85)
Caused by: java.net.ConnectException: Connection refused (Connection refused)
	at org.springframework.data.redis.cache.DefaultRedisCacheWriterTests.doWithConnection(DefaultRedisCacheWriterTests.java:322)
	at org.springframework.data.redis.cache.DefaultRedisCacheWriterTests.setUp(DefaultRedisCacheWriterTests.java:85)
</error>
  </testcase>
  <testcase name="putShouldAddExpiringEntry[1: LettuceConnectionFactory]" classname="org.springframework.data.redis.cache.DefaultRedisCacheWriterTests" time="0">
    <error message="Cannot get Jedis connection; nested exception is redis.clients.jedis.exceptions.JedisConnectionException: Could not get a resource from the pool" type="org.springframework.data.redis.RedisConnectionFailureException">org.springframework.data.redis.RedisConnectionFailureException: Cannot get Jedis connection; nested exception is redis.clients.jedis.exceptions.JedisConnectionException: Could not get a resource from the pool
	at org.springframework.data.redis.cache.DefaultRedisCacheWriterTests.doWithConnection(DefaultRedisCacheWriterTests.java:322)
	at org.springframework.data.redis.cache.DefaultRedisCacheWriterTests.setUp(DefaultRedisCacheWriterTests.java:85)
Caused by: redis.clients.jedis.exceptions.JedisConnectionException: Could not get a resource from the pool
	at org.springframework.data.redis.cache.DefaultRedisCacheWriterTests.doWithConnection(DefaultRedisCacheWriterTests.java:322)
	at org.springframework.data.redis.cache.DefaultRedisCacheWriterTests.setUp(DefaultRedisCacheWriterTests.java:85)
Caused by: redis.clients.jedis.exceptions.JedisConnectionException: java.net.ConnectException: Connection refused (Connection refused)
	at org.springframework.data.redis.cache.DefaultRedisCacheWriterTests.doWithConnection(DefaultRedisCacheWriterTests.java:322)
	at org.springframework.data.redis.cache.DefaultRedisCacheWriterTests.setUp(DefaultRedisCacheWriterTests.java:85)
Caused by: java.net.ConnectException: Connection refused (Connection refused)
	at org.springframework.data.redis.cache.DefaultRedisCacheWriterTests.doWithConnection(DefaultRedisCacheWriterTests.java:322)
	at org.springframework.data.redis.cache.DefaultRedisCacheWriterTests.setUp(DefaultRedisCacheWriterTests.java:85)
</error>
  </testcase>
</testsuite>