<?xml version="1.0" encoding="UTF-8"?>
<testsuite xmlns:xsi="http://www.w3.org/2001/XMLSchema-instance" xsi:noNamespaceSchemaLocation="https://maven.apache.org/surefire/maven-surefire-plugin/xsd/surefire-test-report.xsd" name="TestSuite" time="1.786" tests="2" errors="0" skipped="0" failures="1">
  <properties>
    <property name="awt.toolkit" value="sun.awt.X11.XToolkit"/>
    <property name="file.encoding.pkg" value="sun.io"/>
    <property name="java.specification.version" value="1.8"/>
    <property name="sun.cpu.isalist" value=""/>
    <property name="sun.jnu.encoding" value="UTF-8"/>
    <property name="java.class.path" value="/root/workspace/nkjethani825/ImportTest/439681069/target/test-classes:/root/workspace/nkjethani825/ImportTest/439681069/target/classes:/root/./workspace/nkjethani825/ImportTest/439681069/.m2/org/apache/poi/poi/4.0.0/poi-4.0.0.jar:/root/./workspace/nkjethani825/ImportTest/439681069/.m2/commons-codec/commons-codec/1.10/commons-codec-1.10.jar:/root/./workspace/nkjethani825/ImportTest/439681069/.m2/org/apache/commons/commons-collections4/4.2/commons-collections4-4.2.jar:/root/./workspace/nkjethani825/ImportTest/439681069/.m2/org/testng/testng/6.14.3/testng-6.14.3.jar:/root/./workspace/nkjethani825/ImportTest/439681069/.m2/com/beust/jcommander/1.72/jcommander-1.72.jar:/root/./workspace/nkjethani825/ImportTest/439681069/.m2/org/apache-extras/beanshell/bsh/2.0b6/bsh-2.0b6.jar:/root/./workspace/nkjethani825/ImportTest/439681069/.m2/org/apache/poi/poi-ooxml/4.0.0/poi-ooxml-4.0.0.jar:/root/./workspace/nkjethani825/ImportTest/439681069/.m2/org/apache/poi/poi-ooxml-schemas/4.0.0/poi-ooxml-schemas-4.0.0.jar:/root/./workspace/nkjethani825/ImportTest/439681069/.m2/org/apache/xmlbeans/xmlbeans/3.0.1/xmlbeans-3.0.1.jar:/root/./workspace/nkjethani825/ImportTest/439681069/.m2/org/apache/commons/commons-compress/1.18/commons-compress-1.18.jar:/root/./workspace/nkjethani825/ImportTest/439681069/.m2/com/github/virtuald/curvesapi/1.04/curvesapi-1.04.jar:/root/./workspace/nkjethani825/ImportTest/439681069/.m2/io/appium/java-client/4.1.2/java-client-4.1.2.jar:/root/./workspace/nkjethani825/ImportTest/439681069/.m2/org/seleniumhq/selenium/selenium-java/2.53.1/selenium-java-2.53.1.jar:/root/./workspace/nkjethani825/ImportTest/439681069/.m2/org/seleniumhq/selenium/selenium-chrome-driver/2.53.1/selenium-chrome-driver-2.53.1.jar:/root/./workspace/nkjethani825/ImportTest/439681069/.m2/org/seleniumhq/selenium/selenium-remote-driver/2.53.1/selenium-remote-driver-2.53.1.jar:/root/./workspace/nkjethani825/ImportTest/439681069/.m2/org/seleniumhq/selenium/selenium-api/2.53.1/selenium-api-2.53.1.jar:/root/./workspace/nkjethani825/ImportTest/439681069/.m2/org/seleniumhq/selenium/selenium-edge-driver/2.53.1/selenium-edge-driver-2.53.1.jar:/root/./workspace/nkjethani825/ImportTest/439681069/.m2/commons-io/commons-io/2.4/commons-io-2.4.jar:/root/./workspace/nkjethani825/ImportTest/439681069/.m2/org/apache/commons/commons-exec/1.3/commons-exec-1.3.jar:/root/./workspace/nkjethani825/ImportTest/439681069/.m2/org/seleniumhq/selenium/htmlunit-driver/2.21/htmlunit-driver-2.21.jar:/root/./workspace/nkjethani825/ImportTest/439681069/.m2/net/sourceforge/htmlunit/htmlunit/2.21/htmlunit-2.21.jar:/root/./workspace/nkjethani825/ImportTest/439681069/.m2/xalan/xalan/2.7.2/xalan-2.7.2.jar:/root/./workspace/nkjethani825/ImportTest/439681069/.m2/xalan/serializer/2.7.2/serializer-2.7.2.jar:/root/./workspace/nkjethani825/ImportTest/439681069/.m2/org/apache/httpcomponents/httpmime/4.5.2/httpmime-4.5.2.jar:/root/./workspace/nkjethani825/ImportTest/439681069/.m2/net/sourceforge/htmlunit/htmlunit-core-js/2.17/htmlunit-core-js-2.17.jar:/root/./workspace/nkjethani825/ImportTest/439681069/.m2/net/sourceforge/htmlunit/neko-htmlunit/2.21/neko-htmlunit-2.21.jar:/root/./workspace/nkjethani825/ImportTest/439681069/.m2/xerces/xercesImpl/2.11.0/xercesImpl-2.11.0.jar:/root/./workspace/nkjethani825/ImportTest/439681069/.m2/xml-apis/xml-apis/1.4.01/xml-apis-1.4.01.jar:/root/./workspace/nkjethani825/ImportTest/439681069/.m2/net/sourceforge/cssparser/cssparser/0.9.18/cssparser-0.9.18.jar:/root/./workspace/nkjethani825/ImportTest/439681069/.m2/org/w3c/css/sac/1.3/sac-1.3.jar:/root/./workspace/nkjethani825/ImportTest/439681069/.m2/org/eclipse/jetty/websocket/websocket-client/9.2.15.v20160210/websocket-client-9.2.15.v20160210.jar:/root/./workspace/nkjethani825/ImportTest/439681069/.m2/org/eclipse/jetty/jetty-util/9.2.15.v20160210/jetty-util-9.2.15.v20160210.jar:/root/./workspace/nkjethani825/ImportTest/439681069/.m2/org/eclipse/jetty/jetty-io/9.2.15.v20160210/jetty-io-9.2.15.v20160210.jar:/root/./workspace/nkjethani825/ImportTest/439681069/.m2/org/eclipse/jetty/websocket/websocket-common/9.2.15.v20160210/websocket-common-9.2.15.v20160210.jar:/root/./workspace/nkjethani825/ImportTest/439681069/.m2/org/eclipse/jetty/websocket/websocket-api/9.2.15.v20160210/websocket-api-9.2.15.v20160210.jar:/root/./workspace/nkjethani825/ImportTest/439681069/.m2/org/seleniumhq/selenium/selenium-firefox-driver/2.53.1/selenium-firefox-driver-2.53.1.jar:/root/./workspace/nkjethani825/ImportTest/439681069/.m2/org/seleniumhq/selenium/selenium-ie-driver/2.53.1/selenium-ie-driver-2.53.1.jar:/root/./workspace/nkjethani825/ImportTest/439681069/.m2/net/java/dev/jna/jna/4.1.0/jna-4.1.0.jar:/root/./workspace/nkjethani825/ImportTest/439681069/.m2/net/java/dev/jna/jna-platform/4.1.0/jna-platform-4.1.0.jar:/root/./workspace/nkjethani825/ImportTest/439681069/.m2/org/seleniumhq/selenium/selenium-safari-driver/2.53.1/selenium-safari-driver-2.53.1.jar:/root/./workspace/nkjethani825/ImportTest/439681069/.m2/io/netty/netty/3.5.7.Final/netty-3.5.7.Final.jar:/root/./workspace/nkjethani825/ImportTest/439681069/.m2/org/seleniumhq/selenium/selenium-support/2.53.1/selenium-support-2.53.1.jar:/root/./workspace/nkjethani825/ImportTest/439681069/.m2/org/seleniumhq/selenium/selenium-leg-rc/2.53.1/selenium-leg-rc-2.53.1.jar:/root/./workspace/nkjethani825/ImportTest/439681069/.m2/com/google/code/gson/gson/2.7/gson-2.7.jar:/root/./workspace/nkjethani825/ImportTest/439681069/.m2/org/apache/httpcomponents/httpclient/4.5.2/httpclient-4.5.2.jar:/root/./workspace/nkjethani825/ImportTest/439681069/.m2/org/apache/httpcomponents/httpcore/4.4.4/httpcore-4.4.4.jar:/root/./workspace/nkjethani825/ImportTest/439681069/.m2/commons-logging/commons-logging/1.2/commons-logging-1.2.jar:/root/./workspace/nkjethani825/ImportTest/439681069/.m2/com/google/guava/guava/19.0/guava-19.0.jar:/root/./workspace/nkjethani825/ImportTest/439681069/.m2/commons-validator/commons-validator/1.5.1/commons-validator-1.5.1.jar:/root/./workspace/nkjethani825/ImportTest/439681069/.m2/commons-beanutils/commons-beanutils/1.9.2/commons-beanutils-1.9.2.jar:/root/./workspace/nkjethani825/ImportTest/439681069/.m2/commons-digester/commons-digester/1.8.1/commons-digester-1.8.1.jar:/root/./workspace/nkjethani825/ImportTest/439681069/.m2/commons-collections/commons-collections/3.2.2/commons-collections-3.2.2.jar:/root/./workspace/nkjethani825/ImportTest/439681069/.m2/org/apache/commons/commons-lang3/3.4/commons-lang3-3.4.jar:/root/./workspace/nkjethani825/ImportTest/439681069/.m2/cglib/cglib-nodep/3.2.4/cglib-nodep-3.2.4.jar:/root/./workspace/nkjethani825/ImportTest/439681069/.m2/org/springframework/spring-context/4.3.2.RELEASE/spring-context-4.3.2.RELEASE.jar:/root/./workspace/nkjethani825/ImportTest/439681069/.m2/org/springframework/spring-aop/4.3.2.RELEASE/spring-aop-4.3.2.RELEASE.jar:/root/./workspace/nkjethani825/ImportTest/439681069/.m2/org/springframework/spring-beans/4.3.2.RELEASE/spring-beans-4.3.2.RELEASE.jar:/root/./workspace/nkjethani825/ImportTest/439681069/.m2/org/springframework/spring-core/4.3.2.RELEASE/spring-core-4.3.2.RELEASE.jar:/root/./workspace/nkjethani825/ImportTest/439681069/.m2/org/springframework/spring-expression/4.3.2.RELEASE/spring-expression-4.3.2.RELEASE.jar:/root/./workspace/nkjethani825/ImportTest/439681069/.m2/org/aspectj/aspectjweaver/1.8.9/aspectjweaver-1.8.9.jar:/root/./workspace/nkjethani825/ImportTest/439681069/.m2/org/apache/maven/surefire/surefire-testng-utils/2.22.0/surefire-testng-utils-2.22.0.jar:/root/./workspace/nkjethani825/ImportTest/439681069/.m2/org/apache/maven/surefire/surefire-grouper/2.22.0/surefire-grouper-2.22.0.jar:"/>
    <property name="java.vm.vendor" value="Oracle Corporation"/>
    <property name="skip.bower" value="true"/>
    <property name="sun.arch.data.model" value="64"/>
    <property name="java.vendor.url" value="http://java.oracle.com/"/>
    <property name="user.timezone" value=""/>
    <property name="java.vm.specification.version" value="1.8"/>
    <property name="os.name" value="Linux"/>
    <property name="rat.skip" value="true"/>
    <property name="gpg.skip" value="true"/>
    <property name="sun.java.launcher" value="SUN_STANDARD"/>
    <property name="sun.boot.library.path" value="/usr/lib/jvm/java-8-openjdk-amd64/jre/lib/amd64"/>
    <property name="skip.gulp" value="true"/>
    <property name="sun.java.command" value="/root/workspace/nkjethani825/ImportTest/439681069/target/surefire/surefirebooter9185150198461423770.jar /root/workspace/nkjethani825/ImportTest/439681069/target/surefire 2018-10-10T16-57-06_211-jvmRun1 surefire1971714739352045246tmp surefire_01919219301922345396tmp"/>
    <property name="dependency-check.skip" value="true"/>
    <property name="surefire.test.class.path" value="/root/workspace/nkjethani825/ImportTest/439681069/target/test-classes:/root/workspace/nkjethani825/ImportTest/439681069/target/classes:/root/./workspace/nkjethani825/ImportTest/439681069/.m2/org/apache/poi/poi/4.0.0/poi-4.0.0.jar:/root/./workspace/nkjethani825/ImportTest/439681069/.m2/commons-codec/commons-codec/1.10/commons-codec-1.10.jar:/root/./workspace/nkjethani825/ImportTest/439681069/.m2/org/apache/commons/commons-collections4/4.2/commons-collections4-4.2.jar:/root/./workspace/nkjethani825/ImportTest/439681069/.m2/org/testng/testng/6.14.3/testng-6.14.3.jar:/root/./workspace/nkjethani825/ImportTest/439681069/.m2/com/beust/jcommander/1.72/jcommander-1.72.jar:/root/./workspace/nkjethani825/ImportTest/439681069/.m2/org/apache-extras/beanshell/bsh/2.0b6/bsh-2.0b6.jar:/root/./workspace/nkjethani825/ImportTest/439681069/.m2/org/apache/poi/poi-ooxml/4.0.0/poi-ooxml-4.0.0.jar:/root/./workspace/nkjethani825/ImportTest/439681069/.m2/org/apache/poi/poi-ooxml-schemas/4.0.0/poi-ooxml-schemas-4.0.0.jar:/root/./workspace/nkjethani825/ImportTest/439681069/.m2/org/apache/xmlbeans/xmlbeans/3.0.1/xmlbeans-3.0.1.jar:/root/./workspace/nkjethani825/ImportTest/439681069/.m2/org/apache/commons/commons-compress/1.18/commons-compress-1.18.jar:/root/./workspace/nkjethani825/ImportTest/439681069/.m2/com/github/virtuald/curvesapi/1.04/curvesapi-1.04.jar:/root/./workspace/nkjethani825/ImportTest/439681069/.m2/io/appium/java-client/4.1.2/java-client-4.1.2.jar:/root/./workspace/nkjethani825/ImportTest/439681069/.m2/org/seleniumhq/selenium/selenium-java/2.53.1/selenium-java-2.53.1.jar:/root/./workspace/nkjethani825/ImportTest/439681069/.m2/org/seleniumhq/selenium/selenium-chrome-driver/2.53.1/selenium-chrome-driver-2.53.1.jar:/root/./workspace/nkjethani825/ImportTest/439681069/.m2/org/seleniumhq/selenium/selenium-remote-driver/2.53.1/selenium-remote-driver-2.53.1.jar:/root/./workspace/nkjethani825/ImportTest/439681069/.m2/org/seleniumhq/selenium/selenium-api/2.53.1/selenium-api-2.53.1.jar:/root/./workspace/nkjethani825/ImportTest/439681069/.m2/org/seleniumhq/selenium/selenium-edge-driver/2.53.1/selenium-edge-driver-2.53.1.jar:/root/./workspace/nkjethani825/ImportTest/439681069/.m2/commons-io/commons-io/2.4/commons-io-2.4.jar:/root/./workspace/nkjethani825/ImportTest/439681069/.m2/org/apache/commons/commons-exec/1.3/commons-exec-1.3.jar:/root/./workspace/nkjethani825/ImportTest/439681069/.m2/org/seleniumhq/selenium/htmlunit-driver/2.21/htmlunit-driver-2.21.jar:/root/./workspace/nkjethani825/ImportTest/439681069/.m2/net/sourceforge/htmlunit/htmlunit/2.21/htmlunit-2.21.jar:/root/./workspace/nkjethani825/ImportTest/439681069/.m2/xalan/xalan/2.7.2/xalan-2.7.2.jar:/root/./workspace/nkjethani825/ImportTest/439681069/.m2/xalan/serializer/2.7.2/serializer-2.7.2.jar:/root/./workspace/nkjethani825/ImportTest/439681069/.m2/org/apache/httpcomponents/httpmime/4.5.2/httpmime-4.5.2.jar:/root/./workspace/nkjethani825/ImportTest/439681069/.m2/net/sourceforge/htmlunit/htmlunit-core-js/2.17/htmlunit-core-js-2.17.jar:/root/./workspace/nkjethani825/ImportTest/439681069/.m2/net/sourceforge/htmlunit/neko-htmlunit/2.21/neko-htmlunit-2.21.jar:/root/./workspace/nkjethani825/ImportTest/439681069/.m2/xerces/xercesImpl/2.11.0/xercesImpl-2.11.0.jar:/root/./workspace/nkjethani825/ImportTest/439681069/.m2/xml-apis/xml-apis/1.4.01/xml-apis-1.4.01.jar:/root/./workspace/nkjethani825/ImportTest/439681069/.m2/net/sourceforge/cssparser/cssparser/0.9.18/cssparser-0.9.18.jar:/root/./workspace/nkjethani825/ImportTest/439681069/.m2/org/w3c/css/sac/1.3/sac-1.3.jar:/root/./workspace/nkjethani825/ImportTest/439681069/.m2/org/eclipse/jetty/websocket/websocket-client/9.2.15.v20160210/websocket-client-9.2.15.v20160210.jar:/root/./workspace/nkjethani825/ImportTest/439681069/.m2/org/eclipse/jetty/jetty-util/9.2.15.v20160210/jetty-util-9.2.15.v20160210.jar:/root/./workspace/nkjethani825/ImportTest/439681069/.m2/org/eclipse/jetty/jetty-io/9.2.15.v20160210/jetty-io-9.2.15.v20160210.jar:/root/./workspace/nkjethani825/ImportTest/439681069/.m2/org/eclipse/jetty/websocket/websocket-common/9.2.15.v20160210/websocket-common-9.2.15.v20160210.jar:/root/./workspace/nkjethani825/ImportTest/439681069/.m2/org/eclipse/jetty/websocket/websocket-api/9.2.15.v20160210/websocket-api-9.2.15.v20160210.jar:/root/./workspace/nkjethani825/ImportTest/439681069/.m2/org/seleniumhq/selenium/selenium-firefox-driver/2.53.1/selenium-firefox-driver-2.53.1.jar:/root/./workspace/nkjethani825/ImportTest/439681069/.m2/org/seleniumhq/selenium/selenium-ie-driver/2.53.1/selenium-ie-driver-2.53.1.jar:/root/./workspace/nkjethani825/ImportTest/439681069/.m2/net/java/dev/jna/jna/4.1.0/jna-4.1.0.jar:/root/./workspace/nkjethani825/ImportTest/439681069/.m2/net/java/dev/jna/jna-platform/4.1.0/jna-platform-4.1.0.jar:/root/./workspace/nkjethani825/ImportTest/439681069/.m2/org/seleniumhq/selenium/selenium-safari-driver/2.53.1/selenium-safari-driver-2.53.1.jar:/root/./workspace/nkjethani825/ImportTest/439681069/.m2/io/netty/netty/3.5.7.Final/netty-3.5.7.Final.jar:/root/./workspace/nkjethani825/ImportTest/439681069/.m2/org/seleniumhq/selenium/selenium-support/2.53.1/selenium-support-2.53.1.jar:/root/./workspace/nkjethani825/ImportTest/439681069/.m2/org/seleniumhq/selenium/selenium-leg-rc/2.53.1/selenium-leg-rc-2.53.1.jar:/root/./workspace/nkjethani825/ImportTest/439681069/.m2/com/google/code/gson/gson/2.7/gson-2.7.jar:/root/./workspace/nkjethani825/ImportTest/439681069/.m2/org/apache/httpcomponents/httpclient/4.5.2/httpclient-4.5.2.jar:/root/./workspace/nkjethani825/ImportTest/439681069/.m2/org/apache/httpcomponents/httpcore/4.4.4/httpcore-4.4.4.jar:/root/./workspace/nkjethani825/ImportTest/439681069/.m2/commons-logging/commons-logging/1.2/commons-logging-1.2.jar:/root/./workspace/nkjethani825/ImportTest/439681069/.m2/com/google/guava/guava/19.0/guava-19.0.jar:/root/./workspace/nkjethani825/ImportTest/439681069/.m2/commons-validator/commons-validator/1.5.1/commons-validator-1.5.1.jar:/root/./workspace/nkjethani825/ImportTest/439681069/.m2/commons-beanutils/commons-beanutils/1.9.2/commons-beanutils-1.9.2.jar:/root/./workspace/nkjethani825/ImportTest/439681069/.m2/commons-digester/commons-digester/1.8.1/commons-digester-1.8.1.jar:/root/./workspace/nkjethani825/ImportTest/439681069/.m2/commons-collections/commons-collections/3.2.2/commons-collections-3.2.2.jar:/root/./workspace/nkjethani825/ImportTest/439681069/.m2/org/apache/commons/commons-lang3/3.4/commons-lang3-3.4.jar:/root/./workspace/nkjethani825/ImportTest/439681069/.m2/cglib/cglib-nodep/3.2.4/cglib-nodep-3.2.4.jar:/root/./workspace/nkjethani825/ImportTest/439681069/.m2/org/springframework/spring-context/4.3.2.RELEASE/spring-context-4.3.2.RELEASE.jar:/root/./workspace/nkjethani825/ImportTest/439681069/.m2/org/springframework/spring-aop/4.3.2.RELEASE/spring-aop-4.3.2.RELEASE.jar:/root/./workspace/nkjethani825/ImportTest/439681069/.m2/org/springframework/spring-beans/4.3.2.RELEASE/spring-beans-4.3.2.RELEASE.jar:/root/./workspace/nkjethani825/ImportTest/439681069/.m2/org/springframework/spring-core/4.3.2.RELEASE/spring-core-4.3.2.RELEASE.jar:/root/./workspace/nkjethani825/ImportTest/439681069/.m2/org/springframework/spring-expression/4.3.2.RELEASE/spring-expression-4.3.2.RELEASE.jar:/root/./workspace/nkjethani825/ImportTest/439681069/.m2/org/aspectj/aspectjweaver/1.8.9/aspectjweaver-1.8.9.jar:/root/./workspace/nkjethani825/ImportTest/439681069/.m2/org/apache/maven/surefire/surefire-testng-utils/2.22.0/surefire-testng-utils-2.22.0.jar:/root/./workspace/nkjethani825/ImportTest/439681069/.m2/org/apache/maven/surefire/surefire-grouper/2.22.0/surefire-grouper-2.22.0.jar:"/>
    <property name="sun.cpu.endian" value="little"/>
    <property name="user.home" value="/root"/>
    <property name="user.language" value="en"/>
    <property name="java.specification.vendor" value="Oracle Corporation"/>
    <property name="java.home" value="/usr/lib/jvm/java-8-openjdk-amd64/jre"/>
    <property name="basedir" value="/root/workspace/nkjethani825/ImportTest/439681069"/>
    <property name="file.separator" value="/"/>
    <property name="checkstyle.skip" value="true"/>
    <property name="line.separator" value="&#10;"/>
    <property name="skip.npm" value="true"/>
    <property name="java.vm.specification.vendor" value="Oracle Corporation"/>
    <property name="java.specification.name" value="Java Platform API Specification"/>
    <property name="java.awt.graphicsenv" value="sun.awt.X11GraphicsEnvironment"/>
    <property name="skipITs" value="true"/>
    <property name="surefire.real.class.path" value="/root/workspace/nkjethani825/ImportTest/439681069/target/surefire/surefirebooter9185150198461423770.jar"/>
    <property name="cobertura.skip" value="true"/>
    <property name="sun.boot.class.path" value="/usr/lib/jvm/java-8-openjdk-amd64/jre/lib/resources.jar:/usr/lib/jvm/java-8-openjdk-amd64/jre/lib/rt.jar:/usr/lib/jvm/java-8-openjdk-amd64/jre/lib/sunrsasign.jar:/usr/lib/jvm/java-8-openjdk-amd64/jre/lib/jsse.jar:/usr/lib/jvm/java-8-openjdk-amd64/jre/lib/jce.jar:/usr/lib/jvm/java-8-openjdk-amd64/jre/lib/charsets.jar:/usr/lib/jvm/java-8-openjdk-amd64/jre/lib/jfr.jar:/usr/lib/jvm/java-8-openjdk-amd64/jre/classes"/>
    <property name="sun.management.compiler" value="HotSpot 64-Bit Tiered Compilers"/>
    <property name="java.runtime.version" value="1.8.0_121-8u121-b13-1~bpo8+1-b13"/>
    <property name="user.name" value="root"/>
    <property name="findbugs.skip" value="true"/>
    <property name="path.separator" value=":"/>
    <property name="os.version" value="3.10.0-862.3.2.el7.x86_64"/>
    <property name="java.endorsed.dirs" value="/usr/lib/jvm/java-8-openjdk-amd64/jre/lib/endorsed"/>
    <property name="java.runtime.name" value="OpenJDK Runtime Environment"/>
    <property name="file.encoding" value="UTF-8"/>
    <property name="java.vm.name" value="OpenJDK 64-Bit Server VM"/>
    <property name="localRepository" value="/root/./workspace/nkjethani825/ImportTest/439681069/.m2"/>
    <property name="java.vendor.url.bug" value="http://bugreport.sun.com/bugreport/"/>
    <property name="java.io.tmpdir" value="/tmp"/>
    <property name="java.version" value="1.8.0_121"/>
    <property name="user.dir" value="/root/workspace/nkjethani825/ImportTest/439681069"/>
    <property name="os.arch" value="amd64"/>
    <property name="license.skip" value="true"/>
    <property name="java.vm.specification.name" value="Java Virtual Machine Specification"/>
    <property name="java.awt.printerjob" value="sun.print.PSPrinterJob"/>
    <property name="sun.os.patch.level" value="unknown"/>
    <property name="java.library.path" value="/usr/java/packages/lib/amd64:/usr/lib/x86_64-linux-gnu/jni:/lib/x86_64-linux-gnu:/usr/lib/x86_64-linux-gnu:/usr/lib/jni:/lib:/usr/lib"/>
    <property name="java.vm.info" value="mixed mode"/>
    <property name="java.vendor" value="Oracle Corporation"/>
    <property name="java.vm.version" value="25.121-b13"/>
    <property name="java.ext.dirs" value="/usr/lib/jvm/java-8-openjdk-amd64/jre/lib/ext:/usr/java/packages/lib/ext"/>
    <property name="sun.io.unicode.encoding" value="UnicodeLittle"/>
    <property name="maven.repo.local" value="/root/./workspace/nkjethani825/ImportTest/439681069/.m2"/>
    <property name="enforcer.skip" value="true"/>
    <property name="java.class.version" value="52.0"/>
  </properties>
  <testcase name="Test1" classname="com.tda.test.ListTests" time="0.007"/>
  <testcase name="Test2" classname="com.tda.test.ListTests" time="1.374">
    <failure message="Failed to execute command handset open: The device is reserved to other user&#10;Command duration or timeout: 1.00 seconds&#10;Build info: version: &apos;2.53.1&apos;, revision: &apos;a36b8b1cd5757287168e54b817830adce9b0158d&apos;, time: &apos;2016-06-30 19:26:09&apos;&#10;System info: host: &apos;cyclone1&apos;, ip: &apos;172.17.0.4&apos;, os.name: &apos;Linux&apos;, os.arch: &apos;amd64&apos;, os.version: &apos;3.10.0-862.3.2.el7.x86_64&apos;, java.version: &apos;1.8.0_121&apos;&#10;Driver info: io.appium.java_client.android.AndroidDriver" type="org.openqa.selenium.WebDriverException">org.openqa.selenium.WebDriverException: 
Failed to execute command handset open: The device is reserved to other user
Command duration or timeout: 1.00 seconds
Build info: version: '2.53.1', revision: 'a36b8b1cd5757287168e54b817830adce9b0158d', time: '2016-06-30 19:26:09'
System info: host: 'cyclone1', ip: '172.17.0.4', os.name: 'Linux', os.arch: 'amd64', os.version: '3.10.0-862.3.2.el7.x86_64', java.version: '1.8.0_121'
Driver info: io.appium.java_client.android.AndroidDriver
	at com.tda.test.ListTests.Test2(ListTests.java:35)
Caused by: java.lang.RuntimeException: Failed to execute command handset open: The device is reserved to other user
</failure>
    <system-out><![CDATA[Inside Test
]]></system-out>
  </testcase>
</testsuite>