<?xml version="1.0" encoding="UTF-8"?>
<testsuite xmlns:xsi="http://www.w3.org/2001/XMLSchema-instance" xsi:noNamespaceSchemaLocation="https://maven.apache.org/surefire/maven-surefire-plugin/xsd/surefire-test-report.xsd" name="com.ericsson.ei.frontend.TemplateTestCase" time="2.089" tests="2" errors="2" skipped="0" failures="0">
  <properties>
    <property name="awt.toolkit" value="sun.awt.X11.XToolkit"/>
    <property name="file.encoding.pkg" value="sun.io"/>
    <property name="java.specification.version" value="1.8"/>
    <property name="sun.cpu.isalist" value=""/>
    <property name="sun.jnu.encoding" value="UTF-8"/>
    <property name="java.class.path" value="/root/workspace/eroohen/eiffel-intelligence-frontend/389200009/target/test-classes:/root/workspace/eroohen/eiffel-intelligence-frontend/389200009/target/classes:/root/./workspace/eroohen/eiffel-intelligence-frontend/389200009/.m2/org/springframework/boot/spring-boot-starter-actuator/2.0.1.RELEASE/spring-boot-starter-actuator-2.0.1.RELEASE.jar:/root/./workspace/eroohen/eiffel-intelligence-frontend/389200009/.m2/org/springframework/boot/spring-boot-starter/2.0.1.RELEASE/spring-boot-starter-2.0.1.RELEASE.jar:/root/./workspace/eroohen/eiffel-intelligence-frontend/389200009/.m2/org/springframework/boot/spring-boot-starter-logging/2.0.1.RELEASE/spring-boot-starter-logging-2.0.1.RELEASE.jar:/root/./workspace/eroohen/eiffel-intelligence-frontend/389200009/.m2/org/apache/logging/log4j/log4j-to-slf4j/2.10.0/log4j-to-slf4j-2.10.0.jar:/root/./workspace/eroohen/eiffel-intelligence-frontend/389200009/.m2/org/apache/logging/log4j/log4j-api/2.10.0/log4j-api-2.10.0.jar:/root/./workspace/eroohen/eiffel-intelligence-frontend/389200009/.m2/org/slf4j/jul-to-slf4j/1.7.25/jul-to-slf4j-1.7.25.jar:/root/./workspace/eroohen/eiffel-intelligence-frontend/389200009/.m2/org/springframework/boot/spring-boot-actuator-autoconfigure/2.0.1.RELEASE/spring-boot-actuator-autoconfigure-2.0.1.RELEASE.jar:/root/./workspace/eroohen/eiffel-intelligence-frontend/389200009/.m2/org/springframework/boot/spring-boot-actuator/2.0.1.RELEASE/spring-boot-actuator-2.0.1.RELEASE.jar:/root/./workspace/eroohen/eiffel-intelligence-frontend/389200009/.m2/com/fasterxml/jackson/core/jackson-databind/2.9.5/jackson-databind-2.9.5.jar:/root/./workspace/eroohen/eiffel-intelligence-frontend/389200009/.m2/org/springframework/spring-context/5.0.5.RELEASE/spring-context-5.0.5.RELEASE.jar:/root/./workspace/eroohen/eiffel-intelligence-frontend/389200009/.m2/com/fasterxml/jackson/datatype/jackson-datatype-jsr310/2.9.5/jackson-datatype-jsr310-2.9.5.jar:/root/./workspace/eroohen/eiffel-intelligence-frontend/389200009/.m2/io/micrometer/micrometer-core/1.0.3/micrometer-core-1.0.3.jar:/root/./workspace/eroohen/eiffel-intelligence-frontend/389200009/.m2/org/hdrhistogram/HdrHistogram/2.1.10/HdrHistogram-2.1.10.jar:/root/./workspace/eroohen/eiffel-intelligence-frontend/389200009/.m2/org/latencyutils/LatencyUtils/2.0.3/LatencyUtils-2.0.3.jar:/root/./workspace/eroohen/eiffel-intelligence-frontend/389200009/.m2/org/springframework/boot/spring-boot-starter-web/2.0.1.RELEASE/spring-boot-starter-web-2.0.1.RELEASE.jar:/root/./workspace/eroohen/eiffel-intelligence-frontend/389200009/.m2/org/springframework/boot/spring-boot-starter-json/2.0.1.RELEASE/spring-boot-starter-json-2.0.1.RELEASE.jar:/root/./workspace/eroohen/eiffel-intelligence-frontend/389200009/.m2/com/fasterxml/jackson/datatype/jackson-datatype-jdk8/2.9.5/jackson-datatype-jdk8-2.9.5.jar:/root/./workspace/eroohen/eiffel-intelligence-frontend/389200009/.m2/com/fasterxml/jackson/module/jackson-module-parameter-names/2.9.5/jackson-module-parameter-names-2.9.5.jar:/root/./workspace/eroohen/eiffel-intelligence-frontend/389200009/.m2/org/hibernate/validator/hibernate-validator/6.0.9.Final/hibernate-validator-6.0.9.Final.jar:/root/./workspace/eroohen/eiffel-intelligence-frontend/389200009/.m2/javax/validation/validation-api/2.0.1.Final/validation-api-2.0.1.Final.jar:/root/./workspace/eroohen/eiffel-intelligence-frontend/389200009/.m2/org/jboss/logging/jboss-logging/3.3.2.Final/jboss-logging-3.3.2.Final.jar:/root/./workspace/eroohen/eiffel-intelligence-frontend/389200009/.m2/com/fasterxml/classmate/1.3.4/classmate-1.3.4.jar:/root/./workspace/eroohen/eiffel-intelligence-frontend/389200009/.m2/org/springframework/spring-web/5.0.5.RELEASE/spring-web-5.0.5.RELEASE.jar:/root/./workspace/eroohen/eiffel-intelligence-frontend/389200009/.m2/org/springframework/spring-beans/5.0.5.RELEASE/spring-beans-5.0.5.RELEASE.jar:/root/./workspace/eroohen/eiffel-intelligence-frontend/389200009/.m2/org/springframework/spring-webmvc/5.0.5.RELEASE/spring-webmvc-5.0.5.RELEASE.jar:/root/./workspace/eroohen/eiffel-intelligence-frontend/389200009/.m2/org/springframework/spring-aop/5.0.5.RELEASE/spring-aop-5.0.5.RELEASE.jar:/root/./workspace/eroohen/eiffel-intelligence-frontend/389200009/.m2/org/springframework/spring-expression/5.0.5.RELEASE/spring-expression-5.0.5.RELEASE.jar:/root/./workspace/eroohen/eiffel-intelligence-frontend/389200009/.m2/org/springframework/boot/spring-boot-starter-thymeleaf/2.0.1.RELEASE/spring-boot-starter-thymeleaf-2.0.1.RELEASE.jar:/root/./workspace/eroohen/eiffel-intelligence-frontend/389200009/.m2/org/thymeleaf/thymeleaf-spring5/3.0.9.RELEASE/thymeleaf-spring5-3.0.9.RELEASE.jar:/root/./workspace/eroohen/eiffel-intelligence-frontend/389200009/.m2/org/thymeleaf/thymeleaf/3.0.9.RELEASE/thymeleaf-3.0.9.RELEASE.jar:/root/./workspace/eroohen/eiffel-intelligence-frontend/389200009/.m2/org/attoparser/attoparser/2.0.4.RELEASE/attoparser-2.0.4.RELEASE.jar:/root/./workspace/eroohen/eiffel-intelligence-frontend/389200009/.m2/org/unbescape/unbescape/1.1.5.RELEASE/unbescape-1.1.5.RELEASE.jar:/root/./workspace/eroohen/eiffel-intelligence-frontend/389200009/.m2/org/thymeleaf/extras/thymeleaf-extras-java8time/3.0.1.RELEASE/thymeleaf-extras-java8time-3.0.1.RELEASE.jar:/root/./workspace/eroohen/eiffel-intelligence-frontend/389200009/.m2/org/springframework/boot/spring-boot-devtools/2.0.1.RELEASE/spring-boot-devtools-2.0.1.RELEASE.jar:/root/./workspace/eroohen/eiffel-intelligence-frontend/389200009/.m2/org/springframework/boot/spring-boot/2.0.1.RELEASE/spring-boot-2.0.1.RELEASE.jar:/root/./workspace/eroohen/eiffel-intelligence-frontend/389200009/.m2/org/springframework/boot/spring-boot-autoconfigure/2.0.1.RELEASE/spring-boot-autoconfigure-2.0.1.RELEASE.jar:/root/./workspace/eroohen/eiffel-intelligence-frontend/389200009/.m2/org/apache/httpcomponents/httpclient/4.5.3/httpclient-4.5.3.jar:/root/./workspace/eroohen/eiffel-intelligence-frontend/389200009/.m2/org/apache/httpcomponents/httpcore/4.4.9/httpcore-4.4.9.jar:/root/./workspace/eroohen/eiffel-intelligence-frontend/389200009/.m2/commons-codec/commons-codec/1.11/commons-codec-1.11.jar:/root/./workspace/eroohen/eiffel-intelligence-frontend/389200009/.m2/org/springframework/boot/spring-boot-starter-tomcat/2.0.1.RELEASE/spring-boot-starter-tomcat-2.0.1.RELEASE.jar:/root/./workspace/eroohen/eiffel-intelligence-frontend/389200009/.m2/javax/annotation/javax.annotation-api/1.3.2/javax.annotation-api-1.3.2.jar:/root/./workspace/eroohen/eiffel-intelligence-frontend/389200009/.m2/org/apache/tomcat/embed/tomcat-embed-core/8.5.29/tomcat-embed-core-8.5.29.jar:/root/./workspace/eroohen/eiffel-intelligence-frontend/389200009/.m2/org/apache/tomcat/embed/tomcat-embed-el/8.5.29/tomcat-embed-el-8.5.29.jar:/root/./workspace/eroohen/eiffel-intelligence-frontend/389200009/.m2/org/apache/tomcat/embed/tomcat-embed-websocket/8.5.29/tomcat-embed-websocket-8.5.29.jar:/root/./workspace/eroohen/eiffel-intelligence-frontend/389200009/.m2/org/springframework/boot/spring-boot-starter-test/2.0.1.RELEASE/spring-boot-starter-test-2.0.1.RELEASE.jar:/root/./workspace/eroohen/eiffel-intelligence-frontend/389200009/.m2/org/springframework/boot/spring-boot-test/2.0.1.RELEASE/spring-boot-test-2.0.1.RELEASE.jar:/root/./workspace/eroohen/eiffel-intelligence-frontend/389200009/.m2/org/springframework/boot/spring-boot-test-autoconfigure/2.0.1.RELEASE/spring-boot-test-autoconfigure-2.0.1.RELEASE.jar:/root/./workspace/eroohen/eiffel-intelligence-frontend/389200009/.m2/com/jayway/jsonpath/json-path/2.4.0/json-path-2.4.0.jar:/root/./workspace/eroohen/eiffel-intelligence-frontend/389200009/.m2/net/minidev/json-smart/2.3/json-smart-2.3.jar:/root/./workspace/eroohen/eiffel-intelligence-frontend/389200009/.m2/net/minidev/accessors-smart/1.2/accessors-smart-1.2.jar:/root/./workspace/eroohen/eiffel-intelligence-frontend/389200009/.m2/org/ow2/asm/asm/5.0.4/asm-5.0.4.jar:/root/./workspace/eroohen/eiffel-intelligence-frontend/389200009/.m2/org/assertj/assertj-core/3.9.1/assertj-core-3.9.1.jar:/root/./workspace/eroohen/eiffel-intelligence-frontend/389200009/.m2/org/mockito/mockito-core/2.15.0/mockito-core-2.15.0.jar:/root/./workspace/eroohen/eiffel-intelligence-frontend/389200009/.m2/net/bytebuddy/byte-buddy-agent/1.7.11/byte-buddy-agent-1.7.11.jar:/root/./workspace/eroohen/eiffel-intelligence-frontend/389200009/.m2/org/objenesis/objenesis/2.6/objenesis-2.6.jar:/root/./workspace/eroohen/eiffel-intelligence-frontend/389200009/.m2/org/hamcrest/hamcrest-core/1.3/hamcrest-core-1.3.jar:/root/./workspace/eroohen/eiffel-intelligence-frontend/389200009/.m2/org/hamcrest/hamcrest-library/1.3/hamcrest-library-1.3.jar:/root/./workspace/eroohen/eiffel-intelligence-frontend/389200009/.m2/org/skyscreamer/jsonassert/1.5.0/jsonassert-1.5.0.jar:/root/./workspace/eroohen/eiffel-intelligence-frontend/389200009/.m2/com/vaadin/external/google/android-json/0.0.20131108.vaadin1/android-json-0.0.20131108.vaadin1.jar:/root/./workspace/eroohen/eiffel-intelligence-frontend/389200009/.m2/org/springframework/spring-core/5.0.5.RELEASE/spring-core-5.0.5.RELEASE.jar:/root/./workspace/eroohen/eiffel-intelligence-frontend/389200009/.m2/org/springframework/spring-jcl/5.0.5.RELEASE/spring-jcl-5.0.5.RELEASE.jar:/root/./workspace/eroohen/eiffel-intelligence-frontend/389200009/.m2/org/springframework/spring-test/5.0.5.RELEASE/spring-test-5.0.5.RELEASE.jar:/root/./workspace/eroohen/eiffel-intelligence-frontend/389200009/.m2/org/xmlunit/xmlunit-core/2.5.1/xmlunit-core-2.5.1.jar:/root/./workspace/eroohen/eiffel-intelligence-frontend/389200009/.m2/org/projectlombok/lombok/1.16.20/lombok-1.16.20.jar:/root/./workspace/eroohen/eiffel-intelligence-frontend/389200009/.m2/com/google/code/gson/gson/2.8.4/gson-2.8.4.jar:/root/./workspace/eroohen/eiffel-intelligence-frontend/389200009/.m2/junit/junit/4.12/junit-4.12.jar:/root/./workspace/eroohen/eiffel-intelligence-frontend/389200009/.m2/org/mockito/mockito-all/1.10.19/mockito-all-1.10.19.jar:/root/./workspace/eroohen/eiffel-intelligence-frontend/389200009/.m2/org/seleniumhq/selenium/selenium-firefox-driver/3.12.0/selenium-firefox-driver-3.12.0.jar:/root/./workspace/eroohen/eiffel-intelligence-frontend/389200009/.m2/org/seleniumhq/selenium/selenium-api/3.9.1/selenium-api-3.9.1.jar:/root/./workspace/eroohen/eiffel-intelligence-frontend/389200009/.m2/org/seleniumhq/selenium/selenium-remote-driver/3.9.1/selenium-remote-driver-3.9.1.jar:/root/./workspace/eroohen/eiffel-intelligence-frontend/389200009/.m2/net/bytebuddy/byte-buddy/1.7.11/byte-buddy-1.7.11.jar:/root/./workspace/eroohen/eiffel-intelligence-frontend/389200009/.m2/org/apache/commons/commons-exec/1.3/commons-exec-1.3.jar:/root/./workspace/eroohen/eiffel-intelligence-frontend/389200009/.m2/commons-logging/commons-logging/1.2/commons-logging-1.2.jar:/root/./workspace/eroohen/eiffel-intelligence-frontend/389200009/.m2/com/google/guava/guava/23.6-jre/guava-23.6-jre.jar:/root/./workspace/eroohen/eiffel-intelligence-frontend/389200009/.m2/com/google/code/findbugs/jsr305/1.3.9/jsr305-1.3.9.jar:/root/./workspace/eroohen/eiffel-intelligence-frontend/389200009/.m2/org/checkerframework/checker-compat-qual/2.0.0/checker-compat-qual-2.0.0.jar:/root/./workspace/eroohen/eiffel-intelligence-frontend/389200009/.m2/com/google/errorprone/error_prone_annotations/2.1.3/error_prone_annotations-2.1.3.jar:/root/./workspace/eroohen/eiffel-intelligence-frontend/389200009/.m2/com/google/j2objc/j2objc-annotations/1.1/j2objc-annotations-1.1.jar:/root/./workspace/eroohen/eiffel-intelligence-frontend/389200009/.m2/org/codehaus/mojo/animal-sniffer-annotations/1.14/animal-sniffer-annotations-1.14.jar:/root/./workspace/eroohen/eiffel-intelligence-frontend/389200009/.m2/com/squareup/okhttp3/okhttp/3.9.1/okhttp-3.9.1.jar:/root/./workspace/eroohen/eiffel-intelligence-frontend/389200009/.m2/com/squareup/okio/okio/1.13.0/okio-1.13.0.jar:/root/./workspace/eroohen/eiffel-intelligence-frontend/389200009/.m2/org/seleniumhq/selenium/selenium-server/3.12.0/selenium-server-3.12.0.jar:/root/./workspace/eroohen/eiffel-intelligence-frontend/389200009/.m2/org/seleniumhq/selenium/selenium-java/3.9.1/selenium-java-3.9.1.jar:/root/./workspace/eroohen/eiffel-intelligence-frontend/389200009/.m2/org/seleniumhq/selenium/selenium-chrome-driver/3.9.1/selenium-chrome-driver-3.9.1.jar:/root/./workspace/eroohen/eiffel-intelligence-frontend/389200009/.m2/org/seleniumhq/selenium/selenium-edge-driver/3.9.1/selenium-edge-driver-3.9.1.jar:/root/./workspace/eroohen/eiffel-intelligence-frontend/389200009/.m2/org/seleniumhq/selenium/selenium-ie-driver/3.9.1/selenium-ie-driver-3.9.1.jar:/root/./workspace/eroohen/eiffel-intelligence-frontend/389200009/.m2/org/seleniumhq/selenium/selenium-opera-driver/3.9.1/selenium-opera-driver-3.9.1.jar:/root/./workspace/eroohen/eiffel-intelligence-frontend/389200009/.m2/org/seleniumhq/selenium/selenium-safari-driver/3.9.1/selenium-safari-driver-3.9.1.jar:/root/./workspace/eroohen/eiffel-intelligence-frontend/389200009/.m2/org/seleniumhq/selenium/selenium-support/3.9.1/selenium-support-3.9.1.jar:/root/./workspace/eroohen/eiffel-intelligence-frontend/389200009/.m2/com/beust/jcommander/1.72/jcommander-1.72.jar:/root/./workspace/eroohen/eiffel-intelligence-frontend/389200009/.m2/org/apache/commons/commons-lang3/3.7/commons-lang3-3.7.jar:/root/./workspace/eroohen/eiffel-intelligence-frontend/389200009/.m2/org/apache/commons/commons-text/1.1/commons-text-1.1.jar:/root/./workspace/eroohen/eiffel-intelligence-frontend/389200009/.m2/commons-io/commons-io/2.6/commons-io-2.6.jar:/root/./workspace/eroohen/eiffel-intelligence-frontend/389200009/.m2/commons-net/commons-net/3.6/commons-net-3.6.jar:/root/./workspace/eroohen/eiffel-intelligence-frontend/389200009/.m2/org/w3c/css/sac/1.3/sac-1.3.jar:/root/./workspace/eroohen/eiffel-intelligence-frontend/389200009/.m2/net/sourceforge/cssparser/cssparser/0.9.24/cssparser-0.9.24.jar:/root/./workspace/eroohen/eiffel-intelligence-frontend/389200009/.m2/net/sourceforge/htmlunit/htmlunit/2.29/htmlunit-2.29.jar:/root/./workspace/eroohen/eiffel-intelligence-frontend/389200009/.m2/net/sourceforge/htmlunit/htmlunit-core-js/2.28/htmlunit-core-js-2.28.jar:/root/./workspace/eroohen/eiffel-intelligence-frontend/389200009/.m2/net/sourceforge/htmlunit/neko-htmlunit/2.28/neko-htmlunit-2.28.jar:/root/./workspace/eroohen/eiffel-intelligence-frontend/389200009/.m2/org/apache/httpcomponents/httpmime/4.5.5/httpmime-4.5.5.jar:/root/./workspace/eroohen/eiffel-intelligence-frontend/389200009/.m2/net/jcip/jcip-annotations/1.0/jcip-annotations-1.0.jar:/root/./workspace/eroohen/eiffel-intelligence-frontend/389200009/.m2/org/seleniumhq/selenium/jetty-repacked/9.4.7.v20171121/jetty-repacked-9.4.7.v20171121.jar:/root/./workspace/eroohen/eiffel-intelligence-frontend/389200009/.m2/org/eclipse/jetty/jetty-client/9.4.9.v20180320/jetty-client-9.4.9.v20180320.jar:/root/./workspace/eroohen/eiffel-intelligence-frontend/389200009/.m2/org/eclipse/jetty/jetty-http/9.4.9.v20180320/jetty-http-9.4.9.v20180320.jar:/root/./workspace/eroohen/eiffel-intelligence-frontend/389200009/.m2/org/eclipse/jetty/jetty-io/9.4.9.v20180320/jetty-io-9.4.9.v20180320.jar:/root/./workspace/eroohen/eiffel-intelligence-frontend/389200009/.m2/org/eclipse/jetty/jetty-util/9.4.9.v20180320/jetty-util-9.4.9.v20180320.jar:/root/./workspace/eroohen/eiffel-intelligence-frontend/389200009/.m2/org/eclipse/jetty/jetty-xml/9.4.9.v20180320/jetty-xml-9.4.9.v20180320.jar:/root/./workspace/eroohen/eiffel-intelligence-frontend/389200009/.m2/org/seleniumhq/selenium/htmlunit-driver/2.29.3/htmlunit-driver-2.29.3.jar:/root/./workspace/eroohen/eiffel-intelligence-frontend/389200009/.m2/javax/servlet/javax.servlet-api/3.1.0/javax.servlet-api-3.1.0.jar:/root/./workspace/eroohen/eiffel-intelligence-frontend/389200009/.m2/org/eclipse/jetty/websocket/websocket-api/9.4.9.v20180320/websocket-api-9.4.9.v20180320.jar:/root/./workspace/eroohen/eiffel-intelligence-frontend/389200009/.m2/org/eclipse/jetty/websocket/websocket-client/9.4.9.v20180320/websocket-client-9.4.9.v20180320.jar:/root/./workspace/eroohen/eiffel-intelligence-frontend/389200009/.m2/org/eclipse/jetty/websocket/websocket-common/9.4.9.v20180320/websocket-common-9.4.9.v20180320.jar:/root/./workspace/eroohen/eiffel-intelligence-frontend/389200009/.m2/xalan/serializer/2.7.2/serializer-2.7.2.jar:/root/./workspace/eroohen/eiffel-intelligence-frontend/389200009/.m2/xalan/xalan/2.7.2/xalan-2.7.2.jar:/root/./workspace/eroohen/eiffel-intelligence-frontend/389200009/.m2/xerces/xercesImpl/2.11.0/xercesImpl-2.11.0.jar:/root/./workspace/eroohen/eiffel-intelligence-frontend/389200009/.m2/xml-apis/xml-apis/1.4.01/xml-apis-1.4.01.jar:/root/./workspace/eroohen/eiffel-intelligence-frontend/389200009/.m2/org/yaml/snakeyaml/1.19/snakeyaml-1.19.jar:/root/./workspace/eroohen/eiffel-intelligence-frontend/389200009/.m2/org/mock-server/mockserver-client-java/5.3.0/mockserver-client-java-5.3.0.jar:/root/./workspace/eroohen/eiffel-intelligence-frontend/389200009/.m2/org/mock-server/mockserver-core/5.3.0/mockserver-core-5.3.0.jar:/root/./workspace/eroohen/eiffel-intelligence-frontend/389200009/.m2/io/netty/netty-codec-socks/4.1.23.Final/netty-codec-socks-4.1.23.Final.jar:/root/./workspace/eroohen/eiffel-intelligence-frontend/389200009/.m2/com/jcraft/jzlib/1.1.3/jzlib-1.1.3.jar:/root/./workspace/eroohen/eiffel-intelligence-frontend/389200009/.m2/org/bouncycastle/bcmail-jdk15on/1.58/bcmail-jdk15on-1.58.jar:/root/./workspace/eroohen/eiffel-intelligence-frontend/389200009/.m2/org/bouncycastle/bcpkix-jdk15on/1.58/bcpkix-jdk15on-1.58.jar:/root/./workspace/eroohen/eiffel-intelligence-frontend/389200009/.m2/org/apache/velocity/velocity-engine-scripting/2.0/velocity-engine-scripting-2.0.jar:/root/./workspace/eroohen/eiffel-intelligence-frontend/389200009/.m2/org/apache/velocity/velocity-engine-core/2.0/velocity-engine-core-2.0.jar:/root/./workspace/eroohen/eiffel-intelligence-frontend/389200009/.m2/com/fasterxml/jackson/core/jackson-core/2.9.5/jackson-core-2.9.5.jar:/root/./workspace/eroohen/eiffel-intelligence-frontend/389200009/.m2/com/fasterxml/jackson/core/jackson-annotations/2.9.0/jackson-annotations-2.9.0.jar:/root/./workspace/eroohen/eiffel-intelligence-frontend/389200009/.m2/com/github/java-json-tools/json-schema-validator/2.2.8/json-schema-validator-2.2.8.jar:/root/./workspace/eroohen/eiffel-intelligence-frontend/389200009/.m2/com/github/java-json-tools/json-schema-core/1.2.8/json-schema-core-1.2.8.jar:/root/./workspace/eroohen/eiffel-intelligence-frontend/389200009/.m2/org/mozilla/rhino/1.7R4/rhino-1.7R4.jar:/root/./workspace/eroohen/eiffel-intelligence-frontend/389200009/.m2/com/github/fge/jackson-coreutils/1.8/jackson-coreutils-1.8.jar:/root/./workspace/eroohen/eiffel-intelligence-frontend/389200009/.m2/com/github/fge/msg-simple/1.1/msg-simple-1.1.jar:/root/./workspace/eroohen/eiffel-intelligence-frontend/389200009/.m2/com/github/fge/btf/1.2/btf-1.2.jar:/root/./workspace/eroohen/eiffel-intelligence-frontend/389200009/.m2/com/github/fge/uri-template/0.9/uri-template-0.9.jar:/root/./workspace/eroohen/eiffel-intelligence-frontend/389200009/.m2/javax/mail/mailapi/1.4.3/mailapi-1.4.3.jar:/root/./workspace/eroohen/eiffel-intelligence-frontend/389200009/.m2/javax/activation/activation/1.1/activation-1.1.jar:/root/./workspace/eroohen/eiffel-intelligence-frontend/389200009/.m2/joda-time/joda-time/2.9.9/joda-time-2.9.9.jar:/root/./workspace/eroohen/eiffel-intelligence-frontend/389200009/.m2/com/googlecode/libphonenumber/libphonenumber/8.0.0/libphonenumber-8.0.0.jar:/root/./workspace/eroohen/eiffel-intelligence-frontend/389200009/.m2/net/sf/jopt-simple/jopt-simple/5.0.3/jopt-simple-5.0.3.jar:/root/./workspace/eroohen/eiffel-intelligence-frontend/389200009/.m2/javax/xml/bind/jaxb-api/2.3.0/jaxb-api-2.3.0.jar:/root/./workspace/eroohen/eiffel-intelligence-frontend/389200009/.m2/commons-collections/commons-collections/3.2.2/commons-collections-3.2.2.jar:/root/./workspace/eroohen/eiffel-intelligence-frontend/389200009/.m2/org/slf4j/slf4j-api/1.7.25/slf4j-api-1.7.25.jar:/root/./workspace/eroohen/eiffel-intelligence-frontend/389200009/.m2/ch/qos/logback/logback-classic/1.2.3/logback-classic-1.2.3.jar:/root/./workspace/eroohen/eiffel-intelligence-frontend/389200009/.m2/ch/qos/logback/logback-core/1.2.3/logback-core-1.2.3.jar:/root/./workspace/eroohen/eiffel-intelligence-frontend/389200009/.m2/org/mock-server/mockserver-netty/5.3.0/mockserver-netty-5.3.0.jar:/root/./workspace/eroohen/eiffel-intelligence-frontend/389200009/.m2/io/netty/netty-buffer/4.1.23.Final/netty-buffer-4.1.23.Final.jar:/root/./workspace/eroohen/eiffel-intelligence-frontend/389200009/.m2/io/netty/netty-codec/4.1.23.Final/netty-codec-4.1.23.Final.jar:/root/./workspace/eroohen/eiffel-intelligence-frontend/389200009/.m2/io/netty/netty-codec-http/4.1.23.Final/netty-codec-http-4.1.23.Final.jar:/root/./workspace/eroohen/eiffel-intelligence-frontend/389200009/.m2/io/netty/netty-common/4.1.23.Final/netty-common-4.1.23.Final.jar:/root/./workspace/eroohen/eiffel-intelligence-frontend/389200009/.m2/io/netty/netty-handler/4.1.23.Final/netty-handler-4.1.23.Final.jar:/root/./workspace/eroohen/eiffel-intelligence-frontend/389200009/.m2/io/netty/netty-transport/4.1.23.Final/netty-transport-4.1.23.Final.jar:/root/./workspace/eroohen/eiffel-intelligence-frontend/389200009/.m2/io/netty/netty-resolver/4.1.23.Final/netty-resolver-4.1.23.Final.jar:/root/./workspace/eroohen/eiffel-intelligence-frontend/389200009/.m2/org/bouncycastle/bcprov-jdk15on/1.58/bcprov-jdk15on-1.58.jar:/root/./workspace/eroohen/eiffel-intelligence-frontend/389200009/.m2/janino/janino/2.5.10/janino-2.5.10.jar:/root/./workspace/eroohen/eiffel-intelligence-frontend/389200009/.m2/org/mock-server/mockserver-logging/5.3.0/mockserver-logging-5.3.0.jar:"/>
    <property name="java.vm.vendor" value="Oracle Corporation"/>
    <property name="skip.bower" value="true"/>
    <property name="sun.arch.data.model" value="64"/>
    <property name="java.vendor.url" value="http://java.oracle.com/"/>
    <property name="user.timezone" value=""/>
    <property name="java.vm.specification.version" value="1.8"/>
    <property name="os.name" value="Linux"/>
    <property name="rat.skip" value="true"/>
    <property name="gpg.skip" value="true"/>
    <property name="sun.java.launcher" value="SUN_STANDARD"/>
    <property name="sun.boot.library.path" value="/usr/lib/jvm/java-8-openjdk-amd64/jre/lib/amd64"/>
    <property name="skip.gulp" value="true"/>
    <property name="sun.java.command" value="/root/workspace/eroohen/eiffel-intelligence-frontend/389200009/target/surefire/surefirebooter322954023564526085.jar /root/workspace/eroohen/eiffel-intelligence-frontend/389200009/target/surefire 2018-06-07T13-27-07_631-jvmRun1 surefire148955382885905953tmp surefire_0662795027037907446tmp"/>
    <property name="dependency-check.skip" value="true"/>
    <property name="surefire.test.class.path" value="/root/workspace/eroohen/eiffel-intelligence-frontend/389200009/target/test-classes:/root/workspace/eroohen/eiffel-intelligence-frontend/389200009/target/classes:/root/./workspace/eroohen/eiffel-intelligence-frontend/389200009/.m2/org/springframework/boot/spring-boot-starter-actuator/2.0.1.RELEASE/spring-boot-starter-actuator-2.0.1.RELEASE.jar:/root/./workspace/eroohen/eiffel-intelligence-frontend/389200009/.m2/org/springframework/boot/spring-boot-starter/2.0.1.RELEASE/spring-boot-starter-2.0.1.RELEASE.jar:/root/./workspace/eroohen/eiffel-intelligence-frontend/389200009/.m2/org/springframework/boot/spring-boot-starter-logging/2.0.1.RELEASE/spring-boot-starter-logging-2.0.1.RELEASE.jar:/root/./workspace/eroohen/eiffel-intelligence-frontend/389200009/.m2/org/apache/logging/log4j/log4j-to-slf4j/2.10.0/log4j-to-slf4j-2.10.0.jar:/root/./workspace/eroohen/eiffel-intelligence-frontend/389200009/.m2/org/apache/logging/log4j/log4j-api/2.10.0/log4j-api-2.10.0.jar:/root/./workspace/eroohen/eiffel-intelligence-frontend/389200009/.m2/org/slf4j/jul-to-slf4j/1.7.25/jul-to-slf4j-1.7.25.jar:/root/./workspace/eroohen/eiffel-intelligence-frontend/389200009/.m2/org/springframework/boot/spring-boot-actuator-autoconfigure/2.0.1.RELEASE/spring-boot-actuator-autoconfigure-2.0.1.RELEASE.jar:/root/./workspace/eroohen/eiffel-intelligence-frontend/389200009/.m2/org/springframework/boot/spring-boot-actuator/2.0.1.RELEASE/spring-boot-actuator-2.0.1.RELEASE.jar:/root/./workspace/eroohen/eiffel-intelligence-frontend/389200009/.m2/com/fasterxml/jackson/core/jackson-databind/2.9.5/jackson-databind-2.9.5.jar:/root/./workspace/eroohen/eiffel-intelligence-frontend/389200009/.m2/org/springframework/spring-context/5.0.5.RELEASE/spring-context-5.0.5.RELEASE.jar:/root/./workspace/eroohen/eiffel-intelligence-frontend/389200009/.m2/com/fasterxml/jackson/datatype/jackson-datatype-jsr310/2.9.5/jackson-datatype-jsr310-2.9.5.jar:/root/./workspace/eroohen/eiffel-intelligence-frontend/389200009/.m2/io/micrometer/micrometer-core/1.0.3/micrometer-core-1.0.3.jar:/root/./workspace/eroohen/eiffel-intelligence-frontend/389200009/.m2/org/hdrhistogram/HdrHistogram/2.1.10/HdrHistogram-2.1.10.jar:/root/./workspace/eroohen/eiffel-intelligence-frontend/389200009/.m2/org/latencyutils/LatencyUtils/2.0.3/LatencyUtils-2.0.3.jar:/root/./workspace/eroohen/eiffel-intelligence-frontend/389200009/.m2/org/springframework/boot/spring-boot-starter-web/2.0.1.RELEASE/spring-boot-starter-web-2.0.1.RELEASE.jar:/root/./workspace/eroohen/eiffel-intelligence-frontend/389200009/.m2/org/springframework/boot/spring-boot-starter-json/2.0.1.RELEASE/spring-boot-starter-json-2.0.1.RELEASE.jar:/root/./workspace/eroohen/eiffel-intelligence-frontend/389200009/.m2/com/fasterxml/jackson/datatype/jackson-datatype-jdk8/2.9.5/jackson-datatype-jdk8-2.9.5.jar:/root/./workspace/eroohen/eiffel-intelligence-frontend/389200009/.m2/com/fasterxml/jackson/module/jackson-module-parameter-names/2.9.5/jackson-module-parameter-names-2.9.5.jar:/root/./workspace/eroohen/eiffel-intelligence-frontend/389200009/.m2/org/hibernate/validator/hibernate-validator/6.0.9.Final/hibernate-validator-6.0.9.Final.jar:/root/./workspace/eroohen/eiffel-intelligence-frontend/389200009/.m2/javax/validation/validation-api/2.0.1.Final/validation-api-2.0.1.Final.jar:/root/./workspace/eroohen/eiffel-intelligence-frontend/389200009/.m2/org/jboss/logging/jboss-logging/3.3.2.Final/jboss-logging-3.3.2.Final.jar:/root/./workspace/eroohen/eiffel-intelligence-frontend/389200009/.m2/com/fasterxml/classmate/1.3.4/classmate-1.3.4.jar:/root/./workspace/eroohen/eiffel-intelligence-frontend/389200009/.m2/org/springframework/spring-web/5.0.5.RELEASE/spring-web-5.0.5.RELEASE.jar:/root/./workspace/eroohen/eiffel-intelligence-frontend/389200009/.m2/org/springframework/spring-beans/5.0.5.RELEASE/spring-beans-5.0.5.RELEASE.jar:/root/./workspace/eroohen/eiffel-intelligence-frontend/389200009/.m2/org/springframework/spring-webmvc/5.0.5.RELEASE/spring-webmvc-5.0.5.RELEASE.jar:/root/./workspace/eroohen/eiffel-intelligence-frontend/389200009/.m2/org/springframework/spring-aop/5.0.5.RELEASE/spring-aop-5.0.5.RELEASE.jar:/root/./workspace/eroohen/eiffel-intelligence-frontend/389200009/.m2/org/springframework/spring-expression/5.0.5.RELEASE/spring-expression-5.0.5.RELEASE.jar:/root/./workspace/eroohen/eiffel-intelligence-frontend/389200009/.m2/org/springframework/boot/spring-boot-starter-thymeleaf/2.0.1.RELEASE/spring-boot-starter-thymeleaf-2.0.1.RELEASE.jar:/root/./workspace/eroohen/eiffel-intelligence-frontend/389200009/.m2/org/thymeleaf/thymeleaf-spring5/3.0.9.RELEASE/thymeleaf-spring5-3.0.9.RELEASE.jar:/root/./workspace/eroohen/eiffel-intelligence-frontend/389200009/.m2/org/thymeleaf/thymeleaf/3.0.9.RELEASE/thymeleaf-3.0.9.RELEASE.jar:/root/./workspace/eroohen/eiffel-intelligence-frontend/389200009/.m2/org/attoparser/attoparser/2.0.4.RELEASE/attoparser-2.0.4.RELEASE.jar:/root/./workspace/eroohen/eiffel-intelligence-frontend/389200009/.m2/org/unbescape/unbescape/1.1.5.RELEASE/unbescape-1.1.5.RELEASE.jar:/root/./workspace/eroohen/eiffel-intelligence-frontend/389200009/.m2/org/thymeleaf/extras/thymeleaf-extras-java8time/3.0.1.RELEASE/thymeleaf-extras-java8time-3.0.1.RELEASE.jar:/root/./workspace/eroohen/eiffel-intelligence-frontend/389200009/.m2/org/springframework/boot/spring-boot-devtools/2.0.1.RELEASE/spring-boot-devtools-2.0.1.RELEASE.jar:/root/./workspace/eroohen/eiffel-intelligence-frontend/389200009/.m2/org/springframework/boot/spring-boot/2.0.1.RELEASE/spring-boot-2.0.1.RELEASE.jar:/root/./workspace/eroohen/eiffel-intelligence-frontend/389200009/.m2/org/springframework/boot/spring-boot-autoconfigure/2.0.1.RELEASE/spring-boot-autoconfigure-2.0.1.RELEASE.jar:/root/./workspace/eroohen/eiffel-intelligence-frontend/389200009/.m2/org/apache/httpcomponents/httpclient/4.5.3/httpclient-4.5.3.jar:/root/./workspace/eroohen/eiffel-intelligence-frontend/389200009/.m2/org/apache/httpcomponents/httpcore/4.4.9/httpcore-4.4.9.jar:/root/./workspace/eroohen/eiffel-intelligence-frontend/389200009/.m2/commons-codec/commons-codec/1.11/commons-codec-1.11.jar:/root/./workspace/eroohen/eiffel-intelligence-frontend/389200009/.m2/org/springframework/boot/spring-boot-starter-tomcat/2.0.1.RELEASE/spring-boot-starter-tomcat-2.0.1.RELEASE.jar:/root/./workspace/eroohen/eiffel-intelligence-frontend/389200009/.m2/javax/annotation/javax.annotation-api/1.3.2/javax.annotation-api-1.3.2.jar:/root/./workspace/eroohen/eiffel-intelligence-frontend/389200009/.m2/org/apache/tomcat/embed/tomcat-embed-core/8.5.29/tomcat-embed-core-8.5.29.jar:/root/./workspace/eroohen/eiffel-intelligence-frontend/389200009/.m2/org/apache/tomcat/embed/tomcat-embed-el/8.5.29/tomcat-embed-el-8.5.29.jar:/root/./workspace/eroohen/eiffel-intelligence-frontend/389200009/.m2/org/apache/tomcat/embed/tomcat-embed-websocket/8.5.29/tomcat-embed-websocket-8.5.29.jar:/root/./workspace/eroohen/eiffel-intelligence-frontend/389200009/.m2/org/springframework/boot/spring-boot-starter-test/2.0.1.RELEASE/spring-boot-starter-test-2.0.1.RELEASE.jar:/root/./workspace/eroohen/eiffel-intelligence-frontend/389200009/.m2/org/springframework/boot/spring-boot-test/2.0.1.RELEASE/spring-boot-test-2.0.1.RELEASE.jar:/root/./workspace/eroohen/eiffel-intelligence-frontend/389200009/.m2/org/springframework/boot/spring-boot-test-autoconfigure/2.0.1.RELEASE/spring-boot-test-autoconfigure-2.0.1.RELEASE.jar:/root/./workspace/eroohen/eiffel-intelligence-frontend/389200009/.m2/com/jayway/jsonpath/json-path/2.4.0/json-path-2.4.0.jar:/root/./workspace/eroohen/eiffel-intelligence-frontend/389200009/.m2/net/minidev/json-smart/2.3/json-smart-2.3.jar:/root/./workspace/eroohen/eiffel-intelligence-frontend/389200009/.m2/net/minidev/accessors-smart/1.2/accessors-smart-1.2.jar:/root/./workspace/eroohen/eiffel-intelligence-frontend/389200009/.m2/org/ow2/asm/asm/5.0.4/asm-5.0.4.jar:/root/./workspace/eroohen/eiffel-intelligence-frontend/389200009/.m2/org/assertj/assertj-core/3.9.1/assertj-core-3.9.1.jar:/root/./workspace/eroohen/eiffel-intelligence-frontend/389200009/.m2/org/mockito/mockito-core/2.15.0/mockito-core-2.15.0.jar:/root/./workspace/eroohen/eiffel-intelligence-frontend/389200009/.m2/net/bytebuddy/byte-buddy-agent/1.7.11/byte-buddy-agent-1.7.11.jar:/root/./workspace/eroohen/eiffel-intelligence-frontend/389200009/.m2/org/objenesis/objenesis/2.6/objenesis-2.6.jar:/root/./workspace/eroohen/eiffel-intelligence-frontend/389200009/.m2/org/hamcrest/hamcrest-core/1.3/hamcrest-core-1.3.jar:/root/./workspace/eroohen/eiffel-intelligence-frontend/389200009/.m2/org/hamcrest/hamcrest-library/1.3/hamcrest-library-1.3.jar:/root/./workspace/eroohen/eiffel-intelligence-frontend/389200009/.m2/org/skyscreamer/jsonassert/1.5.0/jsonassert-1.5.0.jar:/root/./workspace/eroohen/eiffel-intelligence-frontend/389200009/.m2/com/vaadin/external/google/android-json/0.0.20131108.vaadin1/android-json-0.0.20131108.vaadin1.jar:/root/./workspace/eroohen/eiffel-intelligence-frontend/389200009/.m2/org/springframework/spring-core/5.0.5.RELEASE/spring-core-5.0.5.RELEASE.jar:/root/./workspace/eroohen/eiffel-intelligence-frontend/389200009/.m2/org/springframework/spring-jcl/5.0.5.RELEASE/spring-jcl-5.0.5.RELEASE.jar:/root/./workspace/eroohen/eiffel-intelligence-frontend/389200009/.m2/org/springframework/spring-test/5.0.5.RELEASE/spring-test-5.0.5.RELEASE.jar:/root/./workspace/eroohen/eiffel-intelligence-frontend/389200009/.m2/org/xmlunit/xmlunit-core/2.5.1/xmlunit-core-2.5.1.jar:/root/./workspace/eroohen/eiffel-intelligence-frontend/389200009/.m2/org/projectlombok/lombok/1.16.20/lombok-1.16.20.jar:/root/./workspace/eroohen/eiffel-intelligence-frontend/389200009/.m2/com/google/code/gson/gson/2.8.4/gson-2.8.4.jar:/root/./workspace/eroohen/eiffel-intelligence-frontend/389200009/.m2/junit/junit/4.12/junit-4.12.jar:/root/./workspace/eroohen/eiffel-intelligence-frontend/389200009/.m2/org/mockito/mockito-all/1.10.19/mockito-all-1.10.19.jar:/root/./workspace/eroohen/eiffel-intelligence-frontend/389200009/.m2/org/seleniumhq/selenium/selenium-firefox-driver/3.12.0/selenium-firefox-driver-3.12.0.jar:/root/./workspace/eroohen/eiffel-intelligence-frontend/389200009/.m2/org/seleniumhq/selenium/selenium-api/3.9.1/selenium-api-3.9.1.jar:/root/./workspace/eroohen/eiffel-intelligence-frontend/389200009/.m2/org/seleniumhq/selenium/selenium-remote-driver/3.9.1/selenium-remote-driver-3.9.1.jar:/root/./workspace/eroohen/eiffel-intelligence-frontend/389200009/.m2/net/bytebuddy/byte-buddy/1.7.11/byte-buddy-1.7.11.jar:/root/./workspace/eroohen/eiffel-intelligence-frontend/389200009/.m2/org/apache/commons/commons-exec/1.3/commons-exec-1.3.jar:/root/./workspace/eroohen/eiffel-intelligence-frontend/389200009/.m2/commons-logging/commons-logging/1.2/commons-logging-1.2.jar:/root/./workspace/eroohen/eiffel-intelligence-frontend/389200009/.m2/com/google/guava/guava/23.6-jre/guava-23.6-jre.jar:/root/./workspace/eroohen/eiffel-intelligence-frontend/389200009/.m2/com/google/code/findbugs/jsr305/1.3.9/jsr305-1.3.9.jar:/root/./workspace/eroohen/eiffel-intelligence-frontend/389200009/.m2/org/checkerframework/checker-compat-qual/2.0.0/checker-compat-qual-2.0.0.jar:/root/./workspace/eroohen/eiffel-intelligence-frontend/389200009/.m2/com/google/errorprone/error_prone_annotations/2.1.3/error_prone_annotations-2.1.3.jar:/root/./workspace/eroohen/eiffel-intelligence-frontend/389200009/.m2/com/google/j2objc/j2objc-annotations/1.1/j2objc-annotations-1.1.jar:/root/./workspace/eroohen/eiffel-intelligence-frontend/389200009/.m2/org/codehaus/mojo/animal-sniffer-annotations/1.14/animal-sniffer-annotations-1.14.jar:/root/./workspace/eroohen/eiffel-intelligence-frontend/389200009/.m2/com/squareup/okhttp3/okhttp/3.9.1/okhttp-3.9.1.jar:/root/./workspace/eroohen/eiffel-intelligence-frontend/389200009/.m2/com/squareup/okio/okio/1.13.0/okio-1.13.0.jar:/root/./workspace/eroohen/eiffel-intelligence-frontend/389200009/.m2/org/seleniumhq/selenium/selenium-server/3.12.0/selenium-server-3.12.0.jar:/root/./workspace/eroohen/eiffel-intelligence-frontend/389200009/.m2/org/seleniumhq/selenium/selenium-java/3.9.1/selenium-java-3.9.1.jar:/root/./workspace/eroohen/eiffel-intelligence-frontend/389200009/.m2/org/seleniumhq/selenium/selenium-chrome-driver/3.9.1/selenium-chrome-driver-3.9.1.jar:/root/./workspace/eroohen/eiffel-intelligence-frontend/389200009/.m2/org/seleniumhq/selenium/selenium-edge-driver/3.9.1/selenium-edge-driver-3.9.1.jar:/root/./workspace/eroohen/eiffel-intelligence-frontend/389200009/.m2/org/seleniumhq/selenium/selenium-ie-driver/3.9.1/selenium-ie-driver-3.9.1.jar:/root/./workspace/eroohen/eiffel-intelligence-frontend/389200009/.m2/org/seleniumhq/selenium/selenium-opera-driver/3.9.1/selenium-opera-driver-3.9.1.jar:/root/./workspace/eroohen/eiffel-intelligence-frontend/389200009/.m2/org/seleniumhq/selenium/selenium-safari-driver/3.9.1/selenium-safari-driver-3.9.1.jar:/root/./workspace/eroohen/eiffel-intelligence-frontend/389200009/.m2/org/seleniumhq/selenium/selenium-support/3.9.1/selenium-support-3.9.1.jar:/root/./workspace/eroohen/eiffel-intelligence-frontend/389200009/.m2/com/beust/jcommander/1.72/jcommander-1.72.jar:/root/./workspace/eroohen/eiffel-intelligence-frontend/389200009/.m2/org/apache/commons/commons-lang3/3.7/commons-lang3-3.7.jar:/root/./workspace/eroohen/eiffel-intelligence-frontend/389200009/.m2/org/apache/commons/commons-text/1.1/commons-text-1.1.jar:/root/./workspace/eroohen/eiffel-intelligence-frontend/389200009/.m2/commons-io/commons-io/2.6/commons-io-2.6.jar:/root/./workspace/eroohen/eiffel-intelligence-frontend/389200009/.m2/commons-net/commons-net/3.6/commons-net-3.6.jar:/root/./workspace/eroohen/eiffel-intelligence-frontend/389200009/.m2/org/w3c/css/sac/1.3/sac-1.3.jar:/root/./workspace/eroohen/eiffel-intelligence-frontend/389200009/.m2/net/sourceforge/cssparser/cssparser/0.9.24/cssparser-0.9.24.jar:/root/./workspace/eroohen/eiffel-intelligence-frontend/389200009/.m2/net/sourceforge/htmlunit/htmlunit/2.29/htmlunit-2.29.jar:/root/./workspace/eroohen/eiffel-intelligence-frontend/389200009/.m2/net/sourceforge/htmlunit/htmlunit-core-js/2.28/htmlunit-core-js-2.28.jar:/root/./workspace/eroohen/eiffel-intelligence-frontend/389200009/.m2/net/sourceforge/htmlunit/neko-htmlunit/2.28/neko-htmlunit-2.28.jar:/root/./workspace/eroohen/eiffel-intelligence-frontend/389200009/.m2/org/apache/httpcomponents/httpmime/4.5.5/httpmime-4.5.5.jar:/root/./workspace/eroohen/eiffel-intelligence-frontend/389200009/.m2/net/jcip/jcip-annotations/1.0/jcip-annotations-1.0.jar:/root/./workspace/eroohen/eiffel-intelligence-frontend/389200009/.m2/org/seleniumhq/selenium/jetty-repacked/9.4.7.v20171121/jetty-repacked-9.4.7.v20171121.jar:/root/./workspace/eroohen/eiffel-intelligence-frontend/389200009/.m2/org/eclipse/jetty/jetty-client/9.4.9.v20180320/jetty-client-9.4.9.v20180320.jar:/root/./workspace/eroohen/eiffel-intelligence-frontend/389200009/.m2/org/eclipse/jetty/jetty-http/9.4.9.v20180320/jetty-http-9.4.9.v20180320.jar:/root/./workspace/eroohen/eiffel-intelligence-frontend/389200009/.m2/org/eclipse/jetty/jetty-io/9.4.9.v20180320/jetty-io-9.4.9.v20180320.jar:/root/./workspace/eroohen/eiffel-intelligence-frontend/389200009/.m2/org/eclipse/jetty/jetty-util/9.4.9.v20180320/jetty-util-9.4.9.v20180320.jar:/root/./workspace/eroohen/eiffel-intelligence-frontend/389200009/.m2/org/eclipse/jetty/jetty-xml/9.4.9.v20180320/jetty-xml-9.4.9.v20180320.jar:/root/./workspace/eroohen/eiffel-intelligence-frontend/389200009/.m2/org/seleniumhq/selenium/htmlunit-driver/2.29.3/htmlunit-driver-2.29.3.jar:/root/./workspace/eroohen/eiffel-intelligence-frontend/389200009/.m2/javax/servlet/javax.servlet-api/3.1.0/javax.servlet-api-3.1.0.jar:/root/./workspace/eroohen/eiffel-intelligence-frontend/389200009/.m2/org/eclipse/jetty/websocket/websocket-api/9.4.9.v20180320/websocket-api-9.4.9.v20180320.jar:/root/./workspace/eroohen/eiffel-intelligence-frontend/389200009/.m2/org/eclipse/jetty/websocket/websocket-client/9.4.9.v20180320/websocket-client-9.4.9.v20180320.jar:/root/./workspace/eroohen/eiffel-intelligence-frontend/389200009/.m2/org/eclipse/jetty/websocket/websocket-common/9.4.9.v20180320/websocket-common-9.4.9.v20180320.jar:/root/./workspace/eroohen/eiffel-intelligence-frontend/389200009/.m2/xalan/serializer/2.7.2/serializer-2.7.2.jar:/root/./workspace/eroohen/eiffel-intelligence-frontend/389200009/.m2/xalan/xalan/2.7.2/xalan-2.7.2.jar:/root/./workspace/eroohen/eiffel-intelligence-frontend/389200009/.m2/xerces/xercesImpl/2.11.0/xercesImpl-2.11.0.jar:/root/./workspace/eroohen/eiffel-intelligence-frontend/389200009/.m2/xml-apis/xml-apis/1.4.01/xml-apis-1.4.01.jar:/root/./workspace/eroohen/eiffel-intelligence-frontend/389200009/.m2/org/yaml/snakeyaml/1.19/snakeyaml-1.19.jar:/root/./workspace/eroohen/eiffel-intelligence-frontend/389200009/.m2/org/mock-server/mockserver-client-java/5.3.0/mockserver-client-java-5.3.0.jar:/root/./workspace/eroohen/eiffel-intelligence-frontend/389200009/.m2/org/mock-server/mockserver-core/5.3.0/mockserver-core-5.3.0.jar:/root/./workspace/eroohen/eiffel-intelligence-frontend/389200009/.m2/io/netty/netty-codec-socks/4.1.23.Final/netty-codec-socks-4.1.23.Final.jar:/root/./workspace/eroohen/eiffel-intelligence-frontend/389200009/.m2/com/jcraft/jzlib/1.1.3/jzlib-1.1.3.jar:/root/./workspace/eroohen/eiffel-intelligence-frontend/389200009/.m2/org/bouncycastle/bcmail-jdk15on/1.58/bcmail-jdk15on-1.58.jar:/root/./workspace/eroohen/eiffel-intelligence-frontend/389200009/.m2/org/bouncycastle/bcpkix-jdk15on/1.58/bcpkix-jdk15on-1.58.jar:/root/./workspace/eroohen/eiffel-intelligence-frontend/389200009/.m2/org/apache/velocity/velocity-engine-scripting/2.0/velocity-engine-scripting-2.0.jar:/root/./workspace/eroohen/eiffel-intelligence-frontend/389200009/.m2/org/apache/velocity/velocity-engine-core/2.0/velocity-engine-core-2.0.jar:/root/./workspace/eroohen/eiffel-intelligence-frontend/389200009/.m2/com/fasterxml/jackson/core/jackson-core/2.9.5/jackson-core-2.9.5.jar:/root/./workspace/eroohen/eiffel-intelligence-frontend/389200009/.m2/com/fasterxml/jackson/core/jackson-annotations/2.9.0/jackson-annotations-2.9.0.jar:/root/./workspace/eroohen/eiffel-intelligence-frontend/389200009/.m2/com/github/java-json-tools/json-schema-validator/2.2.8/json-schema-validator-2.2.8.jar:/root/./workspace/eroohen/eiffel-intelligence-frontend/389200009/.m2/com/github/java-json-tools/json-schema-core/1.2.8/json-schema-core-1.2.8.jar:/root/./workspace/eroohen/eiffel-intelligence-frontend/389200009/.m2/org/mozilla/rhino/1.7R4/rhino-1.7R4.jar:/root/./workspace/eroohen/eiffel-intelligence-frontend/389200009/.m2/com/github/fge/jackson-coreutils/1.8/jackson-coreutils-1.8.jar:/root/./workspace/eroohen/eiffel-intelligence-frontend/389200009/.m2/com/github/fge/msg-simple/1.1/msg-simple-1.1.jar:/root/./workspace/eroohen/eiffel-intelligence-frontend/389200009/.m2/com/github/fge/btf/1.2/btf-1.2.jar:/root/./workspace/eroohen/eiffel-intelligence-frontend/389200009/.m2/com/github/fge/uri-template/0.9/uri-template-0.9.jar:/root/./workspace/eroohen/eiffel-intelligence-frontend/389200009/.m2/javax/mail/mailapi/1.4.3/mailapi-1.4.3.jar:/root/./workspace/eroohen/eiffel-intelligence-frontend/389200009/.m2/javax/activation/activation/1.1/activation-1.1.jar:/root/./workspace/eroohen/eiffel-intelligence-frontend/389200009/.m2/joda-time/joda-time/2.9.9/joda-time-2.9.9.jar:/root/./workspace/eroohen/eiffel-intelligence-frontend/389200009/.m2/com/googlecode/libphonenumber/libphonenumber/8.0.0/libphonenumber-8.0.0.jar:/root/./workspace/eroohen/eiffel-intelligence-frontend/389200009/.m2/net/sf/jopt-simple/jopt-simple/5.0.3/jopt-simple-5.0.3.jar:/root/./workspace/eroohen/eiffel-intelligence-frontend/389200009/.m2/javax/xml/bind/jaxb-api/2.3.0/jaxb-api-2.3.0.jar:/root/./workspace/eroohen/eiffel-intelligence-frontend/389200009/.m2/commons-collections/commons-collections/3.2.2/commons-collections-3.2.2.jar:/root/./workspace/eroohen/eiffel-intelligence-frontend/389200009/.m2/org/slf4j/slf4j-api/1.7.25/slf4j-api-1.7.25.jar:/root/./workspace/eroohen/eiffel-intelligence-frontend/389200009/.m2/ch/qos/logback/logback-classic/1.2.3/logback-classic-1.2.3.jar:/root/./workspace/eroohen/eiffel-intelligence-frontend/389200009/.m2/ch/qos/logback/logback-core/1.2.3/logback-core-1.2.3.jar:/root/./workspace/eroohen/eiffel-intelligence-frontend/389200009/.m2/org/mock-server/mockserver-netty/5.3.0/mockserver-netty-5.3.0.jar:/root/./workspace/eroohen/eiffel-intelligence-frontend/389200009/.m2/io/netty/netty-buffer/4.1.23.Final/netty-buffer-4.1.23.Final.jar:/root/./workspace/eroohen/eiffel-intelligence-frontend/389200009/.m2/io/netty/netty-codec/4.1.23.Final/netty-codec-4.1.23.Final.jar:/root/./workspace/eroohen/eiffel-intelligence-frontend/389200009/.m2/io/netty/netty-codec-http/4.1.23.Final/netty-codec-http-4.1.23.Final.jar:/root/./workspace/eroohen/eiffel-intelligence-frontend/389200009/.m2/io/netty/netty-common/4.1.23.Final/netty-common-4.1.23.Final.jar:/root/./workspace/eroohen/eiffel-intelligence-frontend/389200009/.m2/io/netty/netty-handler/4.1.23.Final/netty-handler-4.1.23.Final.jar:/root/./workspace/eroohen/eiffel-intelligence-frontend/389200009/.m2/io/netty/netty-transport/4.1.23.Final/netty-transport-4.1.23.Final.jar:/root/./workspace/eroohen/eiffel-intelligence-frontend/389200009/.m2/io/netty/netty-resolver/4.1.23.Final/netty-resolver-4.1.23.Final.jar:/root/./workspace/eroohen/eiffel-intelligence-frontend/389200009/.m2/org/bouncycastle/bcprov-jdk15on/1.58/bcprov-jdk15on-1.58.jar:/root/./workspace/eroohen/eiffel-intelligence-frontend/389200009/.m2/janino/janino/2.5.10/janino-2.5.10.jar:/root/./workspace/eroohen/eiffel-intelligence-frontend/389200009/.m2/org/mock-server/mockserver-logging/5.3.0/mockserver-logging-5.3.0.jar:"/>
    <property name="sun.cpu.endian" value="little"/>
    <property name="user.home" value="/root"/>
    <property name="user.language" value="en"/>
    <property name="java.specification.vendor" value="Oracle Corporation"/>
    <property name="java.home" value="/usr/lib/jvm/java-8-openjdk-amd64/jre"/>
    <property name="basedir" value="/root/workspace/eroohen/eiffel-intelligence-frontend/389200009"/>
    <property name="file.separator" value="/"/>
    <property name="checkstyle.skip" value="true"/>
    <property name="line.separator" value="&#10;"/>
    <property name="skip.npm" value="true"/>
    <property name="java.vm.specification.vendor" value="Oracle Corporation"/>
    <property name="java.specification.name" value="Java Platform API Specification"/>
    <property name="java.awt.graphicsenv" value="sun.awt.X11GraphicsEnvironment"/>
    <property name="skipITs" value="true"/>
    <property name="surefire.real.class.path" value="/root/workspace/eroohen/eiffel-intelligence-frontend/389200009/target/surefire/surefirebooter322954023564526085.jar"/>
    <property name="cobertura.skip" value="true"/>
    <property name="sun.boot.class.path" value="/usr/lib/jvm/java-8-openjdk-amd64/jre/lib/resources.jar:/usr/lib/jvm/java-8-openjdk-amd64/jre/lib/rt.jar:/usr/lib/jvm/java-8-openjdk-amd64/jre/lib/sunrsasign.jar:/usr/lib/jvm/java-8-openjdk-amd64/jre/lib/jsse.jar:/usr/lib/jvm/java-8-openjdk-amd64/jre/lib/jce.jar:/usr/lib/jvm/java-8-openjdk-amd64/jre/lib/charsets.jar:/usr/lib/jvm/java-8-openjdk-amd64/jre/lib/jfr.jar:/usr/lib/jvm/java-8-openjdk-amd64/jre/classes"/>
    <property name="sun.management.compiler" value="HotSpot 64-Bit Tiered Compilers"/>
    <property name="java.runtime.version" value="1.8.0_121-8u121-b13-1~bpo8+1-b13"/>
    <property name="user.name" value="root"/>
    <property name="findbugs.skip" value="true"/>
    <property name="path.separator" value=":"/>
    <property name="os.version" value="3.10.0-862.3.2.el7.x86_64"/>
    <property name="java.endorsed.dirs" value="/usr/lib/jvm/java-8-openjdk-amd64/jre/lib/endorsed"/>
    <property name="java.runtime.name" value="OpenJDK Runtime Environment"/>
    <property name="file.encoding" value="UTF-8"/>
    <property name="java.vm.name" value="OpenJDK 64-Bit Server VM"/>
    <property name="localRepository" value="/root/./workspace/eroohen/eiffel-intelligence-frontend/389200009/.m2"/>
    <property name="java.vendor.url.bug" value="http://bugreport.sun.com/bugreport/"/>
    <property name="java.io.tmpdir" value="/tmp"/>
    <property name="java.version" value="1.8.0_121"/>
    <property name="user.dir" value="/root/workspace/eroohen/eiffel-intelligence-frontend/389200009"/>
    <property name="os.arch" value="amd64"/>
    <property name="license.skip" value="true"/>
    <property name="java.vm.specification.name" value="Java Virtual Machine Specification"/>
    <property name="java.awt.printerjob" value="sun.print.PSPrinterJob"/>
    <property name="sun.os.patch.level" value="unknown"/>
    <property name="java.library.path" value="/usr/java/packages/lib/amd64:/usr/lib/x86_64-linux-gnu/jni:/lib/x86_64-linux-gnu:/usr/lib/x86_64-linux-gnu:/usr/lib/jni:/lib:/usr/lib"/>
    <property name="java.vm.info" value="mixed mode"/>
    <property name="java.vendor" value="Oracle Corporation"/>
    <property name="java.vm.version" value="25.121-b13"/>
    <property name="java.ext.dirs" value="/usr/lib/jvm/java-8-openjdk-amd64/jre/lib/ext:/usr/java/packages/lib/ext"/>
    <property name="sun.io.unicode.encoding" value="UnicodeLittle"/>
    <property name="maven.repo.local" value="/root/./workspace/eroohen/eiffel-intelligence-frontend/389200009/.m2"/>
    <property name="enforcer.skip" value="true"/>
    <property name="java.class.version" value="52.0"/>
  </properties>
  <testcase name="testTemplateTestCase" classname="com.ericsson.ei.frontend.TemplateTestCase" time="0.034">
    <error message="Cannot find firefox binary in PATH. Make sure firefox is installed. OS appears to be: LINUX&#10;Build info: version: &apos;3.9.1&apos;, revision: &apos;63f7b50&apos;, time: &apos;2018-02-07T22:25:02.294Z&apos;&#10;System info: host: &apos;cyclone1&apos;, ip: &apos;172.17.0.4&apos;, os.name: &apos;Linux&apos;, os.arch: &apos;amd64&apos;, os.version: &apos;3.10.0-862.3.2.el7.x86_64&apos;, java.version: &apos;1.8.0_121&apos;&#10;Driver info: driver.version: FirefoxDriver" type="org.openqa.selenium.WebDriverException">org.openqa.selenium.WebDriverException: 
Cannot find firefox binary in PATH. Make sure firefox is installed. OS appears to be: LINUX
Build info: version: '3.9.1', revision: '63f7b50', time: '2018-02-07T22:25:02.294Z'
System info: host: 'cyclone1', ip: '172.17.0.4', os.name: 'Linux', os.arch: 'amd64', os.version: '3.10.0-862.3.2.el7.x86_64', java.version: '1.8.0_121'
Driver info: driver.version: FirefoxDriver
</error>
    <system-out><![CDATA[2018-06-07 13:27:28.433  INFO 193 --- [           main] .b.t.c.SpringBootTestContextBootstrapper : Neither @ContextConfiguration nor @ContextHierarchy found for test class [com.ericsson.ei.frontend.TemplateTestCase], using SpringBootContextLoader
2018-06-07 13:27:28.434  INFO 193 --- [           main] o.s.t.c.support.AbstractContextLoader    : Could not detect default resource locations for test class [com.ericsson.ei.frontend.TemplateTestCase]: no resource found for suffixes {-context.xml, Context.groovy}.
2018-06-07 13:27:28.434  INFO 193 --- [           main] t.c.s.AnnotationConfigContextLoaderUtils : Could not detect default configuration classes for test class [com.ericsson.ei.frontend.TemplateTestCase]: TemplateTestCase does not declare any static, non-private, non-final, nested classes annotated with @Configuration.
2018-06-07 13:27:28.438  INFO 193 --- [           main] .b.t.c.SpringBootTestContextBootstrapper : Found @SpringBootConfiguration com.ericsson.ei.frontend.EIFrontendApplication for test class com.ericsson.ei.frontend.TemplateTestCase
2018-06-07 13:27:28.440  INFO 193 --- [           main] .b.t.c.SpringBootTestContextBootstrapper : Loaded default TestExecutionListener class names from location [META-INF/spring.factories]: [org.springframework.boot.test.mock.mockito.MockitoTestExecutionListener, org.springframework.boot.test.mock.mockito.ResetMocksTestExecutionListener, org.springframework.boot.test.autoconfigure.restdocs.RestDocsTestExecutionListener, org.springframework.boot.test.autoconfigure.web.client.MockRestServiceServerResetTestExecutionListener, org.springframework.boot.test.autoconfigure.web.servlet.MockMvcPrintOnlyOnFailureTestExecutionListener, org.springframework.boot.test.autoconfigure.web.servlet.WebDriverTestExecutionListener, org.springframework.test.context.web.ServletTestExecutionListener, org.springframework.test.context.support.DirtiesContextBeforeModesTestExecutionListener, org.springframework.test.context.support.DependencyInjectionTestExecutionListener, org.springframework.test.context.support.DirtiesContextTestExecutionListener, org.springframework.test.context.transaction.TransactionalTestExecutionListener, org.springframework.test.context.jdbc.SqlScriptsTestExecutionListener]
2018-06-07 13:27:28.442  INFO 193 --- [           main] .b.t.c.SpringBootTestContextBootstrapper : Using TestExecutionListeners: [org.springframework.test.context.web.ServletTestExecutionListener@296a71df, org.springframework.test.context.support.DirtiesContextBeforeModesTestExecutionListener@4db4431b, org.springframework.boot.test.mock.mockito.MockitoTestExecutionListener@52849956, org.springframework.boot.test.autoconfigure.SpringBootDependencyInjectionTestExecutionListener@ab94a32, org.springframework.test.context.support.DirtiesContextTestExecutionListener@70273633, org.springframework.boot.test.mock.mockito.ResetMocksTestExecutionListener@1f641fb7, org.springframework.boot.test.autoconfigure.restdocs.RestDocsTestExecutionListener@69dc7b24, org.springframework.boot.test.autoconfigure.web.client.MockRestServiceServerResetTestExecutionListener@297454f7, org.springframework.boot.test.autoconfigure.web.servlet.MockMvcPrintOnlyOnFailureTestExecutionListener@602b7944, org.springframework.boot.test.autoconfigure.web.servlet.WebDriverTestExecutionListener@5f8d4b51]

  .   ____          _            __ _ _
 /\\ / ___'_ __ _ _(_)_ __  __ _ \ \ \ \
( ( )\___ | '_ | '_| | '_ \/ _` | \ \ \ \
 \\/  ___)| |_)| | | | | || (_| |  ) ) ) )
  '  |____| .__|_| |_|_| |_\__, | / / / /
 =========|_|==============|___/=/_/_/_/
 :: Spring Boot ::        (v2.0.1.RELEASE)

2018-06-07 13:27:28.474 DEBUG 193 --- [           main] o.s.w.c.s.StandardServletEnvironment     : Adding PropertySource 'servletConfigInitParams' with lowest search precedence
2018-06-07 13:27:28.475 DEBUG 193 --- [           main] o.s.w.c.s.StandardServletEnvironment     : Adding PropertySource 'servletContextInitParams' with lowest search precedence
2018-06-07 13:27:28.475 DEBUG 193 --- [           main] o.s.w.c.s.StandardServletEnvironment     : Adding PropertySource 'systemProperties' with lowest search precedence
2018-06-07 13:27:28.475 DEBUG 193 --- [           main] o.s.w.c.s.StandardServletEnvironment     : Adding PropertySource 'systemEnvironment' with lowest search precedence
2018-06-07 13:27:28.475 DEBUG 193 --- [           main] o.s.w.c.s.StandardServletEnvironment     : Initialized StandardServletEnvironment with PropertySources [StubPropertySource {name='servletConfigInitParams'}, StubPropertySource {name='servletContextInitParams'}, MapPropertySource {name='systemProperties'}, SystemEnvironmentPropertySource {name='systemEnvironment'}]
2018-06-07 13:27:28.478  INFO 193 --- [           main] c.ericsson.ei.frontend.TemplateTestCase  : Starting TemplateTestCase on cyclone1 with PID 193 (started by root in /root/workspace/eroohen/eiffel-intelligence-frontend/389200009)
2018-06-07 13:27:28.478 DEBUG 193 --- [           main] c.ericsson.ei.frontend.TemplateTestCase  : Running with Spring Boot v2.0.1.RELEASE, Spring v5.0.5.RELEASE
2018-06-07 13:27:28.479  INFO 193 --- [           main] c.ericsson.ei.frontend.TemplateTestCase  : No active profile set, falling back to default profiles: default
2018-06-07 13:27:28.481  INFO 193 --- [           main] ConfigServletWebServerApplicationContext : Refreshing org.springframework.boot.web.servlet.context.AnnotationConfigServletWebServerApplicationContext@2a349a73: startup date [Thu Jun 07 13:27:28 CEST 2018]; root of context hierarchy
2018-06-07 13:27:29.298  INFO 193 --- [           main] o.s.b.w.embedded.tomcat.TomcatWebServer  : Tomcat initialized with port(s): 0 (http)
2018-06-07 13:27:29.341  INFO 193 --- [           main] o.apache.catalina.core.StandardService   : Starting service [Tomcat]
2018-06-07 13:27:29.342  INFO 193 --- [           main] org.apache.catalina.core.StandardEngine  : Starting Servlet Engine: Apache Tomcat/8.5.29
2018-06-07 13:27:29.353  INFO 193 --- [ost-startStop-1] o.a.catalina.core.AprLifecycleListener   : The APR based Apache Tomcat Native library which allows optimal performance in production environments was not found on the java.library.path: [/usr/java/packages/lib/amd64:/usr/lib/x86_64-linux-gnu/jni:/lib/x86_64-linux-gnu:/usr/lib/x86_64-linux-gnu:/usr/lib/jni:/lib:/usr/lib]
2018-06-07 13:27:29.490  INFO 193 --- [ost-startStop-1] o.a.c.c.C.[Tomcat].[localhost].[/]       : Initializing Spring embedded WebApplicationContext
2018-06-07 13:27:29.490 DEBUG 193 --- [ost-startStop-1] o.s.web.context.ContextLoader            : Published root WebApplicationContext as ServletContext attribute with name [org.springframework.web.context.WebApplicationContext.ROOT]
2018-06-07 13:27:29.490  INFO 193 --- [ost-startStop-1] o.s.web.context.ContextLoader            : Root WebApplicationContext: initialization completed in 1009 ms
2018-06-07 13:27:29.860  INFO 193 --- [ost-startStop-1] o.s.b.w.servlet.ServletRegistrationBean  : Servlet dispatcherServlet mapped to [/]
2018-06-07 13:27:29.866  INFO 193 --- [ost-startStop-1] o.s.b.w.servlet.FilterRegistrationBean   : Mapping filter: 'characterEncodingFilter' to: [/*]
2018-06-07 13:27:29.866  INFO 193 --- [ost-startStop-1] o.s.b.w.servlet.FilterRegistrationBean   : Mapping filter: 'hiddenHttpMethodFilter' to: [/*]
2018-06-07 13:27:29.866  INFO 193 --- [ost-startStop-1] o.s.b.w.servlet.FilterRegistrationBean   : Mapping filter: 'httpPutFormContentFilter' to: [/*]
2018-06-07 13:27:29.867  INFO 193 --- [ost-startStop-1] o.s.b.w.servlet.FilterRegistrationBean   : Mapping filter: 'requestContextFilter' to: [/*]
2018-06-07 13:27:29.867  INFO 193 --- [ost-startStop-1] o.s.b.w.servlet.FilterRegistrationBean   : Mapping filter: 'httpTraceFilter' to: [/*]
2018-06-07 13:27:29.867  INFO 193 --- [ost-startStop-1] o.s.b.w.servlet.FilterRegistrationBean   : Mapping filter: 'webMvcMetricsFilter' to: [/*]
2018-06-07 13:27:29.981  INFO 193 --- [           main] o.s.w.s.handler.SimpleUrlHandlerMapping  : Mapped URL path [/**/favicon.ico] onto handler of type [class org.springframework.web.servlet.resource.ResourceHttpRequestHandler]
2018-06-07 13:27:30.075  INFO 193 --- [           main] s.w.s.m.m.a.RequestMappingHandlerAdapter : Looking for @ControllerAdvice: org.springframework.boot.web.servlet.context.AnnotationConfigServletWebServerApplicationContext@2a349a73: startup date [Thu Jun 07 13:27:28 CEST 2018]; root of context hierarchy
2018-06-07 13:27:30.089 DEBUG 193 --- [           main] s.w.s.m.m.a.RequestMappingHandlerMapping : Looking for request mappings in application context: org.springframework.boot.web.servlet.context.AnnotationConfigServletWebServerApplicationContext@2a349a73: startup date [Thu Jun 07 13:27:28 CEST 2018]; root of context hierarchy
2018-06-07 13:27:30.091 DEBUG 193 --- [           main] s.w.s.m.m.a.RequestMappingHandlerMapping : 5 request handler methods found on class com.ericsson.ei.frontend.BackEndInformationControllerImpl: {public org.springframework.http.ResponseEntity com.ericsson.ei.frontend.BackEndInformationControllerImpl.getInstances(org.springframework.ui.Model)={[/get-instances],methods=[GET]}, public org.springframework.http.ResponseEntity com.ericsson.ei.frontend.BackEndInformationControllerImpl.switchBackEndInstance(org.springframework.ui.Model,javax.servlet.http.HttpServletRequest)={[/switch-backend],methods=[POST]}, public org.springframework.http.ResponseEntity com.ericsson.ei.frontend.BackEndInformationControllerImpl.deleteBackEndInstance(org.springframework.ui.Model,javax.servlet.http.HttpServletRequest)={[/switch-backend],methods=[DELETE]}, public org.springframework.http.ResponseEntity com.ericsson.ei.frontend.BackEndInformationControllerImpl.addInstanceInformation(org.springframework.ui.Model,javax.servlet.http.HttpServletRequest)={[/add-instances],methods=[POST]}, public org.springframework.http.ResponseEntity com.ericsson.ei.frontend.BackEndInformationControllerImpl.switchBackEndInstanceByMainPage(org.springframework.ui.Model,javax.servlet.http.HttpServletRequest)={[/switch-backendByMainPage],methods=[POST]}}
2018-06-07 13:27:30.091  INFO 193 --- [           main] s.w.s.m.m.a.RequestMappingHandlerMapping : Mapped "{[/get-instances],methods=[GET]}" onto public org.springframework.http.ResponseEntity<java.lang.String> com.ericsson.ei.frontend.BackEndInformationControllerImpl.getInstances(org.springframework.ui.Model)
2018-06-07 13:27:30.092  INFO 193 --- [           main] s.w.s.m.m.a.RequestMappingHandlerMapping : Mapped "{[/switch-backend],methods=[POST]}" onto public org.springframework.http.ResponseEntity<java.lang.String> com.ericsson.ei.frontend.BackEndInformationControllerImpl.switchBackEndInstance(org.springframework.ui.Model,javax.servlet.http.HttpServletRequest)
2018-06-07 13:27:30.092  INFO 193 --- [           main] s.w.s.m.m.a.RequestMappingHandlerMapping : Mapped "{[/switch-backend],methods=[DELETE]}" onto public org.springframework.http.ResponseEntity<java.lang.String> com.ericsson.ei.frontend.BackEndInformationControllerImpl.deleteBackEndInstance(org.springframework.ui.Model,javax.servlet.http.HttpServletRequest)
2018-06-07 13:27:30.092  INFO 193 --- [           main] s.w.s.m.m.a.RequestMappingHandlerMapping : Mapped "{[/add-instances],methods=[POST]}" onto public org.springframework.http.ResponseEntity<java.lang.String> com.ericsson.ei.frontend.BackEndInformationControllerImpl.addInstanceInformation(org.springframework.ui.Model,javax.servlet.http.HttpServletRequest)
2018-06-07 13:27:30.092  INFO 193 --- [           main] s.w.s.m.m.a.RequestMappingHandlerMapping : Mapped "{[/switch-backendByMainPage],methods=[POST]}" onto public org.springframework.http.ResponseEntity<java.lang.String> com.ericsson.ei.frontend.BackEndInformationControllerImpl.switchBackEndInstanceByMainPage(org.springframework.ui.Model,javax.servlet.http.HttpServletRequest)
2018-06-07 13:27:30.093 DEBUG 193 --- [           main] s.w.s.m.m.a.RequestMappingHandlerMapping : 8 request handler methods found on class com.ericsson.ei.frontend.WebController: {public java.lang.String com.ericsson.ei.frontend.WebController.testRules(org.springframework.ui.Model)={[/testRules.html]}, public java.lang.String com.ericsson.ei.frontend.WebController.greeting(org.springframework.ui.Model)={[/]}, public java.lang.String com.ericsson.ei.frontend.WebController.subscription(org.springframework.ui.Model)={[/subscriptionpage.html]}, public java.lang.String com.ericsson.ei.frontend.WebController.eiInfo(org.springframework.ui.Model)={[/eiInfo.html]}, public java.lang.String com.ericsson.ei.frontend.WebController.login(org.springframework.ui.Model)={[/login.html]}, public java.lang.String com.ericsson.ei.frontend.WebController.jmesPathRulesSetUp(org.springframework.ui.Model)={[/jmesPathRulesSetUp.html]}, public java.lang.String com.ericsson.ei.frontend.WebController.addInstance(org.springframework.ui.Model)={[/add-instances.html]}, public java.lang.String com.ericsson.ei.frontend.WebController.switchBackEnd(org.springframework.ui.Model)={[/switch-backend.html]}}
2018-06-07 13:27:30.093  INFO 193 --- [           main] s.w.s.m.m.a.RequestMappingHandlerMapping : Mapped "{[/testRules.html]}" onto public java.lang.String com.ericsson.ei.frontend.WebController.testRules(org.springframework.ui.Model)
2018-06-07 13:27:30.093  INFO 193 --- [           main] s.w.s.m.m.a.RequestMappingHandlerMapping : Mapped "{[/]}" onto public java.lang.String com.ericsson.ei.frontend.WebController.greeting(org.springframework.ui.Model)
2018-06-07 13:27:30.094  INFO 193 --- [           main] s.w.s.m.m.a.RequestMappingHandlerMapping : Mapped "{[/subscriptionpage.html]}" onto public java.lang.String com.ericsson.ei.frontend.WebController.subscription(org.springframework.ui.Model)
2018-06-07 13:27:30.094  INFO 193 --- [           main] s.w.s.m.m.a.RequestMappingHandlerMapping : Mapped "{[/eiInfo.html]}" onto public java.lang.String com.ericsson.ei.frontend.WebController.eiInfo(org.springframework.ui.Model)
2018-06-07 13:27:30.094  INFO 193 --- [           main] s.w.s.m.m.a.RequestMappingHandlerMapping : Mapped "{[/login.html]}" onto public java.lang.String com.ericsson.ei.frontend.WebController.login(org.springframework.ui.Model)
2018-06-07 13:27:30.094  INFO 193 --- [           main] s.w.s.m.m.a.RequestMappingHandlerMapping : Mapped "{[/jmesPathRulesSetUp.html]}" onto public java.lang.String com.ericsson.ei.frontend.WebController.jmesPathRulesSetUp(org.springframework.ui.Model)
2018-06-07 13:27:30.094  INFO 193 --- [           main] s.w.s.m.m.a.RequestMappingHandlerMapping : Mapped "{[/add-instances.html]}" onto public java.lang.String com.ericsson.ei.frontend.WebController.addInstance(org.springframework.ui.Model)
2018-06-07 13:27:30.094  INFO 193 --- [           main] s.w.s.m.m.a.RequestMappingHandlerMapping : Mapped "{[/switch-backend.html]}" onto public java.lang.String com.ericsson.ei.frontend.WebController.switchBackEnd(org.springframework.ui.Model)
2018-06-07 13:27:30.095 DEBUG 193 --- [           main] s.w.s.m.m.a.RequestMappingHandlerMapping : 2 request handler methods found on class org.springframework.boot.autoconfigure.web.servlet.error.BasicErrorController: {public org.springframework.web.servlet.ModelAndView org.springframework.boot.autoconfigure.web.servlet.error.BasicErrorController.errorHtml(javax.servlet.http.HttpServletRequest,javax.servlet.http.HttpServletResponse)={[/error],produces=[text/html]}, public org.springframework.http.ResponseEntity org.springframework.boot.autoconfigure.web.servlet.error.BasicErrorController.error(javax.servlet.http.HttpServletRequest)={[/error]}}
2018-06-07 13:27:30.096  INFO 193 --- [           main] s.w.s.m.m.a.RequestMappingHandlerMapping : Mapped "{[/error],produces=[text/html]}" onto public org.springframework.web.servlet.ModelAndView org.springframework.boot.autoconfigure.web.servlet.error.BasicErrorController.errorHtml(javax.servlet.http.HttpServletRequest,javax.servlet.http.HttpServletResponse)
2018-06-07 13:27:30.096  INFO 193 --- [           main] s.w.s.m.m.a.RequestMappingHandlerMapping : Mapped "{[/error]}" onto public org.springframework.http.ResponseEntity<java.util.Map<java.lang.String, java.lang.Object>> org.springframework.boot.autoconfigure.web.servlet.error.BasicErrorController.error(javax.servlet.http.HttpServletRequest)
2018-06-07 13:27:30.100 DEBUG 193 --- [           main] s.w.s.m.m.a.RequestMappingHandlerMapping : 4 request handler methods found on class com.ericsson.ei.frontend.EIRequestsController$MockitoMock$453934682: {public org.springframework.http.ResponseEntity com.ericsson.ei.frontend.EIRequestsController$MockitoMock$453934682.getRequests(org.springframework.ui.Model,javax.servlet.http.HttpServletRequest)={[/subscriptions || /subscriptions/* || /information || /download/* || /auth || /auth/* || /queryAggregatedObject || /queryMissedNotifications || /query],methods=[GET]}, public org.springframework.http.ResponseEntity com.ericsson.ei.frontend.EIRequestsController$MockitoMock$453934682.postRequests(org.springframework.ui.Model,javax.servlet.http.HttpServletRequest)={[/subscriptions || /rules/rule-check/aggregation || /query],methods=[POST]}, public org.springframework.http.ResponseEntity com.ericsson.ei.frontend.EIRequestsController$MockitoMock$453934682.putRequests(org.springframework.ui.Model,javax.servlet.http.HttpServletRequest)={[/subscriptions],methods=[PUT]}, public org.springframework.http.ResponseEntity com.ericsson.ei.frontend.EIRequestsController$MockitoMock$453934682.deleteRequests(org.springframework.ui.Model,javax.servlet.http.HttpServletRequest)={[/subscriptions/*],methods=[DELETE]}}
2018-06-07 13:27:30.100  INFO 193 --- [           main] s.w.s.m.m.a.RequestMappingHandlerMapping : Mapped "{[/subscriptions || /subscriptions/* || /information || /download/* || /auth || /auth/* || /queryAggregatedObject || /queryMissedNotifications || /query],methods=[GET]}" onto public org.springframework.http.ResponseEntity<java.lang.String> com.ericsson.ei.frontend.EIRequestsController$MockitoMock$453934682.getRequests(org.springframework.ui.Model,javax.servlet.http.HttpServletRequest)
2018-06-07 13:27:30.100  INFO 193 --- [           main] s.w.s.m.m.a.RequestMappingHandlerMapping : Mapped "{[/subscriptions || /rules/rule-check/aggregation || /query],methods=[POST]}" onto public org.springframework.http.ResponseEntity<java.lang.String> com.ericsson.ei.frontend.EIRequestsController$MockitoMock$453934682.postRequests(org.springframework.ui.Model,javax.servlet.http.HttpServletRequest)
2018-06-07 13:27:30.101  INFO 193 --- [           main] s.w.s.m.m.a.RequestMappingHandlerMapping : Mapped "{[/subscriptions],methods=[PUT]}" onto public org.springframework.http.ResponseEntity<java.lang.String> com.ericsson.ei.frontend.EIRequestsController$MockitoMock$453934682.putRequests(org.springframework.ui.Model,javax.servlet.http.HttpServletRequest)
2018-06-07 13:27:30.101  INFO 193 --- [           main] s.w.s.m.m.a.RequestMappingHandlerMapping : Mapped "{[/subscriptions/*],methods=[DELETE]}" onto public org.springframework.http.ResponseEntity<java.lang.String> com.ericsson.ei.frontend.EIRequestsController$MockitoMock$453934682.deleteRequests(org.springframework.ui.Model,javax.servlet.http.HttpServletRequest)
2018-06-07 13:27:30.118 DEBUG 193 --- [           main] o.s.w.s.h.BeanNameUrlHandlerMapping      : Looking for URL mappings in application context: org.springframework.boot.web.servlet.context.AnnotationConfigServletWebServerApplicationContext@2a349a73: startup date [Thu Jun 07 13:27:28 CEST 2018]; root of context hierarchy
2018-06-07 13:27:30.118 DEBUG 193 --- [           main] o.s.w.s.h.BeanNameUrlHandlerMapping      : Rejected bean name 'org.springframework.context.annotation.internalConfigurationAnnotationProcessor': no URL paths identified
2018-06-07 13:27:30.118 DEBUG 193 --- [           main] o.s.w.s.h.BeanNameUrlHandlerMapping      : Rejected bean name 'org.springframework.context.annotation.internalAutowiredAnnotationProcessor': no URL paths identified
2018-06-07 13:27:30.118 DEBUG 193 --- [           main] o.s.w.s.h.BeanNameUrlHandlerMapping      : Rejected bean name 'org.springframework.context.annotation.internalRequiredAnnotationProcessor': no URL paths identified
2018-06-07 13:27:30.118 DEBUG 193 --- [           main] o.s.w.s.h.BeanNameUrlHandlerMapping      : Rejected bean name 'org.springframework.context.annotation.internalCommonAnnotationProcessor': no URL paths identified
2018-06-07 13:27:30.118 DEBUG 193 --- [           main] o.s.w.s.h.BeanNameUrlHandlerMapping      : Rejected bean name 'org.springframework.context.event.internalEventListenerProcessor': no URL paths identified
2018-06-07 13:27:30.118 DEBUG 193 --- [           main] o.s.w.s.h.BeanNameUrlHandlerMapping      : Rejected bean name 'org.springframework.context.event.internalEventListenerFactory': no URL paths identified
2018-06-07 13:27:30.118 DEBUG 193 --- [           main] o.s.w.s.h.BeanNameUrlHandlerMapping      : Rejected bean name 'org.springframework.boot.test.mock.mockito.MockitoPostProcessor$SpyPostProcessor': no URL paths identified
2018-06-07 13:27:30.118 DEBUG 193 --- [           main] o.s.w.s.h.BeanNameUrlHandlerMapping      : Rejected bean name 'org.springframework.boot.test.mock.mockito.MockitoPostProcessor': no URL paths identified
2018-06-07 13:27:30.118 DEBUG 193 --- [           main] o.s.w.s.h.BeanNameUrlHandlerMapping      : Rejected bean name 'org.springframework.boot.test.web.client.TestRestTemplateContextCustomizer$TestRestTemplateRegistrar': no URL paths identified
2018-06-07 13:27:30.118 DEBUG 193 --- [           main] o.s.w.s.h.BeanNameUrlHandlerMapping      : Rejected bean name 'EIFrontendApplication': no URL paths identified
2018-06-07 13:27:30.118 DEBUG 193 --- [           main] o.s.w.s.h.BeanNameUrlHandlerMapping      : Rejected bean name 'org.springframework.boot.autoconfigure.internalCachingMetadataReaderFactory': no URL paths identified
2018-06-07 13:27:30.118 DEBUG 193 --- [           main] o.s.w.s.h.BeanNameUrlHandlerMapping      : Rejected bean name 'backEndInformationControllerImpl': no URL paths identified
2018-06-07 13:27:30.118 DEBUG 193 --- [           main] o.s.w.s.h.BeanNameUrlHandlerMapping      : Rejected bean name 'webController': no URL paths identified
2018-06-07 13:27:30.118 DEBUG 193 --- [           main] o.s.w.s.h.BeanNameUrlHandlerMapping      : Rejected bean name 'backEndInformation': no URL paths identified
2018-06-07 13:27:30.118 DEBUG 193 --- [           main] o.s.w.s.h.BeanNameUrlHandlerMapping      : Rejected bean name 'backEndInstancesUtils': no URL paths identified
2018-06-07 13:27:30.118 DEBUG 193 --- [           main] o.s.w.s.h.BeanNameUrlHandlerMapping      : Rejected bean name 'org.springframework.boot.autoconfigure.AutoConfigurationPackages': no URL paths identified
2018-06-07 13:27:30.119 DEBUG 193 --- [           main] o.s.w.s.h.BeanNameUrlHandlerMapping      : Rejected bean name 'org.springframework.boot.autoconfigure.context.PropertyPlaceholderAutoConfiguration': no URL paths identified
2018-06-07 13:27:30.119 DEBUG 193 --- [           main] o.s.w.s.h.BeanNameUrlHandlerMapping      : Rejected bean name 'org.springframework.boot.autoconfigure.condition.BeanTypeRegistry': no URL paths identified
2018-06-07 13:27:30.119 DEBUG 193 --- [           main] o.s.w.s.h.BeanNameUrlHandlerMapping      : Rejected bean name 'propertySourcesPlaceholderConfigurer': no URL paths identified
2018-06-07 13:27:30.119 DEBUG 193 --- [           main] o.s.w.s.h.BeanNameUrlHandlerMapping      : Rejected bean name 'org.springframework.boot.autoconfigure.websocket.servlet.WebSocketServletAutoConfiguration$TomcatWebSocketConfiguration': no URL paths identified
2018-06-07 13:27:30.119 DEBUG 193 --- [           main] o.s.w.s.h.BeanNameUrlHandlerMapping      : Rejected bean name 'websocketContainerCustomizer': no URL paths identified
2018-06-07 13:27:30.119 DEBUG 193 --- [           main] o.s.w.s.h.BeanNameUrlHandlerMapping      : Rejected bean name 'org.springframework.boot.autoconfigure.websocket.servlet.WebSocketServletAutoConfiguration': no URL paths identified
2018-06-07 13:27:30.119 DEBUG 193 --- [           main] o.s.w.s.h.BeanNameUrlHandlerMapping      : Rejected bean name 'org.springframework.boot.autoconfigure.web.servlet.ServletWebServerFactoryConfiguration$EmbeddedTomcat': no URL paths identified
2018-06-07 13:27:30.119 DEBUG 193 --- [           main] o.s.w.s.h.BeanNameUrlHandlerMapping      : Rejected bean name 'tomcatServletWebServerFactory': no URL paths identified
2018-06-07 13:27:30.119 DEBUG 193 --- [           main] o.s.w.s.h.BeanNameUrlHandlerMapping      : Rejected bean name 'org.springframework.boot.autoconfigure.web.servlet.ServletWebServerFactoryAutoConfiguration': no URL paths identified
2018-06-07 13:27:30.119 DEBUG 193 --- [           main] o.s.w.s.h.BeanNameUrlHandlerMapping      : Rejected bean name 'servletWebServerFactoryCustomizer': no URL paths identified
2018-06-07 13:27:30.119 DEBUG 193 --- [           main] o.s.w.s.h.BeanNameUrlHandlerMapping      : Rejected bean name 'tomcatServletWebServerFactoryCustomizer': no URL paths identified
2018-06-07 13:27:30.119 DEBUG 193 --- [           main] o.s.w.s.h.BeanNameUrlHandlerMapping      : Rejected bean name 'server-org.springframework.boot.autoconfigure.web.ServerProperties': no URL paths identified
2018-06-07 13:27:30.119 DEBUG 193 --- [           main] o.s.w.s.h.BeanNameUrlHandlerMapping      : Rejected bean name 'org.springframework.boot.context.properties.ConfigurationPropertiesBindingPostProcessor': no URL paths identified
2018-06-07 13:27:30.119 DEBUG 193 --- [           main] o.s.w.s.h.BeanNameUrlHandlerMapping      : Rejected bean name 'org.springframework.boot.context.properties.ConfigurationBeanFactoryMetadata': no URL paths identified
2018-06-07 13:27:30.119 DEBUG 193 --- [           main] o.s.w.s.h.BeanNameUrlHandlerMapping      : Rejected bean name 'webServerFactoryCustomizerBeanPostProcessor': no URL paths identified
2018-06-07 13:27:30.119 DEBUG 193 --- [           main] o.s.w.s.h.BeanNameUrlHandlerMapping      : Rejected bean name 'errorPageRegistrarBeanPostProcessor': no URL paths identified
2018-06-07 13:27:30.119 DEBUG 193 --- [           main] o.s.w.s.h.BeanNameUrlHandlerMapping      : Rejected bean name 'org.springframework.boot.autoconfigure.web.servlet.DispatcherServletAutoConfiguration$DispatcherServletConfiguration': no URL paths identified
2018-06-07 13:27:30.119 DEBUG 193 --- [           main] o.s.w.s.h.BeanNameUrlHandlerMapping      : Rejected bean name 'dispatcherServlet': no URL paths identified
2018-06-07 13:27:30.119 DEBUG 193 --- [           main] o.s.w.s.h.BeanNameUrlHandlerMapping      : Rejected bean name 'spring.mvc-org.springframework.boot.autoconfigure.web.servlet.WebMvcProperties': no URL paths identified
2018-06-07 13:27:30.119 DEBUG 193 --- [           main] o.s.w.s.h.BeanNameUrlHandlerMapping      : Rejected bean name 'org.springframework.boot.autoconfigure.web.servlet.DispatcherServletAutoConfiguration$DispatcherServletRegistrationConfiguration': no URL paths identified
2018-06-07 13:27:30.119 DEBUG 193 --- [           main] o.s.w.s.h.BeanNameUrlHandlerMapping      : Rejected bean name 'dispatcherServletRegistration': no URL paths identified
2018-06-07 13:27:30.119 DEBUG 193 --- [           main] o.s.w.s.h.BeanNameUrlHandlerMapping      : Rejected bean name 'org.springframework.boot.autoconfigure.web.servlet.DispatcherServletAutoConfiguration': no URL paths identified
2018-06-07 13:27:30.119 DEBUG 193 --- [           main] o.s.w.s.h.BeanNameUrlHandlerMapping      : Rejected bean name 'org.springframework.boot.autoconfigure.validation.ValidationAutoConfiguration': no URL paths identified
2018-06-07 13:27:30.119 DEBUG 193 --- [           main] o.s.w.s.h.BeanNameUrlHandlerMapping      : Rejected bean name 'defaultValidator': no URL paths identified
2018-06-07 13:27:30.119 DEBUG 193 --- [           main] o.s.w.s.h.BeanNameUrlHandlerMapping      : Rejected bean name 'methodValidationPostProcessor': no URL paths identified
2018-06-07 13:27:30.119 DEBUG 193 --- [           main] o.s.w.s.h.BeanNameUrlHandlerMapping      : Rejected bean name 'org.springframework.boot.autoconfigure.web.servlet.error.ErrorMvcAutoConfiguration$WhitelabelErrorViewConfiguration': no URL paths identified
2018-06-07 13:27:30.119 DEBUG 193 --- [           main] o.s.w.s.h.BeanNameUrlHandlerMapping      : Rejected bean name 'error': no URL paths identified
2018-06-07 13:27:30.119 DEBUG 193 --- [           main] o.s.w.s.h.BeanNameUrlHandlerMapping      : Rejected bean name 'beanNameViewResolver': no URL paths identified
2018-06-07 13:27:30.119 DEBUG 193 --- [           main] o.s.w.s.h.BeanNameUrlHandlerMapping      : Rejected bean name 'org.springframework.boot.autoconfigure.web.servlet.error.ErrorMvcAutoConfiguration$DefaultErrorViewResolverConfiguration': no URL paths identified
2018-06-07 13:27:30.120 DEBUG 193 --- [           main] o.s.w.s.h.BeanNameUrlHandlerMapping      : Rejected bean name 'conventionErrorViewResolver': no URL paths identified
2018-06-07 13:27:30.120 DEBUG 193 --- [           main] o.s.w.s.h.BeanNameUrlHandlerMapping      : Rejected bean name 'org.springframework.boot.autoconfigure.web.servlet.error.ErrorMvcAutoConfiguration': no URL paths identified
2018-06-07 13:27:30.120 DEBUG 193 --- [           main] o.s.w.s.h.BeanNameUrlHandlerMapping      : Rejected bean name 'errorAttributes': no URL paths identified
2018-06-07 13:27:30.120 DEBUG 193 --- [           main] o.s.w.s.h.BeanNameUrlHandlerMapping      : Rejected bean name 'basicErrorController': no URL paths identified
2018-06-07 13:27:30.120 DEBUG 193 --- [           main] o.s.w.s.h.BeanNameUrlHandlerMapping      : Rejected bean name 'errorPageCustomizer': no URL paths identified
2018-06-07 13:27:30.120 DEBUG 193 --- [           main] o.s.w.s.h.BeanNameUrlHandlerMapping      : Rejected bean name 'preserveErrorControllerTargetClassPostProcessor': no URL paths identified
2018-06-07 13:27:30.120 DEBUG 193 --- [           main] o.s.w.s.h.BeanNameUrlHandlerMapping      : Rejected bean name 'spring.resources-org.springframework.boot.autoconfigure.web.ResourceProperties': no URL paths identified
2018-06-07 13:27:30.120 DEBUG 193 --- [           main] o.s.w.s.h.BeanNameUrlHandlerMapping      : Rejected bean name 'org.springframework.boot.autoconfigure.web.servlet.WebMvcAutoConfiguration$WebMvcAutoConfigurationAdapter$FaviconConfiguration': no URL paths identified
2018-06-07 13:27:30.120 DEBUG 193 --- [           main] o.s.w.s.h.BeanNameUrlHandlerMapping      : Rejected bean name 'faviconHandlerMapping': no URL paths identified
2018-06-07 13:27:30.120 DEBUG 193 --- [           main] o.s.w.s.h.BeanNameUrlHandlerMapping      : Rejected bean name 'faviconRequestHandler': no URL paths identified
2018-06-07 13:27:30.120 DEBUG 193 --- [           main] o.s.w.s.h.BeanNameUrlHandlerMapping      : Rejected bean name 'org.springframework.boot.autoconfigure.web.servlet.WebMvcAutoConfiguration$EnableWebMvcConfiguration': no URL paths identified
2018-06-07 13:27:30.120 DEBUG 193 --- [           main] o.s.w.s.h.BeanNameUrlHandlerMapping      : Rejected bean name 'requestMappingHandlerAdapter': no URL paths identified
2018-06-07 13:27:30.120 DEBUG 193 --- [           main] o.s.w.s.h.BeanNameUrlHandlerMapping      : Rejected bean name 'requestMappingHandlerMapping': no URL paths identified
2018-06-07 13:27:30.120 DEBUG 193 --- [           main] o.s.w.s.h.BeanNameUrlHandlerMapping      : Rejected bean name 'mvcConversionService': no URL paths identified
2018-06-07 13:27:30.120 DEBUG 193 --- [           main] o.s.w.s.h.BeanNameUrlHandlerMapping      : Rejected bean name 'mvcValidator': no URL paths identified
2018-06-07 13:27:30.120 DEBUG 193 --- [           main] o.s.w.s.h.BeanNameUrlHandlerMapping      : Rejected bean name 'mvcContentNegotiationManager': no URL paths identified
2018-06-07 13:27:30.120 DEBUG 193 --- [           main] o.s.w.s.h.BeanNameUrlHandlerMapping      : Rejected bean name 'mvcPathMatcher': no URL paths identified
2018-06-07 13:27:30.120 DEBUG 193 --- [           main] o.s.w.s.h.BeanNameUrlHandlerMapping      : Rejected bean name 'mvcUrlPathHelper': no URL paths identified
2018-06-07 13:27:30.120 DEBUG 193 --- [           main] o.s.w.s.h.BeanNameUrlHandlerMapping      : Rejected bean name 'viewControllerHandlerMapping': no URL paths identified
2018-06-07 13:27:30.120 DEBUG 193 --- [           main] o.s.w.s.h.BeanNameUrlHandlerMapping      : Rejected bean name 'beanNameHandlerMapping': no URL paths identified
2018-06-07 13:27:30.120 DEBUG 193 --- [           main] o.s.w.s.h.BeanNameUrlHandlerMapping      : Rejected bean name 'resourceHandlerMapping': no URL paths identified
2018-06-07 13:27:30.120 DEBUG 193 --- [           main] o.s.w.s.h.BeanNameUrlHandlerMapping      : Rejected bean name 'mvcResourceUrlProvider': no URL paths identified
2018-06-07 13:27:30.120 DEBUG 193 --- [           main] o.s.w.s.h.BeanNameUrlHandlerMapping      : Rejected bean name 'defaultServletHandlerMapping': no URL paths identified
2018-06-07 13:27:30.121 DEBUG 193 --- [           main] o.s.w.s.h.BeanNameUrlHandlerMapping      : Rejected bean name 'mvcUriComponentsContributor': no URL paths identified
2018-06-07 13:27:30.121 DEBUG 193 --- [           main] o.s.w.s.h.BeanNameUrlHandlerMapping      : Rejected bean name 'httpRequestHandlerAdapter': no URL paths identified
2018-06-07 13:27:30.121 DEBUG 193 --- [           main] o.s.w.s.h.BeanNameUrlHandlerMapping      : Rejected bean name 'simpleControllerHandlerAdapter': no URL paths identified
2018-06-07 13:27:30.121 DEBUG 193 --- [           main] o.s.w.s.h.BeanNameUrlHandlerMapping      : Rejected bean name 'handlerExceptionResolver': no URL paths identified
2018-06-07 13:27:30.121 DEBUG 193 --- [           main] o.s.w.s.h.BeanNameUrlHandlerMapping      : Rejected bean name 'mvcViewResolver': no URL paths identified
2018-06-07 13:27:30.121 DEBUG 193 --- [           main] o.s.w.s.h.BeanNameUrlHandlerMapping      : Rejected bean name 'mvcHandlerMappingIntrospector': no URL paths identified
2018-06-07 13:27:30.121 DEBUG 193 --- [           main] o.s.w.s.h.BeanNameUrlHandlerMapping      : Rejected bean name 'org.springframework.boot.autoconfigure.web.servlet.WebMvcAutoConfiguration$WebMvcAutoConfigurationAdapter': no URL paths identified
2018-06-07 13:27:30.121 DEBUG 193 --- [           main] o.s.w.s.h.BeanNameUrlHandlerMapping      : Rejected bean name 'defaultViewResolver': no URL paths identified
2018-06-07 13:27:30.121 DEBUG 193 --- [           main] o.s.w.s.h.BeanNameUrlHandlerMapping      : Rejected bean name 'viewResolver': no URL paths identified
2018-06-07 13:27:30.121 DEBUG 193 --- [           main] o.s.w.s.h.BeanNameUrlHandlerMapping      : Rejected bean name 'welcomePageHandlerMapping': no URL paths identified
2018-06-07 13:27:30.121 DEBUG 193 --- [           main] o.s.w.s.h.BeanNameUrlHandlerMapping      : Rejected bean name 'requestContextFilter': no URL paths identified
2018-06-07 13:27:30.121 DEBUG 193 --- [           main] o.s.w.s.h.BeanNameUrlHandlerMapping      : Rejected bean name 'org.springframework.boot.autoconfigure.web.servlet.WebMvcAutoConfiguration': no URL paths identified
2018-06-07 13:27:30.121 DEBUG 193 --- [           main] o.s.w.s.h.BeanNameUrlHandlerMapping      : Rejected bean name 'hiddenHttpMethodFilter': no URL paths identified
2018-06-07 13:27:30.121 DEBUG 193 --- [           main] o.s.w.s.h.BeanNameUrlHandlerMapping      : Rejected bean name 'httpPutFormContentFilter': no URL paths identified
2018-06-07 13:27:30.121 DEBUG 193 --- [           main] o.s.w.s.h.BeanNameUrlHandlerMapping      : Rejected bean name 'org.springframework.boot.actuate.autoconfigure.audit.AuditAutoConfiguration$AuditEventRepositoryConfiguration': no URL paths identified
2018-06-07 13:27:30.121 DEBUG 193 --- [           main] o.s.w.s.h.BeanNameUrlHandlerMapping      : Rejected bean name 'auditEventRepository': no URL paths identified
2018-06-07 13:27:30.121 DEBUG 193 --- [           main] o.s.w.s.h.BeanNameUrlHandlerMapping      : Rejected bean name 'org.springframework.boot.actuate.autoconfigure.audit.AuditAutoConfiguration': no URL paths identified
2018-06-07 13:27:30.121 DEBUG 193 --- [           main] o.s.w.s.h.BeanNameUrlHandlerMapping      : Rejected bean name 'auditListener': no URL paths identified
2018-06-07 13:27:30.121 DEBUG 193 --- [           main] o.s.w.s.h.BeanNameUrlHandlerMapping      : Rejected bean name 'org.springframework.boot.actuate.autoconfigure.audit.AuditEventsEndpointAutoConfiguration': no URL paths identified
2018-06-07 13:27:30.121 DEBUG 193 --- [           main] o.s.w.s.h.BeanNameUrlHandlerMapping      : Rejected bean name 'auditEventsEndpoint': no URL paths identified
2018-06-07 13:27:30.121 DEBUG 193 --- [           main] o.s.w.s.h.BeanNameUrlHandlerMapping      : Rejected bean name 'org.springframework.boot.actuate.autoconfigure.beans.BeansEndpointAutoConfiguration': no URL paths identified
2018-06-07 13:27:30.121 DEBUG 193 --- [           main] o.s.w.s.h.BeanNameUrlHandlerMapping      : Rejected bean name 'beansEndpoint': no URL paths identified
2018-06-07 13:27:30.121 DEBUG 193 --- [           main] o.s.w.s.h.BeanNameUrlHandlerMapping      : Rejected bean name 'org.springframework.boot.autoconfigure.gson.GsonAutoConfiguration': no URL paths identified
2018-06-07 13:27:30.121 DEBUG 193 --- [           main] o.s.w.s.h.BeanNameUrlHandlerMapping      : Rejected bean name 'gsonBuilder': no URL paths identified
2018-06-07 13:27:30.121 DEBUG 193 --- [           main] o.s.w.s.h.BeanNameUrlHandlerMapping      : Rejected bean name 'gson': no URL paths identified
2018-06-07 13:27:30.121 DEBUG 193 --- [           main] o.s.w.s.h.BeanNameUrlHandlerMapping      : Rejected bean name 'standardGsonBuilderCustomizer': no URL paths identified
2018-06-07 13:27:30.122 DEBUG 193 --- [           main] o.s.w.s.h.BeanNameUrlHandlerMapping      : Rejected bean name 'spring.gson-org.springframework.boot.autoconfigure.gson.GsonProperties': no URL paths identified
2018-06-07 13:27:30.122 DEBUG 193 --- [           main] o.s.w.s.h.BeanNameUrlHandlerMapping      : Rejected bean name 'org.springframework.boot.actuate.autoconfigure.elasticsearch.ElasticsearchHealthIndicatorAutoConfiguration': no URL paths identified
2018-06-07 13:27:30.122 DEBUG 193 --- [           main] o.s.w.s.h.BeanNameUrlHandlerMapping      : Rejected bean name 'org.springframework.boot.actuate.autoconfigure.system.DiskSpaceHealthIndicatorAutoConfiguration': no URL paths identified
2018-06-07 13:27:30.122 DEBUG 193 --- [           main] o.s.w.s.h.BeanNameUrlHandlerMapping      : Rejected bean name 'diskSpaceHealthIndicator': no URL paths identified
2018-06-07 13:27:30.122 DEBUG 193 --- [           main] o.s.w.s.h.BeanNameUrlHandlerMapping      : Rejected bean name 'diskSpaceHealthIndicatorProperties': no URL paths identified
2018-06-07 13:27:30.122 DEBUG 193 --- [           main] o.s.w.s.h.BeanNameUrlHandlerMapping      : Rejected bean name 'org.springframework.boot.actuate.autoconfigure.mongo.MongoHealthIndicatorAutoConfiguration': no URL paths identified
2018-06-07 13:27:30.122 DEBUG 193 --- [           main] o.s.w.s.h.BeanNameUrlHandlerMapping      : Rejected bean name 'org.springframework.boot.actuate.autoconfigure.redis.RedisHealthIndicatorAutoConfiguration': no URL paths identified
2018-06-07 13:27:30.122 DEBUG 193 --- [           main] o.s.w.s.h.BeanNameUrlHandlerMapping      : Rejected bean name 'org.springframework.boot.actuate.autoconfigure.health.HealthIndicatorAutoConfiguration': no URL paths identified
2018-06-07 13:27:30.122 DEBUG 193 --- [           main] o.s.w.s.h.BeanNameUrlHandlerMapping      : Rejected bean name 'healthAggregator': no URL paths identified
2018-06-07 13:27:30.122 DEBUG 193 --- [           main] o.s.w.s.h.BeanNameUrlHandlerMapping      : Rejected bean name 'management.health.status-org.springframework.boot.actuate.autoconfigure.health.HealthIndicatorProperties': no URL paths identified
2018-06-07 13:27:30.122 DEBUG 193 --- [           main] o.s.w.s.h.BeanNameUrlHandlerMapping      : Rejected bean name 'org.springframework.boot.actuate.autoconfigure.health.HealthEndpointConfiguration': no URL paths identified
2018-06-07 13:27:30.122 DEBUG 193 --- [           main] o.s.w.s.h.BeanNameUrlHandlerMapping      : Rejected bean name 'healthEndpoint': no URL paths identified
2018-06-07 13:27:30.122 DEBUG 193 --- [           main] o.s.w.s.h.BeanNameUrlHandlerMapping      : Rejected bean name 'org.springframework.boot.actuate.autoconfigure.health.HealthEndpointWebExtensionConfiguration$ServletWebHealthConfiguration': no URL paths identified
2018-06-07 13:27:30.122 DEBUG 193 --- [           main] o.s.w.s.h.BeanNameUrlHandlerMapping      : Rejected bean name 'healthEndpointWebExtension': no URL paths identified
2018-06-07 13:27:30.122 DEBUG 193 --- [           main] o.s.w.s.h.BeanNameUrlHandlerMapping      : Rejected bean name 'org.springframework.boot.actuate.autoconfigure.health.HealthEndpointWebExtensionConfiguration': no URL paths identified
2018-06-07 13:27:30.122 DEBUG 193 --- [           main] o.s.w.s.h.BeanNameUrlHandlerMapping      : Rejected bean name 'createHealthStatusHttpMapper': no URL paths identified
2018-06-07 13:27:30.122 DEBUG 193 --- [           main] o.s.w.s.h.BeanNameUrlHandlerMapping      : Rejected bean name 'healthWebEndpointResponseMapper': no URL paths identified
2018-06-07 13:27:30.122 DEBUG 193 --- [           main] o.s.w.s.h.BeanNameUrlHandlerMapping      : Rejected bean name 'org.springframework.boot.actuate.autoconfigure.health.HealthEndpointAutoConfiguration': no URL paths identified
2018-06-07 13:27:30.122 DEBUG 193 --- [           main] o.s.w.s.h.BeanNameUrlHandlerMapping      : Rejected bean name 'management.endpoint.health-org.springframework.boot.actuate.autoconfigure.health.HealthEndpointProperties': no URL paths identified
2018-06-07 13:27:30.122 DEBUG 193 --- [           main] o.s.w.s.h.BeanNameUrlHandlerMapping      : Rejected bean name 'org.springframework.boot.actuate.autoconfigure.web.servlet.ServletManagementContextAutoConfiguration': no URL paths identified
2018-06-07 13:27:30.122 DEBUG 193 --- [           main] o.s.w.s.h.BeanNameUrlHandlerMapping      : Rejected bean name 'servletWebChildContextFactory': no URL paths identified
2018-06-07 13:27:30.122 DEBUG 193 --- [           main] o.s.w.s.h.BeanNameUrlHandlerMapping      : Rejected bean name 'managementServletContext': no URL paths identified
2018-06-07 13:27:30.122 DEBUG 193 --- [           main] o.s.w.s.h.BeanNameUrlHandlerMapping      : Rejected bean name 'org.springframework.boot.actuate.autoconfigure.condition.ConditionsReportEndpointAutoConfiguration': no URL paths identified
2018-06-07 13:27:30.123 DEBUG 193 --- [           main] o.s.w.s.h.BeanNameUrlHandlerMapping      : Rejected bean name 'conditionsReportEndpoint': no URL paths identified
2018-06-07 13:27:30.123 DEBUG 193 --- [           main] o.s.w.s.h.BeanNameUrlHandlerMapping      : Rejected bean name 'org.springframework.boot.actuate.autoconfigure.context.ShutdownEndpointAutoConfiguration': no URL paths identified
2018-06-07 13:27:30.123 DEBUG 193 --- [           main] o.s.w.s.h.BeanNameUrlHandlerMapping      : Rejected bean name 'org.springframework.boot.actuate.autoconfigure.context.properties.ConfigurationPropertiesReportEndpointAutoConfiguration': no URL paths identified
2018-06-07 13:27:30.123 DEBUG 193 --- [           main] o.s.w.s.h.BeanNameUrlHandlerMapping      : Rejected bean name 'configurationPropertiesReportEndpoint': no URL paths identified
2018-06-07 13:27:30.123 DEBUG 193 --- [           main] o.s.w.s.h.BeanNameUrlHandlerMapping      : Rejected bean name 'management.endpoint.configprops-org.springframework.boot.actuate.autoconfigure.context.properties.ConfigurationPropertiesReportEndpointProperties': no URL paths identified
2018-06-07 13:27:30.123 DEBUG 193 --- [           main] o.s.w.s.h.BeanNameUrlHandlerMapping      : Rejected bean name 'org.springframework.boot.actuate.autoconfigure.endpoint.EndpointAutoConfiguration': no URL paths identified
2018-06-07 13:27:30.123 DEBUG 193 --- [           main] o.s.w.s.h.BeanNameUrlHandlerMapping      : Rejected bean name 'endpointOperationParameterMapper': no URL paths identified
2018-06-07 13:27:30.123 DEBUG 193 --- [           main] o.s.w.s.h.BeanNameUrlHandlerMapping      : Rejected bean name 'endpointCachingOperationInvokerAdvisor': no URL paths identified
2018-06-07 13:27:30.123 DEBUG 193 --- [           main] o.s.w.s.h.BeanNameUrlHandlerMapping      : Rejected bean name 'org.springframework.boot.actuate.autoconfigure.endpoint.jmx.JmxEndpointAutoConfiguration': no URL paths identified
2018-06-07 13:27:30.123 DEBUG 193 --- [           main] o.s.w.s.h.BeanNameUrlHandlerMapping      : Rejected bean name 'jmxAnnotationEndpointDiscoverer': no URL paths identified
2018-06-07 13:27:30.123 DEBUG 193 --- [           main] o.s.w.s.h.BeanNameUrlHandlerMapping      : Rejected bean name 'jmxIncludeExcludePropertyEndpointFilter': no URL paths identified
2018-06-07 13:27:30.123 DEBUG 193 --- [           main] o.s.w.s.h.BeanNameUrlHandlerMapping      : Rejected bean name 'management.endpoints.jmx-org.springframework.boot.actuate.autoconfigure.endpoint.jmx.JmxEndpointProperties': no URL paths identified
2018-06-07 13:27:30.123 DEBUG 193 --- [           main] o.s.w.s.h.BeanNameUrlHandlerMapping      : Rejected bean name 'org.springframework.boot.actuate.autoconfigure.endpoint.web.WebEndpointAutoConfiguration$WebEndpointServletAutoConfiguration': no URL paths identified
2018-06-07 13:27:30.123 DEBUG 193 --- [           main] o.s.w.s.h.BeanNameUrlHandlerMapping      : Rejected bean name 'servletEndpointDiscoverer': no URL paths identified
2018-06-07 13:27:30.123 DEBUG 193 --- [           main] o.s.w.s.h.BeanNameUrlHandlerMapping      : Rejected bean name 'org.springframework.boot.actuate.autoconfigure.endpoint.web.WebEndpointAutoConfiguration': no URL paths identified
2018-06-07 13:27:30.123 DEBUG 193 --- [           main] o.s.w.s.h.BeanNameUrlHandlerMapping      : Rejected bean name 'webEndpointPathMapper': no URL paths identified
2018-06-07 13:27:30.124 DEBUG 193 --- [           main] o.s.w.s.h.BeanNameUrlHandlerMapping      : Rejected bean name 'endpointMediaTypes': no URL paths identified
2018-06-07 13:27:30.124 DEBUG 193 --- [           main] o.s.w.s.h.BeanNameUrlHandlerMapping      : Rejected bean name 'webEndpointDiscoverer': no URL paths identified
2018-06-07 13:27:30.124 DEBUG 193 --- [           main] o.s.w.s.h.BeanNameUrlHandlerMapping      : Rejected bean name 'controllerEndpointDiscoverer': no URL paths identified
2018-06-07 13:27:30.124 DEBUG 193 --- [           main] o.s.w.s.h.BeanNameUrlHandlerMapping      : Rejected bean name 'pathMappedEndpoints': no URL paths identified
2018-06-07 13:27:30.124 DEBUG 193 --- [           main] o.s.w.s.h.BeanNameUrlHandlerMapping      : Rejected bean name 'webExposeExcludePropertyEndpointFilter': no URL paths identified
2018-06-07 13:27:30.124 DEBUG 193 --- [           main] o.s.w.s.h.BeanNameUrlHandlerMapping      : Rejected bean name 'controllerExposeExcludePropertyEndpointFilter': no URL paths identified
2018-06-07 13:27:30.124 DEBUG 193 --- [           main] o.s.w.s.h.BeanNameUrlHandlerMapping      : Rejected bean name 'management.endpoints.web-org.springframework.boot.actuate.autoconfigure.endpoint.web.WebEndpointProperties': no URL paths identified
2018-06-07 13:27:30.124 DEBUG 193 --- [           main] o.s.w.s.h.BeanNameUrlHandlerMapping      : Rejected bean name 'org.springframework.boot.actuate.autoconfigure.env.EnvironmentEndpointAutoConfiguration': no URL paths identified
2018-06-07 13:27:30.124 DEBUG 193 --- [           main] o.s.w.s.h.BeanNameUrlHandlerMapping      : Rejected bean name 'environmentEndpoint': no URL paths identified
2018-06-07 13:27:30.124 DEBUG 193 --- [           main] o.s.w.s.h.BeanNameUrlHandlerMapping      : Rejected bean name 'environmentWebEndpointExtension': no URL paths identified
2018-06-07 13:27:30.124 DEBUG 193 --- [           main] o.s.w.s.h.BeanNameUrlHandlerMapping      : Rejected bean name 'management.endpoint.env-org.springframework.boot.actuate.autoconfigure.env.EnvironmentEndpointProperties': no URL paths identified
2018-06-07 13:27:30.124 DEBUG 193 --- [           main] o.s.w.s.h.BeanNameUrlHandlerMapping      : Rejected bean name 'org.springframework.boot.autoconfigure.info.ProjectInfoAutoConfiguration': no URL paths identified
2018-06-07 13:27:30.124 DEBUG 193 --- [           main] o.s.w.s.h.BeanNameUrlHandlerMapping      : Rejected bean name 'spring.info-org.springframework.boot.autoconfigure.info.ProjectInfoProperties': no URL paths identified
2018-06-07 13:27:30.124 DEBUG 193 --- [           main] o.s.w.s.h.BeanNameUrlHandlerMapping      : Rejected bean name 'org.springframework.boot.actuate.autoconfigure.info.InfoContributorAutoConfiguration': no URL paths identified
2018-06-07 13:27:30.124 DEBUG 193 --- [           main] o.s.w.s.h.BeanNameUrlHandlerMapping      : Rejected bean name 'envInfoContributor': no URL paths identified
2018-06-07 13:27:30.124 DEBUG 193 --- [           main] o.s.w.s.h.BeanNameUrlHandlerMapping      : Rejected bean name 'management.info-org.springframework.boot.actuate.autoconfigure.info.InfoContributorProperties': no URL paths identified
2018-06-07 13:27:30.125 DEBUG 193 --- [           main] o.s.w.s.h.BeanNameUrlHandlerMapping      : Rejected bean name 'org.springframework.boot.actuate.autoconfigure.info.InfoEndpointAutoConfiguration': no URL paths identified
2018-06-07 13:27:30.125 DEBUG 193 --- [           main] o.s.w.s.h.BeanNameUrlHandlerMapping      : Rejected bean name 'infoEndpoint': no URL paths identified
2018-06-07 13:27:30.125 DEBUG 193 --- [           main] o.s.w.s.h.BeanNameUrlHandlerMapping      : Rejected bean name 'org.springframework.boot.actuate.autoconfigure.logging.LogFileWebEndpointAutoConfiguration': no URL paths identified
2018-06-07 13:27:30.125 DEBUG 193 --- [           main] o.s.w.s.h.BeanNameUrlHandlerMapping      : Rejected bean name 'management.endpoint.logfile-org.springframework.boot.actuate.autoconfigure.logging.LogFileWebEndpointProperties': no URL paths identified
2018-06-07 13:27:30.125 DEBUG 193 --- [           main] o.s.w.s.h.BeanNameUrlHandlerMapping      : Rejected bean name 'org.springframework.boot.actuate.autoconfigure.logging.LoggersEndpointAutoConfiguration': no URL paths identified
2018-06-07 13:27:30.125 DEBUG 193 --- [           main] o.s.w.s.h.BeanNameUrlHandlerMapping      : Rejected bean name 'loggersEndpoint': no URL paths identified
2018-06-07 13:27:30.125 DEBUG 193 --- [           main] o.s.w.s.h.BeanNameUrlHandlerMapping      : Rejected bean name 'org.springframework.boot.actuate.autoconfigure.management.HeapDumpWebEndpointAutoConfiguration': no URL paths identified
2018-06-07 13:27:30.125 DEBUG 193 --- [           main] o.s.w.s.h.BeanNameUrlHandlerMapping      : Rejected bean name 'heapDumpWebEndpoint': no URL paths identified
2018-06-07 13:27:30.125 DEBUG 193 --- [           main] o.s.w.s.h.BeanNameUrlHandlerMapping      : Rejected bean name 'org.springframework.boot.actuate.autoconfigure.management.ThreadDumpEndpointAutoConfiguration': no URL paths identified
2018-06-07 13:27:30.125 DEBUG 193 --- [           main] o.s.w.s.h.BeanNameUrlHandlerMapping      : Rejected bean name 'dumpEndpoint': no URL paths identified
2018-06-07 13:27:30.125 DEBUG 193 --- [           main] o.s.w.s.h.BeanNameUrlHandlerMapping      : Rejected bean name 'org.springframework.boot.actuate.autoconfigure.metrics.MetricsAutoConfiguration$MeterBindersConfiguration': no URL paths identified
2018-06-07 13:27:30.125 DEBUG 193 --- [           main] o.s.w.s.h.BeanNameUrlHandlerMapping      : Rejected bean name 'logbackMetrics': no URL paths identified
2018-06-07 13:27:30.125 DEBUG 193 --- [           main] o.s.w.s.h.BeanNameUrlHandlerMapping      : Rejected bean name 'uptimeMetrics': no URL paths identified
2018-06-07 13:27:30.126 DEBUG 193 --- [           main] o.s.w.s.h.BeanNameUrlHandlerMapping      : Rejected bean name 'processorMetrics': no URL paths identified
2018-06-07 13:27:30.126 DEBUG 193 --- [           main] o.s.w.s.h.BeanNameUrlHandlerMapping      : Rejected bean name 'fileDescriptorMetrics': no URL paths identified
2018-06-07 13:27:30.126 DEBUG 193 --- [           main] o.s.w.s.h.BeanNameUrlHandlerMapping      : Rejected bean name 'org.springframework.boot.actuate.autoconfigure.metrics.MetricsAutoConfiguration$JvmMeterBindersConfiguration': no URL paths identified
2018-06-07 13:27:30.126 DEBUG 193 --- [           main] o.s.w.s.h.BeanNameUrlHandlerMapping      : Rejected bean name 'jvmGcMetrics': no URL paths identified
2018-06-07 13:27:30.126 DEBUG 193 --- [           main] o.s.w.s.h.BeanNameUrlHandlerMapping      : Rejected bean name 'jvmMemoryMetrics': no URL paths identified
2018-06-07 13:27:30.126 DEBUG 193 --- [           main] o.s.w.s.h.BeanNameUrlHandlerMapping      : Rejected bean name 'jvmThreadMetrics': no URL paths identified
2018-06-07 13:27:30.126 DEBUG 193 --- [           main] o.s.w.s.h.BeanNameUrlHandlerMapping      : Rejected bean name 'classLoaderMetrics': no URL paths identified
2018-06-07 13:27:30.126 DEBUG 193 --- [           main] o.s.w.s.h.BeanNameUrlHandlerMapping      : Rejected bean name 'org.springframework.boot.actuate.autoconfigure.metrics.MetricsAutoConfiguration': no URL paths identified
2018-06-07 13:27:30.126 DEBUG 193 --- [           main] o.s.w.s.h.BeanNameUrlHandlerMapping      : Rejected bean name 'micrometerClock': no URL paths identified
2018-06-07 13:27:30.126 DEBUG 193 --- [           main] o.s.w.s.h.BeanNameUrlHandlerMapping      : Rejected bean name 'meterRegistryPostProcessor': no URL paths identified
2018-06-07 13:27:30.126 DEBUG 193 --- [           main] o.s.w.s.h.BeanNameUrlHandlerMapping      : Rejected bean name 'propertiesMeterFilter': no URL paths identified
2018-06-07 13:27:30.126 DEBUG 193 --- [           main] o.s.w.s.h.BeanNameUrlHandlerMapping      : Rejected bean name 'management.metrics-org.springframework.boot.actuate.autoconfigure.metrics.MetricsProperties': no URL paths identified
2018-06-07 13:27:30.127 DEBUG 193 --- [           main] o.s.w.s.h.BeanNameUrlHandlerMapping      : Rejected bean name 'org.springframework.boot.actuate.autoconfigure.metrics.export.simple.SimpleMetricsExportAutoConfiguration': no URL paths identified
2018-06-07 13:27:30.127 DEBUG 193 --- [           main] o.s.w.s.h.BeanNameUrlHandlerMapping      : Rejected bean name 'simpleMeterRegistry': no URL paths identified
2018-06-07 13:27:30.127 DEBUG 193 --- [           main] o.s.w.s.h.BeanNameUrlHandlerMapping      : Rejected bean name 'simpleConfig': no URL paths identified
2018-06-07 13:27:30.127 DEBUG 193 --- [           main] o.s.w.s.h.BeanNameUrlHandlerMapping      : Rejected bean name 'management.metrics.export.simple-org.springframework.boot.actuate.autoconfigure.metrics.export.simple.SimpleProperties': no URL paths identified
2018-06-07 13:27:30.127 DEBUG 193 --- [           main] o.s.w.s.h.BeanNameUrlHandlerMapping      : Rejected bean name 'org.springframework.boot.actuate.autoconfigure.metrics.CompositeMeterRegistryAutoConfiguration': no URL paths identified
2018-06-07 13:27:30.127 DEBUG 193 --- [           main] o.s.w.s.h.BeanNameUrlHandlerMapping      : Rejected bean name 'org.springframework.boot.actuate.autoconfigure.metrics.MetricsEndpointAutoConfiguration': no URL paths identified
2018-06-07 13:27:30.127 DEBUG 193 --- [           main] o.s.w.s.h.BeanNameUrlHandlerMapping      : Rejected bean name 'metricsEndpoint': no URL paths identified
2018-06-07 13:27:30.127 DEBUG 193 --- [           main] o.s.w.s.h.BeanNameUrlHandlerMapping      : Rejected bean name 'org.springframework.boot.autoconfigure.jackson.JacksonAutoConfiguration$Jackson2ObjectMapperBuilderCustomizerConfiguration': no URL paths identified
2018-06-07 13:27:30.127 DEBUG 193 --- [           main] o.s.w.s.h.BeanNameUrlHandlerMapping      : Rejected bean name 'standardJacksonObjectMapperBuilderCustomizer': no URL paths identified
2018-06-07 13:27:30.127 DEBUG 193 --- [           main] o.s.w.s.h.BeanNameUrlHandlerMapping      : Rejected bean name 'spring.jackson-org.springframework.boot.autoconfigure.jackson.JacksonProperties': no URL paths identified
2018-06-07 13:27:30.127 DEBUG 193 --- [           main] o.s.w.s.h.BeanNameUrlHandlerMapping      : Rejected bean name 'org.springframework.boot.autoconfigure.jackson.JacksonAutoConfiguration$JacksonObjectMapperBuilderConfiguration': no URL paths identified
2018-06-07 13:27:30.127 DEBUG 193 --- [           main] o.s.w.s.h.BeanNameUrlHandlerMapping      : Rejected bean name 'jacksonObjectMapperBuilder': no URL paths identified
2018-06-07 13:27:30.127 DEBUG 193 --- [           main] o.s.w.s.h.BeanNameUrlHandlerMapping      : Rejected bean name 'org.springframework.boot.autoconfigure.jackson.JacksonAutoConfiguration$ParameterNamesModuleConfiguration': no URL paths identified
2018-06-07 13:27:30.127 DEBUG 193 --- [           main] o.s.w.s.h.BeanNameUrlHandlerMapping      : Rejected bean name 'parameterNamesModule': no URL paths identified
2018-06-07 13:27:30.127 DEBUG 193 --- [           main] o.s.w.s.h.BeanNameUrlHandlerMapping      : Rejected bean name 'org.springframework.boot.autoconfigure.jackson.JacksonAutoConfiguration$JacksonObjectMapperConfiguration': no URL paths identified
2018-06-07 13:27:30.127 DEBUG 193 --- [           main] o.s.w.s.h.BeanNameUrlHandlerMapping      : Rejected bean name 'jacksonObjectMapper': no URL paths identified
2018-06-07 13:27:30.127 DEBUG 193 --- [           main] o.s.w.s.h.BeanNameUrlHandlerMapping      : Rejected bean name 'org.springframework.boot.autoconfigure.jackson.JacksonAutoConfiguration': no URL paths identified
2018-06-07 13:27:30.127 DEBUG 193 --- [           main] o.s.w.s.h.BeanNameUrlHandlerMapping      : Rejected bean name 'jsonComponentModule': no URL paths identified
2018-06-07 13:27:30.127 DEBUG 193 --- [           main] o.s.w.s.h.BeanNameUrlHandlerMapping      : Rejected bean name 'org.springframework.boot.autoconfigure.http.HttpMessageConvertersAutoConfiguration$StringHttpMessageConverterConfiguration': no URL paths identified
2018-06-07 13:27:30.127 DEBUG 193 --- [           main] o.s.w.s.h.BeanNameUrlHandlerMapping      : Rejected bean name 'stringHttpMessageConverter': no URL paths identified
2018-06-07 13:27:30.127 DEBUG 193 --- [           main] o.s.w.s.h.BeanNameUrlHandlerMapping      : Rejected bean name 'spring.http.encoding-org.springframework.boot.autoconfigure.http.HttpEncodingProperties': no URL paths identified
2018-06-07 13:27:30.128 DEBUG 193 --- [           main] o.s.w.s.h.BeanNameUrlHandlerMapping      : Rejected bean name 'org.springframework.boot.autoconfigure.http.JacksonHttpMessageConvertersConfiguration$MappingJackson2HttpMessageConverterConfiguration': no URL paths identified
2018-06-07 13:27:30.128 DEBUG 193 --- [           main] o.s.w.s.h.BeanNameUrlHandlerMapping      : Rejected bean name 'mappingJackson2HttpMessageConverter': no URL paths identified
2018-06-07 13:27:30.128 DEBUG 193 --- [           main] o.s.w.s.h.BeanNameUrlHandlerMapping      : Rejected bean name 'org.springframework.boot.autoconfigure.http.JacksonHttpMessageConvertersConfiguration': no URL paths identified
2018-06-07 13:27:30.128 DEBUG 193 --- [           main] o.s.w.s.h.BeanNameUrlHandlerMapping      : Rejected bean name 'org.springframework.boot.autoconfigure.http.GsonHttpMessageConvertersConfiguration': no URL paths identified
2018-06-07 13:27:30.128 DEBUG 193 --- [           main] o.s.w.s.h.BeanNameUrlHandlerMapping      : Rejected bean name 'org.springframework.boot.autoconfigure.http.HttpMessageConvertersAutoConfiguration': no URL paths identified
2018-06-07 13:27:30.128 DEBUG 193 --- [           main] o.s.w.s.h.BeanNameUrlHandlerMapping      : Rejected bean name 'messageConverters': no URL paths identified
2018-06-07 13:27:30.128 DEBUG 193 --- [           main] o.s.w.s.h.BeanNameUrlHandlerMapping      : Rejected bean name 'org.springframework.boot.autoconfigure.web.client.RestTemplateAutoConfiguration': no URL paths identified
2018-06-07 13:27:30.128 DEBUG 193 --- [           main] o.s.w.s.h.BeanNameUrlHandlerMapping      : Rejected bean name 'restTemplateBuilder': no URL paths identified
2018-06-07 13:27:30.128 DEBUG 193 --- [           main] o.s.w.s.h.BeanNameUrlHandlerMapping      : Rejected bean name 'org.springframework.boot.actuate.autoconfigure.metrics.web.client.RestTemplateMetricsAutoConfiguration': no URL paths identified
2018-06-07 13:27:30.128 DEBUG 193 --- [           main] o.s.w.s.h.BeanNameUrlHandlerMapping      : Rejected bean name 'restTemplateTagConfigurer': no URL paths identified
2018-06-07 13:27:30.128 DEBUG 193 --- [           main] o.s.w.s.h.BeanNameUrlHandlerMapping      : Rejected bean name 'metricsRestTemplateCustomizer': no URL paths identified
2018-06-07 13:27:30.128 DEBUG 193 --- [           main] o.s.w.s.h.BeanNameUrlHandlerMapping      : Rejected bean name 'metricsWebClientUriTagFilter': no URL paths identified
2018-06-07 13:27:30.128 DEBUG 193 --- [           main] o.s.w.s.h.BeanNameUrlHandlerMapping      : Rejected bean name 'org.springframework.boot.actuate.autoconfigure.metrics.web.servlet.WebMvcMetricsAutoConfiguration': no URL paths identified
2018-06-07 13:27:30.128 DEBUG 193 --- [           main] o.s.w.s.h.BeanNameUrlHandlerMapping      : Rejected bean name 'webMvcTagsProvider': no URL paths identified
2018-06-07 13:27:30.128 DEBUG 193 --- [           main] o.s.w.s.h.BeanNameUrlHandlerMapping      : Rejected bean name 'webMvcMetricsFilter': no URL paths identified
2018-06-07 13:27:30.129 DEBUG 193 --- [           main] o.s.w.s.h.BeanNameUrlHandlerMapping      : Rejected bean name 'org.springframework.boot.actuate.autoconfigure.metrics.web.tomcat.TomcatMetricsAutoConfiguration': no URL paths identified
2018-06-07 13:27:30.129 DEBUG 193 --- [           main] o.s.w.s.h.BeanNameUrlHandlerMapping      : Rejected bean name 'tomcatMetrics': no URL paths identified
2018-06-07 13:27:30.129 DEBUG 193 --- [           main] o.s.w.s.h.BeanNameUrlHandlerMapping      : Rejected bean name 'contextCapturingServletTomcatCustomizer': no URL paths identified
2018-06-07 13:27:30.129 DEBUG 193 --- [           main] o.s.w.s.h.BeanNameUrlHandlerMapping      : Rejected bean name 'org.springframework.boot.actuate.autoconfigure.scheduling.ScheduledTasksEndpointAutoConfiguration': no URL paths identified
2018-06-07 13:27:30.129 DEBUG 193 --- [           main] o.s.w.s.h.BeanNameUrlHandlerMapping      : Rejected bean name 'scheduledTasksEndpoint': no URL paths identified
2018-06-07 13:27:30.129 DEBUG 193 --- [           main] o.s.w.s.h.BeanNameUrlHandlerMapping      : Rejected bean name 'org.springframework.boot.actuate.autoconfigure.trace.http.HttpTraceAutoConfiguration$ServletTraceFilterConfiguration': no URL paths identified
2018-06-07 13:27:30.129 DEBUG 193 --- [           main] o.s.w.s.h.BeanNameUrlHandlerMapping      : Rejected bean name 'httpTraceFilter': no URL paths identified
2018-06-07 13:27:30.129 DEBUG 193 --- [           main] o.s.w.s.h.BeanNameUrlHandlerMapping      : Rejected bean name 'org.springframework.boot.actuate.autoconfigure.trace.http.HttpTraceAutoConfiguration': no URL paths identified
2018-06-07 13:27:30.129 DEBUG 193 --- [           main] o.s.w.s.h.BeanNameUrlHandlerMapping      : Rejected bean name 'traceRepository': no URL paths identified
2018-06-07 13:27:30.129 DEBUG 193 --- [           main] o.s.w.s.h.BeanNameUrlHandlerMapping      : Rejected bean name 'httpExchangeTracer': no URL paths identified
2018-06-07 13:27:30.129 DEBUG 193 --- [           main] o.s.w.s.h.BeanNameUrlHandlerMapping      : Rejected bean name 'management.trace.http-org.springframework.boot.actuate.autoconfigure.trace.http.HttpTraceProperties': no URL paths identified
2018-06-07 13:27:30.129 DEBUG 193 --- [           main] o.s.w.s.h.BeanNameUrlHandlerMapping      : Rejected bean name 'org.springframework.boot.actuate.autoconfigure.trace.http.HttpTraceEndpointAutoConfiguration': no URL paths identified
2018-06-07 13:27:30.129 DEBUG 193 --- [           main] o.s.w.s.h.BeanNameUrlHandlerMapping      : Rejected bean name 'httpTraceEndpoint': no URL paths identified
2018-06-07 13:27:30.129 DEBUG 193 --- [           main] o.s.w.s.h.BeanNameUrlHandlerMapping      : Rejected bean name 'org.springframework.boot.actuate.autoconfigure.web.mappings.MappingsEndpointAutoConfiguration$ServletWebConfiguration$SpringMvcConfiguration': no URL paths identified
2018-06-07 13:27:30.129 DEBUG 193 --- [           main] o.s.w.s.h.BeanNameUrlHandlerMapping      : Rejected bean name 'dispatcherServletMappingDescriptionProvider': no URL paths identified
2018-06-07 13:27:30.130 DEBUG 193 --- [           main] o.s.w.s.h.BeanNameUrlHandlerMapping      : Rejected bean name 'org.springframework.boot.actuate.autoconfigure.web.mappings.MappingsEndpointAutoConfiguration$ServletWebConfiguration': no URL paths identified
2018-06-07 13:27:30.130 DEBUG 193 --- [           main] o.s.w.s.h.BeanNameUrlHandlerMapping      : Rejected bean name 'servletMappingDescriptionProvider': no URL paths identified
2018-06-07 13:27:30.130 DEBUG 193 --- [           main] o.s.w.s.h.BeanNameUrlHandlerMapping      : Rejected bean name 'filterMappingDescriptionProvider': no URL paths identified
2018-06-07 13:27:30.130 DEBUG 193 --- [           main] o.s.w.s.h.BeanNameUrlHandlerMapping      : Rejected bean name 'org.springframework.boot.actuate.autoconfigure.web.mappings.MappingsEndpointAutoConfiguration': no URL paths identified
2018-06-07 13:27:30.130 DEBUG 193 --- [           main] o.s.w.s.h.BeanNameUrlHandlerMapping      : Rejected bean name 'mappingsEndpoint': no URL paths identified
2018-06-07 13:27:30.130 DEBUG 193 --- [           main] o.s.w.s.h.BeanNameUrlHandlerMapping      : Rejected bean name 'org.springframework.boot.autoconfigure.context.ConfigurationPropertiesAutoConfiguration': no URL paths identified
2018-06-07 13:27:30.130 DEBUG 193 --- [           main] o.s.w.s.h.BeanNameUrlHandlerMapping      : Rejected bean name 'org.springframework.boot.autoconfigure.http.codec.CodecsAutoConfiguration$JacksonCodecConfiguration': no URL paths identified
2018-06-07 13:27:30.130 DEBUG 193 --- [           main] o.s.w.s.h.BeanNameUrlHandlerMapping      : Rejected bean name 'jacksonCodecCustomizer': no URL paths identified
2018-06-07 13:27:30.130 DEBUG 193 --- [           main] o.s.w.s.h.BeanNameUrlHandlerMapping      : Rejected bean name 'org.springframework.boot.autoconfigure.http.codec.CodecsAutoConfiguration': no URL paths identified
2018-06-07 13:27:30.130 DEBUG 193 --- [           main] o.s.w.s.h.BeanNameUrlHandlerMapping      : Rejected bean name 'org.springframework.boot.autoconfigure.security.reactive.ReactiveSecurityAutoConfiguration': no URL paths identified
2018-06-07 13:27:30.130 DEBUG 193 --- [           main] o.s.w.s.h.BeanNameUrlHandlerMapping      : Rejected bean name 'spring.security-org.springframework.boot.autoconfigure.security.SecurityProperties': no URL paths identified
2018-06-07 13:27:30.130 DEBUG 193 --- [           main] o.s.w.s.h.BeanNameUrlHandlerMapping      : Rejected bean name 'org.springframework.boot.autoconfigure.thymeleaf.ThymeleafAutoConfiguration$ThymeleafJava8TimeDialect': no URL paths identified
2018-06-07 13:27:30.130 DEBUG 193 --- [           main] o.s.w.s.h.BeanNameUrlHandlerMapping      : Rejected bean name 'java8TimeDialect': no URL paths identified
2018-06-07 13:27:30.130 DEBUG 193 --- [           main] o.s.w.s.h.BeanNameUrlHandlerMapping      : Rejected bean name 'org.springframework.boot.autoconfigure.thymeleaf.ThymeleafAutoConfiguration$ThymeleafWebMvcConfiguration$ThymeleafViewResolverConfiguration': no URL paths identified
2018-06-07 13:27:30.130 DEBUG 193 --- [           main] o.s.w.s.h.BeanNameUrlHandlerMapping      : Rejected bean name 'thymeleafViewResolver': no URL paths identified
2018-06-07 13:27:30.130 DEBUG 193 --- [           main] o.s.w.s.h.BeanNameUrlHandlerMapping      : Rejected bean name 'org.springframework.boot.autoconfigure.thymeleaf.ThymeleafAutoConfiguration$ThymeleafWebMvcConfiguration': no URL paths identified
2018-06-07 13:27:30.130 DEBUG 193 --- [           main] o.s.w.s.h.BeanNameUrlHandlerMapping      : Rejected bean name 'org.springframework.boot.autoconfigure.thymeleaf.ThymeleafAutoConfiguration$ThymeleafDefaultConfiguration': no URL paths identified
2018-06-07 13:27:30.130 DEBUG 193 --- [           main] o.s.w.s.h.BeanNameUrlHandlerMapping      : Rejected bean name 'templateEngine': no URL paths identified
2018-06-07 13:27:30.130 DEBUG 193 --- [           main] o.s.w.s.h.BeanNameUrlHandlerMapping      : Rejected bean name 'org.springframework.boot.autoconfigure.thymeleaf.ThymeleafAutoConfiguration$DefaultTemplateResolverConfiguration': no URL paths identified
2018-06-07 13:27:30.130 DEBUG 193 --- [           main] o.s.w.s.h.BeanNameUrlHandlerMapping      : Rejected bean name 'defaultTemplateResolver': no URL paths identified
2018-06-07 13:27:30.130 DEBUG 193 --- [           main] o.s.w.s.h.BeanNameUrlHandlerMapping      : Rejected bean name 'org.springframework.boot.autoconfigure.thymeleaf.ThymeleafAutoConfiguration': no URL paths identified
2018-06-07 13:27:30.130 DEBUG 193 --- [           main] o.s.w.s.h.BeanNameUrlHandlerMapping      : Rejected bean name 'spring.thymeleaf-org.springframework.boot.autoconfigure.thymeleaf.ThymeleafProperties': no URL paths identified
2018-06-07 13:27:30.130 DEBUG 193 --- [           main] o.s.w.s.h.BeanNameUrlHandlerMapping      : Rejected bean name 'org.springframework.boot.autoconfigure.web.embedded.EmbeddedWebServerFactoryCustomizerAutoConfiguration$TomcatWebServerFactoryCustomizerConfiguration': no URL paths identified
2018-06-07 13:27:30.130 DEBUG 193 --- [           main] o.s.w.s.h.BeanNameUrlHandlerMapping      : Rejected bean name 'tomcatWebServerFactoryCustomizer': no URL paths identified
2018-06-07 13:27:30.130 DEBUG 193 --- [           main] o.s.w.s.h.BeanNameUrlHandlerMapping      : Rejected bean name 'org.springframework.boot.autoconfigure.web.embedded.EmbeddedWebServerFactoryCustomizerAutoConfiguration': no URL paths identified
2018-06-07 13:27:30.130 DEBUG 193 --- [           main] o.s.w.s.h.BeanNameUrlHandlerMapping      : Rejected bean name 'org.springframework.boot.autoconfigure.web.servlet.HttpEncodingAutoConfiguration': no URL paths identified
2018-06-07 13:27:30.130 DEBUG 193 --- [           main] o.s.w.s.h.BeanNameUrlHandlerMapping      : Rejected bean name 'characterEncodingFilter': no URL paths identified
2018-06-07 13:27:30.131 DEBUG 193 --- [           main] o.s.w.s.h.BeanNameUrlHandlerMapping      : Rejected bean name 'localeCharsetMappingsCustomizer': no URL paths identified
2018-06-07 13:27:30.131 DEBUG 193 --- [           main] o.s.w.s.h.BeanNameUrlHandlerMapping      : Rejected bean name 'org.springframework.boot.autoconfigure.web.servlet.MultipartAutoConfiguration': no URL paths identified
2018-06-07 13:27:30.131 DEBUG 193 --- [           main] o.s.w.s.h.BeanNameUrlHandlerMapping      : Rejected bean name 'multipartConfigElement': no URL paths identified
2018-06-07 13:27:30.131 DEBUG 193 --- [           main] o.s.w.s.h.BeanNameUrlHandlerMapping      : Rejected bean name 'multipartResolver': no URL paths identified
2018-06-07 13:27:30.131 DEBUG 193 --- [           main] o.s.w.s.h.BeanNameUrlHandlerMapping      : Rejected bean name 'spring.servlet.multipart-org.springframework.boot.autoconfigure.web.servlet.MultipartProperties': no URL paths identified
2018-06-07 13:27:30.131 DEBUG 193 --- [           main] o.s.w.s.h.BeanNameUrlHandlerMapping      : Rejected bean name 'org.springframework.boot.actuate.autoconfigure.endpoint.web.ServletEndpointManagementContextConfiguration': no URL paths identified
2018-06-07 13:27:30.131 DEBUG 193 --- [           main] o.s.w.s.h.BeanNameUrlHandlerMapping      : Rejected bean name 'servletEndpointRegistrar': no URL paths identified
2018-06-07 13:27:30.131 DEBUG 193 --- [           main] o.s.w.s.h.BeanNameUrlHandlerMapping      : Rejected bean name 'servletExposeExcludePropertyEndpointFilter': no URL paths identified
2018-06-07 13:27:30.131 DEBUG 193 --- [           main] o.s.w.s.h.BeanNameUrlHandlerMapping      : Rejected bean name 'org.springframework.boot.actuate.autoconfigure.endpoint.web.servlet.WebMvcEndpointManagementContextConfiguration': no URL paths identified
2018-06-07 13:27:30.131 DEBUG 193 --- [           main] o.s.w.s.h.BeanNameUrlHandlerMapping      : Rejected bean name 'webEndpointServletHandlerMapping': no URL paths identified
2018-06-07 13:27:30.131 DEBUG 193 --- [           main] o.s.w.s.h.BeanNameUrlHandlerMapping      : Rejected bean name 'controllerEndpointHandlerMapping': no URL paths identified
2018-06-07 13:27:30.131 DEBUG 193 --- [           main] o.s.w.s.h.BeanNameUrlHandlerMapping      : Rejected bean name 'management.endpoints.web.cors-org.springframework.boot.actuate.autoconfigure.endpoint.web.CorsEndpointProperties': no URL paths identified
2018-06-07 13:27:30.131 DEBUG 193 --- [           main] o.s.w.s.h.BeanNameUrlHandlerMapping      : Rejected bean name 'org.springframework.boot.actuate.autoconfigure.web.server.ManagementContextAutoConfiguration$SameManagementContextConfiguration$EnableSameManagementContextConfiguration': no URL paths identified
2018-06-07 13:27:30.131 DEBUG 193 --- [           main] o.s.w.s.h.BeanNameUrlHandlerMapping      : Rejected bean name 'org.springframework.boot.actuate.autoconfigure.web.server.ManagementContextAutoConfiguration$SameManagementContextConfiguration': no URL paths identified
2018-06-07 13:27:30.131 DEBUG 193 --- [           main] o.s.w.s.h.BeanNameUrlHandlerMapping      : Rejected bean name 'org.springframework.boot.actuate.autoconfigure.web.server.ManagementContextAutoConfiguration': no URL paths identified
2018-06-07 13:27:30.131 DEBUG 193 --- [           main] o.s.w.s.h.BeanNameUrlHandlerMapping      : Rejected bean name 'management.server-org.springframework.boot.actuate.autoconfigure.web.server.ManagementServerProperties': no URL paths identified
2018-06-07 13:27:30.132 DEBUG 193 --- [           main] o.s.w.s.h.BeanNameUrlHandlerMapping      : Rejected bean name 'org.springframework.boot.test.web.client.TestRestTemplate': no URL paths identified
2018-06-07 13:27:30.132 DEBUG 193 --- [           main] o.s.w.s.h.BeanNameUrlHandlerMapping      : Rejected bean name 'EIRequestsController': no URL paths identified
2018-06-07 13:27:30.132 DEBUG 193 --- [           main] o.s.w.s.h.BeanNameUrlHandlerMapping      : Rejected bean name 'autoConfigurationReport': no URL paths identified
2018-06-07 13:27:30.132 DEBUG 193 --- [           main] o.s.w.s.h.BeanNameUrlHandlerMapping      : Rejected bean name 'org.springframework.boot.context.ContextIdApplicationContextInitializer$ContextId': no URL paths identified
2018-06-07 13:27:30.132 DEBUG 193 --- [           main] o.s.w.s.h.BeanNameUrlHandlerMapping      : Rejected bean name 'org.springframework.boot.test.context.filter.TestTypeExcludeFilter': no URL paths identified
2018-06-07 13:27:30.132 DEBUG 193 --- [           main] o.s.w.s.h.BeanNameUrlHandlerMapping      : Rejected bean name 'org.springframework.boot.test.autoconfigure.properties.PropertyMappingContextCustomizer$PropertyMappingCheckBeanPostProcessor': no URL paths identified
2018-06-07 13:27:30.132 DEBUG 193 --- [           main] o.s.w.s.h.BeanNameUrlHandlerMapping      : Rejected bean name 'springApplicationArguments': no URL paths identified
2018-06-07 13:27:30.132 DEBUG 193 --- [           main] o.s.w.s.h.BeanNameUrlHandlerMapping      : Rejected bean name 'springBootBanner': no URL paths identified
2018-06-07 13:27:30.132 DEBUG 193 --- [           main] o.s.w.s.h.BeanNameUrlHandlerMapping      : Rejected bean name 'springBootLoggingSystem': no URL paths identified
2018-06-07 13:27:30.132 DEBUG 193 --- [           main] o.s.w.s.h.BeanNameUrlHandlerMapping      : Rejected bean name 'environment': no URL paths identified
2018-06-07 13:27:30.132 DEBUG 193 --- [           main] o.s.w.s.h.BeanNameUrlHandlerMapping      : Rejected bean name 'systemProperties': no URL paths identified
2018-06-07 13:27:30.132 DEBUG 193 --- [           main] o.s.w.s.h.BeanNameUrlHandlerMapping      : Rejected bean name 'systemEnvironment': no URL paths identified
2018-06-07 13:27:30.132 DEBUG 193 --- [           main] o.s.w.s.h.BeanNameUrlHandlerMapping      : Rejected bean name 'org.springframework.context.annotation.ConfigurationClassPostProcessor.importRegistry': no URL paths identified
2018-06-07 13:27:30.132 DEBUG 193 --- [           main] o.s.w.s.h.BeanNameUrlHandlerMapping      : Rejected bean name 'org.springframework.boot.test.mock.mockito.MockitoBeans': no URL paths identified
2018-06-07 13:27:30.132 DEBUG 193 --- [           main] o.s.w.s.h.BeanNameUrlHandlerMapping      : Rejected bean name 'messageSource': no URL paths identified
2018-06-07 13:27:30.132 DEBUG 193 --- [           main] o.s.w.s.h.BeanNameUrlHandlerMapping      : Rejected bean name 'applicationEventMulticaster': no URL paths identified
2018-06-07 13:27:30.132 DEBUG 193 --- [           main] o.s.w.s.h.BeanNameUrlHandlerMapping      : Rejected bean name 'servletContext': no URL paths identified
2018-06-07 13:27:30.132 DEBUG 193 --- [           main] o.s.w.s.h.BeanNameUrlHandlerMapping      : Rejected bean name 'contextParameters': no URL paths identified
2018-06-07 13:27:30.132 DEBUG 193 --- [           main] o.s.w.s.h.BeanNameUrlHandlerMapping      : Rejected bean name 'contextAttributes': no URL paths identified
2018-06-07 13:27:30.135  INFO 193 --- [           main] o.s.w.s.handler.SimpleUrlHandlerMapping  : Mapped URL path [/webjars/**] onto handler of type [class org.springframework.web.servlet.resource.ResourceHttpRequestHandler]
2018-06-07 13:27:30.135  INFO 193 --- [           main] o.s.w.s.handler.SimpleUrlHandlerMapping  : Mapped URL path [/**] onto handler of type [class org.springframework.web.servlet.resource.ResourceHttpRequestHandler]
2018-06-07 13:27:30.144 DEBUG 193 --- [           main] .m.m.a.ExceptionHandlerExceptionResolver : Looking for exception mappings: org.springframework.boot.web.servlet.context.AnnotationConfigServletWebServerApplicationContext@2a349a73: startup date [Thu Jun 07 13:27:28 CEST 2018]; root of context hierarchy
2018-06-07 13:27:30.255  INFO 193 --- [           main] o.s.b.a.w.s.WelcomePageHandlerMapping    : Adding welcome page template: index
2018-06-07 13:27:30.389  INFO 193 --- [           main] o.s.b.a.e.web.EndpointLinksResolver      : Exposing 2 endpoint(s) beneath base path '/actuator'
2018-06-07 13:27:30.399  INFO 193 --- [           main] s.b.a.e.w.s.WebMvcEndpointHandlerMapping : Mapped "{[/actuator/health],methods=[GET],produces=[application/vnd.spring-boot.actuator.v2+json || application/json]}" onto public java.lang.Object org.springframework.boot.actuate.endpoint.web.servlet.AbstractWebMvcEndpointHandlerMapping$OperationHandler.handle(javax.servlet.http.HttpServletRequest,java.util.Map<java.lang.String, java.lang.String>)
2018-06-07 13:27:30.399  INFO 193 --- [           main] s.b.a.e.w.s.WebMvcEndpointHandlerMapping : Mapped "{[/actuator/info],methods=[GET],produces=[application/vnd.spring-boot.actuator.v2+json || application/json]}" onto public java.lang.Object org.springframework.boot.actuate.endpoint.web.servlet.AbstractWebMvcEndpointHandlerMapping$OperationHandler.handle(javax.servlet.http.HttpServletRequest,java.util.Map<java.lang.String, java.lang.String>)
2018-06-07 13:27:30.399  INFO 193 --- [           main] s.b.a.e.w.s.WebMvcEndpointHandlerMapping : Mapped "{[/actuator],methods=[GET],produces=[application/vnd.spring-boot.actuator.v2+json || application/json]}" onto protected java.util.Map<java.lang.String, java.util.Map<java.lang.String, org.springframework.boot.actuate.endpoint.web.Link>> org.springframework.boot.actuate.endpoint.web.servlet.WebMvcEndpointHandlerMapping.links(javax.servlet.http.HttpServletRequest,javax.servlet.http.HttpServletResponse)
2018-06-07 13:27:30.472 DEBUG 193 --- [           main] o.s.w.s.resource.ResourceUrlProvider     : Looking for resource handler mappings
2018-06-07 13:27:30.473 DEBUG 193 --- [           main] o.s.w.s.resource.ResourceUrlProvider     : Found resource handler mapping: URL pattern="/**/favicon.ico", locations=[class path resource [META-INF/resources/], class path resource [resources/], class path resource [static/], class path resource [public/], ServletContext resource [/], class path resource []], resolvers=[org.springframework.web.servlet.resource.PathResourceResolver@ec1b776]
2018-06-07 13:27:30.473 DEBUG 193 --- [           main] o.s.w.s.resource.ResourceUrlProvider     : Found resource handler mapping: URL pattern="/webjars/**", locations=[class path resource [META-INF/resources/webjars/]], resolvers=[org.springframework.web.servlet.resource.PathResourceResolver@2e3b4394]
2018-06-07 13:27:30.473 DEBUG 193 --- [           main] o.s.w.s.resource.ResourceUrlProvider     : Found resource handler mapping: URL pattern="/**", locations=[class path resource [META-INF/resources/], class path resource [resources/], class path resource [static/], class path resource [public/], ServletContext resource [/]], resolvers=[org.springframework.web.servlet.resource.PathResourceResolver@70ccb3bf]
2018-06-07 13:27:30.490  INFO 193 --- [           main] o.s.b.w.embedded.tomcat.TomcatWebServer  : Tomcat started on port(s): 43835 (http) with context path ''
2018-06-07 13:27:30.491  INFO 193 --- [           main] c.ericsson.ei.frontend.TemplateTestCase  : Started TemplateTestCase in 2.046 seconds (JVM running for 21.7)
]]></system-out>
  </testcase>
  <testcase name="testTemplateTestCase" classname="com.ericsson.ei.frontend.TemplateTestCase" time="0.035">
    <error type="java.lang.NullPointerException">java.lang.NullPointerException
</error>
  </testcase>
</testsuite>