<?xml version="1.0" encoding="UTF-8" ?>
<testsuite tests="1" failures="1" name="com.spotify.docker.client.ConnectionPoolTest" time="0.779" errors="0" skipped="0">
  <properties>
    <property name="java.runtime.name" value="OpenJDK Runtime Environment"/>
    <property name="sun.boot.library.path" value="/usr/lib/jvm/java-8-openjdk-amd64/jre/lib/amd64"/>
    <property name="java.vm.version" value="25.121-b13"/>
    <property name="java.vm.vendor" value="Oracle Corporation"/>
    <property name="maven.multiModuleProjectDirectory" value="/root/workspace/barahate90/docker-client/429554129"/>
    <property name="java.vendor.url" value="http://java.oracle.com/"/>
    <property name="path.separator" value=":"/>
    <property name="guice.disable.misplaced.annotation.check" value="true"/>
    <property name="skip.gulp" value="true"/>
    <property name="java.vm.name" value="OpenJDK 64-Bit Server VM"/>
    <property name="file.encoding.pkg" value="sun.io"/>
    <property name="sun.java.launcher" value="SUN_STANDARD"/>
    <property name="sun.os.patch.level" value="unknown"/>
    <property name="findbugs.skip" value="true"/>
    <property name="java.vm.specification.name" value="Java Virtual Machine Specification"/>
    <property name="user.dir" value="/root/workspace/barahate90/docker-client/429554129"/>
    <property name="checkstyle.skip" value="true"/>
    <property name="java.runtime.version" value="1.8.0_121-8u121-b13-1~bpo8+1-b13"/>
    <property name="java.awt.graphicsenv" value="sun.awt.X11GraphicsEnvironment"/>
    <property name="skip.npm" value="true"/>
    <property name="java.endorsed.dirs" value="/usr/lib/jvm/java-8-openjdk-amd64/jre/lib/endorsed"/>
    <property name="os.arch" value="amd64"/>
    <property name="java.io.tmpdir" value="/tmp"/>
    <property name="gpg.skip" value="true"/>
    <property name="line.separator" value="
"/>
    <property name="java.vm.specification.vendor" value="Oracle Corporation"/>
    <property name="cobertura.skip" value="true"/>
    <property name="os.name" value="Linux"/>
    <property name="classworlds.conf" value="/usr/share/maven/bin/m2.conf"/>
    <property name="sun.jnu.encoding" value="UTF-8"/>
    <property name="java.library.path" value="/usr/java/packages/lib/amd64:/usr/lib/x86_64-linux-gnu/jni:/lib/x86_64-linux-gnu:/usr/lib/x86_64-linux-gnu:/usr/lib/jni:/lib:/usr/lib"/>
    <property name="license.skip" value="true"/>
    <property name="java.specification.name" value="Java Platform API Specification"/>
    <property name="java.class.version" value="52.0"/>
    <property name="sun.management.compiler" value="HotSpot 64-Bit Tiered Compilers"/>
    <property name="skip.bower" value="true"/>
    <property name="maven.repo.local" value="/root/./workspace/barahate90/docker-client/429554129/.m2"/>
    <property name="os.version" value="3.10.0-862.3.2.el7.x86_64"/>
    <property name="user.home" value="/root"/>
    <property name="user.timezone" value="Europe/Paris"/>
    <property name="java.awt.printerjob" value="sun.print.PSPrinterJob"/>
    <property name="java.specification.version" value="1.8"/>
    <property name="file.encoding" value="UTF-8"/>
    <property name="user.name" value="root"/>
    <property name="java.class.path" value="/usr/share/maven/boot/plexus-classworlds-2.5.2.jar"/>
    <property name="skipITs" value="true"/>
    <property name="java.vm.specification.version" value="1.8"/>
    <property name="sun.arch.data.model" value="64"/>
    <property name="java.home" value="/usr/lib/jvm/java-8-openjdk-amd64/jre"/>
    <property name="sun.java.command" value="org.codehaus.plexus.classworlds.launcher.Launcher -B -D enforcer.skip=true -D dependency-check.skip=true -D skipITs=true -D cobertura.skip=true -D maven.repo.local=/root/./workspace/barahate90/docker-client/429554129/.m2 -D rat.skip=true -D findbugs.skip=true -D skip.bower=true -D gpg.skip=true -D checkstyle.skip=true -D skip.gulp=true -D license.skip=true -D skip.npm=true test"/>
    <property name="java.specification.vendor" value="Oracle Corporation"/>
    <property name="user.language" value="en"/>
    <property name="awt.toolkit" value="sun.awt.X11.XToolkit"/>
    <property name="dependency-check.skip" value="true"/>
    <property name="java.vm.info" value="mixed mode"/>
    <property name="java.version" value="1.8.0_121"/>
    <property name="java.ext.dirs" value="/usr/lib/jvm/java-8-openjdk-amd64/jre/lib/ext:/usr/java/packages/lib/ext"/>
    <property name="securerandom.source" value="file:/dev/./urandom"/>
    <property name="sun.boot.class.path" value="/usr/lib/jvm/java-8-openjdk-amd64/jre/lib/resources.jar:/usr/lib/jvm/java-8-openjdk-amd64/jre/lib/rt.jar:/usr/lib/jvm/java-8-openjdk-amd64/jre/lib/sunrsasign.jar:/usr/lib/jvm/java-8-openjdk-amd64/jre/lib/jsse.jar:/usr/lib/jvm/java-8-openjdk-amd64/jre/lib/jce.jar:/usr/lib/jvm/java-8-openjdk-amd64/jre/lib/charsets.jar:/usr/lib/jvm/java-8-openjdk-amd64/jre/lib/jfr.jar:/usr/lib/jvm/java-8-openjdk-amd64/jre/classes"/>
    <property name="java.vendor" value="Oracle Corporation"/>
    <property name="enforcer.skip" value="true"/>
    <property name="rat.skip" value="true"/>
    <property name="maven.home" value="/usr/share/maven"/>
    <property name="file.separator" value="/"/>
    <property name="java.vendor.url.bug" value="http://bugreport.sun.com/bugreport/"/>
    <property name="sun.cpu.endian" value="little"/>
    <property name="sun.io.unicode.encoding" value="UnicodeLittle"/>
    <property name="sun.cpu.isalist" value=""/>
  </properties>
  <testcase classname="com.spotify.docker.client.ConnectionPoolTest" name="testParallelOperation" time="0.779">
    <failure message="
Expected: null
     but: was &lt;com.spotify.docker.client.exceptions.DockerException: java.util.concurrent.ExecutionException: javax.ws.rs.ProcessingException: java.io.IOException: No such file or directory&gt;" type="java.lang.AssertionError">java.lang.AssertionError: 
Expected: null
     but: was &lt;com.spotify.docker.client.exceptions.DockerException: java.util.concurrent.ExecutionException: javax.ws.rs.ProcessingException: java.io.IOException: No such file or directory&gt;
	at org.hamcrest.MatcherAssert.assertThat(MatcherAssert.java:20)
	at org.hamcrest.MatcherAssert.assertThat(MatcherAssert.java:8)
	at com.spotify.docker.client.ConnectionPoolTest.testParallelOperation(ConnectionPoolTest.java:98)
	at sun.reflect.NativeMethodAccessorImpl.invoke0(Native Method)
	at sun.reflect.NativeMethodAccessorImpl.invoke(NativeMethodAccessorImpl.java:62)
	at sun.reflect.DelegatingMethodAccessorImpl.invoke(DelegatingMethodAccessorImpl.java:43)
	at java.lang.reflect.Method.invoke(Method.java:498)
	at org.junit.runners.model.FrameworkMethod$1.runReflectiveCall(FrameworkMethod.java:50)
	at org.junit.internal.runners.model.ReflectiveCallable.run(ReflectiveCallable.java:12)
	at org.junit.runners.model.FrameworkMethod.invokeExplosively(FrameworkMethod.java:47)
	at org.junit.internal.runners.statements.InvokeMethod.evaluate(InvokeMethod.java:17)
	at org.junit.rules.ExpectedException$ExpectedExceptionStatement.evaluate(ExpectedException.java:239)
	at org.junit.rules.TestWatcher$1.evaluate(TestWatcher.java:55)
	at org.junit.rules.RunRules.evaluate(RunRules.java:20)
	at org.junit.runners.ParentRunner.runLeaf(ParentRunner.java:325)
	at org.junit.runners.BlockJUnit4ClassRunner.runChild(BlockJUnit4ClassRunner.java:78)
	at org.junit.runners.BlockJUnit4ClassRunner.runChild(BlockJUnit4ClassRunner.java:57)
	at org.junit.runners.ParentRunner$3.run(ParentRunner.java:290)
	at org.junit.runners.ParentRunner$1.schedule(ParentRunner.java:71)
	at org.junit.runners.ParentRunner.runChildren(ParentRunner.java:288)
	at org.junit.runners.ParentRunner.access$000(ParentRunner.java:58)
	at org.junit.runners.ParentRunner$2.evaluate(ParentRunner.java:268)
	at org.junit.runners.ParentRunner.run(ParentRunner.java:363)
	at org.apache.maven.surefire.junit4.JUnit4Provider.execute(JUnit4Provider.java:252)
	at org.apache.maven.surefire.junit4.JUnit4Provider.executeTestSet(JUnit4Provider.java:141)
	at org.apache.maven.surefire.junit4.JUnit4Provider.invoke(JUnit4Provider.java:112)
	at sun.reflect.NativeMethodAccessorImpl.invoke0(Native Method)
	at sun.reflect.NativeMethodAccessorImpl.invoke(NativeMethodAccessorImpl.java:62)
	at sun.reflect.DelegatingMethodAccessorImpl.invoke(DelegatingMethodAccessorImpl.java:43)
	at java.lang.reflect.Method.invoke(Method.java:498)
	at org.apache.maven.surefire.util.ReflectionUtils.invokeMethodWithArray(ReflectionUtils.java:189)
	at org.apache.maven.surefire.booter.ProviderFactory$ProviderProxy.invoke(ProviderFactory.java:165)
	at org.apache.maven.surefire.booter.ProviderFactory.invokeProvider(ProviderFactory.java:85)
	at org.apache.maven.surefire.booter.ForkedBooter.runSuitesInProcess(ForkedBooter.java:115)
	at org.apache.maven.surefire.booter.ForkedBooter.main(ForkedBooter.java:75)
</failure>
    <system-out>14:57:37.977 [pool-45-thread-1] ERROR c.s.docker.client.ConnectionPoolTest - Error running task: java.util.concurrent.ExecutionException: javax.ws.rs.ProcessingException: java.io.IOException: No such file or directory
com.spotify.docker.client.exceptions.DockerException: java.util.concurrent.ExecutionException: javax.ws.rs.ProcessingException: java.io.IOException: No such file or directory
	at com.spotify.docker.client.DefaultDockerClient.propagate(DefaultDockerClient.java:2828)
	at com.spotify.docker.client.DefaultDockerClient.request(DefaultDockerClient.java:2692)
	at com.spotify.docker.client.DefaultDockerClient.requestAndTail(DefaultDockerClient.java:2777)
	at com.spotify.docker.client.DefaultDockerClient.pull(DefaultDockerClient.java:1326)
	at com.spotify.docker.client.DefaultDockerClient.pull(DefaultDockerClient.java:1303)
	at com.spotify.docker.client.DefaultDockerClient.pull(DefaultDockerClient.java:1297)
	at com.spotify.docker.client.ConnectionPoolTest$1.call(ConnectionPoolTest.java:81)
	at com.spotify.docker.client.ConnectionPoolTest$1.call(ConnectionPoolTest.java:77)
	at java.util.concurrent.FutureTask.run(FutureTask.java:266)
	at java.util.concurrent.ThreadPoolExecutor.runWorker(ThreadPoolExecutor.java:1142)
	at java.util.concurrent.ThreadPoolExecutor$Worker.run(ThreadPoolExecutor.java:617)
	at java.lang.Thread.run(Thread.java:745)
Caused by: java.util.concurrent.ExecutionException: javax.ws.rs.ProcessingException: java.io.IOException: No such file or directory
	at jersey.repackaged.com.google.common.util.concurrent.AbstractFuture$Sync.getValue(AbstractFuture.java:299)
	at jersey.repackaged.com.google.common.util.concurrent.AbstractFuture$Sync.get(AbstractFuture.java:286)
	at jersey.repackaged.com.google.common.util.concurrent.AbstractFuture.get(AbstractFuture.java:116)
	at com.spotify.docker.client.DefaultDockerClient.request(DefaultDockerClient.java:2690)
	... 10 common frames omitted
Caused by: javax.ws.rs.ProcessingException: java.io.IOException: No such file or directory
	at org.glassfish.jersey.apache.connector.ApacheConnector.apply(ApacheConnector.java:481)
	at org.glassfish.jersey.apache.connector.ApacheConnector$1.run(ApacheConnector.java:491)
	at java.util.concurrent.Executors$RunnableAdapter.call(Executors.java:511)
	at java.util.concurrent.FutureTask.run(FutureTask.java:266)
	at jersey.repackaged.com.google.common.util.concurrent.MoreExecutors$DirectExecutorService.execute(MoreExecutors.java:299)
	at java.util.concurrent.AbstractExecutorService.submit(AbstractExecutorService.java:112)
	at jersey.repackaged.com.google.common.util.concurrent.AbstractListeningExecutorService.submit(AbstractListeningExecutorService.java:50)
	at jersey.repackaged.com.google.common.util.concurrent.AbstractListeningExecutorService.submit(AbstractListeningExecutorService.java:37)
	at org.glassfish.jersey.apache.connector.ApacheConnector.apply(ApacheConnector.java:487)
	at org.glassfish.jersey.client.ClientRuntime$2.run(ClientRuntime.java:178)
	at org.glassfish.jersey.internal.Errors$1.call(Errors.java:271)
	at org.glassfish.jersey.internal.Errors$1.call(Errors.java:267)
	at org.glassfish.jersey.internal.Errors.process(Errors.java:315)
	at org.glassfish.jersey.internal.Errors.process(Errors.java:297)
	at org.glassfish.jersey.internal.Errors.process(Errors.java:267)
	at org.glassfish.jersey.process.internal.RequestScope.runInScope(RequestScope.java:340)
	at org.glassfish.jersey.client.ClientRuntime$3.run(ClientRuntime.java:210)
	at java.util.concurrent.Executors$RunnableAdapter.call(Executors.java:511)
	... 4 common frames omitted
Caused by: java.io.IOException: No such file or directory
	at jnr.unixsocket.UnixSocketChannel.doConnect(UnixSocketChannel.java:127)
	at jnr.unixsocket.UnixSocketChannel.connect(UnixSocketChannel.java:136)
	at jnr.unixsocket.UnixSocketChannel.connect(UnixSocketChannel.java:223)
	at com.spotify.docker.client.UnixConnectionSocketFactory.connectSocket(UnixConnectionSocketFactory.java:85)
	at org.apache.http.impl.conn.DefaultHttpClientConnectionOperator.connect(DefaultHttpClientConnectionOperator.java:142)
	at org.apache.http.impl.conn.PoolingHttpClientConnectionManager.connect(PoolingHttpClientConnectionManager.java:373)
	at org.apache.http.impl.execchain.MainClientExec.establishRoute(MainClientExec.java:394)
	at org.apache.http.impl.execchain.MainClientExec.execute(MainClientExec.java:237)
	at org.apache.http.impl.execchain.ProtocolExec.execute(ProtocolExec.java:185)
	at org.apache.http.impl.execchain.RetryExec.execute(RetryExec.java:89)
	at org.apache.http.impl.execchain.RedirectExec.execute(RedirectExec.java:110)
	at org.apache.http.impl.client.InternalHttpClient.doExecute(InternalHttpClient.java:185)
	at org.apache.http.impl.client.CloseableHttpClient.execute(CloseableHttpClient.java:72)
	at org.glassfish.jersey.apache.connector.ApacheConnector.apply(ApacheConnector.java:435)
	... 21 common frames omitted
14:57:37.975 [pool-45-thread-2] ERROR c.s.docker.client.ConnectionPoolTest - Error running task: java.util.concurrent.ExecutionException: javax.ws.rs.ProcessingException: java.io.IOException: No such file or directory
com.spotify.docker.client.exceptions.DockerException: java.util.concurrent.ExecutionException: javax.ws.rs.ProcessingException: java.io.IOException: No such file or directory
	at com.spotify.docker.client.DefaultDockerClient.propagate(DefaultDockerClient.java:2828)
	at com.spotify.docker.client.DefaultDockerClient.request(DefaultDockerClient.java:2692)
	at com.spotify.docker.client.DefaultDockerClient.requestAndTail(DefaultDockerClient.java:2777)
	at com.spotify.docker.client.DefaultDockerClient.pull(DefaultDockerClient.java:1326)
	at com.spotify.docker.client.DefaultDockerClient.pull(DefaultDockerClient.java:1303)
	at com.spotify.docker.client.DefaultDockerClient.pull(DefaultDockerClient.java:1297)
	at com.spotify.docker.client.ConnectionPoolTest$1.call(ConnectionPoolTest.java:81)
	at com.spotify.docker.client.ConnectionPoolTest$1.call(ConnectionPoolTest.java:77)
	at java.util.concurrent.FutureTask.run(FutureTask.java:266)
	at java.util.concurrent.ThreadPoolExecutor.runWorker(ThreadPoolExecutor.java:1142)
	at java.util.concurrent.ThreadPoolExecutor$Worker.run(ThreadPoolExecutor.java:617)
	at java.lang.Thread.run(Thread.java:745)
Caused by: java.util.concurrent.ExecutionException: javax.ws.rs.ProcessingException: java.io.IOException: No such file or directory
	at jersey.repackaged.com.google.common.util.concurrent.AbstractFuture$Sync.getValue(AbstractFuture.java:299)
	at jersey.repackaged.com.google.common.util.concurrent.AbstractFuture$Sync.get(AbstractFuture.java:286)
	at jersey.repackaged.com.google.common.util.concurrent.AbstractFuture.get(AbstractFuture.java:116)
	at com.spotify.docker.client.DefaultDockerClient.request(DefaultDockerClient.java:2690)
	... 10 common frames omitted
Caused by: javax.ws.rs.ProcessingException: java.io.IOException: No such file or directory
	at org.glassfish.jersey.apache.connector.ApacheConnector.apply(ApacheConnector.java:481)
	at org.glassfish.jersey.apache.connector.ApacheConnector$1.run(ApacheConnector.java:491)
	at java.util.concurrent.Executors$RunnableAdapter.call(Executors.java:511)
	at java.util.concurrent.FutureTask.run(FutureTask.java:266)
	at jersey.repackaged.com.google.common.util.concurrent.MoreExecutors$DirectExecutorService.execute(MoreExecutors.java:299)
	at java.util.concurrent.AbstractExecutorService.submit(AbstractExecutorService.java:112)
	at jersey.repackaged.com.google.common.util.concurrent.AbstractListeningExecutorService.submit(AbstractListeningExecutorService.java:50)
	at jersey.repackaged.com.google.common.util.concurrent.AbstractListeningExecutorService.submit(AbstractListeningExecutorService.java:37)
	at org.glassfish.jersey.apache.connector.ApacheConnector.apply(ApacheConnector.java:487)
	at org.glassfish.jersey.client.ClientRuntime$2.run(ClientRuntime.java:178)
	at org.glassfish.jersey.internal.Errors$1.call(Errors.java:271)
	at org.glassfish.jersey.internal.Errors$1.call(Errors.java:267)
	at org.glassfish.jersey.internal.Errors.process(Errors.java:315)
	at org.glassfish.jersey.internal.Errors.process(Errors.java:297)
	at org.glassfish.jersey.internal.Errors.process(Errors.java:267)
	at org.glassfish.jersey.process.internal.RequestScope.runInScope(RequestScope.java:340)
	at org.glassfish.jersey.client.ClientRuntime$3.run(ClientRuntime.java:210)
	at java.util.concurrent.Executors$RunnableAdapter.call(Executors.java:511)
	... 4 common frames omitted
Caused by: java.io.IOException: No such file or directory
	at jnr.unixsocket.UnixSocketChannel.doConnect(UnixSocketChannel.java:127)
	at jnr.unixsocket.UnixSocketChannel.connect(UnixSocketChannel.java:136)
	at jnr.unixsocket.UnixSocketChannel.connect(UnixSocketChannel.java:223)
	at com.spotify.docker.client.UnixConnectionSocketFactory.connectSocket(UnixConnectionSocketFactory.java:85)
	at org.apache.http.impl.conn.DefaultHttpClientConnectionOperator.connect(DefaultHttpClientConnectionOperator.java:142)
	at org.apache.http.impl.conn.PoolingHttpClientConnectionManager.connect(PoolingHttpClientConnectionManager.java:373)
	at org.apache.http.impl.execchain.MainClientExec.establishRoute(MainClientExec.java:394)
	at org.apache.http.impl.execchain.MainClientExec.execute(MainClientExec.java:237)
	at org.apache.http.impl.execchain.ProtocolExec.execute(ProtocolExec.java:185)
	at org.apache.http.impl.execchain.RetryExec.execute(RetryExec.java:89)
	at org.apache.http.impl.execchain.RedirectExec.execute(RedirectExec.java:110)
	at org.apache.http.impl.client.InternalHttpClient.doExecute(InternalHttpClient.java:185)
	at org.apache.http.impl.client.CloseableHttpClient.execute(CloseableHttpClient.java:72)
	at org.glassfish.jersey.apache.connector.ApacheConnector.apply(ApacheConnector.java:435)
	... 21 common frames omitted
14:57:37.972 [pool-45-thread-3] ERROR c.s.docker.client.ConnectionPoolTest - Error running task: java.util.concurrent.ExecutionException: javax.ws.rs.ProcessingException: java.io.IOException: No such file or directory
com.spotify.docker.client.exceptions.DockerException: java.util.concurrent.ExecutionException: javax.ws.rs.ProcessingException: java.io.IOException: No such file or directory
	at com.spotify.docker.client.DefaultDockerClient.propagate(DefaultDockerClient.java:2828)
	at com.spotify.docker.client.DefaultDockerClient.request(DefaultDockerClient.java:2692)
	at com.spotify.docker.client.DefaultDockerClient.requestAndTail(DefaultDockerClient.java:2777)
	at com.spotify.docker.client.DefaultDockerClient.pull(DefaultDockerClient.java:1326)
	at com.spotify.docker.client.DefaultDockerClient.pull(DefaultDockerClient.java:1303)
	at com.spotify.docker.client.DefaultDockerClient.pull(DefaultDockerClient.java:1297)
	at com.spotify.docker.client.ConnectionPoolTest$1.call(ConnectionPoolTest.java:81)
	at com.spotify.docker.client.ConnectionPoolTest$1.call(ConnectionPoolTest.java:77)
	at java.util.concurrent.FutureTask.run(FutureTask.java:266)
	at java.util.concurrent.ThreadPoolExecutor.runWorker(ThreadPoolExecutor.java:1142)
	at java.util.concurrent.ThreadPoolExecutor$Worker.run(ThreadPoolExecutor.java:617)
	at java.lang.Thread.run(Thread.java:745)
Caused by: java.util.concurrent.ExecutionException: javax.ws.rs.ProcessingException: java.io.IOException: No such file or directory
	at jersey.repackaged.com.google.common.util.concurrent.AbstractFuture$Sync.getValue(AbstractFuture.java:299)
	at jersey.repackaged.com.google.common.util.concurrent.AbstractFuture$Sync.get(AbstractFuture.java:286)
	at jersey.repackaged.com.google.common.util.concurrent.AbstractFuture.get(AbstractFuture.java:116)
	at com.spotify.docker.client.DefaultDockerClient.request(DefaultDockerClient.java:2690)
	... 10 common frames omitted
Caused by: javax.ws.rs.ProcessingException: java.io.IOException: No such file or directory
	at org.glassfish.jersey.apache.connector.ApacheConnector.apply(ApacheConnector.java:481)
	at org.glassfish.jersey.apache.connector.ApacheConnector$1.run(ApacheConnector.java:491)
	at java.util.concurrent.Executors$RunnableAdapter.call(Executors.java:511)
	at java.util.concurrent.FutureTask.run(FutureTask.java:266)
	at jersey.repackaged.com.google.common.util.concurrent.MoreExecutors$DirectExecutorService.execute(MoreExecutors.java:299)
	at java.util.concurrent.AbstractExecutorService.submit(AbstractExecutorService.java:112)
	at jersey.repackaged.com.google.common.util.concurrent.AbstractListeningExecutorService.submit(AbstractListeningExecutorService.java:50)
	at jersey.repackaged.com.google.common.util.concurrent.AbstractListeningExecutorService.submit(AbstractListeningExecutorService.java:37)
	at org.glassfish.jersey.apache.connector.ApacheConnector.apply(ApacheConnector.java:487)
	at org.glassfish.jersey.client.ClientRuntime$2.run(ClientRuntime.java:178)
	at org.glassfish.jersey.internal.Errors$1.call(Errors.java:271)
	at org.glassfish.jersey.internal.Errors$1.call(Errors.java:267)
	at org.glassfish.jersey.internal.Errors.process(Errors.java:315)
	at org.glassfish.jersey.internal.Errors.process(Errors.java:297)
	at org.glassfish.jersey.internal.Errors.process(Errors.java:267)
	at org.glassfish.jersey.process.internal.RequestScope.runInScope(RequestScope.java:340)
	at org.glassfish.jersey.client.ClientRuntime$3.run(ClientRuntime.java:210)
	at java.util.concurrent.Executors$RunnableAdapter.call(Executors.java:511)
	... 4 common frames omitted
Caused by: java.io.IOException: No such file or directory
	at jnr.unixsocket.UnixSocketChannel.doConnect(UnixSocketChannel.java:127)
	at jnr.unixsocket.UnixSocketChannel.connect(UnixSocketChannel.java:136)
	at jnr.unixsocket.UnixSocketChannel.connect(UnixSocketChannel.java:223)
	at com.spotify.docker.client.UnixConnectionSocketFactory.connectSocket(UnixConnectionSocketFactory.java:85)
	at org.apache.http.impl.conn.DefaultHttpClientConnectionOperator.connect(DefaultHttpClientConnectionOperator.java:142)
	at org.apache.http.impl.conn.PoolingHttpClientConnectionManager.connect(PoolingHttpClientConnectionManager.java:373)
	at org.apache.http.impl.execchain.MainClientExec.establishRoute(MainClientExec.java:394)
	at org.apache.http.impl.execchain.MainClientExec.execute(MainClientExec.java:237)
	at org.apache.http.impl.execchain.ProtocolExec.execute(ProtocolExec.java:185)
	at org.apache.http.impl.execchain.RetryExec.execute(RetryExec.java:89)
	at org.apache.http.impl.execchain.RedirectExec.execute(RedirectExec.java:110)
	at org.apache.http.impl.client.InternalHttpClient.doExecute(InternalHttpClient.java:185)
	at org.apache.http.impl.client.CloseableHttpClient.execute(CloseableHttpClient.java:72)
	at org.glassfish.jersey.apache.connector.ApacheConnector.apply(ApacheConnector.java:435)
	... 21 common frames omitted
14:57:37.975 [pool-45-thread-4] ERROR c.s.docker.client.ConnectionPoolTest - Error running task: java.util.concurrent.ExecutionException: javax.ws.rs.ProcessingException: java.io.IOException: No such file or directory
com.spotify.docker.client.exceptions.DockerException: java.util.concurrent.ExecutionException: javax.ws.rs.ProcessingException: java.io.IOException: No such file or directory
	at com.spotify.docker.client.DefaultDockerClient.propagate(DefaultDockerClient.java:2828)
	at com.spotify.docker.client.DefaultDockerClient.request(DefaultDockerClient.java:2692)
	at com.spotify.docker.client.DefaultDockerClient.requestAndTail(DefaultDockerClient.java:2777)
	at com.spotify.docker.client.DefaultDockerClient.pull(DefaultDockerClient.java:1326)
	at com.spotify.docker.client.DefaultDockerClient.pull(DefaultDockerClient.java:1303)
	at com.spotify.docker.client.DefaultDockerClient.pull(DefaultDockerClient.java:1297)
	at com.spotify.docker.client.ConnectionPoolTest$1.call(ConnectionPoolTest.java:81)
	at com.spotify.docker.client.ConnectionPoolTest$1.call(ConnectionPoolTest.java:77)
	at java.util.concurrent.FutureTask.run(FutureTask.java:266)
	at java.util.concurrent.ThreadPoolExecutor.runWorker(ThreadPoolExecutor.java:1142)
	at java.util.concurrent.ThreadPoolExecutor$Worker.run(ThreadPoolExecutor.java:617)
	at java.lang.Thread.run(Thread.java:745)
Caused by: java.util.concurrent.ExecutionException: javax.ws.rs.ProcessingException: java.io.IOException: No such file or directory
	at jersey.repackaged.com.google.common.util.concurrent.AbstractFuture$Sync.getValue(AbstractFuture.java:299)
	at jersey.repackaged.com.google.common.util.concurrent.AbstractFuture$Sync.get(AbstractFuture.java:286)
	at jersey.repackaged.com.google.common.util.concurrent.AbstractFuture.get(AbstractFuture.java:116)
	at com.spotify.docker.client.DefaultDockerClient.request(DefaultDockerClient.java:2690)
	... 10 common frames omitted
Caused by: javax.ws.rs.ProcessingException: java.io.IOException: No such file or directory
	at org.glassfish.jersey.apache.connector.ApacheConnector.apply(ApacheConnector.java:481)
	at org.glassfish.jersey.apache.connector.ApacheConnector$1.run(ApacheConnector.java:491)
	at java.util.concurrent.Executors$RunnableAdapter.call(Executors.java:511)
	at java.util.concurrent.FutureTask.run(FutureTask.java:266)
	at jersey.repackaged.com.google.common.util.concurrent.MoreExecutors$DirectExecutorService.execute(MoreExecutors.java:299)
	at java.util.concurrent.AbstractExecutorService.submit(AbstractExecutorService.java:112)
	at jersey.repackaged.com.google.common.util.concurrent.AbstractListeningExecutorService.submit(AbstractListeningExecutorService.java:50)
	at jersey.repackaged.com.google.common.util.concurrent.AbstractListeningExecutorService.submit(AbstractListeningExecutorService.java:37)
	at org.glassfish.jersey.apache.connector.ApacheConnector.apply(ApacheConnector.java:487)
	at org.glassfish.jersey.client.ClientRuntime$2.run(ClientRuntime.java:178)
	at org.glassfish.jersey.internal.Errors$1.call(Errors.java:271)
	at org.glassfish.jersey.internal.Errors$1.call(Errors.java:267)
	at org.glassfish.jersey.internal.Errors.process(Errors.java:315)
	at org.glassfish.jersey.internal.Errors.process(Errors.java:297)
	at org.glassfish.jersey.internal.Errors.process(Errors.java:267)
	at org.glassfish.jersey.process.internal.RequestScope.runInScope(RequestScope.java:340)
	at org.glassfish.jersey.client.ClientRuntime$3.run(ClientRuntime.java:210)
	at java.util.concurrent.Executors$RunnableAdapter.call(Executors.java:511)
	... 4 common frames omitted
Caused by: java.io.IOException: No such file or directory
	at jnr.unixsocket.UnixSocketChannel.doConnect(UnixSocketChannel.java:127)
	at jnr.unixsocket.UnixSocketChannel.connect(UnixSocketChannel.java:136)
	at jnr.unixsocket.UnixSocketChannel.connect(UnixSocketChannel.java:223)
	at com.spotify.docker.client.UnixConnectionSocketFactory.connectSocket(UnixConnectionSocketFactory.java:85)
	at org.apache.http.impl.conn.DefaultHttpClientConnectionOperator.connect(DefaultHttpClientConnectionOperator.java:142)
	at org.apache.http.impl.conn.PoolingHttpClientConnectionManager.connect(PoolingHttpClientConnectionManager.java:373)
	at org.apache.http.impl.execchain.MainClientExec.establishRoute(MainClientExec.java:394)
	at org.apache.http.impl.execchain.MainClientExec.execute(MainClientExec.java:237)
	at org.apache.http.impl.execchain.ProtocolExec.execute(ProtocolExec.java:185)
	at org.apache.http.impl.execchain.RetryExec.execute(RetryExec.java:89)
	at org.apache.http.impl.execchain.RedirectExec.execute(RedirectExec.java:110)
	at org.apache.http.impl.client.InternalHttpClient.doExecute(InternalHttpClient.java:185)
	at org.apache.http.impl.client.CloseableHttpClient.execute(CloseableHttpClient.java:72)
	at org.glassfish.jersey.apache.connector.ApacheConnector.apply(ApacheConnector.java:435)
	... 21 common frames omitted
14:57:37.982 [pool-45-thread-5] ERROR c.s.docker.client.ConnectionPoolTest - Error running task: java.util.concurrent.ExecutionException: javax.ws.rs.ProcessingException: java.io.IOException: No such file or directory
com.spotify.docker.client.exceptions.DockerException: java.util.concurrent.ExecutionException: javax.ws.rs.ProcessingException: java.io.IOException: No such file or directory
	at com.spotify.docker.client.DefaultDockerClient.propagate(DefaultDockerClient.java:2828)
	at com.spotify.docker.client.DefaultDockerClient.request(DefaultDockerClient.java:2692)
	at com.spotify.docker.client.DefaultDockerClient.requestAndTail(DefaultDockerClient.java:2777)
	at com.spotify.docker.client.DefaultDockerClient.pull(DefaultDockerClient.java:1326)
	at com.spotify.docker.client.DefaultDockerClient.pull(DefaultDockerClient.java:1303)
	at com.spotify.docker.client.DefaultDockerClient.pull(DefaultDockerClient.java:1297)
	at com.spotify.docker.client.ConnectionPoolTest$1.call(ConnectionPoolTest.java:81)
	at com.spotify.docker.client.ConnectionPoolTest$1.call(ConnectionPoolTest.java:77)
	at java.util.concurrent.FutureTask.run(FutureTask.java:266)
	at java.util.concurrent.ThreadPoolExecutor.runWorker(ThreadPoolExecutor.java:1142)
	at java.util.concurrent.ThreadPoolExecutor$Worker.run(ThreadPoolExecutor.java:617)
	at java.lang.Thread.run(Thread.java:745)
Caused by: java.util.concurrent.ExecutionException: javax.ws.rs.ProcessingException: java.io.IOException: No such file or directory
	at jersey.repackaged.com.google.common.util.concurrent.AbstractFuture$Sync.getValue(AbstractFuture.java:299)
	at jersey.repackaged.com.google.common.util.concurrent.AbstractFuture$Sync.get(AbstractFuture.java:286)
	at jersey.repackaged.com.google.common.util.concurrent.AbstractFuture.get(AbstractFuture.java:116)
	at com.spotify.docker.client.DefaultDockerClient.request(DefaultDockerClient.java:2690)
	... 10 common frames omitted
Caused by: javax.ws.rs.ProcessingException: java.io.IOException: No such file or directory
	at org.glassfish.jersey.apache.connector.ApacheConnector.apply(ApacheConnector.java:481)
	at org.glassfish.jersey.apache.connector.ApacheConnector$1.run(ApacheConnector.java:491)
	at java.util.concurrent.Executors$RunnableAdapter.call(Executors.java:511)
	at java.util.concurrent.FutureTask.run(FutureTask.java:266)
	at jersey.repackaged.com.google.common.util.concurrent.MoreExecutors$DirectExecutorService.execute(MoreExecutors.java:299)
	at java.util.concurrent.AbstractExecutorService.submit(AbstractExecutorService.java:112)
	at jersey.repackaged.com.google.common.util.concurrent.AbstractListeningExecutorService.submit(AbstractListeningExecutorService.java:50)
	at jersey.repackaged.com.google.common.util.concurrent.AbstractListeningExecutorService.submit(AbstractListeningExecutorService.java:37)
	at org.glassfish.jersey.apache.connector.ApacheConnector.apply(ApacheConnector.java:487)
	at org.glassfish.jersey.client.ClientRuntime$2.run(ClientRuntime.java:178)
	at org.glassfish.jersey.internal.Errors$1.call(Errors.java:271)
	at org.glassfish.jersey.internal.Errors$1.call(Errors.java:267)
	at org.glassfish.jersey.internal.Errors.process(Errors.java:315)
	at org.glassfish.jersey.internal.Errors.process(Errors.java:297)
	at org.glassfish.jersey.internal.Errors.process(Errors.java:267)
	at org.glassfish.jersey.process.internal.RequestScope.runInScope(RequestScope.java:340)
	at org.glassfish.jersey.client.ClientRuntime$3.run(ClientRuntime.java:210)
	at java.util.concurrent.Executors$RunnableAdapter.call(Executors.java:511)
	... 4 common frames omitted
Caused by: java.io.IOException: No such file or directory
	at jnr.unixsocket.UnixSocketChannel.doConnect(UnixSocketChannel.java:127)
	at jnr.unixsocket.UnixSocketChannel.connect(UnixSocketChannel.java:136)
	at jnr.unixsocket.UnixSocketChannel.connect(UnixSocketChannel.java:223)
	at com.spotify.docker.client.UnixConnectionSocketFactory.connectSocket(UnixConnectionSocketFactory.java:85)
	at org.apache.http.impl.conn.DefaultHttpClientConnectionOperator.connect(DefaultHttpClientConnectionOperator.java:142)
	at org.apache.http.impl.conn.PoolingHttpClientConnectionManager.connect(PoolingHttpClientConnectionManager.java:373)
	at org.apache.http.impl.execchain.MainClientExec.establishRoute(MainClientExec.java:394)
	at org.apache.http.impl.execchain.MainClientExec.execute(MainClientExec.java:237)
	at org.apache.http.impl.execchain.ProtocolExec.execute(ProtocolExec.java:185)
	at org.apache.http.impl.execchain.RetryExec.execute(RetryExec.java:89)
	at org.apache.http.impl.execchain.RedirectExec.execute(RedirectExec.java:110)
	at org.apache.http.impl.client.InternalHttpClient.doExecute(InternalHttpClient.java:185)
	at org.apache.http.impl.client.CloseableHttpClient.execute(CloseableHttpClient.java:72)
	at org.glassfish.jersey.apache.connector.ApacheConnector.apply(ApacheConnector.java:435)
	... 21 common frames omitted
14:57:38.021 [pool-45-thread-3] ERROR c.s.docker.client.ConnectionPoolTest - Error running task: java.util.concurrent.ExecutionException: javax.ws.rs.ProcessingException: java.io.IOException: No such file or directory
com.spotify.docker.client.exceptions.DockerException: java.util.concurrent.ExecutionException: javax.ws.rs.ProcessingException: java.io.IOException: No such file or directory
	at com.spotify.docker.client.DefaultDockerClient.propagate(DefaultDockerClient.java:2828)
	at com.spotify.docker.client.DefaultDockerClient.request(DefaultDockerClient.java:2692)
	at com.spotify.docker.client.DefaultDockerClient.requestAndTail(DefaultDockerClient.java:2777)
	at com.spotify.docker.client.DefaultDockerClient.pull(DefaultDockerClient.java:1326)
	at com.spotify.docker.client.DefaultDockerClient.pull(DefaultDockerClient.java:1303)
	at com.spotify.docker.client.DefaultDockerClient.pull(DefaultDockerClient.java:1297)
	at com.spotify.docker.client.ConnectionPoolTest$1.call(ConnectionPoolTest.java:81)
	at com.spotify.docker.client.ConnectionPoolTest$1.call(ConnectionPoolTest.java:77)
	at java.util.concurrent.FutureTask.run(FutureTask.java:266)
	at java.util.concurrent.ThreadPoolExecutor.runWorker(ThreadPoolExecutor.java:1142)
	at java.util.concurrent.ThreadPoolExecutor$Worker.run(ThreadPoolExecutor.java:617)
	at java.lang.Thread.run(Thread.java:745)
Caused by: java.util.concurrent.ExecutionException: javax.ws.rs.ProcessingException: java.io.IOException: No such file or directory
	at jersey.repackaged.com.google.common.util.concurrent.AbstractFuture$Sync.getValue(AbstractFuture.java:299)
	at jersey.repackaged.com.google.common.util.concurrent.AbstractFuture$Sync.get(AbstractFuture.java:286)
	at jersey.repackaged.com.google.common.util.concurrent.AbstractFuture.get(AbstractFuture.java:116)
	at com.spotify.docker.client.DefaultDockerClient.request(DefaultDockerClient.java:2690)
	... 10 common frames omitted
Caused by: javax.ws.rs.ProcessingException: java.io.IOException: No such file or directory
	at org.glassfish.jersey.apache.connector.ApacheConnector.apply(ApacheConnector.java:481)
	at org.glassfish.jersey.apache.connector.ApacheConnector$1.run(ApacheConnector.java:491)
	at java.util.concurrent.Executors$RunnableAdapter.call(Executors.java:511)
	at java.util.concurrent.FutureTask.run(FutureTask.java:266)
	at jersey.repackaged.com.google.common.util.concurrent.MoreExecutors$DirectExecutorService.execute(MoreExecutors.java:299)
	at java.util.concurrent.AbstractExecutorService.submit(AbstractExecutorService.java:112)
	at jersey.repackaged.com.google.common.util.concurrent.AbstractListeningExecutorService.submit(AbstractListeningExecutorService.java:50)
	at jersey.repackaged.com.google.common.util.concurrent.AbstractListeningExecutorService.submit(AbstractListeningExecutorService.java:37)
	at org.glassfish.jersey.apache.connector.ApacheConnector.apply(ApacheConnector.java:487)
	at org.glassfish.jersey.client.ClientRuntime$2.run(ClientRuntime.java:178)
	at org.glassfish.jersey.internal.Errors$1.call(Errors.java:271)
	at org.glassfish.jersey.internal.Errors$1.call(Errors.java:267)
	at org.glassfish.jersey.internal.Errors.process(Errors.java:315)
	at org.glassfish.jersey.internal.Errors.process(Errors.java:297)
	at org.glassfish.jersey.internal.Errors.process(Errors.java:267)
	at org.glassfish.jersey.process.internal.RequestScope.runInScope(RequestScope.java:340)
	at org.glassfish.jersey.client.ClientRuntime$3.run(ClientRuntime.java:210)
	at java.util.concurrent.Executors$RunnableAdapter.call(Executors.java:511)
	... 4 common frames omitted
Caused by: java.io.IOException: No such file or directory
	at jnr.unixsocket.UnixSocketChannel.doConnect(UnixSocketChannel.java:127)
	at jnr.unixsocket.UnixSocketChannel.connect(UnixSocketChannel.java:136)
	at jnr.unixsocket.UnixSocketChannel.connect(UnixSocketChannel.java:223)
	at com.spotify.docker.client.UnixConnectionSocketFactory.connectSocket(UnixConnectionSocketFactory.java:85)
	at org.apache.http.impl.conn.DefaultHttpClientConnectionOperator.connect(DefaultHttpClientConnectionOperator.java:142)
	at org.apache.http.impl.conn.PoolingHttpClientConnectionManager.connect(PoolingHttpClientConnectionManager.java:373)
	at org.apache.http.impl.execchain.MainClientExec.establishRoute(MainClientExec.java:394)
	at org.apache.http.impl.execchain.MainClientExec.execute(MainClientExec.java:237)
	at org.apache.http.impl.execchain.ProtocolExec.execute(ProtocolExec.java:185)
	at org.apache.http.impl.execchain.RetryExec.execute(RetryExec.java:89)
	at org.apache.http.impl.execchain.RedirectExec.execute(RedirectExec.java:110)
	at org.apache.http.impl.client.InternalHttpClient.doExecute(InternalHttpClient.java:185)
	at org.apache.http.impl.client.CloseableHttpClient.execute(CloseableHttpClient.java:72)
	at org.glassfish.jersey.apache.connector.ApacheConnector.apply(ApacheConnector.java:435)
	... 21 common frames omitted
14:57:38.042 [pool-45-thread-2] ERROR c.s.docker.client.ConnectionPoolTest - Error running task: java.util.concurrent.ExecutionException: javax.ws.rs.ProcessingException: java.io.IOException: No such file or directory
com.spotify.docker.client.exceptions.DockerException: java.util.concurrent.ExecutionException: javax.ws.rs.ProcessingException: java.io.IOException: No such file or directory
	at com.spotify.docker.client.DefaultDockerClient.propagate(DefaultDockerClient.java:2828)
	at com.spotify.docker.client.DefaultDockerClient.request(DefaultDockerClient.java:2692)
	at com.spotify.docker.client.DefaultDockerClient.requestAndTail(DefaultDockerClient.java:2777)
	at com.spotify.docker.client.DefaultDockerClient.pull(DefaultDockerClient.java:1326)
	at com.spotify.docker.client.DefaultDockerClient.pull(DefaultDockerClient.java:1303)
	at com.spotify.docker.client.DefaultDockerClient.pull(DefaultDockerClient.java:1297)
	at com.spotify.docker.client.ConnectionPoolTest$1.call(ConnectionPoolTest.java:81)
	at com.spotify.docker.client.ConnectionPoolTest$1.call(ConnectionPoolTest.java:77)
	at java.util.concurrent.FutureTask.run(FutureTask.java:266)
	at java.util.concurrent.ThreadPoolExecutor.runWorker(ThreadPoolExecutor.java:1142)
	at java.util.concurrent.ThreadPoolExecutor$Worker.run(ThreadPoolExecutor.java:617)
	at java.lang.Thread.run(Thread.java:745)
Caused by: java.util.concurrent.ExecutionException: javax.ws.rs.ProcessingException: java.io.IOException: No such file or directory
	at jersey.repackaged.com.google.common.util.concurrent.AbstractFuture$Sync.getValue(AbstractFuture.java:299)
	at jersey.repackaged.com.google.common.util.concurrent.AbstractFuture$Sync.get(AbstractFuture.java:286)
	at jersey.repackaged.com.google.common.util.concurrent.AbstractFuture.get(AbstractFuture.java:116)
	at com.spotify.docker.client.DefaultDockerClient.request(DefaultDockerClient.java:2690)
	... 10 common frames omitted
Caused by: javax.ws.rs.ProcessingException: java.io.IOException: No such file or directory
	at org.glassfish.jersey.apache.connector.ApacheConnector.apply(ApacheConnector.java:481)
	at org.glassfish.jersey.apache.connector.ApacheConnector$1.run(ApacheConnector.java:491)
	at java.util.concurrent.Executors$RunnableAdapter.call(Executors.java:511)
	at java.util.concurrent.FutureTask.run(FutureTask.java:266)
	at jersey.repackaged.com.google.common.util.concurrent.MoreExecutors$DirectExecutorService.execute(MoreExecutors.java:299)
	at java.util.concurrent.AbstractExecutorService.submit(AbstractExecutorService.java:112)
	at jersey.repackaged.com.google.common.util.concurrent.AbstractListeningExecutorService.submit(AbstractListeningExecutorService.java:50)
	at jersey.repackaged.com.google.common.util.concurrent.AbstractListeningExecutorService.submit(AbstractListeningExecutorService.java:37)
	at org.glassfish.jersey.apache.connector.ApacheConnector.apply(ApacheConnector.java:487)
	at org.glassfish.jersey.client.ClientRuntime$2.run(ClientRuntime.java:178)
	at org.glassfish.jersey.internal.Errors$1.call(Errors.java:271)
	at org.glassfish.jersey.internal.Errors$1.call(Errors.java:267)
	at org.glassfish.jersey.internal.Errors.process(Errors.java:315)
	at org.glassfish.jersey.internal.Errors.process(Errors.java:297)
	at org.glassfish.jersey.internal.Errors.process(Errors.java:267)
	at org.glassfish.jersey.process.internal.RequestScope.runInScope(RequestScope.java:340)
	at org.glassfish.jersey.client.ClientRuntime$3.run(ClientRuntime.java:210)
	at java.util.concurrent.Executors$RunnableAdapter.call(Executors.java:511)
	... 4 common frames omitted
Caused by: java.io.IOException: No such file or directory
	at jnr.unixsocket.UnixSocketChannel.doConnect(UnixSocketChannel.java:127)
	at jnr.unixsocket.UnixSocketChannel.connect(UnixSocketChannel.java:136)
	at jnr.unixsocket.UnixSocketChannel.connect(UnixSocketChannel.java:223)
	at com.spotify.docker.client.UnixConnectionSocketFactory.connectSocket(UnixConnectionSocketFactory.java:85)
	at org.apache.http.impl.conn.DefaultHttpClientConnectionOperator.connect(DefaultHttpClientConnectionOperator.java:142)
	at org.apache.http.impl.conn.PoolingHttpClientConnectionManager.connect(PoolingHttpClientConnectionManager.java:373)
	at org.apache.http.impl.execchain.MainClientExec.establishRoute(MainClientExec.java:394)
	at org.apache.http.impl.execchain.MainClientExec.execute(MainClientExec.java:237)
	at org.apache.http.impl.execchain.ProtocolExec.execute(ProtocolExec.java:185)
	at org.apache.http.impl.execchain.RetryExec.execute(RetryExec.java:89)
	at org.apache.http.impl.execchain.RedirectExec.execute(RedirectExec.java:110)
	at org.apache.http.impl.client.InternalHttpClient.doExecute(InternalHttpClient.java:185)
	at org.apache.http.impl.client.CloseableHttpClient.execute(CloseableHttpClient.java:72)
	at org.glassfish.jersey.apache.connector.ApacheConnector.apply(ApacheConnector.java:435)
	... 21 common frames omitted
14:57:38.055 [pool-45-thread-4] ERROR c.s.docker.client.ConnectionPoolTest - Error running task: java.util.concurrent.ExecutionException: javax.ws.rs.ProcessingException: java.io.IOException: No such file or directory
com.spotify.docker.client.exceptions.DockerException: java.util.concurrent.ExecutionException: javax.ws.rs.ProcessingException: java.io.IOException: No such file or directory
	at com.spotify.docker.client.DefaultDockerClient.propagate(DefaultDockerClient.java:2828)
	at com.spotify.docker.client.DefaultDockerClient.request(DefaultDockerClient.java:2692)
	at com.spotify.docker.client.DefaultDockerClient.requestAndTail(DefaultDockerClient.java:2777)
	at com.spotify.docker.client.DefaultDockerClient.pull(DefaultDockerClient.java:1326)
	at com.spotify.docker.client.DefaultDockerClient.pull(DefaultDockerClient.java:1303)
	at com.spotify.docker.client.DefaultDockerClient.pull(DefaultDockerClient.java:1297)
	at com.spotify.docker.client.ConnectionPoolTest$1.call(ConnectionPoolTest.java:81)
	at com.spotify.docker.client.ConnectionPoolTest$1.call(ConnectionPoolTest.java:77)
	at java.util.concurrent.FutureTask.run(FutureTask.java:266)
	at java.util.concurrent.ThreadPoolExecutor.runWorker(ThreadPoolExecutor.java:1142)
	at java.util.concurrent.ThreadPoolExecutor$Worker.run(ThreadPoolExecutor.java:617)
	at java.lang.Thread.run(Thread.java:745)
Caused by: java.util.concurrent.ExecutionException: javax.ws.rs.ProcessingException: java.io.IOException: No such file or directory
	at jersey.repackaged.com.google.common.util.concurrent.AbstractFuture$Sync.getValue(AbstractFuture.java:299)
	at jersey.repackaged.com.google.common.util.concurrent.AbstractFuture$Sync.get(AbstractFuture.java:286)
	at jersey.repackaged.com.google.common.util.concurrent.AbstractFuture.get(AbstractFuture.java:116)
	at com.spotify.docker.client.DefaultDockerClient.request(DefaultDockerClient.java:2690)
	... 10 common frames omitted
Caused by: javax.ws.rs.ProcessingException: java.io.IOException: No such file or directory
	at org.glassfish.jersey.apache.connector.ApacheConnector.apply(ApacheConnector.java:481)
	at org.glassfish.jersey.apache.connector.ApacheConnector$1.run(ApacheConnector.java:491)
	at java.util.concurrent.Executors$RunnableAdapter.call(Executors.java:511)
	at java.util.concurrent.FutureTask.run(FutureTask.java:266)
	at jersey.repackaged.com.google.common.util.concurrent.MoreExecutors$DirectExecutorService.execute(MoreExecutors.java:299)
	at java.util.concurrent.AbstractExecutorService.submit(AbstractExecutorService.java:112)
	at jersey.repackaged.com.google.common.util.concurrent.AbstractListeningExecutorService.submit(AbstractListeningExecutorService.java:50)
	at jersey.repackaged.com.google.common.util.concurrent.AbstractListeningExecutorService.submit(AbstractListeningExecutorService.java:37)
	at org.glassfish.jersey.apache.connector.ApacheConnector.apply(ApacheConnector.java:487)
	at org.glassfish.jersey.client.ClientRuntime$2.run(ClientRuntime.java:178)
	at org.glassfish.jersey.internal.Errors$1.call(Errors.java:271)
	at org.glassfish.jersey.internal.Errors$1.call(Errors.java:267)
	at org.glassfish.jersey.internal.Errors.process(Errors.java:315)
	at org.glassfish.jersey.internal.Errors.process(Errors.java:297)
	at org.glassfish.jersey.internal.Errors.process(Errors.java:267)
	at org.glassfish.jersey.process.internal.RequestScope.runInScope(RequestScope.java:340)
	at org.glassfish.jersey.client.ClientRuntime$3.run(ClientRuntime.java:210)
	at java.util.concurrent.Executors$RunnableAdapter.call(Executors.java:511)
	... 4 common frames omitted
Caused by: java.io.IOException: No such file or directory
	at jnr.unixsocket.UnixSocketChannel.doConnect(UnixSocketChannel.java:127)
	at jnr.unixsocket.UnixSocketChannel.connect(UnixSocketChannel.java:136)
	at jnr.unixsocket.UnixSocketChannel.connect(UnixSocketChannel.java:223)
	at com.spotify.docker.client.UnixConnectionSocketFactory.connectSocket(UnixConnectionSocketFactory.java:85)
	at org.apache.http.impl.conn.DefaultHttpClientConnectionOperator.connect(DefaultHttpClientConnectionOperator.java:142)
	at org.apache.http.impl.conn.PoolingHttpClientConnectionManager.connect(PoolingHttpClientConnectionManager.java:373)
	at org.apache.http.impl.execchain.MainClientExec.establishRoute(MainClientExec.java:394)
	at org.apache.http.impl.execchain.MainClientExec.execute(MainClientExec.java:237)
	at org.apache.http.impl.execchain.ProtocolExec.execute(ProtocolExec.java:185)
	at org.apache.http.impl.execchain.RetryExec.execute(RetryExec.java:89)
	at org.apache.http.impl.execchain.RedirectExec.execute(RedirectExec.java:110)
	at org.apache.http.impl.client.InternalHttpClient.doExecute(InternalHttpClient.java:185)
	at org.apache.http.impl.client.CloseableHttpClient.execute(CloseableHttpClient.java:72)
	at org.glassfish.jersey.apache.connector.ApacheConnector.apply(ApacheConnector.java:435)
	... 21 common frames omitted
14:57:38.060 [pool-45-thread-5] ERROR c.s.docker.client.ConnectionPoolTest - Error running task: java.util.concurrent.ExecutionException: javax.ws.rs.ProcessingException: java.io.IOException: No such file or directory
com.spotify.docker.client.exceptions.DockerException: java.util.concurrent.ExecutionException: javax.ws.rs.ProcessingException: java.io.IOException: No such file or directory
	at com.spotify.docker.client.DefaultDockerClient.propagate(DefaultDockerClient.java:2828)
	at com.spotify.docker.client.DefaultDockerClient.request(DefaultDockerClient.java:2692)
	at com.spotify.docker.client.DefaultDockerClient.requestAndTail(DefaultDockerClient.java:2777)
	at com.spotify.docker.client.DefaultDockerClient.pull(DefaultDockerClient.java:1326)
	at com.spotify.docker.client.DefaultDockerClient.pull(DefaultDockerClient.java:1303)
	at com.spotify.docker.client.DefaultDockerClient.pull(DefaultDockerClient.java:1297)
	at com.spotify.docker.client.ConnectionPoolTest$1.call(ConnectionPoolTest.java:81)
	at com.spotify.docker.client.ConnectionPoolTest$1.call(ConnectionPoolTest.java:77)
	at java.util.concurrent.FutureTask.run(FutureTask.java:266)
	at java.util.concurrent.ThreadPoolExecutor.runWorker(ThreadPoolExecutor.java:1142)
	at java.util.concurrent.ThreadPoolExecutor$Worker.run(ThreadPoolExecutor.java:617)
	at java.lang.Thread.run(Thread.java:745)
Caused by: java.util.concurrent.ExecutionException: javax.ws.rs.ProcessingException: java.io.IOException: No such file or directory
	at jersey.repackaged.com.google.common.util.concurrent.AbstractFuture$Sync.getValue(AbstractFuture.java:299)
	at jersey.repackaged.com.google.common.util.concurrent.AbstractFuture$Sync.get(AbstractFuture.java:286)
	at jersey.repackaged.com.google.common.util.concurrent.AbstractFuture.get(AbstractFuture.java:116)
	at com.spotify.docker.client.DefaultDockerClient.request(DefaultDockerClient.java:2690)
	... 10 common frames omitted
Caused by: javax.ws.rs.ProcessingException: java.io.IOException: No such file or directory
	at org.glassfish.jersey.apache.connector.ApacheConnector.apply(ApacheConnector.java:481)
	at org.glassfish.jersey.apache.connector.ApacheConnector$1.run(ApacheConnector.java:491)
	at java.util.concurrent.Executors$RunnableAdapter.call(Executors.java:511)
	at java.util.concurrent.FutureTask.run(FutureTask.java:266)
	at jersey.repackaged.com.google.common.util.concurrent.MoreExecutors$DirectExecutorService.execute(MoreExecutors.java:299)
	at java.util.concurrent.AbstractExecutorService.submit(AbstractExecutorService.java:112)
	at jersey.repackaged.com.google.common.util.concurrent.AbstractListeningExecutorService.submit(AbstractListeningExecutorService.java:50)
	at jersey.repackaged.com.google.common.util.concurrent.AbstractListeningExecutorService.submit(AbstractListeningExecutorService.java:37)
	at org.glassfish.jersey.apache.connector.ApacheConnector.apply(ApacheConnector.java:487)
	at org.glassfish.jersey.client.ClientRuntime$2.run(ClientRuntime.java:178)
	at org.glassfish.jersey.internal.Errors$1.call(Errors.java:271)
	at org.glassfish.jersey.internal.Errors$1.call(Errors.java:267)
	at org.glassfish.jersey.internal.Errors.process(Errors.java:315)
	at org.glassfish.jersey.internal.Errors.process(Errors.java:297)
	at org.glassfish.jersey.internal.Errors.process(Errors.java:267)
	at org.glassfish.jersey.process.internal.RequestScope.runInScope(RequestScope.java:340)
	at org.glassfish.jersey.client.ClientRuntime$3.run(ClientRuntime.java:210)
	at java.util.concurrent.Executors$RunnableAdapter.call(Executors.java:511)
	... 4 common frames omitted
Caused by: java.io.IOException: No such file or directory
	at jnr.unixsocket.UnixSocketChannel.doConnect(UnixSocketChannel.java:127)
	at jnr.unixsocket.UnixSocketChannel.connect(UnixSocketChannel.java:136)
	at jnr.unixsocket.UnixSocketChannel.connect(UnixSocketChannel.java:223)
	at com.spotify.docker.client.UnixConnectionSocketFactory.connectSocket(UnixConnectionSocketFactory.java:85)
	at org.apache.http.impl.conn.DefaultHttpClientConnectionOperator.connect(DefaultHttpClientConnectionOperator.java:142)
	at org.apache.http.impl.conn.PoolingHttpClientConnectionManager.connect(PoolingHttpClientConnectionManager.java:373)
	at org.apache.http.impl.execchain.MainClientExec.establishRoute(MainClientExec.java:394)
	at org.apache.http.impl.execchain.MainClientExec.execute(MainClientExec.java:237)
	at org.apache.http.impl.execchain.ProtocolExec.execute(ProtocolExec.java:185)
	at org.apache.http.impl.execchain.RetryExec.execute(RetryExec.java:89)
	at org.apache.http.impl.execchain.RedirectExec.execute(RedirectExec.java:110)
	at org.apache.http.impl.client.InternalHttpClient.doExecute(InternalHttpClient.java:185)
	at org.apache.http.impl.client.CloseableHttpClient.execute(CloseableHttpClient.java:72)
	at org.glassfish.jersey.apache.connector.ApacheConnector.apply(ApacheConnector.java:435)
	... 21 common frames omitted
14:57:38.081 [pool-45-thread-1] ERROR c.s.docker.client.ConnectionPoolTest - Error running task: java.util.concurrent.ExecutionException: javax.ws.rs.ProcessingException: java.io.IOException: No such file or directory
com.spotify.docker.client.exceptions.DockerException: java.util.concurrent.ExecutionException: javax.ws.rs.ProcessingException: java.io.IOException: No such file or directory
	at com.spotify.docker.client.DefaultDockerClient.propagate(DefaultDockerClient.java:2828)
	at com.spotify.docker.client.DefaultDockerClient.request(DefaultDockerClient.java:2692)
	at com.spotify.docker.client.DefaultDockerClient.requestAndTail(DefaultDockerClient.java:2777)
	at com.spotify.docker.client.DefaultDockerClient.pull(DefaultDockerClient.java:1326)
	at com.spotify.docker.client.DefaultDockerClient.pull(DefaultDockerClient.java:1303)
	at com.spotify.docker.client.DefaultDockerClient.pull(DefaultDockerClient.java:1297)
	at com.spotify.docker.client.ConnectionPoolTest$1.call(ConnectionPoolTest.java:81)
	at com.spotify.docker.client.ConnectionPoolTest$1.call(ConnectionPoolTest.java:77)
	at java.util.concurrent.FutureTask.run(FutureTask.java:266)
	at java.util.concurrent.ThreadPoolExecutor.runWorker(ThreadPoolExecutor.java:1142)
	at java.util.concurrent.ThreadPoolExecutor$Worker.run(ThreadPoolExecutor.java:617)
	at java.lang.Thread.run(Thread.java:745)
Caused by: java.util.concurrent.ExecutionException: javax.ws.rs.ProcessingException: java.io.IOException: No such file or directory
	at jersey.repackaged.com.google.common.util.concurrent.AbstractFuture$Sync.getValue(AbstractFuture.java:299)
	at jersey.repackaged.com.google.common.util.concurrent.AbstractFuture$Sync.get(AbstractFuture.java:286)
	at jersey.repackaged.com.google.common.util.concurrent.AbstractFuture.get(AbstractFuture.java:116)
	at com.spotify.docker.client.DefaultDockerClient.request(DefaultDockerClient.java:2690)
	... 10 common frames omitted
Caused by: javax.ws.rs.ProcessingException: java.io.IOException: No such file or directory
	at org.glassfish.jersey.apache.connector.ApacheConnector.apply(ApacheConnector.java:481)
	at org.glassfish.jersey.apache.connector.ApacheConnector$1.run(ApacheConnector.java:491)
	at java.util.concurrent.Executors$RunnableAdapter.call(Executors.java:511)
	at java.util.concurrent.FutureTask.run(FutureTask.java:266)
	at jersey.repackaged.com.google.common.util.concurrent.MoreExecutors$DirectExecutorService.execute(MoreExecutors.java:299)
	at java.util.concurrent.AbstractExecutorService.submit(AbstractExecutorService.java:112)
	at jersey.repackaged.com.google.common.util.concurrent.AbstractListeningExecutorService.submit(AbstractListeningExecutorService.java:50)
	at jersey.repackaged.com.google.common.util.concurrent.AbstractListeningExecutorService.submit(AbstractListeningExecutorService.java:37)
	at org.glassfish.jersey.apache.connector.ApacheConnector.apply(ApacheConnector.java:487)
	at org.glassfish.jersey.client.ClientRuntime$2.run(ClientRuntime.java:178)
	at org.glassfish.jersey.internal.Errors$1.call(Errors.java:271)
	at org.glassfish.jersey.internal.Errors$1.call(Errors.java:267)
	at org.glassfish.jersey.internal.Errors.process(Errors.java:315)
	at org.glassfish.jersey.internal.Errors.process(Errors.java:297)
	at org.glassfish.jersey.internal.Errors.process(Errors.java:267)
	at org.glassfish.jersey.process.internal.RequestScope.runInScope(RequestScope.java:340)
	at org.glassfish.jersey.client.ClientRuntime$3.run(ClientRuntime.java:210)
	at java.util.concurrent.Executors$RunnableAdapter.call(Executors.java:511)
	... 4 common frames omitted
Caused by: java.io.IOException: No such file or directory
	at jnr.unixsocket.UnixSocketChannel.doConnect(UnixSocketChannel.java:127)
	at jnr.unixsocket.UnixSocketChannel.connect(UnixSocketChannel.java:136)
	at jnr.unixsocket.UnixSocketChannel.connect(UnixSocketChannel.java:223)
	at com.spotify.docker.client.UnixConnectionSocketFactory.connectSocket(UnixConnectionSocketFactory.java:85)
	at org.apache.http.impl.conn.DefaultHttpClientConnectionOperator.connect(DefaultHttpClientConnectionOperator.java:142)
	at org.apache.http.impl.conn.PoolingHttpClientConnectionManager.connect(PoolingHttpClientConnectionManager.java:373)
	at org.apache.http.impl.execchain.MainClientExec.establishRoute(MainClientExec.java:394)
	at org.apache.http.impl.execchain.MainClientExec.execute(MainClientExec.java:237)
	at org.apache.http.impl.execchain.ProtocolExec.execute(ProtocolExec.java:185)
	at org.apache.http.impl.execchain.RetryExec.execute(RetryExec.java:89)
	at org.apache.http.impl.execchain.RedirectExec.execute(RedirectExec.java:110)
	at org.apache.http.impl.client.InternalHttpClient.doExecute(InternalHttpClient.java:185)
	at org.apache.http.impl.client.CloseableHttpClient.execute(CloseableHttpClient.java:72)
	at org.glassfish.jersey.apache.connector.ApacheConnector.apply(ApacheConnector.java:435)
	... 21 common frames omitted
14:57:38.086 [pool-45-thread-3] ERROR c.s.docker.client.ConnectionPoolTest - Error running task: java.util.concurrent.ExecutionException: javax.ws.rs.ProcessingException: java.io.IOException: No such file or directory
com.spotify.docker.client.exceptions.DockerException: java.util.concurrent.ExecutionException: javax.ws.rs.ProcessingException: java.io.IOException: No such file or directory
	at com.spotify.docker.client.DefaultDockerClient.propagate(DefaultDockerClient.java:2828)
	at com.spotify.docker.client.DefaultDockerClient.request(DefaultDockerClient.java:2692)
	at com.spotify.docker.client.DefaultDockerClient.requestAndTail(DefaultDockerClient.java:2777)
	at com.spotify.docker.client.DefaultDockerClient.pull(DefaultDockerClient.java:1326)
	at com.spotify.docker.client.DefaultDockerClient.pull(DefaultDockerClient.java:1303)
	at com.spotify.docker.client.DefaultDockerClient.pull(DefaultDockerClient.java:1297)
	at com.spotify.docker.client.ConnectionPoolTest$1.call(ConnectionPoolTest.java:81)
	at com.spotify.docker.client.ConnectionPoolTest$1.call(ConnectionPoolTest.java:77)
	at java.util.concurrent.FutureTask.run(FutureTask.java:266)
	at java.util.concurrent.ThreadPoolExecutor.runWorker(ThreadPoolExecutor.java:1142)
	at java.util.concurrent.ThreadPoolExecutor$Worker.run(ThreadPoolExecutor.java:617)
	at java.lang.Thread.run(Thread.java:745)
Caused by: java.util.concurrent.ExecutionException: javax.ws.rs.ProcessingException: java.io.IOException: No such file or directory
	at jersey.repackaged.com.google.common.util.concurrent.AbstractFuture$Sync.getValue(AbstractFuture.java:299)
	at jersey.repackaged.com.google.common.util.concurrent.AbstractFuture$Sync.get(AbstractFuture.java:286)
	at jersey.repackaged.com.google.common.util.concurrent.AbstractFuture.get(AbstractFuture.java:116)
	at com.spotify.docker.client.DefaultDockerClient.request(DefaultDockerClient.java:2690)
	... 10 common frames omitted
Caused by: javax.ws.rs.ProcessingException: java.io.IOException: No such file or directory
	at org.glassfish.jersey.apache.connector.ApacheConnector.apply(ApacheConnector.java:481)
	at org.glassfish.jersey.apache.connector.ApacheConnector$1.run(ApacheConnector.java:491)
	at java.util.concurrent.Executors$RunnableAdapter.call(Executors.java:511)
	at java.util.concurrent.FutureTask.run(FutureTask.java:266)
	at jersey.repackaged.com.google.common.util.concurrent.MoreExecutors$DirectExecutorService.execute(MoreExecutors.java:299)
	at java.util.concurrent.AbstractExecutorService.submit(AbstractExecutorService.java:112)
	at jersey.repackaged.com.google.common.util.concurrent.AbstractListeningExecutorService.submit(AbstractListeningExecutorService.java:50)
	at jersey.repackaged.com.google.common.util.concurrent.AbstractListeningExecutorService.submit(AbstractListeningExecutorService.java:37)
	at org.glassfish.jersey.apache.connector.ApacheConnector.apply(ApacheConnector.java:487)
	at org.glassfish.jersey.client.ClientRuntime$2.run(ClientRuntime.java:178)
	at org.glassfish.jersey.internal.Errors$1.call(Errors.java:271)
	at org.glassfish.jersey.internal.Errors$1.call(Errors.java:267)
	at org.glassfish.jersey.internal.Errors.process(Errors.java:315)
	at org.glassfish.jersey.internal.Errors.process(Errors.java:297)
	at org.glassfish.jersey.internal.Errors.process(Errors.java:267)
	at org.glassfish.jersey.process.internal.RequestScope.runInScope(RequestScope.java:340)
	at org.glassfish.jersey.client.ClientRuntime$3.run(ClientRuntime.java:210)
	at java.util.concurrent.Executors$RunnableAdapter.call(Executors.java:511)
	... 4 common frames omitted
Caused by: java.io.IOException: No such file or directory
	at jnr.unixsocket.UnixSocketChannel.doConnect(UnixSocketChannel.java:127)
	at jnr.unixsocket.UnixSocketChannel.connect(UnixSocketChannel.java:136)
	at jnr.unixsocket.UnixSocketChannel.connect(UnixSocketChannel.java:223)
	at com.spotify.docker.client.UnixConnectionSocketFactory.connectSocket(UnixConnectionSocketFactory.java:85)
	at org.apache.http.impl.conn.DefaultHttpClientConnectionOperator.connect(DefaultHttpClientConnectionOperator.java:142)
	at org.apache.http.impl.conn.PoolingHttpClientConnectionManager.connect(PoolingHttpClientConnectionManager.java:373)
	at org.apache.http.impl.execchain.MainClientExec.establishRoute(MainClientExec.java:394)
	at org.apache.http.impl.execchain.MainClientExec.execute(MainClientExec.java:237)
	at org.apache.http.impl.execchain.ProtocolExec.execute(ProtocolExec.java:185)
	at org.apache.http.impl.execchain.RetryExec.execute(RetryExec.java:89)
	at org.apache.http.impl.execchain.RedirectExec.execute(RedirectExec.java:110)
	at org.apache.http.impl.client.InternalHttpClient.doExecute(InternalHttpClient.java:185)
	at org.apache.http.impl.client.CloseableHttpClient.execute(CloseableHttpClient.java:72)
	at org.glassfish.jersey.apache.connector.ApacheConnector.apply(ApacheConnector.java:435)
	... 21 common frames omitted
14:57:38.107 [pool-45-thread-5] ERROR c.s.docker.client.ConnectionPoolTest - Error running task: java.util.concurrent.ExecutionException: javax.ws.rs.ProcessingException: java.io.IOException: No such file or directory
com.spotify.docker.client.exceptions.DockerException: java.util.concurrent.ExecutionException: javax.ws.rs.ProcessingException: java.io.IOException: No such file or directory
	at com.spotify.docker.client.DefaultDockerClient.propagate(DefaultDockerClient.java:2828)
	at com.spotify.docker.client.DefaultDockerClient.request(DefaultDockerClient.java:2692)
	at com.spotify.docker.client.DefaultDockerClient.requestAndTail(DefaultDockerClient.java:2777)
	at com.spotify.docker.client.DefaultDockerClient.pull(DefaultDockerClient.java:1326)
	at com.spotify.docker.client.DefaultDockerClient.pull(DefaultDockerClient.java:1303)
	at com.spotify.docker.client.DefaultDockerClient.pull(DefaultDockerClient.java:1297)
	at com.spotify.docker.client.ConnectionPoolTest$1.call(ConnectionPoolTest.java:81)
	at com.spotify.docker.client.ConnectionPoolTest$1.call(ConnectionPoolTest.java:77)
	at java.util.concurrent.FutureTask.run(FutureTask.java:266)
	at java.util.concurrent.ThreadPoolExecutor.runWorker(ThreadPoolExecutor.java:1142)
	at java.util.concurrent.ThreadPoolExecutor$Worker.run(ThreadPoolExecutor.java:617)
	at java.lang.Thread.run(Thread.java:745)
Caused by: java.util.concurrent.ExecutionException: javax.ws.rs.ProcessingException: java.io.IOException: No such file or directory
	at jersey.repackaged.com.google.common.util.concurrent.AbstractFuture$Sync.getValue(AbstractFuture.java:299)
	at jersey.repackaged.com.google.common.util.concurrent.AbstractFuture$Sync.get(AbstractFuture.java:286)
	at jersey.repackaged.com.google.common.util.concurrent.AbstractFuture.get(AbstractFuture.java:116)
	at com.spotify.docker.client.DefaultDockerClient.request(DefaultDockerClient.java:2690)
	... 10 common frames omitted
Caused by: javax.ws.rs.ProcessingException: java.io.IOException: No such file or directory
	at org.glassfish.jersey.apache.connector.ApacheConnector.apply(ApacheConnector.java:481)
	at org.glassfish.jersey.apache.connector.ApacheConnector$1.run(ApacheConnector.java:491)
	at java.util.concurrent.Executors$RunnableAdapter.call(Executors.java:511)
	at java.util.concurrent.FutureTask.run(FutureTask.java:266)
	at jersey.repackaged.com.google.common.util.concurrent.MoreExecutors$DirectExecutorService.execute(MoreExecutors.java:299)
	at java.util.concurrent.AbstractExecutorService.submit(AbstractExecutorService.java:112)
	at jersey.repackaged.com.google.common.util.concurrent.AbstractListeningExecutorService.submit(AbstractListeningExecutorService.java:50)
	at jersey.repackaged.com.google.common.util.concurrent.AbstractListeningExecutorService.submit(AbstractListeningExecutorService.java:37)
	at org.glassfish.jersey.apache.connector.ApacheConnector.apply(ApacheConnector.java:487)
	at org.glassfish.jersey.client.ClientRuntime$2.run(ClientRuntime.java:178)
	at org.glassfish.jersey.internal.Errors$1.call(Errors.java:271)
	at org.glassfish.jersey.internal.Errors$1.call(Errors.java:267)
	at org.glassfish.jersey.internal.Errors.process(Errors.java:315)
	at org.glassfish.jersey.internal.Errors.process(Errors.java:297)
	at org.glassfish.jersey.internal.Errors.process(Errors.java:267)
	at org.glassfish.jersey.process.internal.RequestScope.runInScope(RequestScope.java:340)
	at org.glassfish.jersey.client.ClientRuntime$3.run(ClientRuntime.java:210)
	at java.util.concurrent.Executors$RunnableAdapter.call(Executors.java:511)
	... 4 common frames omitted
Caused by: java.io.IOException: No such file or directory
	at jnr.unixsocket.UnixSocketChannel.doConnect(UnixSocketChannel.java:127)
	at jnr.unixsocket.UnixSocketChannel.connect(UnixSocketChannel.java:136)
	at jnr.unixsocket.UnixSocketChannel.connect(UnixSocketChannel.java:223)
	at com.spotify.docker.client.UnixConnectionSocketFactory.connectSocket(UnixConnectionSocketFactory.java:85)
	at org.apache.http.impl.conn.DefaultHttpClientConnectionOperator.connect(DefaultHttpClientConnectionOperator.java:142)
	at org.apache.http.impl.conn.PoolingHttpClientConnectionManager.connect(PoolingHttpClientConnectionManager.java:373)
	at org.apache.http.impl.execchain.MainClientExec.establishRoute(MainClientExec.java:394)
	at org.apache.http.impl.execchain.MainClientExec.execute(MainClientExec.java:237)
	at org.apache.http.impl.execchain.ProtocolExec.execute(ProtocolExec.java:185)
	at org.apache.http.impl.execchain.RetryExec.execute(RetryExec.java:89)
	at org.apache.http.impl.execchain.RedirectExec.execute(RedirectExec.java:110)
	at org.apache.http.impl.client.InternalHttpClient.doExecute(InternalHttpClient.java:185)
	at org.apache.http.impl.client.CloseableHttpClient.execute(CloseableHttpClient.java:72)
	at org.glassfish.jersey.apache.connector.ApacheConnector.apply(ApacheConnector.java:435)
	... 21 common frames omitted
14:57:38.113 [pool-45-thread-2] ERROR c.s.docker.client.ConnectionPoolTest - Error running task: java.util.concurrent.ExecutionException: javax.ws.rs.ProcessingException: java.io.IOException: No such file or directory
com.spotify.docker.client.exceptions.DockerException: java.util.concurrent.ExecutionException: javax.ws.rs.ProcessingException: java.io.IOException: No such file or directory
	at com.spotify.docker.client.DefaultDockerClient.propagate(DefaultDockerClient.java:2828)
	at com.spotify.docker.client.DefaultDockerClient.request(DefaultDockerClient.java:2692)
	at com.spotify.docker.client.DefaultDockerClient.requestAndTail(DefaultDockerClient.java:2777)
	at com.spotify.docker.client.DefaultDockerClient.pull(DefaultDockerClient.java:1326)
	at com.spotify.docker.client.DefaultDockerClient.pull(DefaultDockerClient.java:1303)
	at com.spotify.docker.client.DefaultDockerClient.pull(DefaultDockerClient.java:1297)
	at com.spotify.docker.client.ConnectionPoolTest$1.call(ConnectionPoolTest.java:81)
	at com.spotify.docker.client.ConnectionPoolTest$1.call(ConnectionPoolTest.java:77)
	at java.util.concurrent.FutureTask.run(FutureTask.java:266)
	at java.util.concurrent.ThreadPoolExecutor.runWorker(ThreadPoolExecutor.java:1142)
	at java.util.concurrent.ThreadPoolExecutor$Worker.run(ThreadPoolExecutor.java:617)
	at java.lang.Thread.run(Thread.java:745)
Caused by: java.util.concurrent.ExecutionException: javax.ws.rs.ProcessingException: java.io.IOException: No such file or directory
	at jersey.repackaged.com.google.common.util.concurrent.AbstractFuture$Sync.getValue(AbstractFuture.java:299)
	at jersey.repackaged.com.google.common.util.concurrent.AbstractFuture$Sync.get(AbstractFuture.java:286)
	at jersey.repackaged.com.google.common.util.concurrent.AbstractFuture.get(AbstractFuture.java:116)
	at com.spotify.docker.client.DefaultDockerClient.request(DefaultDockerClient.java:2690)
	... 10 common frames omitted
Caused by: javax.ws.rs.ProcessingException: java.io.IOException: No such file or directory
	at org.glassfish.jersey.apache.connector.ApacheConnector.apply(ApacheConnector.java:481)
	at org.glassfish.jersey.apache.connector.ApacheConnector$1.run(ApacheConnector.java:491)
	at java.util.concurrent.Executors$RunnableAdapter.call(Executors.java:511)
	at java.util.concurrent.FutureTask.run(FutureTask.java:266)
	at jersey.repackaged.com.google.common.util.concurrent.MoreExecutors$DirectExecutorService.execute(MoreExecutors.java:299)
	at java.util.concurrent.AbstractExecutorService.submit(AbstractExecutorService.java:112)
	at jersey.repackaged.com.google.common.util.concurrent.AbstractListeningExecutorService.submit(AbstractListeningExecutorService.java:50)
	at jersey.repackaged.com.google.common.util.concurrent.AbstractListeningExecutorService.submit(AbstractListeningExecutorService.java:37)
	at org.glassfish.jersey.apache.connector.ApacheConnector.apply(ApacheConnector.java:487)
	at org.glassfish.jersey.client.ClientRuntime$2.run(ClientRuntime.java:178)
	at org.glassfish.jersey.internal.Errors$1.call(Errors.java:271)
	at org.glassfish.jersey.internal.Errors$1.call(Errors.java:267)
	at org.glassfish.jersey.internal.Errors.process(Errors.java:315)
	at org.glassfish.jersey.internal.Errors.process(Errors.java:297)
	at org.glassfish.jersey.internal.Errors.process(Errors.java:267)
	at org.glassfish.jersey.process.internal.RequestScope.runInScope(RequestScope.java:340)
	at org.glassfish.jersey.client.ClientRuntime$3.run(ClientRuntime.java:210)
	at java.util.concurrent.Executors$RunnableAdapter.call(Executors.java:511)
	... 4 common frames omitted
Caused by: java.io.IOException: No such file or directory
	at jnr.unixsocket.UnixSocketChannel.doConnect(UnixSocketChannel.java:127)
	at jnr.unixsocket.UnixSocketChannel.connect(UnixSocketChannel.java:136)
	at jnr.unixsocket.UnixSocketChannel.connect(UnixSocketChannel.java:223)
	at com.spotify.docker.client.UnixConnectionSocketFactory.connectSocket(UnixConnectionSocketFactory.java:85)
	at org.apache.http.impl.conn.DefaultHttpClientConnectionOperator.connect(DefaultHttpClientConnectionOperator.java:142)
	at org.apache.http.impl.conn.PoolingHttpClientConnectionManager.connect(PoolingHttpClientConnectionManager.java:373)
	at org.apache.http.impl.execchain.MainClientExec.establishRoute(MainClientExec.java:394)
	at org.apache.http.impl.execchain.MainClientExec.execute(MainClientExec.java:237)
	at org.apache.http.impl.execchain.ProtocolExec.execute(ProtocolExec.java:185)
	at org.apache.http.impl.execchain.RetryExec.execute(RetryExec.java:89)
	at org.apache.http.impl.execchain.RedirectExec.execute(RedirectExec.java:110)
	at org.apache.http.impl.client.InternalHttpClient.doExecute(InternalHttpClient.java:185)
	at org.apache.http.impl.client.CloseableHttpClient.execute(CloseableHttpClient.java:72)
	at org.glassfish.jersey.apache.connector.ApacheConnector.apply(ApacheConnector.java:435)
	... 21 common frames omitted
14:57:38.123 [pool-45-thread-4] ERROR c.s.docker.client.ConnectionPoolTest - Error running task: java.util.concurrent.ExecutionException: javax.ws.rs.ProcessingException: java.io.IOException: No such file or directory
com.spotify.docker.client.exceptions.DockerException: java.util.concurrent.ExecutionException: javax.ws.rs.ProcessingException: java.io.IOException: No such file or directory
	at com.spotify.docker.client.DefaultDockerClient.propagate(DefaultDockerClient.java:2828)
	at com.spotify.docker.client.DefaultDockerClient.request(DefaultDockerClient.java:2692)
	at com.spotify.docker.client.DefaultDockerClient.requestAndTail(DefaultDockerClient.java:2777)
	at com.spotify.docker.client.DefaultDockerClient.pull(DefaultDockerClient.java:1326)
	at com.spotify.docker.client.DefaultDockerClient.pull(DefaultDockerClient.java:1303)
	at com.spotify.docker.client.DefaultDockerClient.pull(DefaultDockerClient.java:1297)
	at com.spotify.docker.client.ConnectionPoolTest$1.call(ConnectionPoolTest.java:81)
	at com.spotify.docker.client.ConnectionPoolTest$1.call(ConnectionPoolTest.java:77)
	at java.util.concurrent.FutureTask.run(FutureTask.java:266)
	at java.util.concurrent.ThreadPoolExecutor.runWorker(ThreadPoolExecutor.java:1142)
	at java.util.concurrent.ThreadPoolExecutor$Worker.run(ThreadPoolExecutor.java:617)
	at java.lang.Thread.run(Thread.java:745)
Caused by: java.util.concurrent.ExecutionException: javax.ws.rs.ProcessingException: java.io.IOException: No such file or directory
	at jersey.repackaged.com.google.common.util.concurrent.AbstractFuture$Sync.getValue(AbstractFuture.java:299)
	at jersey.repackaged.com.google.common.util.concurrent.AbstractFuture$Sync.get(AbstractFuture.java:286)
	at jersey.repackaged.com.google.common.util.concurrent.AbstractFuture.get(AbstractFuture.java:116)
	at com.spotify.docker.client.DefaultDockerClient.request(DefaultDockerClient.java:2690)
	... 10 common frames omitted
Caused by: javax.ws.rs.ProcessingException: java.io.IOException: No such file or directory
	at org.glassfish.jersey.apache.connector.ApacheConnector.apply(ApacheConnector.java:481)
	at org.glassfish.jersey.apache.connector.ApacheConnector$1.run(ApacheConnector.java:491)
	at java.util.concurrent.Executors$RunnableAdapter.call(Executors.java:511)
	at java.util.concurrent.FutureTask.run(FutureTask.java:266)
	at jersey.repackaged.com.google.common.util.concurrent.MoreExecutors$DirectExecutorService.execute(MoreExecutors.java:299)
	at java.util.concurrent.AbstractExecutorService.submit(AbstractExecutorService.java:112)
	at jersey.repackaged.com.google.common.util.concurrent.AbstractListeningExecutorService.submit(AbstractListeningExecutorService.java:50)
	at jersey.repackaged.com.google.common.util.concurrent.AbstractListeningExecutorService.submit(AbstractListeningExecutorService.java:37)
	at org.glassfish.jersey.apache.connector.ApacheConnector.apply(ApacheConnector.java:487)
	at org.glassfish.jersey.client.ClientRuntime$2.run(ClientRuntime.java:178)
	at org.glassfish.jersey.internal.Errors$1.call(Errors.java:271)
	at org.glassfish.jersey.internal.Errors$1.call(Errors.java:267)
	at org.glassfish.jersey.internal.Errors.process(Errors.java:315)
	at org.glassfish.jersey.internal.Errors.process(Errors.java:297)
	at org.glassfish.jersey.internal.Errors.process(Errors.java:267)
	at org.glassfish.jersey.process.internal.RequestScope.runInScope(RequestScope.java:340)
	at org.glassfish.jersey.client.ClientRuntime$3.run(ClientRuntime.java:210)
	at java.util.concurrent.Executors$RunnableAdapter.call(Executors.java:511)
	... 4 common frames omitted
Caused by: java.io.IOException: No such file or directory
	at jnr.unixsocket.UnixSocketChannel.doConnect(UnixSocketChannel.java:127)
	at jnr.unixsocket.UnixSocketChannel.connect(UnixSocketChannel.java:136)
	at jnr.unixsocket.UnixSocketChannel.connect(UnixSocketChannel.java:223)
	at com.spotify.docker.client.UnixConnectionSocketFactory.connectSocket(UnixConnectionSocketFactory.java:85)
	at org.apache.http.impl.conn.DefaultHttpClientConnectionOperator.connect(DefaultHttpClientConnectionOperator.java:142)
	at org.apache.http.impl.conn.PoolingHttpClientConnectionManager.connect(PoolingHttpClientConnectionManager.java:373)
	at org.apache.http.impl.execchain.MainClientExec.establishRoute(MainClientExec.java:394)
	at org.apache.http.impl.execchain.MainClientExec.execute(MainClientExec.java:237)
	at org.apache.http.impl.execchain.ProtocolExec.execute(ProtocolExec.java:185)
	at org.apache.http.impl.execchain.RetryExec.execute(RetryExec.java:89)
	at org.apache.http.impl.execchain.RedirectExec.execute(RedirectExec.java:110)
	at org.apache.http.impl.client.InternalHttpClient.doExecute(InternalHttpClient.java:185)
	at org.apache.http.impl.client.CloseableHttpClient.execute(CloseableHttpClient.java:72)
	at org.glassfish.jersey.apache.connector.ApacheConnector.apply(ApacheConnector.java:435)
	... 21 common frames omitted
14:57:38.128 [pool-45-thread-1] ERROR c.s.docker.client.ConnectionPoolTest - Error running task: java.util.concurrent.ExecutionException: javax.ws.rs.ProcessingException: java.io.IOException: No such file or directory
com.spotify.docker.client.exceptions.DockerException: java.util.concurrent.ExecutionException: javax.ws.rs.ProcessingException: java.io.IOException: No such file or directory
	at com.spotify.docker.client.DefaultDockerClient.propagate(DefaultDockerClient.java:2828)
	at com.spotify.docker.client.DefaultDockerClient.request(DefaultDockerClient.java:2692)
	at com.spotify.docker.client.DefaultDockerClient.requestAndTail(DefaultDockerClient.java:2777)
	at com.spotify.docker.client.DefaultDockerClient.pull(DefaultDockerClient.java:1326)
	at com.spotify.docker.client.DefaultDockerClient.pull(DefaultDockerClient.java:1303)
	at com.spotify.docker.client.DefaultDockerClient.pull(DefaultDockerClient.java:1297)
	at com.spotify.docker.client.ConnectionPoolTest$1.call(ConnectionPoolTest.java:81)
	at com.spotify.docker.client.ConnectionPoolTest$1.call(ConnectionPoolTest.java:77)
	at java.util.concurrent.FutureTask.run(FutureTask.java:266)
	at java.util.concurrent.ThreadPoolExecutor.runWorker(ThreadPoolExecutor.java:1142)
	at java.util.concurrent.ThreadPoolExecutor$Worker.run(ThreadPoolExecutor.java:617)
	at java.lang.Thread.run(Thread.java:745)
Caused by: java.util.concurrent.ExecutionException: javax.ws.rs.ProcessingException: java.io.IOException: No such file or directory
	at jersey.repackaged.com.google.common.util.concurrent.AbstractFuture$Sync.getValue(AbstractFuture.java:299)
	at jersey.repackaged.com.google.common.util.concurrent.AbstractFuture$Sync.get(AbstractFuture.java:286)
	at jersey.repackaged.com.google.common.util.concurrent.AbstractFuture.get(AbstractFuture.java:116)
	at com.spotify.docker.client.DefaultDockerClient.request(DefaultDockerClient.java:2690)
	... 10 common frames omitted
Caused by: javax.ws.rs.ProcessingException: java.io.IOException: No such file or directory
	at org.glassfish.jersey.apache.connector.ApacheConnector.apply(ApacheConnector.java:481)
	at org.glassfish.jersey.apache.connector.ApacheConnector$1.run(ApacheConnector.java:491)
	at java.util.concurrent.Executors$RunnableAdapter.call(Executors.java:511)
	at java.util.concurrent.FutureTask.run(FutureTask.java:266)
	at jersey.repackaged.com.google.common.util.concurrent.MoreExecutors$DirectExecutorService.execute(MoreExecutors.java:299)
	at java.util.concurrent.AbstractExecutorService.submit(AbstractExecutorService.java:112)
	at jersey.repackaged.com.google.common.util.concurrent.AbstractListeningExecutorService.submit(AbstractListeningExecutorService.java:50)
	at jersey.repackaged.com.google.common.util.concurrent.AbstractListeningExecutorService.submit(AbstractListeningExecutorService.java:37)
	at org.glassfish.jersey.apache.connector.ApacheConnector.apply(ApacheConnector.java:487)
	at org.glassfish.jersey.client.ClientRuntime$2.run(ClientRuntime.java:178)
	at org.glassfish.jersey.internal.Errors$1.call(Errors.java:271)
	at org.glassfish.jersey.internal.Errors$1.call(Errors.java:267)
	at org.glassfish.jersey.internal.Errors.process(Errors.java:315)
	at org.glassfish.jersey.internal.Errors.process(Errors.java:297)
	at org.glassfish.jersey.internal.Errors.process(Errors.java:267)
	at org.glassfish.jersey.process.internal.RequestScope.runInScope(RequestScope.java:340)
	at org.glassfish.jersey.client.ClientRuntime$3.run(ClientRuntime.java:210)
	at java.util.concurrent.Executors$RunnableAdapter.call(Executors.java:511)
	... 4 common frames omitted
Caused by: java.io.IOException: No such file or directory
	at jnr.unixsocket.UnixSocketChannel.doConnect(UnixSocketChannel.java:127)
	at jnr.unixsocket.UnixSocketChannel.connect(UnixSocketChannel.java:136)
	at jnr.unixsocket.UnixSocketChannel.connect(UnixSocketChannel.java:223)
	at com.spotify.docker.client.UnixConnectionSocketFactory.connectSocket(UnixConnectionSocketFactory.java:85)
	at org.apache.http.impl.conn.DefaultHttpClientConnectionOperator.connect(DefaultHttpClientConnectionOperator.java:142)
	at org.apache.http.impl.conn.PoolingHttpClientConnectionManager.connect(PoolingHttpClientConnectionManager.java:373)
	at org.apache.http.impl.execchain.MainClientExec.establishRoute(MainClientExec.java:394)
	at org.apache.http.impl.execchain.MainClientExec.execute(MainClientExec.java:237)
	at org.apache.http.impl.execchain.ProtocolExec.execute(ProtocolExec.java:185)
	at org.apache.http.impl.execchain.RetryExec.execute(RetryExec.java:89)
	at org.apache.http.impl.execchain.RedirectExec.execute(RedirectExec.java:110)
	at org.apache.http.impl.client.InternalHttpClient.doExecute(InternalHttpClient.java:185)
	at org.apache.http.impl.client.CloseableHttpClient.execute(CloseableHttpClient.java:72)
	at org.glassfish.jersey.apache.connector.ApacheConnector.apply(ApacheConnector.java:435)
	... 21 common frames omitted
14:57:38.137 [pool-45-thread-3] ERROR c.s.docker.client.ConnectionPoolTest - Error running task: java.util.concurrent.ExecutionException: javax.ws.rs.ProcessingException: java.io.IOException: No such file or directory
com.spotify.docker.client.exceptions.DockerException: java.util.concurrent.ExecutionException: javax.ws.rs.ProcessingException: java.io.IOException: No such file or directory
	at com.spotify.docker.client.DefaultDockerClient.propagate(DefaultDockerClient.java:2828)
	at com.spotify.docker.client.DefaultDockerClient.request(DefaultDockerClient.java:2692)
	at com.spotify.docker.client.DefaultDockerClient.requestAndTail(DefaultDockerClient.java:2777)
	at com.spotify.docker.client.DefaultDockerClient.pull(DefaultDockerClient.java:1326)
	at com.spotify.docker.client.DefaultDockerClient.pull(DefaultDockerClient.java:1303)
	at com.spotify.docker.client.DefaultDockerClient.pull(DefaultDockerClient.java:1297)
	at com.spotify.docker.client.ConnectionPoolTest$1.call(ConnectionPoolTest.java:81)
	at com.spotify.docker.client.ConnectionPoolTest$1.call(ConnectionPoolTest.java:77)
	at java.util.concurrent.FutureTask.run(FutureTask.java:266)
	at java.util.concurrent.ThreadPoolExecutor.runWorker(ThreadPoolExecutor.java:1142)
	at java.util.concurrent.ThreadPoolExecutor$Worker.run(ThreadPoolExecutor.java:617)
	at java.lang.Thread.run(Thread.java:745)
Caused by: java.util.concurrent.ExecutionException: javax.ws.rs.ProcessingException: java.io.IOException: No such file or directory
	at jersey.repackaged.com.google.common.util.concurrent.AbstractFuture$Sync.getValue(AbstractFuture.java:299)
	at jersey.repackaged.com.google.common.util.concurrent.AbstractFuture$Sync.get(AbstractFuture.java:286)
	at jersey.repackaged.com.google.common.util.concurrent.AbstractFuture.get(AbstractFuture.java:116)
	at com.spotify.docker.client.DefaultDockerClient.request(DefaultDockerClient.java:2690)
	... 10 common frames omitted
Caused by: javax.ws.rs.ProcessingException: java.io.IOException: No such file or directory
	at org.glassfish.jersey.apache.connector.ApacheConnector.apply(ApacheConnector.java:481)
	at org.glassfish.jersey.apache.connector.ApacheConnector$1.run(ApacheConnector.java:491)
	at java.util.concurrent.Executors$RunnableAdapter.call(Executors.java:511)
	at java.util.concurrent.FutureTask.run(FutureTask.java:266)
	at jersey.repackaged.com.google.common.util.concurrent.MoreExecutors$DirectExecutorService.execute(MoreExecutors.java:299)
	at java.util.concurrent.AbstractExecutorService.submit(AbstractExecutorService.java:112)
	at jersey.repackaged.com.google.common.util.concurrent.AbstractListeningExecutorService.submit(AbstractListeningExecutorService.java:50)
	at jersey.repackaged.com.google.common.util.concurrent.AbstractListeningExecutorService.submit(AbstractListeningExecutorService.java:37)
	at org.glassfish.jersey.apache.connector.ApacheConnector.apply(ApacheConnector.java:487)
	at org.glassfish.jersey.client.ClientRuntime$2.run(ClientRuntime.java:178)
	at org.glassfish.jersey.internal.Errors$1.call(Errors.java:271)
	at org.glassfish.jersey.internal.Errors$1.call(Errors.java:267)
	at org.glassfish.jersey.internal.Errors.process(Errors.java:315)
	at org.glassfish.jersey.internal.Errors.process(Errors.java:297)
	at org.glassfish.jersey.internal.Errors.process(Errors.java:267)
	at org.glassfish.jersey.process.internal.RequestScope.runInScope(RequestScope.java:340)
	at org.glassfish.jersey.client.ClientRuntime$3.run(ClientRuntime.java:210)
	at java.util.concurrent.Executors$RunnableAdapter.call(Executors.java:511)
	... 4 common frames omitted
Caused by: java.io.IOException: No such file or directory
	at jnr.unixsocket.UnixSocketChannel.doConnect(UnixSocketChannel.java:127)
	at jnr.unixsocket.UnixSocketChannel.connect(UnixSocketChannel.java:136)
	at jnr.unixsocket.UnixSocketChannel.connect(UnixSocketChannel.java:223)
	at com.spotify.docker.client.UnixConnectionSocketFactory.connectSocket(UnixConnectionSocketFactory.java:85)
	at org.apache.http.impl.conn.DefaultHttpClientConnectionOperator.connect(DefaultHttpClientConnectionOperator.java:142)
	at org.apache.http.impl.conn.PoolingHttpClientConnectionManager.connect(PoolingHttpClientConnectionManager.java:373)
	at org.apache.http.impl.execchain.MainClientExec.establishRoute(MainClientExec.java:394)
	at org.apache.http.impl.execchain.MainClientExec.execute(MainClientExec.java:237)
	at org.apache.http.impl.execchain.ProtocolExec.execute(ProtocolExec.java:185)
	at org.apache.http.impl.execchain.RetryExec.execute(RetryExec.java:89)
	at org.apache.http.impl.execchain.RedirectExec.execute(RedirectExec.java:110)
	at org.apache.http.impl.client.InternalHttpClient.doExecute(InternalHttpClient.java:185)
	at org.apache.http.impl.client.CloseableHttpClient.execute(CloseableHttpClient.java:72)
	at org.glassfish.jersey.apache.connector.ApacheConnector.apply(ApacheConnector.java:435)
	... 21 common frames omitted
14:57:38.152 [pool-45-thread-2] ERROR c.s.docker.client.ConnectionPoolTest - Error running task: java.util.concurrent.ExecutionException: javax.ws.rs.ProcessingException: java.io.IOException: No such file or directory
com.spotify.docker.client.exceptions.DockerException: java.util.concurrent.ExecutionException: javax.ws.rs.ProcessingException: java.io.IOException: No such file or directory
	at com.spotify.docker.client.DefaultDockerClient.propagate(DefaultDockerClient.java:2828)
	at com.spotify.docker.client.DefaultDockerClient.request(DefaultDockerClient.java:2692)
	at com.spotify.docker.client.DefaultDockerClient.requestAndTail(DefaultDockerClient.java:2777)
	at com.spotify.docker.client.DefaultDockerClient.pull(DefaultDockerClient.java:1326)
	at com.spotify.docker.client.DefaultDockerClient.pull(DefaultDockerClient.java:1303)
	at com.spotify.docker.client.DefaultDockerClient.pull(DefaultDockerClient.java:1297)
	at com.spotify.docker.client.ConnectionPoolTest$1.call(ConnectionPoolTest.java:81)
	at com.spotify.docker.client.ConnectionPoolTest$1.call(ConnectionPoolTest.java:77)
	at java.util.concurrent.FutureTask.run(FutureTask.java:266)
	at java.util.concurrent.ThreadPoolExecutor.runWorker(ThreadPoolExecutor.java:1142)
	at java.util.concurrent.ThreadPoolExecutor$Worker.run(ThreadPoolExecutor.java:617)
	at java.lang.Thread.run(Thread.java:745)
Caused by: java.util.concurrent.ExecutionException: javax.ws.rs.ProcessingException: java.io.IOException: No such file or directory
	at jersey.repackaged.com.google.common.util.concurrent.AbstractFuture$Sync.getValue(AbstractFuture.java:299)
	at jersey.repackaged.com.google.common.util.concurrent.AbstractFuture$Sync.get(AbstractFuture.java:286)
	at jersey.repackaged.com.google.common.util.concurrent.AbstractFuture.get(AbstractFuture.java:116)
	at com.spotify.docker.client.DefaultDockerClient.request(DefaultDockerClient.java:2690)
	... 10 common frames omitted
Caused by: javax.ws.rs.ProcessingException: java.io.IOException: No such file or directory
	at org.glassfish.jersey.apache.connector.ApacheConnector.apply(ApacheConnector.java:481)
	at org.glassfish.jersey.apache.connector.ApacheConnector$1.run(ApacheConnector.java:491)
	at java.util.concurrent.Executors$RunnableAdapter.call(Executors.java:511)
	at java.util.concurrent.FutureTask.run(FutureTask.java:266)
	at jersey.repackaged.com.google.common.util.concurrent.MoreExecutors$DirectExecutorService.execute(MoreExecutors.java:299)
	at java.util.concurrent.AbstractExecutorService.submit(AbstractExecutorService.java:112)
	at jersey.repackaged.com.google.common.util.concurrent.AbstractListeningExecutorService.submit(AbstractListeningExecutorService.java:50)
	at jersey.repackaged.com.google.common.util.concurrent.AbstractListeningExecutorService.submit(AbstractListeningExecutorService.java:37)
	at org.glassfish.jersey.apache.connector.ApacheConnector.apply(ApacheConnector.java:487)
	at org.glassfish.jersey.client.ClientRuntime$2.run(ClientRuntime.java:178)
	at org.glassfish.jersey.internal.Errors$1.call(Errors.java:271)
	at org.glassfish.jersey.internal.Errors$1.call(Errors.java:267)
	at org.glassfish.jersey.internal.Errors.process(Errors.java:315)
	at org.glassfish.jersey.internal.Errors.process(Errors.java:297)
	at org.glassfish.jersey.internal.Errors.process(Errors.java:267)
	at org.glassfish.jersey.process.internal.RequestScope.runInScope(RequestScope.java:340)
	at org.glassfish.jersey.client.ClientRuntime$3.run(ClientRuntime.java:210)
	at java.util.concurrent.Executors$RunnableAdapter.call(Executors.java:511)
	... 4 common frames omitted
Caused by: java.io.IOException: No such file or directory
	at jnr.unixsocket.UnixSocketChannel.doConnect(UnixSocketChannel.java:127)
	at jnr.unixsocket.UnixSocketChannel.connect(UnixSocketChannel.java:136)
	at jnr.unixsocket.UnixSocketChannel.connect(UnixSocketChannel.java:223)
	at com.spotify.docker.client.UnixConnectionSocketFactory.connectSocket(UnixConnectionSocketFactory.java:85)
	at org.apache.http.impl.conn.DefaultHttpClientConnectionOperator.connect(DefaultHttpClientConnectionOperator.java:142)
	at org.apache.http.impl.conn.PoolingHttpClientConnectionManager.connect(PoolingHttpClientConnectionManager.java:373)
	at org.apache.http.impl.execchain.MainClientExec.establishRoute(MainClientExec.java:394)
	at org.apache.http.impl.execchain.MainClientExec.execute(MainClientExec.java:237)
	at org.apache.http.impl.execchain.ProtocolExec.execute(ProtocolExec.java:185)
	at org.apache.http.impl.execchain.RetryExec.execute(RetryExec.java:89)
	at org.apache.http.impl.execchain.RedirectExec.execute(RedirectExec.java:110)
	at org.apache.http.impl.client.InternalHttpClient.doExecute(InternalHttpClient.java:185)
	at org.apache.http.impl.client.CloseableHttpClient.execute(CloseableHttpClient.java:72)
	at org.glassfish.jersey.apache.connector.ApacheConnector.apply(ApacheConnector.java:435)
	... 21 common frames omitted
14:57:38.161 [pool-45-thread-5] ERROR c.s.docker.client.ConnectionPoolTest - Error running task: java.util.concurrent.ExecutionException: javax.ws.rs.ProcessingException: java.io.IOException: No such file or directory
com.spotify.docker.client.exceptions.DockerException: java.util.concurrent.ExecutionException: javax.ws.rs.ProcessingException: java.io.IOException: No such file or directory
	at com.spotify.docker.client.DefaultDockerClient.propagate(DefaultDockerClient.java:2828)
	at com.spotify.docker.client.DefaultDockerClient.request(DefaultDockerClient.java:2692)
	at com.spotify.docker.client.DefaultDockerClient.requestAndTail(DefaultDockerClient.java:2777)
	at com.spotify.docker.client.DefaultDockerClient.pull(DefaultDockerClient.java:1326)
	at com.spotify.docker.client.DefaultDockerClient.pull(DefaultDockerClient.java:1303)
	at com.spotify.docker.client.DefaultDockerClient.pull(DefaultDockerClient.java:1297)
	at com.spotify.docker.client.ConnectionPoolTest$1.call(ConnectionPoolTest.java:81)
	at com.spotify.docker.client.ConnectionPoolTest$1.call(ConnectionPoolTest.java:77)
	at java.util.concurrent.FutureTask.run(FutureTask.java:266)
	at java.util.concurrent.ThreadPoolExecutor.runWorker(ThreadPoolExecutor.java:1142)
	at java.util.concurrent.ThreadPoolExecutor$Worker.run(ThreadPoolExecutor.java:617)
	at java.lang.Thread.run(Thread.java:745)
Caused by: java.util.concurrent.ExecutionException: javax.ws.rs.ProcessingException: java.io.IOException: No such file or directory
	at jersey.repackaged.com.google.common.util.concurrent.AbstractFuture$Sync.getValue(AbstractFuture.java:299)
	at jersey.repackaged.com.google.common.util.concurrent.AbstractFuture$Sync.get(AbstractFuture.java:286)
	at jersey.repackaged.com.google.common.util.concurrent.AbstractFuture.get(AbstractFuture.java:116)
	at com.spotify.docker.client.DefaultDockerClient.request(DefaultDockerClient.java:2690)
	... 10 common frames omitted
Caused by: javax.ws.rs.ProcessingException: java.io.IOException: No such file or directory
	at org.glassfish.jersey.apache.connector.ApacheConnector.apply(ApacheConnector.java:481)
	at org.glassfish.jersey.apache.connector.ApacheConnector$1.run(ApacheConnector.java:491)
	at java.util.concurrent.Executors$RunnableAdapter.call(Executors.java:511)
	at java.util.concurrent.FutureTask.run(FutureTask.java:266)
	at jersey.repackaged.com.google.common.util.concurrent.MoreExecutors$DirectExecutorService.execute(MoreExecutors.java:299)
	at java.util.concurrent.AbstractExecutorService.submit(AbstractExecutorService.java:112)
	at jersey.repackaged.com.google.common.util.concurrent.AbstractListeningExecutorService.submit(AbstractListeningExecutorService.java:50)
	at jersey.repackaged.com.google.common.util.concurrent.AbstractListeningExecutorService.submit(AbstractListeningExecutorService.java:37)
	at org.glassfish.jersey.apache.connector.ApacheConnector.apply(ApacheConnector.java:487)
	at org.glassfish.jersey.client.ClientRuntime$2.run(ClientRuntime.java:178)
	at org.glassfish.jersey.internal.Errors$1.call(Errors.java:271)
	at org.glassfish.jersey.internal.Errors$1.call(Errors.java:267)
	at org.glassfish.jersey.internal.Errors.process(Errors.java:315)
	at org.glassfish.jersey.internal.Errors.process(Errors.java:297)
	at org.glassfish.jersey.internal.Errors.process(Errors.java:267)
	at org.glassfish.jersey.process.internal.RequestScope.runInScope(RequestScope.java:340)
	at org.glassfish.jersey.client.ClientRuntime$3.run(ClientRuntime.java:210)
	at java.util.concurrent.Executors$RunnableAdapter.call(Executors.java:511)
	... 4 common frames omitted
Caused by: java.io.IOException: No such file or directory
	at jnr.unixsocket.UnixSocketChannel.doConnect(UnixSocketChannel.java:127)
	at jnr.unixsocket.UnixSocketChannel.connect(UnixSocketChannel.java:136)
	at jnr.unixsocket.UnixSocketChannel.connect(UnixSocketChannel.java:223)
	at com.spotify.docker.client.UnixConnectionSocketFactory.connectSocket(UnixConnectionSocketFactory.java:85)
	at org.apache.http.impl.conn.DefaultHttpClientConnectionOperator.connect(DefaultHttpClientConnectionOperator.java:142)
	at org.apache.http.impl.conn.PoolingHttpClientConnectionManager.connect(PoolingHttpClientConnectionManager.java:373)
	at org.apache.http.impl.execchain.MainClientExec.establishRoute(MainClientExec.java:394)
	at org.apache.http.impl.execchain.MainClientExec.execute(MainClientExec.java:237)
	at org.apache.http.impl.execchain.ProtocolExec.execute(ProtocolExec.java:185)
	at org.apache.http.impl.execchain.RetryExec.execute(RetryExec.java:89)
	at org.apache.http.impl.execchain.RedirectExec.execute(RedirectExec.java:110)
	at org.apache.http.impl.client.InternalHttpClient.doExecute(InternalHttpClient.java:185)
	at org.apache.http.impl.client.CloseableHttpClient.execute(CloseableHttpClient.java:72)
	at org.glassfish.jersey.apache.connector.ApacheConnector.apply(ApacheConnector.java:435)
	... 21 common frames omitted
14:57:38.165 [pool-45-thread-4] ERROR c.s.docker.client.ConnectionPoolTest - Error running task: java.util.concurrent.ExecutionException: javax.ws.rs.ProcessingException: java.io.IOException: No such file or directory
com.spotify.docker.client.exceptions.DockerException: java.util.concurrent.ExecutionException: javax.ws.rs.ProcessingException: java.io.IOException: No such file or directory
	at com.spotify.docker.client.DefaultDockerClient.propagate(DefaultDockerClient.java:2828)
	at com.spotify.docker.client.DefaultDockerClient.request(DefaultDockerClient.java:2692)
	at com.spotify.docker.client.DefaultDockerClient.requestAndTail(DefaultDockerClient.java:2777)
	at com.spotify.docker.client.DefaultDockerClient.pull(DefaultDockerClient.java:1326)
	at com.spotify.docker.client.DefaultDockerClient.pull(DefaultDockerClient.java:1303)
	at com.spotify.docker.client.DefaultDockerClient.pull(DefaultDockerClient.java:1297)
	at com.spotify.docker.client.ConnectionPoolTest$1.call(ConnectionPoolTest.java:81)
	at com.spotify.docker.client.ConnectionPoolTest$1.call(ConnectionPoolTest.java:77)
	at java.util.concurrent.FutureTask.run(FutureTask.java:266)
	at java.util.concurrent.ThreadPoolExecutor.runWorker(ThreadPoolExecutor.java:1142)
	at java.util.concurrent.ThreadPoolExecutor$Worker.run(ThreadPoolExecutor.java:617)
	at java.lang.Thread.run(Thread.java:745)
Caused by: java.util.concurrent.ExecutionException: javax.ws.rs.ProcessingException: java.io.IOException: No such file or directory
	at jersey.repackaged.com.google.common.util.concurrent.AbstractFuture$Sync.getValue(AbstractFuture.java:299)
	at jersey.repackaged.com.google.common.util.concurrent.AbstractFuture$Sync.get(AbstractFuture.java:286)
	at jersey.repackaged.com.google.common.util.concurrent.AbstractFuture.get(AbstractFuture.java:116)
	at com.spotify.docker.client.DefaultDockerClient.request(DefaultDockerClient.java:2690)
	... 10 common frames omitted
Caused by: javax.ws.rs.ProcessingException: java.io.IOException: No such file or directory
	at org.glassfish.jersey.apache.connector.ApacheConnector.apply(ApacheConnector.java:481)
	at org.glassfish.jersey.apache.connector.ApacheConnector$1.run(ApacheConnector.java:491)
	at java.util.concurrent.Executors$RunnableAdapter.call(Executors.java:511)
	at java.util.concurrent.FutureTask.run(FutureTask.java:266)
	at jersey.repackaged.com.google.common.util.concurrent.MoreExecutors$DirectExecutorService.execute(MoreExecutors.java:299)
	at java.util.concurrent.AbstractExecutorService.submit(AbstractExecutorService.java:112)
	at jersey.repackaged.com.google.common.util.concurrent.AbstractListeningExecutorService.submit(AbstractListeningExecutorService.java:50)
	at jersey.repackaged.com.google.common.util.concurrent.AbstractListeningExecutorService.submit(AbstractListeningExecutorService.java:37)
	at org.glassfish.jersey.apache.connector.ApacheConnector.apply(ApacheConnector.java:487)
	at org.glassfish.jersey.client.ClientRuntime$2.run(ClientRuntime.java:178)
	at org.glassfish.jersey.internal.Errors$1.call(Errors.java:271)
	at org.glassfish.jersey.internal.Errors$1.call(Errors.java:267)
	at org.glassfish.jersey.internal.Errors.process(Errors.java:315)
	at org.glassfish.jersey.internal.Errors.process(Errors.java:297)
	at org.glassfish.jersey.internal.Errors.process(Errors.java:267)
	at org.glassfish.jersey.process.internal.RequestScope.runInScope(RequestScope.java:340)
	at org.glassfish.jersey.client.ClientRuntime$3.run(ClientRuntime.java:210)
	at java.util.concurrent.Executors$RunnableAdapter.call(Executors.java:511)
	... 4 common frames omitted
Caused by: java.io.IOException: No such file or directory
	at jnr.unixsocket.UnixSocketChannel.doConnect(UnixSocketChannel.java:127)
	at jnr.unixsocket.UnixSocketChannel.connect(UnixSocketChannel.java:136)
	at jnr.unixsocket.UnixSocketChannel.connect(UnixSocketChannel.java:223)
	at com.spotify.docker.client.UnixConnectionSocketFactory.connectSocket(UnixConnectionSocketFactory.java:85)
	at org.apache.http.impl.conn.DefaultHttpClientConnectionOperator.connect(DefaultHttpClientConnectionOperator.java:142)
	at org.apache.http.impl.conn.PoolingHttpClientConnectionManager.connect(PoolingHttpClientConnectionManager.java:373)
	at org.apache.http.impl.execchain.MainClientExec.establishRoute(MainClientExec.java:394)
	at org.apache.http.impl.execchain.MainClientExec.execute(MainClientExec.java:237)
	at org.apache.http.impl.execchain.ProtocolExec.execute(ProtocolExec.java:185)
	at org.apache.http.impl.execchain.RetryExec.execute(RetryExec.java:89)
	at org.apache.http.impl.execchain.RedirectExec.execute(RedirectExec.java:110)
	at org.apache.http.impl.client.InternalHttpClient.doExecute(InternalHttpClient.java:185)
	at org.apache.http.impl.client.CloseableHttpClient.execute(CloseableHttpClient.java:72)
	at org.glassfish.jersey.apache.connector.ApacheConnector.apply(ApacheConnector.java:435)
	... 21 common frames omitted
14:57:38.166 [pool-45-thread-1] ERROR c.s.docker.client.ConnectionPoolTest - Error running task: java.util.concurrent.ExecutionException: javax.ws.rs.ProcessingException: java.io.IOException: No such file or directory
com.spotify.docker.client.exceptions.DockerException: java.util.concurrent.ExecutionException: javax.ws.rs.ProcessingException: java.io.IOException: No such file or directory
	at com.spotify.docker.client.DefaultDockerClient.propagate(DefaultDockerClient.java:2828)
	at com.spotify.docker.client.DefaultDockerClient.request(DefaultDockerClient.java:2692)
	at com.spotify.docker.client.DefaultDockerClient.requestAndTail(DefaultDockerClient.java:2777)
	at com.spotify.docker.client.DefaultDockerClient.pull(DefaultDockerClient.java:1326)
	at com.spotify.docker.client.DefaultDockerClient.pull(DefaultDockerClient.java:1303)
	at com.spotify.docker.client.DefaultDockerClient.pull(DefaultDockerClient.java:1297)
	at com.spotify.docker.client.ConnectionPoolTest$1.call(ConnectionPoolTest.java:81)
	at com.spotify.docker.client.ConnectionPoolTest$1.call(ConnectionPoolTest.java:77)
	at java.util.concurrent.FutureTask.run(FutureTask.java:266)
	at java.util.concurrent.ThreadPoolExecutor.runWorker(ThreadPoolExecutor.java:1142)
	at java.util.concurrent.ThreadPoolExecutor$Worker.run(ThreadPoolExecutor.java:617)
	at java.lang.Thread.run(Thread.java:745)
Caused by: java.util.concurrent.ExecutionException: javax.ws.rs.ProcessingException: java.io.IOException: No such file or directory
	at jersey.repackaged.com.google.common.util.concurrent.AbstractFuture$Sync.getValue(AbstractFuture.java:299)
	at jersey.repackaged.com.google.common.util.concurrent.AbstractFuture$Sync.get(AbstractFuture.java:286)
	at jersey.repackaged.com.google.common.util.concurrent.AbstractFuture.get(AbstractFuture.java:116)
	at com.spotify.docker.client.DefaultDockerClient.request(DefaultDockerClient.java:2690)
	... 10 common frames omitted
Caused by: javax.ws.rs.ProcessingException: java.io.IOException: No such file or directory
	at org.glassfish.jersey.apache.connector.ApacheConnector.apply(ApacheConnector.java:481)
	at org.glassfish.jersey.apache.connector.ApacheConnector$1.run(ApacheConnector.java:491)
	at java.util.concurrent.Executors$RunnableAdapter.call(Executors.java:511)
	at java.util.concurrent.FutureTask.run(FutureTask.java:266)
	at jersey.repackaged.com.google.common.util.concurrent.MoreExecutors$DirectExecutorService.execute(MoreExecutors.java:299)
	at java.util.concurrent.AbstractExecutorService.submit(AbstractExecutorService.java:112)
	at jersey.repackaged.com.google.common.util.concurrent.AbstractListeningExecutorService.submit(AbstractListeningExecutorService.java:50)
	at jersey.repackaged.com.google.common.util.concurrent.AbstractListeningExecutorService.submit(AbstractListeningExecutorService.java:37)
	at org.glassfish.jersey.apache.connector.ApacheConnector.apply(ApacheConnector.java:487)
	at org.glassfish.jersey.client.ClientRuntime$2.run(ClientRuntime.java:178)
	at org.glassfish.jersey.internal.Errors$1.call(Errors.java:271)
	at org.glassfish.jersey.internal.Errors$1.call(Errors.java:267)
	at org.glassfish.jersey.internal.Errors.process(Errors.java:315)
	at org.glassfish.jersey.internal.Errors.process(Errors.java:297)
	at org.glassfish.jersey.internal.Errors.process(Errors.java:267)
	at org.glassfish.jersey.process.internal.RequestScope.runInScope(RequestScope.java:340)
	at org.glassfish.jersey.client.ClientRuntime$3.run(ClientRuntime.java:210)
	at java.util.concurrent.Executors$RunnableAdapter.call(Executors.java:511)
	... 4 common frames omitted
Caused by: java.io.IOException: No such file or directory
	at jnr.unixsocket.UnixSocketChannel.doConnect(UnixSocketChannel.java:127)
	at jnr.unixsocket.UnixSocketChannel.connect(UnixSocketChannel.java:136)
	at jnr.unixsocket.UnixSocketChannel.connect(UnixSocketChannel.java:223)
	at com.spotify.docker.client.UnixConnectionSocketFactory.connectSocket(UnixConnectionSocketFactory.java:85)
	at org.apache.http.impl.conn.DefaultHttpClientConnectionOperator.connect(DefaultHttpClientConnectionOperator.java:142)
	at org.apache.http.impl.conn.PoolingHttpClientConnectionManager.connect(PoolingHttpClientConnectionManager.java:373)
	at org.apache.http.impl.execchain.MainClientExec.establishRoute(MainClientExec.java:394)
	at org.apache.http.impl.execchain.MainClientExec.execute(MainClientExec.java:237)
	at org.apache.http.impl.execchain.ProtocolExec.execute(ProtocolExec.java:185)
	at org.apache.http.impl.execchain.RetryExec.execute(RetryExec.java:89)
	at org.apache.http.impl.execchain.RedirectExec.execute(RedirectExec.java:110)
	at org.apache.http.impl.client.InternalHttpClient.doExecute(InternalHttpClient.java:185)
	at org.apache.http.impl.client.CloseableHttpClient.execute(CloseableHttpClient.java:72)
	at org.glassfish.jersey.apache.connector.ApacheConnector.apply(ApacheConnector.java:435)
	... 21 common frames omitted
</system-out>
    <system-err>Sep 17, 2018 2:57:37 PM org.apache.http.impl.execchain.RetryExec execute
INFO: I/O exception (java.io.IOException) caught when processing request to {}-&gt;unix://localhost:80: No such file or directory
Sep 17, 2018 2:57:37 PM org.apache.http.impl.execchain.RetryExec execute
INFO: I/O exception (java.io.IOException) caught when processing request to {}-&gt;unix://localhost:80: No such file or directory
Sep 17, 2018 2:57:37 PM org.apache.http.impl.execchain.RetryExec execute
INFO: I/O exception (java.io.IOException) caught when processing request to {}-&gt;unix://localhost:80: No such file or directory
Sep 17, 2018 2:57:37 PM org.apache.http.impl.execchain.RetryExec execute
INFO: I/O exception (java.io.IOException) caught when processing request to {}-&gt;unix://localhost:80: No such file or directory
Sep 17, 2018 2:57:37 PM org.apache.http.impl.execchain.RetryExec execute
INFO: Retrying request to {}-&gt;unix://localhost:80
Sep 17, 2018 2:57:37 PM org.apache.http.impl.execchain.RetryExec execute
INFO: Retrying request to {}-&gt;unix://localhost:80
Sep 17, 2018 2:57:37 PM org.apache.http.impl.execchain.RetryExec execute
INFO: Retrying request to {}-&gt;unix://localhost:80
Sep 17, 2018 2:57:37 PM org.apache.http.impl.execchain.RetryExec execute
INFO: Retrying request to {}-&gt;unix://localhost:80
Sep 17, 2018 2:57:37 PM org.apache.http.impl.execchain.RetryExec execute
INFO: I/O exception (java.io.IOException) caught when processing request to {}-&gt;unix://localhost:80: No such file or directory
Sep 17, 2018 2:57:37 PM org.apache.http.impl.execchain.RetryExec execute
INFO: I/O exception (java.io.IOException) caught when processing request to {}-&gt;unix://localhost:80: No such file or directory
Sep 17, 2018 2:57:37 PM org.apache.http.impl.execchain.RetryExec execute
INFO: Retrying request to {}-&gt;unix://localhost:80
Sep 17, 2018 2:57:37 PM org.apache.http.impl.execchain.RetryExec execute
INFO: I/O exception (java.io.IOException) caught when processing request to {}-&gt;unix://localhost:80: No such file or directory
Sep 17, 2018 2:57:37 PM org.apache.http.impl.execchain.RetryExec execute
INFO: I/O exception (java.io.IOException) caught when processing request to {}-&gt;unix://localhost:80: No such file or directory
Sep 17, 2018 2:57:37 PM org.apache.http.impl.execchain.RetryExec execute
INFO: Retrying request to {}-&gt;unix://localhost:80
Sep 17, 2018 2:57:37 PM org.apache.http.impl.execchain.RetryExec execute
INFO: I/O exception (java.io.IOException) caught when processing request to {}-&gt;unix://localhost:80: No such file or directory
Sep 17, 2018 2:57:37 PM org.apache.http.impl.execchain.RetryExec execute
INFO: Retrying request to {}-&gt;unix://localhost:80
Sep 17, 2018 2:57:37 PM org.apache.http.impl.execchain.RetryExec execute
INFO: Retrying request to {}-&gt;unix://localhost:80
Sep 17, 2018 2:57:37 PM org.apache.http.impl.execchain.RetryExec execute
INFO: Retrying request to {}-&gt;unix://localhost:80
Sep 17, 2018 2:57:37 PM org.apache.http.impl.execchain.RetryExec execute
INFO: I/O exception (java.io.IOException) caught when processing request to {}-&gt;unix://localhost:80: No such file or directory
Sep 17, 2018 2:57:37 PM org.apache.http.impl.execchain.RetryExec execute
INFO: Retrying request to {}-&gt;unix://localhost:80
Sep 17, 2018 2:57:37 PM org.apache.http.impl.execchain.RetryExec execute
INFO: I/O exception (java.io.IOException) caught when processing request to {}-&gt;unix://localhost:80: No such file or directory
Sep 17, 2018 2:57:37 PM org.apache.http.impl.execchain.RetryExec execute
INFO: I/O exception (java.io.IOException) caught when processing request to {}-&gt;unix://localhost:80: No such file or directory
Sep 17, 2018 2:57:37 PM org.apache.http.impl.execchain.RetryExec execute
INFO: Retrying request to {}-&gt;unix://localhost:80
Sep 17, 2018 2:57:37 PM org.apache.http.impl.execchain.RetryExec execute
INFO: Retrying request to {}-&gt;unix://localhost:80
Sep 17, 2018 2:57:37 PM org.apache.http.impl.execchain.RetryExec execute
INFO: I/O exception (java.io.IOException) caught when processing request to {}-&gt;unix://localhost:80: No such file or directory
Sep 17, 2018 2:57:37 PM org.apache.http.impl.execchain.RetryExec execute
INFO: Retrying request to {}-&gt;unix://localhost:80
Sep 17, 2018 2:57:37 PM org.apache.http.impl.execchain.RetryExec execute
INFO: I/O exception (java.io.IOException) caught when processing request to {}-&gt;unix://localhost:80: No such file or directory
Sep 17, 2018 2:57:37 PM org.apache.http.impl.execchain.RetryExec execute
INFO: Retrying request to {}-&gt;unix://localhost:80
Sep 17, 2018 2:57:37 PM org.apache.http.impl.execchain.RetryExec execute
INFO: I/O exception (java.io.IOException) caught when processing request to {}-&gt;unix://localhost:80: No such file or directory
Sep 17, 2018 2:57:37 PM org.apache.http.impl.execchain.RetryExec execute
INFO: Retrying request to {}-&gt;unix://localhost:80
Sep 17, 2018 2:57:38 PM org.apache.http.impl.execchain.RetryExec execute
INFO: I/O exception (java.io.IOException) caught when processing request to {}-&gt;unix://localhost:80: No such file or directory
Sep 17, 2018 2:57:38 PM org.apache.http.impl.execchain.RetryExec execute
INFO: Retrying request to {}-&gt;unix://localhost:80
Sep 17, 2018 2:57:38 PM org.apache.http.impl.execchain.RetryExec execute
INFO: I/O exception (java.io.IOException) caught when processing request to {}-&gt;unix://localhost:80: No such file or directory
Sep 17, 2018 2:57:38 PM org.apache.http.impl.execchain.RetryExec execute
INFO: Retrying request to {}-&gt;unix://localhost:80
Sep 17, 2018 2:57:38 PM org.apache.http.impl.execchain.RetryExec execute
INFO: I/O exception (java.io.IOException) caught when processing request to {}-&gt;unix://localhost:80: No such file or directory
Sep 17, 2018 2:57:38 PM org.apache.http.impl.execchain.RetryExec execute
INFO: Retrying request to {}-&gt;unix://localhost:80
Sep 17, 2018 2:57:38 PM org.apache.http.impl.execchain.RetryExec execute
INFO: I/O exception (java.io.IOException) caught when processing request to {}-&gt;unix://localhost:80: No such file or directory
Sep 17, 2018 2:57:38 PM org.apache.http.impl.execchain.RetryExec execute
INFO: Retrying request to {}-&gt;unix://localhost:80
Sep 17, 2018 2:57:38 PM org.apache.http.impl.execchain.RetryExec execute
INFO: I/O exception (java.io.IOException) caught when processing request to {}-&gt;unix://localhost:80: No such file or directory
Sep 17, 2018 2:57:38 PM org.apache.http.impl.execchain.RetryExec execute
INFO: Retrying request to {}-&gt;unix://localhost:80
Sep 17, 2018 2:57:38 PM org.apache.http.impl.execchain.RetryExec execute
INFO: I/O exception (java.io.IOException) caught when processing request to {}-&gt;unix://localhost:80: No such file or directory
Sep 17, 2018 2:57:38 PM org.apache.http.impl.execchain.RetryExec execute
INFO: Retrying request to {}-&gt;unix://localhost:80
Sep 17, 2018 2:57:38 PM org.apache.http.impl.execchain.RetryExec execute
INFO: I/O exception (java.io.IOException) caught when processing request to {}-&gt;unix://localhost:80: No such file or directory
Sep 17, 2018 2:57:38 PM org.apache.http.impl.execchain.RetryExec execute
INFO: I/O exception (java.io.IOException) caught when processing request to {}-&gt;unix://localhost:80: No such file or directory
Sep 17, 2018 2:57:38 PM org.apache.http.impl.execchain.RetryExec execute
INFO: Retrying request to {}-&gt;unix://localhost:80
Sep 17, 2018 2:57:38 PM org.apache.http.impl.execchain.RetryExec execute
INFO: I/O exception (java.io.IOException) caught when processing request to {}-&gt;unix://localhost:80: No such file or directory
Sep 17, 2018 2:57:38 PM org.apache.http.impl.execchain.RetryExec execute
INFO: Retrying request to {}-&gt;unix://localhost:80
Sep 17, 2018 2:57:38 PM org.apache.http.impl.execchain.RetryExec execute
INFO: I/O exception (java.io.IOException) caught when processing request to {}-&gt;unix://localhost:80: No such file or directory
Sep 17, 2018 2:57:38 PM org.apache.http.impl.execchain.RetryExec execute
INFO: Retrying request to {}-&gt;unix://localhost:80
Sep 17, 2018 2:57:38 PM org.apache.http.impl.execchain.RetryExec execute
INFO: Retrying request to {}-&gt;unix://localhost:80
Sep 17, 2018 2:57:38 PM org.apache.http.impl.execchain.RetryExec execute
INFO: I/O exception (java.io.IOException) caught when processing request to {}-&gt;unix://localhost:80: No such file or directory
Sep 17, 2018 2:57:38 PM org.apache.http.impl.execchain.RetryExec execute
INFO: Retrying request to {}-&gt;unix://localhost:80
Sep 17, 2018 2:57:38 PM org.apache.http.impl.execchain.RetryExec execute
INFO: I/O exception (java.io.IOException) caught when processing request to {}-&gt;unix://localhost:80: No such file or directory
Sep 17, 2018 2:57:38 PM org.apache.http.impl.execchain.RetryExec execute
INFO: I/O exception (java.io.IOException) caught when processing request to {}-&gt;unix://localhost:80: No such file or directory
Sep 17, 2018 2:57:38 PM org.apache.http.impl.execchain.RetryExec execute
INFO: Retrying request to {}-&gt;unix://localhost:80
Sep 17, 2018 2:57:38 PM org.apache.http.impl.execchain.RetryExec execute
INFO: Retrying request to {}-&gt;unix://localhost:80
Sep 17, 2018 2:57:38 PM org.apache.http.impl.execchain.RetryExec execute
INFO: I/O exception (java.io.IOException) caught when processing request to {}-&gt;unix://localhost:80: No such file or directory
Sep 17, 2018 2:57:38 PM org.apache.http.impl.execchain.RetryExec execute
INFO: Retrying request to {}-&gt;unix://localhost:80
Sep 17, 2018 2:57:38 PM org.apache.http.impl.execchain.RetryExec execute
INFO: I/O exception (java.io.IOException) caught when processing request to {}-&gt;unix://localhost:80: No such file or directory
Sep 17, 2018 2:57:38 PM org.apache.http.impl.execchain.RetryExec execute
INFO: Retrying request to {}-&gt;unix://localhost:80
Sep 17, 2018 2:57:38 PM org.apache.http.impl.execchain.RetryExec execute
INFO: I/O exception (java.io.IOException) caught when processing request to {}-&gt;unix://localhost:80: No such file or directory
Sep 17, 2018 2:57:38 PM org.apache.http.impl.execchain.RetryExec execute
INFO: Retrying request to {}-&gt;unix://localhost:80
Sep 17, 2018 2:57:38 PM org.apache.http.impl.execchain.RetryExec execute
INFO: I/O exception (java.io.IOException) caught when processing request to {}-&gt;unix://localhost:80: No such file or directory
Sep 17, 2018 2:57:38 PM org.apache.http.impl.execchain.RetryExec execute
INFO: Retrying request to {}-&gt;unix://localhost:80
Sep 17, 2018 2:57:38 PM org.apache.http.impl.execchain.RetryExec execute
INFO: I/O exception (java.io.IOException) caught when processing request to {}-&gt;unix://localhost:80: No such file or directory
Sep 17, 2018 2:57:38 PM org.apache.http.impl.execchain.RetryExec execute
INFO: Retrying request to {}-&gt;unix://localhost:80
Sep 17, 2018 2:57:38 PM org.apache.http.impl.execchain.RetryExec execute
INFO: I/O exception (java.io.IOException) caught when processing request to {}-&gt;unix://localhost:80: No such file or directory
Sep 17, 2018 2:57:38 PM org.apache.http.impl.execchain.RetryExec execute
INFO: Retrying request to {}-&gt;unix://localhost:80
Sep 17, 2018 2:57:38 PM org.apache.http.impl.execchain.RetryExec execute
INFO: I/O exception (java.io.IOException) caught when processing request to {}-&gt;unix://localhost:80: No such file or directory
Sep 17, 2018 2:57:38 PM org.apache.http.impl.execchain.RetryExec execute
INFO: I/O exception (java.io.IOException) caught when processing request to {}-&gt;unix://localhost:80: No such file or directory
Sep 17, 2018 2:57:38 PM org.apache.http.impl.execchain.RetryExec execute
INFO: Retrying request to {}-&gt;unix://localhost:80
Sep 17, 2018 2:57:38 PM org.apache.http.impl.execchain.RetryExec execute
INFO: Retrying request to {}-&gt;unix://localhost:80
Sep 17, 2018 2:57:38 PM org.apache.http.impl.execchain.RetryExec execute
INFO: I/O exception (java.io.IOException) caught when processing request to {}-&gt;unix://localhost:80: No such file or directory
Sep 17, 2018 2:57:38 PM org.apache.http.impl.execchain.RetryExec execute
INFO: I/O exception (java.io.IOException) caught when processing request to {}-&gt;unix://localhost:80: No such file or directory
Sep 17, 2018 2:57:38 PM org.apache.http.impl.execchain.RetryExec execute
INFO: Retrying request to {}-&gt;unix://localhost:80
Sep 17, 2018 2:57:38 PM org.apache.http.impl.execchain.RetryExec execute
INFO: Retrying request to {}-&gt;unix://localhost:80
Sep 17, 2018 2:57:38 PM org.apache.http.impl.execchain.RetryExec execute
INFO: I/O exception (java.io.IOException) caught when processing request to {}-&gt;unix://localhost:80: No such file or directory
Sep 17, 2018 2:57:38 PM org.apache.http.impl.execchain.RetryExec execute
INFO: Retrying request to {}-&gt;unix://localhost:80
Sep 17, 2018 2:57:38 PM org.apache.http.impl.execchain.RetryExec execute
INFO: I/O exception (java.io.IOException) caught when processing request to {}-&gt;unix://localhost:80: No such file or directory
Sep 17, 2018 2:57:38 PM org.apache.http.impl.execchain.RetryExec execute
INFO: Retrying request to {}-&gt;unix://localhost:80
Sep 17, 2018 2:57:38 PM org.apache.http.impl.execchain.RetryExec execute
INFO: I/O exception (java.io.IOException) caught when processing request to {}-&gt;unix://localhost:80: No such file or directory
Sep 17, 2018 2:57:38 PM org.apache.http.impl.execchain.RetryExec execute
INFO: Retrying request to {}-&gt;unix://localhost:80
Sep 17, 2018 2:57:38 PM org.apache.http.impl.execchain.RetryExec execute
INFO: I/O exception (java.io.IOException) caught when processing request to {}-&gt;unix://localhost:80: No such file or directory
Sep 17, 2018 2:57:38 PM org.apache.http.impl.execchain.RetryExec execute
INFO: Retrying request to {}-&gt;unix://localhost:80
Sep 17, 2018 2:57:38 PM org.apache.http.impl.execchain.RetryExec execute
INFO: I/O exception (java.io.IOException) caught when processing request to {}-&gt;unix://localhost:80: No such file or directory
Sep 17, 2018 2:57:38 PM org.apache.http.impl.execchain.RetryExec execute
INFO: Retrying request to {}-&gt;unix://localhost:80
Sep 17, 2018 2:57:38 PM org.apache.http.impl.execchain.RetryExec execute
INFO: I/O exception (java.io.IOException) caught when processing request to {}-&gt;unix://localhost:80: No such file or directory
Sep 17, 2018 2:57:38 PM org.apache.http.impl.execchain.RetryExec execute
INFO: Retrying request to {}-&gt;unix://localhost:80
Sep 17, 2018 2:57:38 PM org.apache.http.impl.execchain.RetryExec execute
INFO: I/O exception (java.io.IOException) caught when processing request to {}-&gt;unix://localhost:80: No such file or directory
Sep 17, 2018 2:57:38 PM org.apache.http.impl.execchain.RetryExec execute
INFO: Retrying request to {}-&gt;unix://localhost:80
Sep 17, 2018 2:57:38 PM org.apache.http.impl.execchain.RetryExec execute
INFO: I/O exception (java.io.IOException) caught when processing request to {}-&gt;unix://localhost:80: No such file or directory
Sep 17, 2018 2:57:38 PM org.apache.http.impl.execchain.RetryExec execute
INFO: Retrying request to {}-&gt;unix://localhost:80
Sep 17, 2018 2:57:38 PM org.apache.http.impl.execchain.RetryExec execute
INFO: I/O exception (java.io.IOException) caught when processing request to {}-&gt;unix://localhost:80: No such file or directory
Sep 17, 2018 2:57:38 PM org.apache.http.impl.execchain.RetryExec execute
INFO: Retrying request to {}-&gt;unix://localhost:80
Sep 17, 2018 2:57:38 PM org.apache.http.impl.execchain.RetryExec execute
INFO: I/O exception (java.io.IOException) caught when processing request to {}-&gt;unix://localhost:80: No such file or directory
Sep 17, 2018 2:57:38 PM org.apache.http.impl.execchain.RetryExec execute
INFO: Retrying request to {}-&gt;unix://localhost:80
Sep 17, 2018 2:57:38 PM org.apache.http.impl.execchain.RetryExec execute
INFO: I/O exception (java.io.IOException) caught when processing request to {}-&gt;unix://localhost:80: No such file or directory
Sep 17, 2018 2:57:38 PM org.apache.http.impl.execchain.RetryExec execute
INFO: Retrying request to {}-&gt;unix://localhost:80
Sep 17, 2018 2:57:38 PM org.apache.http.impl.execchain.RetryExec execute
INFO: I/O exception (java.io.IOException) caught when processing request to {}-&gt;unix://localhost:80: No such file or directory
Sep 17, 2018 2:57:38 PM org.apache.http.impl.execchain.RetryExec execute
INFO: Retrying request to {}-&gt;unix://localhost:80
Sep 17, 2018 2:57:38 PM org.apache.http.impl.execchain.RetryExec execute
INFO: I/O exception (java.io.IOException) caught when processing request to {}-&gt;unix://localhost:80: No such file or directory
Sep 17, 2018 2:57:38 PM org.apache.http.impl.execchain.RetryExec execute
INFO: Retrying request to {}-&gt;unix://localhost:80
Sep 17, 2018 2:57:38 PM org.apache.http.impl.execchain.RetryExec execute
INFO: I/O exception (java.io.IOException) caught when processing request to {}-&gt;unix://localhost:80: No such file or directory
Sep 17, 2018 2:57:38 PM org.apache.http.impl.execchain.RetryExec execute
INFO: Retrying request to {}-&gt;unix://localhost:80
Sep 17, 2018 2:57:38 PM org.apache.http.impl.execchain.RetryExec execute
INFO: I/O exception (java.io.IOException) caught when processing request to {}-&gt;unix://localhost:80: No such file or directory
Sep 17, 2018 2:57:38 PM org.apache.http.impl.execchain.RetryExec execute
INFO: Retrying request to {}-&gt;unix://localhost:80
Sep 17, 2018 2:57:38 PM org.apache.http.impl.execchain.RetryExec execute
INFO: I/O exception (java.io.IOException) caught when processing request to {}-&gt;unix://localhost:80: No such file or directory
Sep 17, 2018 2:57:38 PM org.apache.http.impl.execchain.RetryExec execute
INFO: Retrying request to {}-&gt;unix://localhost:80
Sep 17, 2018 2:57:38 PM org.apache.http.impl.execchain.RetryExec execute
INFO: I/O exception (java.io.IOException) caught when processing request to {}-&gt;unix://localhost:80: No such file or directory
Sep 17, 2018 2:57:38 PM org.apache.http.impl.execchain.RetryExec execute
INFO: I/O exception (java.io.IOException) caught when processing request to {}-&gt;unix://localhost:80: No such file or directory
Sep 17, 2018 2:57:38 PM org.apache.http.impl.execchain.RetryExec execute
INFO: Retrying request to {}-&gt;unix://localhost:80
Sep 17, 2018 2:57:38 PM org.apache.http.impl.execchain.RetryExec execute
INFO: Retrying request to {}-&gt;unix://localhost:80
Sep 17, 2018 2:57:38 PM org.apache.http.impl.execchain.RetryExec execute
INFO: I/O exception (java.io.IOException) caught when processing request to {}-&gt;unix://localhost:80: No such file or directory
Sep 17, 2018 2:57:38 PM org.apache.http.impl.execchain.RetryExec execute
INFO: I/O exception (java.io.IOException) caught when processing request to {}-&gt;unix://localhost:80: No such file or directory
Sep 17, 2018 2:57:38 PM org.apache.http.impl.execchain.RetryExec execute
INFO: Retrying request to {}-&gt;unix://localhost:80
Sep 17, 2018 2:57:38 PM org.apache.http.impl.execchain.RetryExec execute
INFO: Retrying request to {}-&gt;unix://localhost:80
Sep 17, 2018 2:57:38 PM org.apache.http.impl.execchain.RetryExec execute
INFO: I/O exception (java.io.IOException) caught when processing request to {}-&gt;unix://localhost:80: No such file or directory
Sep 17, 2018 2:57:38 PM org.apache.http.impl.execchain.RetryExec execute
INFO: Retrying request to {}-&gt;unix://localhost:80
Sep 17, 2018 2:57:38 PM org.apache.http.impl.execchain.RetryExec execute
INFO: I/O exception (java.io.IOException) caught when processing request to {}-&gt;unix://localhost:80: No such file or directory
Sep 17, 2018 2:57:38 PM org.apache.http.impl.execchain.RetryExec execute
INFO: Retrying request to {}-&gt;unix://localhost:80
</system-err>
  </testcase>
</testsuite>