<?xml version="1.0" encoding="UTF-8"?>
<testsuite xmlns:xsi="http://www.w3.org/2001/XMLSchema-instance" xsi:noNamespaceSchemaLocation="https://maven.apache.org/surefire/maven-surefire-plugin/xsd/surefire-test-report.xsd" name="ru.javawebinar.topjava.web.InMemoryAdminRestControllerSpringTest" time="0.374" tests="2" errors="2" skipped="0" failures="0">
  <properties>
    <property name="awt.toolkit" value="sun.awt.X11.XToolkit"/>
    <property name="file.encoding.pkg" value="sun.io"/>
    <property name="java.specification.version" value="1.8"/>
    <property name="sun.cpu.isalist" value=""/>
    <property name="sun.jnu.encoding" value="UTF-8"/>
    <property name="java.class.path" value="/root/workspace/EugeniyGlushkov/topjava/387495883/target/test-classes:/root/workspace/EugeniyGlushkov/topjava/387495883/target/classes:/root/./workspace/EugeniyGlushkov/topjava/387495883/.m2/org/slf4j/slf4j-api/1.7.25/slf4j-api-1.7.25.jar:/root/./workspace/EugeniyGlushkov/topjava/387495883/.m2/org/slf4j/jul-to-slf4j/1.7.25/jul-to-slf4j-1.7.25.jar:/root/./workspace/EugeniyGlushkov/topjava/387495883/.m2/ch/qos/logback/logback-classic/1.2.3/logback-classic-1.2.3.jar:/root/./workspace/EugeniyGlushkov/topjava/387495883/.m2/ch/qos/logback/logback-core/1.2.3/logback-core-1.2.3.jar:/root/./workspace/EugeniyGlushkov/topjava/387495883/.m2/org/springframework/spring-context-support/5.0.4.RELEASE/spring-context-support-5.0.4.RELEASE.jar:/root/./workspace/EugeniyGlushkov/topjava/387495883/.m2/org/springframework/spring-beans/5.0.4.RELEASE/spring-beans-5.0.4.RELEASE.jar:/root/./workspace/EugeniyGlushkov/topjava/387495883/.m2/org/springframework/spring-context/5.0.4.RELEASE/spring-context-5.0.4.RELEASE.jar:/root/./workspace/EugeniyGlushkov/topjava/387495883/.m2/org/springframework/spring-expression/5.0.4.RELEASE/spring-expression-5.0.4.RELEASE.jar:/root/./workspace/EugeniyGlushkov/topjava/387495883/.m2/org/springframework/spring-core/5.0.4.RELEASE/spring-core-5.0.4.RELEASE.jar:/root/./workspace/EugeniyGlushkov/topjava/387495883/.m2/org/springframework/spring-jcl/5.0.4.RELEASE/spring-jcl-5.0.4.RELEASE.jar:/root/./workspace/EugeniyGlushkov/topjava/387495883/.m2/org/springframework/data/spring-data-jpa/2.0.5.RELEASE/spring-data-jpa-2.0.5.RELEASE.jar:/root/./workspace/EugeniyGlushkov/topjava/387495883/.m2/org/springframework/data/spring-data-commons/2.0.5.RELEASE/spring-data-commons-2.0.5.RELEASE.jar:/root/./workspace/EugeniyGlushkov/topjava/387495883/.m2/org/springframework/spring-orm/5.0.4.RELEASE/spring-orm-5.0.4.RELEASE.jar:/root/./workspace/EugeniyGlushkov/topjava/387495883/.m2/org/springframework/spring-jdbc/5.0.4.RELEASE/spring-jdbc-5.0.4.RELEASE.jar:/root/./workspace/EugeniyGlushkov/topjava/387495883/.m2/org/springframework/spring-aop/5.0.4.RELEASE/spring-aop-5.0.4.RELEASE.jar:/root/./workspace/EugeniyGlushkov/topjava/387495883/.m2/org/springframework/spring-tx/5.0.4.RELEASE/spring-tx-5.0.4.RELEASE.jar:/root/./workspace/EugeniyGlushkov/topjava/387495883/.m2/org/aspectj/aspectjrt/1.8.12/aspectjrt-1.8.12.jar:/root/./workspace/EugeniyGlushkov/topjava/387495883/.m2/org/hibernate/hibernate-core/5.2.16.Final/hibernate-core-5.2.16.Final.jar:/root/./workspace/EugeniyGlushkov/topjava/387495883/.m2/org/jboss/logging/jboss-logging/3.3.1.Final/jboss-logging-3.3.1.Final.jar:/root/./workspace/EugeniyGlushkov/topjava/387495883/.m2/org/hibernate/javax/persistence/hibernate-jpa-2.1-api/1.0.0.Final/hibernate-jpa-2.1-api-1.0.0.Final.jar:/root/./workspace/EugeniyGlushkov/topjava/387495883/.m2/org/javassist/javassist/3.22.0-GA/javassist-3.22.0-GA.jar:/root/./workspace/EugeniyGlushkov/topjava/387495883/.m2/antlr/antlr/2.7.7/antlr-2.7.7.jar:/root/./workspace/EugeniyGlushkov/topjava/387495883/.m2/org/jboss/spec/javax/transaction/jboss-transaction-api_1.2_spec/1.0.1.Final/jboss-transaction-api_1.2_spec-1.0.1.Final.jar:/root/./workspace/EugeniyGlushkov/topjava/387495883/.m2/org/jboss/jandex/2.0.3.Final/jandex-2.0.3.Final.jar:/root/./workspace/EugeniyGlushkov/topjava/387495883/.m2/com/fasterxml/classmate/1.3.0/classmate-1.3.0.jar:/root/./workspace/EugeniyGlushkov/topjava/387495883/.m2/dom4j/dom4j/1.6.1/dom4j-1.6.1.jar:/root/./workspace/EugeniyGlushkov/topjava/387495883/.m2/org/hibernate/common/hibernate-commons-annotations/5.0.1.Final/hibernate-commons-annotations-5.0.1.Final.jar:/root/./workspace/EugeniyGlushkov/topjava/387495883/.m2/org/hibernate/validator/hibernate-validator/6.0.8.Final/hibernate-validator-6.0.8.Final.jar:/root/./workspace/EugeniyGlushkov/topjava/387495883/.m2/javax/validation/validation-api/2.0.1.Final/validation-api-2.0.1.Final.jar:/root/./workspace/EugeniyGlushkov/topjava/387495883/.m2/org/hibernate/hibernate-jcache/5.2.16.Final/hibernate-jcache-5.2.16.Final.jar:/root/./workspace/EugeniyGlushkov/topjava/387495883/.m2/org/glassfish/javax.el/3.0.1-b10/javax.el-3.0.1-b10.jar:/root/./workspace/EugeniyGlushkov/topjava/387495883/.m2/javax/cache/cache-api/1.0.0/cache-api-1.0.0.jar:/root/./workspace/EugeniyGlushkov/topjava/387495883/.m2/org/ehcache/ehcache/3.5.2/ehcache-3.5.2.jar:/root/./workspace/EugeniyGlushkov/topjava/387495883/.m2/org/apache/tomcat/tomcat-servlet-api/8.5.29/tomcat-servlet-api-8.5.29.jar:/root/./workspace/EugeniyGlushkov/topjava/387495883/.m2/javax/servlet/jstl/1.2/jstl-1.2.jar:/root/./workspace/EugeniyGlushkov/topjava/387495883/.m2/org/springframework/spring-web/5.0.4.RELEASE/spring-web-5.0.4.RELEASE.jar:/root/./workspace/EugeniyGlushkov/topjava/387495883/.m2/junit/junit/4.12/junit-4.12.jar:/root/./workspace/EugeniyGlushkov/topjava/387495883/.m2/org/hamcrest/hamcrest-core/1.3/hamcrest-core-1.3.jar:/root/./workspace/EugeniyGlushkov/topjava/387495883/.m2/org/springframework/spring-test/5.0.4.RELEASE/spring-test-5.0.4.RELEASE.jar:/root/./workspace/EugeniyGlushkov/topjava/387495883/.m2/org/assertj/assertj-core/3.9.1/assertj-core-3.9.1.jar:/root/./workspace/EugeniyGlushkov/topjava/387495883/.m2/org/postgresql/postgresql/42.2.1/postgresql-42.2.1.jar:/root/./workspace/EugeniyGlushkov/topjava/387495883/.m2/org/apache/tomcat/tomcat-jdbc/8.5.29/tomcat-jdbc-8.5.29.jar:/root/./workspace/EugeniyGlushkov/topjava/387495883/.m2/org/apache/tomcat/tomcat-juli/8.5.29/tomcat-juli-8.5.29.jar:"/>
    <property name="java.vm.vendor" value="Oracle Corporation"/>
    <property name="skip.bower" value="true"/>
    <property name="sun.arch.data.model" value="64"/>
    <property name="java.vendor.url" value="http://java.oracle.com/"/>
    <property name="user.timezone" value=""/>
    <property name="java.vm.specification.version" value="1.8"/>
    <property name="os.name" value="Linux"/>
    <property name="rat.skip" value="true"/>
    <property name="gpg.skip" value="true"/>
    <property name="sun.java.launcher" value="SUN_STANDARD"/>
    <property name="sun.boot.library.path" value="/usr/lib/jvm/java-8-openjdk-amd64/jre/lib/amd64"/>
    <property name="skip.gulp" value="true"/>
    <property name="sun.java.command" value="/root/workspace/EugeniyGlushkov/topjava/387495883/target/surefire/surefirebooter5349868873109361383.jar /root/workspace/EugeniyGlushkov/topjava/387495883/target/surefire 2018-06-03T21-59-27_423-jvmRun1 surefire3288266919618676335tmp surefire_01877616684375720622tmp"/>
    <property name="dependency-check.skip" value="true"/>
    <property name="surefire.test.class.path" value="/root/workspace/EugeniyGlushkov/topjava/387495883/target/test-classes:/root/workspace/EugeniyGlushkov/topjava/387495883/target/classes:/root/./workspace/EugeniyGlushkov/topjava/387495883/.m2/org/slf4j/slf4j-api/1.7.25/slf4j-api-1.7.25.jar:/root/./workspace/EugeniyGlushkov/topjava/387495883/.m2/org/slf4j/jul-to-slf4j/1.7.25/jul-to-slf4j-1.7.25.jar:/root/./workspace/EugeniyGlushkov/topjava/387495883/.m2/ch/qos/logback/logback-classic/1.2.3/logback-classic-1.2.3.jar:/root/./workspace/EugeniyGlushkov/topjava/387495883/.m2/ch/qos/logback/logback-core/1.2.3/logback-core-1.2.3.jar:/root/./workspace/EugeniyGlushkov/topjava/387495883/.m2/org/springframework/spring-context-support/5.0.4.RELEASE/spring-context-support-5.0.4.RELEASE.jar:/root/./workspace/EugeniyGlushkov/topjava/387495883/.m2/org/springframework/spring-beans/5.0.4.RELEASE/spring-beans-5.0.4.RELEASE.jar:/root/./workspace/EugeniyGlushkov/topjava/387495883/.m2/org/springframework/spring-context/5.0.4.RELEASE/spring-context-5.0.4.RELEASE.jar:/root/./workspace/EugeniyGlushkov/topjava/387495883/.m2/org/springframework/spring-expression/5.0.4.RELEASE/spring-expression-5.0.4.RELEASE.jar:/root/./workspace/EugeniyGlushkov/topjava/387495883/.m2/org/springframework/spring-core/5.0.4.RELEASE/spring-core-5.0.4.RELEASE.jar:/root/./workspace/EugeniyGlushkov/topjava/387495883/.m2/org/springframework/spring-jcl/5.0.4.RELEASE/spring-jcl-5.0.4.RELEASE.jar:/root/./workspace/EugeniyGlushkov/topjava/387495883/.m2/org/springframework/data/spring-data-jpa/2.0.5.RELEASE/spring-data-jpa-2.0.5.RELEASE.jar:/root/./workspace/EugeniyGlushkov/topjava/387495883/.m2/org/springframework/data/spring-data-commons/2.0.5.RELEASE/spring-data-commons-2.0.5.RELEASE.jar:/root/./workspace/EugeniyGlushkov/topjava/387495883/.m2/org/springframework/spring-orm/5.0.4.RELEASE/spring-orm-5.0.4.RELEASE.jar:/root/./workspace/EugeniyGlushkov/topjava/387495883/.m2/org/springframework/spring-jdbc/5.0.4.RELEASE/spring-jdbc-5.0.4.RELEASE.jar:/root/./workspace/EugeniyGlushkov/topjava/387495883/.m2/org/springframework/spring-aop/5.0.4.RELEASE/spring-aop-5.0.4.RELEASE.jar:/root/./workspace/EugeniyGlushkov/topjava/387495883/.m2/org/springframework/spring-tx/5.0.4.RELEASE/spring-tx-5.0.4.RELEASE.jar:/root/./workspace/EugeniyGlushkov/topjava/387495883/.m2/org/aspectj/aspectjrt/1.8.12/aspectjrt-1.8.12.jar:/root/./workspace/EugeniyGlushkov/topjava/387495883/.m2/org/hibernate/hibernate-core/5.2.16.Final/hibernate-core-5.2.16.Final.jar:/root/./workspace/EugeniyGlushkov/topjava/387495883/.m2/org/jboss/logging/jboss-logging/3.3.1.Final/jboss-logging-3.3.1.Final.jar:/root/./workspace/EugeniyGlushkov/topjava/387495883/.m2/org/hibernate/javax/persistence/hibernate-jpa-2.1-api/1.0.0.Final/hibernate-jpa-2.1-api-1.0.0.Final.jar:/root/./workspace/EugeniyGlushkov/topjava/387495883/.m2/org/javassist/javassist/3.22.0-GA/javassist-3.22.0-GA.jar:/root/./workspace/EugeniyGlushkov/topjava/387495883/.m2/antlr/antlr/2.7.7/antlr-2.7.7.jar:/root/./workspace/EugeniyGlushkov/topjava/387495883/.m2/org/jboss/spec/javax/transaction/jboss-transaction-api_1.2_spec/1.0.1.Final/jboss-transaction-api_1.2_spec-1.0.1.Final.jar:/root/./workspace/EugeniyGlushkov/topjava/387495883/.m2/org/jboss/jandex/2.0.3.Final/jandex-2.0.3.Final.jar:/root/./workspace/EugeniyGlushkov/topjava/387495883/.m2/com/fasterxml/classmate/1.3.0/classmate-1.3.0.jar:/root/./workspace/EugeniyGlushkov/topjava/387495883/.m2/dom4j/dom4j/1.6.1/dom4j-1.6.1.jar:/root/./workspace/EugeniyGlushkov/topjava/387495883/.m2/org/hibernate/common/hibernate-commons-annotations/5.0.1.Final/hibernate-commons-annotations-5.0.1.Final.jar:/root/./workspace/EugeniyGlushkov/topjava/387495883/.m2/org/hibernate/validator/hibernate-validator/6.0.8.Final/hibernate-validator-6.0.8.Final.jar:/root/./workspace/EugeniyGlushkov/topjava/387495883/.m2/javax/validation/validation-api/2.0.1.Final/validation-api-2.0.1.Final.jar:/root/./workspace/EugeniyGlushkov/topjava/387495883/.m2/org/hibernate/hibernate-jcache/5.2.16.Final/hibernate-jcache-5.2.16.Final.jar:/root/./workspace/EugeniyGlushkov/topjava/387495883/.m2/org/glassfish/javax.el/3.0.1-b10/javax.el-3.0.1-b10.jar:/root/./workspace/EugeniyGlushkov/topjava/387495883/.m2/javax/cache/cache-api/1.0.0/cache-api-1.0.0.jar:/root/./workspace/EugeniyGlushkov/topjava/387495883/.m2/org/ehcache/ehcache/3.5.2/ehcache-3.5.2.jar:/root/./workspace/EugeniyGlushkov/topjava/387495883/.m2/org/apache/tomcat/tomcat-servlet-api/8.5.29/tomcat-servlet-api-8.5.29.jar:/root/./workspace/EugeniyGlushkov/topjava/387495883/.m2/javax/servlet/jstl/1.2/jstl-1.2.jar:/root/./workspace/EugeniyGlushkov/topjava/387495883/.m2/org/springframework/spring-web/5.0.4.RELEASE/spring-web-5.0.4.RELEASE.jar:/root/./workspace/EugeniyGlushkov/topjava/387495883/.m2/junit/junit/4.12/junit-4.12.jar:/root/./workspace/EugeniyGlushkov/topjava/387495883/.m2/org/hamcrest/hamcrest-core/1.3/hamcrest-core-1.3.jar:/root/./workspace/EugeniyGlushkov/topjava/387495883/.m2/org/springframework/spring-test/5.0.4.RELEASE/spring-test-5.0.4.RELEASE.jar:/root/./workspace/EugeniyGlushkov/topjava/387495883/.m2/org/assertj/assertj-core/3.9.1/assertj-core-3.9.1.jar:/root/./workspace/EugeniyGlushkov/topjava/387495883/.m2/org/postgresql/postgresql/42.2.1/postgresql-42.2.1.jar:/root/./workspace/EugeniyGlushkov/topjava/387495883/.m2/org/apache/tomcat/tomcat-jdbc/8.5.29/tomcat-jdbc-8.5.29.jar:/root/./workspace/EugeniyGlushkov/topjava/387495883/.m2/org/apache/tomcat/tomcat-juli/8.5.29/tomcat-juli-8.5.29.jar:"/>
    <property name="sun.cpu.endian" value="little"/>
    <property name="user.home" value="/root"/>
    <property name="user.language" value="en"/>
    <property name="java.specification.vendor" value="Oracle Corporation"/>
    <property name="java.home" value="/usr/lib/jvm/java-8-openjdk-amd64/jre"/>
    <property name="basedir" value="/root/workspace/EugeniyGlushkov/topjava/387495883"/>
    <property name="file.separator" value="/"/>
    <property name="checkstyle.skip" value="true"/>
    <property name="line.separator" value="&#10;"/>
    <property name="skip.npm" value="true"/>
    <property name="java.vm.specification.vendor" value="Oracle Corporation"/>
    <property name="java.specification.name" value="Java Platform API Specification"/>
    <property name="java.awt.graphicsenv" value="sun.awt.X11GraphicsEnvironment"/>
    <property name="skipITs" value="true"/>
    <property name="surefire.real.class.path" value="/root/workspace/EugeniyGlushkov/topjava/387495883/target/surefire/surefirebooter5349868873109361383.jar"/>
    <property name="cobertura.skip" value="true"/>
    <property name="sun.boot.class.path" value="/usr/lib/jvm/java-8-openjdk-amd64/jre/lib/resources.jar:/usr/lib/jvm/java-8-openjdk-amd64/jre/lib/rt.jar:/usr/lib/jvm/java-8-openjdk-amd64/jre/lib/sunrsasign.jar:/usr/lib/jvm/java-8-openjdk-amd64/jre/lib/jsse.jar:/usr/lib/jvm/java-8-openjdk-amd64/jre/lib/jce.jar:/usr/lib/jvm/java-8-openjdk-amd64/jre/lib/charsets.jar:/usr/lib/jvm/java-8-openjdk-amd64/jre/lib/jfr.jar:/usr/lib/jvm/java-8-openjdk-amd64/jre/classes"/>
    <property name="sun.management.compiler" value="HotSpot 64-Bit Tiered Compilers"/>
    <property name="java.runtime.version" value="1.8.0_121-8u121-b13-1~bpo8+1-b13"/>
    <property name="user.name" value="root"/>
    <property name="findbugs.skip" value="true"/>
    <property name="path.separator" value=":"/>
    <property name="os.version" value="3.10.0-862.3.2.el7.x86_64"/>
    <property name="java.endorsed.dirs" value="/usr/lib/jvm/java-8-openjdk-amd64/jre/lib/endorsed"/>
    <property name="java.runtime.name" value="OpenJDK Runtime Environment"/>
    <property name="file.encoding" value="UTF-8"/>
    <property name="java.vm.name" value="OpenJDK 64-Bit Server VM"/>
    <property name="localRepository" value="/root/./workspace/EugeniyGlushkov/topjava/387495883/.m2"/>
    <property name="java.vendor.url.bug" value="http://bugreport.sun.com/bugreport/"/>
    <property name="java.io.tmpdir" value="/tmp"/>
    <property name="java.version" value="1.8.0_121"/>
    <property name="user.dir" value="/root/workspace/EugeniyGlushkov/topjava/387495883"/>
    <property name="os.arch" value="amd64"/>
    <property name="license.skip" value="true"/>
    <property name="java.vm.specification.name" value="Java Virtual Machine Specification"/>
    <property name="java.awt.printerjob" value="sun.print.PSPrinterJob"/>
    <property name="sun.os.patch.level" value="unknown"/>
    <property name="java.library.path" value="/usr/java/packages/lib/amd64:/usr/lib/x86_64-linux-gnu/jni:/lib/x86_64-linux-gnu:/usr/lib/x86_64-linux-gnu:/usr/lib/jni:/lib:/usr/lib"/>
    <property name="java.vm.info" value="mixed mode"/>
    <property name="java.vendor" value="Oracle Corporation"/>
    <property name="java.vm.version" value="25.121-b13"/>
    <property name="java.ext.dirs" value="/usr/lib/jvm/java-8-openjdk-amd64/jre/lib/ext:/usr/java/packages/lib/ext"/>
    <property name="sun.io.unicode.encoding" value="UnicodeLittle"/>
    <property name="maven.repo.local" value="/root/./workspace/EugeniyGlushkov/topjava/387495883/.m2"/>
    <property name="enforcer.skip" value="true"/>
    <property name="java.class.version" value="52.0"/>
  </properties>
  <testcase name="testDeleteNotFound" classname="ru.javawebinar.topjava.web.InMemoryAdminRestControllerSpringTest" time="0.001">
    <error message="Failed to load ApplicationContext" type="java.lang.IllegalStateException">java.lang.IllegalStateException: Failed to load ApplicationContext
Caused by: org.springframework.beans.factory.BeanCreationException: Error creating bean with name 'org.springframework.jdbc.datasource.init.DataSourceInitializer#0': Cannot resolve reference to bean 'dataSource' while setting bean property 'dataSource'; nested exception is org.springframework.beans.factory.NoSuchBeanDefinitionException: No bean named 'dataSource' available
Caused by: org.springframework.beans.factory.NoSuchBeanDefinitionException: No bean named 'dataSource' available
</error>
    <system-out><![CDATA[21:59:30.645 &amp#27;[34mINFO &amp#27;[0;39m &amp#27;[36mo.s.t.c.support.AbstractTestContextBootstrapper.getDefaultTestExecutionListenerClassNames:248&amp#27;[0;39m - Loaded default TestExecutionListener class names from location [META-INF/spring.factories]: [org.springframework.test.context.web.ServletTestExecutionListener, org.springframework.test.context.support.DirtiesContextBeforeModesTestExecutionListener, org.springframework.test.context.support.DependencyInjectionTestExecutionListener, org.springframework.test.context.support.DirtiesContextTestExecutionListener, org.springframework.test.context.transaction.TransactionalTestExecutionListener, org.springframework.test.context.jdbc.SqlScriptsTestExecutionListener]
21:59:30.660 &amp#27;[34mINFO &amp#27;[0;39m &amp#27;[36mo.s.t.c.support.AbstractTestContextBootstrapper.getTestExecutionListeners:177&amp#27;[0;39m - Using TestExecutionListeners: [org.springframework.test.context.web.ServletTestExecutionListener@7e7be63f, org.springframework.test.context.support.DirtiesContextBeforeModesTestExecutionListener@6cd28fa7, org.springframework.test.context.support.DependencyInjectionTestExecutionListener@614ca7df, org.springframework.test.context.support.DirtiesContextTestExecutionListener@4738a206, org.springframework.test.context.transaction.TransactionalTestExecutionListener@66d3eec0, org.springframework.test.context.jdbc.SqlScriptsTestExecutionListener@1e04fa0a]
21:59:30.669 &amp#27;[34mINFO &amp#27;[0;39m &amp#27;[36mo.s.beans.factory.xml.XmlBeanDefinitionReader.loadBeanDefinitions:316&amp#27;[0;39m - Loading XML bean definitions from class path resource [spring/springtest-app.xml]
21:59:30.754 &amp#27;[34mINFO &amp#27;[0;39m &amp#27;[36mo.s.beans.factory.xml.XmlBeanDefinitionReader.loadBeanDefinitions:316&amp#27;[0;39m - Loading XML bean definitions from class path resource [spring/spring-db.xml]
21:59:30.799 &amp#27;[34mINFO &amp#27;[0;39m &amp#27;[36mo.s.b.f.xml.DefaultBeanDefinitionDocumentReader.doRegisterBeanDefinitions:139&amp#27;[0;39m - Skipped XML bean definition file due to specified profiles [hsqldb] not matching: class path resource [spring/spring-db.xml]
21:59:30.800 &amp#27;[34mINFO &amp#27;[0;39m &amp#27;[36mo.s.b.f.xml.DefaultBeanDefinitionDocumentReader.doRegisterBeanDefinitions:139&amp#27;[0;39m - Skipped XML bean definition file due to specified profiles [postgres] not matching: class path resource [spring/spring-db.xml]
21:59:30.800 &amp#27;[34mINFO &amp#27;[0;39m &amp#27;[36mo.s.b.f.xml.DefaultBeanDefinitionDocumentReader.doRegisterBeanDefinitions:139&amp#27;[0;39m - Skipped XML bean definition file due to specified profiles [jdbc] not matching: class path resource [spring/spring-db.xml]
21:59:30.801 &amp#27;[34mINFO &amp#27;[0;39m &amp#27;[36mo.s.b.f.xml.DefaultBeanDefinitionDocumentReader.doRegisterBeanDefinitions:139&amp#27;[0;39m - Skipped XML bean definition file due to specified profiles [jpa,datajpa] not matching: class path resource [spring/spring-db.xml]
21:59:30.801 &amp#27;[34mINFO &amp#27;[0;39m &amp#27;[36mo.s.b.f.xml.DefaultBeanDefinitionDocumentReader.doRegisterBeanDefinitions:139&amp#27;[0;39m - Skipped XML bean definition file due to specified profiles [jpa] not matching: class path resource [spring/spring-db.xml]
21:59:30.802 &amp#27;[34mINFO &amp#27;[0;39m &amp#27;[36mo.s.b.f.xml.DefaultBeanDefinitionDocumentReader.doRegisterBeanDefinitions:139&amp#27;[0;39m - Skipped XML bean definition file due to specified profiles [datajpa] not matching: class path resource [spring/spring-db.xml]
21:59:30.802 &amp#27;[34mINFO &amp#27;[0;39m &amp#27;[36mo.s.context.support.AbstractApplicationContext.prepareRefresh:589&amp#27;[0;39m - Refreshing org.springframework.context.support.GenericApplicationContext@d5b810e: startup date [Sun Jun 03 21:59:30 CEST 2018]; root of context hierarchy
21:59:30.837 &amp#27;[34mINFO &amp#27;[0;39m &amp#27;[36mr.j.t.repository.mock.InMemoryMealRepositoryImpl.postConstruct:42&amp#27;[0;39m - +++ PostConstruct
21:59:30.856 &amp#27;[31mWARN &amp#27;[0;39m &amp#27;[36mo.s.context.support.AbstractApplicationContext.refresh:557&amp#27;[0;39m - Exception encountered during context initialization - cancelling refresh attempt: org.springframework.beans.factory.BeanCreationException: Error creating bean with name 'org.springframework.jdbc.datasource.init.DataSourceInitializer#0': Cannot resolve reference to bean 'dataSource' while setting bean property 'dataSource'; nested exception is org.springframework.beans.factory.NoSuchBeanDefinitionException: No bean named 'dataSource' available
21:59:30.857 &amp#27;[34mINFO &amp#27;[0;39m &amp#27;[36mr.j.t.repository.mock.InMemoryMealRepositoryImpl.preDestroy:47&amp#27;[0;39m - +++ PreDestroy
21:59:30.860 &amp#27;[1;31mERROR&amp#27;[0;39m &amp#27;[36mo.springframework.test.context.TestContextManager.prepareTestInstance:246&amp#27;[0;39m - Caught exception while allowing TestExecutionListener [org.springframework.test.context.support.DependencyInjectionTestExecutionListener@614ca7df] to prepare test instance [ru.javawebinar.topjava.web.InMemoryAdminRestControllerSpringTest@5b1669c0]
java.lang.IllegalStateException: Failed to load ApplicationContext
	at org.springframework.test.context.cache.DefaultCacheAwareContextLoaderDelegate.loadContext(DefaultCacheAwareContextLoaderDelegate.java:125)
	at org.springframework.test.context.support.DefaultTestContext.getApplicationContext(DefaultTestContext.java:107)
	at org.springframework.test.context.support.DependencyInjectionTestExecutionListener.injectDependencies(DependencyInjectionTestExecutionListener.java:117)
	at org.springframework.test.context.support.DependencyInjectionTestExecutionListener.prepareTestInstance(DependencyInjectionTestExecutionListener.java:83)
	at org.springframework.test.context.TestContextManager.prepareTestInstance(TestContextManager.java:242)
	at org.springframework.test.context.junit4.SpringJUnit4ClassRunner.createTest(SpringJUnit4ClassRunner.java:227)
	at org.springframework.test.context.junit4.SpringJUnit4ClassRunner$1.runReflectiveCall(SpringJUnit4ClassRunner.java:289)
	at org.junit.internal.runners.model.ReflectiveCallable.run(ReflectiveCallable.java:12)
	at org.springframework.test.context.junit4.SpringJUnit4ClassRunner.methodBlock(SpringJUnit4ClassRunner.java:291)
	at org.springframework.test.context.junit4.SpringJUnit4ClassRunner.runChild(SpringJUnit4ClassRunner.java:246)
	at org.springframework.test.context.junit4.SpringJUnit4ClassRunner.runChild(SpringJUnit4ClassRunner.java:97)
	at org.junit.runners.ParentRunner$3.run(ParentRunner.java:290)
	at org.junit.runners.ParentRunner$1.schedule(ParentRunner.java:71)
	at org.junit.runners.ParentRunner.runChildren(ParentRunner.java:288)
	at org.junit.runners.ParentRunner.access$000(ParentRunner.java:58)
	at org.junit.runners.ParentRunner$2.evaluate(ParentRunner.java:268)
	at org.springframework.test.context.junit4.statements.RunBeforeTestClassCallbacks.evaluate(RunBeforeTestClassCallbacks.java:61)
	at org.springframework.test.context.junit4.statements.RunAfterTestClassCallbacks.evaluate(RunAfterTestClassCallbacks.java:70)
	at org.junit.runners.ParentRunner.run(ParentRunner.java:363)
	at org.springframework.test.context.junit4.SpringJUnit4ClassRunner.run(SpringJUnit4ClassRunner.java:190)
	at org.apache.maven.surefire.junit4.JUnit4Provider.execute(JUnit4Provider.java:365)
	at org.apache.maven.surefire.junit4.JUnit4Provider.executeWithRerun(JUnit4Provider.java:273)
	at org.apache.maven.surefire.junit4.JUnit4Provider.executeTestSet(JUnit4Provider.java:238)
	at org.apache.maven.surefire.junit4.JUnit4Provider.invoke(JUnit4Provider.java:159)
	at org.apache.maven.surefire.booter.ForkedBooter.invokeProviderInSameClassLoader(ForkedBooter.java:379)
	at org.apache.maven.surefire.booter.ForkedBooter.runSuitesInProcess(ForkedBooter.java:340)
	at org.apache.maven.surefire.booter.ForkedBooter.execute(ForkedBooter.java:125)
	at org.apache.maven.surefire.booter.ForkedBooter.main(ForkedBooter.java:413)
Caused by: org.springframework.beans.factory.BeanCreationException: Error creating bean with name 'org.springframework.jdbc.datasource.init.DataSourceInitializer#0': Cannot resolve reference to bean 'dataSource' while setting bean property 'dataSource'; nested exception is org.springframework.beans.factory.NoSuchBeanDefinitionException: No bean named 'dataSource' available
	at org.springframework.beans.factory.support.BeanDefinitionValueResolver.resolveReference(BeanDefinitionValueResolver.java:378)
	at org.springframework.beans.factory.support.BeanDefinitionValueResolver.resolveValueIfNecessary(BeanDefinitionValueResolver.java:110)
	at org.springframework.beans.factory.support.AbstractAutowireCapableBeanFactory.applyPropertyValues(AbstractAutowireCapableBeanFactory.java:1613)
	at org.springframework.beans.factory.support.AbstractAutowireCapableBeanFactory.populateBean(AbstractAutowireCapableBeanFactory.java:1357)
	at org.springframework.beans.factory.support.AbstractAutowireCapableBeanFactory.doCreateBean(AbstractAutowireCapableBeanFactory.java:582)
	at org.springframework.beans.factory.support.AbstractAutowireCapableBeanFactory.createBean(AbstractAutowireCapableBeanFactory.java:502)
	at org.springframework.beans.factory.support.AbstractBeanFactory.lambda$doGetBean$0(AbstractBeanFactory.java:312)
	at org.springframework.beans.factory.support.DefaultSingletonBeanRegistry.getSingleton(DefaultSingletonBeanRegistry.java:228)
	at org.springframework.beans.factory.support.AbstractBeanFactory.doGetBean(AbstractBeanFactory.java:310)
	at org.springframework.beans.factory.support.AbstractBeanFactory.getBean(AbstractBeanFactory.java:200)
	at org.springframework.beans.factory.support.DefaultListableBeanFactory.preInstantiateSingletons(DefaultListableBeanFactory.java:760)
	at org.springframework.context.support.AbstractApplicationContext.finishBeanFactoryInitialization(AbstractApplicationContext.java:868)
	at org.springframework.context.support.AbstractApplicationContext.refresh(AbstractApplicationContext.java:549)
	at org.springframework.test.context.support.AbstractGenericContextLoader.loadContext(AbstractGenericContextLoader.java:128)
	at org.springframework.test.context.support.AbstractGenericContextLoader.loadContext(AbstractGenericContextLoader.java:60)
	at org.springframework.test.context.support.AbstractDelegatingSmartContextLoader.delegateLoading(AbstractDelegatingSmartContextLoader.java:107)
	at org.springframework.test.context.support.AbstractDelegatingSmartContextLoader.loadContext(AbstractDelegatingSmartContextLoader.java:243)
	at org.springframework.test.context.cache.DefaultCacheAwareContextLoaderDelegate.loadContextInternal(DefaultCacheAwareContextLoaderDelegate.java:99)
	at org.springframework.test.context.cache.DefaultCacheAwareContextLoaderDelegate.loadContext(DefaultCacheAwareContextLoaderDelegate.java:117)
	... 27 common frames omitted
Caused by: org.springframework.beans.factory.NoSuchBeanDefinitionException: No bean named 'dataSource' available
	at org.springframework.beans.factory.support.DefaultListableBeanFactory.getBeanDefinition(DefaultListableBeanFactory.java:686)
	at org.springframework.beans.factory.support.AbstractBeanFactory.getMergedLocalBeanDefinition(AbstractBeanFactory.java:1205)
	at org.springframework.beans.factory.support.AbstractBeanFactory.doGetBean(AbstractBeanFactory.java:292)
	at org.springframework.beans.factory.support.AbstractBeanFactory.getBean(AbstractBeanFactory.java:200)
	at org.springframework.beans.factory.support.BeanDefinitionValueResolver.resolveReference(BeanDefinitionValueResolver.java:367)
	... 45 common frames omitted
]]></system-out>
  </testcase>
  <testcase name="testDelete" classname="ru.javawebinar.topjava.web.InMemoryAdminRestControllerSpringTest" time="0">
    <error message="Failed to load ApplicationContext" type="java.lang.IllegalStateException">java.lang.IllegalStateException: Failed to load ApplicationContext
Caused by: org.springframework.beans.factory.BeanCreationException: Error creating bean with name 'org.springframework.jdbc.datasource.init.DataSourceInitializer#0': Cannot resolve reference to bean 'dataSource' while setting bean property 'dataSource'; nested exception is org.springframework.beans.factory.NoSuchBeanDefinitionException: No bean named 'dataSource' available
Caused by: org.springframework.beans.factory.NoSuchBeanDefinitionException: No bean named 'dataSource' available
</error>
    <system-out><![CDATA[21:59:30.864 &amp#27;[34mINFO &amp#27;[0;39m &amp#27;[36mo.s.beans.factory.xml.XmlBeanDefinitionReader.loadBeanDefinitions:316&amp#27;[0;39m - Loading XML bean definitions from class path resource [spring/springtest-app.xml]
21:59:30.925 &amp#27;[34mINFO &amp#27;[0;39m &amp#27;[36mo.s.beans.factory.xml.XmlBeanDefinitionReader.loadBeanDefinitions:316&amp#27;[0;39m - Loading XML bean definitions from class path resource [spring/spring-db.xml]
21:59:30.960 &amp#27;[34mINFO &amp#27;[0;39m &amp#27;[36mo.s.b.f.xml.DefaultBeanDefinitionDocumentReader.doRegisterBeanDefinitions:139&amp#27;[0;39m - Skipped XML bean definition file due to specified profiles [hsqldb] not matching: class path resource [spring/spring-db.xml]
21:59:30.961 &amp#27;[34mINFO &amp#27;[0;39m &amp#27;[36mo.s.b.f.xml.DefaultBeanDefinitionDocumentReader.doRegisterBeanDefinitions:139&amp#27;[0;39m - Skipped XML bean definition file due to specified profiles [postgres] not matching: class path resource [spring/spring-db.xml]
21:59:30.961 &amp#27;[34mINFO &amp#27;[0;39m &amp#27;[36mo.s.b.f.xml.DefaultBeanDefinitionDocumentReader.doRegisterBeanDefinitions:139&amp#27;[0;39m - Skipped XML bean definition file due to specified profiles [jdbc] not matching: class path resource [spring/spring-db.xml]
21:59:30.962 &amp#27;[34mINFO &amp#27;[0;39m &amp#27;[36mo.s.b.f.xml.DefaultBeanDefinitionDocumentReader.doRegisterBeanDefinitions:139&amp#27;[0;39m - Skipped XML bean definition file due to specified profiles [jpa,datajpa] not matching: class path resource [spring/spring-db.xml]
21:59:30.963 &amp#27;[34mINFO &amp#27;[0;39m &amp#27;[36mo.s.b.f.xml.DefaultBeanDefinitionDocumentReader.doRegisterBeanDefinitions:139&amp#27;[0;39m - Skipped XML bean definition file due to specified profiles [jpa] not matching: class path resource [spring/spring-db.xml]
21:59:30.963 &amp#27;[34mINFO &amp#27;[0;39m &amp#27;[36mo.s.b.f.xml.DefaultBeanDefinitionDocumentReader.doRegisterBeanDefinitions:139&amp#27;[0;39m - Skipped XML bean definition file due to specified profiles [datajpa] not matching: class path resource [spring/spring-db.xml]
21:59:30.964 &amp#27;[34mINFO &amp#27;[0;39m &amp#27;[36mo.s.context.support.AbstractApplicationContext.prepareRefresh:589&amp#27;[0;39m - Refreshing org.springframework.context.support.GenericApplicationContext@69e153c5: startup date [Sun Jun 03 21:59:30 CEST 2018]; root of context hierarchy
21:59:30.995 &amp#27;[34mINFO &amp#27;[0;39m &amp#27;[36mr.j.t.repository.mock.InMemoryMealRepositoryImpl.postConstruct:42&amp#27;[0;39m - +++ PostConstruct
21:59:31.012 &amp#27;[31mWARN &amp#27;[0;39m &amp#27;[36mo.s.context.support.AbstractApplicationContext.refresh:557&amp#27;[0;39m - Exception encountered during context initialization - cancelling refresh attempt: org.springframework.beans.factory.BeanCreationException: Error creating bean with name 'org.springframework.jdbc.datasource.init.DataSourceInitializer#0': Cannot resolve reference to bean 'dataSource' while setting bean property 'dataSource'; nested exception is org.springframework.beans.factory.NoSuchBeanDefinitionException: No bean named 'dataSource' available
21:59:31.013 &amp#27;[34mINFO &amp#27;[0;39m &amp#27;[36mr.j.t.repository.mock.InMemoryMealRepositoryImpl.preDestroy:47&amp#27;[0;39m - +++ PreDestroy
21:59:31.014 &amp#27;[1;31mERROR&amp#27;[0;39m &amp#27;[36mo.springframework.test.context.TestContextManager.prepareTestInstance:246&amp#27;[0;39m - Caught exception while allowing TestExecutionListener [org.springframework.test.context.support.DependencyInjectionTestExecutionListener@614ca7df] to prepare test instance [ru.javawebinar.topjava.web.InMemoryAdminRestControllerSpringTest@6f01b95f]
java.lang.IllegalStateException: Failed to load ApplicationContext
	at org.springframework.test.context.cache.DefaultCacheAwareContextLoaderDelegate.loadContext(DefaultCacheAwareContextLoaderDelegate.java:125)
	at org.springframework.test.context.support.DefaultTestContext.getApplicationContext(DefaultTestContext.java:107)
	at org.springframework.test.context.support.DependencyInjectionTestExecutionListener.injectDependencies(DependencyInjectionTestExecutionListener.java:117)
	at org.springframework.test.context.support.DependencyInjectionTestExecutionListener.prepareTestInstance(DependencyInjectionTestExecutionListener.java:83)
	at org.springframework.test.context.TestContextManager.prepareTestInstance(TestContextManager.java:242)
	at org.springframework.test.context.junit4.SpringJUnit4ClassRunner.createTest(SpringJUnit4ClassRunner.java:227)
	at org.springframework.test.context.junit4.SpringJUnit4ClassRunner$1.runReflectiveCall(SpringJUnit4ClassRunner.java:289)
	at org.junit.internal.runners.model.ReflectiveCallable.run(ReflectiveCallable.java:12)
	at org.springframework.test.context.junit4.SpringJUnit4ClassRunner.methodBlock(SpringJUnit4ClassRunner.java:291)
	at org.springframework.test.context.junit4.SpringJUnit4ClassRunner.runChild(SpringJUnit4ClassRunner.java:246)
	at org.springframework.test.context.junit4.SpringJUnit4ClassRunner.runChild(SpringJUnit4ClassRunner.java:97)
	at org.junit.runners.ParentRunner$3.run(ParentRunner.java:290)
	at org.junit.runners.ParentRunner$1.schedule(ParentRunner.java:71)
	at org.junit.runners.ParentRunner.runChildren(ParentRunner.java:288)
	at org.junit.runners.ParentRunner.access$000(ParentRunner.java:58)
	at org.junit.runners.ParentRunner$2.evaluate(ParentRunner.java:268)
	at org.springframework.test.context.junit4.statements.RunBeforeTestClassCallbacks.evaluate(RunBeforeTestClassCallbacks.java:61)
	at org.springframework.test.context.junit4.statements.RunAfterTestClassCallbacks.evaluate(RunAfterTestClassCallbacks.java:70)
	at org.junit.runners.ParentRunner.run(ParentRunner.java:363)
	at org.springframework.test.context.junit4.SpringJUnit4ClassRunner.run(SpringJUnit4ClassRunner.java:190)
	at org.apache.maven.surefire.junit4.JUnit4Provider.execute(JUnit4Provider.java:365)
	at org.apache.maven.surefire.junit4.JUnit4Provider.executeWithRerun(JUnit4Provider.java:273)
	at org.apache.maven.surefire.junit4.JUnit4Provider.executeTestSet(JUnit4Provider.java:238)
	at org.apache.maven.surefire.junit4.JUnit4Provider.invoke(JUnit4Provider.java:159)
	at org.apache.maven.surefire.booter.ForkedBooter.invokeProviderInSameClassLoader(ForkedBooter.java:379)
	at org.apache.maven.surefire.booter.ForkedBooter.runSuitesInProcess(ForkedBooter.java:340)
	at org.apache.maven.surefire.booter.ForkedBooter.execute(ForkedBooter.java:125)
	at org.apache.maven.surefire.booter.ForkedBooter.main(ForkedBooter.java:413)
Caused by: org.springframework.beans.factory.BeanCreationException: Error creating bean with name 'org.springframework.jdbc.datasource.init.DataSourceInitializer#0': Cannot resolve reference to bean 'dataSource' while setting bean property 'dataSource'; nested exception is org.springframework.beans.factory.NoSuchBeanDefinitionException: No bean named 'dataSource' available
	at org.springframework.beans.factory.support.BeanDefinitionValueResolver.resolveReference(BeanDefinitionValueResolver.java:378)
	at org.springframework.beans.factory.support.BeanDefinitionValueResolver.resolveValueIfNecessary(BeanDefinitionValueResolver.java:110)
	at org.springframework.beans.factory.support.AbstractAutowireCapableBeanFactory.applyPropertyValues(AbstractAutowireCapableBeanFactory.java:1613)
	at org.springframework.beans.factory.support.AbstractAutowireCapableBeanFactory.populateBean(AbstractAutowireCapableBeanFactory.java:1357)
	at org.springframework.beans.factory.support.AbstractAutowireCapableBeanFactory.doCreateBean(AbstractAutowireCapableBeanFactory.java:582)
	at org.springframework.beans.factory.support.AbstractAutowireCapableBeanFactory.createBean(AbstractAutowireCapableBeanFactory.java:502)
	at org.springframework.beans.factory.support.AbstractBeanFactory.lambda$doGetBean$0(AbstractBeanFactory.java:312)
	at org.springframework.beans.factory.support.DefaultSingletonBeanRegistry.getSingleton(DefaultSingletonBeanRegistry.java:228)
	at org.springframework.beans.factory.support.AbstractBeanFactory.doGetBean(AbstractBeanFactory.java:310)
	at org.springframework.beans.factory.support.AbstractBeanFactory.getBean(AbstractBeanFactory.java:200)
	at org.springframework.beans.factory.support.DefaultListableBeanFactory.preInstantiateSingletons(DefaultListableBeanFactory.java:760)
	at org.springframework.context.support.AbstractApplicationContext.finishBeanFactoryInitialization(AbstractApplicationContext.java:868)
	at org.springframework.context.support.AbstractApplicationContext.refresh(AbstractApplicationContext.java:549)
	at org.springframework.test.context.support.AbstractGenericContextLoader.loadContext(AbstractGenericContextLoader.java:128)
	at org.springframework.test.context.support.AbstractGenericContextLoader.loadContext(AbstractGenericContextLoader.java:60)
	at org.springframework.test.context.support.AbstractDelegatingSmartContextLoader.delegateLoading(AbstractDelegatingSmartContextLoader.java:107)
	at org.springframework.test.context.support.AbstractDelegatingSmartContextLoader.loadContext(AbstractDelegatingSmartContextLoader.java:243)
	at org.springframework.test.context.cache.DefaultCacheAwareContextLoaderDelegate.loadContextInternal(DefaultCacheAwareContextLoaderDelegate.java:99)
	at org.springframework.test.context.cache.DefaultCacheAwareContextLoaderDelegate.loadContext(DefaultCacheAwareContextLoaderDelegate.java:117)
	... 27 common frames omitted
Caused by: org.springframework.beans.factory.NoSuchBeanDefinitionException: No bean named 'dataSource' available
	at org.springframework.beans.factory.support.DefaultListableBeanFactory.getBeanDefinition(DefaultListableBeanFactory.java:686)
	at org.springframework.beans.factory.support.AbstractBeanFactory.getMergedLocalBeanDefinition(AbstractBeanFactory.java:1205)
	at org.springframework.beans.factory.support.AbstractBeanFactory.doGetBean(AbstractBeanFactory.java:292)
	at org.springframework.beans.factory.support.AbstractBeanFactory.getBean(AbstractBeanFactory.java:200)
	at org.springframework.beans.factory.support.BeanDefinitionValueResolver.resolveReference(BeanDefinitionValueResolver.java:367)
	... 45 common frames omitted
]]></system-out>
  </testcase>
</testsuite>