<?xml version="1.0" encoding="UTF-8"?>
<testsuite name="pl.sda.jira.forum.domain.ForumControllerTest" time="0.097" tests="3" errors="0" skipped="0" failures="3">
  <properties>
    <property name="java.runtime.name" value="OpenJDK Runtime Environment"/>
    <property name="sun.boot.library.path" value="/usr/lib/jvm/java-8-openjdk-amd64/jre/lib/amd64"/>
    <property name="java.vm.version" value="25.121-b13"/>
    <property name="java.vm.vendor" value="Oracle Corporation"/>
    <property name="maven.multiModuleProjectDirectory" value="/root/workspace/agamazanek/SpringInAction/390374038"/>
    <property name="java.vendor.url" value="http://java.oracle.com/"/>
    <property name="path.separator" value=":"/>
    <property name="guice.disable.misplaced.annotation.check" value="true"/>
    <property name="skip.gulp" value="true"/>
    <property name="java.vm.name" value="OpenJDK 64-Bit Server VM"/>
    <property name="file.encoding.pkg" value="sun.io"/>
    <property name="sun.java.launcher" value="SUN_STANDARD"/>
    <property name="sun.os.patch.level" value="unknown"/>
    <property name="findbugs.skip" value="true"/>
    <property name="java.vm.specification.name" value="Java Virtual Machine Specification"/>
    <property name="user.dir" value="/root/workspace/agamazanek/SpringInAction/390374038"/>
    <property name="checkstyle.skip" value="true"/>
    <property name="java.runtime.version" value="1.8.0_121-8u121-b13-1~bpo8+1-b13"/>
    <property name="java.awt.graphicsenv" value="sun.awt.X11GraphicsEnvironment"/>
    <property name="skip.npm" value="true"/>
    <property name="java.endorsed.dirs" value="/usr/lib/jvm/java-8-openjdk-amd64/jre/lib/endorsed"/>
    <property name="os.arch" value="amd64"/>
    <property name="java.io.tmpdir" value="/tmp"/>
    <property name="gpg.skip" value="true"/>
    <property name="line.separator" value="&#10;"/>
    <property name="java.vm.specification.vendor" value="Oracle Corporation"/>
    <property name="cobertura.skip" value="true"/>
    <property name="os.name" value="Linux"/>
    <property name="classworlds.conf" value="/usr/share/maven/bin/m2.conf"/>
    <property name="sun.jnu.encoding" value="UTF-8"/>
    <property name="java.library.path" value="/usr/java/packages/lib/amd64:/usr/lib/x86_64-linux-gnu/jni:/lib/x86_64-linux-gnu:/usr/lib/x86_64-linux-gnu:/usr/lib/jni:/lib:/usr/lib"/>
    <property name="license.skip" value="true"/>
    <property name="java.specification.name" value="Java Platform API Specification"/>
    <property name="java.class.version" value="52.0"/>
    <property name="sun.management.compiler" value="HotSpot 64-Bit Tiered Compilers"/>
    <property name="skip.bower" value="true"/>
    <property name="maven.repo.local" value="/root/./workspace/agamazanek/SpringInAction/390374038/.m2"/>
    <property name="os.version" value="3.10.0-862.3.2.el7.x86_64"/>
    <property name="user.home" value="/root"/>
    <property name="user.timezone" value="Europe/Paris"/>
    <property name="java.awt.printerjob" value="sun.print.PSPrinterJob"/>
    <property name="java.specification.version" value="1.8"/>
    <property name="file.encoding" value="UTF-8"/>
    <property name="user.name" value="root"/>
    <property name="java.class.path" value="/usr/share/maven/boot/plexus-classworlds-2.5.2.jar"/>
    <property name="skipITs" value="true"/>
    <property name="java.vm.specification.version" value="1.8"/>
    <property name="sun.arch.data.model" value="64"/>
    <property name="java.home" value="/usr/lib/jvm/java-8-openjdk-amd64/jre"/>
    <property name="sun.java.command" value="org.codehaus.plexus.classworlds.launcher.Launcher -B -D enforcer.skip=true -D dependency-check.skip=true -D skipITs=true -D cobertura.skip=true -D maven.repo.local=/root/./workspace/agamazanek/SpringInAction/390374038/.m2 -D rat.skip=true -D findbugs.skip=true -D skip.bower=true -D gpg.skip=true -D checkstyle.skip=true -D skip.gulp=true -D license.skip=true -D skip.npm=true test"/>
    <property name="java.specification.vendor" value="Oracle Corporation"/>
    <property name="user.language" value="en"/>
    <property name="awt.toolkit" value="sun.awt.X11.XToolkit"/>
    <property name="dependency-check.skip" value="true"/>
    <property name="java.vm.info" value="mixed mode"/>
    <property name="java.version" value="1.8.0_121"/>
    <property name="java.ext.dirs" value="/usr/lib/jvm/java-8-openjdk-amd64/jre/lib/ext:/usr/java/packages/lib/ext"/>
    <property name="securerandom.source" value="file:/dev/./urandom"/>
    <property name="sun.boot.class.path" value="/usr/lib/jvm/java-8-openjdk-amd64/jre/lib/resources.jar:/usr/lib/jvm/java-8-openjdk-amd64/jre/lib/rt.jar:/usr/lib/jvm/java-8-openjdk-amd64/jre/lib/sunrsasign.jar:/usr/lib/jvm/java-8-openjdk-amd64/jre/lib/jsse.jar:/usr/lib/jvm/java-8-openjdk-amd64/jre/lib/jce.jar:/usr/lib/jvm/java-8-openjdk-amd64/jre/lib/charsets.jar:/usr/lib/jvm/java-8-openjdk-amd64/jre/lib/jfr.jar:/usr/lib/jvm/java-8-openjdk-amd64/jre/classes"/>
    <property name="java.vendor" value="Oracle Corporation"/>
    <property name="enforcer.skip" value="true"/>
    <property name="rat.skip" value="true"/>
    <property name="maven.home" value="/usr/share/maven"/>
    <property name="file.separator" value="/"/>
    <property name="java.vendor.url.bug" value="http://bugreport.sun.com/bugreport/"/>
    <property name="sun.cpu.endian" value="little"/>
    <property name="sun.io.unicode.encoding" value="UnicodeLittle"/>
    <property name="sun.cpu.isalist" value=""/>
  </properties>
  <testcase name="shouldSayHelloToMarcinSecondTime" classname="pl.sda.jira.forum.domain.ForumControllerTest" time="0.069">
    <failure message="expected:&lt;200&gt; but was:&lt;404&gt;" type="java.lang.AssertionError"><![CDATA[java.lang.AssertionError: expected:<200> but was:<404>
	at org.junit.Assert.fail(Assert.java:88)
	at org.junit.Assert.failNotEquals(Assert.java:834)
	at org.junit.Assert.assertEquals(Assert.java:645)
	at org.junit.Assert.assertEquals(Assert.java:631)
	at pl.sda.jira.forum.domain.ForumControllerTest.shouldSayHelloToMarcinSecondTime(ForumControllerTest.java:37)
]]></failure>
    <system-out><![CDATA[13:53:17.531 [main] DEBUG org.springframework.test.context.junit4.SpringJUnit4ClassRunner - SpringJUnit4ClassRunner constructor called with [class pl.sda.jira.forum.domain.ForumControllerTest]
13:53:17.531 [main] DEBUG org.springframework.test.context.BootstrapUtils - Instantiating CacheAwareContextLoaderDelegate from class [org.springframework.test.context.cache.DefaultCacheAwareContextLoaderDelegate]
13:53:17.532 [main] DEBUG org.springframework.test.context.BootstrapUtils - Instantiating BootstrapContext using constructor [public org.springframework.test.context.support.DefaultBootstrapContext(java.lang.Class,org.springframework.test.context.CacheAwareContextLoaderDelegate)]
13:53:17.532 [main] DEBUG org.springframework.test.context.BootstrapUtils - Instantiating TestContextBootstrapper for test class [pl.sda.jira.forum.domain.ForumControllerTest] from class [org.springframework.boot.test.context.SpringBootTestContextBootstrapper]
13:53:17.533 [main] INFO org.springframework.boot.test.context.SpringBootTestContextBootstrapper - Neither @ContextConfiguration nor @ContextHierarchy found for test class [pl.sda.jira.forum.domain.ForumControllerTest], using SpringBootContextLoader
13:53:17.534 [main] DEBUG org.springframework.test.context.support.AbstractContextLoader - Did not detect default resource location for test class [pl.sda.jira.forum.domain.ForumControllerTest]: class path resource [pl/sda/jira/forum/domain/ForumControllerTest-context.xml] does not exist
13:53:17.534 [main] DEBUG org.springframework.test.context.support.AbstractContextLoader - Did not detect default resource location for test class [pl.sda.jira.forum.domain.ForumControllerTest]: class path resource [pl/sda/jira/forum/domain/ForumControllerTestContext.groovy] does not exist
13:53:17.534 [main] INFO org.springframework.test.context.support.AbstractContextLoader - Could not detect default resource locations for test class [pl.sda.jira.forum.domain.ForumControllerTest]: no resource found for suffixes {-context.xml, Context.groovy}.
13:53:17.535 [main] INFO org.springframework.test.context.support.AnnotationConfigContextLoaderUtils - Could not detect default configuration classes for test class [pl.sda.jira.forum.domain.ForumControllerTest]: ForumControllerTest does not declare any static, non-private, non-final, nested classes annotated with @Configuration.
13:53:17.548 [main] DEBUG org.springframework.test.context.support.ActiveProfilesUtils - Could not find an 'annotation declaring class' for annotation type [org.springframework.test.context.ActiveProfiles] and class [pl.sda.jira.forum.domain.ForumControllerTest]
13:53:17.549 [main] DEBUG org.springframework.core.env.StandardEnvironment - Adding PropertySource 'systemProperties' with lowest search precedence
13:53:17.549 [main] DEBUG org.springframework.core.env.StandardEnvironment - Adding PropertySource 'systemEnvironment' with lowest search precedence
13:53:17.550 [main] DEBUG org.springframework.core.env.StandardEnvironment - Initialized StandardEnvironment with PropertySources [MapPropertySource@1374026904 {name='systemProperties', properties={java.runtime.name=OpenJDK Runtime Environment, sun.boot.library.path=/usr/lib/jvm/java-8-openjdk-amd64/jre/lib/amd64, java.vm.version=25.121-b13, java.vm.vendor=Oracle Corporation, java.vendor.url=http://java.oracle.com/, skip.gulp=true, path.separator=:, java.vm.name=OpenJDK 64-Bit Server VM, file.encoding.pkg=sun.io, findbugs.skip=true, sun.java.launcher=SUN_STANDARD, sun.os.patch.level=unknown, java.vm.specification.name=Java Virtual Machine Specification, user.dir=/root/workspace/agamazanek/SpringInAction/390374038, checkstyle.skip=true, java.runtime.version=1.8.0_121-8u121-b13-1~bpo8+1-b13, skip.npm=true, basedir=/root/workspace/agamazanek/SpringInAction/390374038, java.awt.graphicsenv=sun.awt.X11GraphicsEnvironment, java.endorsed.dirs=/usr/lib/jvm/java-8-openjdk-amd64/jre/lib/endorsed, os.arch=amd64, surefire.real.class.path=/root/workspace/agamazanek/SpringInAction/390374038/target/surefire/surefirebooter4673542611829288660.jar, gpg.skip=true, java.io.tmpdir=/tmp, line.separator=
, cobertura.skip=true, java.vm.specification.vendor=Oracle Corporation, os.name=Linux, sun.jnu.encoding=UTF-8, license.skip=true, java.library.path=/usr/java/packages/lib/amd64:/usr/lib/x86_64-linux-gnu/jni:/lib/x86_64-linux-gnu:/usr/lib/x86_64-linux-gnu:/usr/lib/jni:/lib:/usr/lib, surefire.test.class.path=/root/workspace/agamazanek/SpringInAction/390374038/target/test-classes:/root/workspace/agamazanek/SpringInAction/390374038/target/classes:/root/./workspace/agamazanek/SpringInAction/390374038/.m2/org/springframework/spring-context/4.3.14.RELEASE/spring-context-4.3.14.RELEASE.jar:/root/./workspace/agamazanek/SpringInAction/390374038/.m2/org/springframework/spring-aop/4.3.14.RELEASE/spring-aop-4.3.14.RELEASE.jar:/root/./workspace/agamazanek/SpringInAction/390374038/.m2/org/springframework/spring-beans/4.3.14.RELEASE/spring-beans-4.3.14.RELEASE.jar:/root/./workspace/agamazanek/SpringInAction/390374038/.m2/org/springframework/spring-core/4.3.14.RELEASE/spring-core-4.3.14.RELEASE.jar:/root/./workspace/agamazanek/SpringInAction/390374038/.m2/org/springframework/spring-expression/4.3.14.RELEASE/spring-expression-4.3.14.RELEASE.jar:/root/./workspace/agamazanek/SpringInAction/390374038/.m2/junit/junit/4.12/junit-4.12.jar:/root/./workspace/agamazanek/SpringInAction/390374038/.m2/org/hamcrest/hamcrest-core/1.3/hamcrest-core-1.3.jar:/root/./workspace/agamazanek/SpringInAction/390374038/.m2/org/springframework/spring-test/4.3.14.RELEASE/spring-test-4.3.14.RELEASE.jar:/root/./workspace/agamazanek/SpringInAction/390374038/.m2/org/springframework/boot/spring-boot-starter-web/1.5.10.RELEASE/spring-boot-starter-web-1.5.10.RELEASE.jar:/root/./workspace/agamazanek/SpringInAction/390374038/.m2/org/springframework/boot/spring-boot-starter/1.5.10.RELEASE/spring-boot-starter-1.5.10.RELEASE.jar:/root/./workspace/agamazanek/SpringInAction/390374038/.m2/org/springframework/boot/spring-boot/1.5.10.RELEASE/spring-boot-1.5.10.RELEASE.jar:/root/./workspace/agamazanek/SpringInAction/390374038/.m2/org/springframework/boot/spring-boot-autoconfigure/1.5.10.RELEASE/spring-boot-autoconfigure-1.5.10.RELEASE.jar:/root/./workspace/agamazanek/SpringInAction/390374038/.m2/org/springframework/boot/spring-boot-starter-logging/1.5.10.RELEASE/spring-boot-starter-logging-1.5.10.RELEASE.jar:/root/./workspace/agamazanek/SpringInAction/390374038/.m2/ch/qos/logback/logback-classic/1.1.11/logback-classic-1.1.11.jar:/root/./workspace/agamazanek/SpringInAction/390374038/.m2/ch/qos/logback/logback-core/1.1.11/logback-core-1.1.11.jar:/root/./workspace/agamazanek/SpringInAction/390374038/.m2/org/slf4j/jcl-over-slf4j/1.7.25/jcl-over-slf4j-1.7.25.jar:/root/./workspace/agamazanek/SpringInAction/390374038/.m2/org/slf4j/jul-to-slf4j/1.7.25/jul-to-slf4j-1.7.25.jar:/root/./workspace/agamazanek/SpringInAction/390374038/.m2/org/slf4j/log4j-over-slf4j/1.7.25/log4j-over-slf4j-1.7.25.jar:/root/./workspace/agamazanek/SpringInAction/390374038/.m2/org/yaml/snakeyaml/1.17/snakeyaml-1.17.jar:/root/./workspace/agamazanek/SpringInAction/390374038/.m2/org/springframework/boot/spring-boot-starter-tomcat/1.5.10.RELEASE/spring-boot-starter-tomcat-1.5.10.RELEASE.jar:/root/./workspace/agamazanek/SpringInAction/390374038/.m2/org/apache/tomcat/embed/tomcat-embed-core/8.5.27/tomcat-embed-core-8.5.27.jar:/root/./workspace/agamazanek/SpringInAction/390374038/.m2/org/apache/tomcat/tomcat-annotations-api/8.5.27/tomcat-annotations-api-8.5.27.jar:/root/./workspace/agamazanek/SpringInAction/390374038/.m2/org/apache/tomcat/embed/tomcat-embed-el/8.5.27/tomcat-embed-el-8.5.27.jar:/root/./workspace/agamazanek/SpringInAction/390374038/.m2/org/apache/tomcat/embed/tomcat-embed-websocket/8.5.27/tomcat-embed-websocket-8.5.27.jar:/root/./workspace/agamazanek/SpringInAction/390374038/.m2/org/hibernate/hibernate-validator/5.3.6.Final/hibernate-validator-5.3.6.Final.jar:/root/./workspace/agamazanek/SpringInAction/390374038/.m2/javax/validation/validation-api/1.1.0.Final/validation-api-1.1.0.Final.jar:/root/./workspace/agamazanek/SpringInAction/390374038/.m2/org/jboss/logging/jboss-logging/3.3.1.Final/jboss-logging-3.3.1.Final.jar:/root/./workspace/agamazanek/SpringInAction/390374038/.m2/com/fasterxml/classmate/1.3.4/classmate-1.3.4.jar:/root/./workspace/agamazanek/SpringInAction/390374038/.m2/com/fasterxml/jackson/core/jackson-databind/2.8.10/jackson-databind-2.8.10.jar:/root/./workspace/agamazanek/SpringInAction/390374038/.m2/com/fasterxml/jackson/core/jackson-annotations/2.8.0/jackson-annotations-2.8.0.jar:/root/./workspace/agamazanek/SpringInAction/390374038/.m2/com/fasterxml/jackson/core/jackson-core/2.8.10/jackson-core-2.8.10.jar:/root/./workspace/agamazanek/SpringInAction/390374038/.m2/org/springframework/spring-web/4.3.14.RELEASE/spring-web-4.3.14.RELEASE.jar:/root/./workspace/agamazanek/SpringInAction/390374038/.m2/org/springframework/spring-webmvc/4.3.14.RELEASE/spring-webmvc-4.3.14.RELEASE.jar:/root/./workspace/agamazanek/SpringInAction/390374038/.m2/org/springframework/boot/spring-boot-starter-test/1.5.10.RELEASE/spring-boot-starter-test-1.5.10.RELEASE.jar:/root/./workspace/agamazanek/SpringInAction/390374038/.m2/org/springframework/boot/spring-boot-test/1.5.10.RELEASE/spring-boot-test-1.5.10.RELEASE.jar:/root/./workspace/agamazanek/SpringInAction/390374038/.m2/org/springframework/boot/spring-boot-test-autoconfigure/1.5.10.RELEASE/spring-boot-test-autoconfigure-1.5.10.RELEASE.jar:/root/./workspace/agamazanek/SpringInAction/390374038/.m2/com/jayway/jsonpath/json-path/2.2.0/json-path-2.2.0.jar:/root/./workspace/agamazanek/SpringInAction/390374038/.m2/net/minidev/json-smart/2.2.1/json-smart-2.2.1.jar:/root/./workspace/agamazanek/SpringInAction/390374038/.m2/net/minidev/accessors-smart/1.1/accessors-smart-1.1.jar:/root/./workspace/agamazanek/SpringInAction/390374038/.m2/org/ow2/asm/asm/5.0.3/asm-5.0.3.jar:/root/./workspace/agamazanek/SpringInAction/390374038/.m2/org/slf4j/slf4j-api/1.7.25/slf4j-api-1.7.25.jar:/root/./workspace/agamazanek/SpringInAction/390374038/.m2/org/assertj/assertj-core/2.6.0/assertj-core-2.6.0.jar:/root/./workspace/agamazanek/SpringInAction/390374038/.m2/org/mockito/mockito-core/1.10.19/mockito-core-1.10.19.jar:/root/./workspace/agamazanek/SpringInAction/390374038/.m2/org/objenesis/objenesis/2.1/objenesis-2.1.jar:/root/./workspace/agamazanek/SpringInAction/390374038/.m2/org/hamcrest/hamcrest-library/1.3/hamcrest-library-1.3.jar:/root/./workspace/agamazanek/SpringInAction/390374038/.m2/org/skyscreamer/jsonassert/1.4.0/jsonassert-1.4.0.jar:/root/./workspace/agamazanek/SpringInAction/390374038/.m2/com/vaadin/external/google/android-json/0.0.20131108.vaadin1/android-json-0.0.20131108.vaadin1.jar:, java.specification.name=Java Platform API Specification, java.class.version=52.0, skip.bower=true, sun.management.compiler=HotSpot 64-Bit Tiered Compilers, maven.repo.local=/root/./workspace/agamazanek/SpringInAction/390374038/.m2, os.version=3.10.0-862.3.2.el7.x86_64, user.home=/root, user.timezone=Europe/Paris, java.awt.printerjob=sun.print.PSPrinterJob, file.encoding=UTF-8, java.specification.version=1.8, java.class.path=/root/workspace/agamazanek/SpringInAction/390374038/target/test-classes:/root/workspace/agamazanek/SpringInAction/390374038/target/classes:/root/./workspace/agamazanek/SpringInAction/390374038/.m2/org/springframework/spring-context/4.3.14.RELEASE/spring-context-4.3.14.RELEASE.jar:/root/./workspace/agamazanek/SpringInAction/390374038/.m2/org/springframework/spring-aop/4.3.14.RELEASE/spring-aop-4.3.14.RELEASE.jar:/root/./workspace/agamazanek/SpringInAction/390374038/.m2/org/springframework/spring-beans/4.3.14.RELEASE/spring-beans-4.3.14.RELEASE.jar:/root/./workspace/agamazanek/SpringInAction/390374038/.m2/org/springframework/spring-core/4.3.14.RELEASE/spring-core-4.3.14.RELEASE.jar:/root/./workspace/agamazanek/SpringInAction/390374038/.m2/org/springframework/spring-expression/4.3.14.RELEASE/spring-expression-4.3.14.RELEASE.jar:/root/./workspace/agamazanek/SpringInAction/390374038/.m2/junit/junit/4.12/junit-4.12.jar:/root/./workspace/agamazanek/SpringInAction/390374038/.m2/org/hamcrest/hamcrest-core/1.3/hamcrest-core-1.3.jar:/root/./workspace/agamazanek/SpringInAction/390374038/.m2/org/springframework/spring-test/4.3.14.RELEASE/spring-test-4.3.14.RELEASE.jar:/root/./workspace/agamazanek/SpringInAction/390374038/.m2/org/springframework/boot/spring-boot-starter-web/1.5.10.RELEASE/spring-boot-starter-web-1.5.10.RELEASE.jar:/root/./workspace/agamazanek/SpringInAction/390374038/.m2/org/springframework/boot/spring-boot-starter/1.5.10.RELEASE/spring-boot-starter-1.5.10.RELEASE.jar:/root/./workspace/agamazanek/SpringInAction/390374038/.m2/org/springframework/boot/spring-boot/1.5.10.RELEASE/spring-boot-1.5.10.RELEASE.jar:/root/./workspace/agamazanek/SpringInAction/390374038/.m2/org/springframework/boot/spring-boot-autoconfigure/1.5.10.RELEASE/spring-boot-autoconfigure-1.5.10.RELEASE.jar:/root/./workspace/agamazanek/SpringInAction/390374038/.m2/org/springframework/boot/spring-boot-starter-logging/1.5.10.RELEASE/spring-boot-starter-logging-1.5.10.RELEASE.jar:/root/./workspace/agamazanek/SpringInAction/390374038/.m2/ch/qos/logback/logback-classic/1.1.11/logback-classic-1.1.11.jar:/root/./workspace/agamazanek/SpringInAction/390374038/.m2/ch/qos/logback/logback-core/1.1.11/logback-core-1.1.11.jar:/root/./workspace/agamazanek/SpringInAction/390374038/.m2/org/slf4j/jcl-over-slf4j/1.7.25/jcl-over-slf4j-1.7.25.jar:/root/./workspace/agamazanek/SpringInAction/390374038/.m2/org/slf4j/jul-to-slf4j/1.7.25/jul-to-slf4j-1.7.25.jar:/root/./workspace/agamazanek/SpringInAction/390374038/.m2/org/slf4j/log4j-over-slf4j/1.7.25/log4j-over-slf4j-1.7.25.jar:/root/./workspace/agamazanek/SpringInAction/390374038/.m2/org/yaml/snakeyaml/1.17/snakeyaml-1.17.jar:/root/./workspace/agamazanek/SpringInAction/390374038/.m2/org/springframework/boot/spring-boot-starter-tomcat/1.5.10.RELEASE/spring-boot-starter-tomcat-1.5.10.RELEASE.jar:/root/./workspace/agamazanek/SpringInAction/390374038/.m2/org/apache/tomcat/embed/tomcat-embed-core/8.5.27/tomcat-embed-core-8.5.27.jar:/root/./workspace/agamazanek/SpringInAction/390374038/.m2/org/apache/tomcat/tomcat-annotations-api/8.5.27/tomcat-annotations-api-8.5.27.jar:/root/./workspace/agamazanek/SpringInAction/390374038/.m2/org/apache/tomcat/embed/tomcat-embed-el/8.5.27/tomcat-embed-el-8.5.27.jar:/root/./workspace/agamazanek/SpringInAction/390374038/.m2/org/apache/tomcat/embed/tomcat-embed-websocket/8.5.27/tomcat-embed-websocket-8.5.27.jar:/root/./workspace/agamazanek/SpringInAction/390374038/.m2/org/hibernate/hibernate-validator/5.3.6.Final/hibernate-validator-5.3.6.Final.jar:/root/./workspace/agamazanek/SpringInAction/390374038/.m2/javax/validation/validation-api/1.1.0.Final/validation-api-1.1.0.Final.jar:/root/./workspace/agamazanek/SpringInAction/390374038/.m2/org/jboss/logging/jboss-logging/3.3.1.Final/jboss-logging-3.3.1.Final.jar:/root/./workspace/agamazanek/SpringInAction/390374038/.m2/com/fasterxml/classmate/1.3.4/classmate-1.3.4.jar:/root/./workspace/agamazanek/SpringInAction/390374038/.m2/com/fasterxml/jackson/core/jackson-databind/2.8.10/jackson-databind-2.8.10.jar:/root/./workspace/agamazanek/SpringInAction/390374038/.m2/com/fasterxml/jackson/core/jackson-annotations/2.8.0/jackson-annotations-2.8.0.jar:/root/./workspace/agamazanek/SpringInAction/390374038/.m2/com/fasterxml/jackson/core/jackson-core/2.8.10/jackson-core-2.8.10.jar:/root/./workspace/agamazanek/SpringInAction/390374038/.m2/org/springframework/spring-web/4.3.14.RELEASE/spring-web-4.3.14.RELEASE.jar:/root/./workspace/agamazanek/SpringInAction/390374038/.m2/org/springframework/spring-webmvc/4.3.14.RELEASE/spring-webmvc-4.3.14.RELEASE.jar:/root/./workspace/agamazanek/SpringInAction/390374038/.m2/org/springframework/boot/spring-boot-starter-test/1.5.10.RELEASE/spring-boot-starter-test-1.5.10.RELEASE.jar:/root/./workspace/agamazanek/SpringInAction/390374038/.m2/org/springframework/boot/spring-boot-test/1.5.10.RELEASE/spring-boot-test-1.5.10.RELEASE.jar:/root/./workspace/agamazanek/SpringInAction/390374038/.m2/org/springframework/boot/spring-boot-test-autoconfigure/1.5.10.RELEASE/spring-boot-test-autoconfigure-1.5.10.RELEASE.jar:/root/./workspace/agamazanek/SpringInAction/390374038/.m2/com/jayway/jsonpath/json-path/2.2.0/json-path-2.2.0.jar:/root/./workspace/agamazanek/SpringInAction/390374038/.m2/net/minidev/json-smart/2.2.1/json-smart-2.2.1.jar:/root/./workspace/agamazanek/SpringInAction/390374038/.m2/net/minidev/accessors-smart/1.1/accessors-smart-1.1.jar:/root/./workspace/agamazanek/SpringInAction/390374038/.m2/org/ow2/asm/asm/5.0.3/asm-5.0.3.jar:/root/./workspace/agamazanek/SpringInAction/390374038/.m2/org/slf4j/slf4j-api/1.7.25/slf4j-api-1.7.25.jar:/root/./workspace/agamazanek/SpringInAction/390374038/.m2/org/assertj/assertj-core/2.6.0/assertj-core-2.6.0.jar:/root/./workspace/agamazanek/SpringInAction/390374038/.m2/org/mockito/mockito-core/1.10.19/mockito-core-1.10.19.jar:/root/./workspace/agamazanek/SpringInAction/390374038/.m2/org/objenesis/objenesis/2.1/objenesis-2.1.jar:/root/./workspace/agamazanek/SpringInAction/390374038/.m2/org/hamcrest/hamcrest-library/1.3/hamcrest-library-1.3.jar:/root/./workspace/agamazanek/SpringInAction/390374038/.m2/org/skyscreamer/jsonassert/1.4.0/jsonassert-1.4.0.jar:/root/./workspace/agamazanek/SpringInAction/390374038/.m2/com/vaadin/external/google/android-json/0.0.20131108.vaadin1/android-json-0.0.20131108.vaadin1.jar:, user.name=root, skipITs=true, java.vm.specification.version=1.8, sun.java.command=/root/workspace/agamazanek/SpringInAction/390374038/target/surefire/surefirebooter4673542611829288660.jar /root/workspace/agamazanek/SpringInAction/390374038/target/surefire/surefire2588050209964627096tmp /root/workspace/agamazanek/SpringInAction/390374038/target/surefire/surefire_07657119305049014341tmp, java.home=/usr/lib/jvm/java-8-openjdk-amd64/jre, sun.arch.data.model=64, user.language=en, java.specification.vendor=Oracle Corporation, dependency-check.skip=true, awt.toolkit=sun.awt.X11.XToolkit, java.vm.info=mixed mode, java.version=1.8.0_121, java.ext.dirs=/usr/lib/jvm/java-8-openjdk-amd64/jre/lib/ext:/usr/java/packages/lib/ext, sun.boot.class.path=/usr/lib/jvm/java-8-openjdk-amd64/jre/lib/resources.jar:/usr/lib/jvm/java-8-openjdk-amd64/jre/lib/rt.jar:/usr/lib/jvm/java-8-openjdk-amd64/jre/lib/sunrsasign.jar:/usr/lib/jvm/java-8-openjdk-amd64/jre/lib/jsse.jar:/usr/lib/jvm/java-8-openjdk-amd64/jre/lib/jce.jar:/usr/lib/jvm/java-8-openjdk-amd64/jre/lib/charsets.jar:/usr/lib/jvm/java-8-openjdk-amd64/jre/lib/jfr.jar:/usr/lib/jvm/java-8-openjdk-amd64/jre/classes, rat.skip=true, enforcer.skip=true, java.vendor=Oracle Corporation, localRepository=/root/./workspace/agamazanek/SpringInAction/390374038/.m2, file.separator=/, java.vendor.url.bug=http://bugreport.sun.com/bugreport/, sun.io.unicode.encoding=UnicodeLittle, sun.cpu.endian=little, sun.cpu.isalist=}}, SystemEnvironmentPropertySource@2085002312 {name='systemEnvironment', properties={PATH=/usr/local/sbin:/usr/local/bin:/usr/sbin:/usr/bin:/sbin:/bin, JAVA_HOME=/usr/lib/jvm/java-8-openjdk-amd64, NOTIFY_TO=, CA_CERTIFICATES_JAVA_VERSION=20161107~bpo8+1, MONGODB_HOST=, BUILD_ID=, LANG=C.UTF-8, MAVEN_HOME=/usr/share/maven, SMTP_SERVER=, MONGODB_NAME=, REPAIR_MODE=repair, PWD=/root/workspace/agamazanek/SpringInAction/390374038, JAVA_VERSION=8u121, GITHUB_OAUTH=, MAVEN_CMD_LINE_ARGS=/root/.m2 -B -D enforcer.skip=true -D dependency-check.skip=true -D skipITs=true -D cobertura.skip=true -D maven.repo.local=/root/./workspace/agamazanek/SpringInAction/390374038/.m2 -D rat.skip=true -D findbugs.skip=true -D skip.bower=true -D gpg.skip=true -D checkstyle.skip=true -D skip.gulp=true -D license.skip=true -D skip.npm=true test, _=/usr/bin/java, OUTPUT=, MAVEN_TERMINATE_CMD=on, MAVEN_CONFIG=/root/.m2, MAVEN_PROJECTBASEDIR=/root/workspace/agamazanek/SpringInAction/390374038, OLDPWD=/root/workspace/agamazanek/SpringInAction/390374038, LOG_FILENAME=repairnator-pipeline_2018-06-10_1352_390374038_5a77b685-d098-401d-b168-01e076b51223, RUN_ID=, HOSTNAME=cyclone1, JAVA_DEBIAN_VERSION=8u121-b13-1~bpo8+1, M2_HOME=/usr/share/maven, REPAIR_TOOLS=AssertFixer, HOME=/root, SHLVL=1, PUSH_URL=}}]
13:53:17.551 [main] INFO org.springframework.boot.test.context.SpringBootTestContextBootstrapper - Found @SpringBootConfiguration pl.sda.jira.forum.domain.ForumApplication for test class pl.sda.jira.forum.domain.ForumControllerTest
13:53:17.555 [main] DEBUG org.springframework.boot.test.context.SpringBootTestContextBootstrapper - @TestExecutionListeners is not present for class [pl.sda.jira.forum.domain.ForumControllerTest]: using defaults.
13:53:17.558 [main] INFO org.springframework.boot.test.context.SpringBootTestContextBootstrapper - Loaded default TestExecutionListener class names from location [META-INF/spring.factories]: [org.springframework.test.context.web.ServletTestExecutionListener, org.springframework.test.context.support.DirtiesContextBeforeModesTestExecutionListener, org.springframework.test.context.support.DependencyInjectionTestExecutionListener, org.springframework.test.context.support.DirtiesContextTestExecutionListener, org.springframework.test.context.transaction.TransactionalTestExecutionListener, org.springframework.test.context.jdbc.SqlScriptsTestExecutionListener, org.springframework.boot.test.mock.mockito.MockitoTestExecutionListener, org.springframework.boot.test.mock.mockito.ResetMocksTestExecutionListener, org.springframework.boot.test.autoconfigure.restdocs.RestDocsTestExecutionListener, org.springframework.boot.test.autoconfigure.web.client.MockRestServiceServerResetTestExecutionListener, org.springframework.boot.test.autoconfigure.web.servlet.MockMvcPrintOnlyOnFailureTestExecutionListener, org.springframework.boot.test.autoconfigure.web.servlet.WebDriverTestExecutionListener]
13:53:17.561 [main] DEBUG org.springframework.boot.test.context.SpringBootTestContextBootstrapper - Could not instantiate TestExecutionListener [org.springframework.test.context.transaction.TransactionalTestExecutionListener]. Specify custom listener classes or make the default listener classes (and their required dependencies) available. Offending class: [org/springframework/transaction/TransactionDefinition]
13:53:17.562 [main] DEBUG org.springframework.boot.test.context.SpringBootTestContextBootstrapper - Could not instantiate TestExecutionListener [org.springframework.test.context.jdbc.SqlScriptsTestExecutionListener]. Specify custom listener classes or make the default listener classes (and their required dependencies) available. Offending class: [org/springframework/transaction/interceptor/TransactionAttribute]
13:53:17.562 [main] INFO org.springframework.boot.test.context.SpringBootTestContextBootstrapper - Using TestExecutionListeners: [org.springframework.test.context.web.ServletTestExecutionListener@78e117e3, org.springframework.test.context.support.DirtiesContextBeforeModesTestExecutionListener@2ea227af, org.springframework.boot.test.autoconfigure.SpringBootDependencyInjectionTestExecutionListener@4386f16, org.springframework.test.context.support.DirtiesContextTestExecutionListener@363ee3a2, org.springframework.boot.test.mock.mockito.MockitoTestExecutionListener@4690b489, org.springframework.boot.test.mock.mockito.ResetMocksTestExecutionListener@79b06cab, org.springframework.boot.test.autoconfigure.restdocs.RestDocsTestExecutionListener@3eb7fc54, org.springframework.boot.test.autoconfigure.web.client.MockRestServiceServerResetTestExecutionListener@7f552bd3, org.springframework.boot.test.autoconfigure.web.servlet.MockMvcPrintOnlyOnFailureTestExecutionListener@3c22fc4c, org.springframework.boot.test.autoconfigure.web.servlet.WebDriverTestExecutionListener@460d0a57]
13:53:17.563 [main] DEBUG org.springframework.test.annotation.ProfileValueUtils - Retrieved @ProfileValueSourceConfiguration [null] for test class [pl.sda.jira.forum.domain.ForumControllerTest]
13:53:17.563 [main] DEBUG org.springframework.test.annotation.ProfileValueUtils - Retrieved ProfileValueSource type [class org.springframework.test.annotation.SystemProfileValueSource] for class [pl.sda.jira.forum.domain.ForumControllerTest]
13:53:17.563 [main] DEBUG org.springframework.test.annotation.ProfileValueUtils - Retrieved @ProfileValueSourceConfiguration [null] for test class [pl.sda.jira.forum.domain.ForumControllerTest]
13:53:17.563 [main] DEBUG org.springframework.test.annotation.ProfileValueUtils - Retrieved ProfileValueSource type [class org.springframework.test.annotation.SystemProfileValueSource] for class [pl.sda.jira.forum.domain.ForumControllerTest]
13:53:17.565 [main] DEBUG org.springframework.test.context.support.AbstractDirtiesContextTestExecutionListener - Before test class: context [DefaultTestContext@47d90b9e testClass = ForumControllerTest, testInstance = [null], testMethod = [null], testException = [null], mergedContextConfiguration = [WebMergedContextConfiguration@1184ab05 testClass = ForumControllerTest, locations = '{}', classes = '{class pl.sda.jira.forum.domain.ForumApplication}', contextInitializerClasses = '[]', activeProfiles = '{}', propertySourceLocations = '{}', propertySourceProperties = '{org.springframework.boot.test.context.SpringBootTestContextBootstrapper=true}', contextCustomizers = set[[ImportsContextCustomizer@3aefe5e5 key = [org.springframework.boot.test.autoconfigure.web.servlet.MockMvcAutoConfiguration, org.springframework.boot.test.autoconfigure.web.servlet.MockMvcSecurityAutoConfiguration, org.springframework.boot.test.autoconfigure.web.servlet.MockMvcWebClientAutoConfiguration, org.springframework.boot.test.autoconfigure.web.servlet.MockMvcWebDriverAutoConfiguration]], org.springframework.boot.test.context.SpringBootTestContextCustomizer@394e1a0f, org.springframework.boot.test.context.filter.ExcludeFilterContextCustomizer@5f282abb, org.springframework.boot.test.json.DuplicateJsonObjectContextCustomizerFactory$DuplicateJsonObjectContextCustomizer@4d95d2a2, org.springframework.boot.test.mock.mockito.MockitoContextCustomizer@0, org.springframework.boot.test.autoconfigure.properties.PropertyMappingContextCustomizer@e7e8512, org.springframework.boot.test.autoconfigure.web.servlet.WebDriverContextCustomizerFactory$Customizer@52feb982], resourceBasePath = 'src/main/webapp', contextLoader = 'org.springframework.boot.test.context.SpringBootContextLoader', parent = [null]]], class annotated with @DirtiesContext [false] with mode [null].
13:53:17.565 [main] DEBUG org.springframework.test.annotation.ProfileValueUtils - Retrieved @ProfileValueSourceConfiguration [null] for test class [pl.sda.jira.forum.domain.ForumControllerTest]
13:53:17.565 [main] DEBUG org.springframework.test.annotation.ProfileValueUtils - Retrieved ProfileValueSource type [class org.springframework.test.annotation.SystemProfileValueSource] for class [pl.sda.jira.forum.domain.ForumControllerTest]
13:53:17.626 [main] DEBUG org.springframework.core.env.StandardEnvironment - Adding PropertySource 'systemProperties' with lowest search precedence
13:53:17.626 [main] DEBUG org.springframework.core.env.StandardEnvironment - Adding PropertySource 'systemEnvironment' with lowest search precedence
13:53:17.626 [main] DEBUG org.springframework.core.env.StandardEnvironment - Initialized StandardEnvironment with PropertySources [MapPropertySource@825249556 {name='systemProperties', properties={java.runtime.name=OpenJDK Runtime Environment, sun.boot.library.path=/usr/lib/jvm/java-8-openjdk-amd64/jre/lib/amd64, java.vm.version=25.121-b13, java.vm.vendor=Oracle Corporation, java.vendor.url=http://java.oracle.com/, skip.gulp=true, path.separator=:, java.vm.name=OpenJDK 64-Bit Server VM, file.encoding.pkg=sun.io, findbugs.skip=true, sun.java.launcher=SUN_STANDARD, sun.os.patch.level=unknown, java.vm.specification.name=Java Virtual Machine Specification, user.dir=/root/workspace/agamazanek/SpringInAction/390374038, checkstyle.skip=true, java.runtime.version=1.8.0_121-8u121-b13-1~bpo8+1-b13, skip.npm=true, basedir=/root/workspace/agamazanek/SpringInAction/390374038, java.awt.graphicsenv=sun.awt.X11GraphicsEnvironment, java.endorsed.dirs=/usr/lib/jvm/java-8-openjdk-amd64/jre/lib/endorsed, os.arch=amd64, surefire.real.class.path=/root/workspace/agamazanek/SpringInAction/390374038/target/surefire/surefirebooter4673542611829288660.jar, gpg.skip=true, java.io.tmpdir=/tmp, line.separator=
, cobertura.skip=true, java.vm.specification.vendor=Oracle Corporation, os.name=Linux, sun.jnu.encoding=UTF-8, license.skip=true, java.library.path=/usr/java/packages/lib/amd64:/usr/lib/x86_64-linux-gnu/jni:/lib/x86_64-linux-gnu:/usr/lib/x86_64-linux-gnu:/usr/lib/jni:/lib:/usr/lib, surefire.test.class.path=/root/workspace/agamazanek/SpringInAction/390374038/target/test-classes:/root/workspace/agamazanek/SpringInAction/390374038/target/classes:/root/./workspace/agamazanek/SpringInAction/390374038/.m2/org/springframework/spring-context/4.3.14.RELEASE/spring-context-4.3.14.RELEASE.jar:/root/./workspace/agamazanek/SpringInAction/390374038/.m2/org/springframework/spring-aop/4.3.14.RELEASE/spring-aop-4.3.14.RELEASE.jar:/root/./workspace/agamazanek/SpringInAction/390374038/.m2/org/springframework/spring-beans/4.3.14.RELEASE/spring-beans-4.3.14.RELEASE.jar:/root/./workspace/agamazanek/SpringInAction/390374038/.m2/org/springframework/spring-core/4.3.14.RELEASE/spring-core-4.3.14.RELEASE.jar:/root/./workspace/agamazanek/SpringInAction/390374038/.m2/org/springframework/spring-expression/4.3.14.RELEASE/spring-expression-4.3.14.RELEASE.jar:/root/./workspace/agamazanek/SpringInAction/390374038/.m2/junit/junit/4.12/junit-4.12.jar:/root/./workspace/agamazanek/SpringInAction/390374038/.m2/org/hamcrest/hamcrest-core/1.3/hamcrest-core-1.3.jar:/root/./workspace/agamazanek/SpringInAction/390374038/.m2/org/springframework/spring-test/4.3.14.RELEASE/spring-test-4.3.14.RELEASE.jar:/root/./workspace/agamazanek/SpringInAction/390374038/.m2/org/springframework/boot/spring-boot-starter-web/1.5.10.RELEASE/spring-boot-starter-web-1.5.10.RELEASE.jar:/root/./workspace/agamazanek/SpringInAction/390374038/.m2/org/springframework/boot/spring-boot-starter/1.5.10.RELEASE/spring-boot-starter-1.5.10.RELEASE.jar:/root/./workspace/agamazanek/SpringInAction/390374038/.m2/org/springframework/boot/spring-boot/1.5.10.RELEASE/spring-boot-1.5.10.RELEASE.jar:/root/./workspace/agamazanek/SpringInAction/390374038/.m2/org/springframework/boot/spring-boot-autoconfigure/1.5.10.RELEASE/spring-boot-autoconfigure-1.5.10.RELEASE.jar:/root/./workspace/agamazanek/SpringInAction/390374038/.m2/org/springframework/boot/spring-boot-starter-logging/1.5.10.RELEASE/spring-boot-starter-logging-1.5.10.RELEASE.jar:/root/./workspace/agamazanek/SpringInAction/390374038/.m2/ch/qos/logback/logback-classic/1.1.11/logback-classic-1.1.11.jar:/root/./workspace/agamazanek/SpringInAction/390374038/.m2/ch/qos/logback/logback-core/1.1.11/logback-core-1.1.11.jar:/root/./workspace/agamazanek/SpringInAction/390374038/.m2/org/slf4j/jcl-over-slf4j/1.7.25/jcl-over-slf4j-1.7.25.jar:/root/./workspace/agamazanek/SpringInAction/390374038/.m2/org/slf4j/jul-to-slf4j/1.7.25/jul-to-slf4j-1.7.25.jar:/root/./workspace/agamazanek/SpringInAction/390374038/.m2/org/slf4j/log4j-over-slf4j/1.7.25/log4j-over-slf4j-1.7.25.jar:/root/./workspace/agamazanek/SpringInAction/390374038/.m2/org/yaml/snakeyaml/1.17/snakeyaml-1.17.jar:/root/./workspace/agamazanek/SpringInAction/390374038/.m2/org/springframework/boot/spring-boot-starter-tomcat/1.5.10.RELEASE/spring-boot-starter-tomcat-1.5.10.RELEASE.jar:/root/./workspace/agamazanek/SpringInAction/390374038/.m2/org/apache/tomcat/embed/tomcat-embed-core/8.5.27/tomcat-embed-core-8.5.27.jar:/root/./workspace/agamazanek/SpringInAction/390374038/.m2/org/apache/tomcat/tomcat-annotations-api/8.5.27/tomcat-annotations-api-8.5.27.jar:/root/./workspace/agamazanek/SpringInAction/390374038/.m2/org/apache/tomcat/embed/tomcat-embed-el/8.5.27/tomcat-embed-el-8.5.27.jar:/root/./workspace/agamazanek/SpringInAction/390374038/.m2/org/apache/tomcat/embed/tomcat-embed-websocket/8.5.27/tomcat-embed-websocket-8.5.27.jar:/root/./workspace/agamazanek/SpringInAction/390374038/.m2/org/hibernate/hibernate-validator/5.3.6.Final/hibernate-validator-5.3.6.Final.jar:/root/./workspace/agamazanek/SpringInAction/390374038/.m2/javax/validation/validation-api/1.1.0.Final/validation-api-1.1.0.Final.jar:/root/./workspace/agamazanek/SpringInAction/390374038/.m2/org/jboss/logging/jboss-logging/3.3.1.Final/jboss-logging-3.3.1.Final.jar:/root/./workspace/agamazanek/SpringInAction/390374038/.m2/com/fasterxml/classmate/1.3.4/classmate-1.3.4.jar:/root/./workspace/agamazanek/SpringInAction/390374038/.m2/com/fasterxml/jackson/core/jackson-databind/2.8.10/jackson-databind-2.8.10.jar:/root/./workspace/agamazanek/SpringInAction/390374038/.m2/com/fasterxml/jackson/core/jackson-annotations/2.8.0/jackson-annotations-2.8.0.jar:/root/./workspace/agamazanek/SpringInAction/390374038/.m2/com/fasterxml/jackson/core/jackson-core/2.8.10/jackson-core-2.8.10.jar:/root/./workspace/agamazanek/SpringInAction/390374038/.m2/org/springframework/spring-web/4.3.14.RELEASE/spring-web-4.3.14.RELEASE.jar:/root/./workspace/agamazanek/SpringInAction/390374038/.m2/org/springframework/spring-webmvc/4.3.14.RELEASE/spring-webmvc-4.3.14.RELEASE.jar:/root/./workspace/agamazanek/SpringInAction/390374038/.m2/org/springframework/boot/spring-boot-starter-test/1.5.10.RELEASE/spring-boot-starter-test-1.5.10.RELEASE.jar:/root/./workspace/agamazanek/SpringInAction/390374038/.m2/org/springframework/boot/spring-boot-test/1.5.10.RELEASE/spring-boot-test-1.5.10.RELEASE.jar:/root/./workspace/agamazanek/SpringInAction/390374038/.m2/org/springframework/boot/spring-boot-test-autoconfigure/1.5.10.RELEASE/spring-boot-test-autoconfigure-1.5.10.RELEASE.jar:/root/./workspace/agamazanek/SpringInAction/390374038/.m2/com/jayway/jsonpath/json-path/2.2.0/json-path-2.2.0.jar:/root/./workspace/agamazanek/SpringInAction/390374038/.m2/net/minidev/json-smart/2.2.1/json-smart-2.2.1.jar:/root/./workspace/agamazanek/SpringInAction/390374038/.m2/net/minidev/accessors-smart/1.1/accessors-smart-1.1.jar:/root/./workspace/agamazanek/SpringInAction/390374038/.m2/org/ow2/asm/asm/5.0.3/asm-5.0.3.jar:/root/./workspace/agamazanek/SpringInAction/390374038/.m2/org/slf4j/slf4j-api/1.7.25/slf4j-api-1.7.25.jar:/root/./workspace/agamazanek/SpringInAction/390374038/.m2/org/assertj/assertj-core/2.6.0/assertj-core-2.6.0.jar:/root/./workspace/agamazanek/SpringInAction/390374038/.m2/org/mockito/mockito-core/1.10.19/mockito-core-1.10.19.jar:/root/./workspace/agamazanek/SpringInAction/390374038/.m2/org/objenesis/objenesis/2.1/objenesis-2.1.jar:/root/./workspace/agamazanek/SpringInAction/390374038/.m2/org/hamcrest/hamcrest-library/1.3/hamcrest-library-1.3.jar:/root/./workspace/agamazanek/SpringInAction/390374038/.m2/org/skyscreamer/jsonassert/1.4.0/jsonassert-1.4.0.jar:/root/./workspace/agamazanek/SpringInAction/390374038/.m2/com/vaadin/external/google/android-json/0.0.20131108.vaadin1/android-json-0.0.20131108.vaadin1.jar:, java.specification.name=Java Platform API Specification, java.class.version=52.0, skip.bower=true, sun.management.compiler=HotSpot 64-Bit Tiered Compilers, maven.repo.local=/root/./workspace/agamazanek/SpringInAction/390374038/.m2, os.version=3.10.0-862.3.2.el7.x86_64, user.home=/root, user.timezone=Europe/Paris, java.awt.printerjob=sun.print.PSPrinterJob, file.encoding=UTF-8, java.specification.version=1.8, java.class.path=/root/workspace/agamazanek/SpringInAction/390374038/target/test-classes:/root/workspace/agamazanek/SpringInAction/390374038/target/classes:/root/./workspace/agamazanek/SpringInAction/390374038/.m2/org/springframework/spring-context/4.3.14.RELEASE/spring-context-4.3.14.RELEASE.jar:/root/./workspace/agamazanek/SpringInAction/390374038/.m2/org/springframework/spring-aop/4.3.14.RELEASE/spring-aop-4.3.14.RELEASE.jar:/root/./workspace/agamazanek/SpringInAction/390374038/.m2/org/springframework/spring-beans/4.3.14.RELEASE/spring-beans-4.3.14.RELEASE.jar:/root/./workspace/agamazanek/SpringInAction/390374038/.m2/org/springframework/spring-core/4.3.14.RELEASE/spring-core-4.3.14.RELEASE.jar:/root/./workspace/agamazanek/SpringInAction/390374038/.m2/org/springframework/spring-expression/4.3.14.RELEASE/spring-expression-4.3.14.RELEASE.jar:/root/./workspace/agamazanek/SpringInAction/390374038/.m2/junit/junit/4.12/junit-4.12.jar:/root/./workspace/agamazanek/SpringInAction/390374038/.m2/org/hamcrest/hamcrest-core/1.3/hamcrest-core-1.3.jar:/root/./workspace/agamazanek/SpringInAction/390374038/.m2/org/springframework/spring-test/4.3.14.RELEASE/spring-test-4.3.14.RELEASE.jar:/root/./workspace/agamazanek/SpringInAction/390374038/.m2/org/springframework/boot/spring-boot-starter-web/1.5.10.RELEASE/spring-boot-starter-web-1.5.10.RELEASE.jar:/root/./workspace/agamazanek/SpringInAction/390374038/.m2/org/springframework/boot/spring-boot-starter/1.5.10.RELEASE/spring-boot-starter-1.5.10.RELEASE.jar:/root/./workspace/agamazanek/SpringInAction/390374038/.m2/org/springframework/boot/spring-boot/1.5.10.RELEASE/spring-boot-1.5.10.RELEASE.jar:/root/./workspace/agamazanek/SpringInAction/390374038/.m2/org/springframework/boot/spring-boot-autoconfigure/1.5.10.RELEASE/spring-boot-autoconfigure-1.5.10.RELEASE.jar:/root/./workspace/agamazanek/SpringInAction/390374038/.m2/org/springframework/boot/spring-boot-starter-logging/1.5.10.RELEASE/spring-boot-starter-logging-1.5.10.RELEASE.jar:/root/./workspace/agamazanek/SpringInAction/390374038/.m2/ch/qos/logback/logback-classic/1.1.11/logback-classic-1.1.11.jar:/root/./workspace/agamazanek/SpringInAction/390374038/.m2/ch/qos/logback/logback-core/1.1.11/logback-core-1.1.11.jar:/root/./workspace/agamazanek/SpringInAction/390374038/.m2/org/slf4j/jcl-over-slf4j/1.7.25/jcl-over-slf4j-1.7.25.jar:/root/./workspace/agamazanek/SpringInAction/390374038/.m2/org/slf4j/jul-to-slf4j/1.7.25/jul-to-slf4j-1.7.25.jar:/root/./workspace/agamazanek/SpringInAction/390374038/.m2/org/slf4j/log4j-over-slf4j/1.7.25/log4j-over-slf4j-1.7.25.jar:/root/./workspace/agamazanek/SpringInAction/390374038/.m2/org/yaml/snakeyaml/1.17/snakeyaml-1.17.jar:/root/./workspace/agamazanek/SpringInAction/390374038/.m2/org/springframework/boot/spring-boot-starter-tomcat/1.5.10.RELEASE/spring-boot-starter-tomcat-1.5.10.RELEASE.jar:/root/./workspace/agamazanek/SpringInAction/390374038/.m2/org/apache/tomcat/embed/tomcat-embed-core/8.5.27/tomcat-embed-core-8.5.27.jar:/root/./workspace/agamazanek/SpringInAction/390374038/.m2/org/apache/tomcat/tomcat-annotations-api/8.5.27/tomcat-annotations-api-8.5.27.jar:/root/./workspace/agamazanek/SpringInAction/390374038/.m2/org/apache/tomcat/embed/tomcat-embed-el/8.5.27/tomcat-embed-el-8.5.27.jar:/root/./workspace/agamazanek/SpringInAction/390374038/.m2/org/apache/tomcat/embed/tomcat-embed-websocket/8.5.27/tomcat-embed-websocket-8.5.27.jar:/root/./workspace/agamazanek/SpringInAction/390374038/.m2/org/hibernate/hibernate-validator/5.3.6.Final/hibernate-validator-5.3.6.Final.jar:/root/./workspace/agamazanek/SpringInAction/390374038/.m2/javax/validation/validation-api/1.1.0.Final/validation-api-1.1.0.Final.jar:/root/./workspace/agamazanek/SpringInAction/390374038/.m2/org/jboss/logging/jboss-logging/3.3.1.Final/jboss-logging-3.3.1.Final.jar:/root/./workspace/agamazanek/SpringInAction/390374038/.m2/com/fasterxml/classmate/1.3.4/classmate-1.3.4.jar:/root/./workspace/agamazanek/SpringInAction/390374038/.m2/com/fasterxml/jackson/core/jackson-databind/2.8.10/jackson-databind-2.8.10.jar:/root/./workspace/agamazanek/SpringInAction/390374038/.m2/com/fasterxml/jackson/core/jackson-annotations/2.8.0/jackson-annotations-2.8.0.jar:/root/./workspace/agamazanek/SpringInAction/390374038/.m2/com/fasterxml/jackson/core/jackson-core/2.8.10/jackson-core-2.8.10.jar:/root/./workspace/agamazanek/SpringInAction/390374038/.m2/org/springframework/spring-web/4.3.14.RELEASE/spring-web-4.3.14.RELEASE.jar:/root/./workspace/agamazanek/SpringInAction/390374038/.m2/org/springframework/spring-webmvc/4.3.14.RELEASE/spring-webmvc-4.3.14.RELEASE.jar:/root/./workspace/agamazanek/SpringInAction/390374038/.m2/org/springframework/boot/spring-boot-starter-test/1.5.10.RELEASE/spring-boot-starter-test-1.5.10.RELEASE.jar:/root/./workspace/agamazanek/SpringInAction/390374038/.m2/org/springframework/boot/spring-boot-test/1.5.10.RELEASE/spring-boot-test-1.5.10.RELEASE.jar:/root/./workspace/agamazanek/SpringInAction/390374038/.m2/org/springframework/boot/spring-boot-test-autoconfigure/1.5.10.RELEASE/spring-boot-test-autoconfigure-1.5.10.RELEASE.jar:/root/./workspace/agamazanek/SpringInAction/390374038/.m2/com/jayway/jsonpath/json-path/2.2.0/json-path-2.2.0.jar:/root/./workspace/agamazanek/SpringInAction/390374038/.m2/net/minidev/json-smart/2.2.1/json-smart-2.2.1.jar:/root/./workspace/agamazanek/SpringInAction/390374038/.m2/net/minidev/accessors-smart/1.1/accessors-smart-1.1.jar:/root/./workspace/agamazanek/SpringInAction/390374038/.m2/org/ow2/asm/asm/5.0.3/asm-5.0.3.jar:/root/./workspace/agamazanek/SpringInAction/390374038/.m2/org/slf4j/slf4j-api/1.7.25/slf4j-api-1.7.25.jar:/root/./workspace/agamazanek/SpringInAction/390374038/.m2/org/assertj/assertj-core/2.6.0/assertj-core-2.6.0.jar:/root/./workspace/agamazanek/SpringInAction/390374038/.m2/org/mockito/mockito-core/1.10.19/mockito-core-1.10.19.jar:/root/./workspace/agamazanek/SpringInAction/390374038/.m2/org/objenesis/objenesis/2.1/objenesis-2.1.jar:/root/./workspace/agamazanek/SpringInAction/390374038/.m2/org/hamcrest/hamcrest-library/1.3/hamcrest-library-1.3.jar:/root/./workspace/agamazanek/SpringInAction/390374038/.m2/org/skyscreamer/jsonassert/1.4.0/jsonassert-1.4.0.jar:/root/./workspace/agamazanek/SpringInAction/390374038/.m2/com/vaadin/external/google/android-json/0.0.20131108.vaadin1/android-json-0.0.20131108.vaadin1.jar:, user.name=root, skipITs=true, java.vm.specification.version=1.8, sun.java.command=/root/workspace/agamazanek/SpringInAction/390374038/target/surefire/surefirebooter4673542611829288660.jar /root/workspace/agamazanek/SpringInAction/390374038/target/surefire/surefire2588050209964627096tmp /root/workspace/agamazanek/SpringInAction/390374038/target/surefire/surefire_07657119305049014341tmp, java.home=/usr/lib/jvm/java-8-openjdk-amd64/jre, sun.arch.data.model=64, user.language=en, java.specification.vendor=Oracle Corporation, dependency-check.skip=true, awt.toolkit=sun.awt.X11.XToolkit, java.vm.info=mixed mode, java.version=1.8.0_121, java.ext.dirs=/usr/lib/jvm/java-8-openjdk-amd64/jre/lib/ext:/usr/java/packages/lib/ext, sun.boot.class.path=/usr/lib/jvm/java-8-openjdk-amd64/jre/lib/resources.jar:/usr/lib/jvm/java-8-openjdk-amd64/jre/lib/rt.jar:/usr/lib/jvm/java-8-openjdk-amd64/jre/lib/sunrsasign.jar:/usr/lib/jvm/java-8-openjdk-amd64/jre/lib/jsse.jar:/usr/lib/jvm/java-8-openjdk-amd64/jre/lib/jce.jar:/usr/lib/jvm/java-8-openjdk-amd64/jre/lib/charsets.jar:/usr/lib/jvm/java-8-openjdk-amd64/jre/lib/jfr.jar:/usr/lib/jvm/java-8-openjdk-amd64/jre/classes, rat.skip=true, enforcer.skip=true, java.vendor=Oracle Corporation, localRepository=/root/./workspace/agamazanek/SpringInAction/390374038/.m2, file.separator=/, java.vendor.url.bug=http://bugreport.sun.com/bugreport/, sun.io.unicode.encoding=UnicodeLittle, sun.cpu.endian=little, sun.cpu.isalist=}}, SystemEnvironmentPropertySource@883151184 {name='systemEnvironment', properties={PATH=/usr/local/sbin:/usr/local/bin:/usr/sbin:/usr/bin:/sbin:/bin, JAVA_HOME=/usr/lib/jvm/java-8-openjdk-amd64, NOTIFY_TO=, CA_CERTIFICATES_JAVA_VERSION=20161107~bpo8+1, MONGODB_HOST=, BUILD_ID=, LANG=C.UTF-8, MAVEN_HOME=/usr/share/maven, SMTP_SERVER=, MONGODB_NAME=, REPAIR_MODE=repair, PWD=/root/workspace/agamazanek/SpringInAction/390374038, JAVA_VERSION=8u121, GITHUB_OAUTH=, MAVEN_CMD_LINE_ARGS=/root/.m2 -B -D enforcer.skip=true -D dependency-check.skip=true -D skipITs=true -D cobertura.skip=true -D maven.repo.local=/root/./workspace/agamazanek/SpringInAction/390374038/.m2 -D rat.skip=true -D findbugs.skip=true -D skip.bower=true -D gpg.skip=true -D checkstyle.skip=true -D skip.gulp=true -D license.skip=true -D skip.npm=true test, _=/usr/bin/java, OUTPUT=, MAVEN_TERMINATE_CMD=on, MAVEN_CONFIG=/root/.m2, MAVEN_PROJECTBASEDIR=/root/workspace/agamazanek/SpringInAction/390374038, OLDPWD=/root/workspace/agamazanek/SpringInAction/390374038, LOG_FILENAME=repairnator-pipeline_2018-06-10_1352_390374038_5a77b685-d098-401d-b168-01e076b51223, RUN_ID=, HOSTNAME=cyclone1, JAVA_DEBIAN_VERSION=8u121-b13-1~bpo8+1, M2_HOME=/usr/share/maven, REPAIR_TOOLS=AssertFixer, HOME=/root, SHLVL=1, PUSH_URL=}}]
13:53:17.629 [main] DEBUG org.springframework.core.env.MutablePropertySources - Adding PropertySource 'inline' with highest search precedence
13:53:17.634 [main] DEBUG org.springframework.test.context.support.TestPropertySourceUtils - Adding inlined properties to environment: {spring.jmx.enabled=false, org.springframework.boot.test.context.SpringBootTestContextBootstrapper=true, server.port=-1}
13:53:17.634 [main] DEBUG org.springframework.core.env.StandardEnvironment - Adding PropertySource 'Inlined Test Properties' with highest search precedence

  .   ____          _            __ _ _
 /\\ / ___'_ __ _ _(_)_ __  __ _ \ \ \ \
( ( )\___ | '_ | '_| | '_ \/ _` | \ \ \ \
 \\/  ___)| |_)| | | | | || (_| |  ) ) ) )
  '  |____| .__|_| |_|_| |_\__, | / / / /
 =========|_|==============|___/=/_/_/_/
 :: Spring Boot ::       (v1.5.10.RELEASE)

2018-06-10 13:53:17.947  INFO 169 --- [           main] p.s.j.forum.domain.ForumControllerTest   : Starting ForumControllerTest on cyclone1 with PID 169 (started by root in /root/workspace/agamazanek/SpringInAction/390374038)
2018-06-10 13:53:17.948  INFO 169 --- [           main] p.s.j.forum.domain.ForumControllerTest   : No active profile set, falling back to default profiles: default
2018-06-10 13:53:17.971  INFO 169 --- [           main] o.s.w.c.s.GenericWebApplicationContext   : Refreshing org.springframework.web.context.support.GenericWebApplicationContext@73e9cf30: startup date [Sun Jun 10 13:53:17 CEST 2018]; root of context hierarchy
2018-06-10 13:53:19.156  INFO 169 --- [           main] o.s.b.t.m.w.SpringBootMockServletContext : Initializing Spring FrameworkServlet ''
2018-06-10 13:53:19.156  INFO 169 --- [           main] o.s.t.web.servlet.TestDispatcherServlet  : FrameworkServlet '': initialization started
2018-06-10 13:53:19.348  INFO 169 --- [           main] s.w.s.m.m.a.RequestMappingHandlerMapping : Mapped "{[/forum/forum/hello-forum/{name}]}" onto public java.lang.String pl.sda.jira.forum.domain.ForumController.helloForumSomeone(java.lang.String)
2018-06-10 13:53:19.350  INFO 169 --- [           main] s.w.s.m.m.a.RequestMappingHandlerMapping : Mapped "{[/forum/forum/hello2/{name},{surname}]}" onto public java.lang.String pl.sda.jira.forum.domain.ForumController.helloForumWithFewParams(java.lang.String,java.lang.String)
2018-06-10 13:53:19.350  INFO 169 --- [           main] s.w.s.m.m.a.RequestMappingHandlerMapping : Mapped "{[/forum/forum/hello]}" onto public java.lang.String pl.sda.jira.forum.domain.ForumController.helloForum(java.lang.String)
2018-06-10 13:53:19.357  INFO 169 --- [           main] s.w.s.m.m.a.RequestMappingHandlerMapping : Mapped "{[/error],produces=[text/html]}" onto public org.springframework.web.servlet.ModelAndView org.springframework.boot.autoconfigure.web.BasicErrorController.errorHtml(javax.servlet.http.HttpServletRequest,javax.servlet.http.HttpServletResponse)
2018-06-10 13:53:19.358  INFO 169 --- [           main] s.w.s.m.m.a.RequestMappingHandlerMapping : Mapped "{[/error]}" onto public org.springframework.http.ResponseEntity<java.util.Map<java.lang.String, java.lang.Object>> org.springframework.boot.autoconfigure.web.BasicErrorController.error(javax.servlet.http.HttpServletRequest)
2018-06-10 13:53:19.409  INFO 169 --- [           main] o.s.w.s.handler.SimpleUrlHandlerMapping  : Mapped URL path [/webjars/**] onto handler of type [class org.springframework.web.servlet.resource.ResourceHttpRequestHandler]
2018-06-10 13:53:19.409  INFO 169 --- [           main] o.s.w.s.handler.SimpleUrlHandlerMapping  : Mapped URL path [/**] onto handler of type [class org.springframework.web.servlet.resource.ResourceHttpRequestHandler]
2018-06-10 13:53:19.435  INFO 169 --- [           main] o.s.w.s.handler.SimpleUrlHandlerMapping  : Mapped URL path [/**/favicon.ico] onto handler of type [class org.springframework.web.servlet.resource.ResourceHttpRequestHandler]
2018-06-10 13:53:19.691  INFO 169 --- [           main] s.w.s.m.m.a.RequestMappingHandlerAdapter : Looking for @ControllerAdvice: org.springframework.web.context.support.GenericWebApplicationContext@73e9cf30: startup date [Sun Jun 10 13:53:17 CEST 2018]; root of context hierarchy
2018-06-10 13:53:19.847  INFO 169 --- [           main] o.s.t.web.servlet.TestDispatcherServlet  : FrameworkServlet '': initialization completed in 690 ms
2018-06-10 13:53:20.040  INFO 169 --- [           main] p.s.j.forum.domain.ForumControllerTest   : Started ForumControllerTest in 2.396 seconds (JVM running for 3.176)

MockHttpServletRequest:
      HTTP Method = GET
      Request URI = /forum/hello
       Parameters = {name=[Marcin]}
          Headers = {}

Handler:
             Type = org.springframework.web.servlet.resource.ResourceHttpRequestHandler

Async:
    Async started = false
     Async result = null

Resolved Exception:
             Type = null

ModelAndView:
        View name = null
             View = null
            Model = null

FlashMap:
       Attributes = null

MockHttpServletResponse:
           Status = 404
    Error message = null
          Headers = {}
     Content type = null
             Body = 
    Forwarded URL = null
   Redirected URL = null
          Cookies = []
]]></system-out>
  </testcase>
  <testcase name="shouldSayHelloToMarcinWithFewParams" classname="pl.sda.jira.forum.domain.ForumControllerTest" time="0.008">
    <failure message="expected:&lt;200&gt; but was:&lt;404&gt;" type="java.lang.AssertionError"><![CDATA[java.lang.AssertionError: expected:<200> but was:<404>
	at org.junit.Assert.fail(Assert.java:88)
	at org.junit.Assert.failNotEquals(Assert.java:834)
	at org.junit.Assert.assertEquals(Assert.java:645)
	at org.junit.Assert.assertEquals(Assert.java:631)
	at pl.sda.jira.forum.domain.ForumControllerTest.shouldSayHelloToMarcinWithFewParams(ForumControllerTest.java:47)
]]></failure>
    <system-out><![CDATA[
MockHttpServletRequest:
      HTTP Method = GET
      Request URI = /forum/hello
       Parameters = {name=[Marcin]}
          Headers = {}

Handler:
             Type = org.springframework.web.servlet.resource.ResourceHttpRequestHandler

Async:
    Async started = false
     Async result = null

Resolved Exception:
             Type = null

ModelAndView:
        View name = null
             View = null
            Model = null

FlashMap:
       Attributes = null

MockHttpServletResponse:
           Status = 404
    Error message = null
          Headers = {}
     Content type = null
             Body = 
    Forwarded URL = null
   Redirected URL = null
          Cookies = []

MockHttpServletRequest:
      HTTP Method = GET
      Request URI = /forum/hello2/Marcin,Dziedzic
       Parameters = {}
          Headers = {}

Handler:
             Type = org.springframework.web.servlet.resource.ResourceHttpRequestHandler

Async:
    Async started = false
     Async result = null

Resolved Exception:
             Type = null

ModelAndView:
        View name = null
             View = null
            Model = null

FlashMap:
       Attributes = null

MockHttpServletResponse:
           Status = 404
    Error message = null
          Headers = {}
     Content type = null
             Body = 
    Forwarded URL = null
   Redirected URL = null
          Cookies = []
]]></system-out>
  </testcase>
  <testcase name="shouldSayHelloToMarcin" classname="pl.sda.jira.forum.domain.ForumControllerTest" time="0.02">
    <failure message="expected:&lt;200&gt; but was:&lt;404&gt;" type="java.lang.AssertionError"><![CDATA[java.lang.AssertionError: expected:<200> but was:<404>
	at org.junit.Assert.fail(Assert.java:88)
	at org.junit.Assert.failNotEquals(Assert.java:834)
	at org.junit.Assert.assertEquals(Assert.java:645)
	at org.junit.Assert.assertEquals(Assert.java:631)
	at pl.sda.jira.forum.domain.ForumControllerTest.shouldSayHelloToMarcin(ForumControllerTest.java:27)
]]></failure>
    <system-out><![CDATA[
MockHttpServletRequest:
      HTTP Method = GET
      Request URI = /forum/hello
       Parameters = {name=[Marcin]}
          Headers = {}

Handler:
             Type = org.springframework.web.servlet.resource.ResourceHttpRequestHandler

Async:
    Async started = false
     Async result = null

Resolved Exception:
             Type = null

ModelAndView:
        View name = null
             View = null
            Model = null

FlashMap:
       Attributes = null

MockHttpServletResponse:
           Status = 404
    Error message = null
          Headers = {}
     Content type = null
             Body = 
    Forwarded URL = null
   Redirected URL = null
          Cookies = []

MockHttpServletRequest:
      HTTP Method = GET
      Request URI = /forum/hello2/Marcin,Dziedzic
       Parameters = {}
          Headers = {}

Handler:
             Type = org.springframework.web.servlet.resource.ResourceHttpRequestHandler

Async:
    Async started = false
     Async result = null

Resolved Exception:
             Type = null

ModelAndView:
        View name = null
             View = null
            Model = null

FlashMap:
       Attributes = null

MockHttpServletResponse:
           Status = 404
    Error message = null
          Headers = {}
     Content type = null
             Body = 
    Forwarded URL = null
   Redirected URL = null
          Cookies = []

MockHttpServletRequest:
      HTTP Method = GET
      Request URI = /forum/hello
       Parameters = {name=[Marcin]}
          Headers = {}

Handler:
             Type = org.springframework.web.servlet.resource.ResourceHttpRequestHandler

Async:
    Async started = false
     Async result = null

Resolved Exception:
             Type = null

ModelAndView:
        View name = null
             View = null
            Model = null

FlashMap:
       Attributes = null

MockHttpServletResponse:
           Status = 404
    Error message = null
          Headers = {}
     Content type = null
             Body = 
    Forwarded URL = null
   Redirected URL = null
          Cookies = []
]]></system-out>
  </testcase>
</testsuite>