<?xml version="1.0" encoding="UTF-8"?>
<testsuite xmlns:xsi="http://www.w3.org/2001/XMLSchema-instance" xsi:noNamespaceSchemaLocation="https://maven.apache.org/surefire/maven-surefire-plugin/xsd/surefire-test-report.xsd" name="pl.edu.prz.kia.universityproject.UniversityProjectApplicationTests" time="5.255" tests="1" errors="1" skipped="0" failures="0">
  <properties>
    <property name="awt.toolkit" value="sun.awt.X11.XToolkit"/>
    <property name="file.encoding.pkg" value="sun.io"/>
    <property name="java.specification.version" value="1.8"/>
    <property name="sun.cpu.isalist" value=""/>
    <property name="sun.jnu.encoding" value="UTF-8"/>
    <property name="java.class.path" value="/root/workspace/rmitula/spring-mvc-university-project/382662043/target/test-classes:/root/workspace/rmitula/spring-mvc-university-project/382662043/target/classes:/root/./workspace/rmitula/spring-mvc-university-project/382662043/.m2/org/springframework/boot/spring-boot-starter-data-jpa/2.0.0.RELEASE/spring-boot-starter-data-jpa-2.0.0.RELEASE.jar:/root/./workspace/rmitula/spring-mvc-university-project/382662043/.m2/org/springframework/boot/spring-boot-starter/2.0.0.RELEASE/spring-boot-starter-2.0.0.RELEASE.jar:/root/./workspace/rmitula/spring-mvc-university-project/382662043/.m2/org/springframework/boot/spring-boot-starter-logging/2.0.0.RELEASE/spring-boot-starter-logging-2.0.0.RELEASE.jar:/root/./workspace/rmitula/spring-mvc-university-project/382662043/.m2/ch/qos/logback/logback-classic/1.2.3/logback-classic-1.2.3.jar:/root/./workspace/rmitula/spring-mvc-university-project/382662043/.m2/ch/qos/logback/logback-core/1.2.3/logback-core-1.2.3.jar:/root/./workspace/rmitula/spring-mvc-university-project/382662043/.m2/org/apache/logging/log4j/log4j-to-slf4j/2.10.0/log4j-to-slf4j-2.10.0.jar:/root/./workspace/rmitula/spring-mvc-university-project/382662043/.m2/org/apache/logging/log4j/log4j-api/2.10.0/log4j-api-2.10.0.jar:/root/./workspace/rmitula/spring-mvc-university-project/382662043/.m2/org/slf4j/jul-to-slf4j/1.7.25/jul-to-slf4j-1.7.25.jar:/root/./workspace/rmitula/spring-mvc-university-project/382662043/.m2/javax/annotation/javax.annotation-api/1.3.2/javax.annotation-api-1.3.2.jar:/root/./workspace/rmitula/spring-mvc-university-project/382662043/.m2/org/yaml/snakeyaml/1.19/snakeyaml-1.19.jar:/root/./workspace/rmitula/spring-mvc-university-project/382662043/.m2/org/springframework/boot/spring-boot-starter-aop/2.0.0.RELEASE/spring-boot-starter-aop-2.0.0.RELEASE.jar:/root/./workspace/rmitula/spring-mvc-university-project/382662043/.m2/org/aspectj/aspectjweaver/1.8.13/aspectjweaver-1.8.13.jar:/root/./workspace/rmitula/spring-mvc-university-project/382662043/.m2/org/springframework/boot/spring-boot-starter-jdbc/2.0.0.RELEASE/spring-boot-starter-jdbc-2.0.0.RELEASE.jar:/root/./workspace/rmitula/spring-mvc-university-project/382662043/.m2/com/zaxxer/HikariCP/2.7.8/HikariCP-2.7.8.jar:/root/./workspace/rmitula/spring-mvc-university-project/382662043/.m2/org/springframework/spring-jdbc/5.0.4.RELEASE/spring-jdbc-5.0.4.RELEASE.jar:/root/./workspace/rmitula/spring-mvc-university-project/382662043/.m2/org/hibernate/hibernate-core/5.2.14.Final/hibernate-core-5.2.14.Final.jar:/root/./workspace/rmitula/spring-mvc-university-project/382662043/.m2/org/jboss/logging/jboss-logging/3.3.2.Final/jboss-logging-3.3.2.Final.jar:/root/./workspace/rmitula/spring-mvc-university-project/382662043/.m2/org/hibernate/javax/persistence/hibernate-jpa-2.1-api/1.0.0.Final/hibernate-jpa-2.1-api-1.0.0.Final.jar:/root/./workspace/rmitula/spring-mvc-university-project/382662043/.m2/org/javassist/javassist/3.22.0-GA/javassist-3.22.0-GA.jar:/root/./workspace/rmitula/spring-mvc-university-project/382662043/.m2/antlr/antlr/2.7.7/antlr-2.7.7.jar:/root/./workspace/rmitula/spring-mvc-university-project/382662043/.m2/org/jboss/jandex/2.0.3.Final/jandex-2.0.3.Final.jar:/root/./workspace/rmitula/spring-mvc-university-project/382662043/.m2/com/fasterxml/classmate/1.3.4/classmate-1.3.4.jar:/root/./workspace/rmitula/spring-mvc-university-project/382662043/.m2/dom4j/dom4j/1.6.1/dom4j-1.6.1.jar:/root/./workspace/rmitula/spring-mvc-university-project/382662043/.m2/org/hibernate/common/hibernate-commons-annotations/5.0.1.Final/hibernate-commons-annotations-5.0.1.Final.jar:/root/./workspace/rmitula/spring-mvc-university-project/382662043/.m2/javax/transaction/javax.transaction-api/1.2/javax.transaction-api-1.2.jar:/root/./workspace/rmitula/spring-mvc-university-project/382662043/.m2/org/springframework/data/spring-data-jpa/2.0.5.RELEASE/spring-data-jpa-2.0.5.RELEASE.jar:/root/./workspace/rmitula/spring-mvc-university-project/382662043/.m2/org/springframework/data/spring-data-commons/2.0.5.RELEASE/spring-data-commons-2.0.5.RELEASE.jar:/root/./workspace/rmitula/spring-mvc-university-project/382662043/.m2/org/springframework/spring-orm/5.0.4.RELEASE/spring-orm-5.0.4.RELEASE.jar:/root/./workspace/rmitula/spring-mvc-university-project/382662043/.m2/org/springframework/spring-context/5.0.4.RELEASE/spring-context-5.0.4.RELEASE.jar:/root/./workspace/rmitula/spring-mvc-university-project/382662043/.m2/org/springframework/spring-tx/5.0.4.RELEASE/spring-tx-5.0.4.RELEASE.jar:/root/./workspace/rmitula/spring-mvc-university-project/382662043/.m2/org/springframework/spring-beans/5.0.4.RELEASE/spring-beans-5.0.4.RELEASE.jar:/root/./workspace/rmitula/spring-mvc-university-project/382662043/.m2/org/springframework/spring-aspects/5.0.4.RELEASE/spring-aspects-5.0.4.RELEASE.jar:/root/./workspace/rmitula/spring-mvc-university-project/382662043/.m2/org/springframework/boot/spring-boot-devtools/2.0.0.RELEASE/spring-boot-devtools-2.0.0.RELEASE.jar:/root/./workspace/rmitula/spring-mvc-university-project/382662043/.m2/org/springframework/boot/spring-boot/2.0.0.RELEASE/spring-boot-2.0.0.RELEASE.jar:/root/./workspace/rmitula/spring-mvc-university-project/382662043/.m2/org/springframework/boot/spring-boot-autoconfigure/2.0.0.RELEASE/spring-boot-autoconfigure-2.0.0.RELEASE.jar:/root/./workspace/rmitula/spring-mvc-university-project/382662043/.m2/org/springframework/boot/spring-boot-starter-security/2.0.0.RELEASE/spring-boot-starter-security-2.0.0.RELEASE.jar:/root/./workspace/rmitula/spring-mvc-university-project/382662043/.m2/org/springframework/spring-aop/5.0.4.RELEASE/spring-aop-5.0.4.RELEASE.jar:/root/./workspace/rmitula/spring-mvc-university-project/382662043/.m2/org/springframework/security/spring-security-config/5.0.3.RELEASE/spring-security-config-5.0.3.RELEASE.jar:/root/./workspace/rmitula/spring-mvc-university-project/382662043/.m2/org/springframework/security/spring-security-web/5.0.3.RELEASE/spring-security-web-5.0.3.RELEASE.jar:/root/./workspace/rmitula/spring-mvc-university-project/382662043/.m2/org/springframework/spring-expression/5.0.4.RELEASE/spring-expression-5.0.4.RELEASE.jar:/root/./workspace/rmitula/spring-mvc-university-project/382662043/.m2/org/springframework/boot/spring-boot-starter-thymeleaf/2.0.0.RELEASE/spring-boot-starter-thymeleaf-2.0.0.RELEASE.jar:/root/./workspace/rmitula/spring-mvc-university-project/382662043/.m2/org/thymeleaf/thymeleaf-spring5/3.0.9.RELEASE/thymeleaf-spring5-3.0.9.RELEASE.jar:/root/./workspace/rmitula/spring-mvc-university-project/382662043/.m2/org/thymeleaf/thymeleaf/3.0.9.RELEASE/thymeleaf-3.0.9.RELEASE.jar:/root/./workspace/rmitula/spring-mvc-university-project/382662043/.m2/org/attoparser/attoparser/2.0.4.RELEASE/attoparser-2.0.4.RELEASE.jar:/root/./workspace/rmitula/spring-mvc-university-project/382662043/.m2/org/unbescape/unbescape/1.1.5.RELEASE/unbescape-1.1.5.RELEASE.jar:/root/./workspace/rmitula/spring-mvc-university-project/382662043/.m2/org/thymeleaf/extras/thymeleaf-extras-java8time/3.0.1.RELEASE/thymeleaf-extras-java8time-3.0.1.RELEASE.jar:/root/./workspace/rmitula/spring-mvc-university-project/382662043/.m2/org/springframework/boot/spring-boot-starter-web/2.0.0.RELEASE/spring-boot-starter-web-2.0.0.RELEASE.jar:/root/./workspace/rmitula/spring-mvc-university-project/382662043/.m2/org/springframework/boot/spring-boot-starter-json/2.0.0.RELEASE/spring-boot-starter-json-2.0.0.RELEASE.jar:/root/./workspace/rmitula/spring-mvc-university-project/382662043/.m2/com/fasterxml/jackson/core/jackson-databind/2.9.4/jackson-databind-2.9.4.jar:/root/./workspace/rmitula/spring-mvc-university-project/382662043/.m2/com/fasterxml/jackson/core/jackson-annotations/2.9.0/jackson-annotations-2.9.0.jar:/root/./workspace/rmitula/spring-mvc-university-project/382662043/.m2/com/fasterxml/jackson/core/jackson-core/2.9.4/jackson-core-2.9.4.jar:/root/./workspace/rmitula/spring-mvc-university-project/382662043/.m2/com/fasterxml/jackson/datatype/jackson-datatype-jdk8/2.9.4/jackson-datatype-jdk8-2.9.4.jar:/root/./workspace/rmitula/spring-mvc-university-project/382662043/.m2/com/fasterxml/jackson/datatype/jackson-datatype-jsr310/2.9.4/jackson-datatype-jsr310-2.9.4.jar:/root/./workspace/rmitula/spring-mvc-university-project/382662043/.m2/com/fasterxml/jackson/module/jackson-module-parameter-names/2.9.4/jackson-module-parameter-names-2.9.4.jar:/root/./workspace/rmitula/spring-mvc-university-project/382662043/.m2/org/springframework/boot/spring-boot-starter-tomcat/2.0.0.RELEASE/spring-boot-starter-tomcat-2.0.0.RELEASE.jar:/root/./workspace/rmitula/spring-mvc-university-project/382662043/.m2/org/apache/tomcat/embed/tomcat-embed-websocket/8.5.28/tomcat-embed-websocket-8.5.28.jar:/root/./workspace/rmitula/spring-mvc-university-project/382662043/.m2/org/hibernate/validator/hibernate-validator/6.0.7.Final/hibernate-validator-6.0.7.Final.jar:/root/./workspace/rmitula/spring-mvc-university-project/382662043/.m2/javax/validation/validation-api/2.0.1.Final/validation-api-2.0.1.Final.jar:/root/./workspace/rmitula/spring-mvc-university-project/382662043/.m2/org/springframework/spring-web/5.0.4.RELEASE/spring-web-5.0.4.RELEASE.jar:/root/./workspace/rmitula/spring-mvc-university-project/382662043/.m2/org/springframework/spring-webmvc/5.0.4.RELEASE/spring-webmvc-5.0.4.RELEASE.jar:/root/./workspace/rmitula/spring-mvc-university-project/382662043/.m2/com/h2database/h2/1.4.196/h2-1.4.196.jar:/root/./workspace/rmitula/spring-mvc-university-project/382662043/.m2/net/sourceforge/nekohtml/nekohtml/1.9.21/nekohtml-1.9.21.jar:/root/./workspace/rmitula/spring-mvc-university-project/382662043/.m2/xerces/xercesImpl/2.10.0/xercesImpl-2.10.0.jar:/root/./workspace/rmitula/spring-mvc-university-project/382662043/.m2/xml-apis/xml-apis/1.4.01/xml-apis-1.4.01.jar:/root/./workspace/rmitula/spring-mvc-university-project/382662043/.m2/org/thymeleaf/extras/thymeleaf-extras-springsecurity4/3.0.2.RELEASE/thymeleaf-extras-springsecurity4-3.0.2.RELEASE.jar:/root/./workspace/rmitula/spring-mvc-university-project/382662043/.m2/org/slf4j/slf4j-api/1.7.25/slf4j-api-1.7.25.jar:/root/./workspace/rmitula/spring-mvc-university-project/382662043/.m2/org/apache/tomcat/embed/tomcat-embed-jasper/8.5.28/tomcat-embed-jasper-8.5.28.jar:/root/./workspace/rmitula/spring-mvc-university-project/382662043/.m2/org/apache/tomcat/embed/tomcat-embed-core/8.5.28/tomcat-embed-core-8.5.28.jar:/root/./workspace/rmitula/spring-mvc-university-project/382662043/.m2/org/apache/tomcat/tomcat-annotations-api/8.5.28/tomcat-annotations-api-8.5.28.jar:/root/./workspace/rmitula/spring-mvc-university-project/382662043/.m2/org/apache/tomcat/embed/tomcat-embed-el/8.5.28/tomcat-embed-el-8.5.28.jar:/root/./workspace/rmitula/spring-mvc-university-project/382662043/.m2/org/eclipse/jdt/ecj/3.12.3/ecj-3.12.3.jar:/root/./workspace/rmitula/spring-mvc-university-project/382662043/.m2/org/springframework/boot/spring-boot-starter-test/2.0.0.RELEASE/spring-boot-starter-test-2.0.0.RELEASE.jar:/root/./workspace/rmitula/spring-mvc-university-project/382662043/.m2/org/springframework/boot/spring-boot-test/2.0.0.RELEASE/spring-boot-test-2.0.0.RELEASE.jar:/root/./workspace/rmitula/spring-mvc-university-project/382662043/.m2/org/springframework/boot/spring-boot-test-autoconfigure/2.0.0.RELEASE/spring-boot-test-autoconfigure-2.0.0.RELEASE.jar:/root/./workspace/rmitula/spring-mvc-university-project/382662043/.m2/com/jayway/jsonpath/json-path/2.4.0/json-path-2.4.0.jar:/root/./workspace/rmitula/spring-mvc-university-project/382662043/.m2/net/minidev/json-smart/2.3/json-smart-2.3.jar:/root/./workspace/rmitula/spring-mvc-university-project/382662043/.m2/net/minidev/accessors-smart/1.2/accessors-smart-1.2.jar:/root/./workspace/rmitula/spring-mvc-university-project/382662043/.m2/org/ow2/asm/asm/5.0.4/asm-5.0.4.jar:/root/./workspace/rmitula/spring-mvc-university-project/382662043/.m2/junit/junit/4.12/junit-4.12.jar:/root/./workspace/rmitula/spring-mvc-university-project/382662043/.m2/org/assertj/assertj-core/3.9.1/assertj-core-3.9.1.jar:/root/./workspace/rmitula/spring-mvc-university-project/382662043/.m2/org/mockito/mockito-core/2.15.0/mockito-core-2.15.0.jar:/root/./workspace/rmitula/spring-mvc-university-project/382662043/.m2/net/bytebuddy/byte-buddy/1.7.10/byte-buddy-1.7.10.jar:/root/./workspace/rmitula/spring-mvc-university-project/382662043/.m2/net/bytebuddy/byte-buddy-agent/1.7.10/byte-buddy-agent-1.7.10.jar:/root/./workspace/rmitula/spring-mvc-university-project/382662043/.m2/org/objenesis/objenesis/2.6/objenesis-2.6.jar:/root/./workspace/rmitula/spring-mvc-university-project/382662043/.m2/org/hamcrest/hamcrest-core/1.3/hamcrest-core-1.3.jar:/root/./workspace/rmitula/spring-mvc-university-project/382662043/.m2/org/hamcrest/hamcrest-library/1.3/hamcrest-library-1.3.jar:/root/./workspace/rmitula/spring-mvc-university-project/382662043/.m2/org/skyscreamer/jsonassert/1.5.0/jsonassert-1.5.0.jar:/root/./workspace/rmitula/spring-mvc-university-project/382662043/.m2/com/vaadin/external/google/android-json/0.0.20131108.vaadin1/android-json-0.0.20131108.vaadin1.jar:/root/./workspace/rmitula/spring-mvc-university-project/382662043/.m2/org/springframework/spring-core/5.0.4.RELEASE/spring-core-5.0.4.RELEASE.jar:/root/./workspace/rmitula/spring-mvc-university-project/382662043/.m2/org/springframework/spring-jcl/5.0.4.RELEASE/spring-jcl-5.0.4.RELEASE.jar:/root/./workspace/rmitula/spring-mvc-university-project/382662043/.m2/org/springframework/spring-test/5.0.4.RELEASE/spring-test-5.0.4.RELEASE.jar:/root/./workspace/rmitula/spring-mvc-university-project/382662043/.m2/org/xmlunit/xmlunit-core/2.5.1/xmlunit-core-2.5.1.jar:/root/./workspace/rmitula/spring-mvc-university-project/382662043/.m2/org/springframework/security/spring-security-test/5.0.3.RELEASE/spring-security-test-5.0.3.RELEASE.jar:/root/./workspace/rmitula/spring-mvc-university-project/382662043/.m2/org/springframework/security/spring-security-core/5.0.3.RELEASE/spring-security-core-5.0.3.RELEASE.jar:/root/./workspace/rmitula/spring-mvc-university-project/382662043/.m2/com/sun/mail/javax.mail/1.6.1/javax.mail-1.6.1.jar:/root/./workspace/rmitula/spring-mvc-university-project/382662043/.m2/javax/activation/activation/1.1/activation-1.1.jar:"/>
    <property name="java.vm.vendor" value="Oracle Corporation"/>
    <property name="skip.bower" value="true"/>
    <property name="sun.arch.data.model" value="64"/>
    <property name="java.vendor.url" value="http://java.oracle.com/"/>
    <property name="user.timezone" value=""/>
    <property name="java.vm.specification.version" value="1.8"/>
    <property name="os.name" value="Linux"/>
    <property name="rat.skip" value="true"/>
    <property name="gpg.skip" value="true"/>
    <property name="sun.java.launcher" value="SUN_STANDARD"/>
    <property name="sun.boot.library.path" value="/usr/lib/jvm/java-8-openjdk-amd64/jre/lib/amd64"/>
    <property name="skip.gulp" value="true"/>
    <property name="sun.java.command" value="/root/workspace/rmitula/spring-mvc-university-project/382662043/target/surefire/surefirebooter9168735956140830478.jar /root/workspace/rmitula/spring-mvc-university-project/382662043/target/surefire 2018-05-23T15-03-45_353-jvmRun1 surefire3912444790424575113tmp surefire_03282689720207064016tmp"/>
    <property name="dependency-check.skip" value="true"/>
    <property name="surefire.test.class.path" value="/root/workspace/rmitula/spring-mvc-university-project/382662043/target/test-classes:/root/workspace/rmitula/spring-mvc-university-project/382662043/target/classes:/root/./workspace/rmitula/spring-mvc-university-project/382662043/.m2/org/springframework/boot/spring-boot-starter-data-jpa/2.0.0.RELEASE/spring-boot-starter-data-jpa-2.0.0.RELEASE.jar:/root/./workspace/rmitula/spring-mvc-university-project/382662043/.m2/org/springframework/boot/spring-boot-starter/2.0.0.RELEASE/spring-boot-starter-2.0.0.RELEASE.jar:/root/./workspace/rmitula/spring-mvc-university-project/382662043/.m2/org/springframework/boot/spring-boot-starter-logging/2.0.0.RELEASE/spring-boot-starter-logging-2.0.0.RELEASE.jar:/root/./workspace/rmitula/spring-mvc-university-project/382662043/.m2/ch/qos/logback/logback-classic/1.2.3/logback-classic-1.2.3.jar:/root/./workspace/rmitula/spring-mvc-university-project/382662043/.m2/ch/qos/logback/logback-core/1.2.3/logback-core-1.2.3.jar:/root/./workspace/rmitula/spring-mvc-university-project/382662043/.m2/org/apache/logging/log4j/log4j-to-slf4j/2.10.0/log4j-to-slf4j-2.10.0.jar:/root/./workspace/rmitula/spring-mvc-university-project/382662043/.m2/org/apache/logging/log4j/log4j-api/2.10.0/log4j-api-2.10.0.jar:/root/./workspace/rmitula/spring-mvc-university-project/382662043/.m2/org/slf4j/jul-to-slf4j/1.7.25/jul-to-slf4j-1.7.25.jar:/root/./workspace/rmitula/spring-mvc-university-project/382662043/.m2/javax/annotation/javax.annotation-api/1.3.2/javax.annotation-api-1.3.2.jar:/root/./workspace/rmitula/spring-mvc-university-project/382662043/.m2/org/yaml/snakeyaml/1.19/snakeyaml-1.19.jar:/root/./workspace/rmitula/spring-mvc-university-project/382662043/.m2/org/springframework/boot/spring-boot-starter-aop/2.0.0.RELEASE/spring-boot-starter-aop-2.0.0.RELEASE.jar:/root/./workspace/rmitula/spring-mvc-university-project/382662043/.m2/org/aspectj/aspectjweaver/1.8.13/aspectjweaver-1.8.13.jar:/root/./workspace/rmitula/spring-mvc-university-project/382662043/.m2/org/springframework/boot/spring-boot-starter-jdbc/2.0.0.RELEASE/spring-boot-starter-jdbc-2.0.0.RELEASE.jar:/root/./workspace/rmitula/spring-mvc-university-project/382662043/.m2/com/zaxxer/HikariCP/2.7.8/HikariCP-2.7.8.jar:/root/./workspace/rmitula/spring-mvc-university-project/382662043/.m2/org/springframework/spring-jdbc/5.0.4.RELEASE/spring-jdbc-5.0.4.RELEASE.jar:/root/./workspace/rmitula/spring-mvc-university-project/382662043/.m2/org/hibernate/hibernate-core/5.2.14.Final/hibernate-core-5.2.14.Final.jar:/root/./workspace/rmitula/spring-mvc-university-project/382662043/.m2/org/jboss/logging/jboss-logging/3.3.2.Final/jboss-logging-3.3.2.Final.jar:/root/./workspace/rmitula/spring-mvc-university-project/382662043/.m2/org/hibernate/javax/persistence/hibernate-jpa-2.1-api/1.0.0.Final/hibernate-jpa-2.1-api-1.0.0.Final.jar:/root/./workspace/rmitula/spring-mvc-university-project/382662043/.m2/org/javassist/javassist/3.22.0-GA/javassist-3.22.0-GA.jar:/root/./workspace/rmitula/spring-mvc-university-project/382662043/.m2/antlr/antlr/2.7.7/antlr-2.7.7.jar:/root/./workspace/rmitula/spring-mvc-university-project/382662043/.m2/org/jboss/jandex/2.0.3.Final/jandex-2.0.3.Final.jar:/root/./workspace/rmitula/spring-mvc-university-project/382662043/.m2/com/fasterxml/classmate/1.3.4/classmate-1.3.4.jar:/root/./workspace/rmitula/spring-mvc-university-project/382662043/.m2/dom4j/dom4j/1.6.1/dom4j-1.6.1.jar:/root/./workspace/rmitula/spring-mvc-university-project/382662043/.m2/org/hibernate/common/hibernate-commons-annotations/5.0.1.Final/hibernate-commons-annotations-5.0.1.Final.jar:/root/./workspace/rmitula/spring-mvc-university-project/382662043/.m2/javax/transaction/javax.transaction-api/1.2/javax.transaction-api-1.2.jar:/root/./workspace/rmitula/spring-mvc-university-project/382662043/.m2/org/springframework/data/spring-data-jpa/2.0.5.RELEASE/spring-data-jpa-2.0.5.RELEASE.jar:/root/./workspace/rmitula/spring-mvc-university-project/382662043/.m2/org/springframework/data/spring-data-commons/2.0.5.RELEASE/spring-data-commons-2.0.5.RELEASE.jar:/root/./workspace/rmitula/spring-mvc-university-project/382662043/.m2/org/springframework/spring-orm/5.0.4.RELEASE/spring-orm-5.0.4.RELEASE.jar:/root/./workspace/rmitula/spring-mvc-university-project/382662043/.m2/org/springframework/spring-context/5.0.4.RELEASE/spring-context-5.0.4.RELEASE.jar:/root/./workspace/rmitula/spring-mvc-university-project/382662043/.m2/org/springframework/spring-tx/5.0.4.RELEASE/spring-tx-5.0.4.RELEASE.jar:/root/./workspace/rmitula/spring-mvc-university-project/382662043/.m2/org/springframework/spring-beans/5.0.4.RELEASE/spring-beans-5.0.4.RELEASE.jar:/root/./workspace/rmitula/spring-mvc-university-project/382662043/.m2/org/springframework/spring-aspects/5.0.4.RELEASE/spring-aspects-5.0.4.RELEASE.jar:/root/./workspace/rmitula/spring-mvc-university-project/382662043/.m2/org/springframework/boot/spring-boot-devtools/2.0.0.RELEASE/spring-boot-devtools-2.0.0.RELEASE.jar:/root/./workspace/rmitula/spring-mvc-university-project/382662043/.m2/org/springframework/boot/spring-boot/2.0.0.RELEASE/spring-boot-2.0.0.RELEASE.jar:/root/./workspace/rmitula/spring-mvc-university-project/382662043/.m2/org/springframework/boot/spring-boot-autoconfigure/2.0.0.RELEASE/spring-boot-autoconfigure-2.0.0.RELEASE.jar:/root/./workspace/rmitula/spring-mvc-university-project/382662043/.m2/org/springframework/boot/spring-boot-starter-security/2.0.0.RELEASE/spring-boot-starter-security-2.0.0.RELEASE.jar:/root/./workspace/rmitula/spring-mvc-university-project/382662043/.m2/org/springframework/spring-aop/5.0.4.RELEASE/spring-aop-5.0.4.RELEASE.jar:/root/./workspace/rmitula/spring-mvc-university-project/382662043/.m2/org/springframework/security/spring-security-config/5.0.3.RELEASE/spring-security-config-5.0.3.RELEASE.jar:/root/./workspace/rmitula/spring-mvc-university-project/382662043/.m2/org/springframework/security/spring-security-web/5.0.3.RELEASE/spring-security-web-5.0.3.RELEASE.jar:/root/./workspace/rmitula/spring-mvc-university-project/382662043/.m2/org/springframework/spring-expression/5.0.4.RELEASE/spring-expression-5.0.4.RELEASE.jar:/root/./workspace/rmitula/spring-mvc-university-project/382662043/.m2/org/springframework/boot/spring-boot-starter-thymeleaf/2.0.0.RELEASE/spring-boot-starter-thymeleaf-2.0.0.RELEASE.jar:/root/./workspace/rmitula/spring-mvc-university-project/382662043/.m2/org/thymeleaf/thymeleaf-spring5/3.0.9.RELEASE/thymeleaf-spring5-3.0.9.RELEASE.jar:/root/./workspace/rmitula/spring-mvc-university-project/382662043/.m2/org/thymeleaf/thymeleaf/3.0.9.RELEASE/thymeleaf-3.0.9.RELEASE.jar:/root/./workspace/rmitula/spring-mvc-university-project/382662043/.m2/org/attoparser/attoparser/2.0.4.RELEASE/attoparser-2.0.4.RELEASE.jar:/root/./workspace/rmitula/spring-mvc-university-project/382662043/.m2/org/unbescape/unbescape/1.1.5.RELEASE/unbescape-1.1.5.RELEASE.jar:/root/./workspace/rmitula/spring-mvc-university-project/382662043/.m2/org/thymeleaf/extras/thymeleaf-extras-java8time/3.0.1.RELEASE/thymeleaf-extras-java8time-3.0.1.RELEASE.jar:/root/./workspace/rmitula/spring-mvc-university-project/382662043/.m2/org/springframework/boot/spring-boot-starter-web/2.0.0.RELEASE/spring-boot-starter-web-2.0.0.RELEASE.jar:/root/./workspace/rmitula/spring-mvc-university-project/382662043/.m2/org/springframework/boot/spring-boot-starter-json/2.0.0.RELEASE/spring-boot-starter-json-2.0.0.RELEASE.jar:/root/./workspace/rmitula/spring-mvc-university-project/382662043/.m2/com/fasterxml/jackson/core/jackson-databind/2.9.4/jackson-databind-2.9.4.jar:/root/./workspace/rmitula/spring-mvc-university-project/382662043/.m2/com/fasterxml/jackson/core/jackson-annotations/2.9.0/jackson-annotations-2.9.0.jar:/root/./workspace/rmitula/spring-mvc-university-project/382662043/.m2/com/fasterxml/jackson/core/jackson-core/2.9.4/jackson-core-2.9.4.jar:/root/./workspace/rmitula/spring-mvc-university-project/382662043/.m2/com/fasterxml/jackson/datatype/jackson-datatype-jdk8/2.9.4/jackson-datatype-jdk8-2.9.4.jar:/root/./workspace/rmitula/spring-mvc-university-project/382662043/.m2/com/fasterxml/jackson/datatype/jackson-datatype-jsr310/2.9.4/jackson-datatype-jsr310-2.9.4.jar:/root/./workspace/rmitula/spring-mvc-university-project/382662043/.m2/com/fasterxml/jackson/module/jackson-module-parameter-names/2.9.4/jackson-module-parameter-names-2.9.4.jar:/root/./workspace/rmitula/spring-mvc-university-project/382662043/.m2/org/springframework/boot/spring-boot-starter-tomcat/2.0.0.RELEASE/spring-boot-starter-tomcat-2.0.0.RELEASE.jar:/root/./workspace/rmitula/spring-mvc-university-project/382662043/.m2/org/apache/tomcat/embed/tomcat-embed-websocket/8.5.28/tomcat-embed-websocket-8.5.28.jar:/root/./workspace/rmitula/spring-mvc-university-project/382662043/.m2/org/hibernate/validator/hibernate-validator/6.0.7.Final/hibernate-validator-6.0.7.Final.jar:/root/./workspace/rmitula/spring-mvc-university-project/382662043/.m2/javax/validation/validation-api/2.0.1.Final/validation-api-2.0.1.Final.jar:/root/./workspace/rmitula/spring-mvc-university-project/382662043/.m2/org/springframework/spring-web/5.0.4.RELEASE/spring-web-5.0.4.RELEASE.jar:/root/./workspace/rmitula/spring-mvc-university-project/382662043/.m2/org/springframework/spring-webmvc/5.0.4.RELEASE/spring-webmvc-5.0.4.RELEASE.jar:/root/./workspace/rmitula/spring-mvc-university-project/382662043/.m2/com/h2database/h2/1.4.196/h2-1.4.196.jar:/root/./workspace/rmitula/spring-mvc-university-project/382662043/.m2/net/sourceforge/nekohtml/nekohtml/1.9.21/nekohtml-1.9.21.jar:/root/./workspace/rmitula/spring-mvc-university-project/382662043/.m2/xerces/xercesImpl/2.10.0/xercesImpl-2.10.0.jar:/root/./workspace/rmitula/spring-mvc-university-project/382662043/.m2/xml-apis/xml-apis/1.4.01/xml-apis-1.4.01.jar:/root/./workspace/rmitula/spring-mvc-university-project/382662043/.m2/org/thymeleaf/extras/thymeleaf-extras-springsecurity4/3.0.2.RELEASE/thymeleaf-extras-springsecurity4-3.0.2.RELEASE.jar:/root/./workspace/rmitula/spring-mvc-university-project/382662043/.m2/org/slf4j/slf4j-api/1.7.25/slf4j-api-1.7.25.jar:/root/./workspace/rmitula/spring-mvc-university-project/382662043/.m2/org/apache/tomcat/embed/tomcat-embed-jasper/8.5.28/tomcat-embed-jasper-8.5.28.jar:/root/./workspace/rmitula/spring-mvc-university-project/382662043/.m2/org/apache/tomcat/embed/tomcat-embed-core/8.5.28/tomcat-embed-core-8.5.28.jar:/root/./workspace/rmitula/spring-mvc-university-project/382662043/.m2/org/apache/tomcat/tomcat-annotations-api/8.5.28/tomcat-annotations-api-8.5.28.jar:/root/./workspace/rmitula/spring-mvc-university-project/382662043/.m2/org/apache/tomcat/embed/tomcat-embed-el/8.5.28/tomcat-embed-el-8.5.28.jar:/root/./workspace/rmitula/spring-mvc-university-project/382662043/.m2/org/eclipse/jdt/ecj/3.12.3/ecj-3.12.3.jar:/root/./workspace/rmitula/spring-mvc-university-project/382662043/.m2/org/springframework/boot/spring-boot-starter-test/2.0.0.RELEASE/spring-boot-starter-test-2.0.0.RELEASE.jar:/root/./workspace/rmitula/spring-mvc-university-project/382662043/.m2/org/springframework/boot/spring-boot-test/2.0.0.RELEASE/spring-boot-test-2.0.0.RELEASE.jar:/root/./workspace/rmitula/spring-mvc-university-project/382662043/.m2/org/springframework/boot/spring-boot-test-autoconfigure/2.0.0.RELEASE/spring-boot-test-autoconfigure-2.0.0.RELEASE.jar:/root/./workspace/rmitula/spring-mvc-university-project/382662043/.m2/com/jayway/jsonpath/json-path/2.4.0/json-path-2.4.0.jar:/root/./workspace/rmitula/spring-mvc-university-project/382662043/.m2/net/minidev/json-smart/2.3/json-smart-2.3.jar:/root/./workspace/rmitula/spring-mvc-university-project/382662043/.m2/net/minidev/accessors-smart/1.2/accessors-smart-1.2.jar:/root/./workspace/rmitula/spring-mvc-university-project/382662043/.m2/org/ow2/asm/asm/5.0.4/asm-5.0.4.jar:/root/./workspace/rmitula/spring-mvc-university-project/382662043/.m2/junit/junit/4.12/junit-4.12.jar:/root/./workspace/rmitula/spring-mvc-university-project/382662043/.m2/org/assertj/assertj-core/3.9.1/assertj-core-3.9.1.jar:/root/./workspace/rmitula/spring-mvc-university-project/382662043/.m2/org/mockito/mockito-core/2.15.0/mockito-core-2.15.0.jar:/root/./workspace/rmitula/spring-mvc-university-project/382662043/.m2/net/bytebuddy/byte-buddy/1.7.10/byte-buddy-1.7.10.jar:/root/./workspace/rmitula/spring-mvc-university-project/382662043/.m2/net/bytebuddy/byte-buddy-agent/1.7.10/byte-buddy-agent-1.7.10.jar:/root/./workspace/rmitula/spring-mvc-university-project/382662043/.m2/org/objenesis/objenesis/2.6/objenesis-2.6.jar:/root/./workspace/rmitula/spring-mvc-university-project/382662043/.m2/org/hamcrest/hamcrest-core/1.3/hamcrest-core-1.3.jar:/root/./workspace/rmitula/spring-mvc-university-project/382662043/.m2/org/hamcrest/hamcrest-library/1.3/hamcrest-library-1.3.jar:/root/./workspace/rmitula/spring-mvc-university-project/382662043/.m2/org/skyscreamer/jsonassert/1.5.0/jsonassert-1.5.0.jar:/root/./workspace/rmitula/spring-mvc-university-project/382662043/.m2/com/vaadin/external/google/android-json/0.0.20131108.vaadin1/android-json-0.0.20131108.vaadin1.jar:/root/./workspace/rmitula/spring-mvc-university-project/382662043/.m2/org/springframework/spring-core/5.0.4.RELEASE/spring-core-5.0.4.RELEASE.jar:/root/./workspace/rmitula/spring-mvc-university-project/382662043/.m2/org/springframework/spring-jcl/5.0.4.RELEASE/spring-jcl-5.0.4.RELEASE.jar:/root/./workspace/rmitula/spring-mvc-university-project/382662043/.m2/org/springframework/spring-test/5.0.4.RELEASE/spring-test-5.0.4.RELEASE.jar:/root/./workspace/rmitula/spring-mvc-university-project/382662043/.m2/org/xmlunit/xmlunit-core/2.5.1/xmlunit-core-2.5.1.jar:/root/./workspace/rmitula/spring-mvc-university-project/382662043/.m2/org/springframework/security/spring-security-test/5.0.3.RELEASE/spring-security-test-5.0.3.RELEASE.jar:/root/./workspace/rmitula/spring-mvc-university-project/382662043/.m2/org/springframework/security/spring-security-core/5.0.3.RELEASE/spring-security-core-5.0.3.RELEASE.jar:/root/./workspace/rmitula/spring-mvc-university-project/382662043/.m2/com/sun/mail/javax.mail/1.6.1/javax.mail-1.6.1.jar:/root/./workspace/rmitula/spring-mvc-university-project/382662043/.m2/javax/activation/activation/1.1/activation-1.1.jar:"/>
    <property name="sun.cpu.endian" value="little"/>
    <property name="user.home" value="/root"/>
    <property name="user.language" value="en"/>
    <property name="java.specification.vendor" value="Oracle Corporation"/>
    <property name="java.home" value="/usr/lib/jvm/java-8-openjdk-amd64/jre"/>
    <property name="basedir" value="/root/workspace/rmitula/spring-mvc-university-project/382662043"/>
    <property name="file.separator" value="/"/>
    <property name="checkstyle.skip" value="true"/>
    <property name="line.separator" value="&#10;"/>
    <property name="skip.npm" value="true"/>
    <property name="java.vm.specification.vendor" value="Oracle Corporation"/>
    <property name="java.specification.name" value="Java Platform API Specification"/>
    <property name="java.awt.graphicsenv" value="sun.awt.X11GraphicsEnvironment"/>
    <property name="skipITs" value="true"/>
    <property name="surefire.real.class.path" value="/root/workspace/rmitula/spring-mvc-university-project/382662043/target/surefire/surefirebooter9168735956140830478.jar"/>
    <property name="cobertura.skip" value="true"/>
    <property name="sun.boot.class.path" value="/usr/lib/jvm/java-8-openjdk-amd64/jre/lib/resources.jar:/usr/lib/jvm/java-8-openjdk-amd64/jre/lib/rt.jar:/usr/lib/jvm/java-8-openjdk-amd64/jre/lib/sunrsasign.jar:/usr/lib/jvm/java-8-openjdk-amd64/jre/lib/jsse.jar:/usr/lib/jvm/java-8-openjdk-amd64/jre/lib/jce.jar:/usr/lib/jvm/java-8-openjdk-amd64/jre/lib/charsets.jar:/usr/lib/jvm/java-8-openjdk-amd64/jre/lib/jfr.jar:/usr/lib/jvm/java-8-openjdk-amd64/jre/classes"/>
    <property name="sun.management.compiler" value="HotSpot 64-Bit Tiered Compilers"/>
    <property name="java.runtime.version" value="1.8.0_121-8u121-b13-1~bpo8+1-b13"/>
    <property name="user.name" value="root"/>
    <property name="findbugs.skip" value="true"/>
    <property name="path.separator" value=":"/>
    <property name="os.version" value="4.15.0-20-generic"/>
    <property name="java.endorsed.dirs" value="/usr/lib/jvm/java-8-openjdk-amd64/jre/lib/endorsed"/>
    <property name="java.runtime.name" value="OpenJDK Runtime Environment"/>
    <property name="file.encoding" value="UTF-8"/>
    <property name="java.vm.name" value="OpenJDK 64-Bit Server VM"/>
    <property name="localRepository" value="/root/./workspace/rmitula/spring-mvc-university-project/382662043/.m2"/>
    <property name="java.vendor.url.bug" value="http://bugreport.sun.com/bugreport/"/>
    <property name="java.io.tmpdir" value="/tmp"/>
    <property name="java.version" value="1.8.0_121"/>
    <property name="user.dir" value="/root/workspace/rmitula/spring-mvc-university-project/382662043"/>
    <property name="os.arch" value="amd64"/>
    <property name="license.skip" value="true"/>
    <property name="java.vm.specification.name" value="Java Virtual Machine Specification"/>
    <property name="java.awt.printerjob" value="sun.print.PSPrinterJob"/>
    <property name="sun.os.patch.level" value="unknown"/>
    <property name="java.library.path" value="/usr/java/packages/lib/amd64:/usr/lib/x86_64-linux-gnu/jni:/lib/x86_64-linux-gnu:/usr/lib/x86_64-linux-gnu:/usr/lib/jni:/lib:/usr/lib"/>
    <property name="java.vm.info" value="mixed mode"/>
    <property name="java.vendor" value="Oracle Corporation"/>
    <property name="java.vm.version" value="25.121-b13"/>
    <property name="java.ext.dirs" value="/usr/lib/jvm/java-8-openjdk-amd64/jre/lib/ext:/usr/java/packages/lib/ext"/>
    <property name="sun.io.unicode.encoding" value="UnicodeLittle"/>
    <property name="maven.repo.local" value="/root/./workspace/rmitula/spring-mvc-university-project/382662043/.m2"/>
    <property name="enforcer.skip" value="true"/>
    <property name="java.class.version" value="52.0"/>
  </properties>
  <testcase name="contextLoads" classname="pl.edu.prz.kia.universityproject.UniversityProjectApplicationTests" time="0.007">
    <error message="Failed to load ApplicationContext" type="java.lang.IllegalStateException">java.lang.IllegalStateException: Failed to load ApplicationContext
Caused by: org.springframework.beans.factory.UnsatisfiedDependencyException: Error creating bean with name 'adminController' defined in file [/root/workspace/rmitula/spring-mvc-university-project/382662043/target/classes/pl/edu/prz/kia/universityproject/controller/AdminController.class]: Unsatisfied dependency expressed through constructor parameter 0; nested exception is org.springframework.beans.factory.UnsatisfiedDependencyException: Error creating bean with name 'userService' defined in file [/root/workspace/rmitula/spring-mvc-university-project/382662043/target/classes/pl/edu/prz/kia/universityproject/service/UserServiceImpl.class]: Unsatisfied dependency expressed through constructor parameter 0; nested exception is org.springframework.beans.factory.BeanCreationException: Error creating bean with name 'userRepository': Invocation of init method failed; nested exception is java.lang.IllegalArgumentException: Failed to create query for method public abstract pl.edu.prz.kia.universityproject.model.User pl.edu.prz.kia.universityproject.repository.UserRepository.findOne(java.lang.Long)! No property findOne found for type User!
Caused by: org.springframework.beans.factory.UnsatisfiedDependencyException: Error creating bean with name 'userService' defined in file [/root/workspace/rmitula/spring-mvc-university-project/382662043/target/classes/pl/edu/prz/kia/universityproject/service/UserServiceImpl.class]: Unsatisfied dependency expressed through constructor parameter 0; nested exception is org.springframework.beans.factory.BeanCreationException: Error creating bean with name 'userRepository': Invocation of init method failed; nested exception is java.lang.IllegalArgumentException: Failed to create query for method public abstract pl.edu.prz.kia.universityproject.model.User pl.edu.prz.kia.universityproject.repository.UserRepository.findOne(java.lang.Long)! No property findOne found for type User!
Caused by: org.springframework.beans.factory.BeanCreationException: Error creating bean with name 'userRepository': Invocation of init method failed; nested exception is java.lang.IllegalArgumentException: Failed to create query for method public abstract pl.edu.prz.kia.universityproject.model.User pl.edu.prz.kia.universityproject.repository.UserRepository.findOne(java.lang.Long)! No property findOne found for type User!
Caused by: java.lang.IllegalArgumentException: Failed to create query for method public abstract pl.edu.prz.kia.universityproject.model.User pl.edu.prz.kia.universityproject.repository.UserRepository.findOne(java.lang.Long)! No property findOne found for type User!
Caused by: org.springframework.data.mapping.PropertyReferenceException: No property findOne found for type User!
</error>
    <system-out><![CDATA[15:03:46.909 [main] DEBUG org.springframework.test.context.junit4.SpringJUnit4ClassRunner - SpringJUnit4ClassRunner constructor called with [class pl.edu.prz.kia.universityproject.UniversityProjectApplicationTests]
15:03:46.916 [main] DEBUG org.springframework.test.context.BootstrapUtils - Instantiating CacheAwareContextLoaderDelegate from class [org.springframework.test.context.cache.DefaultCacheAwareContextLoaderDelegate]
15:03:46.924 [main] DEBUG org.springframework.test.context.BootstrapUtils - Instantiating BootstrapContext using constructor [public org.springframework.test.context.support.DefaultBootstrapContext(java.lang.Class,org.springframework.test.context.CacheAwareContextLoaderDelegate)]
15:03:46.942 [main] DEBUG org.springframework.test.context.BootstrapUtils - Instantiating TestContextBootstrapper for test class [pl.edu.prz.kia.universityproject.UniversityProjectApplicationTests] from class [org.springframework.boot.test.context.SpringBootTestContextBootstrapper]
15:03:46.955 [main] INFO org.springframework.boot.test.context.SpringBootTestContextBootstrapper - Neither @ContextConfiguration nor @ContextHierarchy found for test class [pl.edu.prz.kia.universityproject.UniversityProjectApplicationTests], using SpringBootContextLoader
15:03:46.960 [main] DEBUG org.springframework.test.context.support.AbstractContextLoader - Did not detect default resource location for test class [pl.edu.prz.kia.universityproject.UniversityProjectApplicationTests]: class path resource [pl/edu/prz/kia/universityproject/UniversityProjectApplicationTests-context.xml] does not exist
15:03:46.960 [main] DEBUG org.springframework.test.context.support.AbstractContextLoader - Did not detect default resource location for test class [pl.edu.prz.kia.universityproject.UniversityProjectApplicationTests]: class path resource [pl/edu/prz/kia/universityproject/UniversityProjectApplicationTestsContext.groovy] does not exist
15:03:46.961 [main] INFO org.springframework.test.context.support.AbstractContextLoader - Could not detect default resource locations for test class [pl.edu.prz.kia.universityproject.UniversityProjectApplicationTests]: no resource found for suffixes {-context.xml, Context.groovy}.
15:03:46.961 [main] INFO org.springframework.test.context.support.AnnotationConfigContextLoaderUtils - Could not detect default configuration classes for test class [pl.edu.prz.kia.universityproject.UniversityProjectApplicationTests]: UniversityProjectApplicationTests does not declare any static, non-private, non-final, nested classes annotated with @Configuration.
15:03:47.007 [main] DEBUG org.springframework.test.context.support.ActiveProfilesUtils - Could not find an 'annotation declaring class' for annotation type [org.springframework.test.context.ActiveProfiles] and class [pl.edu.prz.kia.universityproject.UniversityProjectApplicationTests]
15:03:47.016 [main] DEBUG org.springframework.core.env.StandardEnvironment - Adding PropertySource 'systemProperties' with lowest search precedence
15:03:47.016 [main] DEBUG org.springframework.core.env.StandardEnvironment - Adding PropertySource 'systemEnvironment' with lowest search precedence
15:03:47.017 [main] DEBUG org.springframework.core.env.StandardEnvironment - Initialized StandardEnvironment with PropertySources [MapPropertySource@1948863195 {name='systemProperties', properties={java.runtime.name=OpenJDK Runtime Environment, sun.boot.library.path=/usr/lib/jvm/java-8-openjdk-amd64/jre/lib/amd64, java.vm.version=25.121-b13, java.vm.vendor=Oracle Corporation, java.vendor.url=http://java.oracle.com/, skip.gulp=true, path.separator=:, java.vm.name=OpenJDK 64-Bit Server VM, file.encoding.pkg=sun.io, findbugs.skip=true, sun.java.launcher=SUN_STANDARD, sun.os.patch.level=unknown, java.vm.specification.name=Java Virtual Machine Specification, user.dir=/root/workspace/rmitula/spring-mvc-university-project/382662043, checkstyle.skip=true, java.runtime.version=1.8.0_121-8u121-b13-1~bpo8+1-b13, skip.npm=true, basedir=/root/workspace/rmitula/spring-mvc-university-project/382662043, java.awt.graphicsenv=sun.awt.X11GraphicsEnvironment, java.endorsed.dirs=/usr/lib/jvm/java-8-openjdk-amd64/jre/lib/endorsed, os.arch=amd64, surefire.real.class.path=/root/workspace/rmitula/spring-mvc-university-project/382662043/target/surefire/surefirebooter9168735956140830478.jar, gpg.skip=true, java.io.tmpdir=/tmp, line.separator=
, cobertura.skip=true, java.vm.specification.vendor=Oracle Corporation, os.name=Linux, sun.jnu.encoding=UTF-8, license.skip=true, java.library.path=/usr/java/packages/lib/amd64:/usr/lib/x86_64-linux-gnu/jni:/lib/x86_64-linux-gnu:/usr/lib/x86_64-linux-gnu:/usr/lib/jni:/lib:/usr/lib, surefire.test.class.path=/root/workspace/rmitula/spring-mvc-university-project/382662043/target/test-classes:/root/workspace/rmitula/spring-mvc-university-project/382662043/target/classes:/root/./workspace/rmitula/spring-mvc-university-project/382662043/.m2/org/springframework/boot/spring-boot-starter-data-jpa/2.0.0.RELEASE/spring-boot-starter-data-jpa-2.0.0.RELEASE.jar:/root/./workspace/rmitula/spring-mvc-university-project/382662043/.m2/org/springframework/boot/spring-boot-starter/2.0.0.RELEASE/spring-boot-starter-2.0.0.RELEASE.jar:/root/./workspace/rmitula/spring-mvc-university-project/382662043/.m2/org/springframework/boot/spring-boot-starter-logging/2.0.0.RELEASE/spring-boot-starter-logging-2.0.0.RELEASE.jar:/root/./workspace/rmitula/spring-mvc-university-project/382662043/.m2/ch/qos/logback/logback-classic/1.2.3/logback-classic-1.2.3.jar:/root/./workspace/rmitula/spring-mvc-university-project/382662043/.m2/ch/qos/logback/logback-core/1.2.3/logback-core-1.2.3.jar:/root/./workspace/rmitula/spring-mvc-university-project/382662043/.m2/org/apache/logging/log4j/log4j-to-slf4j/2.10.0/log4j-to-slf4j-2.10.0.jar:/root/./workspace/rmitula/spring-mvc-university-project/382662043/.m2/org/apache/logging/log4j/log4j-api/2.10.0/log4j-api-2.10.0.jar:/root/./workspace/rmitula/spring-mvc-university-project/382662043/.m2/org/slf4j/jul-to-slf4j/1.7.25/jul-to-slf4j-1.7.25.jar:/root/./workspace/rmitula/spring-mvc-university-project/382662043/.m2/javax/annotation/javax.annotation-api/1.3.2/javax.annotation-api-1.3.2.jar:/root/./workspace/rmitula/spring-mvc-university-project/382662043/.m2/org/yaml/snakeyaml/1.19/snakeyaml-1.19.jar:/root/./workspace/rmitula/spring-mvc-university-project/382662043/.m2/org/springframework/boot/spring-boot-starter-aop/2.0.0.RELEASE/spring-boot-starter-aop-2.0.0.RELEASE.jar:/root/./workspace/rmitula/spring-mvc-university-project/382662043/.m2/org/aspectj/aspectjweaver/1.8.13/aspectjweaver-1.8.13.jar:/root/./workspace/rmitula/spring-mvc-university-project/382662043/.m2/org/springframework/boot/spring-boot-starter-jdbc/2.0.0.RELEASE/spring-boot-starter-jdbc-2.0.0.RELEASE.jar:/root/./workspace/rmitula/spring-mvc-university-project/382662043/.m2/com/zaxxer/HikariCP/2.7.8/HikariCP-2.7.8.jar:/root/./workspace/rmitula/spring-mvc-university-project/382662043/.m2/org/springframework/spring-jdbc/5.0.4.RELEASE/spring-jdbc-5.0.4.RELEASE.jar:/root/./workspace/rmitula/spring-mvc-university-project/382662043/.m2/org/hibernate/hibernate-core/5.2.14.Final/hibernate-core-5.2.14.Final.jar:/root/./workspace/rmitula/spring-mvc-university-project/382662043/.m2/org/jboss/logging/jboss-logging/3.3.2.Final/jboss-logging-3.3.2.Final.jar:/root/./workspace/rmitula/spring-mvc-university-project/382662043/.m2/org/hibernate/javax/persistence/hibernate-jpa-2.1-api/1.0.0.Final/hibernate-jpa-2.1-api-1.0.0.Final.jar:/root/./workspace/rmitula/spring-mvc-university-project/382662043/.m2/org/javassist/javassist/3.22.0-GA/javassist-3.22.0-GA.jar:/root/./workspace/rmitula/spring-mvc-university-project/382662043/.m2/antlr/antlr/2.7.7/antlr-2.7.7.jar:/root/./workspace/rmitula/spring-mvc-university-project/382662043/.m2/org/jboss/jandex/2.0.3.Final/jandex-2.0.3.Final.jar:/root/./workspace/rmitula/spring-mvc-university-project/382662043/.m2/com/fasterxml/classmate/1.3.4/classmate-1.3.4.jar:/root/./workspace/rmitula/spring-mvc-university-project/382662043/.m2/dom4j/dom4j/1.6.1/dom4j-1.6.1.jar:/root/./workspace/rmitula/spring-mvc-university-project/382662043/.m2/org/hibernate/common/hibernate-commons-annotations/5.0.1.Final/hibernate-commons-annotations-5.0.1.Final.jar:/root/./workspace/rmitula/spring-mvc-university-project/382662043/.m2/javax/transaction/javax.transaction-api/1.2/javax.transaction-api-1.2.jar:/root/./workspace/rmitula/spring-mvc-university-project/382662043/.m2/org/springframework/data/spring-data-jpa/2.0.5.RELEASE/spring-data-jpa-2.0.5.RELEASE.jar:/root/./workspace/rmitula/spring-mvc-university-project/382662043/.m2/org/springframework/data/spring-data-commons/2.0.5.RELEASE/spring-data-commons-2.0.5.RELEASE.jar:/root/./workspace/rmitula/spring-mvc-university-project/382662043/.m2/org/springframework/spring-orm/5.0.4.RELEASE/spring-orm-5.0.4.RELEASE.jar:/root/./workspace/rmitula/spring-mvc-university-project/382662043/.m2/org/springframework/spring-context/5.0.4.RELEASE/spring-context-5.0.4.RELEASE.jar:/root/./workspace/rmitula/spring-mvc-university-project/382662043/.m2/org/springframework/spring-tx/5.0.4.RELEASE/spring-tx-5.0.4.RELEASE.jar:/root/./workspace/rmitula/spring-mvc-university-project/382662043/.m2/org/springframework/spring-beans/5.0.4.RELEASE/spring-beans-5.0.4.RELEASE.jar:/root/./workspace/rmitula/spring-mvc-university-project/382662043/.m2/org/springframework/spring-aspects/5.0.4.RELEASE/spring-aspects-5.0.4.RELEASE.jar:/root/./workspace/rmitula/spring-mvc-university-project/382662043/.m2/org/springframework/boot/spring-boot-devtools/2.0.0.RELEASE/spring-boot-devtools-2.0.0.RELEASE.jar:/root/./workspace/rmitula/spring-mvc-university-project/382662043/.m2/org/springframework/boot/spring-boot/2.0.0.RELEASE/spring-boot-2.0.0.RELEASE.jar:/root/./workspace/rmitula/spring-mvc-university-project/382662043/.m2/org/springframework/boot/spring-boot-autoconfigure/2.0.0.RELEASE/spring-boot-autoconfigure-2.0.0.RELEASE.jar:/root/./workspace/rmitula/spring-mvc-university-project/382662043/.m2/org/springframework/boot/spring-boot-starter-security/2.0.0.RELEASE/spring-boot-starter-security-2.0.0.RELEASE.jar:/root/./workspace/rmitula/spring-mvc-university-project/382662043/.m2/org/springframework/spring-aop/5.0.4.RELEASE/spring-aop-5.0.4.RELEASE.jar:/root/./workspace/rmitula/spring-mvc-university-project/382662043/.m2/org/springframework/security/spring-security-config/5.0.3.RELEASE/spring-security-config-5.0.3.RELEASE.jar:/root/./workspace/rmitula/spring-mvc-university-project/382662043/.m2/org/springframework/security/spring-security-web/5.0.3.RELEASE/spring-security-web-5.0.3.RELEASE.jar:/root/./workspace/rmitula/spring-mvc-university-project/382662043/.m2/org/springframework/spring-expression/5.0.4.RELEASE/spring-expression-5.0.4.RELEASE.jar:/root/./workspace/rmitula/spring-mvc-university-project/382662043/.m2/org/springframework/boot/spring-boot-starter-thymeleaf/2.0.0.RELEASE/spring-boot-starter-thymeleaf-2.0.0.RELEASE.jar:/root/./workspace/rmitula/spring-mvc-university-project/382662043/.m2/org/thymeleaf/thymeleaf-spring5/3.0.9.RELEASE/thymeleaf-spring5-3.0.9.RELEASE.jar:/root/./workspace/rmitula/spring-mvc-university-project/382662043/.m2/org/thymeleaf/thymeleaf/3.0.9.RELEASE/thymeleaf-3.0.9.RELEASE.jar:/root/./workspace/rmitula/spring-mvc-university-project/382662043/.m2/org/attoparser/attoparser/2.0.4.RELEASE/attoparser-2.0.4.RELEASE.jar:/root/./workspace/rmitula/spring-mvc-university-project/382662043/.m2/org/unbescape/unbescape/1.1.5.RELEASE/unbescape-1.1.5.RELEASE.jar:/root/./workspace/rmitula/spring-mvc-university-project/382662043/.m2/org/thymeleaf/extras/thymeleaf-extras-java8time/3.0.1.RELEASE/thymeleaf-extras-java8time-3.0.1.RELEASE.jar:/root/./workspace/rmitula/spring-mvc-university-project/382662043/.m2/org/springframework/boot/spring-boot-starter-web/2.0.0.RELEASE/spring-boot-starter-web-2.0.0.RELEASE.jar:/root/./workspace/rmitula/spring-mvc-university-project/382662043/.m2/org/springframework/boot/spring-boot-starter-json/2.0.0.RELEASE/spring-boot-starter-json-2.0.0.RELEASE.jar:/root/./workspace/rmitula/spring-mvc-university-project/382662043/.m2/com/fasterxml/jackson/core/jackson-databind/2.9.4/jackson-databind-2.9.4.jar:/root/./workspace/rmitula/spring-mvc-university-project/382662043/.m2/com/fasterxml/jackson/core/jackson-annotations/2.9.0/jackson-annotations-2.9.0.jar:/root/./workspace/rmitula/spring-mvc-university-project/382662043/.m2/com/fasterxml/jackson/core/jackson-core/2.9.4/jackson-core-2.9.4.jar:/root/./workspace/rmitula/spring-mvc-university-project/382662043/.m2/com/fasterxml/jackson/datatype/jackson-datatype-jdk8/2.9.4/jackson-datatype-jdk8-2.9.4.jar:/root/./workspace/rmitula/spring-mvc-university-project/382662043/.m2/com/fasterxml/jackson/datatype/jackson-datatype-jsr310/2.9.4/jackson-datatype-jsr310-2.9.4.jar:/root/./workspace/rmitula/spring-mvc-university-project/382662043/.m2/com/fasterxml/jackson/module/jackson-module-parameter-names/2.9.4/jackson-module-parameter-names-2.9.4.jar:/root/./workspace/rmitula/spring-mvc-university-project/382662043/.m2/org/springframework/boot/spring-boot-starter-tomcat/2.0.0.RELEASE/spring-boot-starter-tomcat-2.0.0.RELEASE.jar:/root/./workspace/rmitula/spring-mvc-university-project/382662043/.m2/org/apache/tomcat/embed/tomcat-embed-websocket/8.5.28/tomcat-embed-websocket-8.5.28.jar:/root/./workspace/rmitula/spring-mvc-university-project/382662043/.m2/org/hibernate/validator/hibernate-validator/6.0.7.Final/hibernate-validator-6.0.7.Final.jar:/root/./workspace/rmitula/spring-mvc-university-project/382662043/.m2/javax/validation/validation-api/2.0.1.Final/validation-api-2.0.1.Final.jar:/root/./workspace/rmitula/spring-mvc-university-project/382662043/.m2/org/springframework/spring-web/5.0.4.RELEASE/spring-web-5.0.4.RELEASE.jar:/root/./workspace/rmitula/spring-mvc-university-project/382662043/.m2/org/springframework/spring-webmvc/5.0.4.RELEASE/spring-webmvc-5.0.4.RELEASE.jar:/root/./workspace/rmitula/spring-mvc-university-project/382662043/.m2/com/h2database/h2/1.4.196/h2-1.4.196.jar:/root/./workspace/rmitula/spring-mvc-university-project/382662043/.m2/net/sourceforge/nekohtml/nekohtml/1.9.21/nekohtml-1.9.21.jar:/root/./workspace/rmitula/spring-mvc-university-project/382662043/.m2/xerces/xercesImpl/2.10.0/xercesImpl-2.10.0.jar:/root/./workspace/rmitula/spring-mvc-university-project/382662043/.m2/xml-apis/xml-apis/1.4.01/xml-apis-1.4.01.jar:/root/./workspace/rmitula/spring-mvc-university-project/382662043/.m2/org/thymeleaf/extras/thymeleaf-extras-springsecurity4/3.0.2.RELEASE/thymeleaf-extras-springsecurity4-3.0.2.RELEASE.jar:/root/./workspace/rmitula/spring-mvc-university-project/382662043/.m2/org/slf4j/slf4j-api/1.7.25/slf4j-api-1.7.25.jar:/root/./workspace/rmitula/spring-mvc-university-project/382662043/.m2/org/apache/tomcat/embed/tomcat-embed-jasper/8.5.28/tomcat-embed-jasper-8.5.28.jar:/root/./workspace/rmitula/spring-mvc-university-project/382662043/.m2/org/apache/tomcat/embed/tomcat-embed-core/8.5.28/tomcat-embed-core-8.5.28.jar:/root/./workspace/rmitula/spring-mvc-university-project/382662043/.m2/org/apache/tomcat/tomcat-annotations-api/8.5.28/tomcat-annotations-api-8.5.28.jar:/root/./workspace/rmitula/spring-mvc-university-project/382662043/.m2/org/apache/tomcat/embed/tomcat-embed-el/8.5.28/tomcat-embed-el-8.5.28.jar:/root/./workspace/rmitula/spring-mvc-university-project/382662043/.m2/org/eclipse/jdt/ecj/3.12.3/ecj-3.12.3.jar:/root/./workspace/rmitula/spring-mvc-university-project/382662043/.m2/org/springframework/boot/spring-boot-starter-test/2.0.0.RELEASE/spring-boot-starter-test-2.0.0.RELEASE.jar:/root/./workspace/rmitula/spring-mvc-university-project/382662043/.m2/org/springframework/boot/spring-boot-test/2.0.0.RELEASE/spring-boot-test-2.0.0.RELEASE.jar:/root/./workspace/rmitula/spring-mvc-university-project/382662043/.m2/org/springframework/boot/spring-boot-test-autoconfigure/2.0.0.RELEASE/spring-boot-test-autoconfigure-2.0.0.RELEASE.jar:/root/./workspace/rmitula/spring-mvc-university-project/382662043/.m2/com/jayway/jsonpath/json-path/2.4.0/json-path-2.4.0.jar:/root/./workspace/rmitula/spring-mvc-university-project/382662043/.m2/net/minidev/json-smart/2.3/json-smart-2.3.jar:/root/./workspace/rmitula/spring-mvc-university-project/382662043/.m2/net/minidev/accessors-smart/1.2/accessors-smart-1.2.jar:/root/./workspace/rmitula/spring-mvc-university-project/382662043/.m2/org/ow2/asm/asm/5.0.4/asm-5.0.4.jar:/root/./workspace/rmitula/spring-mvc-university-project/382662043/.m2/junit/junit/4.12/junit-4.12.jar:/root/./workspace/rmitula/spring-mvc-university-project/382662043/.m2/org/assertj/assertj-core/3.9.1/assertj-core-3.9.1.jar:/root/./workspace/rmitula/spring-mvc-university-project/382662043/.m2/org/mockito/mockito-core/2.15.0/mockito-core-2.15.0.jar:/root/./workspace/rmitula/spring-mvc-university-project/382662043/.m2/net/bytebuddy/byte-buddy/1.7.10/byte-buddy-1.7.10.jar:/root/./workspace/rmitula/spring-mvc-university-project/382662043/.m2/net/bytebuddy/byte-buddy-agent/1.7.10/byte-buddy-agent-1.7.10.jar:/root/./workspace/rmitula/spring-mvc-university-project/382662043/.m2/org/objenesis/objenesis/2.6/objenesis-2.6.jar:/root/./workspace/rmitula/spring-mvc-university-project/382662043/.m2/org/hamcrest/hamcrest-core/1.3/hamcrest-core-1.3.jar:/root/./workspace/rmitula/spring-mvc-university-project/382662043/.m2/org/hamcrest/hamcrest-library/1.3/hamcrest-library-1.3.jar:/root/./workspace/rmitula/spring-mvc-university-project/382662043/.m2/org/skyscreamer/jsonassert/1.5.0/jsonassert-1.5.0.jar:/root/./workspace/rmitula/spring-mvc-university-project/382662043/.m2/com/vaadin/external/google/android-json/0.0.20131108.vaadin1/android-json-0.0.20131108.vaadin1.jar:/root/./workspace/rmitula/spring-mvc-university-project/382662043/.m2/org/springframework/spring-core/5.0.4.RELEASE/spring-core-5.0.4.RELEASE.jar:/root/./workspace/rmitula/spring-mvc-university-project/382662043/.m2/org/springframework/spring-jcl/5.0.4.RELEASE/spring-jcl-5.0.4.RELEASE.jar:/root/./workspace/rmitula/spring-mvc-university-project/382662043/.m2/org/springframework/spring-test/5.0.4.RELEASE/spring-test-5.0.4.RELEASE.jar:/root/./workspace/rmitula/spring-mvc-university-project/382662043/.m2/org/xmlunit/xmlunit-core/2.5.1/xmlunit-core-2.5.1.jar:/root/./workspace/rmitula/spring-mvc-university-project/382662043/.m2/org/springframework/security/spring-security-test/5.0.3.RELEASE/spring-security-test-5.0.3.RELEASE.jar:/root/./workspace/rmitula/spring-mvc-university-project/382662043/.m2/org/springframework/security/spring-security-core/5.0.3.RELEASE/spring-security-core-5.0.3.RELEASE.jar:/root/./workspace/rmitula/spring-mvc-university-project/382662043/.m2/com/sun/mail/javax.mail/1.6.1/javax.mail-1.6.1.jar:/root/./workspace/rmitula/spring-mvc-university-project/382662043/.m2/javax/activation/activation/1.1/activation-1.1.jar:, java.specification.name=Java Platform API Specification, java.class.version=52.0, skip.bower=true, sun.management.compiler=HotSpot 64-Bit Tiered Compilers, maven.repo.local=/root/./workspace/rmitula/spring-mvc-university-project/382662043/.m2, os.version=4.15.0-20-generic, user.home=/root, user.timezone=Europe/Paris, java.awt.printerjob=sun.print.PSPrinterJob, file.encoding=UTF-8, java.specification.version=1.8, java.class.path=/root/workspace/rmitula/spring-mvc-university-project/382662043/target/test-classes:/root/workspace/rmitula/spring-mvc-university-project/382662043/target/classes:/root/./workspace/rmitula/spring-mvc-university-project/382662043/.m2/org/springframework/boot/spring-boot-starter-data-jpa/2.0.0.RELEASE/spring-boot-starter-data-jpa-2.0.0.RELEASE.jar:/root/./workspace/rmitula/spring-mvc-university-project/382662043/.m2/org/springframework/boot/spring-boot-starter/2.0.0.RELEASE/spring-boot-starter-2.0.0.RELEASE.jar:/root/./workspace/rmitula/spring-mvc-university-project/382662043/.m2/org/springframework/boot/spring-boot-starter-logging/2.0.0.RELEASE/spring-boot-starter-logging-2.0.0.RELEASE.jar:/root/./workspace/rmitula/spring-mvc-university-project/382662043/.m2/ch/qos/logback/logback-classic/1.2.3/logback-classic-1.2.3.jar:/root/./workspace/rmitula/spring-mvc-university-project/382662043/.m2/ch/qos/logback/logback-core/1.2.3/logback-core-1.2.3.jar:/root/./workspace/rmitula/spring-mvc-university-project/382662043/.m2/org/apache/logging/log4j/log4j-to-slf4j/2.10.0/log4j-to-slf4j-2.10.0.jar:/root/./workspace/rmitula/spring-mvc-university-project/382662043/.m2/org/apache/logging/log4j/log4j-api/2.10.0/log4j-api-2.10.0.jar:/root/./workspace/rmitula/spring-mvc-university-project/382662043/.m2/org/slf4j/jul-to-slf4j/1.7.25/jul-to-slf4j-1.7.25.jar:/root/./workspace/rmitula/spring-mvc-university-project/382662043/.m2/javax/annotation/javax.annotation-api/1.3.2/javax.annotation-api-1.3.2.jar:/root/./workspace/rmitula/spring-mvc-university-project/382662043/.m2/org/yaml/snakeyaml/1.19/snakeyaml-1.19.jar:/root/./workspace/rmitula/spring-mvc-university-project/382662043/.m2/org/springframework/boot/spring-boot-starter-aop/2.0.0.RELEASE/spring-boot-starter-aop-2.0.0.RELEASE.jar:/root/./workspace/rmitula/spring-mvc-university-project/382662043/.m2/org/aspectj/aspectjweaver/1.8.13/aspectjweaver-1.8.13.jar:/root/./workspace/rmitula/spring-mvc-university-project/382662043/.m2/org/springframework/boot/spring-boot-starter-jdbc/2.0.0.RELEASE/spring-boot-starter-jdbc-2.0.0.RELEASE.jar:/root/./workspace/rmitula/spring-mvc-university-project/382662043/.m2/com/zaxxer/HikariCP/2.7.8/HikariCP-2.7.8.jar:/root/./workspace/rmitula/spring-mvc-university-project/382662043/.m2/org/springframework/spring-jdbc/5.0.4.RELEASE/spring-jdbc-5.0.4.RELEASE.jar:/root/./workspace/rmitula/spring-mvc-university-project/382662043/.m2/org/hibernate/hibernate-core/5.2.14.Final/hibernate-core-5.2.14.Final.jar:/root/./workspace/rmitula/spring-mvc-university-project/382662043/.m2/org/jboss/logging/jboss-logging/3.3.2.Final/jboss-logging-3.3.2.Final.jar:/root/./workspace/rmitula/spring-mvc-university-project/382662043/.m2/org/hibernate/javax/persistence/hibernate-jpa-2.1-api/1.0.0.Final/hibernate-jpa-2.1-api-1.0.0.Final.jar:/root/./workspace/rmitula/spring-mvc-university-project/382662043/.m2/org/javassist/javassist/3.22.0-GA/javassist-3.22.0-GA.jar:/root/./workspace/rmitula/spring-mvc-university-project/382662043/.m2/antlr/antlr/2.7.7/antlr-2.7.7.jar:/root/./workspace/rmitula/spring-mvc-university-project/382662043/.m2/org/jboss/jandex/2.0.3.Final/jandex-2.0.3.Final.jar:/root/./workspace/rmitula/spring-mvc-university-project/382662043/.m2/com/fasterxml/classmate/1.3.4/classmate-1.3.4.jar:/root/./workspace/rmitula/spring-mvc-university-project/382662043/.m2/dom4j/dom4j/1.6.1/dom4j-1.6.1.jar:/root/./workspace/rmitula/spring-mvc-university-project/382662043/.m2/org/hibernate/common/hibernate-commons-annotations/5.0.1.Final/hibernate-commons-annotations-5.0.1.Final.jar:/root/./workspace/rmitula/spring-mvc-university-project/382662043/.m2/javax/transaction/javax.transaction-api/1.2/javax.transaction-api-1.2.jar:/root/./workspace/rmitula/spring-mvc-university-project/382662043/.m2/org/springframework/data/spring-data-jpa/2.0.5.RELEASE/spring-data-jpa-2.0.5.RELEASE.jar:/root/./workspace/rmitula/spring-mvc-university-project/382662043/.m2/org/springframework/data/spring-data-commons/2.0.5.RELEASE/spring-data-commons-2.0.5.RELEASE.jar:/root/./workspace/rmitula/spring-mvc-university-project/382662043/.m2/org/springframework/spring-orm/5.0.4.RELEASE/spring-orm-5.0.4.RELEASE.jar:/root/./workspace/rmitula/spring-mvc-university-project/382662043/.m2/org/springframework/spring-context/5.0.4.RELEASE/spring-context-5.0.4.RELEASE.jar:/root/./workspace/rmitula/spring-mvc-university-project/382662043/.m2/org/springframework/spring-tx/5.0.4.RELEASE/spring-tx-5.0.4.RELEASE.jar:/root/./workspace/rmitula/spring-mvc-university-project/382662043/.m2/org/springframework/spring-beans/5.0.4.RELEASE/spring-beans-5.0.4.RELEASE.jar:/root/./workspace/rmitula/spring-mvc-university-project/382662043/.m2/org/springframework/spring-aspects/5.0.4.RELEASE/spring-aspects-5.0.4.RELEASE.jar:/root/./workspace/rmitula/spring-mvc-university-project/382662043/.m2/org/springframework/boot/spring-boot-devtools/2.0.0.RELEASE/spring-boot-devtools-2.0.0.RELEASE.jar:/root/./workspace/rmitula/spring-mvc-university-project/382662043/.m2/org/springframework/boot/spring-boot/2.0.0.RELEASE/spring-boot-2.0.0.RELEASE.jar:/root/./workspace/rmitula/spring-mvc-university-project/382662043/.m2/org/springframework/boot/spring-boot-autoconfigure/2.0.0.RELEASE/spring-boot-autoconfigure-2.0.0.RELEASE.jar:/root/./workspace/rmitula/spring-mvc-university-project/382662043/.m2/org/springframework/boot/spring-boot-starter-security/2.0.0.RELEASE/spring-boot-starter-security-2.0.0.RELEASE.jar:/root/./workspace/rmitula/spring-mvc-university-project/382662043/.m2/org/springframework/spring-aop/5.0.4.RELEASE/spring-aop-5.0.4.RELEASE.jar:/root/./workspace/rmitula/spring-mvc-university-project/382662043/.m2/org/springframework/security/spring-security-config/5.0.3.RELEASE/spring-security-config-5.0.3.RELEASE.jar:/root/./workspace/rmitula/spring-mvc-university-project/382662043/.m2/org/springframework/security/spring-security-web/5.0.3.RELEASE/spring-security-web-5.0.3.RELEASE.jar:/root/./workspace/rmitula/spring-mvc-university-project/382662043/.m2/org/springframework/spring-expression/5.0.4.RELEASE/spring-expression-5.0.4.RELEASE.jar:/root/./workspace/rmitula/spring-mvc-university-project/382662043/.m2/org/springframework/boot/spring-boot-starter-thymeleaf/2.0.0.RELEASE/spring-boot-starter-thymeleaf-2.0.0.RELEASE.jar:/root/./workspace/rmitula/spring-mvc-university-project/382662043/.m2/org/thymeleaf/thymeleaf-spring5/3.0.9.RELEASE/thymeleaf-spring5-3.0.9.RELEASE.jar:/root/./workspace/rmitula/spring-mvc-university-project/382662043/.m2/org/thymeleaf/thymeleaf/3.0.9.RELEASE/thymeleaf-3.0.9.RELEASE.jar:/root/./workspace/rmitula/spring-mvc-university-project/382662043/.m2/org/attoparser/attoparser/2.0.4.RELEASE/attoparser-2.0.4.RELEASE.jar:/root/./workspace/rmitula/spring-mvc-university-project/382662043/.m2/org/unbescape/unbescape/1.1.5.RELEASE/unbescape-1.1.5.RELEASE.jar:/root/./workspace/rmitula/spring-mvc-university-project/382662043/.m2/org/thymeleaf/extras/thymeleaf-extras-java8time/3.0.1.RELEASE/thymeleaf-extras-java8time-3.0.1.RELEASE.jar:/root/./workspace/rmitula/spring-mvc-university-project/382662043/.m2/org/springframework/boot/spring-boot-starter-web/2.0.0.RELEASE/spring-boot-starter-web-2.0.0.RELEASE.jar:/root/./workspace/rmitula/spring-mvc-university-project/382662043/.m2/org/springframework/boot/spring-boot-starter-json/2.0.0.RELEASE/spring-boot-starter-json-2.0.0.RELEASE.jar:/root/./workspace/rmitula/spring-mvc-university-project/382662043/.m2/com/fasterxml/jackson/core/jackson-databind/2.9.4/jackson-databind-2.9.4.jar:/root/./workspace/rmitula/spring-mvc-university-project/382662043/.m2/com/fasterxml/jackson/core/jackson-annotations/2.9.0/jackson-annotations-2.9.0.jar:/root/./workspace/rmitula/spring-mvc-university-project/382662043/.m2/com/fasterxml/jackson/core/jackson-core/2.9.4/jackson-core-2.9.4.jar:/root/./workspace/rmitula/spring-mvc-university-project/382662043/.m2/com/fasterxml/jackson/datatype/jackson-datatype-jdk8/2.9.4/jackson-datatype-jdk8-2.9.4.jar:/root/./workspace/rmitula/spring-mvc-university-project/382662043/.m2/com/fasterxml/jackson/datatype/jackson-datatype-jsr310/2.9.4/jackson-datatype-jsr310-2.9.4.jar:/root/./workspace/rmitula/spring-mvc-university-project/382662043/.m2/com/fasterxml/jackson/module/jackson-module-parameter-names/2.9.4/jackson-module-parameter-names-2.9.4.jar:/root/./workspace/rmitula/spring-mvc-university-project/382662043/.m2/org/springframework/boot/spring-boot-starter-tomcat/2.0.0.RELEASE/spring-boot-starter-tomcat-2.0.0.RELEASE.jar:/root/./workspace/rmitula/spring-mvc-university-project/382662043/.m2/org/apache/tomcat/embed/tomcat-embed-websocket/8.5.28/tomcat-embed-websocket-8.5.28.jar:/root/./workspace/rmitula/spring-mvc-university-project/382662043/.m2/org/hibernate/validator/hibernate-validator/6.0.7.Final/hibernate-validator-6.0.7.Final.jar:/root/./workspace/rmitula/spring-mvc-university-project/382662043/.m2/javax/validation/validation-api/2.0.1.Final/validation-api-2.0.1.Final.jar:/root/./workspace/rmitula/spring-mvc-university-project/382662043/.m2/org/springframework/spring-web/5.0.4.RELEASE/spring-web-5.0.4.RELEASE.jar:/root/./workspace/rmitula/spring-mvc-university-project/382662043/.m2/org/springframework/spring-webmvc/5.0.4.RELEASE/spring-webmvc-5.0.4.RELEASE.jar:/root/./workspace/rmitula/spring-mvc-university-project/382662043/.m2/com/h2database/h2/1.4.196/h2-1.4.196.jar:/root/./workspace/rmitula/spring-mvc-university-project/382662043/.m2/net/sourceforge/nekohtml/nekohtml/1.9.21/nekohtml-1.9.21.jar:/root/./workspace/rmitula/spring-mvc-university-project/382662043/.m2/xerces/xercesImpl/2.10.0/xercesImpl-2.10.0.jar:/root/./workspace/rmitula/spring-mvc-university-project/382662043/.m2/xml-apis/xml-apis/1.4.01/xml-apis-1.4.01.jar:/root/./workspace/rmitula/spring-mvc-university-project/382662043/.m2/org/thymeleaf/extras/thymeleaf-extras-springsecurity4/3.0.2.RELEASE/thymeleaf-extras-springsecurity4-3.0.2.RELEASE.jar:/root/./workspace/rmitula/spring-mvc-university-project/382662043/.m2/org/slf4j/slf4j-api/1.7.25/slf4j-api-1.7.25.jar:/root/./workspace/rmitula/spring-mvc-university-project/382662043/.m2/org/apache/tomcat/embed/tomcat-embed-jasper/8.5.28/tomcat-embed-jasper-8.5.28.jar:/root/./workspace/rmitula/spring-mvc-university-project/382662043/.m2/org/apache/tomcat/embed/tomcat-embed-core/8.5.28/tomcat-embed-core-8.5.28.jar:/root/./workspace/rmitula/spring-mvc-university-project/382662043/.m2/org/apache/tomcat/tomcat-annotations-api/8.5.28/tomcat-annotations-api-8.5.28.jar:/root/./workspace/rmitula/spring-mvc-university-project/382662043/.m2/org/apache/tomcat/embed/tomcat-embed-el/8.5.28/tomcat-embed-el-8.5.28.jar:/root/./workspace/rmitula/spring-mvc-university-project/382662043/.m2/org/eclipse/jdt/ecj/3.12.3/ecj-3.12.3.jar:/root/./workspace/rmitula/spring-mvc-university-project/382662043/.m2/org/springframework/boot/spring-boot-starter-test/2.0.0.RELEASE/spring-boot-starter-test-2.0.0.RELEASE.jar:/root/./workspace/rmitula/spring-mvc-university-project/382662043/.m2/org/springframework/boot/spring-boot-test/2.0.0.RELEASE/spring-boot-test-2.0.0.RELEASE.jar:/root/./workspace/rmitula/spring-mvc-university-project/382662043/.m2/org/springframework/boot/spring-boot-test-autoconfigure/2.0.0.RELEASE/spring-boot-test-autoconfigure-2.0.0.RELEASE.jar:/root/./workspace/rmitula/spring-mvc-university-project/382662043/.m2/com/jayway/jsonpath/json-path/2.4.0/json-path-2.4.0.jar:/root/./workspace/rmitula/spring-mvc-university-project/382662043/.m2/net/minidev/json-smart/2.3/json-smart-2.3.jar:/root/./workspace/rmitula/spring-mvc-university-project/382662043/.m2/net/minidev/accessors-smart/1.2/accessors-smart-1.2.jar:/root/./workspace/rmitula/spring-mvc-university-project/382662043/.m2/org/ow2/asm/asm/5.0.4/asm-5.0.4.jar:/root/./workspace/rmitula/spring-mvc-university-project/382662043/.m2/junit/junit/4.12/junit-4.12.jar:/root/./workspace/rmitula/spring-mvc-university-project/382662043/.m2/org/assertj/assertj-core/3.9.1/assertj-core-3.9.1.jar:/root/./workspace/rmitula/spring-mvc-university-project/382662043/.m2/org/mockito/mockito-core/2.15.0/mockito-core-2.15.0.jar:/root/./workspace/rmitula/spring-mvc-university-project/382662043/.m2/net/bytebuddy/byte-buddy/1.7.10/byte-buddy-1.7.10.jar:/root/./workspace/rmitula/spring-mvc-university-project/382662043/.m2/net/bytebuddy/byte-buddy-agent/1.7.10/byte-buddy-agent-1.7.10.jar:/root/./workspace/rmitula/spring-mvc-university-project/382662043/.m2/org/objenesis/objenesis/2.6/objenesis-2.6.jar:/root/./workspace/rmitula/spring-mvc-university-project/382662043/.m2/org/hamcrest/hamcrest-core/1.3/hamcrest-core-1.3.jar:/root/./workspace/rmitula/spring-mvc-university-project/382662043/.m2/org/hamcrest/hamcrest-library/1.3/hamcrest-library-1.3.jar:/root/./workspace/rmitula/spring-mvc-university-project/382662043/.m2/org/skyscreamer/jsonassert/1.5.0/jsonassert-1.5.0.jar:/root/./workspace/rmitula/spring-mvc-university-project/382662043/.m2/com/vaadin/external/google/android-json/0.0.20131108.vaadin1/android-json-0.0.20131108.vaadin1.jar:/root/./workspace/rmitula/spring-mvc-university-project/382662043/.m2/org/springframework/spring-core/5.0.4.RELEASE/spring-core-5.0.4.RELEASE.jar:/root/./workspace/rmitula/spring-mvc-university-project/382662043/.m2/org/springframework/spring-jcl/5.0.4.RELEASE/spring-jcl-5.0.4.RELEASE.jar:/root/./workspace/rmitula/spring-mvc-university-project/382662043/.m2/org/springframework/spring-test/5.0.4.RELEASE/spring-test-5.0.4.RELEASE.jar:/root/./workspace/rmitula/spring-mvc-university-project/382662043/.m2/org/xmlunit/xmlunit-core/2.5.1/xmlunit-core-2.5.1.jar:/root/./workspace/rmitula/spring-mvc-university-project/382662043/.m2/org/springframework/security/spring-security-test/5.0.3.RELEASE/spring-security-test-5.0.3.RELEASE.jar:/root/./workspace/rmitula/spring-mvc-university-project/382662043/.m2/org/springframework/security/spring-security-core/5.0.3.RELEASE/spring-security-core-5.0.3.RELEASE.jar:/root/./workspace/rmitula/spring-mvc-university-project/382662043/.m2/com/sun/mail/javax.mail/1.6.1/javax.mail-1.6.1.jar:/root/./workspace/rmitula/spring-mvc-university-project/382662043/.m2/javax/activation/activation/1.1/activation-1.1.jar:, user.name=root, skipITs=true, java.vm.specification.version=1.8, sun.java.command=/root/workspace/rmitula/spring-mvc-university-project/382662043/target/surefire/surefirebooter9168735956140830478.jar /root/workspace/rmitula/spring-mvc-university-project/382662043/target/surefire 2018-05-23T15-03-45_353-jvmRun1 surefire3912444790424575113tmp surefire_03282689720207064016tmp, java.home=/usr/lib/jvm/java-8-openjdk-amd64/jre, sun.arch.data.model=64, user.language=en, java.specification.vendor=Oracle Corporation, dependency-check.skip=true, awt.toolkit=sun.awt.X11.XToolkit, java.vm.info=mixed mode, java.version=1.8.0_121, java.ext.dirs=/usr/lib/jvm/java-8-openjdk-amd64/jre/lib/ext:/usr/java/packages/lib/ext, sun.boot.class.path=/usr/lib/jvm/java-8-openjdk-amd64/jre/lib/resources.jar:/usr/lib/jvm/java-8-openjdk-amd64/jre/lib/rt.jar:/usr/lib/jvm/java-8-openjdk-amd64/jre/lib/sunrsasign.jar:/usr/lib/jvm/java-8-openjdk-amd64/jre/lib/jsse.jar:/usr/lib/jvm/java-8-openjdk-amd64/jre/lib/jce.jar:/usr/lib/jvm/java-8-openjdk-amd64/jre/lib/charsets.jar:/usr/lib/jvm/java-8-openjdk-amd64/jre/lib/jfr.jar:/usr/lib/jvm/java-8-openjdk-amd64/jre/classes, rat.skip=true, enforcer.skip=true, java.vendor=Oracle Corporation, localRepository=/root/./workspace/rmitula/spring-mvc-university-project/382662043/.m2, file.separator=/, java.vendor.url.bug=http://bugreport.sun.com/bugreport/, sun.io.unicode.encoding=UnicodeLittle, sun.cpu.endian=little, sun.cpu.isalist=}}, SystemEnvironmentPropertySource@1890187342 {name='systemEnvironment', properties={PATH=/usr/local/sbin:/usr/local/bin:/usr/sbin:/usr/bin:/sbin:/bin, JAVA_HOME=/usr/lib/jvm/java-8-openjdk-amd64, NOTIFY_TO=, CA_CERTIFICATES_JAVA_VERSION=20161107~bpo8+1, MONGODB_HOST=, BUILD_ID=, LANG=C.UTF-8, MAVEN_HOME=/usr/share/maven, SMTP_SERVER=, MONGODB_NAME=, REPAIR_MODE=repair, PWD=/root/workspace/rmitula/spring-mvc-university-project/382662043, JAVA_VERSION=8u121, GITHUB_OAUTH=, MAVEN_CMD_LINE_ARGS=/root/.m2 -B -D enforcer.skip=true -D dependency-check.skip=true -D skipITs=true -D cobertura.skip=true -D maven.repo.local=/root/./workspace/rmitula/spring-mvc-university-project/382662043/.m2 -D rat.skip=true -D findbugs.skip=true -D skip.bower=true -D gpg.skip=true -D checkstyle.skip=true -D skip.gulp=true -D license.skip=true -D skip.npm=true test, _=/usr/bin/java, OUTPUT=, MAVEN_TERMINATE_CMD=on, MAVEN_CONFIG=/root/.m2, MAVEN_PROJECTBASEDIR=/root/workspace/rmitula/spring-mvc-university-project/382662043, OLDPWD=/root/workspace/rmitula/spring-mvc-university-project/382662043, LOG_FILENAME=repairnator-pipeline_2018-05-23_1502_382662043_9afc28e6-891a-431e-95d9-7f9bc6d858c4, RUN_ID=, HOSTNAME=spirals-HP-Z400-Workstation, JAVA_DEBIAN_VERSION=8u121-b13-1~bpo8+1, M2_HOME=/usr/share/maven, REPAIR_TOOLS=AssertFixer, HOME=/root, SHLVL=1, PUSH_URL=}}]
15:03:47.035 [main] DEBUG org.springframework.core.io.support.PathMatchingResourcePatternResolver - Resolved classpath location [pl/edu/prz/kia/universityproject/] to resources [URL [file:/root/workspace/rmitula/spring-mvc-university-project/382662043/target/test-classes/pl/edu/prz/kia/universityproject/], URL [file:/root/workspace/rmitula/spring-mvc-university-project/382662043/target/classes/pl/edu/prz/kia/universityproject/]]
15:03:47.035 [main] DEBUG org.springframework.core.io.support.PathMatchingResourcePatternResolver - Looking for matching resources in directory tree [/root/workspace/rmitula/spring-mvc-university-project/382662043/target/test-classes/pl/edu/prz/kia/universityproject]
15:03:47.035 [main] DEBUG org.springframework.core.io.support.PathMatchingResourcePatternResolver - Searching directory [/root/workspace/rmitula/spring-mvc-university-project/382662043/target/test-classes/pl/edu/prz/kia/universityproject] for files matching pattern [/root/workspace/rmitula/spring-mvc-university-project/382662043/target/test-classes/pl/edu/prz/kia/universityproject/*.class]
15:03:47.038 [main] DEBUG org.springframework.core.io.support.PathMatchingResourcePatternResolver - Looking for matching resources in directory tree [/root/workspace/rmitula/spring-mvc-university-project/382662043/target/classes/pl/edu/prz/kia/universityproject]
15:03:47.039 [main] DEBUG org.springframework.core.io.support.PathMatchingResourcePatternResolver - Searching directory [/root/workspace/rmitula/spring-mvc-university-project/382662043/target/classes/pl/edu/prz/kia/universityproject] for files matching pattern [/root/workspace/rmitula/spring-mvc-university-project/382662043/target/classes/pl/edu/prz/kia/universityproject/*.class]
15:03:47.040 [main] DEBUG org.springframework.core.io.support.PathMatchingResourcePatternResolver - Resolved location pattern [classpath*:pl/edu/prz/kia/universityproject/*.class] to resources [file [/root/workspace/rmitula/spring-mvc-university-project/382662043/target/test-classes/pl/edu/prz/kia/universityproject/UniversityProjectApplicationTests$1.class], file [/root/workspace/rmitula/spring-mvc-university-project/382662043/target/test-classes/pl/edu/prz/kia/universityproject/UniversityProjectApplicationTests.class], file [/root/workspace/rmitula/spring-mvc-university-project/382662043/target/classes/pl/edu/prz/kia/universityproject/UniversityProjectApplication.class]]
15:03:47.100 [main] DEBUG org.springframework.context.annotation.ClassPathScanningCandidateComponentProvider - Identified candidate component class: file [/root/workspace/rmitula/spring-mvc-university-project/382662043/target/classes/pl/edu/prz/kia/universityproject/UniversityProjectApplication.class]
15:03:47.102 [main] INFO org.springframework.boot.test.context.SpringBootTestContextBootstrapper - Found @SpringBootConfiguration pl.edu.prz.kia.universityproject.UniversityProjectApplication for test class pl.edu.prz.kia.universityproject.UniversityProjectApplicationTests
15:03:47.251 [main] DEBUG org.springframework.boot.test.context.SpringBootTestContextBootstrapper - @TestExecutionListeners is not present for class [pl.edu.prz.kia.universityproject.UniversityProjectApplicationTests]: using defaults.
15:03:47.251 [main] INFO org.springframework.boot.test.context.SpringBootTestContextBootstrapper - Loaded default TestExecutionListener class names from location [META-INF/spring.factories]: [org.springframework.boot.test.mock.mockito.MockitoTestExecutionListener, org.springframework.boot.test.mock.mockito.ResetMocksTestExecutionListener, org.springframework.boot.test.autoconfigure.restdocs.RestDocsTestExecutionListener, org.springframework.boot.test.autoconfigure.web.client.MockRestServiceServerResetTestExecutionListener, org.springframework.boot.test.autoconfigure.web.servlet.MockMvcPrintOnlyOnFailureTestExecutionListener, org.springframework.boot.test.autoconfigure.web.servlet.WebDriverTestExecutionListener, org.springframework.test.context.web.ServletTestExecutionListener, org.springframework.test.context.support.DirtiesContextBeforeModesTestExecutionListener, org.springframework.test.context.support.DependencyInjectionTestExecutionListener, org.springframework.test.context.support.DirtiesContextTestExecutionListener, org.springframework.test.context.transaction.TransactionalTestExecutionListener, org.springframework.test.context.jdbc.SqlScriptsTestExecutionListener, org.springframework.security.test.context.support.WithSecurityContextTestExecutionListener, org.springframework.security.test.context.support.ReactorContextTestExecutionListener]
15:03:47.274 [main] INFO org.springframework.boot.test.context.SpringBootTestContextBootstrapper - Using TestExecutionListeners: [org.springframework.test.context.web.ServletTestExecutionListener@3eb738bb, org.springframework.test.context.support.DirtiesContextBeforeModesTestExecutionListener@5bda8e08, org.springframework.boot.test.mock.mockito.MockitoTestExecutionListener@1e800aaa, org.springframework.boot.test.autoconfigure.SpringBootDependencyInjectionTestExecutionListener@185a6e9, org.springframework.test.context.support.DirtiesContextTestExecutionListener@6f03482, org.springframework.test.context.transaction.TransactionalTestExecutionListener@9d5509a, org.springframework.test.context.jdbc.SqlScriptsTestExecutionListener@179ece50, org.springframework.security.test.context.support.WithSecurityContextTestExecutionListener@3b0090a4, org.springframework.security.test.context.support.ReactorContextTestExecutionListener@3cd3e762, org.springframework.boot.test.mock.mockito.ResetMocksTestExecutionListener@1fa121e2, org.springframework.boot.test.autoconfigure.restdocs.RestDocsTestExecutionListener@7eac9008, org.springframework.boot.test.autoconfigure.web.client.MockRestServiceServerResetTestExecutionListener@4116aac9, org.springframework.boot.test.autoconfigure.web.servlet.MockMvcPrintOnlyOnFailureTestExecutionListener@62ddbd7e, org.springframework.boot.test.autoconfigure.web.servlet.WebDriverTestExecutionListener@74e52ef6]
15:03:47.276 [main] DEBUG org.springframework.test.annotation.ProfileValueUtils - Retrieved @ProfileValueSourceConfiguration [null] for test class [pl.edu.prz.kia.universityproject.UniversityProjectApplicationTests]
15:03:47.276 [main] DEBUG org.springframework.test.annotation.ProfileValueUtils - Retrieved ProfileValueSource type [class org.springframework.test.annotation.SystemProfileValueSource] for class [pl.edu.prz.kia.universityproject.UniversityProjectApplicationTests]
15:03:47.277 [main] DEBUG org.springframework.test.annotation.ProfileValueUtils - Retrieved @ProfileValueSourceConfiguration [null] for test class [pl.edu.prz.kia.universityproject.UniversityProjectApplicationTests]
15:03:47.277 [main] DEBUG org.springframework.test.annotation.ProfileValueUtils - Retrieved ProfileValueSource type [class org.springframework.test.annotation.SystemProfileValueSource] for class [pl.edu.prz.kia.universityproject.UniversityProjectApplicationTests]
15:03:47.277 [main] DEBUG org.springframework.test.annotation.ProfileValueUtils - Retrieved @ProfileValueSourceConfiguration [null] for test class [pl.edu.prz.kia.universityproject.UniversityProjectApplicationTests]
15:03:47.277 [main] DEBUG org.springframework.test.annotation.ProfileValueUtils - Retrieved ProfileValueSource type [class org.springframework.test.annotation.SystemProfileValueSource] for class [pl.edu.prz.kia.universityproject.UniversityProjectApplicationTests]
15:03:47.281 [main] DEBUG org.springframework.test.context.support.AbstractDirtiesContextTestExecutionListener - Before test class: context [DefaultTestContext@3a52dba3 testClass = UniversityProjectApplicationTests, testInstance = [null], testMethod = [null], testException = [null], mergedContextConfiguration = [WebMergedContextConfiguration@2a5c8d3f testClass = UniversityProjectApplicationTests, locations = '{}', classes = '{class pl.edu.prz.kia.universityproject.UniversityProjectApplication}', contextInitializerClasses = '[]', activeProfiles = '{}', propertySourceLocations = '{}', propertySourceProperties = '{org.springframework.boot.test.context.SpringBootTestContextBootstrapper=true}', contextCustomizers = set[org.springframework.boot.test.context.filter.ExcludeFilterContextCustomizer@704d6e83, org.springframework.boot.test.json.DuplicateJsonObjectContextCustomizerFactory$DuplicateJsonObjectContextCustomizer@2eda0940, org.springframework.boot.test.mock.mockito.MockitoContextCustomizer@0, org.springframework.boot.test.web.client.TestRestTemplateContextCustomizer@5204062d, org.springframework.boot.test.autoconfigure.properties.PropertyMappingContextCustomizer@0, org.springframework.boot.test.autoconfigure.web.servlet.WebDriverContextCustomizerFactory$Customizer@16022d9d], resourceBasePath = 'src/main/webapp', contextLoader = 'org.springframework.boot.test.context.SpringBootContextLoader', parent = [null]], attributes = map['org.springframework.test.context.web.ServletTestExecutionListener.activateListener' -> true]], class annotated with @DirtiesContext [false] with mode [null].
15:03:47.282 [main] DEBUG org.springframework.test.annotation.ProfileValueUtils - Retrieved @ProfileValueSourceConfiguration [null] for test class [pl.edu.prz.kia.universityproject.UniversityProjectApplicationTests]
15:03:47.282 [main] DEBUG org.springframework.test.annotation.ProfileValueUtils - Retrieved ProfileValueSource type [class org.springframework.test.annotation.SystemProfileValueSource] for class [pl.edu.prz.kia.universityproject.UniversityProjectApplicationTests]
15:03:47.302 [main] DEBUG org.springframework.core.env.StandardEnvironment - Adding PropertySource 'systemProperties' with lowest search precedence
15:03:47.302 [main] DEBUG org.springframework.core.env.StandardEnvironment - Adding PropertySource 'systemEnvironment' with lowest search precedence
15:03:47.302 [main] DEBUG org.springframework.core.env.StandardEnvironment - Initialized StandardEnvironment with PropertySources [MapPropertySource@954702563 {name='systemProperties', properties={java.runtime.name=OpenJDK Runtime Environment, sun.boot.library.path=/usr/lib/jvm/java-8-openjdk-amd64/jre/lib/amd64, java.vm.version=25.121-b13, java.vm.vendor=Oracle Corporation, java.vendor.url=http://java.oracle.com/, skip.gulp=true, path.separator=:, java.vm.name=OpenJDK 64-Bit Server VM, file.encoding.pkg=sun.io, findbugs.skip=true, sun.java.launcher=SUN_STANDARD, sun.os.patch.level=unknown, java.vm.specification.name=Java Virtual Machine Specification, user.dir=/root/workspace/rmitula/spring-mvc-university-project/382662043, checkstyle.skip=true, java.runtime.version=1.8.0_121-8u121-b13-1~bpo8+1-b13, skip.npm=true, basedir=/root/workspace/rmitula/spring-mvc-university-project/382662043, java.awt.graphicsenv=sun.awt.X11GraphicsEnvironment, java.endorsed.dirs=/usr/lib/jvm/java-8-openjdk-amd64/jre/lib/endorsed, os.arch=amd64, surefire.real.class.path=/root/workspace/rmitula/spring-mvc-university-project/382662043/target/surefire/surefirebooter9168735956140830478.jar, gpg.skip=true, java.io.tmpdir=/tmp, line.separator=
, cobertura.skip=true, java.vm.specification.vendor=Oracle Corporation, os.name=Linux, sun.jnu.encoding=UTF-8, license.skip=true, java.library.path=/usr/java/packages/lib/amd64:/usr/lib/x86_64-linux-gnu/jni:/lib/x86_64-linux-gnu:/usr/lib/x86_64-linux-gnu:/usr/lib/jni:/lib:/usr/lib, surefire.test.class.path=/root/workspace/rmitula/spring-mvc-university-project/382662043/target/test-classes:/root/workspace/rmitula/spring-mvc-university-project/382662043/target/classes:/root/./workspace/rmitula/spring-mvc-university-project/382662043/.m2/org/springframework/boot/spring-boot-starter-data-jpa/2.0.0.RELEASE/spring-boot-starter-data-jpa-2.0.0.RELEASE.jar:/root/./workspace/rmitula/spring-mvc-university-project/382662043/.m2/org/springframework/boot/spring-boot-starter/2.0.0.RELEASE/spring-boot-starter-2.0.0.RELEASE.jar:/root/./workspace/rmitula/spring-mvc-university-project/382662043/.m2/org/springframework/boot/spring-boot-starter-logging/2.0.0.RELEASE/spring-boot-starter-logging-2.0.0.RELEASE.jar:/root/./workspace/rmitula/spring-mvc-university-project/382662043/.m2/ch/qos/logback/logback-classic/1.2.3/logback-classic-1.2.3.jar:/root/./workspace/rmitula/spring-mvc-university-project/382662043/.m2/ch/qos/logback/logback-core/1.2.3/logback-core-1.2.3.jar:/root/./workspace/rmitula/spring-mvc-university-project/382662043/.m2/org/apache/logging/log4j/log4j-to-slf4j/2.10.0/log4j-to-slf4j-2.10.0.jar:/root/./workspace/rmitula/spring-mvc-university-project/382662043/.m2/org/apache/logging/log4j/log4j-api/2.10.0/log4j-api-2.10.0.jar:/root/./workspace/rmitula/spring-mvc-university-project/382662043/.m2/org/slf4j/jul-to-slf4j/1.7.25/jul-to-slf4j-1.7.25.jar:/root/./workspace/rmitula/spring-mvc-university-project/382662043/.m2/javax/annotation/javax.annotation-api/1.3.2/javax.annotation-api-1.3.2.jar:/root/./workspace/rmitula/spring-mvc-university-project/382662043/.m2/org/yaml/snakeyaml/1.19/snakeyaml-1.19.jar:/root/./workspace/rmitula/spring-mvc-university-project/382662043/.m2/org/springframework/boot/spring-boot-starter-aop/2.0.0.RELEASE/spring-boot-starter-aop-2.0.0.RELEASE.jar:/root/./workspace/rmitula/spring-mvc-university-project/382662043/.m2/org/aspectj/aspectjweaver/1.8.13/aspectjweaver-1.8.13.jar:/root/./workspace/rmitula/spring-mvc-university-project/382662043/.m2/org/springframework/boot/spring-boot-starter-jdbc/2.0.0.RELEASE/spring-boot-starter-jdbc-2.0.0.RELEASE.jar:/root/./workspace/rmitula/spring-mvc-university-project/382662043/.m2/com/zaxxer/HikariCP/2.7.8/HikariCP-2.7.8.jar:/root/./workspace/rmitula/spring-mvc-university-project/382662043/.m2/org/springframework/spring-jdbc/5.0.4.RELEASE/spring-jdbc-5.0.4.RELEASE.jar:/root/./workspace/rmitula/spring-mvc-university-project/382662043/.m2/org/hibernate/hibernate-core/5.2.14.Final/hibernate-core-5.2.14.Final.jar:/root/./workspace/rmitula/spring-mvc-university-project/382662043/.m2/org/jboss/logging/jboss-logging/3.3.2.Final/jboss-logging-3.3.2.Final.jar:/root/./workspace/rmitula/spring-mvc-university-project/382662043/.m2/org/hibernate/javax/persistence/hibernate-jpa-2.1-api/1.0.0.Final/hibernate-jpa-2.1-api-1.0.0.Final.jar:/root/./workspace/rmitula/spring-mvc-university-project/382662043/.m2/org/javassist/javassist/3.22.0-GA/javassist-3.22.0-GA.jar:/root/./workspace/rmitula/spring-mvc-university-project/382662043/.m2/antlr/antlr/2.7.7/antlr-2.7.7.jar:/root/./workspace/rmitula/spring-mvc-university-project/382662043/.m2/org/jboss/jandex/2.0.3.Final/jandex-2.0.3.Final.jar:/root/./workspace/rmitula/spring-mvc-university-project/382662043/.m2/com/fasterxml/classmate/1.3.4/classmate-1.3.4.jar:/root/./workspace/rmitula/spring-mvc-university-project/382662043/.m2/dom4j/dom4j/1.6.1/dom4j-1.6.1.jar:/root/./workspace/rmitula/spring-mvc-university-project/382662043/.m2/org/hibernate/common/hibernate-commons-annotations/5.0.1.Final/hibernate-commons-annotations-5.0.1.Final.jar:/root/./workspace/rmitula/spring-mvc-university-project/382662043/.m2/javax/transaction/javax.transaction-api/1.2/javax.transaction-api-1.2.jar:/root/./workspace/rmitula/spring-mvc-university-project/382662043/.m2/org/springframework/data/spring-data-jpa/2.0.5.RELEASE/spring-data-jpa-2.0.5.RELEASE.jar:/root/./workspace/rmitula/spring-mvc-university-project/382662043/.m2/org/springframework/data/spring-data-commons/2.0.5.RELEASE/spring-data-commons-2.0.5.RELEASE.jar:/root/./workspace/rmitula/spring-mvc-university-project/382662043/.m2/org/springframework/spring-orm/5.0.4.RELEASE/spring-orm-5.0.4.RELEASE.jar:/root/./workspace/rmitula/spring-mvc-university-project/382662043/.m2/org/springframework/spring-context/5.0.4.RELEASE/spring-context-5.0.4.RELEASE.jar:/root/./workspace/rmitula/spring-mvc-university-project/382662043/.m2/org/springframework/spring-tx/5.0.4.RELEASE/spring-tx-5.0.4.RELEASE.jar:/root/./workspace/rmitula/spring-mvc-university-project/382662043/.m2/org/springframework/spring-beans/5.0.4.RELEASE/spring-beans-5.0.4.RELEASE.jar:/root/./workspace/rmitula/spring-mvc-university-project/382662043/.m2/org/springframework/spring-aspects/5.0.4.RELEASE/spring-aspects-5.0.4.RELEASE.jar:/root/./workspace/rmitula/spring-mvc-university-project/382662043/.m2/org/springframework/boot/spring-boot-devtools/2.0.0.RELEASE/spring-boot-devtools-2.0.0.RELEASE.jar:/root/./workspace/rmitula/spring-mvc-university-project/382662043/.m2/org/springframework/boot/spring-boot/2.0.0.RELEASE/spring-boot-2.0.0.RELEASE.jar:/root/./workspace/rmitula/spring-mvc-university-project/382662043/.m2/org/springframework/boot/spring-boot-autoconfigure/2.0.0.RELEASE/spring-boot-autoconfigure-2.0.0.RELEASE.jar:/root/./workspace/rmitula/spring-mvc-university-project/382662043/.m2/org/springframework/boot/spring-boot-starter-security/2.0.0.RELEASE/spring-boot-starter-security-2.0.0.RELEASE.jar:/root/./workspace/rmitula/spring-mvc-university-project/382662043/.m2/org/springframework/spring-aop/5.0.4.RELEASE/spring-aop-5.0.4.RELEASE.jar:/root/./workspace/rmitula/spring-mvc-university-project/382662043/.m2/org/springframework/security/spring-security-config/5.0.3.RELEASE/spring-security-config-5.0.3.RELEASE.jar:/root/./workspace/rmitula/spring-mvc-university-project/382662043/.m2/org/springframework/security/spring-security-web/5.0.3.RELEASE/spring-security-web-5.0.3.RELEASE.jar:/root/./workspace/rmitula/spring-mvc-university-project/382662043/.m2/org/springframework/spring-expression/5.0.4.RELEASE/spring-expression-5.0.4.RELEASE.jar:/root/./workspace/rmitula/spring-mvc-university-project/382662043/.m2/org/springframework/boot/spring-boot-starter-thymeleaf/2.0.0.RELEASE/spring-boot-starter-thymeleaf-2.0.0.RELEASE.jar:/root/./workspace/rmitula/spring-mvc-university-project/382662043/.m2/org/thymeleaf/thymeleaf-spring5/3.0.9.RELEASE/thymeleaf-spring5-3.0.9.RELEASE.jar:/root/./workspace/rmitula/spring-mvc-university-project/382662043/.m2/org/thymeleaf/thymeleaf/3.0.9.RELEASE/thymeleaf-3.0.9.RELEASE.jar:/root/./workspace/rmitula/spring-mvc-university-project/382662043/.m2/org/attoparser/attoparser/2.0.4.RELEASE/attoparser-2.0.4.RELEASE.jar:/root/./workspace/rmitula/spring-mvc-university-project/382662043/.m2/org/unbescape/unbescape/1.1.5.RELEASE/unbescape-1.1.5.RELEASE.jar:/root/./workspace/rmitula/spring-mvc-university-project/382662043/.m2/org/thymeleaf/extras/thymeleaf-extras-java8time/3.0.1.RELEASE/thymeleaf-extras-java8time-3.0.1.RELEASE.jar:/root/./workspace/rmitula/spring-mvc-university-project/382662043/.m2/org/springframework/boot/spring-boot-starter-web/2.0.0.RELEASE/spring-boot-starter-web-2.0.0.RELEASE.jar:/root/./workspace/rmitula/spring-mvc-university-project/382662043/.m2/org/springframework/boot/spring-boot-starter-json/2.0.0.RELEASE/spring-boot-starter-json-2.0.0.RELEASE.jar:/root/./workspace/rmitula/spring-mvc-university-project/382662043/.m2/com/fasterxml/jackson/core/jackson-databind/2.9.4/jackson-databind-2.9.4.jar:/root/./workspace/rmitula/spring-mvc-university-project/382662043/.m2/com/fasterxml/jackson/core/jackson-annotations/2.9.0/jackson-annotations-2.9.0.jar:/root/./workspace/rmitula/spring-mvc-university-project/382662043/.m2/com/fasterxml/jackson/core/jackson-core/2.9.4/jackson-core-2.9.4.jar:/root/./workspace/rmitula/spring-mvc-university-project/382662043/.m2/com/fasterxml/jackson/datatype/jackson-datatype-jdk8/2.9.4/jackson-datatype-jdk8-2.9.4.jar:/root/./workspace/rmitula/spring-mvc-university-project/382662043/.m2/com/fasterxml/jackson/datatype/jackson-datatype-jsr310/2.9.4/jackson-datatype-jsr310-2.9.4.jar:/root/./workspace/rmitula/spring-mvc-university-project/382662043/.m2/com/fasterxml/jackson/module/jackson-module-parameter-names/2.9.4/jackson-module-parameter-names-2.9.4.jar:/root/./workspace/rmitula/spring-mvc-university-project/382662043/.m2/org/springframework/boot/spring-boot-starter-tomcat/2.0.0.RELEASE/spring-boot-starter-tomcat-2.0.0.RELEASE.jar:/root/./workspace/rmitula/spring-mvc-university-project/382662043/.m2/org/apache/tomcat/embed/tomcat-embed-websocket/8.5.28/tomcat-embed-websocket-8.5.28.jar:/root/./workspace/rmitula/spring-mvc-university-project/382662043/.m2/org/hibernate/validator/hibernate-validator/6.0.7.Final/hibernate-validator-6.0.7.Final.jar:/root/./workspace/rmitula/spring-mvc-university-project/382662043/.m2/javax/validation/validation-api/2.0.1.Final/validation-api-2.0.1.Final.jar:/root/./workspace/rmitula/spring-mvc-university-project/382662043/.m2/org/springframework/spring-web/5.0.4.RELEASE/spring-web-5.0.4.RELEASE.jar:/root/./workspace/rmitula/spring-mvc-university-project/382662043/.m2/org/springframework/spring-webmvc/5.0.4.RELEASE/spring-webmvc-5.0.4.RELEASE.jar:/root/./workspace/rmitula/spring-mvc-university-project/382662043/.m2/com/h2database/h2/1.4.196/h2-1.4.196.jar:/root/./workspace/rmitula/spring-mvc-university-project/382662043/.m2/net/sourceforge/nekohtml/nekohtml/1.9.21/nekohtml-1.9.21.jar:/root/./workspace/rmitula/spring-mvc-university-project/382662043/.m2/xerces/xercesImpl/2.10.0/xercesImpl-2.10.0.jar:/root/./workspace/rmitula/spring-mvc-university-project/382662043/.m2/xml-apis/xml-apis/1.4.01/xml-apis-1.4.01.jar:/root/./workspace/rmitula/spring-mvc-university-project/382662043/.m2/org/thymeleaf/extras/thymeleaf-extras-springsecurity4/3.0.2.RELEASE/thymeleaf-extras-springsecurity4-3.0.2.RELEASE.jar:/root/./workspace/rmitula/spring-mvc-university-project/382662043/.m2/org/slf4j/slf4j-api/1.7.25/slf4j-api-1.7.25.jar:/root/./workspace/rmitula/spring-mvc-university-project/382662043/.m2/org/apache/tomcat/embed/tomcat-embed-jasper/8.5.28/tomcat-embed-jasper-8.5.28.jar:/root/./workspace/rmitula/spring-mvc-university-project/382662043/.m2/org/apache/tomcat/embed/tomcat-embed-core/8.5.28/tomcat-embed-core-8.5.28.jar:/root/./workspace/rmitula/spring-mvc-university-project/382662043/.m2/org/apache/tomcat/tomcat-annotations-api/8.5.28/tomcat-annotations-api-8.5.28.jar:/root/./workspace/rmitula/spring-mvc-university-project/382662043/.m2/org/apache/tomcat/embed/tomcat-embed-el/8.5.28/tomcat-embed-el-8.5.28.jar:/root/./workspace/rmitula/spring-mvc-university-project/382662043/.m2/org/eclipse/jdt/ecj/3.12.3/ecj-3.12.3.jar:/root/./workspace/rmitula/spring-mvc-university-project/382662043/.m2/org/springframework/boot/spring-boot-starter-test/2.0.0.RELEASE/spring-boot-starter-test-2.0.0.RELEASE.jar:/root/./workspace/rmitula/spring-mvc-university-project/382662043/.m2/org/springframework/boot/spring-boot-test/2.0.0.RELEASE/spring-boot-test-2.0.0.RELEASE.jar:/root/./workspace/rmitula/spring-mvc-university-project/382662043/.m2/org/springframework/boot/spring-boot-test-autoconfigure/2.0.0.RELEASE/spring-boot-test-autoconfigure-2.0.0.RELEASE.jar:/root/./workspace/rmitula/spring-mvc-university-project/382662043/.m2/com/jayway/jsonpath/json-path/2.4.0/json-path-2.4.0.jar:/root/./workspace/rmitula/spring-mvc-university-project/382662043/.m2/net/minidev/json-smart/2.3/json-smart-2.3.jar:/root/./workspace/rmitula/spring-mvc-university-project/382662043/.m2/net/minidev/accessors-smart/1.2/accessors-smart-1.2.jar:/root/./workspace/rmitula/spring-mvc-university-project/382662043/.m2/org/ow2/asm/asm/5.0.4/asm-5.0.4.jar:/root/./workspace/rmitula/spring-mvc-university-project/382662043/.m2/junit/junit/4.12/junit-4.12.jar:/root/./workspace/rmitula/spring-mvc-university-project/382662043/.m2/org/assertj/assertj-core/3.9.1/assertj-core-3.9.1.jar:/root/./workspace/rmitula/spring-mvc-university-project/382662043/.m2/org/mockito/mockito-core/2.15.0/mockito-core-2.15.0.jar:/root/./workspace/rmitula/spring-mvc-university-project/382662043/.m2/net/bytebuddy/byte-buddy/1.7.10/byte-buddy-1.7.10.jar:/root/./workspace/rmitula/spring-mvc-university-project/382662043/.m2/net/bytebuddy/byte-buddy-agent/1.7.10/byte-buddy-agent-1.7.10.jar:/root/./workspace/rmitula/spring-mvc-university-project/382662043/.m2/org/objenesis/objenesis/2.6/objenesis-2.6.jar:/root/./workspace/rmitula/spring-mvc-university-project/382662043/.m2/org/hamcrest/hamcrest-core/1.3/hamcrest-core-1.3.jar:/root/./workspace/rmitula/spring-mvc-university-project/382662043/.m2/org/hamcrest/hamcrest-library/1.3/hamcrest-library-1.3.jar:/root/./workspace/rmitula/spring-mvc-university-project/382662043/.m2/org/skyscreamer/jsonassert/1.5.0/jsonassert-1.5.0.jar:/root/./workspace/rmitula/spring-mvc-university-project/382662043/.m2/com/vaadin/external/google/android-json/0.0.20131108.vaadin1/android-json-0.0.20131108.vaadin1.jar:/root/./workspace/rmitula/spring-mvc-university-project/382662043/.m2/org/springframework/spring-core/5.0.4.RELEASE/spring-core-5.0.4.RELEASE.jar:/root/./workspace/rmitula/spring-mvc-university-project/382662043/.m2/org/springframework/spring-jcl/5.0.4.RELEASE/spring-jcl-5.0.4.RELEASE.jar:/root/./workspace/rmitula/spring-mvc-university-project/382662043/.m2/org/springframework/spring-test/5.0.4.RELEASE/spring-test-5.0.4.RELEASE.jar:/root/./workspace/rmitula/spring-mvc-university-project/382662043/.m2/org/xmlunit/xmlunit-core/2.5.1/xmlunit-core-2.5.1.jar:/root/./workspace/rmitula/spring-mvc-university-project/382662043/.m2/org/springframework/security/spring-security-test/5.0.3.RELEASE/spring-security-test-5.0.3.RELEASE.jar:/root/./workspace/rmitula/spring-mvc-university-project/382662043/.m2/org/springframework/security/spring-security-core/5.0.3.RELEASE/spring-security-core-5.0.3.RELEASE.jar:/root/./workspace/rmitula/spring-mvc-university-project/382662043/.m2/com/sun/mail/javax.mail/1.6.1/javax.mail-1.6.1.jar:/root/./workspace/rmitula/spring-mvc-university-project/382662043/.m2/javax/activation/activation/1.1/activation-1.1.jar:, java.specification.name=Java Platform API Specification, java.class.version=52.0, skip.bower=true, sun.management.compiler=HotSpot 64-Bit Tiered Compilers, maven.repo.local=/root/./workspace/rmitula/spring-mvc-university-project/382662043/.m2, os.version=4.15.0-20-generic, user.home=/root, user.timezone=Europe/Paris, java.awt.printerjob=sun.print.PSPrinterJob, file.encoding=UTF-8, java.specification.version=1.8, java.class.path=/root/workspace/rmitula/spring-mvc-university-project/382662043/target/test-classes:/root/workspace/rmitula/spring-mvc-university-project/382662043/target/classes:/root/./workspace/rmitula/spring-mvc-university-project/382662043/.m2/org/springframework/boot/spring-boot-starter-data-jpa/2.0.0.RELEASE/spring-boot-starter-data-jpa-2.0.0.RELEASE.jar:/root/./workspace/rmitula/spring-mvc-university-project/382662043/.m2/org/springframework/boot/spring-boot-starter/2.0.0.RELEASE/spring-boot-starter-2.0.0.RELEASE.jar:/root/./workspace/rmitula/spring-mvc-university-project/382662043/.m2/org/springframework/boot/spring-boot-starter-logging/2.0.0.RELEASE/spring-boot-starter-logging-2.0.0.RELEASE.jar:/root/./workspace/rmitula/spring-mvc-university-project/382662043/.m2/ch/qos/logback/logback-classic/1.2.3/logback-classic-1.2.3.jar:/root/./workspace/rmitula/spring-mvc-university-project/382662043/.m2/ch/qos/logback/logback-core/1.2.3/logback-core-1.2.3.jar:/root/./workspace/rmitula/spring-mvc-university-project/382662043/.m2/org/apache/logging/log4j/log4j-to-slf4j/2.10.0/log4j-to-slf4j-2.10.0.jar:/root/./workspace/rmitula/spring-mvc-university-project/382662043/.m2/org/apache/logging/log4j/log4j-api/2.10.0/log4j-api-2.10.0.jar:/root/./workspace/rmitula/spring-mvc-university-project/382662043/.m2/org/slf4j/jul-to-slf4j/1.7.25/jul-to-slf4j-1.7.25.jar:/root/./workspace/rmitula/spring-mvc-university-project/382662043/.m2/javax/annotation/javax.annotation-api/1.3.2/javax.annotation-api-1.3.2.jar:/root/./workspace/rmitula/spring-mvc-university-project/382662043/.m2/org/yaml/snakeyaml/1.19/snakeyaml-1.19.jar:/root/./workspace/rmitula/spring-mvc-university-project/382662043/.m2/org/springframework/boot/spring-boot-starter-aop/2.0.0.RELEASE/spring-boot-starter-aop-2.0.0.RELEASE.jar:/root/./workspace/rmitula/spring-mvc-university-project/382662043/.m2/org/aspectj/aspectjweaver/1.8.13/aspectjweaver-1.8.13.jar:/root/./workspace/rmitula/spring-mvc-university-project/382662043/.m2/org/springframework/boot/spring-boot-starter-jdbc/2.0.0.RELEASE/spring-boot-starter-jdbc-2.0.0.RELEASE.jar:/root/./workspace/rmitula/spring-mvc-university-project/382662043/.m2/com/zaxxer/HikariCP/2.7.8/HikariCP-2.7.8.jar:/root/./workspace/rmitula/spring-mvc-university-project/382662043/.m2/org/springframework/spring-jdbc/5.0.4.RELEASE/spring-jdbc-5.0.4.RELEASE.jar:/root/./workspace/rmitula/spring-mvc-university-project/382662043/.m2/org/hibernate/hibernate-core/5.2.14.Final/hibernate-core-5.2.14.Final.jar:/root/./workspace/rmitula/spring-mvc-university-project/382662043/.m2/org/jboss/logging/jboss-logging/3.3.2.Final/jboss-logging-3.3.2.Final.jar:/root/./workspace/rmitula/spring-mvc-university-project/382662043/.m2/org/hibernate/javax/persistence/hibernate-jpa-2.1-api/1.0.0.Final/hibernate-jpa-2.1-api-1.0.0.Final.jar:/root/./workspace/rmitula/spring-mvc-university-project/382662043/.m2/org/javassist/javassist/3.22.0-GA/javassist-3.22.0-GA.jar:/root/./workspace/rmitula/spring-mvc-university-project/382662043/.m2/antlr/antlr/2.7.7/antlr-2.7.7.jar:/root/./workspace/rmitula/spring-mvc-university-project/382662043/.m2/org/jboss/jandex/2.0.3.Final/jandex-2.0.3.Final.jar:/root/./workspace/rmitula/spring-mvc-university-project/382662043/.m2/com/fasterxml/classmate/1.3.4/classmate-1.3.4.jar:/root/./workspace/rmitula/spring-mvc-university-project/382662043/.m2/dom4j/dom4j/1.6.1/dom4j-1.6.1.jar:/root/./workspace/rmitula/spring-mvc-university-project/382662043/.m2/org/hibernate/common/hibernate-commons-annotations/5.0.1.Final/hibernate-commons-annotations-5.0.1.Final.jar:/root/./workspace/rmitula/spring-mvc-university-project/382662043/.m2/javax/transaction/javax.transaction-api/1.2/javax.transaction-api-1.2.jar:/root/./workspace/rmitula/spring-mvc-university-project/382662043/.m2/org/springframework/data/spring-data-jpa/2.0.5.RELEASE/spring-data-jpa-2.0.5.RELEASE.jar:/root/./workspace/rmitula/spring-mvc-university-project/382662043/.m2/org/springframework/data/spring-data-commons/2.0.5.RELEASE/spring-data-commons-2.0.5.RELEASE.jar:/root/./workspace/rmitula/spring-mvc-university-project/382662043/.m2/org/springframework/spring-orm/5.0.4.RELEASE/spring-orm-5.0.4.RELEASE.jar:/root/./workspace/rmitula/spring-mvc-university-project/382662043/.m2/org/springframework/spring-context/5.0.4.RELEASE/spring-context-5.0.4.RELEASE.jar:/root/./workspace/rmitula/spring-mvc-university-project/382662043/.m2/org/springframework/spring-tx/5.0.4.RELEASE/spring-tx-5.0.4.RELEASE.jar:/root/./workspace/rmitula/spring-mvc-university-project/382662043/.m2/org/springframework/spring-beans/5.0.4.RELEASE/spring-beans-5.0.4.RELEASE.jar:/root/./workspace/rmitula/spring-mvc-university-project/382662043/.m2/org/springframework/spring-aspects/5.0.4.RELEASE/spring-aspects-5.0.4.RELEASE.jar:/root/./workspace/rmitula/spring-mvc-university-project/382662043/.m2/org/springframework/boot/spring-boot-devtools/2.0.0.RELEASE/spring-boot-devtools-2.0.0.RELEASE.jar:/root/./workspace/rmitula/spring-mvc-university-project/382662043/.m2/org/springframework/boot/spring-boot/2.0.0.RELEASE/spring-boot-2.0.0.RELEASE.jar:/root/./workspace/rmitula/spring-mvc-university-project/382662043/.m2/org/springframework/boot/spring-boot-autoconfigure/2.0.0.RELEASE/spring-boot-autoconfigure-2.0.0.RELEASE.jar:/root/./workspace/rmitula/spring-mvc-university-project/382662043/.m2/org/springframework/boot/spring-boot-starter-security/2.0.0.RELEASE/spring-boot-starter-security-2.0.0.RELEASE.jar:/root/./workspace/rmitula/spring-mvc-university-project/382662043/.m2/org/springframework/spring-aop/5.0.4.RELEASE/spring-aop-5.0.4.RELEASE.jar:/root/./workspace/rmitula/spring-mvc-university-project/382662043/.m2/org/springframework/security/spring-security-config/5.0.3.RELEASE/spring-security-config-5.0.3.RELEASE.jar:/root/./workspace/rmitula/spring-mvc-university-project/382662043/.m2/org/springframework/security/spring-security-web/5.0.3.RELEASE/spring-security-web-5.0.3.RELEASE.jar:/root/./workspace/rmitula/spring-mvc-university-project/382662043/.m2/org/springframework/spring-expression/5.0.4.RELEASE/spring-expression-5.0.4.RELEASE.jar:/root/./workspace/rmitula/spring-mvc-university-project/382662043/.m2/org/springframework/boot/spring-boot-starter-thymeleaf/2.0.0.RELEASE/spring-boot-starter-thymeleaf-2.0.0.RELEASE.jar:/root/./workspace/rmitula/spring-mvc-university-project/382662043/.m2/org/thymeleaf/thymeleaf-spring5/3.0.9.RELEASE/thymeleaf-spring5-3.0.9.RELEASE.jar:/root/./workspace/rmitula/spring-mvc-university-project/382662043/.m2/org/thymeleaf/thymeleaf/3.0.9.RELEASE/thymeleaf-3.0.9.RELEASE.jar:/root/./workspace/rmitula/spring-mvc-university-project/382662043/.m2/org/attoparser/attoparser/2.0.4.RELEASE/attoparser-2.0.4.RELEASE.jar:/root/./workspace/rmitula/spring-mvc-university-project/382662043/.m2/org/unbescape/unbescape/1.1.5.RELEASE/unbescape-1.1.5.RELEASE.jar:/root/./workspace/rmitula/spring-mvc-university-project/382662043/.m2/org/thymeleaf/extras/thymeleaf-extras-java8time/3.0.1.RELEASE/thymeleaf-extras-java8time-3.0.1.RELEASE.jar:/root/./workspace/rmitula/spring-mvc-university-project/382662043/.m2/org/springframework/boot/spring-boot-starter-web/2.0.0.RELEASE/spring-boot-starter-web-2.0.0.RELEASE.jar:/root/./workspace/rmitula/spring-mvc-university-project/382662043/.m2/org/springframework/boot/spring-boot-starter-json/2.0.0.RELEASE/spring-boot-starter-json-2.0.0.RELEASE.jar:/root/./workspace/rmitula/spring-mvc-university-project/382662043/.m2/com/fasterxml/jackson/core/jackson-databind/2.9.4/jackson-databind-2.9.4.jar:/root/./workspace/rmitula/spring-mvc-university-project/382662043/.m2/com/fasterxml/jackson/core/jackson-annotations/2.9.0/jackson-annotations-2.9.0.jar:/root/./workspace/rmitula/spring-mvc-university-project/382662043/.m2/com/fasterxml/jackson/core/jackson-core/2.9.4/jackson-core-2.9.4.jar:/root/./workspace/rmitula/spring-mvc-university-project/382662043/.m2/com/fasterxml/jackson/datatype/jackson-datatype-jdk8/2.9.4/jackson-datatype-jdk8-2.9.4.jar:/root/./workspace/rmitula/spring-mvc-university-project/382662043/.m2/com/fasterxml/jackson/datatype/jackson-datatype-jsr310/2.9.4/jackson-datatype-jsr310-2.9.4.jar:/root/./workspace/rmitula/spring-mvc-university-project/382662043/.m2/com/fasterxml/jackson/module/jackson-module-parameter-names/2.9.4/jackson-module-parameter-names-2.9.4.jar:/root/./workspace/rmitula/spring-mvc-university-project/382662043/.m2/org/springframework/boot/spring-boot-starter-tomcat/2.0.0.RELEASE/spring-boot-starter-tomcat-2.0.0.RELEASE.jar:/root/./workspace/rmitula/spring-mvc-university-project/382662043/.m2/org/apache/tomcat/embed/tomcat-embed-websocket/8.5.28/tomcat-embed-websocket-8.5.28.jar:/root/./workspace/rmitula/spring-mvc-university-project/382662043/.m2/org/hibernate/validator/hibernate-validator/6.0.7.Final/hibernate-validator-6.0.7.Final.jar:/root/./workspace/rmitula/spring-mvc-university-project/382662043/.m2/javax/validation/validation-api/2.0.1.Final/validation-api-2.0.1.Final.jar:/root/./workspace/rmitula/spring-mvc-university-project/382662043/.m2/org/springframework/spring-web/5.0.4.RELEASE/spring-web-5.0.4.RELEASE.jar:/root/./workspace/rmitula/spring-mvc-university-project/382662043/.m2/org/springframework/spring-webmvc/5.0.4.RELEASE/spring-webmvc-5.0.4.RELEASE.jar:/root/./workspace/rmitula/spring-mvc-university-project/382662043/.m2/com/h2database/h2/1.4.196/h2-1.4.196.jar:/root/./workspace/rmitula/spring-mvc-university-project/382662043/.m2/net/sourceforge/nekohtml/nekohtml/1.9.21/nekohtml-1.9.21.jar:/root/./workspace/rmitula/spring-mvc-university-project/382662043/.m2/xerces/xercesImpl/2.10.0/xercesImpl-2.10.0.jar:/root/./workspace/rmitula/spring-mvc-university-project/382662043/.m2/xml-apis/xml-apis/1.4.01/xml-apis-1.4.01.jar:/root/./workspace/rmitula/spring-mvc-university-project/382662043/.m2/org/thymeleaf/extras/thymeleaf-extras-springsecurity4/3.0.2.RELEASE/thymeleaf-extras-springsecurity4-3.0.2.RELEASE.jar:/root/./workspace/rmitula/spring-mvc-university-project/382662043/.m2/org/slf4j/slf4j-api/1.7.25/slf4j-api-1.7.25.jar:/root/./workspace/rmitula/spring-mvc-university-project/382662043/.m2/org/apache/tomcat/embed/tomcat-embed-jasper/8.5.28/tomcat-embed-jasper-8.5.28.jar:/root/./workspace/rmitula/spring-mvc-university-project/382662043/.m2/org/apache/tomcat/embed/tomcat-embed-core/8.5.28/tomcat-embed-core-8.5.28.jar:/root/./workspace/rmitula/spring-mvc-university-project/382662043/.m2/org/apache/tomcat/tomcat-annotations-api/8.5.28/tomcat-annotations-api-8.5.28.jar:/root/./workspace/rmitula/spring-mvc-university-project/382662043/.m2/org/apache/tomcat/embed/tomcat-embed-el/8.5.28/tomcat-embed-el-8.5.28.jar:/root/./workspace/rmitula/spring-mvc-university-project/382662043/.m2/org/eclipse/jdt/ecj/3.12.3/ecj-3.12.3.jar:/root/./workspace/rmitula/spring-mvc-university-project/382662043/.m2/org/springframework/boot/spring-boot-starter-test/2.0.0.RELEASE/spring-boot-starter-test-2.0.0.RELEASE.jar:/root/./workspace/rmitula/spring-mvc-university-project/382662043/.m2/org/springframework/boot/spring-boot-test/2.0.0.RELEASE/spring-boot-test-2.0.0.RELEASE.jar:/root/./workspace/rmitula/spring-mvc-university-project/382662043/.m2/org/springframework/boot/spring-boot-test-autoconfigure/2.0.0.RELEASE/spring-boot-test-autoconfigure-2.0.0.RELEASE.jar:/root/./workspace/rmitula/spring-mvc-university-project/382662043/.m2/com/jayway/jsonpath/json-path/2.4.0/json-path-2.4.0.jar:/root/./workspace/rmitula/spring-mvc-university-project/382662043/.m2/net/minidev/json-smart/2.3/json-smart-2.3.jar:/root/./workspace/rmitula/spring-mvc-university-project/382662043/.m2/net/minidev/accessors-smart/1.2/accessors-smart-1.2.jar:/root/./workspace/rmitula/spring-mvc-university-project/382662043/.m2/org/ow2/asm/asm/5.0.4/asm-5.0.4.jar:/root/./workspace/rmitula/spring-mvc-university-project/382662043/.m2/junit/junit/4.12/junit-4.12.jar:/root/./workspace/rmitula/spring-mvc-university-project/382662043/.m2/org/assertj/assertj-core/3.9.1/assertj-core-3.9.1.jar:/root/./workspace/rmitula/spring-mvc-university-project/382662043/.m2/org/mockito/mockito-core/2.15.0/mockito-core-2.15.0.jar:/root/./workspace/rmitula/spring-mvc-university-project/382662043/.m2/net/bytebuddy/byte-buddy/1.7.10/byte-buddy-1.7.10.jar:/root/./workspace/rmitula/spring-mvc-university-project/382662043/.m2/net/bytebuddy/byte-buddy-agent/1.7.10/byte-buddy-agent-1.7.10.jar:/root/./workspace/rmitula/spring-mvc-university-project/382662043/.m2/org/objenesis/objenesis/2.6/objenesis-2.6.jar:/root/./workspace/rmitula/spring-mvc-university-project/382662043/.m2/org/hamcrest/hamcrest-core/1.3/hamcrest-core-1.3.jar:/root/./workspace/rmitula/spring-mvc-university-project/382662043/.m2/org/hamcrest/hamcrest-library/1.3/hamcrest-library-1.3.jar:/root/./workspace/rmitula/spring-mvc-university-project/382662043/.m2/org/skyscreamer/jsonassert/1.5.0/jsonassert-1.5.0.jar:/root/./workspace/rmitula/spring-mvc-university-project/382662043/.m2/com/vaadin/external/google/android-json/0.0.20131108.vaadin1/android-json-0.0.20131108.vaadin1.jar:/root/./workspace/rmitula/spring-mvc-university-project/382662043/.m2/org/springframework/spring-core/5.0.4.RELEASE/spring-core-5.0.4.RELEASE.jar:/root/./workspace/rmitula/spring-mvc-university-project/382662043/.m2/org/springframework/spring-jcl/5.0.4.RELEASE/spring-jcl-5.0.4.RELEASE.jar:/root/./workspace/rmitula/spring-mvc-university-project/382662043/.m2/org/springframework/spring-test/5.0.4.RELEASE/spring-test-5.0.4.RELEASE.jar:/root/./workspace/rmitula/spring-mvc-university-project/382662043/.m2/org/xmlunit/xmlunit-core/2.5.1/xmlunit-core-2.5.1.jar:/root/./workspace/rmitula/spring-mvc-university-project/382662043/.m2/org/springframework/security/spring-security-test/5.0.3.RELEASE/spring-security-test-5.0.3.RELEASE.jar:/root/./workspace/rmitula/spring-mvc-university-project/382662043/.m2/org/springframework/security/spring-security-core/5.0.3.RELEASE/spring-security-core-5.0.3.RELEASE.jar:/root/./workspace/rmitula/spring-mvc-university-project/382662043/.m2/com/sun/mail/javax.mail/1.6.1/javax.mail-1.6.1.jar:/root/./workspace/rmitula/spring-mvc-university-project/382662043/.m2/javax/activation/activation/1.1/activation-1.1.jar:, user.name=root, skipITs=true, java.vm.specification.version=1.8, sun.java.command=/root/workspace/rmitula/spring-mvc-university-project/382662043/target/surefire/surefirebooter9168735956140830478.jar /root/workspace/rmitula/spring-mvc-university-project/382662043/target/surefire 2018-05-23T15-03-45_353-jvmRun1 surefire3912444790424575113tmp surefire_03282689720207064016tmp, java.home=/usr/lib/jvm/java-8-openjdk-amd64/jre, sun.arch.data.model=64, user.language=en, java.specification.vendor=Oracle Corporation, dependency-check.skip=true, awt.toolkit=sun.awt.X11.XToolkit, java.vm.info=mixed mode, java.version=1.8.0_121, java.ext.dirs=/usr/lib/jvm/java-8-openjdk-amd64/jre/lib/ext:/usr/java/packages/lib/ext, sun.boot.class.path=/usr/lib/jvm/java-8-openjdk-amd64/jre/lib/resources.jar:/usr/lib/jvm/java-8-openjdk-amd64/jre/lib/rt.jar:/usr/lib/jvm/java-8-openjdk-amd64/jre/lib/sunrsasign.jar:/usr/lib/jvm/java-8-openjdk-amd64/jre/lib/jsse.jar:/usr/lib/jvm/java-8-openjdk-amd64/jre/lib/jce.jar:/usr/lib/jvm/java-8-openjdk-amd64/jre/lib/charsets.jar:/usr/lib/jvm/java-8-openjdk-amd64/jre/lib/jfr.jar:/usr/lib/jvm/java-8-openjdk-amd64/jre/classes, rat.skip=true, enforcer.skip=true, java.vendor=Oracle Corporation, localRepository=/root/./workspace/rmitula/spring-mvc-university-project/382662043/.m2, file.separator=/, java.vendor.url.bug=http://bugreport.sun.com/bugreport/, sun.io.unicode.encoding=UnicodeLittle, sun.cpu.endian=little, sun.cpu.isalist=}}, SystemEnvironmentPropertySource@1661406123 {name='systemEnvironment', properties={PATH=/usr/local/sbin:/usr/local/bin:/usr/sbin:/usr/bin:/sbin:/bin, JAVA_HOME=/usr/lib/jvm/java-8-openjdk-amd64, NOTIFY_TO=, CA_CERTIFICATES_JAVA_VERSION=20161107~bpo8+1, MONGODB_HOST=, BUILD_ID=, LANG=C.UTF-8, MAVEN_HOME=/usr/share/maven, SMTP_SERVER=, MONGODB_NAME=, REPAIR_MODE=repair, PWD=/root/workspace/rmitula/spring-mvc-university-project/382662043, JAVA_VERSION=8u121, GITHUB_OAUTH=, MAVEN_CMD_LINE_ARGS=/root/.m2 -B -D enforcer.skip=true -D dependency-check.skip=true -D skipITs=true -D cobertura.skip=true -D maven.repo.local=/root/./workspace/rmitula/spring-mvc-university-project/382662043/.m2 -D rat.skip=true -D findbugs.skip=true -D skip.bower=true -D gpg.skip=true -D checkstyle.skip=true -D skip.gulp=true -D license.skip=true -D skip.npm=true test, _=/usr/bin/java, OUTPUT=, MAVEN_TERMINATE_CMD=on, MAVEN_CONFIG=/root/.m2, MAVEN_PROJECTBASEDIR=/root/workspace/rmitula/spring-mvc-university-project/382662043, OLDPWD=/root/workspace/rmitula/spring-mvc-university-project/382662043, LOG_FILENAME=repairnator-pipeline_2018-05-23_1502_382662043_9afc28e6-891a-431e-95d9-7f9bc6d858c4, RUN_ID=, HOSTNAME=spirals-HP-Z400-Workstation, JAVA_DEBIAN_VERSION=8u121-b13-1~bpo8+1, M2_HOME=/usr/share/maven, REPAIR_TOOLS=AssertFixer, HOME=/root, SHLVL=1, PUSH_URL=}}]
15:03:47.305 [main] DEBUG org.springframework.test.context.support.TestPropertySourceUtils - Adding inlined properties to environment: {spring.jmx.enabled=false, org.springframework.boot.test.context.SpringBootTestContextBootstrapper=true, server.port=-1}
15:03:47.306 [main] DEBUG org.springframework.core.env.StandardEnvironment - Adding PropertySource 'Inlined Test Properties' with highest search precedence

  .   ____          _            __ _ _
 /\\ / ___'_ __ _ _(_)_ __  __ _ \ \ \ \
( ( )\___ | '_ | '_| | '_ \/ _` | \ \ \ \
 \\/  ___)| |_)| | | | | || (_| |  ) ) ) )
  '  |____| .__|_| |_|_| |_\__, | / / / /
 =========|_|==============|___/=/_/_/_/
 :: Spring Boot ::        (v2.0.0.RELEASE)

2018-05-23 15:03:47.564  INFO 204 --- [           main] .p.k.u.UniversityProjectApplicationTests : Starting UniversityProjectApplicationTests on spirals-HP-Z400-Workstation with PID 204 (started by root in /root/workspace/rmitula/spring-mvc-university-project/382662043)
2018-05-23 15:03:47.565  INFO 204 --- [           main] .p.k.u.UniversityProjectApplicationTests : No active profile set, falling back to default profiles: default
2018-05-23 15:03:47.603  INFO 204 --- [           main] o.s.w.c.s.GenericWebApplicationContext   : Refreshing org.springframework.web.context.support.GenericWebApplicationContext@6fa51cd4: startup date [Wed May 23 15:03:47 CEST 2018]; root of context hierarchy
2018-05-23 15:03:49.264  INFO 204 --- [           main] trationDelegate$BeanPostProcessorChecker : Bean 'org.springframework.transaction.annotation.ProxyTransactionManagementConfiguration' of type [org.springframework.transaction.annotation.ProxyTransactionManagementConfiguration$$EnhancerBySpringCGLIB$$3dd5d4eb] is not eligible for getting processed by all BeanPostProcessors (for example: not eligible for auto-proxying)
2018-05-23 15:03:49.522  INFO 204 --- [           main] com.zaxxer.hikari.HikariDataSource       : foodb - Starting...
2018-05-23 15:03:49.753  INFO 204 --- [           main] com.zaxxer.hikari.HikariDataSource       : foodb - Start completed.
2018-05-23 15:03:49.843  INFO 204 --- [           main] j.LocalContainerEntityManagerFactoryBean : Building JPA container EntityManagerFactory for persistence unit 'default'
2018-05-23 15:03:49.865  INFO 204 --- [           main] o.hibernate.jpa.internal.util.LogHelper  : HHH000204: Processing PersistenceUnitInfo [
	name: default
	...]
2018-05-23 15:03:49.958  INFO 204 --- [           main] org.hibernate.Version                    : HHH000412: Hibernate Core {5.2.14.Final}
2018-05-23 15:03:49.959  INFO 204 --- [           main] org.hibernate.cfg.Environment            : HHH000206: hibernate.properties not found
2018-05-23 15:03:50.004  INFO 204 --- [           main] o.hibernate.annotations.common.Version   : HCANN000001: Hibernate Commons Annotations {5.0.1.Final}
2018-05-23 15:03:50.132  INFO 204 --- [           main] org.hibernate.dialect.Dialect            : HHH000400: Using dialect: org.hibernate.dialect.H2Dialect
Hibernate: drop table kierunek if exists
Hibernate: drop table odpowiedz_uzytkownika if exists
Hibernate: drop table pytanie if exists
Hibernate: drop table rola if exists
Hibernate: drop table uzytkownik if exists
Hibernate: drop table uzytkownik_kierunek if exists
Hibernate: drop table uzytkownik_rola if exists
Hibernate: drop table wartosc_oczekiwana if exists
Hibernate: drop table wydzial if exists
Hibernate: drop sequence if exists hibernate_sequence
Hibernate: create sequence hibernate_sequence start with 1 increment by 1
Hibernate: create table kierunek (id_kierunku bigint not null, opis varchar(255), nazwa varchar(255) not null, id_wydzialu bigint, primary key (id_kierunku))
Hibernate: create table odpowiedz_uzytkownika (id_odpowiedzi_uzytkownika bigint generated by default as identity, wartosc integer not null check (wartosc<=10), id_pytania bigint, id_uzytkownika bigint, primary key (id_odpowiedzi_uzytkownika))
Hibernate: create table pytanie (id_pytania bigint not null, tresc varchar(255) not null, primary key (id_pytania))
Hibernate: create table rola (id_roli integer not null, rola varchar(255), primary key (id_roli))
Hibernate: create table uzytkownik (id_uzytkownika bigint generated by default as identity, active integer, email varchar(255), nazwisko varchar(255), imie varchar(255), haslo varchar(255), ankieta boolean, primary key (id_uzytkownika))
Hibernate: create table uzytkownik_kierunek (id_uzytkownika bigint not null, id_kierunku bigint not null, primary key (id_uzytkownika, id_kierunku))
Hibernate: create table uzytkownik_rola (id_uzytkownika bigint not null, id_roli integer not null, primary key (id_uzytkownika, id_roli))
Hibernate: create table wartosc_oczekiwana (id_wartosci_oczekiwanej bigint not null, wartosc integer not null check (wartosc<=10), id_pytania bigint, id_kierunku bigint, primary key (id_wartosci_oczekiwanej))
Hibernate: create table wydzial (id_wydzialu bigint not null, adres varchar(255) not null, logo varchar(255), nazwa varchar(255) not null, primary key (id_wydzialu))
Hibernate: alter table kierunek add constraint FKmqfgm5hy6lhllijeskiibgwqx foreign key (id_wydzialu) references wydzial
Hibernate: alter table odpowiedz_uzytkownika add constraint FK9rpf83vtnduydmdjg6pel1jbb foreign key (id_pytania) references pytanie
Hibernate: alter table odpowiedz_uzytkownika add constraint FKk425fwubisouf1ad94olluk9 foreign key (id_uzytkownika) references uzytkownik on delete cascade
Hibernate: alter table uzytkownik_kierunek add constraint FK3t6wnq09wdfabvplhx8o1dggl foreign key (id_kierunku) references kierunek
Hibernate: alter table uzytkownik_kierunek add constraint FKx1own64wqgygkomc97by8el2 foreign key (id_uzytkownika) references uzytkownik
Hibernate: alter table uzytkownik_rola add constraint FKgg03p868bpetb8pc16i9520rp foreign key (id_roli) references rola
Hibernate: alter table uzytkownik_rola add constraint FKc7cqm1cqjt0gjyuwjq715q4ep foreign key (id_uzytkownika) references uzytkownik
Hibernate: alter table wartosc_oczekiwana add constraint FK7t71fmn4cwtv0aubjgx5yqg9e foreign key (id_pytania) references pytanie
Hibernate: alter table wartosc_oczekiwana add constraint FK8rbxq82esbwkycbwmcrck29ck foreign key (id_kierunku) references kierunek
2018-05-23 15:03:50.918  INFO 204 --- [           main] o.h.t.schema.internal.SchemaCreatorImpl  : HHH000476: Executing import script 'ScriptSourceInputFromUrl(file:/root/workspace/rmitula/spring-mvc-university-project/382662043/target/classes/import.sql)'
Hibernate: INSERT INTO rola (id_roli, rola) VALUES (1, 'ADMIN')
Hibernate: INSERT INTO rola (id_roli, rola) VALUES (2, 'USER')
Hibernate: INSERT INTO uzytkownik (id_uzytkownika, email, haslo, imie, nazwisko, active, ankieta) VALUES (1, 'admin@admin', '$2a$10$Anb7jpgtB7VNkiHyV0kvWuYgHsHwKRQMPzQ.EOZLGXgnj/8bSzfha', 'admin', 'admin', 1, false)
Hibernate: INSERT INTO uzytkownik_rola(id_uzytkownika, id_roli) VALUES (1, 1)
Hibernate: INSERT INTO uzytkownik_rola (id_uzytkownika, id_roli) VALUES (1, 2)
Hibernate: INSERT INTO wydzial (id_wydzialu, nazwa, adres) VALUES (1, 'Wydzial Zarzadzania', 'Powstancow Warszawy')
Hibernate: INSERT INTO wydzial (id_wydzialu, nazwa, adres) VALUES (2, 'Wydzial Elektrotechniki i Informatyki', 'Wincentego Pola')
Hibernate: INSERT INTO wydzial (id_wydzialu, nazwa, adres) VALUES (3, 'Wydzial Budowy Maszyn i Lotnictwa', 'Powstancow Warszawy')
Hibernate: INSERT INTO wydzial (id_wydzialu, nazwa, adres) VALUES (4, 'Wydzial Budownictwa, Inzynierii Srodowiska i Architektury', 'Poznańska')
Hibernate: INSERT INTO wydzial (id_wydzialu, nazwa, adres) VALUES (5, 'Wydzial Chemiczny', 'Powstancow Warszawy')
Hibernate: INSERT INTO wydzial (id_wydzialu, nazwa, adres) VALUES (6, 'Wydzial Matematyki i Fizyka stosowanej', 'Powstancow Warszawy')
Hibernate: INSERT INTO wydzial (id_wydzialu, nazwa, adres) VALUES (7, 'Wydzial Mechaniczno Technologiczny', 'Kwiatkowskiego')
Hibernate: INSERT INTO kierunek (id_kierunku, id_wydzialu, nazwa, opis) VALUES (1, 1, 'Bezpieczenstwo wewnetrzne', 'brak opisu')
Hibernate: INSERT INTO kierunek (id_kierunku, id_wydzialu, nazwa, opis) VALUES (2, 1, 'Finanse i rachunkowosc', 'brak opisu')
Hibernate: INSERT INTO kierunek (id_kierunku, id_wydzialu, nazwa, opis) VALUES (3, 1, 'Logistyka', 'brak opisu')
Hibernate: INSERT INTO kierunek (id_kierunku, id_wydzialu, nazwa, opis) VALUES (4, 1, 'Zarzadzanie', 'brak opisu')
Hibernate: INSERT INTO kierunek (id_kierunku, id_wydzialu, nazwa, opis) VALUES (5, 2, 'Automatyka i robotyka', 'brak opisu')
Hibernate: INSERT INTO kierunek (id_kierunku, id_wydzialu, nazwa, opis) VALUES (6, 2, 'Elektronika i telekomunikacja', 'brak opisu')
Hibernate: INSERT INTO kierunek (id_kierunku, id_wydzialu, nazwa, opis) VALUES (7, 2, 'Elektrotechnika', 'brak opisu')
Hibernate: INSERT INTO kierunek (id_kierunku, id_wydzialu, nazwa, opis) VALUES (8, 2, 'Energetyka', 'brak opisu')
Hibernate: INSERT INTO kierunek (id_kierunku, id_wydzialu, nazwa, opis) VALUES (9, 2, 'Informatyka', 'brak opisu')
Hibernate: INSERT INTO kierunek (id_kierunku, id_wydzialu, nazwa, opis) VALUES (10, 3, 'Mechanika i budowa maszyn', 'brak opisu')
Hibernate: INSERT INTO kierunek (id_kierunku, id_wydzialu, nazwa, opis) VALUES (11, 3, 'Zarzadzanie i inzynieria produkcji', 'brak opisu')
Hibernate: INSERT INTO kierunek (id_kierunku, id_wydzialu, nazwa, opis) VALUES (12, 3, 'Lotnictwo i kosmonautyka', 'brak opisu')
Hibernate: INSERT INTO kierunek (id_kierunku, id_wydzialu, nazwa, opis) VALUES (13, 3, 'Transport', 'brak opisu')
Hibernate: INSERT INTO kierunek (id_kierunku, id_wydzialu, nazwa, opis) VALUES (14, 3, 'Mechatronika', 'brak opisu')
Hibernate: INSERT INTO kierunek (id_kierunku, id_wydzialu, nazwa, opis) VALUES (15, 3, 'Inżynieria materiałowa', 'brak opisu')
Hibernate: INSERT INTO kierunek (id_kierunku, id_wydzialu, nazwa, opis) VALUES (16, 4, 'Architektura', 'brak opisu')
Hibernate: INSERT INTO kierunek (id_kierunku, id_wydzialu, nazwa, opis) VALUES (17, 4, 'Budownictwo', 'brak opisu')
Hibernate: INSERT INTO kierunek (id_kierunku, id_wydzialu, nazwa, opis) VALUES (18, 4, 'Ochrona srodowiska', 'brak opisu')
Hibernate: INSERT INTO kierunek (id_kierunku, id_wydzialu, nazwa, opis) VALUES (19, 4, 'Inzynieria srodowiska', 'brak opisu')
Hibernate: INSERT INTO kierunek (id_kierunku, id_wydzialu, nazwa, opis) VALUES (20, 4, 'Biogospodarka', 'brak opisu')
Hibernate: INSERT INTO kierunek (id_kierunku, id_wydzialu, nazwa, opis) VALUES (21, 5, 'Technologia chemiczna', 'brak opisu')
Hibernate: INSERT INTO kierunek (id_kierunku, id_wydzialu, nazwa, opis) VALUES (22, 5, 'Inzynieria chemiczna i procesowa', 'brak opisu')
Hibernate: INSERT INTO kierunek (id_kierunku, id_wydzialu, nazwa, opis) VALUES (23, 5, 'Biotechnologia', 'brak opisu')
Hibernate: INSERT INTO kierunek (id_kierunku, id_wydzialu, nazwa, opis) VALUES (24, 6, 'Inzynieria medyczna', 'brak opisu')
Hibernate: INSERT INTO kierunek (id_kierunku, id_wydzialu, nazwa, opis) VALUES (25, 6, 'Zastosowane matematyki w ekonomii', 'brak opisu')
Hibernate: INSERT INTO kierunek (id_kierunku, id_wydzialu, nazwa, opis) VALUES (26, 7, 'Mechanika i budowa maszyn', 'brak opisu')
Hibernate: INSERT INTO kierunek (id_kierunku, id_wydzialu, nazwa, opis) VALUES (27, 7, 'Zarzadzanie i inzynieria produkcji', 'brak opisu')
Hibernate: INSERT INTO pytanie (id_pytania , tresc) VALUES (1, 'Jak oceniasz swoje umiejetnosci dogadywania sie z ludzmi?')
Hibernate: INSERT INTO pytanie (id_pytania , tresc) VALUES (2, 'Twoim zdaniem umiejetnosci miekkie sa wazniejsze?')
Hibernate: INSERT INTO pytanie (id_pytania , tresc) VALUES (3, 'Czy czujesz sie dobrze kiedy wystepujesz publicznie?')
Hibernate: INSERT INTO pytanie (id_pytania , tresc) VALUES (4, 'Twoim zdaniem posiadasz umiejetnosci motywowania innych do dzialania?')
Hibernate: INSERT INTO pytanie (id_pytania , tresc) VALUES (5, 'Uwazasz ze sport zajmuje duza czesc twojego zycia?')
Hibernate: INSERT INTO pytanie (id_pytania , tresc) VALUES (6, 'Uwazasz ze posiadasz inteligencje kognitywna?')
Hibernate: INSERT INTO pytanie (id_pytania , tresc) VALUES (7, 'Masz wyobrazenie przestrzenne?')
Hibernate: INSERT INTO pytanie (id_pytania , tresc) VALUES (8, 'Jestes osoba dokladna?')
Hibernate: INSERT INTO pytanie (id_pytania , tresc) VALUES (9, 'Robisz drobne, zlozone rzeczy? ')
Hibernate: INSERT INTO pytanie (id_pytania , tresc) VALUES (10, 'Lubisz latac samolotem?')
Hibernate: INSERT INTO pytanie (id_pytania , tresc) VALUES (11, 'Posiadasz zdolnosci manualne?')
Hibernate: INSERT INTO pytanie (id_pytania , tresc) VALUES (12, 'Interesuje Cie modernizacja , budowa?')
Hibernate: INSERT INTO pytanie (id_pytania , tresc) VALUES (13, 'Montujesz i naprawiasz rozne maszyny , przyrzady i mechanizmy?')
Hibernate: INSERT INTO pytanie (id_pytania , tresc) VALUES (14, 'Czy czesto wpadasz na ciekawe pomysly?')
Hibernate: INSERT INTO pytanie (id_pytania , tresc) VALUES (15, 'Czy lubisz projektowac?')
Hibernate: INSERT INTO pytanie (id_pytania , tresc) VALUES (16, 'Czy dbasz o srodowisko?')
Hibernate: INSERT INTO pytanie (id_pytania , tresc) VALUES (17, 'Jestes dokladny w tym co robisz?')
Hibernate: INSERT INTO pytanie (id_pytania , tresc) VALUES (18, 'Czy masz wyczucie stylu i estetyki?')
Hibernate: INSERT INTO pytanie (id_pytania , tresc) VALUES (19, 'Jestes osoba dokladna, precyzyjna? ')
Hibernate: INSERT INTO pytanie (id_pytania , tresc) VALUES (20, 'Posiadasz podzielnosc uwagi?')
Hibernate: INSERT INTO pytanie (id_pytania , tresc) VALUES (21, 'Potrafisz uczyc sie systematycznie?')
Hibernate: INSERT INTO pytanie (id_pytania , tresc) VALUES (22, 'Jestes ambitny?')
Hibernate: INSERT INTO pytanie (id_pytania , tresc) VALUES (23, 'Masz dobra pamiec?')
Hibernate: INSERT INTO pytanie (id_pytania , tresc) VALUES (24, 'Posiadasz zdolnosci manualne?')
Hibernate: INSERT INTO pytanie (id_pytania , tresc) VALUES (25, 'Jestes osoba ostrozna czy bardziej porywcza i nie ostrozna?')
Hibernate: INSERT INTO pytanie (id_pytania , tresc) VALUES (26, 'W jakim stopniu jestes osoba cierpliwa?')
Hibernate: INSERT INTO pytanie (id_pytania , tresc) VALUES (27, 'Jak bardzo lubisz pracowac z komputerem?')
Hibernate: INSERT INTO pytanie (id_pytania , tresc) VALUES (28, 'Ocen czy potrafia skoncentrowac sie na jednostajnych czynnosciach.')
Hibernate: INSERT INTO pytanie (id_pytania , tresc) VALUES (29, 'W jakim stopniu potrafisz sluchac innych?')
Hibernate: INSERT INTO pytanie (id_pytania , tresc) VALUES (30, 'Jak bardzo jestes osoba skryta w sobie? ')
Hibernate: INSERT INTO pytanie (id_pytania , tresc) VALUES (31, 'W jakim stopniu masz opanowana sztuke prowadzenia prezentacji?')
Hibernate: INSERT INTO pytanie (id_pytania , tresc) VALUES (32, 'Ocen jak radzisz sobie z praca z zespolem.')
Hibernate: INSERT INTO pytanie (id_pytania , tresc) VALUES (33, 'Ocen jak bardzo jestes ruchliwa osoba.')
Hibernate: INSERT INTO pytanie (id_pytania , tresc) VALUES (34, 'Czy posiadasz scisly umysl?')
Hibernate: INSERT INTO pytanie (id_pytania , tresc) VALUES (35, 'Myslisz w sposob analityczny?')
Hibernate: INSERT INTO pytanie (id_pytania , tresc) VALUES (36, 'Lubisz uczyc sie systematycznie?')
Hibernate: INSERT INTO pytanie (id_pytania , tresc) VALUES (37, 'Lubisz rozwiazywac zadania obliczeniowe?')
Hibernate: INSERT INTO pytanie (id_pytania , tresc) VALUES (38, 'Jestes dobrym sluchaczem i latwo przyswajasz wiedze?')
Hibernate: INSERT INTO pytanie (id_pytania , tresc) VALUES (39, 'Dzialasz szybko i sprawnie?')
Hibernate: INSERT INTO pytanie (id_pytania , tresc) VALUES (40, 'Czy uwazasz ze odnawianie starych samochodow to dobre hobby?')
Hibernate: INSERT INTO pytanie (id_pytania , tresc) VALUES (41, 'Twoim zdaniem posiadasz dobrze rozwiniete zdolnosci manualne?')
Hibernate: INSERT INTO odpowiedz_uzytkownika (id_odpowiedzi_uzytkownika, wartosc, id_pytania, id_uzytkownika) VALUES (1, 0, 1, 1)
Hibernate: INSERT INTO odpowiedz_uzytkownika (id_odpowiedzi_uzytkownika, wartosc, id_pytania, id_uzytkownika) VALUES (2, 0, 2, 1)
Hibernate: INSERT INTO odpowiedz_uzytkownika (id_odpowiedzi_uzytkownika, wartosc, id_pytania, id_uzytkownika) VALUES (3, 0, 3, 1)
Hibernate: INSERT INTO odpowiedz_uzytkownika (id_odpowiedzi_uzytkownika, wartosc, id_pytania, id_uzytkownika) VALUES (4, 0, 4, 1)
Hibernate: INSERT INTO odpowiedz_uzytkownika (id_odpowiedzi_uzytkownika, wartosc, id_pytania, id_uzytkownika) VALUES (5, 0, 5, 1)
Hibernate: INSERT INTO odpowiedz_uzytkownika (id_odpowiedzi_uzytkownika, wartosc, id_pytania, id_uzytkownika) VALUES (6, 0, 6, 1)
Hibernate: INSERT INTO odpowiedz_uzytkownika (id_odpowiedzi_uzytkownika, wartosc, id_pytania, id_uzytkownika) VALUES (7, 0, 7, 1)
Hibernate: INSERT INTO odpowiedz_uzytkownika (id_odpowiedzi_uzytkownika, wartosc, id_pytania, id_uzytkownika) VALUES (8, 0, 8, 1)
Hibernate: INSERT INTO odpowiedz_uzytkownika (id_odpowiedzi_uzytkownika, wartosc, id_pytania, id_uzytkownika) VALUES (9, 0, 9, 1)
Hibernate: INSERT INTO odpowiedz_uzytkownika (id_odpowiedzi_uzytkownika, wartosc, id_pytania, id_uzytkownika) VALUES (10, 0, 10, 1)
Hibernate: INSERT INTO odpowiedz_uzytkownika (id_odpowiedzi_uzytkownika, wartosc, id_pytania, id_uzytkownika) VALUES (11, 0, 11, 1)
Hibernate: INSERT INTO odpowiedz_uzytkownika (id_odpowiedzi_uzytkownika, wartosc, id_pytania, id_uzytkownika) VALUES (12, 0, 12, 1)
Hibernate: INSERT INTO odpowiedz_uzytkownika (id_odpowiedzi_uzytkownika, wartosc, id_pytania, id_uzytkownika) VALUES (13, 0, 13, 1)
Hibernate: INSERT INTO odpowiedz_uzytkownika (id_odpowiedzi_uzytkownika, wartosc, id_pytania, id_uzytkownika) VALUES (14, 0, 14, 1)
Hibernate: INSERT INTO odpowiedz_uzytkownika (id_odpowiedzi_uzytkownika, wartosc, id_pytania, id_uzytkownika) VALUES (15, 0, 15, 1)
Hibernate: INSERT INTO odpowiedz_uzytkownika (id_odpowiedzi_uzytkownika, wartosc, id_pytania, id_uzytkownika) VALUES (16, 0, 16, 1)
Hibernate: INSERT INTO odpowiedz_uzytkownika (id_odpowiedzi_uzytkownika, wartosc, id_pytania, id_uzytkownika) VALUES (17, 0, 17, 1)
Hibernate: INSERT INTO odpowiedz_uzytkownika (id_odpowiedzi_uzytkownika, wartosc, id_pytania, id_uzytkownika) VALUES (18, 0, 18, 1)
Hibernate: INSERT INTO odpowiedz_uzytkownika (id_odpowiedzi_uzytkownika, wartosc, id_pytania, id_uzytkownika) VALUES (19, 0, 19, 1)
Hibernate: INSERT INTO odpowiedz_uzytkownika (id_odpowiedzi_uzytkownika, wartosc, id_pytania, id_uzytkownika) VALUES (20, 0, 20, 1)
Hibernate: INSERT INTO odpowiedz_uzytkownika (id_odpowiedzi_uzytkownika, wartosc, id_pytania, id_uzytkownika) VALUES (21, 0, 21, 1)
Hibernate: INSERT INTO odpowiedz_uzytkownika (id_odpowiedzi_uzytkownika, wartosc, id_pytania, id_uzytkownika) VALUES (22, 0, 22, 1)
Hibernate: INSERT INTO odpowiedz_uzytkownika (id_odpowiedzi_uzytkownika, wartosc, id_pytania, id_uzytkownika) VALUES (23, 0, 23, 1)
Hibernate: INSERT INTO odpowiedz_uzytkownika (id_odpowiedzi_uzytkownika, wartosc, id_pytania, id_uzytkownika) VALUES (24, 0, 24, 1)
Hibernate: INSERT INTO odpowiedz_uzytkownika (id_odpowiedzi_uzytkownika, wartosc, id_pytania, id_uzytkownika) VALUES (25, 0, 25, 1)
Hibernate: INSERT INTO odpowiedz_uzytkownika (id_odpowiedzi_uzytkownika, wartosc, id_pytania, id_uzytkownika) VALUES (26, 0, 26, 1)
Hibernate: INSERT INTO odpowiedz_uzytkownika (id_odpowiedzi_uzytkownika, wartosc, id_pytania, id_uzytkownika) VALUES (27, 0, 27, 1)
Hibernate: INSERT INTO odpowiedz_uzytkownika (id_odpowiedzi_uzytkownika, wartosc, id_pytania, id_uzytkownika) VALUES (28, 0, 28, 1)
Hibernate: INSERT INTO odpowiedz_uzytkownika (id_odpowiedzi_uzytkownika, wartosc, id_pytania, id_uzytkownika) VALUES (29, 0, 29, 1)
Hibernate: INSERT INTO odpowiedz_uzytkownika (id_odpowiedzi_uzytkownika, wartosc, id_pytania, id_uzytkownika) VALUES (30, 0, 30, 1)
Hibernate: INSERT INTO odpowiedz_uzytkownika (id_odpowiedzi_uzytkownika, wartosc, id_pytania, id_uzytkownika) VALUES (31, 0, 31, 1)
Hibernate: INSERT INTO odpowiedz_uzytkownika (id_odpowiedzi_uzytkownika, wartosc, id_pytania, id_uzytkownika) VALUES (32, 0, 32, 1)
Hibernate: INSERT INTO odpowiedz_uzytkownika (id_odpowiedzi_uzytkownika, wartosc, id_pytania, id_uzytkownika) VALUES (33, 0, 33, 1)
Hibernate: INSERT INTO odpowiedz_uzytkownika (id_odpowiedzi_uzytkownika, wartosc, id_pytania, id_uzytkownika) VALUES (34, 0, 34, 1)
Hibernate: INSERT INTO odpowiedz_uzytkownika (id_odpowiedzi_uzytkownika, wartosc, id_pytania, id_uzytkownika) VALUES (35, 0, 35, 1)
Hibernate: INSERT INTO odpowiedz_uzytkownika (id_odpowiedzi_uzytkownika, wartosc, id_pytania, id_uzytkownika) VALUES (36, 0, 36, 1)
Hibernate: INSERT INTO odpowiedz_uzytkownika (id_odpowiedzi_uzytkownika, wartosc, id_pytania, id_uzytkownika) VALUES (37, 0, 37, 1)
Hibernate: INSERT INTO odpowiedz_uzytkownika (id_odpowiedzi_uzytkownika, wartosc, id_pytania, id_uzytkownika) VALUES (38, 0, 38, 1)
Hibernate: INSERT INTO odpowiedz_uzytkownika (id_odpowiedzi_uzytkownika, wartosc, id_pytania, id_uzytkownika) VALUES (39, 0, 39, 1)
Hibernate: INSERT INTO odpowiedz_uzytkownika (id_odpowiedzi_uzytkownika, wartosc, id_pytania, id_uzytkownika) VALUES (40, 0, 40, 1)
Hibernate: INSERT INTO odpowiedz_uzytkownika (id_odpowiedzi_uzytkownika, wartosc, id_pytania, id_uzytkownika) VALUES (41, 0, 41, 1)
Hibernate: INSERT INTO wartosc_oczekiwana (id_wartosci_oczekiwanej, wartosc, id_pytania, id_kierunku) VALUES (1,1,1,1)
Hibernate: INSERT INTO wartosc_oczekiwana (id_wartosci_oczekiwanej, wartosc, id_pytania, id_kierunku) VALUES (2,7,2,1)
Hibernate: INSERT INTO wartosc_oczekiwana (id_wartosci_oczekiwanej, wartosc, id_pytania, id_kierunku) VALUES (3,6,3,1)
Hibernate: INSERT INTO wartosc_oczekiwana (id_wartosci_oczekiwanej, wartosc, id_pytania, id_kierunku) VALUES (4,8,4,1)
Hibernate: INSERT INTO wartosc_oczekiwana (id_wartosci_oczekiwanej, wartosc, id_pytania, id_kierunku) VALUES (5,2,5,1)
Hibernate: INSERT INTO wartosc_oczekiwana (id_wartosci_oczekiwanej, wartosc, id_pytania, id_kierunku) VALUES (6,5,6,1)
Hibernate: INSERT INTO wartosc_oczekiwana (id_wartosci_oczekiwanej, wartosc, id_pytania, id_kierunku) VALUES (7,3,7,1)
Hibernate: INSERT INTO wartosc_oczekiwana (id_wartosci_oczekiwanej, wartosc, id_pytania, id_kierunku) VALUES (8,2,8,1)
Hibernate: INSERT INTO wartosc_oczekiwana (id_wartosci_oczekiwanej, wartosc, id_pytania, id_kierunku) VALUES (9,8,9,1)
Hibernate: INSERT INTO wartosc_oczekiwana (id_wartosci_oczekiwanej, wartosc, id_pytania, id_kierunku) VALUES (10,1,10,1)
Hibernate: INSERT INTO wartosc_oczekiwana (id_wartosci_oczekiwanej, wartosc, id_pytania, id_kierunku) VALUES (11,8,11,1)
Hibernate: INSERT INTO wartosc_oczekiwana (id_wartosci_oczekiwanej, wartosc, id_pytania, id_kierunku) VALUES (12,10,12,1)
Hibernate: INSERT INTO wartosc_oczekiwana (id_wartosci_oczekiwanej, wartosc, id_pytania, id_kierunku) VALUES (13,9,13,1)
Hibernate: INSERT INTO wartosc_oczekiwana (id_wartosci_oczekiwanej, wartosc, id_pytania, id_kierunku) VALUES (14,5,14,1)
Hibernate: INSERT INTO wartosc_oczekiwana (id_wartosci_oczekiwanej, wartosc, id_pytania, id_kierunku) VALUES (15,8,15,1)
Hibernate: INSERT INTO wartosc_oczekiwana (id_wartosci_oczekiwanej, wartosc, id_pytania, id_kierunku) VALUES (16,2,16,1)
Hibernate: INSERT INTO wartosc_oczekiwana (id_wartosci_oczekiwanej, wartosc, id_pytania, id_kierunku) VALUES (17,10,17,1)
Hibernate: INSERT INTO wartosc_oczekiwana (id_wartosci_oczekiwanej, wartosc, id_pytania, id_kierunku) VALUES (18,6,18,1)
Hibernate: INSERT INTO wartosc_oczekiwana (id_wartosci_oczekiwanej, wartosc, id_pytania, id_kierunku) VALUES (19,4,19,1)
Hibernate: INSERT INTO wartosc_oczekiwana (id_wartosci_oczekiwanej, wartosc, id_pytania, id_kierunku) VALUES (20,5,20,1)
Hibernate: INSERT INTO wartosc_oczekiwana (id_wartosci_oczekiwanej, wartosc, id_pytania, id_kierunku) VALUES (21,1,21,1)
Hibernate: INSERT INTO wartosc_oczekiwana (id_wartosci_oczekiwanej, wartosc, id_pytania, id_kierunku) VALUES (22,6,22,1)
Hibernate: INSERT INTO wartosc_oczekiwana (id_wartosci_oczekiwanej, wartosc, id_pytania, id_kierunku) VALUES (23,2,23,1)
Hibernate: INSERT INTO wartosc_oczekiwana (id_wartosci_oczekiwanej, wartosc, id_pytania, id_kierunku) VALUES (24,3,24,1)
Hibernate: INSERT INTO wartosc_oczekiwana (id_wartosci_oczekiwanej, wartosc, id_pytania, id_kierunku) VALUES (25,7,25,1)
Hibernate: INSERT INTO wartosc_oczekiwana (id_wartosci_oczekiwanej, wartosc, id_pytania, id_kierunku) VALUES (26,3,26,1)
Hibernate: INSERT INTO wartosc_oczekiwana (id_wartosci_oczekiwanej, wartosc, id_pytania, id_kierunku) VALUES (27,2,27,1)
Hibernate: INSERT INTO wartosc_oczekiwana (id_wartosci_oczekiwanej, wartosc, id_pytania, id_kierunku) VALUES (28,6,28,1)
Hibernate: INSERT INTO wartosc_oczekiwana (id_wartosci_oczekiwanej, wartosc, id_pytania, id_kierunku) VALUES (29,5,29,1)
Hibernate: INSERT INTO wartosc_oczekiwana (id_wartosci_oczekiwanej, wartosc, id_pytania, id_kierunku) VALUES (30,2,30,1)
Hibernate: INSERT INTO wartosc_oczekiwana (id_wartosci_oczekiwanej, wartosc, id_pytania, id_kierunku) VALUES (31,5,31,1)
Hibernate: INSERT INTO wartosc_oczekiwana (id_wartosci_oczekiwanej, wartosc, id_pytania, id_kierunku) VALUES (32,7,32,1)
Hibernate: INSERT INTO wartosc_oczekiwana (id_wartosci_oczekiwanej, wartosc, id_pytania, id_kierunku) VALUES (33,1,33,1)
Hibernate: INSERT INTO wartosc_oczekiwana (id_wartosci_oczekiwanej, wartosc, id_pytania, id_kierunku) VALUES (34,4,34,1)
Hibernate: INSERT INTO wartosc_oczekiwana (id_wartosci_oczekiwanej, wartosc, id_pytania, id_kierunku) VALUES (35,8,35,1)
Hibernate: INSERT INTO wartosc_oczekiwana (id_wartosci_oczekiwanej, wartosc, id_pytania, id_kierunku) VALUES (36,9,36,1)
Hibernate: INSERT INTO wartosc_oczekiwana (id_wartosci_oczekiwanej, wartosc, id_pytania, id_kierunku) VALUES (37,5,37,1)
Hibernate: INSERT INTO wartosc_oczekiwana (id_wartosci_oczekiwanej, wartosc, id_pytania, id_kierunku) VALUES (38,6,38,1)
Hibernate: INSERT INTO wartosc_oczekiwana (id_wartosci_oczekiwanej, wartosc, id_pytania, id_kierunku) VALUES (39,4,39,1)
Hibernate: INSERT INTO wartosc_oczekiwana (id_wartosci_oczekiwanej, wartosc, id_pytania, id_kierunku) VALUES (40,2,40,1)
Hibernate: INSERT INTO wartosc_oczekiwana (id_wartosci_oczekiwanej, wartosc, id_pytania, id_kierunku) VALUES (41,4,41,1)
Hibernate: INSERT INTO wartosc_oczekiwana (id_wartosci_oczekiwanej, wartosc, id_pytania, id_kierunku) VALUES (42,7,1,2)
Hibernate: INSERT INTO wartosc_oczekiwana (id_wartosci_oczekiwanej, wartosc, id_pytania, id_kierunku) VALUES (43,1,2,2)
Hibernate: INSERT INTO wartosc_oczekiwana (id_wartosci_oczekiwanej, wartosc, id_pytania, id_kierunku) VALUES (44,6,3,2)
Hibernate: INSERT INTO wartosc_oczekiwana (id_wartosci_oczekiwanej, wartosc, id_pytania, id_kierunku) VALUES (45,1,4,2)
Hibernate: INSERT INTO wartosc_oczekiwana (id_wartosci_oczekiwanej, wartosc, id_pytania, id_kierunku) VALUES (46,1,5,2)
Hibernate: INSERT INTO wartosc_oczekiwana (id_wartosci_oczekiwanej, wartosc, id_pytania, id_kierunku) VALUES (47,1,6,2)
Hibernate: INSERT INTO wartosc_oczekiwana (id_wartosci_oczekiwanej, wartosc, id_pytania, id_kierunku) VALUES (48,6,7,2)
Hibernate: INSERT INTO wartosc_oczekiwana (id_wartosci_oczekiwanej, wartosc, id_pytania, id_kierunku) VALUES (49,2,8,2)
Hibernate: INSERT INTO wartosc_oczekiwana (id_wartosci_oczekiwanej, wartosc, id_pytania, id_kierunku) VALUES (50,8,9,2)
Hibernate: INSERT INTO wartosc_oczekiwana (id_wartosci_oczekiwanej, wartosc, id_pytania, id_kierunku) VALUES (51,3,10,2)
Hibernate: INSERT INTO wartosc_oczekiwana (id_wartosci_oczekiwanej, wartosc, id_pytania, id_kierunku) VALUES (52,9,11,2)
Hibernate: INSERT INTO wartosc_oczekiwana (id_wartosci_oczekiwanej, wartosc, id_pytania, id_kierunku) VALUES (53,2,12,2)
Hibernate: INSERT INTO wartosc_oczekiwana (id_wartosci_oczekiwanej, wartosc, id_pytania, id_kierunku) VALUES (54,8,13,2)
Hibernate: INSERT INTO wartosc_oczekiwana (id_wartosci_oczekiwanej, wartosc, id_pytania, id_kierunku) VALUES (55,1,14,2)
Hibernate: INSERT INTO wartosc_oczekiwana (id_wartosci_oczekiwanej, wartosc, id_pytania, id_kierunku) VALUES (56,4,15,2)
Hibernate: INSERT INTO wartosc_oczekiwana (id_wartosci_oczekiwanej, wartosc, id_pytania, id_kierunku) VALUES (57,5,16,2)
Hibernate: INSERT INTO wartosc_oczekiwana (id_wartosci_oczekiwanej, wartosc, id_pytania, id_kierunku) VALUES (58,8,17,2)
Hibernate: INSERT INTO wartosc_oczekiwana (id_wartosci_oczekiwanej, wartosc, id_pytania, id_kierunku) VALUES (59,2,18,2)
Hibernate: INSERT INTO wartosc_oczekiwana (id_wartosci_oczekiwanej, wartosc, id_pytania, id_kierunku) VALUES (60,3,19,2)
Hibernate: INSERT INTO wartosc_oczekiwana (id_wartosci_oczekiwanej, wartosc, id_pytania, id_kierunku) VALUES (61,6,20,2)
Hibernate: INSERT INTO wartosc_oczekiwana (id_wartosci_oczekiwanej, wartosc, id_pytania, id_kierunku) VALUES (62,2,21,2)
Hibernate: INSERT INTO wartosc_oczekiwana (id_wartosci_oczekiwanej, wartosc, id_pytania, id_kierunku) VALUES (63,9,22,2)
Hibernate: INSERT INTO wartosc_oczekiwana (id_wartosci_oczekiwanej, wartosc, id_pytania, id_kierunku) VALUES (64,2,23,2)
Hibernate: INSERT INTO wartosc_oczekiwana (id_wartosci_oczekiwanej, wartosc, id_pytania, id_kierunku) VALUES (65,9,24,2)
Hibernate: INSERT INTO wartosc_oczekiwana (id_wartosci_oczekiwanej, wartosc, id_pytania, id_kierunku) VALUES (66,7,25,2)
Hibernate: INSERT INTO wartosc_oczekiwana (id_wartosci_oczekiwanej, wartosc, id_pytania, id_kierunku) VALUES (67,10,26,2)
Hibernate: INSERT INTO wartosc_oczekiwana (id_wartosci_oczekiwanej, wartosc, id_pytania, id_kierunku) VALUES (68,1,27,2)
Hibernate: INSERT INTO wartosc_oczekiwana (id_wartosci_oczekiwanej, wartosc, id_pytania, id_kierunku) VALUES (69,7,28,2)
Hibernate: INSERT INTO wartosc_oczekiwana (id_wartosci_oczekiwanej, wartosc, id_pytania, id_kierunku) VALUES (70,10,29,2)
Hibernate: INSERT INTO wartosc_oczekiwana (id_wartosci_oczekiwanej, wartosc, id_pytania, id_kierunku) VALUES (71,4,30,2)
Hibernate: INSERT INTO wartosc_oczekiwana (id_wartosci_oczekiwanej, wartosc, id_pytania, id_kierunku) VALUES (72,6,31,2)
Hibernate: INSERT INTO wartosc_oczekiwana (id_wartosci_oczekiwanej, wartosc, id_pytania, id_kierunku) VALUES (73,4,32,2)
Hibernate: INSERT INTO wartosc_oczekiwana (id_wartosci_oczekiwanej, wartosc, id_pytania, id_kierunku) VALUES (74,10,33,2)
Hibernate: INSERT INTO wartosc_oczekiwana (id_wartosci_oczekiwanej, wartosc, id_pytania, id_kierunku) VALUES (75,8,34,2)
Hibernate: INSERT INTO wartosc_oczekiwana (id_wartosci_oczekiwanej, wartosc, id_pytania, id_kierunku) VALUES (76,1,35,2)
Hibernate: INSERT INTO wartosc_oczekiwana (id_wartosci_oczekiwanej, wartosc, id_pytania, id_kierunku) VALUES (77,6,36,2)
Hibernate: INSERT INTO wartosc_oczekiwana (id_wartosci_oczekiwanej, wartosc, id_pytania, id_kierunku) VALUES (78,2,37,2)
Hibernate: INSERT INTO wartosc_oczekiwana (id_wartosci_oczekiwanej, wartosc, id_pytania, id_kierunku) VALUES (79,8,38,2)
Hibernate: INSERT INTO wartosc_oczekiwana (id_wartosci_oczekiwanej, wartosc, id_pytania, id_kierunku) VALUES (80,2,39,2)
Hibernate: INSERT INTO wartosc_oczekiwana (id_wartosci_oczekiwanej, wartosc, id_pytania, id_kierunku) VALUES (81,9,40,2)
Hibernate: INSERT INTO wartosc_oczekiwana (id_wartosci_oczekiwanej, wartosc, id_pytania, id_kierunku) VALUES (82,4,41,2)
Hibernate: INSERT INTO wartosc_oczekiwana (id_wartosci_oczekiwanej, wartosc, id_pytania, id_kierunku) VALUES (83,8,1,3)
Hibernate: INSERT INTO wartosc_oczekiwana (id_wartosci_oczekiwanej, wartosc, id_pytania, id_kierunku) VALUES (84,1,2,3)
Hibernate: INSERT INTO wartosc_oczekiwana (id_wartosci_oczekiwanej, wartosc, id_pytania, id_kierunku) VALUES (85,7,3,3)
Hibernate: INSERT INTO wartosc_oczekiwana (id_wartosci_oczekiwanej, wartosc, id_pytania, id_kierunku) VALUES (86,7,4,3)
Hibernate: INSERT INTO wartosc_oczekiwana (id_wartosci_oczekiwanej, wartosc, id_pytania, id_kierunku) VALUES (87,3,5,3)
Hibernate: INSERT INTO wartosc_oczekiwana (id_wartosci_oczekiwanej, wartosc, id_pytania, id_kierunku) VALUES (88,10,6,3)
Hibernate: INSERT INTO wartosc_oczekiwana (id_wartosci_oczekiwanej, wartosc, id_pytania, id_kierunku) VALUES (89,6,7,3)
Hibernate: INSERT INTO wartosc_oczekiwana (id_wartosci_oczekiwanej, wartosc, id_pytania, id_kierunku) VALUES (90,4,8,3)
Hibernate: INSERT INTO wartosc_oczekiwana (id_wartosci_oczekiwanej, wartosc, id_pytania, id_kierunku) VALUES (91,8,9,3)
Hibernate: INSERT INTO wartosc_oczekiwana (id_wartosci_oczekiwanej, wartosc, id_pytania, id_kierunku) VALUES (92,2,10,3)
Hibernate: INSERT INTO wartosc_oczekiwana (id_wartosci_oczekiwanej, wartosc, id_pytania, id_kierunku) VALUES (93,7,11,3)
Hibernate: INSERT INTO wartosc_oczekiwana (id_wartosci_oczekiwanej, wartosc, id_pytania, id_kierunku) VALUES (94,5,12,3)
Hibernate: INSERT INTO wartosc_oczekiwana (id_wartosci_oczekiwanej, wartosc, id_pytania, id_kierunku) VALUES (95,3,13,3)
Hibernate: INSERT INTO wartosc_oczekiwana (id_wartosci_oczekiwanej, wartosc, id_pytania, id_kierunku) VALUES (96,10,14,3)
Hibernate: INSERT INTO wartosc_oczekiwana (id_wartosci_oczekiwanej, wartosc, id_pytania, id_kierunku) VALUES (97,1,15,3)
Hibernate: INSERT INTO wartosc_oczekiwana (id_wartosci_oczekiwanej, wartosc, id_pytania, id_kierunku) VALUES (98,5,16,3)
Hibernate: INSERT INTO wartosc_oczekiwana (id_wartosci_oczekiwanej, wartosc, id_pytania, id_kierunku) VALUES (99,1,17,3)
Hibernate: INSERT INTO wartosc_oczekiwana (id_wartosci_oczekiwanej, wartosc, id_pytania, id_kierunku) VALUES (100,5,18,3)
Hibernate: INSERT INTO wartosc_oczekiwana (id_wartosci_oczekiwanej, wartosc, id_pytania, id_kierunku) VALUES (101,4,19,3)
Hibernate: INSERT INTO wartosc_oczekiwana (id_wartosci_oczekiwanej, wartosc, id_pytania, id_kierunku) VALUES (102,3,20,3)
Hibernate: INSERT INTO wartosc_oczekiwana (id_wartosci_oczekiwanej, wartosc, id_pytania, id_kierunku) VALUES (103,7,21,3)
Hibernate: INSERT INTO wartosc_oczekiwana (id_wartosci_oczekiwanej, wartosc, id_pytania, id_kierunku) VALUES (104,5,22,3)
Hibernate: INSERT INTO wartosc_oczekiwana (id_wartosci_oczekiwanej, wartosc, id_pytania, id_kierunku) VALUES (105,10,23,3)
Hibernate: INSERT INTO wartosc_oczekiwana (id_wartosci_oczekiwanej, wartosc, id_pytania, id_kierunku) VALUES (106,5,24,3)
Hibernate: INSERT INTO wartosc_oczekiwana (id_wartosci_oczekiwanej, wartosc, id_pytania, id_kierunku) VALUES (107,6,25,3)
Hibernate: INSERT INTO wartosc_oczekiwana (id_wartosci_oczekiwanej, wartosc, id_pytania, id_kierunku) VALUES (108,1,26,3)
Hibernate: INSERT INTO wartosc_oczekiwana (id_wartosci_oczekiwanej, wartosc, id_pytania, id_kierunku) VALUES (109,2,27,3)
Hibernate: INSERT INTO wartosc_oczekiwana (id_wartosci_oczekiwanej, wartosc, id_pytania, id_kierunku) VALUES (110,8,28,3)
Hibernate: INSERT INTO wartosc_oczekiwana (id_wartosci_oczekiwanej, wartosc, id_pytania, id_kierunku) VALUES (111,5,29,3)
Hibernate: INSERT INTO wartosc_oczekiwana (id_wartosci_oczekiwanej, wartosc, id_pytania, id_kierunku) VALUES (112,9,30,3)
Hibernate: INSERT INTO wartosc_oczekiwana (id_wartosci_oczekiwanej, wartosc, id_pytania, id_kierunku) VALUES (113,7,31,3)
Hibernate: INSERT INTO wartosc_oczekiwana (id_wartosci_oczekiwanej, wartosc, id_pytania, id_kierunku) VALUES (114,3,32,3)
Hibernate: INSERT INTO wartosc_oczekiwana (id_wartosci_oczekiwanej, wartosc, id_pytania, id_kierunku) VALUES (115,2,33,3)
Hibernate: INSERT INTO wartosc_oczekiwana (id_wartosci_oczekiwanej, wartosc, id_pytania, id_kierunku) VALUES (116,5,34,3)
Hibernate: INSERT INTO wartosc_oczekiwana (id_wartosci_oczekiwanej, wartosc, id_pytania, id_kierunku) VALUES (117,4,35,3)
Hibernate: INSERT INTO wartosc_oczekiwana (id_wartosci_oczekiwanej, wartosc, id_pytania, id_kierunku) VALUES (118,10,36,3)
Hibernate: INSERT INTO wartosc_oczekiwana (id_wartosci_oczekiwanej, wartosc, id_pytania, id_kierunku) VALUES (119,2,37,3)
Hibernate: INSERT INTO wartosc_oczekiwana (id_wartosci_oczekiwanej, wartosc, id_pytania, id_kierunku) VALUES (120,10,38,3)
Hibernate: INSERT INTO wartosc_oczekiwana (id_wartosci_oczekiwanej, wartosc, id_pytania, id_kierunku) VALUES (121,9,39,3)
Hibernate: INSERT INTO wartosc_oczekiwana (id_wartosci_oczekiwanej, wartosc, id_pytania, id_kierunku) VALUES (122,10,40,3)
Hibernate: INSERT INTO wartosc_oczekiwana (id_wartosci_oczekiwanej, wartosc, id_pytania, id_kierunku) VALUES (123,1,41,3)
Hibernate: INSERT INTO wartosc_oczekiwana (id_wartosci_oczekiwanej, wartosc, id_pytania, id_kierunku) VALUES (124,3,1,4)
Hibernate: INSERT INTO wartosc_oczekiwana (id_wartosci_oczekiwanej, wartosc, id_pytania, id_kierunku) VALUES (125,3,2,4)
Hibernate: INSERT INTO wartosc_oczekiwana (id_wartosci_oczekiwanej, wartosc, id_pytania, id_kierunku) VALUES (126,2,3,4)
Hibernate: INSERT INTO wartosc_oczekiwana (id_wartosci_oczekiwanej, wartosc, id_pytania, id_kierunku) VALUES (127,6,4,4)
Hibernate: INSERT INTO wartosc_oczekiwana (id_wartosci_oczekiwanej, wartosc, id_pytania, id_kierunku) VALUES (128,5,5,4)
Hibernate: INSERT INTO wartosc_oczekiwana (id_wartosci_oczekiwanej, wartosc, id_pytania, id_kierunku) VALUES (129,5,6,4)
Hibernate: INSERT INTO wartosc_oczekiwana (id_wartosci_oczekiwanej, wartosc, id_pytania, id_kierunku) VALUES (130,9,7,4)
Hibernate: INSERT INTO wartosc_oczekiwana (id_wartosci_oczekiwanej, wartosc, id_pytania, id_kierunku) VALUES (131,6,8,4)
Hibernate: INSERT INTO wartosc_oczekiwana (id_wartosci_oczekiwanej, wartosc, id_pytania, id_kierunku) VALUES (132,2,9,4)
Hibernate: INSERT INTO wartosc_oczekiwana (id_wartosci_oczekiwanej, wartosc, id_pytania, id_kierunku) VALUES (133,8,10,4)
Hibernate: INSERT INTO wartosc_oczekiwana (id_wartosci_oczekiwanej, wartosc, id_pytania, id_kierunku) VALUES (134,1,11,4)
Hibernate: INSERT INTO wartosc_oczekiwana (id_wartosci_oczekiwanej, wartosc, id_pytania, id_kierunku) VALUES (135,10,12,4)
Hibernate: INSERT INTO wartosc_oczekiwana (id_wartosci_oczekiwanej, wartosc, id_pytania, id_kierunku) VALUES (136,4,13,4)
Hibernate: INSERT INTO wartosc_oczekiwana (id_wartosci_oczekiwanej, wartosc, id_pytania, id_kierunku) VALUES (137,10,14,4)
Hibernate: INSERT INTO wartosc_oczekiwana (id_wartosci_oczekiwanej, wartosc, id_pytania, id_kierunku) VALUES (138,9,15,4)
Hibernate: INSERT INTO wartosc_oczekiwana (id_wartosci_oczekiwanej, wartosc, id_pytania, id_kierunku) VALUES (139,2,16,4)
Hibernate: INSERT INTO wartosc_oczekiwana (id_wartosci_oczekiwanej, wartosc, id_pytania, id_kierunku) VALUES (140,1,17,4)
Hibernate: INSERT INTO wartosc_oczekiwana (id_wartosci_oczekiwanej, wartosc, id_pytania, id_kierunku) VALUES (141,5,18,4)
Hibernate: INSERT INTO wartosc_oczekiwana (id_wartosci_oczekiwanej, wartosc, id_pytania, id_kierunku) VALUES (142,7,19,4)
Hibernate: INSERT INTO wartosc_oczekiwana (id_wartosci_oczekiwanej, wartosc, id_pytania, id_kierunku) VALUES (143,1,20,4)
Hibernate: INSERT INTO wartosc_oczekiwana (id_wartosci_oczekiwanej, wartosc, id_pytania, id_kierunku) VALUES (144,1,21,4)
Hibernate: INSERT INTO wartosc_oczekiwana (id_wartosci_oczekiwanej, wartosc, id_pytania, id_kierunku) VALUES (145,1,22,4)
Hibernate: INSERT INTO wartosc_oczekiwana (id_wartosci_oczekiwanej, wartosc, id_pytania, id_kierunku) VALUES (146,9,23,4)
Hibernate: INSERT INTO wartosc_oczekiwana (id_wartosci_oczekiwanej, wartosc, id_pytania, id_kierunku) VALUES (147,3,24,4)
Hibernate: INSERT INTO wartosc_oczekiwana (id_wartosci_oczekiwanej, wartosc, id_pytania, id_kierunku) VALUES (148,8,25,4)
Hibernate: INSERT INTO wartosc_oczekiwana (id_wartosci_oczekiwanej, wartosc, id_pytania, id_kierunku) VALUES (149,3,26,4)
Hibernate: INSERT INTO wartosc_oczekiwana (id_wartosci_oczekiwanej, wartosc, id_pytania, id_kierunku) VALUES (150,10,27,4)
Hibernate: INSERT INTO wartosc_oczekiwana (id_wartosci_oczekiwanej, wartosc, id_pytania, id_kierunku) VALUES (151,1,28,4)
Hibernate: INSERT INTO wartosc_oczekiwana (id_wartosci_oczekiwanej, wartosc, id_pytania, id_kierunku) VALUES (152,3,29,4)
Hibernate: INSERT INTO wartosc_oczekiwana (id_wartosci_oczekiwanej, wartosc, id_pytania, id_kierunku) VALUES (153,4,30,4)
Hibernate: INSERT INTO wartosc_oczekiwana (id_wartosci_oczekiwanej, wartosc, id_pytania, id_kierunku) VALUES (154,3,31,4)
Hibernate: INSERT INTO wartosc_oczekiwana (id_wartosci_oczekiwanej, wartosc, id_pytania, id_kierunku) VALUES (155,5,32,4)
Hibernate: INSERT INTO wartosc_oczekiwana (id_wartosci_oczekiwanej, wartosc, id_pytania, id_kierunku) VALUES (156,3,33,4)
Hibernate: INSERT INTO wartosc_oczekiwana (id_wartosci_oczekiwanej, wartosc, id_pytania, id_kierunku) VALUES (157,5,34,4)
Hibernate: INSERT INTO wartosc_oczekiwana (id_wartosci_oczekiwanej, wartosc, id_pytania, id_kierunku) VALUES (158,2,35,4)
Hibernate: INSERT INTO wartosc_oczekiwana (id_wartosci_oczekiwanej, wartosc, id_pytania, id_kierunku) VALUES (159,10,36,4)
Hibernate: INSERT INTO wartosc_oczekiwana (id_wartosci_oczekiwanej, wartosc, id_pytania, id_kierunku) VALUES (160,6,37,4)
Hibernate: INSERT INTO wartosc_oczekiwana (id_wartosci_oczekiwanej, wartosc, id_pytania, id_kierunku) VALUES (161,9,38,4)
Hibernate: INSERT INTO wartosc_oczekiwana (id_wartosci_oczekiwanej, wartosc, id_pytania, id_kierunku) VALUES (162,3,39,4)
Hibernate: INSERT INTO wartosc_oczekiwana (id_wartosci_oczekiwanej, wartosc, id_pytania, id_kierunku) VALUES (163,9,40,4)
Hibernate: INSERT INTO wartosc_oczekiwana (id_wartosci_oczekiwanej, wartosc, id_pytania, id_kierunku) VALUES (164,4,41,4)
Hibernate: INSERT INTO wartosc_oczekiwana (id_wartosci_oczekiwanej, wartosc, id_pytania, id_kierunku) VALUES (165,8,1,5)
Hibernate: INSERT INTO wartosc_oczekiwana (id_wartosci_oczekiwanej, wartosc, id_pytania, id_kierunku) VALUES (166,6,2,5)
Hibernate: INSERT INTO wartosc_oczekiwana (id_wartosci_oczekiwanej, wartosc, id_pytania, id_kierunku) VALUES (167,7,3,5)
Hibernate: INSERT INTO wartosc_oczekiwana (id_wartosci_oczekiwanej, wartosc, id_pytania, id_kierunku) VALUES (168,1,4,5)
Hibernate: INSERT INTO wartosc_oczekiwana (id_wartosci_oczekiwanej, wartosc, id_pytania, id_kierunku) VALUES (169,8,5,5)
Hibernate: INSERT INTO wartosc_oczekiwana (id_wartosci_oczekiwanej, wartosc, id_pytania, id_kierunku) VALUES (170,10,6,5)
Hibernate: INSERT INTO wartosc_oczekiwana (id_wartosci_oczekiwanej, wartosc, id_pytania, id_kierunku) VALUES (171,1,7,5)
Hibernate: INSERT INTO wartosc_oczekiwana (id_wartosci_oczekiwanej, wartosc, id_pytania, id_kierunku) VALUES (172,1,8,5)
Hibernate: INSERT INTO wartosc_oczekiwana (id_wartosci_oczekiwanej, wartosc, id_pytania, id_kierunku) VALUES (173,6,9,5)
Hibernate: INSERT INTO wartosc_oczekiwana (id_wartosci_oczekiwanej, wartosc, id_pytania, id_kierunku) VALUES (174,1,10,5)
Hibernate: INSERT INTO wartosc_oczekiwana (id_wartosci_oczekiwanej, wartosc, id_pytania, id_kierunku) VALUES (175,1,11,5)
Hibernate: INSERT INTO wartosc_oczekiwana (id_wartosci_oczekiwanej, wartosc, id_pytania, id_kierunku) VALUES (176,8,12,5)
Hibernate: INSERT INTO wartosc_oczekiwana (id_wartosci_oczekiwanej, wartosc, id_pytania, id_kierunku) VALUES (177,3,13,5)
Hibernate: INSERT INTO wartosc_oczekiwana (id_wartosci_oczekiwanej, wartosc, id_pytania, id_kierunku) VALUES (178,8,14,5)
Hibernate: INSERT INTO wartosc_oczekiwana (id_wartosci_oczekiwanej, wartosc, id_pytania, id_kierunku) VALUES (179,4,15,5)
Hibernate: INSERT INTO wartosc_oczekiwana (id_wartosci_oczekiwanej, wartosc, id_pytania, id_kierunku) VALUES (180,9,16,5)
Hibernate: INSERT INTO wartosc_oczekiwana (id_wartosci_oczekiwanej, wartosc, id_pytania, id_kierunku) VALUES (181,7,17,5)
Hibernate: INSERT INTO wartosc_oczekiwana (id_wartosci_oczekiwanej, wartosc, id_pytania, id_kierunku) VALUES (182,5,18,5)
Hibernate: INSERT INTO wartosc_oczekiwana (id_wartosci_oczekiwanej, wartosc, id_pytania, id_kierunku) VALUES (183,1,19,5)
Hibernate: INSERT INTO wartosc_oczekiwana (id_wartosci_oczekiwanej, wartosc, id_pytania, id_kierunku) VALUES (184,2,20,5)
Hibernate: INSERT INTO wartosc_oczekiwana (id_wartosci_oczekiwanej, wartosc, id_pytania, id_kierunku) VALUES (185,9,21,5)
Hibernate: INSERT INTO wartosc_oczekiwana (id_wartosci_oczekiwanej, wartosc, id_pytania, id_kierunku) VALUES (186,3,22,5)
Hibernate: INSERT INTO wartosc_oczekiwana (id_wartosci_oczekiwanej, wartosc, id_pytania, id_kierunku) VALUES (187,9,23,5)
Hibernate: INSERT INTO wartosc_oczekiwana (id_wartosci_oczekiwanej, wartosc, id_pytania, id_kierunku) VALUES (188,6,24,5)
Hibernate: INSERT INTO wartosc_oczekiwana (id_wartosci_oczekiwanej, wartosc, id_pytania, id_kierunku) VALUES (189,3,25,5)
Hibernate: INSERT INTO wartosc_oczekiwana (id_wartosci_oczekiwanej, wartosc, id_pytania, id_kierunku) VALUES (190,5,26,5)
Hibernate: INSERT INTO wartosc_oczekiwana (id_wartosci_oczekiwanej, wartosc, id_pytania, id_kierunku) VALUES (191,9,27,5)
Hibernate: INSERT INTO wartosc_oczekiwana (id_wartosci_oczekiwanej, wartosc, id_pytania, id_kierunku) VALUES (192,4,28,5)
Hibernate: INSERT INTO wartosc_oczekiwana (id_wartosci_oczekiwanej, wartosc, id_pytania, id_kierunku) VALUES (193,7,29,5)
Hibernate: INSERT INTO wartosc_oczekiwana (id_wartosci_oczekiwanej, wartosc, id_pytania, id_kierunku) VALUES (194,4,30,5)
Hibernate: INSERT INTO wartosc_oczekiwana (id_wartosci_oczekiwanej, wartosc, id_pytania, id_kierunku) VALUES (195,2,31,5)
Hibernate: INSERT INTO wartosc_oczekiwana (id_wartosci_oczekiwanej, wartosc, id_pytania, id_kierunku) VALUES (196,10,32,5)
Hibernate: INSERT INTO wartosc_oczekiwana (id_wartosci_oczekiwanej, wartosc, id_pytania, id_kierunku) VALUES (197,6,33,5)
Hibernate: INSERT INTO wartosc_oczekiwana (id_wartosci_oczekiwanej, wartosc, id_pytania, id_kierunku) VALUES (198,9,34,5)
Hibernate: INSERT INTO wartosc_oczekiwana (id_wartosci_oczekiwanej, wartosc, id_pytania, id_kierunku) VALUES (199,1,35,5)
Hibernate: INSERT INTO wartosc_oczekiwana (id_wartosci_oczekiwanej, wartosc, id_pytania, id_kierunku) VALUES (200,1,36,5)
Hibernate: INSERT INTO wartosc_oczekiwana (id_wartosci_oczekiwanej, wartosc, id_pytania, id_kierunku) VALUES (201,8,37,5)
Hibernate: INSERT INTO wartosc_oczekiwana (id_wartosci_oczekiwanej, wartosc, id_pytania, id_kierunku) VALUES (202,6,38,5)
Hibernate: INSERT INTO wartosc_oczekiwana (id_wartosci_oczekiwanej, wartosc, id_pytania, id_kierunku) VALUES (203,6,39,5)
Hibernate: INSERT INTO wartosc_oczekiwana (id_wartosci_oczekiwanej, wartosc, id_pytania, id_kierunku) VALUES (204,7,40,5)
Hibernate: INSERT INTO wartosc_oczekiwana (id_wartosci_oczekiwanej, wartosc, id_pytania, id_kierunku) VALUES (205,7,41,5)
Hibernate: INSERT INTO wartosc_oczekiwana (id_wartosci_oczekiwanej, wartosc, id_pytania, id_kierunku) VALUES (206,9,1,6)
Hibernate: INSERT INTO wartosc_oczekiwana (id_wartosci_oczekiwanej, wartosc, id_pytania, id_kierunku) VALUES (207,4,2,6)
Hibernate: INSERT INTO wartosc_oczekiwana (id_wartosci_oczekiwanej, wartosc, id_pytania, id_kierunku) VALUES (208,5,3,6)
Hibernate: INSERT INTO wartosc_oczekiwana (id_wartosci_oczekiwanej, wartosc, id_pytania, id_kierunku) VALUES (209,5,4,6)
Hibernate: INSERT INTO wartosc_oczekiwana (id_wartosci_oczekiwanej, wartosc, id_pytania, id_kierunku) VALUES (210,8,5,6)
Hibernate: INSERT INTO wartosc_oczekiwana (id_wartosci_oczekiwanej, wartosc, id_pytania, id_kierunku) VALUES (211,10,6,6)
Hibernate: INSERT INTO wartosc_oczekiwana (id_wartosci_oczekiwanej, wartosc, id_pytania, id_kierunku) VALUES (212,4,7,6)
Hibernate: INSERT INTO wartosc_oczekiwana (id_wartosci_oczekiwanej, wartosc, id_pytania, id_kierunku) VALUES (213,6,8,6)
Hibernate: INSERT INTO wartosc_oczekiwana (id_wartosci_oczekiwanej, wartosc, id_pytania, id_kierunku) VALUES (214,9,9,6)
Hibernate: INSERT INTO wartosc_oczekiwana (id_wartosci_oczekiwanej, wartosc, id_pytania, id_kierunku) VALUES (215,6,10,6)
Hibernate: INSERT INTO wartosc_oczekiwana (id_wartosci_oczekiwanej, wartosc, id_pytania, id_kierunku) VALUES (216,8,11,6)
Hibernate: INSERT INTO wartosc_oczekiwana (id_wartosci_oczekiwanej, wartosc, id_pytania, id_kierunku) VALUES (217,10,12,6)
Hibernate: INSERT INTO wartosc_oczekiwana (id_wartosci_oczekiwanej, wartosc, id_pytania, id_kierunku) VALUES (218,4,13,6)
Hibernate: INSERT INTO wartosc_oczekiwana (id_wartosci_oczekiwanej, wartosc, id_pytania, id_kierunku) VALUES (219,10,14,6)
Hibernate: INSERT INTO wartosc_oczekiwana (id_wartosci_oczekiwanej, wartosc, id_pytania, id_kierunku) VALUES (220,4,15,6)
Hibernate: INSERT INTO wartosc_oczekiwana (id_wartosci_oczekiwanej, wartosc, id_pytania, id_kierunku) VALUES (221,10,16,6)
Hibernate: INSERT INTO wartosc_oczekiwana (id_wartosci_oczekiwanej, wartosc, id_pytania, id_kierunku) VALUES (222,7,17,6)
Hibernate: INSERT INTO wartosc_oczekiwana (id_wartosci_oczekiwanej, wartosc, id_pytania, id_kierunku) VALUES (223,6,18,6)
Hibernate: INSERT INTO wartosc_oczekiwana (id_wartosci_oczekiwanej, wartosc, id_pytania, id_kierunku) VALUES (224,10,19,6)
Hibernate: INSERT INTO wartosc_oczekiwana (id_wartosci_oczekiwanej, wartosc, id_pytania, id_kierunku) VALUES (225,2,20,6)
Hibernate: INSERT INTO wartosc_oczekiwana (id_wartosci_oczekiwanej, wartosc, id_pytania, id_kierunku) VALUES (226,6,21,6)
Hibernate: INSERT INTO wartosc_oczekiwana (id_wartosci_oczekiwanej, wartosc, id_pytania, id_kierunku) VALUES (227,2,22,6)
Hibernate: INSERT INTO wartosc_oczekiwana (id_wartosci_oczekiwanej, wartosc, id_pytania, id_kierunku) VALUES (228,8,23,6)
Hibernate: INSERT INTO wartosc_oczekiwana (id_wartosci_oczekiwanej, wartosc, id_pytania, id_kierunku) VALUES (229,7,24,6)
Hibernate: INSERT INTO wartosc_oczekiwana (id_wartosci_oczekiwanej, wartosc, id_pytania, id_kierunku) VALUES (230,4,25,6)
Hibernate: INSERT INTO wartosc_oczekiwana (id_wartosci_oczekiwanej, wartosc, id_pytania, id_kierunku) VALUES (231,4,26,6)
Hibernate: INSERT INTO wartosc_oczekiwana (id_wartosci_oczekiwanej, wartosc, id_pytania, id_kierunku) VALUES (232,3,27,6)
Hibernate: INSERT INTO wartosc_oczekiwana (id_wartosci_oczekiwanej, wartosc, id_pytania, id_kierunku) VALUES (233,6,28,6)
Hibernate: INSERT INTO wartosc_oczekiwana (id_wartosci_oczekiwanej, wartosc, id_pytania, id_kierunku) VALUES (234,7,29,6)
Hibernate: INSERT INTO wartosc_oczekiwana (id_wartosci_oczekiwanej, wartosc, id_pytania, id_kierunku) VALUES (235,6,30,6)
Hibernate: INSERT INTO wartosc_oczekiwana (id_wartosci_oczekiwanej, wartosc, id_pytania, id_kierunku) VALUES (236,6,31,6)
Hibernate: INSERT INTO wartosc_oczekiwana (id_wartosci_oczekiwanej, wartosc, id_pytania, id_kierunku) VALUES (237,2,32,6)
Hibernate: INSERT INTO wartosc_oczekiwana (id_wartosci_oczekiwanej, wartosc, id_pytania, id_kierunku) VALUES (238,4,33,6)
Hibernate: INSERT INTO wartosc_oczekiwana (id_wartosci_oczekiwanej, wartosc, id_pytania, id_kierunku) VALUES (239,3,34,6)
Hibernate: INSERT INTO wartosc_oczekiwana (id_wartosci_oczekiwanej, wartosc, id_pytania, id_kierunku) VALUES (240,7,35,6)
Hibernate: INSERT INTO wartosc_oczekiwana (id_wartosci_oczekiwanej, wartosc, id_pytania, id_kierunku) VALUES (241,8,36,6)
Hibernate: INSERT INTO wartosc_oczekiwana (id_wartosci_oczekiwanej, wartosc, id_pytania, id_kierunku) VALUES (242,3,37,6)
Hibernate: INSERT INTO wartosc_oczekiwana (id_wartosci_oczekiwanej, wartosc, id_pytania, id_kierunku) VALUES (243,8,38,6)
Hibernate: INSERT INTO wartosc_oczekiwana (id_wartosci_oczekiwanej, wartosc, id_pytania, id_kierunku) VALUES (244,7,39,6)
Hibernate: INSERT INTO wartosc_oczekiwana (id_wartosci_oczekiwanej, wartosc, id_pytania, id_kierunku) VALUES (245,6,40,6)
Hibernate: INSERT INTO wartosc_oczekiwana (id_wartosci_oczekiwanej, wartosc, id_pytania, id_kierunku) VALUES (246,8,41,6)
Hibernate: INSERT INTO wartosc_oczekiwana (id_wartosci_oczekiwanej, wartosc, id_pytania, id_kierunku) VALUES (247,10,1,7)
Hibernate: INSERT INTO wartosc_oczekiwana (id_wartosci_oczekiwanej, wartosc, id_pytania, id_kierunku) VALUES (248,3,2,7)
Hibernate: INSERT INTO wartosc_oczekiwana (id_wartosci_oczekiwanej, wartosc, id_pytania, id_kierunku) VALUES (249,5,3,7)
Hibernate: INSERT INTO wartosc_oczekiwana (id_wartosci_oczekiwanej, wartosc, id_pytania, id_kierunku) VALUES (250,5,4,7)
Hibernate: INSERT INTO wartosc_oczekiwana (id_wartosci_oczekiwanej, wartosc, id_pytania, id_kierunku) VALUES (251,9,5,7)
Hibernate: INSERT INTO wartosc_oczekiwana (id_wartosci_oczekiwanej, wartosc, id_pytania, id_kierunku) VALUES (252,9,6,7)
Hibernate: INSERT INTO wartosc_oczekiwana (id_wartosci_oczekiwanej, wartosc, id_pytania, id_kierunku) VALUES (253,8,7,7)
Hibernate: INSERT INTO wartosc_oczekiwana (id_wartosci_oczekiwanej, wartosc, id_pytania, id_kierunku) VALUES (254,6,8,7)
Hibernate: INSERT INTO wartosc_oczekiwana (id_wartosci_oczekiwanej, wartosc, id_pytania, id_kierunku) VALUES (255,5,9,7)
Hibernate: INSERT INTO wartosc_oczekiwana (id_wartosci_oczekiwanej, wartosc, id_pytania, id_kierunku) VALUES (256,2,10,7)
Hibernate: INSERT INTO wartosc_oczekiwana (id_wartosci_oczekiwanej, wartosc, id_pytania, id_kierunku) VALUES (257,6,11,7)
Hibernate: INSERT INTO wartosc_oczekiwana (id_wartosci_oczekiwanej, wartosc, id_pytania, id_kierunku) VALUES (258,1,12,7)
Hibernate: INSERT INTO wartosc_oczekiwana (id_wartosci_oczekiwanej, wartosc, id_pytania, id_kierunku) VALUES (259,7,13,7)
Hibernate: INSERT INTO wartosc_oczekiwana (id_wartosci_oczekiwanej, wartosc, id_pytania, id_kierunku) VALUES (260,3,14,7)
Hibernate: INSERT INTO wartosc_oczekiwana (id_wartosci_oczekiwanej, wartosc, id_pytania, id_kierunku) VALUES (261,6,15,7)
Hibernate: INSERT INTO wartosc_oczekiwana (id_wartosci_oczekiwanej, wartosc, id_pytania, id_kierunku) VALUES (262,7,16,7)
Hibernate: INSERT INTO wartosc_oczekiwana (id_wartosci_oczekiwanej, wartosc, id_pytania, id_kierunku) VALUES (263,4,17,7)
Hibernate: INSERT INTO wartosc_oczekiwana (id_wartosci_oczekiwanej, wartosc, id_pytania, id_kierunku) VALUES (264,5,18,7)
Hibernate: INSERT INTO wartosc_oczekiwana (id_wartosci_oczekiwanej, wartosc, id_pytania, id_kierunku) VALUES (265,8,19,7)
Hibernate: INSERT INTO wartosc_oczekiwana (id_wartosci_oczekiwanej, wartosc, id_pytania, id_kierunku) VALUES (266,7,20,7)
Hibernate: INSERT INTO wartosc_oczekiwana (id_wartosci_oczekiwanej, wartosc, id_pytania, id_kierunku) VALUES (267,7,21,7)
Hibernate: INSERT INTO wartosc_oczekiwana (id_wartosci_oczekiwanej, wartosc, id_pytania, id_kierunku) VALUES (268,7,22,7)
Hibernate: INSERT INTO wartosc_oczekiwana (id_wartosci_oczekiwanej, wartosc, id_pytania, id_kierunku) VALUES (269,1,23,7)
Hibernate: INSERT INTO wartosc_oczekiwana (id_wartosci_oczekiwanej, wartosc, id_pytania, id_kierunku) VALUES (270,6,24,7)
Hibernate: INSERT INTO wartosc_oczekiwana (id_wartosci_oczekiwanej, wartosc, id_pytania, id_kierunku) VALUES (271,3,25,7)
Hibernate: INSERT INTO wartosc_oczekiwana (id_wartosci_oczekiwanej, wartosc, id_pytania, id_kierunku) VALUES (272,6,26,7)
Hibernate: INSERT INTO wartosc_oczekiwana (id_wartosci_oczekiwanej, wartosc, id_pytania, id_kierunku) VALUES (273,4,27,7)
Hibernate: INSERT INTO wartosc_oczekiwana (id_wartosci_oczekiwanej, wartosc, id_pytania, id_kierunku) VALUES (274,2,28,7)
Hibernate: INSERT INTO wartosc_oczekiwana (id_wartosci_oczekiwanej, wartosc, id_pytania, id_kierunku) VALUES (275,5,29,7)
Hibernate: INSERT INTO wartosc_oczekiwana (id_wartosci_oczekiwanej, wartosc, id_pytania, id_kierunku) VALUES (276,7,30,7)
Hibernate: INSERT INTO wartosc_oczekiwana (id_wartosci_oczekiwanej, wartosc, id_pytania, id_kierunku) VALUES (277,5,31,7)
Hibernate: INSERT INTO wartosc_oczekiwana (id_wartosci_oczekiwanej, wartosc, id_pytania, id_kierunku) VALUES (278,5,32,7)
Hibernate: INSERT INTO wartosc_oczekiwana (id_wartosci_oczekiwanej, wartosc, id_pytania, id_kierunku) VALUES (279,8,33,7)
Hibernate: INSERT INTO wartosc_oczekiwana (id_wartosci_oczekiwanej, wartosc, id_pytania, id_kierunku) VALUES (280,5,34,7)
Hibernate: INSERT INTO wartosc_oczekiwana (id_wartosci_oczekiwanej, wartosc, id_pytania, id_kierunku) VALUES (281,7,35,7)
Hibernate: INSERT INTO wartosc_oczekiwana (id_wartosci_oczekiwanej, wartosc, id_pytania, id_kierunku) VALUES (282,6,36,7)
Hibernate: INSERT INTO wartosc_oczekiwana (id_wartosci_oczekiwanej, wartosc, id_pytania, id_kierunku) VALUES (283,1,37,7)
Hibernate: INSERT INTO wartosc_oczekiwana (id_wartosci_oczekiwanej, wartosc, id_pytania, id_kierunku) VALUES (284,10,38,7)
Hibernate: INSERT INTO wartosc_oczekiwana (id_wartosci_oczekiwanej, wartosc, id_pytania, id_kierunku) VALUES (285,5,39,7)
Hibernate: INSERT INTO wartosc_oczekiwana (id_wartosci_oczekiwanej, wartosc, id_pytania, id_kierunku) VALUES (286,3,40,7)
Hibernate: INSERT INTO wartosc_oczekiwana (id_wartosci_oczekiwanej, wartosc, id_pytania, id_kierunku) VALUES (287,3,41,7)
Hibernate: INSERT INTO wartosc_oczekiwana (id_wartosci_oczekiwanej, wartosc, id_pytania, id_kierunku) VALUES (288,8,1,8)
Hibernate: INSERT INTO wartosc_oczekiwana (id_wartosci_oczekiwanej, wartosc, id_pytania, id_kierunku) VALUES (289,5,2,8)
Hibernate: INSERT INTO wartosc_oczekiwana (id_wartosci_oczekiwanej, wartosc, id_pytania, id_kierunku) VALUES (290,2,3,8)
Hibernate: INSERT INTO wartosc_oczekiwana (id_wartosci_oczekiwanej, wartosc, id_pytania, id_kierunku) VALUES (291,10,4,8)
Hibernate: INSERT INTO wartosc_oczekiwana (id_wartosci_oczekiwanej, wartosc, id_pytania, id_kierunku) VALUES (292,6,5,8)
Hibernate: INSERT INTO wartosc_oczekiwana (id_wartosci_oczekiwanej, wartosc, id_pytania, id_kierunku) VALUES (293,1,6,8)
Hibernate: INSERT INTO wartosc_oczekiwana (id_wartosci_oczekiwanej, wartosc, id_pytania, id_kierunku) VALUES (294,9,7,8)
Hibernate: INSERT INTO wartosc_oczekiwana (id_wartosci_oczekiwanej, wartosc, id_pytania, id_kierunku) VALUES (295,4,8,8)
Hibernate: INSERT INTO wartosc_oczekiwana (id_wartosci_oczekiwanej, wartosc, id_pytania, id_kierunku) VALUES (296,8,9,8)
Hibernate: INSERT INTO wartosc_oczekiwana (id_wartosci_oczekiwanej, wartosc, id_pytania, id_kierunku) VALUES (297,4,10,8)
Hibernate: INSERT INTO wartosc_oczekiwana (id_wartosci_oczekiwanej, wartosc, id_pytania, id_kierunku) VALUES (298,6,11,8)
Hibernate: INSERT INTO wartosc_oczekiwana (id_wartosci_oczekiwanej, wartosc, id_pytania, id_kierunku) VALUES (299,6,12,8)
Hibernate: INSERT INTO wartosc_oczekiwana (id_wartosci_oczekiwanej, wartosc, id_pytania, id_kierunku) VALUES (300,10,13,8)
Hibernate: INSERT INTO wartosc_oczekiwana (id_wartosci_oczekiwanej, wartosc, id_pytania, id_kierunku) VALUES (301,6,14,8)
Hibernate: INSERT INTO wartosc_oczekiwana (id_wartosci_oczekiwanej, wartosc, id_pytania, id_kierunku) VALUES (302,5,15,8)
Hibernate: INSERT INTO wartosc_oczekiwana (id_wartosci_oczekiwanej, wartosc, id_pytania, id_kierunku) VALUES (303,7,16,8)
Hibernate: INSERT INTO wartosc_oczekiwana (id_wartosci_oczekiwanej, wartosc, id_pytania, id_kierunku) VALUES (304,3,17,8)
Hibernate: INSERT INTO wartosc_oczekiwana (id_wartosci_oczekiwanej, wartosc, id_pytania, id_kierunku) VALUES (305,7,18,8)
Hibernate: INSERT INTO wartosc_oczekiwana (id_wartosci_oczekiwanej, wartosc, id_pytania, id_kierunku) VALUES (306,3,19,8)
Hibernate: INSERT INTO wartosc_oczekiwana (id_wartosci_oczekiwanej, wartosc, id_pytania, id_kierunku) VALUES (307,8,20,8)
Hibernate: INSERT INTO wartosc_oczekiwana (id_wartosci_oczekiwanej, wartosc, id_pytania, id_kierunku) VALUES (308,5,21,8)
Hibernate: INSERT INTO wartosc_oczekiwana (id_wartosci_oczekiwanej, wartosc, id_pytania, id_kierunku) VALUES (309,9,22,8)
Hibernate: INSERT INTO wartosc_oczekiwana (id_wartosci_oczekiwanej, wartosc, id_pytania, id_kierunku) VALUES (310,2,23,8)
Hibernate: INSERT INTO wartosc_oczekiwana (id_wartosci_oczekiwanej, wartosc, id_pytania, id_kierunku) VALUES (311,4,24,8)
Hibernate: INSERT INTO wartosc_oczekiwana (id_wartosci_oczekiwanej, wartosc, id_pytania, id_kierunku) VALUES (312,1,25,8)
Hibernate: INSERT INTO wartosc_oczekiwana (id_wartosci_oczekiwanej, wartosc, id_pytania, id_kierunku) VALUES (313,8,26,8)
Hibernate: INSERT INTO wartosc_oczekiwana (id_wartosci_oczekiwanej, wartosc, id_pytania, id_kierunku) VALUES (314,3,27,8)
Hibernate: INSERT INTO wartosc_oczekiwana (id_wartosci_oczekiwanej, wartosc, id_pytania, id_kierunku) VALUES (315,3,28,8)
Hibernate: INSERT INTO wartosc_oczekiwana (id_wartosci_oczekiwanej, wartosc, id_pytania, id_kierunku) VALUES (316,10,29,8)
Hibernate: INSERT INTO wartosc_oczekiwana (id_wartosci_oczekiwanej, wartosc, id_pytania, id_kierunku) VALUES (317,5,30,8)
Hibernate: INSERT INTO wartosc_oczekiwana (id_wartosci_oczekiwanej, wartosc, id_pytania, id_kierunku) VALUES (318,5,31,8)
Hibernate: INSERT INTO wartosc_oczekiwana (id_wartosci_oczekiwanej, wartosc, id_pytania, id_kierunku) VALUES (319,7,32,8)
Hibernate: INSERT INTO wartosc_oczekiwana (id_wartosci_oczekiwanej, wartosc, id_pytania, id_kierunku) VALUES (320,2,33,8)
Hibernate: INSERT INTO wartosc_oczekiwana (id_wartosci_oczekiwanej, wartosc, id_pytania, id_kierunku) VALUES (321,7,34,8)
Hibernate: INSERT INTO wartosc_oczekiwana (id_wartosci_oczekiwanej, wartosc, id_pytania, id_kierunku) VALUES (322,9,35,8)
Hibernate: INSERT INTO wartosc_oczekiwana (id_wartosci_oczekiwanej, wartosc, id_pytania, id_kierunku) VALUES (323,8,36,8)
Hibernate: INSERT INTO wartosc_oczekiwana (id_wartosci_oczekiwanej, wartosc, id_pytania, id_kierunku) VALUES (324,7,37,8)
Hibernate: INSERT INTO wartosc_oczekiwana (id_wartosci_oczekiwanej, wartosc, id_pytania, id_kierunku) VALUES (325,8,38,8)
Hibernate: INSERT INTO wartosc_oczekiwana (id_wartosci_oczekiwanej, wartosc, id_pytania, id_kierunku) VALUES (326,3,39,8)
Hibernate: INSERT INTO wartosc_oczekiwana (id_wartosci_oczekiwanej, wartosc, id_pytania, id_kierunku) VALUES (327,9,40,8)
Hibernate: INSERT INTO wartosc_oczekiwana (id_wartosci_oczekiwanej, wartosc, id_pytania, id_kierunku) VALUES (328,5,41,8)
Hibernate: INSERT INTO wartosc_oczekiwana (id_wartosci_oczekiwanej, wartosc, id_pytania, id_kierunku) VALUES (329,2,1,9)
Hibernate: INSERT INTO wartosc_oczekiwana (id_wartosci_oczekiwanej, wartosc, id_pytania, id_kierunku) VALUES (330,4,2,9)
Hibernate: INSERT INTO wartosc_oczekiwana (id_wartosci_oczekiwanej, wartosc, id_pytania, id_kierunku) VALUES (331,9,3,9)
Hibernate: INSERT INTO wartosc_oczekiwana (id_wartosci_oczekiwanej, wartosc, id_pytania, id_kierunku) VALUES (332,2,4,9)
Hibernate: INSERT INTO wartosc_oczekiwana (id_wartosci_oczekiwanej, wartosc, id_pytania, id_kierunku) VALUES (333,1,5,9)
Hibernate: INSERT INTO wartosc_oczekiwana (id_wartosci_oczekiwanej, wartosc, id_pytania, id_kierunku) VALUES (334,5,6,9)
Hibernate: INSERT INTO wartosc_oczekiwana (id_wartosci_oczekiwanej, wartosc, id_pytania, id_kierunku) VALUES (335,9,7,9)
Hibernate: INSERT INTO wartosc_oczekiwana (id_wartosci_oczekiwanej, wartosc, id_pytania, id_kierunku) VALUES (336,7,8,9)
Hibernate: INSERT INTO wartosc_oczekiwana (id_wartosci_oczekiwanej, wartosc, id_pytania, id_kierunku) VALUES (337,3,9,9)
Hibernate: INSERT INTO wartosc_oczekiwana (id_wartosci_oczekiwanej, wartosc, id_pytania, id_kierunku) VALUES (338,2,10,9)
Hibernate: INSERT INTO wartosc_oczekiwana (id_wartosci_oczekiwanej, wartosc, id_pytania, id_kierunku) VALUES (339,8,11,9)
Hibernate: INSERT INTO wartosc_oczekiwana (id_wartosci_oczekiwanej, wartosc, id_pytania, id_kierunku) VALUES (340,6,12,9)
Hibernate: INSERT INTO wartosc_oczekiwana (id_wartosci_oczekiwanej, wartosc, id_pytania, id_kierunku) VALUES (341,8,13,9)
Hibernate: INSERT INTO wartosc_oczekiwana (id_wartosci_oczekiwanej, wartosc, id_pytania, id_kierunku) VALUES (342,3,14,9)
Hibernate: INSERT INTO wartosc_oczekiwana (id_wartosci_oczekiwanej, wartosc, id_pytania, id_kierunku) VALUES (343,9,15,9)
Hibernate: INSERT INTO wartosc_oczekiwana (id_wartosci_oczekiwanej, wartosc, id_pytania, id_kierunku) VALUES (344,2,16,9)
Hibernate: INSERT INTO wartosc_oczekiwana (id_wartosci_oczekiwanej, wartosc, id_pytania, id_kierunku) VALUES (345,9,17,9)
Hibernate: INSERT INTO wartosc_oczekiwana (id_wartosci_oczekiwanej, wartosc, id_pytania, id_kierunku) VALUES (346,7,18,9)
Hibernate: INSERT INTO wartosc_oczekiwana (id_wartosci_oczekiwanej, wartosc, id_pytania, id_kierunku) VALUES (347,2,19,9)
Hibernate: INSERT INTO wartosc_oczekiwana (id_wartosci_oczekiwanej, wartosc, id_pytania, id_kierunku) VALUES (348,3,20,9)
Hibernate: INSERT INTO wartosc_oczekiwana (id_wartosci_oczekiwanej, wartosc, id_pytania, id_kierunku) VALUES (349,10,21,9)
Hibernate: INSERT INTO wartosc_oczekiwana (id_wartosci_oczekiwanej, wartosc, id_pytania, id_kierunku) VALUES (350,4,22,9)
Hibernate: INSERT INTO wartosc_oczekiwana (id_wartosci_oczekiwanej, wartosc, id_pytania, id_kierunku) VALUES (351,10,23,9)
Hibernate: INSERT INTO wartosc_oczekiwana (id_wartosci_oczekiwanej, wartosc, id_pytania, id_kierunku) VALUES (352,4,24,9)
Hibernate: INSERT INTO wartosc_oczekiwana (id_wartosci_oczekiwanej, wartosc, id_pytania, id_kierunku) VALUES (353,2,25,9)
Hibernate: INSERT INTO wartosc_oczekiwana (id_wartosci_oczekiwanej, wartosc, id_pytania, id_kierunku) VALUES (354,6,26,9)
Hibernate: INSERT INTO wartosc_oczekiwana (id_wartosci_oczekiwanej, wartosc, id_pytania, id_kierunku) VALUES (355,2,27,9)
Hibernate: INSERT INTO wartosc_oczekiwana (id_wartosci_oczekiwanej, wartosc, id_pytania, id_kierunku) VALUES (356,7,28,9)
Hibernate: INSERT INTO wartosc_oczekiwana (id_wartosci_oczekiwanej, wartosc, id_pytania, id_kierunku) VALUES (357,2,29,9)
Hibernate: INSERT INTO wartosc_oczekiwana (id_wartosci_oczekiwanej, wartosc, id_pytania, id_kierunku) VALUES (358,7,30,9)
Hibernate: INSERT INTO wartosc_oczekiwana (id_wartosci_oczekiwanej, wartosc, id_pytania, id_kierunku) VALUES (359,7,31,9)
Hibernate: INSERT INTO wartosc_oczekiwana (id_wartosci_oczekiwanej, wartosc, id_pytania, id_kierunku) VALUES (360,8,32,9)
Hibernate: INSERT INTO wartosc_oczekiwana (id_wartosci_oczekiwanej, wartosc, id_pytania, id_kierunku) VALUES (361,1,33,9)
Hibernate: INSERT INTO wartosc_oczekiwana (id_wartosci_oczekiwanej, wartosc, id_pytania, id_kierunku) VALUES (362,9,34,9)
Hibernate: INSERT INTO wartosc_oczekiwana (id_wartosci_oczekiwanej, wartosc, id_pytania, id_kierunku) VALUES (363,3,35,9)
Hibernate: INSERT INTO wartosc_oczekiwana (id_wartosci_oczekiwanej, wartosc, id_pytania, id_kierunku) VALUES (364,8,36,9)
Hibernate: INSERT INTO wartosc_oczekiwana (id_wartosci_oczekiwanej, wartosc, id_pytania, id_kierunku) VALUES (365,6,37,9)
Hibernate: INSERT INTO wartosc_oczekiwana (id_wartosci_oczekiwanej, wartosc, id_pytania, id_kierunku) VALUES (366,5,38,9)
Hibernate: INSERT INTO wartosc_oczekiwana (id_wartosci_oczekiwanej, wartosc, id_pytania, id_kierunku) VALUES (367,8,39,9)
Hibernate: INSERT INTO wartosc_oczekiwana (id_wartosci_oczekiwanej, wartosc, id_pytania, id_kierunku) VALUES (368,2,40,9)
Hibernate: INSERT INTO wartosc_oczekiwana (id_wartosci_oczekiwanej, wartosc, id_pytania, id_kierunku) VALUES (369,2,41,9)
Hibernate: INSERT INTO wartosc_oczekiwana (id_wartosci_oczekiwanej, wartosc, id_pytania, id_kierunku) VALUES (370,9,1,10)
Hibernate: INSERT INTO wartosc_oczekiwana (id_wartosci_oczekiwanej, wartosc, id_pytania, id_kierunku) VALUES (371,1,2,10)
Hibernate: INSERT INTO wartosc_oczekiwana (id_wartosci_oczekiwanej, wartosc, id_pytania, id_kierunku) VALUES (372,9,3,10)
Hibernate: INSERT INTO wartosc_oczekiwana (id_wartosci_oczekiwanej, wartosc, id_pytania, id_kierunku) VALUES (373,4,4,10)
Hibernate: INSERT INTO wartosc_oczekiwana (id_wartosci_oczekiwanej, wartosc, id_pytania, id_kierunku) VALUES (374,5,5,10)
Hibernate: INSERT INTO wartosc_oczekiwana (id_wartosci_oczekiwanej, wartosc, id_pytania, id_kierunku) VALUES (375,4,6,10)
Hibernate: INSERT INTO wartosc_oczekiwana (id_wartosci_oczekiwanej, wartosc, id_pytania, id_kierunku) VALUES (376,3,7,10)
Hibernate: INSERT INTO wartosc_oczekiwana (id_wartosci_oczekiwanej, wartosc, id_pytania, id_kierunku) VALUES (377,9,8,10)
Hibernate: INSERT INTO wartosc_oczekiwana (id_wartosci_oczekiwanej, wartosc, id_pytania, id_kierunku) VALUES (378,8,9,10)
Hibernate: INSERT INTO wartosc_oczekiwana (id_wartosci_oczekiwanej, wartosc, id_pytania, id_kierunku) VALUES (379,9,10,10)
Hibernate: INSERT INTO wartosc_oczekiwana (id_wartosci_oczekiwanej, wartosc, id_pytania, id_kierunku) VALUES (380,4,11,10)
Hibernate: INSERT INTO wartosc_oczekiwana (id_wartosci_oczekiwanej, wartosc, id_pytania, id_kierunku) VALUES (381,7,12,10)
Hibernate: INSERT INTO wartosc_oczekiwana (id_wartosci_oczekiwanej, wartosc, id_pytania, id_kierunku) VALUES (382,6,13,10)
Hibernate: INSERT INTO wartosc_oczekiwana (id_wartosci_oczekiwanej, wartosc, id_pytania, id_kierunku) VALUES (383,7,14,10)
Hibernate: INSERT INTO wartosc_oczekiwana (id_wartosci_oczekiwanej, wartosc, id_pytania, id_kierunku) VALUES (384,4,15,10)
Hibernate: INSERT INTO wartosc_oczekiwana (id_wartosci_oczekiwanej, wartosc, id_pytania, id_kierunku) VALUES (385,10,16,10)
Hibernate: INSERT INTO wartosc_oczekiwana (id_wartosci_oczekiwanej, wartosc, id_pytania, id_kierunku) VALUES (386,8,17,10)
Hibernate: INSERT INTO wartosc_oczekiwana (id_wartosci_oczekiwanej, wartosc, id_pytania, id_kierunku) VALUES (387,9,18,10)
Hibernate: INSERT INTO wartosc_oczekiwana (id_wartosci_oczekiwanej, wartosc, id_pytania, id_kierunku) VALUES (388,1,19,10)
Hibernate: INSERT INTO wartosc_oczekiwana (id_wartosci_oczekiwanej, wartosc, id_pytania, id_kierunku) VALUES (389,8,20,10)
Hibernate: INSERT INTO wartosc_oczekiwana (id_wartosci_oczekiwanej, wartosc, id_pytania, id_kierunku) VALUES (390,5,21,10)
Hibernate: INSERT INTO wartosc_oczekiwana (id_wartosci_oczekiwanej, wartosc, id_pytania, id_kierunku) VALUES (391,6,22,10)
Hibernate: INSERT INTO wartosc_oczekiwana (id_wartosci_oczekiwanej, wartosc, id_pytania, id_kierunku) VALUES (392,6,23,10)
Hibernate: INSERT INTO wartosc_oczekiwana (id_wartosci_oczekiwanej, wartosc, id_pytania, id_kierunku) VALUES (393,5,24,10)
Hibernate: INSERT INTO wartosc_oczekiwana (id_wartosci_oczekiwanej, wartosc, id_pytania, id_kierunku) VALUES (394,3,25,10)
Hibernate: INSERT INTO wartosc_oczekiwana (id_wartosci_oczekiwanej, wartosc, id_pytania, id_kierunku) VALUES (395,10,26,10)
Hibernate: INSERT INTO wartosc_oczekiwana (id_wartosci_oczekiwanej, wartosc, id_pytania, id_kierunku) VALUES (396,2,27,10)
Hibernate: INSERT INTO wartosc_oczekiwana (id_wartosci_oczekiwanej, wartosc, id_pytania, id_kierunku) VALUES (397,4,28,10)
Hibernate: INSERT INTO wartosc_oczekiwana (id_wartosci_oczekiwanej, wartosc, id_pytania, id_kierunku) VALUES (398,10,29,10)
Hibernate: INSERT INTO wartosc_oczekiwana (id_wartosci_oczekiwanej, wartosc, id_pytania, id_kierunku) VALUES (399,4,30,10)
Hibernate: INSERT INTO wartosc_oczekiwana (id_wartosci_oczekiwanej, wartosc, id_pytania, id_kierunku) VALUES (400,3,31,10)
Hibernate: INSERT INTO wartosc_oczekiwana (id_wartosci_oczekiwanej, wartosc, id_pytania, id_kierunku) VALUES (401,9,32,10)
Hibernate: INSERT INTO wartosc_oczekiwana (id_wartosci_oczekiwanej, wartosc, id_pytania, id_kierunku) VALUES (402,9,33,10)
Hibernate: INSERT INTO wartosc_oczekiwana (id_wartosci_oczekiwanej, wartosc, id_pytania, id_kierunku) VALUES (403,8,34,10)
Hibernate: INSERT INTO wartosc_oczekiwana (id_wartosci_oczekiwanej, wartosc, id_pytania, id_kierunku) VALUES (404,10,35,10)
Hibernate: INSERT INTO wartosc_oczekiwana (id_wartosci_oczekiwanej, wartosc, id_pytania, id_kierunku) VALUES (405,7,36,10)
Hibernate: INSERT INTO wartosc_oczekiwana (id_wartosci_oczekiwanej, wartosc, id_pytania, id_kierunku) VALUES (406,5,37,10)
Hibernate: INSERT INTO wartosc_oczekiwana (id_wartosci_oczekiwanej, wartosc, id_pytania, id_kierunku) VALUES (407,8,38,10)
Hibernate: INSERT INTO wartosc_oczekiwana (id_wartosci_oczekiwanej, wartosc, id_pytania, id_kierunku) VALUES (408,2,39,10)
Hibernate: INSERT INTO wartosc_oczekiwana (id_wartosci_oczekiwanej, wartosc, id_pytania, id_kierunku) VALUES (409,10,40,10)
Hibernate: INSERT INTO wartosc_oczekiwana (id_wartosci_oczekiwanej, wartosc, id_pytania, id_kierunku) VALUES (410,6,41,10)
Hibernate: INSERT INTO wartosc_oczekiwana (id_wartosci_oczekiwanej, wartosc, id_pytania, id_kierunku) VALUES (411,1,1,11)
Hibernate: INSERT INTO wartosc_oczekiwana (id_wartosci_oczekiwanej, wartosc, id_pytania, id_kierunku) VALUES (412,10,2,11)
Hibernate: INSERT INTO wartosc_oczekiwana (id_wartosci_oczekiwanej, wartosc, id_pytania, id_kierunku) VALUES (413,10,3,11)
Hibernate: INSERT INTO wartosc_oczekiwana (id_wartosci_oczekiwanej, wartosc, id_pytania, id_kierunku) VALUES (414,5,4,11)
Hibernate: INSERT INTO wartosc_oczekiwana (id_wartosci_oczekiwanej, wartosc, id_pytania, id_kierunku) VALUES (415,7,5,11)
Hibernate: INSERT INTO wartosc_oczekiwana (id_wartosci_oczekiwanej, wartosc, id_pytania, id_kierunku) VALUES (416,4,6,11)
Hibernate: INSERT INTO wartosc_oczekiwana (id_wartosci_oczekiwanej, wartosc, id_pytania, id_kierunku) VALUES (417,3,7,11)
Hibernate: INSERT INTO wartosc_oczekiwana (id_wartosci_oczekiwanej, wartosc, id_pytania, id_kierunku) VALUES (418,5,8,11)
Hibernate: INSERT INTO wartosc_oczekiwana (id_wartosci_oczekiwanej, wartosc, id_pytania, id_kierunku) VALUES (419,10,9,11)
Hibernate: INSERT INTO wartosc_oczekiwana (id_wartosci_oczekiwanej, wartosc, id_pytania, id_kierunku) VALUES (420,1,10,11)
Hibernate: INSERT INTO wartosc_oczekiwana (id_wartosci_oczekiwanej, wartosc, id_pytania, id_kierunku) VALUES (421,4,11,11)
Hibernate: INSERT INTO wartosc_oczekiwana (id_wartosci_oczekiwanej, wartosc, id_pytania, id_kierunku) VALUES (422,10,12,11)
Hibernate: INSERT INTO wartosc_oczekiwana (id_wartosci_oczekiwanej, wartosc, id_pytania, id_kierunku) VALUES (423,1,13,11)
Hibernate: INSERT INTO wartosc_oczekiwana (id_wartosci_oczekiwanej, wartosc, id_pytania, id_kierunku) VALUES (424,1,14,11)
Hibernate: INSERT INTO wartosc_oczekiwana (id_wartosci_oczekiwanej, wartosc, id_pytania, id_kierunku) VALUES (425,6,15,11)
Hibernate: INSERT INTO wartosc_oczekiwana (id_wartosci_oczekiwanej, wartosc, id_pytania, id_kierunku) VALUES (426,2,16,11)
Hibernate: INSERT INTO wartosc_oczekiwana (id_wartosci_oczekiwanej, wartosc, id_pytania, id_kierunku) VALUES (427,2,17,11)
Hibernate: INSERT INTO wartosc_oczekiwana (id_wartosci_oczekiwanej, wartosc, id_pytania, id_kierunku) VALUES (428,7,18,11)
Hibernate: INSERT INTO wartosc_oczekiwana (id_wartosci_oczekiwanej, wartosc, id_pytania, id_kierunku) VALUES (429,4,19,11)
Hibernate: INSERT INTO wartosc_oczekiwana (id_wartosci_oczekiwanej, wartosc, id_pytania, id_kierunku) VALUES (430,3,20,11)
Hibernate: INSERT INTO wartosc_oczekiwana (id_wartosci_oczekiwanej, wartosc, id_pytania, id_kierunku) VALUES (431,9,21,11)
Hibernate: INSERT INTO wartosc_oczekiwana (id_wartosci_oczekiwanej, wartosc, id_pytania, id_kierunku) VALUES (432,1,22,11)
Hibernate: INSERT INTO wartosc_oczekiwana (id_wartosci_oczekiwanej, wartosc, id_pytania, id_kierunku) VALUES (433,5,23,11)
Hibernate: INSERT INTO wartosc_oczekiwana (id_wartosci_oczekiwanej, wartosc, id_pytania, id_kierunku) VALUES (434,6,24,11)
Hibernate: INSERT INTO wartosc_oczekiwana (id_wartosci_oczekiwanej, wartosc, id_pytania, id_kierunku) VALUES (435,4,25,11)
Hibernate: INSERT INTO wartosc_oczekiwana (id_wartosci_oczekiwanej, wartosc, id_pytania, id_kierunku) VALUES (436,5,26,11)
Hibernate: INSERT INTO wartosc_oczekiwana (id_wartosci_oczekiwanej, wartosc, id_pytania, id_kierunku) VALUES (437,2,27,11)
Hibernate: INSERT INTO wartosc_oczekiwana (id_wartosci_oczekiwanej, wartosc, id_pytania, id_kierunku) VALUES (438,3,28,11)
Hibernate: INSERT INTO wartosc_oczekiwana (id_wartosci_oczekiwanej, wartosc, id_pytania, id_kierunku) VALUES (439,2,29,11)
Hibernate: INSERT INTO wartosc_oczekiwana (id_wartosci_oczekiwanej, wartosc, id_pytania, id_kierunku) VALUES (440,5,30,11)
Hibernate: INSERT INTO wartosc_oczekiwana (id_wartosci_oczekiwanej, wartosc, id_pytania, id_kierunku) VALUES (441,5,31,11)
Hibernate: INSERT INTO wartosc_oczekiwana (id_wartosci_oczekiwanej, wartosc, id_pytania, id_kierunku) VALUES (442,8,32,11)
Hibernate: INSERT INTO wartosc_oczekiwana (id_wartosci_oczekiwanej, wartosc, id_pytania, id_kierunku) VALUES (443,10,33,11)
Hibernate: INSERT INTO wartosc_oczekiwana (id_wartosci_oczekiwanej, wartosc, id_pytania, id_kierunku) VALUES (444,7,34,11)
Hibernate: INSERT INTO wartosc_oczekiwana (id_wartosci_oczekiwanej, wartosc, id_pytania, id_kierunku) VALUES (445,8,35,11)
Hibernate: INSERT INTO wartosc_oczekiwana (id_wartosci_oczekiwanej, wartosc, id_pytania, id_kierunku) VALUES (446,6,36,11)
Hibernate: INSERT INTO wartosc_oczekiwana (id_wartosci_oczekiwanej, wartosc, id_pytania, id_kierunku) VALUES (447,3,37,11)
Hibernate: INSERT INTO wartosc_oczekiwana (id_wartosci_oczekiwanej, wartosc, id_pytania, id_kierunku) VALUES (448,2,38,11)
Hibernate: INSERT INTO wartosc_oczekiwana (id_wartosci_oczekiwanej, wartosc, id_pytania, id_kierunku) VALUES (449,8,39,11)
Hibernate: INSERT INTO wartosc_oczekiwana (id_wartosci_oczekiwanej, wartosc, id_pytania, id_kierunku) VALUES (450,5,40,11)
Hibernate: INSERT INTO wartosc_oczekiwana (id_wartosci_oczekiwanej, wartosc, id_pytania, id_kierunku) VALUES (451,4,41,11)
Hibernate: INSERT INTO wartosc_oczekiwana (id_wartosci_oczekiwanej, wartosc, id_pytania, id_kierunku) VALUES (452,1,1,12)
Hibernate: INSERT INTO wartosc_oczekiwana (id_wartosci_oczekiwanej, wartosc, id_pytania, id_kierunku) VALUES (453,5,2,12)
Hibernate: INSERT INTO wartosc_oczekiwana (id_wartosci_oczekiwanej, wartosc, id_pytania, id_kierunku) VALUES (454,10,3,12)
Hibernate: INSERT INTO wartosc_oczekiwana (id_wartosci_oczekiwanej, wartosc, id_pytania, id_kierunku) VALUES (455,4,4,12)
Hibernate: INSERT INTO wartosc_oczekiwana (id_wartosci_oczekiwanej, wartosc, id_pytania, id_kierunku) VALUES (456,8,5,12)
Hibernate: INSERT INTO wartosc_oczekiwana (id_wartosci_oczekiwanej, wartosc, id_pytania, id_kierunku) VALUES (457,6,6,12)
Hibernate: INSERT INTO wartosc_oczekiwana (id_wartosci_oczekiwanej, wartosc, id_pytania, id_kierunku) VALUES (458,9,7,12)
Hibernate: INSERT INTO wartosc_oczekiwana (id_wartosci_oczekiwanej, wartosc, id_pytania, id_kierunku) VALUES (459,3,8,12)
Hibernate: INSERT INTO wartosc_oczekiwana (id_wartosci_oczekiwanej, wartosc, id_pytania, id_kierunku) VALUES (460,5,9,12)
Hibernate: INSERT INTO wartosc_oczekiwana (id_wartosci_oczekiwanej, wartosc, id_pytania, id_kierunku) VALUES (461,2,10,12)
Hibernate: INSERT INTO wartosc_oczekiwana (id_wartosci_oczekiwanej, wartosc, id_pytania, id_kierunku) VALUES (462,5,11,12)
Hibernate: INSERT INTO wartosc_oczekiwana (id_wartosci_oczekiwanej, wartosc, id_pytania, id_kierunku) VALUES (463,10,12,12)
Hibernate: INSERT INTO wartosc_oczekiwana (id_wartosci_oczekiwanej, wartosc, id_pytania, id_kierunku) VALUES (464,6,13,12)
Hibernate: INSERT INTO wartosc_oczekiwana (id_wartosci_oczekiwanej, wartosc, id_pytania, id_kierunku) VALUES (465,4,14,12)
Hibernate: INSERT INTO wartosc_oczekiwana (id_wartosci_oczekiwanej, wartosc, id_pytania, id_kierunku) VALUES (466,4,15,12)
Hibernate: INSERT INTO wartosc_oczekiwana (id_wartosci_oczekiwanej, wartosc, id_pytania, id_kierunku) VALUES (467,4,16,12)
Hibernate: INSERT INTO wartosc_oczekiwana (id_wartosci_oczekiwanej, wartosc, id_pytania, id_kierunku) VALUES (468,9,17,12)
Hibernate: INSERT INTO wartosc_oczekiwana (id_wartosci_oczekiwanej, wartosc, id_pytania, id_kierunku) VALUES (469,5,18,12)
Hibernate: INSERT INTO wartosc_oczekiwana (id_wartosci_oczekiwanej, wartosc, id_pytania, id_kierunku) VALUES (470,5,19,12)
Hibernate: INSERT INTO wartosc_oczekiwana (id_wartosci_oczekiwanej, wartosc, id_pytania, id_kierunku) VALUES (471,3,20,12)
Hibernate: INSERT INTO wartosc_oczekiwana (id_wartosci_oczekiwanej, wartosc, id_pytania, id_kierunku) VALUES (472,8,21,12)
Hibernate: INSERT INTO wartosc_oczekiwana (id_wartosci_oczekiwanej, wartosc, id_pytania, id_kierunku) VALUES (473,1,22,12)
Hibernate: INSERT INTO wartosc_oczekiwana (id_wartosci_oczekiwanej, wartosc, id_pytania, id_kierunku) VALUES (474,5,23,12)
Hibernate: INSERT INTO wartosc_oczekiwana (id_wartosci_oczekiwanej, wartosc, id_pytania, id_kierunku) VALUES (475,7,24,12)
Hibernate: INSERT INTO wartosc_oczekiwana (id_wartosci_oczekiwanej, wartosc, id_pytania, id_kierunku) VALUES (476,4,25,12)
Hibernate: INSERT INTO wartosc_oczekiwana (id_wartosci_oczekiwanej, wartosc, id_pytania, id_kierunku) VALUES (477,2,26,12)
Hibernate: INSERT INTO wartosc_oczekiwana (id_wartosci_oczekiwanej, wartosc, id_pytania, id_kierunku) VALUES (478,5,27,12)
Hibernate: INSERT INTO wartosc_oczekiwana (id_wartosci_oczekiwanej, wartosc, id_pytania, id_kierunku) VALUES (479,9,28,12)
Hibernate: INSERT INTO wartosc_oczekiwana (id_wartosci_oczekiwanej, wartosc, id_pytania, id_kierunku) VALUES (480,8,29,12)
Hibernate: INSERT INTO wartosc_oczekiwana (id_wartosci_oczekiwanej, wartosc, id_pytania, id_kierunku) VALUES (481,3,30,12)
Hibernate: INSERT INTO wartosc_oczekiwana (id_wartosci_oczekiwanej, wartosc, id_pytania, id_kierunku) VALUES (482,7,31,12)
Hibernate: INSERT INTO wartosc_oczekiwana (id_wartosci_oczekiwanej, wartosc, id_pytania, id_kierunku) VALUES (483,3,32,12)
Hibernate: INSERT INTO wartosc_oczekiwana (id_wartosci_oczekiwanej, wartosc, id_pytania, id_kierunku) VALUES (484,10,33,12)
Hibernate: INSERT INTO wartosc_oczekiwana (id_wartosci_oczekiwanej, wartosc, id_pytania, id_kierunku) VALUES (485,7,34,12)
Hibernate: INSERT INTO wartosc_oczekiwana (id_wartosci_oczekiwanej, wartosc, id_pytania, id_kierunku) VALUES (486,7,35,12)
Hibernate: INSERT INTO wartosc_oczekiwana (id_wartosci_oczekiwanej, wartosc, id_pytania, id_kierunku) VALUES (487,4,36,12)
Hibernate: INSERT INTO wartosc_oczekiwana (id_wartosci_oczekiwanej, wartosc, id_pytania, id_kierunku) VALUES (488,10,37,12)
Hibernate: INSERT INTO wartosc_oczekiwana (id_wartosci_oczekiwanej, wartosc, id_pytania, id_kierunku) VALUES (489,7,38,12)
Hibernate: INSERT INTO wartosc_oczekiwana (id_wartosci_oczekiwanej, wartosc, id_pytania, id_kierunku) VALUES (490,3,39,12)
Hibernate: INSERT INTO wartosc_oczekiwana (id_wartosci_oczekiwanej, wartosc, id_pytania, id_kierunku) VALUES (491,4,40,12)
Hibernate: INSERT INTO wartosc_oczekiwana (id_wartosci_oczekiwanej, wartosc, id_pytania, id_kierunku) VALUES (492,1,41,12)
Hibernate: INSERT INTO wartosc_oczekiwana (id_wartosci_oczekiwanej, wartosc, id_pytania, id_kierunku) VALUES (493,5,1,13)
Hibernate: INSERT INTO wartosc_oczekiwana (id_wartosci_oczekiwanej, wartosc, id_pytania, id_kierunku) VALUES (494,1,2,13)
Hibernate: INSERT INTO wartosc_oczekiwana (id_wartosci_oczekiwanej, wartosc, id_pytania, id_kierunku) VALUES (495,4,3,13)
Hibernate: INSERT INTO wartosc_oczekiwana (id_wartosci_oczekiwanej, wartosc, id_pytania, id_kierunku) VALUES (496,5,4,13)
Hibernate: INSERT INTO wartosc_oczekiwana (id_wartosci_oczekiwanej, wartosc, id_pytania, id_kierunku) VALUES (497,9,5,13)
Hibernate: INSERT INTO wartosc_oczekiwana (id_wartosci_oczekiwanej, wartosc, id_pytania, id_kierunku) VALUES (498,2,6,13)
Hibernate: INSERT INTO wartosc_oczekiwana (id_wartosci_oczekiwanej, wartosc, id_pytania, id_kierunku) VALUES (499,3,7,13)
Hibernate: INSERT INTO wartosc_oczekiwana (id_wartosci_oczekiwanej, wartosc, id_pytania, id_kierunku) VALUES (500,1,8,13)
Hibernate: INSERT INTO wartosc_oczekiwana (id_wartosci_oczekiwanej, wartosc, id_pytania, id_kierunku) VALUES (501,6,9,13)
Hibernate: INSERT INTO wartosc_oczekiwana (id_wartosci_oczekiwanej, wartosc, id_pytania, id_kierunku) VALUES (502,10,10,13)
Hibernate: INSERT INTO wartosc_oczekiwana (id_wartosci_oczekiwanej, wartosc, id_pytania, id_kierunku) VALUES (503,2,11,13)
Hibernate: INSERT INTO wartosc_oczekiwana (id_wartosci_oczekiwanej, wartosc, id_pytania, id_kierunku) VALUES (504,3,12,13)
Hibernate: INSERT INTO wartosc_oczekiwana (id_wartosci_oczekiwanej, wartosc, id_pytania, id_kierunku) VALUES (505,3,13,13)
Hibernate: INSERT INTO wartosc_oczekiwana (id_wartosci_oczekiwanej, wartosc, id_pytania, id_kierunku) VALUES (506,9,14,13)
Hibernate: INSERT INTO wartosc_oczekiwana (id_wartosci_oczekiwanej, wartosc, id_pytania, id_kierunku) VALUES (507,1,15,13)
Hibernate: INSERT INTO wartosc_oczekiwana (id_wartosci_oczekiwanej, wartosc, id_pytania, id_kierunku) VALUES (508,9,16,13)
Hibernate: INSERT INTO wartosc_oczekiwana (id_wartosci_oczekiwanej, wartosc, id_pytania, id_kierunku) VALUES (509,4,17,13)
Hibernate: INSERT INTO wartosc_oczekiwana (id_wartosci_oczekiwanej, wartosc, id_pytania, id_kierunku) VALUES (510,10,18,13)
Hibernate: INSERT INTO wartosc_oczekiwana (id_wartosci_oczekiwanej, wartosc, id_pytania, id_kierunku) VALUES (511,10,19,13)
Hibernate: INSERT INTO wartosc_oczekiwana (id_wartosci_oczekiwanej, wartosc, id_pytania, id_kierunku) VALUES (512,9,20,13)
Hibernate: INSERT INTO wartosc_oczekiwana (id_wartosci_oczekiwanej, wartosc, id_pytania, id_kierunku) VALUES (513,2,21,13)
Hibernate: INSERT INTO wartosc_oczekiwana (id_wartosci_oczekiwanej, wartosc, id_pytania, id_kierunku) VALUES (514,1,22,13)
Hibernate: INSERT INTO wartosc_oczekiwana (id_wartosci_oczekiwanej, wartosc, id_pytania, id_kierunku) VALUES (515,4,23,13)
Hibernate: INSERT INTO wartosc_oczekiwana (id_wartosci_oczekiwanej, wartosc, id_pytania, id_kierunku) VALUES (516,5,24,13)
Hibernate: INSERT INTO wartosc_oczekiwana (id_wartosci_oczekiwanej, wartosc, id_pytania, id_kierunku) VALUES (517,6,25,13)
Hibernate: INSERT INTO wartosc_oczekiwana (id_wartosci_oczekiwanej, wartosc, id_pytania, id_kierunku) VALUES (518,3,26,13)
Hibernate: INSERT INTO wartosc_oczekiwana (id_wartosci_oczekiwanej, wartosc, id_pytania, id_kierunku) VALUES (519,10,27,13)
Hibernate: INSERT INTO wartosc_oczekiwana (id_wartosci_oczekiwanej, wartosc, id_pytania, id_kierunku) VALUES (520,9,28,13)
Hibernate: INSERT INTO wartosc_oczekiwana (id_wartosci_oczekiwanej, wartosc, id_pytania, id_kierunku) VALUES (521,8,29,13)
Hibernate: INSERT INTO wartosc_oczekiwana (id_wartosci_oczekiwanej, wartosc, id_pytania, id_kierunku) VALUES (522,6,30,13)
Hibernate: INSERT INTO wartosc_oczekiwana (id_wartosci_oczekiwanej, wartosc, id_pytania, id_kierunku) VALUES (523,5,31,13)
Hibernate: INSERT INTO wartosc_oczekiwana (id_wartosci_oczekiwanej, wartosc, id_pytania, id_kierunku) VALUES (524,2,32,13)
Hibernate: INSERT INTO wartosc_oczekiwana (id_wartosci_oczekiwanej, wartosc, id_pytania, id_kierunku) VALUES (525,7,33,13)
Hibernate: INSERT INTO wartosc_oczekiwana (id_wartosci_oczekiwanej, wartosc, id_pytania, id_kierunku) VALUES (526,4,34,13)
Hibernate: INSERT INTO wartosc_oczekiwana (id_wartosci_oczekiwanej, wartosc, id_pytania, id_kierunku) VALUES (527,10,35,13)
Hibernate: INSERT INTO wartosc_oczekiwana (id_wartosci_oczekiwanej, wartosc, id_pytania, id_kierunku) VALUES (528,1,36,13)
Hibernate: INSERT INTO wartosc_oczekiwana (id_wartosci_oczekiwanej, wartosc, id_pytania, id_kierunku) VALUES (529,4,37,13)
Hibernate: INSERT INTO wartosc_oczekiwana (id_wartosci_oczekiwanej, wartosc, id_pytania, id_kierunku) VALUES (530,3,38,13)
Hibernate: INSERT INTO wartosc_oczekiwana (id_wartosci_oczekiwanej, wartosc, id_pytania, id_kierunku) VALUES (531,4,39,13)
Hibernate: INSERT INTO wartosc_oczekiwana (id_wartosci_oczekiwanej, wartosc, id_pytania, id_kierunku) VALUES (532,9,40,13)
Hibernate: INSERT INTO wartosc_oczekiwana (id_wartosci_oczekiwanej, wartosc, id_pytania, id_kierunku) VALUES (533,9,41,13)
Hibernate: INSERT INTO wartosc_oczekiwana (id_wartosci_oczekiwanej, wartosc, id_pytania, id_kierunku) VALUES (534,6,1,14)
Hibernate: INSERT INTO wartosc_oczekiwana (id_wartosci_oczekiwanej, wartosc, id_pytania, id_kierunku) VALUES (535,9,2,14)
Hibernate: INSERT INTO wartosc_oczekiwana (id_wartosci_oczekiwanej, wartosc, id_pytania, id_kierunku) VALUES (536,2,3,14)
Hibernate: INSERT INTO wartosc_oczekiwana (id_wartosci_oczekiwanej, wartosc, id_pytania, id_kierunku) VALUES (537,8,4,14)
Hibernate: INSERT INTO wartosc_oczekiwana (id_wartosci_oczekiwanej, wartosc, id_pytania, id_kierunku) VALUES (538,2,5,14)
Hibernate: INSERT INTO wartosc_oczekiwana (id_wartosci_oczekiwanej, wartosc, id_pytania, id_kierunku) VALUES (539,5,6,14)
Hibernate: INSERT INTO wartosc_oczekiwana (id_wartosci_oczekiwanej, wartosc, id_pytania, id_kierunku) VALUES (540,7,7,14)
Hibernate: INSERT INTO wartosc_oczekiwana (id_wartosci_oczekiwanej, wartosc, id_pytania, id_kierunku) VALUES (541,4,8,14)
Hibernate: INSERT INTO wartosc_oczekiwana (id_wartosci_oczekiwanej, wartosc, id_pytania, id_kierunku) VALUES (542,6,9,14)
Hibernate: INSERT INTO wartosc_oczekiwana (id_wartosci_oczekiwanej, wartosc, id_pytania, id_kierunku) VALUES (543,7,10,14)
Hibernate: INSERT INTO wartosc_oczekiwana (id_wartosci_oczekiwanej, wartosc, id_pytania, id_kierunku) VALUES (544,6,11,14)
Hibernate: INSERT INTO wartosc_oczekiwana (id_wartosci_oczekiwanej, wartosc, id_pytania, id_kierunku) VALUES (545,7,12,14)
Hibernate: INSERT INTO wartosc_oczekiwana (id_wartosci_oczekiwanej, wartosc, id_pytania, id_kierunku) VALUES (546,8,13,14)
Hibernate: INSERT INTO wartosc_oczekiwana (id_wartosci_oczekiwanej, wartosc, id_pytania, id_kierunku) VALUES (547,8,14,14)
Hibernate: INSERT INTO wartosc_oczekiwana (id_wartosci_oczekiwanej, wartosc, id_pytania, id_kierunku) VALUES (548,1,15,14)
Hibernate: INSERT INTO wartosc_oczekiwana (id_wartosci_oczekiwanej, wartosc, id_pytania, id_kierunku) VALUES (549,2,16,14)
Hibernate: INSERT INTO wartosc_oczekiwana (id_wartosci_oczekiwanej, wartosc, id_pytania, id_kierunku) VALUES (550,7,17,14)
Hibernate: INSERT INTO wartosc_oczekiwana (id_wartosci_oczekiwanej, wartosc, id_pytania, id_kierunku) VALUES (551,1,18,14)
Hibernate: INSERT INTO wartosc_oczekiwana (id_wartosci_oczekiwanej, wartosc, id_pytania, id_kierunku) VALUES (552,6,19,14)
Hibernate: INSERT INTO wartosc_oczekiwana (id_wartosci_oczekiwanej, wartosc, id_pytania, id_kierunku) VALUES (553,8,20,14)
Hibernate: INSERT INTO wartosc_oczekiwana (id_wartosci_oczekiwanej, wartosc, id_pytania, id_kierunku) VALUES (554,6,21,14)
Hibernate: INSERT INTO wartosc_oczekiwana (id_wartosci_oczekiwanej, wartosc, id_pytania, id_kierunku) VALUES (555,4,22,14)
Hibernate: INSERT INTO wartosc_oczekiwana (id_wartosci_oczekiwanej, wartosc, id_pytania, id_kierunku) VALUES (556,6,23,14)
Hibernate: INSERT INTO wartosc_oczekiwana (id_wartosci_oczekiwanej, wartosc, id_pytania, id_kierunku) VALUES (557,10,24,14)
Hibernate: INSERT INTO wartosc_oczekiwana (id_wartosci_oczekiwanej, wartosc, id_pytania, id_kierunku) VALUES (558,7,25,14)
Hibernate: INSERT INTO wartosc_oczekiwana (id_wartosci_oczekiwanej, wartosc, id_pytania, id_kierunku) VALUES (559,3,26,14)
Hibernate: INSERT INTO wartosc_oczekiwana (id_wartosci_oczekiwanej, wartosc, id_pytania, id_kierunku) VALUES (560,8,27,14)
Hibernate: INSERT INTO wartosc_oczekiwana (id_wartosci_oczekiwanej, wartosc, id_pytania, id_kierunku) VALUES (561,7,28,14)
Hibernate: INSERT INTO wartosc_oczekiwana (id_wartosci_oczekiwanej, wartosc, id_pytania, id_kierunku) VALUES (562,7,29,14)
Hibernate: INSERT INTO wartosc_oczekiwana (id_wartosci_oczekiwanej, wartosc, id_pytania, id_kierunku) VALUES (563,2,30,14)
Hibernate: INSERT INTO wartosc_oczekiwana (id_wartosci_oczekiwanej, wartosc, id_pytania, id_kierunku) VALUES (564,10,31,14)
Hibernate: INSERT INTO wartosc_oczekiwana (id_wartosci_oczekiwanej, wartosc, id_pytania, id_kierunku) VALUES (565,6,32,14)
Hibernate: INSERT INTO wartosc_oczekiwana (id_wartosci_oczekiwanej, wartosc, id_pytania, id_kierunku) VALUES (566,5,33,14)
Hibernate: INSERT INTO wartosc_oczekiwana (id_wartosci_oczekiwanej, wartosc, id_pytania, id_kierunku) VALUES (567,7,34,14)
Hibernate: INSERT INTO wartosc_oczekiwana (id_wartosci_oczekiwanej, wartosc, id_pytania, id_kierunku) VALUES (568,4,35,14)
Hibernate: INSERT INTO wartosc_oczekiwana (id_wartosci_oczekiwanej, wartosc, id_pytania, id_kierunku) VALUES (569,6,36,14)
Hibernate: INSERT INTO wartosc_oczekiwana (id_wartosci_oczekiwanej, wartosc, id_pytania, id_kierunku) VALUES (570,4,37,14)
Hibernate: INSERT INTO wartosc_oczekiwana (id_wartosci_oczekiwanej, wartosc, id_pytania, id_kierunku) VALUES (571,6,38,14)
Hibernate: INSERT INTO wartosc_oczekiwana (id_wartosci_oczekiwanej, wartosc, id_pytania, id_kierunku) VALUES (572,5,39,14)
Hibernate: INSERT INTO wartosc_oczekiwana (id_wartosci_oczekiwanej, wartosc, id_pytania, id_kierunku) VALUES (573,10,40,14)
Hibernate: INSERT INTO wartosc_oczekiwana (id_wartosci_oczekiwanej, wartosc, id_pytania, id_kierunku) VALUES (574,9,41,14)
Hibernate: INSERT INTO wartosc_oczekiwana (id_wartosci_oczekiwanej, wartosc, id_pytania, id_kierunku) VALUES (575,5,1,15)
Hibernate: INSERT INTO wartosc_oczekiwana (id_wartosci_oczekiwanej, wartosc, id_pytania, id_kierunku) VALUES (576,6,2,15)
Hibernate: INSERT INTO wartosc_oczekiwana (id_wartosci_oczekiwanej, wartosc, id_pytania, id_kierunku) VALUES (577,4,3,15)
Hibernate: INSERT INTO wartosc_oczekiwana (id_wartosci_oczekiwanej, wartosc, id_pytania, id_kierunku) VALUES (578,4,4,15)
Hibernate: INSERT INTO wartosc_oczekiwana (id_wartosci_oczekiwanej, wartosc, id_pytania, id_kierunku) VALUES (579,2,5,15)
Hibernate: INSERT INTO wartosc_oczekiwana (id_wartosci_oczekiwanej, wartosc, id_pytania, id_kierunku) VALUES (580,1,6,15)
Hibernate: INSERT INTO wartosc_oczekiwana (id_wartosci_oczekiwanej, wartosc, id_pytania, id_kierunku) VALUES (581,9,7,15)
Hibernate: INSERT INTO wartosc_oczekiwana (id_wartosci_oczekiwanej, wartosc, id_pytania, id_kierunku) VALUES (582,2,8,15)
Hibernate: INSERT INTO wartosc_oczekiwana (id_wartosci_oczekiwanej, wartosc, id_pytania, id_kierunku) VALUES (583,6,9,15)
Hibernate: INSERT INTO wartosc_oczekiwana (id_wartosci_oczekiwanej, wartosc, id_pytania, id_kierunku) VALUES (584,5,10,15)
Hibernate: INSERT INTO wartosc_oczekiwana (id_wartosci_oczekiwanej, wartosc, id_pytania, id_kierunku) VALUES (585,1,11,15)
Hibernate: INSERT INTO wartosc_oczekiwana (id_wartosci_oczekiwanej, wartosc, id_pytania, id_kierunku) VALUES (586,10,12,15)
Hibernate: INSERT INTO wartosc_oczekiwana (id_wartosci_oczekiwanej, wartosc, id_pytania, id_kierunku) VALUES (587,3,13,15)
Hibernate: INSERT INTO wartosc_oczekiwana (id_wartosci_oczekiwanej, wartosc, id_pytania, id_kierunku) VALUES (588,8,14,15)
Hibernate: INSERT INTO wartosc_oczekiwana (id_wartosci_oczekiwanej, wartosc, id_pytania, id_kierunku) VALUES (589,10,15,15)
Hibernate: INSERT INTO wartosc_oczekiwana (id_wartosci_oczekiwanej, wartosc, id_pytania, id_kierunku) VALUES (590,3,16,15)
Hibernate: INSERT INTO wartosc_oczekiwana (id_wartosci_oczekiwanej, wartosc, id_pytania, id_kierunku) VALUES (591,5,17,15)
Hibernate: INSERT INTO wartosc_oczekiwana (id_wartosci_oczekiwanej, wartosc, id_pytania, id_kierunku) VALUES (592,8,18,15)
Hibernate: INSERT INTO wartosc_oczekiwana (id_wartosci_oczekiwanej, wartosc, id_pytania, id_kierunku) VALUES (593,6,19,15)
Hibernate: INSERT INTO wartosc_oczekiwana (id_wartosci_oczekiwanej, wartosc, id_pytania, id_kierunku) VALUES (594,2,20,15)
Hibernate: INSERT INTO wartosc_oczekiwana (id_wartosci_oczekiwanej, wartosc, id_pytania, id_kierunku) VALUES (595,7,21,15)
Hibernate: INSERT INTO wartosc_oczekiwana (id_wartosci_oczekiwanej, wartosc, id_pytania, id_kierunku) VALUES (596,1,22,15)
Hibernate: INSERT INTO wartosc_oczekiwana (id_wartosci_oczekiwanej, wartosc, id_pytania, id_kierunku) VALUES (597,1,23,15)
Hibernate: INSERT INTO wartosc_oczekiwana (id_wartosci_oczekiwanej, wartosc, id_pytania, id_kierunku) VALUES (598,1,24,15)
Hibernate: INSERT INTO wartosc_oczekiwana (id_wartosci_oczekiwanej, wartosc, id_pytania, id_kierunku) VALUES (599,4,25,15)
Hibernate: INSERT INTO wartosc_oczekiwana (id_wartosci_oczekiwanej, wartosc, id_pytania, id_kierunku) VALUES (600,4,26,15)
Hibernate: INSERT INTO wartosc_oczekiwana (id_wartosci_oczekiwanej, wartosc, id_pytania, id_kierunku) VALUES (601,10,27,15)
Hibernate: INSERT INTO wartosc_oczekiwana (id_wartosci_oczekiwanej, wartosc, id_pytania, id_kierunku) VALUES (602,5,28,15)
Hibernate: INSERT INTO wartosc_oczekiwana (id_wartosci_oczekiwanej, wartosc, id_pytania, id_kierunku) VALUES (603,1,29,15)
Hibernate: INSERT INTO wartosc_oczekiwana (id_wartosci_oczekiwanej, wartosc, id_pytania, id_kierunku) VALUES (604,9,30,15)
Hibernate: INSERT INTO wartosc_oczekiwana (id_wartosci_oczekiwanej, wartosc, id_pytania, id_kierunku) VALUES (605,4,31,15)
Hibernate: INSERT INTO wartosc_oczekiwana (id_wartosci_oczekiwanej, wartosc, id_pytania, id_kierunku) VALUES (606,4,32,15)
Hibernate: INSERT INTO wartosc_oczekiwana (id_wartosci_oczekiwanej, wartosc, id_pytania, id_kierunku) VALUES (607,7,33,15)
Hibernate: INSERT INTO wartosc_oczekiwana (id_wartosci_oczekiwanej, wartosc, id_pytania, id_kierunku) VALUES (608,1,34,15)
Hibernate: INSERT INTO wartosc_oczekiwana (id_wartosci_oczekiwanej, wartosc, id_pytania, id_kierunku) VALUES (609,1,35,15)
Hibernate: INSERT INTO wartosc_oczekiwana (id_wartosci_oczekiwanej, wartosc, id_pytania, id_kierunku) VALUES (610,3,36,15)
Hibernate: INSERT INTO wartosc_oczekiwana (id_wartosci_oczekiwanej, wartosc, id_pytania, id_kierunku) VALUES (611,1,37,15)
Hibernate: INSERT INTO wartosc_oczekiwana (id_wartosci_oczekiwanej, wartosc, id_pytania, id_kierunku) VALUES (612,7,38,15)
Hibernate: INSERT INTO wartosc_oczekiwana (id_wartosci_oczekiwanej, wartosc, id_pytania, id_kierunku) VALUES (613,5,39,15)
Hibernate: INSERT INTO wartosc_oczekiwana (id_wartosci_oczekiwanej, wartosc, id_pytania, id_kierunku) VALUES (614,10,40,15)
Hibernate: INSERT INTO wartosc_oczekiwana (id_wartosci_oczekiwanej, wartosc, id_pytania, id_kierunku) VALUES (615,10,41,15)
Hibernate: INSERT INTO wartosc_oczekiwana (id_wartosci_oczekiwanej, wartosc, id_pytania, id_kierunku) VALUES (616,5,1,16)
Hibernate: INSERT INTO wartosc_oczekiwana (id_wartosci_oczekiwanej, wartosc, id_pytania, id_kierunku) VALUES (617,2,2,16)
Hibernate: INSERT INTO wartosc_oczekiwana (id_wartosci_oczekiwanej, wartosc, id_pytania, id_kierunku) VALUES (618,4,3,16)
Hibernate: INSERT INTO wartosc_oczekiwana (id_wartosci_oczekiwanej, wartosc, id_pytania, id_kierunku) VALUES (619,5,4,16)
Hibernate: INSERT INTO wartosc_oczekiwana (id_wartosci_oczekiwanej, wartosc, id_pytania, id_kierunku) VALUES (620,8,5,16)
Hibernate: INSERT INTO wartosc_oczekiwana (id_wartosci_oczekiwanej, wartosc, id_pytania, id_kierunku) VALUES (621,3,6,16)
Hibernate: INSERT INTO wartosc_oczekiwana (id_wartosci_oczekiwanej, wartosc, id_pytania, id_kierunku) VALUES (622,2,7,16)
Hibernate: INSERT INTO wartosc_oczekiwana (id_wartosci_oczekiwanej, wartosc, id_pytania, id_kierunku) VALUES (623,2,8,16)
Hibernate: INSERT INTO wartosc_oczekiwana (id_wartosci_oczekiwanej, wartosc, id_pytania, id_kierunku) VALUES (624,8,9,16)
Hibernate: INSERT INTO wartosc_oczekiwana (id_wartosci_oczekiwanej, wartosc, id_pytania, id_kierunku) VALUES (625,9,10,16)
Hibernate: INSERT INTO wartosc_oczekiwana (id_wartosci_oczekiwanej, wartosc, id_pytania, id_kierunku) VALUES (626,7,11,16)
Hibernate: INSERT INTO wartosc_oczekiwana (id_wartosci_oczekiwanej, wartosc, id_pytania, id_kierunku) VALUES (627,10,12,16)
Hibernate: INSERT INTO wartosc_oczekiwana (id_wartosci_oczekiwanej, wartosc, id_pytania, id_kierunku) VALUES (628,2,13,16)
Hibernate: INSERT INTO wartosc_oczekiwana (id_wartosci_oczekiwanej, wartosc, id_pytania, id_kierunku) VALUES (629,4,14,16)
Hibernate: INSERT INTO wartosc_oczekiwana (id_wartosci_oczekiwanej, wartosc, id_pytania, id_kierunku) VALUES (630,9,15,16)
Hibernate: INSERT INTO wartosc_oczekiwana (id_wartosci_oczekiwanej, wartosc, id_pytania, id_kierunku) VALUES (631,7,16,16)
Hibernate: INSERT INTO wartosc_oczekiwana (id_wartosci_oczekiwanej, wartosc, id_pytania, id_kierunku) VALUES (632,7,17,16)
Hibernate: INSERT INTO wartosc_oczekiwana (id_wartosci_oczekiwanej, wartosc, id_pytania, id_kierunku) VALUES (633,10,18,16)
Hibernate: INSERT INTO wartosc_oczekiwana (id_wartosci_oczekiwanej, wartosc, id_pytania, id_kierunku) VALUES (634,8,19,16)
Hibernate: INSERT INTO wartosc_oczekiwana (id_wartosci_oczekiwanej, wartosc, id_pytania, id_kierunku) VALUES (635,7,20,16)
Hibernate: INSERT INTO wartosc_oczekiwana (id_wartosci_oczekiwanej, wartosc, id_pytania, id_kierunku) VALUES (636,2,21,16)
Hibernate: INSERT INTO wartosc_oczekiwana (id_wartosci_oczekiwanej, wartosc, id_pytania, id_kierunku) VALUES (637,6,22,16)
Hibernate: INSERT INTO wartosc_oczekiwana (id_wartosci_oczekiwanej, wartosc, id_pytania, id_kierunku) VALUES (638,3,23,16)
Hibernate: INSERT INTO wartosc_oczekiwana (id_wartosci_oczekiwanej, wartosc, id_pytania, id_kierunku) VALUES (639,2,24,16)
Hibernate: INSERT INTO wartosc_oczekiwana (id_wartosci_oczekiwanej, wartosc, id_pytania, id_kierunku) VALUES (640,3,25,16)
Hibernate: INSERT INTO wartosc_oczekiwana (id_wartosci_oczekiwanej, wartosc, id_pytania, id_kierunku) VALUES (641,4,26,16)
Hibernate: INSERT INTO wartosc_oczekiwana (id_wartosci_oczekiwanej, wartosc, id_pytania, id_kierunku) VALUES (642,4,27,16)
Hibernate: INSERT INTO wartosc_oczekiwana (id_wartosci_oczekiwanej, wartosc, id_pytania, id_kierunku) VALUES (643,10,28,16)
Hibernate: INSERT INTO wartosc_oczekiwana (id_wartosci_oczekiwanej, wartosc, id_pytania, id_kierunku) VALUES (644,5,29,16)
Hibernate: INSERT INTO wartosc_oczekiwana (id_wartosci_oczekiwanej, wartosc, id_pytania, id_kierunku) VALUES (645,10,30,16)
Hibernate: INSERT INTO wartosc_oczekiwana (id_wartosci_oczekiwanej, wartosc, id_pytania, id_kierunku) VALUES (646,3,31,16)
Hibernate: INSERT INTO wartosc_oczekiwana (id_wartosci_oczekiwanej, wartosc, id_pytania, id_kierunku) VALUES (647,8,32,16)
Hibernate: INSERT INTO wartosc_oczekiwana (id_wartosci_oczekiwanej, wartosc, id_pytania, id_kierunku) VALUES (648,7,33,16)
Hibernate: INSERT INTO wartosc_oczekiwana (id_wartosci_oczekiwanej, wartosc, id_pytania, id_kierunku) VALUES (649,7,34,16)
Hibernate: INSERT INTO wartosc_oczekiwana (id_wartosci_oczekiwanej, wartosc, id_pytania, id_kierunku) VALUES (650,4,35,16)
Hibernate: INSERT INTO wartosc_oczekiwana (id_wartosci_oczekiwanej, wartosc, id_pytania, id_kierunku) VALUES (651,8,36,16)
Hibernate: INSERT INTO wartosc_oczekiwana (id_wartosci_oczekiwanej, wartosc, id_pytania, id_kierunku) VALUES (652,3,37,16)
Hibernate: INSERT INTO wartosc_oczekiwana (id_wartosci_oczekiwanej, wartosc, id_pytania, id_kierunku) VALUES (653,10,38,16)
Hibernate: INSERT INTO wartosc_oczekiwana (id_wartosci_oczekiwanej, wartosc, id_pytania, id_kierunku) VALUES (654,4,39,16)
Hibernate: INSERT INTO wartosc_oczekiwana (id_wartosci_oczekiwanej, wartosc, id_pytania, id_kierunku) VALUES (655,10,40,16)
Hibernate: INSERT INTO wartosc_oczekiwana (id_wartosci_oczekiwanej, wartosc, id_pytania, id_kierunku) VALUES (656,5,41,16)
Hibernate: INSERT INTO wartosc_oczekiwana (id_wartosci_oczekiwanej, wartosc, id_pytania, id_kierunku) VALUES (657,10,1,17)
Hibernate: INSERT INTO wartosc_oczekiwana (id_wartosci_oczekiwanej, wartosc, id_pytania, id_kierunku) VALUES (658,8,2,17)
Hibernate: INSERT INTO wartosc_oczekiwana (id_wartosci_oczekiwanej, wartosc, id_pytania, id_kierunku) VALUES (659,2,3,17)
Hibernate: INSERT INTO wartosc_oczekiwana (id_wartosci_oczekiwanej, wartosc, id_pytania, id_kierunku) VALUES (660,2,4,17)
Hibernate: INSERT INTO wartosc_oczekiwana (id_wartosci_oczekiwanej, wartosc, id_pytania, id_kierunku) VALUES (661,4,5,17)
Hibernate: INSERT INTO wartosc_oczekiwana (id_wartosci_oczekiwanej, wartosc, id_pytania, id_kierunku) VALUES (662,5,6,17)
Hibernate: INSERT INTO wartosc_oczekiwana (id_wartosci_oczekiwanej, wartosc, id_pytania, id_kierunku) VALUES (663,8,7,17)
Hibernate: INSERT INTO wartosc_oczekiwana (id_wartosci_oczekiwanej, wartosc, id_pytania, id_kierunku) VALUES (664,1,8,17)
Hibernate: INSERT INTO wartosc_oczekiwana (id_wartosci_oczekiwanej, wartosc, id_pytania, id_kierunku) VALUES (665,4,9,17)
Hibernate: INSERT INTO wartosc_oczekiwana (id_wartosci_oczekiwanej, wartosc, id_pytania, id_kierunku) VALUES (666,4,10,17)
Hibernate: INSERT INTO wartosc_oczekiwana (id_wartosci_oczekiwanej, wartosc, id_pytania, id_kierunku) VALUES (667,4,11,17)
Hibernate: INSERT INTO wartosc_oczekiwana (id_wartosci_oczekiwanej, wartosc, id_pytania, id_kierunku) VALUES (668,8,12,17)
Hibernate: INSERT INTO wartosc_oczekiwana (id_wartosci_oczekiwanej, wartosc, id_pytania, id_kierunku) VALUES (669,6,13,17)
Hibernate: INSERT INTO wartosc_oczekiwana (id_wartosci_oczekiwanej, wartosc, id_pytania, id_kierunku) VALUES (670,8,14,17)
Hibernate: INSERT INTO wartosc_oczekiwana (id_wartosci_oczekiwanej, wartosc, id_pytania, id_kierunku) VALUES (671,9,15,17)
Hibernate: INSERT INTO wartosc_oczekiwana (id_wartosci_oczekiwanej, wartosc, id_pytania, id_kierunku) VALUES (672,5,16,17)
Hibernate: INSERT INTO wartosc_oczekiwana (id_wartosci_oczekiwanej, wartosc, id_pytania, id_kierunku) VALUES (673,3,17,17)
Hibernate: INSERT INTO wartosc_oczekiwana (id_wartosci_oczekiwanej, wartosc, id_pytania, id_kierunku) VALUES (674,1,18,17)
Hibernate: INSERT INTO wartosc_oczekiwana (id_wartosci_oczekiwanej, wartosc, id_pytania, id_kierunku) VALUES (675,6,19,17)
Hibernate: INSERT INTO wartosc_oczekiwana (id_wartosci_oczekiwanej, wartosc, id_pytania, id_kierunku) VALUES (676,6,20,17)
Hibernate: INSERT INTO wartosc_oczekiwana (id_wartosci_oczekiwanej, wartosc, id_pytania, id_kierunku) VALUES (677,5,21,17)
Hibernate: INSERT INTO wartosc_oczekiwana (id_wartosci_oczekiwanej, wartosc, id_pytania, id_kierunku) VALUES (678,5,22,17)
Hibernate: INSERT INTO wartosc_oczekiwana (id_wartosci_oczekiwanej, wartosc, id_pytania, id_kierunku) VALUES (679,6,23,17)
Hibernate: INSERT INTO wartosc_oczekiwana (id_wartosci_oczekiwanej, wartosc, id_pytania, id_kierunku) VALUES (680,1,24,17)
Hibernate: INSERT INTO wartosc_oczekiwana (id_wartosci_oczekiwanej, wartosc, id_pytania, id_kierunku) VALUES (681,4,25,17)
Hibernate: INSERT INTO wartosc_oczekiwana (id_wartosci_oczekiwanej, wartosc, id_pytania, id_kierunku) VALUES (682,9,26,17)
Hibernate: INSERT INTO wartosc_oczekiwana (id_wartosci_oczekiwanej, wartosc, id_pytania, id_kierunku) VALUES (683,8,27,17)
Hibernate: INSERT INTO wartosc_oczekiwana (id_wartosci_oczekiwanej, wartosc, id_pytania, id_kierunku) VALUES (684,4,28,17)
Hibernate: INSERT INTO wartosc_oczekiwana (id_wartosci_oczekiwanej, wartosc, id_pytania, id_kierunku) VALUES (685,7,29,17)
Hibernate: INSERT INTO wartosc_oczekiwana (id_wartosci_oczekiwanej, wartosc, id_pytania, id_kierunku) VALUES (686,7,30,17)
Hibernate: INSERT INTO wartosc_oczekiwana (id_wartosci_oczekiwanej, wartosc, id_pytania, id_kierunku) VALUES (687,6,31,17)
Hibernate: INSERT INTO wartosc_oczekiwana (id_wartosci_oczekiwanej, wartosc, id_pytania, id_kierunku) VALUES (688,1,32,17)
Hibernate: INSERT INTO wartosc_oczekiwana (id_wartosci_oczekiwanej, wartosc, id_pytania, id_kierunku) VALUES (689,9,33,17)
Hibernate: INSERT INTO wartosc_oczekiwana (id_wartosci_oczekiwanej, wartosc, id_pytania, id_kierunku) VALUES (690,1,34,17)
Hibernate: INSERT INTO wartosc_oczekiwana (id_wartosci_oczekiwanej, wartosc, id_pytania, id_kierunku) VALUES (691,2,35,17)
Hibernate: INSERT INTO wartosc_oczekiwana (id_wartosci_oczekiwanej, wartosc, id_pytania, id_kierunku) VALUES (692,9,36,17)
Hibernate: INSERT INTO wartosc_oczekiwana (id_wartosci_oczekiwanej, wartosc, id_pytania, id_kierunku) VALUES (693,3,37,17)
Hibernate: INSERT INTO wartosc_oczekiwana (id_wartosci_oczekiwanej, wartosc, id_pytania, id_kierunku) VALUES (694,3,38,17)
Hibernate: INSERT INTO wartosc_oczekiwana (id_wartosci_oczekiwanej, wartosc, id_pytania, id_kierunku) VALUES (695,1,39,17)
Hibernate: INSERT INTO wartosc_oczekiwana (id_wartosci_oczekiwanej, wartosc, id_pytania, id_kierunku) VALUES (696,2,40,17)
Hibernate: INSERT INTO wartosc_oczekiwana (id_wartosci_oczekiwanej, wartosc, id_pytania, id_kierunku) VALUES (697,2,41,17)
Hibernate: INSERT INTO wartosc_oczekiwana (id_wartosci_oczekiwanej, wartosc, id_pytania, id_kierunku) VALUES (698,9,1,18)
Hibernate: INSERT INTO wartosc_oczekiwana (id_wartosci_oczekiwanej, wartosc, id_pytania, id_kierunku) VALUES (699,3,2,18)
Hibernate: INSERT INTO wartosc_oczekiwana (id_wartosci_oczekiwanej, wartosc, id_pytania, id_kierunku) VALUES (700,6,3,18)
Hibernate: INSERT INTO wartosc_oczekiwana (id_wartosci_oczekiwanej, wartosc, id_pytania, id_kierunku) VALUES (701,5,4,18)
Hibernate: INSERT INTO wartosc_oczekiwana (id_wartosci_oczekiwanej, wartosc, id_pytania, id_kierunku) VALUES (702,2,5,18)
Hibernate: INSERT INTO wartosc_oczekiwana (id_wartosci_oczekiwanej, wartosc, id_pytania, id_kierunku) VALUES (703,9,6,18)
Hibernate: INSERT INTO wartosc_oczekiwana (id_wartosci_oczekiwanej, wartosc, id_pytania, id_kierunku) VALUES (704,4,7,18)
Hibernate: INSERT INTO wartosc_oczekiwana (id_wartosci_oczekiwanej, wartosc, id_pytania, id_kierunku) VALUES (705,10,8,18)
Hibernate: INSERT INTO wartosc_oczekiwana (id_wartosci_oczekiwanej, wartosc, id_pytania, id_kierunku) VALUES (706,10,9,18)
Hibernate: INSERT INTO wartosc_oczekiwana (id_wartosci_oczekiwanej, wartosc, id_pytania, id_kierunku) VALUES (707,10,10,18)
Hibernate: INSERT INTO wartosc_oczekiwana (id_wartosci_oczekiwanej, wartosc, id_pytania, id_kierunku) VALUES (708,7,11,18)
Hibernate: INSERT INTO wartosc_oczekiwana (id_wartosci_oczekiwanej, wartosc, id_pytania, id_kierunku) VALUES (709,8,12,18)
Hibernate: INSERT INTO wartosc_oczekiwana (id_wartosci_oczekiwanej, wartosc, id_pytania, id_kierunku) VALUES (710,7,13,18)
Hibernate: INSERT INTO wartosc_oczekiwana (id_wartosci_oczekiwanej, wartosc, id_pytania, id_kierunku) VALUES (711,7,14,18)
Hibernate: INSERT INTO wartosc_oczekiwana (id_wartosci_oczekiwanej, wartosc, id_pytania, id_kierunku) VALUES (712,8,15,18)
Hibernate: INSERT INTO wartosc_oczekiwana (id_wartosci_oczekiwanej, wartosc, id_pytania, id_kierunku) VALUES (713,1,16,18)
Hibernate: INSERT INTO wartosc_oczekiwana (id_wartosci_oczekiwanej, wartosc, id_pytania, id_kierunku) VALUES (714,5,17,18)
Hibernate: INSERT INTO wartosc_oczekiwana (id_wartosci_oczekiwanej, wartosc, id_pytania, id_kierunku) VALUES (715,1,18,18)
Hibernate: INSERT INTO wartosc_oczekiwana (id_wartosci_oczekiwanej, wartosc, id_pytania, id_kierunku) VALUES (716,2,19,18)
Hibernate: INSERT INTO wartosc_oczekiwana (id_wartosci_oczekiwanej, wartosc, id_pytania, id_kierunku) VALUES (717,1,20,18)
Hibernate: INSERT INTO wartosc_oczekiwana (id_wartosci_oczekiwanej, wartosc, id_pytania, id_kierunku) VALUES (718,2,21,18)
Hibernate: INSERT INTO wartosc_oczekiwana (id_wartosci_oczekiwanej, wartosc, id_pytania, id_kierunku) VALUES (719,3,22,18)
Hibernate: INSERT INTO wartosc_oczekiwana (id_wartosci_oczekiwanej, wartosc, id_pytania, id_kierunku) VALUES (720,1,23,18)
Hibernate: INSERT INTO wartosc_oczekiwana (id_wartosci_oczekiwanej, wartosc, id_pytania, id_kierunku) VALUES (721,5,24,18)
Hibernate: INSERT INTO wartosc_oczekiwana (id_wartosci_oczekiwanej, wartosc, id_pytania, id_kierunku) VALUES (722,2,25,18)
Hibernate: INSERT INTO wartosc_oczekiwana (id_wartosci_oczekiwanej, wartosc, id_pytania, id_kierunku) VALUES (723,7,26,18)
Hibernate: INSERT INTO wartosc_oczekiwana (id_wartosci_oczekiwanej, wartosc, id_pytania, id_kierunku) VALUES (724,4,27,18)
Hibernate: INSERT INTO wartosc_oczekiwana (id_wartosci_oczekiwanej, wartosc, id_pytania, id_kierunku) VALUES (725,2,28,18)
Hibernate: INSERT INTO wartosc_oczekiwana (id_wartosci_oczekiwanej, wartosc, id_pytania, id_kierunku) VALUES (726,9,29,18)
Hibernate: INSERT INTO wartosc_oczekiwana (id_wartosci_oczekiwanej, wartosc, id_pytania, id_kierunku) VALUES (727,10,30,18)
Hibernate: INSERT INTO wartosc_oczekiwana (id_wartosci_oczekiwanej, wartosc, id_pytania, id_kierunku) VALUES (728,3,31,18)
Hibernate: INSERT INTO wartosc_oczekiwana (id_wartosci_oczekiwanej, wartosc, id_pytania, id_kierunku) VALUES (729,8,32,18)
Hibernate: INSERT INTO wartosc_oczekiwana (id_wartosci_oczekiwanej, wartosc, id_pytania, id_kierunku) VALUES (730,3,33,18)
Hibernate: INSERT INTO wartosc_oczekiwana (id_wartosci_oczekiwanej, wartosc, id_pytania, id_kierunku) VALUES (731,9,34,18)
Hibernate: INSERT INTO wartosc_oczekiwana (id_wartosci_oczekiwanej, wartosc, id_pytania, id_kierunku) VALUES (732,3,35,18)
Hibernate: INSERT INTO wartosc_oczekiwana (id_wartosci_oczekiwanej, wartosc, id_pytania, id_kierunku) VALUES (733,1,36,18)
Hibernate: INSERT INTO wartosc_oczekiwana (id_wartosci_oczekiwanej, wartosc, id_pytania, id_kierunku) VALUES (734,9,37,18)
Hibernate: INSERT INTO wartosc_oczekiwana (id_wartosci_oczekiwanej, wartosc, id_pytania, id_kierunku) VALUES (735,1,38,18)
Hibernate: INSERT INTO wartosc_oczekiwana (id_wartosci_oczekiwanej, wartosc, id_pytania, id_kierunku) VALUES (736,6,39,18)
Hibernate: INSERT INTO wartosc_oczekiwana (id_wartosci_oczekiwanej, wartosc, id_pytania, id_kierunku) VALUES (737,8,40,18)
Hibernate: INSERT INTO wartosc_oczekiwana (id_wartosci_oczekiwanej, wartosc, id_pytania, id_kierunku) VALUES (738,8,41,18)
Hibernate: INSERT INTO wartosc_oczekiwana (id_wartosci_oczekiwanej, wartosc, id_pytania, id_kierunku) VALUES (739,7,1,19)
Hibernate: INSERT INTO wartosc_oczekiwana (id_wartosci_oczekiwanej, wartosc, id_pytania, id_kierunku) VALUES (740,8,2,19)
Hibernate: INSERT INTO wartosc_oczekiwana (id_wartosci_oczekiwanej, wartosc, id_pytania, id_kierunku) VALUES (741,1,3,19)
Hibernate: INSERT INTO wartosc_oczekiwana (id_wartosci_oczekiwanej, wartosc, id_pytania, id_kierunku) VALUES (742,2,4,19)
Hibernate: INSERT INTO wartosc_oczekiwana (id_wartosci_oczekiwanej, wartosc, id_pytania, id_kierunku) VALUES (743,8,5,19)
Hibernate: INSERT INTO wartosc_oczekiwana (id_wartosci_oczekiwanej, wartosc, id_pytania, id_kierunku) VALUES (744,3,6,19)
Hibernate: INSERT INTO wartosc_oczekiwana (id_wartosci_oczekiwanej, wartosc, id_pytania, id_kierunku) VALUES (745,8,7,19)
Hibernate: INSERT INTO wartosc_oczekiwana (id_wartosci_oczekiwanej, wartosc, id_pytania, id_kierunku) VALUES (746,2,8,19)
Hibernate: INSERT INTO wartosc_oczekiwana (id_wartosci_oczekiwanej, wartosc, id_pytania, id_kierunku) VALUES (747,8,9,19)
Hibernate: INSERT INTO wartosc_oczekiwana (id_wartosci_oczekiwanej, wartosc, id_pytania, id_kierunku) VALUES (748,7,10,19)
Hibernate: INSERT INTO wartosc_oczekiwana (id_wartosci_oczekiwanej, wartosc, id_pytania, id_kierunku) VALUES (749,7,11,19)
Hibernate: INSERT INTO wartosc_oczekiwana (id_wartosci_oczekiwanej, wartosc, id_pytania, id_kierunku) VALUES (750,10,12,19)
Hibernate: INSERT INTO wartosc_oczekiwana (id_wartosci_oczekiwanej, wartosc, id_pytania, id_kierunku) VALUES (751,10,13,19)
Hibernate: INSERT INTO wartosc_oczekiwana (id_wartosci_oczekiwanej, wartosc, id_pytania, id_kierunku) VALUES (752,2,14,19)
Hibernate: INSERT INTO wartosc_oczekiwana (id_wartosci_oczekiwanej, wartosc, id_pytania, id_kierunku) VALUES (753,10,15,19)
Hibernate: INSERT INTO wartosc_oczekiwana (id_wartosci_oczekiwanej, wartosc, id_pytania, id_kierunku) VALUES (754,8,16,19)
Hibernate: INSERT INTO wartosc_oczekiwana (id_wartosci_oczekiwanej, wartosc, id_pytania, id_kierunku) VALUES (755,6,17,19)
Hibernate: INSERT INTO wartosc_oczekiwana (id_wartosci_oczekiwanej, wartosc, id_pytania, id_kierunku) VALUES (756,10,18,19)
Hibernate: INSERT INTO wartosc_oczekiwana (id_wartosci_oczekiwanej, wartosc, id_pytania, id_kierunku) VALUES (757,1,19,19)
Hibernate: INSERT INTO wartosc_oczekiwana (id_wartosci_oczekiwanej, wartosc, id_pytania, id_kierunku) VALUES (758,7,20,19)
Hibernate: INSERT INTO wartosc_oczekiwana (id_wartosci_oczekiwanej, wartosc, id_pytania, id_kierunku) VALUES (759,4,21,19)
Hibernate: INSERT INTO wartosc_oczekiwana (id_wartosci_oczekiwanej, wartosc, id_pytania, id_kierunku) VALUES (760,1,22,19)
Hibernate: INSERT INTO wartosc_oczekiwana (id_wartosci_oczekiwanej, wartosc, id_pytania, id_kierunku) VALUES (761,6,23,19)
Hibernate: INSERT INTO wartosc_oczekiwana (id_wartosci_oczekiwanej, wartosc, id_pytania, id_kierunku) VALUES (762,9,24,19)
Hibernate: INSERT INTO wartosc_oczekiwana (id_wartosci_oczekiwanej, wartosc, id_pytania, id_kierunku) VALUES (763,5,25,19)
Hibernate: INSERT INTO wartosc_oczekiwana (id_wartosci_oczekiwanej, wartosc, id_pytania, id_kierunku) VALUES (764,5,26,19)
Hibernate: INSERT INTO wartosc_oczekiwana (id_wartosci_oczekiwanej, wartosc, id_pytania, id_kierunku) VALUES (765,2,27,19)
Hibernate: INSERT INTO wartosc_oczekiwana (id_wartosci_oczekiwanej, wartosc, id_pytania, id_kierunku) VALUES (766,10,28,19)
Hibernate: INSERT INTO wartosc_oczekiwana (id_wartosci_oczekiwanej, wartosc, id_pytania, id_kierunku) VALUES (767,1,29,19)
Hibernate: INSERT INTO wartosc_oczekiwana (id_wartosci_oczekiwanej, wartosc, id_pytania, id_kierunku) VALUES (768,4,30,19)
Hibernate: INSERT INTO wartosc_oczekiwana (id_wartosci_oczekiwanej, wartosc, id_pytania, id_kierunku) VALUES (769,9,31,19)
Hibernate: INSERT INTO wartosc_oczekiwana (id_wartosci_oczekiwanej, wartosc, id_pytania, id_kierunku) VALUES (770,10,32,19)
Hibernate: INSERT INTO wartosc_oczekiwana (id_wartosci_oczekiwanej, wartosc, id_pytania, id_kierunku) VALUES (771,9,33,19)
Hibernate: INSERT INTO wartosc_oczekiwana (id_wartosci_oczekiwanej, wartosc, id_pytania, id_kierunku) VALUES (772,2,34,19)
Hibernate: INSERT INTO wartosc_oczekiwana (id_wartosci_oczekiwanej, wartosc, id_pytania, id_kierunku) VALUES (773,2,35,19)
Hibernate: INSERT INTO wartosc_oczekiwana (id_wartosci_oczekiwanej, wartosc, id_pytania, id_kierunku) VALUES (774,5,36,19)
Hibernate: INSERT INTO wartosc_oczekiwana (id_wartosci_oczekiwanej, wartosc, id_pytania, id_kierunku) VALUES (775,2,37,19)
Hibernate: INSERT INTO wartosc_oczekiwana (id_wartosci_oczekiwanej, wartosc, id_pytania, id_kierunku) VALUES (776,10,38,19)
Hibernate: INSERT INTO wartosc_oczekiwana (id_wartosci_oczekiwanej, wartosc, id_pytania, id_kierunku) VALUES (777,9,39,19)
Hibernate: INSERT INTO wartosc_oczekiwana (id_wartosci_oczekiwanej, wartosc, id_pytania, id_kierunku) VALUES (778,5,40,19)
Hibernate: INSERT INTO wartosc_oczekiwana (id_wartosci_oczekiwanej, wartosc, id_pytania, id_kierunku) VALUES (779,3,41,19)
Hibernate: INSERT INTO wartosc_oczekiwana (id_wartosci_oczekiwanej, wartosc, id_pytania, id_kierunku) VALUES (780,5,1,20)
Hibernate: INSERT INTO wartosc_oczekiwana (id_wartosci_oczekiwanej, wartosc, id_pytania, id_kierunku) VALUES (781,9,2,20)
Hibernate: INSERT INTO wartosc_oczekiwana (id_wartosci_oczekiwanej, wartosc, id_pytania, id_kierunku) VALUES (782,3,3,20)
Hibernate: INSERT INTO wartosc_oczekiwana (id_wartosci_oczekiwanej, wartosc, id_pytania, id_kierunku) VALUES (783,10,4,20)
Hibernate: INSERT INTO wartosc_oczekiwana (id_wartosci_oczekiwanej, wartosc, id_pytania, id_kierunku) VALUES (784,3,5,20)
Hibernate: INSERT INTO wartosc_oczekiwana (id_wartosci_oczekiwanej, wartosc, id_pytania, id_kierunku) VALUES (785,4,6,20)
Hibernate: INSERT INTO wartosc_oczekiwana (id_wartosci_oczekiwanej, wartosc, id_pytania, id_kierunku) VALUES (786,6,7,20)
Hibernate: INSERT INTO wartosc_oczekiwana (id_wartosci_oczekiwanej, wartosc, id_pytania, id_kierunku) VALUES (787,2,8,20)
Hibernate: INSERT INTO wartosc_oczekiwana (id_wartosci_oczekiwanej, wartosc, id_pytania, id_kierunku) VALUES (788,9,9,20)
Hibernate: INSERT INTO wartosc_oczekiwana (id_wartosci_oczekiwanej, wartosc, id_pytania, id_kierunku) VALUES (789,1,10,20)
Hibernate: INSERT INTO wartosc_oczekiwana (id_wartosci_oczekiwanej, wartosc, id_pytania, id_kierunku) VALUES (790,8,11,20)
Hibernate: INSERT INTO wartosc_oczekiwana (id_wartosci_oczekiwanej, wartosc, id_pytania, id_kierunku) VALUES (791,5,12,20)
Hibernate: INSERT INTO wartosc_oczekiwana (id_wartosci_oczekiwanej, wartosc, id_pytania, id_kierunku) VALUES (792,1,13,20)
Hibernate: INSERT INTO wartosc_oczekiwana (id_wartosci_oczekiwanej, wartosc, id_pytania, id_kierunku) VALUES (793,10,14,20)
Hibernate: INSERT INTO wartosc_oczekiwana (id_wartosci_oczekiwanej, wartosc, id_pytania, id_kierunku) VALUES (794,1,15,20)
Hibernate: INSERT INTO wartosc_oczekiwana (id_wartosci_oczekiwanej, wartosc, id_pytania, id_kierunku) VALUES (795,4,16,20)
Hibernate: INSERT INTO wartosc_oczekiwana (id_wartosci_oczekiwanej, wartosc, id_pytania, id_kierunku) VALUES (796,5,17,20)
Hibernate: INSERT INTO wartosc_oczekiwana (id_wartosci_oczekiwanej, wartosc, id_pytania, id_kierunku) VALUES (797,4,18,20)
Hibernate: INSERT INTO wartosc_oczekiwana (id_wartosci_oczekiwanej, wartosc, id_pytania, id_kierunku) VALUES (798,3,19,20)
Hibernate: INSERT INTO wartosc_oczekiwana (id_wartosci_oczekiwanej, wartosc, id_pytania, id_kierunku) VALUES (799,2,20,20)
Hibernate: INSERT INTO wartosc_oczekiwana (id_wartosci_oczekiwanej, wartosc, id_pytania, id_kierunku) VALUES (800,7,21,20)
Hibernate: INSERT INTO wartosc_oczekiwana (id_wartosci_oczekiwanej, wartosc, id_pytania, id_kierunku) VALUES (801,1,22,20)
Hibernate: INSERT INTO wartosc_oczekiwana (id_wartosci_oczekiwanej, wartosc, id_pytania, id_kierunku) VALUES (802,8,23,20)
Hibernate: INSERT INTO wartosc_oczekiwana (id_wartosci_oczekiwanej, wartosc, id_pytania, id_kierunku) VALUES (803,3,24,20)
Hibernate: INSERT INTO wartosc_oczekiwana (id_wartosci_oczekiwanej, wartosc, id_pytania, id_kierunku) VALUES (804,2,25,20)
Hibernate: INSERT INTO wartosc_oczekiwana (id_wartosci_oczekiwanej, wartosc, id_pytania, id_kierunku) VALUES (805,3,26,20)
Hibernate: INSERT INTO wartosc_oczekiwana (id_wartosci_oczekiwanej, wartosc, id_pytania, id_kierunku) VALUES (806,9,27,20)
Hibernate: INSERT INTO wartosc_oczekiwana (id_wartosci_oczekiwanej, wartosc, id_pytania, id_kierunku) VALUES (807,10,28,20)
Hibernate: INSERT INTO wartosc_oczekiwana (id_wartosci_oczekiwanej, wartosc, id_pytania, id_kierunku) VALUES (808,1,29,20)
Hibernate: INSERT INTO wartosc_oczekiwana (id_wartosci_oczekiwanej, wartosc, id_pytania, id_kierunku) VALUES (809,8,30,20)
Hibernate: INSERT INTO wartosc_oczekiwana (id_wartosci_oczekiwanej, wartosc, id_pytania, id_kierunku) VALUES (810,6,31,20)
Hibernate: INSERT INTO wartosc_oczekiwana (id_wartosci_oczekiwanej, wartosc, id_pytania, id_kierunku) VALUES (811,9,32,20)
Hibernate: INSERT INTO wartosc_oczekiwana (id_wartosci_oczekiwanej, wartosc, id_pytania, id_kierunku) VALUES (812,4,33,20)
Hibernate: INSERT INTO wartosc_oczekiwana (id_wartosci_oczekiwanej, wartosc, id_pytania, id_kierunku) VALUES (813,5,34,20)
Hibernate: INSERT INTO wartosc_oczekiwana (id_wartosci_oczekiwanej, wartosc, id_pytania, id_kierunku) VALUES (814,1,35,20)
Hibernate: INSERT INTO wartosc_oczekiwana (id_wartosci_oczekiwanej, wartosc, id_pytania, id_kierunku) VALUES (815,7,36,20)
Hibernate: INSERT INTO wartosc_oczekiwana (id_wartosci_oczekiwanej, wartosc, id_pytania, id_kierunku) VALUES (816,8,37,20)
Hibernate: INSERT INTO wartosc_oczekiwana (id_wartosci_oczekiwanej, wartosc, id_pytania, id_kierunku) VALUES (817,3,38,20)
Hibernate: INSERT INTO wartosc_oczekiwana (id_wartosci_oczekiwanej, wartosc, id_pytania, id_kierunku) VALUES (818,4,39,20)
Hibernate: INSERT INTO wartosc_oczekiwana (id_wartosci_oczekiwanej, wartosc, id_pytania, id_kierunku) VALUES (819,4,40,20)
Hibernate: INSERT INTO wartosc_oczekiwana (id_wartosci_oczekiwanej, wartosc, id_pytania, id_kierunku) VALUES (820,2,41,20)
Hibernate: INSERT INTO wartosc_oczekiwana (id_wartosci_oczekiwanej, wartosc, id_pytania, id_kierunku) VALUES (821,4,1,21)
Hibernate: INSERT INTO wartosc_oczekiwana (id_wartosci_oczekiwanej, wartosc, id_pytania, id_kierunku) VALUES (822,3,2,21)
Hibernate: INSERT INTO wartosc_oczekiwana (id_wartosci_oczekiwanej, wartosc, id_pytania, id_kierunku) VALUES (823,6,3,21)
Hibernate: INSERT INTO wartosc_oczekiwana (id_wartosci_oczekiwanej, wartosc, id_pytania, id_kierunku) VALUES (824,10,4,21)
Hibernate: INSERT INTO wartosc_oczekiwana (id_wartosci_oczekiwanej, wartosc, id_pytania, id_kierunku) VALUES (825,8,5,21)
Hibernate: INSERT INTO wartosc_oczekiwana (id_wartosci_oczekiwanej, wartosc, id_pytania, id_kierunku) VALUES (826,3,6,21)
Hibernate: INSERT INTO wartosc_oczekiwana (id_wartosci_oczekiwanej, wartosc, id_pytania, id_kierunku) VALUES (827,7,7,21)
Hibernate: INSERT INTO wartosc_oczekiwana (id_wartosci_oczekiwanej, wartosc, id_pytania, id_kierunku) VALUES (828,4,8,21)
Hibernate: INSERT INTO wartosc_oczekiwana (id_wartosci_oczekiwanej, wartosc, id_pytania, id_kierunku) VALUES (829,9,9,21)
Hibernate: INSERT INTO wartosc_oczekiwana (id_wartosci_oczekiwanej, wartosc, id_pytania, id_kierunku) VALUES (830,8,10,21)
Hibernate: INSERT INTO wartosc_oczekiwana (id_wartosci_oczekiwanej, wartosc, id_pytania, id_kierunku) VALUES (831,5,11,21)
Hibernate: INSERT INTO wartosc_oczekiwana (id_wartosci_oczekiwanej, wartosc, id_pytania, id_kierunku) VALUES (832,9,12,21)
Hibernate: INSERT INTO wartosc_oczekiwana (id_wartosci_oczekiwanej, wartosc, id_pytania, id_kierunku) VALUES (833,10,13,21)
Hibernate: INSERT INTO wartosc_oczekiwana (id_wartosci_oczekiwanej, wartosc, id_pytania, id_kierunku) VALUES (834,6,14,21)
Hibernate: INSERT INTO wartosc_oczekiwana (id_wartosci_oczekiwanej, wartosc, id_pytania, id_kierunku) VALUES (835,2,15,21)
Hibernate: INSERT INTO wartosc_oczekiwana (id_wartosci_oczekiwanej, wartosc, id_pytania, id_kierunku) VALUES (836,10,16,21)
Hibernate: INSERT INTO wartosc_oczekiwana (id_wartosci_oczekiwanej, wartosc, id_pytania, id_kierunku) VALUES (837,8,17,21)
Hibernate: INSERT INTO wartosc_oczekiwana (id_wartosci_oczekiwanej, wartosc, id_pytania, id_kierunku) VALUES (838,9,18,21)
Hibernate: INSERT INTO wartosc_oczekiwana (id_wartosci_oczekiwanej, wartosc, id_pytania, id_kierunku) VALUES (839,3,19,21)
Hibernate: INSERT INTO wartosc_oczekiwana (id_wartosci_oczekiwanej, wartosc, id_pytania, id_kierunku) VALUES (840,8,20,21)
Hibernate: INSERT INTO wartosc_oczekiwana (id_wartosci_oczekiwanej, wartosc, id_pytania, id_kierunku) VALUES (841,8,21,21)
Hibernate: INSERT INTO wartosc_oczekiwana (id_wartosci_oczekiwanej, wartosc, id_pytania, id_kierunku) VALUES (842,10,22,21)
Hibernate: INSERT INTO wartosc_oczekiwana (id_wartosci_oczekiwanej, wartosc, id_pytania, id_kierunku) VALUES (843,4,23,21)
Hibernate: INSERT INTO wartosc_oczekiwana (id_wartosci_oczekiwanej, wartosc, id_pytania, id_kierunku) VALUES (844,10,24,21)
Hibernate: INSERT INTO wartosc_oczekiwana (id_wartosci_oczekiwanej, wartosc, id_pytania, id_kierunku) VALUES (845,7,25,21)
Hibernate: INSERT INTO wartosc_oczekiwana (id_wartosci_oczekiwanej, wartosc, id_pytania, id_kierunku) VALUES (846,10,26,21)
Hibernate: INSERT INTO wartosc_oczekiwana (id_wartosci_oczekiwanej, wartosc, id_pytania, id_kierunku) VALUES (847,1,27,21)
Hibernate: INSERT INTO wartosc_oczekiwana (id_wartosci_oczekiwanej, wartosc, id_pytania, id_kierunku) VALUES (848,1,28,21)
Hibernate: INSERT INTO wartosc_oczekiwana (id_wartosci_oczekiwanej, wartosc, id_pytania, id_kierunku) VALUES (849,3,29,21)
Hibernate: INSERT INTO wartosc_oczekiwana (id_wartosci_oczekiwanej, wartosc, id_pytania, id_kierunku) VALUES (850,8,30,21)
Hibernate: INSERT INTO wartosc_oczekiwana (id_wartosci_oczekiwanej, wartosc, id_pytania, id_kierunku) VALUES (851,5,31,21)
Hibernate: INSERT INTO wartosc_oczekiwana (id_wartosci_oczekiwanej, wartosc, id_pytania, id_kierunku) VALUES (852,2,32,21)
Hibernate: INSERT INTO wartosc_oczekiwana (id_wartosci_oczekiwanej, wartosc, id_pytania, id_kierunku) VALUES (853,5,33,21)
Hibernate: INSERT INTO wartosc_oczekiwana (id_wartosci_oczekiwanej, wartosc, id_pytania, id_kierunku) VALUES (854,1,34,21)
Hibernate: INSERT INTO wartosc_oczekiwana (id_wartosci_oczekiwanej, wartosc, id_pytania, id_kierunku) VALUES (855,10,35,21)
Hibernate: INSERT INTO wartosc_oczekiwana (id_wartosci_oczekiwanej, wartosc, id_pytania, id_kierunku) VALUES (856,10,36,21)
Hibernate: INSERT INTO wartosc_oczekiwana (id_wartosci_oczekiwanej, wartosc, id_pytania, id_kierunku) VALUES (857,9,37,21)
Hibernate: INSERT INTO wartosc_oczekiwana (id_wartosci_oczekiwanej, wartosc, id_pytania, id_kierunku) VALUES (858,10,38,21)
Hibernate: INSERT INTO wartosc_oczekiwana (id_wartosci_oczekiwanej, wartosc, id_pytania, id_kierunku) VALUES (859,5,39,21)
Hibernate: INSERT INTO wartosc_oczekiwana (id_wartosci_oczekiwanej, wartosc, id_pytania, id_kierunku) VALUES (860,2,40,21)
Hibernate: INSERT INTO wartosc_oczekiwana (id_wartosci_oczekiwanej, wartosc, id_pytania, id_kierunku) VALUES (861,1,41,21)
Hibernate: INSERT INTO wartosc_oczekiwana (id_wartosci_oczekiwanej, wartosc, id_pytania, id_kierunku) VALUES (862,10,1,22)
Hibernate: INSERT INTO wartosc_oczekiwana (id_wartosci_oczekiwanej, wartosc, id_pytania, id_kierunku) VALUES (863,1,2,22)
Hibernate: INSERT INTO wartosc_oczekiwana (id_wartosci_oczekiwanej, wartosc, id_pytania, id_kierunku) VALUES (864,3,3,22)
Hibernate: INSERT INTO wartosc_oczekiwana (id_wartosci_oczekiwanej, wartosc, id_pytania, id_kierunku) VALUES (865,10,4,22)
Hibernate: INSERT INTO wartosc_oczekiwana (id_wartosci_oczekiwanej, wartosc, id_pytania, id_kierunku) VALUES (866,2,5,22)
Hibernate: INSERT INTO wartosc_oczekiwana (id_wartosci_oczekiwanej, wartosc, id_pytania, id_kierunku) VALUES (867,5,6,22)
Hibernate: INSERT INTO wartosc_oczekiwana (id_wartosci_oczekiwanej, wartosc, id_pytania, id_kierunku) VALUES (868,1,7,22)
Hibernate: INSERT INTO wartosc_oczekiwana (id_wartosci_oczekiwanej, wartosc, id_pytania, id_kierunku) VALUES (869,3,8,22)
Hibernate: INSERT INTO wartosc_oczekiwana (id_wartosci_oczekiwanej, wartosc, id_pytania, id_kierunku) VALUES (870,10,9,22)
Hibernate: INSERT INTO wartosc_oczekiwana (id_wartosci_oczekiwanej, wartosc, id_pytania, id_kierunku) VALUES (871,8,10,22)
Hibernate: INSERT INTO wartosc_oczekiwana (id_wartosci_oczekiwanej, wartosc, id_pytania, id_kierunku) VALUES (872,6,11,22)
Hibernate: INSERT INTO wartosc_oczekiwana (id_wartosci_oczekiwanej, wartosc, id_pytania, id_kierunku) VALUES (873,9,12,22)
Hibernate: INSERT INTO wartosc_oczekiwana (id_wartosci_oczekiwanej, wartosc, id_pytania, id_kierunku) VALUES (874,3,13,22)
Hibernate: INSERT INTO wartosc_oczekiwana (id_wartosci_oczekiwanej, wartosc, id_pytania, id_kierunku) VALUES (875,1,14,22)
Hibernate: INSERT INTO wartosc_oczekiwana (id_wartosci_oczekiwanej, wartosc, id_pytania, id_kierunku) VALUES (876,9,15,22)
Hibernate: INSERT INTO wartosc_oczekiwana (id_wartosci_oczekiwanej, wartosc, id_pytania, id_kierunku) VALUES (877,5,16,22)
Hibernate: INSERT INTO wartosc_oczekiwana (id_wartosci_oczekiwanej, wartosc, id_pytania, id_kierunku) VALUES (878,5,17,22)
Hibernate: INSERT INTO wartosc_oczekiwana (id_wartosci_oczekiwanej, wartosc, id_pytania, id_kierunku) VALUES (879,5,18,22)
Hibernate: INSERT INTO wartosc_oczekiwana (id_wartosci_oczekiwanej, wartosc, id_pytania, id_kierunku) VALUES (880,4,19,22)
Hibernate: INSERT INTO wartosc_oczekiwana (id_wartosci_oczekiwanej, wartosc, id_pytania, id_kierunku) VALUES (881,10,20,22)
Hibernate: INSERT INTO wartosc_oczekiwana (id_wartosci_oczekiwanej, wartosc, id_pytania, id_kierunku) VALUES (882,8,21,22)
Hibernate: INSERT INTO wartosc_oczekiwana (id_wartosci_oczekiwanej, wartosc, id_pytania, id_kierunku) VALUES (883,9,22,22)
Hibernate: INSERT INTO wartosc_oczekiwana (id_wartosci_oczekiwanej, wartosc, id_pytania, id_kierunku) VALUES (884,9,23,22)
Hibernate: INSERT INTO wartosc_oczekiwana (id_wartosci_oczekiwanej, wartosc, id_pytania, id_kierunku) VALUES (885,10,24,22)
Hibernate: INSERT INTO wartosc_oczekiwana (id_wartosci_oczekiwanej, wartosc, id_pytania, id_kierunku) VALUES (886,10,25,22)
Hibernate: INSERT INTO wartosc_oczekiwana (id_wartosci_oczekiwanej, wartosc, id_pytania, id_kierunku) VALUES (887,5,26,22)
Hibernate: INSERT INTO wartosc_oczekiwana (id_wartosci_oczekiwanej, wartosc, id_pytania, id_kierunku) VALUES (888,5,27,22)
Hibernate: INSERT INTO wartosc_oczekiwana (id_wartosci_oczekiwanej, wartosc, id_pytania, id_kierunku) VALUES (889,5,28,22)
Hibernate: INSERT INTO wartosc_oczekiwana (id_wartosci_oczekiwanej, wartosc, id_pytania, id_kierunku) VALUES (890,4,29,22)
Hibernate: INSERT INTO wartosc_oczekiwana (id_wartosci_oczekiwanej, wartosc, id_pytania, id_kierunku) VALUES (891,7,30,22)
Hibernate: INSERT INTO wartosc_oczekiwana (id_wartosci_oczekiwanej, wartosc, id_pytania, id_kierunku) VALUES (892,4,31,22)
Hibernate: INSERT INTO wartosc_oczekiwana (id_wartosci_oczekiwanej, wartosc, id_pytania, id_kierunku) VALUES (893,8,32,22)
Hibernate: INSERT INTO wartosc_oczekiwana (id_wartosci_oczekiwanej, wartosc, id_pytania, id_kierunku) VALUES (894,7,33,22)
Hibernate: INSERT INTO wartosc_oczekiwana (id_wartosci_oczekiwanej, wartosc, id_pytania, id_kierunku) VALUES (895,3,34,22)
Hibernate: INSERT INTO wartosc_oczekiwana (id_wartosci_oczekiwanej, wartosc, id_pytania, id_kierunku) VALUES (896,6,35,22)
Hibernate: INSERT INTO wartosc_oczekiwana (id_wartosci_oczekiwanej, wartosc, id_pytania, id_kierunku) VALUES (897,3,36,22)
Hibernate: INSERT INTO wartosc_oczekiwana (id_wartosci_oczekiwanej, wartosc, id_pytania, id_kierunku) VALUES (898,6,37,22)
Hibernate: INSERT INTO wartosc_oczekiwana (id_wartosci_oczekiwanej, wartosc, id_pytania, id_kierunku) VALUES (899,9,38,22)
Hibernate: INSERT INTO wartosc_oczekiwana (id_wartosci_oczekiwanej, wartosc, id_pytania, id_kierunku) VALUES (900,4,39,22)
Hibernate: INSERT INTO wartosc_oczekiwana (id_wartosci_oczekiwanej, wartosc, id_pytania, id_kierunku) VALUES (901,3,40,22)
Hibernate: INSERT INTO wartosc_oczekiwana (id_wartosci_oczekiwanej, wartosc, id_pytania, id_kierunku) VALUES (902,3,41,22)
Hibernate: INSERT INTO wartosc_oczekiwana (id_wartosci_oczekiwanej, wartosc, id_pytania, id_kierunku) VALUES (903,7,1,23)
Hibernate: INSERT INTO wartosc_oczekiwana (id_wartosci_oczekiwanej, wartosc, id_pytania, id_kierunku) VALUES (904,3,2,23)
Hibernate: INSERT INTO wartosc_oczekiwana (id_wartosci_oczekiwanej, wartosc, id_pytania, id_kierunku) VALUES (905,6,3,23)
Hibernate: INSERT INTO wartosc_oczekiwana (id_wartosci_oczekiwanej, wartosc, id_pytania, id_kierunku) VALUES (906,7,4,23)
Hibernate: INSERT INTO wartosc_oczekiwana (id_wartosci_oczekiwanej, wartosc, id_pytania, id_kierunku) VALUES (907,7,5,23)
Hibernate: INSERT INTO wartosc_oczekiwana (id_wartosci_oczekiwanej, wartosc, id_pytania, id_kierunku) VALUES (908,7,6,23)
Hibernate: INSERT INTO wartosc_oczekiwana (id_wartosci_oczekiwanej, wartosc, id_pytania, id_kierunku) VALUES (909,8,7,23)
Hibernate: INSERT INTO wartosc_oczekiwana (id_wartosci_oczekiwanej, wartosc, id_pytania, id_kierunku) VALUES (910,4,8,23)
Hibernate: INSERT INTO wartosc_oczekiwana (id_wartosci_oczekiwanej, wartosc, id_pytania, id_kierunku) VALUES (911,9,9,23)
Hibernate: INSERT INTO wartosc_oczekiwana (id_wartosci_oczekiwanej, wartosc, id_pytania, id_kierunku) VALUES (912,1,10,23)
Hibernate: INSERT INTO wartosc_oczekiwana (id_wartosci_oczekiwanej, wartosc, id_pytania, id_kierunku) VALUES (913,4,11,23)
Hibernate: INSERT INTO wartosc_oczekiwana (id_wartosci_oczekiwanej, wartosc, id_pytania, id_kierunku) VALUES (914,9,12,23)
Hibernate: INSERT INTO wartosc_oczekiwana (id_wartosci_oczekiwanej, wartosc, id_pytania, id_kierunku) VALUES (915,7,13,23)
Hibernate: INSERT INTO wartosc_oczekiwana (id_wartosci_oczekiwanej, wartosc, id_pytania, id_kierunku) VALUES (916,9,14,23)
Hibernate: INSERT INTO wartosc_oczekiwana (id_wartosci_oczekiwanej, wartosc, id_pytania, id_kierunku) VALUES (917,4,15,23)
Hibernate: INSERT INTO wartosc_oczekiwana (id_wartosci_oczekiwanej, wartosc, id_pytania, id_kierunku) VALUES (918,8,16,23)
Hibernate: INSERT INTO wartosc_oczekiwana (id_wartosci_oczekiwanej, wartosc, id_pytania, id_kierunku) VALUES (919,5,17,23)
Hibernate: INSERT INTO wartosc_oczekiwana (id_wartosci_oczekiwanej, wartosc, id_pytania, id_kierunku) VALUES (920,10,18,23)
Hibernate: INSERT INTO wartosc_oczekiwana (id_wartosci_oczekiwanej, wartosc, id_pytania, id_kierunku) VALUES (921,2,19,23)
Hibernate: INSERT INTO wartosc_oczekiwana (id_wartosci_oczekiwanej, wartosc, id_pytania, id_kierunku) VALUES (922,1,20,23)
Hibernate: INSERT INTO wartosc_oczekiwana (id_wartosci_oczekiwanej, wartosc, id_pytania, id_kierunku) VALUES (923,10,21,23)
Hibernate: INSERT INTO wartosc_oczekiwana (id_wartosci_oczekiwanej, wartosc, id_pytania, id_kierunku) VALUES (924,5,22,23)
Hibernate: INSERT INTO wartosc_oczekiwana (id_wartosci_oczekiwanej, wartosc, id_pytania, id_kierunku) VALUES (925,1,23,23)
Hibernate: INSERT INTO wartosc_oczekiwana (id_wartosci_oczekiwanej, wartosc, id_pytania, id_kierunku) VALUES (926,1,24,23)
Hibernate: INSERT INTO wartosc_oczekiwana (id_wartosci_oczekiwanej, wartosc, id_pytania, id_kierunku) VALUES (927,6,25,23)
Hibernate: INSERT INTO wartosc_oczekiwana (id_wartosci_oczekiwanej, wartosc, id_pytania, id_kierunku) VALUES (928,10,26,23)
Hibernate: INSERT INTO wartosc_oczekiwana (id_wartosci_oczekiwanej, wartosc, id_pytania, id_kierunku) VALUES (929,9,27,23)
Hibernate: INSERT INTO wartosc_oczekiwana (id_wartosci_oczekiwanej, wartosc, id_pytania, id_kierunku) VALUES (930,3,28,23)
Hibernate: INSERT INTO wartosc_oczekiwana (id_wartosci_oczekiwanej, wartosc, id_pytania, id_kierunku) VALUES (931,9,29,23)
Hibernate: INSERT INTO wartosc_oczekiwana (id_wartosci_oczekiwanej, wartosc, id_pytania, id_kierunku) VALUES (932,1,30,23)
Hibernate: INSERT INTO wartosc_oczekiwana (id_wartosci_oczekiwanej, wartosc, id_pytania, id_kierunku) VALUES (933,7,31,23)
Hibernate: INSERT INTO wartosc_oczekiwana (id_wartosci_oczekiwanej, wartosc, id_pytania, id_kierunku) VALUES (934,7,32,23)
Hibernate: INSERT INTO wartosc_oczekiwana (id_wartosci_oczekiwanej, wartosc, id_pytania, id_kierunku) VALUES (935,1,33,23)
Hibernate: INSERT INTO wartosc_oczekiwana (id_wartosci_oczekiwanej, wartosc, id_pytania, id_kierunku) VALUES (936,9,34,23)
Hibernate: INSERT INTO wartosc_oczekiwana (id_wartosci_oczekiwanej, wartosc, id_pytania, id_kierunku) VALUES (937,4,35,23)
Hibernate: INSERT INTO wartosc_oczekiwana (id_wartosci_oczekiwanej, wartosc, id_pytania, id_kierunku) VALUES (938,7,36,23)
Hibernate: INSERT INTO wartosc_oczekiwana (id_wartosci_oczekiwanej, wartosc, id_pytania, id_kierunku) VALUES (939,1,37,23)
Hibernate: INSERT INTO wartosc_oczekiwana (id_wartosci_oczekiwanej, wartosc, id_pytania, id_kierunku) VALUES (940,8,38,23)
Hibernate: INSERT INTO wartosc_oczekiwana (id_wartosci_oczekiwanej, wartosc, id_pytania, id_kierunku) VALUES (941,8,39,23)
Hibernate: INSERT INTO wartosc_oczekiwana (id_wartosci_oczekiwanej, wartosc, id_pytania, id_kierunku) VALUES (942,5,40,23)
Hibernate: INSERT INTO wartosc_oczekiwana (id_wartosci_oczekiwanej, wartosc, id_pytania, id_kierunku) VALUES (943,4,41,23)
Hibernate: INSERT INTO wartosc_oczekiwana (id_wartosci_oczekiwanej, wartosc, id_pytania, id_kierunku) VALUES (944,4,1,24)
Hibernate: INSERT INTO wartosc_oczekiwana (id_wartosci_oczekiwanej, wartosc, id_pytania, id_kierunku) VALUES (945,8,2,24)
Hibernate: INSERT INTO wartosc_oczekiwana (id_wartosci_oczekiwanej, wartosc, id_pytania, id_kierunku) VALUES (946,6,3,24)
Hibernate: INSERT INTO wartosc_oczekiwana (id_wartosci_oczekiwanej, wartosc, id_pytania, id_kierunku) VALUES (947,10,4,24)
Hibernate: INSERT INTO wartosc_oczekiwana (id_wartosci_oczekiwanej, wartosc, id_pytania, id_kierunku) VALUES (948,10,5,24)
Hibernate: INSERT INTO wartosc_oczekiwana (id_wartosci_oczekiwanej, wartosc, id_pytania, id_kierunku) VALUES (949,1,6,24)
Hibernate: INSERT INTO wartosc_oczekiwana (id_wartosci_oczekiwanej, wartosc, id_pytania, id_kierunku) VALUES (950,8,7,24)
Hibernate: INSERT INTO wartosc_oczekiwana (id_wartosci_oczekiwanej, wartosc, id_pytania, id_kierunku) VALUES (951,5,8,24)
Hibernate: INSERT INTO wartosc_oczekiwana (id_wartosci_oczekiwanej, wartosc, id_pytania, id_kierunku) VALUES (952,10,9,24)
Hibernate: INSERT INTO wartosc_oczekiwana (id_wartosci_oczekiwanej, wartosc, id_pytania, id_kierunku) VALUES (953,10,10,24)
Hibernate: INSERT INTO wartosc_oczekiwana (id_wartosci_oczekiwanej, wartosc, id_pytania, id_kierunku) VALUES (954,4,11,24)
Hibernate: INSERT INTO wartosc_oczekiwana (id_wartosci_oczekiwanej, wartosc, id_pytania, id_kierunku) VALUES (955,6,12,24)
Hibernate: INSERT INTO wartosc_oczekiwana (id_wartosci_oczekiwanej, wartosc, id_pytania, id_kierunku) VALUES (956,7,13,24)
Hibernate: INSERT INTO wartosc_oczekiwana (id_wartosci_oczekiwanej, wartosc, id_pytania, id_kierunku) VALUES (957,2,14,24)
Hibernate: INSERT INTO wartosc_oczekiwana (id_wartosci_oczekiwanej, wartosc, id_pytania, id_kierunku) VALUES (958,5,15,24)
Hibernate: INSERT INTO wartosc_oczekiwana (id_wartosci_oczekiwanej, wartosc, id_pytania, id_kierunku) VALUES (959,9,16,24)
Hibernate: INSERT INTO wartosc_oczekiwana (id_wartosci_oczekiwanej, wartosc, id_pytania, id_kierunku) VALUES (960,6,17,24)
Hibernate: INSERT INTO wartosc_oczekiwana (id_wartosci_oczekiwanej, wartosc, id_pytania, id_kierunku) VALUES (961,7,18,24)
Hibernate: INSERT INTO wartosc_oczekiwana (id_wartosci_oczekiwanej, wartosc, id_pytania, id_kierunku) VALUES (962,6,19,24)
Hibernate: INSERT INTO wartosc_oczekiwana (id_wartosci_oczekiwanej, wartosc, id_pytania, id_kierunku) VALUES (963,6,20,24)
Hibernate: INSERT INTO wartosc_oczekiwana (id_wartosci_oczekiwanej, wartosc, id_pytania, id_kierunku) VALUES (964,7,21,24)
Hibernate: INSERT INTO wartosc_oczekiwana (id_wartosci_oczekiwanej, wartosc, id_pytania, id_kierunku) VALUES (965,5,22,24)
Hibernate: INSERT INTO wartosc_oczekiwana (id_wartosci_oczekiwanej, wartosc, id_pytania, id_kierunku) VALUES (966,6,23,24)
Hibernate: INSERT INTO wartosc_oczekiwana (id_wartosci_oczekiwanej, wartosc, id_pytania, id_kierunku) VALUES (967,4,24,24)
Hibernate: INSERT INTO wartosc_oczekiwana (id_wartosci_oczekiwanej, wartosc, id_pytania, id_kierunku) VALUES (968,7,25,24)
Hibernate: INSERT INTO wartosc_oczekiwana (id_wartosci_oczekiwanej, wartosc, id_pytania, id_kierunku) VALUES (969,9,26,24)
Hibernate: INSERT INTO wartosc_oczekiwana (id_wartosci_oczekiwanej, wartosc, id_pytania, id_kierunku) VALUES (970,9,27,24)
Hibernate: INSERT INTO wartosc_oczekiwana (id_wartosci_oczekiwanej, wartosc, id_pytania, id_kierunku) VALUES (971,10,28,24)
Hibernate: INSERT INTO wartosc_oczekiwana (id_wartosci_oczekiwanej, wartosc, id_pytania, id_kierunku) VALUES (972,8,29,24)
Hibernate: INSERT INTO wartosc_oczekiwana (id_wartosci_oczekiwanej, wartosc, id_pytania, id_kierunku) VALUES (973,1,30,24)
Hibernate: INSERT INTO wartosc_oczekiwana (id_wartosci_oczekiwanej, wartosc, id_pytania, id_kierunku) VALUES (974,7,31,24)
Hibernate: INSERT INTO wartosc_oczekiwana (id_wartosci_oczekiwanej, wartosc, id_pytania, id_kierunku) VALUES (975,5,32,24)
Hibernate: INSERT INTO wartosc_oczekiwana (id_wartosci_oczekiwanej, wartosc, id_pytania, id_kierunku) VALUES (976,6,33,24)
Hibernate: INSERT INTO wartosc_oczekiwana (id_wartosci_oczekiwanej, wartosc, id_pytania, id_kierunku) VALUES (977,7,34,24)
Hibernate: INSERT INTO wartosc_oczekiwana (id_wartosci_oczekiwanej, wartosc, id_pytania, id_kierunku) VALUES (978,1,35,24)
Hibernate: INSERT INTO wartosc_oczekiwana (id_wartosci_oczekiwanej, wartosc, id_pytania, id_kierunku) VALUES (979,1,36,24)
Hibernate: INSERT INTO wartosc_oczekiwana (id_wartosci_oczekiwanej, wartosc, id_pytania, id_kierunku) VALUES (980,1,37,24)
Hibernate: INSERT INTO wartosc_oczekiwana (id_wartosci_oczekiwanej, wartosc, id_pytania, id_kierunku) VALUES (981,8,38,24)
Hibernate: INSERT INTO wartosc_oczekiwana (id_wartosci_oczekiwanej, wartosc, id_pytania, id_kierunku) VALUES (982,6,39,24)
Hibernate: INSERT INTO wartosc_oczekiwana (id_wartosci_oczekiwanej, wartosc, id_pytania, id_kierunku) VALUES (983,10,40,24)
Hibernate: INSERT INTO wartosc_oczekiwana (id_wartosci_oczekiwanej, wartosc, id_pytania, id_kierunku) VALUES (984,1,41,24)
Hibernate: INSERT INTO wartosc_oczekiwana (id_wartosci_oczekiwanej, wartosc, id_pytania, id_kierunku) VALUES (985,9,1,25)
Hibernate: INSERT INTO wartosc_oczekiwana (id_wartosci_oczekiwanej, wartosc, id_pytania, id_kierunku) VALUES (986,2,2,25)
Hibernate: INSERT INTO wartosc_oczekiwana (id_wartosci_oczekiwanej, wartosc, id_pytania, id_kierunku) VALUES (987,6,3,25)
Hibernate: INSERT INTO wartosc_oczekiwana (id_wartosci_oczekiwanej, wartosc, id_pytania, id_kierunku) VALUES (988,1,4,25)
Hibernate: INSERT INTO wartosc_oczekiwana (id_wartosci_oczekiwanej, wartosc, id_pytania, id_kierunku) VALUES (989,10,5,25)
Hibernate: INSERT INTO wartosc_oczekiwana (id_wartosci_oczekiwanej, wartosc, id_pytania, id_kierunku) VALUES (990,2,6,25)
Hibernate: INSERT INTO wartosc_oczekiwana (id_wartosci_oczekiwanej, wartosc, id_pytania, id_kierunku) VALUES (991,4,7,25)
Hibernate: INSERT INTO wartosc_oczekiwana (id_wartosci_oczekiwanej, wartosc, id_pytania, id_kierunku) VALUES (992,9,8,25)
Hibernate: INSERT INTO wartosc_oczekiwana (id_wartosci_oczekiwanej, wartosc, id_pytania, id_kierunku) VALUES (993,5,9,25)
Hibernate: INSERT INTO wartosc_oczekiwana (id_wartosci_oczekiwanej, wartosc, id_pytania, id_kierunku) VALUES (994,1,10,25)
Hibernate: INSERT INTO wartosc_oczekiwana (id_wartosci_oczekiwanej, wartosc, id_pytania, id_kierunku) VALUES (995,2,11,25)
Hibernate: INSERT INTO wartosc_oczekiwana (id_wartosci_oczekiwanej, wartosc, id_pytania, id_kierunku) VALUES (996,7,12,25)
Hibernate: INSERT INTO wartosc_oczekiwana (id_wartosci_oczekiwanej, wartosc, id_pytania, id_kierunku) VALUES (997,10,13,25)
Hibernate: INSERT INTO wartosc_oczekiwana (id_wartosci_oczekiwanej, wartosc, id_pytania, id_kierunku) VALUES (998,6,14,25)
Hibernate: INSERT INTO wartosc_oczekiwana (id_wartosci_oczekiwanej, wartosc, id_pytania, id_kierunku) VALUES (999,5,15,25)
Hibernate: INSERT INTO wartosc_oczekiwana (id_wartosci_oczekiwanej, wartosc, id_pytania, id_kierunku) VALUES (1000,6,16,25)
Hibernate: INSERT INTO wartosc_oczekiwana (id_wartosci_oczekiwanej, wartosc, id_pytania, id_kierunku) VALUES (1001,9,17,25)
Hibernate: INSERT INTO wartosc_oczekiwana (id_wartosci_oczekiwanej, wartosc, id_pytania, id_kierunku) VALUES (1002,9,18,25)
Hibernate: INSERT INTO wartosc_oczekiwana (id_wartosci_oczekiwanej, wartosc, id_pytania, id_kierunku) VALUES (1003,7,19,25)
Hibernate: INSERT INTO wartosc_oczekiwana (id_wartosci_oczekiwanej, wartosc, id_pytania, id_kierunku) VALUES (1004,10,20,25)
Hibernate: INSERT INTO wartosc_oczekiwana (id_wartosci_oczekiwanej, wartosc, id_pytania, id_kierunku) VALUES (1005,10,21,25)
Hibernate: INSERT INTO wartosc_oczekiwana (id_wartosci_oczekiwanej, wartosc, id_pytania, id_kierunku) VALUES (1006,7,22,25)
Hibernate: INSERT INTO wartosc_oczekiwana (id_wartosci_oczekiwanej, wartosc, id_pytania, id_kierunku) VALUES (1007,5,23,25)
Hibernate: INSERT INTO wartosc_oczekiwana (id_wartosci_oczekiwanej, wartosc, id_pytania, id_kierunku) VALUES (1008,8,24,25)
Hibernate: INSERT INTO wartosc_oczekiwana (id_wartosci_oczekiwanej, wartosc, id_pytania, id_kierunku) VALUES (1009,1,25,25)
Hibernate: INSERT INTO wartosc_oczekiwana (id_wartosci_oczekiwanej, wartosc, id_pytania, id_kierunku) VALUES (1010,8,26,25)
Hibernate: INSERT INTO wartosc_oczekiwana (id_wartosci_oczekiwanej, wartosc, id_pytania, id_kierunku) VALUES (1011,9,27,25)
Hibernate: INSERT INTO wartosc_oczekiwana (id_wartosci_oczekiwanej, wartosc, id_pytania, id_kierunku) VALUES (1012,6,28,25)
Hibernate: INSERT INTO wartosc_oczekiwana (id_wartosci_oczekiwanej, wartosc, id_pytania, id_kierunku) VALUES (1013,7,29,25)
Hibernate: INSERT INTO wartosc_oczekiwana (id_wartosci_oczekiwanej, wartosc, id_pytania, id_kierunku) VALUES (1014,4,30,25)
Hibernate: INSERT INTO wartosc_oczekiwana (id_wartosci_oczekiwanej, wartosc, id_pytania, id_kierunku) VALUES (1015,2,31,25)
Hibernate: INSERT INTO wartosc_oczekiwana (id_wartosci_oczekiwanej, wartosc, id_pytania, id_kierunku) VALUES (1016,4,32,25)
Hibernate: INSERT INTO wartosc_oczekiwana (id_wartosci_oczekiwanej, wartosc, id_pytania, id_kierunku) VALUES (1017,9,33,25)
Hibernate: INSERT INTO wartosc_oczekiwana (id_wartosci_oczekiwanej, wartosc, id_pytania, id_kierunku) VALUES (1018,9,34,25)
Hibernate: INSERT INTO wartosc_oczekiwana (id_wartosci_oczekiwanej, wartosc, id_pytania, id_kierunku) VALUES (1019,9,35,25)
Hibernate: INSERT INTO wartosc_oczekiwana (id_wartosci_oczekiwanej, wartosc, id_pytania, id_kierunku) VALUES (1020,3,36,25)
Hibernate: INSERT INTO wartosc_oczekiwana (id_wartosci_oczekiwanej, wartosc, id_pytania, id_kierunku) VALUES (1021,8,37,25)
Hibernate: INSERT INTO wartosc_oczekiwana (id_wartosci_oczekiwanej, wartosc, id_pytania, id_kierunku) VALUES (1022,1,38,25)
Hibernate: INSERT INTO wartosc_oczekiwana (id_wartosci_oczekiwanej, wartosc, id_pytania, id_kierunku) VALUES (1023,10,39,25)
Hibernate: INSERT INTO wartosc_oczekiwana (id_wartosci_oczekiwanej, wartosc, id_pytania, id_kierunku) VALUES (1024,9,40,25)
Hibernate: INSERT INTO wartosc_oczekiwana (id_wartosci_oczekiwanej, wartosc, id_pytania, id_kierunku) VALUES (1025,9,41,25)
Hibernate: INSERT INTO wartosc_oczekiwana (id_wartosci_oczekiwanej, wartosc, id_pytania, id_kierunku) VALUES (1026,8,1,26)
Hibernate: INSERT INTO wartosc_oczekiwana (id_wartosci_oczekiwanej, wartosc, id_pytania, id_kierunku) VALUES (1027,10,2,26)
Hibernate: INSERT INTO wartosc_oczekiwana (id_wartosci_oczekiwanej, wartosc, id_pytania, id_kierunku) VALUES (1028,1,3,26)
Hibernate: INSERT INTO wartosc_oczekiwana (id_wartosci_oczekiwanej, wartosc, id_pytania, id_kierunku) VALUES (1029,4,4,26)
Hibernate: INSERT INTO wartosc_oczekiwana (id_wartosci_oczekiwanej, wartosc, id_pytania, id_kierunku) VALUES (1030,3,5,26)
Hibernate: INSERT INTO wartosc_oczekiwana (id_wartosci_oczekiwanej, wartosc, id_pytania, id_kierunku) VALUES (1031,4,6,26)
Hibernate: INSERT INTO wartosc_oczekiwana (id_wartosci_oczekiwanej, wartosc, id_pytania, id_kierunku) VALUES (1032,4,7,26)
Hibernate: INSERT INTO wartosc_oczekiwana (id_wartosci_oczekiwanej, wartosc, id_pytania, id_kierunku) VALUES (1033,5,8,26)
Hibernate: INSERT INTO wartosc_oczekiwana (id_wartosci_oczekiwanej, wartosc, id_pytania, id_kierunku) VALUES (1034,10,9,26)
Hibernate: INSERT INTO wartosc_oczekiwana (id_wartosci_oczekiwanej, wartosc, id_pytania, id_kierunku) VALUES (1035,3,10,26)
Hibernate: INSERT INTO wartosc_oczekiwana (id_wartosci_oczekiwanej, wartosc, id_pytania, id_kierunku) VALUES (1036,9,11,26)
Hibernate: INSERT INTO wartosc_oczekiwana (id_wartosci_oczekiwanej, wartosc, id_pytania, id_kierunku) VALUES (1037,5,12,26)
Hibernate: INSERT INTO wartosc_oczekiwana (id_wartosci_oczekiwanej, wartosc, id_pytania, id_kierunku) VALUES (1038,3,13,26)
Hibernate: INSERT INTO wartosc_oczekiwana (id_wartosci_oczekiwanej, wartosc, id_pytania, id_kierunku) VALUES (1039,5,14,26)
Hibernate: INSERT INTO wartosc_oczekiwana (id_wartosci_oczekiwanej, wartosc, id_pytania, id_kierunku) VALUES (1040,9,15,26)
Hibernate: INSERT INTO wartosc_oczekiwana (id_wartosci_oczekiwanej, wartosc, id_pytania, id_kierunku) VALUES (1041,3,16,26)
Hibernate: INSERT INTO wartosc_oczekiwana (id_wartosci_oczekiwanej, wartosc, id_pytania, id_kierunku) VALUES (1042,3,17,26)
Hibernate: INSERT INTO wartosc_oczekiwana (id_wartosci_oczekiwanej, wartosc, id_pytania, id_kierunku) VALUES (1043,3,18,26)
Hibernate: INSERT INTO wartosc_oczekiwana (id_wartosci_oczekiwanej, wartosc, id_pytania, id_kierunku) VALUES (1044,3,19,26)
Hibernate: INSERT INTO wartosc_oczekiwana (id_wartosci_oczekiwanej, wartosc, id_pytania, id_kierunku) VALUES (1045,4,20,26)
Hibernate: INSERT INTO wartosc_oczekiwana (id_wartosci_oczekiwanej, wartosc, id_pytania, id_kierunku) VALUES (1046,3,21,26)
Hibernate: INSERT INTO wartosc_oczekiwana (id_wartosci_oczekiwanej, wartosc, id_pytania, id_kierunku) VALUES (1047,7,22,26)
Hibernate: INSERT INTO wartosc_oczekiwana (id_wartosci_oczekiwanej, wartosc, id_pytania, id_kierunku) VALUES (1048,4,23,26)
Hibernate: INSERT INTO wartosc_oczekiwana (id_wartosci_oczekiwanej, wartosc, id_pytania, id_kierunku) VALUES (1049,4,24,26)
Hibernate: INSERT INTO wartosc_oczekiwana (id_wartosci_oczekiwanej, wartosc, id_pytania, id_kierunku) VALUES (1050,9,25,26)
Hibernate: INSERT INTO wartosc_oczekiwana (id_wartosci_oczekiwanej, wartosc, id_pytania, id_kierunku) VALUES (1051,10,26,26)
Hibernate: INSERT INTO wartosc_oczekiwana (id_wartosci_oczekiwanej, wartosc, id_pytania, id_kierunku) VALUES (1052,2,27,26)
Hibernate: INSERT INTO wartosc_oczekiwana (id_wartosci_oczekiwanej, wartosc, id_pytania, id_kierunku) VALUES (1053,4,28,26)
Hibernate: INSERT INTO wartosc_oczekiwana (id_wartosci_oczekiwanej, wartosc, id_pytania, id_kierunku) VALUES (1054,1,29,26)
Hibernate: INSERT INTO wartosc_oczekiwana (id_wartosci_oczekiwanej, wartosc, id_pytania, id_kierunku) VALUES (1055,6,30,26)
Hibernate: INSERT INTO wartosc_oczekiwana (id_wartosci_oczekiwanej, wartosc, id_pytania, id_kierunku) VALUES (1056,8,31,26)
Hibernate: INSERT INTO wartosc_oczekiwana (id_wartosci_oczekiwanej, wartosc, id_pytania, id_kierunku) VALUES (1057,7,32,26)
Hibernate: INSERT INTO wartosc_oczekiwana (id_wartosci_oczekiwanej, wartosc, id_pytania, id_kierunku) VALUES (1058,9,33,26)
Hibernate: INSERT INTO wartosc_oczekiwana (id_wartosci_oczekiwanej, wartosc, id_pytania, id_kierunku) VALUES (1059,7,34,26)
Hibernate: INSERT INTO wartosc_oczekiwana (id_wartosci_oczekiwanej, wartosc, id_pytania, id_kierunku) VALUES (1060,3,35,26)
Hibernate: INSERT INTO wartosc_oczekiwana (id_wartosci_oczekiwanej, wartosc, id_pytania, id_kierunku) VALUES (1061,1,36,26)
Hibernate: INSERT INTO wartosc_oczekiwana (id_wartosci_oczekiwanej, wartosc, id_pytania, id_kierunku) VALUES (1062,4,37,26)
Hibernate: INSERT INTO wartosc_oczekiwana (id_wartosci_oczekiwanej, wartosc, id_pytania, id_kierunku) VALUES (1063,6,38,26)
Hibernate: INSERT INTO wartosc_oczekiwana (id_wartosci_oczekiwanej, wartosc, id_pytania, id_kierunku) VALUES (1064,3,39,26)
Hibernate: INSERT INTO wartosc_oczekiwana (id_wartosci_oczekiwanej, wartosc, id_pytania, id_kierunku) VALUES (1065,4,40,26)
Hibernate: INSERT INTO wartosc_oczekiwana (id_wartosci_oczekiwanej, wartosc, id_pytania, id_kierunku) VALUES (1066,2,41,26)
Hibernate: INSERT INTO wartosc_oczekiwana (id_wartosci_oczekiwanej, wartosc, id_pytania, id_kierunku) VALUES (1067,10,1,27)
Hibernate: INSERT INTO wartosc_oczekiwana (id_wartosci_oczekiwanej, wartosc, id_pytania, id_kierunku) VALUES (1068,5,2,27)
Hibernate: INSERT INTO wartosc_oczekiwana (id_wartosci_oczekiwanej, wartosc, id_pytania, id_kierunku) VALUES (1069,1,3,27)
Hibernate: INSERT INTO wartosc_oczekiwana (id_wartosci_oczekiwanej, wartosc, id_pytania, id_kierunku) VALUES (1070,7,4,27)
Hibernate: INSERT INTO wartosc_oczekiwana (id_wartosci_oczekiwanej, wartosc, id_pytania, id_kierunku) VALUES (1071,5,5,27)
Hibernate: INSERT INTO wartosc_oczekiwana (id_wartosci_oczekiwanej, wartosc, id_pytania, id_kierunku) VALUES (1072,9,6,27)
Hibernate: INSERT INTO wartosc_oczekiwana (id_wartosci_oczekiwanej, wartosc, id_pytania, id_kierunku) VALUES (1073,9,7,27)
Hibernate: INSERT INTO wartosc_oczekiwana (id_wartosci_oczekiwanej, wartosc, id_pytania, id_kierunku) VALUES (1074,2,8,27)
Hibernate: INSERT INTO wartosc_oczekiwana (id_wartosci_oczekiwanej, wartosc, id_pytania, id_kierunku) VALUES (1075,8,9,27)
Hibernate: INSERT INTO wartosc_oczekiwana (id_wartosci_oczekiwanej, wartosc, id_pytania, id_kierunku) VALUES (1076,9,10,27)
Hibernate: INSERT INTO wartosc_oczekiwana (id_wartosci_oczekiwanej, wartosc, id_pytania, id_kierunku) VALUES (1077,3,11,27)
Hibernate: INSERT INTO wartosc_oczekiwana (id_wartosci_oczekiwanej, wartosc, id_pytania, id_kierunku) VALUES (1078,1,12,27)
Hibernate: INSERT INTO wartosc_oczekiwana (id_wartosci_oczekiwanej, wartosc, id_pytania, id_kierunku) VALUES (1079,4,13,27)
Hibernate: INSERT INTO wartosc_oczekiwana (id_wartosci_oczekiwanej, wartosc, id_pytania, id_kierunku) VALUES (1080,3,14,27)
Hibernate: INSERT INTO wartosc_oczekiwana (id_wartosci_oczekiwanej, wartosc, id_pytania, id_kierunku) VALUES (1081,9,15,27)
Hibernate: INSERT INTO wartosc_oczekiwana (id_wartosci_oczekiwanej, wartosc, id_pytania, id_kierunku) VALUES (1082,10,16,27)
Hibernate: INSERT INTO wartosc_oczekiwana (id_wartosci_oczekiwanej, wartosc, id_pytania, id_kierunku) VALUES (1083,2,17,27)
Hibernate: INSERT INTO wartosc_oczekiwana (id_wartosci_oczekiwanej, wartosc, id_pytania, id_kierunku) VALUES (1084,7,18,27)
Hibernate: INSERT INTO wartosc_oczekiwana (id_wartosci_oczekiwanej, wartosc, id_pytania, id_kierunku) VALUES (1085,8,19,27)
Hibernate: INSERT INTO wartosc_oczekiwana (id_wartosci_oczekiwanej, wartosc, id_pytania, id_kierunku) VALUES (1086,9,20,27)
Hibernate: INSERT INTO wartosc_oczekiwana (id_wartosci_oczekiwanej, wartosc, id_pytania, id_kierunku) VALUES (1087,9,21,27)
Hibernate: INSERT INTO wartosc_oczekiwana (id_wartosci_oczekiwanej, wartosc, id_pytania, id_kierunku) VALUES (1088,9,22,27)
Hibernate: INSERT INTO wartosc_oczekiwana (id_wartosci_oczekiwanej, wartosc, id_pytania, id_kierunku) VALUES (1089,9,23,27)
Hibernate: INSERT INTO wartosc_oczekiwana (id_wartosci_oczekiwanej, wartosc, id_pytania, id_kierunku) VALUES (1090,1,24,27)
Hibernate: INSERT INTO wartosc_oczekiwana (id_wartosci_oczekiwanej, wartosc, id_pytania, id_kierunku) VALUES (1091,2,25,27)
Hibernate: INSERT INTO wartosc_oczekiwana (id_wartosci_oczekiwanej, wartosc, id_pytania, id_kierunku) VALUES (1092,8,26,27)
Hibernate: INSERT INTO wartosc_oczekiwana (id_wartosci_oczekiwanej, wartosc, id_pytania, id_kierunku) VALUES (1093,7,27,27)
Hibernate: INSERT INTO wartosc_oczekiwana (id_wartosci_oczekiwanej, wartosc, id_pytania, id_kierunku) VALUES (1094,2,28,27)
Hibernate: INSERT INTO wartosc_oczekiwana (id_wartosci_oczekiwanej, wartosc, id_pytania, id_kierunku) VALUES (1095,4,29,27)
Hibernate: INSERT INTO wartosc_oczekiwana (id_wartosci_oczekiwanej, wartosc, id_pytania, id_kierunku) VALUES (1096,6,30,27)
Hibernate: INSERT INTO wartosc_oczekiwana (id_wartosci_oczekiwanej, wartosc, id_pytania, id_kierunku) VALUES (1097,6,31,27)
Hibernate: INSERT INTO wartosc_oczekiwana (id_wartosci_oczekiwanej, wartosc, id_pytania, id_kierunku) VALUES (1098,7,32,27)
Hibernate: INSERT INTO wartosc_oczekiwana (id_wartosci_oczekiwanej, wartosc, id_pytania, id_kierunku) VALUES (1099,9,33,27)
Hibernate: INSERT INTO wartosc_oczekiwana (id_wartosci_oczekiwanej, wartosc, id_pytania, id_kierunku) VALUES (1100,3,34,27)
Hibernate: INSERT INTO wartosc_oczekiwana (id_wartosci_oczekiwanej, wartosc, id_pytania, id_kierunku) VALUES (1101,5,35,27)
Hibernate: INSERT INTO wartosc_oczekiwana (id_wartosci_oczekiwanej, wartosc, id_pytania, id_kierunku) VALUES (1102,4,36,27)
Hibernate: INSERT INTO wartosc_oczekiwana (id_wartosci_oczekiwanej, wartosc, id_pytania, id_kierunku) VALUES (1103,6,37,27)
Hibernate: INSERT INTO wartosc_oczekiwana (id_wartosci_oczekiwanej, wartosc, id_pytania, id_kierunku) VALUES (1104,2,38,27)
Hibernate: INSERT INTO wartosc_oczekiwana (id_wartosci_oczekiwanej, wartosc, id_pytania, id_kierunku) VALUES (1105,7,39,27)
Hibernate: INSERT INTO wartosc_oczekiwana (id_wartosci_oczekiwanej, wartosc, id_pytania, id_kierunku) VALUES (1106,6,40,27)
Hibernate: INSERT INTO wartosc_oczekiwana (id_wartosci_oczekiwanej, wartosc, id_pytania, id_kierunku) VALUES (1107,6,41,27)
2018-05-23 15:03:51.214  INFO 204 --- [           main] j.LocalContainerEntityManagerFactoryBean : Initialized JPA EntityManagerFactory for persistence unit 'default'
2018-05-23 15:03:51.944  WARN 204 --- [           main] o.s.w.c.s.GenericWebApplicationContext   : Exception encountered during context initialization - cancelling refresh attempt: org.springframework.beans.factory.UnsatisfiedDependencyException: Error creating bean with name 'adminController' defined in file [/root/workspace/rmitula/spring-mvc-university-project/382662043/target/classes/pl/edu/prz/kia/universityproject/controller/AdminController.class]: Unsatisfied dependency expressed through constructor parameter 0; nested exception is org.springframework.beans.factory.UnsatisfiedDependencyException: Error creating bean with name 'userService' defined in file [/root/workspace/rmitula/spring-mvc-university-project/382662043/target/classes/pl/edu/prz/kia/universityproject/service/UserServiceImpl.class]: Unsatisfied dependency expressed through constructor parameter 0; nested exception is org.springframework.beans.factory.BeanCreationException: Error creating bean with name 'userRepository': Invocation of init method failed; nested exception is java.lang.IllegalArgumentException: Failed to create query for method public abstract pl.edu.prz.kia.universityproject.model.User pl.edu.prz.kia.universityproject.repository.UserRepository.findOne(java.lang.Long)! No property findOne found for type User!
2018-05-23 15:03:51.945  INFO 204 --- [           main] j.LocalContainerEntityManagerFactoryBean : Closing JPA EntityManagerFactory for persistence unit 'default'
2018-05-23 15:03:51.947  WARN 204 --- [           main] o.s.b.f.support.DisposableBeanAdapter    : Invocation of destroy method failed on bean with name 'inMemoryDatabaseShutdownExecutor': org.h2.jdbc.JdbcSQLException: Database is already closed (to disable automatic closing at VM shutdown, add ";DB_CLOSE_ON_EXIT=FALSE" to the db URL) [90121-196]
2018-05-23 15:03:51.948  INFO 204 --- [           main] com.zaxxer.hikari.HikariDataSource       : foodb - Shutdown initiated...
2018-05-23 15:03:51.951  INFO 204 --- [           main] com.zaxxer.hikari.HikariDataSource       : foodb - Shutdown completed.
2018-05-23 15:03:51.962  INFO 204 --- [           main] ConditionEvaluationReportLoggingListener : 

Error starting ApplicationContext. To display the conditions report re-run your application with 'debug' enabled.
2018-05-23 15:03:51.972 ERROR 204 --- [           main] o.s.boot.SpringApplication               : Application run failed

org.springframework.beans.factory.UnsatisfiedDependencyException: Error creating bean with name 'adminController' defined in file [/root/workspace/rmitula/spring-mvc-university-project/382662043/target/classes/pl/edu/prz/kia/universityproject/controller/AdminController.class]: Unsatisfied dependency expressed through constructor parameter 0; nested exception is org.springframework.beans.factory.UnsatisfiedDependencyException: Error creating bean with name 'userService' defined in file [/root/workspace/rmitula/spring-mvc-university-project/382662043/target/classes/pl/edu/prz/kia/universityproject/service/UserServiceImpl.class]: Unsatisfied dependency expressed through constructor parameter 0; nested exception is org.springframework.beans.factory.BeanCreationException: Error creating bean with name 'userRepository': Invocation of init method failed; nested exception is java.lang.IllegalArgumentException: Failed to create query for method public abstract pl.edu.prz.kia.universityproject.model.User pl.edu.prz.kia.universityproject.repository.UserRepository.findOne(java.lang.Long)! No property findOne found for type User!
	at org.springframework.beans.factory.support.ConstructorResolver.createArgumentArray(ConstructorResolver.java:729) ~[spring-beans-5.0.4.RELEASE.jar:5.0.4.RELEASE]
	at org.springframework.beans.factory.support.ConstructorResolver.autowireConstructor(ConstructorResolver.java:192) ~[spring-beans-5.0.4.RELEASE.jar:5.0.4.RELEASE]
	at org.springframework.beans.factory.support.AbstractAutowireCapableBeanFactory.autowireConstructor(AbstractAutowireCapableBeanFactory.java:1270) ~[spring-beans-5.0.4.RELEASE.jar:5.0.4.RELEASE]
	at org.springframework.beans.factory.support.AbstractAutowireCapableBeanFactory.createBeanInstance(AbstractAutowireCapableBeanFactory.java:1127) ~[spring-beans-5.0.4.RELEASE.jar:5.0.4.RELEASE]
	at org.springframework.beans.factory.support.AbstractAutowireCapableBeanFactory.doCreateBean(AbstractAutowireCapableBeanFactory.java:545) ~[spring-beans-5.0.4.RELEASE.jar:5.0.4.RELEASE]
	at org.springframework.beans.factory.support.AbstractAutowireCapableBeanFactory.createBean(AbstractAutowireCapableBeanFactory.java:502) ~[spring-beans-5.0.4.RELEASE.jar:5.0.4.RELEASE]
	at org.springframework.beans.factory.support.AbstractBeanFactory.lambda$doGetBean$0(AbstractBeanFactory.java:312) ~[spring-beans-5.0.4.RELEASE.jar:5.0.4.RELEASE]
	at org.springframework.beans.factory.support.DefaultSingletonBeanRegistry.getSingleton(DefaultSingletonBeanRegistry.java:228) ~[spring-beans-5.0.4.RELEASE.jar:5.0.4.RELEASE]
	at org.springframework.beans.factory.support.AbstractBeanFactory.doGetBean(AbstractBeanFactory.java:310) ~[spring-beans-5.0.4.RELEASE.jar:5.0.4.RELEASE]
	at org.springframework.beans.factory.support.AbstractBeanFactory.getBean(AbstractBeanFactory.java:200) ~[spring-beans-5.0.4.RELEASE.jar:5.0.4.RELEASE]
	at org.springframework.beans.factory.support.DefaultListableBeanFactory.preInstantiateSingletons(DefaultListableBeanFactory.java:760) ~[spring-beans-5.0.4.RELEASE.jar:5.0.4.RELEASE]
	at org.springframework.context.support.AbstractApplicationContext.finishBeanFactoryInitialization(AbstractApplicationContext.java:868) ~[spring-context-5.0.4.RELEASE.jar:5.0.4.RELEASE]
	at org.springframework.context.support.AbstractApplicationContext.refresh(AbstractApplicationContext.java:549) ~[spring-context-5.0.4.RELEASE.jar:5.0.4.RELEASE]
	at org.springframework.boot.SpringApplication.refresh(SpringApplication.java:752) ~[spring-boot-2.0.0.RELEASE.jar:2.0.0.RELEASE]
	at org.springframework.boot.SpringApplication.refreshContext(SpringApplication.java:388) ~[spring-boot-2.0.0.RELEASE.jar:2.0.0.RELEASE]
	at org.springframework.boot.SpringApplication.run(SpringApplication.java:327) ~[spring-boot-2.0.0.RELEASE.jar:2.0.0.RELEASE]
	at org.springframework.boot.test.context.SpringBootContextLoader.loadContext(SpringBootContextLoader.java:138) [spring-boot-test-2.0.0.RELEASE.jar:2.0.0.RELEASE]
	at org.springframework.test.context.cache.DefaultCacheAwareContextLoaderDelegate.loadContextInternal(DefaultCacheAwareContextLoaderDelegate.java:99) [spring-test-5.0.4.RELEASE.jar:5.0.4.RELEASE]
	at org.springframework.test.context.cache.DefaultCacheAwareContextLoaderDelegate.loadContext(DefaultCacheAwareContextLoaderDelegate.java:117) [spring-test-5.0.4.RELEASE.jar:5.0.4.RELEASE]
	at org.springframework.test.context.support.DefaultTestContext.getApplicationContext(DefaultTestContext.java:107) [spring-test-5.0.4.RELEASE.jar:5.0.4.RELEASE]
	at org.springframework.test.context.web.ServletTestExecutionListener.setUpRequestContextIfNecessary(ServletTestExecutionListener.java:190) [spring-test-5.0.4.RELEASE.jar:5.0.4.RELEASE]
	at org.springframework.test.context.web.ServletTestExecutionListener.prepareTestInstance(ServletTestExecutionListener.java:132) [spring-test-5.0.4.RELEASE.jar:5.0.4.RELEASE]
	at org.springframework.test.context.TestContextManager.prepareTestInstance(TestContextManager.java:242) [spring-test-5.0.4.RELEASE.jar:5.0.4.RELEASE]
	at org.springframework.test.context.junit4.SpringJUnit4ClassRunner.createTest(SpringJUnit4ClassRunner.java:227) [spring-test-5.0.4.RELEASE.jar:5.0.4.RELEASE]
	at org.springframework.test.context.junit4.SpringJUnit4ClassRunner$1.runReflectiveCall(SpringJUnit4ClassRunner.java:289) [spring-test-5.0.4.RELEASE.jar:5.0.4.RELEASE]
	at org.junit.internal.runners.model.ReflectiveCallable.run(ReflectiveCallable.java:12) [junit-4.12.jar:4.12]
	at org.springframework.test.context.junit4.SpringJUnit4ClassRunner.methodBlock(SpringJUnit4ClassRunner.java:291) [spring-test-5.0.4.RELEASE.jar:5.0.4.RELEASE]
	at org.springframework.test.context.junit4.SpringJUnit4ClassRunner.runChild(SpringJUnit4ClassRunner.java:246) [spring-test-5.0.4.RELEASE.jar:5.0.4.RELEASE]
	at org.springframework.test.context.junit4.SpringJUnit4ClassRunner.runChild(SpringJUnit4ClassRunner.java:97) [spring-test-5.0.4.RELEASE.jar:5.0.4.RELEASE]
	at org.junit.runners.ParentRunner$3.run(ParentRunner.java:290) [junit-4.12.jar:4.12]
	at org.junit.runners.ParentRunner$1.schedule(ParentRunner.java:71) [junit-4.12.jar:4.12]
	at org.junit.runners.ParentRunner.runChildren(ParentRunner.java:288) [junit-4.12.jar:4.12]
	at org.junit.runners.ParentRunner.access$000(ParentRunner.java:58) [junit-4.12.jar:4.12]
	at org.junit.runners.ParentRunner$2.evaluate(ParentRunner.java:268) [junit-4.12.jar:4.12]
	at org.springframework.test.context.junit4.statements.RunBeforeTestClassCallbacks.evaluate(RunBeforeTestClassCallbacks.java:61) [spring-test-5.0.4.RELEASE.jar:5.0.4.RELEASE]
	at org.springframework.test.context.junit4.statements.RunAfterTestClassCallbacks.evaluate(RunAfterTestClassCallbacks.java:70) [spring-test-5.0.4.RELEASE.jar:5.0.4.RELEASE]
	at org.junit.runners.ParentRunner.run(ParentRunner.java:363) [junit-4.12.jar:4.12]
	at org.springframework.test.context.junit4.SpringJUnit4ClassRunner.run(SpringJUnit4ClassRunner.java:190) [spring-test-5.0.4.RELEASE.jar:5.0.4.RELEASE]
	at org.apache.maven.surefire.junit4.JUnit4Provider.execute(JUnit4Provider.java:369) [surefire-junit4-2.20.1.jar:2.20.1]
	at org.apache.maven.surefire.junit4.JUnit4Provider.executeWithRerun(JUnit4Provider.java:275) [surefire-junit4-2.20.1.jar:2.20.1]
	at org.apache.maven.surefire.junit4.JUnit4Provider.executeTestSet(JUnit4Provider.java:239) [surefire-junit4-2.20.1.jar:2.20.1]
	at org.apache.maven.surefire.junit4.JUnit4Provider.invoke(JUnit4Provider.java:160) [surefire-junit4-2.20.1.jar:2.20.1]
	at org.apache.maven.surefire.booter.ForkedBooter.invokeProviderInSameClassLoader(ForkedBooter.java:373) [surefire-booter-2.20.1.jar:2.20.1]
	at org.apache.maven.surefire.booter.ForkedBooter.runSuitesInProcess(ForkedBooter.java:334) [surefire-booter-2.20.1.jar:2.20.1]
	at org.apache.maven.surefire.booter.ForkedBooter.execute(ForkedBooter.java:119) [surefire-booter-2.20.1.jar:2.20.1]
	at org.apache.maven.surefire.booter.ForkedBooter.main(ForkedBooter.java:407) [surefire-booter-2.20.1.jar:2.20.1]
Caused by: org.springframework.beans.factory.UnsatisfiedDependencyException: Error creating bean with name 'userService' defined in file [/root/workspace/rmitula/spring-mvc-university-project/382662043/target/classes/pl/edu/prz/kia/universityproject/service/UserServiceImpl.class]: Unsatisfied dependency expressed through constructor parameter 0; nested exception is org.springframework.beans.factory.BeanCreationException: Error creating bean with name 'userRepository': Invocation of init method failed; nested exception is java.lang.IllegalArgumentException: Failed to create query for method public abstract pl.edu.prz.kia.universityproject.model.User pl.edu.prz.kia.universityproject.repository.UserRepository.findOne(java.lang.Long)! No property findOne found for type User!
	at org.springframework.beans.factory.support.ConstructorResolver.createArgumentArray(ConstructorResolver.java:729) ~[spring-beans-5.0.4.RELEASE.jar:5.0.4.RELEASE]
	at org.springframework.beans.factory.support.ConstructorResolver.autowireConstructor(ConstructorResolver.java:192) ~[spring-beans-5.0.4.RELEASE.jar:5.0.4.RELEASE]
	at org.springframework.beans.factory.support.AbstractAutowireCapableBeanFactory.autowireConstructor(AbstractAutowireCapableBeanFactory.java:1270) ~[spring-beans-5.0.4.RELEASE.jar:5.0.4.RELEASE]
	at org.springframework.beans.factory.support.AbstractAutowireCapableBeanFactory.createBeanInstance(AbstractAutowireCapableBeanFactory.java:1127) ~[spring-beans-5.0.4.RELEASE.jar:5.0.4.RELEASE]
	at org.springframework.beans.factory.support.AbstractAutowireCapableBeanFactory.doCreateBean(AbstractAutowireCapableBeanFactory.java:545) ~[spring-beans-5.0.4.RELEASE.jar:5.0.4.RELEASE]
	at org.springframework.beans.factory.support.AbstractAutowireCapableBeanFactory.createBean(AbstractAutowireCapableBeanFactory.java:502) ~[spring-beans-5.0.4.RELEASE.jar:5.0.4.RELEASE]
	at org.springframework.beans.factory.support.AbstractBeanFactory.lambda$doGetBean$0(AbstractBeanFactory.java:312) ~[spring-beans-5.0.4.RELEASE.jar:5.0.4.RELEASE]
	at org.springframework.beans.factory.support.DefaultSingletonBeanRegistry.getSingleton(DefaultSingletonBeanRegistry.java:228) ~[spring-beans-5.0.4.RELEASE.jar:5.0.4.RELEASE]
	at org.springframework.beans.factory.support.AbstractBeanFactory.doGetBean(AbstractBeanFactory.java:310) ~[spring-beans-5.0.4.RELEASE.jar:5.0.4.RELEASE]
	at org.springframework.beans.factory.support.AbstractBeanFactory.getBean(AbstractBeanFactory.java:200) ~[spring-beans-5.0.4.RELEASE.jar:5.0.4.RELEASE]
	at org.springframework.beans.factory.config.DependencyDescriptor.resolveCandidate(DependencyDescriptor.java:251) ~[spring-beans-5.0.4.RELEASE.jar:5.0.4.RELEASE]
	at org.springframework.beans.factory.support.DefaultListableBeanFactory.doResolveDependency(DefaultListableBeanFactory.java:1138) ~[spring-beans-5.0.4.RELEASE.jar:5.0.4.RELEASE]
	at org.springframework.beans.factory.support.DefaultListableBeanFactory.resolveDependency(DefaultListableBeanFactory.java:1065) ~[spring-beans-5.0.4.RELEASE.jar:5.0.4.RELEASE]
	at org.springframework.beans.factory.support.ConstructorResolver.resolveAutowiredArgument(ConstructorResolver.java:815) ~[spring-beans-5.0.4.RELEASE.jar:5.0.4.RELEASE]
	at org.springframework.beans.factory.support.ConstructorResolver.createArgumentArray(ConstructorResolver.java:721) ~[spring-beans-5.0.4.RELEASE.jar:5.0.4.RELEASE]
	... 45 common frames omitted
Caused by: org.springframework.beans.factory.BeanCreationException: Error creating bean with name 'userRepository': Invocation of init method failed; nested exception is java.lang.IllegalArgumentException: Failed to create query for method public abstract pl.edu.prz.kia.universityproject.model.User pl.edu.prz.kia.universityproject.repository.UserRepository.findOne(java.lang.Long)! No property findOne found for type User!
	at org.springframework.beans.factory.support.AbstractAutowireCapableBeanFactory.initializeBean(AbstractAutowireCapableBeanFactory.java:1710) ~[spring-beans-5.0.4.RELEASE.jar:5.0.4.RELEASE]
	at org.springframework.beans.factory.support.AbstractAutowireCapableBeanFactory.doCreateBean(AbstractAutowireCapableBeanFactory.java:583) ~[spring-beans-5.0.4.RELEASE.jar:5.0.4.RELEASE]
	at org.springframework.beans.factory.support.AbstractAutowireCapableBeanFactory.createBean(AbstractAutowireCapableBeanFactory.java:502) ~[spring-beans-5.0.4.RELEASE.jar:5.0.4.RELEASE]
	at org.springframework.beans.factory.support.AbstractBeanFactory.lambda$doGetBean$0(AbstractBeanFactory.java:312) ~[spring-beans-5.0.4.RELEASE.jar:5.0.4.RELEASE]
	at org.springframework.beans.factory.support.DefaultSingletonBeanRegistry.getSingleton(DefaultSingletonBeanRegistry.java:228) ~[spring-beans-5.0.4.RELEASE.jar:5.0.4.RELEASE]
	at org.springframework.beans.factory.support.AbstractBeanFactory.doGetBean(AbstractBeanFactory.java:310) ~[spring-beans-5.0.4.RELEASE.jar:5.0.4.RELEASE]
	at org.springframework.beans.factory.support.AbstractBeanFactory.getBean(AbstractBeanFactory.java:200) ~[spring-beans-5.0.4.RELEASE.jar:5.0.4.RELEASE]
	at org.springframework.beans.factory.config.DependencyDescriptor.resolveCandidate(DependencyDescriptor.java:251) ~[spring-beans-5.0.4.RELEASE.jar:5.0.4.RELEASE]
	at org.springframework.beans.factory.support.DefaultListableBeanFactory.doResolveDependency(DefaultListableBeanFactory.java:1138) ~[spring-beans-5.0.4.RELEASE.jar:5.0.4.RELEASE]
	at org.springframework.beans.factory.support.DefaultListableBeanFactory.resolveDependency(DefaultListableBeanFactory.java:1065) ~[spring-beans-5.0.4.RELEASE.jar:5.0.4.RELEASE]
	at org.springframework.beans.factory.support.ConstructorResolver.resolveAutowiredArgument(ConstructorResolver.java:815) ~[spring-beans-5.0.4.RELEASE.jar:5.0.4.RELEASE]
	at org.springframework.beans.factory.support.ConstructorResolver.createArgumentArray(ConstructorResolver.java:721) ~[spring-beans-5.0.4.RELEASE.jar:5.0.4.RELEASE]
	... 59 common frames omitted
Caused by: java.lang.IllegalArgumentException: Failed to create query for method public abstract pl.edu.prz.kia.universityproject.model.User pl.edu.prz.kia.universityproject.repository.UserRepository.findOne(java.lang.Long)! No property findOne found for type User!
	at org.springframework.data.jpa.repository.query.PartTreeJpaQuery.<init>(PartTreeJpaQuery.java:82) ~[spring-data-jpa-2.0.5.RELEASE.jar:2.0.5.RELEASE]
	at org.springframework.data.jpa.repository.query.JpaQueryLookupStrategy$CreateQueryLookupStrategy.resolveQuery(JpaQueryLookupStrategy.java:103) ~[spring-data-jpa-2.0.5.RELEASE.jar:2.0.5.RELEASE]
	at org.springframework.data.jpa.repository.query.JpaQueryLookupStrategy$CreateIfNotFoundQueryLookupStrategy.resolveQuery(JpaQueryLookupStrategy.java:208) ~[spring-data-jpa-2.0.5.RELEASE.jar:2.0.5.RELEASE]
	at org.springframework.data.jpa.repository.query.JpaQueryLookupStrategy$AbstractQueryLookupStrategy.resolveQuery(JpaQueryLookupStrategy.java:79) ~[spring-data-jpa-2.0.5.RELEASE.jar:2.0.5.RELEASE]
	at org.springframework.data.repository.core.support.RepositoryFactorySupport$QueryExecutorMethodInterceptor.lookupQuery(RepositoryFactorySupport.java:553) ~[spring-data-commons-2.0.5.RELEASE.jar:2.0.5.RELEASE]
	at org.springframework.data.repository.core.support.RepositoryFactorySupport$QueryExecutorMethodInterceptor.lambda$mapMethodsToQuery$1(RepositoryFactorySupport.java:546) ~[spring-data-commons-2.0.5.RELEASE.jar:2.0.5.RELEASE]
	at java.util.stream.ReferencePipeline$3$1.accept(ReferencePipeline.java:193) ~[na:1.8.0_121]
	at java.util.Iterator.forEachRemaining(Iterator.java:116) ~[na:1.8.0_121]
	at java.util.Collections$UnmodifiableCollection$1.forEachRemaining(Collections.java:1049) ~[na:1.8.0_121]
	at java.util.Spliterators$IteratorSpliterator.forEachRemaining(Spliterators.java:1801) ~[na:1.8.0_121]
	at java.util.stream.AbstractPipeline.copyInto(AbstractPipeline.java:481) ~[na:1.8.0_121]
	at java.util.stream.AbstractPipeline.wrapAndCopyInto(AbstractPipeline.java:471) ~[na:1.8.0_121]
	at java.util.stream.ReduceOps$ReduceOp.evaluateSequential(ReduceOps.java:708) ~[na:1.8.0_121]
	at java.util.stream.AbstractPipeline.evaluate(AbstractPipeline.java:234) ~[na:1.8.0_121]
	at java.util.stream.ReferencePipeline.collect(ReferencePipeline.java:499) ~[na:1.8.0_121]
	at org.springframework.data.repository.core.support.RepositoryFactorySupport$QueryExecutorMethodInterceptor.mapMethodsToQuery(RepositoryFactorySupport.java:548) ~[spring-data-commons-2.0.5.RELEASE.jar:2.0.5.RELEASE]
	at org.springframework.data.repository.core.support.RepositoryFactorySupport$QueryExecutorMethodInterceptor.lambda$new$0(RepositoryFactorySupport.java:538) ~[spring-data-commons-2.0.5.RELEASE.jar:2.0.5.RELEASE]
	at java.util.Optional.map(Optional.java:215) ~[na:1.8.0_121]
	at org.springframework.data.repository.core.support.RepositoryFactorySupport$QueryExecutorMethodInterceptor.<init>(RepositoryFactorySupport.java:538) ~[spring-data-commons-2.0.5.RELEASE.jar:2.0.5.RELEASE]
	at org.springframework.data.repository.core.support.RepositoryFactorySupport.getRepository(RepositoryFactorySupport.java:317) ~[spring-data-commons-2.0.5.RELEASE.jar:2.0.5.RELEASE]
	at org.springframework.data.repository.core.support.RepositoryFactoryBeanSupport.lambda$afterPropertiesSet$3(RepositoryFactoryBeanSupport.java:287) ~[spring-data-commons-2.0.5.RELEASE.jar:2.0.5.RELEASE]
	at org.springframework.data.util.Lazy.getNullable(Lazy.java:141) ~[spring-data-commons-2.0.5.RELEASE.jar:2.0.5.RELEASE]
	at org.springframework.data.util.Lazy.get(Lazy.java:63) ~[spring-data-commons-2.0.5.RELEASE.jar:2.0.5.RELEASE]
	at org.springframework.data.repository.core.support.RepositoryFactoryBeanSupport.afterPropertiesSet(RepositoryFactoryBeanSupport.java:290) ~[spring-data-commons-2.0.5.RELEASE.jar:2.0.5.RELEASE]
	at org.springframework.data.jpa.repository.support.JpaRepositoryFactoryBean.afterPropertiesSet(JpaRepositoryFactoryBean.java:102) ~[spring-data-jpa-2.0.5.RELEASE.jar:2.0.5.RELEASE]
	at org.springframework.beans.factory.support.AbstractAutowireCapableBeanFactory.invokeInitMethods(AbstractAutowireCapableBeanFactory.java:1769) ~[spring-beans-5.0.4.RELEASE.jar:5.0.4.RELEASE]
	at org.springframework.beans.factory.support.AbstractAutowireCapableBeanFactory.initializeBean(AbstractAutowireCapableBeanFactory.java:1706) ~[spring-beans-5.0.4.RELEASE.jar:5.0.4.RELEASE]
	... 70 common frames omitted
Caused by: org.springframework.data.mapping.PropertyReferenceException: No property findOne found for type User!
	at org.springframework.data.mapping.PropertyPath.<init>(PropertyPath.java:90) ~[spring-data-commons-2.0.5.RELEASE.jar:2.0.5.RELEASE]
	at org.springframework.data.mapping.PropertyPath.create(PropertyPath.java:350) ~[spring-data-commons-2.0.5.RELEASE.jar:2.0.5.RELEASE]
	at org.springframework.data.mapping.PropertyPath.create(PropertyPath.java:330) ~[spring-data-commons-2.0.5.RELEASE.jar:2.0.5.RELEASE]
	at org.springframework.data.mapping.PropertyPath.lambda$from$0(PropertyPath.java:283) ~[spring-data-commons-2.0.5.RELEASE.jar:2.0.5.RELEASE]
	at java.util.concurrent.ConcurrentMap.computeIfAbsent(ConcurrentMap.java:324) ~[na:1.8.0_121]
	at org.springframework.data.mapping.PropertyPath.from(PropertyPath.java:265) ~[spring-data-commons-2.0.5.RELEASE.jar:2.0.5.RELEASE]
	at org.springframework.data.mapping.PropertyPath.from(PropertyPath.java:248) ~[spring-data-commons-2.0.5.RELEASE.jar:2.0.5.RELEASE]
	at org.springframework.data.repository.query.parser.Part.<init>(Part.java:81) ~[spring-data-commons-2.0.5.RELEASE.jar:2.0.5.RELEASE]
	at org.springframework.data.repository.query.parser.PartTree$OrPart.lambda$new$0(PartTree.java:250) ~[spring-data-commons-2.0.5.RELEASE.jar:2.0.5.RELEASE]
	at java.util.stream.ReferencePipeline$3$1.accept(ReferencePipeline.java:193) ~[na:1.8.0_121]
	at java.util.stream.ReferencePipeline$2$1.accept(ReferencePipeline.java:175) ~[na:1.8.0_121]
	at java.util.Spliterators$ArraySpliterator.forEachRemaining(Spliterators.java:948) ~[na:1.8.0_121]
	at java.util.stream.AbstractPipeline.copyInto(AbstractPipeline.java:481) ~[na:1.8.0_121]
	at java.util.stream.AbstractPipeline.wrapAndCopyInto(AbstractPipeline.java:471) ~[na:1.8.0_121]
	at java.util.stream.ReduceOps$ReduceOp.evaluateSequential(ReduceOps.java:708) ~[na:1.8.0_121]
	at java.util.stream.AbstractPipeline.evaluate(AbstractPipeline.java:234) ~[na:1.8.0_121]
	at java.util.stream.ReferencePipeline.collect(ReferencePipeline.java:499) ~[na:1.8.0_121]
	at org.springframework.data.repository.query.parser.PartTree$OrPart.<init>(PartTree.java:251) ~[spring-data-commons-2.0.5.RELEASE.jar:2.0.5.RELEASE]
	at org.springframework.data.repository.query.parser.PartTree$Predicate.lambda$new$0(PartTree.java:380) ~[spring-data-commons-2.0.5.RELEASE.jar:2.0.5.RELEASE]
	at java.util.stream.ReferencePipeline$3$1.accept(ReferencePipeline.java:193) ~[na:1.8.0_121]
	at java.util.stream.ReferencePipeline$2$1.accept(ReferencePipeline.java:175) ~[na:1.8.0_121]
	at java.util.Spliterators$ArraySpliterator.forEachRemaining(Spliterators.java:948) ~[na:1.8.0_121]
	at java.util.stream.AbstractPipeline.copyInto(AbstractPipeline.java:481) ~[na:1.8.0_121]
	at java.util.stream.AbstractPipeline.wrapAndCopyInto(AbstractPipeline.java:471) ~[na:1.8.0_121]
	at java.util.stream.ReduceOps$ReduceOp.evaluateSequential(ReduceOps.java:708) ~[na:1.8.0_121]
	at java.util.stream.AbstractPipeline.evaluate(AbstractPipeline.java:234) ~[na:1.8.0_121]
	at java.util.stream.ReferencePipeline.collect(ReferencePipeline.java:499) ~[na:1.8.0_121]
	at org.springframework.data.repository.query.parser.PartTree$Predicate.<init>(PartTree.java:381) ~[spring-data-commons-2.0.5.RELEASE.jar:2.0.5.RELEASE]
	at org.springframework.data.repository.query.parser.PartTree.<init>(PartTree.java:93) ~[spring-data-commons-2.0.5.RELEASE.jar:2.0.5.RELEASE]
	at org.springframework.data.jpa.repository.query.PartTreeJpaQuery.<init>(PartTreeJpaQuery.java:76) ~[spring-data-jpa-2.0.5.RELEASE.jar:2.0.5.RELEASE]
	... 96 common frames omitted

2018-05-23 15:03:51.976 ERROR 204 --- [           main] o.s.test.context.TestContextManager      : Caught exception while allowing TestExecutionListener [org.springframework.test.context.web.ServletTestExecutionListener@3eb738bb] to prepare test instance [pl.edu.prz.kia.universityproject.UniversityProjectApplicationTests@4f3356c0]

java.lang.IllegalStateException: Failed to load ApplicationContext
	at org.springframework.test.context.cache.DefaultCacheAwareContextLoaderDelegate.loadContext(DefaultCacheAwareContextLoaderDelegate.java:125) ~[spring-test-5.0.4.RELEASE.jar:5.0.4.RELEASE]
	at org.springframework.test.context.support.DefaultTestContext.getApplicationContext(DefaultTestContext.java:107) ~[spring-test-5.0.4.RELEASE.jar:5.0.4.RELEASE]
	at org.springframework.test.context.web.ServletTestExecutionListener.setUpRequestContextIfNecessary(ServletTestExecutionListener.java:190) ~[spring-test-5.0.4.RELEASE.jar:5.0.4.RELEASE]
	at org.springframework.test.context.web.ServletTestExecutionListener.prepareTestInstance(ServletTestExecutionListener.java:132) ~[spring-test-5.0.4.RELEASE.jar:5.0.4.RELEASE]
	at org.springframework.test.context.TestContextManager.prepareTestInstance(TestContextManager.java:242) ~[spring-test-5.0.4.RELEASE.jar:5.0.4.RELEASE]
	at org.springframework.test.context.junit4.SpringJUnit4ClassRunner.createTest(SpringJUnit4ClassRunner.java:227) [spring-test-5.0.4.RELEASE.jar:5.0.4.RELEASE]
	at org.springframework.test.context.junit4.SpringJUnit4ClassRunner$1.runReflectiveCall(SpringJUnit4ClassRunner.java:289) [spring-test-5.0.4.RELEASE.jar:5.0.4.RELEASE]
	at org.junit.internal.runners.model.ReflectiveCallable.run(ReflectiveCallable.java:12) [junit-4.12.jar:4.12]
	at org.springframework.test.context.junit4.SpringJUnit4ClassRunner.methodBlock(SpringJUnit4ClassRunner.java:291) [spring-test-5.0.4.RELEASE.jar:5.0.4.RELEASE]
	at org.springframework.test.context.junit4.SpringJUnit4ClassRunner.runChild(SpringJUnit4ClassRunner.java:246) [spring-test-5.0.4.RELEASE.jar:5.0.4.RELEASE]
	at org.springframework.test.context.junit4.SpringJUnit4ClassRunner.runChild(SpringJUnit4ClassRunner.java:97) [spring-test-5.0.4.RELEASE.jar:5.0.4.RELEASE]
	at org.junit.runners.ParentRunner$3.run(ParentRunner.java:290) [junit-4.12.jar:4.12]
	at org.junit.runners.ParentRunner$1.schedule(ParentRunner.java:71) [junit-4.12.jar:4.12]
	at org.junit.runners.ParentRunner.runChildren(ParentRunner.java:288) [junit-4.12.jar:4.12]
	at org.junit.runners.ParentRunner.access$000(ParentRunner.java:58) [junit-4.12.jar:4.12]
	at org.junit.runners.ParentRunner$2.evaluate(ParentRunner.java:268) [junit-4.12.jar:4.12]
	at org.springframework.test.context.junit4.statements.RunBeforeTestClassCallbacks.evaluate(RunBeforeTestClassCallbacks.java:61) [spring-test-5.0.4.RELEASE.jar:5.0.4.RELEASE]
	at org.springframework.test.context.junit4.statements.RunAfterTestClassCallbacks.evaluate(RunAfterTestClassCallbacks.java:70) [spring-test-5.0.4.RELEASE.jar:5.0.4.RELEASE]
	at org.junit.runners.ParentRunner.run(ParentRunner.java:363) [junit-4.12.jar:4.12]
	at org.springframework.test.context.junit4.SpringJUnit4ClassRunner.run(SpringJUnit4ClassRunner.java:190) [spring-test-5.0.4.RELEASE.jar:5.0.4.RELEASE]
	at org.apache.maven.surefire.junit4.JUnit4Provider.execute(JUnit4Provider.java:369) [surefire-junit4-2.20.1.jar:2.20.1]
	at org.apache.maven.surefire.junit4.JUnit4Provider.executeWithRerun(JUnit4Provider.java:275) [surefire-junit4-2.20.1.jar:2.20.1]
	at org.apache.maven.surefire.junit4.JUnit4Provider.executeTestSet(JUnit4Provider.java:239) [surefire-junit4-2.20.1.jar:2.20.1]
	at org.apache.maven.surefire.junit4.JUnit4Provider.invoke(JUnit4Provider.java:160) [surefire-junit4-2.20.1.jar:2.20.1]
	at org.apache.maven.surefire.booter.ForkedBooter.invokeProviderInSameClassLoader(ForkedBooter.java:373) [surefire-booter-2.20.1.jar:2.20.1]
	at org.apache.maven.surefire.booter.ForkedBooter.runSuitesInProcess(ForkedBooter.java:334) [surefire-booter-2.20.1.jar:2.20.1]
	at org.apache.maven.surefire.booter.ForkedBooter.execute(ForkedBooter.java:119) [surefire-booter-2.20.1.jar:2.20.1]
	at org.apache.maven.surefire.booter.ForkedBooter.main(ForkedBooter.java:407) [surefire-booter-2.20.1.jar:2.20.1]
Caused by: org.springframework.beans.factory.UnsatisfiedDependencyException: Error creating bean with name 'adminController' defined in file [/root/workspace/rmitula/spring-mvc-university-project/382662043/target/classes/pl/edu/prz/kia/universityproject/controller/AdminController.class]: Unsatisfied dependency expressed through constructor parameter 0; nested exception is org.springframework.beans.factory.UnsatisfiedDependencyException: Error creating bean with name 'userService' defined in file [/root/workspace/rmitula/spring-mvc-university-project/382662043/target/classes/pl/edu/prz/kia/universityproject/service/UserServiceImpl.class]: Unsatisfied dependency expressed through constructor parameter 0; nested exception is org.springframework.beans.factory.BeanCreationException: Error creating bean with name 'userRepository': Invocation of init method failed; nested exception is java.lang.IllegalArgumentException: Failed to create query for method public abstract pl.edu.prz.kia.universityproject.model.User pl.edu.prz.kia.universityproject.repository.UserRepository.findOne(java.lang.Long)! No property findOne found for type User!
	at org.springframework.beans.factory.support.ConstructorResolver.createArgumentArray(ConstructorResolver.java:729) ~[spring-beans-5.0.4.RELEASE.jar:5.0.4.RELEASE]
	at org.springframework.beans.factory.support.ConstructorResolver.autowireConstructor(ConstructorResolver.java:192) ~[spring-beans-5.0.4.RELEASE.jar:5.0.4.RELEASE]
	at org.springframework.beans.factory.support.AbstractAutowireCapableBeanFactory.autowireConstructor(AbstractAutowireCapableBeanFactory.java:1270) ~[spring-beans-5.0.4.RELEASE.jar:5.0.4.RELEASE]
	at org.springframework.beans.factory.support.AbstractAutowireCapableBeanFactory.createBeanInstance(AbstractAutowireCapableBeanFactory.java:1127) ~[spring-beans-5.0.4.RELEASE.jar:5.0.4.RELEASE]
	at org.springframework.beans.factory.support.AbstractAutowireCapableBeanFactory.doCreateBean(AbstractAutowireCapableBeanFactory.java:545) ~[spring-beans-5.0.4.RELEASE.jar:5.0.4.RELEASE]
	at org.springframework.beans.factory.support.AbstractAutowireCapableBeanFactory.createBean(AbstractAutowireCapableBeanFactory.java:502) ~[spring-beans-5.0.4.RELEASE.jar:5.0.4.RELEASE]
	at org.springframework.beans.factory.support.AbstractBeanFactory.lambda$doGetBean$0(AbstractBeanFactory.java:312) ~[spring-beans-5.0.4.RELEASE.jar:5.0.4.RELEASE]
	at org.springframework.beans.factory.support.DefaultSingletonBeanRegistry.getSingleton(DefaultSingletonBeanRegistry.java:228) ~[spring-beans-5.0.4.RELEASE.jar:5.0.4.RELEASE]
	at org.springframework.beans.factory.support.AbstractBeanFactory.doGetBean(AbstractBeanFactory.java:310) ~[spring-beans-5.0.4.RELEASE.jar:5.0.4.RELEASE]
	at org.springframework.beans.factory.support.AbstractBeanFactory.getBean(AbstractBeanFactory.java:200) ~[spring-beans-5.0.4.RELEASE.jar:5.0.4.RELEASE]
	at org.springframework.beans.factory.support.DefaultListableBeanFactory.preInstantiateSingletons(DefaultListableBeanFactory.java:760) ~[spring-beans-5.0.4.RELEASE.jar:5.0.4.RELEASE]
	at org.springframework.context.support.AbstractApplicationContext.finishBeanFactoryInitialization(AbstractApplicationContext.java:868) ~[spring-context-5.0.4.RELEASE.jar:5.0.4.RELEASE]
	at org.springframework.context.support.AbstractApplicationContext.refresh(AbstractApplicationContext.java:549) ~[spring-context-5.0.4.RELEASE.jar:5.0.4.RELEASE]
	at org.springframework.boot.SpringApplication.refresh(SpringApplication.java:752) ~[spring-boot-2.0.0.RELEASE.jar:2.0.0.RELEASE]
	at org.springframework.boot.SpringApplication.refreshContext(SpringApplication.java:388) ~[spring-boot-2.0.0.RELEASE.jar:2.0.0.RELEASE]
	at org.springframework.boot.SpringApplication.run(SpringApplication.java:327) ~[spring-boot-2.0.0.RELEASE.jar:2.0.0.RELEASE]
	at org.springframework.boot.test.context.SpringBootContextLoader.loadContext(SpringBootContextLoader.java:138) ~[spring-boot-test-2.0.0.RELEASE.jar:2.0.0.RELEASE]
	at org.springframework.test.context.cache.DefaultCacheAwareContextLoaderDelegate.loadContextInternal(DefaultCacheAwareContextLoaderDelegate.java:99) ~[spring-test-5.0.4.RELEASE.jar:5.0.4.RELEASE]
	at org.springframework.test.context.cache.DefaultCacheAwareContextLoaderDelegate.loadContext(DefaultCacheAwareContextLoaderDelegate.java:117) ~[spring-test-5.0.4.RELEASE.jar:5.0.4.RELEASE]
	... 27 common frames omitted
Caused by: org.springframework.beans.factory.UnsatisfiedDependencyException: Error creating bean with name 'userService' defined in file [/root/workspace/rmitula/spring-mvc-university-project/382662043/target/classes/pl/edu/prz/kia/universityproject/service/UserServiceImpl.class]: Unsatisfied dependency expressed through constructor parameter 0; nested exception is org.springframework.beans.factory.BeanCreationException: Error creating bean with name 'userRepository': Invocation of init method failed; nested exception is java.lang.IllegalArgumentException: Failed to create query for method public abstract pl.edu.prz.kia.universityproject.model.User pl.edu.prz.kia.universityproject.repository.UserRepository.findOne(java.lang.Long)! No property findOne found for type User!
	at org.springframework.beans.factory.support.ConstructorResolver.createArgumentArray(ConstructorResolver.java:729) ~[spring-beans-5.0.4.RELEASE.jar:5.0.4.RELEASE]
	at org.springframework.beans.factory.support.ConstructorResolver.autowireConstructor(ConstructorResolver.java:192) ~[spring-beans-5.0.4.RELEASE.jar:5.0.4.RELEASE]
	at org.springframework.beans.factory.support.AbstractAutowireCapableBeanFactory.autowireConstructor(AbstractAutowireCapableBeanFactory.java:1270) ~[spring-beans-5.0.4.RELEASE.jar:5.0.4.RELEASE]
	at org.springframework.beans.factory.support.AbstractAutowireCapableBeanFactory.createBeanInstance(AbstractAutowireCapableBeanFactory.java:1127) ~[spring-beans-5.0.4.RELEASE.jar:5.0.4.RELEASE]
	at org.springframework.beans.factory.support.AbstractAutowireCapableBeanFactory.doCreateBean(AbstractAutowireCapableBeanFactory.java:545) ~[spring-beans-5.0.4.RELEASE.jar:5.0.4.RELEASE]
	at org.springframework.beans.factory.support.AbstractAutowireCapableBeanFactory.createBean(AbstractAutowireCapableBeanFactory.java:502) ~[spring-beans-5.0.4.RELEASE.jar:5.0.4.RELEASE]
	at org.springframework.beans.factory.support.AbstractBeanFactory.lambda$doGetBean$0(AbstractBeanFactory.java:312) ~[spring-beans-5.0.4.RELEASE.jar:5.0.4.RELEASE]
	at org.springframework.beans.factory.support.DefaultSingletonBeanRegistry.getSingleton(DefaultSingletonBeanRegistry.java:228) ~[spring-beans-5.0.4.RELEASE.jar:5.0.4.RELEASE]
	at org.springframework.beans.factory.support.AbstractBeanFactory.doGetBean(AbstractBeanFactory.java:310) ~[spring-beans-5.0.4.RELEASE.jar:5.0.4.RELEASE]
	at org.springframework.beans.factory.support.AbstractBeanFactory.getBean(AbstractBeanFactory.java:200) ~[spring-beans-5.0.4.RELEASE.jar:5.0.4.RELEASE]
	at org.springframework.beans.factory.config.DependencyDescriptor.resolveCandidate(DependencyDescriptor.java:251) ~[spring-beans-5.0.4.RELEASE.jar:5.0.4.RELEASE]
	at org.springframework.beans.factory.support.DefaultListableBeanFactory.doResolveDependency(DefaultListableBeanFactory.java:1138) ~[spring-beans-5.0.4.RELEASE.jar:5.0.4.RELEASE]
	at org.springframework.beans.factory.support.DefaultListableBeanFactory.resolveDependency(DefaultListableBeanFactory.java:1065) ~[spring-beans-5.0.4.RELEASE.jar:5.0.4.RELEASE]
	at org.springframework.beans.factory.support.ConstructorResolver.resolveAutowiredArgument(ConstructorResolver.java:815) ~[spring-beans-5.0.4.RELEASE.jar:5.0.4.RELEASE]
	at org.springframework.beans.factory.support.ConstructorResolver.createArgumentArray(ConstructorResolver.java:721) ~[spring-beans-5.0.4.RELEASE.jar:5.0.4.RELEASE]
	... 45 common frames omitted
Caused by: org.springframework.beans.factory.BeanCreationException: Error creating bean with name 'userRepository': Invocation of init method failed; nested exception is java.lang.IllegalArgumentException: Failed to create query for method public abstract pl.edu.prz.kia.universityproject.model.User pl.edu.prz.kia.universityproject.repository.UserRepository.findOne(java.lang.Long)! No property findOne found for type User!
	at org.springframework.beans.factory.support.AbstractAutowireCapableBeanFactory.initializeBean(AbstractAutowireCapableBeanFactory.java:1710) ~[spring-beans-5.0.4.RELEASE.jar:5.0.4.RELEASE]
	at org.springframework.beans.factory.support.AbstractAutowireCapableBeanFactory.doCreateBean(AbstractAutowireCapableBeanFactory.java:583) ~[spring-beans-5.0.4.RELEASE.jar:5.0.4.RELEASE]
	at org.springframework.beans.factory.support.AbstractAutowireCapableBeanFactory.createBean(AbstractAutowireCapableBeanFactory.java:502) ~[spring-beans-5.0.4.RELEASE.jar:5.0.4.RELEASE]
	at org.springframework.beans.factory.support.AbstractBeanFactory.lambda$doGetBean$0(AbstractBeanFactory.java:312) ~[spring-beans-5.0.4.RELEASE.jar:5.0.4.RELEASE]
	at org.springframework.beans.factory.support.DefaultSingletonBeanRegistry.getSingleton(DefaultSingletonBeanRegistry.java:228) ~[spring-beans-5.0.4.RELEASE.jar:5.0.4.RELEASE]
	at org.springframework.beans.factory.support.AbstractBeanFactory.doGetBean(AbstractBeanFactory.java:310) ~[spring-beans-5.0.4.RELEASE.jar:5.0.4.RELEASE]
	at org.springframework.beans.factory.support.AbstractBeanFactory.getBean(AbstractBeanFactory.java:200) ~[spring-beans-5.0.4.RELEASE.jar:5.0.4.RELEASE]
	at org.springframework.beans.factory.config.DependencyDescriptor.resolveCandidate(DependencyDescriptor.java:251) ~[spring-beans-5.0.4.RELEASE.jar:5.0.4.RELEASE]
	at org.springframework.beans.factory.support.DefaultListableBeanFactory.doResolveDependency(DefaultListableBeanFactory.java:1138) ~[spring-beans-5.0.4.RELEASE.jar:5.0.4.RELEASE]
	at org.springframework.beans.factory.support.DefaultListableBeanFactory.resolveDependency(DefaultListableBeanFactory.java:1065) ~[spring-beans-5.0.4.RELEASE.jar:5.0.4.RELEASE]
	at org.springframework.beans.factory.support.ConstructorResolver.resolveAutowiredArgument(ConstructorResolver.java:815) ~[spring-beans-5.0.4.RELEASE.jar:5.0.4.RELEASE]
	at org.springframework.beans.factory.support.ConstructorResolver.createArgumentArray(ConstructorResolver.java:721) ~[spring-beans-5.0.4.RELEASE.jar:5.0.4.RELEASE]
	... 59 common frames omitted
Caused by: java.lang.IllegalArgumentException: Failed to create query for method public abstract pl.edu.prz.kia.universityproject.model.User pl.edu.prz.kia.universityproject.repository.UserRepository.findOne(java.lang.Long)! No property findOne found for type User!
	at org.springframework.data.jpa.repository.query.PartTreeJpaQuery.<init>(PartTreeJpaQuery.java:82) ~[spring-data-jpa-2.0.5.RELEASE.jar:2.0.5.RELEASE]
	at org.springframework.data.jpa.repository.query.JpaQueryLookupStrategy$CreateQueryLookupStrategy.resolveQuery(JpaQueryLookupStrategy.java:103) ~[spring-data-jpa-2.0.5.RELEASE.jar:2.0.5.RELEASE]
	at org.springframework.data.jpa.repository.query.JpaQueryLookupStrategy$CreateIfNotFoundQueryLookupStrategy.resolveQuery(JpaQueryLookupStrategy.java:208) ~[spring-data-jpa-2.0.5.RELEASE.jar:2.0.5.RELEASE]
	at org.springframework.data.jpa.repository.query.JpaQueryLookupStrategy$AbstractQueryLookupStrategy.resolveQuery(JpaQueryLookupStrategy.java:79) ~[spring-data-jpa-2.0.5.RELEASE.jar:2.0.5.RELEASE]
	at org.springframework.data.repository.core.support.RepositoryFactorySupport$QueryExecutorMethodInterceptor.lookupQuery(RepositoryFactorySupport.java:553) ~[spring-data-commons-2.0.5.RELEASE.jar:2.0.5.RELEASE]
	at org.springframework.data.repository.core.support.RepositoryFactorySupport$QueryExecutorMethodInterceptor.lambda$mapMethodsToQuery$1(RepositoryFactorySupport.java:546) ~[spring-data-commons-2.0.5.RELEASE.jar:2.0.5.RELEASE]
	at java.util.stream.ReferencePipeline$3$1.accept(ReferencePipeline.java:193) ~[na:1.8.0_121]
	at java.util.Iterator.forEachRemaining(Iterator.java:116) ~[na:1.8.0_121]
	at java.util.Collections$UnmodifiableCollection$1.forEachRemaining(Collections.java:1049) ~[na:1.8.0_121]
	at java.util.Spliterators$IteratorSpliterator.forEachRemaining(Spliterators.java:1801) ~[na:1.8.0_121]
	at java.util.stream.AbstractPipeline.copyInto(AbstractPipeline.java:481) ~[na:1.8.0_121]
	at java.util.stream.AbstractPipeline.wrapAndCopyInto(AbstractPipeline.java:471) ~[na:1.8.0_121]
	at java.util.stream.ReduceOps$ReduceOp.evaluateSequential(ReduceOps.java:708) ~[na:1.8.0_121]
	at java.util.stream.AbstractPipeline.evaluate(AbstractPipeline.java:234) ~[na:1.8.0_121]
	at java.util.stream.ReferencePipeline.collect(ReferencePipeline.java:499) ~[na:1.8.0_121]
	at org.springframework.data.repository.core.support.RepositoryFactorySupport$QueryExecutorMethodInterceptor.mapMethodsToQuery(RepositoryFactorySupport.java:548) ~[spring-data-commons-2.0.5.RELEASE.jar:2.0.5.RELEASE]
	at org.springframework.data.repository.core.support.RepositoryFactorySupport$QueryExecutorMethodInterceptor.lambda$new$0(RepositoryFactorySupport.java:538) ~[spring-data-commons-2.0.5.RELEASE.jar:2.0.5.RELEASE]
	at java.util.Optional.map(Optional.java:215) ~[na:1.8.0_121]
	at org.springframework.data.repository.core.support.RepositoryFactorySupport$QueryExecutorMethodInterceptor.<init>(RepositoryFactorySupport.java:538) ~[spring-data-commons-2.0.5.RELEASE.jar:2.0.5.RELEASE]
	at org.springframework.data.repository.core.support.RepositoryFactorySupport.getRepository(RepositoryFactorySupport.java:317) ~[spring-data-commons-2.0.5.RELEASE.jar:2.0.5.RELEASE]
	at org.springframework.data.repository.core.support.RepositoryFactoryBeanSupport.lambda$afterPropertiesSet$3(RepositoryFactoryBeanSupport.java:287) ~[spring-data-commons-2.0.5.RELEASE.jar:2.0.5.RELEASE]
	at org.springframework.data.util.Lazy.getNullable(Lazy.java:141) ~[spring-data-commons-2.0.5.RELEASE.jar:2.0.5.RELEASE]
	at org.springframework.data.util.Lazy.get(Lazy.java:63) ~[spring-data-commons-2.0.5.RELEASE.jar:2.0.5.RELEASE]
	at org.springframework.data.repository.core.support.RepositoryFactoryBeanSupport.afterPropertiesSet(RepositoryFactoryBeanSupport.java:290) ~[spring-data-commons-2.0.5.RELEASE.jar:2.0.5.RELEASE]
	at org.springframework.data.jpa.repository.support.JpaRepositoryFactoryBean.afterPropertiesSet(JpaRepositoryFactoryBean.java:102) ~[spring-data-jpa-2.0.5.RELEASE.jar:2.0.5.RELEASE]
	at org.springframework.beans.factory.support.AbstractAutowireCapableBeanFactory.invokeInitMethods(AbstractAutowireCapableBeanFactory.java:1769) ~[spring-beans-5.0.4.RELEASE.jar:5.0.4.RELEASE]
	at org.springframework.beans.factory.support.AbstractAutowireCapableBeanFactory.initializeBean(AbstractAutowireCapableBeanFactory.java:1706) ~[spring-beans-5.0.4.RELEASE.jar:5.0.4.RELEASE]
	... 70 common frames omitted
Caused by: org.springframework.data.mapping.PropertyReferenceException: No property findOne found for type User!
	at org.springframework.data.mapping.PropertyPath.<init>(PropertyPath.java:90) ~[spring-data-commons-2.0.5.RELEASE.jar:2.0.5.RELEASE]
	at org.springframework.data.mapping.PropertyPath.create(PropertyPath.java:350) ~[spring-data-commons-2.0.5.RELEASE.jar:2.0.5.RELEASE]
	at org.springframework.data.mapping.PropertyPath.create(PropertyPath.java:330) ~[spring-data-commons-2.0.5.RELEASE.jar:2.0.5.RELEASE]
	at org.springframework.data.mapping.PropertyPath.lambda$from$0(PropertyPath.java:283) ~[spring-data-commons-2.0.5.RELEASE.jar:2.0.5.RELEASE]
	at java.util.concurrent.ConcurrentMap.computeIfAbsent(ConcurrentMap.java:324) ~[na:1.8.0_121]
	at org.springframework.data.mapping.PropertyPath.from(PropertyPath.java:265) ~[spring-data-commons-2.0.5.RELEASE.jar:2.0.5.RELEASE]
	at org.springframework.data.mapping.PropertyPath.from(PropertyPath.java:248) ~[spring-data-commons-2.0.5.RELEASE.jar:2.0.5.RELEASE]
	at org.springframework.data.repository.query.parser.Part.<init>(Part.java:81) ~[spring-data-commons-2.0.5.RELEASE.jar:2.0.5.RELEASE]
	at org.springframework.data.repository.query.parser.PartTree$OrPart.lambda$new$0(PartTree.java:250) ~[spring-data-commons-2.0.5.RELEASE.jar:2.0.5.RELEASE]
	at java.util.stream.ReferencePipeline$3$1.accept(ReferencePipeline.java:193) ~[na:1.8.0_121]
	at java.util.stream.ReferencePipeline$2$1.accept(ReferencePipeline.java:175) ~[na:1.8.0_121]
	at java.util.Spliterators$ArraySpliterator.forEachRemaining(Spliterators.java:948) ~[na:1.8.0_121]
	at java.util.stream.AbstractPipeline.copyInto(AbstractPipeline.java:481) ~[na:1.8.0_121]
	at java.util.stream.AbstractPipeline.wrapAndCopyInto(AbstractPipeline.java:471) ~[na:1.8.0_121]
	at java.util.stream.ReduceOps$ReduceOp.evaluateSequential(ReduceOps.java:708) ~[na:1.8.0_121]
	at java.util.stream.AbstractPipeline.evaluate(AbstractPipeline.java:234) ~[na:1.8.0_121]
	at java.util.stream.ReferencePipeline.collect(ReferencePipeline.java:499) ~[na:1.8.0_121]
	at org.springframework.data.repository.query.parser.PartTree$OrPart.<init>(PartTree.java:251) ~[spring-data-commons-2.0.5.RELEASE.jar:2.0.5.RELEASE]
	at org.springframework.data.repository.query.parser.PartTree$Predicate.lambda$new$0(PartTree.java:380) ~[spring-data-commons-2.0.5.RELEASE.jar:2.0.5.RELEASE]
	at java.util.stream.ReferencePipeline$3$1.accept(ReferencePipeline.java:193) ~[na:1.8.0_121]
	at java.util.stream.ReferencePipeline$2$1.accept(ReferencePipeline.java:175) ~[na:1.8.0_121]
	at java.util.Spliterators$ArraySpliterator.forEachRemaining(Spliterators.java:948) ~[na:1.8.0_121]
	at java.util.stream.AbstractPipeline.copyInto(AbstractPipeline.java:481) ~[na:1.8.0_121]
	at java.util.stream.AbstractPipeline.wrapAndCopyInto(AbstractPipeline.java:471) ~[na:1.8.0_121]
	at java.util.stream.ReduceOps$ReduceOp.evaluateSequential(ReduceOps.java:708) ~[na:1.8.0_121]
	at java.util.stream.AbstractPipeline.evaluate(AbstractPipeline.java:234) ~[na:1.8.0_121]
	at java.util.stream.ReferencePipeline.collect(ReferencePipeline.java:499) ~[na:1.8.0_121]
	at org.springframework.data.repository.query.parser.PartTree$Predicate.<init>(PartTree.java:381) ~[spring-data-commons-2.0.5.RELEASE.jar:2.0.5.RELEASE]
	at org.springframework.data.repository.query.parser.PartTree.<init>(PartTree.java:93) ~[spring-data-commons-2.0.5.RELEASE.jar:2.0.5.RELEASE]
	at org.springframework.data.jpa.repository.query.PartTreeJpaQuery.<init>(PartTreeJpaQuery.java:76) ~[spring-data-jpa-2.0.5.RELEASE.jar:2.0.5.RELEASE]
	... 96 common frames omitted

]]></system-out>
  </testcase>
</testsuite>