<?xml version="1.0" encoding="UTF-8" ?>
<testsuite tests="2" failures="1" name="innovimax.mixthem.GenericTest" time="1.327" errors="0" skipped="0">
  <properties>
    <property name="java.runtime.name" value="OpenJDK Runtime Environment"/>
    <property name="sun.boot.library.path" value="/usr/lib/jvm/java-8-openjdk-amd64/jre/lib/amd64"/>
    <property name="java.vm.version" value="25.121-b13"/>
    <property name="java.vm.vendor" value="Oracle Corporation"/>
    <property name="maven.multiModuleProjectDirectory" value="/root/workspace/Innovimax-SARL/mix-them/389647595"/>
    <property name="java.vendor.url" value="http://java.oracle.com/"/>
    <property name="path.separator" value=":"/>
    <property name="guice.disable.misplaced.annotation.check" value="true"/>
    <property name="skip.gulp" value="true"/>
    <property name="java.vm.name" value="OpenJDK 64-Bit Server VM"/>
    <property name="file.encoding.pkg" value="sun.io"/>
    <property name="sun.java.launcher" value="SUN_STANDARD"/>
    <property name="sun.os.patch.level" value="unknown"/>
    <property name="findbugs.skip" value="true"/>
    <property name="java.vm.specification.name" value="Java Virtual Machine Specification"/>
    <property name="user.dir" value="/root/workspace/Innovimax-SARL/mix-them/389647595"/>
    <property name="checkstyle.skip" value="true"/>
    <property name="java.runtime.version" value="1.8.0_121-8u121-b13-1~bpo8+1-b13"/>
    <property name="java.awt.graphicsenv" value="sun.awt.X11GraphicsEnvironment"/>
    <property name="skip.npm" value="true"/>
    <property name="java.endorsed.dirs" value="/usr/lib/jvm/java-8-openjdk-amd64/jre/lib/endorsed"/>
    <property name="os.arch" value="amd64"/>
    <property name="java.io.tmpdir" value="/tmp"/>
    <property name="gpg.skip" value="true"/>
    <property name="line.separator" value="
"/>
    <property name="java.vm.specification.vendor" value="Oracle Corporation"/>
    <property name="cobertura.skip" value="true"/>
    <property name="os.name" value="Linux"/>
    <property name="classworlds.conf" value="/usr/share/maven/bin/m2.conf"/>
    <property name="sun.jnu.encoding" value="UTF-8"/>
    <property name="java.library.path" value="/usr/java/packages/lib/amd64:/usr/lib/x86_64-linux-gnu/jni:/lib/x86_64-linux-gnu:/usr/lib/x86_64-linux-gnu:/usr/lib/jni:/lib:/usr/lib"/>
    <property name="license.skip" value="true"/>
    <property name="java.specification.name" value="Java Platform API Specification"/>
    <property name="java.class.version" value="52.0"/>
    <property name="sun.management.compiler" value="HotSpot 64-Bit Tiered Compilers"/>
    <property name="skip.bower" value="true"/>
    <property name="maven.repo.local" value="/root/./workspace/Innovimax-SARL/mix-them/389647595/.m2"/>
    <property name="os.version" value="3.10.0-862.3.2.el7.x86_64"/>
    <property name="user.home" value="/root"/>
    <property name="user.timezone" value="Europe/Paris"/>
    <property name="java.awt.printerjob" value="sun.print.PSPrinterJob"/>
    <property name="java.specification.version" value="1.8"/>
    <property name="file.encoding" value="UTF-8"/>
    <property name="user.name" value="root"/>
    <property name="java.class.path" value="/usr/share/maven/boot/plexus-classworlds-2.5.2.jar"/>
    <property name="skipITs" value="true"/>
    <property name="java.vm.specification.version" value="1.8"/>
    <property name="sun.arch.data.model" value="64"/>
    <property name="java.home" value="/usr/lib/jvm/java-8-openjdk-amd64/jre"/>
    <property name="sun.java.command" value="org.codehaus.plexus.classworlds.launcher.Launcher -B -D enforcer.skip=true -D dependency-check.skip=true -D skipITs=true -D cobertura.skip=true -D maven.repo.local=/root/./workspace/Innovimax-SARL/mix-them/389647595/.m2 -D rat.skip=true -D findbugs.skip=true -D skip.bower=true -D gpg.skip=true -D checkstyle.skip=true -D skip.gulp=true -D license.skip=true -D skip.npm=true test"/>
    <property name="java.specification.vendor" value="Oracle Corporation"/>
    <property name="user.language" value="en"/>
    <property name="awt.toolkit" value="sun.awt.X11.XToolkit"/>
    <property name="dependency-check.skip" value="true"/>
    <property name="java.vm.info" value="mixed mode"/>
    <property name="java.version" value="1.8.0_121"/>
    <property name="java.ext.dirs" value="/usr/lib/jvm/java-8-openjdk-amd64/jre/lib/ext:/usr/java/packages/lib/ext"/>
    <property name="securerandom.source" value="file:/dev/./urandom"/>
    <property name="sun.boot.class.path" value="/usr/lib/jvm/java-8-openjdk-amd64/jre/lib/resources.jar:/usr/lib/jvm/java-8-openjdk-amd64/jre/lib/rt.jar:/usr/lib/jvm/java-8-openjdk-amd64/jre/lib/sunrsasign.jar:/usr/lib/jvm/java-8-openjdk-amd64/jre/lib/jsse.jar:/usr/lib/jvm/java-8-openjdk-amd64/jre/lib/jce.jar:/usr/lib/jvm/java-8-openjdk-amd64/jre/lib/charsets.jar:/usr/lib/jvm/java-8-openjdk-amd64/jre/lib/jfr.jar:/usr/lib/jvm/java-8-openjdk-amd64/jre/classes"/>
    <property name="java.vendor" value="Oracle Corporation"/>
    <property name="enforcer.skip" value="true"/>
    <property name="rat.skip" value="true"/>
    <property name="maven.home" value="/usr/share/maven"/>
    <property name="file.separator" value="/"/>
    <property name="java.vendor.url.bug" value="http://bugreport.sun.com/bugreport/"/>
    <property name="sun.cpu.endian" value="little"/>
    <property name="sun.io.unicode.encoding" value="UnicodeLittle"/>
    <property name="sun.cpu.isalist" value=""/>
  </properties>
  <testcase classname="innovimax.mixthem.GenericTest" name="testCharRules" time="1.265">
    <failure type="java.lang.AssertionError">java.lang.AssertionError
	at org.junit.Assert.fail(Assert.java:86)
	at org.junit.Assert.assertTrue(Assert.java:41)
	at org.junit.Assert.assertTrue(Assert.java:52)
	at innovimax.mixthem.GenericTest.testRules(GenericTest.java:115)
	at innovimax.mixthem.GenericTest.testCharRules(GenericTest.java:40)
	at sun.reflect.NativeMethodAccessorImpl.invoke0(Native Method)
	at sun.reflect.NativeMethodAccessorImpl.invoke(NativeMethodAccessorImpl.java:62)
	at sun.reflect.DelegatingMethodAccessorImpl.invoke(DelegatingMethodAccessorImpl.java:43)
	at java.lang.reflect.Method.invoke(Method.java:498)
	at org.junit.runners.model.FrameworkMethod$1.runReflectiveCall(FrameworkMethod.java:50)
	at org.junit.internal.runners.model.ReflectiveCallable.run(ReflectiveCallable.java:12)
	at org.junit.runners.model.FrameworkMethod.invokeExplosively(FrameworkMethod.java:47)
	at org.junit.internal.runners.statements.InvokeMethod.evaluate(InvokeMethod.java:17)
	at org.junit.runners.ParentRunner.runLeaf(ParentRunner.java:325)
	at org.junit.runners.BlockJUnit4ClassRunner.runChild(BlockJUnit4ClassRunner.java:78)
	at org.junit.runners.BlockJUnit4ClassRunner.runChild(BlockJUnit4ClassRunner.java:57)
	at org.junit.runners.ParentRunner$3.run(ParentRunner.java:290)
	at org.junit.runners.ParentRunner$1.schedule(ParentRunner.java:71)
	at org.junit.runners.ParentRunner.runChildren(ParentRunner.java:288)
	at org.junit.runners.ParentRunner.access$000(ParentRunner.java:58)
	at org.junit.runners.ParentRunner$2.evaluate(ParentRunner.java:268)
	at org.junit.runners.ParentRunner.run(ParentRunner.java:363)
	at org.apache.maven.surefire.junit4.JUnit4Provider.execute(JUnit4Provider.java:252)
	at org.apache.maven.surefire.junit4.JUnit4Provider.executeTestSet(JUnit4Provider.java:141)
	at org.apache.maven.surefire.junit4.JUnit4Provider.invoke(JUnit4Provider.java:112)
	at sun.reflect.NativeMethodAccessorImpl.invoke0(Native Method)
	at sun.reflect.NativeMethodAccessorImpl.invoke(NativeMethodAccessorImpl.java:62)
	at sun.reflect.DelegatingMethodAccessorImpl.invoke(DelegatingMethodAccessorImpl.java:43)
	at java.lang.reflect.Method.invoke(Method.java:498)
	at org.apache.maven.surefire.util.ReflectionUtils.invokeMethodWithArray(ReflectionUtils.java:189)
	at org.apache.maven.surefire.booter.ProviderFactory$ProviderProxy.invoke(ProviderFactory.java:165)
	at org.apache.maven.surefire.booter.ProviderFactory.invokeProvider(ProviderFactory.java:85)
	at org.apache.maven.surefire.booter.ForkedBooter.runSuitesInProcess(ForkedBooter.java:115)
	at org.apache.maven.surefire.booter.ForkedBooter.main(ForkedBooter.java:75)
</failure>
    <system-out>1
2
3
4
5
6
7
8
9
10
A
B
C
D
E
F
G
H
I
J
K
L
M
N
1
2
3
4
5
6
7
8
9
10
A
B
C
D
E
F
G
H
I
J
K
L
M
N
RANGE=[innovimax.mixthem.io.Token$LineToken@5a9840f3, innovimax.mixthem.io.Token$LineToken@7d30007d]
CHANNEL=0 LINE=1
RANGE=[innovimax.mixthem.io.Token$LineToken@496cc217, innovimax.mixthem.io.Token$LineToken@1a1c21b4]
CHANNEL=1 LINE=B
RANGE=[innovimax.mixthem.io.Token$LineToken@1cd2ff5b, innovimax.mixthem.io.Token$LineToken@38ac8968]
CHANNEL=0 LINE=3
RANGE=[innovimax.mixthem.io.Token$LineToken@17ff8810, innovimax.mixthem.io.Token$LineToken@6c951ada]
CHANNEL=1 LINE=D
RANGE=[innovimax.mixthem.io.Token$LineToken@67b61834, innovimax.mixthem.io.Token$LineToken@3b0d3a63]
CHANNEL=0 LINE=5
RANGE=[innovimax.mixthem.io.Token$LineToken@50598a1a, innovimax.mixthem.io.Token$LineToken@14de1901]
CHANNEL=1 LINE=F
RANGE=[innovimax.mixthem.io.Token$LineToken@437ed416, innovimax.mixthem.io.Token$LineToken@11f23038]
CHANNEL=0 LINE=7
RANGE=[innovimax.mixthem.io.Token$LineToken@de77146, innovimax.mixthem.io.Token$LineToken@691567ea]
CHANNEL=1 LINE=H
RANGE=[innovimax.mixthem.io.Token$LineToken@5cfed0ba, innovimax.mixthem.io.Token$LineToken@5c8d58ed]
CHANNEL=0 LINE=9
RANGE=[innovimax.mixthem.io.Token$LineToken@6a567f7b, innovimax.mixthem.io.Token$LineToken@28be7fec]
CHANNEL=1 LINE=J
RANGE=[innovimax.mixthem.io.Token$LineToken@26f0141, innovimax.mixthem.io.Token$LineToken@34136bd1]
CHANNEL=0 LINE=null
NEW_CHANNEL=1 LINE=K
RANGE=[innovimax.mixthem.io.Token$LineToken@6de7778f, innovimax.mixthem.io.Token$LineToken@367d34c0]
CHANNEL=0 LINE=null
NEW_CHANNEL=1 LINE=L
RANGE=[innovimax.mixthem.io.Token$LineToken@4ce25e47, innovimax.mixthem.io.Token$LineToken@6380e9e9]
CHANNEL=0 LINE=null
NEW_CHANNEL=1 LINE=M
RANGE=[innovimax.mixthem.io.Token$LineToken@350da119, innovimax.mixthem.io.Token$LineToken@6a09484c]
CHANNEL=0 LINE=null
NEW_CHANNEL=1 LINE=N
RANGE=[innovimax.mixthem.io.Token$LineToken@50ec4bfc, innovimax.mixthem.io.Token$LineToken@8b13d91]
CHANNEL=0 LINE=1
RANGE=[innovimax.mixthem.io.Token$LineToken@285a4fe3, innovimax.mixthem.io.Token$LineToken@2589d787]
CHANNEL=1 LINE=B
RANGE=[innovimax.mixthem.io.Token$LineToken@1788cb61, innovimax.mixthem.io.Token$LineToken@16d431b4]
CHANNEL=0 LINE=3
RANGE=[innovimax.mixthem.io.Token$LineToken@6c0b51da, innovimax.mixthem.io.Token$LineToken@7558633]
CHANNEL=1 LINE=D
RANGE=[innovimax.mixthem.io.Token$LineToken@5657967b, innovimax.mixthem.io.Token$LineToken@61394494]
CHANNEL=0 LINE=5
RANGE=[innovimax.mixthem.io.Token$LineToken@578a5ce8, innovimax.mixthem.io.Token$LineToken@7c453c34]
CHANNEL=1 LINE=F
RANGE=[innovimax.mixthem.io.Token$LineToken@16cb9989, innovimax.mixthem.io.Token$LineToken@3dfd6220]
CHANNEL=0 LINE=7
RANGE=[innovimax.mixthem.io.Token$LineToken@3815146b, innovimax.mixthem.io.Token$LineToken@6de43bc1]
CHANNEL=1 LINE=H
RANGE=[innovimax.mixthem.io.Token$LineToken@27a9f025, innovimax.mixthem.io.Token$LineToken@71936a92]
CHANNEL=0 LINE=9
RANGE=[innovimax.mixthem.io.Token$LineToken@61359e87, innovimax.mixthem.io.Token$LineToken@2dc39b53]
CHANNEL=1 LINE=J
RANGE=[innovimax.mixthem.io.Token$LineToken@45037e16, innovimax.mixthem.io.Token$LineToken@2f2e4bde]
CHANNEL=0 LINE=null
NEW_CHANNEL=1 LINE=K
RANGE=[innovimax.mixthem.io.Token$LineToken@6222391a, innovimax.mixthem.io.Token$LineToken@538a2f0e]
CHANNEL=0 LINE=null
NEW_CHANNEL=1 LINE=L
RANGE=[innovimax.mixthem.io.Token$LineToken@d2708a7, innovimax.mixthem.io.Token$LineToken@508ad266]
CHANNEL=0 LINE=null
NEW_CHANNEL=1 LINE=M
RANGE=[innovimax.mixthem.io.Token$LineToken@2313db84, innovimax.mixthem.io.Token$LineToken@216372b7]
CHANNEL=0 LINE=null
NEW_CHANNEL=1 LINE=N
1B3D5F7H9JKLMNRANGE=[innovimax.mixthem.io.Token$LineToken@14b4340c, innovimax.mixthem.io.Token$LineToken@12abcd1e]
CHANNEL=1 LINE=A
RANGE=[innovimax.mixthem.io.Token$LineToken@2fd9fb34, innovimax.mixthem.io.Token$LineToken@1595d2b2]
CHANNEL=1 LINE=B
RANGE=[innovimax.mixthem.io.Token$LineToken@20349058, innovimax.mixthem.io.Token$LineToken@6cbb7a7d]
CHANNEL=1 LINE=C
RANGE=[innovimax.mixthem.io.Token$LineToken@cdb3c85, innovimax.mixthem.io.Token$LineToken@37606fee]
CHANNEL=0 LINE=4
RANGE=[innovimax.mixthem.io.Token$LineToken@33d28f0a, innovimax.mixthem.io.Token$LineToken@48d739f]
CHANNEL=1 LINE=E
RANGE=[innovimax.mixthem.io.Token$LineToken@51e7589f, innovimax.mixthem.io.Token$LineToken@65cc5252]
CHANNEL=1 LINE=F
RANGE=[innovimax.mixthem.io.Token$LineToken@42c12b3e, innovimax.mixthem.io.Token$LineToken@2dbfa972]
CHANNEL=1 LINE=G
RANGE=[innovimax.mixthem.io.Token$LineToken@46f73ffa, innovimax.mixthem.io.Token$LineToken@41aebbb4]
CHANNEL=0 LINE=8
RANGE=[innovimax.mixthem.io.Token$LineToken@afde064, innovimax.mixthem.io.Token$LineToken@5a592c70]
CHANNEL=0 LINE=9
RANGE=[innovimax.mixthem.io.Token$LineToken@252ec02e, innovimax.mixthem.io.Token$LineToken@11e9ac24]
CHANNEL=1 LINE=J
RANGE=[innovimax.mixthem.io.Token$LineToken@74f280bd, innovimax.mixthem.io.Token$LineToken@675b18ff]
CHANNEL=0 LINE=null
NEW_CHANNEL=1 LINE=K
RANGE=[innovimax.mixthem.io.Token$LineToken@34279b8a, innovimax.mixthem.io.Token$LineToken@687389a6]
CHANNEL=0 LINE=null
NEW_CHANNEL=1 LINE=L
RANGE=[innovimax.mixthem.io.Token$LineToken@8641b7d, innovimax.mixthem.io.Token$LineToken@37c7766e]
CHANNEL=1 LINE=M
RANGE=[innovimax.mixthem.io.Token$LineToken@3fb450d7, innovimax.mixthem.io.Token$LineToken@4b7ed03e]
CHANNEL=1 LINE=N
RANGE=[innovimax.mixthem.io.Token$LineToken@636985df, innovimax.mixthem.io.Token$LineToken@6f91fbda]
CHANNEL=1 LINE=A
RANGE=[innovimax.mixthem.io.Token$LineToken@723e3c17, innovimax.mixthem.io.Token$LineToken@4ffced4e]
CHANNEL=1 LINE=B
RANGE=[innovimax.mixthem.io.Token$LineToken@6094de13, innovimax.mixthem.io.Token$LineToken@bbb6f0]
CHANNEL=1 LINE=C
RANGE=[innovimax.mixthem.io.Token$LineToken@3e6ec74, innovimax.mixthem.io.Token$LineToken@2bd8f7db]
CHANNEL=0 LINE=4
RANGE=[innovimax.mixthem.io.Token$LineToken@6d7ad0f5, innovimax.mixthem.io.Token$LineToken@30abf79c]
CHANNEL=1 LINE=E
RANGE=[innovimax.mixthem.io.Token$LineToken@49a38b1, innovimax.mixthem.io.Token$LineToken@681061d6]
CHANNEL=1 LINE=F
RANGE=[innovimax.mixthem.io.Token$LineToken@53d6e959, innovimax.mixthem.io.Token$LineToken@3caee3a8]
CHANNEL=1 LINE=G
RANGE=[innovimax.mixthem.io.Token$LineToken@69a40b3c, innovimax.mixthem.io.Token$LineToken@251c90f]
CHANNEL=0 LINE=8
RANGE=[innovimax.mixthem.io.Token$LineToken@6629643d, innovimax.mixthem.io.Token$LineToken@2dd178f3]
CHANNEL=0 LINE=9
RANGE=[innovimax.mixthem.io.Token$LineToken@64656b9e, innovimax.mixthem.io.Token$LineToken@6870cfac]
CHANNEL=1 LINE=J
RANGE=[innovimax.mixthem.io.Token$LineToken@45554613, innovimax.mixthem.io.Token$LineToken@63e5b8aa]
CHANNEL=0 LINE=null
NEW_CHANNEL=1 LINE=K
RANGE=[innovimax.mixthem.io.Token$LineToken@2c9306d3, innovimax.mixthem.io.Token$LineToken@4270b142]
CHANNEL=0 LINE=null
NEW_CHANNEL=1 LINE=L
RANGE=[innovimax.mixthem.io.Token$LineToken@2dfa02c1, innovimax.mixthem.io.Token$LineToken@6314df3c]
CHANNEL=1 LINE=M
RANGE=[innovimax.mixthem.io.Token$LineToken@5785e813, innovimax.mixthem.io.Token$LineToken@10b8b900]
CHANNEL=1 LINE=N
ABC4EFG89JKLMNRANGE=[innovimax.mixthem.io.Token$LineToken@6d294ddc, innovimax.mixthem.io.Token$LineToken@2801827a]
CHANNEL=1 LINE=A
RANGE=[innovimax.mixthem.io.Token$LineToken@50bc3219, innovimax.mixthem.io.Token$LineToken@599f1b7]
CHANNEL=1 LINE=B
RANGE=[innovimax.mixthem.io.Token$LineToken@22791b75, innovimax.mixthem.io.Token$LineToken@64f4f12]
CHANNEL=1 LINE=C
RANGE=[innovimax.mixthem.io.Token$LineToken@37d28938, innovimax.mixthem.io.Token$LineToken@7d0cd23c]
CHANNEL=0 LINE=4
RANGE=[innovimax.mixthem.io.Token$LineToken@17c4dc5b, innovimax.mixthem.io.Token$LineToken@6b0f266e]
CHANNEL=1 LINE=E
RANGE=[innovimax.mixthem.io.Token$LineToken@4837f97e, innovimax.mixthem.io.Token$LineToken@53314f76]
CHANNEL=1 LINE=F
RANGE=[innovimax.mixthem.io.Token$LineToken@62a6674f, innovimax.mixthem.io.Token$LineToken@70881123]
CHANNEL=1 LINE=G
RANGE=[innovimax.mixthem.io.Token$LineToken@703fa45, innovimax.mixthem.io.Token$LineToken@5e905f2c]
CHANNEL=0 LINE=8
RANGE=[innovimax.mixthem.io.Token$LineToken@fddd7ae, innovimax.mixthem.io.Token$LineToken@3f6cce7f]
CHANNEL=0 LINE=9
RANGE=[innovimax.mixthem.io.Token$LineToken@2725ca05, innovimax.mixthem.io.Token$LineToken@7b9088f2]
CHANNEL=1 LINE=J
RANGE=[innovimax.mixthem.io.Token$LineToken@1a914089, innovimax.mixthem.io.Token$LineToken@43d76a92]
CHANNEL=0 LINE=null
NEW_CHANNEL=1 LINE=K
RANGE=[innovimax.mixthem.io.Token$LineToken@4a2bf50f, innovimax.mixthem.io.Token$LineToken@350323a0]
CHANNEL=0 LINE=null
NEW_CHANNEL=1 LINE=L
RANGE=[innovimax.mixthem.io.Token$LineToken@2506b881, innovimax.mixthem.io.Token$LineToken@5d7dd549]
CHANNEL=1 LINE=M
RANGE=[innovimax.mixthem.io.Token$LineToken@486bd064, innovimax.mixthem.io.Token$LineToken@6459f4ea]
CHANNEL=1 LINE=N
RANGE=[innovimax.mixthem.io.Token$LineToken@740b9a50, innovimax.mixthem.io.Token$LineToken@476fde05]
CHANNEL=1 LINE=A
RANGE=[innovimax.mixthem.io.Token$LineToken@5111de7c, innovimax.mixthem.io.Token$LineToken@7ac48e10]
CHANNEL=1 LINE=B
RANGE=[innovimax.mixthem.io.Token$LineToken@52354202, innovimax.mixthem.io.Token$LineToken@6b1321b7]
CHANNEL=1 LINE=C
RANGE=[innovimax.mixthem.io.Token$LineToken@342ee097, innovimax.mixthem.io.Token$LineToken@6ac45c0c]
CHANNEL=0 LINE=4
RANGE=[innovimax.mixthem.io.Token$LineToken@12192604, innovimax.mixthem.io.Token$LineToken@6075b369]
CHANNEL=1 LINE=E
RANGE=[innovimax.mixthem.io.Token$LineToken@231cdda8, innovimax.mixthem.io.Token$LineToken@6b70d1fb]
CHANNEL=1 LINE=F
RANGE=[innovimax.mixthem.io.Token$LineToken@3002e397, innovimax.mixthem.io.Token$LineToken@7da1e005]
CHANNEL=1 LINE=G
RANGE=[innovimax.mixthem.io.Token$LineToken@38159384, innovimax.mixthem.io.Token$LineToken@55877274]
CHANNEL=0 LINE=8
RANGE=[innovimax.mixthem.io.Token$LineToken@723e2d08, innovimax.mixthem.io.Token$LineToken@6d4a82]
CHANNEL=0 LINE=9
RANGE=[innovimax.mixthem.io.Token$LineToken@14f060b8, innovimax.mixthem.io.Token$LineToken@7a0ab480]
CHANNEL=1 LINE=J
RANGE=[innovimax.mixthem.io.Token$LineToken@79df80a4, innovimax.mixthem.io.Token$LineToken@130cfc47]
CHANNEL=0 LINE=null
NEW_CHANNEL=1 LINE=K
RANGE=[innovimax.mixthem.io.Token$LineToken@4eeab3e, innovimax.mixthem.io.Token$LineToken@2b6fb197]
CHANNEL=0 LINE=null
NEW_CHANNEL=1 LINE=L
RANGE=[innovimax.mixthem.io.Token$LineToken@2eb0cefe, innovimax.mixthem.io.Token$LineToken@5a2ae1ab]
CHANNEL=1 LINE=M
RANGE=[innovimax.mixthem.io.Token$LineToken@2bec068b, innovimax.mixthem.io.Token$LineToken@7d59e968]
CHANNEL=1 LINE=N
ABC4EFG89JKLMN1B3D5F7H9JKLMN
ABC4EFG89JKLMN
ABC4EFG89JKLMN
1 25.00 Red Beaunes France 25.00 Beaunes Great!
2 15.50 White Reisling Germany 15.50 Reisling Terrible!
3 8.90 Red Riocha Spain 8.90 Riocha Meh
25.00 1 Red Beaunes France 1 Beaunes Great!
15.50 2 White Reisling Germany 2 Reisling Terrible!
8.90 3 Red Riocha Spain 3 Riocha Meh
Beaunes 1 25.00 Red France 1 25.00 Great!
Reisling 2 15.50 White Germany 2 15.50 Terrible!
Riocha 3 8.90 Red Spain 3 8.90 Meh
apple orangered blue gold
bananagreen purple
cherry lemon peachsilver yellow
apple orange,red blue gold
banana,green purple
cherry lemon peach,silver yellow
applered orangeblue
bananagreen
cherrysilver lemonyellow
apple,red orange,blue
banana,green
cherry,silver lemon,yellow
1 25.00 Red Beaunes France 25.00 Beaunes Great!
2 15.50 White Reisling Germany 15.50 Reisling Terrible!
RANGE=[innovimax.mixthem.io.Token$LineToken@2f0ccb34, innovimax.mixthem.io.Token$LineToken@194012a2]
CHANNEL=0 LINE=A
RANGE=[innovimax.mixthem.io.Token$LineToken@55296b50, innovimax.mixthem.io.Token$LineToken@60591e1b]
CHANNEL=1 LINE=2
RANGE=[innovimax.mixthem.io.Token$LineToken@29c53c4f, innovimax.mixthem.io.Token$LineToken@3009eed7]
CHANNEL=0 LINE=C
RANGE=[innovimax.mixthem.io.Token$LineToken@2ee4706d, innovimax.mixthem.io.Token$LineToken@6650a6c]
CHANNEL=1 LINE=4
RANGE=[innovimax.mixthem.io.Token$LineToken@64279ab, innovimax.mixthem.io.Token$LineToken@794240e2]
CHANNEL=0 LINE=E
RANGE=[innovimax.mixthem.io.Token$LineToken@74a820bf, innovimax.mixthem.io.Token$LineToken@5a30722c]
CHANNEL=1 LINE=6
RANGE=[innovimax.mixthem.io.Token$LineToken@4f2ac7e0, innovimax.mixthem.io.Token$LineToken@2484dbb7]
CHANNEL=0 LINE=G
RANGE=[innovimax.mixthem.io.Token$LineToken@111cba40, innovimax.mixthem.io.Token$LineToken@48e41b5d]
CHANNEL=1 LINE=8
RANGE=[innovimax.mixthem.io.Token$LineToken@51e8d066, innovimax.mixthem.io.Token$LineToken@5333f08f]
CHANNEL=0 LINE=I
RANGE=[innovimax.mixthem.io.Token$LineToken@27898e13, innovimax.mixthem.io.Token$LineToken@4f5f474c]
CHANNEL=1 LINE=10
RANGE=[innovimax.mixthem.io.Token$LineToken@58a3d521, innovimax.mixthem.io.Token$LineToken@14d8e132]
CHANNEL=0 LINE=K
RANGE=[innovimax.mixthem.io.Token$LineToken@7f4a1cac, innovimax.mixthem.io.Token$LineToken@4a1a412e]
CHANNEL=1 LINE=null
NEW_CHANNEL=0 LINE=L
RANGE=[innovimax.mixthem.io.Token$LineToken@c568f91, innovimax.mixthem.io.Token$LineToken@5fd43e58]
CHANNEL=1 LINE=null
NEW_CHANNEL=0 LINE=M
RANGE=[innovimax.mixthem.io.Token$LineToken@70d4f672, innovimax.mixthem.io.Token$LineToken@68dfda77]
CHANNEL=1 LINE=null
NEW_CHANNEL=0 LINE=N
RANGE=[innovimax.mixthem.io.Token$LineToken@50cdfafa, innovimax.mixthem.io.Token$LineToken@2e952845]
CHANNEL=0 LINE=A
RANGE=[innovimax.mixthem.io.Token$LineToken@79252c83, innovimax.mixthem.io.Token$LineToken@6fbf5db2]
CHANNEL=1 LINE=2
RANGE=[innovimax.mixthem.io.Token$LineToken@509a6095, innovimax.mixthem.io.Token$LineToken@57cabdc3]
CHANNEL=0 LINE=C
RANGE=[innovimax.mixthem.io.Token$LineToken@75bd28d, innovimax.mixthem.io.Token$LineToken@129c4d19]
CHANNEL=1 LINE=4
RANGE=[innovimax.mixthem.io.Token$LineToken@11810917, innovimax.mixthem.io.Token$LineToken@13278a41]
CHANNEL=0 LINE=E
RANGE=[innovimax.mixthem.io.Token$LineToken@4a31ed12, innovimax.mixthem.io.Token$LineToken@3ab595c8]
CHANNEL=1 LINE=6
RANGE=[innovimax.mixthem.io.Token$LineToken@2365ea38, innovimax.mixthem.io.Token$LineToken@cbf1997]
CHANNEL=0 LINE=G
RANGE=[innovimax.mixthem.io.Token$LineToken@49232c6f, innovimax.mixthem.io.Token$LineToken@5faeeb56]
CHANNEL=1 LINE=8
RANGE=[innovimax.mixthem.io.Token$LineToken@5396eeb1, innovimax.mixthem.io.Token$LineToken@279126f5]
CHANNEL=0 LINE=I
RANGE=[innovimax.mixthem.io.Token$LineToken@7781263c, innovimax.mixthem.io.Token$LineToken@5fdd97c1]
CHANNEL=1 LINE=10
RANGE=[innovimax.mixthem.io.Token$LineToken@3b5a19ed, innovimax.mixthem.io.Token$LineToken@15d236fd]
CHANNEL=0 LINE=K
RANGE=[innovimax.mixthem.io.Token$LineToken@6b9c42bd, innovimax.mixthem.io.Token$LineToken@584ca390]
CHANNEL=1 LINE=null
NEW_CHANNEL=0 LINE=L
RANGE=[innovimax.mixthem.io.Token$LineToken@33324c05, innovimax.mixthem.io.Token$LineToken@37d3e140]
CHANNEL=1 LINE=null
NEW_CHANNEL=0 LINE=M
RANGE=[innovimax.mixthem.io.Token$LineToken@3e53c4ad, innovimax.mixthem.io.Token$LineToken@33eb0d4]
CHANNEL=1 LINE=null
NEW_CHANNEL=0 LINE=N
A2C4E6G8I10KLMNA2C4E6G8I
KLMN
1 25.00 Red Beaunes France 25.00 Beaunes Great!
4 8.90 Red Riocha Spain 8.90 Riocha Meh
apple orangered blue gold
bananagreen purple
applered orangeblue
bananagreen
agprpeleen  orreadn gbel ubea
a,gp,rp,el,ee,n , o,rr,ea,dn, g,be,l ,ub,ea,
garpepelne  roerda nbgleu eb
a1 red apple france apple
2 yellow lemon italy
3 green indonesia papaye
apple 1 red 1 france
251308 30000 Preeti
251311 25000 Joseph
251315 10000 Abishek
251321 12255 Ankita
251308 30000 Preeti
251311 25000 Joseph
251315 10000 Abishek
251321 12255 Ankita
251308 30000 Preeti
251311 25000 Joseph
251315 10000 Abishek
251321 12255 Ankita
251308 30000 Preeti
251311 25000 Joseph
251315 10000 Abishek
251321 12255 Ankita
b 2 B bb 22
d 4 D dd 44
1B3d5f78ijk
1Aa2Bb3Cc4Dd5
e1XYZAXYZa2XYZBXYZb3XYZCXYZc4XYZDXYZd5XYZ
XYZe123456789
ABCD
abcdef
ZYXWVUTSRQP
zyx
ABCD
ZYXWVUTSRQP
123456789
abcdef
zyx
1YxW
f
S9QP
1AaZz2BbYy3CcXx4DdW
2 b B bb BB bbb BBB bbbb BBBB
4 d D dd DD ddd DDD dddd DDDD
2 b B bb BB bbb BBB bbbb BBBB
4 d D dd DD ddd DDD dddd DDDD
aBcDeFgH
1tU4wX7z
1 A AA
2 B BB
3 C CC
4 D DD
5 E EE
1 a aa 10
2 b bb 20
3 c cc 30
4 d dd 40
5 e ee 50
</system-out>
    <system-err>[INFO] MixThem: TEST [CHAR] N° 1***********************************************************
[INFO] MixThem: File 1: file:/root/workspace/Innovimax-SARL/mix-them/389647595/target/test-classes/innovimax/mixthem/test001_file1.txt
[INFO] MixThem: File 2: file:/root/workspace/Innovimax-SARL/mix-them/389647595/target/test-classes/innovimax/mixthem/test001_file2.txt
[INFO] MixThem: --------------------------------------------------------------------
[INFO] MixThem: Params file : file:/root/workspace/Innovimax-SARL/mix-them/389647595/target/test-classes/innovimax/mixthem/test001_params-add.txt
[INFO] MixThem: Result file : file:/root/workspace/Innovimax-SARL/mix-them/389647595/target/test-classes/innovimax/mixthem/test001_output-add.txt
[INFO] MixThem: --------------------------------------------------------------------
[INFO] MixThem: Run and check result...
[INFO] MixThem: Started mixing for [char] rule &apos;+&apos;...
[INFO] MixThem: Ended mixing for [char] rule &apos;+&apos;.
[INFO] MixThem: Run and print result...
[INFO] MixThem: Started mixing for [char] rule &apos;+&apos;...
[INFO] MixThem: Ended mixing for [char] rule &apos;+&apos;.
[INFO] MixThem: Run pass with params {} on selection []
[INFO] MixThem: --------------------------------------------------------------------
[INFO] MixThem: Params file : file:/root/workspace/Innovimax-SARL/mix-them/389647595/target/test-classes/innovimax/mixthem/test001_params-add.txt
[INFO] MixThem: Result file : file:/root/workspace/Innovimax-SARL/mix-them/389647595/target/test-classes/innovimax/mixthem/test001_output-add-2.txt
[INFO] MixThem: --------------------------------------------------------------------
[INFO] MixThem: Run and check result...
[INFO] MixThem: Started mixing for [char] rule &apos;+&apos;...
[INFO] MixThem: Ended mixing for [char] rule &apos;+&apos;.
[INFO] MixThem: Run and print result...
[INFO] MixThem: Started mixing for [char] rule &apos;+&apos;...
[INFO] MixThem: Ended mixing for [char] rule &apos;+&apos;.
[INFO] MixThem: Run pass with params {} on selection [1]
[INFO] MixThem: --------------------------------------------------------------------
[INFO] MixThem: Params file : file:/root/workspace/Innovimax-SARL/mix-them/389647595/target/test-classes/innovimax/mixthem/test001_params-add.txt
[INFO] MixThem: Result file : file:/root/workspace/Innovimax-SARL/mix-them/389647595/target/test-classes/innovimax/mixthem/test001_output-add-3.txt
[INFO] MixThem: --------------------------------------------------------------------
[INFO] MixThem: Run and check result...
[INFO] MixThem: Started mixing for [char] rule &apos;+&apos;...
[INFO] MixThem: Ended mixing for [char] rule &apos;+&apos;.
[INFO] MixThem: Run and print result...
[INFO] MixThem: Started mixing for [char] rule &apos;+&apos;...
[INFO] MixThem: Ended mixing for [char] rule &apos;+&apos;.
[INFO] MixThem: Run pass with params {} on selection [2]
[INFO] MixThem: --------------------------------------------------------------------
[INFO] MixThem: Result file : file:/root/workspace/Innovimax-SARL/mix-them/389647595/target/test-classes/innovimax/mixthem/test001_output-altline.txt
[INFO] MixThem: --------------------------------------------------------------------
[INFO] MixThem: Run and check result...
[INFO] MixThem: Started mixing for [char] rule &apos;alt-line&apos;...
[INFO] MixThem: Ended mixing for [char] rule &apos;alt-line&apos;.
[INFO] MixThem: Run and print result...
[INFO] MixThem: Started mixing for [char] rule &apos;alt-line&apos;...
[INFO] MixThem: Ended mixing for [char] rule &apos;alt-line&apos;.
[INFO] MixThem: Run FAIL with params {} on selection []
[INFO] MixThem: --------------------------------------------------------------------
[INFO] MixThem: Params file : file:/root/workspace/Innovimax-SARL/mix-them/389647595/target/test-classes/innovimax/mixthem/test001_params-random-altline.txt
[INFO] MixThem: Result file : file:/root/workspace/Innovimax-SARL/mix-them/389647595/target/test-classes/innovimax/mixthem/test001_output-random-altline.txt
[INFO] MixThem: --------------------------------------------------------------------
[INFO] MixThem: Run and check result...
[INFO] MixThem: Started mixing for [char] rule &apos;random-alt-line&apos;...
[INFO] MixThem: Ended mixing for [char] rule &apos;random-alt-line&apos;.
[INFO] MixThem: Run and print result...
[INFO] MixThem: Started mixing for [char] rule &apos;random-alt-line&apos;...
[INFO] MixThem: Ended mixing for [char] rule &apos;random-alt-line&apos;.
[INFO] MixThem: Run FAIL with params {} on selection []
[INFO] MixThem: --------------------------------------------------------------------
[INFO] MixThem: Params file : file:/root/workspace/Innovimax-SARL/mix-them/389647595/target/test-classes/innovimax/mixthem/test001_params-random-altline.txt
[INFO] MixThem: Result file : file:/root/workspace/Innovimax-SARL/mix-them/389647595/target/test-classes/innovimax/mixthem/test001_output-random-altline.txt
[INFO] MixThem: --------------------------------------------------------------------
[INFO] MixThem: Run and check result...
[INFO] MixThem: Started mixing for [char] rule &apos;random-alt-line&apos;...
[INFO] MixThem: Ended mixing for [char] rule &apos;random-alt-line&apos;.
[INFO] MixThem: Run and print result...
[INFO] MixThem: Started mixing for [char] rule &apos;random-alt-line&apos;...
[INFO] MixThem: Ended mixing for [char] rule &apos;random-alt-line&apos;.
[INFO] MixThem: Run FAIL with params {RANDOM_SEED=1789} on selection []
[INFO] MixThem: TEST [CHAR] N° 2***********************************************************
[INFO] MixThem: File 1: file:/root/workspace/Innovimax-SARL/mix-them/389647595/target/test-classes/innovimax/mixthem/test002_file1.txt
[INFO] MixThem: File 2: file:/root/workspace/Innovimax-SARL/mix-them/389647595/target/test-classes/innovimax/mixthem/test002_file2.txt
[INFO] MixThem: --------------------------------------------------------------------
[INFO] MixThem: Result file : file:/root/workspace/Innovimax-SARL/mix-them/389647595/target/test-classes/innovimax/mixthem/test002_output-altchar.txt
[INFO] MixThem: --------------------------------------------------------------------
[INFO] MixThem: Run and check result...
[INFO] MixThem: Started mixing for [char] rule &apos;alt-char&apos;...
[INFO] MixThem: Ended mixing for [char] rule &apos;alt-char&apos;.
[INFO] MixThem: Run and print result...
[INFO] MixThem: Started mixing for [char] rule &apos;alt-char&apos;...
[INFO] MixThem: Ended mixing for [char] rule &apos;alt-char&apos;.
[INFO] MixThem: Run pass with params {} on selection []
[INFO] MixThem: --------------------------------------------------------------------
[INFO] MixThem: Params file : file:/root/workspace/Innovimax-SARL/mix-them/389647595/target/test-classes/innovimax/mixthem/test002_params-random-altchar.txt
[INFO] MixThem: Result file : file:/root/workspace/Innovimax-SARL/mix-them/389647595/target/test-classes/innovimax/mixthem/test002_output-random-altchar.txt
[INFO] MixThem: --------------------------------------------------------------------
[INFO] MixThem: Run and check result...
[INFO] MixThem: Started mixing for [char] rule &apos;random-alt-char&apos;...
[INFO] MixThem: Ended mixing for [char] rule &apos;random-alt-char&apos;.
[INFO] MixThem: Run and print result...
[INFO] MixThem: Started mixing for [char] rule &apos;random-alt-char&apos;...
[INFO] MixThem: Ended mixing for [char] rule &apos;random-alt-char&apos;.
[INFO] MixThem: Run pass with params {} on selection []
[INFO] MixThem: --------------------------------------------------------------------
[INFO] MixThem: Params file : file:/root/workspace/Innovimax-SARL/mix-them/389647595/target/test-classes/innovimax/mixthem/test002_params-random-altchar.txt
[INFO] MixThem: Result file : file:/root/workspace/Innovimax-SARL/mix-them/389647595/target/test-classes/innovimax/mixthem/test002_output-random-altchar.txt
[INFO] MixThem: --------------------------------------------------------------------
[INFO] MixThem: Run and check result...
[INFO] MixThem: Started mixing for [char] rule &apos;random-alt-char&apos;...
[INFO] MixThem: Ended mixing for [char] rule &apos;random-alt-char&apos;.
[INFO] MixThem: Run and print result...
[INFO] MixThem: Started mixing for [char] rule &apos;random-alt-char&apos;...
[INFO] MixThem: Ended mixing for [char] rule &apos;random-alt-char&apos;.
[INFO] MixThem: Run pass with params {RANDOM_SEED=1789} on selection []
[INFO] MixThem: TEST [CHAR] N° 3***********************************************************
[INFO] MixThem: File 1: file:/root/workspace/Innovimax-SARL/mix-them/389647595/target/test-classes/innovimax/mixthem/test003_file1.txt
[INFO] MixThem: File 2: file:/root/workspace/Innovimax-SARL/mix-them/389647595/target/test-classes/innovimax/mixthem/test003_file2.txt
[INFO] MixThem: --------------------------------------------------------------------
[INFO] MixThem: Params file : file:/root/workspace/Innovimax-SARL/mix-them/389647595/target/test-classes/innovimax/mixthem/test003_params-join.txt
[INFO] MixThem: Result file : file:/root/workspace/Innovimax-SARL/mix-them/389647595/target/test-classes/innovimax/mixthem/test003_output-join.txt
[INFO] MixThem: --------------------------------------------------------------------
[INFO] MixThem: Run and check result...
[INFO] MixThem: Started mixing for [char] rule &apos;join&apos;...
[INFO] MixThem: Ended mixing for [char] rule &apos;join&apos;.
[INFO] MixThem: Run and print result...
[INFO] MixThem: Started mixing for [char] rule &apos;join&apos;...
[INFO] MixThem: Ended mixing for [char] rule &apos;join&apos;.
[INFO] MixThem: Run pass with params {} on selection []
[INFO] MixThem: --------------------------------------------------------------------
[INFO] MixThem: Params file : file:/root/workspace/Innovimax-SARL/mix-them/389647595/target/test-classes/innovimax/mixthem/test003_params-join.txt
[INFO] MixThem: Result file : file:/root/workspace/Innovimax-SARL/mix-them/389647595/target/test-classes/innovimax/mixthem/test003_output-join-2.txt
[INFO] MixThem: --------------------------------------------------------------------
[INFO] MixThem: Run and check result...
[INFO] MixThem: Started mixing for [char] rule &apos;join&apos;...
[INFO] MixThem: Ended mixing for [char] rule &apos;join&apos;.
[INFO] MixThem: Run and print result...
[INFO] MixThem: Started mixing for [char] rule &apos;join&apos;...
[INFO] MixThem: Ended mixing for [char] rule &apos;join&apos;.
[INFO] MixThem: Run pass with params {JOIN_COLS=[2]} on selection []
[INFO] MixThem: --------------------------------------------------------------------
[INFO] MixThem: Params file : file:/root/workspace/Innovimax-SARL/mix-them/389647595/target/test-classes/innovimax/mixthem/test003_params-join.txt
[INFO] MixThem: Result file : file:/root/workspace/Innovimax-SARL/mix-them/389647595/target/test-classes/innovimax/mixthem/test003_output-join-3.txt
[INFO] MixThem: --------------------------------------------------------------------
[INFO] MixThem: Run and check result...
[INFO] MixThem: Started mixing for [char] rule &apos;join&apos;...
[INFO] MixThem: Ended mixing for [char] rule &apos;join&apos;.
[INFO] MixThem: Run and print result...
[INFO] MixThem: Started mixing for [char] rule &apos;join&apos;...
[INFO] MixThem: Ended mixing for [char] rule &apos;join&apos;.
[INFO] MixThem: Run pass with params {JOIN_COLS=[4, 3]} on selection []
[INFO] MixThem: TEST [CHAR] N° 4***********************************************************
[INFO] MixThem: File 1: file:/root/workspace/Innovimax-SARL/mix-them/389647595/target/test-classes/innovimax/mixthem/test004_file1.txt
[INFO] MixThem: File 2: file:/root/workspace/Innovimax-SARL/mix-them/389647595/target/test-classes/innovimax/mixthem/test004_file2.txt
[INFO] MixThem: --------------------------------------------------------------------
[INFO] MixThem: Params file : file:/root/workspace/Innovimax-SARL/mix-them/389647595/target/test-classes/innovimax/mixthem/test004_params-zipline.txt
[INFO] MixThem: Result file : file:/root/workspace/Innovimax-SARL/mix-them/389647595/target/test-classes/innovimax/mixthem/test004_output-zipline.txt
[INFO] MixThem: --------------------------------------------------------------------
[INFO] MixThem: Run and check result...
[INFO] MixThem: Started mixing for [char] rule &apos;zip-line&apos;...
[INFO] MixThem: Ended mixing for [char] rule &apos;zip-line&apos;.
[INFO] MixThem: Run and print result...
[INFO] MixThem: Started mixing for [char] rule &apos;zip-line&apos;...
[INFO] MixThem: Ended mixing for [char] rule &apos;zip-line&apos;.
[INFO] MixThem: Run pass with params {} on selection []
[INFO] MixThem: --------------------------------------------------------------------
[INFO] MixThem: Params file : file:/root/workspace/Innovimax-SARL/mix-them/389647595/target/test-classes/innovimax/mixthem/test004_params-zipline.txt
[INFO] MixThem: Result file : file:/root/workspace/Innovimax-SARL/mix-them/389647595/target/test-classes/innovimax/mixthem/test004_output-zipline-2.txt
[INFO] MixThem: --------------------------------------------------------------------
[INFO] MixThem: Run and check result...
[INFO] MixThem: Started mixing for [char] rule &apos;zip-line&apos;...
[INFO] MixThem: Ended mixing for [char] rule &apos;zip-line&apos;.
[INFO] MixThem: Run and print result...
[INFO] MixThem: Started mixing for [char] rule &apos;zip-line&apos;...
[INFO] MixThem: Ended mixing for [char] rule &apos;zip-line&apos;.
[INFO] MixThem: Run pass with params {ZIP_SEP=,} on selection []
[INFO] MixThem: --------------------------------------------------------------------
[INFO] MixThem: Params file : file:/root/workspace/Innovimax-SARL/mix-them/389647595/target/test-classes/innovimax/mixthem/test004_params-zipcell.txt
[INFO] MixThem: Result file : file:/root/workspace/Innovimax-SARL/mix-them/389647595/target/test-classes/innovimax/mixthem/test004_output-zipcell.txt
[INFO] MixThem: --------------------------------------------------------------------
[INFO] MixThem: Run and check result...
[INFO] MixThem: Started mixing for [char] rule &apos;zip-cell&apos;...
[INFO] MixThem: Ended mixing for [char] rule &apos;zip-cell&apos;.
[INFO] MixThem: Run and print result...
[INFO] MixThem: Started mixing for [char] rule &apos;zip-cell&apos;...
[INFO] MixThem: Ended mixing for [char] rule &apos;zip-cell&apos;.
[INFO] MixThem: Run pass with params {} on selection []
[INFO] MixThem: --------------------------------------------------------------------
[INFO] MixThem: Params file : file:/root/workspace/Innovimax-SARL/mix-them/389647595/target/test-classes/innovimax/mixthem/test004_params-zipcell.txt
[INFO] MixThem: Result file : file:/root/workspace/Innovimax-SARL/mix-them/389647595/target/test-classes/innovimax/mixthem/test004_output-zipcell-2.txt
[INFO] MixThem: --------------------------------------------------------------------
[INFO] MixThem: Run and check result...
[INFO] MixThem: Started mixing for [char] rule &apos;zip-cell&apos;...
[INFO] MixThem: Ended mixing for [char] rule &apos;zip-cell&apos;.
[INFO] MixThem: Run and print result...
[INFO] MixThem: Started mixing for [char] rule &apos;zip-cell&apos;...
[INFO] MixThem: Ended mixing for [char] rule &apos;zip-cell&apos;.
[INFO] MixThem: Run pass with params {ZIP_SEP=,} on selection []
[INFO] MixThem: TEST [CHAR] N° 5***********************************************************
[INFO] MixThem: File 1: file:/root/workspace/Innovimax-SARL/mix-them/389647595/target/test-classes/innovimax/mixthem/test005_file1.txt
[INFO] MixThem: File 2: file:/root/workspace/Innovimax-SARL/mix-them/389647595/target/test-classes/innovimax/mixthem/test005_file2.txt
[INFO] MixThem: --------------------------------------------------------------------
[INFO] MixThem: Result file : file:/root/workspace/Innovimax-SARL/mix-them/389647595/target/test-classes/innovimax/mixthem/test005_output-join.txt
[INFO] MixThem: --------------------------------------------------------------------
[INFO] MixThem: Run and check result...
[INFO] MixThem: Started mixing for [char] rule &apos;join&apos;...
[INFO] MixThem: Ended mixing for [char] rule &apos;join&apos;.
[INFO] MixThem: Run and print result...
[INFO] MixThem: Started mixing for [char] rule &apos;join&apos;...
[INFO] MixThem: Ended mixing for [char] rule &apos;join&apos;.
[INFO] MixThem: Run pass with params {} on selection []
[INFO] MixThem: TEST [CHAR] N° 6***********************************************************
[INFO] MixThem: File 1: file:/root/workspace/Innovimax-SARL/mix-them/389647595/target/test-classes/innovimax/mixthem/test006_file1.txt
[INFO] MixThem: File 2: file:/root/workspace/Innovimax-SARL/mix-them/389647595/target/test-classes/innovimax/mixthem/test006_file2.txt
[INFO] MixThem: --------------------------------------------------------------------
[INFO] MixThem: Result file : file:/root/workspace/Innovimax-SARL/mix-them/389647595/target/test-classes/innovimax/mixthem/test006_output-altline.txt
[INFO] MixThem: --------------------------------------------------------------------
[INFO] MixThem: Run and check result...
[INFO] MixThem: Started mixing for [char] rule &apos;alt-line&apos;...
[INFO] MixThem: Ended mixing for [char] rule &apos;alt-line&apos;.
[INFO] MixThem: Run and print result...
[INFO] MixThem: Started mixing for [char] rule &apos;alt-line&apos;...
[INFO] MixThem: Ended mixing for [char] rule &apos;alt-line&apos;.
[INFO] MixThem: Run FAIL with params {} on selection []
[INFO] MixThem: TEST [CHAR] N° 7***********************************************************
[INFO] MixThem: File 1: file:/root/workspace/Innovimax-SARL/mix-them/389647595/target/test-classes/innovimax/mixthem/test007_file1.txt
[INFO] MixThem: File 2: file:/root/workspace/Innovimax-SARL/mix-them/389647595/target/test-classes/innovimax/mixthem/test007_file2.txt
[INFO] MixThem: --------------------------------------------------------------------
[INFO] MixThem: Result file : file:/root/workspace/Innovimax-SARL/mix-them/389647595/target/test-classes/innovimax/mixthem/test007_output-altchar.txt
[INFO] MixThem: --------------------------------------------------------------------
[INFO] MixThem: Run and check result...
[INFO] MixThem: Started mixing for [char] rule &apos;alt-char&apos;...
[INFO] MixThem: Ended mixing for [char] rule &apos;alt-char&apos;.
[INFO] MixThem: Run and print result...
[INFO] MixThem: Started mixing for [char] rule &apos;alt-char&apos;...
[INFO] MixThem: Ended mixing for [char] rule &apos;alt-char&apos;.
[INFO] MixThem: Run pass with params {} on selection []
[INFO] MixThem: TEST [CHAR] N° 8***********************************************************
[INFO] MixThem: File 1: file:/root/workspace/Innovimax-SARL/mix-them/389647595/target/test-classes/innovimax/mixthem/test008_file1.txt
[INFO] MixThem: File 2: file:/root/workspace/Innovimax-SARL/mix-them/389647595/target/test-classes/innovimax/mixthem/test008_file2.txt
[INFO] MixThem: --------------------------------------------------------------------
[INFO] MixThem: Result file : file:/root/workspace/Innovimax-SARL/mix-them/389647595/target/test-classes/innovimax/mixthem/test008_output-join.txt
[INFO] MixThem: --------------------------------------------------------------------
[INFO] MixThem: Run and check result...
[INFO] MixThem: Started mixing for [char] rule &apos;join&apos;...
[INFO] MixThem: Ended mixing for [char] rule &apos;join&apos;.
[INFO] MixThem: Run and print result...
[INFO] MixThem: Started mixing for [char] rule &apos;join&apos;...
[INFO] MixThem: Ended mixing for [char] rule &apos;join&apos;.
[INFO] MixThem: Run pass with params {} on selection []
[INFO] MixThem: TEST [CHAR] N° 9***********************************************************
[INFO] MixThem: File 1: file:/root/workspace/Innovimax-SARL/mix-them/389647595/target/test-classes/innovimax/mixthem/test009_file1.txt
[INFO] MixThem: File 2: file:/root/workspace/Innovimax-SARL/mix-them/389647595/target/test-classes/innovimax/mixthem/test009_file2.txt
[INFO] MixThem: --------------------------------------------------------------------
[INFO] MixThem: Result file : file:/root/workspace/Innovimax-SARL/mix-them/389647595/target/test-classes/innovimax/mixthem/test009_output-zipline.txt
[INFO] MixThem: --------------------------------------------------------------------
[INFO] MixThem: Run and check result...
[INFO] MixThem: Started mixing for [char] rule &apos;zip-line&apos;...
[INFO] MixThem: Ended mixing for [char] rule &apos;zip-line&apos;.
[INFO] MixThem: Run and print result...
[INFO] MixThem: Started mixing for [char] rule &apos;zip-line&apos;...
[INFO] MixThem: Ended mixing for [char] rule &apos;zip-line&apos;.
[INFO] MixThem: Run pass with params {} on selection []
[INFO] MixThem: TEST [CHAR] N° 10***********************************************************
[INFO] MixThem: File 1: file:/root/workspace/Innovimax-SARL/mix-them/389647595/target/test-classes/innovimax/mixthem/test010_file1.txt
[INFO] MixThem: File 2: file:/root/workspace/Innovimax-SARL/mix-them/389647595/target/test-classes/innovimax/mixthem/test010_file2.txt
[INFO] MixThem: --------------------------------------------------------------------
[INFO] MixThem: Result file : file:/root/workspace/Innovimax-SARL/mix-them/389647595/target/test-classes/innovimax/mixthem/test010_output-zipcell.txt
[INFO] MixThem: --------------------------------------------------------------------
[INFO] MixThem: Run and check result...
[INFO] MixThem: Started mixing for [char] rule &apos;zip-cell&apos;...
[INFO] MixThem: Ended mixing for [char] rule &apos;zip-cell&apos;.
[INFO] MixThem: Run and print result...
[INFO] MixThem: Started mixing for [char] rule &apos;zip-cell&apos;...
[INFO] MixThem: Ended mixing for [char] rule &apos;zip-cell&apos;.
[INFO] MixThem: Run pass with params {} on selection []
[INFO] MixThem: TEST [CHAR] N° 11***********************************************************
[INFO] MixThem: File 1: file:/root/workspace/Innovimax-SARL/mix-them/389647595/target/test-classes/innovimax/mixthem/test011_file1.txt
[INFO] MixThem: File 2: file:/root/workspace/Innovimax-SARL/mix-them/389647595/target/test-classes/innovimax/mixthem/test011_file2.txt
[INFO] MixThem: --------------------------------------------------------------------
[INFO] MixThem: Params file : file:/root/workspace/Innovimax-SARL/mix-them/389647595/target/test-classes/innovimax/mixthem/test011_params-zipchar.txt
[INFO] MixThem: Result file : file:/root/workspace/Innovimax-SARL/mix-them/389647595/target/test-classes/innovimax/mixthem/test011_output-zipchar.txt
[INFO] MixThem: --------------------------------------------------------------------
[INFO] MixThem: Run and check result...
[INFO] MixThem: Started mixing for [char] rule &apos;zip-char&apos;...
[INFO] MixThem: Ended mixing for [char] rule &apos;zip-char&apos;.
[INFO] MixThem: Run and print result...
[INFO] MixThem: Started mixing for [char] rule &apos;zip-char&apos;...
[INFO] MixThem: Ended mixing for [char] rule &apos;zip-char&apos;.
[INFO] MixThem: Run pass with params {} on selection []
[INFO] MixThem: --------------------------------------------------------------------
[INFO] MixThem: Params file : file:/root/workspace/Innovimax-SARL/mix-them/389647595/target/test-classes/innovimax/mixthem/test011_params-zipchar.txt
[INFO] MixThem: Result file : file:/root/workspace/Innovimax-SARL/mix-them/389647595/target/test-classes/innovimax/mixthem/test011_output-zipchar-2.txt
[INFO] MixThem: --------------------------------------------------------------------
[INFO] MixThem: Run and check result...
[INFO] MixThem: Started mixing for [char] rule &apos;zip-char&apos;...
[INFO] MixThem: Ended mixing for [char] rule &apos;zip-char&apos;.
[INFO] MixThem: Run and print result...
[INFO] MixThem: Started mixing for [char] rule &apos;zip-char&apos;...
[INFO] MixThem: Ended mixing for [char] rule &apos;zip-char&apos;.
[INFO] MixThem: Run pass with params {ZIP_SEP=,} on selection []
[INFO] MixThem: TEST [CHAR] N° 12***********************************************************
[INFO] MixThem: File 1: file:/root/workspace/Innovimax-SARL/mix-them/389647595/target/test-classes/innovimax/mixthem/test012_file1.txt
[INFO] MixThem: File 2: file:/root/workspace/Innovimax-SARL/mix-them/389647595/target/test-classes/innovimax/mixthem/test012_file2.txt
[INFO] MixThem: --------------------------------------------------------------------
[INFO] MixThem: Result file : file:/root/workspace/Innovimax-SARL/mix-them/389647595/target/test-classes/innovimax/mixthem/test012_output-zipchar.txt
[INFO] MixThem: --------------------------------------------------------------------
[INFO] MixThem: Run and check result...
[INFO] MixThem: Started mixing for [char] rule &apos;zip-char&apos;...
[INFO] MixThem: Ended mixing for [char] rule &apos;zip-char&apos;.
[INFO] MixThem: Run and print result...
[INFO] MixThem: Started mixing for [char] rule &apos;zip-char&apos;...
[INFO] MixThem: Ended mixing for [char] rule &apos;zip-char&apos;.
[INFO] MixThem: Run pass with params {} on selection []
[INFO] MixThem: TEST [CHAR] N° 13***********************************************************
[INFO] MixThem: File 1: file:/root/workspace/Innovimax-SARL/mix-them/389647595/target/test-classes/innovimax/mixthem/test013_file1.txt
[INFO] MixThem: File 2: file:/root/workspace/Innovimax-SARL/mix-them/389647595/target/test-classes/innovimax/mixthem/test013_file2.txt
[INFO] MixThem: --------------------------------------------------------------------
[INFO] MixThem: Params file : file:/root/workspace/Innovimax-SARL/mix-them/389647595/target/test-classes/innovimax/mixthem/test013_params-join.txt
[INFO] MixThem: Result file : file:/root/workspace/Innovimax-SARL/mix-them/389647595/target/test-classes/innovimax/mixthem/test013_output-join.txt
[INFO] MixThem: --------------------------------------------------------------------
[INFO] MixThem: Run and check result...
[INFO] MixThem: Started mixing for [char] rule &apos;join&apos;...
[INFO] MixThem: Ended mixing for [char] rule &apos;join&apos;.
[INFO] MixThem: Run and print result...
[INFO] MixThem: Started mixing for [char] rule &apos;join&apos;...
[INFO] MixThem: Ended mixing for [char] rule &apos;join&apos;.
[INFO] MixThem: Run pass with params {} on selection []
[INFO] MixThem: --------------------------------------------------------------------
[INFO] MixThem: Params file : file:/root/workspace/Innovimax-SARL/mix-them/389647595/target/test-classes/innovimax/mixthem/test013_params-join.txt
[INFO] MixThem: Result file : file:/root/workspace/Innovimax-SARL/mix-them/389647595/target/test-classes/innovimax/mixthem/test013_output-join-2.txt
[INFO] MixThem: --------------------------------------------------------------------
[INFO] MixThem: Run and check result...
[INFO] MixThem: Started mixing for [char] rule &apos;join&apos;...
[INFO] MixThem: Ended mixing for [char] rule &apos;join&apos;.
[INFO] MixThem: Run and print result...
[INFO] MixThem: Started mixing for [char] rule &apos;join&apos;...
[INFO] MixThem: Ended mixing for [char] rule &apos;join&apos;.
[INFO] MixThem: Run pass with params {JOIN_COLS=[3]} on selection []
[INFO] MixThem: TEST [CHAR] N° 14***********************************************************
[INFO] MixThem: File 1: file:/root/workspace/Innovimax-SARL/mix-them/389647595/target/test-classes/innovimax/mixthem/test014_file1.txt
[INFO] MixThem: File 2: file:/root/workspace/Innovimax-SARL/mix-them/389647595/target/test-classes/innovimax/mixthem/test014_file2.txt
[INFO] MixThem: --------------------------------------------------------------------
[INFO] MixThem: Result file : file:/root/workspace/Innovimax-SARL/mix-them/389647595/target/test-classes/innovimax/mixthem/test014_output-join.txt
[INFO] MixThem: --------------------------------------------------------------------
[INFO] MixThem: Run and check result...
[INFO] MixThem: Started mixing for [char] rule &apos;join&apos;...
[INFO] MixThem: Ended mixing for [char] rule &apos;join&apos;.
[INFO] MixThem: Run and print result...
[INFO] MixThem: Started mixing for [char] rule &apos;join&apos;...
[INFO] MixThem: Ended mixing for [char] rule &apos;join&apos;.
[INFO] MixThem: Run pass with params {} on selection []
[INFO] MixThem: TEST [CHAR] N° 15***********************************************************
[INFO] MixThem: File 1: file:/root/workspace/Innovimax-SARL/mix-them/389647595/target/test-classes/innovimax/mixthem/test015_file1.txt
[INFO] MixThem: File 2: file:/root/workspace/Innovimax-SARL/mix-them/389647595/target/test-classes/innovimax/mixthem/test015_file2.txt
[INFO] MixThem: --------------------------------------------------------------------
[INFO] MixThem: Params file : file:/root/workspace/Innovimax-SARL/mix-them/389647595/target/test-classes/innovimax/mixthem/test015_params-join.txt
[INFO] MixThem: Result file : file:/root/workspace/Innovimax-SARL/mix-them/389647595/target/test-classes/innovimax/mixthem/test015_output-join-2.txt
[INFO] MixThem: --------------------------------------------------------------------
[INFO] MixThem: Run and check result...
[INFO] MixThem: Started mixing for [char] rule &apos;join&apos;...
[INFO] MixThem: Ended mixing for [char] rule &apos;join&apos;.
[INFO] MixThem: Run and print result...
[INFO] MixThem: Started mixing for [char] rule &apos;join&apos;...
[INFO] MixThem: Ended mixing for [char] rule &apos;join&apos;.
[INFO] MixThem: Run pass with params {JOIN_COLS=[2, 1]} on selection []
[INFO] MixThem: --------------------------------------------------------------------
[INFO] MixThem: Params file : file:/root/workspace/Innovimax-SARL/mix-them/389647595/target/test-classes/innovimax/mixthem/test015_params-join.txt
[INFO] MixThem: Result file : file:/root/workspace/Innovimax-SARL/mix-them/389647595/target/test-classes/innovimax/mixthem/test015_output-join-3.txt
[INFO] MixThem: --------------------------------------------------------------------
[INFO] MixThem: Run and check result...
[INFO] MixThem: Started mixing for [char] rule &apos;join&apos;...
[INFO] MixThem: Ended mixing for [char] rule &apos;join&apos;.
[INFO] MixThem: Run and print result...
[INFO] MixThem: Started mixing for [char] rule &apos;join&apos;...
[INFO] MixThem: Ended mixing for [char] rule &apos;join&apos;.
[INFO] MixThem: Run pass with params {JOIN_COLS=[2, -1]} on selection []
[INFO] MixThem: TEST [CHAR] N° 16***********************************************************
[INFO] MixThem: File 1: file:/root/workspace/Innovimax-SARL/mix-them/389647595/target/test-classes/innovimax/mixthem/test016_file1.txt
[INFO] MixThem: File 2: file:/root/workspace/Innovimax-SARL/mix-them/389647595/target/test-classes/innovimax/mixthem/test016_file2.txt
[INFO] MixThem: --------------------------------------------------------------------
[INFO] MixThem: Result file : file:/root/workspace/Innovimax-SARL/mix-them/389647595/target/test-classes/innovimax/mixthem/test016_output-join.txt
[INFO] MixThem: --------------------------------------------------------------------
[INFO] MixThem: Run and check result...
[INFO] MixThem: Started mixing for [char] rule &apos;join&apos;...
[INFO] MixThem: Ended mixing for [char] rule &apos;join&apos;.
[INFO] MixThem: Run and print result...
[INFO] MixThem: Started mixing for [char] rule &apos;join&apos;...
[INFO] MixThem: Ended mixing for [char] rule &apos;join&apos;.
[INFO] MixThem: Run pass with params {} on selection []
[INFO] MixThem: TEST [CHAR] N° 17***********************************************************
[INFO] MixThem: File 1: file:/root/workspace/Innovimax-SARL/mix-them/389647595/target/test-classes/innovimax/mixthem/test017_file1.txt
[INFO] MixThem: File 2: file:/root/workspace/Innovimax-SARL/mix-them/389647595/target/test-classes/innovimax/mixthem/test017_file2.txt
[INFO] MixThem: --------------------------------------------------------------------
[INFO] MixThem: Result file : file:/root/workspace/Innovimax-SARL/mix-them/389647595/target/test-classes/innovimax/mixthem/test017_output-join.txt
[INFO] MixThem: --------------------------------------------------------------------
[INFO] MixThem: Run and check result...
[INFO] MixThem: Started mixing for [char] rule &apos;join&apos;...
[INFO] MixThem: Ended mixing for [char] rule &apos;join&apos;.
[INFO] MixThem: Run and print result...
[INFO] MixThem: Started mixing for [char] rule &apos;join&apos;...
[INFO] MixThem: Ended mixing for [char] rule &apos;join&apos;.
[INFO] MixThem: Run pass with params {} on selection []
[INFO] MixThem: TEST [CHAR] N° 18***********************************************************
[INFO] MixThem: Locked!!!
[INFO] MixThem: TEST [CHAR] N° 19***********************************************************
[INFO] MixThem: File 1: file:/root/workspace/Innovimax-SARL/mix-them/389647595/target/test-classes/innovimax/mixthem/test019_file1.txt
[INFO] MixThem: File 2: file:/root/workspace/Innovimax-SARL/mix-them/389647595/target/test-classes/innovimax/mixthem/test019_file2.txt
[INFO] MixThem: TEST [CHAR] N° 20***********************************************************
[INFO] MixThem: File 1: file:/root/workspace/Innovimax-SARL/mix-them/389647595/target/test-classes/innovimax/mixthem/test020_file1.txt
[INFO] MixThem: File 2: file:/root/workspace/Innovimax-SARL/mix-them/389647595/target/test-classes/innovimax/mixthem/test020_file2.txt
[INFO] MixThem: File 3: file:/root/workspace/Innovimax-SARL/mix-them/389647595/target/test-classes/innovimax/mixthem/test020_file3.txt
[INFO] MixThem: --------------------------------------------------------------------
[INFO] MixThem: Result file : file:/root/workspace/Innovimax-SARL/mix-them/389647595/target/test-classes/innovimax/mixthem/test020_output-random-altchar.txt
[INFO] MixThem: --------------------------------------------------------------------
[INFO] MixThem: Run and check result...
[INFO] MixThem: Started mixing for [char] rule &apos;random-alt-char&apos;...
[INFO] MixThem: Ended mixing for [char] rule &apos;random-alt-char&apos;.
[INFO] MixThem: Run and print result...
[INFO] MixThem: Started mixing for [char] rule &apos;random-alt-char&apos;...
[INFO] MixThem: Ended mixing for [char] rule &apos;random-alt-char&apos;.
[INFO] MixThem: Run pass with params {} on selection []
[INFO] MixThem: --------------------------------------------------------------------
[INFO] MixThem: Params file : file:/root/workspace/Innovimax-SARL/mix-them/389647595/target/test-classes/innovimax/mixthem/test020_params-zipchar.txt
[INFO] MixThem: Result file : file:/root/workspace/Innovimax-SARL/mix-them/389647595/target/test-classes/innovimax/mixthem/test020_output-zipchar.txt
[INFO] MixThem: --------------------------------------------------------------------
[INFO] MixThem: Run and check result...
[INFO] MixThem: Started mixing for [char] rule &apos;zip-char&apos;...
[INFO] MixThem: Ended mixing for [char] rule &apos;zip-char&apos;.
[INFO] MixThem: Run and print result...
[INFO] MixThem: Started mixing for [char] rule &apos;zip-char&apos;...
[INFO] MixThem: Ended mixing for [char] rule &apos;zip-char&apos;.
[INFO] MixThem: Run pass with params {} on selection []
[INFO] MixThem: --------------------------------------------------------------------
[INFO] MixThem: Params file : file:/root/workspace/Innovimax-SARL/mix-them/389647595/target/test-classes/innovimax/mixthem/test020_params-zipchar.txt
[INFO] MixThem: Result file : file:/root/workspace/Innovimax-SARL/mix-them/389647595/target/test-classes/innovimax/mixthem/test020_output-zipchar-2.txt
[INFO] MixThem: --------------------------------------------------------------------
[INFO] MixThem: Run and check result...
[INFO] MixThem: Started mixing for [char] rule &apos;zip-char&apos;...
[INFO] MixThem: Ended mixing for [char] rule &apos;zip-char&apos;.
[INFO] MixThem: Run and print result...
[INFO] MixThem: Started mixing for [char] rule &apos;zip-char&apos;...
[INFO] MixThem: Ended mixing for [char] rule &apos;zip-char&apos;.
[INFO] MixThem: Run pass with params {ZIP_SEP=XYZ} on selection []
[INFO] MixThem: TEST [CHAR] N° 21***********************************************************
[INFO] MixThem: File 1: file:/root/workspace/Innovimax-SARL/mix-them/389647595/target/test-classes/innovimax/mixthem/test021_file1.txt
[INFO] MixThem: File 2: file:/root/workspace/Innovimax-SARL/mix-them/389647595/target/test-classes/innovimax/mixthem/test021_file2.txt
[INFO] MixThem: File 3: file:/root/workspace/Innovimax-SARL/mix-them/389647595/target/test-classes/innovimax/mixthem/test021_file3.txt
[INFO] MixThem: File 4: file:/root/workspace/Innovimax-SARL/mix-them/389647595/target/test-classes/innovimax/mixthem/test021_file4.txt
[INFO] MixThem: File 5: file:/root/workspace/Innovimax-SARL/mix-them/389647595/target/test-classes/innovimax/mixthem/test021_file5.txt
[INFO] MixThem: --------------------------------------------------------------------
[INFO] MixThem: Params file : file:/root/workspace/Innovimax-SARL/mix-them/389647595/target/test-classes/innovimax/mixthem/test021_params-add.txt
[INFO] MixThem: Result file : file:/root/workspace/Innovimax-SARL/mix-them/389647595/target/test-classes/innovimax/mixthem/test021_output-add.txt
[INFO] MixThem: --------------------------------------------------------------------
[INFO] MixThem: Run and check result...
[INFO] MixThem: Started mixing for [char] rule &apos;+&apos;...
[INFO] MixThem: Ended mixing for [char] rule &apos;+&apos;.
[INFO] MixThem: Run and print result...
[INFO] MixThem: Started mixing for [char] rule &apos;+&apos;...
[INFO] MixThem: Ended mixing for [char] rule &apos;+&apos;.
[INFO] MixThem: Run pass with params {} on selection []
[INFO] MixThem: --------------------------------------------------------------------
[INFO] MixThem: Params file : file:/root/workspace/Innovimax-SARL/mix-them/389647595/target/test-classes/innovimax/mixthem/test021_params-add.txt
[INFO] MixThem: Result file : file:/root/workspace/Innovimax-SARL/mix-them/389647595/target/test-classes/innovimax/mixthem/test021_output-add-2.txt
[INFO] MixThem: --------------------------------------------------------------------
[INFO] MixThem: Run and check result...
[INFO] MixThem: Started mixing for [char] rule &apos;+&apos;...
[INFO] MixThem: Ended mixing for [char] rule &apos;+&apos;.
[INFO] MixThem: Run and print result...
[INFO] MixThem: Started mixing for [char] rule &apos;+&apos;...
[INFO] MixThem: Ended mixing for [char] rule &apos;+&apos;.
[INFO] MixThem: Run pass with params {} on selection [2, 4]
[INFO] MixThem: --------------------------------------------------------------------
[INFO] MixThem: Params file : file:/root/workspace/Innovimax-SARL/mix-them/389647595/target/test-classes/innovimax/mixthem/test021_params-add.txt
[INFO] MixThem: Result file : file:/root/workspace/Innovimax-SARL/mix-them/389647595/target/test-classes/innovimax/mixthem/test021_output-add-3.txt
[INFO] MixThem: --------------------------------------------------------------------
[INFO] MixThem: Run and check result...
[INFO] MixThem: Started mixing for [char] rule &apos;+&apos;...
[INFO] MixThem: Ended mixing for [char] rule &apos;+&apos;.
[INFO] MixThem: Run and print result...
[INFO] MixThem: Started mixing for [char] rule &apos;+&apos;...
[INFO] MixThem: Ended mixing for [char] rule &apos;+&apos;.
[INFO] MixThem: Run pass with params {} on selection [1, 3, 5]
[INFO] MixThem: --------------------------------------------------------------------
[INFO] MixThem: Result file : file:/root/workspace/Innovimax-SARL/mix-them/389647595/target/test-classes/innovimax/mixthem/test021_output-random-altchar.txt
[INFO] MixThem: --------------------------------------------------------------------
[INFO] MixThem: Run and check result...
[INFO] MixThem: Started mixing for [char] rule &apos;random-alt-char&apos;...
[INFO] MixThem: Ended mixing for [char] rule &apos;random-alt-char&apos;.
[INFO] MixThem: Run and print result...
[INFO] MixThem: Started mixing for [char] rule &apos;random-alt-char&apos;...
[INFO] MixThem: Ended mixing for [char] rule &apos;random-alt-char&apos;.
[INFO] MixThem: Run pass with params {} on selection []
[INFO] MixThem: --------------------------------------------------------------------
[INFO] MixThem: Params file : file:/root/workspace/Innovimax-SARL/mix-them/389647595/target/test-classes/innovimax/mixthem/test021_params-zipchar.txt
[INFO] MixThem: Result file : file:/root/workspace/Innovimax-SARL/mix-them/389647595/target/test-classes/innovimax/mixthem/test021_output-zipchar.txt
[INFO] MixThem: --------------------------------------------------------------------
[INFO] MixThem: Run and check result...
[INFO] MixThem: Started mixing for [char] rule &apos;zip-char&apos;...
[INFO] MixThem: Ended mixing for [char] rule &apos;zip-char&apos;.
[INFO] MixThem: Run and print result...
[INFO] MixThem: Started mixing for [char] rule &apos;zip-char&apos;...
[INFO] MixThem: Ended mixing for [char] rule &apos;zip-char&apos;.
[INFO] MixThem: Run pass with params {} on selection []
[INFO] MixThem: TEST [CHAR] N° 22***********************************************************
[INFO] MixThem: Locked!!!
[INFO] MixThem: TEST [CHAR] N° 23***********************************************************
[INFO] MixThem: File 1: file:/root/workspace/Innovimax-SARL/mix-them/389647595/target/test-classes/innovimax/mixthem/test023_file1.txt
[INFO] MixThem: File 2: file:/root/workspace/Innovimax-SARL/mix-them/389647595/target/test-classes/innovimax/mixthem/test023_file2.txt
[INFO] MixThem: File 3: file:/root/workspace/Innovimax-SARL/mix-them/389647595/target/test-classes/innovimax/mixthem/test023_file3.txt
[INFO] MixThem: File 4: file:/root/workspace/Innovimax-SARL/mix-them/389647595/target/test-classes/innovimax/mixthem/test023_file4.txt
[INFO] MixThem: --------------------------------------------------------------------
[INFO] MixThem: Params file : file:/root/workspace/Innovimax-SARL/mix-them/389647595/target/test-classes/innovimax/mixthem/test023_params-join.txt
[INFO] MixThem: Result file : file:/root/workspace/Innovimax-SARL/mix-them/389647595/target/test-classes/innovimax/mixthem/test023_output-join-2.txt
[INFO] MixThem: --------------------------------------------------------------------
[INFO] MixThem: Run and check result...
[INFO] MixThem: Started mixing for [char] rule &apos;join&apos;...
[INFO] MixThem: Ended mixing for [char] rule &apos;join&apos;.
[INFO] MixThem: Run and print result...
[INFO] MixThem: Started mixing for [char] rule &apos;join&apos;...
[INFO] MixThem: Ended mixing for [char] rule &apos;join&apos;.
[INFO] MixThem: Run pass with params {JOIN_COLS=[2, 1, 3, 1]} on selection []
[INFO] MixThem: --------------------------------------------------------------------
[INFO] MixThem: Params file : file:/root/workspace/Innovimax-SARL/mix-them/389647595/target/test-classes/innovimax/mixthem/test023_params-join.txt
[INFO] MixThem: Result file : file:/root/workspace/Innovimax-SARL/mix-them/389647595/target/test-classes/innovimax/mixthem/test023_output-join-3.txt
[INFO] MixThem: --------------------------------------------------------------------
[INFO] MixThem: Run and check result...
[INFO] MixThem: Started mixing for [char] rule &apos;join&apos;...
[INFO] MixThem: Ended mixing for [char] rule &apos;join&apos;.
[INFO] MixThem: Run and print result...
[INFO] MixThem: Started mixing for [char] rule &apos;join&apos;...
[INFO] MixThem: Ended mixing for [char] rule &apos;join&apos;.
[INFO] MixThem: Run pass with params {JOIN_COLS=[2, -1, 3, -1]} on selection []
[INFO] MixThem: TEST [CHAR] N° 24***********************************************************
[INFO] MixThem: File 1: file:/root/workspace/Innovimax-SARL/mix-them/389647595/target/test-classes/innovimax/mixthem/test024_file1.txt
[INFO] MixThem: File 2: file:/root/workspace/Innovimax-SARL/mix-them/389647595/target/test-classes/innovimax/mixthem/test024_file2.txt
[INFO] MixThem: File 3: file:/root/workspace/Innovimax-SARL/mix-them/389647595/target/test-classes/innovimax/mixthem/test024_file3.txt
[INFO] MixThem: File 4: file:/root/workspace/Innovimax-SARL/mix-them/389647595/target/test-classes/innovimax/mixthem/test024_file4.txt
[INFO] MixThem: File 5: file:/root/workspace/Innovimax-SARL/mix-them/389647595/target/test-classes/innovimax/mixthem/test024_file5.txt
[INFO] MixThem: --------------------------------------------------------------------
[INFO] MixThem: Params file : file:/root/workspace/Innovimax-SARL/mix-them/389647595/target/test-classes/innovimax/mixthem/test024_params-altchar.txt
[INFO] MixThem: Result file : file:/root/workspace/Innovimax-SARL/mix-them/389647595/target/test-classes/innovimax/mixthem/test024_output-altchar-2.txt
[INFO] MixThem: --------------------------------------------------------------------
[INFO] MixThem: Run and check result...
[INFO] MixThem: Started mixing for [char] rule &apos;alt-char&apos;...
[INFO] MixThem: Ended mixing for [char] rule &apos;alt-char&apos;.
[INFO] MixThem: Run and print result...
[INFO] MixThem: Started mixing for [char] rule &apos;alt-char&apos;...
[INFO] MixThem: Ended mixing for [char] rule &apos;alt-char&apos;.
[INFO] MixThem: Run pass with params {} on selection [2, 4]
[INFO] MixThem: --------------------------------------------------------------------
[INFO] MixThem: Params file : file:/root/workspace/Innovimax-SARL/mix-them/389647595/target/test-classes/innovimax/mixthem/test024_params-altchar.txt
[INFO] MixThem: Result file : file:/root/workspace/Innovimax-SARL/mix-them/389647595/target/test-classes/innovimax/mixthem/test024_output-altchar-3.txt
[INFO] MixThem: --------------------------------------------------------------------
[INFO] MixThem: Run and check result...
[INFO] MixThem: Started mixing for [char] rule &apos;alt-char&apos;...
[INFO] MixThem: Ended mixing for [char] rule &apos;alt-char&apos;.
[INFO] MixThem: Run and print result...
[INFO] MixThem: Started mixing for [char] rule &apos;alt-char&apos;...
[INFO] MixThem: Ended mixing for [char] rule &apos;alt-char&apos;.
[INFO] MixThem: Run pass with params {} on selection [1, 3, 5]
[INFO] MixThem: TEST [CHAR] N° 25***********************************************************
[INFO] MixThem: File 1: file:/root/workspace/Innovimax-SARL/mix-them/389647595/target/test-classes/innovimax/mixthem/test025_file1.txt
[INFO] MixThem: File 2: file:/root/workspace/Innovimax-SARL/mix-them/389647595/target/test-classes/innovimax/mixthem/test025_file2.txt
[INFO] MixThem: File 3: file:/root/workspace/Innovimax-SARL/mix-them/389647595/target/test-classes/innovimax/mixthem/test025_file3.txt
[INFO] MixThem: File 4: file:/root/workspace/Innovimax-SARL/mix-them/389647595/target/test-classes/innovimax/mixthem/test025_file4.txt
[INFO] MixThem: File 5: file:/root/workspace/Innovimax-SARL/mix-them/389647595/target/test-classes/innovimax/mixthem/test025_file5.txt
[INFO] MixThem: --------------------------------------------------------------------
[INFO] MixThem: Params file : file:/root/workspace/Innovimax-SARL/mix-them/389647595/target/test-classes/innovimax/mixthem/test025_params-join.txt
[INFO] MixThem: Result file : file:/root/workspace/Innovimax-SARL/mix-them/389647595/target/test-classes/innovimax/mixthem/test025_output-join-2.txt
[INFO] MixThem: --------------------------------------------------------------------
[INFO] MixThem: Run and check result...
[INFO] MixThem: Started mixing for [char] rule &apos;join&apos;...
[INFO] MixThem: Ended mixing for [char] rule &apos;join&apos;.
[INFO] MixThem: Run and print result...
[INFO] MixThem: Started mixing for [char] rule &apos;join&apos;...
[INFO] MixThem: Ended mixing for [char] rule &apos;join&apos;.
[INFO] MixThem: Run pass with params {JOIN_COLS=[1]} on selection [2, 4]
[INFO] MixThem: --------------------------------------------------------------------
[INFO] MixThem: Params file : file:/root/workspace/Innovimax-SARL/mix-them/389647595/target/test-classes/innovimax/mixthem/test025_params-join.txt
[INFO] MixThem: Result file : file:/root/workspace/Innovimax-SARL/mix-them/389647595/target/test-classes/innovimax/mixthem/test025_output-join-3.txt
[INFO] MixThem: --------------------------------------------------------------------
[INFO] MixThem: Run and check result...
[INFO] MixThem: Started mixing for [char] rule &apos;join&apos;...
[INFO] MixThem: Ended mixing for [char] rule &apos;join&apos;.
[INFO] MixThem: Run and print result...
[INFO] MixThem: Started mixing for [char] rule &apos;join&apos;...
[INFO] MixThem: Ended mixing for [char] rule &apos;join&apos;.
[INFO] MixThem: Run pass with params {JOIN_COLS=[1]} on selection [1, 3, 5]
[INFO] MixThem: TEST [CHAR] N° 26***********************************************************
[INFO] MixThem: *********************************************************************
[INFO] MixThem: FAILED [CHAR] TESTS : [1, 1, 1, 6]
[INFO] MixThem: LOCKED [CHAR] TESTS : [18, 22]
[INFO] MixThem: *********************************************************************
</system-err>
  </testcase>
  <testcase classname="innovimax.mixthem.GenericTest" name="testBytesRules" time="0.062"/>
</testsuite>