<?xml version="1.0" encoding="UTF-8"?>
<testsuite xmlns:xsi="http://www.w3.org/2001/XMLSchema-instance" xsi:schemaLocation="https://maven.apache.org/surefire/maven-surefire-plugin/xsd/surefire-test-report.xsd" name="org.springframework.data.redis.listener.SubscriptionConnectionTests" time="240.84" tests="6" errors="6" skipped="0" failures="0">
  <properties>
    <property name="java.runtime.name" value="OpenJDK Runtime Environment"/>
    <property name="sun.boot.library.path" value="/usr/lib/jvm/java-8-openjdk-amd64/jre/lib/amd64"/>
    <property name="java.vm.version" value="25.121-b13"/>
    <property name="java.vm.vendor" value="Oracle Corporation"/>
    <property name="maven.multiModuleProjectDirectory" value="/root/workspace/spring-projects/spring-data-redis/388703425"/>
    <property name="java.vendor.url" value="http://java.oracle.com/"/>
    <property name="path.separator" value=":"/>
    <property name="guice.disable.misplaced.annotation.check" value="true"/>
    <property name="skip.gulp" value="true"/>
    <property name="java.vm.name" value="OpenJDK 64-Bit Server VM"/>
    <property name="file.encoding.pkg" value="sun.io"/>
    <property name="sun.java.launcher" value="SUN_STANDARD"/>
    <property name="sun.os.patch.level" value="unknown"/>
    <property name="findbugs.skip" value="true"/>
    <property name="java.vm.specification.name" value="Java Virtual Machine Specification"/>
    <property name="user.dir" value="/root/workspace/spring-projects/spring-data-redis/388703425"/>
    <property name="checkstyle.skip" value="true"/>
    <property name="java.runtime.version" value="1.8.0_121-8u121-b13-1~bpo8+1-b13"/>
    <property name="java.awt.graphicsenv" value="sun.awt.X11GraphicsEnvironment"/>
    <property name="skip.npm" value="true"/>
    <property name="java.endorsed.dirs" value="/usr/lib/jvm/java-8-openjdk-amd64/jre/lib/endorsed"/>
    <property name="os.arch" value="amd64"/>
    <property name="java.io.tmpdir" value="/tmp"/>
    <property name="gpg.skip" value="true"/>
    <property name="line.separator" value="&#10;"/>
    <property name="java.vm.specification.vendor" value="Oracle Corporation"/>
    <property name="cobertura.skip" value="true"/>
    <property name="os.name" value="Linux"/>
    <property name="classworlds.conf" value="/usr/share/maven/bin/m2.conf"/>
    <property name="sun.jnu.encoding" value="UTF-8"/>
    <property name="java.library.path" value="/usr/java/packages/lib/amd64:/usr/lib/x86_64-linux-gnu/jni:/lib/x86_64-linux-gnu:/usr/lib/x86_64-linux-gnu:/usr/lib/jni:/lib:/usr/lib"/>
    <property name="license.skip" value="true"/>
    <property name="java.specification.name" value="Java Platform API Specification"/>
    <property name="java.class.version" value="52.0"/>
    <property name="sun.management.compiler" value="HotSpot 64-Bit Tiered Compilers"/>
    <property name="skip.bower" value="true"/>
    <property name="maven.repo.local" value="/root/./workspace/spring-projects/spring-data-redis/388703425/.m2"/>
    <property name="os.version" value="3.10.0-862.3.2.el7.x86_64"/>
    <property name="user.home" value="/root"/>
    <property name="user.timezone" value="Europe/Paris"/>
    <property name="java.awt.printerjob" value="sun.print.PSPrinterJob"/>
    <property name="java.specification.version" value="1.8"/>
    <property name="file.encoding" value="UTF-8"/>
    <property name="user.name" value="root"/>
    <property name="java.class.path" value="/usr/share/maven/boot/plexus-classworlds-2.5.2.jar"/>
    <property name="skipITs" value="true"/>
    <property name="java.vm.specification.version" value="1.8"/>
    <property name="sun.arch.data.model" value="64"/>
    <property name="java.home" value="/usr/lib/jvm/java-8-openjdk-amd64/jre"/>
    <property name="sun.java.command" value="org.codehaus.plexus.classworlds.launcher.Launcher -B -D enforcer.skip=true -D dependency-check.skip=true -D skipITs=true -D cobertura.skip=true -D maven.repo.local=/root/./workspace/spring-projects/spring-data-redis/388703425/.m2 -D rat.skip=true -D findbugs.skip=true -D skip.bower=true -D gpg.skip=true -D checkstyle.skip=true -D skip.gulp=true -D license.skip=true -D skip.npm=true test"/>
    <property name="java.specification.vendor" value="Oracle Corporation"/>
    <property name="user.language" value="en"/>
    <property name="awt.toolkit" value="sun.awt.X11.XToolkit"/>
    <property name="dependency-check.skip" value="true"/>
    <property name="java.vm.info" value="mixed mode"/>
    <property name="java.version" value="1.8.0_121"/>
    <property name="java.ext.dirs" value="/usr/lib/jvm/java-8-openjdk-amd64/jre/lib/ext:/usr/java/packages/lib/ext"/>
    <property name="securerandom.source" value="file:/dev/./urandom"/>
    <property name="sun.boot.class.path" value="/usr/lib/jvm/java-8-openjdk-amd64/jre/lib/resources.jar:/usr/lib/jvm/java-8-openjdk-amd64/jre/lib/rt.jar:/usr/lib/jvm/java-8-openjdk-amd64/jre/lib/sunrsasign.jar:/usr/lib/jvm/java-8-openjdk-amd64/jre/lib/jsse.jar:/usr/lib/jvm/java-8-openjdk-amd64/jre/lib/jce.jar:/usr/lib/jvm/java-8-openjdk-amd64/jre/lib/charsets.jar:/usr/lib/jvm/java-8-openjdk-amd64/jre/lib/jfr.jar:/usr/lib/jvm/java-8-openjdk-amd64/jre/classes"/>
    <property name="java.vendor" value="Oracle Corporation"/>
    <property name="enforcer.skip" value="true"/>
    <property name="rat.skip" value="true"/>
    <property name="maven.home" value="/usr/share/maven"/>
    <property name="file.separator" value="/"/>
    <property name="java.vendor.url.bug" value="http://bugreport.sun.com/bugreport/"/>
    <property name="sun.cpu.endian" value="little"/>
    <property name="sun.io.unicode.encoding" value="UnicodeLittle"/>
    <property name="sun.cpu.isalist" value=""/>
  </properties>
  <testcase name="testStopMessageListenerContainers[0]" classname="org.springframework.data.redis.listener.SubscriptionConnectionTests" time="40.807">
    <error message="Cannot get Jedis connection; nested exception is redis.clients.jedis.exceptions.JedisConnectionException: Could not get a resource from the pool" type="org.springframework.data.redis.RedisConnectionFailureException">org.springframework.data.redis.RedisConnectionFailureException: Cannot get Jedis connection; nested exception is redis.clients.jedis.exceptions.JedisConnectionException: Could not get a resource from the pool
	at org.springframework.data.redis.listener.SubscriptionConnectionTests.testStopMessageListenerContainers(SubscriptionConnectionTests.java:136)
Caused by: redis.clients.jedis.exceptions.JedisConnectionException: Could not get a resource from the pool
	at org.springframework.data.redis.listener.SubscriptionConnectionTests.testStopMessageListenerContainers(SubscriptionConnectionTests.java:136)
Caused by: redis.clients.jedis.exceptions.JedisConnectionException: java.net.ConnectException: Connection refused (Connection refused)
	at org.springframework.data.redis.listener.SubscriptionConnectionTests.testStopMessageListenerContainers(SubscriptionConnectionTests.java:136)
Caused by: java.net.ConnectException: Connection refused (Connection refused)
	at org.springframework.data.redis.listener.SubscriptionConnectionTests.testStopMessageListenerContainers(SubscriptionConnectionTests.java:136)
</error>
    <system-out><![CDATA[2018-06-06 13:19:48,157 ERROR s.listener.RedisMessageListenerContainer: 651 - Connection failure occurred. Restarting subscription task after 5000 ms
2018-06-06 13:19:53,158 ERROR s.listener.RedisMessageListenerContainer: 651 - Connection failure occurred. Restarting subscription task after 5000 ms
2018-06-06 13:19:53,258 ERROR s.listener.RedisMessageListenerContainer: 651 - Connection failure occurred. Restarting subscription task after 5000 ms
2018-06-06 13:19:58,259 ERROR s.listener.RedisMessageListenerContainer: 651 - Connection failure occurred. Restarting subscription task after 5000 ms
2018-06-06 13:19:58,359 ERROR s.listener.RedisMessageListenerContainer: 651 - Connection failure occurred. Restarting subscription task after 5000 ms
2018-06-06 13:20:03,360 ERROR s.listener.RedisMessageListenerContainer: 651 - Connection failure occurred. Restarting subscription task after 5000 ms
2018-06-06 13:20:03,459 ERROR s.listener.RedisMessageListenerContainer: 651 - Connection failure occurred. Restarting subscription task after 5000 ms
2018-06-06 13:20:08,461 ERROR s.listener.RedisMessageListenerContainer: 651 - Connection failure occurred. Restarting subscription task after 5000 ms
2018-06-06 13:20:08,560 ERROR s.listener.RedisMessageListenerContainer: 651 - Connection failure occurred. Restarting subscription task after 5000 ms
2018-06-06 13:20:13,561 ERROR s.listener.RedisMessageListenerContainer: 651 - Connection failure occurred. Restarting subscription task after 5000 ms
2018-06-06 13:20:13,661 ERROR s.listener.RedisMessageListenerContainer: 651 - Connection failure occurred. Restarting subscription task after 5000 ms
2018-06-06 13:20:18,662 ERROR s.listener.RedisMessageListenerContainer: 651 - Connection failure occurred. Restarting subscription task after 5000 ms
2018-06-06 13:20:18,761 ERROR s.listener.RedisMessageListenerContainer: 651 - Connection failure occurred. Restarting subscription task after 5000 ms
2018-06-06 13:20:23,763 ERROR s.listener.RedisMessageListenerContainer: 651 - Connection failure occurred. Restarting subscription task after 5000 ms
2018-06-06 13:20:23,862 ERROR s.listener.RedisMessageListenerContainer: 651 - Connection failure occurred. Restarting subscription task after 5000 ms
2018-06-06 13:20:28,863 ERROR s.listener.RedisMessageListenerContainer: 651 - Connection failure occurred. Restarting subscription task after 5000 ms
]]></system-out>
  </testcase>
  <testcase name="testStopListening[0]" classname="org.springframework.data.redis.listener.SubscriptionConnectionTests" time="40.005">
    <error message="Cannot get Jedis connection; nested exception is redis.clients.jedis.exceptions.JedisConnectionException: Could not get a resource from the pool" type="org.springframework.data.redis.RedisConnectionFailureException">org.springframework.data.redis.RedisConnectionFailureException: Cannot get Jedis connection; nested exception is redis.clients.jedis.exceptions.JedisConnectionException: Could not get a resource from the pool
	at org.springframework.data.redis.listener.SubscriptionConnectionTests.testStopListening(SubscriptionConnectionTests.java:185)
Caused by: redis.clients.jedis.exceptions.JedisConnectionException: Could not get a resource from the pool
	at org.springframework.data.redis.listener.SubscriptionConnectionTests.testStopListening(SubscriptionConnectionTests.java:185)
Caused by: redis.clients.jedis.exceptions.JedisConnectionException: java.net.ConnectException: Connection refused (Connection refused)
	at org.springframework.data.redis.listener.SubscriptionConnectionTests.testStopListening(SubscriptionConnectionTests.java:185)
Caused by: java.net.ConnectException: Connection refused (Connection refused)
	at org.springframework.data.redis.listener.SubscriptionConnectionTests.testStopListening(SubscriptionConnectionTests.java:185)
</error>
    <system-out><![CDATA[2018-06-06 13:20:28,964 ERROR s.listener.RedisMessageListenerContainer: 651 - Connection failure occurred. Restarting subscription task after 5000 ms
2018-06-06 13:20:33,965 ERROR s.listener.RedisMessageListenerContainer: 651 - Connection failure occurred. Restarting subscription task after 5000 ms
2018-06-06 13:20:33,965 ERROR s.listener.RedisMessageListenerContainer: 651 - Connection failure occurred. Restarting subscription task after 5000 ms
2018-06-06 13:20:38,966 ERROR s.listener.RedisMessageListenerContainer: 651 - Connection failure occurred. Restarting subscription task after 5000 ms
2018-06-06 13:20:38,966 ERROR s.listener.RedisMessageListenerContainer: 651 - Connection failure occurred. Restarting subscription task after 5000 ms
2018-06-06 13:20:38,969 ERROR s.listener.RedisMessageListenerContainer: 651 - Connection failure occurred. Restarting subscription task after 5000 ms
2018-06-06 13:20:43,966 ERROR s.listener.RedisMessageListenerContainer: 651 - Connection failure occurred. Restarting subscription task after 5000 ms
2018-06-06 13:20:43,967 ERROR s.listener.RedisMessageListenerContainer: 651 - Connection failure occurred. Restarting subscription task after 5000 ms
2018-06-06 13:20:43,967 ERROR s.listener.RedisMessageListenerContainer: 651 - Connection failure occurred. Restarting subscription task after 5000 ms
2018-06-06 13:20:43,970 ERROR s.listener.RedisMessageListenerContainer: 651 - Connection failure occurred. Restarting subscription task after 5000 ms
2018-06-06 13:20:48,966 ERROR s.listener.RedisMessageListenerContainer: 651 - Connection failure occurred. Restarting subscription task after 5000 ms
2018-06-06 13:20:48,967 ERROR s.listener.RedisMessageListenerContainer: 651 - Connection failure occurred. Restarting subscription task after 5000 ms
2018-06-06 13:20:48,968 ERROR s.listener.RedisMessageListenerContainer: 651 - Connection failure occurred. Restarting subscription task after 5000 ms
2018-06-06 13:20:48,968 ERROR s.listener.RedisMessageListenerContainer: 651 - Connection failure occurred. Restarting subscription task after 5000 ms
2018-06-06 13:20:48,971 ERROR s.listener.RedisMessageListenerContainer: 651 - Connection failure occurred. Restarting subscription task after 5000 ms
2018-06-06 13:20:53,967 ERROR s.listener.RedisMessageListenerContainer: 651 - Connection failure occurred. Restarting subscription task after 5000 ms
2018-06-06 13:20:53,967 ERROR s.listener.RedisMessageListenerContainer: 651 - Connection failure occurred. Restarting subscription task after 5000 ms
2018-06-06 13:20:53,968 ERROR s.listener.RedisMessageListenerContainer: 651 - Connection failure occurred. Restarting subscription task after 5000 ms
2018-06-06 13:20:53,969 ERROR s.listener.RedisMessageListenerContainer: 651 - Connection failure occurred. Restarting subscription task after 5000 ms
2018-06-06 13:20:53,969 ERROR s.listener.RedisMessageListenerContainer: 651 - Connection failure occurred. Restarting subscription task after 5000 ms
2018-06-06 13:20:53,971 ERROR s.listener.RedisMessageListenerContainer: 651 - Connection failure occurred. Restarting subscription task after 5000 ms
2018-06-06 13:20:58,967 ERROR s.listener.RedisMessageListenerContainer: 651 - Connection failure occurred. Restarting subscription task after 5000 ms
2018-06-06 13:20:58,968 ERROR s.listener.RedisMessageListenerContainer: 651 - Connection failure occurred. Restarting subscription task after 5000 ms
2018-06-06 13:20:58,968 ERROR s.listener.RedisMessageListenerContainer: 651 - Connection failure occurred. Restarting subscription task after 5000 ms
2018-06-06 13:20:58,968 ERROR s.listener.RedisMessageListenerContainer: 651 - Connection failure occurred. Restarting subscription task after 5000 ms
2018-06-06 13:20:58,970 ERROR s.listener.RedisMessageListenerContainer: 651 - Connection failure occurred. Restarting subscription task after 5000 ms
2018-06-06 13:20:58,970 ERROR s.listener.RedisMessageListenerContainer: 651 - Connection failure occurred. Restarting subscription task after 5000 ms
2018-06-06 13:20:58,972 ERROR s.listener.RedisMessageListenerContainer: 651 - Connection failure occurred. Restarting subscription task after 5000 ms
2018-06-06 13:21:03,968 ERROR s.listener.RedisMessageListenerContainer: 651 - Connection failure occurred. Restarting subscription task after 5000 ms
2018-06-06 13:21:03,968 ERROR s.listener.RedisMessageListenerContainer: 651 - Connection failure occurred. Restarting subscription task after 5000 ms
2018-06-06 13:21:03,969 ERROR s.listener.RedisMessageListenerContainer: 651 - Connection failure occurred. Restarting subscription task after 5000 ms
2018-06-06 13:21:03,969 ERROR s.listener.RedisMessageListenerContainer: 651 - Connection failure occurred. Restarting subscription task after 5000 ms
2018-06-06 13:21:03,969 ERROR s.listener.RedisMessageListenerContainer: 651 - Connection failure occurred. Restarting subscription task after 5000 ms
2018-06-06 13:21:03,970 ERROR s.listener.RedisMessageListenerContainer: 651 - Connection failure occurred. Restarting subscription task after 5000 ms
2018-06-06 13:21:03,970 ERROR s.listener.RedisMessageListenerContainer: 651 - Connection failure occurred. Restarting subscription task after 5000 ms
2018-06-06 13:21:03,973 ERROR s.listener.RedisMessageListenerContainer: 651 - Connection failure occurred. Restarting subscription task after 5000 ms
]]></system-out>
  </testcase>
  <testcase name="testRemoveLastListener[0]" classname="org.springframework.data.redis.listener.SubscriptionConnectionTests" time="40.006">
    <error message="Cannot get Jedis connection; nested exception is redis.clients.jedis.exceptions.JedisConnectionException: Could not get a resource from the pool" type="org.springframework.data.redis.RedisConnectionFailureException">org.springframework.data.redis.RedisConnectionFailureException: Cannot get Jedis connection; nested exception is redis.clients.jedis.exceptions.JedisConnectionException: Could not get a resource from the pool
	at org.springframework.data.redis.listener.SubscriptionConnectionTests.testRemoveLastListener(SubscriptionConnectionTests.java:161)
Caused by: redis.clients.jedis.exceptions.JedisConnectionException: Could not get a resource from the pool
	at org.springframework.data.redis.listener.SubscriptionConnectionTests.testRemoveLastListener(SubscriptionConnectionTests.java:161)
Caused by: redis.clients.jedis.exceptions.JedisConnectionException: java.net.ConnectException: Connection refused (Connection refused)
	at org.springframework.data.redis.listener.SubscriptionConnectionTests.testRemoveLastListener(SubscriptionConnectionTests.java:161)
Caused by: java.net.ConnectException: Connection refused (Connection refused)
	at org.springframework.data.redis.listener.SubscriptionConnectionTests.testRemoveLastListener(SubscriptionConnectionTests.java:161)
</error>
    <system-out><![CDATA[2018-06-06 13:21:08,970 ERROR s.listener.RedisMessageListenerContainer: 651 - Connection failure occurred. Restarting subscription task after 5000 ms
2018-06-06 13:21:13,971 ERROR s.listener.RedisMessageListenerContainer: 651 - Connection failure occurred. Restarting subscription task after 5000 ms
2018-06-06 13:21:13,971 ERROR s.listener.RedisMessageListenerContainer: 651 - Connection failure occurred. Restarting subscription task after 5000 ms
2018-06-06 13:21:18,971 ERROR s.listener.RedisMessageListenerContainer: 651 - Connection failure occurred. Restarting subscription task after 5000 ms
2018-06-06 13:21:18,972 ERROR s.listener.RedisMessageListenerContainer: 651 - Connection failure occurred. Restarting subscription task after 5000 ms
2018-06-06 13:21:18,972 ERROR s.listener.RedisMessageListenerContainer: 651 - Connection failure occurred. Restarting subscription task after 5000 ms
2018-06-06 13:21:23,972 ERROR s.listener.RedisMessageListenerContainer: 651 - Connection failure occurred. Restarting subscription task after 5000 ms
2018-06-06 13:21:23,973 ERROR s.listener.RedisMessageListenerContainer: 651 - Connection failure occurred. Restarting subscription task after 5000 ms
2018-06-06 13:21:23,973 ERROR s.listener.RedisMessageListenerContainer: 651 - Connection failure occurred. Restarting subscription task after 5000 ms
2018-06-06 13:21:23,973 ERROR s.listener.RedisMessageListenerContainer: 651 - Connection failure occurred. Restarting subscription task after 5000 ms
2018-06-06 13:21:28,973 ERROR s.listener.RedisMessageListenerContainer: 651 - Connection failure occurred. Restarting subscription task after 5000 ms
2018-06-06 13:21:28,973 ERROR s.listener.RedisMessageListenerContainer: 651 - Connection failure occurred. Restarting subscription task after 5000 ms
2018-06-06 13:21:28,974 ERROR s.listener.RedisMessageListenerContainer: 651 - Connection failure occurred. Restarting subscription task after 5000 ms
2018-06-06 13:21:28,974 ERROR s.listener.RedisMessageListenerContainer: 651 - Connection failure occurred. Restarting subscription task after 5000 ms
2018-06-06 13:21:28,974 ERROR s.listener.RedisMessageListenerContainer: 651 - Connection failure occurred. Restarting subscription task after 5000 ms
2018-06-06 13:21:33,973 ERROR s.listener.RedisMessageListenerContainer: 651 - Connection failure occurred. Restarting subscription task after 5000 ms
2018-06-06 13:21:33,974 ERROR s.listener.RedisMessageListenerContainer: 651 - Connection failure occurred. Restarting subscription task after 5000 ms
2018-06-06 13:21:33,974 ERROR s.listener.RedisMessageListenerContainer: 651 - Connection failure occurred. Restarting subscription task after 5000 ms
2018-06-06 13:21:33,975 ERROR s.listener.RedisMessageListenerContainer: 651 - Connection failure occurred. Restarting subscription task after 5000 ms
2018-06-06 13:21:33,975 ERROR s.listener.RedisMessageListenerContainer: 651 - Connection failure occurred. Restarting subscription task after 5000 ms
2018-06-06 13:21:33,975 ERROR s.listener.RedisMessageListenerContainer: 651 - Connection failure occurred. Restarting subscription task after 5000 ms
2018-06-06 13:21:38,974 ERROR s.listener.RedisMessageListenerContainer: 651 - Connection failure occurred. Restarting subscription task after 5000 ms
2018-06-06 13:21:38,974 ERROR s.listener.RedisMessageListenerContainer: 651 - Connection failure occurred. Restarting subscription task after 5000 ms
2018-06-06 13:21:38,975 ERROR s.listener.RedisMessageListenerContainer: 651 - Connection failure occurred. Restarting subscription task after 5000 ms
2018-06-06 13:21:38,976 ERROR s.listener.RedisMessageListenerContainer: 651 - Connection failure occurred. Restarting subscription task after 5000 ms
2018-06-06 13:21:38,976 ERROR s.listener.RedisMessageListenerContainer: 651 - Connection failure occurred. Restarting subscription task after 5000 ms
2018-06-06 13:21:38,976 ERROR s.listener.RedisMessageListenerContainer: 651 - Connection failure occurred. Restarting subscription task after 5000 ms
2018-06-06 13:21:38,976 ERROR s.listener.RedisMessageListenerContainer: 651 - Connection failure occurred. Restarting subscription task after 5000 ms
2018-06-06 13:21:43,974 ERROR s.listener.RedisMessageListenerContainer: 651 - Connection failure occurred. Restarting subscription task after 5000 ms
2018-06-06 13:21:43,975 ERROR s.listener.RedisMessageListenerContainer: 651 - Connection failure occurred. Restarting subscription task after 5000 ms
2018-06-06 13:21:43,975 ERROR s.listener.RedisMessageListenerContainer: 651 - Connection failure occurred. Restarting subscription task after 5000 ms
2018-06-06 13:21:43,976 ERROR s.listener.RedisMessageListenerContainer: 651 - Connection failure occurred. Restarting subscription task after 5000 ms
2018-06-06 13:21:43,977 ERROR s.listener.RedisMessageListenerContainer: 651 - Connection failure occurred. Restarting subscription task after 5000 ms
2018-06-06 13:21:43,977 ERROR s.listener.RedisMessageListenerContainer: 651 - Connection failure occurred. Restarting subscription task after 5000 ms
2018-06-06 13:21:43,977 ERROR s.listener.RedisMessageListenerContainer: 651 - Connection failure occurred. Restarting subscription task after 5000 ms
2018-06-06 13:21:43,977 ERROR s.listener.RedisMessageListenerContainer: 651 - Connection failure occurred. Restarting subscription task after 5000 ms
]]></system-out>
  </testcase>
  <testcase name="testStopMessageListenerContainers[1]" classname="org.springframework.data.redis.listener.SubscriptionConnectionTests" time="40.006">
    <error message="Unable to connect to Redis; nested exception is io.lettuce.core.RedisConnectionException: Unable to connect to 127.0.0.1:6379" type="org.springframework.data.redis.RedisConnectionFailureException">org.springframework.data.redis.RedisConnectionFailureException: Unable to connect to Redis; nested exception is io.lettuce.core.RedisConnectionException: Unable to connect to 127.0.0.1:6379
	at org.springframework.data.redis.listener.SubscriptionConnectionTests.testStopMessageListenerContainers(SubscriptionConnectionTests.java:136)
Caused by: io.lettuce.core.RedisConnectionException: Unable to connect to 127.0.0.1:6379
	at org.springframework.data.redis.listener.SubscriptionConnectionTests.testStopMessageListenerContainers(SubscriptionConnectionTests.java:136)
Caused by: io.netty.channel.AbstractChannel$AnnotatedConnectException: syscall:getsockopt(..) failed: Connection refused: /127.0.0.1:6379
Caused by: io.netty.channel.unix.Errors$NativeConnectException: syscall:getsockopt(..) failed: Connection refused
</error>
    <system-out><![CDATA[2018-06-06 13:21:48,977 ERROR s.listener.RedisMessageListenerContainer: 651 - Connection failure occurred. Restarting subscription task after 5000 ms
2018-06-06 13:21:53,978 ERROR s.listener.RedisMessageListenerContainer: 651 - Connection failure occurred. Restarting subscription task after 5000 ms
2018-06-06 13:21:58,979 ERROR s.listener.RedisMessageListenerContainer: 651 - Connection failure occurred. Restarting subscription task after 5000 ms
2018-06-06 13:22:03,979 ERROR s.listener.RedisMessageListenerContainer: 651 - Connection failure occurred. Restarting subscription task after 5000 ms
2018-06-06 13:22:08,979 ERROR s.listener.RedisMessageListenerContainer: 651 - Connection failure occurred. Restarting subscription task after 5000 ms
2018-06-06 13:22:13,980 ERROR s.listener.RedisMessageListenerContainer: 651 - Connection failure occurred. Restarting subscription task after 5000 ms
2018-06-06 13:22:18,981 ERROR s.listener.RedisMessageListenerContainer: 651 - Connection failure occurred. Restarting subscription task after 5000 ms
2018-06-06 13:22:23,981 ERROR s.listener.RedisMessageListenerContainer: 651 - Connection failure occurred. Restarting subscription task after 5000 ms
]]></system-out>
  </testcase>
  <testcase name="testStopListening[1]" classname="org.springframework.data.redis.listener.SubscriptionConnectionTests" time="40.007">
    <error message="Unable to connect to Redis; nested exception is io.lettuce.core.RedisConnectionException: Unable to connect to 127.0.0.1:6379" type="org.springframework.data.redis.RedisConnectionFailureException">org.springframework.data.redis.RedisConnectionFailureException: Unable to connect to Redis; nested exception is io.lettuce.core.RedisConnectionException: Unable to connect to 127.0.0.1:6379
	at org.springframework.data.redis.listener.SubscriptionConnectionTests.testStopListening(SubscriptionConnectionTests.java:185)
Caused by: io.lettuce.core.RedisConnectionException: Unable to connect to 127.0.0.1:6379
	at org.springframework.data.redis.listener.SubscriptionConnectionTests.testStopListening(SubscriptionConnectionTests.java:185)
Caused by: io.netty.channel.AbstractChannel$AnnotatedConnectException: syscall:getsockopt(..) failed: Connection refused: /127.0.0.1:6379
Caused by: io.netty.channel.unix.Errors$NativeConnectException: syscall:getsockopt(..) failed: Connection refused
</error>
    <system-out><![CDATA[2018-06-06 13:22:28,983 ERROR s.listener.RedisMessageListenerContainer: 651 - Connection failure occurred. Restarting subscription task after 5000 ms
2018-06-06 13:22:33,985 ERROR s.listener.RedisMessageListenerContainer: 651 - Connection failure occurred. Restarting subscription task after 5000 ms
2018-06-06 13:22:33,985 ERROR s.listener.RedisMessageListenerContainer: 651 - Connection failure occurred. Restarting subscription task after 5000 ms
2018-06-06 13:22:38,985 ERROR s.listener.RedisMessageListenerContainer: 651 - Connection failure occurred. Restarting subscription task after 5000 ms
2018-06-06 13:22:38,986 ERROR s.listener.RedisMessageListenerContainer: 651 - Connection failure occurred. Restarting subscription task after 5000 ms
2018-06-06 13:22:38,986 ERROR s.listener.RedisMessageListenerContainer: 651 - Connection failure occurred. Restarting subscription task after 5000 ms
2018-06-06 13:22:43,986 ERROR s.listener.RedisMessageListenerContainer: 651 - Connection failure occurred. Restarting subscription task after 5000 ms
2018-06-06 13:22:43,987 ERROR s.listener.RedisMessageListenerContainer: 651 - Connection failure occurred. Restarting subscription task after 5000 ms
2018-06-06 13:22:43,987 ERROR s.listener.RedisMessageListenerContainer: 651 - Connection failure occurred. Restarting subscription task after 5000 ms
2018-06-06 13:22:43,988 ERROR s.listener.RedisMessageListenerContainer: 651 - Connection failure occurred. Restarting subscription task after 5000 ms
2018-06-06 13:22:48,986 ERROR s.listener.RedisMessageListenerContainer: 651 - Connection failure occurred. Restarting subscription task after 5000 ms
2018-06-06 13:22:48,987 ERROR s.listener.RedisMessageListenerContainer: 651 - Connection failure occurred. Restarting subscription task after 5000 ms
2018-06-06 13:22:48,988 ERROR s.listener.RedisMessageListenerContainer: 651 - Connection failure occurred. Restarting subscription task after 5000 ms
2018-06-06 13:22:48,989 ERROR s.listener.RedisMessageListenerContainer: 651 - Connection failure occurred. Restarting subscription task after 5000 ms
2018-06-06 13:22:48,989 ERROR s.listener.RedisMessageListenerContainer: 651 - Connection failure occurred. Restarting subscription task after 5000 ms
2018-06-06 13:22:53,987 ERROR s.listener.RedisMessageListenerContainer: 651 - Connection failure occurred. Restarting subscription task after 5000 ms
2018-06-06 13:22:53,988 ERROR s.listener.RedisMessageListenerContainer: 651 - Connection failure occurred. Restarting subscription task after 5000 ms
2018-06-06 13:22:53,989 ERROR s.listener.RedisMessageListenerContainer: 651 - Connection failure occurred. Restarting subscription task after 5000 ms
2018-06-06 13:22:53,989 ERROR s.listener.RedisMessageListenerContainer: 651 - Connection failure occurred. Restarting subscription task after 5000 ms
2018-06-06 13:22:53,990 ERROR s.listener.RedisMessageListenerContainer: 651 - Connection failure occurred. Restarting subscription task after 5000 ms
2018-06-06 13:22:53,990 ERROR s.listener.RedisMessageListenerContainer: 651 - Connection failure occurred. Restarting subscription task after 5000 ms
2018-06-06 13:22:58,987 ERROR s.listener.RedisMessageListenerContainer: 651 - Connection failure occurred. Restarting subscription task after 5000 ms
2018-06-06 13:22:58,988 ERROR s.listener.RedisMessageListenerContainer: 651 - Connection failure occurred. Restarting subscription task after 5000 ms
2018-06-06 13:22:58,989 ERROR s.listener.RedisMessageListenerContainer: 651 - Connection failure occurred. Restarting subscription task after 5000 ms
2018-06-06 13:22:58,990 ERROR s.listener.RedisMessageListenerContainer: 651 - Connection failure occurred. Restarting subscription task after 5000 ms
2018-06-06 13:22:58,990 ERROR s.listener.RedisMessageListenerContainer: 651 - Connection failure occurred. Restarting subscription task after 5000 ms
2018-06-06 13:22:58,991 ERROR s.listener.RedisMessageListenerContainer: 651 - Connection failure occurred. Restarting subscription task after 5000 ms
2018-06-06 13:22:58,992 ERROR s.listener.RedisMessageListenerContainer: 651 - Connection failure occurred. Restarting subscription task after 5000 ms
2018-06-06 13:23:03,988 ERROR s.listener.RedisMessageListenerContainer: 651 - Connection failure occurred. Restarting subscription task after 5000 ms
2018-06-06 13:23:03,989 ERROR s.listener.RedisMessageListenerContainer: 651 - Connection failure occurred. Restarting subscription task after 5000 ms
2018-06-06 13:23:03,989 ERROR s.listener.RedisMessageListenerContainer: 651 - Connection failure occurred. Restarting subscription task after 5000 ms
2018-06-06 13:23:03,991 ERROR s.listener.RedisMessageListenerContainer: 651 - Connection failure occurred. Restarting subscription task after 5000 ms
2018-06-06 13:23:03,991 ERROR s.listener.RedisMessageListenerContainer: 651 - Connection failure occurred. Restarting subscription task after 5000 ms
2018-06-06 13:23:03,992 ERROR s.listener.RedisMessageListenerContainer: 651 - Connection failure occurred. Restarting subscription task after 5000 ms
2018-06-06 13:23:03,993 ERROR s.listener.RedisMessageListenerContainer: 651 - Connection failure occurred. Restarting subscription task after 5000 ms
2018-06-06 13:23:03,993 ERROR s.listener.RedisMessageListenerContainer: 651 - Connection failure occurred. Restarting subscription task after 5000 ms
]]></system-out>
  </testcase>
  <testcase name="testRemoveLastListener[1]" classname="org.springframework.data.redis.listener.SubscriptionConnectionTests" time="40.005">
    <error message="Unable to connect to Redis; nested exception is io.lettuce.core.RedisConnectionException: Unable to connect to 127.0.0.1:6379" type="org.springframework.data.redis.RedisConnectionFailureException">org.springframework.data.redis.RedisConnectionFailureException: Unable to connect to Redis; nested exception is io.lettuce.core.RedisConnectionException: Unable to connect to 127.0.0.1:6379
	at org.springframework.data.redis.listener.SubscriptionConnectionTests.testRemoveLastListener(SubscriptionConnectionTests.java:161)
Caused by: io.lettuce.core.RedisConnectionException: Unable to connect to 127.0.0.1:6379
	at org.springframework.data.redis.listener.SubscriptionConnectionTests.testRemoveLastListener(SubscriptionConnectionTests.java:161)
Caused by: io.netty.channel.AbstractChannel$AnnotatedConnectException: syscall:getsockopt(..) failed: Connection refused: /127.0.0.1:6379
Caused by: io.netty.channel.unix.Errors$NativeConnectException: syscall:getsockopt(..) failed: Connection refused
</error>
    <system-out><![CDATA[2018-06-06 13:23:08,990 ERROR s.listener.RedisMessageListenerContainer: 651 - Connection failure occurred. Restarting subscription task after 5000 ms
2018-06-06 13:23:13,991 ERROR s.listener.RedisMessageListenerContainer: 651 - Connection failure occurred. Restarting subscription task after 5000 ms
2018-06-06 13:23:13,994 ERROR s.listener.RedisMessageListenerContainer: 651 - Connection failure occurred. Restarting subscription task after 5000 ms
2018-06-06 13:23:18,991 ERROR s.listener.RedisMessageListenerContainer: 651 - Connection failure occurred. Restarting subscription task after 5000 ms
2018-06-06 13:23:18,993 ERROR s.listener.RedisMessageListenerContainer: 651 - Connection failure occurred. Restarting subscription task after 5000 ms
2018-06-06 13:23:18,995 ERROR s.listener.RedisMessageListenerContainer: 651 - Connection failure occurred. Restarting subscription task after 5000 ms
2018-06-06 13:23:23,992 ERROR s.listener.RedisMessageListenerContainer: 651 - Connection failure occurred. Restarting subscription task after 5000 ms
2018-06-06 13:23:23,993 ERROR s.listener.RedisMessageListenerContainer: 651 - Connection failure occurred. Restarting subscription task after 5000 ms
2018-06-06 13:23:23,994 ERROR s.listener.RedisMessageListenerContainer: 651 - Connection failure occurred. Restarting subscription task after 5000 ms
2018-06-06 13:23:23,997 ERROR s.listener.RedisMessageListenerContainer: 651 - Connection failure occurred. Restarting subscription task after 5000 ms
2018-06-06 13:23:28,992 ERROR s.listener.RedisMessageListenerContainer: 651 - Connection failure occurred. Restarting subscription task after 5000 ms
2018-06-06 13:23:28,993 ERROR s.listener.RedisMessageListenerContainer: 651 - Connection failure occurred. Restarting subscription task after 5000 ms
2018-06-06 13:23:28,994 ERROR s.listener.RedisMessageListenerContainer: 651 - Connection failure occurred. Restarting subscription task after 5000 ms
2018-06-06 13:23:28,996 ERROR s.listener.RedisMessageListenerContainer: 651 - Connection failure occurred. Restarting subscription task after 5000 ms
2018-06-06 13:23:28,998 ERROR s.listener.RedisMessageListenerContainer: 651 - Connection failure occurred. Restarting subscription task after 5000 ms
2018-06-06 13:23:33,993 ERROR s.listener.RedisMessageListenerContainer: 651 - Connection failure occurred. Restarting subscription task after 5000 ms
2018-06-06 13:23:33,994 ERROR s.listener.RedisMessageListenerContainer: 651 - Connection failure occurred. Restarting subscription task after 5000 ms
2018-06-06 13:23:33,995 ERROR s.listener.RedisMessageListenerContainer: 651 - Connection failure occurred. Restarting subscription task after 5000 ms
2018-06-06 13:23:33,996 ERROR s.listener.RedisMessageListenerContainer: 651 - Connection failure occurred. Restarting subscription task after 5000 ms
2018-06-06 13:23:33,997 ERROR s.listener.RedisMessageListenerContainer: 651 - Connection failure occurred. Restarting subscription task after 5000 ms
2018-06-06 13:23:33,999 ERROR s.listener.RedisMessageListenerContainer: 651 - Connection failure occurred. Restarting subscription task after 5000 ms
2018-06-06 13:23:38,993 ERROR s.listener.RedisMessageListenerContainer: 651 - Connection failure occurred. Restarting subscription task after 5000 ms
2018-06-06 13:23:38,994 ERROR s.listener.RedisMessageListenerContainer: 651 - Connection failure occurred. Restarting subscription task after 5000 ms
2018-06-06 13:23:38,996 ERROR s.listener.RedisMessageListenerContainer: 651 - Connection failure occurred. Restarting subscription task after 5000 ms
2018-06-06 13:23:38,997 ERROR s.listener.RedisMessageListenerContainer: 651 - Connection failure occurred. Restarting subscription task after 5000 ms
2018-06-06 13:23:38,997 ERROR s.listener.RedisMessageListenerContainer: 651 - Connection failure occurred. Restarting subscription task after 5000 ms
2018-06-06 13:23:38,998 ERROR s.listener.RedisMessageListenerContainer: 651 - Connection failure occurred. Restarting subscription task after 5000 ms
2018-06-06 13:23:39,000 ERROR s.listener.RedisMessageListenerContainer: 651 - Connection failure occurred. Restarting subscription task after 5000 ms
2018-06-06 13:23:43,994 ERROR s.listener.RedisMessageListenerContainer: 651 - Connection failure occurred. Restarting subscription task after 5000 ms
2018-06-06 13:23:43,994 ERROR s.listener.RedisMessageListenerContainer: 651 - Connection failure occurred. Restarting subscription task after 5000 ms
2018-06-06 13:23:43,995 ERROR s.listener.RedisMessageListenerContainer: 651 - Connection failure occurred. Restarting subscription task after 5000 ms
2018-06-06 13:23:43,997 ERROR s.listener.RedisMessageListenerContainer: 651 - Connection failure occurred. Restarting subscription task after 5000 ms
2018-06-06 13:23:43,998 ERROR s.listener.RedisMessageListenerContainer: 651 - Connection failure occurred. Restarting subscription task after 5000 ms
2018-06-06 13:23:43,998 ERROR s.listener.RedisMessageListenerContainer: 651 - Connection failure occurred. Restarting subscription task after 5000 ms
2018-06-06 13:23:43,999 ERROR s.listener.RedisMessageListenerContainer: 651 - Connection failure occurred. Restarting subscription task after 5000 ms
2018-06-06 13:23:44,002 ERROR s.listener.RedisMessageListenerContainer: 651 - Connection failure occurred. Restarting subscription task after 5000 ms
]]></system-out>
  </testcase>
</testsuite>