<?xml version="1.0" encoding="UTF-8"?>
<testsuite xmlns:xsi="http://www.w3.org/2001/XMLSchema-instance" xsi:noNamespaceSchemaLocation="https://maven.apache.org/surefire/maven-surefire-plugin/xsd/surefire-test-report.xsd" name="spoon.MavenLauncherTest" time="0.212" tests="6" errors="0" skipped="0" failures="2">
  <properties>
    <property name="awt.toolkit" value="sun.awt.X11.XToolkit"/>
    <property name="file.encoding.pkg" value="sun.io"/>
    <property name="java.specification.version" value="1.8"/>
    <property name="sun.cpu.isalist" value=""/>
    <property name="sun.jnu.encoding" value="UTF-8"/>
    <property name="java.class.path" value="/root/./workspace/INRIA/spoon/390049888/.m2/org/apache/maven/surefire/surefire-booter/2.20.1/surefire-booter-2.20.1.jar:/root/./workspace/INRIA/spoon/390049888/.m2/org/apache/maven/surefire/surefire-api/2.20.1/surefire-api-2.20.1.jar:/root/./workspace/INRIA/spoon/390049888/.m2/org/apache/maven/surefire/surefire-logger-api/2.20.1/surefire-logger-api-2.20.1.jar:/root/workspace/INRIA/spoon/390049888/target/test-classes:/root/workspace/INRIA/spoon/390049888/target/classes:/root/./workspace/INRIA/spoon/390049888/.m2/org/eclipse/tycho/org.eclipse.jdt.core/3.13.50.v20171007-0855/org.eclipse.jdt.core-3.13.50.v20171007-0855.jar:/root/./workspace/INRIA/spoon/390049888/.m2/junit/junit/4.12/junit-4.12.jar:/root/./workspace/INRIA/spoon/390049888/.m2/org/hamcrest/hamcrest-core/1.3/hamcrest-core-1.3.jar:/root/./workspace/INRIA/spoon/390049888/.m2/com/github/stefanbirkner/system-rules/1.9.0/system-rules-1.9.0.jar:/root/./workspace/INRIA/spoon/390049888/.m2/org/mockito/mockito-all/2.0.2-beta/mockito-all-2.0.2-beta.jar:/root/./workspace/INRIA/spoon/390049888/.m2/com/martiansoftware/jsap/2.1/jsap-2.1.jar:/root/./workspace/INRIA/spoon/390049888/.m2/log4j/log4j/1.2.17/log4j-1.2.17.jar:/root/./workspace/INRIA/spoon/390049888/.m2/commons-io/commons-io/2.5/commons-io-2.5.jar:/root/./workspace/INRIA/spoon/390049888/.m2/org/apache/maven/maven-model/3.3.9/maven-model-3.3.9.jar:/root/./workspace/INRIA/spoon/390049888/.m2/org/codehaus/plexus/plexus-utils/3.0.22/plexus-utils-3.0.22.jar:/root/./workspace/INRIA/spoon/390049888/.m2/org/apache/commons/commons-lang3/3.5/commons-lang3-3.5.jar:/root/./workspace/INRIA/spoon/390049888/.m2/com/fasterxml/jackson/core/jackson-databind/2.9.2/jackson-databind-2.9.2.jar:/root/./workspace/INRIA/spoon/390049888/.m2/com/fasterxml/jackson/core/jackson-annotations/2.9.0/jackson-annotations-2.9.0.jar:/root/./workspace/INRIA/spoon/390049888/.m2/com/fasterxml/jackson/core/jackson-core/2.9.2/jackson-core-2.9.2.jar:/root/./workspace/INRIA/spoon/390049888/.m2/com/google/guava/guava/18.0/guava-18.0.jar:/root/./workspace/INRIA/spoon/390049888/.m2/com/mysema/querydsl/querydsl-core/3.6.9/querydsl-core-3.6.9.jar:/root/./workspace/INRIA/spoon/390049888/.m2/com/infradna/tool/bridge-method-annotation/1.13/bridge-method-annotation-1.13.jar:/root/./workspace/INRIA/spoon/390049888/.m2/org/apache/maven/surefire/surefire-junit4/2.20.1/surefire-junit4-2.20.1.jar:/root/./workspace/INRIA/spoon/390049888/.m2/org/jacoco/org.jacoco.agent/0.7.9/org.jacoco.agent-0.7.9-runtime.jar"/>
    <property name="java.vm.vendor" value="Oracle Corporation"/>
    <property name="skip.bower" value="true"/>
    <property name="sun.arch.data.model" value="64"/>
    <property name="java.vendor.url" value="http://java.oracle.com/"/>
    <property name="user.timezone" value=""/>
    <property name="java.vm.specification.version" value="1.8"/>
    <property name="os.name" value="Linux"/>
    <property name="rat.skip" value="true"/>
    <property name="gpg.skip" value="true"/>
    <property name="sun.java.launcher" value="SUN_STANDARD"/>
    <property name="sun.boot.library.path" value="/usr/lib/jvm/java-8-openjdk-amd64/jre/lib/amd64"/>
    <property name="skip.gulp" value="true"/>
    <property name="sun.java.command" value="org.apache.maven.surefire.booter.ForkedBooter /root/workspace/INRIA/spoon/390049888/target/surefire 2018-06-09T10-42-32_283-jvmRun1 surefire1229023473247476280tmp surefire_07806613433669453014tmp"/>
    <property name="dependency-check.skip" value="true"/>
    <property name="surefire.test.class.path" value="/root/workspace/INRIA/spoon/390049888/target/test-classes:/root/workspace/INRIA/spoon/390049888/target/classes:/root/./workspace/INRIA/spoon/390049888/.m2/org/eclipse/tycho/org.eclipse.jdt.core/3.13.50.v20171007-0855/org.eclipse.jdt.core-3.13.50.v20171007-0855.jar:/root/./workspace/INRIA/spoon/390049888/.m2/junit/junit/4.12/junit-4.12.jar:/root/./workspace/INRIA/spoon/390049888/.m2/org/hamcrest/hamcrest-core/1.3/hamcrest-core-1.3.jar:/root/./workspace/INRIA/spoon/390049888/.m2/com/github/stefanbirkner/system-rules/1.9.0/system-rules-1.9.0.jar:/root/./workspace/INRIA/spoon/390049888/.m2/org/mockito/mockito-all/2.0.2-beta/mockito-all-2.0.2-beta.jar:/root/./workspace/INRIA/spoon/390049888/.m2/com/martiansoftware/jsap/2.1/jsap-2.1.jar:/root/./workspace/INRIA/spoon/390049888/.m2/log4j/log4j/1.2.17/log4j-1.2.17.jar:/root/./workspace/INRIA/spoon/390049888/.m2/commons-io/commons-io/2.5/commons-io-2.5.jar:/root/./workspace/INRIA/spoon/390049888/.m2/org/apache/maven/maven-model/3.3.9/maven-model-3.3.9.jar:/root/./workspace/INRIA/spoon/390049888/.m2/org/codehaus/plexus/plexus-utils/3.0.22/plexus-utils-3.0.22.jar:/root/./workspace/INRIA/spoon/390049888/.m2/org/apache/commons/commons-lang3/3.5/commons-lang3-3.5.jar:/root/./workspace/INRIA/spoon/390049888/.m2/com/fasterxml/jackson/core/jackson-databind/2.9.2/jackson-databind-2.9.2.jar:/root/./workspace/INRIA/spoon/390049888/.m2/com/fasterxml/jackson/core/jackson-annotations/2.9.0/jackson-annotations-2.9.0.jar:/root/./workspace/INRIA/spoon/390049888/.m2/com/fasterxml/jackson/core/jackson-core/2.9.2/jackson-core-2.9.2.jar:/root/./workspace/INRIA/spoon/390049888/.m2/com/google/guava/guava/18.0/guava-18.0.jar:/root/./workspace/INRIA/spoon/390049888/.m2/com/mysema/querydsl/querydsl-core/3.6.9/querydsl-core-3.6.9.jar:/root/./workspace/INRIA/spoon/390049888/.m2/com/infradna/tool/bridge-method-annotation/1.13/bridge-method-annotation-1.13.jar:"/>
    <property name="sun.cpu.endian" value="little"/>
    <property name="user.home" value="/root"/>
    <property name="user.language" value="en"/>
    <property name="java.specification.vendor" value="Oracle Corporation"/>
    <property name="java.home" value="/usr/lib/jvm/java-8-openjdk-amd64/jre"/>
    <property name="basedir" value="/root/workspace/INRIA/spoon/390049888"/>
    <property name="file.separator" value="/"/>
    <property name="checkstyle.skip" value="true"/>
    <property name="line.separator" value="&#10;"/>
    <property name="skip.npm" value="true"/>
    <property name="java.vm.specification.vendor" value="Oracle Corporation"/>
    <property name="java.specification.name" value="Java Platform API Specification"/>
    <property name="java.awt.graphicsenv" value="sun.awt.X11GraphicsEnvironment"/>
    <property name="skipITs" value="true"/>
    <property name="cobertura.skip" value="true"/>
    <property name="sun.boot.class.path" value="/usr/lib/jvm/java-8-openjdk-amd64/jre/lib/resources.jar:/usr/lib/jvm/java-8-openjdk-amd64/jre/lib/rt.jar:/usr/lib/jvm/java-8-openjdk-amd64/jre/lib/sunrsasign.jar:/usr/lib/jvm/java-8-openjdk-amd64/jre/lib/jsse.jar:/usr/lib/jvm/java-8-openjdk-amd64/jre/lib/jce.jar:/usr/lib/jvm/java-8-openjdk-amd64/jre/lib/charsets.jar:/usr/lib/jvm/java-8-openjdk-amd64/jre/lib/jfr.jar:/usr/lib/jvm/java-8-openjdk-amd64/jre/classes"/>
    <property name="sun.management.compiler" value="HotSpot 64-Bit Tiered Compilers"/>
    <property name="java.runtime.version" value="1.8.0_121-8u121-b13-1~bpo8+1-b13"/>
    <property name="user.name" value="root"/>
    <property name="findbugs.skip" value="true"/>
    <property name="path.separator" value=":"/>
    <property name="os.version" value="3.10.0-862.3.2.el7.x86_64"/>
    <property name="java.endorsed.dirs" value="/usr/lib/jvm/java-8-openjdk-amd64/jre/lib/endorsed"/>
    <property name="java.runtime.name" value="OpenJDK Runtime Environment"/>
    <property name="file.encoding" value="UTF-8"/>
    <property name="java.vm.name" value="OpenJDK 64-Bit Server VM"/>
    <property name="localRepository" value="/root/./workspace/INRIA/spoon/390049888/.m2"/>
    <property name="java.vendor.url.bug" value="http://bugreport.sun.com/bugreport/"/>
    <property name="java.io.tmpdir" value="/tmp"/>
    <property name="java.version" value="1.8.0_121"/>
    <property name="user.dir" value="/root/workspace/INRIA/spoon/390049888"/>
    <property name="os.arch" value="amd64"/>
    <property name="license.skip" value="true"/>
    <property name="java.vm.specification.name" value="Java Virtual Machine Specification"/>
    <property name="java.awt.printerjob" value="sun.print.PSPrinterJob"/>
    <property name="sun.os.patch.level" value="unknown"/>
    <property name="java.library.path" value="/usr/java/packages/lib/amd64:/usr/lib/x86_64-linux-gnu/jni:/lib/x86_64-linux-gnu:/usr/lib/x86_64-linux-gnu:/usr/lib/jni:/lib:/usr/lib"/>
    <property name="java.vm.info" value="mixed mode"/>
    <property name="java.vendor" value="Oracle Corporation"/>
    <property name="java.vm.version" value="25.121-b13"/>
    <property name="java.ext.dirs" value="/usr/lib/jvm/java-8-openjdk-amd64/jre/lib/ext:/usr/java/packages/lib/ext"/>
    <property name="sun.io.unicode.encoding" value="UnicodeLittle"/>
    <property name="maven.repo.local" value="/root/./workspace/INRIA/spoon/390049888/.m2"/>
    <property name="enforcer.skip" value="true"/>
    <property name="java.class.version" value="52.0"/>
  </properties>
  <testcase name="mavenLauncherTestMultiModulesAndVariables" classname="spoon.MavenLauncherTest" time="0.103">
    <failure message="Content of classpath: " type="java.lang.AssertionError">java.lang.AssertionError: Content of classpath: 
	at spoon.MavenLauncherTest.mavenLauncherTestMultiModulesAndVariables(MavenLauncherTest.java:70)
</failure>
    <system-out><![CDATA[2018-06-09 10:50:16,377 ERROR spoon.Launcher - Dependency not found at /root/.m2/repository/org/pac4j/pac4j-core/3.0.0-SNAPSHOT
2018-06-09 10:50:16,378 ERROR spoon.Launcher - Dependency not found at /root/.m2/repository/org/pac4j/pac4j-cas/3.0.0-SNAPSHOT
2018-06-09 10:50:16,378 ERROR spoon.Launcher - Dependency not found at /root/.m2/repository/org/pac4j/pac4j-saml/3.0.0-SNAPSHOT
2018-06-09 10:50:16,378 ERROR spoon.Launcher - Dependency not found at /root/.m2/repository/org/pac4j/pac4j-oauth/3.0.0-SNAPSHOT
2018-06-09 10:50:16,378 ERROR spoon.Launcher - Dependency not found at /root/.m2/repository/org/pac4j/pac4j-oidc/3.0.0-SNAPSHOT
2018-06-09 10:50:16,378 ERROR spoon.Launcher - Dependency not found at /root/.m2/repository/org/pac4j/pac4j-ldap/3.0.0-SNAPSHOT
2018-06-09 10:50:16,378 ERROR spoon.Launcher - Dependency not found at /root/.m2/repository/org/pac4j/pac4j-http/3.0.0-SNAPSHOT
2018-06-09 10:50:16,378 ERROR spoon.Launcher - Dependency not found at /root/.m2/repository/com/zaxxer/HikariCP/2.6.1
2018-06-09 10:50:16,379 ERROR spoon.Launcher - Dependency not found at /root/.m2/repository/org/pac4j/pac4j-sql/3.0.0-SNAPSHOT
2018-06-09 10:50:16,379 ERROR spoon.Launcher - Dependency not found at /root/.m2/repository/org/springframework/security/spring-security-crypto/4.2.2.RELEASE
2018-06-09 10:50:16,379 ERROR spoon.Launcher - Dependency not found at /root/.m2/repository/org/apache/shiro/shiro-core/1.3.2
2018-06-09 10:50:16,379 ERROR spoon.Launcher - Dependency not found at /root/.m2/repository/org/pac4j/pac4j-core/3.0.0-SNAPSHOT
2018-06-09 10:50:16,379 ERROR spoon.Launcher - Dependency not found at /root/.m2/repository/junit/junit/4.12
2018-06-09 10:50:16,379 ERROR spoon.Launcher - Dependency not found at /root/.m2/repository/ch/qos/logback/logback-classic/1.2.2
2018-06-09 10:50:16,379 ERROR spoon.Launcher - Dependency not found at /root/.m2/repository/org/pac4j/pac4j-ldap/3.0.0-SNAPSHOT
2018-06-09 10:50:16,380 ERROR spoon.Launcher - Dependency not found at /root/.m2/repository/com/unboundid/unboundid-ldapsdk/3.2.1
2018-06-09 10:50:16,380 ERROR spoon.Launcher - Dependency not found at /root/.m2/repository/org/pac4j/pac4j-sql/3.0.0-SNAPSHOT
2018-06-09 10:50:16,380 ERROR spoon.Launcher - Dependency not found at /root/.m2/repository/org/pac4j/pac4j-core/3.0.0-SNAPSHOT
2018-06-09 10:50:16,380 ERROR spoon.Launcher - Dependency not found at /root/.m2/repository/org/pac4j/pac4j-config/3.0.0-SNAPSHOT
2018-06-09 10:50:16,380 ERROR spoon.Launcher - Dependency not found at /root/.m2/repository/org/pac4j/pac4j-oauth/3.0.0-SNAPSHOT
2018-06-09 10:50:16,380 ERROR spoon.Launcher - Dependency not found at /root/.m2/repository/org/pac4j/pac4j-cas/3.0.0-SNAPSHOT
2018-06-09 10:50:16,380 ERROR spoon.Launcher - Dependency not found at /root/.m2/repository/org/pac4j/pac4j-openid/3.0.0-SNAPSHOT
2018-06-09 10:50:16,381 ERROR spoon.Launcher - Dependency not found at /root/.m2/repository/org/pac4j/pac4j-http/3.0.0-SNAPSHOT
2018-06-09 10:50:16,381 ERROR spoon.Launcher - Dependency not found at /root/.m2/repository/org/pac4j/pac4j-saml/3.0.0-SNAPSHOT
2018-06-09 10:50:16,381 ERROR spoon.Launcher - Dependency not found at /root/.m2/repository/org/pac4j/pac4j-gae/3.0.0-SNAPSHOT
2018-06-09 10:50:16,381 ERROR spoon.Launcher - Dependency not found at /root/.m2/repository/org/pac4j/pac4j-oidc/3.0.0-SNAPSHOT
2018-06-09 10:50:16,381 ERROR spoon.Launcher - Dependency not found at /root/.m2/repository/org/pac4j/pac4j-jwt/3.0.0-SNAPSHOT
2018-06-09 10:50:16,382 ERROR spoon.Launcher - Dependency not found at /root/.m2/repository/org/pac4j/pac4j-ldap/3.0.0-SNAPSHOT
2018-06-09 10:50:16,382 ERROR spoon.Launcher - Dependency not found at /root/.m2/repository/org/pac4j/pac4j-sql/3.0.0-SNAPSHOT
2018-06-09 10:50:16,382 ERROR spoon.Launcher - Dependency not found at /root/.m2/repository/org/pac4j/pac4j-mongo/3.0.0-SNAPSHOT
2018-06-09 10:50:16,382 ERROR spoon.Launcher - Dependency not found at /root/.m2/repository/org/pac4j/pac4j-couch/3.0.0-SNAPSHOT
2018-06-09 10:50:16,382 ERROR spoon.Launcher - Dependency not found at /root/.m2/repository/org/pac4j/pac4j-kerberos/3.0.0-SNAPSHOT
2018-06-09 10:50:16,383 ERROR spoon.Launcher - Dependency not found at /root/.m2/repository/org/slf4j/slf4j-api/1.7.25
2018-06-09 10:50:16,383 ERROR spoon.Launcher - Dependency not found at /root/.m2/repository/javax/servlet/javax.servlet-api/3.1.0
2018-06-09 10:50:16,383 ERROR spoon.Launcher - Dependency not found at /root/.m2/repository/com/google/guava/guava/21.0
2018-06-09 10:50:16,383 ERROR spoon.Launcher - Dependency not found at /root/.m2/repository/org/springframework/security/spring-security-crypto/4.2.2.RELEASE
2018-06-09 10:50:16,383 ERROR spoon.Launcher - Dependency not found at /root/.m2/repository/org/apache/shiro/shiro-core/1.3.2
2018-06-09 10:50:16,384 ERROR spoon.Launcher - Dependency not found at /root/.m2/repository/junit/junit/4.12
2018-06-09 10:50:16,384 ERROR spoon.Launcher - Dependency not found at /root/.m2/repository/org/springframework/spring-test/4.3.7.RELEASE
2018-06-09 10:50:16,384 ERROR spoon.Launcher - Dependency not found at /root/.m2/repository/org/slf4j/jcl-over-slf4j/1.7.25
2018-06-09 10:50:16,384 ERROR spoon.Launcher - Dependency not found at /root/.m2/repository/ch/qos/logback/logback-classic/1.2.2
2018-06-09 10:50:16,384 ERROR spoon.Launcher - Dependency not found at /root/.m2/repository/org/mockito/mockito-core/2.7.19
2018-06-09 10:50:16,384 ERROR spoon.Launcher - Dependency not found at /root/.m2/repository/org/pac4j/pac4j-core/3.0.0-SNAPSHOT
2018-06-09 10:50:16,385 ERROR spoon.Launcher - Dependency not found at /root/.m2/repository/org/pac4j/pac4j-cas/3.0.0-SNAPSHOT
2018-06-09 10:50:16,385 ERROR spoon.Launcher - Dependency not found at /root/.m2/repository/org/pac4j/pac4j-saml/3.0.0-SNAPSHOT
2018-06-09 10:50:16,385 ERROR spoon.Launcher - Dependency not found at /root/.m2/repository/org/pac4j/pac4j-oauth/3.0.0-SNAPSHOT
2018-06-09 10:50:16,385 ERROR spoon.Launcher - Dependency not found at /root/.m2/repository/org/pac4j/pac4j-oidc/3.0.0-SNAPSHOT
2018-06-09 10:50:16,385 ERROR spoon.Launcher - Dependency not found at /root/.m2/repository/org/pac4j/pac4j-ldap/3.0.0-SNAPSHOT
2018-06-09 10:50:16,386 ERROR spoon.Launcher - Dependency not found at /root/.m2/repository/org/pac4j/pac4j-http/3.0.0-SNAPSHOT
2018-06-09 10:50:16,386 ERROR spoon.Launcher - Dependency not found at /root/.m2/repository/com/zaxxer/HikariCP/2.6.1
2018-06-09 10:50:16,386 ERROR spoon.Launcher - Dependency not found at /root/.m2/repository/org/pac4j/pac4j-sql/3.0.0-SNAPSHOT
2018-06-09 10:50:16,386 ERROR spoon.Launcher - Dependency not found at /root/.m2/repository/org/springframework/security/spring-security-crypto/4.2.2.RELEASE
2018-06-09 10:50:16,386 ERROR spoon.Launcher - Dependency not found at /root/.m2/repository/org/apache/shiro/shiro-core/1.3.2
2018-06-09 10:50:16,386 ERROR spoon.Launcher - Dependency not found at /root/.m2/repository/org/pac4j/pac4j-core/3.0.0-SNAPSHOT
2018-06-09 10:50:16,387 ERROR spoon.Launcher - Dependency not found at /root/.m2/repository/junit/junit/4.12
2018-06-09 10:50:16,387 ERROR spoon.Launcher - Dependency not found at /root/.m2/repository/ch/qos/logback/logback-classic/1.2.2
2018-06-09 10:50:16,387 ERROR spoon.Launcher - Dependency not found at /root/.m2/repository/org/pac4j/pac4j-ldap/3.0.0-SNAPSHOT
2018-06-09 10:50:16,387 ERROR spoon.Launcher - Dependency not found at /root/.m2/repository/com/unboundid/unboundid-ldapsdk/3.2.1
2018-06-09 10:50:16,387 ERROR spoon.Launcher - Dependency not found at /root/.m2/repository/org/pac4j/pac4j-sql/3.0.0-SNAPSHOT
2018-06-09 10:50:16,388 ERROR spoon.Launcher - Dependency not found at /root/.m2/repository/org/pac4j/pac4j-core/3.0.0-SNAPSHOT
2018-06-09 10:50:16,388 ERROR spoon.Launcher - Dependency not found at /root/.m2/repository/commons-codec/commons-codec/1.10
2018-06-09 10:50:16,388 ERROR spoon.Launcher - Dependency not found at /root/.m2/repository/com/github/scribejava/scribejava-apis/3.3.0
2018-06-09 10:50:16,388 ERROR spoon.Launcher - Dependency not found at /root/.m2/repository/com/fasterxml/jackson/core/jackson-databind/2.8.7
2018-06-09 10:50:16,388 ERROR spoon.Launcher - Dependency not found at /root/.m2/repository/javax/servlet/javax.servlet-api/3.1.0
2018-06-09 10:50:16,388 ERROR spoon.Launcher - Dependency not found at /root/.m2/repository/org/pac4j/pac4j-core/3.0.0-SNAPSHOT
2018-06-09 10:50:16,389 ERROR spoon.Launcher - Dependency not found at /root/.m2/repository/junit/junit/4.12
2018-06-09 10:50:16,389 ERROR spoon.Launcher - Dependency not found at /root/.m2/repository/ch/qos/logback/logback-classic/1.2.2
2018-06-09 10:50:16,389 ERROR spoon.Launcher - Dependency not found at /root/.m2/repository/org/pac4j/pac4j-core/3.0.0-SNAPSHOT
2018-06-09 10:50:16,389 ERROR spoon.Launcher - Dependency not found at /root/.m2/repository/org/jasig/cas/client/cas-client-core/3.4.1
2018-06-09 10:50:16,390 ERROR spoon.Launcher - Dependency not found at /root/.m2/repository/org/jasig/cas/client/cas-client-support-saml/3.4.1
2018-06-09 10:50:16,390 ERROR spoon.Launcher - Dependency not found at /root/.m2/repository/javax/servlet/javax.servlet-api/3.1.0
2018-06-09 10:50:16,390 ERROR spoon.Launcher - Dependency not found at /root/.m2/repository/com/google/guava/guava/21.0
2018-06-09 10:50:16,390 ERROR spoon.Launcher - Dependency not found at /root/.m2/repository/org/pac4j/pac4j-core/3.0.0-SNAPSHOT
2018-06-09 10:50:16,391 ERROR spoon.Launcher - Dependency not found at /root/.m2/repository/junit/junit/4.12
2018-06-09 10:50:16,391 ERROR spoon.Launcher - Dependency not found at /root/.m2/repository/ch/qos/logback/logback-classic/1.2.2
2018-06-09 10:50:16,391 ERROR spoon.Launcher - Dependency not found at /root/.m2/repository/org/pac4j/pac4j-core/3.0.0-SNAPSHOT
2018-06-09 10:50:16,391 ERROR spoon.Launcher - Dependency not found at /root/.m2/repository/org/openid4java/openid4java/1.0.0
2018-06-09 10:50:16,391 ERROR spoon.Launcher - Dependency not found at /root/.m2/repository/org/slf4j/jcl-over-slf4j/1.7.25
2018-06-09 10:50:16,392 ERROR spoon.Launcher - Dependency not found at /root/.m2/repository/xml-apis/xml-apis/2.0.2
2018-06-09 10:50:16,392 ERROR spoon.Launcher - Dependency not found at /root/.m2/repository/javax/servlet/javax.servlet-api/3.1.0
2018-06-09 10:50:16,392 ERROR spoon.Launcher - Dependency not found at /root/.m2/repository/org/pac4j/pac4j-core/3.0.0-SNAPSHOT
2018-06-09 10:50:16,392 ERROR spoon.Launcher - Dependency not found at /root/.m2/repository/junit/junit/4.12
2018-06-09 10:50:16,393 ERROR spoon.Launcher - Dependency not found at /root/.m2/repository/ch/qos/logback/logback-classic/1.2.2
2018-06-09 10:50:16,393 ERROR spoon.Launcher - Dependency not found at /root/.m2/repository/org/pac4j/pac4j-core/3.0.0-SNAPSHOT
2018-06-09 10:50:16,393 ERROR spoon.Launcher - Dependency not found at /root/.m2/repository/commons-codec/commons-codec/1.10
2018-06-09 10:50:16,393 ERROR spoon.Launcher - Dependency not found at /root/.m2/repository/com/fasterxml/jackson/core/jackson-databind/2.8.7
2018-06-09 10:50:16,394 ERROR spoon.Launcher - Dependency not found at /root/.m2/repository/org/pac4j/pac4j-core/3.0.0-SNAPSHOT
2018-06-09 10:50:16,394 ERROR spoon.Launcher - Dependency not found at /root/.m2/repository/junit/junit/4.12
2018-06-09 10:50:16,394 ERROR spoon.Launcher - Dependency not found at /root/.m2/repository/ch/qos/logback/logback-classic/1.2.2
2018-06-09 10:50:16,394 ERROR spoon.Launcher - Dependency not found at /root/.m2/repository/org/mockito/mockito-core/2.7.19
2018-06-09 10:50:16,395 ERROR spoon.Launcher - Dependency not found at /root/.m2/repository/com/google/guava/guava/21.0
2018-06-09 10:50:16,395 ERROR spoon.Launcher - Dependency not found at /root/.m2/repository/org/nanohttpd/nanohttpd/2.3.1
2018-06-09 10:50:16,395 ERROR spoon.Launcher - Dependency not found at /root/.m2/repository/org/pac4j/pac4j-core/3.0.0-SNAPSHOT
2018-06-09 10:50:16,395 ERROR spoon.Launcher - Dependency not found at /root/.m2/repository/org/opensaml/opensaml-core/3.3.0
2018-06-09 10:50:16,396 ERROR spoon.Launcher - Dependency not found at /root/.m2/repository/net/shibboleth/utilities/java-support/7.3.0
2018-06-09 10:50:16,396 ERROR spoon.Launcher - Dependency not found at /root/.m2/repository/org/opensaml/opensaml-saml-api/3.3.0
2018-06-09 10:50:16,396 ERROR spoon.Launcher - Dependency not found at /root/.m2/repository/org/opensaml/opensaml-saml-impl/3.3.0
2018-06-09 10:50:16,396 ERROR spoon.Launcher - Dependency not found at /root/.m2/repository/org/opensaml/opensaml-soap-api/3.3.0
2018-06-09 10:50:16,397 ERROR spoon.Launcher - Dependency not found at /root/.m2/repository/org/opensaml/opensaml-xmlsec-api/3.3.0
2018-06-09 10:50:16,397 ERROR spoon.Launcher - Dependency not found at /root/.m2/repository/org/opensaml/opensaml-security-api/3.3.0
2018-06-09 10:50:16,397 ERROR spoon.Launcher - Dependency not found at /root/.m2/repository/org/opensaml/opensaml-security-impl/3.3.0
2018-06-09 10:50:16,397 ERROR spoon.Launcher - Dependency not found at /root/.m2/repository/org/opensaml/opensaml-profile-api/3.3.0
2018-06-09 10:50:16,397 ERROR spoon.Launcher - Dependency not found at /root/.m2/repository/org/opensaml/opensaml-profile-impl/3.3.0
2018-06-09 10:50:16,398 ERROR spoon.Launcher - Dependency not found at /root/.m2/repository/org/opensaml/opensaml-messaging-api/3.3.0
2018-06-09 10:50:16,398 ERROR spoon.Launcher - Dependency not found at /root/.m2/repository/org/opensaml/opensaml-messaging-impl/3.3.0
2018-06-09 10:50:16,398 ERROR spoon.Launcher - Dependency not found at /root/.m2/repository/org/opensaml/opensaml-xmlsec-impl/3.3.0
2018-06-09 10:50:16,398 ERROR spoon.Launcher - Dependency not found at /root/.m2/repository/com/google/guava/guava/21.0
2018-06-09 10:50:16,398 ERROR spoon.Launcher - Dependency not found at /root/.m2/repository/org/cryptacular/cryptacular/1.1.0
2018-06-09 10:50:16,399 ERROR spoon.Launcher - Dependency not found at /root/.m2/repository/joda-time/joda-time/2.9.2
2018-06-09 10:50:16,399 ERROR spoon.Launcher - Dependency not found at /root/.m2/repository/xalan/xalan/2.7.2
2018-06-09 10:50:16,399 ERROR spoon.Launcher - Dependency not found at /root/.m2/repository/org/apache/velocity/velocity/1.7
2018-06-09 10:50:16,399 ERROR spoon.Launcher - Dependency not found at /root/.m2/repository/commons-collections/commons-collections/3.2.2
2018-06-09 10:50:16,399 ERROR spoon.Launcher - Dependency not found at /root/.m2/repository/org/slf4j/jcl-over-slf4j/1.7.25
2018-06-09 10:50:16,400 ERROR spoon.Launcher - Dependency not found at /root/.m2/repository/javax/servlet/javax.servlet-api/3.1.0
2018-06-09 10:50:16,400 ERROR spoon.Launcher - Dependency not found at /root/.m2/repository/org/springframework/spring-core/4.3.7.RELEASE
2018-06-09 10:50:16,400 ERROR spoon.Launcher - Dependency not found at /root/.m2/repository/org/pac4j/pac4j-core/3.0.0-SNAPSHOT
2018-06-09 10:50:16,400 ERROR spoon.Launcher - Dependency not found at /root/.m2/repository/junit/junit/4.12
2018-06-09 10:50:16,401 ERROR spoon.Launcher - Dependency not found at /root/.m2/repository/ch/qos/logback/logback-classic/1.2.2
2018-06-09 10:50:16,401 ERROR spoon.Launcher - Dependency not found at /root/.m2/repository/org/springframework/spring-test/4.3.7.RELEASE
2018-06-09 10:50:16,401 ERROR spoon.Launcher - Dependency not found at /root/.m2/repository/org/springframework/spring-web/4.3.7.RELEASE
2018-06-09 10:50:16,401 ERROR spoon.Launcher - Dependency not found at /root/.m2/repository/org/mockito/mockito-core/2.7.19
2018-06-09 10:50:16,402 ERROR spoon.Launcher - Dependency not found at /root/.m2/repository/org/pac4j/pac4j-core/3.0.0-SNAPSHOT
2018-06-09 10:50:16,402 ERROR spoon.Launcher - Dependency not found at /root/.m2/repository/com/google/appengine/appengine-api-1.0-sdk/1.9.50
2018-06-09 10:50:16,402 ERROR spoon.Launcher - Dependency not found at /root/.m2/repository/com/google/appengine/appengine-jsr107cache/1.9.50
2018-06-09 10:50:16,402 ERROR spoon.Launcher - Dependency not found at /root/.m2/repository/net/sf/jsr107cache/jsr107cache/1.1
2018-06-09 10:50:16,403 ERROR spoon.Launcher - Dependency not found at /root/.m2/repository/javax/servlet/javax.servlet-api/3.1.0
2018-06-09 10:50:16,403 ERROR spoon.Launcher - Dependency not found at /root/.m2/repository/org/pac4j/pac4j-core/3.0.0-SNAPSHOT
2018-06-09 10:50:16,403 ERROR spoon.Launcher - Dependency not found at /root/.m2/repository/junit/junit/4.12
2018-06-09 10:50:16,403 ERROR spoon.Launcher - Dependency not found at /root/.m2/repository/ch/qos/logback/logback-classic/1.2.2
2018-06-09 10:50:16,404 ERROR spoon.Launcher - Dependency not found at /root/.m2/repository/com/google/appengine/appengine-testing/1.9.50
2018-06-09 10:50:16,404 ERROR spoon.Launcher - Dependency not found at /root/.m2/repository/com/google/appengine/appengine-api-labs/1.9.50
2018-06-09 10:50:16,404 ERROR spoon.Launcher - Dependency not found at /root/.m2/repository/com/google/appengine/appengine-api-stubs/1.9.50
2018-06-09 10:50:16,404 ERROR spoon.Launcher - Dependency not found at /root/.m2/repository/org/pac4j/pac4j-core/3.0.0-SNAPSHOT
2018-06-09 10:50:16,405 ERROR spoon.Launcher - Dependency not found at /root/.m2/repository/com/nimbusds/oauth2-oidc-sdk/5.24.2
2018-06-09 10:50:16,405 ERROR spoon.Launcher - Dependency not found at /root/.m2/repository/com/nimbusds/nimbus-jose-jwt/4.35
2018-06-09 10:50:16,405 ERROR spoon.Launcher - Dependency not found at /root/.m2/repository/org/pac4j/pac4j-core/3.0.0-SNAPSHOT
2018-06-09 10:50:16,405 ERROR spoon.Launcher - Dependency not found at /root/.m2/repository/junit/junit/4.12
2018-06-09 10:50:16,406 ERROR spoon.Launcher - Dependency not found at /root/.m2/repository/ch/qos/logback/logback-classic/1.2.2
2018-06-09 10:50:16,406 ERROR spoon.Launcher - Dependency not found at /root/.m2/repository/org/pac4j/pac4j-core/3.0.0-SNAPSHOT
2018-06-09 10:50:16,406 ERROR spoon.Launcher - Dependency not found at /root/.m2/repository/com/nimbusds/nimbus-jose-jwt/4.35
2018-06-09 10:50:16,406 ERROR spoon.Launcher - Dependency not found at /root/.m2/repository/org/bouncycastle/bcprov-jdk15on/1.56
2018-06-09 10:50:16,407 ERROR spoon.Launcher - Dependency not found at /root/.m2/repository/org/pac4j/pac4j-core/3.0.0-SNAPSHOT
2018-06-09 10:50:16,407 ERROR spoon.Launcher - Dependency not found at /root/.m2/repository/junit/junit/4.12
2018-06-09 10:50:16,407 ERROR spoon.Launcher - Dependency not found at /root/.m2/repository/ch/qos/logback/logback-classic/1.2.2
2018-06-09 10:50:16,407 ERROR spoon.Launcher - Dependency not found at /root/.m2/repository/org/pac4j/pac4j-oauth/3.0.0-SNAPSHOT
2018-06-09 10:50:16,408 ERROR spoon.Launcher - Dependency not found at /root/.m2/repository/org/pac4j/pac4j-core/3.0.0-SNAPSHOT
2018-06-09 10:50:16,408 ERROR spoon.Launcher - Dependency not found at /root/.m2/repository/org/ldaptive/ldaptive/1.2.1
2018-06-09 10:50:16,408 ERROR spoon.Launcher - Dependency not found at /root/.m2/repository/org/pac4j/pac4j-core/3.0.0-SNAPSHOT
2018-06-09 10:50:16,408 ERROR spoon.Launcher - Dependency not found at /root/.m2/repository/junit/junit/4.12
2018-06-09 10:50:16,409 ERROR spoon.Launcher - Dependency not found at /root/.m2/repository/ch/qos/logback/logback-classic/1.2.2
2018-06-09 10:50:16,409 ERROR spoon.Launcher - Dependency not found at /root/.m2/repository/com/unboundid/unboundid-ldapsdk/3.2.1
2018-06-09 10:50:16,409 ERROR spoon.Launcher - Dependency not found at /root/.m2/repository/org/pac4j/pac4j-core/3.0.0-SNAPSHOT
2018-06-09 10:50:16,409 ERROR spoon.Launcher - Dependency not found at /root/.m2/repository/org/jdbi/jdbi/2.78
2018-06-09 10:50:16,410 ERROR spoon.Launcher - Dependency not found at /root/.m2/repository/org/pac4j/pac4j-core/3.0.0-SNAPSHOT
2018-06-09 10:50:16,410 ERROR spoon.Launcher - Dependency not found at /root/.m2/repository/junit/junit/4.12
2018-06-09 10:50:16,410 ERROR spoon.Launcher - Dependency not found at /root/.m2/repository/org/springframework/security/spring-security-crypto/4.2.2.RELEASE
2018-06-09 10:50:16,410 ERROR spoon.Launcher - Dependency not found at /root/.m2/repository/com/h2database/h2/1.4.194
2018-06-09 10:50:16,411 ERROR spoon.Launcher - Dependency not found at /root/.m2/repository/org/pac4j/pac4j-core/3.0.0-SNAPSHOT
2018-06-09 10:50:16,411 ERROR spoon.Launcher - Dependency not found at /root/.m2/repository/org/mongodb/mongo-java-driver/3.4.2
2018-06-09 10:50:16,411 ERROR spoon.Launcher - Dependency not found at /root/.m2/repository/org/pac4j/pac4j-core/3.0.0-SNAPSHOT
2018-06-09 10:50:16,411 ERROR spoon.Launcher - Dependency not found at /root/.m2/repository/junit/junit/4.12
2018-06-09 10:50:16,412 ERROR spoon.Launcher - Dependency not found at /root/.m2/repository/ch/qos/logback/logback-classic/1.2.2
2018-06-09 10:50:16,412 ERROR spoon.Launcher - Dependency not found at /root/.m2/repository/org/apache/shiro/shiro-core/1.3.2
2018-06-09 10:50:16,412 ERROR spoon.Launcher - Dependency not found at /root/.m2/repository/de/flapdoodle/embed/de.flapdoodle.embed.mongo/2.0.0
2018-06-09 10:50:16,412 ERROR spoon.Launcher - Dependency not found at /root/.m2/repository/org/pac4j/pac4j-core/3.0.0-SNAPSHOT
2018-06-09 10:50:16,413 ERROR spoon.Launcher - Dependency not found at /root/.m2/repository/org/ektorp/org.ektorp/1.4.4
2018-06-09 10:50:16,413 ERROR spoon.Launcher - Dependency not found at /root/.m2/repository/com/fasterxml/jackson/core/jackson-databind/2.3.3
2018-06-09 10:50:16,413 ERROR spoon.Launcher - Dependency not found at /root/.m2/repository/org/pac4j/pac4j-core/3.0.0-SNAPSHOT
2018-06-09 10:50:16,413 ERROR spoon.Launcher - Dependency not found at /root/.m2/repository/io/bdrc/mcouch-ektorp/1.0.0
2018-06-09 10:50:16,414 ERROR spoon.Launcher - Dependency not found at /root/.m2/repository/junit/junit/4.12
2018-06-09 10:50:16,414 ERROR spoon.Launcher - Dependency not found at /root/.m2/repository/ch/qos/logback/logback-classic/1.2.2
2018-06-09 10:50:16,414 ERROR spoon.Launcher - Dependency not found at /root/.m2/repository/org/apache/shiro/shiro-core/1.3.2
2018-06-09 10:50:16,414 ERROR spoon.Launcher - Dependency not found at /root/.m2/repository/org/pac4j/pac4j-core/3.0.0-SNAPSHOT
2018-06-09 10:50:16,414 ERROR spoon.Launcher - Dependency not found at /root/.m2/repository/org/springframework/spring-core/4.3.7.RELEASE
2018-06-09 10:50:16,415 ERROR spoon.Launcher - Dependency not found at /root/.m2/repository/org/pac4j/pac4j-core/3.0.0-SNAPSHOT
2018-06-09 10:50:16,415 ERROR spoon.Launcher - Dependency not found at /root/.m2/repository/junit/junit/4.12
2018-06-09 10:50:16,415 ERROR spoon.Launcher - Dependency not found at /root/.m2/repository/ch/qos/logback/logback-classic/1.2.2
2018-06-09 10:50:16,415 ERROR spoon.Launcher - Dependency not found at /root/.m2/repository/org/mockito/mockito-core/2.7.19
2018-06-09 10:50:16,416 ERROR spoon.Launcher - Dependency not found at /root/.m2/repository/javax/servlet/javax.servlet-api/3.1.0
2018-06-09 10:50:16,416 ERROR spoon.Launcher - Dependency not found at /root/.m2/repository/org/apache/kerby/kerby-kdc/1.0.0
2018-06-09 10:50:16,416 ERROR spoon.Launcher - Dependency not found at /root/.m2/repository/org/apache/kerby/kerb-simplekdc/1.0.0
2018-06-09 10:50:16,416 ERROR spoon.Launcher - Dependency not found at /root/.m2/repository/org/apache/kerby/kerb-client/1.0.0
2018-06-09 10:50:16,417 ERROR spoon.Launcher - Dependency not found at /root/.m2/repository/org/apache/kerby/token-provider/1.0.0
2018-06-09 10:50:16,417 ERROR spoon.Launcher - Dependency not found at /root/.m2/repository/org/apache/kerby/integration-test/1.0.0
]]></system-out>
  </testcase>
  <testcase name="multiModulesProjectTest" classname="spoon.MavenLauncherTest" time="0.057"/>
  <testcase name="mavenLauncherOnANotExistingFileTest" classname="spoon.MavenLauncherTest" time="0"/>
  <testcase name="spoonMavenLauncherTest" classname="spoon.MavenLauncherTest" time="0.048">
    <failure message="expected:&lt;10&gt; but was:&lt;0&gt;" type="java.lang.AssertionError"><![CDATA[java.lang.AssertionError: expected:<10> but was:<0>
	at spoon.MavenLauncherTest.spoonMavenLauncherTest(MavenLauncherTest.java:18)
]]></failure>
    <system-out><![CDATA[2018-06-09 10:50:16,531 ERROR spoon.Launcher - Dependency not found at /root/.m2/repository/org/eclipse/tycho/org.eclipse.jdt.core/3.13.50.v20171007-0855
2018-06-09 10:50:16,532 ERROR spoon.Launcher - Dependency not found at /root/.m2/repository/com/martiansoftware/jsap/2.1
2018-06-09 10:50:16,532 ERROR spoon.Launcher - Dependency not found at /root/.m2/repository/log4j/log4j/1.2.17
2018-06-09 10:50:16,532 ERROR spoon.Launcher - Dependency not found at /root/.m2/repository/commons-io/commons-io/2.5
2018-06-09 10:50:16,532 ERROR spoon.Launcher - Dependency not found at /root/.m2/repository/org/apache/maven/maven-model/3.3.9
2018-06-09 10:50:16,533 ERROR spoon.Launcher - Dependency not found at /root/.m2/repository/org/apache/commons/commons-lang3/3.5
2018-06-09 10:50:16,533 ERROR spoon.Launcher - Dependency not found at /root/.m2/repository/com/fasterxml/jackson/core/jackson-databind/2.9.2
]]></system-out>
  </testcase>
  <testcase name="mavenLauncherTestWithVerySimpleProject" classname="spoon.MavenLauncherTest" time="0.002"/>
  <testcase name="mavenLauncherOnDirectoryWithoutPomTest" classname="spoon.MavenLauncherTest" time="0.001"/>
</testsuite>