<?xml version="1.0" encoding="UTF-8"?>
<testsuite xmlns:xsi="http://www.w3.org/2001/XMLSchema-instance" xsi:schemaLocation="https://maven.apache.org/surefire/maven-surefire-plugin/xsd/surefire-test-report.xsd" name="TestSuite" time="1,437.457" tests="2727" errors="0" skipped="0" failures="82">
  <properties>
    <property name="java.runtime.name" value="OpenJDK Runtime Environment"/>
    <property name="sun.boot.library.path" value="/usr/lib/jvm/java-8-openjdk-amd64/jre/lib/amd64"/>
    <property name="java.vm.version" value="25.121-b13"/>
    <property name="java.vm.vendor" value="Oracle Corporation"/>
    <property name="maven.multiModuleProjectDirectory" value="/root/workspace/chocoteam/choco-solver/384160203"/>
    <property name="java.vendor.url" value="http://java.oracle.com/"/>
    <property name="path.separator" value=":"/>
    <property name="guice.disable.misplaced.annotation.check" value="true"/>
    <property name="skip.gulp" value="true"/>
    <property name="java.vm.name" value="OpenJDK 64-Bit Server VM"/>
    <property name="file.encoding.pkg" value="sun.io"/>
    <property name="sun.java.launcher" value="SUN_STANDARD"/>
    <property name="sun.os.patch.level" value="unknown"/>
    <property name="findbugs.skip" value="true"/>
    <property name="java.vm.specification.name" value="Java Virtual Machine Specification"/>
    <property name="user.dir" value="/root/workspace/chocoteam/choco-solver/384160203"/>
    <property name="checkstyle.skip" value="true"/>
    <property name="java.runtime.version" value="1.8.0_121-8u121-b13-1~bpo8+1-b13"/>
    <property name="java.awt.graphicsenv" value="sun.awt.X11GraphicsEnvironment"/>
    <property name="skip.npm" value="true"/>
    <property name="java.endorsed.dirs" value="/usr/lib/jvm/java-8-openjdk-amd64/jre/lib/endorsed"/>
    <property name="os.arch" value="amd64"/>
    <property name="java.io.tmpdir" value="/tmp"/>
    <property name="gpg.skip" value="true"/>
    <property name="line.separator" value="&#10;"/>
    <property name="java.vm.specification.vendor" value="Oracle Corporation"/>
    <property name="cobertura.skip" value="true"/>
    <property name="os.name" value="Linux"/>
    <property name="classworlds.conf" value="/usr/share/maven/bin/m2.conf"/>
    <property name="sun.jnu.encoding" value="UTF-8"/>
    <property name="java.library.path" value="/usr/java/packages/lib/amd64:/usr/lib/x86_64-linux-gnu/jni:/lib/x86_64-linux-gnu:/usr/lib/x86_64-linux-gnu:/usr/lib/jni:/lib:/usr/lib"/>
    <property name="license.skip" value="true"/>
    <property name="java.specification.name" value="Java Platform API Specification"/>
    <property name="java.class.version" value="52.0"/>
    <property name="sun.management.compiler" value="HotSpot 64-Bit Tiered Compilers"/>
    <property name="skip.bower" value="true"/>
    <property name="maven.repo.local" value="/root/./workspace/chocoteam/choco-solver/384160203/.m2"/>
    <property name="os.version" value="3.10.0-862.3.2.el7.x86_64"/>
    <property name="user.home" value="/root"/>
    <property name="user.timezone" value="Europe/Paris"/>
    <property name="java.awt.printerjob" value="sun.print.PSPrinterJob"/>
    <property name="java.specification.version" value="1.8"/>
    <property name="file.encoding" value="UTF-8"/>
    <property name="user.name" value="root"/>
    <property name="java.class.path" value="/usr/share/maven/boot/plexus-classworlds-2.5.2.jar"/>
    <property name="skipITs" value="true"/>
    <property name="java.vm.specification.version" value="1.8"/>
    <property name="sun.arch.data.model" value="64"/>
    <property name="java.home" value="/usr/lib/jvm/java-8-openjdk-amd64/jre"/>
    <property name="sun.java.command" value="org.codehaus.plexus.classworlds.launcher.Launcher -B -D enforcer.skip=true -D dependency-check.skip=true -D skipITs=true -D cobertura.skip=true -D maven.repo.local=/root/./workspace/chocoteam/choco-solver/384160203/.m2 -D rat.skip=true -D findbugs.skip=true -D skip.bower=true -D gpg.skip=true -D checkstyle.skip=true -D skip.gulp=true -D license.skip=true -D skip.npm=true test"/>
    <property name="java.specification.vendor" value="Oracle Corporation"/>
    <property name="user.language" value="en"/>
    <property name="awt.toolkit" value="sun.awt.X11.XToolkit"/>
    <property name="dependency-check.skip" value="true"/>
    <property name="java.vm.info" value="mixed mode"/>
    <property name="java.version" value="1.8.0_121"/>
    <property name="java.ext.dirs" value="/usr/lib/jvm/java-8-openjdk-amd64/jre/lib/ext:/usr/java/packages/lib/ext"/>
    <property name="securerandom.source" value="file:/dev/./urandom"/>
    <property name="sun.boot.class.path" value="/usr/lib/jvm/java-8-openjdk-amd64/jre/lib/resources.jar:/usr/lib/jvm/java-8-openjdk-amd64/jre/lib/rt.jar:/usr/lib/jvm/java-8-openjdk-amd64/jre/lib/sunrsasign.jar:/usr/lib/jvm/java-8-openjdk-amd64/jre/lib/jsse.jar:/usr/lib/jvm/java-8-openjdk-amd64/jre/lib/jce.jar:/usr/lib/jvm/java-8-openjdk-amd64/jre/lib/charsets.jar:/usr/lib/jvm/java-8-openjdk-amd64/jre/lib/jfr.jar:/usr/lib/jvm/java-8-openjdk-amd64/jre/classes"/>
    <property name="java.vendor" value="Oracle Corporation"/>
    <property name="enforcer.skip" value="true"/>
    <property name="rat.skip" value="true"/>
    <property name="maven.home" value="/usr/share/maven"/>
    <property name="file.separator" value="/"/>
    <property name="java.vendor.url.bug" value="http://bugreport.sun.com/bugreport/"/>
    <property name="sun.cpu.endian" value="little"/>
    <property name="sun.io.unicode.encoding" value="UnicodeLittle"/>
    <property name="sun.cpu.isalist" value=""/>
  </properties>
  <testcase name="test1" classname="org.chocosolver.solver.constraints.binary.DistanceGTTest" time="1.861"/>
  <testcase name="test1" classname="org.chocosolver.solver.constraints.binary.DistanceGTTest" time="1.108"/>
  <testcase name="test1" classname="org.chocosolver.solver.constraints.ternary.MaxTest" time="0.755"/>
  <testcase name="testGetDomainSize" classname="org.chocosolver.solver.variables.impl.BoolVarImplTest" time="0.001"/>
  <testcase name="testGetLB" classname="org.chocosolver.solver.variables.impl.BoolVarImplTest" time="0.001"/>
  <testcase name="testGetRangeIterator" classname="org.chocosolver.solver.variables.impl.BoolVarImplTest" time="0.004"/>
  <testcase name="testGetTypeAndKind" classname="org.chocosolver.solver.variables.impl.BoolVarImplTest" time="0.001"/>
  <testcase name="testGetUB" classname="org.chocosolver.solver.variables.impl.BoolVarImplTest" time="0.005"/>
  <testcase name="testGetValueIterator" classname="org.chocosolver.solver.variables.impl.BoolVarImplTest" time="0.001"/>
  <testcase name="testHasEnumeratedDomain" classname="org.chocosolver.solver.variables.impl.BoolVarImplTest" time="0.001"/>
  <testcase name="testNextOut1" classname="org.chocosolver.solver.variables.impl.BoolVarImplTest" time="0.001"/>
  <testcase name="testNextOut2" classname="org.chocosolver.solver.variables.impl.BoolVarImplTest" time="0.001"/>
  <testcase name="testNextValue" classname="org.chocosolver.solver.variables.impl.BoolVarImplTest" time="0.001"/>
  <testcase name="testPreviousOut1" classname="org.chocosolver.solver.variables.impl.BoolVarImplTest" time="0.001"/>
  <testcase name="testPreviousOut2" classname="org.chocosolver.solver.variables.impl.BoolVarImplTest" time="0.001"/>
  <testcase name="testPreviousValue" classname="org.chocosolver.solver.variables.impl.BoolVarImplTest" time="0.001"/>
  <testcase name="testRemVals1" classname="org.chocosolver.solver.variables.impl.BoolVarImplTest" time="0.003"/>
  <testcase name="testRemVals21" classname="org.chocosolver.solver.variables.impl.BoolVarImplTest" time="0.001"/>
  <testcase name="testRemVals22" classname="org.chocosolver.solver.variables.impl.BoolVarImplTest" time="0.001"/>
  <testcase name="testRemVals3" classname="org.chocosolver.solver.variables.impl.BoolVarImplTest" time="0.001"/>
  <testcase name="testRemVals31" classname="org.chocosolver.solver.variables.impl.BoolVarImplTest" time="0.001"/>
  <testcase name="testRemVals41" classname="org.chocosolver.solver.variables.impl.BoolVarImplTest" time="0.001"/>
  <testcase name="testRemVals42" classname="org.chocosolver.solver.variables.impl.BoolVarImplTest" time="0"/>
  <testcase name="testRemVals5" classname="org.chocosolver.solver.variables.impl.BoolVarImplTest" time="0"/>
  <testcase name="testRemValsBut1" classname="org.chocosolver.solver.variables.impl.BoolVarImplTest" time="0.001"/>
  <testcase name="testRemValsBut21" classname="org.chocosolver.solver.variables.impl.BoolVarImplTest" time="0.001"/>
  <testcase name="testRemValsBut22" classname="org.chocosolver.solver.variables.impl.BoolVarImplTest" time="0.001"/>
  <testcase name="testRemValsBut3" classname="org.chocosolver.solver.variables.impl.BoolVarImplTest" time="0"/>
  <testcase name="testRemValsBut31" classname="org.chocosolver.solver.variables.impl.BoolVarImplTest" time="0"/>
  <testcase name="testRemValsBut41" classname="org.chocosolver.solver.variables.impl.BoolVarImplTest" time="0"/>
  <testcase name="testRemValsBut42" classname="org.chocosolver.solver.variables.impl.BoolVarImplTest" time="0.001"/>
  <testcase name="testRemoveInterval" classname="org.chocosolver.solver.variables.impl.BoolVarImplTest" time="0.001"/>
  <testcase name="testRemoveValue" classname="org.chocosolver.solver.variables.impl.BoolVarImplTest" time="0"/>
  <testcase name="testUpdBounds1" classname="org.chocosolver.solver.variables.impl.BoolVarImplTest" time="0"/>
  <testcase name="testUpdBounds2" classname="org.chocosolver.solver.variables.impl.BoolVarImplTest" time="0"/>
  <testcase name="testUpdBounds3" classname="org.chocosolver.solver.variables.impl.BoolVarImplTest" time="0.001"/>
  <testcase name="testUpdBounds4" classname="org.chocosolver.solver.variables.impl.BoolVarImplTest" time="0.001"/>
  <testcase name="testUpdBounds5" classname="org.chocosolver.solver.variables.impl.BoolVarImplTest" time="0.001"/>
  <testcase name="testUpdateLowerBound" classname="org.chocosolver.solver.variables.impl.BoolVarImplTest" time="0"/>
  <testcase name="testUpdateUpperBound" classname="org.chocosolver.solver.variables.impl.BoolVarImplTest" time="0"/>
  <testcase name="testStynes1" classname="org.chocosolver.solver.constraints.nary.BottleneckTest" time="5.072"/>
  <testcase name="testStynes2" classname="org.chocosolver.solver.constraints.nary.BottleneckTest" time="1.236"/>
  <testcase name="testCstArraySet" classname="org.chocosolver.util.objects.setDataStructures.backtrackable.ConstantSetsTest" time="0.003"/>
  <testcase name="testCstIntervalSet" classname="org.chocosolver.util.objects.setDataStructures.backtrackable.ConstantSetsTest" time="0.001"/>
  <testcase name="testAddAlreadyExists" classname="org.chocosolver.util.objects.setDataStructures.nonbacktrackable.BipartiteSetTest" time="0.002"/>
  <testcase name="testAddMaxValue" classname="org.chocosolver.util.objects.setDataStructures.nonbacktrackable.BipartiteSetTest" time="0.001"/>
  <testcase name="testAddNegativeKO" classname="org.chocosolver.util.objects.setDataStructures.nonbacktrackable.BipartiteSetTest" time="0.001"/>
  <testcase name="testAddNegativeOK" classname="org.chocosolver.util.objects.setDataStructures.nonbacktrackable.BipartiteSetTest" time="0"/>
  <testcase name="testAddNominal" classname="org.chocosolver.util.objects.setDataStructures.nonbacktrackable.BipartiteSetTest" time="0.001"/>
  <testcase name="testAddNominal2" classname="org.chocosolver.util.objects.setDataStructures.nonbacktrackable.BipartiteSetTest" time="0.001"/>
  <testcase name="testAddRemoveReturnValueNB" classname="org.chocosolver.util.objects.setDataStructures.nonbacktrackable.BipartiteSetTest" time="0"/>
  <testcase name="testClear" classname="org.chocosolver.util.objects.setDataStructures.nonbacktrackable.BipartiteSetTest" time="0"/>
  <testcase name="testEmptyMax" classname="org.chocosolver.util.objects.setDataStructures.nonbacktrackable.BipartiteSetTest" time="0.001"/>
  <testcase name="testEmptyMin" classname="org.chocosolver.util.objects.setDataStructures.nonbacktrackable.BipartiteSetTest" time="0.001"/>
  <testcase name="testEquals" classname="org.chocosolver.util.objects.setDataStructures.nonbacktrackable.BipartiteSetTest" time="0"/>
  <testcase name="testIterator" classname="org.chocosolver.util.objects.setDataStructures.nonbacktrackable.BipartiteSetTest" time="0"/>
  <testcase name="testIteratorLength" classname="org.chocosolver.util.objects.setDataStructures.nonbacktrackable.BipartiteSetTest" time="0.001"/>
  <testcase name="testMinMax" classname="org.chocosolver.util.objects.setDataStructures.nonbacktrackable.BipartiteSetTest" time="0.001"/>
  <testcase name="testMultipleLoops" classname="org.chocosolver.util.objects.setDataStructures.nonbacktrackable.BipartiteSetTest" time="0"/>
  <testcase name="testNewIterator" classname="org.chocosolver.util.objects.setDataStructures.nonbacktrackable.BipartiteSetTest" time="0"/>
  <testcase name="testReadOnlySet" classname="org.chocosolver.util.objects.setDataStructures.nonbacktrackable.BipartiteSetTest" time="0.002"/>
  <testcase name="testRemove" classname="org.chocosolver.util.objects.setDataStructures.nonbacktrackable.BipartiteSetTest" time="0.001"/>
  <testcase name="testRemoveInLoop" classname="org.chocosolver.util.objects.setDataStructures.nonbacktrackable.BipartiteSetTest" time="0.001"/>
  <testcase name="testABSOLUTE" classname="org.chocosolver.solver.constraints.checker.consistency.TestConsistency" time="9.075"/>
  <testcase name="testALLDIFFERENT" classname="org.chocosolver.solver.constraints.checker.consistency.TestConsistency" time="7.571"/>
  <testcase name="testALLDIFFERENTBC" classname="org.chocosolver.solver.constraints.checker.consistency.TestConsistency" time="11.382"/>
  <testcase name="testAMONG" classname="org.chocosolver.solver.constraints.checker.consistency.TestConsistency" time="1.749"/>
  <testcase name="testCOUNT" classname="org.chocosolver.solver.constraints.checker.consistency.TestConsistency" time="5.377"/>
  <testcase name="testELEMENT" classname="org.chocosolver.solver.constraints.checker.consistency.TestConsistency" time="0.462"/>
  <testcase name="testEQ" classname="org.chocosolver.solver.constraints.checker.consistency.TestConsistency" time="1.844"/>
  <testcase name="testIVPC" classname="org.chocosolver.solver.constraints.checker.consistency.TestConsistency" time="2.483"/>
  <testcase name="testLEX" classname="org.chocosolver.solver.constraints.checker.consistency.TestConsistency" time="11.214"/>
  <testcase name="testLEXCHAIN" classname="org.chocosolver.solver.constraints.checker.consistency.TestConsistency" time="14.313"/>
  <testcase name="testMAX" classname="org.chocosolver.solver.constraints.checker.consistency.TestConsistency" time="2.42"/>
  <testcase name="testMDD" classname="org.chocosolver.solver.constraints.checker.consistency.TestConsistency" time="0.977"/>
  <testcase name="testMIN" classname="org.chocosolver.solver.constraints.checker.consistency.TestConsistency" time="2.441"/>
  <testcase name="testNEQ" classname="org.chocosolver.solver.constraints.checker.consistency.TestConsistency" time="2.676"/>
  <testcase name="testPLUSAC" classname="org.chocosolver.solver.constraints.checker.consistency.TestConsistency" time="8.998"/>
  <testcase name="testPLUSBC" classname="org.chocosolver.solver.constraints.checker.consistency.TestConsistency" time="10.236"/>
  <testcase name="testSORT" classname="org.chocosolver.solver.constraints.checker.consistency.TestConsistency" time="12.152"/>
  <testcase name="testABSOLUTE" classname="org.chocosolver.solver.constraints.checker.correctness.TestCorrectness" time="2.108"/>
  <testcase name="testALLDIFFERENT" classname="org.chocosolver.solver.constraints.checker.correctness.TestCorrectness" time="4.986"/>
  <testcase name="testAMONG" classname="org.chocosolver.solver.constraints.checker.correctness.TestCorrectness" time="5.124"/>
  <testcase name="testCOUNT" classname="org.chocosolver.solver.constraints.checker.correctness.TestCorrectness" time="4.94"/>
  <testcase name="testCircuit" classname="org.chocosolver.solver.constraints.checker.correctness.TestCorrectness" time="0.975"/>
  <testcase name="testCumulative" classname="org.chocosolver.solver.constraints.checker.correctness.TestCorrectness" time="6.042"/>
  <testcase name="testDiffn" classname="org.chocosolver.solver.constraints.checker.correctness.TestCorrectness" time="8.565"/>
  <testcase name="testELEMENT" classname="org.chocosolver.solver.constraints.checker.correctness.TestCorrectness" time="2.743"/>
  <testcase name="testEQ" classname="org.chocosolver.solver.constraints.checker.correctness.TestCorrectness" time="1.48"/>
  <testcase name="testGCC" classname="org.chocosolver.solver.constraints.checker.correctness.TestCorrectness" time="11.008"/>
  <testcase name="testINVERSECHANNELING" classname="org.chocosolver.solver.constraints.checker.correctness.TestCorrectness" time="10.586"/>
  <testcase name="testIncrementalCumulative" classname="org.chocosolver.solver.constraints.checker.correctness.TestCorrectness" time="6.274"/>
  <testcase name="testIntValuePrecedeChain" classname="org.chocosolver.solver.constraints.checker.correctness.TestCorrectness" time="9.511"/>
  <testcase name="testLEX" classname="org.chocosolver.solver.constraints.checker.correctness.TestCorrectness" time="3.597"/>
  <testcase name="testLEXCH" classname="org.chocosolver.solver.constraints.checker.correctness.TestCorrectness" time="3.173"/>
  <testcase name="testMAX" classname="org.chocosolver.solver.constraints.checker.correctness.TestCorrectness" time="12.771"/>
  <testcase name="testMDD" classname="org.chocosolver.solver.constraints.checker.correctness.TestCorrectness" time="8.913"/>
  <testcase name="testMIN" classname="org.chocosolver.solver.constraints.checker.correctness.TestCorrectness" time="10.106"/>
  <testcase name="testNEQ" classname="org.chocosolver.solver.constraints.checker.correctness.TestCorrectness" time="0.461"/>
  <testcase name="testNVALUES" classname="org.chocosolver.solver.constraints.checker.correctness.TestCorrectness" time="7.851"/>
  <testcase name="testPLUSAC" classname="org.chocosolver.solver.constraints.checker.correctness.TestCorrectness" time="8.567"/>
  <testcase name="testPLUSBC" classname="org.chocosolver.solver.constraints.checker.correctness.TestCorrectness" time="0.652"/>
  <testcase name="testPath" classname="org.chocosolver.solver.constraints.checker.correctness.TestCorrectness" time="1.745"/>
  <testcase name="testSORT" classname="org.chocosolver.solver.constraints.checker.correctness.TestCorrectness" time="10.064"/>
  <testcase name="testSubcircuit" classname="org.chocosolver.solver.constraints.checker.correctness.TestCorrectness" time="0.44"/>
  <testcase name="testTIMES" classname="org.chocosolver.solver.constraints.checker.correctness.TestCorrectness" time="2.465"/>
  <testcase name="testTree" classname="org.chocosolver.solver.constraints.checker.correctness.TestCorrectness" time="6.362"/>
  <testcase name="test1" classname="org.chocosolver.solver.constraints.ternary.TimesTest" time="0.411"/>
  <testcase name="test1" classname="org.chocosolver.solver.constraints.nary.CumulativeTest" time="0.195"/>
  <testcase name="test2" classname="org.chocosolver.solver.constraints.nary.CumulativeTest" time="0.069"/>
  <testcase name="test3" classname="org.chocosolver.solver.constraints.nary.CumulativeTest" time="0.066"/>
  <testcase name="test4" classname="org.chocosolver.solver.constraints.nary.CumulativeTest" time="0.031"/>
  <testcase name="test5" classname="org.chocosolver.solver.constraints.nary.CumulativeTest" time="0.08"/>
  <testcase name="test6" classname="org.chocosolver.solver.constraints.nary.CumulativeTest" time="1.103"/>
  <testcase name="testDur0" classname="org.chocosolver.solver.constraints.nary.CumulativeTest" time="0.001"/>
  <testcase name="testMed" classname="org.chocosolver.solver.constraints.nary.CumulativeTest" time="3.939"/>
  <testcase name="test1" classname="org.chocosolver.solver.constraints.binary.EqTest" time="0.002"/>
  <testcase name="test1" classname="org.chocosolver.solver.constraints.binary.EqTest" time="0.001"/>
  <testcase name="test2" classname="org.chocosolver.solver.constraints.binary.EqTest" time="0.001"/>
  <testcase name="test2" classname="org.chocosolver.solver.constraints.binary.EqTest" time="0.001"/>
  <testcase name="test3" classname="org.chocosolver.solver.constraints.binary.EqTest" time="0"/>
  <testcase name="test3" classname="org.chocosolver.solver.constraints.binary.EqTest" time="0"/>
  <testcase name="removeAllValuesButCoverBound" classname="org.chocosolver.solver.variables.impl.IntVarOffSetViewTest" time="0.001"/>
  <testcase name="removeAllValuesButWrongDomain" classname="org.chocosolver.solver.variables.impl.IntVarOffSetViewTest" time="0.001"/>
  <testcase name="testRemoveAllValuesButCoverDomain" classname="org.chocosolver.solver.variables.impl.IntVarOffSetViewTest" time="0"/>
  <testcase name="testRemoveIntervalCoverBound" classname="org.chocosolver.solver.variables.impl.IntVarOffSetViewTest" time="0.001"/>
  <testcase name="testRemoveIntervalCoverDomain" classname="org.chocosolver.solver.variables.impl.IntVarOffSetViewTest" time="0"/>
  <testcase name="testRemoveIntervalEmptyDomain" classname="org.chocosolver.solver.variables.impl.IntVarOffSetViewTest" time="0.001"/>
  <testcase name="testRemoveIntervalOK" classname="org.chocosolver.solver.variables.impl.IntVarOffSetViewTest" time="0.001"/>
  <testcase name="testRemoveIntervalWrongDomain" classname="org.chocosolver.solver.variables.impl.IntVarOffSetViewTest" time="0.001"/>
  <testcase name="testRemoveValueEmptyDomain" classname="org.chocosolver.solver.variables.impl.IntVarOffSetViewTest" time="0.001"/>
  <testcase name="testRemoveValueOK" classname="org.chocosolver.solver.variables.impl.IntVarOffSetViewTest" time="0"/>
  <testcase name="testRemoveValueWrongDomain" classname="org.chocosolver.solver.variables.impl.IntVarOffSetViewTest" time="0"/>
  <testcase name="testRemoveValuesButOK" classname="org.chocosolver.solver.variables.impl.IntVarOffSetViewTest" time="0.001"/>
  <testcase name="testRemoveValuesCoverBound" classname="org.chocosolver.solver.variables.impl.IntVarOffSetViewTest" time="0.001"/>
  <testcase name="testRemoveValuesEmptyDomain" classname="org.chocosolver.solver.variables.impl.IntVarOffSetViewTest" time="0.001"/>
  <testcase name="testRemoveValuesOK" classname="org.chocosolver.solver.variables.impl.IntVarOffSetViewTest" time="0.001"/>
  <testcase name="testRemoveValuesTwoSides" classname="org.chocosolver.solver.variables.impl.IntVarOffSetViewTest" time="0"/>
  <testcase name="testRemoveValuesWrongDomain" classname="org.chocosolver.solver.variables.impl.IntVarOffSetViewTest" time="0"/>
  <testcase name="testAddNegativeKO" classname="org.chocosolver.util.objects.setDataStructures.nonbacktrackable.RangeSetTest" time="0"/>
  <testcase name="testAddAlreadyExists" classname="org.chocosolver.util.objects.setDataStructures.nonbacktrackable.RangeSetTest" time="0"/>
  <testcase name="testAddMaxValue" classname="org.chocosolver.util.objects.setDataStructures.nonbacktrackable.RangeSetTest" time="0.001"/>
  <testcase name="testAddNegativeOK" classname="org.chocosolver.util.objects.setDataStructures.nonbacktrackable.RangeSetTest" time="0.001"/>
  <testcase name="testAddNominal" classname="org.chocosolver.util.objects.setDataStructures.nonbacktrackable.RangeSetTest" time="0.001"/>
  <testcase name="testAddNominal2" classname="org.chocosolver.util.objects.setDataStructures.nonbacktrackable.RangeSetTest" time="0"/>
  <testcase name="testAddRemoveReturnValueNB" classname="org.chocosolver.util.objects.setDataStructures.nonbacktrackable.RangeSetTest" time="0"/>
  <testcase name="testClear" classname="org.chocosolver.util.objects.setDataStructures.nonbacktrackable.RangeSetTest" time="0.003"/>
  <testcase name="testEmptyMax" classname="org.chocosolver.util.objects.setDataStructures.nonbacktrackable.RangeSetTest" time="0.001"/>
  <testcase name="testEmptyMin" classname="org.chocosolver.util.objects.setDataStructures.nonbacktrackable.RangeSetTest" time="0.001"/>
  <testcase name="testEquals" classname="org.chocosolver.util.objects.setDataStructures.nonbacktrackable.RangeSetTest" time="0.001"/>
  <testcase name="testIterator" classname="org.chocosolver.util.objects.setDataStructures.nonbacktrackable.RangeSetTest" time="0"/>
  <testcase name="testIteratorLength" classname="org.chocosolver.util.objects.setDataStructures.nonbacktrackable.RangeSetTest" time="0"/>
  <testcase name="testMinMax" classname="org.chocosolver.util.objects.setDataStructures.nonbacktrackable.RangeSetTest" time="0.001"/>
  <testcase name="testMultipleLoops" classname="org.chocosolver.util.objects.setDataStructures.nonbacktrackable.RangeSetTest" time="0.001"/>
  <testcase name="testNewIterator" classname="org.chocosolver.util.objects.setDataStructures.nonbacktrackable.RangeSetTest" time="0"/>
  <testcase name="testReadOnlySet" classname="org.chocosolver.util.objects.setDataStructures.nonbacktrackable.RangeSetTest" time="0"/>
  <testcase name="testRemove" classname="org.chocosolver.util.objects.setDataStructures.nonbacktrackable.RangeSetTest" time="0.001"/>
  <testcase name="testRemoveInLoop" classname="org.chocosolver.util.objects.setDataStructures.nonbacktrackable.RangeSetTest" time="0.001"/>
  <testcase name="test1" classname="org.chocosolver.util.objects.setDataStructures.backtrackable.StoredIntLinkedListTest" time="0.001"/>
  <testcase name="test2" classname="org.chocosolver.util.objects.setDataStructures.backtrackable.StoredIntLinkedListTest" time="0.001"/>
  <testcase name="test3" classname="org.chocosolver.util.objects.setDataStructures.backtrackable.StoredIntLinkedListTest" time="10.952"/>
  <testcase name="setAllEq" classname="org.chocosolver.solver.constraints.checker.fmk.Test_Bools_Sets" time="0.028"/>
  <testcase name="setAllEq" classname="org.chocosolver.solver.constraints.checker.fmk.Test_Bools_Sets" time="0.017"/>
  <testcase name="setAllEq" classname="org.chocosolver.solver.constraints.checker.fmk.Test_Bools_Sets" time="0.065"/>
  <testcase name="setAllEq" classname="org.chocosolver.solver.constraints.checker.fmk.Test_Bools_Sets" time="0.423"/>
  <testcase name="setAllEq" classname="org.chocosolver.solver.constraints.checker.fmk.Test_Bools_Sets" time="7.018"/>
  <testcase name="setAllEq" classname="org.chocosolver.solver.constraints.checker.fmk.Test_Bools_Sets" time="0.002"/>
  <testcase name="setAllEq" classname="org.chocosolver.solver.constraints.checker.fmk.Test_Bools_Sets" time="0.006"/>
  <testcase name="setAllEq" classname="org.chocosolver.solver.constraints.checker.fmk.Test_Bools_Sets" time="0.039"/>
  <testcase name="setAllEq" classname="org.chocosolver.solver.constraints.checker.fmk.Test_Bools_Sets" time="0.364"/>
  <testcase name="setAllEq" classname="org.chocosolver.solver.constraints.checker.fmk.Test_Bools_Sets" time="7.037"/>
  <testcase name="setAllEq" classname="org.chocosolver.solver.constraints.checker.fmk.Test_Bools_Sets" time="0.002"/>
  <testcase name="setAllEq" classname="org.chocosolver.solver.constraints.checker.fmk.Test_Bools_Sets" time="0.005"/>
  <testcase name="setAllEq" classname="org.chocosolver.solver.constraints.checker.fmk.Test_Bools_Sets" time="0.023"/>
  <testcase name="setAllEq" classname="org.chocosolver.solver.constraints.checker.fmk.Test_Bools_Sets" time="0.348"/>
  <testcase name="setAllEq" classname="org.chocosolver.solver.constraints.checker.fmk.Test_Bools_Sets" time="6.763"/>
  <testcase name="setAllEq" classname="org.chocosolver.solver.constraints.checker.fmk.Test_Bools_Sets" time="0.003"/>
  <testcase name="setAllEq" classname="org.chocosolver.solver.constraints.checker.fmk.Test_Bools_Sets" time="0.006"/>
  <testcase name="setAllEq" classname="org.chocosolver.solver.constraints.checker.fmk.Test_Bools_Sets" time="0.035"/>
  <testcase name="setAllEq" classname="org.chocosolver.solver.constraints.checker.fmk.Test_Bools_Sets" time="0.319"/>
  <testcase name="setAllEq" classname="org.chocosolver.solver.constraints.checker.fmk.Test_Bools_Sets" time="6.676"/>
  <testcase name="setAllEq" classname="org.chocosolver.solver.constraints.checker.fmk.Test_Bools_Sets" time="0.002"/>
  <testcase name="setAllEq" classname="org.chocosolver.solver.constraints.checker.fmk.Test_Bools_Sets" time="0.005"/>
  <testcase name="setAllEq" classname="org.chocosolver.solver.constraints.checker.fmk.Test_Bools_Sets" time="0.032"/>
  <testcase name="setAllEq" classname="org.chocosolver.solver.constraints.checker.fmk.Test_Bools_Sets" time="0.329"/>
  <testcase name="setAllEq" classname="org.chocosolver.solver.constraints.checker.fmk.Test_Bools_Sets" time="7.659"/>
  <testcase name="setAllEq" classname="org.chocosolver.solver.constraints.checker.fmk.Test_Bools_Sets" time="0.002"/>
  <testcase name="setAllEq" classname="org.chocosolver.solver.constraints.checker.fmk.Test_Bools_Sets" time="0.004"/>
  <testcase name="setAllEq" classname="org.chocosolver.solver.constraints.checker.fmk.Test_Bools_Sets" time="0.036"/>
  <testcase name="setAllEq" classname="org.chocosolver.solver.constraints.checker.fmk.Test_Bools_Sets" time="0.452"/>
  <testcase name="setAllEq" classname="org.chocosolver.solver.constraints.checker.fmk.Test_Bools_Sets" time="7.375"/>
  <testcase name="setAllEq" classname="org.chocosolver.solver.constraints.checker.fmk.Test_Bools_Sets" time="0.001"/>
  <testcase name="setAllEq" classname="org.chocosolver.solver.constraints.checker.fmk.Test_Bools_Sets" time="0.005"/>
  <testcase name="setAllEq" classname="org.chocosolver.solver.constraints.checker.fmk.Test_Bools_Sets" time="0.026"/>
  <testcase name="setAllEq" classname="org.chocosolver.solver.constraints.checker.fmk.Test_Bools_Sets" time="0.294"/>
  <testcase name="setAllEq" classname="org.chocosolver.solver.constraints.checker.fmk.Test_Bools_Sets" time="7.238"/>
  <testcase name="setAllEq" classname="org.chocosolver.solver.constraints.checker.fmk.Test_Bools_Sets" time="0.001"/>
  <testcase name="setAllEq" classname="org.chocosolver.solver.constraints.checker.fmk.Test_Bools_Sets" time="0.005"/>
  <testcase name="setAllEq" classname="org.chocosolver.solver.constraints.checker.fmk.Test_Bools_Sets" time="0.03"/>
  <testcase name="setAllEq" classname="org.chocosolver.solver.constraints.checker.fmk.Test_Bools_Sets" time="0.311"/>
  <testcase name="setAllEq" classname="org.chocosolver.solver.constraints.checker.fmk.Test_Bools_Sets" time="6.925"/>
  <testcase name="setAllEq" classname="org.chocosolver.solver.constraints.checker.fmk.Test_Bools_Sets" time="0.002"/>
  <testcase name="setAllEq" classname="org.chocosolver.solver.constraints.checker.fmk.Test_Bools_Sets" time="0.004"/>
  <testcase name="setAllEq" classname="org.chocosolver.solver.constraints.checker.fmk.Test_Bools_Sets" time="0.03"/>
  <testcase name="setAllEq" classname="org.chocosolver.solver.constraints.checker.fmk.Test_Bools_Sets" time="0.336"/>
  <testcase name="setAllEq" classname="org.chocosolver.solver.constraints.checker.fmk.Test_Bools_Sets" time="6.96"/>
  <testcase name="setAllEq" classname="org.chocosolver.solver.constraints.checker.fmk.Test_Bools_Sets" time="0.002"/>
  <testcase name="setAllEq" classname="org.chocosolver.solver.constraints.checker.fmk.Test_Bools_Sets" time="0.003"/>
  <testcase name="setAllEq" classname="org.chocosolver.solver.constraints.checker.fmk.Test_Bools_Sets" time="0.028"/>
  <testcase name="setAllEq" classname="org.chocosolver.solver.constraints.checker.fmk.Test_Bools_Sets" time="0.33"/>
  <testcase name="setAllEq" classname="org.chocosolver.solver.constraints.checker.fmk.Test_Bools_Sets" time="6.89"/>
  <testcase name="setDiff" classname="org.chocosolver.solver.constraints.checker.fmk.Test_Bools_Sets" time="0.005"/>
  <testcase name="setDiff" classname="org.chocosolver.solver.constraints.checker.fmk.Test_Bools_Sets" time="0.003"/>
  <testcase name="setDiff" classname="org.chocosolver.solver.constraints.checker.fmk.Test_Bools_Sets" time="0.006"/>
  <testcase name="setDiff" classname="org.chocosolver.solver.constraints.checker.fmk.Test_Bools_Sets" time="0.018"/>
  <testcase name="setDiff" classname="org.chocosolver.solver.constraints.checker.fmk.Test_Bools_Sets" time="0.087"/>
  <testcase name="setDiff" classname="org.chocosolver.solver.constraints.checker.fmk.Test_Bools_Sets" time="0.001"/>
  <testcase name="setDiff" classname="org.chocosolver.solver.constraints.checker.fmk.Test_Bools_Sets" time="0.002"/>
  <testcase name="setDiff" classname="org.chocosolver.solver.constraints.checker.fmk.Test_Bools_Sets" time="0.004"/>
  <testcase name="setDiff" classname="org.chocosolver.solver.constraints.checker.fmk.Test_Bools_Sets" time="0.014"/>
  <testcase name="setDiff" classname="org.chocosolver.solver.constraints.checker.fmk.Test_Bools_Sets" time="0.092"/>
  <testcase name="setDiff" classname="org.chocosolver.solver.constraints.checker.fmk.Test_Bools_Sets" time="0.001"/>
  <testcase name="setDiff" classname="org.chocosolver.solver.constraints.checker.fmk.Test_Bools_Sets" time="0.002"/>
  <testcase name="setDiff" classname="org.chocosolver.solver.constraints.checker.fmk.Test_Bools_Sets" time="0.008"/>
  <testcase name="setDiff" classname="org.chocosolver.solver.constraints.checker.fmk.Test_Bools_Sets" time="0.02"/>
  <testcase name="setDiff" classname="org.chocosolver.solver.constraints.checker.fmk.Test_Bools_Sets" time="0.069"/>
  <testcase name="setDiff" classname="org.chocosolver.solver.constraints.checker.fmk.Test_Bools_Sets" time="0.001"/>
  <testcase name="setDiff" classname="org.chocosolver.solver.constraints.checker.fmk.Test_Bools_Sets" time="0.002"/>
  <testcase name="setDiff" classname="org.chocosolver.solver.constraints.checker.fmk.Test_Bools_Sets" time="0.004"/>
  <testcase name="setDiff" classname="org.chocosolver.solver.constraints.checker.fmk.Test_Bools_Sets" time="0.013"/>
  <testcase name="setDiff" classname="org.chocosolver.solver.constraints.checker.fmk.Test_Bools_Sets" time="0.069"/>
  <testcase name="setDiff" classname="org.chocosolver.solver.constraints.checker.fmk.Test_Bools_Sets" time="0.001"/>
  <testcase name="setDiff" classname="org.chocosolver.solver.constraints.checker.fmk.Test_Bools_Sets" time="0.002"/>
  <testcase name="setDiff" classname="org.chocosolver.solver.constraints.checker.fmk.Test_Bools_Sets" time="0.004"/>
  <testcase name="setDiff" classname="org.chocosolver.solver.constraints.checker.fmk.Test_Bools_Sets" time="0.015"/>
  <testcase name="setDiff" classname="org.chocosolver.solver.constraints.checker.fmk.Test_Bools_Sets" time="0.083"/>
  <testcase name="setDiff" classname="org.chocosolver.solver.constraints.checker.fmk.Test_Bools_Sets" time="0.001"/>
  <testcase name="setDiff" classname="org.chocosolver.solver.constraints.checker.fmk.Test_Bools_Sets" time="0.001"/>
  <testcase name="setDiff" classname="org.chocosolver.solver.constraints.checker.fmk.Test_Bools_Sets" time="0.003"/>
  <testcase name="setDiff" classname="org.chocosolver.solver.constraints.checker.fmk.Test_Bools_Sets" time="0.012"/>
  <testcase name="setDiff" classname="org.chocosolver.solver.constraints.checker.fmk.Test_Bools_Sets" time="0.104"/>
  <testcase name="setDiff" classname="org.chocosolver.solver.constraints.checker.fmk.Test_Bools_Sets" time="0.001"/>
  <testcase name="setDiff" classname="org.chocosolver.solver.constraints.checker.fmk.Test_Bools_Sets" time="0.002"/>
  <testcase name="setDiff" classname="org.chocosolver.solver.constraints.checker.fmk.Test_Bools_Sets" time="0.004"/>
  <testcase name="setDiff" classname="org.chocosolver.solver.constraints.checker.fmk.Test_Bools_Sets" time="0.013"/>
  <testcase name="setDiff" classname="org.chocosolver.solver.constraints.checker.fmk.Test_Bools_Sets" time="0.09"/>
  <testcase name="setDiff" classname="org.chocosolver.solver.constraints.checker.fmk.Test_Bools_Sets" time="0.003"/>
  <testcase name="setDiff" classname="org.chocosolver.solver.constraints.checker.fmk.Test_Bools_Sets" time="0.002"/>
  <testcase name="setDiff" classname="org.chocosolver.solver.constraints.checker.fmk.Test_Bools_Sets" time="0.006"/>
  <testcase name="setDiff" classname="org.chocosolver.solver.constraints.checker.fmk.Test_Bools_Sets" time="0.018"/>
  <testcase name="setDiff" classname="org.chocosolver.solver.constraints.checker.fmk.Test_Bools_Sets" time="0.087"/>
  <testcase name="setDiff" classname="org.chocosolver.solver.constraints.checker.fmk.Test_Bools_Sets" time="0.005"/>
  <testcase name="setDiff" classname="org.chocosolver.solver.constraints.checker.fmk.Test_Bools_Sets" time="0"/>
  <testcase name="setDiff" classname="org.chocosolver.solver.constraints.checker.fmk.Test_Bools_Sets" time="0.003"/>
  <testcase name="setDiff" classname="org.chocosolver.solver.constraints.checker.fmk.Test_Bools_Sets" time="0.018"/>
  <testcase name="setDiff" classname="org.chocosolver.solver.constraints.checker.fmk.Test_Bools_Sets" time="0.064"/>
  <testcase name="setDiff" classname="org.chocosolver.solver.constraints.checker.fmk.Test_Bools_Sets" time="0.001"/>
  <testcase name="setDiff" classname="org.chocosolver.solver.constraints.checker.fmk.Test_Bools_Sets" time="0.001"/>
  <testcase name="setDiff" classname="org.chocosolver.solver.constraints.checker.fmk.Test_Bools_Sets" time="0.003"/>
  <testcase name="setDiff" classname="org.chocosolver.solver.constraints.checker.fmk.Test_Bools_Sets" time="0.012"/>
  <testcase name="setDiff" classname="org.chocosolver.solver.constraints.checker.fmk.Test_Bools_Sets" time="0.061"/>
  <testcase name="setDisj" classname="org.chocosolver.solver.constraints.checker.fmk.Test_Bools_Sets" time="0.004"/>
  <testcase name="setDisj" classname="org.chocosolver.solver.constraints.checker.fmk.Test_Bools_Sets" time="0.003"/>
  <testcase name="setDisj" classname="org.chocosolver.solver.constraints.checker.fmk.Test_Bools_Sets" time="0.003"/>
  <testcase name="setDisj" classname="org.chocosolver.solver.constraints.checker.fmk.Test_Bools_Sets" time="0.01"/>
  <testcase name="setDisj" classname="org.chocosolver.solver.constraints.checker.fmk.Test_Bools_Sets" time="0.034"/>
  <testcase name="setDisj" classname="org.chocosolver.solver.constraints.checker.fmk.Test_Bools_Sets" time="0.003"/>
  <testcase name="setDisj" classname="org.chocosolver.solver.constraints.checker.fmk.Test_Bools_Sets" time="0.002"/>
  <testcase name="setDisj" classname="org.chocosolver.solver.constraints.checker.fmk.Test_Bools_Sets" time="0.003"/>
  <testcase name="setDisj" classname="org.chocosolver.solver.constraints.checker.fmk.Test_Bools_Sets" time="0.013"/>
  <testcase name="setDisj" classname="org.chocosolver.solver.constraints.checker.fmk.Test_Bools_Sets" time="0.033"/>
  <testcase name="setDisj" classname="org.chocosolver.solver.constraints.checker.fmk.Test_Bools_Sets" time="0.001"/>
  <testcase name="setDisj" classname="org.chocosolver.solver.constraints.checker.fmk.Test_Bools_Sets" time="0.003"/>
  <testcase name="setDisj" classname="org.chocosolver.solver.constraints.checker.fmk.Test_Bools_Sets" time="0.003"/>
  <testcase name="setDisj" classname="org.chocosolver.solver.constraints.checker.fmk.Test_Bools_Sets" time="0.008"/>
  <testcase name="setDisj" classname="org.chocosolver.solver.constraints.checker.fmk.Test_Bools_Sets" time="0.048"/>
  <testcase name="setDisj" classname="org.chocosolver.solver.constraints.checker.fmk.Test_Bools_Sets" time="0.002"/>
  <testcase name="setDisj" classname="org.chocosolver.solver.constraints.checker.fmk.Test_Bools_Sets" time="0.002"/>
  <testcase name="setDisj" classname="org.chocosolver.solver.constraints.checker.fmk.Test_Bools_Sets" time="0.005"/>
  <testcase name="setDisj" classname="org.chocosolver.solver.constraints.checker.fmk.Test_Bools_Sets" time="0.008"/>
  <testcase name="setDisj" classname="org.chocosolver.solver.constraints.checker.fmk.Test_Bools_Sets" time="0.034"/>
  <testcase name="setDisj" classname="org.chocosolver.solver.constraints.checker.fmk.Test_Bools_Sets" time="0.001"/>
  <testcase name="setDisj" classname="org.chocosolver.solver.constraints.checker.fmk.Test_Bools_Sets" time="0.002"/>
  <testcase name="setDisj" classname="org.chocosolver.solver.constraints.checker.fmk.Test_Bools_Sets" time="0"/>
  <testcase name="setDisj" classname="org.chocosolver.solver.constraints.checker.fmk.Test_Bools_Sets" time="0.006"/>
  <testcase name="setDisj" classname="org.chocosolver.solver.constraints.checker.fmk.Test_Bools_Sets" time="0.034"/>
  <testcase name="setDisj" classname="org.chocosolver.solver.constraints.checker.fmk.Test_Bools_Sets" time="0.006"/>
  <testcase name="setDisj" classname="org.chocosolver.solver.constraints.checker.fmk.Test_Bools_Sets" time="0.002"/>
  <testcase name="setDisj" classname="org.chocosolver.solver.constraints.checker.fmk.Test_Bools_Sets" time="0.003"/>
  <testcase name="setDisj" classname="org.chocosolver.solver.constraints.checker.fmk.Test_Bools_Sets" time="0.008"/>
  <testcase name="setDisj" classname="org.chocosolver.solver.constraints.checker.fmk.Test_Bools_Sets" time="0.032"/>
  <testcase name="setDisj" classname="org.chocosolver.solver.constraints.checker.fmk.Test_Bools_Sets" time="0.001"/>
  <testcase name="setDisj" classname="org.chocosolver.solver.constraints.checker.fmk.Test_Bools_Sets" time="0.003"/>
  <testcase name="setDisj" classname="org.chocosolver.solver.constraints.checker.fmk.Test_Bools_Sets" time="0.003"/>
  <testcase name="setDisj" classname="org.chocosolver.solver.constraints.checker.fmk.Test_Bools_Sets" time="0.01"/>
  <testcase name="setDisj" classname="org.chocosolver.solver.constraints.checker.fmk.Test_Bools_Sets" time="0.035"/>
  <testcase name="setDisj" classname="org.chocosolver.solver.constraints.checker.fmk.Test_Bools_Sets" time="0.001"/>
  <testcase name="setDisj" classname="org.chocosolver.solver.constraints.checker.fmk.Test_Bools_Sets" time="0.002"/>
  <testcase name="setDisj" classname="org.chocosolver.solver.constraints.checker.fmk.Test_Bools_Sets" time="0.003"/>
  <testcase name="setDisj" classname="org.chocosolver.solver.constraints.checker.fmk.Test_Bools_Sets" time="0.013"/>
  <testcase name="setDisj" classname="org.chocosolver.solver.constraints.checker.fmk.Test_Bools_Sets" time="0.052"/>
  <testcase name="setDisj" classname="org.chocosolver.solver.constraints.checker.fmk.Test_Bools_Sets" time="0"/>
  <testcase name="setDisj" classname="org.chocosolver.solver.constraints.checker.fmk.Test_Bools_Sets" time="0.003"/>
  <testcase name="setDisj" classname="org.chocosolver.solver.constraints.checker.fmk.Test_Bools_Sets" time="0.003"/>
  <testcase name="setDisj" classname="org.chocosolver.solver.constraints.checker.fmk.Test_Bools_Sets" time="0.011"/>
  <testcase name="setDisj" classname="org.chocosolver.solver.constraints.checker.fmk.Test_Bools_Sets" time="0.053"/>
  <testcase name="setDisj" classname="org.chocosolver.solver.constraints.checker.fmk.Test_Bools_Sets" time="0.001"/>
  <testcase name="setDisj" classname="org.chocosolver.solver.constraints.checker.fmk.Test_Bools_Sets" time="0.002"/>
  <testcase name="setDisj" classname="org.chocosolver.solver.constraints.checker.fmk.Test_Bools_Sets" time="0.003"/>
  <testcase name="setDisj" classname="org.chocosolver.solver.constraints.checker.fmk.Test_Bools_Sets" time="0.007"/>
  <testcase name="setDisj" classname="org.chocosolver.solver.constraints.checker.fmk.Test_Bools_Sets" time="0.032"/>
  <testcase name="setInter" classname="org.chocosolver.solver.constraints.checker.fmk.Test_Bools_Sets" time="0.005"/>
  <testcase name="setInter" classname="org.chocosolver.solver.constraints.checker.fmk.Test_Bools_Sets" time="0.003"/>
  <testcase name="setInter" classname="org.chocosolver.solver.constraints.checker.fmk.Test_Bools_Sets" time="0.016"/>
  <testcase name="setInter" classname="org.chocosolver.solver.constraints.checker.fmk.Test_Bools_Sets" time="0.234"/>
  <testcase name="setInter" classname="org.chocosolver.solver.constraints.checker.fmk.Test_Bools_Sets" time="3.631"/>
  <testcase name="setInter" classname="org.chocosolver.solver.constraints.checker.fmk.Test_Bools_Sets" time="0.001"/>
  <testcase name="setInter" classname="org.chocosolver.solver.constraints.checker.fmk.Test_Bools_Sets" time="0.002"/>
  <testcase name="setInter" classname="org.chocosolver.solver.constraints.checker.fmk.Test_Bools_Sets" time="0.014"/>
  <testcase name="setInter" classname="org.chocosolver.solver.constraints.checker.fmk.Test_Bools_Sets" time="0.266"/>
  <testcase name="setInter" classname="org.chocosolver.solver.constraints.checker.fmk.Test_Bools_Sets" time="4.671"/>
  <testcase name="setInter" classname="org.chocosolver.solver.constraints.checker.fmk.Test_Bools_Sets" time="0.001"/>
  <testcase name="setInter" classname="org.chocosolver.solver.constraints.checker.fmk.Test_Bools_Sets" time="0.003"/>
  <testcase name="setInter" classname="org.chocosolver.solver.constraints.checker.fmk.Test_Bools_Sets" time="0.01"/>
  <testcase name="setInter" classname="org.chocosolver.solver.constraints.checker.fmk.Test_Bools_Sets" time="0.146"/>
  <testcase name="setInter" classname="org.chocosolver.solver.constraints.checker.fmk.Test_Bools_Sets" time="3.728"/>
  <testcase name="setInter" classname="org.chocosolver.solver.constraints.checker.fmk.Test_Bools_Sets" time="0.002"/>
  <testcase name="setInter" classname="org.chocosolver.solver.constraints.checker.fmk.Test_Bools_Sets" time="0.002"/>
  <testcase name="setInter" classname="org.chocosolver.solver.constraints.checker.fmk.Test_Bools_Sets" time="0.011"/>
  <testcase name="setInter" classname="org.chocosolver.solver.constraints.checker.fmk.Test_Bools_Sets" time="0.111"/>
  <testcase name="setInter" classname="org.chocosolver.solver.constraints.checker.fmk.Test_Bools_Sets" time="2.602"/>
  <testcase name="setInter" classname="org.chocosolver.solver.constraints.checker.fmk.Test_Bools_Sets" time="0.002"/>
  <testcase name="setInter" classname="org.chocosolver.solver.constraints.checker.fmk.Test_Bools_Sets" time="0.003"/>
  <testcase name="setInter" classname="org.chocosolver.solver.constraints.checker.fmk.Test_Bools_Sets" time="0.012"/>
  <testcase name="setInter" classname="org.chocosolver.solver.constraints.checker.fmk.Test_Bools_Sets" time="0.109"/>
  <testcase name="setInter" classname="org.chocosolver.solver.constraints.checker.fmk.Test_Bools_Sets" time="3.241"/>
  <testcase name="setInter" classname="org.chocosolver.solver.constraints.checker.fmk.Test_Bools_Sets" time="0.001"/>
  <testcase name="setInter" classname="org.chocosolver.solver.constraints.checker.fmk.Test_Bools_Sets" time="0.003"/>
  <testcase name="setInter" classname="org.chocosolver.solver.constraints.checker.fmk.Test_Bools_Sets" time="0.009"/>
  <testcase name="setInter" classname="org.chocosolver.solver.constraints.checker.fmk.Test_Bools_Sets" time="0.146"/>
  <testcase name="setInter" classname="org.chocosolver.solver.constraints.checker.fmk.Test_Bools_Sets" time="3.712"/>
  <testcase name="setInter" classname="org.chocosolver.solver.constraints.checker.fmk.Test_Bools_Sets" time="0.001"/>
  <testcase name="setInter" classname="org.chocosolver.solver.constraints.checker.fmk.Test_Bools_Sets" time="0.003"/>
  <testcase name="setInter" classname="org.chocosolver.solver.constraints.checker.fmk.Test_Bools_Sets" time="0.018"/>
  <testcase name="setInter" classname="org.chocosolver.solver.constraints.checker.fmk.Test_Bools_Sets" time="0.226"/>
  <testcase name="setInter" classname="org.chocosolver.solver.constraints.checker.fmk.Test_Bools_Sets" time="3.469"/>
  <testcase name="setInter" classname="org.chocosolver.solver.constraints.checker.fmk.Test_Bools_Sets" time="0.002"/>
  <testcase name="setInter" classname="org.chocosolver.solver.constraints.checker.fmk.Test_Bools_Sets" time="0.003"/>
  <testcase name="setInter" classname="org.chocosolver.solver.constraints.checker.fmk.Test_Bools_Sets" time="0.02"/>
  <testcase name="setInter" classname="org.chocosolver.solver.constraints.checker.fmk.Test_Bools_Sets" time="0.162"/>
  <testcase name="setInter" classname="org.chocosolver.solver.constraints.checker.fmk.Test_Bools_Sets" time="3.111"/>
  <testcase name="setInter" classname="org.chocosolver.solver.constraints.checker.fmk.Test_Bools_Sets" time="0.002"/>
  <testcase name="setInter" classname="org.chocosolver.solver.constraints.checker.fmk.Test_Bools_Sets" time="0.002"/>
  <testcase name="setInter" classname="org.chocosolver.solver.constraints.checker.fmk.Test_Bools_Sets" time="0.011"/>
  <testcase name="setInter" classname="org.chocosolver.solver.constraints.checker.fmk.Test_Bools_Sets" time="0.167"/>
  <testcase name="setInter" classname="org.chocosolver.solver.constraints.checker.fmk.Test_Bools_Sets" time="4.385"/>
  <testcase name="setInter" classname="org.chocosolver.solver.constraints.checker.fmk.Test_Bools_Sets" time="0.002"/>
  <testcase name="setInter" classname="org.chocosolver.solver.constraints.checker.fmk.Test_Bools_Sets" time="0.003"/>
  <testcase name="setInter" classname="org.chocosolver.solver.constraints.checker.fmk.Test_Bools_Sets" time="0.017"/>
  <testcase name="setInter" classname="org.chocosolver.solver.constraints.checker.fmk.Test_Bools_Sets" time="0.192"/>
  <testcase name="setInter" classname="org.chocosolver.solver.constraints.checker.fmk.Test_Bools_Sets" time="3.574"/>
  <testcase name="setSubSet" classname="org.chocosolver.solver.constraints.checker.fmk.Test_Bools_Sets" time="0.004"/>
  <testcase name="setSubSet" classname="org.chocosolver.solver.constraints.checker.fmk.Test_Bools_Sets" time="0.007"/>
  <testcase name="setSubSet" classname="org.chocosolver.solver.constraints.checker.fmk.Test_Bools_Sets" time="0.031"/>
  <testcase name="setSubSet" classname="org.chocosolver.solver.constraints.checker.fmk.Test_Bools_Sets" time="0.36"/>
  <testcase name="setSubSet" classname="org.chocosolver.solver.constraints.checker.fmk.Test_Bools_Sets" time="8.421"/>
  <testcase name="setSubSet" classname="org.chocosolver.solver.constraints.checker.fmk.Test_Bools_Sets" time="0.001"/>
  <testcase name="setSubSet" classname="org.chocosolver.solver.constraints.checker.fmk.Test_Bools_Sets" time="0.003"/>
  <testcase name="setSubSet" classname="org.chocosolver.solver.constraints.checker.fmk.Test_Bools_Sets" time="0.02"/>
  <testcase name="setSubSet" classname="org.chocosolver.solver.constraints.checker.fmk.Test_Bools_Sets" time="0.314"/>
  <testcase name="setSubSet" classname="org.chocosolver.solver.constraints.checker.fmk.Test_Bools_Sets" time="7.67"/>
  <testcase name="setSubSet" classname="org.chocosolver.solver.constraints.checker.fmk.Test_Bools_Sets" time="0.001"/>
  <testcase name="setSubSet" classname="org.chocosolver.solver.constraints.checker.fmk.Test_Bools_Sets" time="0.003"/>
  <testcase name="setSubSet" classname="org.chocosolver.solver.constraints.checker.fmk.Test_Bools_Sets" time="0.02"/>
  <testcase name="setSubSet" classname="org.chocosolver.solver.constraints.checker.fmk.Test_Bools_Sets" time="0.402"/>
  <testcase name="setSubSet" classname="org.chocosolver.solver.constraints.checker.fmk.Test_Bools_Sets" time="7.865"/>
  <testcase name="setSubSet" classname="org.chocosolver.solver.constraints.checker.fmk.Test_Bools_Sets" time="0.002"/>
  <testcase name="setSubSet" classname="org.chocosolver.solver.constraints.checker.fmk.Test_Bools_Sets" time="0.003"/>
  <testcase name="setSubSet" classname="org.chocosolver.solver.constraints.checker.fmk.Test_Bools_Sets" time="0.02"/>
  <testcase name="setSubSet" classname="org.chocosolver.solver.constraints.checker.fmk.Test_Bools_Sets" time="0.301"/>
  <testcase name="setSubSet" classname="org.chocosolver.solver.constraints.checker.fmk.Test_Bools_Sets" time="7.835"/>
  <testcase name="setSubSet" classname="org.chocosolver.solver.constraints.checker.fmk.Test_Bools_Sets" time="0.001"/>
  <testcase name="setSubSet" classname="org.chocosolver.solver.constraints.checker.fmk.Test_Bools_Sets" time="0.004"/>
  <testcase name="setSubSet" classname="org.chocosolver.solver.constraints.checker.fmk.Test_Bools_Sets" time="0.018"/>
  <testcase name="setSubSet" classname="org.chocosolver.solver.constraints.checker.fmk.Test_Bools_Sets" time="0.322"/>
  <testcase name="setSubSet" classname="org.chocosolver.solver.constraints.checker.fmk.Test_Bools_Sets" time="7.835"/>
  <testcase name="setSubSet" classname="org.chocosolver.solver.constraints.checker.fmk.Test_Bools_Sets" time="0.001"/>
  <testcase name="setSubSet" classname="org.chocosolver.solver.constraints.checker.fmk.Test_Bools_Sets" time="0.006"/>
  <testcase name="setSubSet" classname="org.chocosolver.solver.constraints.checker.fmk.Test_Bools_Sets" time="0.024"/>
  <testcase name="setSubSet" classname="org.chocosolver.solver.constraints.checker.fmk.Test_Bools_Sets" time="0.291"/>
  <testcase name="setSubSet" classname="org.chocosolver.solver.constraints.checker.fmk.Test_Bools_Sets" time="7.722"/>
  <testcase name="setSubSet" classname="org.chocosolver.solver.constraints.checker.fmk.Test_Bools_Sets" time="0.002"/>
  <testcase name="setSubSet" classname="org.chocosolver.solver.constraints.checker.fmk.Test_Bools_Sets" time="0.004"/>
  <testcase name="setSubSet" classname="org.chocosolver.solver.constraints.checker.fmk.Test_Bools_Sets" time="0.025"/>
  <testcase name="setSubSet" classname="org.chocosolver.solver.constraints.checker.fmk.Test_Bools_Sets" time="0.396"/>
  <testcase name="setSubSet" classname="org.chocosolver.solver.constraints.checker.fmk.Test_Bools_Sets" time="7.475"/>
  <testcase name="setSubSet" classname="org.chocosolver.solver.constraints.checker.fmk.Test_Bools_Sets" time="0.002"/>
  <testcase name="setSubSet" classname="org.chocosolver.solver.constraints.checker.fmk.Test_Bools_Sets" time="0.003"/>
  <testcase name="setSubSet" classname="org.chocosolver.solver.constraints.checker.fmk.Test_Bools_Sets" time="0.022"/>
  <testcase name="setSubSet" classname="org.chocosolver.solver.constraints.checker.fmk.Test_Bools_Sets" time="0.293"/>
  <testcase name="setSubSet" classname="org.chocosolver.solver.constraints.checker.fmk.Test_Bools_Sets" time="7.621"/>
  <testcase name="setSubSet" classname="org.chocosolver.solver.constraints.checker.fmk.Test_Bools_Sets" time="0.001"/>
  <testcase name="setSubSet" classname="org.chocosolver.solver.constraints.checker.fmk.Test_Bools_Sets" time="0.002"/>
  <testcase name="setSubSet" classname="org.chocosolver.solver.constraints.checker.fmk.Test_Bools_Sets" time="0.017"/>
  <testcase name="setSubSet" classname="org.chocosolver.solver.constraints.checker.fmk.Test_Bools_Sets" time="0.3"/>
  <testcase name="setSubSet" classname="org.chocosolver.solver.constraints.checker.fmk.Test_Bools_Sets" time="7.956"/>
  <testcase name="setSubSet" classname="org.chocosolver.solver.constraints.checker.fmk.Test_Bools_Sets" time="0.001"/>
  <testcase name="setSubSet" classname="org.chocosolver.solver.constraints.checker.fmk.Test_Bools_Sets" time="0.004"/>
  <testcase name="setSubSet" classname="org.chocosolver.solver.constraints.checker.fmk.Test_Bools_Sets" time="0.025"/>
  <testcase name="setSubSet" classname="org.chocosolver.solver.constraints.checker.fmk.Test_Bools_Sets" time="0.289"/>
  <testcase name="setSubSet" classname="org.chocosolver.solver.constraints.checker.fmk.Test_Bools_Sets" time="7.294"/>
  <testcase name="setUnion" classname="org.chocosolver.solver.constraints.checker.fmk.Test_Bools_Sets" time="0.008"/>
  <testcase name="setUnion" classname="org.chocosolver.solver.constraints.checker.fmk.Test_Bools_Sets" time="0.006"/>
  <testcase name="setUnion" classname="org.chocosolver.solver.constraints.checker.fmk.Test_Bools_Sets" time="0.018"/>
  <testcase name="setUnion" classname="org.chocosolver.solver.constraints.checker.fmk.Test_Bools_Sets" time="0.037"/>
  <testcase name="setUnion" classname="org.chocosolver.solver.constraints.checker.fmk.Test_Bools_Sets" time="0.385"/>
  <testcase name="setUnion" classname="org.chocosolver.solver.constraints.checker.fmk.Test_Bools_Sets" time="0.002"/>
  <testcase name="setUnion" classname="org.chocosolver.solver.constraints.checker.fmk.Test_Bools_Sets" time="0.003"/>
  <testcase name="setUnion" classname="org.chocosolver.solver.constraints.checker.fmk.Test_Bools_Sets" time="0.008"/>
  <testcase name="setUnion" classname="org.chocosolver.solver.constraints.checker.fmk.Test_Bools_Sets" time="0.026"/>
  <testcase name="setUnion" classname="org.chocosolver.solver.constraints.checker.fmk.Test_Bools_Sets" time="0.233"/>
  <testcase name="setUnion" classname="org.chocosolver.solver.constraints.checker.fmk.Test_Bools_Sets" time="0.001"/>
  <testcase name="setUnion" classname="org.chocosolver.solver.constraints.checker.fmk.Test_Bools_Sets" time="0.003"/>
  <testcase name="setUnion" classname="org.chocosolver.solver.constraints.checker.fmk.Test_Bools_Sets" time="0.009"/>
  <testcase name="setUnion" classname="org.chocosolver.solver.constraints.checker.fmk.Test_Bools_Sets" time="0.026"/>
  <testcase name="setUnion" classname="org.chocosolver.solver.constraints.checker.fmk.Test_Bools_Sets" time="0.212"/>
  <testcase name="setUnion" classname="org.chocosolver.solver.constraints.checker.fmk.Test_Bools_Sets" time="0.006"/>
  <testcase name="setUnion" classname="org.chocosolver.solver.constraints.checker.fmk.Test_Bools_Sets" time="0.003"/>
  <testcase name="setUnion" classname="org.chocosolver.solver.constraints.checker.fmk.Test_Bools_Sets" time="0.008"/>
  <testcase name="setUnion" classname="org.chocosolver.solver.constraints.checker.fmk.Test_Bools_Sets" time="0.028"/>
  <testcase name="setUnion" classname="org.chocosolver.solver.constraints.checker.fmk.Test_Bools_Sets" time="0.222"/>
  <testcase name="setUnion" classname="org.chocosolver.solver.constraints.checker.fmk.Test_Bools_Sets" time="0.002"/>
  <testcase name="setUnion" classname="org.chocosolver.solver.constraints.checker.fmk.Test_Bools_Sets" time="0.002"/>
  <testcase name="setUnion" classname="org.chocosolver.solver.constraints.checker.fmk.Test_Bools_Sets" time="0.008"/>
  <testcase name="setUnion" classname="org.chocosolver.solver.constraints.checker.fmk.Test_Bools_Sets" time="0.031"/>
  <testcase name="setUnion" classname="org.chocosolver.solver.constraints.checker.fmk.Test_Bools_Sets" time="0.223"/>
  <testcase name="setUnion" classname="org.chocosolver.solver.constraints.checker.fmk.Test_Bools_Sets" time="0.001"/>
  <testcase name="setUnion" classname="org.chocosolver.solver.constraints.checker.fmk.Test_Bools_Sets" time="0.003"/>
  <testcase name="setUnion" classname="org.chocosolver.solver.constraints.checker.fmk.Test_Bools_Sets" time="0.007"/>
  <testcase name="setUnion" classname="org.chocosolver.solver.constraints.checker.fmk.Test_Bools_Sets" time="0.028"/>
  <testcase name="setUnion" classname="org.chocosolver.solver.constraints.checker.fmk.Test_Bools_Sets" time="0.206"/>
  <testcase name="setUnion" classname="org.chocosolver.solver.constraints.checker.fmk.Test_Bools_Sets" time="0.001"/>
  <testcase name="setUnion" classname="org.chocosolver.solver.constraints.checker.fmk.Test_Bools_Sets" time="0.003"/>
  <testcase name="setUnion" classname="org.chocosolver.solver.constraints.checker.fmk.Test_Bools_Sets" time="0.006"/>
  <testcase name="setUnion" classname="org.chocosolver.solver.constraints.checker.fmk.Test_Bools_Sets" time="0.025"/>
  <testcase name="setUnion" classname="org.chocosolver.solver.constraints.checker.fmk.Test_Bools_Sets" time="0.255"/>
  <testcase name="setUnion" classname="org.chocosolver.solver.constraints.checker.fmk.Test_Bools_Sets" time="0.001"/>
  <testcase name="setUnion" classname="org.chocosolver.solver.constraints.checker.fmk.Test_Bools_Sets" time="0.003"/>
  <testcase name="setUnion" classname="org.chocosolver.solver.constraints.checker.fmk.Test_Bools_Sets" time="0.007"/>
  <testcase name="setUnion" classname="org.chocosolver.solver.constraints.checker.fmk.Test_Bools_Sets" time="0.028"/>
  <testcase name="setUnion" classname="org.chocosolver.solver.constraints.checker.fmk.Test_Bools_Sets" time="0.225"/>
  <testcase name="setUnion" classname="org.chocosolver.solver.constraints.checker.fmk.Test_Bools_Sets" time="0.001"/>
  <testcase name="setUnion" classname="org.chocosolver.solver.constraints.checker.fmk.Test_Bools_Sets" time="0.002"/>
  <testcase name="setUnion" classname="org.chocosolver.solver.constraints.checker.fmk.Test_Bools_Sets" time="0.007"/>
  <testcase name="setUnion" classname="org.chocosolver.solver.constraints.checker.fmk.Test_Bools_Sets" time="0.024"/>
  <testcase name="setUnion" classname="org.chocosolver.solver.constraints.checker.fmk.Test_Bools_Sets" time="0.206"/>
  <testcase name="setUnion" classname="org.chocosolver.solver.constraints.checker.fmk.Test_Bools_Sets" time="0.001"/>
  <testcase name="setUnion" classname="org.chocosolver.solver.constraints.checker.fmk.Test_Bools_Sets" time="0.003"/>
  <testcase name="setUnion" classname="org.chocosolver.solver.constraints.checker.fmk.Test_Bools_Sets" time="0.007"/>
  <testcase name="setUnion" classname="org.chocosolver.solver.constraints.checker.fmk.Test_Bools_Sets" time="0.035"/>
  <testcase name="setUnion" classname="org.chocosolver.solver.constraints.checker.fmk.Test_Bools_Sets" time="0.213"/>
  <testcase name="testBOOL_SUM" classname="org.chocosolver.solver.constraints.checker.fmk.Test_Bools_Sets" time="0.003"/>
  <testcase name="testBOOL_SUM" classname="org.chocosolver.solver.constraints.checker.fmk.Test_Bools_Sets" time="0.01"/>
  <testcase name="testBOOL_SUM" classname="org.chocosolver.solver.constraints.checker.fmk.Test_Bools_Sets" time="0.024"/>
  <testcase name="testBOOL_SUM" classname="org.chocosolver.solver.constraints.checker.fmk.Test_Bools_Sets" time="0.016"/>
  <testcase name="testBOOL_SUM" classname="org.chocosolver.solver.constraints.checker.fmk.Test_Bools_Sets" time="0.026"/>
  <testcase name="testBOOL_SUM" classname="org.chocosolver.solver.constraints.checker.fmk.Test_Bools_Sets" time="0.002"/>
  <testcase name="testBOOL_SUM" classname="org.chocosolver.solver.constraints.checker.fmk.Test_Bools_Sets" time="0.005"/>
  <testcase name="testBOOL_SUM" classname="org.chocosolver.solver.constraints.checker.fmk.Test_Bools_Sets" time="0.016"/>
  <testcase name="testBOOL_SUM" classname="org.chocosolver.solver.constraints.checker.fmk.Test_Bools_Sets" time="0.017"/>
  <testcase name="testBOOL_SUM" classname="org.chocosolver.solver.constraints.checker.fmk.Test_Bools_Sets" time="0.025"/>
  <testcase name="testBOOL_SUM" classname="org.chocosolver.solver.constraints.checker.fmk.Test_Bools_Sets" time="0.002"/>
  <testcase name="testBOOL_SUM" classname="org.chocosolver.solver.constraints.checker.fmk.Test_Bools_Sets" time="0.004"/>
  <testcase name="testBOOL_SUM" classname="org.chocosolver.solver.constraints.checker.fmk.Test_Bools_Sets" time="0.018"/>
  <testcase name="testBOOL_SUM" classname="org.chocosolver.solver.constraints.checker.fmk.Test_Bools_Sets" time="0.014"/>
  <testcase name="testBOOL_SUM" classname="org.chocosolver.solver.constraints.checker.fmk.Test_Bools_Sets" time="0.02"/>
  <testcase name="testBOOL_SUM" classname="org.chocosolver.solver.constraints.checker.fmk.Test_Bools_Sets" time="0.003"/>
  <testcase name="testBOOL_SUM" classname="org.chocosolver.solver.constraints.checker.fmk.Test_Bools_Sets" time="0.004"/>
  <testcase name="testBOOL_SUM" classname="org.chocosolver.solver.constraints.checker.fmk.Test_Bools_Sets" time="0.015"/>
  <testcase name="testBOOL_SUM" classname="org.chocosolver.solver.constraints.checker.fmk.Test_Bools_Sets" time="0.008"/>
  <testcase name="testBOOL_SUM" classname="org.chocosolver.solver.constraints.checker.fmk.Test_Bools_Sets" time="0.019"/>
  <testcase name="testBOOL_SUM" classname="org.chocosolver.solver.constraints.checker.fmk.Test_Bools_Sets" time="0.001"/>
  <testcase name="testBOOL_SUM" classname="org.chocosolver.solver.constraints.checker.fmk.Test_Bools_Sets" time="0.003"/>
  <testcase name="testBOOL_SUM" classname="org.chocosolver.solver.constraints.checker.fmk.Test_Bools_Sets" time="0.014"/>
  <testcase name="testBOOL_SUM" classname="org.chocosolver.solver.constraints.checker.fmk.Test_Bools_Sets" time="0.008"/>
  <testcase name="testBOOL_SUM" classname="org.chocosolver.solver.constraints.checker.fmk.Test_Bools_Sets" time="0.015"/>
  <testcase name="testBOOL_SUM" classname="org.chocosolver.solver.constraints.checker.fmk.Test_Bools_Sets" time="0.002"/>
  <testcase name="testBOOL_SUM" classname="org.chocosolver.solver.constraints.checker.fmk.Test_Bools_Sets" time="0.003"/>
  <testcase name="testBOOL_SUM" classname="org.chocosolver.solver.constraints.checker.fmk.Test_Bools_Sets" time="0.015"/>
  <testcase name="testBOOL_SUM" classname="org.chocosolver.solver.constraints.checker.fmk.Test_Bools_Sets" time="0.007"/>
  <testcase name="testBOOL_SUM" classname="org.chocosolver.solver.constraints.checker.fmk.Test_Bools_Sets" time="0.032"/>
  <testcase name="testBOOL_SUM" classname="org.chocosolver.solver.constraints.checker.fmk.Test_Bools_Sets" time="0.001"/>
  <testcase name="testBOOL_SUM" classname="org.chocosolver.solver.constraints.checker.fmk.Test_Bools_Sets" time="0.003"/>
  <testcase name="testBOOL_SUM" classname="org.chocosolver.solver.constraints.checker.fmk.Test_Bools_Sets" time="0.011"/>
  <testcase name="testBOOL_SUM" classname="org.chocosolver.solver.constraints.checker.fmk.Test_Bools_Sets" time="0.014"/>
  <testcase name="testBOOL_SUM" classname="org.chocosolver.solver.constraints.checker.fmk.Test_Bools_Sets" time="0.024"/>
  <testcase name="testBOOL_SUM" classname="org.chocosolver.solver.constraints.checker.fmk.Test_Bools_Sets" time="0.002"/>
  <testcase name="testBOOL_SUM" classname="org.chocosolver.solver.constraints.checker.fmk.Test_Bools_Sets" time="0.003"/>
  <testcase name="testBOOL_SUM" classname="org.chocosolver.solver.constraints.checker.fmk.Test_Bools_Sets" time="0.017"/>
  <testcase name="testBOOL_SUM" classname="org.chocosolver.solver.constraints.checker.fmk.Test_Bools_Sets" time="0.008"/>
  <testcase name="testBOOL_SUM" classname="org.chocosolver.solver.constraints.checker.fmk.Test_Bools_Sets" time="0.009"/>
  <testcase name="testBOOL_SUM" classname="org.chocosolver.solver.constraints.checker.fmk.Test_Bools_Sets" time="0.001"/>
  <testcase name="testBOOL_SUM" classname="org.chocosolver.solver.constraints.checker.fmk.Test_Bools_Sets" time="0.003"/>
  <testcase name="testBOOL_SUM" classname="org.chocosolver.solver.constraints.checker.fmk.Test_Bools_Sets" time="0.01"/>
  <testcase name="testBOOL_SUM" classname="org.chocosolver.solver.constraints.checker.fmk.Test_Bools_Sets" time="0.007"/>
  <testcase name="testBOOL_SUM" classname="org.chocosolver.solver.constraints.checker.fmk.Test_Bools_Sets" time="0.012"/>
  <testcase name="testBOOL_SUM" classname="org.chocosolver.solver.constraints.checker.fmk.Test_Bools_Sets" time="0.001"/>
  <testcase name="testBOOL_SUM" classname="org.chocosolver.solver.constraints.checker.fmk.Test_Bools_Sets" time="0.002"/>
  <testcase name="testBOOL_SUM" classname="org.chocosolver.solver.constraints.checker.fmk.Test_Bools_Sets" time="0.008"/>
  <testcase name="testBOOL_SUM" classname="org.chocosolver.solver.constraints.checker.fmk.Test_Bools_Sets" time="0.007"/>
  <testcase name="testBOOL_SUM" classname="org.chocosolver.solver.constraints.checker.fmk.Test_Bools_Sets" time="0.013"/>
  <testcase name="testJL" classname="org.chocosolver.solver.constraints.ternary.TimesTest" time="0.002"/>
  <testcase name="testJL2" classname="org.chocosolver.solver.constraints.ternary.TimesTest" time="4.423"/>
  <testcase name="testJL3" classname="org.chocosolver.solver.constraints.ternary.TimesTest" time="0.007"/>
  <testcase name="testJL4" classname="org.chocosolver.solver.constraints.ternary.TimesTest" time="0.825"/>
  <testcase name="testJL5" classname="org.chocosolver.solver.constraints.ternary.TimesTest" time="0.325"/>
  <testcase name="testJL6" classname="org.chocosolver.solver.constraints.ternary.TimesTest" time="0"/>
  <testcase name="testJL7" classname="org.chocosolver.solver.constraints.ternary.TimesTest" time="0"/>
  <testcase name="test1" classname="org.chocosolver.solver.constraints.ternary.DistanceGTTest" time="1.528"/>
  <testcase name="memoryCrashTest" classname="org.chocosolver.util.objects.setDataStructures.backtrackable.BitSetTest" time="0.075"/>
  <testcase name="testAddRemoveReturnValue" classname="org.chocosolver.util.objects.setDataStructures.backtrackable.BitSetTest" time="0.001"/>
  <testcase name="testAddRemoveReturnValue" classname="org.chocosolver.util.objects.setDataStructures.backtrackable.BitSetTest" time="0.001"/>
  <testcase name="testNominal" classname="org.chocosolver.util.objects.setDataStructures.backtrackable.BitSetTest" time="0"/>
  <testcase name="testNominal" classname="org.chocosolver.util.objects.setDataStructures.backtrackable.BitSetTest" time="0"/>
  <testcase name="testPopUntilZero" classname="org.chocosolver.util.objects.setDataStructures.backtrackable.BitSetTest" time="0"/>
  <testcase name="testPopUntilZero" classname="org.chocosolver.util.objects.setDataStructures.backtrackable.BitSetTest" time="0"/>
  <testcase name="testRemoveInLoop" classname="org.chocosolver.util.objects.setDataStructures.backtrackable.BitSetTest" time="0.001"/>
  <testcase name="testRemoveInLoop" classname="org.chocosolver.util.objects.setDataStructures.backtrackable.BitSetTest" time="0.001"/>
  <testcase name="testRemoveInLoop" classname="org.chocosolver.util.objects.setDataStructures.backtrackable.BitSetTest" time="0"/>
  <testcase name="testSeveralPushes" classname="org.chocosolver.util.objects.setDataStructures.backtrackable.BitSetTest" time="0.006"/>
  <testcase name="testSeveralPushes" classname="org.chocosolver.util.objects.setDataStructures.backtrackable.BitSetTest" time="0.009"/>
  <testcase name="testTwoPushes" classname="org.chocosolver.util.objects.setDataStructures.backtrackable.BitSetTest" time="0.001"/>
  <testcase name="testTwoPushes" classname="org.chocosolver.util.objects.setDataStructures.backtrackable.BitSetTest" time="0"/>
  <testcase name="testTwoSets" classname="org.chocosolver.util.objects.setDataStructures.backtrackable.BitSetTest" time="0"/>
  <testcase name="testTwoSets" classname="org.chocosolver.util.objects.setDataStructures.backtrackable.BitSetTest" time="0.001"/>
  <testcase name="testVoidPushes" classname="org.chocosolver.util.objects.setDataStructures.backtrackable.BitSetTest" time="0.001"/>
  <testcase name="testVoidPushes" classname="org.chocosolver.util.objects.setDataStructures.backtrackable.BitSetTest" time="0"/>
  <testcase name="testCS71234" classname="org.chocosolver.solver.constraints.nary.CryptoTest" time="0.418"/>
  <testcase name="testCS71234" classname="org.chocosolver.solver.constraints.nary.CryptoTest" time="0.268"/>
  <testcase name="testCS71234" classname="org.chocosolver.solver.constraints.nary.CryptoTest" time="0.557"/>
  <testcase name="testCS71234" classname="org.chocosolver.solver.constraints.nary.CryptoTest" time="0.424"/>
  <testcase name="testCS71234" classname="org.chocosolver.solver.constraints.nary.CryptoTest" time="0.765"/>
  <testcase name="testCS71234" classname="org.chocosolver.solver.constraints.nary.CryptoTest" time="0.71"/>
  <testcase name="testCS71234" classname="org.chocosolver.solver.constraints.nary.CryptoTest" time="0.351"/>
  <testcase name="testCS71234" classname="org.chocosolver.solver.constraints.nary.CryptoTest" time="1.079"/>
  <testcase name="testCS71234" classname="org.chocosolver.solver.constraints.nary.CryptoTest" time="0.327"/>
  <testcase name="test2" classname="org.chocosolver.solver.constraints.ternary.DistanceGTTest" time="0.001"/>
  <testcase name="testAdd" classname="org.chocosolver.util.objects.setDataStructures.nonbacktrackable.IntervalSetTest" time="0.002"/>
  <testcase name="testAddFalse" classname="org.chocosolver.util.objects.setDataStructures.nonbacktrackable.IntervalSetTest" time="0"/>
  <testcase name="testClear" classname="org.chocosolver.util.objects.setDataStructures.nonbacktrackable.IntervalSetTest" time="0.001"/>
  <testcase name="testIterator" classname="org.chocosolver.util.objects.setDataStructures.nonbacktrackable.IntervalSetTest" time="0.001"/>
  <testcase name="testRemove" classname="org.chocosolver.util.objects.setDataStructures.nonbacktrackable.IntervalSetTest" time="0.001"/>
  <testcase name="testSize" classname="org.chocosolver.util.objects.setDataStructures.nonbacktrackable.IntervalSetTest" time="0"/>
  <testcase name="test1" classname="org.chocosolver.solver.constraints.binary.NotEqualX_YCTest" time="0.001"/>
  <testcase name="test2" classname="org.chocosolver.solver.constraints.binary.NotEqualX_YCTest" time="0.001"/>
  <testcase name="test3" classname="org.chocosolver.solver.constraints.binary.NotEqualX_YCTest" time="0.001"/>
  <testcase name="test1" classname="org.chocosolver.solver.constraints.unary.NotMemberTest" time="0.111"/>
  <testcase name="test2" classname="org.chocosolver.solver.constraints.unary.NotMemberTest" time="0.172"/>
  <testcase name="test_alxpgr" classname="org.chocosolver.solver.constraints.unary.NotMemberTest" time="0.001"/>
  <testcase name="testAddAlreadyExists" classname="org.chocosolver.util.objects.setDataStructures.backtrackable.BitSetTest" time="0.001"/>
  <testcase name="testAddMaxValue" classname="org.chocosolver.util.objects.setDataStructures.backtrackable.BitSetTest" time="0"/>
  <testcase name="testAddNegativeKO" classname="org.chocosolver.util.objects.setDataStructures.backtrackable.BitSetTest" time="0.001"/>
  <testcase name="testAddNegativeOK" classname="org.chocosolver.util.objects.setDataStructures.backtrackable.BitSetTest" time="0"/>
  <testcase name="testAddNominal" classname="org.chocosolver.util.objects.setDataStructures.backtrackable.BitSetTest" time="0"/>
  <testcase name="testAddNominal2" classname="org.chocosolver.util.objects.setDataStructures.backtrackable.BitSetTest" time="0.001"/>
  <testcase name="testAddRemoveReturnValueNB" classname="org.chocosolver.util.objects.setDataStructures.backtrackable.BitSetTest" time="0.001"/>
  <testcase name="testClear" classname="org.chocosolver.util.objects.setDataStructures.backtrackable.BitSetTest" time="0.001"/>
  <testcase name="testEmptyMax" classname="org.chocosolver.util.objects.setDataStructures.backtrackable.BitSetTest" time="0.001"/>
  <testcase name="testEmptyMin" classname="org.chocosolver.util.objects.setDataStructures.backtrackable.BitSetTest" time="0.001"/>
  <testcase name="testEquals" classname="org.chocosolver.util.objects.setDataStructures.backtrackable.BitSetTest" time="0"/>
  <testcase name="testIterator" classname="org.chocosolver.util.objects.setDataStructures.backtrackable.BitSetTest" time="0"/>
  <testcase name="testIteratorLength" classname="org.chocosolver.util.objects.setDataStructures.backtrackable.BitSetTest" time="0"/>
  <testcase name="testMinMax" classname="org.chocosolver.util.objects.setDataStructures.backtrackable.BitSetTest" time="0"/>
  <testcase name="testMultipleLoops" classname="org.chocosolver.util.objects.setDataStructures.backtrackable.BitSetTest" time="0"/>
  <testcase name="testNewIterator" classname="org.chocosolver.util.objects.setDataStructures.backtrackable.BitSetTest" time="0"/>
  <testcase name="testReadOnlySet" classname="org.chocosolver.util.objects.setDataStructures.backtrackable.BitSetTest" time="0.001"/>
  <testcase name="testRemove" classname="org.chocosolver.util.objects.setDataStructures.backtrackable.BitSetTest" time="0.001"/>
  <testcase name="testPropagate" classname="org.chocosolver.solver.variables.impl.SetVarImplTest" time="0.014"/>
  <testcase name="testPropagate2" classname="org.chocosolver.solver.variables.impl.SetVarImplTest" time="0.001"/>
  <testcase name="testSetVarInstantiated" classname="org.chocosolver.solver.variables.impl.SetVarImplTest" time="0.003"/>
  <testcase name="testSetVarInstantiated2" classname="org.chocosolver.solver.variables.impl.SetVarImplTest" time="0.001"/>
  <testcase name="testStructures" classname="org.chocosolver.solver.variables.impl.SetVarImplTest" time="0.031"/>
  <testcase name="test1" classname="org.chocosolver.solver.constraints.ternary.DistanceLETest" time="0.399"/>
  <testcase name="memoryCrashTest" classname="org.chocosolver.util.objects.setDataStructures.backtrackable.SmallBipartiteTest" time="20.573"/>
  <testcase name="testAddRemoveReturnValue" classname="org.chocosolver.util.objects.setDataStructures.backtrackable.SmallBipartiteTest" time="0.001"/>
  <testcase name="testAddRemoveReturnValue" classname="org.chocosolver.util.objects.setDataStructures.backtrackable.SmallBipartiteTest" time="0"/>
  <testcase name="testNominal" classname="org.chocosolver.util.objects.setDataStructures.backtrackable.SmallBipartiteTest" time="0"/>
  <testcase name="testNominal" classname="org.chocosolver.util.objects.setDataStructures.backtrackable.SmallBipartiteTest" time="0.001"/>
  <testcase name="testPopUntilZero" classname="org.chocosolver.util.objects.setDataStructures.backtrackable.SmallBipartiteTest" time="0.001"/>
  <testcase name="testPopUntilZero" classname="org.chocosolver.util.objects.setDataStructures.backtrackable.SmallBipartiteTest" time="0"/>
  <testcase name="testRemoveInLoop" classname="org.chocosolver.util.objects.setDataStructures.backtrackable.SmallBipartiteTest" time="0"/>
  <testcase name="testRemoveInLoop" classname="org.chocosolver.util.objects.setDataStructures.backtrackable.SmallBipartiteTest" time="0"/>
  <testcase name="testRemoveInLoop" classname="org.chocosolver.util.objects.setDataStructures.backtrackable.SmallBipartiteTest" time="0"/>
  <testcase name="testSeveralPushes" classname="org.chocosolver.util.objects.setDataStructures.backtrackable.SmallBipartiteTest" time="0.07"/>
  <testcase name="testSeveralPushes" classname="org.chocosolver.util.objects.setDataStructures.backtrackable.SmallBipartiteTest" time="0.111"/>
  <testcase name="testTwoPushes" classname="org.chocosolver.util.objects.setDataStructures.backtrackable.SmallBipartiteTest" time="0.001"/>
  <testcase name="testTwoPushes" classname="org.chocosolver.util.objects.setDataStructures.backtrackable.SmallBipartiteTest" time="0.001"/>
  <testcase name="testTwoSets" classname="org.chocosolver.util.objects.setDataStructures.backtrackable.SmallBipartiteTest" time="0"/>
  <testcase name="testTwoSets" classname="org.chocosolver.util.objects.setDataStructures.backtrackable.SmallBipartiteTest" time="0"/>
  <testcase name="testVoidPushes" classname="org.chocosolver.util.objects.setDataStructures.backtrackable.SmallBipartiteTest" time="0.001"/>
  <testcase name="testVoidPushes" classname="org.chocosolver.util.objects.setDataStructures.backtrackable.SmallBipartiteTest" time="0"/>
  <testcase name="test0" classname="org.chocosolver.solver.constraints.nary.BoundGlobalCardinalityTest" time="0.001"/>
  <testcase name="testRandom" classname="org.chocosolver.solver.constraints.nary.BoundGlobalCardinalityTest" time="3.103"/>
  <testcase name="testRandom2" classname="org.chocosolver.solver.constraints.nary.BoundGlobalCardinalityTest" time="2.703"/>
  <testcase name="test2" classname="org.chocosolver.solver.constraints.ternary.DistanceLETest" time="0.001"/>
  <testcase name="test1" classname="org.chocosolver.solver.constraints.binary.DistanceTest" time="0.047"/>
  <testcase name="test2" classname="org.chocosolver.solver.constraints.binary.DistanceTest" time="0.112"/>
  <testcase name="test3" classname="org.chocosolver.solver.constraints.binary.DistanceTest" time="0.005"/>
  <testcase name="removeAllValuesButCoverBound" classname="org.chocosolver.solver.variables.impl.BoundedIntVarTest" time="0.002"/>
  <testcase name="removeAllValuesButWrongDomain" classname="org.chocosolver.solver.variables.impl.BoundedIntVarTest" time="0.002"/>
  <testcase name="testRemoveAllValuesButCoverDomain" classname="org.chocosolver.solver.variables.impl.BoundedIntVarTest" time="0.002"/>
  <testcase name="testRemoveIntervalCoverBound" classname="org.chocosolver.solver.variables.impl.BoundedIntVarTest" time="0.004"/>
  <testcase name="testRemoveIntervalCoverDomain" classname="org.chocosolver.solver.variables.impl.BoundedIntVarTest" time="0.001"/>
  <testcase name="testRemoveIntervalEmptyDomain" classname="org.chocosolver.solver.variables.impl.BoundedIntVarTest" time="0.001"/>
  <testcase name="testRemoveIntervalOK" classname="org.chocosolver.solver.variables.impl.BoundedIntVarTest" time="0.001"/>
  <testcase name="testRemoveIntervalWrongDomain" classname="org.chocosolver.solver.variables.impl.BoundedIntVarTest" time="0.001"/>
  <testcase name="testRemoveValueEmptyDomain" classname="org.chocosolver.solver.variables.impl.BoundedIntVarTest" time="0.001"/>
  <testcase name="testRemoveValueOK" classname="org.chocosolver.solver.variables.impl.BoundedIntVarTest" time="0.001"/>
  <testcase name="testRemoveValueWrongDomain" classname="org.chocosolver.solver.variables.impl.BoundedIntVarTest" time="0"/>
  <testcase name="testRemoveValuesButOK" classname="org.chocosolver.solver.variables.impl.BoundedIntVarTest" time="0.001"/>
  <testcase name="testRemoveValuesCoverBound" classname="org.chocosolver.solver.variables.impl.BoundedIntVarTest" time="0.001"/>
  <testcase name="testRemoveValuesEmptyDomain" classname="org.chocosolver.solver.variables.impl.BoundedIntVarTest" time="0.001"/>
  <testcase name="testRemoveValuesOK" classname="org.chocosolver.solver.variables.impl.BoundedIntVarTest" time="0.001"/>
  <testcase name="testRemoveValuesTwoSides" classname="org.chocosolver.solver.variables.impl.BoundedIntVarTest" time="0.001"/>
  <testcase name="testRemoveValuesWrongDomain" classname="org.chocosolver.solver.variables.impl.BoundedIntVarTest" time="0.001"/>
  <testcase name="test1" classname="org.chocosolver.solver.constraints.unary.MemberTest" time="0.067"/>
  <testcase name="test2" classname="org.chocosolver.solver.constraints.unary.MemberTest" time="0.121"/>
  <testcase name="test_alxpgr" classname="org.chocosolver.solver.constraints.unary.MemberTest" time="0.001"/>
  <testcase name="testAddAlreadyExists" classname="org.chocosolver.util.objects.setDataStructures.backtrackable.SmallBipartiteTest" time="0"/>
  <testcase name="testAddAlreadyExists" classname="org.chocosolver.util.objects.setDataStructures.nonbacktrackable.SmallBipartiteTest" time="0"/>
  <testcase name="testAddMaxValue" classname="org.chocosolver.util.objects.setDataStructures.backtrackable.SmallBipartiteTest" time="0"/>
  <testcase name="testAddMaxValue" classname="org.chocosolver.util.objects.setDataStructures.nonbacktrackable.SmallBipartiteTest" time="0"/>
  <testcase name="testAddNegativeOK" classname="org.chocosolver.util.objects.setDataStructures.backtrackable.SmallBipartiteTest" time="0"/>
  <testcase name="testAddNegativeOK" classname="org.chocosolver.util.objects.setDataStructures.nonbacktrackable.SmallBipartiteTest" time="0"/>
  <testcase name="testAddNominal" classname="org.chocosolver.util.objects.setDataStructures.backtrackable.SmallBipartiteTest" time="0.001"/>
  <testcase name="testAddNominal" classname="org.chocosolver.util.objects.setDataStructures.nonbacktrackable.SmallBipartiteTest" time="0.001"/>
  <testcase name="testAddNominal2" classname="org.chocosolver.util.objects.setDataStructures.backtrackable.SmallBipartiteTest" time="0.001"/>
  <testcase name="testAddNominal2" classname="org.chocosolver.util.objects.setDataStructures.nonbacktrackable.SmallBipartiteTest" time="0"/>
  <testcase name="testAddRemoveReturnValueNB" classname="org.chocosolver.util.objects.setDataStructures.backtrackable.SmallBipartiteTest" time="0.004"/>
  <testcase name="testAddRemoveReturnValueNB" classname="org.chocosolver.util.objects.setDataStructures.nonbacktrackable.SmallBipartiteTest" time="0.001"/>
  <testcase name="testClear" classname="org.chocosolver.util.objects.setDataStructures.backtrackable.SmallBipartiteTest" time="0.002"/>
  <testcase name="testClear" classname="org.chocosolver.util.objects.setDataStructures.nonbacktrackable.SmallBipartiteTest" time="0.001"/>
  <testcase name="testEmptyMax" classname="org.chocosolver.util.objects.setDataStructures.backtrackable.SmallBipartiteTest" time="0.014"/>
  <testcase name="testEmptyMax" classname="org.chocosolver.util.objects.setDataStructures.nonbacktrackable.SmallBipartiteTest" time="0.003"/>
  <testcase name="testEmptyMin" classname="org.chocosolver.util.objects.setDataStructures.backtrackable.SmallBipartiteTest" time="0.001"/>
  <testcase name="testEmptyMin" classname="org.chocosolver.util.objects.setDataStructures.nonbacktrackable.SmallBipartiteTest" time="0.001"/>
  <testcase name="testEquals" classname="org.chocosolver.util.objects.setDataStructures.backtrackable.SmallBipartiteTest" time="0.001"/>
  <testcase name="testEquals" classname="org.chocosolver.util.objects.setDataStructures.nonbacktrackable.SmallBipartiteTest" time="0.001"/>
  <testcase name="testIterator" classname="org.chocosolver.util.objects.setDataStructures.backtrackable.SmallBipartiteTest" time="0.007"/>
  <testcase name="testIterator" classname="org.chocosolver.util.objects.setDataStructures.nonbacktrackable.SmallBipartiteTest" time="0"/>
  <testcase name="testIteratorLength" classname="org.chocosolver.util.objects.setDataStructures.backtrackable.SmallBipartiteTest" time="0.001"/>
  <testcase name="testIteratorLength" classname="org.chocosolver.util.objects.setDataStructures.nonbacktrackable.SmallBipartiteTest" time="0.001"/>
  <testcase name="testMinMax" classname="org.chocosolver.util.objects.setDataStructures.backtrackable.SmallBipartiteTest" time="0.001"/>
  <testcase name="testMinMax" classname="org.chocosolver.util.objects.setDataStructures.nonbacktrackable.SmallBipartiteTest" time="0"/>
  <testcase name="testMultipleLoops" classname="org.chocosolver.util.objects.setDataStructures.backtrackable.SmallBipartiteTest" time="0.001"/>
  <testcase name="testMultipleLoops" classname="org.chocosolver.util.objects.setDataStructures.nonbacktrackable.SmallBipartiteTest" time="0.001"/>
  <testcase name="testNewIterator" classname="org.chocosolver.util.objects.setDataStructures.backtrackable.SmallBipartiteTest" time="0"/>
  <testcase name="testNewIterator" classname="org.chocosolver.util.objects.setDataStructures.nonbacktrackable.SmallBipartiteTest" time="0.001"/>
  <testcase name="testReadOnlySet" classname="org.chocosolver.util.objects.setDataStructures.backtrackable.SmallBipartiteTest" time="0.001"/>
  <testcase name="testReadOnlySet" classname="org.chocosolver.util.objects.setDataStructures.nonbacktrackable.SmallBipartiteTest" time="0"/>
  <testcase name="testRemove" classname="org.chocosolver.util.objects.setDataStructures.backtrackable.SmallBipartiteTest" time="0.001"/>
  <testcase name="testRemove" classname="org.chocosolver.util.objects.setDataStructures.nonbacktrackable.SmallBipartiteTest" time="0"/>
  <testcase name="testRemoveInLoop" classname="org.chocosolver.util.objects.setDataStructures.nonbacktrackable.SmallBipartiteTest" time="0"/>
  <testcase name="testAddNegativeKO" classname="org.chocosolver.util.objects.setDataStructures.backtrackable.SmallBipartiteTest" time="0.004"/>
  <testcase name="testAddNegativeKO" classname="org.chocosolver.util.objects.setDataStructures.nonbacktrackable.SmallBipartiteTest" time="0.001"/>
  <testcase name="testMaxSpan" classname="org.chocosolver.util.objects.setDataStructures.nonbacktrackable.SmallBipartiteTest" time="0"/>
  <testcase name="test1" classname="org.chocosolver.solver.constraints.ternary.DivTest" time="0.779"/>
  <testcase name="testJL" classname="org.chocosolver.solver.constraints.ternary.DivTest" time="0.003"/>
  <testcase name="testJL2" classname="org.chocosolver.solver.constraints.ternary.DivTest" time="9.047"/>
  <testcase name="testTP1" classname="org.chocosolver.solver.constraints.ternary.DivTest" time="0.001"/>
  <testcase name="test1" classname="org.chocosolver.solver.constraints.binary.ElementTest" time="0.001"/>
  <testcase name="test1" classname="org.chocosolver.solver.constraints.binary.ElementTest" time="0.001"/>
  <testcase name="test2" classname="org.chocosolver.solver.constraints.binary.ElementTest" time="0"/>
  <testcase name="test2" classname="org.chocosolver.solver.constraints.binary.ElementTest" time="0.001"/>
  <testcase name="test3" classname="org.chocosolver.solver.constraints.binary.ElementTest" time="0.004"/>
  <testcase name="test3" classname="org.chocosolver.solver.constraints.binary.ElementTest" time="0.003"/>
  <testcase name="test4" classname="org.chocosolver.solver.constraints.binary.ElementTest" time="0"/>
  <testcase name="test4" classname="org.chocosolver.solver.constraints.binary.ElementTest" time="0"/>
  <testcase name="test5" classname="org.chocosolver.solver.constraints.binary.ElementTest" time="0.002"/>
  <testcase name="test5" classname="org.chocosolver.solver.constraints.binary.ElementTest" time="0.001"/>
  <testcase name="testBUG" classname="org.chocosolver.solver.constraints.binary.ElementTest" time="0.005"/>
  <testcase name="testBUG" classname="org.chocosolver.solver.constraints.binary.ElementTest" time="0.003"/>
  <testcase name="testDec1" classname="org.chocosolver.solver.constraints.binary.ElementTest" time="0.001"/>
  <testcase name="testDec1" classname="org.chocosolver.solver.constraints.binary.ElementTest" time="0.002"/>
  <testcase name="testInc1" classname="org.chocosolver.solver.constraints.binary.ElementTest" time="0.003"/>
  <testcase name="testInc1" classname="org.chocosolver.solver.constraints.binary.ElementTest" time="0.002"/>
  <testcase name="testMemberReasoning" classname="org.chocosolver.solver.constraints.binary.ElementTest" time="0.001"/>
  <testcase name="testModelOrFull" classname="org.chocosolver.solver.constraints.binary.ElementTest" time="0.001"/>
  <testcase name="testModelOrFull" classname="org.chocosolver.solver.constraints.binary.ElementTest" time="0.001"/>
  <testcase name="testModelOrMin" classname="org.chocosolver.solver.constraints.binary.ElementTest" time="0.001"/>
  <testcase name="testModelOrMin" classname="org.chocosolver.solver.constraints.binary.ElementTest" time="0.001"/>
  <testcase name="testNeg" classname="org.chocosolver.solver.constraints.binary.ElementTest" time="0.009"/>
  <testcase name="testNeg" classname="org.chocosolver.solver.constraints.binary.ElementTest" time="0.004"/>
  <testcase name="testProp1" classname="org.chocosolver.solver.constraints.binary.ElementTest" time="0"/>
  <testcase name="testProp2" classname="org.chocosolver.solver.constraints.binary.ElementTest" time="0.001"/>
  <testcase name="testProp3" classname="org.chocosolver.solver.constraints.binary.ElementTest" time="0.001"/>
  <testcase name="testProp4" classname="org.chocosolver.solver.constraints.binary.ElementTest" time="0"/>
  <testcase name="testProp5" classname="org.chocosolver.solver.constraints.binary.ElementTest" time="0"/>
  <testcase name="testProp6" classname="org.chocosolver.solver.constraints.binary.ElementTest" time="0.001"/>
  <testcase name="testProp7" classname="org.chocosolver.solver.constraints.binary.ElementTest" time="0.001"/>
  <testcase name="testProp8" classname="org.chocosolver.solver.constraints.binary.ElementTest" time="0.003"/>
  <testcase name="testReg1" classname="org.chocosolver.solver.constraints.binary.ElementTest" time="0.009"/>
  <testcase name="testReg1" classname="org.chocosolver.solver.constraints.binary.ElementTest" time="0.005"/>
  <testcase name="testTAR1" classname="org.chocosolver.solver.constraints.binary.ElementTest" time="0.003"/>
  <testcase name="testTAR1" classname="org.chocosolver.solver.constraints.binary.ElementTest" time="0.002"/>
  <testcase name="removeAllValuesButCoverBound" classname="org.chocosolver.solver.variables.impl.IntVarMinusViewTest" time="0"/>
  <testcase name="removeAllValuesButWrongDomain" classname="org.chocosolver.solver.variables.impl.IntVarMinusViewTest" time="0.001"/>
  <testcase name="testRemoveAllValuesButCoverDomain" classname="org.chocosolver.solver.variables.impl.IntVarMinusViewTest" time="0.001"/>
  <testcase name="testRemoveIntervalCoverBound" classname="org.chocosolver.solver.variables.impl.IntVarMinusViewTest" time="0"/>
  <testcase name="testRemoveIntervalCoverDomain" classname="org.chocosolver.solver.variables.impl.IntVarMinusViewTest" time="0.001"/>
  <testcase name="testRemoveIntervalEmptyDomain" classname="org.chocosolver.solver.variables.impl.IntVarMinusViewTest" time="0.001"/>
  <testcase name="testRemoveIntervalOK" classname="org.chocosolver.solver.variables.impl.IntVarMinusViewTest" time="0"/>
  <testcase name="testRemoveIntervalWrongDomain" classname="org.chocosolver.solver.variables.impl.IntVarMinusViewTest" time="0"/>
  <testcase name="testRemoveValueEmptyDomain" classname="org.chocosolver.solver.variables.impl.IntVarMinusViewTest" time="0"/>
  <testcase name="testRemoveValueOK" classname="org.chocosolver.solver.variables.impl.IntVarMinusViewTest" time="0"/>
  <testcase name="testRemoveValueWrongDomain" classname="org.chocosolver.solver.variables.impl.IntVarMinusViewTest" time="0"/>
  <testcase name="testRemoveValuesButOK" classname="org.chocosolver.solver.variables.impl.IntVarMinusViewTest" time="0.001"/>
  <testcase name="testRemoveValuesCoverBound" classname="org.chocosolver.solver.variables.impl.IntVarMinusViewTest" time="0.001"/>
  <testcase name="testRemoveValuesEmptyDomain" classname="org.chocosolver.solver.variables.impl.IntVarMinusViewTest" time="0.001"/>
  <testcase name="testRemoveValuesOK" classname="org.chocosolver.solver.variables.impl.IntVarMinusViewTest" time="0"/>
  <testcase name="testRemoveValuesTwoSides" classname="org.chocosolver.solver.variables.impl.IntVarMinusViewTest" time="0"/>
  <testcase name="testRemoveValuesWrongDomain" classname="org.chocosolver.solver.variables.impl.IntVarMinusViewTest" time="0.001"/>
  <testcase name="lexChainTest1" classname="org.chocosolver.solver.constraints.nary.LexChainTest" time="3.853"/>
  <testcase name="testB" classname="org.chocosolver.solver.constraints.nary.LexChainTest" time="2.228"/>
  <testcase name="testB1" classname="org.chocosolver.solver.constraints.nary.LexChainTest" time="0.002"/>
  <testcase name="testB2" classname="org.chocosolver.solver.constraints.nary.LexChainTest" time="0"/>
  <testcase name="testE" classname="org.chocosolver.solver.constraints.nary.LexChainTest" time="2.079"/>
  <testcase name="testAddAlreadyExists" classname="org.chocosolver.util.objects.setDataStructures.backtrackable.SortedBitSetTest" time="0"/>
  <testcase name="testAddAlreadyExists" classname="org.chocosolver.util.objects.setDataStructures.nonbacktrackable.BitSetTest" time="0.001"/>
  <testcase name="testAddMaxValue" classname="org.chocosolver.util.objects.setDataStructures.backtrackable.SortedBitSetTest" time="0"/>
  <testcase name="testAddMaxValue" classname="org.chocosolver.util.objects.setDataStructures.nonbacktrackable.BitSetTest" time="0"/>
  <testcase name="testAddNegativeKO" classname="org.chocosolver.util.objects.setDataStructures.backtrackable.SortedBitSetTest" time="0.001"/>
  <testcase name="testAddNegativeKO" classname="org.chocosolver.util.objects.setDataStructures.nonbacktrackable.BitSetTest" time="0.001"/>
  <testcase name="testAddNegativeOK" classname="org.chocosolver.util.objects.setDataStructures.backtrackable.SortedBitSetTest" time="0"/>
  <testcase name="testAddNegativeOK" classname="org.chocosolver.util.objects.setDataStructures.nonbacktrackable.BitSetTest" time="0.001"/>
  <testcase name="testAddNominal" classname="org.chocosolver.util.objects.setDataStructures.backtrackable.SortedBitSetTest" time="0"/>
  <testcase name="testAddNominal" classname="org.chocosolver.util.objects.setDataStructures.nonbacktrackable.BitSetTest" time="0"/>
  <testcase name="testAddNominal2" classname="org.chocosolver.util.objects.setDataStructures.backtrackable.SortedBitSetTest" time="0"/>
  <testcase name="testAddNominal2" classname="org.chocosolver.util.objects.setDataStructures.nonbacktrackable.BitSetTest" time="0"/>
  <testcase name="testAddRemoveReturnValueNB" classname="org.chocosolver.util.objects.setDataStructures.backtrackable.SortedBitSetTest" time="0"/>
  <testcase name="testAddRemoveReturnValueNB" classname="org.chocosolver.util.objects.setDataStructures.nonbacktrackable.BitSetTest" time="0"/>
  <testcase name="testClear" classname="org.chocosolver.util.objects.setDataStructures.backtrackable.SortedBitSetTest" time="0.001"/>
  <testcase name="testClear" classname="org.chocosolver.util.objects.setDataStructures.nonbacktrackable.BitSetTest" time="0"/>
  <testcase name="testEmptyMax" classname="org.chocosolver.util.objects.setDataStructures.backtrackable.SortedBitSetTest" time="0.001"/>
  <testcase name="testEmptyMax" classname="org.chocosolver.util.objects.setDataStructures.nonbacktrackable.BitSetTest" time="0.001"/>
  <testcase name="testEmptyMin" classname="org.chocosolver.util.objects.setDataStructures.backtrackable.SortedBitSetTest" time="0.001"/>
  <testcase name="testEmptyMin" classname="org.chocosolver.util.objects.setDataStructures.nonbacktrackable.BitSetTest" time="0"/>
  <testcase name="testEquals" classname="org.chocosolver.util.objects.setDataStructures.backtrackable.SortedBitSetTest" time="0.001"/>
  <testcase name="testEquals" classname="org.chocosolver.util.objects.setDataStructures.nonbacktrackable.BitSetTest" time="0"/>
  <testcase name="testIterator" classname="org.chocosolver.util.objects.setDataStructures.backtrackable.SortedBitSetTest" time="0"/>
  <testcase name="testIterator" classname="org.chocosolver.util.objects.setDataStructures.nonbacktrackable.BitSetTest" time="0"/>
  <testcase name="testIteratorLength" classname="org.chocosolver.util.objects.setDataStructures.backtrackable.SortedBitSetTest" time="0"/>
  <testcase name="testIteratorLength" classname="org.chocosolver.util.objects.setDataStructures.nonbacktrackable.BitSetTest" time="0.001"/>
  <testcase name="testMinMax" classname="org.chocosolver.util.objects.setDataStructures.backtrackable.SortedBitSetTest" time="0"/>
  <testcase name="testMinMax" classname="org.chocosolver.util.objects.setDataStructures.nonbacktrackable.BitSetTest" time="0"/>
  <testcase name="testMultipleLoops" classname="org.chocosolver.util.objects.setDataStructures.backtrackable.SortedBitSetTest" time="0.001"/>
  <testcase name="testMultipleLoops" classname="org.chocosolver.util.objects.setDataStructures.nonbacktrackable.BitSetTest" time="0"/>
  <testcase name="testNewIterator" classname="org.chocosolver.util.objects.setDataStructures.backtrackable.SortedBitSetTest" time="0.001"/>
  <testcase name="testNewIterator" classname="org.chocosolver.util.objects.setDataStructures.nonbacktrackable.BitSetTest" time="0"/>
  <testcase name="testReadOnlySet" classname="org.chocosolver.util.objects.setDataStructures.backtrackable.SortedBitSetTest" time="0.001"/>
  <testcase name="testReadOnlySet" classname="org.chocosolver.util.objects.setDataStructures.nonbacktrackable.BitSetTest" time="0"/>
  <testcase name="testRemove" classname="org.chocosolver.util.objects.setDataStructures.backtrackable.SortedBitSetTest" time="0"/>
  <testcase name="testRemove" classname="org.chocosolver.util.objects.setDataStructures.nonbacktrackable.BitSetTest" time="0"/>
  <testcase name="testRemoveInLoop" classname="org.chocosolver.util.objects.setDataStructures.backtrackable.SortedBitSetTest" time="0"/>
  <testcase name="testRemoveInLoop" classname="org.chocosolver.util.objects.setDataStructures.nonbacktrackable.BitSetTest" time="0.001"/>
  <testcase name="test1" classname="org.chocosolver.solver.constraints.nary.TableTest" time="0.004"/>
  <testcase name="test329" classname="org.chocosolver.solver.constraints.nary.TableTest" time="0.014"/>
  <testcase name="testAllDifferent" classname="org.chocosolver.solver.constraints.nary.TableTest" time="12.426"/>
  <testcase name="testAllEquals" classname="org.chocosolver.solver.constraints.nary.TableTest" time="12.031"/>
  <testcase name="testJuha1" classname="org.chocosolver.solver.constraints.nary.TableTest" time="0.005"/>
  <testcase name="testJuha2" classname="org.chocosolver.solver.constraints.nary.TableTest" time="0.008"/>
  <testcase name="testMDD1" classname="org.chocosolver.solver.constraints.nary.TableTest" time="0.001"/>
  <testcase name="testMDD2" classname="org.chocosolver.solver.constraints.nary.TableTest" time="0.001"/>
  <testcase name="testPDav" classname="org.chocosolver.solver.constraints.nary.TableTest" time="0.004"/>
  <testcase name="testPosFalse" classname="org.chocosolver.solver.constraints.nary.TableTest" time="0.002"/>
  <testcase name="testPosFalse2" classname="org.chocosolver.solver.constraints.nary.TableTest" time="0.002"/>
  <testcase name="testPosTrue" classname="org.chocosolver.solver.constraints.nary.TableTest" time="0.002"/>
  <testcase name="testPosUndef" classname="org.chocosolver.solver.constraints.nary.TableTest" time="0.001"/>
  <testcase name="testRandom" classname="org.chocosolver.solver.constraints.nary.TableTest" time="7.277"/>
  <testcase name="testST1" classname="org.chocosolver.solver.constraints.nary.TableTest" time="0.004"/>
  <testcase name="testST2" classname="org.chocosolver.solver.constraints.nary.TableTest" time="0.014"/>
  <testcase name="testThierry1" classname="org.chocosolver.solver.constraints.nary.TableTest" time="0.014"/>
  <testcase name="testTuples" classname="org.chocosolver.solver.constraints.nary.TableTest" time="0.004"/>
  <testcase name="testTuplesLargeTable1" classname="org.chocosolver.solver.constraints.nary.TableTest" time="0.001"/>
  <testcase name="testTuplesLargeTable2" classname="org.chocosolver.solver.constraints.nary.TableTest" time="0"/>
  <testcase name="testTuplesTable1" classname="org.chocosolver.solver.constraints.nary.TableTest" time="0.001"/>
  <testcase name="testTuplesTable2" classname="org.chocosolver.solver.constraints.nary.TableTest" time="0"/>
  <testcase name="testTuplesVeryLargeTable1" classname="org.chocosolver.solver.constraints.nary.TableTest" time="0"/>
  <testcase name="testTuplesVeryLargeTable2" classname="org.chocosolver.solver.constraints.nary.TableTest" time="0.001"/>
  <testcase name="testtpetit" classname="org.chocosolver.solver.constraints.nary.TableTest" time="0.017"/>
  <testcase name="test1" classname="org.chocosolver.solver.constraints.binary.DistanceLTTest" time="0.429"/>
  <testcase name="test1" classname="org.chocosolver.solver.constraints.binary.DistanceLTTest" time="0.308"/>
  <testcase name="test1" classname="org.chocosolver.solver.constraints.ternary.ModTest" time="0.884"/>
  <testcase name="memoryCrashTest" classname="org.chocosolver.util.objects.setDataStructures.backtrackable.BipartiteSetTest" time="0.036"/>
  <testcase name="testAddRemoveReturnValue" classname="org.chocosolver.util.objects.setDataStructures.backtrackable.BipartiteSetTest" time="0.001"/>
  <testcase name="testAddRemoveReturnValue" classname="org.chocosolver.util.objects.setDataStructures.backtrackable.BipartiteSetTest" time="0.001"/>
  <testcase name="testNominal" classname="org.chocosolver.util.objects.setDataStructures.backtrackable.BipartiteSetTest" time="0.001"/>
  <testcase name="testNominal" classname="org.chocosolver.util.objects.setDataStructures.backtrackable.BipartiteSetTest" time="0.001"/>
  <testcase name="testPopUntilZero" classname="org.chocosolver.util.objects.setDataStructures.backtrackable.BipartiteSetTest" time="0"/>
  <testcase name="testPopUntilZero" classname="org.chocosolver.util.objects.setDataStructures.backtrackable.BipartiteSetTest" time="0"/>
  <testcase name="testRemoveInLoop" classname="org.chocosolver.util.objects.setDataStructures.backtrackable.BipartiteSetTest" time="0"/>
  <testcase name="testRemoveInLoop" classname="org.chocosolver.util.objects.setDataStructures.backtrackable.BipartiteSetTest" time="0"/>
  <testcase name="testRemoveInLoop" classname="org.chocosolver.util.objects.setDataStructures.backtrackable.BipartiteSetTest" time="0.001"/>
  <testcase name="testSeveralPushes" classname="org.chocosolver.util.objects.setDataStructures.backtrackable.BipartiteSetTest" time="0.003"/>
  <testcase name="testSeveralPushes" classname="org.chocosolver.util.objects.setDataStructures.backtrackable.BipartiteSetTest" time="0.005"/>
  <testcase name="testTwoPushes" classname="org.chocosolver.util.objects.setDataStructures.backtrackable.BipartiteSetTest" time="0.001"/>
  <testcase name="testTwoPushes" classname="org.chocosolver.util.objects.setDataStructures.backtrackable.BipartiteSetTest" time="0"/>
  <testcase name="testTwoSets" classname="org.chocosolver.util.objects.setDataStructures.backtrackable.BipartiteSetTest" time="0"/>
  <testcase name="testTwoSets" classname="org.chocosolver.util.objects.setDataStructures.backtrackable.BipartiteSetTest" time="0"/>
  <testcase name="testVoidPushes" classname="org.chocosolver.util.objects.setDataStructures.backtrackable.BipartiteSetTest" time="0"/>
  <testcase name="testVoidPushes" classname="org.chocosolver.util.objects.setDataStructures.backtrackable.BipartiteSetTest" time="0.001"/>
  <testcase name="testAddNegativeKO" classname="org.chocosolver.util.objects.setDataStructures.nonbacktrackable.LinkedListTest" time="0"/>
  <testcase name="testMaxSpan" classname="org.chocosolver.util.objects.setDataStructures.nonbacktrackable.LinkedListTest" time="0"/>
  <testcase name="testCoeffAtZeroNoSolutions" classname="org.chocosolver.solver.constraints.nary.MixedScalarTest" time="0.008"/>
  <testcase name="testCoeffAtZeroSolutions" classname="org.chocosolver.solver.constraints.nary.MixedScalarTest" time="0.014"/>
  <testcase name="testCoeffAtZeroSolutions2" classname="org.chocosolver.solver.constraints.nary.MixedScalarTest" time="0.08"/>
  <testcase name="testNominal" classname="org.chocosolver.solver.constraints.nary.MixedScalarTest" time="0.001"/>
  <testcase name="testNominalBounded" classname="org.chocosolver.solver.constraints.nary.MixedScalarTest" time="0.002"/>
  <testcase name="testNominalBounded2" classname="org.chocosolver.solver.constraints.nary.MixedScalarTest" time="0.288"/>
  <testcase name="testNominalBounded3" classname="org.chocosolver.solver.constraints.nary.MixedScalarTest" time="0.021"/>
  <testcase name="testNominalBoundedWithNegatives" classname="org.chocosolver.solver.constraints.nary.MixedScalarTest" time="0.035"/>
  <testcase name="testNominalBoundedWithNegatives2" classname="org.chocosolver.solver.constraints.nary.MixedScalarTest" time="1.493"/>
  <testcase name="testSameVariableNoSolution" classname="org.chocosolver.solver.constraints.nary.MixedScalarTest" time="0.001"/>
  <testcase name="testSameVariableSolution" classname="org.chocosolver.solver.constraints.nary.MixedScalarTest" time="0"/>
  <testcase name="testSameVariableSolution2" classname="org.chocosolver.solver.constraints.nary.MixedScalarTest" time="0"/>
  <testcase name="test2" classname="org.chocosolver.solver.constraints.ternary.ModTest" time="0.001"/>
  <testcase name="testJL" classname="org.chocosolver.solver.constraints.ternary.ModTest" time="0.001"/>
  <testcase name="test1" classname="org.chocosolver.solver.constraints.nary.SatTest" time="0.001"/>
  <testcase name="test10" classname="org.chocosolver.solver.constraints.nary.SatTest" time="0"/>
  <testcase name="test11" classname="org.chocosolver.solver.constraints.nary.SatTest" time="0"/>
  <testcase name="test12" classname="org.chocosolver.solver.constraints.nary.SatTest" time="0.001"/>
  <testcase name="test2" classname="org.chocosolver.solver.constraints.nary.SatTest" time="0.001"/>
  <testcase name="test3" classname="org.chocosolver.solver.constraints.nary.SatTest" time="0"/>
  <testcase name="test4" classname="org.chocosolver.solver.constraints.nary.SatTest" time="0.002"/>
  <testcase name="test5" classname="org.chocosolver.solver.constraints.nary.SatTest" time="0.001"/>
  <testcase name="test6" classname="org.chocosolver.solver.constraints.nary.SatTest" time="0.001"/>
  <testcase name="test7" classname="org.chocosolver.solver.constraints.nary.SatTest" time="0.001"/>
  <testcase name="test8" classname="org.chocosolver.solver.constraints.nary.SatTest" time="0.001"/>
  <testcase name="test9" classname="org.chocosolver.solver.constraints.nary.SatTest" time="0.002"/>
  <testcase name="testAlexLoboda" classname="org.chocosolver.solver.constraints.nary.SatTest" time="0.001"/>
  <testcase name="testAddAlreadyExists" classname="org.chocosolver.util.objects.setDataStructures.backtrackable.BipartiteSetTest" time="0"/>
  <testcase name="testAddAlreadyExists" classname="org.chocosolver.util.objects.setDataStructures.nonbacktrackable.LinkedListTest" time="0"/>
  <testcase name="testAddMaxValue" classname="org.chocosolver.util.objects.setDataStructures.backtrackable.BipartiteSetTest" time="0.001"/>
  <testcase name="testAddMaxValue" classname="org.chocosolver.util.objects.setDataStructures.nonbacktrackable.LinkedListTest" time="0"/>
  <testcase name="testAddNegativeKO" classname="org.chocosolver.util.objects.setDataStructures.backtrackable.BipartiteSetTest" time="0.001"/>
  <testcase name="testAddNegativeOK" classname="org.chocosolver.util.objects.setDataStructures.backtrackable.BipartiteSetTest" time="0.001"/>
  <testcase name="testAddNegativeOK" classname="org.chocosolver.util.objects.setDataStructures.nonbacktrackable.LinkedListTest" time="0"/>
  <testcase name="testAddNominal" classname="org.chocosolver.util.objects.setDataStructures.backtrackable.BipartiteSetTest" time="0.001"/>
  <testcase name="testAddNominal" classname="org.chocosolver.util.objects.setDataStructures.nonbacktrackable.LinkedListTest" time="0"/>
  <testcase name="testAddNominal2" classname="org.chocosolver.util.objects.setDataStructures.backtrackable.BipartiteSetTest" time="0"/>
  <testcase name="testAddNominal2" classname="org.chocosolver.util.objects.setDataStructures.nonbacktrackable.LinkedListTest" time="0"/>
  <testcase name="testAddRemoveReturnValueNB" classname="org.chocosolver.util.objects.setDataStructures.backtrackable.BipartiteSetTest" time="0"/>
  <testcase name="testAddRemoveReturnValueNB" classname="org.chocosolver.util.objects.setDataStructures.nonbacktrackable.LinkedListTest" time="0.001"/>
  <testcase name="testClear" classname="org.chocosolver.util.objects.setDataStructures.backtrackable.BipartiteSetTest" time="0"/>
  <testcase name="testClear" classname="org.chocosolver.util.objects.setDataStructures.nonbacktrackable.LinkedListTest" time="0.001"/>
  <testcase name="testEmptyMax" classname="org.chocosolver.util.objects.setDataStructures.backtrackable.BipartiteSetTest" time="0"/>
  <testcase name="testEmptyMax" classname="org.chocosolver.util.objects.setDataStructures.nonbacktrackable.LinkedListTest" time="0"/>
  <testcase name="testEmptyMin" classname="org.chocosolver.util.objects.setDataStructures.backtrackable.BipartiteSetTest" time="0.001"/>
  <testcase name="testEmptyMin" classname="org.chocosolver.util.objects.setDataStructures.nonbacktrackable.LinkedListTest" time="0"/>
  <testcase name="testEquals" classname="org.chocosolver.util.objects.setDataStructures.backtrackable.BipartiteSetTest" time="0"/>
  <testcase name="testEquals" classname="org.chocosolver.util.objects.setDataStructures.nonbacktrackable.LinkedListTest" time="0"/>
  <testcase name="testIterator" classname="org.chocosolver.util.objects.setDataStructures.backtrackable.BipartiteSetTest" time="0"/>
  <testcase name="testIterator" classname="org.chocosolver.util.objects.setDataStructures.nonbacktrackable.LinkedListTest" time="0"/>
  <testcase name="testIteratorLength" classname="org.chocosolver.util.objects.setDataStructures.backtrackable.BipartiteSetTest" time="0.001"/>
  <testcase name="testIteratorLength" classname="org.chocosolver.util.objects.setDataStructures.nonbacktrackable.LinkedListTest" time="0"/>
  <testcase name="testMinMax" classname="org.chocosolver.util.objects.setDataStructures.backtrackable.BipartiteSetTest" time="0.001"/>
  <testcase name="testMinMax" classname="org.chocosolver.util.objects.setDataStructures.nonbacktrackable.LinkedListTest" time="0"/>
  <testcase name="testMultipleLoops" classname="org.chocosolver.util.objects.setDataStructures.backtrackable.BipartiteSetTest" time="0.001"/>
  <testcase name="testMultipleLoops" classname="org.chocosolver.util.objects.setDataStructures.nonbacktrackable.LinkedListTest" time="0"/>
  <testcase name="testNewIterator" classname="org.chocosolver.util.objects.setDataStructures.backtrackable.BipartiteSetTest" time="0.001"/>
  <testcase name="testNewIterator" classname="org.chocosolver.util.objects.setDataStructures.nonbacktrackable.LinkedListTest" time="0"/>
  <testcase name="testReadOnlySet" classname="org.chocosolver.util.objects.setDataStructures.backtrackable.BipartiteSetTest" time="0"/>
  <testcase name="testReadOnlySet" classname="org.chocosolver.util.objects.setDataStructures.nonbacktrackable.LinkedListTest" time="0.001"/>
  <testcase name="testRemove" classname="org.chocosolver.util.objects.setDataStructures.backtrackable.BipartiteSetTest" time="0"/>
  <testcase name="testRemove" classname="org.chocosolver.util.objects.setDataStructures.nonbacktrackable.LinkedListTest" time="0.001"/>
  <testcase name="testRemoveInLoop" classname="org.chocosolver.util.objects.setDataStructures.nonbacktrackable.LinkedListTest" time="0"/>
  <testcase name="test1" classname="org.chocosolver.solver.variables.ViewMinusTest" time="0.001"/>
  <testcase name="test2" classname="org.chocosolver.solver.variables.ViewMinusTest" time="0.433"/>
  <testcase name="test3" classname="org.chocosolver.solver.variables.ViewMinusTest" time="0.526"/>
  <testcase name="testB1" classname="org.chocosolver.solver.variables.ViewMinusTest" time="0.001"/>
  <testcase name="testIt1" classname="org.chocosolver.solver.variables.ViewMinusTest" time="0.007"/>
  <testcase name="testIt2" classname="org.chocosolver.solver.variables.ViewMinusTest" time="0.008"/>
  <testcase name="test1" classname="org.chocosolver.solver.constraints.ternary.DistanceLTTest" time="0.381"/>
  <testcase name="memoryCrashTest" classname="org.chocosolver.util.objects.setDataStructures.backtrackable.LinkedListTest" time="0.338"/>
  <testcase name="testAddRemoveReturnValue" classname="org.chocosolver.util.objects.setDataStructures.backtrackable.LinkedListTest" time="0.001"/>
  <testcase name="testAddRemoveReturnValue" classname="org.chocosolver.util.objects.setDataStructures.backtrackable.LinkedListTest" time="0"/>
  <testcase name="testNominal" classname="org.chocosolver.util.objects.setDataStructures.backtrackable.LinkedListTest" time="0"/>
  <testcase name="testNominal" classname="org.chocosolver.util.objects.setDataStructures.backtrackable.LinkedListTest" time="0"/>
  <testcase name="testPopUntilZero" classname="org.chocosolver.util.objects.setDataStructures.backtrackable.LinkedListTest" time="0.001"/>
  <testcase name="testPopUntilZero" classname="org.chocosolver.util.objects.setDataStructures.backtrackable.LinkedListTest" time="0.001"/>
  <testcase name="testRemoveInLoop" classname="org.chocosolver.util.objects.setDataStructures.backtrackable.LinkedListTest" time="0.001"/>
  <testcase name="testRemoveInLoop" classname="org.chocosolver.util.objects.setDataStructures.backtrackable.LinkedListTest" time="0.001"/>
  <testcase name="testRemoveInLoop" classname="org.chocosolver.util.objects.setDataStructures.backtrackable.LinkedListTest" time="0"/>
  <testcase name="testSeveralPushes" classname="org.chocosolver.util.objects.setDataStructures.backtrackable.LinkedListTest" time="0.501"/>
  <testcase name="testSeveralPushes" classname="org.chocosolver.util.objects.setDataStructures.backtrackable.LinkedListTest" time="0.454"/>
  <testcase name="testTwoPushes" classname="org.chocosolver.util.objects.setDataStructures.backtrackable.LinkedListTest" time="0"/>
  <testcase name="testTwoPushes" classname="org.chocosolver.util.objects.setDataStructures.backtrackable.LinkedListTest" time="0"/>
  <testcase name="testTwoSets" classname="org.chocosolver.util.objects.setDataStructures.backtrackable.LinkedListTest" time="0.001"/>
  <testcase name="testTwoSets" classname="org.chocosolver.util.objects.setDataStructures.backtrackable.LinkedListTest" time="0.001"/>
  <testcase name="testVoidPushes" classname="org.chocosolver.util.objects.setDataStructures.backtrackable.LinkedListTest" time="0.001"/>
  <testcase name="testVoidPushes" classname="org.chocosolver.util.objects.setDataStructures.backtrackable.LinkedListTest" time="0.001"/>
  <testcase name="test2" classname="org.chocosolver.solver.constraints.binary.BinTableTest" time="0.007"/>
  <testcase name="test2" classname="org.chocosolver.solver.constraints.binary.BinTableTest" time="0.005"/>
  <testcase name="test3" classname="org.chocosolver.solver.constraints.binary.BinTableTest" time="0.005"/>
  <testcase name="test3" classname="org.chocosolver.solver.constraints.binary.BinTableTest" time="0.004"/>
  <testcase name="testAbsolute" classname="org.chocosolver.solver.constraints.binary.BinTableTest" time="0.058"/>
  <testcase name="testAbsolute" classname="org.chocosolver.solver.constraints.binary.BinTableTest" time="0.041"/>
  <testcase name="testArithmLT" classname="org.chocosolver.solver.constraints.binary.BinTableTest" time="0.131"/>
  <testcase name="testArithmLT" classname="org.chocosolver.solver.constraints.binary.BinTableTest" time="0.098"/>
  <testcase name="testArithmNQ" classname="org.chocosolver.solver.constraints.binary.BinTableTest" time="0.161"/>
  <testcase name="testArithmNQ" classname="org.chocosolver.solver.constraints.binary.BinTableTest" time="0.155"/>
  <testcase name="testFeas1" classname="org.chocosolver.solver.constraints.binary.BinTableTest" time="0.002"/>
  <testcase name="testFeas1" classname="org.chocosolver.solver.constraints.binary.BinTableTest" time="0"/>
  <testcase name="testInfeas1" classname="org.chocosolver.solver.constraints.binary.BinTableTest" time="0.001"/>
  <testcase name="testInfeas1" classname="org.chocosolver.solver.constraints.binary.BinTableTest" time="0.001"/>
  <testcase name="test2" classname="org.chocosolver.solver.constraints.ternary.DistanceLTTest" time="0.001"/>
  <testcase name="testAdd" classname="org.chocosolver.util.objects.setDataStructures.iterable.IntIterableRangeSetTest" time="0"/>
  <testcase name="testAdd2" classname="org.chocosolver.util.objects.setDataStructures.iterable.IntIterableRangeSetTest" time="0.001"/>
  <testcase name="testComplement" classname="org.chocosolver.util.objects.setDataStructures.iterable.IntIterableRangeSetTest" time="0"/>
  <testcase name="testIntersect" classname="org.chocosolver.util.objects.setDataStructures.iterable.IntIterableRangeSetTest" time="0.104"/>
  <testcase name="testIntersect2" classname="org.chocosolver.util.objects.setDataStructures.iterable.IntIterableRangeSetTest" time="0.105"/>
  <testcase name="testMax" classname="org.chocosolver.util.objects.setDataStructures.iterable.IntIterableRangeSetTest" time="0.001"/>
  <testcase name="testMin" classname="org.chocosolver.util.objects.setDataStructures.iterable.IntIterableRangeSetTest" time="0.001"/>
  <testcase name="testMinus" classname="org.chocosolver.util.objects.setDataStructures.iterable.IntIterableRangeSetTest" time="3.936"/>
  <testcase name="testNextValue" classname="org.chocosolver.util.objects.setDataStructures.iterable.IntIterableRangeSetTest" time="0.001"/>
  <testcase name="testNextValue2" classname="org.chocosolver.util.objects.setDataStructures.iterable.IntIterableRangeSetTest" time="0.001"/>
  <testcase name="testNextValue3" classname="org.chocosolver.util.objects.setDataStructures.iterable.IntIterableRangeSetTest" time="0"/>
  <testcase name="testPlus" classname="org.chocosolver.util.objects.setDataStructures.iterable.IntIterableRangeSetTest" time="4.038"/>
  <testcase name="testPrevValue" classname="org.chocosolver.util.objects.setDataStructures.iterable.IntIterableRangeSetTest" time="0.001"/>
  <testcase name="testPrevValue2" classname="org.chocosolver.util.objects.setDataStructures.iterable.IntIterableRangeSetTest" time="0"/>
  <testcase name="testPrevValue3" classname="org.chocosolver.util.objects.setDataStructures.iterable.IntIterableRangeSetTest" time="0.001"/>
  <testcase name="testRemove" classname="org.chocosolver.util.objects.setDataStructures.iterable.IntIterableRangeSetTest" time="0"/>
  <testcase name="testRemove2" classname="org.chocosolver.util.objects.setDataStructures.iterable.IntIterableRangeSetTest" time="0"/>
  <testcase name="testRemoveBetween1" classname="org.chocosolver.util.objects.setDataStructures.iterable.IntIterableRangeSetTest" time="0.001"/>
  <testcase name="testRemoveBetween2" classname="org.chocosolver.util.objects.setDataStructures.iterable.IntIterableRangeSetTest" time="0"/>
  <testcase name="testRemoveBetween3" classname="org.chocosolver.util.objects.setDataStructures.iterable.IntIterableRangeSetTest" time="0.001"/>
  <testcase name="testRemoveBetween4" classname="org.chocosolver.util.objects.setDataStructures.iterable.IntIterableRangeSetTest" time="0.001"/>
  <testcase name="testUnion" classname="org.chocosolver.util.objects.setDataStructures.iterable.IntIterableRangeSetTest" time="0.237"/>
  <testcase name="testUnion2" classname="org.chocosolver.util.objects.setDataStructures.iterable.IntIterableRangeSetTest" time="0.151"/>
  <testcase name="testrangeOf1" classname="org.chocosolver.util.objects.setDataStructures.iterable.IntIterableRangeSetTest" time="0.001"/>
  <testcase name="testrangeOf2" classname="org.chocosolver.util.objects.setDataStructures.iterable.IntIterableRangeSetTest" time="0"/>
  <testcase name="testB1" classname="org.chocosolver.solver.constraints.nary.sum.IntLinCombTest" time="5.165"/>
  <testcase name="testB2" classname="org.chocosolver.solver.constraints.nary.sum.IntLinCombTest" time="0.001"/>
  <testcase name="testB3" classname="org.chocosolver.solver.constraints.nary.sum.IntLinCombTest" time="0"/>
  <testcase name="testB4" classname="org.chocosolver.solver.constraints.nary.sum.IntLinCombTest" time="0.001"/>
  <testcase name="testB5" classname="org.chocosolver.solver.constraints.nary.sum.IntLinCombTest" time="0.001"/>
  <testcase name="testB6" classname="org.chocosolver.solver.constraints.nary.sum.IntLinCombTest" time="0.002"/>
  <testcase name="testB61" classname="org.chocosolver.solver.constraints.nary.sum.IntLinCombTest" time="0"/>
  <testcase name="testB7" classname="org.chocosolver.solver.constraints.nary.sum.IntLinCombTest" time="0"/>
  <testcase name="testB71" classname="org.chocosolver.solver.constraints.nary.sum.IntLinCombTest" time="0.001"/>
  <testcase name="testD1" classname="org.chocosolver.solver.constraints.nary.sum.IntLinCombTest" time="0.001"/>
  <testcase name="testD10" classname="org.chocosolver.solver.constraints.nary.sum.IntLinCombTest" time="0"/>
  <testcase name="testD11" classname="org.chocosolver.solver.constraints.nary.sum.IntLinCombTest" time="0.001"/>
  <testcase name="testD12" classname="org.chocosolver.solver.constraints.nary.sum.IntLinCombTest" time="0"/>
  <testcase name="testD13" classname="org.chocosolver.solver.constraints.nary.sum.IntLinCombTest" time="0"/>
  <testcase name="testD14" classname="org.chocosolver.solver.constraints.nary.sum.IntLinCombTest" time="0.001"/>
  <testcase name="testD15" classname="org.chocosolver.solver.constraints.nary.sum.IntLinCombTest" time="0"/>
  <testcase name="testD16" classname="org.chocosolver.solver.constraints.nary.sum.IntLinCombTest" time="0.001"/>
  <testcase name="testD2" classname="org.chocosolver.solver.constraints.nary.sum.IntLinCombTest" time="0"/>
  <testcase name="testD20" classname="org.chocosolver.solver.constraints.nary.sum.IntLinCombTest" time="0"/>
  <testcase name="testD3" classname="org.chocosolver.solver.constraints.nary.sum.IntLinCombTest" time="0.001"/>
  <testcase name="testD4" classname="org.chocosolver.solver.constraints.nary.sum.IntLinCombTest" time="0"/>
  <testcase name="testD5" classname="org.chocosolver.solver.constraints.nary.sum.IntLinCombTest" time="0.001"/>
  <testcase name="testD6" classname="org.chocosolver.solver.constraints.nary.sum.IntLinCombTest" time="0"/>
  <testcase name="testD7" classname="org.chocosolver.solver.constraints.nary.sum.IntLinCombTest" time="0.001"/>
  <testcase name="testD8" classname="org.chocosolver.solver.constraints.nary.sum.IntLinCombTest" time="0"/>
  <testcase name="testD9" classname="org.chocosolver.solver.constraints.nary.sum.IntLinCombTest" time="0.001"/>
  <testcase name="testDec1" classname="org.chocosolver.solver.constraints.nary.sum.IntLinCombTest" time="1.27"/>
  <testcase name="testDec1" classname="org.chocosolver.solver.constraints.nary.sum.IntLinCombTest" time="2.503"/>
  <testcase name="testDec1" classname="org.chocosolver.solver.constraints.nary.sum.IntLinCombTest" time="4.513"/>
  <testcase name="testDec1" classname="org.chocosolver.solver.constraints.nary.sum.IntLinCombTest" time="1.428"/>
  <testcase name="testDec1" classname="org.chocosolver.solver.constraints.nary.sum.IntLinCombTest" time="1.636"/>
  <testcase name="testDec1" classname="org.chocosolver.solver.constraints.nary.sum.IntLinCombTest" time="2.879"/>
  <testcase name="testDec2" classname="org.chocosolver.solver.constraints.nary.sum.IntLinCombTest" time="1.994"/>
  <testcase name="testDec2" classname="org.chocosolver.solver.constraints.nary.sum.IntLinCombTest" time="3.176"/>
  <testcase name="testDec2" classname="org.chocosolver.solver.constraints.nary.sum.IntLinCombTest" time="6.027"/>
  <testcase name="testDec2" classname="org.chocosolver.solver.constraints.nary.sum.IntLinCombTest" time="1.012"/>
  <testcase name="testDec2" classname="org.chocosolver.solver.constraints.nary.sum.IntLinCombTest" time="2.401"/>
  <testcase name="testDec2" classname="org.chocosolver.solver.constraints.nary.sum.IntLinCombTest" time="4.121"/>
  <testcase name="testEQ" classname="org.chocosolver.solver.constraints.nary.sum.IntLinCombTest" time="0.004"/>
  <testcase name="testEq" classname="org.chocosolver.solver.constraints.nary.sum.IntLinCombTest" time="0.003"/>
  <testcase name="testExt1" classname="org.chocosolver.solver.constraints.nary.sum.IntLinCombTest" time="0.001"/>
  <testcase name="testExt2" classname="org.chocosolver.solver.constraints.nary.sum.IntLinCombTest" time="0.001"/>
  <testcase name="testExt3" classname="org.chocosolver.solver.constraints.nary.sum.IntLinCombTest" time="0.011"/>
  <testcase name="testGE" classname="org.chocosolver.solver.constraints.nary.sum.IntLinCombTest" time="0.001"/>
  <testcase name="testGT" classname="org.chocosolver.solver.constraints.nary.sum.IntLinCombTest" time="0.002"/>
  <testcase name="testGeq" classname="org.chocosolver.solver.constraints.nary.sum.IntLinCombTest" time="0.001"/>
  <testcase name="testIss237_1" classname="org.chocosolver.solver.constraints.nary.sum.IntLinCombTest" time="0.001"/>
  <testcase name="testJG1" classname="org.chocosolver.solver.constraints.nary.sum.IntLinCombTest" time="0.003"/>
  <testcase name="testJG2" classname="org.chocosolver.solver.constraints.nary.sum.IntLinCombTest" time="0.002"/>
  <testcase name="testJL082016" classname="org.chocosolver.solver.constraints.nary.sum.IntLinCombTest" time="0.052"/>
  <testcase name="testJL1" classname="org.chocosolver.solver.constraints.nary.sum.IntLinCombTest" time="0.001"/>
  <testcase name="testJL2" classname="org.chocosolver.solver.constraints.nary.sum.IntLinCombTest" time="0.001"/>
  <testcase name="testJL3" classname="org.chocosolver.solver.constraints.nary.sum.IntLinCombTest" time="0.001"/>
  <testcase name="testJL4" classname="org.chocosolver.solver.constraints.nary.sum.IntLinCombTest" time="0"/>
  <testcase name="testLE" classname="org.chocosolver.solver.constraints.nary.sum.IntLinCombTest" time="0.001"/>
  <testcase name="testLT" classname="org.chocosolver.solver.constraints.nary.sum.IntLinCombTest" time="0.002"/>
  <testcase name="testLeq" classname="org.chocosolver.solver.constraints.nary.sum.IntLinCombTest" time="0.001"/>
  <testcase name="testNE" classname="org.chocosolver.solver.constraints.nary.sum.IntLinCombTest" time="0.003"/>
  <testcase name="testNeq" classname="org.chocosolver.solver.constraints.nary.sum.IntLinCombTest" time="0.003"/>
  <testcase name="testOpp1" classname="org.chocosolver.solver.constraints.nary.sum.IntLinCombTest" time="0.001"/>
  <testcase name="testOpp1strict" classname="org.chocosolver.solver.constraints.nary.sum.IntLinCombTest" time="0"/>
  <testcase name="testOpp2" classname="org.chocosolver.solver.constraints.nary.sum.IntLinCombTest" time="0.001"/>
  <testcase name="testOpp3" classname="org.chocosolver.solver.constraints.nary.sum.IntLinCombTest" time="0.001"/>
  <testcase name="testOpp4" classname="org.chocosolver.solver.constraints.nary.sum.IntLinCombTest" time="0"/>
  <testcase name="testOpp4strict" classname="org.chocosolver.solver.constraints.nary.sum.IntLinCombTest" time="0"/>
  <testcase name="testRFP1" classname="org.chocosolver.solver.constraints.nary.sum.IntLinCombTest" time="0.043"/>
  <testcase name="testRFP2" classname="org.chocosolver.solver.constraints.nary.sum.IntLinCombTest" time="0.037"/>
  <testcase name="testRFP3" classname="org.chocosolver.solver.constraints.nary.sum.IntLinCombTest" time="0.006"/>
  <testcase name="testS1_coeff_null" classname="org.chocosolver.solver.constraints.nary.sum.IntLinCombTest" time="0.001"/>
  <testcase name="testS2_coeff_null" classname="org.chocosolver.solver.constraints.nary.sum.IntLinCombTest" time="0"/>
  <testcase name="testSmallSumsEQ" classname="org.chocosolver.solver.constraints.nary.sum.IntLinCombTest" time="0.004"/>
  <testcase name="testSmallSumsGE" classname="org.chocosolver.solver.constraints.nary.sum.IntLinCombTest" time="0.001"/>
  <testcase name="testSmallSumsGT" classname="org.chocosolver.solver.constraints.nary.sum.IntLinCombTest" time="0.001"/>
  <testcase name="testSmallSumsLE" classname="org.chocosolver.solver.constraints.nary.sum.IntLinCombTest" time="0.001"/>
  <testcase name="testSmallSumsLT" classname="org.chocosolver.solver.constraints.nary.sum.IntLinCombTest" time="0.001"/>
  <testcase name="testSmallSumsNE" classname="org.chocosolver.solver.constraints.nary.sum.IntLinCombTest" time="0.005"/>
  <testcase name="testSumvsIntLinCombTest" classname="org.chocosolver.solver.constraints.nary.sum.IntLinCombTest" time="21.722"/>
  <testcase name="testSumvsIntLinCombTest" classname="org.chocosolver.solver.constraints.nary.sum.IntLinCombTest" time="21.227"/>
  <testcase name="testSumvsIntLinCombTest2" classname="org.chocosolver.solver.constraints.nary.sum.IntLinCombTest" time="0.06"/>
  <testcase name="testSumvsIntLinCombTest2" classname="org.chocosolver.solver.constraints.nary.sum.IntLinCombTest" time="0.07"/>
  <testcase name="testSumvsIntLinCombTest3" classname="org.chocosolver.solver.constraints.nary.sum.IntLinCombTest" time="0.042"/>
  <testcase name="testSumvsIntLinCombTest3" classname="org.chocosolver.solver.constraints.nary.sum.IntLinCombTest" time="0.037"/>
  <testcase name="testSumvsIntLinCombTest4" classname="org.chocosolver.solver.constraints.nary.sum.IntLinCombTest" time="0.154"/>
  <testcase name="testSumvsIntLinCombTest4" classname="org.chocosolver.solver.constraints.nary.sum.IntLinCombTest" time="0.126"/>
  <testcase name="testUSum1" classname="org.chocosolver.solver.constraints.nary.sum.IntLinCombTest" time="0.001"/>
  <testcase name="testUSum1" classname="org.chocosolver.solver.constraints.nary.sum.IntLinCombTest" time="0"/>
  <testcase name="testUSum2" classname="org.chocosolver.solver.constraints.nary.sum.IntLinCombTest" time="0"/>
  <testcase name="testUSum2" classname="org.chocosolver.solver.constraints.nary.sum.IntLinCombTest" time="0.001"/>
  <testcase name="testAddNegativeKO" classname="org.chocosolver.util.objects.setDataStructures.backtrackable.LinkedListTest" time="0"/>
  <testcase name="noVariable" classname="org.chocosolver.solver.constraints.nary.PropCondAllDiffTest" time="0.022"/>
  <testcase name="singleVariable" classname="org.chocosolver.solver.constraints.nary.PropCondAllDiffTest" time="0.02"/>
  <testcase name="testDynamicCondition" classname="org.chocosolver.solver.constraints.nary.PropCondAllDiffTest" time="0.001"/>
  <testcase name="testEnumeratedValues" classname="org.chocosolver.solver.constraints.nary.PropCondAllDiffTest" time="0.016"/>
  <testcase name="testExceptZero" classname="org.chocosolver.solver.constraints.nary.PropCondAllDiffTest" time="0.002"/>
  <testcase name="testFreeVariables" classname="org.chocosolver.solver.constraints.nary.PropCondAllDiffTest" time="0.033"/>
  <testcase name="testImpossible" classname="org.chocosolver.solver.constraints.nary.PropCondAllDiffTest" time="0.002"/>
  <testcase name="testNominal" classname="org.chocosolver.solver.constraints.nary.PropCondAllDiffTest" time="0.002"/>
  <testcase name="testNominalNegative" classname="org.chocosolver.solver.constraints.nary.PropCondAllDiffTest" time="0.003"/>
  <testcase name="testPropagation" classname="org.chocosolver.solver.constraints.nary.PropCondAllDiffTest" time="0.002"/>
  <testcase name="testTrivialFalse" classname="org.chocosolver.solver.constraints.nary.PropCondAllDiffTest" time="0.002"/>
  <testcase name="testTrivialTrue" classname="org.chocosolver.solver.constraints.nary.PropCondAllDiffTest" time="0.001"/>
  <testcase name="testTrueCondition" classname="org.chocosolver.solver.constraints.nary.PropCondAllDiffTest" time="0.004"/>
  <testcase name="testAddAlreadyExists" classname="org.chocosolver.util.objects.setDataStructures.backtrackable.LinkedListTest" time="0"/>
  <testcase name="testAddMaxValue" classname="org.chocosolver.util.objects.setDataStructures.backtrackable.LinkedListTest" time="0.001"/>
  <testcase name="testAddNegativeOK" classname="org.chocosolver.util.objects.setDataStructures.backtrackable.LinkedListTest" time="0.001"/>
  <testcase name="testAddNominal" classname="org.chocosolver.util.objects.setDataStructures.backtrackable.LinkedListTest" time="0"/>
  <testcase name="testAddNominal2" classname="org.chocosolver.util.objects.setDataStructures.backtrackable.LinkedListTest" time="0.001"/>
  <testcase name="testAddRemoveReturnValueNB" classname="org.chocosolver.util.objects.setDataStructures.backtrackable.LinkedListTest" time="0"/>
  <testcase name="testClear" classname="org.chocosolver.util.objects.setDataStructures.backtrackable.LinkedListTest" time="0.001"/>
  <testcase name="testEmptyMax" classname="org.chocosolver.util.objects.setDataStructures.backtrackable.LinkedListTest" time="0.001"/>
  <testcase name="testEmptyMin" classname="org.chocosolver.util.objects.setDataStructures.backtrackable.LinkedListTest" time="0"/>
  <testcase name="testEquals" classname="org.chocosolver.util.objects.setDataStructures.backtrackable.LinkedListTest" time="0"/>
  <testcase name="testIterator" classname="org.chocosolver.util.objects.setDataStructures.backtrackable.LinkedListTest" time="0"/>
  <testcase name="testIteratorLength" classname="org.chocosolver.util.objects.setDataStructures.backtrackable.LinkedListTest" time="0"/>
  <testcase name="testMinMax" classname="org.chocosolver.util.objects.setDataStructures.backtrackable.LinkedListTest" time="0"/>
  <testcase name="testMultipleLoops" classname="org.chocosolver.util.objects.setDataStructures.backtrackable.LinkedListTest" time="0"/>
  <testcase name="testNewIterator" classname="org.chocosolver.util.objects.setDataStructures.backtrackable.LinkedListTest" time="0"/>
  <testcase name="testReadOnlySet" classname="org.chocosolver.util.objects.setDataStructures.backtrackable.LinkedListTest" time="0"/>
  <testcase name="testRemove" classname="org.chocosolver.util.objects.setDataStructures.backtrackable.LinkedListTest" time="0.001"/>
  <testcase name="test1" classname="org.chocosolver.solver.variables.ViewSumXYTest" time="0.001"/>
  <testcase name="test2" classname="org.chocosolver.solver.variables.ViewSumXYTest" time="0.56"/>
  <testcase name="test3" classname="org.chocosolver.solver.variables.ViewSumXYTest" time="0.52"/>
  <testcase name="test1" classname="org.chocosolver.solver.constraints.binary.DistanceEQTest" time="0.539"/>
  <testcase name="test1" classname="org.chocosolver.solver.constraints.binary.DistanceEQTest" time="0.308"/>
  <testcase name="test1" classname="org.chocosolver.solver.constraints.ternary.DistanceGETest" time="1.83"/>
  <testcase name="testClear" classname="org.chocosolver.util.objects.queues.CircularQueueTest" time="0.001"/>
  <testcase name="testCover" classname="org.chocosolver.util.objects.queues.CircularQueueTest" time="0.004"/>
  <testcase name="testEquals" classname="org.chocosolver.util.objects.queues.CircularQueueTest" time="0"/>
  <testcase name="testGet" classname="org.chocosolver.util.objects.queues.CircularQueueTest" time="0"/>
  <testcase name="testIndexOf" classname="org.chocosolver.util.objects.queues.CircularQueueTest" time="0"/>
  <testcase name="testNoElement" classname="org.chocosolver.util.objects.queues.CircularQueueTest" time="0.001"/>
  <testcase name="testNominal" classname="org.chocosolver.util.objects.queues.CircularQueueTest" time="0.001"/>
  <testcase name="testRemove" classname="org.chocosolver.util.objects.queues.CircularQueueTest" time="0.001"/>
  <testcase name="testRemoveElement" classname="org.chocosolver.util.objects.queues.CircularQueueTest" time="0"/>
  <testcase name="testRemoveNoSuchElement" classname="org.chocosolver.util.objects.queues.CircularQueueTest" time="0.001"/>
  <testcase name="testSameElement" classname="org.chocosolver.util.objects.queues.CircularQueueTest" time="0.003"/>
  <testcase name="testSeveralIterationsMultipleElements" classname="org.chocosolver.util.objects.queues.CircularQueueTest" time="0.005"/>
  <testcase name="testSeveralIterationsOneElement" classname="org.chocosolver.util.objects.queues.CircularQueueTest" time="0.001"/>
  <testcase name="test2" classname="org.chocosolver.solver.constraints.ternary.DistanceGETest" time="0.003"/>
  <testcase name="testBools" classname="org.chocosolver.solver.constraints.nary.MinMaxTest" time="0.002"/>
  <testcase name="testBools" classname="org.chocosolver.solver.constraints.nary.MinMaxTest" time="0.007"/>
  <testcase name="testBools" classname="org.chocosolver.solver.constraints.nary.MinMaxTest" time="0.016"/>
  <testcase name="testBools" classname="org.chocosolver.solver.constraints.nary.MinMaxTest" time="0"/>
  <testcase name="testBoolsGG" classname="org.chocosolver.solver.constraints.nary.MinMaxTest" time="0.002"/>
  <testcase name="testBoolsGG" classname="org.chocosolver.solver.constraints.nary.MinMaxTest" time="0.001"/>
  <testcase name="testBoolsGG" classname="org.chocosolver.solver.constraints.nary.MinMaxTest" time="0.001"/>
  <testcase name="testBoolsGG" classname="org.chocosolver.solver.constraints.nary.MinMaxTest" time="0.002"/>
  <testcase name="testMax1" classname="org.chocosolver.solver.constraints.nary.MinMaxTest" time="0.001"/>
  <testcase name="testMax2" classname="org.chocosolver.solver.constraints.nary.MinMaxTest" time="0.078"/>
  <testcase name="testMax3" classname="org.chocosolver.solver.constraints.nary.MinMaxTest" time="0.001"/>
  <testcase name="testMax30" classname="org.chocosolver.solver.constraints.nary.MinMaxTest" time="16.501"/>
  <testcase name="testMin1" classname="org.chocosolver.solver.constraints.nary.MinMaxTest" time="0"/>
  <testcase name="testMin2" classname="org.chocosolver.solver.constraints.nary.MinMaxTest" time="0.038"/>
  <testcase name="testMin3" classname="org.chocosolver.solver.constraints.nary.MinMaxTest" time="0"/>
  <testcase name="testMin30" classname="org.chocosolver.solver.constraints.nary.MinMaxTest" time="15.42"/>
  <testcase name="testNoSolution" classname="org.chocosolver.solver.constraints.nary.MinMaxTest" time="0.001"/>
  <testcase name="testNoSolution" classname="org.chocosolver.solver.constraints.nary.MinMaxTest" time="0.001"/>
  <testcase name="testNoSolution" classname="org.chocosolver.solver.constraints.nary.MinMaxTest" time="0"/>
  <testcase name="testNoSolution" classname="org.chocosolver.solver.constraints.nary.MinMaxTest" time="0.001"/>
  <testcase name="testNoSolution2" classname="org.chocosolver.solver.constraints.nary.MinMaxTest" time="0.001"/>
  <testcase name="testNoSolution2" classname="org.chocosolver.solver.constraints.nary.MinMaxTest" time="0"/>
  <testcase name="testNoSolution2" classname="org.chocosolver.solver.constraints.nary.MinMaxTest" time="0.001"/>
  <testcase name="testNoSolution2" classname="org.chocosolver.solver.constraints.nary.MinMaxTest" time="0"/>
  <testcase name="testNominal" classname="org.chocosolver.solver.constraints.nary.MinMaxTest" time="0.009"/>
  <testcase name="testNominal" classname="org.chocosolver.solver.constraints.nary.MinMaxTest" time="0.007"/>
  <testcase name="testNominal" classname="org.chocosolver.solver.constraints.nary.MinMaxTest" time="0.004"/>
  <testcase name="testNominal" classname="org.chocosolver.solver.constraints.nary.MinMaxTest" time="0.003"/>
  <testcase name="testSameVariableNoSolution" classname="org.chocosolver.solver.constraints.nary.MinMaxTest" time="0.001"/>
  <testcase name="testSameVariableNoSolution" classname="org.chocosolver.solver.constraints.nary.MinMaxTest" time="0.001"/>
  <testcase name="testSameVariableNoSolution" classname="org.chocosolver.solver.constraints.nary.MinMaxTest" time="0"/>
  <testcase name="testSameVariableNoSolution" classname="org.chocosolver.solver.constraints.nary.MinMaxTest" time="0.001"/>
  <testcase name="testSameVariableSolution" classname="org.chocosolver.solver.constraints.nary.MinMaxTest" time="0.001"/>
  <testcase name="testSameVariableSolution" classname="org.chocosolver.solver.constraints.nary.MinMaxTest" time="0.001"/>
  <testcase name="testSameVariableSolution" classname="org.chocosolver.solver.constraints.nary.MinMaxTest" time="0.001"/>
  <testcase name="testSameVariableSolution" classname="org.chocosolver.solver.constraints.nary.MinMaxTest" time="0"/>
  <testcase name="testZero" classname="org.chocosolver.solver.constraints.nary.MinMaxTest" time="0"/>
  <testcase name="testZero" classname="org.chocosolver.solver.constraints.nary.MinMaxTest" time="0.001"/>
  <testcase name="testZero" classname="org.chocosolver.solver.constraints.nary.MinMaxTest" time="0"/>
  <testcase name="testZero" classname="org.chocosolver.solver.constraints.nary.MinMaxTest" time="0.001"/>
  <testcase name="testZeroElements" classname="org.chocosolver.solver.constraints.nary.MinMaxTest" time="0.001"/>
  <testcase name="testZeroElements" classname="org.chocosolver.solver.constraints.nary.MinMaxTest" time="0.001"/>
  <testcase name="testZeroElements" classname="org.chocosolver.solver.constraints.nary.MinMaxTest" time="0"/>
  <testcase name="testZeroElements" classname="org.chocosolver.solver.constraints.nary.MinMaxTest" time="0.001"/>
  <testcase name="test0" classname="org.chocosolver.solver.constraints.nary.MultiCostRegularTest" time="0.977"/>
  <testcase name="test1" classname="org.chocosolver.solver.constraints.nary.MultiCostRegularTest" time="0.092"/>
  <testcase name="test2" classname="org.chocosolver.solver.constraints.nary.MultiCostRegularTest" time="0.189"/>
  <testcase name="test3" classname="org.chocosolver.solver.constraints.nary.MultiCostRegularTest" time="0.525"/>
  <testcase name="test4" classname="org.chocosolver.solver.constraints.nary.MultiCostRegularTest" time="0.297"/>
  <testcase name="test1" classname="org.chocosolver.solver.variables.OffsetViewTest" time="0"/>
  <testcase name="test2" classname="org.chocosolver.solver.variables.OffsetViewTest" time="0"/>
  <testcase name="testIt1" classname="org.chocosolver.solver.variables.OffsetViewTest" time="0.009"/>
  <testcase name="testIt2" classname="org.chocosolver.solver.variables.OffsetViewTest" time="0.009"/>
  <testcase name="testRandom1" classname="org.chocosolver.solver.variables.OffsetViewTest" time="1.285"/>
  <testcase name="testRandom2" classname="org.chocosolver.solver.variables.OffsetViewTest" time="0.133"/>
  <testcase name="testRandom3" classname="org.chocosolver.solver.variables.OffsetViewTest" time="11.889"/>
  <testcase name="test1" classname="org.chocosolver.solver.constraints.ternary.MinTest" time="0.43"/>
  <testcase name="testGetDomainSize" classname="org.chocosolver.solver.variables.fast.BitsetIntVarImplTest" time="0.001"/>
  <testcase name="testGetLB" classname="org.chocosolver.solver.variables.fast.BitsetIntVarImplTest" time="0.001"/>
  <testcase name="testGetRangeIterator" classname="org.chocosolver.solver.variables.fast.BitsetIntVarImplTest" time="0"/>
  <testcase name="testGetTypeAndKind" classname="org.chocosolver.solver.variables.fast.BitsetIntVarImplTest" time="0.001"/>
  <testcase name="testGetUB" classname="org.chocosolver.solver.variables.fast.BitsetIntVarImplTest" time="0.001"/>
  <testcase name="testGetValueIterator" classname="org.chocosolver.solver.variables.fast.BitsetIntVarImplTest" time="0"/>
  <testcase name="testHasEnumeratedDomain" classname="org.chocosolver.solver.variables.fast.BitsetIntVarImplTest" time="0.001"/>
  <testcase name="testJL1" classname="org.chocosolver.solver.variables.fast.BitsetIntVarImplTest" time="0.001"/>
  <testcase name="testJL2" classname="org.chocosolver.solver.variables.fast.BitsetIntVarImplTest" time="0"/>
  <testcase name="testJL3" classname="org.chocosolver.solver.variables.fast.BitsetIntVarImplTest" time="0.001"/>
  <testcase name="testNextOut1" classname="org.chocosolver.solver.variables.fast.BitsetIntVarImplTest" time="0.001"/>
  <testcase name="testNextOut2" classname="org.chocosolver.solver.variables.fast.BitsetIntVarImplTest" time="0"/>
  <testcase name="testNextOut3" classname="org.chocosolver.solver.variables.fast.BitsetIntVarImplTest" time="0.001"/>
  <testcase name="testNextValue" classname="org.chocosolver.solver.variables.fast.BitsetIntVarImplTest" time="0"/>
  <testcase name="testPreviousOut1" classname="org.chocosolver.solver.variables.fast.BitsetIntVarImplTest" time="0.001"/>
  <testcase name="testPreviousOut2" classname="org.chocosolver.solver.variables.fast.BitsetIntVarImplTest" time="0.001"/>
  <testcase name="testPreviousOut3" classname="org.chocosolver.solver.variables.fast.BitsetIntVarImplTest" time="0"/>
  <testcase name="testPreviousValue" classname="org.chocosolver.solver.variables.fast.BitsetIntVarImplTest" time="0.001"/>
  <testcase name="testRemVals0" classname="org.chocosolver.solver.variables.fast.BitsetIntVarImplTest" time="0"/>
  <testcase name="testRemVals1" classname="org.chocosolver.solver.variables.fast.BitsetIntVarImplTest" time="0.001"/>
  <testcase name="testRemVals11" classname="org.chocosolver.solver.variables.fast.BitsetIntVarImplTest" time="0"/>
  <testcase name="testRemVals12" classname="org.chocosolver.solver.variables.fast.BitsetIntVarImplTest" time="0.001"/>
  <testcase name="testRemVals13" classname="org.chocosolver.solver.variables.fast.BitsetIntVarImplTest" time="0"/>
  <testcase name="testRemVals14" classname="org.chocosolver.solver.variables.fast.BitsetIntVarImplTest" time="0"/>
  <testcase name="testRemVals15" classname="org.chocosolver.solver.variables.fast.BitsetIntVarImplTest" time="0.001"/>
  <testcase name="testRemVals21" classname="org.chocosolver.solver.variables.fast.BitsetIntVarImplTest" time="0"/>
  <testcase name="testRemVals22" classname="org.chocosolver.solver.variables.fast.BitsetIntVarImplTest" time="0"/>
  <testcase name="testRemVals3" classname="org.chocosolver.solver.variables.fast.BitsetIntVarImplTest" time="0"/>
  <testcase name="testRemVals31" classname="org.chocosolver.solver.variables.fast.BitsetIntVarImplTest" time="0"/>
  <testcase name="testRemVals41" classname="org.chocosolver.solver.variables.fast.BitsetIntVarImplTest" time="0.001"/>
  <testcase name="testRemVals42" classname="org.chocosolver.solver.variables.fast.BitsetIntVarImplTest" time="0"/>
  <testcase name="testRemVals5" classname="org.chocosolver.solver.variables.fast.BitsetIntVarImplTest" time="0.001"/>
  <testcase name="testRemVals6" classname="org.chocosolver.solver.variables.fast.BitsetIntVarImplTest" time="0.001"/>
  <testcase name="testRemVals7" classname="org.chocosolver.solver.variables.fast.BitsetIntVarImplTest" time="0"/>
  <testcase name="testRemValsBut0" classname="org.chocosolver.solver.variables.fast.BitsetIntVarImplTest" time="0.001"/>
  <testcase name="testRemValsBut1" classname="org.chocosolver.solver.variables.fast.BitsetIntVarImplTest" time="0"/>
  <testcase name="testRemValsBut11" classname="org.chocosolver.solver.variables.fast.BitsetIntVarImplTest" time="0"/>
  <testcase name="testRemValsBut12" classname="org.chocosolver.solver.variables.fast.BitsetIntVarImplTest" time="0"/>
  <testcase name="testRemValsBut13" classname="org.chocosolver.solver.variables.fast.BitsetIntVarImplTest" time="0.001"/>
  <testcase name="testRemValsBut14" classname="org.chocosolver.solver.variables.fast.BitsetIntVarImplTest" time="0"/>
  <testcase name="testRemValsBut15" classname="org.chocosolver.solver.variables.fast.BitsetIntVarImplTest" time="0.001"/>
  <testcase name="testRemValsBut21" classname="org.chocosolver.solver.variables.fast.BitsetIntVarImplTest" time="0.001"/>
  <testcase name="testRemValsBut22" classname="org.chocosolver.solver.variables.fast.BitsetIntVarImplTest" time="0"/>
  <testcase name="testRemValsBut3" classname="org.chocosolver.solver.variables.fast.BitsetIntVarImplTest" time="0"/>
  <testcase name="testRemValsBut41" classname="org.chocosolver.solver.variables.fast.BitsetIntVarImplTest" time="0"/>
  <testcase name="testRemValsBut42" classname="org.chocosolver.solver.variables.fast.BitsetIntVarImplTest" time="0"/>
  <testcase name="testRemValsBut5" classname="org.chocosolver.solver.variables.fast.BitsetIntVarImplTest" time="0.001"/>
  <testcase name="testRemValsBut6" classname="org.chocosolver.solver.variables.fast.BitsetIntVarImplTest" time="0.001"/>
  <testcase name="testRemValsBut7" classname="org.chocosolver.solver.variables.fast.BitsetIntVarImplTest" time="0"/>
  <testcase name="testRemValsBut8" classname="org.chocosolver.solver.variables.fast.BitsetIntVarImplTest" time="0.001"/>
  <testcase name="testRemValsBut9" classname="org.chocosolver.solver.variables.fast.BitsetIntVarImplTest" time="0"/>
  <testcase name="testRemoveInterval" classname="org.chocosolver.solver.variables.fast.BitsetIntVarImplTest" time="0.001"/>
  <testcase name="testRemoveValue" classname="org.chocosolver.solver.variables.fast.BitsetIntVarImplTest" time="0"/>
  <testcase name="testUpdBounds1" classname="org.chocosolver.solver.variables.fast.BitsetIntVarImplTest" time="0.001"/>
  <testcase name="testUpdBounds10" classname="org.chocosolver.solver.variables.fast.BitsetIntVarImplTest" time="0.001"/>
  <testcase name="testUpdBounds11" classname="org.chocosolver.solver.variables.fast.BitsetIntVarImplTest" time="0.001"/>
  <testcase name="testUpdBounds2" classname="org.chocosolver.solver.variables.fast.BitsetIntVarImplTest" time="0"/>
  <testcase name="testUpdBounds3" classname="org.chocosolver.solver.variables.fast.BitsetIntVarImplTest" time="0.001"/>
  <testcase name="testUpdBounds4" classname="org.chocosolver.solver.variables.fast.BitsetIntVarImplTest" time="0.001"/>
  <testcase name="testUpdBounds5" classname="org.chocosolver.solver.variables.fast.BitsetIntVarImplTest" time="0.001"/>
  <testcase name="testUpdBounds6" classname="org.chocosolver.solver.variables.fast.BitsetIntVarImplTest" time="0"/>
  <testcase name="testUpdBounds7" classname="org.chocosolver.solver.variables.fast.BitsetIntVarImplTest" time="0.001"/>
  <testcase name="testUpdBounds8" classname="org.chocosolver.solver.variables.fast.BitsetIntVarImplTest" time="0"/>
  <testcase name="testUpdBounds9" classname="org.chocosolver.solver.variables.fast.BitsetIntVarImplTest" time="0.001"/>
  <testcase name="testUpdateLowerBound" classname="org.chocosolver.solver.variables.fast.BitsetIntVarImplTest" time="0.001"/>
  <testcase name="testUpdateUpperBound" classname="org.chocosolver.solver.variables.fast.BitsetIntVarImplTest" time="0"/>
  <testcase name="test1B" classname="org.chocosolver.solver.constraints.nary.ClauseChannelingTest" time="12.748"/>
  <testcase name="test1E" classname="org.chocosolver.solver.constraints.nary.ClauseChannelingTest" time="6.973"/>
  <testcase name="test2B" classname="org.chocosolver.solver.constraints.nary.ClauseChannelingTest" time="5.17"/>
  <testcase name="test2E" classname="org.chocosolver.solver.constraints.nary.ClauseChannelingTest" time="6.304"/>
  <testcase name="testAmIMeYet" classname="org.chocosolver.solver.constraints.ConstraintTest" time="0.006"/>
  <testcase name="testBooleanChannelingJL" classname="org.chocosolver.solver.constraints.ConstraintTest" time="0.038"/>
  <testcase name="testDependencyConditions" classname="org.chocosolver.solver.constraints.ConstraintTest" time="0.001"/>
  <testcase name="testDependencyConditions2" classname="org.chocosolver.solver.constraints.ConstraintTest" time="0.001"/>
  <testcase name="testJiTee1" classname="org.chocosolver.solver.constraints.ConstraintTest" time="0.029"/>
  <testcase name="testJiTee2" classname="org.chocosolver.solver.constraints.ConstraintTest" time="0.019"/>
  <testcase name="testJitee2" classname="org.chocosolver.solver.constraints.ConstraintTest" time="1.326"/>
  <testcase name="testOpposite1" classname="org.chocosolver.solver.constraints.ConstraintTest" time="0"/>
  <testcase name="testOpposite2" classname="org.chocosolver.solver.constraints.ConstraintTest" time="0.001"/>
  <testcase name="testOpposite3" classname="org.chocosolver.solver.constraints.ConstraintTest" time="0"/>
  <testcase name="testPostAndReif1" classname="org.chocosolver.solver.constraints.ConstraintTest" time="0.002"/>
  <testcase name="testPostAndReif2" classname="org.chocosolver.solver.constraints.ConstraintTest" time="0.001"/>
  <testcase name="testPostRemove1" classname="org.chocosolver.solver.constraints.ConstraintTest" time="0.001"/>
  <testcase name="testPostRemove2" classname="org.chocosolver.solver.constraints.ConstraintTest" time="0.001"/>
  <testcase name="testPostRemove3" classname="org.chocosolver.solver.constraints.ConstraintTest" time="0"/>
  <testcase name="testPostRemove4" classname="org.chocosolver.solver.constraints.ConstraintTest" time="0.001"/>
  <testcase name="testPostTwice1" classname="org.chocosolver.solver.constraints.ConstraintTest" time="0.001"/>
  <testcase name="testPostTwice2" classname="org.chocosolver.solver.constraints.ConstraintTest" time="0.001"/>
  <testcase name="testPostUnpostPost1" classname="org.chocosolver.solver.constraints.ConstraintTest" time="0.001"/>
  <testcase name="testUnlink1" classname="org.chocosolver.solver.constraints.ConstraintTest" time="0.001"/>
  <testcase name="testUnpost" classname="org.chocosolver.solver.constraints.ConstraintTest" time="0.004"/>
  <testcase name="testUnpost" classname="org.chocosolver.solver.constraints.ConstraintTest" time="0.001"/>
  <testcase name="testUnpost" classname="org.chocosolver.solver.constraints.ConstraintTest" time="0"/>
  <testcase name="testUnpost" classname="org.chocosolver.solver.constraints.ConstraintTest" time="0"/>
  <testcase name="test2" classname="org.chocosolver.solver.constraints.ternary.MinTest" time="0.001"/>
  <testcase name="ccostregular2" classname="org.chocosolver.solver.constraints.nary.RegularTest" time="0.482"/>
  <testcase name="compareVersionSpeedNew" classname="org.chocosolver.solver.constraints.nary.RegularTest" time="22.952"/>
  <testcase name="compareVersionSpeedNew2" classname="org.chocosolver.solver.constraints.nary.RegularTest" time="0.031"/>
  <testcase name="isCorrect" classname="org.chocosolver.solver.constraints.nary.RegularTest" time="2.916"/>
  <testcase name="isCorrect2" classname="org.chocosolver.solver.constraints.nary.RegularTest" time="8.679"/>
  <testcase name="testNeg" classname="org.chocosolver.solver.constraints.nary.RegularTest" time="0.001"/>
  <testcase name="testRG11" classname="org.chocosolver.solver.constraints.nary.RegularTest" time="11.892"/>
  <testcase name="testRG11" classname="org.chocosolver.solver.constraints.nary.RegularTest" time="12.535"/>
  <testcase name="testSimpleAuto" classname="org.chocosolver.solver.constraints.nary.RegularTest" time="0.32"/>
  <testcase name="testregExp1" classname="org.chocosolver.solver.constraints.nary.RegularTest" time="0.001"/>
  <testcase name="testregExp10" classname="org.chocosolver.solver.constraints.nary.RegularTest" time="0.045"/>
  <testcase name="testregExp11" classname="org.chocosolver.solver.constraints.nary.RegularTest" time="0.001"/>
  <testcase name="testregExp12" classname="org.chocosolver.solver.constraints.nary.RegularTest" time="0.017"/>
  <testcase name="testregExp2" classname="org.chocosolver.solver.constraints.nary.RegularTest" time="0.001"/>
  <testcase name="testregExp3" classname="org.chocosolver.solver.constraints.nary.RegularTest" time="0.006"/>
  <testcase name="testregExp4" classname="org.chocosolver.solver.constraints.nary.RegularTest" time="0.001"/>
  <testcase name="testregExp5" classname="org.chocosolver.solver.constraints.nary.RegularTest" time="0.001"/>
  <testcase name="testregExp6" classname="org.chocosolver.solver.constraints.nary.RegularTest" time="0.002"/>
  <testcase name="testregExp7" classname="org.chocosolver.solver.constraints.nary.RegularTest" time="0.028"/>
  <testcase name="testregExp8" classname="org.chocosolver.solver.constraints.nary.RegularTest" time="0.006"/>
  <testcase name="testregExp9" classname="org.chocosolver.solver.constraints.nary.RegularTest" time="0.001"/>
  <testcase name="testBoundsForAddition" classname="org.chocosolver.util.tools.VariableUtilsTest" time="0.206"/>
  <testcase name="testBoundsForDivision" classname="org.chocosolver.util.tools.VariableUtilsTest" time="0.358"/>
  <testcase name="testBoundsForMultiplication" classname="org.chocosolver.util.tools.VariableUtilsTest" time="0.425"/>
  <testcase name="testBoundsForSubstraction" classname="org.chocosolver.util.tools.VariableUtilsTest" time="0.199"/>
  <testcase name="testGetDomainSize" classname="org.chocosolver.solver.variables.fast.IntervalIntVarImplTest" time="0"/>
  <testcase name="testGetLB" classname="org.chocosolver.solver.variables.fast.IntervalIntVarImplTest" time="0.001"/>
  <testcase name="testGetRangeIterator" classname="org.chocosolver.solver.variables.fast.IntervalIntVarImplTest" time="0.001"/>
  <testcase name="testGetTypeAndKind" classname="org.chocosolver.solver.variables.fast.IntervalIntVarImplTest" time="0"/>
  <testcase name="testGetUB" classname="org.chocosolver.solver.variables.fast.IntervalIntVarImplTest" time="0"/>
  <testcase name="testGetValueIterator" classname="org.chocosolver.solver.variables.fast.IntervalIntVarImplTest" time="0"/>
  <testcase name="testHasEnumeratedDomain" classname="org.chocosolver.solver.variables.fast.IntervalIntVarImplTest" time="0.001"/>
  <testcase name="testNextOut1" classname="org.chocosolver.solver.variables.fast.IntervalIntVarImplTest" time="0"/>
  <testcase name="testNextOut2" classname="org.chocosolver.solver.variables.fast.IntervalIntVarImplTest" time="0.001"/>
  <testcase name="testNextValue" classname="org.chocosolver.solver.variables.fast.IntervalIntVarImplTest" time="0"/>
  <testcase name="testPreviousOut1" classname="org.chocosolver.solver.variables.fast.IntervalIntVarImplTest" time="0.001"/>
  <testcase name="testPreviousOut2" classname="org.chocosolver.solver.variables.fast.IntervalIntVarImplTest" time="0"/>
  <testcase name="testPreviousValue" classname="org.chocosolver.solver.variables.fast.IntervalIntVarImplTest" time="0.001"/>
  <testcase name="testRemVals1" classname="org.chocosolver.solver.variables.fast.IntervalIntVarImplTest" time="0"/>
  <testcase name="testRemVals21" classname="org.chocosolver.solver.variables.fast.IntervalIntVarImplTest" time="0"/>
  <testcase name="testRemVals22" classname="org.chocosolver.solver.variables.fast.IntervalIntVarImplTest" time="0"/>
  <testcase name="testRemVals3" classname="org.chocosolver.solver.variables.fast.IntervalIntVarImplTest" time="0"/>
  <testcase name="testRemVals31" classname="org.chocosolver.solver.variables.fast.IntervalIntVarImplTest" time="0.001"/>
  <testcase name="testRemVals41" classname="org.chocosolver.solver.variables.fast.IntervalIntVarImplTest" time="0"/>
  <testcase name="testRemVals42" classname="org.chocosolver.solver.variables.fast.IntervalIntVarImplTest" time="0.001"/>
  <testcase name="testRemVals5" classname="org.chocosolver.solver.variables.fast.IntervalIntVarImplTest" time="0.001"/>
  <testcase name="testRemValsBut1" classname="org.chocosolver.solver.variables.fast.IntervalIntVarImplTest" time="0"/>
  <testcase name="testRemValsBut21" classname="org.chocosolver.solver.variables.fast.IntervalIntVarImplTest" time="0"/>
  <testcase name="testRemValsBut22" classname="org.chocosolver.solver.variables.fast.IntervalIntVarImplTest" time="0.001"/>
  <testcase name="testRemValsBut3" classname="org.chocosolver.solver.variables.fast.IntervalIntVarImplTest" time="0"/>
  <testcase name="testRemValsBut31" classname="org.chocosolver.solver.variables.fast.IntervalIntVarImplTest" time="0.001"/>
  <testcase name="testRemValsBut41" classname="org.chocosolver.solver.variables.fast.IntervalIntVarImplTest" time="0"/>
  <testcase name="testRemValsBut42" classname="org.chocosolver.solver.variables.fast.IntervalIntVarImplTest" time="0"/>
  <testcase name="testRemValsBut8" classname="org.chocosolver.solver.variables.fast.IntervalIntVarImplTest" time="0.001"/>
  <testcase name="testRemValsBut9" classname="org.chocosolver.solver.variables.fast.IntervalIntVarImplTest" time="0"/>
  <testcase name="testRemoveInterval" classname="org.chocosolver.solver.variables.fast.IntervalIntVarImplTest" time="0.001"/>
  <testcase name="testRemoveValue" classname="org.chocosolver.solver.variables.fast.IntervalIntVarImplTest" time="0"/>
  <testcase name="testUpdBounds1" classname="org.chocosolver.solver.variables.fast.IntervalIntVarImplTest" time="0.001"/>
  <testcase name="testUpdBounds2" classname="org.chocosolver.solver.variables.fast.IntervalIntVarImplTest" time="0"/>
  <testcase name="testUpdBounds3" classname="org.chocosolver.solver.variables.fast.IntervalIntVarImplTest" time="0.001"/>
  <testcase name="testUpdBounds4" classname="org.chocosolver.solver.variables.fast.IntervalIntVarImplTest" time="0"/>
  <testcase name="testUpdBounds5" classname="org.chocosolver.solver.variables.fast.IntervalIntVarImplTest" time="0.001"/>
  <testcase name="testUpdateLowerBound" classname="org.chocosolver.solver.variables.fast.IntervalIntVarImplTest" time="0"/>
  <testcase name="testUpdateUpperBound" classname="org.chocosolver.solver.variables.fast.IntervalIntVarImplTest" time="0"/>
  <testcase name="test00" classname="org.chocosolver.solver.constraints.nary.InverseChannelingTest" time="0.003"/>
  <testcase name="testDomainsFiltering" classname="org.chocosolver.solver.constraints.nary.InverseChannelingTest" time="0.001"/>
  <testcase name="testDomainsFiltering" classname="org.chocosolver.solver.constraints.nary.InverseChannelingTest" time="0.001"/>
  <testcase name="testDomainsFiltering" classname="org.chocosolver.solver.constraints.nary.InverseChannelingTest" time="0.002"/>
  <testcase name="testDomainsFiltering" classname="org.chocosolver.solver.constraints.nary.InverseChannelingTest" time="0"/>
  <testcase name="testLengthsDiffer" classname="org.chocosolver.solver.constraints.nary.InverseChannelingTest" time="0.001"/>
  <testcase name="testLengthsDiffer" classname="org.chocosolver.solver.constraints.nary.InverseChannelingTest" time="0.001"/>
  <testcase name="testLengthsDiffer" classname="org.chocosolver.solver.constraints.nary.InverseChannelingTest" time="0.001"/>
  <testcase name="testLengthsDiffer" classname="org.chocosolver.solver.constraints.nary.InverseChannelingTest" time="0.001"/>
  <testcase name="testNoSolution" classname="org.chocosolver.solver.constraints.nary.InverseChannelingTest" time="0"/>
  <testcase name="testNoSolution" classname="org.chocosolver.solver.constraints.nary.InverseChannelingTest" time="0.001"/>
  <testcase name="testNoSolution" classname="org.chocosolver.solver.constraints.nary.InverseChannelingTest" time="0"/>
  <testcase name="testNoSolution" classname="org.chocosolver.solver.constraints.nary.InverseChannelingTest" time="0.001"/>
  <testcase name="testNominal" classname="org.chocosolver.solver.constraints.nary.InverseChannelingTest" time="0.032"/>
  <testcase name="testNominal" classname="org.chocosolver.solver.constraints.nary.InverseChannelingTest" time="0.012"/>
  <testcase name="testNominal" classname="org.chocosolver.solver.constraints.nary.InverseChannelingTest" time="0.014"/>
  <testcase name="testNominal" classname="org.chocosolver.solver.constraints.nary.InverseChannelingTest" time="0.007"/>
  <testcase name="knapsackTest" classname="org.chocosolver.solver.constraints.nary.KnapsackTest" time="0.777"/>
  <testcase name="knapsackTestBestValue" classname="org.chocosolver.solver.constraints.nary.KnapsackTest" time="0.256"/>
  <testcase name="test1" classname="org.chocosolver.solver.constraints.LogicTreeTest" time="0.001"/>
  <testcase name="test10" classname="org.chocosolver.solver.constraints.LogicTreeTest" time="0.19"/>
  <testcase name="test11" classname="org.chocosolver.solver.constraints.LogicTreeTest" time="0.001"/>
  <testcase name="test12" classname="org.chocosolver.solver.constraints.LogicTreeTest" time="0"/>
  <testcase name="test13" classname="org.chocosolver.solver.constraints.LogicTreeTest" time="0"/>
  <testcase name="test14" classname="org.chocosolver.solver.constraints.LogicTreeTest" time="0.001"/>
  <testcase name="test15" classname="org.chocosolver.solver.constraints.LogicTreeTest" time="0.004"/>
  <testcase name="test16" classname="org.chocosolver.solver.constraints.LogicTreeTest" time="0"/>
  <testcase name="test17" classname="org.chocosolver.solver.constraints.LogicTreeTest" time="0"/>
  <testcase name="test18" classname="org.chocosolver.solver.constraints.LogicTreeTest" time="0.001"/>
  <testcase name="test2" classname="org.chocosolver.solver.constraints.LogicTreeTest" time="0.001"/>
  <testcase name="test3" classname="org.chocosolver.solver.constraints.LogicTreeTest" time="0"/>
  <testcase name="test4" classname="org.chocosolver.solver.constraints.LogicTreeTest" time="0.001"/>
  <testcase name="test5" classname="org.chocosolver.solver.constraints.LogicTreeTest" time="0"/>
  <testcase name="test6" classname="org.chocosolver.solver.constraints.LogicTreeTest" time="0.001"/>
  <testcase name="test7" classname="org.chocosolver.solver.constraints.LogicTreeTest" time="0"/>
  <testcase name="test8" classname="org.chocosolver.solver.constraints.LogicTreeTest" time="0"/>
  <testcase name="test9" classname="org.chocosolver.solver.constraints.LogicTreeTest" time="0"/>
  <testcase name="testDivCeil" classname="org.chocosolver.util.tools.MathUtilsTest" time="0"/>
  <testcase name="testDivFloor" classname="org.chocosolver.util.tools.MathUtilsTest" time="0"/>
  <testcase name="testMinMax" classname="org.chocosolver.util.tools.MathUtilsTest" time="0"/>
  <testcase name="testSafeAdd" classname="org.chocosolver.util.tools.MathUtilsTest" time="0"/>
  <testcase name="testSafeMultiply" classname="org.chocosolver.util.tools.MathUtilsTest" time="0"/>
  <testcase name="testSafeSubstract" classname="org.chocosolver.util.tools.MathUtilsTest" time="0"/>
  <testcase name="test" classname="org.chocosolver.solver.constraints.binary.SquareTest" time="0.003"/>
  <testcase name="testCst" classname="org.chocosolver.solver.constraints.binary.SquareTest" time="0.001"/>
  <testcase name="testCstFail" classname="org.chocosolver.solver.constraints.binary.SquareTest" time="0"/>
  <testcase name="testCstNeg" classname="org.chocosolver.solver.constraints.binary.SquareTest" time="0"/>
  <testcase name="testSimple" classname="org.chocosolver.solver.constraints.binary.SquareTest" time="0"/>
  <testcase name="test1" classname="org.chocosolver.solver.constraints.binary.DistanceNQTest" time="0.691"/>
  <testcase name="test1" classname="org.chocosolver.solver.constraints.binary.DistanceNQTest" time="1.049"/>
  <testcase name="testAppend" classname="org.chocosolver.util.tools.ArrayUtilsTest" time="0.001"/>
  <testcase name="testAppend1" classname="org.chocosolver.util.tools.ArrayUtilsTest" time="0"/>
  <testcase name="testAppend3" classname="org.chocosolver.util.tools.ArrayUtilsTest" time="0.001"/>
  <testcase name="testAppend4" classname="org.chocosolver.util.tools.ArrayUtilsTest" time="0"/>
  <testcase name="testArray" classname="org.chocosolver.util.tools.ArrayUtilsTest" time="0"/>
  <testcase name="testArray2" classname="org.chocosolver.util.tools.ArrayUtilsTest" time="0.001"/>
  <testcase name="testArray3" classname="org.chocosolver.util.tools.ArrayUtilsTest" time="0.001"/>
  <testcase name="testBinarySearchInc1" classname="org.chocosolver.util.tools.ArrayUtilsTest" time="0"/>
  <testcase name="testContains" classname="org.chocosolver.util.tools.ArrayUtilsTest" time="0"/>
  <testcase name="testCreateNonRedundantSortedValues" classname="org.chocosolver.util.tools.ArrayUtilsTest" time="0"/>
  <testcase name="testFlatten" classname="org.chocosolver.util.tools.ArrayUtilsTest" time="0"/>
  <testcase name="testFlatten1" classname="org.chocosolver.util.tools.ArrayUtilsTest" time="0.001"/>
  <testcase name="testFlatten2" classname="org.chocosolver.util.tools.ArrayUtilsTest" time="0"/>
  <testcase name="testFlattenSubMatrix" classname="org.chocosolver.util.tools.ArrayUtilsTest" time="0.001"/>
  <testcase name="testGet" classname="org.chocosolver.util.tools.ArrayUtilsTest" time="0"/>
  <testcase name="testGet1" classname="org.chocosolver.util.tools.ArrayUtilsTest" time="0.003"/>
  <testcase name="testGetColumn" classname="org.chocosolver.util.tools.ArrayUtilsTest" time="0"/>
  <testcase name="testGetColumn1" classname="org.chocosolver.util.tools.ArrayUtilsTest" time="0.001"/>
  <testcase name="testGetColumn3" classname="org.chocosolver.util.tools.ArrayUtilsTest" time="0"/>
  <testcase name="testGetColumn4" classname="org.chocosolver.util.tools.ArrayUtilsTest" time="0"/>
  <testcase name="testGetColumn5" classname="org.chocosolver.util.tools.ArrayUtilsTest" time="0.001"/>
  <testcase name="testGetColumn6" classname="org.chocosolver.util.tools.ArrayUtilsTest" time="0.001"/>
  <testcase name="testInverseSign" classname="org.chocosolver.util.tools.ArrayUtilsTest" time="0"/>
  <testcase name="testLength" classname="org.chocosolver.util.tools.ArrayUtilsTest" time="0.001"/>
  <testcase name="testLinspace" classname="org.chocosolver.util.tools.ArrayUtilsTest" time="0"/>
  <testcase name="testLinspace2" classname="org.chocosolver.util.tools.ArrayUtilsTest" time="0"/>
  <testcase name="testOneToN" classname="org.chocosolver.util.tools.ArrayUtilsTest" time="0"/>
  <testcase name="testOneToN2" classname="org.chocosolver.util.tools.ArrayUtilsTest" time="0.001"/>
  <testcase name="testPermutation" classname="org.chocosolver.util.tools.ArrayUtilsTest" time="0.001"/>
  <testcase name="testReverse" classname="org.chocosolver.util.tools.ArrayUtilsTest" time="0"/>
  <testcase name="testReverse1" classname="org.chocosolver.util.tools.ArrayUtilsTest" time="0"/>
  <testcase name="testReverse2" classname="org.chocosolver.util.tools.ArrayUtilsTest" time="0.001"/>
  <testcase name="testSort" classname="org.chocosolver.util.tools.ArrayUtilsTest" time="0.003"/>
  <testcase name="testSwallowCopy" classname="org.chocosolver.util.tools.ArrayUtilsTest" time="0.001"/>
  <testcase name="testSwallowCopy1" classname="org.chocosolver.util.tools.ArrayUtilsTest" time="0.001"/>
  <testcase name="testTranspose" classname="org.chocosolver.util.tools.ArrayUtilsTest" time="0"/>
  <testcase name="testTranspose1" classname="org.chocosolver.util.tools.ArrayUtilsTest" time="0"/>
  <testcase name="testZeroToN" classname="org.chocosolver.util.tools.ArrayUtilsTest" time="0"/>
  <testcase name="testZeroToN2" classname="org.chocosolver.util.tools.ArrayUtilsTest" time="0"/>
  <testcase name="toArray" classname="org.chocosolver.util.tools.ArrayUtilsTest" time="0"/>
  <testcase name="testGetDomainSize" classname="org.chocosolver.solver.variables.fast.BitsetArrayIntVarImplTest" time="0.001"/>
  <testcase name="testGetLB" classname="org.chocosolver.solver.variables.fast.BitsetArrayIntVarImplTest" time="0"/>
  <testcase name="testGetRangeIterator" classname="org.chocosolver.solver.variables.fast.BitsetArrayIntVarImplTest" time="0"/>
  <testcase name="testGetTypeAndKind" classname="org.chocosolver.solver.variables.fast.BitsetArrayIntVarImplTest" time="0.001"/>
  <testcase name="testGetUB" classname="org.chocosolver.solver.variables.fast.BitsetArrayIntVarImplTest" time="0"/>
  <testcase name="testGetValueIterator" classname="org.chocosolver.solver.variables.fast.BitsetArrayIntVarImplTest" time="0.001"/>
  <testcase name="testHasEnumeratedDomain" classname="org.chocosolver.solver.variables.fast.BitsetArrayIntVarImplTest" time="0"/>
  <testcase name="testJL01" classname="org.chocosolver.solver.variables.fast.BitsetArrayIntVarImplTest" time="0.002"/>
  <testcase name="testJL02" classname="org.chocosolver.solver.variables.fast.BitsetArrayIntVarImplTest" time="0.001"/>
  <testcase name="testJL03" classname="org.chocosolver.solver.variables.fast.BitsetArrayIntVarImplTest" time="0.001"/>
  <testcase name="testJL04" classname="org.chocosolver.solver.variables.fast.BitsetArrayIntVarImplTest" time="0.001"/>
  <testcase name="testNextOut1" classname="org.chocosolver.solver.variables.fast.BitsetArrayIntVarImplTest" time="0.001"/>
  <testcase name="testNextOut2" classname="org.chocosolver.solver.variables.fast.BitsetArrayIntVarImplTest" time="0"/>
  <testcase name="testNextOut3" classname="org.chocosolver.solver.variables.fast.BitsetArrayIntVarImplTest" time="0.001"/>
  <testcase name="testNextValue" classname="org.chocosolver.solver.variables.fast.BitsetArrayIntVarImplTest" time="0"/>
  <testcase name="testPreviousOut1" classname="org.chocosolver.solver.variables.fast.BitsetArrayIntVarImplTest" time="0"/>
  <testcase name="testPreviousOut2" classname="org.chocosolver.solver.variables.fast.BitsetArrayIntVarImplTest" time="0.001"/>
  <testcase name="testPreviousOut3" classname="org.chocosolver.solver.variables.fast.BitsetArrayIntVarImplTest" time="0"/>
  <testcase name="testPreviousValue" classname="org.chocosolver.solver.variables.fast.BitsetArrayIntVarImplTest" time="0.001"/>
  <testcase name="testRemVals0" classname="org.chocosolver.solver.variables.fast.BitsetArrayIntVarImplTest" time="0"/>
  <testcase name="testRemVals1" classname="org.chocosolver.solver.variables.fast.BitsetArrayIntVarImplTest" time="0"/>
  <testcase name="testRemVals11" classname="org.chocosolver.solver.variables.fast.BitsetArrayIntVarImplTest" time="0.001"/>
  <testcase name="testRemVals12" classname="org.chocosolver.solver.variables.fast.BitsetArrayIntVarImplTest" time="0"/>
  <testcase name="testRemVals13" classname="org.chocosolver.solver.variables.fast.BitsetArrayIntVarImplTest" time="0.001"/>
  <testcase name="testRemVals14" classname="org.chocosolver.solver.variables.fast.BitsetArrayIntVarImplTest" time="0"/>
  <testcase name="testRemVals15" classname="org.chocosolver.solver.variables.fast.BitsetArrayIntVarImplTest" time="0"/>
  <testcase name="testRemVals21" classname="org.chocosolver.solver.variables.fast.BitsetArrayIntVarImplTest" time="0.001"/>
  <testcase name="testRemVals22" classname="org.chocosolver.solver.variables.fast.BitsetArrayIntVarImplTest" time="0"/>
  <testcase name="testRemVals3" classname="org.chocosolver.solver.variables.fast.BitsetArrayIntVarImplTest" time="0"/>
  <testcase name="testRemVals31" classname="org.chocosolver.solver.variables.fast.BitsetArrayIntVarImplTest" time="0.001"/>
  <testcase name="testRemVals41" classname="org.chocosolver.solver.variables.fast.BitsetArrayIntVarImplTest" time="0"/>
  <testcase name="testRemVals42" classname="org.chocosolver.solver.variables.fast.BitsetArrayIntVarImplTest" time="0.001"/>
  <testcase name="testRemVals5" classname="org.chocosolver.solver.variables.fast.BitsetArrayIntVarImplTest" time="0.001"/>
  <testcase name="testRemVals6" classname="org.chocosolver.solver.variables.fast.BitsetArrayIntVarImplTest" time="0.001"/>
  <testcase name="testRemVals7" classname="org.chocosolver.solver.variables.fast.BitsetArrayIntVarImplTest" time="0"/>
  <testcase name="testRemVals81" classname="org.chocosolver.solver.variables.fast.BitsetArrayIntVarImplTest" time="0.001"/>
  <testcase name="testRemVals82" classname="org.chocosolver.solver.variables.fast.BitsetArrayIntVarImplTest" time="0.001"/>
  <testcase name="testRemValsBut0" classname="org.chocosolver.solver.variables.fast.BitsetArrayIntVarImplTest" time="0.001"/>
  <testcase name="testRemValsBut1" classname="org.chocosolver.solver.variables.fast.BitsetArrayIntVarImplTest" time="0"/>
  <testcase name="testRemValsBut11" classname="org.chocosolver.solver.variables.fast.BitsetArrayIntVarImplTest" time="0.001"/>
  <testcase name="testRemValsBut12" classname="org.chocosolver.solver.variables.fast.BitsetArrayIntVarImplTest" time="0.003"/>
  <testcase name="testRemValsBut13" classname="org.chocosolver.solver.variables.fast.BitsetArrayIntVarImplTest" time="0.001"/>
  <testcase name="testRemValsBut14" classname="org.chocosolver.solver.variables.fast.BitsetArrayIntVarImplTest" time="0.001"/>
  <testcase name="testRemValsBut15" classname="org.chocosolver.solver.variables.fast.BitsetArrayIntVarImplTest" time="0.001"/>
  <testcase name="testRemValsBut21" classname="org.chocosolver.solver.variables.fast.BitsetArrayIntVarImplTest" time="0.001"/>
  <testcase name="testRemValsBut22" classname="org.chocosolver.solver.variables.fast.BitsetArrayIntVarImplTest" time="0.001"/>
  <testcase name="testRemValsBut3" classname="org.chocosolver.solver.variables.fast.BitsetArrayIntVarImplTest" time="0"/>
  <testcase name="testRemValsBut41" classname="org.chocosolver.solver.variables.fast.BitsetArrayIntVarImplTest" time="0.001"/>
  <testcase name="testRemValsBut42" classname="org.chocosolver.solver.variables.fast.BitsetArrayIntVarImplTest" time="0.001"/>
  <testcase name="testRemValsBut5" classname="org.chocosolver.solver.variables.fast.BitsetArrayIntVarImplTest" time="0.001"/>
  <testcase name="testRemValsBut6" classname="org.chocosolver.solver.variables.fast.BitsetArrayIntVarImplTest" time="0.001"/>
  <testcase name="testRemValsBut7" classname="org.chocosolver.solver.variables.fast.BitsetArrayIntVarImplTest" time="0.001"/>
  <testcase name="testRemValsBut8" classname="org.chocosolver.solver.variables.fast.BitsetArrayIntVarImplTest" time="0"/>
  <testcase name="testRemValsBut9" classname="org.chocosolver.solver.variables.fast.BitsetArrayIntVarImplTest" time="0.001"/>
  <testcase name="testRemoveInterval" classname="org.chocosolver.solver.variables.fast.BitsetArrayIntVarImplTest" time="0.001"/>
  <testcase name="testRemoveValue" classname="org.chocosolver.solver.variables.fast.BitsetArrayIntVarImplTest" time="0"/>
  <testcase name="testUpdBounds1" classname="org.chocosolver.solver.variables.fast.BitsetArrayIntVarImplTest" time="0"/>
  <testcase name="testUpdBounds10" classname="org.chocosolver.solver.variables.fast.BitsetArrayIntVarImplTest" time="0.001"/>
  <testcase name="testUpdBounds11" classname="org.chocosolver.solver.variables.fast.BitsetArrayIntVarImplTest" time="0.001"/>
  <testcase name="testUpdBounds2" classname="org.chocosolver.solver.variables.fast.BitsetArrayIntVarImplTest" time="0.001"/>
  <testcase name="testUpdBounds3" classname="org.chocosolver.solver.variables.fast.BitsetArrayIntVarImplTest" time="0.001"/>
  <testcase name="testUpdBounds4" classname="org.chocosolver.solver.variables.fast.BitsetArrayIntVarImplTest" time="0"/>
  <testcase name="testUpdBounds5" classname="org.chocosolver.solver.variables.fast.BitsetArrayIntVarImplTest" time="0.001"/>
  <testcase name="testUpdBounds6" classname="org.chocosolver.solver.variables.fast.BitsetArrayIntVarImplTest" time="0.001"/>
  <testcase name="testUpdBounds7" classname="org.chocosolver.solver.variables.fast.BitsetArrayIntVarImplTest" time="0.001"/>
  <testcase name="testUpdBounds8" classname="org.chocosolver.solver.variables.fast.BitsetArrayIntVarImplTest" time="0"/>
  <testcase name="testUpdBounds9" classname="org.chocosolver.solver.variables.fast.BitsetArrayIntVarImplTest" time="0.001"/>
  <testcase name="testUpdateLowerBound" classname="org.chocosolver.solver.variables.fast.BitsetArrayIntVarImplTest" time="0.001"/>
  <testcase name="testUpdateUpperBound" classname="org.chocosolver.solver.variables.fast.BitsetArrayIntVarImplTest" time="0"/>
  <testcase name="test2" classname="org.chocosolver.solver.constraints.nary.CountTest" time="0.04"/>
  <testcase name="test2VB" classname="org.chocosolver.solver.constraints.nary.CountTest" time="0.007"/>
  <testcase name="test2VE" classname="org.chocosolver.solver.constraints.nary.CountTest" time="0.005"/>
  <testcase name="testMS4" classname="org.chocosolver.solver.constraints.nary.CountTest" time="0.001"/>
  <testcase name="testMS8" classname="org.chocosolver.solver.constraints.nary.CountTest" time="0.001"/>
  <testcase name="testRandomProblems" classname="org.chocosolver.solver.constraints.nary.CountTest" time="5.347"/>
  <testcase name="testAshish" classname="org.chocosolver.solver.constraints.nary.LexTest" time="0.001"/>
  <testcase name="testBug1" classname="org.chocosolver.solver.constraints.nary.LexTest" time="0"/>
  <testcase name="testBug2" classname="org.chocosolver.solver.constraints.nary.LexTest" time="0"/>
  <testcase name="testBug3" classname="org.chocosolver.solver.constraints.nary.LexTest" time="0.001"/>
  <testcase name="testBug4" classname="org.chocosolver.solver.constraints.nary.LexTest" time="0.002"/>
  <testcase name="testBug5" classname="org.chocosolver.solver.constraints.nary.LexTest" time="0.001"/>
  <testcase name="testLessLexq" classname="org.chocosolver.solver.constraints.nary.LexTest" time="0.077"/>
  <testcase name="testLex" classname="org.chocosolver.solver.constraints.nary.LexTest" time="0.061"/>
  <testcase name="testLexiSatisfied" classname="org.chocosolver.solver.constraints.nary.LexTest" time="0.001"/>
  <testcase name="testAllDifferentDecomp" classname="org.chocosolver.solver.constraints.reification.ReifiedTest" time="5.877"/>
  <testcase name="testAllDifferentDecompSpe1" classname="org.chocosolver.solver.constraints.reification.ReifiedTest" time="0.001"/>
  <testcase name="testBACP" classname="org.chocosolver.solver.constraints.reification.ReifiedTest" time="0.001"/>
  <testcase name="testRandomEq" classname="org.chocosolver.solver.constraints.reification.ReifiedTest" time="0.064"/>
  <testcase name="testRandomMember" classname="org.chocosolver.solver.constraints.reification.ReifiedTest" time="0.001"/>
  <testcase name="testRandomNeq" classname="org.chocosolver.solver.constraints.reification.ReifiedTest" time="0.07"/>
  <testcase name="test_reif" classname="org.chocosolver.solver.constraints.reification.ReifiedTest" time="0.001"/>
  <testcase name="test_reif" classname="org.chocosolver.solver.constraints.reification.ReifiedTest" time="0"/>
  <testcase name="test_reif" classname="org.chocosolver.solver.constraints.reification.ReifiedTest" time="0.001"/>
  <testcase name="test_reif" classname="org.chocosolver.solver.constraints.reification.ReifiedTest" time="0"/>
  <testcase name="test_reif" classname="org.chocosolver.solver.constraints.reification.ReifiedTest" time="0.001"/>
  <testcase name="test_reif" classname="org.chocosolver.solver.constraints.reification.ReifiedTest" time="0"/>
  <testcase name="test_reif" classname="org.chocosolver.solver.constraints.reification.ReifiedTest" time="0.001"/>
  <testcase name="test_reif" classname="org.chocosolver.solver.constraints.reification.ReifiedTest" time="0.001"/>
  <testcase name="test_reif" classname="org.chocosolver.solver.constraints.reification.ReifiedTest" time="0"/>
  <testcase name="test_reif2" classname="org.chocosolver.solver.constraints.reification.ReifiedTest" time="0.001"/>
  <testcase name="test_reif2" classname="org.chocosolver.solver.constraints.reification.ReifiedTest" time="0"/>
  <testcase name="test_reif2" classname="org.chocosolver.solver.constraints.reification.ReifiedTest" time="0"/>
  <testcase name="test_reif2" classname="org.chocosolver.solver.constraints.reification.ReifiedTest" time="0"/>
  <testcase name="test_reif2" classname="org.chocosolver.solver.constraints.reification.ReifiedTest" time="0.001"/>
  <testcase name="test_reif2" classname="org.chocosolver.solver.constraints.reification.ReifiedTest" time="0"/>
  <testcase name="test_reif2" classname="org.chocosolver.solver.constraints.reification.ReifiedTest" time="0.001"/>
  <testcase name="test_reif2" classname="org.chocosolver.solver.constraints.reification.ReifiedTest" time="0"/>
  <testcase name="test_reif2" classname="org.chocosolver.solver.constraints.reification.ReifiedTest" time="0.001"/>
  <testcase name="test_wellaweg1" classname="org.chocosolver.solver.constraints.reification.ReifiedTest" time="0.001"/>
  <testcase name="test_wellaweg3" classname="org.chocosolver.solver.constraints.reification.ReifiedTest" time="0"/>
  <testcase name="test_wellaweg4" classname="org.chocosolver.solver.constraints.reification.ReifiedTest" time="0"/>
  <testcase name="test_wellaweg5" classname="org.chocosolver.solver.constraints.reification.ReifiedTest" time="0"/>
  <testcase name="testESat" classname="org.chocosolver.util.ESatTest" time="0.001"/>
  <testcase name="test3" classname="org.chocosolver.solver.constraints.reification.PropConDisTest" time="7.06"/>
  <testcase name="test4" classname="org.chocosolver.solver.constraints.reification.PropConDisTest" time="0.507"/>
  <testcase name="testCD1" classname="org.chocosolver.solver.constraints.reification.PropConDisTest" time="0.002"/>
  <testcase name="testCD2" classname="org.chocosolver.solver.constraints.reification.PropConDisTest" time="0.001"/>
  <testcase name="test1" classname="org.chocosolver.solver.variables.ScaleViewTest" time="0"/>
  <testcase name="test2" classname="org.chocosolver.solver.variables.ScaleViewTest" time="0"/>
  <testcase name="testCP01" classname="org.chocosolver.solver.variables.ScaleViewTest" time="0.001"/>
  <testcase name="testDec1" classname="org.chocosolver.solver.variables.ScaleViewTest" time="0.001"/>
  <testcase name="testIt1" classname="org.chocosolver.solver.variables.ScaleViewTest" time="0.008"/>
  <testcase name="testIt2" classname="org.chocosolver.solver.variables.ScaleViewTest" time="0.005"/>
  <testcase name="testJL01" classname="org.chocosolver.solver.variables.ScaleViewTest" time="0.001"/>
  <testcase name="testRandom1" classname="org.chocosolver.solver.variables.ScaleViewTest" time="5.036"/>
  <testcase name="testRandom2" classname="org.chocosolver.solver.variables.ScaleViewTest" time="0.538"/>
  <testcase name="test" classname="org.chocosolver.solver.constraints.nary.SubcircuitTest" time="0.004"/>
  <testcase name="test1" classname="org.chocosolver.solver.constraints.nary.SubcircuitTest" time="0.001"/>
  <testcase name="test11" classname="org.chocosolver.solver.constraints.nary.SubcircuitTest" time="0.007"/>
  <testcase name="test2" classname="org.chocosolver.solver.constraints.nary.SubcircuitTest" time="0.001"/>
  <testcase name="test3" classname="org.chocosolver.solver.constraints.nary.SubcircuitTest" time="0.005"/>
  <testcase name="test4" classname="org.chocosolver.solver.constraints.nary.SubcircuitTest" time="0.018"/>
  <testcase name="test1" classname="org.chocosolver.solver.constraints.nary.TreeTest" time="0.26"/>
  <testcase name="test1" classname="org.chocosolver.solver.constraints.ClauseTest" time="0"/>
  <testcase name="test1" classname="org.chocosolver.solver.constraints.ClauseTest" time="0"/>
  <testcase name="test1" classname="org.chocosolver.solver.constraints.ClauseTest" time="0.001"/>
  <testcase name="test1" classname="org.chocosolver.solver.constraints.ClauseTest" time="0.001"/>
  <testcase name="test1" classname="org.chocosolver.solver.constraints.ClauseTest" time="0"/>
  <testcase name="test1" classname="org.chocosolver.solver.constraints.ClauseTest" time="0.001"/>
  <testcase name="test1" classname="org.chocosolver.solver.constraints.ClauseTest" time="0"/>
  <testcase name="test1" classname="org.chocosolver.solver.constraints.ClauseTest" time="0.001"/>
  <testcase name="test1" classname="org.chocosolver.solver.constraints.ClauseTest" time="0"/>
  <testcase name="test1" classname="org.chocosolver.solver.constraints.ClauseTest" time="0.001"/>
  <testcase name="test1" classname="org.chocosolver.solver.constraints.ClauseTest" time="0"/>
  <testcase name="test1" classname="org.chocosolver.solver.constraints.ClauseTest" time="0.001"/>
  <testcase name="test1" classname="org.chocosolver.solver.constraints.ClauseTest" time="0"/>
  <testcase name="test1" classname="org.chocosolver.solver.constraints.ClauseTest" time="0"/>
  <testcase name="test1" classname="org.chocosolver.solver.constraints.ClauseTest" time="0.001"/>
  <testcase name="test1" classname="org.chocosolver.solver.constraints.ClauseTest" time="0.001"/>
  <testcase name="test1" classname="org.chocosolver.solver.constraints.ClauseTest" time="0"/>
  <testcase name="test1" classname="org.chocosolver.solver.constraints.ClauseTest" time="0"/>
  <testcase name="test1" classname="org.chocosolver.solver.constraints.ClauseTest" time="0.001"/>
  <testcase name="test1" classname="org.chocosolver.solver.constraints.ClauseTest" time="0"/>
  <testcase name="test1" classname="org.chocosolver.solver.constraints.ClauseTest" time="0.001"/>
  <testcase name="test1" classname="org.chocosolver.solver.constraints.ClauseTest" time="0.001"/>
  <testcase name="test1" classname="org.chocosolver.solver.constraints.ClauseTest" time="0.001"/>
  <testcase name="test1" classname="org.chocosolver.solver.constraints.ClauseTest" time="0.001"/>
  <testcase name="test1" classname="org.chocosolver.solver.constraints.ClauseTest" time="0.001"/>
  <testcase name="test1" classname="org.chocosolver.solver.constraints.ClauseTest" time="0.001"/>
  <testcase name="test1" classname="org.chocosolver.solver.constraints.ClauseTest" time="0.001"/>
  <testcase name="test1" classname="org.chocosolver.solver.constraints.ClauseTest" time="0.001"/>
  <testcase name="test1" classname="org.chocosolver.solver.constraints.ClauseTest" time="0.001"/>
  <testcase name="test1" classname="org.chocosolver.solver.constraints.ClauseTest" time="0.001"/>
  <testcase name="test1" classname="org.chocosolver.solver.constraints.ClauseTest" time="0.001"/>
  <testcase name="test1" classname="org.chocosolver.solver.constraints.ClauseTest" time="0.001"/>
  <testcase name="test1" classname="org.chocosolver.solver.constraints.ClauseTest" time="0.001"/>
  <testcase name="test1" classname="org.chocosolver.solver.constraints.ClauseTest" time="0.001"/>
  <testcase name="test1" classname="org.chocosolver.solver.constraints.ClauseTest" time="0"/>
  <testcase name="test1" classname="org.chocosolver.solver.constraints.ClauseTest" time="0.001"/>
  <testcase name="test1" classname="org.chocosolver.solver.constraints.ClauseTest" time="0.001"/>
  <testcase name="test1" classname="org.chocosolver.solver.constraints.ClauseTest" time="0.002"/>
  <testcase name="test1" classname="org.chocosolver.solver.constraints.ClauseTest" time="0.001"/>
  <testcase name="test1" classname="org.chocosolver.solver.constraints.ClauseTest" time="0.001"/>
  <testcase name="test1" classname="org.chocosolver.solver.constraints.ClauseTest" time="0.001"/>
  <testcase name="test1" classname="org.chocosolver.solver.constraints.ClauseTest" time="0.001"/>
  <testcase name="test1" classname="org.chocosolver.solver.constraints.ClauseTest" time="0.002"/>
  <testcase name="test1" classname="org.chocosolver.solver.constraints.ClauseTest" time="0.001"/>
  <testcase name="test1" classname="org.chocosolver.solver.constraints.ClauseTest" time="0.002"/>
  <testcase name="test1" classname="org.chocosolver.solver.constraints.ClauseTest" time="0.002"/>
  <testcase name="test1" classname="org.chocosolver.solver.constraints.ClauseTest" time="0.003"/>
  <testcase name="test1" classname="org.chocosolver.solver.constraints.ClauseTest" time="0.002"/>
  <testcase name="test1" classname="org.chocosolver.solver.constraints.ClauseTest" time="0.003"/>
  <testcase name="test1" classname="org.chocosolver.solver.constraints.ClauseTest" time="0.002"/>
  <testcase name="test1" classname="org.chocosolver.solver.constraints.ClauseTest" time="0.003"/>
  <testcase name="test1" classname="org.chocosolver.solver.constraints.ClauseTest" time="0.002"/>
  <testcase name="test1" classname="org.chocosolver.solver.constraints.ClauseTest" time="0.002"/>
  <testcase name="test1" classname="org.chocosolver.solver.constraints.ClauseTest" time="0.002"/>
  <testcase name="test1" classname="org.chocosolver.solver.constraints.ClauseTest" time="0.004"/>
  <testcase name="test1" classname="org.chocosolver.solver.constraints.ClauseTest" time="0.004"/>
  <testcase name="test1" classname="org.chocosolver.solver.constraints.ClauseTest" time="0.004"/>
  <testcase name="test1" classname="org.chocosolver.solver.constraints.ClauseTest" time="0.004"/>
  <testcase name="test1" classname="org.chocosolver.solver.constraints.ClauseTest" time="0.004"/>
  <testcase name="test1" classname="org.chocosolver.solver.constraints.ClauseTest" time="0.004"/>
  <testcase name="test1" classname="org.chocosolver.solver.constraints.ClauseTest" time="0.004"/>
  <testcase name="test1" classname="org.chocosolver.solver.constraints.ClauseTest" time="0.004"/>
  <testcase name="test1" classname="org.chocosolver.solver.constraints.ClauseTest" time="0.004"/>
  <testcase name="test1" classname="org.chocosolver.solver.constraints.ClauseTest" time="0.003"/>
  <testcase name="test1" classname="org.chocosolver.solver.constraints.ClauseTest" time="0.004"/>
  <testcase name="test1" classname="org.chocosolver.solver.constraints.ClauseTest" time="0.011"/>
  <testcase name="test1" classname="org.chocosolver.solver.constraints.ClauseTest" time="0.008"/>
  <testcase name="test1" classname="org.chocosolver.solver.constraints.ClauseTest" time="0.008"/>
  <testcase name="test1" classname="org.chocosolver.solver.constraints.ClauseTest" time="0.008"/>
  <testcase name="test1" classname="org.chocosolver.solver.constraints.ClauseTest" time="0.008"/>
  <testcase name="test1" classname="org.chocosolver.solver.constraints.ClauseTest" time="0.007"/>
  <testcase name="test1" classname="org.chocosolver.solver.constraints.ClauseTest" time="0.008"/>
  <testcase name="test1" classname="org.chocosolver.solver.constraints.ClauseTest" time="0.008"/>
  <testcase name="test1" classname="org.chocosolver.solver.constraints.ClauseTest" time="0.008"/>
  <testcase name="test1" classname="org.chocosolver.solver.constraints.ClauseTest" time="0.009"/>
  <testcase name="test1" classname="org.chocosolver.solver.constraints.ClauseTest" time="0.011"/>
  <testcase name="test1" classname="org.chocosolver.solver.constraints.ClauseTest" time="0.007"/>
  <testcase name="test1" classname="org.chocosolver.solver.constraints.ClauseTest" time="0.025"/>
  <testcase name="test1" classname="org.chocosolver.solver.constraints.ClauseTest" time="0.02"/>
  <testcase name="test1" classname="org.chocosolver.solver.constraints.ClauseTest" time="0.02"/>
  <testcase name="test1" classname="org.chocosolver.solver.constraints.ClauseTest" time="0.022"/>
  <testcase name="test1" classname="org.chocosolver.solver.constraints.ClauseTest" time="0.013"/>
  <testcase name="test1" classname="org.chocosolver.solver.constraints.ClauseTest" time="0.015"/>
  <testcase name="test1" classname="org.chocosolver.solver.constraints.ClauseTest" time="0.013"/>
  <testcase name="test1" classname="org.chocosolver.solver.constraints.ClauseTest" time="0.014"/>
  <testcase name="test1" classname="org.chocosolver.solver.constraints.ClauseTest" time="0.013"/>
  <testcase name="test1" classname="org.chocosolver.solver.constraints.ClauseTest" time="0.014"/>
  <testcase name="test1" classname="org.chocosolver.solver.constraints.ClauseTest" time="0.013"/>
  <testcase name="test1" classname="org.chocosolver.solver.constraints.ClauseTest" time="0.013"/>
  <testcase name="test1" classname="org.chocosolver.solver.constraints.ClauseTest" time="0.011"/>
  <testcase name="test1" classname="org.chocosolver.solver.constraints.ClauseTest" time="0.041"/>
  <testcase name="test1" classname="org.chocosolver.solver.constraints.ClauseTest" time="0.029"/>
  <testcase name="test1" classname="org.chocosolver.solver.constraints.ClauseTest" time="0.034"/>
  <testcase name="test1" classname="org.chocosolver.solver.constraints.ClauseTest" time="0.027"/>
  <testcase name="test1" classname="org.chocosolver.solver.constraints.ClauseTest" time="0.028"/>
  <testcase name="test1" classname="org.chocosolver.solver.constraints.ClauseTest" time="0.026"/>
  <testcase name="test1" classname="org.chocosolver.solver.constraints.ClauseTest" time="0.028"/>
  <testcase name="test1" classname="org.chocosolver.solver.constraints.ClauseTest" time="0.026"/>
  <testcase name="test1" classname="org.chocosolver.solver.constraints.ClauseTest" time="0.027"/>
  <testcase name="test1" classname="org.chocosolver.solver.constraints.ClauseTest" time="0.027"/>
  <testcase name="test1" classname="org.chocosolver.solver.constraints.ClauseTest" time="0.027"/>
  <testcase name="test1" classname="org.chocosolver.solver.constraints.ClauseTest" time="0.028"/>
  <testcase name="test1" classname="org.chocosolver.solver.constraints.ClauseTest" time="0.026"/>
  <testcase name="test1" classname="org.chocosolver.solver.constraints.ClauseTest" time="0.021"/>
  <testcase name="test1" classname="org.chocosolver.solver.constraints.ClauseTest" time="0.056"/>
  <testcase name="test1" classname="org.chocosolver.solver.constraints.ClauseTest" time="0.054"/>
  <testcase name="test1" classname="org.chocosolver.solver.constraints.ClauseTest" time="0.054"/>
  <testcase name="test1" classname="org.chocosolver.solver.constraints.ClauseTest" time="0.055"/>
  <testcase name="test1" classname="org.chocosolver.solver.constraints.ClauseTest" time="0.084"/>
  <testcase name="test1" classname="org.chocosolver.solver.constraints.ClauseTest" time="0.061"/>
  <testcase name="test1" classname="org.chocosolver.solver.constraints.ClauseTest" time="0.053"/>
  <testcase name="test1" classname="org.chocosolver.solver.constraints.ClauseTest" time="0.054"/>
  <testcase name="test1" classname="org.chocosolver.solver.constraints.ClauseTest" time="0.053"/>
  <testcase name="test1" classname="org.chocosolver.solver.constraints.ClauseTest" time="0.055"/>
  <testcase name="test1" classname="org.chocosolver.solver.constraints.ClauseTest" time="0.053"/>
  <testcase name="test1" classname="org.chocosolver.solver.constraints.ClauseTest" time="0.053"/>
  <testcase name="test1" classname="org.chocosolver.solver.constraints.ClauseTest" time="0.052"/>
  <testcase name="test1" classname="org.chocosolver.solver.constraints.ClauseTest" time="0.05"/>
  <testcase name="test1" classname="org.chocosolver.solver.constraints.ClauseTest" time="0.043"/>
  <testcase name="test1" classname="org.chocosolver.solver.constraints.ClauseTest" time="0.107"/>
  <testcase name="test1" classname="org.chocosolver.solver.constraints.ClauseTest" time="0.108"/>
  <testcase name="test1" classname="org.chocosolver.solver.constraints.ClauseTest" time="0.107"/>
  <testcase name="test1" classname="org.chocosolver.solver.constraints.ClauseTest" time="0.12"/>
  <testcase name="test1" classname="org.chocosolver.solver.constraints.ClauseTest" time="0.108"/>
  <testcase name="test1" classname="org.chocosolver.solver.constraints.ClauseTest" time="0.134"/>
  <testcase name="test1" classname="org.chocosolver.solver.constraints.ClauseTest" time="0.108"/>
  <testcase name="test1" classname="org.chocosolver.solver.constraints.ClauseTest" time="0.108"/>
  <testcase name="test1" classname="org.chocosolver.solver.constraints.ClauseTest" time="0.105"/>
  <testcase name="test1" classname="org.chocosolver.solver.constraints.ClauseTest" time="0.105"/>
  <testcase name="test1" classname="org.chocosolver.solver.constraints.ClauseTest" time="0.105"/>
  <testcase name="test1" classname="org.chocosolver.solver.constraints.ClauseTest" time="0.106"/>
  <testcase name="test1" classname="org.chocosolver.solver.constraints.ClauseTest" time="0.107"/>
  <testcase name="test1" classname="org.chocosolver.solver.constraints.ClauseTest" time="0.102"/>
  <testcase name="test1" classname="org.chocosolver.solver.constraints.ClauseTest" time="0.101"/>
  <testcase name="test1" classname="org.chocosolver.solver.constraints.ClauseTest" time="0.084"/>
  <testcase name="test2" classname="org.chocosolver.solver.constraints.ClauseTest" time="0.001"/>
  <testcase name="test30" classname="org.chocosolver.solver.constraints.ClauseTest" time="0.001"/>
  <testcase name="test31" classname="org.chocosolver.solver.constraints.ClauseTest" time="0"/>
  <testcase name="test32" classname="org.chocosolver.solver.constraints.ClauseTest" time="0.001"/>
  <testcase name="test33" classname="org.chocosolver.solver.constraints.ClauseTest" time="0"/>
  <testcase name="test4" classname="org.chocosolver.solver.constraints.ClauseTest" time="0.34"/>
  <testcase name="test5" classname="org.chocosolver.solver.constraints.ClauseTest" time="1.242"/>
  <testcase name="test6" classname="org.chocosolver.solver.constraints.ClauseTest" time="0.001"/>
  <testcase name="testBothAnd" classname="org.chocosolver.solver.constraints.ClauseTest" time="0.001"/>
  <testcase name="testBothOr" classname="org.chocosolver.solver.constraints.ClauseTest" time="0.001"/>
  <testcase name="JLiangWaterlooTest" classname="org.chocosolver.solver.variables.IteratorTest" time="0.001"/>
  <testcase name="testAbs1" classname="org.chocosolver.solver.variables.IteratorTest" time="0"/>
  <testcase name="testAbs2" classname="org.chocosolver.solver.variables.IteratorTest" time="0.002"/>
  <testcase name="testAbs3" classname="org.chocosolver.solver.variables.IteratorTest" time="0"/>
  <testcase name="testAbs4" classname="org.chocosolver.solver.variables.IteratorTest" time="0.001"/>
  <testcase name="testBool1" classname="org.chocosolver.solver.variables.IteratorTest" time="0.001"/>
  <testcase name="testBool2" classname="org.chocosolver.solver.variables.IteratorTest" time="0"/>
  <testcase name="testBool3" classname="org.chocosolver.solver.variables.IteratorTest" time="0.001"/>
  <testcase name="testBool4" classname="org.chocosolver.solver.variables.IteratorTest" time="0"/>
  <testcase name="testBound1" classname="org.chocosolver.solver.variables.IteratorTest" time="0"/>
  <testcase name="testBound2" classname="org.chocosolver.solver.variables.IteratorTest" time="0.001"/>
  <testcase name="testBound3" classname="org.chocosolver.solver.variables.IteratorTest" time="0"/>
  <testcase name="testBound4" classname="org.chocosolver.solver.variables.IteratorTest" time="0"/>
  <testcase name="testCste1" classname="org.chocosolver.solver.variables.IteratorTest" time="0.001"/>
  <testcase name="testCste2" classname="org.chocosolver.solver.variables.IteratorTest" time="0"/>
  <testcase name="testCste3" classname="org.chocosolver.solver.variables.IteratorTest" time="0.001"/>
  <testcase name="testCste4" classname="org.chocosolver.solver.variables.IteratorTest" time="0.001"/>
  <testcase name="testEnum1" classname="org.chocosolver.solver.variables.IteratorTest" time="0"/>
  <testcase name="testEnum2" classname="org.chocosolver.solver.variables.IteratorTest" time="0.001"/>
  <testcase name="testEnum3" classname="org.chocosolver.solver.variables.IteratorTest" time="0.001"/>
  <testcase name="testEnum4" classname="org.chocosolver.solver.variables.IteratorTest" time="0"/>
  <testcase name="testMax1" classname="org.chocosolver.solver.variables.IteratorTest" time="0.002"/>
  <testcase name="testMax2" classname="org.chocosolver.solver.variables.IteratorTest" time="0"/>
  <testcase name="testMax3" classname="org.chocosolver.solver.variables.IteratorTest" time="0"/>
  <testcase name="testMax4" classname="org.chocosolver.solver.variables.IteratorTest" time="0.001"/>
  <testcase name="testMinus1" classname="org.chocosolver.solver.variables.IteratorTest" time="0"/>
  <testcase name="testMinus2" classname="org.chocosolver.solver.variables.IteratorTest" time="0.001"/>
  <testcase name="testMinus3" classname="org.chocosolver.solver.variables.IteratorTest" time="0.001"/>
  <testcase name="testMinus4" classname="org.chocosolver.solver.variables.IteratorTest" time="0"/>
  <testcase name="testOffset1" classname="org.chocosolver.solver.variables.IteratorTest" time="0.001"/>
  <testcase name="testOffset2" classname="org.chocosolver.solver.variables.IteratorTest" time="0.001"/>
  <testcase name="testOffset3" classname="org.chocosolver.solver.variables.IteratorTest" time="0"/>
  <testcase name="testOffset4" classname="org.chocosolver.solver.variables.IteratorTest" time="0.001"/>
  <testcase name="testScale1" classname="org.chocosolver.solver.variables.IteratorTest" time="0"/>
  <testcase name="testScale2" classname="org.chocosolver.solver.variables.IteratorTest" time="0"/>
  <testcase name="testScale3" classname="org.chocosolver.solver.variables.IteratorTest" time="0.001"/>
  <testcase name="testScale4" classname="org.chocosolver.solver.variables.IteratorTest" time="0"/>
  <testcase name="test0" classname="org.chocosolver.util.MDDTest" time="0"/>
  <testcase name="test1" classname="org.chocosolver.util.MDDTest" time="0.001"/>
  <testcase name="test2" classname="org.chocosolver.util.MDDTest" time="0.001"/>
  <testcase name="test3" classname="org.chocosolver.util.MDDTest" time="0"/>
  <testcase name="test4" classname="org.chocosolver.util.MDDTest" time="0.001"/>
  <testcase name="test5" classname="org.chocosolver.util.MDDTest" time="0.002"/>
  <testcase name="test6" classname="org.chocosolver.util.MDDTest" time="0.001"/>
  <testcase name="test7" classname="org.chocosolver.util.MDDTest" time="0.001"/>
  <testcase name="test1" classname="org.chocosolver.solver.constraints.nary.NogoodTest" time="0.001"/>
  <testcase name="test2" classname="org.chocosolver.solver.constraints.nary.NogoodTest" time="0.004"/>
  <testcase name="test3" classname="org.chocosolver.solver.constraints.nary.NogoodTest" time="0.003"/>
  <testcase name="test4" classname="org.chocosolver.solver.constraints.nary.NogoodTest" time="0.002"/>
  <testcase name="test0" classname="org.chocosolver.solver.constraints.DynamicPostTest" time="0.001"/>
  <testcase name="test1" classname="org.chocosolver.solver.constraints.DynamicPostTest" time="0.007"/>
  <testcase name="test2" classname="org.chocosolver.solver.constraints.DynamicPostTest" time="0.002"/>
  <testcase name="test3" classname="org.chocosolver.solver.constraints.DynamicPostTest" time="0"/>
  <testcase name="test4" classname="org.chocosolver.solver.constraints.DynamicPostTest" time="0.002"/>
  <testcase name="testCostas" classname="org.chocosolver.solver.constraints.DynamicPostTest" time="2.005"/>
  <testcase name="testIssue214" classname="org.chocosolver.solver.constraints.DynamicPostTest" time="0.001"/>
  <testcase name="testJLpareto" classname="org.chocosolver.solver.constraints.DynamicPostTest" time="0.002"/>
  <testcase name="testMax1" classname="org.chocosolver.solver.variables.MaxViewTest" time="1.755"/>
  <testcase name="testMax2" classname="org.chocosolver.solver.variables.MaxViewTest" time="10.698"/>
  <testcase name="justBelow" classname="org.chocosolver.solver.constraints.nary.SumTest" time="0.001"/>
  <testcase name="testFH01" classname="org.chocosolver.solver.constraints.nary.SumTest" time="0.003"/>
  <testcase name="testJL01" classname="org.chocosolver.solver.constraints.nary.SumTest" time="0.002"/>
  <testcase name="testJustAbove" classname="org.chocosolver.solver.constraints.nary.SumTest" time="0"/>
  <testcase name="testNoExactSolution" classname="org.chocosolver.solver.constraints.nary.SumTest" time="0"/>
  <testcase name="testNoSolution" classname="org.chocosolver.solver.constraints.nary.SumTest" time="0"/>
  <testcase name="testNominal" classname="org.chocosolver.solver.constraints.nary.SumTest" time="0.046"/>
  <testcase name="testSameVariableNoSolution" classname="org.chocosolver.solver.constraints.nary.SumTest" time="0"/>
  <testcase name="testSameVariableSolution" classname="org.chocosolver.solver.constraints.nary.SumTest" time="0"/>
  <testcase name="testSimpleSum" classname="org.chocosolver.solver.constraints.nary.SumTest" time="0.001"/>
  <testcase name="testZero" classname="org.chocosolver.solver.constraints.nary.SumTest" time="0.001"/>
  <testcase name="testZeroElements" classname="org.chocosolver.solver.constraints.nary.SumTest" time="0.001"/>
  <testcase name="testBacktrack" classname="org.chocosolver.SuspiciousTest" time="0.004"/>
  <testcase name="testGregy4" classname="org.chocosolver.SuspiciousTest" time="0.017"/>
  <testcase name="testAdd" classname="org.chocosolver.solver.propagation.DeltaTest" time="0.001"/>
  <testcase name="testEq" classname="org.chocosolver.solver.propagation.DeltaTest" time="0.001"/>
  <testcase name="testJL" classname="org.chocosolver.solver.propagation.DeltaTest" time="0.001"/>
  <testcase name="testJL2" classname="org.chocosolver.solver.propagation.DeltaTest" time="0.016"/>
  <testcase name="testJL3" classname="org.chocosolver.solver.propagation.DeltaTest" time="0.005"/>
  <testcase name="testJL4" classname="org.chocosolver.solver.propagation.DeltaTest" time="0.001"/>
  <testcase name="testBitset1" classname="org.chocosolver.memory.EnvironmentTest" time="0.001"/>
  <testcase name="testBitset1" classname="org.chocosolver.memory.EnvironmentTest" time="0.001"/>
  <testcase name="testBool" classname="org.chocosolver.memory.EnvironmentTest" time="0"/>
  <testcase name="testBool" classname="org.chocosolver.memory.EnvironmentTest" time="0.001"/>
  <testcase name="testFloat" classname="org.chocosolver.memory.EnvironmentTest" time="0.001"/>
  <testcase name="testFloat" classname="org.chocosolver.memory.EnvironmentTest" time="0"/>
  <testcase name="testInt" classname="org.chocosolver.memory.EnvironmentTest" time="0"/>
  <testcase name="testInt" classname="org.chocosolver.memory.EnvironmentTest" time="0.001"/>
  <testcase name="testLong" classname="org.chocosolver.memory.EnvironmentTest" time="0"/>
  <testcase name="testLong" classname="org.chocosolver.memory.EnvironmentTest" time="0.001"/>
  <testcase name="test1" classname="org.chocosolver.solver.constraints.nary.PathTest" time="0.005"/>
  <testcase name="test2" classname="org.chocosolver.solver.constraints.nary.PathTest" time="0.002"/>
  <testcase name="test2wrong" classname="org.chocosolver.solver.constraints.nary.PathTest" time="0.001"/>
  <testcase name="test3" classname="org.chocosolver.solver.constraints.nary.PathTest" time="0.001"/>
  <testcase name="test4" classname="org.chocosolver.solver.constraints.nary.PathTest" time="0.001"/>
  <testcase name="test4sub" classname="org.chocosolver.solver.constraints.nary.PathTest" time="0.001"/>
  <testcase name="test4sub2" classname="org.chocosolver.solver.constraints.nary.PathTest" time="0"/>
  <testcase name="test5" classname="org.chocosolver.solver.constraints.nary.PathTest" time="0"/>
  <testcase name="test1" classname="org.chocosolver.solver.variables.ViewsTest" time="1.597"/>
  <testcase name="test1a" classname="org.chocosolver.solver.variables.ViewsTest" time="1.125"/>
  <testcase name="test1b" classname="org.chocosolver.solver.variables.ViewsTest" time="0.606"/>
  <testcase name="test1bb" classname="org.chocosolver.solver.variables.ViewsTest" time="0.748"/>
  <testcase name="test1bbb" classname="org.chocosolver.solver.variables.ViewsTest" time="0.667"/>
  <testcase name="test1c" classname="org.chocosolver.solver.variables.ViewsTest" time="0.458"/>
  <testcase name="test1d" classname="org.chocosolver.solver.variables.ViewsTest" time="0.001"/>
  <testcase name="test1d" classname="org.chocosolver.solver.variables.ViewsTest" time="0.003"/>
  <testcase name="test1d" classname="org.chocosolver.solver.variables.ViewsTest" time="0.014"/>
  <testcase name="test1d" classname="org.chocosolver.solver.variables.ViewsTest" time="0.115"/>
  <testcase name="test1d" classname="org.chocosolver.solver.variables.ViewsTest" time="0.956"/>
  <testcase name="test1d" classname="org.chocosolver.solver.variables.ViewsTest" time="8.106"/>
  <testcase name="test1d" classname="org.chocosolver.solver.variables.ViewsTest" time="69.585"/>
  <testcase name="test1f" classname="org.chocosolver.solver.variables.ViewsTest" time="0.003"/>
  <testcase name="test2" classname="org.chocosolver.solver.variables.ViewsTest" time="1.521"/>
  <testcase name="test3" classname="org.chocosolver.solver.variables.ViewsTest" time="0.139"/>
  <testcase name="test4" classname="org.chocosolver.solver.variables.ViewsTest" time="0.121"/>
  <testcase name="test5" classname="org.chocosolver.solver.variables.ViewsTest" time="0.138"/>
  <testcase name="test6" classname="org.chocosolver.solver.variables.ViewsTest" time="1.017"/>
  <testcase name="testBoolNot" classname="org.chocosolver.solver.variables.ViewsTest" time="0.265"/>
  <testcase name="testBoolNotNot" classname="org.chocosolver.solver.variables.ViewsTest" time="0.208"/>
  <testcase name="testCP01" classname="org.chocosolver.solver.variables.ViewsTest" time="0.032"/>
  <testcase name="testJG" classname="org.chocosolver.solver.variables.ViewsTest" time="0.001"/>
  <testcase name="testJG2" classname="org.chocosolver.solver.variables.ViewsTest" time="0.001"/>
  <testcase name="testJG3" classname="org.chocosolver.solver.variables.ViewsTest" time="0.001"/>
  <testcase name="testJG4" classname="org.chocosolver.solver.variables.ViewsTest" time="0"/>
  <testcase name="testJL1" classname="org.chocosolver.solver.variables.ViewsTest" time="0"/>
  <testcase name="testJL2" classname="org.chocosolver.solver.variables.ViewsTest" time="0.001"/>
  <testcase name="testJL3" classname="org.chocosolver.solver.variables.ViewsTest" time="0"/>
  <testcase name="testJL4" classname="org.chocosolver.solver.variables.ViewsTest" time="0.001"/>
  <testcase name="testMinus" classname="org.chocosolver.solver.variables.ViewsTest" time="0.23"/>
  <testcase name="testOffset" classname="org.chocosolver.solver.variables.ViewsTest" time="0.002"/>
  <testcase name="testScale" classname="org.chocosolver.solver.variables.ViewsTest" time="0.004"/>
  <testcase name="testTernArithmAC" classname="org.chocosolver.solver.variables.ViewsTest" time="0.001"/>
  <testcase name="testTernArithmBC" classname="org.chocosolver.solver.variables.ViewsTest" time="0"/>
  <testcase name="testa" classname="org.chocosolver.solver.variables.ViewsTest" time="0.011"/>
  <testcase name="testvanH" classname="org.chocosolver.solver.variables.ViewsTest" time="0.001"/>
  <testcase name="test1" classname="org.chocosolver.memory.DynamicAdditionTest" time="0"/>
  <testcase name="test1" classname="org.chocosolver.memory.DynamicAdditionTest" time="0.001"/>
  <testcase name="test2" classname="org.chocosolver.memory.DynamicAdditionTest" time="0.007"/>
  <testcase name="test2" classname="org.chocosolver.memory.DynamicAdditionTest" time="0.008"/>
  <testcase name="test3" classname="org.chocosolver.memory.DynamicAdditionTest" time="3.092"/>
  <testcase name="test3" classname="org.chocosolver.memory.DynamicAdditionTest" time="0.078"/>
  <testcase name="test01" classname="org.chocosolver.solver.constraints.nary.KeysortingTest" time="0.001"/>
  <testcase name="test02" classname="org.chocosolver.solver.constraints.nary.KeysortingTest" time="0"/>
  <testcase name="test03" classname="org.chocosolver.solver.constraints.nary.KeysortingTest" time="0.001"/>
  <testcase name="test04" classname="org.chocosolver.solver.constraints.nary.KeysortingTest" time="0.001"/>
  <testcase name="test1" classname="org.chocosolver.solver.constraints.nary.KeysortingTest" time="0.016"/>
  <testcase name="test2" classname="org.chocosolver.solver.constraints.nary.KeysortingTest" time="0"/>
  <testcase name="test3" classname="org.chocosolver.solver.constraints.nary.KeysortingTest" time="0.001"/>
  <testcase name="test4" classname="org.chocosolver.solver.constraints.nary.KeysortingTest" time="0.001"/>
  <testcase name="test5" classname="org.chocosolver.solver.constraints.nary.KeysortingTest" time="0.005"/>
  <testcase name="test6" classname="org.chocosolver.solver.constraints.nary.KeysortingTest" time="0.004"/>
  <testcase name="test1" classname="org.chocosolver.solver.propagation.PropEngineTest" time="0.001"/>
  <testcase name="test2a" classname="org.chocosolver.solver.propagation.PropEngineTest" time="0.001"/>
  <testcase name="test2b" classname="org.chocosolver.solver.propagation.PropEngineTest" time="0"/>
  <testcase name="test2c" classname="org.chocosolver.solver.propagation.PropEngineTest" time="0.001"/>
  <testcase name="test3" classname="org.chocosolver.solver.propagation.PropEngineTest" time="0.011"/>
  <testcase name="test5" classname="org.chocosolver.solver.propagation.PropEngineTest" time="3.057"/>
  <testcase name="testClone" classname="org.chocosolver.solver.propagation.PropEngineTest" time="0.002"/>
  <testcase name="testGregy41" classname="org.chocosolver.solver.propagation.PropEngineTest" time="0.003"/>
  <testcase name="testJG1" classname="org.chocosolver.solver.propagation.PropEngineTest" time="0"/>
  <testcase name="testJG2" classname="org.chocosolver.solver.propagation.PropEngineTest" time="0.001"/>
  <testcase name="testJG3" classname="org.chocosolver.solver.propagation.PropEngineTest" time="0.001"/>
  <testcase name="testBadDomainFilteringKO" classname="org.chocosolver.solver.variables.TaskTest" time="0.001"/>
  <testcase name="testBadDomainFilteringOK" classname="org.chocosolver.solver.variables.TaskTest" time="0"/>
  <testcase name="testCumulativeConstraint" classname="org.chocosolver.solver.variables.TaskTest" time="1.672"/>
  <testcase name="testCumulativeConstraintKO" classname="org.chocosolver.solver.variables.TaskTest" time="0.001"/>
  <testcase name="testDecreaseDuration" classname="org.chocosolver.solver.variables.TaskTest" time="0.001"/>
  <testcase name="testIncreaseDuration" classname="org.chocosolver.solver.variables.TaskTest" time="0"/>
  <testcase name="testNegativeDuration" classname="org.chocosolver.solver.variables.TaskTest" time="0"/>
  <testcase name="testRemoveValueSameVariable" classname="org.chocosolver.solver.variables.TaskTest" time="0.001"/>
  <testcase name="testUpdateStart" classname="org.chocosolver.solver.variables.TaskTest" time="0.001"/>
  <testcase name="testBasicIndexedBipartiteSet" classname="org.chocosolver.memory.BasicIndexBipartiteSetTest" time="0.001"/>
  <testcase name="testBasicIndexedBipartiteSet" classname="org.chocosolver.memory.BasicIndexBipartiteSetTest" time="0.001"/>
  <testcase name="test1" classname="org.chocosolver.solver.variables.BoolNotViewTest" time="0.116"/>
  <testcase name="testIt" classname="org.chocosolver.solver.variables.BoolNotViewTest" time="0"/>
  <testcase name="testPrevNext" classname="org.chocosolver.solver.variables.BoolNotViewTest" time="0.001"/>
  <testcase name="test1" classname="org.chocosolver.solver.search.restart.RestartTest" time="15.515"/>
  <testcase name="testGeometricalRestart1" classname="org.chocosolver.solver.search.restart.RestartTest" time="0.003"/>
  <testcase name="testGeometricalRestart2" classname="org.chocosolver.solver.search.restart.RestartTest" time="0.007"/>
  <testcase name="testLubyRestart1" classname="org.chocosolver.solver.search.restart.RestartTest" time="0"/>
  <testcase name="testCoeffAtZeroNoSolutions" classname="org.chocosolver.solver.constraints.nary.ScalarTest" time="0"/>
  <testcase name="testCoeffAtZeroSolutions" classname="org.chocosolver.solver.constraints.nary.ScalarTest" time="0.143"/>
  <testcase name="testNominal" classname="org.chocosolver.solver.constraints.nary.ScalarTest" time="0.001"/>
  <testcase name="testNominalBounded" classname="org.chocosolver.solver.constraints.nary.ScalarTest" time="0"/>
  <testcase name="testNominalBoundedWithNegatives" classname="org.chocosolver.solver.constraints.nary.ScalarTest" time="0.032"/>
  <testcase name="testSameVariableNoSolution" classname="org.chocosolver.solver.constraints.nary.ScalarTest" time="0"/>
  <testcase name="testSameVariableSolution" classname="org.chocosolver.solver.constraints.nary.ScalarTest" time="0"/>
  <testcase name="testWithSumVariable" classname="org.chocosolver.solver.constraints.nary.ScalarTest" time="0.002"/>
  <testcase name="test1" classname="org.chocosolver.solver.expression.continuous.ExpressionTest" time="0.053">
    <failure message="no ibex-java in java.library.path" type="java.lang.UnsatisfiedLinkError">java.lang.UnsatisfiedLinkError: no ibex-java in java.library.path
	at org.chocosolver.solver.expression.continuous.ExpressionTest.eval(ExpressionTest.java:40)
	at org.chocosolver.solver.expression.continuous.ExpressionTest.test1(ExpressionTest.java:48)
</failure>
    <system-out><![CDATA[.. SUCCESS (2ms)
	org.chocosolver.solver.expression.continuous.ExpressionTest.test1 ..
 Model[Model-765000]

[ 2 vars -- 1 cstrs ]
satisfaction  : undefined
== variables ==
x = [0.0000000000000000 .. 5.0000000000000000]
cste -- 1.0
== constraints ==
REALCONSTRAINT ([RealPropagator(x, cste -- 1.0) ->("{0}={1}")])

]]></system-out>
  </testcase>
  <testcase name="test10" classname="org.chocosolver.solver.expression.continuous.ExpressionTest" time="0.016">
    <failure message="Could not initialize class org.chocosolver.solver.constraints.real.Ibex" type="java.lang.NoClassDefFoundError">java.lang.NoClassDefFoundError: Could not initialize class org.chocosolver.solver.constraints.real.Ibex
	at org.chocosolver.solver.expression.continuous.ExpressionTest.eval(ExpressionTest.java:40)
	at org.chocosolver.solver.expression.continuous.ExpressionTest.test10(ExpressionTest.java:108)
</failure>
    <system-out><![CDATA[.. FAILURE (33ms)
	org.chocosolver.solver.expression.continuous.ExpressionTest.test10 ..
 Model[Model-765001]

[ 4 vars -- 2 cstrs ]
satisfaction  : undefined
== variables ==
x = [1.0000000000000000 .. 5.0000000000000000]
y = [0.0000000000000000 .. 5.0000000000000000]
cste -- 2.0
RV_1 = [0.5000000000000000 .. 2.5000000000000000]
== constraints ==
REALCONSTRAINT ([RealPropagator(RV_1, x, cste -- 2.0) ->("{0}={1}/{2}")])
REALCONSTRAINT ([RealPropagator(RV_1, y) ->("{0}={1}")])

]]></system-out>
  </testcase>
  <testcase name="test12" classname="org.chocosolver.solver.expression.continuous.ExpressionTest" time="0.004">
    <failure message="Could not initialize class org.chocosolver.solver.constraints.real.Ibex" type="java.lang.NoClassDefFoundError">java.lang.NoClassDefFoundError: Could not initialize class org.chocosolver.solver.constraints.real.Ibex
	at org.chocosolver.solver.expression.continuous.ExpressionTest.eval(ExpressionTest.java:40)
	at org.chocosolver.solver.expression.continuous.ExpressionTest.test12(ExpressionTest.java:117)
</failure>
    <system-out><![CDATA[.. FAILURE (15ms)
	org.chocosolver.solver.expression.continuous.ExpressionTest.test12 ..
 Model[Model-765002]

[ 4 vars -- 2 cstrs ]
satisfaction  : undefined
== variables ==
x = [0.0000000000000000 .. 5.0000000000000000]
y = [0.0000000000000000 .. 5.0000000000000000]
cste -- 2.0
RV_1 = [0.0000000000000000 .. 2.0000000000000000]
== constraints ==
REALCONSTRAINT ([RealPropagator(RV_1, x, cste -- 2.0) ->("{0}=min({1},{2})")])
REALCONSTRAINT ([RealPropagator(RV_1, y) ->("{0}={1}")])

]]></system-out>
  </testcase>
  <testcase name="test13" classname="org.chocosolver.solver.expression.continuous.ExpressionTest" time="0.002">
    <failure message="Could not initialize class org.chocosolver.solver.constraints.real.Ibex" type="java.lang.NoClassDefFoundError">java.lang.NoClassDefFoundError: Could not initialize class org.chocosolver.solver.constraints.real.Ibex
	at org.chocosolver.solver.expression.continuous.ExpressionTest.eval(ExpressionTest.java:40)
	at org.chocosolver.solver.expression.continuous.ExpressionTest.test13(ExpressionTest.java:125)
</failure>
    <system-out><![CDATA[.. FAILURE (2ms)
	org.chocosolver.solver.expression.continuous.ExpressionTest.test13 ..
 Model[Model-765003]

[ 4 vars -- 2 cstrs ]
satisfaction  : undefined
== variables ==
x = [0.0000000000000000 .. 5.0000000000000000]
y = [0.0000000000000000 .. 5.0000000000000000]
cste -- 2.0
RV_1 = [2.0000000000000000 .. 5.0000000000000000]
== constraints ==
REALCONSTRAINT ([RealPropagator(RV_1, x, cste -- 2.0) ->("{0}=max({1},{2})")])
REALCONSTRAINT ([RealPropagator(RV_1, y) ->("{0}={1}")])

]]></system-out>
  </testcase>
  <testcase name="test14" classname="org.chocosolver.solver.expression.continuous.ExpressionTest" time="0.004">
    <failure message="Could not initialize class org.chocosolver.solver.constraints.real.Ibex" type="java.lang.NoClassDefFoundError">java.lang.NoClassDefFoundError: Could not initialize class org.chocosolver.solver.constraints.real.Ibex
	at org.chocosolver.solver.expression.continuous.ExpressionTest.eval(ExpressionTest.java:40)
	at org.chocosolver.solver.expression.continuous.ExpressionTest.test14(ExpressionTest.java:133)
</failure>
    <system-out><![CDATA[.. FAILURE (1ms)
	org.chocosolver.solver.expression.continuous.ExpressionTest.test14 ..
 Model[Model-765004]

[ 3 vars -- 2 cstrs ]
satisfaction  : undefined
== variables ==
x = [-2.0000000000000000 .. 2.0000000000000000]
y = [0.0000000000000000 .. 5.0000000000000000]
RV_1 = [0.0000000000000000 .. 2.0000000000000000]
== constraints ==
REALCONSTRAINT ([RealPropagator(RV_1, x) ->("{0}=abs({1})")])
REALCONSTRAINT ([RealPropagator(RV_1, y) ->("{0}={1}")])

]]></system-out>
  </testcase>
  <testcase name="test15" classname="org.chocosolver.solver.expression.continuous.ExpressionTest" time="0.002">
    <failure message="Could not initialize class org.chocosolver.solver.constraints.real.Ibex" type="java.lang.NoClassDefFoundError">java.lang.NoClassDefFoundError: Could not initialize class org.chocosolver.solver.constraints.real.Ibex
	at org.chocosolver.solver.expression.continuous.ExpressionTest.eval(ExpressionTest.java:40)
	at org.chocosolver.solver.expression.continuous.ExpressionTest.test15(ExpressionTest.java:141)
</failure>
    <system-out><![CDATA[.. FAILURE (4ms)
	org.chocosolver.solver.expression.continuous.ExpressionTest.test15 ..
 Model[Model-765005]

[ 3 vars -- 2 cstrs ]
satisfaction  : undefined
== variables ==
x = [-2.0000000000000000 .. 2.0000000000000000]
y = [0.0000000000000000 .. 5.0000000000000000]
RV_1 = [-2.0000000000000000 .. 2.0000000000000000]
== constraints ==
REALCONSTRAINT ([RealPropagator(RV_1, x) ->("{0}=-{1}")])
REALCONSTRAINT ([RealPropagator(RV_1, y) ->("{0}={1}")])

]]></system-out>
  </testcase>
  <testcase name="test16" classname="org.chocosolver.solver.expression.continuous.ExpressionTest" time="0.002">
    <failure message="Could not initialize class org.chocosolver.solver.constraints.real.Ibex" type="java.lang.NoClassDefFoundError">java.lang.NoClassDefFoundError: Could not initialize class org.chocosolver.solver.constraints.real.Ibex
	at org.chocosolver.solver.expression.continuous.ExpressionTest.eval(ExpressionTest.java:40)
	at org.chocosolver.solver.expression.continuous.ExpressionTest.test16(ExpressionTest.java:149)
</failure>
    <system-out><![CDATA[.. FAILURE (1ms)
	org.chocosolver.solver.expression.continuous.ExpressionTest.test16 ..
 Model[Model-765006]

[ 4 vars -- 2 cstrs ]
satisfaction  : undefined
== variables ==
x = [0.0000000000000000 .. 5.0000000000000000]
y = [0.0000000000000000 .. 5.0000000000000000]
cste -- 2.0
RV_1 = [0.0000000000000000 .. 25.0000000000000000]
== constraints ==
REALCONSTRAINT ([RealPropagator(RV_1, x, cste -- 2.0) ->("{0}={1}^{2}")])
REALCONSTRAINT ([RealPropagator(RV_1, y) ->("{0}={1}")])

]]></system-out>
  </testcase>
  <testcase name="test17" classname="org.chocosolver.solver.expression.continuous.ExpressionTest" time="0.002">
    <failure message="Could not initialize class org.chocosolver.solver.constraints.real.Ibex" type="java.lang.NoClassDefFoundError">java.lang.NoClassDefFoundError: Could not initialize class org.chocosolver.solver.constraints.real.Ibex
	at org.chocosolver.solver.expression.continuous.ExpressionTest.eval(ExpressionTest.java:40)
	at org.chocosolver.solver.expression.continuous.ExpressionTest.test17(ExpressionTest.java:157)
</failure>
    <system-out><![CDATA[.. FAILURE (1ms)
	org.chocosolver.solver.expression.continuous.ExpressionTest.test17 ..
 Model[Model-765007]

[ 4 vars -- 2 cstrs ]
satisfaction  : undefined
== variables ==
x = [0.0000000000000000 .. 5.0000000000000000]
y = [0.0000000000000000 .. 5.0000000000000000]
cste -- 3.0
RV_1 = [0.0000000000000000 .. 125.0000000000000000]
== constraints ==
REALCONSTRAINT ([RealPropagator(RV_1, x, cste -- 3.0) ->("{0}={1}^{2}")])
REALCONSTRAINT ([RealPropagator(RV_1, y) ->("{0}={1}")])

]]></system-out>
  </testcase>
  <testcase name="test18" classname="org.chocosolver.solver.expression.continuous.ExpressionTest" time="0.002">
    <failure message="Could not initialize class org.chocosolver.solver.constraints.real.Ibex" type="java.lang.NoClassDefFoundError">java.lang.NoClassDefFoundError: Could not initialize class org.chocosolver.solver.constraints.real.Ibex
	at org.chocosolver.solver.expression.continuous.ExpressionTest.eval(ExpressionTest.java:40)
	at org.chocosolver.solver.expression.continuous.ExpressionTest.test18(ExpressionTest.java:165)
</failure>
    <system-out><![CDATA[.. FAILURE (1ms)
	org.chocosolver.solver.expression.continuous.ExpressionTest.test18 ..
 Model[Model-765008]

[ 4 vars -- 2 cstrs ]
satisfaction  : undefined
== variables ==
x = [0.0000000000000000 .. 5.0000000000000000]
y = [0.0000000000000000 .. 5.0000000000000000]
cste -- 3.0
RV_1 = [0.0000000000000000 .. 1.0303768265243125]
== constraints ==
REALCONSTRAINT ([RealPropagator(RV_1, x, cste -- 3.0) ->("{0}=atan2({1},{2})")])
REALCONSTRAINT ([RealPropagator(RV_1, y) ->("{0}={1}")])

]]></system-out>
  </testcase>
  <testcase name="test19" classname="org.chocosolver.solver.expression.continuous.ExpressionTest" time="0.002">
    <failure message="Could not initialize class org.chocosolver.solver.constraints.real.Ibex" type="java.lang.NoClassDefFoundError">java.lang.NoClassDefFoundError: Could not initialize class org.chocosolver.solver.constraints.real.Ibex
	at org.chocosolver.solver.expression.continuous.ExpressionTest.eval(ExpressionTest.java:40)
	at org.chocosolver.solver.expression.continuous.ExpressionTest.test19(ExpressionTest.java:173)
</failure>
    <system-out><![CDATA[.. FAILURE (1ms)
	org.chocosolver.solver.expression.continuous.ExpressionTest.test19 ..
 Model[Model-765009]

[ 3 vars -- 2 cstrs ]
satisfaction  : undefined
== variables ==
x = [0.0000000000000000 .. 5.0000000000000000]
y = [0.0000000000000000 .. 5.0000000000000000]
RV_1 = [-Infinity .. 1.6094379124341003]
== constraints ==
REALCONSTRAINT ([RealPropagator(RV_1, x) ->("{0}=ln({1})")])
REALCONSTRAINT ([RealPropagator(RV_1, y) ->("{0}={1}")])

]]></system-out>
  </testcase>
  <testcase name="test20" classname="org.chocosolver.solver.expression.continuous.ExpressionTest" time="0.002">
    <failure message="Could not initialize class org.chocosolver.solver.constraints.real.Ibex" type="java.lang.NoClassDefFoundError">java.lang.NoClassDefFoundError: Could not initialize class org.chocosolver.solver.constraints.real.Ibex
	at org.chocosolver.solver.expression.continuous.ExpressionTest.eval(ExpressionTest.java:40)
	at org.chocosolver.solver.expression.continuous.ExpressionTest.test20(ExpressionTest.java:181)
</failure>
    <system-out><![CDATA[.. FAILURE (1ms)
	org.chocosolver.solver.expression.continuous.ExpressionTest.test20 ..
 Model[Model-765010]

[ 3 vars -- 2 cstrs ]
satisfaction  : undefined
== variables ==
x = [0.0000000000000000 .. 5.0000000000000000]
y = [0.0000000000000000 .. 5.0000000000000000]
RV_1 = [0.0000000000000000 .. 2.2360679774997900]
== constraints ==
REALCONSTRAINT ([RealPropagator(RV_1, x) ->("{0}=sqrt({1})")])
REALCONSTRAINT ([RealPropagator(RV_1, y) ->("{0}={1}")])

]]></system-out>
  </testcase>
  <testcase name="test21" classname="org.chocosolver.solver.expression.continuous.ExpressionTest" time="0.002">
    <failure message="Could not initialize class org.chocosolver.solver.constraints.real.Ibex" type="java.lang.NoClassDefFoundError">java.lang.NoClassDefFoundError: Could not initialize class org.chocosolver.solver.constraints.real.Ibex
	at org.chocosolver.solver.expression.continuous.ExpressionTest.eval(ExpressionTest.java:40)
	at org.chocosolver.solver.expression.continuous.ExpressionTest.test21(ExpressionTest.java:190)
</failure>
    <system-out><![CDATA[.. FAILURE (1ms)
	org.chocosolver.solver.expression.continuous.ExpressionTest.test21 ..
 Model[Model-765011]

[ 3 vars -- 2 cstrs ]
satisfaction  : undefined
== variables ==
x = [0.0000000000000000 .. 5.0000000000000000]
y = [0.0000000000000000 .. 5.0000000000000000]
RV_1 = [-1.0000000000000000 .. 1.0000000000000000]
== constraints ==
REALCONSTRAINT ([RealPropagator(RV_1, x) ->("{0}=cos({1})")])
REALCONSTRAINT ([RealPropagator(RV_1, y) ->("{0}={1}")])

]]></system-out>
  </testcase>
  <testcase name="test22" classname="org.chocosolver.solver.expression.continuous.ExpressionTest" time="0.001">
    <failure message="Could not initialize class org.chocosolver.solver.constraints.real.Ibex" type="java.lang.NoClassDefFoundError">java.lang.NoClassDefFoundError: Could not initialize class org.chocosolver.solver.constraints.real.Ibex
	at org.chocosolver.solver.expression.continuous.ExpressionTest.eval(ExpressionTest.java:40)
	at org.chocosolver.solver.expression.continuous.ExpressionTest.test22(ExpressionTest.java:198)
</failure>
    <system-out><![CDATA[.. FAILURE (1ms)
	org.chocosolver.solver.expression.continuous.ExpressionTest.test22 ..
 Model[Model-765012]

[ 3 vars -- 2 cstrs ]
satisfaction  : undefined
== variables ==
x = [0.0000000000000000 .. 5.0000000000000000]
y = [0.0000000000000000 .. 5.0000000000000000]
RV_1 = [0.0000000000000000 .. 1.0000000000000000]
== constraints ==
REALCONSTRAINT ([RealPropagator(RV_1, x) ->("{0}=sin({1})")])
REALCONSTRAINT ([RealPropagator(RV_1, y) ->("{0}={1}")])

]]></system-out>
  </testcase>
  <testcase name="test23" classname="org.chocosolver.solver.expression.continuous.ExpressionTest" time="0.001">
    <failure message="Could not initialize class org.chocosolver.solver.constraints.real.Ibex" type="java.lang.NoClassDefFoundError">java.lang.NoClassDefFoundError: Could not initialize class org.chocosolver.solver.constraints.real.Ibex
	at org.chocosolver.solver.expression.continuous.ExpressionTest.eval(ExpressionTest.java:40)
	at org.chocosolver.solver.expression.continuous.ExpressionTest.test23(ExpressionTest.java:206)
</failure>
    <system-out><![CDATA[.. FAILURE (1ms)
	org.chocosolver.solver.expression.continuous.ExpressionTest.test23 ..
 Model[Model-765013]

[ 3 vars -- 2 cstrs ]
satisfaction  : undefined
== variables ==
x = [0.0000000000000000 .. 5.0000000000000000]
y = [0.0000000000000000 .. 5.0000000000000000]
RV_1 = [0.0000000000000000 .. Infinity]
== constraints ==
REALCONSTRAINT ([RealPropagator(RV_1, x) ->("{0}=tan({1})")])
REALCONSTRAINT ([RealPropagator(RV_1, y) ->("{0}={1}")])

]]></system-out>
  </testcase>
  <testcase name="test24" classname="org.chocosolver.solver.expression.continuous.ExpressionTest" time="0.002">
    <failure message="Could not initialize class org.chocosolver.solver.constraints.real.Ibex" type="java.lang.NoClassDefFoundError">java.lang.NoClassDefFoundError: Could not initialize class org.chocosolver.solver.constraints.real.Ibex
	at org.chocosolver.solver.expression.continuous.ExpressionTest.eval(ExpressionTest.java:40)
	at org.chocosolver.solver.expression.continuous.ExpressionTest.test24(ExpressionTest.java:214)
</failure>
    <system-out><![CDATA[.. FAILURE (1ms)
	org.chocosolver.solver.expression.continuous.ExpressionTest.test24 ..
 Model[Model-765014]

[ 3 vars -- 2 cstrs ]
satisfaction  : undefined
== variables ==
x = [0.0000000000000000 .. 5.0000000000000000]
y = [0.0000000000000000 .. 5.0000000000000000]
RV_1 = [0.0000000000000000 .. 3.1415926535897930]
== constraints ==
REALCONSTRAINT ([RealPropagator(RV_1, x) ->("{0}=acos({1})")])
REALCONSTRAINT ([RealPropagator(RV_1, y) ->("{0}={1}")])

]]></system-out>
  </testcase>
  <testcase name="test25" classname="org.chocosolver.solver.expression.continuous.ExpressionTest" time="0.001">
    <failure message="Could not initialize class org.chocosolver.solver.constraints.real.Ibex" type="java.lang.NoClassDefFoundError">java.lang.NoClassDefFoundError: Could not initialize class org.chocosolver.solver.constraints.real.Ibex
	at org.chocosolver.solver.expression.continuous.ExpressionTest.eval(ExpressionTest.java:40)
	at org.chocosolver.solver.expression.continuous.ExpressionTest.test25(ExpressionTest.java:222)
</failure>
    <system-out><![CDATA[.. FAILURE (1ms)
	org.chocosolver.solver.expression.continuous.ExpressionTest.test25 ..
 Model[Model-765015]

[ 3 vars -- 2 cstrs ]
satisfaction  : undefined
== variables ==
x = [0.0000000000000000 .. 5.0000000000000000]
y = [0.0000000000000000 .. 5.0000000000000000]
RV_1 = [-1.5707963267948966 .. 1.5707963267948966]
== constraints ==
REALCONSTRAINT ([RealPropagator(RV_1, x) ->("{0}=asin({1})")])
REALCONSTRAINT ([RealPropagator(RV_1, y) ->("{0}={1}")])

]]></system-out>
  </testcase>
  <testcase name="test26" classname="org.chocosolver.solver.expression.continuous.ExpressionTest" time="0.002">
    <failure message="Could not initialize class org.chocosolver.solver.constraints.real.Ibex" type="java.lang.NoClassDefFoundError">java.lang.NoClassDefFoundError: Could not initialize class org.chocosolver.solver.constraints.real.Ibex
	at org.chocosolver.solver.expression.continuous.ExpressionTest.eval(ExpressionTest.java:40)
	at org.chocosolver.solver.expression.continuous.ExpressionTest.test26(ExpressionTest.java:230)
</failure>
    <system-out><![CDATA[.. FAILURE (2ms)
	org.chocosolver.solver.expression.continuous.ExpressionTest.test26 ..
 Model[Model-765016]

[ 3 vars -- 2 cstrs ]
satisfaction  : undefined
== variables ==
x = [0.0000000000000000 .. 5.0000000000000000]
y = [0.0000000000000000 .. 5.0000000000000000]
RV_1 = [-1.5707963267948966 .. 1.5707963267948966]
== constraints ==
REALCONSTRAINT ([RealPropagator(RV_1, x) ->("{0}=atan({1})")])
REALCONSTRAINT ([RealPropagator(RV_1, y) ->("{0}={1}")])

]]></system-out>
  </testcase>
  <testcase name="test27" classname="org.chocosolver.solver.expression.continuous.ExpressionTest" time="0.001">
    <failure message="Could not initialize class org.chocosolver.solver.constraints.real.Ibex" type="java.lang.NoClassDefFoundError">java.lang.NoClassDefFoundError: Could not initialize class org.chocosolver.solver.constraints.real.Ibex
	at org.chocosolver.solver.expression.continuous.ExpressionTest.eval(ExpressionTest.java:40)
	at org.chocosolver.solver.expression.continuous.ExpressionTest.test27(ExpressionTest.java:238)
</failure>
    <system-out><![CDATA[.. FAILURE (2ms)
	org.chocosolver.solver.expression.continuous.ExpressionTest.test27 ..
 Model[Model-765017]

[ 3 vars -- 2 cstrs ]
satisfaction  : undefined
== variables ==
x = [0.0000000000000000 .. 5.0000000000000000]
y = [0.0000000000000000 .. 5.0000000000000000]
RV_1 = [0.0000000000000000 .. Infinity]
== constraints ==
REALCONSTRAINT ([RealPropagator(RV_1, x) ->("{0}=cosh({1})")])
REALCONSTRAINT ([RealPropagator(RV_1, y) ->("{0}={1}")])

]]></system-out>
  </testcase>
  <testcase name="test28" classname="org.chocosolver.solver.expression.continuous.ExpressionTest" time="0.001">
    <failure message="Could not initialize class org.chocosolver.solver.constraints.real.Ibex" type="java.lang.NoClassDefFoundError">java.lang.NoClassDefFoundError: Could not initialize class org.chocosolver.solver.constraints.real.Ibex
	at org.chocosolver.solver.expression.continuous.ExpressionTest.eval(ExpressionTest.java:40)
	at org.chocosolver.solver.expression.continuous.ExpressionTest.test28(ExpressionTest.java:246)
</failure>
    <system-out><![CDATA[.. FAILURE (2ms)
	org.chocosolver.solver.expression.continuous.ExpressionTest.test28 ..
 Model[Model-765018]

[ 3 vars -- 2 cstrs ]
satisfaction  : undefined
== variables ==
x = [0.0000000000000000 .. 5.0000000000000000]
y = [0.0000000000000000 .. 5.0000000000000000]
RV_1 = [0.0000000000000000 .. Infinity]
== constraints ==
REALCONSTRAINT ([RealPropagator(RV_1, x) ->("{0}=sinh({1})")])
REALCONSTRAINT ([RealPropagator(RV_1, y) ->("{0}={1}")])

]]></system-out>
  </testcase>
  <testcase name="test29" classname="org.chocosolver.solver.expression.continuous.ExpressionTest" time="0.002">
    <failure message="Could not initialize class org.chocosolver.solver.constraints.real.Ibex" type="java.lang.NoClassDefFoundError">java.lang.NoClassDefFoundError: Could not initialize class org.chocosolver.solver.constraints.real.Ibex
	at org.chocosolver.solver.expression.continuous.ExpressionTest.eval(ExpressionTest.java:40)
	at org.chocosolver.solver.expression.continuous.ExpressionTest.test29(ExpressionTest.java:254)
</failure>
    <system-out><![CDATA[.. FAILURE (2ms)
	org.chocosolver.solver.expression.continuous.ExpressionTest.test29 ..
 Model[Model-765019]

[ 3 vars -- 2 cstrs ]
satisfaction  : undefined
== variables ==
x = [0.0000000000000000 .. 5.0000000000000000]
y = [0.0000000000000000 .. 5.0000000000000000]
RV_1 = [0.0000000000000000 .. Infinity]
== constraints ==
REALCONSTRAINT ([RealPropagator(RV_1, x) ->("{0}=tanh({1})")])
REALCONSTRAINT ([RealPropagator(RV_1, y) ->("{0}={1}")])

]]></system-out>
  </testcase>
  <testcase name="test3" classname="org.chocosolver.solver.expression.continuous.ExpressionTest" time="0.001">
    <failure message="Could not initialize class org.chocosolver.solver.constraints.real.Ibex" type="java.lang.NoClassDefFoundError">java.lang.NoClassDefFoundError: Could not initialize class org.chocosolver.solver.constraints.real.Ibex
	at org.chocosolver.solver.expression.continuous.ExpressionTest.eval(ExpressionTest.java:40)
	at org.chocosolver.solver.expression.continuous.ExpressionTest.test3(ExpressionTest.java:55)
</failure>
    <system-out><![CDATA[.. FAILURE (1ms)
	org.chocosolver.solver.expression.continuous.ExpressionTest.test3 ..
 Model[Model-765020]

[ 2 vars -- 1 cstrs ]
satisfaction  : undefined
== variables ==
x = [0.0000000000000000 .. 5.0000000000000000]
cste -- 1.0
== constraints ==
REALCONSTRAINT ([RealPropagator(x, cste -- 1.0) ->("{0}<{1}")])

]]></system-out>
  </testcase>
  <testcase name="test30" classname="org.chocosolver.solver.expression.continuous.ExpressionTest" time="0.001">
    <failure message="Could not initialize class org.chocosolver.solver.constraints.real.Ibex" type="java.lang.NoClassDefFoundError">java.lang.NoClassDefFoundError: Could not initialize class org.chocosolver.solver.constraints.real.Ibex
	at org.chocosolver.solver.expression.continuous.ExpressionTest.eval(ExpressionTest.java:40)
	at org.chocosolver.solver.expression.continuous.ExpressionTest.test30(ExpressionTest.java:262)
</failure>
    <system-out><![CDATA[.. FAILURE (1ms)
	org.chocosolver.solver.expression.continuous.ExpressionTest.test30 ..
 Model[Model-765021]

[ 3 vars -- 2 cstrs ]
satisfaction  : undefined
== variables ==
x = [0.0000000000000000 .. 5.0000000000000000]
y = [0.0000000000000000 .. 5.0000000000000000]
RV_1 = [0.0000000000000000 .. Infinity]
== constraints ==
REALCONSTRAINT ([RealPropagator(RV_1, x) ->("{0}=acosh({1})")])
REALCONSTRAINT ([RealPropagator(RV_1, y) ->("{0}={1}")])

]]></system-out>
  </testcase>
  <testcase name="test31" classname="org.chocosolver.solver.expression.continuous.ExpressionTest" time="0.002">
    <failure message="Could not initialize class org.chocosolver.solver.constraints.real.Ibex" type="java.lang.NoClassDefFoundError">java.lang.NoClassDefFoundError: Could not initialize class org.chocosolver.solver.constraints.real.Ibex
	at org.chocosolver.solver.expression.continuous.ExpressionTest.eval(ExpressionTest.java:40)
	at org.chocosolver.solver.expression.continuous.ExpressionTest.test31(ExpressionTest.java:270)
</failure>
    <system-out><![CDATA[.. FAILURE (2ms)
	org.chocosolver.solver.expression.continuous.ExpressionTest.test31 ..
 Model[Model-765022]

[ 3 vars -- 2 cstrs ]
satisfaction  : undefined
== variables ==
x = [0.0000000000000000 .. 5.0000000000000000]
y = [0.0000000000000000 .. 5.0000000000000000]
RV_1 = [-Infinity .. Infinity]
== constraints ==
REALCONSTRAINT ([RealPropagator(RV_1, x) ->("{0}=asinh({1})")])
REALCONSTRAINT ([RealPropagator(RV_1, y) ->("{0}={1}")])

]]></system-out>
  </testcase>
  <testcase name="test32" classname="org.chocosolver.solver.expression.continuous.ExpressionTest" time="0.002">
    <failure message="Could not initialize class org.chocosolver.solver.constraints.real.Ibex" type="java.lang.NoClassDefFoundError">java.lang.NoClassDefFoundError: Could not initialize class org.chocosolver.solver.constraints.real.Ibex
	at org.chocosolver.solver.expression.continuous.ExpressionTest.eval(ExpressionTest.java:40)
	at org.chocosolver.solver.expression.continuous.ExpressionTest.test32(ExpressionTest.java:278)
</failure>
    <system-out><![CDATA[.. FAILURE (1ms)
	org.chocosolver.solver.expression.continuous.ExpressionTest.test32 ..
 Model[Model-765023]

[ 3 vars -- 2 cstrs ]
satisfaction  : undefined
== variables ==
x = [0.0000000000000000 .. 5.0000000000000000]
y = [0.0000000000000000 .. 5.0000000000000000]
RV_1 = [-Infinity .. Infinity]
== constraints ==
REALCONSTRAINT ([RealPropagator(RV_1, x) ->("{0}=atanh({1})")])
REALCONSTRAINT ([RealPropagator(RV_1, y) ->("{0}={1}")])

]]></system-out>
  </testcase>
  <testcase name="test4" classname="org.chocosolver.solver.expression.continuous.ExpressionTest" time="0.002">
    <failure message="Could not initialize class org.chocosolver.solver.constraints.real.Ibex" type="java.lang.NoClassDefFoundError">java.lang.NoClassDefFoundError: Could not initialize class org.chocosolver.solver.constraints.real.Ibex
	at org.chocosolver.solver.expression.continuous.ExpressionTest.eval(ExpressionTest.java:40)
	at org.chocosolver.solver.expression.continuous.ExpressionTest.test4(ExpressionTest.java:62)
</failure>
    <system-out><![CDATA[.. FAILURE (1ms)
	org.chocosolver.solver.expression.continuous.ExpressionTest.test4 ..
 Model[Model-765024]

[ 2 vars -- 1 cstrs ]
satisfaction  : undefined
== variables ==
x = [0.0000000000000000 .. 5.0000000000000000]
cste -- 1.0
== constraints ==
REALCONSTRAINT ([RealPropagator(x, cste -- 1.0) ->("{0}<={1}")])

]]></system-out>
  </testcase>
  <testcase name="test5" classname="org.chocosolver.solver.expression.continuous.ExpressionTest" time="0.001">
    <failure message="Could not initialize class org.chocosolver.solver.constraints.real.Ibex" type="java.lang.NoClassDefFoundError">java.lang.NoClassDefFoundError: Could not initialize class org.chocosolver.solver.constraints.real.Ibex
	at org.chocosolver.solver.expression.continuous.ExpressionTest.eval(ExpressionTest.java:40)
	at org.chocosolver.solver.expression.continuous.ExpressionTest.test5(ExpressionTest.java:69)
</failure>
    <system-out><![CDATA[.. FAILURE (1ms)
	org.chocosolver.solver.expression.continuous.ExpressionTest.test5 ..
 Model[Model-765025]

[ 2 vars -- 1 cstrs ]
satisfaction  : undefined
== variables ==
x = [0.0000000000000000 .. 5.0000000000000000]
cste -- 1.0
== constraints ==
REALCONSTRAINT ([RealPropagator(x, cste -- 1.0) ->("{0}>{1}")])

]]></system-out>
  </testcase>
  <testcase name="test6" classname="org.chocosolver.solver.expression.continuous.ExpressionTest" time="0.002">
    <failure message="Could not initialize class org.chocosolver.solver.constraints.real.Ibex" type="java.lang.NoClassDefFoundError">java.lang.NoClassDefFoundError: Could not initialize class org.chocosolver.solver.constraints.real.Ibex
	at org.chocosolver.solver.expression.continuous.ExpressionTest.eval(ExpressionTest.java:40)
	at org.chocosolver.solver.expression.continuous.ExpressionTest.test6(ExpressionTest.java:76)
</failure>
    <system-out><![CDATA[.. FAILURE (1ms)
	org.chocosolver.solver.expression.continuous.ExpressionTest.test6 ..
 Model[Model-765026]

[ 2 vars -- 1 cstrs ]
satisfaction  : undefined
== variables ==
x = [0.0000000000000000 .. 5.0000000000000000]
cste -- 1.0
== constraints ==
REALCONSTRAINT ([RealPropagator(x, cste -- 1.0) ->("{0}>={1}")])

]]></system-out>
  </testcase>
  <testcase name="test7" classname="org.chocosolver.solver.expression.continuous.ExpressionTest" time="0.001">
    <failure message="Could not initialize class org.chocosolver.solver.constraints.real.Ibex" type="java.lang.NoClassDefFoundError">java.lang.NoClassDefFoundError: Could not initialize class org.chocosolver.solver.constraints.real.Ibex
	at org.chocosolver.solver.expression.continuous.ExpressionTest.eval(ExpressionTest.java:40)
	at org.chocosolver.solver.expression.continuous.ExpressionTest.test7(ExpressionTest.java:84)
</failure>
    <system-out><![CDATA[.. FAILURE (1ms)
	org.chocosolver.solver.expression.continuous.ExpressionTest.test7 ..
 Model[Model-765027]

[ 4 vars -- 2 cstrs ]
satisfaction  : undefined
== variables ==
x = [0.0000000000000000 .. 5.0000000000000000]
y = [0.0000000000000000 .. 5.0000000000000000]
cste -- 1.0
RV_1 = [0.0000000000000000 .. 10.0000000000000000]
== constraints ==
REALCONSTRAINT ([RealPropagator(RV_1, x, y) ->("{0}={1}+{2}")])
REALCONSTRAINT ([RealPropagator(RV_1, cste -- 1.0) ->("{0}={1}")])

]]></system-out>
  </testcase>
  <testcase name="test8" classname="org.chocosolver.solver.expression.continuous.ExpressionTest" time="0.001">
    <failure message="Could not initialize class org.chocosolver.solver.constraints.real.Ibex" type="java.lang.NoClassDefFoundError">java.lang.NoClassDefFoundError: Could not initialize class org.chocosolver.solver.constraints.real.Ibex
	at org.chocosolver.solver.expression.continuous.ExpressionTest.eval(ExpressionTest.java:40)
	at org.chocosolver.solver.expression.continuous.ExpressionTest.test8(ExpressionTest.java:92)
</failure>
    <system-out><![CDATA[.. FAILURE (1ms)
	org.chocosolver.solver.expression.continuous.ExpressionTest.test8 ..
 Model[Model-765028]

[ 4 vars -- 2 cstrs ]
satisfaction  : undefined
== variables ==
x = [0.0000000000000000 .. 5.0000000000000000]
y = [0.0000000000000000 .. 5.0000000000000000]
cste -- 1.0
RV_1 = [-1.0000000000000000 .. 4.0000000000000000]
== constraints ==
REALCONSTRAINT ([RealPropagator(RV_1, x, cste -- 1.0) ->("{0}={1}-{2}")])
REALCONSTRAINT ([RealPropagator(RV_1, y) ->("{0}={1}")])

]]></system-out>
  </testcase>
  <testcase name="test9" classname="org.chocosolver.solver.expression.continuous.ExpressionTest" time="0.002">
    <failure message="Could not initialize class org.chocosolver.solver.constraints.real.Ibex" type="java.lang.NoClassDefFoundError">java.lang.NoClassDefFoundError: Could not initialize class org.chocosolver.solver.constraints.real.Ibex
	at org.chocosolver.solver.expression.continuous.ExpressionTest.eval(ExpressionTest.java:40)
	at org.chocosolver.solver.expression.continuous.ExpressionTest.test9(ExpressionTest.java:100)
</failure>
    <system-out><![CDATA[.. FAILURE (2ms)

	org.chocosolver.solver.expression.continuous.ExpressionTest.test9 ..
 Model[Model-765029]

[ 4 vars -- 2 cstrs ]
satisfaction  : undefined
== variables ==
x = [1.0000000000000000 .. 5.0000000000000000]
y = [0.0000000000000000 .. 5.0000000000000000]
cste -- 2.0
RV_1 = [2.0000000000000000 .. 10.0000000000000000]
== constraints ==
REALCONSTRAINT ([RealPropagator(RV_1, x, cste -- 2.0) ->("{0}={1}*{2}")])
REALCONSTRAINT ([RealPropagator(RV_1, y) ->("{0}={1}")])

]]></system-out>
  </testcase>
  <testcase name="test1" classname="org.chocosolver.solver.constraints.nary.IntValuePrecedeChainTest" time="12.29"/>
  <testcase name="testA" classname="org.chocosolver.solver.search.restart.NoGoodOnSolutionTest" time="0.47"/>
  <testcase name="testANG" classname="org.chocosolver.solver.search.restart.NoGoodOnSolutionTest" time="0.469"/>
  <testcase name="testNQ" classname="org.chocosolver.solver.search.restart.NoGoodOnSolutionTest" time="0.283"/>
  <testcase name="testNQ2" classname="org.chocosolver.solver.search.restart.NoGoodOnSolutionTest" time="0.04"/>
  <testcase name="testNQ3" classname="org.chocosolver.solver.search.restart.NoGoodOnSolutionTest" time="0.003"/>
  <testcase name="testNQ4" classname="org.chocosolver.solver.search.restart.NoGoodOnSolutionTest" time="0.008"/>
  <testcase name="testNormal" classname="org.chocosolver.solver.search.restart.NoGoodOnSolutionTest" time="0.266"/>
  <testcase name="testRoS" classname="org.chocosolver.solver.search.restart.NoGoodOnSolutionTest" time="0.386"/>
  <testcase name="testRoSNG" classname="org.chocosolver.solver.search.restart.NoGoodOnSolutionTest" time="0.748"/>
  <testcase name="testEnvPushPop" classname="org.chocosolver.memory.PopTest" time="0"/>
  <testcase name="testEnvPushPop" classname="org.chocosolver.memory.PopTest" time="0.001"/>
  <testcase name="testEnvTPop" classname="org.chocosolver.memory.PopTest" time="0"/>
  <testcase name="testEnvTPop" classname="org.chocosolver.memory.PopTest" time="0"/>
  <testcase name="test1" classname="org.chocosolver.solver.constraints.nary.AllDifferentTest" time="0.025"/>
  <testcase name="test2" classname="org.chocosolver.solver.constraints.nary.AllDifferentTest" time="0.008"/>
  <testcase name="test3" classname="org.chocosolver.solver.constraints.nary.AllDifferentTest" time="0.001"/>
  <testcase name="test4" classname="org.chocosolver.solver.constraints.nary.AllDifferentTest" time="0.001"/>
  <testcase name="test6" classname="org.chocosolver.solver.constraints.nary.AllDifferentTest" time="9.232"/>
  <testcase name="testB" classname="org.chocosolver.solver.constraints.nary.AllDifferentTest" time="0.001"/>
  <testcase name="testB1" classname="org.chocosolver.solver.constraints.nary.AllDifferentTest" time="0"/>
  <testcase name="testE" classname="org.chocosolver.solver.constraints.nary.AllDifferentTest" time="0.001"/>
  <testcase name="testXX" classname="org.chocosolver.solver.constraints.nary.AllDifferentTest" time="0.001"/>
  <testcase name="testXXX" classname="org.chocosolver.solver.constraints.nary.AllDifferentTest" time="0"/>
  <testcase name="test" classname="org.chocosolver.solver.expression.discrete.ExpressionTest" time="0.001"/>
  <testcase name="test" classname="org.chocosolver.solver.expression.discrete.ExpressionTest" time="0.009"/>
  <testcase name="test1" classname="org.chocosolver.solver.expression.discrete.ExpressionTest" time="0.001"/>
  <testcase name="test1" classname="org.chocosolver.solver.expression.discrete.ExpressionTest" time="0.001"/>
  <testcase name="test10" classname="org.chocosolver.solver.expression.discrete.ExpressionTest" time="0.001"/>
  <testcase name="test10" classname="org.chocosolver.solver.expression.discrete.ExpressionTest" time="0.001"/>
  <testcase name="test11" classname="org.chocosolver.solver.expression.discrete.ExpressionTest" time="0.002"/>
  <testcase name="test11" classname="org.chocosolver.solver.expression.discrete.ExpressionTest" time="0.001"/>
  <testcase name="test112" classname="org.chocosolver.solver.expression.discrete.ExpressionTest" time="0.004"/>
  <testcase name="test112" classname="org.chocosolver.solver.expression.discrete.ExpressionTest" time="0.005"/>
  <testcase name="test12" classname="org.chocosolver.solver.expression.discrete.ExpressionTest" time="0.001"/>
  <testcase name="test12" classname="org.chocosolver.solver.expression.discrete.ExpressionTest" time="0.001"/>
  <testcase name="test13" classname="org.chocosolver.solver.expression.discrete.ExpressionTest" time="0.001"/>
  <testcase name="test13" classname="org.chocosolver.solver.expression.discrete.ExpressionTest" time="0.001"/>
  <testcase name="test14" classname="org.chocosolver.solver.expression.discrete.ExpressionTest" time="0.003"/>
  <testcase name="test14" classname="org.chocosolver.solver.expression.discrete.ExpressionTest" time="0.001"/>
  <testcase name="test15" classname="org.chocosolver.solver.expression.discrete.ExpressionTest" time="0.001"/>
  <testcase name="test15" classname="org.chocosolver.solver.expression.discrete.ExpressionTest" time="0.001"/>
  <testcase name="test16" classname="org.chocosolver.solver.expression.discrete.ExpressionTest" time="0.001"/>
  <testcase name="test16" classname="org.chocosolver.solver.expression.discrete.ExpressionTest" time="0.001"/>
  <testcase name="test17" classname="org.chocosolver.solver.expression.discrete.ExpressionTest" time="0.003"/>
  <testcase name="test17" classname="org.chocosolver.solver.expression.discrete.ExpressionTest" time="0.001"/>
  <testcase name="test18" classname="org.chocosolver.solver.expression.discrete.ExpressionTest" time="0.003"/>
  <testcase name="test18" classname="org.chocosolver.solver.expression.discrete.ExpressionTest" time="0.004"/>
  <testcase name="test19" classname="org.chocosolver.solver.expression.discrete.ExpressionTest" time="0.004"/>
  <testcase name="test19" classname="org.chocosolver.solver.expression.discrete.ExpressionTest" time="0.003"/>
  <testcase name="test20" classname="org.chocosolver.solver.expression.discrete.ExpressionTest" time="0.002"/>
  <testcase name="test20" classname="org.chocosolver.solver.expression.discrete.ExpressionTest" time="0.003"/>
  <testcase name="test21" classname="org.chocosolver.solver.expression.discrete.ExpressionTest" time="0"/>
  <testcase name="test21" classname="org.chocosolver.solver.expression.discrete.ExpressionTest" time="0.001"/>
  <testcase name="test22" classname="org.chocosolver.solver.expression.discrete.ExpressionTest" time="0.001"/>
  <testcase name="test22" classname="org.chocosolver.solver.expression.discrete.ExpressionTest" time="0"/>
  <testcase name="test23" classname="org.chocosolver.solver.expression.discrete.ExpressionTest" time="0.001"/>
  <testcase name="test23" classname="org.chocosolver.solver.expression.discrete.ExpressionTest" time="0"/>
  <testcase name="test24" classname="org.chocosolver.solver.expression.discrete.ExpressionTest" time="0"/>
  <testcase name="test24" classname="org.chocosolver.solver.expression.discrete.ExpressionTest" time="0"/>
  <testcase name="test25" classname="org.chocosolver.solver.expression.discrete.ExpressionTest" time="0.001"/>
  <testcase name="test25" classname="org.chocosolver.solver.expression.discrete.ExpressionTest" time="0.001"/>
  <testcase name="test26" classname="org.chocosolver.solver.expression.discrete.ExpressionTest" time="0.001"/>
  <testcase name="test26" classname="org.chocosolver.solver.expression.discrete.ExpressionTest" time="0.001"/>
  <testcase name="test27" classname="org.chocosolver.solver.expression.discrete.ExpressionTest" time="0.035"/>
  <testcase name="test27" classname="org.chocosolver.solver.expression.discrete.ExpressionTest" time="0.001"/>
  <testcase name="test28" classname="org.chocosolver.solver.expression.discrete.ExpressionTest" time="0.001"/>
  <testcase name="test28" classname="org.chocosolver.solver.expression.discrete.ExpressionTest" time="0.001"/>
  <testcase name="test29" classname="org.chocosolver.solver.expression.discrete.ExpressionTest" time="0.001"/>
  <testcase name="test29" classname="org.chocosolver.solver.expression.discrete.ExpressionTest" time="0.001"/>
  <testcase name="test3" classname="org.chocosolver.solver.expression.discrete.ExpressionTest" time="0.001"/>
  <testcase name="test3" classname="org.chocosolver.solver.expression.discrete.ExpressionTest" time="0.001"/>
  <testcase name="test30" classname="org.chocosolver.solver.expression.discrete.ExpressionTest" time="0.001"/>
  <testcase name="test30" classname="org.chocosolver.solver.expression.discrete.ExpressionTest" time="0.001"/>
  <testcase name="test31" classname="org.chocosolver.solver.expression.discrete.ExpressionTest" time="0.002"/>
  <testcase name="test31" classname="org.chocosolver.solver.expression.discrete.ExpressionTest" time="0"/>
  <testcase name="test32" classname="org.chocosolver.solver.expression.discrete.ExpressionTest" time="0"/>
  <testcase name="test32" classname="org.chocosolver.solver.expression.discrete.ExpressionTest" time="0.001"/>
  <testcase name="test33" classname="org.chocosolver.solver.expression.discrete.ExpressionTest" time="0.001"/>
  <testcase name="test33" classname="org.chocosolver.solver.expression.discrete.ExpressionTest" time="0.001"/>
  <testcase name="test34" classname="org.chocosolver.solver.expression.discrete.ExpressionTest" time="0"/>
  <testcase name="test34" classname="org.chocosolver.solver.expression.discrete.ExpressionTest" time="0.001"/>
  <testcase name="test35" classname="org.chocosolver.solver.expression.discrete.ExpressionTest" time="0.001"/>
  <testcase name="test35" classname="org.chocosolver.solver.expression.discrete.ExpressionTest" time="0.001"/>
  <testcase name="test36" classname="org.chocosolver.solver.expression.discrete.ExpressionTest" time="0.002"/>
  <testcase name="test36" classname="org.chocosolver.solver.expression.discrete.ExpressionTest" time="0.001"/>
  <testcase name="test37" classname="org.chocosolver.solver.expression.discrete.ExpressionTest" time="0.011"/>
  <testcase name="test37" classname="org.chocosolver.solver.expression.discrete.ExpressionTest" time="0.002"/>
  <testcase name="test38" classname="org.chocosolver.solver.expression.discrete.ExpressionTest" time="0.004"/>
  <testcase name="test38" classname="org.chocosolver.solver.expression.discrete.ExpressionTest" time="0.001"/>
  <testcase name="test39" classname="org.chocosolver.solver.expression.discrete.ExpressionTest" time="0.001"/>
  <testcase name="test39" classname="org.chocosolver.solver.expression.discrete.ExpressionTest" time="0.001"/>
  <testcase name="test4" classname="org.chocosolver.solver.expression.discrete.ExpressionTest" time="0.001"/>
  <testcase name="test4" classname="org.chocosolver.solver.expression.discrete.ExpressionTest" time="0"/>
  <testcase name="test40" classname="org.chocosolver.solver.expression.discrete.ExpressionTest" time="0.001"/>
  <testcase name="test40" classname="org.chocosolver.solver.expression.discrete.ExpressionTest" time="0.001"/>
  <testcase name="test41" classname="org.chocosolver.solver.expression.discrete.ExpressionTest" time="0.003"/>
  <testcase name="test41" classname="org.chocosolver.solver.expression.discrete.ExpressionTest" time="0.001"/>
  <testcase name="test42" classname="org.chocosolver.solver.expression.discrete.ExpressionTest" time="0.002"/>
  <testcase name="test42" classname="org.chocosolver.solver.expression.discrete.ExpressionTest" time="0.002"/>
  <testcase name="test43" classname="org.chocosolver.solver.expression.discrete.ExpressionTest" time="0.001"/>
  <testcase name="test43" classname="org.chocosolver.solver.expression.discrete.ExpressionTest" time="0.001"/>
  <testcase name="test44" classname="org.chocosolver.solver.expression.discrete.ExpressionTest" time="0.003"/>
  <testcase name="test44" classname="org.chocosolver.solver.expression.discrete.ExpressionTest" time="0.001"/>
  <testcase name="test45" classname="org.chocosolver.solver.expression.discrete.ExpressionTest" time="0.002"/>
  <testcase name="test45" classname="org.chocosolver.solver.expression.discrete.ExpressionTest" time="0.001"/>
  <testcase name="test5" classname="org.chocosolver.solver.expression.discrete.ExpressionTest" time="0.001"/>
  <testcase name="test5" classname="org.chocosolver.solver.expression.discrete.ExpressionTest" time="0.001"/>
  <testcase name="test6" classname="org.chocosolver.solver.expression.discrete.ExpressionTest" time="0.001"/>
  <testcase name="test6" classname="org.chocosolver.solver.expression.discrete.ExpressionTest" time="0.001"/>
  <testcase name="test7" classname="org.chocosolver.solver.expression.discrete.ExpressionTest" time="0.001"/>
  <testcase name="test7" classname="org.chocosolver.solver.expression.discrete.ExpressionTest" time="0.001"/>
  <testcase name="test8" classname="org.chocosolver.solver.expression.discrete.ExpressionTest" time="0.001"/>
  <testcase name="test8" classname="org.chocosolver.solver.expression.discrete.ExpressionTest" time="0.001"/>
  <testcase name="test9" classname="org.chocosolver.solver.expression.discrete.ExpressionTest" time="0"/>
  <testcase name="test9" classname="org.chocosolver.solver.expression.discrete.ExpressionTest" time="0.001"/>
  <testcase name="testLongExpression" classname="org.chocosolver.solver.expression.discrete.ExpressionTest" time="0.003"/>
  <testcase name="testLongExpression" classname="org.chocosolver.solver.expression.discrete.ExpressionTest" time="6.432"/>
  <testcase name="testApplyEarlyDeductions" classname="org.chocosolver.sat.PropNogoodsTest" time="0.001"/>
  <testcase name="testDeclareDomainNogood" classname="org.chocosolver.sat.PropNogoodsTest" time="0"/>
  <testcase name="testDoReduce1" classname="org.chocosolver.sat.PropNogoodsTest" time="0"/>
  <testcase name="testDoReduce2" classname="org.chocosolver.sat.PropNogoodsTest" time="0"/>
  <testcase name="testDoReduce3" classname="org.chocosolver.sat.PropNogoodsTest" time="0"/>
  <testcase name="testDoReduce4" classname="org.chocosolver.sat.PropNogoodsTest" time="0.001"/>
  <testcase name="testIsEntailed1" classname="org.chocosolver.sat.PropNogoodsTest" time="0"/>
  <testcase name="testIsEntailed2" classname="org.chocosolver.sat.PropNogoodsTest" time="0"/>
  <testcase name="testIseq" classname="org.chocosolver.sat.PropNogoodsTest" time="0.174"/>
  <testcase name="testIvalue" classname="org.chocosolver.sat.PropNogoodsTest" time="0.001"/>
  <testcase name="testLiteral1" classname="org.chocosolver.sat.PropNogoodsTest" time="0.001"/>
  <testcase name="testLiteral2" classname="org.chocosolver.sat.PropNogoodsTest" time="0.001"/>
  <testcase name="testPropagate" classname="org.chocosolver.sat.PropNogoodsTest" time="0"/>
  <testcase name="testPropagate1" classname="org.chocosolver.sat.PropNogoodsTest" time="0"/>
  <testcase name="testVariableBound1" classname="org.chocosolver.sat.PropNogoodsTest" time="0.001"/>
  <testcase name="testVariableBound2" classname="org.chocosolver.sat.PropNogoodsTest" time="0"/>
  <testcase name="testVariableBound3" classname="org.chocosolver.sat.PropNogoodsTest" time="0"/>
  <testcase name="testVariableBound4" classname="org.chocosolver.sat.PropNogoodsTest" time="0"/>
  <testcase name="testWhy" classname="org.chocosolver.sat.PropNogoodsTest" time="0.001"/>
  <testcase name="AssignmentTest" classname="org.chocosolver.solver.search.StrategyTest" time="0.001"/>
  <testcase name="AssignmentTest2" classname="org.chocosolver.solver.search.StrategyTest" time="0.001"/>
  <testcase name="testAntiFirstFail1" classname="org.chocosolver.solver.search.StrategyTest" time="0.002"/>
  <testcase name="testAntiFirstFail2" classname="org.chocosolver.solver.search.StrategyTest" time="0.001"/>
  <testcase name="testBound" classname="org.chocosolver.solver.search.StrategyTest" time="8.038"/>
  <testcase name="testFH3321" classname="org.chocosolver.solver.search.StrategyTest" time="0.004"/>
  <testcase name="testFH3322" classname="org.chocosolver.solver.search.StrategyTest" time="0.004"/>
  <testcase name="testFH33232" classname="org.chocosolver.solver.search.StrategyTest" time="0.003"/>
  <testcase name="testFH3324" classname="org.chocosolver.solver.search.StrategyTest" time="0.003"/>
  <testcase name="testFirstFail1" classname="org.chocosolver.solver.search.StrategyTest" time="0.001"/>
  <testcase name="testFirstFail2" classname="org.chocosolver.solver.search.StrategyTest" time="0.001"/>
  <testcase name="testInputOrder" classname="org.chocosolver.solver.search.StrategyTest" time="0"/>
  <testcase name="testLargest1" classname="org.chocosolver.solver.search.StrategyTest" time="0.001"/>
  <testcase name="testLargest2" classname="org.chocosolver.solver.search.StrategyTest" time="0.001"/>
  <testcase name="testMaxDelta1" classname="org.chocosolver.solver.search.StrategyTest" time="0.001"/>
  <testcase name="testMaxDelta2" classname="org.chocosolver.solver.search.StrategyTest" time="0.001"/>
  <testcase name="testMaxRegret1" classname="org.chocosolver.solver.search.StrategyTest" time="0.001"/>
  <testcase name="testMaxRegret2" classname="org.chocosolver.solver.search.StrategyTest" time="0.001"/>
  <testcase name="testMinDelta1" classname="org.chocosolver.solver.search.StrategyTest" time="0.001"/>
  <testcase name="testMinDelta2" classname="org.chocosolver.solver.search.StrategyTest" time="0.001"/>
  <testcase name="testNoScope" classname="org.chocosolver.solver.search.StrategyTest" time="0.001"/>
  <testcase name="testOccurrence1" classname="org.chocosolver.solver.search.StrategyTest" time="0.001"/>
  <testcase name="testOccurrence2" classname="org.chocosolver.solver.search.StrategyTest" time="0.001"/>
  <testcase name="testOnce" classname="org.chocosolver.solver.search.StrategyTest" time="0"/>
  <testcase name="testSmallest1" classname="org.chocosolver.solver.search.StrategyTest" time="0.001"/>
  <testcase name="testSmallest2" classname="org.chocosolver.solver.search.StrategyTest" time="0"/>
  <testcase name="test2" classname="org.chocosolver.solver.constraints.nary.BinPackingTest" time="0.003"/>
  <testcase name="test2" classname="org.chocosolver.solver.constraints.nary.BinPackingTest" time="0.006"/>
  <testcase name="test3" classname="org.chocosolver.solver.constraints.nary.BinPackingTest" time="0.001"/>
  <testcase name="test3" classname="org.chocosolver.solver.constraints.nary.BinPackingTest" time="0.001"/>
  <testcase name="testFixedLoadBackPropag" classname="org.chocosolver.solver.constraints.nary.BinPackingTest" time="0"/>
  <testcase name="aTest" classname="org.chocosolver.solver.explanations.ExplanationEngineTest" time="0.002"/>
  <testcase name="test01" classname="org.chocosolver.solver.explanations.ExplanationEngineTest" time="0.013"/>
  <testcase name="test1" classname="org.chocosolver.solver.explanations.ExplanationEngineTest" time="0.015"/>
  <testcase name="test111" classname="org.chocosolver.solver.explanations.ExplanationEngineTest" time="0.001"/>
  <testcase name="test2" classname="org.chocosolver.solver.explanations.ExplanationEngineTest" time="0.028"/>
  <testcase name="test3" classname="org.chocosolver.solver.explanations.ExplanationEngineTest" time="0.001"/>
  <testcase name="test3" classname="org.chocosolver.solver.explanations.ExplanationEngineTest" time="0.001"/>
  <testcase name="test3" classname="org.chocosolver.solver.explanations.ExplanationEngineTest" time="0"/>
  <testcase name="test3" classname="org.chocosolver.solver.explanations.ExplanationEngineTest" time="0.001"/>
  <testcase name="test3" classname="org.chocosolver.solver.explanations.ExplanationEngineTest" time="0.001"/>
  <testcase name="test3" classname="org.chocosolver.solver.explanations.ExplanationEngineTest" time="0"/>
  <testcase name="test3" classname="org.chocosolver.solver.explanations.ExplanationEngineTest" time="0.001"/>
  <testcase name="test3" classname="org.chocosolver.solver.explanations.ExplanationEngineTest" time="0.001"/>
  <testcase name="test3" classname="org.chocosolver.solver.explanations.ExplanationEngineTest" time="0.001"/>
  <testcase name="test3" classname="org.chocosolver.solver.explanations.ExplanationEngineTest" time="0.002"/>
  <testcase name="test3" classname="org.chocosolver.solver.explanations.ExplanationEngineTest" time="0.003"/>
  <testcase name="test3" classname="org.chocosolver.solver.explanations.ExplanationEngineTest" time="0.006"/>
  <testcase name="test3" classname="org.chocosolver.solver.explanations.ExplanationEngineTest" time="0.016"/>
  <testcase name="test3" classname="org.chocosolver.solver.explanations.ExplanationEngineTest" time="0.03"/>
  <testcase name="test3" classname="org.chocosolver.solver.explanations.ExplanationEngineTest" time="0.047"/>
  <testcase name="test4" classname="org.chocosolver.solver.explanations.ExplanationEngineTest" time="0.001"/>
  <testcase name="testClauses" classname="org.chocosolver.solver.explanations.ExplanationEngineTest" time="0"/>
  <testcase name="testClauses2" classname="org.chocosolver.solver.explanations.ExplanationEngineTest" time="0.001"/>
  <testcase name="testClauses3" classname="org.chocosolver.solver.explanations.ExplanationEngineTest" time="0.001"/>
  <testcase name="testClauses4" classname="org.chocosolver.solver.explanations.ExplanationEngineTest" time="0.002"/>
  <testcase name="testIntSat" classname="org.chocosolver.solver.explanations.ExplanationEngineTest" time="0.001"/>
  <testcase name="testLSsmall" classname="org.chocosolver.solver.explanations.ExplanationEngineTest" time="0.002"/>
  <testcase name="testLSsmall" classname="org.chocosolver.solver.explanations.ExplanationEngineTest" time="0.001"/>
  <testcase name="testLSsmall" classname="org.chocosolver.solver.explanations.ExplanationEngineTest" time="0.001"/>
  <testcase name="testLSsmall" classname="org.chocosolver.solver.explanations.ExplanationEngineTest" time="0.001"/>
  <testcase name="testLSsmall" classname="org.chocosolver.solver.explanations.ExplanationEngineTest" time="0.001"/>
  <testcase name="testLSsmall" classname="org.chocosolver.solver.explanations.ExplanationEngineTest" time="0.001"/>
  <testcase name="testLSsmall" classname="org.chocosolver.solver.explanations.ExplanationEngineTest" time="0"/>
  <testcase name="testLSsmall" classname="org.chocosolver.solver.explanations.ExplanationEngineTest" time="0.001"/>
  <testcase name="testLSsmall" classname="org.chocosolver.solver.explanations.ExplanationEngineTest" time="0.001"/>
  <testcase name="testLSsmall" classname="org.chocosolver.solver.explanations.ExplanationEngineTest" time="0.002"/>
  <testcase name="testLSsmall" classname="org.chocosolver.solver.explanations.ExplanationEngineTest" time="0"/>
  <testcase name="testLSsmall" classname="org.chocosolver.solver.explanations.ExplanationEngineTest" time="0"/>
  <testcase name="testLSsmall" classname="org.chocosolver.solver.explanations.ExplanationEngineTest" time="0.002"/>
  <testcase name="testLSsmall" classname="org.chocosolver.solver.explanations.ExplanationEngineTest" time="0.001"/>
  <testcase name="testLSsmall" classname="org.chocosolver.solver.explanations.ExplanationEngineTest" time="0.002"/>
  <testcase name="testLSsmall" classname="org.chocosolver.solver.explanations.ExplanationEngineTest" time="0.001"/>
  <testcase name="testLSsmall" classname="org.chocosolver.solver.explanations.ExplanationEngineTest" time="0.001"/>
  <testcase name="testLSsmall" classname="org.chocosolver.solver.explanations.ExplanationEngineTest" time="0.002"/>
  <testcase name="testLSsmall" classname="org.chocosolver.solver.explanations.ExplanationEngineTest" time="0.001"/>
  <testcase name="testLSsmall" classname="org.chocosolver.solver.explanations.ExplanationEngineTest" time="0.003"/>
  <testcase name="testLSsmall" classname="org.chocosolver.solver.explanations.ExplanationEngineTest" time="0.001"/>
  <testcase name="testLSsmall" classname="org.chocosolver.solver.explanations.ExplanationEngineTest" time="0.002"/>
  <testcase name="testLSsmall" classname="org.chocosolver.solver.explanations.ExplanationEngineTest" time="0.001"/>
  <testcase name="testLSsmall" classname="org.chocosolver.solver.explanations.ExplanationEngineTest" time="0.001"/>
  <testcase name="testLSsmall" classname="org.chocosolver.solver.explanations.ExplanationEngineTest" time="0.001"/>
  <testcase name="testLSsmall" classname="org.chocosolver.solver.explanations.ExplanationEngineTest" time="0.002"/>
  <testcase name="testLSsmall" classname="org.chocosolver.solver.explanations.ExplanationEngineTest" time="0.003"/>
  <testcase name="testLSsmall" classname="org.chocosolver.solver.explanations.ExplanationEngineTest" time="0.014"/>
  <testcase name="testLSsmall" classname="org.chocosolver.solver.explanations.ExplanationEngineTest" time="0.003"/>
  <testcase name="testLSsmall" classname="org.chocosolver.solver.explanations.ExplanationEngineTest" time="0.009"/>
  <testcase name="testLSsmall" classname="org.chocosolver.solver.explanations.ExplanationEngineTest" time="0.003"/>
  <testcase name="testLSsmall" classname="org.chocosolver.solver.explanations.ExplanationEngineTest" time="0.007"/>
  <testcase name="testLSsmall" classname="org.chocosolver.solver.explanations.ExplanationEngineTest" time="0.027"/>
  <testcase name="testLSsmall" classname="org.chocosolver.solver.explanations.ExplanationEngineTest" time="0.004"/>
  <testcase name="testLSsmall" classname="org.chocosolver.solver.explanations.ExplanationEngineTest" time="0.014"/>
  <testcase name="testLSsmall" classname="org.chocosolver.solver.explanations.ExplanationEngineTest" time="0.007"/>
  <testcase name="testLSsmall" classname="org.chocosolver.solver.explanations.ExplanationEngineTest" time="0.006"/>
  <testcase name="testLSsmall" classname="org.chocosolver.solver.explanations.ExplanationEngineTest" time="0.046"/>
  <testcase name="testLSsmall" classname="org.chocosolver.solver.explanations.ExplanationEngineTest" time="0.004"/>
  <testcase name="testLSsmall" classname="org.chocosolver.solver.explanations.ExplanationEngineTest" time="0.019"/>
  <testcase name="testLSsmall" classname="org.chocosolver.solver.explanations.ExplanationEngineTest" time="0.026"/>
  <testcase name="testLSsmall" classname="org.chocosolver.solver.explanations.ExplanationEngineTest" time="0.009"/>
  <testcase name="testLSsmall" classname="org.chocosolver.solver.explanations.ExplanationEngineTest" time="0.046"/>
  <testcase name="testLSsmall" classname="org.chocosolver.solver.explanations.ExplanationEngineTest" time="0.004"/>
  <testcase name="testLSsmall" classname="org.chocosolver.solver.explanations.ExplanationEngineTest" time="0.012"/>
  <testcase name="testLSsmall" classname="org.chocosolver.solver.explanations.ExplanationEngineTest" time="0.172"/>
  <testcase name="testLSsmall" classname="org.chocosolver.solver.explanations.ExplanationEngineTest" time="0.03"/>
  <testcase name="testLSsmall" classname="org.chocosolver.solver.explanations.ExplanationEngineTest" time="0.33"/>
  <testcase name="testLSsmall" classname="org.chocosolver.solver.explanations.ExplanationEngineTest" time="0.006"/>
  <testcase name="testLSsmall" classname="org.chocosolver.solver.explanations.ExplanationEngineTest" time="0.047"/>
  <testcase name="testLSsmall" classname="org.chocosolver.solver.explanations.ExplanationEngineTest" time="5.395"/>
  <testcase name="testLSsmall" classname="org.chocosolver.solver.explanations.ExplanationEngineTest" time="0.086"/>
  <testcase name="testLSsmall" classname="org.chocosolver.solver.explanations.ExplanationEngineTest" time="1.268"/>
  <testcase name="testLSsmall" classname="org.chocosolver.solver.explanations.ExplanationEngineTest" time="0.014"/>
  <testcase name="testLSsmall" classname="org.chocosolver.solver.explanations.ExplanationEngineTest" time="0.181"/>
  <testcase name="testMSsmall" classname="org.chocosolver.solver.explanations.ExplanationEngineTest" time="0.004"/>
  <testcase name="testMSsmall" classname="org.chocosolver.solver.explanations.ExplanationEngineTest" time="0.015"/>
  <testcase name="testMSsmall" classname="org.chocosolver.solver.explanations.ExplanationEngineTest" time="0.027"/>
  <testcase name="testMSsmall" classname="org.chocosolver.solver.explanations.ExplanationEngineTest" time="0.01"/>
  <testcase name="testMSsmall" classname="org.chocosolver.solver.explanations.ExplanationEngineTest" time="0.018"/>
  <testcase name="testMSsmall" classname="org.chocosolver.solver.explanations.ExplanationEngineTest" time="0.173"/>
  <testcase name="testMSsmall" classname="org.chocosolver.solver.explanations.ExplanationEngineTest" time="0.281"/>
  <testcase name="testMSsmall" classname="org.chocosolver.solver.explanations.ExplanationEngineTest" time="2.18"/>
  <testcase name="testMSsmall" classname="org.chocosolver.solver.explanations.ExplanationEngineTest" time="0.433"/>
  <testcase name="testMSsmall" classname="org.chocosolver.solver.explanations.ExplanationEngineTest" time="2.167"/>
  <testcase name="testNosol0B" classname="org.chocosolver.solver.explanations.ExplanationEngineTest" time="0.756"/>
  <testcase name="testNosol0E" classname="org.chocosolver.solver.explanations.ExplanationEngineTest" time="1.931"/>
  <testcase name="testNosol1B" classname="org.chocosolver.solver.explanations.ExplanationEngineTest" time="0.054"/>
  <testcase name="testNosol1E" classname="org.chocosolver.solver.explanations.ExplanationEngineTest" time="0.173"/>
  <testcase name="testOnce1" classname="org.chocosolver.solver.explanations.ExplanationEngineTest" time="0.003"/>
  <testcase name="testPAsmall" classname="org.chocosolver.solver.explanations.ExplanationEngineTest" time="0.004"/>
  <testcase name="testPAsmall" classname="org.chocosolver.solver.explanations.ExplanationEngineTest" time="0.008"/>
  <testcase name="testPAsmall" classname="org.chocosolver.solver.explanations.ExplanationEngineTest" time="0.006"/>
  <testcase name="testPAsmall" classname="org.chocosolver.solver.explanations.ExplanationEngineTest" time="0.006"/>
  <testcase name="testPAsmall" classname="org.chocosolver.solver.explanations.ExplanationEngineTest" time="0.006"/>
  <testcase name="testPAsmall" classname="org.chocosolver.solver.explanations.ExplanationEngineTest" time="0.005"/>
  <testcase name="testPAsmall" classname="org.chocosolver.solver.explanations.ExplanationEngineTest" time="0.006"/>
  <testcase name="testPAsmall" classname="org.chocosolver.solver.explanations.ExplanationEngineTest" time="0.009"/>
  <testcase name="testPAsmall" classname="org.chocosolver.solver.explanations.ExplanationEngineTest" time="0.006"/>
  <testcase name="testPAsmall" classname="org.chocosolver.solver.explanations.ExplanationEngineTest" time="0.01"/>
  <testcase name="testPAsmall" classname="org.chocosolver.solver.explanations.ExplanationEngineTest" time="0.03"/>
  <testcase name="testPAsmall" classname="org.chocosolver.solver.explanations.ExplanationEngineTest" time="0.039"/>
  <testcase name="testPAsmall" classname="org.chocosolver.solver.explanations.ExplanationEngineTest" time="0.077"/>
  <testcase name="testPAsmall" classname="org.chocosolver.solver.explanations.ExplanationEngineTest" time="0.042"/>
  <testcase name="testPAsmall" classname="org.chocosolver.solver.explanations.ExplanationEngineTest" time="0.074"/>
  <testcase name="testPAsmall" classname="org.chocosolver.solver.explanations.ExplanationEngineTest" time="0.045"/>
  <testcase name="testPAsmall" classname="org.chocosolver.solver.explanations.ExplanationEngineTest" time="0.052"/>
  <testcase name="testPAsmall" classname="org.chocosolver.solver.explanations.ExplanationEngineTest" time="0.089"/>
  <testcase name="testPAsmall" classname="org.chocosolver.solver.explanations.ExplanationEngineTest" time="0.052"/>
  <testcase name="testPAsmall" classname="org.chocosolver.solver.explanations.ExplanationEngineTest" time="0.098"/>
  <testcase name="testReif" classname="org.chocosolver.solver.explanations.ExplanationEngineTest" time="0.004"/>
  <testcase name="testReif2" classname="org.chocosolver.solver.explanations.ExplanationEngineTest" time="0.002"/>
  <testcase name="testReif3" classname="org.chocosolver.solver.explanations.ExplanationEngineTest" time="0.002"/>
  <testcase name="testsmallCA" classname="org.chocosolver.solver.explanations.ExplanationEngineTest" time="0.001"/>
  <testcase name="testsmallCA" classname="org.chocosolver.solver.explanations.ExplanationEngineTest" time="0.005"/>
  <testcase name="testsmallCA" classname="org.chocosolver.solver.explanations.ExplanationEngineTest" time="0.003"/>
  <testcase name="testsmallCA" classname="org.chocosolver.solver.explanations.ExplanationEngineTest" time="0.003"/>
  <testcase name="testsmallCA" classname="org.chocosolver.solver.explanations.ExplanationEngineTest" time="0.003"/>
  <testcase name="testsmallCA" classname="org.chocosolver.solver.explanations.ExplanationEngineTest" time="0.002"/>
  <testcase name="testsmallCA" classname="org.chocosolver.solver.explanations.ExplanationEngineTest" time="0.004"/>
  <testcase name="testsmallCA" classname="org.chocosolver.solver.explanations.ExplanationEngineTest" time="0.005"/>
  <testcase name="testsmallCA" classname="org.chocosolver.solver.explanations.ExplanationEngineTest" time="0.005"/>
  <testcase name="testsmallCA" classname="org.chocosolver.solver.explanations.ExplanationEngineTest" time="0.005"/>
  <testcase name="testsmallCA" classname="org.chocosolver.solver.explanations.ExplanationEngineTest" time="0.004"/>
  <testcase name="testsmallCA" classname="org.chocosolver.solver.explanations.ExplanationEngineTest" time="0.006"/>
  <testcase name="testsmallCA" classname="org.chocosolver.solver.explanations.ExplanationEngineTest" time="0.005"/>
  <testcase name="testsmallCA" classname="org.chocosolver.solver.explanations.ExplanationEngineTest" time="0.004"/>
  <testcase name="testsmallCA" classname="org.chocosolver.solver.explanations.ExplanationEngineTest" time="0.007"/>
  <testcase name="testsmallCA" classname="org.chocosolver.solver.explanations.ExplanationEngineTest" time="0.007"/>
  <testcase name="testsmallCA" classname="org.chocosolver.solver.explanations.ExplanationEngineTest" time="0.013"/>
  <testcase name="testsmallCA" classname="org.chocosolver.solver.explanations.ExplanationEngineTest" time="0.016"/>
  <testcase name="testsmallCA" classname="org.chocosolver.solver.explanations.ExplanationEngineTest" time="0.014"/>
  <testcase name="testsmallCA" classname="org.chocosolver.solver.explanations.ExplanationEngineTest" time="0.016"/>
  <testcase name="testsmallCA" classname="org.chocosolver.solver.explanations.ExplanationEngineTest" time="0.003"/>
  <testcase name="testsmallCA" classname="org.chocosolver.solver.explanations.ExplanationEngineTest" time="0.005"/>
  <testcase name="testsmallCA" classname="org.chocosolver.solver.explanations.ExplanationEngineTest" time="0.006"/>
  <testcase name="testsmallCA" classname="org.chocosolver.solver.explanations.ExplanationEngineTest" time="0.006"/>
  <testcase name="testsmallCA" classname="org.chocosolver.solver.explanations.ExplanationEngineTest" time="0.006"/>
  <testcase name="testsmallCA" classname="org.chocosolver.solver.explanations.ExplanationEngineTest" time="0.048"/>
  <testcase name="testsmallCA" classname="org.chocosolver.solver.explanations.ExplanationEngineTest" time="0.072"/>
  <testcase name="testsmallCA" classname="org.chocosolver.solver.explanations.ExplanationEngineTest" time="0.095"/>
  <testcase name="testsmallCA" classname="org.chocosolver.solver.explanations.ExplanationEngineTest" time="0.073"/>
  <testcase name="testsmallCA" classname="org.chocosolver.solver.explanations.ExplanationEngineTest" time="0.092"/>
  <testcase name="testsmallCA" classname="org.chocosolver.solver.explanations.ExplanationEngineTest" time="0.026"/>
  <testcase name="testsmallCA" classname="org.chocosolver.solver.explanations.ExplanationEngineTest" time="0.038"/>
  <testcase name="testsmallCA" classname="org.chocosolver.solver.explanations.ExplanationEngineTest" time="0.047"/>
  <testcase name="testsmallCA" classname="org.chocosolver.solver.explanations.ExplanationEngineTest" time="0.042"/>
  <testcase name="testsmallCA" classname="org.chocosolver.solver.explanations.ExplanationEngineTest" time="0.038"/>
  <testcase name="testsmallCA" classname="org.chocosolver.solver.explanations.ExplanationEngineTest" time="0.106"/>
  <testcase name="testsmallCA" classname="org.chocosolver.solver.explanations.ExplanationEngineTest" time="0.153"/>
  <testcase name="testsmallCA" classname="org.chocosolver.solver.explanations.ExplanationEngineTest" time="0.235"/>
  <testcase name="testsmallCA" classname="org.chocosolver.solver.explanations.ExplanationEngineTest" time="0.184"/>
  <testcase name="testsmallCA" classname="org.chocosolver.solver.explanations.ExplanationEngineTest" time="0.235"/>
  <testcase name="testsmallCA" classname="org.chocosolver.solver.explanations.ExplanationEngineTest" time="1.465"/>
  <testcase name="testsmallCA" classname="org.chocosolver.solver.explanations.ExplanationEngineTest" time="2.258"/>
  <testcase name="testsmallCA" classname="org.chocosolver.solver.explanations.ExplanationEngineTest" time="4.13"/>
  <testcase name="testsmallCA" classname="org.chocosolver.solver.explanations.ExplanationEngineTest" time="3.175"/>
  <testcase name="testsmallCA" classname="org.chocosolver.solver.explanations.ExplanationEngineTest" time="4.111"/>
  <testcase name="testsmallGR" classname="org.chocosolver.solver.explanations.ExplanationEngineTest" time="0.004"/>
  <testcase name="testsmallGR" classname="org.chocosolver.solver.explanations.ExplanationEngineTest" time="0.005"/>
  <testcase name="testsmallGR" classname="org.chocosolver.solver.explanations.ExplanationEngineTest" time="0.005"/>
  <testcase name="testsmallGR" classname="org.chocosolver.solver.explanations.ExplanationEngineTest" time="0.004"/>
  <testcase name="testsmallGR" classname="org.chocosolver.solver.explanations.ExplanationEngineTest" time="0.005"/>
  <testcase name="testsmallGR" classname="org.chocosolver.solver.explanations.ExplanationEngineTest" time="0.011"/>
  <testcase name="testsmallGR" classname="org.chocosolver.solver.explanations.ExplanationEngineTest" time="0.015"/>
  <testcase name="testsmallGR" classname="org.chocosolver.solver.explanations.ExplanationEngineTest" time="0.022"/>
  <testcase name="testsmallGR" classname="org.chocosolver.solver.explanations.ExplanationEngineTest" time="0.016"/>
  <testcase name="testsmallGR" classname="org.chocosolver.solver.explanations.ExplanationEngineTest" time="0.023"/>
  <testcase name="testsmallGR" classname="org.chocosolver.solver.explanations.ExplanationEngineTest" time="0.089"/>
  <testcase name="testsmallGR" classname="org.chocosolver.solver.explanations.ExplanationEngineTest" time="0.111"/>
  <testcase name="testsmallGR" classname="org.chocosolver.solver.explanations.ExplanationEngineTest" time="0.19"/>
  <testcase name="testsmallGR" classname="org.chocosolver.solver.explanations.ExplanationEngineTest" time="0.129"/>
  <testcase name="testsmallGR" classname="org.chocosolver.solver.explanations.ExplanationEngineTest" time="0.224"/>
  <testcase name="testsmallGR" classname="org.chocosolver.solver.explanations.ExplanationEngineTest" time="0.689"/>
  <testcase name="testsmallGR" classname="org.chocosolver.solver.explanations.ExplanationEngineTest" time="0.896"/>
  <testcase name="testsmallGR" classname="org.chocosolver.solver.explanations.ExplanationEngineTest" time="1.655"/>
  <testcase name="testsmallGR" classname="org.chocosolver.solver.explanations.ExplanationEngineTest" time="1.06"/>
  <testcase name="testsmallGR" classname="org.chocosolver.solver.explanations.ExplanationEngineTest" time="1.664"/>
  <testcase name="testsmallLN" classname="org.chocosolver.solver.explanations.ExplanationEngineTest" time="0.001"/>
  <testcase name="testsmallLN" classname="org.chocosolver.solver.explanations.ExplanationEngineTest" time="0.001"/>
  <testcase name="testsmallLN" classname="org.chocosolver.solver.explanations.ExplanationEngineTest" time="0.001"/>
  <testcase name="testsmallLN" classname="org.chocosolver.solver.explanations.ExplanationEngineTest" time="0"/>
  <testcase name="testsmallLN" classname="org.chocosolver.solver.explanations.ExplanationEngineTest" time="0.001"/>
  <testcase name="testsmallLN" classname="org.chocosolver.solver.explanations.ExplanationEngineTest" time="0"/>
  <testcase name="testsmallLN" classname="org.chocosolver.solver.explanations.ExplanationEngineTest" time="0.001"/>
  <testcase name="testsmallLN" classname="org.chocosolver.solver.explanations.ExplanationEngineTest" time="0.001"/>
  <testcase name="testsmallLN" classname="org.chocosolver.solver.explanations.ExplanationEngineTest" time="0.001"/>
  <testcase name="testsmallLN" classname="org.chocosolver.solver.explanations.ExplanationEngineTest" time="0.002"/>
  <testcase name="testsmallLN" classname="org.chocosolver.solver.explanations.ExplanationEngineTest" time="0.041"/>
  <testcase name="testsmallLN" classname="org.chocosolver.solver.explanations.ExplanationEngineTest" time="0.036"/>
  <testcase name="testsmallLN" classname="org.chocosolver.solver.explanations.ExplanationEngineTest" time="0.058"/>
  <testcase name="testsmallLN" classname="org.chocosolver.solver.explanations.ExplanationEngineTest" time="0.029"/>
  <testcase name="testsmallLN" classname="org.chocosolver.solver.explanations.ExplanationEngineTest" time="0.051"/>
  <testcase name="testsmallLN" classname="org.chocosolver.solver.explanations.ExplanationEngineTest" time="0.923"/>
  <testcase name="testsmallLN" classname="org.chocosolver.solver.explanations.ExplanationEngineTest" time="1.54"/>
  <testcase name="testsmallLN" classname="org.chocosolver.solver.explanations.ExplanationEngineTest" time="4.544"/>
  <testcase name="testsmallLN" classname="org.chocosolver.solver.explanations.ExplanationEngineTest" time="2.053"/>
  <testcase name="testsmallLN" classname="org.chocosolver.solver.explanations.ExplanationEngineTest" time="4.516"/>
  <testcase name="testPareto" classname="org.chocosolver.solver.search.ParetoTest" time="0.015"/>
  <testcase name="testCostas" classname="org.chocosolver.solver.search.ActivityTest" time="2.608"/>
  <testcase name="testEmptyArray" classname="org.chocosolver.solver.constraints.nary.BitsIntChannelingTest" time="0.002"/>
  <testcase name="testFree" classname="org.chocosolver.solver.constraints.nary.BitsIntChannelingTest" time="0.017"/>
  <testcase name="testNegativeValue" classname="org.chocosolver.solver.constraints.nary.BitsIntChannelingTest" time="0.003"/>
  <testcase name="testNominal" classname="org.chocosolver.solver.constraints.nary.BitsIntChannelingTest" time="0.001"/>
  <testcase name="testNominalReverse" classname="org.chocosolver.solver.constraints.nary.BitsIntChannelingTest" time="0.001"/>
  <testcase name="testNotEnoughDigits" classname="org.chocosolver.solver.constraints.nary.BitsIntChannelingTest" time="0.001"/>
  <testcase name="testOneUnknownBit" classname="org.chocosolver.solver.constraints.nary.BitsIntChannelingTest" time="0.001"/>
  <testcase name="testTooSmallBound" classname="org.chocosolver.solver.constraints.nary.BitsIntChannelingTest" time="0.001"/>
  <testcase name="test1" classname="org.chocosolver.solver.explanations.EqualXYCExplTest" time="0.016"/>
  <testcase name="testMakeIntDecision" classname="org.chocosolver.solver.search.strategy.decision.DecisionMakerTest" time="0"/>
  <testcase name="testMakeRealDecision" classname="org.chocosolver.solver.search.strategy.decision.DecisionMakerTest" time="0.001"/>
  <testcase name="testMakeSetDecision" classname="org.chocosolver.solver.search.strategy.decision.DecisionMakerTest" time="0.001"/>
  <testcase name="testSerializeIntDecision" classname="org.chocosolver.solver.search.strategy.decision.DecisionMakerTest" time="0.013"/>
  <testcase name="testSerializeSetDecision" classname="org.chocosolver.solver.search.strategy.decision.DecisionMakerTest" time="0.002"/>
  <testcase name="testAtLeast" classname="org.chocosolver.solver.constraints.nary.NValueTest" time="0.019"/>
  <testcase name="testAtLeastFixed" classname="org.chocosolver.solver.constraints.nary.NValueTest" time="0.001"/>
  <testcase name="testAtLeastFixed2" classname="org.chocosolver.solver.constraints.nary.NValueTest" time="1.981"/>
  <testcase name="testAtMost" classname="org.chocosolver.solver.constraints.nary.NValueTest" time="0.023"/>
  <testcase name="testAtMostFixed" classname="org.chocosolver.solver.constraints.nary.NValueTest" time="0.002"/>
  <testcase name="testNValuesFixed" classname="org.chocosolver.solver.constraints.nary.NValueTest" time="0.004"/>
  <testcase name="testBoolFullDom" classname="org.chocosolver.solver.explanations.RuleStoreTest" time="0.001"/>
  <testcase name="testBoundBound" classname="org.chocosolver.solver.explanations.RuleStoreTest" time="0.001"/>
  <testcase name="testBoundFullDom" classname="org.chocosolver.solver.explanations.RuleStoreTest" time="0"/>
  <testcase name="testBoundLow" classname="org.chocosolver.solver.explanations.RuleStoreTest" time="0.001"/>
  <testcase name="testBoundRem" classname="org.chocosolver.solver.explanations.RuleStoreTest" time="0"/>
  <testcase name="testBoundRem2" classname="org.chocosolver.solver.explanations.RuleStoreTest" time="0"/>
  <testcase name="testBoundUpp" classname="org.chocosolver.solver.explanations.RuleStoreTest" time="0.001"/>
  <testcase name="testDecRefutation" classname="org.chocosolver.solver.explanations.RuleStoreTest" time="0"/>
  <testcase name="testEnumBound" classname="org.chocosolver.solver.explanations.RuleStoreTest" time="0"/>
  <testcase name="testEnumFullDom" classname="org.chocosolver.solver.explanations.RuleStoreTest" time="0"/>
  <testcase name="testEnumLow" classname="org.chocosolver.solver.explanations.RuleStoreTest" time="0.001"/>
  <testcase name="testEnumRem" classname="org.chocosolver.solver.explanations.RuleStoreTest" time="0"/>
  <testcase name="testEnumUpp" classname="org.chocosolver.solver.explanations.RuleStoreTest" time="0.001"/>
  <testcase name="testJGF" classname="org.chocosolver.solver.constraints.nary.CNFTest" time="0.009"/>
  <testcase name="testApply" classname="org.chocosolver.solver.search.strategy.decision.DecisionPathTest" time="0.001"/>
  <testcase name="testGetDecision1" classname="org.chocosolver.solver.search.strategy.decision.DecisionPathTest" time="0.001"/>
  <testcase name="testGetDecision2" classname="org.chocosolver.solver.search.strategy.decision.DecisionPathTest" time="0.001"/>
  <testcase name="testGetDecision3" classname="org.chocosolver.solver.search.strategy.decision.DecisionPathTest" time="0"/>
  <testcase name="testGetLastDecision" classname="org.chocosolver.solver.search.strategy.decision.DecisionPathTest" time="0"/>
  <testcase name="testPushDecision" classname="org.chocosolver.solver.search.strategy.decision.DecisionPathTest" time="0"/>
  <testcase name="testRemoveLast" classname="org.chocosolver.solver.search.strategy.decision.DecisionPathTest" time="0"/>
  <testcase name="testSize" classname="org.chocosolver.solver.search.strategy.decision.DecisionPathTest" time="0.001"/>
  <testcase name="testTransferInto" classname="org.chocosolver.solver.search.strategy.decision.DecisionPathTest" time="0"/>
  <testcase name="testLazy" classname="org.chocosolver.solver.explanations.ExplanationTest" time="0.003"/>
  <testcase name="testMS" classname="org.chocosolver.solver.explanations.ExplanationTest" time="6.863"/>
  <testcase name="testNosol0" classname="org.chocosolver.solver.explanations.ExplanationTest" time="7.261"/>
  <testcase name="testNosolBut0" classname="org.chocosolver.solver.explanations.ExplanationTest" time="13.892"/>
  <testcase name="testPigeons" classname="org.chocosolver.solver.explanations.ExplanationTest" time="18.321"/>
  <testcase name="testReif" classname="org.chocosolver.solver.explanations.ExplanationTest" time="0.013"/>
  <testcase name="testReif2" classname="org.chocosolver.solver.explanations.ExplanationTest" time="0.005"/>
  <testcase name="testReif3" classname="org.chocosolver.solver.explanations.ExplanationTest" time="0.003"/>
  <testcase name="testUserExpl" classname="org.chocosolver.solver.explanations.ExplanationTest" time="0"/>
  <testcase name="testXP1" classname="org.chocosolver.solver.explanations.ExplanationTest" time="0.002"/>
  <testcase name="testXP1" classname="org.chocosolver.solver.explanations.ExplanationTest" time="0.001"/>
  <testcase name="testXP1" classname="org.chocosolver.solver.explanations.ExplanationTest" time="0.001"/>
  <testcase name="testXP1" classname="org.chocosolver.solver.explanations.ExplanationTest" time="0"/>
  <testcase name="testXP1" classname="org.chocosolver.solver.explanations.ExplanationTest" time="0.001"/>
  <testcase name="testXP1" classname="org.chocosolver.solver.explanations.ExplanationTest" time="0.001"/>
  <testcase name="testXP1" classname="org.chocosolver.solver.explanations.ExplanationTest" time="0.002"/>
  <testcase name="testXP1" classname="org.chocosolver.solver.explanations.ExplanationTest" time="0"/>
  <testcase name="testXP1" classname="org.chocosolver.solver.explanations.ExplanationTest" time="0.001"/>
  <testcase name="testXP1" classname="org.chocosolver.solver.explanations.ExplanationTest" time="0.001"/>
  <testcase name="testXP1" classname="org.chocosolver.solver.explanations.ExplanationTest" time="0.001"/>
  <testcase name="testXP1" classname="org.chocosolver.solver.explanations.ExplanationTest" time="0"/>
  <testcase name="testXP1" classname="org.chocosolver.solver.explanations.ExplanationTest" time="0"/>
  <testcase name="testXP1" classname="org.chocosolver.solver.explanations.ExplanationTest" time="0.001"/>
  <testcase name="testXP1" classname="org.chocosolver.solver.explanations.ExplanationTest" time="0.001"/>
  <testcase name="testXP1" classname="org.chocosolver.solver.explanations.ExplanationTest" time="0.001"/>
  <testcase name="testXP1" classname="org.chocosolver.solver.explanations.ExplanationTest" time="0.001"/>
  <testcase name="testXP1" classname="org.chocosolver.solver.explanations.ExplanationTest" time="0.001"/>
  <testcase name="testXP1" classname="org.chocosolver.solver.explanations.ExplanationTest" time="0.001"/>
  <testcase name="testXP1" classname="org.chocosolver.solver.explanations.ExplanationTest" time="0"/>
  <testcase name="testXP1" classname="org.chocosolver.solver.explanations.ExplanationTest" time="0.001"/>
  <testcase name="testXP1" classname="org.chocosolver.solver.explanations.ExplanationTest" time="0.001"/>
  <testcase name="testXP1" classname="org.chocosolver.solver.explanations.ExplanationTest" time="0.001"/>
  <testcase name="testXP1" classname="org.chocosolver.solver.explanations.ExplanationTest" time="0"/>
  <testcase name="testXP1" classname="org.chocosolver.solver.explanations.ExplanationTest" time="0.001"/>
  <testcase name="testXP1" classname="org.chocosolver.solver.explanations.ExplanationTest" time="0.001"/>
  <testcase name="testXP1" classname="org.chocosolver.solver.explanations.ExplanationTest" time="0"/>
  <testcase name="testXP1" classname="org.chocosolver.solver.explanations.ExplanationTest" time="0.001"/>
  <testcase name="testXP1" classname="org.chocosolver.solver.explanations.ExplanationTest" time="0.001"/>
  <testcase name="testXP1" classname="org.chocosolver.solver.explanations.ExplanationTest" time="0.001"/>
  <testcase name="testXP1" classname="org.chocosolver.solver.explanations.ExplanationTest" time="0"/>
  <testcase name="testXP1" classname="org.chocosolver.solver.explanations.ExplanationTest" time="0.001"/>
  <testcase name="testXP1" classname="org.chocosolver.solver.explanations.ExplanationTest" time="0"/>
  <testcase name="testXP1" classname="org.chocosolver.solver.explanations.ExplanationTest" time="0.001"/>
  <testcase name="testXP1" classname="org.chocosolver.solver.explanations.ExplanationTest" time="0.001"/>
  <testcase name="testXP1" classname="org.chocosolver.solver.explanations.ExplanationTest" time="0"/>
  <testcase name="testXP1" classname="org.chocosolver.solver.explanations.ExplanationTest" time="0.001"/>
  <testcase name="testXP1" classname="org.chocosolver.solver.explanations.ExplanationTest" time="0.001"/>
  <testcase name="testXP1" classname="org.chocosolver.solver.explanations.ExplanationTest" time="0"/>
  <testcase name="testXP1" classname="org.chocosolver.solver.explanations.ExplanationTest" time="0.001"/>
  <testcase name="test2" classname="org.chocosolver.solver.constraints.nary.AmongTest" time="0.063"/>
  <testcase name="test3" classname="org.chocosolver.solver.constraints.nary.AmongTest" time="0.031"/>
  <testcase name="test4" classname="org.chocosolver.solver.constraints.nary.AmongTest" time="0.002"/>
  <testcase name="testRandomProblems" classname="org.chocosolver.solver.constraints.nary.AmongTest" time="4.807"/>
  <testcase name="testRandomProblems2" classname="org.chocosolver.solver.constraints.nary.AmongTest" time="23.988"/>
  <testcase name="cosTest" classname="org.chocosolver.solver.search.strategy.strategy.ConflictOrderingSearchTest" time="0.112"/>
  <testcase name="testM1" classname="org.chocosolver.solver.search.strategy.strategy.ConflictOrderingSearchTest" time="0.002"/>
  <testcase name="testM2" classname="org.chocosolver.solver.search.strategy.strategy.ConflictOrderingSearchTest" time="0.001"/>
  <testcase name="testStampIt1" classname="org.chocosolver.solver.search.strategy.strategy.ConflictOrderingSearchTest" time="0.001"/>
  <testcase name="testStampIt2" classname="org.chocosolver.solver.search.strategy.strategy.ConflictOrderingSearchTest" time="0"/>
  <testcase name="testStampIt3" classname="org.chocosolver.solver.search.strategy.strategy.ConflictOrderingSearchTest" time="0.093"/>
  <testcase name="testfirstNotInst" classname="org.chocosolver.solver.search.strategy.strategy.ConflictOrderingSearchTest" time="0.001"/>
  <testcase name="test1" classname="org.chocosolver.solver.explanations.SimpleExplanationTest" time="0"/>
  <testcase name="test2" classname="org.chocosolver.solver.explanations.SimpleExplanationTest" time="0"/>
  <testcase name="test1" classname="org.chocosolver.solver.constraints.nary.CircuitTest" time="0.002"/>
  <testcase name="test2" classname="org.chocosolver.solver.constraints.nary.CircuitTest" time="0.001"/>
  <testcase name="test3" classname="org.chocosolver.solver.constraints.nary.CircuitTest" time="0.001"/>
  <testcase name="test4" classname="org.chocosolver.solver.constraints.nary.CircuitTest" time="0.11"/>
  <testcase name="testAssociates" classname="org.chocosolver.solver.ModelTest" time="0.001"/>
  <testcase name="testCompSearch" classname="org.chocosolver.solver.ModelTest" time="0.001"/>
  <testcase name="testCriteria" classname="org.chocosolver.solver.ModelTest" time="0.001"/>
  <testcase name="testFH1" classname="org.chocosolver.solver.ModelTest" time="0.001"/>
  <testcase name="testFH2" classname="org.chocosolver.solver.ModelTest" time="0"/>
  <testcase name="testFind" classname="org.chocosolver.solver.ModelTest" time="0.042"/>
  <testcase name="testFindAfterReset" classname="org.chocosolver.solver.ModelTest" time="0.001"/>
  <testcase name="testFindAllOptimalSolutions" classname="org.chocosolver.solver.ModelTest" time="0.023"/>
  <testcase name="testFindAllOptimalSolutions2" classname="org.chocosolver.solver.ModelTest" time="0.014"/>
  <testcase name="testFindAllSolutions" classname="org.chocosolver.solver.ModelTest" time="0.001"/>
  <testcase name="testFindAllSolutions2" classname="org.chocosolver.solver.ModelTest" time="0.001"/>
  <testcase name="testFindAllSolutions3" classname="org.chocosolver.solver.ModelTest" time="0.002"/>
  <testcase name="testFindAllSolutionsAfterReset" classname="org.chocosolver.solver.ModelTest" time="0.001"/>
  <testcase name="testFindOptimalSolution" classname="org.chocosolver.solver.ModelTest" time="1.628"/>
  <testcase name="testFindOptimalSolutionWithSearch" classname="org.chocosolver.solver.ModelTest" time="0.008"/>
  <testcase name="testFindSolution" classname="org.chocosolver.solver.ModelTest" time="0.001"/>
  <testcase name="testHook" classname="org.chocosolver.solver.ModelTest" time="0.001"/>
  <testcase name="testJL1" classname="org.chocosolver.solver.ModelTest" time="0"/>
  <testcase name="testJL300" classname="org.chocosolver.solver.ModelTest" time="0"/>
  <testcase name="testJuTii1" classname="org.chocosolver.solver.ModelTest" time="0"/>
  <testcase name="testMonitors" classname="org.chocosolver.solver.ModelTest" time="0.002"/>
  <testcase name="testName" classname="org.chocosolver.solver.ModelTest" time="0.001"/>
  <testcase name="testNextSolution" classname="org.chocosolver.solver.ModelTest" time="0.001"/>
  <testcase name="testParBug2" classname="org.chocosolver.solver.ModelTest" time="0.128"/>
  <testcase name="testParBug3" classname="org.chocosolver.solver.ModelTest" time="0.106"/>
  <testcase name="testRecord" classname="org.chocosolver.solver.ModelTest" time="0.002"/>
  <testcase name="testRecord2" classname="org.chocosolver.solver.ModelTest" time="0.001"/>
  <testcase name="testRecord3" classname="org.chocosolver.solver.ModelTest" time="0.002"/>
  <testcase name="testRestore" classname="org.chocosolver.solver.ModelTest" time="0.001"/>
  <testcase name="testRetrieveBool" classname="org.chocosolver.solver.ModelTest" time="0"/>
  <testcase name="testRetrieveInt" classname="org.chocosolver.solver.ModelTest" time="0.001"/>
  <testcase name="testRight" classname="org.chocosolver.solver.ModelTest" time="0.003"/>
  <testcase name="testSwapOnPassivate" classname="org.chocosolver.solver.ModelTest" time="0.998"/>
  <testcase name="simpleLexTest1" classname="org.chocosolver.solver.search.TestMultiSequentialObjectives" time="0.2"/>
  <testcase name="simpleLexTest2" classname="org.chocosolver.solver.search.TestMultiSequentialObjectives" time="0.009"/>
  <testcase name="simpleLexTest3" classname="org.chocosolver.solver.search.TestMultiSequentialObjectives" time="0.17"/>
  <testcase name="simpleLexTest4" classname="org.chocosolver.solver.search.TestMultiSequentialObjectives" time="0.003"/>
  <testcase name="testAllFalse" classname="org.chocosolver.solver.constraints.nary.BoolsIntChannelingTest" time="0"/>
  <testcase name="testAllFalse" classname="org.chocosolver.solver.constraints.nary.BoolsIntChannelingTest" time="0"/>
  <testcase name="testAllFalse" classname="org.chocosolver.solver.constraints.nary.BoolsIntChannelingTest" time="0"/>
  <testcase name="testAllFalse" classname="org.chocosolver.solver.constraints.nary.BoolsIntChannelingTest" time="0.001"/>
  <testcase name="testDifferentDomains" classname="org.chocosolver.solver.constraints.nary.BoolsIntChannelingTest" time="0.001"/>
  <testcase name="testDifferentDomains" classname="org.chocosolver.solver.constraints.nary.BoolsIntChannelingTest" time="0"/>
  <testcase name="testDifferentDomains" classname="org.chocosolver.solver.constraints.nary.BoolsIntChannelingTest" time="0.001"/>
  <testcase name="testDifferentDomains" classname="org.chocosolver.solver.constraints.nary.BoolsIntChannelingTest" time="0"/>
  <testcase name="testEmptyArray" classname="org.chocosolver.solver.constraints.nary.BoolsIntChannelingTest" time="0.001"/>
  <testcase name="testEmptyArray" classname="org.chocosolver.solver.constraints.nary.BoolsIntChannelingTest" time="0"/>
  <testcase name="testEmptyArray" classname="org.chocosolver.solver.constraints.nary.BoolsIntChannelingTest" time="0.001"/>
  <testcase name="testEmptyArray" classname="org.chocosolver.solver.constraints.nary.BoolsIntChannelingTest" time="0"/>
  <testcase name="testInstantiatedIndex" classname="org.chocosolver.solver.constraints.nary.BoolsIntChannelingTest" time="0.001"/>
  <testcase name="testInstantiatedIndex" classname="org.chocosolver.solver.constraints.nary.BoolsIntChannelingTest" time="0"/>
  <testcase name="testInstantiatedIndex" classname="org.chocosolver.solver.constraints.nary.BoolsIntChannelingTest" time="0"/>
  <testcase name="testInstantiatedIndex" classname="org.chocosolver.solver.constraints.nary.BoolsIntChannelingTest" time="0.001"/>
  <testcase name="testNominal" classname="org.chocosolver.solver.constraints.nary.BoolsIntChannelingTest" time="0"/>
  <testcase name="testNominal" classname="org.chocosolver.solver.constraints.nary.BoolsIntChannelingTest" time="0.001"/>
  <testcase name="testNominal" classname="org.chocosolver.solver.constraints.nary.BoolsIntChannelingTest" time="0.001"/>
  <testcase name="testNominal" classname="org.chocosolver.solver.constraints.nary.BoolsIntChannelingTest" time="0"/>
  <testcase name="testOutOfBoundsKO" classname="org.chocosolver.solver.constraints.nary.BoolsIntChannelingTest" time="0.001"/>
  <testcase name="testOutOfBoundsKO" classname="org.chocosolver.solver.constraints.nary.BoolsIntChannelingTest" time="0"/>
  <testcase name="testOutOfBoundsKO" classname="org.chocosolver.solver.constraints.nary.BoolsIntChannelingTest" time="0.001"/>
  <testcase name="testOutOfBoundsKO" classname="org.chocosolver.solver.constraints.nary.BoolsIntChannelingTest" time="0"/>
  <testcase name="testOutOfBoundsOK" classname="org.chocosolver.solver.constraints.nary.BoolsIntChannelingTest" time="0.001"/>
  <testcase name="testOutOfBoundsOK" classname="org.chocosolver.solver.constraints.nary.BoolsIntChannelingTest" time="0.001"/>
  <testcase name="testOutOfBoundsOK" classname="org.chocosolver.solver.constraints.nary.BoolsIntChannelingTest" time="0"/>
  <testcase name="testOutOfBoundsOK" classname="org.chocosolver.solver.constraints.nary.BoolsIntChannelingTest" time="0.001"/>
  <testcase name="testTwoTrue" classname="org.chocosolver.solver.constraints.nary.BoolsIntChannelingTest" time="0"/>
  <testcase name="testTwoTrue" classname="org.chocosolver.solver.constraints.nary.BoolsIntChannelingTest" time="0"/>
  <testcase name="testTwoTrue" classname="org.chocosolver.solver.constraints.nary.BoolsIntChannelingTest" time="0.001"/>
  <testcase name="testTwoTrue" classname="org.chocosolver.solver.constraints.nary.BoolsIntChannelingTest" time="0"/>
  <testcase name="test1" classname="org.chocosolver.solver.search.loop.LNSTest" time="0.003"/>
  <testcase name="test1" classname="org.chocosolver.solver.search.loop.LNSTest" time="0.903"/>
  <testcase name="test1" classname="org.chocosolver.solver.search.loop.LNSTest" time="0.904"/>
  <testcase name="test1" classname="org.chocosolver.solver.search.loop.LNSTest" time="0.904"/>
  <testcase name="test1" classname="org.chocosolver.solver.search.loop.LNSTest" time="0.901"/>
  <testcase name="test1" classname="org.chocosolver.solver.search.loop.LNSTest" time="0.902"/>
  <testcase name="test1" classname="org.chocosolver.solver.search.loop.LNSTest" time="0.901"/>
  <testcase name="testPN1" classname="org.chocosolver.solver.search.loop.LNSTest" time="5.538"/>
  <testcase name="testTOTO" classname="org.chocosolver.solver.search.loop.LNSTest" time="0.101"/>
  <testcase name="fakePigeonHolesTest" classname="org.chocosolver.solver.TestSolveur" time="0.001"/>
  <testcase name="testBinaryCliqueNeq" classname="org.chocosolver.solver.TestSolveur" time="0.291"/>
  <testcase name="testCN3to8" classname="org.chocosolver.solver.TestSolveur" time="5.483"/>
  <testcase name="testCN9" classname="org.chocosolver.solver.TestSolveur" time="126.825"/>
  <testcase name="testCycleLt" classname="org.chocosolver.solver.TestSolveur" time="0.001"/>
  <testcase name="testD3to6" classname="org.chocosolver.solver.TestSolveur" time="1.301"/>
  <testcase name="testDO3to6" classname="org.chocosolver.solver.TestSolveur" time="1.307"/>
  <testcase name="testOneAllDiff" classname="org.chocosolver.solver.TestSolveur" time="0.056"/>
  <testcase name="test1" classname="org.chocosolver.solver.search.loop.monitors.CPProfilerTest" time="0.059"/>
  <testcase name="test2" classname="org.chocosolver.solver.search.loop.monitors.CPProfilerTest" time="0.05"/>
  <testcase name="test3" classname="org.chocosolver.solver.search.loop.monitors.CPProfilerTest" time="32.298"/>
  <testcase name="durationTest" classname="org.chocosolver.solver.LimitsTest" time="0.002"/>
  <testcase name="testBacktrack" classname="org.chocosolver.solver.LimitsTest" time="0.042"/>
  <testcase name="testFail" classname="org.chocosolver.solver.LimitsTest" time="0.003"/>
  <testcase name="testNode" classname="org.chocosolver.solver.LimitsTest" time="0.002"/>
  <testcase name="testSolution" classname="org.chocosolver.solver.LimitsTest" time="0.042"/>
  <testcase name="testTime" classname="org.chocosolver.solver.LimitsTest" time="0.501"/>
  <testcase name="test1" classname="org.chocosolver.solver.constraints.nary.SortTest" time="0.023"/>
  <testcase name="test2" classname="org.chocosolver.solver.constraints.nary.SortTest" time="0.001"/>
  <testcase name="test3" classname="org.chocosolver.solver.constraints.nary.SortTest" time="0"/>
  <testcase name="test4" classname="org.chocosolver.solver.constraints.nary.SortTest" time="0.001"/>
  <testcase name="ccostregular2" classname="org.chocosolver.solver.constraints.nary.CostRegularTest" time="3.254"/>
  <testcase name="ccostregular2WithCostAutomaton" classname="org.chocosolver.solver.constraints.nary.CostRegularTest" time="3.223"/>
  <testcase name="compareVersionSpeedNew" classname="org.chocosolver.solver.constraints.nary.CostRegularTest" time="1.501"/>
  <testcase name="isCorrect" classname="org.chocosolver.solver.constraints.nary.CostRegularTest" time="1.028"/>
  <testcase name="isCorrect2" classname="org.chocosolver.solver.constraints.nary.CostRegularTest" time="1.878"/>
  <testcase name="isCorrect2WithCostAutomaton" classname="org.chocosolver.solver.constraints.nary.CostRegularTest" time="1.861"/>
  <testcase name="isCorrectWithCostAutomaton" classname="org.chocosolver.solver.constraints.nary.CostRegularTest" time="0.757"/>
  <testcase name="testJM1" classname="org.chocosolver.solver.constraints.nary.CostRegularTest" time="0.001"/>
  <testcase name="testSimpleAuto" classname="org.chocosolver.solver.constraints.nary.CostRegularTest" time="0.109"/>
  <testcase name="testSimpleAutoCostAutomaton" classname="org.chocosolver.solver.constraints.nary.CostRegularTest" time="0.112"/>
  <testcase name="testBuilder" classname="org.chocosolver.solver.EnvironmentTest" time="0.001"/>
  <testcase name="testJL01" classname="org.chocosolver.solver.EnvironmentTest" time="0.003"/>
  <testcase name="testJL02" classname="org.chocosolver.solver.EnvironmentTest" time="0.003"/>
  <testcase name="testSize" classname="org.chocosolver.solver.EnvironmentTest" time="0.191"/>
  <testcase name="testSize" classname="org.chocosolver.solver.EnvironmentTest" time="0.215"/>
  <testcase name="test1DDS" classname="org.chocosolver.solver.search.loop.SolverTest" time="0.005"/>
  <testcase name="test1DFS" classname="org.chocosolver.solver.search.loop.SolverTest" time="0.001"/>
  <testcase name="test1HBFS" classname="org.chocosolver.solver.search.loop.SolverTest" time="0.501"/>
  <testcase name="test1LDS" classname="org.chocosolver.solver.search.loop.SolverTest" time="0.004"/>
  <testcase name="test2DDS" classname="org.chocosolver.solver.search.loop.SolverTest" time="0.004"/>
  <testcase name="test2DDS2" classname="org.chocosolver.solver.search.loop.SolverTest" time="0.001"/>
  <testcase name="test2DFS" classname="org.chocosolver.solver.search.loop.SolverTest" time="0.012"/>
  <testcase name="test2LDS" classname="org.chocosolver.solver.search.loop.SolverTest" time="0.005"/>
  <testcase name="test3" classname="org.chocosolver.solver.search.loop.SolverTest" time="0.002"/>
  <testcase name="test4" classname="org.chocosolver.solver.search.loop.SolverTest" time="0.017"/>
  <testcase name="test5" classname="org.chocosolver.solver.search.loop.SolverTest" time="0.022"/>
  <testcase name="test6" classname="org.chocosolver.solver.search.loop.SolverTest" time="0.091"/>
  <testcase name="test7" classname="org.chocosolver.solver.search.loop.SolverTest" time="0.002"/>
  <testcase name="test8" classname="org.chocosolver.solver.search.loop.SolverTest" time="0.004"/>
  <testcase name="test9" classname="org.chocosolver.solver.search.loop.SolverTest" time="0.005"/>
  <testcase name="testReset" classname="org.chocosolver.solver.search.loop.SolverTest" time="0.002"/>
  <testcase name="test1" classname="org.chocosolver.solver.search.loop.ELNSTest" time="0.003"/>
  <testcase name="testEmptySetKO" classname="org.chocosolver.solver.constraints.set.MaxElementTest" time="0.002"/>
  <testcase name="testEmptySetOK" classname="org.chocosolver.solver.constraints.set.MaxElementTest" time="0"/>
  <testcase name="testImpossible" classname="org.chocosolver.solver.constraints.set.MaxElementTest" time="0.001"/>
  <testcase name="testNominal" classname="org.chocosolver.solver.constraints.set.MaxElementTest" time="0.002"/>
  <testcase name="testTrivialFalse" classname="org.chocosolver.solver.constraints.set.MaxElementTest" time="0"/>
  <testcase name="testTrivialTrue" classname="org.chocosolver.solver.constraints.set.MaxElementTest" time="0"/>
  <testcase name="testP1" classname="org.chocosolver.solver.PortFolioTest" time="0.282"/>
  <testcase name="testP2" classname="org.chocosolver.solver.PortFolioTest" time="3.778"/>
  <testcase name="testP3" classname="org.chocosolver.solver.PortFolioTest" time="3.518"/>
  <testcase name="testP3bug" classname="org.chocosolver.solver.PortFolioTest" time="3.747"/>
  <testcase name="testP3bug2" classname="org.chocosolver.solver.PortFolioTest" time="6.67"/>
  <testcase name="testP3bug3" classname="org.chocosolver.solver.PortFolioTest" time="3.672"/>
  <testcase name="testP4" classname="org.chocosolver.solver.PortFolioTest" time="2.89"/>
  <testcase name="testP5" classname="org.chocosolver.solver.PortFolioTest" time="3.243"/>
  <testcase name="testParBug" classname="org.chocosolver.solver.PortFolioTest" time="4.197"/>
  <testcase name="testParWait" classname="org.chocosolver.solver.PortFolioTest" time="0.059"/>
  <testcase name="testAdd" classname="org.chocosolver.util.objects.setDataStructures.nonbacktrackable.ConstantSetTest" time="0.001"/>
  <testcase name="testClear" classname="org.chocosolver.util.objects.setDataStructures.nonbacktrackable.ConstantSetTest" time="0.001"/>
  <testcase name="testDuplicates" classname="org.chocosolver.util.objects.setDataStructures.nonbacktrackable.ConstantSetTest" time="0"/>
  <testcase name="testIterator" classname="org.chocosolver.util.objects.setDataStructures.nonbacktrackable.ConstantSetTest" time="0.001"/>
  <testcase name="testRemove" classname="org.chocosolver.util.objects.setDataStructures.nonbacktrackable.ConstantSetTest" time="0.001"/>
  <testcase name="testSize" classname="org.chocosolver.util.objects.setDataStructures.nonbacktrackable.ConstantSetTest" time="0"/>
  <testcase name="testRemovedValues1" classname="org.chocosolver.solver.search.loop.lns.neighbors.ExplainingObjectiveTest" time="0.004"/>
  <testcase name="testEmptySetKo" classname="org.chocosolver.solver.constraints.set.SumTest" time="0.001"/>
  <testcase name="testEmptySetOk" classname="org.chocosolver.solver.constraints.set.SumTest" time="0"/>
  <testcase name="testFixedSum" classname="org.chocosolver.solver.constraints.set.SumTest" time="0"/>
  <testcase name="testFixedSumNeg" classname="org.chocosolver.solver.constraints.set.SumTest" time="0.001"/>
  <testcase name="testFixedSumNeg2" classname="org.chocosolver.solver.constraints.set.SumTest" time="0.001"/>
  <testcase name="testFixedSumNegWrong" classname="org.chocosolver.solver.constraints.set.SumTest" time="0"/>
  <testcase name="testNominal" classname="org.chocosolver.solver.constraints.set.SumTest" time="0.002"/>
  <testcase name="testWrongBounds" classname="org.chocosolver.solver.constraints.set.SumTest" time="0"/>
  <testcase name="testNoChannelingPossible" classname="org.chocosolver.solver.constraints.set.IntChannelTest" time="0.003"/>
  <testcase name="testNominal" classname="org.chocosolver.solver.constraints.set.IntChannelTest" time="0.037"/>
  <testcase name="testNominalMZN" classname="org.chocosolver.solver.constraints.set.IntChannelTest" time="0.023"/>
  <testcase name="measExceptionTest" classname="org.chocosolver.solver.search.MeasuresTest" time="0.001"/>
  <testcase name="measRecTest" classname="org.chocosolver.solver.search.MeasuresTest" time="0.302"/>
  <testcase name="measSerializeTest" classname="org.chocosolver.solver.search.MeasuresTest" time="0.017"/>
  <testcase name="measuresTest" classname="org.chocosolver.solver.search.MeasuresTest" time="0.001"/>
  <testcase name="testReading" classname="org.chocosolver.solver.search.MeasuresTest" time="0.156"/>
  <testcase name="testCostas" classname="org.chocosolver.solver.search.ImpactTest" time="0.552"/>
  <testcase name="testHeadOnly" classname="org.chocosolver.solver.constraints.set.SymmetricTest" time="0.003"/>
  <testcase name="testNominal" classname="org.chocosolver.solver.constraints.set.SymmetricTest" time="0.001"/>
  <testcase name="testEmptySetKO" classname="org.chocosolver.solver.constraints.set.MinElementTest" time="0.002"/>
  <testcase name="testEmptySetOK" classname="org.chocosolver.solver.constraints.set.MinElementTest" time="0.001"/>
  <testcase name="testImpossible" classname="org.chocosolver.solver.constraints.set.MinElementTest" time="0"/>
  <testcase name="testNominal" classname="org.chocosolver.solver.constraints.set.MinElementTest" time="0.002"/>
  <testcase name="testTrivialFalse" classname="org.chocosolver.solver.constraints.set.MinElementTest" time="0"/>
  <testcase name="testTrivialTrue" classname="org.chocosolver.solver.constraints.set.MinElementTest" time="0"/>
  <testcase name="test1" classname="org.chocosolver.solver.search.ObjectiveTest" time="0.007"/>
  <testcase name="test2" classname="org.chocosolver.solver.search.ObjectiveTest" time="0"/>
  <testcase name="test3" classname="org.chocosolver.solver.search.ObjectiveTest" time="0.002"/>
  <testcase name="test4" classname="org.chocosolver.solver.search.ObjectiveTest" time="0.001"/>
  <testcase name="testAdaptiveCut1" classname="org.chocosolver.solver.search.ObjectiveTest" time="3.452"/>
  <testcase name="testAdaptiveCut2" classname="org.chocosolver.solver.search.ObjectiveTest" time="3.369"/>
  <testcase name="testAdaptiveCut3" classname="org.chocosolver.solver.search.ObjectiveTest" time="0.102"/>
  <testcase name="testJL1" classname="org.chocosolver.solver.search.ObjectiveTest" time="0.001"/>
  <testcase name="testJL2" classname="org.chocosolver.solver.search.ObjectiveTest" time="0.004"/>
  <testcase name="testMaxIntObj" classname="org.chocosolver.solver.search.ObjectiveTest" time="0.001"/>
  <testcase name="testMaxRealObj" classname="org.chocosolver.solver.search.ObjectiveTest" time="0.003"/>
  <testcase name="testMinIntObjCopy" classname="org.chocosolver.solver.search.ObjectiveTest" time="0.001"/>
  <testcase name="testMinRealObj" classname="org.chocosolver.solver.search.ObjectiveTest" time="0.001"/>
  <testcase name="testSatObj" classname="org.chocosolver.solver.search.ObjectiveTest" time="0.001"/>
  <testcase name="testSerializeObjMan" classname="org.chocosolver.solver.search.ObjectiveTest" time="0.006"/>
  <testcase name="testCancel1" classname="org.chocosolver.solver.variables.impl.AbstractVariableTest" time="0.001"/>
  <testcase name="testSubscribe1" classname="org.chocosolver.solver.variables.impl.AbstractVariableTest" time="0"/>
  <testcase name="testSubscribe2" classname="org.chocosolver.solver.variables.impl.AbstractVariableTest" time="0"/>
  <testcase name="testBuildInverse" classname="org.chocosolver.solver.constraints.set.InverseTest" time="0.004"/>
  <testcase name="testEnumerateLength1" classname="org.chocosolver.solver.constraints.set.InverseTest" time="0.001"/>
  <testcase name="testEnumerateLength2" classname="org.chocosolver.solver.constraints.set.InverseTest" time="0.001"/>
  <testcase name="testNominal" classname="org.chocosolver.solver.constraints.set.InverseTest" time="0.669"/>
  <testcase name="testRemoveIntervalInner" classname="org.chocosolver.solver.variables.impl.EnumIntVarTest" time="0"/>
  <testcase name="testRemoveValueInner" classname="org.chocosolver.solver.variables.impl.EnumIntVarTest" time="0"/>
  <testcase name="testRemoveValuesButInner" classname="org.chocosolver.solver.variables.impl.EnumIntVarTest" time="0.001"/>
  <testcase name="testRemoveValuesInner" classname="org.chocosolver.solver.variables.impl.EnumIntVarTest" time="0.001"/>
  <testcase name="removeAllValuesButCoverBound" classname="org.chocosolver.solver.variables.impl.EnumIntVarTest" time="0.001"/>
  <testcase name="removeAllValuesButWrongDomain" classname="org.chocosolver.solver.variables.impl.EnumIntVarTest" time="0.001"/>
  <testcase name="testRemoveAllValuesButCoverDomain" classname="org.chocosolver.solver.variables.impl.EnumIntVarTest" time="0.001"/>
  <testcase name="testRemoveIntervalCoverBound" classname="org.chocosolver.solver.variables.impl.EnumIntVarTest" time="0.001"/>
  <testcase name="testRemoveIntervalCoverDomain" classname="org.chocosolver.solver.variables.impl.EnumIntVarTest" time="0.001"/>
  <testcase name="testRemoveIntervalEmptyDomain" classname="org.chocosolver.solver.variables.impl.EnumIntVarTest" time="0.001"/>
  <testcase name="testRemoveIntervalOK" classname="org.chocosolver.solver.variables.impl.EnumIntVarTest" time="0"/>
  <testcase name="testRemoveIntervalWrongDomain" classname="org.chocosolver.solver.variables.impl.EnumIntVarTest" time="0"/>
  <testcase name="testRemoveValueEmptyDomain" classname="org.chocosolver.solver.variables.impl.EnumIntVarTest" time="0.001"/>
  <testcase name="testRemoveValueOK" classname="org.chocosolver.solver.variables.impl.EnumIntVarTest" time="0.001"/>
  <testcase name="testRemoveValueWrongDomain" classname="org.chocosolver.solver.variables.impl.EnumIntVarTest" time="0.001"/>
  <testcase name="testRemoveValuesButOK" classname="org.chocosolver.solver.variables.impl.EnumIntVarTest" time="0.001"/>
  <testcase name="testRemoveValuesCoverBound" classname="org.chocosolver.solver.variables.impl.EnumIntVarTest" time="0.001"/>
  <testcase name="testRemoveValuesEmptyDomain" classname="org.chocosolver.solver.variables.impl.EnumIntVarTest" time="0.001"/>
  <testcase name="testRemoveValuesOK" classname="org.chocosolver.solver.variables.impl.EnumIntVarTest" time="0"/>
  <testcase name="testRemoveValuesTwoSides" classname="org.chocosolver.solver.variables.impl.EnumIntVarTest" time="0"/>
  <testcase name="testRemoveValuesWrongDomain" classname="org.chocosolver.solver.variables.impl.EnumIntVarTest" time="0.001"/>
  <testcase name="testNoSolution" classname="org.chocosolver.solver.constraints.set.SubsetEqTest" time="0.001"/>
  <testcase name="testNoSolutionBadData" classname="org.chocosolver.solver.constraints.set.SubsetEqTest" time="0"/>
  <testcase name="testNominal" classname="org.chocosolver.solver.constraints.set.SubsetEqTest" time="0.014"/>
  <testcase name="testOneToFill" classname="org.chocosolver.solver.constraints.set.SubsetEqTest" time="0.001"/>
  <testcase name="testEqualityFalse" classname="org.chocosolver.solver.constraints.set.OffsetTest" time="0.007"/>
  <testcase name="testEqualityTrue" classname="org.chocosolver.solver.constraints.set.OffsetTest" time="0.001"/>
  <testcase name="testNominal" classname="org.chocosolver.solver.constraints.set.OffsetTest" time="0"/>
  <testcase name="testNominalInverse" classname="org.chocosolver.solver.constraints.set.OffsetTest" time="0"/>
  <testcase name="testNominalNegative" classname="org.chocosolver.solver.constraints.set.OffsetTest" time="0.002"/>
  <testcase name="wrongLowerBound" classname="org.chocosolver.solver.constraints.set.OffsetTest" time="0"/>
  <testcase name="wrongUpperBound" classname="org.chocosolver.solver.constraints.set.OffsetTest" time="0.001"/>
  <testcase name="testFixedValues" classname="org.chocosolver.solver.constraints.set.ElementTest" time="0.003"/>
  <testcase name="testNominal" classname="org.chocosolver.solver.constraints.set.ElementTest" time="0.011"/>
  <testcase name="testDifferentDomains" classname="org.chocosolver.solver.constraints.set.IntersectionTest" time="0.001"/>
  <testcase name="testFuzzIdempotent" classname="org.chocosolver.solver.constraints.set.IntersectionTest" time="0.05"/>
  <testcase name="testFuzzIdempotentAndBoundConsistent" classname="org.chocosolver.solver.constraints.set.IntersectionTest" time="0.094"/>
  <testcase name="testIntersectToVars" classname="org.chocosolver.solver.constraints.set.IntersectionTest" time="0.001"/>
  <testcase name="testIntersectToVarsBoundConsistent" classname="org.chocosolver.solver.constraints.set.IntersectionTest" time="0.001"/>
  <testcase name="testNominal" classname="org.chocosolver.solver.constraints.set.IntersectionTest" time="1.726"/>
  <testcase name="testNominalBoundConsistent" classname="org.chocosolver.solver.constraints.set.IntersectionTest" time="1.438"/>
  <testcase name="testVarsToIntersect" classname="org.chocosolver.solver.constraints.set.IntersectionTest" time="0.036"/>
  <testcase name="testVarsToIntersectBoundConsistent" classname="org.chocosolver.solver.constraints.set.IntersectionTest" time="0.028"/>
  <testcase name="testEmptyUnfeasible" classname="org.chocosolver.solver.constraints.set.NbEmptyTest" time="0.003"/>
  <testcase name="testMoreEmptyThanSetVar" classname="org.chocosolver.solver.constraints.set.NbEmptyTest" time="0"/>
  <testcase name="testNoEmpty" classname="org.chocosolver.solver.constraints.set.NbEmptyTest" time="0.051"/>
  <testcase name="testNoEmptyUnfeasible" classname="org.chocosolver.solver.constraints.set.NbEmptyTest" time="0"/>
  <testcase name="testNominal" classname="org.chocosolver.solver.constraints.set.NbEmptyTest" time="0.001"/>
  <testcase name="testWithIntVar" classname="org.chocosolver.solver.constraints.set.NbEmptyTest" time="0.311"/>
  <testcase name="testDifferentDomains" classname="org.chocosolver.solver.constraints.set.IntBoundedMemberTest" time="0.006"/>
  <testcase name="testEmptySet" classname="org.chocosolver.solver.constraints.set.IntBoundedMemberTest" time="0.001"/>
  <testcase name="testIncompatibleDomains" classname="org.chocosolver.solver.constraints.set.IntBoundedMemberTest" time="0.001"/>
  <testcase name="testNominal" classname="org.chocosolver.solver.constraints.set.IntBoundedMemberTest" time="0.001"/>
  <testcase name="testNominal" classname="org.chocosolver.solver.constraints.set.AllDisjointTest" time="0.075"/>
  <testcase name="testTrivialFalse" classname="org.chocosolver.solver.constraints.set.AllDisjointTest" time="0.001"/>
  <testcase name="testTrivialTrue" classname="org.chocosolver.solver.constraints.set.AllDisjointTest" time="0"/>
  <testcase name="emptySet" classname="org.chocosolver.solver.constraints.set.NotMemberTest" time="0"/>
  <testcase name="testFixedValue" classname="org.chocosolver.solver.constraints.set.NotMemberTest" time="0.003"/>
  <testcase name="testFixedValueSure" classname="org.chocosolver.solver.constraints.set.NotMemberTest" time="0.005"/>
  <testcase name="testFixedValueWrong" classname="org.chocosolver.solver.constraints.set.NotMemberTest" time="0"/>
  <testcase name="testNominal" classname="org.chocosolver.solver.constraints.set.NotMemberTest" time="0.002"/>
  <testcase name="testTrivialTrue" classname="org.chocosolver.solver.constraints.set.NotMemberTest" time="0.001"/>
  <testcase name="trivialFalse" classname="org.chocosolver.solver.constraints.set.NotMemberTest" time="0.001"/>
  <testcase name="testComparedToNbEmpty" classname="org.chocosolver.solver.constraints.set.NotEmptyTest" time="7.9"/>
  <testcase name="testNominal" classname="org.chocosolver.solver.constraints.set.NotEmptyTest" time="0.001"/>
  <testcase name="testTrivialFalse" classname="org.chocosolver.solver.constraints.set.NotEmptyTest" time="0"/>
  <testcase name="testTrivialTrue" classname="org.chocosolver.solver.constraints.set.NotEmptyTest" time="0.001"/>
  <testcase name="testNoEmptySet" classname="org.chocosolver.solver.constraints.set.AtMost1EmptyTest" time="0.196"/>
  <testcase name="testNominal" classname="org.chocosolver.solver.constraints.set.AtMost1EmptyTest" time="0.226"/>
  <testcase name="testOneEmptySet" classname="org.chocosolver.solver.constraints.set.AtMost1EmptyTest" time="0.181"/>
  <testcase name="twoEmptySets" classname="org.chocosolver.solver.constraints.set.AtMost1EmptyTest" time="0.001"/>
  <testcase name="alreadyDifferent" classname="org.chocosolver.solver.constraints.set.AllDifferentTest" time="0.002"/>
  <testcase name="oneElement" classname="org.chocosolver.solver.constraints.set.AllDifferentTest" time="0"/>
  <testcase name="testNominal" classname="org.chocosolver.solver.constraints.set.AllDifferentTest" time="0.665"/>
  <testcase name="testEmpty" classname="org.chocosolver.solver.constraints.set.CardinalityTest" time="0.001"/>
  <testcase name="testNominal" classname="org.chocosolver.solver.constraints.set.CardinalityTest" time="0.002"/>
  <testcase name="testTwoVariables" classname="org.chocosolver.solver.constraints.set.CardinalityTest" time="0.001"/>
  <testcase name="testUnfeasibleLB" classname="org.chocosolver.solver.constraints.set.CardinalityTest" time="0.001"/>
  <testcase name="testUnfeasibleUB" classname="org.chocosolver.solver.constraints.set.CardinalityTest" time="0.001"/>
  <testcase name="testJL253_bound" classname="org.chocosolver.solver.constraints.set.MemberSetTest" time="0.775"/>
  <testcase name="testJL253_enum" classname="org.chocosolver.solver.constraints.set.MemberSetTest" time="1.06"/>
  <testcase name="testEmptySetKo" classname="org.chocosolver.solver.constraints.set.SumOfElementsTest" time="0"/>
  <testcase name="testEmptySetKo3" classname="org.chocosolver.solver.constraints.set.SumOfElementsTest" time="0"/>
  <testcase name="testEmptySetOk" classname="org.chocosolver.solver.constraints.set.SumOfElementsTest" time="0"/>
  <testcase name="testEmptySetOk2" classname="org.chocosolver.solver.constraints.set.SumOfElementsTest" time="0"/>
  <testcase name="testEmptySetOk3" classname="org.chocosolver.solver.constraints.set.SumOfElementsTest" time="0"/>
  <testcase name="testFixedSum" classname="org.chocosolver.solver.constraints.set.SumOfElementsTest" time="0.001"/>
  <testcase name="testFixedSumNeg" classname="org.chocosolver.solver.constraints.set.SumOfElementsTest" time="0"/>
  <testcase name="testFixedSumNegWrong" classname="org.chocosolver.solver.constraints.set.SumOfElementsTest" time="0.001"/>
  <testcase name="testFixedSumOffset" classname="org.chocosolver.solver.constraints.set.SumOfElementsTest" time="0"/>
  <testcase name="testFixedSumOffsetKo" classname="org.chocosolver.solver.constraints.set.SumOfElementsTest" time="0.001"/>
  <testcase name="testFixedSumOffsetKo2" classname="org.chocosolver.solver.constraints.set.SumOfElementsTest" time="0"/>
  <testcase name="testNominal" classname="org.chocosolver.solver.constraints.set.SumOfElementsTest" time="0.002"/>
  <testcase name="testWrongBounds" classname="org.chocosolver.solver.constraints.set.SumOfElementsTest" time="0.001"/>
  <testcase name="testFalse" classname="org.chocosolver.solver.constraints.set.IntCstMemberTest" time="0.001"/>
  <testcase name="testNominal" classname="org.chocosolver.solver.constraints.set.IntCstMemberTest" time="0.003"/>
  <testcase name="testTrue" classname="org.chocosolver.solver.constraints.set.IntCstMemberTest" time="0.003"/>
  <testcase name="testBooleansFixed" classname="org.chocosolver.solver.constraints.set.BoolChannelTest" time="0.001"/>
  <testcase name="testNoChannelingPossible" classname="org.chocosolver.solver.constraints.set.BoolChannelTest" time="0"/>
  <testcase name="testNominal" classname="org.chocosolver.solver.constraints.set.BoolChannelTest" time="0.001"/>
  <testcase name="testNominalMZN" classname="org.chocosolver.solver.constraints.set.BoolChannelTest" time="0.001"/>
  <testcase name="testSetFixed" classname="org.chocosolver.solver.constraints.set.BoolChannelTest" time="0"/>
  <testcase name="testImpossible" classname="org.chocosolver.solver.constraints.set.UnionTest" time="0.001"/>
  <testcase name="testSetVarsFixed" classname="org.chocosolver.solver.constraints.set.UnionTest" time="0.001"/>
  <testcase name="testUnionFixed" classname="org.chocosolver.solver.constraints.set.UnionTest" time="0.251"/>
  <testcase name="testEq" classname="org.chocosolver.solver.constraints.set.SetCstrsTest" time="0.006"/>
  <testcase name="test1" classname="org.chocosolver.solver.constraints.real.RealTest" time="0.001">
    <failure message="Could not initialize class org.chocosolver.solver.constraints.real.Ibex" type="java.lang.NoClassDefFoundError">java.lang.NoClassDefFoundError: Could not initialize class org.chocosolver.solver.constraints.real.Ibex
	at org.chocosolver.solver.constraints.real.RealTest.test1(RealTest.java:51)
</failure>
    <system-out><![CDATA[.. SUCCESS (6ms)
	org.chocosolver.solver.constraints.real.RealTest.test1 ..]]></system-out>
  </testcase>
  <testcase name="test2" classname="org.chocosolver.solver.constraints.real.RealTest" time="0.001">
    <failure message="Could not initialize class org.chocosolver.solver.constraints.real.Ibex" type="java.lang.NoClassDefFoundError">java.lang.NoClassDefFoundError: Could not initialize class org.chocosolver.solver.constraints.real.Ibex
	at org.chocosolver.solver.constraints.real.RealTest.test2(RealTest.java:76)
</failure>
    <system-out><![CDATA[.. FAILURE (1ms)
	org.chocosolver.solver.constraints.real.RealTest.test2 ..]]></system-out>
  </testcase>
  <testcase name="test4" classname="org.chocosolver.solver.constraints.real.RealTest" time="0.001">
    <failure message="Could not initialize class org.chocosolver.solver.constraints.real.Ibex" type="java.lang.NoClassDefFoundError">java.lang.NoClassDefFoundError: Could not initialize class org.chocosolver.solver.constraints.real.Ibex
	at org.chocosolver.solver.constraints.real.RealTest.test4(RealTest.java:127)
</failure>
    <system-out><![CDATA[.. FAILURE (1ms)
	org.chocosolver.solver.constraints.real.RealTest.test4 ..]]></system-out>
  </testcase>
  <testcase name="testDetec" classname="org.chocosolver.solver.constraints.real.RealTest" time="0.001"/>
  <testcase name="testFN1" classname="org.chocosolver.solver.constraints.real.RealTest" time="0.001">
    <failure message="Could not initialize class org.chocosolver.solver.constraints.real.Ibex" type="java.lang.NoClassDefFoundError">java.lang.NoClassDefFoundError: Could not initialize class org.chocosolver.solver.constraints.real.Ibex
	at org.chocosolver.solver.constraints.real.RealTest.testFN1(RealTest.java:722)
</failure>
    <system-out><![CDATA[.. SUCCESS (1ms)
	org.chocosolver.solver.constraints.real.RealTest.testFN1 ..]]></system-out>
  </testcase>
  <testcase name="testFN2" classname="org.chocosolver.solver.constraints.real.RealTest" time="0.002">
    <failure message="Could not initialize class org.chocosolver.solver.constraints.real.Ibex" type="java.lang.NoClassDefFoundError">java.lang.NoClassDefFoundError: Could not initialize class org.chocosolver.solver.constraints.real.Ibex
	at org.chocosolver.solver.constraints.real.RealTest.testFN2(RealTest.java:732)
</failure>
    <system-out><![CDATA[.. FAILURE (1ms)
	org.chocosolver.solver.constraints.real.RealTest.testFN2 ..]]></system-out>
  </testcase>
  <testcase name="testFreemajb1" classname="org.chocosolver.solver.constraints.real.RealTest" time="0.001">
    <failure message="Could not initialize class org.chocosolver.solver.constraints.real.Ibex" type="java.lang.NoClassDefFoundError">java.lang.NoClassDefFoundError: Could not initialize class org.chocosolver.solver.constraints.real.Ibex
	at org.chocosolver.solver.constraints.real.RealTest.testFreemajb1(RealTest.java:148)
</failure>
    <system-out><![CDATA[.. FAILURE (1ms)
	org.chocosolver.solver.constraints.real.RealTest.testFreemajb1 ..]]></system-out>
  </testcase>
  <testcase name="testFreemajb2" classname="org.chocosolver.solver.constraints.real.RealTest" time="0.001">
    <failure message="Could not initialize class org.chocosolver.solver.constraints.real.Ibex" type="java.lang.NoClassDefFoundError">java.lang.NoClassDefFoundError: Could not initialize class org.chocosolver.solver.constraints.real.Ibex
	at org.chocosolver.solver.constraints.real.RealTest.testFreemajb2(RealTest.java:165)
</failure>
    <system-out><![CDATA[.. FAILURE (1ms)
	org.chocosolver.solver.constraints.real.RealTest.testFreemajb2 ..Before solving:
]]></system-out>
  </testcase>
  <testcase name="testFreemajb3" classname="org.chocosolver.solver.constraints.real.RealTest" time="0.001">
    <failure message="Could not initialize class org.chocosolver.solver.constraints.real.Ibex" type="java.lang.NoClassDefFoundError">java.lang.NoClassDefFoundError: Could not initialize class org.chocosolver.solver.constraints.real.Ibex
	at org.chocosolver.solver.constraints.real.RealTest.testFreemajb3(RealTest.java:183)
</failure>
    <system-out><![CDATA[.. FAILURE (1ms)

	org.chocosolver.solver.constraints.real.RealTest.testFreemajb3 ..Before solving:
]]></system-out>
  </testcase>
  <testcase name="testHM1" classname="org.chocosolver.solver.constraints.real.RealTest" time="0.002">
    <failure message="Could not initialize class org.chocosolver.solver.constraints.real.Ibex" type="java.lang.NoClassDefFoundError">java.lang.NoClassDefFoundError: Could not initialize class org.chocosolver.solver.constraints.real.Ibex
	at org.chocosolver.solver.constraints.real.RealTest.testHM1(RealTest.java:214)
</failure>
    <system-out><![CDATA[.. FAILURE (1ms)
	org.chocosolver.solver.constraints.real.RealTest.testHM1 ..]]></system-out>
  </testcase>
  <testcase name="testHM1" classname="org.chocosolver.solver.constraints.real.RealTest" time="0.001">
    <failure message="Could not initialize class org.chocosolver.solver.constraints.real.Ibex" type="java.lang.NoClassDefFoundError">java.lang.NoClassDefFoundError: Could not initialize class org.chocosolver.solver.constraints.real.Ibex
	at org.chocosolver.solver.constraints.real.RealTest.testHM1(RealTest.java:214)
</failure>
    <system-out><![CDATA[.. FAILURE (2ms)
	org.chocosolver.solver.constraints.real.RealTest.testHM1 ..]]></system-out>
  </testcase>
  <testcase name="testHM2" classname="org.chocosolver.solver.constraints.real.RealTest" time="0.001">
    <failure message="Could not initialize class org.chocosolver.solver.constraints.real.Ibex" type="java.lang.NoClassDefFoundError">java.lang.NoClassDefFoundError: Could not initialize class org.chocosolver.solver.constraints.real.Ibex
	at org.chocosolver.solver.constraints.real.RealTest.testHM2(RealTest.java:230)
</failure>
    <system-out><![CDATA[.. FAILURE (1ms)
	org.chocosolver.solver.constraints.real.RealTest.testHM2 ..]]></system-out>
  </testcase>
  <testcase name="testHM21" classname="org.chocosolver.solver.constraints.real.RealTest" time="0.001">
    <failure message="Could not initialize class org.chocosolver.solver.constraints.real.Ibex" type="java.lang.NoClassDefFoundError">java.lang.NoClassDefFoundError: Could not initialize class org.chocosolver.solver.constraints.real.Ibex
	at org.chocosolver.solver.constraints.real.RealTest.testHM21(RealTest.java:235)
</failure>
    <system-out><![CDATA[.. FAILURE (1ms)
	org.chocosolver.solver.constraints.real.RealTest.testHM21 ..]]></system-out>
  </testcase>
  <testcase name="testJJ1" classname="org.chocosolver.solver.constraints.real.RealTest" time="0.001">
    <failure message="Could not initialize class org.chocosolver.solver.constraints.real.Ibex" type="java.lang.NoClassDefFoundError">java.lang.NoClassDefFoundError: Could not initialize class org.chocosolver.solver.constraints.real.Ibex
	at org.chocosolver.solver.constraints.real.RealTest.testJJ1(RealTest.java:476)
</failure>
    <system-out><![CDATA[.. FAILURE (1ms)
	org.chocosolver.solver.constraints.real.RealTest.testJJ1 ..]]></system-out>
  </testcase>
  <testcase name="testJJ2" classname="org.chocosolver.solver.constraints.real.RealTest" time="0.001">
    <failure message="Could not initialize class org.chocosolver.solver.constraints.real.Ibex" type="java.lang.NoClassDefFoundError">java.lang.NoClassDefFoundError: Could not initialize class org.chocosolver.solver.constraints.real.Ibex
	at org.chocosolver.solver.constraints.real.RealTest.testJJ2(RealTest.java:515)
</failure>
    <system-out><![CDATA[.. FAILURE (1ms)
	org.chocosolver.solver.constraints.real.RealTest.testJJ2 ..]]></system-out>
  </testcase>
  <testcase name="testJJ3" classname="org.chocosolver.solver.constraints.real.RealTest" time="0.001">
    <failure message="Could not initialize class org.chocosolver.solver.constraints.real.Ibex" type="java.lang.NoClassDefFoundError">java.lang.NoClassDefFoundError: Could not initialize class org.chocosolver.solver.constraints.real.Ibex
	at org.chocosolver.solver.constraints.real.RealTest.testJJ3(RealTest.java:526)
</failure>
    <system-out><![CDATA[.. FAILURE (0ms)
	org.chocosolver.solver.constraints.real.RealTest.testJJ3 ..]]></system-out>
  </testcase>
  <testcase name="testJJ34" classname="org.chocosolver.solver.constraints.real.RealTest" time="0">
    <failure message="Could not initialize class org.chocosolver.solver.constraints.real.Ibex" type="java.lang.NoClassDefFoundError">java.lang.NoClassDefFoundError: Could not initialize class org.chocosolver.solver.constraints.real.Ibex
	at org.chocosolver.solver.constraints.real.RealTest.testJJ34(RealTest.java:572)
</failure>
    <system-out><![CDATA[.. FAILURE (0ms)
	org.chocosolver.solver.constraints.real.RealTest.testJJ34 ..]]></system-out>
  </testcase>
  <testcase name="testJJ35" classname="org.chocosolver.solver.constraints.real.RealTest" time="0.001">
    <failure message="Could not initialize class org.chocosolver.solver.constraints.real.Ibex" type="java.lang.NoClassDefFoundError">java.lang.NoClassDefFoundError: Could not initialize class org.chocosolver.solver.constraints.real.Ibex
	at org.chocosolver.solver.constraints.real.RealTest.testJJ35(RealTest.java:261)
</failure>
    <system-out><![CDATA[.. FAILURE (0ms)
	org.chocosolver.solver.constraints.real.RealTest.testJJ35 ..]]></system-out>
  </testcase>
  <testcase name="testJiTee1" classname="org.chocosolver.solver.constraints.real.RealTest" time="28.366">
    <failure message="Could not initialize class org.chocosolver.solver.constraints.real.Ibex" type="java.lang.NoClassDefFoundError">java.lang.NoClassDefFoundError: Could not initialize class org.chocosolver.solver.constraints.real.Ibex
	at org.chocosolver.solver.constraints.real.RealTest.testJiTee1(RealTest.java:364)
</failure>
    <system-out><![CDATA[.. FAILURE (1ms)
	org.chocosolver.solver.constraints.real.RealTest.testJiTee1 ..]]></system-out>
  </testcase>
  <testcase name="testJiiTee1" classname="org.chocosolver.solver.constraints.real.RealTest" time="0.001">
    <failure message="Could not initialize class org.chocosolver.solver.constraints.real.Ibex" type="java.lang.NoClassDefFoundError">java.lang.NoClassDefFoundError: Could not initialize class org.chocosolver.solver.constraints.real.Ibex
	at org.chocosolver.solver.constraints.real.RealTest.testJiiTee1(RealTest.java:307)
</failure>
    <system-out><![CDATA[.. FAILURE (28365ms)
	org.chocosolver.solver.constraints.real.RealTest.testJiiTee1 ..]]></system-out>
  </testcase>
  <testcase name="testJuha1" classname="org.chocosolver.solver.constraints.real.RealTest" time="0.002">
    <failure message="Could not initialize class org.chocosolver.solver.constraints.real.Ibex" type="java.lang.NoClassDefFoundError">java.lang.NoClassDefFoundError: Could not initialize class org.chocosolver.solver.constraints.real.Ibex
	at org.chocosolver.solver.constraints.real.RealTest.testJuha1(RealTest.java:638)
</failure>
    <system-out><![CDATA[.. FAILURE (0ms)
	org.chocosolver.solver.constraints.real.RealTest.testJuha1 ..]]></system-out>
  </testcase>
  <testcase name="testJuha2" classname="org.chocosolver.solver.constraints.real.RealTest" time="0.002">
    <failure message="Could not initialize class org.chocosolver.solver.constraints.real.Ibex" type="java.lang.NoClassDefFoundError">java.lang.NoClassDefFoundError: Could not initialize class org.chocosolver.solver.constraints.real.Ibex
	at org.chocosolver.solver.constraints.real.RealTest.testJuha2(RealTest.java:652)
</failure>
    <system-out><![CDATA[.. FAILURE (2ms)
	org.chocosolver.solver.constraints.real.RealTest.testJuha2 ..]]></system-out>
  </testcase>
  <testcase name="testJuha3" classname="org.chocosolver.solver.constraints.real.RealTest" time="0.001">
    <failure message="Could not initialize class org.chocosolver.solver.constraints.real.Ibex" type="java.lang.NoClassDefFoundError">java.lang.NoClassDefFoundError: Could not initialize class org.chocosolver.solver.constraints.real.Ibex
	at org.chocosolver.solver.constraints.real.RealTest.testJuha3(RealTest.java:672)
</failure>
    <system-out><![CDATA[.. FAILURE (1ms)
	org.chocosolver.solver.constraints.real.RealTest.testJuha3 ..	org.chocosolver.solver.constraints.real.RealTest.testJuha3 ..	org.chocosolver.solver.constraints.real.RealTest.testJuha3 ..	org.chocosolver.solver.constraints.real.RealTest.testJuha3 ..]]></system-out>
  </testcase>
  <testcase name="testJuha3" classname="org.chocosolver.solver.constraints.real.RealTest" time="0.001">
    <failure message="Could not initialize class org.chocosolver.solver.constraints.real.Ibex" type="java.lang.NoClassDefFoundError">java.lang.NoClassDefFoundError: Could not initialize class org.chocosolver.solver.constraints.real.Ibex
	at org.chocosolver.solver.constraints.real.RealTest.testJuha3(RealTest.java:672)
</failure>
  </testcase>
  <testcase name="testJuha3" classname="org.chocosolver.solver.constraints.real.RealTest" time="0.001">
    <failure message="Could not initialize class org.chocosolver.solver.constraints.real.Ibex" type="java.lang.NoClassDefFoundError">java.lang.NoClassDefFoundError: Could not initialize class org.chocosolver.solver.constraints.real.Ibex
	at org.chocosolver.solver.constraints.real.RealTest.testJuha3(RealTest.java:672)
</failure>
  </testcase>
  <testcase name="testJuha3" classname="org.chocosolver.solver.constraints.real.RealTest" time="0.001">
    <failure message="Could not initialize class org.chocosolver.solver.constraints.real.Ibex" type="java.lang.NoClassDefFoundError">java.lang.NoClassDefFoundError: Could not initialize class org.chocosolver.solver.constraints.real.Ibex
	at org.chocosolver.solver.constraints.real.RealTest.testJuha3(RealTest.java:672)
</failure>
  </testcase>
  <testcase name="testJuha3" classname="org.chocosolver.solver.constraints.real.RealTest" time="0">
    <failure message="Could not initialize class org.chocosolver.solver.constraints.real.Ibex" type="java.lang.NoClassDefFoundError">java.lang.NoClassDefFoundError: Could not initialize class org.chocosolver.solver.constraints.real.Ibex
	at org.chocosolver.solver.constraints.real.RealTest.testJuha3(RealTest.java:672)
</failure>
    <system-out><![CDATA[.. FAILURE (0ms)
.. FAILURE (0ms)
.. FAILURE (1ms)
.. FAILURE (0ms)
	org.chocosolver.solver.constraints.real.RealTest.testJuha3 ..	org.chocosolver.solver.constraints.real.RealTest.testJuha3 ..	org.chocosolver.solver.constraints.real.RealTest.testJuha3 ..	org.chocosolver.solver.constraints.real.RealTest.testJuha3 ..]]></system-out>
  </testcase>
  <testcase name="testJuha3" classname="org.chocosolver.solver.constraints.real.RealTest" time="0.001">
    <failure message="Could not initialize class org.chocosolver.solver.constraints.real.Ibex" type="java.lang.NoClassDefFoundError">java.lang.NoClassDefFoundError: Could not initialize class org.chocosolver.solver.constraints.real.Ibex
	at org.chocosolver.solver.constraints.real.RealTest.testJuha3(RealTest.java:672)
</failure>
    <system-out><![CDATA[.. FAILURE (0ms)
]]></system-out>
  </testcase>
  <testcase name="testJuha3" classname="org.chocosolver.solver.constraints.real.RealTest" time="0.001">
    <failure message="Could not initialize class org.chocosolver.solver.constraints.real.Ibex" type="java.lang.NoClassDefFoundError">java.lang.NoClassDefFoundError: Could not initialize class org.chocosolver.solver.constraints.real.Ibex
	at org.chocosolver.solver.constraints.real.RealTest.testJuha3(RealTest.java:672)
</failure>
    <system-out><![CDATA[.. FAILURE (0ms)
]]></system-out>
  </testcase>
  <testcase name="testJuha3" classname="org.chocosolver.solver.constraints.real.RealTest" time="0">
    <failure message="Could not initialize class org.chocosolver.solver.constraints.real.Ibex" type="java.lang.NoClassDefFoundError">java.lang.NoClassDefFoundError: Could not initialize class org.chocosolver.solver.constraints.real.Ibex
	at org.chocosolver.solver.constraints.real.RealTest.testJuha3(RealTest.java:672)
</failure>
    <system-out><![CDATA[.. FAILURE (0ms)
]]></system-out>
  </testcase>
  <testcase name="testJuha3" classname="org.chocosolver.solver.constraints.real.RealTest" time="0">
    <failure message="Could not initialize class org.chocosolver.solver.constraints.real.Ibex" type="java.lang.NoClassDefFoundError">java.lang.NoClassDefFoundError: Could not initialize class org.chocosolver.solver.constraints.real.Ibex
	at org.chocosolver.solver.constraints.real.RealTest.testJuha3(RealTest.java:672)
</failure>
    <system-out><![CDATA[	org.chocosolver.solver.constraints.real.RealTest.testJuha3 .... FAILURE (0ms)
	org.chocosolver.solver.constraints.real.RealTest.testJuha3 ..]]></system-out>
  </testcase>
  <testcase name="testJuha3" classname="org.chocosolver.solver.constraints.real.RealTest" time="0">
    <failure message="Could not initialize class org.chocosolver.solver.constraints.real.Ibex" type="java.lang.NoClassDefFoundError">java.lang.NoClassDefFoundError: Could not initialize class org.chocosolver.solver.constraints.real.Ibex
	at org.chocosolver.solver.constraints.real.RealTest.testJuha3(RealTest.java:672)
</failure>
    <system-out><![CDATA[.. FAILURE (0ms)
]]></system-out>
  </testcase>
  <testcase name="testJuha4" classname="org.chocosolver.solver.constraints.real.RealTest" time="0">
    <failure message="Could not initialize class org.chocosolver.solver.constraints.real.Ibex" type="java.lang.NoClassDefFoundError">java.lang.NoClassDefFoundError: Could not initialize class org.chocosolver.solver.constraints.real.Ibex
	at org.chocosolver.solver.constraints.real.RealTest.testJuha4(RealTest.java:684)
</failure>
    <system-out><![CDATA[.. FAILURE (0ms)
	org.chocosolver.solver.constraints.real.RealTest.testJuha4 ..	org.chocosolver.solver.constraints.real.RealTest.testJuha4 ..	org.chocosolver.solver.constraints.real.RealTest.testJuha4 ..	org.chocosolver.solver.constraints.real.RealTest.testJuha4 ..]]></system-out>
  </testcase>
  <testcase name="testJuha4" classname="org.chocosolver.solver.constraints.real.RealTest" time="0">
    <failure message="Could not initialize class org.chocosolver.solver.constraints.real.Ibex" type="java.lang.NoClassDefFoundError">java.lang.NoClassDefFoundError: Could not initialize class org.chocosolver.solver.constraints.real.Ibex
	at org.chocosolver.solver.constraints.real.RealTest.testJuha4(RealTest.java:684)
</failure>
    <system-out><![CDATA[.. FAILURE (1ms)
]]></system-out>
  </testcase>
  <testcase name="testJuha4" classname="org.chocosolver.solver.constraints.real.RealTest" time="0">
    <failure message="Could not initialize class org.chocosolver.solver.constraints.real.Ibex" type="java.lang.NoClassDefFoundError">java.lang.NoClassDefFoundError: Could not initialize class org.chocosolver.solver.constraints.real.Ibex
	at org.chocosolver.solver.constraints.real.RealTest.testJuha4(RealTest.java:684)
</failure>
    <system-out><![CDATA[.. FAILURE (1ms)
]]></system-out>
  </testcase>
  <testcase name="testJuha4" classname="org.chocosolver.solver.constraints.real.RealTest" time="0">
    <failure message="Could not initialize class org.chocosolver.solver.constraints.real.Ibex" type="java.lang.NoClassDefFoundError">java.lang.NoClassDefFoundError: Could not initialize class org.chocosolver.solver.constraints.real.Ibex
	at org.chocosolver.solver.constraints.real.RealTest.testJuha4(RealTest.java:684)
</failure>
    <system-out><![CDATA[.. FAILURE (1ms)
]]></system-out>
  </testcase>
  <testcase name="testJuha4" classname="org.chocosolver.solver.constraints.real.RealTest" time="0">
    <failure message="Could not initialize class org.chocosolver.solver.constraints.real.Ibex" type="java.lang.NoClassDefFoundError">java.lang.NoClassDefFoundError: Could not initialize class org.chocosolver.solver.constraints.real.Ibex
	at org.chocosolver.solver.constraints.real.RealTest.testJuha4(RealTest.java:684)
</failure>
    <system-out><![CDATA[	org.chocosolver.solver.constraints.real.RealTest.testJuha4 .... FAILURE (1ms)
	org.chocosolver.solver.constraints.real.RealTest.testJuha4 ..	org.chocosolver.solver.constraints.real.RealTest.testJuha4 ..]]></system-out>
  </testcase>
  <testcase name="testJuha4" classname="org.chocosolver.solver.constraints.real.RealTest" time="0">
    <failure message="Could not initialize class org.chocosolver.solver.constraints.real.Ibex" type="java.lang.NoClassDefFoundError">java.lang.NoClassDefFoundError: Could not initialize class org.chocosolver.solver.constraints.real.Ibex
	at org.chocosolver.solver.constraints.real.RealTest.testJuha4(RealTest.java:684)
</failure>
    <system-out><![CDATA[.. FAILURE (0ms)
]]></system-out>
  </testcase>
  <testcase name="testJuha4" classname="org.chocosolver.solver.constraints.real.RealTest" time="0">
    <failure message="Could not initialize class org.chocosolver.solver.constraints.real.Ibex" type="java.lang.NoClassDefFoundError">java.lang.NoClassDefFoundError: Could not initialize class org.chocosolver.solver.constraints.real.Ibex
	at org.chocosolver.solver.constraints.real.RealTest.testJuha4(RealTest.java:684)
</failure>
    <system-out><![CDATA[.. FAILURE (1ms)
]]></system-out>
  </testcase>
  <testcase name="testJuha4" classname="org.chocosolver.solver.constraints.real.RealTest" time="0">
    <failure message="Could not initialize class org.chocosolver.solver.constraints.real.Ibex" type="java.lang.NoClassDefFoundError">java.lang.NoClassDefFoundError: Could not initialize class org.chocosolver.solver.constraints.real.Ibex
	at org.chocosolver.solver.constraints.real.RealTest.testJuha4(RealTest.java:684)
</failure>
    <system-out><![CDATA[.. FAILURE (1ms)
	org.chocosolver.solver.constraints.real.RealTest.testJuha4 ..	org.chocosolver.solver.constraints.real.RealTest.testJuha4 ..]]></system-out>
  </testcase>
  <testcase name="testJuha4" classname="org.chocosolver.solver.constraints.real.RealTest" time="0">
    <failure message="Could not initialize class org.chocosolver.solver.constraints.real.Ibex" type="java.lang.NoClassDefFoundError">java.lang.NoClassDefFoundError: Could not initialize class org.chocosolver.solver.constraints.real.Ibex
	at org.chocosolver.solver.constraints.real.RealTest.testJuha4(RealTest.java:684)
</failure>
    <system-out><![CDATA[	org.chocosolver.solver.constraints.real.RealTest.testJuha4 .... FAILURE (0ms)
]]></system-out>
  </testcase>
  <testcase name="testJuha4" classname="org.chocosolver.solver.constraints.real.RealTest" time="0">
    <failure message="Could not initialize class org.chocosolver.solver.constraints.real.Ibex" type="java.lang.NoClassDefFoundError">java.lang.NoClassDefFoundError: Could not initialize class org.chocosolver.solver.constraints.real.Ibex
	at org.chocosolver.solver.constraints.real.RealTest.testJuha4(RealTest.java:684)
</failure>
    <system-out><![CDATA[.. FAILURE (0ms)
]]></system-out>
  </testcase>
  <testcase name="testMove1" classname="org.chocosolver.solver.constraints.real.RealTest" time="0.002">
    <failure message="Could not initialize class org.chocosolver.solver.constraints.real.Ibex" type="java.lang.NoClassDefFoundError">java.lang.NoClassDefFoundError: Could not initialize class org.chocosolver.solver.constraints.real.Ibex
	at org.chocosolver.solver.constraints.real.RealTest.testMove1(RealTest.java:545)
</failure>
    <system-out><![CDATA[.. FAILURE (0ms)
	org.chocosolver.solver.constraints.real.RealTest.testMove1 ..]]></system-out>
  </testcase>
  <testcase name="testMove2" classname="org.chocosolver.solver.constraints.real.RealTest" time="0.001">
    <failure message="Could not initialize class org.chocosolver.solver.constraints.real.Ibex" type="java.lang.NoClassDefFoundError">java.lang.NoClassDefFoundError: Could not initialize class org.chocosolver.solver.constraints.real.Ibex
	at org.chocosolver.solver.constraints.real.RealTest.testMove2(RealTest.java:566)
</failure>
    <system-out><![CDATA[.. FAILURE (2ms)
	org.chocosolver.solver.constraints.real.RealTest.testMove2 ..]]></system-out>
  </testcase>
  <testcase name="testMove3" classname="org.chocosolver.solver.constraints.real.RealTest" time="0.001">
    <failure message="Could not initialize class org.chocosolver.solver.constraints.real.Ibex" type="java.lang.NoClassDefFoundError">java.lang.NoClassDefFoundError: Could not initialize class org.chocosolver.solver.constraints.real.Ibex
	at org.chocosolver.solver.constraints.real.RealTest.testMove3(RealTest.java:592)
</failure>
    <system-out><![CDATA[.. FAILURE (0ms)
	org.chocosolver.solver.constraints.real.RealTest.testMove3 ..]]></system-out>
  </testcase>
  <testcase name="testMove4" classname="org.chocosolver.solver.constraints.real.RealTest" time="0.001">
    <failure message="Could not initialize class org.chocosolver.solver.constraints.real.Ibex" type="java.lang.NoClassDefFoundError">java.lang.NoClassDefFoundError: Could not initialize class org.chocosolver.solver.constraints.real.Ibex
	at org.chocosolver.solver.constraints.real.RealTest.testMove4(RealTest.java:607)
</failure>
    <system-out><![CDATA[.. FAILURE (1ms)
	org.chocosolver.solver.constraints.real.RealTest.testMove4 ..]]></system-out>
  </testcase>
  <testcase name="testMove5" classname="org.chocosolver.solver.constraints.real.RealTest" time="0.001">
    <failure message="Could not initialize class org.chocosolver.solver.constraints.real.Ibex" type="java.lang.NoClassDefFoundError">java.lang.NoClassDefFoundError: Could not initialize class org.chocosolver.solver.constraints.real.Ibex
	at org.chocosolver.solver.constraints.real.RealTest.testMove5(RealTest.java:623)
</failure>
    <system-out><![CDATA[.. FAILURE (0ms)
	org.chocosolver.solver.constraints.real.RealTest.testMove5 ..]]></system-out>
  </testcase>
  <testcase name="testPG1" classname="org.chocosolver.solver.constraints.real.RealTest" time="0">
    <failure message="Could not initialize class org.chocosolver.solver.constraints.real.Ibex" type="java.lang.NoClassDefFoundError">java.lang.NoClassDefFoundError: Could not initialize class org.chocosolver.solver.constraints.real.Ibex
	at org.chocosolver.solver.constraints.real.RealTest.testPG1(RealTest.java:254)
</failure>
    <system-out><![CDATA[.. FAILURE (0ms)
	org.chocosolver.solver.constraints.real.RealTest.testPG1 ..]]></system-out>
  </testcase>
  <testcase name="testPeter" classname="org.chocosolver.solver.constraints.real.RealTest" time="0.004">
    <failure message="Could not initialize class org.chocosolver.solver.constraints.real.Ibex" type="java.lang.NoClassDefFoundError">java.lang.NoClassDefFoundError: Could not initialize class org.chocosolver.solver.constraints.real.Ibex
	at org.chocosolver.solver.constraints.real.RealTest.testPeter(RealTest.java:341)
</failure>
    <system-out><![CDATA[.. FAILURE (0ms)

	org.chocosolver.solver.constraints.real.RealTest.testPeter ..** Choco 4.0.6 (2017-11) : Constraint Programming Solver, Copyright (c) 2010-2017
- Model[Model-769942] features:
	Variables : 103
	Constraints : 93
	Building time : 0.002s
	User-defined search strategy : no
	Complementary search strategy : no
]]></system-out>
  </testcase>
  <testcase name="testPostUnpost" classname="org.chocosolver.solver.constraints.real.RealTest" time="0.001">
    <failure message="Could not initialize class org.chocosolver.solver.constraints.real.Ibex" type="java.lang.NoClassDefFoundError">java.lang.NoClassDefFoundError: Could not initialize class org.chocosolver.solver.constraints.real.Ibex
	at org.chocosolver.solver.constraints.real.RealTest.testPostUnpost(RealTest.java:436)
</failure>
    <system-out><![CDATA[.. FAILURE (3ms)
	org.chocosolver.solver.constraints.real.RealTest.testPostUnpost ..]]></system-out>
  </testcase>
  <testcase name="testRoberto1" classname="org.chocosolver.solver.constraints.real.RealTest" time="0.001">
    <failure message="Could not initialize class org.chocosolver.solver.constraints.real.Ibex" type="java.lang.NoClassDefFoundError">java.lang.NoClassDefFoundError: Could not initialize class org.chocosolver.solver.constraints.real.Ibex
	at org.chocosolver.solver.constraints.real.RealTest.testRoberto1(RealTest.java:749)
</failure>
    <system-out><![CDATA[.. FAILURE (1ms)
	org.chocosolver.solver.constraints.real.RealTest.testRoberto1 ..]]></system-out>
  </testcase>
  <testcase name="testRoberto3" classname="org.chocosolver.solver.constraints.real.RealTest" time="0.001">
    <failure message="Could not initialize class org.chocosolver.solver.constraints.real.Ibex" type="java.lang.NoClassDefFoundError">java.lang.NoClassDefFoundError: Could not initialize class org.chocosolver.solver.constraints.real.Ibex
	at org.chocosolver.solver.constraints.real.RealTest.testRoberto3(RealTest.java:754)
</failure>
    <system-out><![CDATA[.. FAILURE (1ms)
	org.chocosolver.solver.constraints.real.RealTest.testRoberto3 ..]]></system-out>
  </testcase>
  <testcase name="testRoberto4" classname="org.chocosolver.solver.constraints.real.RealTest" time="0.001">
    <failure message="Could not initialize class org.chocosolver.solver.constraints.real.Ibex" type="java.lang.NoClassDefFoundError">java.lang.NoClassDefFoundError: Could not initialize class org.chocosolver.solver.constraints.real.Ibex
	at org.chocosolver.solver.constraints.real.RealTest.testRoberto4(RealTest.java:764)
</failure>
    <system-out><![CDATA[.. FAILURE (1ms)
	org.chocosolver.solver.constraints.real.RealTest.testRoberto4 ..]]></system-out>
  </testcase>
  <testcase name="test1" classname="org.chocosolver.solver.constraints.ternary.DistanceEQTest" time="0.474"/>
  <testcase name="test2" classname="org.chocosolver.solver.constraints.ternary.DistanceEQTest" time="0.001"/>
</testsuite>