<?xml version="1.0" encoding="UTF-8"?>
<testsuite xmlns:xsi="http://www.w3.org/2001/XMLSchema-instance" xsi:schemaLocation="https://maven.apache.org/surefire/maven-surefire-plugin/xsd/surefire-test-report.xsd" name="org.springframework.data.redis.connection.lettuce.LettuceReactiveScriptingCommandsTests" time="0.015" tests="20" errors="20" skipped="0" failures="0">
  <properties>
    <property name="java.runtime.name" value="OpenJDK Runtime Environment"/>
    <property name="sun.boot.library.path" value="/usr/lib/jvm/java-8-openjdk-amd64/jre/lib/amd64"/>
    <property name="java.vm.version" value="25.121-b13"/>
    <property name="java.vm.vendor" value="Oracle Corporation"/>
    <property name="maven.multiModuleProjectDirectory" value="/root/workspace/spring-projects/spring-data-redis/388703425"/>
    <property name="java.vendor.url" value="http://java.oracle.com/"/>
    <property name="path.separator" value=":"/>
    <property name="guice.disable.misplaced.annotation.check" value="true"/>
    <property name="skip.gulp" value="true"/>
    <property name="java.vm.name" value="OpenJDK 64-Bit Server VM"/>
    <property name="file.encoding.pkg" value="sun.io"/>
    <property name="sun.java.launcher" value="SUN_STANDARD"/>
    <property name="sun.os.patch.level" value="unknown"/>
    <property name="findbugs.skip" value="true"/>
    <property name="java.vm.specification.name" value="Java Virtual Machine Specification"/>
    <property name="user.dir" value="/root/workspace/spring-projects/spring-data-redis/388703425"/>
    <property name="checkstyle.skip" value="true"/>
    <property name="java.runtime.version" value="1.8.0_121-8u121-b13-1~bpo8+1-b13"/>
    <property name="java.awt.graphicsenv" value="sun.awt.X11GraphicsEnvironment"/>
    <property name="skip.npm" value="true"/>
    <property name="java.endorsed.dirs" value="/usr/lib/jvm/java-8-openjdk-amd64/jre/lib/endorsed"/>
    <property name="os.arch" value="amd64"/>
    <property name="java.io.tmpdir" value="/tmp"/>
    <property name="gpg.skip" value="true"/>
    <property name="line.separator" value="&#10;"/>
    <property name="java.vm.specification.vendor" value="Oracle Corporation"/>
    <property name="cobertura.skip" value="true"/>
    <property name="os.name" value="Linux"/>
    <property name="classworlds.conf" value="/usr/share/maven/bin/m2.conf"/>
    <property name="sun.jnu.encoding" value="UTF-8"/>
    <property name="java.library.path" value="/usr/java/packages/lib/amd64:/usr/lib/x86_64-linux-gnu/jni:/lib/x86_64-linux-gnu:/usr/lib/x86_64-linux-gnu:/usr/lib/jni:/lib:/usr/lib"/>
    <property name="license.skip" value="true"/>
    <property name="java.specification.name" value="Java Platform API Specification"/>
    <property name="java.class.version" value="52.0"/>
    <property name="sun.management.compiler" value="HotSpot 64-Bit Tiered Compilers"/>
    <property name="skip.bower" value="true"/>
    <property name="maven.repo.local" value="/root/./workspace/spring-projects/spring-data-redis/388703425/.m2"/>
    <property name="os.version" value="3.10.0-862.3.2.el7.x86_64"/>
    <property name="user.home" value="/root"/>
    <property name="user.timezone" value="Europe/Paris"/>
    <property name="java.awt.printerjob" value="sun.print.PSPrinterJob"/>
    <property name="java.specification.version" value="1.8"/>
    <property name="file.encoding" value="UTF-8"/>
    <property name="user.name" value="root"/>
    <property name="java.class.path" value="/usr/share/maven/boot/plexus-classworlds-2.5.2.jar"/>
    <property name="skipITs" value="true"/>
    <property name="java.vm.specification.version" value="1.8"/>
    <property name="sun.arch.data.model" value="64"/>
    <property name="java.home" value="/usr/lib/jvm/java-8-openjdk-amd64/jre"/>
    <property name="sun.java.command" value="org.codehaus.plexus.classworlds.launcher.Launcher -B -D enforcer.skip=true -D dependency-check.skip=true -D skipITs=true -D cobertura.skip=true -D maven.repo.local=/root/./workspace/spring-projects/spring-data-redis/388703425/.m2 -D rat.skip=true -D findbugs.skip=true -D skip.bower=true -D gpg.skip=true -D checkstyle.skip=true -D skip.gulp=true -D license.skip=true -D skip.npm=true test"/>
    <property name="java.specification.vendor" value="Oracle Corporation"/>
    <property name="user.language" value="en"/>
    <property name="awt.toolkit" value="sun.awt.X11.XToolkit"/>
    <property name="dependency-check.skip" value="true"/>
    <property name="java.vm.info" value="mixed mode"/>
    <property name="java.version" value="1.8.0_121"/>
    <property name="java.ext.dirs" value="/usr/lib/jvm/java-8-openjdk-amd64/jre/lib/ext:/usr/java/packages/lib/ext"/>
    <property name="securerandom.source" value="file:/dev/./urandom"/>
    <property name="sun.boot.class.path" value="/usr/lib/jvm/java-8-openjdk-amd64/jre/lib/resources.jar:/usr/lib/jvm/java-8-openjdk-amd64/jre/lib/rt.jar:/usr/lib/jvm/java-8-openjdk-amd64/jre/lib/sunrsasign.jar:/usr/lib/jvm/java-8-openjdk-amd64/jre/lib/jsse.jar:/usr/lib/jvm/java-8-openjdk-amd64/jre/lib/jce.jar:/usr/lib/jvm/java-8-openjdk-amd64/jre/lib/charsets.jar:/usr/lib/jvm/java-8-openjdk-amd64/jre/lib/jfr.jar:/usr/lib/jvm/java-8-openjdk-amd64/jre/classes"/>
    <property name="java.vendor" value="Oracle Corporation"/>
    <property name="enforcer.skip" value="true"/>
    <property name="rat.skip" value="true"/>
    <property name="maven.home" value="/usr/share/maven"/>
    <property name="file.separator" value="/"/>
    <property name="java.vendor.url.bug" value="http://bugreport.sun.com/bugreport/"/>
    <property name="sun.cpu.endian" value="little"/>
    <property name="sun.io.unicode.encoding" value="UnicodeLittle"/>
    <property name="sun.cpu.isalist" value=""/>
  </properties>
  <testcase name="evalShaShouldReturnMulti[org.springframework.data.redis.connection.lettuce.StandaloneConnectionProvider@719edb69]" classname="org.springframework.data.redis.connection.lettuce.LettuceReactiveScriptingCommandsTests" time="0">
    <error message="Unable to connect to 127.0.0.1:6379" type="io.lettuce.core.RedisConnectionException">io.lettuce.core.RedisConnectionException: Unable to connect to 127.0.0.1:6379
Caused by: io.netty.channel.AbstractChannel$AnnotatedConnectException: syscall:getsockopt(..) failed: Connection refused: /127.0.0.1:6379
Caused by: io.netty.channel.unix.Errors$NativeConnectException: syscall:getsockopt(..) failed: Connection refused
</error>
    <system-out><![CDATA[2018-06-06 13:19:41,094  WARN .cluster.topology.ClusterTopologyRefresh: 151 - Unable to connect to 127.0.0.1:7379
java.util.concurrent.CompletionException: io.netty.channel.AbstractChannel$AnnotatedConnectException: syscall:getsockopt(..) failed: Connection refused: /127.0.0.1:7379
	at java.util.concurrent.CompletableFuture.encodeThrowable(CompletableFuture.java:292)
	at java.util.concurrent.CompletableFuture.completeThrowable(CompletableFuture.java:308)
	at java.util.concurrent.CompletableFuture.uniApply(CompletableFuture.java:593)
	at java.util.concurrent.CompletableFuture$UniApply.tryFire(CompletableFuture.java:577)
	at java.util.concurrent.CompletableFuture.postComplete(CompletableFuture.java:474)
	at java.util.concurrent.CompletableFuture.completeExceptionally(CompletableFuture.java:1977)
	at io.lettuce.core.AbstractRedisClient.lambda$initializeChannelAsync0$4(AbstractRedisClient.java:329)
	at io.netty.util.concurrent.DefaultPromise.notifyListener0(DefaultPromise.java:511)
	at io.netty.util.concurrent.DefaultPromise.notifyListeners0(DefaultPromise.java:504)
	at io.netty.util.concurrent.DefaultPromise.notifyListenersNow(DefaultPromise.java:483)
	at io.netty.util.concurrent.DefaultPromise.notifyListeners(DefaultPromise.java:424)
	at io.netty.util.concurrent.DefaultPromise.tryFailure(DefaultPromise.java:121)
	at io.netty.channel.epoll.AbstractEpollChannel$AbstractEpollUnsafe.fulfillConnectPromise(AbstractEpollChannel.java:632)
	at io.netty.channel.epoll.AbstractEpollChannel$AbstractEpollUnsafe.finishConnect(AbstractEpollChannel.java:651)
	at io.netty.channel.epoll.AbstractEpollChannel$AbstractEpollUnsafe.epollOutReady(AbstractEpollChannel.java:525)
	at io.netty.channel.epoll.EpollEventLoop.processReady(EpollEventLoop.java:394)
	at io.netty.channel.epoll.EpollEventLoop.run(EpollEventLoop.java:304)
	at io.netty.util.concurrent.SingleThreadEventExecutor$5.run(SingleThreadEventExecutor.java:884)
	at io.netty.util.concurrent.FastThreadLocalRunnable.run(FastThreadLocalRunnable.java:30)
	at java.lang.Thread.run(Thread.java:745)
Caused by: io.netty.channel.AbstractChannel$AnnotatedConnectException: syscall:getsockopt(..) failed: Connection refused: /127.0.0.1:7379
	at io.netty.channel.unix.Socket.finishConnect(..)(Unknown Source)
Caused by: io.netty.channel.unix.Errors$NativeConnectException: syscall:getsockopt(..) failed: Connection refused
	... 1 common frames omitted
]]></system-out>
  </testcase>
  <testcase name="evalShaShouldReturnMulti[org.springframework.data.redis.connection.lettuce.StandaloneConnectionProvider@719edb69]" classname="org.springframework.data.redis.connection.lettuce.LettuceReactiveScriptingCommandsTests" time="0">
    <error message="Unable to connect to 127.0.0.1:6379" type="io.lettuce.core.RedisConnectionException">io.lettuce.core.RedisConnectionException: Unable to connect to 127.0.0.1:6379
Caused by: io.netty.channel.AbstractChannel$AnnotatedConnectException: syscall:getsockopt(..) failed: Connection refused: /127.0.0.1:6379
Caused by: io.netty.channel.unix.Errors$NativeConnectException: syscall:getsockopt(..) failed: Connection refused
</error>
  </testcase>
  <testcase name="evalShaShouldReturnKey[org.springframework.data.redis.connection.lettuce.StandaloneConnectionProvider@719edb69]" classname="org.springframework.data.redis.connection.lettuce.LettuceReactiveScriptingCommandsTests" time="0">
    <error message="Unable to connect to 127.0.0.1:6379" type="io.lettuce.core.RedisConnectionException">io.lettuce.core.RedisConnectionException: Unable to connect to 127.0.0.1:6379
Caused by: io.netty.channel.AbstractChannel$AnnotatedConnectException: syscall:getsockopt(..) failed: Connection refused: /127.0.0.1:6379
Caused by: io.netty.channel.unix.Errors$NativeConnectException: syscall:getsockopt(..) failed: Connection refused
</error>
  </testcase>
  <testcase name="evalShaShouldReturnKey[org.springframework.data.redis.connection.lettuce.StandaloneConnectionProvider@719edb69]" classname="org.springframework.data.redis.connection.lettuce.LettuceReactiveScriptingCommandsTests" time="0">
    <error message="Unable to connect to 127.0.0.1:6379" type="io.lettuce.core.RedisConnectionException">io.lettuce.core.RedisConnectionException: Unable to connect to 127.0.0.1:6379
Caused by: io.netty.channel.AbstractChannel$AnnotatedConnectException: syscall:getsockopt(..) failed: Connection refused: /127.0.0.1:6379
Caused by: io.netty.channel.unix.Errors$NativeConnectException: syscall:getsockopt(..) failed: Connection refused
</error>
  </testcase>
  <testcase name="evalShouldReturnBooleanFalse[org.springframework.data.redis.connection.lettuce.StandaloneConnectionProvider@719edb69]" classname="org.springframework.data.redis.connection.lettuce.LettuceReactiveScriptingCommandsTests" time="0">
    <error message="Unable to connect to 127.0.0.1:6379" type="io.lettuce.core.RedisConnectionException">io.lettuce.core.RedisConnectionException: Unable to connect to 127.0.0.1:6379
Caused by: io.netty.channel.AbstractChannel$AnnotatedConnectException: syscall:getsockopt(..) failed: Connection refused: /127.0.0.1:6379
Caused by: io.netty.channel.unix.Errors$NativeConnectException: syscall:getsockopt(..) failed: Connection refused
</error>
  </testcase>
  <testcase name="evalShouldReturnBooleanFalse[org.springframework.data.redis.connection.lettuce.StandaloneConnectionProvider@719edb69]" classname="org.springframework.data.redis.connection.lettuce.LettuceReactiveScriptingCommandsTests" time="0">
    <error message="Unable to connect to 127.0.0.1:6379" type="io.lettuce.core.RedisConnectionException">io.lettuce.core.RedisConnectionException: Unable to connect to 127.0.0.1:6379
Caused by: io.netty.channel.AbstractChannel$AnnotatedConnectException: syscall:getsockopt(..) failed: Connection refused: /127.0.0.1:6379
Caused by: io.netty.channel.unix.Errors$NativeConnectException: syscall:getsockopt(..) failed: Connection refused
</error>
  </testcase>
  <testcase name="scriptFlushShouldRemoveScripts[org.springframework.data.redis.connection.lettuce.StandaloneConnectionProvider@719edb69]" classname="org.springframework.data.redis.connection.lettuce.LettuceReactiveScriptingCommandsTests" time="0">
    <error message="Unable to connect to 127.0.0.1:6379" type="io.lettuce.core.RedisConnectionException">io.lettuce.core.RedisConnectionException: Unable to connect to 127.0.0.1:6379
Caused by: io.netty.channel.AbstractChannel$AnnotatedConnectException: syscall:getsockopt(..) failed: Connection refused: /127.0.0.1:6379
Caused by: io.netty.channel.unix.Errors$NativeConnectException: syscall:getsockopt(..) failed: Connection refused
</error>
  </testcase>
  <testcase name="scriptFlushShouldRemoveScripts[org.springframework.data.redis.connection.lettuce.StandaloneConnectionProvider@719edb69]" classname="org.springframework.data.redis.connection.lettuce.LettuceReactiveScriptingCommandsTests" time="0">
    <error message="Unable to connect to 127.0.0.1:6379" type="io.lettuce.core.RedisConnectionException">io.lettuce.core.RedisConnectionException: Unable to connect to 127.0.0.1:6379
Caused by: io.netty.channel.AbstractChannel$AnnotatedConnectException: syscall:getsockopt(..) failed: Connection refused: /127.0.0.1:6379
Caused by: io.netty.channel.unix.Errors$NativeConnectException: syscall:getsockopt(..) failed: Connection refused
</error>
  </testcase>
  <testcase name="scriptKillShouldKillScripts[org.springframework.data.redis.connection.lettuce.StandaloneConnectionProvider@719edb69]" classname="org.springframework.data.redis.connection.lettuce.LettuceReactiveScriptingCommandsTests" time="0">
    <error message="Unable to connect to 127.0.0.1:6379" type="io.lettuce.core.RedisConnectionException">io.lettuce.core.RedisConnectionException: Unable to connect to 127.0.0.1:6379
Caused by: io.netty.channel.AbstractChannel$AnnotatedConnectException: syscall:getsockopt(..) failed: Connection refused: /127.0.0.1:6379
Caused by: io.netty.channel.unix.Errors$NativeConnectException: syscall:getsockopt(..) failed: Connection refused
</error>
  </testcase>
  <testcase name="scriptKillShouldKillScripts[org.springframework.data.redis.connection.lettuce.StandaloneConnectionProvider@719edb69]" classname="org.springframework.data.redis.connection.lettuce.LettuceReactiveScriptingCommandsTests" time="0">
    <error message="Unable to connect to 127.0.0.1:6379" type="io.lettuce.core.RedisConnectionException">io.lettuce.core.RedisConnectionException: Unable to connect to 127.0.0.1:6379
Caused by: io.netty.channel.AbstractChannel$AnnotatedConnectException: syscall:getsockopt(..) failed: Connection refused: /127.0.0.1:6379
Caused by: io.netty.channel.unix.Errors$NativeConnectException: syscall:getsockopt(..) failed: Connection refused
</error>
  </testcase>
  <testcase name="evalShouldFailWithScriptError[org.springframework.data.redis.connection.lettuce.StandaloneConnectionProvider@719edb69]" classname="org.springframework.data.redis.connection.lettuce.LettuceReactiveScriptingCommandsTests" time="0">
    <error message="Unable to connect to 127.0.0.1:6379" type="io.lettuce.core.RedisConnectionException">io.lettuce.core.RedisConnectionException: Unable to connect to 127.0.0.1:6379
Caused by: io.netty.channel.AbstractChannel$AnnotatedConnectException: syscall:getsockopt(..) failed: Connection refused: /127.0.0.1:6379
Caused by: io.netty.channel.unix.Errors$NativeConnectException: syscall:getsockopt(..) failed: Connection refused
</error>
  </testcase>
  <testcase name="evalShouldFailWithScriptError[org.springframework.data.redis.connection.lettuce.StandaloneConnectionProvider@719edb69]" classname="org.springframework.data.redis.connection.lettuce.LettuceReactiveScriptingCommandsTests" time="0">
    <error message="Unable to connect to 127.0.0.1:6379" type="io.lettuce.core.RedisConnectionException">io.lettuce.core.RedisConnectionException: Unable to connect to 127.0.0.1:6379
Caused by: io.netty.channel.AbstractChannel$AnnotatedConnectException: syscall:getsockopt(..) failed: Connection refused: /127.0.0.1:6379
Caused by: io.netty.channel.unix.Errors$NativeConnectException: syscall:getsockopt(..) failed: Connection refused
</error>
  </testcase>
  <testcase name="evalShouldReturnMultiNumbers[org.springframework.data.redis.connection.lettuce.StandaloneConnectionProvider@719edb69]" classname="org.springframework.data.redis.connection.lettuce.LettuceReactiveScriptingCommandsTests" time="0">
    <error message="Unable to connect to 127.0.0.1:6379" type="io.lettuce.core.RedisConnectionException">io.lettuce.core.RedisConnectionException: Unable to connect to 127.0.0.1:6379
Caused by: io.netty.channel.AbstractChannel$AnnotatedConnectException: syscall:getsockopt(..) failed: Connection refused: /127.0.0.1:6379
Caused by: io.netty.channel.unix.Errors$NativeConnectException: syscall:getsockopt(..) failed: Connection refused
</error>
  </testcase>
  <testcase name="evalShouldReturnMultiNumbers[org.springframework.data.redis.connection.lettuce.StandaloneConnectionProvider@719edb69]" classname="org.springframework.data.redis.connection.lettuce.LettuceReactiveScriptingCommandsTests" time="0">
    <error message="Unable to connect to 127.0.0.1:6379" type="io.lettuce.core.RedisConnectionException">io.lettuce.core.RedisConnectionException: Unable to connect to 127.0.0.1:6379
Caused by: io.netty.channel.AbstractChannel$AnnotatedConnectException: syscall:getsockopt(..) failed: Connection refused: /127.0.0.1:6379
Caused by: io.netty.channel.unix.Errors$NativeConnectException: syscall:getsockopt(..) failed: Connection refused
</error>
  </testcase>
  <testcase name="evalShaShouldFail[org.springframework.data.redis.connection.lettuce.StandaloneConnectionProvider@719edb69]" classname="org.springframework.data.redis.connection.lettuce.LettuceReactiveScriptingCommandsTests" time="0">
    <error message="Unable to connect to 127.0.0.1:6379" type="io.lettuce.core.RedisConnectionException">io.lettuce.core.RedisConnectionException: Unable to connect to 127.0.0.1:6379
Caused by: io.netty.channel.AbstractChannel$AnnotatedConnectException: syscall:getsockopt(..) failed: Connection refused: /127.0.0.1:6379
Caused by: io.netty.channel.unix.Errors$NativeConnectException: syscall:getsockopt(..) failed: Connection refused
</error>
  </testcase>
  <testcase name="evalShaShouldFail[org.springframework.data.redis.connection.lettuce.StandaloneConnectionProvider@719edb69]" classname="org.springframework.data.redis.connection.lettuce.LettuceReactiveScriptingCommandsTests" time="0.001">
    <error message="Unable to connect to 127.0.0.1:6379" type="io.lettuce.core.RedisConnectionException">io.lettuce.core.RedisConnectionException: Unable to connect to 127.0.0.1:6379
Caused by: io.netty.channel.AbstractChannel$AnnotatedConnectException: syscall:getsockopt(..) failed: Connection refused: /127.0.0.1:6379
Caused by: io.netty.channel.unix.Errors$NativeConnectException: syscall:getsockopt(..) failed: Connection refused
</error>
  </testcase>
  <testcase name="scriptExistsShouldReturnState[org.springframework.data.redis.connection.lettuce.StandaloneConnectionProvider@719edb69]" classname="org.springframework.data.redis.connection.lettuce.LettuceReactiveScriptingCommandsTests" time="0">
    <error message="Unable to connect to 127.0.0.1:6379" type="io.lettuce.core.RedisConnectionException">io.lettuce.core.RedisConnectionException: Unable to connect to 127.0.0.1:6379
Caused by: io.netty.channel.AbstractChannel$AnnotatedConnectException: syscall:getsockopt(..) failed: Connection refused: /127.0.0.1:6379
Caused by: io.netty.channel.unix.Errors$NativeConnectException: syscall:getsockopt(..) failed: Connection refused
</error>
  </testcase>
  <testcase name="scriptExistsShouldReturnState[org.springframework.data.redis.connection.lettuce.StandaloneConnectionProvider@719edb69]" classname="org.springframework.data.redis.connection.lettuce.LettuceReactiveScriptingCommandsTests" time="0.013">
    <error message="Unable to connect to 127.0.0.1:6379" type="io.lettuce.core.RedisConnectionException">io.lettuce.core.RedisConnectionException: Unable to connect to 127.0.0.1:6379
Caused by: io.netty.channel.AbstractChannel$AnnotatedConnectException: syscall:getsockopt(..) failed: Connection refused: /127.0.0.1:6379
Caused by: io.netty.channel.unix.Errors$NativeConnectException: syscall:getsockopt(..) failed: Connection refused
</error>
  </testcase>
  <testcase name="evalShouldReturnStatus[org.springframework.data.redis.connection.lettuce.StandaloneConnectionProvider@719edb69]" classname="org.springframework.data.redis.connection.lettuce.LettuceReactiveScriptingCommandsTests" time="0">
    <error message="Unable to connect to 127.0.0.1:6379" type="io.lettuce.core.RedisConnectionException">io.lettuce.core.RedisConnectionException: Unable to connect to 127.0.0.1:6379
Caused by: io.netty.channel.AbstractChannel$AnnotatedConnectException: syscall:getsockopt(..) failed: Connection refused: /127.0.0.1:6379
Caused by: io.netty.channel.unix.Errors$NativeConnectException: syscall:getsockopt(..) failed: Connection refused
</error>
  </testcase>
  <testcase name="evalShouldReturnStatus[org.springframework.data.redis.connection.lettuce.StandaloneConnectionProvider@719edb69]" classname="org.springframework.data.redis.connection.lettuce.LettuceReactiveScriptingCommandsTests" time="0">
    <error message="Unable to connect to 127.0.0.1:6379" type="io.lettuce.core.RedisConnectionException">io.lettuce.core.RedisConnectionException: Unable to connect to 127.0.0.1:6379
Caused by: io.netty.channel.AbstractChannel$AnnotatedConnectException: syscall:getsockopt(..) failed: Connection refused: /127.0.0.1:6379
Caused by: io.netty.channel.unix.Errors$NativeConnectException: syscall:getsockopt(..) failed: Connection refused
</error>
  </testcase>
</testsuite>