<?xml version="1.0" encoding="UTF-8"?>
<testsuite xmlns:xsi="http://www.w3.org/2001/XMLSchema-instance" xsi:schemaLocation="https://maven.apache.org/surefire/maven-surefire-plugin/xsd/surefire-test-report.xsd" name="org.springframework.data.redis.support.collections.RedisSetTests" time="0.091" tests="330" errors="330" skipped="0" failures="0">
  <properties>
    <property name="java.runtime.name" value="OpenJDK Runtime Environment"/>
    <property name="sun.boot.library.path" value="/usr/lib/jvm/java-8-openjdk-amd64/jre/lib/amd64"/>
    <property name="java.vm.version" value="25.121-b13"/>
    <property name="java.vm.vendor" value="Oracle Corporation"/>
    <property name="maven.multiModuleProjectDirectory" value="/root/workspace/spring-projects/spring-data-redis/388703425"/>
    <property name="java.vendor.url" value="http://java.oracle.com/"/>
    <property name="path.separator" value=":"/>
    <property name="guice.disable.misplaced.annotation.check" value="true"/>
    <property name="skip.gulp" value="true"/>
    <property name="java.vm.name" value="OpenJDK 64-Bit Server VM"/>
    <property name="file.encoding.pkg" value="sun.io"/>
    <property name="sun.java.launcher" value="SUN_STANDARD"/>
    <property name="sun.os.patch.level" value="unknown"/>
    <property name="findbugs.skip" value="true"/>
    <property name="java.vm.specification.name" value="Java Virtual Machine Specification"/>
    <property name="user.dir" value="/root/workspace/spring-projects/spring-data-redis/388703425"/>
    <property name="checkstyle.skip" value="true"/>
    <property name="java.runtime.version" value="1.8.0_121-8u121-b13-1~bpo8+1-b13"/>
    <property name="java.awt.graphicsenv" value="sun.awt.X11GraphicsEnvironment"/>
    <property name="skip.npm" value="true"/>
    <property name="java.endorsed.dirs" value="/usr/lib/jvm/java-8-openjdk-amd64/jre/lib/endorsed"/>
    <property name="os.arch" value="amd64"/>
    <property name="java.io.tmpdir" value="/tmp"/>
    <property name="gpg.skip" value="true"/>
    <property name="line.separator" value="&#10;"/>
    <property name="java.vm.specification.vendor" value="Oracle Corporation"/>
    <property name="cobertura.skip" value="true"/>
    <property name="os.name" value="Linux"/>
    <property name="classworlds.conf" value="/usr/share/maven/bin/m2.conf"/>
    <property name="sun.jnu.encoding" value="UTF-8"/>
    <property name="java.library.path" value="/usr/java/packages/lib/amd64:/usr/lib/x86_64-linux-gnu/jni:/lib/x86_64-linux-gnu:/usr/lib/x86_64-linux-gnu:/usr/lib/jni:/lib:/usr/lib"/>
    <property name="license.skip" value="true"/>
    <property name="java.specification.name" value="Java Platform API Specification"/>
    <property name="java.class.version" value="52.0"/>
    <property name="sun.management.compiler" value="HotSpot 64-Bit Tiered Compilers"/>
    <property name="skip.bower" value="true"/>
    <property name="maven.repo.local" value="/root/./workspace/spring-projects/spring-data-redis/388703425/.m2"/>
    <property name="os.version" value="3.10.0-862.3.2.el7.x86_64"/>
    <property name="user.home" value="/root"/>
    <property name="user.timezone" value="Europe/Paris"/>
    <property name="java.awt.printerjob" value="sun.print.PSPrinterJob"/>
    <property name="java.specification.version" value="1.8"/>
    <property name="file.encoding" value="UTF-8"/>
    <property name="user.name" value="root"/>
    <property name="java.class.path" value="/usr/share/maven/boot/plexus-classworlds-2.5.2.jar"/>
    <property name="skipITs" value="true"/>
    <property name="java.vm.specification.version" value="1.8"/>
    <property name="sun.arch.data.model" value="64"/>
    <property name="java.home" value="/usr/lib/jvm/java-8-openjdk-amd64/jre"/>
    <property name="sun.java.command" value="org.codehaus.plexus.classworlds.launcher.Launcher -B -D enforcer.skip=true -D dependency-check.skip=true -D skipITs=true -D cobertura.skip=true -D maven.repo.local=/root/./workspace/spring-projects/spring-data-redis/388703425/.m2 -D rat.skip=true -D findbugs.skip=true -D skip.bower=true -D gpg.skip=true -D checkstyle.skip=true -D skip.gulp=true -D license.skip=true -D skip.npm=true test"/>
    <property name="java.specification.vendor" value="Oracle Corporation"/>
    <property name="user.language" value="en"/>
    <property name="awt.toolkit" value="sun.awt.X11.XToolkit"/>
    <property name="dependency-check.skip" value="true"/>
    <property name="java.vm.info" value="mixed mode"/>
    <property name="java.version" value="1.8.0_121"/>
    <property name="java.ext.dirs" value="/usr/lib/jvm/java-8-openjdk-amd64/jre/lib/ext:/usr/java/packages/lib/ext"/>
    <property name="securerandom.source" value="file:/dev/./urandom"/>
    <property name="sun.boot.class.path" value="/usr/lib/jvm/java-8-openjdk-amd64/jre/lib/resources.jar:/usr/lib/jvm/java-8-openjdk-amd64/jre/lib/rt.jar:/usr/lib/jvm/java-8-openjdk-amd64/jre/lib/sunrsasign.jar:/usr/lib/jvm/java-8-openjdk-amd64/jre/lib/jsse.jar:/usr/lib/jvm/java-8-openjdk-amd64/jre/lib/jce.jar:/usr/lib/jvm/java-8-openjdk-amd64/jre/lib/charsets.jar:/usr/lib/jvm/java-8-openjdk-amd64/jre/lib/jfr.jar:/usr/lib/jvm/java-8-openjdk-amd64/jre/classes"/>
    <property name="java.vendor" value="Oracle Corporation"/>
    <property name="enforcer.skip" value="true"/>
    <property name="rat.skip" value="true"/>
    <property name="maven.home" value="/usr/share/maven"/>
    <property name="file.separator" value="/"/>
    <property name="java.vendor.url.bug" value="http://bugreport.sun.com/bugreport/"/>
    <property name="sun.cpu.endian" value="little"/>
    <property name="sun.io.unicode.encoding" value="UnicodeLittle"/>
    <property name="sun.cpu.isalist" value=""/>
  </properties>
  <testcase name="testDiffAndStore[0]" classname="org.springframework.data.redis.support.collections.RedisSetTests" time="0">
    <error message="Could not initialize class org.springframework.data.redis.test.util.MinimumRedisVersionRule" type="java.lang.NoClassDefFoundError"><![CDATA[java.lang.NoClassDefFoundError: Could not initialize class org.springframework.data.redis.test.util.MinimumRedisVersionRule
	at org.springframework.data.redis.support.collections.RedisSetTests.<init>(RedisSetTests.java:38)
]]></error>
  </testcase>
  <testcase name="testToArray[0]" classname="org.springframework.data.redis.support.collections.RedisSetTests" time="0">
    <error message="Could not initialize class org.springframework.data.redis.test.util.MinimumRedisVersionRule" type="java.lang.NoClassDefFoundError"><![CDATA[java.lang.NoClassDefFoundError: Could not initialize class org.springframework.data.redis.test.util.MinimumRedisVersionRule
	at org.springframework.data.redis.support.collections.RedisSetTests.<init>(RedisSetTests.java:38)
]]></error>
  </testcase>
  <testcase name="testUnion[0]" classname="org.springframework.data.redis.support.collections.RedisSetTests" time="0">
    <error message="Could not initialize class org.springframework.data.redis.test.util.MinimumRedisVersionRule" type="java.lang.NoClassDefFoundError"><![CDATA[java.lang.NoClassDefFoundError: Could not initialize class org.springframework.data.redis.test.util.MinimumRedisVersionRule
	at org.springframework.data.redis.support.collections.RedisSetTests.<init>(RedisSetTests.java:38)
]]></error>
  </testcase>
  <testcase name="testDiff[0]" classname="org.springframework.data.redis.support.collections.RedisSetTests" time="0">
    <error message="Could not initialize class org.springframework.data.redis.test.util.MinimumRedisVersionRule" type="java.lang.NoClassDefFoundError"><![CDATA[java.lang.NoClassDefFoundError: Could not initialize class org.springframework.data.redis.test.util.MinimumRedisVersionRule
	at org.springframework.data.redis.support.collections.RedisSetTests.<init>(RedisSetTests.java:38)
]]></error>
  </testcase>
  <testcase name="testScanWorksCorrectly[0]" classname="org.springframework.data.redis.support.collections.RedisSetTests" time="0">
    <error message="Could not initialize class org.springframework.data.redis.test.util.MinimumRedisVersionRule" type="java.lang.NoClassDefFoundError"><![CDATA[java.lang.NoClassDefFoundError: Could not initialize class org.springframework.data.redis.test.util.MinimumRedisVersionRule
	at org.springframework.data.redis.support.collections.RedisSetTests.<init>(RedisSetTests.java:38)
]]></error>
  </testcase>
  <testcase name="testUnionAndStore[0]" classname="org.springframework.data.redis.support.collections.RedisSetTests" time="0">
    <error message="Could not initialize class org.springframework.data.redis.test.util.MinimumRedisVersionRule" type="java.lang.NoClassDefFoundError"><![CDATA[java.lang.NoClassDefFoundError: Could not initialize class org.springframework.data.redis.test.util.MinimumRedisVersionRule
	at org.springframework.data.redis.support.collections.RedisSetTests.<init>(RedisSetTests.java:38)
]]></error>
  </testcase>
  <testcase name="testIntersect[0]" classname="org.springframework.data.redis.support.collections.RedisSetTests" time="0">
    <error message="Could not initialize class org.springframework.data.redis.test.util.MinimumRedisVersionRule" type="java.lang.NoClassDefFoundError"><![CDATA[java.lang.NoClassDefFoundError: Could not initialize class org.springframework.data.redis.test.util.MinimumRedisVersionRule
	at org.springframework.data.redis.support.collections.RedisSetTests.<init>(RedisSetTests.java:38)
]]></error>
  </testcase>
  <testcase name="testToArrayWithGenerics[0]" classname="org.springframework.data.redis.support.collections.RedisSetTests" time="0">
    <error message="Could not initialize class org.springframework.data.redis.test.util.MinimumRedisVersionRule" type="java.lang.NoClassDefFoundError"><![CDATA[java.lang.NoClassDefFoundError: Could not initialize class org.springframework.data.redis.test.util.MinimumRedisVersionRule
	at org.springframework.data.redis.support.collections.RedisSetTests.<init>(RedisSetTests.java:38)
]]></error>
  </testcase>
  <testcase name="testIterator[0]" classname="org.springframework.data.redis.support.collections.RedisSetTests" time="0">
    <error message="Could not initialize class org.springframework.data.redis.test.util.MinimumRedisVersionRule" type="java.lang.NoClassDefFoundError"><![CDATA[java.lang.NoClassDefFoundError: Could not initialize class org.springframework.data.redis.test.util.MinimumRedisVersionRule
	at org.springframework.data.redis.support.collections.RedisSetTests.<init>(RedisSetTests.java:38)
]]></error>
  </testcase>
  <testcase name="testContainsObject[0]" classname="org.springframework.data.redis.support.collections.RedisSetTests" time="0">
    <error message="Could not initialize class org.springframework.data.redis.test.util.MinimumRedisVersionRule" type="java.lang.NoClassDefFoundError"><![CDATA[java.lang.NoClassDefFoundError: Could not initialize class org.springframework.data.redis.test.util.MinimumRedisVersionRule
	at org.springframework.data.redis.support.collections.RedisSetTests.<init>(RedisSetTests.java:38)
]]></error>
  </testcase>
  <testcase name="testAdd[0]" classname="org.springframework.data.redis.support.collections.RedisSetTests" time="0">
    <error message="Could not initialize class org.springframework.data.redis.test.util.MinimumRedisVersionRule" type="java.lang.NoClassDefFoundError"><![CDATA[java.lang.NoClassDefFoundError: Could not initialize class org.springframework.data.redis.test.util.MinimumRedisVersionRule
	at org.springframework.data.redis.support.collections.RedisSetTests.<init>(RedisSetTests.java:38)
]]></error>
  </testcase>
  <testcase name="testClear[0]" classname="org.springframework.data.redis.support.collections.RedisSetTests" time="0">
    <error message="Could not initialize class org.springframework.data.redis.test.util.MinimumRedisVersionRule" type="java.lang.NoClassDefFoundError"><![CDATA[java.lang.NoClassDefFoundError: Could not initialize class org.springframework.data.redis.test.util.MinimumRedisVersionRule
	at org.springframework.data.redis.support.collections.RedisSetTests.<init>(RedisSetTests.java:38)
]]></error>
  </testcase>
  <testcase name="testSize[0]" classname="org.springframework.data.redis.support.collections.RedisSetTests" time="0">
    <error message="Could not initialize class org.springframework.data.redis.test.util.MinimumRedisVersionRule" type="java.lang.NoClassDefFoundError"><![CDATA[java.lang.NoClassDefFoundError: Could not initialize class org.springframework.data.redis.test.util.MinimumRedisVersionRule
	at org.springframework.data.redis.support.collections.RedisSetTests.<init>(RedisSetTests.java:38)
]]></error>
  </testcase>
  <testcase name="testToString[0]" classname="org.springframework.data.redis.support.collections.RedisSetTests" time="0">
    <error message="Could not initialize class org.springframework.data.redis.test.util.MinimumRedisVersionRule" type="java.lang.NoClassDefFoundError"><![CDATA[java.lang.NoClassDefFoundError: Could not initialize class org.springframework.data.redis.test.util.MinimumRedisVersionRule
	at org.springframework.data.redis.support.collections.RedisSetTests.<init>(RedisSetTests.java:38)
]]></error>
  </testcase>
  <testcase name="testContainsAll[0]" classname="org.springframework.data.redis.support.collections.RedisSetTests" time="0">
    <error message="Could not initialize class org.springframework.data.redis.test.util.MinimumRedisVersionRule" type="java.lang.NoClassDefFoundError"><![CDATA[java.lang.NoClassDefFoundError: Could not initialize class org.springframework.data.redis.test.util.MinimumRedisVersionRule
	at org.springframework.data.redis.support.collections.RedisSetTests.<init>(RedisSetTests.java:38)
]]></error>
  </testcase>
  <testcase name="testRemoveObject[0]" classname="org.springframework.data.redis.support.collections.RedisSetTests" time="0">
    <error message="Could not initialize class org.springframework.data.redis.test.util.MinimumRedisVersionRule" type="java.lang.NoClassDefFoundError"><![CDATA[java.lang.NoClassDefFoundError: Could not initialize class org.springframework.data.redis.test.util.MinimumRedisVersionRule
	at org.springframework.data.redis.support.collections.RedisSetTests.<init>(RedisSetTests.java:38)
]]></error>
  </testcase>
  <testcase name="testHashCode[0]" classname="org.springframework.data.redis.support.collections.RedisSetTests" time="0">
    <error message="Could not initialize class org.springframework.data.redis.test.util.MinimumRedisVersionRule" type="java.lang.NoClassDefFoundError"><![CDATA[java.lang.NoClassDefFoundError: Could not initialize class org.springframework.data.redis.test.util.MinimumRedisVersionRule
	at org.springframework.data.redis.support.collections.RedisSetTests.<init>(RedisSetTests.java:38)
]]></error>
  </testcase>
  <testcase name="testAddAll[0]" classname="org.springframework.data.redis.support.collections.RedisSetTests" time="0">
    <error message="Could not initialize class org.springframework.data.redis.test.util.MinimumRedisVersionRule" type="java.lang.NoClassDefFoundError"><![CDATA[java.lang.NoClassDefFoundError: Could not initialize class org.springframework.data.redis.test.util.MinimumRedisVersionRule
	at org.springframework.data.redis.support.collections.RedisSetTests.<init>(RedisSetTests.java:38)
]]></error>
  </testcase>
  <testcase name="removeAll[0]" classname="org.springframework.data.redis.support.collections.RedisSetTests" time="0">
    <error message="Could not initialize class org.springframework.data.redis.test.util.MinimumRedisVersionRule" type="java.lang.NoClassDefFoundError"><![CDATA[java.lang.NoClassDefFoundError: Could not initialize class org.springframework.data.redis.test.util.MinimumRedisVersionRule
	at org.springframework.data.redis.support.collections.RedisSetTests.<init>(RedisSetTests.java:38)
]]></error>
  </testcase>
  <testcase name="testEquals[0]" classname="org.springframework.data.redis.support.collections.RedisSetTests" time="0">
    <error message="Could not initialize class org.springframework.data.redis.test.util.MinimumRedisVersionRule" type="java.lang.NoClassDefFoundError"><![CDATA[java.lang.NoClassDefFoundError: Could not initialize class org.springframework.data.redis.test.util.MinimumRedisVersionRule
	at org.springframework.data.redis.support.collections.RedisSetTests.<init>(RedisSetTests.java:38)
]]></error>
  </testcase>
  <testcase name="testGetKey[0]" classname="org.springframework.data.redis.support.collections.RedisSetTests" time="0">
    <error message="Could not initialize class org.springframework.data.redis.test.util.MinimumRedisVersionRule" type="java.lang.NoClassDefFoundError"><![CDATA[java.lang.NoClassDefFoundError: Could not initialize class org.springframework.data.redis.test.util.MinimumRedisVersionRule
	at org.springframework.data.redis.support.collections.RedisSetTests.<init>(RedisSetTests.java:38)
]]></error>
  </testcase>
  <testcase name="testIsEmpty[0]" classname="org.springframework.data.redis.support.collections.RedisSetTests" time="0">
    <error message="Could not initialize class org.springframework.data.redis.test.util.MinimumRedisVersionRule" type="java.lang.NoClassDefFoundError"><![CDATA[java.lang.NoClassDefFoundError: Could not initialize class org.springframework.data.redis.test.util.MinimumRedisVersionRule
	at org.springframework.data.redis.support.collections.RedisSetTests.<init>(RedisSetTests.java:38)
]]></error>
  </testcase>
  <testcase name="testDiffAndStore[1]" classname="org.springframework.data.redis.support.collections.RedisSetTests" time="0">
    <error message="Could not initialize class org.springframework.data.redis.test.util.MinimumRedisVersionRule" type="java.lang.NoClassDefFoundError"><![CDATA[java.lang.NoClassDefFoundError: Could not initialize class org.springframework.data.redis.test.util.MinimumRedisVersionRule
	at org.springframework.data.redis.support.collections.RedisSetTests.<init>(RedisSetTests.java:38)
]]></error>
  </testcase>
  <testcase name="testToArray[1]" classname="org.springframework.data.redis.support.collections.RedisSetTests" time="0">
    <error message="Could not initialize class org.springframework.data.redis.test.util.MinimumRedisVersionRule" type="java.lang.NoClassDefFoundError"><![CDATA[java.lang.NoClassDefFoundError: Could not initialize class org.springframework.data.redis.test.util.MinimumRedisVersionRule
	at org.springframework.data.redis.support.collections.RedisSetTests.<init>(RedisSetTests.java:38)
]]></error>
  </testcase>
  <testcase name="testUnion[1]" classname="org.springframework.data.redis.support.collections.RedisSetTests" time="0">
    <error message="Could not initialize class org.springframework.data.redis.test.util.MinimumRedisVersionRule" type="java.lang.NoClassDefFoundError"><![CDATA[java.lang.NoClassDefFoundError: Could not initialize class org.springframework.data.redis.test.util.MinimumRedisVersionRule
	at org.springframework.data.redis.support.collections.RedisSetTests.<init>(RedisSetTests.java:38)
]]></error>
  </testcase>
  <testcase name="testDiff[1]" classname="org.springframework.data.redis.support.collections.RedisSetTests" time="0">
    <error message="Could not initialize class org.springframework.data.redis.test.util.MinimumRedisVersionRule" type="java.lang.NoClassDefFoundError"><![CDATA[java.lang.NoClassDefFoundError: Could not initialize class org.springframework.data.redis.test.util.MinimumRedisVersionRule
	at org.springframework.data.redis.support.collections.RedisSetTests.<init>(RedisSetTests.java:38)
]]></error>
  </testcase>
  <testcase name="testScanWorksCorrectly[1]" classname="org.springframework.data.redis.support.collections.RedisSetTests" time="0">
    <error message="Could not initialize class org.springframework.data.redis.test.util.MinimumRedisVersionRule" type="java.lang.NoClassDefFoundError"><![CDATA[java.lang.NoClassDefFoundError: Could not initialize class org.springframework.data.redis.test.util.MinimumRedisVersionRule
	at org.springframework.data.redis.support.collections.RedisSetTests.<init>(RedisSetTests.java:38)
]]></error>
  </testcase>
  <testcase name="testUnionAndStore[1]" classname="org.springframework.data.redis.support.collections.RedisSetTests" time="0">
    <error message="Could not initialize class org.springframework.data.redis.test.util.MinimumRedisVersionRule" type="java.lang.NoClassDefFoundError"><![CDATA[java.lang.NoClassDefFoundError: Could not initialize class org.springframework.data.redis.test.util.MinimumRedisVersionRule
	at org.springframework.data.redis.support.collections.RedisSetTests.<init>(RedisSetTests.java:38)
]]></error>
  </testcase>
  <testcase name="testIntersect[1]" classname="org.springframework.data.redis.support.collections.RedisSetTests" time="0">
    <error message="Could not initialize class org.springframework.data.redis.test.util.MinimumRedisVersionRule" type="java.lang.NoClassDefFoundError"><![CDATA[java.lang.NoClassDefFoundError: Could not initialize class org.springframework.data.redis.test.util.MinimumRedisVersionRule
	at org.springframework.data.redis.support.collections.RedisSetTests.<init>(RedisSetTests.java:38)
]]></error>
  </testcase>
  <testcase name="testToArrayWithGenerics[1]" classname="org.springframework.data.redis.support.collections.RedisSetTests" time="0">
    <error message="Could not initialize class org.springframework.data.redis.test.util.MinimumRedisVersionRule" type="java.lang.NoClassDefFoundError"><![CDATA[java.lang.NoClassDefFoundError: Could not initialize class org.springframework.data.redis.test.util.MinimumRedisVersionRule
	at org.springframework.data.redis.support.collections.RedisSetTests.<init>(RedisSetTests.java:38)
]]></error>
  </testcase>
  <testcase name="testIterator[1]" classname="org.springframework.data.redis.support.collections.RedisSetTests" time="0">
    <error message="Could not initialize class org.springframework.data.redis.test.util.MinimumRedisVersionRule" type="java.lang.NoClassDefFoundError"><![CDATA[java.lang.NoClassDefFoundError: Could not initialize class org.springframework.data.redis.test.util.MinimumRedisVersionRule
	at org.springframework.data.redis.support.collections.RedisSetTests.<init>(RedisSetTests.java:38)
]]></error>
  </testcase>
  <testcase name="testContainsObject[1]" classname="org.springframework.data.redis.support.collections.RedisSetTests" time="0">
    <error message="Could not initialize class org.springframework.data.redis.test.util.MinimumRedisVersionRule" type="java.lang.NoClassDefFoundError"><![CDATA[java.lang.NoClassDefFoundError: Could not initialize class org.springframework.data.redis.test.util.MinimumRedisVersionRule
	at org.springframework.data.redis.support.collections.RedisSetTests.<init>(RedisSetTests.java:38)
]]></error>
  </testcase>
  <testcase name="testAdd[1]" classname="org.springframework.data.redis.support.collections.RedisSetTests" time="0">
    <error message="Could not initialize class org.springframework.data.redis.test.util.MinimumRedisVersionRule" type="java.lang.NoClassDefFoundError"><![CDATA[java.lang.NoClassDefFoundError: Could not initialize class org.springframework.data.redis.test.util.MinimumRedisVersionRule
	at org.springframework.data.redis.support.collections.RedisSetTests.<init>(RedisSetTests.java:38)
]]></error>
  </testcase>
  <testcase name="testClear[1]" classname="org.springframework.data.redis.support.collections.RedisSetTests" time="0">
    <error message="Could not initialize class org.springframework.data.redis.test.util.MinimumRedisVersionRule" type="java.lang.NoClassDefFoundError"><![CDATA[java.lang.NoClassDefFoundError: Could not initialize class org.springframework.data.redis.test.util.MinimumRedisVersionRule
	at org.springframework.data.redis.support.collections.RedisSetTests.<init>(RedisSetTests.java:38)
]]></error>
  </testcase>
  <testcase name="testSize[1]" classname="org.springframework.data.redis.support.collections.RedisSetTests" time="0">
    <error message="Could not initialize class org.springframework.data.redis.test.util.MinimumRedisVersionRule" type="java.lang.NoClassDefFoundError"><![CDATA[java.lang.NoClassDefFoundError: Could not initialize class org.springframework.data.redis.test.util.MinimumRedisVersionRule
	at org.springframework.data.redis.support.collections.RedisSetTests.<init>(RedisSetTests.java:38)
]]></error>
  </testcase>
  <testcase name="testToString[1]" classname="org.springframework.data.redis.support.collections.RedisSetTests" time="0">
    <error message="Could not initialize class org.springframework.data.redis.test.util.MinimumRedisVersionRule" type="java.lang.NoClassDefFoundError"><![CDATA[java.lang.NoClassDefFoundError: Could not initialize class org.springframework.data.redis.test.util.MinimumRedisVersionRule
	at org.springframework.data.redis.support.collections.RedisSetTests.<init>(RedisSetTests.java:38)
]]></error>
  </testcase>
  <testcase name="testContainsAll[1]" classname="org.springframework.data.redis.support.collections.RedisSetTests" time="0">
    <error message="Could not initialize class org.springframework.data.redis.test.util.MinimumRedisVersionRule" type="java.lang.NoClassDefFoundError"><![CDATA[java.lang.NoClassDefFoundError: Could not initialize class org.springframework.data.redis.test.util.MinimumRedisVersionRule
	at org.springframework.data.redis.support.collections.RedisSetTests.<init>(RedisSetTests.java:38)
]]></error>
  </testcase>
  <testcase name="testRemoveObject[1]" classname="org.springframework.data.redis.support.collections.RedisSetTests" time="0">
    <error message="Could not initialize class org.springframework.data.redis.test.util.MinimumRedisVersionRule" type="java.lang.NoClassDefFoundError"><![CDATA[java.lang.NoClassDefFoundError: Could not initialize class org.springframework.data.redis.test.util.MinimumRedisVersionRule
	at org.springframework.data.redis.support.collections.RedisSetTests.<init>(RedisSetTests.java:38)
]]></error>
  </testcase>
  <testcase name="testHashCode[1]" classname="org.springframework.data.redis.support.collections.RedisSetTests" time="0">
    <error message="Could not initialize class org.springframework.data.redis.test.util.MinimumRedisVersionRule" type="java.lang.NoClassDefFoundError"><![CDATA[java.lang.NoClassDefFoundError: Could not initialize class org.springframework.data.redis.test.util.MinimumRedisVersionRule
	at org.springframework.data.redis.support.collections.RedisSetTests.<init>(RedisSetTests.java:38)
]]></error>
  </testcase>
  <testcase name="testAddAll[1]" classname="org.springframework.data.redis.support.collections.RedisSetTests" time="0">
    <error message="Could not initialize class org.springframework.data.redis.test.util.MinimumRedisVersionRule" type="java.lang.NoClassDefFoundError"><![CDATA[java.lang.NoClassDefFoundError: Could not initialize class org.springframework.data.redis.test.util.MinimumRedisVersionRule
	at org.springframework.data.redis.support.collections.RedisSetTests.<init>(RedisSetTests.java:38)
]]></error>
  </testcase>
  <testcase name="removeAll[1]" classname="org.springframework.data.redis.support.collections.RedisSetTests" time="0">
    <error message="Could not initialize class org.springframework.data.redis.test.util.MinimumRedisVersionRule" type="java.lang.NoClassDefFoundError"><![CDATA[java.lang.NoClassDefFoundError: Could not initialize class org.springframework.data.redis.test.util.MinimumRedisVersionRule
	at org.springframework.data.redis.support.collections.RedisSetTests.<init>(RedisSetTests.java:38)
]]></error>
  </testcase>
  <testcase name="testEquals[1]" classname="org.springframework.data.redis.support.collections.RedisSetTests" time="0">
    <error message="Could not initialize class org.springframework.data.redis.test.util.MinimumRedisVersionRule" type="java.lang.NoClassDefFoundError"><![CDATA[java.lang.NoClassDefFoundError: Could not initialize class org.springframework.data.redis.test.util.MinimumRedisVersionRule
	at org.springframework.data.redis.support.collections.RedisSetTests.<init>(RedisSetTests.java:38)
]]></error>
  </testcase>
  <testcase name="testGetKey[1]" classname="org.springframework.data.redis.support.collections.RedisSetTests" time="0">
    <error message="Could not initialize class org.springframework.data.redis.test.util.MinimumRedisVersionRule" type="java.lang.NoClassDefFoundError"><![CDATA[java.lang.NoClassDefFoundError: Could not initialize class org.springframework.data.redis.test.util.MinimumRedisVersionRule
	at org.springframework.data.redis.support.collections.RedisSetTests.<init>(RedisSetTests.java:38)
]]></error>
  </testcase>
  <testcase name="testIsEmpty[1]" classname="org.springframework.data.redis.support.collections.RedisSetTests" time="0">
    <error message="Could not initialize class org.springframework.data.redis.test.util.MinimumRedisVersionRule" type="java.lang.NoClassDefFoundError"><![CDATA[java.lang.NoClassDefFoundError: Could not initialize class org.springframework.data.redis.test.util.MinimumRedisVersionRule
	at org.springframework.data.redis.support.collections.RedisSetTests.<init>(RedisSetTests.java:38)
]]></error>
  </testcase>
  <testcase name="testDiffAndStore[2]" classname="org.springframework.data.redis.support.collections.RedisSetTests" time="0">
    <error message="Could not initialize class org.springframework.data.redis.test.util.MinimumRedisVersionRule" type="java.lang.NoClassDefFoundError"><![CDATA[java.lang.NoClassDefFoundError: Could not initialize class org.springframework.data.redis.test.util.MinimumRedisVersionRule
	at org.springframework.data.redis.support.collections.RedisSetTests.<init>(RedisSetTests.java:38)
]]></error>
  </testcase>
  <testcase name="testToArray[2]" classname="org.springframework.data.redis.support.collections.RedisSetTests" time="0">
    <error message="Could not initialize class org.springframework.data.redis.test.util.MinimumRedisVersionRule" type="java.lang.NoClassDefFoundError"><![CDATA[java.lang.NoClassDefFoundError: Could not initialize class org.springframework.data.redis.test.util.MinimumRedisVersionRule
	at org.springframework.data.redis.support.collections.RedisSetTests.<init>(RedisSetTests.java:38)
]]></error>
  </testcase>
  <testcase name="testUnion[2]" classname="org.springframework.data.redis.support.collections.RedisSetTests" time="0">
    <error message="Could not initialize class org.springframework.data.redis.test.util.MinimumRedisVersionRule" type="java.lang.NoClassDefFoundError"><![CDATA[java.lang.NoClassDefFoundError: Could not initialize class org.springframework.data.redis.test.util.MinimumRedisVersionRule
	at org.springframework.data.redis.support.collections.RedisSetTests.<init>(RedisSetTests.java:38)
]]></error>
  </testcase>
  <testcase name="testDiff[2]" classname="org.springframework.data.redis.support.collections.RedisSetTests" time="0">
    <error message="Could not initialize class org.springframework.data.redis.test.util.MinimumRedisVersionRule" type="java.lang.NoClassDefFoundError"><![CDATA[java.lang.NoClassDefFoundError: Could not initialize class org.springframework.data.redis.test.util.MinimumRedisVersionRule
	at org.springframework.data.redis.support.collections.RedisSetTests.<init>(RedisSetTests.java:38)
]]></error>
  </testcase>
  <testcase name="testScanWorksCorrectly[2]" classname="org.springframework.data.redis.support.collections.RedisSetTests" time="0.001">
    <error message="Could not initialize class org.springframework.data.redis.test.util.MinimumRedisVersionRule" type="java.lang.NoClassDefFoundError"><![CDATA[java.lang.NoClassDefFoundError: Could not initialize class org.springframework.data.redis.test.util.MinimumRedisVersionRule
	at org.springframework.data.redis.support.collections.RedisSetTests.<init>(RedisSetTests.java:38)
]]></error>
  </testcase>
  <testcase name="testUnionAndStore[2]" classname="org.springframework.data.redis.support.collections.RedisSetTests" time="0">
    <error message="Could not initialize class org.springframework.data.redis.test.util.MinimumRedisVersionRule" type="java.lang.NoClassDefFoundError"><![CDATA[java.lang.NoClassDefFoundError: Could not initialize class org.springframework.data.redis.test.util.MinimumRedisVersionRule
	at org.springframework.data.redis.support.collections.RedisSetTests.<init>(RedisSetTests.java:38)
]]></error>
  </testcase>
  <testcase name="testIntersect[2]" classname="org.springframework.data.redis.support.collections.RedisSetTests" time="0">
    <error message="Could not initialize class org.springframework.data.redis.test.util.MinimumRedisVersionRule" type="java.lang.NoClassDefFoundError"><![CDATA[java.lang.NoClassDefFoundError: Could not initialize class org.springframework.data.redis.test.util.MinimumRedisVersionRule
	at org.springframework.data.redis.support.collections.RedisSetTests.<init>(RedisSetTests.java:38)
]]></error>
  </testcase>
  <testcase name="testToArrayWithGenerics[2]" classname="org.springframework.data.redis.support.collections.RedisSetTests" time="0">
    <error message="Could not initialize class org.springframework.data.redis.test.util.MinimumRedisVersionRule" type="java.lang.NoClassDefFoundError"><![CDATA[java.lang.NoClassDefFoundError: Could not initialize class org.springframework.data.redis.test.util.MinimumRedisVersionRule
	at org.springframework.data.redis.support.collections.RedisSetTests.<init>(RedisSetTests.java:38)
]]></error>
  </testcase>
  <testcase name="testIterator[2]" classname="org.springframework.data.redis.support.collections.RedisSetTests" time="0">
    <error message="Could not initialize class org.springframework.data.redis.test.util.MinimumRedisVersionRule" type="java.lang.NoClassDefFoundError"><![CDATA[java.lang.NoClassDefFoundError: Could not initialize class org.springframework.data.redis.test.util.MinimumRedisVersionRule
	at org.springframework.data.redis.support.collections.RedisSetTests.<init>(RedisSetTests.java:38)
]]></error>
  </testcase>
  <testcase name="testContainsObject[2]" classname="org.springframework.data.redis.support.collections.RedisSetTests" time="0">
    <error message="Could not initialize class org.springframework.data.redis.test.util.MinimumRedisVersionRule" type="java.lang.NoClassDefFoundError"><![CDATA[java.lang.NoClassDefFoundError: Could not initialize class org.springframework.data.redis.test.util.MinimumRedisVersionRule
	at org.springframework.data.redis.support.collections.RedisSetTests.<init>(RedisSetTests.java:38)
]]></error>
  </testcase>
  <testcase name="testAdd[2]" classname="org.springframework.data.redis.support.collections.RedisSetTests" time="0">
    <error message="Could not initialize class org.springframework.data.redis.test.util.MinimumRedisVersionRule" type="java.lang.NoClassDefFoundError"><![CDATA[java.lang.NoClassDefFoundError: Could not initialize class org.springframework.data.redis.test.util.MinimumRedisVersionRule
	at org.springframework.data.redis.support.collections.RedisSetTests.<init>(RedisSetTests.java:38)
]]></error>
  </testcase>
  <testcase name="testClear[2]" classname="org.springframework.data.redis.support.collections.RedisSetTests" time="0">
    <error message="Could not initialize class org.springframework.data.redis.test.util.MinimumRedisVersionRule" type="java.lang.NoClassDefFoundError"><![CDATA[java.lang.NoClassDefFoundError: Could not initialize class org.springframework.data.redis.test.util.MinimumRedisVersionRule
	at org.springframework.data.redis.support.collections.RedisSetTests.<init>(RedisSetTests.java:38)
]]></error>
  </testcase>
  <testcase name="testSize[2]" classname="org.springframework.data.redis.support.collections.RedisSetTests" time="0">
    <error message="Could not initialize class org.springframework.data.redis.test.util.MinimumRedisVersionRule" type="java.lang.NoClassDefFoundError"><![CDATA[java.lang.NoClassDefFoundError: Could not initialize class org.springframework.data.redis.test.util.MinimumRedisVersionRule
	at org.springframework.data.redis.support.collections.RedisSetTests.<init>(RedisSetTests.java:38)
]]></error>
  </testcase>
  <testcase name="testToString[2]" classname="org.springframework.data.redis.support.collections.RedisSetTests" time="0">
    <error message="Could not initialize class org.springframework.data.redis.test.util.MinimumRedisVersionRule" type="java.lang.NoClassDefFoundError"><![CDATA[java.lang.NoClassDefFoundError: Could not initialize class org.springframework.data.redis.test.util.MinimumRedisVersionRule
	at org.springframework.data.redis.support.collections.RedisSetTests.<init>(RedisSetTests.java:38)
]]></error>
  </testcase>
  <testcase name="testContainsAll[2]" classname="org.springframework.data.redis.support.collections.RedisSetTests" time="0">
    <error message="Could not initialize class org.springframework.data.redis.test.util.MinimumRedisVersionRule" type="java.lang.NoClassDefFoundError"><![CDATA[java.lang.NoClassDefFoundError: Could not initialize class org.springframework.data.redis.test.util.MinimumRedisVersionRule
	at org.springframework.data.redis.support.collections.RedisSetTests.<init>(RedisSetTests.java:38)
]]></error>
  </testcase>
  <testcase name="testRemoveObject[2]" classname="org.springframework.data.redis.support.collections.RedisSetTests" time="0">
    <error message="Could not initialize class org.springframework.data.redis.test.util.MinimumRedisVersionRule" type="java.lang.NoClassDefFoundError"><![CDATA[java.lang.NoClassDefFoundError: Could not initialize class org.springframework.data.redis.test.util.MinimumRedisVersionRule
	at org.springframework.data.redis.support.collections.RedisSetTests.<init>(RedisSetTests.java:38)
]]></error>
  </testcase>
  <testcase name="testHashCode[2]" classname="org.springframework.data.redis.support.collections.RedisSetTests" time="0">
    <error message="Could not initialize class org.springframework.data.redis.test.util.MinimumRedisVersionRule" type="java.lang.NoClassDefFoundError"><![CDATA[java.lang.NoClassDefFoundError: Could not initialize class org.springframework.data.redis.test.util.MinimumRedisVersionRule
	at org.springframework.data.redis.support.collections.RedisSetTests.<init>(RedisSetTests.java:38)
]]></error>
  </testcase>
  <testcase name="testAddAll[2]" classname="org.springframework.data.redis.support.collections.RedisSetTests" time="0">
    <error message="Could not initialize class org.springframework.data.redis.test.util.MinimumRedisVersionRule" type="java.lang.NoClassDefFoundError"><![CDATA[java.lang.NoClassDefFoundError: Could not initialize class org.springframework.data.redis.test.util.MinimumRedisVersionRule
	at org.springframework.data.redis.support.collections.RedisSetTests.<init>(RedisSetTests.java:38)
]]></error>
  </testcase>
  <testcase name="removeAll[2]" classname="org.springframework.data.redis.support.collections.RedisSetTests" time="0">
    <error message="Could not initialize class org.springframework.data.redis.test.util.MinimumRedisVersionRule" type="java.lang.NoClassDefFoundError"><![CDATA[java.lang.NoClassDefFoundError: Could not initialize class org.springframework.data.redis.test.util.MinimumRedisVersionRule
	at org.springframework.data.redis.support.collections.RedisSetTests.<init>(RedisSetTests.java:38)
]]></error>
  </testcase>
  <testcase name="testEquals[2]" classname="org.springframework.data.redis.support.collections.RedisSetTests" time="0">
    <error message="Could not initialize class org.springframework.data.redis.test.util.MinimumRedisVersionRule" type="java.lang.NoClassDefFoundError"><![CDATA[java.lang.NoClassDefFoundError: Could not initialize class org.springframework.data.redis.test.util.MinimumRedisVersionRule
	at org.springframework.data.redis.support.collections.RedisSetTests.<init>(RedisSetTests.java:38)
]]></error>
  </testcase>
  <testcase name="testGetKey[2]" classname="org.springframework.data.redis.support.collections.RedisSetTests" time="0">
    <error message="Could not initialize class org.springframework.data.redis.test.util.MinimumRedisVersionRule" type="java.lang.NoClassDefFoundError"><![CDATA[java.lang.NoClassDefFoundError: Could not initialize class org.springframework.data.redis.test.util.MinimumRedisVersionRule
	at org.springframework.data.redis.support.collections.RedisSetTests.<init>(RedisSetTests.java:38)
]]></error>
  </testcase>
  <testcase name="testIsEmpty[2]" classname="org.springframework.data.redis.support.collections.RedisSetTests" time="0">
    <error message="Could not initialize class org.springframework.data.redis.test.util.MinimumRedisVersionRule" type="java.lang.NoClassDefFoundError"><![CDATA[java.lang.NoClassDefFoundError: Could not initialize class org.springframework.data.redis.test.util.MinimumRedisVersionRule
	at org.springframework.data.redis.support.collections.RedisSetTests.<init>(RedisSetTests.java:38)
]]></error>
  </testcase>
  <testcase name="testDiffAndStore[3]" classname="org.springframework.data.redis.support.collections.RedisSetTests" time="0">
    <error message="Could not initialize class org.springframework.data.redis.test.util.MinimumRedisVersionRule" type="java.lang.NoClassDefFoundError"><![CDATA[java.lang.NoClassDefFoundError: Could not initialize class org.springframework.data.redis.test.util.MinimumRedisVersionRule
	at org.springframework.data.redis.support.collections.RedisSetTests.<init>(RedisSetTests.java:38)
]]></error>
  </testcase>
  <testcase name="testToArray[3]" classname="org.springframework.data.redis.support.collections.RedisSetTests" time="0">
    <error message="Could not initialize class org.springframework.data.redis.test.util.MinimumRedisVersionRule" type="java.lang.NoClassDefFoundError"><![CDATA[java.lang.NoClassDefFoundError: Could not initialize class org.springframework.data.redis.test.util.MinimumRedisVersionRule
	at org.springframework.data.redis.support.collections.RedisSetTests.<init>(RedisSetTests.java:38)
]]></error>
  </testcase>
  <testcase name="testUnion[3]" classname="org.springframework.data.redis.support.collections.RedisSetTests" time="0">
    <error message="Could not initialize class org.springframework.data.redis.test.util.MinimumRedisVersionRule" type="java.lang.NoClassDefFoundError"><![CDATA[java.lang.NoClassDefFoundError: Could not initialize class org.springframework.data.redis.test.util.MinimumRedisVersionRule
	at org.springframework.data.redis.support.collections.RedisSetTests.<init>(RedisSetTests.java:38)
]]></error>
  </testcase>
  <testcase name="testDiff[3]" classname="org.springframework.data.redis.support.collections.RedisSetTests" time="0">
    <error message="Could not initialize class org.springframework.data.redis.test.util.MinimumRedisVersionRule" type="java.lang.NoClassDefFoundError"><![CDATA[java.lang.NoClassDefFoundError: Could not initialize class org.springframework.data.redis.test.util.MinimumRedisVersionRule
	at org.springframework.data.redis.support.collections.RedisSetTests.<init>(RedisSetTests.java:38)
]]></error>
  </testcase>
  <testcase name="testScanWorksCorrectly[3]" classname="org.springframework.data.redis.support.collections.RedisSetTests" time="0">
    <error message="Could not initialize class org.springframework.data.redis.test.util.MinimumRedisVersionRule" type="java.lang.NoClassDefFoundError"><![CDATA[java.lang.NoClassDefFoundError: Could not initialize class org.springframework.data.redis.test.util.MinimumRedisVersionRule
	at org.springframework.data.redis.support.collections.RedisSetTests.<init>(RedisSetTests.java:38)
]]></error>
  </testcase>
  <testcase name="testUnionAndStore[3]" classname="org.springframework.data.redis.support.collections.RedisSetTests" time="0">
    <error message="Could not initialize class org.springframework.data.redis.test.util.MinimumRedisVersionRule" type="java.lang.NoClassDefFoundError"><![CDATA[java.lang.NoClassDefFoundError: Could not initialize class org.springframework.data.redis.test.util.MinimumRedisVersionRule
	at org.springframework.data.redis.support.collections.RedisSetTests.<init>(RedisSetTests.java:38)
]]></error>
  </testcase>
  <testcase name="testIntersect[3]" classname="org.springframework.data.redis.support.collections.RedisSetTests" time="0">
    <error message="Could not initialize class org.springframework.data.redis.test.util.MinimumRedisVersionRule" type="java.lang.NoClassDefFoundError"><![CDATA[java.lang.NoClassDefFoundError: Could not initialize class org.springframework.data.redis.test.util.MinimumRedisVersionRule
	at org.springframework.data.redis.support.collections.RedisSetTests.<init>(RedisSetTests.java:38)
]]></error>
  </testcase>
  <testcase name="testToArrayWithGenerics[3]" classname="org.springframework.data.redis.support.collections.RedisSetTests" time="0">
    <error message="Could not initialize class org.springframework.data.redis.test.util.MinimumRedisVersionRule" type="java.lang.NoClassDefFoundError"><![CDATA[java.lang.NoClassDefFoundError: Could not initialize class org.springframework.data.redis.test.util.MinimumRedisVersionRule
	at org.springframework.data.redis.support.collections.RedisSetTests.<init>(RedisSetTests.java:38)
]]></error>
  </testcase>
  <testcase name="testIterator[3]" classname="org.springframework.data.redis.support.collections.RedisSetTests" time="0">
    <error message="Could not initialize class org.springframework.data.redis.test.util.MinimumRedisVersionRule" type="java.lang.NoClassDefFoundError"><![CDATA[java.lang.NoClassDefFoundError: Could not initialize class org.springframework.data.redis.test.util.MinimumRedisVersionRule
	at org.springframework.data.redis.support.collections.RedisSetTests.<init>(RedisSetTests.java:38)
]]></error>
  </testcase>
  <testcase name="testContainsObject[3]" classname="org.springframework.data.redis.support.collections.RedisSetTests" time="0">
    <error message="Could not initialize class org.springframework.data.redis.test.util.MinimumRedisVersionRule" type="java.lang.NoClassDefFoundError"><![CDATA[java.lang.NoClassDefFoundError: Could not initialize class org.springframework.data.redis.test.util.MinimumRedisVersionRule
	at org.springframework.data.redis.support.collections.RedisSetTests.<init>(RedisSetTests.java:38)
]]></error>
  </testcase>
  <testcase name="testAdd[3]" classname="org.springframework.data.redis.support.collections.RedisSetTests" time="0">
    <error message="Could not initialize class org.springframework.data.redis.test.util.MinimumRedisVersionRule" type="java.lang.NoClassDefFoundError"><![CDATA[java.lang.NoClassDefFoundError: Could not initialize class org.springframework.data.redis.test.util.MinimumRedisVersionRule
	at org.springframework.data.redis.support.collections.RedisSetTests.<init>(RedisSetTests.java:38)
]]></error>
  </testcase>
  <testcase name="testClear[3]" classname="org.springframework.data.redis.support.collections.RedisSetTests" time="0">
    <error message="Could not initialize class org.springframework.data.redis.test.util.MinimumRedisVersionRule" type="java.lang.NoClassDefFoundError"><![CDATA[java.lang.NoClassDefFoundError: Could not initialize class org.springframework.data.redis.test.util.MinimumRedisVersionRule
	at org.springframework.data.redis.support.collections.RedisSetTests.<init>(RedisSetTests.java:38)
]]></error>
  </testcase>
  <testcase name="testSize[3]" classname="org.springframework.data.redis.support.collections.RedisSetTests" time="0">
    <error message="Could not initialize class org.springframework.data.redis.test.util.MinimumRedisVersionRule" type="java.lang.NoClassDefFoundError"><![CDATA[java.lang.NoClassDefFoundError: Could not initialize class org.springframework.data.redis.test.util.MinimumRedisVersionRule
	at org.springframework.data.redis.support.collections.RedisSetTests.<init>(RedisSetTests.java:38)
]]></error>
  </testcase>
  <testcase name="testToString[3]" classname="org.springframework.data.redis.support.collections.RedisSetTests" time="0">
    <error message="Could not initialize class org.springframework.data.redis.test.util.MinimumRedisVersionRule" type="java.lang.NoClassDefFoundError"><![CDATA[java.lang.NoClassDefFoundError: Could not initialize class org.springframework.data.redis.test.util.MinimumRedisVersionRule
	at org.springframework.data.redis.support.collections.RedisSetTests.<init>(RedisSetTests.java:38)
]]></error>
  </testcase>
  <testcase name="testContainsAll[3]" classname="org.springframework.data.redis.support.collections.RedisSetTests" time="0">
    <error message="Could not initialize class org.springframework.data.redis.test.util.MinimumRedisVersionRule" type="java.lang.NoClassDefFoundError"><![CDATA[java.lang.NoClassDefFoundError: Could not initialize class org.springframework.data.redis.test.util.MinimumRedisVersionRule
	at org.springframework.data.redis.support.collections.RedisSetTests.<init>(RedisSetTests.java:38)
]]></error>
  </testcase>
  <testcase name="testRemoveObject[3]" classname="org.springframework.data.redis.support.collections.RedisSetTests" time="0">
    <error message="Could not initialize class org.springframework.data.redis.test.util.MinimumRedisVersionRule" type="java.lang.NoClassDefFoundError"><![CDATA[java.lang.NoClassDefFoundError: Could not initialize class org.springframework.data.redis.test.util.MinimumRedisVersionRule
	at org.springframework.data.redis.support.collections.RedisSetTests.<init>(RedisSetTests.java:38)
]]></error>
  </testcase>
  <testcase name="testHashCode[3]" classname="org.springframework.data.redis.support.collections.RedisSetTests" time="0">
    <error message="Could not initialize class org.springframework.data.redis.test.util.MinimumRedisVersionRule" type="java.lang.NoClassDefFoundError"><![CDATA[java.lang.NoClassDefFoundError: Could not initialize class org.springframework.data.redis.test.util.MinimumRedisVersionRule
	at org.springframework.data.redis.support.collections.RedisSetTests.<init>(RedisSetTests.java:38)
]]></error>
  </testcase>
  <testcase name="testAddAll[3]" classname="org.springframework.data.redis.support.collections.RedisSetTests" time="0">
    <error message="Could not initialize class org.springframework.data.redis.test.util.MinimumRedisVersionRule" type="java.lang.NoClassDefFoundError"><![CDATA[java.lang.NoClassDefFoundError: Could not initialize class org.springframework.data.redis.test.util.MinimumRedisVersionRule
	at org.springframework.data.redis.support.collections.RedisSetTests.<init>(RedisSetTests.java:38)
]]></error>
  </testcase>
  <testcase name="removeAll[3]" classname="org.springframework.data.redis.support.collections.RedisSetTests" time="0">
    <error message="Could not initialize class org.springframework.data.redis.test.util.MinimumRedisVersionRule" type="java.lang.NoClassDefFoundError"><![CDATA[java.lang.NoClassDefFoundError: Could not initialize class org.springframework.data.redis.test.util.MinimumRedisVersionRule
	at org.springframework.data.redis.support.collections.RedisSetTests.<init>(RedisSetTests.java:38)
]]></error>
  </testcase>
  <testcase name="testEquals[3]" classname="org.springframework.data.redis.support.collections.RedisSetTests" time="0">
    <error message="Could not initialize class org.springframework.data.redis.test.util.MinimumRedisVersionRule" type="java.lang.NoClassDefFoundError"><![CDATA[java.lang.NoClassDefFoundError: Could not initialize class org.springframework.data.redis.test.util.MinimumRedisVersionRule
	at org.springframework.data.redis.support.collections.RedisSetTests.<init>(RedisSetTests.java:38)
]]></error>
  </testcase>
  <testcase name="testGetKey[3]" classname="org.springframework.data.redis.support.collections.RedisSetTests" time="0">
    <error message="Could not initialize class org.springframework.data.redis.test.util.MinimumRedisVersionRule" type="java.lang.NoClassDefFoundError"><![CDATA[java.lang.NoClassDefFoundError: Could not initialize class org.springframework.data.redis.test.util.MinimumRedisVersionRule
	at org.springframework.data.redis.support.collections.RedisSetTests.<init>(RedisSetTests.java:38)
]]></error>
  </testcase>
  <testcase name="testIsEmpty[3]" classname="org.springframework.data.redis.support.collections.RedisSetTests" time="0">
    <error message="Could not initialize class org.springframework.data.redis.test.util.MinimumRedisVersionRule" type="java.lang.NoClassDefFoundError"><![CDATA[java.lang.NoClassDefFoundError: Could not initialize class org.springframework.data.redis.test.util.MinimumRedisVersionRule
	at org.springframework.data.redis.support.collections.RedisSetTests.<init>(RedisSetTests.java:38)
]]></error>
  </testcase>
  <testcase name="testDiffAndStore[4]" classname="org.springframework.data.redis.support.collections.RedisSetTests" time="0">
    <error message="Could not initialize class org.springframework.data.redis.test.util.MinimumRedisVersionRule" type="java.lang.NoClassDefFoundError"><![CDATA[java.lang.NoClassDefFoundError: Could not initialize class org.springframework.data.redis.test.util.MinimumRedisVersionRule
	at org.springframework.data.redis.support.collections.RedisSetTests.<init>(RedisSetTests.java:38)
]]></error>
  </testcase>
  <testcase name="testToArray[4]" classname="org.springframework.data.redis.support.collections.RedisSetTests" time="0">
    <error message="Could not initialize class org.springframework.data.redis.test.util.MinimumRedisVersionRule" type="java.lang.NoClassDefFoundError"><![CDATA[java.lang.NoClassDefFoundError: Could not initialize class org.springframework.data.redis.test.util.MinimumRedisVersionRule
	at org.springframework.data.redis.support.collections.RedisSetTests.<init>(RedisSetTests.java:38)
]]></error>
  </testcase>
  <testcase name="testUnion[4]" classname="org.springframework.data.redis.support.collections.RedisSetTests" time="0">
    <error message="Could not initialize class org.springframework.data.redis.test.util.MinimumRedisVersionRule" type="java.lang.NoClassDefFoundError"><![CDATA[java.lang.NoClassDefFoundError: Could not initialize class org.springframework.data.redis.test.util.MinimumRedisVersionRule
	at org.springframework.data.redis.support.collections.RedisSetTests.<init>(RedisSetTests.java:38)
]]></error>
  </testcase>
  <testcase name="testDiff[4]" classname="org.springframework.data.redis.support.collections.RedisSetTests" time="0">
    <error message="Could not initialize class org.springframework.data.redis.test.util.MinimumRedisVersionRule" type="java.lang.NoClassDefFoundError"><![CDATA[java.lang.NoClassDefFoundError: Could not initialize class org.springframework.data.redis.test.util.MinimumRedisVersionRule
	at org.springframework.data.redis.support.collections.RedisSetTests.<init>(RedisSetTests.java:38)
]]></error>
  </testcase>
  <testcase name="testScanWorksCorrectly[4]" classname="org.springframework.data.redis.support.collections.RedisSetTests" time="0">
    <error message="Could not initialize class org.springframework.data.redis.test.util.MinimumRedisVersionRule" type="java.lang.NoClassDefFoundError"><![CDATA[java.lang.NoClassDefFoundError: Could not initialize class org.springframework.data.redis.test.util.MinimumRedisVersionRule
	at org.springframework.data.redis.support.collections.RedisSetTests.<init>(RedisSetTests.java:38)
]]></error>
  </testcase>
  <testcase name="testUnionAndStore[4]" classname="org.springframework.data.redis.support.collections.RedisSetTests" time="0">
    <error message="Could not initialize class org.springframework.data.redis.test.util.MinimumRedisVersionRule" type="java.lang.NoClassDefFoundError"><![CDATA[java.lang.NoClassDefFoundError: Could not initialize class org.springframework.data.redis.test.util.MinimumRedisVersionRule
	at org.springframework.data.redis.support.collections.RedisSetTests.<init>(RedisSetTests.java:38)
]]></error>
  </testcase>
  <testcase name="testIntersect[4]" classname="org.springframework.data.redis.support.collections.RedisSetTests" time="0">
    <error message="Could not initialize class org.springframework.data.redis.test.util.MinimumRedisVersionRule" type="java.lang.NoClassDefFoundError"><![CDATA[java.lang.NoClassDefFoundError: Could not initialize class org.springframework.data.redis.test.util.MinimumRedisVersionRule
	at org.springframework.data.redis.support.collections.RedisSetTests.<init>(RedisSetTests.java:38)
]]></error>
  </testcase>
  <testcase name="testToArrayWithGenerics[4]" classname="org.springframework.data.redis.support.collections.RedisSetTests" time="0">
    <error message="Could not initialize class org.springframework.data.redis.test.util.MinimumRedisVersionRule" type="java.lang.NoClassDefFoundError"><![CDATA[java.lang.NoClassDefFoundError: Could not initialize class org.springframework.data.redis.test.util.MinimumRedisVersionRule
	at org.springframework.data.redis.support.collections.RedisSetTests.<init>(RedisSetTests.java:38)
]]></error>
  </testcase>
  <testcase name="testIterator[4]" classname="org.springframework.data.redis.support.collections.RedisSetTests" time="0">
    <error message="Could not initialize class org.springframework.data.redis.test.util.MinimumRedisVersionRule" type="java.lang.NoClassDefFoundError"><![CDATA[java.lang.NoClassDefFoundError: Could not initialize class org.springframework.data.redis.test.util.MinimumRedisVersionRule
	at org.springframework.data.redis.support.collections.RedisSetTests.<init>(RedisSetTests.java:38)
]]></error>
  </testcase>
  <testcase name="testContainsObject[4]" classname="org.springframework.data.redis.support.collections.RedisSetTests" time="0">
    <error message="Could not initialize class org.springframework.data.redis.test.util.MinimumRedisVersionRule" type="java.lang.NoClassDefFoundError"><![CDATA[java.lang.NoClassDefFoundError: Could not initialize class org.springframework.data.redis.test.util.MinimumRedisVersionRule
	at org.springframework.data.redis.support.collections.RedisSetTests.<init>(RedisSetTests.java:38)
]]></error>
  </testcase>
  <testcase name="testAdd[4]" classname="org.springframework.data.redis.support.collections.RedisSetTests" time="0">
    <error message="Could not initialize class org.springframework.data.redis.test.util.MinimumRedisVersionRule" type="java.lang.NoClassDefFoundError"><![CDATA[java.lang.NoClassDefFoundError: Could not initialize class org.springframework.data.redis.test.util.MinimumRedisVersionRule
	at org.springframework.data.redis.support.collections.RedisSetTests.<init>(RedisSetTests.java:38)
]]></error>
  </testcase>
  <testcase name="testClear[4]" classname="org.springframework.data.redis.support.collections.RedisSetTests" time="0">
    <error message="Could not initialize class org.springframework.data.redis.test.util.MinimumRedisVersionRule" type="java.lang.NoClassDefFoundError"><![CDATA[java.lang.NoClassDefFoundError: Could not initialize class org.springframework.data.redis.test.util.MinimumRedisVersionRule
	at org.springframework.data.redis.support.collections.RedisSetTests.<init>(RedisSetTests.java:38)
]]></error>
  </testcase>
  <testcase name="testSize[4]" classname="org.springframework.data.redis.support.collections.RedisSetTests" time="0">
    <error message="Could not initialize class org.springframework.data.redis.test.util.MinimumRedisVersionRule" type="java.lang.NoClassDefFoundError"><![CDATA[java.lang.NoClassDefFoundError: Could not initialize class org.springframework.data.redis.test.util.MinimumRedisVersionRule
	at org.springframework.data.redis.support.collections.RedisSetTests.<init>(RedisSetTests.java:38)
]]></error>
  </testcase>
  <testcase name="testToString[4]" classname="org.springframework.data.redis.support.collections.RedisSetTests" time="0">
    <error message="Could not initialize class org.springframework.data.redis.test.util.MinimumRedisVersionRule" type="java.lang.NoClassDefFoundError"><![CDATA[java.lang.NoClassDefFoundError: Could not initialize class org.springframework.data.redis.test.util.MinimumRedisVersionRule
	at org.springframework.data.redis.support.collections.RedisSetTests.<init>(RedisSetTests.java:38)
]]></error>
  </testcase>
  <testcase name="testContainsAll[4]" classname="org.springframework.data.redis.support.collections.RedisSetTests" time="0">
    <error message="Could not initialize class org.springframework.data.redis.test.util.MinimumRedisVersionRule" type="java.lang.NoClassDefFoundError"><![CDATA[java.lang.NoClassDefFoundError: Could not initialize class org.springframework.data.redis.test.util.MinimumRedisVersionRule
	at org.springframework.data.redis.support.collections.RedisSetTests.<init>(RedisSetTests.java:38)
]]></error>
  </testcase>
  <testcase name="testRemoveObject[4]" classname="org.springframework.data.redis.support.collections.RedisSetTests" time="0.001">
    <error message="Could not initialize class org.springframework.data.redis.test.util.MinimumRedisVersionRule" type="java.lang.NoClassDefFoundError"><![CDATA[java.lang.NoClassDefFoundError: Could not initialize class org.springframework.data.redis.test.util.MinimumRedisVersionRule
	at org.springframework.data.redis.support.collections.RedisSetTests.<init>(RedisSetTests.java:38)
]]></error>
  </testcase>
  <testcase name="testHashCode[4]" classname="org.springframework.data.redis.support.collections.RedisSetTests" time="0">
    <error message="Could not initialize class org.springframework.data.redis.test.util.MinimumRedisVersionRule" type="java.lang.NoClassDefFoundError"><![CDATA[java.lang.NoClassDefFoundError: Could not initialize class org.springframework.data.redis.test.util.MinimumRedisVersionRule
	at org.springframework.data.redis.support.collections.RedisSetTests.<init>(RedisSetTests.java:38)
]]></error>
  </testcase>
  <testcase name="testAddAll[4]" classname="org.springframework.data.redis.support.collections.RedisSetTests" time="0">
    <error message="Could not initialize class org.springframework.data.redis.test.util.MinimumRedisVersionRule" type="java.lang.NoClassDefFoundError"><![CDATA[java.lang.NoClassDefFoundError: Could not initialize class org.springframework.data.redis.test.util.MinimumRedisVersionRule
	at org.springframework.data.redis.support.collections.RedisSetTests.<init>(RedisSetTests.java:38)
]]></error>
  </testcase>
  <testcase name="removeAll[4]" classname="org.springframework.data.redis.support.collections.RedisSetTests" time="0">
    <error message="Could not initialize class org.springframework.data.redis.test.util.MinimumRedisVersionRule" type="java.lang.NoClassDefFoundError"><![CDATA[java.lang.NoClassDefFoundError: Could not initialize class org.springframework.data.redis.test.util.MinimumRedisVersionRule
	at org.springframework.data.redis.support.collections.RedisSetTests.<init>(RedisSetTests.java:38)
]]></error>
  </testcase>
  <testcase name="testEquals[4]" classname="org.springframework.data.redis.support.collections.RedisSetTests" time="0">
    <error message="Could not initialize class org.springframework.data.redis.test.util.MinimumRedisVersionRule" type="java.lang.NoClassDefFoundError"><![CDATA[java.lang.NoClassDefFoundError: Could not initialize class org.springframework.data.redis.test.util.MinimumRedisVersionRule
	at org.springframework.data.redis.support.collections.RedisSetTests.<init>(RedisSetTests.java:38)
]]></error>
  </testcase>
  <testcase name="testGetKey[4]" classname="org.springframework.data.redis.support.collections.RedisSetTests" time="0">
    <error message="Could not initialize class org.springframework.data.redis.test.util.MinimumRedisVersionRule" type="java.lang.NoClassDefFoundError"><![CDATA[java.lang.NoClassDefFoundError: Could not initialize class org.springframework.data.redis.test.util.MinimumRedisVersionRule
	at org.springframework.data.redis.support.collections.RedisSetTests.<init>(RedisSetTests.java:38)
]]></error>
  </testcase>
  <testcase name="testIsEmpty[4]" classname="org.springframework.data.redis.support.collections.RedisSetTests" time="0">
    <error message="Could not initialize class org.springframework.data.redis.test.util.MinimumRedisVersionRule" type="java.lang.NoClassDefFoundError"><![CDATA[java.lang.NoClassDefFoundError: Could not initialize class org.springframework.data.redis.test.util.MinimumRedisVersionRule
	at org.springframework.data.redis.support.collections.RedisSetTests.<init>(RedisSetTests.java:38)
]]></error>
  </testcase>
  <testcase name="testDiffAndStore[5]" classname="org.springframework.data.redis.support.collections.RedisSetTests" time="0">
    <error message="Could not initialize class org.springframework.data.redis.test.util.MinimumRedisVersionRule" type="java.lang.NoClassDefFoundError"><![CDATA[java.lang.NoClassDefFoundError: Could not initialize class org.springframework.data.redis.test.util.MinimumRedisVersionRule
	at org.springframework.data.redis.support.collections.RedisSetTests.<init>(RedisSetTests.java:38)
]]></error>
  </testcase>
  <testcase name="testToArray[5]" classname="org.springframework.data.redis.support.collections.RedisSetTests" time="0">
    <error message="Could not initialize class org.springframework.data.redis.test.util.MinimumRedisVersionRule" type="java.lang.NoClassDefFoundError"><![CDATA[java.lang.NoClassDefFoundError: Could not initialize class org.springframework.data.redis.test.util.MinimumRedisVersionRule
	at org.springframework.data.redis.support.collections.RedisSetTests.<init>(RedisSetTests.java:38)
]]></error>
  </testcase>
  <testcase name="testUnion[5]" classname="org.springframework.data.redis.support.collections.RedisSetTests" time="0">
    <error message="Could not initialize class org.springframework.data.redis.test.util.MinimumRedisVersionRule" type="java.lang.NoClassDefFoundError"><![CDATA[java.lang.NoClassDefFoundError: Could not initialize class org.springframework.data.redis.test.util.MinimumRedisVersionRule
	at org.springframework.data.redis.support.collections.RedisSetTests.<init>(RedisSetTests.java:38)
]]></error>
  </testcase>
  <testcase name="testDiff[5]" classname="org.springframework.data.redis.support.collections.RedisSetTests" time="0">
    <error message="Could not initialize class org.springframework.data.redis.test.util.MinimumRedisVersionRule" type="java.lang.NoClassDefFoundError"><![CDATA[java.lang.NoClassDefFoundError: Could not initialize class org.springframework.data.redis.test.util.MinimumRedisVersionRule
	at org.springframework.data.redis.support.collections.RedisSetTests.<init>(RedisSetTests.java:38)
]]></error>
  </testcase>
  <testcase name="testScanWorksCorrectly[5]" classname="org.springframework.data.redis.support.collections.RedisSetTests" time="0">
    <error message="Could not initialize class org.springframework.data.redis.test.util.MinimumRedisVersionRule" type="java.lang.NoClassDefFoundError"><![CDATA[java.lang.NoClassDefFoundError: Could not initialize class org.springframework.data.redis.test.util.MinimumRedisVersionRule
	at org.springframework.data.redis.support.collections.RedisSetTests.<init>(RedisSetTests.java:38)
]]></error>
  </testcase>
  <testcase name="testUnionAndStore[5]" classname="org.springframework.data.redis.support.collections.RedisSetTests" time="0">
    <error message="Could not initialize class org.springframework.data.redis.test.util.MinimumRedisVersionRule" type="java.lang.NoClassDefFoundError"><![CDATA[java.lang.NoClassDefFoundError: Could not initialize class org.springframework.data.redis.test.util.MinimumRedisVersionRule
	at org.springframework.data.redis.support.collections.RedisSetTests.<init>(RedisSetTests.java:38)
]]></error>
  </testcase>
  <testcase name="testIntersect[5]" classname="org.springframework.data.redis.support.collections.RedisSetTests" time="0">
    <error message="Could not initialize class org.springframework.data.redis.test.util.MinimumRedisVersionRule" type="java.lang.NoClassDefFoundError"><![CDATA[java.lang.NoClassDefFoundError: Could not initialize class org.springframework.data.redis.test.util.MinimumRedisVersionRule
	at org.springframework.data.redis.support.collections.RedisSetTests.<init>(RedisSetTests.java:38)
]]></error>
  </testcase>
  <testcase name="testToArrayWithGenerics[5]" classname="org.springframework.data.redis.support.collections.RedisSetTests" time="0.001">
    <error message="Could not initialize class org.springframework.data.redis.test.util.MinimumRedisVersionRule" type="java.lang.NoClassDefFoundError"><![CDATA[java.lang.NoClassDefFoundError: Could not initialize class org.springframework.data.redis.test.util.MinimumRedisVersionRule
	at org.springframework.data.redis.support.collections.RedisSetTests.<init>(RedisSetTests.java:38)
]]></error>
  </testcase>
  <testcase name="testIterator[5]" classname="org.springframework.data.redis.support.collections.RedisSetTests" time="0">
    <error message="Could not initialize class org.springframework.data.redis.test.util.MinimumRedisVersionRule" type="java.lang.NoClassDefFoundError"><![CDATA[java.lang.NoClassDefFoundError: Could not initialize class org.springframework.data.redis.test.util.MinimumRedisVersionRule
	at org.springframework.data.redis.support.collections.RedisSetTests.<init>(RedisSetTests.java:38)
]]></error>
  </testcase>
  <testcase name="testContainsObject[5]" classname="org.springframework.data.redis.support.collections.RedisSetTests" time="0">
    <error message="Could not initialize class org.springframework.data.redis.test.util.MinimumRedisVersionRule" type="java.lang.NoClassDefFoundError"><![CDATA[java.lang.NoClassDefFoundError: Could not initialize class org.springframework.data.redis.test.util.MinimumRedisVersionRule
	at org.springframework.data.redis.support.collections.RedisSetTests.<init>(RedisSetTests.java:38)
]]></error>
  </testcase>
  <testcase name="testAdd[5]" classname="org.springframework.data.redis.support.collections.RedisSetTests" time="0">
    <error message="Could not initialize class org.springframework.data.redis.test.util.MinimumRedisVersionRule" type="java.lang.NoClassDefFoundError"><![CDATA[java.lang.NoClassDefFoundError: Could not initialize class org.springframework.data.redis.test.util.MinimumRedisVersionRule
	at org.springframework.data.redis.support.collections.RedisSetTests.<init>(RedisSetTests.java:38)
]]></error>
  </testcase>
  <testcase name="testClear[5]" classname="org.springframework.data.redis.support.collections.RedisSetTests" time="0">
    <error message="Could not initialize class org.springframework.data.redis.test.util.MinimumRedisVersionRule" type="java.lang.NoClassDefFoundError"><![CDATA[java.lang.NoClassDefFoundError: Could not initialize class org.springframework.data.redis.test.util.MinimumRedisVersionRule
	at org.springframework.data.redis.support.collections.RedisSetTests.<init>(RedisSetTests.java:38)
]]></error>
  </testcase>
  <testcase name="testSize[5]" classname="org.springframework.data.redis.support.collections.RedisSetTests" time="0">
    <error message="Could not initialize class org.springframework.data.redis.test.util.MinimumRedisVersionRule" type="java.lang.NoClassDefFoundError"><![CDATA[java.lang.NoClassDefFoundError: Could not initialize class org.springframework.data.redis.test.util.MinimumRedisVersionRule
	at org.springframework.data.redis.support.collections.RedisSetTests.<init>(RedisSetTests.java:38)
]]></error>
  </testcase>
  <testcase name="testToString[5]" classname="org.springframework.data.redis.support.collections.RedisSetTests" time="0">
    <error message="Could not initialize class org.springframework.data.redis.test.util.MinimumRedisVersionRule" type="java.lang.NoClassDefFoundError"><![CDATA[java.lang.NoClassDefFoundError: Could not initialize class org.springframework.data.redis.test.util.MinimumRedisVersionRule
	at org.springframework.data.redis.support.collections.RedisSetTests.<init>(RedisSetTests.java:38)
]]></error>
  </testcase>
  <testcase name="testContainsAll[5]" classname="org.springframework.data.redis.support.collections.RedisSetTests" time="0">
    <error message="Could not initialize class org.springframework.data.redis.test.util.MinimumRedisVersionRule" type="java.lang.NoClassDefFoundError"><![CDATA[java.lang.NoClassDefFoundError: Could not initialize class org.springframework.data.redis.test.util.MinimumRedisVersionRule
	at org.springframework.data.redis.support.collections.RedisSetTests.<init>(RedisSetTests.java:38)
]]></error>
  </testcase>
  <testcase name="testRemoveObject[5]" classname="org.springframework.data.redis.support.collections.RedisSetTests" time="0.001">
    <error message="Could not initialize class org.springframework.data.redis.test.util.MinimumRedisVersionRule" type="java.lang.NoClassDefFoundError"><![CDATA[java.lang.NoClassDefFoundError: Could not initialize class org.springframework.data.redis.test.util.MinimumRedisVersionRule
	at org.springframework.data.redis.support.collections.RedisSetTests.<init>(RedisSetTests.java:38)
]]></error>
  </testcase>
  <testcase name="testHashCode[5]" classname="org.springframework.data.redis.support.collections.RedisSetTests" time="0">
    <error message="Could not initialize class org.springframework.data.redis.test.util.MinimumRedisVersionRule" type="java.lang.NoClassDefFoundError"><![CDATA[java.lang.NoClassDefFoundError: Could not initialize class org.springframework.data.redis.test.util.MinimumRedisVersionRule
	at org.springframework.data.redis.support.collections.RedisSetTests.<init>(RedisSetTests.java:38)
]]></error>
  </testcase>
  <testcase name="testAddAll[5]" classname="org.springframework.data.redis.support.collections.RedisSetTests" time="0">
    <error message="Could not initialize class org.springframework.data.redis.test.util.MinimumRedisVersionRule" type="java.lang.NoClassDefFoundError"><![CDATA[java.lang.NoClassDefFoundError: Could not initialize class org.springframework.data.redis.test.util.MinimumRedisVersionRule
	at org.springframework.data.redis.support.collections.RedisSetTests.<init>(RedisSetTests.java:38)
]]></error>
  </testcase>
  <testcase name="removeAll[5]" classname="org.springframework.data.redis.support.collections.RedisSetTests" time="0">
    <error message="Could not initialize class org.springframework.data.redis.test.util.MinimumRedisVersionRule" type="java.lang.NoClassDefFoundError"><![CDATA[java.lang.NoClassDefFoundError: Could not initialize class org.springframework.data.redis.test.util.MinimumRedisVersionRule
	at org.springframework.data.redis.support.collections.RedisSetTests.<init>(RedisSetTests.java:38)
]]></error>
  </testcase>
  <testcase name="testEquals[5]" classname="org.springframework.data.redis.support.collections.RedisSetTests" time="0">
    <error message="Could not initialize class org.springframework.data.redis.test.util.MinimumRedisVersionRule" type="java.lang.NoClassDefFoundError"><![CDATA[java.lang.NoClassDefFoundError: Could not initialize class org.springframework.data.redis.test.util.MinimumRedisVersionRule
	at org.springframework.data.redis.support.collections.RedisSetTests.<init>(RedisSetTests.java:38)
]]></error>
  </testcase>
  <testcase name="testGetKey[5]" classname="org.springframework.data.redis.support.collections.RedisSetTests" time="0">
    <error message="Could not initialize class org.springframework.data.redis.test.util.MinimumRedisVersionRule" type="java.lang.NoClassDefFoundError"><![CDATA[java.lang.NoClassDefFoundError: Could not initialize class org.springframework.data.redis.test.util.MinimumRedisVersionRule
	at org.springframework.data.redis.support.collections.RedisSetTests.<init>(RedisSetTests.java:38)
]]></error>
  </testcase>
  <testcase name="testIsEmpty[5]" classname="org.springframework.data.redis.support.collections.RedisSetTests" time="0">
    <error message="Could not initialize class org.springframework.data.redis.test.util.MinimumRedisVersionRule" type="java.lang.NoClassDefFoundError"><![CDATA[java.lang.NoClassDefFoundError: Could not initialize class org.springframework.data.redis.test.util.MinimumRedisVersionRule
	at org.springframework.data.redis.support.collections.RedisSetTests.<init>(RedisSetTests.java:38)
]]></error>
  </testcase>
  <testcase name="testDiffAndStore[6]" classname="org.springframework.data.redis.support.collections.RedisSetTests" time="0">
    <error message="Could not initialize class org.springframework.data.redis.test.util.MinimumRedisVersionRule" type="java.lang.NoClassDefFoundError"><![CDATA[java.lang.NoClassDefFoundError: Could not initialize class org.springframework.data.redis.test.util.MinimumRedisVersionRule
	at org.springframework.data.redis.support.collections.RedisSetTests.<init>(RedisSetTests.java:38)
]]></error>
  </testcase>
  <testcase name="testToArray[6]" classname="org.springframework.data.redis.support.collections.RedisSetTests" time="0">
    <error message="Could not initialize class org.springframework.data.redis.test.util.MinimumRedisVersionRule" type="java.lang.NoClassDefFoundError"><![CDATA[java.lang.NoClassDefFoundError: Could not initialize class org.springframework.data.redis.test.util.MinimumRedisVersionRule
	at org.springframework.data.redis.support.collections.RedisSetTests.<init>(RedisSetTests.java:38)
]]></error>
  </testcase>
  <testcase name="testUnion[6]" classname="org.springframework.data.redis.support.collections.RedisSetTests" time="0">
    <error message="Could not initialize class org.springframework.data.redis.test.util.MinimumRedisVersionRule" type="java.lang.NoClassDefFoundError"><![CDATA[java.lang.NoClassDefFoundError: Could not initialize class org.springframework.data.redis.test.util.MinimumRedisVersionRule
	at org.springframework.data.redis.support.collections.RedisSetTests.<init>(RedisSetTests.java:38)
]]></error>
  </testcase>
  <testcase name="testDiff[6]" classname="org.springframework.data.redis.support.collections.RedisSetTests" time="0">
    <error message="Could not initialize class org.springframework.data.redis.test.util.MinimumRedisVersionRule" type="java.lang.NoClassDefFoundError"><![CDATA[java.lang.NoClassDefFoundError: Could not initialize class org.springframework.data.redis.test.util.MinimumRedisVersionRule
	at org.springframework.data.redis.support.collections.RedisSetTests.<init>(RedisSetTests.java:38)
]]></error>
  </testcase>
  <testcase name="testScanWorksCorrectly[6]" classname="org.springframework.data.redis.support.collections.RedisSetTests" time="0">
    <error message="Could not initialize class org.springframework.data.redis.test.util.MinimumRedisVersionRule" type="java.lang.NoClassDefFoundError"><![CDATA[java.lang.NoClassDefFoundError: Could not initialize class org.springframework.data.redis.test.util.MinimumRedisVersionRule
	at org.springframework.data.redis.support.collections.RedisSetTests.<init>(RedisSetTests.java:38)
]]></error>
  </testcase>
  <testcase name="testUnionAndStore[6]" classname="org.springframework.data.redis.support.collections.RedisSetTests" time="0">
    <error message="Could not initialize class org.springframework.data.redis.test.util.MinimumRedisVersionRule" type="java.lang.NoClassDefFoundError"><![CDATA[java.lang.NoClassDefFoundError: Could not initialize class org.springframework.data.redis.test.util.MinimumRedisVersionRule
	at org.springframework.data.redis.support.collections.RedisSetTests.<init>(RedisSetTests.java:38)
]]></error>
  </testcase>
  <testcase name="testIntersect[6]" classname="org.springframework.data.redis.support.collections.RedisSetTests" time="0.001">
    <error message="Could not initialize class org.springframework.data.redis.test.util.MinimumRedisVersionRule" type="java.lang.NoClassDefFoundError"><![CDATA[java.lang.NoClassDefFoundError: Could not initialize class org.springframework.data.redis.test.util.MinimumRedisVersionRule
	at org.springframework.data.redis.support.collections.RedisSetTests.<init>(RedisSetTests.java:38)
]]></error>
  </testcase>
  <testcase name="testToArrayWithGenerics[6]" classname="org.springframework.data.redis.support.collections.RedisSetTests" time="0">
    <error message="Could not initialize class org.springframework.data.redis.test.util.MinimumRedisVersionRule" type="java.lang.NoClassDefFoundError"><![CDATA[java.lang.NoClassDefFoundError: Could not initialize class org.springframework.data.redis.test.util.MinimumRedisVersionRule
	at org.springframework.data.redis.support.collections.RedisSetTests.<init>(RedisSetTests.java:38)
]]></error>
  </testcase>
  <testcase name="testIterator[6]" classname="org.springframework.data.redis.support.collections.RedisSetTests" time="0">
    <error message="Could not initialize class org.springframework.data.redis.test.util.MinimumRedisVersionRule" type="java.lang.NoClassDefFoundError"><![CDATA[java.lang.NoClassDefFoundError: Could not initialize class org.springframework.data.redis.test.util.MinimumRedisVersionRule
	at org.springframework.data.redis.support.collections.RedisSetTests.<init>(RedisSetTests.java:38)
]]></error>
  </testcase>
  <testcase name="testContainsObject[6]" classname="org.springframework.data.redis.support.collections.RedisSetTests" time="0">
    <error message="Could not initialize class org.springframework.data.redis.test.util.MinimumRedisVersionRule" type="java.lang.NoClassDefFoundError"><![CDATA[java.lang.NoClassDefFoundError: Could not initialize class org.springframework.data.redis.test.util.MinimumRedisVersionRule
	at org.springframework.data.redis.support.collections.RedisSetTests.<init>(RedisSetTests.java:38)
]]></error>
  </testcase>
  <testcase name="testAdd[6]" classname="org.springframework.data.redis.support.collections.RedisSetTests" time="0">
    <error message="Could not initialize class org.springframework.data.redis.test.util.MinimumRedisVersionRule" type="java.lang.NoClassDefFoundError"><![CDATA[java.lang.NoClassDefFoundError: Could not initialize class org.springframework.data.redis.test.util.MinimumRedisVersionRule
	at org.springframework.data.redis.support.collections.RedisSetTests.<init>(RedisSetTests.java:38)
]]></error>
  </testcase>
  <testcase name="testClear[6]" classname="org.springframework.data.redis.support.collections.RedisSetTests" time="0">
    <error message="Could not initialize class org.springframework.data.redis.test.util.MinimumRedisVersionRule" type="java.lang.NoClassDefFoundError"><![CDATA[java.lang.NoClassDefFoundError: Could not initialize class org.springframework.data.redis.test.util.MinimumRedisVersionRule
	at org.springframework.data.redis.support.collections.RedisSetTests.<init>(RedisSetTests.java:38)
]]></error>
  </testcase>
  <testcase name="testSize[6]" classname="org.springframework.data.redis.support.collections.RedisSetTests" time="0">
    <error message="Could not initialize class org.springframework.data.redis.test.util.MinimumRedisVersionRule" type="java.lang.NoClassDefFoundError"><![CDATA[java.lang.NoClassDefFoundError: Could not initialize class org.springframework.data.redis.test.util.MinimumRedisVersionRule
	at org.springframework.data.redis.support.collections.RedisSetTests.<init>(RedisSetTests.java:38)
]]></error>
  </testcase>
  <testcase name="testToString[6]" classname="org.springframework.data.redis.support.collections.RedisSetTests" time="0">
    <error message="Could not initialize class org.springframework.data.redis.test.util.MinimumRedisVersionRule" type="java.lang.NoClassDefFoundError"><![CDATA[java.lang.NoClassDefFoundError: Could not initialize class org.springframework.data.redis.test.util.MinimumRedisVersionRule
	at org.springframework.data.redis.support.collections.RedisSetTests.<init>(RedisSetTests.java:38)
]]></error>
  </testcase>
  <testcase name="testContainsAll[6]" classname="org.springframework.data.redis.support.collections.RedisSetTests" time="0.001">
    <error message="Could not initialize class org.springframework.data.redis.test.util.MinimumRedisVersionRule" type="java.lang.NoClassDefFoundError"><![CDATA[java.lang.NoClassDefFoundError: Could not initialize class org.springframework.data.redis.test.util.MinimumRedisVersionRule
	at org.springframework.data.redis.support.collections.RedisSetTests.<init>(RedisSetTests.java:38)
]]></error>
  </testcase>
  <testcase name="testRemoveObject[6]" classname="org.springframework.data.redis.support.collections.RedisSetTests" time="0">
    <error message="Could not initialize class org.springframework.data.redis.test.util.MinimumRedisVersionRule" type="java.lang.NoClassDefFoundError"><![CDATA[java.lang.NoClassDefFoundError: Could not initialize class org.springframework.data.redis.test.util.MinimumRedisVersionRule
	at org.springframework.data.redis.support.collections.RedisSetTests.<init>(RedisSetTests.java:38)
]]></error>
  </testcase>
  <testcase name="testHashCode[6]" classname="org.springframework.data.redis.support.collections.RedisSetTests" time="0">
    <error message="Could not initialize class org.springframework.data.redis.test.util.MinimumRedisVersionRule" type="java.lang.NoClassDefFoundError"><![CDATA[java.lang.NoClassDefFoundError: Could not initialize class org.springframework.data.redis.test.util.MinimumRedisVersionRule
	at org.springframework.data.redis.support.collections.RedisSetTests.<init>(RedisSetTests.java:38)
]]></error>
  </testcase>
  <testcase name="testAddAll[6]" classname="org.springframework.data.redis.support.collections.RedisSetTests" time="0">
    <error message="Could not initialize class org.springframework.data.redis.test.util.MinimumRedisVersionRule" type="java.lang.NoClassDefFoundError"><![CDATA[java.lang.NoClassDefFoundError: Could not initialize class org.springframework.data.redis.test.util.MinimumRedisVersionRule
	at org.springframework.data.redis.support.collections.RedisSetTests.<init>(RedisSetTests.java:38)
]]></error>
  </testcase>
  <testcase name="removeAll[6]" classname="org.springframework.data.redis.support.collections.RedisSetTests" time="0">
    <error message="Could not initialize class org.springframework.data.redis.test.util.MinimumRedisVersionRule" type="java.lang.NoClassDefFoundError"><![CDATA[java.lang.NoClassDefFoundError: Could not initialize class org.springframework.data.redis.test.util.MinimumRedisVersionRule
	at org.springframework.data.redis.support.collections.RedisSetTests.<init>(RedisSetTests.java:38)
]]></error>
  </testcase>
  <testcase name="testEquals[6]" classname="org.springframework.data.redis.support.collections.RedisSetTests" time="0">
    <error message="Could not initialize class org.springframework.data.redis.test.util.MinimumRedisVersionRule" type="java.lang.NoClassDefFoundError"><![CDATA[java.lang.NoClassDefFoundError: Could not initialize class org.springframework.data.redis.test.util.MinimumRedisVersionRule
	at org.springframework.data.redis.support.collections.RedisSetTests.<init>(RedisSetTests.java:38)
]]></error>
  </testcase>
  <testcase name="testGetKey[6]" classname="org.springframework.data.redis.support.collections.RedisSetTests" time="0">
    <error message="Could not initialize class org.springframework.data.redis.test.util.MinimumRedisVersionRule" type="java.lang.NoClassDefFoundError"><![CDATA[java.lang.NoClassDefFoundError: Could not initialize class org.springframework.data.redis.test.util.MinimumRedisVersionRule
	at org.springframework.data.redis.support.collections.RedisSetTests.<init>(RedisSetTests.java:38)
]]></error>
  </testcase>
  <testcase name="testIsEmpty[6]" classname="org.springframework.data.redis.support.collections.RedisSetTests" time="0">
    <error message="Could not initialize class org.springframework.data.redis.test.util.MinimumRedisVersionRule" type="java.lang.NoClassDefFoundError"><![CDATA[java.lang.NoClassDefFoundError: Could not initialize class org.springframework.data.redis.test.util.MinimumRedisVersionRule
	at org.springframework.data.redis.support.collections.RedisSetTests.<init>(RedisSetTests.java:38)
]]></error>
  </testcase>
  <testcase name="testDiffAndStore[7]" classname="org.springframework.data.redis.support.collections.RedisSetTests" time="0.001">
    <error message="Could not initialize class org.springframework.data.redis.test.util.MinimumRedisVersionRule" type="java.lang.NoClassDefFoundError"><![CDATA[java.lang.NoClassDefFoundError: Could not initialize class org.springframework.data.redis.test.util.MinimumRedisVersionRule
	at org.springframework.data.redis.support.collections.RedisSetTests.<init>(RedisSetTests.java:38)
]]></error>
  </testcase>
  <testcase name="testToArray[7]" classname="org.springframework.data.redis.support.collections.RedisSetTests" time="0">
    <error message="Could not initialize class org.springframework.data.redis.test.util.MinimumRedisVersionRule" type="java.lang.NoClassDefFoundError"><![CDATA[java.lang.NoClassDefFoundError: Could not initialize class org.springframework.data.redis.test.util.MinimumRedisVersionRule
	at org.springframework.data.redis.support.collections.RedisSetTests.<init>(RedisSetTests.java:38)
]]></error>
  </testcase>
  <testcase name="testUnion[7]" classname="org.springframework.data.redis.support.collections.RedisSetTests" time="0">
    <error message="Could not initialize class org.springframework.data.redis.test.util.MinimumRedisVersionRule" type="java.lang.NoClassDefFoundError"><![CDATA[java.lang.NoClassDefFoundError: Could not initialize class org.springframework.data.redis.test.util.MinimumRedisVersionRule
	at org.springframework.data.redis.support.collections.RedisSetTests.<init>(RedisSetTests.java:38)
]]></error>
  </testcase>
  <testcase name="testDiff[7]" classname="org.springframework.data.redis.support.collections.RedisSetTests" time="0">
    <error message="Could not initialize class org.springframework.data.redis.test.util.MinimumRedisVersionRule" type="java.lang.NoClassDefFoundError"><![CDATA[java.lang.NoClassDefFoundError: Could not initialize class org.springframework.data.redis.test.util.MinimumRedisVersionRule
	at org.springframework.data.redis.support.collections.RedisSetTests.<init>(RedisSetTests.java:38)
]]></error>
  </testcase>
  <testcase name="testScanWorksCorrectly[7]" classname="org.springframework.data.redis.support.collections.RedisSetTests" time="0">
    <error message="Could not initialize class org.springframework.data.redis.test.util.MinimumRedisVersionRule" type="java.lang.NoClassDefFoundError"><![CDATA[java.lang.NoClassDefFoundError: Could not initialize class org.springframework.data.redis.test.util.MinimumRedisVersionRule
	at org.springframework.data.redis.support.collections.RedisSetTests.<init>(RedisSetTests.java:38)
]]></error>
  </testcase>
  <testcase name="testUnionAndStore[7]" classname="org.springframework.data.redis.support.collections.RedisSetTests" time="0">
    <error message="Could not initialize class org.springframework.data.redis.test.util.MinimumRedisVersionRule" type="java.lang.NoClassDefFoundError"><![CDATA[java.lang.NoClassDefFoundError: Could not initialize class org.springframework.data.redis.test.util.MinimumRedisVersionRule
	at org.springframework.data.redis.support.collections.RedisSetTests.<init>(RedisSetTests.java:38)
]]></error>
  </testcase>
  <testcase name="testIntersect[7]" classname="org.springframework.data.redis.support.collections.RedisSetTests" time="0">
    <error message="Could not initialize class org.springframework.data.redis.test.util.MinimumRedisVersionRule" type="java.lang.NoClassDefFoundError"><![CDATA[java.lang.NoClassDefFoundError: Could not initialize class org.springframework.data.redis.test.util.MinimumRedisVersionRule
	at org.springframework.data.redis.support.collections.RedisSetTests.<init>(RedisSetTests.java:38)
]]></error>
  </testcase>
  <testcase name="testToArrayWithGenerics[7]" classname="org.springframework.data.redis.support.collections.RedisSetTests" time="0">
    <error message="Could not initialize class org.springframework.data.redis.test.util.MinimumRedisVersionRule" type="java.lang.NoClassDefFoundError"><![CDATA[java.lang.NoClassDefFoundError: Could not initialize class org.springframework.data.redis.test.util.MinimumRedisVersionRule
	at org.springframework.data.redis.support.collections.RedisSetTests.<init>(RedisSetTests.java:38)
]]></error>
  </testcase>
  <testcase name="testIterator[7]" classname="org.springframework.data.redis.support.collections.RedisSetTests" time="0.001">
    <error message="Could not initialize class org.springframework.data.redis.test.util.MinimumRedisVersionRule" type="java.lang.NoClassDefFoundError"><![CDATA[java.lang.NoClassDefFoundError: Could not initialize class org.springframework.data.redis.test.util.MinimumRedisVersionRule
	at org.springframework.data.redis.support.collections.RedisSetTests.<init>(RedisSetTests.java:38)
]]></error>
  </testcase>
  <testcase name="testContainsObject[7]" classname="org.springframework.data.redis.support.collections.RedisSetTests" time="0">
    <error message="Could not initialize class org.springframework.data.redis.test.util.MinimumRedisVersionRule" type="java.lang.NoClassDefFoundError"><![CDATA[java.lang.NoClassDefFoundError: Could not initialize class org.springframework.data.redis.test.util.MinimumRedisVersionRule
	at org.springframework.data.redis.support.collections.RedisSetTests.<init>(RedisSetTests.java:38)
]]></error>
  </testcase>
  <testcase name="testAdd[7]" classname="org.springframework.data.redis.support.collections.RedisSetTests" time="0">
    <error message="Could not initialize class org.springframework.data.redis.test.util.MinimumRedisVersionRule" type="java.lang.NoClassDefFoundError"><![CDATA[java.lang.NoClassDefFoundError: Could not initialize class org.springframework.data.redis.test.util.MinimumRedisVersionRule
	at org.springframework.data.redis.support.collections.RedisSetTests.<init>(RedisSetTests.java:38)
]]></error>
  </testcase>
  <testcase name="testClear[7]" classname="org.springframework.data.redis.support.collections.RedisSetTests" time="0">
    <error message="Could not initialize class org.springframework.data.redis.test.util.MinimumRedisVersionRule" type="java.lang.NoClassDefFoundError"><![CDATA[java.lang.NoClassDefFoundError: Could not initialize class org.springframework.data.redis.test.util.MinimumRedisVersionRule
	at org.springframework.data.redis.support.collections.RedisSetTests.<init>(RedisSetTests.java:38)
]]></error>
  </testcase>
  <testcase name="testSize[7]" classname="org.springframework.data.redis.support.collections.RedisSetTests" time="0">
    <error message="Could not initialize class org.springframework.data.redis.test.util.MinimumRedisVersionRule" type="java.lang.NoClassDefFoundError"><![CDATA[java.lang.NoClassDefFoundError: Could not initialize class org.springframework.data.redis.test.util.MinimumRedisVersionRule
	at org.springframework.data.redis.support.collections.RedisSetTests.<init>(RedisSetTests.java:38)
]]></error>
  </testcase>
  <testcase name="testToString[7]" classname="org.springframework.data.redis.support.collections.RedisSetTests" time="0">
    <error message="Could not initialize class org.springframework.data.redis.test.util.MinimumRedisVersionRule" type="java.lang.NoClassDefFoundError"><![CDATA[java.lang.NoClassDefFoundError: Could not initialize class org.springframework.data.redis.test.util.MinimumRedisVersionRule
	at org.springframework.data.redis.support.collections.RedisSetTests.<init>(RedisSetTests.java:38)
]]></error>
  </testcase>
  <testcase name="testContainsAll[7]" classname="org.springframework.data.redis.support.collections.RedisSetTests" time="0">
    <error message="Could not initialize class org.springframework.data.redis.test.util.MinimumRedisVersionRule" type="java.lang.NoClassDefFoundError"><![CDATA[java.lang.NoClassDefFoundError: Could not initialize class org.springframework.data.redis.test.util.MinimumRedisVersionRule
	at org.springframework.data.redis.support.collections.RedisSetTests.<init>(RedisSetTests.java:38)
]]></error>
  </testcase>
  <testcase name="testRemoveObject[7]" classname="org.springframework.data.redis.support.collections.RedisSetTests" time="0">
    <error message="Could not initialize class org.springframework.data.redis.test.util.MinimumRedisVersionRule" type="java.lang.NoClassDefFoundError"><![CDATA[java.lang.NoClassDefFoundError: Could not initialize class org.springframework.data.redis.test.util.MinimumRedisVersionRule
	at org.springframework.data.redis.support.collections.RedisSetTests.<init>(RedisSetTests.java:38)
]]></error>
  </testcase>
  <testcase name="testHashCode[7]" classname="org.springframework.data.redis.support.collections.RedisSetTests" time="0.001">
    <error message="Could not initialize class org.springframework.data.redis.test.util.MinimumRedisVersionRule" type="java.lang.NoClassDefFoundError"><![CDATA[java.lang.NoClassDefFoundError: Could not initialize class org.springframework.data.redis.test.util.MinimumRedisVersionRule
	at org.springframework.data.redis.support.collections.RedisSetTests.<init>(RedisSetTests.java:38)
]]></error>
  </testcase>
  <testcase name="testAddAll[7]" classname="org.springframework.data.redis.support.collections.RedisSetTests" time="0">
    <error message="Could not initialize class org.springframework.data.redis.test.util.MinimumRedisVersionRule" type="java.lang.NoClassDefFoundError"><![CDATA[java.lang.NoClassDefFoundError: Could not initialize class org.springframework.data.redis.test.util.MinimumRedisVersionRule
	at org.springframework.data.redis.support.collections.RedisSetTests.<init>(RedisSetTests.java:38)
]]></error>
  </testcase>
  <testcase name="removeAll[7]" classname="org.springframework.data.redis.support.collections.RedisSetTests" time="0">
    <error message="Could not initialize class org.springframework.data.redis.test.util.MinimumRedisVersionRule" type="java.lang.NoClassDefFoundError"><![CDATA[java.lang.NoClassDefFoundError: Could not initialize class org.springframework.data.redis.test.util.MinimumRedisVersionRule
	at org.springframework.data.redis.support.collections.RedisSetTests.<init>(RedisSetTests.java:38)
]]></error>
  </testcase>
  <testcase name="testEquals[7]" classname="org.springframework.data.redis.support.collections.RedisSetTests" time="0">
    <error message="Could not initialize class org.springframework.data.redis.test.util.MinimumRedisVersionRule" type="java.lang.NoClassDefFoundError"><![CDATA[java.lang.NoClassDefFoundError: Could not initialize class org.springframework.data.redis.test.util.MinimumRedisVersionRule
	at org.springframework.data.redis.support.collections.RedisSetTests.<init>(RedisSetTests.java:38)
]]></error>
  </testcase>
  <testcase name="testGetKey[7]" classname="org.springframework.data.redis.support.collections.RedisSetTests" time="0">
    <error message="Could not initialize class org.springframework.data.redis.test.util.MinimumRedisVersionRule" type="java.lang.NoClassDefFoundError"><![CDATA[java.lang.NoClassDefFoundError: Could not initialize class org.springframework.data.redis.test.util.MinimumRedisVersionRule
	at org.springframework.data.redis.support.collections.RedisSetTests.<init>(RedisSetTests.java:38)
]]></error>
  </testcase>
  <testcase name="testIsEmpty[7]" classname="org.springframework.data.redis.support.collections.RedisSetTests" time="0">
    <error message="Could not initialize class org.springframework.data.redis.test.util.MinimumRedisVersionRule" type="java.lang.NoClassDefFoundError"><![CDATA[java.lang.NoClassDefFoundError: Could not initialize class org.springframework.data.redis.test.util.MinimumRedisVersionRule
	at org.springframework.data.redis.support.collections.RedisSetTests.<init>(RedisSetTests.java:38)
]]></error>
  </testcase>
  <testcase name="testDiffAndStore[8]" classname="org.springframework.data.redis.support.collections.RedisSetTests" time="0">
    <error message="Could not initialize class org.springframework.data.redis.test.util.MinimumRedisVersionRule" type="java.lang.NoClassDefFoundError"><![CDATA[java.lang.NoClassDefFoundError: Could not initialize class org.springframework.data.redis.test.util.MinimumRedisVersionRule
	at org.springframework.data.redis.support.collections.RedisSetTests.<init>(RedisSetTests.java:38)
]]></error>
  </testcase>
  <testcase name="testToArray[8]" classname="org.springframework.data.redis.support.collections.RedisSetTests" time="0">
    <error message="Could not initialize class org.springframework.data.redis.test.util.MinimumRedisVersionRule" type="java.lang.NoClassDefFoundError"><![CDATA[java.lang.NoClassDefFoundError: Could not initialize class org.springframework.data.redis.test.util.MinimumRedisVersionRule
	at org.springframework.data.redis.support.collections.RedisSetTests.<init>(RedisSetTests.java:38)
]]></error>
  </testcase>
  <testcase name="testUnion[8]" classname="org.springframework.data.redis.support.collections.RedisSetTests" time="0">
    <error message="Could not initialize class org.springframework.data.redis.test.util.MinimumRedisVersionRule" type="java.lang.NoClassDefFoundError"><![CDATA[java.lang.NoClassDefFoundError: Could not initialize class org.springframework.data.redis.test.util.MinimumRedisVersionRule
	at org.springframework.data.redis.support.collections.RedisSetTests.<init>(RedisSetTests.java:38)
]]></error>
  </testcase>
  <testcase name="testDiff[8]" classname="org.springframework.data.redis.support.collections.RedisSetTests" time="0">
    <error message="Could not initialize class org.springframework.data.redis.test.util.MinimumRedisVersionRule" type="java.lang.NoClassDefFoundError"><![CDATA[java.lang.NoClassDefFoundError: Could not initialize class org.springframework.data.redis.test.util.MinimumRedisVersionRule
	at org.springframework.data.redis.support.collections.RedisSetTests.<init>(RedisSetTests.java:38)
]]></error>
  </testcase>
  <testcase name="testScanWorksCorrectly[8]" classname="org.springframework.data.redis.support.collections.RedisSetTests" time="0">
    <error message="Could not initialize class org.springframework.data.redis.test.util.MinimumRedisVersionRule" type="java.lang.NoClassDefFoundError"><![CDATA[java.lang.NoClassDefFoundError: Could not initialize class org.springframework.data.redis.test.util.MinimumRedisVersionRule
	at org.springframework.data.redis.support.collections.RedisSetTests.<init>(RedisSetTests.java:38)
]]></error>
  </testcase>
  <testcase name="testUnionAndStore[8]" classname="org.springframework.data.redis.support.collections.RedisSetTests" time="0">
    <error message="Could not initialize class org.springframework.data.redis.test.util.MinimumRedisVersionRule" type="java.lang.NoClassDefFoundError"><![CDATA[java.lang.NoClassDefFoundError: Could not initialize class org.springframework.data.redis.test.util.MinimumRedisVersionRule
	at org.springframework.data.redis.support.collections.RedisSetTests.<init>(RedisSetTests.java:38)
]]></error>
  </testcase>
  <testcase name="testIntersect[8]" classname="org.springframework.data.redis.support.collections.RedisSetTests" time="0">
    <error message="Could not initialize class org.springframework.data.redis.test.util.MinimumRedisVersionRule" type="java.lang.NoClassDefFoundError"><![CDATA[java.lang.NoClassDefFoundError: Could not initialize class org.springframework.data.redis.test.util.MinimumRedisVersionRule
	at org.springframework.data.redis.support.collections.RedisSetTests.<init>(RedisSetTests.java:38)
]]></error>
  </testcase>
  <testcase name="testToArrayWithGenerics[8]" classname="org.springframework.data.redis.support.collections.RedisSetTests" time="0.001">
    <error message="Could not initialize class org.springframework.data.redis.test.util.MinimumRedisVersionRule" type="java.lang.NoClassDefFoundError"><![CDATA[java.lang.NoClassDefFoundError: Could not initialize class org.springframework.data.redis.test.util.MinimumRedisVersionRule
	at org.springframework.data.redis.support.collections.RedisSetTests.<init>(RedisSetTests.java:38)
]]></error>
  </testcase>
  <testcase name="testIterator[8]" classname="org.springframework.data.redis.support.collections.RedisSetTests" time="0">
    <error message="Could not initialize class org.springframework.data.redis.test.util.MinimumRedisVersionRule" type="java.lang.NoClassDefFoundError"><![CDATA[java.lang.NoClassDefFoundError: Could not initialize class org.springframework.data.redis.test.util.MinimumRedisVersionRule
	at org.springframework.data.redis.support.collections.RedisSetTests.<init>(RedisSetTests.java:38)
]]></error>
  </testcase>
  <testcase name="testContainsObject[8]" classname="org.springframework.data.redis.support.collections.RedisSetTests" time="0">
    <error message="Could not initialize class org.springframework.data.redis.test.util.MinimumRedisVersionRule" type="java.lang.NoClassDefFoundError"><![CDATA[java.lang.NoClassDefFoundError: Could not initialize class org.springframework.data.redis.test.util.MinimumRedisVersionRule
	at org.springframework.data.redis.support.collections.RedisSetTests.<init>(RedisSetTests.java:38)
]]></error>
  </testcase>
  <testcase name="testAdd[8]" classname="org.springframework.data.redis.support.collections.RedisSetTests" time="0">
    <error message="Could not initialize class org.springframework.data.redis.test.util.MinimumRedisVersionRule" type="java.lang.NoClassDefFoundError"><![CDATA[java.lang.NoClassDefFoundError: Could not initialize class org.springframework.data.redis.test.util.MinimumRedisVersionRule
	at org.springframework.data.redis.support.collections.RedisSetTests.<init>(RedisSetTests.java:38)
]]></error>
  </testcase>
  <testcase name="testClear[8]" classname="org.springframework.data.redis.support.collections.RedisSetTests" time="0">
    <error message="Could not initialize class org.springframework.data.redis.test.util.MinimumRedisVersionRule" type="java.lang.NoClassDefFoundError"><![CDATA[java.lang.NoClassDefFoundError: Could not initialize class org.springframework.data.redis.test.util.MinimumRedisVersionRule
	at org.springframework.data.redis.support.collections.RedisSetTests.<init>(RedisSetTests.java:38)
]]></error>
  </testcase>
  <testcase name="testSize[8]" classname="org.springframework.data.redis.support.collections.RedisSetTests" time="0">
    <error message="Could not initialize class org.springframework.data.redis.test.util.MinimumRedisVersionRule" type="java.lang.NoClassDefFoundError"><![CDATA[java.lang.NoClassDefFoundError: Could not initialize class org.springframework.data.redis.test.util.MinimumRedisVersionRule
	at org.springframework.data.redis.support.collections.RedisSetTests.<init>(RedisSetTests.java:38)
]]></error>
  </testcase>
  <testcase name="testToString[8]" classname="org.springframework.data.redis.support.collections.RedisSetTests" time="0">
    <error message="Could not initialize class org.springframework.data.redis.test.util.MinimumRedisVersionRule" type="java.lang.NoClassDefFoundError"><![CDATA[java.lang.NoClassDefFoundError: Could not initialize class org.springframework.data.redis.test.util.MinimumRedisVersionRule
	at org.springframework.data.redis.support.collections.RedisSetTests.<init>(RedisSetTests.java:38)
]]></error>
  </testcase>
  <testcase name="testContainsAll[8]" classname="org.springframework.data.redis.support.collections.RedisSetTests" time="0">
    <error message="Could not initialize class org.springframework.data.redis.test.util.MinimumRedisVersionRule" type="java.lang.NoClassDefFoundError"><![CDATA[java.lang.NoClassDefFoundError: Could not initialize class org.springframework.data.redis.test.util.MinimumRedisVersionRule
	at org.springframework.data.redis.support.collections.RedisSetTests.<init>(RedisSetTests.java:38)
]]></error>
  </testcase>
  <testcase name="testRemoveObject[8]" classname="org.springframework.data.redis.support.collections.RedisSetTests" time="0">
    <error message="Could not initialize class org.springframework.data.redis.test.util.MinimumRedisVersionRule" type="java.lang.NoClassDefFoundError"><![CDATA[java.lang.NoClassDefFoundError: Could not initialize class org.springframework.data.redis.test.util.MinimumRedisVersionRule
	at org.springframework.data.redis.support.collections.RedisSetTests.<init>(RedisSetTests.java:38)
]]></error>
  </testcase>
  <testcase name="testHashCode[8]" classname="org.springframework.data.redis.support.collections.RedisSetTests" time="0">
    <error message="Could not initialize class org.springframework.data.redis.test.util.MinimumRedisVersionRule" type="java.lang.NoClassDefFoundError"><![CDATA[java.lang.NoClassDefFoundError: Could not initialize class org.springframework.data.redis.test.util.MinimumRedisVersionRule
	at org.springframework.data.redis.support.collections.RedisSetTests.<init>(RedisSetTests.java:38)
]]></error>
  </testcase>
  <testcase name="testAddAll[8]" classname="org.springframework.data.redis.support.collections.RedisSetTests" time="0">
    <error message="Could not initialize class org.springframework.data.redis.test.util.MinimumRedisVersionRule" type="java.lang.NoClassDefFoundError"><![CDATA[java.lang.NoClassDefFoundError: Could not initialize class org.springframework.data.redis.test.util.MinimumRedisVersionRule
	at org.springframework.data.redis.support.collections.RedisSetTests.<init>(RedisSetTests.java:38)
]]></error>
  </testcase>
  <testcase name="removeAll[8]" classname="org.springframework.data.redis.support.collections.RedisSetTests" time="0.001">
    <error message="Could not initialize class org.springframework.data.redis.test.util.MinimumRedisVersionRule" type="java.lang.NoClassDefFoundError"><![CDATA[java.lang.NoClassDefFoundError: Could not initialize class org.springframework.data.redis.test.util.MinimumRedisVersionRule
	at org.springframework.data.redis.support.collections.RedisSetTests.<init>(RedisSetTests.java:38)
]]></error>
  </testcase>
  <testcase name="testEquals[8]" classname="org.springframework.data.redis.support.collections.RedisSetTests" time="0">
    <error message="Could not initialize class org.springframework.data.redis.test.util.MinimumRedisVersionRule" type="java.lang.NoClassDefFoundError"><![CDATA[java.lang.NoClassDefFoundError: Could not initialize class org.springframework.data.redis.test.util.MinimumRedisVersionRule
	at org.springframework.data.redis.support.collections.RedisSetTests.<init>(RedisSetTests.java:38)
]]></error>
  </testcase>
  <testcase name="testGetKey[8]" classname="org.springframework.data.redis.support.collections.RedisSetTests" time="0">
    <error message="Could not initialize class org.springframework.data.redis.test.util.MinimumRedisVersionRule" type="java.lang.NoClassDefFoundError"><![CDATA[java.lang.NoClassDefFoundError: Could not initialize class org.springframework.data.redis.test.util.MinimumRedisVersionRule
	at org.springframework.data.redis.support.collections.RedisSetTests.<init>(RedisSetTests.java:38)
]]></error>
  </testcase>
  <testcase name="testIsEmpty[8]" classname="org.springframework.data.redis.support.collections.RedisSetTests" time="0">
    <error message="Could not initialize class org.springframework.data.redis.test.util.MinimumRedisVersionRule" type="java.lang.NoClassDefFoundError"><![CDATA[java.lang.NoClassDefFoundError: Could not initialize class org.springframework.data.redis.test.util.MinimumRedisVersionRule
	at org.springframework.data.redis.support.collections.RedisSetTests.<init>(RedisSetTests.java:38)
]]></error>
  </testcase>
  <testcase name="testDiffAndStore[9]" classname="org.springframework.data.redis.support.collections.RedisSetTests" time="0">
    <error message="Could not initialize class org.springframework.data.redis.test.util.MinimumRedisVersionRule" type="java.lang.NoClassDefFoundError"><![CDATA[java.lang.NoClassDefFoundError: Could not initialize class org.springframework.data.redis.test.util.MinimumRedisVersionRule
	at org.springframework.data.redis.support.collections.RedisSetTests.<init>(RedisSetTests.java:38)
]]></error>
  </testcase>
  <testcase name="testToArray[9]" classname="org.springframework.data.redis.support.collections.RedisSetTests" time="0">
    <error message="Could not initialize class org.springframework.data.redis.test.util.MinimumRedisVersionRule" type="java.lang.NoClassDefFoundError"><![CDATA[java.lang.NoClassDefFoundError: Could not initialize class org.springframework.data.redis.test.util.MinimumRedisVersionRule
	at org.springframework.data.redis.support.collections.RedisSetTests.<init>(RedisSetTests.java:38)
]]></error>
  </testcase>
  <testcase name="testUnion[9]" classname="org.springframework.data.redis.support.collections.RedisSetTests" time="0">
    <error message="Could not initialize class org.springframework.data.redis.test.util.MinimumRedisVersionRule" type="java.lang.NoClassDefFoundError"><![CDATA[java.lang.NoClassDefFoundError: Could not initialize class org.springframework.data.redis.test.util.MinimumRedisVersionRule
	at org.springframework.data.redis.support.collections.RedisSetTests.<init>(RedisSetTests.java:38)
]]></error>
  </testcase>
  <testcase name="testDiff[9]" classname="org.springframework.data.redis.support.collections.RedisSetTests" time="0">
    <error message="Could not initialize class org.springframework.data.redis.test.util.MinimumRedisVersionRule" type="java.lang.NoClassDefFoundError"><![CDATA[java.lang.NoClassDefFoundError: Could not initialize class org.springframework.data.redis.test.util.MinimumRedisVersionRule
	at org.springframework.data.redis.support.collections.RedisSetTests.<init>(RedisSetTests.java:38)
]]></error>
  </testcase>
  <testcase name="testScanWorksCorrectly[9]" classname="org.springframework.data.redis.support.collections.RedisSetTests" time="0.001">
    <error message="Could not initialize class org.springframework.data.redis.test.util.MinimumRedisVersionRule" type="java.lang.NoClassDefFoundError"><![CDATA[java.lang.NoClassDefFoundError: Could not initialize class org.springframework.data.redis.test.util.MinimumRedisVersionRule
	at org.springframework.data.redis.support.collections.RedisSetTests.<init>(RedisSetTests.java:38)
]]></error>
  </testcase>
  <testcase name="testUnionAndStore[9]" classname="org.springframework.data.redis.support.collections.RedisSetTests" time="0">
    <error message="Could not initialize class org.springframework.data.redis.test.util.MinimumRedisVersionRule" type="java.lang.NoClassDefFoundError"><![CDATA[java.lang.NoClassDefFoundError: Could not initialize class org.springframework.data.redis.test.util.MinimumRedisVersionRule
	at org.springframework.data.redis.support.collections.RedisSetTests.<init>(RedisSetTests.java:38)
]]></error>
  </testcase>
  <testcase name="testIntersect[9]" classname="org.springframework.data.redis.support.collections.RedisSetTests" time="0">
    <error message="Could not initialize class org.springframework.data.redis.test.util.MinimumRedisVersionRule" type="java.lang.NoClassDefFoundError"><![CDATA[java.lang.NoClassDefFoundError: Could not initialize class org.springframework.data.redis.test.util.MinimumRedisVersionRule
	at org.springframework.data.redis.support.collections.RedisSetTests.<init>(RedisSetTests.java:38)
]]></error>
  </testcase>
  <testcase name="testToArrayWithGenerics[9]" classname="org.springframework.data.redis.support.collections.RedisSetTests" time="0">
    <error message="Could not initialize class org.springframework.data.redis.test.util.MinimumRedisVersionRule" type="java.lang.NoClassDefFoundError"><![CDATA[java.lang.NoClassDefFoundError: Could not initialize class org.springframework.data.redis.test.util.MinimumRedisVersionRule
	at org.springframework.data.redis.support.collections.RedisSetTests.<init>(RedisSetTests.java:38)
]]></error>
  </testcase>
  <testcase name="testIterator[9]" classname="org.springframework.data.redis.support.collections.RedisSetTests" time="0">
    <error message="Could not initialize class org.springframework.data.redis.test.util.MinimumRedisVersionRule" type="java.lang.NoClassDefFoundError"><![CDATA[java.lang.NoClassDefFoundError: Could not initialize class org.springframework.data.redis.test.util.MinimumRedisVersionRule
	at org.springframework.data.redis.support.collections.RedisSetTests.<init>(RedisSetTests.java:38)
]]></error>
  </testcase>
  <testcase name="testContainsObject[9]" classname="org.springframework.data.redis.support.collections.RedisSetTests" time="0">
    <error message="Could not initialize class org.springframework.data.redis.test.util.MinimumRedisVersionRule" type="java.lang.NoClassDefFoundError"><![CDATA[java.lang.NoClassDefFoundError: Could not initialize class org.springframework.data.redis.test.util.MinimumRedisVersionRule
	at org.springframework.data.redis.support.collections.RedisSetTests.<init>(RedisSetTests.java:38)
]]></error>
  </testcase>
  <testcase name="testAdd[9]" classname="org.springframework.data.redis.support.collections.RedisSetTests" time="0">
    <error message="Could not initialize class org.springframework.data.redis.test.util.MinimumRedisVersionRule" type="java.lang.NoClassDefFoundError"><![CDATA[java.lang.NoClassDefFoundError: Could not initialize class org.springframework.data.redis.test.util.MinimumRedisVersionRule
	at org.springframework.data.redis.support.collections.RedisSetTests.<init>(RedisSetTests.java:38)
]]></error>
  </testcase>
  <testcase name="testClear[9]" classname="org.springframework.data.redis.support.collections.RedisSetTests" time="0">
    <error message="Could not initialize class org.springframework.data.redis.test.util.MinimumRedisVersionRule" type="java.lang.NoClassDefFoundError"><![CDATA[java.lang.NoClassDefFoundError: Could not initialize class org.springframework.data.redis.test.util.MinimumRedisVersionRule
	at org.springframework.data.redis.support.collections.RedisSetTests.<init>(RedisSetTests.java:38)
]]></error>
  </testcase>
  <testcase name="testSize[9]" classname="org.springframework.data.redis.support.collections.RedisSetTests" time="0.001">
    <error message="Could not initialize class org.springframework.data.redis.test.util.MinimumRedisVersionRule" type="java.lang.NoClassDefFoundError"><![CDATA[java.lang.NoClassDefFoundError: Could not initialize class org.springframework.data.redis.test.util.MinimumRedisVersionRule
	at org.springframework.data.redis.support.collections.RedisSetTests.<init>(RedisSetTests.java:38)
]]></error>
  </testcase>
  <testcase name="testToString[9]" classname="org.springframework.data.redis.support.collections.RedisSetTests" time="0">
    <error message="Could not initialize class org.springframework.data.redis.test.util.MinimumRedisVersionRule" type="java.lang.NoClassDefFoundError"><![CDATA[java.lang.NoClassDefFoundError: Could not initialize class org.springframework.data.redis.test.util.MinimumRedisVersionRule
	at org.springframework.data.redis.support.collections.RedisSetTests.<init>(RedisSetTests.java:38)
]]></error>
  </testcase>
  <testcase name="testContainsAll[9]" classname="org.springframework.data.redis.support.collections.RedisSetTests" time="0">
    <error message="Could not initialize class org.springframework.data.redis.test.util.MinimumRedisVersionRule" type="java.lang.NoClassDefFoundError"><![CDATA[java.lang.NoClassDefFoundError: Could not initialize class org.springframework.data.redis.test.util.MinimumRedisVersionRule
	at org.springframework.data.redis.support.collections.RedisSetTests.<init>(RedisSetTests.java:38)
]]></error>
  </testcase>
  <testcase name="testRemoveObject[9]" classname="org.springframework.data.redis.support.collections.RedisSetTests" time="0">
    <error message="Could not initialize class org.springframework.data.redis.test.util.MinimumRedisVersionRule" type="java.lang.NoClassDefFoundError"><![CDATA[java.lang.NoClassDefFoundError: Could not initialize class org.springframework.data.redis.test.util.MinimumRedisVersionRule
	at org.springframework.data.redis.support.collections.RedisSetTests.<init>(RedisSetTests.java:38)
]]></error>
  </testcase>
  <testcase name="testHashCode[9]" classname="org.springframework.data.redis.support.collections.RedisSetTests" time="0">
    <error message="Could not initialize class org.springframework.data.redis.test.util.MinimumRedisVersionRule" type="java.lang.NoClassDefFoundError"><![CDATA[java.lang.NoClassDefFoundError: Could not initialize class org.springframework.data.redis.test.util.MinimumRedisVersionRule
	at org.springframework.data.redis.support.collections.RedisSetTests.<init>(RedisSetTests.java:38)
]]></error>
  </testcase>
  <testcase name="testAddAll[9]" classname="org.springframework.data.redis.support.collections.RedisSetTests" time="0">
    <error message="Could not initialize class org.springframework.data.redis.test.util.MinimumRedisVersionRule" type="java.lang.NoClassDefFoundError"><![CDATA[java.lang.NoClassDefFoundError: Could not initialize class org.springframework.data.redis.test.util.MinimumRedisVersionRule
	at org.springframework.data.redis.support.collections.RedisSetTests.<init>(RedisSetTests.java:38)
]]></error>
  </testcase>
  <testcase name="removeAll[9]" classname="org.springframework.data.redis.support.collections.RedisSetTests" time="0">
    <error message="Could not initialize class org.springframework.data.redis.test.util.MinimumRedisVersionRule" type="java.lang.NoClassDefFoundError"><![CDATA[java.lang.NoClassDefFoundError: Could not initialize class org.springframework.data.redis.test.util.MinimumRedisVersionRule
	at org.springframework.data.redis.support.collections.RedisSetTests.<init>(RedisSetTests.java:38)
]]></error>
  </testcase>
  <testcase name="testEquals[9]" classname="org.springframework.data.redis.support.collections.RedisSetTests" time="0">
    <error message="Could not initialize class org.springframework.data.redis.test.util.MinimumRedisVersionRule" type="java.lang.NoClassDefFoundError"><![CDATA[java.lang.NoClassDefFoundError: Could not initialize class org.springframework.data.redis.test.util.MinimumRedisVersionRule
	at org.springframework.data.redis.support.collections.RedisSetTests.<init>(RedisSetTests.java:38)
]]></error>
  </testcase>
  <testcase name="testGetKey[9]" classname="org.springframework.data.redis.support.collections.RedisSetTests" time="0.001">
    <error message="Could not initialize class org.springframework.data.redis.test.util.MinimumRedisVersionRule" type="java.lang.NoClassDefFoundError"><![CDATA[java.lang.NoClassDefFoundError: Could not initialize class org.springframework.data.redis.test.util.MinimumRedisVersionRule
	at org.springframework.data.redis.support.collections.RedisSetTests.<init>(RedisSetTests.java:38)
]]></error>
  </testcase>
  <testcase name="testIsEmpty[9]" classname="org.springframework.data.redis.support.collections.RedisSetTests" time="0">
    <error message="Could not initialize class org.springframework.data.redis.test.util.MinimumRedisVersionRule" type="java.lang.NoClassDefFoundError"><![CDATA[java.lang.NoClassDefFoundError: Could not initialize class org.springframework.data.redis.test.util.MinimumRedisVersionRule
	at org.springframework.data.redis.support.collections.RedisSetTests.<init>(RedisSetTests.java:38)
]]></error>
  </testcase>
  <testcase name="testDiffAndStore[10]" classname="org.springframework.data.redis.support.collections.RedisSetTests" time="0">
    <error message="Could not initialize class org.springframework.data.redis.test.util.MinimumRedisVersionRule" type="java.lang.NoClassDefFoundError"><![CDATA[java.lang.NoClassDefFoundError: Could not initialize class org.springframework.data.redis.test.util.MinimumRedisVersionRule
	at org.springframework.data.redis.support.collections.RedisSetTests.<init>(RedisSetTests.java:38)
]]></error>
  </testcase>
  <testcase name="testToArray[10]" classname="org.springframework.data.redis.support.collections.RedisSetTests" time="0">
    <error message="Could not initialize class org.springframework.data.redis.test.util.MinimumRedisVersionRule" type="java.lang.NoClassDefFoundError"><![CDATA[java.lang.NoClassDefFoundError: Could not initialize class org.springframework.data.redis.test.util.MinimumRedisVersionRule
	at org.springframework.data.redis.support.collections.RedisSetTests.<init>(RedisSetTests.java:38)
]]></error>
  </testcase>
  <testcase name="testUnion[10]" classname="org.springframework.data.redis.support.collections.RedisSetTests" time="0">
    <error message="Could not initialize class org.springframework.data.redis.test.util.MinimumRedisVersionRule" type="java.lang.NoClassDefFoundError"><![CDATA[java.lang.NoClassDefFoundError: Could not initialize class org.springframework.data.redis.test.util.MinimumRedisVersionRule
	at org.springframework.data.redis.support.collections.RedisSetTests.<init>(RedisSetTests.java:38)
]]></error>
  </testcase>
  <testcase name="testDiff[10]" classname="org.springframework.data.redis.support.collections.RedisSetTests" time="0">
    <error message="Could not initialize class org.springframework.data.redis.test.util.MinimumRedisVersionRule" type="java.lang.NoClassDefFoundError"><![CDATA[java.lang.NoClassDefFoundError: Could not initialize class org.springframework.data.redis.test.util.MinimumRedisVersionRule
	at org.springframework.data.redis.support.collections.RedisSetTests.<init>(RedisSetTests.java:38)
]]></error>
  </testcase>
  <testcase name="testScanWorksCorrectly[10]" classname="org.springframework.data.redis.support.collections.RedisSetTests" time="0">
    <error message="Could not initialize class org.springframework.data.redis.test.util.MinimumRedisVersionRule" type="java.lang.NoClassDefFoundError"><![CDATA[java.lang.NoClassDefFoundError: Could not initialize class org.springframework.data.redis.test.util.MinimumRedisVersionRule
	at org.springframework.data.redis.support.collections.RedisSetTests.<init>(RedisSetTests.java:38)
]]></error>
  </testcase>
  <testcase name="testUnionAndStore[10]" classname="org.springframework.data.redis.support.collections.RedisSetTests" time="0">
    <error message="Could not initialize class org.springframework.data.redis.test.util.MinimumRedisVersionRule" type="java.lang.NoClassDefFoundError"><![CDATA[java.lang.NoClassDefFoundError: Could not initialize class org.springframework.data.redis.test.util.MinimumRedisVersionRule
	at org.springframework.data.redis.support.collections.RedisSetTests.<init>(RedisSetTests.java:38)
]]></error>
  </testcase>
  <testcase name="testIntersect[10]" classname="org.springframework.data.redis.support.collections.RedisSetTests" time="0.001">
    <error message="Could not initialize class org.springframework.data.redis.test.util.MinimumRedisVersionRule" type="java.lang.NoClassDefFoundError"><![CDATA[java.lang.NoClassDefFoundError: Could not initialize class org.springframework.data.redis.test.util.MinimumRedisVersionRule
	at org.springframework.data.redis.support.collections.RedisSetTests.<init>(RedisSetTests.java:38)
]]></error>
  </testcase>
  <testcase name="testToArrayWithGenerics[10]" classname="org.springframework.data.redis.support.collections.RedisSetTests" time="0">
    <error message="Could not initialize class org.springframework.data.redis.test.util.MinimumRedisVersionRule" type="java.lang.NoClassDefFoundError"><![CDATA[java.lang.NoClassDefFoundError: Could not initialize class org.springframework.data.redis.test.util.MinimumRedisVersionRule
	at org.springframework.data.redis.support.collections.RedisSetTests.<init>(RedisSetTests.java:38)
]]></error>
  </testcase>
  <testcase name="testIterator[10]" classname="org.springframework.data.redis.support.collections.RedisSetTests" time="0">
    <error message="Could not initialize class org.springframework.data.redis.test.util.MinimumRedisVersionRule" type="java.lang.NoClassDefFoundError"><![CDATA[java.lang.NoClassDefFoundError: Could not initialize class org.springframework.data.redis.test.util.MinimumRedisVersionRule
	at org.springframework.data.redis.support.collections.RedisSetTests.<init>(RedisSetTests.java:38)
]]></error>
  </testcase>
  <testcase name="testContainsObject[10]" classname="org.springframework.data.redis.support.collections.RedisSetTests" time="0">
    <error message="Could not initialize class org.springframework.data.redis.test.util.MinimumRedisVersionRule" type="java.lang.NoClassDefFoundError"><![CDATA[java.lang.NoClassDefFoundError: Could not initialize class org.springframework.data.redis.test.util.MinimumRedisVersionRule
	at org.springframework.data.redis.support.collections.RedisSetTests.<init>(RedisSetTests.java:38)
]]></error>
  </testcase>
  <testcase name="testAdd[10]" classname="org.springframework.data.redis.support.collections.RedisSetTests" time="0">
    <error message="Could not initialize class org.springframework.data.redis.test.util.MinimumRedisVersionRule" type="java.lang.NoClassDefFoundError"><![CDATA[java.lang.NoClassDefFoundError: Could not initialize class org.springframework.data.redis.test.util.MinimumRedisVersionRule
	at org.springframework.data.redis.support.collections.RedisSetTests.<init>(RedisSetTests.java:38)
]]></error>
  </testcase>
  <testcase name="testClear[10]" classname="org.springframework.data.redis.support.collections.RedisSetTests" time="0">
    <error message="Could not initialize class org.springframework.data.redis.test.util.MinimumRedisVersionRule" type="java.lang.NoClassDefFoundError"><![CDATA[java.lang.NoClassDefFoundError: Could not initialize class org.springframework.data.redis.test.util.MinimumRedisVersionRule
	at org.springframework.data.redis.support.collections.RedisSetTests.<init>(RedisSetTests.java:38)
]]></error>
  </testcase>
  <testcase name="testSize[10]" classname="org.springframework.data.redis.support.collections.RedisSetTests" time="0">
    <error message="Could not initialize class org.springframework.data.redis.test.util.MinimumRedisVersionRule" type="java.lang.NoClassDefFoundError"><![CDATA[java.lang.NoClassDefFoundError: Could not initialize class org.springframework.data.redis.test.util.MinimumRedisVersionRule
	at org.springframework.data.redis.support.collections.RedisSetTests.<init>(RedisSetTests.java:38)
]]></error>
  </testcase>
  <testcase name="testToString[10]" classname="org.springframework.data.redis.support.collections.RedisSetTests" time="0">
    <error message="Could not initialize class org.springframework.data.redis.test.util.MinimumRedisVersionRule" type="java.lang.NoClassDefFoundError"><![CDATA[java.lang.NoClassDefFoundError: Could not initialize class org.springframework.data.redis.test.util.MinimumRedisVersionRule
	at org.springframework.data.redis.support.collections.RedisSetTests.<init>(RedisSetTests.java:38)
]]></error>
  </testcase>
  <testcase name="testContainsAll[10]" classname="org.springframework.data.redis.support.collections.RedisSetTests" time="0.001">
    <error message="Could not initialize class org.springframework.data.redis.test.util.MinimumRedisVersionRule" type="java.lang.NoClassDefFoundError"><![CDATA[java.lang.NoClassDefFoundError: Could not initialize class org.springframework.data.redis.test.util.MinimumRedisVersionRule
	at org.springframework.data.redis.support.collections.RedisSetTests.<init>(RedisSetTests.java:38)
]]></error>
  </testcase>
  <testcase name="testRemoveObject[10]" classname="org.springframework.data.redis.support.collections.RedisSetTests" time="0">
    <error message="Could not initialize class org.springframework.data.redis.test.util.MinimumRedisVersionRule" type="java.lang.NoClassDefFoundError"><![CDATA[java.lang.NoClassDefFoundError: Could not initialize class org.springframework.data.redis.test.util.MinimumRedisVersionRule
	at org.springframework.data.redis.support.collections.RedisSetTests.<init>(RedisSetTests.java:38)
]]></error>
  </testcase>
  <testcase name="testHashCode[10]" classname="org.springframework.data.redis.support.collections.RedisSetTests" time="0">
    <error message="Could not initialize class org.springframework.data.redis.test.util.MinimumRedisVersionRule" type="java.lang.NoClassDefFoundError"><![CDATA[java.lang.NoClassDefFoundError: Could not initialize class org.springframework.data.redis.test.util.MinimumRedisVersionRule
	at org.springframework.data.redis.support.collections.RedisSetTests.<init>(RedisSetTests.java:38)
]]></error>
  </testcase>
  <testcase name="testAddAll[10]" classname="org.springframework.data.redis.support.collections.RedisSetTests" time="0">
    <error message="Could not initialize class org.springframework.data.redis.test.util.MinimumRedisVersionRule" type="java.lang.NoClassDefFoundError"><![CDATA[java.lang.NoClassDefFoundError: Could not initialize class org.springframework.data.redis.test.util.MinimumRedisVersionRule
	at org.springframework.data.redis.support.collections.RedisSetTests.<init>(RedisSetTests.java:38)
]]></error>
  </testcase>
  <testcase name="removeAll[10]" classname="org.springframework.data.redis.support.collections.RedisSetTests" time="0">
    <error message="Could not initialize class org.springframework.data.redis.test.util.MinimumRedisVersionRule" type="java.lang.NoClassDefFoundError"><![CDATA[java.lang.NoClassDefFoundError: Could not initialize class org.springframework.data.redis.test.util.MinimumRedisVersionRule
	at org.springframework.data.redis.support.collections.RedisSetTests.<init>(RedisSetTests.java:38)
]]></error>
  </testcase>
  <testcase name="testEquals[10]" classname="org.springframework.data.redis.support.collections.RedisSetTests" time="0">
    <error message="Could not initialize class org.springframework.data.redis.test.util.MinimumRedisVersionRule" type="java.lang.NoClassDefFoundError"><![CDATA[java.lang.NoClassDefFoundError: Could not initialize class org.springframework.data.redis.test.util.MinimumRedisVersionRule
	at org.springframework.data.redis.support.collections.RedisSetTests.<init>(RedisSetTests.java:38)
]]></error>
  </testcase>
  <testcase name="testGetKey[10]" classname="org.springframework.data.redis.support.collections.RedisSetTests" time="0">
    <error message="Could not initialize class org.springframework.data.redis.test.util.MinimumRedisVersionRule" type="java.lang.NoClassDefFoundError"><![CDATA[java.lang.NoClassDefFoundError: Could not initialize class org.springframework.data.redis.test.util.MinimumRedisVersionRule
	at org.springframework.data.redis.support.collections.RedisSetTests.<init>(RedisSetTests.java:38)
]]></error>
  </testcase>
  <testcase name="testIsEmpty[10]" classname="org.springframework.data.redis.support.collections.RedisSetTests" time="0">
    <error message="Could not initialize class org.springframework.data.redis.test.util.MinimumRedisVersionRule" type="java.lang.NoClassDefFoundError"><![CDATA[java.lang.NoClassDefFoundError: Could not initialize class org.springframework.data.redis.test.util.MinimumRedisVersionRule
	at org.springframework.data.redis.support.collections.RedisSetTests.<init>(RedisSetTests.java:38)
]]></error>
  </testcase>
  <testcase name="testDiffAndStore[11]" classname="org.springframework.data.redis.support.collections.RedisSetTests" time="0.001">
    <error message="Could not initialize class org.springframework.data.redis.test.util.MinimumRedisVersionRule" type="java.lang.NoClassDefFoundError"><![CDATA[java.lang.NoClassDefFoundError: Could not initialize class org.springframework.data.redis.test.util.MinimumRedisVersionRule
	at org.springframework.data.redis.support.collections.RedisSetTests.<init>(RedisSetTests.java:38)
]]></error>
  </testcase>
  <testcase name="testToArray[11]" classname="org.springframework.data.redis.support.collections.RedisSetTests" time="0">
    <error message="Could not initialize class org.springframework.data.redis.test.util.MinimumRedisVersionRule" type="java.lang.NoClassDefFoundError"><![CDATA[java.lang.NoClassDefFoundError: Could not initialize class org.springframework.data.redis.test.util.MinimumRedisVersionRule
	at org.springframework.data.redis.support.collections.RedisSetTests.<init>(RedisSetTests.java:38)
]]></error>
  </testcase>
  <testcase name="testUnion[11]" classname="org.springframework.data.redis.support.collections.RedisSetTests" time="0">
    <error message="Could not initialize class org.springframework.data.redis.test.util.MinimumRedisVersionRule" type="java.lang.NoClassDefFoundError"><![CDATA[java.lang.NoClassDefFoundError: Could not initialize class org.springframework.data.redis.test.util.MinimumRedisVersionRule
	at org.springframework.data.redis.support.collections.RedisSetTests.<init>(RedisSetTests.java:38)
]]></error>
  </testcase>
  <testcase name="testDiff[11]" classname="org.springframework.data.redis.support.collections.RedisSetTests" time="0">
    <error message="Could not initialize class org.springframework.data.redis.test.util.MinimumRedisVersionRule" type="java.lang.NoClassDefFoundError"><![CDATA[java.lang.NoClassDefFoundError: Could not initialize class org.springframework.data.redis.test.util.MinimumRedisVersionRule
	at org.springframework.data.redis.support.collections.RedisSetTests.<init>(RedisSetTests.java:38)
]]></error>
  </testcase>
  <testcase name="testScanWorksCorrectly[11]" classname="org.springframework.data.redis.support.collections.RedisSetTests" time="0">
    <error message="Could not initialize class org.springframework.data.redis.test.util.MinimumRedisVersionRule" type="java.lang.NoClassDefFoundError"><![CDATA[java.lang.NoClassDefFoundError: Could not initialize class org.springframework.data.redis.test.util.MinimumRedisVersionRule
	at org.springframework.data.redis.support.collections.RedisSetTests.<init>(RedisSetTests.java:38)
]]></error>
  </testcase>
  <testcase name="testUnionAndStore[11]" classname="org.springframework.data.redis.support.collections.RedisSetTests" time="0.001">
    <error message="Could not initialize class org.springframework.data.redis.test.util.MinimumRedisVersionRule" type="java.lang.NoClassDefFoundError"><![CDATA[java.lang.NoClassDefFoundError: Could not initialize class org.springframework.data.redis.test.util.MinimumRedisVersionRule
	at org.springframework.data.redis.support.collections.RedisSetTests.<init>(RedisSetTests.java:38)
]]></error>
  </testcase>
  <testcase name="testIntersect[11]" classname="org.springframework.data.redis.support.collections.RedisSetTests" time="0">
    <error message="Could not initialize class org.springframework.data.redis.test.util.MinimumRedisVersionRule" type="java.lang.NoClassDefFoundError"><![CDATA[java.lang.NoClassDefFoundError: Could not initialize class org.springframework.data.redis.test.util.MinimumRedisVersionRule
	at org.springframework.data.redis.support.collections.RedisSetTests.<init>(RedisSetTests.java:38)
]]></error>
  </testcase>
  <testcase name="testToArrayWithGenerics[11]" classname="org.springframework.data.redis.support.collections.RedisSetTests" time="0">
    <error message="Could not initialize class org.springframework.data.redis.test.util.MinimumRedisVersionRule" type="java.lang.NoClassDefFoundError"><![CDATA[java.lang.NoClassDefFoundError: Could not initialize class org.springframework.data.redis.test.util.MinimumRedisVersionRule
	at org.springframework.data.redis.support.collections.RedisSetTests.<init>(RedisSetTests.java:38)
]]></error>
  </testcase>
  <testcase name="testIterator[11]" classname="org.springframework.data.redis.support.collections.RedisSetTests" time="0">
    <error message="Could not initialize class org.springframework.data.redis.test.util.MinimumRedisVersionRule" type="java.lang.NoClassDefFoundError"><![CDATA[java.lang.NoClassDefFoundError: Could not initialize class org.springframework.data.redis.test.util.MinimumRedisVersionRule
	at org.springframework.data.redis.support.collections.RedisSetTests.<init>(RedisSetTests.java:38)
]]></error>
  </testcase>
  <testcase name="testContainsObject[11]" classname="org.springframework.data.redis.support.collections.RedisSetTests" time="0">
    <error message="Could not initialize class org.springframework.data.redis.test.util.MinimumRedisVersionRule" type="java.lang.NoClassDefFoundError"><![CDATA[java.lang.NoClassDefFoundError: Could not initialize class org.springframework.data.redis.test.util.MinimumRedisVersionRule
	at org.springframework.data.redis.support.collections.RedisSetTests.<init>(RedisSetTests.java:38)
]]></error>
  </testcase>
  <testcase name="testAdd[11]" classname="org.springframework.data.redis.support.collections.RedisSetTests" time="0">
    <error message="Could not initialize class org.springframework.data.redis.test.util.MinimumRedisVersionRule" type="java.lang.NoClassDefFoundError"><![CDATA[java.lang.NoClassDefFoundError: Could not initialize class org.springframework.data.redis.test.util.MinimumRedisVersionRule
	at org.springframework.data.redis.support.collections.RedisSetTests.<init>(RedisSetTests.java:38)
]]></error>
  </testcase>
  <testcase name="testClear[11]" classname="org.springframework.data.redis.support.collections.RedisSetTests" time="0">
    <error message="Could not initialize class org.springframework.data.redis.test.util.MinimumRedisVersionRule" type="java.lang.NoClassDefFoundError"><![CDATA[java.lang.NoClassDefFoundError: Could not initialize class org.springframework.data.redis.test.util.MinimumRedisVersionRule
	at org.springframework.data.redis.support.collections.RedisSetTests.<init>(RedisSetTests.java:38)
]]></error>
  </testcase>
  <testcase name="testSize[11]" classname="org.springframework.data.redis.support.collections.RedisSetTests" time="0">
    <error message="Could not initialize class org.springframework.data.redis.test.util.MinimumRedisVersionRule" type="java.lang.NoClassDefFoundError"><![CDATA[java.lang.NoClassDefFoundError: Could not initialize class org.springframework.data.redis.test.util.MinimumRedisVersionRule
	at org.springframework.data.redis.support.collections.RedisSetTests.<init>(RedisSetTests.java:38)
]]></error>
  </testcase>
  <testcase name="testToString[11]" classname="org.springframework.data.redis.support.collections.RedisSetTests" time="0.001">
    <error message="Could not initialize class org.springframework.data.redis.test.util.MinimumRedisVersionRule" type="java.lang.NoClassDefFoundError"><![CDATA[java.lang.NoClassDefFoundError: Could not initialize class org.springframework.data.redis.test.util.MinimumRedisVersionRule
	at org.springframework.data.redis.support.collections.RedisSetTests.<init>(RedisSetTests.java:38)
]]></error>
  </testcase>
  <testcase name="testContainsAll[11]" classname="org.springframework.data.redis.support.collections.RedisSetTests" time="0">
    <error message="Could not initialize class org.springframework.data.redis.test.util.MinimumRedisVersionRule" type="java.lang.NoClassDefFoundError"><![CDATA[java.lang.NoClassDefFoundError: Could not initialize class org.springframework.data.redis.test.util.MinimumRedisVersionRule
	at org.springframework.data.redis.support.collections.RedisSetTests.<init>(RedisSetTests.java:38)
]]></error>
  </testcase>
  <testcase name="testRemoveObject[11]" classname="org.springframework.data.redis.support.collections.RedisSetTests" time="0">
    <error message="Could not initialize class org.springframework.data.redis.test.util.MinimumRedisVersionRule" type="java.lang.NoClassDefFoundError"><![CDATA[java.lang.NoClassDefFoundError: Could not initialize class org.springframework.data.redis.test.util.MinimumRedisVersionRule
	at org.springframework.data.redis.support.collections.RedisSetTests.<init>(RedisSetTests.java:38)
]]></error>
  </testcase>
  <testcase name="testHashCode[11]" classname="org.springframework.data.redis.support.collections.RedisSetTests" time="0">
    <error message="Could not initialize class org.springframework.data.redis.test.util.MinimumRedisVersionRule" type="java.lang.NoClassDefFoundError"><![CDATA[java.lang.NoClassDefFoundError: Could not initialize class org.springframework.data.redis.test.util.MinimumRedisVersionRule
	at org.springframework.data.redis.support.collections.RedisSetTests.<init>(RedisSetTests.java:38)
]]></error>
  </testcase>
  <testcase name="testAddAll[11]" classname="org.springframework.data.redis.support.collections.RedisSetTests" time="0">
    <error message="Could not initialize class org.springframework.data.redis.test.util.MinimumRedisVersionRule" type="java.lang.NoClassDefFoundError"><![CDATA[java.lang.NoClassDefFoundError: Could not initialize class org.springframework.data.redis.test.util.MinimumRedisVersionRule
	at org.springframework.data.redis.support.collections.RedisSetTests.<init>(RedisSetTests.java:38)
]]></error>
  </testcase>
  <testcase name="removeAll[11]" classname="org.springframework.data.redis.support.collections.RedisSetTests" time="0">
    <error message="Could not initialize class org.springframework.data.redis.test.util.MinimumRedisVersionRule" type="java.lang.NoClassDefFoundError"><![CDATA[java.lang.NoClassDefFoundError: Could not initialize class org.springframework.data.redis.test.util.MinimumRedisVersionRule
	at org.springframework.data.redis.support.collections.RedisSetTests.<init>(RedisSetTests.java:38)
]]></error>
  </testcase>
  <testcase name="testEquals[11]" classname="org.springframework.data.redis.support.collections.RedisSetTests" time="0">
    <error message="Could not initialize class org.springframework.data.redis.test.util.MinimumRedisVersionRule" type="java.lang.NoClassDefFoundError"><![CDATA[java.lang.NoClassDefFoundError: Could not initialize class org.springframework.data.redis.test.util.MinimumRedisVersionRule
	at org.springframework.data.redis.support.collections.RedisSetTests.<init>(RedisSetTests.java:38)
]]></error>
  </testcase>
  <testcase name="testGetKey[11]" classname="org.springframework.data.redis.support.collections.RedisSetTests" time="0">
    <error message="Could not initialize class org.springframework.data.redis.test.util.MinimumRedisVersionRule" type="java.lang.NoClassDefFoundError"><![CDATA[java.lang.NoClassDefFoundError: Could not initialize class org.springframework.data.redis.test.util.MinimumRedisVersionRule
	at org.springframework.data.redis.support.collections.RedisSetTests.<init>(RedisSetTests.java:38)
]]></error>
  </testcase>
  <testcase name="testIsEmpty[11]" classname="org.springframework.data.redis.support.collections.RedisSetTests" time="0.001">
    <error message="Could not initialize class org.springframework.data.redis.test.util.MinimumRedisVersionRule" type="java.lang.NoClassDefFoundError"><![CDATA[java.lang.NoClassDefFoundError: Could not initialize class org.springframework.data.redis.test.util.MinimumRedisVersionRule
	at org.springframework.data.redis.support.collections.RedisSetTests.<init>(RedisSetTests.java:38)
]]></error>
  </testcase>
  <testcase name="testDiffAndStore[12]" classname="org.springframework.data.redis.support.collections.RedisSetTests" time="0">
    <error message="Could not initialize class org.springframework.data.redis.test.util.MinimumRedisVersionRule" type="java.lang.NoClassDefFoundError"><![CDATA[java.lang.NoClassDefFoundError: Could not initialize class org.springframework.data.redis.test.util.MinimumRedisVersionRule
	at org.springframework.data.redis.support.collections.RedisSetTests.<init>(RedisSetTests.java:38)
]]></error>
  </testcase>
  <testcase name="testToArray[12]" classname="org.springframework.data.redis.support.collections.RedisSetTests" time="0">
    <error message="Could not initialize class org.springframework.data.redis.test.util.MinimumRedisVersionRule" type="java.lang.NoClassDefFoundError"><![CDATA[java.lang.NoClassDefFoundError: Could not initialize class org.springframework.data.redis.test.util.MinimumRedisVersionRule
	at org.springframework.data.redis.support.collections.RedisSetTests.<init>(RedisSetTests.java:38)
]]></error>
  </testcase>
  <testcase name="testUnion[12]" classname="org.springframework.data.redis.support.collections.RedisSetTests" time="0">
    <error message="Could not initialize class org.springframework.data.redis.test.util.MinimumRedisVersionRule" type="java.lang.NoClassDefFoundError"><![CDATA[java.lang.NoClassDefFoundError: Could not initialize class org.springframework.data.redis.test.util.MinimumRedisVersionRule
	at org.springframework.data.redis.support.collections.RedisSetTests.<init>(RedisSetTests.java:38)
]]></error>
  </testcase>
  <testcase name="testDiff[12]" classname="org.springframework.data.redis.support.collections.RedisSetTests" time="0">
    <error message="Could not initialize class org.springframework.data.redis.test.util.MinimumRedisVersionRule" type="java.lang.NoClassDefFoundError"><![CDATA[java.lang.NoClassDefFoundError: Could not initialize class org.springframework.data.redis.test.util.MinimumRedisVersionRule
	at org.springframework.data.redis.support.collections.RedisSetTests.<init>(RedisSetTests.java:38)
]]></error>
  </testcase>
  <testcase name="testScanWorksCorrectly[12]" classname="org.springframework.data.redis.support.collections.RedisSetTests" time="0">
    <error message="Could not initialize class org.springframework.data.redis.test.util.MinimumRedisVersionRule" type="java.lang.NoClassDefFoundError"><![CDATA[java.lang.NoClassDefFoundError: Could not initialize class org.springframework.data.redis.test.util.MinimumRedisVersionRule
	at org.springframework.data.redis.support.collections.RedisSetTests.<init>(RedisSetTests.java:38)
]]></error>
  </testcase>
  <testcase name="testUnionAndStore[12]" classname="org.springframework.data.redis.support.collections.RedisSetTests" time="0">
    <error message="Could not initialize class org.springframework.data.redis.test.util.MinimumRedisVersionRule" type="java.lang.NoClassDefFoundError"><![CDATA[java.lang.NoClassDefFoundError: Could not initialize class org.springframework.data.redis.test.util.MinimumRedisVersionRule
	at org.springframework.data.redis.support.collections.RedisSetTests.<init>(RedisSetTests.java:38)
]]></error>
  </testcase>
  <testcase name="testIntersect[12]" classname="org.springframework.data.redis.support.collections.RedisSetTests" time="0">
    <error message="Could not initialize class org.springframework.data.redis.test.util.MinimumRedisVersionRule" type="java.lang.NoClassDefFoundError"><![CDATA[java.lang.NoClassDefFoundError: Could not initialize class org.springframework.data.redis.test.util.MinimumRedisVersionRule
	at org.springframework.data.redis.support.collections.RedisSetTests.<init>(RedisSetTests.java:38)
]]></error>
  </testcase>
  <testcase name="testToArrayWithGenerics[12]" classname="org.springframework.data.redis.support.collections.RedisSetTests" time="0.001">
    <error message="Could not initialize class org.springframework.data.redis.test.util.MinimumRedisVersionRule" type="java.lang.NoClassDefFoundError"><![CDATA[java.lang.NoClassDefFoundError: Could not initialize class org.springframework.data.redis.test.util.MinimumRedisVersionRule
	at org.springframework.data.redis.support.collections.RedisSetTests.<init>(RedisSetTests.java:38)
]]></error>
  </testcase>
  <testcase name="testIterator[12]" classname="org.springframework.data.redis.support.collections.RedisSetTests" time="0">
    <error message="Could not initialize class org.springframework.data.redis.test.util.MinimumRedisVersionRule" type="java.lang.NoClassDefFoundError"><![CDATA[java.lang.NoClassDefFoundError: Could not initialize class org.springframework.data.redis.test.util.MinimumRedisVersionRule
	at org.springframework.data.redis.support.collections.RedisSetTests.<init>(RedisSetTests.java:38)
]]></error>
  </testcase>
  <testcase name="testContainsObject[12]" classname="org.springframework.data.redis.support.collections.RedisSetTests" time="0">
    <error message="Could not initialize class org.springframework.data.redis.test.util.MinimumRedisVersionRule" type="java.lang.NoClassDefFoundError"><![CDATA[java.lang.NoClassDefFoundError: Could not initialize class org.springframework.data.redis.test.util.MinimumRedisVersionRule
	at org.springframework.data.redis.support.collections.RedisSetTests.<init>(RedisSetTests.java:38)
]]></error>
  </testcase>
  <testcase name="testAdd[12]" classname="org.springframework.data.redis.support.collections.RedisSetTests" time="0">
    <error message="Could not initialize class org.springframework.data.redis.test.util.MinimumRedisVersionRule" type="java.lang.NoClassDefFoundError"><![CDATA[java.lang.NoClassDefFoundError: Could not initialize class org.springframework.data.redis.test.util.MinimumRedisVersionRule
	at org.springframework.data.redis.support.collections.RedisSetTests.<init>(RedisSetTests.java:38)
]]></error>
  </testcase>
  <testcase name="testClear[12]" classname="org.springframework.data.redis.support.collections.RedisSetTests" time="0">
    <error message="Could not initialize class org.springframework.data.redis.test.util.MinimumRedisVersionRule" type="java.lang.NoClassDefFoundError"><![CDATA[java.lang.NoClassDefFoundError: Could not initialize class org.springframework.data.redis.test.util.MinimumRedisVersionRule
	at org.springframework.data.redis.support.collections.RedisSetTests.<init>(RedisSetTests.java:38)
]]></error>
  </testcase>
  <testcase name="testSize[12]" classname="org.springframework.data.redis.support.collections.RedisSetTests" time="0.001">
    <error message="Could not initialize class org.springframework.data.redis.test.util.MinimumRedisVersionRule" type="java.lang.NoClassDefFoundError"><![CDATA[java.lang.NoClassDefFoundError: Could not initialize class org.springframework.data.redis.test.util.MinimumRedisVersionRule
	at org.springframework.data.redis.support.collections.RedisSetTests.<init>(RedisSetTests.java:38)
]]></error>
  </testcase>
  <testcase name="testToString[12]" classname="org.springframework.data.redis.support.collections.RedisSetTests" time="0">
    <error message="Could not initialize class org.springframework.data.redis.test.util.MinimumRedisVersionRule" type="java.lang.NoClassDefFoundError"><![CDATA[java.lang.NoClassDefFoundError: Could not initialize class org.springframework.data.redis.test.util.MinimumRedisVersionRule
	at org.springframework.data.redis.support.collections.RedisSetTests.<init>(RedisSetTests.java:38)
]]></error>
  </testcase>
  <testcase name="testContainsAll[12]" classname="org.springframework.data.redis.support.collections.RedisSetTests" time="0">
    <error message="Could not initialize class org.springframework.data.redis.test.util.MinimumRedisVersionRule" type="java.lang.NoClassDefFoundError"><![CDATA[java.lang.NoClassDefFoundError: Could not initialize class org.springframework.data.redis.test.util.MinimumRedisVersionRule
	at org.springframework.data.redis.support.collections.RedisSetTests.<init>(RedisSetTests.java:38)
]]></error>
  </testcase>
  <testcase name="testRemoveObject[12]" classname="org.springframework.data.redis.support.collections.RedisSetTests" time="0">
    <error message="Could not initialize class org.springframework.data.redis.test.util.MinimumRedisVersionRule" type="java.lang.NoClassDefFoundError"><![CDATA[java.lang.NoClassDefFoundError: Could not initialize class org.springframework.data.redis.test.util.MinimumRedisVersionRule
	at org.springframework.data.redis.support.collections.RedisSetTests.<init>(RedisSetTests.java:38)
]]></error>
  </testcase>
  <testcase name="testHashCode[12]" classname="org.springframework.data.redis.support.collections.RedisSetTests" time="0">
    <error message="Could not initialize class org.springframework.data.redis.test.util.MinimumRedisVersionRule" type="java.lang.NoClassDefFoundError"><![CDATA[java.lang.NoClassDefFoundError: Could not initialize class org.springframework.data.redis.test.util.MinimumRedisVersionRule
	at org.springframework.data.redis.support.collections.RedisSetTests.<init>(RedisSetTests.java:38)
]]></error>
  </testcase>
  <testcase name="testAddAll[12]" classname="org.springframework.data.redis.support.collections.RedisSetTests" time="0">
    <error message="Could not initialize class org.springframework.data.redis.test.util.MinimumRedisVersionRule" type="java.lang.NoClassDefFoundError"><![CDATA[java.lang.NoClassDefFoundError: Could not initialize class org.springframework.data.redis.test.util.MinimumRedisVersionRule
	at org.springframework.data.redis.support.collections.RedisSetTests.<init>(RedisSetTests.java:38)
]]></error>
  </testcase>
  <testcase name="removeAll[12]" classname="org.springframework.data.redis.support.collections.RedisSetTests" time="0">
    <error message="Could not initialize class org.springframework.data.redis.test.util.MinimumRedisVersionRule" type="java.lang.NoClassDefFoundError"><![CDATA[java.lang.NoClassDefFoundError: Could not initialize class org.springframework.data.redis.test.util.MinimumRedisVersionRule
	at org.springframework.data.redis.support.collections.RedisSetTests.<init>(RedisSetTests.java:38)
]]></error>
  </testcase>
  <testcase name="testEquals[12]" classname="org.springframework.data.redis.support.collections.RedisSetTests" time="0">
    <error message="Could not initialize class org.springframework.data.redis.test.util.MinimumRedisVersionRule" type="java.lang.NoClassDefFoundError"><![CDATA[java.lang.NoClassDefFoundError: Could not initialize class org.springframework.data.redis.test.util.MinimumRedisVersionRule
	at org.springframework.data.redis.support.collections.RedisSetTests.<init>(RedisSetTests.java:38)
]]></error>
  </testcase>
  <testcase name="testGetKey[12]" classname="org.springframework.data.redis.support.collections.RedisSetTests" time="0">
    <error message="Could not initialize class org.springframework.data.redis.test.util.MinimumRedisVersionRule" type="java.lang.NoClassDefFoundError"><![CDATA[java.lang.NoClassDefFoundError: Could not initialize class org.springframework.data.redis.test.util.MinimumRedisVersionRule
	at org.springframework.data.redis.support.collections.RedisSetTests.<init>(RedisSetTests.java:38)
]]></error>
  </testcase>
  <testcase name="testIsEmpty[12]" classname="org.springframework.data.redis.support.collections.RedisSetTests" time="0">
    <error message="Could not initialize class org.springframework.data.redis.test.util.MinimumRedisVersionRule" type="java.lang.NoClassDefFoundError"><![CDATA[java.lang.NoClassDefFoundError: Could not initialize class org.springframework.data.redis.test.util.MinimumRedisVersionRule
	at org.springframework.data.redis.support.collections.RedisSetTests.<init>(RedisSetTests.java:38)
]]></error>
  </testcase>
  <testcase name="testDiffAndStore[13]" classname="org.springframework.data.redis.support.collections.RedisSetTests" time="0">
    <error message="Could not initialize class org.springframework.data.redis.test.util.MinimumRedisVersionRule" type="java.lang.NoClassDefFoundError"><![CDATA[java.lang.NoClassDefFoundError: Could not initialize class org.springframework.data.redis.test.util.MinimumRedisVersionRule
	at org.springframework.data.redis.support.collections.RedisSetTests.<init>(RedisSetTests.java:38)
]]></error>
  </testcase>
  <testcase name="testToArray[13]" classname="org.springframework.data.redis.support.collections.RedisSetTests" time="0">
    <error message="Could not initialize class org.springframework.data.redis.test.util.MinimumRedisVersionRule" type="java.lang.NoClassDefFoundError"><![CDATA[java.lang.NoClassDefFoundError: Could not initialize class org.springframework.data.redis.test.util.MinimumRedisVersionRule
	at org.springframework.data.redis.support.collections.RedisSetTests.<init>(RedisSetTests.java:38)
]]></error>
  </testcase>
  <testcase name="testUnion[13]" classname="org.springframework.data.redis.support.collections.RedisSetTests" time="0">
    <error message="Could not initialize class org.springframework.data.redis.test.util.MinimumRedisVersionRule" type="java.lang.NoClassDefFoundError"><![CDATA[java.lang.NoClassDefFoundError: Could not initialize class org.springframework.data.redis.test.util.MinimumRedisVersionRule
	at org.springframework.data.redis.support.collections.RedisSetTests.<init>(RedisSetTests.java:38)
]]></error>
  </testcase>
  <testcase name="testDiff[13]" classname="org.springframework.data.redis.support.collections.RedisSetTests" time="0">
    <error message="Could not initialize class org.springframework.data.redis.test.util.MinimumRedisVersionRule" type="java.lang.NoClassDefFoundError"><![CDATA[java.lang.NoClassDefFoundError: Could not initialize class org.springframework.data.redis.test.util.MinimumRedisVersionRule
	at org.springframework.data.redis.support.collections.RedisSetTests.<init>(RedisSetTests.java:38)
]]></error>
  </testcase>
  <testcase name="testScanWorksCorrectly[13]" classname="org.springframework.data.redis.support.collections.RedisSetTests" time="0">
    <error message="Could not initialize class org.springframework.data.redis.test.util.MinimumRedisVersionRule" type="java.lang.NoClassDefFoundError"><![CDATA[java.lang.NoClassDefFoundError: Could not initialize class org.springframework.data.redis.test.util.MinimumRedisVersionRule
	at org.springframework.data.redis.support.collections.RedisSetTests.<init>(RedisSetTests.java:38)
]]></error>
  </testcase>
  <testcase name="testUnionAndStore[13]" classname="org.springframework.data.redis.support.collections.RedisSetTests" time="0">
    <error message="Could not initialize class org.springframework.data.redis.test.util.MinimumRedisVersionRule" type="java.lang.NoClassDefFoundError"><![CDATA[java.lang.NoClassDefFoundError: Could not initialize class org.springframework.data.redis.test.util.MinimumRedisVersionRule
	at org.springframework.data.redis.support.collections.RedisSetTests.<init>(RedisSetTests.java:38)
]]></error>
  </testcase>
  <testcase name="testIntersect[13]" classname="org.springframework.data.redis.support.collections.RedisSetTests" time="0.001">
    <error message="Could not initialize class org.springframework.data.redis.test.util.MinimumRedisVersionRule" type="java.lang.NoClassDefFoundError"><![CDATA[java.lang.NoClassDefFoundError: Could not initialize class org.springframework.data.redis.test.util.MinimumRedisVersionRule
	at org.springframework.data.redis.support.collections.RedisSetTests.<init>(RedisSetTests.java:38)
]]></error>
  </testcase>
  <testcase name="testToArrayWithGenerics[13]" classname="org.springframework.data.redis.support.collections.RedisSetTests" time="0">
    <error message="Could not initialize class org.springframework.data.redis.test.util.MinimumRedisVersionRule" type="java.lang.NoClassDefFoundError"><![CDATA[java.lang.NoClassDefFoundError: Could not initialize class org.springframework.data.redis.test.util.MinimumRedisVersionRule
	at org.springframework.data.redis.support.collections.RedisSetTests.<init>(RedisSetTests.java:38)
]]></error>
  </testcase>
  <testcase name="testIterator[13]" classname="org.springframework.data.redis.support.collections.RedisSetTests" time="0">
    <error message="Could not initialize class org.springframework.data.redis.test.util.MinimumRedisVersionRule" type="java.lang.NoClassDefFoundError"><![CDATA[java.lang.NoClassDefFoundError: Could not initialize class org.springframework.data.redis.test.util.MinimumRedisVersionRule
	at org.springframework.data.redis.support.collections.RedisSetTests.<init>(RedisSetTests.java:38)
]]></error>
  </testcase>
  <testcase name="testContainsObject[13]" classname="org.springframework.data.redis.support.collections.RedisSetTests" time="0">
    <error message="Could not initialize class org.springframework.data.redis.test.util.MinimumRedisVersionRule" type="java.lang.NoClassDefFoundError"><![CDATA[java.lang.NoClassDefFoundError: Could not initialize class org.springframework.data.redis.test.util.MinimumRedisVersionRule
	at org.springframework.data.redis.support.collections.RedisSetTests.<init>(RedisSetTests.java:38)
]]></error>
  </testcase>
  <testcase name="testAdd[13]" classname="org.springframework.data.redis.support.collections.RedisSetTests" time="0">
    <error message="Could not initialize class org.springframework.data.redis.test.util.MinimumRedisVersionRule" type="java.lang.NoClassDefFoundError"><![CDATA[java.lang.NoClassDefFoundError: Could not initialize class org.springframework.data.redis.test.util.MinimumRedisVersionRule
	at org.springframework.data.redis.support.collections.RedisSetTests.<init>(RedisSetTests.java:38)
]]></error>
  </testcase>
  <testcase name="testClear[13]" classname="org.springframework.data.redis.support.collections.RedisSetTests" time="0">
    <error message="Could not initialize class org.springframework.data.redis.test.util.MinimumRedisVersionRule" type="java.lang.NoClassDefFoundError"><![CDATA[java.lang.NoClassDefFoundError: Could not initialize class org.springframework.data.redis.test.util.MinimumRedisVersionRule
	at org.springframework.data.redis.support.collections.RedisSetTests.<init>(RedisSetTests.java:38)
]]></error>
  </testcase>
  <testcase name="testSize[13]" classname="org.springframework.data.redis.support.collections.RedisSetTests" time="0">
    <error message="Could not initialize class org.springframework.data.redis.test.util.MinimumRedisVersionRule" type="java.lang.NoClassDefFoundError"><![CDATA[java.lang.NoClassDefFoundError: Could not initialize class org.springframework.data.redis.test.util.MinimumRedisVersionRule
	at org.springframework.data.redis.support.collections.RedisSetTests.<init>(RedisSetTests.java:38)
]]></error>
  </testcase>
  <testcase name="testToString[13]" classname="org.springframework.data.redis.support.collections.RedisSetTests" time="0">
    <error message="Could not initialize class org.springframework.data.redis.test.util.MinimumRedisVersionRule" type="java.lang.NoClassDefFoundError"><![CDATA[java.lang.NoClassDefFoundError: Could not initialize class org.springframework.data.redis.test.util.MinimumRedisVersionRule
	at org.springframework.data.redis.support.collections.RedisSetTests.<init>(RedisSetTests.java:38)
]]></error>
  </testcase>
  <testcase name="testContainsAll[13]" classname="org.springframework.data.redis.support.collections.RedisSetTests" time="0.001">
    <error message="Could not initialize class org.springframework.data.redis.test.util.MinimumRedisVersionRule" type="java.lang.NoClassDefFoundError"><![CDATA[java.lang.NoClassDefFoundError: Could not initialize class org.springframework.data.redis.test.util.MinimumRedisVersionRule
	at org.springframework.data.redis.support.collections.RedisSetTests.<init>(RedisSetTests.java:38)
]]></error>
  </testcase>
  <testcase name="testRemoveObject[13]" classname="org.springframework.data.redis.support.collections.RedisSetTests" time="0">
    <error message="Could not initialize class org.springframework.data.redis.test.util.MinimumRedisVersionRule" type="java.lang.NoClassDefFoundError"><![CDATA[java.lang.NoClassDefFoundError: Could not initialize class org.springframework.data.redis.test.util.MinimumRedisVersionRule
	at org.springframework.data.redis.support.collections.RedisSetTests.<init>(RedisSetTests.java:38)
]]></error>
  </testcase>
  <testcase name="testHashCode[13]" classname="org.springframework.data.redis.support.collections.RedisSetTests" time="0">
    <error message="Could not initialize class org.springframework.data.redis.test.util.MinimumRedisVersionRule" type="java.lang.NoClassDefFoundError"><![CDATA[java.lang.NoClassDefFoundError: Could not initialize class org.springframework.data.redis.test.util.MinimumRedisVersionRule
	at org.springframework.data.redis.support.collections.RedisSetTests.<init>(RedisSetTests.java:38)
]]></error>
  </testcase>
  <testcase name="testAddAll[13]" classname="org.springframework.data.redis.support.collections.RedisSetTests" time="0">
    <error message="Could not initialize class org.springframework.data.redis.test.util.MinimumRedisVersionRule" type="java.lang.NoClassDefFoundError"><![CDATA[java.lang.NoClassDefFoundError: Could not initialize class org.springframework.data.redis.test.util.MinimumRedisVersionRule
	at org.springframework.data.redis.support.collections.RedisSetTests.<init>(RedisSetTests.java:38)
]]></error>
  </testcase>
  <testcase name="removeAll[13]" classname="org.springframework.data.redis.support.collections.RedisSetTests" time="0">
    <error message="Could not initialize class org.springframework.data.redis.test.util.MinimumRedisVersionRule" type="java.lang.NoClassDefFoundError"><![CDATA[java.lang.NoClassDefFoundError: Could not initialize class org.springframework.data.redis.test.util.MinimumRedisVersionRule
	at org.springframework.data.redis.support.collections.RedisSetTests.<init>(RedisSetTests.java:38)
]]></error>
  </testcase>
  <testcase name="testEquals[13]" classname="org.springframework.data.redis.support.collections.RedisSetTests" time="0">
    <error message="Could not initialize class org.springframework.data.redis.test.util.MinimumRedisVersionRule" type="java.lang.NoClassDefFoundError"><![CDATA[java.lang.NoClassDefFoundError: Could not initialize class org.springframework.data.redis.test.util.MinimumRedisVersionRule
	at org.springframework.data.redis.support.collections.RedisSetTests.<init>(RedisSetTests.java:38)
]]></error>
  </testcase>
  <testcase name="testGetKey[13]" classname="org.springframework.data.redis.support.collections.RedisSetTests" time="0">
    <error message="Could not initialize class org.springframework.data.redis.test.util.MinimumRedisVersionRule" type="java.lang.NoClassDefFoundError"><![CDATA[java.lang.NoClassDefFoundError: Could not initialize class org.springframework.data.redis.test.util.MinimumRedisVersionRule
	at org.springframework.data.redis.support.collections.RedisSetTests.<init>(RedisSetTests.java:38)
]]></error>
  </testcase>
  <testcase name="testIsEmpty[13]" classname="org.springframework.data.redis.support.collections.RedisSetTests" time="0">
    <error message="Could not initialize class org.springframework.data.redis.test.util.MinimumRedisVersionRule" type="java.lang.NoClassDefFoundError"><![CDATA[java.lang.NoClassDefFoundError: Could not initialize class org.springframework.data.redis.test.util.MinimumRedisVersionRule
	at org.springframework.data.redis.support.collections.RedisSetTests.<init>(RedisSetTests.java:38)
]]></error>
  </testcase>
  <testcase name="testDiffAndStore[14]" classname="org.springframework.data.redis.support.collections.RedisSetTests" time="0.001">
    <error message="Could not initialize class org.springframework.data.redis.test.util.MinimumRedisVersionRule" type="java.lang.NoClassDefFoundError"><![CDATA[java.lang.NoClassDefFoundError: Could not initialize class org.springframework.data.redis.test.util.MinimumRedisVersionRule
	at org.springframework.data.redis.support.collections.RedisSetTests.<init>(RedisSetTests.java:38)
]]></error>
  </testcase>
  <testcase name="testToArray[14]" classname="org.springframework.data.redis.support.collections.RedisSetTests" time="0">
    <error message="Could not initialize class org.springframework.data.redis.test.util.MinimumRedisVersionRule" type="java.lang.NoClassDefFoundError"><![CDATA[java.lang.NoClassDefFoundError: Could not initialize class org.springframework.data.redis.test.util.MinimumRedisVersionRule
	at org.springframework.data.redis.support.collections.RedisSetTests.<init>(RedisSetTests.java:38)
]]></error>
  </testcase>
  <testcase name="testUnion[14]" classname="org.springframework.data.redis.support.collections.RedisSetTests" time="0">
    <error message="Could not initialize class org.springframework.data.redis.test.util.MinimumRedisVersionRule" type="java.lang.NoClassDefFoundError"><![CDATA[java.lang.NoClassDefFoundError: Could not initialize class org.springframework.data.redis.test.util.MinimumRedisVersionRule
	at org.springframework.data.redis.support.collections.RedisSetTests.<init>(RedisSetTests.java:38)
]]></error>
  </testcase>
  <testcase name="testDiff[14]" classname="org.springframework.data.redis.support.collections.RedisSetTests" time="0">
    <error message="Could not initialize class org.springframework.data.redis.test.util.MinimumRedisVersionRule" type="java.lang.NoClassDefFoundError"><![CDATA[java.lang.NoClassDefFoundError: Could not initialize class org.springframework.data.redis.test.util.MinimumRedisVersionRule
	at org.springframework.data.redis.support.collections.RedisSetTests.<init>(RedisSetTests.java:38)
]]></error>
  </testcase>
  <testcase name="testScanWorksCorrectly[14]" classname="org.springframework.data.redis.support.collections.RedisSetTests" time="0">
    <error message="Could not initialize class org.springframework.data.redis.test.util.MinimumRedisVersionRule" type="java.lang.NoClassDefFoundError"><![CDATA[java.lang.NoClassDefFoundError: Could not initialize class org.springframework.data.redis.test.util.MinimumRedisVersionRule
	at org.springframework.data.redis.support.collections.RedisSetTests.<init>(RedisSetTests.java:38)
]]></error>
  </testcase>
  <testcase name="testUnionAndStore[14]" classname="org.springframework.data.redis.support.collections.RedisSetTests" time="0">
    <error message="Could not initialize class org.springframework.data.redis.test.util.MinimumRedisVersionRule" type="java.lang.NoClassDefFoundError"><![CDATA[java.lang.NoClassDefFoundError: Could not initialize class org.springframework.data.redis.test.util.MinimumRedisVersionRule
	at org.springframework.data.redis.support.collections.RedisSetTests.<init>(RedisSetTests.java:38)
]]></error>
  </testcase>
  <testcase name="testIntersect[14]" classname="org.springframework.data.redis.support.collections.RedisSetTests" time="0">
    <error message="Could not initialize class org.springframework.data.redis.test.util.MinimumRedisVersionRule" type="java.lang.NoClassDefFoundError"><![CDATA[java.lang.NoClassDefFoundError: Could not initialize class org.springframework.data.redis.test.util.MinimumRedisVersionRule
	at org.springframework.data.redis.support.collections.RedisSetTests.<init>(RedisSetTests.java:38)
]]></error>
  </testcase>
  <testcase name="testToArrayWithGenerics[14]" classname="org.springframework.data.redis.support.collections.RedisSetTests" time="0">
    <error message="Could not initialize class org.springframework.data.redis.test.util.MinimumRedisVersionRule" type="java.lang.NoClassDefFoundError"><![CDATA[java.lang.NoClassDefFoundError: Could not initialize class org.springframework.data.redis.test.util.MinimumRedisVersionRule
	at org.springframework.data.redis.support.collections.RedisSetTests.<init>(RedisSetTests.java:38)
]]></error>
  </testcase>
  <testcase name="testIterator[14]" classname="org.springframework.data.redis.support.collections.RedisSetTests" time="0.001">
    <error message="Could not initialize class org.springframework.data.redis.test.util.MinimumRedisVersionRule" type="java.lang.NoClassDefFoundError"><![CDATA[java.lang.NoClassDefFoundError: Could not initialize class org.springframework.data.redis.test.util.MinimumRedisVersionRule
	at org.springframework.data.redis.support.collections.RedisSetTests.<init>(RedisSetTests.java:38)
]]></error>
  </testcase>
  <testcase name="testContainsObject[14]" classname="org.springframework.data.redis.support.collections.RedisSetTests" time="0">
    <error message="Could not initialize class org.springframework.data.redis.test.util.MinimumRedisVersionRule" type="java.lang.NoClassDefFoundError"><![CDATA[java.lang.NoClassDefFoundError: Could not initialize class org.springframework.data.redis.test.util.MinimumRedisVersionRule
	at org.springframework.data.redis.support.collections.RedisSetTests.<init>(RedisSetTests.java:38)
]]></error>
  </testcase>
  <testcase name="testAdd[14]" classname="org.springframework.data.redis.support.collections.RedisSetTests" time="0">
    <error message="Could not initialize class org.springframework.data.redis.test.util.MinimumRedisVersionRule" type="java.lang.NoClassDefFoundError"><![CDATA[java.lang.NoClassDefFoundError: Could not initialize class org.springframework.data.redis.test.util.MinimumRedisVersionRule
	at org.springframework.data.redis.support.collections.RedisSetTests.<init>(RedisSetTests.java:38)
]]></error>
  </testcase>
  <testcase name="testClear[14]" classname="org.springframework.data.redis.support.collections.RedisSetTests" time="0.001">
    <error message="Could not initialize class org.springframework.data.redis.test.util.MinimumRedisVersionRule" type="java.lang.NoClassDefFoundError"><![CDATA[java.lang.NoClassDefFoundError: Could not initialize class org.springframework.data.redis.test.util.MinimumRedisVersionRule
	at org.springframework.data.redis.support.collections.RedisSetTests.<init>(RedisSetTests.java:38)
]]></error>
  </testcase>
  <testcase name="testSize[14]" classname="org.springframework.data.redis.support.collections.RedisSetTests" time="0">
    <error message="Could not initialize class org.springframework.data.redis.test.util.MinimumRedisVersionRule" type="java.lang.NoClassDefFoundError"><![CDATA[java.lang.NoClassDefFoundError: Could not initialize class org.springframework.data.redis.test.util.MinimumRedisVersionRule
	at org.springframework.data.redis.support.collections.RedisSetTests.<init>(RedisSetTests.java:38)
]]></error>
  </testcase>
  <testcase name="testToString[14]" classname="org.springframework.data.redis.support.collections.RedisSetTests" time="0">
    <error message="Could not initialize class org.springframework.data.redis.test.util.MinimumRedisVersionRule" type="java.lang.NoClassDefFoundError"><![CDATA[java.lang.NoClassDefFoundError: Could not initialize class org.springframework.data.redis.test.util.MinimumRedisVersionRule
	at org.springframework.data.redis.support.collections.RedisSetTests.<init>(RedisSetTests.java:38)
]]></error>
  </testcase>
  <testcase name="testContainsAll[14]" classname="org.springframework.data.redis.support.collections.RedisSetTests" time="0">
    <error message="Could not initialize class org.springframework.data.redis.test.util.MinimumRedisVersionRule" type="java.lang.NoClassDefFoundError"><![CDATA[java.lang.NoClassDefFoundError: Could not initialize class org.springframework.data.redis.test.util.MinimumRedisVersionRule
	at org.springframework.data.redis.support.collections.RedisSetTests.<init>(RedisSetTests.java:38)
]]></error>
  </testcase>
  <testcase name="testRemoveObject[14]" classname="org.springframework.data.redis.support.collections.RedisSetTests" time="0">
    <error message="Could not initialize class org.springframework.data.redis.test.util.MinimumRedisVersionRule" type="java.lang.NoClassDefFoundError"><![CDATA[java.lang.NoClassDefFoundError: Could not initialize class org.springframework.data.redis.test.util.MinimumRedisVersionRule
	at org.springframework.data.redis.support.collections.RedisSetTests.<init>(RedisSetTests.java:38)
]]></error>
  </testcase>
  <testcase name="testHashCode[14]" classname="org.springframework.data.redis.support.collections.RedisSetTests" time="0">
    <error message="Could not initialize class org.springframework.data.redis.test.util.MinimumRedisVersionRule" type="java.lang.NoClassDefFoundError"><![CDATA[java.lang.NoClassDefFoundError: Could not initialize class org.springframework.data.redis.test.util.MinimumRedisVersionRule
	at org.springframework.data.redis.support.collections.RedisSetTests.<init>(RedisSetTests.java:38)
]]></error>
  </testcase>
  <testcase name="testAddAll[14]" classname="org.springframework.data.redis.support.collections.RedisSetTests" time="0">
    <error message="Could not initialize class org.springframework.data.redis.test.util.MinimumRedisVersionRule" type="java.lang.NoClassDefFoundError"><![CDATA[java.lang.NoClassDefFoundError: Could not initialize class org.springframework.data.redis.test.util.MinimumRedisVersionRule
	at org.springframework.data.redis.support.collections.RedisSetTests.<init>(RedisSetTests.java:38)
]]></error>
  </testcase>
  <testcase name="removeAll[14]" classname="org.springframework.data.redis.support.collections.RedisSetTests" time="0">
    <error message="Could not initialize class org.springframework.data.redis.test.util.MinimumRedisVersionRule" type="java.lang.NoClassDefFoundError"><![CDATA[java.lang.NoClassDefFoundError: Could not initialize class org.springframework.data.redis.test.util.MinimumRedisVersionRule
	at org.springframework.data.redis.support.collections.RedisSetTests.<init>(RedisSetTests.java:38)
]]></error>
  </testcase>
  <testcase name="testEquals[14]" classname="org.springframework.data.redis.support.collections.RedisSetTests" time="0.001">
    <error message="Could not initialize class org.springframework.data.redis.test.util.MinimumRedisVersionRule" type="java.lang.NoClassDefFoundError"><![CDATA[java.lang.NoClassDefFoundError: Could not initialize class org.springframework.data.redis.test.util.MinimumRedisVersionRule
	at org.springframework.data.redis.support.collections.RedisSetTests.<init>(RedisSetTests.java:38)
]]></error>
  </testcase>
  <testcase name="testGetKey[14]" classname="org.springframework.data.redis.support.collections.RedisSetTests" time="0">
    <error message="Could not initialize class org.springframework.data.redis.test.util.MinimumRedisVersionRule" type="java.lang.NoClassDefFoundError"><![CDATA[java.lang.NoClassDefFoundError: Could not initialize class org.springframework.data.redis.test.util.MinimumRedisVersionRule
	at org.springframework.data.redis.support.collections.RedisSetTests.<init>(RedisSetTests.java:38)
]]></error>
  </testcase>
  <testcase name="testIsEmpty[14]" classname="org.springframework.data.redis.support.collections.RedisSetTests" time="0">
    <error message="Could not initialize class org.springframework.data.redis.test.util.MinimumRedisVersionRule" type="java.lang.NoClassDefFoundError"><![CDATA[java.lang.NoClassDefFoundError: Could not initialize class org.springframework.data.redis.test.util.MinimumRedisVersionRule
	at org.springframework.data.redis.support.collections.RedisSetTests.<init>(RedisSetTests.java:38)
]]></error>
  </testcase>
</testsuite>