<?xml version="1.0" encoding="UTF-8"?>
<testsuite name="com.bullhornsdk.data.TestStandardBullhornApiRest" time="40.176" tests="75" errors="0" skipped="0" failures="0">
  <properties>
    <property name="java.runtime.name" value="OpenJDK Runtime Environment"/>
    <property name="sun.boot.library.path" value="/usr/lib/jvm/java-8-openjdk-amd64/jre/lib/amd64"/>
    <property name="java.vm.version" value="25.121-b13"/>
    <property name="java.vm.vendor" value="Oracle Corporation"/>
    <property name="maven.multiModuleProjectDirectory" value="/root/workspace/bullhorn/sdk-rest/388225689"/>
    <property name="java.vendor.url" value="http://java.oracle.com/"/>
    <property name="path.separator" value=":"/>
    <property name="guice.disable.misplaced.annotation.check" value="true"/>
    <property name="skip.gulp" value="true"/>
    <property name="java.vm.name" value="OpenJDK 64-Bit Server VM"/>
    <property name="file.encoding.pkg" value="sun.io"/>
    <property name="sun.java.launcher" value="SUN_STANDARD"/>
    <property name="sun.os.patch.level" value="unknown"/>
    <property name="findbugs.skip" value="true"/>
    <property name="java.vm.specification.name" value="Java Virtual Machine Specification"/>
    <property name="user.dir" value="/root/workspace/bullhorn/sdk-rest/388225689"/>
    <property name="checkstyle.skip" value="true"/>
    <property name="java.runtime.version" value="1.8.0_121-8u121-b13-1~bpo8+1-b13"/>
    <property name="java.awt.graphicsenv" value="sun.awt.X11GraphicsEnvironment"/>
    <property name="skip.npm" value="true"/>
    <property name="java.endorsed.dirs" value="/usr/lib/jvm/java-8-openjdk-amd64/jre/lib/endorsed"/>
    <property name="os.arch" value="amd64"/>
    <property name="java.io.tmpdir" value="/tmp"/>
    <property name="gpg.skip" value="true"/>
    <property name="line.separator" value="&#10;"/>
    <property name="java.vm.specification.vendor" value="Oracle Corporation"/>
    <property name="cobertura.skip" value="true"/>
    <property name="os.name" value="Linux"/>
    <property name="classworlds.conf" value="/usr/share/maven/bin/m2.conf"/>
    <property name="sun.jnu.encoding" value="UTF-8"/>
    <property name="java.library.path" value="/usr/java/packages/lib/amd64:/usr/lib/x86_64-linux-gnu/jni:/lib/x86_64-linux-gnu:/usr/lib/x86_64-linux-gnu:/usr/lib/jni:/lib:/usr/lib"/>
    <property name="license.skip" value="true"/>
    <property name="java.specification.name" value="Java Platform API Specification"/>
    <property name="java.class.version" value="52.0"/>
    <property name="sun.management.compiler" value="HotSpot 64-Bit Tiered Compilers"/>
    <property name="skip.bower" value="true"/>
    <property name="maven.repo.local" value="/root/./workspace/bullhorn/sdk-rest/388225689/.m2"/>
    <property name="os.version" value="3.10.0-862.3.2.el7.x86_64"/>
    <property name="user.home" value="/root"/>
    <property name="user.timezone" value="Europe/Paris"/>
    <property name="java.awt.printerjob" value="sun.print.PSPrinterJob"/>
    <property name="java.specification.version" value="1.8"/>
    <property name="file.encoding" value="UTF-8"/>
    <property name="user.name" value="root"/>
    <property name="java.class.path" value="/usr/share/maven/boot/plexus-classworlds-2.5.2.jar"/>
    <property name="skipITs" value="true"/>
    <property name="java.vm.specification.version" value="1.8"/>
    <property name="sun.arch.data.model" value="64"/>
    <property name="java.home" value="/usr/lib/jvm/java-8-openjdk-amd64/jre"/>
    <property name="sun.java.command" value="org.codehaus.plexus.classworlds.launcher.Launcher -B -D enforcer.skip=true -D dependency-check.skip=true -D skipITs=true -D cobertura.skip=true -D maven.repo.local=/root/./workspace/bullhorn/sdk-rest/388225689/.m2 -D rat.skip=true -D findbugs.skip=true -D skip.bower=true -D gpg.skip=true -D checkstyle.skip=true -D skip.gulp=true -D license.skip=true -D skip.npm=true test"/>
    <property name="java.specification.vendor" value="Oracle Corporation"/>
    <property name="user.language" value="en"/>
    <property name="awt.toolkit" value="sun.awt.X11.XToolkit"/>
    <property name="dependency-check.skip" value="true"/>
    <property name="java.vm.info" value="mixed mode"/>
    <property name="java.version" value="1.8.0_121"/>
    <property name="java.ext.dirs" value="/usr/lib/jvm/java-8-openjdk-amd64/jre/lib/ext:/usr/java/packages/lib/ext"/>
    <property name="securerandom.source" value="file:/dev/./urandom"/>
    <property name="sun.boot.class.path" value="/usr/lib/jvm/java-8-openjdk-amd64/jre/lib/resources.jar:/usr/lib/jvm/java-8-openjdk-amd64/jre/lib/rt.jar:/usr/lib/jvm/java-8-openjdk-amd64/jre/lib/sunrsasign.jar:/usr/lib/jvm/java-8-openjdk-amd64/jre/lib/jsse.jar:/usr/lib/jvm/java-8-openjdk-amd64/jre/lib/jce.jar:/usr/lib/jvm/java-8-openjdk-amd64/jre/lib/charsets.jar:/usr/lib/jvm/java-8-openjdk-amd64/jre/lib/jfr.jar:/usr/lib/jvm/java-8-openjdk-amd64/jre/classes"/>
    <property name="java.vendor" value="Oracle Corporation"/>
    <property name="enforcer.skip" value="true"/>
    <property name="rat.skip" value="true"/>
    <property name="maven.home" value="/usr/share/maven"/>
    <property name="file.separator" value="/"/>
    <property name="java.vendor.url.bug" value="http://bugreport.sun.com/bugreport/"/>
    <property name="sun.cpu.endian" value="little"/>
    <property name="sun.io.unicode.encoding" value="UnicodeLittle"/>
    <property name="sun.cpu.isalist" value=""/>
  </properties>
  <testcase name="testFindSendout" classname="com.bullhornsdk.data.TestStandardBullhornApiRest" time="0.548"/>
  <testcase name="testFindClientCorporation" classname="com.bullhornsdk.data.TestStandardBullhornApiRest" time="0.539"/>
  <testcase name="testFindNoteEntityFields" classname="com.bullhornsdk.data.TestStandardBullhornApiRest" time="0.536"/>
  <testcase name="testFindCandidateEducationFields" classname="com.bullhornsdk.data.TestStandardBullhornApiRest" time="0.53"/>
  <testcase name="testFindPlacementChangeRequestFields" classname="com.bullhornsdk.data.TestStandardBullhornApiRest" time="0.54"/>
  <testcase name="testFindJobSubmissionHistoryFields" classname="com.bullhornsdk.data.TestStandardBullhornApiRest" time="0.54"/>
  <testcase name="testFindBusinessSectorFields" classname="com.bullhornsdk.data.TestStandardBullhornApiRest" time="0.534"/>
  <testcase name="testFindTaskFields" classname="com.bullhornsdk.data.TestStandardBullhornApiRest" time="0.544"/>
  <testcase name="testFindJobSubmissionHistory" classname="com.bullhornsdk.data.TestStandardBullhornApiRest" time="0.52"/>
  <testcase name="testFindCandidate" classname="com.bullhornsdk.data.TestStandardBullhornApiRest" time="0.524"/>
  <testcase name="testFindCandidateEducation" classname="com.bullhornsdk.data.TestStandardBullhornApiRest" time="0.525"/>
  <testcase name="testFindCandidateFields" classname="com.bullhornsdk.data.TestStandardBullhornApiRest" time="0.528"/>
  <testcase name="testFindClientContactFields" classname="com.bullhornsdk.data.TestStandardBullhornApiRest" time="0.547"/>
  <testcase name="testFindCountryFields" classname="com.bullhornsdk.data.TestStandardBullhornApiRest" time="0.53"/>
  <testcase name="testFindHousingComplex" classname="com.bullhornsdk.data.TestStandardBullhornApiRest" time="0.527"/>
  <testcase name="testFindSpecialtyFields" classname="com.bullhornsdk.data.TestStandardBullhornApiRest" time="0.521"/>
  <testcase name="testFindSkillFields" classname="com.bullhornsdk.data.TestStandardBullhornApiRest" time="0.526"/>
  <testcase name="testFindOpporutnityCustomObject" classname="com.bullhornsdk.data.TestStandardBullhornApiRest" time="0.512"/>
  <testcase name="testFindBranch" classname="com.bullhornsdk.data.TestStandardBullhornApiRest" time="0.522"/>
  <testcase name="testFindHousingComplexFields" classname="com.bullhornsdk.data.TestStandardBullhornApiRest" time="0.531"/>
  <testcase name="testFindTimeUnit" classname="com.bullhornsdk.data.TestStandardBullhornApiRest" time="0.54"/>
  <testcase name="testFindCorporationDepartmentFields" classname="com.bullhornsdk.data.TestStandardBullhornApiRest" time="0.551"/>
  <testcase name="testFindCandidateReferenceFields" classname="com.bullhornsdk.data.TestStandardBullhornApiRest" time="0.536"/>
  <testcase name="testFindPlacementCommission" classname="com.bullhornsdk.data.TestStandardBullhornApiRest" time="0.563"/>
  <testcase name="testFindAppointmentFields" classname="com.bullhornsdk.data.TestStandardBullhornApiRest" time="0.54"/>
  <testcase name="testFindTimeUnitFields" classname="com.bullhornsdk.data.TestStandardBullhornApiRest" time="0.518"/>
  <testcase name="testFindJobOrder" classname="com.bullhornsdk.data.TestStandardBullhornApiRest" time="0.525"/>
  <testcase name="testFindPlacement" classname="com.bullhornsdk.data.TestStandardBullhornApiRest" time="0.536"/>
  <testcase name="testFindCandidateWorkHistory" classname="com.bullhornsdk.data.TestStandardBullhornApiRest" time="0.537"/>
  <testcase name="testFindCandidateWorkHistoryFields" classname="com.bullhornsdk.data.TestStandardBullhornApiRest" time="0.549"/>
  <testcase name="testFindAppointment" classname="com.bullhornsdk.data.TestStandardBullhornApiRest" time="0.527"/>
  <testcase name="testFindWorkersCompensationRate" classname="com.bullhornsdk.data.TestStandardBullhornApiRest" time="0.527"/>
  <testcase name="testFindPlacementCommissionFields" classname="com.bullhornsdk.data.TestStandardBullhornApiRest" time="0.549"/>
  <testcase name="testFindSendoutFields" classname="com.bullhornsdk.data.TestStandardBullhornApiRest" time="0.535"/>
  <testcase name="testFindCertificationFields" classname="com.bullhornsdk.data.TestStandardBullhornApiRest" time="0.54"/>
  <testcase name="testFindOpportunity" classname="com.bullhornsdk.data.TestStandardBullhornApiRest" time="0.553"/>
  <testcase name="testFindMultipleNotes" classname="com.bullhornsdk.data.TestStandardBullhornApiRest" time="0.541"/>
  <testcase name="testFindCertification" classname="com.bullhornsdk.data.TestStandardBullhornApiRest" time="0.546"/>
  <testcase name="testFindFile" classname="com.bullhornsdk.data.TestStandardBullhornApiRest" time="0.561"/>
  <testcase name="testFindLead" classname="com.bullhornsdk.data.TestStandardBullhornApiRest" time="0.557"/>
  <testcase name="testFindNote" classname="com.bullhornsdk.data.TestStandardBullhornApiRest" time="0.546"/>
  <testcase name="testFindTask" classname="com.bullhornsdk.data.TestStandardBullhornApiRest" time="0.541"/>
  <testcase name="testFindPlacementFields" classname="com.bullhornsdk.data.TestStandardBullhornApiRest" time="0.539"/>
  <testcase name="testFindClientCorporationFields" classname="com.bullhornsdk.data.TestStandardBullhornApiRest" time="0.559"/>
  <testcase name="testFindCategoryFields" classname="com.bullhornsdk.data.TestStandardBullhornApiRest" time="0.528"/>
  <testcase name="testFindWorkersCompensation" classname="com.bullhornsdk.data.TestStandardBullhornApiRest" time="0.631"/>
  <testcase name="testFindJobBoardPost" classname="com.bullhornsdk.data.TestStandardBullhornApiRest" time="0.524"/>
  <testcase name="testFindSpecialty" classname="com.bullhornsdk.data.TestStandardBullhornApiRest" time="0.532"/>
  <testcase name="testFindNoteEntity" classname="com.bullhornsdk.data.TestStandardBullhornApiRest" time="0.527"/>
  <testcase name="testFindNoteFields" classname="com.bullhornsdk.data.TestStandardBullhornApiRest" time="0.535"/>
  <testcase name="testFindCorporationDepartment" classname="com.bullhornsdk.data.TestStandardBullhornApiRest" time="0.523"/>
  <testcase name="testFindCorporateUserFields" classname="com.bullhornsdk.data.TestStandardBullhornApiRest" time="0.521"/>
  <testcase name="testFindPersonCustomObject" classname="com.bullhornsdk.data.TestStandardBullhornApiRest" time="0.532"/>
  <testcase name="testFindJobSubmission" classname="com.bullhornsdk.data.TestStandardBullhornApiRest" time="0.52"/>
  <testcase name="testFindAppointmentAttendee" classname="com.bullhornsdk.data.TestStandardBullhornApiRest" time="0.571"/>
  <testcase name="testFindSkill" classname="com.bullhornsdk.data.TestStandardBullhornApiRest" time="0.533"/>
  <testcase name="testFindState" classname="com.bullhornsdk.data.TestStandardBullhornApiRest" time="0.531"/>
  <testcase name="testFindJobCustomObject" classname="com.bullhornsdk.data.TestStandardBullhornApiRest" time="0.523"/>
  <testcase name="testFindBusinessSector" classname="com.bullhornsdk.data.TestStandardBullhornApiRest" time="0.526"/>
  <testcase name="testFindCountry" classname="com.bullhornsdk.data.TestStandardBullhornApiRest" time="0.545"/>
  <testcase name="testFindJobSubmissionFields" classname="com.bullhornsdk.data.TestStandardBullhornApiRest" time="0.535"/>
  <testcase name="testFindTask_placement" classname="com.bullhornsdk.data.TestStandardBullhornApiRest" time="0.537"/>
  <testcase name="testFindCategory" classname="com.bullhornsdk.data.TestStandardBullhornApiRest" time="0.521"/>
  <testcase name="testFindCorporateUser" classname="com.bullhornsdk.data.TestStandardBullhornApiRest" time="0.518"/>
  <testcase name="testFindDepartmentFields" classname="com.bullhornsdk.data.TestStandardBullhornApiRest" time="0.535"/>
  <testcase name="testFindJobOrderFields" classname="com.bullhornsdk.data.TestStandardBullhornApiRest" time="0.532"/>
  <testcase name="testFindClientCorporationCustomObject" classname="com.bullhornsdk.data.TestStandardBullhornApiRest" time="0.522"/>
  <testcase name="testFindPlacementCustomObject" classname="com.bullhornsdk.data.TestStandardBullhornApiRest" time="0.523"/>
  <testcase name="testFindAppointmentAttendeeFields" classname="com.bullhornsdk.data.TestStandardBullhornApiRest" time="0.536"/>
  <testcase name="testFindTearsheetFields" classname="com.bullhornsdk.data.TestStandardBullhornApiRest" time="0.527"/>
  <testcase name="testFindPlacementChangeRequest" classname="com.bullhornsdk.data.TestStandardBullhornApiRest" time="0.537"/>
  <testcase name="testFindStateFields" classname="com.bullhornsdk.data.TestStandardBullhornApiRest" time="0.53"/>
  <testcase name="testFindClientContact" classname="com.bullhornsdk.data.TestStandardBullhornApiRest" time="0.523"/>
  <testcase name="testFindCandidateReference" classname="com.bullhornsdk.data.TestStandardBullhornApiRest" time="0.523"/>
  <testcase name="testFindTearsheet" classname="com.bullhornsdk.data.TestStandardBullhornApiRest" time="0.535"/>
</testsuite>