<?xml version="1.0" encoding="UTF-8"?>
<testsuite xmlns:xsi="http://www.w3.org/2001/XMLSchema-instance" xsi:schemaLocation="https://maven.apache.org/surefire/maven-surefire-plugin/xsd/surefire-test-report.xsd" name="org.springframework.data.redis.core.RedisTemplateTests" time="0.59" tests="819" errors="819" skipped="0" failures="0">
  <properties>
    <property name="java.runtime.name" value="OpenJDK Runtime Environment"/>
    <property name="sun.boot.library.path" value="/usr/lib/jvm/java-8-openjdk-amd64/jre/lib/amd64"/>
    <property name="java.vm.version" value="25.121-b13"/>
    <property name="java.vm.vendor" value="Oracle Corporation"/>
    <property name="maven.multiModuleProjectDirectory" value="/root/workspace/spring-projects/spring-data-redis/388703425"/>
    <property name="java.vendor.url" value="http://java.oracle.com/"/>
    <property name="path.separator" value=":"/>
    <property name="guice.disable.misplaced.annotation.check" value="true"/>
    <property name="skip.gulp" value="true"/>
    <property name="java.vm.name" value="OpenJDK 64-Bit Server VM"/>
    <property name="file.encoding.pkg" value="sun.io"/>
    <property name="sun.java.launcher" value="SUN_STANDARD"/>
    <property name="sun.os.patch.level" value="unknown"/>
    <property name="findbugs.skip" value="true"/>
    <property name="java.vm.specification.name" value="Java Virtual Machine Specification"/>
    <property name="user.dir" value="/root/workspace/spring-projects/spring-data-redis/388703425"/>
    <property name="checkstyle.skip" value="true"/>
    <property name="java.runtime.version" value="1.8.0_121-8u121-b13-1~bpo8+1-b13"/>
    <property name="java.awt.graphicsenv" value="sun.awt.X11GraphicsEnvironment"/>
    <property name="skip.npm" value="true"/>
    <property name="java.endorsed.dirs" value="/usr/lib/jvm/java-8-openjdk-amd64/jre/lib/endorsed"/>
    <property name="os.arch" value="amd64"/>
    <property name="java.io.tmpdir" value="/tmp"/>
    <property name="gpg.skip" value="true"/>
    <property name="line.separator" value="&#10;"/>
    <property name="java.vm.specification.vendor" value="Oracle Corporation"/>
    <property name="cobertura.skip" value="true"/>
    <property name="os.name" value="Linux"/>
    <property name="classworlds.conf" value="/usr/share/maven/bin/m2.conf"/>
    <property name="sun.jnu.encoding" value="UTF-8"/>
    <property name="java.library.path" value="/usr/java/packages/lib/amd64:/usr/lib/x86_64-linux-gnu/jni:/lib/x86_64-linux-gnu:/usr/lib/x86_64-linux-gnu:/usr/lib/jni:/lib:/usr/lib"/>
    <property name="license.skip" value="true"/>
    <property name="java.specification.name" value="Java Platform API Specification"/>
    <property name="java.class.version" value="52.0"/>
    <property name="sun.management.compiler" value="HotSpot 64-Bit Tiered Compilers"/>
    <property name="skip.bower" value="true"/>
    <property name="maven.repo.local" value="/root/./workspace/spring-projects/spring-data-redis/388703425/.m2"/>
    <property name="os.version" value="3.10.0-862.3.2.el7.x86_64"/>
    <property name="user.home" value="/root"/>
    <property name="user.timezone" value="Europe/Paris"/>
    <property name="java.awt.printerjob" value="sun.print.PSPrinterJob"/>
    <property name="java.specification.version" value="1.8"/>
    <property name="file.encoding" value="UTF-8"/>
    <property name="user.name" value="root"/>
    <property name="java.class.path" value="/usr/share/maven/boot/plexus-classworlds-2.5.2.jar"/>
    <property name="skipITs" value="true"/>
    <property name="java.vm.specification.version" value="1.8"/>
    <property name="sun.arch.data.model" value="64"/>
    <property name="java.home" value="/usr/lib/jvm/java-8-openjdk-amd64/jre"/>
    <property name="sun.java.command" value="org.codehaus.plexus.classworlds.launcher.Launcher -B -D enforcer.skip=true -D dependency-check.skip=true -D skipITs=true -D cobertura.skip=true -D maven.repo.local=/root/./workspace/spring-projects/spring-data-redis/388703425/.m2 -D rat.skip=true -D findbugs.skip=true -D skip.bower=true -D gpg.skip=true -D checkstyle.skip=true -D skip.gulp=true -D license.skip=true -D skip.npm=true test"/>
    <property name="java.specification.vendor" value="Oracle Corporation"/>
    <property name="user.language" value="en"/>
    <property name="awt.toolkit" value="sun.awt.X11.XToolkit"/>
    <property name="dependency-check.skip" value="true"/>
    <property name="java.vm.info" value="mixed mode"/>
    <property name="java.version" value="1.8.0_121"/>
    <property name="java.ext.dirs" value="/usr/lib/jvm/java-8-openjdk-amd64/jre/lib/ext:/usr/java/packages/lib/ext"/>
    <property name="securerandom.source" value="file:/dev/./urandom"/>
    <property name="sun.boot.class.path" value="/usr/lib/jvm/java-8-openjdk-amd64/jre/lib/resources.jar:/usr/lib/jvm/java-8-openjdk-amd64/jre/lib/rt.jar:/usr/lib/jvm/java-8-openjdk-amd64/jre/lib/sunrsasign.jar:/usr/lib/jvm/java-8-openjdk-amd64/jre/lib/jsse.jar:/usr/lib/jvm/java-8-openjdk-amd64/jre/lib/jce.jar:/usr/lib/jvm/java-8-openjdk-amd64/jre/lib/charsets.jar:/usr/lib/jvm/java-8-openjdk-amd64/jre/lib/jfr.jar:/usr/lib/jvm/java-8-openjdk-amd64/jre/classes"/>
    <property name="java.vendor" value="Oracle Corporation"/>
    <property name="enforcer.skip" value="true"/>
    <property name="rat.skip" value="true"/>
    <property name="maven.home" value="/usr/share/maven"/>
    <property name="file.separator" value="/"/>
    <property name="java.vendor.url.bug" value="http://bugreport.sun.com/bugreport/"/>
    <property name="sun.cpu.endian" value="little"/>
    <property name="sun.io.unicode.encoding" value="UnicodeLittle"/>
    <property name="sun.cpu.isalist" value=""/>
  </properties>
  <testcase name="testRestoreTtl[0]" classname="org.springframework.data.redis.core.RedisTemplateTests" time="0.001">
    <error message="Could not initialize class org.springframework.data.redis.RedisTestProfileValueSource" type="java.lang.NoClassDefFoundError">java.lang.NoClassDefFoundError: Could not initialize class org.springframework.data.redis.RedisTestProfileValueSource
	at org.springframework.data.redis.core.RedisTemplateTests.testRestoreTtl(RedisTemplateTests.java:116)
</error>
  </testcase>
  <testcase name="testRestoreTtl[0]" classname="org.springframework.data.redis.core.RedisTemplateTests" time="0.002">
    <error message="Cannot get Jedis connection; nested exception is redis.clients.jedis.exceptions.JedisConnectionException: Could not get a resource from the pool" type="org.springframework.data.redis.RedisConnectionFailureException">org.springframework.data.redis.RedisConnectionFailureException: Cannot get Jedis connection; nested exception is redis.clients.jedis.exceptions.JedisConnectionException: Could not get a resource from the pool
	at org.springframework.data.redis.core.RedisTemplateTests.tearDown(RedisTemplateTests.java:85)
Caused by: redis.clients.jedis.exceptions.JedisConnectionException: Could not get a resource from the pool
	at org.springframework.data.redis.core.RedisTemplateTests.tearDown(RedisTemplateTests.java:85)
Caused by: redis.clients.jedis.exceptions.JedisConnectionException: java.net.ConnectException: Connection refused (Connection refused)
	at org.springframework.data.redis.core.RedisTemplateTests.tearDown(RedisTemplateTests.java:85)
Caused by: java.net.ConnectException: Connection refused (Connection refused)
	at org.springframework.data.redis.core.RedisTemplateTests.tearDown(RedisTemplateTests.java:85)
</error>
  </testcase>
  <testcase name="testGetExpireMillis[0]" classname="org.springframework.data.redis.core.RedisTemplateTests" time="0.002">
    <error message="Cannot get Jedis connection; nested exception is redis.clients.jedis.exceptions.JedisConnectionException: Could not get a resource from the pool" type="org.springframework.data.redis.RedisConnectionFailureException">org.springframework.data.redis.RedisConnectionFailureException: Cannot get Jedis connection; nested exception is redis.clients.jedis.exceptions.JedisConnectionException: Could not get a resource from the pool
	at org.springframework.data.redis.core.RedisTemplateTests.testGetExpireMillis(RedisTemplateTests.java:524)
Caused by: redis.clients.jedis.exceptions.JedisConnectionException: Could not get a resource from the pool
	at org.springframework.data.redis.core.RedisTemplateTests.testGetExpireMillis(RedisTemplateTests.java:524)
Caused by: redis.clients.jedis.exceptions.JedisConnectionException: java.net.ConnectException: Connection refused (Connection refused)
	at org.springframework.data.redis.core.RedisTemplateTests.testGetExpireMillis(RedisTemplateTests.java:524)
Caused by: java.net.ConnectException: Connection refused (Connection refused)
	at org.springframework.data.redis.core.RedisTemplateTests.testGetExpireMillis(RedisTemplateTests.java:524)
</error>
  </testcase>
  <testcase name="testGetExpireMillis[0]" classname="org.springframework.data.redis.core.RedisTemplateTests" time="0.002">
    <error message="Cannot get Jedis connection; nested exception is redis.clients.jedis.exceptions.JedisConnectionException: Could not get a resource from the pool" type="org.springframework.data.redis.RedisConnectionFailureException">org.springframework.data.redis.RedisConnectionFailureException: Cannot get Jedis connection; nested exception is redis.clients.jedis.exceptions.JedisConnectionException: Could not get a resource from the pool
	at org.springframework.data.redis.core.RedisTemplateTests.tearDown(RedisTemplateTests.java:85)
Caused by: redis.clients.jedis.exceptions.JedisConnectionException: Could not get a resource from the pool
	at org.springframework.data.redis.core.RedisTemplateTests.tearDown(RedisTemplateTests.java:85)
Caused by: redis.clients.jedis.exceptions.JedisConnectionException: java.net.ConnectException: Connection refused (Connection refused)
	at org.springframework.data.redis.core.RedisTemplateTests.tearDown(RedisTemplateTests.java:85)
Caused by: java.net.ConnectException: Connection refused (Connection refused)
	at org.springframework.data.redis.core.RedisTemplateTests.tearDown(RedisTemplateTests.java:85)
</error>
  </testcase>
  <testcase name="testExecutePipelinedTxCustomSerializer[0]" classname="org.springframework.data.redis.core.RedisTemplateTests" time="0.002">
    <error message="Cannot get Jedis connection; nested exception is redis.clients.jedis.exceptions.JedisConnectionException: Could not get a resource from the pool" type="org.springframework.data.redis.RedisConnectionFailureException">org.springframework.data.redis.RedisConnectionFailureException: Cannot get Jedis connection; nested exception is redis.clients.jedis.exceptions.JedisConnectionException: Could not get a resource from the pool
	at org.springframework.data.redis.core.RedisTemplateTests.testExecutePipelinedTxCustomSerializer(RedisTemplateTests.java:359)
Caused by: redis.clients.jedis.exceptions.JedisConnectionException: Could not get a resource from the pool
	at org.springframework.data.redis.core.RedisTemplateTests.testExecutePipelinedTxCustomSerializer(RedisTemplateTests.java:359)
Caused by: redis.clients.jedis.exceptions.JedisConnectionException: java.net.ConnectException: Connection refused (Connection refused)
	at org.springframework.data.redis.core.RedisTemplateTests.testExecutePipelinedTxCustomSerializer(RedisTemplateTests.java:359)
Caused by: java.net.ConnectException: Connection refused (Connection refused)
	at org.springframework.data.redis.core.RedisTemplateTests.testExecutePipelinedTxCustomSerializer(RedisTemplateTests.java:359)
</error>
  </testcase>
  <testcase name="testExecutePipelinedTxCustomSerializer[0]" classname="org.springframework.data.redis.core.RedisTemplateTests" time="0.003">
    <error message="Cannot get Jedis connection; nested exception is redis.clients.jedis.exceptions.JedisConnectionException: Could not get a resource from the pool" type="org.springframework.data.redis.RedisConnectionFailureException">org.springframework.data.redis.RedisConnectionFailureException: Cannot get Jedis connection; nested exception is redis.clients.jedis.exceptions.JedisConnectionException: Could not get a resource from the pool
	at org.springframework.data.redis.core.RedisTemplateTests.tearDown(RedisTemplateTests.java:85)
Caused by: redis.clients.jedis.exceptions.JedisConnectionException: Could not get a resource from the pool
	at org.springframework.data.redis.core.RedisTemplateTests.tearDown(RedisTemplateTests.java:85)
Caused by: redis.clients.jedis.exceptions.JedisConnectionException: java.net.ConnectException: Connection refused (Connection refused)
	at org.springframework.data.redis.core.RedisTemplateTests.tearDown(RedisTemplateTests.java:85)
Caused by: java.net.ConnectException: Connection refused (Connection refused)
	at org.springframework.data.redis.core.RedisTemplateTests.tearDown(RedisTemplateTests.java:85)
</error>
  </testcase>
  <testcase name="testExecutePipelinedNonNullRedisCallback[0]" classname="org.springframework.data.redis.core.RedisTemplateTests" time="0.003">
    <error message="Unexpected exception, expected&lt;org.springframework.dao.InvalidDataAccessApiUsageException&gt; but was&lt;org.springframework.data.redis.RedisConnectionFailureException&gt;" type="java.lang.Exception"><![CDATA[java.lang.Exception: Unexpected exception, expected<org.springframework.dao.InvalidDataAccessApiUsageException> but was<org.springframework.data.redis.RedisConnectionFailureException>
	at org.springframework.data.redis.core.RedisTemplateTests.testExecutePipelinedNonNullRedisCallback(RedisTemplateTests.java:330)
Caused by: redis.clients.jedis.exceptions.JedisConnectionException: Could not get a resource from the pool
	at org.springframework.data.redis.core.RedisTemplateTests.testExecutePipelinedNonNullRedisCallback(RedisTemplateTests.java:330)
Caused by: redis.clients.jedis.exceptions.JedisConnectionException: java.net.ConnectException: Connection refused (Connection refused)
	at org.springframework.data.redis.core.RedisTemplateTests.testExecutePipelinedNonNullRedisCallback(RedisTemplateTests.java:330)
Caused by: java.net.ConnectException: Connection refused (Connection refused)
	at org.springframework.data.redis.core.RedisTemplateTests.testExecutePipelinedNonNullRedisCallback(RedisTemplateTests.java:330)
]]></error>
  </testcase>
  <testcase name="testExecutePipelinedNonNullRedisCallback[0]" classname="org.springframework.data.redis.core.RedisTemplateTests" time="0.003">
    <error message="Cannot get Jedis connection; nested exception is redis.clients.jedis.exceptions.JedisConnectionException: Could not get a resource from the pool" type="org.springframework.data.redis.RedisConnectionFailureException">org.springframework.data.redis.RedisConnectionFailureException: Cannot get Jedis connection; nested exception is redis.clients.jedis.exceptions.JedisConnectionException: Could not get a resource from the pool
	at org.springframework.data.redis.core.RedisTemplateTests.tearDown(RedisTemplateTests.java:85)
Caused by: redis.clients.jedis.exceptions.JedisConnectionException: Could not get a resource from the pool
	at org.springframework.data.redis.core.RedisTemplateTests.tearDown(RedisTemplateTests.java:85)
Caused by: redis.clients.jedis.exceptions.JedisConnectionException: java.net.ConnectException: Connection refused (Connection refused)
	at org.springframework.data.redis.core.RedisTemplateTests.tearDown(RedisTemplateTests.java:85)
Caused by: java.net.ConnectException: Connection refused (Connection refused)
	at org.springframework.data.redis.core.RedisTemplateTests.tearDown(RedisTemplateTests.java:85)
</error>
  </testcase>
  <testcase name="testExecutePipelinedTx[0]" classname="org.springframework.data.redis.core.RedisTemplateTests" time="0.003">
    <error message="Cannot get Jedis connection; nested exception is redis.clients.jedis.exceptions.JedisConnectionException: Could not get a resource from the pool" type="org.springframework.data.redis.RedisConnectionFailureException">org.springframework.data.redis.RedisConnectionFailureException: Cannot get Jedis connection; nested exception is redis.clients.jedis.exceptions.JedisConnectionException: Could not get a resource from the pool
	at org.springframework.data.redis.core.RedisTemplateTests.testExecutePipelinedTx(RedisTemplateTests.java:338)
Caused by: redis.clients.jedis.exceptions.JedisConnectionException: Could not get a resource from the pool
	at org.springframework.data.redis.core.RedisTemplateTests.testExecutePipelinedTx(RedisTemplateTests.java:338)
Caused by: redis.clients.jedis.exceptions.JedisConnectionException: java.net.ConnectException: Connection refused (Connection refused)
	at org.springframework.data.redis.core.RedisTemplateTests.testExecutePipelinedTx(RedisTemplateTests.java:338)
Caused by: java.net.ConnectException: Connection refused (Connection refused)
	at org.springframework.data.redis.core.RedisTemplateTests.testExecutePipelinedTx(RedisTemplateTests.java:338)
</error>
  </testcase>
  <testcase name="testExecutePipelinedTx[0]" classname="org.springframework.data.redis.core.RedisTemplateTests" time="0.003">
    <error message="Cannot get Jedis connection; nested exception is redis.clients.jedis.exceptions.JedisConnectionException: Could not get a resource from the pool" type="org.springframework.data.redis.RedisConnectionFailureException">org.springframework.data.redis.RedisConnectionFailureException: Cannot get Jedis connection; nested exception is redis.clients.jedis.exceptions.JedisConnectionException: Could not get a resource from the pool
	at org.springframework.data.redis.core.RedisTemplateTests.tearDown(RedisTemplateTests.java:85)
Caused by: redis.clients.jedis.exceptions.JedisConnectionException: Could not get a resource from the pool
	at org.springframework.data.redis.core.RedisTemplateTests.tearDown(RedisTemplateTests.java:85)
Caused by: redis.clients.jedis.exceptions.JedisConnectionException: java.net.ConnectException: Connection refused (Connection refused)
	at org.springframework.data.redis.core.RedisTemplateTests.tearDown(RedisTemplateTests.java:85)
Caused by: java.net.ConnectException: Connection refused (Connection refused)
	at org.springframework.data.redis.core.RedisTemplateTests.tearDown(RedisTemplateTests.java:85)
</error>
  </testcase>
  <testcase name="testGetExpireMillisUsingPipelining[0]" classname="org.springframework.data.redis.core.RedisTemplateTests" time="0.002">
    <error message="Cannot get Jedis connection; nested exception is redis.clients.jedis.exceptions.JedisConnectionException: Could not get a resource from the pool" type="org.springframework.data.redis.RedisConnectionFailureException">org.springframework.data.redis.RedisConnectionFailureException: Cannot get Jedis connection; nested exception is redis.clients.jedis.exceptions.JedisConnectionException: Could not get a resource from the pool
	at org.springframework.data.redis.core.RedisTemplateTests.testGetExpireMillisUsingPipelining(RedisTemplateTests.java:568)
Caused by: redis.clients.jedis.exceptions.JedisConnectionException: Could not get a resource from the pool
	at org.springframework.data.redis.core.RedisTemplateTests.testGetExpireMillisUsingPipelining(RedisTemplateTests.java:568)
Caused by: redis.clients.jedis.exceptions.JedisConnectionException: java.net.ConnectException: Connection refused (Connection refused)
	at org.springframework.data.redis.core.RedisTemplateTests.testGetExpireMillisUsingPipelining(RedisTemplateTests.java:568)
Caused by: java.net.ConnectException: Connection refused (Connection refused)
	at org.springframework.data.redis.core.RedisTemplateTests.testGetExpireMillisUsingPipelining(RedisTemplateTests.java:568)
</error>
  </testcase>
  <testcase name="testGetExpireMillisUsingPipelining[0]" classname="org.springframework.data.redis.core.RedisTemplateTests" time="0.003">
    <error message="Cannot get Jedis connection; nested exception is redis.clients.jedis.exceptions.JedisConnectionException: Could not get a resource from the pool" type="org.springframework.data.redis.RedisConnectionFailureException">org.springframework.data.redis.RedisConnectionFailureException: Cannot get Jedis connection; nested exception is redis.clients.jedis.exceptions.JedisConnectionException: Could not get a resource from the pool
	at org.springframework.data.redis.core.RedisTemplateTests.tearDown(RedisTemplateTests.java:85)
Caused by: redis.clients.jedis.exceptions.JedisConnectionException: Could not get a resource from the pool
	at org.springframework.data.redis.core.RedisTemplateTests.tearDown(RedisTemplateTests.java:85)
Caused by: redis.clients.jedis.exceptions.JedisConnectionException: java.net.ConnectException: Connection refused (Connection refused)
	at org.springframework.data.redis.core.RedisTemplateTests.tearDown(RedisTemplateTests.java:85)
Caused by: java.net.ConnectException: Connection refused (Connection refused)
	at org.springframework.data.redis.core.RedisTemplateTests.tearDown(RedisTemplateTests.java:85)
</error>
  </testcase>
  <testcase name="testSortBulkMapper[0]" classname="org.springframework.data.redis.core.RedisTemplateTests" time="0.001">
    <error message="got: &lt;false&gt;, expected: is &lt;true&gt;" type="org.junit.AssumptionViolatedException"><![CDATA[org.junit.AssumptionViolatedException: got: <false>, expected: is <true>
	at org.springframework.data.redis.core.RedisTemplateTests.testSortBulkMapper(RedisTemplateTests.java:443)
]]></error>
  </testcase>
  <testcase name="testSortBulkMapper[0]" classname="org.springframework.data.redis.core.RedisTemplateTests" time="0.001">
    <error message="Cannot get Jedis connection; nested exception is redis.clients.jedis.exceptions.JedisConnectionException: Could not get a resource from the pool" type="org.springframework.data.redis.RedisConnectionFailureException">org.springframework.data.redis.RedisConnectionFailureException: Cannot get Jedis connection; nested exception is redis.clients.jedis.exceptions.JedisConnectionException: Could not get a resource from the pool
	at org.springframework.data.redis.core.RedisTemplateTests.tearDown(RedisTemplateTests.java:85)
Caused by: redis.clients.jedis.exceptions.JedisConnectionException: Could not get a resource from the pool
	at org.springframework.data.redis.core.RedisTemplateTests.tearDown(RedisTemplateTests.java:85)
Caused by: redis.clients.jedis.exceptions.JedisConnectionException: java.net.ConnectException: Connection refused (Connection refused)
	at org.springframework.data.redis.core.RedisTemplateTests.tearDown(RedisTemplateTests.java:85)
Caused by: java.net.ConnectException: Connection refused (Connection refused)
	at org.springframework.data.redis.core.RedisTemplateTests.tearDown(RedisTemplateTests.java:85)
</error>
  </testcase>
  <testcase name="testExpireAt[0]" classname="org.springframework.data.redis.core.RedisTemplateTests" time="0.002">
    <error message="Cannot get Jedis connection; nested exception is redis.clients.jedis.exceptions.JedisConnectionException: Could not get a resource from the pool" type="org.springframework.data.redis.RedisConnectionFailureException">org.springframework.data.redis.RedisConnectionFailureException: Cannot get Jedis connection; nested exception is redis.clients.jedis.exceptions.JedisConnectionException: Could not get a resource from the pool
	at org.springframework.data.redis.core.RedisTemplateTests.testExpireAt(RedisTemplateTests.java:608)
Caused by: redis.clients.jedis.exceptions.JedisConnectionException: Could not get a resource from the pool
	at org.springframework.data.redis.core.RedisTemplateTests.testExpireAt(RedisTemplateTests.java:608)
Caused by: redis.clients.jedis.exceptions.JedisConnectionException: java.net.ConnectException: Connection refused (Connection refused)
	at org.springframework.data.redis.core.RedisTemplateTests.testExpireAt(RedisTemplateTests.java:608)
Caused by: java.net.ConnectException: Connection refused (Connection refused)
	at org.springframework.data.redis.core.RedisTemplateTests.testExpireAt(RedisTemplateTests.java:608)
</error>
  </testcase>
  <testcase name="testExpireAt[0]" classname="org.springframework.data.redis.core.RedisTemplateTests" time="0.002">
    <error message="Cannot get Jedis connection; nested exception is redis.clients.jedis.exceptions.JedisConnectionException: Could not get a resource from the pool" type="org.springframework.data.redis.RedisConnectionFailureException">org.springframework.data.redis.RedisConnectionFailureException: Cannot get Jedis connection; nested exception is redis.clients.jedis.exceptions.JedisConnectionException: Could not get a resource from the pool
	at org.springframework.data.redis.core.RedisTemplateTests.tearDown(RedisTemplateTests.java:85)
Caused by: redis.clients.jedis.exceptions.JedisConnectionException: Could not get a resource from the pool
	at org.springframework.data.redis.core.RedisTemplateTests.tearDown(RedisTemplateTests.java:85)
Caused by: redis.clients.jedis.exceptions.JedisConnectionException: java.net.ConnectException: Connection refused (Connection refused)
	at org.springframework.data.redis.core.RedisTemplateTests.tearDown(RedisTemplateTests.java:85)
Caused by: java.net.ConnectException: Connection refused (Connection refused)
	at org.springframework.data.redis.core.RedisTemplateTests.tearDown(RedisTemplateTests.java:85)
</error>
  </testcase>
  <testcase name="testWatch[0]" classname="org.springframework.data.redis.core.RedisTemplateTests" time="0.002">
    <error message="Cannot get Jedis connection; nested exception is redis.clients.jedis.exceptions.JedisConnectionException: Could not get a resource from the pool" type="org.springframework.data.redis.RedisConnectionFailureException">org.springframework.data.redis.RedisConnectionFailureException: Cannot get Jedis connection; nested exception is redis.clients.jedis.exceptions.JedisConnectionException: Could not get a resource from the pool
	at org.springframework.data.redis.core.RedisTemplateTests.testWatch(RedisTemplateTests.java:686)
Caused by: redis.clients.jedis.exceptions.JedisConnectionException: Could not get a resource from the pool
	at org.springframework.data.redis.core.RedisTemplateTests.testWatch(RedisTemplateTests.java:686)
Caused by: redis.clients.jedis.exceptions.JedisConnectionException: java.net.ConnectException: Connection refused (Connection refused)
	at org.springframework.data.redis.core.RedisTemplateTests.testWatch(RedisTemplateTests.java:686)
Caused by: java.net.ConnectException: Connection refused (Connection refused)
	at org.springframework.data.redis.core.RedisTemplateTests.testWatch(RedisTemplateTests.java:686)
</error>
  </testcase>
  <testcase name="testWatch[0]" classname="org.springframework.data.redis.core.RedisTemplateTests" time="0.002">
    <error message="Cannot get Jedis connection; nested exception is redis.clients.jedis.exceptions.JedisConnectionException: Could not get a resource from the pool" type="org.springframework.data.redis.RedisConnectionFailureException">org.springframework.data.redis.RedisConnectionFailureException: Cannot get Jedis connection; nested exception is redis.clients.jedis.exceptions.JedisConnectionException: Could not get a resource from the pool
	at org.springframework.data.redis.core.RedisTemplateTests.tearDown(RedisTemplateTests.java:85)
Caused by: redis.clients.jedis.exceptions.JedisConnectionException: Could not get a resource from the pool
	at org.springframework.data.redis.core.RedisTemplateTests.tearDown(RedisTemplateTests.java:85)
Caused by: redis.clients.jedis.exceptions.JedisConnectionException: java.net.ConnectException: Connection refused (Connection refused)
	at org.springframework.data.redis.core.RedisTemplateTests.tearDown(RedisTemplateTests.java:85)
Caused by: java.net.ConnectException: Connection refused (Connection refused)
	at org.springframework.data.redis.core.RedisTemplateTests.tearDown(RedisTemplateTests.java:85)
</error>
  </testcase>
  <testcase name="testExec[0]" classname="org.springframework.data.redis.core.RedisTemplateTests" time="0.003">
    <error message="Cannot get Jedis connection; nested exception is redis.clients.jedis.exceptions.JedisConnectionException: Could not get a resource from the pool" type="org.springframework.data.redis.RedisConnectionFailureException">org.springframework.data.redis.RedisConnectionFailureException: Cannot get Jedis connection; nested exception is redis.clients.jedis.exceptions.JedisConnectionException: Could not get a resource from the pool
	at org.springframework.data.redis.core.RedisTemplateTests.testExec(RedisTemplateTests.java:168)
Caused by: redis.clients.jedis.exceptions.JedisConnectionException: Could not get a resource from the pool
	at org.springframework.data.redis.core.RedisTemplateTests.testExec(RedisTemplateTests.java:168)
Caused by: redis.clients.jedis.exceptions.JedisConnectionException: java.net.ConnectException: Connection refused (Connection refused)
	at org.springframework.data.redis.core.RedisTemplateTests.testExec(RedisTemplateTests.java:168)
Caused by: java.net.ConnectException: Connection refused (Connection refused)
	at org.springframework.data.redis.core.RedisTemplateTests.testExec(RedisTemplateTests.java:168)
</error>
  </testcase>
  <testcase name="testExec[0]" classname="org.springframework.data.redis.core.RedisTemplateTests" time="0.003">
    <error message="Cannot get Jedis connection; nested exception is redis.clients.jedis.exceptions.JedisConnectionException: Could not get a resource from the pool" type="org.springframework.data.redis.RedisConnectionFailureException">org.springframework.data.redis.RedisConnectionFailureException: Cannot get Jedis connection; nested exception is redis.clients.jedis.exceptions.JedisConnectionException: Could not get a resource from the pool
	at org.springframework.data.redis.core.RedisTemplateTests.tearDown(RedisTemplateTests.java:85)
Caused by: redis.clients.jedis.exceptions.JedisConnectionException: Could not get a resource from the pool
	at org.springframework.data.redis.core.RedisTemplateTests.tearDown(RedisTemplateTests.java:85)
Caused by: redis.clients.jedis.exceptions.JedisConnectionException: java.net.ConnectException: Connection refused (Connection refused)
	at org.springframework.data.redis.core.RedisTemplateTests.tearDown(RedisTemplateTests.java:85)
Caused by: java.net.ConnectException: Connection refused (Connection refused)
	at org.springframework.data.redis.core.RedisTemplateTests.tearDown(RedisTemplateTests.java:85)
</error>
  </testcase>
  <testcase name="testKeys[0]" classname="org.springframework.data.redis.core.RedisTemplateTests" time="0.002">
    <error message="Cannot get Jedis connection; nested exception is redis.clients.jedis.exceptions.JedisConnectionException: Could not get a resource from the pool" type="org.springframework.data.redis.RedisConnectionFailureException">org.springframework.data.redis.RedisConnectionFailureException: Cannot get Jedis connection; nested exception is redis.clients.jedis.exceptions.JedisConnectionException: Could not get a resource from the pool
	at org.springframework.data.redis.core.RedisTemplateTests.testKeys(RedisTemplateTests.java:134)
Caused by: redis.clients.jedis.exceptions.JedisConnectionException: Could not get a resource from the pool
	at org.springframework.data.redis.core.RedisTemplateTests.testKeys(RedisTemplateTests.java:134)
Caused by: redis.clients.jedis.exceptions.JedisConnectionException: java.net.ConnectException: Connection refused (Connection refused)
	at org.springframework.data.redis.core.RedisTemplateTests.testKeys(RedisTemplateTests.java:134)
Caused by: java.net.ConnectException: Connection refused (Connection refused)
	at org.springframework.data.redis.core.RedisTemplateTests.testKeys(RedisTemplateTests.java:134)
</error>
  </testcase>
  <testcase name="testKeys[0]" classname="org.springframework.data.redis.core.RedisTemplateTests" time="0.002">
    <error message="Cannot get Jedis connection; nested exception is redis.clients.jedis.exceptions.JedisConnectionException: Could not get a resource from the pool" type="org.springframework.data.redis.RedisConnectionFailureException">org.springframework.data.redis.RedisConnectionFailureException: Cannot get Jedis connection; nested exception is redis.clients.jedis.exceptions.JedisConnectionException: Could not get a resource from the pool
	at org.springframework.data.redis.core.RedisTemplateTests.tearDown(RedisTemplateTests.java:85)
Caused by: redis.clients.jedis.exceptions.JedisConnectionException: Could not get a resource from the pool
	at org.springframework.data.redis.core.RedisTemplateTests.tearDown(RedisTemplateTests.java:85)
Caused by: redis.clients.jedis.exceptions.JedisConnectionException: java.net.ConnectException: Connection refused (Connection refused)
	at org.springframework.data.redis.core.RedisTemplateTests.tearDown(RedisTemplateTests.java:85)
Caused by: java.net.ConnectException: Connection refused (Connection refused)
	at org.springframework.data.redis.core.RedisTemplateTests.tearDown(RedisTemplateTests.java:85)
</error>
  </testcase>
  <testcase name="testSort[0]" classname="org.springframework.data.redis.core.RedisTemplateTests" time="0.001">
    <error message="got: &lt;false&gt;, expected: is &lt;true&gt;" type="org.junit.AssumptionViolatedException"><![CDATA[org.junit.AssumptionViolatedException: got: <false>, expected: is <true>
	at org.springframework.data.redis.core.RedisTemplateTests.testSort(RedisTemplateTests.java:420)
]]></error>
  </testcase>
  <testcase name="testSort[0]" classname="org.springframework.data.redis.core.RedisTemplateTests" time="0.002">
    <error message="Cannot get Jedis connection; nested exception is redis.clients.jedis.exceptions.JedisConnectionException: Could not get a resource from the pool" type="org.springframework.data.redis.RedisConnectionFailureException">org.springframework.data.redis.RedisConnectionFailureException: Cannot get Jedis connection; nested exception is redis.clients.jedis.exceptions.JedisConnectionException: Could not get a resource from the pool
	at org.springframework.data.redis.core.RedisTemplateTests.tearDown(RedisTemplateTests.java:85)
Caused by: redis.clients.jedis.exceptions.JedisConnectionException: Could not get a resource from the pool
	at org.springframework.data.redis.core.RedisTemplateTests.tearDown(RedisTemplateTests.java:85)
Caused by: redis.clients.jedis.exceptions.JedisConnectionException: java.net.ConnectException: Connection refused (Connection refused)
	at org.springframework.data.redis.core.RedisTemplateTests.tearDown(RedisTemplateTests.java:85)
Caused by: java.net.ConnectException: Connection refused (Connection refused)
	at org.springframework.data.redis.core.RedisTemplateTests.tearDown(RedisTemplateTests.java:85)
</error>
  </testcase>
  <testcase name="testType[0]" classname="org.springframework.data.redis.core.RedisTemplateTests" time="0.001">
    <error message="Cannot get Jedis connection; nested exception is redis.clients.jedis.exceptions.JedisConnectionException: Could not get a resource from the pool" type="org.springframework.data.redis.RedisConnectionFailureException">org.springframework.data.redis.RedisConnectionFailureException: Cannot get Jedis connection; nested exception is redis.clients.jedis.exceptions.JedisConnectionException: Could not get a resource from the pool
	at org.springframework.data.redis.core.RedisTemplateTests.testType(RedisTemplateTests.java:676)
Caused by: redis.clients.jedis.exceptions.JedisConnectionException: Could not get a resource from the pool
	at org.springframework.data.redis.core.RedisTemplateTests.testType(RedisTemplateTests.java:676)
Caused by: redis.clients.jedis.exceptions.JedisConnectionException: java.net.ConnectException: Connection refused (Connection refused)
	at org.springframework.data.redis.core.RedisTemplateTests.testType(RedisTemplateTests.java:676)
Caused by: java.net.ConnectException: Connection refused (Connection refused)
	at org.springframework.data.redis.core.RedisTemplateTests.testType(RedisTemplateTests.java:676)
</error>
  </testcase>
  <testcase name="testType[0]" classname="org.springframework.data.redis.core.RedisTemplateTests" time="0.002">
    <error message="Cannot get Jedis connection; nested exception is redis.clients.jedis.exceptions.JedisConnectionException: Could not get a resource from the pool" type="org.springframework.data.redis.RedisConnectionFailureException">org.springframework.data.redis.RedisConnectionFailureException: Cannot get Jedis connection; nested exception is redis.clients.jedis.exceptions.JedisConnectionException: Could not get a resource from the pool
	at org.springframework.data.redis.core.RedisTemplateTests.tearDown(RedisTemplateTests.java:85)
Caused by: redis.clients.jedis.exceptions.JedisConnectionException: Could not get a resource from the pool
	at org.springframework.data.redis.core.RedisTemplateTests.tearDown(RedisTemplateTests.java:85)
Caused by: redis.clients.jedis.exceptions.JedisConnectionException: java.net.ConnectException: Connection refused (Connection refused)
	at org.springframework.data.redis.core.RedisTemplateTests.tearDown(RedisTemplateTests.java:85)
Caused by: java.net.ConnectException: Connection refused (Connection refused)
	at org.springframework.data.redis.core.RedisTemplateTests.tearDown(RedisTemplateTests.java:85)
</error>
  </testcase>
  <testcase name="testPersist[0]" classname="org.springframework.data.redis.core.RedisTemplateTests" time="0.001">
    <error message="Could not initialize class org.springframework.data.redis.RedisTestProfileValueSource" type="java.lang.NoClassDefFoundError">java.lang.NoClassDefFoundError: Could not initialize class org.springframework.data.redis.RedisTestProfileValueSource
	at org.springframework.data.redis.core.RedisTemplateTests.testPersist(RedisTemplateTests.java:634)
</error>
  </testcase>
  <testcase name="testPersist[0]" classname="org.springframework.data.redis.core.RedisTemplateTests" time="0.001">
    <error message="Cannot get Jedis connection; nested exception is redis.clients.jedis.exceptions.JedisConnectionException: Could not get a resource from the pool" type="org.springframework.data.redis.RedisConnectionFailureException">org.springframework.data.redis.RedisConnectionFailureException: Cannot get Jedis connection; nested exception is redis.clients.jedis.exceptions.JedisConnectionException: Could not get a resource from the pool
	at org.springframework.data.redis.core.RedisTemplateTests.tearDown(RedisTemplateTests.java:85)
Caused by: redis.clients.jedis.exceptions.JedisConnectionException: Could not get a resource from the pool
	at org.springframework.data.redis.core.RedisTemplateTests.tearDown(RedisTemplateTests.java:85)
Caused by: redis.clients.jedis.exceptions.JedisConnectionException: java.net.ConnectException: Connection refused (Connection refused)
	at org.springframework.data.redis.core.RedisTemplateTests.tearDown(RedisTemplateTests.java:85)
Caused by: java.net.ConnectException: Connection refused (Connection refused)
	at org.springframework.data.redis.core.RedisTemplateTests.tearDown(RedisTemplateTests.java:85)
</error>
  </testcase>
  <testcase name="testRenameIfAbsent[0]" classname="org.springframework.data.redis.core.RedisTemplateTests" time="0.002">
    <error message="Cannot get Jedis connection; nested exception is redis.clients.jedis.exceptions.JedisConnectionException: Could not get a resource from the pool" type="org.springframework.data.redis.RedisConnectionFailureException">org.springframework.data.redis.RedisConnectionFailureException: Cannot get Jedis connection; nested exception is redis.clients.jedis.exceptions.JedisConnectionException: Could not get a resource from the pool
	at org.springframework.data.redis.core.RedisTemplateTests.testRenameIfAbsent(RedisTemplateTests.java:667)
Caused by: redis.clients.jedis.exceptions.JedisConnectionException: Could not get a resource from the pool
	at org.springframework.data.redis.core.RedisTemplateTests.testRenameIfAbsent(RedisTemplateTests.java:667)
Caused by: redis.clients.jedis.exceptions.JedisConnectionException: java.net.ConnectException: Connection refused (Connection refused)
	at org.springframework.data.redis.core.RedisTemplateTests.testRenameIfAbsent(RedisTemplateTests.java:667)
Caused by: java.net.ConnectException: Connection refused (Connection refused)
	at org.springframework.data.redis.core.RedisTemplateTests.testRenameIfAbsent(RedisTemplateTests.java:667)
</error>
  </testcase>
  <testcase name="testRenameIfAbsent[0]" classname="org.springframework.data.redis.core.RedisTemplateTests" time="0.002">
    <error message="Cannot get Jedis connection; nested exception is redis.clients.jedis.exceptions.JedisConnectionException: Could not get a resource from the pool" type="org.springframework.data.redis.RedisConnectionFailureException">org.springframework.data.redis.RedisConnectionFailureException: Cannot get Jedis connection; nested exception is redis.clients.jedis.exceptions.JedisConnectionException: Could not get a resource from the pool
	at org.springframework.data.redis.core.RedisTemplateTests.tearDown(RedisTemplateTests.java:85)
Caused by: redis.clients.jedis.exceptions.JedisConnectionException: Could not get a resource from the pool
	at org.springframework.data.redis.core.RedisTemplateTests.tearDown(RedisTemplateTests.java:85)
Caused by: redis.clients.jedis.exceptions.JedisConnectionException: java.net.ConnectException: Connection refused (Connection refused)
	at org.springframework.data.redis.core.RedisTemplateTests.tearDown(RedisTemplateTests.java:85)
Caused by: java.net.ConnectException: Connection refused (Connection refused)
	at org.springframework.data.redis.core.RedisTemplateTests.tearDown(RedisTemplateTests.java:85)
</error>
  </testcase>
  <testcase name="testUnwatch[0]" classname="org.springframework.data.redis.core.RedisTemplateTests" time="0.002">
    <error message="Cannot get Jedis connection; nested exception is redis.clients.jedis.exceptions.JedisConnectionException: Could not get a resource from the pool" type="org.springframework.data.redis.RedisConnectionFailureException">org.springframework.data.redis.RedisConnectionFailureException: Cannot get Jedis connection; nested exception is redis.clients.jedis.exceptions.JedisConnectionException: Could not get a resource from the pool
	at org.springframework.data.redis.core.RedisTemplateTests.testUnwatch(RedisTemplateTests.java:723)
Caused by: redis.clients.jedis.exceptions.JedisConnectionException: Could not get a resource from the pool
	at org.springframework.data.redis.core.RedisTemplateTests.testUnwatch(RedisTemplateTests.java:723)
Caused by: redis.clients.jedis.exceptions.JedisConnectionException: java.net.ConnectException: Connection refused (Connection refused)
	at org.springframework.data.redis.core.RedisTemplateTests.testUnwatch(RedisTemplateTests.java:723)
Caused by: java.net.ConnectException: Connection refused (Connection refused)
	at org.springframework.data.redis.core.RedisTemplateTests.testUnwatch(RedisTemplateTests.java:723)
</error>
  </testcase>
  <testcase name="testUnwatch[0]" classname="org.springframework.data.redis.core.RedisTemplateTests" time="0.002">
    <error message="Cannot get Jedis connection; nested exception is redis.clients.jedis.exceptions.JedisConnectionException: Could not get a resource from the pool" type="org.springframework.data.redis.RedisConnectionFailureException">org.springframework.data.redis.RedisConnectionFailureException: Cannot get Jedis connection; nested exception is redis.clients.jedis.exceptions.JedisConnectionException: Could not get a resource from the pool
	at org.springframework.data.redis.core.RedisTemplateTests.tearDown(RedisTemplateTests.java:85)
Caused by: redis.clients.jedis.exceptions.JedisConnectionException: Could not get a resource from the pool
	at org.springframework.data.redis.core.RedisTemplateTests.tearDown(RedisTemplateTests.java:85)
Caused by: redis.clients.jedis.exceptions.JedisConnectionException: java.net.ConnectException: Connection refused (Connection refused)
	at org.springframework.data.redis.core.RedisTemplateTests.tearDown(RedisTemplateTests.java:85)
Caused by: java.net.ConnectException: Connection refused (Connection refused)
	at org.springframework.data.redis.core.RedisTemplateTests.tearDown(RedisTemplateTests.java:85)
</error>
  </testcase>
  <testcase name="testGetExpireMillisUsingTransactions[0]" classname="org.springframework.data.redis.core.RedisTemplateTests" time="0.002">
    <error message="Cannot get Jedis connection; nested exception is redis.clients.jedis.exceptions.JedisConnectionException: Could not get a resource from the pool" type="org.springframework.data.redis.RedisConnectionFailureException">org.springframework.data.redis.RedisConnectionFailureException: Cannot get Jedis connection; nested exception is redis.clients.jedis.exceptions.JedisConnectionException: Could not get a resource from the pool
	at org.springframework.data.redis.core.RedisTemplateTests.testGetExpireMillisUsingTransactions(RedisTemplateTests.java:541)
Caused by: redis.clients.jedis.exceptions.JedisConnectionException: Could not get a resource from the pool
	at org.springframework.data.redis.core.RedisTemplateTests.testGetExpireMillisUsingTransactions(RedisTemplateTests.java:541)
Caused by: redis.clients.jedis.exceptions.JedisConnectionException: java.net.ConnectException: Connection refused (Connection refused)
	at org.springframework.data.redis.core.RedisTemplateTests.testGetExpireMillisUsingTransactions(RedisTemplateTests.java:541)
Caused by: java.net.ConnectException: Connection refused (Connection refused)
	at org.springframework.data.redis.core.RedisTemplateTests.testGetExpireMillisUsingTransactions(RedisTemplateTests.java:541)
</error>
  </testcase>
  <testcase name="testGetExpireMillisUsingTransactions[0]" classname="org.springframework.data.redis.core.RedisTemplateTests" time="0.003">
    <error message="Cannot get Jedis connection; nested exception is redis.clients.jedis.exceptions.JedisConnectionException: Could not get a resource from the pool" type="org.springframework.data.redis.RedisConnectionFailureException">org.springframework.data.redis.RedisConnectionFailureException: Cannot get Jedis connection; nested exception is redis.clients.jedis.exceptions.JedisConnectionException: Could not get a resource from the pool
	at org.springframework.data.redis.core.RedisTemplateTests.tearDown(RedisTemplateTests.java:85)
Caused by: redis.clients.jedis.exceptions.JedisConnectionException: Could not get a resource from the pool
	at org.springframework.data.redis.core.RedisTemplateTests.tearDown(RedisTemplateTests.java:85)
Caused by: redis.clients.jedis.exceptions.JedisConnectionException: java.net.ConnectException: Connection refused (Connection refused)
	at org.springframework.data.redis.core.RedisTemplateTests.tearDown(RedisTemplateTests.java:85)
Caused by: java.net.ConnectException: Connection refused (Connection refused)
	at org.springframework.data.redis.core.RedisTemplateTests.tearDown(RedisTemplateTests.java:85)
</error>
  </testcase>
  <testcase name="testExecCustomSerializer[0]" classname="org.springframework.data.redis.core.RedisTemplateTests" time="0.002">
    <error message="Cannot get Jedis connection; nested exception is redis.clients.jedis.exceptions.JedisConnectionException: Could not get a resource from the pool" type="org.springframework.data.redis.RedisConnectionFailureException">org.springframework.data.redis.RedisConnectionFailureException: Cannot get Jedis connection; nested exception is redis.clients.jedis.exceptions.JedisConnectionException: Could not get a resource from the pool
	at org.springframework.data.redis.core.RedisTemplateTests.testExecCustomSerializer(RedisTemplateTests.java:211)
Caused by: redis.clients.jedis.exceptions.JedisConnectionException: Could not get a resource from the pool
	at org.springframework.data.redis.core.RedisTemplateTests.testExecCustomSerializer(RedisTemplateTests.java:211)
Caused by: redis.clients.jedis.exceptions.JedisConnectionException: java.net.ConnectException: Connection refused (Connection refused)
	at org.springframework.data.redis.core.RedisTemplateTests.testExecCustomSerializer(RedisTemplateTests.java:211)
Caused by: java.net.ConnectException: Connection refused (Connection refused)
	at org.springframework.data.redis.core.RedisTemplateTests.testExecCustomSerializer(RedisTemplateTests.java:211)
</error>
  </testcase>
  <testcase name="testExecCustomSerializer[0]" classname="org.springframework.data.redis.core.RedisTemplateTests" time="0.002">
    <error message="Cannot get Jedis connection; nested exception is redis.clients.jedis.exceptions.JedisConnectionException: Could not get a resource from the pool" type="org.springframework.data.redis.RedisConnectionFailureException">org.springframework.data.redis.RedisConnectionFailureException: Cannot get Jedis connection; nested exception is redis.clients.jedis.exceptions.JedisConnectionException: Could not get a resource from the pool
	at org.springframework.data.redis.core.RedisTemplateTests.tearDown(RedisTemplateTests.java:85)
Caused by: redis.clients.jedis.exceptions.JedisConnectionException: Could not get a resource from the pool
	at org.springframework.data.redis.core.RedisTemplateTests.tearDown(RedisTemplateTests.java:85)
Caused by: redis.clients.jedis.exceptions.JedisConnectionException: java.net.ConnectException: Connection refused (Connection refused)
	at org.springframework.data.redis.core.RedisTemplateTests.tearDown(RedisTemplateTests.java:85)
Caused by: java.net.ConnectException: Connection refused (Connection refused)
	at org.springframework.data.redis.core.RedisTemplateTests.tearDown(RedisTemplateTests.java:85)
</error>
  </testcase>
  <testcase name="testExecutePipelinedCustomSerializer[0]" classname="org.springframework.data.redis.core.RedisTemplateTests" time="0.003">
    <error message="Cannot get Jedis connection; nested exception is redis.clients.jedis.exceptions.JedisConnectionException: Could not get a resource from the pool" type="org.springframework.data.redis.RedisConnectionFailureException">org.springframework.data.redis.RedisConnectionFailureException: Cannot get Jedis connection; nested exception is redis.clients.jedis.exceptions.JedisConnectionException: Could not get a resource from the pool
	at org.springframework.data.redis.core.RedisTemplateTests.testExecutePipelinedCustomSerializer(RedisTemplateTests.java:294)
Caused by: redis.clients.jedis.exceptions.JedisConnectionException: Could not get a resource from the pool
	at org.springframework.data.redis.core.RedisTemplateTests.testExecutePipelinedCustomSerializer(RedisTemplateTests.java:294)
Caused by: redis.clients.jedis.exceptions.JedisConnectionException: java.net.ConnectException: Connection refused (Connection refused)
	at org.springframework.data.redis.core.RedisTemplateTests.testExecutePipelinedCustomSerializer(RedisTemplateTests.java:294)
Caused by: java.net.ConnectException: Connection refused (Connection refused)
	at org.springframework.data.redis.core.RedisTemplateTests.testExecutePipelinedCustomSerializer(RedisTemplateTests.java:294)
</error>
  </testcase>
  <testcase name="testExecutePipelinedCustomSerializer[0]" classname="org.springframework.data.redis.core.RedisTemplateTests" time="0.003">
    <error message="Cannot get Jedis connection; nested exception is redis.clients.jedis.exceptions.JedisConnectionException: Could not get a resource from the pool" type="org.springframework.data.redis.RedisConnectionFailureException">org.springframework.data.redis.RedisConnectionFailureException: Cannot get Jedis connection; nested exception is redis.clients.jedis.exceptions.JedisConnectionException: Could not get a resource from the pool
	at org.springframework.data.redis.core.RedisTemplateTests.tearDown(RedisTemplateTests.java:85)
Caused by: redis.clients.jedis.exceptions.JedisConnectionException: Could not get a resource from the pool
	at org.springframework.data.redis.core.RedisTemplateTests.tearDown(RedisTemplateTests.java:85)
Caused by: redis.clients.jedis.exceptions.JedisConnectionException: java.net.ConnectException: Connection refused (Connection refused)
	at org.springframework.data.redis.core.RedisTemplateTests.tearDown(RedisTemplateTests.java:85)
Caused by: java.net.ConnectException: Connection refused (Connection refused)
	at org.springframework.data.redis.core.RedisTemplateTests.tearDown(RedisTemplateTests.java:85)
</error>
  </testcase>
  <testcase name="testExpireAtMillisNotSupported[0]" classname="org.springframework.data.redis.core.RedisTemplateTests" time="0.001">
    <error message="Could not initialize class org.springframework.data.redis.RedisTestProfileValueSource" type="java.lang.NoClassDefFoundError">java.lang.NoClassDefFoundError: Could not initialize class org.springframework.data.redis.RedisTestProfileValueSource
	at org.springframework.data.redis.core.RedisTemplateTests.testExpireAtMillisNotSupported(RedisTemplateTests.java:616)
</error>
  </testcase>
  <testcase name="testExpireAtMillisNotSupported[0]" classname="org.springframework.data.redis.core.RedisTemplateTests" time="0.002">
    <error message="Cannot get Jedis connection; nested exception is redis.clients.jedis.exceptions.JedisConnectionException: Could not get a resource from the pool" type="org.springframework.data.redis.RedisConnectionFailureException">org.springframework.data.redis.RedisConnectionFailureException: Cannot get Jedis connection; nested exception is redis.clients.jedis.exceptions.JedisConnectionException: Could not get a resource from the pool
	at org.springframework.data.redis.core.RedisTemplateTests.tearDown(RedisTemplateTests.java:85)
Caused by: redis.clients.jedis.exceptions.JedisConnectionException: Could not get a resource from the pool
	at org.springframework.data.redis.core.RedisTemplateTests.tearDown(RedisTemplateTests.java:85)
Caused by: redis.clients.jedis.exceptions.JedisConnectionException: java.net.ConnectException: Connection refused (Connection refused)
	at org.springframework.data.redis.core.RedisTemplateTests.tearDown(RedisTemplateTests.java:85)
Caused by: java.net.ConnectException: Connection refused (Connection refused)
	at org.springframework.data.redis.core.RedisTemplateTests.tearDown(RedisTemplateTests.java:85)
</error>
  </testcase>
  <testcase name="testGetExpireSecondsForKeyDoesNotExist[0]" classname="org.springframework.data.redis.core.RedisTemplateTests" time="0.002">
    <error message="Cannot get Jedis connection; nested exception is redis.clients.jedis.exceptions.JedisConnectionException: Could not get a resource from the pool" type="org.springframework.data.redis.RedisConnectionFailureException">org.springframework.data.redis.RedisConnectionFailureException: Cannot get Jedis connection; nested exception is redis.clients.jedis.exceptions.JedisConnectionException: Could not get a resource from the pool
	at org.springframework.data.redis.core.RedisTemplateTests.testGetExpireSecondsForKeyDoesNotExist(RedisTemplateTests.java:485)
Caused by: redis.clients.jedis.exceptions.JedisConnectionException: Could not get a resource from the pool
	at org.springframework.data.redis.core.RedisTemplateTests.testGetExpireSecondsForKeyDoesNotExist(RedisTemplateTests.java:485)
Caused by: redis.clients.jedis.exceptions.JedisConnectionException: java.net.ConnectException: Connection refused (Connection refused)
	at org.springframework.data.redis.core.RedisTemplateTests.testGetExpireSecondsForKeyDoesNotExist(RedisTemplateTests.java:485)
Caused by: java.net.ConnectException: Connection refused (Connection refused)
	at org.springframework.data.redis.core.RedisTemplateTests.testGetExpireSecondsForKeyDoesNotExist(RedisTemplateTests.java:485)
</error>
  </testcase>
  <testcase name="testGetExpireSecondsForKeyDoesNotExist[0]" classname="org.springframework.data.redis.core.RedisTemplateTests" time="0.002">
    <error message="Cannot get Jedis connection; nested exception is redis.clients.jedis.exceptions.JedisConnectionException: Could not get a resource from the pool" type="org.springframework.data.redis.RedisConnectionFailureException">org.springframework.data.redis.RedisConnectionFailureException: Cannot get Jedis connection; nested exception is redis.clients.jedis.exceptions.JedisConnectionException: Could not get a resource from the pool
	at org.springframework.data.redis.core.RedisTemplateTests.tearDown(RedisTemplateTests.java:85)
Caused by: redis.clients.jedis.exceptions.JedisConnectionException: Could not get a resource from the pool
	at org.springframework.data.redis.core.RedisTemplateTests.tearDown(RedisTemplateTests.java:85)
Caused by: redis.clients.jedis.exceptions.JedisConnectionException: java.net.ConnectException: Connection refused (Connection refused)
	at org.springframework.data.redis.core.RedisTemplateTests.tearDown(RedisTemplateTests.java:85)
Caused by: java.net.ConnectException: Connection refused (Connection refused)
	at org.springframework.data.redis.core.RedisTemplateTests.tearDown(RedisTemplateTests.java:85)
</error>
  </testcase>
  <testcase name="testRandomKey[0]" classname="org.springframework.data.redis.core.RedisTemplateTests" time="0.002">
    <error message="Cannot get Jedis connection; nested exception is redis.clients.jedis.exceptions.JedisConnectionException: Could not get a resource from the pool" type="org.springframework.data.redis.RedisConnectionFailureException">org.springframework.data.redis.RedisConnectionFailureException: Cannot get Jedis connection; nested exception is redis.clients.jedis.exceptions.JedisConnectionException: Could not get a resource from the pool
	at org.springframework.data.redis.core.RedisTemplateTests.testRandomKey(RedisTemplateTests.java:648)
Caused by: redis.clients.jedis.exceptions.JedisConnectionException: Could not get a resource from the pool
	at org.springframework.data.redis.core.RedisTemplateTests.testRandomKey(RedisTemplateTests.java:648)
Caused by: redis.clients.jedis.exceptions.JedisConnectionException: java.net.ConnectException: Connection refused (Connection refused)
	at org.springframework.data.redis.core.RedisTemplateTests.testRandomKey(RedisTemplateTests.java:648)
Caused by: java.net.ConnectException: Connection refused (Connection refused)
	at org.springframework.data.redis.core.RedisTemplateTests.testRandomKey(RedisTemplateTests.java:648)
</error>
  </testcase>
  <testcase name="testRandomKey[0]" classname="org.springframework.data.redis.core.RedisTemplateTests" time="0.002">
    <error message="Cannot get Jedis connection; nested exception is redis.clients.jedis.exceptions.JedisConnectionException: Could not get a resource from the pool" type="org.springframework.data.redis.RedisConnectionFailureException">org.springframework.data.redis.RedisConnectionFailureException: Cannot get Jedis connection; nested exception is redis.clients.jedis.exceptions.JedisConnectionException: Could not get a resource from the pool
	at org.springframework.data.redis.core.RedisTemplateTests.tearDown(RedisTemplateTests.java:85)
Caused by: redis.clients.jedis.exceptions.JedisConnectionException: Could not get a resource from the pool
	at org.springframework.data.redis.core.RedisTemplateTests.tearDown(RedisTemplateTests.java:85)
Caused by: redis.clients.jedis.exceptions.JedisConnectionException: java.net.ConnectException: Connection refused (Connection refused)
	at org.springframework.data.redis.core.RedisTemplateTests.tearDown(RedisTemplateTests.java:85)
Caused by: java.net.ConnectException: Connection refused (Connection refused)
	at org.springframework.data.redis.core.RedisTemplateTests.tearDown(RedisTemplateTests.java:85)
</error>
  </testcase>
  <testcase name="clientListShouldReturnCorrectly[0]" classname="org.springframework.data.redis.core.RedisTemplateTests" time="0.003">
    <error message="Cannot get Jedis connection; nested exception is redis.clients.jedis.exceptions.JedisConnectionException: Could not get a resource from the pool" type="org.springframework.data.redis.RedisConnectionFailureException">org.springframework.data.redis.RedisConnectionFailureException: Cannot get Jedis connection; nested exception is redis.clients.jedis.exceptions.JedisConnectionException: Could not get a resource from the pool
	at org.springframework.data.redis.core.RedisTemplateTests.clientListShouldReturnCorrectly(RedisTemplateTests.java:809)
Caused by: redis.clients.jedis.exceptions.JedisConnectionException: Could not get a resource from the pool
	at org.springframework.data.redis.core.RedisTemplateTests.clientListShouldReturnCorrectly(RedisTemplateTests.java:809)
Caused by: redis.clients.jedis.exceptions.JedisConnectionException: java.net.ConnectException: Connection refused (Connection refused)
	at org.springframework.data.redis.core.RedisTemplateTests.clientListShouldReturnCorrectly(RedisTemplateTests.java:809)
Caused by: java.net.ConnectException: Connection refused (Connection refused)
	at org.springframework.data.redis.core.RedisTemplateTests.clientListShouldReturnCorrectly(RedisTemplateTests.java:809)
</error>
  </testcase>
  <testcase name="clientListShouldReturnCorrectly[0]" classname="org.springframework.data.redis.core.RedisTemplateTests" time="0.003">
    <error message="Cannot get Jedis connection; nested exception is redis.clients.jedis.exceptions.JedisConnectionException: Could not get a resource from the pool" type="org.springframework.data.redis.RedisConnectionFailureException">org.springframework.data.redis.RedisConnectionFailureException: Cannot get Jedis connection; nested exception is redis.clients.jedis.exceptions.JedisConnectionException: Could not get a resource from the pool
	at org.springframework.data.redis.core.RedisTemplateTests.tearDown(RedisTemplateTests.java:85)
Caused by: redis.clients.jedis.exceptions.JedisConnectionException: Could not get a resource from the pool
	at org.springframework.data.redis.core.RedisTemplateTests.tearDown(RedisTemplateTests.java:85)
Caused by: redis.clients.jedis.exceptions.JedisConnectionException: java.net.ConnectException: Connection refused (Connection refused)
	at org.springframework.data.redis.core.RedisTemplateTests.tearDown(RedisTemplateTests.java:85)
Caused by: java.net.ConnectException: Connection refused (Connection refused)
	at org.springframework.data.redis.core.RedisTemplateTests.tearDown(RedisTemplateTests.java:85)
</error>
  </testcase>
  <testcase name="testExecutePipelinedNonNullSessionCallback[0]" classname="org.springframework.data.redis.core.RedisTemplateTests" time="0.002">
    <error message="Unexpected exception, expected&lt;org.springframework.dao.InvalidDataAccessApiUsageException&gt; but was&lt;org.springframework.data.redis.RedisConnectionFailureException&gt;" type="java.lang.Exception"><![CDATA[java.lang.Exception: Unexpected exception, expected<org.springframework.dao.InvalidDataAccessApiUsageException> but was<org.springframework.data.redis.RedisConnectionFailureException>
	at org.springframework.data.redis.core.RedisTemplateTests.testExecutePipelinedNonNullSessionCallback(RedisTemplateTests.java:377)
Caused by: redis.clients.jedis.exceptions.JedisConnectionException: Could not get a resource from the pool
	at org.springframework.data.redis.core.RedisTemplateTests.testExecutePipelinedNonNullSessionCallback(RedisTemplateTests.java:377)
Caused by: redis.clients.jedis.exceptions.JedisConnectionException: java.net.ConnectException: Connection refused (Connection refused)
	at org.springframework.data.redis.core.RedisTemplateTests.testExecutePipelinedNonNullSessionCallback(RedisTemplateTests.java:377)
Caused by: java.net.ConnectException: Connection refused (Connection refused)
	at org.springframework.data.redis.core.RedisTemplateTests.testExecutePipelinedNonNullSessionCallback(RedisTemplateTests.java:377)
]]></error>
  </testcase>
  <testcase name="testExecutePipelinedNonNullSessionCallback[0]" classname="org.springframework.data.redis.core.RedisTemplateTests" time="0.003">
    <error message="Cannot get Jedis connection; nested exception is redis.clients.jedis.exceptions.JedisConnectionException: Could not get a resource from the pool" type="org.springframework.data.redis.RedisConnectionFailureException">org.springframework.data.redis.RedisConnectionFailureException: Cannot get Jedis connection; nested exception is redis.clients.jedis.exceptions.JedisConnectionException: Could not get a resource from the pool
	at org.springframework.data.redis.core.RedisTemplateTests.tearDown(RedisTemplateTests.java:85)
Caused by: redis.clients.jedis.exceptions.JedisConnectionException: Could not get a resource from the pool
	at org.springframework.data.redis.core.RedisTemplateTests.tearDown(RedisTemplateTests.java:85)
Caused by: redis.clients.jedis.exceptions.JedisConnectionException: java.net.ConnectException: Connection refused (Connection refused)
	at org.springframework.data.redis.core.RedisTemplateTests.tearDown(RedisTemplateTests.java:85)
Caused by: java.net.ConnectException: Connection refused (Connection refused)
	at org.springframework.data.redis.core.RedisTemplateTests.tearDown(RedisTemplateTests.java:85)
</error>
  </testcase>
  <testcase name="testConvertAndSend[0]" classname="org.springframework.data.redis.core.RedisTemplateTests" time="0.002">
    <error message="Cannot get Jedis connection; nested exception is redis.clients.jedis.exceptions.JedisConnectionException: Could not get a resource from the pool" type="org.springframework.data.redis.RedisConnectionFailureException">org.springframework.data.redis.RedisConnectionFailureException: Cannot get Jedis connection; nested exception is redis.clients.jedis.exceptions.JedisConnectionException: Could not get a resource from the pool
	at org.springframework.data.redis.core.RedisTemplateTests.testConvertAndSend(RedisTemplateTests.java:793)
Caused by: redis.clients.jedis.exceptions.JedisConnectionException: Could not get a resource from the pool
	at org.springframework.data.redis.core.RedisTemplateTests.testConvertAndSend(RedisTemplateTests.java:793)
Caused by: redis.clients.jedis.exceptions.JedisConnectionException: java.net.ConnectException: Connection refused (Connection refused)
	at org.springframework.data.redis.core.RedisTemplateTests.testConvertAndSend(RedisTemplateTests.java:793)
Caused by: java.net.ConnectException: Connection refused (Connection refused)
	at org.springframework.data.redis.core.RedisTemplateTests.testConvertAndSend(RedisTemplateTests.java:793)
</error>
  </testcase>
  <testcase name="testConvertAndSend[0]" classname="org.springframework.data.redis.core.RedisTemplateTests" time="0.002">
    <error message="Cannot get Jedis connection; nested exception is redis.clients.jedis.exceptions.JedisConnectionException: Could not get a resource from the pool" type="org.springframework.data.redis.RedisConnectionFailureException">org.springframework.data.redis.RedisConnectionFailureException: Cannot get Jedis connection; nested exception is redis.clients.jedis.exceptions.JedisConnectionException: Could not get a resource from the pool
	at org.springframework.data.redis.core.RedisTemplateTests.tearDown(RedisTemplateTests.java:85)
Caused by: redis.clients.jedis.exceptions.JedisConnectionException: Could not get a resource from the pool
	at org.springframework.data.redis.core.RedisTemplateTests.tearDown(RedisTemplateTests.java:85)
Caused by: redis.clients.jedis.exceptions.JedisConnectionException: java.net.ConnectException: Connection refused (Connection refused)
	at org.springframework.data.redis.core.RedisTemplateTests.tearDown(RedisTemplateTests.java:85)
Caused by: java.net.ConnectException: Connection refused (Connection refused)
	at org.springframework.data.redis.core.RedisTemplateTests.tearDown(RedisTemplateTests.java:85)
</error>
  </testcase>
  <testcase name="testGetExpireMillisNotSupported[0]" classname="org.springframework.data.redis.core.RedisTemplateTests" time="0.002">
    <error message="Cannot get Jedis connection; nested exception is redis.clients.jedis.exceptions.JedisConnectionException: Could not get a resource from the pool" type="org.springframework.data.redis.RedisConnectionFailureException">org.springframework.data.redis.RedisConnectionFailureException: Cannot get Jedis connection; nested exception is redis.clients.jedis.exceptions.JedisConnectionException: Could not get a resource from the pool
	at org.springframework.data.redis.core.RedisTemplateTests.testGetExpireMillisNotSupported(RedisTemplateTests.java:597)
Caused by: redis.clients.jedis.exceptions.JedisConnectionException: Could not get a resource from the pool
	at org.springframework.data.redis.core.RedisTemplateTests.testGetExpireMillisNotSupported(RedisTemplateTests.java:597)
Caused by: redis.clients.jedis.exceptions.JedisConnectionException: java.net.ConnectException: Connection refused (Connection refused)
	at org.springframework.data.redis.core.RedisTemplateTests.testGetExpireMillisNotSupported(RedisTemplateTests.java:597)
Caused by: java.net.ConnectException: Connection refused (Connection refused)
	at org.springframework.data.redis.core.RedisTemplateTests.testGetExpireMillisNotSupported(RedisTemplateTests.java:597)
</error>
  </testcase>
  <testcase name="testGetExpireMillisNotSupported[0]" classname="org.springframework.data.redis.core.RedisTemplateTests" time="0.002">
    <error message="Cannot get Jedis connection; nested exception is redis.clients.jedis.exceptions.JedisConnectionException: Could not get a resource from the pool" type="org.springframework.data.redis.RedisConnectionFailureException">org.springframework.data.redis.RedisConnectionFailureException: Cannot get Jedis connection; nested exception is redis.clients.jedis.exceptions.JedisConnectionException: Could not get a resource from the pool
	at org.springframework.data.redis.core.RedisTemplateTests.tearDown(RedisTemplateTests.java:85)
Caused by: redis.clients.jedis.exceptions.JedisConnectionException: Could not get a resource from the pool
	at org.springframework.data.redis.core.RedisTemplateTests.tearDown(RedisTemplateTests.java:85)
Caused by: redis.clients.jedis.exceptions.JedisConnectionException: java.net.ConnectException: Connection refused (Connection refused)
	at org.springframework.data.redis.core.RedisTemplateTests.tearDown(RedisTemplateTests.java:85)
Caused by: java.net.ConnectException: Connection refused (Connection refused)
	at org.springframework.data.redis.core.RedisTemplateTests.tearDown(RedisTemplateTests.java:85)
</error>
  </testcase>
  <testcase name="testTemplateNotInitialized[0]" classname="org.springframework.data.redis.core.RedisTemplateTests" time="0.002">
    <error message="Cannot get Jedis connection; nested exception is redis.clients.jedis.exceptions.JedisConnectionException: Could not get a resource from the pool" type="org.springframework.data.redis.RedisConnectionFailureException">org.springframework.data.redis.RedisConnectionFailureException: Cannot get Jedis connection; nested exception is redis.clients.jedis.exceptions.JedisConnectionException: Could not get a resource from the pool
	at org.springframework.data.redis.core.RedisTemplateTests.tearDown(RedisTemplateTests.java:85)
Caused by: redis.clients.jedis.exceptions.JedisConnectionException: Could not get a resource from the pool
	at org.springframework.data.redis.core.RedisTemplateTests.tearDown(RedisTemplateTests.java:85)
Caused by: redis.clients.jedis.exceptions.JedisConnectionException: java.net.ConnectException: Connection refused (Connection refused)
	at org.springframework.data.redis.core.RedisTemplateTests.tearDown(RedisTemplateTests.java:85)
Caused by: java.net.ConnectException: Connection refused (Connection refused)
	at org.springframework.data.redis.core.RedisTemplateTests.tearDown(RedisTemplateTests.java:85)
</error>
  </testcase>
  <testcase name="testSortStore[0]" classname="org.springframework.data.redis.core.RedisTemplateTests" time="0.001">
    <error message="got: &lt;false&gt;, expected: is &lt;true&gt;" type="org.junit.AssumptionViolatedException"><![CDATA[org.junit.AssumptionViolatedException: got: <false>, expected: is <true>
	at org.springframework.data.redis.core.RedisTemplateTests.testSortStore(RedisTemplateTests.java:433)
]]></error>
  </testcase>
  <testcase name="testSortStore[0]" classname="org.springframework.data.redis.core.RedisTemplateTests" time="0.001">
    <error message="Cannot get Jedis connection; nested exception is redis.clients.jedis.exceptions.JedisConnectionException: Could not get a resource from the pool" type="org.springframework.data.redis.RedisConnectionFailureException">org.springframework.data.redis.RedisConnectionFailureException: Cannot get Jedis connection; nested exception is redis.clients.jedis.exceptions.JedisConnectionException: Could not get a resource from the pool
	at org.springframework.data.redis.core.RedisTemplateTests.tearDown(RedisTemplateTests.java:85)
Caused by: redis.clients.jedis.exceptions.JedisConnectionException: Could not get a resource from the pool
	at org.springframework.data.redis.core.RedisTemplateTests.tearDown(RedisTemplateTests.java:85)
Caused by: redis.clients.jedis.exceptions.JedisConnectionException: java.net.ConnectException: Connection refused (Connection refused)
	at org.springframework.data.redis.core.RedisTemplateTests.tearDown(RedisTemplateTests.java:85)
Caused by: java.net.ConnectException: Connection refused (Connection refused)
	at org.springframework.data.redis.core.RedisTemplateTests.tearDown(RedisTemplateTests.java:85)
</error>
  </testcase>
  <testcase name="testGetExpireMillisForKeyDoesNotExist[0]" classname="org.springframework.data.redis.core.RedisTemplateTests" time="0.002">
    <error message="Cannot get Jedis connection; nested exception is redis.clients.jedis.exceptions.JedisConnectionException: Could not get a resource from the pool" type="org.springframework.data.redis.RedisConnectionFailureException">org.springframework.data.redis.RedisConnectionFailureException: Cannot get Jedis connection; nested exception is redis.clients.jedis.exceptions.JedisConnectionException: Could not get a resource from the pool
	at org.springframework.data.redis.core.RedisTemplateTests.testGetExpireMillisForKeyDoesNotExist(RedisTemplateTests.java:501)
Caused by: redis.clients.jedis.exceptions.JedisConnectionException: Could not get a resource from the pool
	at org.springframework.data.redis.core.RedisTemplateTests.testGetExpireMillisForKeyDoesNotExist(RedisTemplateTests.java:501)
Caused by: redis.clients.jedis.exceptions.JedisConnectionException: java.net.ConnectException: Connection refused (Connection refused)
	at org.springframework.data.redis.core.RedisTemplateTests.testGetExpireMillisForKeyDoesNotExist(RedisTemplateTests.java:501)
Caused by: java.net.ConnectException: Connection refused (Connection refused)
	at org.springframework.data.redis.core.RedisTemplateTests.testGetExpireMillisForKeyDoesNotExist(RedisTemplateTests.java:501)
</error>
  </testcase>
  <testcase name="testGetExpireMillisForKeyDoesNotExist[0]" classname="org.springframework.data.redis.core.RedisTemplateTests" time="0.002">
    <error message="Cannot get Jedis connection; nested exception is redis.clients.jedis.exceptions.JedisConnectionException: Could not get a resource from the pool" type="org.springframework.data.redis.RedisConnectionFailureException">org.springframework.data.redis.RedisConnectionFailureException: Cannot get Jedis connection; nested exception is redis.clients.jedis.exceptions.JedisConnectionException: Could not get a resource from the pool
	at org.springframework.data.redis.core.RedisTemplateTests.tearDown(RedisTemplateTests.java:85)
Caused by: redis.clients.jedis.exceptions.JedisConnectionException: Could not get a resource from the pool
	at org.springframework.data.redis.core.RedisTemplateTests.tearDown(RedisTemplateTests.java:85)
Caused by: redis.clients.jedis.exceptions.JedisConnectionException: java.net.ConnectException: Connection refused (Connection refused)
	at org.springframework.data.redis.core.RedisTemplateTests.tearDown(RedisTemplateTests.java:85)
Caused by: java.net.ConnectException: Connection refused (Connection refused)
	at org.springframework.data.redis.core.RedisTemplateTests.tearDown(RedisTemplateTests.java:85)
</error>
  </testcase>
  <testcase name="testExecConversionDisabled[0]" classname="org.springframework.data.redis.core.RedisTemplateTests" time="0.003">
    <error message="Unable to connect to Redis; nested exception is io.lettuce.core.RedisConnectionException: Unable to connect to 127.0.0.1:6379" type="org.springframework.data.redis.RedisConnectionFailureException">org.springframework.data.redis.RedisConnectionFailureException: Unable to connect to Redis; nested exception is io.lettuce.core.RedisConnectionException: Unable to connect to 127.0.0.1:6379
	at org.springframework.data.redis.core.RedisTemplateTests.testExecConversionDisabled(RedisTemplateTests.java:253)
Caused by: io.lettuce.core.RedisConnectionException: Unable to connect to 127.0.0.1:6379
	at org.springframework.data.redis.core.RedisTemplateTests.testExecConversionDisabled(RedisTemplateTests.java:253)
Caused by: io.netty.channel.AbstractChannel$AnnotatedConnectException: syscall:getsockopt(..) failed: Connection refused: /127.0.0.1:6379
Caused by: io.netty.channel.unix.Errors$NativeConnectException: syscall:getsockopt(..) failed: Connection refused
</error>
  </testcase>
  <testcase name="testExecConversionDisabled[0]" classname="org.springframework.data.redis.core.RedisTemplateTests" time="0.004">
    <error message="Cannot get Jedis connection; nested exception is redis.clients.jedis.exceptions.JedisConnectionException: Could not get a resource from the pool" type="org.springframework.data.redis.RedisConnectionFailureException">org.springframework.data.redis.RedisConnectionFailureException: Cannot get Jedis connection; nested exception is redis.clients.jedis.exceptions.JedisConnectionException: Could not get a resource from the pool
	at org.springframework.data.redis.core.RedisTemplateTests.tearDown(RedisTemplateTests.java:85)
Caused by: redis.clients.jedis.exceptions.JedisConnectionException: Could not get a resource from the pool
	at org.springframework.data.redis.core.RedisTemplateTests.tearDown(RedisTemplateTests.java:85)
Caused by: redis.clients.jedis.exceptions.JedisConnectionException: java.net.ConnectException: Connection refused (Connection refused)
	at org.springframework.data.redis.core.RedisTemplateTests.tearDown(RedisTemplateTests.java:85)
Caused by: java.net.ConnectException: Connection refused (Connection refused)
	at org.springframework.data.redis.core.RedisTemplateTests.tearDown(RedisTemplateTests.java:85)
</error>
  </testcase>
  <testcase name="testGetExpireSecondsForKeyExistButHasNoAssociatedExpire[0]" classname="org.springframework.data.redis.core.RedisTemplateTests" time="0.001">
    <error message="Cannot get Jedis connection; nested exception is redis.clients.jedis.exceptions.JedisConnectionException: Could not get a resource from the pool" type="org.springframework.data.redis.RedisConnectionFailureException">org.springframework.data.redis.RedisConnectionFailureException: Cannot get Jedis connection; nested exception is redis.clients.jedis.exceptions.JedisConnectionException: Could not get a resource from the pool
	at org.springframework.data.redis.core.RedisTemplateTests.testGetExpireSecondsForKeyExistButHasNoAssociatedExpire(RedisTemplateTests.java:493)
Caused by: redis.clients.jedis.exceptions.JedisConnectionException: Could not get a resource from the pool
	at org.springframework.data.redis.core.RedisTemplateTests.testGetExpireSecondsForKeyExistButHasNoAssociatedExpire(RedisTemplateTests.java:493)
Caused by: redis.clients.jedis.exceptions.JedisConnectionException: java.net.ConnectException: Connection refused (Connection refused)
	at org.springframework.data.redis.core.RedisTemplateTests.testGetExpireSecondsForKeyExistButHasNoAssociatedExpire(RedisTemplateTests.java:493)
Caused by: java.net.ConnectException: Connection refused (Connection refused)
	at org.springframework.data.redis.core.RedisTemplateTests.testGetExpireSecondsForKeyExistButHasNoAssociatedExpire(RedisTemplateTests.java:493)
</error>
  </testcase>
  <testcase name="testGetExpireSecondsForKeyExistButHasNoAssociatedExpire[0]" classname="org.springframework.data.redis.core.RedisTemplateTests" time="0.002">
    <error message="Cannot get Jedis connection; nested exception is redis.clients.jedis.exceptions.JedisConnectionException: Could not get a resource from the pool" type="org.springframework.data.redis.RedisConnectionFailureException">org.springframework.data.redis.RedisConnectionFailureException: Cannot get Jedis connection; nested exception is redis.clients.jedis.exceptions.JedisConnectionException: Could not get a resource from the pool
	at org.springframework.data.redis.core.RedisTemplateTests.tearDown(RedisTemplateTests.java:85)
Caused by: redis.clients.jedis.exceptions.JedisConnectionException: Could not get a resource from the pool
	at org.springframework.data.redis.core.RedisTemplateTests.tearDown(RedisTemplateTests.java:85)
Caused by: redis.clients.jedis.exceptions.JedisConnectionException: java.net.ConnectException: Connection refused (Connection refused)
	at org.springframework.data.redis.core.RedisTemplateTests.tearDown(RedisTemplateTests.java:85)
Caused by: java.net.ConnectException: Connection refused (Connection refused)
	at org.springframework.data.redis.core.RedisTemplateTests.tearDown(RedisTemplateTests.java:85)
</error>
  </testcase>
  <testcase name="testDumpAndRestoreNoTtl[0]" classname="org.springframework.data.redis.core.RedisTemplateTests" time="0.001">
    <error message="Could not initialize class org.springframework.data.redis.RedisTestProfileValueSource" type="java.lang.NoClassDefFoundError">java.lang.NoClassDefFoundError: Could not initialize class org.springframework.data.redis.RedisTestProfileValueSource
	at org.springframework.data.redis.core.RedisTemplateTests.testDumpAndRestoreNoTtl(RedisTemplateTests.java:103)
</error>
  </testcase>
  <testcase name="testDumpAndRestoreNoTtl[0]" classname="org.springframework.data.redis.core.RedisTemplateTests" time="0.001">
    <error message="Cannot get Jedis connection; nested exception is redis.clients.jedis.exceptions.JedisConnectionException: Could not get a resource from the pool" type="org.springframework.data.redis.RedisConnectionFailureException">org.springframework.data.redis.RedisConnectionFailureException: Cannot get Jedis connection; nested exception is redis.clients.jedis.exceptions.JedisConnectionException: Could not get a resource from the pool
	at org.springframework.data.redis.core.RedisTemplateTests.tearDown(RedisTemplateTests.java:85)
Caused by: redis.clients.jedis.exceptions.JedisConnectionException: Could not get a resource from the pool
	at org.springframework.data.redis.core.RedisTemplateTests.tearDown(RedisTemplateTests.java:85)
Caused by: redis.clients.jedis.exceptions.JedisConnectionException: java.net.ConnectException: Connection refused (Connection refused)
	at org.springframework.data.redis.core.RedisTemplateTests.tearDown(RedisTemplateTests.java:85)
Caused by: java.net.ConnectException: Connection refused (Connection refused)
	at org.springframework.data.redis.core.RedisTemplateTests.tearDown(RedisTemplateTests.java:85)
</error>
  </testcase>
  <testcase name="testDiscard[0]" classname="org.springframework.data.redis.core.RedisTemplateTests" time="0.002">
    <error message="Cannot get Jedis connection; nested exception is redis.clients.jedis.exceptions.JedisConnectionException: Could not get a resource from the pool" type="org.springframework.data.redis.RedisConnectionFailureException">org.springframework.data.redis.RedisConnectionFailureException: Cannot get Jedis connection; nested exception is redis.clients.jedis.exceptions.JedisConnectionException: Could not get a resource from the pool
	at org.springframework.data.redis.core.RedisTemplateTests.testDiscard(RedisTemplateTests.java:195)
Caused by: redis.clients.jedis.exceptions.JedisConnectionException: Could not get a resource from the pool
	at org.springframework.data.redis.core.RedisTemplateTests.testDiscard(RedisTemplateTests.java:195)
Caused by: redis.clients.jedis.exceptions.JedisConnectionException: java.net.ConnectException: Connection refused (Connection refused)
	at org.springframework.data.redis.core.RedisTemplateTests.testDiscard(RedisTemplateTests.java:195)
Caused by: java.net.ConnectException: Connection refused (Connection refused)
	at org.springframework.data.redis.core.RedisTemplateTests.testDiscard(RedisTemplateTests.java:195)
</error>
  </testcase>
  <testcase name="testDiscard[0]" classname="org.springframework.data.redis.core.RedisTemplateTests" time="0.002">
    <error message="Cannot get Jedis connection; nested exception is redis.clients.jedis.exceptions.JedisConnectionException: Could not get a resource from the pool" type="org.springframework.data.redis.RedisConnectionFailureException">org.springframework.data.redis.RedisConnectionFailureException: Cannot get Jedis connection; nested exception is redis.clients.jedis.exceptions.JedisConnectionException: Could not get a resource from the pool
	at org.springframework.data.redis.core.RedisTemplateTests.tearDown(RedisTemplateTests.java:85)
Caused by: redis.clients.jedis.exceptions.JedisConnectionException: Could not get a resource from the pool
	at org.springframework.data.redis.core.RedisTemplateTests.tearDown(RedisTemplateTests.java:85)
Caused by: redis.clients.jedis.exceptions.JedisConnectionException: java.net.ConnectException: Connection refused (Connection refused)
	at org.springframework.data.redis.core.RedisTemplateTests.tearDown(RedisTemplateTests.java:85)
Caused by: java.net.ConnectException: Connection refused (Connection refused)
	at org.springframework.data.redis.core.RedisTemplateTests.tearDown(RedisTemplateTests.java:85)
</error>
  </testcase>
  <testcase name="testDelete[0]" classname="org.springframework.data.redis.core.RedisTemplateTests" time="0.001">
    <error message="Cannot get Jedis connection; nested exception is redis.clients.jedis.exceptions.JedisConnectionException: Could not get a resource from the pool" type="org.springframework.data.redis.RedisConnectionFailureException">org.springframework.data.redis.RedisConnectionFailureException: Cannot get Jedis connection; nested exception is redis.clients.jedis.exceptions.JedisConnectionException: Could not get a resource from the pool
	at org.springframework.data.redis.core.RedisTemplateTests.testDelete(RedisTemplateTests.java:391)
Caused by: redis.clients.jedis.exceptions.JedisConnectionException: Could not get a resource from the pool
	at org.springframework.data.redis.core.RedisTemplateTests.testDelete(RedisTemplateTests.java:391)
Caused by: redis.clients.jedis.exceptions.JedisConnectionException: java.net.ConnectException: Connection refused (Connection refused)
	at org.springframework.data.redis.core.RedisTemplateTests.testDelete(RedisTemplateTests.java:391)
Caused by: java.net.ConnectException: Connection refused (Connection refused)
	at org.springframework.data.redis.core.RedisTemplateTests.testDelete(RedisTemplateTests.java:391)
</error>
  </testcase>
  <testcase name="testDelete[0]" classname="org.springframework.data.redis.core.RedisTemplateTests" time="0.002">
    <error message="Cannot get Jedis connection; nested exception is redis.clients.jedis.exceptions.JedisConnectionException: Could not get a resource from the pool" type="org.springframework.data.redis.RedisConnectionFailureException">org.springframework.data.redis.RedisConnectionFailureException: Cannot get Jedis connection; nested exception is redis.clients.jedis.exceptions.JedisConnectionException: Could not get a resource from the pool
	at org.springframework.data.redis.core.RedisTemplateTests.tearDown(RedisTemplateTests.java:85)
Caused by: redis.clients.jedis.exceptions.JedisConnectionException: Could not get a resource from the pool
	at org.springframework.data.redis.core.RedisTemplateTests.tearDown(RedisTemplateTests.java:85)
Caused by: redis.clients.jedis.exceptions.JedisConnectionException: java.net.ConnectException: Connection refused (Connection refused)
	at org.springframework.data.redis.core.RedisTemplateTests.tearDown(RedisTemplateTests.java:85)
Caused by: java.net.ConnectException: Connection refused (Connection refused)
	at org.springframework.data.redis.core.RedisTemplateTests.tearDown(RedisTemplateTests.java:85)
</error>
  </testcase>
  <testcase name="testExecuteScriptCustomSerializers[0]" classname="org.springframework.data.redis.core.RedisTemplateTests" time="0.001">
    <error message="Could not initialize class org.springframework.data.redis.RedisTestProfileValueSource" type="java.lang.NoClassDefFoundError">java.lang.NoClassDefFoundError: Could not initialize class org.springframework.data.redis.RedisTestProfileValueSource
	at org.springframework.data.redis.core.RedisTemplateTests.testExecuteScriptCustomSerializers(RedisTemplateTests.java:798)
</error>
  </testcase>
  <testcase name="testExecuteScriptCustomSerializers[0]" classname="org.springframework.data.redis.core.RedisTemplateTests" time="0.001">
    <error message="Cannot get Jedis connection; nested exception is redis.clients.jedis.exceptions.JedisConnectionException: Could not get a resource from the pool" type="org.springframework.data.redis.RedisConnectionFailureException">org.springframework.data.redis.RedisConnectionFailureException: Cannot get Jedis connection; nested exception is redis.clients.jedis.exceptions.JedisConnectionException: Could not get a resource from the pool
	at org.springframework.data.redis.core.RedisTemplateTests.tearDown(RedisTemplateTests.java:85)
Caused by: redis.clients.jedis.exceptions.JedisConnectionException: Could not get a resource from the pool
	at org.springframework.data.redis.core.RedisTemplateTests.tearDown(RedisTemplateTests.java:85)
Caused by: redis.clients.jedis.exceptions.JedisConnectionException: java.net.ConnectException: Connection refused (Connection refused)
	at org.springframework.data.redis.core.RedisTemplateTests.tearDown(RedisTemplateTests.java:85)
Caused by: java.net.ConnectException: Connection refused (Connection refused)
	at org.springframework.data.redis.core.RedisTemplateTests.tearDown(RedisTemplateTests.java:85)
</error>
  </testcase>
  <testcase name="testExecutePipelined[0]" classname="org.springframework.data.redis.core.RedisTemplateTests" time="0.002">
    <error message="Cannot get Jedis connection; nested exception is redis.clients.jedis.exceptions.JedisConnectionException: Could not get a resource from the pool" type="org.springframework.data.redis.RedisConnectionFailureException">org.springframework.data.redis.RedisConnectionFailureException: Cannot get Jedis connection; nested exception is redis.clients.jedis.exceptions.JedisConnectionException: Could not get a resource from the pool
	at org.springframework.data.redis.core.RedisTemplateTests.testExecutePipelined(RedisTemplateTests.java:274)
Caused by: redis.clients.jedis.exceptions.JedisConnectionException: Could not get a resource from the pool
	at org.springframework.data.redis.core.RedisTemplateTests.testExecutePipelined(RedisTemplateTests.java:274)
Caused by: redis.clients.jedis.exceptions.JedisConnectionException: java.net.ConnectException: Connection refused (Connection refused)
	at org.springframework.data.redis.core.RedisTemplateTests.testExecutePipelined(RedisTemplateTests.java:274)
Caused by: java.net.ConnectException: Connection refused (Connection refused)
	at org.springframework.data.redis.core.RedisTemplateTests.testExecutePipelined(RedisTemplateTests.java:274)
</error>
  </testcase>
  <testcase name="testExecutePipelined[0]" classname="org.springframework.data.redis.core.RedisTemplateTests" time="0.003">
    <error message="Cannot get Jedis connection; nested exception is redis.clients.jedis.exceptions.JedisConnectionException: Could not get a resource from the pool" type="org.springframework.data.redis.RedisConnectionFailureException">org.springframework.data.redis.RedisConnectionFailureException: Cannot get Jedis connection; nested exception is redis.clients.jedis.exceptions.JedisConnectionException: Could not get a resource from the pool
	at org.springframework.data.redis.core.RedisTemplateTests.tearDown(RedisTemplateTests.java:85)
Caused by: redis.clients.jedis.exceptions.JedisConnectionException: Could not get a resource from the pool
	at org.springframework.data.redis.core.RedisTemplateTests.tearDown(RedisTemplateTests.java:85)
Caused by: redis.clients.jedis.exceptions.JedisConnectionException: java.net.ConnectException: Connection refused (Connection refused)
	at org.springframework.data.redis.core.RedisTemplateTests.tearDown(RedisTemplateTests.java:85)
Caused by: java.net.ConnectException: Connection refused (Connection refused)
	at org.springframework.data.redis.core.RedisTemplateTests.tearDown(RedisTemplateTests.java:85)
</error>
  </testcase>
  <testcase name="testDeleteMultiple[0]" classname="org.springframework.data.redis.core.RedisTemplateTests" time="0.001">
    <error message="Cannot get Jedis connection; nested exception is redis.clients.jedis.exceptions.JedisConnectionException: Could not get a resource from the pool" type="org.springframework.data.redis.RedisConnectionFailureException">org.springframework.data.redis.RedisConnectionFailureException: Cannot get Jedis connection; nested exception is redis.clients.jedis.exceptions.JedisConnectionException: Could not get a resource from the pool
	at org.springframework.data.redis.core.RedisTemplateTests.testDeleteMultiple(RedisTemplateTests.java:406)
Caused by: redis.clients.jedis.exceptions.JedisConnectionException: Could not get a resource from the pool
	at org.springframework.data.redis.core.RedisTemplateTests.testDeleteMultiple(RedisTemplateTests.java:406)
Caused by: redis.clients.jedis.exceptions.JedisConnectionException: java.net.ConnectException: Connection refused (Connection refused)
	at org.springframework.data.redis.core.RedisTemplateTests.testDeleteMultiple(RedisTemplateTests.java:406)
Caused by: java.net.ConnectException: Connection refused (Connection refused)
	at org.springframework.data.redis.core.RedisTemplateTests.testDeleteMultiple(RedisTemplateTests.java:406)
</error>
  </testcase>
  <testcase name="testDeleteMultiple[0]" classname="org.springframework.data.redis.core.RedisTemplateTests" time="0.002">
    <error message="Cannot get Jedis connection; nested exception is redis.clients.jedis.exceptions.JedisConnectionException: Could not get a resource from the pool" type="org.springframework.data.redis.RedisConnectionFailureException">org.springframework.data.redis.RedisConnectionFailureException: Cannot get Jedis connection; nested exception is redis.clients.jedis.exceptions.JedisConnectionException: Could not get a resource from the pool
	at org.springframework.data.redis.core.RedisTemplateTests.tearDown(RedisTemplateTests.java:85)
Caused by: redis.clients.jedis.exceptions.JedisConnectionException: Could not get a resource from the pool
	at org.springframework.data.redis.core.RedisTemplateTests.tearDown(RedisTemplateTests.java:85)
Caused by: redis.clients.jedis.exceptions.JedisConnectionException: java.net.ConnectException: Connection refused (Connection refused)
	at org.springframework.data.redis.core.RedisTemplateTests.tearDown(RedisTemplateTests.java:85)
Caused by: java.net.ConnectException: Connection refused (Connection refused)
	at org.springframework.data.redis.core.RedisTemplateTests.tearDown(RedisTemplateTests.java:85)
</error>
  </testcase>
  <testcase name="testGetExpireMillisForKeyExistButHasNoAssociatedExpire[0]" classname="org.springframework.data.redis.core.RedisTemplateTests" time="0.001">
    <error message="Cannot get Jedis connection; nested exception is redis.clients.jedis.exceptions.JedisConnectionException: Could not get a resource from the pool" type="org.springframework.data.redis.RedisConnectionFailureException">org.springframework.data.redis.RedisConnectionFailureException: Cannot get Jedis connection; nested exception is redis.clients.jedis.exceptions.JedisConnectionException: Could not get a resource from the pool
	at org.springframework.data.redis.core.RedisTemplateTests.testGetExpireMillisForKeyExistButHasNoAssociatedExpire(RedisTemplateTests.java:510)
Caused by: redis.clients.jedis.exceptions.JedisConnectionException: Could not get a resource from the pool
	at org.springframework.data.redis.core.RedisTemplateTests.testGetExpireMillisForKeyExistButHasNoAssociatedExpire(RedisTemplateTests.java:510)
Caused by: redis.clients.jedis.exceptions.JedisConnectionException: java.net.ConnectException: Connection refused (Connection refused)
	at org.springframework.data.redis.core.RedisTemplateTests.testGetExpireMillisForKeyExistButHasNoAssociatedExpire(RedisTemplateTests.java:510)
Caused by: java.net.ConnectException: Connection refused (Connection refused)
	at org.springframework.data.redis.core.RedisTemplateTests.testGetExpireMillisForKeyExistButHasNoAssociatedExpire(RedisTemplateTests.java:510)
</error>
  </testcase>
  <testcase name="testGetExpireMillisForKeyExistButHasNoAssociatedExpire[0]" classname="org.springframework.data.redis.core.RedisTemplateTests" time="0.002">
    <error message="Cannot get Jedis connection; nested exception is redis.clients.jedis.exceptions.JedisConnectionException: Could not get a resource from the pool" type="org.springframework.data.redis.RedisConnectionFailureException">org.springframework.data.redis.RedisConnectionFailureException: Cannot get Jedis connection; nested exception is redis.clients.jedis.exceptions.JedisConnectionException: Could not get a resource from the pool
	at org.springframework.data.redis.core.RedisTemplateTests.tearDown(RedisTemplateTests.java:85)
Caused by: redis.clients.jedis.exceptions.JedisConnectionException: Could not get a resource from the pool
	at org.springframework.data.redis.core.RedisTemplateTests.tearDown(RedisTemplateTests.java:85)
Caused by: redis.clients.jedis.exceptions.JedisConnectionException: java.net.ConnectException: Connection refused (Connection refused)
	at org.springframework.data.redis.core.RedisTemplateTests.tearDown(RedisTemplateTests.java:85)
Caused by: java.net.ConnectException: Connection refused (Connection refused)
	at org.springframework.data.redis.core.RedisTemplateTests.tearDown(RedisTemplateTests.java:85)
</error>
  </testcase>
  <testcase name="testRename[0]" classname="org.springframework.data.redis.core.RedisTemplateTests" time="0.001">
    <error message="Cannot get Jedis connection; nested exception is redis.clients.jedis.exceptions.JedisConnectionException: Could not get a resource from the pool" type="org.springframework.data.redis.RedisConnectionFailureException">org.springframework.data.redis.RedisConnectionFailureException: Cannot get Jedis connection; nested exception is redis.clients.jedis.exceptions.JedisConnectionException: Could not get a resource from the pool
	at org.springframework.data.redis.core.RedisTemplateTests.testRename(RedisTemplateTests.java:657)
Caused by: redis.clients.jedis.exceptions.JedisConnectionException: Could not get a resource from the pool
	at org.springframework.data.redis.core.RedisTemplateTests.testRename(RedisTemplateTests.java:657)
Caused by: redis.clients.jedis.exceptions.JedisConnectionException: java.net.ConnectException: Connection refused (Connection refused)
	at org.springframework.data.redis.core.RedisTemplateTests.testRename(RedisTemplateTests.java:657)
Caused by: java.net.ConnectException: Connection refused (Connection refused)
	at org.springframework.data.redis.core.RedisTemplateTests.testRename(RedisTemplateTests.java:657)
</error>
  </testcase>
  <testcase name="testRename[0]" classname="org.springframework.data.redis.core.RedisTemplateTests" time="0.002">
    <error message="Cannot get Jedis connection; nested exception is redis.clients.jedis.exceptions.JedisConnectionException: Could not get a resource from the pool" type="org.springframework.data.redis.RedisConnectionFailureException">org.springframework.data.redis.RedisConnectionFailureException: Cannot get Jedis connection; nested exception is redis.clients.jedis.exceptions.JedisConnectionException: Could not get a resource from the pool
	at org.springframework.data.redis.core.RedisTemplateTests.tearDown(RedisTemplateTests.java:85)
Caused by: redis.clients.jedis.exceptions.JedisConnectionException: Could not get a resource from the pool
	at org.springframework.data.redis.core.RedisTemplateTests.tearDown(RedisTemplateTests.java:85)
Caused by: redis.clients.jedis.exceptions.JedisConnectionException: java.net.ConnectException: Connection refused (Connection refused)
	at org.springframework.data.redis.core.RedisTemplateTests.tearDown(RedisTemplateTests.java:85)
Caused by: java.net.ConnectException: Connection refused (Connection refused)
	at org.springframework.data.redis.core.RedisTemplateTests.tearDown(RedisTemplateTests.java:85)
</error>
  </testcase>
  <testcase name="testGetExpireSeconds[0]" classname="org.springframework.data.redis.core.RedisTemplateTests" time="0.001">
    <error message="Cannot get Jedis connection; nested exception is redis.clients.jedis.exceptions.JedisConnectionException: Could not get a resource from the pool" type="org.springframework.data.redis.RedisConnectionFailureException">org.springframework.data.redis.RedisConnectionFailureException: Cannot get Jedis connection; nested exception is redis.clients.jedis.exceptions.JedisConnectionException: Could not get a resource from the pool
	at org.springframework.data.redis.core.RedisTemplateTests.testGetExpireSeconds(RedisTemplateTests.java:477)
Caused by: redis.clients.jedis.exceptions.JedisConnectionException: Could not get a resource from the pool
	at org.springframework.data.redis.core.RedisTemplateTests.testGetExpireSeconds(RedisTemplateTests.java:477)
Caused by: redis.clients.jedis.exceptions.JedisConnectionException: java.net.ConnectException: Connection refused (Connection refused)
	at org.springframework.data.redis.core.RedisTemplateTests.testGetExpireSeconds(RedisTemplateTests.java:477)
Caused by: java.net.ConnectException: Connection refused (Connection refused)
	at org.springframework.data.redis.core.RedisTemplateTests.testGetExpireSeconds(RedisTemplateTests.java:477)
</error>
  </testcase>
  <testcase name="testGetExpireSeconds[0]" classname="org.springframework.data.redis.core.RedisTemplateTests" time="0.002">
    <error message="Cannot get Jedis connection; nested exception is redis.clients.jedis.exceptions.JedisConnectionException: Could not get a resource from the pool" type="org.springframework.data.redis.RedisConnectionFailureException">org.springframework.data.redis.RedisConnectionFailureException: Cannot get Jedis connection; nested exception is redis.clients.jedis.exceptions.JedisConnectionException: Could not get a resource from the pool
	at org.springframework.data.redis.core.RedisTemplateTests.tearDown(RedisTemplateTests.java:85)
Caused by: redis.clients.jedis.exceptions.JedisConnectionException: Could not get a resource from the pool
	at org.springframework.data.redis.core.RedisTemplateTests.tearDown(RedisTemplateTests.java:85)
Caused by: redis.clients.jedis.exceptions.JedisConnectionException: java.net.ConnectException: Connection refused (Connection refused)
	at org.springframework.data.redis.core.RedisTemplateTests.tearDown(RedisTemplateTests.java:85)
Caused by: java.net.ConnectException: Connection refused (Connection refused)
	at org.springframework.data.redis.core.RedisTemplateTests.tearDown(RedisTemplateTests.java:85)
</error>
  </testcase>
  <testcase name="testStringTemplateExecutesWithStringConn[0]" classname="org.springframework.data.redis.core.RedisTemplateTests" time="0.002">
    <error message="Cannot get Jedis connection; nested exception is redis.clients.jedis.exceptions.JedisConnectionException: Could not get a resource from the pool" type="org.springframework.data.redis.RedisConnectionFailureException">org.springframework.data.redis.RedisConnectionFailureException: Cannot get Jedis connection; nested exception is redis.clients.jedis.exceptions.JedisConnectionException: Could not get a resource from the pool
	at org.springframework.data.redis.core.RedisTemplateTests.testStringTemplateExecutesWithStringConn(RedisTemplateTests.java:150)
Caused by: redis.clients.jedis.exceptions.JedisConnectionException: Could not get a resource from the pool
	at org.springframework.data.redis.core.RedisTemplateTests.testStringTemplateExecutesWithStringConn(RedisTemplateTests.java:150)
Caused by: redis.clients.jedis.exceptions.JedisConnectionException: java.net.ConnectException: Connection refused (Connection refused)
	at org.springframework.data.redis.core.RedisTemplateTests.testStringTemplateExecutesWithStringConn(RedisTemplateTests.java:150)
Caused by: java.net.ConnectException: Connection refused (Connection refused)
	at org.springframework.data.redis.core.RedisTemplateTests.testStringTemplateExecutesWithStringConn(RedisTemplateTests.java:150)
</error>
  </testcase>
  <testcase name="testStringTemplateExecutesWithStringConn[0]" classname="org.springframework.data.redis.core.RedisTemplateTests" time="0.002">
    <error message="Cannot get Jedis connection; nested exception is redis.clients.jedis.exceptions.JedisConnectionException: Could not get a resource from the pool" type="org.springframework.data.redis.RedisConnectionFailureException">org.springframework.data.redis.RedisConnectionFailureException: Cannot get Jedis connection; nested exception is redis.clients.jedis.exceptions.JedisConnectionException: Could not get a resource from the pool
	at org.springframework.data.redis.core.RedisTemplateTests.tearDown(RedisTemplateTests.java:85)
Caused by: redis.clients.jedis.exceptions.JedisConnectionException: Could not get a resource from the pool
	at org.springframework.data.redis.core.RedisTemplateTests.tearDown(RedisTemplateTests.java:85)
Caused by: redis.clients.jedis.exceptions.JedisConnectionException: java.net.ConnectException: Connection refused (Connection refused)
	at org.springframework.data.redis.core.RedisTemplateTests.tearDown(RedisTemplateTests.java:85)
Caused by: java.net.ConnectException: Connection refused (Connection refused)
	at org.springframework.data.redis.core.RedisTemplateTests.tearDown(RedisTemplateTests.java:85)
</error>
  </testcase>
  <testcase name="testExecutePipelinedWidthDifferentHashKeySerializerAndHashValueSerializer[0]" classname="org.springframework.data.redis.core.RedisTemplateTests" time="0.006">
    <error message="Cannot get Jedis connection; nested exception is redis.clients.jedis.exceptions.JedisConnectionException: Could not get a resource from the pool" type="org.springframework.data.redis.RedisConnectionFailureException">org.springframework.data.redis.RedisConnectionFailureException: Cannot get Jedis connection; nested exception is redis.clients.jedis.exceptions.JedisConnectionException: Could not get a resource from the pool
	at org.springframework.data.redis.core.RedisTemplateTests.testExecutePipelinedWidthDifferentHashKeySerializerAndHashValueSerializer(RedisTemplateTests.java:318)
Caused by: redis.clients.jedis.exceptions.JedisConnectionException: Could not get a resource from the pool
	at org.springframework.data.redis.core.RedisTemplateTests.testExecutePipelinedWidthDifferentHashKeySerializerAndHashValueSerializer(RedisTemplateTests.java:318)
Caused by: redis.clients.jedis.exceptions.JedisConnectionException: java.net.ConnectException: Connection refused (Connection refused)
	at org.springframework.data.redis.core.RedisTemplateTests.testExecutePipelinedWidthDifferentHashKeySerializerAndHashValueSerializer(RedisTemplateTests.java:318)
Caused by: java.net.ConnectException: Connection refused (Connection refused)
	at org.springframework.data.redis.core.RedisTemplateTests.testExecutePipelinedWidthDifferentHashKeySerializerAndHashValueSerializer(RedisTemplateTests.java:318)
</error>
  </testcase>
  <testcase name="testExecutePipelinedWidthDifferentHashKeySerializerAndHashValueSerializer[0]" classname="org.springframework.data.redis.core.RedisTemplateTests" time="0.006">
    <error message="Cannot get Jedis connection; nested exception is redis.clients.jedis.exceptions.JedisConnectionException: Could not get a resource from the pool" type="org.springframework.data.redis.RedisConnectionFailureException">org.springframework.data.redis.RedisConnectionFailureException: Cannot get Jedis connection; nested exception is redis.clients.jedis.exceptions.JedisConnectionException: Could not get a resource from the pool
	at org.springframework.data.redis.core.RedisTemplateTests.tearDown(RedisTemplateTests.java:85)
Caused by: redis.clients.jedis.exceptions.JedisConnectionException: Could not get a resource from the pool
	at org.springframework.data.redis.core.RedisTemplateTests.tearDown(RedisTemplateTests.java:85)
Caused by: redis.clients.jedis.exceptions.JedisConnectionException: java.net.ConnectException: Connection refused (Connection refused)
	at org.springframework.data.redis.core.RedisTemplateTests.tearDown(RedisTemplateTests.java:85)
Caused by: java.net.ConnectException: Connection refused (Connection refused)
	at org.springframework.data.redis.core.RedisTemplateTests.tearDown(RedisTemplateTests.java:85)
</error>
  </testcase>
  <testcase name="testGetExpireNoTimeUnit[0]" classname="org.springframework.data.redis.core.RedisTemplateTests" time="0.002">
    <error message="Cannot get Jedis connection; nested exception is redis.clients.jedis.exceptions.JedisConnectionException: Could not get a resource from the pool" type="org.springframework.data.redis.RedisConnectionFailureException">org.springframework.data.redis.RedisConnectionFailureException: Cannot get Jedis connection; nested exception is redis.clients.jedis.exceptions.JedisConnectionException: Could not get a resource from the pool
	at org.springframework.data.redis.core.RedisTemplateTests.testGetExpireNoTimeUnit(RedisTemplateTests.java:466)
Caused by: redis.clients.jedis.exceptions.JedisConnectionException: Could not get a resource from the pool
	at org.springframework.data.redis.core.RedisTemplateTests.testGetExpireNoTimeUnit(RedisTemplateTests.java:466)
Caused by: redis.clients.jedis.exceptions.JedisConnectionException: java.net.ConnectException: Connection refused (Connection refused)
	at org.springframework.data.redis.core.RedisTemplateTests.testGetExpireNoTimeUnit(RedisTemplateTests.java:466)
Caused by: java.net.ConnectException: Connection refused (Connection refused)
	at org.springframework.data.redis.core.RedisTemplateTests.testGetExpireNoTimeUnit(RedisTemplateTests.java:466)
</error>
  </testcase>
  <testcase name="testGetExpireNoTimeUnit[0]" classname="org.springframework.data.redis.core.RedisTemplateTests" time="0.002">
    <error message="Cannot get Jedis connection; nested exception is redis.clients.jedis.exceptions.JedisConnectionException: Could not get a resource from the pool" type="org.springframework.data.redis.RedisConnectionFailureException">org.springframework.data.redis.RedisConnectionFailureException: Cannot get Jedis connection; nested exception is redis.clients.jedis.exceptions.JedisConnectionException: Could not get a resource from the pool
	at org.springframework.data.redis.core.RedisTemplateTests.tearDown(RedisTemplateTests.java:85)
Caused by: redis.clients.jedis.exceptions.JedisConnectionException: Could not get a resource from the pool
	at org.springframework.data.redis.core.RedisTemplateTests.tearDown(RedisTemplateTests.java:85)
Caused by: redis.clients.jedis.exceptions.JedisConnectionException: java.net.ConnectException: Connection refused (Connection refused)
	at org.springframework.data.redis.core.RedisTemplateTests.tearDown(RedisTemplateTests.java:85)
Caused by: java.net.ConnectException: Connection refused (Connection refused)
	at org.springframework.data.redis.core.RedisTemplateTests.tearDown(RedisTemplateTests.java:85)
</error>
  </testcase>
  <testcase name="countExistingKeysReturnsNumberOfKeysCorrectly[0]" classname="org.springframework.data.redis.core.RedisTemplateTests" time="0.002">
    <error message="Cannot get Jedis connection; nested exception is redis.clients.jedis.exceptions.JedisConnectionException: Could not get a resource from the pool" type="org.springframework.data.redis.RedisConnectionFailureException">org.springframework.data.redis.RedisConnectionFailureException: Cannot get Jedis connection; nested exception is redis.clients.jedis.exceptions.JedisConnectionException: Could not get a resource from the pool
	at org.springframework.data.redis.core.RedisTemplateTests.countExistingKeysReturnsNumberOfKeysCorrectly(RedisTemplateTests.java:820)
Caused by: redis.clients.jedis.exceptions.JedisConnectionException: Could not get a resource from the pool
	at org.springframework.data.redis.core.RedisTemplateTests.countExistingKeysReturnsNumberOfKeysCorrectly(RedisTemplateTests.java:820)
Caused by: redis.clients.jedis.exceptions.JedisConnectionException: java.net.ConnectException: Connection refused (Connection refused)
	at org.springframework.data.redis.core.RedisTemplateTests.countExistingKeysReturnsNumberOfKeysCorrectly(RedisTemplateTests.java:820)
Caused by: java.net.ConnectException: Connection refused (Connection refused)
	at org.springframework.data.redis.core.RedisTemplateTests.countExistingKeysReturnsNumberOfKeysCorrectly(RedisTemplateTests.java:820)
</error>
  </testcase>
  <testcase name="countExistingKeysReturnsNumberOfKeysCorrectly[0]" classname="org.springframework.data.redis.core.RedisTemplateTests" time="0.002">
    <error message="Cannot get Jedis connection; nested exception is redis.clients.jedis.exceptions.JedisConnectionException: Could not get a resource from the pool" type="org.springframework.data.redis.RedisConnectionFailureException">org.springframework.data.redis.RedisConnectionFailureException: Cannot get Jedis connection; nested exception is redis.clients.jedis.exceptions.JedisConnectionException: Could not get a resource from the pool
	at org.springframework.data.redis.core.RedisTemplateTests.tearDown(RedisTemplateTests.java:85)
Caused by: redis.clients.jedis.exceptions.JedisConnectionException: Could not get a resource from the pool
	at org.springframework.data.redis.core.RedisTemplateTests.tearDown(RedisTemplateTests.java:85)
Caused by: redis.clients.jedis.exceptions.JedisConnectionException: java.net.ConnectException: Connection refused (Connection refused)
	at org.springframework.data.redis.core.RedisTemplateTests.tearDown(RedisTemplateTests.java:85)
Caused by: java.net.ConnectException: Connection refused (Connection refused)
	at org.springframework.data.redis.core.RedisTemplateTests.tearDown(RedisTemplateTests.java:85)
</error>
  </testcase>
  <testcase name="testExpireAndGetExpireMillis[0]" classname="org.springframework.data.redis.core.RedisTemplateTests" time="0.002">
    <error message="Cannot get Jedis connection; nested exception is redis.clients.jedis.exceptions.JedisConnectionException: Could not get a resource from the pool" type="org.springframework.data.redis.RedisConnectionFailureException">org.springframework.data.redis.RedisConnectionFailureException: Cannot get Jedis connection; nested exception is redis.clients.jedis.exceptions.JedisConnectionException: Could not get a resource from the pool
	at org.springframework.data.redis.core.RedisTemplateTests.testExpireAndGetExpireMillis(RedisTemplateTests.java:454)
Caused by: redis.clients.jedis.exceptions.JedisConnectionException: Could not get a resource from the pool
	at org.springframework.data.redis.core.RedisTemplateTests.testExpireAndGetExpireMillis(RedisTemplateTests.java:454)
Caused by: redis.clients.jedis.exceptions.JedisConnectionException: java.net.ConnectException: Connection refused (Connection refused)
	at org.springframework.data.redis.core.RedisTemplateTests.testExpireAndGetExpireMillis(RedisTemplateTests.java:454)
Caused by: java.net.ConnectException: Connection refused (Connection refused)
	at org.springframework.data.redis.core.RedisTemplateTests.testExpireAndGetExpireMillis(RedisTemplateTests.java:454)
</error>
  </testcase>
  <testcase name="testExpireAndGetExpireMillis[0]" classname="org.springframework.data.redis.core.RedisTemplateTests" time="0.002">
    <error message="Cannot get Jedis connection; nested exception is redis.clients.jedis.exceptions.JedisConnectionException: Could not get a resource from the pool" type="org.springframework.data.redis.RedisConnectionFailureException">org.springframework.data.redis.RedisConnectionFailureException: Cannot get Jedis connection; nested exception is redis.clients.jedis.exceptions.JedisConnectionException: Could not get a resource from the pool
	at org.springframework.data.redis.core.RedisTemplateTests.tearDown(RedisTemplateTests.java:85)
Caused by: redis.clients.jedis.exceptions.JedisConnectionException: Could not get a resource from the pool
	at org.springframework.data.redis.core.RedisTemplateTests.tearDown(RedisTemplateTests.java:85)
Caused by: redis.clients.jedis.exceptions.JedisConnectionException: java.net.ConnectException: Connection refused (Connection refused)
	at org.springframework.data.redis.core.RedisTemplateTests.tearDown(RedisTemplateTests.java:85)
Caused by: java.net.ConnectException: Connection refused (Connection refused)
	at org.springframework.data.redis.core.RedisTemplateTests.tearDown(RedisTemplateTests.java:85)
</error>
  </testcase>
  <testcase name="testWatchMultipleKeys[0]" classname="org.springframework.data.redis.core.RedisTemplateTests" time="0.001">
    <error message="Cannot get Jedis connection; nested exception is redis.clients.jedis.exceptions.JedisConnectionException: Could not get a resource from the pool" type="org.springframework.data.redis.RedisConnectionFailureException">org.springframework.data.redis.RedisConnectionFailureException: Cannot get Jedis connection; nested exception is redis.clients.jedis.exceptions.JedisConnectionException: Could not get a resource from the pool
	at org.springframework.data.redis.core.RedisTemplateTests.testWatchMultipleKeys(RedisTemplateTests.java:756)
Caused by: redis.clients.jedis.exceptions.JedisConnectionException: Could not get a resource from the pool
	at org.springframework.data.redis.core.RedisTemplateTests.testWatchMultipleKeys(RedisTemplateTests.java:756)
Caused by: redis.clients.jedis.exceptions.JedisConnectionException: java.net.ConnectException: Connection refused (Connection refused)
	at org.springframework.data.redis.core.RedisTemplateTests.testWatchMultipleKeys(RedisTemplateTests.java:756)
Caused by: java.net.ConnectException: Connection refused (Connection refused)
	at org.springframework.data.redis.core.RedisTemplateTests.testWatchMultipleKeys(RedisTemplateTests.java:756)
</error>
  </testcase>
  <testcase name="testWatchMultipleKeys[0]" classname="org.springframework.data.redis.core.RedisTemplateTests" time="0.002">
    <error message="Cannot get Jedis connection; nested exception is redis.clients.jedis.exceptions.JedisConnectionException: Could not get a resource from the pool" type="org.springframework.data.redis.RedisConnectionFailureException">org.springframework.data.redis.RedisConnectionFailureException: Cannot get Jedis connection; nested exception is redis.clients.jedis.exceptions.JedisConnectionException: Could not get a resource from the pool
	at org.springframework.data.redis.core.RedisTemplateTests.tearDown(RedisTemplateTests.java:85)
Caused by: redis.clients.jedis.exceptions.JedisConnectionException: Could not get a resource from the pool
	at org.springframework.data.redis.core.RedisTemplateTests.tearDown(RedisTemplateTests.java:85)
Caused by: redis.clients.jedis.exceptions.JedisConnectionException: java.net.ConnectException: Connection refused (Connection refused)
	at org.springframework.data.redis.core.RedisTemplateTests.tearDown(RedisTemplateTests.java:85)
Caused by: java.net.ConnectException: Connection refused (Connection refused)
	at org.springframework.data.redis.core.RedisTemplateTests.tearDown(RedisTemplateTests.java:85)
</error>
  </testcase>
  <testcase name="testRestoreTtl[1]" classname="org.springframework.data.redis.core.RedisTemplateTests" time="0.001">
    <error message="Could not initialize class org.springframework.data.redis.RedisTestProfileValueSource" type="java.lang.NoClassDefFoundError">java.lang.NoClassDefFoundError: Could not initialize class org.springframework.data.redis.RedisTestProfileValueSource
	at org.springframework.data.redis.core.RedisTemplateTests.testRestoreTtl(RedisTemplateTests.java:116)
</error>
  </testcase>
  <testcase name="testRestoreTtl[1]" classname="org.springframework.data.redis.core.RedisTemplateTests" time="0.001">
    <error message="Cannot get Jedis connection; nested exception is redis.clients.jedis.exceptions.JedisConnectionException: Could not get a resource from the pool" type="org.springframework.data.redis.RedisConnectionFailureException">org.springframework.data.redis.RedisConnectionFailureException: Cannot get Jedis connection; nested exception is redis.clients.jedis.exceptions.JedisConnectionException: Could not get a resource from the pool
	at org.springframework.data.redis.core.RedisTemplateTests.tearDown(RedisTemplateTests.java:85)
Caused by: redis.clients.jedis.exceptions.JedisConnectionException: Could not get a resource from the pool
	at org.springframework.data.redis.core.RedisTemplateTests.tearDown(RedisTemplateTests.java:85)
Caused by: redis.clients.jedis.exceptions.JedisConnectionException: java.net.ConnectException: Connection refused (Connection refused)
	at org.springframework.data.redis.core.RedisTemplateTests.tearDown(RedisTemplateTests.java:85)
Caused by: java.net.ConnectException: Connection refused (Connection refused)
	at org.springframework.data.redis.core.RedisTemplateTests.tearDown(RedisTemplateTests.java:85)
</error>
  </testcase>
  <testcase name="testGetExpireMillis[1]" classname="org.springframework.data.redis.core.RedisTemplateTests" time="0.002">
    <error message="Cannot get Jedis connection; nested exception is redis.clients.jedis.exceptions.JedisConnectionException: Could not get a resource from the pool" type="org.springframework.data.redis.RedisConnectionFailureException">org.springframework.data.redis.RedisConnectionFailureException: Cannot get Jedis connection; nested exception is redis.clients.jedis.exceptions.JedisConnectionException: Could not get a resource from the pool
	at org.springframework.data.redis.core.RedisTemplateTests.testGetExpireMillis(RedisTemplateTests.java:524)
Caused by: redis.clients.jedis.exceptions.JedisConnectionException: Could not get a resource from the pool
	at org.springframework.data.redis.core.RedisTemplateTests.testGetExpireMillis(RedisTemplateTests.java:524)
Caused by: redis.clients.jedis.exceptions.JedisConnectionException: java.net.ConnectException: Connection refused (Connection refused)
	at org.springframework.data.redis.core.RedisTemplateTests.testGetExpireMillis(RedisTemplateTests.java:524)
Caused by: java.net.ConnectException: Connection refused (Connection refused)
	at org.springframework.data.redis.core.RedisTemplateTests.testGetExpireMillis(RedisTemplateTests.java:524)
</error>
  </testcase>
  <testcase name="testGetExpireMillis[1]" classname="org.springframework.data.redis.core.RedisTemplateTests" time="0.003">
    <error message="Cannot get Jedis connection; nested exception is redis.clients.jedis.exceptions.JedisConnectionException: Could not get a resource from the pool" type="org.springframework.data.redis.RedisConnectionFailureException">org.springframework.data.redis.RedisConnectionFailureException: Cannot get Jedis connection; nested exception is redis.clients.jedis.exceptions.JedisConnectionException: Could not get a resource from the pool
	at org.springframework.data.redis.core.RedisTemplateTests.tearDown(RedisTemplateTests.java:85)
Caused by: redis.clients.jedis.exceptions.JedisConnectionException: Could not get a resource from the pool
	at org.springframework.data.redis.core.RedisTemplateTests.tearDown(RedisTemplateTests.java:85)
Caused by: redis.clients.jedis.exceptions.JedisConnectionException: java.net.ConnectException: Connection refused (Connection refused)
	at org.springframework.data.redis.core.RedisTemplateTests.tearDown(RedisTemplateTests.java:85)
Caused by: java.net.ConnectException: Connection refused (Connection refused)
	at org.springframework.data.redis.core.RedisTemplateTests.tearDown(RedisTemplateTests.java:85)
</error>
  </testcase>
  <testcase name="testExecutePipelinedTxCustomSerializer[1]" classname="org.springframework.data.redis.core.RedisTemplateTests" time="0">
    <error message="got: &lt;false&gt;, expected: is &lt;true&gt;" type="org.junit.AssumptionViolatedException"><![CDATA[org.junit.AssumptionViolatedException: got: <false>, expected: is <true>
	at org.springframework.data.redis.core.RedisTemplateTests.testExecutePipelinedTxCustomSerializer(RedisTemplateTests.java:358)
]]></error>
  </testcase>
  <testcase name="testExecutePipelinedTxCustomSerializer[1]" classname="org.springframework.data.redis.core.RedisTemplateTests" time="0.001">
    <error message="Cannot get Jedis connection; nested exception is redis.clients.jedis.exceptions.JedisConnectionException: Could not get a resource from the pool" type="org.springframework.data.redis.RedisConnectionFailureException">org.springframework.data.redis.RedisConnectionFailureException: Cannot get Jedis connection; nested exception is redis.clients.jedis.exceptions.JedisConnectionException: Could not get a resource from the pool
	at org.springframework.data.redis.core.RedisTemplateTests.tearDown(RedisTemplateTests.java:85)
Caused by: redis.clients.jedis.exceptions.JedisConnectionException: Could not get a resource from the pool
	at org.springframework.data.redis.core.RedisTemplateTests.tearDown(RedisTemplateTests.java:85)
Caused by: redis.clients.jedis.exceptions.JedisConnectionException: java.net.ConnectException: Connection refused (Connection refused)
	at org.springframework.data.redis.core.RedisTemplateTests.tearDown(RedisTemplateTests.java:85)
Caused by: java.net.ConnectException: Connection refused (Connection refused)
	at org.springframework.data.redis.core.RedisTemplateTests.tearDown(RedisTemplateTests.java:85)
</error>
  </testcase>
  <testcase name="testExecutePipelinedNonNullRedisCallback[1]" classname="org.springframework.data.redis.core.RedisTemplateTests" time="0.001">
    <error message="Unexpected exception, expected&lt;org.springframework.dao.InvalidDataAccessApiUsageException&gt; but was&lt;org.springframework.data.redis.RedisConnectionFailureException&gt;" type="java.lang.Exception"><![CDATA[java.lang.Exception: Unexpected exception, expected<org.springframework.dao.InvalidDataAccessApiUsageException> but was<org.springframework.data.redis.RedisConnectionFailureException>
	at org.springframework.data.redis.core.RedisTemplateTests.testExecutePipelinedNonNullRedisCallback(RedisTemplateTests.java:330)
Caused by: redis.clients.jedis.exceptions.JedisConnectionException: Could not get a resource from the pool
	at org.springframework.data.redis.core.RedisTemplateTests.testExecutePipelinedNonNullRedisCallback(RedisTemplateTests.java:330)
Caused by: redis.clients.jedis.exceptions.JedisConnectionException: java.net.ConnectException: Connection refused (Connection refused)
	at org.springframework.data.redis.core.RedisTemplateTests.testExecutePipelinedNonNullRedisCallback(RedisTemplateTests.java:330)
Caused by: java.net.ConnectException: Connection refused (Connection refused)
	at org.springframework.data.redis.core.RedisTemplateTests.testExecutePipelinedNonNullRedisCallback(RedisTemplateTests.java:330)
]]></error>
  </testcase>
  <testcase name="testExecutePipelinedNonNullRedisCallback[1]" classname="org.springframework.data.redis.core.RedisTemplateTests" time="0.002">
    <error message="Cannot get Jedis connection; nested exception is redis.clients.jedis.exceptions.JedisConnectionException: Could not get a resource from the pool" type="org.springframework.data.redis.RedisConnectionFailureException">org.springframework.data.redis.RedisConnectionFailureException: Cannot get Jedis connection; nested exception is redis.clients.jedis.exceptions.JedisConnectionException: Could not get a resource from the pool
	at org.springframework.data.redis.core.RedisTemplateTests.tearDown(RedisTemplateTests.java:85)
Caused by: redis.clients.jedis.exceptions.JedisConnectionException: Could not get a resource from the pool
	at org.springframework.data.redis.core.RedisTemplateTests.tearDown(RedisTemplateTests.java:85)
Caused by: redis.clients.jedis.exceptions.JedisConnectionException: java.net.ConnectException: Connection refused (Connection refused)
	at org.springframework.data.redis.core.RedisTemplateTests.tearDown(RedisTemplateTests.java:85)
Caused by: java.net.ConnectException: Connection refused (Connection refused)
	at org.springframework.data.redis.core.RedisTemplateTests.tearDown(RedisTemplateTests.java:85)
</error>
  </testcase>
  <testcase name="testExecutePipelinedTx[1]" classname="org.springframework.data.redis.core.RedisTemplateTests" time="0.001">
    <error message="Cannot get Jedis connection; nested exception is redis.clients.jedis.exceptions.JedisConnectionException: Could not get a resource from the pool" type="org.springframework.data.redis.RedisConnectionFailureException">org.springframework.data.redis.RedisConnectionFailureException: Cannot get Jedis connection; nested exception is redis.clients.jedis.exceptions.JedisConnectionException: Could not get a resource from the pool
	at org.springframework.data.redis.core.RedisTemplateTests.testExecutePipelinedTx(RedisTemplateTests.java:338)
Caused by: redis.clients.jedis.exceptions.JedisConnectionException: Could not get a resource from the pool
	at org.springframework.data.redis.core.RedisTemplateTests.testExecutePipelinedTx(RedisTemplateTests.java:338)
Caused by: redis.clients.jedis.exceptions.JedisConnectionException: java.net.ConnectException: Connection refused (Connection refused)
	at org.springframework.data.redis.core.RedisTemplateTests.testExecutePipelinedTx(RedisTemplateTests.java:338)
Caused by: java.net.ConnectException: Connection refused (Connection refused)
	at org.springframework.data.redis.core.RedisTemplateTests.testExecutePipelinedTx(RedisTemplateTests.java:338)
</error>
  </testcase>
  <testcase name="testExecutePipelinedTx[1]" classname="org.springframework.data.redis.core.RedisTemplateTests" time="0.002">
    <error message="Cannot get Jedis connection; nested exception is redis.clients.jedis.exceptions.JedisConnectionException: Could not get a resource from the pool" type="org.springframework.data.redis.RedisConnectionFailureException">org.springframework.data.redis.RedisConnectionFailureException: Cannot get Jedis connection; nested exception is redis.clients.jedis.exceptions.JedisConnectionException: Could not get a resource from the pool
	at org.springframework.data.redis.core.RedisTemplateTests.tearDown(RedisTemplateTests.java:85)
Caused by: redis.clients.jedis.exceptions.JedisConnectionException: Could not get a resource from the pool
	at org.springframework.data.redis.core.RedisTemplateTests.tearDown(RedisTemplateTests.java:85)
Caused by: redis.clients.jedis.exceptions.JedisConnectionException: java.net.ConnectException: Connection refused (Connection refused)
	at org.springframework.data.redis.core.RedisTemplateTests.tearDown(RedisTemplateTests.java:85)
Caused by: java.net.ConnectException: Connection refused (Connection refused)
	at org.springframework.data.redis.core.RedisTemplateTests.tearDown(RedisTemplateTests.java:85)
</error>
  </testcase>
  <testcase name="testGetExpireMillisUsingPipelining[1]" classname="org.springframework.data.redis.core.RedisTemplateTests" time="0.001">
    <error message="Cannot get Jedis connection; nested exception is redis.clients.jedis.exceptions.JedisConnectionException: Could not get a resource from the pool" type="org.springframework.data.redis.RedisConnectionFailureException">org.springframework.data.redis.RedisConnectionFailureException: Cannot get Jedis connection; nested exception is redis.clients.jedis.exceptions.JedisConnectionException: Could not get a resource from the pool
	at org.springframework.data.redis.core.RedisTemplateTests.testGetExpireMillisUsingPipelining(RedisTemplateTests.java:568)
Caused by: redis.clients.jedis.exceptions.JedisConnectionException: Could not get a resource from the pool
	at org.springframework.data.redis.core.RedisTemplateTests.testGetExpireMillisUsingPipelining(RedisTemplateTests.java:568)
Caused by: redis.clients.jedis.exceptions.JedisConnectionException: java.net.ConnectException: Connection refused (Connection refused)
	at org.springframework.data.redis.core.RedisTemplateTests.testGetExpireMillisUsingPipelining(RedisTemplateTests.java:568)
Caused by: java.net.ConnectException: Connection refused (Connection refused)
	at org.springframework.data.redis.core.RedisTemplateTests.testGetExpireMillisUsingPipelining(RedisTemplateTests.java:568)
</error>
  </testcase>
  <testcase name="testGetExpireMillisUsingPipelining[1]" classname="org.springframework.data.redis.core.RedisTemplateTests" time="0.001">
    <error message="Cannot get Jedis connection; nested exception is redis.clients.jedis.exceptions.JedisConnectionException: Could not get a resource from the pool" type="org.springframework.data.redis.RedisConnectionFailureException">org.springframework.data.redis.RedisConnectionFailureException: Cannot get Jedis connection; nested exception is redis.clients.jedis.exceptions.JedisConnectionException: Could not get a resource from the pool
	at org.springframework.data.redis.core.RedisTemplateTests.tearDown(RedisTemplateTests.java:85)
Caused by: redis.clients.jedis.exceptions.JedisConnectionException: Could not get a resource from the pool
	at org.springframework.data.redis.core.RedisTemplateTests.tearDown(RedisTemplateTests.java:85)
Caused by: redis.clients.jedis.exceptions.JedisConnectionException: java.net.ConnectException: Connection refused (Connection refused)
	at org.springframework.data.redis.core.RedisTemplateTests.tearDown(RedisTemplateTests.java:85)
Caused by: java.net.ConnectException: Connection refused (Connection refused)
	at org.springframework.data.redis.core.RedisTemplateTests.tearDown(RedisTemplateTests.java:85)
</error>
  </testcase>
  <testcase name="testSortBulkMapper[1]" classname="org.springframework.data.redis.core.RedisTemplateTests" time="0.001">
    <error message="Cannot get Jedis connection; nested exception is redis.clients.jedis.exceptions.JedisConnectionException: Could not get a resource from the pool" type="org.springframework.data.redis.RedisConnectionFailureException">org.springframework.data.redis.RedisConnectionFailureException: Cannot get Jedis connection; nested exception is redis.clients.jedis.exceptions.JedisConnectionException: Could not get a resource from the pool
	at org.springframework.data.redis.core.RedisTemplateTests.testSortBulkMapper(RedisTemplateTests.java:444)
Caused by: redis.clients.jedis.exceptions.JedisConnectionException: Could not get a resource from the pool
	at org.springframework.data.redis.core.RedisTemplateTests.testSortBulkMapper(RedisTemplateTests.java:444)
Caused by: redis.clients.jedis.exceptions.JedisConnectionException: java.net.ConnectException: Connection refused (Connection refused)
	at org.springframework.data.redis.core.RedisTemplateTests.testSortBulkMapper(RedisTemplateTests.java:444)
Caused by: java.net.ConnectException: Connection refused (Connection refused)
	at org.springframework.data.redis.core.RedisTemplateTests.testSortBulkMapper(RedisTemplateTests.java:444)
</error>
  </testcase>
  <testcase name="testSortBulkMapper[1]" classname="org.springframework.data.redis.core.RedisTemplateTests" time="0.001">
    <error message="Cannot get Jedis connection; nested exception is redis.clients.jedis.exceptions.JedisConnectionException: Could not get a resource from the pool" type="org.springframework.data.redis.RedisConnectionFailureException">org.springframework.data.redis.RedisConnectionFailureException: Cannot get Jedis connection; nested exception is redis.clients.jedis.exceptions.JedisConnectionException: Could not get a resource from the pool
	at org.springframework.data.redis.core.RedisTemplateTests.tearDown(RedisTemplateTests.java:85)
Caused by: redis.clients.jedis.exceptions.JedisConnectionException: Could not get a resource from the pool
	at org.springframework.data.redis.core.RedisTemplateTests.tearDown(RedisTemplateTests.java:85)
Caused by: redis.clients.jedis.exceptions.JedisConnectionException: java.net.ConnectException: Connection refused (Connection refused)
	at org.springframework.data.redis.core.RedisTemplateTests.tearDown(RedisTemplateTests.java:85)
Caused by: java.net.ConnectException: Connection refused (Connection refused)
	at org.springframework.data.redis.core.RedisTemplateTests.tearDown(RedisTemplateTests.java:85)
</error>
  </testcase>
  <testcase name="testExpireAt[1]" classname="org.springframework.data.redis.core.RedisTemplateTests" time="0.001">
    <error message="Cannot get Jedis connection; nested exception is redis.clients.jedis.exceptions.JedisConnectionException: Could not get a resource from the pool" type="org.springframework.data.redis.RedisConnectionFailureException">org.springframework.data.redis.RedisConnectionFailureException: Cannot get Jedis connection; nested exception is redis.clients.jedis.exceptions.JedisConnectionException: Could not get a resource from the pool
	at org.springframework.data.redis.core.RedisTemplateTests.testExpireAt(RedisTemplateTests.java:608)
Caused by: redis.clients.jedis.exceptions.JedisConnectionException: Could not get a resource from the pool
	at org.springframework.data.redis.core.RedisTemplateTests.testExpireAt(RedisTemplateTests.java:608)
Caused by: redis.clients.jedis.exceptions.JedisConnectionException: java.net.ConnectException: Connection refused (Connection refused)
	at org.springframework.data.redis.core.RedisTemplateTests.testExpireAt(RedisTemplateTests.java:608)
Caused by: java.net.ConnectException: Connection refused (Connection refused)
	at org.springframework.data.redis.core.RedisTemplateTests.testExpireAt(RedisTemplateTests.java:608)
</error>
  </testcase>
  <testcase name="testExpireAt[1]" classname="org.springframework.data.redis.core.RedisTemplateTests" time="0.001">
    <error message="Cannot get Jedis connection; nested exception is redis.clients.jedis.exceptions.JedisConnectionException: Could not get a resource from the pool" type="org.springframework.data.redis.RedisConnectionFailureException">org.springframework.data.redis.RedisConnectionFailureException: Cannot get Jedis connection; nested exception is redis.clients.jedis.exceptions.JedisConnectionException: Could not get a resource from the pool
	at org.springframework.data.redis.core.RedisTemplateTests.tearDown(RedisTemplateTests.java:85)
Caused by: redis.clients.jedis.exceptions.JedisConnectionException: Could not get a resource from the pool
	at org.springframework.data.redis.core.RedisTemplateTests.tearDown(RedisTemplateTests.java:85)
Caused by: redis.clients.jedis.exceptions.JedisConnectionException: java.net.ConnectException: Connection refused (Connection refused)
	at org.springframework.data.redis.core.RedisTemplateTests.tearDown(RedisTemplateTests.java:85)
Caused by: java.net.ConnectException: Connection refused (Connection refused)
	at org.springframework.data.redis.core.RedisTemplateTests.tearDown(RedisTemplateTests.java:85)
</error>
  </testcase>
  <testcase name="testWatch[1]" classname="org.springframework.data.redis.core.RedisTemplateTests" time="0.002">
    <error message="Cannot get Jedis connection; nested exception is redis.clients.jedis.exceptions.JedisConnectionException: Could not get a resource from the pool" type="org.springframework.data.redis.RedisConnectionFailureException">org.springframework.data.redis.RedisConnectionFailureException: Cannot get Jedis connection; nested exception is redis.clients.jedis.exceptions.JedisConnectionException: Could not get a resource from the pool
	at org.springframework.data.redis.core.RedisTemplateTests.testWatch(RedisTemplateTests.java:686)
Caused by: redis.clients.jedis.exceptions.JedisConnectionException: Could not get a resource from the pool
	at org.springframework.data.redis.core.RedisTemplateTests.testWatch(RedisTemplateTests.java:686)
Caused by: redis.clients.jedis.exceptions.JedisConnectionException: java.net.ConnectException: Connection refused (Connection refused)
	at org.springframework.data.redis.core.RedisTemplateTests.testWatch(RedisTemplateTests.java:686)
Caused by: java.net.ConnectException: Connection refused (Connection refused)
	at org.springframework.data.redis.core.RedisTemplateTests.testWatch(RedisTemplateTests.java:686)
</error>
  </testcase>
  <testcase name="testWatch[1]" classname="org.springframework.data.redis.core.RedisTemplateTests" time="0.002">
    <error message="Cannot get Jedis connection; nested exception is redis.clients.jedis.exceptions.JedisConnectionException: Could not get a resource from the pool" type="org.springframework.data.redis.RedisConnectionFailureException">org.springframework.data.redis.RedisConnectionFailureException: Cannot get Jedis connection; nested exception is redis.clients.jedis.exceptions.JedisConnectionException: Could not get a resource from the pool
	at org.springframework.data.redis.core.RedisTemplateTests.tearDown(RedisTemplateTests.java:85)
Caused by: redis.clients.jedis.exceptions.JedisConnectionException: Could not get a resource from the pool
	at org.springframework.data.redis.core.RedisTemplateTests.tearDown(RedisTemplateTests.java:85)
Caused by: redis.clients.jedis.exceptions.JedisConnectionException: java.net.ConnectException: Connection refused (Connection refused)
	at org.springframework.data.redis.core.RedisTemplateTests.tearDown(RedisTemplateTests.java:85)
Caused by: java.net.ConnectException: Connection refused (Connection refused)
	at org.springframework.data.redis.core.RedisTemplateTests.tearDown(RedisTemplateTests.java:85)
</error>
  </testcase>
  <testcase name="testExec[1]" classname="org.springframework.data.redis.core.RedisTemplateTests" time="0.002">
    <error message="Cannot get Jedis connection; nested exception is redis.clients.jedis.exceptions.JedisConnectionException: Could not get a resource from the pool" type="org.springframework.data.redis.RedisConnectionFailureException">org.springframework.data.redis.RedisConnectionFailureException: Cannot get Jedis connection; nested exception is redis.clients.jedis.exceptions.JedisConnectionException: Could not get a resource from the pool
	at org.springframework.data.redis.core.RedisTemplateTests.testExec(RedisTemplateTests.java:168)
Caused by: redis.clients.jedis.exceptions.JedisConnectionException: Could not get a resource from the pool
	at org.springframework.data.redis.core.RedisTemplateTests.testExec(RedisTemplateTests.java:168)
Caused by: redis.clients.jedis.exceptions.JedisConnectionException: java.net.ConnectException: Connection refused (Connection refused)
	at org.springframework.data.redis.core.RedisTemplateTests.testExec(RedisTemplateTests.java:168)
Caused by: java.net.ConnectException: Connection refused (Connection refused)
	at org.springframework.data.redis.core.RedisTemplateTests.testExec(RedisTemplateTests.java:168)
</error>
  </testcase>
  <testcase name="testExec[1]" classname="org.springframework.data.redis.core.RedisTemplateTests" time="0.002">
    <error message="Cannot get Jedis connection; nested exception is redis.clients.jedis.exceptions.JedisConnectionException: Could not get a resource from the pool" type="org.springframework.data.redis.RedisConnectionFailureException">org.springframework.data.redis.RedisConnectionFailureException: Cannot get Jedis connection; nested exception is redis.clients.jedis.exceptions.JedisConnectionException: Could not get a resource from the pool
	at org.springframework.data.redis.core.RedisTemplateTests.tearDown(RedisTemplateTests.java:85)
Caused by: redis.clients.jedis.exceptions.JedisConnectionException: Could not get a resource from the pool
	at org.springframework.data.redis.core.RedisTemplateTests.tearDown(RedisTemplateTests.java:85)
Caused by: redis.clients.jedis.exceptions.JedisConnectionException: java.net.ConnectException: Connection refused (Connection refused)
	at org.springframework.data.redis.core.RedisTemplateTests.tearDown(RedisTemplateTests.java:85)
Caused by: java.net.ConnectException: Connection refused (Connection refused)
	at org.springframework.data.redis.core.RedisTemplateTests.tearDown(RedisTemplateTests.java:85)
</error>
  </testcase>
  <testcase name="testKeys[1]" classname="org.springframework.data.redis.core.RedisTemplateTests" time="0.002">
    <error message="Cannot get Jedis connection; nested exception is redis.clients.jedis.exceptions.JedisConnectionException: Could not get a resource from the pool" type="org.springframework.data.redis.RedisConnectionFailureException">org.springframework.data.redis.RedisConnectionFailureException: Cannot get Jedis connection; nested exception is redis.clients.jedis.exceptions.JedisConnectionException: Could not get a resource from the pool
	at org.springframework.data.redis.core.RedisTemplateTests.testKeys(RedisTemplateTests.java:134)
Caused by: redis.clients.jedis.exceptions.JedisConnectionException: Could not get a resource from the pool
	at org.springframework.data.redis.core.RedisTemplateTests.testKeys(RedisTemplateTests.java:134)
Caused by: redis.clients.jedis.exceptions.JedisConnectionException: java.net.ConnectException: Connection refused (Connection refused)
	at org.springframework.data.redis.core.RedisTemplateTests.testKeys(RedisTemplateTests.java:134)
Caused by: java.net.ConnectException: Connection refused (Connection refused)
	at org.springframework.data.redis.core.RedisTemplateTests.testKeys(RedisTemplateTests.java:134)
</error>
  </testcase>
  <testcase name="testKeys[1]" classname="org.springframework.data.redis.core.RedisTemplateTests" time="0.002">
    <error message="Cannot get Jedis connection; nested exception is redis.clients.jedis.exceptions.JedisConnectionException: Could not get a resource from the pool" type="org.springframework.data.redis.RedisConnectionFailureException">org.springframework.data.redis.RedisConnectionFailureException: Cannot get Jedis connection; nested exception is redis.clients.jedis.exceptions.JedisConnectionException: Could not get a resource from the pool
	at org.springframework.data.redis.core.RedisTemplateTests.tearDown(RedisTemplateTests.java:85)
Caused by: redis.clients.jedis.exceptions.JedisConnectionException: Could not get a resource from the pool
	at org.springframework.data.redis.core.RedisTemplateTests.tearDown(RedisTemplateTests.java:85)
Caused by: redis.clients.jedis.exceptions.JedisConnectionException: java.net.ConnectException: Connection refused (Connection refused)
	at org.springframework.data.redis.core.RedisTemplateTests.tearDown(RedisTemplateTests.java:85)
Caused by: java.net.ConnectException: Connection refused (Connection refused)
	at org.springframework.data.redis.core.RedisTemplateTests.tearDown(RedisTemplateTests.java:85)
</error>
  </testcase>
  <testcase name="testSort[1]" classname="org.springframework.data.redis.core.RedisTemplateTests" time="0.002">
    <error message="Cannot get Jedis connection; nested exception is redis.clients.jedis.exceptions.JedisConnectionException: Could not get a resource from the pool" type="org.springframework.data.redis.RedisConnectionFailureException">org.springframework.data.redis.RedisConnectionFailureException: Cannot get Jedis connection; nested exception is redis.clients.jedis.exceptions.JedisConnectionException: Could not get a resource from the pool
	at org.springframework.data.redis.core.RedisTemplateTests.testSort(RedisTemplateTests.java:422)
Caused by: redis.clients.jedis.exceptions.JedisConnectionException: Could not get a resource from the pool
	at org.springframework.data.redis.core.RedisTemplateTests.testSort(RedisTemplateTests.java:422)
Caused by: redis.clients.jedis.exceptions.JedisConnectionException: java.net.ConnectException: Connection refused (Connection refused)
	at org.springframework.data.redis.core.RedisTemplateTests.testSort(RedisTemplateTests.java:422)
Caused by: java.net.ConnectException: Connection refused (Connection refused)
	at org.springframework.data.redis.core.RedisTemplateTests.testSort(RedisTemplateTests.java:422)
</error>
  </testcase>
  <testcase name="testSort[1]" classname="org.springframework.data.redis.core.RedisTemplateTests" time="0.002">
    <error message="Cannot get Jedis connection; nested exception is redis.clients.jedis.exceptions.JedisConnectionException: Could not get a resource from the pool" type="org.springframework.data.redis.RedisConnectionFailureException">org.springframework.data.redis.RedisConnectionFailureException: Cannot get Jedis connection; nested exception is redis.clients.jedis.exceptions.JedisConnectionException: Could not get a resource from the pool
	at org.springframework.data.redis.core.RedisTemplateTests.tearDown(RedisTemplateTests.java:85)
Caused by: redis.clients.jedis.exceptions.JedisConnectionException: Could not get a resource from the pool
	at org.springframework.data.redis.core.RedisTemplateTests.tearDown(RedisTemplateTests.java:85)
Caused by: redis.clients.jedis.exceptions.JedisConnectionException: java.net.ConnectException: Connection refused (Connection refused)
	at org.springframework.data.redis.core.RedisTemplateTests.tearDown(RedisTemplateTests.java:85)
Caused by: java.net.ConnectException: Connection refused (Connection refused)
	at org.springframework.data.redis.core.RedisTemplateTests.tearDown(RedisTemplateTests.java:85)
</error>
  </testcase>
  <testcase name="testType[1]" classname="org.springframework.data.redis.core.RedisTemplateTests" time="0.002">
    <error message="Cannot get Jedis connection; nested exception is redis.clients.jedis.exceptions.JedisConnectionException: Could not get a resource from the pool" type="org.springframework.data.redis.RedisConnectionFailureException">org.springframework.data.redis.RedisConnectionFailureException: Cannot get Jedis connection; nested exception is redis.clients.jedis.exceptions.JedisConnectionException: Could not get a resource from the pool
	at org.springframework.data.redis.core.RedisTemplateTests.testType(RedisTemplateTests.java:676)
Caused by: redis.clients.jedis.exceptions.JedisConnectionException: Could not get a resource from the pool
	at org.springframework.data.redis.core.RedisTemplateTests.testType(RedisTemplateTests.java:676)
Caused by: redis.clients.jedis.exceptions.JedisConnectionException: java.net.ConnectException: Connection refused (Connection refused)
	at org.springframework.data.redis.core.RedisTemplateTests.testType(RedisTemplateTests.java:676)
Caused by: java.net.ConnectException: Connection refused (Connection refused)
	at org.springframework.data.redis.core.RedisTemplateTests.testType(RedisTemplateTests.java:676)
</error>
  </testcase>
  <testcase name="testType[1]" classname="org.springframework.data.redis.core.RedisTemplateTests" time="0.002">
    <error message="Cannot get Jedis connection; nested exception is redis.clients.jedis.exceptions.JedisConnectionException: Could not get a resource from the pool" type="org.springframework.data.redis.RedisConnectionFailureException">org.springframework.data.redis.RedisConnectionFailureException: Cannot get Jedis connection; nested exception is redis.clients.jedis.exceptions.JedisConnectionException: Could not get a resource from the pool
	at org.springframework.data.redis.core.RedisTemplateTests.tearDown(RedisTemplateTests.java:85)
Caused by: redis.clients.jedis.exceptions.JedisConnectionException: Could not get a resource from the pool
	at org.springframework.data.redis.core.RedisTemplateTests.tearDown(RedisTemplateTests.java:85)
Caused by: redis.clients.jedis.exceptions.JedisConnectionException: java.net.ConnectException: Connection refused (Connection refused)
	at org.springframework.data.redis.core.RedisTemplateTests.tearDown(RedisTemplateTests.java:85)
Caused by: java.net.ConnectException: Connection refused (Connection refused)
	at org.springframework.data.redis.core.RedisTemplateTests.tearDown(RedisTemplateTests.java:85)
</error>
  </testcase>
  <testcase name="testPersist[1]" classname="org.springframework.data.redis.core.RedisTemplateTests" time="0.001">
    <error message="Could not initialize class org.springframework.data.redis.RedisTestProfileValueSource" type="java.lang.NoClassDefFoundError">java.lang.NoClassDefFoundError: Could not initialize class org.springframework.data.redis.RedisTestProfileValueSource
	at org.springframework.data.redis.core.RedisTemplateTests.testPersist(RedisTemplateTests.java:634)
</error>
  </testcase>
  <testcase name="testPersist[1]" classname="org.springframework.data.redis.core.RedisTemplateTests" time="0.001">
    <error message="Cannot get Jedis connection; nested exception is redis.clients.jedis.exceptions.JedisConnectionException: Could not get a resource from the pool" type="org.springframework.data.redis.RedisConnectionFailureException">org.springframework.data.redis.RedisConnectionFailureException: Cannot get Jedis connection; nested exception is redis.clients.jedis.exceptions.JedisConnectionException: Could not get a resource from the pool
	at org.springframework.data.redis.core.RedisTemplateTests.tearDown(RedisTemplateTests.java:85)
Caused by: redis.clients.jedis.exceptions.JedisConnectionException: Could not get a resource from the pool
	at org.springframework.data.redis.core.RedisTemplateTests.tearDown(RedisTemplateTests.java:85)
Caused by: redis.clients.jedis.exceptions.JedisConnectionException: java.net.ConnectException: Connection refused (Connection refused)
	at org.springframework.data.redis.core.RedisTemplateTests.tearDown(RedisTemplateTests.java:85)
Caused by: java.net.ConnectException: Connection refused (Connection refused)
	at org.springframework.data.redis.core.RedisTemplateTests.tearDown(RedisTemplateTests.java:85)
</error>
  </testcase>
  <testcase name="testRenameIfAbsent[1]" classname="org.springframework.data.redis.core.RedisTemplateTests" time="0.002">
    <error message="Cannot get Jedis connection; nested exception is redis.clients.jedis.exceptions.JedisConnectionException: Could not get a resource from the pool" type="org.springframework.data.redis.RedisConnectionFailureException">org.springframework.data.redis.RedisConnectionFailureException: Cannot get Jedis connection; nested exception is redis.clients.jedis.exceptions.JedisConnectionException: Could not get a resource from the pool
	at org.springframework.data.redis.core.RedisTemplateTests.testRenameIfAbsent(RedisTemplateTests.java:667)
Caused by: redis.clients.jedis.exceptions.JedisConnectionException: Could not get a resource from the pool
	at org.springframework.data.redis.core.RedisTemplateTests.testRenameIfAbsent(RedisTemplateTests.java:667)
Caused by: redis.clients.jedis.exceptions.JedisConnectionException: java.net.ConnectException: Connection refused (Connection refused)
	at org.springframework.data.redis.core.RedisTemplateTests.testRenameIfAbsent(RedisTemplateTests.java:667)
Caused by: java.net.ConnectException: Connection refused (Connection refused)
	at org.springframework.data.redis.core.RedisTemplateTests.testRenameIfAbsent(RedisTemplateTests.java:667)
</error>
  </testcase>
  <testcase name="testRenameIfAbsent[1]" classname="org.springframework.data.redis.core.RedisTemplateTests" time="0.002">
    <error message="Cannot get Jedis connection; nested exception is redis.clients.jedis.exceptions.JedisConnectionException: Could not get a resource from the pool" type="org.springframework.data.redis.RedisConnectionFailureException">org.springframework.data.redis.RedisConnectionFailureException: Cannot get Jedis connection; nested exception is redis.clients.jedis.exceptions.JedisConnectionException: Could not get a resource from the pool
	at org.springframework.data.redis.core.RedisTemplateTests.tearDown(RedisTemplateTests.java:85)
Caused by: redis.clients.jedis.exceptions.JedisConnectionException: Could not get a resource from the pool
	at org.springframework.data.redis.core.RedisTemplateTests.tearDown(RedisTemplateTests.java:85)
Caused by: redis.clients.jedis.exceptions.JedisConnectionException: java.net.ConnectException: Connection refused (Connection refused)
	at org.springframework.data.redis.core.RedisTemplateTests.tearDown(RedisTemplateTests.java:85)
Caused by: java.net.ConnectException: Connection refused (Connection refused)
	at org.springframework.data.redis.core.RedisTemplateTests.tearDown(RedisTemplateTests.java:85)
</error>
  </testcase>
  <testcase name="testUnwatch[1]" classname="org.springframework.data.redis.core.RedisTemplateTests" time="0.002">
    <error message="Cannot get Jedis connection; nested exception is redis.clients.jedis.exceptions.JedisConnectionException: Could not get a resource from the pool" type="org.springframework.data.redis.RedisConnectionFailureException">org.springframework.data.redis.RedisConnectionFailureException: Cannot get Jedis connection; nested exception is redis.clients.jedis.exceptions.JedisConnectionException: Could not get a resource from the pool
	at org.springframework.data.redis.core.RedisTemplateTests.testUnwatch(RedisTemplateTests.java:723)
Caused by: redis.clients.jedis.exceptions.JedisConnectionException: Could not get a resource from the pool
	at org.springframework.data.redis.core.RedisTemplateTests.testUnwatch(RedisTemplateTests.java:723)
Caused by: redis.clients.jedis.exceptions.JedisConnectionException: java.net.ConnectException: Connection refused (Connection refused)
	at org.springframework.data.redis.core.RedisTemplateTests.testUnwatch(RedisTemplateTests.java:723)
Caused by: java.net.ConnectException: Connection refused (Connection refused)
	at org.springframework.data.redis.core.RedisTemplateTests.testUnwatch(RedisTemplateTests.java:723)
</error>
  </testcase>
  <testcase name="testUnwatch[1]" classname="org.springframework.data.redis.core.RedisTemplateTests" time="0.002">
    <error message="Cannot get Jedis connection; nested exception is redis.clients.jedis.exceptions.JedisConnectionException: Could not get a resource from the pool" type="org.springframework.data.redis.RedisConnectionFailureException">org.springframework.data.redis.RedisConnectionFailureException: Cannot get Jedis connection; nested exception is redis.clients.jedis.exceptions.JedisConnectionException: Could not get a resource from the pool
	at org.springframework.data.redis.core.RedisTemplateTests.tearDown(RedisTemplateTests.java:85)
Caused by: redis.clients.jedis.exceptions.JedisConnectionException: Could not get a resource from the pool
	at org.springframework.data.redis.core.RedisTemplateTests.tearDown(RedisTemplateTests.java:85)
Caused by: redis.clients.jedis.exceptions.JedisConnectionException: java.net.ConnectException: Connection refused (Connection refused)
	at org.springframework.data.redis.core.RedisTemplateTests.tearDown(RedisTemplateTests.java:85)
Caused by: java.net.ConnectException: Connection refused (Connection refused)
	at org.springframework.data.redis.core.RedisTemplateTests.tearDown(RedisTemplateTests.java:85)
</error>
  </testcase>
  <testcase name="testGetExpireMillisUsingTransactions[1]" classname="org.springframework.data.redis.core.RedisTemplateTests" time="0.001">
    <error message="Cannot get Jedis connection; nested exception is redis.clients.jedis.exceptions.JedisConnectionException: Could not get a resource from the pool" type="org.springframework.data.redis.RedisConnectionFailureException">org.springframework.data.redis.RedisConnectionFailureException: Cannot get Jedis connection; nested exception is redis.clients.jedis.exceptions.JedisConnectionException: Could not get a resource from the pool
	at org.springframework.data.redis.core.RedisTemplateTests.testGetExpireMillisUsingTransactions(RedisTemplateTests.java:541)
Caused by: redis.clients.jedis.exceptions.JedisConnectionException: Could not get a resource from the pool
	at org.springframework.data.redis.core.RedisTemplateTests.testGetExpireMillisUsingTransactions(RedisTemplateTests.java:541)
Caused by: redis.clients.jedis.exceptions.JedisConnectionException: java.net.ConnectException: Connection refused (Connection refused)
	at org.springframework.data.redis.core.RedisTemplateTests.testGetExpireMillisUsingTransactions(RedisTemplateTests.java:541)
Caused by: java.net.ConnectException: Connection refused (Connection refused)
	at org.springframework.data.redis.core.RedisTemplateTests.testGetExpireMillisUsingTransactions(RedisTemplateTests.java:541)
</error>
  </testcase>
  <testcase name="testGetExpireMillisUsingTransactions[1]" classname="org.springframework.data.redis.core.RedisTemplateTests" time="0.002">
    <error message="Cannot get Jedis connection; nested exception is redis.clients.jedis.exceptions.JedisConnectionException: Could not get a resource from the pool" type="org.springframework.data.redis.RedisConnectionFailureException">org.springframework.data.redis.RedisConnectionFailureException: Cannot get Jedis connection; nested exception is redis.clients.jedis.exceptions.JedisConnectionException: Could not get a resource from the pool
	at org.springframework.data.redis.core.RedisTemplateTests.tearDown(RedisTemplateTests.java:85)
Caused by: redis.clients.jedis.exceptions.JedisConnectionException: Could not get a resource from the pool
	at org.springframework.data.redis.core.RedisTemplateTests.tearDown(RedisTemplateTests.java:85)
Caused by: redis.clients.jedis.exceptions.JedisConnectionException: java.net.ConnectException: Connection refused (Connection refused)
	at org.springframework.data.redis.core.RedisTemplateTests.tearDown(RedisTemplateTests.java:85)
Caused by: java.net.ConnectException: Connection refused (Connection refused)
	at org.springframework.data.redis.core.RedisTemplateTests.tearDown(RedisTemplateTests.java:85)
</error>
  </testcase>
  <testcase name="testExecCustomSerializer[1]" classname="org.springframework.data.redis.core.RedisTemplateTests" time="0.001">
    <error message="got: &lt;false&gt;, expected: is &lt;true&gt;" type="org.junit.AssumptionViolatedException"><![CDATA[org.junit.AssumptionViolatedException: got: <false>, expected: is <true>
	at org.springframework.data.redis.core.RedisTemplateTests.testExecCustomSerializer(RedisTemplateTests.java:210)
]]></error>
  </testcase>
  <testcase name="testExecCustomSerializer[1]" classname="org.springframework.data.redis.core.RedisTemplateTests" time="0.001">
    <error message="Cannot get Jedis connection; nested exception is redis.clients.jedis.exceptions.JedisConnectionException: Could not get a resource from the pool" type="org.springframework.data.redis.RedisConnectionFailureException">org.springframework.data.redis.RedisConnectionFailureException: Cannot get Jedis connection; nested exception is redis.clients.jedis.exceptions.JedisConnectionException: Could not get a resource from the pool
	at org.springframework.data.redis.core.RedisTemplateTests.tearDown(RedisTemplateTests.java:85)
Caused by: redis.clients.jedis.exceptions.JedisConnectionException: Could not get a resource from the pool
	at org.springframework.data.redis.core.RedisTemplateTests.tearDown(RedisTemplateTests.java:85)
Caused by: redis.clients.jedis.exceptions.JedisConnectionException: java.net.ConnectException: Connection refused (Connection refused)
	at org.springframework.data.redis.core.RedisTemplateTests.tearDown(RedisTemplateTests.java:85)
Caused by: java.net.ConnectException: Connection refused (Connection refused)
	at org.springframework.data.redis.core.RedisTemplateTests.tearDown(RedisTemplateTests.java:85)
</error>
  </testcase>
  <testcase name="testExecutePipelinedCustomSerializer[1]" classname="org.springframework.data.redis.core.RedisTemplateTests" time="0.001">
    <error message="got: &lt;false&gt;, expected: is &lt;true&gt;" type="org.junit.AssumptionViolatedException"><![CDATA[org.junit.AssumptionViolatedException: got: <false>, expected: is <true>
	at org.springframework.data.redis.core.RedisTemplateTests.testExecutePipelinedCustomSerializer(RedisTemplateTests.java:292)
]]></error>
  </testcase>
  <testcase name="testExecutePipelinedCustomSerializer[1]" classname="org.springframework.data.redis.core.RedisTemplateTests" time="0.001">
    <error message="Cannot get Jedis connection; nested exception is redis.clients.jedis.exceptions.JedisConnectionException: Could not get a resource from the pool" type="org.springframework.data.redis.RedisConnectionFailureException">org.springframework.data.redis.RedisConnectionFailureException: Cannot get Jedis connection; nested exception is redis.clients.jedis.exceptions.JedisConnectionException: Could not get a resource from the pool
	at org.springframework.data.redis.core.RedisTemplateTests.tearDown(RedisTemplateTests.java:85)
Caused by: redis.clients.jedis.exceptions.JedisConnectionException: Could not get a resource from the pool
	at org.springframework.data.redis.core.RedisTemplateTests.tearDown(RedisTemplateTests.java:85)
Caused by: redis.clients.jedis.exceptions.JedisConnectionException: java.net.ConnectException: Connection refused (Connection refused)
	at org.springframework.data.redis.core.RedisTemplateTests.tearDown(RedisTemplateTests.java:85)
Caused by: java.net.ConnectException: Connection refused (Connection refused)
	at org.springframework.data.redis.core.RedisTemplateTests.tearDown(RedisTemplateTests.java:85)
</error>
  </testcase>
  <testcase name="testExpireAtMillisNotSupported[1]" classname="org.springframework.data.redis.core.RedisTemplateTests" time="0.001">
    <error message="Could not initialize class org.springframework.data.redis.RedisTestProfileValueSource" type="java.lang.NoClassDefFoundError">java.lang.NoClassDefFoundError: Could not initialize class org.springframework.data.redis.RedisTestProfileValueSource
	at org.springframework.data.redis.core.RedisTemplateTests.testExpireAtMillisNotSupported(RedisTemplateTests.java:616)
</error>
  </testcase>
  <testcase name="testExpireAtMillisNotSupported[1]" classname="org.springframework.data.redis.core.RedisTemplateTests" time="0.001">
    <error message="Cannot get Jedis connection; nested exception is redis.clients.jedis.exceptions.JedisConnectionException: Could not get a resource from the pool" type="org.springframework.data.redis.RedisConnectionFailureException">org.springframework.data.redis.RedisConnectionFailureException: Cannot get Jedis connection; nested exception is redis.clients.jedis.exceptions.JedisConnectionException: Could not get a resource from the pool
	at org.springframework.data.redis.core.RedisTemplateTests.tearDown(RedisTemplateTests.java:85)
Caused by: redis.clients.jedis.exceptions.JedisConnectionException: Could not get a resource from the pool
	at org.springframework.data.redis.core.RedisTemplateTests.tearDown(RedisTemplateTests.java:85)
Caused by: redis.clients.jedis.exceptions.JedisConnectionException: java.net.ConnectException: Connection refused (Connection refused)
	at org.springframework.data.redis.core.RedisTemplateTests.tearDown(RedisTemplateTests.java:85)
Caused by: java.net.ConnectException: Connection refused (Connection refused)
	at org.springframework.data.redis.core.RedisTemplateTests.tearDown(RedisTemplateTests.java:85)
</error>
  </testcase>
  <testcase name="testGetExpireSecondsForKeyDoesNotExist[1]" classname="org.springframework.data.redis.core.RedisTemplateTests" time="0.001">
    <error message="Cannot get Jedis connection; nested exception is redis.clients.jedis.exceptions.JedisConnectionException: Could not get a resource from the pool" type="org.springframework.data.redis.RedisConnectionFailureException">org.springframework.data.redis.RedisConnectionFailureException: Cannot get Jedis connection; nested exception is redis.clients.jedis.exceptions.JedisConnectionException: Could not get a resource from the pool
	at org.springframework.data.redis.core.RedisTemplateTests.testGetExpireSecondsForKeyDoesNotExist(RedisTemplateTests.java:485)
Caused by: redis.clients.jedis.exceptions.JedisConnectionException: Could not get a resource from the pool
	at org.springframework.data.redis.core.RedisTemplateTests.testGetExpireSecondsForKeyDoesNotExist(RedisTemplateTests.java:485)
Caused by: redis.clients.jedis.exceptions.JedisConnectionException: java.net.ConnectException: Connection refused (Connection refused)
	at org.springframework.data.redis.core.RedisTemplateTests.testGetExpireSecondsForKeyDoesNotExist(RedisTemplateTests.java:485)
Caused by: java.net.ConnectException: Connection refused (Connection refused)
	at org.springframework.data.redis.core.RedisTemplateTests.testGetExpireSecondsForKeyDoesNotExist(RedisTemplateTests.java:485)
</error>
  </testcase>
  <testcase name="testGetExpireSecondsForKeyDoesNotExist[1]" classname="org.springframework.data.redis.core.RedisTemplateTests" time="0.001">
    <error message="Cannot get Jedis connection; nested exception is redis.clients.jedis.exceptions.JedisConnectionException: Could not get a resource from the pool" type="org.springframework.data.redis.RedisConnectionFailureException">org.springframework.data.redis.RedisConnectionFailureException: Cannot get Jedis connection; nested exception is redis.clients.jedis.exceptions.JedisConnectionException: Could not get a resource from the pool
	at org.springframework.data.redis.core.RedisTemplateTests.tearDown(RedisTemplateTests.java:85)
Caused by: redis.clients.jedis.exceptions.JedisConnectionException: Could not get a resource from the pool
	at org.springframework.data.redis.core.RedisTemplateTests.tearDown(RedisTemplateTests.java:85)
Caused by: redis.clients.jedis.exceptions.JedisConnectionException: java.net.ConnectException: Connection refused (Connection refused)
	at org.springframework.data.redis.core.RedisTemplateTests.tearDown(RedisTemplateTests.java:85)
Caused by: java.net.ConnectException: Connection refused (Connection refused)
	at org.springframework.data.redis.core.RedisTemplateTests.tearDown(RedisTemplateTests.java:85)
</error>
  </testcase>
  <testcase name="testRandomKey[1]" classname="org.springframework.data.redis.core.RedisTemplateTests" time="0.002">
    <error message="Cannot get Jedis connection; nested exception is redis.clients.jedis.exceptions.JedisConnectionException: Could not get a resource from the pool" type="org.springframework.data.redis.RedisConnectionFailureException">org.springframework.data.redis.RedisConnectionFailureException: Cannot get Jedis connection; nested exception is redis.clients.jedis.exceptions.JedisConnectionException: Could not get a resource from the pool
	at org.springframework.data.redis.core.RedisTemplateTests.testRandomKey(RedisTemplateTests.java:648)
Caused by: redis.clients.jedis.exceptions.JedisConnectionException: Could not get a resource from the pool
	at org.springframework.data.redis.core.RedisTemplateTests.testRandomKey(RedisTemplateTests.java:648)
Caused by: redis.clients.jedis.exceptions.JedisConnectionException: java.net.ConnectException: Connection refused (Connection refused)
	at org.springframework.data.redis.core.RedisTemplateTests.testRandomKey(RedisTemplateTests.java:648)
Caused by: java.net.ConnectException: Connection refused (Connection refused)
	at org.springframework.data.redis.core.RedisTemplateTests.testRandomKey(RedisTemplateTests.java:648)
</error>
  </testcase>
  <testcase name="testRandomKey[1]" classname="org.springframework.data.redis.core.RedisTemplateTests" time="0.003">
    <error message="Cannot get Jedis connection; nested exception is redis.clients.jedis.exceptions.JedisConnectionException: Could not get a resource from the pool" type="org.springframework.data.redis.RedisConnectionFailureException">org.springframework.data.redis.RedisConnectionFailureException: Cannot get Jedis connection; nested exception is redis.clients.jedis.exceptions.JedisConnectionException: Could not get a resource from the pool
	at org.springframework.data.redis.core.RedisTemplateTests.tearDown(RedisTemplateTests.java:85)
Caused by: redis.clients.jedis.exceptions.JedisConnectionException: Could not get a resource from the pool
	at org.springframework.data.redis.core.RedisTemplateTests.tearDown(RedisTemplateTests.java:85)
Caused by: redis.clients.jedis.exceptions.JedisConnectionException: java.net.ConnectException: Connection refused (Connection refused)
	at org.springframework.data.redis.core.RedisTemplateTests.tearDown(RedisTemplateTests.java:85)
Caused by: java.net.ConnectException: Connection refused (Connection refused)
	at org.springframework.data.redis.core.RedisTemplateTests.tearDown(RedisTemplateTests.java:85)
</error>
  </testcase>
  <testcase name="clientListShouldReturnCorrectly[1]" classname="org.springframework.data.redis.core.RedisTemplateTests" time="0">
    <error message="Cannot get Jedis connection; nested exception is redis.clients.jedis.exceptions.JedisConnectionException: Could not get a resource from the pool" type="org.springframework.data.redis.RedisConnectionFailureException">org.springframework.data.redis.RedisConnectionFailureException: Cannot get Jedis connection; nested exception is redis.clients.jedis.exceptions.JedisConnectionException: Could not get a resource from the pool
	at org.springframework.data.redis.core.RedisTemplateTests.clientListShouldReturnCorrectly(RedisTemplateTests.java:809)
Caused by: redis.clients.jedis.exceptions.JedisConnectionException: Could not get a resource from the pool
	at org.springframework.data.redis.core.RedisTemplateTests.clientListShouldReturnCorrectly(RedisTemplateTests.java:809)
Caused by: redis.clients.jedis.exceptions.JedisConnectionException: java.net.ConnectException: Connection refused (Connection refused)
	at org.springframework.data.redis.core.RedisTemplateTests.clientListShouldReturnCorrectly(RedisTemplateTests.java:809)
Caused by: java.net.ConnectException: Connection refused (Connection refused)
	at org.springframework.data.redis.core.RedisTemplateTests.clientListShouldReturnCorrectly(RedisTemplateTests.java:809)
</error>
  </testcase>
  <testcase name="clientListShouldReturnCorrectly[1]" classname="org.springframework.data.redis.core.RedisTemplateTests" time="0.001">
    <error message="Cannot get Jedis connection; nested exception is redis.clients.jedis.exceptions.JedisConnectionException: Could not get a resource from the pool" type="org.springframework.data.redis.RedisConnectionFailureException">org.springframework.data.redis.RedisConnectionFailureException: Cannot get Jedis connection; nested exception is redis.clients.jedis.exceptions.JedisConnectionException: Could not get a resource from the pool
	at org.springframework.data.redis.core.RedisTemplateTests.tearDown(RedisTemplateTests.java:85)
Caused by: redis.clients.jedis.exceptions.JedisConnectionException: Could not get a resource from the pool
	at org.springframework.data.redis.core.RedisTemplateTests.tearDown(RedisTemplateTests.java:85)
Caused by: redis.clients.jedis.exceptions.JedisConnectionException: java.net.ConnectException: Connection refused (Connection refused)
	at org.springframework.data.redis.core.RedisTemplateTests.tearDown(RedisTemplateTests.java:85)
Caused by: java.net.ConnectException: Connection refused (Connection refused)
	at org.springframework.data.redis.core.RedisTemplateTests.tearDown(RedisTemplateTests.java:85)
</error>
  </testcase>
  <testcase name="testExecutePipelinedNonNullSessionCallback[1]" classname="org.springframework.data.redis.core.RedisTemplateTests" time="0.001">
    <error message="Unexpected exception, expected&lt;org.springframework.dao.InvalidDataAccessApiUsageException&gt; but was&lt;org.springframework.data.redis.RedisConnectionFailureException&gt;" type="java.lang.Exception"><![CDATA[java.lang.Exception: Unexpected exception, expected<org.springframework.dao.InvalidDataAccessApiUsageException> but was<org.springframework.data.redis.RedisConnectionFailureException>
	at org.springframework.data.redis.core.RedisTemplateTests.testExecutePipelinedNonNullSessionCallback(RedisTemplateTests.java:377)
Caused by: redis.clients.jedis.exceptions.JedisConnectionException: Could not get a resource from the pool
	at org.springframework.data.redis.core.RedisTemplateTests.testExecutePipelinedNonNullSessionCallback(RedisTemplateTests.java:377)
Caused by: redis.clients.jedis.exceptions.JedisConnectionException: java.net.ConnectException: Connection refused (Connection refused)
	at org.springframework.data.redis.core.RedisTemplateTests.testExecutePipelinedNonNullSessionCallback(RedisTemplateTests.java:377)
Caused by: java.net.ConnectException: Connection refused (Connection refused)
	at org.springframework.data.redis.core.RedisTemplateTests.testExecutePipelinedNonNullSessionCallback(RedisTemplateTests.java:377)
]]></error>
  </testcase>
  <testcase name="testExecutePipelinedNonNullSessionCallback[1]" classname="org.springframework.data.redis.core.RedisTemplateTests" time="0.002">
    <error message="Cannot get Jedis connection; nested exception is redis.clients.jedis.exceptions.JedisConnectionException: Could not get a resource from the pool" type="org.springframework.data.redis.RedisConnectionFailureException">org.springframework.data.redis.RedisConnectionFailureException: Cannot get Jedis connection; nested exception is redis.clients.jedis.exceptions.JedisConnectionException: Could not get a resource from the pool
	at org.springframework.data.redis.core.RedisTemplateTests.tearDown(RedisTemplateTests.java:85)
Caused by: redis.clients.jedis.exceptions.JedisConnectionException: Could not get a resource from the pool
	at org.springframework.data.redis.core.RedisTemplateTests.tearDown(RedisTemplateTests.java:85)
Caused by: redis.clients.jedis.exceptions.JedisConnectionException: java.net.ConnectException: Connection refused (Connection refused)
	at org.springframework.data.redis.core.RedisTemplateTests.tearDown(RedisTemplateTests.java:85)
Caused by: java.net.ConnectException: Connection refused (Connection refused)
	at org.springframework.data.redis.core.RedisTemplateTests.tearDown(RedisTemplateTests.java:85)
</error>
  </testcase>
  <testcase name="testConvertAndSend[1]" classname="org.springframework.data.redis.core.RedisTemplateTests" time="0.001">
    <error message="Cannot get Jedis connection; nested exception is redis.clients.jedis.exceptions.JedisConnectionException: Could not get a resource from the pool" type="org.springframework.data.redis.RedisConnectionFailureException">org.springframework.data.redis.RedisConnectionFailureException: Cannot get Jedis connection; nested exception is redis.clients.jedis.exceptions.JedisConnectionException: Could not get a resource from the pool
	at org.springframework.data.redis.core.RedisTemplateTests.testConvertAndSend(RedisTemplateTests.java:793)
Caused by: redis.clients.jedis.exceptions.JedisConnectionException: Could not get a resource from the pool
	at org.springframework.data.redis.core.RedisTemplateTests.testConvertAndSend(RedisTemplateTests.java:793)
Caused by: redis.clients.jedis.exceptions.JedisConnectionException: java.net.ConnectException: Connection refused (Connection refused)
	at org.springframework.data.redis.core.RedisTemplateTests.testConvertAndSend(RedisTemplateTests.java:793)
Caused by: java.net.ConnectException: Connection refused (Connection refused)
	at org.springframework.data.redis.core.RedisTemplateTests.testConvertAndSend(RedisTemplateTests.java:793)
</error>
  </testcase>
  <testcase name="testConvertAndSend[1]" classname="org.springframework.data.redis.core.RedisTemplateTests" time="0.002">
    <error message="Cannot get Jedis connection; nested exception is redis.clients.jedis.exceptions.JedisConnectionException: Could not get a resource from the pool" type="org.springframework.data.redis.RedisConnectionFailureException">org.springframework.data.redis.RedisConnectionFailureException: Cannot get Jedis connection; nested exception is redis.clients.jedis.exceptions.JedisConnectionException: Could not get a resource from the pool
	at org.springframework.data.redis.core.RedisTemplateTests.tearDown(RedisTemplateTests.java:85)
Caused by: redis.clients.jedis.exceptions.JedisConnectionException: Could not get a resource from the pool
	at org.springframework.data.redis.core.RedisTemplateTests.tearDown(RedisTemplateTests.java:85)
Caused by: redis.clients.jedis.exceptions.JedisConnectionException: java.net.ConnectException: Connection refused (Connection refused)
	at org.springframework.data.redis.core.RedisTemplateTests.tearDown(RedisTemplateTests.java:85)
Caused by: java.net.ConnectException: Connection refused (Connection refused)
	at org.springframework.data.redis.core.RedisTemplateTests.tearDown(RedisTemplateTests.java:85)
</error>
  </testcase>
  <testcase name="testGetExpireMillisNotSupported[1]" classname="org.springframework.data.redis.core.RedisTemplateTests" time="0.001">
    <error message="got: &lt;false&gt;, expected: is &lt;true&gt;" type="org.junit.AssumptionViolatedException"><![CDATA[org.junit.AssumptionViolatedException: got: <false>, expected: is <true>
	at org.springframework.data.redis.core.RedisTemplateTests.testGetExpireMillisNotSupported(RedisTemplateTests.java:594)
]]></error>
  </testcase>
  <testcase name="testGetExpireMillisNotSupported[1]" classname="org.springframework.data.redis.core.RedisTemplateTests" time="0.001">
    <error message="Cannot get Jedis connection; nested exception is redis.clients.jedis.exceptions.JedisConnectionException: Could not get a resource from the pool" type="org.springframework.data.redis.RedisConnectionFailureException">org.springframework.data.redis.RedisConnectionFailureException: Cannot get Jedis connection; nested exception is redis.clients.jedis.exceptions.JedisConnectionException: Could not get a resource from the pool
	at org.springframework.data.redis.core.RedisTemplateTests.tearDown(RedisTemplateTests.java:85)
Caused by: redis.clients.jedis.exceptions.JedisConnectionException: Could not get a resource from the pool
	at org.springframework.data.redis.core.RedisTemplateTests.tearDown(RedisTemplateTests.java:85)
Caused by: redis.clients.jedis.exceptions.JedisConnectionException: java.net.ConnectException: Connection refused (Connection refused)
	at org.springframework.data.redis.core.RedisTemplateTests.tearDown(RedisTemplateTests.java:85)
Caused by: java.net.ConnectException: Connection refused (Connection refused)
	at org.springframework.data.redis.core.RedisTemplateTests.tearDown(RedisTemplateTests.java:85)
</error>
  </testcase>
  <testcase name="testTemplateNotInitialized[1]" classname="org.springframework.data.redis.core.RedisTemplateTests" time="0.001">
    <error message="Cannot get Jedis connection; nested exception is redis.clients.jedis.exceptions.JedisConnectionException: Could not get a resource from the pool" type="org.springframework.data.redis.RedisConnectionFailureException">org.springframework.data.redis.RedisConnectionFailureException: Cannot get Jedis connection; nested exception is redis.clients.jedis.exceptions.JedisConnectionException: Could not get a resource from the pool
	at org.springframework.data.redis.core.RedisTemplateTests.tearDown(RedisTemplateTests.java:85)
Caused by: redis.clients.jedis.exceptions.JedisConnectionException: Could not get a resource from the pool
	at org.springframework.data.redis.core.RedisTemplateTests.tearDown(RedisTemplateTests.java:85)
Caused by: redis.clients.jedis.exceptions.JedisConnectionException: java.net.ConnectException: Connection refused (Connection refused)
	at org.springframework.data.redis.core.RedisTemplateTests.tearDown(RedisTemplateTests.java:85)
Caused by: java.net.ConnectException: Connection refused (Connection refused)
	at org.springframework.data.redis.core.RedisTemplateTests.tearDown(RedisTemplateTests.java:85)
</error>
  </testcase>
  <testcase name="testSortStore[1]" classname="org.springframework.data.redis.core.RedisTemplateTests" time="0.002">
    <error message="Cannot get Jedis connection; nested exception is redis.clients.jedis.exceptions.JedisConnectionException: Could not get a resource from the pool" type="org.springframework.data.redis.RedisConnectionFailureException">org.springframework.data.redis.RedisConnectionFailureException: Cannot get Jedis connection; nested exception is redis.clients.jedis.exceptions.JedisConnectionException: Could not get a resource from the pool
	at org.springframework.data.redis.core.RedisTemplateTests.testSortStore(RedisTemplateTests.java:434)
Caused by: redis.clients.jedis.exceptions.JedisConnectionException: Could not get a resource from the pool
	at org.springframework.data.redis.core.RedisTemplateTests.testSortStore(RedisTemplateTests.java:434)
Caused by: redis.clients.jedis.exceptions.JedisConnectionException: java.net.ConnectException: Connection refused (Connection refused)
	at org.springframework.data.redis.core.RedisTemplateTests.testSortStore(RedisTemplateTests.java:434)
Caused by: java.net.ConnectException: Connection refused (Connection refused)
	at org.springframework.data.redis.core.RedisTemplateTests.testSortStore(RedisTemplateTests.java:434)
</error>
  </testcase>
  <testcase name="testSortStore[1]" classname="org.springframework.data.redis.core.RedisTemplateTests" time="0.002">
    <error message="Cannot get Jedis connection; nested exception is redis.clients.jedis.exceptions.JedisConnectionException: Could not get a resource from the pool" type="org.springframework.data.redis.RedisConnectionFailureException">org.springframework.data.redis.RedisConnectionFailureException: Cannot get Jedis connection; nested exception is redis.clients.jedis.exceptions.JedisConnectionException: Could not get a resource from the pool
	at org.springframework.data.redis.core.RedisTemplateTests.tearDown(RedisTemplateTests.java:85)
Caused by: redis.clients.jedis.exceptions.JedisConnectionException: Could not get a resource from the pool
	at org.springframework.data.redis.core.RedisTemplateTests.tearDown(RedisTemplateTests.java:85)
Caused by: redis.clients.jedis.exceptions.JedisConnectionException: java.net.ConnectException: Connection refused (Connection refused)
	at org.springframework.data.redis.core.RedisTemplateTests.tearDown(RedisTemplateTests.java:85)
Caused by: java.net.ConnectException: Connection refused (Connection refused)
	at org.springframework.data.redis.core.RedisTemplateTests.tearDown(RedisTemplateTests.java:85)
</error>
  </testcase>
  <testcase name="testGetExpireMillisForKeyDoesNotExist[1]" classname="org.springframework.data.redis.core.RedisTemplateTests" time="0.001">
    <error message="Cannot get Jedis connection; nested exception is redis.clients.jedis.exceptions.JedisConnectionException: Could not get a resource from the pool" type="org.springframework.data.redis.RedisConnectionFailureException">org.springframework.data.redis.RedisConnectionFailureException: Cannot get Jedis connection; nested exception is redis.clients.jedis.exceptions.JedisConnectionException: Could not get a resource from the pool
	at org.springframework.data.redis.core.RedisTemplateTests.testGetExpireMillisForKeyDoesNotExist(RedisTemplateTests.java:501)
Caused by: redis.clients.jedis.exceptions.JedisConnectionException: Could not get a resource from the pool
	at org.springframework.data.redis.core.RedisTemplateTests.testGetExpireMillisForKeyDoesNotExist(RedisTemplateTests.java:501)
Caused by: redis.clients.jedis.exceptions.JedisConnectionException: java.net.ConnectException: Connection refused (Connection refused)
	at org.springframework.data.redis.core.RedisTemplateTests.testGetExpireMillisForKeyDoesNotExist(RedisTemplateTests.java:501)
Caused by: java.net.ConnectException: Connection refused (Connection refused)
	at org.springframework.data.redis.core.RedisTemplateTests.testGetExpireMillisForKeyDoesNotExist(RedisTemplateTests.java:501)
</error>
  </testcase>
  <testcase name="testGetExpireMillisForKeyDoesNotExist[1]" classname="org.springframework.data.redis.core.RedisTemplateTests" time="0.002">
    <error message="Cannot get Jedis connection; nested exception is redis.clients.jedis.exceptions.JedisConnectionException: Could not get a resource from the pool" type="org.springframework.data.redis.RedisConnectionFailureException">org.springframework.data.redis.RedisConnectionFailureException: Cannot get Jedis connection; nested exception is redis.clients.jedis.exceptions.JedisConnectionException: Could not get a resource from the pool
	at org.springframework.data.redis.core.RedisTemplateTests.tearDown(RedisTemplateTests.java:85)
Caused by: redis.clients.jedis.exceptions.JedisConnectionException: Could not get a resource from the pool
	at org.springframework.data.redis.core.RedisTemplateTests.tearDown(RedisTemplateTests.java:85)
Caused by: redis.clients.jedis.exceptions.JedisConnectionException: java.net.ConnectException: Connection refused (Connection refused)
	at org.springframework.data.redis.core.RedisTemplateTests.tearDown(RedisTemplateTests.java:85)
Caused by: java.net.ConnectException: Connection refused (Connection refused)
	at org.springframework.data.redis.core.RedisTemplateTests.tearDown(RedisTemplateTests.java:85)
</error>
  </testcase>
  <testcase name="testExecConversionDisabled[1]" classname="org.springframework.data.redis.core.RedisTemplateTests" time="0.002">
    <error message="Unable to connect to Redis; nested exception is io.lettuce.core.RedisConnectionException: Unable to connect to 127.0.0.1:6379" type="org.springframework.data.redis.RedisConnectionFailureException">org.springframework.data.redis.RedisConnectionFailureException: Unable to connect to Redis; nested exception is io.lettuce.core.RedisConnectionException: Unable to connect to 127.0.0.1:6379
	at org.springframework.data.redis.core.RedisTemplateTests.testExecConversionDisabled(RedisTemplateTests.java:253)
Caused by: io.lettuce.core.RedisConnectionException: Unable to connect to 127.0.0.1:6379
	at org.springframework.data.redis.core.RedisTemplateTests.testExecConversionDisabled(RedisTemplateTests.java:253)
Caused by: io.netty.channel.AbstractChannel$AnnotatedConnectException: syscall:getsockopt(..) failed: Connection refused: /127.0.0.1:6379
Caused by: io.netty.channel.unix.Errors$NativeConnectException: syscall:getsockopt(..) failed: Connection refused
</error>
  </testcase>
  <testcase name="testExecConversionDisabled[1]" classname="org.springframework.data.redis.core.RedisTemplateTests" time="0.003">
    <error message="Cannot get Jedis connection; nested exception is redis.clients.jedis.exceptions.JedisConnectionException: Could not get a resource from the pool" type="org.springframework.data.redis.RedisConnectionFailureException">org.springframework.data.redis.RedisConnectionFailureException: Cannot get Jedis connection; nested exception is redis.clients.jedis.exceptions.JedisConnectionException: Could not get a resource from the pool
	at org.springframework.data.redis.core.RedisTemplateTests.tearDown(RedisTemplateTests.java:85)
Caused by: redis.clients.jedis.exceptions.JedisConnectionException: Could not get a resource from the pool
	at org.springframework.data.redis.core.RedisTemplateTests.tearDown(RedisTemplateTests.java:85)
Caused by: redis.clients.jedis.exceptions.JedisConnectionException: java.net.ConnectException: Connection refused (Connection refused)
	at org.springframework.data.redis.core.RedisTemplateTests.tearDown(RedisTemplateTests.java:85)
Caused by: java.net.ConnectException: Connection refused (Connection refused)
	at org.springframework.data.redis.core.RedisTemplateTests.tearDown(RedisTemplateTests.java:85)
</error>
  </testcase>
  <testcase name="testGetExpireSecondsForKeyExistButHasNoAssociatedExpire[1]" classname="org.springframework.data.redis.core.RedisTemplateTests" time="0.001">
    <error message="Cannot get Jedis connection; nested exception is redis.clients.jedis.exceptions.JedisConnectionException: Could not get a resource from the pool" type="org.springframework.data.redis.RedisConnectionFailureException">org.springframework.data.redis.RedisConnectionFailureException: Cannot get Jedis connection; nested exception is redis.clients.jedis.exceptions.JedisConnectionException: Could not get a resource from the pool
	at org.springframework.data.redis.core.RedisTemplateTests.testGetExpireSecondsForKeyExistButHasNoAssociatedExpire(RedisTemplateTests.java:493)
Caused by: redis.clients.jedis.exceptions.JedisConnectionException: Could not get a resource from the pool
	at org.springframework.data.redis.core.RedisTemplateTests.testGetExpireSecondsForKeyExistButHasNoAssociatedExpire(RedisTemplateTests.java:493)
Caused by: redis.clients.jedis.exceptions.JedisConnectionException: java.net.ConnectException: Connection refused (Connection refused)
	at org.springframework.data.redis.core.RedisTemplateTests.testGetExpireSecondsForKeyExistButHasNoAssociatedExpire(RedisTemplateTests.java:493)
Caused by: java.net.ConnectException: Connection refused (Connection refused)
	at org.springframework.data.redis.core.RedisTemplateTests.testGetExpireSecondsForKeyExistButHasNoAssociatedExpire(RedisTemplateTests.java:493)
</error>
  </testcase>
  <testcase name="testGetExpireSecondsForKeyExistButHasNoAssociatedExpire[1]" classname="org.springframework.data.redis.core.RedisTemplateTests" time="0.001">
    <error message="Cannot get Jedis connection; nested exception is redis.clients.jedis.exceptions.JedisConnectionException: Could not get a resource from the pool" type="org.springframework.data.redis.RedisConnectionFailureException">org.springframework.data.redis.RedisConnectionFailureException: Cannot get Jedis connection; nested exception is redis.clients.jedis.exceptions.JedisConnectionException: Could not get a resource from the pool
	at org.springframework.data.redis.core.RedisTemplateTests.tearDown(RedisTemplateTests.java:85)
Caused by: redis.clients.jedis.exceptions.JedisConnectionException: Could not get a resource from the pool
	at org.springframework.data.redis.core.RedisTemplateTests.tearDown(RedisTemplateTests.java:85)
Caused by: redis.clients.jedis.exceptions.JedisConnectionException: java.net.ConnectException: Connection refused (Connection refused)
	at org.springframework.data.redis.core.RedisTemplateTests.tearDown(RedisTemplateTests.java:85)
Caused by: java.net.ConnectException: Connection refused (Connection refused)
	at org.springframework.data.redis.core.RedisTemplateTests.tearDown(RedisTemplateTests.java:85)
</error>
  </testcase>
  <testcase name="testDumpAndRestoreNoTtl[1]" classname="org.springframework.data.redis.core.RedisTemplateTests" time="0.001">
    <error message="Could not initialize class org.springframework.data.redis.RedisTestProfileValueSource" type="java.lang.NoClassDefFoundError">java.lang.NoClassDefFoundError: Could not initialize class org.springframework.data.redis.RedisTestProfileValueSource
	at org.springframework.data.redis.core.RedisTemplateTests.testDumpAndRestoreNoTtl(RedisTemplateTests.java:103)
</error>
  </testcase>
  <testcase name="testDumpAndRestoreNoTtl[1]" classname="org.springframework.data.redis.core.RedisTemplateTests" time="0.001">
    <error message="Cannot get Jedis connection; nested exception is redis.clients.jedis.exceptions.JedisConnectionException: Could not get a resource from the pool" type="org.springframework.data.redis.RedisConnectionFailureException">org.springframework.data.redis.RedisConnectionFailureException: Cannot get Jedis connection; nested exception is redis.clients.jedis.exceptions.JedisConnectionException: Could not get a resource from the pool
	at org.springframework.data.redis.core.RedisTemplateTests.tearDown(RedisTemplateTests.java:85)
Caused by: redis.clients.jedis.exceptions.JedisConnectionException: Could not get a resource from the pool
	at org.springframework.data.redis.core.RedisTemplateTests.tearDown(RedisTemplateTests.java:85)
Caused by: redis.clients.jedis.exceptions.JedisConnectionException: java.net.ConnectException: Connection refused (Connection refused)
	at org.springframework.data.redis.core.RedisTemplateTests.tearDown(RedisTemplateTests.java:85)
Caused by: java.net.ConnectException: Connection refused (Connection refused)
	at org.springframework.data.redis.core.RedisTemplateTests.tearDown(RedisTemplateTests.java:85)
</error>
  </testcase>
  <testcase name="testDiscard[1]" classname="org.springframework.data.redis.core.RedisTemplateTests" time="0.001">
    <error message="Cannot get Jedis connection; nested exception is redis.clients.jedis.exceptions.JedisConnectionException: Could not get a resource from the pool" type="org.springframework.data.redis.RedisConnectionFailureException">org.springframework.data.redis.RedisConnectionFailureException: Cannot get Jedis connection; nested exception is redis.clients.jedis.exceptions.JedisConnectionException: Could not get a resource from the pool
	at org.springframework.data.redis.core.RedisTemplateTests.testDiscard(RedisTemplateTests.java:195)
Caused by: redis.clients.jedis.exceptions.JedisConnectionException: Could not get a resource from the pool
	at org.springframework.data.redis.core.RedisTemplateTests.testDiscard(RedisTemplateTests.java:195)
Caused by: redis.clients.jedis.exceptions.JedisConnectionException: java.net.ConnectException: Connection refused (Connection refused)
	at org.springframework.data.redis.core.RedisTemplateTests.testDiscard(RedisTemplateTests.java:195)
Caused by: java.net.ConnectException: Connection refused (Connection refused)
	at org.springframework.data.redis.core.RedisTemplateTests.testDiscard(RedisTemplateTests.java:195)
</error>
  </testcase>
  <testcase name="testDiscard[1]" classname="org.springframework.data.redis.core.RedisTemplateTests" time="0.001">
    <error message="Cannot get Jedis connection; nested exception is redis.clients.jedis.exceptions.JedisConnectionException: Could not get a resource from the pool" type="org.springframework.data.redis.RedisConnectionFailureException">org.springframework.data.redis.RedisConnectionFailureException: Cannot get Jedis connection; nested exception is redis.clients.jedis.exceptions.JedisConnectionException: Could not get a resource from the pool
	at org.springframework.data.redis.core.RedisTemplateTests.tearDown(RedisTemplateTests.java:85)
Caused by: redis.clients.jedis.exceptions.JedisConnectionException: Could not get a resource from the pool
	at org.springframework.data.redis.core.RedisTemplateTests.tearDown(RedisTemplateTests.java:85)
Caused by: redis.clients.jedis.exceptions.JedisConnectionException: java.net.ConnectException: Connection refused (Connection refused)
	at org.springframework.data.redis.core.RedisTemplateTests.tearDown(RedisTemplateTests.java:85)
Caused by: java.net.ConnectException: Connection refused (Connection refused)
	at org.springframework.data.redis.core.RedisTemplateTests.tearDown(RedisTemplateTests.java:85)
</error>
  </testcase>
  <testcase name="testDelete[1]" classname="org.springframework.data.redis.core.RedisTemplateTests" time="0.001">
    <error message="Cannot get Jedis connection; nested exception is redis.clients.jedis.exceptions.JedisConnectionException: Could not get a resource from the pool" type="org.springframework.data.redis.RedisConnectionFailureException">org.springframework.data.redis.RedisConnectionFailureException: Cannot get Jedis connection; nested exception is redis.clients.jedis.exceptions.JedisConnectionException: Could not get a resource from the pool
	at org.springframework.data.redis.core.RedisTemplateTests.testDelete(RedisTemplateTests.java:391)
Caused by: redis.clients.jedis.exceptions.JedisConnectionException: Could not get a resource from the pool
	at org.springframework.data.redis.core.RedisTemplateTests.testDelete(RedisTemplateTests.java:391)
Caused by: redis.clients.jedis.exceptions.JedisConnectionException: java.net.ConnectException: Connection refused (Connection refused)
	at org.springframework.data.redis.core.RedisTemplateTests.testDelete(RedisTemplateTests.java:391)
Caused by: java.net.ConnectException: Connection refused (Connection refused)
	at org.springframework.data.redis.core.RedisTemplateTests.testDelete(RedisTemplateTests.java:391)
</error>
  </testcase>
  <testcase name="testDelete[1]" classname="org.springframework.data.redis.core.RedisTemplateTests" time="0.001">
    <error message="Cannot get Jedis connection; nested exception is redis.clients.jedis.exceptions.JedisConnectionException: Could not get a resource from the pool" type="org.springframework.data.redis.RedisConnectionFailureException">org.springframework.data.redis.RedisConnectionFailureException: Cannot get Jedis connection; nested exception is redis.clients.jedis.exceptions.JedisConnectionException: Could not get a resource from the pool
	at org.springframework.data.redis.core.RedisTemplateTests.tearDown(RedisTemplateTests.java:85)
Caused by: redis.clients.jedis.exceptions.JedisConnectionException: Could not get a resource from the pool
	at org.springframework.data.redis.core.RedisTemplateTests.tearDown(RedisTemplateTests.java:85)
Caused by: redis.clients.jedis.exceptions.JedisConnectionException: java.net.ConnectException: Connection refused (Connection refused)
	at org.springframework.data.redis.core.RedisTemplateTests.tearDown(RedisTemplateTests.java:85)
Caused by: java.net.ConnectException: Connection refused (Connection refused)
	at org.springframework.data.redis.core.RedisTemplateTests.tearDown(RedisTemplateTests.java:85)
</error>
  </testcase>
  <testcase name="testExecuteScriptCustomSerializers[1]" classname="org.springframework.data.redis.core.RedisTemplateTests" time="0.001">
    <error message="Could not initialize class org.springframework.data.redis.RedisTestProfileValueSource" type="java.lang.NoClassDefFoundError">java.lang.NoClassDefFoundError: Could not initialize class org.springframework.data.redis.RedisTestProfileValueSource
	at org.springframework.data.redis.core.RedisTemplateTests.testExecuteScriptCustomSerializers(RedisTemplateTests.java:798)
</error>
  </testcase>
  <testcase name="testExecuteScriptCustomSerializers[1]" classname="org.springframework.data.redis.core.RedisTemplateTests" time="0.001">
    <error message="Cannot get Jedis connection; nested exception is redis.clients.jedis.exceptions.JedisConnectionException: Could not get a resource from the pool" type="org.springframework.data.redis.RedisConnectionFailureException">org.springframework.data.redis.RedisConnectionFailureException: Cannot get Jedis connection; nested exception is redis.clients.jedis.exceptions.JedisConnectionException: Could not get a resource from the pool
	at org.springframework.data.redis.core.RedisTemplateTests.tearDown(RedisTemplateTests.java:85)
Caused by: redis.clients.jedis.exceptions.JedisConnectionException: Could not get a resource from the pool
	at org.springframework.data.redis.core.RedisTemplateTests.tearDown(RedisTemplateTests.java:85)
Caused by: redis.clients.jedis.exceptions.JedisConnectionException: java.net.ConnectException: Connection refused (Connection refused)
	at org.springframework.data.redis.core.RedisTemplateTests.tearDown(RedisTemplateTests.java:85)
Caused by: java.net.ConnectException: Connection refused (Connection refused)
	at org.springframework.data.redis.core.RedisTemplateTests.tearDown(RedisTemplateTests.java:85)
</error>
  </testcase>
  <testcase name="testExecutePipelined[1]" classname="org.springframework.data.redis.core.RedisTemplateTests" time="0.001">
    <error message="Cannot get Jedis connection; nested exception is redis.clients.jedis.exceptions.JedisConnectionException: Could not get a resource from the pool" type="org.springframework.data.redis.RedisConnectionFailureException">org.springframework.data.redis.RedisConnectionFailureException: Cannot get Jedis connection; nested exception is redis.clients.jedis.exceptions.JedisConnectionException: Could not get a resource from the pool
	at org.springframework.data.redis.core.RedisTemplateTests.testExecutePipelined(RedisTemplateTests.java:274)
Caused by: redis.clients.jedis.exceptions.JedisConnectionException: Could not get a resource from the pool
	at org.springframework.data.redis.core.RedisTemplateTests.testExecutePipelined(RedisTemplateTests.java:274)
Caused by: redis.clients.jedis.exceptions.JedisConnectionException: java.net.ConnectException: Connection refused (Connection refused)
	at org.springframework.data.redis.core.RedisTemplateTests.testExecutePipelined(RedisTemplateTests.java:274)
Caused by: java.net.ConnectException: Connection refused (Connection refused)
	at org.springframework.data.redis.core.RedisTemplateTests.testExecutePipelined(RedisTemplateTests.java:274)
</error>
  </testcase>
  <testcase name="testExecutePipelined[1]" classname="org.springframework.data.redis.core.RedisTemplateTests" time="0.001">
    <error message="Cannot get Jedis connection; nested exception is redis.clients.jedis.exceptions.JedisConnectionException: Could not get a resource from the pool" type="org.springframework.data.redis.RedisConnectionFailureException">org.springframework.data.redis.RedisConnectionFailureException: Cannot get Jedis connection; nested exception is redis.clients.jedis.exceptions.JedisConnectionException: Could not get a resource from the pool
	at org.springframework.data.redis.core.RedisTemplateTests.tearDown(RedisTemplateTests.java:85)
Caused by: redis.clients.jedis.exceptions.JedisConnectionException: Could not get a resource from the pool
	at org.springframework.data.redis.core.RedisTemplateTests.tearDown(RedisTemplateTests.java:85)
Caused by: redis.clients.jedis.exceptions.JedisConnectionException: java.net.ConnectException: Connection refused (Connection refused)
	at org.springframework.data.redis.core.RedisTemplateTests.tearDown(RedisTemplateTests.java:85)
Caused by: java.net.ConnectException: Connection refused (Connection refused)
	at org.springframework.data.redis.core.RedisTemplateTests.tearDown(RedisTemplateTests.java:85)
</error>
  </testcase>
  <testcase name="testDeleteMultiple[1]" classname="org.springframework.data.redis.core.RedisTemplateTests" time="0.001">
    <error message="Cannot get Jedis connection; nested exception is redis.clients.jedis.exceptions.JedisConnectionException: Could not get a resource from the pool" type="org.springframework.data.redis.RedisConnectionFailureException">org.springframework.data.redis.RedisConnectionFailureException: Cannot get Jedis connection; nested exception is redis.clients.jedis.exceptions.JedisConnectionException: Could not get a resource from the pool
	at org.springframework.data.redis.core.RedisTemplateTests.testDeleteMultiple(RedisTemplateTests.java:406)
Caused by: redis.clients.jedis.exceptions.JedisConnectionException: Could not get a resource from the pool
	at org.springframework.data.redis.core.RedisTemplateTests.testDeleteMultiple(RedisTemplateTests.java:406)
Caused by: redis.clients.jedis.exceptions.JedisConnectionException: java.net.ConnectException: Connection refused (Connection refused)
	at org.springframework.data.redis.core.RedisTemplateTests.testDeleteMultiple(RedisTemplateTests.java:406)
Caused by: java.net.ConnectException: Connection refused (Connection refused)
	at org.springframework.data.redis.core.RedisTemplateTests.testDeleteMultiple(RedisTemplateTests.java:406)
</error>
  </testcase>
  <testcase name="testDeleteMultiple[1]" classname="org.springframework.data.redis.core.RedisTemplateTests" time="0.001">
    <error message="Cannot get Jedis connection; nested exception is redis.clients.jedis.exceptions.JedisConnectionException: Could not get a resource from the pool" type="org.springframework.data.redis.RedisConnectionFailureException">org.springframework.data.redis.RedisConnectionFailureException: Cannot get Jedis connection; nested exception is redis.clients.jedis.exceptions.JedisConnectionException: Could not get a resource from the pool
	at org.springframework.data.redis.core.RedisTemplateTests.tearDown(RedisTemplateTests.java:85)
Caused by: redis.clients.jedis.exceptions.JedisConnectionException: Could not get a resource from the pool
	at org.springframework.data.redis.core.RedisTemplateTests.tearDown(RedisTemplateTests.java:85)
Caused by: redis.clients.jedis.exceptions.JedisConnectionException: java.net.ConnectException: Connection refused (Connection refused)
	at org.springframework.data.redis.core.RedisTemplateTests.tearDown(RedisTemplateTests.java:85)
Caused by: java.net.ConnectException: Connection refused (Connection refused)
	at org.springframework.data.redis.core.RedisTemplateTests.tearDown(RedisTemplateTests.java:85)
</error>
  </testcase>
  <testcase name="testGetExpireMillisForKeyExistButHasNoAssociatedExpire[1]" classname="org.springframework.data.redis.core.RedisTemplateTests" time="0.001">
    <error message="Cannot get Jedis connection; nested exception is redis.clients.jedis.exceptions.JedisConnectionException: Could not get a resource from the pool" type="org.springframework.data.redis.RedisConnectionFailureException">org.springframework.data.redis.RedisConnectionFailureException: Cannot get Jedis connection; nested exception is redis.clients.jedis.exceptions.JedisConnectionException: Could not get a resource from the pool
	at org.springframework.data.redis.core.RedisTemplateTests.testGetExpireMillisForKeyExistButHasNoAssociatedExpire(RedisTemplateTests.java:510)
Caused by: redis.clients.jedis.exceptions.JedisConnectionException: Could not get a resource from the pool
	at org.springframework.data.redis.core.RedisTemplateTests.testGetExpireMillisForKeyExistButHasNoAssociatedExpire(RedisTemplateTests.java:510)
Caused by: redis.clients.jedis.exceptions.JedisConnectionException: java.net.ConnectException: Connection refused (Connection refused)
	at org.springframework.data.redis.core.RedisTemplateTests.testGetExpireMillisForKeyExistButHasNoAssociatedExpire(RedisTemplateTests.java:510)
Caused by: java.net.ConnectException: Connection refused (Connection refused)
	at org.springframework.data.redis.core.RedisTemplateTests.testGetExpireMillisForKeyExistButHasNoAssociatedExpire(RedisTemplateTests.java:510)
</error>
  </testcase>
  <testcase name="testGetExpireMillisForKeyExistButHasNoAssociatedExpire[1]" classname="org.springframework.data.redis.core.RedisTemplateTests" time="0.002">
    <error message="Cannot get Jedis connection; nested exception is redis.clients.jedis.exceptions.JedisConnectionException: Could not get a resource from the pool" type="org.springframework.data.redis.RedisConnectionFailureException">org.springframework.data.redis.RedisConnectionFailureException: Cannot get Jedis connection; nested exception is redis.clients.jedis.exceptions.JedisConnectionException: Could not get a resource from the pool
	at org.springframework.data.redis.core.RedisTemplateTests.tearDown(RedisTemplateTests.java:85)
Caused by: redis.clients.jedis.exceptions.JedisConnectionException: Could not get a resource from the pool
	at org.springframework.data.redis.core.RedisTemplateTests.tearDown(RedisTemplateTests.java:85)
Caused by: redis.clients.jedis.exceptions.JedisConnectionException: java.net.ConnectException: Connection refused (Connection refused)
	at org.springframework.data.redis.core.RedisTemplateTests.tearDown(RedisTemplateTests.java:85)
Caused by: java.net.ConnectException: Connection refused (Connection refused)
	at org.springframework.data.redis.core.RedisTemplateTests.tearDown(RedisTemplateTests.java:85)
</error>
  </testcase>
  <testcase name="testRename[1]" classname="org.springframework.data.redis.core.RedisTemplateTests" time="0">
    <error message="Cannot get Jedis connection; nested exception is redis.clients.jedis.exceptions.JedisConnectionException: Could not get a resource from the pool" type="org.springframework.data.redis.RedisConnectionFailureException">org.springframework.data.redis.RedisConnectionFailureException: Cannot get Jedis connection; nested exception is redis.clients.jedis.exceptions.JedisConnectionException: Could not get a resource from the pool
	at org.springframework.data.redis.core.RedisTemplateTests.testRename(RedisTemplateTests.java:657)
Caused by: redis.clients.jedis.exceptions.JedisConnectionException: Could not get a resource from the pool
	at org.springframework.data.redis.core.RedisTemplateTests.testRename(RedisTemplateTests.java:657)
Caused by: redis.clients.jedis.exceptions.JedisConnectionException: java.net.ConnectException: Connection refused (Connection refused)
	at org.springframework.data.redis.core.RedisTemplateTests.testRename(RedisTemplateTests.java:657)
Caused by: java.net.ConnectException: Connection refused (Connection refused)
	at org.springframework.data.redis.core.RedisTemplateTests.testRename(RedisTemplateTests.java:657)
</error>
  </testcase>
  <testcase name="testRename[1]" classname="org.springframework.data.redis.core.RedisTemplateTests" time="0.001">
    <error message="Cannot get Jedis connection; nested exception is redis.clients.jedis.exceptions.JedisConnectionException: Could not get a resource from the pool" type="org.springframework.data.redis.RedisConnectionFailureException">org.springframework.data.redis.RedisConnectionFailureException: Cannot get Jedis connection; nested exception is redis.clients.jedis.exceptions.JedisConnectionException: Could not get a resource from the pool
	at org.springframework.data.redis.core.RedisTemplateTests.tearDown(RedisTemplateTests.java:85)
Caused by: redis.clients.jedis.exceptions.JedisConnectionException: Could not get a resource from the pool
	at org.springframework.data.redis.core.RedisTemplateTests.tearDown(RedisTemplateTests.java:85)
Caused by: redis.clients.jedis.exceptions.JedisConnectionException: java.net.ConnectException: Connection refused (Connection refused)
	at org.springframework.data.redis.core.RedisTemplateTests.tearDown(RedisTemplateTests.java:85)
Caused by: java.net.ConnectException: Connection refused (Connection refused)
	at org.springframework.data.redis.core.RedisTemplateTests.tearDown(RedisTemplateTests.java:85)
</error>
  </testcase>
  <testcase name="testGetExpireSeconds[1]" classname="org.springframework.data.redis.core.RedisTemplateTests" time="0.001">
    <error message="Cannot get Jedis connection; nested exception is redis.clients.jedis.exceptions.JedisConnectionException: Could not get a resource from the pool" type="org.springframework.data.redis.RedisConnectionFailureException">org.springframework.data.redis.RedisConnectionFailureException: Cannot get Jedis connection; nested exception is redis.clients.jedis.exceptions.JedisConnectionException: Could not get a resource from the pool
	at org.springframework.data.redis.core.RedisTemplateTests.testGetExpireSeconds(RedisTemplateTests.java:477)
Caused by: redis.clients.jedis.exceptions.JedisConnectionException: Could not get a resource from the pool
	at org.springframework.data.redis.core.RedisTemplateTests.testGetExpireSeconds(RedisTemplateTests.java:477)
Caused by: redis.clients.jedis.exceptions.JedisConnectionException: java.net.ConnectException: Connection refused (Connection refused)
	at org.springframework.data.redis.core.RedisTemplateTests.testGetExpireSeconds(RedisTemplateTests.java:477)
Caused by: java.net.ConnectException: Connection refused (Connection refused)
	at org.springframework.data.redis.core.RedisTemplateTests.testGetExpireSeconds(RedisTemplateTests.java:477)
</error>
  </testcase>
  <testcase name="testGetExpireSeconds[1]" classname="org.springframework.data.redis.core.RedisTemplateTests" time="0.001">
    <error message="Cannot get Jedis connection; nested exception is redis.clients.jedis.exceptions.JedisConnectionException: Could not get a resource from the pool" type="org.springframework.data.redis.RedisConnectionFailureException">org.springframework.data.redis.RedisConnectionFailureException: Cannot get Jedis connection; nested exception is redis.clients.jedis.exceptions.JedisConnectionException: Could not get a resource from the pool
	at org.springframework.data.redis.core.RedisTemplateTests.tearDown(RedisTemplateTests.java:85)
Caused by: redis.clients.jedis.exceptions.JedisConnectionException: Could not get a resource from the pool
	at org.springframework.data.redis.core.RedisTemplateTests.tearDown(RedisTemplateTests.java:85)
Caused by: redis.clients.jedis.exceptions.JedisConnectionException: java.net.ConnectException: Connection refused (Connection refused)
	at org.springframework.data.redis.core.RedisTemplateTests.tearDown(RedisTemplateTests.java:85)
Caused by: java.net.ConnectException: Connection refused (Connection refused)
	at org.springframework.data.redis.core.RedisTemplateTests.tearDown(RedisTemplateTests.java:85)
</error>
  </testcase>
  <testcase name="testStringTemplateExecutesWithStringConn[1]" classname="org.springframework.data.redis.core.RedisTemplateTests" time="0">
    <error message="got: &lt;false&gt;, expected: is &lt;true&gt;" type="org.junit.AssumptionViolatedException"><![CDATA[org.junit.AssumptionViolatedException: got: <false>, expected: is <true>
	at org.springframework.data.redis.core.RedisTemplateTests.testStringTemplateExecutesWithStringConn(RedisTemplateTests.java:149)
]]></error>
  </testcase>
  <testcase name="testStringTemplateExecutesWithStringConn[1]" classname="org.springframework.data.redis.core.RedisTemplateTests" time="0.001">
    <error message="Cannot get Jedis connection; nested exception is redis.clients.jedis.exceptions.JedisConnectionException: Could not get a resource from the pool" type="org.springframework.data.redis.RedisConnectionFailureException">org.springframework.data.redis.RedisConnectionFailureException: Cannot get Jedis connection; nested exception is redis.clients.jedis.exceptions.JedisConnectionException: Could not get a resource from the pool
	at org.springframework.data.redis.core.RedisTemplateTests.tearDown(RedisTemplateTests.java:85)
Caused by: redis.clients.jedis.exceptions.JedisConnectionException: Could not get a resource from the pool
	at org.springframework.data.redis.core.RedisTemplateTests.tearDown(RedisTemplateTests.java:85)
Caused by: redis.clients.jedis.exceptions.JedisConnectionException: java.net.ConnectException: Connection refused (Connection refused)
	at org.springframework.data.redis.core.RedisTemplateTests.tearDown(RedisTemplateTests.java:85)
Caused by: java.net.ConnectException: Connection refused (Connection refused)
	at org.springframework.data.redis.core.RedisTemplateTests.tearDown(RedisTemplateTests.java:85)
</error>
  </testcase>
  <testcase name="testExecutePipelinedWidthDifferentHashKeySerializerAndHashValueSerializer[1]" classname="org.springframework.data.redis.core.RedisTemplateTests" time="0">
    <error message="got: &lt;false&gt;, expected: is &lt;true&gt;" type="org.junit.AssumptionViolatedException"><![CDATA[org.junit.AssumptionViolatedException: got: <false>, expected: is <true>
	at org.springframework.data.redis.core.RedisTemplateTests.testExecutePipelinedWidthDifferentHashKeySerializerAndHashValueSerializer(RedisTemplateTests.java:310)
]]></error>
  </testcase>
  <testcase name="testExecutePipelinedWidthDifferentHashKeySerializerAndHashValueSerializer[1]" classname="org.springframework.data.redis.core.RedisTemplateTests" time="0">
    <error message="Cannot get Jedis connection; nested exception is redis.clients.jedis.exceptions.JedisConnectionException: Could not get a resource from the pool" type="org.springframework.data.redis.RedisConnectionFailureException">org.springframework.data.redis.RedisConnectionFailureException: Cannot get Jedis connection; nested exception is redis.clients.jedis.exceptions.JedisConnectionException: Could not get a resource from the pool
	at org.springframework.data.redis.core.RedisTemplateTests.tearDown(RedisTemplateTests.java:85)
Caused by: redis.clients.jedis.exceptions.JedisConnectionException: Could not get a resource from the pool
	at org.springframework.data.redis.core.RedisTemplateTests.tearDown(RedisTemplateTests.java:85)
Caused by: redis.clients.jedis.exceptions.JedisConnectionException: java.net.ConnectException: Connection refused (Connection refused)
	at org.springframework.data.redis.core.RedisTemplateTests.tearDown(RedisTemplateTests.java:85)
Caused by: java.net.ConnectException: Connection refused (Connection refused)
	at org.springframework.data.redis.core.RedisTemplateTests.tearDown(RedisTemplateTests.java:85)
</error>
  </testcase>
  <testcase name="testGetExpireNoTimeUnit[1]" classname="org.springframework.data.redis.core.RedisTemplateTests" time="0.001">
    <error message="Cannot get Jedis connection; nested exception is redis.clients.jedis.exceptions.JedisConnectionException: Could not get a resource from the pool" type="org.springframework.data.redis.RedisConnectionFailureException">org.springframework.data.redis.RedisConnectionFailureException: Cannot get Jedis connection; nested exception is redis.clients.jedis.exceptions.JedisConnectionException: Could not get a resource from the pool
	at org.springframework.data.redis.core.RedisTemplateTests.testGetExpireNoTimeUnit(RedisTemplateTests.java:466)
Caused by: redis.clients.jedis.exceptions.JedisConnectionException: Could not get a resource from the pool
	at org.springframework.data.redis.core.RedisTemplateTests.testGetExpireNoTimeUnit(RedisTemplateTests.java:466)
Caused by: redis.clients.jedis.exceptions.JedisConnectionException: java.net.ConnectException: Connection refused (Connection refused)
	at org.springframework.data.redis.core.RedisTemplateTests.testGetExpireNoTimeUnit(RedisTemplateTests.java:466)
Caused by: java.net.ConnectException: Connection refused (Connection refused)
	at org.springframework.data.redis.core.RedisTemplateTests.testGetExpireNoTimeUnit(RedisTemplateTests.java:466)
</error>
  </testcase>
  <testcase name="testGetExpireNoTimeUnit[1]" classname="org.springframework.data.redis.core.RedisTemplateTests" time="0.001">
    <error message="Cannot get Jedis connection; nested exception is redis.clients.jedis.exceptions.JedisConnectionException: Could not get a resource from the pool" type="org.springframework.data.redis.RedisConnectionFailureException">org.springframework.data.redis.RedisConnectionFailureException: Cannot get Jedis connection; nested exception is redis.clients.jedis.exceptions.JedisConnectionException: Could not get a resource from the pool
	at org.springframework.data.redis.core.RedisTemplateTests.tearDown(RedisTemplateTests.java:85)
Caused by: redis.clients.jedis.exceptions.JedisConnectionException: Could not get a resource from the pool
	at org.springframework.data.redis.core.RedisTemplateTests.tearDown(RedisTemplateTests.java:85)
Caused by: redis.clients.jedis.exceptions.JedisConnectionException: java.net.ConnectException: Connection refused (Connection refused)
	at org.springframework.data.redis.core.RedisTemplateTests.tearDown(RedisTemplateTests.java:85)
Caused by: java.net.ConnectException: Connection refused (Connection refused)
	at org.springframework.data.redis.core.RedisTemplateTests.tearDown(RedisTemplateTests.java:85)
</error>
  </testcase>
  <testcase name="countExistingKeysReturnsNumberOfKeysCorrectly[1]" classname="org.springframework.data.redis.core.RedisTemplateTests" time="0.001">
    <error message="Cannot get Jedis connection; nested exception is redis.clients.jedis.exceptions.JedisConnectionException: Could not get a resource from the pool" type="org.springframework.data.redis.RedisConnectionFailureException">org.springframework.data.redis.RedisConnectionFailureException: Cannot get Jedis connection; nested exception is redis.clients.jedis.exceptions.JedisConnectionException: Could not get a resource from the pool
	at org.springframework.data.redis.core.RedisTemplateTests.countExistingKeysReturnsNumberOfKeysCorrectly(RedisTemplateTests.java:820)
Caused by: redis.clients.jedis.exceptions.JedisConnectionException: Could not get a resource from the pool
	at org.springframework.data.redis.core.RedisTemplateTests.countExistingKeysReturnsNumberOfKeysCorrectly(RedisTemplateTests.java:820)
Caused by: redis.clients.jedis.exceptions.JedisConnectionException: java.net.ConnectException: Connection refused (Connection refused)
	at org.springframework.data.redis.core.RedisTemplateTests.countExistingKeysReturnsNumberOfKeysCorrectly(RedisTemplateTests.java:820)
Caused by: java.net.ConnectException: Connection refused (Connection refused)
	at org.springframework.data.redis.core.RedisTemplateTests.countExistingKeysReturnsNumberOfKeysCorrectly(RedisTemplateTests.java:820)
</error>
  </testcase>
  <testcase name="countExistingKeysReturnsNumberOfKeysCorrectly[1]" classname="org.springframework.data.redis.core.RedisTemplateTests" time="0.002">
    <error message="Cannot get Jedis connection; nested exception is redis.clients.jedis.exceptions.JedisConnectionException: Could not get a resource from the pool" type="org.springframework.data.redis.RedisConnectionFailureException">org.springframework.data.redis.RedisConnectionFailureException: Cannot get Jedis connection; nested exception is redis.clients.jedis.exceptions.JedisConnectionException: Could not get a resource from the pool
	at org.springframework.data.redis.core.RedisTemplateTests.tearDown(RedisTemplateTests.java:85)
Caused by: redis.clients.jedis.exceptions.JedisConnectionException: Could not get a resource from the pool
	at org.springframework.data.redis.core.RedisTemplateTests.tearDown(RedisTemplateTests.java:85)
Caused by: redis.clients.jedis.exceptions.JedisConnectionException: java.net.ConnectException: Connection refused (Connection refused)
	at org.springframework.data.redis.core.RedisTemplateTests.tearDown(RedisTemplateTests.java:85)
Caused by: java.net.ConnectException: Connection refused (Connection refused)
	at org.springframework.data.redis.core.RedisTemplateTests.tearDown(RedisTemplateTests.java:85)
</error>
  </testcase>
  <testcase name="testExpireAndGetExpireMillis[1]" classname="org.springframework.data.redis.core.RedisTemplateTests" time="0.001">
    <error message="Cannot get Jedis connection; nested exception is redis.clients.jedis.exceptions.JedisConnectionException: Could not get a resource from the pool" type="org.springframework.data.redis.RedisConnectionFailureException">org.springframework.data.redis.RedisConnectionFailureException: Cannot get Jedis connection; nested exception is redis.clients.jedis.exceptions.JedisConnectionException: Could not get a resource from the pool
	at org.springframework.data.redis.core.RedisTemplateTests.testExpireAndGetExpireMillis(RedisTemplateTests.java:454)
Caused by: redis.clients.jedis.exceptions.JedisConnectionException: Could not get a resource from the pool
	at org.springframework.data.redis.core.RedisTemplateTests.testExpireAndGetExpireMillis(RedisTemplateTests.java:454)
Caused by: redis.clients.jedis.exceptions.JedisConnectionException: java.net.ConnectException: Connection refused (Connection refused)
	at org.springframework.data.redis.core.RedisTemplateTests.testExpireAndGetExpireMillis(RedisTemplateTests.java:454)
Caused by: java.net.ConnectException: Connection refused (Connection refused)
	at org.springframework.data.redis.core.RedisTemplateTests.testExpireAndGetExpireMillis(RedisTemplateTests.java:454)
</error>
  </testcase>
  <testcase name="testExpireAndGetExpireMillis[1]" classname="org.springframework.data.redis.core.RedisTemplateTests" time="0.001">
    <error message="Cannot get Jedis connection; nested exception is redis.clients.jedis.exceptions.JedisConnectionException: Could not get a resource from the pool" type="org.springframework.data.redis.RedisConnectionFailureException">org.springframework.data.redis.RedisConnectionFailureException: Cannot get Jedis connection; nested exception is redis.clients.jedis.exceptions.JedisConnectionException: Could not get a resource from the pool
	at org.springframework.data.redis.core.RedisTemplateTests.tearDown(RedisTemplateTests.java:85)
Caused by: redis.clients.jedis.exceptions.JedisConnectionException: Could not get a resource from the pool
	at org.springframework.data.redis.core.RedisTemplateTests.tearDown(RedisTemplateTests.java:85)
Caused by: redis.clients.jedis.exceptions.JedisConnectionException: java.net.ConnectException: Connection refused (Connection refused)
	at org.springframework.data.redis.core.RedisTemplateTests.tearDown(RedisTemplateTests.java:85)
Caused by: java.net.ConnectException: Connection refused (Connection refused)
	at org.springframework.data.redis.core.RedisTemplateTests.tearDown(RedisTemplateTests.java:85)
</error>
  </testcase>
  <testcase name="testWatchMultipleKeys[1]" classname="org.springframework.data.redis.core.RedisTemplateTests" time="0.001">
    <error message="Cannot get Jedis connection; nested exception is redis.clients.jedis.exceptions.JedisConnectionException: Could not get a resource from the pool" type="org.springframework.data.redis.RedisConnectionFailureException">org.springframework.data.redis.RedisConnectionFailureException: Cannot get Jedis connection; nested exception is redis.clients.jedis.exceptions.JedisConnectionException: Could not get a resource from the pool
	at org.springframework.data.redis.core.RedisTemplateTests.testWatchMultipleKeys(RedisTemplateTests.java:756)
Caused by: redis.clients.jedis.exceptions.JedisConnectionException: Could not get a resource from the pool
	at org.springframework.data.redis.core.RedisTemplateTests.testWatchMultipleKeys(RedisTemplateTests.java:756)
Caused by: redis.clients.jedis.exceptions.JedisConnectionException: java.net.ConnectException: Connection refused (Connection refused)
	at org.springframework.data.redis.core.RedisTemplateTests.testWatchMultipleKeys(RedisTemplateTests.java:756)
Caused by: java.net.ConnectException: Connection refused (Connection refused)
	at org.springframework.data.redis.core.RedisTemplateTests.testWatchMultipleKeys(RedisTemplateTests.java:756)
</error>
  </testcase>
  <testcase name="testWatchMultipleKeys[1]" classname="org.springframework.data.redis.core.RedisTemplateTests" time="0.001">
    <error message="Cannot get Jedis connection; nested exception is redis.clients.jedis.exceptions.JedisConnectionException: Could not get a resource from the pool" type="org.springframework.data.redis.RedisConnectionFailureException">org.springframework.data.redis.RedisConnectionFailureException: Cannot get Jedis connection; nested exception is redis.clients.jedis.exceptions.JedisConnectionException: Could not get a resource from the pool
	at org.springframework.data.redis.core.RedisTemplateTests.tearDown(RedisTemplateTests.java:85)
Caused by: redis.clients.jedis.exceptions.JedisConnectionException: Could not get a resource from the pool
	at org.springframework.data.redis.core.RedisTemplateTests.tearDown(RedisTemplateTests.java:85)
Caused by: redis.clients.jedis.exceptions.JedisConnectionException: java.net.ConnectException: Connection refused (Connection refused)
	at org.springframework.data.redis.core.RedisTemplateTests.tearDown(RedisTemplateTests.java:85)
Caused by: java.net.ConnectException: Connection refused (Connection refused)
	at org.springframework.data.redis.core.RedisTemplateTests.tearDown(RedisTemplateTests.java:85)
</error>
  </testcase>
  <testcase name="testRestoreTtl[2]" classname="org.springframework.data.redis.core.RedisTemplateTests" time="0">
    <error message="Could not initialize class org.springframework.data.redis.RedisTestProfileValueSource" type="java.lang.NoClassDefFoundError">java.lang.NoClassDefFoundError: Could not initialize class org.springframework.data.redis.RedisTestProfileValueSource
	at org.springframework.data.redis.core.RedisTemplateTests.testRestoreTtl(RedisTemplateTests.java:116)
</error>
  </testcase>
  <testcase name="testRestoreTtl[2]" classname="org.springframework.data.redis.core.RedisTemplateTests" time="0.001">
    <error message="Cannot get Jedis connection; nested exception is redis.clients.jedis.exceptions.JedisConnectionException: Could not get a resource from the pool" type="org.springframework.data.redis.RedisConnectionFailureException">org.springframework.data.redis.RedisConnectionFailureException: Cannot get Jedis connection; nested exception is redis.clients.jedis.exceptions.JedisConnectionException: Could not get a resource from the pool
	at org.springframework.data.redis.core.RedisTemplateTests.tearDown(RedisTemplateTests.java:85)
Caused by: redis.clients.jedis.exceptions.JedisConnectionException: Could not get a resource from the pool
	at org.springframework.data.redis.core.RedisTemplateTests.tearDown(RedisTemplateTests.java:85)
Caused by: redis.clients.jedis.exceptions.JedisConnectionException: java.net.ConnectException: Connection refused (Connection refused)
	at org.springframework.data.redis.core.RedisTemplateTests.tearDown(RedisTemplateTests.java:85)
Caused by: java.net.ConnectException: Connection refused (Connection refused)
	at org.springframework.data.redis.core.RedisTemplateTests.tearDown(RedisTemplateTests.java:85)
</error>
  </testcase>
  <testcase name="testGetExpireMillis[2]" classname="org.springframework.data.redis.core.RedisTemplateTests" time="0.001">
    <error message="Cannot get Jedis connection; nested exception is redis.clients.jedis.exceptions.JedisConnectionException: Could not get a resource from the pool" type="org.springframework.data.redis.RedisConnectionFailureException">org.springframework.data.redis.RedisConnectionFailureException: Cannot get Jedis connection; nested exception is redis.clients.jedis.exceptions.JedisConnectionException: Could not get a resource from the pool
	at org.springframework.data.redis.core.RedisTemplateTests.testGetExpireMillis(RedisTemplateTests.java:524)
Caused by: redis.clients.jedis.exceptions.JedisConnectionException: Could not get a resource from the pool
	at org.springframework.data.redis.core.RedisTemplateTests.testGetExpireMillis(RedisTemplateTests.java:524)
Caused by: redis.clients.jedis.exceptions.JedisConnectionException: java.net.ConnectException: Connection refused (Connection refused)
	at org.springframework.data.redis.core.RedisTemplateTests.testGetExpireMillis(RedisTemplateTests.java:524)
Caused by: java.net.ConnectException: Connection refused (Connection refused)
	at org.springframework.data.redis.core.RedisTemplateTests.testGetExpireMillis(RedisTemplateTests.java:524)
</error>
  </testcase>
  <testcase name="testGetExpireMillis[2]" classname="org.springframework.data.redis.core.RedisTemplateTests" time="0.001">
    <error message="Cannot get Jedis connection; nested exception is redis.clients.jedis.exceptions.JedisConnectionException: Could not get a resource from the pool" type="org.springframework.data.redis.RedisConnectionFailureException">org.springframework.data.redis.RedisConnectionFailureException: Cannot get Jedis connection; nested exception is redis.clients.jedis.exceptions.JedisConnectionException: Could not get a resource from the pool
	at org.springframework.data.redis.core.RedisTemplateTests.tearDown(RedisTemplateTests.java:85)
Caused by: redis.clients.jedis.exceptions.JedisConnectionException: Could not get a resource from the pool
	at org.springframework.data.redis.core.RedisTemplateTests.tearDown(RedisTemplateTests.java:85)
Caused by: redis.clients.jedis.exceptions.JedisConnectionException: java.net.ConnectException: Connection refused (Connection refused)
	at org.springframework.data.redis.core.RedisTemplateTests.tearDown(RedisTemplateTests.java:85)
Caused by: java.net.ConnectException: Connection refused (Connection refused)
	at org.springframework.data.redis.core.RedisTemplateTests.tearDown(RedisTemplateTests.java:85)
</error>
  </testcase>
  <testcase name="testExecutePipelinedTxCustomSerializer[2]" classname="org.springframework.data.redis.core.RedisTemplateTests" time="0.001">
    <error message="got: &lt;false&gt;, expected: is &lt;true&gt;" type="org.junit.AssumptionViolatedException"><![CDATA[org.junit.AssumptionViolatedException: got: <false>, expected: is <true>
	at org.springframework.data.redis.core.RedisTemplateTests.testExecutePipelinedTxCustomSerializer(RedisTemplateTests.java:358)
]]></error>
  </testcase>
  <testcase name="testExecutePipelinedTxCustomSerializer[2]" classname="org.springframework.data.redis.core.RedisTemplateTests" time="0.001">
    <error message="Cannot get Jedis connection; nested exception is redis.clients.jedis.exceptions.JedisConnectionException: Could not get a resource from the pool" type="org.springframework.data.redis.RedisConnectionFailureException">org.springframework.data.redis.RedisConnectionFailureException: Cannot get Jedis connection; nested exception is redis.clients.jedis.exceptions.JedisConnectionException: Could not get a resource from the pool
	at org.springframework.data.redis.core.RedisTemplateTests.tearDown(RedisTemplateTests.java:85)
Caused by: redis.clients.jedis.exceptions.JedisConnectionException: Could not get a resource from the pool
	at org.springframework.data.redis.core.RedisTemplateTests.tearDown(RedisTemplateTests.java:85)
Caused by: redis.clients.jedis.exceptions.JedisConnectionException: java.net.ConnectException: Connection refused (Connection refused)
	at org.springframework.data.redis.core.RedisTemplateTests.tearDown(RedisTemplateTests.java:85)
Caused by: java.net.ConnectException: Connection refused (Connection refused)
	at org.springframework.data.redis.core.RedisTemplateTests.tearDown(RedisTemplateTests.java:85)
</error>
  </testcase>
  <testcase name="testExecutePipelinedNonNullRedisCallback[2]" classname="org.springframework.data.redis.core.RedisTemplateTests" time="0.001">
    <error message="Unexpected exception, expected&lt;org.springframework.dao.InvalidDataAccessApiUsageException&gt; but was&lt;org.springframework.data.redis.RedisConnectionFailureException&gt;" type="java.lang.Exception"><![CDATA[java.lang.Exception: Unexpected exception, expected<org.springframework.dao.InvalidDataAccessApiUsageException> but was<org.springframework.data.redis.RedisConnectionFailureException>
	at org.springframework.data.redis.core.RedisTemplateTests.testExecutePipelinedNonNullRedisCallback(RedisTemplateTests.java:330)
Caused by: redis.clients.jedis.exceptions.JedisConnectionException: Could not get a resource from the pool
	at org.springframework.data.redis.core.RedisTemplateTests.testExecutePipelinedNonNullRedisCallback(RedisTemplateTests.java:330)
Caused by: redis.clients.jedis.exceptions.JedisConnectionException: java.net.ConnectException: Connection refused (Connection refused)
	at org.springframework.data.redis.core.RedisTemplateTests.testExecutePipelinedNonNullRedisCallback(RedisTemplateTests.java:330)
Caused by: java.net.ConnectException: Connection refused (Connection refused)
	at org.springframework.data.redis.core.RedisTemplateTests.testExecutePipelinedNonNullRedisCallback(RedisTemplateTests.java:330)
]]></error>
  </testcase>
  <testcase name="testExecutePipelinedNonNullRedisCallback[2]" classname="org.springframework.data.redis.core.RedisTemplateTests" time="0.001">
    <error message="Cannot get Jedis connection; nested exception is redis.clients.jedis.exceptions.JedisConnectionException: Could not get a resource from the pool" type="org.springframework.data.redis.RedisConnectionFailureException">org.springframework.data.redis.RedisConnectionFailureException: Cannot get Jedis connection; nested exception is redis.clients.jedis.exceptions.JedisConnectionException: Could not get a resource from the pool
	at org.springframework.data.redis.core.RedisTemplateTests.tearDown(RedisTemplateTests.java:85)
Caused by: redis.clients.jedis.exceptions.JedisConnectionException: Could not get a resource from the pool
	at org.springframework.data.redis.core.RedisTemplateTests.tearDown(RedisTemplateTests.java:85)
Caused by: redis.clients.jedis.exceptions.JedisConnectionException: java.net.ConnectException: Connection refused (Connection refused)
	at org.springframework.data.redis.core.RedisTemplateTests.tearDown(RedisTemplateTests.java:85)
Caused by: java.net.ConnectException: Connection refused (Connection refused)
	at org.springframework.data.redis.core.RedisTemplateTests.tearDown(RedisTemplateTests.java:85)
</error>
  </testcase>
  <testcase name="testExecutePipelinedTx[2]" classname="org.springframework.data.redis.core.RedisTemplateTests" time="0.001">
    <error message="Cannot get Jedis connection; nested exception is redis.clients.jedis.exceptions.JedisConnectionException: Could not get a resource from the pool" type="org.springframework.data.redis.RedisConnectionFailureException">org.springframework.data.redis.RedisConnectionFailureException: Cannot get Jedis connection; nested exception is redis.clients.jedis.exceptions.JedisConnectionException: Could not get a resource from the pool
	at org.springframework.data.redis.core.RedisTemplateTests.testExecutePipelinedTx(RedisTemplateTests.java:338)
Caused by: redis.clients.jedis.exceptions.JedisConnectionException: Could not get a resource from the pool
	at org.springframework.data.redis.core.RedisTemplateTests.testExecutePipelinedTx(RedisTemplateTests.java:338)
Caused by: redis.clients.jedis.exceptions.JedisConnectionException: java.net.ConnectException: Connection refused (Connection refused)
	at org.springframework.data.redis.core.RedisTemplateTests.testExecutePipelinedTx(RedisTemplateTests.java:338)
Caused by: java.net.ConnectException: Connection refused (Connection refused)
	at org.springframework.data.redis.core.RedisTemplateTests.testExecutePipelinedTx(RedisTemplateTests.java:338)
</error>
  </testcase>
  <testcase name="testExecutePipelinedTx[2]" classname="org.springframework.data.redis.core.RedisTemplateTests" time="0.001">
    <error message="Cannot get Jedis connection; nested exception is redis.clients.jedis.exceptions.JedisConnectionException: Could not get a resource from the pool" type="org.springframework.data.redis.RedisConnectionFailureException">org.springframework.data.redis.RedisConnectionFailureException: Cannot get Jedis connection; nested exception is redis.clients.jedis.exceptions.JedisConnectionException: Could not get a resource from the pool
	at org.springframework.data.redis.core.RedisTemplateTests.tearDown(RedisTemplateTests.java:85)
Caused by: redis.clients.jedis.exceptions.JedisConnectionException: Could not get a resource from the pool
	at org.springframework.data.redis.core.RedisTemplateTests.tearDown(RedisTemplateTests.java:85)
Caused by: redis.clients.jedis.exceptions.JedisConnectionException: java.net.ConnectException: Connection refused (Connection refused)
	at org.springframework.data.redis.core.RedisTemplateTests.tearDown(RedisTemplateTests.java:85)
Caused by: java.net.ConnectException: Connection refused (Connection refused)
	at org.springframework.data.redis.core.RedisTemplateTests.tearDown(RedisTemplateTests.java:85)
</error>
  </testcase>
  <testcase name="testGetExpireMillisUsingPipelining[2]" classname="org.springframework.data.redis.core.RedisTemplateTests" time="0.001">
    <error message="Cannot get Jedis connection; nested exception is redis.clients.jedis.exceptions.JedisConnectionException: Could not get a resource from the pool" type="org.springframework.data.redis.RedisConnectionFailureException">org.springframework.data.redis.RedisConnectionFailureException: Cannot get Jedis connection; nested exception is redis.clients.jedis.exceptions.JedisConnectionException: Could not get a resource from the pool
	at org.springframework.data.redis.core.RedisTemplateTests.testGetExpireMillisUsingPipelining(RedisTemplateTests.java:568)
Caused by: redis.clients.jedis.exceptions.JedisConnectionException: Could not get a resource from the pool
	at org.springframework.data.redis.core.RedisTemplateTests.testGetExpireMillisUsingPipelining(RedisTemplateTests.java:568)
Caused by: redis.clients.jedis.exceptions.JedisConnectionException: java.net.ConnectException: Connection refused (Connection refused)
	at org.springframework.data.redis.core.RedisTemplateTests.testGetExpireMillisUsingPipelining(RedisTemplateTests.java:568)
Caused by: java.net.ConnectException: Connection refused (Connection refused)
	at org.springframework.data.redis.core.RedisTemplateTests.testGetExpireMillisUsingPipelining(RedisTemplateTests.java:568)
</error>
  </testcase>
  <testcase name="testGetExpireMillisUsingPipelining[2]" classname="org.springframework.data.redis.core.RedisTemplateTests" time="0.001">
    <error message="Cannot get Jedis connection; nested exception is redis.clients.jedis.exceptions.JedisConnectionException: Could not get a resource from the pool" type="org.springframework.data.redis.RedisConnectionFailureException">org.springframework.data.redis.RedisConnectionFailureException: Cannot get Jedis connection; nested exception is redis.clients.jedis.exceptions.JedisConnectionException: Could not get a resource from the pool
	at org.springframework.data.redis.core.RedisTemplateTests.tearDown(RedisTemplateTests.java:85)
Caused by: redis.clients.jedis.exceptions.JedisConnectionException: Could not get a resource from the pool
	at org.springframework.data.redis.core.RedisTemplateTests.tearDown(RedisTemplateTests.java:85)
Caused by: redis.clients.jedis.exceptions.JedisConnectionException: java.net.ConnectException: Connection refused (Connection refused)
	at org.springframework.data.redis.core.RedisTemplateTests.tearDown(RedisTemplateTests.java:85)
Caused by: java.net.ConnectException: Connection refused (Connection refused)
	at org.springframework.data.redis.core.RedisTemplateTests.tearDown(RedisTemplateTests.java:85)
</error>
  </testcase>
  <testcase name="testSortBulkMapper[2]" classname="org.springframework.data.redis.core.RedisTemplateTests" time="0.001">
    <error message="Cannot get Jedis connection; nested exception is redis.clients.jedis.exceptions.JedisConnectionException: Could not get a resource from the pool" type="org.springframework.data.redis.RedisConnectionFailureException">org.springframework.data.redis.RedisConnectionFailureException: Cannot get Jedis connection; nested exception is redis.clients.jedis.exceptions.JedisConnectionException: Could not get a resource from the pool
	at org.springframework.data.redis.core.RedisTemplateTests.testSortBulkMapper(RedisTemplateTests.java:444)
Caused by: redis.clients.jedis.exceptions.JedisConnectionException: Could not get a resource from the pool
	at org.springframework.data.redis.core.RedisTemplateTests.testSortBulkMapper(RedisTemplateTests.java:444)
Caused by: redis.clients.jedis.exceptions.JedisConnectionException: java.net.ConnectException: Connection refused (Connection refused)
	at org.springframework.data.redis.core.RedisTemplateTests.testSortBulkMapper(RedisTemplateTests.java:444)
Caused by: java.net.ConnectException: Connection refused (Connection refused)
	at org.springframework.data.redis.core.RedisTemplateTests.testSortBulkMapper(RedisTemplateTests.java:444)
</error>
  </testcase>
  <testcase name="testSortBulkMapper[2]" classname="org.springframework.data.redis.core.RedisTemplateTests" time="0.002">
    <error message="Cannot get Jedis connection; nested exception is redis.clients.jedis.exceptions.JedisConnectionException: Could not get a resource from the pool" type="org.springframework.data.redis.RedisConnectionFailureException">org.springframework.data.redis.RedisConnectionFailureException: Cannot get Jedis connection; nested exception is redis.clients.jedis.exceptions.JedisConnectionException: Could not get a resource from the pool
	at org.springframework.data.redis.core.RedisTemplateTests.tearDown(RedisTemplateTests.java:85)
Caused by: redis.clients.jedis.exceptions.JedisConnectionException: Could not get a resource from the pool
	at org.springframework.data.redis.core.RedisTemplateTests.tearDown(RedisTemplateTests.java:85)
Caused by: redis.clients.jedis.exceptions.JedisConnectionException: java.net.ConnectException: Connection refused (Connection refused)
	at org.springframework.data.redis.core.RedisTemplateTests.tearDown(RedisTemplateTests.java:85)
Caused by: java.net.ConnectException: Connection refused (Connection refused)
	at org.springframework.data.redis.core.RedisTemplateTests.tearDown(RedisTemplateTests.java:85)
</error>
  </testcase>
  <testcase name="testExpireAt[2]" classname="org.springframework.data.redis.core.RedisTemplateTests" time="0.001">
    <error message="Cannot get Jedis connection; nested exception is redis.clients.jedis.exceptions.JedisConnectionException: Could not get a resource from the pool" type="org.springframework.data.redis.RedisConnectionFailureException">org.springframework.data.redis.RedisConnectionFailureException: Cannot get Jedis connection; nested exception is redis.clients.jedis.exceptions.JedisConnectionException: Could not get a resource from the pool
	at org.springframework.data.redis.core.RedisTemplateTests.testExpireAt(RedisTemplateTests.java:608)
Caused by: redis.clients.jedis.exceptions.JedisConnectionException: Could not get a resource from the pool
	at org.springframework.data.redis.core.RedisTemplateTests.testExpireAt(RedisTemplateTests.java:608)
Caused by: redis.clients.jedis.exceptions.JedisConnectionException: java.net.ConnectException: Connection refused (Connection refused)
	at org.springframework.data.redis.core.RedisTemplateTests.testExpireAt(RedisTemplateTests.java:608)
Caused by: java.net.ConnectException: Connection refused (Connection refused)
	at org.springframework.data.redis.core.RedisTemplateTests.testExpireAt(RedisTemplateTests.java:608)
</error>
  </testcase>
  <testcase name="testExpireAt[2]" classname="org.springframework.data.redis.core.RedisTemplateTests" time="0.001">
    <error message="Cannot get Jedis connection; nested exception is redis.clients.jedis.exceptions.JedisConnectionException: Could not get a resource from the pool" type="org.springframework.data.redis.RedisConnectionFailureException">org.springframework.data.redis.RedisConnectionFailureException: Cannot get Jedis connection; nested exception is redis.clients.jedis.exceptions.JedisConnectionException: Could not get a resource from the pool
	at org.springframework.data.redis.core.RedisTemplateTests.tearDown(RedisTemplateTests.java:85)
Caused by: redis.clients.jedis.exceptions.JedisConnectionException: Could not get a resource from the pool
	at org.springframework.data.redis.core.RedisTemplateTests.tearDown(RedisTemplateTests.java:85)
Caused by: redis.clients.jedis.exceptions.JedisConnectionException: java.net.ConnectException: Connection refused (Connection refused)
	at org.springframework.data.redis.core.RedisTemplateTests.tearDown(RedisTemplateTests.java:85)
Caused by: java.net.ConnectException: Connection refused (Connection refused)
	at org.springframework.data.redis.core.RedisTemplateTests.tearDown(RedisTemplateTests.java:85)
</error>
  </testcase>
  <testcase name="testWatch[2]" classname="org.springframework.data.redis.core.RedisTemplateTests" time="0.001">
    <error message="Cannot get Jedis connection; nested exception is redis.clients.jedis.exceptions.JedisConnectionException: Could not get a resource from the pool" type="org.springframework.data.redis.RedisConnectionFailureException">org.springframework.data.redis.RedisConnectionFailureException: Cannot get Jedis connection; nested exception is redis.clients.jedis.exceptions.JedisConnectionException: Could not get a resource from the pool
	at org.springframework.data.redis.core.RedisTemplateTests.testWatch(RedisTemplateTests.java:686)
Caused by: redis.clients.jedis.exceptions.JedisConnectionException: Could not get a resource from the pool
	at org.springframework.data.redis.core.RedisTemplateTests.testWatch(RedisTemplateTests.java:686)
Caused by: redis.clients.jedis.exceptions.JedisConnectionException: java.net.ConnectException: Connection refused (Connection refused)
	at org.springframework.data.redis.core.RedisTemplateTests.testWatch(RedisTemplateTests.java:686)
Caused by: java.net.ConnectException: Connection refused (Connection refused)
	at org.springframework.data.redis.core.RedisTemplateTests.testWatch(RedisTemplateTests.java:686)
</error>
  </testcase>
  <testcase name="testWatch[2]" classname="org.springframework.data.redis.core.RedisTemplateTests" time="0.001">
    <error message="Cannot get Jedis connection; nested exception is redis.clients.jedis.exceptions.JedisConnectionException: Could not get a resource from the pool" type="org.springframework.data.redis.RedisConnectionFailureException">org.springframework.data.redis.RedisConnectionFailureException: Cannot get Jedis connection; nested exception is redis.clients.jedis.exceptions.JedisConnectionException: Could not get a resource from the pool
	at org.springframework.data.redis.core.RedisTemplateTests.tearDown(RedisTemplateTests.java:85)
Caused by: redis.clients.jedis.exceptions.JedisConnectionException: Could not get a resource from the pool
	at org.springframework.data.redis.core.RedisTemplateTests.tearDown(RedisTemplateTests.java:85)
Caused by: redis.clients.jedis.exceptions.JedisConnectionException: java.net.ConnectException: Connection refused (Connection refused)
	at org.springframework.data.redis.core.RedisTemplateTests.tearDown(RedisTemplateTests.java:85)
Caused by: java.net.ConnectException: Connection refused (Connection refused)
	at org.springframework.data.redis.core.RedisTemplateTests.tearDown(RedisTemplateTests.java:85)
</error>
  </testcase>
  <testcase name="testExec[2]" classname="org.springframework.data.redis.core.RedisTemplateTests" time="0.001">
    <error message="Cannot get Jedis connection; nested exception is redis.clients.jedis.exceptions.JedisConnectionException: Could not get a resource from the pool" type="org.springframework.data.redis.RedisConnectionFailureException">org.springframework.data.redis.RedisConnectionFailureException: Cannot get Jedis connection; nested exception is redis.clients.jedis.exceptions.JedisConnectionException: Could not get a resource from the pool
	at org.springframework.data.redis.core.RedisTemplateTests.testExec(RedisTemplateTests.java:168)
Caused by: redis.clients.jedis.exceptions.JedisConnectionException: Could not get a resource from the pool
	at org.springframework.data.redis.core.RedisTemplateTests.testExec(RedisTemplateTests.java:168)
Caused by: redis.clients.jedis.exceptions.JedisConnectionException: java.net.ConnectException: Connection refused (Connection refused)
	at org.springframework.data.redis.core.RedisTemplateTests.testExec(RedisTemplateTests.java:168)
Caused by: java.net.ConnectException: Connection refused (Connection refused)
	at org.springframework.data.redis.core.RedisTemplateTests.testExec(RedisTemplateTests.java:168)
</error>
  </testcase>
  <testcase name="testExec[2]" classname="org.springframework.data.redis.core.RedisTemplateTests" time="0.001">
    <error message="Cannot get Jedis connection; nested exception is redis.clients.jedis.exceptions.JedisConnectionException: Could not get a resource from the pool" type="org.springframework.data.redis.RedisConnectionFailureException">org.springframework.data.redis.RedisConnectionFailureException: Cannot get Jedis connection; nested exception is redis.clients.jedis.exceptions.JedisConnectionException: Could not get a resource from the pool
	at org.springframework.data.redis.core.RedisTemplateTests.tearDown(RedisTemplateTests.java:85)
Caused by: redis.clients.jedis.exceptions.JedisConnectionException: Could not get a resource from the pool
	at org.springframework.data.redis.core.RedisTemplateTests.tearDown(RedisTemplateTests.java:85)
Caused by: redis.clients.jedis.exceptions.JedisConnectionException: java.net.ConnectException: Connection refused (Connection refused)
	at org.springframework.data.redis.core.RedisTemplateTests.tearDown(RedisTemplateTests.java:85)
Caused by: java.net.ConnectException: Connection refused (Connection refused)
	at org.springframework.data.redis.core.RedisTemplateTests.tearDown(RedisTemplateTests.java:85)
</error>
  </testcase>
  <testcase name="testKeys[2]" classname="org.springframework.data.redis.core.RedisTemplateTests" time="0.001">
    <error message="Cannot get Jedis connection; nested exception is redis.clients.jedis.exceptions.JedisConnectionException: Could not get a resource from the pool" type="org.springframework.data.redis.RedisConnectionFailureException">org.springframework.data.redis.RedisConnectionFailureException: Cannot get Jedis connection; nested exception is redis.clients.jedis.exceptions.JedisConnectionException: Could not get a resource from the pool
	at org.springframework.data.redis.core.RedisTemplateTests.testKeys(RedisTemplateTests.java:134)
Caused by: redis.clients.jedis.exceptions.JedisConnectionException: Could not get a resource from the pool
	at org.springframework.data.redis.core.RedisTemplateTests.testKeys(RedisTemplateTests.java:134)
Caused by: redis.clients.jedis.exceptions.JedisConnectionException: java.net.ConnectException: Connection refused (Connection refused)
	at org.springframework.data.redis.core.RedisTemplateTests.testKeys(RedisTemplateTests.java:134)
Caused by: java.net.ConnectException: Connection refused (Connection refused)
	at org.springframework.data.redis.core.RedisTemplateTests.testKeys(RedisTemplateTests.java:134)
</error>
  </testcase>
  <testcase name="testKeys[2]" classname="org.springframework.data.redis.core.RedisTemplateTests" time="0.001">
    <error message="Cannot get Jedis connection; nested exception is redis.clients.jedis.exceptions.JedisConnectionException: Could not get a resource from the pool" type="org.springframework.data.redis.RedisConnectionFailureException">org.springframework.data.redis.RedisConnectionFailureException: Cannot get Jedis connection; nested exception is redis.clients.jedis.exceptions.JedisConnectionException: Could not get a resource from the pool
	at org.springframework.data.redis.core.RedisTemplateTests.tearDown(RedisTemplateTests.java:85)
Caused by: redis.clients.jedis.exceptions.JedisConnectionException: Could not get a resource from the pool
	at org.springframework.data.redis.core.RedisTemplateTests.tearDown(RedisTemplateTests.java:85)
Caused by: redis.clients.jedis.exceptions.JedisConnectionException: java.net.ConnectException: Connection refused (Connection refused)
	at org.springframework.data.redis.core.RedisTemplateTests.tearDown(RedisTemplateTests.java:85)
Caused by: java.net.ConnectException: Connection refused (Connection refused)
	at org.springframework.data.redis.core.RedisTemplateTests.tearDown(RedisTemplateTests.java:85)
</error>
  </testcase>
  <testcase name="testSort[2]" classname="org.springframework.data.redis.core.RedisTemplateTests" time="0.001">
    <error message="Cannot get Jedis connection; nested exception is redis.clients.jedis.exceptions.JedisConnectionException: Could not get a resource from the pool" type="org.springframework.data.redis.RedisConnectionFailureException">org.springframework.data.redis.RedisConnectionFailureException: Cannot get Jedis connection; nested exception is redis.clients.jedis.exceptions.JedisConnectionException: Could not get a resource from the pool
	at org.springframework.data.redis.core.RedisTemplateTests.testSort(RedisTemplateTests.java:422)
Caused by: redis.clients.jedis.exceptions.JedisConnectionException: Could not get a resource from the pool
	at org.springframework.data.redis.core.RedisTemplateTests.testSort(RedisTemplateTests.java:422)
Caused by: redis.clients.jedis.exceptions.JedisConnectionException: java.net.ConnectException: Connection refused (Connection refused)
	at org.springframework.data.redis.core.RedisTemplateTests.testSort(RedisTemplateTests.java:422)
Caused by: java.net.ConnectException: Connection refused (Connection refused)
	at org.springframework.data.redis.core.RedisTemplateTests.testSort(RedisTemplateTests.java:422)
</error>
  </testcase>
  <testcase name="testSort[2]" classname="org.springframework.data.redis.core.RedisTemplateTests" time="0.001">
    <error message="Cannot get Jedis connection; nested exception is redis.clients.jedis.exceptions.JedisConnectionException: Could not get a resource from the pool" type="org.springframework.data.redis.RedisConnectionFailureException">org.springframework.data.redis.RedisConnectionFailureException: Cannot get Jedis connection; nested exception is redis.clients.jedis.exceptions.JedisConnectionException: Could not get a resource from the pool
	at org.springframework.data.redis.core.RedisTemplateTests.tearDown(RedisTemplateTests.java:85)
Caused by: redis.clients.jedis.exceptions.JedisConnectionException: Could not get a resource from the pool
	at org.springframework.data.redis.core.RedisTemplateTests.tearDown(RedisTemplateTests.java:85)
Caused by: redis.clients.jedis.exceptions.JedisConnectionException: java.net.ConnectException: Connection refused (Connection refused)
	at org.springframework.data.redis.core.RedisTemplateTests.tearDown(RedisTemplateTests.java:85)
Caused by: java.net.ConnectException: Connection refused (Connection refused)
	at org.springframework.data.redis.core.RedisTemplateTests.tearDown(RedisTemplateTests.java:85)
</error>
  </testcase>
  <testcase name="testType[2]" classname="org.springframework.data.redis.core.RedisTemplateTests" time="0.001">
    <error message="Cannot get Jedis connection; nested exception is redis.clients.jedis.exceptions.JedisConnectionException: Could not get a resource from the pool" type="org.springframework.data.redis.RedisConnectionFailureException">org.springframework.data.redis.RedisConnectionFailureException: Cannot get Jedis connection; nested exception is redis.clients.jedis.exceptions.JedisConnectionException: Could not get a resource from the pool
	at org.springframework.data.redis.core.RedisTemplateTests.testType(RedisTemplateTests.java:676)
Caused by: redis.clients.jedis.exceptions.JedisConnectionException: Could not get a resource from the pool
	at org.springframework.data.redis.core.RedisTemplateTests.testType(RedisTemplateTests.java:676)
Caused by: redis.clients.jedis.exceptions.JedisConnectionException: java.net.ConnectException: Connection refused (Connection refused)
	at org.springframework.data.redis.core.RedisTemplateTests.testType(RedisTemplateTests.java:676)
Caused by: java.net.ConnectException: Connection refused (Connection refused)
	at org.springframework.data.redis.core.RedisTemplateTests.testType(RedisTemplateTests.java:676)
</error>
  </testcase>
  <testcase name="testType[2]" classname="org.springframework.data.redis.core.RedisTemplateTests" time="0.001">
    <error message="Cannot get Jedis connection; nested exception is redis.clients.jedis.exceptions.JedisConnectionException: Could not get a resource from the pool" type="org.springframework.data.redis.RedisConnectionFailureException">org.springframework.data.redis.RedisConnectionFailureException: Cannot get Jedis connection; nested exception is redis.clients.jedis.exceptions.JedisConnectionException: Could not get a resource from the pool
	at org.springframework.data.redis.core.RedisTemplateTests.tearDown(RedisTemplateTests.java:85)
Caused by: redis.clients.jedis.exceptions.JedisConnectionException: Could not get a resource from the pool
	at org.springframework.data.redis.core.RedisTemplateTests.tearDown(RedisTemplateTests.java:85)
Caused by: redis.clients.jedis.exceptions.JedisConnectionException: java.net.ConnectException: Connection refused (Connection refused)
	at org.springframework.data.redis.core.RedisTemplateTests.tearDown(RedisTemplateTests.java:85)
Caused by: java.net.ConnectException: Connection refused (Connection refused)
	at org.springframework.data.redis.core.RedisTemplateTests.tearDown(RedisTemplateTests.java:85)
</error>
  </testcase>
  <testcase name="testPersist[2]" classname="org.springframework.data.redis.core.RedisTemplateTests" time="0.001">
    <error message="Could not initialize class org.springframework.data.redis.RedisTestProfileValueSource" type="java.lang.NoClassDefFoundError">java.lang.NoClassDefFoundError: Could not initialize class org.springframework.data.redis.RedisTestProfileValueSource
	at org.springframework.data.redis.core.RedisTemplateTests.testPersist(RedisTemplateTests.java:634)
</error>
  </testcase>
  <testcase name="testPersist[2]" classname="org.springframework.data.redis.core.RedisTemplateTests" time="0.001">
    <error message="Cannot get Jedis connection; nested exception is redis.clients.jedis.exceptions.JedisConnectionException: Could not get a resource from the pool" type="org.springframework.data.redis.RedisConnectionFailureException">org.springframework.data.redis.RedisConnectionFailureException: Cannot get Jedis connection; nested exception is redis.clients.jedis.exceptions.JedisConnectionException: Could not get a resource from the pool
	at org.springframework.data.redis.core.RedisTemplateTests.tearDown(RedisTemplateTests.java:85)
Caused by: redis.clients.jedis.exceptions.JedisConnectionException: Could not get a resource from the pool
	at org.springframework.data.redis.core.RedisTemplateTests.tearDown(RedisTemplateTests.java:85)
Caused by: redis.clients.jedis.exceptions.JedisConnectionException: java.net.ConnectException: Connection refused (Connection refused)
	at org.springframework.data.redis.core.RedisTemplateTests.tearDown(RedisTemplateTests.java:85)
Caused by: java.net.ConnectException: Connection refused (Connection refused)
	at org.springframework.data.redis.core.RedisTemplateTests.tearDown(RedisTemplateTests.java:85)
</error>
  </testcase>
  <testcase name="testRenameIfAbsent[2]" classname="org.springframework.data.redis.core.RedisTemplateTests" time="0.001">
    <error message="Cannot get Jedis connection; nested exception is redis.clients.jedis.exceptions.JedisConnectionException: Could not get a resource from the pool" type="org.springframework.data.redis.RedisConnectionFailureException">org.springframework.data.redis.RedisConnectionFailureException: Cannot get Jedis connection; nested exception is redis.clients.jedis.exceptions.JedisConnectionException: Could not get a resource from the pool
	at org.springframework.data.redis.core.RedisTemplateTests.testRenameIfAbsent(RedisTemplateTests.java:667)
Caused by: redis.clients.jedis.exceptions.JedisConnectionException: Could not get a resource from the pool
	at org.springframework.data.redis.core.RedisTemplateTests.testRenameIfAbsent(RedisTemplateTests.java:667)
Caused by: redis.clients.jedis.exceptions.JedisConnectionException: java.net.ConnectException: Connection refused (Connection refused)
	at org.springframework.data.redis.core.RedisTemplateTests.testRenameIfAbsent(RedisTemplateTests.java:667)
Caused by: java.net.ConnectException: Connection refused (Connection refused)
	at org.springframework.data.redis.core.RedisTemplateTests.testRenameIfAbsent(RedisTemplateTests.java:667)
</error>
  </testcase>
  <testcase name="testRenameIfAbsent[2]" classname="org.springframework.data.redis.core.RedisTemplateTests" time="0.001">
    <error message="Cannot get Jedis connection; nested exception is redis.clients.jedis.exceptions.JedisConnectionException: Could not get a resource from the pool" type="org.springframework.data.redis.RedisConnectionFailureException">org.springframework.data.redis.RedisConnectionFailureException: Cannot get Jedis connection; nested exception is redis.clients.jedis.exceptions.JedisConnectionException: Could not get a resource from the pool
	at org.springframework.data.redis.core.RedisTemplateTests.tearDown(RedisTemplateTests.java:85)
Caused by: redis.clients.jedis.exceptions.JedisConnectionException: Could not get a resource from the pool
	at org.springframework.data.redis.core.RedisTemplateTests.tearDown(RedisTemplateTests.java:85)
Caused by: redis.clients.jedis.exceptions.JedisConnectionException: java.net.ConnectException: Connection refused (Connection refused)
	at org.springframework.data.redis.core.RedisTemplateTests.tearDown(RedisTemplateTests.java:85)
Caused by: java.net.ConnectException: Connection refused (Connection refused)
	at org.springframework.data.redis.core.RedisTemplateTests.tearDown(RedisTemplateTests.java:85)
</error>
  </testcase>
  <testcase name="testUnwatch[2]" classname="org.springframework.data.redis.core.RedisTemplateTests" time="0.001">
    <error message="Cannot get Jedis connection; nested exception is redis.clients.jedis.exceptions.JedisConnectionException: Could not get a resource from the pool" type="org.springframework.data.redis.RedisConnectionFailureException">org.springframework.data.redis.RedisConnectionFailureException: Cannot get Jedis connection; nested exception is redis.clients.jedis.exceptions.JedisConnectionException: Could not get a resource from the pool
	at org.springframework.data.redis.core.RedisTemplateTests.testUnwatch(RedisTemplateTests.java:723)
Caused by: redis.clients.jedis.exceptions.JedisConnectionException: Could not get a resource from the pool
	at org.springframework.data.redis.core.RedisTemplateTests.testUnwatch(RedisTemplateTests.java:723)
Caused by: redis.clients.jedis.exceptions.JedisConnectionException: java.net.ConnectException: Connection refused (Connection refused)
	at org.springframework.data.redis.core.RedisTemplateTests.testUnwatch(RedisTemplateTests.java:723)
Caused by: java.net.ConnectException: Connection refused (Connection refused)
	at org.springframework.data.redis.core.RedisTemplateTests.testUnwatch(RedisTemplateTests.java:723)
</error>
  </testcase>
  <testcase name="testUnwatch[2]" classname="org.springframework.data.redis.core.RedisTemplateTests" time="0.001">
    <error message="Cannot get Jedis connection; nested exception is redis.clients.jedis.exceptions.JedisConnectionException: Could not get a resource from the pool" type="org.springframework.data.redis.RedisConnectionFailureException">org.springframework.data.redis.RedisConnectionFailureException: Cannot get Jedis connection; nested exception is redis.clients.jedis.exceptions.JedisConnectionException: Could not get a resource from the pool
	at org.springframework.data.redis.core.RedisTemplateTests.tearDown(RedisTemplateTests.java:85)
Caused by: redis.clients.jedis.exceptions.JedisConnectionException: Could not get a resource from the pool
	at org.springframework.data.redis.core.RedisTemplateTests.tearDown(RedisTemplateTests.java:85)
Caused by: redis.clients.jedis.exceptions.JedisConnectionException: java.net.ConnectException: Connection refused (Connection refused)
	at org.springframework.data.redis.core.RedisTemplateTests.tearDown(RedisTemplateTests.java:85)
Caused by: java.net.ConnectException: Connection refused (Connection refused)
	at org.springframework.data.redis.core.RedisTemplateTests.tearDown(RedisTemplateTests.java:85)
</error>
  </testcase>
  <testcase name="testGetExpireMillisUsingTransactions[2]" classname="org.springframework.data.redis.core.RedisTemplateTests" time="0.001">
    <error message="Cannot get Jedis connection; nested exception is redis.clients.jedis.exceptions.JedisConnectionException: Could not get a resource from the pool" type="org.springframework.data.redis.RedisConnectionFailureException">org.springframework.data.redis.RedisConnectionFailureException: Cannot get Jedis connection; nested exception is redis.clients.jedis.exceptions.JedisConnectionException: Could not get a resource from the pool
	at org.springframework.data.redis.core.RedisTemplateTests.testGetExpireMillisUsingTransactions(RedisTemplateTests.java:541)
Caused by: redis.clients.jedis.exceptions.JedisConnectionException: Could not get a resource from the pool
	at org.springframework.data.redis.core.RedisTemplateTests.testGetExpireMillisUsingTransactions(RedisTemplateTests.java:541)
Caused by: redis.clients.jedis.exceptions.JedisConnectionException: java.net.ConnectException: Connection refused (Connection refused)
	at org.springframework.data.redis.core.RedisTemplateTests.testGetExpireMillisUsingTransactions(RedisTemplateTests.java:541)
Caused by: java.net.ConnectException: Connection refused (Connection refused)
	at org.springframework.data.redis.core.RedisTemplateTests.testGetExpireMillisUsingTransactions(RedisTemplateTests.java:541)
</error>
  </testcase>
  <testcase name="testGetExpireMillisUsingTransactions[2]" classname="org.springframework.data.redis.core.RedisTemplateTests" time="0.002">
    <error message="Cannot get Jedis connection; nested exception is redis.clients.jedis.exceptions.JedisConnectionException: Could not get a resource from the pool" type="org.springframework.data.redis.RedisConnectionFailureException">org.springframework.data.redis.RedisConnectionFailureException: Cannot get Jedis connection; nested exception is redis.clients.jedis.exceptions.JedisConnectionException: Could not get a resource from the pool
	at org.springframework.data.redis.core.RedisTemplateTests.tearDown(RedisTemplateTests.java:85)
Caused by: redis.clients.jedis.exceptions.JedisConnectionException: Could not get a resource from the pool
	at org.springframework.data.redis.core.RedisTemplateTests.tearDown(RedisTemplateTests.java:85)
Caused by: redis.clients.jedis.exceptions.JedisConnectionException: java.net.ConnectException: Connection refused (Connection refused)
	at org.springframework.data.redis.core.RedisTemplateTests.tearDown(RedisTemplateTests.java:85)
Caused by: java.net.ConnectException: Connection refused (Connection refused)
	at org.springframework.data.redis.core.RedisTemplateTests.tearDown(RedisTemplateTests.java:85)
</error>
  </testcase>
  <testcase name="testExecCustomSerializer[2]" classname="org.springframework.data.redis.core.RedisTemplateTests" time="0">
    <error message="got: &lt;false&gt;, expected: is &lt;true&gt;" type="org.junit.AssumptionViolatedException"><![CDATA[org.junit.AssumptionViolatedException: got: <false>, expected: is <true>
	at org.springframework.data.redis.core.RedisTemplateTests.testExecCustomSerializer(RedisTemplateTests.java:210)
]]></error>
  </testcase>
  <testcase name="testExecCustomSerializer[2]" classname="org.springframework.data.redis.core.RedisTemplateTests" time="0">
    <error message="Cannot get Jedis connection; nested exception is redis.clients.jedis.exceptions.JedisConnectionException: Could not get a resource from the pool" type="org.springframework.data.redis.RedisConnectionFailureException">org.springframework.data.redis.RedisConnectionFailureException: Cannot get Jedis connection; nested exception is redis.clients.jedis.exceptions.JedisConnectionException: Could not get a resource from the pool
	at org.springframework.data.redis.core.RedisTemplateTests.tearDown(RedisTemplateTests.java:85)
Caused by: redis.clients.jedis.exceptions.JedisConnectionException: Could not get a resource from the pool
	at org.springframework.data.redis.core.RedisTemplateTests.tearDown(RedisTemplateTests.java:85)
Caused by: redis.clients.jedis.exceptions.JedisConnectionException: java.net.ConnectException: Connection refused (Connection refused)
	at org.springframework.data.redis.core.RedisTemplateTests.tearDown(RedisTemplateTests.java:85)
Caused by: java.net.ConnectException: Connection refused (Connection refused)
	at org.springframework.data.redis.core.RedisTemplateTests.tearDown(RedisTemplateTests.java:85)
</error>
  </testcase>
  <testcase name="testExecutePipelinedCustomSerializer[2]" classname="org.springframework.data.redis.core.RedisTemplateTests" time="0.001">
    <error message="got: &lt;false&gt;, expected: is &lt;true&gt;" type="org.junit.AssumptionViolatedException"><![CDATA[org.junit.AssumptionViolatedException: got: <false>, expected: is <true>
	at org.springframework.data.redis.core.RedisTemplateTests.testExecutePipelinedCustomSerializer(RedisTemplateTests.java:292)
]]></error>
  </testcase>
  <testcase name="testExecutePipelinedCustomSerializer[2]" classname="org.springframework.data.redis.core.RedisTemplateTests" time="0.001">
    <error message="Cannot get Jedis connection; nested exception is redis.clients.jedis.exceptions.JedisConnectionException: Could not get a resource from the pool" type="org.springframework.data.redis.RedisConnectionFailureException">org.springframework.data.redis.RedisConnectionFailureException: Cannot get Jedis connection; nested exception is redis.clients.jedis.exceptions.JedisConnectionException: Could not get a resource from the pool
	at org.springframework.data.redis.core.RedisTemplateTests.tearDown(RedisTemplateTests.java:85)
Caused by: redis.clients.jedis.exceptions.JedisConnectionException: Could not get a resource from the pool
	at org.springframework.data.redis.core.RedisTemplateTests.tearDown(RedisTemplateTests.java:85)
Caused by: redis.clients.jedis.exceptions.JedisConnectionException: java.net.ConnectException: Connection refused (Connection refused)
	at org.springframework.data.redis.core.RedisTemplateTests.tearDown(RedisTemplateTests.java:85)
Caused by: java.net.ConnectException: Connection refused (Connection refused)
	at org.springframework.data.redis.core.RedisTemplateTests.tearDown(RedisTemplateTests.java:85)
</error>
  </testcase>
  <testcase name="testExpireAtMillisNotSupported[2]" classname="org.springframework.data.redis.core.RedisTemplateTests" time="0">
    <error message="Could not initialize class org.springframework.data.redis.RedisTestProfileValueSource" type="java.lang.NoClassDefFoundError">java.lang.NoClassDefFoundError: Could not initialize class org.springframework.data.redis.RedisTestProfileValueSource
	at org.springframework.data.redis.core.RedisTemplateTests.testExpireAtMillisNotSupported(RedisTemplateTests.java:616)
</error>
  </testcase>
  <testcase name="testExpireAtMillisNotSupported[2]" classname="org.springframework.data.redis.core.RedisTemplateTests" time="0.001">
    <error message="Cannot get Jedis connection; nested exception is redis.clients.jedis.exceptions.JedisConnectionException: Could not get a resource from the pool" type="org.springframework.data.redis.RedisConnectionFailureException">org.springframework.data.redis.RedisConnectionFailureException: Cannot get Jedis connection; nested exception is redis.clients.jedis.exceptions.JedisConnectionException: Could not get a resource from the pool
	at org.springframework.data.redis.core.RedisTemplateTests.tearDown(RedisTemplateTests.java:85)
Caused by: redis.clients.jedis.exceptions.JedisConnectionException: Could not get a resource from the pool
	at org.springframework.data.redis.core.RedisTemplateTests.tearDown(RedisTemplateTests.java:85)
Caused by: redis.clients.jedis.exceptions.JedisConnectionException: java.net.ConnectException: Connection refused (Connection refused)
	at org.springframework.data.redis.core.RedisTemplateTests.tearDown(RedisTemplateTests.java:85)
Caused by: java.net.ConnectException: Connection refused (Connection refused)
	at org.springframework.data.redis.core.RedisTemplateTests.tearDown(RedisTemplateTests.java:85)
</error>
  </testcase>
  <testcase name="testGetExpireSecondsForKeyDoesNotExist[2]" classname="org.springframework.data.redis.core.RedisTemplateTests" time="0.001">
    <error message="Cannot get Jedis connection; nested exception is redis.clients.jedis.exceptions.JedisConnectionException: Could not get a resource from the pool" type="org.springframework.data.redis.RedisConnectionFailureException">org.springframework.data.redis.RedisConnectionFailureException: Cannot get Jedis connection; nested exception is redis.clients.jedis.exceptions.JedisConnectionException: Could not get a resource from the pool
	at org.springframework.data.redis.core.RedisTemplateTests.testGetExpireSecondsForKeyDoesNotExist(RedisTemplateTests.java:485)
Caused by: redis.clients.jedis.exceptions.JedisConnectionException: Could not get a resource from the pool
	at org.springframework.data.redis.core.RedisTemplateTests.testGetExpireSecondsForKeyDoesNotExist(RedisTemplateTests.java:485)
Caused by: redis.clients.jedis.exceptions.JedisConnectionException: java.net.ConnectException: Connection refused (Connection refused)
	at org.springframework.data.redis.core.RedisTemplateTests.testGetExpireSecondsForKeyDoesNotExist(RedisTemplateTests.java:485)
Caused by: java.net.ConnectException: Connection refused (Connection refused)
	at org.springframework.data.redis.core.RedisTemplateTests.testGetExpireSecondsForKeyDoesNotExist(RedisTemplateTests.java:485)
</error>
  </testcase>
  <testcase name="testGetExpireSecondsForKeyDoesNotExist[2]" classname="org.springframework.data.redis.core.RedisTemplateTests" time="0.001">
    <error message="Cannot get Jedis connection; nested exception is redis.clients.jedis.exceptions.JedisConnectionException: Could not get a resource from the pool" type="org.springframework.data.redis.RedisConnectionFailureException">org.springframework.data.redis.RedisConnectionFailureException: Cannot get Jedis connection; nested exception is redis.clients.jedis.exceptions.JedisConnectionException: Could not get a resource from the pool
	at org.springframework.data.redis.core.RedisTemplateTests.tearDown(RedisTemplateTests.java:85)
Caused by: redis.clients.jedis.exceptions.JedisConnectionException: Could not get a resource from the pool
	at org.springframework.data.redis.core.RedisTemplateTests.tearDown(RedisTemplateTests.java:85)
Caused by: redis.clients.jedis.exceptions.JedisConnectionException: java.net.ConnectException: Connection refused (Connection refused)
	at org.springframework.data.redis.core.RedisTemplateTests.tearDown(RedisTemplateTests.java:85)
Caused by: java.net.ConnectException: Connection refused (Connection refused)
	at org.springframework.data.redis.core.RedisTemplateTests.tearDown(RedisTemplateTests.java:85)
</error>
  </testcase>
  <testcase name="testRandomKey[2]" classname="org.springframework.data.redis.core.RedisTemplateTests" time="0.001">
    <error message="Cannot get Jedis connection; nested exception is redis.clients.jedis.exceptions.JedisConnectionException: Could not get a resource from the pool" type="org.springframework.data.redis.RedisConnectionFailureException">org.springframework.data.redis.RedisConnectionFailureException: Cannot get Jedis connection; nested exception is redis.clients.jedis.exceptions.JedisConnectionException: Could not get a resource from the pool
	at org.springframework.data.redis.core.RedisTemplateTests.testRandomKey(RedisTemplateTests.java:648)
Caused by: redis.clients.jedis.exceptions.JedisConnectionException: Could not get a resource from the pool
	at org.springframework.data.redis.core.RedisTemplateTests.testRandomKey(RedisTemplateTests.java:648)
Caused by: redis.clients.jedis.exceptions.JedisConnectionException: java.net.ConnectException: Connection refused (Connection refused)
	at org.springframework.data.redis.core.RedisTemplateTests.testRandomKey(RedisTemplateTests.java:648)
Caused by: java.net.ConnectException: Connection refused (Connection refused)
	at org.springframework.data.redis.core.RedisTemplateTests.testRandomKey(RedisTemplateTests.java:648)
</error>
  </testcase>
  <testcase name="testRandomKey[2]" classname="org.springframework.data.redis.core.RedisTemplateTests" time="0.001">
    <error message="Cannot get Jedis connection; nested exception is redis.clients.jedis.exceptions.JedisConnectionException: Could not get a resource from the pool" type="org.springframework.data.redis.RedisConnectionFailureException">org.springframework.data.redis.RedisConnectionFailureException: Cannot get Jedis connection; nested exception is redis.clients.jedis.exceptions.JedisConnectionException: Could not get a resource from the pool
	at org.springframework.data.redis.core.RedisTemplateTests.tearDown(RedisTemplateTests.java:85)
Caused by: redis.clients.jedis.exceptions.JedisConnectionException: Could not get a resource from the pool
	at org.springframework.data.redis.core.RedisTemplateTests.tearDown(RedisTemplateTests.java:85)
Caused by: redis.clients.jedis.exceptions.JedisConnectionException: java.net.ConnectException: Connection refused (Connection refused)
	at org.springframework.data.redis.core.RedisTemplateTests.tearDown(RedisTemplateTests.java:85)
Caused by: java.net.ConnectException: Connection refused (Connection refused)
	at org.springframework.data.redis.core.RedisTemplateTests.tearDown(RedisTemplateTests.java:85)
</error>
  </testcase>
  <testcase name="clientListShouldReturnCorrectly[2]" classname="org.springframework.data.redis.core.RedisTemplateTests" time="0.001">
    <error message="Cannot get Jedis connection; nested exception is redis.clients.jedis.exceptions.JedisConnectionException: Could not get a resource from the pool" type="org.springframework.data.redis.RedisConnectionFailureException">org.springframework.data.redis.RedisConnectionFailureException: Cannot get Jedis connection; nested exception is redis.clients.jedis.exceptions.JedisConnectionException: Could not get a resource from the pool
	at org.springframework.data.redis.core.RedisTemplateTests.clientListShouldReturnCorrectly(RedisTemplateTests.java:809)
Caused by: redis.clients.jedis.exceptions.JedisConnectionException: Could not get a resource from the pool
	at org.springframework.data.redis.core.RedisTemplateTests.clientListShouldReturnCorrectly(RedisTemplateTests.java:809)
Caused by: redis.clients.jedis.exceptions.JedisConnectionException: java.net.ConnectException: Connection refused (Connection refused)
	at org.springframework.data.redis.core.RedisTemplateTests.clientListShouldReturnCorrectly(RedisTemplateTests.java:809)
Caused by: java.net.ConnectException: Connection refused (Connection refused)
	at org.springframework.data.redis.core.RedisTemplateTests.clientListShouldReturnCorrectly(RedisTemplateTests.java:809)
</error>
  </testcase>
  <testcase name="clientListShouldReturnCorrectly[2]" classname="org.springframework.data.redis.core.RedisTemplateTests" time="0.001">
    <error message="Cannot get Jedis connection; nested exception is redis.clients.jedis.exceptions.JedisConnectionException: Could not get a resource from the pool" type="org.springframework.data.redis.RedisConnectionFailureException">org.springframework.data.redis.RedisConnectionFailureException: Cannot get Jedis connection; nested exception is redis.clients.jedis.exceptions.JedisConnectionException: Could not get a resource from the pool
	at org.springframework.data.redis.core.RedisTemplateTests.tearDown(RedisTemplateTests.java:85)
Caused by: redis.clients.jedis.exceptions.JedisConnectionException: Could not get a resource from the pool
	at org.springframework.data.redis.core.RedisTemplateTests.tearDown(RedisTemplateTests.java:85)
Caused by: redis.clients.jedis.exceptions.JedisConnectionException: java.net.ConnectException: Connection refused (Connection refused)
	at org.springframework.data.redis.core.RedisTemplateTests.tearDown(RedisTemplateTests.java:85)
Caused by: java.net.ConnectException: Connection refused (Connection refused)
	at org.springframework.data.redis.core.RedisTemplateTests.tearDown(RedisTemplateTests.java:85)
</error>
  </testcase>
  <testcase name="testExecutePipelinedNonNullSessionCallback[2]" classname="org.springframework.data.redis.core.RedisTemplateTests" time="0.001">
    <error message="Unexpected exception, expected&lt;org.springframework.dao.InvalidDataAccessApiUsageException&gt; but was&lt;org.springframework.data.redis.RedisConnectionFailureException&gt;" type="java.lang.Exception"><![CDATA[java.lang.Exception: Unexpected exception, expected<org.springframework.dao.InvalidDataAccessApiUsageException> but was<org.springframework.data.redis.RedisConnectionFailureException>
	at org.springframework.data.redis.core.RedisTemplateTests.testExecutePipelinedNonNullSessionCallback(RedisTemplateTests.java:377)
Caused by: redis.clients.jedis.exceptions.JedisConnectionException: Could not get a resource from the pool
	at org.springframework.data.redis.core.RedisTemplateTests.testExecutePipelinedNonNullSessionCallback(RedisTemplateTests.java:377)
Caused by: redis.clients.jedis.exceptions.JedisConnectionException: java.net.ConnectException: Connection refused (Connection refused)
	at org.springframework.data.redis.core.RedisTemplateTests.testExecutePipelinedNonNullSessionCallback(RedisTemplateTests.java:377)
Caused by: java.net.ConnectException: Connection refused (Connection refused)
	at org.springframework.data.redis.core.RedisTemplateTests.testExecutePipelinedNonNullSessionCallback(RedisTemplateTests.java:377)
]]></error>
  </testcase>
  <testcase name="testExecutePipelinedNonNullSessionCallback[2]" classname="org.springframework.data.redis.core.RedisTemplateTests" time="0.001">
    <error message="Cannot get Jedis connection; nested exception is redis.clients.jedis.exceptions.JedisConnectionException: Could not get a resource from the pool" type="org.springframework.data.redis.RedisConnectionFailureException">org.springframework.data.redis.RedisConnectionFailureException: Cannot get Jedis connection; nested exception is redis.clients.jedis.exceptions.JedisConnectionException: Could not get a resource from the pool
	at org.springframework.data.redis.core.RedisTemplateTests.tearDown(RedisTemplateTests.java:85)
Caused by: redis.clients.jedis.exceptions.JedisConnectionException: Could not get a resource from the pool
	at org.springframework.data.redis.core.RedisTemplateTests.tearDown(RedisTemplateTests.java:85)
Caused by: redis.clients.jedis.exceptions.JedisConnectionException: java.net.ConnectException: Connection refused (Connection refused)
	at org.springframework.data.redis.core.RedisTemplateTests.tearDown(RedisTemplateTests.java:85)
Caused by: java.net.ConnectException: Connection refused (Connection refused)
	at org.springframework.data.redis.core.RedisTemplateTests.tearDown(RedisTemplateTests.java:85)
</error>
  </testcase>
  <testcase name="testConvertAndSend[2]" classname="org.springframework.data.redis.core.RedisTemplateTests" time="0.001">
    <error message="Cannot get Jedis connection; nested exception is redis.clients.jedis.exceptions.JedisConnectionException: Could not get a resource from the pool" type="org.springframework.data.redis.RedisConnectionFailureException">org.springframework.data.redis.RedisConnectionFailureException: Cannot get Jedis connection; nested exception is redis.clients.jedis.exceptions.JedisConnectionException: Could not get a resource from the pool
	at org.springframework.data.redis.core.RedisTemplateTests.testConvertAndSend(RedisTemplateTests.java:793)
Caused by: redis.clients.jedis.exceptions.JedisConnectionException: Could not get a resource from the pool
	at org.springframework.data.redis.core.RedisTemplateTests.testConvertAndSend(RedisTemplateTests.java:793)
Caused by: redis.clients.jedis.exceptions.JedisConnectionException: java.net.ConnectException: Connection refused (Connection refused)
	at org.springframework.data.redis.core.RedisTemplateTests.testConvertAndSend(RedisTemplateTests.java:793)
Caused by: java.net.ConnectException: Connection refused (Connection refused)
	at org.springframework.data.redis.core.RedisTemplateTests.testConvertAndSend(RedisTemplateTests.java:793)
</error>
  </testcase>
  <testcase name="testConvertAndSend[2]" classname="org.springframework.data.redis.core.RedisTemplateTests" time="0.001">
    <error message="Cannot get Jedis connection; nested exception is redis.clients.jedis.exceptions.JedisConnectionException: Could not get a resource from the pool" type="org.springframework.data.redis.RedisConnectionFailureException">org.springframework.data.redis.RedisConnectionFailureException: Cannot get Jedis connection; nested exception is redis.clients.jedis.exceptions.JedisConnectionException: Could not get a resource from the pool
	at org.springframework.data.redis.core.RedisTemplateTests.tearDown(RedisTemplateTests.java:85)
Caused by: redis.clients.jedis.exceptions.JedisConnectionException: Could not get a resource from the pool
	at org.springframework.data.redis.core.RedisTemplateTests.tearDown(RedisTemplateTests.java:85)
Caused by: redis.clients.jedis.exceptions.JedisConnectionException: java.net.ConnectException: Connection refused (Connection refused)
	at org.springframework.data.redis.core.RedisTemplateTests.tearDown(RedisTemplateTests.java:85)
Caused by: java.net.ConnectException: Connection refused (Connection refused)
	at org.springframework.data.redis.core.RedisTemplateTests.tearDown(RedisTemplateTests.java:85)
</error>
  </testcase>
  <testcase name="testGetExpireMillisNotSupported[2]" classname="org.springframework.data.redis.core.RedisTemplateTests" time="0.001">
    <error message="got: &lt;false&gt;, expected: is &lt;true&gt;" type="org.junit.AssumptionViolatedException"><![CDATA[org.junit.AssumptionViolatedException: got: <false>, expected: is <true>
	at org.springframework.data.redis.core.RedisTemplateTests.testGetExpireMillisNotSupported(RedisTemplateTests.java:594)
]]></error>
  </testcase>
  <testcase name="testGetExpireMillisNotSupported[2]" classname="org.springframework.data.redis.core.RedisTemplateTests" time="0.001">
    <error message="Cannot get Jedis connection; nested exception is redis.clients.jedis.exceptions.JedisConnectionException: Could not get a resource from the pool" type="org.springframework.data.redis.RedisConnectionFailureException">org.springframework.data.redis.RedisConnectionFailureException: Cannot get Jedis connection; nested exception is redis.clients.jedis.exceptions.JedisConnectionException: Could not get a resource from the pool
	at org.springframework.data.redis.core.RedisTemplateTests.tearDown(RedisTemplateTests.java:85)
Caused by: redis.clients.jedis.exceptions.JedisConnectionException: Could not get a resource from the pool
	at org.springframework.data.redis.core.RedisTemplateTests.tearDown(RedisTemplateTests.java:85)
Caused by: redis.clients.jedis.exceptions.JedisConnectionException: java.net.ConnectException: Connection refused (Connection refused)
	at org.springframework.data.redis.core.RedisTemplateTests.tearDown(RedisTemplateTests.java:85)
Caused by: java.net.ConnectException: Connection refused (Connection refused)
	at org.springframework.data.redis.core.RedisTemplateTests.tearDown(RedisTemplateTests.java:85)
</error>
  </testcase>
  <testcase name="testTemplateNotInitialized[2]" classname="org.springframework.data.redis.core.RedisTemplateTests" time="0.001">
    <error message="Cannot get Jedis connection; nested exception is redis.clients.jedis.exceptions.JedisConnectionException: Could not get a resource from the pool" type="org.springframework.data.redis.RedisConnectionFailureException">org.springframework.data.redis.RedisConnectionFailureException: Cannot get Jedis connection; nested exception is redis.clients.jedis.exceptions.JedisConnectionException: Could not get a resource from the pool
	at org.springframework.data.redis.core.RedisTemplateTests.tearDown(RedisTemplateTests.java:85)
Caused by: redis.clients.jedis.exceptions.JedisConnectionException: Could not get a resource from the pool
	at org.springframework.data.redis.core.RedisTemplateTests.tearDown(RedisTemplateTests.java:85)
Caused by: redis.clients.jedis.exceptions.JedisConnectionException: java.net.ConnectException: Connection refused (Connection refused)
	at org.springframework.data.redis.core.RedisTemplateTests.tearDown(RedisTemplateTests.java:85)
Caused by: java.net.ConnectException: Connection refused (Connection refused)
	at org.springframework.data.redis.core.RedisTemplateTests.tearDown(RedisTemplateTests.java:85)
</error>
  </testcase>
  <testcase name="testSortStore[2]" classname="org.springframework.data.redis.core.RedisTemplateTests" time="0">
    <error message="Cannot get Jedis connection; nested exception is redis.clients.jedis.exceptions.JedisConnectionException: Could not get a resource from the pool" type="org.springframework.data.redis.RedisConnectionFailureException">org.springframework.data.redis.RedisConnectionFailureException: Cannot get Jedis connection; nested exception is redis.clients.jedis.exceptions.JedisConnectionException: Could not get a resource from the pool
	at org.springframework.data.redis.core.RedisTemplateTests.testSortStore(RedisTemplateTests.java:434)
Caused by: redis.clients.jedis.exceptions.JedisConnectionException: Could not get a resource from the pool
	at org.springframework.data.redis.core.RedisTemplateTests.testSortStore(RedisTemplateTests.java:434)
Caused by: redis.clients.jedis.exceptions.JedisConnectionException: java.net.ConnectException: Connection refused (Connection refused)
	at org.springframework.data.redis.core.RedisTemplateTests.testSortStore(RedisTemplateTests.java:434)
Caused by: java.net.ConnectException: Connection refused (Connection refused)
	at org.springframework.data.redis.core.RedisTemplateTests.testSortStore(RedisTemplateTests.java:434)
</error>
  </testcase>
  <testcase name="testSortStore[2]" classname="org.springframework.data.redis.core.RedisTemplateTests" time="0.001">
    <error message="Cannot get Jedis connection; nested exception is redis.clients.jedis.exceptions.JedisConnectionException: Could not get a resource from the pool" type="org.springframework.data.redis.RedisConnectionFailureException">org.springframework.data.redis.RedisConnectionFailureException: Cannot get Jedis connection; nested exception is redis.clients.jedis.exceptions.JedisConnectionException: Could not get a resource from the pool
	at org.springframework.data.redis.core.RedisTemplateTests.tearDown(RedisTemplateTests.java:85)
Caused by: redis.clients.jedis.exceptions.JedisConnectionException: Could not get a resource from the pool
	at org.springframework.data.redis.core.RedisTemplateTests.tearDown(RedisTemplateTests.java:85)
Caused by: redis.clients.jedis.exceptions.JedisConnectionException: java.net.ConnectException: Connection refused (Connection refused)
	at org.springframework.data.redis.core.RedisTemplateTests.tearDown(RedisTemplateTests.java:85)
Caused by: java.net.ConnectException: Connection refused (Connection refused)
	at org.springframework.data.redis.core.RedisTemplateTests.tearDown(RedisTemplateTests.java:85)
</error>
  </testcase>
  <testcase name="testGetExpireMillisForKeyDoesNotExist[2]" classname="org.springframework.data.redis.core.RedisTemplateTests" time="0.001">
    <error message="Cannot get Jedis connection; nested exception is redis.clients.jedis.exceptions.JedisConnectionException: Could not get a resource from the pool" type="org.springframework.data.redis.RedisConnectionFailureException">org.springframework.data.redis.RedisConnectionFailureException: Cannot get Jedis connection; nested exception is redis.clients.jedis.exceptions.JedisConnectionException: Could not get a resource from the pool
	at org.springframework.data.redis.core.RedisTemplateTests.testGetExpireMillisForKeyDoesNotExist(RedisTemplateTests.java:501)
Caused by: redis.clients.jedis.exceptions.JedisConnectionException: Could not get a resource from the pool
	at org.springframework.data.redis.core.RedisTemplateTests.testGetExpireMillisForKeyDoesNotExist(RedisTemplateTests.java:501)
Caused by: redis.clients.jedis.exceptions.JedisConnectionException: java.net.ConnectException: Connection refused (Connection refused)
	at org.springframework.data.redis.core.RedisTemplateTests.testGetExpireMillisForKeyDoesNotExist(RedisTemplateTests.java:501)
Caused by: java.net.ConnectException: Connection refused (Connection refused)
	at org.springframework.data.redis.core.RedisTemplateTests.testGetExpireMillisForKeyDoesNotExist(RedisTemplateTests.java:501)
</error>
  </testcase>
  <testcase name="testGetExpireMillisForKeyDoesNotExist[2]" classname="org.springframework.data.redis.core.RedisTemplateTests" time="0.001">
    <error message="Cannot get Jedis connection; nested exception is redis.clients.jedis.exceptions.JedisConnectionException: Could not get a resource from the pool" type="org.springframework.data.redis.RedisConnectionFailureException">org.springframework.data.redis.RedisConnectionFailureException: Cannot get Jedis connection; nested exception is redis.clients.jedis.exceptions.JedisConnectionException: Could not get a resource from the pool
	at org.springframework.data.redis.core.RedisTemplateTests.tearDown(RedisTemplateTests.java:85)
Caused by: redis.clients.jedis.exceptions.JedisConnectionException: Could not get a resource from the pool
	at org.springframework.data.redis.core.RedisTemplateTests.tearDown(RedisTemplateTests.java:85)
Caused by: redis.clients.jedis.exceptions.JedisConnectionException: java.net.ConnectException: Connection refused (Connection refused)
	at org.springframework.data.redis.core.RedisTemplateTests.tearDown(RedisTemplateTests.java:85)
Caused by: java.net.ConnectException: Connection refused (Connection refused)
	at org.springframework.data.redis.core.RedisTemplateTests.tearDown(RedisTemplateTests.java:85)
</error>
  </testcase>
  <testcase name="testExecConversionDisabled[2]" classname="org.springframework.data.redis.core.RedisTemplateTests" time="0.002">
    <error message="Unable to connect to Redis; nested exception is io.lettuce.core.RedisConnectionException: Unable to connect to 127.0.0.1:6379" type="org.springframework.data.redis.RedisConnectionFailureException">org.springframework.data.redis.RedisConnectionFailureException: Unable to connect to Redis; nested exception is io.lettuce.core.RedisConnectionException: Unable to connect to 127.0.0.1:6379
	at org.springframework.data.redis.core.RedisTemplateTests.testExecConversionDisabled(RedisTemplateTests.java:253)
Caused by: io.lettuce.core.RedisConnectionException: Unable to connect to 127.0.0.1:6379
	at org.springframework.data.redis.core.RedisTemplateTests.testExecConversionDisabled(RedisTemplateTests.java:253)
Caused by: io.netty.channel.AbstractChannel$AnnotatedConnectException: syscall:getsockopt(..) failed: Connection refused: /127.0.0.1:6379
Caused by: io.netty.channel.unix.Errors$NativeConnectException: syscall:getsockopt(..) failed: Connection refused
</error>
  </testcase>
  <testcase name="testExecConversionDisabled[2]" classname="org.springframework.data.redis.core.RedisTemplateTests" time="0.002">
    <error message="Cannot get Jedis connection; nested exception is redis.clients.jedis.exceptions.JedisConnectionException: Could not get a resource from the pool" type="org.springframework.data.redis.RedisConnectionFailureException">org.springframework.data.redis.RedisConnectionFailureException: Cannot get Jedis connection; nested exception is redis.clients.jedis.exceptions.JedisConnectionException: Could not get a resource from the pool
	at org.springframework.data.redis.core.RedisTemplateTests.tearDown(RedisTemplateTests.java:85)
Caused by: redis.clients.jedis.exceptions.JedisConnectionException: Could not get a resource from the pool
	at org.springframework.data.redis.core.RedisTemplateTests.tearDown(RedisTemplateTests.java:85)
Caused by: redis.clients.jedis.exceptions.JedisConnectionException: java.net.ConnectException: Connection refused (Connection refused)
	at org.springframework.data.redis.core.RedisTemplateTests.tearDown(RedisTemplateTests.java:85)
Caused by: java.net.ConnectException: Connection refused (Connection refused)
	at org.springframework.data.redis.core.RedisTemplateTests.tearDown(RedisTemplateTests.java:85)
</error>
  </testcase>
  <testcase name="testGetExpireSecondsForKeyExistButHasNoAssociatedExpire[2]" classname="org.springframework.data.redis.core.RedisTemplateTests" time="0.001">
    <error message="Cannot get Jedis connection; nested exception is redis.clients.jedis.exceptions.JedisConnectionException: Could not get a resource from the pool" type="org.springframework.data.redis.RedisConnectionFailureException">org.springframework.data.redis.RedisConnectionFailureException: Cannot get Jedis connection; nested exception is redis.clients.jedis.exceptions.JedisConnectionException: Could not get a resource from the pool
	at org.springframework.data.redis.core.RedisTemplateTests.testGetExpireSecondsForKeyExistButHasNoAssociatedExpire(RedisTemplateTests.java:493)
Caused by: redis.clients.jedis.exceptions.JedisConnectionException: Could not get a resource from the pool
	at org.springframework.data.redis.core.RedisTemplateTests.testGetExpireSecondsForKeyExistButHasNoAssociatedExpire(RedisTemplateTests.java:493)
Caused by: redis.clients.jedis.exceptions.JedisConnectionException: java.net.ConnectException: Connection refused (Connection refused)
	at org.springframework.data.redis.core.RedisTemplateTests.testGetExpireSecondsForKeyExistButHasNoAssociatedExpire(RedisTemplateTests.java:493)
Caused by: java.net.ConnectException: Connection refused (Connection refused)
	at org.springframework.data.redis.core.RedisTemplateTests.testGetExpireSecondsForKeyExistButHasNoAssociatedExpire(RedisTemplateTests.java:493)
</error>
  </testcase>
  <testcase name="testGetExpireSecondsForKeyExistButHasNoAssociatedExpire[2]" classname="org.springframework.data.redis.core.RedisTemplateTests" time="0.002">
    <error message="Cannot get Jedis connection; nested exception is redis.clients.jedis.exceptions.JedisConnectionException: Could not get a resource from the pool" type="org.springframework.data.redis.RedisConnectionFailureException">org.springframework.data.redis.RedisConnectionFailureException: Cannot get Jedis connection; nested exception is redis.clients.jedis.exceptions.JedisConnectionException: Could not get a resource from the pool
	at org.springframework.data.redis.core.RedisTemplateTests.tearDown(RedisTemplateTests.java:85)
Caused by: redis.clients.jedis.exceptions.JedisConnectionException: Could not get a resource from the pool
	at org.springframework.data.redis.core.RedisTemplateTests.tearDown(RedisTemplateTests.java:85)
Caused by: redis.clients.jedis.exceptions.JedisConnectionException: java.net.ConnectException: Connection refused (Connection refused)
	at org.springframework.data.redis.core.RedisTemplateTests.tearDown(RedisTemplateTests.java:85)
Caused by: java.net.ConnectException: Connection refused (Connection refused)
	at org.springframework.data.redis.core.RedisTemplateTests.tearDown(RedisTemplateTests.java:85)
</error>
  </testcase>
  <testcase name="testDumpAndRestoreNoTtl[2]" classname="org.springframework.data.redis.core.RedisTemplateTests" time="0">
    <error message="Could not initialize class org.springframework.data.redis.RedisTestProfileValueSource" type="java.lang.NoClassDefFoundError">java.lang.NoClassDefFoundError: Could not initialize class org.springframework.data.redis.RedisTestProfileValueSource
	at org.springframework.data.redis.core.RedisTemplateTests.testDumpAndRestoreNoTtl(RedisTemplateTests.java:103)
</error>
  </testcase>
  <testcase name="testDumpAndRestoreNoTtl[2]" classname="org.springframework.data.redis.core.RedisTemplateTests" time="0">
    <error message="Cannot get Jedis connection; nested exception is redis.clients.jedis.exceptions.JedisConnectionException: Could not get a resource from the pool" type="org.springframework.data.redis.RedisConnectionFailureException">org.springframework.data.redis.RedisConnectionFailureException: Cannot get Jedis connection; nested exception is redis.clients.jedis.exceptions.JedisConnectionException: Could not get a resource from the pool
	at org.springframework.data.redis.core.RedisTemplateTests.tearDown(RedisTemplateTests.java:85)
Caused by: redis.clients.jedis.exceptions.JedisConnectionException: Could not get a resource from the pool
	at org.springframework.data.redis.core.RedisTemplateTests.tearDown(RedisTemplateTests.java:85)
Caused by: redis.clients.jedis.exceptions.JedisConnectionException: java.net.ConnectException: Connection refused (Connection refused)
	at org.springframework.data.redis.core.RedisTemplateTests.tearDown(RedisTemplateTests.java:85)
Caused by: java.net.ConnectException: Connection refused (Connection refused)
	at org.springframework.data.redis.core.RedisTemplateTests.tearDown(RedisTemplateTests.java:85)
</error>
  </testcase>
  <testcase name="testDiscard[2]" classname="org.springframework.data.redis.core.RedisTemplateTests" time="0.001">
    <error message="Cannot get Jedis connection; nested exception is redis.clients.jedis.exceptions.JedisConnectionException: Could not get a resource from the pool" type="org.springframework.data.redis.RedisConnectionFailureException">org.springframework.data.redis.RedisConnectionFailureException: Cannot get Jedis connection; nested exception is redis.clients.jedis.exceptions.JedisConnectionException: Could not get a resource from the pool
	at org.springframework.data.redis.core.RedisTemplateTests.testDiscard(RedisTemplateTests.java:195)
Caused by: redis.clients.jedis.exceptions.JedisConnectionException: Could not get a resource from the pool
	at org.springframework.data.redis.core.RedisTemplateTests.testDiscard(RedisTemplateTests.java:195)
Caused by: redis.clients.jedis.exceptions.JedisConnectionException: java.net.ConnectException: Connection refused (Connection refused)
	at org.springframework.data.redis.core.RedisTemplateTests.testDiscard(RedisTemplateTests.java:195)
Caused by: java.net.ConnectException: Connection refused (Connection refused)
	at org.springframework.data.redis.core.RedisTemplateTests.testDiscard(RedisTemplateTests.java:195)
</error>
  </testcase>
  <testcase name="testDiscard[2]" classname="org.springframework.data.redis.core.RedisTemplateTests" time="0.002">
    <error message="Cannot get Jedis connection; nested exception is redis.clients.jedis.exceptions.JedisConnectionException: Could not get a resource from the pool" type="org.springframework.data.redis.RedisConnectionFailureException">org.springframework.data.redis.RedisConnectionFailureException: Cannot get Jedis connection; nested exception is redis.clients.jedis.exceptions.JedisConnectionException: Could not get a resource from the pool
	at org.springframework.data.redis.core.RedisTemplateTests.tearDown(RedisTemplateTests.java:85)
Caused by: redis.clients.jedis.exceptions.JedisConnectionException: Could not get a resource from the pool
	at org.springframework.data.redis.core.RedisTemplateTests.tearDown(RedisTemplateTests.java:85)
Caused by: redis.clients.jedis.exceptions.JedisConnectionException: java.net.ConnectException: Connection refused (Connection refused)
	at org.springframework.data.redis.core.RedisTemplateTests.tearDown(RedisTemplateTests.java:85)
Caused by: java.net.ConnectException: Connection refused (Connection refused)
	at org.springframework.data.redis.core.RedisTemplateTests.tearDown(RedisTemplateTests.java:85)
</error>
  </testcase>
  <testcase name="testDelete[2]" classname="org.springframework.data.redis.core.RedisTemplateTests" time="0">
    <error message="Cannot get Jedis connection; nested exception is redis.clients.jedis.exceptions.JedisConnectionException: Could not get a resource from the pool" type="org.springframework.data.redis.RedisConnectionFailureException">org.springframework.data.redis.RedisConnectionFailureException: Cannot get Jedis connection; nested exception is redis.clients.jedis.exceptions.JedisConnectionException: Could not get a resource from the pool
	at org.springframework.data.redis.core.RedisTemplateTests.testDelete(RedisTemplateTests.java:391)
Caused by: redis.clients.jedis.exceptions.JedisConnectionException: Could not get a resource from the pool
	at org.springframework.data.redis.core.RedisTemplateTests.testDelete(RedisTemplateTests.java:391)
Caused by: redis.clients.jedis.exceptions.JedisConnectionException: java.net.ConnectException: Connection refused (Connection refused)
	at org.springframework.data.redis.core.RedisTemplateTests.testDelete(RedisTemplateTests.java:391)
Caused by: java.net.ConnectException: Connection refused (Connection refused)
	at org.springframework.data.redis.core.RedisTemplateTests.testDelete(RedisTemplateTests.java:391)
</error>
  </testcase>
  <testcase name="testDelete[2]" classname="org.springframework.data.redis.core.RedisTemplateTests" time="0.001">
    <error message="Cannot get Jedis connection; nested exception is redis.clients.jedis.exceptions.JedisConnectionException: Could not get a resource from the pool" type="org.springframework.data.redis.RedisConnectionFailureException">org.springframework.data.redis.RedisConnectionFailureException: Cannot get Jedis connection; nested exception is redis.clients.jedis.exceptions.JedisConnectionException: Could not get a resource from the pool
	at org.springframework.data.redis.core.RedisTemplateTests.tearDown(RedisTemplateTests.java:85)
Caused by: redis.clients.jedis.exceptions.JedisConnectionException: Could not get a resource from the pool
	at org.springframework.data.redis.core.RedisTemplateTests.tearDown(RedisTemplateTests.java:85)
Caused by: redis.clients.jedis.exceptions.JedisConnectionException: java.net.ConnectException: Connection refused (Connection refused)
	at org.springframework.data.redis.core.RedisTemplateTests.tearDown(RedisTemplateTests.java:85)
Caused by: java.net.ConnectException: Connection refused (Connection refused)
	at org.springframework.data.redis.core.RedisTemplateTests.tearDown(RedisTemplateTests.java:85)
</error>
  </testcase>
  <testcase name="testExecuteScriptCustomSerializers[2]" classname="org.springframework.data.redis.core.RedisTemplateTests" time="0">
    <error message="Could not initialize class org.springframework.data.redis.RedisTestProfileValueSource" type="java.lang.NoClassDefFoundError">java.lang.NoClassDefFoundError: Could not initialize class org.springframework.data.redis.RedisTestProfileValueSource
	at org.springframework.data.redis.core.RedisTemplateTests.testExecuteScriptCustomSerializers(RedisTemplateTests.java:798)
</error>
  </testcase>
  <testcase name="testExecuteScriptCustomSerializers[2]" classname="org.springframework.data.redis.core.RedisTemplateTests" time="0">
    <error message="Cannot get Jedis connection; nested exception is redis.clients.jedis.exceptions.JedisConnectionException: Could not get a resource from the pool" type="org.springframework.data.redis.RedisConnectionFailureException">org.springframework.data.redis.RedisConnectionFailureException: Cannot get Jedis connection; nested exception is redis.clients.jedis.exceptions.JedisConnectionException: Could not get a resource from the pool
	at org.springframework.data.redis.core.RedisTemplateTests.tearDown(RedisTemplateTests.java:85)
Caused by: redis.clients.jedis.exceptions.JedisConnectionException: Could not get a resource from the pool
	at org.springframework.data.redis.core.RedisTemplateTests.tearDown(RedisTemplateTests.java:85)
Caused by: redis.clients.jedis.exceptions.JedisConnectionException: java.net.ConnectException: Connection refused (Connection refused)
	at org.springframework.data.redis.core.RedisTemplateTests.tearDown(RedisTemplateTests.java:85)
Caused by: java.net.ConnectException: Connection refused (Connection refused)
	at org.springframework.data.redis.core.RedisTemplateTests.tearDown(RedisTemplateTests.java:85)
</error>
  </testcase>
  <testcase name="testExecutePipelined[2]" classname="org.springframework.data.redis.core.RedisTemplateTests" time="0.001">
    <error message="Cannot get Jedis connection; nested exception is redis.clients.jedis.exceptions.JedisConnectionException: Could not get a resource from the pool" type="org.springframework.data.redis.RedisConnectionFailureException">org.springframework.data.redis.RedisConnectionFailureException: Cannot get Jedis connection; nested exception is redis.clients.jedis.exceptions.JedisConnectionException: Could not get a resource from the pool
	at org.springframework.data.redis.core.RedisTemplateTests.testExecutePipelined(RedisTemplateTests.java:274)
Caused by: redis.clients.jedis.exceptions.JedisConnectionException: Could not get a resource from the pool
	at org.springframework.data.redis.core.RedisTemplateTests.testExecutePipelined(RedisTemplateTests.java:274)
Caused by: redis.clients.jedis.exceptions.JedisConnectionException: java.net.ConnectException: Connection refused (Connection refused)
	at org.springframework.data.redis.core.RedisTemplateTests.testExecutePipelined(RedisTemplateTests.java:274)
Caused by: java.net.ConnectException: Connection refused (Connection refused)
	at org.springframework.data.redis.core.RedisTemplateTests.testExecutePipelined(RedisTemplateTests.java:274)
</error>
  </testcase>
  <testcase name="testExecutePipelined[2]" classname="org.springframework.data.redis.core.RedisTemplateTests" time="0.002">
    <error message="Cannot get Jedis connection; nested exception is redis.clients.jedis.exceptions.JedisConnectionException: Could not get a resource from the pool" type="org.springframework.data.redis.RedisConnectionFailureException">org.springframework.data.redis.RedisConnectionFailureException: Cannot get Jedis connection; nested exception is redis.clients.jedis.exceptions.JedisConnectionException: Could not get a resource from the pool
	at org.springframework.data.redis.core.RedisTemplateTests.tearDown(RedisTemplateTests.java:85)
Caused by: redis.clients.jedis.exceptions.JedisConnectionException: Could not get a resource from the pool
	at org.springframework.data.redis.core.RedisTemplateTests.tearDown(RedisTemplateTests.java:85)
Caused by: redis.clients.jedis.exceptions.JedisConnectionException: java.net.ConnectException: Connection refused (Connection refused)
	at org.springframework.data.redis.core.RedisTemplateTests.tearDown(RedisTemplateTests.java:85)
Caused by: java.net.ConnectException: Connection refused (Connection refused)
	at org.springframework.data.redis.core.RedisTemplateTests.tearDown(RedisTemplateTests.java:85)
</error>
  </testcase>
  <testcase name="testDeleteMultiple[2]" classname="org.springframework.data.redis.core.RedisTemplateTests" time="0">
    <error message="Cannot get Jedis connection; nested exception is redis.clients.jedis.exceptions.JedisConnectionException: Could not get a resource from the pool" type="org.springframework.data.redis.RedisConnectionFailureException">org.springframework.data.redis.RedisConnectionFailureException: Cannot get Jedis connection; nested exception is redis.clients.jedis.exceptions.JedisConnectionException: Could not get a resource from the pool
	at org.springframework.data.redis.core.RedisTemplateTests.testDeleteMultiple(RedisTemplateTests.java:406)
Caused by: redis.clients.jedis.exceptions.JedisConnectionException: Could not get a resource from the pool
	at org.springframework.data.redis.core.RedisTemplateTests.testDeleteMultiple(RedisTemplateTests.java:406)
Caused by: redis.clients.jedis.exceptions.JedisConnectionException: java.net.ConnectException: Connection refused (Connection refused)
	at org.springframework.data.redis.core.RedisTemplateTests.testDeleteMultiple(RedisTemplateTests.java:406)
Caused by: java.net.ConnectException: Connection refused (Connection refused)
	at org.springframework.data.redis.core.RedisTemplateTests.testDeleteMultiple(RedisTemplateTests.java:406)
</error>
  </testcase>
  <testcase name="testDeleteMultiple[2]" classname="org.springframework.data.redis.core.RedisTemplateTests" time="0.001">
    <error message="Cannot get Jedis connection; nested exception is redis.clients.jedis.exceptions.JedisConnectionException: Could not get a resource from the pool" type="org.springframework.data.redis.RedisConnectionFailureException">org.springframework.data.redis.RedisConnectionFailureException: Cannot get Jedis connection; nested exception is redis.clients.jedis.exceptions.JedisConnectionException: Could not get a resource from the pool
	at org.springframework.data.redis.core.RedisTemplateTests.tearDown(RedisTemplateTests.java:85)
Caused by: redis.clients.jedis.exceptions.JedisConnectionException: Could not get a resource from the pool
	at org.springframework.data.redis.core.RedisTemplateTests.tearDown(RedisTemplateTests.java:85)
Caused by: redis.clients.jedis.exceptions.JedisConnectionException: java.net.ConnectException: Connection refused (Connection refused)
	at org.springframework.data.redis.core.RedisTemplateTests.tearDown(RedisTemplateTests.java:85)
Caused by: java.net.ConnectException: Connection refused (Connection refused)
	at org.springframework.data.redis.core.RedisTemplateTests.tearDown(RedisTemplateTests.java:85)
</error>
  </testcase>
  <testcase name="testGetExpireMillisForKeyExistButHasNoAssociatedExpire[2]" classname="org.springframework.data.redis.core.RedisTemplateTests" time="0.001">
    <error message="Cannot get Jedis connection; nested exception is redis.clients.jedis.exceptions.JedisConnectionException: Could not get a resource from the pool" type="org.springframework.data.redis.RedisConnectionFailureException">org.springframework.data.redis.RedisConnectionFailureException: Cannot get Jedis connection; nested exception is redis.clients.jedis.exceptions.JedisConnectionException: Could not get a resource from the pool
	at org.springframework.data.redis.core.RedisTemplateTests.testGetExpireMillisForKeyExistButHasNoAssociatedExpire(RedisTemplateTests.java:510)
Caused by: redis.clients.jedis.exceptions.JedisConnectionException: Could not get a resource from the pool
	at org.springframework.data.redis.core.RedisTemplateTests.testGetExpireMillisForKeyExistButHasNoAssociatedExpire(RedisTemplateTests.java:510)
Caused by: redis.clients.jedis.exceptions.JedisConnectionException: java.net.ConnectException: Connection refused (Connection refused)
	at org.springframework.data.redis.core.RedisTemplateTests.testGetExpireMillisForKeyExistButHasNoAssociatedExpire(RedisTemplateTests.java:510)
Caused by: java.net.ConnectException: Connection refused (Connection refused)
	at org.springframework.data.redis.core.RedisTemplateTests.testGetExpireMillisForKeyExistButHasNoAssociatedExpire(RedisTemplateTests.java:510)
</error>
  </testcase>
  <testcase name="testGetExpireMillisForKeyExistButHasNoAssociatedExpire[2]" classname="org.springframework.data.redis.core.RedisTemplateTests" time="0.001">
    <error message="Cannot get Jedis connection; nested exception is redis.clients.jedis.exceptions.JedisConnectionException: Could not get a resource from the pool" type="org.springframework.data.redis.RedisConnectionFailureException">org.springframework.data.redis.RedisConnectionFailureException: Cannot get Jedis connection; nested exception is redis.clients.jedis.exceptions.JedisConnectionException: Could not get a resource from the pool
	at org.springframework.data.redis.core.RedisTemplateTests.tearDown(RedisTemplateTests.java:85)
Caused by: redis.clients.jedis.exceptions.JedisConnectionException: Could not get a resource from the pool
	at org.springframework.data.redis.core.RedisTemplateTests.tearDown(RedisTemplateTests.java:85)
Caused by: redis.clients.jedis.exceptions.JedisConnectionException: java.net.ConnectException: Connection refused (Connection refused)
	at org.springframework.data.redis.core.RedisTemplateTests.tearDown(RedisTemplateTests.java:85)
Caused by: java.net.ConnectException: Connection refused (Connection refused)
	at org.springframework.data.redis.core.RedisTemplateTests.tearDown(RedisTemplateTests.java:85)
</error>
  </testcase>
  <testcase name="testRename[2]" classname="org.springframework.data.redis.core.RedisTemplateTests" time="0.001">
    <error message="Cannot get Jedis connection; nested exception is redis.clients.jedis.exceptions.JedisConnectionException: Could not get a resource from the pool" type="org.springframework.data.redis.RedisConnectionFailureException">org.springframework.data.redis.RedisConnectionFailureException: Cannot get Jedis connection; nested exception is redis.clients.jedis.exceptions.JedisConnectionException: Could not get a resource from the pool
	at org.springframework.data.redis.core.RedisTemplateTests.testRename(RedisTemplateTests.java:657)
Caused by: redis.clients.jedis.exceptions.JedisConnectionException: Could not get a resource from the pool
	at org.springframework.data.redis.core.RedisTemplateTests.testRename(RedisTemplateTests.java:657)
Caused by: redis.clients.jedis.exceptions.JedisConnectionException: java.net.ConnectException: Connection refused (Connection refused)
	at org.springframework.data.redis.core.RedisTemplateTests.testRename(RedisTemplateTests.java:657)
Caused by: java.net.ConnectException: Connection refused (Connection refused)
	at org.springframework.data.redis.core.RedisTemplateTests.testRename(RedisTemplateTests.java:657)
</error>
  </testcase>
  <testcase name="testRename[2]" classname="org.springframework.data.redis.core.RedisTemplateTests" time="0.001">
    <error message="Cannot get Jedis connection; nested exception is redis.clients.jedis.exceptions.JedisConnectionException: Could not get a resource from the pool" type="org.springframework.data.redis.RedisConnectionFailureException">org.springframework.data.redis.RedisConnectionFailureException: Cannot get Jedis connection; nested exception is redis.clients.jedis.exceptions.JedisConnectionException: Could not get a resource from the pool
	at org.springframework.data.redis.core.RedisTemplateTests.tearDown(RedisTemplateTests.java:85)
Caused by: redis.clients.jedis.exceptions.JedisConnectionException: Could not get a resource from the pool
	at org.springframework.data.redis.core.RedisTemplateTests.tearDown(RedisTemplateTests.java:85)
Caused by: redis.clients.jedis.exceptions.JedisConnectionException: java.net.ConnectException: Connection refused (Connection refused)
	at org.springframework.data.redis.core.RedisTemplateTests.tearDown(RedisTemplateTests.java:85)
Caused by: java.net.ConnectException: Connection refused (Connection refused)
	at org.springframework.data.redis.core.RedisTemplateTests.tearDown(RedisTemplateTests.java:85)
</error>
  </testcase>
  <testcase name="testGetExpireSeconds[2]" classname="org.springframework.data.redis.core.RedisTemplateTests" time="0.001">
    <error message="Cannot get Jedis connection; nested exception is redis.clients.jedis.exceptions.JedisConnectionException: Could not get a resource from the pool" type="org.springframework.data.redis.RedisConnectionFailureException">org.springframework.data.redis.RedisConnectionFailureException: Cannot get Jedis connection; nested exception is redis.clients.jedis.exceptions.JedisConnectionException: Could not get a resource from the pool
	at org.springframework.data.redis.core.RedisTemplateTests.testGetExpireSeconds(RedisTemplateTests.java:477)
Caused by: redis.clients.jedis.exceptions.JedisConnectionException: Could not get a resource from the pool
	at org.springframework.data.redis.core.RedisTemplateTests.testGetExpireSeconds(RedisTemplateTests.java:477)
Caused by: redis.clients.jedis.exceptions.JedisConnectionException: java.net.ConnectException: Connection refused (Connection refused)
	at org.springframework.data.redis.core.RedisTemplateTests.testGetExpireSeconds(RedisTemplateTests.java:477)
Caused by: java.net.ConnectException: Connection refused (Connection refused)
	at org.springframework.data.redis.core.RedisTemplateTests.testGetExpireSeconds(RedisTemplateTests.java:477)
</error>
  </testcase>
  <testcase name="testGetExpireSeconds[2]" classname="org.springframework.data.redis.core.RedisTemplateTests" time="0.001">
    <error message="Cannot get Jedis connection; nested exception is redis.clients.jedis.exceptions.JedisConnectionException: Could not get a resource from the pool" type="org.springframework.data.redis.RedisConnectionFailureException">org.springframework.data.redis.RedisConnectionFailureException: Cannot get Jedis connection; nested exception is redis.clients.jedis.exceptions.JedisConnectionException: Could not get a resource from the pool
	at org.springframework.data.redis.core.RedisTemplateTests.tearDown(RedisTemplateTests.java:85)
Caused by: redis.clients.jedis.exceptions.JedisConnectionException: Could not get a resource from the pool
	at org.springframework.data.redis.core.RedisTemplateTests.tearDown(RedisTemplateTests.java:85)
Caused by: redis.clients.jedis.exceptions.JedisConnectionException: java.net.ConnectException: Connection refused (Connection refused)
	at org.springframework.data.redis.core.RedisTemplateTests.tearDown(RedisTemplateTests.java:85)
Caused by: java.net.ConnectException: Connection refused (Connection refused)
	at org.springframework.data.redis.core.RedisTemplateTests.tearDown(RedisTemplateTests.java:85)
</error>
  </testcase>
  <testcase name="testStringTemplateExecutesWithStringConn[2]" classname="org.springframework.data.redis.core.RedisTemplateTests" time="0.001">
    <error message="got: &lt;false&gt;, expected: is &lt;true&gt;" type="org.junit.AssumptionViolatedException"><![CDATA[org.junit.AssumptionViolatedException: got: <false>, expected: is <true>
	at org.springframework.data.redis.core.RedisTemplateTests.testStringTemplateExecutesWithStringConn(RedisTemplateTests.java:149)
]]></error>
  </testcase>
  <testcase name="testStringTemplateExecutesWithStringConn[2]" classname="org.springframework.data.redis.core.RedisTemplateTests" time="0.001">
    <error message="Cannot get Jedis connection; nested exception is redis.clients.jedis.exceptions.JedisConnectionException: Could not get a resource from the pool" type="org.springframework.data.redis.RedisConnectionFailureException">org.springframework.data.redis.RedisConnectionFailureException: Cannot get Jedis connection; nested exception is redis.clients.jedis.exceptions.JedisConnectionException: Could not get a resource from the pool
	at org.springframework.data.redis.core.RedisTemplateTests.tearDown(RedisTemplateTests.java:85)
Caused by: redis.clients.jedis.exceptions.JedisConnectionException: Could not get a resource from the pool
	at org.springframework.data.redis.core.RedisTemplateTests.tearDown(RedisTemplateTests.java:85)
Caused by: redis.clients.jedis.exceptions.JedisConnectionException: java.net.ConnectException: Connection refused (Connection refused)
	at org.springframework.data.redis.core.RedisTemplateTests.tearDown(RedisTemplateTests.java:85)
Caused by: java.net.ConnectException: Connection refused (Connection refused)
	at org.springframework.data.redis.core.RedisTemplateTests.tearDown(RedisTemplateTests.java:85)
</error>
  </testcase>
  <testcase name="testExecutePipelinedWidthDifferentHashKeySerializerAndHashValueSerializer[2]" classname="org.springframework.data.redis.core.RedisTemplateTests" time="0">
    <error message="got: &lt;false&gt;, expected: is &lt;true&gt;" type="org.junit.AssumptionViolatedException"><![CDATA[org.junit.AssumptionViolatedException: got: <false>, expected: is <true>
	at org.springframework.data.redis.core.RedisTemplateTests.testExecutePipelinedWidthDifferentHashKeySerializerAndHashValueSerializer(RedisTemplateTests.java:310)
]]></error>
  </testcase>
  <testcase name="testExecutePipelinedWidthDifferentHashKeySerializerAndHashValueSerializer[2]" classname="org.springframework.data.redis.core.RedisTemplateTests" time="0.001">
    <error message="Cannot get Jedis connection; nested exception is redis.clients.jedis.exceptions.JedisConnectionException: Could not get a resource from the pool" type="org.springframework.data.redis.RedisConnectionFailureException">org.springframework.data.redis.RedisConnectionFailureException: Cannot get Jedis connection; nested exception is redis.clients.jedis.exceptions.JedisConnectionException: Could not get a resource from the pool
	at org.springframework.data.redis.core.RedisTemplateTests.tearDown(RedisTemplateTests.java:85)
Caused by: redis.clients.jedis.exceptions.JedisConnectionException: Could not get a resource from the pool
	at org.springframework.data.redis.core.RedisTemplateTests.tearDown(RedisTemplateTests.java:85)
Caused by: redis.clients.jedis.exceptions.JedisConnectionException: java.net.ConnectException: Connection refused (Connection refused)
	at org.springframework.data.redis.core.RedisTemplateTests.tearDown(RedisTemplateTests.java:85)
Caused by: java.net.ConnectException: Connection refused (Connection refused)
	at org.springframework.data.redis.core.RedisTemplateTests.tearDown(RedisTemplateTests.java:85)
</error>
  </testcase>
  <testcase name="testGetExpireNoTimeUnit[2]" classname="org.springframework.data.redis.core.RedisTemplateTests" time="0.001">
    <error message="Cannot get Jedis connection; nested exception is redis.clients.jedis.exceptions.JedisConnectionException: Could not get a resource from the pool" type="org.springframework.data.redis.RedisConnectionFailureException">org.springframework.data.redis.RedisConnectionFailureException: Cannot get Jedis connection; nested exception is redis.clients.jedis.exceptions.JedisConnectionException: Could not get a resource from the pool
	at org.springframework.data.redis.core.RedisTemplateTests.testGetExpireNoTimeUnit(RedisTemplateTests.java:466)
Caused by: redis.clients.jedis.exceptions.JedisConnectionException: Could not get a resource from the pool
	at org.springframework.data.redis.core.RedisTemplateTests.testGetExpireNoTimeUnit(RedisTemplateTests.java:466)
Caused by: redis.clients.jedis.exceptions.JedisConnectionException: java.net.ConnectException: Connection refused (Connection refused)
	at org.springframework.data.redis.core.RedisTemplateTests.testGetExpireNoTimeUnit(RedisTemplateTests.java:466)
Caused by: java.net.ConnectException: Connection refused (Connection refused)
	at org.springframework.data.redis.core.RedisTemplateTests.testGetExpireNoTimeUnit(RedisTemplateTests.java:466)
</error>
  </testcase>
  <testcase name="testGetExpireNoTimeUnit[2]" classname="org.springframework.data.redis.core.RedisTemplateTests" time="0.001">
    <error message="Cannot get Jedis connection; nested exception is redis.clients.jedis.exceptions.JedisConnectionException: Could not get a resource from the pool" type="org.springframework.data.redis.RedisConnectionFailureException">org.springframework.data.redis.RedisConnectionFailureException: Cannot get Jedis connection; nested exception is redis.clients.jedis.exceptions.JedisConnectionException: Could not get a resource from the pool
	at org.springframework.data.redis.core.RedisTemplateTests.tearDown(RedisTemplateTests.java:85)
Caused by: redis.clients.jedis.exceptions.JedisConnectionException: Could not get a resource from the pool
	at org.springframework.data.redis.core.RedisTemplateTests.tearDown(RedisTemplateTests.java:85)
Caused by: redis.clients.jedis.exceptions.JedisConnectionException: java.net.ConnectException: Connection refused (Connection refused)
	at org.springframework.data.redis.core.RedisTemplateTests.tearDown(RedisTemplateTests.java:85)
Caused by: java.net.ConnectException: Connection refused (Connection refused)
	at org.springframework.data.redis.core.RedisTemplateTests.tearDown(RedisTemplateTests.java:85)
</error>
  </testcase>
  <testcase name="countExistingKeysReturnsNumberOfKeysCorrectly[2]" classname="org.springframework.data.redis.core.RedisTemplateTests" time="0.001">
    <error message="Cannot get Jedis connection; nested exception is redis.clients.jedis.exceptions.JedisConnectionException: Could not get a resource from the pool" type="org.springframework.data.redis.RedisConnectionFailureException">org.springframework.data.redis.RedisConnectionFailureException: Cannot get Jedis connection; nested exception is redis.clients.jedis.exceptions.JedisConnectionException: Could not get a resource from the pool
	at org.springframework.data.redis.core.RedisTemplateTests.countExistingKeysReturnsNumberOfKeysCorrectly(RedisTemplateTests.java:820)
Caused by: redis.clients.jedis.exceptions.JedisConnectionException: Could not get a resource from the pool
	at org.springframework.data.redis.core.RedisTemplateTests.countExistingKeysReturnsNumberOfKeysCorrectly(RedisTemplateTests.java:820)
Caused by: redis.clients.jedis.exceptions.JedisConnectionException: java.net.ConnectException: Connection refused (Connection refused)
	at org.springframework.data.redis.core.RedisTemplateTests.countExistingKeysReturnsNumberOfKeysCorrectly(RedisTemplateTests.java:820)
Caused by: java.net.ConnectException: Connection refused (Connection refused)
	at org.springframework.data.redis.core.RedisTemplateTests.countExistingKeysReturnsNumberOfKeysCorrectly(RedisTemplateTests.java:820)
</error>
  </testcase>
  <testcase name="countExistingKeysReturnsNumberOfKeysCorrectly[2]" classname="org.springframework.data.redis.core.RedisTemplateTests" time="0.001">
    <error message="Cannot get Jedis connection; nested exception is redis.clients.jedis.exceptions.JedisConnectionException: Could not get a resource from the pool" type="org.springframework.data.redis.RedisConnectionFailureException">org.springframework.data.redis.RedisConnectionFailureException: Cannot get Jedis connection; nested exception is redis.clients.jedis.exceptions.JedisConnectionException: Could not get a resource from the pool
	at org.springframework.data.redis.core.RedisTemplateTests.tearDown(RedisTemplateTests.java:85)
Caused by: redis.clients.jedis.exceptions.JedisConnectionException: Could not get a resource from the pool
	at org.springframework.data.redis.core.RedisTemplateTests.tearDown(RedisTemplateTests.java:85)
Caused by: redis.clients.jedis.exceptions.JedisConnectionException: java.net.ConnectException: Connection refused (Connection refused)
	at org.springframework.data.redis.core.RedisTemplateTests.tearDown(RedisTemplateTests.java:85)
Caused by: java.net.ConnectException: Connection refused (Connection refused)
	at org.springframework.data.redis.core.RedisTemplateTests.tearDown(RedisTemplateTests.java:85)
</error>
  </testcase>
  <testcase name="testExpireAndGetExpireMillis[2]" classname="org.springframework.data.redis.core.RedisTemplateTests" time="0.001">
    <error message="Cannot get Jedis connection; nested exception is redis.clients.jedis.exceptions.JedisConnectionException: Could not get a resource from the pool" type="org.springframework.data.redis.RedisConnectionFailureException">org.springframework.data.redis.RedisConnectionFailureException: Cannot get Jedis connection; nested exception is redis.clients.jedis.exceptions.JedisConnectionException: Could not get a resource from the pool
	at org.springframework.data.redis.core.RedisTemplateTests.testExpireAndGetExpireMillis(RedisTemplateTests.java:454)
Caused by: redis.clients.jedis.exceptions.JedisConnectionException: Could not get a resource from the pool
	at org.springframework.data.redis.core.RedisTemplateTests.testExpireAndGetExpireMillis(RedisTemplateTests.java:454)
Caused by: redis.clients.jedis.exceptions.JedisConnectionException: java.net.ConnectException: Connection refused (Connection refused)
	at org.springframework.data.redis.core.RedisTemplateTests.testExpireAndGetExpireMillis(RedisTemplateTests.java:454)
Caused by: java.net.ConnectException: Connection refused (Connection refused)
	at org.springframework.data.redis.core.RedisTemplateTests.testExpireAndGetExpireMillis(RedisTemplateTests.java:454)
</error>
  </testcase>
  <testcase name="testExpireAndGetExpireMillis[2]" classname="org.springframework.data.redis.core.RedisTemplateTests" time="0.001">
    <error message="Cannot get Jedis connection; nested exception is redis.clients.jedis.exceptions.JedisConnectionException: Could not get a resource from the pool" type="org.springframework.data.redis.RedisConnectionFailureException">org.springframework.data.redis.RedisConnectionFailureException: Cannot get Jedis connection; nested exception is redis.clients.jedis.exceptions.JedisConnectionException: Could not get a resource from the pool
	at org.springframework.data.redis.core.RedisTemplateTests.tearDown(RedisTemplateTests.java:85)
Caused by: redis.clients.jedis.exceptions.JedisConnectionException: Could not get a resource from the pool
	at org.springframework.data.redis.core.RedisTemplateTests.tearDown(RedisTemplateTests.java:85)
Caused by: redis.clients.jedis.exceptions.JedisConnectionException: java.net.ConnectException: Connection refused (Connection refused)
	at org.springframework.data.redis.core.RedisTemplateTests.tearDown(RedisTemplateTests.java:85)
Caused by: java.net.ConnectException: Connection refused (Connection refused)
	at org.springframework.data.redis.core.RedisTemplateTests.tearDown(RedisTemplateTests.java:85)
</error>
  </testcase>
  <testcase name="testWatchMultipleKeys[2]" classname="org.springframework.data.redis.core.RedisTemplateTests" time="0.001">
    <error message="Cannot get Jedis connection; nested exception is redis.clients.jedis.exceptions.JedisConnectionException: Could not get a resource from the pool" type="org.springframework.data.redis.RedisConnectionFailureException">org.springframework.data.redis.RedisConnectionFailureException: Cannot get Jedis connection; nested exception is redis.clients.jedis.exceptions.JedisConnectionException: Could not get a resource from the pool
	at org.springframework.data.redis.core.RedisTemplateTests.testWatchMultipleKeys(RedisTemplateTests.java:756)
Caused by: redis.clients.jedis.exceptions.JedisConnectionException: Could not get a resource from the pool
	at org.springframework.data.redis.core.RedisTemplateTests.testWatchMultipleKeys(RedisTemplateTests.java:756)
Caused by: redis.clients.jedis.exceptions.JedisConnectionException: java.net.ConnectException: Connection refused (Connection refused)
	at org.springframework.data.redis.core.RedisTemplateTests.testWatchMultipleKeys(RedisTemplateTests.java:756)
Caused by: java.net.ConnectException: Connection refused (Connection refused)
	at org.springframework.data.redis.core.RedisTemplateTests.testWatchMultipleKeys(RedisTemplateTests.java:756)
</error>
  </testcase>
  <testcase name="testWatchMultipleKeys[2]" classname="org.springframework.data.redis.core.RedisTemplateTests" time="0.001">
    <error message="Cannot get Jedis connection; nested exception is redis.clients.jedis.exceptions.JedisConnectionException: Could not get a resource from the pool" type="org.springframework.data.redis.RedisConnectionFailureException">org.springframework.data.redis.RedisConnectionFailureException: Cannot get Jedis connection; nested exception is redis.clients.jedis.exceptions.JedisConnectionException: Could not get a resource from the pool
	at org.springframework.data.redis.core.RedisTemplateTests.tearDown(RedisTemplateTests.java:85)
Caused by: redis.clients.jedis.exceptions.JedisConnectionException: Could not get a resource from the pool
	at org.springframework.data.redis.core.RedisTemplateTests.tearDown(RedisTemplateTests.java:85)
Caused by: redis.clients.jedis.exceptions.JedisConnectionException: java.net.ConnectException: Connection refused (Connection refused)
	at org.springframework.data.redis.core.RedisTemplateTests.tearDown(RedisTemplateTests.java:85)
Caused by: java.net.ConnectException: Connection refused (Connection refused)
	at org.springframework.data.redis.core.RedisTemplateTests.tearDown(RedisTemplateTests.java:85)
</error>
  </testcase>
  <testcase name="testRestoreTtl[3]" classname="org.springframework.data.redis.core.RedisTemplateTests" time="0.001">
    <error message="Could not initialize class org.springframework.data.redis.RedisTestProfileValueSource" type="java.lang.NoClassDefFoundError">java.lang.NoClassDefFoundError: Could not initialize class org.springframework.data.redis.RedisTestProfileValueSource
	at org.springframework.data.redis.core.RedisTemplateTests.testRestoreTtl(RedisTemplateTests.java:116)
</error>
  </testcase>
  <testcase name="testRestoreTtl[3]" classname="org.springframework.data.redis.core.RedisTemplateTests" time="0.001">
    <error message="Cannot get Jedis connection; nested exception is redis.clients.jedis.exceptions.JedisConnectionException: Could not get a resource from the pool" type="org.springframework.data.redis.RedisConnectionFailureException">org.springframework.data.redis.RedisConnectionFailureException: Cannot get Jedis connection; nested exception is redis.clients.jedis.exceptions.JedisConnectionException: Could not get a resource from the pool
	at org.springframework.data.redis.core.RedisTemplateTests.tearDown(RedisTemplateTests.java:85)
Caused by: redis.clients.jedis.exceptions.JedisConnectionException: Could not get a resource from the pool
	at org.springframework.data.redis.core.RedisTemplateTests.tearDown(RedisTemplateTests.java:85)
Caused by: redis.clients.jedis.exceptions.JedisConnectionException: java.net.ConnectException: Connection refused (Connection refused)
	at org.springframework.data.redis.core.RedisTemplateTests.tearDown(RedisTemplateTests.java:85)
Caused by: java.net.ConnectException: Connection refused (Connection refused)
	at org.springframework.data.redis.core.RedisTemplateTests.tearDown(RedisTemplateTests.java:85)
</error>
  </testcase>
  <testcase name="testGetExpireMillis[3]" classname="org.springframework.data.redis.core.RedisTemplateTests" time="0.001">
    <error message="Cannot get Jedis connection; nested exception is redis.clients.jedis.exceptions.JedisConnectionException: Could not get a resource from the pool" type="org.springframework.data.redis.RedisConnectionFailureException">org.springframework.data.redis.RedisConnectionFailureException: Cannot get Jedis connection; nested exception is redis.clients.jedis.exceptions.JedisConnectionException: Could not get a resource from the pool
	at org.springframework.data.redis.core.RedisTemplateTests.testGetExpireMillis(RedisTemplateTests.java:524)
Caused by: redis.clients.jedis.exceptions.JedisConnectionException: Could not get a resource from the pool
	at org.springframework.data.redis.core.RedisTemplateTests.testGetExpireMillis(RedisTemplateTests.java:524)
Caused by: redis.clients.jedis.exceptions.JedisConnectionException: java.net.ConnectException: Connection refused (Connection refused)
	at org.springframework.data.redis.core.RedisTemplateTests.testGetExpireMillis(RedisTemplateTests.java:524)
Caused by: java.net.ConnectException: Connection refused (Connection refused)
	at org.springframework.data.redis.core.RedisTemplateTests.testGetExpireMillis(RedisTemplateTests.java:524)
</error>
  </testcase>
  <testcase name="testGetExpireMillis[3]" classname="org.springframework.data.redis.core.RedisTemplateTests" time="0.001">
    <error message="Cannot get Jedis connection; nested exception is redis.clients.jedis.exceptions.JedisConnectionException: Could not get a resource from the pool" type="org.springframework.data.redis.RedisConnectionFailureException">org.springframework.data.redis.RedisConnectionFailureException: Cannot get Jedis connection; nested exception is redis.clients.jedis.exceptions.JedisConnectionException: Could not get a resource from the pool
	at org.springframework.data.redis.core.RedisTemplateTests.tearDown(RedisTemplateTests.java:85)
Caused by: redis.clients.jedis.exceptions.JedisConnectionException: Could not get a resource from the pool
	at org.springframework.data.redis.core.RedisTemplateTests.tearDown(RedisTemplateTests.java:85)
Caused by: redis.clients.jedis.exceptions.JedisConnectionException: java.net.ConnectException: Connection refused (Connection refused)
	at org.springframework.data.redis.core.RedisTemplateTests.tearDown(RedisTemplateTests.java:85)
Caused by: java.net.ConnectException: Connection refused (Connection refused)
	at org.springframework.data.redis.core.RedisTemplateTests.tearDown(RedisTemplateTests.java:85)
</error>
  </testcase>
  <testcase name="testExecutePipelinedTxCustomSerializer[3]" classname="org.springframework.data.redis.core.RedisTemplateTests" time="0.001">
    <error message="got: &lt;false&gt;, expected: is &lt;true&gt;" type="org.junit.AssumptionViolatedException"><![CDATA[org.junit.AssumptionViolatedException: got: <false>, expected: is <true>
	at org.springframework.data.redis.core.RedisTemplateTests.testExecutePipelinedTxCustomSerializer(RedisTemplateTests.java:358)
]]></error>
  </testcase>
  <testcase name="testExecutePipelinedTxCustomSerializer[3]" classname="org.springframework.data.redis.core.RedisTemplateTests" time="0.001">
    <error message="Cannot get Jedis connection; nested exception is redis.clients.jedis.exceptions.JedisConnectionException: Could not get a resource from the pool" type="org.springframework.data.redis.RedisConnectionFailureException">org.springframework.data.redis.RedisConnectionFailureException: Cannot get Jedis connection; nested exception is redis.clients.jedis.exceptions.JedisConnectionException: Could not get a resource from the pool
	at org.springframework.data.redis.core.RedisTemplateTests.tearDown(RedisTemplateTests.java:85)
Caused by: redis.clients.jedis.exceptions.JedisConnectionException: Could not get a resource from the pool
	at org.springframework.data.redis.core.RedisTemplateTests.tearDown(RedisTemplateTests.java:85)
Caused by: redis.clients.jedis.exceptions.JedisConnectionException: java.net.ConnectException: Connection refused (Connection refused)
	at org.springframework.data.redis.core.RedisTemplateTests.tearDown(RedisTemplateTests.java:85)
Caused by: java.net.ConnectException: Connection refused (Connection refused)
	at org.springframework.data.redis.core.RedisTemplateTests.tearDown(RedisTemplateTests.java:85)
</error>
  </testcase>
  <testcase name="testExecutePipelinedNonNullRedisCallback[3]" classname="org.springframework.data.redis.core.RedisTemplateTests" time="0.001">
    <error message="Unexpected exception, expected&lt;org.springframework.dao.InvalidDataAccessApiUsageException&gt; but was&lt;org.springframework.data.redis.RedisConnectionFailureException&gt;" type="java.lang.Exception"><![CDATA[java.lang.Exception: Unexpected exception, expected<org.springframework.dao.InvalidDataAccessApiUsageException> but was<org.springframework.data.redis.RedisConnectionFailureException>
	at org.springframework.data.redis.core.RedisTemplateTests.testExecutePipelinedNonNullRedisCallback(RedisTemplateTests.java:330)
Caused by: redis.clients.jedis.exceptions.JedisConnectionException: Could not get a resource from the pool
	at org.springframework.data.redis.core.RedisTemplateTests.testExecutePipelinedNonNullRedisCallback(RedisTemplateTests.java:330)
Caused by: redis.clients.jedis.exceptions.JedisConnectionException: java.net.ConnectException: Connection refused (Connection refused)
	at org.springframework.data.redis.core.RedisTemplateTests.testExecutePipelinedNonNullRedisCallback(RedisTemplateTests.java:330)
Caused by: java.net.ConnectException: Connection refused (Connection refused)
	at org.springframework.data.redis.core.RedisTemplateTests.testExecutePipelinedNonNullRedisCallback(RedisTemplateTests.java:330)
]]></error>
  </testcase>
  <testcase name="testExecutePipelinedNonNullRedisCallback[3]" classname="org.springframework.data.redis.core.RedisTemplateTests" time="0.001">
    <error message="Cannot get Jedis connection; nested exception is redis.clients.jedis.exceptions.JedisConnectionException: Could not get a resource from the pool" type="org.springframework.data.redis.RedisConnectionFailureException">org.springframework.data.redis.RedisConnectionFailureException: Cannot get Jedis connection; nested exception is redis.clients.jedis.exceptions.JedisConnectionException: Could not get a resource from the pool
	at org.springframework.data.redis.core.RedisTemplateTests.tearDown(RedisTemplateTests.java:85)
Caused by: redis.clients.jedis.exceptions.JedisConnectionException: Could not get a resource from the pool
	at org.springframework.data.redis.core.RedisTemplateTests.tearDown(RedisTemplateTests.java:85)
Caused by: redis.clients.jedis.exceptions.JedisConnectionException: java.net.ConnectException: Connection refused (Connection refused)
	at org.springframework.data.redis.core.RedisTemplateTests.tearDown(RedisTemplateTests.java:85)
Caused by: java.net.ConnectException: Connection refused (Connection refused)
	at org.springframework.data.redis.core.RedisTemplateTests.tearDown(RedisTemplateTests.java:85)
</error>
  </testcase>
  <testcase name="testExecutePipelinedTx[3]" classname="org.springframework.data.redis.core.RedisTemplateTests" time="0.001">
    <error message="Cannot get Jedis connection; nested exception is redis.clients.jedis.exceptions.JedisConnectionException: Could not get a resource from the pool" type="org.springframework.data.redis.RedisConnectionFailureException">org.springframework.data.redis.RedisConnectionFailureException: Cannot get Jedis connection; nested exception is redis.clients.jedis.exceptions.JedisConnectionException: Could not get a resource from the pool
	at org.springframework.data.redis.core.RedisTemplateTests.testExecutePipelinedTx(RedisTemplateTests.java:338)
Caused by: redis.clients.jedis.exceptions.JedisConnectionException: Could not get a resource from the pool
	at org.springframework.data.redis.core.RedisTemplateTests.testExecutePipelinedTx(RedisTemplateTests.java:338)
Caused by: redis.clients.jedis.exceptions.JedisConnectionException: java.net.ConnectException: Connection refused (Connection refused)
	at org.springframework.data.redis.core.RedisTemplateTests.testExecutePipelinedTx(RedisTemplateTests.java:338)
Caused by: java.net.ConnectException: Connection refused (Connection refused)
	at org.springframework.data.redis.core.RedisTemplateTests.testExecutePipelinedTx(RedisTemplateTests.java:338)
</error>
  </testcase>
  <testcase name="testExecutePipelinedTx[3]" classname="org.springframework.data.redis.core.RedisTemplateTests" time="0.001">
    <error message="Cannot get Jedis connection; nested exception is redis.clients.jedis.exceptions.JedisConnectionException: Could not get a resource from the pool" type="org.springframework.data.redis.RedisConnectionFailureException">org.springframework.data.redis.RedisConnectionFailureException: Cannot get Jedis connection; nested exception is redis.clients.jedis.exceptions.JedisConnectionException: Could not get a resource from the pool
	at org.springframework.data.redis.core.RedisTemplateTests.tearDown(RedisTemplateTests.java:85)
Caused by: redis.clients.jedis.exceptions.JedisConnectionException: Could not get a resource from the pool
	at org.springframework.data.redis.core.RedisTemplateTests.tearDown(RedisTemplateTests.java:85)
Caused by: redis.clients.jedis.exceptions.JedisConnectionException: java.net.ConnectException: Connection refused (Connection refused)
	at org.springframework.data.redis.core.RedisTemplateTests.tearDown(RedisTemplateTests.java:85)
Caused by: java.net.ConnectException: Connection refused (Connection refused)
	at org.springframework.data.redis.core.RedisTemplateTests.tearDown(RedisTemplateTests.java:85)
</error>
  </testcase>
  <testcase name="testGetExpireMillisUsingPipelining[3]" classname="org.springframework.data.redis.core.RedisTemplateTests" time="0.001">
    <error message="Cannot get Jedis connection; nested exception is redis.clients.jedis.exceptions.JedisConnectionException: Could not get a resource from the pool" type="org.springframework.data.redis.RedisConnectionFailureException">org.springframework.data.redis.RedisConnectionFailureException: Cannot get Jedis connection; nested exception is redis.clients.jedis.exceptions.JedisConnectionException: Could not get a resource from the pool
	at org.springframework.data.redis.core.RedisTemplateTests.testGetExpireMillisUsingPipelining(RedisTemplateTests.java:568)
Caused by: redis.clients.jedis.exceptions.JedisConnectionException: Could not get a resource from the pool
	at org.springframework.data.redis.core.RedisTemplateTests.testGetExpireMillisUsingPipelining(RedisTemplateTests.java:568)
Caused by: redis.clients.jedis.exceptions.JedisConnectionException: java.net.ConnectException: Connection refused (Connection refused)
	at org.springframework.data.redis.core.RedisTemplateTests.testGetExpireMillisUsingPipelining(RedisTemplateTests.java:568)
Caused by: java.net.ConnectException: Connection refused (Connection refused)
	at org.springframework.data.redis.core.RedisTemplateTests.testGetExpireMillisUsingPipelining(RedisTemplateTests.java:568)
</error>
  </testcase>
  <testcase name="testGetExpireMillisUsingPipelining[3]" classname="org.springframework.data.redis.core.RedisTemplateTests" time="0.001">
    <error message="Cannot get Jedis connection; nested exception is redis.clients.jedis.exceptions.JedisConnectionException: Could not get a resource from the pool" type="org.springframework.data.redis.RedisConnectionFailureException">org.springframework.data.redis.RedisConnectionFailureException: Cannot get Jedis connection; nested exception is redis.clients.jedis.exceptions.JedisConnectionException: Could not get a resource from the pool
	at org.springframework.data.redis.core.RedisTemplateTests.tearDown(RedisTemplateTests.java:85)
Caused by: redis.clients.jedis.exceptions.JedisConnectionException: Could not get a resource from the pool
	at org.springframework.data.redis.core.RedisTemplateTests.tearDown(RedisTemplateTests.java:85)
Caused by: redis.clients.jedis.exceptions.JedisConnectionException: java.net.ConnectException: Connection refused (Connection refused)
	at org.springframework.data.redis.core.RedisTemplateTests.tearDown(RedisTemplateTests.java:85)
Caused by: java.net.ConnectException: Connection refused (Connection refused)
	at org.springframework.data.redis.core.RedisTemplateTests.tearDown(RedisTemplateTests.java:85)
</error>
  </testcase>
  <testcase name="testSortBulkMapper[3]" classname="org.springframework.data.redis.core.RedisTemplateTests" time="0.001">
    <error message="got: &lt;false&gt;, expected: is &lt;true&gt;" type="org.junit.AssumptionViolatedException"><![CDATA[org.junit.AssumptionViolatedException: got: <false>, expected: is <true>
	at org.springframework.data.redis.core.RedisTemplateTests.testSortBulkMapper(RedisTemplateTests.java:443)
]]></error>
  </testcase>
  <testcase name="testSortBulkMapper[3]" classname="org.springframework.data.redis.core.RedisTemplateTests" time="0.001">
    <error message="Cannot get Jedis connection; nested exception is redis.clients.jedis.exceptions.JedisConnectionException: Could not get a resource from the pool" type="org.springframework.data.redis.RedisConnectionFailureException">org.springframework.data.redis.RedisConnectionFailureException: Cannot get Jedis connection; nested exception is redis.clients.jedis.exceptions.JedisConnectionException: Could not get a resource from the pool
	at org.springframework.data.redis.core.RedisTemplateTests.tearDown(RedisTemplateTests.java:85)
Caused by: redis.clients.jedis.exceptions.JedisConnectionException: Could not get a resource from the pool
	at org.springframework.data.redis.core.RedisTemplateTests.tearDown(RedisTemplateTests.java:85)
Caused by: redis.clients.jedis.exceptions.JedisConnectionException: java.net.ConnectException: Connection refused (Connection refused)
	at org.springframework.data.redis.core.RedisTemplateTests.tearDown(RedisTemplateTests.java:85)
Caused by: java.net.ConnectException: Connection refused (Connection refused)
	at org.springframework.data.redis.core.RedisTemplateTests.tearDown(RedisTemplateTests.java:85)
</error>
  </testcase>
  <testcase name="testExpireAt[3]" classname="org.springframework.data.redis.core.RedisTemplateTests" time="0.001">
    <error message="Cannot get Jedis connection; nested exception is redis.clients.jedis.exceptions.JedisConnectionException: Could not get a resource from the pool" type="org.springframework.data.redis.RedisConnectionFailureException">org.springframework.data.redis.RedisConnectionFailureException: Cannot get Jedis connection; nested exception is redis.clients.jedis.exceptions.JedisConnectionException: Could not get a resource from the pool
	at org.springframework.data.redis.core.RedisTemplateTests.testExpireAt(RedisTemplateTests.java:608)
Caused by: redis.clients.jedis.exceptions.JedisConnectionException: Could not get a resource from the pool
	at org.springframework.data.redis.core.RedisTemplateTests.testExpireAt(RedisTemplateTests.java:608)
Caused by: redis.clients.jedis.exceptions.JedisConnectionException: java.net.ConnectException: Connection refused (Connection refused)
	at org.springframework.data.redis.core.RedisTemplateTests.testExpireAt(RedisTemplateTests.java:608)
Caused by: java.net.ConnectException: Connection refused (Connection refused)
	at org.springframework.data.redis.core.RedisTemplateTests.testExpireAt(RedisTemplateTests.java:608)
</error>
  </testcase>
  <testcase name="testExpireAt[3]" classname="org.springframework.data.redis.core.RedisTemplateTests" time="0.001">
    <error message="Cannot get Jedis connection; nested exception is redis.clients.jedis.exceptions.JedisConnectionException: Could not get a resource from the pool" type="org.springframework.data.redis.RedisConnectionFailureException">org.springframework.data.redis.RedisConnectionFailureException: Cannot get Jedis connection; nested exception is redis.clients.jedis.exceptions.JedisConnectionException: Could not get a resource from the pool
	at org.springframework.data.redis.core.RedisTemplateTests.tearDown(RedisTemplateTests.java:85)
Caused by: redis.clients.jedis.exceptions.JedisConnectionException: Could not get a resource from the pool
	at org.springframework.data.redis.core.RedisTemplateTests.tearDown(RedisTemplateTests.java:85)
Caused by: redis.clients.jedis.exceptions.JedisConnectionException: java.net.ConnectException: Connection refused (Connection refused)
	at org.springframework.data.redis.core.RedisTemplateTests.tearDown(RedisTemplateTests.java:85)
Caused by: java.net.ConnectException: Connection refused (Connection refused)
	at org.springframework.data.redis.core.RedisTemplateTests.tearDown(RedisTemplateTests.java:85)
</error>
  </testcase>
  <testcase name="testWatch[3]" classname="org.springframework.data.redis.core.RedisTemplateTests" time="0.001">
    <error message="Cannot get Jedis connection; nested exception is redis.clients.jedis.exceptions.JedisConnectionException: Could not get a resource from the pool" type="org.springframework.data.redis.RedisConnectionFailureException">org.springframework.data.redis.RedisConnectionFailureException: Cannot get Jedis connection; nested exception is redis.clients.jedis.exceptions.JedisConnectionException: Could not get a resource from the pool
	at org.springframework.data.redis.core.RedisTemplateTests.testWatch(RedisTemplateTests.java:686)
Caused by: redis.clients.jedis.exceptions.JedisConnectionException: Could not get a resource from the pool
	at org.springframework.data.redis.core.RedisTemplateTests.testWatch(RedisTemplateTests.java:686)
Caused by: redis.clients.jedis.exceptions.JedisConnectionException: java.net.ConnectException: Connection refused (Connection refused)
	at org.springframework.data.redis.core.RedisTemplateTests.testWatch(RedisTemplateTests.java:686)
Caused by: java.net.ConnectException: Connection refused (Connection refused)
	at org.springframework.data.redis.core.RedisTemplateTests.testWatch(RedisTemplateTests.java:686)
</error>
  </testcase>
  <testcase name="testWatch[3]" classname="org.springframework.data.redis.core.RedisTemplateTests" time="0.002">
    <error message="Cannot get Jedis connection; nested exception is redis.clients.jedis.exceptions.JedisConnectionException: Could not get a resource from the pool" type="org.springframework.data.redis.RedisConnectionFailureException">org.springframework.data.redis.RedisConnectionFailureException: Cannot get Jedis connection; nested exception is redis.clients.jedis.exceptions.JedisConnectionException: Could not get a resource from the pool
	at org.springframework.data.redis.core.RedisTemplateTests.tearDown(RedisTemplateTests.java:85)
Caused by: redis.clients.jedis.exceptions.JedisConnectionException: Could not get a resource from the pool
	at org.springframework.data.redis.core.RedisTemplateTests.tearDown(RedisTemplateTests.java:85)
Caused by: redis.clients.jedis.exceptions.JedisConnectionException: java.net.ConnectException: Connection refused (Connection refused)
	at org.springframework.data.redis.core.RedisTemplateTests.tearDown(RedisTemplateTests.java:85)
Caused by: java.net.ConnectException: Connection refused (Connection refused)
	at org.springframework.data.redis.core.RedisTemplateTests.tearDown(RedisTemplateTests.java:85)
</error>
  </testcase>
  <testcase name="testExec[3]" classname="org.springframework.data.redis.core.RedisTemplateTests" time="0.001">
    <error message="Cannot get Jedis connection; nested exception is redis.clients.jedis.exceptions.JedisConnectionException: Could not get a resource from the pool" type="org.springframework.data.redis.RedisConnectionFailureException">org.springframework.data.redis.RedisConnectionFailureException: Cannot get Jedis connection; nested exception is redis.clients.jedis.exceptions.JedisConnectionException: Could not get a resource from the pool
	at org.springframework.data.redis.core.RedisTemplateTests.testExec(RedisTemplateTests.java:168)
Caused by: redis.clients.jedis.exceptions.JedisConnectionException: Could not get a resource from the pool
	at org.springframework.data.redis.core.RedisTemplateTests.testExec(RedisTemplateTests.java:168)
Caused by: redis.clients.jedis.exceptions.JedisConnectionException: java.net.ConnectException: Connection refused (Connection refused)
	at org.springframework.data.redis.core.RedisTemplateTests.testExec(RedisTemplateTests.java:168)
Caused by: java.net.ConnectException: Connection refused (Connection refused)
	at org.springframework.data.redis.core.RedisTemplateTests.testExec(RedisTemplateTests.java:168)
</error>
  </testcase>
  <testcase name="testExec[3]" classname="org.springframework.data.redis.core.RedisTemplateTests" time="0.001">
    <error message="Cannot get Jedis connection; nested exception is redis.clients.jedis.exceptions.JedisConnectionException: Could not get a resource from the pool" type="org.springframework.data.redis.RedisConnectionFailureException">org.springframework.data.redis.RedisConnectionFailureException: Cannot get Jedis connection; nested exception is redis.clients.jedis.exceptions.JedisConnectionException: Could not get a resource from the pool
	at org.springframework.data.redis.core.RedisTemplateTests.tearDown(RedisTemplateTests.java:85)
Caused by: redis.clients.jedis.exceptions.JedisConnectionException: Could not get a resource from the pool
	at org.springframework.data.redis.core.RedisTemplateTests.tearDown(RedisTemplateTests.java:85)
Caused by: redis.clients.jedis.exceptions.JedisConnectionException: java.net.ConnectException: Connection refused (Connection refused)
	at org.springframework.data.redis.core.RedisTemplateTests.tearDown(RedisTemplateTests.java:85)
Caused by: java.net.ConnectException: Connection refused (Connection refused)
	at org.springframework.data.redis.core.RedisTemplateTests.tearDown(RedisTemplateTests.java:85)
</error>
  </testcase>
  <testcase name="testKeys[3]" classname="org.springframework.data.redis.core.RedisTemplateTests" time="0.001">
    <error message="Cannot get Jedis connection; nested exception is redis.clients.jedis.exceptions.JedisConnectionException: Could not get a resource from the pool" type="org.springframework.data.redis.RedisConnectionFailureException">org.springframework.data.redis.RedisConnectionFailureException: Cannot get Jedis connection; nested exception is redis.clients.jedis.exceptions.JedisConnectionException: Could not get a resource from the pool
	at org.springframework.data.redis.core.RedisTemplateTests.testKeys(RedisTemplateTests.java:134)
Caused by: redis.clients.jedis.exceptions.JedisConnectionException: Could not get a resource from the pool
	at org.springframework.data.redis.core.RedisTemplateTests.testKeys(RedisTemplateTests.java:134)
Caused by: redis.clients.jedis.exceptions.JedisConnectionException: java.net.ConnectException: Connection refused (Connection refused)
	at org.springframework.data.redis.core.RedisTemplateTests.testKeys(RedisTemplateTests.java:134)
Caused by: java.net.ConnectException: Connection refused (Connection refused)
	at org.springframework.data.redis.core.RedisTemplateTests.testKeys(RedisTemplateTests.java:134)
</error>
  </testcase>
  <testcase name="testKeys[3]" classname="org.springframework.data.redis.core.RedisTemplateTests" time="0.001">
    <error message="Cannot get Jedis connection; nested exception is redis.clients.jedis.exceptions.JedisConnectionException: Could not get a resource from the pool" type="org.springframework.data.redis.RedisConnectionFailureException">org.springframework.data.redis.RedisConnectionFailureException: Cannot get Jedis connection; nested exception is redis.clients.jedis.exceptions.JedisConnectionException: Could not get a resource from the pool
	at org.springframework.data.redis.core.RedisTemplateTests.tearDown(RedisTemplateTests.java:85)
Caused by: redis.clients.jedis.exceptions.JedisConnectionException: Could not get a resource from the pool
	at org.springframework.data.redis.core.RedisTemplateTests.tearDown(RedisTemplateTests.java:85)
Caused by: redis.clients.jedis.exceptions.JedisConnectionException: java.net.ConnectException: Connection refused (Connection refused)
	at org.springframework.data.redis.core.RedisTemplateTests.tearDown(RedisTemplateTests.java:85)
Caused by: java.net.ConnectException: Connection refused (Connection refused)
	at org.springframework.data.redis.core.RedisTemplateTests.tearDown(RedisTemplateTests.java:85)
</error>
  </testcase>
  <testcase name="testSort[3]" classname="org.springframework.data.redis.core.RedisTemplateTests" time="0.001">
    <error message="got: &lt;false&gt;, expected: is &lt;true&gt;" type="org.junit.AssumptionViolatedException"><![CDATA[org.junit.AssumptionViolatedException: got: <false>, expected: is <true>
	at org.springframework.data.redis.core.RedisTemplateTests.testSort(RedisTemplateTests.java:420)
]]></error>
  </testcase>
  <testcase name="testSort[3]" classname="org.springframework.data.redis.core.RedisTemplateTests" time="0.001">
    <error message="Cannot get Jedis connection; nested exception is redis.clients.jedis.exceptions.JedisConnectionException: Could not get a resource from the pool" type="org.springframework.data.redis.RedisConnectionFailureException">org.springframework.data.redis.RedisConnectionFailureException: Cannot get Jedis connection; nested exception is redis.clients.jedis.exceptions.JedisConnectionException: Could not get a resource from the pool
	at org.springframework.data.redis.core.RedisTemplateTests.tearDown(RedisTemplateTests.java:85)
Caused by: redis.clients.jedis.exceptions.JedisConnectionException: Could not get a resource from the pool
	at org.springframework.data.redis.core.RedisTemplateTests.tearDown(RedisTemplateTests.java:85)
Caused by: redis.clients.jedis.exceptions.JedisConnectionException: java.net.ConnectException: Connection refused (Connection refused)
	at org.springframework.data.redis.core.RedisTemplateTests.tearDown(RedisTemplateTests.java:85)
Caused by: java.net.ConnectException: Connection refused (Connection refused)
	at org.springframework.data.redis.core.RedisTemplateTests.tearDown(RedisTemplateTests.java:85)
</error>
  </testcase>
  <testcase name="testType[3]" classname="org.springframework.data.redis.core.RedisTemplateTests" time="0.001">
    <error message="Cannot get Jedis connection; nested exception is redis.clients.jedis.exceptions.JedisConnectionException: Could not get a resource from the pool" type="org.springframework.data.redis.RedisConnectionFailureException">org.springframework.data.redis.RedisConnectionFailureException: Cannot get Jedis connection; nested exception is redis.clients.jedis.exceptions.JedisConnectionException: Could not get a resource from the pool
	at org.springframework.data.redis.core.RedisTemplateTests.testType(RedisTemplateTests.java:676)
Caused by: redis.clients.jedis.exceptions.JedisConnectionException: Could not get a resource from the pool
	at org.springframework.data.redis.core.RedisTemplateTests.testType(RedisTemplateTests.java:676)
Caused by: redis.clients.jedis.exceptions.JedisConnectionException: java.net.ConnectException: Connection refused (Connection refused)
	at org.springframework.data.redis.core.RedisTemplateTests.testType(RedisTemplateTests.java:676)
Caused by: java.net.ConnectException: Connection refused (Connection refused)
	at org.springframework.data.redis.core.RedisTemplateTests.testType(RedisTemplateTests.java:676)
</error>
  </testcase>
  <testcase name="testType[3]" classname="org.springframework.data.redis.core.RedisTemplateTests" time="0.001">
    <error message="Cannot get Jedis connection; nested exception is redis.clients.jedis.exceptions.JedisConnectionException: Could not get a resource from the pool" type="org.springframework.data.redis.RedisConnectionFailureException">org.springframework.data.redis.RedisConnectionFailureException: Cannot get Jedis connection; nested exception is redis.clients.jedis.exceptions.JedisConnectionException: Could not get a resource from the pool
	at org.springframework.data.redis.core.RedisTemplateTests.tearDown(RedisTemplateTests.java:85)
Caused by: redis.clients.jedis.exceptions.JedisConnectionException: Could not get a resource from the pool
	at org.springframework.data.redis.core.RedisTemplateTests.tearDown(RedisTemplateTests.java:85)
Caused by: redis.clients.jedis.exceptions.JedisConnectionException: java.net.ConnectException: Connection refused (Connection refused)
	at org.springframework.data.redis.core.RedisTemplateTests.tearDown(RedisTemplateTests.java:85)
Caused by: java.net.ConnectException: Connection refused (Connection refused)
	at org.springframework.data.redis.core.RedisTemplateTests.tearDown(RedisTemplateTests.java:85)
</error>
  </testcase>
  <testcase name="testPersist[3]" classname="org.springframework.data.redis.core.RedisTemplateTests" time="0.001">
    <error message="Could not initialize class org.springframework.data.redis.RedisTestProfileValueSource" type="java.lang.NoClassDefFoundError">java.lang.NoClassDefFoundError: Could not initialize class org.springframework.data.redis.RedisTestProfileValueSource
	at org.springframework.data.redis.core.RedisTemplateTests.testPersist(RedisTemplateTests.java:634)
</error>
  </testcase>
  <testcase name="testPersist[3]" classname="org.springframework.data.redis.core.RedisTemplateTests" time="0.001">
    <error message="Cannot get Jedis connection; nested exception is redis.clients.jedis.exceptions.JedisConnectionException: Could not get a resource from the pool" type="org.springframework.data.redis.RedisConnectionFailureException">org.springframework.data.redis.RedisConnectionFailureException: Cannot get Jedis connection; nested exception is redis.clients.jedis.exceptions.JedisConnectionException: Could not get a resource from the pool
	at org.springframework.data.redis.core.RedisTemplateTests.tearDown(RedisTemplateTests.java:85)
Caused by: redis.clients.jedis.exceptions.JedisConnectionException: Could not get a resource from the pool
	at org.springframework.data.redis.core.RedisTemplateTests.tearDown(RedisTemplateTests.java:85)
Caused by: redis.clients.jedis.exceptions.JedisConnectionException: java.net.ConnectException: Connection refused (Connection refused)
	at org.springframework.data.redis.core.RedisTemplateTests.tearDown(RedisTemplateTests.java:85)
Caused by: java.net.ConnectException: Connection refused (Connection refused)
	at org.springframework.data.redis.core.RedisTemplateTests.tearDown(RedisTemplateTests.java:85)
</error>
  </testcase>
  <testcase name="testRenameIfAbsent[3]" classname="org.springframework.data.redis.core.RedisTemplateTests" time="0.002">
    <error message="Cannot get Jedis connection; nested exception is redis.clients.jedis.exceptions.JedisConnectionException: Could not get a resource from the pool" type="org.springframework.data.redis.RedisConnectionFailureException">org.springframework.data.redis.RedisConnectionFailureException: Cannot get Jedis connection; nested exception is redis.clients.jedis.exceptions.JedisConnectionException: Could not get a resource from the pool
	at org.springframework.data.redis.core.RedisTemplateTests.testRenameIfAbsent(RedisTemplateTests.java:667)
Caused by: redis.clients.jedis.exceptions.JedisConnectionException: Could not get a resource from the pool
	at org.springframework.data.redis.core.RedisTemplateTests.testRenameIfAbsent(RedisTemplateTests.java:667)
Caused by: redis.clients.jedis.exceptions.JedisConnectionException: java.net.ConnectException: Connection refused (Connection refused)
	at org.springframework.data.redis.core.RedisTemplateTests.testRenameIfAbsent(RedisTemplateTests.java:667)
Caused by: java.net.ConnectException: Connection refused (Connection refused)
	at org.springframework.data.redis.core.RedisTemplateTests.testRenameIfAbsent(RedisTemplateTests.java:667)
</error>
  </testcase>
  <testcase name="testRenameIfAbsent[3]" classname="org.springframework.data.redis.core.RedisTemplateTests" time="0.002">
    <error message="Cannot get Jedis connection; nested exception is redis.clients.jedis.exceptions.JedisConnectionException: Could not get a resource from the pool" type="org.springframework.data.redis.RedisConnectionFailureException">org.springframework.data.redis.RedisConnectionFailureException: Cannot get Jedis connection; nested exception is redis.clients.jedis.exceptions.JedisConnectionException: Could not get a resource from the pool
	at org.springframework.data.redis.core.RedisTemplateTests.tearDown(RedisTemplateTests.java:85)
Caused by: redis.clients.jedis.exceptions.JedisConnectionException: Could not get a resource from the pool
	at org.springframework.data.redis.core.RedisTemplateTests.tearDown(RedisTemplateTests.java:85)
Caused by: redis.clients.jedis.exceptions.JedisConnectionException: java.net.ConnectException: Connection refused (Connection refused)
	at org.springframework.data.redis.core.RedisTemplateTests.tearDown(RedisTemplateTests.java:85)
Caused by: java.net.ConnectException: Connection refused (Connection refused)
	at org.springframework.data.redis.core.RedisTemplateTests.tearDown(RedisTemplateTests.java:85)
</error>
  </testcase>
  <testcase name="testUnwatch[3]" classname="org.springframework.data.redis.core.RedisTemplateTests" time="0.001">
    <error message="Cannot get Jedis connection; nested exception is redis.clients.jedis.exceptions.JedisConnectionException: Could not get a resource from the pool" type="org.springframework.data.redis.RedisConnectionFailureException">org.springframework.data.redis.RedisConnectionFailureException: Cannot get Jedis connection; nested exception is redis.clients.jedis.exceptions.JedisConnectionException: Could not get a resource from the pool
	at org.springframework.data.redis.core.RedisTemplateTests.testUnwatch(RedisTemplateTests.java:723)
Caused by: redis.clients.jedis.exceptions.JedisConnectionException: Could not get a resource from the pool
	at org.springframework.data.redis.core.RedisTemplateTests.testUnwatch(RedisTemplateTests.java:723)
Caused by: redis.clients.jedis.exceptions.JedisConnectionException: java.net.ConnectException: Connection refused (Connection refused)
	at org.springframework.data.redis.core.RedisTemplateTests.testUnwatch(RedisTemplateTests.java:723)
Caused by: java.net.ConnectException: Connection refused (Connection refused)
	at org.springframework.data.redis.core.RedisTemplateTests.testUnwatch(RedisTemplateTests.java:723)
</error>
  </testcase>
  <testcase name="testUnwatch[3]" classname="org.springframework.data.redis.core.RedisTemplateTests" time="0.001">
    <error message="Cannot get Jedis connection; nested exception is redis.clients.jedis.exceptions.JedisConnectionException: Could not get a resource from the pool" type="org.springframework.data.redis.RedisConnectionFailureException">org.springframework.data.redis.RedisConnectionFailureException: Cannot get Jedis connection; nested exception is redis.clients.jedis.exceptions.JedisConnectionException: Could not get a resource from the pool
	at org.springframework.data.redis.core.RedisTemplateTests.tearDown(RedisTemplateTests.java:85)
Caused by: redis.clients.jedis.exceptions.JedisConnectionException: Could not get a resource from the pool
	at org.springframework.data.redis.core.RedisTemplateTests.tearDown(RedisTemplateTests.java:85)
Caused by: redis.clients.jedis.exceptions.JedisConnectionException: java.net.ConnectException: Connection refused (Connection refused)
	at org.springframework.data.redis.core.RedisTemplateTests.tearDown(RedisTemplateTests.java:85)
Caused by: java.net.ConnectException: Connection refused (Connection refused)
	at org.springframework.data.redis.core.RedisTemplateTests.tearDown(RedisTemplateTests.java:85)
</error>
  </testcase>
  <testcase name="testGetExpireMillisUsingTransactions[3]" classname="org.springframework.data.redis.core.RedisTemplateTests" time="0.001">
    <error message="Cannot get Jedis connection; nested exception is redis.clients.jedis.exceptions.JedisConnectionException: Could not get a resource from the pool" type="org.springframework.data.redis.RedisConnectionFailureException">org.springframework.data.redis.RedisConnectionFailureException: Cannot get Jedis connection; nested exception is redis.clients.jedis.exceptions.JedisConnectionException: Could not get a resource from the pool
	at org.springframework.data.redis.core.RedisTemplateTests.testGetExpireMillisUsingTransactions(RedisTemplateTests.java:541)
Caused by: redis.clients.jedis.exceptions.JedisConnectionException: Could not get a resource from the pool
	at org.springframework.data.redis.core.RedisTemplateTests.testGetExpireMillisUsingTransactions(RedisTemplateTests.java:541)
Caused by: redis.clients.jedis.exceptions.JedisConnectionException: java.net.ConnectException: Connection refused (Connection refused)
	at org.springframework.data.redis.core.RedisTemplateTests.testGetExpireMillisUsingTransactions(RedisTemplateTests.java:541)
Caused by: java.net.ConnectException: Connection refused (Connection refused)
	at org.springframework.data.redis.core.RedisTemplateTests.testGetExpireMillisUsingTransactions(RedisTemplateTests.java:541)
</error>
  </testcase>
  <testcase name="testGetExpireMillisUsingTransactions[3]" classname="org.springframework.data.redis.core.RedisTemplateTests" time="0.001">
    <error message="Cannot get Jedis connection; nested exception is redis.clients.jedis.exceptions.JedisConnectionException: Could not get a resource from the pool" type="org.springframework.data.redis.RedisConnectionFailureException">org.springframework.data.redis.RedisConnectionFailureException: Cannot get Jedis connection; nested exception is redis.clients.jedis.exceptions.JedisConnectionException: Could not get a resource from the pool
	at org.springframework.data.redis.core.RedisTemplateTests.tearDown(RedisTemplateTests.java:85)
Caused by: redis.clients.jedis.exceptions.JedisConnectionException: Could not get a resource from the pool
	at org.springframework.data.redis.core.RedisTemplateTests.tearDown(RedisTemplateTests.java:85)
Caused by: redis.clients.jedis.exceptions.JedisConnectionException: java.net.ConnectException: Connection refused (Connection refused)
	at org.springframework.data.redis.core.RedisTemplateTests.tearDown(RedisTemplateTests.java:85)
Caused by: java.net.ConnectException: Connection refused (Connection refused)
	at org.springframework.data.redis.core.RedisTemplateTests.tearDown(RedisTemplateTests.java:85)
</error>
  </testcase>
  <testcase name="testExecCustomSerializer[3]" classname="org.springframework.data.redis.core.RedisTemplateTests" time="0.002">
    <error message="got: &lt;false&gt;, expected: is &lt;true&gt;" type="org.junit.AssumptionViolatedException"><![CDATA[org.junit.AssumptionViolatedException: got: <false>, expected: is <true>
	at org.springframework.data.redis.core.RedisTemplateTests.testExecCustomSerializer(RedisTemplateTests.java:210)
]]></error>
  </testcase>
  <testcase name="testExecCustomSerializer[3]" classname="org.springframework.data.redis.core.RedisTemplateTests" time="0.002">
    <error message="Cannot get Jedis connection; nested exception is redis.clients.jedis.exceptions.JedisConnectionException: Could not get a resource from the pool" type="org.springframework.data.redis.RedisConnectionFailureException">org.springframework.data.redis.RedisConnectionFailureException: Cannot get Jedis connection; nested exception is redis.clients.jedis.exceptions.JedisConnectionException: Could not get a resource from the pool
	at org.springframework.data.redis.core.RedisTemplateTests.tearDown(RedisTemplateTests.java:85)
Caused by: redis.clients.jedis.exceptions.JedisConnectionException: Could not get a resource from the pool
	at org.springframework.data.redis.core.RedisTemplateTests.tearDown(RedisTemplateTests.java:85)
Caused by: redis.clients.jedis.exceptions.JedisConnectionException: java.net.ConnectException: Connection refused (Connection refused)
	at org.springframework.data.redis.core.RedisTemplateTests.tearDown(RedisTemplateTests.java:85)
Caused by: java.net.ConnectException: Connection refused (Connection refused)
	at org.springframework.data.redis.core.RedisTemplateTests.tearDown(RedisTemplateTests.java:85)
</error>
  </testcase>
  <testcase name="testExecutePipelinedCustomSerializer[3]" classname="org.springframework.data.redis.core.RedisTemplateTests" time="0">
    <error message="got: &lt;false&gt;, expected: is &lt;true&gt;" type="org.junit.AssumptionViolatedException"><![CDATA[org.junit.AssumptionViolatedException: got: <false>, expected: is <true>
	at org.springframework.data.redis.core.RedisTemplateTests.testExecutePipelinedCustomSerializer(RedisTemplateTests.java:292)
]]></error>
  </testcase>
  <testcase name="testExecutePipelinedCustomSerializer[3]" classname="org.springframework.data.redis.core.RedisTemplateTests" time="0">
    <error message="Cannot get Jedis connection; nested exception is redis.clients.jedis.exceptions.JedisConnectionException: Could not get a resource from the pool" type="org.springframework.data.redis.RedisConnectionFailureException">org.springframework.data.redis.RedisConnectionFailureException: Cannot get Jedis connection; nested exception is redis.clients.jedis.exceptions.JedisConnectionException: Could not get a resource from the pool
	at org.springframework.data.redis.core.RedisTemplateTests.tearDown(RedisTemplateTests.java:85)
Caused by: redis.clients.jedis.exceptions.JedisConnectionException: Could not get a resource from the pool
	at org.springframework.data.redis.core.RedisTemplateTests.tearDown(RedisTemplateTests.java:85)
Caused by: redis.clients.jedis.exceptions.JedisConnectionException: java.net.ConnectException: Connection refused (Connection refused)
	at org.springframework.data.redis.core.RedisTemplateTests.tearDown(RedisTemplateTests.java:85)
Caused by: java.net.ConnectException: Connection refused (Connection refused)
	at org.springframework.data.redis.core.RedisTemplateTests.tearDown(RedisTemplateTests.java:85)
</error>
  </testcase>
  <testcase name="testExpireAtMillisNotSupported[3]" classname="org.springframework.data.redis.core.RedisTemplateTests" time="0.001">
    <error message="Could not initialize class org.springframework.data.redis.RedisTestProfileValueSource" type="java.lang.NoClassDefFoundError">java.lang.NoClassDefFoundError: Could not initialize class org.springframework.data.redis.RedisTestProfileValueSource
	at org.springframework.data.redis.core.RedisTemplateTests.testExpireAtMillisNotSupported(RedisTemplateTests.java:616)
</error>
  </testcase>
  <testcase name="testExpireAtMillisNotSupported[3]" classname="org.springframework.data.redis.core.RedisTemplateTests" time="0.002">
    <error message="Cannot get Jedis connection; nested exception is redis.clients.jedis.exceptions.JedisConnectionException: Could not get a resource from the pool" type="org.springframework.data.redis.RedisConnectionFailureException">org.springframework.data.redis.RedisConnectionFailureException: Cannot get Jedis connection; nested exception is redis.clients.jedis.exceptions.JedisConnectionException: Could not get a resource from the pool
	at org.springframework.data.redis.core.RedisTemplateTests.tearDown(RedisTemplateTests.java:85)
Caused by: redis.clients.jedis.exceptions.JedisConnectionException: Could not get a resource from the pool
	at org.springframework.data.redis.core.RedisTemplateTests.tearDown(RedisTemplateTests.java:85)
Caused by: redis.clients.jedis.exceptions.JedisConnectionException: java.net.ConnectException: Connection refused (Connection refused)
	at org.springframework.data.redis.core.RedisTemplateTests.tearDown(RedisTemplateTests.java:85)
Caused by: java.net.ConnectException: Connection refused (Connection refused)
	at org.springframework.data.redis.core.RedisTemplateTests.tearDown(RedisTemplateTests.java:85)
</error>
  </testcase>
  <testcase name="testGetExpireSecondsForKeyDoesNotExist[3]" classname="org.springframework.data.redis.core.RedisTemplateTests" time="0.001">
    <error message="Cannot get Jedis connection; nested exception is redis.clients.jedis.exceptions.JedisConnectionException: Could not get a resource from the pool" type="org.springframework.data.redis.RedisConnectionFailureException">org.springframework.data.redis.RedisConnectionFailureException: Cannot get Jedis connection; nested exception is redis.clients.jedis.exceptions.JedisConnectionException: Could not get a resource from the pool
	at org.springframework.data.redis.core.RedisTemplateTests.testGetExpireSecondsForKeyDoesNotExist(RedisTemplateTests.java:485)
Caused by: redis.clients.jedis.exceptions.JedisConnectionException: Could not get a resource from the pool
	at org.springframework.data.redis.core.RedisTemplateTests.testGetExpireSecondsForKeyDoesNotExist(RedisTemplateTests.java:485)
Caused by: redis.clients.jedis.exceptions.JedisConnectionException: java.net.ConnectException: Connection refused (Connection refused)
	at org.springframework.data.redis.core.RedisTemplateTests.testGetExpireSecondsForKeyDoesNotExist(RedisTemplateTests.java:485)
Caused by: java.net.ConnectException: Connection refused (Connection refused)
	at org.springframework.data.redis.core.RedisTemplateTests.testGetExpireSecondsForKeyDoesNotExist(RedisTemplateTests.java:485)
</error>
  </testcase>
  <testcase name="testGetExpireSecondsForKeyDoesNotExist[3]" classname="org.springframework.data.redis.core.RedisTemplateTests" time="0.002">
    <error message="Cannot get Jedis connection; nested exception is redis.clients.jedis.exceptions.JedisConnectionException: Could not get a resource from the pool" type="org.springframework.data.redis.RedisConnectionFailureException">org.springframework.data.redis.RedisConnectionFailureException: Cannot get Jedis connection; nested exception is redis.clients.jedis.exceptions.JedisConnectionException: Could not get a resource from the pool
	at org.springframework.data.redis.core.RedisTemplateTests.tearDown(RedisTemplateTests.java:85)
Caused by: redis.clients.jedis.exceptions.JedisConnectionException: Could not get a resource from the pool
	at org.springframework.data.redis.core.RedisTemplateTests.tearDown(RedisTemplateTests.java:85)
Caused by: redis.clients.jedis.exceptions.JedisConnectionException: java.net.ConnectException: Connection refused (Connection refused)
	at org.springframework.data.redis.core.RedisTemplateTests.tearDown(RedisTemplateTests.java:85)
Caused by: java.net.ConnectException: Connection refused (Connection refused)
	at org.springframework.data.redis.core.RedisTemplateTests.tearDown(RedisTemplateTests.java:85)
</error>
  </testcase>
  <testcase name="testRandomKey[3]" classname="org.springframework.data.redis.core.RedisTemplateTests" time="0.001">
    <error message="Cannot get Jedis connection; nested exception is redis.clients.jedis.exceptions.JedisConnectionException: Could not get a resource from the pool" type="org.springframework.data.redis.RedisConnectionFailureException">org.springframework.data.redis.RedisConnectionFailureException: Cannot get Jedis connection; nested exception is redis.clients.jedis.exceptions.JedisConnectionException: Could not get a resource from the pool
	at org.springframework.data.redis.core.RedisTemplateTests.testRandomKey(RedisTemplateTests.java:648)
Caused by: redis.clients.jedis.exceptions.JedisConnectionException: Could not get a resource from the pool
	at org.springframework.data.redis.core.RedisTemplateTests.testRandomKey(RedisTemplateTests.java:648)
Caused by: redis.clients.jedis.exceptions.JedisConnectionException: java.net.ConnectException: Connection refused (Connection refused)
	at org.springframework.data.redis.core.RedisTemplateTests.testRandomKey(RedisTemplateTests.java:648)
Caused by: java.net.ConnectException: Connection refused (Connection refused)
	at org.springframework.data.redis.core.RedisTemplateTests.testRandomKey(RedisTemplateTests.java:648)
</error>
  </testcase>
  <testcase name="testRandomKey[3]" classname="org.springframework.data.redis.core.RedisTemplateTests" time="0.001">
    <error message="Cannot get Jedis connection; nested exception is redis.clients.jedis.exceptions.JedisConnectionException: Could not get a resource from the pool" type="org.springframework.data.redis.RedisConnectionFailureException">org.springframework.data.redis.RedisConnectionFailureException: Cannot get Jedis connection; nested exception is redis.clients.jedis.exceptions.JedisConnectionException: Could not get a resource from the pool
	at org.springframework.data.redis.core.RedisTemplateTests.tearDown(RedisTemplateTests.java:85)
Caused by: redis.clients.jedis.exceptions.JedisConnectionException: Could not get a resource from the pool
	at org.springframework.data.redis.core.RedisTemplateTests.tearDown(RedisTemplateTests.java:85)
Caused by: redis.clients.jedis.exceptions.JedisConnectionException: java.net.ConnectException: Connection refused (Connection refused)
	at org.springframework.data.redis.core.RedisTemplateTests.tearDown(RedisTemplateTests.java:85)
Caused by: java.net.ConnectException: Connection refused (Connection refused)
	at org.springframework.data.redis.core.RedisTemplateTests.tearDown(RedisTemplateTests.java:85)
</error>
  </testcase>
  <testcase name="clientListShouldReturnCorrectly[3]" classname="org.springframework.data.redis.core.RedisTemplateTests" time="0">
    <error message="Cannot get Jedis connection; nested exception is redis.clients.jedis.exceptions.JedisConnectionException: Could not get a resource from the pool" type="org.springframework.data.redis.RedisConnectionFailureException">org.springframework.data.redis.RedisConnectionFailureException: Cannot get Jedis connection; nested exception is redis.clients.jedis.exceptions.JedisConnectionException: Could not get a resource from the pool
	at org.springframework.data.redis.core.RedisTemplateTests.clientListShouldReturnCorrectly(RedisTemplateTests.java:809)
Caused by: redis.clients.jedis.exceptions.JedisConnectionException: Could not get a resource from the pool
	at org.springframework.data.redis.core.RedisTemplateTests.clientListShouldReturnCorrectly(RedisTemplateTests.java:809)
Caused by: redis.clients.jedis.exceptions.JedisConnectionException: java.net.ConnectException: Connection refused (Connection refused)
	at org.springframework.data.redis.core.RedisTemplateTests.clientListShouldReturnCorrectly(RedisTemplateTests.java:809)
Caused by: java.net.ConnectException: Connection refused (Connection refused)
	at org.springframework.data.redis.core.RedisTemplateTests.clientListShouldReturnCorrectly(RedisTemplateTests.java:809)
</error>
  </testcase>
  <testcase name="clientListShouldReturnCorrectly[3]" classname="org.springframework.data.redis.core.RedisTemplateTests" time="0.001">
    <error message="Cannot get Jedis connection; nested exception is redis.clients.jedis.exceptions.JedisConnectionException: Could not get a resource from the pool" type="org.springframework.data.redis.RedisConnectionFailureException">org.springframework.data.redis.RedisConnectionFailureException: Cannot get Jedis connection; nested exception is redis.clients.jedis.exceptions.JedisConnectionException: Could not get a resource from the pool
	at org.springframework.data.redis.core.RedisTemplateTests.tearDown(RedisTemplateTests.java:85)
Caused by: redis.clients.jedis.exceptions.JedisConnectionException: Could not get a resource from the pool
	at org.springframework.data.redis.core.RedisTemplateTests.tearDown(RedisTemplateTests.java:85)
Caused by: redis.clients.jedis.exceptions.JedisConnectionException: java.net.ConnectException: Connection refused (Connection refused)
	at org.springframework.data.redis.core.RedisTemplateTests.tearDown(RedisTemplateTests.java:85)
Caused by: java.net.ConnectException: Connection refused (Connection refused)
	at org.springframework.data.redis.core.RedisTemplateTests.tearDown(RedisTemplateTests.java:85)
</error>
  </testcase>
  <testcase name="testExecutePipelinedNonNullSessionCallback[3]" classname="org.springframework.data.redis.core.RedisTemplateTests" time="0.001">
    <error message="Unexpected exception, expected&lt;org.springframework.dao.InvalidDataAccessApiUsageException&gt; but was&lt;org.springframework.data.redis.RedisConnectionFailureException&gt;" type="java.lang.Exception"><![CDATA[java.lang.Exception: Unexpected exception, expected<org.springframework.dao.InvalidDataAccessApiUsageException> but was<org.springframework.data.redis.RedisConnectionFailureException>
	at org.springframework.data.redis.core.RedisTemplateTests.testExecutePipelinedNonNullSessionCallback(RedisTemplateTests.java:377)
Caused by: redis.clients.jedis.exceptions.JedisConnectionException: Could not get a resource from the pool
	at org.springframework.data.redis.core.RedisTemplateTests.testExecutePipelinedNonNullSessionCallback(RedisTemplateTests.java:377)
Caused by: redis.clients.jedis.exceptions.JedisConnectionException: java.net.ConnectException: Connection refused (Connection refused)
	at org.springframework.data.redis.core.RedisTemplateTests.testExecutePipelinedNonNullSessionCallback(RedisTemplateTests.java:377)
Caused by: java.net.ConnectException: Connection refused (Connection refused)
	at org.springframework.data.redis.core.RedisTemplateTests.testExecutePipelinedNonNullSessionCallback(RedisTemplateTests.java:377)
]]></error>
  </testcase>
  <testcase name="testExecutePipelinedNonNullSessionCallback[3]" classname="org.springframework.data.redis.core.RedisTemplateTests" time="0.001">
    <error message="Cannot get Jedis connection; nested exception is redis.clients.jedis.exceptions.JedisConnectionException: Could not get a resource from the pool" type="org.springframework.data.redis.RedisConnectionFailureException">org.springframework.data.redis.RedisConnectionFailureException: Cannot get Jedis connection; nested exception is redis.clients.jedis.exceptions.JedisConnectionException: Could not get a resource from the pool
	at org.springframework.data.redis.core.RedisTemplateTests.tearDown(RedisTemplateTests.java:85)
Caused by: redis.clients.jedis.exceptions.JedisConnectionException: Could not get a resource from the pool
	at org.springframework.data.redis.core.RedisTemplateTests.tearDown(RedisTemplateTests.java:85)
Caused by: redis.clients.jedis.exceptions.JedisConnectionException: java.net.ConnectException: Connection refused (Connection refused)
	at org.springframework.data.redis.core.RedisTemplateTests.tearDown(RedisTemplateTests.java:85)
Caused by: java.net.ConnectException: Connection refused (Connection refused)
	at org.springframework.data.redis.core.RedisTemplateTests.tearDown(RedisTemplateTests.java:85)
</error>
  </testcase>
  <testcase name="testConvertAndSend[3]" classname="org.springframework.data.redis.core.RedisTemplateTests" time="0.001">
    <error message="Cannot get Jedis connection; nested exception is redis.clients.jedis.exceptions.JedisConnectionException: Could not get a resource from the pool" type="org.springframework.data.redis.RedisConnectionFailureException">org.springframework.data.redis.RedisConnectionFailureException: Cannot get Jedis connection; nested exception is redis.clients.jedis.exceptions.JedisConnectionException: Could not get a resource from the pool
	at org.springframework.data.redis.core.RedisTemplateTests.testConvertAndSend(RedisTemplateTests.java:793)
Caused by: redis.clients.jedis.exceptions.JedisConnectionException: Could not get a resource from the pool
	at org.springframework.data.redis.core.RedisTemplateTests.testConvertAndSend(RedisTemplateTests.java:793)
Caused by: redis.clients.jedis.exceptions.JedisConnectionException: java.net.ConnectException: Connection refused (Connection refused)
	at org.springframework.data.redis.core.RedisTemplateTests.testConvertAndSend(RedisTemplateTests.java:793)
Caused by: java.net.ConnectException: Connection refused (Connection refused)
	at org.springframework.data.redis.core.RedisTemplateTests.testConvertAndSend(RedisTemplateTests.java:793)
</error>
  </testcase>
  <testcase name="testConvertAndSend[3]" classname="org.springframework.data.redis.core.RedisTemplateTests" time="0.001">
    <error message="Cannot get Jedis connection; nested exception is redis.clients.jedis.exceptions.JedisConnectionException: Could not get a resource from the pool" type="org.springframework.data.redis.RedisConnectionFailureException">org.springframework.data.redis.RedisConnectionFailureException: Cannot get Jedis connection; nested exception is redis.clients.jedis.exceptions.JedisConnectionException: Could not get a resource from the pool
	at org.springframework.data.redis.core.RedisTemplateTests.tearDown(RedisTemplateTests.java:85)
Caused by: redis.clients.jedis.exceptions.JedisConnectionException: Could not get a resource from the pool
	at org.springframework.data.redis.core.RedisTemplateTests.tearDown(RedisTemplateTests.java:85)
Caused by: redis.clients.jedis.exceptions.JedisConnectionException: java.net.ConnectException: Connection refused (Connection refused)
	at org.springframework.data.redis.core.RedisTemplateTests.tearDown(RedisTemplateTests.java:85)
Caused by: java.net.ConnectException: Connection refused (Connection refused)
	at org.springframework.data.redis.core.RedisTemplateTests.tearDown(RedisTemplateTests.java:85)
</error>
  </testcase>
  <testcase name="testGetExpireMillisNotSupported[3]" classname="org.springframework.data.redis.core.RedisTemplateTests" time="0.001">
    <error message="got: &lt;false&gt;, expected: is &lt;true&gt;" type="org.junit.AssumptionViolatedException"><![CDATA[org.junit.AssumptionViolatedException: got: <false>, expected: is <true>
	at org.springframework.data.redis.core.RedisTemplateTests.testGetExpireMillisNotSupported(RedisTemplateTests.java:594)
]]></error>
  </testcase>
  <testcase name="testGetExpireMillisNotSupported[3]" classname="org.springframework.data.redis.core.RedisTemplateTests" time="0.001">
    <error message="Cannot get Jedis connection; nested exception is redis.clients.jedis.exceptions.JedisConnectionException: Could not get a resource from the pool" type="org.springframework.data.redis.RedisConnectionFailureException">org.springframework.data.redis.RedisConnectionFailureException: Cannot get Jedis connection; nested exception is redis.clients.jedis.exceptions.JedisConnectionException: Could not get a resource from the pool
	at org.springframework.data.redis.core.RedisTemplateTests.tearDown(RedisTemplateTests.java:85)
Caused by: redis.clients.jedis.exceptions.JedisConnectionException: Could not get a resource from the pool
	at org.springframework.data.redis.core.RedisTemplateTests.tearDown(RedisTemplateTests.java:85)
Caused by: redis.clients.jedis.exceptions.JedisConnectionException: java.net.ConnectException: Connection refused (Connection refused)
	at org.springframework.data.redis.core.RedisTemplateTests.tearDown(RedisTemplateTests.java:85)
Caused by: java.net.ConnectException: Connection refused (Connection refused)
	at org.springframework.data.redis.core.RedisTemplateTests.tearDown(RedisTemplateTests.java:85)
</error>
  </testcase>
  <testcase name="testTemplateNotInitialized[3]" classname="org.springframework.data.redis.core.RedisTemplateTests" time="0.001">
    <error message="Cannot get Jedis connection; nested exception is redis.clients.jedis.exceptions.JedisConnectionException: Could not get a resource from the pool" type="org.springframework.data.redis.RedisConnectionFailureException">org.springframework.data.redis.RedisConnectionFailureException: Cannot get Jedis connection; nested exception is redis.clients.jedis.exceptions.JedisConnectionException: Could not get a resource from the pool
	at org.springframework.data.redis.core.RedisTemplateTests.tearDown(RedisTemplateTests.java:85)
Caused by: redis.clients.jedis.exceptions.JedisConnectionException: Could not get a resource from the pool
	at org.springframework.data.redis.core.RedisTemplateTests.tearDown(RedisTemplateTests.java:85)
Caused by: redis.clients.jedis.exceptions.JedisConnectionException: java.net.ConnectException: Connection refused (Connection refused)
	at org.springframework.data.redis.core.RedisTemplateTests.tearDown(RedisTemplateTests.java:85)
Caused by: java.net.ConnectException: Connection refused (Connection refused)
	at org.springframework.data.redis.core.RedisTemplateTests.tearDown(RedisTemplateTests.java:85)
</error>
  </testcase>
  <testcase name="testSortStore[3]" classname="org.springframework.data.redis.core.RedisTemplateTests" time="0.004">
    <error message="got: &lt;false&gt;, expected: is &lt;true&gt;" type="org.junit.AssumptionViolatedException"><![CDATA[org.junit.AssumptionViolatedException: got: <false>, expected: is <true>
	at org.springframework.data.redis.core.RedisTemplateTests.testSortStore(RedisTemplateTests.java:433)
]]></error>
  </testcase>
  <testcase name="testSortStore[3]" classname="org.springframework.data.redis.core.RedisTemplateTests" time="0.004">
    <error message="Cannot get Jedis connection; nested exception is redis.clients.jedis.exceptions.JedisConnectionException: Could not get a resource from the pool" type="org.springframework.data.redis.RedisConnectionFailureException">org.springframework.data.redis.RedisConnectionFailureException: Cannot get Jedis connection; nested exception is redis.clients.jedis.exceptions.JedisConnectionException: Could not get a resource from the pool
	at org.springframework.data.redis.core.RedisTemplateTests.tearDown(RedisTemplateTests.java:85)
Caused by: redis.clients.jedis.exceptions.JedisConnectionException: Could not get a resource from the pool
	at org.springframework.data.redis.core.RedisTemplateTests.tearDown(RedisTemplateTests.java:85)
Caused by: redis.clients.jedis.exceptions.JedisConnectionException: java.net.ConnectException: Connection refused (Connection refused)
	at org.springframework.data.redis.core.RedisTemplateTests.tearDown(RedisTemplateTests.java:85)
Caused by: java.net.ConnectException: Connection refused (Connection refused)
	at org.springframework.data.redis.core.RedisTemplateTests.tearDown(RedisTemplateTests.java:85)
</error>
  </testcase>
  <testcase name="testGetExpireMillisForKeyDoesNotExist[3]" classname="org.springframework.data.redis.core.RedisTemplateTests" time="0">
    <error message="Cannot get Jedis connection; nested exception is redis.clients.jedis.exceptions.JedisConnectionException: Could not get a resource from the pool" type="org.springframework.data.redis.RedisConnectionFailureException">org.springframework.data.redis.RedisConnectionFailureException: Cannot get Jedis connection; nested exception is redis.clients.jedis.exceptions.JedisConnectionException: Could not get a resource from the pool
	at org.springframework.data.redis.core.RedisTemplateTests.testGetExpireMillisForKeyDoesNotExist(RedisTemplateTests.java:501)
Caused by: redis.clients.jedis.exceptions.JedisConnectionException: Could not get a resource from the pool
	at org.springframework.data.redis.core.RedisTemplateTests.testGetExpireMillisForKeyDoesNotExist(RedisTemplateTests.java:501)
Caused by: redis.clients.jedis.exceptions.JedisConnectionException: java.net.ConnectException: Connection refused (Connection refused)
	at org.springframework.data.redis.core.RedisTemplateTests.testGetExpireMillisForKeyDoesNotExist(RedisTemplateTests.java:501)
Caused by: java.net.ConnectException: Connection refused (Connection refused)
	at org.springframework.data.redis.core.RedisTemplateTests.testGetExpireMillisForKeyDoesNotExist(RedisTemplateTests.java:501)
</error>
  </testcase>
  <testcase name="testGetExpireMillisForKeyDoesNotExist[3]" classname="org.springframework.data.redis.core.RedisTemplateTests" time="0">
    <error message="Cannot get Jedis connection; nested exception is redis.clients.jedis.exceptions.JedisConnectionException: Could not get a resource from the pool" type="org.springframework.data.redis.RedisConnectionFailureException">org.springframework.data.redis.RedisConnectionFailureException: Cannot get Jedis connection; nested exception is redis.clients.jedis.exceptions.JedisConnectionException: Could not get a resource from the pool
	at org.springframework.data.redis.core.RedisTemplateTests.tearDown(RedisTemplateTests.java:85)
Caused by: redis.clients.jedis.exceptions.JedisConnectionException: Could not get a resource from the pool
	at org.springframework.data.redis.core.RedisTemplateTests.tearDown(RedisTemplateTests.java:85)
Caused by: redis.clients.jedis.exceptions.JedisConnectionException: java.net.ConnectException: Connection refused (Connection refused)
	at org.springframework.data.redis.core.RedisTemplateTests.tearDown(RedisTemplateTests.java:85)
Caused by: java.net.ConnectException: Connection refused (Connection refused)
	at org.springframework.data.redis.core.RedisTemplateTests.tearDown(RedisTemplateTests.java:85)
</error>
  </testcase>
  <testcase name="testExecConversionDisabled[3]" classname="org.springframework.data.redis.core.RedisTemplateTests" time="0">
    <error message="Unable to connect to Redis; nested exception is io.lettuce.core.RedisConnectionException: Unable to connect to 127.0.0.1:6379" type="org.springframework.data.redis.RedisConnectionFailureException">org.springframework.data.redis.RedisConnectionFailureException: Unable to connect to Redis; nested exception is io.lettuce.core.RedisConnectionException: Unable to connect to 127.0.0.1:6379
	at org.springframework.data.redis.core.RedisTemplateTests.testExecConversionDisabled(RedisTemplateTests.java:253)
Caused by: io.lettuce.core.RedisConnectionException: Unable to connect to 127.0.0.1:6379
	at org.springframework.data.redis.core.RedisTemplateTests.testExecConversionDisabled(RedisTemplateTests.java:253)
Caused by: io.netty.channel.AbstractChannel$AnnotatedConnectException: syscall:getsockopt(..) failed: Connection refused: /127.0.0.1:6379
Caused by: io.netty.channel.unix.Errors$NativeConnectException: syscall:getsockopt(..) failed: Connection refused
</error>
  </testcase>
  <testcase name="testExecConversionDisabled[3]" classname="org.springframework.data.redis.core.RedisTemplateTests" time="0">
    <error message="Cannot get Jedis connection; nested exception is redis.clients.jedis.exceptions.JedisConnectionException: Could not get a resource from the pool" type="org.springframework.data.redis.RedisConnectionFailureException">org.springframework.data.redis.RedisConnectionFailureException: Cannot get Jedis connection; nested exception is redis.clients.jedis.exceptions.JedisConnectionException: Could not get a resource from the pool
	at org.springframework.data.redis.core.RedisTemplateTests.tearDown(RedisTemplateTests.java:85)
Caused by: redis.clients.jedis.exceptions.JedisConnectionException: Could not get a resource from the pool
	at org.springframework.data.redis.core.RedisTemplateTests.tearDown(RedisTemplateTests.java:85)
Caused by: redis.clients.jedis.exceptions.JedisConnectionException: java.net.ConnectException: Connection refused (Connection refused)
	at org.springframework.data.redis.core.RedisTemplateTests.tearDown(RedisTemplateTests.java:85)
Caused by: java.net.ConnectException: Connection refused (Connection refused)
	at org.springframework.data.redis.core.RedisTemplateTests.tearDown(RedisTemplateTests.java:85)
</error>
  </testcase>
  <testcase name="testGetExpireSecondsForKeyExistButHasNoAssociatedExpire[3]" classname="org.springframework.data.redis.core.RedisTemplateTests" time="0.001">
    <error message="Cannot get Jedis connection; nested exception is redis.clients.jedis.exceptions.JedisConnectionException: Could not get a resource from the pool" type="org.springframework.data.redis.RedisConnectionFailureException">org.springframework.data.redis.RedisConnectionFailureException: Cannot get Jedis connection; nested exception is redis.clients.jedis.exceptions.JedisConnectionException: Could not get a resource from the pool
	at org.springframework.data.redis.core.RedisTemplateTests.testGetExpireSecondsForKeyExistButHasNoAssociatedExpire(RedisTemplateTests.java:493)
Caused by: redis.clients.jedis.exceptions.JedisConnectionException: Could not get a resource from the pool
	at org.springframework.data.redis.core.RedisTemplateTests.testGetExpireSecondsForKeyExistButHasNoAssociatedExpire(RedisTemplateTests.java:493)
Caused by: redis.clients.jedis.exceptions.JedisConnectionException: java.net.ConnectException: Connection refused (Connection refused)
	at org.springframework.data.redis.core.RedisTemplateTests.testGetExpireSecondsForKeyExistButHasNoAssociatedExpire(RedisTemplateTests.java:493)
Caused by: java.net.ConnectException: Connection refused (Connection refused)
	at org.springframework.data.redis.core.RedisTemplateTests.testGetExpireSecondsForKeyExistButHasNoAssociatedExpire(RedisTemplateTests.java:493)
</error>
  </testcase>
  <testcase name="testGetExpireSecondsForKeyExistButHasNoAssociatedExpire[3]" classname="org.springframework.data.redis.core.RedisTemplateTests" time="0.002">
    <error message="Cannot get Jedis connection; nested exception is redis.clients.jedis.exceptions.JedisConnectionException: Could not get a resource from the pool" type="org.springframework.data.redis.RedisConnectionFailureException">org.springframework.data.redis.RedisConnectionFailureException: Cannot get Jedis connection; nested exception is redis.clients.jedis.exceptions.JedisConnectionException: Could not get a resource from the pool
	at org.springframework.data.redis.core.RedisTemplateTests.tearDown(RedisTemplateTests.java:85)
Caused by: redis.clients.jedis.exceptions.JedisConnectionException: Could not get a resource from the pool
	at org.springframework.data.redis.core.RedisTemplateTests.tearDown(RedisTemplateTests.java:85)
Caused by: redis.clients.jedis.exceptions.JedisConnectionException: java.net.ConnectException: Connection refused (Connection refused)
	at org.springframework.data.redis.core.RedisTemplateTests.tearDown(RedisTemplateTests.java:85)
Caused by: java.net.ConnectException: Connection refused (Connection refused)
	at org.springframework.data.redis.core.RedisTemplateTests.tearDown(RedisTemplateTests.java:85)
</error>
  </testcase>
  <testcase name="testDumpAndRestoreNoTtl[3]" classname="org.springframework.data.redis.core.RedisTemplateTests" time="0.001">
    <error message="Could not initialize class org.springframework.data.redis.RedisTestProfileValueSource" type="java.lang.NoClassDefFoundError">java.lang.NoClassDefFoundError: Could not initialize class org.springframework.data.redis.RedisTestProfileValueSource
	at org.springframework.data.redis.core.RedisTemplateTests.testDumpAndRestoreNoTtl(RedisTemplateTests.java:103)
</error>
  </testcase>
  <testcase name="testDumpAndRestoreNoTtl[3]" classname="org.springframework.data.redis.core.RedisTemplateTests" time="0.001">
    <error message="Cannot get Jedis connection; nested exception is redis.clients.jedis.exceptions.JedisConnectionException: Could not get a resource from the pool" type="org.springframework.data.redis.RedisConnectionFailureException">org.springframework.data.redis.RedisConnectionFailureException: Cannot get Jedis connection; nested exception is redis.clients.jedis.exceptions.JedisConnectionException: Could not get a resource from the pool
	at org.springframework.data.redis.core.RedisTemplateTests.tearDown(RedisTemplateTests.java:85)
Caused by: redis.clients.jedis.exceptions.JedisConnectionException: Could not get a resource from the pool
	at org.springframework.data.redis.core.RedisTemplateTests.tearDown(RedisTemplateTests.java:85)
Caused by: redis.clients.jedis.exceptions.JedisConnectionException: java.net.ConnectException: Connection refused (Connection refused)
	at org.springframework.data.redis.core.RedisTemplateTests.tearDown(RedisTemplateTests.java:85)
Caused by: java.net.ConnectException: Connection refused (Connection refused)
	at org.springframework.data.redis.core.RedisTemplateTests.tearDown(RedisTemplateTests.java:85)
</error>
  </testcase>
  <testcase name="testDiscard[3]" classname="org.springframework.data.redis.core.RedisTemplateTests" time="0.001">
    <error message="Cannot get Jedis connection; nested exception is redis.clients.jedis.exceptions.JedisConnectionException: Could not get a resource from the pool" type="org.springframework.data.redis.RedisConnectionFailureException">org.springframework.data.redis.RedisConnectionFailureException: Cannot get Jedis connection; nested exception is redis.clients.jedis.exceptions.JedisConnectionException: Could not get a resource from the pool
	at org.springframework.data.redis.core.RedisTemplateTests.testDiscard(RedisTemplateTests.java:195)
Caused by: redis.clients.jedis.exceptions.JedisConnectionException: Could not get a resource from the pool
	at org.springframework.data.redis.core.RedisTemplateTests.testDiscard(RedisTemplateTests.java:195)
Caused by: redis.clients.jedis.exceptions.JedisConnectionException: java.net.ConnectException: Connection refused (Connection refused)
	at org.springframework.data.redis.core.RedisTemplateTests.testDiscard(RedisTemplateTests.java:195)
Caused by: java.net.ConnectException: Connection refused (Connection refused)
	at org.springframework.data.redis.core.RedisTemplateTests.testDiscard(RedisTemplateTests.java:195)
</error>
  </testcase>
  <testcase name="testDiscard[3]" classname="org.springframework.data.redis.core.RedisTemplateTests" time="0.001">
    <error message="Cannot get Jedis connection; nested exception is redis.clients.jedis.exceptions.JedisConnectionException: Could not get a resource from the pool" type="org.springframework.data.redis.RedisConnectionFailureException">org.springframework.data.redis.RedisConnectionFailureException: Cannot get Jedis connection; nested exception is redis.clients.jedis.exceptions.JedisConnectionException: Could not get a resource from the pool
	at org.springframework.data.redis.core.RedisTemplateTests.tearDown(RedisTemplateTests.java:85)
Caused by: redis.clients.jedis.exceptions.JedisConnectionException: Could not get a resource from the pool
	at org.springframework.data.redis.core.RedisTemplateTests.tearDown(RedisTemplateTests.java:85)
Caused by: redis.clients.jedis.exceptions.JedisConnectionException: java.net.ConnectException: Connection refused (Connection refused)
	at org.springframework.data.redis.core.RedisTemplateTests.tearDown(RedisTemplateTests.java:85)
Caused by: java.net.ConnectException: Connection refused (Connection refused)
	at org.springframework.data.redis.core.RedisTemplateTests.tearDown(RedisTemplateTests.java:85)
</error>
  </testcase>
  <testcase name="testDelete[3]" classname="org.springframework.data.redis.core.RedisTemplateTests" time="0.001">
    <error message="Cannot get Jedis connection; nested exception is redis.clients.jedis.exceptions.JedisConnectionException: Could not get a resource from the pool" type="org.springframework.data.redis.RedisConnectionFailureException">org.springframework.data.redis.RedisConnectionFailureException: Cannot get Jedis connection; nested exception is redis.clients.jedis.exceptions.JedisConnectionException: Could not get a resource from the pool
	at org.springframework.data.redis.core.RedisTemplateTests.testDelete(RedisTemplateTests.java:391)
Caused by: redis.clients.jedis.exceptions.JedisConnectionException: Could not get a resource from the pool
	at org.springframework.data.redis.core.RedisTemplateTests.testDelete(RedisTemplateTests.java:391)
Caused by: redis.clients.jedis.exceptions.JedisConnectionException: java.net.ConnectException: Connection refused (Connection refused)
	at org.springframework.data.redis.core.RedisTemplateTests.testDelete(RedisTemplateTests.java:391)
Caused by: java.net.ConnectException: Connection refused (Connection refused)
	at org.springframework.data.redis.core.RedisTemplateTests.testDelete(RedisTemplateTests.java:391)
</error>
  </testcase>
  <testcase name="testDelete[3]" classname="org.springframework.data.redis.core.RedisTemplateTests" time="0.001">
    <error message="Cannot get Jedis connection; nested exception is redis.clients.jedis.exceptions.JedisConnectionException: Could not get a resource from the pool" type="org.springframework.data.redis.RedisConnectionFailureException">org.springframework.data.redis.RedisConnectionFailureException: Cannot get Jedis connection; nested exception is redis.clients.jedis.exceptions.JedisConnectionException: Could not get a resource from the pool
	at org.springframework.data.redis.core.RedisTemplateTests.tearDown(RedisTemplateTests.java:85)
Caused by: redis.clients.jedis.exceptions.JedisConnectionException: Could not get a resource from the pool
	at org.springframework.data.redis.core.RedisTemplateTests.tearDown(RedisTemplateTests.java:85)
Caused by: redis.clients.jedis.exceptions.JedisConnectionException: java.net.ConnectException: Connection refused (Connection refused)
	at org.springframework.data.redis.core.RedisTemplateTests.tearDown(RedisTemplateTests.java:85)
Caused by: java.net.ConnectException: Connection refused (Connection refused)
	at org.springframework.data.redis.core.RedisTemplateTests.tearDown(RedisTemplateTests.java:85)
</error>
  </testcase>
  <testcase name="testExecuteScriptCustomSerializers[3]" classname="org.springframework.data.redis.core.RedisTemplateTests" time="0.001">
    <error message="Could not initialize class org.springframework.data.redis.RedisTestProfileValueSource" type="java.lang.NoClassDefFoundError">java.lang.NoClassDefFoundError: Could not initialize class org.springframework.data.redis.RedisTestProfileValueSource
	at org.springframework.data.redis.core.RedisTemplateTests.testExecuteScriptCustomSerializers(RedisTemplateTests.java:798)
</error>
  </testcase>
  <testcase name="testExecuteScriptCustomSerializers[3]" classname="org.springframework.data.redis.core.RedisTemplateTests" time="0.001">
    <error message="Cannot get Jedis connection; nested exception is redis.clients.jedis.exceptions.JedisConnectionException: Could not get a resource from the pool" type="org.springframework.data.redis.RedisConnectionFailureException">org.springframework.data.redis.RedisConnectionFailureException: Cannot get Jedis connection; nested exception is redis.clients.jedis.exceptions.JedisConnectionException: Could not get a resource from the pool
	at org.springframework.data.redis.core.RedisTemplateTests.tearDown(RedisTemplateTests.java:85)
Caused by: redis.clients.jedis.exceptions.JedisConnectionException: Could not get a resource from the pool
	at org.springframework.data.redis.core.RedisTemplateTests.tearDown(RedisTemplateTests.java:85)
Caused by: redis.clients.jedis.exceptions.JedisConnectionException: java.net.ConnectException: Connection refused (Connection refused)
	at org.springframework.data.redis.core.RedisTemplateTests.tearDown(RedisTemplateTests.java:85)
Caused by: java.net.ConnectException: Connection refused (Connection refused)
	at org.springframework.data.redis.core.RedisTemplateTests.tearDown(RedisTemplateTests.java:85)
</error>
  </testcase>
  <testcase name="testExecutePipelined[3]" classname="org.springframework.data.redis.core.RedisTemplateTests" time="0.001">
    <error message="Cannot get Jedis connection; nested exception is redis.clients.jedis.exceptions.JedisConnectionException: Could not get a resource from the pool" type="org.springframework.data.redis.RedisConnectionFailureException">org.springframework.data.redis.RedisConnectionFailureException: Cannot get Jedis connection; nested exception is redis.clients.jedis.exceptions.JedisConnectionException: Could not get a resource from the pool
	at org.springframework.data.redis.core.RedisTemplateTests.testExecutePipelined(RedisTemplateTests.java:274)
Caused by: redis.clients.jedis.exceptions.JedisConnectionException: Could not get a resource from the pool
	at org.springframework.data.redis.core.RedisTemplateTests.testExecutePipelined(RedisTemplateTests.java:274)
Caused by: redis.clients.jedis.exceptions.JedisConnectionException: java.net.ConnectException: Connection refused (Connection refused)
	at org.springframework.data.redis.core.RedisTemplateTests.testExecutePipelined(RedisTemplateTests.java:274)
Caused by: java.net.ConnectException: Connection refused (Connection refused)
	at org.springframework.data.redis.core.RedisTemplateTests.testExecutePipelined(RedisTemplateTests.java:274)
</error>
  </testcase>
  <testcase name="testExecutePipelined[3]" classname="org.springframework.data.redis.core.RedisTemplateTests" time="0.001">
    <error message="Cannot get Jedis connection; nested exception is redis.clients.jedis.exceptions.JedisConnectionException: Could not get a resource from the pool" type="org.springframework.data.redis.RedisConnectionFailureException">org.springframework.data.redis.RedisConnectionFailureException: Cannot get Jedis connection; nested exception is redis.clients.jedis.exceptions.JedisConnectionException: Could not get a resource from the pool
	at org.springframework.data.redis.core.RedisTemplateTests.tearDown(RedisTemplateTests.java:85)
Caused by: redis.clients.jedis.exceptions.JedisConnectionException: Could not get a resource from the pool
	at org.springframework.data.redis.core.RedisTemplateTests.tearDown(RedisTemplateTests.java:85)
Caused by: redis.clients.jedis.exceptions.JedisConnectionException: java.net.ConnectException: Connection refused (Connection refused)
	at org.springframework.data.redis.core.RedisTemplateTests.tearDown(RedisTemplateTests.java:85)
Caused by: java.net.ConnectException: Connection refused (Connection refused)
	at org.springframework.data.redis.core.RedisTemplateTests.tearDown(RedisTemplateTests.java:85)
</error>
  </testcase>
  <testcase name="testDeleteMultiple[3]" classname="org.springframework.data.redis.core.RedisTemplateTests" time="0.001">
    <error message="Cannot get Jedis connection; nested exception is redis.clients.jedis.exceptions.JedisConnectionException: Could not get a resource from the pool" type="org.springframework.data.redis.RedisConnectionFailureException">org.springframework.data.redis.RedisConnectionFailureException: Cannot get Jedis connection; nested exception is redis.clients.jedis.exceptions.JedisConnectionException: Could not get a resource from the pool
	at org.springframework.data.redis.core.RedisTemplateTests.testDeleteMultiple(RedisTemplateTests.java:406)
Caused by: redis.clients.jedis.exceptions.JedisConnectionException: Could not get a resource from the pool
	at org.springframework.data.redis.core.RedisTemplateTests.testDeleteMultiple(RedisTemplateTests.java:406)
Caused by: redis.clients.jedis.exceptions.JedisConnectionException: java.net.ConnectException: Connection refused (Connection refused)
	at org.springframework.data.redis.core.RedisTemplateTests.testDeleteMultiple(RedisTemplateTests.java:406)
Caused by: java.net.ConnectException: Connection refused (Connection refused)
	at org.springframework.data.redis.core.RedisTemplateTests.testDeleteMultiple(RedisTemplateTests.java:406)
</error>
  </testcase>
  <testcase name="testDeleteMultiple[3]" classname="org.springframework.data.redis.core.RedisTemplateTests" time="0.002">
    <error message="Cannot get Jedis connection; nested exception is redis.clients.jedis.exceptions.JedisConnectionException: Could not get a resource from the pool" type="org.springframework.data.redis.RedisConnectionFailureException">org.springframework.data.redis.RedisConnectionFailureException: Cannot get Jedis connection; nested exception is redis.clients.jedis.exceptions.JedisConnectionException: Could not get a resource from the pool
	at org.springframework.data.redis.core.RedisTemplateTests.tearDown(RedisTemplateTests.java:85)
Caused by: redis.clients.jedis.exceptions.JedisConnectionException: Could not get a resource from the pool
	at org.springframework.data.redis.core.RedisTemplateTests.tearDown(RedisTemplateTests.java:85)
Caused by: redis.clients.jedis.exceptions.JedisConnectionException: java.net.ConnectException: Connection refused (Connection refused)
	at org.springframework.data.redis.core.RedisTemplateTests.tearDown(RedisTemplateTests.java:85)
Caused by: java.net.ConnectException: Connection refused (Connection refused)
	at org.springframework.data.redis.core.RedisTemplateTests.tearDown(RedisTemplateTests.java:85)
</error>
  </testcase>
  <testcase name="testGetExpireMillisForKeyExistButHasNoAssociatedExpire[3]" classname="org.springframework.data.redis.core.RedisTemplateTests" time="0.001">
    <error message="Cannot get Jedis connection; nested exception is redis.clients.jedis.exceptions.JedisConnectionException: Could not get a resource from the pool" type="org.springframework.data.redis.RedisConnectionFailureException">org.springframework.data.redis.RedisConnectionFailureException: Cannot get Jedis connection; nested exception is redis.clients.jedis.exceptions.JedisConnectionException: Could not get a resource from the pool
	at org.springframework.data.redis.core.RedisTemplateTests.testGetExpireMillisForKeyExistButHasNoAssociatedExpire(RedisTemplateTests.java:510)
Caused by: redis.clients.jedis.exceptions.JedisConnectionException: Could not get a resource from the pool
	at org.springframework.data.redis.core.RedisTemplateTests.testGetExpireMillisForKeyExistButHasNoAssociatedExpire(RedisTemplateTests.java:510)
Caused by: redis.clients.jedis.exceptions.JedisConnectionException: java.net.ConnectException: Connection refused (Connection refused)
	at org.springframework.data.redis.core.RedisTemplateTests.testGetExpireMillisForKeyExistButHasNoAssociatedExpire(RedisTemplateTests.java:510)
Caused by: java.net.ConnectException: Connection refused (Connection refused)
	at org.springframework.data.redis.core.RedisTemplateTests.testGetExpireMillisForKeyExistButHasNoAssociatedExpire(RedisTemplateTests.java:510)
</error>
  </testcase>
  <testcase name="testGetExpireMillisForKeyExistButHasNoAssociatedExpire[3]" classname="org.springframework.data.redis.core.RedisTemplateTests" time="0.001">
    <error message="Cannot get Jedis connection; nested exception is redis.clients.jedis.exceptions.JedisConnectionException: Could not get a resource from the pool" type="org.springframework.data.redis.RedisConnectionFailureException">org.springframework.data.redis.RedisConnectionFailureException: Cannot get Jedis connection; nested exception is redis.clients.jedis.exceptions.JedisConnectionException: Could not get a resource from the pool
	at org.springframework.data.redis.core.RedisTemplateTests.tearDown(RedisTemplateTests.java:85)
Caused by: redis.clients.jedis.exceptions.JedisConnectionException: Could not get a resource from the pool
	at org.springframework.data.redis.core.RedisTemplateTests.tearDown(RedisTemplateTests.java:85)
Caused by: redis.clients.jedis.exceptions.JedisConnectionException: java.net.ConnectException: Connection refused (Connection refused)
	at org.springframework.data.redis.core.RedisTemplateTests.tearDown(RedisTemplateTests.java:85)
Caused by: java.net.ConnectException: Connection refused (Connection refused)
	at org.springframework.data.redis.core.RedisTemplateTests.tearDown(RedisTemplateTests.java:85)
</error>
  </testcase>
  <testcase name="testRename[3]" classname="org.springframework.data.redis.core.RedisTemplateTests" time="0.001">
    <error message="Cannot get Jedis connection; nested exception is redis.clients.jedis.exceptions.JedisConnectionException: Could not get a resource from the pool" type="org.springframework.data.redis.RedisConnectionFailureException">org.springframework.data.redis.RedisConnectionFailureException: Cannot get Jedis connection; nested exception is redis.clients.jedis.exceptions.JedisConnectionException: Could not get a resource from the pool
	at org.springframework.data.redis.core.RedisTemplateTests.testRename(RedisTemplateTests.java:657)
Caused by: redis.clients.jedis.exceptions.JedisConnectionException: Could not get a resource from the pool
	at org.springframework.data.redis.core.RedisTemplateTests.testRename(RedisTemplateTests.java:657)
Caused by: redis.clients.jedis.exceptions.JedisConnectionException: java.net.ConnectException: Connection refused (Connection refused)
	at org.springframework.data.redis.core.RedisTemplateTests.testRename(RedisTemplateTests.java:657)
Caused by: java.net.ConnectException: Connection refused (Connection refused)
	at org.springframework.data.redis.core.RedisTemplateTests.testRename(RedisTemplateTests.java:657)
</error>
  </testcase>
  <testcase name="testRename[3]" classname="org.springframework.data.redis.core.RedisTemplateTests" time="0.001">
    <error message="Cannot get Jedis connection; nested exception is redis.clients.jedis.exceptions.JedisConnectionException: Could not get a resource from the pool" type="org.springframework.data.redis.RedisConnectionFailureException">org.springframework.data.redis.RedisConnectionFailureException: Cannot get Jedis connection; nested exception is redis.clients.jedis.exceptions.JedisConnectionException: Could not get a resource from the pool
	at org.springframework.data.redis.core.RedisTemplateTests.tearDown(RedisTemplateTests.java:85)
Caused by: redis.clients.jedis.exceptions.JedisConnectionException: Could not get a resource from the pool
	at org.springframework.data.redis.core.RedisTemplateTests.tearDown(RedisTemplateTests.java:85)
Caused by: redis.clients.jedis.exceptions.JedisConnectionException: java.net.ConnectException: Connection refused (Connection refused)
	at org.springframework.data.redis.core.RedisTemplateTests.tearDown(RedisTemplateTests.java:85)
Caused by: java.net.ConnectException: Connection refused (Connection refused)
	at org.springframework.data.redis.core.RedisTemplateTests.tearDown(RedisTemplateTests.java:85)
</error>
  </testcase>
  <testcase name="testGetExpireSeconds[3]" classname="org.springframework.data.redis.core.RedisTemplateTests" time="0.001">
    <error message="Cannot get Jedis connection; nested exception is redis.clients.jedis.exceptions.JedisConnectionException: Could not get a resource from the pool" type="org.springframework.data.redis.RedisConnectionFailureException">org.springframework.data.redis.RedisConnectionFailureException: Cannot get Jedis connection; nested exception is redis.clients.jedis.exceptions.JedisConnectionException: Could not get a resource from the pool
	at org.springframework.data.redis.core.RedisTemplateTests.testGetExpireSeconds(RedisTemplateTests.java:477)
Caused by: redis.clients.jedis.exceptions.JedisConnectionException: Could not get a resource from the pool
	at org.springframework.data.redis.core.RedisTemplateTests.testGetExpireSeconds(RedisTemplateTests.java:477)
Caused by: redis.clients.jedis.exceptions.JedisConnectionException: java.net.ConnectException: Connection refused (Connection refused)
	at org.springframework.data.redis.core.RedisTemplateTests.testGetExpireSeconds(RedisTemplateTests.java:477)
Caused by: java.net.ConnectException: Connection refused (Connection refused)
	at org.springframework.data.redis.core.RedisTemplateTests.testGetExpireSeconds(RedisTemplateTests.java:477)
</error>
  </testcase>
  <testcase name="testGetExpireSeconds[3]" classname="org.springframework.data.redis.core.RedisTemplateTests" time="0.002">
    <error message="Cannot get Jedis connection; nested exception is redis.clients.jedis.exceptions.JedisConnectionException: Could not get a resource from the pool" type="org.springframework.data.redis.RedisConnectionFailureException">org.springframework.data.redis.RedisConnectionFailureException: Cannot get Jedis connection; nested exception is redis.clients.jedis.exceptions.JedisConnectionException: Could not get a resource from the pool
	at org.springframework.data.redis.core.RedisTemplateTests.tearDown(RedisTemplateTests.java:85)
Caused by: redis.clients.jedis.exceptions.JedisConnectionException: Could not get a resource from the pool
	at org.springframework.data.redis.core.RedisTemplateTests.tearDown(RedisTemplateTests.java:85)
Caused by: redis.clients.jedis.exceptions.JedisConnectionException: java.net.ConnectException: Connection refused (Connection refused)
	at org.springframework.data.redis.core.RedisTemplateTests.tearDown(RedisTemplateTests.java:85)
Caused by: java.net.ConnectException: Connection refused (Connection refused)
	at org.springframework.data.redis.core.RedisTemplateTests.tearDown(RedisTemplateTests.java:85)
</error>
  </testcase>
  <testcase name="testStringTemplateExecutesWithStringConn[3]" classname="org.springframework.data.redis.core.RedisTemplateTests" time="0">
    <error message="got: &lt;false&gt;, expected: is &lt;true&gt;" type="org.junit.AssumptionViolatedException"><![CDATA[org.junit.AssumptionViolatedException: got: <false>, expected: is <true>
	at org.springframework.data.redis.core.RedisTemplateTests.testStringTemplateExecutesWithStringConn(RedisTemplateTests.java:149)
]]></error>
  </testcase>
  <testcase name="testStringTemplateExecutesWithStringConn[3]" classname="org.springframework.data.redis.core.RedisTemplateTests" time="0.001">
    <error message="Cannot get Jedis connection; nested exception is redis.clients.jedis.exceptions.JedisConnectionException: Could not get a resource from the pool" type="org.springframework.data.redis.RedisConnectionFailureException">org.springframework.data.redis.RedisConnectionFailureException: Cannot get Jedis connection; nested exception is redis.clients.jedis.exceptions.JedisConnectionException: Could not get a resource from the pool
	at org.springframework.data.redis.core.RedisTemplateTests.tearDown(RedisTemplateTests.java:85)
Caused by: redis.clients.jedis.exceptions.JedisConnectionException: Could not get a resource from the pool
	at org.springframework.data.redis.core.RedisTemplateTests.tearDown(RedisTemplateTests.java:85)
Caused by: redis.clients.jedis.exceptions.JedisConnectionException: java.net.ConnectException: Connection refused (Connection refused)
	at org.springframework.data.redis.core.RedisTemplateTests.tearDown(RedisTemplateTests.java:85)
Caused by: java.net.ConnectException: Connection refused (Connection refused)
	at org.springframework.data.redis.core.RedisTemplateTests.tearDown(RedisTemplateTests.java:85)
</error>
  </testcase>
  <testcase name="testExecutePipelinedWidthDifferentHashKeySerializerAndHashValueSerializer[3]" classname="org.springframework.data.redis.core.RedisTemplateTests" time="0">
    <error message="got: &lt;false&gt;, expected: is &lt;true&gt;" type="org.junit.AssumptionViolatedException"><![CDATA[org.junit.AssumptionViolatedException: got: <false>, expected: is <true>
	at org.springframework.data.redis.core.RedisTemplateTests.testExecutePipelinedWidthDifferentHashKeySerializerAndHashValueSerializer(RedisTemplateTests.java:310)
]]></error>
  </testcase>
  <testcase name="testExecutePipelinedWidthDifferentHashKeySerializerAndHashValueSerializer[3]" classname="org.springframework.data.redis.core.RedisTemplateTests" time="0">
    <error message="Cannot get Jedis connection; nested exception is redis.clients.jedis.exceptions.JedisConnectionException: Could not get a resource from the pool" type="org.springframework.data.redis.RedisConnectionFailureException">org.springframework.data.redis.RedisConnectionFailureException: Cannot get Jedis connection; nested exception is redis.clients.jedis.exceptions.JedisConnectionException: Could not get a resource from the pool
	at org.springframework.data.redis.core.RedisTemplateTests.tearDown(RedisTemplateTests.java:85)
Caused by: redis.clients.jedis.exceptions.JedisConnectionException: Could not get a resource from the pool
	at org.springframework.data.redis.core.RedisTemplateTests.tearDown(RedisTemplateTests.java:85)
Caused by: redis.clients.jedis.exceptions.JedisConnectionException: java.net.ConnectException: Connection refused (Connection refused)
	at org.springframework.data.redis.core.RedisTemplateTests.tearDown(RedisTemplateTests.java:85)
Caused by: java.net.ConnectException: Connection refused (Connection refused)
	at org.springframework.data.redis.core.RedisTemplateTests.tearDown(RedisTemplateTests.java:85)
</error>
  </testcase>
  <testcase name="testGetExpireNoTimeUnit[3]" classname="org.springframework.data.redis.core.RedisTemplateTests" time="0.001">
    <error message="Cannot get Jedis connection; nested exception is redis.clients.jedis.exceptions.JedisConnectionException: Could not get a resource from the pool" type="org.springframework.data.redis.RedisConnectionFailureException">org.springframework.data.redis.RedisConnectionFailureException: Cannot get Jedis connection; nested exception is redis.clients.jedis.exceptions.JedisConnectionException: Could not get a resource from the pool
	at org.springframework.data.redis.core.RedisTemplateTests.testGetExpireNoTimeUnit(RedisTemplateTests.java:466)
Caused by: redis.clients.jedis.exceptions.JedisConnectionException: Could not get a resource from the pool
	at org.springframework.data.redis.core.RedisTemplateTests.testGetExpireNoTimeUnit(RedisTemplateTests.java:466)
Caused by: redis.clients.jedis.exceptions.JedisConnectionException: java.net.ConnectException: Connection refused (Connection refused)
	at org.springframework.data.redis.core.RedisTemplateTests.testGetExpireNoTimeUnit(RedisTemplateTests.java:466)
Caused by: java.net.ConnectException: Connection refused (Connection refused)
	at org.springframework.data.redis.core.RedisTemplateTests.testGetExpireNoTimeUnit(RedisTemplateTests.java:466)
</error>
  </testcase>
  <testcase name="testGetExpireNoTimeUnit[3]" classname="org.springframework.data.redis.core.RedisTemplateTests" time="0.002">
    <error message="Cannot get Jedis connection; nested exception is redis.clients.jedis.exceptions.JedisConnectionException: Could not get a resource from the pool" type="org.springframework.data.redis.RedisConnectionFailureException">org.springframework.data.redis.RedisConnectionFailureException: Cannot get Jedis connection; nested exception is redis.clients.jedis.exceptions.JedisConnectionException: Could not get a resource from the pool
	at org.springframework.data.redis.core.RedisTemplateTests.tearDown(RedisTemplateTests.java:85)
Caused by: redis.clients.jedis.exceptions.JedisConnectionException: Could not get a resource from the pool
	at org.springframework.data.redis.core.RedisTemplateTests.tearDown(RedisTemplateTests.java:85)
Caused by: redis.clients.jedis.exceptions.JedisConnectionException: java.net.ConnectException: Connection refused (Connection refused)
	at org.springframework.data.redis.core.RedisTemplateTests.tearDown(RedisTemplateTests.java:85)
Caused by: java.net.ConnectException: Connection refused (Connection refused)
	at org.springframework.data.redis.core.RedisTemplateTests.tearDown(RedisTemplateTests.java:85)
</error>
  </testcase>
  <testcase name="countExistingKeysReturnsNumberOfKeysCorrectly[3]" classname="org.springframework.data.redis.core.RedisTemplateTests" time="0.001">
    <error message="Cannot get Jedis connection; nested exception is redis.clients.jedis.exceptions.JedisConnectionException: Could not get a resource from the pool" type="org.springframework.data.redis.RedisConnectionFailureException">org.springframework.data.redis.RedisConnectionFailureException: Cannot get Jedis connection; nested exception is redis.clients.jedis.exceptions.JedisConnectionException: Could not get a resource from the pool
	at org.springframework.data.redis.core.RedisTemplateTests.countExistingKeysReturnsNumberOfKeysCorrectly(RedisTemplateTests.java:820)
Caused by: redis.clients.jedis.exceptions.JedisConnectionException: Could not get a resource from the pool
	at org.springframework.data.redis.core.RedisTemplateTests.countExistingKeysReturnsNumberOfKeysCorrectly(RedisTemplateTests.java:820)
Caused by: redis.clients.jedis.exceptions.JedisConnectionException: java.net.ConnectException: Connection refused (Connection refused)
	at org.springframework.data.redis.core.RedisTemplateTests.countExistingKeysReturnsNumberOfKeysCorrectly(RedisTemplateTests.java:820)
Caused by: java.net.ConnectException: Connection refused (Connection refused)
	at org.springframework.data.redis.core.RedisTemplateTests.countExistingKeysReturnsNumberOfKeysCorrectly(RedisTemplateTests.java:820)
</error>
  </testcase>
  <testcase name="countExistingKeysReturnsNumberOfKeysCorrectly[3]" classname="org.springframework.data.redis.core.RedisTemplateTests" time="0.001">
    <error message="Cannot get Jedis connection; nested exception is redis.clients.jedis.exceptions.JedisConnectionException: Could not get a resource from the pool" type="org.springframework.data.redis.RedisConnectionFailureException">org.springframework.data.redis.RedisConnectionFailureException: Cannot get Jedis connection; nested exception is redis.clients.jedis.exceptions.JedisConnectionException: Could not get a resource from the pool
	at org.springframework.data.redis.core.RedisTemplateTests.tearDown(RedisTemplateTests.java:85)
Caused by: redis.clients.jedis.exceptions.JedisConnectionException: Could not get a resource from the pool
	at org.springframework.data.redis.core.RedisTemplateTests.tearDown(RedisTemplateTests.java:85)
Caused by: redis.clients.jedis.exceptions.JedisConnectionException: java.net.ConnectException: Connection refused (Connection refused)
	at org.springframework.data.redis.core.RedisTemplateTests.tearDown(RedisTemplateTests.java:85)
Caused by: java.net.ConnectException: Connection refused (Connection refused)
	at org.springframework.data.redis.core.RedisTemplateTests.tearDown(RedisTemplateTests.java:85)
</error>
  </testcase>
  <testcase name="testExpireAndGetExpireMillis[3]" classname="org.springframework.data.redis.core.RedisTemplateTests" time="0.001">
    <error message="Cannot get Jedis connection; nested exception is redis.clients.jedis.exceptions.JedisConnectionException: Could not get a resource from the pool" type="org.springframework.data.redis.RedisConnectionFailureException">org.springframework.data.redis.RedisConnectionFailureException: Cannot get Jedis connection; nested exception is redis.clients.jedis.exceptions.JedisConnectionException: Could not get a resource from the pool
	at org.springframework.data.redis.core.RedisTemplateTests.testExpireAndGetExpireMillis(RedisTemplateTests.java:454)
Caused by: redis.clients.jedis.exceptions.JedisConnectionException: Could not get a resource from the pool
	at org.springframework.data.redis.core.RedisTemplateTests.testExpireAndGetExpireMillis(RedisTemplateTests.java:454)
Caused by: redis.clients.jedis.exceptions.JedisConnectionException: java.net.ConnectException: Connection refused (Connection refused)
	at org.springframework.data.redis.core.RedisTemplateTests.testExpireAndGetExpireMillis(RedisTemplateTests.java:454)
Caused by: java.net.ConnectException: Connection refused (Connection refused)
	at org.springframework.data.redis.core.RedisTemplateTests.testExpireAndGetExpireMillis(RedisTemplateTests.java:454)
</error>
  </testcase>
  <testcase name="testExpireAndGetExpireMillis[3]" classname="org.springframework.data.redis.core.RedisTemplateTests" time="0.001">
    <error message="Cannot get Jedis connection; nested exception is redis.clients.jedis.exceptions.JedisConnectionException: Could not get a resource from the pool" type="org.springframework.data.redis.RedisConnectionFailureException">org.springframework.data.redis.RedisConnectionFailureException: Cannot get Jedis connection; nested exception is redis.clients.jedis.exceptions.JedisConnectionException: Could not get a resource from the pool
	at org.springframework.data.redis.core.RedisTemplateTests.tearDown(RedisTemplateTests.java:85)
Caused by: redis.clients.jedis.exceptions.JedisConnectionException: Could not get a resource from the pool
	at org.springframework.data.redis.core.RedisTemplateTests.tearDown(RedisTemplateTests.java:85)
Caused by: redis.clients.jedis.exceptions.JedisConnectionException: java.net.ConnectException: Connection refused (Connection refused)
	at org.springframework.data.redis.core.RedisTemplateTests.tearDown(RedisTemplateTests.java:85)
Caused by: java.net.ConnectException: Connection refused (Connection refused)
	at org.springframework.data.redis.core.RedisTemplateTests.tearDown(RedisTemplateTests.java:85)
</error>
  </testcase>
  <testcase name="testWatchMultipleKeys[3]" classname="org.springframework.data.redis.core.RedisTemplateTests" time="0.001">
    <error message="Cannot get Jedis connection; nested exception is redis.clients.jedis.exceptions.JedisConnectionException: Could not get a resource from the pool" type="org.springframework.data.redis.RedisConnectionFailureException">org.springframework.data.redis.RedisConnectionFailureException: Cannot get Jedis connection; nested exception is redis.clients.jedis.exceptions.JedisConnectionException: Could not get a resource from the pool
	at org.springframework.data.redis.core.RedisTemplateTests.testWatchMultipleKeys(RedisTemplateTests.java:756)
Caused by: redis.clients.jedis.exceptions.JedisConnectionException: Could not get a resource from the pool
	at org.springframework.data.redis.core.RedisTemplateTests.testWatchMultipleKeys(RedisTemplateTests.java:756)
Caused by: redis.clients.jedis.exceptions.JedisConnectionException: java.net.ConnectException: Connection refused (Connection refused)
	at org.springframework.data.redis.core.RedisTemplateTests.testWatchMultipleKeys(RedisTemplateTests.java:756)
Caused by: java.net.ConnectException: Connection refused (Connection refused)
	at org.springframework.data.redis.core.RedisTemplateTests.testWatchMultipleKeys(RedisTemplateTests.java:756)
</error>
  </testcase>
  <testcase name="testWatchMultipleKeys[3]" classname="org.springframework.data.redis.core.RedisTemplateTests" time="0.002">
    <error message="Cannot get Jedis connection; nested exception is redis.clients.jedis.exceptions.JedisConnectionException: Could not get a resource from the pool" type="org.springframework.data.redis.RedisConnectionFailureException">org.springframework.data.redis.RedisConnectionFailureException: Cannot get Jedis connection; nested exception is redis.clients.jedis.exceptions.JedisConnectionException: Could not get a resource from the pool
	at org.springframework.data.redis.core.RedisTemplateTests.tearDown(RedisTemplateTests.java:85)
Caused by: redis.clients.jedis.exceptions.JedisConnectionException: Could not get a resource from the pool
	at org.springframework.data.redis.core.RedisTemplateTests.tearDown(RedisTemplateTests.java:85)
Caused by: redis.clients.jedis.exceptions.JedisConnectionException: java.net.ConnectException: Connection refused (Connection refused)
	at org.springframework.data.redis.core.RedisTemplateTests.tearDown(RedisTemplateTests.java:85)
Caused by: java.net.ConnectException: Connection refused (Connection refused)
	at org.springframework.data.redis.core.RedisTemplateTests.tearDown(RedisTemplateTests.java:85)
</error>
  </testcase>
  <testcase name="testRestoreTtl[4]" classname="org.springframework.data.redis.core.RedisTemplateTests" time="0">
    <error message="Could not initialize class org.springframework.data.redis.RedisTestProfileValueSource" type="java.lang.NoClassDefFoundError">java.lang.NoClassDefFoundError: Could not initialize class org.springframework.data.redis.RedisTestProfileValueSource
	at org.springframework.data.redis.core.RedisTemplateTests.testRestoreTtl(RedisTemplateTests.java:116)
</error>
  </testcase>
  <testcase name="testRestoreTtl[4]" classname="org.springframework.data.redis.core.RedisTemplateTests" time="0">
    <error message="Cannot get Jedis connection; nested exception is redis.clients.jedis.exceptions.JedisConnectionException: Could not get a resource from the pool" type="org.springframework.data.redis.RedisConnectionFailureException">org.springframework.data.redis.RedisConnectionFailureException: Cannot get Jedis connection; nested exception is redis.clients.jedis.exceptions.JedisConnectionException: Could not get a resource from the pool
	at org.springframework.data.redis.core.RedisTemplateTests.tearDown(RedisTemplateTests.java:85)
Caused by: redis.clients.jedis.exceptions.JedisConnectionException: Could not get a resource from the pool
	at org.springframework.data.redis.core.RedisTemplateTests.tearDown(RedisTemplateTests.java:85)
Caused by: redis.clients.jedis.exceptions.JedisConnectionException: java.net.ConnectException: Connection refused (Connection refused)
	at org.springframework.data.redis.core.RedisTemplateTests.tearDown(RedisTemplateTests.java:85)
Caused by: java.net.ConnectException: Connection refused (Connection refused)
	at org.springframework.data.redis.core.RedisTemplateTests.tearDown(RedisTemplateTests.java:85)
</error>
  </testcase>
  <testcase name="testGetExpireMillis[4]" classname="org.springframework.data.redis.core.RedisTemplateTests" time="0.001">
    <error message="Cannot get Jedis connection; nested exception is redis.clients.jedis.exceptions.JedisConnectionException: Could not get a resource from the pool" type="org.springframework.data.redis.RedisConnectionFailureException">org.springframework.data.redis.RedisConnectionFailureException: Cannot get Jedis connection; nested exception is redis.clients.jedis.exceptions.JedisConnectionException: Could not get a resource from the pool
	at org.springframework.data.redis.core.RedisTemplateTests.testGetExpireMillis(RedisTemplateTests.java:524)
Caused by: redis.clients.jedis.exceptions.JedisConnectionException: Could not get a resource from the pool
	at org.springframework.data.redis.core.RedisTemplateTests.testGetExpireMillis(RedisTemplateTests.java:524)
Caused by: redis.clients.jedis.exceptions.JedisConnectionException: java.net.ConnectException: Connection refused (Connection refused)
	at org.springframework.data.redis.core.RedisTemplateTests.testGetExpireMillis(RedisTemplateTests.java:524)
Caused by: java.net.ConnectException: Connection refused (Connection refused)
	at org.springframework.data.redis.core.RedisTemplateTests.testGetExpireMillis(RedisTemplateTests.java:524)
</error>
  </testcase>
  <testcase name="testGetExpireMillis[4]" classname="org.springframework.data.redis.core.RedisTemplateTests" time="0.001">
    <error message="Cannot get Jedis connection; nested exception is redis.clients.jedis.exceptions.JedisConnectionException: Could not get a resource from the pool" type="org.springframework.data.redis.RedisConnectionFailureException">org.springframework.data.redis.RedisConnectionFailureException: Cannot get Jedis connection; nested exception is redis.clients.jedis.exceptions.JedisConnectionException: Could not get a resource from the pool
	at org.springframework.data.redis.core.RedisTemplateTests.tearDown(RedisTemplateTests.java:85)
Caused by: redis.clients.jedis.exceptions.JedisConnectionException: Could not get a resource from the pool
	at org.springframework.data.redis.core.RedisTemplateTests.tearDown(RedisTemplateTests.java:85)
Caused by: redis.clients.jedis.exceptions.JedisConnectionException: java.net.ConnectException: Connection refused (Connection refused)
	at org.springframework.data.redis.core.RedisTemplateTests.tearDown(RedisTemplateTests.java:85)
Caused by: java.net.ConnectException: Connection refused (Connection refused)
	at org.springframework.data.redis.core.RedisTemplateTests.tearDown(RedisTemplateTests.java:85)
</error>
  </testcase>
  <testcase name="testExecutePipelinedTxCustomSerializer[4]" classname="org.springframework.data.redis.core.RedisTemplateTests" time="0">
    <error message="got: &lt;false&gt;, expected: is &lt;true&gt;" type="org.junit.AssumptionViolatedException"><![CDATA[org.junit.AssumptionViolatedException: got: <false>, expected: is <true>
	at org.springframework.data.redis.core.RedisTemplateTests.testExecutePipelinedTxCustomSerializer(RedisTemplateTests.java:358)
]]></error>
  </testcase>
  <testcase name="testExecutePipelinedTxCustomSerializer[4]" classname="org.springframework.data.redis.core.RedisTemplateTests" time="0.001">
    <error message="Cannot get Jedis connection; nested exception is redis.clients.jedis.exceptions.JedisConnectionException: Could not get a resource from the pool" type="org.springframework.data.redis.RedisConnectionFailureException">org.springframework.data.redis.RedisConnectionFailureException: Cannot get Jedis connection; nested exception is redis.clients.jedis.exceptions.JedisConnectionException: Could not get a resource from the pool
	at org.springframework.data.redis.core.RedisTemplateTests.tearDown(RedisTemplateTests.java:85)
Caused by: redis.clients.jedis.exceptions.JedisConnectionException: Could not get a resource from the pool
	at org.springframework.data.redis.core.RedisTemplateTests.tearDown(RedisTemplateTests.java:85)
Caused by: redis.clients.jedis.exceptions.JedisConnectionException: java.net.ConnectException: Connection refused (Connection refused)
	at org.springframework.data.redis.core.RedisTemplateTests.tearDown(RedisTemplateTests.java:85)
Caused by: java.net.ConnectException: Connection refused (Connection refused)
	at org.springframework.data.redis.core.RedisTemplateTests.tearDown(RedisTemplateTests.java:85)
</error>
  </testcase>
  <testcase name="testExecutePipelinedNonNullRedisCallback[4]" classname="org.springframework.data.redis.core.RedisTemplateTests" time="0.001">
    <error message="Unexpected exception, expected&lt;org.springframework.dao.InvalidDataAccessApiUsageException&gt; but was&lt;org.springframework.data.redis.RedisConnectionFailureException&gt;" type="java.lang.Exception"><![CDATA[java.lang.Exception: Unexpected exception, expected<org.springframework.dao.InvalidDataAccessApiUsageException> but was<org.springframework.data.redis.RedisConnectionFailureException>
	at org.springframework.data.redis.core.RedisTemplateTests.testExecutePipelinedNonNullRedisCallback(RedisTemplateTests.java:330)
Caused by: redis.clients.jedis.exceptions.JedisConnectionException: Could not get a resource from the pool
	at org.springframework.data.redis.core.RedisTemplateTests.testExecutePipelinedNonNullRedisCallback(RedisTemplateTests.java:330)
Caused by: redis.clients.jedis.exceptions.JedisConnectionException: java.net.ConnectException: Connection refused (Connection refused)
	at org.springframework.data.redis.core.RedisTemplateTests.testExecutePipelinedNonNullRedisCallback(RedisTemplateTests.java:330)
Caused by: java.net.ConnectException: Connection refused (Connection refused)
	at org.springframework.data.redis.core.RedisTemplateTests.testExecutePipelinedNonNullRedisCallback(RedisTemplateTests.java:330)
]]></error>
  </testcase>
  <testcase name="testExecutePipelinedNonNullRedisCallback[4]" classname="org.springframework.data.redis.core.RedisTemplateTests" time="0.001">
    <error message="Cannot get Jedis connection; nested exception is redis.clients.jedis.exceptions.JedisConnectionException: Could not get a resource from the pool" type="org.springframework.data.redis.RedisConnectionFailureException">org.springframework.data.redis.RedisConnectionFailureException: Cannot get Jedis connection; nested exception is redis.clients.jedis.exceptions.JedisConnectionException: Could not get a resource from the pool
	at org.springframework.data.redis.core.RedisTemplateTests.tearDown(RedisTemplateTests.java:85)
Caused by: redis.clients.jedis.exceptions.JedisConnectionException: Could not get a resource from the pool
	at org.springframework.data.redis.core.RedisTemplateTests.tearDown(RedisTemplateTests.java:85)
Caused by: redis.clients.jedis.exceptions.JedisConnectionException: java.net.ConnectException: Connection refused (Connection refused)
	at org.springframework.data.redis.core.RedisTemplateTests.tearDown(RedisTemplateTests.java:85)
Caused by: java.net.ConnectException: Connection refused (Connection refused)
	at org.springframework.data.redis.core.RedisTemplateTests.tearDown(RedisTemplateTests.java:85)
</error>
  </testcase>
  <testcase name="testExecutePipelinedTx[4]" classname="org.springframework.data.redis.core.RedisTemplateTests" time="0.001">
    <error message="Cannot get Jedis connection; nested exception is redis.clients.jedis.exceptions.JedisConnectionException: Could not get a resource from the pool" type="org.springframework.data.redis.RedisConnectionFailureException">org.springframework.data.redis.RedisConnectionFailureException: Cannot get Jedis connection; nested exception is redis.clients.jedis.exceptions.JedisConnectionException: Could not get a resource from the pool
	at org.springframework.data.redis.core.RedisTemplateTests.testExecutePipelinedTx(RedisTemplateTests.java:338)
Caused by: redis.clients.jedis.exceptions.JedisConnectionException: Could not get a resource from the pool
	at org.springframework.data.redis.core.RedisTemplateTests.testExecutePipelinedTx(RedisTemplateTests.java:338)
Caused by: redis.clients.jedis.exceptions.JedisConnectionException: java.net.ConnectException: Connection refused (Connection refused)
	at org.springframework.data.redis.core.RedisTemplateTests.testExecutePipelinedTx(RedisTemplateTests.java:338)
Caused by: java.net.ConnectException: Connection refused (Connection refused)
	at org.springframework.data.redis.core.RedisTemplateTests.testExecutePipelinedTx(RedisTemplateTests.java:338)
</error>
  </testcase>
  <testcase name="testExecutePipelinedTx[4]" classname="org.springframework.data.redis.core.RedisTemplateTests" time="0.001">
    <error message="Cannot get Jedis connection; nested exception is redis.clients.jedis.exceptions.JedisConnectionException: Could not get a resource from the pool" type="org.springframework.data.redis.RedisConnectionFailureException">org.springframework.data.redis.RedisConnectionFailureException: Cannot get Jedis connection; nested exception is redis.clients.jedis.exceptions.JedisConnectionException: Could not get a resource from the pool
	at org.springframework.data.redis.core.RedisTemplateTests.tearDown(RedisTemplateTests.java:85)
Caused by: redis.clients.jedis.exceptions.JedisConnectionException: Could not get a resource from the pool
	at org.springframework.data.redis.core.RedisTemplateTests.tearDown(RedisTemplateTests.java:85)
Caused by: redis.clients.jedis.exceptions.JedisConnectionException: java.net.ConnectException: Connection refused (Connection refused)
	at org.springframework.data.redis.core.RedisTemplateTests.tearDown(RedisTemplateTests.java:85)
Caused by: java.net.ConnectException: Connection refused (Connection refused)
	at org.springframework.data.redis.core.RedisTemplateTests.tearDown(RedisTemplateTests.java:85)
</error>
  </testcase>
  <testcase name="testGetExpireMillisUsingPipelining[4]" classname="org.springframework.data.redis.core.RedisTemplateTests" time="0.001">
    <error message="Cannot get Jedis connection; nested exception is redis.clients.jedis.exceptions.JedisConnectionException: Could not get a resource from the pool" type="org.springframework.data.redis.RedisConnectionFailureException">org.springframework.data.redis.RedisConnectionFailureException: Cannot get Jedis connection; nested exception is redis.clients.jedis.exceptions.JedisConnectionException: Could not get a resource from the pool
	at org.springframework.data.redis.core.RedisTemplateTests.testGetExpireMillisUsingPipelining(RedisTemplateTests.java:568)
Caused by: redis.clients.jedis.exceptions.JedisConnectionException: Could not get a resource from the pool
	at org.springframework.data.redis.core.RedisTemplateTests.testGetExpireMillisUsingPipelining(RedisTemplateTests.java:568)
Caused by: redis.clients.jedis.exceptions.JedisConnectionException: java.net.ConnectException: Connection refused (Connection refused)
	at org.springframework.data.redis.core.RedisTemplateTests.testGetExpireMillisUsingPipelining(RedisTemplateTests.java:568)
Caused by: java.net.ConnectException: Connection refused (Connection refused)
	at org.springframework.data.redis.core.RedisTemplateTests.testGetExpireMillisUsingPipelining(RedisTemplateTests.java:568)
</error>
  </testcase>
  <testcase name="testGetExpireMillisUsingPipelining[4]" classname="org.springframework.data.redis.core.RedisTemplateTests" time="0.002">
    <error message="Cannot get Jedis connection; nested exception is redis.clients.jedis.exceptions.JedisConnectionException: Could not get a resource from the pool" type="org.springframework.data.redis.RedisConnectionFailureException">org.springframework.data.redis.RedisConnectionFailureException: Cannot get Jedis connection; nested exception is redis.clients.jedis.exceptions.JedisConnectionException: Could not get a resource from the pool
	at org.springframework.data.redis.core.RedisTemplateTests.tearDown(RedisTemplateTests.java:85)
Caused by: redis.clients.jedis.exceptions.JedisConnectionException: Could not get a resource from the pool
	at org.springframework.data.redis.core.RedisTemplateTests.tearDown(RedisTemplateTests.java:85)
Caused by: redis.clients.jedis.exceptions.JedisConnectionException: java.net.ConnectException: Connection refused (Connection refused)
	at org.springframework.data.redis.core.RedisTemplateTests.tearDown(RedisTemplateTests.java:85)
Caused by: java.net.ConnectException: Connection refused (Connection refused)
	at org.springframework.data.redis.core.RedisTemplateTests.tearDown(RedisTemplateTests.java:85)
</error>
  </testcase>
  <testcase name="testSortBulkMapper[4]" classname="org.springframework.data.redis.core.RedisTemplateTests" time="0">
    <error message="got: &lt;false&gt;, expected: is &lt;true&gt;" type="org.junit.AssumptionViolatedException"><![CDATA[org.junit.AssumptionViolatedException: got: <false>, expected: is <true>
	at org.springframework.data.redis.core.RedisTemplateTests.testSortBulkMapper(RedisTemplateTests.java:443)
]]></error>
  </testcase>
  <testcase name="testSortBulkMapper[4]" classname="org.springframework.data.redis.core.RedisTemplateTests" time="0">
    <error message="Cannot get Jedis connection; nested exception is redis.clients.jedis.exceptions.JedisConnectionException: Could not get a resource from the pool" type="org.springframework.data.redis.RedisConnectionFailureException">org.springframework.data.redis.RedisConnectionFailureException: Cannot get Jedis connection; nested exception is redis.clients.jedis.exceptions.JedisConnectionException: Could not get a resource from the pool
	at org.springframework.data.redis.core.RedisTemplateTests.tearDown(RedisTemplateTests.java:85)
Caused by: redis.clients.jedis.exceptions.JedisConnectionException: Could not get a resource from the pool
	at org.springframework.data.redis.core.RedisTemplateTests.tearDown(RedisTemplateTests.java:85)
Caused by: redis.clients.jedis.exceptions.JedisConnectionException: java.net.ConnectException: Connection refused (Connection refused)
	at org.springframework.data.redis.core.RedisTemplateTests.tearDown(RedisTemplateTests.java:85)
Caused by: java.net.ConnectException: Connection refused (Connection refused)
	at org.springframework.data.redis.core.RedisTemplateTests.tearDown(RedisTemplateTests.java:85)
</error>
  </testcase>
  <testcase name="testExpireAt[4]" classname="org.springframework.data.redis.core.RedisTemplateTests" time="0.001">
    <error message="Cannot get Jedis connection; nested exception is redis.clients.jedis.exceptions.JedisConnectionException: Could not get a resource from the pool" type="org.springframework.data.redis.RedisConnectionFailureException">org.springframework.data.redis.RedisConnectionFailureException: Cannot get Jedis connection; nested exception is redis.clients.jedis.exceptions.JedisConnectionException: Could not get a resource from the pool
	at org.springframework.data.redis.core.RedisTemplateTests.testExpireAt(RedisTemplateTests.java:608)
Caused by: redis.clients.jedis.exceptions.JedisConnectionException: Could not get a resource from the pool
	at org.springframework.data.redis.core.RedisTemplateTests.testExpireAt(RedisTemplateTests.java:608)
Caused by: redis.clients.jedis.exceptions.JedisConnectionException: java.net.ConnectException: Connection refused (Connection refused)
	at org.springframework.data.redis.core.RedisTemplateTests.testExpireAt(RedisTemplateTests.java:608)
Caused by: java.net.ConnectException: Connection refused (Connection refused)
	at org.springframework.data.redis.core.RedisTemplateTests.testExpireAt(RedisTemplateTests.java:608)
</error>
  </testcase>
  <testcase name="testExpireAt[4]" classname="org.springframework.data.redis.core.RedisTemplateTests" time="0.001">
    <error message="Cannot get Jedis connection; nested exception is redis.clients.jedis.exceptions.JedisConnectionException: Could not get a resource from the pool" type="org.springframework.data.redis.RedisConnectionFailureException">org.springframework.data.redis.RedisConnectionFailureException: Cannot get Jedis connection; nested exception is redis.clients.jedis.exceptions.JedisConnectionException: Could not get a resource from the pool
	at org.springframework.data.redis.core.RedisTemplateTests.tearDown(RedisTemplateTests.java:85)
Caused by: redis.clients.jedis.exceptions.JedisConnectionException: Could not get a resource from the pool
	at org.springframework.data.redis.core.RedisTemplateTests.tearDown(RedisTemplateTests.java:85)
Caused by: redis.clients.jedis.exceptions.JedisConnectionException: java.net.ConnectException: Connection refused (Connection refused)
	at org.springframework.data.redis.core.RedisTemplateTests.tearDown(RedisTemplateTests.java:85)
Caused by: java.net.ConnectException: Connection refused (Connection refused)
	at org.springframework.data.redis.core.RedisTemplateTests.tearDown(RedisTemplateTests.java:85)
</error>
  </testcase>
  <testcase name="testWatch[4]" classname="org.springframework.data.redis.core.RedisTemplateTests" time="0.001">
    <error message="Cannot get Jedis connection; nested exception is redis.clients.jedis.exceptions.JedisConnectionException: Could not get a resource from the pool" type="org.springframework.data.redis.RedisConnectionFailureException">org.springframework.data.redis.RedisConnectionFailureException: Cannot get Jedis connection; nested exception is redis.clients.jedis.exceptions.JedisConnectionException: Could not get a resource from the pool
	at org.springframework.data.redis.core.RedisTemplateTests.testWatch(RedisTemplateTests.java:686)
Caused by: redis.clients.jedis.exceptions.JedisConnectionException: Could not get a resource from the pool
	at org.springframework.data.redis.core.RedisTemplateTests.testWatch(RedisTemplateTests.java:686)
Caused by: redis.clients.jedis.exceptions.JedisConnectionException: java.net.ConnectException: Connection refused (Connection refused)
	at org.springframework.data.redis.core.RedisTemplateTests.testWatch(RedisTemplateTests.java:686)
Caused by: java.net.ConnectException: Connection refused (Connection refused)
	at org.springframework.data.redis.core.RedisTemplateTests.testWatch(RedisTemplateTests.java:686)
</error>
  </testcase>
  <testcase name="testWatch[4]" classname="org.springframework.data.redis.core.RedisTemplateTests" time="0.001">
    <error message="Cannot get Jedis connection; nested exception is redis.clients.jedis.exceptions.JedisConnectionException: Could not get a resource from the pool" type="org.springframework.data.redis.RedisConnectionFailureException">org.springframework.data.redis.RedisConnectionFailureException: Cannot get Jedis connection; nested exception is redis.clients.jedis.exceptions.JedisConnectionException: Could not get a resource from the pool
	at org.springframework.data.redis.core.RedisTemplateTests.tearDown(RedisTemplateTests.java:85)
Caused by: redis.clients.jedis.exceptions.JedisConnectionException: Could not get a resource from the pool
	at org.springframework.data.redis.core.RedisTemplateTests.tearDown(RedisTemplateTests.java:85)
Caused by: redis.clients.jedis.exceptions.JedisConnectionException: java.net.ConnectException: Connection refused (Connection refused)
	at org.springframework.data.redis.core.RedisTemplateTests.tearDown(RedisTemplateTests.java:85)
Caused by: java.net.ConnectException: Connection refused (Connection refused)
	at org.springframework.data.redis.core.RedisTemplateTests.tearDown(RedisTemplateTests.java:85)
</error>
  </testcase>
  <testcase name="testExec[4]" classname="org.springframework.data.redis.core.RedisTemplateTests" time="0.001">
    <error message="Cannot get Jedis connection; nested exception is redis.clients.jedis.exceptions.JedisConnectionException: Could not get a resource from the pool" type="org.springframework.data.redis.RedisConnectionFailureException">org.springframework.data.redis.RedisConnectionFailureException: Cannot get Jedis connection; nested exception is redis.clients.jedis.exceptions.JedisConnectionException: Could not get a resource from the pool
	at org.springframework.data.redis.core.RedisTemplateTests.testExec(RedisTemplateTests.java:168)
Caused by: redis.clients.jedis.exceptions.JedisConnectionException: Could not get a resource from the pool
	at org.springframework.data.redis.core.RedisTemplateTests.testExec(RedisTemplateTests.java:168)
Caused by: redis.clients.jedis.exceptions.JedisConnectionException: java.net.ConnectException: Connection refused (Connection refused)
	at org.springframework.data.redis.core.RedisTemplateTests.testExec(RedisTemplateTests.java:168)
Caused by: java.net.ConnectException: Connection refused (Connection refused)
	at org.springframework.data.redis.core.RedisTemplateTests.testExec(RedisTemplateTests.java:168)
</error>
  </testcase>
  <testcase name="testExec[4]" classname="org.springframework.data.redis.core.RedisTemplateTests" time="0.002">
    <error message="Cannot get Jedis connection; nested exception is redis.clients.jedis.exceptions.JedisConnectionException: Could not get a resource from the pool" type="org.springframework.data.redis.RedisConnectionFailureException">org.springframework.data.redis.RedisConnectionFailureException: Cannot get Jedis connection; nested exception is redis.clients.jedis.exceptions.JedisConnectionException: Could not get a resource from the pool
	at org.springframework.data.redis.core.RedisTemplateTests.tearDown(RedisTemplateTests.java:85)
Caused by: redis.clients.jedis.exceptions.JedisConnectionException: Could not get a resource from the pool
	at org.springframework.data.redis.core.RedisTemplateTests.tearDown(RedisTemplateTests.java:85)
Caused by: redis.clients.jedis.exceptions.JedisConnectionException: java.net.ConnectException: Connection refused (Connection refused)
	at org.springframework.data.redis.core.RedisTemplateTests.tearDown(RedisTemplateTests.java:85)
Caused by: java.net.ConnectException: Connection refused (Connection refused)
	at org.springframework.data.redis.core.RedisTemplateTests.tearDown(RedisTemplateTests.java:85)
</error>
  </testcase>
  <testcase name="testKeys[4]" classname="org.springframework.data.redis.core.RedisTemplateTests" time="0.001">
    <error message="Cannot get Jedis connection; nested exception is redis.clients.jedis.exceptions.JedisConnectionException: Could not get a resource from the pool" type="org.springframework.data.redis.RedisConnectionFailureException">org.springframework.data.redis.RedisConnectionFailureException: Cannot get Jedis connection; nested exception is redis.clients.jedis.exceptions.JedisConnectionException: Could not get a resource from the pool
	at org.springframework.data.redis.core.RedisTemplateTests.testKeys(RedisTemplateTests.java:134)
Caused by: redis.clients.jedis.exceptions.JedisConnectionException: Could not get a resource from the pool
	at org.springframework.data.redis.core.RedisTemplateTests.testKeys(RedisTemplateTests.java:134)
Caused by: redis.clients.jedis.exceptions.JedisConnectionException: java.net.ConnectException: Connection refused (Connection refused)
	at org.springframework.data.redis.core.RedisTemplateTests.testKeys(RedisTemplateTests.java:134)
Caused by: java.net.ConnectException: Connection refused (Connection refused)
	at org.springframework.data.redis.core.RedisTemplateTests.testKeys(RedisTemplateTests.java:134)
</error>
  </testcase>
  <testcase name="testKeys[4]" classname="org.springframework.data.redis.core.RedisTemplateTests" time="0.001">
    <error message="Cannot get Jedis connection; nested exception is redis.clients.jedis.exceptions.JedisConnectionException: Could not get a resource from the pool" type="org.springframework.data.redis.RedisConnectionFailureException">org.springframework.data.redis.RedisConnectionFailureException: Cannot get Jedis connection; nested exception is redis.clients.jedis.exceptions.JedisConnectionException: Could not get a resource from the pool
	at org.springframework.data.redis.core.RedisTemplateTests.tearDown(RedisTemplateTests.java:85)
Caused by: redis.clients.jedis.exceptions.JedisConnectionException: Could not get a resource from the pool
	at org.springframework.data.redis.core.RedisTemplateTests.tearDown(RedisTemplateTests.java:85)
Caused by: redis.clients.jedis.exceptions.JedisConnectionException: java.net.ConnectException: Connection refused (Connection refused)
	at org.springframework.data.redis.core.RedisTemplateTests.tearDown(RedisTemplateTests.java:85)
Caused by: java.net.ConnectException: Connection refused (Connection refused)
	at org.springframework.data.redis.core.RedisTemplateTests.tearDown(RedisTemplateTests.java:85)
</error>
  </testcase>
  <testcase name="testSort[4]" classname="org.springframework.data.redis.core.RedisTemplateTests" time="0.001">
    <error message="got: &lt;false&gt;, expected: is &lt;true&gt;" type="org.junit.AssumptionViolatedException"><![CDATA[org.junit.AssumptionViolatedException: got: <false>, expected: is <true>
	at org.springframework.data.redis.core.RedisTemplateTests.testSort(RedisTemplateTests.java:420)
]]></error>
  </testcase>
  <testcase name="testSort[4]" classname="org.springframework.data.redis.core.RedisTemplateTests" time="0.001">
    <error message="Cannot get Jedis connection; nested exception is redis.clients.jedis.exceptions.JedisConnectionException: Could not get a resource from the pool" type="org.springframework.data.redis.RedisConnectionFailureException">org.springframework.data.redis.RedisConnectionFailureException: Cannot get Jedis connection; nested exception is redis.clients.jedis.exceptions.JedisConnectionException: Could not get a resource from the pool
	at org.springframework.data.redis.core.RedisTemplateTests.tearDown(RedisTemplateTests.java:85)
Caused by: redis.clients.jedis.exceptions.JedisConnectionException: Could not get a resource from the pool
	at org.springframework.data.redis.core.RedisTemplateTests.tearDown(RedisTemplateTests.java:85)
Caused by: redis.clients.jedis.exceptions.JedisConnectionException: java.net.ConnectException: Connection refused (Connection refused)
	at org.springframework.data.redis.core.RedisTemplateTests.tearDown(RedisTemplateTests.java:85)
Caused by: java.net.ConnectException: Connection refused (Connection refused)
	at org.springframework.data.redis.core.RedisTemplateTests.tearDown(RedisTemplateTests.java:85)
</error>
  </testcase>
  <testcase name="testType[4]" classname="org.springframework.data.redis.core.RedisTemplateTests" time="0.001">
    <error message="Cannot get Jedis connection; nested exception is redis.clients.jedis.exceptions.JedisConnectionException: Could not get a resource from the pool" type="org.springframework.data.redis.RedisConnectionFailureException">org.springframework.data.redis.RedisConnectionFailureException: Cannot get Jedis connection; nested exception is redis.clients.jedis.exceptions.JedisConnectionException: Could not get a resource from the pool
	at org.springframework.data.redis.core.RedisTemplateTests.testType(RedisTemplateTests.java:676)
Caused by: redis.clients.jedis.exceptions.JedisConnectionException: Could not get a resource from the pool
	at org.springframework.data.redis.core.RedisTemplateTests.testType(RedisTemplateTests.java:676)
Caused by: redis.clients.jedis.exceptions.JedisConnectionException: java.net.ConnectException: Connection refused (Connection refused)
	at org.springframework.data.redis.core.RedisTemplateTests.testType(RedisTemplateTests.java:676)
Caused by: java.net.ConnectException: Connection refused (Connection refused)
	at org.springframework.data.redis.core.RedisTemplateTests.testType(RedisTemplateTests.java:676)
</error>
  </testcase>
  <testcase name="testType[4]" classname="org.springframework.data.redis.core.RedisTemplateTests" time="0.002">
    <error message="Cannot get Jedis connection; nested exception is redis.clients.jedis.exceptions.JedisConnectionException: Could not get a resource from the pool" type="org.springframework.data.redis.RedisConnectionFailureException">org.springframework.data.redis.RedisConnectionFailureException: Cannot get Jedis connection; nested exception is redis.clients.jedis.exceptions.JedisConnectionException: Could not get a resource from the pool
	at org.springframework.data.redis.core.RedisTemplateTests.tearDown(RedisTemplateTests.java:85)
Caused by: redis.clients.jedis.exceptions.JedisConnectionException: Could not get a resource from the pool
	at org.springframework.data.redis.core.RedisTemplateTests.tearDown(RedisTemplateTests.java:85)
Caused by: redis.clients.jedis.exceptions.JedisConnectionException: java.net.ConnectException: Connection refused (Connection refused)
	at org.springframework.data.redis.core.RedisTemplateTests.tearDown(RedisTemplateTests.java:85)
Caused by: java.net.ConnectException: Connection refused (Connection refused)
	at org.springframework.data.redis.core.RedisTemplateTests.tearDown(RedisTemplateTests.java:85)
</error>
  </testcase>
  <testcase name="testPersist[4]" classname="org.springframework.data.redis.core.RedisTemplateTests" time="0">
    <error message="Could not initialize class org.springframework.data.redis.RedisTestProfileValueSource" type="java.lang.NoClassDefFoundError">java.lang.NoClassDefFoundError: Could not initialize class org.springframework.data.redis.RedisTestProfileValueSource
	at org.springframework.data.redis.core.RedisTemplateTests.testPersist(RedisTemplateTests.java:634)
</error>
  </testcase>
  <testcase name="testPersist[4]" classname="org.springframework.data.redis.core.RedisTemplateTests" time="0.001">
    <error message="Cannot get Jedis connection; nested exception is redis.clients.jedis.exceptions.JedisConnectionException: Could not get a resource from the pool" type="org.springframework.data.redis.RedisConnectionFailureException">org.springframework.data.redis.RedisConnectionFailureException: Cannot get Jedis connection; nested exception is redis.clients.jedis.exceptions.JedisConnectionException: Could not get a resource from the pool
	at org.springframework.data.redis.core.RedisTemplateTests.tearDown(RedisTemplateTests.java:85)
Caused by: redis.clients.jedis.exceptions.JedisConnectionException: Could not get a resource from the pool
	at org.springframework.data.redis.core.RedisTemplateTests.tearDown(RedisTemplateTests.java:85)
Caused by: redis.clients.jedis.exceptions.JedisConnectionException: java.net.ConnectException: Connection refused (Connection refused)
	at org.springframework.data.redis.core.RedisTemplateTests.tearDown(RedisTemplateTests.java:85)
Caused by: java.net.ConnectException: Connection refused (Connection refused)
	at org.springframework.data.redis.core.RedisTemplateTests.tearDown(RedisTemplateTests.java:85)
</error>
  </testcase>
  <testcase name="testRenameIfAbsent[4]" classname="org.springframework.data.redis.core.RedisTemplateTests" time="0.001">
    <error message="Cannot get Jedis connection; nested exception is redis.clients.jedis.exceptions.JedisConnectionException: Could not get a resource from the pool" type="org.springframework.data.redis.RedisConnectionFailureException">org.springframework.data.redis.RedisConnectionFailureException: Cannot get Jedis connection; nested exception is redis.clients.jedis.exceptions.JedisConnectionException: Could not get a resource from the pool
	at org.springframework.data.redis.core.RedisTemplateTests.testRenameIfAbsent(RedisTemplateTests.java:667)
Caused by: redis.clients.jedis.exceptions.JedisConnectionException: Could not get a resource from the pool
	at org.springframework.data.redis.core.RedisTemplateTests.testRenameIfAbsent(RedisTemplateTests.java:667)
Caused by: redis.clients.jedis.exceptions.JedisConnectionException: java.net.ConnectException: Connection refused (Connection refused)
	at org.springframework.data.redis.core.RedisTemplateTests.testRenameIfAbsent(RedisTemplateTests.java:667)
Caused by: java.net.ConnectException: Connection refused (Connection refused)
	at org.springframework.data.redis.core.RedisTemplateTests.testRenameIfAbsent(RedisTemplateTests.java:667)
</error>
  </testcase>
  <testcase name="testRenameIfAbsent[4]" classname="org.springframework.data.redis.core.RedisTemplateTests" time="0.001">
    <error message="Cannot get Jedis connection; nested exception is redis.clients.jedis.exceptions.JedisConnectionException: Could not get a resource from the pool" type="org.springframework.data.redis.RedisConnectionFailureException">org.springframework.data.redis.RedisConnectionFailureException: Cannot get Jedis connection; nested exception is redis.clients.jedis.exceptions.JedisConnectionException: Could not get a resource from the pool
	at org.springframework.data.redis.core.RedisTemplateTests.tearDown(RedisTemplateTests.java:85)
Caused by: redis.clients.jedis.exceptions.JedisConnectionException: Could not get a resource from the pool
	at org.springframework.data.redis.core.RedisTemplateTests.tearDown(RedisTemplateTests.java:85)
Caused by: redis.clients.jedis.exceptions.JedisConnectionException: java.net.ConnectException: Connection refused (Connection refused)
	at org.springframework.data.redis.core.RedisTemplateTests.tearDown(RedisTemplateTests.java:85)
Caused by: java.net.ConnectException: Connection refused (Connection refused)
	at org.springframework.data.redis.core.RedisTemplateTests.tearDown(RedisTemplateTests.java:85)
</error>
  </testcase>
  <testcase name="testUnwatch[4]" classname="org.springframework.data.redis.core.RedisTemplateTests" time="0.001">
    <error message="Cannot get Jedis connection; nested exception is redis.clients.jedis.exceptions.JedisConnectionException: Could not get a resource from the pool" type="org.springframework.data.redis.RedisConnectionFailureException">org.springframework.data.redis.RedisConnectionFailureException: Cannot get Jedis connection; nested exception is redis.clients.jedis.exceptions.JedisConnectionException: Could not get a resource from the pool
	at org.springframework.data.redis.core.RedisTemplateTests.testUnwatch(RedisTemplateTests.java:723)
Caused by: redis.clients.jedis.exceptions.JedisConnectionException: Could not get a resource from the pool
	at org.springframework.data.redis.core.RedisTemplateTests.testUnwatch(RedisTemplateTests.java:723)
Caused by: redis.clients.jedis.exceptions.JedisConnectionException: java.net.ConnectException: Connection refused (Connection refused)
	at org.springframework.data.redis.core.RedisTemplateTests.testUnwatch(RedisTemplateTests.java:723)
Caused by: java.net.ConnectException: Connection refused (Connection refused)
	at org.springframework.data.redis.core.RedisTemplateTests.testUnwatch(RedisTemplateTests.java:723)
</error>
  </testcase>
  <testcase name="testUnwatch[4]" classname="org.springframework.data.redis.core.RedisTemplateTests" time="0.001">
    <error message="Cannot get Jedis connection; nested exception is redis.clients.jedis.exceptions.JedisConnectionException: Could not get a resource from the pool" type="org.springframework.data.redis.RedisConnectionFailureException">org.springframework.data.redis.RedisConnectionFailureException: Cannot get Jedis connection; nested exception is redis.clients.jedis.exceptions.JedisConnectionException: Could not get a resource from the pool
	at org.springframework.data.redis.core.RedisTemplateTests.tearDown(RedisTemplateTests.java:85)
Caused by: redis.clients.jedis.exceptions.JedisConnectionException: Could not get a resource from the pool
	at org.springframework.data.redis.core.RedisTemplateTests.tearDown(RedisTemplateTests.java:85)
Caused by: redis.clients.jedis.exceptions.JedisConnectionException: java.net.ConnectException: Connection refused (Connection refused)
	at org.springframework.data.redis.core.RedisTemplateTests.tearDown(RedisTemplateTests.java:85)
Caused by: java.net.ConnectException: Connection refused (Connection refused)
	at org.springframework.data.redis.core.RedisTemplateTests.tearDown(RedisTemplateTests.java:85)
</error>
  </testcase>
  <testcase name="testGetExpireMillisUsingTransactions[4]" classname="org.springframework.data.redis.core.RedisTemplateTests" time="0.001">
    <error message="Cannot get Jedis connection; nested exception is redis.clients.jedis.exceptions.JedisConnectionException: Could not get a resource from the pool" type="org.springframework.data.redis.RedisConnectionFailureException">org.springframework.data.redis.RedisConnectionFailureException: Cannot get Jedis connection; nested exception is redis.clients.jedis.exceptions.JedisConnectionException: Could not get a resource from the pool
	at org.springframework.data.redis.core.RedisTemplateTests.testGetExpireMillisUsingTransactions(RedisTemplateTests.java:541)
Caused by: redis.clients.jedis.exceptions.JedisConnectionException: Could not get a resource from the pool
	at org.springframework.data.redis.core.RedisTemplateTests.testGetExpireMillisUsingTransactions(RedisTemplateTests.java:541)
Caused by: redis.clients.jedis.exceptions.JedisConnectionException: java.net.ConnectException: Connection refused (Connection refused)
	at org.springframework.data.redis.core.RedisTemplateTests.testGetExpireMillisUsingTransactions(RedisTemplateTests.java:541)
Caused by: java.net.ConnectException: Connection refused (Connection refused)
	at org.springframework.data.redis.core.RedisTemplateTests.testGetExpireMillisUsingTransactions(RedisTemplateTests.java:541)
</error>
  </testcase>
  <testcase name="testGetExpireMillisUsingTransactions[4]" classname="org.springframework.data.redis.core.RedisTemplateTests" time="0.002">
    <error message="Cannot get Jedis connection; nested exception is redis.clients.jedis.exceptions.JedisConnectionException: Could not get a resource from the pool" type="org.springframework.data.redis.RedisConnectionFailureException">org.springframework.data.redis.RedisConnectionFailureException: Cannot get Jedis connection; nested exception is redis.clients.jedis.exceptions.JedisConnectionException: Could not get a resource from the pool
	at org.springframework.data.redis.core.RedisTemplateTests.tearDown(RedisTemplateTests.java:85)
Caused by: redis.clients.jedis.exceptions.JedisConnectionException: Could not get a resource from the pool
	at org.springframework.data.redis.core.RedisTemplateTests.tearDown(RedisTemplateTests.java:85)
Caused by: redis.clients.jedis.exceptions.JedisConnectionException: java.net.ConnectException: Connection refused (Connection refused)
	at org.springframework.data.redis.core.RedisTemplateTests.tearDown(RedisTemplateTests.java:85)
Caused by: java.net.ConnectException: Connection refused (Connection refused)
	at org.springframework.data.redis.core.RedisTemplateTests.tearDown(RedisTemplateTests.java:85)
</error>
  </testcase>
  <testcase name="testExecCustomSerializer[4]" classname="org.springframework.data.redis.core.RedisTemplateTests" time="0">
    <error message="got: &lt;false&gt;, expected: is &lt;true&gt;" type="org.junit.AssumptionViolatedException"><![CDATA[org.junit.AssumptionViolatedException: got: <false>, expected: is <true>
	at org.springframework.data.redis.core.RedisTemplateTests.testExecCustomSerializer(RedisTemplateTests.java:210)
]]></error>
  </testcase>
  <testcase name="testExecCustomSerializer[4]" classname="org.springframework.data.redis.core.RedisTemplateTests" time="0">
    <error message="Cannot get Jedis connection; nested exception is redis.clients.jedis.exceptions.JedisConnectionException: Could not get a resource from the pool" type="org.springframework.data.redis.RedisConnectionFailureException">org.springframework.data.redis.RedisConnectionFailureException: Cannot get Jedis connection; nested exception is redis.clients.jedis.exceptions.JedisConnectionException: Could not get a resource from the pool
	at org.springframework.data.redis.core.RedisTemplateTests.tearDown(RedisTemplateTests.java:85)
Caused by: redis.clients.jedis.exceptions.JedisConnectionException: Could not get a resource from the pool
	at org.springframework.data.redis.core.RedisTemplateTests.tearDown(RedisTemplateTests.java:85)
Caused by: redis.clients.jedis.exceptions.JedisConnectionException: java.net.ConnectException: Connection refused (Connection refused)
	at org.springframework.data.redis.core.RedisTemplateTests.tearDown(RedisTemplateTests.java:85)
Caused by: java.net.ConnectException: Connection refused (Connection refused)
	at org.springframework.data.redis.core.RedisTemplateTests.tearDown(RedisTemplateTests.java:85)
</error>
  </testcase>
  <testcase name="testExecutePipelinedCustomSerializer[4]" classname="org.springframework.data.redis.core.RedisTemplateTests" time="0">
    <error message="got: &lt;false&gt;, expected: is &lt;true&gt;" type="org.junit.AssumptionViolatedException"><![CDATA[org.junit.AssumptionViolatedException: got: <false>, expected: is <true>
	at org.springframework.data.redis.core.RedisTemplateTests.testExecutePipelinedCustomSerializer(RedisTemplateTests.java:292)
]]></error>
  </testcase>
  <testcase name="testExecutePipelinedCustomSerializer[4]" classname="org.springframework.data.redis.core.RedisTemplateTests" time="0">
    <error message="Cannot get Jedis connection; nested exception is redis.clients.jedis.exceptions.JedisConnectionException: Could not get a resource from the pool" type="org.springframework.data.redis.RedisConnectionFailureException">org.springframework.data.redis.RedisConnectionFailureException: Cannot get Jedis connection; nested exception is redis.clients.jedis.exceptions.JedisConnectionException: Could not get a resource from the pool
	at org.springframework.data.redis.core.RedisTemplateTests.tearDown(RedisTemplateTests.java:85)
Caused by: redis.clients.jedis.exceptions.JedisConnectionException: Could not get a resource from the pool
	at org.springframework.data.redis.core.RedisTemplateTests.tearDown(RedisTemplateTests.java:85)
Caused by: redis.clients.jedis.exceptions.JedisConnectionException: java.net.ConnectException: Connection refused (Connection refused)
	at org.springframework.data.redis.core.RedisTemplateTests.tearDown(RedisTemplateTests.java:85)
Caused by: java.net.ConnectException: Connection refused (Connection refused)
	at org.springframework.data.redis.core.RedisTemplateTests.tearDown(RedisTemplateTests.java:85)
</error>
  </testcase>
  <testcase name="testExpireAtMillisNotSupported[4]" classname="org.springframework.data.redis.core.RedisTemplateTests" time="0.001">
    <error message="Could not initialize class org.springframework.data.redis.RedisTestProfileValueSource" type="java.lang.NoClassDefFoundError">java.lang.NoClassDefFoundError: Could not initialize class org.springframework.data.redis.RedisTestProfileValueSource
	at org.springframework.data.redis.core.RedisTemplateTests.testExpireAtMillisNotSupported(RedisTemplateTests.java:616)
</error>
  </testcase>
  <testcase name="testExpireAtMillisNotSupported[4]" classname="org.springframework.data.redis.core.RedisTemplateTests" time="0.001">
    <error message="Cannot get Jedis connection; nested exception is redis.clients.jedis.exceptions.JedisConnectionException: Could not get a resource from the pool" type="org.springframework.data.redis.RedisConnectionFailureException">org.springframework.data.redis.RedisConnectionFailureException: Cannot get Jedis connection; nested exception is redis.clients.jedis.exceptions.JedisConnectionException: Could not get a resource from the pool
	at org.springframework.data.redis.core.RedisTemplateTests.tearDown(RedisTemplateTests.java:85)
Caused by: redis.clients.jedis.exceptions.JedisConnectionException: Could not get a resource from the pool
	at org.springframework.data.redis.core.RedisTemplateTests.tearDown(RedisTemplateTests.java:85)
Caused by: redis.clients.jedis.exceptions.JedisConnectionException: java.net.ConnectException: Connection refused (Connection refused)
	at org.springframework.data.redis.core.RedisTemplateTests.tearDown(RedisTemplateTests.java:85)
Caused by: java.net.ConnectException: Connection refused (Connection refused)
	at org.springframework.data.redis.core.RedisTemplateTests.tearDown(RedisTemplateTests.java:85)
</error>
  </testcase>
  <testcase name="testGetExpireSecondsForKeyDoesNotExist[4]" classname="org.springframework.data.redis.core.RedisTemplateTests" time="0.001">
    <error message="Cannot get Jedis connection; nested exception is redis.clients.jedis.exceptions.JedisConnectionException: Could not get a resource from the pool" type="org.springframework.data.redis.RedisConnectionFailureException">org.springframework.data.redis.RedisConnectionFailureException: Cannot get Jedis connection; nested exception is redis.clients.jedis.exceptions.JedisConnectionException: Could not get a resource from the pool
	at org.springframework.data.redis.core.RedisTemplateTests.testGetExpireSecondsForKeyDoesNotExist(RedisTemplateTests.java:485)
Caused by: redis.clients.jedis.exceptions.JedisConnectionException: Could not get a resource from the pool
	at org.springframework.data.redis.core.RedisTemplateTests.testGetExpireSecondsForKeyDoesNotExist(RedisTemplateTests.java:485)
Caused by: redis.clients.jedis.exceptions.JedisConnectionException: java.net.ConnectException: Connection refused (Connection refused)
	at org.springframework.data.redis.core.RedisTemplateTests.testGetExpireSecondsForKeyDoesNotExist(RedisTemplateTests.java:485)
Caused by: java.net.ConnectException: Connection refused (Connection refused)
	at org.springframework.data.redis.core.RedisTemplateTests.testGetExpireSecondsForKeyDoesNotExist(RedisTemplateTests.java:485)
</error>
  </testcase>
  <testcase name="testGetExpireSecondsForKeyDoesNotExist[4]" classname="org.springframework.data.redis.core.RedisTemplateTests" time="0.001">
    <error message="Cannot get Jedis connection; nested exception is redis.clients.jedis.exceptions.JedisConnectionException: Could not get a resource from the pool" type="org.springframework.data.redis.RedisConnectionFailureException">org.springframework.data.redis.RedisConnectionFailureException: Cannot get Jedis connection; nested exception is redis.clients.jedis.exceptions.JedisConnectionException: Could not get a resource from the pool
	at org.springframework.data.redis.core.RedisTemplateTests.tearDown(RedisTemplateTests.java:85)
Caused by: redis.clients.jedis.exceptions.JedisConnectionException: Could not get a resource from the pool
	at org.springframework.data.redis.core.RedisTemplateTests.tearDown(RedisTemplateTests.java:85)
Caused by: redis.clients.jedis.exceptions.JedisConnectionException: java.net.ConnectException: Connection refused (Connection refused)
	at org.springframework.data.redis.core.RedisTemplateTests.tearDown(RedisTemplateTests.java:85)
Caused by: java.net.ConnectException: Connection refused (Connection refused)
	at org.springframework.data.redis.core.RedisTemplateTests.tearDown(RedisTemplateTests.java:85)
</error>
  </testcase>
  <testcase name="testRandomKey[4]" classname="org.springframework.data.redis.core.RedisTemplateTests" time="0.001">
    <error message="Cannot get Jedis connection; nested exception is redis.clients.jedis.exceptions.JedisConnectionException: Could not get a resource from the pool" type="org.springframework.data.redis.RedisConnectionFailureException">org.springframework.data.redis.RedisConnectionFailureException: Cannot get Jedis connection; nested exception is redis.clients.jedis.exceptions.JedisConnectionException: Could not get a resource from the pool
	at org.springframework.data.redis.core.RedisTemplateTests.testRandomKey(RedisTemplateTests.java:648)
Caused by: redis.clients.jedis.exceptions.JedisConnectionException: Could not get a resource from the pool
	at org.springframework.data.redis.core.RedisTemplateTests.testRandomKey(RedisTemplateTests.java:648)
Caused by: redis.clients.jedis.exceptions.JedisConnectionException: java.net.ConnectException: Connection refused (Connection refused)
	at org.springframework.data.redis.core.RedisTemplateTests.testRandomKey(RedisTemplateTests.java:648)
Caused by: java.net.ConnectException: Connection refused (Connection refused)
	at org.springframework.data.redis.core.RedisTemplateTests.testRandomKey(RedisTemplateTests.java:648)
</error>
  </testcase>
  <testcase name="testRandomKey[4]" classname="org.springframework.data.redis.core.RedisTemplateTests" time="0.001">
    <error message="Cannot get Jedis connection; nested exception is redis.clients.jedis.exceptions.JedisConnectionException: Could not get a resource from the pool" type="org.springframework.data.redis.RedisConnectionFailureException">org.springframework.data.redis.RedisConnectionFailureException: Cannot get Jedis connection; nested exception is redis.clients.jedis.exceptions.JedisConnectionException: Could not get a resource from the pool
	at org.springframework.data.redis.core.RedisTemplateTests.tearDown(RedisTemplateTests.java:85)
Caused by: redis.clients.jedis.exceptions.JedisConnectionException: Could not get a resource from the pool
	at org.springframework.data.redis.core.RedisTemplateTests.tearDown(RedisTemplateTests.java:85)
Caused by: redis.clients.jedis.exceptions.JedisConnectionException: java.net.ConnectException: Connection refused (Connection refused)
	at org.springframework.data.redis.core.RedisTemplateTests.tearDown(RedisTemplateTests.java:85)
Caused by: java.net.ConnectException: Connection refused (Connection refused)
	at org.springframework.data.redis.core.RedisTemplateTests.tearDown(RedisTemplateTests.java:85)
</error>
  </testcase>
  <testcase name="clientListShouldReturnCorrectly[4]" classname="org.springframework.data.redis.core.RedisTemplateTests" time="0.001">
    <error message="Cannot get Jedis connection; nested exception is redis.clients.jedis.exceptions.JedisConnectionException: Could not get a resource from the pool" type="org.springframework.data.redis.RedisConnectionFailureException">org.springframework.data.redis.RedisConnectionFailureException: Cannot get Jedis connection; nested exception is redis.clients.jedis.exceptions.JedisConnectionException: Could not get a resource from the pool
	at org.springframework.data.redis.core.RedisTemplateTests.clientListShouldReturnCorrectly(RedisTemplateTests.java:809)
Caused by: redis.clients.jedis.exceptions.JedisConnectionException: Could not get a resource from the pool
	at org.springframework.data.redis.core.RedisTemplateTests.clientListShouldReturnCorrectly(RedisTemplateTests.java:809)
Caused by: redis.clients.jedis.exceptions.JedisConnectionException: java.net.ConnectException: Connection refused (Connection refused)
	at org.springframework.data.redis.core.RedisTemplateTests.clientListShouldReturnCorrectly(RedisTemplateTests.java:809)
Caused by: java.net.ConnectException: Connection refused (Connection refused)
	at org.springframework.data.redis.core.RedisTemplateTests.clientListShouldReturnCorrectly(RedisTemplateTests.java:809)
</error>
  </testcase>
  <testcase name="clientListShouldReturnCorrectly[4]" classname="org.springframework.data.redis.core.RedisTemplateTests" time="0.001">
    <error message="Cannot get Jedis connection; nested exception is redis.clients.jedis.exceptions.JedisConnectionException: Could not get a resource from the pool" type="org.springframework.data.redis.RedisConnectionFailureException">org.springframework.data.redis.RedisConnectionFailureException: Cannot get Jedis connection; nested exception is redis.clients.jedis.exceptions.JedisConnectionException: Could not get a resource from the pool
	at org.springframework.data.redis.core.RedisTemplateTests.tearDown(RedisTemplateTests.java:85)
Caused by: redis.clients.jedis.exceptions.JedisConnectionException: Could not get a resource from the pool
	at org.springframework.data.redis.core.RedisTemplateTests.tearDown(RedisTemplateTests.java:85)
Caused by: redis.clients.jedis.exceptions.JedisConnectionException: java.net.ConnectException: Connection refused (Connection refused)
	at org.springframework.data.redis.core.RedisTemplateTests.tearDown(RedisTemplateTests.java:85)
Caused by: java.net.ConnectException: Connection refused (Connection refused)
	at org.springframework.data.redis.core.RedisTemplateTests.tearDown(RedisTemplateTests.java:85)
</error>
  </testcase>
  <testcase name="testExecutePipelinedNonNullSessionCallback[4]" classname="org.springframework.data.redis.core.RedisTemplateTests" time="0.001">
    <error message="Unexpected exception, expected&lt;org.springframework.dao.InvalidDataAccessApiUsageException&gt; but was&lt;org.springframework.data.redis.RedisConnectionFailureException&gt;" type="java.lang.Exception"><![CDATA[java.lang.Exception: Unexpected exception, expected<org.springframework.dao.InvalidDataAccessApiUsageException> but was<org.springframework.data.redis.RedisConnectionFailureException>
	at org.springframework.data.redis.core.RedisTemplateTests.testExecutePipelinedNonNullSessionCallback(RedisTemplateTests.java:377)
Caused by: redis.clients.jedis.exceptions.JedisConnectionException: Could not get a resource from the pool
	at org.springframework.data.redis.core.RedisTemplateTests.testExecutePipelinedNonNullSessionCallback(RedisTemplateTests.java:377)
Caused by: redis.clients.jedis.exceptions.JedisConnectionException: java.net.ConnectException: Connection refused (Connection refused)
	at org.springframework.data.redis.core.RedisTemplateTests.testExecutePipelinedNonNullSessionCallback(RedisTemplateTests.java:377)
Caused by: java.net.ConnectException: Connection refused (Connection refused)
	at org.springframework.data.redis.core.RedisTemplateTests.testExecutePipelinedNonNullSessionCallback(RedisTemplateTests.java:377)
]]></error>
  </testcase>
  <testcase name="testExecutePipelinedNonNullSessionCallback[4]" classname="org.springframework.data.redis.core.RedisTemplateTests" time="0.001">
    <error message="Cannot get Jedis connection; nested exception is redis.clients.jedis.exceptions.JedisConnectionException: Could not get a resource from the pool" type="org.springframework.data.redis.RedisConnectionFailureException">org.springframework.data.redis.RedisConnectionFailureException: Cannot get Jedis connection; nested exception is redis.clients.jedis.exceptions.JedisConnectionException: Could not get a resource from the pool
	at org.springframework.data.redis.core.RedisTemplateTests.tearDown(RedisTemplateTests.java:85)
Caused by: redis.clients.jedis.exceptions.JedisConnectionException: Could not get a resource from the pool
	at org.springframework.data.redis.core.RedisTemplateTests.tearDown(RedisTemplateTests.java:85)
Caused by: redis.clients.jedis.exceptions.JedisConnectionException: java.net.ConnectException: Connection refused (Connection refused)
	at org.springframework.data.redis.core.RedisTemplateTests.tearDown(RedisTemplateTests.java:85)
Caused by: java.net.ConnectException: Connection refused (Connection refused)
	at org.springframework.data.redis.core.RedisTemplateTests.tearDown(RedisTemplateTests.java:85)
</error>
  </testcase>
  <testcase name="testConvertAndSend[4]" classname="org.springframework.data.redis.core.RedisTemplateTests" time="0.002">
    <error message="Cannot get Jedis connection; nested exception is redis.clients.jedis.exceptions.JedisConnectionException: Could not get a resource from the pool" type="org.springframework.data.redis.RedisConnectionFailureException">org.springframework.data.redis.RedisConnectionFailureException: Cannot get Jedis connection; nested exception is redis.clients.jedis.exceptions.JedisConnectionException: Could not get a resource from the pool
	at org.springframework.data.redis.core.RedisTemplateTests.testConvertAndSend(RedisTemplateTests.java:793)
Caused by: redis.clients.jedis.exceptions.JedisConnectionException: Could not get a resource from the pool
	at org.springframework.data.redis.core.RedisTemplateTests.testConvertAndSend(RedisTemplateTests.java:793)
Caused by: redis.clients.jedis.exceptions.JedisConnectionException: java.net.ConnectException: Connection refused (Connection refused)
	at org.springframework.data.redis.core.RedisTemplateTests.testConvertAndSend(RedisTemplateTests.java:793)
Caused by: java.net.ConnectException: Connection refused (Connection refused)
	at org.springframework.data.redis.core.RedisTemplateTests.testConvertAndSend(RedisTemplateTests.java:793)
</error>
  </testcase>
  <testcase name="testConvertAndSend[4]" classname="org.springframework.data.redis.core.RedisTemplateTests" time="0.002">
    <error message="Cannot get Jedis connection; nested exception is redis.clients.jedis.exceptions.JedisConnectionException: Could not get a resource from the pool" type="org.springframework.data.redis.RedisConnectionFailureException">org.springframework.data.redis.RedisConnectionFailureException: Cannot get Jedis connection; nested exception is redis.clients.jedis.exceptions.JedisConnectionException: Could not get a resource from the pool
	at org.springframework.data.redis.core.RedisTemplateTests.tearDown(RedisTemplateTests.java:85)
Caused by: redis.clients.jedis.exceptions.JedisConnectionException: Could not get a resource from the pool
	at org.springframework.data.redis.core.RedisTemplateTests.tearDown(RedisTemplateTests.java:85)
Caused by: redis.clients.jedis.exceptions.JedisConnectionException: java.net.ConnectException: Connection refused (Connection refused)
	at org.springframework.data.redis.core.RedisTemplateTests.tearDown(RedisTemplateTests.java:85)
Caused by: java.net.ConnectException: Connection refused (Connection refused)
	at org.springframework.data.redis.core.RedisTemplateTests.tearDown(RedisTemplateTests.java:85)
</error>
  </testcase>
  <testcase name="testGetExpireMillisNotSupported[4]" classname="org.springframework.data.redis.core.RedisTemplateTests" time="0">
    <error message="got: &lt;false&gt;, expected: is &lt;true&gt;" type="org.junit.AssumptionViolatedException"><![CDATA[org.junit.AssumptionViolatedException: got: <false>, expected: is <true>
	at org.springframework.data.redis.core.RedisTemplateTests.testGetExpireMillisNotSupported(RedisTemplateTests.java:594)
]]></error>
  </testcase>
  <testcase name="testGetExpireMillisNotSupported[4]" classname="org.springframework.data.redis.core.RedisTemplateTests" time="0.001">
    <error message="Cannot get Jedis connection; nested exception is redis.clients.jedis.exceptions.JedisConnectionException: Could not get a resource from the pool" type="org.springframework.data.redis.RedisConnectionFailureException">org.springframework.data.redis.RedisConnectionFailureException: Cannot get Jedis connection; nested exception is redis.clients.jedis.exceptions.JedisConnectionException: Could not get a resource from the pool
	at org.springframework.data.redis.core.RedisTemplateTests.tearDown(RedisTemplateTests.java:85)
Caused by: redis.clients.jedis.exceptions.JedisConnectionException: Could not get a resource from the pool
	at org.springframework.data.redis.core.RedisTemplateTests.tearDown(RedisTemplateTests.java:85)
Caused by: redis.clients.jedis.exceptions.JedisConnectionException: java.net.ConnectException: Connection refused (Connection refused)
	at org.springframework.data.redis.core.RedisTemplateTests.tearDown(RedisTemplateTests.java:85)
Caused by: java.net.ConnectException: Connection refused (Connection refused)
	at org.springframework.data.redis.core.RedisTemplateTests.tearDown(RedisTemplateTests.java:85)
</error>
  </testcase>
  <testcase name="testTemplateNotInitialized[4]" classname="org.springframework.data.redis.core.RedisTemplateTests" time="0.001">
    <error message="Cannot get Jedis connection; nested exception is redis.clients.jedis.exceptions.JedisConnectionException: Could not get a resource from the pool" type="org.springframework.data.redis.RedisConnectionFailureException">org.springframework.data.redis.RedisConnectionFailureException: Cannot get Jedis connection; nested exception is redis.clients.jedis.exceptions.JedisConnectionException: Could not get a resource from the pool
	at org.springframework.data.redis.core.RedisTemplateTests.tearDown(RedisTemplateTests.java:85)
Caused by: redis.clients.jedis.exceptions.JedisConnectionException: Could not get a resource from the pool
	at org.springframework.data.redis.core.RedisTemplateTests.tearDown(RedisTemplateTests.java:85)
Caused by: redis.clients.jedis.exceptions.JedisConnectionException: java.net.ConnectException: Connection refused (Connection refused)
	at org.springframework.data.redis.core.RedisTemplateTests.tearDown(RedisTemplateTests.java:85)
Caused by: java.net.ConnectException: Connection refused (Connection refused)
	at org.springframework.data.redis.core.RedisTemplateTests.tearDown(RedisTemplateTests.java:85)
</error>
  </testcase>
  <testcase name="testSortStore[4]" classname="org.springframework.data.redis.core.RedisTemplateTests" time="0">
    <error message="got: &lt;false&gt;, expected: is &lt;true&gt;" type="org.junit.AssumptionViolatedException"><![CDATA[org.junit.AssumptionViolatedException: got: <false>, expected: is <true>
	at org.springframework.data.redis.core.RedisTemplateTests.testSortStore(RedisTemplateTests.java:433)
]]></error>
  </testcase>
  <testcase name="testSortStore[4]" classname="org.springframework.data.redis.core.RedisTemplateTests" time="0.001">
    <error message="Cannot get Jedis connection; nested exception is redis.clients.jedis.exceptions.JedisConnectionException: Could not get a resource from the pool" type="org.springframework.data.redis.RedisConnectionFailureException">org.springframework.data.redis.RedisConnectionFailureException: Cannot get Jedis connection; nested exception is redis.clients.jedis.exceptions.JedisConnectionException: Could not get a resource from the pool
	at org.springframework.data.redis.core.RedisTemplateTests.tearDown(RedisTemplateTests.java:85)
Caused by: redis.clients.jedis.exceptions.JedisConnectionException: Could not get a resource from the pool
	at org.springframework.data.redis.core.RedisTemplateTests.tearDown(RedisTemplateTests.java:85)
Caused by: redis.clients.jedis.exceptions.JedisConnectionException: java.net.ConnectException: Connection refused (Connection refused)
	at org.springframework.data.redis.core.RedisTemplateTests.tearDown(RedisTemplateTests.java:85)
Caused by: java.net.ConnectException: Connection refused (Connection refused)
	at org.springframework.data.redis.core.RedisTemplateTests.tearDown(RedisTemplateTests.java:85)
</error>
  </testcase>
  <testcase name="testGetExpireMillisForKeyDoesNotExist[4]" classname="org.springframework.data.redis.core.RedisTemplateTests" time="0.001">
    <error message="Cannot get Jedis connection; nested exception is redis.clients.jedis.exceptions.JedisConnectionException: Could not get a resource from the pool" type="org.springframework.data.redis.RedisConnectionFailureException">org.springframework.data.redis.RedisConnectionFailureException: Cannot get Jedis connection; nested exception is redis.clients.jedis.exceptions.JedisConnectionException: Could not get a resource from the pool
	at org.springframework.data.redis.core.RedisTemplateTests.testGetExpireMillisForKeyDoesNotExist(RedisTemplateTests.java:501)
Caused by: redis.clients.jedis.exceptions.JedisConnectionException: Could not get a resource from the pool
	at org.springframework.data.redis.core.RedisTemplateTests.testGetExpireMillisForKeyDoesNotExist(RedisTemplateTests.java:501)
Caused by: redis.clients.jedis.exceptions.JedisConnectionException: java.net.ConnectException: Connection refused (Connection refused)
	at org.springframework.data.redis.core.RedisTemplateTests.testGetExpireMillisForKeyDoesNotExist(RedisTemplateTests.java:501)
Caused by: java.net.ConnectException: Connection refused (Connection refused)
	at org.springframework.data.redis.core.RedisTemplateTests.testGetExpireMillisForKeyDoesNotExist(RedisTemplateTests.java:501)
</error>
  </testcase>
  <testcase name="testGetExpireMillisForKeyDoesNotExist[4]" classname="org.springframework.data.redis.core.RedisTemplateTests" time="0.001">
    <error message="Cannot get Jedis connection; nested exception is redis.clients.jedis.exceptions.JedisConnectionException: Could not get a resource from the pool" type="org.springframework.data.redis.RedisConnectionFailureException">org.springframework.data.redis.RedisConnectionFailureException: Cannot get Jedis connection; nested exception is redis.clients.jedis.exceptions.JedisConnectionException: Could not get a resource from the pool
	at org.springframework.data.redis.core.RedisTemplateTests.tearDown(RedisTemplateTests.java:85)
Caused by: redis.clients.jedis.exceptions.JedisConnectionException: Could not get a resource from the pool
	at org.springframework.data.redis.core.RedisTemplateTests.tearDown(RedisTemplateTests.java:85)
Caused by: redis.clients.jedis.exceptions.JedisConnectionException: java.net.ConnectException: Connection refused (Connection refused)
	at org.springframework.data.redis.core.RedisTemplateTests.tearDown(RedisTemplateTests.java:85)
Caused by: java.net.ConnectException: Connection refused (Connection refused)
	at org.springframework.data.redis.core.RedisTemplateTests.tearDown(RedisTemplateTests.java:85)
</error>
  </testcase>
  <testcase name="testExecConversionDisabled[4]" classname="org.springframework.data.redis.core.RedisTemplateTests" time="0.002">
    <error message="Unable to connect to Redis; nested exception is io.lettuce.core.RedisConnectionException: Unable to connect to 127.0.0.1:6379" type="org.springframework.data.redis.RedisConnectionFailureException">org.springframework.data.redis.RedisConnectionFailureException: Unable to connect to Redis; nested exception is io.lettuce.core.RedisConnectionException: Unable to connect to 127.0.0.1:6379
	at org.springframework.data.redis.core.RedisTemplateTests.testExecConversionDisabled(RedisTemplateTests.java:253)
Caused by: io.lettuce.core.RedisConnectionException: Unable to connect to 127.0.0.1:6379
	at org.springframework.data.redis.core.RedisTemplateTests.testExecConversionDisabled(RedisTemplateTests.java:253)
Caused by: io.netty.channel.AbstractChannel$AnnotatedConnectException: syscall:getsockopt(..) failed: Connection refused: /127.0.0.1:6379
Caused by: io.netty.channel.unix.Errors$NativeConnectException: syscall:getsockopt(..) failed: Connection refused
</error>
  </testcase>
  <testcase name="testExecConversionDisabled[4]" classname="org.springframework.data.redis.core.RedisTemplateTests" time="0.002">
    <error message="Cannot get Jedis connection; nested exception is redis.clients.jedis.exceptions.JedisConnectionException: Could not get a resource from the pool" type="org.springframework.data.redis.RedisConnectionFailureException">org.springframework.data.redis.RedisConnectionFailureException: Cannot get Jedis connection; nested exception is redis.clients.jedis.exceptions.JedisConnectionException: Could not get a resource from the pool
	at org.springframework.data.redis.core.RedisTemplateTests.tearDown(RedisTemplateTests.java:85)
Caused by: redis.clients.jedis.exceptions.JedisConnectionException: Could not get a resource from the pool
	at org.springframework.data.redis.core.RedisTemplateTests.tearDown(RedisTemplateTests.java:85)
Caused by: redis.clients.jedis.exceptions.JedisConnectionException: java.net.ConnectException: Connection refused (Connection refused)
	at org.springframework.data.redis.core.RedisTemplateTests.tearDown(RedisTemplateTests.java:85)
Caused by: java.net.ConnectException: Connection refused (Connection refused)
	at org.springframework.data.redis.core.RedisTemplateTests.tearDown(RedisTemplateTests.java:85)
</error>
  </testcase>
  <testcase name="testGetExpireSecondsForKeyExistButHasNoAssociatedExpire[4]" classname="org.springframework.data.redis.core.RedisTemplateTests" time="0.001">
    <error message="Cannot get Jedis connection; nested exception is redis.clients.jedis.exceptions.JedisConnectionException: Could not get a resource from the pool" type="org.springframework.data.redis.RedisConnectionFailureException">org.springframework.data.redis.RedisConnectionFailureException: Cannot get Jedis connection; nested exception is redis.clients.jedis.exceptions.JedisConnectionException: Could not get a resource from the pool
	at org.springframework.data.redis.core.RedisTemplateTests.testGetExpireSecondsForKeyExistButHasNoAssociatedExpire(RedisTemplateTests.java:493)
Caused by: redis.clients.jedis.exceptions.JedisConnectionException: Could not get a resource from the pool
	at org.springframework.data.redis.core.RedisTemplateTests.testGetExpireSecondsForKeyExistButHasNoAssociatedExpire(RedisTemplateTests.java:493)
Caused by: redis.clients.jedis.exceptions.JedisConnectionException: java.net.ConnectException: Connection refused (Connection refused)
	at org.springframework.data.redis.core.RedisTemplateTests.testGetExpireSecondsForKeyExistButHasNoAssociatedExpire(RedisTemplateTests.java:493)
Caused by: java.net.ConnectException: Connection refused (Connection refused)
	at org.springframework.data.redis.core.RedisTemplateTests.testGetExpireSecondsForKeyExistButHasNoAssociatedExpire(RedisTemplateTests.java:493)
</error>
  </testcase>
  <testcase name="testGetExpireSecondsForKeyExistButHasNoAssociatedExpire[4]" classname="org.springframework.data.redis.core.RedisTemplateTests" time="0.002">
    <error message="Cannot get Jedis connection; nested exception is redis.clients.jedis.exceptions.JedisConnectionException: Could not get a resource from the pool" type="org.springframework.data.redis.RedisConnectionFailureException">org.springframework.data.redis.RedisConnectionFailureException: Cannot get Jedis connection; nested exception is redis.clients.jedis.exceptions.JedisConnectionException: Could not get a resource from the pool
	at org.springframework.data.redis.core.RedisTemplateTests.tearDown(RedisTemplateTests.java:85)
Caused by: redis.clients.jedis.exceptions.JedisConnectionException: Could not get a resource from the pool
	at org.springframework.data.redis.core.RedisTemplateTests.tearDown(RedisTemplateTests.java:85)
Caused by: redis.clients.jedis.exceptions.JedisConnectionException: java.net.ConnectException: Connection refused (Connection refused)
	at org.springframework.data.redis.core.RedisTemplateTests.tearDown(RedisTemplateTests.java:85)
Caused by: java.net.ConnectException: Connection refused (Connection refused)
	at org.springframework.data.redis.core.RedisTemplateTests.tearDown(RedisTemplateTests.java:85)
</error>
  </testcase>
  <testcase name="testDumpAndRestoreNoTtl[4]" classname="org.springframework.data.redis.core.RedisTemplateTests" time="0">
    <error message="Could not initialize class org.springframework.data.redis.RedisTestProfileValueSource" type="java.lang.NoClassDefFoundError">java.lang.NoClassDefFoundError: Could not initialize class org.springframework.data.redis.RedisTestProfileValueSource
	at org.springframework.data.redis.core.RedisTemplateTests.testDumpAndRestoreNoTtl(RedisTemplateTests.java:103)
</error>
  </testcase>
  <testcase name="testDumpAndRestoreNoTtl[4]" classname="org.springframework.data.redis.core.RedisTemplateTests" time="0.001">
    <error message="Cannot get Jedis connection; nested exception is redis.clients.jedis.exceptions.JedisConnectionException: Could not get a resource from the pool" type="org.springframework.data.redis.RedisConnectionFailureException">org.springframework.data.redis.RedisConnectionFailureException: Cannot get Jedis connection; nested exception is redis.clients.jedis.exceptions.JedisConnectionException: Could not get a resource from the pool
	at org.springframework.data.redis.core.RedisTemplateTests.tearDown(RedisTemplateTests.java:85)
Caused by: redis.clients.jedis.exceptions.JedisConnectionException: Could not get a resource from the pool
	at org.springframework.data.redis.core.RedisTemplateTests.tearDown(RedisTemplateTests.java:85)
Caused by: redis.clients.jedis.exceptions.JedisConnectionException: java.net.ConnectException: Connection refused (Connection refused)
	at org.springframework.data.redis.core.RedisTemplateTests.tearDown(RedisTemplateTests.java:85)
Caused by: java.net.ConnectException: Connection refused (Connection refused)
	at org.springframework.data.redis.core.RedisTemplateTests.tearDown(RedisTemplateTests.java:85)
</error>
  </testcase>
  <testcase name="testDiscard[4]" classname="org.springframework.data.redis.core.RedisTemplateTests" time="0.001">
    <error message="Cannot get Jedis connection; nested exception is redis.clients.jedis.exceptions.JedisConnectionException: Could not get a resource from the pool" type="org.springframework.data.redis.RedisConnectionFailureException">org.springframework.data.redis.RedisConnectionFailureException: Cannot get Jedis connection; nested exception is redis.clients.jedis.exceptions.JedisConnectionException: Could not get a resource from the pool
	at org.springframework.data.redis.core.RedisTemplateTests.testDiscard(RedisTemplateTests.java:195)
Caused by: redis.clients.jedis.exceptions.JedisConnectionException: Could not get a resource from the pool
	at org.springframework.data.redis.core.RedisTemplateTests.testDiscard(RedisTemplateTests.java:195)
Caused by: redis.clients.jedis.exceptions.JedisConnectionException: java.net.ConnectException: Connection refused (Connection refused)
	at org.springframework.data.redis.core.RedisTemplateTests.testDiscard(RedisTemplateTests.java:195)
Caused by: java.net.ConnectException: Connection refused (Connection refused)
	at org.springframework.data.redis.core.RedisTemplateTests.testDiscard(RedisTemplateTests.java:195)
</error>
  </testcase>
  <testcase name="testDiscard[4]" classname="org.springframework.data.redis.core.RedisTemplateTests" time="0.001">
    <error message="Cannot get Jedis connection; nested exception is redis.clients.jedis.exceptions.JedisConnectionException: Could not get a resource from the pool" type="org.springframework.data.redis.RedisConnectionFailureException">org.springframework.data.redis.RedisConnectionFailureException: Cannot get Jedis connection; nested exception is redis.clients.jedis.exceptions.JedisConnectionException: Could not get a resource from the pool
	at org.springframework.data.redis.core.RedisTemplateTests.tearDown(RedisTemplateTests.java:85)
Caused by: redis.clients.jedis.exceptions.JedisConnectionException: Could not get a resource from the pool
	at org.springframework.data.redis.core.RedisTemplateTests.tearDown(RedisTemplateTests.java:85)
Caused by: redis.clients.jedis.exceptions.JedisConnectionException: java.net.ConnectException: Connection refused (Connection refused)
	at org.springframework.data.redis.core.RedisTemplateTests.tearDown(RedisTemplateTests.java:85)
Caused by: java.net.ConnectException: Connection refused (Connection refused)
	at org.springframework.data.redis.core.RedisTemplateTests.tearDown(RedisTemplateTests.java:85)
</error>
  </testcase>
  <testcase name="testDelete[4]" classname="org.springframework.data.redis.core.RedisTemplateTests" time="0.001">
    <error message="Cannot get Jedis connection; nested exception is redis.clients.jedis.exceptions.JedisConnectionException: Could not get a resource from the pool" type="org.springframework.data.redis.RedisConnectionFailureException">org.springframework.data.redis.RedisConnectionFailureException: Cannot get Jedis connection; nested exception is redis.clients.jedis.exceptions.JedisConnectionException: Could not get a resource from the pool
	at org.springframework.data.redis.core.RedisTemplateTests.testDelete(RedisTemplateTests.java:391)
Caused by: redis.clients.jedis.exceptions.JedisConnectionException: Could not get a resource from the pool
	at org.springframework.data.redis.core.RedisTemplateTests.testDelete(RedisTemplateTests.java:391)
Caused by: redis.clients.jedis.exceptions.JedisConnectionException: java.net.ConnectException: Connection refused (Connection refused)
	at org.springframework.data.redis.core.RedisTemplateTests.testDelete(RedisTemplateTests.java:391)
Caused by: java.net.ConnectException: Connection refused (Connection refused)
	at org.springframework.data.redis.core.RedisTemplateTests.testDelete(RedisTemplateTests.java:391)
</error>
  </testcase>
  <testcase name="testDelete[4]" classname="org.springframework.data.redis.core.RedisTemplateTests" time="0.002">
    <error message="Cannot get Jedis connection; nested exception is redis.clients.jedis.exceptions.JedisConnectionException: Could not get a resource from the pool" type="org.springframework.data.redis.RedisConnectionFailureException">org.springframework.data.redis.RedisConnectionFailureException: Cannot get Jedis connection; nested exception is redis.clients.jedis.exceptions.JedisConnectionException: Could not get a resource from the pool
	at org.springframework.data.redis.core.RedisTemplateTests.tearDown(RedisTemplateTests.java:85)
Caused by: redis.clients.jedis.exceptions.JedisConnectionException: Could not get a resource from the pool
	at org.springframework.data.redis.core.RedisTemplateTests.tearDown(RedisTemplateTests.java:85)
Caused by: redis.clients.jedis.exceptions.JedisConnectionException: java.net.ConnectException: Connection refused (Connection refused)
	at org.springframework.data.redis.core.RedisTemplateTests.tearDown(RedisTemplateTests.java:85)
Caused by: java.net.ConnectException: Connection refused (Connection refused)
	at org.springframework.data.redis.core.RedisTemplateTests.tearDown(RedisTemplateTests.java:85)
</error>
  </testcase>
  <testcase name="testExecuteScriptCustomSerializers[4]" classname="org.springframework.data.redis.core.RedisTemplateTests" time="0">
    <error message="Could not initialize class org.springframework.data.redis.RedisTestProfileValueSource" type="java.lang.NoClassDefFoundError">java.lang.NoClassDefFoundError: Could not initialize class org.springframework.data.redis.RedisTestProfileValueSource
	at org.springframework.data.redis.core.RedisTemplateTests.testExecuteScriptCustomSerializers(RedisTemplateTests.java:798)
</error>
  </testcase>
  <testcase name="testExecuteScriptCustomSerializers[4]" classname="org.springframework.data.redis.core.RedisTemplateTests" time="0.001">
    <error message="Cannot get Jedis connection; nested exception is redis.clients.jedis.exceptions.JedisConnectionException: Could not get a resource from the pool" type="org.springframework.data.redis.RedisConnectionFailureException">org.springframework.data.redis.RedisConnectionFailureException: Cannot get Jedis connection; nested exception is redis.clients.jedis.exceptions.JedisConnectionException: Could not get a resource from the pool
	at org.springframework.data.redis.core.RedisTemplateTests.tearDown(RedisTemplateTests.java:85)
Caused by: redis.clients.jedis.exceptions.JedisConnectionException: Could not get a resource from the pool
	at org.springframework.data.redis.core.RedisTemplateTests.tearDown(RedisTemplateTests.java:85)
Caused by: redis.clients.jedis.exceptions.JedisConnectionException: java.net.ConnectException: Connection refused (Connection refused)
	at org.springframework.data.redis.core.RedisTemplateTests.tearDown(RedisTemplateTests.java:85)
Caused by: java.net.ConnectException: Connection refused (Connection refused)
	at org.springframework.data.redis.core.RedisTemplateTests.tearDown(RedisTemplateTests.java:85)
</error>
  </testcase>
  <testcase name="testExecutePipelined[4]" classname="org.springframework.data.redis.core.RedisTemplateTests" time="0">
    <error message="Cannot get Jedis connection; nested exception is redis.clients.jedis.exceptions.JedisConnectionException: Could not get a resource from the pool" type="org.springframework.data.redis.RedisConnectionFailureException">org.springframework.data.redis.RedisConnectionFailureException: Cannot get Jedis connection; nested exception is redis.clients.jedis.exceptions.JedisConnectionException: Could not get a resource from the pool
	at org.springframework.data.redis.core.RedisTemplateTests.testExecutePipelined(RedisTemplateTests.java:274)
Caused by: redis.clients.jedis.exceptions.JedisConnectionException: Could not get a resource from the pool
	at org.springframework.data.redis.core.RedisTemplateTests.testExecutePipelined(RedisTemplateTests.java:274)
Caused by: redis.clients.jedis.exceptions.JedisConnectionException: java.net.ConnectException: Connection refused (Connection refused)
	at org.springframework.data.redis.core.RedisTemplateTests.testExecutePipelined(RedisTemplateTests.java:274)
Caused by: java.net.ConnectException: Connection refused (Connection refused)
	at org.springframework.data.redis.core.RedisTemplateTests.testExecutePipelined(RedisTemplateTests.java:274)
</error>
  </testcase>
  <testcase name="testExecutePipelined[4]" classname="org.springframework.data.redis.core.RedisTemplateTests" time="0.001">
    <error message="Cannot get Jedis connection; nested exception is redis.clients.jedis.exceptions.JedisConnectionException: Could not get a resource from the pool" type="org.springframework.data.redis.RedisConnectionFailureException">org.springframework.data.redis.RedisConnectionFailureException: Cannot get Jedis connection; nested exception is redis.clients.jedis.exceptions.JedisConnectionException: Could not get a resource from the pool
	at org.springframework.data.redis.core.RedisTemplateTests.tearDown(RedisTemplateTests.java:85)
Caused by: redis.clients.jedis.exceptions.JedisConnectionException: Could not get a resource from the pool
	at org.springframework.data.redis.core.RedisTemplateTests.tearDown(RedisTemplateTests.java:85)
Caused by: redis.clients.jedis.exceptions.JedisConnectionException: java.net.ConnectException: Connection refused (Connection refused)
	at org.springframework.data.redis.core.RedisTemplateTests.tearDown(RedisTemplateTests.java:85)
Caused by: java.net.ConnectException: Connection refused (Connection refused)
	at org.springframework.data.redis.core.RedisTemplateTests.tearDown(RedisTemplateTests.java:85)
</error>
  </testcase>
  <testcase name="testDeleteMultiple[4]" classname="org.springframework.data.redis.core.RedisTemplateTests" time="0.001">
    <error message="Cannot get Jedis connection; nested exception is redis.clients.jedis.exceptions.JedisConnectionException: Could not get a resource from the pool" type="org.springframework.data.redis.RedisConnectionFailureException">org.springframework.data.redis.RedisConnectionFailureException: Cannot get Jedis connection; nested exception is redis.clients.jedis.exceptions.JedisConnectionException: Could not get a resource from the pool
	at org.springframework.data.redis.core.RedisTemplateTests.testDeleteMultiple(RedisTemplateTests.java:406)
Caused by: redis.clients.jedis.exceptions.JedisConnectionException: Could not get a resource from the pool
	at org.springframework.data.redis.core.RedisTemplateTests.testDeleteMultiple(RedisTemplateTests.java:406)
Caused by: redis.clients.jedis.exceptions.JedisConnectionException: java.net.ConnectException: Connection refused (Connection refused)
	at org.springframework.data.redis.core.RedisTemplateTests.testDeleteMultiple(RedisTemplateTests.java:406)
Caused by: java.net.ConnectException: Connection refused (Connection refused)
	at org.springframework.data.redis.core.RedisTemplateTests.testDeleteMultiple(RedisTemplateTests.java:406)
</error>
  </testcase>
  <testcase name="testDeleteMultiple[4]" classname="org.springframework.data.redis.core.RedisTemplateTests" time="0.001">
    <error message="Cannot get Jedis connection; nested exception is redis.clients.jedis.exceptions.JedisConnectionException: Could not get a resource from the pool" type="org.springframework.data.redis.RedisConnectionFailureException">org.springframework.data.redis.RedisConnectionFailureException: Cannot get Jedis connection; nested exception is redis.clients.jedis.exceptions.JedisConnectionException: Could not get a resource from the pool
	at org.springframework.data.redis.core.RedisTemplateTests.tearDown(RedisTemplateTests.java:85)
Caused by: redis.clients.jedis.exceptions.JedisConnectionException: Could not get a resource from the pool
	at org.springframework.data.redis.core.RedisTemplateTests.tearDown(RedisTemplateTests.java:85)
Caused by: redis.clients.jedis.exceptions.JedisConnectionException: java.net.ConnectException: Connection refused (Connection refused)
	at org.springframework.data.redis.core.RedisTemplateTests.tearDown(RedisTemplateTests.java:85)
Caused by: java.net.ConnectException: Connection refused (Connection refused)
	at org.springframework.data.redis.core.RedisTemplateTests.tearDown(RedisTemplateTests.java:85)
</error>
  </testcase>
  <testcase name="testGetExpireMillisForKeyExistButHasNoAssociatedExpire[4]" classname="org.springframework.data.redis.core.RedisTemplateTests" time="0.001">
    <error message="Cannot get Jedis connection; nested exception is redis.clients.jedis.exceptions.JedisConnectionException: Could not get a resource from the pool" type="org.springframework.data.redis.RedisConnectionFailureException">org.springframework.data.redis.RedisConnectionFailureException: Cannot get Jedis connection; nested exception is redis.clients.jedis.exceptions.JedisConnectionException: Could not get a resource from the pool
	at org.springframework.data.redis.core.RedisTemplateTests.testGetExpireMillisForKeyExistButHasNoAssociatedExpire(RedisTemplateTests.java:510)
Caused by: redis.clients.jedis.exceptions.JedisConnectionException: Could not get a resource from the pool
	at org.springframework.data.redis.core.RedisTemplateTests.testGetExpireMillisForKeyExistButHasNoAssociatedExpire(RedisTemplateTests.java:510)
Caused by: redis.clients.jedis.exceptions.JedisConnectionException: java.net.ConnectException: Connection refused (Connection refused)
	at org.springframework.data.redis.core.RedisTemplateTests.testGetExpireMillisForKeyExistButHasNoAssociatedExpire(RedisTemplateTests.java:510)
Caused by: java.net.ConnectException: Connection refused (Connection refused)
	at org.springframework.data.redis.core.RedisTemplateTests.testGetExpireMillisForKeyExistButHasNoAssociatedExpire(RedisTemplateTests.java:510)
</error>
  </testcase>
  <testcase name="testGetExpireMillisForKeyExistButHasNoAssociatedExpire[4]" classname="org.springframework.data.redis.core.RedisTemplateTests" time="0.001">
    <error message="Cannot get Jedis connection; nested exception is redis.clients.jedis.exceptions.JedisConnectionException: Could not get a resource from the pool" type="org.springframework.data.redis.RedisConnectionFailureException">org.springframework.data.redis.RedisConnectionFailureException: Cannot get Jedis connection; nested exception is redis.clients.jedis.exceptions.JedisConnectionException: Could not get a resource from the pool
	at org.springframework.data.redis.core.RedisTemplateTests.tearDown(RedisTemplateTests.java:85)
Caused by: redis.clients.jedis.exceptions.JedisConnectionException: Could not get a resource from the pool
	at org.springframework.data.redis.core.RedisTemplateTests.tearDown(RedisTemplateTests.java:85)
Caused by: redis.clients.jedis.exceptions.JedisConnectionException: java.net.ConnectException: Connection refused (Connection refused)
	at org.springframework.data.redis.core.RedisTemplateTests.tearDown(RedisTemplateTests.java:85)
Caused by: java.net.ConnectException: Connection refused (Connection refused)
	at org.springframework.data.redis.core.RedisTemplateTests.tearDown(RedisTemplateTests.java:85)
</error>
  </testcase>
  <testcase name="testRename[4]" classname="org.springframework.data.redis.core.RedisTemplateTests" time="0.001">
    <error message="Cannot get Jedis connection; nested exception is redis.clients.jedis.exceptions.JedisConnectionException: Could not get a resource from the pool" type="org.springframework.data.redis.RedisConnectionFailureException">org.springframework.data.redis.RedisConnectionFailureException: Cannot get Jedis connection; nested exception is redis.clients.jedis.exceptions.JedisConnectionException: Could not get a resource from the pool
	at org.springframework.data.redis.core.RedisTemplateTests.testRename(RedisTemplateTests.java:657)
Caused by: redis.clients.jedis.exceptions.JedisConnectionException: Could not get a resource from the pool
	at org.springframework.data.redis.core.RedisTemplateTests.testRename(RedisTemplateTests.java:657)
Caused by: redis.clients.jedis.exceptions.JedisConnectionException: java.net.ConnectException: Connection refused (Connection refused)
	at org.springframework.data.redis.core.RedisTemplateTests.testRename(RedisTemplateTests.java:657)
Caused by: java.net.ConnectException: Connection refused (Connection refused)
	at org.springframework.data.redis.core.RedisTemplateTests.testRename(RedisTemplateTests.java:657)
</error>
  </testcase>
  <testcase name="testRename[4]" classname="org.springframework.data.redis.core.RedisTemplateTests" time="0.001">
    <error message="Cannot get Jedis connection; nested exception is redis.clients.jedis.exceptions.JedisConnectionException: Could not get a resource from the pool" type="org.springframework.data.redis.RedisConnectionFailureException">org.springframework.data.redis.RedisConnectionFailureException: Cannot get Jedis connection; nested exception is redis.clients.jedis.exceptions.JedisConnectionException: Could not get a resource from the pool
	at org.springframework.data.redis.core.RedisTemplateTests.tearDown(RedisTemplateTests.java:85)
Caused by: redis.clients.jedis.exceptions.JedisConnectionException: Could not get a resource from the pool
	at org.springframework.data.redis.core.RedisTemplateTests.tearDown(RedisTemplateTests.java:85)
Caused by: redis.clients.jedis.exceptions.JedisConnectionException: java.net.ConnectException: Connection refused (Connection refused)
	at org.springframework.data.redis.core.RedisTemplateTests.tearDown(RedisTemplateTests.java:85)
Caused by: java.net.ConnectException: Connection refused (Connection refused)
	at org.springframework.data.redis.core.RedisTemplateTests.tearDown(RedisTemplateTests.java:85)
</error>
  </testcase>
  <testcase name="testGetExpireSeconds[4]" classname="org.springframework.data.redis.core.RedisTemplateTests" time="0.002">
    <error message="Cannot get Jedis connection; nested exception is redis.clients.jedis.exceptions.JedisConnectionException: Could not get a resource from the pool" type="org.springframework.data.redis.RedisConnectionFailureException">org.springframework.data.redis.RedisConnectionFailureException: Cannot get Jedis connection; nested exception is redis.clients.jedis.exceptions.JedisConnectionException: Could not get a resource from the pool
	at org.springframework.data.redis.core.RedisTemplateTests.testGetExpireSeconds(RedisTemplateTests.java:477)
Caused by: redis.clients.jedis.exceptions.JedisConnectionException: Could not get a resource from the pool
	at org.springframework.data.redis.core.RedisTemplateTests.testGetExpireSeconds(RedisTemplateTests.java:477)
Caused by: redis.clients.jedis.exceptions.JedisConnectionException: java.net.ConnectException: Connection refused (Connection refused)
	at org.springframework.data.redis.core.RedisTemplateTests.testGetExpireSeconds(RedisTemplateTests.java:477)
Caused by: java.net.ConnectException: Connection refused (Connection refused)
	at org.springframework.data.redis.core.RedisTemplateTests.testGetExpireSeconds(RedisTemplateTests.java:477)
</error>
  </testcase>
  <testcase name="testGetExpireSeconds[4]" classname="org.springframework.data.redis.core.RedisTemplateTests" time="0.002">
    <error message="Cannot get Jedis connection; nested exception is redis.clients.jedis.exceptions.JedisConnectionException: Could not get a resource from the pool" type="org.springframework.data.redis.RedisConnectionFailureException">org.springframework.data.redis.RedisConnectionFailureException: Cannot get Jedis connection; nested exception is redis.clients.jedis.exceptions.JedisConnectionException: Could not get a resource from the pool
	at org.springframework.data.redis.core.RedisTemplateTests.tearDown(RedisTemplateTests.java:85)
Caused by: redis.clients.jedis.exceptions.JedisConnectionException: Could not get a resource from the pool
	at org.springframework.data.redis.core.RedisTemplateTests.tearDown(RedisTemplateTests.java:85)
Caused by: redis.clients.jedis.exceptions.JedisConnectionException: java.net.ConnectException: Connection refused (Connection refused)
	at org.springframework.data.redis.core.RedisTemplateTests.tearDown(RedisTemplateTests.java:85)
Caused by: java.net.ConnectException: Connection refused (Connection refused)
	at org.springframework.data.redis.core.RedisTemplateTests.tearDown(RedisTemplateTests.java:85)
</error>
  </testcase>
  <testcase name="testStringTemplateExecutesWithStringConn[4]" classname="org.springframework.data.redis.core.RedisTemplateTests" time="0.001">
    <error message="got: &lt;false&gt;, expected: is &lt;true&gt;" type="org.junit.AssumptionViolatedException"><![CDATA[org.junit.AssumptionViolatedException: got: <false>, expected: is <true>
	at org.springframework.data.redis.core.RedisTemplateTests.testStringTemplateExecutesWithStringConn(RedisTemplateTests.java:149)
]]></error>
  </testcase>
  <testcase name="testStringTemplateExecutesWithStringConn[4]" classname="org.springframework.data.redis.core.RedisTemplateTests" time="0.002">
    <error message="Cannot get Jedis connection; nested exception is redis.clients.jedis.exceptions.JedisConnectionException: Could not get a resource from the pool" type="org.springframework.data.redis.RedisConnectionFailureException">org.springframework.data.redis.RedisConnectionFailureException: Cannot get Jedis connection; nested exception is redis.clients.jedis.exceptions.JedisConnectionException: Could not get a resource from the pool
	at org.springframework.data.redis.core.RedisTemplateTests.tearDown(RedisTemplateTests.java:85)
Caused by: redis.clients.jedis.exceptions.JedisConnectionException: Could not get a resource from the pool
	at org.springframework.data.redis.core.RedisTemplateTests.tearDown(RedisTemplateTests.java:85)
Caused by: redis.clients.jedis.exceptions.JedisConnectionException: java.net.ConnectException: Connection refused (Connection refused)
	at org.springframework.data.redis.core.RedisTemplateTests.tearDown(RedisTemplateTests.java:85)
Caused by: java.net.ConnectException: Connection refused (Connection refused)
	at org.springframework.data.redis.core.RedisTemplateTests.tearDown(RedisTemplateTests.java:85)
</error>
  </testcase>
  <testcase name="testExecutePipelinedWidthDifferentHashKeySerializerAndHashValueSerializer[4]" classname="org.springframework.data.redis.core.RedisTemplateTests" time="0">
    <error message="got: &lt;false&gt;, expected: is &lt;true&gt;" type="org.junit.AssumptionViolatedException"><![CDATA[org.junit.AssumptionViolatedException: got: <false>, expected: is <true>
	at org.springframework.data.redis.core.RedisTemplateTests.testExecutePipelinedWidthDifferentHashKeySerializerAndHashValueSerializer(RedisTemplateTests.java:310)
]]></error>
  </testcase>
  <testcase name="testExecutePipelinedWidthDifferentHashKeySerializerAndHashValueSerializer[4]" classname="org.springframework.data.redis.core.RedisTemplateTests" time="0.001">
    <error message="Cannot get Jedis connection; nested exception is redis.clients.jedis.exceptions.JedisConnectionException: Could not get a resource from the pool" type="org.springframework.data.redis.RedisConnectionFailureException">org.springframework.data.redis.RedisConnectionFailureException: Cannot get Jedis connection; nested exception is redis.clients.jedis.exceptions.JedisConnectionException: Could not get a resource from the pool
	at org.springframework.data.redis.core.RedisTemplateTests.tearDown(RedisTemplateTests.java:85)
Caused by: redis.clients.jedis.exceptions.JedisConnectionException: Could not get a resource from the pool
	at org.springframework.data.redis.core.RedisTemplateTests.tearDown(RedisTemplateTests.java:85)
Caused by: redis.clients.jedis.exceptions.JedisConnectionException: java.net.ConnectException: Connection refused (Connection refused)
	at org.springframework.data.redis.core.RedisTemplateTests.tearDown(RedisTemplateTests.java:85)
Caused by: java.net.ConnectException: Connection refused (Connection refused)
	at org.springframework.data.redis.core.RedisTemplateTests.tearDown(RedisTemplateTests.java:85)
</error>
  </testcase>
  <testcase name="testGetExpireNoTimeUnit[4]" classname="org.springframework.data.redis.core.RedisTemplateTests" time="0.002">
    <error message="Cannot get Jedis connection; nested exception is redis.clients.jedis.exceptions.JedisConnectionException: Could not get a resource from the pool" type="org.springframework.data.redis.RedisConnectionFailureException">org.springframework.data.redis.RedisConnectionFailureException: Cannot get Jedis connection; nested exception is redis.clients.jedis.exceptions.JedisConnectionException: Could not get a resource from the pool
	at org.springframework.data.redis.core.RedisTemplateTests.testGetExpireNoTimeUnit(RedisTemplateTests.java:466)
Caused by: redis.clients.jedis.exceptions.JedisConnectionException: Could not get a resource from the pool
	at org.springframework.data.redis.core.RedisTemplateTests.testGetExpireNoTimeUnit(RedisTemplateTests.java:466)
Caused by: redis.clients.jedis.exceptions.JedisConnectionException: java.net.ConnectException: Connection refused (Connection refused)
	at org.springframework.data.redis.core.RedisTemplateTests.testGetExpireNoTimeUnit(RedisTemplateTests.java:466)
Caused by: java.net.ConnectException: Connection refused (Connection refused)
	at org.springframework.data.redis.core.RedisTemplateTests.testGetExpireNoTimeUnit(RedisTemplateTests.java:466)
</error>
  </testcase>
  <testcase name="testGetExpireNoTimeUnit[4]" classname="org.springframework.data.redis.core.RedisTemplateTests" time="0.002">
    <error message="Cannot get Jedis connection; nested exception is redis.clients.jedis.exceptions.JedisConnectionException: Could not get a resource from the pool" type="org.springframework.data.redis.RedisConnectionFailureException">org.springframework.data.redis.RedisConnectionFailureException: Cannot get Jedis connection; nested exception is redis.clients.jedis.exceptions.JedisConnectionException: Could not get a resource from the pool
	at org.springframework.data.redis.core.RedisTemplateTests.tearDown(RedisTemplateTests.java:85)
Caused by: redis.clients.jedis.exceptions.JedisConnectionException: Could not get a resource from the pool
	at org.springframework.data.redis.core.RedisTemplateTests.tearDown(RedisTemplateTests.java:85)
Caused by: redis.clients.jedis.exceptions.JedisConnectionException: java.net.ConnectException: Connection refused (Connection refused)
	at org.springframework.data.redis.core.RedisTemplateTests.tearDown(RedisTemplateTests.java:85)
Caused by: java.net.ConnectException: Connection refused (Connection refused)
	at org.springframework.data.redis.core.RedisTemplateTests.tearDown(RedisTemplateTests.java:85)
</error>
  </testcase>
  <testcase name="countExistingKeysReturnsNumberOfKeysCorrectly[4]" classname="org.springframework.data.redis.core.RedisTemplateTests" time="0.001">
    <error message="Cannot get Jedis connection; nested exception is redis.clients.jedis.exceptions.JedisConnectionException: Could not get a resource from the pool" type="org.springframework.data.redis.RedisConnectionFailureException">org.springframework.data.redis.RedisConnectionFailureException: Cannot get Jedis connection; nested exception is redis.clients.jedis.exceptions.JedisConnectionException: Could not get a resource from the pool
	at org.springframework.data.redis.core.RedisTemplateTests.countExistingKeysReturnsNumberOfKeysCorrectly(RedisTemplateTests.java:820)
Caused by: redis.clients.jedis.exceptions.JedisConnectionException: Could not get a resource from the pool
	at org.springframework.data.redis.core.RedisTemplateTests.countExistingKeysReturnsNumberOfKeysCorrectly(RedisTemplateTests.java:820)
Caused by: redis.clients.jedis.exceptions.JedisConnectionException: java.net.ConnectException: Connection refused (Connection refused)
	at org.springframework.data.redis.core.RedisTemplateTests.countExistingKeysReturnsNumberOfKeysCorrectly(RedisTemplateTests.java:820)
Caused by: java.net.ConnectException: Connection refused (Connection refused)
	at org.springframework.data.redis.core.RedisTemplateTests.countExistingKeysReturnsNumberOfKeysCorrectly(RedisTemplateTests.java:820)
</error>
  </testcase>
  <testcase name="countExistingKeysReturnsNumberOfKeysCorrectly[4]" classname="org.springframework.data.redis.core.RedisTemplateTests" time="0.002">
    <error message="Cannot get Jedis connection; nested exception is redis.clients.jedis.exceptions.JedisConnectionException: Could not get a resource from the pool" type="org.springframework.data.redis.RedisConnectionFailureException">org.springframework.data.redis.RedisConnectionFailureException: Cannot get Jedis connection; nested exception is redis.clients.jedis.exceptions.JedisConnectionException: Could not get a resource from the pool
	at org.springframework.data.redis.core.RedisTemplateTests.tearDown(RedisTemplateTests.java:85)
Caused by: redis.clients.jedis.exceptions.JedisConnectionException: Could not get a resource from the pool
	at org.springframework.data.redis.core.RedisTemplateTests.tearDown(RedisTemplateTests.java:85)
Caused by: redis.clients.jedis.exceptions.JedisConnectionException: java.net.ConnectException: Connection refused (Connection refused)
	at org.springframework.data.redis.core.RedisTemplateTests.tearDown(RedisTemplateTests.java:85)
Caused by: java.net.ConnectException: Connection refused (Connection refused)
	at org.springframework.data.redis.core.RedisTemplateTests.tearDown(RedisTemplateTests.java:85)
</error>
  </testcase>
  <testcase name="testExpireAndGetExpireMillis[4]" classname="org.springframework.data.redis.core.RedisTemplateTests" time="0.001">
    <error message="Cannot get Jedis connection; nested exception is redis.clients.jedis.exceptions.JedisConnectionException: Could not get a resource from the pool" type="org.springframework.data.redis.RedisConnectionFailureException">org.springframework.data.redis.RedisConnectionFailureException: Cannot get Jedis connection; nested exception is redis.clients.jedis.exceptions.JedisConnectionException: Could not get a resource from the pool
	at org.springframework.data.redis.core.RedisTemplateTests.testExpireAndGetExpireMillis(RedisTemplateTests.java:454)
Caused by: redis.clients.jedis.exceptions.JedisConnectionException: Could not get a resource from the pool
	at org.springframework.data.redis.core.RedisTemplateTests.testExpireAndGetExpireMillis(RedisTemplateTests.java:454)
Caused by: redis.clients.jedis.exceptions.JedisConnectionException: java.net.ConnectException: Connection refused (Connection refused)
	at org.springframework.data.redis.core.RedisTemplateTests.testExpireAndGetExpireMillis(RedisTemplateTests.java:454)
Caused by: java.net.ConnectException: Connection refused (Connection refused)
	at org.springframework.data.redis.core.RedisTemplateTests.testExpireAndGetExpireMillis(RedisTemplateTests.java:454)
</error>
  </testcase>
  <testcase name="testExpireAndGetExpireMillis[4]" classname="org.springframework.data.redis.core.RedisTemplateTests" time="0.001">
    <error message="Cannot get Jedis connection; nested exception is redis.clients.jedis.exceptions.JedisConnectionException: Could not get a resource from the pool" type="org.springframework.data.redis.RedisConnectionFailureException">org.springframework.data.redis.RedisConnectionFailureException: Cannot get Jedis connection; nested exception is redis.clients.jedis.exceptions.JedisConnectionException: Could not get a resource from the pool
	at org.springframework.data.redis.core.RedisTemplateTests.tearDown(RedisTemplateTests.java:85)
Caused by: redis.clients.jedis.exceptions.JedisConnectionException: Could not get a resource from the pool
	at org.springframework.data.redis.core.RedisTemplateTests.tearDown(RedisTemplateTests.java:85)
Caused by: redis.clients.jedis.exceptions.JedisConnectionException: java.net.ConnectException: Connection refused (Connection refused)
	at org.springframework.data.redis.core.RedisTemplateTests.tearDown(RedisTemplateTests.java:85)
Caused by: java.net.ConnectException: Connection refused (Connection refused)
	at org.springframework.data.redis.core.RedisTemplateTests.tearDown(RedisTemplateTests.java:85)
</error>
  </testcase>
  <testcase name="testWatchMultipleKeys[4]" classname="org.springframework.data.redis.core.RedisTemplateTests" time="0.001">
    <error message="Cannot get Jedis connection; nested exception is redis.clients.jedis.exceptions.JedisConnectionException: Could not get a resource from the pool" type="org.springframework.data.redis.RedisConnectionFailureException">org.springframework.data.redis.RedisConnectionFailureException: Cannot get Jedis connection; nested exception is redis.clients.jedis.exceptions.JedisConnectionException: Could not get a resource from the pool
	at org.springframework.data.redis.core.RedisTemplateTests.testWatchMultipleKeys(RedisTemplateTests.java:756)
Caused by: redis.clients.jedis.exceptions.JedisConnectionException: Could not get a resource from the pool
	at org.springframework.data.redis.core.RedisTemplateTests.testWatchMultipleKeys(RedisTemplateTests.java:756)
Caused by: redis.clients.jedis.exceptions.JedisConnectionException: java.net.ConnectException: Connection refused (Connection refused)
	at org.springframework.data.redis.core.RedisTemplateTests.testWatchMultipleKeys(RedisTemplateTests.java:756)
Caused by: java.net.ConnectException: Connection refused (Connection refused)
	at org.springframework.data.redis.core.RedisTemplateTests.testWatchMultipleKeys(RedisTemplateTests.java:756)
</error>
  </testcase>
  <testcase name="testWatchMultipleKeys[4]" classname="org.springframework.data.redis.core.RedisTemplateTests" time="0.002">
    <error message="Cannot get Jedis connection; nested exception is redis.clients.jedis.exceptions.JedisConnectionException: Could not get a resource from the pool" type="org.springframework.data.redis.RedisConnectionFailureException">org.springframework.data.redis.RedisConnectionFailureException: Cannot get Jedis connection; nested exception is redis.clients.jedis.exceptions.JedisConnectionException: Could not get a resource from the pool
	at org.springframework.data.redis.core.RedisTemplateTests.tearDown(RedisTemplateTests.java:85)
Caused by: redis.clients.jedis.exceptions.JedisConnectionException: Could not get a resource from the pool
	at org.springframework.data.redis.core.RedisTemplateTests.tearDown(RedisTemplateTests.java:85)
Caused by: redis.clients.jedis.exceptions.JedisConnectionException: java.net.ConnectException: Connection refused (Connection refused)
	at org.springframework.data.redis.core.RedisTemplateTests.tearDown(RedisTemplateTests.java:85)
Caused by: java.net.ConnectException: Connection refused (Connection refused)
	at org.springframework.data.redis.core.RedisTemplateTests.tearDown(RedisTemplateTests.java:85)
</error>
  </testcase>
  <testcase name="testRestoreTtl[5]" classname="org.springframework.data.redis.core.RedisTemplateTests" time="0.001">
    <error message="Could not initialize class org.springframework.data.redis.RedisTestProfileValueSource" type="java.lang.NoClassDefFoundError">java.lang.NoClassDefFoundError: Could not initialize class org.springframework.data.redis.RedisTestProfileValueSource
	at org.springframework.data.redis.core.RedisTemplateTests.testRestoreTtl(RedisTemplateTests.java:116)
</error>
  </testcase>
  <testcase name="testRestoreTtl[5]" classname="org.springframework.data.redis.core.RedisTemplateTests" time="0.001">
    <error message="Cannot get Jedis connection; nested exception is redis.clients.jedis.exceptions.JedisConnectionException: Could not get a resource from the pool" type="org.springframework.data.redis.RedisConnectionFailureException">org.springframework.data.redis.RedisConnectionFailureException: Cannot get Jedis connection; nested exception is redis.clients.jedis.exceptions.JedisConnectionException: Could not get a resource from the pool
	at org.springframework.data.redis.core.RedisTemplateTests.tearDown(RedisTemplateTests.java:85)
Caused by: redis.clients.jedis.exceptions.JedisConnectionException: Could not get a resource from the pool
	at org.springframework.data.redis.core.RedisTemplateTests.tearDown(RedisTemplateTests.java:85)
Caused by: redis.clients.jedis.exceptions.JedisConnectionException: java.net.ConnectException: Connection refused (Connection refused)
	at org.springframework.data.redis.core.RedisTemplateTests.tearDown(RedisTemplateTests.java:85)
Caused by: java.net.ConnectException: Connection refused (Connection refused)
	at org.springframework.data.redis.core.RedisTemplateTests.tearDown(RedisTemplateTests.java:85)
</error>
  </testcase>
  <testcase name="testGetExpireMillis[5]" classname="org.springframework.data.redis.core.RedisTemplateTests" time="0.002">
    <error message="Cannot get Jedis connection; nested exception is redis.clients.jedis.exceptions.JedisConnectionException: Could not get a resource from the pool" type="org.springframework.data.redis.RedisConnectionFailureException">org.springframework.data.redis.RedisConnectionFailureException: Cannot get Jedis connection; nested exception is redis.clients.jedis.exceptions.JedisConnectionException: Could not get a resource from the pool
	at org.springframework.data.redis.core.RedisTemplateTests.testGetExpireMillis(RedisTemplateTests.java:524)
Caused by: redis.clients.jedis.exceptions.JedisConnectionException: Could not get a resource from the pool
	at org.springframework.data.redis.core.RedisTemplateTests.testGetExpireMillis(RedisTemplateTests.java:524)
Caused by: redis.clients.jedis.exceptions.JedisConnectionException: java.net.ConnectException: Connection refused (Connection refused)
	at org.springframework.data.redis.core.RedisTemplateTests.testGetExpireMillis(RedisTemplateTests.java:524)
Caused by: java.net.ConnectException: Connection refused (Connection refused)
	at org.springframework.data.redis.core.RedisTemplateTests.testGetExpireMillis(RedisTemplateTests.java:524)
</error>
  </testcase>
  <testcase name="testGetExpireMillis[5]" classname="org.springframework.data.redis.core.RedisTemplateTests" time="0.002">
    <error message="Cannot get Jedis connection; nested exception is redis.clients.jedis.exceptions.JedisConnectionException: Could not get a resource from the pool" type="org.springframework.data.redis.RedisConnectionFailureException">org.springframework.data.redis.RedisConnectionFailureException: Cannot get Jedis connection; nested exception is redis.clients.jedis.exceptions.JedisConnectionException: Could not get a resource from the pool
	at org.springframework.data.redis.core.RedisTemplateTests.tearDown(RedisTemplateTests.java:85)
Caused by: redis.clients.jedis.exceptions.JedisConnectionException: Could not get a resource from the pool
	at org.springframework.data.redis.core.RedisTemplateTests.tearDown(RedisTemplateTests.java:85)
Caused by: redis.clients.jedis.exceptions.JedisConnectionException: java.net.ConnectException: Connection refused (Connection refused)
	at org.springframework.data.redis.core.RedisTemplateTests.tearDown(RedisTemplateTests.java:85)
Caused by: java.net.ConnectException: Connection refused (Connection refused)
	at org.springframework.data.redis.core.RedisTemplateTests.tearDown(RedisTemplateTests.java:85)
</error>
  </testcase>
  <testcase name="testExecutePipelinedTxCustomSerializer[5]" classname="org.springframework.data.redis.core.RedisTemplateTests" time="0">
    <error message="got: &lt;false&gt;, expected: is &lt;true&gt;" type="org.junit.AssumptionViolatedException"><![CDATA[org.junit.AssumptionViolatedException: got: <false>, expected: is <true>
	at org.springframework.data.redis.core.RedisTemplateTests.testExecutePipelinedTxCustomSerializer(RedisTemplateTests.java:358)
]]></error>
  </testcase>
  <testcase name="testExecutePipelinedTxCustomSerializer[5]" classname="org.springframework.data.redis.core.RedisTemplateTests" time="0.001">
    <error message="Cannot get Jedis connection; nested exception is redis.clients.jedis.exceptions.JedisConnectionException: Could not get a resource from the pool" type="org.springframework.data.redis.RedisConnectionFailureException">org.springframework.data.redis.RedisConnectionFailureException: Cannot get Jedis connection; nested exception is redis.clients.jedis.exceptions.JedisConnectionException: Could not get a resource from the pool
	at org.springframework.data.redis.core.RedisTemplateTests.tearDown(RedisTemplateTests.java:85)
Caused by: redis.clients.jedis.exceptions.JedisConnectionException: Could not get a resource from the pool
	at org.springframework.data.redis.core.RedisTemplateTests.tearDown(RedisTemplateTests.java:85)
Caused by: redis.clients.jedis.exceptions.JedisConnectionException: java.net.ConnectException: Connection refused (Connection refused)
	at org.springframework.data.redis.core.RedisTemplateTests.tearDown(RedisTemplateTests.java:85)
Caused by: java.net.ConnectException: Connection refused (Connection refused)
	at org.springframework.data.redis.core.RedisTemplateTests.tearDown(RedisTemplateTests.java:85)
</error>
  </testcase>
  <testcase name="testExecutePipelinedNonNullRedisCallback[5]" classname="org.springframework.data.redis.core.RedisTemplateTests" time="0.001">
    <error message="Unexpected exception, expected&lt;org.springframework.dao.InvalidDataAccessApiUsageException&gt; but was&lt;org.springframework.data.redis.RedisConnectionFailureException&gt;" type="java.lang.Exception"><![CDATA[java.lang.Exception: Unexpected exception, expected<org.springframework.dao.InvalidDataAccessApiUsageException> but was<org.springframework.data.redis.RedisConnectionFailureException>
	at org.springframework.data.redis.core.RedisTemplateTests.testExecutePipelinedNonNullRedisCallback(RedisTemplateTests.java:330)
Caused by: redis.clients.jedis.exceptions.JedisConnectionException: Could not get a resource from the pool
	at org.springframework.data.redis.core.RedisTemplateTests.testExecutePipelinedNonNullRedisCallback(RedisTemplateTests.java:330)
Caused by: redis.clients.jedis.exceptions.JedisConnectionException: java.net.ConnectException: Connection refused (Connection refused)
	at org.springframework.data.redis.core.RedisTemplateTests.testExecutePipelinedNonNullRedisCallback(RedisTemplateTests.java:330)
Caused by: java.net.ConnectException: Connection refused (Connection refused)
	at org.springframework.data.redis.core.RedisTemplateTests.testExecutePipelinedNonNullRedisCallback(RedisTemplateTests.java:330)
]]></error>
  </testcase>
  <testcase name="testExecutePipelinedNonNullRedisCallback[5]" classname="org.springframework.data.redis.core.RedisTemplateTests" time="0.001">
    <error message="Cannot get Jedis connection; nested exception is redis.clients.jedis.exceptions.JedisConnectionException: Could not get a resource from the pool" type="org.springframework.data.redis.RedisConnectionFailureException">org.springframework.data.redis.RedisConnectionFailureException: Cannot get Jedis connection; nested exception is redis.clients.jedis.exceptions.JedisConnectionException: Could not get a resource from the pool
	at org.springframework.data.redis.core.RedisTemplateTests.tearDown(RedisTemplateTests.java:85)
Caused by: redis.clients.jedis.exceptions.JedisConnectionException: Could not get a resource from the pool
	at org.springframework.data.redis.core.RedisTemplateTests.tearDown(RedisTemplateTests.java:85)
Caused by: redis.clients.jedis.exceptions.JedisConnectionException: java.net.ConnectException: Connection refused (Connection refused)
	at org.springframework.data.redis.core.RedisTemplateTests.tearDown(RedisTemplateTests.java:85)
Caused by: java.net.ConnectException: Connection refused (Connection refused)
	at org.springframework.data.redis.core.RedisTemplateTests.tearDown(RedisTemplateTests.java:85)
</error>
  </testcase>
  <testcase name="testExecutePipelinedTx[5]" classname="org.springframework.data.redis.core.RedisTemplateTests" time="0.001">
    <error message="Cannot get Jedis connection; nested exception is redis.clients.jedis.exceptions.JedisConnectionException: Could not get a resource from the pool" type="org.springframework.data.redis.RedisConnectionFailureException">org.springframework.data.redis.RedisConnectionFailureException: Cannot get Jedis connection; nested exception is redis.clients.jedis.exceptions.JedisConnectionException: Could not get a resource from the pool
	at org.springframework.data.redis.core.RedisTemplateTests.testExecutePipelinedTx(RedisTemplateTests.java:338)
Caused by: redis.clients.jedis.exceptions.JedisConnectionException: Could not get a resource from the pool
	at org.springframework.data.redis.core.RedisTemplateTests.testExecutePipelinedTx(RedisTemplateTests.java:338)
Caused by: redis.clients.jedis.exceptions.JedisConnectionException: java.net.ConnectException: Connection refused (Connection refused)
	at org.springframework.data.redis.core.RedisTemplateTests.testExecutePipelinedTx(RedisTemplateTests.java:338)
Caused by: java.net.ConnectException: Connection refused (Connection refused)
	at org.springframework.data.redis.core.RedisTemplateTests.testExecutePipelinedTx(RedisTemplateTests.java:338)
</error>
  </testcase>
  <testcase name="testExecutePipelinedTx[5]" classname="org.springframework.data.redis.core.RedisTemplateTests" time="0.001">
    <error message="Cannot get Jedis connection; nested exception is redis.clients.jedis.exceptions.JedisConnectionException: Could not get a resource from the pool" type="org.springframework.data.redis.RedisConnectionFailureException">org.springframework.data.redis.RedisConnectionFailureException: Cannot get Jedis connection; nested exception is redis.clients.jedis.exceptions.JedisConnectionException: Could not get a resource from the pool
	at org.springframework.data.redis.core.RedisTemplateTests.tearDown(RedisTemplateTests.java:85)
Caused by: redis.clients.jedis.exceptions.JedisConnectionException: Could not get a resource from the pool
	at org.springframework.data.redis.core.RedisTemplateTests.tearDown(RedisTemplateTests.java:85)
Caused by: redis.clients.jedis.exceptions.JedisConnectionException: java.net.ConnectException: Connection refused (Connection refused)
	at org.springframework.data.redis.core.RedisTemplateTests.tearDown(RedisTemplateTests.java:85)
Caused by: java.net.ConnectException: Connection refused (Connection refused)
	at org.springframework.data.redis.core.RedisTemplateTests.tearDown(RedisTemplateTests.java:85)
</error>
  </testcase>
  <testcase name="testGetExpireMillisUsingPipelining[5]" classname="org.springframework.data.redis.core.RedisTemplateTests" time="0.001">
    <error message="Cannot get Jedis connection; nested exception is redis.clients.jedis.exceptions.JedisConnectionException: Could not get a resource from the pool" type="org.springframework.data.redis.RedisConnectionFailureException">org.springframework.data.redis.RedisConnectionFailureException: Cannot get Jedis connection; nested exception is redis.clients.jedis.exceptions.JedisConnectionException: Could not get a resource from the pool
	at org.springframework.data.redis.core.RedisTemplateTests.testGetExpireMillisUsingPipelining(RedisTemplateTests.java:568)
Caused by: redis.clients.jedis.exceptions.JedisConnectionException: Could not get a resource from the pool
	at org.springframework.data.redis.core.RedisTemplateTests.testGetExpireMillisUsingPipelining(RedisTemplateTests.java:568)
Caused by: redis.clients.jedis.exceptions.JedisConnectionException: java.net.ConnectException: Connection refused (Connection refused)
	at org.springframework.data.redis.core.RedisTemplateTests.testGetExpireMillisUsingPipelining(RedisTemplateTests.java:568)
Caused by: java.net.ConnectException: Connection refused (Connection refused)
	at org.springframework.data.redis.core.RedisTemplateTests.testGetExpireMillisUsingPipelining(RedisTemplateTests.java:568)
</error>
  </testcase>
  <testcase name="testGetExpireMillisUsingPipelining[5]" classname="org.springframework.data.redis.core.RedisTemplateTests" time="0.001">
    <error message="Cannot get Jedis connection; nested exception is redis.clients.jedis.exceptions.JedisConnectionException: Could not get a resource from the pool" type="org.springframework.data.redis.RedisConnectionFailureException">org.springframework.data.redis.RedisConnectionFailureException: Cannot get Jedis connection; nested exception is redis.clients.jedis.exceptions.JedisConnectionException: Could not get a resource from the pool
	at org.springframework.data.redis.core.RedisTemplateTests.tearDown(RedisTemplateTests.java:85)
Caused by: redis.clients.jedis.exceptions.JedisConnectionException: Could not get a resource from the pool
	at org.springframework.data.redis.core.RedisTemplateTests.tearDown(RedisTemplateTests.java:85)
Caused by: redis.clients.jedis.exceptions.JedisConnectionException: java.net.ConnectException: Connection refused (Connection refused)
	at org.springframework.data.redis.core.RedisTemplateTests.tearDown(RedisTemplateTests.java:85)
Caused by: java.net.ConnectException: Connection refused (Connection refused)
	at org.springframework.data.redis.core.RedisTemplateTests.tearDown(RedisTemplateTests.java:85)
</error>
  </testcase>
  <testcase name="testSortBulkMapper[5]" classname="org.springframework.data.redis.core.RedisTemplateTests" time="0">
    <error message="got: &lt;false&gt;, expected: is &lt;true&gt;" type="org.junit.AssumptionViolatedException"><![CDATA[org.junit.AssumptionViolatedException: got: <false>, expected: is <true>
	at org.springframework.data.redis.core.RedisTemplateTests.testSortBulkMapper(RedisTemplateTests.java:443)
]]></error>
  </testcase>
  <testcase name="testSortBulkMapper[5]" classname="org.springframework.data.redis.core.RedisTemplateTests" time="0.001">
    <error message="Cannot get Jedis connection; nested exception is redis.clients.jedis.exceptions.JedisConnectionException: Could not get a resource from the pool" type="org.springframework.data.redis.RedisConnectionFailureException">org.springframework.data.redis.RedisConnectionFailureException: Cannot get Jedis connection; nested exception is redis.clients.jedis.exceptions.JedisConnectionException: Could not get a resource from the pool
	at org.springframework.data.redis.core.RedisTemplateTests.tearDown(RedisTemplateTests.java:85)
Caused by: redis.clients.jedis.exceptions.JedisConnectionException: Could not get a resource from the pool
	at org.springframework.data.redis.core.RedisTemplateTests.tearDown(RedisTemplateTests.java:85)
Caused by: redis.clients.jedis.exceptions.JedisConnectionException: java.net.ConnectException: Connection refused (Connection refused)
	at org.springframework.data.redis.core.RedisTemplateTests.tearDown(RedisTemplateTests.java:85)
Caused by: java.net.ConnectException: Connection refused (Connection refused)
	at org.springframework.data.redis.core.RedisTemplateTests.tearDown(RedisTemplateTests.java:85)
</error>
  </testcase>
  <testcase name="testExpireAt[5]" classname="org.springframework.data.redis.core.RedisTemplateTests" time="0.001">
    <error message="Cannot get Jedis connection; nested exception is redis.clients.jedis.exceptions.JedisConnectionException: Could not get a resource from the pool" type="org.springframework.data.redis.RedisConnectionFailureException">org.springframework.data.redis.RedisConnectionFailureException: Cannot get Jedis connection; nested exception is redis.clients.jedis.exceptions.JedisConnectionException: Could not get a resource from the pool
	at org.springframework.data.redis.core.RedisTemplateTests.testExpireAt(RedisTemplateTests.java:608)
Caused by: redis.clients.jedis.exceptions.JedisConnectionException: Could not get a resource from the pool
	at org.springframework.data.redis.core.RedisTemplateTests.testExpireAt(RedisTemplateTests.java:608)
Caused by: redis.clients.jedis.exceptions.JedisConnectionException: java.net.ConnectException: Connection refused (Connection refused)
	at org.springframework.data.redis.core.RedisTemplateTests.testExpireAt(RedisTemplateTests.java:608)
Caused by: java.net.ConnectException: Connection refused (Connection refused)
	at org.springframework.data.redis.core.RedisTemplateTests.testExpireAt(RedisTemplateTests.java:608)
</error>
  </testcase>
  <testcase name="testExpireAt[5]" classname="org.springframework.data.redis.core.RedisTemplateTests" time="0.001">
    <error message="Cannot get Jedis connection; nested exception is redis.clients.jedis.exceptions.JedisConnectionException: Could not get a resource from the pool" type="org.springframework.data.redis.RedisConnectionFailureException">org.springframework.data.redis.RedisConnectionFailureException: Cannot get Jedis connection; nested exception is redis.clients.jedis.exceptions.JedisConnectionException: Could not get a resource from the pool
	at org.springframework.data.redis.core.RedisTemplateTests.tearDown(RedisTemplateTests.java:85)
Caused by: redis.clients.jedis.exceptions.JedisConnectionException: Could not get a resource from the pool
	at org.springframework.data.redis.core.RedisTemplateTests.tearDown(RedisTemplateTests.java:85)
Caused by: redis.clients.jedis.exceptions.JedisConnectionException: java.net.ConnectException: Connection refused (Connection refused)
	at org.springframework.data.redis.core.RedisTemplateTests.tearDown(RedisTemplateTests.java:85)
Caused by: java.net.ConnectException: Connection refused (Connection refused)
	at org.springframework.data.redis.core.RedisTemplateTests.tearDown(RedisTemplateTests.java:85)
</error>
  </testcase>
  <testcase name="testWatch[5]" classname="org.springframework.data.redis.core.RedisTemplateTests" time="0.001">
    <error message="Cannot get Jedis connection; nested exception is redis.clients.jedis.exceptions.JedisConnectionException: Could not get a resource from the pool" type="org.springframework.data.redis.RedisConnectionFailureException">org.springframework.data.redis.RedisConnectionFailureException: Cannot get Jedis connection; nested exception is redis.clients.jedis.exceptions.JedisConnectionException: Could not get a resource from the pool
	at org.springframework.data.redis.core.RedisTemplateTests.testWatch(RedisTemplateTests.java:686)
Caused by: redis.clients.jedis.exceptions.JedisConnectionException: Could not get a resource from the pool
	at org.springframework.data.redis.core.RedisTemplateTests.testWatch(RedisTemplateTests.java:686)
Caused by: redis.clients.jedis.exceptions.JedisConnectionException: java.net.ConnectException: Connection refused (Connection refused)
	at org.springframework.data.redis.core.RedisTemplateTests.testWatch(RedisTemplateTests.java:686)
Caused by: java.net.ConnectException: Connection refused (Connection refused)
	at org.springframework.data.redis.core.RedisTemplateTests.testWatch(RedisTemplateTests.java:686)
</error>
  </testcase>
  <testcase name="testWatch[5]" classname="org.springframework.data.redis.core.RedisTemplateTests" time="0.001">
    <error message="Cannot get Jedis connection; nested exception is redis.clients.jedis.exceptions.JedisConnectionException: Could not get a resource from the pool" type="org.springframework.data.redis.RedisConnectionFailureException">org.springframework.data.redis.RedisConnectionFailureException: Cannot get Jedis connection; nested exception is redis.clients.jedis.exceptions.JedisConnectionException: Could not get a resource from the pool
	at org.springframework.data.redis.core.RedisTemplateTests.tearDown(RedisTemplateTests.java:85)
Caused by: redis.clients.jedis.exceptions.JedisConnectionException: Could not get a resource from the pool
	at org.springframework.data.redis.core.RedisTemplateTests.tearDown(RedisTemplateTests.java:85)
Caused by: redis.clients.jedis.exceptions.JedisConnectionException: java.net.ConnectException: Connection refused (Connection refused)
	at org.springframework.data.redis.core.RedisTemplateTests.tearDown(RedisTemplateTests.java:85)
Caused by: java.net.ConnectException: Connection refused (Connection refused)
	at org.springframework.data.redis.core.RedisTemplateTests.tearDown(RedisTemplateTests.java:85)
</error>
  </testcase>
  <testcase name="testExec[5]" classname="org.springframework.data.redis.core.RedisTemplateTests" time="0.001">
    <error message="Cannot get Jedis connection; nested exception is redis.clients.jedis.exceptions.JedisConnectionException: Could not get a resource from the pool" type="org.springframework.data.redis.RedisConnectionFailureException">org.springframework.data.redis.RedisConnectionFailureException: Cannot get Jedis connection; nested exception is redis.clients.jedis.exceptions.JedisConnectionException: Could not get a resource from the pool
	at org.springframework.data.redis.core.RedisTemplateTests.testExec(RedisTemplateTests.java:168)
Caused by: redis.clients.jedis.exceptions.JedisConnectionException: Could not get a resource from the pool
	at org.springframework.data.redis.core.RedisTemplateTests.testExec(RedisTemplateTests.java:168)
Caused by: redis.clients.jedis.exceptions.JedisConnectionException: java.net.ConnectException: Connection refused (Connection refused)
	at org.springframework.data.redis.core.RedisTemplateTests.testExec(RedisTemplateTests.java:168)
Caused by: java.net.ConnectException: Connection refused (Connection refused)
	at org.springframework.data.redis.core.RedisTemplateTests.testExec(RedisTemplateTests.java:168)
</error>
  </testcase>
  <testcase name="testExec[5]" classname="org.springframework.data.redis.core.RedisTemplateTests" time="0.001">
    <error message="Cannot get Jedis connection; nested exception is redis.clients.jedis.exceptions.JedisConnectionException: Could not get a resource from the pool" type="org.springframework.data.redis.RedisConnectionFailureException">org.springframework.data.redis.RedisConnectionFailureException: Cannot get Jedis connection; nested exception is redis.clients.jedis.exceptions.JedisConnectionException: Could not get a resource from the pool
	at org.springframework.data.redis.core.RedisTemplateTests.tearDown(RedisTemplateTests.java:85)
Caused by: redis.clients.jedis.exceptions.JedisConnectionException: Could not get a resource from the pool
	at org.springframework.data.redis.core.RedisTemplateTests.tearDown(RedisTemplateTests.java:85)
Caused by: redis.clients.jedis.exceptions.JedisConnectionException: java.net.ConnectException: Connection refused (Connection refused)
	at org.springframework.data.redis.core.RedisTemplateTests.tearDown(RedisTemplateTests.java:85)
Caused by: java.net.ConnectException: Connection refused (Connection refused)
	at org.springframework.data.redis.core.RedisTemplateTests.tearDown(RedisTemplateTests.java:85)
</error>
  </testcase>
  <testcase name="testKeys[5]" classname="org.springframework.data.redis.core.RedisTemplateTests" time="0.002">
    <error message="Cannot get Jedis connection; nested exception is redis.clients.jedis.exceptions.JedisConnectionException: Could not get a resource from the pool" type="org.springframework.data.redis.RedisConnectionFailureException">org.springframework.data.redis.RedisConnectionFailureException: Cannot get Jedis connection; nested exception is redis.clients.jedis.exceptions.JedisConnectionException: Could not get a resource from the pool
	at org.springframework.data.redis.core.RedisTemplateTests.testKeys(RedisTemplateTests.java:134)
Caused by: redis.clients.jedis.exceptions.JedisConnectionException: Could not get a resource from the pool
	at org.springframework.data.redis.core.RedisTemplateTests.testKeys(RedisTemplateTests.java:134)
Caused by: redis.clients.jedis.exceptions.JedisConnectionException: java.net.ConnectException: Connection refused (Connection refused)
	at org.springframework.data.redis.core.RedisTemplateTests.testKeys(RedisTemplateTests.java:134)
Caused by: java.net.ConnectException: Connection refused (Connection refused)
	at org.springframework.data.redis.core.RedisTemplateTests.testKeys(RedisTemplateTests.java:134)
</error>
  </testcase>
  <testcase name="testKeys[5]" classname="org.springframework.data.redis.core.RedisTemplateTests" time="0.002">
    <error message="Cannot get Jedis connection; nested exception is redis.clients.jedis.exceptions.JedisConnectionException: Could not get a resource from the pool" type="org.springframework.data.redis.RedisConnectionFailureException">org.springframework.data.redis.RedisConnectionFailureException: Cannot get Jedis connection; nested exception is redis.clients.jedis.exceptions.JedisConnectionException: Could not get a resource from the pool
	at org.springframework.data.redis.core.RedisTemplateTests.tearDown(RedisTemplateTests.java:85)
Caused by: redis.clients.jedis.exceptions.JedisConnectionException: Could not get a resource from the pool
	at org.springframework.data.redis.core.RedisTemplateTests.tearDown(RedisTemplateTests.java:85)
Caused by: redis.clients.jedis.exceptions.JedisConnectionException: java.net.ConnectException: Connection refused (Connection refused)
	at org.springframework.data.redis.core.RedisTemplateTests.tearDown(RedisTemplateTests.java:85)
Caused by: java.net.ConnectException: Connection refused (Connection refused)
	at org.springframework.data.redis.core.RedisTemplateTests.tearDown(RedisTemplateTests.java:85)
</error>
  </testcase>
  <testcase name="testSort[5]" classname="org.springframework.data.redis.core.RedisTemplateTests" time="0">
    <error message="got: &lt;false&gt;, expected: is &lt;true&gt;" type="org.junit.AssumptionViolatedException"><![CDATA[org.junit.AssumptionViolatedException: got: <false>, expected: is <true>
	at org.springframework.data.redis.core.RedisTemplateTests.testSort(RedisTemplateTests.java:420)
]]></error>
  </testcase>
  <testcase name="testSort[5]" classname="org.springframework.data.redis.core.RedisTemplateTests" time="0.001">
    <error message="Cannot get Jedis connection; nested exception is redis.clients.jedis.exceptions.JedisConnectionException: Could not get a resource from the pool" type="org.springframework.data.redis.RedisConnectionFailureException">org.springframework.data.redis.RedisConnectionFailureException: Cannot get Jedis connection; nested exception is redis.clients.jedis.exceptions.JedisConnectionException: Could not get a resource from the pool
	at org.springframework.data.redis.core.RedisTemplateTests.tearDown(RedisTemplateTests.java:85)
Caused by: redis.clients.jedis.exceptions.JedisConnectionException: Could not get a resource from the pool
	at org.springframework.data.redis.core.RedisTemplateTests.tearDown(RedisTemplateTests.java:85)
Caused by: redis.clients.jedis.exceptions.JedisConnectionException: java.net.ConnectException: Connection refused (Connection refused)
	at org.springframework.data.redis.core.RedisTemplateTests.tearDown(RedisTemplateTests.java:85)
Caused by: java.net.ConnectException: Connection refused (Connection refused)
	at org.springframework.data.redis.core.RedisTemplateTests.tearDown(RedisTemplateTests.java:85)
</error>
  </testcase>
  <testcase name="testType[5]" classname="org.springframework.data.redis.core.RedisTemplateTests" time="0.001">
    <error message="Cannot get Jedis connection; nested exception is redis.clients.jedis.exceptions.JedisConnectionException: Could not get a resource from the pool" type="org.springframework.data.redis.RedisConnectionFailureException">org.springframework.data.redis.RedisConnectionFailureException: Cannot get Jedis connection; nested exception is redis.clients.jedis.exceptions.JedisConnectionException: Could not get a resource from the pool
	at org.springframework.data.redis.core.RedisTemplateTests.testType(RedisTemplateTests.java:676)
Caused by: redis.clients.jedis.exceptions.JedisConnectionException: Could not get a resource from the pool
	at org.springframework.data.redis.core.RedisTemplateTests.testType(RedisTemplateTests.java:676)
Caused by: redis.clients.jedis.exceptions.JedisConnectionException: java.net.ConnectException: Connection refused (Connection refused)
	at org.springframework.data.redis.core.RedisTemplateTests.testType(RedisTemplateTests.java:676)
Caused by: java.net.ConnectException: Connection refused (Connection refused)
	at org.springframework.data.redis.core.RedisTemplateTests.testType(RedisTemplateTests.java:676)
</error>
  </testcase>
  <testcase name="testType[5]" classname="org.springframework.data.redis.core.RedisTemplateTests" time="0.001">
    <error message="Cannot get Jedis connection; nested exception is redis.clients.jedis.exceptions.JedisConnectionException: Could not get a resource from the pool" type="org.springframework.data.redis.RedisConnectionFailureException">org.springframework.data.redis.RedisConnectionFailureException: Cannot get Jedis connection; nested exception is redis.clients.jedis.exceptions.JedisConnectionException: Could not get a resource from the pool
	at org.springframework.data.redis.core.RedisTemplateTests.tearDown(RedisTemplateTests.java:85)
Caused by: redis.clients.jedis.exceptions.JedisConnectionException: Could not get a resource from the pool
	at org.springframework.data.redis.core.RedisTemplateTests.tearDown(RedisTemplateTests.java:85)
Caused by: redis.clients.jedis.exceptions.JedisConnectionException: java.net.ConnectException: Connection refused (Connection refused)
	at org.springframework.data.redis.core.RedisTemplateTests.tearDown(RedisTemplateTests.java:85)
Caused by: java.net.ConnectException: Connection refused (Connection refused)
	at org.springframework.data.redis.core.RedisTemplateTests.tearDown(RedisTemplateTests.java:85)
</error>
  </testcase>
  <testcase name="testPersist[5]" classname="org.springframework.data.redis.core.RedisTemplateTests" time="0">
    <error message="Could not initialize class org.springframework.data.redis.RedisTestProfileValueSource" type="java.lang.NoClassDefFoundError">java.lang.NoClassDefFoundError: Could not initialize class org.springframework.data.redis.RedisTestProfileValueSource
	at org.springframework.data.redis.core.RedisTemplateTests.testPersist(RedisTemplateTests.java:634)
</error>
  </testcase>
  <testcase name="testPersist[5]" classname="org.springframework.data.redis.core.RedisTemplateTests" time="0.001">
    <error message="Cannot get Jedis connection; nested exception is redis.clients.jedis.exceptions.JedisConnectionException: Could not get a resource from the pool" type="org.springframework.data.redis.RedisConnectionFailureException">org.springframework.data.redis.RedisConnectionFailureException: Cannot get Jedis connection; nested exception is redis.clients.jedis.exceptions.JedisConnectionException: Could not get a resource from the pool
	at org.springframework.data.redis.core.RedisTemplateTests.tearDown(RedisTemplateTests.java:85)
Caused by: redis.clients.jedis.exceptions.JedisConnectionException: Could not get a resource from the pool
	at org.springframework.data.redis.core.RedisTemplateTests.tearDown(RedisTemplateTests.java:85)
Caused by: redis.clients.jedis.exceptions.JedisConnectionException: java.net.ConnectException: Connection refused (Connection refused)
	at org.springframework.data.redis.core.RedisTemplateTests.tearDown(RedisTemplateTests.java:85)
Caused by: java.net.ConnectException: Connection refused (Connection refused)
	at org.springframework.data.redis.core.RedisTemplateTests.tearDown(RedisTemplateTests.java:85)
</error>
  </testcase>
  <testcase name="testRenameIfAbsent[5]" classname="org.springframework.data.redis.core.RedisTemplateTests" time="0.001">
    <error message="Cannot get Jedis connection; nested exception is redis.clients.jedis.exceptions.JedisConnectionException: Could not get a resource from the pool" type="org.springframework.data.redis.RedisConnectionFailureException">org.springframework.data.redis.RedisConnectionFailureException: Cannot get Jedis connection; nested exception is redis.clients.jedis.exceptions.JedisConnectionException: Could not get a resource from the pool
	at org.springframework.data.redis.core.RedisTemplateTests.testRenameIfAbsent(RedisTemplateTests.java:667)
Caused by: redis.clients.jedis.exceptions.JedisConnectionException: Could not get a resource from the pool
	at org.springframework.data.redis.core.RedisTemplateTests.testRenameIfAbsent(RedisTemplateTests.java:667)
Caused by: redis.clients.jedis.exceptions.JedisConnectionException: java.net.ConnectException: Connection refused (Connection refused)
	at org.springframework.data.redis.core.RedisTemplateTests.testRenameIfAbsent(RedisTemplateTests.java:667)
Caused by: java.net.ConnectException: Connection refused (Connection refused)
	at org.springframework.data.redis.core.RedisTemplateTests.testRenameIfAbsent(RedisTemplateTests.java:667)
</error>
  </testcase>
  <testcase name="testRenameIfAbsent[5]" classname="org.springframework.data.redis.core.RedisTemplateTests" time="0.001">
    <error message="Cannot get Jedis connection; nested exception is redis.clients.jedis.exceptions.JedisConnectionException: Could not get a resource from the pool" type="org.springframework.data.redis.RedisConnectionFailureException">org.springframework.data.redis.RedisConnectionFailureException: Cannot get Jedis connection; nested exception is redis.clients.jedis.exceptions.JedisConnectionException: Could not get a resource from the pool
	at org.springframework.data.redis.core.RedisTemplateTests.tearDown(RedisTemplateTests.java:85)
Caused by: redis.clients.jedis.exceptions.JedisConnectionException: Could not get a resource from the pool
	at org.springframework.data.redis.core.RedisTemplateTests.tearDown(RedisTemplateTests.java:85)
Caused by: redis.clients.jedis.exceptions.JedisConnectionException: java.net.ConnectException: Connection refused (Connection refused)
	at org.springframework.data.redis.core.RedisTemplateTests.tearDown(RedisTemplateTests.java:85)
Caused by: java.net.ConnectException: Connection refused (Connection refused)
	at org.springframework.data.redis.core.RedisTemplateTests.tearDown(RedisTemplateTests.java:85)
</error>
  </testcase>
  <testcase name="testUnwatch[5]" classname="org.springframework.data.redis.core.RedisTemplateTests" time="0.001">
    <error message="Cannot get Jedis connection; nested exception is redis.clients.jedis.exceptions.JedisConnectionException: Could not get a resource from the pool" type="org.springframework.data.redis.RedisConnectionFailureException">org.springframework.data.redis.RedisConnectionFailureException: Cannot get Jedis connection; nested exception is redis.clients.jedis.exceptions.JedisConnectionException: Could not get a resource from the pool
	at org.springframework.data.redis.core.RedisTemplateTests.testUnwatch(RedisTemplateTests.java:723)
Caused by: redis.clients.jedis.exceptions.JedisConnectionException: Could not get a resource from the pool
	at org.springframework.data.redis.core.RedisTemplateTests.testUnwatch(RedisTemplateTests.java:723)
Caused by: redis.clients.jedis.exceptions.JedisConnectionException: java.net.ConnectException: Connection refused (Connection refused)
	at org.springframework.data.redis.core.RedisTemplateTests.testUnwatch(RedisTemplateTests.java:723)
Caused by: java.net.ConnectException: Connection refused (Connection refused)
	at org.springframework.data.redis.core.RedisTemplateTests.testUnwatch(RedisTemplateTests.java:723)
</error>
  </testcase>
  <testcase name="testUnwatch[5]" classname="org.springframework.data.redis.core.RedisTemplateTests" time="0.001">
    <error message="Cannot get Jedis connection; nested exception is redis.clients.jedis.exceptions.JedisConnectionException: Could not get a resource from the pool" type="org.springframework.data.redis.RedisConnectionFailureException">org.springframework.data.redis.RedisConnectionFailureException: Cannot get Jedis connection; nested exception is redis.clients.jedis.exceptions.JedisConnectionException: Could not get a resource from the pool
	at org.springframework.data.redis.core.RedisTemplateTests.tearDown(RedisTemplateTests.java:85)
Caused by: redis.clients.jedis.exceptions.JedisConnectionException: Could not get a resource from the pool
	at org.springframework.data.redis.core.RedisTemplateTests.tearDown(RedisTemplateTests.java:85)
Caused by: redis.clients.jedis.exceptions.JedisConnectionException: java.net.ConnectException: Connection refused (Connection refused)
	at org.springframework.data.redis.core.RedisTemplateTests.tearDown(RedisTemplateTests.java:85)
Caused by: java.net.ConnectException: Connection refused (Connection refused)
	at org.springframework.data.redis.core.RedisTemplateTests.tearDown(RedisTemplateTests.java:85)
</error>
  </testcase>
  <testcase name="testGetExpireMillisUsingTransactions[5]" classname="org.springframework.data.redis.core.RedisTemplateTests" time="0.001">
    <error message="Cannot get Jedis connection; nested exception is redis.clients.jedis.exceptions.JedisConnectionException: Could not get a resource from the pool" type="org.springframework.data.redis.RedisConnectionFailureException">org.springframework.data.redis.RedisConnectionFailureException: Cannot get Jedis connection; nested exception is redis.clients.jedis.exceptions.JedisConnectionException: Could not get a resource from the pool
	at org.springframework.data.redis.core.RedisTemplateTests.testGetExpireMillisUsingTransactions(RedisTemplateTests.java:541)
Caused by: redis.clients.jedis.exceptions.JedisConnectionException: Could not get a resource from the pool
	at org.springframework.data.redis.core.RedisTemplateTests.testGetExpireMillisUsingTransactions(RedisTemplateTests.java:541)
Caused by: redis.clients.jedis.exceptions.JedisConnectionException: java.net.ConnectException: Connection refused (Connection refused)
	at org.springframework.data.redis.core.RedisTemplateTests.testGetExpireMillisUsingTransactions(RedisTemplateTests.java:541)
Caused by: java.net.ConnectException: Connection refused (Connection refused)
	at org.springframework.data.redis.core.RedisTemplateTests.testGetExpireMillisUsingTransactions(RedisTemplateTests.java:541)
</error>
  </testcase>
  <testcase name="testGetExpireMillisUsingTransactions[5]" classname="org.springframework.data.redis.core.RedisTemplateTests" time="0.001">
    <error message="Cannot get Jedis connection; nested exception is redis.clients.jedis.exceptions.JedisConnectionException: Could not get a resource from the pool" type="org.springframework.data.redis.RedisConnectionFailureException">org.springframework.data.redis.RedisConnectionFailureException: Cannot get Jedis connection; nested exception is redis.clients.jedis.exceptions.JedisConnectionException: Could not get a resource from the pool
	at org.springframework.data.redis.core.RedisTemplateTests.tearDown(RedisTemplateTests.java:85)
Caused by: redis.clients.jedis.exceptions.JedisConnectionException: Could not get a resource from the pool
	at org.springframework.data.redis.core.RedisTemplateTests.tearDown(RedisTemplateTests.java:85)
Caused by: redis.clients.jedis.exceptions.JedisConnectionException: java.net.ConnectException: Connection refused (Connection refused)
	at org.springframework.data.redis.core.RedisTemplateTests.tearDown(RedisTemplateTests.java:85)
Caused by: java.net.ConnectException: Connection refused (Connection refused)
	at org.springframework.data.redis.core.RedisTemplateTests.tearDown(RedisTemplateTests.java:85)
</error>
  </testcase>
  <testcase name="testExecCustomSerializer[5]" classname="org.springframework.data.redis.core.RedisTemplateTests" time="0.001">
    <error message="got: &lt;false&gt;, expected: is &lt;true&gt;" type="org.junit.AssumptionViolatedException"><![CDATA[org.junit.AssumptionViolatedException: got: <false>, expected: is <true>
	at org.springframework.data.redis.core.RedisTemplateTests.testExecCustomSerializer(RedisTemplateTests.java:210)
]]></error>
  </testcase>
  <testcase name="testExecCustomSerializer[5]" classname="org.springframework.data.redis.core.RedisTemplateTests" time="0.001">
    <error message="Cannot get Jedis connection; nested exception is redis.clients.jedis.exceptions.JedisConnectionException: Could not get a resource from the pool" type="org.springframework.data.redis.RedisConnectionFailureException">org.springframework.data.redis.RedisConnectionFailureException: Cannot get Jedis connection; nested exception is redis.clients.jedis.exceptions.JedisConnectionException: Could not get a resource from the pool
	at org.springframework.data.redis.core.RedisTemplateTests.tearDown(RedisTemplateTests.java:85)
Caused by: redis.clients.jedis.exceptions.JedisConnectionException: Could not get a resource from the pool
	at org.springframework.data.redis.core.RedisTemplateTests.tearDown(RedisTemplateTests.java:85)
Caused by: redis.clients.jedis.exceptions.JedisConnectionException: java.net.ConnectException: Connection refused (Connection refused)
	at org.springframework.data.redis.core.RedisTemplateTests.tearDown(RedisTemplateTests.java:85)
Caused by: java.net.ConnectException: Connection refused (Connection refused)
	at org.springframework.data.redis.core.RedisTemplateTests.tearDown(RedisTemplateTests.java:85)
</error>
  </testcase>
  <testcase name="testExecutePipelinedCustomSerializer[5]" classname="org.springframework.data.redis.core.RedisTemplateTests" time="0">
    <error message="got: &lt;false&gt;, expected: is &lt;true&gt;" type="org.junit.AssumptionViolatedException"><![CDATA[org.junit.AssumptionViolatedException: got: <false>, expected: is <true>
	at org.springframework.data.redis.core.RedisTemplateTests.testExecutePipelinedCustomSerializer(RedisTemplateTests.java:292)
]]></error>
  </testcase>
  <testcase name="testExecutePipelinedCustomSerializer[5]" classname="org.springframework.data.redis.core.RedisTemplateTests" time="0.001">
    <error message="Cannot get Jedis connection; nested exception is redis.clients.jedis.exceptions.JedisConnectionException: Could not get a resource from the pool" type="org.springframework.data.redis.RedisConnectionFailureException">org.springframework.data.redis.RedisConnectionFailureException: Cannot get Jedis connection; nested exception is redis.clients.jedis.exceptions.JedisConnectionException: Could not get a resource from the pool
	at org.springframework.data.redis.core.RedisTemplateTests.tearDown(RedisTemplateTests.java:85)
Caused by: redis.clients.jedis.exceptions.JedisConnectionException: Could not get a resource from the pool
	at org.springframework.data.redis.core.RedisTemplateTests.tearDown(RedisTemplateTests.java:85)
Caused by: redis.clients.jedis.exceptions.JedisConnectionException: java.net.ConnectException: Connection refused (Connection refused)
	at org.springframework.data.redis.core.RedisTemplateTests.tearDown(RedisTemplateTests.java:85)
Caused by: java.net.ConnectException: Connection refused (Connection refused)
	at org.springframework.data.redis.core.RedisTemplateTests.tearDown(RedisTemplateTests.java:85)
</error>
  </testcase>
  <testcase name="testExpireAtMillisNotSupported[5]" classname="org.springframework.data.redis.core.RedisTemplateTests" time="0">
    <error message="Could not initialize class org.springframework.data.redis.RedisTestProfileValueSource" type="java.lang.NoClassDefFoundError">java.lang.NoClassDefFoundError: Could not initialize class org.springframework.data.redis.RedisTestProfileValueSource
	at org.springframework.data.redis.core.RedisTemplateTests.testExpireAtMillisNotSupported(RedisTemplateTests.java:616)
</error>
  </testcase>
  <testcase name="testExpireAtMillisNotSupported[5]" classname="org.springframework.data.redis.core.RedisTemplateTests" time="0.001">
    <error message="Cannot get Jedis connection; nested exception is redis.clients.jedis.exceptions.JedisConnectionException: Could not get a resource from the pool" type="org.springframework.data.redis.RedisConnectionFailureException">org.springframework.data.redis.RedisConnectionFailureException: Cannot get Jedis connection; nested exception is redis.clients.jedis.exceptions.JedisConnectionException: Could not get a resource from the pool
	at org.springframework.data.redis.core.RedisTemplateTests.tearDown(RedisTemplateTests.java:85)
Caused by: redis.clients.jedis.exceptions.JedisConnectionException: Could not get a resource from the pool
	at org.springframework.data.redis.core.RedisTemplateTests.tearDown(RedisTemplateTests.java:85)
Caused by: redis.clients.jedis.exceptions.JedisConnectionException: java.net.ConnectException: Connection refused (Connection refused)
	at org.springframework.data.redis.core.RedisTemplateTests.tearDown(RedisTemplateTests.java:85)
Caused by: java.net.ConnectException: Connection refused (Connection refused)
	at org.springframework.data.redis.core.RedisTemplateTests.tearDown(RedisTemplateTests.java:85)
</error>
  </testcase>
  <testcase name="testGetExpireSecondsForKeyDoesNotExist[5]" classname="org.springframework.data.redis.core.RedisTemplateTests" time="0.001">
    <error message="Cannot get Jedis connection; nested exception is redis.clients.jedis.exceptions.JedisConnectionException: Could not get a resource from the pool" type="org.springframework.data.redis.RedisConnectionFailureException">org.springframework.data.redis.RedisConnectionFailureException: Cannot get Jedis connection; nested exception is redis.clients.jedis.exceptions.JedisConnectionException: Could not get a resource from the pool
	at org.springframework.data.redis.core.RedisTemplateTests.testGetExpireSecondsForKeyDoesNotExist(RedisTemplateTests.java:485)
Caused by: redis.clients.jedis.exceptions.JedisConnectionException: Could not get a resource from the pool
	at org.springframework.data.redis.core.RedisTemplateTests.testGetExpireSecondsForKeyDoesNotExist(RedisTemplateTests.java:485)
Caused by: redis.clients.jedis.exceptions.JedisConnectionException: java.net.ConnectException: Connection refused (Connection refused)
	at org.springframework.data.redis.core.RedisTemplateTests.testGetExpireSecondsForKeyDoesNotExist(RedisTemplateTests.java:485)
Caused by: java.net.ConnectException: Connection refused (Connection refused)
	at org.springframework.data.redis.core.RedisTemplateTests.testGetExpireSecondsForKeyDoesNotExist(RedisTemplateTests.java:485)
</error>
  </testcase>
  <testcase name="testGetExpireSecondsForKeyDoesNotExist[5]" classname="org.springframework.data.redis.core.RedisTemplateTests" time="0.001">
    <error message="Cannot get Jedis connection; nested exception is redis.clients.jedis.exceptions.JedisConnectionException: Could not get a resource from the pool" type="org.springframework.data.redis.RedisConnectionFailureException">org.springframework.data.redis.RedisConnectionFailureException: Cannot get Jedis connection; nested exception is redis.clients.jedis.exceptions.JedisConnectionException: Could not get a resource from the pool
	at org.springframework.data.redis.core.RedisTemplateTests.tearDown(RedisTemplateTests.java:85)
Caused by: redis.clients.jedis.exceptions.JedisConnectionException: Could not get a resource from the pool
	at org.springframework.data.redis.core.RedisTemplateTests.tearDown(RedisTemplateTests.java:85)
Caused by: redis.clients.jedis.exceptions.JedisConnectionException: java.net.ConnectException: Connection refused (Connection refused)
	at org.springframework.data.redis.core.RedisTemplateTests.tearDown(RedisTemplateTests.java:85)
Caused by: java.net.ConnectException: Connection refused (Connection refused)
	at org.springframework.data.redis.core.RedisTemplateTests.tearDown(RedisTemplateTests.java:85)
</error>
  </testcase>
  <testcase name="testRandomKey[5]" classname="org.springframework.data.redis.core.RedisTemplateTests" time="0.001">
    <error message="Cannot get Jedis connection; nested exception is redis.clients.jedis.exceptions.JedisConnectionException: Could not get a resource from the pool" type="org.springframework.data.redis.RedisConnectionFailureException">org.springframework.data.redis.RedisConnectionFailureException: Cannot get Jedis connection; nested exception is redis.clients.jedis.exceptions.JedisConnectionException: Could not get a resource from the pool
	at org.springframework.data.redis.core.RedisTemplateTests.testRandomKey(RedisTemplateTests.java:648)
Caused by: redis.clients.jedis.exceptions.JedisConnectionException: Could not get a resource from the pool
	at org.springframework.data.redis.core.RedisTemplateTests.testRandomKey(RedisTemplateTests.java:648)
Caused by: redis.clients.jedis.exceptions.JedisConnectionException: java.net.ConnectException: Connection refused (Connection refused)
	at org.springframework.data.redis.core.RedisTemplateTests.testRandomKey(RedisTemplateTests.java:648)
Caused by: java.net.ConnectException: Connection refused (Connection refused)
	at org.springframework.data.redis.core.RedisTemplateTests.testRandomKey(RedisTemplateTests.java:648)
</error>
  </testcase>
  <testcase name="testRandomKey[5]" classname="org.springframework.data.redis.core.RedisTemplateTests" time="0.002">
    <error message="Cannot get Jedis connection; nested exception is redis.clients.jedis.exceptions.JedisConnectionException: Could not get a resource from the pool" type="org.springframework.data.redis.RedisConnectionFailureException">org.springframework.data.redis.RedisConnectionFailureException: Cannot get Jedis connection; nested exception is redis.clients.jedis.exceptions.JedisConnectionException: Could not get a resource from the pool
	at org.springframework.data.redis.core.RedisTemplateTests.tearDown(RedisTemplateTests.java:85)
Caused by: redis.clients.jedis.exceptions.JedisConnectionException: Could not get a resource from the pool
	at org.springframework.data.redis.core.RedisTemplateTests.tearDown(RedisTemplateTests.java:85)
Caused by: redis.clients.jedis.exceptions.JedisConnectionException: java.net.ConnectException: Connection refused (Connection refused)
	at org.springframework.data.redis.core.RedisTemplateTests.tearDown(RedisTemplateTests.java:85)
Caused by: java.net.ConnectException: Connection refused (Connection refused)
	at org.springframework.data.redis.core.RedisTemplateTests.tearDown(RedisTemplateTests.java:85)
</error>
  </testcase>
  <testcase name="clientListShouldReturnCorrectly[5]" classname="org.springframework.data.redis.core.RedisTemplateTests" time="0">
    <error message="Cannot get Jedis connection; nested exception is redis.clients.jedis.exceptions.JedisConnectionException: Could not get a resource from the pool" type="org.springframework.data.redis.RedisConnectionFailureException">org.springframework.data.redis.RedisConnectionFailureException: Cannot get Jedis connection; nested exception is redis.clients.jedis.exceptions.JedisConnectionException: Could not get a resource from the pool
	at org.springframework.data.redis.core.RedisTemplateTests.clientListShouldReturnCorrectly(RedisTemplateTests.java:809)
Caused by: redis.clients.jedis.exceptions.JedisConnectionException: Could not get a resource from the pool
	at org.springframework.data.redis.core.RedisTemplateTests.clientListShouldReturnCorrectly(RedisTemplateTests.java:809)
Caused by: redis.clients.jedis.exceptions.JedisConnectionException: java.net.ConnectException: Connection refused (Connection refused)
	at org.springframework.data.redis.core.RedisTemplateTests.clientListShouldReturnCorrectly(RedisTemplateTests.java:809)
Caused by: java.net.ConnectException: Connection refused (Connection refused)
	at org.springframework.data.redis.core.RedisTemplateTests.clientListShouldReturnCorrectly(RedisTemplateTests.java:809)
</error>
  </testcase>
  <testcase name="clientListShouldReturnCorrectly[5]" classname="org.springframework.data.redis.core.RedisTemplateTests" time="0.001">
    <error message="Cannot get Jedis connection; nested exception is redis.clients.jedis.exceptions.JedisConnectionException: Could not get a resource from the pool" type="org.springframework.data.redis.RedisConnectionFailureException">org.springframework.data.redis.RedisConnectionFailureException: Cannot get Jedis connection; nested exception is redis.clients.jedis.exceptions.JedisConnectionException: Could not get a resource from the pool
	at org.springframework.data.redis.core.RedisTemplateTests.tearDown(RedisTemplateTests.java:85)
Caused by: redis.clients.jedis.exceptions.JedisConnectionException: Could not get a resource from the pool
	at org.springframework.data.redis.core.RedisTemplateTests.tearDown(RedisTemplateTests.java:85)
Caused by: redis.clients.jedis.exceptions.JedisConnectionException: java.net.ConnectException: Connection refused (Connection refused)
	at org.springframework.data.redis.core.RedisTemplateTests.tearDown(RedisTemplateTests.java:85)
Caused by: java.net.ConnectException: Connection refused (Connection refused)
	at org.springframework.data.redis.core.RedisTemplateTests.tearDown(RedisTemplateTests.java:85)
</error>
  </testcase>
  <testcase name="testExecutePipelinedNonNullSessionCallback[5]" classname="org.springframework.data.redis.core.RedisTemplateTests" time="0.001">
    <error message="Unexpected exception, expected&lt;org.springframework.dao.InvalidDataAccessApiUsageException&gt; but was&lt;org.springframework.data.redis.RedisConnectionFailureException&gt;" type="java.lang.Exception"><![CDATA[java.lang.Exception: Unexpected exception, expected<org.springframework.dao.InvalidDataAccessApiUsageException> but was<org.springframework.data.redis.RedisConnectionFailureException>
	at org.springframework.data.redis.core.RedisTemplateTests.testExecutePipelinedNonNullSessionCallback(RedisTemplateTests.java:377)
Caused by: redis.clients.jedis.exceptions.JedisConnectionException: Could not get a resource from the pool
	at org.springframework.data.redis.core.RedisTemplateTests.testExecutePipelinedNonNullSessionCallback(RedisTemplateTests.java:377)
Caused by: redis.clients.jedis.exceptions.JedisConnectionException: java.net.ConnectException: Connection refused (Connection refused)
	at org.springframework.data.redis.core.RedisTemplateTests.testExecutePipelinedNonNullSessionCallback(RedisTemplateTests.java:377)
Caused by: java.net.ConnectException: Connection refused (Connection refused)
	at org.springframework.data.redis.core.RedisTemplateTests.testExecutePipelinedNonNullSessionCallback(RedisTemplateTests.java:377)
]]></error>
  </testcase>
  <testcase name="testExecutePipelinedNonNullSessionCallback[5]" classname="org.springframework.data.redis.core.RedisTemplateTests" time="0.001">
    <error message="Cannot get Jedis connection; nested exception is redis.clients.jedis.exceptions.JedisConnectionException: Could not get a resource from the pool" type="org.springframework.data.redis.RedisConnectionFailureException">org.springframework.data.redis.RedisConnectionFailureException: Cannot get Jedis connection; nested exception is redis.clients.jedis.exceptions.JedisConnectionException: Could not get a resource from the pool
	at org.springframework.data.redis.core.RedisTemplateTests.tearDown(RedisTemplateTests.java:85)
Caused by: redis.clients.jedis.exceptions.JedisConnectionException: Could not get a resource from the pool
	at org.springframework.data.redis.core.RedisTemplateTests.tearDown(RedisTemplateTests.java:85)
Caused by: redis.clients.jedis.exceptions.JedisConnectionException: java.net.ConnectException: Connection refused (Connection refused)
	at org.springframework.data.redis.core.RedisTemplateTests.tearDown(RedisTemplateTests.java:85)
Caused by: java.net.ConnectException: Connection refused (Connection refused)
	at org.springframework.data.redis.core.RedisTemplateTests.tearDown(RedisTemplateTests.java:85)
</error>
  </testcase>
  <testcase name="testConvertAndSend[5]" classname="org.springframework.data.redis.core.RedisTemplateTests" time="0.001">
    <error message="Cannot get Jedis connection; nested exception is redis.clients.jedis.exceptions.JedisConnectionException: Could not get a resource from the pool" type="org.springframework.data.redis.RedisConnectionFailureException">org.springframework.data.redis.RedisConnectionFailureException: Cannot get Jedis connection; nested exception is redis.clients.jedis.exceptions.JedisConnectionException: Could not get a resource from the pool
	at org.springframework.data.redis.core.RedisTemplateTests.testConvertAndSend(RedisTemplateTests.java:793)
Caused by: redis.clients.jedis.exceptions.JedisConnectionException: Could not get a resource from the pool
	at org.springframework.data.redis.core.RedisTemplateTests.testConvertAndSend(RedisTemplateTests.java:793)
Caused by: redis.clients.jedis.exceptions.JedisConnectionException: java.net.ConnectException: Connection refused (Connection refused)
	at org.springframework.data.redis.core.RedisTemplateTests.testConvertAndSend(RedisTemplateTests.java:793)
Caused by: java.net.ConnectException: Connection refused (Connection refused)
	at org.springframework.data.redis.core.RedisTemplateTests.testConvertAndSend(RedisTemplateTests.java:793)
</error>
  </testcase>
  <testcase name="testConvertAndSend[5]" classname="org.springframework.data.redis.core.RedisTemplateTests" time="0.001">
    <error message="Cannot get Jedis connection; nested exception is redis.clients.jedis.exceptions.JedisConnectionException: Could not get a resource from the pool" type="org.springframework.data.redis.RedisConnectionFailureException">org.springframework.data.redis.RedisConnectionFailureException: Cannot get Jedis connection; nested exception is redis.clients.jedis.exceptions.JedisConnectionException: Could not get a resource from the pool
	at org.springframework.data.redis.core.RedisTemplateTests.tearDown(RedisTemplateTests.java:85)
Caused by: redis.clients.jedis.exceptions.JedisConnectionException: Could not get a resource from the pool
	at org.springframework.data.redis.core.RedisTemplateTests.tearDown(RedisTemplateTests.java:85)
Caused by: redis.clients.jedis.exceptions.JedisConnectionException: java.net.ConnectException: Connection refused (Connection refused)
	at org.springframework.data.redis.core.RedisTemplateTests.tearDown(RedisTemplateTests.java:85)
Caused by: java.net.ConnectException: Connection refused (Connection refused)
	at org.springframework.data.redis.core.RedisTemplateTests.tearDown(RedisTemplateTests.java:85)
</error>
  </testcase>
  <testcase name="testGetExpireMillisNotSupported[5]" classname="org.springframework.data.redis.core.RedisTemplateTests" time="0.001">
    <error message="Cannot get Jedis connection; nested exception is redis.clients.jedis.exceptions.JedisConnectionException: Could not get a resource from the pool" type="org.springframework.data.redis.RedisConnectionFailureException">org.springframework.data.redis.RedisConnectionFailureException: Cannot get Jedis connection; nested exception is redis.clients.jedis.exceptions.JedisConnectionException: Could not get a resource from the pool
	at org.springframework.data.redis.core.RedisTemplateTests.testGetExpireMillisNotSupported(RedisTemplateTests.java:597)
Caused by: redis.clients.jedis.exceptions.JedisConnectionException: Could not get a resource from the pool
	at org.springframework.data.redis.core.RedisTemplateTests.testGetExpireMillisNotSupported(RedisTemplateTests.java:597)
Caused by: redis.clients.jedis.exceptions.JedisConnectionException: java.net.ConnectException: Connection refused (Connection refused)
	at org.springframework.data.redis.core.RedisTemplateTests.testGetExpireMillisNotSupported(RedisTemplateTests.java:597)
Caused by: java.net.ConnectException: Connection refused (Connection refused)
	at org.springframework.data.redis.core.RedisTemplateTests.testGetExpireMillisNotSupported(RedisTemplateTests.java:597)
</error>
  </testcase>
  <testcase name="testGetExpireMillisNotSupported[5]" classname="org.springframework.data.redis.core.RedisTemplateTests" time="0.002">
    <error message="Cannot get Jedis connection; nested exception is redis.clients.jedis.exceptions.JedisConnectionException: Could not get a resource from the pool" type="org.springframework.data.redis.RedisConnectionFailureException">org.springframework.data.redis.RedisConnectionFailureException: Cannot get Jedis connection; nested exception is redis.clients.jedis.exceptions.JedisConnectionException: Could not get a resource from the pool
	at org.springframework.data.redis.core.RedisTemplateTests.tearDown(RedisTemplateTests.java:85)
Caused by: redis.clients.jedis.exceptions.JedisConnectionException: Could not get a resource from the pool
	at org.springframework.data.redis.core.RedisTemplateTests.tearDown(RedisTemplateTests.java:85)
Caused by: redis.clients.jedis.exceptions.JedisConnectionException: java.net.ConnectException: Connection refused (Connection refused)
	at org.springframework.data.redis.core.RedisTemplateTests.tearDown(RedisTemplateTests.java:85)
Caused by: java.net.ConnectException: Connection refused (Connection refused)
	at org.springframework.data.redis.core.RedisTemplateTests.tearDown(RedisTemplateTests.java:85)
</error>
  </testcase>
  <testcase name="testTemplateNotInitialized[5]" classname="org.springframework.data.redis.core.RedisTemplateTests" time="0.001">
    <error message="Cannot get Jedis connection; nested exception is redis.clients.jedis.exceptions.JedisConnectionException: Could not get a resource from the pool" type="org.springframework.data.redis.RedisConnectionFailureException">org.springframework.data.redis.RedisConnectionFailureException: Cannot get Jedis connection; nested exception is redis.clients.jedis.exceptions.JedisConnectionException: Could not get a resource from the pool
	at org.springframework.data.redis.core.RedisTemplateTests.tearDown(RedisTemplateTests.java:85)
Caused by: redis.clients.jedis.exceptions.JedisConnectionException: Could not get a resource from the pool
	at org.springframework.data.redis.core.RedisTemplateTests.tearDown(RedisTemplateTests.java:85)
Caused by: redis.clients.jedis.exceptions.JedisConnectionException: java.net.ConnectException: Connection refused (Connection refused)
	at org.springframework.data.redis.core.RedisTemplateTests.tearDown(RedisTemplateTests.java:85)
Caused by: java.net.ConnectException: Connection refused (Connection refused)
	at org.springframework.data.redis.core.RedisTemplateTests.tearDown(RedisTemplateTests.java:85)
</error>
  </testcase>
  <testcase name="testSortStore[5]" classname="org.springframework.data.redis.core.RedisTemplateTests" time="0">
    <error message="got: &lt;false&gt;, expected: is &lt;true&gt;" type="org.junit.AssumptionViolatedException"><![CDATA[org.junit.AssumptionViolatedException: got: <false>, expected: is <true>
	at org.springframework.data.redis.core.RedisTemplateTests.testSortStore(RedisTemplateTests.java:433)
]]></error>
  </testcase>
  <testcase name="testSortStore[5]" classname="org.springframework.data.redis.core.RedisTemplateTests" time="0">
    <error message="Cannot get Jedis connection; nested exception is redis.clients.jedis.exceptions.JedisConnectionException: Could not get a resource from the pool" type="org.springframework.data.redis.RedisConnectionFailureException">org.springframework.data.redis.RedisConnectionFailureException: Cannot get Jedis connection; nested exception is redis.clients.jedis.exceptions.JedisConnectionException: Could not get a resource from the pool
	at org.springframework.data.redis.core.RedisTemplateTests.tearDown(RedisTemplateTests.java:85)
Caused by: redis.clients.jedis.exceptions.JedisConnectionException: Could not get a resource from the pool
	at org.springframework.data.redis.core.RedisTemplateTests.tearDown(RedisTemplateTests.java:85)
Caused by: redis.clients.jedis.exceptions.JedisConnectionException: java.net.ConnectException: Connection refused (Connection refused)
	at org.springframework.data.redis.core.RedisTemplateTests.tearDown(RedisTemplateTests.java:85)
Caused by: java.net.ConnectException: Connection refused (Connection refused)
	at org.springframework.data.redis.core.RedisTemplateTests.tearDown(RedisTemplateTests.java:85)
</error>
  </testcase>
  <testcase name="testGetExpireMillisForKeyDoesNotExist[5]" classname="org.springframework.data.redis.core.RedisTemplateTests" time="0.001">
    <error message="Cannot get Jedis connection; nested exception is redis.clients.jedis.exceptions.JedisConnectionException: Could not get a resource from the pool" type="org.springframework.data.redis.RedisConnectionFailureException">org.springframework.data.redis.RedisConnectionFailureException: Cannot get Jedis connection; nested exception is redis.clients.jedis.exceptions.JedisConnectionException: Could not get a resource from the pool
	at org.springframework.data.redis.core.RedisTemplateTests.testGetExpireMillisForKeyDoesNotExist(RedisTemplateTests.java:501)
Caused by: redis.clients.jedis.exceptions.JedisConnectionException: Could not get a resource from the pool
	at org.springframework.data.redis.core.RedisTemplateTests.testGetExpireMillisForKeyDoesNotExist(RedisTemplateTests.java:501)
Caused by: redis.clients.jedis.exceptions.JedisConnectionException: java.net.ConnectException: Connection refused (Connection refused)
	at org.springframework.data.redis.core.RedisTemplateTests.testGetExpireMillisForKeyDoesNotExist(RedisTemplateTests.java:501)
Caused by: java.net.ConnectException: Connection refused (Connection refused)
	at org.springframework.data.redis.core.RedisTemplateTests.testGetExpireMillisForKeyDoesNotExist(RedisTemplateTests.java:501)
</error>
  </testcase>
  <testcase name="testGetExpireMillisForKeyDoesNotExist[5]" classname="org.springframework.data.redis.core.RedisTemplateTests" time="0.002">
    <error message="Cannot get Jedis connection; nested exception is redis.clients.jedis.exceptions.JedisConnectionException: Could not get a resource from the pool" type="org.springframework.data.redis.RedisConnectionFailureException">org.springframework.data.redis.RedisConnectionFailureException: Cannot get Jedis connection; nested exception is redis.clients.jedis.exceptions.JedisConnectionException: Could not get a resource from the pool
	at org.springframework.data.redis.core.RedisTemplateTests.tearDown(RedisTemplateTests.java:85)
Caused by: redis.clients.jedis.exceptions.JedisConnectionException: Could not get a resource from the pool
	at org.springframework.data.redis.core.RedisTemplateTests.tearDown(RedisTemplateTests.java:85)
Caused by: redis.clients.jedis.exceptions.JedisConnectionException: java.net.ConnectException: Connection refused (Connection refused)
	at org.springframework.data.redis.core.RedisTemplateTests.tearDown(RedisTemplateTests.java:85)
Caused by: java.net.ConnectException: Connection refused (Connection refused)
	at org.springframework.data.redis.core.RedisTemplateTests.tearDown(RedisTemplateTests.java:85)
</error>
  </testcase>
  <testcase name="testExecConversionDisabled[5]" classname="org.springframework.data.redis.core.RedisTemplateTests" time="0.001">
    <error message="Unable to connect to Redis; nested exception is io.lettuce.core.RedisConnectionException: Unable to connect to 127.0.0.1:6379" type="org.springframework.data.redis.RedisConnectionFailureException">org.springframework.data.redis.RedisConnectionFailureException: Unable to connect to Redis; nested exception is io.lettuce.core.RedisConnectionException: Unable to connect to 127.0.0.1:6379
	at org.springframework.data.redis.core.RedisTemplateTests.testExecConversionDisabled(RedisTemplateTests.java:253)
Caused by: io.lettuce.core.RedisConnectionException: Unable to connect to 127.0.0.1:6379
	at org.springframework.data.redis.core.RedisTemplateTests.testExecConversionDisabled(RedisTemplateTests.java:253)
Caused by: io.netty.channel.AbstractChannel$AnnotatedConnectException: syscall:getsockopt(..) failed: Connection refused: /127.0.0.1:6379
Caused by: io.netty.channel.unix.Errors$NativeConnectException: syscall:getsockopt(..) failed: Connection refused
</error>
  </testcase>
  <testcase name="testExecConversionDisabled[5]" classname="org.springframework.data.redis.core.RedisTemplateTests" time="0.002">
    <error message="Cannot get Jedis connection; nested exception is redis.clients.jedis.exceptions.JedisConnectionException: Could not get a resource from the pool" type="org.springframework.data.redis.RedisConnectionFailureException">org.springframework.data.redis.RedisConnectionFailureException: Cannot get Jedis connection; nested exception is redis.clients.jedis.exceptions.JedisConnectionException: Could not get a resource from the pool
	at org.springframework.data.redis.core.RedisTemplateTests.tearDown(RedisTemplateTests.java:85)
Caused by: redis.clients.jedis.exceptions.JedisConnectionException: Could not get a resource from the pool
	at org.springframework.data.redis.core.RedisTemplateTests.tearDown(RedisTemplateTests.java:85)
Caused by: redis.clients.jedis.exceptions.JedisConnectionException: java.net.ConnectException: Connection refused (Connection refused)
	at org.springframework.data.redis.core.RedisTemplateTests.tearDown(RedisTemplateTests.java:85)
Caused by: java.net.ConnectException: Connection refused (Connection refused)
	at org.springframework.data.redis.core.RedisTemplateTests.tearDown(RedisTemplateTests.java:85)
</error>
  </testcase>
  <testcase name="testGetExpireSecondsForKeyExistButHasNoAssociatedExpire[5]" classname="org.springframework.data.redis.core.RedisTemplateTests" time="0.001">
    <error message="Cannot get Jedis connection; nested exception is redis.clients.jedis.exceptions.JedisConnectionException: Could not get a resource from the pool" type="org.springframework.data.redis.RedisConnectionFailureException">org.springframework.data.redis.RedisConnectionFailureException: Cannot get Jedis connection; nested exception is redis.clients.jedis.exceptions.JedisConnectionException: Could not get a resource from the pool
	at org.springframework.data.redis.core.RedisTemplateTests.testGetExpireSecondsForKeyExistButHasNoAssociatedExpire(RedisTemplateTests.java:493)
Caused by: redis.clients.jedis.exceptions.JedisConnectionException: Could not get a resource from the pool
	at org.springframework.data.redis.core.RedisTemplateTests.testGetExpireSecondsForKeyExistButHasNoAssociatedExpire(RedisTemplateTests.java:493)
Caused by: redis.clients.jedis.exceptions.JedisConnectionException: java.net.ConnectException: Connection refused (Connection refused)
	at org.springframework.data.redis.core.RedisTemplateTests.testGetExpireSecondsForKeyExistButHasNoAssociatedExpire(RedisTemplateTests.java:493)
Caused by: java.net.ConnectException: Connection refused (Connection refused)
	at org.springframework.data.redis.core.RedisTemplateTests.testGetExpireSecondsForKeyExistButHasNoAssociatedExpire(RedisTemplateTests.java:493)
</error>
  </testcase>
  <testcase name="testGetExpireSecondsForKeyExistButHasNoAssociatedExpire[5]" classname="org.springframework.data.redis.core.RedisTemplateTests" time="0.001">
    <error message="Cannot get Jedis connection; nested exception is redis.clients.jedis.exceptions.JedisConnectionException: Could not get a resource from the pool" type="org.springframework.data.redis.RedisConnectionFailureException">org.springframework.data.redis.RedisConnectionFailureException: Cannot get Jedis connection; nested exception is redis.clients.jedis.exceptions.JedisConnectionException: Could not get a resource from the pool
	at org.springframework.data.redis.core.RedisTemplateTests.tearDown(RedisTemplateTests.java:85)
Caused by: redis.clients.jedis.exceptions.JedisConnectionException: Could not get a resource from the pool
	at org.springframework.data.redis.core.RedisTemplateTests.tearDown(RedisTemplateTests.java:85)
Caused by: redis.clients.jedis.exceptions.JedisConnectionException: java.net.ConnectException: Connection refused (Connection refused)
	at org.springframework.data.redis.core.RedisTemplateTests.tearDown(RedisTemplateTests.java:85)
Caused by: java.net.ConnectException: Connection refused (Connection refused)
	at org.springframework.data.redis.core.RedisTemplateTests.tearDown(RedisTemplateTests.java:85)
</error>
  </testcase>
  <testcase name="testDumpAndRestoreNoTtl[5]" classname="org.springframework.data.redis.core.RedisTemplateTests" time="0">
    <error message="Could not initialize class org.springframework.data.redis.RedisTestProfileValueSource" type="java.lang.NoClassDefFoundError">java.lang.NoClassDefFoundError: Could not initialize class org.springframework.data.redis.RedisTestProfileValueSource
	at org.springframework.data.redis.core.RedisTemplateTests.testDumpAndRestoreNoTtl(RedisTemplateTests.java:103)
</error>
  </testcase>
  <testcase name="testDumpAndRestoreNoTtl[5]" classname="org.springframework.data.redis.core.RedisTemplateTests" time="0.001">
    <error message="Cannot get Jedis connection; nested exception is redis.clients.jedis.exceptions.JedisConnectionException: Could not get a resource from the pool" type="org.springframework.data.redis.RedisConnectionFailureException">org.springframework.data.redis.RedisConnectionFailureException: Cannot get Jedis connection; nested exception is redis.clients.jedis.exceptions.JedisConnectionException: Could not get a resource from the pool
	at org.springframework.data.redis.core.RedisTemplateTests.tearDown(RedisTemplateTests.java:85)
Caused by: redis.clients.jedis.exceptions.JedisConnectionException: Could not get a resource from the pool
	at org.springframework.data.redis.core.RedisTemplateTests.tearDown(RedisTemplateTests.java:85)
Caused by: redis.clients.jedis.exceptions.JedisConnectionException: java.net.ConnectException: Connection refused (Connection refused)
	at org.springframework.data.redis.core.RedisTemplateTests.tearDown(RedisTemplateTests.java:85)
Caused by: java.net.ConnectException: Connection refused (Connection refused)
	at org.springframework.data.redis.core.RedisTemplateTests.tearDown(RedisTemplateTests.java:85)
</error>
  </testcase>
  <testcase name="testDiscard[5]" classname="org.springframework.data.redis.core.RedisTemplateTests" time="0">
    <error message="Cannot get Jedis connection; nested exception is redis.clients.jedis.exceptions.JedisConnectionException: Could not get a resource from the pool" type="org.springframework.data.redis.RedisConnectionFailureException">org.springframework.data.redis.RedisConnectionFailureException: Cannot get Jedis connection; nested exception is redis.clients.jedis.exceptions.JedisConnectionException: Could not get a resource from the pool
	at org.springframework.data.redis.core.RedisTemplateTests.testDiscard(RedisTemplateTests.java:195)
Caused by: redis.clients.jedis.exceptions.JedisConnectionException: Could not get a resource from the pool
	at org.springframework.data.redis.core.RedisTemplateTests.testDiscard(RedisTemplateTests.java:195)
Caused by: redis.clients.jedis.exceptions.JedisConnectionException: java.net.ConnectException: Connection refused (Connection refused)
	at org.springframework.data.redis.core.RedisTemplateTests.testDiscard(RedisTemplateTests.java:195)
Caused by: java.net.ConnectException: Connection refused (Connection refused)
	at org.springframework.data.redis.core.RedisTemplateTests.testDiscard(RedisTemplateTests.java:195)
</error>
  </testcase>
  <testcase name="testDiscard[5]" classname="org.springframework.data.redis.core.RedisTemplateTests" time="0.001">
    <error message="Cannot get Jedis connection; nested exception is redis.clients.jedis.exceptions.JedisConnectionException: Could not get a resource from the pool" type="org.springframework.data.redis.RedisConnectionFailureException">org.springframework.data.redis.RedisConnectionFailureException: Cannot get Jedis connection; nested exception is redis.clients.jedis.exceptions.JedisConnectionException: Could not get a resource from the pool
	at org.springframework.data.redis.core.RedisTemplateTests.tearDown(RedisTemplateTests.java:85)
Caused by: redis.clients.jedis.exceptions.JedisConnectionException: Could not get a resource from the pool
	at org.springframework.data.redis.core.RedisTemplateTests.tearDown(RedisTemplateTests.java:85)
Caused by: redis.clients.jedis.exceptions.JedisConnectionException: java.net.ConnectException: Connection refused (Connection refused)
	at org.springframework.data.redis.core.RedisTemplateTests.tearDown(RedisTemplateTests.java:85)
Caused by: java.net.ConnectException: Connection refused (Connection refused)
	at org.springframework.data.redis.core.RedisTemplateTests.tearDown(RedisTemplateTests.java:85)
</error>
  </testcase>
  <testcase name="testDelete[5]" classname="org.springframework.data.redis.core.RedisTemplateTests" time="0.001">
    <error message="Cannot get Jedis connection; nested exception is redis.clients.jedis.exceptions.JedisConnectionException: Could not get a resource from the pool" type="org.springframework.data.redis.RedisConnectionFailureException">org.springframework.data.redis.RedisConnectionFailureException: Cannot get Jedis connection; nested exception is redis.clients.jedis.exceptions.JedisConnectionException: Could not get a resource from the pool
	at org.springframework.data.redis.core.RedisTemplateTests.testDelete(RedisTemplateTests.java:391)
Caused by: redis.clients.jedis.exceptions.JedisConnectionException: Could not get a resource from the pool
	at org.springframework.data.redis.core.RedisTemplateTests.testDelete(RedisTemplateTests.java:391)
Caused by: redis.clients.jedis.exceptions.JedisConnectionException: java.net.ConnectException: Connection refused (Connection refused)
	at org.springframework.data.redis.core.RedisTemplateTests.testDelete(RedisTemplateTests.java:391)
Caused by: java.net.ConnectException: Connection refused (Connection refused)
	at org.springframework.data.redis.core.RedisTemplateTests.testDelete(RedisTemplateTests.java:391)
</error>
  </testcase>
  <testcase name="testDelete[5]" classname="org.springframework.data.redis.core.RedisTemplateTests" time="0.001">
    <error message="Cannot get Jedis connection; nested exception is redis.clients.jedis.exceptions.JedisConnectionException: Could not get a resource from the pool" type="org.springframework.data.redis.RedisConnectionFailureException">org.springframework.data.redis.RedisConnectionFailureException: Cannot get Jedis connection; nested exception is redis.clients.jedis.exceptions.JedisConnectionException: Could not get a resource from the pool
	at org.springframework.data.redis.core.RedisTemplateTests.tearDown(RedisTemplateTests.java:85)
Caused by: redis.clients.jedis.exceptions.JedisConnectionException: Could not get a resource from the pool
	at org.springframework.data.redis.core.RedisTemplateTests.tearDown(RedisTemplateTests.java:85)
Caused by: redis.clients.jedis.exceptions.JedisConnectionException: java.net.ConnectException: Connection refused (Connection refused)
	at org.springframework.data.redis.core.RedisTemplateTests.tearDown(RedisTemplateTests.java:85)
Caused by: java.net.ConnectException: Connection refused (Connection refused)
	at org.springframework.data.redis.core.RedisTemplateTests.tearDown(RedisTemplateTests.java:85)
</error>
  </testcase>
  <testcase name="testExecuteScriptCustomSerializers[5]" classname="org.springframework.data.redis.core.RedisTemplateTests" time="0">
    <error message="Could not initialize class org.springframework.data.redis.RedisTestProfileValueSource" type="java.lang.NoClassDefFoundError">java.lang.NoClassDefFoundError: Could not initialize class org.springframework.data.redis.RedisTestProfileValueSource
	at org.springframework.data.redis.core.RedisTemplateTests.testExecuteScriptCustomSerializers(RedisTemplateTests.java:798)
</error>
  </testcase>
  <testcase name="testExecuteScriptCustomSerializers[5]" classname="org.springframework.data.redis.core.RedisTemplateTests" time="0.001">
    <error message="Cannot get Jedis connection; nested exception is redis.clients.jedis.exceptions.JedisConnectionException: Could not get a resource from the pool" type="org.springframework.data.redis.RedisConnectionFailureException">org.springframework.data.redis.RedisConnectionFailureException: Cannot get Jedis connection; nested exception is redis.clients.jedis.exceptions.JedisConnectionException: Could not get a resource from the pool
	at org.springframework.data.redis.core.RedisTemplateTests.tearDown(RedisTemplateTests.java:85)
Caused by: redis.clients.jedis.exceptions.JedisConnectionException: Could not get a resource from the pool
	at org.springframework.data.redis.core.RedisTemplateTests.tearDown(RedisTemplateTests.java:85)
Caused by: redis.clients.jedis.exceptions.JedisConnectionException: java.net.ConnectException: Connection refused (Connection refused)
	at org.springframework.data.redis.core.RedisTemplateTests.tearDown(RedisTemplateTests.java:85)
Caused by: java.net.ConnectException: Connection refused (Connection refused)
	at org.springframework.data.redis.core.RedisTemplateTests.tearDown(RedisTemplateTests.java:85)
</error>
  </testcase>
  <testcase name="testExecutePipelined[5]" classname="org.springframework.data.redis.core.RedisTemplateTests" time="0">
    <error message="Cannot get Jedis connection; nested exception is redis.clients.jedis.exceptions.JedisConnectionException: Could not get a resource from the pool" type="org.springframework.data.redis.RedisConnectionFailureException">org.springframework.data.redis.RedisConnectionFailureException: Cannot get Jedis connection; nested exception is redis.clients.jedis.exceptions.JedisConnectionException: Could not get a resource from the pool
	at org.springframework.data.redis.core.RedisTemplateTests.testExecutePipelined(RedisTemplateTests.java:274)
Caused by: redis.clients.jedis.exceptions.JedisConnectionException: Could not get a resource from the pool
	at org.springframework.data.redis.core.RedisTemplateTests.testExecutePipelined(RedisTemplateTests.java:274)
Caused by: redis.clients.jedis.exceptions.JedisConnectionException: java.net.ConnectException: Connection refused (Connection refused)
	at org.springframework.data.redis.core.RedisTemplateTests.testExecutePipelined(RedisTemplateTests.java:274)
Caused by: java.net.ConnectException: Connection refused (Connection refused)
	at org.springframework.data.redis.core.RedisTemplateTests.testExecutePipelined(RedisTemplateTests.java:274)
</error>
  </testcase>
  <testcase name="testExecutePipelined[5]" classname="org.springframework.data.redis.core.RedisTemplateTests" time="0.001">
    <error message="Cannot get Jedis connection; nested exception is redis.clients.jedis.exceptions.JedisConnectionException: Could not get a resource from the pool" type="org.springframework.data.redis.RedisConnectionFailureException">org.springframework.data.redis.RedisConnectionFailureException: Cannot get Jedis connection; nested exception is redis.clients.jedis.exceptions.JedisConnectionException: Could not get a resource from the pool
	at org.springframework.data.redis.core.RedisTemplateTests.tearDown(RedisTemplateTests.java:85)
Caused by: redis.clients.jedis.exceptions.JedisConnectionException: Could not get a resource from the pool
	at org.springframework.data.redis.core.RedisTemplateTests.tearDown(RedisTemplateTests.java:85)
Caused by: redis.clients.jedis.exceptions.JedisConnectionException: java.net.ConnectException: Connection refused (Connection refused)
	at org.springframework.data.redis.core.RedisTemplateTests.tearDown(RedisTemplateTests.java:85)
Caused by: java.net.ConnectException: Connection refused (Connection refused)
	at org.springframework.data.redis.core.RedisTemplateTests.tearDown(RedisTemplateTests.java:85)
</error>
  </testcase>
  <testcase name="testDeleteMultiple[5]" classname="org.springframework.data.redis.core.RedisTemplateTests" time="0.001">
    <error message="Cannot get Jedis connection; nested exception is redis.clients.jedis.exceptions.JedisConnectionException: Could not get a resource from the pool" type="org.springframework.data.redis.RedisConnectionFailureException">org.springframework.data.redis.RedisConnectionFailureException: Cannot get Jedis connection; nested exception is redis.clients.jedis.exceptions.JedisConnectionException: Could not get a resource from the pool
	at org.springframework.data.redis.core.RedisTemplateTests.testDeleteMultiple(RedisTemplateTests.java:406)
Caused by: redis.clients.jedis.exceptions.JedisConnectionException: Could not get a resource from the pool
	at org.springframework.data.redis.core.RedisTemplateTests.testDeleteMultiple(RedisTemplateTests.java:406)
Caused by: redis.clients.jedis.exceptions.JedisConnectionException: java.net.ConnectException: Connection refused (Connection refused)
	at org.springframework.data.redis.core.RedisTemplateTests.testDeleteMultiple(RedisTemplateTests.java:406)
Caused by: java.net.ConnectException: Connection refused (Connection refused)
	at org.springframework.data.redis.core.RedisTemplateTests.testDeleteMultiple(RedisTemplateTests.java:406)
</error>
  </testcase>
  <testcase name="testDeleteMultiple[5]" classname="org.springframework.data.redis.core.RedisTemplateTests" time="0.001">
    <error message="Cannot get Jedis connection; nested exception is redis.clients.jedis.exceptions.JedisConnectionException: Could not get a resource from the pool" type="org.springframework.data.redis.RedisConnectionFailureException">org.springframework.data.redis.RedisConnectionFailureException: Cannot get Jedis connection; nested exception is redis.clients.jedis.exceptions.JedisConnectionException: Could not get a resource from the pool
	at org.springframework.data.redis.core.RedisTemplateTests.tearDown(RedisTemplateTests.java:85)
Caused by: redis.clients.jedis.exceptions.JedisConnectionException: Could not get a resource from the pool
	at org.springframework.data.redis.core.RedisTemplateTests.tearDown(RedisTemplateTests.java:85)
Caused by: redis.clients.jedis.exceptions.JedisConnectionException: java.net.ConnectException: Connection refused (Connection refused)
	at org.springframework.data.redis.core.RedisTemplateTests.tearDown(RedisTemplateTests.java:85)
Caused by: java.net.ConnectException: Connection refused (Connection refused)
	at org.springframework.data.redis.core.RedisTemplateTests.tearDown(RedisTemplateTests.java:85)
</error>
  </testcase>
  <testcase name="testGetExpireMillisForKeyExistButHasNoAssociatedExpire[5]" classname="org.springframework.data.redis.core.RedisTemplateTests" time="0.002">
    <error message="Cannot get Jedis connection; nested exception is redis.clients.jedis.exceptions.JedisConnectionException: Could not get a resource from the pool" type="org.springframework.data.redis.RedisConnectionFailureException">org.springframework.data.redis.RedisConnectionFailureException: Cannot get Jedis connection; nested exception is redis.clients.jedis.exceptions.JedisConnectionException: Could not get a resource from the pool
	at org.springframework.data.redis.core.RedisTemplateTests.testGetExpireMillisForKeyExistButHasNoAssociatedExpire(RedisTemplateTests.java:510)
Caused by: redis.clients.jedis.exceptions.JedisConnectionException: Could not get a resource from the pool
	at org.springframework.data.redis.core.RedisTemplateTests.testGetExpireMillisForKeyExistButHasNoAssociatedExpire(RedisTemplateTests.java:510)
Caused by: redis.clients.jedis.exceptions.JedisConnectionException: java.net.ConnectException: Connection refused (Connection refused)
	at org.springframework.data.redis.core.RedisTemplateTests.testGetExpireMillisForKeyExistButHasNoAssociatedExpire(RedisTemplateTests.java:510)
Caused by: java.net.ConnectException: Connection refused (Connection refused)
	at org.springframework.data.redis.core.RedisTemplateTests.testGetExpireMillisForKeyExistButHasNoAssociatedExpire(RedisTemplateTests.java:510)
</error>
  </testcase>
  <testcase name="testGetExpireMillisForKeyExistButHasNoAssociatedExpire[5]" classname="org.springframework.data.redis.core.RedisTemplateTests" time="0.002">
    <error message="Cannot get Jedis connection; nested exception is redis.clients.jedis.exceptions.JedisConnectionException: Could not get a resource from the pool" type="org.springframework.data.redis.RedisConnectionFailureException">org.springframework.data.redis.RedisConnectionFailureException: Cannot get Jedis connection; nested exception is redis.clients.jedis.exceptions.JedisConnectionException: Could not get a resource from the pool
	at org.springframework.data.redis.core.RedisTemplateTests.tearDown(RedisTemplateTests.java:85)
Caused by: redis.clients.jedis.exceptions.JedisConnectionException: Could not get a resource from the pool
	at org.springframework.data.redis.core.RedisTemplateTests.tearDown(RedisTemplateTests.java:85)
Caused by: redis.clients.jedis.exceptions.JedisConnectionException: java.net.ConnectException: Connection refused (Connection refused)
	at org.springframework.data.redis.core.RedisTemplateTests.tearDown(RedisTemplateTests.java:85)
Caused by: java.net.ConnectException: Connection refused (Connection refused)
	at org.springframework.data.redis.core.RedisTemplateTests.tearDown(RedisTemplateTests.java:85)
</error>
  </testcase>
  <testcase name="testRename[5]" classname="org.springframework.data.redis.core.RedisTemplateTests" time="0.001">
    <error message="Cannot get Jedis connection; nested exception is redis.clients.jedis.exceptions.JedisConnectionException: Could not get a resource from the pool" type="org.springframework.data.redis.RedisConnectionFailureException">org.springframework.data.redis.RedisConnectionFailureException: Cannot get Jedis connection; nested exception is redis.clients.jedis.exceptions.JedisConnectionException: Could not get a resource from the pool
	at org.springframework.data.redis.core.RedisTemplateTests.testRename(RedisTemplateTests.java:657)
Caused by: redis.clients.jedis.exceptions.JedisConnectionException: Could not get a resource from the pool
	at org.springframework.data.redis.core.RedisTemplateTests.testRename(RedisTemplateTests.java:657)
Caused by: redis.clients.jedis.exceptions.JedisConnectionException: java.net.ConnectException: Connection refused (Connection refused)
	at org.springframework.data.redis.core.RedisTemplateTests.testRename(RedisTemplateTests.java:657)
Caused by: java.net.ConnectException: Connection refused (Connection refused)
	at org.springframework.data.redis.core.RedisTemplateTests.testRename(RedisTemplateTests.java:657)
</error>
  </testcase>
  <testcase name="testRename[5]" classname="org.springframework.data.redis.core.RedisTemplateTests" time="0.002">
    <error message="Cannot get Jedis connection; nested exception is redis.clients.jedis.exceptions.JedisConnectionException: Could not get a resource from the pool" type="org.springframework.data.redis.RedisConnectionFailureException">org.springframework.data.redis.RedisConnectionFailureException: Cannot get Jedis connection; nested exception is redis.clients.jedis.exceptions.JedisConnectionException: Could not get a resource from the pool
	at org.springframework.data.redis.core.RedisTemplateTests.tearDown(RedisTemplateTests.java:85)
Caused by: redis.clients.jedis.exceptions.JedisConnectionException: Could not get a resource from the pool
	at org.springframework.data.redis.core.RedisTemplateTests.tearDown(RedisTemplateTests.java:85)
Caused by: redis.clients.jedis.exceptions.JedisConnectionException: java.net.ConnectException: Connection refused (Connection refused)
	at org.springframework.data.redis.core.RedisTemplateTests.tearDown(RedisTemplateTests.java:85)
Caused by: java.net.ConnectException: Connection refused (Connection refused)
	at org.springframework.data.redis.core.RedisTemplateTests.tearDown(RedisTemplateTests.java:85)
</error>
  </testcase>
  <testcase name="testGetExpireSeconds[5]" classname="org.springframework.data.redis.core.RedisTemplateTests" time="0.001">
    <error message="Cannot get Jedis connection; nested exception is redis.clients.jedis.exceptions.JedisConnectionException: Could not get a resource from the pool" type="org.springframework.data.redis.RedisConnectionFailureException">org.springframework.data.redis.RedisConnectionFailureException: Cannot get Jedis connection; nested exception is redis.clients.jedis.exceptions.JedisConnectionException: Could not get a resource from the pool
	at org.springframework.data.redis.core.RedisTemplateTests.testGetExpireSeconds(RedisTemplateTests.java:477)
Caused by: redis.clients.jedis.exceptions.JedisConnectionException: Could not get a resource from the pool
	at org.springframework.data.redis.core.RedisTemplateTests.testGetExpireSeconds(RedisTemplateTests.java:477)
Caused by: redis.clients.jedis.exceptions.JedisConnectionException: java.net.ConnectException: Connection refused (Connection refused)
	at org.springframework.data.redis.core.RedisTemplateTests.testGetExpireSeconds(RedisTemplateTests.java:477)
Caused by: java.net.ConnectException: Connection refused (Connection refused)
	at org.springframework.data.redis.core.RedisTemplateTests.testGetExpireSeconds(RedisTemplateTests.java:477)
</error>
  </testcase>
  <testcase name="testGetExpireSeconds[5]" classname="org.springframework.data.redis.core.RedisTemplateTests" time="0.001">
    <error message="Cannot get Jedis connection; nested exception is redis.clients.jedis.exceptions.JedisConnectionException: Could not get a resource from the pool" type="org.springframework.data.redis.RedisConnectionFailureException">org.springframework.data.redis.RedisConnectionFailureException: Cannot get Jedis connection; nested exception is redis.clients.jedis.exceptions.JedisConnectionException: Could not get a resource from the pool
	at org.springframework.data.redis.core.RedisTemplateTests.tearDown(RedisTemplateTests.java:85)
Caused by: redis.clients.jedis.exceptions.JedisConnectionException: Could not get a resource from the pool
	at org.springframework.data.redis.core.RedisTemplateTests.tearDown(RedisTemplateTests.java:85)
Caused by: redis.clients.jedis.exceptions.JedisConnectionException: java.net.ConnectException: Connection refused (Connection refused)
	at org.springframework.data.redis.core.RedisTemplateTests.tearDown(RedisTemplateTests.java:85)
Caused by: java.net.ConnectException: Connection refused (Connection refused)
	at org.springframework.data.redis.core.RedisTemplateTests.tearDown(RedisTemplateTests.java:85)
</error>
  </testcase>
  <testcase name="testStringTemplateExecutesWithStringConn[5]" classname="org.springframework.data.redis.core.RedisTemplateTests" time="0.001">
    <error message="got: &lt;false&gt;, expected: is &lt;true&gt;" type="org.junit.AssumptionViolatedException"><![CDATA[org.junit.AssumptionViolatedException: got: <false>, expected: is <true>
	at org.springframework.data.redis.core.RedisTemplateTests.testStringTemplateExecutesWithStringConn(RedisTemplateTests.java:149)
]]></error>
  </testcase>
  <testcase name="testStringTemplateExecutesWithStringConn[5]" classname="org.springframework.data.redis.core.RedisTemplateTests" time="0.001">
    <error message="Cannot get Jedis connection; nested exception is redis.clients.jedis.exceptions.JedisConnectionException: Could not get a resource from the pool" type="org.springframework.data.redis.RedisConnectionFailureException">org.springframework.data.redis.RedisConnectionFailureException: Cannot get Jedis connection; nested exception is redis.clients.jedis.exceptions.JedisConnectionException: Could not get a resource from the pool
	at org.springframework.data.redis.core.RedisTemplateTests.tearDown(RedisTemplateTests.java:85)
Caused by: redis.clients.jedis.exceptions.JedisConnectionException: Could not get a resource from the pool
	at org.springframework.data.redis.core.RedisTemplateTests.tearDown(RedisTemplateTests.java:85)
Caused by: redis.clients.jedis.exceptions.JedisConnectionException: java.net.ConnectException: Connection refused (Connection refused)
	at org.springframework.data.redis.core.RedisTemplateTests.tearDown(RedisTemplateTests.java:85)
Caused by: java.net.ConnectException: Connection refused (Connection refused)
	at org.springframework.data.redis.core.RedisTemplateTests.tearDown(RedisTemplateTests.java:85)
</error>
  </testcase>
  <testcase name="testExecutePipelinedWidthDifferentHashKeySerializerAndHashValueSerializer[5]" classname="org.springframework.data.redis.core.RedisTemplateTests" time="0">
    <error message="got: &lt;false&gt;, expected: is &lt;true&gt;" type="org.junit.AssumptionViolatedException"><![CDATA[org.junit.AssumptionViolatedException: got: <false>, expected: is <true>
	at org.springframework.data.redis.core.RedisTemplateTests.testExecutePipelinedWidthDifferentHashKeySerializerAndHashValueSerializer(RedisTemplateTests.java:310)
]]></error>
  </testcase>
  <testcase name="testExecutePipelinedWidthDifferentHashKeySerializerAndHashValueSerializer[5]" classname="org.springframework.data.redis.core.RedisTemplateTests" time="0.001">
    <error message="Cannot get Jedis connection; nested exception is redis.clients.jedis.exceptions.JedisConnectionException: Could not get a resource from the pool" type="org.springframework.data.redis.RedisConnectionFailureException">org.springframework.data.redis.RedisConnectionFailureException: Cannot get Jedis connection; nested exception is redis.clients.jedis.exceptions.JedisConnectionException: Could not get a resource from the pool
	at org.springframework.data.redis.core.RedisTemplateTests.tearDown(RedisTemplateTests.java:85)
Caused by: redis.clients.jedis.exceptions.JedisConnectionException: Could not get a resource from the pool
	at org.springframework.data.redis.core.RedisTemplateTests.tearDown(RedisTemplateTests.java:85)
Caused by: redis.clients.jedis.exceptions.JedisConnectionException: java.net.ConnectException: Connection refused (Connection refused)
	at org.springframework.data.redis.core.RedisTemplateTests.tearDown(RedisTemplateTests.java:85)
Caused by: java.net.ConnectException: Connection refused (Connection refused)
	at org.springframework.data.redis.core.RedisTemplateTests.tearDown(RedisTemplateTests.java:85)
</error>
  </testcase>
  <testcase name="testGetExpireNoTimeUnit[5]" classname="org.springframework.data.redis.core.RedisTemplateTests" time="0.001">
    <error message="Cannot get Jedis connection; nested exception is redis.clients.jedis.exceptions.JedisConnectionException: Could not get a resource from the pool" type="org.springframework.data.redis.RedisConnectionFailureException">org.springframework.data.redis.RedisConnectionFailureException: Cannot get Jedis connection; nested exception is redis.clients.jedis.exceptions.JedisConnectionException: Could not get a resource from the pool
	at org.springframework.data.redis.core.RedisTemplateTests.testGetExpireNoTimeUnit(RedisTemplateTests.java:466)
Caused by: redis.clients.jedis.exceptions.JedisConnectionException: Could not get a resource from the pool
	at org.springframework.data.redis.core.RedisTemplateTests.testGetExpireNoTimeUnit(RedisTemplateTests.java:466)
Caused by: redis.clients.jedis.exceptions.JedisConnectionException: java.net.ConnectException: Connection refused (Connection refused)
	at org.springframework.data.redis.core.RedisTemplateTests.testGetExpireNoTimeUnit(RedisTemplateTests.java:466)
Caused by: java.net.ConnectException: Connection refused (Connection refused)
	at org.springframework.data.redis.core.RedisTemplateTests.testGetExpireNoTimeUnit(RedisTemplateTests.java:466)
</error>
  </testcase>
  <testcase name="testGetExpireNoTimeUnit[5]" classname="org.springframework.data.redis.core.RedisTemplateTests" time="0.002">
    <error message="Cannot get Jedis connection; nested exception is redis.clients.jedis.exceptions.JedisConnectionException: Could not get a resource from the pool" type="org.springframework.data.redis.RedisConnectionFailureException">org.springframework.data.redis.RedisConnectionFailureException: Cannot get Jedis connection; nested exception is redis.clients.jedis.exceptions.JedisConnectionException: Could not get a resource from the pool
	at org.springframework.data.redis.core.RedisTemplateTests.tearDown(RedisTemplateTests.java:85)
Caused by: redis.clients.jedis.exceptions.JedisConnectionException: Could not get a resource from the pool
	at org.springframework.data.redis.core.RedisTemplateTests.tearDown(RedisTemplateTests.java:85)
Caused by: redis.clients.jedis.exceptions.JedisConnectionException: java.net.ConnectException: Connection refused (Connection refused)
	at org.springframework.data.redis.core.RedisTemplateTests.tearDown(RedisTemplateTests.java:85)
Caused by: java.net.ConnectException: Connection refused (Connection refused)
	at org.springframework.data.redis.core.RedisTemplateTests.tearDown(RedisTemplateTests.java:85)
</error>
  </testcase>
  <testcase name="countExistingKeysReturnsNumberOfKeysCorrectly[5]" classname="org.springframework.data.redis.core.RedisTemplateTests" time="0.002">
    <error message="Cannot get Jedis connection; nested exception is redis.clients.jedis.exceptions.JedisConnectionException: Could not get a resource from the pool" type="org.springframework.data.redis.RedisConnectionFailureException">org.springframework.data.redis.RedisConnectionFailureException: Cannot get Jedis connection; nested exception is redis.clients.jedis.exceptions.JedisConnectionException: Could not get a resource from the pool
	at org.springframework.data.redis.core.RedisTemplateTests.countExistingKeysReturnsNumberOfKeysCorrectly(RedisTemplateTests.java:820)
Caused by: redis.clients.jedis.exceptions.JedisConnectionException: Could not get a resource from the pool
	at org.springframework.data.redis.core.RedisTemplateTests.countExistingKeysReturnsNumberOfKeysCorrectly(RedisTemplateTests.java:820)
Caused by: redis.clients.jedis.exceptions.JedisConnectionException: java.net.ConnectException: Connection refused (Connection refused)
	at org.springframework.data.redis.core.RedisTemplateTests.countExistingKeysReturnsNumberOfKeysCorrectly(RedisTemplateTests.java:820)
Caused by: java.net.ConnectException: Connection refused (Connection refused)
	at org.springframework.data.redis.core.RedisTemplateTests.countExistingKeysReturnsNumberOfKeysCorrectly(RedisTemplateTests.java:820)
</error>
  </testcase>
  <testcase name="countExistingKeysReturnsNumberOfKeysCorrectly[5]" classname="org.springframework.data.redis.core.RedisTemplateTests" time="0.002">
    <error message="Cannot get Jedis connection; nested exception is redis.clients.jedis.exceptions.JedisConnectionException: Could not get a resource from the pool" type="org.springframework.data.redis.RedisConnectionFailureException">org.springframework.data.redis.RedisConnectionFailureException: Cannot get Jedis connection; nested exception is redis.clients.jedis.exceptions.JedisConnectionException: Could not get a resource from the pool
	at org.springframework.data.redis.core.RedisTemplateTests.tearDown(RedisTemplateTests.java:85)
Caused by: redis.clients.jedis.exceptions.JedisConnectionException: Could not get a resource from the pool
	at org.springframework.data.redis.core.RedisTemplateTests.tearDown(RedisTemplateTests.java:85)
Caused by: redis.clients.jedis.exceptions.JedisConnectionException: java.net.ConnectException: Connection refused (Connection refused)
	at org.springframework.data.redis.core.RedisTemplateTests.tearDown(RedisTemplateTests.java:85)
Caused by: java.net.ConnectException: Connection refused (Connection refused)
	at org.springframework.data.redis.core.RedisTemplateTests.tearDown(RedisTemplateTests.java:85)
</error>
  </testcase>
  <testcase name="testExpireAndGetExpireMillis[5]" classname="org.springframework.data.redis.core.RedisTemplateTests" time="0.002">
    <error message="Cannot get Jedis connection; nested exception is redis.clients.jedis.exceptions.JedisConnectionException: Could not get a resource from the pool" type="org.springframework.data.redis.RedisConnectionFailureException">org.springframework.data.redis.RedisConnectionFailureException: Cannot get Jedis connection; nested exception is redis.clients.jedis.exceptions.JedisConnectionException: Could not get a resource from the pool
	at org.springframework.data.redis.core.RedisTemplateTests.testExpireAndGetExpireMillis(RedisTemplateTests.java:454)
Caused by: redis.clients.jedis.exceptions.JedisConnectionException: Could not get a resource from the pool
	at org.springframework.data.redis.core.RedisTemplateTests.testExpireAndGetExpireMillis(RedisTemplateTests.java:454)
Caused by: redis.clients.jedis.exceptions.JedisConnectionException: java.net.ConnectException: Connection refused (Connection refused)
	at org.springframework.data.redis.core.RedisTemplateTests.testExpireAndGetExpireMillis(RedisTemplateTests.java:454)
Caused by: java.net.ConnectException: Connection refused (Connection refused)
	at org.springframework.data.redis.core.RedisTemplateTests.testExpireAndGetExpireMillis(RedisTemplateTests.java:454)
</error>
  </testcase>
  <testcase name="testExpireAndGetExpireMillis[5]" classname="org.springframework.data.redis.core.RedisTemplateTests" time="0.002">
    <error message="Cannot get Jedis connection; nested exception is redis.clients.jedis.exceptions.JedisConnectionException: Could not get a resource from the pool" type="org.springframework.data.redis.RedisConnectionFailureException">org.springframework.data.redis.RedisConnectionFailureException: Cannot get Jedis connection; nested exception is redis.clients.jedis.exceptions.JedisConnectionException: Could not get a resource from the pool
	at org.springframework.data.redis.core.RedisTemplateTests.tearDown(RedisTemplateTests.java:85)
Caused by: redis.clients.jedis.exceptions.JedisConnectionException: Could not get a resource from the pool
	at org.springframework.data.redis.core.RedisTemplateTests.tearDown(RedisTemplateTests.java:85)
Caused by: redis.clients.jedis.exceptions.JedisConnectionException: java.net.ConnectException: Connection refused (Connection refused)
	at org.springframework.data.redis.core.RedisTemplateTests.tearDown(RedisTemplateTests.java:85)
Caused by: java.net.ConnectException: Connection refused (Connection refused)
	at org.springframework.data.redis.core.RedisTemplateTests.tearDown(RedisTemplateTests.java:85)
</error>
  </testcase>
  <testcase name="testWatchMultipleKeys[5]" classname="org.springframework.data.redis.core.RedisTemplateTests" time="0.001">
    <error message="Cannot get Jedis connection; nested exception is redis.clients.jedis.exceptions.JedisConnectionException: Could not get a resource from the pool" type="org.springframework.data.redis.RedisConnectionFailureException">org.springframework.data.redis.RedisConnectionFailureException: Cannot get Jedis connection; nested exception is redis.clients.jedis.exceptions.JedisConnectionException: Could not get a resource from the pool
	at org.springframework.data.redis.core.RedisTemplateTests.testWatchMultipleKeys(RedisTemplateTests.java:756)
Caused by: redis.clients.jedis.exceptions.JedisConnectionException: Could not get a resource from the pool
	at org.springframework.data.redis.core.RedisTemplateTests.testWatchMultipleKeys(RedisTemplateTests.java:756)
Caused by: redis.clients.jedis.exceptions.JedisConnectionException: java.net.ConnectException: Connection refused (Connection refused)
	at org.springframework.data.redis.core.RedisTemplateTests.testWatchMultipleKeys(RedisTemplateTests.java:756)
Caused by: java.net.ConnectException: Connection refused (Connection refused)
	at org.springframework.data.redis.core.RedisTemplateTests.testWatchMultipleKeys(RedisTemplateTests.java:756)
</error>
  </testcase>
  <testcase name="testWatchMultipleKeys[5]" classname="org.springframework.data.redis.core.RedisTemplateTests" time="0.001">
    <error message="Cannot get Jedis connection; nested exception is redis.clients.jedis.exceptions.JedisConnectionException: Could not get a resource from the pool" type="org.springframework.data.redis.RedisConnectionFailureException">org.springframework.data.redis.RedisConnectionFailureException: Cannot get Jedis connection; nested exception is redis.clients.jedis.exceptions.JedisConnectionException: Could not get a resource from the pool
	at org.springframework.data.redis.core.RedisTemplateTests.tearDown(RedisTemplateTests.java:85)
Caused by: redis.clients.jedis.exceptions.JedisConnectionException: Could not get a resource from the pool
	at org.springframework.data.redis.core.RedisTemplateTests.tearDown(RedisTemplateTests.java:85)
Caused by: redis.clients.jedis.exceptions.JedisConnectionException: java.net.ConnectException: Connection refused (Connection refused)
	at org.springframework.data.redis.core.RedisTemplateTests.tearDown(RedisTemplateTests.java:85)
Caused by: java.net.ConnectException: Connection refused (Connection refused)
	at org.springframework.data.redis.core.RedisTemplateTests.tearDown(RedisTemplateTests.java:85)
</error>
  </testcase>
  <testcase name="testRestoreTtl[6]" classname="org.springframework.data.redis.core.RedisTemplateTests" time="0.001">
    <error message="Could not initialize class org.springframework.data.redis.RedisTestProfileValueSource" type="java.lang.NoClassDefFoundError">java.lang.NoClassDefFoundError: Could not initialize class org.springframework.data.redis.RedisTestProfileValueSource
	at org.springframework.data.redis.core.RedisTemplateTests.testRestoreTtl(RedisTemplateTests.java:116)
</error>
  </testcase>
  <testcase name="testRestoreTtl[6]" classname="org.springframework.data.redis.core.RedisTemplateTests" time="0.001">
    <error message="Cannot get Jedis connection; nested exception is redis.clients.jedis.exceptions.JedisConnectionException: Could not get a resource from the pool" type="org.springframework.data.redis.RedisConnectionFailureException">org.springframework.data.redis.RedisConnectionFailureException: Cannot get Jedis connection; nested exception is redis.clients.jedis.exceptions.JedisConnectionException: Could not get a resource from the pool
	at org.springframework.data.redis.core.RedisTemplateTests.tearDown(RedisTemplateTests.java:85)
Caused by: redis.clients.jedis.exceptions.JedisConnectionException: Could not get a resource from the pool
	at org.springframework.data.redis.core.RedisTemplateTests.tearDown(RedisTemplateTests.java:85)
Caused by: redis.clients.jedis.exceptions.JedisConnectionException: java.net.ConnectException: Connection refused (Connection refused)
	at org.springframework.data.redis.core.RedisTemplateTests.tearDown(RedisTemplateTests.java:85)
Caused by: java.net.ConnectException: Connection refused (Connection refused)
	at org.springframework.data.redis.core.RedisTemplateTests.tearDown(RedisTemplateTests.java:85)
</error>
  </testcase>
  <testcase name="testGetExpireMillis[6]" classname="org.springframework.data.redis.core.RedisTemplateTests" time="0.002">
    <error message="Cannot get Jedis connection; nested exception is redis.clients.jedis.exceptions.JedisConnectionException: Could not get a resource from the pool" type="org.springframework.data.redis.RedisConnectionFailureException">org.springframework.data.redis.RedisConnectionFailureException: Cannot get Jedis connection; nested exception is redis.clients.jedis.exceptions.JedisConnectionException: Could not get a resource from the pool
	at org.springframework.data.redis.core.RedisTemplateTests.testGetExpireMillis(RedisTemplateTests.java:524)
Caused by: redis.clients.jedis.exceptions.JedisConnectionException: Could not get a resource from the pool
	at org.springframework.data.redis.core.RedisTemplateTests.testGetExpireMillis(RedisTemplateTests.java:524)
Caused by: redis.clients.jedis.exceptions.JedisConnectionException: java.net.ConnectException: Connection refused (Connection refused)
	at org.springframework.data.redis.core.RedisTemplateTests.testGetExpireMillis(RedisTemplateTests.java:524)
Caused by: java.net.ConnectException: Connection refused (Connection refused)
	at org.springframework.data.redis.core.RedisTemplateTests.testGetExpireMillis(RedisTemplateTests.java:524)
</error>
  </testcase>
  <testcase name="testGetExpireMillis[6]" classname="org.springframework.data.redis.core.RedisTemplateTests" time="0.002">
    <error message="Cannot get Jedis connection; nested exception is redis.clients.jedis.exceptions.JedisConnectionException: Could not get a resource from the pool" type="org.springframework.data.redis.RedisConnectionFailureException">org.springframework.data.redis.RedisConnectionFailureException: Cannot get Jedis connection; nested exception is redis.clients.jedis.exceptions.JedisConnectionException: Could not get a resource from the pool
	at org.springframework.data.redis.core.RedisTemplateTests.tearDown(RedisTemplateTests.java:85)
Caused by: redis.clients.jedis.exceptions.JedisConnectionException: Could not get a resource from the pool
	at org.springframework.data.redis.core.RedisTemplateTests.tearDown(RedisTemplateTests.java:85)
Caused by: redis.clients.jedis.exceptions.JedisConnectionException: java.net.ConnectException: Connection refused (Connection refused)
	at org.springframework.data.redis.core.RedisTemplateTests.tearDown(RedisTemplateTests.java:85)
Caused by: java.net.ConnectException: Connection refused (Connection refused)
	at org.springframework.data.redis.core.RedisTemplateTests.tearDown(RedisTemplateTests.java:85)
</error>
  </testcase>
  <testcase name="testExecutePipelinedTxCustomSerializer[6]" classname="org.springframework.data.redis.core.RedisTemplateTests" time="0">
    <error message="got: &lt;false&gt;, expected: is &lt;true&gt;" type="org.junit.AssumptionViolatedException"><![CDATA[org.junit.AssumptionViolatedException: got: <false>, expected: is <true>
	at org.springframework.data.redis.core.RedisTemplateTests.testExecutePipelinedTxCustomSerializer(RedisTemplateTests.java:358)
]]></error>
  </testcase>
  <testcase name="testExecutePipelinedTxCustomSerializer[6]" classname="org.springframework.data.redis.core.RedisTemplateTests" time="0.001">
    <error message="Cannot get Jedis connection; nested exception is redis.clients.jedis.exceptions.JedisConnectionException: Could not get a resource from the pool" type="org.springframework.data.redis.RedisConnectionFailureException">org.springframework.data.redis.RedisConnectionFailureException: Cannot get Jedis connection; nested exception is redis.clients.jedis.exceptions.JedisConnectionException: Could not get a resource from the pool
	at org.springframework.data.redis.core.RedisTemplateTests.tearDown(RedisTemplateTests.java:85)
Caused by: redis.clients.jedis.exceptions.JedisConnectionException: Could not get a resource from the pool
	at org.springframework.data.redis.core.RedisTemplateTests.tearDown(RedisTemplateTests.java:85)
Caused by: redis.clients.jedis.exceptions.JedisConnectionException: java.net.ConnectException: Connection refused (Connection refused)
	at org.springframework.data.redis.core.RedisTemplateTests.tearDown(RedisTemplateTests.java:85)
Caused by: java.net.ConnectException: Connection refused (Connection refused)
	at org.springframework.data.redis.core.RedisTemplateTests.tearDown(RedisTemplateTests.java:85)
</error>
  </testcase>
  <testcase name="testExecutePipelinedNonNullRedisCallback[6]" classname="org.springframework.data.redis.core.RedisTemplateTests" time="0.001">
    <error message="Unexpected exception, expected&lt;org.springframework.dao.InvalidDataAccessApiUsageException&gt; but was&lt;org.springframework.data.redis.RedisConnectionFailureException&gt;" type="java.lang.Exception"><![CDATA[java.lang.Exception: Unexpected exception, expected<org.springframework.dao.InvalidDataAccessApiUsageException> but was<org.springframework.data.redis.RedisConnectionFailureException>
	at org.springframework.data.redis.core.RedisTemplateTests.testExecutePipelinedNonNullRedisCallback(RedisTemplateTests.java:330)
Caused by: redis.clients.jedis.exceptions.JedisConnectionException: Could not get a resource from the pool
	at org.springframework.data.redis.core.RedisTemplateTests.testExecutePipelinedNonNullRedisCallback(RedisTemplateTests.java:330)
Caused by: redis.clients.jedis.exceptions.JedisConnectionException: java.net.ConnectException: Connection refused (Connection refused)
	at org.springframework.data.redis.core.RedisTemplateTests.testExecutePipelinedNonNullRedisCallback(RedisTemplateTests.java:330)
Caused by: java.net.ConnectException: Connection refused (Connection refused)
	at org.springframework.data.redis.core.RedisTemplateTests.testExecutePipelinedNonNullRedisCallback(RedisTemplateTests.java:330)
]]></error>
  </testcase>
  <testcase name="testExecutePipelinedNonNullRedisCallback[6]" classname="org.springframework.data.redis.core.RedisTemplateTests" time="0.001">
    <error message="Cannot get Jedis connection; nested exception is redis.clients.jedis.exceptions.JedisConnectionException: Could not get a resource from the pool" type="org.springframework.data.redis.RedisConnectionFailureException">org.springframework.data.redis.RedisConnectionFailureException: Cannot get Jedis connection; nested exception is redis.clients.jedis.exceptions.JedisConnectionException: Could not get a resource from the pool
	at org.springframework.data.redis.core.RedisTemplateTests.tearDown(RedisTemplateTests.java:85)
Caused by: redis.clients.jedis.exceptions.JedisConnectionException: Could not get a resource from the pool
	at org.springframework.data.redis.core.RedisTemplateTests.tearDown(RedisTemplateTests.java:85)
Caused by: redis.clients.jedis.exceptions.JedisConnectionException: java.net.ConnectException: Connection refused (Connection refused)
	at org.springframework.data.redis.core.RedisTemplateTests.tearDown(RedisTemplateTests.java:85)
Caused by: java.net.ConnectException: Connection refused (Connection refused)
	at org.springframework.data.redis.core.RedisTemplateTests.tearDown(RedisTemplateTests.java:85)
</error>
  </testcase>
  <testcase name="testExecutePipelinedTx[6]" classname="org.springframework.data.redis.core.RedisTemplateTests" time="0.001">
    <error message="Cannot get Jedis connection; nested exception is redis.clients.jedis.exceptions.JedisConnectionException: Could not get a resource from the pool" type="org.springframework.data.redis.RedisConnectionFailureException">org.springframework.data.redis.RedisConnectionFailureException: Cannot get Jedis connection; nested exception is redis.clients.jedis.exceptions.JedisConnectionException: Could not get a resource from the pool
	at org.springframework.data.redis.core.RedisTemplateTests.testExecutePipelinedTx(RedisTemplateTests.java:338)
Caused by: redis.clients.jedis.exceptions.JedisConnectionException: Could not get a resource from the pool
	at org.springframework.data.redis.core.RedisTemplateTests.testExecutePipelinedTx(RedisTemplateTests.java:338)
Caused by: redis.clients.jedis.exceptions.JedisConnectionException: java.net.ConnectException: Connection refused (Connection refused)
	at org.springframework.data.redis.core.RedisTemplateTests.testExecutePipelinedTx(RedisTemplateTests.java:338)
Caused by: java.net.ConnectException: Connection refused (Connection refused)
	at org.springframework.data.redis.core.RedisTemplateTests.testExecutePipelinedTx(RedisTemplateTests.java:338)
</error>
  </testcase>
  <testcase name="testExecutePipelinedTx[6]" classname="org.springframework.data.redis.core.RedisTemplateTests" time="0.001">
    <error message="Cannot get Jedis connection; nested exception is redis.clients.jedis.exceptions.JedisConnectionException: Could not get a resource from the pool" type="org.springframework.data.redis.RedisConnectionFailureException">org.springframework.data.redis.RedisConnectionFailureException: Cannot get Jedis connection; nested exception is redis.clients.jedis.exceptions.JedisConnectionException: Could not get a resource from the pool
	at org.springframework.data.redis.core.RedisTemplateTests.tearDown(RedisTemplateTests.java:85)
Caused by: redis.clients.jedis.exceptions.JedisConnectionException: Could not get a resource from the pool
	at org.springframework.data.redis.core.RedisTemplateTests.tearDown(RedisTemplateTests.java:85)
Caused by: redis.clients.jedis.exceptions.JedisConnectionException: java.net.ConnectException: Connection refused (Connection refused)
	at org.springframework.data.redis.core.RedisTemplateTests.tearDown(RedisTemplateTests.java:85)
Caused by: java.net.ConnectException: Connection refused (Connection refused)
	at org.springframework.data.redis.core.RedisTemplateTests.tearDown(RedisTemplateTests.java:85)
</error>
  </testcase>
  <testcase name="testGetExpireMillisUsingPipelining[6]" classname="org.springframework.data.redis.core.RedisTemplateTests" time="0.001">
    <error message="Cannot get Jedis connection; nested exception is redis.clients.jedis.exceptions.JedisConnectionException: Could not get a resource from the pool" type="org.springframework.data.redis.RedisConnectionFailureException">org.springframework.data.redis.RedisConnectionFailureException: Cannot get Jedis connection; nested exception is redis.clients.jedis.exceptions.JedisConnectionException: Could not get a resource from the pool
	at org.springframework.data.redis.core.RedisTemplateTests.testGetExpireMillisUsingPipelining(RedisTemplateTests.java:568)
Caused by: redis.clients.jedis.exceptions.JedisConnectionException: Could not get a resource from the pool
	at org.springframework.data.redis.core.RedisTemplateTests.testGetExpireMillisUsingPipelining(RedisTemplateTests.java:568)
Caused by: redis.clients.jedis.exceptions.JedisConnectionException: java.net.ConnectException: Connection refused (Connection refused)
	at org.springframework.data.redis.core.RedisTemplateTests.testGetExpireMillisUsingPipelining(RedisTemplateTests.java:568)
Caused by: java.net.ConnectException: Connection refused (Connection refused)
	at org.springframework.data.redis.core.RedisTemplateTests.testGetExpireMillisUsingPipelining(RedisTemplateTests.java:568)
</error>
  </testcase>
  <testcase name="testGetExpireMillisUsingPipelining[6]" classname="org.springframework.data.redis.core.RedisTemplateTests" time="0.001">
    <error message="Cannot get Jedis connection; nested exception is redis.clients.jedis.exceptions.JedisConnectionException: Could not get a resource from the pool" type="org.springframework.data.redis.RedisConnectionFailureException">org.springframework.data.redis.RedisConnectionFailureException: Cannot get Jedis connection; nested exception is redis.clients.jedis.exceptions.JedisConnectionException: Could not get a resource from the pool
	at org.springframework.data.redis.core.RedisTemplateTests.tearDown(RedisTemplateTests.java:85)
Caused by: redis.clients.jedis.exceptions.JedisConnectionException: Could not get a resource from the pool
	at org.springframework.data.redis.core.RedisTemplateTests.tearDown(RedisTemplateTests.java:85)
Caused by: redis.clients.jedis.exceptions.JedisConnectionException: java.net.ConnectException: Connection refused (Connection refused)
	at org.springframework.data.redis.core.RedisTemplateTests.tearDown(RedisTemplateTests.java:85)
Caused by: java.net.ConnectException: Connection refused (Connection refused)
	at org.springframework.data.redis.core.RedisTemplateTests.tearDown(RedisTemplateTests.java:85)
</error>
  </testcase>
  <testcase name="testSortBulkMapper[6]" classname="org.springframework.data.redis.core.RedisTemplateTests" time="0">
    <error message="got: &lt;false&gt;, expected: is &lt;true&gt;" type="org.junit.AssumptionViolatedException"><![CDATA[org.junit.AssumptionViolatedException: got: <false>, expected: is <true>
	at org.springframework.data.redis.core.RedisTemplateTests.testSortBulkMapper(RedisTemplateTests.java:443)
]]></error>
  </testcase>
  <testcase name="testSortBulkMapper[6]" classname="org.springframework.data.redis.core.RedisTemplateTests" time="0.001">
    <error message="Cannot get Jedis connection; nested exception is redis.clients.jedis.exceptions.JedisConnectionException: Could not get a resource from the pool" type="org.springframework.data.redis.RedisConnectionFailureException">org.springframework.data.redis.RedisConnectionFailureException: Cannot get Jedis connection; nested exception is redis.clients.jedis.exceptions.JedisConnectionException: Could not get a resource from the pool
	at org.springframework.data.redis.core.RedisTemplateTests.tearDown(RedisTemplateTests.java:85)
Caused by: redis.clients.jedis.exceptions.JedisConnectionException: Could not get a resource from the pool
	at org.springframework.data.redis.core.RedisTemplateTests.tearDown(RedisTemplateTests.java:85)
Caused by: redis.clients.jedis.exceptions.JedisConnectionException: java.net.ConnectException: Connection refused (Connection refused)
	at org.springframework.data.redis.core.RedisTemplateTests.tearDown(RedisTemplateTests.java:85)
Caused by: java.net.ConnectException: Connection refused (Connection refused)
	at org.springframework.data.redis.core.RedisTemplateTests.tearDown(RedisTemplateTests.java:85)
</error>
  </testcase>
  <testcase name="testExpireAt[6]" classname="org.springframework.data.redis.core.RedisTemplateTests" time="0.001">
    <error message="Cannot get Jedis connection; nested exception is redis.clients.jedis.exceptions.JedisConnectionException: Could not get a resource from the pool" type="org.springframework.data.redis.RedisConnectionFailureException">org.springframework.data.redis.RedisConnectionFailureException: Cannot get Jedis connection; nested exception is redis.clients.jedis.exceptions.JedisConnectionException: Could not get a resource from the pool
	at org.springframework.data.redis.core.RedisTemplateTests.testExpireAt(RedisTemplateTests.java:608)
Caused by: redis.clients.jedis.exceptions.JedisConnectionException: Could not get a resource from the pool
	at org.springframework.data.redis.core.RedisTemplateTests.testExpireAt(RedisTemplateTests.java:608)
Caused by: redis.clients.jedis.exceptions.JedisConnectionException: java.net.ConnectException: Connection refused (Connection refused)
	at org.springframework.data.redis.core.RedisTemplateTests.testExpireAt(RedisTemplateTests.java:608)
Caused by: java.net.ConnectException: Connection refused (Connection refused)
	at org.springframework.data.redis.core.RedisTemplateTests.testExpireAt(RedisTemplateTests.java:608)
</error>
  </testcase>
  <testcase name="testExpireAt[6]" classname="org.springframework.data.redis.core.RedisTemplateTests" time="0.001">
    <error message="Cannot get Jedis connection; nested exception is redis.clients.jedis.exceptions.JedisConnectionException: Could not get a resource from the pool" type="org.springframework.data.redis.RedisConnectionFailureException">org.springframework.data.redis.RedisConnectionFailureException: Cannot get Jedis connection; nested exception is redis.clients.jedis.exceptions.JedisConnectionException: Could not get a resource from the pool
	at org.springframework.data.redis.core.RedisTemplateTests.tearDown(RedisTemplateTests.java:85)
Caused by: redis.clients.jedis.exceptions.JedisConnectionException: Could not get a resource from the pool
	at org.springframework.data.redis.core.RedisTemplateTests.tearDown(RedisTemplateTests.java:85)
Caused by: redis.clients.jedis.exceptions.JedisConnectionException: java.net.ConnectException: Connection refused (Connection refused)
	at org.springframework.data.redis.core.RedisTemplateTests.tearDown(RedisTemplateTests.java:85)
Caused by: java.net.ConnectException: Connection refused (Connection refused)
	at org.springframework.data.redis.core.RedisTemplateTests.tearDown(RedisTemplateTests.java:85)
</error>
  </testcase>
  <testcase name="testWatch[6]" classname="org.springframework.data.redis.core.RedisTemplateTests" time="0.001">
    <error message="Cannot get Jedis connection; nested exception is redis.clients.jedis.exceptions.JedisConnectionException: Could not get a resource from the pool" type="org.springframework.data.redis.RedisConnectionFailureException">org.springframework.data.redis.RedisConnectionFailureException: Cannot get Jedis connection; nested exception is redis.clients.jedis.exceptions.JedisConnectionException: Could not get a resource from the pool
	at org.springframework.data.redis.core.RedisTemplateTests.testWatch(RedisTemplateTests.java:686)
Caused by: redis.clients.jedis.exceptions.JedisConnectionException: Could not get a resource from the pool
	at org.springframework.data.redis.core.RedisTemplateTests.testWatch(RedisTemplateTests.java:686)
Caused by: redis.clients.jedis.exceptions.JedisConnectionException: java.net.ConnectException: Connection refused (Connection refused)
	at org.springframework.data.redis.core.RedisTemplateTests.testWatch(RedisTemplateTests.java:686)
Caused by: java.net.ConnectException: Connection refused (Connection refused)
	at org.springframework.data.redis.core.RedisTemplateTests.testWatch(RedisTemplateTests.java:686)
</error>
  </testcase>
  <testcase name="testWatch[6]" classname="org.springframework.data.redis.core.RedisTemplateTests" time="0.002">
    <error message="Cannot get Jedis connection; nested exception is redis.clients.jedis.exceptions.JedisConnectionException: Could not get a resource from the pool" type="org.springframework.data.redis.RedisConnectionFailureException">org.springframework.data.redis.RedisConnectionFailureException: Cannot get Jedis connection; nested exception is redis.clients.jedis.exceptions.JedisConnectionException: Could not get a resource from the pool
	at org.springframework.data.redis.core.RedisTemplateTests.tearDown(RedisTemplateTests.java:85)
Caused by: redis.clients.jedis.exceptions.JedisConnectionException: Could not get a resource from the pool
	at org.springframework.data.redis.core.RedisTemplateTests.tearDown(RedisTemplateTests.java:85)
Caused by: redis.clients.jedis.exceptions.JedisConnectionException: java.net.ConnectException: Connection refused (Connection refused)
	at org.springframework.data.redis.core.RedisTemplateTests.tearDown(RedisTemplateTests.java:85)
Caused by: java.net.ConnectException: Connection refused (Connection refused)
	at org.springframework.data.redis.core.RedisTemplateTests.tearDown(RedisTemplateTests.java:85)
</error>
  </testcase>
  <testcase name="testExec[6]" classname="org.springframework.data.redis.core.RedisTemplateTests" time="0">
    <error message="Cannot get Jedis connection; nested exception is redis.clients.jedis.exceptions.JedisConnectionException: Could not get a resource from the pool" type="org.springframework.data.redis.RedisConnectionFailureException">org.springframework.data.redis.RedisConnectionFailureException: Cannot get Jedis connection; nested exception is redis.clients.jedis.exceptions.JedisConnectionException: Could not get a resource from the pool
	at org.springframework.data.redis.core.RedisTemplateTests.testExec(RedisTemplateTests.java:168)
Caused by: redis.clients.jedis.exceptions.JedisConnectionException: Could not get a resource from the pool
	at org.springframework.data.redis.core.RedisTemplateTests.testExec(RedisTemplateTests.java:168)
Caused by: redis.clients.jedis.exceptions.JedisConnectionException: java.net.ConnectException: Connection refused (Connection refused)
	at org.springframework.data.redis.core.RedisTemplateTests.testExec(RedisTemplateTests.java:168)
Caused by: java.net.ConnectException: Connection refused (Connection refused)
	at org.springframework.data.redis.core.RedisTemplateTests.testExec(RedisTemplateTests.java:168)
</error>
  </testcase>
  <testcase name="testExec[6]" classname="org.springframework.data.redis.core.RedisTemplateTests" time="0.001">
    <error message="Cannot get Jedis connection; nested exception is redis.clients.jedis.exceptions.JedisConnectionException: Could not get a resource from the pool" type="org.springframework.data.redis.RedisConnectionFailureException">org.springframework.data.redis.RedisConnectionFailureException: Cannot get Jedis connection; nested exception is redis.clients.jedis.exceptions.JedisConnectionException: Could not get a resource from the pool
	at org.springframework.data.redis.core.RedisTemplateTests.tearDown(RedisTemplateTests.java:85)
Caused by: redis.clients.jedis.exceptions.JedisConnectionException: Could not get a resource from the pool
	at org.springframework.data.redis.core.RedisTemplateTests.tearDown(RedisTemplateTests.java:85)
Caused by: redis.clients.jedis.exceptions.JedisConnectionException: java.net.ConnectException: Connection refused (Connection refused)
	at org.springframework.data.redis.core.RedisTemplateTests.tearDown(RedisTemplateTests.java:85)
Caused by: java.net.ConnectException: Connection refused (Connection refused)
	at org.springframework.data.redis.core.RedisTemplateTests.tearDown(RedisTemplateTests.java:85)
</error>
  </testcase>
  <testcase name="testKeys[6]" classname="org.springframework.data.redis.core.RedisTemplateTests" time="0.001">
    <error message="Cannot get Jedis connection; nested exception is redis.clients.jedis.exceptions.JedisConnectionException: Could not get a resource from the pool" type="org.springframework.data.redis.RedisConnectionFailureException">org.springframework.data.redis.RedisConnectionFailureException: Cannot get Jedis connection; nested exception is redis.clients.jedis.exceptions.JedisConnectionException: Could not get a resource from the pool
	at org.springframework.data.redis.core.RedisTemplateTests.testKeys(RedisTemplateTests.java:134)
Caused by: redis.clients.jedis.exceptions.JedisConnectionException: Could not get a resource from the pool
	at org.springframework.data.redis.core.RedisTemplateTests.testKeys(RedisTemplateTests.java:134)
Caused by: redis.clients.jedis.exceptions.JedisConnectionException: java.net.ConnectException: Connection refused (Connection refused)
	at org.springframework.data.redis.core.RedisTemplateTests.testKeys(RedisTemplateTests.java:134)
Caused by: java.net.ConnectException: Connection refused (Connection refused)
	at org.springframework.data.redis.core.RedisTemplateTests.testKeys(RedisTemplateTests.java:134)
</error>
  </testcase>
  <testcase name="testKeys[6]" classname="org.springframework.data.redis.core.RedisTemplateTests" time="0.001">
    <error message="Cannot get Jedis connection; nested exception is redis.clients.jedis.exceptions.JedisConnectionException: Could not get a resource from the pool" type="org.springframework.data.redis.RedisConnectionFailureException">org.springframework.data.redis.RedisConnectionFailureException: Cannot get Jedis connection; nested exception is redis.clients.jedis.exceptions.JedisConnectionException: Could not get a resource from the pool
	at org.springframework.data.redis.core.RedisTemplateTests.tearDown(RedisTemplateTests.java:85)
Caused by: redis.clients.jedis.exceptions.JedisConnectionException: Could not get a resource from the pool
	at org.springframework.data.redis.core.RedisTemplateTests.tearDown(RedisTemplateTests.java:85)
Caused by: redis.clients.jedis.exceptions.JedisConnectionException: java.net.ConnectException: Connection refused (Connection refused)
	at org.springframework.data.redis.core.RedisTemplateTests.tearDown(RedisTemplateTests.java:85)
Caused by: java.net.ConnectException: Connection refused (Connection refused)
	at org.springframework.data.redis.core.RedisTemplateTests.tearDown(RedisTemplateTests.java:85)
</error>
  </testcase>
  <testcase name="testSort[6]" classname="org.springframework.data.redis.core.RedisTemplateTests" time="0">
    <error message="got: &lt;false&gt;, expected: is &lt;true&gt;" type="org.junit.AssumptionViolatedException"><![CDATA[org.junit.AssumptionViolatedException: got: <false>, expected: is <true>
	at org.springframework.data.redis.core.RedisTemplateTests.testSort(RedisTemplateTests.java:420)
]]></error>
  </testcase>
  <testcase name="testSort[6]" classname="org.springframework.data.redis.core.RedisTemplateTests" time="0.001">
    <error message="Cannot get Jedis connection; nested exception is redis.clients.jedis.exceptions.JedisConnectionException: Could not get a resource from the pool" type="org.springframework.data.redis.RedisConnectionFailureException">org.springframework.data.redis.RedisConnectionFailureException: Cannot get Jedis connection; nested exception is redis.clients.jedis.exceptions.JedisConnectionException: Could not get a resource from the pool
	at org.springframework.data.redis.core.RedisTemplateTests.tearDown(RedisTemplateTests.java:85)
Caused by: redis.clients.jedis.exceptions.JedisConnectionException: Could not get a resource from the pool
	at org.springframework.data.redis.core.RedisTemplateTests.tearDown(RedisTemplateTests.java:85)
Caused by: redis.clients.jedis.exceptions.JedisConnectionException: java.net.ConnectException: Connection refused (Connection refused)
	at org.springframework.data.redis.core.RedisTemplateTests.tearDown(RedisTemplateTests.java:85)
Caused by: java.net.ConnectException: Connection refused (Connection refused)
	at org.springframework.data.redis.core.RedisTemplateTests.tearDown(RedisTemplateTests.java:85)
</error>
  </testcase>
  <testcase name="testType[6]" classname="org.springframework.data.redis.core.RedisTemplateTests" time="0.001">
    <error message="Cannot get Jedis connection; nested exception is redis.clients.jedis.exceptions.JedisConnectionException: Could not get a resource from the pool" type="org.springframework.data.redis.RedisConnectionFailureException">org.springframework.data.redis.RedisConnectionFailureException: Cannot get Jedis connection; nested exception is redis.clients.jedis.exceptions.JedisConnectionException: Could not get a resource from the pool
	at org.springframework.data.redis.core.RedisTemplateTests.testType(RedisTemplateTests.java:676)
Caused by: redis.clients.jedis.exceptions.JedisConnectionException: Could not get a resource from the pool
	at org.springframework.data.redis.core.RedisTemplateTests.testType(RedisTemplateTests.java:676)
Caused by: redis.clients.jedis.exceptions.JedisConnectionException: java.net.ConnectException: Connection refused (Connection refused)
	at org.springframework.data.redis.core.RedisTemplateTests.testType(RedisTemplateTests.java:676)
Caused by: java.net.ConnectException: Connection refused (Connection refused)
	at org.springframework.data.redis.core.RedisTemplateTests.testType(RedisTemplateTests.java:676)
</error>
  </testcase>
  <testcase name="testType[6]" classname="org.springframework.data.redis.core.RedisTemplateTests" time="0.001">
    <error message="Cannot get Jedis connection; nested exception is redis.clients.jedis.exceptions.JedisConnectionException: Could not get a resource from the pool" type="org.springframework.data.redis.RedisConnectionFailureException">org.springframework.data.redis.RedisConnectionFailureException: Cannot get Jedis connection; nested exception is redis.clients.jedis.exceptions.JedisConnectionException: Could not get a resource from the pool
	at org.springframework.data.redis.core.RedisTemplateTests.tearDown(RedisTemplateTests.java:85)
Caused by: redis.clients.jedis.exceptions.JedisConnectionException: Could not get a resource from the pool
	at org.springframework.data.redis.core.RedisTemplateTests.tearDown(RedisTemplateTests.java:85)
Caused by: redis.clients.jedis.exceptions.JedisConnectionException: java.net.ConnectException: Connection refused (Connection refused)
	at org.springframework.data.redis.core.RedisTemplateTests.tearDown(RedisTemplateTests.java:85)
Caused by: java.net.ConnectException: Connection refused (Connection refused)
	at org.springframework.data.redis.core.RedisTemplateTests.tearDown(RedisTemplateTests.java:85)
</error>
  </testcase>
  <testcase name="testPersist[6]" classname="org.springframework.data.redis.core.RedisTemplateTests" time="0">
    <error message="Could not initialize class org.springframework.data.redis.RedisTestProfileValueSource" type="java.lang.NoClassDefFoundError">java.lang.NoClassDefFoundError: Could not initialize class org.springframework.data.redis.RedisTestProfileValueSource
	at org.springframework.data.redis.core.RedisTemplateTests.testPersist(RedisTemplateTests.java:634)
</error>
  </testcase>
  <testcase name="testPersist[6]" classname="org.springframework.data.redis.core.RedisTemplateTests" time="0.001">
    <error message="Cannot get Jedis connection; nested exception is redis.clients.jedis.exceptions.JedisConnectionException: Could not get a resource from the pool" type="org.springframework.data.redis.RedisConnectionFailureException">org.springframework.data.redis.RedisConnectionFailureException: Cannot get Jedis connection; nested exception is redis.clients.jedis.exceptions.JedisConnectionException: Could not get a resource from the pool
	at org.springframework.data.redis.core.RedisTemplateTests.tearDown(RedisTemplateTests.java:85)
Caused by: redis.clients.jedis.exceptions.JedisConnectionException: Could not get a resource from the pool
	at org.springframework.data.redis.core.RedisTemplateTests.tearDown(RedisTemplateTests.java:85)
Caused by: redis.clients.jedis.exceptions.JedisConnectionException: java.net.ConnectException: Connection refused (Connection refused)
	at org.springframework.data.redis.core.RedisTemplateTests.tearDown(RedisTemplateTests.java:85)
Caused by: java.net.ConnectException: Connection refused (Connection refused)
	at org.springframework.data.redis.core.RedisTemplateTests.tearDown(RedisTemplateTests.java:85)
</error>
  </testcase>
  <testcase name="testRenameIfAbsent[6]" classname="org.springframework.data.redis.core.RedisTemplateTests" time="0.001">
    <error message="Cannot get Jedis connection; nested exception is redis.clients.jedis.exceptions.JedisConnectionException: Could not get a resource from the pool" type="org.springframework.data.redis.RedisConnectionFailureException">org.springframework.data.redis.RedisConnectionFailureException: Cannot get Jedis connection; nested exception is redis.clients.jedis.exceptions.JedisConnectionException: Could not get a resource from the pool
	at org.springframework.data.redis.core.RedisTemplateTests.testRenameIfAbsent(RedisTemplateTests.java:667)
Caused by: redis.clients.jedis.exceptions.JedisConnectionException: Could not get a resource from the pool
	at org.springframework.data.redis.core.RedisTemplateTests.testRenameIfAbsent(RedisTemplateTests.java:667)
Caused by: redis.clients.jedis.exceptions.JedisConnectionException: java.net.ConnectException: Connection refused (Connection refused)
	at org.springframework.data.redis.core.RedisTemplateTests.testRenameIfAbsent(RedisTemplateTests.java:667)
Caused by: java.net.ConnectException: Connection refused (Connection refused)
	at org.springframework.data.redis.core.RedisTemplateTests.testRenameIfAbsent(RedisTemplateTests.java:667)
</error>
  </testcase>
  <testcase name="testRenameIfAbsent[6]" classname="org.springframework.data.redis.core.RedisTemplateTests" time="0.002">
    <error message="Cannot get Jedis connection; nested exception is redis.clients.jedis.exceptions.JedisConnectionException: Could not get a resource from the pool" type="org.springframework.data.redis.RedisConnectionFailureException">org.springframework.data.redis.RedisConnectionFailureException: Cannot get Jedis connection; nested exception is redis.clients.jedis.exceptions.JedisConnectionException: Could not get a resource from the pool
	at org.springframework.data.redis.core.RedisTemplateTests.tearDown(RedisTemplateTests.java:85)
Caused by: redis.clients.jedis.exceptions.JedisConnectionException: Could not get a resource from the pool
	at org.springframework.data.redis.core.RedisTemplateTests.tearDown(RedisTemplateTests.java:85)
Caused by: redis.clients.jedis.exceptions.JedisConnectionException: java.net.ConnectException: Connection refused (Connection refused)
	at org.springframework.data.redis.core.RedisTemplateTests.tearDown(RedisTemplateTests.java:85)
Caused by: java.net.ConnectException: Connection refused (Connection refused)
	at org.springframework.data.redis.core.RedisTemplateTests.tearDown(RedisTemplateTests.java:85)
</error>
  </testcase>
  <testcase name="testUnwatch[6]" classname="org.springframework.data.redis.core.RedisTemplateTests" time="0.001">
    <error message="Cannot get Jedis connection; nested exception is redis.clients.jedis.exceptions.JedisConnectionException: Could not get a resource from the pool" type="org.springframework.data.redis.RedisConnectionFailureException">org.springframework.data.redis.RedisConnectionFailureException: Cannot get Jedis connection; nested exception is redis.clients.jedis.exceptions.JedisConnectionException: Could not get a resource from the pool
	at org.springframework.data.redis.core.RedisTemplateTests.testUnwatch(RedisTemplateTests.java:723)
Caused by: redis.clients.jedis.exceptions.JedisConnectionException: Could not get a resource from the pool
	at org.springframework.data.redis.core.RedisTemplateTests.testUnwatch(RedisTemplateTests.java:723)
Caused by: redis.clients.jedis.exceptions.JedisConnectionException: java.net.ConnectException: Connection refused (Connection refused)
	at org.springframework.data.redis.core.RedisTemplateTests.testUnwatch(RedisTemplateTests.java:723)
Caused by: java.net.ConnectException: Connection refused (Connection refused)
	at org.springframework.data.redis.core.RedisTemplateTests.testUnwatch(RedisTemplateTests.java:723)
</error>
  </testcase>
  <testcase name="testUnwatch[6]" classname="org.springframework.data.redis.core.RedisTemplateTests" time="0.002">
    <error message="Cannot get Jedis connection; nested exception is redis.clients.jedis.exceptions.JedisConnectionException: Could not get a resource from the pool" type="org.springframework.data.redis.RedisConnectionFailureException">org.springframework.data.redis.RedisConnectionFailureException: Cannot get Jedis connection; nested exception is redis.clients.jedis.exceptions.JedisConnectionException: Could not get a resource from the pool
	at org.springframework.data.redis.core.RedisTemplateTests.tearDown(RedisTemplateTests.java:85)
Caused by: redis.clients.jedis.exceptions.JedisConnectionException: Could not get a resource from the pool
	at org.springframework.data.redis.core.RedisTemplateTests.tearDown(RedisTemplateTests.java:85)
Caused by: redis.clients.jedis.exceptions.JedisConnectionException: java.net.ConnectException: Connection refused (Connection refused)
	at org.springframework.data.redis.core.RedisTemplateTests.tearDown(RedisTemplateTests.java:85)
Caused by: java.net.ConnectException: Connection refused (Connection refused)
	at org.springframework.data.redis.core.RedisTemplateTests.tearDown(RedisTemplateTests.java:85)
</error>
  </testcase>
  <testcase name="testGetExpireMillisUsingTransactions[6]" classname="org.springframework.data.redis.core.RedisTemplateTests" time="0.001">
    <error message="Cannot get Jedis connection; nested exception is redis.clients.jedis.exceptions.JedisConnectionException: Could not get a resource from the pool" type="org.springframework.data.redis.RedisConnectionFailureException">org.springframework.data.redis.RedisConnectionFailureException: Cannot get Jedis connection; nested exception is redis.clients.jedis.exceptions.JedisConnectionException: Could not get a resource from the pool
	at org.springframework.data.redis.core.RedisTemplateTests.testGetExpireMillisUsingTransactions(RedisTemplateTests.java:541)
Caused by: redis.clients.jedis.exceptions.JedisConnectionException: Could not get a resource from the pool
	at org.springframework.data.redis.core.RedisTemplateTests.testGetExpireMillisUsingTransactions(RedisTemplateTests.java:541)
Caused by: redis.clients.jedis.exceptions.JedisConnectionException: java.net.ConnectException: Connection refused (Connection refused)
	at org.springframework.data.redis.core.RedisTemplateTests.testGetExpireMillisUsingTransactions(RedisTemplateTests.java:541)
Caused by: java.net.ConnectException: Connection refused (Connection refused)
	at org.springframework.data.redis.core.RedisTemplateTests.testGetExpireMillisUsingTransactions(RedisTemplateTests.java:541)
</error>
  </testcase>
  <testcase name="testGetExpireMillisUsingTransactions[6]" classname="org.springframework.data.redis.core.RedisTemplateTests" time="0.001">
    <error message="Cannot get Jedis connection; nested exception is redis.clients.jedis.exceptions.JedisConnectionException: Could not get a resource from the pool" type="org.springframework.data.redis.RedisConnectionFailureException">org.springframework.data.redis.RedisConnectionFailureException: Cannot get Jedis connection; nested exception is redis.clients.jedis.exceptions.JedisConnectionException: Could not get a resource from the pool
	at org.springframework.data.redis.core.RedisTemplateTests.tearDown(RedisTemplateTests.java:85)
Caused by: redis.clients.jedis.exceptions.JedisConnectionException: Could not get a resource from the pool
	at org.springframework.data.redis.core.RedisTemplateTests.tearDown(RedisTemplateTests.java:85)
Caused by: redis.clients.jedis.exceptions.JedisConnectionException: java.net.ConnectException: Connection refused (Connection refused)
	at org.springframework.data.redis.core.RedisTemplateTests.tearDown(RedisTemplateTests.java:85)
Caused by: java.net.ConnectException: Connection refused (Connection refused)
	at org.springframework.data.redis.core.RedisTemplateTests.tearDown(RedisTemplateTests.java:85)
</error>
  </testcase>
  <testcase name="testExecCustomSerializer[6]" classname="org.springframework.data.redis.core.RedisTemplateTests" time="0.001">
    <error message="got: &lt;false&gt;, expected: is &lt;true&gt;" type="org.junit.AssumptionViolatedException"><![CDATA[org.junit.AssumptionViolatedException: got: <false>, expected: is <true>
	at org.springframework.data.redis.core.RedisTemplateTests.testExecCustomSerializer(RedisTemplateTests.java:210)
]]></error>
  </testcase>
  <testcase name="testExecCustomSerializer[6]" classname="org.springframework.data.redis.core.RedisTemplateTests" time="0.001">
    <error message="Cannot get Jedis connection; nested exception is redis.clients.jedis.exceptions.JedisConnectionException: Could not get a resource from the pool" type="org.springframework.data.redis.RedisConnectionFailureException">org.springframework.data.redis.RedisConnectionFailureException: Cannot get Jedis connection; nested exception is redis.clients.jedis.exceptions.JedisConnectionException: Could not get a resource from the pool
	at org.springframework.data.redis.core.RedisTemplateTests.tearDown(RedisTemplateTests.java:85)
Caused by: redis.clients.jedis.exceptions.JedisConnectionException: Could not get a resource from the pool
	at org.springframework.data.redis.core.RedisTemplateTests.tearDown(RedisTemplateTests.java:85)
Caused by: redis.clients.jedis.exceptions.JedisConnectionException: java.net.ConnectException: Connection refused (Connection refused)
	at org.springframework.data.redis.core.RedisTemplateTests.tearDown(RedisTemplateTests.java:85)
Caused by: java.net.ConnectException: Connection refused (Connection refused)
	at org.springframework.data.redis.core.RedisTemplateTests.tearDown(RedisTemplateTests.java:85)
</error>
  </testcase>
  <testcase name="testExecutePipelinedCustomSerializer[6]" classname="org.springframework.data.redis.core.RedisTemplateTests" time="0.001">
    <error message="got: &lt;false&gt;, expected: is &lt;true&gt;" type="org.junit.AssumptionViolatedException"><![CDATA[org.junit.AssumptionViolatedException: got: <false>, expected: is <true>
	at org.springframework.data.redis.core.RedisTemplateTests.testExecutePipelinedCustomSerializer(RedisTemplateTests.java:292)
]]></error>
  </testcase>
  <testcase name="testExecutePipelinedCustomSerializer[6]" classname="org.springframework.data.redis.core.RedisTemplateTests" time="0.001">
    <error message="Cannot get Jedis connection; nested exception is redis.clients.jedis.exceptions.JedisConnectionException: Could not get a resource from the pool" type="org.springframework.data.redis.RedisConnectionFailureException">org.springframework.data.redis.RedisConnectionFailureException: Cannot get Jedis connection; nested exception is redis.clients.jedis.exceptions.JedisConnectionException: Could not get a resource from the pool
	at org.springframework.data.redis.core.RedisTemplateTests.tearDown(RedisTemplateTests.java:85)
Caused by: redis.clients.jedis.exceptions.JedisConnectionException: Could not get a resource from the pool
	at org.springframework.data.redis.core.RedisTemplateTests.tearDown(RedisTemplateTests.java:85)
Caused by: redis.clients.jedis.exceptions.JedisConnectionException: java.net.ConnectException: Connection refused (Connection refused)
	at org.springframework.data.redis.core.RedisTemplateTests.tearDown(RedisTemplateTests.java:85)
Caused by: java.net.ConnectException: Connection refused (Connection refused)
	at org.springframework.data.redis.core.RedisTemplateTests.tearDown(RedisTemplateTests.java:85)
</error>
  </testcase>
  <testcase name="testExpireAtMillisNotSupported[6]" classname="org.springframework.data.redis.core.RedisTemplateTests" time="0">
    <error message="Could not initialize class org.springframework.data.redis.RedisTestProfileValueSource" type="java.lang.NoClassDefFoundError">java.lang.NoClassDefFoundError: Could not initialize class org.springframework.data.redis.RedisTestProfileValueSource
	at org.springframework.data.redis.core.RedisTemplateTests.testExpireAtMillisNotSupported(RedisTemplateTests.java:616)
</error>
  </testcase>
  <testcase name="testExpireAtMillisNotSupported[6]" classname="org.springframework.data.redis.core.RedisTemplateTests" time="0.001">
    <error message="Cannot get Jedis connection; nested exception is redis.clients.jedis.exceptions.JedisConnectionException: Could not get a resource from the pool" type="org.springframework.data.redis.RedisConnectionFailureException">org.springframework.data.redis.RedisConnectionFailureException: Cannot get Jedis connection; nested exception is redis.clients.jedis.exceptions.JedisConnectionException: Could not get a resource from the pool
	at org.springframework.data.redis.core.RedisTemplateTests.tearDown(RedisTemplateTests.java:85)
Caused by: redis.clients.jedis.exceptions.JedisConnectionException: Could not get a resource from the pool
	at org.springframework.data.redis.core.RedisTemplateTests.tearDown(RedisTemplateTests.java:85)
Caused by: redis.clients.jedis.exceptions.JedisConnectionException: java.net.ConnectException: Connection refused (Connection refused)
	at org.springframework.data.redis.core.RedisTemplateTests.tearDown(RedisTemplateTests.java:85)
Caused by: java.net.ConnectException: Connection refused (Connection refused)
	at org.springframework.data.redis.core.RedisTemplateTests.tearDown(RedisTemplateTests.java:85)
</error>
  </testcase>
  <testcase name="testGetExpireSecondsForKeyDoesNotExist[6]" classname="org.springframework.data.redis.core.RedisTemplateTests" time="0">
    <error message="Cannot get Jedis connection; nested exception is redis.clients.jedis.exceptions.JedisConnectionException: Could not get a resource from the pool" type="org.springframework.data.redis.RedisConnectionFailureException">org.springframework.data.redis.RedisConnectionFailureException: Cannot get Jedis connection; nested exception is redis.clients.jedis.exceptions.JedisConnectionException: Could not get a resource from the pool
	at org.springframework.data.redis.core.RedisTemplateTests.testGetExpireSecondsForKeyDoesNotExist(RedisTemplateTests.java:485)
Caused by: redis.clients.jedis.exceptions.JedisConnectionException: Could not get a resource from the pool
	at org.springframework.data.redis.core.RedisTemplateTests.testGetExpireSecondsForKeyDoesNotExist(RedisTemplateTests.java:485)
Caused by: redis.clients.jedis.exceptions.JedisConnectionException: java.net.ConnectException: Connection refused (Connection refused)
	at org.springframework.data.redis.core.RedisTemplateTests.testGetExpireSecondsForKeyDoesNotExist(RedisTemplateTests.java:485)
Caused by: java.net.ConnectException: Connection refused (Connection refused)
	at org.springframework.data.redis.core.RedisTemplateTests.testGetExpireSecondsForKeyDoesNotExist(RedisTemplateTests.java:485)
</error>
  </testcase>
  <testcase name="testGetExpireSecondsForKeyDoesNotExist[6]" classname="org.springframework.data.redis.core.RedisTemplateTests" time="0.001">
    <error message="Cannot get Jedis connection; nested exception is redis.clients.jedis.exceptions.JedisConnectionException: Could not get a resource from the pool" type="org.springframework.data.redis.RedisConnectionFailureException">org.springframework.data.redis.RedisConnectionFailureException: Cannot get Jedis connection; nested exception is redis.clients.jedis.exceptions.JedisConnectionException: Could not get a resource from the pool
	at org.springframework.data.redis.core.RedisTemplateTests.tearDown(RedisTemplateTests.java:85)
Caused by: redis.clients.jedis.exceptions.JedisConnectionException: Could not get a resource from the pool
	at org.springframework.data.redis.core.RedisTemplateTests.tearDown(RedisTemplateTests.java:85)
Caused by: redis.clients.jedis.exceptions.JedisConnectionException: java.net.ConnectException: Connection refused (Connection refused)
	at org.springframework.data.redis.core.RedisTemplateTests.tearDown(RedisTemplateTests.java:85)
Caused by: java.net.ConnectException: Connection refused (Connection refused)
	at org.springframework.data.redis.core.RedisTemplateTests.tearDown(RedisTemplateTests.java:85)
</error>
  </testcase>
  <testcase name="testRandomKey[6]" classname="org.springframework.data.redis.core.RedisTemplateTests" time="0.001">
    <error message="Cannot get Jedis connection; nested exception is redis.clients.jedis.exceptions.JedisConnectionException: Could not get a resource from the pool" type="org.springframework.data.redis.RedisConnectionFailureException">org.springframework.data.redis.RedisConnectionFailureException: Cannot get Jedis connection; nested exception is redis.clients.jedis.exceptions.JedisConnectionException: Could not get a resource from the pool
	at org.springframework.data.redis.core.RedisTemplateTests.testRandomKey(RedisTemplateTests.java:648)
Caused by: redis.clients.jedis.exceptions.JedisConnectionException: Could not get a resource from the pool
	at org.springframework.data.redis.core.RedisTemplateTests.testRandomKey(RedisTemplateTests.java:648)
Caused by: redis.clients.jedis.exceptions.JedisConnectionException: java.net.ConnectException: Connection refused (Connection refused)
	at org.springframework.data.redis.core.RedisTemplateTests.testRandomKey(RedisTemplateTests.java:648)
Caused by: java.net.ConnectException: Connection refused (Connection refused)
	at org.springframework.data.redis.core.RedisTemplateTests.testRandomKey(RedisTemplateTests.java:648)
</error>
  </testcase>
  <testcase name="testRandomKey[6]" classname="org.springframework.data.redis.core.RedisTemplateTests" time="0.001">
    <error message="Cannot get Jedis connection; nested exception is redis.clients.jedis.exceptions.JedisConnectionException: Could not get a resource from the pool" type="org.springframework.data.redis.RedisConnectionFailureException">org.springframework.data.redis.RedisConnectionFailureException: Cannot get Jedis connection; nested exception is redis.clients.jedis.exceptions.JedisConnectionException: Could not get a resource from the pool
	at org.springframework.data.redis.core.RedisTemplateTests.tearDown(RedisTemplateTests.java:85)
Caused by: redis.clients.jedis.exceptions.JedisConnectionException: Could not get a resource from the pool
	at org.springframework.data.redis.core.RedisTemplateTests.tearDown(RedisTemplateTests.java:85)
Caused by: redis.clients.jedis.exceptions.JedisConnectionException: java.net.ConnectException: Connection refused (Connection refused)
	at org.springframework.data.redis.core.RedisTemplateTests.tearDown(RedisTemplateTests.java:85)
Caused by: java.net.ConnectException: Connection refused (Connection refused)
	at org.springframework.data.redis.core.RedisTemplateTests.tearDown(RedisTemplateTests.java:85)
</error>
  </testcase>
  <testcase name="clientListShouldReturnCorrectly[6]" classname="org.springframework.data.redis.core.RedisTemplateTests" time="0.001">
    <error message="Cannot get Jedis connection; nested exception is redis.clients.jedis.exceptions.JedisConnectionException: Could not get a resource from the pool" type="org.springframework.data.redis.RedisConnectionFailureException">org.springframework.data.redis.RedisConnectionFailureException: Cannot get Jedis connection; nested exception is redis.clients.jedis.exceptions.JedisConnectionException: Could not get a resource from the pool
	at org.springframework.data.redis.core.RedisTemplateTests.clientListShouldReturnCorrectly(RedisTemplateTests.java:809)
Caused by: redis.clients.jedis.exceptions.JedisConnectionException: Could not get a resource from the pool
	at org.springframework.data.redis.core.RedisTemplateTests.clientListShouldReturnCorrectly(RedisTemplateTests.java:809)
Caused by: redis.clients.jedis.exceptions.JedisConnectionException: java.net.ConnectException: Connection refused (Connection refused)
	at org.springframework.data.redis.core.RedisTemplateTests.clientListShouldReturnCorrectly(RedisTemplateTests.java:809)
Caused by: java.net.ConnectException: Connection refused (Connection refused)
	at org.springframework.data.redis.core.RedisTemplateTests.clientListShouldReturnCorrectly(RedisTemplateTests.java:809)
</error>
  </testcase>
  <testcase name="clientListShouldReturnCorrectly[6]" classname="org.springframework.data.redis.core.RedisTemplateTests" time="0.001">
    <error message="Cannot get Jedis connection; nested exception is redis.clients.jedis.exceptions.JedisConnectionException: Could not get a resource from the pool" type="org.springframework.data.redis.RedisConnectionFailureException">org.springframework.data.redis.RedisConnectionFailureException: Cannot get Jedis connection; nested exception is redis.clients.jedis.exceptions.JedisConnectionException: Could not get a resource from the pool
	at org.springframework.data.redis.core.RedisTemplateTests.tearDown(RedisTemplateTests.java:85)
Caused by: redis.clients.jedis.exceptions.JedisConnectionException: Could not get a resource from the pool
	at org.springframework.data.redis.core.RedisTemplateTests.tearDown(RedisTemplateTests.java:85)
Caused by: redis.clients.jedis.exceptions.JedisConnectionException: java.net.ConnectException: Connection refused (Connection refused)
	at org.springframework.data.redis.core.RedisTemplateTests.tearDown(RedisTemplateTests.java:85)
Caused by: java.net.ConnectException: Connection refused (Connection refused)
	at org.springframework.data.redis.core.RedisTemplateTests.tearDown(RedisTemplateTests.java:85)
</error>
  </testcase>
  <testcase name="testExecutePipelinedNonNullSessionCallback[6]" classname="org.springframework.data.redis.core.RedisTemplateTests" time="0.001">
    <error message="Unexpected exception, expected&lt;org.springframework.dao.InvalidDataAccessApiUsageException&gt; but was&lt;org.springframework.data.redis.RedisConnectionFailureException&gt;" type="java.lang.Exception"><![CDATA[java.lang.Exception: Unexpected exception, expected<org.springframework.dao.InvalidDataAccessApiUsageException> but was<org.springframework.data.redis.RedisConnectionFailureException>
	at org.springframework.data.redis.core.RedisTemplateTests.testExecutePipelinedNonNullSessionCallback(RedisTemplateTests.java:377)
Caused by: redis.clients.jedis.exceptions.JedisConnectionException: Could not get a resource from the pool
	at org.springframework.data.redis.core.RedisTemplateTests.testExecutePipelinedNonNullSessionCallback(RedisTemplateTests.java:377)
Caused by: redis.clients.jedis.exceptions.JedisConnectionException: java.net.ConnectException: Connection refused (Connection refused)
	at org.springframework.data.redis.core.RedisTemplateTests.testExecutePipelinedNonNullSessionCallback(RedisTemplateTests.java:377)
Caused by: java.net.ConnectException: Connection refused (Connection refused)
	at org.springframework.data.redis.core.RedisTemplateTests.testExecutePipelinedNonNullSessionCallback(RedisTemplateTests.java:377)
]]></error>
  </testcase>
  <testcase name="testExecutePipelinedNonNullSessionCallback[6]" classname="org.springframework.data.redis.core.RedisTemplateTests" time="0.001">
    <error message="Cannot get Jedis connection; nested exception is redis.clients.jedis.exceptions.JedisConnectionException: Could not get a resource from the pool" type="org.springframework.data.redis.RedisConnectionFailureException">org.springframework.data.redis.RedisConnectionFailureException: Cannot get Jedis connection; nested exception is redis.clients.jedis.exceptions.JedisConnectionException: Could not get a resource from the pool
	at org.springframework.data.redis.core.RedisTemplateTests.tearDown(RedisTemplateTests.java:85)
Caused by: redis.clients.jedis.exceptions.JedisConnectionException: Could not get a resource from the pool
	at org.springframework.data.redis.core.RedisTemplateTests.tearDown(RedisTemplateTests.java:85)
Caused by: redis.clients.jedis.exceptions.JedisConnectionException: java.net.ConnectException: Connection refused (Connection refused)
	at org.springframework.data.redis.core.RedisTemplateTests.tearDown(RedisTemplateTests.java:85)
Caused by: java.net.ConnectException: Connection refused (Connection refused)
	at org.springframework.data.redis.core.RedisTemplateTests.tearDown(RedisTemplateTests.java:85)
</error>
  </testcase>
  <testcase name="testConvertAndSend[6]" classname="org.springframework.data.redis.core.RedisTemplateTests" time="0.001">
    <error message="Cannot get Jedis connection; nested exception is redis.clients.jedis.exceptions.JedisConnectionException: Could not get a resource from the pool" type="org.springframework.data.redis.RedisConnectionFailureException">org.springframework.data.redis.RedisConnectionFailureException: Cannot get Jedis connection; nested exception is redis.clients.jedis.exceptions.JedisConnectionException: Could not get a resource from the pool
	at org.springframework.data.redis.core.RedisTemplateTests.testConvertAndSend(RedisTemplateTests.java:793)
Caused by: redis.clients.jedis.exceptions.JedisConnectionException: Could not get a resource from the pool
	at org.springframework.data.redis.core.RedisTemplateTests.testConvertAndSend(RedisTemplateTests.java:793)
Caused by: redis.clients.jedis.exceptions.JedisConnectionException: java.net.ConnectException: Connection refused (Connection refused)
	at org.springframework.data.redis.core.RedisTemplateTests.testConvertAndSend(RedisTemplateTests.java:793)
Caused by: java.net.ConnectException: Connection refused (Connection refused)
	at org.springframework.data.redis.core.RedisTemplateTests.testConvertAndSend(RedisTemplateTests.java:793)
</error>
  </testcase>
  <testcase name="testConvertAndSend[6]" classname="org.springframework.data.redis.core.RedisTemplateTests" time="0.002">
    <error message="Cannot get Jedis connection; nested exception is redis.clients.jedis.exceptions.JedisConnectionException: Could not get a resource from the pool" type="org.springframework.data.redis.RedisConnectionFailureException">org.springframework.data.redis.RedisConnectionFailureException: Cannot get Jedis connection; nested exception is redis.clients.jedis.exceptions.JedisConnectionException: Could not get a resource from the pool
	at org.springframework.data.redis.core.RedisTemplateTests.tearDown(RedisTemplateTests.java:85)
Caused by: redis.clients.jedis.exceptions.JedisConnectionException: Could not get a resource from the pool
	at org.springframework.data.redis.core.RedisTemplateTests.tearDown(RedisTemplateTests.java:85)
Caused by: redis.clients.jedis.exceptions.JedisConnectionException: java.net.ConnectException: Connection refused (Connection refused)
	at org.springframework.data.redis.core.RedisTemplateTests.tearDown(RedisTemplateTests.java:85)
Caused by: java.net.ConnectException: Connection refused (Connection refused)
	at org.springframework.data.redis.core.RedisTemplateTests.tearDown(RedisTemplateTests.java:85)
</error>
  </testcase>
  <testcase name="testGetExpireMillisNotSupported[6]" classname="org.springframework.data.redis.core.RedisTemplateTests" time="0">
    <error message="got: &lt;false&gt;, expected: is &lt;true&gt;" type="org.junit.AssumptionViolatedException"><![CDATA[org.junit.AssumptionViolatedException: got: <false>, expected: is <true>
	at org.springframework.data.redis.core.RedisTemplateTests.testGetExpireMillisNotSupported(RedisTemplateTests.java:594)
]]></error>
  </testcase>
  <testcase name="testGetExpireMillisNotSupported[6]" classname="org.springframework.data.redis.core.RedisTemplateTests" time="0.001">
    <error message="Cannot get Jedis connection; nested exception is redis.clients.jedis.exceptions.JedisConnectionException: Could not get a resource from the pool" type="org.springframework.data.redis.RedisConnectionFailureException">org.springframework.data.redis.RedisConnectionFailureException: Cannot get Jedis connection; nested exception is redis.clients.jedis.exceptions.JedisConnectionException: Could not get a resource from the pool
	at org.springframework.data.redis.core.RedisTemplateTests.tearDown(RedisTemplateTests.java:85)
Caused by: redis.clients.jedis.exceptions.JedisConnectionException: Could not get a resource from the pool
	at org.springframework.data.redis.core.RedisTemplateTests.tearDown(RedisTemplateTests.java:85)
Caused by: redis.clients.jedis.exceptions.JedisConnectionException: java.net.ConnectException: Connection refused (Connection refused)
	at org.springframework.data.redis.core.RedisTemplateTests.tearDown(RedisTemplateTests.java:85)
Caused by: java.net.ConnectException: Connection refused (Connection refused)
	at org.springframework.data.redis.core.RedisTemplateTests.tearDown(RedisTemplateTests.java:85)
</error>
  </testcase>
  <testcase name="testTemplateNotInitialized[6]" classname="org.springframework.data.redis.core.RedisTemplateTests" time="0">
    <error message="Cannot get Jedis connection; nested exception is redis.clients.jedis.exceptions.JedisConnectionException: Could not get a resource from the pool" type="org.springframework.data.redis.RedisConnectionFailureException">org.springframework.data.redis.RedisConnectionFailureException: Cannot get Jedis connection; nested exception is redis.clients.jedis.exceptions.JedisConnectionException: Could not get a resource from the pool
	at org.springframework.data.redis.core.RedisTemplateTests.tearDown(RedisTemplateTests.java:85)
Caused by: redis.clients.jedis.exceptions.JedisConnectionException: Could not get a resource from the pool
	at org.springframework.data.redis.core.RedisTemplateTests.tearDown(RedisTemplateTests.java:85)
Caused by: redis.clients.jedis.exceptions.JedisConnectionException: java.net.ConnectException: Connection refused (Connection refused)
	at org.springframework.data.redis.core.RedisTemplateTests.tearDown(RedisTemplateTests.java:85)
Caused by: java.net.ConnectException: Connection refused (Connection refused)
	at org.springframework.data.redis.core.RedisTemplateTests.tearDown(RedisTemplateTests.java:85)
</error>
  </testcase>
  <testcase name="testSortStore[6]" classname="org.springframework.data.redis.core.RedisTemplateTests" time="0.001">
    <error message="got: &lt;false&gt;, expected: is &lt;true&gt;" type="org.junit.AssumptionViolatedException"><![CDATA[org.junit.AssumptionViolatedException: got: <false>, expected: is <true>
	at org.springframework.data.redis.core.RedisTemplateTests.testSortStore(RedisTemplateTests.java:433)
]]></error>
  </testcase>
  <testcase name="testSortStore[6]" classname="org.springframework.data.redis.core.RedisTemplateTests" time="0.001">
    <error message="Cannot get Jedis connection; nested exception is redis.clients.jedis.exceptions.JedisConnectionException: Could not get a resource from the pool" type="org.springframework.data.redis.RedisConnectionFailureException">org.springframework.data.redis.RedisConnectionFailureException: Cannot get Jedis connection; nested exception is redis.clients.jedis.exceptions.JedisConnectionException: Could not get a resource from the pool
	at org.springframework.data.redis.core.RedisTemplateTests.tearDown(RedisTemplateTests.java:85)
Caused by: redis.clients.jedis.exceptions.JedisConnectionException: Could not get a resource from the pool
	at org.springframework.data.redis.core.RedisTemplateTests.tearDown(RedisTemplateTests.java:85)
Caused by: redis.clients.jedis.exceptions.JedisConnectionException: java.net.ConnectException: Connection refused (Connection refused)
	at org.springframework.data.redis.core.RedisTemplateTests.tearDown(RedisTemplateTests.java:85)
Caused by: java.net.ConnectException: Connection refused (Connection refused)
	at org.springframework.data.redis.core.RedisTemplateTests.tearDown(RedisTemplateTests.java:85)
</error>
  </testcase>
  <testcase name="testGetExpireMillisForKeyDoesNotExist[6]" classname="org.springframework.data.redis.core.RedisTemplateTests" time="0.001">
    <error message="Cannot get Jedis connection; nested exception is redis.clients.jedis.exceptions.JedisConnectionException: Could not get a resource from the pool" type="org.springframework.data.redis.RedisConnectionFailureException">org.springframework.data.redis.RedisConnectionFailureException: Cannot get Jedis connection; nested exception is redis.clients.jedis.exceptions.JedisConnectionException: Could not get a resource from the pool
	at org.springframework.data.redis.core.RedisTemplateTests.testGetExpireMillisForKeyDoesNotExist(RedisTemplateTests.java:501)
Caused by: redis.clients.jedis.exceptions.JedisConnectionException: Could not get a resource from the pool
	at org.springframework.data.redis.core.RedisTemplateTests.testGetExpireMillisForKeyDoesNotExist(RedisTemplateTests.java:501)
Caused by: redis.clients.jedis.exceptions.JedisConnectionException: java.net.ConnectException: Connection refused (Connection refused)
	at org.springframework.data.redis.core.RedisTemplateTests.testGetExpireMillisForKeyDoesNotExist(RedisTemplateTests.java:501)
Caused by: java.net.ConnectException: Connection refused (Connection refused)
	at org.springframework.data.redis.core.RedisTemplateTests.testGetExpireMillisForKeyDoesNotExist(RedisTemplateTests.java:501)
</error>
  </testcase>
  <testcase name="testGetExpireMillisForKeyDoesNotExist[6]" classname="org.springframework.data.redis.core.RedisTemplateTests" time="0.001">
    <error message="Cannot get Jedis connection; nested exception is redis.clients.jedis.exceptions.JedisConnectionException: Could not get a resource from the pool" type="org.springframework.data.redis.RedisConnectionFailureException">org.springframework.data.redis.RedisConnectionFailureException: Cannot get Jedis connection; nested exception is redis.clients.jedis.exceptions.JedisConnectionException: Could not get a resource from the pool
	at org.springframework.data.redis.core.RedisTemplateTests.tearDown(RedisTemplateTests.java:85)
Caused by: redis.clients.jedis.exceptions.JedisConnectionException: Could not get a resource from the pool
	at org.springframework.data.redis.core.RedisTemplateTests.tearDown(RedisTemplateTests.java:85)
Caused by: redis.clients.jedis.exceptions.JedisConnectionException: java.net.ConnectException: Connection refused (Connection refused)
	at org.springframework.data.redis.core.RedisTemplateTests.tearDown(RedisTemplateTests.java:85)
Caused by: java.net.ConnectException: Connection refused (Connection refused)
	at org.springframework.data.redis.core.RedisTemplateTests.tearDown(RedisTemplateTests.java:85)
</error>
  </testcase>
  <testcase name="testExecConversionDisabled[6]" classname="org.springframework.data.redis.core.RedisTemplateTests" time="0.001">
    <error message="Unable to connect to Redis; nested exception is io.lettuce.core.RedisConnectionException: Unable to connect to 127.0.0.1:6379" type="org.springframework.data.redis.RedisConnectionFailureException">org.springframework.data.redis.RedisConnectionFailureException: Unable to connect to Redis; nested exception is io.lettuce.core.RedisConnectionException: Unable to connect to 127.0.0.1:6379
	at org.springframework.data.redis.core.RedisTemplateTests.testExecConversionDisabled(RedisTemplateTests.java:253)
Caused by: io.lettuce.core.RedisConnectionException: Unable to connect to 127.0.0.1:6379
	at org.springframework.data.redis.core.RedisTemplateTests.testExecConversionDisabled(RedisTemplateTests.java:253)
Caused by: io.netty.channel.AbstractChannel$AnnotatedConnectException: syscall:getsockopt(..) failed: Connection refused: /127.0.0.1:6379
Caused by: io.netty.channel.unix.Errors$NativeConnectException: syscall:getsockopt(..) failed: Connection refused
</error>
  </testcase>
  <testcase name="testExecConversionDisabled[6]" classname="org.springframework.data.redis.core.RedisTemplateTests" time="0.001">
    <error message="Cannot get Jedis connection; nested exception is redis.clients.jedis.exceptions.JedisConnectionException: Could not get a resource from the pool" type="org.springframework.data.redis.RedisConnectionFailureException">org.springframework.data.redis.RedisConnectionFailureException: Cannot get Jedis connection; nested exception is redis.clients.jedis.exceptions.JedisConnectionException: Could not get a resource from the pool
	at org.springframework.data.redis.core.RedisTemplateTests.tearDown(RedisTemplateTests.java:85)
Caused by: redis.clients.jedis.exceptions.JedisConnectionException: Could not get a resource from the pool
	at org.springframework.data.redis.core.RedisTemplateTests.tearDown(RedisTemplateTests.java:85)
Caused by: redis.clients.jedis.exceptions.JedisConnectionException: java.net.ConnectException: Connection refused (Connection refused)
	at org.springframework.data.redis.core.RedisTemplateTests.tearDown(RedisTemplateTests.java:85)
Caused by: java.net.ConnectException: Connection refused (Connection refused)
	at org.springframework.data.redis.core.RedisTemplateTests.tearDown(RedisTemplateTests.java:85)
</error>
  </testcase>
  <testcase name="testGetExpireSecondsForKeyExistButHasNoAssociatedExpire[6]" classname="org.springframework.data.redis.core.RedisTemplateTests" time="0.001">
    <error message="Cannot get Jedis connection; nested exception is redis.clients.jedis.exceptions.JedisConnectionException: Could not get a resource from the pool" type="org.springframework.data.redis.RedisConnectionFailureException">org.springframework.data.redis.RedisConnectionFailureException: Cannot get Jedis connection; nested exception is redis.clients.jedis.exceptions.JedisConnectionException: Could not get a resource from the pool
	at org.springframework.data.redis.core.RedisTemplateTests.testGetExpireSecondsForKeyExistButHasNoAssociatedExpire(RedisTemplateTests.java:493)
Caused by: redis.clients.jedis.exceptions.JedisConnectionException: Could not get a resource from the pool
	at org.springframework.data.redis.core.RedisTemplateTests.testGetExpireSecondsForKeyExistButHasNoAssociatedExpire(RedisTemplateTests.java:493)
Caused by: redis.clients.jedis.exceptions.JedisConnectionException: java.net.ConnectException: Connection refused (Connection refused)
	at org.springframework.data.redis.core.RedisTemplateTests.testGetExpireSecondsForKeyExistButHasNoAssociatedExpire(RedisTemplateTests.java:493)
Caused by: java.net.ConnectException: Connection refused (Connection refused)
	at org.springframework.data.redis.core.RedisTemplateTests.testGetExpireSecondsForKeyExistButHasNoAssociatedExpire(RedisTemplateTests.java:493)
</error>
  </testcase>
  <testcase name="testGetExpireSecondsForKeyExistButHasNoAssociatedExpire[6]" classname="org.springframework.data.redis.core.RedisTemplateTests" time="0.002">
    <error message="Cannot get Jedis connection; nested exception is redis.clients.jedis.exceptions.JedisConnectionException: Could not get a resource from the pool" type="org.springframework.data.redis.RedisConnectionFailureException">org.springframework.data.redis.RedisConnectionFailureException: Cannot get Jedis connection; nested exception is redis.clients.jedis.exceptions.JedisConnectionException: Could not get a resource from the pool
	at org.springframework.data.redis.core.RedisTemplateTests.tearDown(RedisTemplateTests.java:85)
Caused by: redis.clients.jedis.exceptions.JedisConnectionException: Could not get a resource from the pool
	at org.springframework.data.redis.core.RedisTemplateTests.tearDown(RedisTemplateTests.java:85)
Caused by: redis.clients.jedis.exceptions.JedisConnectionException: java.net.ConnectException: Connection refused (Connection refused)
	at org.springframework.data.redis.core.RedisTemplateTests.tearDown(RedisTemplateTests.java:85)
Caused by: java.net.ConnectException: Connection refused (Connection refused)
	at org.springframework.data.redis.core.RedisTemplateTests.tearDown(RedisTemplateTests.java:85)
</error>
  </testcase>
  <testcase name="testDumpAndRestoreNoTtl[6]" classname="org.springframework.data.redis.core.RedisTemplateTests" time="0">
    <error message="Could not initialize class org.springframework.data.redis.RedisTestProfileValueSource" type="java.lang.NoClassDefFoundError">java.lang.NoClassDefFoundError: Could not initialize class org.springframework.data.redis.RedisTestProfileValueSource
	at org.springframework.data.redis.core.RedisTemplateTests.testDumpAndRestoreNoTtl(RedisTemplateTests.java:103)
</error>
  </testcase>
  <testcase name="testDumpAndRestoreNoTtl[6]" classname="org.springframework.data.redis.core.RedisTemplateTests" time="0">
    <error message="Cannot get Jedis connection; nested exception is redis.clients.jedis.exceptions.JedisConnectionException: Could not get a resource from the pool" type="org.springframework.data.redis.RedisConnectionFailureException">org.springframework.data.redis.RedisConnectionFailureException: Cannot get Jedis connection; nested exception is redis.clients.jedis.exceptions.JedisConnectionException: Could not get a resource from the pool
	at org.springframework.data.redis.core.RedisTemplateTests.tearDown(RedisTemplateTests.java:85)
Caused by: redis.clients.jedis.exceptions.JedisConnectionException: Could not get a resource from the pool
	at org.springframework.data.redis.core.RedisTemplateTests.tearDown(RedisTemplateTests.java:85)
Caused by: redis.clients.jedis.exceptions.JedisConnectionException: java.net.ConnectException: Connection refused (Connection refused)
	at org.springframework.data.redis.core.RedisTemplateTests.tearDown(RedisTemplateTests.java:85)
Caused by: java.net.ConnectException: Connection refused (Connection refused)
	at org.springframework.data.redis.core.RedisTemplateTests.tearDown(RedisTemplateTests.java:85)
</error>
  </testcase>
  <testcase name="testDiscard[6]" classname="org.springframework.data.redis.core.RedisTemplateTests" time="0.001">
    <error message="Cannot get Jedis connection; nested exception is redis.clients.jedis.exceptions.JedisConnectionException: Could not get a resource from the pool" type="org.springframework.data.redis.RedisConnectionFailureException">org.springframework.data.redis.RedisConnectionFailureException: Cannot get Jedis connection; nested exception is redis.clients.jedis.exceptions.JedisConnectionException: Could not get a resource from the pool
	at org.springframework.data.redis.core.RedisTemplateTests.testDiscard(RedisTemplateTests.java:195)
Caused by: redis.clients.jedis.exceptions.JedisConnectionException: Could not get a resource from the pool
	at org.springframework.data.redis.core.RedisTemplateTests.testDiscard(RedisTemplateTests.java:195)
Caused by: redis.clients.jedis.exceptions.JedisConnectionException: java.net.ConnectException: Connection refused (Connection refused)
	at org.springframework.data.redis.core.RedisTemplateTests.testDiscard(RedisTemplateTests.java:195)
Caused by: java.net.ConnectException: Connection refused (Connection refused)
	at org.springframework.data.redis.core.RedisTemplateTests.testDiscard(RedisTemplateTests.java:195)
</error>
  </testcase>
  <testcase name="testDiscard[6]" classname="org.springframework.data.redis.core.RedisTemplateTests" time="0.002">
    <error message="Cannot get Jedis connection; nested exception is redis.clients.jedis.exceptions.JedisConnectionException: Could not get a resource from the pool" type="org.springframework.data.redis.RedisConnectionFailureException">org.springframework.data.redis.RedisConnectionFailureException: Cannot get Jedis connection; nested exception is redis.clients.jedis.exceptions.JedisConnectionException: Could not get a resource from the pool
	at org.springframework.data.redis.core.RedisTemplateTests.tearDown(RedisTemplateTests.java:85)
Caused by: redis.clients.jedis.exceptions.JedisConnectionException: Could not get a resource from the pool
	at org.springframework.data.redis.core.RedisTemplateTests.tearDown(RedisTemplateTests.java:85)
Caused by: redis.clients.jedis.exceptions.JedisConnectionException: java.net.ConnectException: Connection refused (Connection refused)
	at org.springframework.data.redis.core.RedisTemplateTests.tearDown(RedisTemplateTests.java:85)
Caused by: java.net.ConnectException: Connection refused (Connection refused)
	at org.springframework.data.redis.core.RedisTemplateTests.tearDown(RedisTemplateTests.java:85)
</error>
  </testcase>
  <testcase name="testDelete[6]" classname="org.springframework.data.redis.core.RedisTemplateTests" time="0.001">
    <error message="Cannot get Jedis connection; nested exception is redis.clients.jedis.exceptions.JedisConnectionException: Could not get a resource from the pool" type="org.springframework.data.redis.RedisConnectionFailureException">org.springframework.data.redis.RedisConnectionFailureException: Cannot get Jedis connection; nested exception is redis.clients.jedis.exceptions.JedisConnectionException: Could not get a resource from the pool
	at org.springframework.data.redis.core.RedisTemplateTests.testDelete(RedisTemplateTests.java:391)
Caused by: redis.clients.jedis.exceptions.JedisConnectionException: Could not get a resource from the pool
	at org.springframework.data.redis.core.RedisTemplateTests.testDelete(RedisTemplateTests.java:391)
Caused by: redis.clients.jedis.exceptions.JedisConnectionException: java.net.ConnectException: Connection refused (Connection refused)
	at org.springframework.data.redis.core.RedisTemplateTests.testDelete(RedisTemplateTests.java:391)
Caused by: java.net.ConnectException: Connection refused (Connection refused)
	at org.springframework.data.redis.core.RedisTemplateTests.testDelete(RedisTemplateTests.java:391)
</error>
  </testcase>
  <testcase name="testDelete[6]" classname="org.springframework.data.redis.core.RedisTemplateTests" time="0.001">
    <error message="Cannot get Jedis connection; nested exception is redis.clients.jedis.exceptions.JedisConnectionException: Could not get a resource from the pool" type="org.springframework.data.redis.RedisConnectionFailureException">org.springframework.data.redis.RedisConnectionFailureException: Cannot get Jedis connection; nested exception is redis.clients.jedis.exceptions.JedisConnectionException: Could not get a resource from the pool
	at org.springframework.data.redis.core.RedisTemplateTests.tearDown(RedisTemplateTests.java:85)
Caused by: redis.clients.jedis.exceptions.JedisConnectionException: Could not get a resource from the pool
	at org.springframework.data.redis.core.RedisTemplateTests.tearDown(RedisTemplateTests.java:85)
Caused by: redis.clients.jedis.exceptions.JedisConnectionException: java.net.ConnectException: Connection refused (Connection refused)
	at org.springframework.data.redis.core.RedisTemplateTests.tearDown(RedisTemplateTests.java:85)
Caused by: java.net.ConnectException: Connection refused (Connection refused)
	at org.springframework.data.redis.core.RedisTemplateTests.tearDown(RedisTemplateTests.java:85)
</error>
  </testcase>
  <testcase name="testExecuteScriptCustomSerializers[6]" classname="org.springframework.data.redis.core.RedisTemplateTests" time="0">
    <error message="Could not initialize class org.springframework.data.redis.RedisTestProfileValueSource" type="java.lang.NoClassDefFoundError">java.lang.NoClassDefFoundError: Could not initialize class org.springframework.data.redis.RedisTestProfileValueSource
	at org.springframework.data.redis.core.RedisTemplateTests.testExecuteScriptCustomSerializers(RedisTemplateTests.java:798)
</error>
  </testcase>
  <testcase name="testExecuteScriptCustomSerializers[6]" classname="org.springframework.data.redis.core.RedisTemplateTests" time="0.001">
    <error message="Cannot get Jedis connection; nested exception is redis.clients.jedis.exceptions.JedisConnectionException: Could not get a resource from the pool" type="org.springframework.data.redis.RedisConnectionFailureException">org.springframework.data.redis.RedisConnectionFailureException: Cannot get Jedis connection; nested exception is redis.clients.jedis.exceptions.JedisConnectionException: Could not get a resource from the pool
	at org.springframework.data.redis.core.RedisTemplateTests.tearDown(RedisTemplateTests.java:85)
Caused by: redis.clients.jedis.exceptions.JedisConnectionException: Could not get a resource from the pool
	at org.springframework.data.redis.core.RedisTemplateTests.tearDown(RedisTemplateTests.java:85)
Caused by: redis.clients.jedis.exceptions.JedisConnectionException: java.net.ConnectException: Connection refused (Connection refused)
	at org.springframework.data.redis.core.RedisTemplateTests.tearDown(RedisTemplateTests.java:85)
Caused by: java.net.ConnectException: Connection refused (Connection refused)
	at org.springframework.data.redis.core.RedisTemplateTests.tearDown(RedisTemplateTests.java:85)
</error>
  </testcase>
  <testcase name="testExecutePipelined[6]" classname="org.springframework.data.redis.core.RedisTemplateTests" time="0">
    <error message="Cannot get Jedis connection; nested exception is redis.clients.jedis.exceptions.JedisConnectionException: Could not get a resource from the pool" type="org.springframework.data.redis.RedisConnectionFailureException">org.springframework.data.redis.RedisConnectionFailureException: Cannot get Jedis connection; nested exception is redis.clients.jedis.exceptions.JedisConnectionException: Could not get a resource from the pool
	at org.springframework.data.redis.core.RedisTemplateTests.testExecutePipelined(RedisTemplateTests.java:274)
Caused by: redis.clients.jedis.exceptions.JedisConnectionException: Could not get a resource from the pool
	at org.springframework.data.redis.core.RedisTemplateTests.testExecutePipelined(RedisTemplateTests.java:274)
Caused by: redis.clients.jedis.exceptions.JedisConnectionException: java.net.ConnectException: Connection refused (Connection refused)
	at org.springframework.data.redis.core.RedisTemplateTests.testExecutePipelined(RedisTemplateTests.java:274)
Caused by: java.net.ConnectException: Connection refused (Connection refused)
	at org.springframework.data.redis.core.RedisTemplateTests.testExecutePipelined(RedisTemplateTests.java:274)
</error>
  </testcase>
  <testcase name="testExecutePipelined[6]" classname="org.springframework.data.redis.core.RedisTemplateTests" time="0.001">
    <error message="Cannot get Jedis connection; nested exception is redis.clients.jedis.exceptions.JedisConnectionException: Could not get a resource from the pool" type="org.springframework.data.redis.RedisConnectionFailureException">org.springframework.data.redis.RedisConnectionFailureException: Cannot get Jedis connection; nested exception is redis.clients.jedis.exceptions.JedisConnectionException: Could not get a resource from the pool
	at org.springframework.data.redis.core.RedisTemplateTests.tearDown(RedisTemplateTests.java:85)
Caused by: redis.clients.jedis.exceptions.JedisConnectionException: Could not get a resource from the pool
	at org.springframework.data.redis.core.RedisTemplateTests.tearDown(RedisTemplateTests.java:85)
Caused by: redis.clients.jedis.exceptions.JedisConnectionException: java.net.ConnectException: Connection refused (Connection refused)
	at org.springframework.data.redis.core.RedisTemplateTests.tearDown(RedisTemplateTests.java:85)
Caused by: java.net.ConnectException: Connection refused (Connection refused)
	at org.springframework.data.redis.core.RedisTemplateTests.tearDown(RedisTemplateTests.java:85)
</error>
  </testcase>
  <testcase name="testDeleteMultiple[6]" classname="org.springframework.data.redis.core.RedisTemplateTests" time="0.001">
    <error message="Cannot get Jedis connection; nested exception is redis.clients.jedis.exceptions.JedisConnectionException: Could not get a resource from the pool" type="org.springframework.data.redis.RedisConnectionFailureException">org.springframework.data.redis.RedisConnectionFailureException: Cannot get Jedis connection; nested exception is redis.clients.jedis.exceptions.JedisConnectionException: Could not get a resource from the pool
	at org.springframework.data.redis.core.RedisTemplateTests.testDeleteMultiple(RedisTemplateTests.java:406)
Caused by: redis.clients.jedis.exceptions.JedisConnectionException: Could not get a resource from the pool
	at org.springframework.data.redis.core.RedisTemplateTests.testDeleteMultiple(RedisTemplateTests.java:406)
Caused by: redis.clients.jedis.exceptions.JedisConnectionException: java.net.ConnectException: Connection refused (Connection refused)
	at org.springframework.data.redis.core.RedisTemplateTests.testDeleteMultiple(RedisTemplateTests.java:406)
Caused by: java.net.ConnectException: Connection refused (Connection refused)
	at org.springframework.data.redis.core.RedisTemplateTests.testDeleteMultiple(RedisTemplateTests.java:406)
</error>
  </testcase>
  <testcase name="testDeleteMultiple[6]" classname="org.springframework.data.redis.core.RedisTemplateTests" time="0.001">
    <error message="Cannot get Jedis connection; nested exception is redis.clients.jedis.exceptions.JedisConnectionException: Could not get a resource from the pool" type="org.springframework.data.redis.RedisConnectionFailureException">org.springframework.data.redis.RedisConnectionFailureException: Cannot get Jedis connection; nested exception is redis.clients.jedis.exceptions.JedisConnectionException: Could not get a resource from the pool
	at org.springframework.data.redis.core.RedisTemplateTests.tearDown(RedisTemplateTests.java:85)
Caused by: redis.clients.jedis.exceptions.JedisConnectionException: Could not get a resource from the pool
	at org.springframework.data.redis.core.RedisTemplateTests.tearDown(RedisTemplateTests.java:85)
Caused by: redis.clients.jedis.exceptions.JedisConnectionException: java.net.ConnectException: Connection refused (Connection refused)
	at org.springframework.data.redis.core.RedisTemplateTests.tearDown(RedisTemplateTests.java:85)
Caused by: java.net.ConnectException: Connection refused (Connection refused)
	at org.springframework.data.redis.core.RedisTemplateTests.tearDown(RedisTemplateTests.java:85)
</error>
  </testcase>
  <testcase name="testGetExpireMillisForKeyExistButHasNoAssociatedExpire[6]" classname="org.springframework.data.redis.core.RedisTemplateTests" time="0.001">
    <error message="Cannot get Jedis connection; nested exception is redis.clients.jedis.exceptions.JedisConnectionException: Could not get a resource from the pool" type="org.springframework.data.redis.RedisConnectionFailureException">org.springframework.data.redis.RedisConnectionFailureException: Cannot get Jedis connection; nested exception is redis.clients.jedis.exceptions.JedisConnectionException: Could not get a resource from the pool
	at org.springframework.data.redis.core.RedisTemplateTests.testGetExpireMillisForKeyExistButHasNoAssociatedExpire(RedisTemplateTests.java:510)
Caused by: redis.clients.jedis.exceptions.JedisConnectionException: Could not get a resource from the pool
	at org.springframework.data.redis.core.RedisTemplateTests.testGetExpireMillisForKeyExistButHasNoAssociatedExpire(RedisTemplateTests.java:510)
Caused by: redis.clients.jedis.exceptions.JedisConnectionException: java.net.ConnectException: Connection refused (Connection refused)
	at org.springframework.data.redis.core.RedisTemplateTests.testGetExpireMillisForKeyExistButHasNoAssociatedExpire(RedisTemplateTests.java:510)
Caused by: java.net.ConnectException: Connection refused (Connection refused)
	at org.springframework.data.redis.core.RedisTemplateTests.testGetExpireMillisForKeyExistButHasNoAssociatedExpire(RedisTemplateTests.java:510)
</error>
  </testcase>
  <testcase name="testGetExpireMillisForKeyExistButHasNoAssociatedExpire[6]" classname="org.springframework.data.redis.core.RedisTemplateTests" time="0.001">
    <error message="Cannot get Jedis connection; nested exception is redis.clients.jedis.exceptions.JedisConnectionException: Could not get a resource from the pool" type="org.springframework.data.redis.RedisConnectionFailureException">org.springframework.data.redis.RedisConnectionFailureException: Cannot get Jedis connection; nested exception is redis.clients.jedis.exceptions.JedisConnectionException: Could not get a resource from the pool
	at org.springframework.data.redis.core.RedisTemplateTests.tearDown(RedisTemplateTests.java:85)
Caused by: redis.clients.jedis.exceptions.JedisConnectionException: Could not get a resource from the pool
	at org.springframework.data.redis.core.RedisTemplateTests.tearDown(RedisTemplateTests.java:85)
Caused by: redis.clients.jedis.exceptions.JedisConnectionException: java.net.ConnectException: Connection refused (Connection refused)
	at org.springframework.data.redis.core.RedisTemplateTests.tearDown(RedisTemplateTests.java:85)
Caused by: java.net.ConnectException: Connection refused (Connection refused)
	at org.springframework.data.redis.core.RedisTemplateTests.tearDown(RedisTemplateTests.java:85)
</error>
  </testcase>
  <testcase name="testRename[6]" classname="org.springframework.data.redis.core.RedisTemplateTests" time="0.001">
    <error message="Cannot get Jedis connection; nested exception is redis.clients.jedis.exceptions.JedisConnectionException: Could not get a resource from the pool" type="org.springframework.data.redis.RedisConnectionFailureException">org.springframework.data.redis.RedisConnectionFailureException: Cannot get Jedis connection; nested exception is redis.clients.jedis.exceptions.JedisConnectionException: Could not get a resource from the pool
	at org.springframework.data.redis.core.RedisTemplateTests.testRename(RedisTemplateTests.java:657)
Caused by: redis.clients.jedis.exceptions.JedisConnectionException: Could not get a resource from the pool
	at org.springframework.data.redis.core.RedisTemplateTests.testRename(RedisTemplateTests.java:657)
Caused by: redis.clients.jedis.exceptions.JedisConnectionException: java.net.ConnectException: Connection refused (Connection refused)
	at org.springframework.data.redis.core.RedisTemplateTests.testRename(RedisTemplateTests.java:657)
Caused by: java.net.ConnectException: Connection refused (Connection refused)
	at org.springframework.data.redis.core.RedisTemplateTests.testRename(RedisTemplateTests.java:657)
</error>
  </testcase>
  <testcase name="testRename[6]" classname="org.springframework.data.redis.core.RedisTemplateTests" time="0.001">
    <error message="Cannot get Jedis connection; nested exception is redis.clients.jedis.exceptions.JedisConnectionException: Could not get a resource from the pool" type="org.springframework.data.redis.RedisConnectionFailureException">org.springframework.data.redis.RedisConnectionFailureException: Cannot get Jedis connection; nested exception is redis.clients.jedis.exceptions.JedisConnectionException: Could not get a resource from the pool
	at org.springframework.data.redis.core.RedisTemplateTests.tearDown(RedisTemplateTests.java:85)
Caused by: redis.clients.jedis.exceptions.JedisConnectionException: Could not get a resource from the pool
	at org.springframework.data.redis.core.RedisTemplateTests.tearDown(RedisTemplateTests.java:85)
Caused by: redis.clients.jedis.exceptions.JedisConnectionException: java.net.ConnectException: Connection refused (Connection refused)
	at org.springframework.data.redis.core.RedisTemplateTests.tearDown(RedisTemplateTests.java:85)
Caused by: java.net.ConnectException: Connection refused (Connection refused)
	at org.springframework.data.redis.core.RedisTemplateTests.tearDown(RedisTemplateTests.java:85)
</error>
  </testcase>
  <testcase name="testGetExpireSeconds[6]" classname="org.springframework.data.redis.core.RedisTemplateTests" time="0.001">
    <error message="Cannot get Jedis connection; nested exception is redis.clients.jedis.exceptions.JedisConnectionException: Could not get a resource from the pool" type="org.springframework.data.redis.RedisConnectionFailureException">org.springframework.data.redis.RedisConnectionFailureException: Cannot get Jedis connection; nested exception is redis.clients.jedis.exceptions.JedisConnectionException: Could not get a resource from the pool
	at org.springframework.data.redis.core.RedisTemplateTests.testGetExpireSeconds(RedisTemplateTests.java:477)
Caused by: redis.clients.jedis.exceptions.JedisConnectionException: Could not get a resource from the pool
	at org.springframework.data.redis.core.RedisTemplateTests.testGetExpireSeconds(RedisTemplateTests.java:477)
Caused by: redis.clients.jedis.exceptions.JedisConnectionException: java.net.ConnectException: Connection refused (Connection refused)
	at org.springframework.data.redis.core.RedisTemplateTests.testGetExpireSeconds(RedisTemplateTests.java:477)
Caused by: java.net.ConnectException: Connection refused (Connection refused)
	at org.springframework.data.redis.core.RedisTemplateTests.testGetExpireSeconds(RedisTemplateTests.java:477)
</error>
  </testcase>
  <testcase name="testGetExpireSeconds[6]" classname="org.springframework.data.redis.core.RedisTemplateTests" time="0.002">
    <error message="Cannot get Jedis connection; nested exception is redis.clients.jedis.exceptions.JedisConnectionException: Could not get a resource from the pool" type="org.springframework.data.redis.RedisConnectionFailureException">org.springframework.data.redis.RedisConnectionFailureException: Cannot get Jedis connection; nested exception is redis.clients.jedis.exceptions.JedisConnectionException: Could not get a resource from the pool
	at org.springframework.data.redis.core.RedisTemplateTests.tearDown(RedisTemplateTests.java:85)
Caused by: redis.clients.jedis.exceptions.JedisConnectionException: Could not get a resource from the pool
	at org.springframework.data.redis.core.RedisTemplateTests.tearDown(RedisTemplateTests.java:85)
Caused by: redis.clients.jedis.exceptions.JedisConnectionException: java.net.ConnectException: Connection refused (Connection refused)
	at org.springframework.data.redis.core.RedisTemplateTests.tearDown(RedisTemplateTests.java:85)
Caused by: java.net.ConnectException: Connection refused (Connection refused)
	at org.springframework.data.redis.core.RedisTemplateTests.tearDown(RedisTemplateTests.java:85)
</error>
  </testcase>
  <testcase name="testStringTemplateExecutesWithStringConn[6]" classname="org.springframework.data.redis.core.RedisTemplateTests" time="0">
    <error message="got: &lt;false&gt;, expected: is &lt;true&gt;" type="org.junit.AssumptionViolatedException"><![CDATA[org.junit.AssumptionViolatedException: got: <false>, expected: is <true>
	at org.springframework.data.redis.core.RedisTemplateTests.testStringTemplateExecutesWithStringConn(RedisTemplateTests.java:149)
]]></error>
  </testcase>
  <testcase name="testStringTemplateExecutesWithStringConn[6]" classname="org.springframework.data.redis.core.RedisTemplateTests" time="0">
    <error message="Cannot get Jedis connection; nested exception is redis.clients.jedis.exceptions.JedisConnectionException: Could not get a resource from the pool" type="org.springframework.data.redis.RedisConnectionFailureException">org.springframework.data.redis.RedisConnectionFailureException: Cannot get Jedis connection; nested exception is redis.clients.jedis.exceptions.JedisConnectionException: Could not get a resource from the pool
	at org.springframework.data.redis.core.RedisTemplateTests.tearDown(RedisTemplateTests.java:85)
Caused by: redis.clients.jedis.exceptions.JedisConnectionException: Could not get a resource from the pool
	at org.springframework.data.redis.core.RedisTemplateTests.tearDown(RedisTemplateTests.java:85)
Caused by: redis.clients.jedis.exceptions.JedisConnectionException: java.net.ConnectException: Connection refused (Connection refused)
	at org.springframework.data.redis.core.RedisTemplateTests.tearDown(RedisTemplateTests.java:85)
Caused by: java.net.ConnectException: Connection refused (Connection refused)
	at org.springframework.data.redis.core.RedisTemplateTests.tearDown(RedisTemplateTests.java:85)
</error>
  </testcase>
  <testcase name="testExecutePipelinedWidthDifferentHashKeySerializerAndHashValueSerializer[6]" classname="org.springframework.data.redis.core.RedisTemplateTests" time="0.001">
    <error message="got: &lt;false&gt;, expected: is &lt;true&gt;" type="org.junit.AssumptionViolatedException"><![CDATA[org.junit.AssumptionViolatedException: got: <false>, expected: is <true>
	at org.springframework.data.redis.core.RedisTemplateTests.testExecutePipelinedWidthDifferentHashKeySerializerAndHashValueSerializer(RedisTemplateTests.java:310)
]]></error>
  </testcase>
  <testcase name="testExecutePipelinedWidthDifferentHashKeySerializerAndHashValueSerializer[6]" classname="org.springframework.data.redis.core.RedisTemplateTests" time="0.001">
    <error message="Cannot get Jedis connection; nested exception is redis.clients.jedis.exceptions.JedisConnectionException: Could not get a resource from the pool" type="org.springframework.data.redis.RedisConnectionFailureException">org.springframework.data.redis.RedisConnectionFailureException: Cannot get Jedis connection; nested exception is redis.clients.jedis.exceptions.JedisConnectionException: Could not get a resource from the pool
	at org.springframework.data.redis.core.RedisTemplateTests.tearDown(RedisTemplateTests.java:85)
Caused by: redis.clients.jedis.exceptions.JedisConnectionException: Could not get a resource from the pool
	at org.springframework.data.redis.core.RedisTemplateTests.tearDown(RedisTemplateTests.java:85)
Caused by: redis.clients.jedis.exceptions.JedisConnectionException: java.net.ConnectException: Connection refused (Connection refused)
	at org.springframework.data.redis.core.RedisTemplateTests.tearDown(RedisTemplateTests.java:85)
Caused by: java.net.ConnectException: Connection refused (Connection refused)
	at org.springframework.data.redis.core.RedisTemplateTests.tearDown(RedisTemplateTests.java:85)
</error>
  </testcase>
  <testcase name="testGetExpireNoTimeUnit[6]" classname="org.springframework.data.redis.core.RedisTemplateTests" time="0.001">
    <error message="Cannot get Jedis connection; nested exception is redis.clients.jedis.exceptions.JedisConnectionException: Could not get a resource from the pool" type="org.springframework.data.redis.RedisConnectionFailureException">org.springframework.data.redis.RedisConnectionFailureException: Cannot get Jedis connection; nested exception is redis.clients.jedis.exceptions.JedisConnectionException: Could not get a resource from the pool
	at org.springframework.data.redis.core.RedisTemplateTests.testGetExpireNoTimeUnit(RedisTemplateTests.java:466)
Caused by: redis.clients.jedis.exceptions.JedisConnectionException: Could not get a resource from the pool
	at org.springframework.data.redis.core.RedisTemplateTests.testGetExpireNoTimeUnit(RedisTemplateTests.java:466)
Caused by: redis.clients.jedis.exceptions.JedisConnectionException: java.net.ConnectException: Connection refused (Connection refused)
	at org.springframework.data.redis.core.RedisTemplateTests.testGetExpireNoTimeUnit(RedisTemplateTests.java:466)
Caused by: java.net.ConnectException: Connection refused (Connection refused)
	at org.springframework.data.redis.core.RedisTemplateTests.testGetExpireNoTimeUnit(RedisTemplateTests.java:466)
</error>
  </testcase>
  <testcase name="testGetExpireNoTimeUnit[6]" classname="org.springframework.data.redis.core.RedisTemplateTests" time="0.002">
    <error message="Cannot get Jedis connection; nested exception is redis.clients.jedis.exceptions.JedisConnectionException: Could not get a resource from the pool" type="org.springframework.data.redis.RedisConnectionFailureException">org.springframework.data.redis.RedisConnectionFailureException: Cannot get Jedis connection; nested exception is redis.clients.jedis.exceptions.JedisConnectionException: Could not get a resource from the pool
	at org.springframework.data.redis.core.RedisTemplateTests.tearDown(RedisTemplateTests.java:85)
Caused by: redis.clients.jedis.exceptions.JedisConnectionException: Could not get a resource from the pool
	at org.springframework.data.redis.core.RedisTemplateTests.tearDown(RedisTemplateTests.java:85)
Caused by: redis.clients.jedis.exceptions.JedisConnectionException: java.net.ConnectException: Connection refused (Connection refused)
	at org.springframework.data.redis.core.RedisTemplateTests.tearDown(RedisTemplateTests.java:85)
Caused by: java.net.ConnectException: Connection refused (Connection refused)
	at org.springframework.data.redis.core.RedisTemplateTests.tearDown(RedisTemplateTests.java:85)
</error>
  </testcase>
  <testcase name="countExistingKeysReturnsNumberOfKeysCorrectly[6]" classname="org.springframework.data.redis.core.RedisTemplateTests" time="0.001">
    <error message="Cannot get Jedis connection; nested exception is redis.clients.jedis.exceptions.JedisConnectionException: Could not get a resource from the pool" type="org.springframework.data.redis.RedisConnectionFailureException">org.springframework.data.redis.RedisConnectionFailureException: Cannot get Jedis connection; nested exception is redis.clients.jedis.exceptions.JedisConnectionException: Could not get a resource from the pool
	at org.springframework.data.redis.core.RedisTemplateTests.countExistingKeysReturnsNumberOfKeysCorrectly(RedisTemplateTests.java:820)
Caused by: redis.clients.jedis.exceptions.JedisConnectionException: Could not get a resource from the pool
	at org.springframework.data.redis.core.RedisTemplateTests.countExistingKeysReturnsNumberOfKeysCorrectly(RedisTemplateTests.java:820)
Caused by: redis.clients.jedis.exceptions.JedisConnectionException: java.net.ConnectException: Connection refused (Connection refused)
	at org.springframework.data.redis.core.RedisTemplateTests.countExistingKeysReturnsNumberOfKeysCorrectly(RedisTemplateTests.java:820)
Caused by: java.net.ConnectException: Connection refused (Connection refused)
	at org.springframework.data.redis.core.RedisTemplateTests.countExistingKeysReturnsNumberOfKeysCorrectly(RedisTemplateTests.java:820)
</error>
  </testcase>
  <testcase name="countExistingKeysReturnsNumberOfKeysCorrectly[6]" classname="org.springframework.data.redis.core.RedisTemplateTests" time="0.002">
    <error message="Cannot get Jedis connection; nested exception is redis.clients.jedis.exceptions.JedisConnectionException: Could not get a resource from the pool" type="org.springframework.data.redis.RedisConnectionFailureException">org.springframework.data.redis.RedisConnectionFailureException: Cannot get Jedis connection; nested exception is redis.clients.jedis.exceptions.JedisConnectionException: Could not get a resource from the pool
	at org.springframework.data.redis.core.RedisTemplateTests.tearDown(RedisTemplateTests.java:85)
Caused by: redis.clients.jedis.exceptions.JedisConnectionException: Could not get a resource from the pool
	at org.springframework.data.redis.core.RedisTemplateTests.tearDown(RedisTemplateTests.java:85)
Caused by: redis.clients.jedis.exceptions.JedisConnectionException: java.net.ConnectException: Connection refused (Connection refused)
	at org.springframework.data.redis.core.RedisTemplateTests.tearDown(RedisTemplateTests.java:85)
Caused by: java.net.ConnectException: Connection refused (Connection refused)
	at org.springframework.data.redis.core.RedisTemplateTests.tearDown(RedisTemplateTests.java:85)
</error>
  </testcase>
  <testcase name="testExpireAndGetExpireMillis[6]" classname="org.springframework.data.redis.core.RedisTemplateTests" time="0.001">
    <error message="Cannot get Jedis connection; nested exception is redis.clients.jedis.exceptions.JedisConnectionException: Could not get a resource from the pool" type="org.springframework.data.redis.RedisConnectionFailureException">org.springframework.data.redis.RedisConnectionFailureException: Cannot get Jedis connection; nested exception is redis.clients.jedis.exceptions.JedisConnectionException: Could not get a resource from the pool
	at org.springframework.data.redis.core.RedisTemplateTests.testExpireAndGetExpireMillis(RedisTemplateTests.java:454)
Caused by: redis.clients.jedis.exceptions.JedisConnectionException: Could not get a resource from the pool
	at org.springframework.data.redis.core.RedisTemplateTests.testExpireAndGetExpireMillis(RedisTemplateTests.java:454)
Caused by: redis.clients.jedis.exceptions.JedisConnectionException: java.net.ConnectException: Connection refused (Connection refused)
	at org.springframework.data.redis.core.RedisTemplateTests.testExpireAndGetExpireMillis(RedisTemplateTests.java:454)
Caused by: java.net.ConnectException: Connection refused (Connection refused)
	at org.springframework.data.redis.core.RedisTemplateTests.testExpireAndGetExpireMillis(RedisTemplateTests.java:454)
</error>
  </testcase>
  <testcase name="testExpireAndGetExpireMillis[6]" classname="org.springframework.data.redis.core.RedisTemplateTests" time="0.001">
    <error message="Cannot get Jedis connection; nested exception is redis.clients.jedis.exceptions.JedisConnectionException: Could not get a resource from the pool" type="org.springframework.data.redis.RedisConnectionFailureException">org.springframework.data.redis.RedisConnectionFailureException: Cannot get Jedis connection; nested exception is redis.clients.jedis.exceptions.JedisConnectionException: Could not get a resource from the pool
	at org.springframework.data.redis.core.RedisTemplateTests.tearDown(RedisTemplateTests.java:85)
Caused by: redis.clients.jedis.exceptions.JedisConnectionException: Could not get a resource from the pool
	at org.springframework.data.redis.core.RedisTemplateTests.tearDown(RedisTemplateTests.java:85)
Caused by: redis.clients.jedis.exceptions.JedisConnectionException: java.net.ConnectException: Connection refused (Connection refused)
	at org.springframework.data.redis.core.RedisTemplateTests.tearDown(RedisTemplateTests.java:85)
Caused by: java.net.ConnectException: Connection refused (Connection refused)
	at org.springframework.data.redis.core.RedisTemplateTests.tearDown(RedisTemplateTests.java:85)
</error>
  </testcase>
  <testcase name="testWatchMultipleKeys[6]" classname="org.springframework.data.redis.core.RedisTemplateTests" time="0.001">
    <error message="Cannot get Jedis connection; nested exception is redis.clients.jedis.exceptions.JedisConnectionException: Could not get a resource from the pool" type="org.springframework.data.redis.RedisConnectionFailureException">org.springframework.data.redis.RedisConnectionFailureException: Cannot get Jedis connection; nested exception is redis.clients.jedis.exceptions.JedisConnectionException: Could not get a resource from the pool
	at org.springframework.data.redis.core.RedisTemplateTests.testWatchMultipleKeys(RedisTemplateTests.java:756)
Caused by: redis.clients.jedis.exceptions.JedisConnectionException: Could not get a resource from the pool
	at org.springframework.data.redis.core.RedisTemplateTests.testWatchMultipleKeys(RedisTemplateTests.java:756)
Caused by: redis.clients.jedis.exceptions.JedisConnectionException: java.net.ConnectException: Connection refused (Connection refused)
	at org.springframework.data.redis.core.RedisTemplateTests.testWatchMultipleKeys(RedisTemplateTests.java:756)
Caused by: java.net.ConnectException: Connection refused (Connection refused)
	at org.springframework.data.redis.core.RedisTemplateTests.testWatchMultipleKeys(RedisTemplateTests.java:756)
</error>
  </testcase>
  <testcase name="testWatchMultipleKeys[6]" classname="org.springframework.data.redis.core.RedisTemplateTests" time="0.001">
    <error message="Cannot get Jedis connection; nested exception is redis.clients.jedis.exceptions.JedisConnectionException: Could not get a resource from the pool" type="org.springframework.data.redis.RedisConnectionFailureException">org.springframework.data.redis.RedisConnectionFailureException: Cannot get Jedis connection; nested exception is redis.clients.jedis.exceptions.JedisConnectionException: Could not get a resource from the pool
	at org.springframework.data.redis.core.RedisTemplateTests.tearDown(RedisTemplateTests.java:85)
Caused by: redis.clients.jedis.exceptions.JedisConnectionException: Could not get a resource from the pool
	at org.springframework.data.redis.core.RedisTemplateTests.tearDown(RedisTemplateTests.java:85)
Caused by: redis.clients.jedis.exceptions.JedisConnectionException: java.net.ConnectException: Connection refused (Connection refused)
	at org.springframework.data.redis.core.RedisTemplateTests.tearDown(RedisTemplateTests.java:85)
Caused by: java.net.ConnectException: Connection refused (Connection refused)
	at org.springframework.data.redis.core.RedisTemplateTests.tearDown(RedisTemplateTests.java:85)
</error>
  </testcase>
  <testcase name="testRestoreTtl[7]" classname="org.springframework.data.redis.core.RedisTemplateTests" time="0.001">
    <error message="Could not initialize class org.springframework.data.redis.RedisTestProfileValueSource" type="java.lang.NoClassDefFoundError">java.lang.NoClassDefFoundError: Could not initialize class org.springframework.data.redis.RedisTestProfileValueSource
	at org.springframework.data.redis.core.RedisTemplateTests.testRestoreTtl(RedisTemplateTests.java:116)
</error>
  </testcase>
  <testcase name="testRestoreTtl[7]" classname="org.springframework.data.redis.core.RedisTemplateTests" time="0.001">
    <error message="Cannot get Jedis connection; nested exception is redis.clients.jedis.exceptions.JedisConnectionException: Could not get a resource from the pool" type="org.springframework.data.redis.RedisConnectionFailureException">org.springframework.data.redis.RedisConnectionFailureException: Cannot get Jedis connection; nested exception is redis.clients.jedis.exceptions.JedisConnectionException: Could not get a resource from the pool
	at org.springframework.data.redis.core.RedisTemplateTests.tearDown(RedisTemplateTests.java:85)
Caused by: redis.clients.jedis.exceptions.JedisConnectionException: Could not get a resource from the pool
	at org.springframework.data.redis.core.RedisTemplateTests.tearDown(RedisTemplateTests.java:85)
Caused by: redis.clients.jedis.exceptions.JedisConnectionException: java.net.ConnectException: Connection refused (Connection refused)
	at org.springframework.data.redis.core.RedisTemplateTests.tearDown(RedisTemplateTests.java:85)
Caused by: java.net.ConnectException: Connection refused (Connection refused)
	at org.springframework.data.redis.core.RedisTemplateTests.tearDown(RedisTemplateTests.java:85)
</error>
  </testcase>
  <testcase name="testGetExpireMillis[7]" classname="org.springframework.data.redis.core.RedisTemplateTests" time="0.003">
    <error message="Cannot get Jedis connection; nested exception is redis.clients.jedis.exceptions.JedisConnectionException: Could not get a resource from the pool" type="org.springframework.data.redis.RedisConnectionFailureException">org.springframework.data.redis.RedisConnectionFailureException: Cannot get Jedis connection; nested exception is redis.clients.jedis.exceptions.JedisConnectionException: Could not get a resource from the pool
	at org.springframework.data.redis.core.RedisTemplateTests.testGetExpireMillis(RedisTemplateTests.java:524)
Caused by: redis.clients.jedis.exceptions.JedisConnectionException: Could not get a resource from the pool
	at org.springframework.data.redis.core.RedisTemplateTests.testGetExpireMillis(RedisTemplateTests.java:524)
Caused by: redis.clients.jedis.exceptions.JedisConnectionException: java.net.ConnectException: Connection refused (Connection refused)
	at org.springframework.data.redis.core.RedisTemplateTests.testGetExpireMillis(RedisTemplateTests.java:524)
Caused by: java.net.ConnectException: Connection refused (Connection refused)
	at org.springframework.data.redis.core.RedisTemplateTests.testGetExpireMillis(RedisTemplateTests.java:524)
</error>
  </testcase>
  <testcase name="testGetExpireMillis[7]" classname="org.springframework.data.redis.core.RedisTemplateTests" time="0.004">
    <error message="Cannot get Jedis connection; nested exception is redis.clients.jedis.exceptions.JedisConnectionException: Could not get a resource from the pool" type="org.springframework.data.redis.RedisConnectionFailureException">org.springframework.data.redis.RedisConnectionFailureException: Cannot get Jedis connection; nested exception is redis.clients.jedis.exceptions.JedisConnectionException: Could not get a resource from the pool
	at org.springframework.data.redis.core.RedisTemplateTests.tearDown(RedisTemplateTests.java:85)
Caused by: redis.clients.jedis.exceptions.JedisConnectionException: Could not get a resource from the pool
	at org.springframework.data.redis.core.RedisTemplateTests.tearDown(RedisTemplateTests.java:85)
Caused by: redis.clients.jedis.exceptions.JedisConnectionException: java.net.ConnectException: Connection refused (Connection refused)
	at org.springframework.data.redis.core.RedisTemplateTests.tearDown(RedisTemplateTests.java:85)
Caused by: java.net.ConnectException: Connection refused (Connection refused)
	at org.springframework.data.redis.core.RedisTemplateTests.tearDown(RedisTemplateTests.java:85)
</error>
  </testcase>
  <testcase name="testExecutePipelinedTxCustomSerializer[7]" classname="org.springframework.data.redis.core.RedisTemplateTests" time="0">
    <error message="got: &lt;false&gt;, expected: is &lt;true&gt;" type="org.junit.AssumptionViolatedException"><![CDATA[org.junit.AssumptionViolatedException: got: <false>, expected: is <true>
	at org.springframework.data.redis.core.RedisTemplateTests.testExecutePipelinedTxCustomSerializer(RedisTemplateTests.java:358)
]]></error>
  </testcase>
  <testcase name="testExecutePipelinedTxCustomSerializer[7]" classname="org.springframework.data.redis.core.RedisTemplateTests" time="0.001">
    <error message="Cannot get Jedis connection; nested exception is redis.clients.jedis.exceptions.JedisConnectionException: Could not get a resource from the pool" type="org.springframework.data.redis.RedisConnectionFailureException">org.springframework.data.redis.RedisConnectionFailureException: Cannot get Jedis connection; nested exception is redis.clients.jedis.exceptions.JedisConnectionException: Could not get a resource from the pool
	at org.springframework.data.redis.core.RedisTemplateTests.tearDown(RedisTemplateTests.java:85)
Caused by: redis.clients.jedis.exceptions.JedisConnectionException: Could not get a resource from the pool
	at org.springframework.data.redis.core.RedisTemplateTests.tearDown(RedisTemplateTests.java:85)
Caused by: redis.clients.jedis.exceptions.JedisConnectionException: java.net.ConnectException: Connection refused (Connection refused)
	at org.springframework.data.redis.core.RedisTemplateTests.tearDown(RedisTemplateTests.java:85)
Caused by: java.net.ConnectException: Connection refused (Connection refused)
	at org.springframework.data.redis.core.RedisTemplateTests.tearDown(RedisTemplateTests.java:85)
</error>
  </testcase>
  <testcase name="testExecutePipelinedNonNullRedisCallback[7]" classname="org.springframework.data.redis.core.RedisTemplateTests" time="0">
    <error message="Unexpected exception, expected&lt;org.springframework.dao.InvalidDataAccessApiUsageException&gt; but was&lt;org.springframework.data.redis.RedisConnectionFailureException&gt;" type="java.lang.Exception"><![CDATA[java.lang.Exception: Unexpected exception, expected<org.springframework.dao.InvalidDataAccessApiUsageException> but was<org.springframework.data.redis.RedisConnectionFailureException>
	at org.springframework.data.redis.core.RedisTemplateTests.testExecutePipelinedNonNullRedisCallback(RedisTemplateTests.java:330)
Caused by: redis.clients.jedis.exceptions.JedisConnectionException: Could not get a resource from the pool
	at org.springframework.data.redis.core.RedisTemplateTests.testExecutePipelinedNonNullRedisCallback(RedisTemplateTests.java:330)
Caused by: redis.clients.jedis.exceptions.JedisConnectionException: java.net.ConnectException: Connection refused (Connection refused)
	at org.springframework.data.redis.core.RedisTemplateTests.testExecutePipelinedNonNullRedisCallback(RedisTemplateTests.java:330)
Caused by: java.net.ConnectException: Connection refused (Connection refused)
	at org.springframework.data.redis.core.RedisTemplateTests.testExecutePipelinedNonNullRedisCallback(RedisTemplateTests.java:330)
]]></error>
  </testcase>
  <testcase name="testExecutePipelinedNonNullRedisCallback[7]" classname="org.springframework.data.redis.core.RedisTemplateTests" time="0.001">
    <error message="Cannot get Jedis connection; nested exception is redis.clients.jedis.exceptions.JedisConnectionException: Could not get a resource from the pool" type="org.springframework.data.redis.RedisConnectionFailureException">org.springframework.data.redis.RedisConnectionFailureException: Cannot get Jedis connection; nested exception is redis.clients.jedis.exceptions.JedisConnectionException: Could not get a resource from the pool
	at org.springframework.data.redis.core.RedisTemplateTests.tearDown(RedisTemplateTests.java:85)
Caused by: redis.clients.jedis.exceptions.JedisConnectionException: Could not get a resource from the pool
	at org.springframework.data.redis.core.RedisTemplateTests.tearDown(RedisTemplateTests.java:85)
Caused by: redis.clients.jedis.exceptions.JedisConnectionException: java.net.ConnectException: Connection refused (Connection refused)
	at org.springframework.data.redis.core.RedisTemplateTests.tearDown(RedisTemplateTests.java:85)
Caused by: java.net.ConnectException: Connection refused (Connection refused)
	at org.springframework.data.redis.core.RedisTemplateTests.tearDown(RedisTemplateTests.java:85)
</error>
  </testcase>
  <testcase name="testExecutePipelinedTx[7]" classname="org.springframework.data.redis.core.RedisTemplateTests" time="0">
    <error message="Cannot get Jedis connection; nested exception is redis.clients.jedis.exceptions.JedisConnectionException: Could not get a resource from the pool" type="org.springframework.data.redis.RedisConnectionFailureException">org.springframework.data.redis.RedisConnectionFailureException: Cannot get Jedis connection; nested exception is redis.clients.jedis.exceptions.JedisConnectionException: Could not get a resource from the pool
	at org.springframework.data.redis.core.RedisTemplateTests.testExecutePipelinedTx(RedisTemplateTests.java:338)
Caused by: redis.clients.jedis.exceptions.JedisConnectionException: Could not get a resource from the pool
	at org.springframework.data.redis.core.RedisTemplateTests.testExecutePipelinedTx(RedisTemplateTests.java:338)
Caused by: redis.clients.jedis.exceptions.JedisConnectionException: java.net.ConnectException: Connection refused (Connection refused)
	at org.springframework.data.redis.core.RedisTemplateTests.testExecutePipelinedTx(RedisTemplateTests.java:338)
Caused by: java.net.ConnectException: Connection refused (Connection refused)
	at org.springframework.data.redis.core.RedisTemplateTests.testExecutePipelinedTx(RedisTemplateTests.java:338)
</error>
  </testcase>
  <testcase name="testExecutePipelinedTx[7]" classname="org.springframework.data.redis.core.RedisTemplateTests" time="0.001">
    <error message="Cannot get Jedis connection; nested exception is redis.clients.jedis.exceptions.JedisConnectionException: Could not get a resource from the pool" type="org.springframework.data.redis.RedisConnectionFailureException">org.springframework.data.redis.RedisConnectionFailureException: Cannot get Jedis connection; nested exception is redis.clients.jedis.exceptions.JedisConnectionException: Could not get a resource from the pool
	at org.springframework.data.redis.core.RedisTemplateTests.tearDown(RedisTemplateTests.java:85)
Caused by: redis.clients.jedis.exceptions.JedisConnectionException: Could not get a resource from the pool
	at org.springframework.data.redis.core.RedisTemplateTests.tearDown(RedisTemplateTests.java:85)
Caused by: redis.clients.jedis.exceptions.JedisConnectionException: java.net.ConnectException: Connection refused (Connection refused)
	at org.springframework.data.redis.core.RedisTemplateTests.tearDown(RedisTemplateTests.java:85)
Caused by: java.net.ConnectException: Connection refused (Connection refused)
	at org.springframework.data.redis.core.RedisTemplateTests.tearDown(RedisTemplateTests.java:85)
</error>
  </testcase>
  <testcase name="testGetExpireMillisUsingPipelining[7]" classname="org.springframework.data.redis.core.RedisTemplateTests" time="0.001">
    <error message="Cannot get Jedis connection; nested exception is redis.clients.jedis.exceptions.JedisConnectionException: Could not get a resource from the pool" type="org.springframework.data.redis.RedisConnectionFailureException">org.springframework.data.redis.RedisConnectionFailureException: Cannot get Jedis connection; nested exception is redis.clients.jedis.exceptions.JedisConnectionException: Could not get a resource from the pool
	at org.springframework.data.redis.core.RedisTemplateTests.testGetExpireMillisUsingPipelining(RedisTemplateTests.java:568)
Caused by: redis.clients.jedis.exceptions.JedisConnectionException: Could not get a resource from the pool
	at org.springframework.data.redis.core.RedisTemplateTests.testGetExpireMillisUsingPipelining(RedisTemplateTests.java:568)
Caused by: redis.clients.jedis.exceptions.JedisConnectionException: java.net.ConnectException: Connection refused (Connection refused)
	at org.springframework.data.redis.core.RedisTemplateTests.testGetExpireMillisUsingPipelining(RedisTemplateTests.java:568)
Caused by: java.net.ConnectException: Connection refused (Connection refused)
	at org.springframework.data.redis.core.RedisTemplateTests.testGetExpireMillisUsingPipelining(RedisTemplateTests.java:568)
</error>
  </testcase>
  <testcase name="testGetExpireMillisUsingPipelining[7]" classname="org.springframework.data.redis.core.RedisTemplateTests" time="0.001">
    <error message="Cannot get Jedis connection; nested exception is redis.clients.jedis.exceptions.JedisConnectionException: Could not get a resource from the pool" type="org.springframework.data.redis.RedisConnectionFailureException">org.springframework.data.redis.RedisConnectionFailureException: Cannot get Jedis connection; nested exception is redis.clients.jedis.exceptions.JedisConnectionException: Could not get a resource from the pool
	at org.springframework.data.redis.core.RedisTemplateTests.tearDown(RedisTemplateTests.java:85)
Caused by: redis.clients.jedis.exceptions.JedisConnectionException: Could not get a resource from the pool
	at org.springframework.data.redis.core.RedisTemplateTests.tearDown(RedisTemplateTests.java:85)
Caused by: redis.clients.jedis.exceptions.JedisConnectionException: java.net.ConnectException: Connection refused (Connection refused)
	at org.springframework.data.redis.core.RedisTemplateTests.tearDown(RedisTemplateTests.java:85)
Caused by: java.net.ConnectException: Connection refused (Connection refused)
	at org.springframework.data.redis.core.RedisTemplateTests.tearDown(RedisTemplateTests.java:85)
</error>
  </testcase>
  <testcase name="testSortBulkMapper[7]" classname="org.springframework.data.redis.core.RedisTemplateTests" time="0">
    <error message="got: &lt;false&gt;, expected: is &lt;true&gt;" type="org.junit.AssumptionViolatedException"><![CDATA[org.junit.AssumptionViolatedException: got: <false>, expected: is <true>
	at org.springframework.data.redis.core.RedisTemplateTests.testSortBulkMapper(RedisTemplateTests.java:443)
]]></error>
  </testcase>
  <testcase name="testSortBulkMapper[7]" classname="org.springframework.data.redis.core.RedisTemplateTests" time="0.001">
    <error message="Cannot get Jedis connection; nested exception is redis.clients.jedis.exceptions.JedisConnectionException: Could not get a resource from the pool" type="org.springframework.data.redis.RedisConnectionFailureException">org.springframework.data.redis.RedisConnectionFailureException: Cannot get Jedis connection; nested exception is redis.clients.jedis.exceptions.JedisConnectionException: Could not get a resource from the pool
	at org.springframework.data.redis.core.RedisTemplateTests.tearDown(RedisTemplateTests.java:85)
Caused by: redis.clients.jedis.exceptions.JedisConnectionException: Could not get a resource from the pool
	at org.springframework.data.redis.core.RedisTemplateTests.tearDown(RedisTemplateTests.java:85)
Caused by: redis.clients.jedis.exceptions.JedisConnectionException: java.net.ConnectException: Connection refused (Connection refused)
	at org.springframework.data.redis.core.RedisTemplateTests.tearDown(RedisTemplateTests.java:85)
Caused by: java.net.ConnectException: Connection refused (Connection refused)
	at org.springframework.data.redis.core.RedisTemplateTests.tearDown(RedisTemplateTests.java:85)
</error>
  </testcase>
  <testcase name="testExpireAt[7]" classname="org.springframework.data.redis.core.RedisTemplateTests" time="0">
    <error message="Cannot get Jedis connection; nested exception is redis.clients.jedis.exceptions.JedisConnectionException: Could not get a resource from the pool" type="org.springframework.data.redis.RedisConnectionFailureException">org.springframework.data.redis.RedisConnectionFailureException: Cannot get Jedis connection; nested exception is redis.clients.jedis.exceptions.JedisConnectionException: Could not get a resource from the pool
	at org.springframework.data.redis.core.RedisTemplateTests.testExpireAt(RedisTemplateTests.java:608)
Caused by: redis.clients.jedis.exceptions.JedisConnectionException: Could not get a resource from the pool
	at org.springframework.data.redis.core.RedisTemplateTests.testExpireAt(RedisTemplateTests.java:608)
Caused by: redis.clients.jedis.exceptions.JedisConnectionException: java.net.ConnectException: Connection refused (Connection refused)
	at org.springframework.data.redis.core.RedisTemplateTests.testExpireAt(RedisTemplateTests.java:608)
Caused by: java.net.ConnectException: Connection refused (Connection refused)
	at org.springframework.data.redis.core.RedisTemplateTests.testExpireAt(RedisTemplateTests.java:608)
</error>
  </testcase>
  <testcase name="testExpireAt[7]" classname="org.springframework.data.redis.core.RedisTemplateTests" time="0.001">
    <error message="Cannot get Jedis connection; nested exception is redis.clients.jedis.exceptions.JedisConnectionException: Could not get a resource from the pool" type="org.springframework.data.redis.RedisConnectionFailureException">org.springframework.data.redis.RedisConnectionFailureException: Cannot get Jedis connection; nested exception is redis.clients.jedis.exceptions.JedisConnectionException: Could not get a resource from the pool
	at org.springframework.data.redis.core.RedisTemplateTests.tearDown(RedisTemplateTests.java:85)
Caused by: redis.clients.jedis.exceptions.JedisConnectionException: Could not get a resource from the pool
	at org.springframework.data.redis.core.RedisTemplateTests.tearDown(RedisTemplateTests.java:85)
Caused by: redis.clients.jedis.exceptions.JedisConnectionException: java.net.ConnectException: Connection refused (Connection refused)
	at org.springframework.data.redis.core.RedisTemplateTests.tearDown(RedisTemplateTests.java:85)
Caused by: java.net.ConnectException: Connection refused (Connection refused)
	at org.springframework.data.redis.core.RedisTemplateTests.tearDown(RedisTemplateTests.java:85)
</error>
  </testcase>
  <testcase name="testWatch[7]" classname="org.springframework.data.redis.core.RedisTemplateTests" time="0.001">
    <error message="Cannot get Jedis connection; nested exception is redis.clients.jedis.exceptions.JedisConnectionException: Could not get a resource from the pool" type="org.springframework.data.redis.RedisConnectionFailureException">org.springframework.data.redis.RedisConnectionFailureException: Cannot get Jedis connection; nested exception is redis.clients.jedis.exceptions.JedisConnectionException: Could not get a resource from the pool
	at org.springframework.data.redis.core.RedisTemplateTests.testWatch(RedisTemplateTests.java:686)
Caused by: redis.clients.jedis.exceptions.JedisConnectionException: Could not get a resource from the pool
	at org.springframework.data.redis.core.RedisTemplateTests.testWatch(RedisTemplateTests.java:686)
Caused by: redis.clients.jedis.exceptions.JedisConnectionException: java.net.ConnectException: Connection refused (Connection refused)
	at org.springframework.data.redis.core.RedisTemplateTests.testWatch(RedisTemplateTests.java:686)
Caused by: java.net.ConnectException: Connection refused (Connection refused)
	at org.springframework.data.redis.core.RedisTemplateTests.testWatch(RedisTemplateTests.java:686)
</error>
  </testcase>
  <testcase name="testWatch[7]" classname="org.springframework.data.redis.core.RedisTemplateTests" time="0.001">
    <error message="Cannot get Jedis connection; nested exception is redis.clients.jedis.exceptions.JedisConnectionException: Could not get a resource from the pool" type="org.springframework.data.redis.RedisConnectionFailureException">org.springframework.data.redis.RedisConnectionFailureException: Cannot get Jedis connection; nested exception is redis.clients.jedis.exceptions.JedisConnectionException: Could not get a resource from the pool
	at org.springframework.data.redis.core.RedisTemplateTests.tearDown(RedisTemplateTests.java:85)
Caused by: redis.clients.jedis.exceptions.JedisConnectionException: Could not get a resource from the pool
	at org.springframework.data.redis.core.RedisTemplateTests.tearDown(RedisTemplateTests.java:85)
Caused by: redis.clients.jedis.exceptions.JedisConnectionException: java.net.ConnectException: Connection refused (Connection refused)
	at org.springframework.data.redis.core.RedisTemplateTests.tearDown(RedisTemplateTests.java:85)
Caused by: java.net.ConnectException: Connection refused (Connection refused)
	at org.springframework.data.redis.core.RedisTemplateTests.tearDown(RedisTemplateTests.java:85)
</error>
  </testcase>
  <testcase name="testExec[7]" classname="org.springframework.data.redis.core.RedisTemplateTests" time="0.001">
    <error message="Cannot get Jedis connection; nested exception is redis.clients.jedis.exceptions.JedisConnectionException: Could not get a resource from the pool" type="org.springframework.data.redis.RedisConnectionFailureException">org.springframework.data.redis.RedisConnectionFailureException: Cannot get Jedis connection; nested exception is redis.clients.jedis.exceptions.JedisConnectionException: Could not get a resource from the pool
	at org.springframework.data.redis.core.RedisTemplateTests.testExec(RedisTemplateTests.java:168)
Caused by: redis.clients.jedis.exceptions.JedisConnectionException: Could not get a resource from the pool
	at org.springframework.data.redis.core.RedisTemplateTests.testExec(RedisTemplateTests.java:168)
Caused by: redis.clients.jedis.exceptions.JedisConnectionException: java.net.ConnectException: Connection refused (Connection refused)
	at org.springframework.data.redis.core.RedisTemplateTests.testExec(RedisTemplateTests.java:168)
Caused by: java.net.ConnectException: Connection refused (Connection refused)
	at org.springframework.data.redis.core.RedisTemplateTests.testExec(RedisTemplateTests.java:168)
</error>
  </testcase>
  <testcase name="testExec[7]" classname="org.springframework.data.redis.core.RedisTemplateTests" time="0.001">
    <error message="Cannot get Jedis connection; nested exception is redis.clients.jedis.exceptions.JedisConnectionException: Could not get a resource from the pool" type="org.springframework.data.redis.RedisConnectionFailureException">org.springframework.data.redis.RedisConnectionFailureException: Cannot get Jedis connection; nested exception is redis.clients.jedis.exceptions.JedisConnectionException: Could not get a resource from the pool
	at org.springframework.data.redis.core.RedisTemplateTests.tearDown(RedisTemplateTests.java:85)
Caused by: redis.clients.jedis.exceptions.JedisConnectionException: Could not get a resource from the pool
	at org.springframework.data.redis.core.RedisTemplateTests.tearDown(RedisTemplateTests.java:85)
Caused by: redis.clients.jedis.exceptions.JedisConnectionException: java.net.ConnectException: Connection refused (Connection refused)
	at org.springframework.data.redis.core.RedisTemplateTests.tearDown(RedisTemplateTests.java:85)
Caused by: java.net.ConnectException: Connection refused (Connection refused)
	at org.springframework.data.redis.core.RedisTemplateTests.tearDown(RedisTemplateTests.java:85)
</error>
  </testcase>
  <testcase name="testKeys[7]" classname="org.springframework.data.redis.core.RedisTemplateTests" time="0.001">
    <error message="Cannot get Jedis connection; nested exception is redis.clients.jedis.exceptions.JedisConnectionException: Could not get a resource from the pool" type="org.springframework.data.redis.RedisConnectionFailureException">org.springframework.data.redis.RedisConnectionFailureException: Cannot get Jedis connection; nested exception is redis.clients.jedis.exceptions.JedisConnectionException: Could not get a resource from the pool
	at org.springframework.data.redis.core.RedisTemplateTests.testKeys(RedisTemplateTests.java:134)
Caused by: redis.clients.jedis.exceptions.JedisConnectionException: Could not get a resource from the pool
	at org.springframework.data.redis.core.RedisTemplateTests.testKeys(RedisTemplateTests.java:134)
Caused by: redis.clients.jedis.exceptions.JedisConnectionException: java.net.ConnectException: Connection refused (Connection refused)
	at org.springframework.data.redis.core.RedisTemplateTests.testKeys(RedisTemplateTests.java:134)
Caused by: java.net.ConnectException: Connection refused (Connection refused)
	at org.springframework.data.redis.core.RedisTemplateTests.testKeys(RedisTemplateTests.java:134)
</error>
  </testcase>
  <testcase name="testKeys[7]" classname="org.springframework.data.redis.core.RedisTemplateTests" time="0.001">
    <error message="Cannot get Jedis connection; nested exception is redis.clients.jedis.exceptions.JedisConnectionException: Could not get a resource from the pool" type="org.springframework.data.redis.RedisConnectionFailureException">org.springframework.data.redis.RedisConnectionFailureException: Cannot get Jedis connection; nested exception is redis.clients.jedis.exceptions.JedisConnectionException: Could not get a resource from the pool
	at org.springframework.data.redis.core.RedisTemplateTests.tearDown(RedisTemplateTests.java:85)
Caused by: redis.clients.jedis.exceptions.JedisConnectionException: Could not get a resource from the pool
	at org.springframework.data.redis.core.RedisTemplateTests.tearDown(RedisTemplateTests.java:85)
Caused by: redis.clients.jedis.exceptions.JedisConnectionException: java.net.ConnectException: Connection refused (Connection refused)
	at org.springframework.data.redis.core.RedisTemplateTests.tearDown(RedisTemplateTests.java:85)
Caused by: java.net.ConnectException: Connection refused (Connection refused)
	at org.springframework.data.redis.core.RedisTemplateTests.tearDown(RedisTemplateTests.java:85)
</error>
  </testcase>
  <testcase name="testSort[7]" classname="org.springframework.data.redis.core.RedisTemplateTests" time="0">
    <error message="got: &lt;false&gt;, expected: is &lt;true&gt;" type="org.junit.AssumptionViolatedException"><![CDATA[org.junit.AssumptionViolatedException: got: <false>, expected: is <true>
	at org.springframework.data.redis.core.RedisTemplateTests.testSort(RedisTemplateTests.java:420)
]]></error>
  </testcase>
  <testcase name="testSort[7]" classname="org.springframework.data.redis.core.RedisTemplateTests" time="0.001">
    <error message="Cannot get Jedis connection; nested exception is redis.clients.jedis.exceptions.JedisConnectionException: Could not get a resource from the pool" type="org.springframework.data.redis.RedisConnectionFailureException">org.springframework.data.redis.RedisConnectionFailureException: Cannot get Jedis connection; nested exception is redis.clients.jedis.exceptions.JedisConnectionException: Could not get a resource from the pool
	at org.springframework.data.redis.core.RedisTemplateTests.tearDown(RedisTemplateTests.java:85)
Caused by: redis.clients.jedis.exceptions.JedisConnectionException: Could not get a resource from the pool
	at org.springframework.data.redis.core.RedisTemplateTests.tearDown(RedisTemplateTests.java:85)
Caused by: redis.clients.jedis.exceptions.JedisConnectionException: java.net.ConnectException: Connection refused (Connection refused)
	at org.springframework.data.redis.core.RedisTemplateTests.tearDown(RedisTemplateTests.java:85)
Caused by: java.net.ConnectException: Connection refused (Connection refused)
	at org.springframework.data.redis.core.RedisTemplateTests.tearDown(RedisTemplateTests.java:85)
</error>
  </testcase>
  <testcase name="testType[7]" classname="org.springframework.data.redis.core.RedisTemplateTests" time="0.001">
    <error message="Cannot get Jedis connection; nested exception is redis.clients.jedis.exceptions.JedisConnectionException: Could not get a resource from the pool" type="org.springframework.data.redis.RedisConnectionFailureException">org.springframework.data.redis.RedisConnectionFailureException: Cannot get Jedis connection; nested exception is redis.clients.jedis.exceptions.JedisConnectionException: Could not get a resource from the pool
	at org.springframework.data.redis.core.RedisTemplateTests.testType(RedisTemplateTests.java:676)
Caused by: redis.clients.jedis.exceptions.JedisConnectionException: Could not get a resource from the pool
	at org.springframework.data.redis.core.RedisTemplateTests.testType(RedisTemplateTests.java:676)
Caused by: redis.clients.jedis.exceptions.JedisConnectionException: java.net.ConnectException: Connection refused (Connection refused)
	at org.springframework.data.redis.core.RedisTemplateTests.testType(RedisTemplateTests.java:676)
Caused by: java.net.ConnectException: Connection refused (Connection refused)
	at org.springframework.data.redis.core.RedisTemplateTests.testType(RedisTemplateTests.java:676)
</error>
  </testcase>
  <testcase name="testType[7]" classname="org.springframework.data.redis.core.RedisTemplateTests" time="0.001">
    <error message="Cannot get Jedis connection; nested exception is redis.clients.jedis.exceptions.JedisConnectionException: Could not get a resource from the pool" type="org.springframework.data.redis.RedisConnectionFailureException">org.springframework.data.redis.RedisConnectionFailureException: Cannot get Jedis connection; nested exception is redis.clients.jedis.exceptions.JedisConnectionException: Could not get a resource from the pool
	at org.springframework.data.redis.core.RedisTemplateTests.tearDown(RedisTemplateTests.java:85)
Caused by: redis.clients.jedis.exceptions.JedisConnectionException: Could not get a resource from the pool
	at org.springframework.data.redis.core.RedisTemplateTests.tearDown(RedisTemplateTests.java:85)
Caused by: redis.clients.jedis.exceptions.JedisConnectionException: java.net.ConnectException: Connection refused (Connection refused)
	at org.springframework.data.redis.core.RedisTemplateTests.tearDown(RedisTemplateTests.java:85)
Caused by: java.net.ConnectException: Connection refused (Connection refused)
	at org.springframework.data.redis.core.RedisTemplateTests.tearDown(RedisTemplateTests.java:85)
</error>
  </testcase>
  <testcase name="testPersist[7]" classname="org.springframework.data.redis.core.RedisTemplateTests" time="0">
    <error message="Could not initialize class org.springframework.data.redis.RedisTestProfileValueSource" type="java.lang.NoClassDefFoundError">java.lang.NoClassDefFoundError: Could not initialize class org.springframework.data.redis.RedisTestProfileValueSource
	at org.springframework.data.redis.core.RedisTemplateTests.testPersist(RedisTemplateTests.java:634)
</error>
  </testcase>
  <testcase name="testPersist[7]" classname="org.springframework.data.redis.core.RedisTemplateTests" time="0">
    <error message="Cannot get Jedis connection; nested exception is redis.clients.jedis.exceptions.JedisConnectionException: Could not get a resource from the pool" type="org.springframework.data.redis.RedisConnectionFailureException">org.springframework.data.redis.RedisConnectionFailureException: Cannot get Jedis connection; nested exception is redis.clients.jedis.exceptions.JedisConnectionException: Could not get a resource from the pool
	at org.springframework.data.redis.core.RedisTemplateTests.tearDown(RedisTemplateTests.java:85)
Caused by: redis.clients.jedis.exceptions.JedisConnectionException: Could not get a resource from the pool
	at org.springframework.data.redis.core.RedisTemplateTests.tearDown(RedisTemplateTests.java:85)
Caused by: redis.clients.jedis.exceptions.JedisConnectionException: java.net.ConnectException: Connection refused (Connection refused)
	at org.springframework.data.redis.core.RedisTemplateTests.tearDown(RedisTemplateTests.java:85)
Caused by: java.net.ConnectException: Connection refused (Connection refused)
	at org.springframework.data.redis.core.RedisTemplateTests.tearDown(RedisTemplateTests.java:85)
</error>
  </testcase>
  <testcase name="testRenameIfAbsent[7]" classname="org.springframework.data.redis.core.RedisTemplateTests" time="0.001">
    <error message="Cannot get Jedis connection; nested exception is redis.clients.jedis.exceptions.JedisConnectionException: Could not get a resource from the pool" type="org.springframework.data.redis.RedisConnectionFailureException">org.springframework.data.redis.RedisConnectionFailureException: Cannot get Jedis connection; nested exception is redis.clients.jedis.exceptions.JedisConnectionException: Could not get a resource from the pool
	at org.springframework.data.redis.core.RedisTemplateTests.testRenameIfAbsent(RedisTemplateTests.java:667)
Caused by: redis.clients.jedis.exceptions.JedisConnectionException: Could not get a resource from the pool
	at org.springframework.data.redis.core.RedisTemplateTests.testRenameIfAbsent(RedisTemplateTests.java:667)
Caused by: redis.clients.jedis.exceptions.JedisConnectionException: java.net.ConnectException: Connection refused (Connection refused)
	at org.springframework.data.redis.core.RedisTemplateTests.testRenameIfAbsent(RedisTemplateTests.java:667)
Caused by: java.net.ConnectException: Connection refused (Connection refused)
	at org.springframework.data.redis.core.RedisTemplateTests.testRenameIfAbsent(RedisTemplateTests.java:667)
</error>
  </testcase>
  <testcase name="testRenameIfAbsent[7]" classname="org.springframework.data.redis.core.RedisTemplateTests" time="0.002">
    <error message="Cannot get Jedis connection; nested exception is redis.clients.jedis.exceptions.JedisConnectionException: Could not get a resource from the pool" type="org.springframework.data.redis.RedisConnectionFailureException">org.springframework.data.redis.RedisConnectionFailureException: Cannot get Jedis connection; nested exception is redis.clients.jedis.exceptions.JedisConnectionException: Could not get a resource from the pool
	at org.springframework.data.redis.core.RedisTemplateTests.tearDown(RedisTemplateTests.java:85)
Caused by: redis.clients.jedis.exceptions.JedisConnectionException: Could not get a resource from the pool
	at org.springframework.data.redis.core.RedisTemplateTests.tearDown(RedisTemplateTests.java:85)
Caused by: redis.clients.jedis.exceptions.JedisConnectionException: java.net.ConnectException: Connection refused (Connection refused)
	at org.springframework.data.redis.core.RedisTemplateTests.tearDown(RedisTemplateTests.java:85)
Caused by: java.net.ConnectException: Connection refused (Connection refused)
	at org.springframework.data.redis.core.RedisTemplateTests.tearDown(RedisTemplateTests.java:85)
</error>
  </testcase>
  <testcase name="testUnwatch[7]" classname="org.springframework.data.redis.core.RedisTemplateTests" time="0.001">
    <error message="Cannot get Jedis connection; nested exception is redis.clients.jedis.exceptions.JedisConnectionException: Could not get a resource from the pool" type="org.springframework.data.redis.RedisConnectionFailureException">org.springframework.data.redis.RedisConnectionFailureException: Cannot get Jedis connection; nested exception is redis.clients.jedis.exceptions.JedisConnectionException: Could not get a resource from the pool
	at org.springframework.data.redis.core.RedisTemplateTests.testUnwatch(RedisTemplateTests.java:723)
Caused by: redis.clients.jedis.exceptions.JedisConnectionException: Could not get a resource from the pool
	at org.springframework.data.redis.core.RedisTemplateTests.testUnwatch(RedisTemplateTests.java:723)
Caused by: redis.clients.jedis.exceptions.JedisConnectionException: java.net.ConnectException: Connection refused (Connection refused)
	at org.springframework.data.redis.core.RedisTemplateTests.testUnwatch(RedisTemplateTests.java:723)
Caused by: java.net.ConnectException: Connection refused (Connection refused)
	at org.springframework.data.redis.core.RedisTemplateTests.testUnwatch(RedisTemplateTests.java:723)
</error>
  </testcase>
  <testcase name="testUnwatch[7]" classname="org.springframework.data.redis.core.RedisTemplateTests" time="0.001">
    <error message="Cannot get Jedis connection; nested exception is redis.clients.jedis.exceptions.JedisConnectionException: Could not get a resource from the pool" type="org.springframework.data.redis.RedisConnectionFailureException">org.springframework.data.redis.RedisConnectionFailureException: Cannot get Jedis connection; nested exception is redis.clients.jedis.exceptions.JedisConnectionException: Could not get a resource from the pool
	at org.springframework.data.redis.core.RedisTemplateTests.tearDown(RedisTemplateTests.java:85)
Caused by: redis.clients.jedis.exceptions.JedisConnectionException: Could not get a resource from the pool
	at org.springframework.data.redis.core.RedisTemplateTests.tearDown(RedisTemplateTests.java:85)
Caused by: redis.clients.jedis.exceptions.JedisConnectionException: java.net.ConnectException: Connection refused (Connection refused)
	at org.springframework.data.redis.core.RedisTemplateTests.tearDown(RedisTemplateTests.java:85)
Caused by: java.net.ConnectException: Connection refused (Connection refused)
	at org.springframework.data.redis.core.RedisTemplateTests.tearDown(RedisTemplateTests.java:85)
</error>
  </testcase>
  <testcase name="testGetExpireMillisUsingTransactions[7]" classname="org.springframework.data.redis.core.RedisTemplateTests" time="0.001">
    <error message="Cannot get Jedis connection; nested exception is redis.clients.jedis.exceptions.JedisConnectionException: Could not get a resource from the pool" type="org.springframework.data.redis.RedisConnectionFailureException">org.springframework.data.redis.RedisConnectionFailureException: Cannot get Jedis connection; nested exception is redis.clients.jedis.exceptions.JedisConnectionException: Could not get a resource from the pool
	at org.springframework.data.redis.core.RedisTemplateTests.testGetExpireMillisUsingTransactions(RedisTemplateTests.java:541)
Caused by: redis.clients.jedis.exceptions.JedisConnectionException: Could not get a resource from the pool
	at org.springframework.data.redis.core.RedisTemplateTests.testGetExpireMillisUsingTransactions(RedisTemplateTests.java:541)
Caused by: redis.clients.jedis.exceptions.JedisConnectionException: java.net.ConnectException: Connection refused (Connection refused)
	at org.springframework.data.redis.core.RedisTemplateTests.testGetExpireMillisUsingTransactions(RedisTemplateTests.java:541)
Caused by: java.net.ConnectException: Connection refused (Connection refused)
	at org.springframework.data.redis.core.RedisTemplateTests.testGetExpireMillisUsingTransactions(RedisTemplateTests.java:541)
</error>
  </testcase>
  <testcase name="testGetExpireMillisUsingTransactions[7]" classname="org.springframework.data.redis.core.RedisTemplateTests" time="0.001">
    <error message="Cannot get Jedis connection; nested exception is redis.clients.jedis.exceptions.JedisConnectionException: Could not get a resource from the pool" type="org.springframework.data.redis.RedisConnectionFailureException">org.springframework.data.redis.RedisConnectionFailureException: Cannot get Jedis connection; nested exception is redis.clients.jedis.exceptions.JedisConnectionException: Could not get a resource from the pool
	at org.springframework.data.redis.core.RedisTemplateTests.tearDown(RedisTemplateTests.java:85)
Caused by: redis.clients.jedis.exceptions.JedisConnectionException: Could not get a resource from the pool
	at org.springframework.data.redis.core.RedisTemplateTests.tearDown(RedisTemplateTests.java:85)
Caused by: redis.clients.jedis.exceptions.JedisConnectionException: java.net.ConnectException: Connection refused (Connection refused)
	at org.springframework.data.redis.core.RedisTemplateTests.tearDown(RedisTemplateTests.java:85)
Caused by: java.net.ConnectException: Connection refused (Connection refused)
	at org.springframework.data.redis.core.RedisTemplateTests.tearDown(RedisTemplateTests.java:85)
</error>
  </testcase>
  <testcase name="testExecCustomSerializer[7]" classname="org.springframework.data.redis.core.RedisTemplateTests" time="0.001">
    <error message="got: &lt;false&gt;, expected: is &lt;true&gt;" type="org.junit.AssumptionViolatedException"><![CDATA[org.junit.AssumptionViolatedException: got: <false>, expected: is <true>
	at org.springframework.data.redis.core.RedisTemplateTests.testExecCustomSerializer(RedisTemplateTests.java:210)
]]></error>
  </testcase>
  <testcase name="testExecCustomSerializer[7]" classname="org.springframework.data.redis.core.RedisTemplateTests" time="0.001">
    <error message="Cannot get Jedis connection; nested exception is redis.clients.jedis.exceptions.JedisConnectionException: Could not get a resource from the pool" type="org.springframework.data.redis.RedisConnectionFailureException">org.springframework.data.redis.RedisConnectionFailureException: Cannot get Jedis connection; nested exception is redis.clients.jedis.exceptions.JedisConnectionException: Could not get a resource from the pool
	at org.springframework.data.redis.core.RedisTemplateTests.tearDown(RedisTemplateTests.java:85)
Caused by: redis.clients.jedis.exceptions.JedisConnectionException: Could not get a resource from the pool
	at org.springframework.data.redis.core.RedisTemplateTests.tearDown(RedisTemplateTests.java:85)
Caused by: redis.clients.jedis.exceptions.JedisConnectionException: java.net.ConnectException: Connection refused (Connection refused)
	at org.springframework.data.redis.core.RedisTemplateTests.tearDown(RedisTemplateTests.java:85)
Caused by: java.net.ConnectException: Connection refused (Connection refused)
	at org.springframework.data.redis.core.RedisTemplateTests.tearDown(RedisTemplateTests.java:85)
</error>
  </testcase>
  <testcase name="testExecutePipelinedCustomSerializer[7]" classname="org.springframework.data.redis.core.RedisTemplateTests" time="0">
    <error message="got: &lt;false&gt;, expected: is &lt;true&gt;" type="org.junit.AssumptionViolatedException"><![CDATA[org.junit.AssumptionViolatedException: got: <false>, expected: is <true>
	at org.springframework.data.redis.core.RedisTemplateTests.testExecutePipelinedCustomSerializer(RedisTemplateTests.java:292)
]]></error>
  </testcase>
  <testcase name="testExecutePipelinedCustomSerializer[7]" classname="org.springframework.data.redis.core.RedisTemplateTests" time="0.001">
    <error message="Cannot get Jedis connection; nested exception is redis.clients.jedis.exceptions.JedisConnectionException: Could not get a resource from the pool" type="org.springframework.data.redis.RedisConnectionFailureException">org.springframework.data.redis.RedisConnectionFailureException: Cannot get Jedis connection; nested exception is redis.clients.jedis.exceptions.JedisConnectionException: Could not get a resource from the pool
	at org.springframework.data.redis.core.RedisTemplateTests.tearDown(RedisTemplateTests.java:85)
Caused by: redis.clients.jedis.exceptions.JedisConnectionException: Could not get a resource from the pool
	at org.springframework.data.redis.core.RedisTemplateTests.tearDown(RedisTemplateTests.java:85)
Caused by: redis.clients.jedis.exceptions.JedisConnectionException: java.net.ConnectException: Connection refused (Connection refused)
	at org.springframework.data.redis.core.RedisTemplateTests.tearDown(RedisTemplateTests.java:85)
Caused by: java.net.ConnectException: Connection refused (Connection refused)
	at org.springframework.data.redis.core.RedisTemplateTests.tearDown(RedisTemplateTests.java:85)
</error>
  </testcase>
  <testcase name="testExpireAtMillisNotSupported[7]" classname="org.springframework.data.redis.core.RedisTemplateTests" time="0">
    <error message="Could not initialize class org.springframework.data.redis.RedisTestProfileValueSource" type="java.lang.NoClassDefFoundError">java.lang.NoClassDefFoundError: Could not initialize class org.springframework.data.redis.RedisTestProfileValueSource
	at org.springframework.data.redis.core.RedisTemplateTests.testExpireAtMillisNotSupported(RedisTemplateTests.java:616)
</error>
  </testcase>
  <testcase name="testExpireAtMillisNotSupported[7]" classname="org.springframework.data.redis.core.RedisTemplateTests" time="0">
    <error message="Cannot get Jedis connection; nested exception is redis.clients.jedis.exceptions.JedisConnectionException: Could not get a resource from the pool" type="org.springframework.data.redis.RedisConnectionFailureException">org.springframework.data.redis.RedisConnectionFailureException: Cannot get Jedis connection; nested exception is redis.clients.jedis.exceptions.JedisConnectionException: Could not get a resource from the pool
	at org.springframework.data.redis.core.RedisTemplateTests.tearDown(RedisTemplateTests.java:85)
Caused by: redis.clients.jedis.exceptions.JedisConnectionException: Could not get a resource from the pool
	at org.springframework.data.redis.core.RedisTemplateTests.tearDown(RedisTemplateTests.java:85)
Caused by: redis.clients.jedis.exceptions.JedisConnectionException: java.net.ConnectException: Connection refused (Connection refused)
	at org.springframework.data.redis.core.RedisTemplateTests.tearDown(RedisTemplateTests.java:85)
Caused by: java.net.ConnectException: Connection refused (Connection refused)
	at org.springframework.data.redis.core.RedisTemplateTests.tearDown(RedisTemplateTests.java:85)
</error>
  </testcase>
  <testcase name="testGetExpireSecondsForKeyDoesNotExist[7]" classname="org.springframework.data.redis.core.RedisTemplateTests" time="0.001">
    <error message="Cannot get Jedis connection; nested exception is redis.clients.jedis.exceptions.JedisConnectionException: Could not get a resource from the pool" type="org.springframework.data.redis.RedisConnectionFailureException">org.springframework.data.redis.RedisConnectionFailureException: Cannot get Jedis connection; nested exception is redis.clients.jedis.exceptions.JedisConnectionException: Could not get a resource from the pool
	at org.springframework.data.redis.core.RedisTemplateTests.testGetExpireSecondsForKeyDoesNotExist(RedisTemplateTests.java:485)
Caused by: redis.clients.jedis.exceptions.JedisConnectionException: Could not get a resource from the pool
	at org.springframework.data.redis.core.RedisTemplateTests.testGetExpireSecondsForKeyDoesNotExist(RedisTemplateTests.java:485)
Caused by: redis.clients.jedis.exceptions.JedisConnectionException: java.net.ConnectException: Connection refused (Connection refused)
	at org.springframework.data.redis.core.RedisTemplateTests.testGetExpireSecondsForKeyDoesNotExist(RedisTemplateTests.java:485)
Caused by: java.net.ConnectException: Connection refused (Connection refused)
	at org.springframework.data.redis.core.RedisTemplateTests.testGetExpireSecondsForKeyDoesNotExist(RedisTemplateTests.java:485)
</error>
  </testcase>
  <testcase name="testGetExpireSecondsForKeyDoesNotExist[7]" classname="org.springframework.data.redis.core.RedisTemplateTests" time="0.002">
    <error message="Cannot get Jedis connection; nested exception is redis.clients.jedis.exceptions.JedisConnectionException: Could not get a resource from the pool" type="org.springframework.data.redis.RedisConnectionFailureException">org.springframework.data.redis.RedisConnectionFailureException: Cannot get Jedis connection; nested exception is redis.clients.jedis.exceptions.JedisConnectionException: Could not get a resource from the pool
	at org.springframework.data.redis.core.RedisTemplateTests.tearDown(RedisTemplateTests.java:85)
Caused by: redis.clients.jedis.exceptions.JedisConnectionException: Could not get a resource from the pool
	at org.springframework.data.redis.core.RedisTemplateTests.tearDown(RedisTemplateTests.java:85)
Caused by: redis.clients.jedis.exceptions.JedisConnectionException: java.net.ConnectException: Connection refused (Connection refused)
	at org.springframework.data.redis.core.RedisTemplateTests.tearDown(RedisTemplateTests.java:85)
Caused by: java.net.ConnectException: Connection refused (Connection refused)
	at org.springframework.data.redis.core.RedisTemplateTests.tearDown(RedisTemplateTests.java:85)
</error>
  </testcase>
  <testcase name="testRandomKey[7]" classname="org.springframework.data.redis.core.RedisTemplateTests" time="0.001">
    <error message="Cannot get Jedis connection; nested exception is redis.clients.jedis.exceptions.JedisConnectionException: Could not get a resource from the pool" type="org.springframework.data.redis.RedisConnectionFailureException">org.springframework.data.redis.RedisConnectionFailureException: Cannot get Jedis connection; nested exception is redis.clients.jedis.exceptions.JedisConnectionException: Could not get a resource from the pool
	at org.springframework.data.redis.core.RedisTemplateTests.testRandomKey(RedisTemplateTests.java:648)
Caused by: redis.clients.jedis.exceptions.JedisConnectionException: Could not get a resource from the pool
	at org.springframework.data.redis.core.RedisTemplateTests.testRandomKey(RedisTemplateTests.java:648)
Caused by: redis.clients.jedis.exceptions.JedisConnectionException: java.net.ConnectException: Connection refused (Connection refused)
	at org.springframework.data.redis.core.RedisTemplateTests.testRandomKey(RedisTemplateTests.java:648)
Caused by: java.net.ConnectException: Connection refused (Connection refused)
	at org.springframework.data.redis.core.RedisTemplateTests.testRandomKey(RedisTemplateTests.java:648)
</error>
  </testcase>
  <testcase name="testRandomKey[7]" classname="org.springframework.data.redis.core.RedisTemplateTests" time="0.001">
    <error message="Cannot get Jedis connection; nested exception is redis.clients.jedis.exceptions.JedisConnectionException: Could not get a resource from the pool" type="org.springframework.data.redis.RedisConnectionFailureException">org.springframework.data.redis.RedisConnectionFailureException: Cannot get Jedis connection; nested exception is redis.clients.jedis.exceptions.JedisConnectionException: Could not get a resource from the pool
	at org.springframework.data.redis.core.RedisTemplateTests.tearDown(RedisTemplateTests.java:85)
Caused by: redis.clients.jedis.exceptions.JedisConnectionException: Could not get a resource from the pool
	at org.springframework.data.redis.core.RedisTemplateTests.tearDown(RedisTemplateTests.java:85)
Caused by: redis.clients.jedis.exceptions.JedisConnectionException: java.net.ConnectException: Connection refused (Connection refused)
	at org.springframework.data.redis.core.RedisTemplateTests.tearDown(RedisTemplateTests.java:85)
Caused by: java.net.ConnectException: Connection refused (Connection refused)
	at org.springframework.data.redis.core.RedisTemplateTests.tearDown(RedisTemplateTests.java:85)
</error>
  </testcase>
  <testcase name="clientListShouldReturnCorrectly[7]" classname="org.springframework.data.redis.core.RedisTemplateTests" time="0.001">
    <error message="Cannot get Jedis connection; nested exception is redis.clients.jedis.exceptions.JedisConnectionException: Could not get a resource from the pool" type="org.springframework.data.redis.RedisConnectionFailureException">org.springframework.data.redis.RedisConnectionFailureException: Cannot get Jedis connection; nested exception is redis.clients.jedis.exceptions.JedisConnectionException: Could not get a resource from the pool
	at org.springframework.data.redis.core.RedisTemplateTests.clientListShouldReturnCorrectly(RedisTemplateTests.java:809)
Caused by: redis.clients.jedis.exceptions.JedisConnectionException: Could not get a resource from the pool
	at org.springframework.data.redis.core.RedisTemplateTests.clientListShouldReturnCorrectly(RedisTemplateTests.java:809)
Caused by: redis.clients.jedis.exceptions.JedisConnectionException: java.net.ConnectException: Connection refused (Connection refused)
	at org.springframework.data.redis.core.RedisTemplateTests.clientListShouldReturnCorrectly(RedisTemplateTests.java:809)
Caused by: java.net.ConnectException: Connection refused (Connection refused)
	at org.springframework.data.redis.core.RedisTemplateTests.clientListShouldReturnCorrectly(RedisTemplateTests.java:809)
</error>
  </testcase>
  <testcase name="clientListShouldReturnCorrectly[7]" classname="org.springframework.data.redis.core.RedisTemplateTests" time="0.001">
    <error message="Cannot get Jedis connection; nested exception is redis.clients.jedis.exceptions.JedisConnectionException: Could not get a resource from the pool" type="org.springframework.data.redis.RedisConnectionFailureException">org.springframework.data.redis.RedisConnectionFailureException: Cannot get Jedis connection; nested exception is redis.clients.jedis.exceptions.JedisConnectionException: Could not get a resource from the pool
	at org.springframework.data.redis.core.RedisTemplateTests.tearDown(RedisTemplateTests.java:85)
Caused by: redis.clients.jedis.exceptions.JedisConnectionException: Could not get a resource from the pool
	at org.springframework.data.redis.core.RedisTemplateTests.tearDown(RedisTemplateTests.java:85)
Caused by: redis.clients.jedis.exceptions.JedisConnectionException: java.net.ConnectException: Connection refused (Connection refused)
	at org.springframework.data.redis.core.RedisTemplateTests.tearDown(RedisTemplateTests.java:85)
Caused by: java.net.ConnectException: Connection refused (Connection refused)
	at org.springframework.data.redis.core.RedisTemplateTests.tearDown(RedisTemplateTests.java:85)
</error>
  </testcase>
  <testcase name="testExecutePipelinedNonNullSessionCallback[7]" classname="org.springframework.data.redis.core.RedisTemplateTests" time="0.001">
    <error message="Unexpected exception, expected&lt;org.springframework.dao.InvalidDataAccessApiUsageException&gt; but was&lt;org.springframework.data.redis.RedisConnectionFailureException&gt;" type="java.lang.Exception"><![CDATA[java.lang.Exception: Unexpected exception, expected<org.springframework.dao.InvalidDataAccessApiUsageException> but was<org.springframework.data.redis.RedisConnectionFailureException>
	at org.springframework.data.redis.core.RedisTemplateTests.testExecutePipelinedNonNullSessionCallback(RedisTemplateTests.java:377)
Caused by: redis.clients.jedis.exceptions.JedisConnectionException: Could not get a resource from the pool
	at org.springframework.data.redis.core.RedisTemplateTests.testExecutePipelinedNonNullSessionCallback(RedisTemplateTests.java:377)
Caused by: redis.clients.jedis.exceptions.JedisConnectionException: java.net.ConnectException: Connection refused (Connection refused)
	at org.springframework.data.redis.core.RedisTemplateTests.testExecutePipelinedNonNullSessionCallback(RedisTemplateTests.java:377)
Caused by: java.net.ConnectException: Connection refused (Connection refused)
	at org.springframework.data.redis.core.RedisTemplateTests.testExecutePipelinedNonNullSessionCallback(RedisTemplateTests.java:377)
]]></error>
  </testcase>
  <testcase name="testExecutePipelinedNonNullSessionCallback[7]" classname="org.springframework.data.redis.core.RedisTemplateTests" time="0.001">
    <error message="Cannot get Jedis connection; nested exception is redis.clients.jedis.exceptions.JedisConnectionException: Could not get a resource from the pool" type="org.springframework.data.redis.RedisConnectionFailureException">org.springframework.data.redis.RedisConnectionFailureException: Cannot get Jedis connection; nested exception is redis.clients.jedis.exceptions.JedisConnectionException: Could not get a resource from the pool
	at org.springframework.data.redis.core.RedisTemplateTests.tearDown(RedisTemplateTests.java:85)
Caused by: redis.clients.jedis.exceptions.JedisConnectionException: Could not get a resource from the pool
	at org.springframework.data.redis.core.RedisTemplateTests.tearDown(RedisTemplateTests.java:85)
Caused by: redis.clients.jedis.exceptions.JedisConnectionException: java.net.ConnectException: Connection refused (Connection refused)
	at org.springframework.data.redis.core.RedisTemplateTests.tearDown(RedisTemplateTests.java:85)
Caused by: java.net.ConnectException: Connection refused (Connection refused)
	at org.springframework.data.redis.core.RedisTemplateTests.tearDown(RedisTemplateTests.java:85)
</error>
  </testcase>
  <testcase name="testConvertAndSend[7]" classname="org.springframework.data.redis.core.RedisTemplateTests" time="0.001">
    <error message="Cannot get Jedis connection; nested exception is redis.clients.jedis.exceptions.JedisConnectionException: Could not get a resource from the pool" type="org.springframework.data.redis.RedisConnectionFailureException">org.springframework.data.redis.RedisConnectionFailureException: Cannot get Jedis connection; nested exception is redis.clients.jedis.exceptions.JedisConnectionException: Could not get a resource from the pool
	at org.springframework.data.redis.core.RedisTemplateTests.testConvertAndSend(RedisTemplateTests.java:793)
Caused by: redis.clients.jedis.exceptions.JedisConnectionException: Could not get a resource from the pool
	at org.springframework.data.redis.core.RedisTemplateTests.testConvertAndSend(RedisTemplateTests.java:793)
Caused by: redis.clients.jedis.exceptions.JedisConnectionException: java.net.ConnectException: Connection refused (Connection refused)
	at org.springframework.data.redis.core.RedisTemplateTests.testConvertAndSend(RedisTemplateTests.java:793)
Caused by: java.net.ConnectException: Connection refused (Connection refused)
	at org.springframework.data.redis.core.RedisTemplateTests.testConvertAndSend(RedisTemplateTests.java:793)
</error>
  </testcase>
  <testcase name="testConvertAndSend[7]" classname="org.springframework.data.redis.core.RedisTemplateTests" time="0.001">
    <error message="Cannot get Jedis connection; nested exception is redis.clients.jedis.exceptions.JedisConnectionException: Could not get a resource from the pool" type="org.springframework.data.redis.RedisConnectionFailureException">org.springframework.data.redis.RedisConnectionFailureException: Cannot get Jedis connection; nested exception is redis.clients.jedis.exceptions.JedisConnectionException: Could not get a resource from the pool
	at org.springframework.data.redis.core.RedisTemplateTests.tearDown(RedisTemplateTests.java:85)
Caused by: redis.clients.jedis.exceptions.JedisConnectionException: Could not get a resource from the pool
	at org.springframework.data.redis.core.RedisTemplateTests.tearDown(RedisTemplateTests.java:85)
Caused by: redis.clients.jedis.exceptions.JedisConnectionException: java.net.ConnectException: Connection refused (Connection refused)
	at org.springframework.data.redis.core.RedisTemplateTests.tearDown(RedisTemplateTests.java:85)
Caused by: java.net.ConnectException: Connection refused (Connection refused)
	at org.springframework.data.redis.core.RedisTemplateTests.tearDown(RedisTemplateTests.java:85)
</error>
  </testcase>
  <testcase name="testGetExpireMillisNotSupported[7]" classname="org.springframework.data.redis.core.RedisTemplateTests" time="0.001">
    <error message="got: &lt;false&gt;, expected: is &lt;true&gt;" type="org.junit.AssumptionViolatedException"><![CDATA[org.junit.AssumptionViolatedException: got: <false>, expected: is <true>
	at org.springframework.data.redis.core.RedisTemplateTests.testGetExpireMillisNotSupported(RedisTemplateTests.java:594)
]]></error>
  </testcase>
  <testcase name="testGetExpireMillisNotSupported[7]" classname="org.springframework.data.redis.core.RedisTemplateTests" time="0.001">
    <error message="Cannot get Jedis connection; nested exception is redis.clients.jedis.exceptions.JedisConnectionException: Could not get a resource from the pool" type="org.springframework.data.redis.RedisConnectionFailureException">org.springframework.data.redis.RedisConnectionFailureException: Cannot get Jedis connection; nested exception is redis.clients.jedis.exceptions.JedisConnectionException: Could not get a resource from the pool
	at org.springframework.data.redis.core.RedisTemplateTests.tearDown(RedisTemplateTests.java:85)
Caused by: redis.clients.jedis.exceptions.JedisConnectionException: Could not get a resource from the pool
	at org.springframework.data.redis.core.RedisTemplateTests.tearDown(RedisTemplateTests.java:85)
Caused by: redis.clients.jedis.exceptions.JedisConnectionException: java.net.ConnectException: Connection refused (Connection refused)
	at org.springframework.data.redis.core.RedisTemplateTests.tearDown(RedisTemplateTests.java:85)
Caused by: java.net.ConnectException: Connection refused (Connection refused)
	at org.springframework.data.redis.core.RedisTemplateTests.tearDown(RedisTemplateTests.java:85)
</error>
  </testcase>
  <testcase name="testTemplateNotInitialized[7]" classname="org.springframework.data.redis.core.RedisTemplateTests" time="0.001">
    <error message="Cannot get Jedis connection; nested exception is redis.clients.jedis.exceptions.JedisConnectionException: Could not get a resource from the pool" type="org.springframework.data.redis.RedisConnectionFailureException">org.springframework.data.redis.RedisConnectionFailureException: Cannot get Jedis connection; nested exception is redis.clients.jedis.exceptions.JedisConnectionException: Could not get a resource from the pool
	at org.springframework.data.redis.core.RedisTemplateTests.tearDown(RedisTemplateTests.java:85)
Caused by: redis.clients.jedis.exceptions.JedisConnectionException: Could not get a resource from the pool
	at org.springframework.data.redis.core.RedisTemplateTests.tearDown(RedisTemplateTests.java:85)
Caused by: redis.clients.jedis.exceptions.JedisConnectionException: java.net.ConnectException: Connection refused (Connection refused)
	at org.springframework.data.redis.core.RedisTemplateTests.tearDown(RedisTemplateTests.java:85)
Caused by: java.net.ConnectException: Connection refused (Connection refused)
	at org.springframework.data.redis.core.RedisTemplateTests.tearDown(RedisTemplateTests.java:85)
</error>
  </testcase>
  <testcase name="testSortStore[7]" classname="org.springframework.data.redis.core.RedisTemplateTests" time="0">
    <error message="got: &lt;false&gt;, expected: is &lt;true&gt;" type="org.junit.AssumptionViolatedException"><![CDATA[org.junit.AssumptionViolatedException: got: <false>, expected: is <true>
	at org.springframework.data.redis.core.RedisTemplateTests.testSortStore(RedisTemplateTests.java:433)
]]></error>
  </testcase>
  <testcase name="testSortStore[7]" classname="org.springframework.data.redis.core.RedisTemplateTests" time="0.001">
    <error message="Cannot get Jedis connection; nested exception is redis.clients.jedis.exceptions.JedisConnectionException: Could not get a resource from the pool" type="org.springframework.data.redis.RedisConnectionFailureException">org.springframework.data.redis.RedisConnectionFailureException: Cannot get Jedis connection; nested exception is redis.clients.jedis.exceptions.JedisConnectionException: Could not get a resource from the pool
	at org.springframework.data.redis.core.RedisTemplateTests.tearDown(RedisTemplateTests.java:85)
Caused by: redis.clients.jedis.exceptions.JedisConnectionException: Could not get a resource from the pool
	at org.springframework.data.redis.core.RedisTemplateTests.tearDown(RedisTemplateTests.java:85)
Caused by: redis.clients.jedis.exceptions.JedisConnectionException: java.net.ConnectException: Connection refused (Connection refused)
	at org.springframework.data.redis.core.RedisTemplateTests.tearDown(RedisTemplateTests.java:85)
Caused by: java.net.ConnectException: Connection refused (Connection refused)
	at org.springframework.data.redis.core.RedisTemplateTests.tearDown(RedisTemplateTests.java:85)
</error>
  </testcase>
  <testcase name="testGetExpireMillisForKeyDoesNotExist[7]" classname="org.springframework.data.redis.core.RedisTemplateTests" time="0">
    <error message="Cannot get Jedis connection; nested exception is redis.clients.jedis.exceptions.JedisConnectionException: Could not get a resource from the pool" type="org.springframework.data.redis.RedisConnectionFailureException">org.springframework.data.redis.RedisConnectionFailureException: Cannot get Jedis connection; nested exception is redis.clients.jedis.exceptions.JedisConnectionException: Could not get a resource from the pool
	at org.springframework.data.redis.core.RedisTemplateTests.testGetExpireMillisForKeyDoesNotExist(RedisTemplateTests.java:501)
Caused by: redis.clients.jedis.exceptions.JedisConnectionException: Could not get a resource from the pool
	at org.springframework.data.redis.core.RedisTemplateTests.testGetExpireMillisForKeyDoesNotExist(RedisTemplateTests.java:501)
Caused by: redis.clients.jedis.exceptions.JedisConnectionException: java.net.ConnectException: Connection refused (Connection refused)
	at org.springframework.data.redis.core.RedisTemplateTests.testGetExpireMillisForKeyDoesNotExist(RedisTemplateTests.java:501)
Caused by: java.net.ConnectException: Connection refused (Connection refused)
	at org.springframework.data.redis.core.RedisTemplateTests.testGetExpireMillisForKeyDoesNotExist(RedisTemplateTests.java:501)
</error>
  </testcase>
  <testcase name="testGetExpireMillisForKeyDoesNotExist[7]" classname="org.springframework.data.redis.core.RedisTemplateTests" time="0.001">
    <error message="Cannot get Jedis connection; nested exception is redis.clients.jedis.exceptions.JedisConnectionException: Could not get a resource from the pool" type="org.springframework.data.redis.RedisConnectionFailureException">org.springframework.data.redis.RedisConnectionFailureException: Cannot get Jedis connection; nested exception is redis.clients.jedis.exceptions.JedisConnectionException: Could not get a resource from the pool
	at org.springframework.data.redis.core.RedisTemplateTests.tearDown(RedisTemplateTests.java:85)
Caused by: redis.clients.jedis.exceptions.JedisConnectionException: Could not get a resource from the pool
	at org.springframework.data.redis.core.RedisTemplateTests.tearDown(RedisTemplateTests.java:85)
Caused by: redis.clients.jedis.exceptions.JedisConnectionException: java.net.ConnectException: Connection refused (Connection refused)
	at org.springframework.data.redis.core.RedisTemplateTests.tearDown(RedisTemplateTests.java:85)
Caused by: java.net.ConnectException: Connection refused (Connection refused)
	at org.springframework.data.redis.core.RedisTemplateTests.tearDown(RedisTemplateTests.java:85)
</error>
  </testcase>
  <testcase name="testExecConversionDisabled[7]" classname="org.springframework.data.redis.core.RedisTemplateTests" time="0.001">
    <error message="Unable to connect to Redis; nested exception is io.lettuce.core.RedisConnectionException: Unable to connect to 127.0.0.1:6379" type="org.springframework.data.redis.RedisConnectionFailureException">org.springframework.data.redis.RedisConnectionFailureException: Unable to connect to Redis; nested exception is io.lettuce.core.RedisConnectionException: Unable to connect to 127.0.0.1:6379
	at org.springframework.data.redis.core.RedisTemplateTests.testExecConversionDisabled(RedisTemplateTests.java:253)
Caused by: io.lettuce.core.RedisConnectionException: Unable to connect to 127.0.0.1:6379
	at org.springframework.data.redis.core.RedisTemplateTests.testExecConversionDisabled(RedisTemplateTests.java:253)
Caused by: io.netty.channel.AbstractChannel$AnnotatedConnectException: syscall:getsockopt(..) failed: Connection refused: /127.0.0.1:6379
Caused by: io.netty.channel.unix.Errors$NativeConnectException: syscall:getsockopt(..) failed: Connection refused
</error>
  </testcase>
  <testcase name="testExecConversionDisabled[7]" classname="org.springframework.data.redis.core.RedisTemplateTests" time="0.002">
    <error message="Cannot get Jedis connection; nested exception is redis.clients.jedis.exceptions.JedisConnectionException: Could not get a resource from the pool" type="org.springframework.data.redis.RedisConnectionFailureException">org.springframework.data.redis.RedisConnectionFailureException: Cannot get Jedis connection; nested exception is redis.clients.jedis.exceptions.JedisConnectionException: Could not get a resource from the pool
	at org.springframework.data.redis.core.RedisTemplateTests.tearDown(RedisTemplateTests.java:85)
Caused by: redis.clients.jedis.exceptions.JedisConnectionException: Could not get a resource from the pool
	at org.springframework.data.redis.core.RedisTemplateTests.tearDown(RedisTemplateTests.java:85)
Caused by: redis.clients.jedis.exceptions.JedisConnectionException: java.net.ConnectException: Connection refused (Connection refused)
	at org.springframework.data.redis.core.RedisTemplateTests.tearDown(RedisTemplateTests.java:85)
Caused by: java.net.ConnectException: Connection refused (Connection refused)
	at org.springframework.data.redis.core.RedisTemplateTests.tearDown(RedisTemplateTests.java:85)
</error>
  </testcase>
  <testcase name="testGetExpireSecondsForKeyExistButHasNoAssociatedExpire[7]" classname="org.springframework.data.redis.core.RedisTemplateTests" time="0.001">
    <error message="Cannot get Jedis connection; nested exception is redis.clients.jedis.exceptions.JedisConnectionException: Could not get a resource from the pool" type="org.springframework.data.redis.RedisConnectionFailureException">org.springframework.data.redis.RedisConnectionFailureException: Cannot get Jedis connection; nested exception is redis.clients.jedis.exceptions.JedisConnectionException: Could not get a resource from the pool
	at org.springframework.data.redis.core.RedisTemplateTests.testGetExpireSecondsForKeyExistButHasNoAssociatedExpire(RedisTemplateTests.java:493)
Caused by: redis.clients.jedis.exceptions.JedisConnectionException: Could not get a resource from the pool
	at org.springframework.data.redis.core.RedisTemplateTests.testGetExpireSecondsForKeyExistButHasNoAssociatedExpire(RedisTemplateTests.java:493)
Caused by: redis.clients.jedis.exceptions.JedisConnectionException: java.net.ConnectException: Connection refused (Connection refused)
	at org.springframework.data.redis.core.RedisTemplateTests.testGetExpireSecondsForKeyExistButHasNoAssociatedExpire(RedisTemplateTests.java:493)
Caused by: java.net.ConnectException: Connection refused (Connection refused)
	at org.springframework.data.redis.core.RedisTemplateTests.testGetExpireSecondsForKeyExistButHasNoAssociatedExpire(RedisTemplateTests.java:493)
</error>
  </testcase>
  <testcase name="testGetExpireSecondsForKeyExistButHasNoAssociatedExpire[7]" classname="org.springframework.data.redis.core.RedisTemplateTests" time="0.001">
    <error message="Cannot get Jedis connection; nested exception is redis.clients.jedis.exceptions.JedisConnectionException: Could not get a resource from the pool" type="org.springframework.data.redis.RedisConnectionFailureException">org.springframework.data.redis.RedisConnectionFailureException: Cannot get Jedis connection; nested exception is redis.clients.jedis.exceptions.JedisConnectionException: Could not get a resource from the pool
	at org.springframework.data.redis.core.RedisTemplateTests.tearDown(RedisTemplateTests.java:85)
Caused by: redis.clients.jedis.exceptions.JedisConnectionException: Could not get a resource from the pool
	at org.springframework.data.redis.core.RedisTemplateTests.tearDown(RedisTemplateTests.java:85)
Caused by: redis.clients.jedis.exceptions.JedisConnectionException: java.net.ConnectException: Connection refused (Connection refused)
	at org.springframework.data.redis.core.RedisTemplateTests.tearDown(RedisTemplateTests.java:85)
Caused by: java.net.ConnectException: Connection refused (Connection refused)
	at org.springframework.data.redis.core.RedisTemplateTests.tearDown(RedisTemplateTests.java:85)
</error>
  </testcase>
  <testcase name="testDumpAndRestoreNoTtl[7]" classname="org.springframework.data.redis.core.RedisTemplateTests" time="0">
    <error message="Could not initialize class org.springframework.data.redis.RedisTestProfileValueSource" type="java.lang.NoClassDefFoundError">java.lang.NoClassDefFoundError: Could not initialize class org.springframework.data.redis.RedisTestProfileValueSource
	at org.springframework.data.redis.core.RedisTemplateTests.testDumpAndRestoreNoTtl(RedisTemplateTests.java:103)
</error>
  </testcase>
  <testcase name="testDumpAndRestoreNoTtl[7]" classname="org.springframework.data.redis.core.RedisTemplateTests" time="0.001">
    <error message="Cannot get Jedis connection; nested exception is redis.clients.jedis.exceptions.JedisConnectionException: Could not get a resource from the pool" type="org.springframework.data.redis.RedisConnectionFailureException">org.springframework.data.redis.RedisConnectionFailureException: Cannot get Jedis connection; nested exception is redis.clients.jedis.exceptions.JedisConnectionException: Could not get a resource from the pool
	at org.springframework.data.redis.core.RedisTemplateTests.tearDown(RedisTemplateTests.java:85)
Caused by: redis.clients.jedis.exceptions.JedisConnectionException: Could not get a resource from the pool
	at org.springframework.data.redis.core.RedisTemplateTests.tearDown(RedisTemplateTests.java:85)
Caused by: redis.clients.jedis.exceptions.JedisConnectionException: java.net.ConnectException: Connection refused (Connection refused)
	at org.springframework.data.redis.core.RedisTemplateTests.tearDown(RedisTemplateTests.java:85)
Caused by: java.net.ConnectException: Connection refused (Connection refused)
	at org.springframework.data.redis.core.RedisTemplateTests.tearDown(RedisTemplateTests.java:85)
</error>
  </testcase>
  <testcase name="testDiscard[7]" classname="org.springframework.data.redis.core.RedisTemplateTests" time="0.001">
    <error message="Cannot get Jedis connection; nested exception is redis.clients.jedis.exceptions.JedisConnectionException: Could not get a resource from the pool" type="org.springframework.data.redis.RedisConnectionFailureException">org.springframework.data.redis.RedisConnectionFailureException: Cannot get Jedis connection; nested exception is redis.clients.jedis.exceptions.JedisConnectionException: Could not get a resource from the pool
	at org.springframework.data.redis.core.RedisTemplateTests.testDiscard(RedisTemplateTests.java:195)
Caused by: redis.clients.jedis.exceptions.JedisConnectionException: Could not get a resource from the pool
	at org.springframework.data.redis.core.RedisTemplateTests.testDiscard(RedisTemplateTests.java:195)
Caused by: redis.clients.jedis.exceptions.JedisConnectionException: java.net.ConnectException: Connection refused (Connection refused)
	at org.springframework.data.redis.core.RedisTemplateTests.testDiscard(RedisTemplateTests.java:195)
Caused by: java.net.ConnectException: Connection refused (Connection refused)
	at org.springframework.data.redis.core.RedisTemplateTests.testDiscard(RedisTemplateTests.java:195)
</error>
  </testcase>
  <testcase name="testDiscard[7]" classname="org.springframework.data.redis.core.RedisTemplateTests" time="0.002">
    <error message="Cannot get Jedis connection; nested exception is redis.clients.jedis.exceptions.JedisConnectionException: Could not get a resource from the pool" type="org.springframework.data.redis.RedisConnectionFailureException">org.springframework.data.redis.RedisConnectionFailureException: Cannot get Jedis connection; nested exception is redis.clients.jedis.exceptions.JedisConnectionException: Could not get a resource from the pool
	at org.springframework.data.redis.core.RedisTemplateTests.tearDown(RedisTemplateTests.java:85)
Caused by: redis.clients.jedis.exceptions.JedisConnectionException: Could not get a resource from the pool
	at org.springframework.data.redis.core.RedisTemplateTests.tearDown(RedisTemplateTests.java:85)
Caused by: redis.clients.jedis.exceptions.JedisConnectionException: java.net.ConnectException: Connection refused (Connection refused)
	at org.springframework.data.redis.core.RedisTemplateTests.tearDown(RedisTemplateTests.java:85)
Caused by: java.net.ConnectException: Connection refused (Connection refused)
	at org.springframework.data.redis.core.RedisTemplateTests.tearDown(RedisTemplateTests.java:85)
</error>
  </testcase>
  <testcase name="testDelete[7]" classname="org.springframework.data.redis.core.RedisTemplateTests" time="0.001">
    <error message="Cannot get Jedis connection; nested exception is redis.clients.jedis.exceptions.JedisConnectionException: Could not get a resource from the pool" type="org.springframework.data.redis.RedisConnectionFailureException">org.springframework.data.redis.RedisConnectionFailureException: Cannot get Jedis connection; nested exception is redis.clients.jedis.exceptions.JedisConnectionException: Could not get a resource from the pool
	at org.springframework.data.redis.core.RedisTemplateTests.testDelete(RedisTemplateTests.java:391)
Caused by: redis.clients.jedis.exceptions.JedisConnectionException: Could not get a resource from the pool
	at org.springframework.data.redis.core.RedisTemplateTests.testDelete(RedisTemplateTests.java:391)
Caused by: redis.clients.jedis.exceptions.JedisConnectionException: java.net.ConnectException: Connection refused (Connection refused)
	at org.springframework.data.redis.core.RedisTemplateTests.testDelete(RedisTemplateTests.java:391)
Caused by: java.net.ConnectException: Connection refused (Connection refused)
	at org.springframework.data.redis.core.RedisTemplateTests.testDelete(RedisTemplateTests.java:391)
</error>
  </testcase>
  <testcase name="testDelete[7]" classname="org.springframework.data.redis.core.RedisTemplateTests" time="0.001">
    <error message="Cannot get Jedis connection; nested exception is redis.clients.jedis.exceptions.JedisConnectionException: Could not get a resource from the pool" type="org.springframework.data.redis.RedisConnectionFailureException">org.springframework.data.redis.RedisConnectionFailureException: Cannot get Jedis connection; nested exception is redis.clients.jedis.exceptions.JedisConnectionException: Could not get a resource from the pool
	at org.springframework.data.redis.core.RedisTemplateTests.tearDown(RedisTemplateTests.java:85)
Caused by: redis.clients.jedis.exceptions.JedisConnectionException: Could not get a resource from the pool
	at org.springframework.data.redis.core.RedisTemplateTests.tearDown(RedisTemplateTests.java:85)
Caused by: redis.clients.jedis.exceptions.JedisConnectionException: java.net.ConnectException: Connection refused (Connection refused)
	at org.springframework.data.redis.core.RedisTemplateTests.tearDown(RedisTemplateTests.java:85)
Caused by: java.net.ConnectException: Connection refused (Connection refused)
	at org.springframework.data.redis.core.RedisTemplateTests.tearDown(RedisTemplateTests.java:85)
</error>
  </testcase>
  <testcase name="testExecuteScriptCustomSerializers[7]" classname="org.springframework.data.redis.core.RedisTemplateTests" time="0.001">
    <error message="Could not initialize class org.springframework.data.redis.RedisTestProfileValueSource" type="java.lang.NoClassDefFoundError">java.lang.NoClassDefFoundError: Could not initialize class org.springframework.data.redis.RedisTestProfileValueSource
	at org.springframework.data.redis.core.RedisTemplateTests.testExecuteScriptCustomSerializers(RedisTemplateTests.java:798)
</error>
  </testcase>
  <testcase name="testExecuteScriptCustomSerializers[7]" classname="org.springframework.data.redis.core.RedisTemplateTests" time="0.002">
    <error message="Cannot get Jedis connection; nested exception is redis.clients.jedis.exceptions.JedisConnectionException: Could not get a resource from the pool" type="org.springframework.data.redis.RedisConnectionFailureException">org.springframework.data.redis.RedisConnectionFailureException: Cannot get Jedis connection; nested exception is redis.clients.jedis.exceptions.JedisConnectionException: Could not get a resource from the pool
	at org.springframework.data.redis.core.RedisTemplateTests.tearDown(RedisTemplateTests.java:85)
Caused by: redis.clients.jedis.exceptions.JedisConnectionException: Could not get a resource from the pool
	at org.springframework.data.redis.core.RedisTemplateTests.tearDown(RedisTemplateTests.java:85)
Caused by: redis.clients.jedis.exceptions.JedisConnectionException: java.net.ConnectException: Connection refused (Connection refused)
	at org.springframework.data.redis.core.RedisTemplateTests.tearDown(RedisTemplateTests.java:85)
Caused by: java.net.ConnectException: Connection refused (Connection refused)
	at org.springframework.data.redis.core.RedisTemplateTests.tearDown(RedisTemplateTests.java:85)
</error>
  </testcase>
  <testcase name="testExecutePipelined[7]" classname="org.springframework.data.redis.core.RedisTemplateTests" time="0.001">
    <error message="Cannot get Jedis connection; nested exception is redis.clients.jedis.exceptions.JedisConnectionException: Could not get a resource from the pool" type="org.springframework.data.redis.RedisConnectionFailureException">org.springframework.data.redis.RedisConnectionFailureException: Cannot get Jedis connection; nested exception is redis.clients.jedis.exceptions.JedisConnectionException: Could not get a resource from the pool
	at org.springframework.data.redis.core.RedisTemplateTests.testExecutePipelined(RedisTemplateTests.java:274)
Caused by: redis.clients.jedis.exceptions.JedisConnectionException: Could not get a resource from the pool
	at org.springframework.data.redis.core.RedisTemplateTests.testExecutePipelined(RedisTemplateTests.java:274)
Caused by: redis.clients.jedis.exceptions.JedisConnectionException: java.net.ConnectException: Connection refused (Connection refused)
	at org.springframework.data.redis.core.RedisTemplateTests.testExecutePipelined(RedisTemplateTests.java:274)
Caused by: java.net.ConnectException: Connection refused (Connection refused)
	at org.springframework.data.redis.core.RedisTemplateTests.testExecutePipelined(RedisTemplateTests.java:274)
</error>
  </testcase>
  <testcase name="testExecutePipelined[7]" classname="org.springframework.data.redis.core.RedisTemplateTests" time="0.001">
    <error message="Cannot get Jedis connection; nested exception is redis.clients.jedis.exceptions.JedisConnectionException: Could not get a resource from the pool" type="org.springframework.data.redis.RedisConnectionFailureException">org.springframework.data.redis.RedisConnectionFailureException: Cannot get Jedis connection; nested exception is redis.clients.jedis.exceptions.JedisConnectionException: Could not get a resource from the pool
	at org.springframework.data.redis.core.RedisTemplateTests.tearDown(RedisTemplateTests.java:85)
Caused by: redis.clients.jedis.exceptions.JedisConnectionException: Could not get a resource from the pool
	at org.springframework.data.redis.core.RedisTemplateTests.tearDown(RedisTemplateTests.java:85)
Caused by: redis.clients.jedis.exceptions.JedisConnectionException: java.net.ConnectException: Connection refused (Connection refused)
	at org.springframework.data.redis.core.RedisTemplateTests.tearDown(RedisTemplateTests.java:85)
Caused by: java.net.ConnectException: Connection refused (Connection refused)
	at org.springframework.data.redis.core.RedisTemplateTests.tearDown(RedisTemplateTests.java:85)
</error>
  </testcase>
  <testcase name="testDeleteMultiple[7]" classname="org.springframework.data.redis.core.RedisTemplateTests" time="0.001">
    <error message="Cannot get Jedis connection; nested exception is redis.clients.jedis.exceptions.JedisConnectionException: Could not get a resource from the pool" type="org.springframework.data.redis.RedisConnectionFailureException">org.springframework.data.redis.RedisConnectionFailureException: Cannot get Jedis connection; nested exception is redis.clients.jedis.exceptions.JedisConnectionException: Could not get a resource from the pool
	at org.springframework.data.redis.core.RedisTemplateTests.testDeleteMultiple(RedisTemplateTests.java:406)
Caused by: redis.clients.jedis.exceptions.JedisConnectionException: Could not get a resource from the pool
	at org.springframework.data.redis.core.RedisTemplateTests.testDeleteMultiple(RedisTemplateTests.java:406)
Caused by: redis.clients.jedis.exceptions.JedisConnectionException: java.net.ConnectException: Connection refused (Connection refused)
	at org.springframework.data.redis.core.RedisTemplateTests.testDeleteMultiple(RedisTemplateTests.java:406)
Caused by: java.net.ConnectException: Connection refused (Connection refused)
	at org.springframework.data.redis.core.RedisTemplateTests.testDeleteMultiple(RedisTemplateTests.java:406)
</error>
  </testcase>
  <testcase name="testDeleteMultiple[7]" classname="org.springframework.data.redis.core.RedisTemplateTests" time="0.001">
    <error message="Cannot get Jedis connection; nested exception is redis.clients.jedis.exceptions.JedisConnectionException: Could not get a resource from the pool" type="org.springframework.data.redis.RedisConnectionFailureException">org.springframework.data.redis.RedisConnectionFailureException: Cannot get Jedis connection; nested exception is redis.clients.jedis.exceptions.JedisConnectionException: Could not get a resource from the pool
	at org.springframework.data.redis.core.RedisTemplateTests.tearDown(RedisTemplateTests.java:85)
Caused by: redis.clients.jedis.exceptions.JedisConnectionException: Could not get a resource from the pool
	at org.springframework.data.redis.core.RedisTemplateTests.tearDown(RedisTemplateTests.java:85)
Caused by: redis.clients.jedis.exceptions.JedisConnectionException: java.net.ConnectException: Connection refused (Connection refused)
	at org.springframework.data.redis.core.RedisTemplateTests.tearDown(RedisTemplateTests.java:85)
Caused by: java.net.ConnectException: Connection refused (Connection refused)
	at org.springframework.data.redis.core.RedisTemplateTests.tearDown(RedisTemplateTests.java:85)
</error>
  </testcase>
  <testcase name="testGetExpireMillisForKeyExistButHasNoAssociatedExpire[7]" classname="org.springframework.data.redis.core.RedisTemplateTests" time="0.001">
    <error message="Cannot get Jedis connection; nested exception is redis.clients.jedis.exceptions.JedisConnectionException: Could not get a resource from the pool" type="org.springframework.data.redis.RedisConnectionFailureException">org.springframework.data.redis.RedisConnectionFailureException: Cannot get Jedis connection; nested exception is redis.clients.jedis.exceptions.JedisConnectionException: Could not get a resource from the pool
	at org.springframework.data.redis.core.RedisTemplateTests.testGetExpireMillisForKeyExistButHasNoAssociatedExpire(RedisTemplateTests.java:510)
Caused by: redis.clients.jedis.exceptions.JedisConnectionException: Could not get a resource from the pool
	at org.springframework.data.redis.core.RedisTemplateTests.testGetExpireMillisForKeyExistButHasNoAssociatedExpire(RedisTemplateTests.java:510)
Caused by: redis.clients.jedis.exceptions.JedisConnectionException: java.net.ConnectException: Connection refused (Connection refused)
	at org.springframework.data.redis.core.RedisTemplateTests.testGetExpireMillisForKeyExistButHasNoAssociatedExpire(RedisTemplateTests.java:510)
Caused by: java.net.ConnectException: Connection refused (Connection refused)
	at org.springframework.data.redis.core.RedisTemplateTests.testGetExpireMillisForKeyExistButHasNoAssociatedExpire(RedisTemplateTests.java:510)
</error>
  </testcase>
  <testcase name="testGetExpireMillisForKeyExistButHasNoAssociatedExpire[7]" classname="org.springframework.data.redis.core.RedisTemplateTests" time="0.001">
    <error message="Cannot get Jedis connection; nested exception is redis.clients.jedis.exceptions.JedisConnectionException: Could not get a resource from the pool" type="org.springframework.data.redis.RedisConnectionFailureException">org.springframework.data.redis.RedisConnectionFailureException: Cannot get Jedis connection; nested exception is redis.clients.jedis.exceptions.JedisConnectionException: Could not get a resource from the pool
	at org.springframework.data.redis.core.RedisTemplateTests.tearDown(RedisTemplateTests.java:85)
Caused by: redis.clients.jedis.exceptions.JedisConnectionException: Could not get a resource from the pool
	at org.springframework.data.redis.core.RedisTemplateTests.tearDown(RedisTemplateTests.java:85)
Caused by: redis.clients.jedis.exceptions.JedisConnectionException: java.net.ConnectException: Connection refused (Connection refused)
	at org.springframework.data.redis.core.RedisTemplateTests.tearDown(RedisTemplateTests.java:85)
Caused by: java.net.ConnectException: Connection refused (Connection refused)
	at org.springframework.data.redis.core.RedisTemplateTests.tearDown(RedisTemplateTests.java:85)
</error>
  </testcase>
  <testcase name="testRename[7]" classname="org.springframework.data.redis.core.RedisTemplateTests" time="0.001">
    <error message="Cannot get Jedis connection; nested exception is redis.clients.jedis.exceptions.JedisConnectionException: Could not get a resource from the pool" type="org.springframework.data.redis.RedisConnectionFailureException">org.springframework.data.redis.RedisConnectionFailureException: Cannot get Jedis connection; nested exception is redis.clients.jedis.exceptions.JedisConnectionException: Could not get a resource from the pool
	at org.springframework.data.redis.core.RedisTemplateTests.testRename(RedisTemplateTests.java:657)
Caused by: redis.clients.jedis.exceptions.JedisConnectionException: Could not get a resource from the pool
	at org.springframework.data.redis.core.RedisTemplateTests.testRename(RedisTemplateTests.java:657)
Caused by: redis.clients.jedis.exceptions.JedisConnectionException: java.net.ConnectException: Connection refused (Connection refused)
	at org.springframework.data.redis.core.RedisTemplateTests.testRename(RedisTemplateTests.java:657)
Caused by: java.net.ConnectException: Connection refused (Connection refused)
	at org.springframework.data.redis.core.RedisTemplateTests.testRename(RedisTemplateTests.java:657)
</error>
  </testcase>
  <testcase name="testRename[7]" classname="org.springframework.data.redis.core.RedisTemplateTests" time="0.002">
    <error message="Cannot get Jedis connection; nested exception is redis.clients.jedis.exceptions.JedisConnectionException: Could not get a resource from the pool" type="org.springframework.data.redis.RedisConnectionFailureException">org.springframework.data.redis.RedisConnectionFailureException: Cannot get Jedis connection; nested exception is redis.clients.jedis.exceptions.JedisConnectionException: Could not get a resource from the pool
	at org.springframework.data.redis.core.RedisTemplateTests.tearDown(RedisTemplateTests.java:85)
Caused by: redis.clients.jedis.exceptions.JedisConnectionException: Could not get a resource from the pool
	at org.springframework.data.redis.core.RedisTemplateTests.tearDown(RedisTemplateTests.java:85)
Caused by: redis.clients.jedis.exceptions.JedisConnectionException: java.net.ConnectException: Connection refused (Connection refused)
	at org.springframework.data.redis.core.RedisTemplateTests.tearDown(RedisTemplateTests.java:85)
Caused by: java.net.ConnectException: Connection refused (Connection refused)
	at org.springframework.data.redis.core.RedisTemplateTests.tearDown(RedisTemplateTests.java:85)
</error>
  </testcase>
  <testcase name="testGetExpireSeconds[7]" classname="org.springframework.data.redis.core.RedisTemplateTests" time="0.001">
    <error message="Cannot get Jedis connection; nested exception is redis.clients.jedis.exceptions.JedisConnectionException: Could not get a resource from the pool" type="org.springframework.data.redis.RedisConnectionFailureException">org.springframework.data.redis.RedisConnectionFailureException: Cannot get Jedis connection; nested exception is redis.clients.jedis.exceptions.JedisConnectionException: Could not get a resource from the pool
	at org.springframework.data.redis.core.RedisTemplateTests.testGetExpireSeconds(RedisTemplateTests.java:477)
Caused by: redis.clients.jedis.exceptions.JedisConnectionException: Could not get a resource from the pool
	at org.springframework.data.redis.core.RedisTemplateTests.testGetExpireSeconds(RedisTemplateTests.java:477)
Caused by: redis.clients.jedis.exceptions.JedisConnectionException: java.net.ConnectException: Connection refused (Connection refused)
	at org.springframework.data.redis.core.RedisTemplateTests.testGetExpireSeconds(RedisTemplateTests.java:477)
Caused by: java.net.ConnectException: Connection refused (Connection refused)
	at org.springframework.data.redis.core.RedisTemplateTests.testGetExpireSeconds(RedisTemplateTests.java:477)
</error>
  </testcase>
  <testcase name="testGetExpireSeconds[7]" classname="org.springframework.data.redis.core.RedisTemplateTests" time="0.001">
    <error message="Cannot get Jedis connection; nested exception is redis.clients.jedis.exceptions.JedisConnectionException: Could not get a resource from the pool" type="org.springframework.data.redis.RedisConnectionFailureException">org.springframework.data.redis.RedisConnectionFailureException: Cannot get Jedis connection; nested exception is redis.clients.jedis.exceptions.JedisConnectionException: Could not get a resource from the pool
	at org.springframework.data.redis.core.RedisTemplateTests.tearDown(RedisTemplateTests.java:85)
Caused by: redis.clients.jedis.exceptions.JedisConnectionException: Could not get a resource from the pool
	at org.springframework.data.redis.core.RedisTemplateTests.tearDown(RedisTemplateTests.java:85)
Caused by: redis.clients.jedis.exceptions.JedisConnectionException: java.net.ConnectException: Connection refused (Connection refused)
	at org.springframework.data.redis.core.RedisTemplateTests.tearDown(RedisTemplateTests.java:85)
Caused by: java.net.ConnectException: Connection refused (Connection refused)
	at org.springframework.data.redis.core.RedisTemplateTests.tearDown(RedisTemplateTests.java:85)
</error>
  </testcase>
  <testcase name="testStringTemplateExecutesWithStringConn[7]" classname="org.springframework.data.redis.core.RedisTemplateTests" time="0.001">
    <error message="got: &lt;false&gt;, expected: is &lt;true&gt;" type="org.junit.AssumptionViolatedException"><![CDATA[org.junit.AssumptionViolatedException: got: <false>, expected: is <true>
	at org.springframework.data.redis.core.RedisTemplateTests.testStringTemplateExecutesWithStringConn(RedisTemplateTests.java:149)
]]></error>
  </testcase>
  <testcase name="testStringTemplateExecutesWithStringConn[7]" classname="org.springframework.data.redis.core.RedisTemplateTests" time="0.001">
    <error message="Cannot get Jedis connection; nested exception is redis.clients.jedis.exceptions.JedisConnectionException: Could not get a resource from the pool" type="org.springframework.data.redis.RedisConnectionFailureException">org.springframework.data.redis.RedisConnectionFailureException: Cannot get Jedis connection; nested exception is redis.clients.jedis.exceptions.JedisConnectionException: Could not get a resource from the pool
	at org.springframework.data.redis.core.RedisTemplateTests.tearDown(RedisTemplateTests.java:85)
Caused by: redis.clients.jedis.exceptions.JedisConnectionException: Could not get a resource from the pool
	at org.springframework.data.redis.core.RedisTemplateTests.tearDown(RedisTemplateTests.java:85)
Caused by: redis.clients.jedis.exceptions.JedisConnectionException: java.net.ConnectException: Connection refused (Connection refused)
	at org.springframework.data.redis.core.RedisTemplateTests.tearDown(RedisTemplateTests.java:85)
Caused by: java.net.ConnectException: Connection refused (Connection refused)
	at org.springframework.data.redis.core.RedisTemplateTests.tearDown(RedisTemplateTests.java:85)
</error>
  </testcase>
  <testcase name="testExecutePipelinedWidthDifferentHashKeySerializerAndHashValueSerializer[7]" classname="org.springframework.data.redis.core.RedisTemplateTests" time="0.001">
    <error message="got: &lt;false&gt;, expected: is &lt;true&gt;" type="org.junit.AssumptionViolatedException"><![CDATA[org.junit.AssumptionViolatedException: got: <false>, expected: is <true>
	at org.springframework.data.redis.core.RedisTemplateTests.testExecutePipelinedWidthDifferentHashKeySerializerAndHashValueSerializer(RedisTemplateTests.java:310)
]]></error>
  </testcase>
  <testcase name="testExecutePipelinedWidthDifferentHashKeySerializerAndHashValueSerializer[7]" classname="org.springframework.data.redis.core.RedisTemplateTests" time="0.001">
    <error message="Cannot get Jedis connection; nested exception is redis.clients.jedis.exceptions.JedisConnectionException: Could not get a resource from the pool" type="org.springframework.data.redis.RedisConnectionFailureException">org.springframework.data.redis.RedisConnectionFailureException: Cannot get Jedis connection; nested exception is redis.clients.jedis.exceptions.JedisConnectionException: Could not get a resource from the pool
	at org.springframework.data.redis.core.RedisTemplateTests.tearDown(RedisTemplateTests.java:85)
Caused by: redis.clients.jedis.exceptions.JedisConnectionException: Could not get a resource from the pool
	at org.springframework.data.redis.core.RedisTemplateTests.tearDown(RedisTemplateTests.java:85)
Caused by: redis.clients.jedis.exceptions.JedisConnectionException: java.net.ConnectException: Connection refused (Connection refused)
	at org.springframework.data.redis.core.RedisTemplateTests.tearDown(RedisTemplateTests.java:85)
Caused by: java.net.ConnectException: Connection refused (Connection refused)
	at org.springframework.data.redis.core.RedisTemplateTests.tearDown(RedisTemplateTests.java:85)
</error>
  </testcase>
  <testcase name="testGetExpireNoTimeUnit[7]" classname="org.springframework.data.redis.core.RedisTemplateTests" time="0.001">
    <error message="Cannot get Jedis connection; nested exception is redis.clients.jedis.exceptions.JedisConnectionException: Could not get a resource from the pool" type="org.springframework.data.redis.RedisConnectionFailureException">org.springframework.data.redis.RedisConnectionFailureException: Cannot get Jedis connection; nested exception is redis.clients.jedis.exceptions.JedisConnectionException: Could not get a resource from the pool
	at org.springframework.data.redis.core.RedisTemplateTests.testGetExpireNoTimeUnit(RedisTemplateTests.java:466)
Caused by: redis.clients.jedis.exceptions.JedisConnectionException: Could not get a resource from the pool
	at org.springframework.data.redis.core.RedisTemplateTests.testGetExpireNoTimeUnit(RedisTemplateTests.java:466)
Caused by: redis.clients.jedis.exceptions.JedisConnectionException: java.net.ConnectException: Connection refused (Connection refused)
	at org.springframework.data.redis.core.RedisTemplateTests.testGetExpireNoTimeUnit(RedisTemplateTests.java:466)
Caused by: java.net.ConnectException: Connection refused (Connection refused)
	at org.springframework.data.redis.core.RedisTemplateTests.testGetExpireNoTimeUnit(RedisTemplateTests.java:466)
</error>
  </testcase>
  <testcase name="testGetExpireNoTimeUnit[7]" classname="org.springframework.data.redis.core.RedisTemplateTests" time="0.002">
    <error message="Cannot get Jedis connection; nested exception is redis.clients.jedis.exceptions.JedisConnectionException: Could not get a resource from the pool" type="org.springframework.data.redis.RedisConnectionFailureException">org.springframework.data.redis.RedisConnectionFailureException: Cannot get Jedis connection; nested exception is redis.clients.jedis.exceptions.JedisConnectionException: Could not get a resource from the pool
	at org.springframework.data.redis.core.RedisTemplateTests.tearDown(RedisTemplateTests.java:85)
Caused by: redis.clients.jedis.exceptions.JedisConnectionException: Could not get a resource from the pool
	at org.springframework.data.redis.core.RedisTemplateTests.tearDown(RedisTemplateTests.java:85)
Caused by: redis.clients.jedis.exceptions.JedisConnectionException: java.net.ConnectException: Connection refused (Connection refused)
	at org.springframework.data.redis.core.RedisTemplateTests.tearDown(RedisTemplateTests.java:85)
Caused by: java.net.ConnectException: Connection refused (Connection refused)
	at org.springframework.data.redis.core.RedisTemplateTests.tearDown(RedisTemplateTests.java:85)
</error>
  </testcase>
  <testcase name="countExistingKeysReturnsNumberOfKeysCorrectly[7]" classname="org.springframework.data.redis.core.RedisTemplateTests" time="0.001">
    <error message="Cannot get Jedis connection; nested exception is redis.clients.jedis.exceptions.JedisConnectionException: Could not get a resource from the pool" type="org.springframework.data.redis.RedisConnectionFailureException">org.springframework.data.redis.RedisConnectionFailureException: Cannot get Jedis connection; nested exception is redis.clients.jedis.exceptions.JedisConnectionException: Could not get a resource from the pool
	at org.springframework.data.redis.core.RedisTemplateTests.countExistingKeysReturnsNumberOfKeysCorrectly(RedisTemplateTests.java:820)
Caused by: redis.clients.jedis.exceptions.JedisConnectionException: Could not get a resource from the pool
	at org.springframework.data.redis.core.RedisTemplateTests.countExistingKeysReturnsNumberOfKeysCorrectly(RedisTemplateTests.java:820)
Caused by: redis.clients.jedis.exceptions.JedisConnectionException: java.net.ConnectException: Connection refused (Connection refused)
	at org.springframework.data.redis.core.RedisTemplateTests.countExistingKeysReturnsNumberOfKeysCorrectly(RedisTemplateTests.java:820)
Caused by: java.net.ConnectException: Connection refused (Connection refused)
	at org.springframework.data.redis.core.RedisTemplateTests.countExistingKeysReturnsNumberOfKeysCorrectly(RedisTemplateTests.java:820)
</error>
  </testcase>
  <testcase name="countExistingKeysReturnsNumberOfKeysCorrectly[7]" classname="org.springframework.data.redis.core.RedisTemplateTests" time="0.002">
    <error message="Cannot get Jedis connection; nested exception is redis.clients.jedis.exceptions.JedisConnectionException: Could not get a resource from the pool" type="org.springframework.data.redis.RedisConnectionFailureException">org.springframework.data.redis.RedisConnectionFailureException: Cannot get Jedis connection; nested exception is redis.clients.jedis.exceptions.JedisConnectionException: Could not get a resource from the pool
	at org.springframework.data.redis.core.RedisTemplateTests.tearDown(RedisTemplateTests.java:85)
Caused by: redis.clients.jedis.exceptions.JedisConnectionException: Could not get a resource from the pool
	at org.springframework.data.redis.core.RedisTemplateTests.tearDown(RedisTemplateTests.java:85)
Caused by: redis.clients.jedis.exceptions.JedisConnectionException: java.net.ConnectException: Connection refused (Connection refused)
	at org.springframework.data.redis.core.RedisTemplateTests.tearDown(RedisTemplateTests.java:85)
Caused by: java.net.ConnectException: Connection refused (Connection refused)
	at org.springframework.data.redis.core.RedisTemplateTests.tearDown(RedisTemplateTests.java:85)
</error>
  </testcase>
  <testcase name="testExpireAndGetExpireMillis[7]" classname="org.springframework.data.redis.core.RedisTemplateTests" time="0.001">
    <error message="Cannot get Jedis connection; nested exception is redis.clients.jedis.exceptions.JedisConnectionException: Could not get a resource from the pool" type="org.springframework.data.redis.RedisConnectionFailureException">org.springframework.data.redis.RedisConnectionFailureException: Cannot get Jedis connection; nested exception is redis.clients.jedis.exceptions.JedisConnectionException: Could not get a resource from the pool
	at org.springframework.data.redis.core.RedisTemplateTests.testExpireAndGetExpireMillis(RedisTemplateTests.java:454)
Caused by: redis.clients.jedis.exceptions.JedisConnectionException: Could not get a resource from the pool
	at org.springframework.data.redis.core.RedisTemplateTests.testExpireAndGetExpireMillis(RedisTemplateTests.java:454)
Caused by: redis.clients.jedis.exceptions.JedisConnectionException: java.net.ConnectException: Connection refused (Connection refused)
	at org.springframework.data.redis.core.RedisTemplateTests.testExpireAndGetExpireMillis(RedisTemplateTests.java:454)
Caused by: java.net.ConnectException: Connection refused (Connection refused)
	at org.springframework.data.redis.core.RedisTemplateTests.testExpireAndGetExpireMillis(RedisTemplateTests.java:454)
</error>
  </testcase>
  <testcase name="testExpireAndGetExpireMillis[7]" classname="org.springframework.data.redis.core.RedisTemplateTests" time="0.001">
    <error message="Cannot get Jedis connection; nested exception is redis.clients.jedis.exceptions.JedisConnectionException: Could not get a resource from the pool" type="org.springframework.data.redis.RedisConnectionFailureException">org.springframework.data.redis.RedisConnectionFailureException: Cannot get Jedis connection; nested exception is redis.clients.jedis.exceptions.JedisConnectionException: Could not get a resource from the pool
	at org.springframework.data.redis.core.RedisTemplateTests.tearDown(RedisTemplateTests.java:85)
Caused by: redis.clients.jedis.exceptions.JedisConnectionException: Could not get a resource from the pool
	at org.springframework.data.redis.core.RedisTemplateTests.tearDown(RedisTemplateTests.java:85)
Caused by: redis.clients.jedis.exceptions.JedisConnectionException: java.net.ConnectException: Connection refused (Connection refused)
	at org.springframework.data.redis.core.RedisTemplateTests.tearDown(RedisTemplateTests.java:85)
Caused by: java.net.ConnectException: Connection refused (Connection refused)
	at org.springframework.data.redis.core.RedisTemplateTests.tearDown(RedisTemplateTests.java:85)
</error>
  </testcase>
  <testcase name="testWatchMultipleKeys[7]" classname="org.springframework.data.redis.core.RedisTemplateTests" time="0.001">
    <error message="Cannot get Jedis connection; nested exception is redis.clients.jedis.exceptions.JedisConnectionException: Could not get a resource from the pool" type="org.springframework.data.redis.RedisConnectionFailureException">org.springframework.data.redis.RedisConnectionFailureException: Cannot get Jedis connection; nested exception is redis.clients.jedis.exceptions.JedisConnectionException: Could not get a resource from the pool
	at org.springframework.data.redis.core.RedisTemplateTests.testWatchMultipleKeys(RedisTemplateTests.java:756)
Caused by: redis.clients.jedis.exceptions.JedisConnectionException: Could not get a resource from the pool
	at org.springframework.data.redis.core.RedisTemplateTests.testWatchMultipleKeys(RedisTemplateTests.java:756)
Caused by: redis.clients.jedis.exceptions.JedisConnectionException: java.net.ConnectException: Connection refused (Connection refused)
	at org.springframework.data.redis.core.RedisTemplateTests.testWatchMultipleKeys(RedisTemplateTests.java:756)
Caused by: java.net.ConnectException: Connection refused (Connection refused)
	at org.springframework.data.redis.core.RedisTemplateTests.testWatchMultipleKeys(RedisTemplateTests.java:756)
</error>
  </testcase>
  <testcase name="testWatchMultipleKeys[7]" classname="org.springframework.data.redis.core.RedisTemplateTests" time="0.002">
    <error message="Cannot get Jedis connection; nested exception is redis.clients.jedis.exceptions.JedisConnectionException: Could not get a resource from the pool" type="org.springframework.data.redis.RedisConnectionFailureException">org.springframework.data.redis.RedisConnectionFailureException: Cannot get Jedis connection; nested exception is redis.clients.jedis.exceptions.JedisConnectionException: Could not get a resource from the pool
	at org.springframework.data.redis.core.RedisTemplateTests.tearDown(RedisTemplateTests.java:85)
Caused by: redis.clients.jedis.exceptions.JedisConnectionException: Could not get a resource from the pool
	at org.springframework.data.redis.core.RedisTemplateTests.tearDown(RedisTemplateTests.java:85)
Caused by: redis.clients.jedis.exceptions.JedisConnectionException: java.net.ConnectException: Connection refused (Connection refused)
	at org.springframework.data.redis.core.RedisTemplateTests.tearDown(RedisTemplateTests.java:85)
Caused by: java.net.ConnectException: Connection refused (Connection refused)
	at org.springframework.data.redis.core.RedisTemplateTests.tearDown(RedisTemplateTests.java:85)
</error>
  </testcase>
  <testcase name="testRestoreTtl[8]" classname="org.springframework.data.redis.core.RedisTemplateTests" time="0">
    <error message="Could not initialize class org.springframework.data.redis.RedisTestProfileValueSource" type="java.lang.NoClassDefFoundError">java.lang.NoClassDefFoundError: Could not initialize class org.springframework.data.redis.RedisTestProfileValueSource
	at org.springframework.data.redis.core.RedisTemplateTests.testRestoreTtl(RedisTemplateTests.java:116)
</error>
  </testcase>
  <testcase name="testRestoreTtl[8]" classname="org.springframework.data.redis.core.RedisTemplateTests" time="0.001">
    <error message="Cannot get Jedis connection; nested exception is redis.clients.jedis.exceptions.JedisConnectionException: Could not get a resource from the pool" type="org.springframework.data.redis.RedisConnectionFailureException">org.springframework.data.redis.RedisConnectionFailureException: Cannot get Jedis connection; nested exception is redis.clients.jedis.exceptions.JedisConnectionException: Could not get a resource from the pool
	at org.springframework.data.redis.core.RedisTemplateTests.tearDown(RedisTemplateTests.java:85)
Caused by: redis.clients.jedis.exceptions.JedisConnectionException: Could not get a resource from the pool
	at org.springframework.data.redis.core.RedisTemplateTests.tearDown(RedisTemplateTests.java:85)
Caused by: redis.clients.jedis.exceptions.JedisConnectionException: java.net.ConnectException: Connection refused (Connection refused)
	at org.springframework.data.redis.core.RedisTemplateTests.tearDown(RedisTemplateTests.java:85)
Caused by: java.net.ConnectException: Connection refused (Connection refused)
	at org.springframework.data.redis.core.RedisTemplateTests.tearDown(RedisTemplateTests.java:85)
</error>
  </testcase>
  <testcase name="testGetExpireMillis[8]" classname="org.springframework.data.redis.core.RedisTemplateTests" time="0.003">
    <error message="Cannot get Jedis connection; nested exception is redis.clients.jedis.exceptions.JedisConnectionException: Could not get a resource from the pool" type="org.springframework.data.redis.RedisConnectionFailureException">org.springframework.data.redis.RedisConnectionFailureException: Cannot get Jedis connection; nested exception is redis.clients.jedis.exceptions.JedisConnectionException: Could not get a resource from the pool
	at org.springframework.data.redis.core.RedisTemplateTests.testGetExpireMillis(RedisTemplateTests.java:524)
Caused by: redis.clients.jedis.exceptions.JedisConnectionException: Could not get a resource from the pool
	at org.springframework.data.redis.core.RedisTemplateTests.testGetExpireMillis(RedisTemplateTests.java:524)
Caused by: redis.clients.jedis.exceptions.JedisConnectionException: java.net.ConnectException: Connection refused (Connection refused)
	at org.springframework.data.redis.core.RedisTemplateTests.testGetExpireMillis(RedisTemplateTests.java:524)
Caused by: java.net.ConnectException: Connection refused (Connection refused)
	at org.springframework.data.redis.core.RedisTemplateTests.testGetExpireMillis(RedisTemplateTests.java:524)
</error>
  </testcase>
  <testcase name="testGetExpireMillis[8]" classname="org.springframework.data.redis.core.RedisTemplateTests" time="0.003">
    <error message="Cannot get Jedis connection; nested exception is redis.clients.jedis.exceptions.JedisConnectionException: Could not get a resource from the pool" type="org.springframework.data.redis.RedisConnectionFailureException">org.springframework.data.redis.RedisConnectionFailureException: Cannot get Jedis connection; nested exception is redis.clients.jedis.exceptions.JedisConnectionException: Could not get a resource from the pool
	at org.springframework.data.redis.core.RedisTemplateTests.tearDown(RedisTemplateTests.java:85)
Caused by: redis.clients.jedis.exceptions.JedisConnectionException: Could not get a resource from the pool
	at org.springframework.data.redis.core.RedisTemplateTests.tearDown(RedisTemplateTests.java:85)
Caused by: redis.clients.jedis.exceptions.JedisConnectionException: java.net.ConnectException: Connection refused (Connection refused)
	at org.springframework.data.redis.core.RedisTemplateTests.tearDown(RedisTemplateTests.java:85)
Caused by: java.net.ConnectException: Connection refused (Connection refused)
	at org.springframework.data.redis.core.RedisTemplateTests.tearDown(RedisTemplateTests.java:85)
</error>
  </testcase>
  <testcase name="testExecutePipelinedTxCustomSerializer[8]" classname="org.springframework.data.redis.core.RedisTemplateTests" time="0">
    <error message="got: &lt;false&gt;, expected: is &lt;true&gt;" type="org.junit.AssumptionViolatedException"><![CDATA[org.junit.AssumptionViolatedException: got: <false>, expected: is <true>
	at org.springframework.data.redis.core.RedisTemplateTests.testExecutePipelinedTxCustomSerializer(RedisTemplateTests.java:358)
]]></error>
  </testcase>
  <testcase name="testExecutePipelinedTxCustomSerializer[8]" classname="org.springframework.data.redis.core.RedisTemplateTests" time="0">
    <error message="Cannot get Jedis connection; nested exception is redis.clients.jedis.exceptions.JedisConnectionException: Could not get a resource from the pool" type="org.springframework.data.redis.RedisConnectionFailureException">org.springframework.data.redis.RedisConnectionFailureException: Cannot get Jedis connection; nested exception is redis.clients.jedis.exceptions.JedisConnectionException: Could not get a resource from the pool
	at org.springframework.data.redis.core.RedisTemplateTests.tearDown(RedisTemplateTests.java:85)
Caused by: redis.clients.jedis.exceptions.JedisConnectionException: Could not get a resource from the pool
	at org.springframework.data.redis.core.RedisTemplateTests.tearDown(RedisTemplateTests.java:85)
Caused by: redis.clients.jedis.exceptions.JedisConnectionException: java.net.ConnectException: Connection refused (Connection refused)
	at org.springframework.data.redis.core.RedisTemplateTests.tearDown(RedisTemplateTests.java:85)
Caused by: java.net.ConnectException: Connection refused (Connection refused)
	at org.springframework.data.redis.core.RedisTemplateTests.tearDown(RedisTemplateTests.java:85)
</error>
  </testcase>
  <testcase name="testExecutePipelinedNonNullRedisCallback[8]" classname="org.springframework.data.redis.core.RedisTemplateTests" time="0.001">
    <error message="Unexpected exception, expected&lt;org.springframework.dao.InvalidDataAccessApiUsageException&gt; but was&lt;org.springframework.data.redis.RedisConnectionFailureException&gt;" type="java.lang.Exception"><![CDATA[java.lang.Exception: Unexpected exception, expected<org.springframework.dao.InvalidDataAccessApiUsageException> but was<org.springframework.data.redis.RedisConnectionFailureException>
	at org.springframework.data.redis.core.RedisTemplateTests.testExecutePipelinedNonNullRedisCallback(RedisTemplateTests.java:330)
Caused by: redis.clients.jedis.exceptions.JedisConnectionException: Could not get a resource from the pool
	at org.springframework.data.redis.core.RedisTemplateTests.testExecutePipelinedNonNullRedisCallback(RedisTemplateTests.java:330)
Caused by: redis.clients.jedis.exceptions.JedisConnectionException: java.net.ConnectException: Connection refused (Connection refused)
	at org.springframework.data.redis.core.RedisTemplateTests.testExecutePipelinedNonNullRedisCallback(RedisTemplateTests.java:330)
Caused by: java.net.ConnectException: Connection refused (Connection refused)
	at org.springframework.data.redis.core.RedisTemplateTests.testExecutePipelinedNonNullRedisCallback(RedisTemplateTests.java:330)
]]></error>
  </testcase>
  <testcase name="testExecutePipelinedNonNullRedisCallback[8]" classname="org.springframework.data.redis.core.RedisTemplateTests" time="0.001">
    <error message="Cannot get Jedis connection; nested exception is redis.clients.jedis.exceptions.JedisConnectionException: Could not get a resource from the pool" type="org.springframework.data.redis.RedisConnectionFailureException">org.springframework.data.redis.RedisConnectionFailureException: Cannot get Jedis connection; nested exception is redis.clients.jedis.exceptions.JedisConnectionException: Could not get a resource from the pool
	at org.springframework.data.redis.core.RedisTemplateTests.tearDown(RedisTemplateTests.java:85)
Caused by: redis.clients.jedis.exceptions.JedisConnectionException: Could not get a resource from the pool
	at org.springframework.data.redis.core.RedisTemplateTests.tearDown(RedisTemplateTests.java:85)
Caused by: redis.clients.jedis.exceptions.JedisConnectionException: java.net.ConnectException: Connection refused (Connection refused)
	at org.springframework.data.redis.core.RedisTemplateTests.tearDown(RedisTemplateTests.java:85)
Caused by: java.net.ConnectException: Connection refused (Connection refused)
	at org.springframework.data.redis.core.RedisTemplateTests.tearDown(RedisTemplateTests.java:85)
</error>
  </testcase>
  <testcase name="testExecutePipelinedTx[8]" classname="org.springframework.data.redis.core.RedisTemplateTests" time="0">
    <error message="Cannot get Jedis connection; nested exception is redis.clients.jedis.exceptions.JedisConnectionException: Could not get a resource from the pool" type="org.springframework.data.redis.RedisConnectionFailureException">org.springframework.data.redis.RedisConnectionFailureException: Cannot get Jedis connection; nested exception is redis.clients.jedis.exceptions.JedisConnectionException: Could not get a resource from the pool
	at org.springframework.data.redis.core.RedisTemplateTests.testExecutePipelinedTx(RedisTemplateTests.java:338)
Caused by: redis.clients.jedis.exceptions.JedisConnectionException: Could not get a resource from the pool
	at org.springframework.data.redis.core.RedisTemplateTests.testExecutePipelinedTx(RedisTemplateTests.java:338)
Caused by: redis.clients.jedis.exceptions.JedisConnectionException: java.net.ConnectException: Connection refused (Connection refused)
	at org.springframework.data.redis.core.RedisTemplateTests.testExecutePipelinedTx(RedisTemplateTests.java:338)
Caused by: java.net.ConnectException: Connection refused (Connection refused)
	at org.springframework.data.redis.core.RedisTemplateTests.testExecutePipelinedTx(RedisTemplateTests.java:338)
</error>
  </testcase>
  <testcase name="testExecutePipelinedTx[8]" classname="org.springframework.data.redis.core.RedisTemplateTests" time="0.001">
    <error message="Cannot get Jedis connection; nested exception is redis.clients.jedis.exceptions.JedisConnectionException: Could not get a resource from the pool" type="org.springframework.data.redis.RedisConnectionFailureException">org.springframework.data.redis.RedisConnectionFailureException: Cannot get Jedis connection; nested exception is redis.clients.jedis.exceptions.JedisConnectionException: Could not get a resource from the pool
	at org.springframework.data.redis.core.RedisTemplateTests.tearDown(RedisTemplateTests.java:85)
Caused by: redis.clients.jedis.exceptions.JedisConnectionException: Could not get a resource from the pool
	at org.springframework.data.redis.core.RedisTemplateTests.tearDown(RedisTemplateTests.java:85)
Caused by: redis.clients.jedis.exceptions.JedisConnectionException: java.net.ConnectException: Connection refused (Connection refused)
	at org.springframework.data.redis.core.RedisTemplateTests.tearDown(RedisTemplateTests.java:85)
Caused by: java.net.ConnectException: Connection refused (Connection refused)
	at org.springframework.data.redis.core.RedisTemplateTests.tearDown(RedisTemplateTests.java:85)
</error>
  </testcase>
  <testcase name="testGetExpireMillisUsingPipelining[8]" classname="org.springframework.data.redis.core.RedisTemplateTests" time="0">
    <error message="Cannot get Jedis connection; nested exception is redis.clients.jedis.exceptions.JedisConnectionException: Could not get a resource from the pool" type="org.springframework.data.redis.RedisConnectionFailureException">org.springframework.data.redis.RedisConnectionFailureException: Cannot get Jedis connection; nested exception is redis.clients.jedis.exceptions.JedisConnectionException: Could not get a resource from the pool
	at org.springframework.data.redis.core.RedisTemplateTests.testGetExpireMillisUsingPipelining(RedisTemplateTests.java:568)
Caused by: redis.clients.jedis.exceptions.JedisConnectionException: Could not get a resource from the pool
	at org.springframework.data.redis.core.RedisTemplateTests.testGetExpireMillisUsingPipelining(RedisTemplateTests.java:568)
Caused by: redis.clients.jedis.exceptions.JedisConnectionException: java.net.ConnectException: Connection refused (Connection refused)
	at org.springframework.data.redis.core.RedisTemplateTests.testGetExpireMillisUsingPipelining(RedisTemplateTests.java:568)
Caused by: java.net.ConnectException: Connection refused (Connection refused)
	at org.springframework.data.redis.core.RedisTemplateTests.testGetExpireMillisUsingPipelining(RedisTemplateTests.java:568)
</error>
  </testcase>
  <testcase name="testGetExpireMillisUsingPipelining[8]" classname="org.springframework.data.redis.core.RedisTemplateTests" time="0.001">
    <error message="Cannot get Jedis connection; nested exception is redis.clients.jedis.exceptions.JedisConnectionException: Could not get a resource from the pool" type="org.springframework.data.redis.RedisConnectionFailureException">org.springframework.data.redis.RedisConnectionFailureException: Cannot get Jedis connection; nested exception is redis.clients.jedis.exceptions.JedisConnectionException: Could not get a resource from the pool
	at org.springframework.data.redis.core.RedisTemplateTests.tearDown(RedisTemplateTests.java:85)
Caused by: redis.clients.jedis.exceptions.JedisConnectionException: Could not get a resource from the pool
	at org.springframework.data.redis.core.RedisTemplateTests.tearDown(RedisTemplateTests.java:85)
Caused by: redis.clients.jedis.exceptions.JedisConnectionException: java.net.ConnectException: Connection refused (Connection refused)
	at org.springframework.data.redis.core.RedisTemplateTests.tearDown(RedisTemplateTests.java:85)
Caused by: java.net.ConnectException: Connection refused (Connection refused)
	at org.springframework.data.redis.core.RedisTemplateTests.tearDown(RedisTemplateTests.java:85)
</error>
  </testcase>
  <testcase name="testSortBulkMapper[8]" classname="org.springframework.data.redis.core.RedisTemplateTests" time="0">
    <error message="got: &lt;false&gt;, expected: is &lt;true&gt;" type="org.junit.AssumptionViolatedException"><![CDATA[org.junit.AssumptionViolatedException: got: <false>, expected: is <true>
	at org.springframework.data.redis.core.RedisTemplateTests.testSortBulkMapper(RedisTemplateTests.java:443)
]]></error>
  </testcase>
  <testcase name="testSortBulkMapper[8]" classname="org.springframework.data.redis.core.RedisTemplateTests" time="0.001">
    <error message="Cannot get Jedis connection; nested exception is redis.clients.jedis.exceptions.JedisConnectionException: Could not get a resource from the pool" type="org.springframework.data.redis.RedisConnectionFailureException">org.springframework.data.redis.RedisConnectionFailureException: Cannot get Jedis connection; nested exception is redis.clients.jedis.exceptions.JedisConnectionException: Could not get a resource from the pool
	at org.springframework.data.redis.core.RedisTemplateTests.tearDown(RedisTemplateTests.java:85)
Caused by: redis.clients.jedis.exceptions.JedisConnectionException: Could not get a resource from the pool
	at org.springframework.data.redis.core.RedisTemplateTests.tearDown(RedisTemplateTests.java:85)
Caused by: redis.clients.jedis.exceptions.JedisConnectionException: java.net.ConnectException: Connection refused (Connection refused)
	at org.springframework.data.redis.core.RedisTemplateTests.tearDown(RedisTemplateTests.java:85)
Caused by: java.net.ConnectException: Connection refused (Connection refused)
	at org.springframework.data.redis.core.RedisTemplateTests.tearDown(RedisTemplateTests.java:85)
</error>
  </testcase>
  <testcase name="testExpireAt[8]" classname="org.springframework.data.redis.core.RedisTemplateTests" time="0">
    <error message="Cannot get Jedis connection; nested exception is redis.clients.jedis.exceptions.JedisConnectionException: Could not get a resource from the pool" type="org.springframework.data.redis.RedisConnectionFailureException">org.springframework.data.redis.RedisConnectionFailureException: Cannot get Jedis connection; nested exception is redis.clients.jedis.exceptions.JedisConnectionException: Could not get a resource from the pool
	at org.springframework.data.redis.core.RedisTemplateTests.testExpireAt(RedisTemplateTests.java:608)
Caused by: redis.clients.jedis.exceptions.JedisConnectionException: Could not get a resource from the pool
	at org.springframework.data.redis.core.RedisTemplateTests.testExpireAt(RedisTemplateTests.java:608)
Caused by: redis.clients.jedis.exceptions.JedisConnectionException: java.net.ConnectException: Connection refused (Connection refused)
	at org.springframework.data.redis.core.RedisTemplateTests.testExpireAt(RedisTemplateTests.java:608)
Caused by: java.net.ConnectException: Connection refused (Connection refused)
	at org.springframework.data.redis.core.RedisTemplateTests.testExpireAt(RedisTemplateTests.java:608)
</error>
  </testcase>
  <testcase name="testExpireAt[8]" classname="org.springframework.data.redis.core.RedisTemplateTests" time="0.001">
    <error message="Cannot get Jedis connection; nested exception is redis.clients.jedis.exceptions.JedisConnectionException: Could not get a resource from the pool" type="org.springframework.data.redis.RedisConnectionFailureException">org.springframework.data.redis.RedisConnectionFailureException: Cannot get Jedis connection; nested exception is redis.clients.jedis.exceptions.JedisConnectionException: Could not get a resource from the pool
	at org.springframework.data.redis.core.RedisTemplateTests.tearDown(RedisTemplateTests.java:85)
Caused by: redis.clients.jedis.exceptions.JedisConnectionException: Could not get a resource from the pool
	at org.springframework.data.redis.core.RedisTemplateTests.tearDown(RedisTemplateTests.java:85)
Caused by: redis.clients.jedis.exceptions.JedisConnectionException: java.net.ConnectException: Connection refused (Connection refused)
	at org.springframework.data.redis.core.RedisTemplateTests.tearDown(RedisTemplateTests.java:85)
Caused by: java.net.ConnectException: Connection refused (Connection refused)
	at org.springframework.data.redis.core.RedisTemplateTests.tearDown(RedisTemplateTests.java:85)
</error>
  </testcase>
  <testcase name="testWatch[8]" classname="org.springframework.data.redis.core.RedisTemplateTests" time="0.001">
    <error message="Cannot get Jedis connection; nested exception is redis.clients.jedis.exceptions.JedisConnectionException: Could not get a resource from the pool" type="org.springframework.data.redis.RedisConnectionFailureException">org.springframework.data.redis.RedisConnectionFailureException: Cannot get Jedis connection; nested exception is redis.clients.jedis.exceptions.JedisConnectionException: Could not get a resource from the pool
	at org.springframework.data.redis.core.RedisTemplateTests.testWatch(RedisTemplateTests.java:686)
Caused by: redis.clients.jedis.exceptions.JedisConnectionException: Could not get a resource from the pool
	at org.springframework.data.redis.core.RedisTemplateTests.testWatch(RedisTemplateTests.java:686)
Caused by: redis.clients.jedis.exceptions.JedisConnectionException: java.net.ConnectException: Connection refused (Connection refused)
	at org.springframework.data.redis.core.RedisTemplateTests.testWatch(RedisTemplateTests.java:686)
Caused by: java.net.ConnectException: Connection refused (Connection refused)
	at org.springframework.data.redis.core.RedisTemplateTests.testWatch(RedisTemplateTests.java:686)
</error>
  </testcase>
  <testcase name="testWatch[8]" classname="org.springframework.data.redis.core.RedisTemplateTests" time="0.001">
    <error message="Cannot get Jedis connection; nested exception is redis.clients.jedis.exceptions.JedisConnectionException: Could not get a resource from the pool" type="org.springframework.data.redis.RedisConnectionFailureException">org.springframework.data.redis.RedisConnectionFailureException: Cannot get Jedis connection; nested exception is redis.clients.jedis.exceptions.JedisConnectionException: Could not get a resource from the pool
	at org.springframework.data.redis.core.RedisTemplateTests.tearDown(RedisTemplateTests.java:85)
Caused by: redis.clients.jedis.exceptions.JedisConnectionException: Could not get a resource from the pool
	at org.springframework.data.redis.core.RedisTemplateTests.tearDown(RedisTemplateTests.java:85)
Caused by: redis.clients.jedis.exceptions.JedisConnectionException: java.net.ConnectException: Connection refused (Connection refused)
	at org.springframework.data.redis.core.RedisTemplateTests.tearDown(RedisTemplateTests.java:85)
Caused by: java.net.ConnectException: Connection refused (Connection refused)
	at org.springframework.data.redis.core.RedisTemplateTests.tearDown(RedisTemplateTests.java:85)
</error>
  </testcase>
  <testcase name="testExec[8]" classname="org.springframework.data.redis.core.RedisTemplateTests" time="0.001">
    <error message="Cannot get Jedis connection; nested exception is redis.clients.jedis.exceptions.JedisConnectionException: Could not get a resource from the pool" type="org.springframework.data.redis.RedisConnectionFailureException">org.springframework.data.redis.RedisConnectionFailureException: Cannot get Jedis connection; nested exception is redis.clients.jedis.exceptions.JedisConnectionException: Could not get a resource from the pool
	at org.springframework.data.redis.core.RedisTemplateTests.testExec(RedisTemplateTests.java:168)
Caused by: redis.clients.jedis.exceptions.JedisConnectionException: Could not get a resource from the pool
	at org.springframework.data.redis.core.RedisTemplateTests.testExec(RedisTemplateTests.java:168)
Caused by: redis.clients.jedis.exceptions.JedisConnectionException: java.net.ConnectException: Connection refused (Connection refused)
	at org.springframework.data.redis.core.RedisTemplateTests.testExec(RedisTemplateTests.java:168)
Caused by: java.net.ConnectException: Connection refused (Connection refused)
	at org.springframework.data.redis.core.RedisTemplateTests.testExec(RedisTemplateTests.java:168)
</error>
  </testcase>
  <testcase name="testExec[8]" classname="org.springframework.data.redis.core.RedisTemplateTests" time="0.002">
    <error message="Cannot get Jedis connection; nested exception is redis.clients.jedis.exceptions.JedisConnectionException: Could not get a resource from the pool" type="org.springframework.data.redis.RedisConnectionFailureException">org.springframework.data.redis.RedisConnectionFailureException: Cannot get Jedis connection; nested exception is redis.clients.jedis.exceptions.JedisConnectionException: Could not get a resource from the pool
	at org.springframework.data.redis.core.RedisTemplateTests.tearDown(RedisTemplateTests.java:85)
Caused by: redis.clients.jedis.exceptions.JedisConnectionException: Could not get a resource from the pool
	at org.springframework.data.redis.core.RedisTemplateTests.tearDown(RedisTemplateTests.java:85)
Caused by: redis.clients.jedis.exceptions.JedisConnectionException: java.net.ConnectException: Connection refused (Connection refused)
	at org.springframework.data.redis.core.RedisTemplateTests.tearDown(RedisTemplateTests.java:85)
Caused by: java.net.ConnectException: Connection refused (Connection refused)
	at org.springframework.data.redis.core.RedisTemplateTests.tearDown(RedisTemplateTests.java:85)
</error>
  </testcase>
  <testcase name="testKeys[8]" classname="org.springframework.data.redis.core.RedisTemplateTests" time="0">
    <error message="Cannot get Jedis connection; nested exception is redis.clients.jedis.exceptions.JedisConnectionException: Could not get a resource from the pool" type="org.springframework.data.redis.RedisConnectionFailureException">org.springframework.data.redis.RedisConnectionFailureException: Cannot get Jedis connection; nested exception is redis.clients.jedis.exceptions.JedisConnectionException: Could not get a resource from the pool
	at org.springframework.data.redis.core.RedisTemplateTests.testKeys(RedisTemplateTests.java:134)
Caused by: redis.clients.jedis.exceptions.JedisConnectionException: Could not get a resource from the pool
	at org.springframework.data.redis.core.RedisTemplateTests.testKeys(RedisTemplateTests.java:134)
Caused by: redis.clients.jedis.exceptions.JedisConnectionException: java.net.ConnectException: Connection refused (Connection refused)
	at org.springframework.data.redis.core.RedisTemplateTests.testKeys(RedisTemplateTests.java:134)
Caused by: java.net.ConnectException: Connection refused (Connection refused)
	at org.springframework.data.redis.core.RedisTemplateTests.testKeys(RedisTemplateTests.java:134)
</error>
  </testcase>
  <testcase name="testKeys[8]" classname="org.springframework.data.redis.core.RedisTemplateTests" time="0.001">
    <error message="Cannot get Jedis connection; nested exception is redis.clients.jedis.exceptions.JedisConnectionException: Could not get a resource from the pool" type="org.springframework.data.redis.RedisConnectionFailureException">org.springframework.data.redis.RedisConnectionFailureException: Cannot get Jedis connection; nested exception is redis.clients.jedis.exceptions.JedisConnectionException: Could not get a resource from the pool
	at org.springframework.data.redis.core.RedisTemplateTests.tearDown(RedisTemplateTests.java:85)
Caused by: redis.clients.jedis.exceptions.JedisConnectionException: Could not get a resource from the pool
	at org.springframework.data.redis.core.RedisTemplateTests.tearDown(RedisTemplateTests.java:85)
Caused by: redis.clients.jedis.exceptions.JedisConnectionException: java.net.ConnectException: Connection refused (Connection refused)
	at org.springframework.data.redis.core.RedisTemplateTests.tearDown(RedisTemplateTests.java:85)
Caused by: java.net.ConnectException: Connection refused (Connection refused)
	at org.springframework.data.redis.core.RedisTemplateTests.tearDown(RedisTemplateTests.java:85)
</error>
  </testcase>
  <testcase name="testSort[8]" classname="org.springframework.data.redis.core.RedisTemplateTests" time="0">
    <error message="got: &lt;false&gt;, expected: is &lt;true&gt;" type="org.junit.AssumptionViolatedException"><![CDATA[org.junit.AssumptionViolatedException: got: <false>, expected: is <true>
	at org.springframework.data.redis.core.RedisTemplateTests.testSort(RedisTemplateTests.java:420)
]]></error>
  </testcase>
  <testcase name="testSort[8]" classname="org.springframework.data.redis.core.RedisTemplateTests" time="0">
    <error message="Cannot get Jedis connection; nested exception is redis.clients.jedis.exceptions.JedisConnectionException: Could not get a resource from the pool" type="org.springframework.data.redis.RedisConnectionFailureException">org.springframework.data.redis.RedisConnectionFailureException: Cannot get Jedis connection; nested exception is redis.clients.jedis.exceptions.JedisConnectionException: Could not get a resource from the pool
	at org.springframework.data.redis.core.RedisTemplateTests.tearDown(RedisTemplateTests.java:85)
Caused by: redis.clients.jedis.exceptions.JedisConnectionException: Could not get a resource from the pool
	at org.springframework.data.redis.core.RedisTemplateTests.tearDown(RedisTemplateTests.java:85)
Caused by: redis.clients.jedis.exceptions.JedisConnectionException: java.net.ConnectException: Connection refused (Connection refused)
	at org.springframework.data.redis.core.RedisTemplateTests.tearDown(RedisTemplateTests.java:85)
Caused by: java.net.ConnectException: Connection refused (Connection refused)
	at org.springframework.data.redis.core.RedisTemplateTests.tearDown(RedisTemplateTests.java:85)
</error>
  </testcase>
  <testcase name="testType[8]" classname="org.springframework.data.redis.core.RedisTemplateTests" time="0.001">
    <error message="Cannot get Jedis connection; nested exception is redis.clients.jedis.exceptions.JedisConnectionException: Could not get a resource from the pool" type="org.springframework.data.redis.RedisConnectionFailureException">org.springframework.data.redis.RedisConnectionFailureException: Cannot get Jedis connection; nested exception is redis.clients.jedis.exceptions.JedisConnectionException: Could not get a resource from the pool
	at org.springframework.data.redis.core.RedisTemplateTests.testType(RedisTemplateTests.java:676)
Caused by: redis.clients.jedis.exceptions.JedisConnectionException: Could not get a resource from the pool
	at org.springframework.data.redis.core.RedisTemplateTests.testType(RedisTemplateTests.java:676)
Caused by: redis.clients.jedis.exceptions.JedisConnectionException: java.net.ConnectException: Connection refused (Connection refused)
	at org.springframework.data.redis.core.RedisTemplateTests.testType(RedisTemplateTests.java:676)
Caused by: java.net.ConnectException: Connection refused (Connection refused)
	at org.springframework.data.redis.core.RedisTemplateTests.testType(RedisTemplateTests.java:676)
</error>
  </testcase>
  <testcase name="testType[8]" classname="org.springframework.data.redis.core.RedisTemplateTests" time="0.002">
    <error message="Cannot get Jedis connection; nested exception is redis.clients.jedis.exceptions.JedisConnectionException: Could not get a resource from the pool" type="org.springframework.data.redis.RedisConnectionFailureException">org.springframework.data.redis.RedisConnectionFailureException: Cannot get Jedis connection; nested exception is redis.clients.jedis.exceptions.JedisConnectionException: Could not get a resource from the pool
	at org.springframework.data.redis.core.RedisTemplateTests.tearDown(RedisTemplateTests.java:85)
Caused by: redis.clients.jedis.exceptions.JedisConnectionException: Could not get a resource from the pool
	at org.springframework.data.redis.core.RedisTemplateTests.tearDown(RedisTemplateTests.java:85)
Caused by: redis.clients.jedis.exceptions.JedisConnectionException: java.net.ConnectException: Connection refused (Connection refused)
	at org.springframework.data.redis.core.RedisTemplateTests.tearDown(RedisTemplateTests.java:85)
Caused by: java.net.ConnectException: Connection refused (Connection refused)
	at org.springframework.data.redis.core.RedisTemplateTests.tearDown(RedisTemplateTests.java:85)
</error>
  </testcase>
  <testcase name="testPersist[8]" classname="org.springframework.data.redis.core.RedisTemplateTests" time="0">
    <error message="Could not initialize class org.springframework.data.redis.RedisTestProfileValueSource" type="java.lang.NoClassDefFoundError">java.lang.NoClassDefFoundError: Could not initialize class org.springframework.data.redis.RedisTestProfileValueSource
	at org.springframework.data.redis.core.RedisTemplateTests.testPersist(RedisTemplateTests.java:634)
</error>
  </testcase>
  <testcase name="testPersist[8]" classname="org.springframework.data.redis.core.RedisTemplateTests" time="0">
    <error message="Cannot get Jedis connection; nested exception is redis.clients.jedis.exceptions.JedisConnectionException: Could not get a resource from the pool" type="org.springframework.data.redis.RedisConnectionFailureException">org.springframework.data.redis.RedisConnectionFailureException: Cannot get Jedis connection; nested exception is redis.clients.jedis.exceptions.JedisConnectionException: Could not get a resource from the pool
	at org.springframework.data.redis.core.RedisTemplateTests.tearDown(RedisTemplateTests.java:85)
Caused by: redis.clients.jedis.exceptions.JedisConnectionException: Could not get a resource from the pool
	at org.springframework.data.redis.core.RedisTemplateTests.tearDown(RedisTemplateTests.java:85)
Caused by: redis.clients.jedis.exceptions.JedisConnectionException: java.net.ConnectException: Connection refused (Connection refused)
	at org.springframework.data.redis.core.RedisTemplateTests.tearDown(RedisTemplateTests.java:85)
Caused by: java.net.ConnectException: Connection refused (Connection refused)
	at org.springframework.data.redis.core.RedisTemplateTests.tearDown(RedisTemplateTests.java:85)
</error>
  </testcase>
  <testcase name="testRenameIfAbsent[8]" classname="org.springframework.data.redis.core.RedisTemplateTests" time="0.001">
    <error message="Cannot get Jedis connection; nested exception is redis.clients.jedis.exceptions.JedisConnectionException: Could not get a resource from the pool" type="org.springframework.data.redis.RedisConnectionFailureException">org.springframework.data.redis.RedisConnectionFailureException: Cannot get Jedis connection; nested exception is redis.clients.jedis.exceptions.JedisConnectionException: Could not get a resource from the pool
	at org.springframework.data.redis.core.RedisTemplateTests.testRenameIfAbsent(RedisTemplateTests.java:667)
Caused by: redis.clients.jedis.exceptions.JedisConnectionException: Could not get a resource from the pool
	at org.springframework.data.redis.core.RedisTemplateTests.testRenameIfAbsent(RedisTemplateTests.java:667)
Caused by: redis.clients.jedis.exceptions.JedisConnectionException: java.net.ConnectException: Connection refused (Connection refused)
	at org.springframework.data.redis.core.RedisTemplateTests.testRenameIfAbsent(RedisTemplateTests.java:667)
Caused by: java.net.ConnectException: Connection refused (Connection refused)
	at org.springframework.data.redis.core.RedisTemplateTests.testRenameIfAbsent(RedisTemplateTests.java:667)
</error>
  </testcase>
  <testcase name="testRenameIfAbsent[8]" classname="org.springframework.data.redis.core.RedisTemplateTests" time="0.001">
    <error message="Cannot get Jedis connection; nested exception is redis.clients.jedis.exceptions.JedisConnectionException: Could not get a resource from the pool" type="org.springframework.data.redis.RedisConnectionFailureException">org.springframework.data.redis.RedisConnectionFailureException: Cannot get Jedis connection; nested exception is redis.clients.jedis.exceptions.JedisConnectionException: Could not get a resource from the pool
	at org.springframework.data.redis.core.RedisTemplateTests.tearDown(RedisTemplateTests.java:85)
Caused by: redis.clients.jedis.exceptions.JedisConnectionException: Could not get a resource from the pool
	at org.springframework.data.redis.core.RedisTemplateTests.tearDown(RedisTemplateTests.java:85)
Caused by: redis.clients.jedis.exceptions.JedisConnectionException: java.net.ConnectException: Connection refused (Connection refused)
	at org.springframework.data.redis.core.RedisTemplateTests.tearDown(RedisTemplateTests.java:85)
Caused by: java.net.ConnectException: Connection refused (Connection refused)
	at org.springframework.data.redis.core.RedisTemplateTests.tearDown(RedisTemplateTests.java:85)
</error>
  </testcase>
  <testcase name="testUnwatch[8]" classname="org.springframework.data.redis.core.RedisTemplateTests" time="0.001">
    <error message="Cannot get Jedis connection; nested exception is redis.clients.jedis.exceptions.JedisConnectionException: Could not get a resource from the pool" type="org.springframework.data.redis.RedisConnectionFailureException">org.springframework.data.redis.RedisConnectionFailureException: Cannot get Jedis connection; nested exception is redis.clients.jedis.exceptions.JedisConnectionException: Could not get a resource from the pool
	at org.springframework.data.redis.core.RedisTemplateTests.testUnwatch(RedisTemplateTests.java:723)
Caused by: redis.clients.jedis.exceptions.JedisConnectionException: Could not get a resource from the pool
	at org.springframework.data.redis.core.RedisTemplateTests.testUnwatch(RedisTemplateTests.java:723)
Caused by: redis.clients.jedis.exceptions.JedisConnectionException: java.net.ConnectException: Connection refused (Connection refused)
	at org.springframework.data.redis.core.RedisTemplateTests.testUnwatch(RedisTemplateTests.java:723)
Caused by: java.net.ConnectException: Connection refused (Connection refused)
	at org.springframework.data.redis.core.RedisTemplateTests.testUnwatch(RedisTemplateTests.java:723)
</error>
  </testcase>
  <testcase name="testUnwatch[8]" classname="org.springframework.data.redis.core.RedisTemplateTests" time="0.002">
    <error message="Cannot get Jedis connection; nested exception is redis.clients.jedis.exceptions.JedisConnectionException: Could not get a resource from the pool" type="org.springframework.data.redis.RedisConnectionFailureException">org.springframework.data.redis.RedisConnectionFailureException: Cannot get Jedis connection; nested exception is redis.clients.jedis.exceptions.JedisConnectionException: Could not get a resource from the pool
	at org.springframework.data.redis.core.RedisTemplateTests.tearDown(RedisTemplateTests.java:85)
Caused by: redis.clients.jedis.exceptions.JedisConnectionException: Could not get a resource from the pool
	at org.springframework.data.redis.core.RedisTemplateTests.tearDown(RedisTemplateTests.java:85)
Caused by: redis.clients.jedis.exceptions.JedisConnectionException: java.net.ConnectException: Connection refused (Connection refused)
	at org.springframework.data.redis.core.RedisTemplateTests.tearDown(RedisTemplateTests.java:85)
Caused by: java.net.ConnectException: Connection refused (Connection refused)
	at org.springframework.data.redis.core.RedisTemplateTests.tearDown(RedisTemplateTests.java:85)
</error>
  </testcase>
  <testcase name="testGetExpireMillisUsingTransactions[8]" classname="org.springframework.data.redis.core.RedisTemplateTests" time="0">
    <error message="Cannot get Jedis connection; nested exception is redis.clients.jedis.exceptions.JedisConnectionException: Could not get a resource from the pool" type="org.springframework.data.redis.RedisConnectionFailureException">org.springframework.data.redis.RedisConnectionFailureException: Cannot get Jedis connection; nested exception is redis.clients.jedis.exceptions.JedisConnectionException: Could not get a resource from the pool
	at org.springframework.data.redis.core.RedisTemplateTests.testGetExpireMillisUsingTransactions(RedisTemplateTests.java:541)
Caused by: redis.clients.jedis.exceptions.JedisConnectionException: Could not get a resource from the pool
	at org.springframework.data.redis.core.RedisTemplateTests.testGetExpireMillisUsingTransactions(RedisTemplateTests.java:541)
Caused by: redis.clients.jedis.exceptions.JedisConnectionException: java.net.ConnectException: Connection refused (Connection refused)
	at org.springframework.data.redis.core.RedisTemplateTests.testGetExpireMillisUsingTransactions(RedisTemplateTests.java:541)
Caused by: java.net.ConnectException: Connection refused (Connection refused)
	at org.springframework.data.redis.core.RedisTemplateTests.testGetExpireMillisUsingTransactions(RedisTemplateTests.java:541)
</error>
  </testcase>
  <testcase name="testGetExpireMillisUsingTransactions[8]" classname="org.springframework.data.redis.core.RedisTemplateTests" time="0.001">
    <error message="Cannot get Jedis connection; nested exception is redis.clients.jedis.exceptions.JedisConnectionException: Could not get a resource from the pool" type="org.springframework.data.redis.RedisConnectionFailureException">org.springframework.data.redis.RedisConnectionFailureException: Cannot get Jedis connection; nested exception is redis.clients.jedis.exceptions.JedisConnectionException: Could not get a resource from the pool
	at org.springframework.data.redis.core.RedisTemplateTests.tearDown(RedisTemplateTests.java:85)
Caused by: redis.clients.jedis.exceptions.JedisConnectionException: Could not get a resource from the pool
	at org.springframework.data.redis.core.RedisTemplateTests.tearDown(RedisTemplateTests.java:85)
Caused by: redis.clients.jedis.exceptions.JedisConnectionException: java.net.ConnectException: Connection refused (Connection refused)
	at org.springframework.data.redis.core.RedisTemplateTests.tearDown(RedisTemplateTests.java:85)
Caused by: java.net.ConnectException: Connection refused (Connection refused)
	at org.springframework.data.redis.core.RedisTemplateTests.tearDown(RedisTemplateTests.java:85)
</error>
  </testcase>
  <testcase name="testExecCustomSerializer[8]" classname="org.springframework.data.redis.core.RedisTemplateTests" time="0">
    <error message="got: &lt;false&gt;, expected: is &lt;true&gt;" type="org.junit.AssumptionViolatedException"><![CDATA[org.junit.AssumptionViolatedException: got: <false>, expected: is <true>
	at org.springframework.data.redis.core.RedisTemplateTests.testExecCustomSerializer(RedisTemplateTests.java:210)
]]></error>
  </testcase>
  <testcase name="testExecCustomSerializer[8]" classname="org.springframework.data.redis.core.RedisTemplateTests" time="0">
    <error message="Cannot get Jedis connection; nested exception is redis.clients.jedis.exceptions.JedisConnectionException: Could not get a resource from the pool" type="org.springframework.data.redis.RedisConnectionFailureException">org.springframework.data.redis.RedisConnectionFailureException: Cannot get Jedis connection; nested exception is redis.clients.jedis.exceptions.JedisConnectionException: Could not get a resource from the pool
	at org.springframework.data.redis.core.RedisTemplateTests.tearDown(RedisTemplateTests.java:85)
Caused by: redis.clients.jedis.exceptions.JedisConnectionException: Could not get a resource from the pool
	at org.springframework.data.redis.core.RedisTemplateTests.tearDown(RedisTemplateTests.java:85)
Caused by: redis.clients.jedis.exceptions.JedisConnectionException: java.net.ConnectException: Connection refused (Connection refused)
	at org.springframework.data.redis.core.RedisTemplateTests.tearDown(RedisTemplateTests.java:85)
Caused by: java.net.ConnectException: Connection refused (Connection refused)
	at org.springframework.data.redis.core.RedisTemplateTests.tearDown(RedisTemplateTests.java:85)
</error>
  </testcase>
  <testcase name="testExecutePipelinedCustomSerializer[8]" classname="org.springframework.data.redis.core.RedisTemplateTests" time="0.001">
    <error message="got: &lt;false&gt;, expected: is &lt;true&gt;" type="org.junit.AssumptionViolatedException"><![CDATA[org.junit.AssumptionViolatedException: got: <false>, expected: is <true>
	at org.springframework.data.redis.core.RedisTemplateTests.testExecutePipelinedCustomSerializer(RedisTemplateTests.java:292)
]]></error>
  </testcase>
  <testcase name="testExecutePipelinedCustomSerializer[8]" classname="org.springframework.data.redis.core.RedisTemplateTests" time="0.001">
    <error message="Cannot get Jedis connection; nested exception is redis.clients.jedis.exceptions.JedisConnectionException: Could not get a resource from the pool" type="org.springframework.data.redis.RedisConnectionFailureException">org.springframework.data.redis.RedisConnectionFailureException: Cannot get Jedis connection; nested exception is redis.clients.jedis.exceptions.JedisConnectionException: Could not get a resource from the pool
	at org.springframework.data.redis.core.RedisTemplateTests.tearDown(RedisTemplateTests.java:85)
Caused by: redis.clients.jedis.exceptions.JedisConnectionException: Could not get a resource from the pool
	at org.springframework.data.redis.core.RedisTemplateTests.tearDown(RedisTemplateTests.java:85)
Caused by: redis.clients.jedis.exceptions.JedisConnectionException: java.net.ConnectException: Connection refused (Connection refused)
	at org.springframework.data.redis.core.RedisTemplateTests.tearDown(RedisTemplateTests.java:85)
Caused by: java.net.ConnectException: Connection refused (Connection refused)
	at org.springframework.data.redis.core.RedisTemplateTests.tearDown(RedisTemplateTests.java:85)
</error>
  </testcase>
  <testcase name="testExpireAtMillisNotSupported[8]" classname="org.springframework.data.redis.core.RedisTemplateTests" time="0">
    <error message="Could not initialize class org.springframework.data.redis.RedisTestProfileValueSource" type="java.lang.NoClassDefFoundError">java.lang.NoClassDefFoundError: Could not initialize class org.springframework.data.redis.RedisTestProfileValueSource
	at org.springframework.data.redis.core.RedisTemplateTests.testExpireAtMillisNotSupported(RedisTemplateTests.java:616)
</error>
  </testcase>
  <testcase name="testExpireAtMillisNotSupported[8]" classname="org.springframework.data.redis.core.RedisTemplateTests" time="0.001">
    <error message="Cannot get Jedis connection; nested exception is redis.clients.jedis.exceptions.JedisConnectionException: Could not get a resource from the pool" type="org.springframework.data.redis.RedisConnectionFailureException">org.springframework.data.redis.RedisConnectionFailureException: Cannot get Jedis connection; nested exception is redis.clients.jedis.exceptions.JedisConnectionException: Could not get a resource from the pool
	at org.springframework.data.redis.core.RedisTemplateTests.tearDown(RedisTemplateTests.java:85)
Caused by: redis.clients.jedis.exceptions.JedisConnectionException: Could not get a resource from the pool
	at org.springframework.data.redis.core.RedisTemplateTests.tearDown(RedisTemplateTests.java:85)
Caused by: redis.clients.jedis.exceptions.JedisConnectionException: java.net.ConnectException: Connection refused (Connection refused)
	at org.springframework.data.redis.core.RedisTemplateTests.tearDown(RedisTemplateTests.java:85)
Caused by: java.net.ConnectException: Connection refused (Connection refused)
	at org.springframework.data.redis.core.RedisTemplateTests.tearDown(RedisTemplateTests.java:85)
</error>
  </testcase>
  <testcase name="testGetExpireSecondsForKeyDoesNotExist[8]" classname="org.springframework.data.redis.core.RedisTemplateTests" time="0">
    <error message="Cannot get Jedis connection; nested exception is redis.clients.jedis.exceptions.JedisConnectionException: Could not get a resource from the pool" type="org.springframework.data.redis.RedisConnectionFailureException">org.springframework.data.redis.RedisConnectionFailureException: Cannot get Jedis connection; nested exception is redis.clients.jedis.exceptions.JedisConnectionException: Could not get a resource from the pool
	at org.springframework.data.redis.core.RedisTemplateTests.testGetExpireSecondsForKeyDoesNotExist(RedisTemplateTests.java:485)
Caused by: redis.clients.jedis.exceptions.JedisConnectionException: Could not get a resource from the pool
	at org.springframework.data.redis.core.RedisTemplateTests.testGetExpireSecondsForKeyDoesNotExist(RedisTemplateTests.java:485)
Caused by: redis.clients.jedis.exceptions.JedisConnectionException: java.net.ConnectException: Connection refused (Connection refused)
	at org.springframework.data.redis.core.RedisTemplateTests.testGetExpireSecondsForKeyDoesNotExist(RedisTemplateTests.java:485)
Caused by: java.net.ConnectException: Connection refused (Connection refused)
	at org.springframework.data.redis.core.RedisTemplateTests.testGetExpireSecondsForKeyDoesNotExist(RedisTemplateTests.java:485)
</error>
  </testcase>
  <testcase name="testGetExpireSecondsForKeyDoesNotExist[8]" classname="org.springframework.data.redis.core.RedisTemplateTests" time="0.001">
    <error message="Cannot get Jedis connection; nested exception is redis.clients.jedis.exceptions.JedisConnectionException: Could not get a resource from the pool" type="org.springframework.data.redis.RedisConnectionFailureException">org.springframework.data.redis.RedisConnectionFailureException: Cannot get Jedis connection; nested exception is redis.clients.jedis.exceptions.JedisConnectionException: Could not get a resource from the pool
	at org.springframework.data.redis.core.RedisTemplateTests.tearDown(RedisTemplateTests.java:85)
Caused by: redis.clients.jedis.exceptions.JedisConnectionException: Could not get a resource from the pool
	at org.springframework.data.redis.core.RedisTemplateTests.tearDown(RedisTemplateTests.java:85)
Caused by: redis.clients.jedis.exceptions.JedisConnectionException: java.net.ConnectException: Connection refused (Connection refused)
	at org.springframework.data.redis.core.RedisTemplateTests.tearDown(RedisTemplateTests.java:85)
Caused by: java.net.ConnectException: Connection refused (Connection refused)
	at org.springframework.data.redis.core.RedisTemplateTests.tearDown(RedisTemplateTests.java:85)
</error>
  </testcase>
  <testcase name="testRandomKey[8]" classname="org.springframework.data.redis.core.RedisTemplateTests" time="0.001">
    <error message="Cannot get Jedis connection; nested exception is redis.clients.jedis.exceptions.JedisConnectionException: Could not get a resource from the pool" type="org.springframework.data.redis.RedisConnectionFailureException">org.springframework.data.redis.RedisConnectionFailureException: Cannot get Jedis connection; nested exception is redis.clients.jedis.exceptions.JedisConnectionException: Could not get a resource from the pool
	at org.springframework.data.redis.core.RedisTemplateTests.testRandomKey(RedisTemplateTests.java:648)
Caused by: redis.clients.jedis.exceptions.JedisConnectionException: Could not get a resource from the pool
	at org.springframework.data.redis.core.RedisTemplateTests.testRandomKey(RedisTemplateTests.java:648)
Caused by: redis.clients.jedis.exceptions.JedisConnectionException: java.net.ConnectException: Connection refused (Connection refused)
	at org.springframework.data.redis.core.RedisTemplateTests.testRandomKey(RedisTemplateTests.java:648)
Caused by: java.net.ConnectException: Connection refused (Connection refused)
	at org.springframework.data.redis.core.RedisTemplateTests.testRandomKey(RedisTemplateTests.java:648)
</error>
  </testcase>
  <testcase name="testRandomKey[8]" classname="org.springframework.data.redis.core.RedisTemplateTests" time="0.001">
    <error message="Cannot get Jedis connection; nested exception is redis.clients.jedis.exceptions.JedisConnectionException: Could not get a resource from the pool" type="org.springframework.data.redis.RedisConnectionFailureException">org.springframework.data.redis.RedisConnectionFailureException: Cannot get Jedis connection; nested exception is redis.clients.jedis.exceptions.JedisConnectionException: Could not get a resource from the pool
	at org.springframework.data.redis.core.RedisTemplateTests.tearDown(RedisTemplateTests.java:85)
Caused by: redis.clients.jedis.exceptions.JedisConnectionException: Could not get a resource from the pool
	at org.springframework.data.redis.core.RedisTemplateTests.tearDown(RedisTemplateTests.java:85)
Caused by: redis.clients.jedis.exceptions.JedisConnectionException: java.net.ConnectException: Connection refused (Connection refused)
	at org.springframework.data.redis.core.RedisTemplateTests.tearDown(RedisTemplateTests.java:85)
Caused by: java.net.ConnectException: Connection refused (Connection refused)
	at org.springframework.data.redis.core.RedisTemplateTests.tearDown(RedisTemplateTests.java:85)
</error>
  </testcase>
  <testcase name="clientListShouldReturnCorrectly[8]" classname="org.springframework.data.redis.core.RedisTemplateTests" time="0.001">
    <error message="Cannot get Jedis connection; nested exception is redis.clients.jedis.exceptions.JedisConnectionException: Could not get a resource from the pool" type="org.springframework.data.redis.RedisConnectionFailureException">org.springframework.data.redis.RedisConnectionFailureException: Cannot get Jedis connection; nested exception is redis.clients.jedis.exceptions.JedisConnectionException: Could not get a resource from the pool
	at org.springframework.data.redis.core.RedisTemplateTests.clientListShouldReturnCorrectly(RedisTemplateTests.java:809)
Caused by: redis.clients.jedis.exceptions.JedisConnectionException: Could not get a resource from the pool
	at org.springframework.data.redis.core.RedisTemplateTests.clientListShouldReturnCorrectly(RedisTemplateTests.java:809)
Caused by: redis.clients.jedis.exceptions.JedisConnectionException: java.net.ConnectException: Connection refused (Connection refused)
	at org.springframework.data.redis.core.RedisTemplateTests.clientListShouldReturnCorrectly(RedisTemplateTests.java:809)
Caused by: java.net.ConnectException: Connection refused (Connection refused)
	at org.springframework.data.redis.core.RedisTemplateTests.clientListShouldReturnCorrectly(RedisTemplateTests.java:809)
</error>
  </testcase>
  <testcase name="clientListShouldReturnCorrectly[8]" classname="org.springframework.data.redis.core.RedisTemplateTests" time="0.001">
    <error message="Cannot get Jedis connection; nested exception is redis.clients.jedis.exceptions.JedisConnectionException: Could not get a resource from the pool" type="org.springframework.data.redis.RedisConnectionFailureException">org.springframework.data.redis.RedisConnectionFailureException: Cannot get Jedis connection; nested exception is redis.clients.jedis.exceptions.JedisConnectionException: Could not get a resource from the pool
	at org.springframework.data.redis.core.RedisTemplateTests.tearDown(RedisTemplateTests.java:85)
Caused by: redis.clients.jedis.exceptions.JedisConnectionException: Could not get a resource from the pool
	at org.springframework.data.redis.core.RedisTemplateTests.tearDown(RedisTemplateTests.java:85)
Caused by: redis.clients.jedis.exceptions.JedisConnectionException: java.net.ConnectException: Connection refused (Connection refused)
	at org.springframework.data.redis.core.RedisTemplateTests.tearDown(RedisTemplateTests.java:85)
Caused by: java.net.ConnectException: Connection refused (Connection refused)
	at org.springframework.data.redis.core.RedisTemplateTests.tearDown(RedisTemplateTests.java:85)
</error>
  </testcase>
  <testcase name="testExecutePipelinedNonNullSessionCallback[8]" classname="org.springframework.data.redis.core.RedisTemplateTests" time="0.001">
    <error message="Unexpected exception, expected&lt;org.springframework.dao.InvalidDataAccessApiUsageException&gt; but was&lt;org.springframework.data.redis.RedisConnectionFailureException&gt;" type="java.lang.Exception"><![CDATA[java.lang.Exception: Unexpected exception, expected<org.springframework.dao.InvalidDataAccessApiUsageException> but was<org.springframework.data.redis.RedisConnectionFailureException>
	at org.springframework.data.redis.core.RedisTemplateTests.testExecutePipelinedNonNullSessionCallback(RedisTemplateTests.java:377)
Caused by: redis.clients.jedis.exceptions.JedisConnectionException: Could not get a resource from the pool
	at org.springframework.data.redis.core.RedisTemplateTests.testExecutePipelinedNonNullSessionCallback(RedisTemplateTests.java:377)
Caused by: redis.clients.jedis.exceptions.JedisConnectionException: java.net.ConnectException: Connection refused (Connection refused)
	at org.springframework.data.redis.core.RedisTemplateTests.testExecutePipelinedNonNullSessionCallback(RedisTemplateTests.java:377)
Caused by: java.net.ConnectException: Connection refused (Connection refused)
	at org.springframework.data.redis.core.RedisTemplateTests.testExecutePipelinedNonNullSessionCallback(RedisTemplateTests.java:377)
]]></error>
  </testcase>
  <testcase name="testExecutePipelinedNonNullSessionCallback[8]" classname="org.springframework.data.redis.core.RedisTemplateTests" time="0.001">
    <error message="Cannot get Jedis connection; nested exception is redis.clients.jedis.exceptions.JedisConnectionException: Could not get a resource from the pool" type="org.springframework.data.redis.RedisConnectionFailureException">org.springframework.data.redis.RedisConnectionFailureException: Cannot get Jedis connection; nested exception is redis.clients.jedis.exceptions.JedisConnectionException: Could not get a resource from the pool
	at org.springframework.data.redis.core.RedisTemplateTests.tearDown(RedisTemplateTests.java:85)
Caused by: redis.clients.jedis.exceptions.JedisConnectionException: Could not get a resource from the pool
	at org.springframework.data.redis.core.RedisTemplateTests.tearDown(RedisTemplateTests.java:85)
Caused by: redis.clients.jedis.exceptions.JedisConnectionException: java.net.ConnectException: Connection refused (Connection refused)
	at org.springframework.data.redis.core.RedisTemplateTests.tearDown(RedisTemplateTests.java:85)
Caused by: java.net.ConnectException: Connection refused (Connection refused)
	at org.springframework.data.redis.core.RedisTemplateTests.tearDown(RedisTemplateTests.java:85)
</error>
  </testcase>
  <testcase name="testConvertAndSend[8]" classname="org.springframework.data.redis.core.RedisTemplateTests" time="0.001">
    <error message="Cannot get Jedis connection; nested exception is redis.clients.jedis.exceptions.JedisConnectionException: Could not get a resource from the pool" type="org.springframework.data.redis.RedisConnectionFailureException">org.springframework.data.redis.RedisConnectionFailureException: Cannot get Jedis connection; nested exception is redis.clients.jedis.exceptions.JedisConnectionException: Could not get a resource from the pool
	at org.springframework.data.redis.core.RedisTemplateTests.testConvertAndSend(RedisTemplateTests.java:793)
Caused by: redis.clients.jedis.exceptions.JedisConnectionException: Could not get a resource from the pool
	at org.springframework.data.redis.core.RedisTemplateTests.testConvertAndSend(RedisTemplateTests.java:793)
Caused by: redis.clients.jedis.exceptions.JedisConnectionException: java.net.ConnectException: Connection refused (Connection refused)
	at org.springframework.data.redis.core.RedisTemplateTests.testConvertAndSend(RedisTemplateTests.java:793)
Caused by: java.net.ConnectException: Connection refused (Connection refused)
	at org.springframework.data.redis.core.RedisTemplateTests.testConvertAndSend(RedisTemplateTests.java:793)
</error>
  </testcase>
  <testcase name="testConvertAndSend[8]" classname="org.springframework.data.redis.core.RedisTemplateTests" time="0.002">
    <error message="Cannot get Jedis connection; nested exception is redis.clients.jedis.exceptions.JedisConnectionException: Could not get a resource from the pool" type="org.springframework.data.redis.RedisConnectionFailureException">org.springframework.data.redis.RedisConnectionFailureException: Cannot get Jedis connection; nested exception is redis.clients.jedis.exceptions.JedisConnectionException: Could not get a resource from the pool
	at org.springframework.data.redis.core.RedisTemplateTests.tearDown(RedisTemplateTests.java:85)
Caused by: redis.clients.jedis.exceptions.JedisConnectionException: Could not get a resource from the pool
	at org.springframework.data.redis.core.RedisTemplateTests.tearDown(RedisTemplateTests.java:85)
Caused by: redis.clients.jedis.exceptions.JedisConnectionException: java.net.ConnectException: Connection refused (Connection refused)
	at org.springframework.data.redis.core.RedisTemplateTests.tearDown(RedisTemplateTests.java:85)
Caused by: java.net.ConnectException: Connection refused (Connection refused)
	at org.springframework.data.redis.core.RedisTemplateTests.tearDown(RedisTemplateTests.java:85)
</error>
  </testcase>
  <testcase name="testGetExpireMillisNotSupported[8]" classname="org.springframework.data.redis.core.RedisTemplateTests" time="0">
    <error message="got: &lt;false&gt;, expected: is &lt;true&gt;" type="org.junit.AssumptionViolatedException"><![CDATA[org.junit.AssumptionViolatedException: got: <false>, expected: is <true>
	at org.springframework.data.redis.core.RedisTemplateTests.testGetExpireMillisNotSupported(RedisTemplateTests.java:594)
]]></error>
  </testcase>
  <testcase name="testGetExpireMillisNotSupported[8]" classname="org.springframework.data.redis.core.RedisTemplateTests" time="0">
    <error message="Cannot get Jedis connection; nested exception is redis.clients.jedis.exceptions.JedisConnectionException: Could not get a resource from the pool" type="org.springframework.data.redis.RedisConnectionFailureException">org.springframework.data.redis.RedisConnectionFailureException: Cannot get Jedis connection; nested exception is redis.clients.jedis.exceptions.JedisConnectionException: Could not get a resource from the pool
	at org.springframework.data.redis.core.RedisTemplateTests.tearDown(RedisTemplateTests.java:85)
Caused by: redis.clients.jedis.exceptions.JedisConnectionException: Could not get a resource from the pool
	at org.springframework.data.redis.core.RedisTemplateTests.tearDown(RedisTemplateTests.java:85)
Caused by: redis.clients.jedis.exceptions.JedisConnectionException: java.net.ConnectException: Connection refused (Connection refused)
	at org.springframework.data.redis.core.RedisTemplateTests.tearDown(RedisTemplateTests.java:85)
Caused by: java.net.ConnectException: Connection refused (Connection refused)
	at org.springframework.data.redis.core.RedisTemplateTests.tearDown(RedisTemplateTests.java:85)
</error>
  </testcase>
  <testcase name="testTemplateNotInitialized[8]" classname="org.springframework.data.redis.core.RedisTemplateTests" time="0">
    <error message="Cannot get Jedis connection; nested exception is redis.clients.jedis.exceptions.JedisConnectionException: Could not get a resource from the pool" type="org.springframework.data.redis.RedisConnectionFailureException">org.springframework.data.redis.RedisConnectionFailureException: Cannot get Jedis connection; nested exception is redis.clients.jedis.exceptions.JedisConnectionException: Could not get a resource from the pool
	at org.springframework.data.redis.core.RedisTemplateTests.tearDown(RedisTemplateTests.java:85)
Caused by: redis.clients.jedis.exceptions.JedisConnectionException: Could not get a resource from the pool
	at org.springframework.data.redis.core.RedisTemplateTests.tearDown(RedisTemplateTests.java:85)
Caused by: redis.clients.jedis.exceptions.JedisConnectionException: java.net.ConnectException: Connection refused (Connection refused)
	at org.springframework.data.redis.core.RedisTemplateTests.tearDown(RedisTemplateTests.java:85)
Caused by: java.net.ConnectException: Connection refused (Connection refused)
	at org.springframework.data.redis.core.RedisTemplateTests.tearDown(RedisTemplateTests.java:85)
</error>
  </testcase>
  <testcase name="testSortStore[8]" classname="org.springframework.data.redis.core.RedisTemplateTests" time="0.001">
    <error message="got: &lt;false&gt;, expected: is &lt;true&gt;" type="org.junit.AssumptionViolatedException"><![CDATA[org.junit.AssumptionViolatedException: got: <false>, expected: is <true>
	at org.springframework.data.redis.core.RedisTemplateTests.testSortStore(RedisTemplateTests.java:433)
]]></error>
  </testcase>
  <testcase name="testSortStore[8]" classname="org.springframework.data.redis.core.RedisTemplateTests" time="0.001">
    <error message="Cannot get Jedis connection; nested exception is redis.clients.jedis.exceptions.JedisConnectionException: Could not get a resource from the pool" type="org.springframework.data.redis.RedisConnectionFailureException">org.springframework.data.redis.RedisConnectionFailureException: Cannot get Jedis connection; nested exception is redis.clients.jedis.exceptions.JedisConnectionException: Could not get a resource from the pool
	at org.springframework.data.redis.core.RedisTemplateTests.tearDown(RedisTemplateTests.java:85)
Caused by: redis.clients.jedis.exceptions.JedisConnectionException: Could not get a resource from the pool
	at org.springframework.data.redis.core.RedisTemplateTests.tearDown(RedisTemplateTests.java:85)
Caused by: redis.clients.jedis.exceptions.JedisConnectionException: java.net.ConnectException: Connection refused (Connection refused)
	at org.springframework.data.redis.core.RedisTemplateTests.tearDown(RedisTemplateTests.java:85)
Caused by: java.net.ConnectException: Connection refused (Connection refused)
	at org.springframework.data.redis.core.RedisTemplateTests.tearDown(RedisTemplateTests.java:85)
</error>
  </testcase>
  <testcase name="testGetExpireMillisForKeyDoesNotExist[8]" classname="org.springframework.data.redis.core.RedisTemplateTests" time="0.001">
    <error message="Cannot get Jedis connection; nested exception is redis.clients.jedis.exceptions.JedisConnectionException: Could not get a resource from the pool" type="org.springframework.data.redis.RedisConnectionFailureException">org.springframework.data.redis.RedisConnectionFailureException: Cannot get Jedis connection; nested exception is redis.clients.jedis.exceptions.JedisConnectionException: Could not get a resource from the pool
	at org.springframework.data.redis.core.RedisTemplateTests.testGetExpireMillisForKeyDoesNotExist(RedisTemplateTests.java:501)
Caused by: redis.clients.jedis.exceptions.JedisConnectionException: Could not get a resource from the pool
	at org.springframework.data.redis.core.RedisTemplateTests.testGetExpireMillisForKeyDoesNotExist(RedisTemplateTests.java:501)
Caused by: redis.clients.jedis.exceptions.JedisConnectionException: java.net.ConnectException: Connection refused (Connection refused)
	at org.springframework.data.redis.core.RedisTemplateTests.testGetExpireMillisForKeyDoesNotExist(RedisTemplateTests.java:501)
Caused by: java.net.ConnectException: Connection refused (Connection refused)
	at org.springframework.data.redis.core.RedisTemplateTests.testGetExpireMillisForKeyDoesNotExist(RedisTemplateTests.java:501)
</error>
  </testcase>
  <testcase name="testGetExpireMillisForKeyDoesNotExist[8]" classname="org.springframework.data.redis.core.RedisTemplateTests" time="0.001">
    <error message="Cannot get Jedis connection; nested exception is redis.clients.jedis.exceptions.JedisConnectionException: Could not get a resource from the pool" type="org.springframework.data.redis.RedisConnectionFailureException">org.springframework.data.redis.RedisConnectionFailureException: Cannot get Jedis connection; nested exception is redis.clients.jedis.exceptions.JedisConnectionException: Could not get a resource from the pool
	at org.springframework.data.redis.core.RedisTemplateTests.tearDown(RedisTemplateTests.java:85)
Caused by: redis.clients.jedis.exceptions.JedisConnectionException: Could not get a resource from the pool
	at org.springframework.data.redis.core.RedisTemplateTests.tearDown(RedisTemplateTests.java:85)
Caused by: redis.clients.jedis.exceptions.JedisConnectionException: java.net.ConnectException: Connection refused (Connection refused)
	at org.springframework.data.redis.core.RedisTemplateTests.tearDown(RedisTemplateTests.java:85)
Caused by: java.net.ConnectException: Connection refused (Connection refused)
	at org.springframework.data.redis.core.RedisTemplateTests.tearDown(RedisTemplateTests.java:85)
</error>
  </testcase>
  <testcase name="testExecConversionDisabled[8]" classname="org.springframework.data.redis.core.RedisTemplateTests" time="0.002">
    <error message="Unable to connect to Redis; nested exception is io.lettuce.core.RedisConnectionException: Unable to connect to 127.0.0.1:6379" type="org.springframework.data.redis.RedisConnectionFailureException">org.springframework.data.redis.RedisConnectionFailureException: Unable to connect to Redis; nested exception is io.lettuce.core.RedisConnectionException: Unable to connect to 127.0.0.1:6379
	at org.springframework.data.redis.core.RedisTemplateTests.testExecConversionDisabled(RedisTemplateTests.java:253)
Caused by: io.lettuce.core.RedisConnectionException: Unable to connect to 127.0.0.1:6379
	at org.springframework.data.redis.core.RedisTemplateTests.testExecConversionDisabled(RedisTemplateTests.java:253)
Caused by: io.netty.channel.AbstractChannel$AnnotatedConnectException: syscall:getsockopt(..) failed: Connection refused: /127.0.0.1:6379
Caused by: io.netty.channel.unix.Errors$NativeConnectException: syscall:getsockopt(..) failed: Connection refused
</error>
  </testcase>
  <testcase name="testExecConversionDisabled[8]" classname="org.springframework.data.redis.core.RedisTemplateTests" time="0.002">
    <error message="Cannot get Jedis connection; nested exception is redis.clients.jedis.exceptions.JedisConnectionException: Could not get a resource from the pool" type="org.springframework.data.redis.RedisConnectionFailureException">org.springframework.data.redis.RedisConnectionFailureException: Cannot get Jedis connection; nested exception is redis.clients.jedis.exceptions.JedisConnectionException: Could not get a resource from the pool
	at org.springframework.data.redis.core.RedisTemplateTests.tearDown(RedisTemplateTests.java:85)
Caused by: redis.clients.jedis.exceptions.JedisConnectionException: Could not get a resource from the pool
	at org.springframework.data.redis.core.RedisTemplateTests.tearDown(RedisTemplateTests.java:85)
Caused by: redis.clients.jedis.exceptions.JedisConnectionException: java.net.ConnectException: Connection refused (Connection refused)
	at org.springframework.data.redis.core.RedisTemplateTests.tearDown(RedisTemplateTests.java:85)
Caused by: java.net.ConnectException: Connection refused (Connection refused)
	at org.springframework.data.redis.core.RedisTemplateTests.tearDown(RedisTemplateTests.java:85)
</error>
  </testcase>
  <testcase name="testGetExpireSecondsForKeyExistButHasNoAssociatedExpire[8]" classname="org.springframework.data.redis.core.RedisTemplateTests" time="0.001">
    <error message="Cannot get Jedis connection; nested exception is redis.clients.jedis.exceptions.JedisConnectionException: Could not get a resource from the pool" type="org.springframework.data.redis.RedisConnectionFailureException">org.springframework.data.redis.RedisConnectionFailureException: Cannot get Jedis connection; nested exception is redis.clients.jedis.exceptions.JedisConnectionException: Could not get a resource from the pool
	at org.springframework.data.redis.core.RedisTemplateTests.testGetExpireSecondsForKeyExistButHasNoAssociatedExpire(RedisTemplateTests.java:493)
Caused by: redis.clients.jedis.exceptions.JedisConnectionException: Could not get a resource from the pool
	at org.springframework.data.redis.core.RedisTemplateTests.testGetExpireSecondsForKeyExistButHasNoAssociatedExpire(RedisTemplateTests.java:493)
Caused by: redis.clients.jedis.exceptions.JedisConnectionException: java.net.ConnectException: Connection refused (Connection refused)
	at org.springframework.data.redis.core.RedisTemplateTests.testGetExpireSecondsForKeyExistButHasNoAssociatedExpire(RedisTemplateTests.java:493)
Caused by: java.net.ConnectException: Connection refused (Connection refused)
	at org.springframework.data.redis.core.RedisTemplateTests.testGetExpireSecondsForKeyExistButHasNoAssociatedExpire(RedisTemplateTests.java:493)
</error>
  </testcase>
  <testcase name="testGetExpireSecondsForKeyExistButHasNoAssociatedExpire[8]" classname="org.springframework.data.redis.core.RedisTemplateTests" time="0.002">
    <error message="Cannot get Jedis connection; nested exception is redis.clients.jedis.exceptions.JedisConnectionException: Could not get a resource from the pool" type="org.springframework.data.redis.RedisConnectionFailureException">org.springframework.data.redis.RedisConnectionFailureException: Cannot get Jedis connection; nested exception is redis.clients.jedis.exceptions.JedisConnectionException: Could not get a resource from the pool
	at org.springframework.data.redis.core.RedisTemplateTests.tearDown(RedisTemplateTests.java:85)
Caused by: redis.clients.jedis.exceptions.JedisConnectionException: Could not get a resource from the pool
	at org.springframework.data.redis.core.RedisTemplateTests.tearDown(RedisTemplateTests.java:85)
Caused by: redis.clients.jedis.exceptions.JedisConnectionException: java.net.ConnectException: Connection refused (Connection refused)
	at org.springframework.data.redis.core.RedisTemplateTests.tearDown(RedisTemplateTests.java:85)
Caused by: java.net.ConnectException: Connection refused (Connection refused)
	at org.springframework.data.redis.core.RedisTemplateTests.tearDown(RedisTemplateTests.java:85)
</error>
  </testcase>
  <testcase name="testDumpAndRestoreNoTtl[8]" classname="org.springframework.data.redis.core.RedisTemplateTests" time="0">
    <error message="Could not initialize class org.springframework.data.redis.RedisTestProfileValueSource" type="java.lang.NoClassDefFoundError">java.lang.NoClassDefFoundError: Could not initialize class org.springframework.data.redis.RedisTestProfileValueSource
	at org.springframework.data.redis.core.RedisTemplateTests.testDumpAndRestoreNoTtl(RedisTemplateTests.java:103)
</error>
  </testcase>
  <testcase name="testDumpAndRestoreNoTtl[8]" classname="org.springframework.data.redis.core.RedisTemplateTests" time="0">
    <error message="Cannot get Jedis connection; nested exception is redis.clients.jedis.exceptions.JedisConnectionException: Could not get a resource from the pool" type="org.springframework.data.redis.RedisConnectionFailureException">org.springframework.data.redis.RedisConnectionFailureException: Cannot get Jedis connection; nested exception is redis.clients.jedis.exceptions.JedisConnectionException: Could not get a resource from the pool
	at org.springframework.data.redis.core.RedisTemplateTests.tearDown(RedisTemplateTests.java:85)
Caused by: redis.clients.jedis.exceptions.JedisConnectionException: Could not get a resource from the pool
	at org.springframework.data.redis.core.RedisTemplateTests.tearDown(RedisTemplateTests.java:85)
Caused by: redis.clients.jedis.exceptions.JedisConnectionException: java.net.ConnectException: Connection refused (Connection refused)
	at org.springframework.data.redis.core.RedisTemplateTests.tearDown(RedisTemplateTests.java:85)
Caused by: java.net.ConnectException: Connection refused (Connection refused)
	at org.springframework.data.redis.core.RedisTemplateTests.tearDown(RedisTemplateTests.java:85)
</error>
  </testcase>
  <testcase name="testDiscard[8]" classname="org.springframework.data.redis.core.RedisTemplateTests" time="0.001">
    <error message="Cannot get Jedis connection; nested exception is redis.clients.jedis.exceptions.JedisConnectionException: Could not get a resource from the pool" type="org.springframework.data.redis.RedisConnectionFailureException">org.springframework.data.redis.RedisConnectionFailureException: Cannot get Jedis connection; nested exception is redis.clients.jedis.exceptions.JedisConnectionException: Could not get a resource from the pool
	at org.springframework.data.redis.core.RedisTemplateTests.testDiscard(RedisTemplateTests.java:195)
Caused by: redis.clients.jedis.exceptions.JedisConnectionException: Could not get a resource from the pool
	at org.springframework.data.redis.core.RedisTemplateTests.testDiscard(RedisTemplateTests.java:195)
Caused by: redis.clients.jedis.exceptions.JedisConnectionException: java.net.ConnectException: Connection refused (Connection refused)
	at org.springframework.data.redis.core.RedisTemplateTests.testDiscard(RedisTemplateTests.java:195)
Caused by: java.net.ConnectException: Connection refused (Connection refused)
	at org.springframework.data.redis.core.RedisTemplateTests.testDiscard(RedisTemplateTests.java:195)
</error>
  </testcase>
  <testcase name="testDiscard[8]" classname="org.springframework.data.redis.core.RedisTemplateTests" time="0.002">
    <error message="Cannot get Jedis connection; nested exception is redis.clients.jedis.exceptions.JedisConnectionException: Could not get a resource from the pool" type="org.springframework.data.redis.RedisConnectionFailureException">org.springframework.data.redis.RedisConnectionFailureException: Cannot get Jedis connection; nested exception is redis.clients.jedis.exceptions.JedisConnectionException: Could not get a resource from the pool
	at org.springframework.data.redis.core.RedisTemplateTests.tearDown(RedisTemplateTests.java:85)
Caused by: redis.clients.jedis.exceptions.JedisConnectionException: Could not get a resource from the pool
	at org.springframework.data.redis.core.RedisTemplateTests.tearDown(RedisTemplateTests.java:85)
Caused by: redis.clients.jedis.exceptions.JedisConnectionException: java.net.ConnectException: Connection refused (Connection refused)
	at org.springframework.data.redis.core.RedisTemplateTests.tearDown(RedisTemplateTests.java:85)
Caused by: java.net.ConnectException: Connection refused (Connection refused)
	at org.springframework.data.redis.core.RedisTemplateTests.tearDown(RedisTemplateTests.java:85)
</error>
  </testcase>
  <testcase name="testDelete[8]" classname="org.springframework.data.redis.core.RedisTemplateTests" time="0.001">
    <error message="Cannot get Jedis connection; nested exception is redis.clients.jedis.exceptions.JedisConnectionException: Could not get a resource from the pool" type="org.springframework.data.redis.RedisConnectionFailureException">org.springframework.data.redis.RedisConnectionFailureException: Cannot get Jedis connection; nested exception is redis.clients.jedis.exceptions.JedisConnectionException: Could not get a resource from the pool
	at org.springframework.data.redis.core.RedisTemplateTests.testDelete(RedisTemplateTests.java:391)
Caused by: redis.clients.jedis.exceptions.JedisConnectionException: Could not get a resource from the pool
	at org.springframework.data.redis.core.RedisTemplateTests.testDelete(RedisTemplateTests.java:391)
Caused by: redis.clients.jedis.exceptions.JedisConnectionException: java.net.ConnectException: Connection refused (Connection refused)
	at org.springframework.data.redis.core.RedisTemplateTests.testDelete(RedisTemplateTests.java:391)
Caused by: java.net.ConnectException: Connection refused (Connection refused)
	at org.springframework.data.redis.core.RedisTemplateTests.testDelete(RedisTemplateTests.java:391)
</error>
  </testcase>
  <testcase name="testDelete[8]" classname="org.springframework.data.redis.core.RedisTemplateTests" time="0.001">
    <error message="Cannot get Jedis connection; nested exception is redis.clients.jedis.exceptions.JedisConnectionException: Could not get a resource from the pool" type="org.springframework.data.redis.RedisConnectionFailureException">org.springframework.data.redis.RedisConnectionFailureException: Cannot get Jedis connection; nested exception is redis.clients.jedis.exceptions.JedisConnectionException: Could not get a resource from the pool
	at org.springframework.data.redis.core.RedisTemplateTests.tearDown(RedisTemplateTests.java:85)
Caused by: redis.clients.jedis.exceptions.JedisConnectionException: Could not get a resource from the pool
	at org.springframework.data.redis.core.RedisTemplateTests.tearDown(RedisTemplateTests.java:85)
Caused by: redis.clients.jedis.exceptions.JedisConnectionException: java.net.ConnectException: Connection refused (Connection refused)
	at org.springframework.data.redis.core.RedisTemplateTests.tearDown(RedisTemplateTests.java:85)
Caused by: java.net.ConnectException: Connection refused (Connection refused)
	at org.springframework.data.redis.core.RedisTemplateTests.tearDown(RedisTemplateTests.java:85)
</error>
  </testcase>
  <testcase name="testExecuteScriptCustomSerializers[8]" classname="org.springframework.data.redis.core.RedisTemplateTests" time="0">
    <error message="Could not initialize class org.springframework.data.redis.RedisTestProfileValueSource" type="java.lang.NoClassDefFoundError">java.lang.NoClassDefFoundError: Could not initialize class org.springframework.data.redis.RedisTestProfileValueSource
	at org.springframework.data.redis.core.RedisTemplateTests.testExecuteScriptCustomSerializers(RedisTemplateTests.java:798)
</error>
  </testcase>
  <testcase name="testExecuteScriptCustomSerializers[8]" classname="org.springframework.data.redis.core.RedisTemplateTests" time="0.001">
    <error message="Cannot get Jedis connection; nested exception is redis.clients.jedis.exceptions.JedisConnectionException: Could not get a resource from the pool" type="org.springframework.data.redis.RedisConnectionFailureException">org.springframework.data.redis.RedisConnectionFailureException: Cannot get Jedis connection; nested exception is redis.clients.jedis.exceptions.JedisConnectionException: Could not get a resource from the pool
	at org.springframework.data.redis.core.RedisTemplateTests.tearDown(RedisTemplateTests.java:85)
Caused by: redis.clients.jedis.exceptions.JedisConnectionException: Could not get a resource from the pool
	at org.springframework.data.redis.core.RedisTemplateTests.tearDown(RedisTemplateTests.java:85)
Caused by: redis.clients.jedis.exceptions.JedisConnectionException: java.net.ConnectException: Connection refused (Connection refused)
	at org.springframework.data.redis.core.RedisTemplateTests.tearDown(RedisTemplateTests.java:85)
Caused by: java.net.ConnectException: Connection refused (Connection refused)
	at org.springframework.data.redis.core.RedisTemplateTests.tearDown(RedisTemplateTests.java:85)
</error>
  </testcase>
  <testcase name="testExecutePipelined[8]" classname="org.springframework.data.redis.core.RedisTemplateTests" time="0">
    <error message="Cannot get Jedis connection; nested exception is redis.clients.jedis.exceptions.JedisConnectionException: Could not get a resource from the pool" type="org.springframework.data.redis.RedisConnectionFailureException">org.springframework.data.redis.RedisConnectionFailureException: Cannot get Jedis connection; nested exception is redis.clients.jedis.exceptions.JedisConnectionException: Could not get a resource from the pool
	at org.springframework.data.redis.core.RedisTemplateTests.testExecutePipelined(RedisTemplateTests.java:274)
Caused by: redis.clients.jedis.exceptions.JedisConnectionException: Could not get a resource from the pool
	at org.springframework.data.redis.core.RedisTemplateTests.testExecutePipelined(RedisTemplateTests.java:274)
Caused by: redis.clients.jedis.exceptions.JedisConnectionException: java.net.ConnectException: Connection refused (Connection refused)
	at org.springframework.data.redis.core.RedisTemplateTests.testExecutePipelined(RedisTemplateTests.java:274)
Caused by: java.net.ConnectException: Connection refused (Connection refused)
	at org.springframework.data.redis.core.RedisTemplateTests.testExecutePipelined(RedisTemplateTests.java:274)
</error>
  </testcase>
  <testcase name="testExecutePipelined[8]" classname="org.springframework.data.redis.core.RedisTemplateTests" time="0.001">
    <error message="Cannot get Jedis connection; nested exception is redis.clients.jedis.exceptions.JedisConnectionException: Could not get a resource from the pool" type="org.springframework.data.redis.RedisConnectionFailureException">org.springframework.data.redis.RedisConnectionFailureException: Cannot get Jedis connection; nested exception is redis.clients.jedis.exceptions.JedisConnectionException: Could not get a resource from the pool
	at org.springframework.data.redis.core.RedisTemplateTests.tearDown(RedisTemplateTests.java:85)
Caused by: redis.clients.jedis.exceptions.JedisConnectionException: Could not get a resource from the pool
	at org.springframework.data.redis.core.RedisTemplateTests.tearDown(RedisTemplateTests.java:85)
Caused by: redis.clients.jedis.exceptions.JedisConnectionException: java.net.ConnectException: Connection refused (Connection refused)
	at org.springframework.data.redis.core.RedisTemplateTests.tearDown(RedisTemplateTests.java:85)
Caused by: java.net.ConnectException: Connection refused (Connection refused)
	at org.springframework.data.redis.core.RedisTemplateTests.tearDown(RedisTemplateTests.java:85)
</error>
  </testcase>
  <testcase name="testDeleteMultiple[8]" classname="org.springframework.data.redis.core.RedisTemplateTests" time="0.001">
    <error message="Cannot get Jedis connection; nested exception is redis.clients.jedis.exceptions.JedisConnectionException: Could not get a resource from the pool" type="org.springframework.data.redis.RedisConnectionFailureException">org.springframework.data.redis.RedisConnectionFailureException: Cannot get Jedis connection; nested exception is redis.clients.jedis.exceptions.JedisConnectionException: Could not get a resource from the pool
	at org.springframework.data.redis.core.RedisTemplateTests.testDeleteMultiple(RedisTemplateTests.java:406)
Caused by: redis.clients.jedis.exceptions.JedisConnectionException: Could not get a resource from the pool
	at org.springframework.data.redis.core.RedisTemplateTests.testDeleteMultiple(RedisTemplateTests.java:406)
Caused by: redis.clients.jedis.exceptions.JedisConnectionException: java.net.ConnectException: Connection refused (Connection refused)
	at org.springframework.data.redis.core.RedisTemplateTests.testDeleteMultiple(RedisTemplateTests.java:406)
Caused by: java.net.ConnectException: Connection refused (Connection refused)
	at org.springframework.data.redis.core.RedisTemplateTests.testDeleteMultiple(RedisTemplateTests.java:406)
</error>
  </testcase>
  <testcase name="testDeleteMultiple[8]" classname="org.springframework.data.redis.core.RedisTemplateTests" time="0.001">
    <error message="Cannot get Jedis connection; nested exception is redis.clients.jedis.exceptions.JedisConnectionException: Could not get a resource from the pool" type="org.springframework.data.redis.RedisConnectionFailureException">org.springframework.data.redis.RedisConnectionFailureException: Cannot get Jedis connection; nested exception is redis.clients.jedis.exceptions.JedisConnectionException: Could not get a resource from the pool
	at org.springframework.data.redis.core.RedisTemplateTests.tearDown(RedisTemplateTests.java:85)
Caused by: redis.clients.jedis.exceptions.JedisConnectionException: Could not get a resource from the pool
	at org.springframework.data.redis.core.RedisTemplateTests.tearDown(RedisTemplateTests.java:85)
Caused by: redis.clients.jedis.exceptions.JedisConnectionException: java.net.ConnectException: Connection refused (Connection refused)
	at org.springframework.data.redis.core.RedisTemplateTests.tearDown(RedisTemplateTests.java:85)
Caused by: java.net.ConnectException: Connection refused (Connection refused)
	at org.springframework.data.redis.core.RedisTemplateTests.tearDown(RedisTemplateTests.java:85)
</error>
  </testcase>
  <testcase name="testGetExpireMillisForKeyExistButHasNoAssociatedExpire[8]" classname="org.springframework.data.redis.core.RedisTemplateTests" time="0.001">
    <error message="Cannot get Jedis connection; nested exception is redis.clients.jedis.exceptions.JedisConnectionException: Could not get a resource from the pool" type="org.springframework.data.redis.RedisConnectionFailureException">org.springframework.data.redis.RedisConnectionFailureException: Cannot get Jedis connection; nested exception is redis.clients.jedis.exceptions.JedisConnectionException: Could not get a resource from the pool
	at org.springframework.data.redis.core.RedisTemplateTests.testGetExpireMillisForKeyExistButHasNoAssociatedExpire(RedisTemplateTests.java:510)
Caused by: redis.clients.jedis.exceptions.JedisConnectionException: Could not get a resource from the pool
	at org.springframework.data.redis.core.RedisTemplateTests.testGetExpireMillisForKeyExistButHasNoAssociatedExpire(RedisTemplateTests.java:510)
Caused by: redis.clients.jedis.exceptions.JedisConnectionException: java.net.ConnectException: Connection refused (Connection refused)
	at org.springframework.data.redis.core.RedisTemplateTests.testGetExpireMillisForKeyExistButHasNoAssociatedExpire(RedisTemplateTests.java:510)
Caused by: java.net.ConnectException: Connection refused (Connection refused)
	at org.springframework.data.redis.core.RedisTemplateTests.testGetExpireMillisForKeyExistButHasNoAssociatedExpire(RedisTemplateTests.java:510)
</error>
  </testcase>
  <testcase name="testGetExpireMillisForKeyExistButHasNoAssociatedExpire[8]" classname="org.springframework.data.redis.core.RedisTemplateTests" time="0.001">
    <error message="Cannot get Jedis connection; nested exception is redis.clients.jedis.exceptions.JedisConnectionException: Could not get a resource from the pool" type="org.springframework.data.redis.RedisConnectionFailureException">org.springframework.data.redis.RedisConnectionFailureException: Cannot get Jedis connection; nested exception is redis.clients.jedis.exceptions.JedisConnectionException: Could not get a resource from the pool
	at org.springframework.data.redis.core.RedisTemplateTests.tearDown(RedisTemplateTests.java:85)
Caused by: redis.clients.jedis.exceptions.JedisConnectionException: Could not get a resource from the pool
	at org.springframework.data.redis.core.RedisTemplateTests.tearDown(RedisTemplateTests.java:85)
Caused by: redis.clients.jedis.exceptions.JedisConnectionException: java.net.ConnectException: Connection refused (Connection refused)
	at org.springframework.data.redis.core.RedisTemplateTests.tearDown(RedisTemplateTests.java:85)
Caused by: java.net.ConnectException: Connection refused (Connection refused)
	at org.springframework.data.redis.core.RedisTemplateTests.tearDown(RedisTemplateTests.java:85)
</error>
  </testcase>
  <testcase name="testRename[8]" classname="org.springframework.data.redis.core.RedisTemplateTests" time="0.001">
    <error message="Cannot get Jedis connection; nested exception is redis.clients.jedis.exceptions.JedisConnectionException: Could not get a resource from the pool" type="org.springframework.data.redis.RedisConnectionFailureException">org.springframework.data.redis.RedisConnectionFailureException: Cannot get Jedis connection; nested exception is redis.clients.jedis.exceptions.JedisConnectionException: Could not get a resource from the pool
	at org.springframework.data.redis.core.RedisTemplateTests.testRename(RedisTemplateTests.java:657)
Caused by: redis.clients.jedis.exceptions.JedisConnectionException: Could not get a resource from the pool
	at org.springframework.data.redis.core.RedisTemplateTests.testRename(RedisTemplateTests.java:657)
Caused by: redis.clients.jedis.exceptions.JedisConnectionException: java.net.ConnectException: Connection refused (Connection refused)
	at org.springframework.data.redis.core.RedisTemplateTests.testRename(RedisTemplateTests.java:657)
Caused by: java.net.ConnectException: Connection refused (Connection refused)
	at org.springframework.data.redis.core.RedisTemplateTests.testRename(RedisTemplateTests.java:657)
</error>
  </testcase>
  <testcase name="testRename[8]" classname="org.springframework.data.redis.core.RedisTemplateTests" time="0.001">
    <error message="Cannot get Jedis connection; nested exception is redis.clients.jedis.exceptions.JedisConnectionException: Could not get a resource from the pool" type="org.springframework.data.redis.RedisConnectionFailureException">org.springframework.data.redis.RedisConnectionFailureException: Cannot get Jedis connection; nested exception is redis.clients.jedis.exceptions.JedisConnectionException: Could not get a resource from the pool
	at org.springframework.data.redis.core.RedisTemplateTests.tearDown(RedisTemplateTests.java:85)
Caused by: redis.clients.jedis.exceptions.JedisConnectionException: Could not get a resource from the pool
	at org.springframework.data.redis.core.RedisTemplateTests.tearDown(RedisTemplateTests.java:85)
Caused by: redis.clients.jedis.exceptions.JedisConnectionException: java.net.ConnectException: Connection refused (Connection refused)
	at org.springframework.data.redis.core.RedisTemplateTests.tearDown(RedisTemplateTests.java:85)
Caused by: java.net.ConnectException: Connection refused (Connection refused)
	at org.springframework.data.redis.core.RedisTemplateTests.tearDown(RedisTemplateTests.java:85)
</error>
  </testcase>
  <testcase name="testGetExpireSeconds[8]" classname="org.springframework.data.redis.core.RedisTemplateTests" time="0.001">
    <error message="Cannot get Jedis connection; nested exception is redis.clients.jedis.exceptions.JedisConnectionException: Could not get a resource from the pool" type="org.springframework.data.redis.RedisConnectionFailureException">org.springframework.data.redis.RedisConnectionFailureException: Cannot get Jedis connection; nested exception is redis.clients.jedis.exceptions.JedisConnectionException: Could not get a resource from the pool
	at org.springframework.data.redis.core.RedisTemplateTests.testGetExpireSeconds(RedisTemplateTests.java:477)
Caused by: redis.clients.jedis.exceptions.JedisConnectionException: Could not get a resource from the pool
	at org.springframework.data.redis.core.RedisTemplateTests.testGetExpireSeconds(RedisTemplateTests.java:477)
Caused by: redis.clients.jedis.exceptions.JedisConnectionException: java.net.ConnectException: Connection refused (Connection refused)
	at org.springframework.data.redis.core.RedisTemplateTests.testGetExpireSeconds(RedisTemplateTests.java:477)
Caused by: java.net.ConnectException: Connection refused (Connection refused)
	at org.springframework.data.redis.core.RedisTemplateTests.testGetExpireSeconds(RedisTemplateTests.java:477)
</error>
  </testcase>
  <testcase name="testGetExpireSeconds[8]" classname="org.springframework.data.redis.core.RedisTemplateTests" time="0.002">
    <error message="Cannot get Jedis connection; nested exception is redis.clients.jedis.exceptions.JedisConnectionException: Could not get a resource from the pool" type="org.springframework.data.redis.RedisConnectionFailureException">org.springframework.data.redis.RedisConnectionFailureException: Cannot get Jedis connection; nested exception is redis.clients.jedis.exceptions.JedisConnectionException: Could not get a resource from the pool
	at org.springframework.data.redis.core.RedisTemplateTests.tearDown(RedisTemplateTests.java:85)
Caused by: redis.clients.jedis.exceptions.JedisConnectionException: Could not get a resource from the pool
	at org.springframework.data.redis.core.RedisTemplateTests.tearDown(RedisTemplateTests.java:85)
Caused by: redis.clients.jedis.exceptions.JedisConnectionException: java.net.ConnectException: Connection refused (Connection refused)
	at org.springframework.data.redis.core.RedisTemplateTests.tearDown(RedisTemplateTests.java:85)
Caused by: java.net.ConnectException: Connection refused (Connection refused)
	at org.springframework.data.redis.core.RedisTemplateTests.tearDown(RedisTemplateTests.java:85)
</error>
  </testcase>
  <testcase name="testStringTemplateExecutesWithStringConn[8]" classname="org.springframework.data.redis.core.RedisTemplateTests" time="0">
    <error message="got: &lt;false&gt;, expected: is &lt;true&gt;" type="org.junit.AssumptionViolatedException"><![CDATA[org.junit.AssumptionViolatedException: got: <false>, expected: is <true>
	at org.springframework.data.redis.core.RedisTemplateTests.testStringTemplateExecutesWithStringConn(RedisTemplateTests.java:149)
]]></error>
  </testcase>
  <testcase name="testStringTemplateExecutesWithStringConn[8]" classname="org.springframework.data.redis.core.RedisTemplateTests" time="0">
    <error message="Cannot get Jedis connection; nested exception is redis.clients.jedis.exceptions.JedisConnectionException: Could not get a resource from the pool" type="org.springframework.data.redis.RedisConnectionFailureException">org.springframework.data.redis.RedisConnectionFailureException: Cannot get Jedis connection; nested exception is redis.clients.jedis.exceptions.JedisConnectionException: Could not get a resource from the pool
	at org.springframework.data.redis.core.RedisTemplateTests.tearDown(RedisTemplateTests.java:85)
Caused by: redis.clients.jedis.exceptions.JedisConnectionException: Could not get a resource from the pool
	at org.springframework.data.redis.core.RedisTemplateTests.tearDown(RedisTemplateTests.java:85)
Caused by: redis.clients.jedis.exceptions.JedisConnectionException: java.net.ConnectException: Connection refused (Connection refused)
	at org.springframework.data.redis.core.RedisTemplateTests.tearDown(RedisTemplateTests.java:85)
Caused by: java.net.ConnectException: Connection refused (Connection refused)
	at org.springframework.data.redis.core.RedisTemplateTests.tearDown(RedisTemplateTests.java:85)
</error>
  </testcase>
  <testcase name="testExecutePipelinedWidthDifferentHashKeySerializerAndHashValueSerializer[8]" classname="org.springframework.data.redis.core.RedisTemplateTests" time="0.001">
    <error message="got: &lt;false&gt;, expected: is &lt;true&gt;" type="org.junit.AssumptionViolatedException"><![CDATA[org.junit.AssumptionViolatedException: got: <false>, expected: is <true>
	at org.springframework.data.redis.core.RedisTemplateTests.testExecutePipelinedWidthDifferentHashKeySerializerAndHashValueSerializer(RedisTemplateTests.java:310)
]]></error>
  </testcase>
  <testcase name="testExecutePipelinedWidthDifferentHashKeySerializerAndHashValueSerializer[8]" classname="org.springframework.data.redis.core.RedisTemplateTests" time="0.001">
    <error message="Cannot get Jedis connection; nested exception is redis.clients.jedis.exceptions.JedisConnectionException: Could not get a resource from the pool" type="org.springframework.data.redis.RedisConnectionFailureException">org.springframework.data.redis.RedisConnectionFailureException: Cannot get Jedis connection; nested exception is redis.clients.jedis.exceptions.JedisConnectionException: Could not get a resource from the pool
	at org.springframework.data.redis.core.RedisTemplateTests.tearDown(RedisTemplateTests.java:85)
Caused by: redis.clients.jedis.exceptions.JedisConnectionException: Could not get a resource from the pool
	at org.springframework.data.redis.core.RedisTemplateTests.tearDown(RedisTemplateTests.java:85)
Caused by: redis.clients.jedis.exceptions.JedisConnectionException: java.net.ConnectException: Connection refused (Connection refused)
	at org.springframework.data.redis.core.RedisTemplateTests.tearDown(RedisTemplateTests.java:85)
Caused by: java.net.ConnectException: Connection refused (Connection refused)
	at org.springframework.data.redis.core.RedisTemplateTests.tearDown(RedisTemplateTests.java:85)
</error>
  </testcase>
  <testcase name="testGetExpireNoTimeUnit[8]" classname="org.springframework.data.redis.core.RedisTemplateTests" time="0.001">
    <error message="Cannot get Jedis connection; nested exception is redis.clients.jedis.exceptions.JedisConnectionException: Could not get a resource from the pool" type="org.springframework.data.redis.RedisConnectionFailureException">org.springframework.data.redis.RedisConnectionFailureException: Cannot get Jedis connection; nested exception is redis.clients.jedis.exceptions.JedisConnectionException: Could not get a resource from the pool
	at org.springframework.data.redis.core.RedisTemplateTests.testGetExpireNoTimeUnit(RedisTemplateTests.java:466)
Caused by: redis.clients.jedis.exceptions.JedisConnectionException: Could not get a resource from the pool
	at org.springframework.data.redis.core.RedisTemplateTests.testGetExpireNoTimeUnit(RedisTemplateTests.java:466)
Caused by: redis.clients.jedis.exceptions.JedisConnectionException: java.net.ConnectException: Connection refused (Connection refused)
	at org.springframework.data.redis.core.RedisTemplateTests.testGetExpireNoTimeUnit(RedisTemplateTests.java:466)
Caused by: java.net.ConnectException: Connection refused (Connection refused)
	at org.springframework.data.redis.core.RedisTemplateTests.testGetExpireNoTimeUnit(RedisTemplateTests.java:466)
</error>
  </testcase>
  <testcase name="testGetExpireNoTimeUnit[8]" classname="org.springframework.data.redis.core.RedisTemplateTests" time="0.001">
    <error message="Cannot get Jedis connection; nested exception is redis.clients.jedis.exceptions.JedisConnectionException: Could not get a resource from the pool" type="org.springframework.data.redis.RedisConnectionFailureException">org.springframework.data.redis.RedisConnectionFailureException: Cannot get Jedis connection; nested exception is redis.clients.jedis.exceptions.JedisConnectionException: Could not get a resource from the pool
	at org.springframework.data.redis.core.RedisTemplateTests.tearDown(RedisTemplateTests.java:85)
Caused by: redis.clients.jedis.exceptions.JedisConnectionException: Could not get a resource from the pool
	at org.springframework.data.redis.core.RedisTemplateTests.tearDown(RedisTemplateTests.java:85)
Caused by: redis.clients.jedis.exceptions.JedisConnectionException: java.net.ConnectException: Connection refused (Connection refused)
	at org.springframework.data.redis.core.RedisTemplateTests.tearDown(RedisTemplateTests.java:85)
Caused by: java.net.ConnectException: Connection refused (Connection refused)
	at org.springframework.data.redis.core.RedisTemplateTests.tearDown(RedisTemplateTests.java:85)
</error>
  </testcase>
  <testcase name="countExistingKeysReturnsNumberOfKeysCorrectly[8]" classname="org.springframework.data.redis.core.RedisTemplateTests" time="0.001">
    <error message="Cannot get Jedis connection; nested exception is redis.clients.jedis.exceptions.JedisConnectionException: Could not get a resource from the pool" type="org.springframework.data.redis.RedisConnectionFailureException">org.springframework.data.redis.RedisConnectionFailureException: Cannot get Jedis connection; nested exception is redis.clients.jedis.exceptions.JedisConnectionException: Could not get a resource from the pool
	at org.springframework.data.redis.core.RedisTemplateTests.countExistingKeysReturnsNumberOfKeysCorrectly(RedisTemplateTests.java:820)
Caused by: redis.clients.jedis.exceptions.JedisConnectionException: Could not get a resource from the pool
	at org.springframework.data.redis.core.RedisTemplateTests.countExistingKeysReturnsNumberOfKeysCorrectly(RedisTemplateTests.java:820)
Caused by: redis.clients.jedis.exceptions.JedisConnectionException: java.net.ConnectException: Connection refused (Connection refused)
	at org.springframework.data.redis.core.RedisTemplateTests.countExistingKeysReturnsNumberOfKeysCorrectly(RedisTemplateTests.java:820)
Caused by: java.net.ConnectException: Connection refused (Connection refused)
	at org.springframework.data.redis.core.RedisTemplateTests.countExistingKeysReturnsNumberOfKeysCorrectly(RedisTemplateTests.java:820)
</error>
  </testcase>
  <testcase name="countExistingKeysReturnsNumberOfKeysCorrectly[8]" classname="org.springframework.data.redis.core.RedisTemplateTests" time="0.002">
    <error message="Cannot get Jedis connection; nested exception is redis.clients.jedis.exceptions.JedisConnectionException: Could not get a resource from the pool" type="org.springframework.data.redis.RedisConnectionFailureException">org.springframework.data.redis.RedisConnectionFailureException: Cannot get Jedis connection; nested exception is redis.clients.jedis.exceptions.JedisConnectionException: Could not get a resource from the pool
	at org.springframework.data.redis.core.RedisTemplateTests.tearDown(RedisTemplateTests.java:85)
Caused by: redis.clients.jedis.exceptions.JedisConnectionException: Could not get a resource from the pool
	at org.springframework.data.redis.core.RedisTemplateTests.tearDown(RedisTemplateTests.java:85)
Caused by: redis.clients.jedis.exceptions.JedisConnectionException: java.net.ConnectException: Connection refused (Connection refused)
	at org.springframework.data.redis.core.RedisTemplateTests.tearDown(RedisTemplateTests.java:85)
Caused by: java.net.ConnectException: Connection refused (Connection refused)
	at org.springframework.data.redis.core.RedisTemplateTests.tearDown(RedisTemplateTests.java:85)
</error>
  </testcase>
  <testcase name="testExpireAndGetExpireMillis[8]" classname="org.springframework.data.redis.core.RedisTemplateTests" time="0.001">
    <error message="Cannot get Jedis connection; nested exception is redis.clients.jedis.exceptions.JedisConnectionException: Could not get a resource from the pool" type="org.springframework.data.redis.RedisConnectionFailureException">org.springframework.data.redis.RedisConnectionFailureException: Cannot get Jedis connection; nested exception is redis.clients.jedis.exceptions.JedisConnectionException: Could not get a resource from the pool
	at org.springframework.data.redis.core.RedisTemplateTests.testExpireAndGetExpireMillis(RedisTemplateTests.java:454)
Caused by: redis.clients.jedis.exceptions.JedisConnectionException: Could not get a resource from the pool
	at org.springframework.data.redis.core.RedisTemplateTests.testExpireAndGetExpireMillis(RedisTemplateTests.java:454)
Caused by: redis.clients.jedis.exceptions.JedisConnectionException: java.net.ConnectException: Connection refused (Connection refused)
	at org.springframework.data.redis.core.RedisTemplateTests.testExpireAndGetExpireMillis(RedisTemplateTests.java:454)
Caused by: java.net.ConnectException: Connection refused (Connection refused)
	at org.springframework.data.redis.core.RedisTemplateTests.testExpireAndGetExpireMillis(RedisTemplateTests.java:454)
</error>
  </testcase>
  <testcase name="testExpireAndGetExpireMillis[8]" classname="org.springframework.data.redis.core.RedisTemplateTests" time="0.001">
    <error message="Cannot get Jedis connection; nested exception is redis.clients.jedis.exceptions.JedisConnectionException: Could not get a resource from the pool" type="org.springframework.data.redis.RedisConnectionFailureException">org.springframework.data.redis.RedisConnectionFailureException: Cannot get Jedis connection; nested exception is redis.clients.jedis.exceptions.JedisConnectionException: Could not get a resource from the pool
	at org.springframework.data.redis.core.RedisTemplateTests.tearDown(RedisTemplateTests.java:85)
Caused by: redis.clients.jedis.exceptions.JedisConnectionException: Could not get a resource from the pool
	at org.springframework.data.redis.core.RedisTemplateTests.tearDown(RedisTemplateTests.java:85)
Caused by: redis.clients.jedis.exceptions.JedisConnectionException: java.net.ConnectException: Connection refused (Connection refused)
	at org.springframework.data.redis.core.RedisTemplateTests.tearDown(RedisTemplateTests.java:85)
Caused by: java.net.ConnectException: Connection refused (Connection refused)
	at org.springframework.data.redis.core.RedisTemplateTests.tearDown(RedisTemplateTests.java:85)
</error>
  </testcase>
  <testcase name="testWatchMultipleKeys[8]" classname="org.springframework.data.redis.core.RedisTemplateTests" time="0.001">
    <error message="Cannot get Jedis connection; nested exception is redis.clients.jedis.exceptions.JedisConnectionException: Could not get a resource from the pool" type="org.springframework.data.redis.RedisConnectionFailureException">org.springframework.data.redis.RedisConnectionFailureException: Cannot get Jedis connection; nested exception is redis.clients.jedis.exceptions.JedisConnectionException: Could not get a resource from the pool
	at org.springframework.data.redis.core.RedisTemplateTests.testWatchMultipleKeys(RedisTemplateTests.java:756)
Caused by: redis.clients.jedis.exceptions.JedisConnectionException: Could not get a resource from the pool
	at org.springframework.data.redis.core.RedisTemplateTests.testWatchMultipleKeys(RedisTemplateTests.java:756)
Caused by: redis.clients.jedis.exceptions.JedisConnectionException: java.net.ConnectException: Connection refused (Connection refused)
	at org.springframework.data.redis.core.RedisTemplateTests.testWatchMultipleKeys(RedisTemplateTests.java:756)
Caused by: java.net.ConnectException: Connection refused (Connection refused)
	at org.springframework.data.redis.core.RedisTemplateTests.testWatchMultipleKeys(RedisTemplateTests.java:756)
</error>
  </testcase>
  <testcase name="testWatchMultipleKeys[8]" classname="org.springframework.data.redis.core.RedisTemplateTests" time="0.001">
    <error message="Cannot get Jedis connection; nested exception is redis.clients.jedis.exceptions.JedisConnectionException: Could not get a resource from the pool" type="org.springframework.data.redis.RedisConnectionFailureException">org.springframework.data.redis.RedisConnectionFailureException: Cannot get Jedis connection; nested exception is redis.clients.jedis.exceptions.JedisConnectionException: Could not get a resource from the pool
	at org.springframework.data.redis.core.RedisTemplateTests.tearDown(RedisTemplateTests.java:85)
Caused by: redis.clients.jedis.exceptions.JedisConnectionException: Could not get a resource from the pool
	at org.springframework.data.redis.core.RedisTemplateTests.tearDown(RedisTemplateTests.java:85)
Caused by: redis.clients.jedis.exceptions.JedisConnectionException: java.net.ConnectException: Connection refused (Connection refused)
	at org.springframework.data.redis.core.RedisTemplateTests.tearDown(RedisTemplateTests.java:85)
Caused by: java.net.ConnectException: Connection refused (Connection refused)
	at org.springframework.data.redis.core.RedisTemplateTests.tearDown(RedisTemplateTests.java:85)
</error>
  </testcase>
</testsuite>