<?xml version="1.0" encoding="UTF-8"?>
<testsuite xmlns:xsi="http://www.w3.org/2001/XMLSchema-instance" xsi:schemaLocation="https://maven.apache.org/surefire/maven-surefire-plugin/xsd/surefire-test-report.xsd" name="org.springframework.data.redis.core.DefaultReactiveListOperationsIntegrationTests" time="0.383" tests="231" errors="231" skipped="0" failures="0">
  <properties>
    <property name="java.runtime.name" value="OpenJDK Runtime Environment"/>
    <property name="sun.boot.library.path" value="/usr/lib/jvm/java-8-openjdk-amd64/jre/lib/amd64"/>
    <property name="java.vm.version" value="25.121-b13"/>
    <property name="java.vm.vendor" value="Oracle Corporation"/>
    <property name="maven.multiModuleProjectDirectory" value="/root/workspace/spring-projects/spring-data-redis/388703425"/>
    <property name="java.vendor.url" value="http://java.oracle.com/"/>
    <property name="path.separator" value=":"/>
    <property name="guice.disable.misplaced.annotation.check" value="true"/>
    <property name="skip.gulp" value="true"/>
    <property name="java.vm.name" value="OpenJDK 64-Bit Server VM"/>
    <property name="file.encoding.pkg" value="sun.io"/>
    <property name="sun.java.launcher" value="SUN_STANDARD"/>
    <property name="sun.os.patch.level" value="unknown"/>
    <property name="findbugs.skip" value="true"/>
    <property name="java.vm.specification.name" value="Java Virtual Machine Specification"/>
    <property name="user.dir" value="/root/workspace/spring-projects/spring-data-redis/388703425"/>
    <property name="checkstyle.skip" value="true"/>
    <property name="java.runtime.version" value="1.8.0_121-8u121-b13-1~bpo8+1-b13"/>
    <property name="java.awt.graphicsenv" value="sun.awt.X11GraphicsEnvironment"/>
    <property name="skip.npm" value="true"/>
    <property name="java.endorsed.dirs" value="/usr/lib/jvm/java-8-openjdk-amd64/jre/lib/endorsed"/>
    <property name="os.arch" value="amd64"/>
    <property name="java.io.tmpdir" value="/tmp"/>
    <property name="gpg.skip" value="true"/>
    <property name="line.separator" value="&#10;"/>
    <property name="java.vm.specification.vendor" value="Oracle Corporation"/>
    <property name="cobertura.skip" value="true"/>
    <property name="os.name" value="Linux"/>
    <property name="classworlds.conf" value="/usr/share/maven/bin/m2.conf"/>
    <property name="sun.jnu.encoding" value="UTF-8"/>
    <property name="java.library.path" value="/usr/java/packages/lib/amd64:/usr/lib/x86_64-linux-gnu/jni:/lib/x86_64-linux-gnu:/usr/lib/x86_64-linux-gnu:/usr/lib/jni:/lib:/usr/lib"/>
    <property name="license.skip" value="true"/>
    <property name="java.specification.name" value="Java Platform API Specification"/>
    <property name="java.class.version" value="52.0"/>
    <property name="sun.management.compiler" value="HotSpot 64-Bit Tiered Compilers"/>
    <property name="skip.bower" value="true"/>
    <property name="maven.repo.local" value="/root/./workspace/spring-projects/spring-data-redis/388703425/.m2"/>
    <property name="os.version" value="3.10.0-862.3.2.el7.x86_64"/>
    <property name="user.home" value="/root"/>
    <property name="user.timezone" value="Europe/Paris"/>
    <property name="java.awt.printerjob" value="sun.print.PSPrinterJob"/>
    <property name="java.specification.version" value="1.8"/>
    <property name="file.encoding" value="UTF-8"/>
    <property name="user.name" value="root"/>
    <property name="java.class.path" value="/usr/share/maven/boot/plexus-classworlds-2.5.2.jar"/>
    <property name="skipITs" value="true"/>
    <property name="java.vm.specification.version" value="1.8"/>
    <property name="sun.arch.data.model" value="64"/>
    <property name="java.home" value="/usr/lib/jvm/java-8-openjdk-amd64/jre"/>
    <property name="sun.java.command" value="org.codehaus.plexus.classworlds.launcher.Launcher -B -D enforcer.skip=true -D dependency-check.skip=true -D skipITs=true -D cobertura.skip=true -D maven.repo.local=/root/./workspace/spring-projects/spring-data-redis/388703425/.m2 -D rat.skip=true -D findbugs.skip=true -D skip.bower=true -D gpg.skip=true -D checkstyle.skip=true -D skip.gulp=true -D license.skip=true -D skip.npm=true test"/>
    <property name="java.specification.vendor" value="Oracle Corporation"/>
    <property name="user.language" value="en"/>
    <property name="awt.toolkit" value="sun.awt.X11.XToolkit"/>
    <property name="dependency-check.skip" value="true"/>
    <property name="java.vm.info" value="mixed mode"/>
    <property name="java.version" value="1.8.0_121"/>
    <property name="java.ext.dirs" value="/usr/lib/jvm/java-8-openjdk-amd64/jre/lib/ext:/usr/java/packages/lib/ext"/>
    <property name="securerandom.source" value="file:/dev/./urandom"/>
    <property name="sun.boot.class.path" value="/usr/lib/jvm/java-8-openjdk-amd64/jre/lib/resources.jar:/usr/lib/jvm/java-8-openjdk-amd64/jre/lib/rt.jar:/usr/lib/jvm/java-8-openjdk-amd64/jre/lib/sunrsasign.jar:/usr/lib/jvm/java-8-openjdk-amd64/jre/lib/jsse.jar:/usr/lib/jvm/java-8-openjdk-amd64/jre/lib/jce.jar:/usr/lib/jvm/java-8-openjdk-amd64/jre/lib/charsets.jar:/usr/lib/jvm/java-8-openjdk-amd64/jre/lib/jfr.jar:/usr/lib/jvm/java-8-openjdk-amd64/jre/classes"/>
    <property name="java.vendor" value="Oracle Corporation"/>
    <property name="enforcer.skip" value="true"/>
    <property name="rat.skip" value="true"/>
    <property name="maven.home" value="/usr/share/maven"/>
    <property name="file.separator" value="/"/>
    <property name="java.vendor.url.bug" value="http://bugreport.sun.com/bugreport/"/>
    <property name="sun.cpu.endian" value="little"/>
    <property name="sun.io.unicode.encoding" value="UnicodeLittle"/>
    <property name="sun.cpu.isalist" value=""/>
  </properties>
  <testcase name="rightPush[String]" classname="org.springframework.data.redis.core.DefaultReactiveListOperationsIntegrationTests" time="0">
    <error message="Unable to connect to Redis; nested exception is io.lettuce.core.RedisConnectionException: Unable to connect to 127.0.0.1:6379" type="org.springframework.data.redis.RedisConnectionFailureException">org.springframework.data.redis.RedisConnectionFailureException: Unable to connect to Redis; nested exception is io.lettuce.core.RedisConnectionException: Unable to connect to 127.0.0.1:6379
	at org.springframework.data.redis.core.DefaultReactiveListOperationsIntegrationTests.before(DefaultReactiveListOperationsIntegrationTests.java:85)
Caused by: io.lettuce.core.RedisConnectionException: Unable to connect to 127.0.0.1:6379
	at org.springframework.data.redis.core.DefaultReactiveListOperationsIntegrationTests.before(DefaultReactiveListOperationsIntegrationTests.java:85)
Caused by: io.netty.channel.AbstractChannel$AnnotatedConnectException: syscall:getsockopt(..) failed: Connection refused: /127.0.0.1:6379
Caused by: io.netty.channel.unix.Errors$NativeConnectException: syscall:getsockopt(..) failed: Connection refused
</error>
  </testcase>
  <testcase name="rightPopWithTimeout[String]" classname="org.springframework.data.redis.core.DefaultReactiveListOperationsIntegrationTests" time="0">
    <error message="Unable to connect to Redis; nested exception is io.lettuce.core.RedisConnectionException: Unable to connect to 127.0.0.1:6379" type="org.springframework.data.redis.RedisConnectionFailureException">org.springframework.data.redis.RedisConnectionFailureException: Unable to connect to Redis; nested exception is io.lettuce.core.RedisConnectionException: Unable to connect to 127.0.0.1:6379
	at org.springframework.data.redis.core.DefaultReactiveListOperationsIntegrationTests.before(DefaultReactiveListOperationsIntegrationTests.java:85)
Caused by: io.lettuce.core.RedisConnectionException: Unable to connect to 127.0.0.1:6379
	at org.springframework.data.redis.core.DefaultReactiveListOperationsIntegrationTests.before(DefaultReactiveListOperationsIntegrationTests.java:85)
Caused by: io.netty.channel.AbstractChannel$AnnotatedConnectException: syscall:getsockopt(..) failed: Connection refused: /127.0.0.1:6379
Caused by: io.netty.channel.unix.Errors$NativeConnectException: syscall:getsockopt(..) failed: Connection refused
</error>
  </testcase>
  <testcase name="rightPop[String]" classname="org.springframework.data.redis.core.DefaultReactiveListOperationsIntegrationTests" time="0">
    <error message="Unable to connect to Redis; nested exception is io.lettuce.core.RedisConnectionException: Unable to connect to 127.0.0.1:6379" type="org.springframework.data.redis.RedisConnectionFailureException">org.springframework.data.redis.RedisConnectionFailureException: Unable to connect to Redis; nested exception is io.lettuce.core.RedisConnectionException: Unable to connect to 127.0.0.1:6379
	at org.springframework.data.redis.core.DefaultReactiveListOperationsIntegrationTests.before(DefaultReactiveListOperationsIntegrationTests.java:85)
Caused by: io.lettuce.core.RedisConnectionException: Unable to connect to 127.0.0.1:6379
	at org.springframework.data.redis.core.DefaultReactiveListOperationsIntegrationTests.before(DefaultReactiveListOperationsIntegrationTests.java:85)
Caused by: io.netty.channel.AbstractChannel$AnnotatedConnectException: syscall:getsockopt(..) failed: Connection refused: /127.0.0.1:6379
Caused by: io.netty.channel.unix.Errors$NativeConnectException: syscall:getsockopt(..) failed: Connection refused
</error>
  </testcase>
  <testcase name="leftPushAll[String]" classname="org.springframework.data.redis.core.DefaultReactiveListOperationsIntegrationTests" time="0.002">
    <error message="Unable to connect to Redis; nested exception is io.lettuce.core.RedisConnectionException: Unable to connect to 127.0.0.1:6379" type="org.springframework.data.redis.RedisConnectionFailureException">org.springframework.data.redis.RedisConnectionFailureException: Unable to connect to Redis; nested exception is io.lettuce.core.RedisConnectionException: Unable to connect to 127.0.0.1:6379
	at org.springframework.data.redis.core.DefaultReactiveListOperationsIntegrationTests.before(DefaultReactiveListOperationsIntegrationTests.java:85)
Caused by: io.lettuce.core.RedisConnectionException: Unable to connect to 127.0.0.1:6379
	at org.springframework.data.redis.core.DefaultReactiveListOperationsIntegrationTests.before(DefaultReactiveListOperationsIntegrationTests.java:85)
Caused by: io.netty.channel.AbstractChannel$AnnotatedConnectException: syscall:getsockopt(..) failed: Connection refused: /127.0.0.1:6379
Caused by: io.netty.channel.unix.Errors$NativeConnectException: syscall:getsockopt(..) failed: Connection refused
</error>
  </testcase>
  <testcase name="delete[String]" classname="org.springframework.data.redis.core.DefaultReactiveListOperationsIntegrationTests" time="0.006">
    <error message="Unable to connect to Redis; nested exception is io.lettuce.core.RedisConnectionException: Unable to connect to 127.0.0.1:6379" type="org.springframework.data.redis.RedisConnectionFailureException">org.springframework.data.redis.RedisConnectionFailureException: Unable to connect to Redis; nested exception is io.lettuce.core.RedisConnectionException: Unable to connect to 127.0.0.1:6379
	at org.springframework.data.redis.core.DefaultReactiveListOperationsIntegrationTests.before(DefaultReactiveListOperationsIntegrationTests.java:85)
Caused by: io.lettuce.core.RedisConnectionException: Unable to connect to 127.0.0.1:6379
	at org.springframework.data.redis.core.DefaultReactiveListOperationsIntegrationTests.before(DefaultReactiveListOperationsIntegrationTests.java:85)
Caused by: io.netty.channel.AbstractChannel$AnnotatedConnectException: syscall:getsockopt(..) failed: Connection refused: /127.0.0.1:6379
Caused by: io.netty.channel.unix.Errors$NativeConnectException: syscall:getsockopt(..) failed: Connection refused
</error>
  </testcase>
  <testcase name="remove[String]" classname="org.springframework.data.redis.core.DefaultReactiveListOperationsIntegrationTests" time="0.004">
    <error message="Unable to connect to Redis; nested exception is io.lettuce.core.RedisConnectionException: Unable to connect to 127.0.0.1:6379" type="org.springframework.data.redis.RedisConnectionFailureException">org.springframework.data.redis.RedisConnectionFailureException: Unable to connect to Redis; nested exception is io.lettuce.core.RedisConnectionException: Unable to connect to 127.0.0.1:6379
	at org.springframework.data.redis.core.DefaultReactiveListOperationsIntegrationTests.before(DefaultReactiveListOperationsIntegrationTests.java:85)
Caused by: io.lettuce.core.RedisConnectionException: Unable to connect to 127.0.0.1:6379
	at org.springframework.data.redis.core.DefaultReactiveListOperationsIntegrationTests.before(DefaultReactiveListOperationsIntegrationTests.java:85)
Caused by: io.netty.channel.AbstractChannel$AnnotatedConnectException: syscall:getsockopt(..) failed: Connection refused: /127.0.0.1:6379
Caused by: io.netty.channel.unix.Errors$NativeConnectException: syscall:getsockopt(..) failed: Connection refused
</error>
  </testcase>
  <testcase name="leftPopWithTimeout[String]" classname="org.springframework.data.redis.core.DefaultReactiveListOperationsIntegrationTests" time="0.003">
    <error message="Unable to connect to Redis; nested exception is io.lettuce.core.RedisConnectionException: Unable to connect to 127.0.0.1:6379" type="org.springframework.data.redis.RedisConnectionFailureException">org.springframework.data.redis.RedisConnectionFailureException: Unable to connect to Redis; nested exception is io.lettuce.core.RedisConnectionException: Unable to connect to 127.0.0.1:6379
	at org.springframework.data.redis.core.DefaultReactiveListOperationsIntegrationTests.before(DefaultReactiveListOperationsIntegrationTests.java:85)
Caused by: io.lettuce.core.RedisConnectionException: Unable to connect to 127.0.0.1:6379
	at org.springframework.data.redis.core.DefaultReactiveListOperationsIntegrationTests.before(DefaultReactiveListOperationsIntegrationTests.java:85)
Caused by: io.netty.channel.AbstractChannel$AnnotatedConnectException: syscall:getsockopt(..) failed: Connection refused: /127.0.0.1:6379
Caused by: io.netty.channel.unix.Errors$NativeConnectException: syscall:getsockopt(..) failed: Connection refused
</error>
  </testcase>
  <testcase name="set[String]" classname="org.springframework.data.redis.core.DefaultReactiveListOperationsIntegrationTests" time="0.004">
    <error message="Unable to connect to Redis; nested exception is io.lettuce.core.RedisConnectionException: Unable to connect to 127.0.0.1:6379" type="org.springframework.data.redis.RedisConnectionFailureException">org.springframework.data.redis.RedisConnectionFailureException: Unable to connect to Redis; nested exception is io.lettuce.core.RedisConnectionException: Unable to connect to 127.0.0.1:6379
	at org.springframework.data.redis.core.DefaultReactiveListOperationsIntegrationTests.before(DefaultReactiveListOperationsIntegrationTests.java:85)
Caused by: io.lettuce.core.RedisConnectionException: Unable to connect to 127.0.0.1:6379
	at org.springframework.data.redis.core.DefaultReactiveListOperationsIntegrationTests.before(DefaultReactiveListOperationsIntegrationTests.java:85)
Caused by: io.netty.channel.AbstractChannel$AnnotatedConnectException: syscall:getsockopt(..) failed: Connection refused: /127.0.0.1:6379
Caused by: io.netty.channel.unix.Errors$NativeConnectException: syscall:getsockopt(..) failed: Connection refused
</error>
  </testcase>
  <testcase name="size[String]" classname="org.springframework.data.redis.core.DefaultReactiveListOperationsIntegrationTests" time="0.002">
    <error message="Unable to connect to Redis; nested exception is io.lettuce.core.RedisConnectionException: Unable to connect to 127.0.0.1:6379" type="org.springframework.data.redis.RedisConnectionFailureException">org.springframework.data.redis.RedisConnectionFailureException: Unable to connect to Redis; nested exception is io.lettuce.core.RedisConnectionException: Unable to connect to 127.0.0.1:6379
	at org.springframework.data.redis.core.DefaultReactiveListOperationsIntegrationTests.before(DefaultReactiveListOperationsIntegrationTests.java:85)
Caused by: io.lettuce.core.RedisConnectionException: Unable to connect to 127.0.0.1:6379
	at org.springframework.data.redis.core.DefaultReactiveListOperationsIntegrationTests.before(DefaultReactiveListOperationsIntegrationTests.java:85)
Caused by: io.netty.channel.AbstractChannel$AnnotatedConnectException: syscall:getsockopt(..) failed: Connection refused: /127.0.0.1:6379
Caused by: io.netty.channel.unix.Errors$NativeConnectException: syscall:getsockopt(..) failed: Connection refused
</error>
  </testcase>
  <testcase name="trim[String]" classname="org.springframework.data.redis.core.DefaultReactiveListOperationsIntegrationTests" time="0.003">
    <error message="Unable to connect to Redis; nested exception is io.lettuce.core.RedisConnectionException: Unable to connect to 127.0.0.1:6379" type="org.springframework.data.redis.RedisConnectionFailureException">org.springframework.data.redis.RedisConnectionFailureException: Unable to connect to Redis; nested exception is io.lettuce.core.RedisConnectionException: Unable to connect to 127.0.0.1:6379
	at org.springframework.data.redis.core.DefaultReactiveListOperationsIntegrationTests.before(DefaultReactiveListOperationsIntegrationTests.java:85)
Caused by: io.lettuce.core.RedisConnectionException: Unable to connect to 127.0.0.1:6379
	at org.springframework.data.redis.core.DefaultReactiveListOperationsIntegrationTests.before(DefaultReactiveListOperationsIntegrationTests.java:85)
Caused by: io.netty.channel.AbstractChannel$AnnotatedConnectException: syscall:getsockopt(..) failed: Connection refused: /127.0.0.1:6379
Caused by: io.netty.channel.unix.Errors$NativeConnectException: syscall:getsockopt(..) failed: Connection refused
</error>
  </testcase>
  <testcase name="leftPop[String]" classname="org.springframework.data.redis.core.DefaultReactiveListOperationsIntegrationTests" time="0.002">
    <error message="Unable to connect to Redis; nested exception is io.lettuce.core.RedisConnectionException: Unable to connect to 127.0.0.1:6379" type="org.springframework.data.redis.RedisConnectionFailureException">org.springframework.data.redis.RedisConnectionFailureException: Unable to connect to Redis; nested exception is io.lettuce.core.RedisConnectionException: Unable to connect to 127.0.0.1:6379
	at org.springframework.data.redis.core.DefaultReactiveListOperationsIntegrationTests.before(DefaultReactiveListOperationsIntegrationTests.java:85)
Caused by: io.lettuce.core.RedisConnectionException: Unable to connect to 127.0.0.1:6379
	at org.springframework.data.redis.core.DefaultReactiveListOperationsIntegrationTests.before(DefaultReactiveListOperationsIntegrationTests.java:85)
Caused by: io.netty.channel.AbstractChannel$AnnotatedConnectException: syscall:getsockopt(..) failed: Connection refused: /127.0.0.1:6379
Caused by: io.netty.channel.unix.Errors$NativeConnectException: syscall:getsockopt(..) failed: Connection refused
</error>
  </testcase>
  <testcase name="index[String]" classname="org.springframework.data.redis.core.DefaultReactiveListOperationsIntegrationTests" time="0.003">
    <error message="Unable to connect to Redis; nested exception is io.lettuce.core.RedisConnectionException: Unable to connect to 127.0.0.1:6379" type="org.springframework.data.redis.RedisConnectionFailureException">org.springframework.data.redis.RedisConnectionFailureException: Unable to connect to Redis; nested exception is io.lettuce.core.RedisConnectionException: Unable to connect to 127.0.0.1:6379
	at org.springframework.data.redis.core.DefaultReactiveListOperationsIntegrationTests.before(DefaultReactiveListOperationsIntegrationTests.java:85)
Caused by: io.lettuce.core.RedisConnectionException: Unable to connect to 127.0.0.1:6379
	at org.springframework.data.redis.core.DefaultReactiveListOperationsIntegrationTests.before(DefaultReactiveListOperationsIntegrationTests.java:85)
Caused by: io.netty.channel.AbstractChannel$AnnotatedConnectException: syscall:getsockopt(..) failed: Connection refused: /127.0.0.1:6379
Caused by: io.netty.channel.unix.Errors$NativeConnectException: syscall:getsockopt(..) failed: Connection refused
</error>
  </testcase>
  <testcase name="leftPushWithPivot[String]" classname="org.springframework.data.redis.core.DefaultReactiveListOperationsIntegrationTests" time="0.001">
    <error message="Unable to connect to Redis; nested exception is io.lettuce.core.RedisConnectionException: Unable to connect to 127.0.0.1:6379" type="org.springframework.data.redis.RedisConnectionFailureException">org.springframework.data.redis.RedisConnectionFailureException: Unable to connect to Redis; nested exception is io.lettuce.core.RedisConnectionException: Unable to connect to 127.0.0.1:6379
	at org.springframework.data.redis.core.DefaultReactiveListOperationsIntegrationTests.before(DefaultReactiveListOperationsIntegrationTests.java:85)
Caused by: io.lettuce.core.RedisConnectionException: Unable to connect to 127.0.0.1:6379
	at org.springframework.data.redis.core.DefaultReactiveListOperationsIntegrationTests.before(DefaultReactiveListOperationsIntegrationTests.java:85)
Caused by: io.netty.channel.AbstractChannel$AnnotatedConnectException: syscall:getsockopt(..) failed: Connection refused: /127.0.0.1:6379
Caused by: io.netty.channel.unix.Errors$NativeConnectException: syscall:getsockopt(..) failed: Connection refused
</error>
  </testcase>
  <testcase name="rightPushWithPivot[String]" classname="org.springframework.data.redis.core.DefaultReactiveListOperationsIntegrationTests" time="0.002">
    <error message="Unable to connect to Redis; nested exception is io.lettuce.core.RedisConnectionException: Unable to connect to 127.0.0.1:6379" type="org.springframework.data.redis.RedisConnectionFailureException">org.springframework.data.redis.RedisConnectionFailureException: Unable to connect to Redis; nested exception is io.lettuce.core.RedisConnectionException: Unable to connect to 127.0.0.1:6379
	at org.springframework.data.redis.core.DefaultReactiveListOperationsIntegrationTests.before(DefaultReactiveListOperationsIntegrationTests.java:85)
Caused by: io.lettuce.core.RedisConnectionException: Unable to connect to 127.0.0.1:6379
	at org.springframework.data.redis.core.DefaultReactiveListOperationsIntegrationTests.before(DefaultReactiveListOperationsIntegrationTests.java:85)
Caused by: io.netty.channel.AbstractChannel$AnnotatedConnectException: syscall:getsockopt(..) failed: Connection refused: /127.0.0.1:6379
Caused by: io.netty.channel.unix.Errors$NativeConnectException: syscall:getsockopt(..) failed: Connection refused
</error>
  </testcase>
  <testcase name="rightPopAndLeftPushWithTimeout[String]" classname="org.springframework.data.redis.core.DefaultReactiveListOperationsIntegrationTests" time="0.002">
    <error message="Unable to connect to Redis; nested exception is io.lettuce.core.RedisConnectionException: Unable to connect to 127.0.0.1:6379" type="org.springframework.data.redis.RedisConnectionFailureException">org.springframework.data.redis.RedisConnectionFailureException: Unable to connect to Redis; nested exception is io.lettuce.core.RedisConnectionException: Unable to connect to 127.0.0.1:6379
	at org.springframework.data.redis.core.DefaultReactiveListOperationsIntegrationTests.before(DefaultReactiveListOperationsIntegrationTests.java:85)
Caused by: io.lettuce.core.RedisConnectionException: Unable to connect to 127.0.0.1:6379
	at org.springframework.data.redis.core.DefaultReactiveListOperationsIntegrationTests.before(DefaultReactiveListOperationsIntegrationTests.java:85)
Caused by: io.netty.channel.AbstractChannel$AnnotatedConnectException: syscall:getsockopt(..) failed: Connection refused: /127.0.0.1:6379
Caused by: io.netty.channel.unix.Errors$NativeConnectException: syscall:getsockopt(..) failed: Connection refused
</error>
  </testcase>
  <testcase name="leftPopWithMillisecondTimeoutShouldFail[String]" classname="org.springframework.data.redis.core.DefaultReactiveListOperationsIntegrationTests" time="0.002">
    <error message="Unable to connect to Redis; nested exception is io.lettuce.core.RedisConnectionException: Unable to connect to 127.0.0.1:6379" type="org.springframework.data.redis.RedisConnectionFailureException">org.springframework.data.redis.RedisConnectionFailureException: Unable to connect to Redis; nested exception is io.lettuce.core.RedisConnectionException: Unable to connect to 127.0.0.1:6379
	at org.springframework.data.redis.core.DefaultReactiveListOperationsIntegrationTests.before(DefaultReactiveListOperationsIntegrationTests.java:85)
Caused by: io.lettuce.core.RedisConnectionException: Unable to connect to 127.0.0.1:6379
	at org.springframework.data.redis.core.DefaultReactiveListOperationsIntegrationTests.before(DefaultReactiveListOperationsIntegrationTests.java:85)
Caused by: io.netty.channel.AbstractChannel$AnnotatedConnectException: syscall:getsockopt(..) failed: Connection refused: /127.0.0.1:6379
Caused by: io.netty.channel.unix.Errors$NativeConnectException: syscall:getsockopt(..) failed: Connection refused
</error>
  </testcase>
  <testcase name="leftPushIfPresent[String]" classname="org.springframework.data.redis.core.DefaultReactiveListOperationsIntegrationTests" time="0.002">
    <error message="Unable to connect to Redis; nested exception is io.lettuce.core.RedisConnectionException: Unable to connect to 127.0.0.1:6379" type="org.springframework.data.redis.RedisConnectionFailureException">org.springframework.data.redis.RedisConnectionFailureException: Unable to connect to Redis; nested exception is io.lettuce.core.RedisConnectionException: Unable to connect to 127.0.0.1:6379
	at org.springframework.data.redis.core.DefaultReactiveListOperationsIntegrationTests.before(DefaultReactiveListOperationsIntegrationTests.java:85)
Caused by: io.lettuce.core.RedisConnectionException: Unable to connect to 127.0.0.1:6379
	at org.springframework.data.redis.core.DefaultReactiveListOperationsIntegrationTests.before(DefaultReactiveListOperationsIntegrationTests.java:85)
Caused by: io.netty.channel.AbstractChannel$AnnotatedConnectException: syscall:getsockopt(..) failed: Connection refused: /127.0.0.1:6379
Caused by: io.netty.channel.unix.Errors$NativeConnectException: syscall:getsockopt(..) failed: Connection refused
</error>
  </testcase>
  <testcase name="rightPushIfPresent[String]" classname="org.springframework.data.redis.core.DefaultReactiveListOperationsIntegrationTests" time="0.002">
    <error message="Unable to connect to Redis; nested exception is io.lettuce.core.RedisConnectionException: Unable to connect to 127.0.0.1:6379" type="org.springframework.data.redis.RedisConnectionFailureException">org.springframework.data.redis.RedisConnectionFailureException: Unable to connect to Redis; nested exception is io.lettuce.core.RedisConnectionException: Unable to connect to 127.0.0.1:6379
	at org.springframework.data.redis.core.DefaultReactiveListOperationsIntegrationTests.before(DefaultReactiveListOperationsIntegrationTests.java:85)
Caused by: io.lettuce.core.RedisConnectionException: Unable to connect to 127.0.0.1:6379
	at org.springframework.data.redis.core.DefaultReactiveListOperationsIntegrationTests.before(DefaultReactiveListOperationsIntegrationTests.java:85)
Caused by: io.netty.channel.AbstractChannel$AnnotatedConnectException: syscall:getsockopt(..) failed: Connection refused: /127.0.0.1:6379
Caused by: io.netty.channel.unix.Errors$NativeConnectException: syscall:getsockopt(..) failed: Connection refused
</error>
  </testcase>
  <testcase name="leftPush[String]" classname="org.springframework.data.redis.core.DefaultReactiveListOperationsIntegrationTests" time="0.002">
    <error message="Unable to connect to Redis; nested exception is io.lettuce.core.RedisConnectionException: Unable to connect to 127.0.0.1:6379" type="org.springframework.data.redis.RedisConnectionFailureException">org.springframework.data.redis.RedisConnectionFailureException: Unable to connect to Redis; nested exception is io.lettuce.core.RedisConnectionException: Unable to connect to 127.0.0.1:6379
	at org.springframework.data.redis.core.DefaultReactiveListOperationsIntegrationTests.before(DefaultReactiveListOperationsIntegrationTests.java:85)
Caused by: io.lettuce.core.RedisConnectionException: Unable to connect to 127.0.0.1:6379
	at org.springframework.data.redis.core.DefaultReactiveListOperationsIntegrationTests.before(DefaultReactiveListOperationsIntegrationTests.java:85)
Caused by: io.netty.channel.AbstractChannel$AnnotatedConnectException: syscall:getsockopt(..) failed: Connection refused: /127.0.0.1:6379
Caused by: io.netty.channel.unix.Errors$NativeConnectException: syscall:getsockopt(..) failed: Connection refused
</error>
  </testcase>
  <testcase name="rightPushAll[String]" classname="org.springframework.data.redis.core.DefaultReactiveListOperationsIntegrationTests" time="0.002">
    <error message="Unable to connect to Redis; nested exception is io.lettuce.core.RedisConnectionException: Unable to connect to 127.0.0.1:6379" type="org.springframework.data.redis.RedisConnectionFailureException">org.springframework.data.redis.RedisConnectionFailureException: Unable to connect to Redis; nested exception is io.lettuce.core.RedisConnectionException: Unable to connect to 127.0.0.1:6379
	at org.springframework.data.redis.core.DefaultReactiveListOperationsIntegrationTests.before(DefaultReactiveListOperationsIntegrationTests.java:85)
Caused by: io.lettuce.core.RedisConnectionException: Unable to connect to 127.0.0.1:6379
	at org.springframework.data.redis.core.DefaultReactiveListOperationsIntegrationTests.before(DefaultReactiveListOperationsIntegrationTests.java:85)
Caused by: io.netty.channel.AbstractChannel$AnnotatedConnectException: syscall:getsockopt(..) failed: Connection refused: /127.0.0.1:6379
Caused by: io.netty.channel.unix.Errors$NativeConnectException: syscall:getsockopt(..) failed: Connection refused
</error>
  </testcase>
  <testcase name="rightPopAndLeftPush[String]" classname="org.springframework.data.redis.core.DefaultReactiveListOperationsIntegrationTests" time="0.001">
    <error message="Unable to connect to Redis; nested exception is io.lettuce.core.RedisConnectionException: Unable to connect to 127.0.0.1:6379" type="org.springframework.data.redis.RedisConnectionFailureException">org.springframework.data.redis.RedisConnectionFailureException: Unable to connect to Redis; nested exception is io.lettuce.core.RedisConnectionException: Unable to connect to 127.0.0.1:6379
	at org.springframework.data.redis.core.DefaultReactiveListOperationsIntegrationTests.before(DefaultReactiveListOperationsIntegrationTests.java:85)
Caused by: io.lettuce.core.RedisConnectionException: Unable to connect to 127.0.0.1:6379
	at org.springframework.data.redis.core.DefaultReactiveListOperationsIntegrationTests.before(DefaultReactiveListOperationsIntegrationTests.java:85)
Caused by: io.netty.channel.AbstractChannel$AnnotatedConnectException: syscall:getsockopt(..) failed: Connection refused: /127.0.0.1:6379
Caused by: io.netty.channel.unix.Errors$NativeConnectException: syscall:getsockopt(..) failed: Connection refused
</error>
  </testcase>
  <testcase name="rightPush[Person/JDK]" classname="org.springframework.data.redis.core.DefaultReactiveListOperationsIntegrationTests" time="0.002">
    <error message="Unable to connect to Redis; nested exception is io.lettuce.core.RedisConnectionException: Unable to connect to 127.0.0.1:6379" type="org.springframework.data.redis.RedisConnectionFailureException">org.springframework.data.redis.RedisConnectionFailureException: Unable to connect to Redis; nested exception is io.lettuce.core.RedisConnectionException: Unable to connect to 127.0.0.1:6379
	at org.springframework.data.redis.core.DefaultReactiveListOperationsIntegrationTests.before(DefaultReactiveListOperationsIntegrationTests.java:85)
Caused by: io.lettuce.core.RedisConnectionException: Unable to connect to 127.0.0.1:6379
	at org.springframework.data.redis.core.DefaultReactiveListOperationsIntegrationTests.before(DefaultReactiveListOperationsIntegrationTests.java:85)
Caused by: io.netty.channel.AbstractChannel$AnnotatedConnectException: syscall:getsockopt(..) failed: Connection refused: /127.0.0.1:6379
Caused by: io.netty.channel.unix.Errors$NativeConnectException: syscall:getsockopt(..) failed: Connection refused
</error>
  </testcase>
  <testcase name="rightPopWithTimeout[Person/JDK]" classname="org.springframework.data.redis.core.DefaultReactiveListOperationsIntegrationTests" time="0.002">
    <error message="Unable to connect to Redis; nested exception is io.lettuce.core.RedisConnectionException: Unable to connect to 127.0.0.1:6379" type="org.springframework.data.redis.RedisConnectionFailureException">org.springframework.data.redis.RedisConnectionFailureException: Unable to connect to Redis; nested exception is io.lettuce.core.RedisConnectionException: Unable to connect to 127.0.0.1:6379
	at org.springframework.data.redis.core.DefaultReactiveListOperationsIntegrationTests.before(DefaultReactiveListOperationsIntegrationTests.java:85)
Caused by: io.lettuce.core.RedisConnectionException: Unable to connect to 127.0.0.1:6379
	at org.springframework.data.redis.core.DefaultReactiveListOperationsIntegrationTests.before(DefaultReactiveListOperationsIntegrationTests.java:85)
Caused by: io.netty.channel.AbstractChannel$AnnotatedConnectException: syscall:getsockopt(..) failed: Connection refused: /127.0.0.1:6379
Caused by: io.netty.channel.unix.Errors$NativeConnectException: syscall:getsockopt(..) failed: Connection refused
</error>
  </testcase>
  <testcase name="rightPop[Person/JDK]" classname="org.springframework.data.redis.core.DefaultReactiveListOperationsIntegrationTests" time="0.001">
    <error message="Unable to connect to Redis; nested exception is io.lettuce.core.RedisConnectionException: Unable to connect to 127.0.0.1:6379" type="org.springframework.data.redis.RedisConnectionFailureException">org.springframework.data.redis.RedisConnectionFailureException: Unable to connect to Redis; nested exception is io.lettuce.core.RedisConnectionException: Unable to connect to 127.0.0.1:6379
	at org.springframework.data.redis.core.DefaultReactiveListOperationsIntegrationTests.before(DefaultReactiveListOperationsIntegrationTests.java:85)
Caused by: io.lettuce.core.RedisConnectionException: Unable to connect to 127.0.0.1:6379
	at org.springframework.data.redis.core.DefaultReactiveListOperationsIntegrationTests.before(DefaultReactiveListOperationsIntegrationTests.java:85)
Caused by: io.netty.channel.AbstractChannel$AnnotatedConnectException: syscall:getsockopt(..) failed: Connection refused: /127.0.0.1:6379
Caused by: io.netty.channel.unix.Errors$NativeConnectException: syscall:getsockopt(..) failed: Connection refused
</error>
  </testcase>
  <testcase name="leftPushAll[Person/JDK]" classname="org.springframework.data.redis.core.DefaultReactiveListOperationsIntegrationTests" time="0.001">
    <error message="Unable to connect to Redis; nested exception is io.lettuce.core.RedisConnectionException: Unable to connect to 127.0.0.1:6379" type="org.springframework.data.redis.RedisConnectionFailureException">org.springframework.data.redis.RedisConnectionFailureException: Unable to connect to Redis; nested exception is io.lettuce.core.RedisConnectionException: Unable to connect to 127.0.0.1:6379
	at org.springframework.data.redis.core.DefaultReactiveListOperationsIntegrationTests.before(DefaultReactiveListOperationsIntegrationTests.java:85)
Caused by: io.lettuce.core.RedisConnectionException: Unable to connect to 127.0.0.1:6379
	at org.springframework.data.redis.core.DefaultReactiveListOperationsIntegrationTests.before(DefaultReactiveListOperationsIntegrationTests.java:85)
Caused by: io.netty.channel.AbstractChannel$AnnotatedConnectException: syscall:getsockopt(..) failed: Connection refused: /127.0.0.1:6379
Caused by: io.netty.channel.unix.Errors$NativeConnectException: syscall:getsockopt(..) failed: Connection refused
</error>
  </testcase>
  <testcase name="delete[Person/JDK]" classname="org.springframework.data.redis.core.DefaultReactiveListOperationsIntegrationTests" time="0.002">
    <error message="Unable to connect to Redis; nested exception is io.lettuce.core.RedisConnectionException: Unable to connect to 127.0.0.1:6379" type="org.springframework.data.redis.RedisConnectionFailureException">org.springframework.data.redis.RedisConnectionFailureException: Unable to connect to Redis; nested exception is io.lettuce.core.RedisConnectionException: Unable to connect to 127.0.0.1:6379
	at org.springframework.data.redis.core.DefaultReactiveListOperationsIntegrationTests.before(DefaultReactiveListOperationsIntegrationTests.java:85)
Caused by: io.lettuce.core.RedisConnectionException: Unable to connect to 127.0.0.1:6379
	at org.springframework.data.redis.core.DefaultReactiveListOperationsIntegrationTests.before(DefaultReactiveListOperationsIntegrationTests.java:85)
Caused by: io.netty.channel.AbstractChannel$AnnotatedConnectException: syscall:getsockopt(..) failed: Connection refused: /127.0.0.1:6379
Caused by: io.netty.channel.unix.Errors$NativeConnectException: syscall:getsockopt(..) failed: Connection refused
</error>
  </testcase>
  <testcase name="remove[Person/JDK]" classname="org.springframework.data.redis.core.DefaultReactiveListOperationsIntegrationTests" time="0.001">
    <error message="Unable to connect to Redis; nested exception is io.lettuce.core.RedisConnectionException: Unable to connect to 127.0.0.1:6379" type="org.springframework.data.redis.RedisConnectionFailureException">org.springframework.data.redis.RedisConnectionFailureException: Unable to connect to Redis; nested exception is io.lettuce.core.RedisConnectionException: Unable to connect to 127.0.0.1:6379
	at org.springframework.data.redis.core.DefaultReactiveListOperationsIntegrationTests.before(DefaultReactiveListOperationsIntegrationTests.java:85)
Caused by: io.lettuce.core.RedisConnectionException: Unable to connect to 127.0.0.1:6379
	at org.springframework.data.redis.core.DefaultReactiveListOperationsIntegrationTests.before(DefaultReactiveListOperationsIntegrationTests.java:85)
Caused by: io.netty.channel.AbstractChannel$AnnotatedConnectException: syscall:getsockopt(..) failed: Connection refused: /127.0.0.1:6379
Caused by: io.netty.channel.unix.Errors$NativeConnectException: syscall:getsockopt(..) failed: Connection refused
</error>
  </testcase>
  <testcase name="leftPopWithTimeout[Person/JDK]" classname="org.springframework.data.redis.core.DefaultReactiveListOperationsIntegrationTests" time="0.001">
    <error message="Unable to connect to Redis; nested exception is io.lettuce.core.RedisConnectionException: Unable to connect to 127.0.0.1:6379" type="org.springframework.data.redis.RedisConnectionFailureException">org.springframework.data.redis.RedisConnectionFailureException: Unable to connect to Redis; nested exception is io.lettuce.core.RedisConnectionException: Unable to connect to 127.0.0.1:6379
	at org.springframework.data.redis.core.DefaultReactiveListOperationsIntegrationTests.before(DefaultReactiveListOperationsIntegrationTests.java:85)
Caused by: io.lettuce.core.RedisConnectionException: Unable to connect to 127.0.0.1:6379
	at org.springframework.data.redis.core.DefaultReactiveListOperationsIntegrationTests.before(DefaultReactiveListOperationsIntegrationTests.java:85)
Caused by: io.netty.channel.AbstractChannel$AnnotatedConnectException: syscall:getsockopt(..) failed: Connection refused: /127.0.0.1:6379
Caused by: io.netty.channel.unix.Errors$NativeConnectException: syscall:getsockopt(..) failed: Connection refused
</error>
  </testcase>
  <testcase name="set[Person/JDK]" classname="org.springframework.data.redis.core.DefaultReactiveListOperationsIntegrationTests" time="0.002">
    <error message="Unable to connect to Redis; nested exception is io.lettuce.core.RedisConnectionException: Unable to connect to 127.0.0.1:6379" type="org.springframework.data.redis.RedisConnectionFailureException">org.springframework.data.redis.RedisConnectionFailureException: Unable to connect to Redis; nested exception is io.lettuce.core.RedisConnectionException: Unable to connect to 127.0.0.1:6379
	at org.springframework.data.redis.core.DefaultReactiveListOperationsIntegrationTests.before(DefaultReactiveListOperationsIntegrationTests.java:85)
Caused by: io.lettuce.core.RedisConnectionException: Unable to connect to 127.0.0.1:6379
	at org.springframework.data.redis.core.DefaultReactiveListOperationsIntegrationTests.before(DefaultReactiveListOperationsIntegrationTests.java:85)
Caused by: io.netty.channel.AbstractChannel$AnnotatedConnectException: syscall:getsockopt(..) failed: Connection refused: /127.0.0.1:6379
Caused by: io.netty.channel.unix.Errors$NativeConnectException: syscall:getsockopt(..) failed: Connection refused
</error>
  </testcase>
  <testcase name="size[Person/JDK]" classname="org.springframework.data.redis.core.DefaultReactiveListOperationsIntegrationTests" time="0.001">
    <error message="Unable to connect to Redis; nested exception is io.lettuce.core.RedisConnectionException: Unable to connect to 127.0.0.1:6379" type="org.springframework.data.redis.RedisConnectionFailureException">org.springframework.data.redis.RedisConnectionFailureException: Unable to connect to Redis; nested exception is io.lettuce.core.RedisConnectionException: Unable to connect to 127.0.0.1:6379
	at org.springframework.data.redis.core.DefaultReactiveListOperationsIntegrationTests.before(DefaultReactiveListOperationsIntegrationTests.java:85)
Caused by: io.lettuce.core.RedisConnectionException: Unable to connect to 127.0.0.1:6379
	at org.springframework.data.redis.core.DefaultReactiveListOperationsIntegrationTests.before(DefaultReactiveListOperationsIntegrationTests.java:85)
Caused by: io.netty.channel.AbstractChannel$AnnotatedConnectException: syscall:getsockopt(..) failed: Connection refused: /127.0.0.1:6379
Caused by: io.netty.channel.unix.Errors$NativeConnectException: syscall:getsockopt(..) failed: Connection refused
</error>
  </testcase>
  <testcase name="trim[Person/JDK]" classname="org.springframework.data.redis.core.DefaultReactiveListOperationsIntegrationTests" time="0.002">
    <error message="Unable to connect to Redis; nested exception is io.lettuce.core.RedisConnectionException: Unable to connect to 127.0.0.1:6379" type="org.springframework.data.redis.RedisConnectionFailureException">org.springframework.data.redis.RedisConnectionFailureException: Unable to connect to Redis; nested exception is io.lettuce.core.RedisConnectionException: Unable to connect to 127.0.0.1:6379
	at org.springframework.data.redis.core.DefaultReactiveListOperationsIntegrationTests.before(DefaultReactiveListOperationsIntegrationTests.java:85)
Caused by: io.lettuce.core.RedisConnectionException: Unable to connect to 127.0.0.1:6379
	at org.springframework.data.redis.core.DefaultReactiveListOperationsIntegrationTests.before(DefaultReactiveListOperationsIntegrationTests.java:85)
Caused by: io.netty.channel.AbstractChannel$AnnotatedConnectException: syscall:getsockopt(..) failed: Connection refused: /127.0.0.1:6379
Caused by: io.netty.channel.unix.Errors$NativeConnectException: syscall:getsockopt(..) failed: Connection refused
</error>
  </testcase>
  <testcase name="leftPop[Person/JDK]" classname="org.springframework.data.redis.core.DefaultReactiveListOperationsIntegrationTests" time="0.001">
    <error message="Unable to connect to Redis; nested exception is io.lettuce.core.RedisConnectionException: Unable to connect to 127.0.0.1:6379" type="org.springframework.data.redis.RedisConnectionFailureException">org.springframework.data.redis.RedisConnectionFailureException: Unable to connect to Redis; nested exception is io.lettuce.core.RedisConnectionException: Unable to connect to 127.0.0.1:6379
	at org.springframework.data.redis.core.DefaultReactiveListOperationsIntegrationTests.before(DefaultReactiveListOperationsIntegrationTests.java:85)
Caused by: io.lettuce.core.RedisConnectionException: Unable to connect to 127.0.0.1:6379
	at org.springframework.data.redis.core.DefaultReactiveListOperationsIntegrationTests.before(DefaultReactiveListOperationsIntegrationTests.java:85)
Caused by: io.netty.channel.AbstractChannel$AnnotatedConnectException: syscall:getsockopt(..) failed: Connection refused: /127.0.0.1:6379
Caused by: io.netty.channel.unix.Errors$NativeConnectException: syscall:getsockopt(..) failed: Connection refused
</error>
  </testcase>
  <testcase name="index[Person/JDK]" classname="org.springframework.data.redis.core.DefaultReactiveListOperationsIntegrationTests" time="0.002">
    <error message="Unable to connect to Redis; nested exception is io.lettuce.core.RedisConnectionException: Unable to connect to 127.0.0.1:6379" type="org.springframework.data.redis.RedisConnectionFailureException">org.springframework.data.redis.RedisConnectionFailureException: Unable to connect to Redis; nested exception is io.lettuce.core.RedisConnectionException: Unable to connect to 127.0.0.1:6379
	at org.springframework.data.redis.core.DefaultReactiveListOperationsIntegrationTests.before(DefaultReactiveListOperationsIntegrationTests.java:85)
Caused by: io.lettuce.core.RedisConnectionException: Unable to connect to 127.0.0.1:6379
	at org.springframework.data.redis.core.DefaultReactiveListOperationsIntegrationTests.before(DefaultReactiveListOperationsIntegrationTests.java:85)
Caused by: io.netty.channel.AbstractChannel$AnnotatedConnectException: syscall:getsockopt(..) failed: Connection refused: /127.0.0.1:6379
Caused by: io.netty.channel.unix.Errors$NativeConnectException: syscall:getsockopt(..) failed: Connection refused
</error>
  </testcase>
  <testcase name="leftPushWithPivot[Person/JDK]" classname="org.springframework.data.redis.core.DefaultReactiveListOperationsIntegrationTests" time="0.002">
    <error message="Unable to connect to Redis; nested exception is io.lettuce.core.RedisConnectionException: Unable to connect to 127.0.0.1:6379" type="org.springframework.data.redis.RedisConnectionFailureException">org.springframework.data.redis.RedisConnectionFailureException: Unable to connect to Redis; nested exception is io.lettuce.core.RedisConnectionException: Unable to connect to 127.0.0.1:6379
	at org.springframework.data.redis.core.DefaultReactiveListOperationsIntegrationTests.before(DefaultReactiveListOperationsIntegrationTests.java:85)
Caused by: io.lettuce.core.RedisConnectionException: Unable to connect to 127.0.0.1:6379
	at org.springframework.data.redis.core.DefaultReactiveListOperationsIntegrationTests.before(DefaultReactiveListOperationsIntegrationTests.java:85)
Caused by: io.netty.channel.AbstractChannel$AnnotatedConnectException: syscall:getsockopt(..) failed: Connection refused: /127.0.0.1:6379
Caused by: io.netty.channel.unix.Errors$NativeConnectException: syscall:getsockopt(..) failed: Connection refused
</error>
  </testcase>
  <testcase name="rightPushWithPivot[Person/JDK]" classname="org.springframework.data.redis.core.DefaultReactiveListOperationsIntegrationTests" time="0.002">
    <error message="Unable to connect to Redis; nested exception is io.lettuce.core.RedisConnectionException: Unable to connect to 127.0.0.1:6379" type="org.springframework.data.redis.RedisConnectionFailureException">org.springframework.data.redis.RedisConnectionFailureException: Unable to connect to Redis; nested exception is io.lettuce.core.RedisConnectionException: Unable to connect to 127.0.0.1:6379
	at org.springframework.data.redis.core.DefaultReactiveListOperationsIntegrationTests.before(DefaultReactiveListOperationsIntegrationTests.java:85)
Caused by: io.lettuce.core.RedisConnectionException: Unable to connect to 127.0.0.1:6379
	at org.springframework.data.redis.core.DefaultReactiveListOperationsIntegrationTests.before(DefaultReactiveListOperationsIntegrationTests.java:85)
Caused by: io.netty.channel.AbstractChannel$AnnotatedConnectException: syscall:getsockopt(..) failed: Connection refused: /127.0.0.1:6379
Caused by: io.netty.channel.unix.Errors$NativeConnectException: syscall:getsockopt(..) failed: Connection refused
</error>
  </testcase>
  <testcase name="rightPopAndLeftPushWithTimeout[Person/JDK]" classname="org.springframework.data.redis.core.DefaultReactiveListOperationsIntegrationTests" time="0.002">
    <error message="Unable to connect to Redis; nested exception is io.lettuce.core.RedisConnectionException: Unable to connect to 127.0.0.1:6379" type="org.springframework.data.redis.RedisConnectionFailureException">org.springframework.data.redis.RedisConnectionFailureException: Unable to connect to Redis; nested exception is io.lettuce.core.RedisConnectionException: Unable to connect to 127.0.0.1:6379
	at org.springframework.data.redis.core.DefaultReactiveListOperationsIntegrationTests.before(DefaultReactiveListOperationsIntegrationTests.java:85)
Caused by: io.lettuce.core.RedisConnectionException: Unable to connect to 127.0.0.1:6379
	at org.springframework.data.redis.core.DefaultReactiveListOperationsIntegrationTests.before(DefaultReactiveListOperationsIntegrationTests.java:85)
Caused by: io.netty.channel.AbstractChannel$AnnotatedConnectException: syscall:getsockopt(..) failed: Connection refused: /127.0.0.1:6379
Caused by: io.netty.channel.unix.Errors$NativeConnectException: syscall:getsockopt(..) failed: Connection refused
</error>
  </testcase>
  <testcase name="leftPopWithMillisecondTimeoutShouldFail[Person/JDK]" classname="org.springframework.data.redis.core.DefaultReactiveListOperationsIntegrationTests" time="0.002">
    <error message="Unable to connect to Redis; nested exception is io.lettuce.core.RedisConnectionException: Unable to connect to 127.0.0.1:6379" type="org.springframework.data.redis.RedisConnectionFailureException">org.springframework.data.redis.RedisConnectionFailureException: Unable to connect to Redis; nested exception is io.lettuce.core.RedisConnectionException: Unable to connect to 127.0.0.1:6379
	at org.springframework.data.redis.core.DefaultReactiveListOperationsIntegrationTests.before(DefaultReactiveListOperationsIntegrationTests.java:85)
Caused by: io.lettuce.core.RedisConnectionException: Unable to connect to 127.0.0.1:6379
	at org.springframework.data.redis.core.DefaultReactiveListOperationsIntegrationTests.before(DefaultReactiveListOperationsIntegrationTests.java:85)
Caused by: io.netty.channel.AbstractChannel$AnnotatedConnectException: syscall:getsockopt(..) failed: Connection refused: /127.0.0.1:6379
Caused by: io.netty.channel.unix.Errors$NativeConnectException: syscall:getsockopt(..) failed: Connection refused
</error>
  </testcase>
  <testcase name="leftPushIfPresent[Person/JDK]" classname="org.springframework.data.redis.core.DefaultReactiveListOperationsIntegrationTests" time="0.002">
    <error message="Unable to connect to Redis; nested exception is io.lettuce.core.RedisConnectionException: Unable to connect to 127.0.0.1:6379" type="org.springframework.data.redis.RedisConnectionFailureException">org.springframework.data.redis.RedisConnectionFailureException: Unable to connect to Redis; nested exception is io.lettuce.core.RedisConnectionException: Unable to connect to 127.0.0.1:6379
	at org.springframework.data.redis.core.DefaultReactiveListOperationsIntegrationTests.before(DefaultReactiveListOperationsIntegrationTests.java:85)
Caused by: io.lettuce.core.RedisConnectionException: Unable to connect to 127.0.0.1:6379
	at org.springframework.data.redis.core.DefaultReactiveListOperationsIntegrationTests.before(DefaultReactiveListOperationsIntegrationTests.java:85)
Caused by: io.netty.channel.AbstractChannel$AnnotatedConnectException: syscall:getsockopt(..) failed: Connection refused: /127.0.0.1:6379
Caused by: io.netty.channel.unix.Errors$NativeConnectException: syscall:getsockopt(..) failed: Connection refused
</error>
  </testcase>
  <testcase name="rightPushIfPresent[Person/JDK]" classname="org.springframework.data.redis.core.DefaultReactiveListOperationsIntegrationTests" time="0.002">
    <error message="Unable to connect to Redis; nested exception is io.lettuce.core.RedisConnectionException: Unable to connect to 127.0.0.1:6379" type="org.springframework.data.redis.RedisConnectionFailureException">org.springframework.data.redis.RedisConnectionFailureException: Unable to connect to Redis; nested exception is io.lettuce.core.RedisConnectionException: Unable to connect to 127.0.0.1:6379
	at org.springframework.data.redis.core.DefaultReactiveListOperationsIntegrationTests.before(DefaultReactiveListOperationsIntegrationTests.java:85)
Caused by: io.lettuce.core.RedisConnectionException: Unable to connect to 127.0.0.1:6379
	at org.springframework.data.redis.core.DefaultReactiveListOperationsIntegrationTests.before(DefaultReactiveListOperationsIntegrationTests.java:85)
Caused by: io.netty.channel.AbstractChannel$AnnotatedConnectException: syscall:getsockopt(..) failed: Connection refused: /127.0.0.1:6379
Caused by: io.netty.channel.unix.Errors$NativeConnectException: syscall:getsockopt(..) failed: Connection refused
</error>
  </testcase>
  <testcase name="leftPush[Person/JDK]" classname="org.springframework.data.redis.core.DefaultReactiveListOperationsIntegrationTests" time="0.002">
    <error message="Unable to connect to Redis; nested exception is io.lettuce.core.RedisConnectionException: Unable to connect to 127.0.0.1:6379" type="org.springframework.data.redis.RedisConnectionFailureException">org.springframework.data.redis.RedisConnectionFailureException: Unable to connect to Redis; nested exception is io.lettuce.core.RedisConnectionException: Unable to connect to 127.0.0.1:6379
	at org.springframework.data.redis.core.DefaultReactiveListOperationsIntegrationTests.before(DefaultReactiveListOperationsIntegrationTests.java:85)
Caused by: io.lettuce.core.RedisConnectionException: Unable to connect to 127.0.0.1:6379
	at org.springframework.data.redis.core.DefaultReactiveListOperationsIntegrationTests.before(DefaultReactiveListOperationsIntegrationTests.java:85)
Caused by: io.netty.channel.AbstractChannel$AnnotatedConnectException: syscall:getsockopt(..) failed: Connection refused: /127.0.0.1:6379
Caused by: io.netty.channel.unix.Errors$NativeConnectException: syscall:getsockopt(..) failed: Connection refused
</error>
  </testcase>
  <testcase name="rightPushAll[Person/JDK]" classname="org.springframework.data.redis.core.DefaultReactiveListOperationsIntegrationTests" time="0.003">
    <error message="Unable to connect to Redis; nested exception is io.lettuce.core.RedisConnectionException: Unable to connect to 127.0.0.1:6379" type="org.springframework.data.redis.RedisConnectionFailureException">org.springframework.data.redis.RedisConnectionFailureException: Unable to connect to Redis; nested exception is io.lettuce.core.RedisConnectionException: Unable to connect to 127.0.0.1:6379
	at org.springframework.data.redis.core.DefaultReactiveListOperationsIntegrationTests.before(DefaultReactiveListOperationsIntegrationTests.java:85)
Caused by: io.lettuce.core.RedisConnectionException: Unable to connect to 127.0.0.1:6379
	at org.springframework.data.redis.core.DefaultReactiveListOperationsIntegrationTests.before(DefaultReactiveListOperationsIntegrationTests.java:85)
Caused by: io.netty.channel.AbstractChannel$AnnotatedConnectException: syscall:getsockopt(..) failed: Connection refused: /127.0.0.1:6379
Caused by: io.netty.channel.unix.Errors$NativeConnectException: syscall:getsockopt(..) failed: Connection refused
</error>
  </testcase>
  <testcase name="rightPopAndLeftPush[Person/JDK]" classname="org.springframework.data.redis.core.DefaultReactiveListOperationsIntegrationTests" time="0.002">
    <error message="Unable to connect to Redis; nested exception is io.lettuce.core.RedisConnectionException: Unable to connect to 127.0.0.1:6379" type="org.springframework.data.redis.RedisConnectionFailureException">org.springframework.data.redis.RedisConnectionFailureException: Unable to connect to Redis; nested exception is io.lettuce.core.RedisConnectionException: Unable to connect to 127.0.0.1:6379
	at org.springframework.data.redis.core.DefaultReactiveListOperationsIntegrationTests.before(DefaultReactiveListOperationsIntegrationTests.java:85)
Caused by: io.lettuce.core.RedisConnectionException: Unable to connect to 127.0.0.1:6379
	at org.springframework.data.redis.core.DefaultReactiveListOperationsIntegrationTests.before(DefaultReactiveListOperationsIntegrationTests.java:85)
Caused by: io.netty.channel.AbstractChannel$AnnotatedConnectException: syscall:getsockopt(..) failed: Connection refused: /127.0.0.1:6379
Caused by: io.netty.channel.unix.Errors$NativeConnectException: syscall:getsockopt(..) failed: Connection refused
</error>
  </testcase>
  <testcase name="rightPush[Pooled/Person/JDK]" classname="org.springframework.data.redis.core.DefaultReactiveListOperationsIntegrationTests" time="0.006">
    <error message="Could not get a resource from the pool; nested exception is io.lettuce.core.RedisConnectionException: Unable to connect to 127.0.0.1:6379" type="org.springframework.data.redis.connection.PoolException">org.springframework.data.redis.connection.PoolException: Could not get a resource from the pool; nested exception is io.lettuce.core.RedisConnectionException: Unable to connect to 127.0.0.1:6379
	at org.springframework.data.redis.core.DefaultReactiveListOperationsIntegrationTests.before(DefaultReactiveListOperationsIntegrationTests.java:85)
Caused by: io.lettuce.core.RedisConnectionException: Unable to connect to 127.0.0.1:6379
	at org.springframework.data.redis.core.DefaultReactiveListOperationsIntegrationTests.before(DefaultReactiveListOperationsIntegrationTests.java:85)
Caused by: io.netty.channel.AbstractChannel$AnnotatedConnectException: syscall:getsockopt(..) failed: Connection refused: /127.0.0.1:6379
Caused by: io.netty.channel.unix.Errors$NativeConnectException: syscall:getsockopt(..) failed: Connection refused
</error>
  </testcase>
  <testcase name="rightPopWithTimeout[Pooled/Person/JDK]" classname="org.springframework.data.redis.core.DefaultReactiveListOperationsIntegrationTests" time="0.003">
    <error message="Could not get a resource from the pool; nested exception is io.lettuce.core.RedisConnectionException: Unable to connect to 127.0.0.1:6379" type="org.springframework.data.redis.connection.PoolException">org.springframework.data.redis.connection.PoolException: Could not get a resource from the pool; nested exception is io.lettuce.core.RedisConnectionException: Unable to connect to 127.0.0.1:6379
	at org.springframework.data.redis.core.DefaultReactiveListOperationsIntegrationTests.before(DefaultReactiveListOperationsIntegrationTests.java:85)
Caused by: io.lettuce.core.RedisConnectionException: Unable to connect to 127.0.0.1:6379
	at org.springframework.data.redis.core.DefaultReactiveListOperationsIntegrationTests.before(DefaultReactiveListOperationsIntegrationTests.java:85)
Caused by: io.netty.channel.AbstractChannel$AnnotatedConnectException: syscall:getsockopt(..) failed: Connection refused: /127.0.0.1:6379
Caused by: io.netty.channel.unix.Errors$NativeConnectException: syscall:getsockopt(..) failed: Connection refused
</error>
  </testcase>
  <testcase name="rightPop[Pooled/Person/JDK]" classname="org.springframework.data.redis.core.DefaultReactiveListOperationsIntegrationTests" time="0.002">
    <error message="Could not get a resource from the pool; nested exception is io.lettuce.core.RedisConnectionException: Unable to connect to 127.0.0.1:6379" type="org.springframework.data.redis.connection.PoolException">org.springframework.data.redis.connection.PoolException: Could not get a resource from the pool; nested exception is io.lettuce.core.RedisConnectionException: Unable to connect to 127.0.0.1:6379
	at org.springframework.data.redis.core.DefaultReactiveListOperationsIntegrationTests.before(DefaultReactiveListOperationsIntegrationTests.java:85)
Caused by: io.lettuce.core.RedisConnectionException: Unable to connect to 127.0.0.1:6379
	at org.springframework.data.redis.core.DefaultReactiveListOperationsIntegrationTests.before(DefaultReactiveListOperationsIntegrationTests.java:85)
Caused by: io.netty.channel.AbstractChannel$AnnotatedConnectException: syscall:getsockopt(..) failed: Connection refused: /127.0.0.1:6379
Caused by: io.netty.channel.unix.Errors$NativeConnectException: syscall:getsockopt(..) failed: Connection refused
</error>
  </testcase>
  <testcase name="leftPushAll[Pooled/Person/JDK]" classname="org.springframework.data.redis.core.DefaultReactiveListOperationsIntegrationTests" time="0.005">
    <error message="Could not get a resource from the pool; nested exception is io.lettuce.core.RedisConnectionException: Unable to connect to 127.0.0.1:6379" type="org.springframework.data.redis.connection.PoolException">org.springframework.data.redis.connection.PoolException: Could not get a resource from the pool; nested exception is io.lettuce.core.RedisConnectionException: Unable to connect to 127.0.0.1:6379
	at org.springframework.data.redis.core.DefaultReactiveListOperationsIntegrationTests.before(DefaultReactiveListOperationsIntegrationTests.java:85)
Caused by: io.lettuce.core.RedisConnectionException: Unable to connect to 127.0.0.1:6379
	at org.springframework.data.redis.core.DefaultReactiveListOperationsIntegrationTests.before(DefaultReactiveListOperationsIntegrationTests.java:85)
Caused by: io.netty.channel.AbstractChannel$AnnotatedConnectException: syscall:getsockopt(..) failed: Connection refused: /127.0.0.1:6379
Caused by: io.netty.channel.unix.Errors$NativeConnectException: syscall:getsockopt(..) failed: Connection refused
</error>
  </testcase>
  <testcase name="delete[Pooled/Person/JDK]" classname="org.springframework.data.redis.core.DefaultReactiveListOperationsIntegrationTests" time="0.001">
    <error message="Could not get a resource from the pool; nested exception is io.lettuce.core.RedisConnectionException: Unable to connect to 127.0.0.1:6379" type="org.springframework.data.redis.connection.PoolException">org.springframework.data.redis.connection.PoolException: Could not get a resource from the pool; nested exception is io.lettuce.core.RedisConnectionException: Unable to connect to 127.0.0.1:6379
	at org.springframework.data.redis.core.DefaultReactiveListOperationsIntegrationTests.before(DefaultReactiveListOperationsIntegrationTests.java:85)
Caused by: io.lettuce.core.RedisConnectionException: Unable to connect to 127.0.0.1:6379
	at org.springframework.data.redis.core.DefaultReactiveListOperationsIntegrationTests.before(DefaultReactiveListOperationsIntegrationTests.java:85)
Caused by: io.netty.channel.AbstractChannel$AnnotatedConnectException: syscall:getsockopt(..) failed: Connection refused: /127.0.0.1:6379
Caused by: io.netty.channel.unix.Errors$NativeConnectException: syscall:getsockopt(..) failed: Connection refused
</error>
  </testcase>
  <testcase name="remove[Pooled/Person/JDK]" classname="org.springframework.data.redis.core.DefaultReactiveListOperationsIntegrationTests" time="0.001">
    <error message="Could not get a resource from the pool; nested exception is io.lettuce.core.RedisConnectionException: Unable to connect to 127.0.0.1:6379" type="org.springframework.data.redis.connection.PoolException">org.springframework.data.redis.connection.PoolException: Could not get a resource from the pool; nested exception is io.lettuce.core.RedisConnectionException: Unable to connect to 127.0.0.1:6379
	at org.springframework.data.redis.core.DefaultReactiveListOperationsIntegrationTests.before(DefaultReactiveListOperationsIntegrationTests.java:85)
Caused by: io.lettuce.core.RedisConnectionException: Unable to connect to 127.0.0.1:6379
	at org.springframework.data.redis.core.DefaultReactiveListOperationsIntegrationTests.before(DefaultReactiveListOperationsIntegrationTests.java:85)
Caused by: io.netty.channel.AbstractChannel$AnnotatedConnectException: syscall:getsockopt(..) failed: Connection refused: /127.0.0.1:6379
Caused by: io.netty.channel.unix.Errors$NativeConnectException: syscall:getsockopt(..) failed: Connection refused
</error>
  </testcase>
  <testcase name="leftPopWithTimeout[Pooled/Person/JDK]" classname="org.springframework.data.redis.core.DefaultReactiveListOperationsIntegrationTests" time="0.002">
    <error message="Could not get a resource from the pool; nested exception is io.lettuce.core.RedisConnectionException: Unable to connect to 127.0.0.1:6379" type="org.springframework.data.redis.connection.PoolException">org.springframework.data.redis.connection.PoolException: Could not get a resource from the pool; nested exception is io.lettuce.core.RedisConnectionException: Unable to connect to 127.0.0.1:6379
	at org.springframework.data.redis.core.DefaultReactiveListOperationsIntegrationTests.before(DefaultReactiveListOperationsIntegrationTests.java:85)
Caused by: io.lettuce.core.RedisConnectionException: Unable to connect to 127.0.0.1:6379
	at org.springframework.data.redis.core.DefaultReactiveListOperationsIntegrationTests.before(DefaultReactiveListOperationsIntegrationTests.java:85)
Caused by: io.netty.channel.AbstractChannel$AnnotatedConnectException: syscall:getsockopt(..) failed: Connection refused: /127.0.0.1:6379
Caused by: io.netty.channel.unix.Errors$NativeConnectException: syscall:getsockopt(..) failed: Connection refused
</error>
  </testcase>
  <testcase name="set[Pooled/Person/JDK]" classname="org.springframework.data.redis.core.DefaultReactiveListOperationsIntegrationTests" time="0.002">
    <error message="Could not get a resource from the pool; nested exception is io.lettuce.core.RedisConnectionException: Unable to connect to 127.0.0.1:6379" type="org.springframework.data.redis.connection.PoolException">org.springframework.data.redis.connection.PoolException: Could not get a resource from the pool; nested exception is io.lettuce.core.RedisConnectionException: Unable to connect to 127.0.0.1:6379
	at org.springframework.data.redis.core.DefaultReactiveListOperationsIntegrationTests.before(DefaultReactiveListOperationsIntegrationTests.java:85)
Caused by: io.lettuce.core.RedisConnectionException: Unable to connect to 127.0.0.1:6379
	at org.springframework.data.redis.core.DefaultReactiveListOperationsIntegrationTests.before(DefaultReactiveListOperationsIntegrationTests.java:85)
Caused by: io.netty.channel.AbstractChannel$AnnotatedConnectException: syscall:getsockopt(..) failed: Connection refused: /127.0.0.1:6379
Caused by: io.netty.channel.unix.Errors$NativeConnectException: syscall:getsockopt(..) failed: Connection refused
</error>
  </testcase>
  <testcase name="size[Pooled/Person/JDK]" classname="org.springframework.data.redis.core.DefaultReactiveListOperationsIntegrationTests" time="0.002">
    <error message="Could not get a resource from the pool; nested exception is io.lettuce.core.RedisConnectionException: Unable to connect to 127.0.0.1:6379" type="org.springframework.data.redis.connection.PoolException">org.springframework.data.redis.connection.PoolException: Could not get a resource from the pool; nested exception is io.lettuce.core.RedisConnectionException: Unable to connect to 127.0.0.1:6379
	at org.springframework.data.redis.core.DefaultReactiveListOperationsIntegrationTests.before(DefaultReactiveListOperationsIntegrationTests.java:85)
Caused by: io.lettuce.core.RedisConnectionException: Unable to connect to 127.0.0.1:6379
	at org.springframework.data.redis.core.DefaultReactiveListOperationsIntegrationTests.before(DefaultReactiveListOperationsIntegrationTests.java:85)
Caused by: io.netty.channel.AbstractChannel$AnnotatedConnectException: syscall:getsockopt(..) failed: Connection refused: /127.0.0.1:6379
Caused by: io.netty.channel.unix.Errors$NativeConnectException: syscall:getsockopt(..) failed: Connection refused
</error>
  </testcase>
  <testcase name="trim[Pooled/Person/JDK]" classname="org.springframework.data.redis.core.DefaultReactiveListOperationsIntegrationTests" time="0.002">
    <error message="Could not get a resource from the pool; nested exception is io.lettuce.core.RedisConnectionException: Unable to connect to 127.0.0.1:6379" type="org.springframework.data.redis.connection.PoolException">org.springframework.data.redis.connection.PoolException: Could not get a resource from the pool; nested exception is io.lettuce.core.RedisConnectionException: Unable to connect to 127.0.0.1:6379
	at org.springframework.data.redis.core.DefaultReactiveListOperationsIntegrationTests.before(DefaultReactiveListOperationsIntegrationTests.java:85)
Caused by: io.lettuce.core.RedisConnectionException: Unable to connect to 127.0.0.1:6379
	at org.springframework.data.redis.core.DefaultReactiveListOperationsIntegrationTests.before(DefaultReactiveListOperationsIntegrationTests.java:85)
Caused by: io.netty.channel.AbstractChannel$AnnotatedConnectException: syscall:getsockopt(..) failed: Connection refused: /127.0.0.1:6379
Caused by: io.netty.channel.unix.Errors$NativeConnectException: syscall:getsockopt(..) failed: Connection refused
</error>
  </testcase>
  <testcase name="leftPop[Pooled/Person/JDK]" classname="org.springframework.data.redis.core.DefaultReactiveListOperationsIntegrationTests" time="0.002">
    <error message="Could not get a resource from the pool; nested exception is io.lettuce.core.RedisConnectionException: Unable to connect to 127.0.0.1:6379" type="org.springframework.data.redis.connection.PoolException">org.springframework.data.redis.connection.PoolException: Could not get a resource from the pool; nested exception is io.lettuce.core.RedisConnectionException: Unable to connect to 127.0.0.1:6379
	at org.springframework.data.redis.core.DefaultReactiveListOperationsIntegrationTests.before(DefaultReactiveListOperationsIntegrationTests.java:85)
Caused by: io.lettuce.core.RedisConnectionException: Unable to connect to 127.0.0.1:6379
	at org.springframework.data.redis.core.DefaultReactiveListOperationsIntegrationTests.before(DefaultReactiveListOperationsIntegrationTests.java:85)
Caused by: io.netty.channel.AbstractChannel$AnnotatedConnectException: syscall:getsockopt(..) failed: Connection refused: /127.0.0.1:6379
Caused by: io.netty.channel.unix.Errors$NativeConnectException: syscall:getsockopt(..) failed: Connection refused
</error>
  </testcase>
  <testcase name="index[Pooled/Person/JDK]" classname="org.springframework.data.redis.core.DefaultReactiveListOperationsIntegrationTests" time="0.002">
    <error message="Could not get a resource from the pool; nested exception is io.lettuce.core.RedisConnectionException: Unable to connect to 127.0.0.1:6379" type="org.springframework.data.redis.connection.PoolException">org.springframework.data.redis.connection.PoolException: Could not get a resource from the pool; nested exception is io.lettuce.core.RedisConnectionException: Unable to connect to 127.0.0.1:6379
	at org.springframework.data.redis.core.DefaultReactiveListOperationsIntegrationTests.before(DefaultReactiveListOperationsIntegrationTests.java:85)
Caused by: io.lettuce.core.RedisConnectionException: Unable to connect to 127.0.0.1:6379
	at org.springframework.data.redis.core.DefaultReactiveListOperationsIntegrationTests.before(DefaultReactiveListOperationsIntegrationTests.java:85)
Caused by: io.netty.channel.AbstractChannel$AnnotatedConnectException: syscall:getsockopt(..) failed: Connection refused: /127.0.0.1:6379
Caused by: io.netty.channel.unix.Errors$NativeConnectException: syscall:getsockopt(..) failed: Connection refused
</error>
  </testcase>
  <testcase name="leftPushWithPivot[Pooled/Person/JDK]" classname="org.springframework.data.redis.core.DefaultReactiveListOperationsIntegrationTests" time="0.002">
    <error message="Could not get a resource from the pool; nested exception is io.lettuce.core.RedisConnectionException: Unable to connect to 127.0.0.1:6379" type="org.springframework.data.redis.connection.PoolException">org.springframework.data.redis.connection.PoolException: Could not get a resource from the pool; nested exception is io.lettuce.core.RedisConnectionException: Unable to connect to 127.0.0.1:6379
	at org.springframework.data.redis.core.DefaultReactiveListOperationsIntegrationTests.before(DefaultReactiveListOperationsIntegrationTests.java:85)
Caused by: io.lettuce.core.RedisConnectionException: Unable to connect to 127.0.0.1:6379
	at org.springframework.data.redis.core.DefaultReactiveListOperationsIntegrationTests.before(DefaultReactiveListOperationsIntegrationTests.java:85)
Caused by: io.netty.channel.AbstractChannel$AnnotatedConnectException: syscall:getsockopt(..) failed: Connection refused: /127.0.0.1:6379
Caused by: io.netty.channel.unix.Errors$NativeConnectException: syscall:getsockopt(..) failed: Connection refused
</error>
  </testcase>
  <testcase name="rightPushWithPivot[Pooled/Person/JDK]" classname="org.springframework.data.redis.core.DefaultReactiveListOperationsIntegrationTests" time="0.001">
    <error message="Could not get a resource from the pool; nested exception is io.lettuce.core.RedisConnectionException: Unable to connect to 127.0.0.1:6379" type="org.springframework.data.redis.connection.PoolException">org.springframework.data.redis.connection.PoolException: Could not get a resource from the pool; nested exception is io.lettuce.core.RedisConnectionException: Unable to connect to 127.0.0.1:6379
	at org.springframework.data.redis.core.DefaultReactiveListOperationsIntegrationTests.before(DefaultReactiveListOperationsIntegrationTests.java:85)
Caused by: io.lettuce.core.RedisConnectionException: Unable to connect to 127.0.0.1:6379
	at org.springframework.data.redis.core.DefaultReactiveListOperationsIntegrationTests.before(DefaultReactiveListOperationsIntegrationTests.java:85)
Caused by: io.netty.channel.AbstractChannel$AnnotatedConnectException: syscall:getsockopt(..) failed: Connection refused: /127.0.0.1:6379
Caused by: io.netty.channel.unix.Errors$NativeConnectException: syscall:getsockopt(..) failed: Connection refused
</error>
  </testcase>
  <testcase name="rightPopAndLeftPushWithTimeout[Pooled/Person/JDK]" classname="org.springframework.data.redis.core.DefaultReactiveListOperationsIntegrationTests" time="0.002">
    <error message="Could not get a resource from the pool; nested exception is io.lettuce.core.RedisConnectionException: Unable to connect to 127.0.0.1:6379" type="org.springframework.data.redis.connection.PoolException">org.springframework.data.redis.connection.PoolException: Could not get a resource from the pool; nested exception is io.lettuce.core.RedisConnectionException: Unable to connect to 127.0.0.1:6379
	at org.springframework.data.redis.core.DefaultReactiveListOperationsIntegrationTests.before(DefaultReactiveListOperationsIntegrationTests.java:85)
Caused by: io.lettuce.core.RedisConnectionException: Unable to connect to 127.0.0.1:6379
	at org.springframework.data.redis.core.DefaultReactiveListOperationsIntegrationTests.before(DefaultReactiveListOperationsIntegrationTests.java:85)
Caused by: io.netty.channel.AbstractChannel$AnnotatedConnectException: syscall:getsockopt(..) failed: Connection refused: /127.0.0.1:6379
Caused by: io.netty.channel.unix.Errors$NativeConnectException: syscall:getsockopt(..) failed: Connection refused
</error>
  </testcase>
  <testcase name="leftPopWithMillisecondTimeoutShouldFail[Pooled/Person/JDK]" classname="org.springframework.data.redis.core.DefaultReactiveListOperationsIntegrationTests" time="0.002">
    <error message="Could not get a resource from the pool; nested exception is io.lettuce.core.RedisConnectionException: Unable to connect to 127.0.0.1:6379" type="org.springframework.data.redis.connection.PoolException">org.springframework.data.redis.connection.PoolException: Could not get a resource from the pool; nested exception is io.lettuce.core.RedisConnectionException: Unable to connect to 127.0.0.1:6379
	at org.springframework.data.redis.core.DefaultReactiveListOperationsIntegrationTests.before(DefaultReactiveListOperationsIntegrationTests.java:85)
Caused by: io.lettuce.core.RedisConnectionException: Unable to connect to 127.0.0.1:6379
	at org.springframework.data.redis.core.DefaultReactiveListOperationsIntegrationTests.before(DefaultReactiveListOperationsIntegrationTests.java:85)
Caused by: io.netty.channel.AbstractChannel$AnnotatedConnectException: syscall:getsockopt(..) failed: Connection refused: /127.0.0.1:6379
Caused by: io.netty.channel.unix.Errors$NativeConnectException: syscall:getsockopt(..) failed: Connection refused
</error>
  </testcase>
  <testcase name="leftPushIfPresent[Pooled/Person/JDK]" classname="org.springframework.data.redis.core.DefaultReactiveListOperationsIntegrationTests" time="0.002">
    <error message="Could not get a resource from the pool; nested exception is io.lettuce.core.RedisConnectionException: Unable to connect to 127.0.0.1:6379" type="org.springframework.data.redis.connection.PoolException">org.springframework.data.redis.connection.PoolException: Could not get a resource from the pool; nested exception is io.lettuce.core.RedisConnectionException: Unable to connect to 127.0.0.1:6379
	at org.springframework.data.redis.core.DefaultReactiveListOperationsIntegrationTests.before(DefaultReactiveListOperationsIntegrationTests.java:85)
Caused by: io.lettuce.core.RedisConnectionException: Unable to connect to 127.0.0.1:6379
	at org.springframework.data.redis.core.DefaultReactiveListOperationsIntegrationTests.before(DefaultReactiveListOperationsIntegrationTests.java:85)
Caused by: io.netty.channel.AbstractChannel$AnnotatedConnectException: syscall:getsockopt(..) failed: Connection refused: /127.0.0.1:6379
Caused by: io.netty.channel.unix.Errors$NativeConnectException: syscall:getsockopt(..) failed: Connection refused
</error>
  </testcase>
  <testcase name="rightPushIfPresent[Pooled/Person/JDK]" classname="org.springframework.data.redis.core.DefaultReactiveListOperationsIntegrationTests" time="0.002">
    <error message="Could not get a resource from the pool; nested exception is io.lettuce.core.RedisConnectionException: Unable to connect to 127.0.0.1:6379" type="org.springframework.data.redis.connection.PoolException">org.springframework.data.redis.connection.PoolException: Could not get a resource from the pool; nested exception is io.lettuce.core.RedisConnectionException: Unable to connect to 127.0.0.1:6379
	at org.springframework.data.redis.core.DefaultReactiveListOperationsIntegrationTests.before(DefaultReactiveListOperationsIntegrationTests.java:85)
Caused by: io.lettuce.core.RedisConnectionException: Unable to connect to 127.0.0.1:6379
	at org.springframework.data.redis.core.DefaultReactiveListOperationsIntegrationTests.before(DefaultReactiveListOperationsIntegrationTests.java:85)
Caused by: io.netty.channel.AbstractChannel$AnnotatedConnectException: syscall:getsockopt(..) failed: Connection refused: /127.0.0.1:6379
Caused by: io.netty.channel.unix.Errors$NativeConnectException: syscall:getsockopt(..) failed: Connection refused
</error>
  </testcase>
  <testcase name="leftPush[Pooled/Person/JDK]" classname="org.springframework.data.redis.core.DefaultReactiveListOperationsIntegrationTests" time="0.002">
    <error message="Could not get a resource from the pool; nested exception is io.lettuce.core.RedisConnectionException: Unable to connect to 127.0.0.1:6379" type="org.springframework.data.redis.connection.PoolException">org.springframework.data.redis.connection.PoolException: Could not get a resource from the pool; nested exception is io.lettuce.core.RedisConnectionException: Unable to connect to 127.0.0.1:6379
	at org.springframework.data.redis.core.DefaultReactiveListOperationsIntegrationTests.before(DefaultReactiveListOperationsIntegrationTests.java:85)
Caused by: io.lettuce.core.RedisConnectionException: Unable to connect to 127.0.0.1:6379
	at org.springframework.data.redis.core.DefaultReactiveListOperationsIntegrationTests.before(DefaultReactiveListOperationsIntegrationTests.java:85)
Caused by: io.netty.channel.AbstractChannel$AnnotatedConnectException: syscall:getsockopt(..) failed: Connection refused: /127.0.0.1:6379
Caused by: io.netty.channel.unix.Errors$NativeConnectException: syscall:getsockopt(..) failed: Connection refused
</error>
  </testcase>
  <testcase name="rightPushAll[Pooled/Person/JDK]" classname="org.springframework.data.redis.core.DefaultReactiveListOperationsIntegrationTests" time="0.002">
    <error message="Could not get a resource from the pool; nested exception is io.lettuce.core.RedisConnectionException: Unable to connect to 127.0.0.1:6379" type="org.springframework.data.redis.connection.PoolException">org.springframework.data.redis.connection.PoolException: Could not get a resource from the pool; nested exception is io.lettuce.core.RedisConnectionException: Unable to connect to 127.0.0.1:6379
	at org.springframework.data.redis.core.DefaultReactiveListOperationsIntegrationTests.before(DefaultReactiveListOperationsIntegrationTests.java:85)
Caused by: io.lettuce.core.RedisConnectionException: Unable to connect to 127.0.0.1:6379
	at org.springframework.data.redis.core.DefaultReactiveListOperationsIntegrationTests.before(DefaultReactiveListOperationsIntegrationTests.java:85)
Caused by: io.netty.channel.AbstractChannel$AnnotatedConnectException: syscall:getsockopt(..) failed: Connection refused: /127.0.0.1:6379
Caused by: io.netty.channel.unix.Errors$NativeConnectException: syscall:getsockopt(..) failed: Connection refused
</error>
  </testcase>
  <testcase name="rightPopAndLeftPush[Pooled/Person/JDK]" classname="org.springframework.data.redis.core.DefaultReactiveListOperationsIntegrationTests" time="0.002">
    <error message="Could not get a resource from the pool; nested exception is io.lettuce.core.RedisConnectionException: Unable to connect to 127.0.0.1:6379" type="org.springframework.data.redis.connection.PoolException">org.springframework.data.redis.connection.PoolException: Could not get a resource from the pool; nested exception is io.lettuce.core.RedisConnectionException: Unable to connect to 127.0.0.1:6379
	at org.springframework.data.redis.core.DefaultReactiveListOperationsIntegrationTests.before(DefaultReactiveListOperationsIntegrationTests.java:85)
Caused by: io.lettuce.core.RedisConnectionException: Unable to connect to 127.0.0.1:6379
	at org.springframework.data.redis.core.DefaultReactiveListOperationsIntegrationTests.before(DefaultReactiveListOperationsIntegrationTests.java:85)
Caused by: io.netty.channel.AbstractChannel$AnnotatedConnectException: syscall:getsockopt(..) failed: Connection refused: /127.0.0.1:6379
Caused by: io.netty.channel.unix.Errors$NativeConnectException: syscall:getsockopt(..) failed: Connection refused
</error>
  </testcase>
  <testcase name="rightPush[Long]" classname="org.springframework.data.redis.core.DefaultReactiveListOperationsIntegrationTests" time="0.002">
    <error message="Unable to connect to Redis; nested exception is io.lettuce.core.RedisConnectionException: Unable to connect to 127.0.0.1:6379" type="org.springframework.data.redis.RedisConnectionFailureException">org.springframework.data.redis.RedisConnectionFailureException: Unable to connect to Redis; nested exception is io.lettuce.core.RedisConnectionException: Unable to connect to 127.0.0.1:6379
	at org.springframework.data.redis.core.DefaultReactiveListOperationsIntegrationTests.before(DefaultReactiveListOperationsIntegrationTests.java:85)
Caused by: io.lettuce.core.RedisConnectionException: Unable to connect to 127.0.0.1:6379
	at org.springframework.data.redis.core.DefaultReactiveListOperationsIntegrationTests.before(DefaultReactiveListOperationsIntegrationTests.java:85)
Caused by: io.netty.channel.AbstractChannel$AnnotatedConnectException: syscall:getsockopt(..) failed: Connection refused: /127.0.0.1:6379
Caused by: io.netty.channel.unix.Errors$NativeConnectException: syscall:getsockopt(..) failed: Connection refused
</error>
  </testcase>
  <testcase name="rightPopWithTimeout[Long]" classname="org.springframework.data.redis.core.DefaultReactiveListOperationsIntegrationTests" time="0.002">
    <error message="Unable to connect to Redis; nested exception is io.lettuce.core.RedisConnectionException: Unable to connect to 127.0.0.1:6379" type="org.springframework.data.redis.RedisConnectionFailureException">org.springframework.data.redis.RedisConnectionFailureException: Unable to connect to Redis; nested exception is io.lettuce.core.RedisConnectionException: Unable to connect to 127.0.0.1:6379
	at org.springframework.data.redis.core.DefaultReactiveListOperationsIntegrationTests.before(DefaultReactiveListOperationsIntegrationTests.java:85)
Caused by: io.lettuce.core.RedisConnectionException: Unable to connect to 127.0.0.1:6379
	at org.springframework.data.redis.core.DefaultReactiveListOperationsIntegrationTests.before(DefaultReactiveListOperationsIntegrationTests.java:85)
Caused by: io.netty.channel.AbstractChannel$AnnotatedConnectException: syscall:getsockopt(..) failed: Connection refused: /127.0.0.1:6379
Caused by: io.netty.channel.unix.Errors$NativeConnectException: syscall:getsockopt(..) failed: Connection refused
</error>
  </testcase>
  <testcase name="rightPop[Long]" classname="org.springframework.data.redis.core.DefaultReactiveListOperationsIntegrationTests" time="0.002">
    <error message="Unable to connect to Redis; nested exception is io.lettuce.core.RedisConnectionException: Unable to connect to 127.0.0.1:6379" type="org.springframework.data.redis.RedisConnectionFailureException">org.springframework.data.redis.RedisConnectionFailureException: Unable to connect to Redis; nested exception is io.lettuce.core.RedisConnectionException: Unable to connect to 127.0.0.1:6379
	at org.springframework.data.redis.core.DefaultReactiveListOperationsIntegrationTests.before(DefaultReactiveListOperationsIntegrationTests.java:85)
Caused by: io.lettuce.core.RedisConnectionException: Unable to connect to 127.0.0.1:6379
	at org.springframework.data.redis.core.DefaultReactiveListOperationsIntegrationTests.before(DefaultReactiveListOperationsIntegrationTests.java:85)
Caused by: io.netty.channel.AbstractChannel$AnnotatedConnectException: syscall:getsockopt(..) failed: Connection refused: /127.0.0.1:6379
Caused by: io.netty.channel.unix.Errors$NativeConnectException: syscall:getsockopt(..) failed: Connection refused
</error>
  </testcase>
  <testcase name="leftPushAll[Long]" classname="org.springframework.data.redis.core.DefaultReactiveListOperationsIntegrationTests" time="0.003">
    <error message="Unable to connect to Redis; nested exception is io.lettuce.core.RedisConnectionException: Unable to connect to 127.0.0.1:6379" type="org.springframework.data.redis.RedisConnectionFailureException">org.springframework.data.redis.RedisConnectionFailureException: Unable to connect to Redis; nested exception is io.lettuce.core.RedisConnectionException: Unable to connect to 127.0.0.1:6379
	at org.springframework.data.redis.core.DefaultReactiveListOperationsIntegrationTests.before(DefaultReactiveListOperationsIntegrationTests.java:85)
Caused by: io.lettuce.core.RedisConnectionException: Unable to connect to 127.0.0.1:6379
	at org.springframework.data.redis.core.DefaultReactiveListOperationsIntegrationTests.before(DefaultReactiveListOperationsIntegrationTests.java:85)
Caused by: io.netty.channel.AbstractChannel$AnnotatedConnectException: syscall:getsockopt(..) failed: Connection refused: /127.0.0.1:6379
Caused by: io.netty.channel.unix.Errors$NativeConnectException: syscall:getsockopt(..) failed: Connection refused
</error>
  </testcase>
  <testcase name="delete[Long]" classname="org.springframework.data.redis.core.DefaultReactiveListOperationsIntegrationTests" time="0.001">
    <error message="Unable to connect to Redis; nested exception is io.lettuce.core.RedisConnectionException: Unable to connect to 127.0.0.1:6379" type="org.springframework.data.redis.RedisConnectionFailureException">org.springframework.data.redis.RedisConnectionFailureException: Unable to connect to Redis; nested exception is io.lettuce.core.RedisConnectionException: Unable to connect to 127.0.0.1:6379
	at org.springframework.data.redis.core.DefaultReactiveListOperationsIntegrationTests.before(DefaultReactiveListOperationsIntegrationTests.java:85)
Caused by: io.lettuce.core.RedisConnectionException: Unable to connect to 127.0.0.1:6379
	at org.springframework.data.redis.core.DefaultReactiveListOperationsIntegrationTests.before(DefaultReactiveListOperationsIntegrationTests.java:85)
Caused by: io.netty.channel.AbstractChannel$AnnotatedConnectException: syscall:getsockopt(..) failed: Connection refused: /127.0.0.1:6379
Caused by: io.netty.channel.unix.Errors$NativeConnectException: syscall:getsockopt(..) failed: Connection refused
</error>
  </testcase>
  <testcase name="remove[Long]" classname="org.springframework.data.redis.core.DefaultReactiveListOperationsIntegrationTests" time="0">
    <error message="Unable to connect to Redis; nested exception is io.lettuce.core.RedisConnectionException: Unable to connect to 127.0.0.1:6379" type="org.springframework.data.redis.RedisConnectionFailureException">org.springframework.data.redis.RedisConnectionFailureException: Unable to connect to Redis; nested exception is io.lettuce.core.RedisConnectionException: Unable to connect to 127.0.0.1:6379
	at org.springframework.data.redis.core.DefaultReactiveListOperationsIntegrationTests.before(DefaultReactiveListOperationsIntegrationTests.java:85)
Caused by: io.lettuce.core.RedisConnectionException: Unable to connect to 127.0.0.1:6379
	at org.springframework.data.redis.core.DefaultReactiveListOperationsIntegrationTests.before(DefaultReactiveListOperationsIntegrationTests.java:85)
Caused by: io.netty.channel.AbstractChannel$AnnotatedConnectException: syscall:getsockopt(..) failed: Connection refused: /127.0.0.1:6379
Caused by: io.netty.channel.unix.Errors$NativeConnectException: syscall:getsockopt(..) failed: Connection refused
</error>
  </testcase>
  <testcase name="leftPopWithTimeout[Long]" classname="org.springframework.data.redis.core.DefaultReactiveListOperationsIntegrationTests" time="0.001">
    <error message="Unable to connect to Redis; nested exception is io.lettuce.core.RedisConnectionException: Unable to connect to 127.0.0.1:6379" type="org.springframework.data.redis.RedisConnectionFailureException">org.springframework.data.redis.RedisConnectionFailureException: Unable to connect to Redis; nested exception is io.lettuce.core.RedisConnectionException: Unable to connect to 127.0.0.1:6379
	at org.springframework.data.redis.core.DefaultReactiveListOperationsIntegrationTests.before(DefaultReactiveListOperationsIntegrationTests.java:85)
Caused by: io.lettuce.core.RedisConnectionException: Unable to connect to 127.0.0.1:6379
	at org.springframework.data.redis.core.DefaultReactiveListOperationsIntegrationTests.before(DefaultReactiveListOperationsIntegrationTests.java:85)
Caused by: io.netty.channel.AbstractChannel$AnnotatedConnectException: syscall:getsockopt(..) failed: Connection refused: /127.0.0.1:6379
Caused by: io.netty.channel.unix.Errors$NativeConnectException: syscall:getsockopt(..) failed: Connection refused
</error>
  </testcase>
  <testcase name="set[Long]" classname="org.springframework.data.redis.core.DefaultReactiveListOperationsIntegrationTests" time="0.002">
    <error message="Unable to connect to Redis; nested exception is io.lettuce.core.RedisConnectionException: Unable to connect to 127.0.0.1:6379" type="org.springframework.data.redis.RedisConnectionFailureException">org.springframework.data.redis.RedisConnectionFailureException: Unable to connect to Redis; nested exception is io.lettuce.core.RedisConnectionException: Unable to connect to 127.0.0.1:6379
	at org.springframework.data.redis.core.DefaultReactiveListOperationsIntegrationTests.before(DefaultReactiveListOperationsIntegrationTests.java:85)
Caused by: io.lettuce.core.RedisConnectionException: Unable to connect to 127.0.0.1:6379
	at org.springframework.data.redis.core.DefaultReactiveListOperationsIntegrationTests.before(DefaultReactiveListOperationsIntegrationTests.java:85)
Caused by: io.netty.channel.AbstractChannel$AnnotatedConnectException: syscall:getsockopt(..) failed: Connection refused: /127.0.0.1:6379
Caused by: io.netty.channel.unix.Errors$NativeConnectException: syscall:getsockopt(..) failed: Connection refused
</error>
  </testcase>
  <testcase name="size[Long]" classname="org.springframework.data.redis.core.DefaultReactiveListOperationsIntegrationTests" time="0.002">
    <error message="Unable to connect to Redis; nested exception is io.lettuce.core.RedisConnectionException: Unable to connect to 127.0.0.1:6379" type="org.springframework.data.redis.RedisConnectionFailureException">org.springframework.data.redis.RedisConnectionFailureException: Unable to connect to Redis; nested exception is io.lettuce.core.RedisConnectionException: Unable to connect to 127.0.0.1:6379
	at org.springframework.data.redis.core.DefaultReactiveListOperationsIntegrationTests.before(DefaultReactiveListOperationsIntegrationTests.java:85)
Caused by: io.lettuce.core.RedisConnectionException: Unable to connect to 127.0.0.1:6379
	at org.springframework.data.redis.core.DefaultReactiveListOperationsIntegrationTests.before(DefaultReactiveListOperationsIntegrationTests.java:85)
Caused by: io.netty.channel.AbstractChannel$AnnotatedConnectException: syscall:getsockopt(..) failed: Connection refused: /127.0.0.1:6379
Caused by: io.netty.channel.unix.Errors$NativeConnectException: syscall:getsockopt(..) failed: Connection refused
</error>
  </testcase>
  <testcase name="trim[Long]" classname="org.springframework.data.redis.core.DefaultReactiveListOperationsIntegrationTests" time="0.002">
    <error message="Unable to connect to Redis; nested exception is io.lettuce.core.RedisConnectionException: Unable to connect to 127.0.0.1:6379" type="org.springframework.data.redis.RedisConnectionFailureException">org.springframework.data.redis.RedisConnectionFailureException: Unable to connect to Redis; nested exception is io.lettuce.core.RedisConnectionException: Unable to connect to 127.0.0.1:6379
	at org.springframework.data.redis.core.DefaultReactiveListOperationsIntegrationTests.before(DefaultReactiveListOperationsIntegrationTests.java:85)
Caused by: io.lettuce.core.RedisConnectionException: Unable to connect to 127.0.0.1:6379
	at org.springframework.data.redis.core.DefaultReactiveListOperationsIntegrationTests.before(DefaultReactiveListOperationsIntegrationTests.java:85)
Caused by: io.netty.channel.AbstractChannel$AnnotatedConnectException: syscall:getsockopt(..) failed: Connection refused: /127.0.0.1:6379
Caused by: io.netty.channel.unix.Errors$NativeConnectException: syscall:getsockopt(..) failed: Connection refused
</error>
  </testcase>
  <testcase name="leftPop[Long]" classname="org.springframework.data.redis.core.DefaultReactiveListOperationsIntegrationTests" time="0.002">
    <error message="Unable to connect to Redis; nested exception is io.lettuce.core.RedisConnectionException: Unable to connect to 127.0.0.1:6379" type="org.springframework.data.redis.RedisConnectionFailureException">org.springframework.data.redis.RedisConnectionFailureException: Unable to connect to Redis; nested exception is io.lettuce.core.RedisConnectionException: Unable to connect to 127.0.0.1:6379
	at org.springframework.data.redis.core.DefaultReactiveListOperationsIntegrationTests.before(DefaultReactiveListOperationsIntegrationTests.java:85)
Caused by: io.lettuce.core.RedisConnectionException: Unable to connect to 127.0.0.1:6379
	at org.springframework.data.redis.core.DefaultReactiveListOperationsIntegrationTests.before(DefaultReactiveListOperationsIntegrationTests.java:85)
Caused by: io.netty.channel.AbstractChannel$AnnotatedConnectException: syscall:getsockopt(..) failed: Connection refused: /127.0.0.1:6379
Caused by: io.netty.channel.unix.Errors$NativeConnectException: syscall:getsockopt(..) failed: Connection refused
</error>
  </testcase>
  <testcase name="index[Long]" classname="org.springframework.data.redis.core.DefaultReactiveListOperationsIntegrationTests" time="0.002">
    <error message="Unable to connect to Redis; nested exception is io.lettuce.core.RedisConnectionException: Unable to connect to 127.0.0.1:6379" type="org.springframework.data.redis.RedisConnectionFailureException">org.springframework.data.redis.RedisConnectionFailureException: Unable to connect to Redis; nested exception is io.lettuce.core.RedisConnectionException: Unable to connect to 127.0.0.1:6379
	at org.springframework.data.redis.core.DefaultReactiveListOperationsIntegrationTests.before(DefaultReactiveListOperationsIntegrationTests.java:85)
Caused by: io.lettuce.core.RedisConnectionException: Unable to connect to 127.0.0.1:6379
	at org.springframework.data.redis.core.DefaultReactiveListOperationsIntegrationTests.before(DefaultReactiveListOperationsIntegrationTests.java:85)
Caused by: io.netty.channel.AbstractChannel$AnnotatedConnectException: syscall:getsockopt(..) failed: Connection refused: /127.0.0.1:6379
Caused by: io.netty.channel.unix.Errors$NativeConnectException: syscall:getsockopt(..) failed: Connection refused
</error>
  </testcase>
  <testcase name="leftPushWithPivot[Long]" classname="org.springframework.data.redis.core.DefaultReactiveListOperationsIntegrationTests" time="0.002">
    <error message="Unable to connect to Redis; nested exception is io.lettuce.core.RedisConnectionException: Unable to connect to 127.0.0.1:6379" type="org.springframework.data.redis.RedisConnectionFailureException">org.springframework.data.redis.RedisConnectionFailureException: Unable to connect to Redis; nested exception is io.lettuce.core.RedisConnectionException: Unable to connect to 127.0.0.1:6379
	at org.springframework.data.redis.core.DefaultReactiveListOperationsIntegrationTests.before(DefaultReactiveListOperationsIntegrationTests.java:85)
Caused by: io.lettuce.core.RedisConnectionException: Unable to connect to 127.0.0.1:6379
	at org.springframework.data.redis.core.DefaultReactiveListOperationsIntegrationTests.before(DefaultReactiveListOperationsIntegrationTests.java:85)
Caused by: io.netty.channel.AbstractChannel$AnnotatedConnectException: syscall:getsockopt(..) failed: Connection refused: /127.0.0.1:6379
Caused by: io.netty.channel.unix.Errors$NativeConnectException: syscall:getsockopt(..) failed: Connection refused
</error>
  </testcase>
  <testcase name="rightPushWithPivot[Long]" classname="org.springframework.data.redis.core.DefaultReactiveListOperationsIntegrationTests" time="0.002">
    <error message="Unable to connect to Redis; nested exception is io.lettuce.core.RedisConnectionException: Unable to connect to 127.0.0.1:6379" type="org.springframework.data.redis.RedisConnectionFailureException">org.springframework.data.redis.RedisConnectionFailureException: Unable to connect to Redis; nested exception is io.lettuce.core.RedisConnectionException: Unable to connect to 127.0.0.1:6379
	at org.springframework.data.redis.core.DefaultReactiveListOperationsIntegrationTests.before(DefaultReactiveListOperationsIntegrationTests.java:85)
Caused by: io.lettuce.core.RedisConnectionException: Unable to connect to 127.0.0.1:6379
	at org.springframework.data.redis.core.DefaultReactiveListOperationsIntegrationTests.before(DefaultReactiveListOperationsIntegrationTests.java:85)
Caused by: io.netty.channel.AbstractChannel$AnnotatedConnectException: syscall:getsockopt(..) failed: Connection refused: /127.0.0.1:6379
Caused by: io.netty.channel.unix.Errors$NativeConnectException: syscall:getsockopt(..) failed: Connection refused
</error>
  </testcase>
  <testcase name="rightPopAndLeftPushWithTimeout[Long]" classname="org.springframework.data.redis.core.DefaultReactiveListOperationsIntegrationTests" time="0.001">
    <error message="Unable to connect to Redis; nested exception is io.lettuce.core.RedisConnectionException: Unable to connect to 127.0.0.1:6379" type="org.springframework.data.redis.RedisConnectionFailureException">org.springframework.data.redis.RedisConnectionFailureException: Unable to connect to Redis; nested exception is io.lettuce.core.RedisConnectionException: Unable to connect to 127.0.0.1:6379
	at org.springframework.data.redis.core.DefaultReactiveListOperationsIntegrationTests.before(DefaultReactiveListOperationsIntegrationTests.java:85)
Caused by: io.lettuce.core.RedisConnectionException: Unable to connect to 127.0.0.1:6379
	at org.springframework.data.redis.core.DefaultReactiveListOperationsIntegrationTests.before(DefaultReactiveListOperationsIntegrationTests.java:85)
Caused by: io.netty.channel.AbstractChannel$AnnotatedConnectException: syscall:getsockopt(..) failed: Connection refused: /127.0.0.1:6379
Caused by: io.netty.channel.unix.Errors$NativeConnectException: syscall:getsockopt(..) failed: Connection refused
</error>
  </testcase>
  <testcase name="leftPopWithMillisecondTimeoutShouldFail[Long]" classname="org.springframework.data.redis.core.DefaultReactiveListOperationsIntegrationTests" time="0.002">
    <error message="Unable to connect to Redis; nested exception is io.lettuce.core.RedisConnectionException: Unable to connect to 127.0.0.1:6379" type="org.springframework.data.redis.RedisConnectionFailureException">org.springframework.data.redis.RedisConnectionFailureException: Unable to connect to Redis; nested exception is io.lettuce.core.RedisConnectionException: Unable to connect to 127.0.0.1:6379
	at org.springframework.data.redis.core.DefaultReactiveListOperationsIntegrationTests.before(DefaultReactiveListOperationsIntegrationTests.java:85)
Caused by: io.lettuce.core.RedisConnectionException: Unable to connect to 127.0.0.1:6379
	at org.springframework.data.redis.core.DefaultReactiveListOperationsIntegrationTests.before(DefaultReactiveListOperationsIntegrationTests.java:85)
Caused by: io.netty.channel.AbstractChannel$AnnotatedConnectException: syscall:getsockopt(..) failed: Connection refused: /127.0.0.1:6379
Caused by: io.netty.channel.unix.Errors$NativeConnectException: syscall:getsockopt(..) failed: Connection refused
</error>
  </testcase>
  <testcase name="leftPushIfPresent[Long]" classname="org.springframework.data.redis.core.DefaultReactiveListOperationsIntegrationTests" time="0.002">
    <error message="Unable to connect to Redis; nested exception is io.lettuce.core.RedisConnectionException: Unable to connect to 127.0.0.1:6379" type="org.springframework.data.redis.RedisConnectionFailureException">org.springframework.data.redis.RedisConnectionFailureException: Unable to connect to Redis; nested exception is io.lettuce.core.RedisConnectionException: Unable to connect to 127.0.0.1:6379
	at org.springframework.data.redis.core.DefaultReactiveListOperationsIntegrationTests.before(DefaultReactiveListOperationsIntegrationTests.java:85)
Caused by: io.lettuce.core.RedisConnectionException: Unable to connect to 127.0.0.1:6379
	at org.springframework.data.redis.core.DefaultReactiveListOperationsIntegrationTests.before(DefaultReactiveListOperationsIntegrationTests.java:85)
Caused by: io.netty.channel.AbstractChannel$AnnotatedConnectException: syscall:getsockopt(..) failed: Connection refused: /127.0.0.1:6379
Caused by: io.netty.channel.unix.Errors$NativeConnectException: syscall:getsockopt(..) failed: Connection refused
</error>
  </testcase>
  <testcase name="rightPushIfPresent[Long]" classname="org.springframework.data.redis.core.DefaultReactiveListOperationsIntegrationTests" time="0.002">
    <error message="Unable to connect to Redis; nested exception is io.lettuce.core.RedisConnectionException: Unable to connect to 127.0.0.1:6379" type="org.springframework.data.redis.RedisConnectionFailureException">org.springframework.data.redis.RedisConnectionFailureException: Unable to connect to Redis; nested exception is io.lettuce.core.RedisConnectionException: Unable to connect to 127.0.0.1:6379
	at org.springframework.data.redis.core.DefaultReactiveListOperationsIntegrationTests.before(DefaultReactiveListOperationsIntegrationTests.java:85)
Caused by: io.lettuce.core.RedisConnectionException: Unable to connect to 127.0.0.1:6379
	at org.springframework.data.redis.core.DefaultReactiveListOperationsIntegrationTests.before(DefaultReactiveListOperationsIntegrationTests.java:85)
Caused by: io.netty.channel.AbstractChannel$AnnotatedConnectException: syscall:getsockopt(..) failed: Connection refused: /127.0.0.1:6379
Caused by: io.netty.channel.unix.Errors$NativeConnectException: syscall:getsockopt(..) failed: Connection refused
</error>
  </testcase>
  <testcase name="leftPush[Long]" classname="org.springframework.data.redis.core.DefaultReactiveListOperationsIntegrationTests" time="0.002">
    <error message="Unable to connect to Redis; nested exception is io.lettuce.core.RedisConnectionException: Unable to connect to 127.0.0.1:6379" type="org.springframework.data.redis.RedisConnectionFailureException">org.springframework.data.redis.RedisConnectionFailureException: Unable to connect to Redis; nested exception is io.lettuce.core.RedisConnectionException: Unable to connect to 127.0.0.1:6379
	at org.springframework.data.redis.core.DefaultReactiveListOperationsIntegrationTests.before(DefaultReactiveListOperationsIntegrationTests.java:85)
Caused by: io.lettuce.core.RedisConnectionException: Unable to connect to 127.0.0.1:6379
	at org.springframework.data.redis.core.DefaultReactiveListOperationsIntegrationTests.before(DefaultReactiveListOperationsIntegrationTests.java:85)
Caused by: io.netty.channel.AbstractChannel$AnnotatedConnectException: syscall:getsockopt(..) failed: Connection refused: /127.0.0.1:6379
Caused by: io.netty.channel.unix.Errors$NativeConnectException: syscall:getsockopt(..) failed: Connection refused
</error>
  </testcase>
  <testcase name="rightPushAll[Long]" classname="org.springframework.data.redis.core.DefaultReactiveListOperationsIntegrationTests" time="0.002">
    <error message="Unable to connect to Redis; nested exception is io.lettuce.core.RedisConnectionException: Unable to connect to 127.0.0.1:6379" type="org.springframework.data.redis.RedisConnectionFailureException">org.springframework.data.redis.RedisConnectionFailureException: Unable to connect to Redis; nested exception is io.lettuce.core.RedisConnectionException: Unable to connect to 127.0.0.1:6379
	at org.springframework.data.redis.core.DefaultReactiveListOperationsIntegrationTests.before(DefaultReactiveListOperationsIntegrationTests.java:85)
Caused by: io.lettuce.core.RedisConnectionException: Unable to connect to 127.0.0.1:6379
	at org.springframework.data.redis.core.DefaultReactiveListOperationsIntegrationTests.before(DefaultReactiveListOperationsIntegrationTests.java:85)
Caused by: io.netty.channel.AbstractChannel$AnnotatedConnectException: syscall:getsockopt(..) failed: Connection refused: /127.0.0.1:6379
Caused by: io.netty.channel.unix.Errors$NativeConnectException: syscall:getsockopt(..) failed: Connection refused
</error>
  </testcase>
  <testcase name="rightPopAndLeftPush[Long]" classname="org.springframework.data.redis.core.DefaultReactiveListOperationsIntegrationTests" time="0.002">
    <error message="Unable to connect to Redis; nested exception is io.lettuce.core.RedisConnectionException: Unable to connect to 127.0.0.1:6379" type="org.springframework.data.redis.RedisConnectionFailureException">org.springframework.data.redis.RedisConnectionFailureException: Unable to connect to Redis; nested exception is io.lettuce.core.RedisConnectionException: Unable to connect to 127.0.0.1:6379
	at org.springframework.data.redis.core.DefaultReactiveListOperationsIntegrationTests.before(DefaultReactiveListOperationsIntegrationTests.java:85)
Caused by: io.lettuce.core.RedisConnectionException: Unable to connect to 127.0.0.1:6379
	at org.springframework.data.redis.core.DefaultReactiveListOperationsIntegrationTests.before(DefaultReactiveListOperationsIntegrationTests.java:85)
Caused by: io.netty.channel.AbstractChannel$AnnotatedConnectException: syscall:getsockopt(..) failed: Connection refused: /127.0.0.1:6379
Caused by: io.netty.channel.unix.Errors$NativeConnectException: syscall:getsockopt(..) failed: Connection refused
</error>
  </testcase>
  <testcase name="rightPush[Double]" classname="org.springframework.data.redis.core.DefaultReactiveListOperationsIntegrationTests" time="0.002">
    <error message="Unable to connect to Redis; nested exception is io.lettuce.core.RedisConnectionException: Unable to connect to 127.0.0.1:6379" type="org.springframework.data.redis.RedisConnectionFailureException">org.springframework.data.redis.RedisConnectionFailureException: Unable to connect to Redis; nested exception is io.lettuce.core.RedisConnectionException: Unable to connect to 127.0.0.1:6379
	at org.springframework.data.redis.core.DefaultReactiveListOperationsIntegrationTests.before(DefaultReactiveListOperationsIntegrationTests.java:85)
Caused by: io.lettuce.core.RedisConnectionException: Unable to connect to 127.0.0.1:6379
	at org.springframework.data.redis.core.DefaultReactiveListOperationsIntegrationTests.before(DefaultReactiveListOperationsIntegrationTests.java:85)
Caused by: io.netty.channel.AbstractChannel$AnnotatedConnectException: syscall:getsockopt(..) failed: Connection refused: /127.0.0.1:6379
Caused by: io.netty.channel.unix.Errors$NativeConnectException: syscall:getsockopt(..) failed: Connection refused
</error>
  </testcase>
  <testcase name="rightPopWithTimeout[Double]" classname="org.springframework.data.redis.core.DefaultReactiveListOperationsIntegrationTests" time="0.001">
    <error message="Unable to connect to Redis; nested exception is io.lettuce.core.RedisConnectionException: Unable to connect to 127.0.0.1:6379" type="org.springframework.data.redis.RedisConnectionFailureException">org.springframework.data.redis.RedisConnectionFailureException: Unable to connect to Redis; nested exception is io.lettuce.core.RedisConnectionException: Unable to connect to 127.0.0.1:6379
	at org.springframework.data.redis.core.DefaultReactiveListOperationsIntegrationTests.before(DefaultReactiveListOperationsIntegrationTests.java:85)
Caused by: io.lettuce.core.RedisConnectionException: Unable to connect to 127.0.0.1:6379
	at org.springframework.data.redis.core.DefaultReactiveListOperationsIntegrationTests.before(DefaultReactiveListOperationsIntegrationTests.java:85)
Caused by: io.netty.channel.AbstractChannel$AnnotatedConnectException: syscall:getsockopt(..) failed: Connection refused: /127.0.0.1:6379
Caused by: io.netty.channel.unix.Errors$NativeConnectException: syscall:getsockopt(..) failed: Connection refused
</error>
  </testcase>
  <testcase name="rightPop[Double]" classname="org.springframework.data.redis.core.DefaultReactiveListOperationsIntegrationTests" time="0.002">
    <error message="Unable to connect to Redis; nested exception is io.lettuce.core.RedisConnectionException: Unable to connect to 127.0.0.1:6379" type="org.springframework.data.redis.RedisConnectionFailureException">org.springframework.data.redis.RedisConnectionFailureException: Unable to connect to Redis; nested exception is io.lettuce.core.RedisConnectionException: Unable to connect to 127.0.0.1:6379
	at org.springframework.data.redis.core.DefaultReactiveListOperationsIntegrationTests.before(DefaultReactiveListOperationsIntegrationTests.java:85)
Caused by: io.lettuce.core.RedisConnectionException: Unable to connect to 127.0.0.1:6379
	at org.springframework.data.redis.core.DefaultReactiveListOperationsIntegrationTests.before(DefaultReactiveListOperationsIntegrationTests.java:85)
Caused by: io.netty.channel.AbstractChannel$AnnotatedConnectException: syscall:getsockopt(..) failed: Connection refused: /127.0.0.1:6379
Caused by: io.netty.channel.unix.Errors$NativeConnectException: syscall:getsockopt(..) failed: Connection refused
</error>
  </testcase>
  <testcase name="leftPushAll[Double]" classname="org.springframework.data.redis.core.DefaultReactiveListOperationsIntegrationTests" time="0.007">
    <error message="Unable to connect to Redis; nested exception is io.lettuce.core.RedisConnectionException: Unable to connect to 127.0.0.1:6379" type="org.springframework.data.redis.RedisConnectionFailureException">org.springframework.data.redis.RedisConnectionFailureException: Unable to connect to Redis; nested exception is io.lettuce.core.RedisConnectionException: Unable to connect to 127.0.0.1:6379
	at org.springframework.data.redis.core.DefaultReactiveListOperationsIntegrationTests.before(DefaultReactiveListOperationsIntegrationTests.java:85)
Caused by: io.lettuce.core.RedisConnectionException: Unable to connect to 127.0.0.1:6379
	at org.springframework.data.redis.core.DefaultReactiveListOperationsIntegrationTests.before(DefaultReactiveListOperationsIntegrationTests.java:85)
Caused by: io.netty.channel.AbstractChannel$AnnotatedConnectException: syscall:getsockopt(..) failed: Connection refused: /127.0.0.1:6379
Caused by: io.netty.channel.unix.Errors$NativeConnectException: syscall:getsockopt(..) failed: Connection refused
</error>
  </testcase>
  <testcase name="delete[Double]" classname="org.springframework.data.redis.core.DefaultReactiveListOperationsIntegrationTests" time="0.002">
    <error message="Unable to connect to Redis; nested exception is io.lettuce.core.RedisConnectionException: Unable to connect to 127.0.0.1:6379" type="org.springframework.data.redis.RedisConnectionFailureException">org.springframework.data.redis.RedisConnectionFailureException: Unable to connect to Redis; nested exception is io.lettuce.core.RedisConnectionException: Unable to connect to 127.0.0.1:6379
	at org.springframework.data.redis.core.DefaultReactiveListOperationsIntegrationTests.before(DefaultReactiveListOperationsIntegrationTests.java:85)
Caused by: io.lettuce.core.RedisConnectionException: Unable to connect to 127.0.0.1:6379
	at org.springframework.data.redis.core.DefaultReactiveListOperationsIntegrationTests.before(DefaultReactiveListOperationsIntegrationTests.java:85)
Caused by: io.netty.channel.AbstractChannel$AnnotatedConnectException: syscall:getsockopt(..) failed: Connection refused: /127.0.0.1:6379
Caused by: io.netty.channel.unix.Errors$NativeConnectException: syscall:getsockopt(..) failed: Connection refused
</error>
  </testcase>
  <testcase name="remove[Double]" classname="org.springframework.data.redis.core.DefaultReactiveListOperationsIntegrationTests" time="0.002">
    <error message="Unable to connect to Redis; nested exception is io.lettuce.core.RedisConnectionException: Unable to connect to 127.0.0.1:6379" type="org.springframework.data.redis.RedisConnectionFailureException">org.springframework.data.redis.RedisConnectionFailureException: Unable to connect to Redis; nested exception is io.lettuce.core.RedisConnectionException: Unable to connect to 127.0.0.1:6379
	at org.springframework.data.redis.core.DefaultReactiveListOperationsIntegrationTests.before(DefaultReactiveListOperationsIntegrationTests.java:85)
Caused by: io.lettuce.core.RedisConnectionException: Unable to connect to 127.0.0.1:6379
	at org.springframework.data.redis.core.DefaultReactiveListOperationsIntegrationTests.before(DefaultReactiveListOperationsIntegrationTests.java:85)
Caused by: io.netty.channel.AbstractChannel$AnnotatedConnectException: syscall:getsockopt(..) failed: Connection refused: /127.0.0.1:6379
Caused by: io.netty.channel.unix.Errors$NativeConnectException: syscall:getsockopt(..) failed: Connection refused
</error>
  </testcase>
  <testcase name="leftPopWithTimeout[Double]" classname="org.springframework.data.redis.core.DefaultReactiveListOperationsIntegrationTests" time="0.001">
    <error message="Unable to connect to Redis; nested exception is io.lettuce.core.RedisConnectionException: Unable to connect to 127.0.0.1:6379" type="org.springframework.data.redis.RedisConnectionFailureException">org.springframework.data.redis.RedisConnectionFailureException: Unable to connect to Redis; nested exception is io.lettuce.core.RedisConnectionException: Unable to connect to 127.0.0.1:6379
	at org.springframework.data.redis.core.DefaultReactiveListOperationsIntegrationTests.before(DefaultReactiveListOperationsIntegrationTests.java:85)
Caused by: io.lettuce.core.RedisConnectionException: Unable to connect to 127.0.0.1:6379
	at org.springframework.data.redis.core.DefaultReactiveListOperationsIntegrationTests.before(DefaultReactiveListOperationsIntegrationTests.java:85)
Caused by: io.netty.channel.AbstractChannel$AnnotatedConnectException: syscall:getsockopt(..) failed: Connection refused: /127.0.0.1:6379
Caused by: io.netty.channel.unix.Errors$NativeConnectException: syscall:getsockopt(..) failed: Connection refused
</error>
  </testcase>
  <testcase name="set[Double]" classname="org.springframework.data.redis.core.DefaultReactiveListOperationsIntegrationTests" time="0.001">
    <error message="Unable to connect to Redis; nested exception is io.lettuce.core.RedisConnectionException: Unable to connect to 127.0.0.1:6379" type="org.springframework.data.redis.RedisConnectionFailureException">org.springframework.data.redis.RedisConnectionFailureException: Unable to connect to Redis; nested exception is io.lettuce.core.RedisConnectionException: Unable to connect to 127.0.0.1:6379
	at org.springframework.data.redis.core.DefaultReactiveListOperationsIntegrationTests.before(DefaultReactiveListOperationsIntegrationTests.java:85)
Caused by: io.lettuce.core.RedisConnectionException: Unable to connect to 127.0.0.1:6379
	at org.springframework.data.redis.core.DefaultReactiveListOperationsIntegrationTests.before(DefaultReactiveListOperationsIntegrationTests.java:85)
Caused by: io.netty.channel.AbstractChannel$AnnotatedConnectException: syscall:getsockopt(..) failed: Connection refused: /127.0.0.1:6379
Caused by: io.netty.channel.unix.Errors$NativeConnectException: syscall:getsockopt(..) failed: Connection refused
</error>
  </testcase>
  <testcase name="size[Double]" classname="org.springframework.data.redis.core.DefaultReactiveListOperationsIntegrationTests" time="0.001">
    <error message="Unable to connect to Redis; nested exception is io.lettuce.core.RedisConnectionException: Unable to connect to 127.0.0.1:6379" type="org.springframework.data.redis.RedisConnectionFailureException">org.springframework.data.redis.RedisConnectionFailureException: Unable to connect to Redis; nested exception is io.lettuce.core.RedisConnectionException: Unable to connect to 127.0.0.1:6379
	at org.springframework.data.redis.core.DefaultReactiveListOperationsIntegrationTests.before(DefaultReactiveListOperationsIntegrationTests.java:85)
Caused by: io.lettuce.core.RedisConnectionException: Unable to connect to 127.0.0.1:6379
	at org.springframework.data.redis.core.DefaultReactiveListOperationsIntegrationTests.before(DefaultReactiveListOperationsIntegrationTests.java:85)
Caused by: io.netty.channel.AbstractChannel$AnnotatedConnectException: syscall:getsockopt(..) failed: Connection refused: /127.0.0.1:6379
Caused by: io.netty.channel.unix.Errors$NativeConnectException: syscall:getsockopt(..) failed: Connection refused
</error>
  </testcase>
  <testcase name="trim[Double]" classname="org.springframework.data.redis.core.DefaultReactiveListOperationsIntegrationTests" time="0.001">
    <error message="Unable to connect to Redis; nested exception is io.lettuce.core.RedisConnectionException: Unable to connect to 127.0.0.1:6379" type="org.springframework.data.redis.RedisConnectionFailureException">org.springframework.data.redis.RedisConnectionFailureException: Unable to connect to Redis; nested exception is io.lettuce.core.RedisConnectionException: Unable to connect to 127.0.0.1:6379
	at org.springframework.data.redis.core.DefaultReactiveListOperationsIntegrationTests.before(DefaultReactiveListOperationsIntegrationTests.java:85)
Caused by: io.lettuce.core.RedisConnectionException: Unable to connect to 127.0.0.1:6379
	at org.springframework.data.redis.core.DefaultReactiveListOperationsIntegrationTests.before(DefaultReactiveListOperationsIntegrationTests.java:85)
Caused by: io.netty.channel.AbstractChannel$AnnotatedConnectException: syscall:getsockopt(..) failed: Connection refused: /127.0.0.1:6379
Caused by: io.netty.channel.unix.Errors$NativeConnectException: syscall:getsockopt(..) failed: Connection refused
</error>
  </testcase>
  <testcase name="leftPop[Double]" classname="org.springframework.data.redis.core.DefaultReactiveListOperationsIntegrationTests" time="0.004">
    <error message="Unable to connect to Redis; nested exception is io.lettuce.core.RedisConnectionException: Unable to connect to 127.0.0.1:6379" type="org.springframework.data.redis.RedisConnectionFailureException">org.springframework.data.redis.RedisConnectionFailureException: Unable to connect to Redis; nested exception is io.lettuce.core.RedisConnectionException: Unable to connect to 127.0.0.1:6379
	at org.springframework.data.redis.core.DefaultReactiveListOperationsIntegrationTests.before(DefaultReactiveListOperationsIntegrationTests.java:85)
Caused by: io.lettuce.core.RedisConnectionException: Unable to connect to 127.0.0.1:6379
	at org.springframework.data.redis.core.DefaultReactiveListOperationsIntegrationTests.before(DefaultReactiveListOperationsIntegrationTests.java:85)
Caused by: io.netty.channel.AbstractChannel$AnnotatedConnectException: syscall:getsockopt(..) failed: Connection refused: /127.0.0.1:6379
Caused by: io.netty.channel.unix.Errors$NativeConnectException: syscall:getsockopt(..) failed: Connection refused
</error>
  </testcase>
  <testcase name="index[Double]" classname="org.springframework.data.redis.core.DefaultReactiveListOperationsIntegrationTests" time="0.002">
    <error message="Unable to connect to Redis; nested exception is io.lettuce.core.RedisConnectionException: Unable to connect to 127.0.0.1:6379" type="org.springframework.data.redis.RedisConnectionFailureException">org.springframework.data.redis.RedisConnectionFailureException: Unable to connect to Redis; nested exception is io.lettuce.core.RedisConnectionException: Unable to connect to 127.0.0.1:6379
	at org.springframework.data.redis.core.DefaultReactiveListOperationsIntegrationTests.before(DefaultReactiveListOperationsIntegrationTests.java:85)
Caused by: io.lettuce.core.RedisConnectionException: Unable to connect to 127.0.0.1:6379
	at org.springframework.data.redis.core.DefaultReactiveListOperationsIntegrationTests.before(DefaultReactiveListOperationsIntegrationTests.java:85)
Caused by: io.netty.channel.AbstractChannel$AnnotatedConnectException: syscall:getsockopt(..) failed: Connection refused: /127.0.0.1:6379
Caused by: io.netty.channel.unix.Errors$NativeConnectException: syscall:getsockopt(..) failed: Connection refused
</error>
  </testcase>
  <testcase name="leftPushWithPivot[Double]" classname="org.springframework.data.redis.core.DefaultReactiveListOperationsIntegrationTests" time="0.001">
    <error message="Unable to connect to Redis; nested exception is io.lettuce.core.RedisConnectionException: Unable to connect to 127.0.0.1:6379" type="org.springframework.data.redis.RedisConnectionFailureException">org.springframework.data.redis.RedisConnectionFailureException: Unable to connect to Redis; nested exception is io.lettuce.core.RedisConnectionException: Unable to connect to 127.0.0.1:6379
	at org.springframework.data.redis.core.DefaultReactiveListOperationsIntegrationTests.before(DefaultReactiveListOperationsIntegrationTests.java:85)
Caused by: io.lettuce.core.RedisConnectionException: Unable to connect to 127.0.0.1:6379
	at org.springframework.data.redis.core.DefaultReactiveListOperationsIntegrationTests.before(DefaultReactiveListOperationsIntegrationTests.java:85)
Caused by: io.netty.channel.AbstractChannel$AnnotatedConnectException: syscall:getsockopt(..) failed: Connection refused: /127.0.0.1:6379
Caused by: io.netty.channel.unix.Errors$NativeConnectException: syscall:getsockopt(..) failed: Connection refused
</error>
  </testcase>
  <testcase name="rightPushWithPivot[Double]" classname="org.springframework.data.redis.core.DefaultReactiveListOperationsIntegrationTests" time="0.002">
    <error message="Unable to connect to Redis; nested exception is io.lettuce.core.RedisConnectionException: Unable to connect to 127.0.0.1:6379" type="org.springframework.data.redis.RedisConnectionFailureException">org.springframework.data.redis.RedisConnectionFailureException: Unable to connect to Redis; nested exception is io.lettuce.core.RedisConnectionException: Unable to connect to 127.0.0.1:6379
	at org.springframework.data.redis.core.DefaultReactiveListOperationsIntegrationTests.before(DefaultReactiveListOperationsIntegrationTests.java:85)
Caused by: io.lettuce.core.RedisConnectionException: Unable to connect to 127.0.0.1:6379
	at org.springframework.data.redis.core.DefaultReactiveListOperationsIntegrationTests.before(DefaultReactiveListOperationsIntegrationTests.java:85)
Caused by: io.netty.channel.AbstractChannel$AnnotatedConnectException: syscall:getsockopt(..) failed: Connection refused: /127.0.0.1:6379
Caused by: io.netty.channel.unix.Errors$NativeConnectException: syscall:getsockopt(..) failed: Connection refused
</error>
  </testcase>
  <testcase name="rightPopAndLeftPushWithTimeout[Double]" classname="org.springframework.data.redis.core.DefaultReactiveListOperationsIntegrationTests" time="0.001">
    <error message="Unable to connect to Redis; nested exception is io.lettuce.core.RedisConnectionException: Unable to connect to 127.0.0.1:6379" type="org.springframework.data.redis.RedisConnectionFailureException">org.springframework.data.redis.RedisConnectionFailureException: Unable to connect to Redis; nested exception is io.lettuce.core.RedisConnectionException: Unable to connect to 127.0.0.1:6379
	at org.springframework.data.redis.core.DefaultReactiveListOperationsIntegrationTests.before(DefaultReactiveListOperationsIntegrationTests.java:85)
Caused by: io.lettuce.core.RedisConnectionException: Unable to connect to 127.0.0.1:6379
	at org.springframework.data.redis.core.DefaultReactiveListOperationsIntegrationTests.before(DefaultReactiveListOperationsIntegrationTests.java:85)
Caused by: io.netty.channel.AbstractChannel$AnnotatedConnectException: syscall:getsockopt(..) failed: Connection refused: /127.0.0.1:6379
Caused by: io.netty.channel.unix.Errors$NativeConnectException: syscall:getsockopt(..) failed: Connection refused
</error>
  </testcase>
  <testcase name="leftPopWithMillisecondTimeoutShouldFail[Double]" classname="org.springframework.data.redis.core.DefaultReactiveListOperationsIntegrationTests" time="0.002">
    <error message="Unable to connect to Redis; nested exception is io.lettuce.core.RedisConnectionException: Unable to connect to 127.0.0.1:6379" type="org.springframework.data.redis.RedisConnectionFailureException">org.springframework.data.redis.RedisConnectionFailureException: Unable to connect to Redis; nested exception is io.lettuce.core.RedisConnectionException: Unable to connect to 127.0.0.1:6379
	at org.springframework.data.redis.core.DefaultReactiveListOperationsIntegrationTests.before(DefaultReactiveListOperationsIntegrationTests.java:85)
Caused by: io.lettuce.core.RedisConnectionException: Unable to connect to 127.0.0.1:6379
	at org.springframework.data.redis.core.DefaultReactiveListOperationsIntegrationTests.before(DefaultReactiveListOperationsIntegrationTests.java:85)
Caused by: io.netty.channel.AbstractChannel$AnnotatedConnectException: syscall:getsockopt(..) failed: Connection refused: /127.0.0.1:6379
Caused by: io.netty.channel.unix.Errors$NativeConnectException: syscall:getsockopt(..) failed: Connection refused
</error>
  </testcase>
  <testcase name="leftPushIfPresent[Double]" classname="org.springframework.data.redis.core.DefaultReactiveListOperationsIntegrationTests" time="0.001">
    <error message="Unable to connect to Redis; nested exception is io.lettuce.core.RedisConnectionException: Unable to connect to 127.0.0.1:6379" type="org.springframework.data.redis.RedisConnectionFailureException">org.springframework.data.redis.RedisConnectionFailureException: Unable to connect to Redis; nested exception is io.lettuce.core.RedisConnectionException: Unable to connect to 127.0.0.1:6379
	at org.springframework.data.redis.core.DefaultReactiveListOperationsIntegrationTests.before(DefaultReactiveListOperationsIntegrationTests.java:85)
Caused by: io.lettuce.core.RedisConnectionException: Unable to connect to 127.0.0.1:6379
	at org.springframework.data.redis.core.DefaultReactiveListOperationsIntegrationTests.before(DefaultReactiveListOperationsIntegrationTests.java:85)
Caused by: io.netty.channel.AbstractChannel$AnnotatedConnectException: syscall:getsockopt(..) failed: Connection refused: /127.0.0.1:6379
Caused by: io.netty.channel.unix.Errors$NativeConnectException: syscall:getsockopt(..) failed: Connection refused
</error>
  </testcase>
  <testcase name="rightPushIfPresent[Double]" classname="org.springframework.data.redis.core.DefaultReactiveListOperationsIntegrationTests" time="0.002">
    <error message="Unable to connect to Redis; nested exception is io.lettuce.core.RedisConnectionException: Unable to connect to 127.0.0.1:6379" type="org.springframework.data.redis.RedisConnectionFailureException">org.springframework.data.redis.RedisConnectionFailureException: Unable to connect to Redis; nested exception is io.lettuce.core.RedisConnectionException: Unable to connect to 127.0.0.1:6379
	at org.springframework.data.redis.core.DefaultReactiveListOperationsIntegrationTests.before(DefaultReactiveListOperationsIntegrationTests.java:85)
Caused by: io.lettuce.core.RedisConnectionException: Unable to connect to 127.0.0.1:6379
	at org.springframework.data.redis.core.DefaultReactiveListOperationsIntegrationTests.before(DefaultReactiveListOperationsIntegrationTests.java:85)
Caused by: io.netty.channel.AbstractChannel$AnnotatedConnectException: syscall:getsockopt(..) failed: Connection refused: /127.0.0.1:6379
Caused by: io.netty.channel.unix.Errors$NativeConnectException: syscall:getsockopt(..) failed: Connection refused
</error>
  </testcase>
  <testcase name="leftPush[Double]" classname="org.springframework.data.redis.core.DefaultReactiveListOperationsIntegrationTests" time="0.001">
    <error message="Unable to connect to Redis; nested exception is io.lettuce.core.RedisConnectionException: Unable to connect to 127.0.0.1:6379" type="org.springframework.data.redis.RedisConnectionFailureException">org.springframework.data.redis.RedisConnectionFailureException: Unable to connect to Redis; nested exception is io.lettuce.core.RedisConnectionException: Unable to connect to 127.0.0.1:6379
	at org.springframework.data.redis.core.DefaultReactiveListOperationsIntegrationTests.before(DefaultReactiveListOperationsIntegrationTests.java:85)
Caused by: io.lettuce.core.RedisConnectionException: Unable to connect to 127.0.0.1:6379
	at org.springframework.data.redis.core.DefaultReactiveListOperationsIntegrationTests.before(DefaultReactiveListOperationsIntegrationTests.java:85)
Caused by: io.netty.channel.AbstractChannel$AnnotatedConnectException: syscall:getsockopt(..) failed: Connection refused: /127.0.0.1:6379
Caused by: io.netty.channel.unix.Errors$NativeConnectException: syscall:getsockopt(..) failed: Connection refused
</error>
  </testcase>
  <testcase name="rightPushAll[Double]" classname="org.springframework.data.redis.core.DefaultReactiveListOperationsIntegrationTests" time="0.001">
    <error message="Unable to connect to Redis; nested exception is io.lettuce.core.RedisConnectionException: Unable to connect to 127.0.0.1:6379" type="org.springframework.data.redis.RedisConnectionFailureException">org.springframework.data.redis.RedisConnectionFailureException: Unable to connect to Redis; nested exception is io.lettuce.core.RedisConnectionException: Unable to connect to 127.0.0.1:6379
	at org.springframework.data.redis.core.DefaultReactiveListOperationsIntegrationTests.before(DefaultReactiveListOperationsIntegrationTests.java:85)
Caused by: io.lettuce.core.RedisConnectionException: Unable to connect to 127.0.0.1:6379
	at org.springframework.data.redis.core.DefaultReactiveListOperationsIntegrationTests.before(DefaultReactiveListOperationsIntegrationTests.java:85)
Caused by: io.netty.channel.AbstractChannel$AnnotatedConnectException: syscall:getsockopt(..) failed: Connection refused: /127.0.0.1:6379
Caused by: io.netty.channel.unix.Errors$NativeConnectException: syscall:getsockopt(..) failed: Connection refused
</error>
  </testcase>
  <testcase name="rightPopAndLeftPush[Double]" classname="org.springframework.data.redis.core.DefaultReactiveListOperationsIntegrationTests" time="0.001">
    <error message="Unable to connect to Redis; nested exception is io.lettuce.core.RedisConnectionException: Unable to connect to 127.0.0.1:6379" type="org.springframework.data.redis.RedisConnectionFailureException">org.springframework.data.redis.RedisConnectionFailureException: Unable to connect to Redis; nested exception is io.lettuce.core.RedisConnectionException: Unable to connect to 127.0.0.1:6379
	at org.springframework.data.redis.core.DefaultReactiveListOperationsIntegrationTests.before(DefaultReactiveListOperationsIntegrationTests.java:85)
Caused by: io.lettuce.core.RedisConnectionException: Unable to connect to 127.0.0.1:6379
	at org.springframework.data.redis.core.DefaultReactiveListOperationsIntegrationTests.before(DefaultReactiveListOperationsIntegrationTests.java:85)
Caused by: io.netty.channel.AbstractChannel$AnnotatedConnectException: syscall:getsockopt(..) failed: Connection refused: /127.0.0.1:6379
Caused by: io.netty.channel.unix.Errors$NativeConnectException: syscall:getsockopt(..) failed: Connection refused
</error>
  </testcase>
  <testcase name="rightPush[raw]" classname="org.springframework.data.redis.core.DefaultReactiveListOperationsIntegrationTests" time="0.001">
    <error message="Unable to connect to Redis; nested exception is io.lettuce.core.RedisConnectionException: Unable to connect to 127.0.0.1:6379" type="org.springframework.data.redis.RedisConnectionFailureException">org.springframework.data.redis.RedisConnectionFailureException: Unable to connect to Redis; nested exception is io.lettuce.core.RedisConnectionException: Unable to connect to 127.0.0.1:6379
	at org.springframework.data.redis.core.DefaultReactiveListOperationsIntegrationTests.before(DefaultReactiveListOperationsIntegrationTests.java:85)
Caused by: io.lettuce.core.RedisConnectionException: Unable to connect to 127.0.0.1:6379
	at org.springframework.data.redis.core.DefaultReactiveListOperationsIntegrationTests.before(DefaultReactiveListOperationsIntegrationTests.java:85)
Caused by: io.netty.channel.AbstractChannel$AnnotatedConnectException: syscall:getsockopt(..) failed: Connection refused: /127.0.0.1:6379
Caused by: io.netty.channel.unix.Errors$NativeConnectException: syscall:getsockopt(..) failed: Connection refused
</error>
  </testcase>
  <testcase name="rightPopWithTimeout[raw]" classname="org.springframework.data.redis.core.DefaultReactiveListOperationsIntegrationTests" time="0.001">
    <error message="Unable to connect to Redis; nested exception is io.lettuce.core.RedisConnectionException: Unable to connect to 127.0.0.1:6379" type="org.springframework.data.redis.RedisConnectionFailureException">org.springframework.data.redis.RedisConnectionFailureException: Unable to connect to Redis; nested exception is io.lettuce.core.RedisConnectionException: Unable to connect to 127.0.0.1:6379
	at org.springframework.data.redis.core.DefaultReactiveListOperationsIntegrationTests.before(DefaultReactiveListOperationsIntegrationTests.java:85)
Caused by: io.lettuce.core.RedisConnectionException: Unable to connect to 127.0.0.1:6379
	at org.springframework.data.redis.core.DefaultReactiveListOperationsIntegrationTests.before(DefaultReactiveListOperationsIntegrationTests.java:85)
Caused by: io.netty.channel.AbstractChannel$AnnotatedConnectException: syscall:getsockopt(..) failed: Connection refused: /127.0.0.1:6379
Caused by: io.netty.channel.unix.Errors$NativeConnectException: syscall:getsockopt(..) failed: Connection refused
</error>
  </testcase>
  <testcase name="rightPop[raw]" classname="org.springframework.data.redis.core.DefaultReactiveListOperationsIntegrationTests" time="0.001">
    <error message="Unable to connect to Redis; nested exception is io.lettuce.core.RedisConnectionException: Unable to connect to 127.0.0.1:6379" type="org.springframework.data.redis.RedisConnectionFailureException">org.springframework.data.redis.RedisConnectionFailureException: Unable to connect to Redis; nested exception is io.lettuce.core.RedisConnectionException: Unable to connect to 127.0.0.1:6379
	at org.springframework.data.redis.core.DefaultReactiveListOperationsIntegrationTests.before(DefaultReactiveListOperationsIntegrationTests.java:85)
Caused by: io.lettuce.core.RedisConnectionException: Unable to connect to 127.0.0.1:6379
	at org.springframework.data.redis.core.DefaultReactiveListOperationsIntegrationTests.before(DefaultReactiveListOperationsIntegrationTests.java:85)
Caused by: io.netty.channel.AbstractChannel$AnnotatedConnectException: syscall:getsockopt(..) failed: Connection refused: /127.0.0.1:6379
Caused by: io.netty.channel.unix.Errors$NativeConnectException: syscall:getsockopt(..) failed: Connection refused
</error>
  </testcase>
  <testcase name="leftPushAll[raw]" classname="org.springframework.data.redis.core.DefaultReactiveListOperationsIntegrationTests" time="0.001">
    <error message="Unable to connect to Redis; nested exception is io.lettuce.core.RedisConnectionException: Unable to connect to 127.0.0.1:6379" type="org.springframework.data.redis.RedisConnectionFailureException">org.springframework.data.redis.RedisConnectionFailureException: Unable to connect to Redis; nested exception is io.lettuce.core.RedisConnectionException: Unable to connect to 127.0.0.1:6379
	at org.springframework.data.redis.core.DefaultReactiveListOperationsIntegrationTests.before(DefaultReactiveListOperationsIntegrationTests.java:85)
Caused by: io.lettuce.core.RedisConnectionException: Unable to connect to 127.0.0.1:6379
	at org.springframework.data.redis.core.DefaultReactiveListOperationsIntegrationTests.before(DefaultReactiveListOperationsIntegrationTests.java:85)
Caused by: io.netty.channel.AbstractChannel$AnnotatedConnectException: syscall:getsockopt(..) failed: Connection refused: /127.0.0.1:6379
Caused by: io.netty.channel.unix.Errors$NativeConnectException: syscall:getsockopt(..) failed: Connection refused
</error>
  </testcase>
  <testcase name="delete[raw]" classname="org.springframework.data.redis.core.DefaultReactiveListOperationsIntegrationTests" time="0.001">
    <error message="Unable to connect to Redis; nested exception is io.lettuce.core.RedisConnectionException: Unable to connect to 127.0.0.1:6379" type="org.springframework.data.redis.RedisConnectionFailureException">org.springframework.data.redis.RedisConnectionFailureException: Unable to connect to Redis; nested exception is io.lettuce.core.RedisConnectionException: Unable to connect to 127.0.0.1:6379
	at org.springframework.data.redis.core.DefaultReactiveListOperationsIntegrationTests.before(DefaultReactiveListOperationsIntegrationTests.java:85)
Caused by: io.lettuce.core.RedisConnectionException: Unable to connect to 127.0.0.1:6379
	at org.springframework.data.redis.core.DefaultReactiveListOperationsIntegrationTests.before(DefaultReactiveListOperationsIntegrationTests.java:85)
Caused by: io.netty.channel.AbstractChannel$AnnotatedConnectException: syscall:getsockopt(..) failed: Connection refused: /127.0.0.1:6379
Caused by: io.netty.channel.unix.Errors$NativeConnectException: syscall:getsockopt(..) failed: Connection refused
</error>
  </testcase>
  <testcase name="remove[raw]" classname="org.springframework.data.redis.core.DefaultReactiveListOperationsIntegrationTests" time="0.001">
    <error message="Unable to connect to Redis; nested exception is io.lettuce.core.RedisConnectionException: Unable to connect to 127.0.0.1:6379" type="org.springframework.data.redis.RedisConnectionFailureException">org.springframework.data.redis.RedisConnectionFailureException: Unable to connect to Redis; nested exception is io.lettuce.core.RedisConnectionException: Unable to connect to 127.0.0.1:6379
	at org.springframework.data.redis.core.DefaultReactiveListOperationsIntegrationTests.before(DefaultReactiveListOperationsIntegrationTests.java:85)
Caused by: io.lettuce.core.RedisConnectionException: Unable to connect to 127.0.0.1:6379
	at org.springframework.data.redis.core.DefaultReactiveListOperationsIntegrationTests.before(DefaultReactiveListOperationsIntegrationTests.java:85)
Caused by: io.netty.channel.AbstractChannel$AnnotatedConnectException: syscall:getsockopt(..) failed: Connection refused: /127.0.0.1:6379
Caused by: io.netty.channel.unix.Errors$NativeConnectException: syscall:getsockopt(..) failed: Connection refused
</error>
  </testcase>
  <testcase name="leftPopWithTimeout[raw]" classname="org.springframework.data.redis.core.DefaultReactiveListOperationsIntegrationTests" time="0.001">
    <error message="Unable to connect to Redis; nested exception is io.lettuce.core.RedisConnectionException: Unable to connect to 127.0.0.1:6379" type="org.springframework.data.redis.RedisConnectionFailureException">org.springframework.data.redis.RedisConnectionFailureException: Unable to connect to Redis; nested exception is io.lettuce.core.RedisConnectionException: Unable to connect to 127.0.0.1:6379
	at org.springframework.data.redis.core.DefaultReactiveListOperationsIntegrationTests.before(DefaultReactiveListOperationsIntegrationTests.java:85)
Caused by: io.lettuce.core.RedisConnectionException: Unable to connect to 127.0.0.1:6379
	at org.springframework.data.redis.core.DefaultReactiveListOperationsIntegrationTests.before(DefaultReactiveListOperationsIntegrationTests.java:85)
Caused by: io.netty.channel.AbstractChannel$AnnotatedConnectException: syscall:getsockopt(..) failed: Connection refused: /127.0.0.1:6379
Caused by: io.netty.channel.unix.Errors$NativeConnectException: syscall:getsockopt(..) failed: Connection refused
</error>
  </testcase>
  <testcase name="set[raw]" classname="org.springframework.data.redis.core.DefaultReactiveListOperationsIntegrationTests" time="0.002">
    <error message="Unable to connect to Redis; nested exception is io.lettuce.core.RedisConnectionException: Unable to connect to 127.0.0.1:6379" type="org.springframework.data.redis.RedisConnectionFailureException">org.springframework.data.redis.RedisConnectionFailureException: Unable to connect to Redis; nested exception is io.lettuce.core.RedisConnectionException: Unable to connect to 127.0.0.1:6379
	at org.springframework.data.redis.core.DefaultReactiveListOperationsIntegrationTests.before(DefaultReactiveListOperationsIntegrationTests.java:85)
Caused by: io.lettuce.core.RedisConnectionException: Unable to connect to 127.0.0.1:6379
	at org.springframework.data.redis.core.DefaultReactiveListOperationsIntegrationTests.before(DefaultReactiveListOperationsIntegrationTests.java:85)
Caused by: io.netty.channel.AbstractChannel$AnnotatedConnectException: syscall:getsockopt(..) failed: Connection refused: /127.0.0.1:6379
Caused by: io.netty.channel.unix.Errors$NativeConnectException: syscall:getsockopt(..) failed: Connection refused
</error>
  </testcase>
  <testcase name="size[raw]" classname="org.springframework.data.redis.core.DefaultReactiveListOperationsIntegrationTests" time="0.001">
    <error message="Unable to connect to Redis; nested exception is io.lettuce.core.RedisConnectionException: Unable to connect to 127.0.0.1:6379" type="org.springframework.data.redis.RedisConnectionFailureException">org.springframework.data.redis.RedisConnectionFailureException: Unable to connect to Redis; nested exception is io.lettuce.core.RedisConnectionException: Unable to connect to 127.0.0.1:6379
	at org.springframework.data.redis.core.DefaultReactiveListOperationsIntegrationTests.before(DefaultReactiveListOperationsIntegrationTests.java:85)
Caused by: io.lettuce.core.RedisConnectionException: Unable to connect to 127.0.0.1:6379
	at org.springframework.data.redis.core.DefaultReactiveListOperationsIntegrationTests.before(DefaultReactiveListOperationsIntegrationTests.java:85)
Caused by: io.netty.channel.AbstractChannel$AnnotatedConnectException: syscall:getsockopt(..) failed: Connection refused: /127.0.0.1:6379
Caused by: io.netty.channel.unix.Errors$NativeConnectException: syscall:getsockopt(..) failed: Connection refused
</error>
  </testcase>
  <testcase name="trim[raw]" classname="org.springframework.data.redis.core.DefaultReactiveListOperationsIntegrationTests" time="0.001">
    <error message="Unable to connect to Redis; nested exception is io.lettuce.core.RedisConnectionException: Unable to connect to 127.0.0.1:6379" type="org.springframework.data.redis.RedisConnectionFailureException">org.springframework.data.redis.RedisConnectionFailureException: Unable to connect to Redis; nested exception is io.lettuce.core.RedisConnectionException: Unable to connect to 127.0.0.1:6379
	at org.springframework.data.redis.core.DefaultReactiveListOperationsIntegrationTests.before(DefaultReactiveListOperationsIntegrationTests.java:85)
Caused by: io.lettuce.core.RedisConnectionException: Unable to connect to 127.0.0.1:6379
	at org.springframework.data.redis.core.DefaultReactiveListOperationsIntegrationTests.before(DefaultReactiveListOperationsIntegrationTests.java:85)
Caused by: io.netty.channel.AbstractChannel$AnnotatedConnectException: syscall:getsockopt(..) failed: Connection refused: /127.0.0.1:6379
Caused by: io.netty.channel.unix.Errors$NativeConnectException: syscall:getsockopt(..) failed: Connection refused
</error>
  </testcase>
  <testcase name="leftPop[raw]" classname="org.springframework.data.redis.core.DefaultReactiveListOperationsIntegrationTests" time="0.001">
    <error message="Unable to connect to Redis; nested exception is io.lettuce.core.RedisConnectionException: Unable to connect to 127.0.0.1:6379" type="org.springframework.data.redis.RedisConnectionFailureException">org.springframework.data.redis.RedisConnectionFailureException: Unable to connect to Redis; nested exception is io.lettuce.core.RedisConnectionException: Unable to connect to 127.0.0.1:6379
	at org.springframework.data.redis.core.DefaultReactiveListOperationsIntegrationTests.before(DefaultReactiveListOperationsIntegrationTests.java:85)
Caused by: io.lettuce.core.RedisConnectionException: Unable to connect to 127.0.0.1:6379
	at org.springframework.data.redis.core.DefaultReactiveListOperationsIntegrationTests.before(DefaultReactiveListOperationsIntegrationTests.java:85)
Caused by: io.netty.channel.AbstractChannel$AnnotatedConnectException: syscall:getsockopt(..) failed: Connection refused: /127.0.0.1:6379
Caused by: io.netty.channel.unix.Errors$NativeConnectException: syscall:getsockopt(..) failed: Connection refused
</error>
  </testcase>
  <testcase name="index[raw]" classname="org.springframework.data.redis.core.DefaultReactiveListOperationsIntegrationTests" time="0">
    <error message="Unable to connect to Redis; nested exception is io.lettuce.core.RedisConnectionException: Unable to connect to 127.0.0.1:6379" type="org.springframework.data.redis.RedisConnectionFailureException">org.springframework.data.redis.RedisConnectionFailureException: Unable to connect to Redis; nested exception is io.lettuce.core.RedisConnectionException: Unable to connect to 127.0.0.1:6379
	at org.springframework.data.redis.core.DefaultReactiveListOperationsIntegrationTests.before(DefaultReactiveListOperationsIntegrationTests.java:85)
Caused by: io.lettuce.core.RedisConnectionException: Unable to connect to 127.0.0.1:6379
	at org.springframework.data.redis.core.DefaultReactiveListOperationsIntegrationTests.before(DefaultReactiveListOperationsIntegrationTests.java:85)
Caused by: io.netty.channel.AbstractChannel$AnnotatedConnectException: syscall:getsockopt(..) failed: Connection refused: /127.0.0.1:6379
Caused by: io.netty.channel.unix.Errors$NativeConnectException: syscall:getsockopt(..) failed: Connection refused
</error>
  </testcase>
  <testcase name="leftPushWithPivot[raw]" classname="org.springframework.data.redis.core.DefaultReactiveListOperationsIntegrationTests" time="0">
    <error message="Unable to connect to Redis; nested exception is io.lettuce.core.RedisConnectionException: Unable to connect to 127.0.0.1:6379" type="org.springframework.data.redis.RedisConnectionFailureException">org.springframework.data.redis.RedisConnectionFailureException: Unable to connect to Redis; nested exception is io.lettuce.core.RedisConnectionException: Unable to connect to 127.0.0.1:6379
	at org.springframework.data.redis.core.DefaultReactiveListOperationsIntegrationTests.before(DefaultReactiveListOperationsIntegrationTests.java:85)
Caused by: io.lettuce.core.RedisConnectionException: Unable to connect to 127.0.0.1:6379
	at org.springframework.data.redis.core.DefaultReactiveListOperationsIntegrationTests.before(DefaultReactiveListOperationsIntegrationTests.java:85)
Caused by: io.netty.channel.AbstractChannel$AnnotatedConnectException: syscall:getsockopt(..) failed: Connection refused: /127.0.0.1:6379
Caused by: io.netty.channel.unix.Errors$NativeConnectException: syscall:getsockopt(..) failed: Connection refused
</error>
  </testcase>
  <testcase name="rightPushWithPivot[raw]" classname="org.springframework.data.redis.core.DefaultReactiveListOperationsIntegrationTests" time="0.001">
    <error message="Unable to connect to Redis; nested exception is io.lettuce.core.RedisConnectionException: Unable to connect to 127.0.0.1:6379" type="org.springframework.data.redis.RedisConnectionFailureException">org.springframework.data.redis.RedisConnectionFailureException: Unable to connect to Redis; nested exception is io.lettuce.core.RedisConnectionException: Unable to connect to 127.0.0.1:6379
	at org.springframework.data.redis.core.DefaultReactiveListOperationsIntegrationTests.before(DefaultReactiveListOperationsIntegrationTests.java:85)
Caused by: io.lettuce.core.RedisConnectionException: Unable to connect to 127.0.0.1:6379
	at org.springframework.data.redis.core.DefaultReactiveListOperationsIntegrationTests.before(DefaultReactiveListOperationsIntegrationTests.java:85)
Caused by: io.netty.channel.AbstractChannel$AnnotatedConnectException: syscall:getsockopt(..) failed: Connection refused: /127.0.0.1:6379
Caused by: io.netty.channel.unix.Errors$NativeConnectException: syscall:getsockopt(..) failed: Connection refused
</error>
  </testcase>
  <testcase name="rightPopAndLeftPushWithTimeout[raw]" classname="org.springframework.data.redis.core.DefaultReactiveListOperationsIntegrationTests" time="0.001">
    <error message="Unable to connect to Redis; nested exception is io.lettuce.core.RedisConnectionException: Unable to connect to 127.0.0.1:6379" type="org.springframework.data.redis.RedisConnectionFailureException">org.springframework.data.redis.RedisConnectionFailureException: Unable to connect to Redis; nested exception is io.lettuce.core.RedisConnectionException: Unable to connect to 127.0.0.1:6379
	at org.springframework.data.redis.core.DefaultReactiveListOperationsIntegrationTests.before(DefaultReactiveListOperationsIntegrationTests.java:85)
Caused by: io.lettuce.core.RedisConnectionException: Unable to connect to 127.0.0.1:6379
	at org.springframework.data.redis.core.DefaultReactiveListOperationsIntegrationTests.before(DefaultReactiveListOperationsIntegrationTests.java:85)
Caused by: io.netty.channel.AbstractChannel$AnnotatedConnectException: syscall:getsockopt(..) failed: Connection refused: /127.0.0.1:6379
Caused by: io.netty.channel.unix.Errors$NativeConnectException: syscall:getsockopt(..) failed: Connection refused
</error>
  </testcase>
  <testcase name="leftPopWithMillisecondTimeoutShouldFail[raw]" classname="org.springframework.data.redis.core.DefaultReactiveListOperationsIntegrationTests" time="0.001">
    <error message="Unable to connect to Redis; nested exception is io.lettuce.core.RedisConnectionException: Unable to connect to 127.0.0.1:6379" type="org.springframework.data.redis.RedisConnectionFailureException">org.springframework.data.redis.RedisConnectionFailureException: Unable to connect to Redis; nested exception is io.lettuce.core.RedisConnectionException: Unable to connect to 127.0.0.1:6379
	at org.springframework.data.redis.core.DefaultReactiveListOperationsIntegrationTests.before(DefaultReactiveListOperationsIntegrationTests.java:85)
Caused by: io.lettuce.core.RedisConnectionException: Unable to connect to 127.0.0.1:6379
	at org.springframework.data.redis.core.DefaultReactiveListOperationsIntegrationTests.before(DefaultReactiveListOperationsIntegrationTests.java:85)
Caused by: io.netty.channel.AbstractChannel$AnnotatedConnectException: syscall:getsockopt(..) failed: Connection refused: /127.0.0.1:6379
Caused by: io.netty.channel.unix.Errors$NativeConnectException: syscall:getsockopt(..) failed: Connection refused
</error>
  </testcase>
  <testcase name="leftPushIfPresent[raw]" classname="org.springframework.data.redis.core.DefaultReactiveListOperationsIntegrationTests" time="0.001">
    <error message="Unable to connect to Redis; nested exception is io.lettuce.core.RedisConnectionException: Unable to connect to 127.0.0.1:6379" type="org.springframework.data.redis.RedisConnectionFailureException">org.springframework.data.redis.RedisConnectionFailureException: Unable to connect to Redis; nested exception is io.lettuce.core.RedisConnectionException: Unable to connect to 127.0.0.1:6379
	at org.springframework.data.redis.core.DefaultReactiveListOperationsIntegrationTests.before(DefaultReactiveListOperationsIntegrationTests.java:85)
Caused by: io.lettuce.core.RedisConnectionException: Unable to connect to 127.0.0.1:6379
	at org.springframework.data.redis.core.DefaultReactiveListOperationsIntegrationTests.before(DefaultReactiveListOperationsIntegrationTests.java:85)
Caused by: io.netty.channel.AbstractChannel$AnnotatedConnectException: syscall:getsockopt(..) failed: Connection refused: /127.0.0.1:6379
Caused by: io.netty.channel.unix.Errors$NativeConnectException: syscall:getsockopt(..) failed: Connection refused
</error>
  </testcase>
  <testcase name="rightPushIfPresent[raw]" classname="org.springframework.data.redis.core.DefaultReactiveListOperationsIntegrationTests" time="0.001">
    <error message="Unable to connect to Redis; nested exception is io.lettuce.core.RedisConnectionException: Unable to connect to 127.0.0.1:6379" type="org.springframework.data.redis.RedisConnectionFailureException">org.springframework.data.redis.RedisConnectionFailureException: Unable to connect to Redis; nested exception is io.lettuce.core.RedisConnectionException: Unable to connect to 127.0.0.1:6379
	at org.springframework.data.redis.core.DefaultReactiveListOperationsIntegrationTests.before(DefaultReactiveListOperationsIntegrationTests.java:85)
Caused by: io.lettuce.core.RedisConnectionException: Unable to connect to 127.0.0.1:6379
	at org.springframework.data.redis.core.DefaultReactiveListOperationsIntegrationTests.before(DefaultReactiveListOperationsIntegrationTests.java:85)
Caused by: io.netty.channel.AbstractChannel$AnnotatedConnectException: syscall:getsockopt(..) failed: Connection refused: /127.0.0.1:6379
Caused by: io.netty.channel.unix.Errors$NativeConnectException: syscall:getsockopt(..) failed: Connection refused
</error>
  </testcase>
  <testcase name="leftPush[raw]" classname="org.springframework.data.redis.core.DefaultReactiveListOperationsIntegrationTests" time="0.001">
    <error message="Unable to connect to Redis; nested exception is io.lettuce.core.RedisConnectionException: Unable to connect to 127.0.0.1:6379" type="org.springframework.data.redis.RedisConnectionFailureException">org.springframework.data.redis.RedisConnectionFailureException: Unable to connect to Redis; nested exception is io.lettuce.core.RedisConnectionException: Unable to connect to 127.0.0.1:6379
	at org.springframework.data.redis.core.DefaultReactiveListOperationsIntegrationTests.before(DefaultReactiveListOperationsIntegrationTests.java:85)
Caused by: io.lettuce.core.RedisConnectionException: Unable to connect to 127.0.0.1:6379
	at org.springframework.data.redis.core.DefaultReactiveListOperationsIntegrationTests.before(DefaultReactiveListOperationsIntegrationTests.java:85)
Caused by: io.netty.channel.AbstractChannel$AnnotatedConnectException: syscall:getsockopt(..) failed: Connection refused: /127.0.0.1:6379
Caused by: io.netty.channel.unix.Errors$NativeConnectException: syscall:getsockopt(..) failed: Connection refused
</error>
  </testcase>
  <testcase name="rightPushAll[raw]" classname="org.springframework.data.redis.core.DefaultReactiveListOperationsIntegrationTests" time="0.001">
    <error message="Unable to connect to Redis; nested exception is io.lettuce.core.RedisConnectionException: Unable to connect to 127.0.0.1:6379" type="org.springframework.data.redis.RedisConnectionFailureException">org.springframework.data.redis.RedisConnectionFailureException: Unable to connect to Redis; nested exception is io.lettuce.core.RedisConnectionException: Unable to connect to 127.0.0.1:6379
	at org.springframework.data.redis.core.DefaultReactiveListOperationsIntegrationTests.before(DefaultReactiveListOperationsIntegrationTests.java:85)
Caused by: io.lettuce.core.RedisConnectionException: Unable to connect to 127.0.0.1:6379
	at org.springframework.data.redis.core.DefaultReactiveListOperationsIntegrationTests.before(DefaultReactiveListOperationsIntegrationTests.java:85)
Caused by: io.netty.channel.AbstractChannel$AnnotatedConnectException: syscall:getsockopt(..) failed: Connection refused: /127.0.0.1:6379
Caused by: io.netty.channel.unix.Errors$NativeConnectException: syscall:getsockopt(..) failed: Connection refused
</error>
  </testcase>
  <testcase name="rightPopAndLeftPush[raw]" classname="org.springframework.data.redis.core.DefaultReactiveListOperationsIntegrationTests" time="0.001">
    <error message="Unable to connect to Redis; nested exception is io.lettuce.core.RedisConnectionException: Unable to connect to 127.0.0.1:6379" type="org.springframework.data.redis.RedisConnectionFailureException">org.springframework.data.redis.RedisConnectionFailureException: Unable to connect to Redis; nested exception is io.lettuce.core.RedisConnectionException: Unable to connect to 127.0.0.1:6379
	at org.springframework.data.redis.core.DefaultReactiveListOperationsIntegrationTests.before(DefaultReactiveListOperationsIntegrationTests.java:85)
Caused by: io.lettuce.core.RedisConnectionException: Unable to connect to 127.0.0.1:6379
	at org.springframework.data.redis.core.DefaultReactiveListOperationsIntegrationTests.before(DefaultReactiveListOperationsIntegrationTests.java:85)
Caused by: io.netty.channel.AbstractChannel$AnnotatedConnectException: syscall:getsockopt(..) failed: Connection refused: /127.0.0.1:6379
Caused by: io.netty.channel.unix.Errors$NativeConnectException: syscall:getsockopt(..) failed: Connection refused
</error>
  </testcase>
  <testcase name="rightPush[String/Person/JDK]" classname="org.springframework.data.redis.core.DefaultReactiveListOperationsIntegrationTests" time="0.002">
    <error message="Unable to connect to Redis; nested exception is io.lettuce.core.RedisConnectionException: Unable to connect to 127.0.0.1:6379" type="org.springframework.data.redis.RedisConnectionFailureException">org.springframework.data.redis.RedisConnectionFailureException: Unable to connect to Redis; nested exception is io.lettuce.core.RedisConnectionException: Unable to connect to 127.0.0.1:6379
	at org.springframework.data.redis.core.DefaultReactiveListOperationsIntegrationTests.before(DefaultReactiveListOperationsIntegrationTests.java:85)
Caused by: io.lettuce.core.RedisConnectionException: Unable to connect to 127.0.0.1:6379
	at org.springframework.data.redis.core.DefaultReactiveListOperationsIntegrationTests.before(DefaultReactiveListOperationsIntegrationTests.java:85)
Caused by: io.netty.channel.AbstractChannel$AnnotatedConnectException: syscall:getsockopt(..) failed: Connection refused: /127.0.0.1:6379
Caused by: io.netty.channel.unix.Errors$NativeConnectException: syscall:getsockopt(..) failed: Connection refused
</error>
  </testcase>
  <testcase name="rightPopWithTimeout[String/Person/JDK]" classname="org.springframework.data.redis.core.DefaultReactiveListOperationsIntegrationTests" time="0.001">
    <error message="Unable to connect to Redis; nested exception is io.lettuce.core.RedisConnectionException: Unable to connect to 127.0.0.1:6379" type="org.springframework.data.redis.RedisConnectionFailureException">org.springframework.data.redis.RedisConnectionFailureException: Unable to connect to Redis; nested exception is io.lettuce.core.RedisConnectionException: Unable to connect to 127.0.0.1:6379
	at org.springframework.data.redis.core.DefaultReactiveListOperationsIntegrationTests.before(DefaultReactiveListOperationsIntegrationTests.java:85)
Caused by: io.lettuce.core.RedisConnectionException: Unable to connect to 127.0.0.1:6379
	at org.springframework.data.redis.core.DefaultReactiveListOperationsIntegrationTests.before(DefaultReactiveListOperationsIntegrationTests.java:85)
Caused by: io.netty.channel.AbstractChannel$AnnotatedConnectException: syscall:getsockopt(..) failed: Connection refused: /127.0.0.1:6379
Caused by: io.netty.channel.unix.Errors$NativeConnectException: syscall:getsockopt(..) failed: Connection refused
</error>
  </testcase>
  <testcase name="rightPop[String/Person/JDK]" classname="org.springframework.data.redis.core.DefaultReactiveListOperationsIntegrationTests" time="0.001">
    <error message="Unable to connect to Redis; nested exception is io.lettuce.core.RedisConnectionException: Unable to connect to 127.0.0.1:6379" type="org.springframework.data.redis.RedisConnectionFailureException">org.springframework.data.redis.RedisConnectionFailureException: Unable to connect to Redis; nested exception is io.lettuce.core.RedisConnectionException: Unable to connect to 127.0.0.1:6379
	at org.springframework.data.redis.core.DefaultReactiveListOperationsIntegrationTests.before(DefaultReactiveListOperationsIntegrationTests.java:85)
Caused by: io.lettuce.core.RedisConnectionException: Unable to connect to 127.0.0.1:6379
	at org.springframework.data.redis.core.DefaultReactiveListOperationsIntegrationTests.before(DefaultReactiveListOperationsIntegrationTests.java:85)
Caused by: io.netty.channel.AbstractChannel$AnnotatedConnectException: syscall:getsockopt(..) failed: Connection refused: /127.0.0.1:6379
Caused by: io.netty.channel.unix.Errors$NativeConnectException: syscall:getsockopt(..) failed: Connection refused
</error>
  </testcase>
  <testcase name="leftPushAll[String/Person/JDK]" classname="org.springframework.data.redis.core.DefaultReactiveListOperationsIntegrationTests" time="0.001">
    <error message="Unable to connect to Redis; nested exception is io.lettuce.core.RedisConnectionException: Unable to connect to 127.0.0.1:6379" type="org.springframework.data.redis.RedisConnectionFailureException">org.springframework.data.redis.RedisConnectionFailureException: Unable to connect to Redis; nested exception is io.lettuce.core.RedisConnectionException: Unable to connect to 127.0.0.1:6379
	at org.springframework.data.redis.core.DefaultReactiveListOperationsIntegrationTests.before(DefaultReactiveListOperationsIntegrationTests.java:85)
Caused by: io.lettuce.core.RedisConnectionException: Unable to connect to 127.0.0.1:6379
	at org.springframework.data.redis.core.DefaultReactiveListOperationsIntegrationTests.before(DefaultReactiveListOperationsIntegrationTests.java:85)
Caused by: io.netty.channel.AbstractChannel$AnnotatedConnectException: syscall:getsockopt(..) failed: Connection refused: /127.0.0.1:6379
Caused by: io.netty.channel.unix.Errors$NativeConnectException: syscall:getsockopt(..) failed: Connection refused
</error>
  </testcase>
  <testcase name="delete[String/Person/JDK]" classname="org.springframework.data.redis.core.DefaultReactiveListOperationsIntegrationTests" time="0.001">
    <error message="Unable to connect to Redis; nested exception is io.lettuce.core.RedisConnectionException: Unable to connect to 127.0.0.1:6379" type="org.springframework.data.redis.RedisConnectionFailureException">org.springframework.data.redis.RedisConnectionFailureException: Unable to connect to Redis; nested exception is io.lettuce.core.RedisConnectionException: Unable to connect to 127.0.0.1:6379
	at org.springframework.data.redis.core.DefaultReactiveListOperationsIntegrationTests.before(DefaultReactiveListOperationsIntegrationTests.java:85)
Caused by: io.lettuce.core.RedisConnectionException: Unable to connect to 127.0.0.1:6379
	at org.springframework.data.redis.core.DefaultReactiveListOperationsIntegrationTests.before(DefaultReactiveListOperationsIntegrationTests.java:85)
Caused by: io.netty.channel.AbstractChannel$AnnotatedConnectException: syscall:getsockopt(..) failed: Connection refused: /127.0.0.1:6379
Caused by: io.netty.channel.unix.Errors$NativeConnectException: syscall:getsockopt(..) failed: Connection refused
</error>
  </testcase>
  <testcase name="remove[String/Person/JDK]" classname="org.springframework.data.redis.core.DefaultReactiveListOperationsIntegrationTests" time="0.001">
    <error message="Unable to connect to Redis; nested exception is io.lettuce.core.RedisConnectionException: Unable to connect to 127.0.0.1:6379" type="org.springframework.data.redis.RedisConnectionFailureException">org.springframework.data.redis.RedisConnectionFailureException: Unable to connect to Redis; nested exception is io.lettuce.core.RedisConnectionException: Unable to connect to 127.0.0.1:6379
	at org.springframework.data.redis.core.DefaultReactiveListOperationsIntegrationTests.before(DefaultReactiveListOperationsIntegrationTests.java:85)
Caused by: io.lettuce.core.RedisConnectionException: Unable to connect to 127.0.0.1:6379
	at org.springframework.data.redis.core.DefaultReactiveListOperationsIntegrationTests.before(DefaultReactiveListOperationsIntegrationTests.java:85)
Caused by: io.netty.channel.AbstractChannel$AnnotatedConnectException: syscall:getsockopt(..) failed: Connection refused: /127.0.0.1:6379
Caused by: io.netty.channel.unix.Errors$NativeConnectException: syscall:getsockopt(..) failed: Connection refused
</error>
  </testcase>
  <testcase name="leftPopWithTimeout[String/Person/JDK]" classname="org.springframework.data.redis.core.DefaultReactiveListOperationsIntegrationTests" time="0.001">
    <error message="Unable to connect to Redis; nested exception is io.lettuce.core.RedisConnectionException: Unable to connect to 127.0.0.1:6379" type="org.springframework.data.redis.RedisConnectionFailureException">org.springframework.data.redis.RedisConnectionFailureException: Unable to connect to Redis; nested exception is io.lettuce.core.RedisConnectionException: Unable to connect to 127.0.0.1:6379
	at org.springframework.data.redis.core.DefaultReactiveListOperationsIntegrationTests.before(DefaultReactiveListOperationsIntegrationTests.java:85)
Caused by: io.lettuce.core.RedisConnectionException: Unable to connect to 127.0.0.1:6379
	at org.springframework.data.redis.core.DefaultReactiveListOperationsIntegrationTests.before(DefaultReactiveListOperationsIntegrationTests.java:85)
Caused by: io.netty.channel.AbstractChannel$AnnotatedConnectException: syscall:getsockopt(..) failed: Connection refused: /127.0.0.1:6379
Caused by: io.netty.channel.unix.Errors$NativeConnectException: syscall:getsockopt(..) failed: Connection refused
</error>
  </testcase>
  <testcase name="set[String/Person/JDK]" classname="org.springframework.data.redis.core.DefaultReactiveListOperationsIntegrationTests" time="0.001">
    <error message="Unable to connect to Redis; nested exception is io.lettuce.core.RedisConnectionException: Unable to connect to 127.0.0.1:6379" type="org.springframework.data.redis.RedisConnectionFailureException">org.springframework.data.redis.RedisConnectionFailureException: Unable to connect to Redis; nested exception is io.lettuce.core.RedisConnectionException: Unable to connect to 127.0.0.1:6379
	at org.springframework.data.redis.core.DefaultReactiveListOperationsIntegrationTests.before(DefaultReactiveListOperationsIntegrationTests.java:85)
Caused by: io.lettuce.core.RedisConnectionException: Unable to connect to 127.0.0.1:6379
	at org.springframework.data.redis.core.DefaultReactiveListOperationsIntegrationTests.before(DefaultReactiveListOperationsIntegrationTests.java:85)
Caused by: io.netty.channel.AbstractChannel$AnnotatedConnectException: syscall:getsockopt(..) failed: Connection refused: /127.0.0.1:6379
Caused by: io.netty.channel.unix.Errors$NativeConnectException: syscall:getsockopt(..) failed: Connection refused
</error>
  </testcase>
  <testcase name="size[String/Person/JDK]" classname="org.springframework.data.redis.core.DefaultReactiveListOperationsIntegrationTests" time="0.001">
    <error message="Unable to connect to Redis; nested exception is io.lettuce.core.RedisConnectionException: Unable to connect to 127.0.0.1:6379" type="org.springframework.data.redis.RedisConnectionFailureException">org.springframework.data.redis.RedisConnectionFailureException: Unable to connect to Redis; nested exception is io.lettuce.core.RedisConnectionException: Unable to connect to 127.0.0.1:6379
	at org.springframework.data.redis.core.DefaultReactiveListOperationsIntegrationTests.before(DefaultReactiveListOperationsIntegrationTests.java:85)
Caused by: io.lettuce.core.RedisConnectionException: Unable to connect to 127.0.0.1:6379
	at org.springframework.data.redis.core.DefaultReactiveListOperationsIntegrationTests.before(DefaultReactiveListOperationsIntegrationTests.java:85)
Caused by: io.netty.channel.AbstractChannel$AnnotatedConnectException: syscall:getsockopt(..) failed: Connection refused: /127.0.0.1:6379
Caused by: io.netty.channel.unix.Errors$NativeConnectException: syscall:getsockopt(..) failed: Connection refused
</error>
  </testcase>
  <testcase name="trim[String/Person/JDK]" classname="org.springframework.data.redis.core.DefaultReactiveListOperationsIntegrationTests" time="0.001">
    <error message="Unable to connect to Redis; nested exception is io.lettuce.core.RedisConnectionException: Unable to connect to 127.0.0.1:6379" type="org.springframework.data.redis.RedisConnectionFailureException">org.springframework.data.redis.RedisConnectionFailureException: Unable to connect to Redis; nested exception is io.lettuce.core.RedisConnectionException: Unable to connect to 127.0.0.1:6379
	at org.springframework.data.redis.core.DefaultReactiveListOperationsIntegrationTests.before(DefaultReactiveListOperationsIntegrationTests.java:85)
Caused by: io.lettuce.core.RedisConnectionException: Unable to connect to 127.0.0.1:6379
	at org.springframework.data.redis.core.DefaultReactiveListOperationsIntegrationTests.before(DefaultReactiveListOperationsIntegrationTests.java:85)
Caused by: io.netty.channel.AbstractChannel$AnnotatedConnectException: syscall:getsockopt(..) failed: Connection refused: /127.0.0.1:6379
Caused by: io.netty.channel.unix.Errors$NativeConnectException: syscall:getsockopt(..) failed: Connection refused
</error>
  </testcase>
  <testcase name="leftPop[String/Person/JDK]" classname="org.springframework.data.redis.core.DefaultReactiveListOperationsIntegrationTests" time="0.001">
    <error message="Unable to connect to Redis; nested exception is io.lettuce.core.RedisConnectionException: Unable to connect to 127.0.0.1:6379" type="org.springframework.data.redis.RedisConnectionFailureException">org.springframework.data.redis.RedisConnectionFailureException: Unable to connect to Redis; nested exception is io.lettuce.core.RedisConnectionException: Unable to connect to 127.0.0.1:6379
	at org.springframework.data.redis.core.DefaultReactiveListOperationsIntegrationTests.before(DefaultReactiveListOperationsIntegrationTests.java:85)
Caused by: io.lettuce.core.RedisConnectionException: Unable to connect to 127.0.0.1:6379
	at org.springframework.data.redis.core.DefaultReactiveListOperationsIntegrationTests.before(DefaultReactiveListOperationsIntegrationTests.java:85)
Caused by: io.netty.channel.AbstractChannel$AnnotatedConnectException: syscall:getsockopt(..) failed: Connection refused: /127.0.0.1:6379
Caused by: io.netty.channel.unix.Errors$NativeConnectException: syscall:getsockopt(..) failed: Connection refused
</error>
  </testcase>
  <testcase name="index[String/Person/JDK]" classname="org.springframework.data.redis.core.DefaultReactiveListOperationsIntegrationTests" time="0.001">
    <error message="Unable to connect to Redis; nested exception is io.lettuce.core.RedisConnectionException: Unable to connect to 127.0.0.1:6379" type="org.springframework.data.redis.RedisConnectionFailureException">org.springframework.data.redis.RedisConnectionFailureException: Unable to connect to Redis; nested exception is io.lettuce.core.RedisConnectionException: Unable to connect to 127.0.0.1:6379
	at org.springframework.data.redis.core.DefaultReactiveListOperationsIntegrationTests.before(DefaultReactiveListOperationsIntegrationTests.java:85)
Caused by: io.lettuce.core.RedisConnectionException: Unable to connect to 127.0.0.1:6379
	at org.springframework.data.redis.core.DefaultReactiveListOperationsIntegrationTests.before(DefaultReactiveListOperationsIntegrationTests.java:85)
Caused by: io.netty.channel.AbstractChannel$AnnotatedConnectException: syscall:getsockopt(..) failed: Connection refused: /127.0.0.1:6379
Caused by: io.netty.channel.unix.Errors$NativeConnectException: syscall:getsockopt(..) failed: Connection refused
</error>
  </testcase>
  <testcase name="leftPushWithPivot[String/Person/JDK]" classname="org.springframework.data.redis.core.DefaultReactiveListOperationsIntegrationTests" time="0.001">
    <error message="Unable to connect to Redis; nested exception is io.lettuce.core.RedisConnectionException: Unable to connect to 127.0.0.1:6379" type="org.springframework.data.redis.RedisConnectionFailureException">org.springframework.data.redis.RedisConnectionFailureException: Unable to connect to Redis; nested exception is io.lettuce.core.RedisConnectionException: Unable to connect to 127.0.0.1:6379
	at org.springframework.data.redis.core.DefaultReactiveListOperationsIntegrationTests.before(DefaultReactiveListOperationsIntegrationTests.java:85)
Caused by: io.lettuce.core.RedisConnectionException: Unable to connect to 127.0.0.1:6379
	at org.springframework.data.redis.core.DefaultReactiveListOperationsIntegrationTests.before(DefaultReactiveListOperationsIntegrationTests.java:85)
Caused by: io.netty.channel.AbstractChannel$AnnotatedConnectException: syscall:getsockopt(..) failed: Connection refused: /127.0.0.1:6379
Caused by: io.netty.channel.unix.Errors$NativeConnectException: syscall:getsockopt(..) failed: Connection refused
</error>
  </testcase>
  <testcase name="rightPushWithPivot[String/Person/JDK]" classname="org.springframework.data.redis.core.DefaultReactiveListOperationsIntegrationTests" time="0.001">
    <error message="Unable to connect to Redis; nested exception is io.lettuce.core.RedisConnectionException: Unable to connect to 127.0.0.1:6379" type="org.springframework.data.redis.RedisConnectionFailureException">org.springframework.data.redis.RedisConnectionFailureException: Unable to connect to Redis; nested exception is io.lettuce.core.RedisConnectionException: Unable to connect to 127.0.0.1:6379
	at org.springframework.data.redis.core.DefaultReactiveListOperationsIntegrationTests.before(DefaultReactiveListOperationsIntegrationTests.java:85)
Caused by: io.lettuce.core.RedisConnectionException: Unable to connect to 127.0.0.1:6379
	at org.springframework.data.redis.core.DefaultReactiveListOperationsIntegrationTests.before(DefaultReactiveListOperationsIntegrationTests.java:85)
Caused by: io.netty.channel.AbstractChannel$AnnotatedConnectException: syscall:getsockopt(..) failed: Connection refused: /127.0.0.1:6379
Caused by: io.netty.channel.unix.Errors$NativeConnectException: syscall:getsockopt(..) failed: Connection refused
</error>
  </testcase>
  <testcase name="rightPopAndLeftPushWithTimeout[String/Person/JDK]" classname="org.springframework.data.redis.core.DefaultReactiveListOperationsIntegrationTests" time="0">
    <error message="Unable to connect to Redis; nested exception is io.lettuce.core.RedisConnectionException: Unable to connect to 127.0.0.1:6379" type="org.springframework.data.redis.RedisConnectionFailureException">org.springframework.data.redis.RedisConnectionFailureException: Unable to connect to Redis; nested exception is io.lettuce.core.RedisConnectionException: Unable to connect to 127.0.0.1:6379
	at org.springframework.data.redis.core.DefaultReactiveListOperationsIntegrationTests.before(DefaultReactiveListOperationsIntegrationTests.java:85)
Caused by: io.lettuce.core.RedisConnectionException: Unable to connect to 127.0.0.1:6379
	at org.springframework.data.redis.core.DefaultReactiveListOperationsIntegrationTests.before(DefaultReactiveListOperationsIntegrationTests.java:85)
Caused by: io.netty.channel.AbstractChannel$AnnotatedConnectException: syscall:getsockopt(..) failed: Connection refused: /127.0.0.1:6379
Caused by: io.netty.channel.unix.Errors$NativeConnectException: syscall:getsockopt(..) failed: Connection refused
</error>
  </testcase>
  <testcase name="leftPopWithMillisecondTimeoutShouldFail[String/Person/JDK]" classname="org.springframework.data.redis.core.DefaultReactiveListOperationsIntegrationTests" time="0">
    <error message="Unable to connect to Redis; nested exception is io.lettuce.core.RedisConnectionException: Unable to connect to 127.0.0.1:6379" type="org.springframework.data.redis.RedisConnectionFailureException">org.springframework.data.redis.RedisConnectionFailureException: Unable to connect to Redis; nested exception is io.lettuce.core.RedisConnectionException: Unable to connect to 127.0.0.1:6379
	at org.springframework.data.redis.core.DefaultReactiveListOperationsIntegrationTests.before(DefaultReactiveListOperationsIntegrationTests.java:85)
Caused by: io.lettuce.core.RedisConnectionException: Unable to connect to 127.0.0.1:6379
	at org.springframework.data.redis.core.DefaultReactiveListOperationsIntegrationTests.before(DefaultReactiveListOperationsIntegrationTests.java:85)
Caused by: io.netty.channel.AbstractChannel$AnnotatedConnectException: syscall:getsockopt(..) failed: Connection refused: /127.0.0.1:6379
Caused by: io.netty.channel.unix.Errors$NativeConnectException: syscall:getsockopt(..) failed: Connection refused
</error>
  </testcase>
  <testcase name="leftPushIfPresent[String/Person/JDK]" classname="org.springframework.data.redis.core.DefaultReactiveListOperationsIntegrationTests" time="0.001">
    <error message="Unable to connect to Redis; nested exception is io.lettuce.core.RedisConnectionException: Unable to connect to 127.0.0.1:6379" type="org.springframework.data.redis.RedisConnectionFailureException">org.springframework.data.redis.RedisConnectionFailureException: Unable to connect to Redis; nested exception is io.lettuce.core.RedisConnectionException: Unable to connect to 127.0.0.1:6379
	at org.springframework.data.redis.core.DefaultReactiveListOperationsIntegrationTests.before(DefaultReactiveListOperationsIntegrationTests.java:85)
Caused by: io.lettuce.core.RedisConnectionException: Unable to connect to 127.0.0.1:6379
	at org.springframework.data.redis.core.DefaultReactiveListOperationsIntegrationTests.before(DefaultReactiveListOperationsIntegrationTests.java:85)
Caused by: io.netty.channel.AbstractChannel$AnnotatedConnectException: syscall:getsockopt(..) failed: Connection refused: /127.0.0.1:6379
Caused by: io.netty.channel.unix.Errors$NativeConnectException: syscall:getsockopt(..) failed: Connection refused
</error>
  </testcase>
  <testcase name="rightPushIfPresent[String/Person/JDK]" classname="org.springframework.data.redis.core.DefaultReactiveListOperationsIntegrationTests" time="0.001">
    <error message="Unable to connect to Redis; nested exception is io.lettuce.core.RedisConnectionException: Unable to connect to 127.0.0.1:6379" type="org.springframework.data.redis.RedisConnectionFailureException">org.springframework.data.redis.RedisConnectionFailureException: Unable to connect to Redis; nested exception is io.lettuce.core.RedisConnectionException: Unable to connect to 127.0.0.1:6379
	at org.springframework.data.redis.core.DefaultReactiveListOperationsIntegrationTests.before(DefaultReactiveListOperationsIntegrationTests.java:85)
Caused by: io.lettuce.core.RedisConnectionException: Unable to connect to 127.0.0.1:6379
	at org.springframework.data.redis.core.DefaultReactiveListOperationsIntegrationTests.before(DefaultReactiveListOperationsIntegrationTests.java:85)
Caused by: io.netty.channel.AbstractChannel$AnnotatedConnectException: syscall:getsockopt(..) failed: Connection refused: /127.0.0.1:6379
Caused by: io.netty.channel.unix.Errors$NativeConnectException: syscall:getsockopt(..) failed: Connection refused
</error>
  </testcase>
  <testcase name="leftPush[String/Person/JDK]" classname="org.springframework.data.redis.core.DefaultReactiveListOperationsIntegrationTests" time="0.001">
    <error message="Unable to connect to Redis; nested exception is io.lettuce.core.RedisConnectionException: Unable to connect to 127.0.0.1:6379" type="org.springframework.data.redis.RedisConnectionFailureException">org.springframework.data.redis.RedisConnectionFailureException: Unable to connect to Redis; nested exception is io.lettuce.core.RedisConnectionException: Unable to connect to 127.0.0.1:6379
	at org.springframework.data.redis.core.DefaultReactiveListOperationsIntegrationTests.before(DefaultReactiveListOperationsIntegrationTests.java:85)
Caused by: io.lettuce.core.RedisConnectionException: Unable to connect to 127.0.0.1:6379
	at org.springframework.data.redis.core.DefaultReactiveListOperationsIntegrationTests.before(DefaultReactiveListOperationsIntegrationTests.java:85)
Caused by: io.netty.channel.AbstractChannel$AnnotatedConnectException: syscall:getsockopt(..) failed: Connection refused: /127.0.0.1:6379
Caused by: io.netty.channel.unix.Errors$NativeConnectException: syscall:getsockopt(..) failed: Connection refused
</error>
  </testcase>
  <testcase name="rightPushAll[String/Person/JDK]" classname="org.springframework.data.redis.core.DefaultReactiveListOperationsIntegrationTests" time="0.001">
    <error message="Unable to connect to Redis; nested exception is io.lettuce.core.RedisConnectionException: Unable to connect to 127.0.0.1:6379" type="org.springframework.data.redis.RedisConnectionFailureException">org.springframework.data.redis.RedisConnectionFailureException: Unable to connect to Redis; nested exception is io.lettuce.core.RedisConnectionException: Unable to connect to 127.0.0.1:6379
	at org.springframework.data.redis.core.DefaultReactiveListOperationsIntegrationTests.before(DefaultReactiveListOperationsIntegrationTests.java:85)
Caused by: io.lettuce.core.RedisConnectionException: Unable to connect to 127.0.0.1:6379
	at org.springframework.data.redis.core.DefaultReactiveListOperationsIntegrationTests.before(DefaultReactiveListOperationsIntegrationTests.java:85)
Caused by: io.netty.channel.AbstractChannel$AnnotatedConnectException: syscall:getsockopt(..) failed: Connection refused: /127.0.0.1:6379
Caused by: io.netty.channel.unix.Errors$NativeConnectException: syscall:getsockopt(..) failed: Connection refused
</error>
  </testcase>
  <testcase name="rightPopAndLeftPush[String/Person/JDK]" classname="org.springframework.data.redis.core.DefaultReactiveListOperationsIntegrationTests" time="0.001">
    <error message="Unable to connect to Redis; nested exception is io.lettuce.core.RedisConnectionException: Unable to connect to 127.0.0.1:6379" type="org.springframework.data.redis.RedisConnectionFailureException">org.springframework.data.redis.RedisConnectionFailureException: Unable to connect to Redis; nested exception is io.lettuce.core.RedisConnectionException: Unable to connect to 127.0.0.1:6379
	at org.springframework.data.redis.core.DefaultReactiveListOperationsIntegrationTests.before(DefaultReactiveListOperationsIntegrationTests.java:85)
Caused by: io.lettuce.core.RedisConnectionException: Unable to connect to 127.0.0.1:6379
	at org.springframework.data.redis.core.DefaultReactiveListOperationsIntegrationTests.before(DefaultReactiveListOperationsIntegrationTests.java:85)
Caused by: io.netty.channel.AbstractChannel$AnnotatedConnectException: syscall:getsockopt(..) failed: Connection refused: /127.0.0.1:6379
Caused by: io.netty.channel.unix.Errors$NativeConnectException: syscall:getsockopt(..) failed: Connection refused
</error>
  </testcase>
  <testcase name="rightPush[String/OXM]" classname="org.springframework.data.redis.core.DefaultReactiveListOperationsIntegrationTests" time="0.001">
    <error message="Unable to connect to Redis; nested exception is io.lettuce.core.RedisConnectionException: Unable to connect to 127.0.0.1:6379" type="org.springframework.data.redis.RedisConnectionFailureException">org.springframework.data.redis.RedisConnectionFailureException: Unable to connect to Redis; nested exception is io.lettuce.core.RedisConnectionException: Unable to connect to 127.0.0.1:6379
	at org.springframework.data.redis.core.DefaultReactiveListOperationsIntegrationTests.before(DefaultReactiveListOperationsIntegrationTests.java:85)
Caused by: io.lettuce.core.RedisConnectionException: Unable to connect to 127.0.0.1:6379
	at org.springframework.data.redis.core.DefaultReactiveListOperationsIntegrationTests.before(DefaultReactiveListOperationsIntegrationTests.java:85)
Caused by: io.netty.channel.AbstractChannel$AnnotatedConnectException: syscall:getsockopt(..) failed: Connection refused: /127.0.0.1:6379
Caused by: io.netty.channel.unix.Errors$NativeConnectException: syscall:getsockopt(..) failed: Connection refused
</error>
  </testcase>
  <testcase name="rightPopWithTimeout[String/OXM]" classname="org.springframework.data.redis.core.DefaultReactiveListOperationsIntegrationTests" time="0.001">
    <error message="Unable to connect to Redis; nested exception is io.lettuce.core.RedisConnectionException: Unable to connect to 127.0.0.1:6379" type="org.springframework.data.redis.RedisConnectionFailureException">org.springframework.data.redis.RedisConnectionFailureException: Unable to connect to Redis; nested exception is io.lettuce.core.RedisConnectionException: Unable to connect to 127.0.0.1:6379
	at org.springframework.data.redis.core.DefaultReactiveListOperationsIntegrationTests.before(DefaultReactiveListOperationsIntegrationTests.java:85)
Caused by: io.lettuce.core.RedisConnectionException: Unable to connect to 127.0.0.1:6379
	at org.springframework.data.redis.core.DefaultReactiveListOperationsIntegrationTests.before(DefaultReactiveListOperationsIntegrationTests.java:85)
Caused by: io.netty.channel.AbstractChannel$AnnotatedConnectException: syscall:getsockopt(..) failed: Connection refused: /127.0.0.1:6379
Caused by: io.netty.channel.unix.Errors$NativeConnectException: syscall:getsockopt(..) failed: Connection refused
</error>
  </testcase>
  <testcase name="rightPop[String/OXM]" classname="org.springframework.data.redis.core.DefaultReactiveListOperationsIntegrationTests" time="0">
    <error message="Unable to connect to Redis; nested exception is io.lettuce.core.RedisConnectionException: Unable to connect to 127.0.0.1:6379" type="org.springframework.data.redis.RedisConnectionFailureException">org.springframework.data.redis.RedisConnectionFailureException: Unable to connect to Redis; nested exception is io.lettuce.core.RedisConnectionException: Unable to connect to 127.0.0.1:6379
	at org.springframework.data.redis.core.DefaultReactiveListOperationsIntegrationTests.before(DefaultReactiveListOperationsIntegrationTests.java:85)
Caused by: io.lettuce.core.RedisConnectionException: Unable to connect to 127.0.0.1:6379
	at org.springframework.data.redis.core.DefaultReactiveListOperationsIntegrationTests.before(DefaultReactiveListOperationsIntegrationTests.java:85)
Caused by: io.netty.channel.AbstractChannel$AnnotatedConnectException: syscall:getsockopt(..) failed: Connection refused: /127.0.0.1:6379
Caused by: io.netty.channel.unix.Errors$NativeConnectException: syscall:getsockopt(..) failed: Connection refused
</error>
  </testcase>
  <testcase name="leftPushAll[String/OXM]" classname="org.springframework.data.redis.core.DefaultReactiveListOperationsIntegrationTests" time="0">
    <error message="Unable to connect to Redis; nested exception is io.lettuce.core.RedisConnectionException: Unable to connect to 127.0.0.1:6379" type="org.springframework.data.redis.RedisConnectionFailureException">org.springframework.data.redis.RedisConnectionFailureException: Unable to connect to Redis; nested exception is io.lettuce.core.RedisConnectionException: Unable to connect to 127.0.0.1:6379
	at org.springframework.data.redis.core.DefaultReactiveListOperationsIntegrationTests.before(DefaultReactiveListOperationsIntegrationTests.java:85)
Caused by: io.lettuce.core.RedisConnectionException: Unable to connect to 127.0.0.1:6379
	at org.springframework.data.redis.core.DefaultReactiveListOperationsIntegrationTests.before(DefaultReactiveListOperationsIntegrationTests.java:85)
Caused by: io.netty.channel.AbstractChannel$AnnotatedConnectException: syscall:getsockopt(..) failed: Connection refused: /127.0.0.1:6379
Caused by: io.netty.channel.unix.Errors$NativeConnectException: syscall:getsockopt(..) failed: Connection refused
</error>
  </testcase>
  <testcase name="delete[String/OXM]" classname="org.springframework.data.redis.core.DefaultReactiveListOperationsIntegrationTests" time="0.001">
    <error message="Unable to connect to Redis; nested exception is io.lettuce.core.RedisConnectionException: Unable to connect to 127.0.0.1:6379" type="org.springframework.data.redis.RedisConnectionFailureException">org.springframework.data.redis.RedisConnectionFailureException: Unable to connect to Redis; nested exception is io.lettuce.core.RedisConnectionException: Unable to connect to 127.0.0.1:6379
	at org.springframework.data.redis.core.DefaultReactiveListOperationsIntegrationTests.before(DefaultReactiveListOperationsIntegrationTests.java:85)
Caused by: io.lettuce.core.RedisConnectionException: Unable to connect to 127.0.0.1:6379
	at org.springframework.data.redis.core.DefaultReactiveListOperationsIntegrationTests.before(DefaultReactiveListOperationsIntegrationTests.java:85)
Caused by: io.netty.channel.AbstractChannel$AnnotatedConnectException: syscall:getsockopt(..) failed: Connection refused: /127.0.0.1:6379
Caused by: io.netty.channel.unix.Errors$NativeConnectException: syscall:getsockopt(..) failed: Connection refused
</error>
  </testcase>
  <testcase name="remove[String/OXM]" classname="org.springframework.data.redis.core.DefaultReactiveListOperationsIntegrationTests" time="0.001">
    <error message="Unable to connect to Redis; nested exception is io.lettuce.core.RedisConnectionException: Unable to connect to 127.0.0.1:6379" type="org.springframework.data.redis.RedisConnectionFailureException">org.springframework.data.redis.RedisConnectionFailureException: Unable to connect to Redis; nested exception is io.lettuce.core.RedisConnectionException: Unable to connect to 127.0.0.1:6379
	at org.springframework.data.redis.core.DefaultReactiveListOperationsIntegrationTests.before(DefaultReactiveListOperationsIntegrationTests.java:85)
Caused by: io.lettuce.core.RedisConnectionException: Unable to connect to 127.0.0.1:6379
	at org.springframework.data.redis.core.DefaultReactiveListOperationsIntegrationTests.before(DefaultReactiveListOperationsIntegrationTests.java:85)
Caused by: io.netty.channel.AbstractChannel$AnnotatedConnectException: syscall:getsockopt(..) failed: Connection refused: /127.0.0.1:6379
Caused by: io.netty.channel.unix.Errors$NativeConnectException: syscall:getsockopt(..) failed: Connection refused
</error>
  </testcase>
  <testcase name="leftPopWithTimeout[String/OXM]" classname="org.springframework.data.redis.core.DefaultReactiveListOperationsIntegrationTests" time="0.001">
    <error message="Unable to connect to Redis; nested exception is io.lettuce.core.RedisConnectionException: Unable to connect to 127.0.0.1:6379" type="org.springframework.data.redis.RedisConnectionFailureException">org.springframework.data.redis.RedisConnectionFailureException: Unable to connect to Redis; nested exception is io.lettuce.core.RedisConnectionException: Unable to connect to 127.0.0.1:6379
	at org.springframework.data.redis.core.DefaultReactiveListOperationsIntegrationTests.before(DefaultReactiveListOperationsIntegrationTests.java:85)
Caused by: io.lettuce.core.RedisConnectionException: Unable to connect to 127.0.0.1:6379
	at org.springframework.data.redis.core.DefaultReactiveListOperationsIntegrationTests.before(DefaultReactiveListOperationsIntegrationTests.java:85)
Caused by: io.netty.channel.AbstractChannel$AnnotatedConnectException: syscall:getsockopt(..) failed: Connection refused: /127.0.0.1:6379
Caused by: io.netty.channel.unix.Errors$NativeConnectException: syscall:getsockopt(..) failed: Connection refused
</error>
  </testcase>
  <testcase name="set[String/OXM]" classname="org.springframework.data.redis.core.DefaultReactiveListOperationsIntegrationTests" time="0.001">
    <error message="Unable to connect to Redis; nested exception is io.lettuce.core.RedisConnectionException: Unable to connect to 127.0.0.1:6379" type="org.springframework.data.redis.RedisConnectionFailureException">org.springframework.data.redis.RedisConnectionFailureException: Unable to connect to Redis; nested exception is io.lettuce.core.RedisConnectionException: Unable to connect to 127.0.0.1:6379
	at org.springframework.data.redis.core.DefaultReactiveListOperationsIntegrationTests.before(DefaultReactiveListOperationsIntegrationTests.java:85)
Caused by: io.lettuce.core.RedisConnectionException: Unable to connect to 127.0.0.1:6379
	at org.springframework.data.redis.core.DefaultReactiveListOperationsIntegrationTests.before(DefaultReactiveListOperationsIntegrationTests.java:85)
Caused by: io.netty.channel.AbstractChannel$AnnotatedConnectException: syscall:getsockopt(..) failed: Connection refused: /127.0.0.1:6379
Caused by: io.netty.channel.unix.Errors$NativeConnectException: syscall:getsockopt(..) failed: Connection refused
</error>
  </testcase>
  <testcase name="size[String/OXM]" classname="org.springframework.data.redis.core.DefaultReactiveListOperationsIntegrationTests" time="0.001">
    <error message="Unable to connect to Redis; nested exception is io.lettuce.core.RedisConnectionException: Unable to connect to 127.0.0.1:6379" type="org.springframework.data.redis.RedisConnectionFailureException">org.springframework.data.redis.RedisConnectionFailureException: Unable to connect to Redis; nested exception is io.lettuce.core.RedisConnectionException: Unable to connect to 127.0.0.1:6379
	at org.springframework.data.redis.core.DefaultReactiveListOperationsIntegrationTests.before(DefaultReactiveListOperationsIntegrationTests.java:85)
Caused by: io.lettuce.core.RedisConnectionException: Unable to connect to 127.0.0.1:6379
	at org.springframework.data.redis.core.DefaultReactiveListOperationsIntegrationTests.before(DefaultReactiveListOperationsIntegrationTests.java:85)
Caused by: io.netty.channel.AbstractChannel$AnnotatedConnectException: syscall:getsockopt(..) failed: Connection refused: /127.0.0.1:6379
Caused by: io.netty.channel.unix.Errors$NativeConnectException: syscall:getsockopt(..) failed: Connection refused
</error>
  </testcase>
  <testcase name="trim[String/OXM]" classname="org.springframework.data.redis.core.DefaultReactiveListOperationsIntegrationTests" time="0.001">
    <error message="Unable to connect to Redis; nested exception is io.lettuce.core.RedisConnectionException: Unable to connect to 127.0.0.1:6379" type="org.springframework.data.redis.RedisConnectionFailureException">org.springframework.data.redis.RedisConnectionFailureException: Unable to connect to Redis; nested exception is io.lettuce.core.RedisConnectionException: Unable to connect to 127.0.0.1:6379
	at org.springframework.data.redis.core.DefaultReactiveListOperationsIntegrationTests.before(DefaultReactiveListOperationsIntegrationTests.java:85)
Caused by: io.lettuce.core.RedisConnectionException: Unable to connect to 127.0.0.1:6379
	at org.springframework.data.redis.core.DefaultReactiveListOperationsIntegrationTests.before(DefaultReactiveListOperationsIntegrationTests.java:85)
Caused by: io.netty.channel.AbstractChannel$AnnotatedConnectException: syscall:getsockopt(..) failed: Connection refused: /127.0.0.1:6379
Caused by: io.netty.channel.unix.Errors$NativeConnectException: syscall:getsockopt(..) failed: Connection refused
</error>
  </testcase>
  <testcase name="leftPop[String/OXM]" classname="org.springframework.data.redis.core.DefaultReactiveListOperationsIntegrationTests" time="0">
    <error message="Unable to connect to Redis; nested exception is io.lettuce.core.RedisConnectionException: Unable to connect to 127.0.0.1:6379" type="org.springframework.data.redis.RedisConnectionFailureException">org.springframework.data.redis.RedisConnectionFailureException: Unable to connect to Redis; nested exception is io.lettuce.core.RedisConnectionException: Unable to connect to 127.0.0.1:6379
	at org.springframework.data.redis.core.DefaultReactiveListOperationsIntegrationTests.before(DefaultReactiveListOperationsIntegrationTests.java:85)
Caused by: io.lettuce.core.RedisConnectionException: Unable to connect to 127.0.0.1:6379
	at org.springframework.data.redis.core.DefaultReactiveListOperationsIntegrationTests.before(DefaultReactiveListOperationsIntegrationTests.java:85)
Caused by: io.netty.channel.AbstractChannel$AnnotatedConnectException: syscall:getsockopt(..) failed: Connection refused: /127.0.0.1:6379
Caused by: io.netty.channel.unix.Errors$NativeConnectException: syscall:getsockopt(..) failed: Connection refused
</error>
  </testcase>
  <testcase name="index[String/OXM]" classname="org.springframework.data.redis.core.DefaultReactiveListOperationsIntegrationTests" time="0">
    <error message="Unable to connect to Redis; nested exception is io.lettuce.core.RedisConnectionException: Unable to connect to 127.0.0.1:6379" type="org.springframework.data.redis.RedisConnectionFailureException">org.springframework.data.redis.RedisConnectionFailureException: Unable to connect to Redis; nested exception is io.lettuce.core.RedisConnectionException: Unable to connect to 127.0.0.1:6379
	at org.springframework.data.redis.core.DefaultReactiveListOperationsIntegrationTests.before(DefaultReactiveListOperationsIntegrationTests.java:85)
Caused by: io.lettuce.core.RedisConnectionException: Unable to connect to 127.0.0.1:6379
	at org.springframework.data.redis.core.DefaultReactiveListOperationsIntegrationTests.before(DefaultReactiveListOperationsIntegrationTests.java:85)
Caused by: io.netty.channel.AbstractChannel$AnnotatedConnectException: syscall:getsockopt(..) failed: Connection refused: /127.0.0.1:6379
Caused by: io.netty.channel.unix.Errors$NativeConnectException: syscall:getsockopt(..) failed: Connection refused
</error>
  </testcase>
  <testcase name="leftPushWithPivot[String/OXM]" classname="org.springframework.data.redis.core.DefaultReactiveListOperationsIntegrationTests" time="0.001">
    <error message="Unable to connect to Redis; nested exception is io.lettuce.core.RedisConnectionException: Unable to connect to 127.0.0.1:6379" type="org.springframework.data.redis.RedisConnectionFailureException">org.springframework.data.redis.RedisConnectionFailureException: Unable to connect to Redis; nested exception is io.lettuce.core.RedisConnectionException: Unable to connect to 127.0.0.1:6379
	at org.springframework.data.redis.core.DefaultReactiveListOperationsIntegrationTests.before(DefaultReactiveListOperationsIntegrationTests.java:85)
Caused by: io.lettuce.core.RedisConnectionException: Unable to connect to 127.0.0.1:6379
	at org.springframework.data.redis.core.DefaultReactiveListOperationsIntegrationTests.before(DefaultReactiveListOperationsIntegrationTests.java:85)
Caused by: io.netty.channel.AbstractChannel$AnnotatedConnectException: syscall:getsockopt(..) failed: Connection refused: /127.0.0.1:6379
Caused by: io.netty.channel.unix.Errors$NativeConnectException: syscall:getsockopt(..) failed: Connection refused
</error>
  </testcase>
  <testcase name="rightPushWithPivot[String/OXM]" classname="org.springframework.data.redis.core.DefaultReactiveListOperationsIntegrationTests" time="0.001">
    <error message="Unable to connect to Redis; nested exception is io.lettuce.core.RedisConnectionException: Unable to connect to 127.0.0.1:6379" type="org.springframework.data.redis.RedisConnectionFailureException">org.springframework.data.redis.RedisConnectionFailureException: Unable to connect to Redis; nested exception is io.lettuce.core.RedisConnectionException: Unable to connect to 127.0.0.1:6379
	at org.springframework.data.redis.core.DefaultReactiveListOperationsIntegrationTests.before(DefaultReactiveListOperationsIntegrationTests.java:85)
Caused by: io.lettuce.core.RedisConnectionException: Unable to connect to 127.0.0.1:6379
	at org.springframework.data.redis.core.DefaultReactiveListOperationsIntegrationTests.before(DefaultReactiveListOperationsIntegrationTests.java:85)
Caused by: io.netty.channel.AbstractChannel$AnnotatedConnectException: syscall:getsockopt(..) failed: Connection refused: /127.0.0.1:6379
Caused by: io.netty.channel.unix.Errors$NativeConnectException: syscall:getsockopt(..) failed: Connection refused
</error>
  </testcase>
  <testcase name="rightPopAndLeftPushWithTimeout[String/OXM]" classname="org.springframework.data.redis.core.DefaultReactiveListOperationsIntegrationTests" time="0.001">
    <error message="Unable to connect to Redis; nested exception is io.lettuce.core.RedisConnectionException: Unable to connect to 127.0.0.1:6379" type="org.springframework.data.redis.RedisConnectionFailureException">org.springframework.data.redis.RedisConnectionFailureException: Unable to connect to Redis; nested exception is io.lettuce.core.RedisConnectionException: Unable to connect to 127.0.0.1:6379
	at org.springframework.data.redis.core.DefaultReactiveListOperationsIntegrationTests.before(DefaultReactiveListOperationsIntegrationTests.java:85)
Caused by: io.lettuce.core.RedisConnectionException: Unable to connect to 127.0.0.1:6379
	at org.springframework.data.redis.core.DefaultReactiveListOperationsIntegrationTests.before(DefaultReactiveListOperationsIntegrationTests.java:85)
Caused by: io.netty.channel.AbstractChannel$AnnotatedConnectException: syscall:getsockopt(..) failed: Connection refused: /127.0.0.1:6379
Caused by: io.netty.channel.unix.Errors$NativeConnectException: syscall:getsockopt(..) failed: Connection refused
</error>
  </testcase>
  <testcase name="leftPopWithMillisecondTimeoutShouldFail[String/OXM]" classname="org.springframework.data.redis.core.DefaultReactiveListOperationsIntegrationTests" time="0.001">
    <error message="Unable to connect to Redis; nested exception is io.lettuce.core.RedisConnectionException: Unable to connect to 127.0.0.1:6379" type="org.springframework.data.redis.RedisConnectionFailureException">org.springframework.data.redis.RedisConnectionFailureException: Unable to connect to Redis; nested exception is io.lettuce.core.RedisConnectionException: Unable to connect to 127.0.0.1:6379
	at org.springframework.data.redis.core.DefaultReactiveListOperationsIntegrationTests.before(DefaultReactiveListOperationsIntegrationTests.java:85)
Caused by: io.lettuce.core.RedisConnectionException: Unable to connect to 127.0.0.1:6379
	at org.springframework.data.redis.core.DefaultReactiveListOperationsIntegrationTests.before(DefaultReactiveListOperationsIntegrationTests.java:85)
Caused by: io.netty.channel.AbstractChannel$AnnotatedConnectException: syscall:getsockopt(..) failed: Connection refused: /127.0.0.1:6379
Caused by: io.netty.channel.unix.Errors$NativeConnectException: syscall:getsockopt(..) failed: Connection refused
</error>
  </testcase>
  <testcase name="leftPushIfPresent[String/OXM]" classname="org.springframework.data.redis.core.DefaultReactiveListOperationsIntegrationTests" time="0.001">
    <error message="Unable to connect to Redis; nested exception is io.lettuce.core.RedisConnectionException: Unable to connect to 127.0.0.1:6379" type="org.springframework.data.redis.RedisConnectionFailureException">org.springframework.data.redis.RedisConnectionFailureException: Unable to connect to Redis; nested exception is io.lettuce.core.RedisConnectionException: Unable to connect to 127.0.0.1:6379
	at org.springframework.data.redis.core.DefaultReactiveListOperationsIntegrationTests.before(DefaultReactiveListOperationsIntegrationTests.java:85)
Caused by: io.lettuce.core.RedisConnectionException: Unable to connect to 127.0.0.1:6379
	at org.springframework.data.redis.core.DefaultReactiveListOperationsIntegrationTests.before(DefaultReactiveListOperationsIntegrationTests.java:85)
Caused by: io.netty.channel.AbstractChannel$AnnotatedConnectException: syscall:getsockopt(..) failed: Connection refused: /127.0.0.1:6379
Caused by: io.netty.channel.unix.Errors$NativeConnectException: syscall:getsockopt(..) failed: Connection refused
</error>
  </testcase>
  <testcase name="rightPushIfPresent[String/OXM]" classname="org.springframework.data.redis.core.DefaultReactiveListOperationsIntegrationTests" time="0.001">
    <error message="Unable to connect to Redis; nested exception is io.lettuce.core.RedisConnectionException: Unable to connect to 127.0.0.1:6379" type="org.springframework.data.redis.RedisConnectionFailureException">org.springframework.data.redis.RedisConnectionFailureException: Unable to connect to Redis; nested exception is io.lettuce.core.RedisConnectionException: Unable to connect to 127.0.0.1:6379
	at org.springframework.data.redis.core.DefaultReactiveListOperationsIntegrationTests.before(DefaultReactiveListOperationsIntegrationTests.java:85)
Caused by: io.lettuce.core.RedisConnectionException: Unable to connect to 127.0.0.1:6379
	at org.springframework.data.redis.core.DefaultReactiveListOperationsIntegrationTests.before(DefaultReactiveListOperationsIntegrationTests.java:85)
Caused by: io.netty.channel.AbstractChannel$AnnotatedConnectException: syscall:getsockopt(..) failed: Connection refused: /127.0.0.1:6379
Caused by: io.netty.channel.unix.Errors$NativeConnectException: syscall:getsockopt(..) failed: Connection refused
</error>
  </testcase>
  <testcase name="leftPush[String/OXM]" classname="org.springframework.data.redis.core.DefaultReactiveListOperationsIntegrationTests" time="0.001">
    <error message="Unable to connect to Redis; nested exception is io.lettuce.core.RedisConnectionException: Unable to connect to 127.0.0.1:6379" type="org.springframework.data.redis.RedisConnectionFailureException">org.springframework.data.redis.RedisConnectionFailureException: Unable to connect to Redis; nested exception is io.lettuce.core.RedisConnectionException: Unable to connect to 127.0.0.1:6379
	at org.springframework.data.redis.core.DefaultReactiveListOperationsIntegrationTests.before(DefaultReactiveListOperationsIntegrationTests.java:85)
Caused by: io.lettuce.core.RedisConnectionException: Unable to connect to 127.0.0.1:6379
	at org.springframework.data.redis.core.DefaultReactiveListOperationsIntegrationTests.before(DefaultReactiveListOperationsIntegrationTests.java:85)
Caused by: io.netty.channel.AbstractChannel$AnnotatedConnectException: syscall:getsockopt(..) failed: Connection refused: /127.0.0.1:6379
Caused by: io.netty.channel.unix.Errors$NativeConnectException: syscall:getsockopt(..) failed: Connection refused
</error>
  </testcase>
  <testcase name="rightPushAll[String/OXM]" classname="org.springframework.data.redis.core.DefaultReactiveListOperationsIntegrationTests" time="0.001">
    <error message="Unable to connect to Redis; nested exception is io.lettuce.core.RedisConnectionException: Unable to connect to 127.0.0.1:6379" type="org.springframework.data.redis.RedisConnectionFailureException">org.springframework.data.redis.RedisConnectionFailureException: Unable to connect to Redis; nested exception is io.lettuce.core.RedisConnectionException: Unable to connect to 127.0.0.1:6379
	at org.springframework.data.redis.core.DefaultReactiveListOperationsIntegrationTests.before(DefaultReactiveListOperationsIntegrationTests.java:85)
Caused by: io.lettuce.core.RedisConnectionException: Unable to connect to 127.0.0.1:6379
	at org.springframework.data.redis.core.DefaultReactiveListOperationsIntegrationTests.before(DefaultReactiveListOperationsIntegrationTests.java:85)
Caused by: io.netty.channel.AbstractChannel$AnnotatedConnectException: syscall:getsockopt(..) failed: Connection refused: /127.0.0.1:6379
Caused by: io.netty.channel.unix.Errors$NativeConnectException: syscall:getsockopt(..) failed: Connection refused
</error>
  </testcase>
  <testcase name="rightPopAndLeftPush[String/OXM]" classname="org.springframework.data.redis.core.DefaultReactiveListOperationsIntegrationTests" time="0.001">
    <error message="Unable to connect to Redis; nested exception is io.lettuce.core.RedisConnectionException: Unable to connect to 127.0.0.1:6379" type="org.springframework.data.redis.RedisConnectionFailureException">org.springframework.data.redis.RedisConnectionFailureException: Unable to connect to Redis; nested exception is io.lettuce.core.RedisConnectionException: Unable to connect to 127.0.0.1:6379
	at org.springframework.data.redis.core.DefaultReactiveListOperationsIntegrationTests.before(DefaultReactiveListOperationsIntegrationTests.java:85)
Caused by: io.lettuce.core.RedisConnectionException: Unable to connect to 127.0.0.1:6379
	at org.springframework.data.redis.core.DefaultReactiveListOperationsIntegrationTests.before(DefaultReactiveListOperationsIntegrationTests.java:85)
Caused by: io.netty.channel.AbstractChannel$AnnotatedConnectException: syscall:getsockopt(..) failed: Connection refused: /127.0.0.1:6379
Caused by: io.netty.channel.unix.Errors$NativeConnectException: syscall:getsockopt(..) failed: Connection refused
</error>
  </testcase>
  <testcase name="rightPush[String/Person/OXM]" classname="org.springframework.data.redis.core.DefaultReactiveListOperationsIntegrationTests" time="0.001">
    <error message="Unable to connect to Redis; nested exception is io.lettuce.core.RedisConnectionException: Unable to connect to 127.0.0.1:6379" type="org.springframework.data.redis.RedisConnectionFailureException">org.springframework.data.redis.RedisConnectionFailureException: Unable to connect to Redis; nested exception is io.lettuce.core.RedisConnectionException: Unable to connect to 127.0.0.1:6379
	at org.springframework.data.redis.core.DefaultReactiveListOperationsIntegrationTests.before(DefaultReactiveListOperationsIntegrationTests.java:85)
Caused by: io.lettuce.core.RedisConnectionException: Unable to connect to 127.0.0.1:6379
	at org.springframework.data.redis.core.DefaultReactiveListOperationsIntegrationTests.before(DefaultReactiveListOperationsIntegrationTests.java:85)
Caused by: io.netty.channel.AbstractChannel$AnnotatedConnectException: syscall:getsockopt(..) failed: Connection refused: /127.0.0.1:6379
Caused by: io.netty.channel.unix.Errors$NativeConnectException: syscall:getsockopt(..) failed: Connection refused
</error>
  </testcase>
  <testcase name="rightPopWithTimeout[String/Person/OXM]" classname="org.springframework.data.redis.core.DefaultReactiveListOperationsIntegrationTests" time="0.001">
    <error message="Unable to connect to Redis; nested exception is io.lettuce.core.RedisConnectionException: Unable to connect to 127.0.0.1:6379" type="org.springframework.data.redis.RedisConnectionFailureException">org.springframework.data.redis.RedisConnectionFailureException: Unable to connect to Redis; nested exception is io.lettuce.core.RedisConnectionException: Unable to connect to 127.0.0.1:6379
	at org.springframework.data.redis.core.DefaultReactiveListOperationsIntegrationTests.before(DefaultReactiveListOperationsIntegrationTests.java:85)
Caused by: io.lettuce.core.RedisConnectionException: Unable to connect to 127.0.0.1:6379
	at org.springframework.data.redis.core.DefaultReactiveListOperationsIntegrationTests.before(DefaultReactiveListOperationsIntegrationTests.java:85)
Caused by: io.netty.channel.AbstractChannel$AnnotatedConnectException: syscall:getsockopt(..) failed: Connection refused: /127.0.0.1:6379
Caused by: io.netty.channel.unix.Errors$NativeConnectException: syscall:getsockopt(..) failed: Connection refused
</error>
  </testcase>
  <testcase name="rightPop[String/Person/OXM]" classname="org.springframework.data.redis.core.DefaultReactiveListOperationsIntegrationTests" time="0.001">
    <error message="Unable to connect to Redis; nested exception is io.lettuce.core.RedisConnectionException: Unable to connect to 127.0.0.1:6379" type="org.springframework.data.redis.RedisConnectionFailureException">org.springframework.data.redis.RedisConnectionFailureException: Unable to connect to Redis; nested exception is io.lettuce.core.RedisConnectionException: Unable to connect to 127.0.0.1:6379
	at org.springframework.data.redis.core.DefaultReactiveListOperationsIntegrationTests.before(DefaultReactiveListOperationsIntegrationTests.java:85)
Caused by: io.lettuce.core.RedisConnectionException: Unable to connect to 127.0.0.1:6379
	at org.springframework.data.redis.core.DefaultReactiveListOperationsIntegrationTests.before(DefaultReactiveListOperationsIntegrationTests.java:85)
Caused by: io.netty.channel.AbstractChannel$AnnotatedConnectException: syscall:getsockopt(..) failed: Connection refused: /127.0.0.1:6379
Caused by: io.netty.channel.unix.Errors$NativeConnectException: syscall:getsockopt(..) failed: Connection refused
</error>
  </testcase>
  <testcase name="leftPushAll[String/Person/OXM]" classname="org.springframework.data.redis.core.DefaultReactiveListOperationsIntegrationTests" time="0.001">
    <error message="Unable to connect to Redis; nested exception is io.lettuce.core.RedisConnectionException: Unable to connect to 127.0.0.1:6379" type="org.springframework.data.redis.RedisConnectionFailureException">org.springframework.data.redis.RedisConnectionFailureException: Unable to connect to Redis; nested exception is io.lettuce.core.RedisConnectionException: Unable to connect to 127.0.0.1:6379
	at org.springframework.data.redis.core.DefaultReactiveListOperationsIntegrationTests.before(DefaultReactiveListOperationsIntegrationTests.java:85)
Caused by: io.lettuce.core.RedisConnectionException: Unable to connect to 127.0.0.1:6379
	at org.springframework.data.redis.core.DefaultReactiveListOperationsIntegrationTests.before(DefaultReactiveListOperationsIntegrationTests.java:85)
Caused by: io.netty.channel.AbstractChannel$AnnotatedConnectException: syscall:getsockopt(..) failed: Connection refused: /127.0.0.1:6379
Caused by: io.netty.channel.unix.Errors$NativeConnectException: syscall:getsockopt(..) failed: Connection refused
</error>
  </testcase>
  <testcase name="delete[String/Person/OXM]" classname="org.springframework.data.redis.core.DefaultReactiveListOperationsIntegrationTests" time="0.001">
    <error message="Unable to connect to Redis; nested exception is io.lettuce.core.RedisConnectionException: Unable to connect to 127.0.0.1:6379" type="org.springframework.data.redis.RedisConnectionFailureException">org.springframework.data.redis.RedisConnectionFailureException: Unable to connect to Redis; nested exception is io.lettuce.core.RedisConnectionException: Unable to connect to 127.0.0.1:6379
	at org.springframework.data.redis.core.DefaultReactiveListOperationsIntegrationTests.before(DefaultReactiveListOperationsIntegrationTests.java:85)
Caused by: io.lettuce.core.RedisConnectionException: Unable to connect to 127.0.0.1:6379
	at org.springframework.data.redis.core.DefaultReactiveListOperationsIntegrationTests.before(DefaultReactiveListOperationsIntegrationTests.java:85)
Caused by: io.netty.channel.AbstractChannel$AnnotatedConnectException: syscall:getsockopt(..) failed: Connection refused: /127.0.0.1:6379
Caused by: io.netty.channel.unix.Errors$NativeConnectException: syscall:getsockopt(..) failed: Connection refused
</error>
  </testcase>
  <testcase name="remove[String/Person/OXM]" classname="org.springframework.data.redis.core.DefaultReactiveListOperationsIntegrationTests" time="0.001">
    <error message="Unable to connect to Redis; nested exception is io.lettuce.core.RedisConnectionException: Unable to connect to 127.0.0.1:6379" type="org.springframework.data.redis.RedisConnectionFailureException">org.springframework.data.redis.RedisConnectionFailureException: Unable to connect to Redis; nested exception is io.lettuce.core.RedisConnectionException: Unable to connect to 127.0.0.1:6379
	at org.springframework.data.redis.core.DefaultReactiveListOperationsIntegrationTests.before(DefaultReactiveListOperationsIntegrationTests.java:85)
Caused by: io.lettuce.core.RedisConnectionException: Unable to connect to 127.0.0.1:6379
	at org.springframework.data.redis.core.DefaultReactiveListOperationsIntegrationTests.before(DefaultReactiveListOperationsIntegrationTests.java:85)
Caused by: io.netty.channel.AbstractChannel$AnnotatedConnectException: syscall:getsockopt(..) failed: Connection refused: /127.0.0.1:6379
Caused by: io.netty.channel.unix.Errors$NativeConnectException: syscall:getsockopt(..) failed: Connection refused
</error>
  </testcase>
  <testcase name="leftPopWithTimeout[String/Person/OXM]" classname="org.springframework.data.redis.core.DefaultReactiveListOperationsIntegrationTests" time="0.002">
    <error message="Unable to connect to Redis; nested exception is io.lettuce.core.RedisConnectionException: Unable to connect to 127.0.0.1:6379" type="org.springframework.data.redis.RedisConnectionFailureException">org.springframework.data.redis.RedisConnectionFailureException: Unable to connect to Redis; nested exception is io.lettuce.core.RedisConnectionException: Unable to connect to 127.0.0.1:6379
	at org.springframework.data.redis.core.DefaultReactiveListOperationsIntegrationTests.before(DefaultReactiveListOperationsIntegrationTests.java:85)
Caused by: io.lettuce.core.RedisConnectionException: Unable to connect to 127.0.0.1:6379
	at org.springframework.data.redis.core.DefaultReactiveListOperationsIntegrationTests.before(DefaultReactiveListOperationsIntegrationTests.java:85)
Caused by: io.netty.channel.AbstractChannel$AnnotatedConnectException: syscall:getsockopt(..) failed: Connection refused: /127.0.0.1:6379
Caused by: io.netty.channel.unix.Errors$NativeConnectException: syscall:getsockopt(..) failed: Connection refused
</error>
  </testcase>
  <testcase name="set[String/Person/OXM]" classname="org.springframework.data.redis.core.DefaultReactiveListOperationsIntegrationTests" time="0.002">
    <error message="Unable to connect to Redis; nested exception is io.lettuce.core.RedisConnectionException: Unable to connect to 127.0.0.1:6379" type="org.springframework.data.redis.RedisConnectionFailureException">org.springframework.data.redis.RedisConnectionFailureException: Unable to connect to Redis; nested exception is io.lettuce.core.RedisConnectionException: Unable to connect to 127.0.0.1:6379
	at org.springframework.data.redis.core.DefaultReactiveListOperationsIntegrationTests.before(DefaultReactiveListOperationsIntegrationTests.java:85)
Caused by: io.lettuce.core.RedisConnectionException: Unable to connect to 127.0.0.1:6379
	at org.springframework.data.redis.core.DefaultReactiveListOperationsIntegrationTests.before(DefaultReactiveListOperationsIntegrationTests.java:85)
Caused by: io.netty.channel.AbstractChannel$AnnotatedConnectException: syscall:getsockopt(..) failed: Connection refused: /127.0.0.1:6379
Caused by: io.netty.channel.unix.Errors$NativeConnectException: syscall:getsockopt(..) failed: Connection refused
</error>
  </testcase>
  <testcase name="size[String/Person/OXM]" classname="org.springframework.data.redis.core.DefaultReactiveListOperationsIntegrationTests" time="0.002">
    <error message="Unable to connect to Redis; nested exception is io.lettuce.core.RedisConnectionException: Unable to connect to 127.0.0.1:6379" type="org.springframework.data.redis.RedisConnectionFailureException">org.springframework.data.redis.RedisConnectionFailureException: Unable to connect to Redis; nested exception is io.lettuce.core.RedisConnectionException: Unable to connect to 127.0.0.1:6379
	at org.springframework.data.redis.core.DefaultReactiveListOperationsIntegrationTests.before(DefaultReactiveListOperationsIntegrationTests.java:85)
Caused by: io.lettuce.core.RedisConnectionException: Unable to connect to 127.0.0.1:6379
	at org.springframework.data.redis.core.DefaultReactiveListOperationsIntegrationTests.before(DefaultReactiveListOperationsIntegrationTests.java:85)
Caused by: io.netty.channel.AbstractChannel$AnnotatedConnectException: syscall:getsockopt(..) failed: Connection refused: /127.0.0.1:6379
Caused by: io.netty.channel.unix.Errors$NativeConnectException: syscall:getsockopt(..) failed: Connection refused
</error>
  </testcase>
  <testcase name="trim[String/Person/OXM]" classname="org.springframework.data.redis.core.DefaultReactiveListOperationsIntegrationTests" time="0.002">
    <error message="Unable to connect to Redis; nested exception is io.lettuce.core.RedisConnectionException: Unable to connect to 127.0.0.1:6379" type="org.springframework.data.redis.RedisConnectionFailureException">org.springframework.data.redis.RedisConnectionFailureException: Unable to connect to Redis; nested exception is io.lettuce.core.RedisConnectionException: Unable to connect to 127.0.0.1:6379
	at org.springframework.data.redis.core.DefaultReactiveListOperationsIntegrationTests.before(DefaultReactiveListOperationsIntegrationTests.java:85)
Caused by: io.lettuce.core.RedisConnectionException: Unable to connect to 127.0.0.1:6379
	at org.springframework.data.redis.core.DefaultReactiveListOperationsIntegrationTests.before(DefaultReactiveListOperationsIntegrationTests.java:85)
Caused by: io.netty.channel.AbstractChannel$AnnotatedConnectException: syscall:getsockopt(..) failed: Connection refused: /127.0.0.1:6379
Caused by: io.netty.channel.unix.Errors$NativeConnectException: syscall:getsockopt(..) failed: Connection refused
</error>
  </testcase>
  <testcase name="leftPop[String/Person/OXM]" classname="org.springframework.data.redis.core.DefaultReactiveListOperationsIntegrationTests" time="0.001">
    <error message="Unable to connect to Redis; nested exception is io.lettuce.core.RedisConnectionException: Unable to connect to 127.0.0.1:6379" type="org.springframework.data.redis.RedisConnectionFailureException">org.springframework.data.redis.RedisConnectionFailureException: Unable to connect to Redis; nested exception is io.lettuce.core.RedisConnectionException: Unable to connect to 127.0.0.1:6379
	at org.springframework.data.redis.core.DefaultReactiveListOperationsIntegrationTests.before(DefaultReactiveListOperationsIntegrationTests.java:85)
Caused by: io.lettuce.core.RedisConnectionException: Unable to connect to 127.0.0.1:6379
	at org.springframework.data.redis.core.DefaultReactiveListOperationsIntegrationTests.before(DefaultReactiveListOperationsIntegrationTests.java:85)
Caused by: io.netty.channel.AbstractChannel$AnnotatedConnectException: syscall:getsockopt(..) failed: Connection refused: /127.0.0.1:6379
Caused by: io.netty.channel.unix.Errors$NativeConnectException: syscall:getsockopt(..) failed: Connection refused
</error>
  </testcase>
  <testcase name="index[String/Person/OXM]" classname="org.springframework.data.redis.core.DefaultReactiveListOperationsIntegrationTests" time="0.001">
    <error message="Unable to connect to Redis; nested exception is io.lettuce.core.RedisConnectionException: Unable to connect to 127.0.0.1:6379" type="org.springframework.data.redis.RedisConnectionFailureException">org.springframework.data.redis.RedisConnectionFailureException: Unable to connect to Redis; nested exception is io.lettuce.core.RedisConnectionException: Unable to connect to 127.0.0.1:6379
	at org.springframework.data.redis.core.DefaultReactiveListOperationsIntegrationTests.before(DefaultReactiveListOperationsIntegrationTests.java:85)
Caused by: io.lettuce.core.RedisConnectionException: Unable to connect to 127.0.0.1:6379
	at org.springframework.data.redis.core.DefaultReactiveListOperationsIntegrationTests.before(DefaultReactiveListOperationsIntegrationTests.java:85)
Caused by: io.netty.channel.AbstractChannel$AnnotatedConnectException: syscall:getsockopt(..) failed: Connection refused: /127.0.0.1:6379
Caused by: io.netty.channel.unix.Errors$NativeConnectException: syscall:getsockopt(..) failed: Connection refused
</error>
  </testcase>
  <testcase name="leftPushWithPivot[String/Person/OXM]" classname="org.springframework.data.redis.core.DefaultReactiveListOperationsIntegrationTests" time="0.001">
    <error message="Unable to connect to Redis; nested exception is io.lettuce.core.RedisConnectionException: Unable to connect to 127.0.0.1:6379" type="org.springframework.data.redis.RedisConnectionFailureException">org.springframework.data.redis.RedisConnectionFailureException: Unable to connect to Redis; nested exception is io.lettuce.core.RedisConnectionException: Unable to connect to 127.0.0.1:6379
	at org.springframework.data.redis.core.DefaultReactiveListOperationsIntegrationTests.before(DefaultReactiveListOperationsIntegrationTests.java:85)
Caused by: io.lettuce.core.RedisConnectionException: Unable to connect to 127.0.0.1:6379
	at org.springframework.data.redis.core.DefaultReactiveListOperationsIntegrationTests.before(DefaultReactiveListOperationsIntegrationTests.java:85)
Caused by: io.netty.channel.AbstractChannel$AnnotatedConnectException: syscall:getsockopt(..) failed: Connection refused: /127.0.0.1:6379
Caused by: io.netty.channel.unix.Errors$NativeConnectException: syscall:getsockopt(..) failed: Connection refused
</error>
  </testcase>
  <testcase name="rightPushWithPivot[String/Person/OXM]" classname="org.springframework.data.redis.core.DefaultReactiveListOperationsIntegrationTests" time="0.001">
    <error message="Unable to connect to Redis; nested exception is io.lettuce.core.RedisConnectionException: Unable to connect to 127.0.0.1:6379" type="org.springframework.data.redis.RedisConnectionFailureException">org.springframework.data.redis.RedisConnectionFailureException: Unable to connect to Redis; nested exception is io.lettuce.core.RedisConnectionException: Unable to connect to 127.0.0.1:6379
	at org.springframework.data.redis.core.DefaultReactiveListOperationsIntegrationTests.before(DefaultReactiveListOperationsIntegrationTests.java:85)
Caused by: io.lettuce.core.RedisConnectionException: Unable to connect to 127.0.0.1:6379
	at org.springframework.data.redis.core.DefaultReactiveListOperationsIntegrationTests.before(DefaultReactiveListOperationsIntegrationTests.java:85)
Caused by: io.netty.channel.AbstractChannel$AnnotatedConnectException: syscall:getsockopt(..) failed: Connection refused: /127.0.0.1:6379
Caused by: io.netty.channel.unix.Errors$NativeConnectException: syscall:getsockopt(..) failed: Connection refused
</error>
  </testcase>
  <testcase name="rightPopAndLeftPushWithTimeout[String/Person/OXM]" classname="org.springframework.data.redis.core.DefaultReactiveListOperationsIntegrationTests" time="0.001">
    <error message="Unable to connect to Redis; nested exception is io.lettuce.core.RedisConnectionException: Unable to connect to 127.0.0.1:6379" type="org.springframework.data.redis.RedisConnectionFailureException">org.springframework.data.redis.RedisConnectionFailureException: Unable to connect to Redis; nested exception is io.lettuce.core.RedisConnectionException: Unable to connect to 127.0.0.1:6379
	at org.springframework.data.redis.core.DefaultReactiveListOperationsIntegrationTests.before(DefaultReactiveListOperationsIntegrationTests.java:85)
Caused by: io.lettuce.core.RedisConnectionException: Unable to connect to 127.0.0.1:6379
	at org.springframework.data.redis.core.DefaultReactiveListOperationsIntegrationTests.before(DefaultReactiveListOperationsIntegrationTests.java:85)
Caused by: io.netty.channel.AbstractChannel$AnnotatedConnectException: syscall:getsockopt(..) failed: Connection refused: /127.0.0.1:6379
Caused by: io.netty.channel.unix.Errors$NativeConnectException: syscall:getsockopt(..) failed: Connection refused
</error>
  </testcase>
  <testcase name="leftPopWithMillisecondTimeoutShouldFail[String/Person/OXM]" classname="org.springframework.data.redis.core.DefaultReactiveListOperationsIntegrationTests" time="0.001">
    <error message="Unable to connect to Redis; nested exception is io.lettuce.core.RedisConnectionException: Unable to connect to 127.0.0.1:6379" type="org.springframework.data.redis.RedisConnectionFailureException">org.springframework.data.redis.RedisConnectionFailureException: Unable to connect to Redis; nested exception is io.lettuce.core.RedisConnectionException: Unable to connect to 127.0.0.1:6379
	at org.springframework.data.redis.core.DefaultReactiveListOperationsIntegrationTests.before(DefaultReactiveListOperationsIntegrationTests.java:85)
Caused by: io.lettuce.core.RedisConnectionException: Unable to connect to 127.0.0.1:6379
	at org.springframework.data.redis.core.DefaultReactiveListOperationsIntegrationTests.before(DefaultReactiveListOperationsIntegrationTests.java:85)
Caused by: io.netty.channel.AbstractChannel$AnnotatedConnectException: syscall:getsockopt(..) failed: Connection refused: /127.0.0.1:6379
Caused by: io.netty.channel.unix.Errors$NativeConnectException: syscall:getsockopt(..) failed: Connection refused
</error>
  </testcase>
  <testcase name="leftPushIfPresent[String/Person/OXM]" classname="org.springframework.data.redis.core.DefaultReactiveListOperationsIntegrationTests" time="0.001">
    <error message="Unable to connect to Redis; nested exception is io.lettuce.core.RedisConnectionException: Unable to connect to 127.0.0.1:6379" type="org.springframework.data.redis.RedisConnectionFailureException">org.springframework.data.redis.RedisConnectionFailureException: Unable to connect to Redis; nested exception is io.lettuce.core.RedisConnectionException: Unable to connect to 127.0.0.1:6379
	at org.springframework.data.redis.core.DefaultReactiveListOperationsIntegrationTests.before(DefaultReactiveListOperationsIntegrationTests.java:85)
Caused by: io.lettuce.core.RedisConnectionException: Unable to connect to 127.0.0.1:6379
	at org.springframework.data.redis.core.DefaultReactiveListOperationsIntegrationTests.before(DefaultReactiveListOperationsIntegrationTests.java:85)
Caused by: io.netty.channel.AbstractChannel$AnnotatedConnectException: syscall:getsockopt(..) failed: Connection refused: /127.0.0.1:6379
Caused by: io.netty.channel.unix.Errors$NativeConnectException: syscall:getsockopt(..) failed: Connection refused
</error>
  </testcase>
  <testcase name="rightPushIfPresent[String/Person/OXM]" classname="org.springframework.data.redis.core.DefaultReactiveListOperationsIntegrationTests" time="0.001">
    <error message="Unable to connect to Redis; nested exception is io.lettuce.core.RedisConnectionException: Unable to connect to 127.0.0.1:6379" type="org.springframework.data.redis.RedisConnectionFailureException">org.springframework.data.redis.RedisConnectionFailureException: Unable to connect to Redis; nested exception is io.lettuce.core.RedisConnectionException: Unable to connect to 127.0.0.1:6379
	at org.springframework.data.redis.core.DefaultReactiveListOperationsIntegrationTests.before(DefaultReactiveListOperationsIntegrationTests.java:85)
Caused by: io.lettuce.core.RedisConnectionException: Unable to connect to 127.0.0.1:6379
	at org.springframework.data.redis.core.DefaultReactiveListOperationsIntegrationTests.before(DefaultReactiveListOperationsIntegrationTests.java:85)
Caused by: io.netty.channel.AbstractChannel$AnnotatedConnectException: syscall:getsockopt(..) failed: Connection refused: /127.0.0.1:6379
Caused by: io.netty.channel.unix.Errors$NativeConnectException: syscall:getsockopt(..) failed: Connection refused
</error>
  </testcase>
  <testcase name="leftPush[String/Person/OXM]" classname="org.springframework.data.redis.core.DefaultReactiveListOperationsIntegrationTests" time="0.001">
    <error message="Unable to connect to Redis; nested exception is io.lettuce.core.RedisConnectionException: Unable to connect to 127.0.0.1:6379" type="org.springframework.data.redis.RedisConnectionFailureException">org.springframework.data.redis.RedisConnectionFailureException: Unable to connect to Redis; nested exception is io.lettuce.core.RedisConnectionException: Unable to connect to 127.0.0.1:6379
	at org.springframework.data.redis.core.DefaultReactiveListOperationsIntegrationTests.before(DefaultReactiveListOperationsIntegrationTests.java:85)
Caused by: io.lettuce.core.RedisConnectionException: Unable to connect to 127.0.0.1:6379
	at org.springframework.data.redis.core.DefaultReactiveListOperationsIntegrationTests.before(DefaultReactiveListOperationsIntegrationTests.java:85)
Caused by: io.netty.channel.AbstractChannel$AnnotatedConnectException: syscall:getsockopt(..) failed: Connection refused: /127.0.0.1:6379
Caused by: io.netty.channel.unix.Errors$NativeConnectException: syscall:getsockopt(..) failed: Connection refused
</error>
  </testcase>
  <testcase name="rightPushAll[String/Person/OXM]" classname="org.springframework.data.redis.core.DefaultReactiveListOperationsIntegrationTests" time="0.001">
    <error message="Unable to connect to Redis; nested exception is io.lettuce.core.RedisConnectionException: Unable to connect to 127.0.0.1:6379" type="org.springframework.data.redis.RedisConnectionFailureException">org.springframework.data.redis.RedisConnectionFailureException: Unable to connect to Redis; nested exception is io.lettuce.core.RedisConnectionException: Unable to connect to 127.0.0.1:6379
	at org.springframework.data.redis.core.DefaultReactiveListOperationsIntegrationTests.before(DefaultReactiveListOperationsIntegrationTests.java:85)
Caused by: io.lettuce.core.RedisConnectionException: Unable to connect to 127.0.0.1:6379
	at org.springframework.data.redis.core.DefaultReactiveListOperationsIntegrationTests.before(DefaultReactiveListOperationsIntegrationTests.java:85)
Caused by: io.netty.channel.AbstractChannel$AnnotatedConnectException: syscall:getsockopt(..) failed: Connection refused: /127.0.0.1:6379
Caused by: io.netty.channel.unix.Errors$NativeConnectException: syscall:getsockopt(..) failed: Connection refused
</error>
  </testcase>
  <testcase name="rightPopAndLeftPush[String/Person/OXM]" classname="org.springframework.data.redis.core.DefaultReactiveListOperationsIntegrationTests" time="0.001">
    <error message="Unable to connect to Redis; nested exception is io.lettuce.core.RedisConnectionException: Unable to connect to 127.0.0.1:6379" type="org.springframework.data.redis.RedisConnectionFailureException">org.springframework.data.redis.RedisConnectionFailureException: Unable to connect to Redis; nested exception is io.lettuce.core.RedisConnectionException: Unable to connect to 127.0.0.1:6379
	at org.springframework.data.redis.core.DefaultReactiveListOperationsIntegrationTests.before(DefaultReactiveListOperationsIntegrationTests.java:85)
Caused by: io.lettuce.core.RedisConnectionException: Unable to connect to 127.0.0.1:6379
	at org.springframework.data.redis.core.DefaultReactiveListOperationsIntegrationTests.before(DefaultReactiveListOperationsIntegrationTests.java:85)
Caused by: io.netty.channel.AbstractChannel$AnnotatedConnectException: syscall:getsockopt(..) failed: Connection refused: /127.0.0.1:6379
Caused by: io.netty.channel.unix.Errors$NativeConnectException: syscall:getsockopt(..) failed: Connection refused
</error>
  </testcase>
  <testcase name="rightPush[Jackson2]" classname="org.springframework.data.redis.core.DefaultReactiveListOperationsIntegrationTests" time="0.002">
    <error message="Unable to connect to Redis; nested exception is io.lettuce.core.RedisConnectionException: Unable to connect to 127.0.0.1:6379" type="org.springframework.data.redis.RedisConnectionFailureException">org.springframework.data.redis.RedisConnectionFailureException: Unable to connect to Redis; nested exception is io.lettuce.core.RedisConnectionException: Unable to connect to 127.0.0.1:6379
	at org.springframework.data.redis.core.DefaultReactiveListOperationsIntegrationTests.before(DefaultReactiveListOperationsIntegrationTests.java:85)
Caused by: io.lettuce.core.RedisConnectionException: Unable to connect to 127.0.0.1:6379
	at org.springframework.data.redis.core.DefaultReactiveListOperationsIntegrationTests.before(DefaultReactiveListOperationsIntegrationTests.java:85)
Caused by: io.netty.channel.AbstractChannel$AnnotatedConnectException: syscall:getsockopt(..) failed: Connection refused: /127.0.0.1:6379
Caused by: io.netty.channel.unix.Errors$NativeConnectException: syscall:getsockopt(..) failed: Connection refused
</error>
  </testcase>
  <testcase name="rightPopWithTimeout[Jackson2]" classname="org.springframework.data.redis.core.DefaultReactiveListOperationsIntegrationTests" time="0.003">
    <error message="Unable to connect to Redis; nested exception is io.lettuce.core.RedisConnectionException: Unable to connect to 127.0.0.1:6379" type="org.springframework.data.redis.RedisConnectionFailureException">org.springframework.data.redis.RedisConnectionFailureException: Unable to connect to Redis; nested exception is io.lettuce.core.RedisConnectionException: Unable to connect to 127.0.0.1:6379
	at org.springframework.data.redis.core.DefaultReactiveListOperationsIntegrationTests.before(DefaultReactiveListOperationsIntegrationTests.java:85)
Caused by: io.lettuce.core.RedisConnectionException: Unable to connect to 127.0.0.1:6379
	at org.springframework.data.redis.core.DefaultReactiveListOperationsIntegrationTests.before(DefaultReactiveListOperationsIntegrationTests.java:85)
Caused by: io.netty.channel.AbstractChannel$AnnotatedConnectException: syscall:getsockopt(..) failed: Connection refused: /127.0.0.1:6379
Caused by: io.netty.channel.unix.Errors$NativeConnectException: syscall:getsockopt(..) failed: Connection refused
</error>
  </testcase>
  <testcase name="rightPop[Jackson2]" classname="org.springframework.data.redis.core.DefaultReactiveListOperationsIntegrationTests" time="0.001">
    <error message="Unable to connect to Redis; nested exception is io.lettuce.core.RedisConnectionException: Unable to connect to 127.0.0.1:6379" type="org.springframework.data.redis.RedisConnectionFailureException">org.springframework.data.redis.RedisConnectionFailureException: Unable to connect to Redis; nested exception is io.lettuce.core.RedisConnectionException: Unable to connect to 127.0.0.1:6379
	at org.springframework.data.redis.core.DefaultReactiveListOperationsIntegrationTests.before(DefaultReactiveListOperationsIntegrationTests.java:85)
Caused by: io.lettuce.core.RedisConnectionException: Unable to connect to 127.0.0.1:6379
	at org.springframework.data.redis.core.DefaultReactiveListOperationsIntegrationTests.before(DefaultReactiveListOperationsIntegrationTests.java:85)
Caused by: io.netty.channel.AbstractChannel$AnnotatedConnectException: syscall:getsockopt(..) failed: Connection refused: /127.0.0.1:6379
Caused by: io.netty.channel.unix.Errors$NativeConnectException: syscall:getsockopt(..) failed: Connection refused
</error>
  </testcase>
  <testcase name="leftPushAll[Jackson2]" classname="org.springframework.data.redis.core.DefaultReactiveListOperationsIntegrationTests" time="0.001">
    <error message="Unable to connect to Redis; nested exception is io.lettuce.core.RedisConnectionException: Unable to connect to 127.0.0.1:6379" type="org.springframework.data.redis.RedisConnectionFailureException">org.springframework.data.redis.RedisConnectionFailureException: Unable to connect to Redis; nested exception is io.lettuce.core.RedisConnectionException: Unable to connect to 127.0.0.1:6379
	at org.springframework.data.redis.core.DefaultReactiveListOperationsIntegrationTests.before(DefaultReactiveListOperationsIntegrationTests.java:85)
Caused by: io.lettuce.core.RedisConnectionException: Unable to connect to 127.0.0.1:6379
	at org.springframework.data.redis.core.DefaultReactiveListOperationsIntegrationTests.before(DefaultReactiveListOperationsIntegrationTests.java:85)
Caused by: io.netty.channel.AbstractChannel$AnnotatedConnectException: syscall:getsockopt(..) failed: Connection refused: /127.0.0.1:6379
Caused by: io.netty.channel.unix.Errors$NativeConnectException: syscall:getsockopt(..) failed: Connection refused
</error>
  </testcase>
  <testcase name="delete[Jackson2]" classname="org.springframework.data.redis.core.DefaultReactiveListOperationsIntegrationTests" time="0.002">
    <error message="Unable to connect to Redis; nested exception is io.lettuce.core.RedisConnectionException: Unable to connect to 127.0.0.1:6379" type="org.springframework.data.redis.RedisConnectionFailureException">org.springframework.data.redis.RedisConnectionFailureException: Unable to connect to Redis; nested exception is io.lettuce.core.RedisConnectionException: Unable to connect to 127.0.0.1:6379
	at org.springframework.data.redis.core.DefaultReactiveListOperationsIntegrationTests.before(DefaultReactiveListOperationsIntegrationTests.java:85)
Caused by: io.lettuce.core.RedisConnectionException: Unable to connect to 127.0.0.1:6379
	at org.springframework.data.redis.core.DefaultReactiveListOperationsIntegrationTests.before(DefaultReactiveListOperationsIntegrationTests.java:85)
Caused by: io.netty.channel.AbstractChannel$AnnotatedConnectException: syscall:getsockopt(..) failed: Connection refused: /127.0.0.1:6379
Caused by: io.netty.channel.unix.Errors$NativeConnectException: syscall:getsockopt(..) failed: Connection refused
</error>
  </testcase>
  <testcase name="remove[Jackson2]" classname="org.springframework.data.redis.core.DefaultReactiveListOperationsIntegrationTests" time="0.001">
    <error message="Unable to connect to Redis; nested exception is io.lettuce.core.RedisConnectionException: Unable to connect to 127.0.0.1:6379" type="org.springframework.data.redis.RedisConnectionFailureException">org.springframework.data.redis.RedisConnectionFailureException: Unable to connect to Redis; nested exception is io.lettuce.core.RedisConnectionException: Unable to connect to 127.0.0.1:6379
	at org.springframework.data.redis.core.DefaultReactiveListOperationsIntegrationTests.before(DefaultReactiveListOperationsIntegrationTests.java:85)
Caused by: io.lettuce.core.RedisConnectionException: Unable to connect to 127.0.0.1:6379
	at org.springframework.data.redis.core.DefaultReactiveListOperationsIntegrationTests.before(DefaultReactiveListOperationsIntegrationTests.java:85)
Caused by: io.netty.channel.AbstractChannel$AnnotatedConnectException: syscall:getsockopt(..) failed: Connection refused: /127.0.0.1:6379
Caused by: io.netty.channel.unix.Errors$NativeConnectException: syscall:getsockopt(..) failed: Connection refused
</error>
  </testcase>
  <testcase name="leftPopWithTimeout[Jackson2]" classname="org.springframework.data.redis.core.DefaultReactiveListOperationsIntegrationTests" time="0.002">
    <error message="Unable to connect to Redis; nested exception is io.lettuce.core.RedisConnectionException: Unable to connect to 127.0.0.1:6379" type="org.springframework.data.redis.RedisConnectionFailureException">org.springframework.data.redis.RedisConnectionFailureException: Unable to connect to Redis; nested exception is io.lettuce.core.RedisConnectionException: Unable to connect to 127.0.0.1:6379
	at org.springframework.data.redis.core.DefaultReactiveListOperationsIntegrationTests.before(DefaultReactiveListOperationsIntegrationTests.java:85)
Caused by: io.lettuce.core.RedisConnectionException: Unable to connect to 127.0.0.1:6379
	at org.springframework.data.redis.core.DefaultReactiveListOperationsIntegrationTests.before(DefaultReactiveListOperationsIntegrationTests.java:85)
Caused by: io.netty.channel.AbstractChannel$AnnotatedConnectException: syscall:getsockopt(..) failed: Connection refused: /127.0.0.1:6379
Caused by: io.netty.channel.unix.Errors$NativeConnectException: syscall:getsockopt(..) failed: Connection refused
</error>
  </testcase>
  <testcase name="set[Jackson2]" classname="org.springframework.data.redis.core.DefaultReactiveListOperationsIntegrationTests" time="0.002">
    <error message="Unable to connect to Redis; nested exception is io.lettuce.core.RedisConnectionException: Unable to connect to 127.0.0.1:6379" type="org.springframework.data.redis.RedisConnectionFailureException">org.springframework.data.redis.RedisConnectionFailureException: Unable to connect to Redis; nested exception is io.lettuce.core.RedisConnectionException: Unable to connect to 127.0.0.1:6379
	at org.springframework.data.redis.core.DefaultReactiveListOperationsIntegrationTests.before(DefaultReactiveListOperationsIntegrationTests.java:85)
Caused by: io.lettuce.core.RedisConnectionException: Unable to connect to 127.0.0.1:6379
	at org.springframework.data.redis.core.DefaultReactiveListOperationsIntegrationTests.before(DefaultReactiveListOperationsIntegrationTests.java:85)
Caused by: io.netty.channel.AbstractChannel$AnnotatedConnectException: syscall:getsockopt(..) failed: Connection refused: /127.0.0.1:6379
Caused by: io.netty.channel.unix.Errors$NativeConnectException: syscall:getsockopt(..) failed: Connection refused
</error>
  </testcase>
  <testcase name="size[Jackson2]" classname="org.springframework.data.redis.core.DefaultReactiveListOperationsIntegrationTests" time="0.001">
    <error message="Unable to connect to Redis; nested exception is io.lettuce.core.RedisConnectionException: Unable to connect to 127.0.0.1:6379" type="org.springframework.data.redis.RedisConnectionFailureException">org.springframework.data.redis.RedisConnectionFailureException: Unable to connect to Redis; nested exception is io.lettuce.core.RedisConnectionException: Unable to connect to 127.0.0.1:6379
	at org.springframework.data.redis.core.DefaultReactiveListOperationsIntegrationTests.before(DefaultReactiveListOperationsIntegrationTests.java:85)
Caused by: io.lettuce.core.RedisConnectionException: Unable to connect to 127.0.0.1:6379
	at org.springframework.data.redis.core.DefaultReactiveListOperationsIntegrationTests.before(DefaultReactiveListOperationsIntegrationTests.java:85)
Caused by: io.netty.channel.AbstractChannel$AnnotatedConnectException: syscall:getsockopt(..) failed: Connection refused: /127.0.0.1:6379
Caused by: io.netty.channel.unix.Errors$NativeConnectException: syscall:getsockopt(..) failed: Connection refused
</error>
  </testcase>
  <testcase name="trim[Jackson2]" classname="org.springframework.data.redis.core.DefaultReactiveListOperationsIntegrationTests" time="0.001">
    <error message="Unable to connect to Redis; nested exception is io.lettuce.core.RedisConnectionException: Unable to connect to 127.0.0.1:6379" type="org.springframework.data.redis.RedisConnectionFailureException">org.springframework.data.redis.RedisConnectionFailureException: Unable to connect to Redis; nested exception is io.lettuce.core.RedisConnectionException: Unable to connect to 127.0.0.1:6379
	at org.springframework.data.redis.core.DefaultReactiveListOperationsIntegrationTests.before(DefaultReactiveListOperationsIntegrationTests.java:85)
Caused by: io.lettuce.core.RedisConnectionException: Unable to connect to 127.0.0.1:6379
	at org.springframework.data.redis.core.DefaultReactiveListOperationsIntegrationTests.before(DefaultReactiveListOperationsIntegrationTests.java:85)
Caused by: io.netty.channel.AbstractChannel$AnnotatedConnectException: syscall:getsockopt(..) failed: Connection refused: /127.0.0.1:6379
Caused by: io.netty.channel.unix.Errors$NativeConnectException: syscall:getsockopt(..) failed: Connection refused
</error>
  </testcase>
  <testcase name="leftPop[Jackson2]" classname="org.springframework.data.redis.core.DefaultReactiveListOperationsIntegrationTests" time="0.002">
    <error message="Unable to connect to Redis; nested exception is io.lettuce.core.RedisConnectionException: Unable to connect to 127.0.0.1:6379" type="org.springframework.data.redis.RedisConnectionFailureException">org.springframework.data.redis.RedisConnectionFailureException: Unable to connect to Redis; nested exception is io.lettuce.core.RedisConnectionException: Unable to connect to 127.0.0.1:6379
	at org.springframework.data.redis.core.DefaultReactiveListOperationsIntegrationTests.before(DefaultReactiveListOperationsIntegrationTests.java:85)
Caused by: io.lettuce.core.RedisConnectionException: Unable to connect to 127.0.0.1:6379
	at org.springframework.data.redis.core.DefaultReactiveListOperationsIntegrationTests.before(DefaultReactiveListOperationsIntegrationTests.java:85)
Caused by: io.netty.channel.AbstractChannel$AnnotatedConnectException: syscall:getsockopt(..) failed: Connection refused: /127.0.0.1:6379
Caused by: io.netty.channel.unix.Errors$NativeConnectException: syscall:getsockopt(..) failed: Connection refused
</error>
  </testcase>
  <testcase name="index[Jackson2]" classname="org.springframework.data.redis.core.DefaultReactiveListOperationsIntegrationTests" time="0.001">
    <error message="Unable to connect to Redis; nested exception is io.lettuce.core.RedisConnectionException: Unable to connect to 127.0.0.1:6379" type="org.springframework.data.redis.RedisConnectionFailureException">org.springframework.data.redis.RedisConnectionFailureException: Unable to connect to Redis; nested exception is io.lettuce.core.RedisConnectionException: Unable to connect to 127.0.0.1:6379
	at org.springframework.data.redis.core.DefaultReactiveListOperationsIntegrationTests.before(DefaultReactiveListOperationsIntegrationTests.java:85)
Caused by: io.lettuce.core.RedisConnectionException: Unable to connect to 127.0.0.1:6379
	at org.springframework.data.redis.core.DefaultReactiveListOperationsIntegrationTests.before(DefaultReactiveListOperationsIntegrationTests.java:85)
Caused by: io.netty.channel.AbstractChannel$AnnotatedConnectException: syscall:getsockopt(..) failed: Connection refused: /127.0.0.1:6379
Caused by: io.netty.channel.unix.Errors$NativeConnectException: syscall:getsockopt(..) failed: Connection refused
</error>
  </testcase>
  <testcase name="leftPushWithPivot[Jackson2]" classname="org.springframework.data.redis.core.DefaultReactiveListOperationsIntegrationTests" time="0.001">
    <error message="Unable to connect to Redis; nested exception is io.lettuce.core.RedisConnectionException: Unable to connect to 127.0.0.1:6379" type="org.springframework.data.redis.RedisConnectionFailureException">org.springframework.data.redis.RedisConnectionFailureException: Unable to connect to Redis; nested exception is io.lettuce.core.RedisConnectionException: Unable to connect to 127.0.0.1:6379
	at org.springframework.data.redis.core.DefaultReactiveListOperationsIntegrationTests.before(DefaultReactiveListOperationsIntegrationTests.java:85)
Caused by: io.lettuce.core.RedisConnectionException: Unable to connect to 127.0.0.1:6379
	at org.springframework.data.redis.core.DefaultReactiveListOperationsIntegrationTests.before(DefaultReactiveListOperationsIntegrationTests.java:85)
Caused by: io.netty.channel.AbstractChannel$AnnotatedConnectException: syscall:getsockopt(..) failed: Connection refused: /127.0.0.1:6379
Caused by: io.netty.channel.unix.Errors$NativeConnectException: syscall:getsockopt(..) failed: Connection refused
</error>
  </testcase>
  <testcase name="rightPushWithPivot[Jackson2]" classname="org.springframework.data.redis.core.DefaultReactiveListOperationsIntegrationTests" time="0.002">
    <error message="Unable to connect to Redis; nested exception is io.lettuce.core.RedisConnectionException: Unable to connect to 127.0.0.1:6379" type="org.springframework.data.redis.RedisConnectionFailureException">org.springframework.data.redis.RedisConnectionFailureException: Unable to connect to Redis; nested exception is io.lettuce.core.RedisConnectionException: Unable to connect to 127.0.0.1:6379
	at org.springframework.data.redis.core.DefaultReactiveListOperationsIntegrationTests.before(DefaultReactiveListOperationsIntegrationTests.java:85)
Caused by: io.lettuce.core.RedisConnectionException: Unable to connect to 127.0.0.1:6379
	at org.springframework.data.redis.core.DefaultReactiveListOperationsIntegrationTests.before(DefaultReactiveListOperationsIntegrationTests.java:85)
Caused by: io.netty.channel.AbstractChannel$AnnotatedConnectException: syscall:getsockopt(..) failed: Connection refused: /127.0.0.1:6379
Caused by: io.netty.channel.unix.Errors$NativeConnectException: syscall:getsockopt(..) failed: Connection refused
</error>
  </testcase>
  <testcase name="rightPopAndLeftPushWithTimeout[Jackson2]" classname="org.springframework.data.redis.core.DefaultReactiveListOperationsIntegrationTests" time="0.001">
    <error message="Unable to connect to Redis; nested exception is io.lettuce.core.RedisConnectionException: Unable to connect to 127.0.0.1:6379" type="org.springframework.data.redis.RedisConnectionFailureException">org.springframework.data.redis.RedisConnectionFailureException: Unable to connect to Redis; nested exception is io.lettuce.core.RedisConnectionException: Unable to connect to 127.0.0.1:6379
	at org.springframework.data.redis.core.DefaultReactiveListOperationsIntegrationTests.before(DefaultReactiveListOperationsIntegrationTests.java:85)
Caused by: io.lettuce.core.RedisConnectionException: Unable to connect to 127.0.0.1:6379
	at org.springframework.data.redis.core.DefaultReactiveListOperationsIntegrationTests.before(DefaultReactiveListOperationsIntegrationTests.java:85)
Caused by: io.netty.channel.AbstractChannel$AnnotatedConnectException: syscall:getsockopt(..) failed: Connection refused: /127.0.0.1:6379
Caused by: io.netty.channel.unix.Errors$NativeConnectException: syscall:getsockopt(..) failed: Connection refused
</error>
  </testcase>
  <testcase name="leftPopWithMillisecondTimeoutShouldFail[Jackson2]" classname="org.springframework.data.redis.core.DefaultReactiveListOperationsIntegrationTests" time="0.001">
    <error message="Unable to connect to Redis; nested exception is io.lettuce.core.RedisConnectionException: Unable to connect to 127.0.0.1:6379" type="org.springframework.data.redis.RedisConnectionFailureException">org.springframework.data.redis.RedisConnectionFailureException: Unable to connect to Redis; nested exception is io.lettuce.core.RedisConnectionException: Unable to connect to 127.0.0.1:6379
	at org.springframework.data.redis.core.DefaultReactiveListOperationsIntegrationTests.before(DefaultReactiveListOperationsIntegrationTests.java:85)
Caused by: io.lettuce.core.RedisConnectionException: Unable to connect to 127.0.0.1:6379
	at org.springframework.data.redis.core.DefaultReactiveListOperationsIntegrationTests.before(DefaultReactiveListOperationsIntegrationTests.java:85)
Caused by: io.netty.channel.AbstractChannel$AnnotatedConnectException: syscall:getsockopt(..) failed: Connection refused: /127.0.0.1:6379
Caused by: io.netty.channel.unix.Errors$NativeConnectException: syscall:getsockopt(..) failed: Connection refused
</error>
  </testcase>
  <testcase name="leftPushIfPresent[Jackson2]" classname="org.springframework.data.redis.core.DefaultReactiveListOperationsIntegrationTests" time="0.001">
    <error message="Unable to connect to Redis; nested exception is io.lettuce.core.RedisConnectionException: Unable to connect to 127.0.0.1:6379" type="org.springframework.data.redis.RedisConnectionFailureException">org.springframework.data.redis.RedisConnectionFailureException: Unable to connect to Redis; nested exception is io.lettuce.core.RedisConnectionException: Unable to connect to 127.0.0.1:6379
	at org.springframework.data.redis.core.DefaultReactiveListOperationsIntegrationTests.before(DefaultReactiveListOperationsIntegrationTests.java:85)
Caused by: io.lettuce.core.RedisConnectionException: Unable to connect to 127.0.0.1:6379
	at org.springframework.data.redis.core.DefaultReactiveListOperationsIntegrationTests.before(DefaultReactiveListOperationsIntegrationTests.java:85)
Caused by: io.netty.channel.AbstractChannel$AnnotatedConnectException: syscall:getsockopt(..) failed: Connection refused: /127.0.0.1:6379
Caused by: io.netty.channel.unix.Errors$NativeConnectException: syscall:getsockopt(..) failed: Connection refused
</error>
  </testcase>
  <testcase name="rightPushIfPresent[Jackson2]" classname="org.springframework.data.redis.core.DefaultReactiveListOperationsIntegrationTests" time="0.001">
    <error message="Unable to connect to Redis; nested exception is io.lettuce.core.RedisConnectionException: Unable to connect to 127.0.0.1:6379" type="org.springframework.data.redis.RedisConnectionFailureException">org.springframework.data.redis.RedisConnectionFailureException: Unable to connect to Redis; nested exception is io.lettuce.core.RedisConnectionException: Unable to connect to 127.0.0.1:6379
	at org.springframework.data.redis.core.DefaultReactiveListOperationsIntegrationTests.before(DefaultReactiveListOperationsIntegrationTests.java:85)
Caused by: io.lettuce.core.RedisConnectionException: Unable to connect to 127.0.0.1:6379
	at org.springframework.data.redis.core.DefaultReactiveListOperationsIntegrationTests.before(DefaultReactiveListOperationsIntegrationTests.java:85)
Caused by: io.netty.channel.AbstractChannel$AnnotatedConnectException: syscall:getsockopt(..) failed: Connection refused: /127.0.0.1:6379
Caused by: io.netty.channel.unix.Errors$NativeConnectException: syscall:getsockopt(..) failed: Connection refused
</error>
  </testcase>
  <testcase name="leftPush[Jackson2]" classname="org.springframework.data.redis.core.DefaultReactiveListOperationsIntegrationTests" time="0.001">
    <error message="Unable to connect to Redis; nested exception is io.lettuce.core.RedisConnectionException: Unable to connect to 127.0.0.1:6379" type="org.springframework.data.redis.RedisConnectionFailureException">org.springframework.data.redis.RedisConnectionFailureException: Unable to connect to Redis; nested exception is io.lettuce.core.RedisConnectionException: Unable to connect to 127.0.0.1:6379
	at org.springframework.data.redis.core.DefaultReactiveListOperationsIntegrationTests.before(DefaultReactiveListOperationsIntegrationTests.java:85)
Caused by: io.lettuce.core.RedisConnectionException: Unable to connect to 127.0.0.1:6379
	at org.springframework.data.redis.core.DefaultReactiveListOperationsIntegrationTests.before(DefaultReactiveListOperationsIntegrationTests.java:85)
Caused by: io.netty.channel.AbstractChannel$AnnotatedConnectException: syscall:getsockopt(..) failed: Connection refused: /127.0.0.1:6379
Caused by: io.netty.channel.unix.Errors$NativeConnectException: syscall:getsockopt(..) failed: Connection refused
</error>
  </testcase>
  <testcase name="rightPushAll[Jackson2]" classname="org.springframework.data.redis.core.DefaultReactiveListOperationsIntegrationTests" time="0.001">
    <error message="Unable to connect to Redis; nested exception is io.lettuce.core.RedisConnectionException: Unable to connect to 127.0.0.1:6379" type="org.springframework.data.redis.RedisConnectionFailureException">org.springframework.data.redis.RedisConnectionFailureException: Unable to connect to Redis; nested exception is io.lettuce.core.RedisConnectionException: Unable to connect to 127.0.0.1:6379
	at org.springframework.data.redis.core.DefaultReactiveListOperationsIntegrationTests.before(DefaultReactiveListOperationsIntegrationTests.java:85)
Caused by: io.lettuce.core.RedisConnectionException: Unable to connect to 127.0.0.1:6379
	at org.springframework.data.redis.core.DefaultReactiveListOperationsIntegrationTests.before(DefaultReactiveListOperationsIntegrationTests.java:85)
Caused by: io.netty.channel.AbstractChannel$AnnotatedConnectException: syscall:getsockopt(..) failed: Connection refused: /127.0.0.1:6379
Caused by: io.netty.channel.unix.Errors$NativeConnectException: syscall:getsockopt(..) failed: Connection refused
</error>
  </testcase>
  <testcase name="rightPopAndLeftPush[Jackson2]" classname="org.springframework.data.redis.core.DefaultReactiveListOperationsIntegrationTests" time="0.001">
    <error message="Unable to connect to Redis; nested exception is io.lettuce.core.RedisConnectionException: Unable to connect to 127.0.0.1:6379" type="org.springframework.data.redis.RedisConnectionFailureException">org.springframework.data.redis.RedisConnectionFailureException: Unable to connect to Redis; nested exception is io.lettuce.core.RedisConnectionException: Unable to connect to 127.0.0.1:6379
	at org.springframework.data.redis.core.DefaultReactiveListOperationsIntegrationTests.before(DefaultReactiveListOperationsIntegrationTests.java:85)
Caused by: io.lettuce.core.RedisConnectionException: Unable to connect to 127.0.0.1:6379
	at org.springframework.data.redis.core.DefaultReactiveListOperationsIntegrationTests.before(DefaultReactiveListOperationsIntegrationTests.java:85)
Caused by: io.netty.channel.AbstractChannel$AnnotatedConnectException: syscall:getsockopt(..) failed: Connection refused: /127.0.0.1:6379
Caused by: io.netty.channel.unix.Errors$NativeConnectException: syscall:getsockopt(..) failed: Connection refused
</error>
  </testcase>
  <testcase name="rightPush[Generic Jackson 2]" classname="org.springframework.data.redis.core.DefaultReactiveListOperationsIntegrationTests" time="0.001">
    <error message="Unable to connect to Redis; nested exception is io.lettuce.core.RedisConnectionException: Unable to connect to 127.0.0.1:6379" type="org.springframework.data.redis.RedisConnectionFailureException">org.springframework.data.redis.RedisConnectionFailureException: Unable to connect to Redis; nested exception is io.lettuce.core.RedisConnectionException: Unable to connect to 127.0.0.1:6379
	at org.springframework.data.redis.core.DefaultReactiveListOperationsIntegrationTests.before(DefaultReactiveListOperationsIntegrationTests.java:85)
Caused by: io.lettuce.core.RedisConnectionException: Unable to connect to 127.0.0.1:6379
	at org.springframework.data.redis.core.DefaultReactiveListOperationsIntegrationTests.before(DefaultReactiveListOperationsIntegrationTests.java:85)
Caused by: io.netty.channel.AbstractChannel$AnnotatedConnectException: syscall:getsockopt(..) failed: Connection refused: /127.0.0.1:6379
Caused by: io.netty.channel.unix.Errors$NativeConnectException: syscall:getsockopt(..) failed: Connection refused
</error>
  </testcase>
  <testcase name="rightPopWithTimeout[Generic Jackson 2]" classname="org.springframework.data.redis.core.DefaultReactiveListOperationsIntegrationTests" time="0.002">
    <error message="Unable to connect to Redis; nested exception is io.lettuce.core.RedisConnectionException: Unable to connect to 127.0.0.1:6379" type="org.springframework.data.redis.RedisConnectionFailureException">org.springframework.data.redis.RedisConnectionFailureException: Unable to connect to Redis; nested exception is io.lettuce.core.RedisConnectionException: Unable to connect to 127.0.0.1:6379
	at org.springframework.data.redis.core.DefaultReactiveListOperationsIntegrationTests.before(DefaultReactiveListOperationsIntegrationTests.java:85)
Caused by: io.lettuce.core.RedisConnectionException: Unable to connect to 127.0.0.1:6379
	at org.springframework.data.redis.core.DefaultReactiveListOperationsIntegrationTests.before(DefaultReactiveListOperationsIntegrationTests.java:85)
Caused by: io.netty.channel.AbstractChannel$AnnotatedConnectException: syscall:getsockopt(..) failed: Connection refused: /127.0.0.1:6379
Caused by: io.netty.channel.unix.Errors$NativeConnectException: syscall:getsockopt(..) failed: Connection refused
</error>
  </testcase>
  <testcase name="rightPop[Generic Jackson 2]" classname="org.springframework.data.redis.core.DefaultReactiveListOperationsIntegrationTests" time="0">
    <error message="Unable to connect to Redis; nested exception is io.lettuce.core.RedisConnectionException: Unable to connect to 127.0.0.1:6379" type="org.springframework.data.redis.RedisConnectionFailureException">org.springframework.data.redis.RedisConnectionFailureException: Unable to connect to Redis; nested exception is io.lettuce.core.RedisConnectionException: Unable to connect to 127.0.0.1:6379
	at org.springframework.data.redis.core.DefaultReactiveListOperationsIntegrationTests.before(DefaultReactiveListOperationsIntegrationTests.java:85)
Caused by: io.lettuce.core.RedisConnectionException: Unable to connect to 127.0.0.1:6379
	at org.springframework.data.redis.core.DefaultReactiveListOperationsIntegrationTests.before(DefaultReactiveListOperationsIntegrationTests.java:85)
Caused by: io.netty.channel.AbstractChannel$AnnotatedConnectException: syscall:getsockopt(..) failed: Connection refused: /127.0.0.1:6379
Caused by: io.netty.channel.unix.Errors$NativeConnectException: syscall:getsockopt(..) failed: Connection refused
</error>
  </testcase>
  <testcase name="leftPushAll[Generic Jackson 2]" classname="org.springframework.data.redis.core.DefaultReactiveListOperationsIntegrationTests" time="0.001">
    <error message="Unable to connect to Redis; nested exception is io.lettuce.core.RedisConnectionException: Unable to connect to 127.0.0.1:6379" type="org.springframework.data.redis.RedisConnectionFailureException">org.springframework.data.redis.RedisConnectionFailureException: Unable to connect to Redis; nested exception is io.lettuce.core.RedisConnectionException: Unable to connect to 127.0.0.1:6379
	at org.springframework.data.redis.core.DefaultReactiveListOperationsIntegrationTests.before(DefaultReactiveListOperationsIntegrationTests.java:85)
Caused by: io.lettuce.core.RedisConnectionException: Unable to connect to 127.0.0.1:6379
	at org.springframework.data.redis.core.DefaultReactiveListOperationsIntegrationTests.before(DefaultReactiveListOperationsIntegrationTests.java:85)
Caused by: io.netty.channel.AbstractChannel$AnnotatedConnectException: syscall:getsockopt(..) failed: Connection refused: /127.0.0.1:6379
Caused by: io.netty.channel.unix.Errors$NativeConnectException: syscall:getsockopt(..) failed: Connection refused
</error>
  </testcase>
  <testcase name="delete[Generic Jackson 2]" classname="org.springframework.data.redis.core.DefaultReactiveListOperationsIntegrationTests" time="0.001">
    <error message="Unable to connect to Redis; nested exception is io.lettuce.core.RedisConnectionException: Unable to connect to 127.0.0.1:6379" type="org.springframework.data.redis.RedisConnectionFailureException">org.springframework.data.redis.RedisConnectionFailureException: Unable to connect to Redis; nested exception is io.lettuce.core.RedisConnectionException: Unable to connect to 127.0.0.1:6379
	at org.springframework.data.redis.core.DefaultReactiveListOperationsIntegrationTests.before(DefaultReactiveListOperationsIntegrationTests.java:85)
Caused by: io.lettuce.core.RedisConnectionException: Unable to connect to 127.0.0.1:6379
	at org.springframework.data.redis.core.DefaultReactiveListOperationsIntegrationTests.before(DefaultReactiveListOperationsIntegrationTests.java:85)
Caused by: io.netty.channel.AbstractChannel$AnnotatedConnectException: syscall:getsockopt(..) failed: Connection refused: /127.0.0.1:6379
Caused by: io.netty.channel.unix.Errors$NativeConnectException: syscall:getsockopt(..) failed: Connection refused
</error>
  </testcase>
  <testcase name="remove[Generic Jackson 2]" classname="org.springframework.data.redis.core.DefaultReactiveListOperationsIntegrationTests" time="0.001">
    <error message="Unable to connect to Redis; nested exception is io.lettuce.core.RedisConnectionException: Unable to connect to 127.0.0.1:6379" type="org.springframework.data.redis.RedisConnectionFailureException">org.springframework.data.redis.RedisConnectionFailureException: Unable to connect to Redis; nested exception is io.lettuce.core.RedisConnectionException: Unable to connect to 127.0.0.1:6379
	at org.springframework.data.redis.core.DefaultReactiveListOperationsIntegrationTests.before(DefaultReactiveListOperationsIntegrationTests.java:85)
Caused by: io.lettuce.core.RedisConnectionException: Unable to connect to 127.0.0.1:6379
	at org.springframework.data.redis.core.DefaultReactiveListOperationsIntegrationTests.before(DefaultReactiveListOperationsIntegrationTests.java:85)
Caused by: io.netty.channel.AbstractChannel$AnnotatedConnectException: syscall:getsockopt(..) failed: Connection refused: /127.0.0.1:6379
Caused by: io.netty.channel.unix.Errors$NativeConnectException: syscall:getsockopt(..) failed: Connection refused
</error>
  </testcase>
  <testcase name="leftPopWithTimeout[Generic Jackson 2]" classname="org.springframework.data.redis.core.DefaultReactiveListOperationsIntegrationTests" time="0.001">
    <error message="Unable to connect to Redis; nested exception is io.lettuce.core.RedisConnectionException: Unable to connect to 127.0.0.1:6379" type="org.springframework.data.redis.RedisConnectionFailureException">org.springframework.data.redis.RedisConnectionFailureException: Unable to connect to Redis; nested exception is io.lettuce.core.RedisConnectionException: Unable to connect to 127.0.0.1:6379
	at org.springframework.data.redis.core.DefaultReactiveListOperationsIntegrationTests.before(DefaultReactiveListOperationsIntegrationTests.java:85)
Caused by: io.lettuce.core.RedisConnectionException: Unable to connect to 127.0.0.1:6379
	at org.springframework.data.redis.core.DefaultReactiveListOperationsIntegrationTests.before(DefaultReactiveListOperationsIntegrationTests.java:85)
Caused by: io.netty.channel.AbstractChannel$AnnotatedConnectException: syscall:getsockopt(..) failed: Connection refused: /127.0.0.1:6379
Caused by: io.netty.channel.unix.Errors$NativeConnectException: syscall:getsockopt(..) failed: Connection refused
</error>
  </testcase>
  <testcase name="set[Generic Jackson 2]" classname="org.springframework.data.redis.core.DefaultReactiveListOperationsIntegrationTests" time="0.001">
    <error message="Unable to connect to Redis; nested exception is io.lettuce.core.RedisConnectionException: Unable to connect to 127.0.0.1:6379" type="org.springframework.data.redis.RedisConnectionFailureException">org.springframework.data.redis.RedisConnectionFailureException: Unable to connect to Redis; nested exception is io.lettuce.core.RedisConnectionException: Unable to connect to 127.0.0.1:6379
	at org.springframework.data.redis.core.DefaultReactiveListOperationsIntegrationTests.before(DefaultReactiveListOperationsIntegrationTests.java:85)
Caused by: io.lettuce.core.RedisConnectionException: Unable to connect to 127.0.0.1:6379
	at org.springframework.data.redis.core.DefaultReactiveListOperationsIntegrationTests.before(DefaultReactiveListOperationsIntegrationTests.java:85)
Caused by: io.netty.channel.AbstractChannel$AnnotatedConnectException: syscall:getsockopt(..) failed: Connection refused: /127.0.0.1:6379
Caused by: io.netty.channel.unix.Errors$NativeConnectException: syscall:getsockopt(..) failed: Connection refused
</error>
  </testcase>
  <testcase name="size[Generic Jackson 2]" classname="org.springframework.data.redis.core.DefaultReactiveListOperationsIntegrationTests" time="0.001">
    <error message="Unable to connect to Redis; nested exception is io.lettuce.core.RedisConnectionException: Unable to connect to 127.0.0.1:6379" type="org.springframework.data.redis.RedisConnectionFailureException">org.springframework.data.redis.RedisConnectionFailureException: Unable to connect to Redis; nested exception is io.lettuce.core.RedisConnectionException: Unable to connect to 127.0.0.1:6379
	at org.springframework.data.redis.core.DefaultReactiveListOperationsIntegrationTests.before(DefaultReactiveListOperationsIntegrationTests.java:85)
Caused by: io.lettuce.core.RedisConnectionException: Unable to connect to 127.0.0.1:6379
	at org.springframework.data.redis.core.DefaultReactiveListOperationsIntegrationTests.before(DefaultReactiveListOperationsIntegrationTests.java:85)
Caused by: io.netty.channel.AbstractChannel$AnnotatedConnectException: syscall:getsockopt(..) failed: Connection refused: /127.0.0.1:6379
Caused by: io.netty.channel.unix.Errors$NativeConnectException: syscall:getsockopt(..) failed: Connection refused
</error>
  </testcase>
  <testcase name="trim[Generic Jackson 2]" classname="org.springframework.data.redis.core.DefaultReactiveListOperationsIntegrationTests" time="0.001">
    <error message="Unable to connect to Redis; nested exception is io.lettuce.core.RedisConnectionException: Unable to connect to 127.0.0.1:6379" type="org.springframework.data.redis.RedisConnectionFailureException">org.springframework.data.redis.RedisConnectionFailureException: Unable to connect to Redis; nested exception is io.lettuce.core.RedisConnectionException: Unable to connect to 127.0.0.1:6379
	at org.springframework.data.redis.core.DefaultReactiveListOperationsIntegrationTests.before(DefaultReactiveListOperationsIntegrationTests.java:85)
Caused by: io.lettuce.core.RedisConnectionException: Unable to connect to 127.0.0.1:6379
	at org.springframework.data.redis.core.DefaultReactiveListOperationsIntegrationTests.before(DefaultReactiveListOperationsIntegrationTests.java:85)
Caused by: io.netty.channel.AbstractChannel$AnnotatedConnectException: syscall:getsockopt(..) failed: Connection refused: /127.0.0.1:6379
Caused by: io.netty.channel.unix.Errors$NativeConnectException: syscall:getsockopt(..) failed: Connection refused
</error>
  </testcase>
  <testcase name="leftPop[Generic Jackson 2]" classname="org.springframework.data.redis.core.DefaultReactiveListOperationsIntegrationTests" time="0.001">
    <error message="Unable to connect to Redis; nested exception is io.lettuce.core.RedisConnectionException: Unable to connect to 127.0.0.1:6379" type="org.springframework.data.redis.RedisConnectionFailureException">org.springframework.data.redis.RedisConnectionFailureException: Unable to connect to Redis; nested exception is io.lettuce.core.RedisConnectionException: Unable to connect to 127.0.0.1:6379
	at org.springframework.data.redis.core.DefaultReactiveListOperationsIntegrationTests.before(DefaultReactiveListOperationsIntegrationTests.java:85)
Caused by: io.lettuce.core.RedisConnectionException: Unable to connect to 127.0.0.1:6379
	at org.springframework.data.redis.core.DefaultReactiveListOperationsIntegrationTests.before(DefaultReactiveListOperationsIntegrationTests.java:85)
Caused by: io.netty.channel.AbstractChannel$AnnotatedConnectException: syscall:getsockopt(..) failed: Connection refused: /127.0.0.1:6379
Caused by: io.netty.channel.unix.Errors$NativeConnectException: syscall:getsockopt(..) failed: Connection refused
</error>
  </testcase>
  <testcase name="index[Generic Jackson 2]" classname="org.springframework.data.redis.core.DefaultReactiveListOperationsIntegrationTests" time="0.001">
    <error message="Unable to connect to Redis; nested exception is io.lettuce.core.RedisConnectionException: Unable to connect to 127.0.0.1:6379" type="org.springframework.data.redis.RedisConnectionFailureException">org.springframework.data.redis.RedisConnectionFailureException: Unable to connect to Redis; nested exception is io.lettuce.core.RedisConnectionException: Unable to connect to 127.0.0.1:6379
	at org.springframework.data.redis.core.DefaultReactiveListOperationsIntegrationTests.before(DefaultReactiveListOperationsIntegrationTests.java:85)
Caused by: io.lettuce.core.RedisConnectionException: Unable to connect to 127.0.0.1:6379
	at org.springframework.data.redis.core.DefaultReactiveListOperationsIntegrationTests.before(DefaultReactiveListOperationsIntegrationTests.java:85)
Caused by: io.netty.channel.AbstractChannel$AnnotatedConnectException: syscall:getsockopt(..) failed: Connection refused: /127.0.0.1:6379
Caused by: io.netty.channel.unix.Errors$NativeConnectException: syscall:getsockopt(..) failed: Connection refused
</error>
  </testcase>
  <testcase name="leftPushWithPivot[Generic Jackson 2]" classname="org.springframework.data.redis.core.DefaultReactiveListOperationsIntegrationTests" time="0.001">
    <error message="Unable to connect to Redis; nested exception is io.lettuce.core.RedisConnectionException: Unable to connect to 127.0.0.1:6379" type="org.springframework.data.redis.RedisConnectionFailureException">org.springframework.data.redis.RedisConnectionFailureException: Unable to connect to Redis; nested exception is io.lettuce.core.RedisConnectionException: Unable to connect to 127.0.0.1:6379
	at org.springframework.data.redis.core.DefaultReactiveListOperationsIntegrationTests.before(DefaultReactiveListOperationsIntegrationTests.java:85)
Caused by: io.lettuce.core.RedisConnectionException: Unable to connect to 127.0.0.1:6379
	at org.springframework.data.redis.core.DefaultReactiveListOperationsIntegrationTests.before(DefaultReactiveListOperationsIntegrationTests.java:85)
Caused by: io.netty.channel.AbstractChannel$AnnotatedConnectException: syscall:getsockopt(..) failed: Connection refused: /127.0.0.1:6379
Caused by: io.netty.channel.unix.Errors$NativeConnectException: syscall:getsockopt(..) failed: Connection refused
</error>
  </testcase>
  <testcase name="rightPushWithPivot[Generic Jackson 2]" classname="org.springframework.data.redis.core.DefaultReactiveListOperationsIntegrationTests" time="0.001">
    <error message="Unable to connect to Redis; nested exception is io.lettuce.core.RedisConnectionException: Unable to connect to 127.0.0.1:6379" type="org.springframework.data.redis.RedisConnectionFailureException">org.springframework.data.redis.RedisConnectionFailureException: Unable to connect to Redis; nested exception is io.lettuce.core.RedisConnectionException: Unable to connect to 127.0.0.1:6379
	at org.springframework.data.redis.core.DefaultReactiveListOperationsIntegrationTests.before(DefaultReactiveListOperationsIntegrationTests.java:85)
Caused by: io.lettuce.core.RedisConnectionException: Unable to connect to 127.0.0.1:6379
	at org.springframework.data.redis.core.DefaultReactiveListOperationsIntegrationTests.before(DefaultReactiveListOperationsIntegrationTests.java:85)
Caused by: io.netty.channel.AbstractChannel$AnnotatedConnectException: syscall:getsockopt(..) failed: Connection refused: /127.0.0.1:6379
Caused by: io.netty.channel.unix.Errors$NativeConnectException: syscall:getsockopt(..) failed: Connection refused
</error>
  </testcase>
  <testcase name="rightPopAndLeftPushWithTimeout[Generic Jackson 2]" classname="org.springframework.data.redis.core.DefaultReactiveListOperationsIntegrationTests" time="0.001">
    <error message="Unable to connect to Redis; nested exception is io.lettuce.core.RedisConnectionException: Unable to connect to 127.0.0.1:6379" type="org.springframework.data.redis.RedisConnectionFailureException">org.springframework.data.redis.RedisConnectionFailureException: Unable to connect to Redis; nested exception is io.lettuce.core.RedisConnectionException: Unable to connect to 127.0.0.1:6379
	at org.springframework.data.redis.core.DefaultReactiveListOperationsIntegrationTests.before(DefaultReactiveListOperationsIntegrationTests.java:85)
Caused by: io.lettuce.core.RedisConnectionException: Unable to connect to 127.0.0.1:6379
	at org.springframework.data.redis.core.DefaultReactiveListOperationsIntegrationTests.before(DefaultReactiveListOperationsIntegrationTests.java:85)
Caused by: io.netty.channel.AbstractChannel$AnnotatedConnectException: syscall:getsockopt(..) failed: Connection refused: /127.0.0.1:6379
Caused by: io.netty.channel.unix.Errors$NativeConnectException: syscall:getsockopt(..) failed: Connection refused
</error>
  </testcase>
  <testcase name="leftPopWithMillisecondTimeoutShouldFail[Generic Jackson 2]" classname="org.springframework.data.redis.core.DefaultReactiveListOperationsIntegrationTests" time="0.001">
    <error message="Unable to connect to Redis; nested exception is io.lettuce.core.RedisConnectionException: Unable to connect to 127.0.0.1:6379" type="org.springframework.data.redis.RedisConnectionFailureException">org.springframework.data.redis.RedisConnectionFailureException: Unable to connect to Redis; nested exception is io.lettuce.core.RedisConnectionException: Unable to connect to 127.0.0.1:6379
	at org.springframework.data.redis.core.DefaultReactiveListOperationsIntegrationTests.before(DefaultReactiveListOperationsIntegrationTests.java:85)
Caused by: io.lettuce.core.RedisConnectionException: Unable to connect to 127.0.0.1:6379
	at org.springframework.data.redis.core.DefaultReactiveListOperationsIntegrationTests.before(DefaultReactiveListOperationsIntegrationTests.java:85)
Caused by: io.netty.channel.AbstractChannel$AnnotatedConnectException: syscall:getsockopt(..) failed: Connection refused: /127.0.0.1:6379
Caused by: io.netty.channel.unix.Errors$NativeConnectException: syscall:getsockopt(..) failed: Connection refused
</error>
  </testcase>
  <testcase name="leftPushIfPresent[Generic Jackson 2]" classname="org.springframework.data.redis.core.DefaultReactiveListOperationsIntegrationTests" time="0.001">
    <error message="Unable to connect to Redis; nested exception is io.lettuce.core.RedisConnectionException: Unable to connect to 127.0.0.1:6379" type="org.springframework.data.redis.RedisConnectionFailureException">org.springframework.data.redis.RedisConnectionFailureException: Unable to connect to Redis; nested exception is io.lettuce.core.RedisConnectionException: Unable to connect to 127.0.0.1:6379
	at org.springframework.data.redis.core.DefaultReactiveListOperationsIntegrationTests.before(DefaultReactiveListOperationsIntegrationTests.java:85)
Caused by: io.lettuce.core.RedisConnectionException: Unable to connect to 127.0.0.1:6379
	at org.springframework.data.redis.core.DefaultReactiveListOperationsIntegrationTests.before(DefaultReactiveListOperationsIntegrationTests.java:85)
Caused by: io.netty.channel.AbstractChannel$AnnotatedConnectException: syscall:getsockopt(..) failed: Connection refused: /127.0.0.1:6379
Caused by: io.netty.channel.unix.Errors$NativeConnectException: syscall:getsockopt(..) failed: Connection refused
</error>
  </testcase>
  <testcase name="rightPushIfPresent[Generic Jackson 2]" classname="org.springframework.data.redis.core.DefaultReactiveListOperationsIntegrationTests" time="0.001">
    <error message="Unable to connect to Redis; nested exception is io.lettuce.core.RedisConnectionException: Unable to connect to 127.0.0.1:6379" type="org.springframework.data.redis.RedisConnectionFailureException">org.springframework.data.redis.RedisConnectionFailureException: Unable to connect to Redis; nested exception is io.lettuce.core.RedisConnectionException: Unable to connect to 127.0.0.1:6379
	at org.springframework.data.redis.core.DefaultReactiveListOperationsIntegrationTests.before(DefaultReactiveListOperationsIntegrationTests.java:85)
Caused by: io.lettuce.core.RedisConnectionException: Unable to connect to 127.0.0.1:6379
	at org.springframework.data.redis.core.DefaultReactiveListOperationsIntegrationTests.before(DefaultReactiveListOperationsIntegrationTests.java:85)
Caused by: io.netty.channel.AbstractChannel$AnnotatedConnectException: syscall:getsockopt(..) failed: Connection refused: /127.0.0.1:6379
Caused by: io.netty.channel.unix.Errors$NativeConnectException: syscall:getsockopt(..) failed: Connection refused
</error>
  </testcase>
  <testcase name="leftPush[Generic Jackson 2]" classname="org.springframework.data.redis.core.DefaultReactiveListOperationsIntegrationTests" time="0.001">
    <error message="Unable to connect to Redis; nested exception is io.lettuce.core.RedisConnectionException: Unable to connect to 127.0.0.1:6379" type="org.springframework.data.redis.RedisConnectionFailureException">org.springframework.data.redis.RedisConnectionFailureException: Unable to connect to Redis; nested exception is io.lettuce.core.RedisConnectionException: Unable to connect to 127.0.0.1:6379
	at org.springframework.data.redis.core.DefaultReactiveListOperationsIntegrationTests.before(DefaultReactiveListOperationsIntegrationTests.java:85)
Caused by: io.lettuce.core.RedisConnectionException: Unable to connect to 127.0.0.1:6379
	at org.springframework.data.redis.core.DefaultReactiveListOperationsIntegrationTests.before(DefaultReactiveListOperationsIntegrationTests.java:85)
Caused by: io.netty.channel.AbstractChannel$AnnotatedConnectException: syscall:getsockopt(..) failed: Connection refused: /127.0.0.1:6379
Caused by: io.netty.channel.unix.Errors$NativeConnectException: syscall:getsockopt(..) failed: Connection refused
</error>
  </testcase>
  <testcase name="rightPushAll[Generic Jackson 2]" classname="org.springframework.data.redis.core.DefaultReactiveListOperationsIntegrationTests" time="0.001">
    <error message="Unable to connect to Redis; nested exception is io.lettuce.core.RedisConnectionException: Unable to connect to 127.0.0.1:6379" type="org.springframework.data.redis.RedisConnectionFailureException">org.springframework.data.redis.RedisConnectionFailureException: Unable to connect to Redis; nested exception is io.lettuce.core.RedisConnectionException: Unable to connect to 127.0.0.1:6379
	at org.springframework.data.redis.core.DefaultReactiveListOperationsIntegrationTests.before(DefaultReactiveListOperationsIntegrationTests.java:85)
Caused by: io.lettuce.core.RedisConnectionException: Unable to connect to 127.0.0.1:6379
	at org.springframework.data.redis.core.DefaultReactiveListOperationsIntegrationTests.before(DefaultReactiveListOperationsIntegrationTests.java:85)
Caused by: io.netty.channel.AbstractChannel$AnnotatedConnectException: syscall:getsockopt(..) failed: Connection refused: /127.0.0.1:6379
Caused by: io.netty.channel.unix.Errors$NativeConnectException: syscall:getsockopt(..) failed: Connection refused
</error>
  </testcase>
  <testcase name="rightPopAndLeftPush[Generic Jackson 2]" classname="org.springframework.data.redis.core.DefaultReactiveListOperationsIntegrationTests" time="0.002">
    <error message="Unable to connect to Redis; nested exception is io.lettuce.core.RedisConnectionException: Unable to connect to 127.0.0.1:6379" type="org.springframework.data.redis.RedisConnectionFailureException">org.springframework.data.redis.RedisConnectionFailureException: Unable to connect to Redis; nested exception is io.lettuce.core.RedisConnectionException: Unable to connect to 127.0.0.1:6379
	at org.springframework.data.redis.core.DefaultReactiveListOperationsIntegrationTests.before(DefaultReactiveListOperationsIntegrationTests.java:85)
Caused by: io.lettuce.core.RedisConnectionException: Unable to connect to 127.0.0.1:6379
	at org.springframework.data.redis.core.DefaultReactiveListOperationsIntegrationTests.before(DefaultReactiveListOperationsIntegrationTests.java:85)
Caused by: io.netty.channel.AbstractChannel$AnnotatedConnectException: syscall:getsockopt(..) failed: Connection refused: /127.0.0.1:6379
Caused by: io.netty.channel.unix.Errors$NativeConnectException: syscall:getsockopt(..) failed: Connection refused
</error>
  </testcase>
</testsuite>