<?xml version="1.0" encoding="UTF-8"?>
<testsuite xmlns:xsi="http://www.w3.org/2001/XMLSchema-instance" xsi:schemaLocation="https://maven.apache.org/surefire/maven-surefire-plugin/xsd/surefire-test-report.xsd" name="org.springframework.data.redis.core.RedisKeyValueAdapterTests" time="0.147" tests="58" errors="58" skipped="0" failures="0">
  <properties>
    <property name="java.runtime.name" value="OpenJDK Runtime Environment"/>
    <property name="sun.boot.library.path" value="/usr/lib/jvm/java-8-openjdk-amd64/jre/lib/amd64"/>
    <property name="java.vm.version" value="25.121-b13"/>
    <property name="java.vm.vendor" value="Oracle Corporation"/>
    <property name="maven.multiModuleProjectDirectory" value="/root/workspace/spring-projects/spring-data-redis/388703425"/>
    <property name="java.vendor.url" value="http://java.oracle.com/"/>
    <property name="path.separator" value=":"/>
    <property name="guice.disable.misplaced.annotation.check" value="true"/>
    <property name="skip.gulp" value="true"/>
    <property name="java.vm.name" value="OpenJDK 64-Bit Server VM"/>
    <property name="file.encoding.pkg" value="sun.io"/>
    <property name="sun.java.launcher" value="SUN_STANDARD"/>
    <property name="sun.os.patch.level" value="unknown"/>
    <property name="findbugs.skip" value="true"/>
    <property name="java.vm.specification.name" value="Java Virtual Machine Specification"/>
    <property name="user.dir" value="/root/workspace/spring-projects/spring-data-redis/388703425"/>
    <property name="checkstyle.skip" value="true"/>
    <property name="java.runtime.version" value="1.8.0_121-8u121-b13-1~bpo8+1-b13"/>
    <property name="java.awt.graphicsenv" value="sun.awt.X11GraphicsEnvironment"/>
    <property name="skip.npm" value="true"/>
    <property name="java.endorsed.dirs" value="/usr/lib/jvm/java-8-openjdk-amd64/jre/lib/endorsed"/>
    <property name="os.arch" value="amd64"/>
    <property name="java.io.tmpdir" value="/tmp"/>
    <property name="gpg.skip" value="true"/>
    <property name="line.separator" value="&#10;"/>
    <property name="java.vm.specification.vendor" value="Oracle Corporation"/>
    <property name="cobertura.skip" value="true"/>
    <property name="os.name" value="Linux"/>
    <property name="classworlds.conf" value="/usr/share/maven/bin/m2.conf"/>
    <property name="sun.jnu.encoding" value="UTF-8"/>
    <property name="java.library.path" value="/usr/java/packages/lib/amd64:/usr/lib/x86_64-linux-gnu/jni:/lib/x86_64-linux-gnu:/usr/lib/x86_64-linux-gnu:/usr/lib/jni:/lib:/usr/lib"/>
    <property name="license.skip" value="true"/>
    <property name="java.specification.name" value="Java Platform API Specification"/>
    <property name="java.class.version" value="52.0"/>
    <property name="sun.management.compiler" value="HotSpot 64-Bit Tiered Compilers"/>
    <property name="skip.bower" value="true"/>
    <property name="maven.repo.local" value="/root/./workspace/spring-projects/spring-data-redis/388703425/.m2"/>
    <property name="os.version" value="3.10.0-862.3.2.el7.x86_64"/>
    <property name="user.home" value="/root"/>
    <property name="user.timezone" value="Europe/Paris"/>
    <property name="java.awt.printerjob" value="sun.print.PSPrinterJob"/>
    <property name="java.specification.version" value="1.8"/>
    <property name="file.encoding" value="UTF-8"/>
    <property name="user.name" value="root"/>
    <property name="java.class.path" value="/usr/share/maven/boot/plexus-classworlds-2.5.2.jar"/>
    <property name="skipITs" value="true"/>
    <property name="java.vm.specification.version" value="1.8"/>
    <property name="sun.arch.data.model" value="64"/>
    <property name="java.home" value="/usr/lib/jvm/java-8-openjdk-amd64/jre"/>
    <property name="sun.java.command" value="org.codehaus.plexus.classworlds.launcher.Launcher -B -D enforcer.skip=true -D dependency-check.skip=true -D skipITs=true -D cobertura.skip=true -D maven.repo.local=/root/./workspace/spring-projects/spring-data-redis/388703425/.m2 -D rat.skip=true -D findbugs.skip=true -D skip.bower=true -D gpg.skip=true -D checkstyle.skip=true -D skip.gulp=true -D license.skip=true -D skip.npm=true test"/>
    <property name="java.specification.vendor" value="Oracle Corporation"/>
    <property name="user.language" value="en"/>
    <property name="awt.toolkit" value="sun.awt.X11.XToolkit"/>
    <property name="dependency-check.skip" value="true"/>
    <property name="java.vm.info" value="mixed mode"/>
    <property name="java.version" value="1.8.0_121"/>
    <property name="java.ext.dirs" value="/usr/lib/jvm/java-8-openjdk-amd64/jre/lib/ext:/usr/java/packages/lib/ext"/>
    <property name="securerandom.source" value="file:/dev/./urandom"/>
    <property name="sun.boot.class.path" value="/usr/lib/jvm/java-8-openjdk-amd64/jre/lib/resources.jar:/usr/lib/jvm/java-8-openjdk-amd64/jre/lib/rt.jar:/usr/lib/jvm/java-8-openjdk-amd64/jre/lib/sunrsasign.jar:/usr/lib/jvm/java-8-openjdk-amd64/jre/lib/jsse.jar:/usr/lib/jvm/java-8-openjdk-amd64/jre/lib/jce.jar:/usr/lib/jvm/java-8-openjdk-amd64/jre/lib/charsets.jar:/usr/lib/jvm/java-8-openjdk-amd64/jre/lib/jfr.jar:/usr/lib/jvm/java-8-openjdk-amd64/jre/classes"/>
    <property name="java.vendor" value="Oracle Corporation"/>
    <property name="enforcer.skip" value="true"/>
    <property name="rat.skip" value="true"/>
    <property name="maven.home" value="/usr/share/maven"/>
    <property name="file.separator" value="/"/>
    <property name="java.vendor.url.bug" value="http://bugreport.sun.com/bugreport/"/>
    <property name="sun.cpu.endian" value="little"/>
    <property name="sun.io.unicode.encoding" value="UnicodeLittle"/>
    <property name="sun.cpu.isalist" value=""/>
  </properties>
  <testcase name="getShouldReadSimpleObjectWithColonInIdCorrectly[0]" classname="org.springframework.data.redis.core.RedisKeyValueAdapterTests" time="0">
    <error message="Cannot get Jedis connection; nested exception is redis.clients.jedis.exceptions.JedisConnectionException: Could not get a resource from the pool" type="org.springframework.data.redis.RedisConnectionFailureException">org.springframework.data.redis.RedisConnectionFailureException: Cannot get Jedis connection; nested exception is redis.clients.jedis.exceptions.JedisConnectionException: Could not get a resource from the pool
	at org.springframework.data.redis.core.RedisKeyValueAdapterTests.setUp(RedisKeyValueAdapterTests.java:111)
Caused by: redis.clients.jedis.exceptions.JedisConnectionException: Could not get a resource from the pool
	at org.springframework.data.redis.core.RedisKeyValueAdapterTests.setUp(RedisKeyValueAdapterTests.java:111)
Caused by: redis.clients.jedis.exceptions.JedisConnectionException: java.net.ConnectException: Connection refused (Connection refused)
	at org.springframework.data.redis.core.RedisKeyValueAdapterTests.setUp(RedisKeyValueAdapterTests.java:111)
Caused by: java.net.ConnectException: Connection refused (Connection refused)
	at org.springframework.data.redis.core.RedisKeyValueAdapterTests.setUp(RedisKeyValueAdapterTests.java:111)
</error>
  </testcase>
  <testcase name="updateShouldAlterGeoIndexCorrectlyOnUpdate[0]" classname="org.springframework.data.redis.core.RedisKeyValueAdapterTests" time="0">
    <error message="Cannot get Jedis connection; nested exception is redis.clients.jedis.exceptions.JedisConnectionException: Could not get a resource from the pool" type="org.springframework.data.redis.RedisConnectionFailureException">org.springframework.data.redis.RedisConnectionFailureException: Cannot get Jedis connection; nested exception is redis.clients.jedis.exceptions.JedisConnectionException: Could not get a resource from the pool
	at org.springframework.data.redis.core.RedisKeyValueAdapterTests.setUp(RedisKeyValueAdapterTests.java:111)
Caused by: redis.clients.jedis.exceptions.JedisConnectionException: Could not get a resource from the pool
	at org.springframework.data.redis.core.RedisKeyValueAdapterTests.setUp(RedisKeyValueAdapterTests.java:111)
Caused by: redis.clients.jedis.exceptions.JedisConnectionException: java.net.ConnectException: Connection refused (Connection refused)
	at org.springframework.data.redis.core.RedisKeyValueAdapterTests.setUp(RedisKeyValueAdapterTests.java:111)
Caused by: java.net.ConnectException: Connection refused (Connection refused)
	at org.springframework.data.redis.core.RedisKeyValueAdapterTests.setUp(RedisKeyValueAdapterTests.java:111)
</error>
  </testcase>
  <testcase name="deleteShouldRemoveGeoIndexCorrectly[0]" classname="org.springframework.data.redis.core.RedisKeyValueAdapterTests" time="0">
    <error message="Cannot get Jedis connection; nested exception is redis.clients.jedis.exceptions.JedisConnectionException: Could not get a resource from the pool" type="org.springframework.data.redis.RedisConnectionFailureException">org.springframework.data.redis.RedisConnectionFailureException: Cannot get Jedis connection; nested exception is redis.clients.jedis.exceptions.JedisConnectionException: Could not get a resource from the pool
	at org.springframework.data.redis.core.RedisKeyValueAdapterTests.setUp(RedisKeyValueAdapterTests.java:111)
Caused by: redis.clients.jedis.exceptions.JedisConnectionException: Could not get a resource from the pool
	at org.springframework.data.redis.core.RedisKeyValueAdapterTests.setUp(RedisKeyValueAdapterTests.java:111)
Caused by: redis.clients.jedis.exceptions.JedisConnectionException: java.net.ConnectException: Connection refused (Connection refused)
	at org.springframework.data.redis.core.RedisKeyValueAdapterTests.setUp(RedisKeyValueAdapterTests.java:111)
Caused by: java.net.ConnectException: Connection refused (Connection refused)
	at org.springframework.data.redis.core.RedisKeyValueAdapterTests.setUp(RedisKeyValueAdapterTests.java:111)
</error>
  </testcase>
  <testcase name="putWritesSimpleIndexDataCorrectly[0]" classname="org.springframework.data.redis.core.RedisKeyValueAdapterTests" time="0">
    <error message="Cannot get Jedis connection; nested exception is redis.clients.jedis.exceptions.JedisConnectionException: Could not get a resource from the pool" type="org.springframework.data.redis.RedisConnectionFailureException">org.springframework.data.redis.RedisConnectionFailureException: Cannot get Jedis connection; nested exception is redis.clients.jedis.exceptions.JedisConnectionException: Could not get a resource from the pool
	at org.springframework.data.redis.core.RedisKeyValueAdapterTests.setUp(RedisKeyValueAdapterTests.java:111)
Caused by: redis.clients.jedis.exceptions.JedisConnectionException: Could not get a resource from the pool
	at org.springframework.data.redis.core.RedisKeyValueAdapterTests.setUp(RedisKeyValueAdapterTests.java:111)
Caused by: redis.clients.jedis.exceptions.JedisConnectionException: java.net.ConnectException: Connection refused (Connection refused)
	at org.springframework.data.redis.core.RedisKeyValueAdapterTests.setUp(RedisKeyValueAdapterTests.java:111)
Caused by: java.net.ConnectException: Connection refused (Connection refused)
	at org.springframework.data.redis.core.RedisKeyValueAdapterTests.setUp(RedisKeyValueAdapterTests.java:111)
</error>
  </testcase>
  <testcase name="putWritesDataCorrectly[0]" classname="org.springframework.data.redis.core.RedisKeyValueAdapterTests" time="0">
    <error message="Cannot get Jedis connection; nested exception is redis.clients.jedis.exceptions.JedisConnectionException: Could not get a resource from the pool" type="org.springframework.data.redis.RedisConnectionFailureException">org.springframework.data.redis.RedisConnectionFailureException: Cannot get Jedis connection; nested exception is redis.clients.jedis.exceptions.JedisConnectionException: Could not get a resource from the pool
	at org.springframework.data.redis.core.RedisKeyValueAdapterTests.setUp(RedisKeyValueAdapterTests.java:111)
Caused by: redis.clients.jedis.exceptions.JedisConnectionException: Could not get a resource from the pool
	at org.springframework.data.redis.core.RedisKeyValueAdapterTests.setUp(RedisKeyValueAdapterTests.java:111)
Caused by: redis.clients.jedis.exceptions.JedisConnectionException: java.net.ConnectException: Connection refused (Connection refused)
	at org.springframework.data.redis.core.RedisKeyValueAdapterTests.setUp(RedisKeyValueAdapterTests.java:111)
Caused by: java.net.ConnectException: Connection refused (Connection refused)
	at org.springframework.data.redis.core.RedisKeyValueAdapterTests.setUp(RedisKeyValueAdapterTests.java:111)
</error>
  </testcase>
  <testcase name="updateShouldRemoveSimpleMapValuesCorrectly[0]" classname="org.springframework.data.redis.core.RedisKeyValueAdapterTests" time="0">
    <error message="Cannot get Jedis connection; nested exception is redis.clients.jedis.exceptions.JedisConnectionException: Could not get a resource from the pool" type="org.springframework.data.redis.RedisConnectionFailureException">org.springframework.data.redis.RedisConnectionFailureException: Cannot get Jedis connection; nested exception is redis.clients.jedis.exceptions.JedisConnectionException: Could not get a resource from the pool
	at org.springframework.data.redis.core.RedisKeyValueAdapterTests.setUp(RedisKeyValueAdapterTests.java:111)
Caused by: redis.clients.jedis.exceptions.JedisConnectionException: Could not get a resource from the pool
	at org.springframework.data.redis.core.RedisKeyValueAdapterTests.setUp(RedisKeyValueAdapterTests.java:111)
Caused by: redis.clients.jedis.exceptions.JedisConnectionException: java.net.ConnectException: Connection refused (Connection refused)
	at org.springframework.data.redis.core.RedisKeyValueAdapterTests.setUp(RedisKeyValueAdapterTests.java:111)
Caused by: java.net.ConnectException: Connection refused (Connection refused)
	at org.springframework.data.redis.core.RedisKeyValueAdapterTests.setUp(RedisKeyValueAdapterTests.java:111)
</error>
  </testcase>
  <testcase name="putWritesNestedDataCorrectly[0]" classname="org.springframework.data.redis.core.RedisKeyValueAdapterTests" time="0">
    <error message="Cannot get Jedis connection; nested exception is redis.clients.jedis.exceptions.JedisConnectionException: Could not get a resource from the pool" type="org.springframework.data.redis.RedisConnectionFailureException">org.springframework.data.redis.RedisConnectionFailureException: Cannot get Jedis connection; nested exception is redis.clients.jedis.exceptions.JedisConnectionException: Could not get a resource from the pool
	at org.springframework.data.redis.core.RedisKeyValueAdapterTests.setUp(RedisKeyValueAdapterTests.java:111)
Caused by: redis.clients.jedis.exceptions.JedisConnectionException: Could not get a resource from the pool
	at org.springframework.data.redis.core.RedisKeyValueAdapterTests.setUp(RedisKeyValueAdapterTests.java:111)
Caused by: redis.clients.jedis.exceptions.JedisConnectionException: java.net.ConnectException: Connection refused (Connection refused)
	at org.springframework.data.redis.core.RedisKeyValueAdapterTests.setUp(RedisKeyValueAdapterTests.java:111)
Caused by: java.net.ConnectException: Connection refused (Connection refused)
	at org.springframework.data.redis.core.RedisKeyValueAdapterTests.setUp(RedisKeyValueAdapterTests.java:111)
</error>
    <system-out><![CDATA[2018-06-06 13:19:31,288 ERROR s.listener.RedisMessageListenerContainer: 651 - Connection failure occurred. Restarting subscription task after 5000 ms
2018-06-06 13:19:31,286 ERROR s.listener.RedisMessageListenerContainer: 651 - Connection failure occurred. Restarting subscription task after 5000 ms
2018-06-06 13:19:31,293 ERROR s.listener.RedisMessageListenerContainer: 651 - Connection failure occurred. Restarting subscription task after 5000 ms
]]></system-out>
  </testcase>
  <testcase name="putWritesIndexDataCorrectly[0]" classname="org.springframework.data.redis.core.RedisKeyValueAdapterTests" time="0">
    <error message="Cannot get Jedis connection; nested exception is redis.clients.jedis.exceptions.JedisConnectionException: Could not get a resource from the pool" type="org.springframework.data.redis.RedisConnectionFailureException">org.springframework.data.redis.RedisConnectionFailureException: Cannot get Jedis connection; nested exception is redis.clients.jedis.exceptions.JedisConnectionException: Could not get a resource from the pool
	at org.springframework.data.redis.core.RedisKeyValueAdapterTests.setUp(RedisKeyValueAdapterTests.java:111)
Caused by: redis.clients.jedis.exceptions.JedisConnectionException: Could not get a resource from the pool
	at org.springframework.data.redis.core.RedisKeyValueAdapterTests.setUp(RedisKeyValueAdapterTests.java:111)
Caused by: redis.clients.jedis.exceptions.JedisConnectionException: java.net.ConnectException: Connection refused (Connection refused)
	at org.springframework.data.redis.core.RedisKeyValueAdapterTests.setUp(RedisKeyValueAdapterTests.java:111)
Caused by: java.net.ConnectException: Connection refused (Connection refused)
	at org.springframework.data.redis.core.RedisKeyValueAdapterTests.setUp(RedisKeyValueAdapterTests.java:111)
</error>
    <system-out><![CDATA[2018-06-06 13:19:31,296 ERROR s.listener.RedisMessageListenerContainer: 651 - Connection failure occurred. Restarting subscription task after 5000 ms
]]></system-out>
  </testcase>
  <testcase name="keyExpiredEventWithoutKeyspaceShouldBeIgnored[0]" classname="org.springframework.data.redis.core.RedisKeyValueAdapterTests" time="0">
    <error message="Cannot get Jedis connection; nested exception is redis.clients.jedis.exceptions.JedisConnectionException: Could not get a resource from the pool" type="org.springframework.data.redis.RedisConnectionFailureException">org.springframework.data.redis.RedisConnectionFailureException: Cannot get Jedis connection; nested exception is redis.clients.jedis.exceptions.JedisConnectionException: Could not get a resource from the pool
	at org.springframework.data.redis.core.RedisKeyValueAdapterTests.setUp(RedisKeyValueAdapterTests.java:111)
Caused by: redis.clients.jedis.exceptions.JedisConnectionException: Could not get a resource from the pool
	at org.springframework.data.redis.core.RedisKeyValueAdapterTests.setUp(RedisKeyValueAdapterTests.java:111)
Caused by: redis.clients.jedis.exceptions.JedisConnectionException: java.net.ConnectException: Connection refused (Connection refused)
	at org.springframework.data.redis.core.RedisKeyValueAdapterTests.setUp(RedisKeyValueAdapterTests.java:111)
Caused by: java.net.ConnectException: Connection refused (Connection refused)
	at org.springframework.data.redis.core.RedisKeyValueAdapterTests.setUp(RedisKeyValueAdapterTests.java:111)
</error>
  </testcase>
  <testcase name="updateShouldRemoveComplexObjectCorrectly[0]" classname="org.springframework.data.redis.core.RedisKeyValueAdapterTests" time="0">
    <error message="Cannot get Jedis connection; nested exception is redis.clients.jedis.exceptions.JedisConnectionException: Could not get a resource from the pool" type="org.springframework.data.redis.RedisConnectionFailureException">org.springframework.data.redis.RedisConnectionFailureException: Cannot get Jedis connection; nested exception is redis.clients.jedis.exceptions.JedisConnectionException: Could not get a resource from the pool
	at org.springframework.data.redis.core.RedisKeyValueAdapterTests.setUp(RedisKeyValueAdapterTests.java:111)
Caused by: redis.clients.jedis.exceptions.JedisConnectionException: Could not get a resource from the pool
	at org.springframework.data.redis.core.RedisKeyValueAdapterTests.setUp(RedisKeyValueAdapterTests.java:111)
Caused by: redis.clients.jedis.exceptions.JedisConnectionException: java.net.ConnectException: Connection refused (Connection refused)
	at org.springframework.data.redis.core.RedisKeyValueAdapterTests.setUp(RedisKeyValueAdapterTests.java:111)
Caused by: java.net.ConnectException: Connection refused (Connection refused)
	at org.springframework.data.redis.core.RedisKeyValueAdapterTests.setUp(RedisKeyValueAdapterTests.java:111)
</error>
    <system-out><![CDATA[2018-06-06 13:19:31,302 ERROR s.listener.RedisMessageListenerContainer: 651 - Connection failure occurred. Restarting subscription task after 5000 ms
]]></system-out>
  </testcase>
  <testcase name="deleteCleansIndexedDataCorrectly[0]" classname="org.springframework.data.redis.core.RedisKeyValueAdapterTests" time="0">
    <error message="Cannot get Jedis connection; nested exception is redis.clients.jedis.exceptions.JedisConnectionException: Could not get a resource from the pool" type="org.springframework.data.redis.RedisConnectionFailureException">org.springframework.data.redis.RedisConnectionFailureException: Cannot get Jedis connection; nested exception is redis.clients.jedis.exceptions.JedisConnectionException: Could not get a resource from the pool
	at org.springframework.data.redis.core.RedisKeyValueAdapterTests.setUp(RedisKeyValueAdapterTests.java:111)
Caused by: redis.clients.jedis.exceptions.JedisConnectionException: Could not get a resource from the pool
	at org.springframework.data.redis.core.RedisKeyValueAdapterTests.setUp(RedisKeyValueAdapterTests.java:111)
Caused by: redis.clients.jedis.exceptions.JedisConnectionException: java.net.ConnectException: Connection refused (Connection refused)
	at org.springframework.data.redis.core.RedisKeyValueAdapterTests.setUp(RedisKeyValueAdapterTests.java:111)
Caused by: java.net.ConnectException: Connection refused (Connection refused)
	at org.springframework.data.redis.core.RedisKeyValueAdapterTests.setUp(RedisKeyValueAdapterTests.java:111)
</error>
  </testcase>
  <testcase name="keyExpiredEventShouldRemoveHelperStructuresForObjectsWithColonInId[0]" classname="org.springframework.data.redis.core.RedisKeyValueAdapterTests" time="0.006">
    <error message="Cannot get Jedis connection; nested exception is redis.clients.jedis.exceptions.JedisConnectionException: Could not get a resource from the pool" type="org.springframework.data.redis.RedisConnectionFailureException">org.springframework.data.redis.RedisConnectionFailureException: Cannot get Jedis connection; nested exception is redis.clients.jedis.exceptions.JedisConnectionException: Could not get a resource from the pool
	at org.springframework.data.redis.core.RedisKeyValueAdapterTests.setUp(RedisKeyValueAdapterTests.java:111)
Caused by: redis.clients.jedis.exceptions.JedisConnectionException: Could not get a resource from the pool
	at org.springframework.data.redis.core.RedisKeyValueAdapterTests.setUp(RedisKeyValueAdapterTests.java:111)
Caused by: redis.clients.jedis.exceptions.JedisConnectionException: java.net.ConnectException: Connection refused (Connection refused)
	at org.springframework.data.redis.core.RedisKeyValueAdapterTests.setUp(RedisKeyValueAdapterTests.java:111)
Caused by: java.net.ConnectException: Connection refused (Connection refused)
	at org.springframework.data.redis.core.RedisKeyValueAdapterTests.setUp(RedisKeyValueAdapterTests.java:111)
</error>
    <system-out><![CDATA[2018-06-06 13:19:31,317 ERROR s.listener.RedisMessageListenerContainer: 651 - Connection failure occurred. Restarting subscription task after 5000 ms
]]></system-out>
  </testcase>
  <testcase name="updateShouldAlterIndexDataOnNestedObjectPathCorrectly[0]" classname="org.springframework.data.redis.core.RedisKeyValueAdapterTests" time="0.003">
    <error message="Cannot get Jedis connection; nested exception is redis.clients.jedis.exceptions.JedisConnectionException: Could not get a resource from the pool" type="org.springframework.data.redis.RedisConnectionFailureException">org.springframework.data.redis.RedisConnectionFailureException: Cannot get Jedis connection; nested exception is redis.clients.jedis.exceptions.JedisConnectionException: Could not get a resource from the pool
	at org.springframework.data.redis.core.RedisKeyValueAdapterTests.setUp(RedisKeyValueAdapterTests.java:111)
Caused by: redis.clients.jedis.exceptions.JedisConnectionException: Could not get a resource from the pool
	at org.springframework.data.redis.core.RedisKeyValueAdapterTests.setUp(RedisKeyValueAdapterTests.java:111)
Caused by: redis.clients.jedis.exceptions.JedisConnectionException: java.net.ConnectException: Connection refused (Connection refused)
	at org.springframework.data.redis.core.RedisKeyValueAdapterTests.setUp(RedisKeyValueAdapterTests.java:111)
Caused by: java.net.ConnectException: Connection refused (Connection refused)
	at org.springframework.data.redis.core.RedisKeyValueAdapterTests.setUp(RedisKeyValueAdapterTests.java:111)
</error>
    <system-out><![CDATA[2018-06-06 13:19:31,320 ERROR s.listener.RedisMessageListenerContainer: 651 - Connection failure occurred. Restarting subscription task after 5000 ms
]]></system-out>
  </testcase>
  <testcase name="updateShouldAlterIndexDataForObjectsWithColonInIdCorrectly[0]" classname="org.springframework.data.redis.core.RedisKeyValueAdapterTests" time="0.004">
    <error message="Cannot get Jedis connection; nested exception is redis.clients.jedis.exceptions.JedisConnectionException: Could not get a resource from the pool" type="org.springframework.data.redis.RedisConnectionFailureException">org.springframework.data.redis.RedisConnectionFailureException: Cannot get Jedis connection; nested exception is redis.clients.jedis.exceptions.JedisConnectionException: Could not get a resource from the pool
	at org.springframework.data.redis.core.RedisKeyValueAdapterTests.setUp(RedisKeyValueAdapterTests.java:111)
Caused by: redis.clients.jedis.exceptions.JedisConnectionException: Could not get a resource from the pool
	at org.springframework.data.redis.core.RedisKeyValueAdapterTests.setUp(RedisKeyValueAdapterTests.java:111)
Caused by: redis.clients.jedis.exceptions.JedisConnectionException: java.net.ConnectException: Connection refused (Connection refused)
	at org.springframework.data.redis.core.RedisKeyValueAdapterTests.setUp(RedisKeyValueAdapterTests.java:111)
Caused by: java.net.ConnectException: Connection refused (Connection refused)
	at org.springframework.data.redis.core.RedisKeyValueAdapterTests.setUp(RedisKeyValueAdapterTests.java:111)
</error>
    <system-out><![CDATA[2018-06-06 13:19:31,323 ERROR s.listener.RedisMessageListenerContainer: 651 - Connection failure occurred. Restarting subscription task after 5000 ms
]]></system-out>
  </testcase>
  <testcase name="updateShouldRemoveSimpleListValuesCorrectly[0]" classname="org.springframework.data.redis.core.RedisKeyValueAdapterTests" time="0.001">
    <error message="Cannot get Jedis connection; nested exception is redis.clients.jedis.exceptions.JedisConnectionException: Could not get a resource from the pool" type="org.springframework.data.redis.RedisConnectionFailureException">org.springframework.data.redis.RedisConnectionFailureException: Cannot get Jedis connection; nested exception is redis.clients.jedis.exceptions.JedisConnectionException: Could not get a resource from the pool
	at org.springframework.data.redis.core.RedisKeyValueAdapterTests.setUp(RedisKeyValueAdapterTests.java:111)
Caused by: redis.clients.jedis.exceptions.JedisConnectionException: Could not get a resource from the pool
	at org.springframework.data.redis.core.RedisKeyValueAdapterTests.setUp(RedisKeyValueAdapterTests.java:111)
Caused by: redis.clients.jedis.exceptions.JedisConnectionException: java.net.ConnectException: Connection refused (Connection refused)
	at org.springframework.data.redis.core.RedisKeyValueAdapterTests.setUp(RedisKeyValueAdapterTests.java:111)
Caused by: java.net.ConnectException: Connection refused (Connection refused)
	at org.springframework.data.redis.core.RedisKeyValueAdapterTests.setUp(RedisKeyValueAdapterTests.java:111)
</error>
    <system-out><![CDATA[2018-06-06 13:19:31,325 ERROR s.listener.RedisMessageListenerContainer: 651 - Connection failure occurred. Restarting subscription task after 5000 ms
]]></system-out>
  </testcase>
  <testcase name="putShouldCreateGeoIndexCorrectly[0]" classname="org.springframework.data.redis.core.RedisKeyValueAdapterTests" time="0.002">
    <error message="Cannot get Jedis connection; nested exception is redis.clients.jedis.exceptions.JedisConnectionException: Could not get a resource from the pool" type="org.springframework.data.redis.RedisConnectionFailureException">org.springframework.data.redis.RedisConnectionFailureException: Cannot get Jedis connection; nested exception is redis.clients.jedis.exceptions.JedisConnectionException: Could not get a resource from the pool
	at org.springframework.data.redis.core.RedisKeyValueAdapterTests.setUp(RedisKeyValueAdapterTests.java:111)
Caused by: redis.clients.jedis.exceptions.JedisConnectionException: Could not get a resource from the pool
	at org.springframework.data.redis.core.RedisKeyValueAdapterTests.setUp(RedisKeyValueAdapterTests.java:111)
Caused by: redis.clients.jedis.exceptions.JedisConnectionException: java.net.ConnectException: Connection refused (Connection refused)
	at org.springframework.data.redis.core.RedisKeyValueAdapterTests.setUp(RedisKeyValueAdapterTests.java:111)
Caused by: java.net.ConnectException: Connection refused (Connection refused)
	at org.springframework.data.redis.core.RedisKeyValueAdapterTests.setUp(RedisKeyValueAdapterTests.java:111)
</error>
    <system-out><![CDATA[2018-06-06 13:19:31,328 ERROR s.listener.RedisMessageListenerContainer: 651 - Connection failure occurred. Restarting subscription task after 5000 ms
]]></system-out>
  </testcase>
  <testcase name="couldReadsKeyspaceSizeCorrectly[0]" classname="org.springframework.data.redis.core.RedisKeyValueAdapterTests" time="0.002">
    <error message="Cannot get Jedis connection; nested exception is redis.clients.jedis.exceptions.JedisConnectionException: Could not get a resource from the pool" type="org.springframework.data.redis.RedisConnectionFailureException">org.springframework.data.redis.RedisConnectionFailureException: Cannot get Jedis connection; nested exception is redis.clients.jedis.exceptions.JedisConnectionException: Could not get a resource from the pool
	at org.springframework.data.redis.core.RedisKeyValueAdapterTests.setUp(RedisKeyValueAdapterTests.java:111)
Caused by: redis.clients.jedis.exceptions.JedisConnectionException: Could not get a resource from the pool
	at org.springframework.data.redis.core.RedisKeyValueAdapterTests.setUp(RedisKeyValueAdapterTests.java:111)
Caused by: redis.clients.jedis.exceptions.JedisConnectionException: java.net.ConnectException: Connection refused (Connection refused)
	at org.springframework.data.redis.core.RedisKeyValueAdapterTests.setUp(RedisKeyValueAdapterTests.java:111)
Caused by: java.net.ConnectException: Connection refused (Connection refused)
	at org.springframework.data.redis.core.RedisKeyValueAdapterTests.setUp(RedisKeyValueAdapterTests.java:111)
</error>
    <system-out><![CDATA[2018-06-06 13:19:31,331 ERROR s.listener.RedisMessageListenerContainer: 651 - Connection failure occurred. Restarting subscription task after 5000 ms
]]></system-out>
  </testcase>
  <testcase name="putWritesSimpleIndexDataWithColonCorrectly[0]" classname="org.springframework.data.redis.core.RedisKeyValueAdapterTests" time="0.002">
    <error message="Cannot get Jedis connection; nested exception is redis.clients.jedis.exceptions.JedisConnectionException: Could not get a resource from the pool" type="org.springframework.data.redis.RedisConnectionFailureException">org.springframework.data.redis.RedisConnectionFailureException: Cannot get Jedis connection; nested exception is redis.clients.jedis.exceptions.JedisConnectionException: Could not get a resource from the pool
	at org.springframework.data.redis.core.RedisKeyValueAdapterTests.setUp(RedisKeyValueAdapterTests.java:111)
Caused by: redis.clients.jedis.exceptions.JedisConnectionException: Could not get a resource from the pool
	at org.springframework.data.redis.core.RedisKeyValueAdapterTests.setUp(RedisKeyValueAdapterTests.java:111)
Caused by: redis.clients.jedis.exceptions.JedisConnectionException: java.net.ConnectException: Connection refused (Connection refused)
	at org.springframework.data.redis.core.RedisKeyValueAdapterTests.setUp(RedisKeyValueAdapterTests.java:111)
Caused by: java.net.ConnectException: Connection refused (Connection refused)
	at org.springframework.data.redis.core.RedisKeyValueAdapterTests.setUp(RedisKeyValueAdapterTests.java:111)
</error>
    <system-out><![CDATA[2018-06-06 13:19:31,334 ERROR s.listener.RedisMessageListenerContainer: 651 - Connection failure occurred. Restarting subscription task after 5000 ms
]]></system-out>
  </testcase>
  <testcase name="keyExpiredEventShouldRemoveHelperStructures[0]" classname="org.springframework.data.redis.core.RedisKeyValueAdapterTests" time="0.003">
    <error message="Cannot get Jedis connection; nested exception is redis.clients.jedis.exceptions.JedisConnectionException: Could not get a resource from the pool" type="org.springframework.data.redis.RedisConnectionFailureException">org.springframework.data.redis.RedisConnectionFailureException: Cannot get Jedis connection; nested exception is redis.clients.jedis.exceptions.JedisConnectionException: Could not get a resource from the pool
	at org.springframework.data.redis.core.RedisKeyValueAdapterTests.setUp(RedisKeyValueAdapterTests.java:111)
Caused by: redis.clients.jedis.exceptions.JedisConnectionException: Could not get a resource from the pool
	at org.springframework.data.redis.core.RedisKeyValueAdapterTests.setUp(RedisKeyValueAdapterTests.java:111)
Caused by: redis.clients.jedis.exceptions.JedisConnectionException: java.net.ConnectException: Connection refused (Connection refused)
	at org.springframework.data.redis.core.RedisKeyValueAdapterTests.setUp(RedisKeyValueAdapterTests.java:111)
Caused by: java.net.ConnectException: Connection refused (Connection refused)
	at org.springframework.data.redis.core.RedisKeyValueAdapterTests.setUp(RedisKeyValueAdapterTests.java:111)
</error>
    <system-out><![CDATA[2018-06-06 13:19:31,336 ERROR s.listener.RedisMessageListenerContainer: 651 - Connection failure occurred. Restarting subscription task after 5000 ms
]]></system-out>
  </testcase>
  <testcase name="updateShouldAlterIndexDataOnNestedObjectCorrectly[0]" classname="org.springframework.data.redis.core.RedisKeyValueAdapterTests" time="0.002">
    <error message="Cannot get Jedis connection; nested exception is redis.clients.jedis.exceptions.JedisConnectionException: Could not get a resource from the pool" type="org.springframework.data.redis.RedisConnectionFailureException">org.springframework.data.redis.RedisConnectionFailureException: Cannot get Jedis connection; nested exception is redis.clients.jedis.exceptions.JedisConnectionException: Could not get a resource from the pool
	at org.springframework.data.redis.core.RedisKeyValueAdapterTests.setUp(RedisKeyValueAdapterTests.java:111)
Caused by: redis.clients.jedis.exceptions.JedisConnectionException: Could not get a resource from the pool
	at org.springframework.data.redis.core.RedisKeyValueAdapterTests.setUp(RedisKeyValueAdapterTests.java:111)
Caused by: redis.clients.jedis.exceptions.JedisConnectionException: java.net.ConnectException: Connection refused (Connection refused)
	at org.springframework.data.redis.core.RedisKeyValueAdapterTests.setUp(RedisKeyValueAdapterTests.java:111)
Caused by: java.net.ConnectException: Connection refused (Connection refused)
	at org.springframework.data.redis.core.RedisKeyValueAdapterTests.setUp(RedisKeyValueAdapterTests.java:111)
</error>
    <system-out><![CDATA[2018-06-06 13:19:31,339 ERROR s.listener.RedisMessageListenerContainer: 651 - Connection failure occurred. Restarting subscription task after 5000 ms
]]></system-out>
  </testcase>
  <testcase name="updateShouldAlterIndexDataCorrectly[0]" classname="org.springframework.data.redis.core.RedisKeyValueAdapterTests" time="0.002">
    <error message="Cannot get Jedis connection; nested exception is redis.clients.jedis.exceptions.JedisConnectionException: Could not get a resource from the pool" type="org.springframework.data.redis.RedisConnectionFailureException">org.springframework.data.redis.RedisConnectionFailureException: Cannot get Jedis connection; nested exception is redis.clients.jedis.exceptions.JedisConnectionException: Could not get a resource from the pool
	at org.springframework.data.redis.core.RedisKeyValueAdapterTests.setUp(RedisKeyValueAdapterTests.java:111)
Caused by: redis.clients.jedis.exceptions.JedisConnectionException: Could not get a resource from the pool
	at org.springframework.data.redis.core.RedisKeyValueAdapterTests.setUp(RedisKeyValueAdapterTests.java:111)
Caused by: redis.clients.jedis.exceptions.JedisConnectionException: java.net.ConnectException: Connection refused (Connection refused)
	at org.springframework.data.redis.core.RedisKeyValueAdapterTests.setUp(RedisKeyValueAdapterTests.java:111)
Caused by: java.net.ConnectException: Connection refused (Connection refused)
	at org.springframework.data.redis.core.RedisKeyValueAdapterTests.setUp(RedisKeyValueAdapterTests.java:111)
</error>
    <system-out><![CDATA[2018-06-06 13:19:31,341 ERROR s.listener.RedisMessageListenerContainer: 651 - Connection failure occurred. Restarting subscription task after 5000 ms
]]></system-out>
  </testcase>
  <testcase name="updateShouldRemoveComplexMapValuesCorrectly[0]" classname="org.springframework.data.redis.core.RedisKeyValueAdapterTests" time="0.003">
    <error message="Cannot get Jedis connection; nested exception is redis.clients.jedis.exceptions.JedisConnectionException: Could not get a resource from the pool" type="org.springframework.data.redis.RedisConnectionFailureException">org.springframework.data.redis.RedisConnectionFailureException: Cannot get Jedis connection; nested exception is redis.clients.jedis.exceptions.JedisConnectionException: Could not get a resource from the pool
	at org.springframework.data.redis.core.RedisKeyValueAdapterTests.setUp(RedisKeyValueAdapterTests.java:111)
Caused by: redis.clients.jedis.exceptions.JedisConnectionException: Could not get a resource from the pool
	at org.springframework.data.redis.core.RedisKeyValueAdapterTests.setUp(RedisKeyValueAdapterTests.java:111)
Caused by: redis.clients.jedis.exceptions.JedisConnectionException: java.net.ConnectException: Connection refused (Connection refused)
	at org.springframework.data.redis.core.RedisKeyValueAdapterTests.setUp(RedisKeyValueAdapterTests.java:111)
Caused by: java.net.ConnectException: Connection refused (Connection refused)
	at org.springframework.data.redis.core.RedisKeyValueAdapterTests.setUp(RedisKeyValueAdapterTests.java:111)
</error>
    <system-out><![CDATA[2018-06-06 13:19:31,344 ERROR s.listener.RedisMessageListenerContainer: 651 - Connection failure occurred. Restarting subscription task after 5000 ms
]]></system-out>
  </testcase>
  <testcase name="putWritesSimpleNestedIndexValuesCorrectly[0]" classname="org.springframework.data.redis.core.RedisKeyValueAdapterTests" time="0.002">
    <error message="Cannot get Jedis connection; nested exception is redis.clients.jedis.exceptions.JedisConnectionException: Could not get a resource from the pool" type="org.springframework.data.redis.RedisConnectionFailureException">org.springframework.data.redis.RedisConnectionFailureException: Cannot get Jedis connection; nested exception is redis.clients.jedis.exceptions.JedisConnectionException: Could not get a resource from the pool
	at org.springframework.data.redis.core.RedisKeyValueAdapterTests.setUp(RedisKeyValueAdapterTests.java:111)
Caused by: redis.clients.jedis.exceptions.JedisConnectionException: Could not get a resource from the pool
	at org.springframework.data.redis.core.RedisKeyValueAdapterTests.setUp(RedisKeyValueAdapterTests.java:111)
Caused by: redis.clients.jedis.exceptions.JedisConnectionException: java.net.ConnectException: Connection refused (Connection refused)
	at org.springframework.data.redis.core.RedisKeyValueAdapterTests.setUp(RedisKeyValueAdapterTests.java:111)
Caused by: java.net.ConnectException: Connection refused (Connection refused)
	at org.springframework.data.redis.core.RedisKeyValueAdapterTests.setUp(RedisKeyValueAdapterTests.java:111)
</error>
    <system-out><![CDATA[2018-06-06 13:19:31,347 ERROR s.listener.RedisMessageListenerContainer: 651 - Connection failure occurred. Restarting subscription task after 5000 ms
]]></system-out>
  </testcase>
  <testcase name="getShouldReadNestedObjectCorrectly[0]" classname="org.springframework.data.redis.core.RedisKeyValueAdapterTests" time="0.003">
    <error message="Cannot get Jedis connection; nested exception is redis.clients.jedis.exceptions.JedisConnectionException: Could not get a resource from the pool" type="org.springframework.data.redis.RedisConnectionFailureException">org.springframework.data.redis.RedisConnectionFailureException: Cannot get Jedis connection; nested exception is redis.clients.jedis.exceptions.JedisConnectionException: Could not get a resource from the pool
	at org.springframework.data.redis.core.RedisKeyValueAdapterTests.setUp(RedisKeyValueAdapterTests.java:111)
Caused by: redis.clients.jedis.exceptions.JedisConnectionException: Could not get a resource from the pool
	at org.springframework.data.redis.core.RedisKeyValueAdapterTests.setUp(RedisKeyValueAdapterTests.java:111)
Caused by: redis.clients.jedis.exceptions.JedisConnectionException: java.net.ConnectException: Connection refused (Connection refused)
	at org.springframework.data.redis.core.RedisKeyValueAdapterTests.setUp(RedisKeyValueAdapterTests.java:111)
Caused by: java.net.ConnectException: Connection refused (Connection refused)
	at org.springframework.data.redis.core.RedisKeyValueAdapterTests.setUp(RedisKeyValueAdapterTests.java:111)
</error>
    <system-out><![CDATA[2018-06-06 13:19:31,349 ERROR s.listener.RedisMessageListenerContainer: 651 - Connection failure occurred. Restarting subscription task after 5000 ms
]]></system-out>
  </testcase>
  <testcase name="deleteRemovesEntriesCorrectly[0]" classname="org.springframework.data.redis.core.RedisKeyValueAdapterTests" time="0.002">
    <error message="Cannot get Jedis connection; nested exception is redis.clients.jedis.exceptions.JedisConnectionException: Could not get a resource from the pool" type="org.springframework.data.redis.RedisConnectionFailureException">org.springframework.data.redis.RedisConnectionFailureException: Cannot get Jedis connection; nested exception is redis.clients.jedis.exceptions.JedisConnectionException: Could not get a resource from the pool
	at org.springframework.data.redis.core.RedisKeyValueAdapterTests.setUp(RedisKeyValueAdapterTests.java:111)
Caused by: redis.clients.jedis.exceptions.JedisConnectionException: Could not get a resource from the pool
	at org.springframework.data.redis.core.RedisKeyValueAdapterTests.setUp(RedisKeyValueAdapterTests.java:111)
Caused by: redis.clients.jedis.exceptions.JedisConnectionException: java.net.ConnectException: Connection refused (Connection refused)
	at org.springframework.data.redis.core.RedisKeyValueAdapterTests.setUp(RedisKeyValueAdapterTests.java:111)
Caused by: java.net.ConnectException: Connection refused (Connection refused)
	at org.springframework.data.redis.core.RedisKeyValueAdapterTests.setUp(RedisKeyValueAdapterTests.java:111)
</error>
    <system-out><![CDATA[2018-06-06 13:19:31,352 ERROR s.listener.RedisMessageListenerContainer: 651 - Connection failure occurred. Restarting subscription task after 5000 ms
]]></system-out>
  </testcase>
  <testcase name="putWritesDataWithColonCorrectly[0]" classname="org.springframework.data.redis.core.RedisKeyValueAdapterTests" time="0.003">
    <error message="Cannot get Jedis connection; nested exception is redis.clients.jedis.exceptions.JedisConnectionException: Could not get a resource from the pool" type="org.springframework.data.redis.RedisConnectionFailureException">org.springframework.data.redis.RedisConnectionFailureException: Cannot get Jedis connection; nested exception is redis.clients.jedis.exceptions.JedisConnectionException: Could not get a resource from the pool
	at org.springframework.data.redis.core.RedisKeyValueAdapterTests.setUp(RedisKeyValueAdapterTests.java:111)
Caused by: redis.clients.jedis.exceptions.JedisConnectionException: Could not get a resource from the pool
	at org.springframework.data.redis.core.RedisKeyValueAdapterTests.setUp(RedisKeyValueAdapterTests.java:111)
Caused by: redis.clients.jedis.exceptions.JedisConnectionException: java.net.ConnectException: Connection refused (Connection refused)
	at org.springframework.data.redis.core.RedisKeyValueAdapterTests.setUp(RedisKeyValueAdapterTests.java:111)
Caused by: java.net.ConnectException: Connection refused (Connection refused)
	at org.springframework.data.redis.core.RedisKeyValueAdapterTests.setUp(RedisKeyValueAdapterTests.java:111)
</error>
    <system-out><![CDATA[2018-06-06 13:19:31,354 ERROR s.listener.RedisMessageListenerContainer: 651 - Connection failure occurred. Restarting subscription task after 5000 ms
]]></system-out>
  </testcase>
  <testcase name="getShouldReadSimpleObjectCorrectly[0]" classname="org.springframework.data.redis.core.RedisKeyValueAdapterTests" time="0.003">
    <error message="Cannot get Jedis connection; nested exception is redis.clients.jedis.exceptions.JedisConnectionException: Could not get a resource from the pool" type="org.springframework.data.redis.RedisConnectionFailureException">org.springframework.data.redis.RedisConnectionFailureException: Cannot get Jedis connection; nested exception is redis.clients.jedis.exceptions.JedisConnectionException: Could not get a resource from the pool
	at org.springframework.data.redis.core.RedisKeyValueAdapterTests.setUp(RedisKeyValueAdapterTests.java:111)
Caused by: redis.clients.jedis.exceptions.JedisConnectionException: Could not get a resource from the pool
	at org.springframework.data.redis.core.RedisKeyValueAdapterTests.setUp(RedisKeyValueAdapterTests.java:111)
Caused by: redis.clients.jedis.exceptions.JedisConnectionException: java.net.ConnectException: Connection refused (Connection refused)
	at org.springframework.data.redis.core.RedisKeyValueAdapterTests.setUp(RedisKeyValueAdapterTests.java:111)
Caused by: java.net.ConnectException: Connection refused (Connection refused)
	at org.springframework.data.redis.core.RedisKeyValueAdapterTests.setUp(RedisKeyValueAdapterTests.java:111)
</error>
  </testcase>
  <testcase name="updateShouldAlterGeoIndexCorrectlyOnDelete[0]" classname="org.springframework.data.redis.core.RedisKeyValueAdapterTests" time="0.004">
    <error message="Cannot get Jedis connection; nested exception is redis.clients.jedis.exceptions.JedisConnectionException: Could not get a resource from the pool" type="org.springframework.data.redis.RedisConnectionFailureException">org.springframework.data.redis.RedisConnectionFailureException: Cannot get Jedis connection; nested exception is redis.clients.jedis.exceptions.JedisConnectionException: Could not get a resource from the pool
	at org.springframework.data.redis.core.RedisKeyValueAdapterTests.setUp(RedisKeyValueAdapterTests.java:111)
Caused by: redis.clients.jedis.exceptions.JedisConnectionException: Could not get a resource from the pool
	at org.springframework.data.redis.core.RedisKeyValueAdapterTests.setUp(RedisKeyValueAdapterTests.java:111)
Caused by: redis.clients.jedis.exceptions.JedisConnectionException: java.net.ConnectException: Connection refused (Connection refused)
	at org.springframework.data.redis.core.RedisKeyValueAdapterTests.setUp(RedisKeyValueAdapterTests.java:111)
Caused by: java.net.ConnectException: Connection refused (Connection refused)
	at org.springframework.data.redis.core.RedisKeyValueAdapterTests.setUp(RedisKeyValueAdapterTests.java:111)
</error>
  </testcase>
  <testcase name="updateShouldRemoveComplexListValuesCorrectly[0]" classname="org.springframework.data.redis.core.RedisKeyValueAdapterTests" time="0.005">
    <error message="Cannot get Jedis connection; nested exception is redis.clients.jedis.exceptions.JedisConnectionException: Could not get a resource from the pool" type="org.springframework.data.redis.RedisConnectionFailureException">org.springframework.data.redis.RedisConnectionFailureException: Cannot get Jedis connection; nested exception is redis.clients.jedis.exceptions.JedisConnectionException: Could not get a resource from the pool
	at org.springframework.data.redis.core.RedisKeyValueAdapterTests.setUp(RedisKeyValueAdapterTests.java:111)
Caused by: redis.clients.jedis.exceptions.JedisConnectionException: Could not get a resource from the pool
	at org.springframework.data.redis.core.RedisKeyValueAdapterTests.setUp(RedisKeyValueAdapterTests.java:111)
Caused by: redis.clients.jedis.exceptions.JedisConnectionException: java.net.ConnectException: Connection refused (Connection refused)
	at org.springframework.data.redis.core.RedisKeyValueAdapterTests.setUp(RedisKeyValueAdapterTests.java:111)
Caused by: java.net.ConnectException: Connection refused (Connection refused)
	at org.springframework.data.redis.core.RedisKeyValueAdapterTests.setUp(RedisKeyValueAdapterTests.java:111)
</error>
  </testcase>
  <testcase name="getShouldReadSimpleObjectWithColonInIdCorrectly[1]" classname="org.springframework.data.redis.core.RedisKeyValueAdapterTests" time="0.004">
    <error message="Unable to connect to Redis; nested exception is io.lettuce.core.RedisConnectionException: Unable to connect to localhost:6379" type="org.springframework.data.redis.RedisConnectionFailureException">org.springframework.data.redis.RedisConnectionFailureException: Unable to connect to Redis; nested exception is io.lettuce.core.RedisConnectionException: Unable to connect to localhost:6379
	at org.springframework.data.redis.core.RedisKeyValueAdapterTests.setUp(RedisKeyValueAdapterTests.java:111)
Caused by: io.lettuce.core.RedisConnectionException: Unable to connect to localhost:6379
	at org.springframework.data.redis.core.RedisKeyValueAdapterTests.setUp(RedisKeyValueAdapterTests.java:111)
Caused by: io.netty.channel.AbstractChannel$AnnotatedConnectException: syscall:getsockopt(..) failed: Connection refused: localhost/127.0.0.1:6379
Caused by: io.netty.channel.unix.Errors$NativeConnectException: syscall:getsockopt(..) failed: Connection refused
</error>
  </testcase>
  <testcase name="updateShouldAlterGeoIndexCorrectlyOnUpdate[1]" classname="org.springframework.data.redis.core.RedisKeyValueAdapterTests" time="0.004">
    <error message="Unable to connect to Redis; nested exception is io.lettuce.core.RedisConnectionException: Unable to connect to localhost:6379" type="org.springframework.data.redis.RedisConnectionFailureException">org.springframework.data.redis.RedisConnectionFailureException: Unable to connect to Redis; nested exception is io.lettuce.core.RedisConnectionException: Unable to connect to localhost:6379
	at org.springframework.data.redis.core.RedisKeyValueAdapterTests.setUp(RedisKeyValueAdapterTests.java:111)
Caused by: io.lettuce.core.RedisConnectionException: Unable to connect to localhost:6379
	at org.springframework.data.redis.core.RedisKeyValueAdapterTests.setUp(RedisKeyValueAdapterTests.java:111)
Caused by: io.netty.channel.AbstractChannel$AnnotatedConnectException: syscall:getsockopt(..) failed: Connection refused: localhost/127.0.0.1:6379
Caused by: io.netty.channel.unix.Errors$NativeConnectException: syscall:getsockopt(..) failed: Connection refused
</error>
  </testcase>
  <testcase name="deleteShouldRemoveGeoIndexCorrectly[1]" classname="org.springframework.data.redis.core.RedisKeyValueAdapterTests" time="0.002">
    <error message="Unable to connect to Redis; nested exception is io.lettuce.core.RedisConnectionException: Unable to connect to localhost:6379" type="org.springframework.data.redis.RedisConnectionFailureException">org.springframework.data.redis.RedisConnectionFailureException: Unable to connect to Redis; nested exception is io.lettuce.core.RedisConnectionException: Unable to connect to localhost:6379
	at org.springframework.data.redis.core.RedisKeyValueAdapterTests.setUp(RedisKeyValueAdapterTests.java:111)
Caused by: io.lettuce.core.RedisConnectionException: Unable to connect to localhost:6379
	at org.springframework.data.redis.core.RedisKeyValueAdapterTests.setUp(RedisKeyValueAdapterTests.java:111)
Caused by: io.netty.channel.AbstractChannel$AnnotatedConnectException: syscall:getsockopt(..) failed: Connection refused: localhost/127.0.0.1:6379
Caused by: io.netty.channel.unix.Errors$NativeConnectException: syscall:getsockopt(..) failed: Connection refused
</error>
  </testcase>
  <testcase name="putWritesSimpleIndexDataCorrectly[1]" classname="org.springframework.data.redis.core.RedisKeyValueAdapterTests" time="0.002">
    <error message="Unable to connect to Redis; nested exception is io.lettuce.core.RedisConnectionException: Unable to connect to localhost:6379" type="org.springframework.data.redis.RedisConnectionFailureException">org.springframework.data.redis.RedisConnectionFailureException: Unable to connect to Redis; nested exception is io.lettuce.core.RedisConnectionException: Unable to connect to localhost:6379
	at org.springframework.data.redis.core.RedisKeyValueAdapterTests.setUp(RedisKeyValueAdapterTests.java:111)
Caused by: io.lettuce.core.RedisConnectionException: Unable to connect to localhost:6379
	at org.springframework.data.redis.core.RedisKeyValueAdapterTests.setUp(RedisKeyValueAdapterTests.java:111)
Caused by: io.netty.channel.AbstractChannel$AnnotatedConnectException: syscall:getsockopt(..) failed: Connection refused: localhost/127.0.0.1:6379
Caused by: io.netty.channel.unix.Errors$NativeConnectException: syscall:getsockopt(..) failed: Connection refused
</error>
  </testcase>
  <testcase name="putWritesDataCorrectly[1]" classname="org.springframework.data.redis.core.RedisKeyValueAdapterTests" time="0.002">
    <error message="Unable to connect to Redis; nested exception is io.lettuce.core.RedisConnectionException: Unable to connect to localhost:6379" type="org.springframework.data.redis.RedisConnectionFailureException">org.springframework.data.redis.RedisConnectionFailureException: Unable to connect to Redis; nested exception is io.lettuce.core.RedisConnectionException: Unable to connect to localhost:6379
	at org.springframework.data.redis.core.RedisKeyValueAdapterTests.setUp(RedisKeyValueAdapterTests.java:111)
Caused by: io.lettuce.core.RedisConnectionException: Unable to connect to localhost:6379
	at org.springframework.data.redis.core.RedisKeyValueAdapterTests.setUp(RedisKeyValueAdapterTests.java:111)
Caused by: io.netty.channel.AbstractChannel$AnnotatedConnectException: syscall:getsockopt(..) failed: Connection refused: localhost/127.0.0.1:6379
Caused by: io.netty.channel.unix.Errors$NativeConnectException: syscall:getsockopt(..) failed: Connection refused
</error>
  </testcase>
  <testcase name="updateShouldRemoveSimpleMapValuesCorrectly[1]" classname="org.springframework.data.redis.core.RedisKeyValueAdapterTests" time="0.006">
    <error message="Unable to connect to Redis; nested exception is io.lettuce.core.RedisConnectionException: Unable to connect to localhost:6379" type="org.springframework.data.redis.RedisConnectionFailureException">org.springframework.data.redis.RedisConnectionFailureException: Unable to connect to Redis; nested exception is io.lettuce.core.RedisConnectionException: Unable to connect to localhost:6379
	at org.springframework.data.redis.core.RedisKeyValueAdapterTests.setUp(RedisKeyValueAdapterTests.java:111)
Caused by: io.lettuce.core.RedisConnectionException: Unable to connect to localhost:6379
	at org.springframework.data.redis.core.RedisKeyValueAdapterTests.setUp(RedisKeyValueAdapterTests.java:111)
Caused by: io.netty.channel.AbstractChannel$AnnotatedConnectException: syscall:getsockopt(..) failed: Connection refused: localhost/127.0.0.1:6379
Caused by: io.netty.channel.unix.Errors$NativeConnectException: syscall:getsockopt(..) failed: Connection refused
</error>
  </testcase>
  <testcase name="putWritesNestedDataCorrectly[1]" classname="org.springframework.data.redis.core.RedisKeyValueAdapterTests" time="0.004">
    <error message="Unable to connect to Redis; nested exception is io.lettuce.core.RedisConnectionException: Unable to connect to localhost:6379" type="org.springframework.data.redis.RedisConnectionFailureException">org.springframework.data.redis.RedisConnectionFailureException: Unable to connect to Redis; nested exception is io.lettuce.core.RedisConnectionException: Unable to connect to localhost:6379
	at org.springframework.data.redis.core.RedisKeyValueAdapterTests.setUp(RedisKeyValueAdapterTests.java:111)
Caused by: io.lettuce.core.RedisConnectionException: Unable to connect to localhost:6379
	at org.springframework.data.redis.core.RedisKeyValueAdapterTests.setUp(RedisKeyValueAdapterTests.java:111)
Caused by: io.netty.channel.AbstractChannel$AnnotatedConnectException: syscall:getsockopt(..) failed: Connection refused: localhost/127.0.0.1:6379
Caused by: io.netty.channel.unix.Errors$NativeConnectException: syscall:getsockopt(..) failed: Connection refused
</error>
  </testcase>
  <testcase name="putWritesIndexDataCorrectly[1]" classname="org.springframework.data.redis.core.RedisKeyValueAdapterTests" time="0.002">
    <error message="Unable to connect to Redis; nested exception is io.lettuce.core.RedisConnectionException: Unable to connect to localhost:6379" type="org.springframework.data.redis.RedisConnectionFailureException">org.springframework.data.redis.RedisConnectionFailureException: Unable to connect to Redis; nested exception is io.lettuce.core.RedisConnectionException: Unable to connect to localhost:6379
	at org.springframework.data.redis.core.RedisKeyValueAdapterTests.setUp(RedisKeyValueAdapterTests.java:111)
Caused by: io.lettuce.core.RedisConnectionException: Unable to connect to localhost:6379
	at org.springframework.data.redis.core.RedisKeyValueAdapterTests.setUp(RedisKeyValueAdapterTests.java:111)
Caused by: io.netty.channel.AbstractChannel$AnnotatedConnectException: syscall:getsockopt(..) failed: Connection refused: localhost/127.0.0.1:6379
Caused by: io.netty.channel.unix.Errors$NativeConnectException: syscall:getsockopt(..) failed: Connection refused
</error>
  </testcase>
  <testcase name="keyExpiredEventWithoutKeyspaceShouldBeIgnored[1]" classname="org.springframework.data.redis.core.RedisKeyValueAdapterTests" time="0.003">
    <error message="Unable to connect to Redis; nested exception is io.lettuce.core.RedisConnectionException: Unable to connect to localhost:6379" type="org.springframework.data.redis.RedisConnectionFailureException">org.springframework.data.redis.RedisConnectionFailureException: Unable to connect to Redis; nested exception is io.lettuce.core.RedisConnectionException: Unable to connect to localhost:6379
	at org.springframework.data.redis.core.RedisKeyValueAdapterTests.setUp(RedisKeyValueAdapterTests.java:111)
Caused by: io.lettuce.core.RedisConnectionException: Unable to connect to localhost:6379
	at org.springframework.data.redis.core.RedisKeyValueAdapterTests.setUp(RedisKeyValueAdapterTests.java:111)
Caused by: io.netty.channel.AbstractChannel$AnnotatedConnectException: syscall:getsockopt(..) failed: Connection refused: localhost/127.0.0.1:6379
Caused by: io.netty.channel.unix.Errors$NativeConnectException: syscall:getsockopt(..) failed: Connection refused
</error>
  </testcase>
  <testcase name="updateShouldRemoveComplexObjectCorrectly[1]" classname="org.springframework.data.redis.core.RedisKeyValueAdapterTests" time="0.002">
    <error message="Unable to connect to Redis; nested exception is io.lettuce.core.RedisConnectionException: Unable to connect to localhost:6379" type="org.springframework.data.redis.RedisConnectionFailureException">org.springframework.data.redis.RedisConnectionFailureException: Unable to connect to Redis; nested exception is io.lettuce.core.RedisConnectionException: Unable to connect to localhost:6379
	at org.springframework.data.redis.core.RedisKeyValueAdapterTests.setUp(RedisKeyValueAdapterTests.java:111)
Caused by: io.lettuce.core.RedisConnectionException: Unable to connect to localhost:6379
	at org.springframework.data.redis.core.RedisKeyValueAdapterTests.setUp(RedisKeyValueAdapterTests.java:111)
Caused by: io.netty.channel.AbstractChannel$AnnotatedConnectException: syscall:getsockopt(..) failed: Connection refused: localhost/127.0.0.1:6379
Caused by: io.netty.channel.unix.Errors$NativeConnectException: syscall:getsockopt(..) failed: Connection refused
</error>
  </testcase>
  <testcase name="deleteCleansIndexedDataCorrectly[1]" classname="org.springframework.data.redis.core.RedisKeyValueAdapterTests" time="0.003">
    <error message="Unable to connect to Redis; nested exception is io.lettuce.core.RedisConnectionException: Unable to connect to localhost:6379" type="org.springframework.data.redis.RedisConnectionFailureException">org.springframework.data.redis.RedisConnectionFailureException: Unable to connect to Redis; nested exception is io.lettuce.core.RedisConnectionException: Unable to connect to localhost:6379
	at org.springframework.data.redis.core.RedisKeyValueAdapterTests.setUp(RedisKeyValueAdapterTests.java:111)
Caused by: io.lettuce.core.RedisConnectionException: Unable to connect to localhost:6379
	at org.springframework.data.redis.core.RedisKeyValueAdapterTests.setUp(RedisKeyValueAdapterTests.java:111)
Caused by: io.netty.channel.AbstractChannel$AnnotatedConnectException: syscall:getsockopt(..) failed: Connection refused: localhost/127.0.0.1:6379
Caused by: io.netty.channel.unix.Errors$NativeConnectException: syscall:getsockopt(..) failed: Connection refused
</error>
  </testcase>
  <testcase name="keyExpiredEventShouldRemoveHelperStructuresForObjectsWithColonInId[1]" classname="org.springframework.data.redis.core.RedisKeyValueAdapterTests" time="0.003">
    <error message="Unable to connect to Redis; nested exception is io.lettuce.core.RedisConnectionException: Unable to connect to localhost:6379" type="org.springframework.data.redis.RedisConnectionFailureException">org.springframework.data.redis.RedisConnectionFailureException: Unable to connect to Redis; nested exception is io.lettuce.core.RedisConnectionException: Unable to connect to localhost:6379
	at org.springframework.data.redis.core.RedisKeyValueAdapterTests.setUp(RedisKeyValueAdapterTests.java:111)
Caused by: io.lettuce.core.RedisConnectionException: Unable to connect to localhost:6379
	at org.springframework.data.redis.core.RedisKeyValueAdapterTests.setUp(RedisKeyValueAdapterTests.java:111)
Caused by: io.netty.channel.AbstractChannel$AnnotatedConnectException: syscall:getsockopt(..) failed: Connection refused: localhost/127.0.0.1:6379
Caused by: io.netty.channel.unix.Errors$NativeConnectException: syscall:getsockopt(..) failed: Connection refused
</error>
  </testcase>
  <testcase name="updateShouldAlterIndexDataOnNestedObjectPathCorrectly[1]" classname="org.springframework.data.redis.core.RedisKeyValueAdapterTests" time="0.002">
    <error message="Unable to connect to Redis; nested exception is io.lettuce.core.RedisConnectionException: Unable to connect to localhost:6379" type="org.springframework.data.redis.RedisConnectionFailureException">org.springframework.data.redis.RedisConnectionFailureException: Unable to connect to Redis; nested exception is io.lettuce.core.RedisConnectionException: Unable to connect to localhost:6379
	at org.springframework.data.redis.core.RedisKeyValueAdapterTests.setUp(RedisKeyValueAdapterTests.java:111)
Caused by: io.lettuce.core.RedisConnectionException: Unable to connect to localhost:6379
	at org.springframework.data.redis.core.RedisKeyValueAdapterTests.setUp(RedisKeyValueAdapterTests.java:111)
Caused by: io.netty.channel.AbstractChannel$AnnotatedConnectException: syscall:getsockopt(..) failed: Connection refused: localhost/127.0.0.1:6379
Caused by: io.netty.channel.unix.Errors$NativeConnectException: syscall:getsockopt(..) failed: Connection refused
</error>
  </testcase>
  <testcase name="updateShouldAlterIndexDataForObjectsWithColonInIdCorrectly[1]" classname="org.springframework.data.redis.core.RedisKeyValueAdapterTests" time="0.003">
    <error message="Unable to connect to Redis; nested exception is io.lettuce.core.RedisConnectionException: Unable to connect to localhost:6379" type="org.springframework.data.redis.RedisConnectionFailureException">org.springframework.data.redis.RedisConnectionFailureException: Unable to connect to Redis; nested exception is io.lettuce.core.RedisConnectionException: Unable to connect to localhost:6379
	at org.springframework.data.redis.core.RedisKeyValueAdapterTests.setUp(RedisKeyValueAdapterTests.java:111)
Caused by: io.lettuce.core.RedisConnectionException: Unable to connect to localhost:6379
	at org.springframework.data.redis.core.RedisKeyValueAdapterTests.setUp(RedisKeyValueAdapterTests.java:111)
Caused by: io.netty.channel.AbstractChannel$AnnotatedConnectException: syscall:getsockopt(..) failed: Connection refused: localhost/127.0.0.1:6379
Caused by: io.netty.channel.unix.Errors$NativeConnectException: syscall:getsockopt(..) failed: Connection refused
</error>
  </testcase>
  <testcase name="updateShouldRemoveSimpleListValuesCorrectly[1]" classname="org.springframework.data.redis.core.RedisKeyValueAdapterTests" time="0.002">
    <error message="Unable to connect to Redis; nested exception is io.lettuce.core.RedisConnectionException: Unable to connect to localhost:6379" type="org.springframework.data.redis.RedisConnectionFailureException">org.springframework.data.redis.RedisConnectionFailureException: Unable to connect to Redis; nested exception is io.lettuce.core.RedisConnectionException: Unable to connect to localhost:6379
	at org.springframework.data.redis.core.RedisKeyValueAdapterTests.setUp(RedisKeyValueAdapterTests.java:111)
Caused by: io.lettuce.core.RedisConnectionException: Unable to connect to localhost:6379
	at org.springframework.data.redis.core.RedisKeyValueAdapterTests.setUp(RedisKeyValueAdapterTests.java:111)
Caused by: io.netty.channel.AbstractChannel$AnnotatedConnectException: syscall:getsockopt(..) failed: Connection refused: localhost/127.0.0.1:6379
Caused by: io.netty.channel.unix.Errors$NativeConnectException: syscall:getsockopt(..) failed: Connection refused
</error>
  </testcase>
  <testcase name="putShouldCreateGeoIndexCorrectly[1]" classname="org.springframework.data.redis.core.RedisKeyValueAdapterTests" time="0.009">
    <error message="Unable to connect to Redis; nested exception is io.lettuce.core.RedisConnectionException: Unable to connect to localhost:6379" type="org.springframework.data.redis.RedisConnectionFailureException">org.springframework.data.redis.RedisConnectionFailureException: Unable to connect to Redis; nested exception is io.lettuce.core.RedisConnectionException: Unable to connect to localhost:6379
	at org.springframework.data.redis.core.RedisKeyValueAdapterTests.setUp(RedisKeyValueAdapterTests.java:111)
Caused by: io.lettuce.core.RedisConnectionException: Unable to connect to localhost:6379
	at org.springframework.data.redis.core.RedisKeyValueAdapterTests.setUp(RedisKeyValueAdapterTests.java:111)
Caused by: io.netty.channel.AbstractChannel$AnnotatedConnectException: syscall:getsockopt(..) failed: Connection refused: localhost/127.0.0.1:6379
Caused by: io.netty.channel.unix.Errors$NativeConnectException: syscall:getsockopt(..) failed: Connection refused
</error>
    <system-out><![CDATA[2018-06-06 13:19:31,419 ERROR s.listener.RedisMessageListenerContainer: 651 - Connection failure occurred. Restarting subscription task after 5000 ms
]]></system-out>
  </testcase>
  <testcase name="couldReadsKeyspaceSizeCorrectly[1]" classname="org.springframework.data.redis.core.RedisKeyValueAdapterTests" time="0.001">
    <error message="Unable to connect to Redis; nested exception is io.lettuce.core.RedisConnectionException: Unable to connect to localhost:6379" type="org.springframework.data.redis.RedisConnectionFailureException">org.springframework.data.redis.RedisConnectionFailureException: Unable to connect to Redis; nested exception is io.lettuce.core.RedisConnectionException: Unable to connect to localhost:6379
	at org.springframework.data.redis.core.RedisKeyValueAdapterTests.setUp(RedisKeyValueAdapterTests.java:111)
Caused by: io.lettuce.core.RedisConnectionException: Unable to connect to localhost:6379
	at org.springframework.data.redis.core.RedisKeyValueAdapterTests.setUp(RedisKeyValueAdapterTests.java:111)
Caused by: io.netty.channel.AbstractChannel$AnnotatedConnectException: syscall:getsockopt(..) failed: Connection refused: localhost/127.0.0.1:6379
Caused by: io.netty.channel.unix.Errors$NativeConnectException: syscall:getsockopt(..) failed: Connection refused
</error>
  </testcase>
  <testcase name="putWritesSimpleIndexDataWithColonCorrectly[1]" classname="org.springframework.data.redis.core.RedisKeyValueAdapterTests" time="0.003">
    <error message="Unable to connect to Redis; nested exception is io.lettuce.core.RedisConnectionException: Unable to connect to localhost:6379" type="org.springframework.data.redis.RedisConnectionFailureException">org.springframework.data.redis.RedisConnectionFailureException: Unable to connect to Redis; nested exception is io.lettuce.core.RedisConnectionException: Unable to connect to localhost:6379
	at org.springframework.data.redis.core.RedisKeyValueAdapterTests.setUp(RedisKeyValueAdapterTests.java:111)
Caused by: io.lettuce.core.RedisConnectionException: Unable to connect to localhost:6379
	at org.springframework.data.redis.core.RedisKeyValueAdapterTests.setUp(RedisKeyValueAdapterTests.java:111)
Caused by: io.netty.channel.AbstractChannel$AnnotatedConnectException: syscall:getsockopt(..) failed: Connection refused: localhost/127.0.0.1:6379
Caused by: io.netty.channel.unix.Errors$NativeConnectException: syscall:getsockopt(..) failed: Connection refused
</error>
  </testcase>
  <testcase name="keyExpiredEventShouldRemoveHelperStructures[1]" classname="org.springframework.data.redis.core.RedisKeyValueAdapterTests" time="0.002">
    <error message="Unable to connect to Redis; nested exception is io.lettuce.core.RedisConnectionException: Unable to connect to localhost:6379" type="org.springframework.data.redis.RedisConnectionFailureException">org.springframework.data.redis.RedisConnectionFailureException: Unable to connect to Redis; nested exception is io.lettuce.core.RedisConnectionException: Unable to connect to localhost:6379
	at org.springframework.data.redis.core.RedisKeyValueAdapterTests.setUp(RedisKeyValueAdapterTests.java:111)
Caused by: io.lettuce.core.RedisConnectionException: Unable to connect to localhost:6379
	at org.springframework.data.redis.core.RedisKeyValueAdapterTests.setUp(RedisKeyValueAdapterTests.java:111)
Caused by: io.netty.channel.AbstractChannel$AnnotatedConnectException: syscall:getsockopt(..) failed: Connection refused: localhost/127.0.0.1:6379
Caused by: io.netty.channel.unix.Errors$NativeConnectException: syscall:getsockopt(..) failed: Connection refused
</error>
  </testcase>
  <testcase name="updateShouldAlterIndexDataOnNestedObjectCorrectly[1]" classname="org.springframework.data.redis.core.RedisKeyValueAdapterTests" time="0.003">
    <error message="Unable to connect to Redis; nested exception is io.lettuce.core.RedisConnectionException: Unable to connect to localhost:6379" type="org.springframework.data.redis.RedisConnectionFailureException">org.springframework.data.redis.RedisConnectionFailureException: Unable to connect to Redis; nested exception is io.lettuce.core.RedisConnectionException: Unable to connect to localhost:6379
	at org.springframework.data.redis.core.RedisKeyValueAdapterTests.setUp(RedisKeyValueAdapterTests.java:111)
Caused by: io.lettuce.core.RedisConnectionException: Unable to connect to localhost:6379
	at org.springframework.data.redis.core.RedisKeyValueAdapterTests.setUp(RedisKeyValueAdapterTests.java:111)
Caused by: io.netty.channel.AbstractChannel$AnnotatedConnectException: syscall:getsockopt(..) failed: Connection refused: localhost/127.0.0.1:6379
Caused by: io.netty.channel.unix.Errors$NativeConnectException: syscall:getsockopt(..) failed: Connection refused
</error>
  </testcase>
  <testcase name="updateShouldAlterIndexDataCorrectly[1]" classname="org.springframework.data.redis.core.RedisKeyValueAdapterTests" time="0.003">
    <error message="Unable to connect to Redis; nested exception is io.lettuce.core.RedisConnectionException: Unable to connect to localhost:6379" type="org.springframework.data.redis.RedisConnectionFailureException">org.springframework.data.redis.RedisConnectionFailureException: Unable to connect to Redis; nested exception is io.lettuce.core.RedisConnectionException: Unable to connect to localhost:6379
	at org.springframework.data.redis.core.RedisKeyValueAdapterTests.setUp(RedisKeyValueAdapterTests.java:111)
Caused by: io.lettuce.core.RedisConnectionException: Unable to connect to localhost:6379
	at org.springframework.data.redis.core.RedisKeyValueAdapterTests.setUp(RedisKeyValueAdapterTests.java:111)
Caused by: io.netty.channel.AbstractChannel$AnnotatedConnectException: syscall:getsockopt(..) failed: Connection refused: localhost/127.0.0.1:6379
Caused by: io.netty.channel.unix.Errors$NativeConnectException: syscall:getsockopt(..) failed: Connection refused
</error>
  </testcase>
  <testcase name="updateShouldRemoveComplexMapValuesCorrectly[1]" classname="org.springframework.data.redis.core.RedisKeyValueAdapterTests" time="0.003">
    <error message="Unable to connect to Redis; nested exception is io.lettuce.core.RedisConnectionException: Unable to connect to localhost:6379" type="org.springframework.data.redis.RedisConnectionFailureException">org.springframework.data.redis.RedisConnectionFailureException: Unable to connect to Redis; nested exception is io.lettuce.core.RedisConnectionException: Unable to connect to localhost:6379
	at org.springframework.data.redis.core.RedisKeyValueAdapterTests.setUp(RedisKeyValueAdapterTests.java:111)
Caused by: io.lettuce.core.RedisConnectionException: Unable to connect to localhost:6379
	at org.springframework.data.redis.core.RedisKeyValueAdapterTests.setUp(RedisKeyValueAdapterTests.java:111)
Caused by: io.netty.channel.AbstractChannel$AnnotatedConnectException: syscall:getsockopt(..) failed: Connection refused: localhost/127.0.0.1:6379
Caused by: io.netty.channel.unix.Errors$NativeConnectException: syscall:getsockopt(..) failed: Connection refused
</error>
  </testcase>
  <testcase name="putWritesSimpleNestedIndexValuesCorrectly[1]" classname="org.springframework.data.redis.core.RedisKeyValueAdapterTests" time="0.003">
    <error message="Unable to connect to Redis; nested exception is io.lettuce.core.RedisConnectionException: Unable to connect to localhost:6379" type="org.springframework.data.redis.RedisConnectionFailureException">org.springframework.data.redis.RedisConnectionFailureException: Unable to connect to Redis; nested exception is io.lettuce.core.RedisConnectionException: Unable to connect to localhost:6379
	at org.springframework.data.redis.core.RedisKeyValueAdapterTests.setUp(RedisKeyValueAdapterTests.java:111)
Caused by: io.lettuce.core.RedisConnectionException: Unable to connect to localhost:6379
	at org.springframework.data.redis.core.RedisKeyValueAdapterTests.setUp(RedisKeyValueAdapterTests.java:111)
Caused by: io.netty.channel.AbstractChannel$AnnotatedConnectException: syscall:getsockopt(..) failed: Connection refused: localhost/127.0.0.1:6379
Caused by: io.netty.channel.unix.Errors$NativeConnectException: syscall:getsockopt(..) failed: Connection refused
</error>
  </testcase>
  <testcase name="getShouldReadNestedObjectCorrectly[1]" classname="org.springframework.data.redis.core.RedisKeyValueAdapterTests" time="0.003">
    <error message="Unable to connect to Redis; nested exception is io.lettuce.core.RedisConnectionException: Unable to connect to localhost:6379" type="org.springframework.data.redis.RedisConnectionFailureException">org.springframework.data.redis.RedisConnectionFailureException: Unable to connect to Redis; nested exception is io.lettuce.core.RedisConnectionException: Unable to connect to localhost:6379
	at org.springframework.data.redis.core.RedisKeyValueAdapterTests.setUp(RedisKeyValueAdapterTests.java:111)
Caused by: io.lettuce.core.RedisConnectionException: Unable to connect to localhost:6379
	at org.springframework.data.redis.core.RedisKeyValueAdapterTests.setUp(RedisKeyValueAdapterTests.java:111)
Caused by: io.netty.channel.AbstractChannel$AnnotatedConnectException: syscall:getsockopt(..) failed: Connection refused: localhost/127.0.0.1:6379
Caused by: io.netty.channel.unix.Errors$NativeConnectException: syscall:getsockopt(..) failed: Connection refused
</error>
  </testcase>
  <testcase name="deleteRemovesEntriesCorrectly[1]" classname="org.springframework.data.redis.core.RedisKeyValueAdapterTests" time="0.002">
    <error message="Unable to connect to Redis; nested exception is io.lettuce.core.RedisConnectionException: Unable to connect to localhost:6379" type="org.springframework.data.redis.RedisConnectionFailureException">org.springframework.data.redis.RedisConnectionFailureException: Unable to connect to Redis; nested exception is io.lettuce.core.RedisConnectionException: Unable to connect to localhost:6379
	at org.springframework.data.redis.core.RedisKeyValueAdapterTests.setUp(RedisKeyValueAdapterTests.java:111)
Caused by: io.lettuce.core.RedisConnectionException: Unable to connect to localhost:6379
	at org.springframework.data.redis.core.RedisKeyValueAdapterTests.setUp(RedisKeyValueAdapterTests.java:111)
Caused by: io.netty.channel.AbstractChannel$AnnotatedConnectException: syscall:getsockopt(..) failed: Connection refused: localhost/127.0.0.1:6379
Caused by: io.netty.channel.unix.Errors$NativeConnectException: syscall:getsockopt(..) failed: Connection refused
</error>
  </testcase>
  <testcase name="putWritesDataWithColonCorrectly[1]" classname="org.springframework.data.redis.core.RedisKeyValueAdapterTests" time="0.003">
    <error message="Unable to connect to Redis; nested exception is io.lettuce.core.RedisConnectionException: Unable to connect to localhost:6379" type="org.springframework.data.redis.RedisConnectionFailureException">org.springframework.data.redis.RedisConnectionFailureException: Unable to connect to Redis; nested exception is io.lettuce.core.RedisConnectionException: Unable to connect to localhost:6379
	at org.springframework.data.redis.core.RedisKeyValueAdapterTests.setUp(RedisKeyValueAdapterTests.java:111)
Caused by: io.lettuce.core.RedisConnectionException: Unable to connect to localhost:6379
	at org.springframework.data.redis.core.RedisKeyValueAdapterTests.setUp(RedisKeyValueAdapterTests.java:111)
Caused by: io.netty.channel.AbstractChannel$AnnotatedConnectException: syscall:getsockopt(..) failed: Connection refused: localhost/127.0.0.1:6379
Caused by: io.netty.channel.unix.Errors$NativeConnectException: syscall:getsockopt(..) failed: Connection refused
</error>
  </testcase>
  <testcase name="getShouldReadSimpleObjectCorrectly[1]" classname="org.springframework.data.redis.core.RedisKeyValueAdapterTests" time="0.002">
    <error message="Unable to connect to Redis; nested exception is io.lettuce.core.RedisConnectionException: Unable to connect to localhost:6379" type="org.springframework.data.redis.RedisConnectionFailureException">org.springframework.data.redis.RedisConnectionFailureException: Unable to connect to Redis; nested exception is io.lettuce.core.RedisConnectionException: Unable to connect to localhost:6379
	at org.springframework.data.redis.core.RedisKeyValueAdapterTests.setUp(RedisKeyValueAdapterTests.java:111)
Caused by: io.lettuce.core.RedisConnectionException: Unable to connect to localhost:6379
	at org.springframework.data.redis.core.RedisKeyValueAdapterTests.setUp(RedisKeyValueAdapterTests.java:111)
Caused by: io.netty.channel.AbstractChannel$AnnotatedConnectException: syscall:getsockopt(..) failed: Connection refused: localhost/127.0.0.1:6379
Caused by: io.netty.channel.unix.Errors$NativeConnectException: syscall:getsockopt(..) failed: Connection refused
</error>
  </testcase>
  <testcase name="updateShouldAlterGeoIndexCorrectlyOnDelete[1]" classname="org.springframework.data.redis.core.RedisKeyValueAdapterTests" time="0.002">
    <error message="Unable to connect to Redis; nested exception is io.lettuce.core.RedisConnectionException: Unable to connect to localhost:6379" type="org.springframework.data.redis.RedisConnectionFailureException">org.springframework.data.redis.RedisConnectionFailureException: Unable to connect to Redis; nested exception is io.lettuce.core.RedisConnectionException: Unable to connect to localhost:6379
	at org.springframework.data.redis.core.RedisKeyValueAdapterTests.setUp(RedisKeyValueAdapterTests.java:111)
Caused by: io.lettuce.core.RedisConnectionException: Unable to connect to localhost:6379
	at org.springframework.data.redis.core.RedisKeyValueAdapterTests.setUp(RedisKeyValueAdapterTests.java:111)
Caused by: io.netty.channel.AbstractChannel$AnnotatedConnectException: syscall:getsockopt(..) failed: Connection refused: localhost/127.0.0.1:6379
Caused by: io.netty.channel.unix.Errors$NativeConnectException: syscall:getsockopt(..) failed: Connection refused
</error>
  </testcase>
  <testcase name="updateShouldRemoveComplexListValuesCorrectly[1]" classname="org.springframework.data.redis.core.RedisKeyValueAdapterTests" time="0.003">
    <error message="Unable to connect to Redis; nested exception is io.lettuce.core.RedisConnectionException: Unable to connect to localhost:6379" type="org.springframework.data.redis.RedisConnectionFailureException">org.springframework.data.redis.RedisConnectionFailureException: Unable to connect to Redis; nested exception is io.lettuce.core.RedisConnectionException: Unable to connect to localhost:6379
	at org.springframework.data.redis.core.RedisKeyValueAdapterTests.setUp(RedisKeyValueAdapterTests.java:111)
Caused by: io.lettuce.core.RedisConnectionException: Unable to connect to localhost:6379
	at org.springframework.data.redis.core.RedisKeyValueAdapterTests.setUp(RedisKeyValueAdapterTests.java:111)
Caused by: io.netty.channel.AbstractChannel$AnnotatedConnectException: syscall:getsockopt(..) failed: Connection refused: localhost/127.0.0.1:6379
Caused by: io.netty.channel.unix.Errors$NativeConnectException: syscall:getsockopt(..) failed: Connection refused
</error>
  </testcase>
</testsuite>