<?xml version="1.0" encoding="UTF-8"?>
<testsuite xmlns:xsi="http://www.w3.org/2001/XMLSchema-instance" xsi:schemaLocation="https://maven.apache.org/surefire/maven-surefire-plugin/xsd/surefire-test-report.xsd" name="org.codelibs.elasticsearch.df.DataFormatPluginTest" time="15.358" tests="15" errors="2" skipped="0" failures="1">
  <properties>
    <property name="java.runtime.name" value="OpenJDK Runtime Environment"/>
    <property name="sun.boot.library.path" value="/usr/lib/jvm/java-8-openjdk-amd64/jre/lib/amd64"/>
    <property name="java.vm.version" value="25.121-b13"/>
    <property name="java.vm.vendor" value="Oracle Corporation"/>
    <property name="maven.multiModuleProjectDirectory" value="/root/workspace/codelibs/elasticsearch-dataformat/383772162"/>
    <property name="java.vendor.url" value="http://java.oracle.com/"/>
    <property name="path.separator" value=":"/>
    <property name="guice.disable.misplaced.annotation.check" value="true"/>
    <property name="skip.gulp" value="true"/>
    <property name="java.vm.name" value="OpenJDK 64-Bit Server VM"/>
    <property name="file.encoding.pkg" value="sun.io"/>
    <property name="sun.java.launcher" value="SUN_STANDARD"/>
    <property name="sun.os.patch.level" value="unknown"/>
    <property name="findbugs.skip" value="true"/>
    <property name="java.vm.specification.name" value="Java Virtual Machine Specification"/>
    <property name="user.dir" value="/root/workspace/codelibs/elasticsearch-dataformat/383772162"/>
    <property name="checkstyle.skip" value="true"/>
    <property name="java.runtime.version" value="1.8.0_121-8u121-b13-1~bpo8+1-b13"/>
    <property name="java.awt.graphicsenv" value="sun.awt.X11GraphicsEnvironment"/>
    <property name="skip.npm" value="true"/>
    <property name="java.endorsed.dirs" value="/usr/lib/jvm/java-8-openjdk-amd64/jre/lib/endorsed"/>
    <property name="os.arch" value="amd64"/>
    <property name="java.io.tmpdir" value="/tmp"/>
    <property name="gpg.skip" value="true"/>
    <property name="line.separator" value="&#10;"/>
    <property name="java.vm.specification.vendor" value="Oracle Corporation"/>
    <property name="cobertura.skip" value="true"/>
    <property name="os.name" value="Linux"/>
    <property name="classworlds.conf" value="/usr/share/maven/bin/m2.conf"/>
    <property name="sun.jnu.encoding" value="UTF-8"/>
    <property name="java.library.path" value="/usr/java/packages/lib/amd64:/usr/lib/x86_64-linux-gnu/jni:/lib/x86_64-linux-gnu:/usr/lib/x86_64-linux-gnu:/usr/lib/jni:/lib:/usr/lib"/>
    <property name="license.skip" value="true"/>
    <property name="java.specification.name" value="Java Platform API Specification"/>
    <property name="java.class.version" value="52.0"/>
    <property name="sun.management.compiler" value="HotSpot 64-Bit Tiered Compilers"/>
    <property name="skip.bower" value="true"/>
    <property name="maven.repo.local" value="/root/./workspace/codelibs/elasticsearch-dataformat/383772162/.m2"/>
    <property name="os.version" value="3.10.0-862.3.2.el7.x86_64"/>
    <property name="user.home" value="/root"/>
    <property name="user.timezone" value="Europe/Paris"/>
    <property name="java.awt.printerjob" value="sun.print.PSPrinterJob"/>
    <property name="java.specification.version" value="1.8"/>
    <property name="file.encoding" value="UTF-8"/>
    <property name="user.name" value="root"/>
    <property name="java.class.path" value="/usr/share/maven/boot/plexus-classworlds-2.5.2.jar"/>
    <property name="skipITs" value="true"/>
    <property name="java.vm.specification.version" value="1.8"/>
    <property name="sun.arch.data.model" value="64"/>
    <property name="java.home" value="/usr/lib/jvm/java-8-openjdk-amd64/jre"/>
    <property name="sun.java.command" value="org.codehaus.plexus.classworlds.launcher.Launcher -B -D enforcer.skip=true -D dependency-check.skip=true -D skipITs=true -D cobertura.skip=true -D maven.repo.local=/root/./workspace/codelibs/elasticsearch-dataformat/383772162/.m2 -D rat.skip=true -D findbugs.skip=true -D skip.bower=true -D gpg.skip=true -D checkstyle.skip=true -D skip.gulp=true -D license.skip=true -D skip.npm=true test"/>
    <property name="java.specification.vendor" value="Oracle Corporation"/>
    <property name="user.language" value="en"/>
    <property name="awt.toolkit" value="sun.awt.X11.XToolkit"/>
    <property name="dependency-check.skip" value="true"/>
    <property name="java.vm.info" value="mixed mode"/>
    <property name="java.version" value="1.8.0_121"/>
    <property name="java.ext.dirs" value="/usr/lib/jvm/java-8-openjdk-amd64/jre/lib/ext:/usr/java/packages/lib/ext"/>
    <property name="securerandom.source" value="file:/dev/./urandom"/>
    <property name="sun.boot.class.path" value="/usr/lib/jvm/java-8-openjdk-amd64/jre/lib/resources.jar:/usr/lib/jvm/java-8-openjdk-amd64/jre/lib/rt.jar:/usr/lib/jvm/java-8-openjdk-amd64/jre/lib/sunrsasign.jar:/usr/lib/jvm/java-8-openjdk-amd64/jre/lib/jsse.jar:/usr/lib/jvm/java-8-openjdk-amd64/jre/lib/jce.jar:/usr/lib/jvm/java-8-openjdk-amd64/jre/lib/charsets.jar:/usr/lib/jvm/java-8-openjdk-amd64/jre/lib/jfr.jar:/usr/lib/jvm/java-8-openjdk-amd64/jre/classes"/>
    <property name="java.vendor" value="Oracle Corporation"/>
    <property name="enforcer.skip" value="true"/>
    <property name="rat.skip" value="true"/>
    <property name="maven.home" value="/usr/share/maven"/>
    <property name="file.separator" value="/"/>
    <property name="java.vendor.url.bug" value="http://bugreport.sun.com/bugreport/"/>
    <property name="sun.cpu.endian" value="little"/>
    <property name="sun.io.unicode.encoding" value="UnicodeLittle"/>
    <property name="sun.cpu.isalist" value=""/>
  </properties>
  <testcase name="dumpJson" classname="org.codelibs.elasticsearch.df.DataFormatPluginTest" time="0.312">
    <error message="Failed to access the content." type="org.codelibs.elasticsearch.runner.net.CurlException"><![CDATA[org.codelibs.elasticsearch.runner.net.CurlException: Failed to access the content.
	at org.codelibs.elasticsearch.df.DataFormatPluginTest.dumpJson(DataFormatPluginTest.java:369)
Caused by: org.codelibs.elasticsearch.runner.net.CurlException: The content does not exist.
	at org.codelibs.elasticsearch.df.DataFormatPluginTest.dumpJson(DataFormatPluginTest.java:369)
Caused by: java.io.IOException: Server returned HTTP response code: 400 for URL: http://localhost:9201/dataset0/item0/_data?q=*%3A*&format=json&from=5&size=20
	at org.codelibs.elasticsearch.df.DataFormatPluginTest.dumpJson(DataFormatPluginTest.java:368)
Caused by: java.io.IOException: Server returned HTTP response code: 400 for URL: http://localhost:9201/dataset0/item0/_data?q=*%3A*&format=json&from=5&size=20
	at org.codelibs.elasticsearch.df.DataFormatPluginTest.dumpJson(DataFormatPluginTest.java:368)
]]></error>
    <system-out><![CDATA[----------------------------------------
Cluster Name: es-dataformat-1527264286121
Base Path:    /tmp/es-cluster1269531636985518537
Num Of Node:  1
----------------------------------------
Creating /tmp/es-cluster1269531636985518537/node_1
Creating /tmp/es-cluster1269531636985518537/node_1/config
Creating /tmp/es-cluster1269531636985518537/node_1/logs
Creating /tmp/es-cluster1269531636985518537/node_1/data
Node Name:      Node 1
HTTP Port:      9201
Transport Port: 9301
Data Directory: /tmp/es-cluster1269531636985518537/node_1/data
Log Directory:  /tmp/es-cluster1269531636985518537/node_1/logs
----------------------------------------
Creating /tmp/es-cluster1269531636985518537/node_1/modules
Creating /tmp/es-cluster1269531636985518537/node_1/plugins
[2018-05-25T18:04:46,930][INFO ][o.e.n.Node               ] [Node 1] initializing ...
[2018-05-25T18:04:47,314][INFO ][o.e.e.NodeEnvironment    ] [Node 1] using [1] data paths, mounts [[/ (rootfs)]], net usable_space [442.8gb], net total_space [456.8gb], types [rootfs]
[2018-05-25T18:04:47,319][INFO ][o.e.e.NodeEnvironment    ] [Node 1] heap size [3.4gb], compressed ordinary object pointers [true]
[2018-05-25T18:04:47,321][INFO ][o.e.n.Node               ] [Node 1] node name [Node 1], node ID [5TJNZLuLScKrqPbfKJ3EIg]
[2018-05-25T18:04:47,321][INFO ][o.e.n.Node               ] [Node 1] version[6.2.1], pid[190], build[7299dc3/2018-02-07T19:34:26.990113Z], OS[Linux/3.10.0-862.3.2.el7.x86_64/amd64], JVM[Oracle Corporation/OpenJDK 64-Bit Server VM/1.8.0_121/25.121-b13]
[2018-05-25T18:04:47,321][INFO ][o.e.n.Node               ] [Node 1] JVM arguments []
[2018-05-25T18:04:47,334][INFO ][o.e.p.PluginsService     ] [Node 1] no modules loaded
[2018-05-25T18:04:47,336][INFO ][o.e.p.PluginsService     ] [Node 1] loaded plugin [org.codelibs.elasticsearch.df.DataFormatPlugin]
[2018-05-25T18:04:47,336][INFO ][o.e.p.PluginsService     ] [Node 1] loaded plugin [org.elasticsearch.analysis.common.CommonAnalysisPlugin]
[2018-05-25T18:04:47,336][INFO ][o.e.p.PluginsService     ] [Node 1] loaded plugin [org.elasticsearch.index.mapper.MapperExtrasPlugin]
[2018-05-25T18:04:47,336][INFO ][o.e.p.PluginsService     ] [Node 1] loaded plugin [org.elasticsearch.index.rankeval.RankEvalPlugin]
[2018-05-25T18:04:47,337][INFO ][o.e.p.PluginsService     ] [Node 1] loaded plugin [org.elasticsearch.index.reindex.ReindexPlugin]
[2018-05-25T18:04:47,337][INFO ][o.e.p.PluginsService     ] [Node 1] loaded plugin [org.elasticsearch.ingest.common.IngestCommonPlugin]
[2018-05-25T18:04:47,337][INFO ][o.e.p.PluginsService     ] [Node 1] loaded plugin [org.elasticsearch.join.ParentJoinPlugin]
[2018-05-25T18:04:47,337][INFO ][o.e.p.PluginsService     ] [Node 1] loaded plugin [org.elasticsearch.painless.PainlessPlugin]
[2018-05-25T18:04:47,337][INFO ][o.e.p.PluginsService     ] [Node 1] loaded plugin [org.elasticsearch.percolator.PercolatorPlugin]
[2018-05-25T18:04:47,338][INFO ][o.e.p.PluginsService     ] [Node 1] loaded plugin [org.elasticsearch.plugin.repository.url.URLRepositoryPlugin]
[2018-05-25T18:04:47,338][INFO ][o.e.p.PluginsService     ] [Node 1] loaded plugin [org.elasticsearch.script.expression.ExpressionPlugin]
[2018-05-25T18:04:47,338][INFO ][o.e.p.PluginsService     ] [Node 1] loaded plugin [org.elasticsearch.script.mustache.MustachePlugin]
[2018-05-25T18:04:47,338][INFO ][o.e.p.PluginsService     ] [Node 1] loaded plugin [org.elasticsearch.search.aggregations.matrix.MatrixAggregationPlugin]
[2018-05-25T18:04:47,339][INFO ][o.e.p.PluginsService     ] [Node 1] loaded plugin [org.elasticsearch.transport.Netty4Plugin]
[2018-05-25T18:04:47,339][INFO ][o.e.p.PluginsService     ] [Node 1] loaded plugin [org.elasticsearch.tribe.TribePlugin]
[2018-05-25T18:04:50,289][INFO ][o.e.d.DiscoveryModule    ] [Node 1] using discovery type [zen]
[2018-05-25T18:04:50,744][INFO ][o.e.n.Node               ] [Node 1] initialized
[2018-05-25T18:04:50,744][INFO ][o.e.n.Node               ] [Node 1] starting ...
[2018-05-25T18:04:50,890][INFO ][o.e.t.TransportService   ] [Node 1] publish_address {127.0.0.1:9301}, bound_addresses {127.0.0.1:9301}
[2018-05-25T18:04:53,953][INFO ][o.e.c.s.MasterService    ] [Node 1] zen-disco-elected-as-master ([0] nodes joined), reason: new_master {Node 1}{5TJNZLuLScKrqPbfKJ3EIg}{RLeKK-rETrWCQL8F3aC0zQ}{127.0.0.1}{127.0.0.1:9301}
[2018-05-25T18:04:53,961][INFO ][o.e.c.s.ClusterApplierService] [Node 1] new_master {Node 1}{5TJNZLuLScKrqPbfKJ3EIg}{RLeKK-rETrWCQL8F3aC0zQ}{127.0.0.1}{127.0.0.1:9301}, reason: apply cluster state (from master [master {Node 1}{5TJNZLuLScKrqPbfKJ3EIg}{RLeKK-rETrWCQL8F3aC0zQ}{127.0.0.1}{127.0.0.1:9301} committed version [1] source [zen-disco-elected-as-master ([0] nodes joined)]])
[2018-05-25T18:04:53,990][INFO ][o.e.h.n.Netty4HttpServerTransport] [Node 1] publish_address {127.0.0.1:9201}, bound_addresses {127.0.0.1:9201}
[2018-05-25T18:04:53,990][INFO ][o.e.n.Node               ] [Node 1] started
[2018-05-25T18:04:54,105][INFO ][o.e.g.GatewayService     ] [Node 1] recovered [0] indices into cluster_state
[2018-05-25T18:04:54,213][INFO ][o.e.c.m.MetaDataCreateIndexService] [Node 1] [dataset0] creating index, cause [api], templates [], shards [5]/[1], mappings []
[2018-05-25T18:04:55,927][INFO ][o.e.c.m.MetaDataMappingService] [Node 1] [dataset0/RjqLoCpFRYuC0noFpSysNw] create_mapping [item0]
]]></system-out>
    <system-err><![CDATA[SLF4J: Failed to load class "org.slf4j.impl.StaticLoggerBinder".
SLF4J: Defaulting to no-operation (NOP) logger implementation
SLF4J: See http://www.slf4j.org/codes.html#StaticLoggerBinder for further details.
]]></system-err>
  </testcase>
  <testcase name="dumpSizeLimit" classname="org.codelibs.elasticsearch.df.DataFormatPluginTest" time="0.05"/>
  <testcase name="dumpExcel" classname="org.codelibs.elasticsearch.df.DataFormatPluginTest" time="0.28">
    <failure message="expected:&lt;6&gt; but was:&lt;-1&gt;" type="java.lang.AssertionError"><![CDATA[java.lang.AssertionError: expected:<6> but was:<-1>
	at org.codelibs.elasticsearch.df.DataFormatPluginTest.dumpExcel(DataFormatPluginTest.java:280)
]]></failure>
  </testcase>
  <testcase name="dumpExcelWithDenotedFields" classname="org.codelibs.elasticsearch.df.DataFormatPluginTest" time="0.02"/>
  <testcase name="dumpCsvWithDenotedFields" classname="org.codelibs.elasticsearch.df.DataFormatPluginTest" time="0.01"/>
  <testcase name="dumpExcelWithoutHeader" classname="org.codelibs.elasticsearch.df.DataFormatPluginTest" time="0.02"/>
  <testcase name="dumpCsvWithQuery" classname="org.codelibs.elasticsearch.df.DataFormatPluginTest" time="0.023">
    <error message="Failed to access the content." type="org.codelibs.elasticsearch.runner.net.CurlException"><![CDATA[org.codelibs.elasticsearch.runner.net.CurlException: Failed to access the content.
	at org.codelibs.elasticsearch.df.DataFormatPluginTest.dumpCsvWithQuery(DataFormatPluginTest.java:172)
Caused by: org.codelibs.elasticsearch.runner.net.CurlException: The content does not exist.
	at org.codelibs.elasticsearch.df.DataFormatPluginTest.dumpCsvWithQuery(DataFormatPluginTest.java:172)
Caused by: java.io.IOException: Server returned HTTP response code: 400 for URL: http://localhost:9201/dataset0/item0/_data?q=*%3A*&format=csv&from=5&size=20
	at org.codelibs.elasticsearch.df.DataFormatPluginTest.dumpCsvWithQuery(DataFormatPluginTest.java:171)
Caused by: java.io.IOException: Server returned HTTP response code: 400 for URL: http://localhost:9201/dataset0/item0/_data?q=*%3A*&format=csv&from=5&size=20
	at org.codelibs.elasticsearch.df.DataFormatPluginTest.dumpCsvWithQuery(DataFormatPluginTest.java:171)
]]></error>
  </testcase>
  <testcase name="dumpExcelWithDenotedFieldsCompatible" classname="org.codelibs.elasticsearch.df.DataFormatPluginTest" time="0.017"/>
  <testcase name="dumpXlsInFile" classname="org.codelibs.elasticsearch.df.DataFormatPluginTest" time="0.015"/>
  <testcase name="dumpCsvWithDenotedFieldsCompatible" classname="org.codelibs.elasticsearch.df.DataFormatPluginTest" time="0.008"/>
  <testcase name="dumpExcelSimple" classname="org.codelibs.elasticsearch.df.DataFormatPluginTest" time="0.013"/>
  <testcase name="dumpCsvWithoutHeader" classname="org.codelibs.elasticsearch.df.DataFormatPluginTest" time="0.007"/>
  <testcase name="dumpJsonInFile" classname="org.codelibs.elasticsearch.df.DataFormatPluginTest" time="0.011"/>
  <testcase name="dumpCsvInFile" classname="org.codelibs.elasticsearch.df.DataFormatPluginTest" time="0.01"/>
  <testcase name="dumpCsvSimple" classname="org.codelibs.elasticsearch.df.DataFormatPluginTest" time="0.008"/>
</testsuite>