<?xml version="1.0" encoding="UTF-8"?>
<testsuite name="edu.tamu.iiif.service.dspace.DSpaceSequenceManifestServiceTest" time="0" tests="1" errors="0" skipped="0" failures="1">
  <properties>
    <property name="java.runtime.name" value="OpenJDK Runtime Environment"/>
    <property name="sun.boot.library.path" value="/usr/lib/jvm/java-8-openjdk-amd64/jre/lib/amd64"/>
    <property name="java.vm.version" value="25.121-b13"/>
    <property name="java.vm.vendor" value="Oracle Corporation"/>
    <property name="maven.multiModuleProjectDirectory" value="/root/workspace/TAMULib/IRIIIFService/388494172"/>
    <property name="java.vendor.url" value="http://java.oracle.com/"/>
    <property name="path.separator" value=":"/>
    <property name="guice.disable.misplaced.annotation.check" value="true"/>
    <property name="skip.gulp" value="true"/>
    <property name="java.vm.name" value="OpenJDK 64-Bit Server VM"/>
    <property name="file.encoding.pkg" value="sun.io"/>
    <property name="sun.java.launcher" value="SUN_STANDARD"/>
    <property name="sun.os.patch.level" value="unknown"/>
    <property name="findbugs.skip" value="true"/>
    <property name="java.vm.specification.name" value="Java Virtual Machine Specification"/>
    <property name="user.dir" value="/root/workspace/TAMULib/IRIIIFService/388494172"/>
    <property name="checkstyle.skip" value="true"/>
    <property name="java.runtime.version" value="1.8.0_121-8u121-b13-1~bpo8+1-b13"/>
    <property name="java.awt.graphicsenv" value="sun.awt.X11GraphicsEnvironment"/>
    <property name="skip.npm" value="true"/>
    <property name="java.endorsed.dirs" value="/usr/lib/jvm/java-8-openjdk-amd64/jre/lib/endorsed"/>
    <property name="os.arch" value="amd64"/>
    <property name="java.io.tmpdir" value="/tmp"/>
    <property name="gpg.skip" value="true"/>
    <property name="line.separator" value="&#10;"/>
    <property name="java.vm.specification.vendor" value="Oracle Corporation"/>
    <property name="cobertura.skip" value="true"/>
    <property name="os.name" value="Linux"/>
    <property name="classworlds.conf" value="/usr/share/maven/bin/m2.conf"/>
    <property name="sun.jnu.encoding" value="UTF-8"/>
    <property name="java.library.path" value="/usr/java/packages/lib/amd64:/usr/lib/x86_64-linux-gnu/jni:/lib/x86_64-linux-gnu:/usr/lib/x86_64-linux-gnu:/usr/lib/jni:/lib:/usr/lib"/>
    <property name="license.skip" value="true"/>
    <property name="java.specification.name" value="Java Platform API Specification"/>
    <property name="java.class.version" value="52.0"/>
    <property name="java.net.preferIPv4Stack" value="true"/>
    <property name="sun.management.compiler" value="HotSpot 64-Bit Tiered Compilers"/>
    <property name="skip.bower" value="true"/>
    <property name="maven.repo.local" value="/root/./workspace/TAMULib/IRIIIFService/388494172/.m2"/>
    <property name="os.version" value="3.10.0-862.3.2.el7.x86_64"/>
    <property name="user.home" value="/root"/>
    <property name="user.timezone" value="Europe/Paris"/>
    <property name="java.awt.printerjob" value="sun.print.PSPrinterJob"/>
    <property name="java.specification.version" value="1.8"/>
    <property name="file.encoding" value="UTF-8"/>
    <property name="user.name" value="root"/>
    <property name="java.class.path" value="/usr/share/maven/boot/plexus-classworlds-2.5.2.jar"/>
    <property name="skipITs" value="true"/>
    <property name="java.vm.specification.version" value="1.8"/>
    <property name="sun.arch.data.model" value="64"/>
    <property name="java.home" value="/usr/lib/jvm/java-8-openjdk-amd64/jre"/>
    <property name="sun.java.command" value="org.codehaus.plexus.classworlds.launcher.Launcher -B -D enforcer.skip=true -D dependency-check.skip=true -D skipITs=true -D cobertura.skip=true -D maven.repo.local=/root/./workspace/TAMULib/IRIIIFService/388494172/.m2 -D rat.skip=true -D findbugs.skip=true -D skip.bower=true -D gpg.skip=true -D checkstyle.skip=true -D skip.gulp=true -D license.skip=true -D skip.npm=true test"/>
    <property name="java.specification.vendor" value="Oracle Corporation"/>
    <property name="user.language" value="en"/>
    <property name="awt.toolkit" value="sun.awt.X11.XToolkit"/>
    <property name="dependency-check.skip" value="true"/>
    <property name="java.vm.info" value="mixed mode"/>
    <property name="java.version" value="1.8.0_121"/>
    <property name="java.ext.dirs" value="/usr/lib/jvm/java-8-openjdk-amd64/jre/lib/ext:/usr/java/packages/lib/ext"/>
    <property name="securerandom.source" value="file:/dev/./urandom"/>
    <property name="sun.boot.class.path" value="/usr/lib/jvm/java-8-openjdk-amd64/jre/lib/resources.jar:/usr/lib/jvm/java-8-openjdk-amd64/jre/lib/rt.jar:/usr/lib/jvm/java-8-openjdk-amd64/jre/lib/sunrsasign.jar:/usr/lib/jvm/java-8-openjdk-amd64/jre/lib/jsse.jar:/usr/lib/jvm/java-8-openjdk-amd64/jre/lib/jce.jar:/usr/lib/jvm/java-8-openjdk-amd64/jre/lib/charsets.jar:/usr/lib/jvm/java-8-openjdk-amd64/jre/lib/jfr.jar:/usr/lib/jvm/java-8-openjdk-amd64/jre/classes"/>
    <property name="java.vendor" value="Oracle Corporation"/>
    <property name="enforcer.skip" value="true"/>
    <property name="rat.skip" value="true"/>
    <property name="maven.home" value="/usr/share/maven"/>
    <property name="file.separator" value="/"/>
    <property name="java.vendor.url.bug" value="http://bugreport.sun.com/bugreport/"/>
    <property name="sun.cpu.endian" value="little"/>
    <property name="sun.io.unicode.encoding" value="UnicodeLittle"/>
    <property name="sun.cpu.isalist" value=""/>
  </properties>
  <testcase name="testGetManifest" classname="edu.tamu.iiif.service.dspace.DSpaceSequenceManifestServiceTest" time="0">
    <failure message="expected:&lt;{&quot;@id&quot;:&quot;http://localhost:9003/dspace/sequence?context=123456789/158308&quot;,&quot;@type&quot;:&quot;sc:Sequence&quot;,&quot;canvases&quot;:[{&quot;@id&quot;:&quot;http://localhost:9003/dspace/canvas?context=123456789/158308/1/sports-car-146873_960_720.png&quot;,&quot;@type&quot;:&quot;sc:Canvas&quot;,&quot;height&quot;:480,&quot;images&quot;:[{&quot;@id&quot;:&quot;http://localhost:8182/iiif/2/ZHNwYWNlOnhtbHVpL2JpdHN0cmVhbS8xMjM0NTY3ODkvMTU4MzA4LzEvc3BvcnRzLWNhci0xNDY4NzNfOTYwXzcyMC5wbmc=/info.json&quot;,&quot;@type&quot;:&quot;oa:Annotation&quot;,&quot;motivation&quot;:&quot;sc:painting&quot;,&quot;on&quot;:&quot;http://localhost:9003/dspace/canvas?context=123456789/158308/1/sports-car-146873_960_720.png&quot;,&quot;resource&quot;:{&quot;@id&quot;:&quot;http://localhost:8182/iiif/2/ZHNwYWNlOnhtbHVpL2JpdHN0cmVhbS8xMjM0NTY3ODkvMTU4MzA4LzEvc3BvcnRzLWNhci0xNDY4NzNfOTYwXzcyMC5wbmc=/full/full/0/default.jpg&quot;,&quot;@type&quot;:&quot;dctypes:Image&quot;,&quot;height&quot;:480,&quot;service&quot;:{&quot;label&quot;:&quot;DSpace IIIF Image Resource Service&quot;,&quot;profile&quot;:&quot;http://iiif.io/api/image/2/level0.json&quot;,&quot;@context&quot;:&quot;http://iiif.io/api/image/2/context.json&quot;,&quot;@id&quot;:&quot;http://localhost:8182/iiif/2/ZHNwYWNlOnhtbHVpL2JpdHN0cmVhbS8xMjM0NTY3ODkvMTU4MzA4LzEvc3BvcnRzLWNhci0xNDY4NzNfOTYwXzcyMC5wbmc=&quot;},&quot;width&quot;:960}}],&quot;label&quot;:&quot;123456789/158308/1/sports-car-146873_960_720.png&quot;,&quot;metadata&quot;:[],&quot;width&quot;:960}],&quot;description&quot;:&quot;N/A&quot;,&quot;label&quot;:&quot;123456789/158308&quot;}&gt; but was:&lt;{&quot;canvases&quot;:[{&quot;height&quot;:0,&quot;images&quot;:[],&quot;label&quot;:&quot;123456789/158308/1/sports-car-146873_960_720.png&quot;,&quot;metadata&quot;:[],&quot;width&quot;:0,&quot;@type&quot;:&quot;sc:Canvas&quot;,&quot;@id&quot;:&quot;http://localhost:9003/dspace/canvas?context=123456789/158308/1/sports-car-146873_960_720.png&quot;}],&quot;description&quot;:&quot;N/A&quot;,&quot;label&quot;:&quot;123456789/158308&quot;,&quot;@type&quot;:&quot;sc:Sequence&quot;,&quot;@id&quot;:&quot;http://localhost:9003/dspace/sequence?context=123456789/158308&quot;}&gt;" type="java.lang.AssertionError"><![CDATA[java.lang.AssertionError: expected:<{"@id":"http://localhost:9003/dspace/sequence?context=123456789/158308","@type":"sc:Sequence","canvases":[{"@id":"http://localhost:9003/dspace/canvas?context=123456789/158308/1/sports-car-146873_960_720.png","@type":"sc:Canvas","height":480,"images":[{"@id":"http://localhost:8182/iiif/2/ZHNwYWNlOnhtbHVpL2JpdHN0cmVhbS8xMjM0NTY3ODkvMTU4MzA4LzEvc3BvcnRzLWNhci0xNDY4NzNfOTYwXzcyMC5wbmc=/info.json","@type":"oa:Annotation","motivation":"sc:painting","on":"http://localhost:9003/dspace/canvas?context=123456789/158308/1/sports-car-146873_960_720.png","resource":{"@id":"http://localhost:8182/iiif/2/ZHNwYWNlOnhtbHVpL2JpdHN0cmVhbS8xMjM0NTY3ODkvMTU4MzA4LzEvc3BvcnRzLWNhci0xNDY4NzNfOTYwXzcyMC5wbmc=/full/full/0/default.jpg","@type":"dctypes:Image","height":480,"service":{"label":"DSpace IIIF Image Resource Service","profile":"http://iiif.io/api/image/2/level0.json","@context":"http://iiif.io/api/image/2/context.json","@id":"http://localhost:8182/iiif/2/ZHNwYWNlOnhtbHVpL2JpdHN0cmVhbS8xMjM0NTY3ODkvMTU4MzA4LzEvc3BvcnRzLWNhci0xNDY4NzNfOTYwXzcyMC5wbmc="},"width":960}}],"label":"123456789/158308/1/sports-car-146873_960_720.png","metadata":[],"width":960}],"description":"N/A","label":"123456789/158308"}> but was:<{"canvases":[{"height":0,"images":[],"label":"123456789/158308/1/sports-car-146873_960_720.png","metadata":[],"width":0,"@type":"sc:Canvas","@id":"http://localhost:9003/dspace/canvas?context=123456789/158308/1/sports-car-146873_960_720.png"}],"description":"N/A","label":"123456789/158308","@type":"sc:Sequence","@id":"http://localhost:9003/dspace/sequence?context=123456789/158308"}>
	at org.junit.Assert.fail(Assert.java:88)
	at org.junit.Assert.failNotEquals(Assert.java:834)
	at org.junit.Assert.assertEquals(Assert.java:118)
	at org.junit.Assert.assertEquals(Assert.java:144)
	at edu.tamu.iiif.service.dspace.DSpaceSequenceManifestServiceTest.testGetManifest(DSpaceSequenceManifestServiceTest.java:51)
]]></failure>
    <system-out><![CDATA[23:42:52.790 [main] DEBUG org.springframework.test.context.support.AbstractDirtiesContextTestExecutionListener - After test class: context [DefaultTestContext@6b1c7b1f testClass = DSpaceImageManifestServiceTest, testInstance = [null], testMethod = [null], testException = [null], mergedContextConfiguration = [MergedContextConfiguration@6b9a3441 testClass = DSpaceImageManifestServiceTest, locations = '{}', classes = '{}', contextInitializerClasses = '[]', activeProfiles = '{}', propertySourceLocations = '{}', propertySourceProperties = '{}', contextCustomizers = set[org.springframework.boot.test.context.filter.ExcludeFilterContextCustomizer@102d92c4, org.springframework.boot.test.json.DuplicateJsonObjectContextCustomizerFactory$DuplicateJsonObjectContextCustomizer@79767781, org.springframework.boot.test.mock.mockito.MockitoContextCustomizer@0, org.springframework.boot.test.autoconfigure.properties.PropertyMappingContextCustomizer@0, org.springframework.boot.test.autoconfigure.web.servlet.WebDriverContextCustomizerFactory$Customizer@336365bc], contextLoader = 'org.springframework.test.context.support.DelegatingSmartContextLoader', parent = [null]]], class annotated with @DirtiesContext [false] with mode [null].
23:42:52.790 [main] DEBUG org.springframework.test.context.junit4.SpringJUnit4ClassRunner - SpringJUnit4ClassRunner constructor called with [class edu.tamu.iiif.service.dspace.DSpaceSequenceManifestServiceTest]
23:42:52.790 [main] DEBUG org.springframework.test.context.BootstrapUtils - Instantiating CacheAwareContextLoaderDelegate from class [org.springframework.test.context.cache.DefaultCacheAwareContextLoaderDelegate]
23:42:52.792 [main] DEBUG org.springframework.test.context.BootstrapUtils - Instantiating BootstrapContext using constructor [public org.springframework.test.context.support.DefaultBootstrapContext(java.lang.Class,org.springframework.test.context.CacheAwareContextLoaderDelegate)]
23:42:52.792 [main] DEBUG org.springframework.test.context.BootstrapUtils - Instantiating TestContextBootstrapper for test class [edu.tamu.iiif.service.dspace.DSpaceSequenceManifestServiceTest] from class [org.springframework.test.context.support.DefaultTestContextBootstrapper]
23:42:52.792 [main] INFO org.springframework.test.context.support.DefaultTestContextBootstrapper - Neither @ContextConfiguration nor @ContextHierarchy found for test class [edu.tamu.iiif.service.dspace.DSpaceSequenceManifestServiceTest], using DelegatingSmartContextLoader
23:42:52.793 [main] DEBUG org.springframework.test.context.support.AbstractDelegatingSmartContextLoader - Delegating to GenericXmlContextLoader to process context configuration [ContextConfigurationAttributes@586e92b2 declaringClass = 'edu.tamu.iiif.service.dspace.DSpaceSequenceManifestServiceTest', classes = '{}', locations = '{}', inheritLocations = false, initializers = '{}', inheritInitializers = true, name = [null], contextLoaderClass = 'org.springframework.test.context.ContextLoader'].
23:42:52.793 [main] DEBUG org.springframework.test.context.support.AbstractContextLoader - Did not detect default resource location for test class [edu.tamu.iiif.service.dspace.DSpaceSequenceManifestServiceTest]: class path resource [edu/tamu/iiif/service/dspace/DSpaceSequenceManifestServiceTest-context.xml] does not exist
23:42:52.793 [main] INFO org.springframework.test.context.support.AbstractContextLoader - Could not detect default resource locations for test class [edu.tamu.iiif.service.dspace.DSpaceSequenceManifestServiceTest]: no resource found for suffixes {-context.xml}.
23:42:52.793 [main] DEBUG org.springframework.test.context.support.AbstractDelegatingSmartContextLoader - Delegating to AnnotationConfigContextLoader to process context configuration [ContextConfigurationAttributes@586e92b2 declaringClass = 'edu.tamu.iiif.service.dspace.DSpaceSequenceManifestServiceTest', classes = '{}', locations = '{}', inheritLocations = false, initializers = '{}', inheritInitializers = true, name = [null], contextLoaderClass = 'org.springframework.test.context.ContextLoader'].
23:42:52.793 [main] INFO org.springframework.test.context.support.AnnotationConfigContextLoaderUtils - Could not detect default configuration classes for test class [edu.tamu.iiif.service.dspace.DSpaceSequenceManifestServiceTest]: DSpaceSequenceManifestServiceTest does not declare any static, non-private, non-final, nested classes annotated with @Configuration.
23:42:52.795 [main] DEBUG org.springframework.test.context.support.ActiveProfilesUtils - Could not find an 'annotation declaring class' for annotation type [org.springframework.test.context.ActiveProfiles] and class [edu.tamu.iiif.service.dspace.DSpaceSequenceManifestServiceTest]
23:42:52.795 [main] DEBUG org.springframework.test.context.support.DefaultTestContextBootstrapper - @TestExecutionListeners is not present for class [edu.tamu.iiif.service.dspace.DSpaceSequenceManifestServiceTest]: using defaults.
23:42:52.797 [main] INFO org.springframework.test.context.support.DefaultTestContextBootstrapper - Loaded default TestExecutionListener class names from location [META-INF/spring.factories]: [org.springframework.boot.test.mock.mockito.MockitoTestExecutionListener, org.springframework.boot.test.mock.mockito.ResetMocksTestExecutionListener, org.springframework.boot.test.autoconfigure.restdocs.RestDocsTestExecutionListener, org.springframework.boot.test.autoconfigure.web.client.MockRestServiceServerResetTestExecutionListener, org.springframework.boot.test.autoconfigure.web.servlet.MockMvcPrintOnlyOnFailureTestExecutionListener, org.springframework.boot.test.autoconfigure.web.servlet.WebDriverTestExecutionListener, org.springframework.test.context.web.ServletTestExecutionListener, org.springframework.test.context.support.DirtiesContextBeforeModesTestExecutionListener, org.springframework.test.context.support.DependencyInjectionTestExecutionListener, org.springframework.test.context.support.DirtiesContextTestExecutionListener, org.springframework.test.context.transaction.TransactionalTestExecutionListener, org.springframework.test.context.jdbc.SqlScriptsTestExecutionListener]
23:42:52.797 [main] INFO org.springframework.test.context.support.DefaultTestContextBootstrapper - Using TestExecutionListeners: [org.springframework.test.context.web.ServletTestExecutionListener@7f6d3ce5, org.springframework.test.context.support.DirtiesContextBeforeModesTestExecutionListener@52bc04f, org.springframework.test.context.support.DependencyInjectionTestExecutionListener@6634f211, org.springframework.test.context.support.DirtiesContextTestExecutionListener@503056df, org.springframework.test.context.transaction.TransactionalTestExecutionListener@46acc228, org.springframework.test.context.jdbc.SqlScriptsTestExecutionListener@1dde5b0a, org.springframework.boot.test.mock.mockito.ResetMocksTestExecutionListener@5c3b86da, org.springframework.boot.test.autoconfigure.web.servlet.WebDriverTestExecutionListener@e6fa52c, org.springframework.boot.test.autoconfigure.restdocs.RestDocsTestExecutionListener@2ef28b4b, org.springframework.boot.test.mock.mockito.MockitoTestExecutionListener@411b9394, org.springframework.boot.test.autoconfigure.web.servlet.MockMvcPrintOnlyOnFailureTestExecutionListener@4196c03b, org.springframework.boot.test.autoconfigure.web.client.MockRestServiceServerResetTestExecutionListener@32235be0]
23:42:52.797 [main] DEBUG org.springframework.test.annotation.ProfileValueUtils - Retrieved @ProfileValueSourceConfiguration [null] for test class [edu.tamu.iiif.service.dspace.DSpaceSequenceManifestServiceTest]
23:42:52.797 [main] DEBUG org.springframework.test.annotation.ProfileValueUtils - Retrieved ProfileValueSource type [class org.springframework.test.annotation.SystemProfileValueSource] for class [edu.tamu.iiif.service.dspace.DSpaceSequenceManifestServiceTest]
23:42:52.797 [main] DEBUG org.springframework.test.annotation.ProfileValueUtils - Retrieved @ProfileValueSourceConfiguration [null] for test class [edu.tamu.iiif.service.dspace.DSpaceSequenceManifestServiceTest]
23:42:52.797 [main] DEBUG org.springframework.test.annotation.ProfileValueUtils - Retrieved ProfileValueSource type [class org.springframework.test.annotation.SystemProfileValueSource] for class [edu.tamu.iiif.service.dspace.DSpaceSequenceManifestServiceTest]
23:42:52.798 [main] DEBUG org.springframework.test.context.support.AbstractDirtiesContextTestExecutionListener - Before test class: context [DefaultTestContext@8b1263c testClass = DSpaceSequenceManifestServiceTest, testInstance = [null], testMethod = [null], testException = [null], mergedContextConfiguration = [MergedContextConfiguration@15ab938d testClass = DSpaceSequenceManifestServiceTest, locations = '{}', classes = '{}', contextInitializerClasses = '[]', activeProfiles = '{}', propertySourceLocations = '{}', propertySourceProperties = '{}', contextCustomizers = set[org.springframework.boot.test.context.filter.ExcludeFilterContextCustomizer@102d92c4, org.springframework.boot.test.json.DuplicateJsonObjectContextCustomizerFactory$DuplicateJsonObjectContextCustomizer@79767781, org.springframework.boot.test.mock.mockito.MockitoContextCustomizer@0, org.springframework.boot.test.autoconfigure.properties.PropertyMappingContextCustomizer@0, org.springframework.boot.test.autoconfigure.web.servlet.WebDriverContextCustomizerFactory$Customizer@336365bc], contextLoader = 'org.springframework.test.context.support.DelegatingSmartContextLoader', parent = [null]]], class annotated with @DirtiesContext [false] with mode [null].
23:42:52.798 [main] DEBUG org.springframework.test.annotation.ProfileValueUtils - Retrieved @ProfileValueSourceConfiguration [null] for test class [edu.tamu.iiif.service.dspace.DSpaceSequenceManifestServiceTest]
23:42:52.798 [main] DEBUG org.springframework.test.annotation.ProfileValueUtils - Retrieved ProfileValueSource type [class org.springframework.test.annotation.SystemProfileValueSource] for class [edu.tamu.iiif.service.dspace.DSpaceSequenceManifestServiceTest]
23:42:52.798 [main] DEBUG org.springframework.test.context.support.DependencyInjectionTestExecutionListener - Performing dependency injection for test context [[DefaultTestContext@8b1263c testClass = DSpaceSequenceManifestServiceTest, testInstance = edu.tamu.iiif.service.dspace.DSpaceSequenceManifestServiceTest@624b0e1b, testMethod = [null], testException = [null], mergedContextConfiguration = [MergedContextConfiguration@15ab938d testClass = DSpaceSequenceManifestServiceTest, locations = '{}', classes = '{}', contextInitializerClasses = '[]', activeProfiles = '{}', propertySourceLocations = '{}', propertySourceProperties = '{}', contextCustomizers = set[org.springframework.boot.test.context.filter.ExcludeFilterContextCustomizer@102d92c4, org.springframework.boot.test.json.DuplicateJsonObjectContextCustomizerFactory$DuplicateJsonObjectContextCustomizer@79767781, org.springframework.boot.test.mock.mockito.MockitoContextCustomizer@0, org.springframework.boot.test.autoconfigure.properties.PropertyMappingContextCustomizer@0, org.springframework.boot.test.autoconfigure.web.servlet.WebDriverContextCustomizerFactory$Customizer@336365bc], contextLoader = 'org.springframework.test.context.support.DelegatingSmartContextLoader', parent = [null]]]].
23:42:52.798 [main] DEBUG org.springframework.test.context.cache.DefaultCacheAwareContextLoaderDelegate - Retrieved ApplicationContext from cache with key [[MergedContextConfiguration@15ab938d testClass = DSpaceSequenceManifestServiceTest, locations = '{}', classes = '{}', contextInitializerClasses = '[]', activeProfiles = '{}', propertySourceLocations = '{}', propertySourceProperties = '{}', contextCustomizers = set[org.springframework.boot.test.context.filter.ExcludeFilterContextCustomizer@102d92c4, org.springframework.boot.test.json.DuplicateJsonObjectContextCustomizerFactory$DuplicateJsonObjectContextCustomizer@79767781, org.springframework.boot.test.mock.mockito.MockitoContextCustomizer@0, org.springframework.boot.test.autoconfigure.properties.PropertyMappingContextCustomizer@0, org.springframework.boot.test.autoconfigure.web.servlet.WebDriverContextCustomizerFactory$Customizer@336365bc], contextLoader = 'org.springframework.test.context.support.DelegatingSmartContextLoader', parent = [null]]]
23:42:52.798 [main] DEBUG org.springframework.test.context.cache - Spring test ApplicationContext cache statistics: [DefaultContextCache@1adf387e size = 1, maxSize = 32, parentContextCount = 0, hitCount = 56, missCount = 1]
23:42:52.801 [main] DEBUG org.springframework.beans.factory.annotation.InjectionMetadata - Processing injected element of bean 'edu.tamu.iiif.service.dspace.DSpaceSequenceManifestServiceTest': AutowiredFieldElement for private org.springframework.core.io.Resource edu.tamu.iiif.service.dspace.DSpaceSequenceManifestServiceTest.rdf
23:42:52.801 [main] DEBUG org.springframework.beans.factory.annotation.InjectionMetadata - Processing injected element of bean 'edu.tamu.iiif.service.dspace.DSpaceSequenceManifestServiceTest': AutowiredFieldElement for private org.springframework.core.io.Resource edu.tamu.iiif.service.dspace.DSpaceSequenceManifestServiceTest.image
23:42:52.801 [main] DEBUG org.springframework.beans.factory.annotation.InjectionMetadata - Processing injected element of bean 'edu.tamu.iiif.service.dspace.DSpaceSequenceManifestServiceTest': AutowiredFieldElement for private org.springframework.core.io.Resource edu.tamu.iiif.service.dspace.DSpaceSequenceManifestServiceTest.sequence
23:42:52.804 [main] DEBUG org.springframework.test.context.support.AbstractDirtiesContextTestExecutionListener - Before test method: context [DefaultTestContext@8b1263c testClass = DSpaceSequenceManifestServiceTest, testInstance = edu.tamu.iiif.service.dspace.DSpaceSequenceManifestServiceTest@624b0e1b, testMethod = testGetManifest@DSpaceSequenceManifestServiceTest, testException = [null], mergedContextConfiguration = [MergedContextConfiguration@15ab938d testClass = DSpaceSequenceManifestServiceTest, locations = '{}', classes = '{}', contextInitializerClasses = '[]', activeProfiles = '{}', propertySourceLocations = '{}', propertySourceProperties = '{}', contextCustomizers = set[org.springframework.boot.test.context.filter.ExcludeFilterContextCustomizer@102d92c4, org.springframework.boot.test.json.DuplicateJsonObjectContextCustomizerFactory$DuplicateJsonObjectContextCustomizer@79767781, org.springframework.boot.test.mock.mockito.MockitoContextCustomizer@0, org.springframework.boot.test.autoconfigure.properties.PropertyMappingContextCustomizer@0, org.springframework.boot.test.autoconfigure.web.servlet.WebDriverContextCustomizerFactory$Customizer@336365bc], contextLoader = 'org.springframework.test.context.support.DelegatingSmartContextLoader', parent = [null]]], class annotated with @DirtiesContext [false] with mode [null], method annotated with @DirtiesContext [false] with mode [null].
23:42:52.805 [main] DEBUG org.springframework.test.context.cache.DefaultCacheAwareContextLoaderDelegate - Retrieved ApplicationContext from cache with key [[MergedContextConfiguration@15ab938d testClass = DSpaceSequenceManifestServiceTest, locations = '{}', classes = '{}', contextInitializerClasses = '[]', activeProfiles = '{}', propertySourceLocations = '{}', propertySourceProperties = '{}', contextCustomizers = set[org.springframework.boot.test.context.filter.ExcludeFilterContextCustomizer@102d92c4, org.springframework.boot.test.json.DuplicateJsonObjectContextCustomizerFactory$DuplicateJsonObjectContextCustomizer@79767781, org.springframework.boot.test.mock.mockito.MockitoContextCustomizer@0, org.springframework.boot.test.autoconfigure.properties.PropertyMappingContextCustomizer@0, org.springframework.boot.test.autoconfigure.web.servlet.WebDriverContextCustomizerFactory$Customizer@336365bc], contextLoader = 'org.springframework.test.context.support.DelegatingSmartContextLoader', parent = [null]]]
23:42:52.805 [main] DEBUG org.springframework.test.context.cache - Spring test ApplicationContext cache statistics: [DefaultContextCache@1adf387e size = 1, maxSize = 32, parentContextCount = 0, hitCount = 57, missCount = 1]
23:42:52.805 [main] DEBUG org.springframework.beans.factory.support.DefaultListableBeanFactory - Returning cached instance of singleton bean 'org.springframework.boot.test.mock.mockito.MockitoBeans'
23:42:52.808 [main] DEBUG org.springframework.test.util.ReflectionTestUtils - Setting field 'iiifServiceUrl' of type [null] on target object [edu.tamu.iiif.service.dspace.DSpaceSequenceManifestService@3951efe0] or target class [class edu.tamu.iiif.service.dspace.DSpaceSequenceManifestService] to value [http://localhost:9003]
23:42:52.808 [main] DEBUG org.springframework.test.util.ReflectionTestUtils - Setting field 'imageServerUrl' of type [null] on target object [edu.tamu.iiif.service.dspace.DSpaceSequenceManifestService@3951efe0] or target class [class edu.tamu.iiif.service.dspace.DSpaceSequenceManifestService] to value [http://localhost:8182/iiif/2]
23:42:52.808 [main] DEBUG org.springframework.test.util.ReflectionTestUtils - Setting field 'logoUrl' of type [null] on target object [edu.tamu.iiif.service.dspace.DSpaceSequenceManifestService@3951efe0] or target class [class edu.tamu.iiif.service.dspace.DSpaceSequenceManifestService] to value [https://brandguide.tamu.edu/assets/downloads/logos/TAM-Logo.png]
23:42:52.808 [main] DEBUG org.springframework.test.util.ReflectionTestUtils - Setting field 'dspaceUrl' of type [null] on target object [edu.tamu.iiif.service.dspace.DSpaceSequenceManifestService@3951efe0] or target class [class edu.tamu.iiif.service.dspace.DSpaceSequenceManifestService] to value [http://localhost:8080]
23:42:52.808 [main] DEBUG org.springframework.test.util.ReflectionTestUtils - Setting field 'dspaceWebapp' of type [null] on target object [edu.tamu.iiif.service.dspace.DSpaceSequenceManifestService@3951efe0] or target class [class edu.tamu.iiif.service.dspace.DSpaceSequenceManifestService] to value [xmlui]
23:42:52.809 [main] INFO edu.tamu.iiif.service.AbstractManifestService - Generating new manifest.
23:42:52.816 [main] INFO edu.tamu.iiif.service.AbstractManifestService - Unable to get mime type: http://localhost:8080/xmlui/bitstream/123456789/158308/1/sports-car-146873_960_720.png
23:42:52.817 [main] INFO edu.tamu.iiif.service.AbstractManifestService - Manifest requested: 123456789/158308
23:42:52.819 [main] DEBUG org.springframework.test.context.cache.DefaultCacheAwareContextLoaderDelegate - Retrieved ApplicationContext from cache with key [[MergedContextConfiguration@15ab938d testClass = DSpaceSequenceManifestServiceTest, locations = '{}', classes = '{}', contextInitializerClasses = '[]', activeProfiles = '{}', propertySourceLocations = '{}', propertySourceProperties = '{}', contextCustomizers = set[org.springframework.boot.test.context.filter.ExcludeFilterContextCustomizer@102d92c4, org.springframework.boot.test.json.DuplicateJsonObjectContextCustomizerFactory$DuplicateJsonObjectContextCustomizer@79767781, org.springframework.boot.test.mock.mockito.MockitoContextCustomizer@0, org.springframework.boot.test.autoconfigure.properties.PropertyMappingContextCustomizer@0, org.springframework.boot.test.autoconfigure.web.servlet.WebDriverContextCustomizerFactory$Customizer@336365bc], contextLoader = 'org.springframework.test.context.support.DelegatingSmartContextLoader', parent = [null]]]
23:42:52.819 [main] DEBUG org.springframework.test.context.cache - Spring test ApplicationContext cache statistics: [DefaultContextCache@1adf387e size = 1, maxSize = 32, parentContextCount = 0, hitCount = 58, missCount = 1]
23:42:52.820 [main] DEBUG org.springframework.test.context.cache.DefaultCacheAwareContextLoaderDelegate - Retrieved ApplicationContext from cache with key [[MergedContextConfiguration@15ab938d testClass = DSpaceSequenceManifestServiceTest, locations = '{}', classes = '{}', contextInitializerClasses = '[]', activeProfiles = '{}', propertySourceLocations = '{}', propertySourceProperties = '{}', contextCustomizers = set[org.springframework.boot.test.context.filter.ExcludeFilterContextCustomizer@102d92c4, org.springframework.boot.test.json.DuplicateJsonObjectContextCustomizerFactory$DuplicateJsonObjectContextCustomizer@79767781, org.springframework.boot.test.mock.mockito.MockitoContextCustomizer@0, org.springframework.boot.test.autoconfigure.properties.PropertyMappingContextCustomizer@0, org.springframework.boot.test.autoconfigure.web.servlet.WebDriverContextCustomizerFactory$Customizer@336365bc], contextLoader = 'org.springframework.test.context.support.DelegatingSmartContextLoader', parent = [null]]]
23:42:52.820 [main] DEBUG org.springframework.test.context.cache - Spring test ApplicationContext cache statistics: [DefaultContextCache@1adf387e size = 1, maxSize = 32, parentContextCount = 0, hitCount = 59, missCount = 1]
23:42:52.820 [main] DEBUG org.springframework.test.context.cache.DefaultCacheAwareContextLoaderDelegate - Retrieved ApplicationContext from cache with key [[MergedContextConfiguration@15ab938d testClass = DSpaceSequenceManifestServiceTest, locations = '{}', classes = '{}', contextInitializerClasses = '[]', activeProfiles = '{}', propertySourceLocations = '{}', propertySourceProperties = '{}', contextCustomizers = set[org.springframework.boot.test.context.filter.ExcludeFilterContextCustomizer@102d92c4, org.springframework.boot.test.json.DuplicateJsonObjectContextCustomizerFactory$DuplicateJsonObjectContextCustomizer@79767781, org.springframework.boot.test.mock.mockito.MockitoContextCustomizer@0, org.springframework.boot.test.autoconfigure.properties.PropertyMappingContextCustomizer@0, org.springframework.boot.test.autoconfigure.web.servlet.WebDriverContextCustomizerFactory$Customizer@336365bc], contextLoader = 'org.springframework.test.context.support.DelegatingSmartContextLoader', parent = [null]]]
23:42:52.820 [main] DEBUG org.springframework.test.context.cache - Spring test ApplicationContext cache statistics: [DefaultContextCache@1adf387e size = 1, maxSize = 32, parentContextCount = 0, hitCount = 60, missCount = 1]
23:42:52.821 [main] DEBUG org.springframework.test.context.cache.DefaultCacheAwareContextLoaderDelegate - Retrieved ApplicationContext from cache with key [[MergedContextConfiguration@15ab938d testClass = DSpaceSequenceManifestServiceTest, locations = '{}', classes = '{}', contextInitializerClasses = '[]', activeProfiles = '{}', propertySourceLocations = '{}', propertySourceProperties = '{}', contextCustomizers = set[org.springframework.boot.test.context.filter.ExcludeFilterContextCustomizer@102d92c4, org.springframework.boot.test.json.DuplicateJsonObjectContextCustomizerFactory$DuplicateJsonObjectContextCustomizer@79767781, org.springframework.boot.test.mock.mockito.MockitoContextCustomizer@0, org.springframework.boot.test.autoconfigure.properties.PropertyMappingContextCustomizer@0, org.springframework.boot.test.autoconfigure.web.servlet.WebDriverContextCustomizerFactory$Customizer@336365bc], contextLoader = 'org.springframework.test.context.support.DelegatingSmartContextLoader', parent = [null]]]
23:42:52.821 [main] DEBUG org.springframework.test.context.cache - Spring test ApplicationContext cache statistics: [DefaultContextCache@1adf387e size = 1, maxSize = 32, parentContextCount = 0, hitCount = 61, missCount = 1]
23:42:52.821 [main] DEBUG org.springframework.beans.factory.support.DefaultListableBeanFactory - Returning cached instance of singleton bean 'org.springframework.boot.test.mock.mockito.MockitoBeans'
23:42:52.821 [main] DEBUG org.springframework.test.context.support.AbstractDirtiesContextTestExecutionListener - After test method: context [DefaultTestContext@8b1263c testClass = DSpaceSequenceManifestServiceTest, testInstance = edu.tamu.iiif.service.dspace.DSpaceSequenceManifestServiceTest@624b0e1b, testMethod = testGetManifest@DSpaceSequenceManifestServiceTest, testException = java.lang.AssertionError: expected:<{"@id":"http://localhost:9003/dspace/sequence?context=123456789/158308","@type":"sc:Sequence","canvases":[{"@id":"http://localhost:9003/dspace/canvas?context=123456789/158308/1/sports-car-146873_960_720.png","@type":"sc:Canvas","height":480,"images":[{"@id":"http://localhost:8182/iiif/2/ZHNwYWNlOnhtbHVpL2JpdHN0cmVhbS8xMjM0NTY3ODkvMTU4MzA4LzEvc3BvcnRzLWNhci0xNDY4NzNfOTYwXzcyMC5wbmc=/info.json","@type":"oa:Annotation","motivation":"sc:painting","on":"http://localhost:9003/dspace/canvas?context=123456789/158308/1/sports-car-146873_960_720.png","resource":{"@id":"http://localhost:8182/iiif/2/ZHNwYWNlOnhtbHVpL2JpdHN0cmVhbS8xMjM0NTY3ODkvMTU4MzA4LzEvc3BvcnRzLWNhci0xNDY4NzNfOTYwXzcyMC5wbmc=/full/full/0/default.jpg","@type":"dctypes:Image","height":480,"service":{"label":"DSpace IIIF Image Resource Service","profile":"http://iiif.io/api/image/2/level0.json","@context":"http://iiif.io/api/image/2/context.json","@id":"http://localhost:8182/iiif/2/ZHNwYWNlOnhtbHVpL2JpdHN0cmVhbS8xMjM0NTY3ODkvMTU4MzA4LzEvc3BvcnRzLWNhci0xNDY4NzNfOTYwXzcyMC5wbmc="},"width":960}}],"label":"123456789/158308/1/sports-car-146873_960_720.png","metadata":[],"width":960}],"description":"N/A","label":"123456789/158308"}> but was:<{"canvases":[{"height":0,"images":[],"label":"123456789/158308/1/sports-car-146873_960_720.png","metadata":[],"width":0,"@type":"sc:Canvas","@id":"http://localhost:9003/dspace/canvas?context=123456789/158308/1/sports-car-146873_960_720.png"}],"description":"N/A","label":"123456789/158308","@type":"sc:Sequence","@id":"http://localhost:9003/dspace/sequence?context=123456789/158308"}>, mergedContextConfiguration = [MergedContextConfiguration@15ab938d testClass = DSpaceSequenceManifestServiceTest, locations = '{}', classes = '{}', contextInitializerClasses = '[]', activeProfiles = '{}', propertySourceLocations = '{}', propertySourceProperties = '{}', contextCustomizers = set[org.springframework.boot.test.context.filter.ExcludeFilterContextCustomizer@102d92c4, org.springframework.boot.test.json.DuplicateJsonObjectContextCustomizerFactory$DuplicateJsonObjectContextCustomizer@79767781, org.springframework.boot.test.mock.mockito.MockitoContextCustomizer@0, org.springframework.boot.test.autoconfigure.properties.PropertyMappingContextCustomizer@0, org.springframework.boot.test.autoconfigure.web.servlet.WebDriverContextCustomizerFactory$Customizer@336365bc], contextLoader = 'org.springframework.test.context.support.DelegatingSmartContextLoader', parent = [null]]], class annotated with @DirtiesContext [false] with mode [null], method annotated with @DirtiesContext [false] with mode [null].
]]></system-out>
  </testcase>
</testsuite>