<?xml version="1.0" encoding="UTF-8"?>
<testsuite name="com.bullhornsdk.data.TestStandardBullhornApiRestQuery" time="28.581" tests="52" errors="0" skipped="0" failures="0">
  <properties>
    <property name="java.runtime.name" value="OpenJDK Runtime Environment"/>
    <property name="sun.boot.library.path" value="/usr/lib/jvm/java-8-openjdk-amd64/jre/lib/amd64"/>
    <property name="java.vm.version" value="25.121-b13"/>
    <property name="java.vm.vendor" value="Oracle Corporation"/>
    <property name="maven.multiModuleProjectDirectory" value="/root/workspace/bullhorn/sdk-rest/388225689"/>
    <property name="java.vendor.url" value="http://java.oracle.com/"/>
    <property name="path.separator" value=":"/>
    <property name="guice.disable.misplaced.annotation.check" value="true"/>
    <property name="skip.gulp" value="true"/>
    <property name="java.vm.name" value="OpenJDK 64-Bit Server VM"/>
    <property name="file.encoding.pkg" value="sun.io"/>
    <property name="sun.java.launcher" value="SUN_STANDARD"/>
    <property name="sun.os.patch.level" value="unknown"/>
    <property name="findbugs.skip" value="true"/>
    <property name="java.vm.specification.name" value="Java Virtual Machine Specification"/>
    <property name="user.dir" value="/root/workspace/bullhorn/sdk-rest/388225689"/>
    <property name="checkstyle.skip" value="true"/>
    <property name="java.runtime.version" value="1.8.0_121-8u121-b13-1~bpo8+1-b13"/>
    <property name="java.awt.graphicsenv" value="sun.awt.X11GraphicsEnvironment"/>
    <property name="skip.npm" value="true"/>
    <property name="java.endorsed.dirs" value="/usr/lib/jvm/java-8-openjdk-amd64/jre/lib/endorsed"/>
    <property name="os.arch" value="amd64"/>
    <property name="java.io.tmpdir" value="/tmp"/>
    <property name="gpg.skip" value="true"/>
    <property name="line.separator" value="&#10;"/>
    <property name="java.vm.specification.vendor" value="Oracle Corporation"/>
    <property name="cobertura.skip" value="true"/>
    <property name="os.name" value="Linux"/>
    <property name="classworlds.conf" value="/usr/share/maven/bin/m2.conf"/>
    <property name="sun.jnu.encoding" value="UTF-8"/>
    <property name="java.library.path" value="/usr/java/packages/lib/amd64:/usr/lib/x86_64-linux-gnu/jni:/lib/x86_64-linux-gnu:/usr/lib/x86_64-linux-gnu:/usr/lib/jni:/lib:/usr/lib"/>
    <property name="license.skip" value="true"/>
    <property name="java.specification.name" value="Java Platform API Specification"/>
    <property name="java.class.version" value="52.0"/>
    <property name="sun.management.compiler" value="HotSpot 64-Bit Tiered Compilers"/>
    <property name="skip.bower" value="true"/>
    <property name="maven.repo.local" value="/root/./workspace/bullhorn/sdk-rest/388225689/.m2"/>
    <property name="os.version" value="3.10.0-862.3.2.el7.x86_64"/>
    <property name="user.home" value="/root"/>
    <property name="user.timezone" value="Europe/Paris"/>
    <property name="java.awt.printerjob" value="sun.print.PSPrinterJob"/>
    <property name="java.specification.version" value="1.8"/>
    <property name="file.encoding" value="UTF-8"/>
    <property name="user.name" value="root"/>
    <property name="java.class.path" value="/usr/share/maven/boot/plexus-classworlds-2.5.2.jar"/>
    <property name="skipITs" value="true"/>
    <property name="java.vm.specification.version" value="1.8"/>
    <property name="sun.arch.data.model" value="64"/>
    <property name="java.home" value="/usr/lib/jvm/java-8-openjdk-amd64/jre"/>
    <property name="sun.java.command" value="org.codehaus.plexus.classworlds.launcher.Launcher -B -D enforcer.skip=true -D dependency-check.skip=true -D skipITs=true -D cobertura.skip=true -D maven.repo.local=/root/./workspace/bullhorn/sdk-rest/388225689/.m2 -D rat.skip=true -D findbugs.skip=true -D skip.bower=true -D gpg.skip=true -D checkstyle.skip=true -D skip.gulp=true -D license.skip=true -D skip.npm=true test"/>
    <property name="java.specification.vendor" value="Oracle Corporation"/>
    <property name="user.language" value="en"/>
    <property name="awt.toolkit" value="sun.awt.X11.XToolkit"/>
    <property name="dependency-check.skip" value="true"/>
    <property name="java.vm.info" value="mixed mode"/>
    <property name="java.version" value="1.8.0_121"/>
    <property name="java.ext.dirs" value="/usr/lib/jvm/java-8-openjdk-amd64/jre/lib/ext:/usr/java/packages/lib/ext"/>
    <property name="securerandom.source" value="file:/dev/./urandom"/>
    <property name="sun.boot.class.path" value="/usr/lib/jvm/java-8-openjdk-amd64/jre/lib/resources.jar:/usr/lib/jvm/java-8-openjdk-amd64/jre/lib/rt.jar:/usr/lib/jvm/java-8-openjdk-amd64/jre/lib/sunrsasign.jar:/usr/lib/jvm/java-8-openjdk-amd64/jre/lib/jsse.jar:/usr/lib/jvm/java-8-openjdk-amd64/jre/lib/jce.jar:/usr/lib/jvm/java-8-openjdk-amd64/jre/lib/charsets.jar:/usr/lib/jvm/java-8-openjdk-amd64/jre/lib/jfr.jar:/usr/lib/jvm/java-8-openjdk-amd64/jre/classes"/>
    <property name="java.vendor" value="Oracle Corporation"/>
    <property name="enforcer.skip" value="true"/>
    <property name="rat.skip" value="true"/>
    <property name="maven.home" value="/usr/share/maven"/>
    <property name="file.separator" value="/"/>
    <property name="java.vendor.url.bug" value="http://bugreport.sun.com/bugreport/"/>
    <property name="sun.cpu.endian" value="little"/>
    <property name="sun.io.unicode.encoding" value="UnicodeLittle"/>
    <property name="sun.cpu.isalist" value=""/>
  </properties>
  <testcase name="testQueryClientContact" classname="com.bullhornsdk.data.TestStandardBullhornApiRestQuery" time="0.532"/>
  <testcase name="testQueryJobSubmissionHistory" classname="com.bullhornsdk.data.TestStandardBullhornApiRestQuery" time="0.536"/>
  <testcase name="testQueryPlacementChangeRequest" classname="com.bullhornsdk.data.TestStandardBullhornApiRestQuery" time="0.535"/>
  <testcase name="testQueryCandidateEducation" classname="com.bullhornsdk.data.TestStandardBullhornApiRestQuery" time="0.532"/>
  <testcase name="testQueryClientCorporation1" classname="com.bullhornsdk.data.TestStandardBullhornApiRestQuery" time="0.542"/>
  <testcase name="testQueryOpportunityFileAttachment" classname="com.bullhornsdk.data.TestStandardBullhornApiRestQuery" time="0.531"/>
  <testcase name="testQueryPlacementCommission_2" classname="com.bullhornsdk.data.TestStandardBullhornApiRestQuery" time="0.531"/>
  <testcase name="testQueryWorkersCompensation" classname="com.bullhornsdk.data.TestStandardBullhornApiRestQuery" time="0.548"/>
  <testcase name="testQueryFile" classname="com.bullhornsdk.data.TestStandardBullhornApiRestQuery" time="0.541"/>
  <testcase name="testQueryLead" classname="com.bullhornsdk.data.TestStandardBullhornApiRestQuery" time="0.56"/>
  <testcase name="testQueryTask" classname="com.bullhornsdk.data.TestStandardBullhornApiRestQuery" time="0.566"/>
  <testcase name="testQueryCorporationDepartment" classname="com.bullhornsdk.data.TestStandardBullhornApiRestQuery" time="0.549"/>
  <testcase name="testQuerySkill" classname="com.bullhornsdk.data.TestStandardBullhornApiRestQuery" time="0.536"/>
  <testcase name="testQueryState" classname="com.bullhornsdk.data.TestStandardBullhornApiRestQuery" time="0.532"/>
  <testcase name="testQueryUserType" classname="com.bullhornsdk.data.TestStandardBullhornApiRestQuery" time="0.537"/>
  <testcase name="testQueryCountry" classname="com.bullhornsdk.data.TestStandardBullhornApiRestQuery" time="0.587"/>
  <testcase name="testQueryJobOrderGreaterThan" classname="com.bullhornsdk.data.TestStandardBullhornApiRestQuery" time="0.524"/>
  <testcase name="testQueryJobOrderGreaterThanEqualTo" classname="com.bullhornsdk.data.TestStandardBullhornApiRestQuery" time="0.556"/>
  <testcase name="testQueryCandidateWorkHistory" classname="com.bullhornsdk.data.TestStandardBullhornApiRestQuery" time="0.531"/>
  <testcase name="testQueryCategory" classname="com.bullhornsdk.data.TestStandardBullhornApiRestQuery" time="0.532"/>
  <testcase name="testQueryDistributionList" classname="com.bullhornsdk.data.TestStandardBullhornApiRestQuery" time="0.531"/>
  <testcase name="testQueryAppointmentAttendee" classname="com.bullhornsdk.data.TestStandardBullhornApiRestQuery" time="0.537"/>
  <testcase name="testQueryNoteEntity" classname="com.bullhornsdk.data.TestStandardBullhornApiRestQuery" time="0.543"/>
  <testcase name="testQueryWorkersCompensationRate" classname="com.bullhornsdk.data.TestStandardBullhornApiRestQuery" time="0.574"/>
  <testcase name="testQueryJobOrderFileAttachment" classname="com.bullhornsdk.data.TestStandardBullhornApiRestQuery" time="0.564"/>
  <testcase name="testQueryJobOrderLessThan" classname="com.bullhornsdk.data.TestStandardBullhornApiRestQuery" time="0.545"/>
  <testcase name="testQueryCertification" classname="com.bullhornsdk.data.TestStandardBullhornApiRestQuery" time="0.554"/>
  <testcase name="testQuerySendout" classname="com.bullhornsdk.data.TestStandardBullhornApiRestQuery" time="0.563"/>
  <testcase name="testQueryJobOrderEqualTo" classname="com.bullhornsdk.data.TestStandardBullhornApiRestQuery" time="0.539"/>
  <testcase name="testQueryPlacement" classname="com.bullhornsdk.data.TestStandardBullhornApiRestQuery" time="0.57"/>
  <testcase name="testQueryHousingComplexGreaterThan" classname="com.bullhornsdk.data.TestStandardBullhornApiRestQuery" time="0.552"/>
  <testcase name="testQueryJobOrderLessThanEqualTo" classname="com.bullhornsdk.data.TestStandardBullhornApiRestQuery" time="0.569"/>
  <testcase name="testQueryCandidateCertification" classname="com.bullhornsdk.data.TestStandardBullhornApiRestQuery" time="0.561"/>
  <testcase name="testQueryBusinessSector" classname="com.bullhornsdk.data.TestStandardBullhornApiRestQuery" time="0.534"/>
  <testcase name="testQueryPlacementFileAttachment" classname="com.bullhornsdk.data.TestStandardBullhornApiRestQuery" time="0.545"/>
  <testcase name="testQueryJobSubmission" classname="com.bullhornsdk.data.TestStandardBullhornApiRestQuery" time="0.564"/>
  <testcase name="testQuerySpecialty" classname="com.bullhornsdk.data.TestStandardBullhornApiRestQuery" time="0.578"/>
  <testcase name="testQueryClientCorporation" classname="com.bullhornsdk.data.TestStandardBullhornApiRestQuery" time="0.568"/>
  <testcase name="testQueryCandidateFileAttachment" classname="com.bullhornsdk.data.TestStandardBullhornApiRestQuery" time="0.561"/>
  <testcase name="testQueryCorporateUser" classname="com.bullhornsdk.data.TestStandardBullhornApiRestQuery" time="0.558"/>
  <testcase name="testQueryJobBoardPost" classname="com.bullhornsdk.data.TestStandardBullhornApiRestQuery" time="0.566"/>
  <testcase name="testQueryClientCorporationFileAttachment" classname="com.bullhornsdk.data.TestStandardBullhornApiRestQuery" time="0.547"/>
  <testcase name="testQueryJobOrderNotEqualTo" classname="com.bullhornsdk.data.TestStandardBullhornApiRestQuery" time="0.568"/>
  <testcase name="testQueryTimeUnit" classname="com.bullhornsdk.data.TestStandardBullhornApiRestQuery" time="0.552"/>
  <testcase name="testQueryPlacementCertification" classname="com.bullhornsdk.data.TestStandardBullhornApiRestQuery" time="0.553"/>
  <testcase name="testQueryClientContactFileAttachment" classname="com.bullhornsdk.data.TestStandardBullhornApiRestQuery" time="0.54"/>
  <testcase name="testQueryAppointment" classname="com.bullhornsdk.data.TestStandardBullhornApiRestQuery" time="0.561"/>
  <testcase name="testQueryCandidateReference" classname="com.bullhornsdk.data.TestStandardBullhornApiRestQuery" time="0.555"/>
  <testcase name="testQueryDepartment" classname="com.bullhornsdk.data.TestStandardBullhornApiRestQuery" time="0.549"/>
  <testcase name="testQueryBranch" classname="com.bullhornsdk.data.TestStandardBullhornApiRestQuery" time="0.536"/>
  <testcase name="testQueryOpportunity" classname="com.bullhornsdk.data.TestStandardBullhornApiRestQuery" time="0.569"/>
  <testcase name="testQueryPlacementCommission" classname="com.bullhornsdk.data.TestStandardBullhornApiRestQuery" time="0.537"/>
</testsuite>