<?xml version="1.0" encoding="UTF-8"?>
<testsuite xmlns:xsi="http://www.w3.org/2001/XMLSchema-instance" xsi:schemaLocation="https://maven.apache.org/surefire/maven-surefire-plugin/xsd/surefire-test-report.xsd" name="org.springframework.data.redis.core.DefaultListOperationsTests" time="0.307" tests="234" errors="234" skipped="0" failures="0">
  <properties>
    <property name="java.runtime.name" value="OpenJDK Runtime Environment"/>
    <property name="sun.boot.library.path" value="/usr/lib/jvm/java-8-openjdk-amd64/jre/lib/amd64"/>
    <property name="java.vm.version" value="25.121-b13"/>
    <property name="java.vm.vendor" value="Oracle Corporation"/>
    <property name="maven.multiModuleProjectDirectory" value="/root/workspace/spring-projects/spring-data-redis/388703425"/>
    <property name="java.vendor.url" value="http://java.oracle.com/"/>
    <property name="path.separator" value=":"/>
    <property name="guice.disable.misplaced.annotation.check" value="true"/>
    <property name="skip.gulp" value="true"/>
    <property name="java.vm.name" value="OpenJDK 64-Bit Server VM"/>
    <property name="file.encoding.pkg" value="sun.io"/>
    <property name="sun.java.launcher" value="SUN_STANDARD"/>
    <property name="sun.os.patch.level" value="unknown"/>
    <property name="findbugs.skip" value="true"/>
    <property name="java.vm.specification.name" value="Java Virtual Machine Specification"/>
    <property name="user.dir" value="/root/workspace/spring-projects/spring-data-redis/388703425"/>
    <property name="checkstyle.skip" value="true"/>
    <property name="java.runtime.version" value="1.8.0_121-8u121-b13-1~bpo8+1-b13"/>
    <property name="java.awt.graphicsenv" value="sun.awt.X11GraphicsEnvironment"/>
    <property name="skip.npm" value="true"/>
    <property name="java.endorsed.dirs" value="/usr/lib/jvm/java-8-openjdk-amd64/jre/lib/endorsed"/>
    <property name="os.arch" value="amd64"/>
    <property name="java.io.tmpdir" value="/tmp"/>
    <property name="gpg.skip" value="true"/>
    <property name="line.separator" value="&#10;"/>
    <property name="java.vm.specification.vendor" value="Oracle Corporation"/>
    <property name="cobertura.skip" value="true"/>
    <property name="os.name" value="Linux"/>
    <property name="classworlds.conf" value="/usr/share/maven/bin/m2.conf"/>
    <property name="sun.jnu.encoding" value="UTF-8"/>
    <property name="java.library.path" value="/usr/java/packages/lib/amd64:/usr/lib/x86_64-linux-gnu/jni:/lib/x86_64-linux-gnu:/usr/lib/x86_64-linux-gnu:/usr/lib/jni:/lib:/usr/lib"/>
    <property name="license.skip" value="true"/>
    <property name="java.specification.name" value="Java Platform API Specification"/>
    <property name="java.class.version" value="52.0"/>
    <property name="sun.management.compiler" value="HotSpot 64-Bit Tiered Compilers"/>
    <property name="skip.bower" value="true"/>
    <property name="maven.repo.local" value="/root/./workspace/spring-projects/spring-data-redis/388703425/.m2"/>
    <property name="os.version" value="3.10.0-862.3.2.el7.x86_64"/>
    <property name="user.home" value="/root"/>
    <property name="user.timezone" value="Europe/Paris"/>
    <property name="java.awt.printerjob" value="sun.print.PSPrinterJob"/>
    <property name="java.specification.version" value="1.8"/>
    <property name="file.encoding" value="UTF-8"/>
    <property name="user.name" value="root"/>
    <property name="java.class.path" value="/usr/share/maven/boot/plexus-classworlds-2.5.2.jar"/>
    <property name="skipITs" value="true"/>
    <property name="java.vm.specification.version" value="1.8"/>
    <property name="sun.arch.data.model" value="64"/>
    <property name="java.home" value="/usr/lib/jvm/java-8-openjdk-amd64/jre"/>
    <property name="sun.java.command" value="org.codehaus.plexus.classworlds.launcher.Launcher -B -D enforcer.skip=true -D dependency-check.skip=true -D skipITs=true -D cobertura.skip=true -D maven.repo.local=/root/./workspace/spring-projects/spring-data-redis/388703425/.m2 -D rat.skip=true -D findbugs.skip=true -D skip.bower=true -D gpg.skip=true -D checkstyle.skip=true -D skip.gulp=true -D license.skip=true -D skip.npm=true test"/>
    <property name="java.specification.vendor" value="Oracle Corporation"/>
    <property name="user.language" value="en"/>
    <property name="awt.toolkit" value="sun.awt.X11.XToolkit"/>
    <property name="dependency-check.skip" value="true"/>
    <property name="java.vm.info" value="mixed mode"/>
    <property name="java.version" value="1.8.0_121"/>
    <property name="java.ext.dirs" value="/usr/lib/jvm/java-8-openjdk-amd64/jre/lib/ext:/usr/java/packages/lib/ext"/>
    <property name="securerandom.source" value="file:/dev/./urandom"/>
    <property name="sun.boot.class.path" value="/usr/lib/jvm/java-8-openjdk-amd64/jre/lib/resources.jar:/usr/lib/jvm/java-8-openjdk-amd64/jre/lib/rt.jar:/usr/lib/jvm/java-8-openjdk-amd64/jre/lib/sunrsasign.jar:/usr/lib/jvm/java-8-openjdk-amd64/jre/lib/jsse.jar:/usr/lib/jvm/java-8-openjdk-amd64/jre/lib/jce.jar:/usr/lib/jvm/java-8-openjdk-amd64/jre/lib/charsets.jar:/usr/lib/jvm/java-8-openjdk-amd64/jre/lib/jfr.jar:/usr/lib/jvm/java-8-openjdk-amd64/jre/classes"/>
    <property name="java.vendor" value="Oracle Corporation"/>
    <property name="enforcer.skip" value="true"/>
    <property name="rat.skip" value="true"/>
    <property name="maven.home" value="/usr/share/maven"/>
    <property name="file.separator" value="/"/>
    <property name="java.vendor.url.bug" value="http://bugreport.sun.com/bugreport/"/>
    <property name="sun.cpu.endian" value="little"/>
    <property name="sun.io.unicode.encoding" value="UnicodeLittle"/>
    <property name="sun.cpu.isalist" value=""/>
  </properties>
  <testcase name="rightPushAllShouldThrowExceptionWhenCollectionContainsNullValue[0]" classname="org.springframework.data.redis.core.DefaultListOperationsTests" time="0.002">
    <error message="Cannot get Jedis connection; nested exception is redis.clients.jedis.exceptions.JedisConnectionException: Could not get a resource from the pool" type="org.springframework.data.redis.RedisConnectionFailureException">org.springframework.data.redis.RedisConnectionFailureException: Cannot get Jedis connection; nested exception is redis.clients.jedis.exceptions.JedisConnectionException: Could not get a resource from the pool
	at org.springframework.data.redis.core.DefaultListOperationsTests.tearDown(DefaultListOperationsTests.java:85)
Caused by: redis.clients.jedis.exceptions.JedisConnectionException: Could not get a resource from the pool
	at org.springframework.data.redis.core.DefaultListOperationsTests.tearDown(DefaultListOperationsTests.java:85)
Caused by: redis.clients.jedis.exceptions.JedisConnectionException: java.net.ConnectException: Connection refused (Connection refused)
	at org.springframework.data.redis.core.DefaultListOperationsTests.tearDown(DefaultListOperationsTests.java:85)
Caused by: java.net.ConnectException: Connection refused (Connection refused)
	at org.springframework.data.redis.core.DefaultListOperationsTests.tearDown(DefaultListOperationsTests.java:85)
</error>
  </testcase>
  <testcase name="testLeftPushAll[0]" classname="org.springframework.data.redis.core.DefaultListOperationsTests" time="0.002">
    <error message="Cannot get Jedis connection; nested exception is redis.clients.jedis.exceptions.JedisConnectionException: Could not get a resource from the pool" type="org.springframework.data.redis.RedisConnectionFailureException">org.springframework.data.redis.RedisConnectionFailureException: Cannot get Jedis connection; nested exception is redis.clients.jedis.exceptions.JedisConnectionException: Could not get a resource from the pool
	at org.springframework.data.redis.core.DefaultListOperationsTests.testLeftPushAll(DefaultListOperationsTests.java:124)
Caused by: redis.clients.jedis.exceptions.JedisConnectionException: Could not get a resource from the pool
	at org.springframework.data.redis.core.DefaultListOperationsTests.testLeftPushAll(DefaultListOperationsTests.java:124)
Caused by: redis.clients.jedis.exceptions.JedisConnectionException: java.net.ConnectException: Connection refused (Connection refused)
	at org.springframework.data.redis.core.DefaultListOperationsTests.testLeftPushAll(DefaultListOperationsTests.java:124)
Caused by: java.net.ConnectException: Connection refused (Connection refused)
	at org.springframework.data.redis.core.DefaultListOperationsTests.testLeftPushAll(DefaultListOperationsTests.java:124)
</error>
  </testcase>
  <testcase name="testLeftPushAll[0]" classname="org.springframework.data.redis.core.DefaultListOperationsTests" time="0.002">
    <error message="Cannot get Jedis connection; nested exception is redis.clients.jedis.exceptions.JedisConnectionException: Could not get a resource from the pool" type="org.springframework.data.redis.RedisConnectionFailureException">org.springframework.data.redis.RedisConnectionFailureException: Cannot get Jedis connection; nested exception is redis.clients.jedis.exceptions.JedisConnectionException: Could not get a resource from the pool
	at org.springframework.data.redis.core.DefaultListOperationsTests.tearDown(DefaultListOperationsTests.java:85)
Caused by: redis.clients.jedis.exceptions.JedisConnectionException: Could not get a resource from the pool
	at org.springframework.data.redis.core.DefaultListOperationsTests.tearDown(DefaultListOperationsTests.java:85)
Caused by: redis.clients.jedis.exceptions.JedisConnectionException: java.net.ConnectException: Connection refused (Connection refused)
	at org.springframework.data.redis.core.DefaultListOperationsTests.tearDown(DefaultListOperationsTests.java:85)
Caused by: java.net.ConnectException: Connection refused (Connection refused)
	at org.springframework.data.redis.core.DefaultListOperationsTests.tearDown(DefaultListOperationsTests.java:85)
</error>
  </testcase>
  <testcase name="rightPushAllShouldThrowExceptionWhenCalledWithEmptyCollection[0]" classname="org.springframework.data.redis.core.DefaultListOperationsTests" time="0.001">
    <error message="Cannot get Jedis connection; nested exception is redis.clients.jedis.exceptions.JedisConnectionException: Could not get a resource from the pool" type="org.springframework.data.redis.RedisConnectionFailureException">org.springframework.data.redis.RedisConnectionFailureException: Cannot get Jedis connection; nested exception is redis.clients.jedis.exceptions.JedisConnectionException: Could not get a resource from the pool
	at org.springframework.data.redis.core.DefaultListOperationsTests.tearDown(DefaultListOperationsTests.java:85)
Caused by: redis.clients.jedis.exceptions.JedisConnectionException: Could not get a resource from the pool
	at org.springframework.data.redis.core.DefaultListOperationsTests.tearDown(DefaultListOperationsTests.java:85)
Caused by: redis.clients.jedis.exceptions.JedisConnectionException: java.net.ConnectException: Connection refused (Connection refused)
	at org.springframework.data.redis.core.DefaultListOperationsTests.tearDown(DefaultListOperationsTests.java:85)
Caused by: java.net.ConnectException: Connection refused (Connection refused)
	at org.springframework.data.redis.core.DefaultListOperationsTests.tearDown(DefaultListOperationsTests.java:85)
</error>
  </testcase>
  <testcase name="testRightPushAll[0]" classname="org.springframework.data.redis.core.DefaultListOperationsTests" time="0.002">
    <error message="Cannot get Jedis connection; nested exception is redis.clients.jedis.exceptions.JedisConnectionException: Could not get a resource from the pool" type="org.springframework.data.redis.RedisConnectionFailureException">org.springframework.data.redis.RedisConnectionFailureException: Cannot get Jedis connection; nested exception is redis.clients.jedis.exceptions.JedisConnectionException: Could not get a resource from the pool
	at org.springframework.data.redis.core.DefaultListOperationsTests.testRightPushAll(DefaultListOperationsTests.java:181)
Caused by: redis.clients.jedis.exceptions.JedisConnectionException: Could not get a resource from the pool
	at org.springframework.data.redis.core.DefaultListOperationsTests.testRightPushAll(DefaultListOperationsTests.java:181)
Caused by: redis.clients.jedis.exceptions.JedisConnectionException: java.net.ConnectException: Connection refused (Connection refused)
	at org.springframework.data.redis.core.DefaultListOperationsTests.testRightPushAll(DefaultListOperationsTests.java:181)
Caused by: java.net.ConnectException: Connection refused (Connection refused)
	at org.springframework.data.redis.core.DefaultListOperationsTests.testRightPushAll(DefaultListOperationsTests.java:181)
</error>
  </testcase>
  <testcase name="testRightPushAll[0]" classname="org.springframework.data.redis.core.DefaultListOperationsTests" time="0.002">
    <error message="Cannot get Jedis connection; nested exception is redis.clients.jedis.exceptions.JedisConnectionException: Could not get a resource from the pool" type="org.springframework.data.redis.RedisConnectionFailureException">org.springframework.data.redis.RedisConnectionFailureException: Cannot get Jedis connection; nested exception is redis.clients.jedis.exceptions.JedisConnectionException: Could not get a resource from the pool
	at org.springframework.data.redis.core.DefaultListOperationsTests.tearDown(DefaultListOperationsTests.java:85)
Caused by: redis.clients.jedis.exceptions.JedisConnectionException: Could not get a resource from the pool
	at org.springframework.data.redis.core.DefaultListOperationsTests.tearDown(DefaultListOperationsTests.java:85)
Caused by: redis.clients.jedis.exceptions.JedisConnectionException: java.net.ConnectException: Connection refused (Connection refused)
	at org.springframework.data.redis.core.DefaultListOperationsTests.tearDown(DefaultListOperationsTests.java:85)
Caused by: java.net.ConnectException: Connection refused (Connection refused)
	at org.springframework.data.redis.core.DefaultListOperationsTests.tearDown(DefaultListOperationsTests.java:85)
</error>
  </testcase>
  <testcase name="testRightPushWithPivot[0]" classname="org.springframework.data.redis.core.DefaultListOperationsTests" time="0.008">
    <error message="Cannot get Jedis connection; nested exception is redis.clients.jedis.exceptions.JedisConnectionException: Could not get a resource from the pool" type="org.springframework.data.redis.RedisConnectionFailureException">org.springframework.data.redis.RedisConnectionFailureException: Cannot get Jedis connection; nested exception is redis.clients.jedis.exceptions.JedisConnectionException: Could not get a resource from the pool
	at org.springframework.data.redis.core.DefaultListOperationsTests.testRightPushWithPivot(DefaultListOperationsTests.java:157)
Caused by: redis.clients.jedis.exceptions.JedisConnectionException: Could not get a resource from the pool
	at org.springframework.data.redis.core.DefaultListOperationsTests.testRightPushWithPivot(DefaultListOperationsTests.java:157)
Caused by: redis.clients.jedis.exceptions.JedisConnectionException: java.net.ConnectException: Connection refused (Connection refused)
	at org.springframework.data.redis.core.DefaultListOperationsTests.testRightPushWithPivot(DefaultListOperationsTests.java:157)
Caused by: java.net.ConnectException: Connection refused (Connection refused)
	at org.springframework.data.redis.core.DefaultListOperationsTests.testRightPushWithPivot(DefaultListOperationsTests.java:157)
</error>
  </testcase>
  <testcase name="testRightPushWithPivot[0]" classname="org.springframework.data.redis.core.DefaultListOperationsTests" time="0.008">
    <error message="Cannot get Jedis connection; nested exception is redis.clients.jedis.exceptions.JedisConnectionException: Could not get a resource from the pool" type="org.springframework.data.redis.RedisConnectionFailureException">org.springframework.data.redis.RedisConnectionFailureException: Cannot get Jedis connection; nested exception is redis.clients.jedis.exceptions.JedisConnectionException: Could not get a resource from the pool
	at org.springframework.data.redis.core.DefaultListOperationsTests.tearDown(DefaultListOperationsTests.java:85)
Caused by: redis.clients.jedis.exceptions.JedisConnectionException: Could not get a resource from the pool
	at org.springframework.data.redis.core.DefaultListOperationsTests.tearDown(DefaultListOperationsTests.java:85)
Caused by: redis.clients.jedis.exceptions.JedisConnectionException: java.net.ConnectException: Connection refused (Connection refused)
	at org.springframework.data.redis.core.DefaultListOperationsTests.tearDown(DefaultListOperationsTests.java:85)
Caused by: java.net.ConnectException: Connection refused (Connection refused)
	at org.springframework.data.redis.core.DefaultListOperationsTests.tearDown(DefaultListOperationsTests.java:85)
</error>
  </testcase>
  <testcase name="testLeftPushIfPresent[0]" classname="org.springframework.data.redis.core.DefaultListOperationsTests" time="0">
    <error message="Cannot get Jedis connection; nested exception is redis.clients.jedis.exceptions.JedisConnectionException: Could not get a resource from the pool" type="org.springframework.data.redis.RedisConnectionFailureException">org.springframework.data.redis.RedisConnectionFailureException: Cannot get Jedis connection; nested exception is redis.clients.jedis.exceptions.JedisConnectionException: Could not get a resource from the pool
	at org.springframework.data.redis.core.DefaultListOperationsTests.testLeftPushIfPresent(DefaultListOperationsTests.java:111)
Caused by: redis.clients.jedis.exceptions.JedisConnectionException: Could not get a resource from the pool
	at org.springframework.data.redis.core.DefaultListOperationsTests.testLeftPushIfPresent(DefaultListOperationsTests.java:111)
Caused by: redis.clients.jedis.exceptions.JedisConnectionException: java.net.ConnectException: Connection refused (Connection refused)
	at org.springframework.data.redis.core.DefaultListOperationsTests.testLeftPushIfPresent(DefaultListOperationsTests.java:111)
Caused by: java.net.ConnectException: Connection refused (Connection refused)
	at org.springframework.data.redis.core.DefaultListOperationsTests.testLeftPushIfPresent(DefaultListOperationsTests.java:111)
</error>
  </testcase>
  <testcase name="testLeftPushIfPresent[0]" classname="org.springframework.data.redis.core.DefaultListOperationsTests" time="0">
    <error message="Cannot get Jedis connection; nested exception is redis.clients.jedis.exceptions.JedisConnectionException: Could not get a resource from the pool" type="org.springframework.data.redis.RedisConnectionFailureException">org.springframework.data.redis.RedisConnectionFailureException: Cannot get Jedis connection; nested exception is redis.clients.jedis.exceptions.JedisConnectionException: Could not get a resource from the pool
	at org.springframework.data.redis.core.DefaultListOperationsTests.tearDown(DefaultListOperationsTests.java:85)
Caused by: redis.clients.jedis.exceptions.JedisConnectionException: Could not get a resource from the pool
	at org.springframework.data.redis.core.DefaultListOperationsTests.tearDown(DefaultListOperationsTests.java:85)
Caused by: redis.clients.jedis.exceptions.JedisConnectionException: java.net.ConnectException: Connection refused (Connection refused)
	at org.springframework.data.redis.core.DefaultListOperationsTests.tearDown(DefaultListOperationsTests.java:85)
Caused by: java.net.ConnectException: Connection refused (Connection refused)
	at org.springframework.data.redis.core.DefaultListOperationsTests.tearDown(DefaultListOperationsTests.java:85)
</error>
  </testcase>
  <testcase name="testLeftPushAllCollection[0]" classname="org.springframework.data.redis.core.DefaultListOperationsTests" time="0">
    <error message="Cannot get Jedis connection; nested exception is redis.clients.jedis.exceptions.JedisConnectionException: Could not get a resource from the pool" type="org.springframework.data.redis.RedisConnectionFailureException">org.springframework.data.redis.RedisConnectionFailureException: Cannot get Jedis connection; nested exception is redis.clients.jedis.exceptions.JedisConnectionException: Could not get a resource from the pool
	at org.springframework.data.redis.core.DefaultListOperationsTests.testLeftPushAllCollection(DefaultListOperationsTests.java:226)
Caused by: redis.clients.jedis.exceptions.JedisConnectionException: Could not get a resource from the pool
	at org.springframework.data.redis.core.DefaultListOperationsTests.testLeftPushAllCollection(DefaultListOperationsTests.java:226)
Caused by: redis.clients.jedis.exceptions.JedisConnectionException: java.net.ConnectException: Connection refused (Connection refused)
	at org.springframework.data.redis.core.DefaultListOperationsTests.testLeftPushAllCollection(DefaultListOperationsTests.java:226)
Caused by: java.net.ConnectException: Connection refused (Connection refused)
	at org.springframework.data.redis.core.DefaultListOperationsTests.testLeftPushAllCollection(DefaultListOperationsTests.java:226)
</error>
  </testcase>
  <testcase name="testLeftPushAllCollection[0]" classname="org.springframework.data.redis.core.DefaultListOperationsTests" time="0">
    <error message="Cannot get Jedis connection; nested exception is redis.clients.jedis.exceptions.JedisConnectionException: Could not get a resource from the pool" type="org.springframework.data.redis.RedisConnectionFailureException">org.springframework.data.redis.RedisConnectionFailureException: Cannot get Jedis connection; nested exception is redis.clients.jedis.exceptions.JedisConnectionException: Could not get a resource from the pool
	at org.springframework.data.redis.core.DefaultListOperationsTests.tearDown(DefaultListOperationsTests.java:85)
Caused by: redis.clients.jedis.exceptions.JedisConnectionException: Could not get a resource from the pool
	at org.springframework.data.redis.core.DefaultListOperationsTests.tearDown(DefaultListOperationsTests.java:85)
Caused by: redis.clients.jedis.exceptions.JedisConnectionException: java.net.ConnectException: Connection refused (Connection refused)
	at org.springframework.data.redis.core.DefaultListOperationsTests.tearDown(DefaultListOperationsTests.java:85)
Caused by: java.net.ConnectException: Connection refused (Connection refused)
	at org.springframework.data.redis.core.DefaultListOperationsTests.tearDown(DefaultListOperationsTests.java:85)
</error>
  </testcase>
  <testcase name="testRightPushIfPresent[0]" classname="org.springframework.data.redis.core.DefaultListOperationsTests" time="0.002">
    <error message="Cannot get Jedis connection; nested exception is redis.clients.jedis.exceptions.JedisConnectionException: Could not get a resource from the pool" type="org.springframework.data.redis.RedisConnectionFailureException">org.springframework.data.redis.RedisConnectionFailureException: Cannot get Jedis connection; nested exception is redis.clients.jedis.exceptions.JedisConnectionException: Could not get a resource from the pool
	at org.springframework.data.redis.core.DefaultListOperationsTests.testRightPushIfPresent(DefaultListOperationsTests.java:168)
Caused by: redis.clients.jedis.exceptions.JedisConnectionException: Could not get a resource from the pool
	at org.springframework.data.redis.core.DefaultListOperationsTests.testRightPushIfPresent(DefaultListOperationsTests.java:168)
Caused by: redis.clients.jedis.exceptions.JedisConnectionException: java.net.ConnectException: Connection refused (Connection refused)
	at org.springframework.data.redis.core.DefaultListOperationsTests.testRightPushIfPresent(DefaultListOperationsTests.java:168)
Caused by: java.net.ConnectException: Connection refused (Connection refused)
	at org.springframework.data.redis.core.DefaultListOperationsTests.testRightPushIfPresent(DefaultListOperationsTests.java:168)
</error>
  </testcase>
  <testcase name="testRightPushIfPresent[0]" classname="org.springframework.data.redis.core.DefaultListOperationsTests" time="0.002">
    <error message="Cannot get Jedis connection; nested exception is redis.clients.jedis.exceptions.JedisConnectionException: Could not get a resource from the pool" type="org.springframework.data.redis.RedisConnectionFailureException">org.springframework.data.redis.RedisConnectionFailureException: Cannot get Jedis connection; nested exception is redis.clients.jedis.exceptions.JedisConnectionException: Could not get a resource from the pool
	at org.springframework.data.redis.core.DefaultListOperationsTests.tearDown(DefaultListOperationsTests.java:85)
Caused by: redis.clients.jedis.exceptions.JedisConnectionException: Could not get a resource from the pool
	at org.springframework.data.redis.core.DefaultListOperationsTests.tearDown(DefaultListOperationsTests.java:85)
Caused by: redis.clients.jedis.exceptions.JedisConnectionException: java.net.ConnectException: Connection refused (Connection refused)
	at org.springframework.data.redis.core.DefaultListOperationsTests.tearDown(DefaultListOperationsTests.java:85)
Caused by: java.net.ConnectException: Connection refused (Connection refused)
	at org.springframework.data.redis.core.DefaultListOperationsTests.tearDown(DefaultListOperationsTests.java:85)
</error>
  </testcase>
  <testcase name="testRightPushAllCollection[0]" classname="org.springframework.data.redis.core.DefaultListOperationsTests" time="0.002">
    <error message="Cannot get Jedis connection; nested exception is redis.clients.jedis.exceptions.JedisConnectionException: Could not get a resource from the pool" type="org.springframework.data.redis.RedisConnectionFailureException">org.springframework.data.redis.RedisConnectionFailureException: Cannot get Jedis connection; nested exception is redis.clients.jedis.exceptions.JedisConnectionException: Could not get a resource from the pool
	at org.springframework.data.redis.core.DefaultListOperationsTests.testRightPushAllCollection(DefaultListOperationsTests.java:196)
Caused by: redis.clients.jedis.exceptions.JedisConnectionException: Could not get a resource from the pool
	at org.springframework.data.redis.core.DefaultListOperationsTests.testRightPushAllCollection(DefaultListOperationsTests.java:196)
Caused by: redis.clients.jedis.exceptions.JedisConnectionException: java.net.ConnectException: Connection refused (Connection refused)
	at org.springframework.data.redis.core.DefaultListOperationsTests.testRightPushAllCollection(DefaultListOperationsTests.java:196)
Caused by: java.net.ConnectException: Connection refused (Connection refused)
	at org.springframework.data.redis.core.DefaultListOperationsTests.testRightPushAllCollection(DefaultListOperationsTests.java:196)
</error>
  </testcase>
  <testcase name="testRightPushAllCollection[0]" classname="org.springframework.data.redis.core.DefaultListOperationsTests" time="0.003">
    <error message="Cannot get Jedis connection; nested exception is redis.clients.jedis.exceptions.JedisConnectionException: Could not get a resource from the pool" type="org.springframework.data.redis.RedisConnectionFailureException">org.springframework.data.redis.RedisConnectionFailureException: Cannot get Jedis connection; nested exception is redis.clients.jedis.exceptions.JedisConnectionException: Could not get a resource from the pool
	at org.springframework.data.redis.core.DefaultListOperationsTests.tearDown(DefaultListOperationsTests.java:85)
Caused by: redis.clients.jedis.exceptions.JedisConnectionException: Could not get a resource from the pool
	at org.springframework.data.redis.core.DefaultListOperationsTests.tearDown(DefaultListOperationsTests.java:85)
Caused by: redis.clients.jedis.exceptions.JedisConnectionException: java.net.ConnectException: Connection refused (Connection refused)
	at org.springframework.data.redis.core.DefaultListOperationsTests.tearDown(DefaultListOperationsTests.java:85)
Caused by: java.net.ConnectException: Connection refused (Connection refused)
	at org.springframework.data.redis.core.DefaultListOperationsTests.tearDown(DefaultListOperationsTests.java:85)
</error>
  </testcase>
  <testcase name="testRightPopAndLeftPush[0]" classname="org.springframework.data.redis.core.DefaultListOperationsTests" time="0.002">
    <error message="Cannot get Jedis connection; nested exception is redis.clients.jedis.exceptions.JedisConnectionException: Could not get a resource from the pool" type="org.springframework.data.redis.RedisConnectionFailureException">org.springframework.data.redis.RedisConnectionFailureException: Cannot get Jedis connection; nested exception is redis.clients.jedis.exceptions.JedisConnectionException: Could not get a resource from the pool
	at org.springframework.data.redis.core.DefaultListOperationsTests.testRightPopAndLeftPush(DefaultListOperationsTests.java:146)
Caused by: redis.clients.jedis.exceptions.JedisConnectionException: Could not get a resource from the pool
	at org.springframework.data.redis.core.DefaultListOperationsTests.testRightPopAndLeftPush(DefaultListOperationsTests.java:146)
Caused by: redis.clients.jedis.exceptions.JedisConnectionException: java.net.ConnectException: Connection refused (Connection refused)
	at org.springframework.data.redis.core.DefaultListOperationsTests.testRightPopAndLeftPush(DefaultListOperationsTests.java:146)
Caused by: java.net.ConnectException: Connection refused (Connection refused)
	at org.springframework.data.redis.core.DefaultListOperationsTests.testRightPopAndLeftPush(DefaultListOperationsTests.java:146)
</error>
  </testcase>
  <testcase name="testRightPopAndLeftPush[0]" classname="org.springframework.data.redis.core.DefaultListOperationsTests" time="0.003">
    <error message="Cannot get Jedis connection; nested exception is redis.clients.jedis.exceptions.JedisConnectionException: Could not get a resource from the pool" type="org.springframework.data.redis.RedisConnectionFailureException">org.springframework.data.redis.RedisConnectionFailureException: Cannot get Jedis connection; nested exception is redis.clients.jedis.exceptions.JedisConnectionException: Could not get a resource from the pool
	at org.springframework.data.redis.core.DefaultListOperationsTests.tearDown(DefaultListOperationsTests.java:85)
Caused by: redis.clients.jedis.exceptions.JedisConnectionException: Could not get a resource from the pool
	at org.springframework.data.redis.core.DefaultListOperationsTests.tearDown(DefaultListOperationsTests.java:85)
Caused by: redis.clients.jedis.exceptions.JedisConnectionException: java.net.ConnectException: Connection refused (Connection refused)
	at org.springframework.data.redis.core.DefaultListOperationsTests.tearDown(DefaultListOperationsTests.java:85)
Caused by: java.net.ConnectException: Connection refused (Connection refused)
	at org.springframework.data.redis.core.DefaultListOperationsTests.tearDown(DefaultListOperationsTests.java:85)
</error>
  </testcase>
  <testcase name="leftPushAllShouldThrowExceptionWhenCollectionContainsNullValue[0]" classname="org.springframework.data.redis.core.DefaultListOperationsTests" time="0.001">
    <error message="Cannot get Jedis connection; nested exception is redis.clients.jedis.exceptions.JedisConnectionException: Could not get a resource from the pool" type="org.springframework.data.redis.RedisConnectionFailureException">org.springframework.data.redis.RedisConnectionFailureException: Cannot get Jedis connection; nested exception is redis.clients.jedis.exceptions.JedisConnectionException: Could not get a resource from the pool
	at org.springframework.data.redis.core.DefaultListOperationsTests.tearDown(DefaultListOperationsTests.java:85)
Caused by: redis.clients.jedis.exceptions.JedisConnectionException: Could not get a resource from the pool
	at org.springframework.data.redis.core.DefaultListOperationsTests.tearDown(DefaultListOperationsTests.java:85)
Caused by: redis.clients.jedis.exceptions.JedisConnectionException: java.net.ConnectException: Connection refused (Connection refused)
	at org.springframework.data.redis.core.DefaultListOperationsTests.tearDown(DefaultListOperationsTests.java:85)
Caused by: java.net.ConnectException: Connection refused (Connection refused)
	at org.springframework.data.redis.core.DefaultListOperationsTests.tearDown(DefaultListOperationsTests.java:85)
</error>
  </testcase>
  <testcase name="rightPushAllShouldThrowExceptionWhenCalledWithNull[0]" classname="org.springframework.data.redis.core.DefaultListOperationsTests" time="0.001">
    <error message="Cannot get Jedis connection; nested exception is redis.clients.jedis.exceptions.JedisConnectionException: Could not get a resource from the pool" type="org.springframework.data.redis.RedisConnectionFailureException">org.springframework.data.redis.RedisConnectionFailureException: Cannot get Jedis connection; nested exception is redis.clients.jedis.exceptions.JedisConnectionException: Could not get a resource from the pool
	at org.springframework.data.redis.core.DefaultListOperationsTests.tearDown(DefaultListOperationsTests.java:85)
Caused by: redis.clients.jedis.exceptions.JedisConnectionException: Could not get a resource from the pool
	at org.springframework.data.redis.core.DefaultListOperationsTests.tearDown(DefaultListOperationsTests.java:85)
Caused by: redis.clients.jedis.exceptions.JedisConnectionException: java.net.ConnectException: Connection refused (Connection refused)
	at org.springframework.data.redis.core.DefaultListOperationsTests.tearDown(DefaultListOperationsTests.java:85)
Caused by: java.net.ConnectException: Connection refused (Connection refused)
	at org.springframework.data.redis.core.DefaultListOperationsTests.tearDown(DefaultListOperationsTests.java:85)
</error>
  </testcase>
  <testcase name="leftPushAllShouldThrowExceptionWhenCalledWithNull[0]" classname="org.springframework.data.redis.core.DefaultListOperationsTests" time="0.001">
    <error message="Cannot get Jedis connection; nested exception is redis.clients.jedis.exceptions.JedisConnectionException: Could not get a resource from the pool" type="org.springframework.data.redis.RedisConnectionFailureException">org.springframework.data.redis.RedisConnectionFailureException: Cannot get Jedis connection; nested exception is redis.clients.jedis.exceptions.JedisConnectionException: Could not get a resource from the pool
	at org.springframework.data.redis.core.DefaultListOperationsTests.tearDown(DefaultListOperationsTests.java:85)
Caused by: redis.clients.jedis.exceptions.JedisConnectionException: Could not get a resource from the pool
	at org.springframework.data.redis.core.DefaultListOperationsTests.tearDown(DefaultListOperationsTests.java:85)
Caused by: redis.clients.jedis.exceptions.JedisConnectionException: java.net.ConnectException: Connection refused (Connection refused)
	at org.springframework.data.redis.core.DefaultListOperationsTests.tearDown(DefaultListOperationsTests.java:85)
Caused by: java.net.ConnectException: Connection refused (Connection refused)
	at org.springframework.data.redis.core.DefaultListOperationsTests.tearDown(DefaultListOperationsTests.java:85)
</error>
  </testcase>
  <testcase name="leftPushAllShouldThrowExceptionWhenCalledWithEmptyCollection[0]" classname="org.springframework.data.redis.core.DefaultListOperationsTests" time="0.001">
    <error message="Cannot get Jedis connection; nested exception is redis.clients.jedis.exceptions.JedisConnectionException: Could not get a resource from the pool" type="org.springframework.data.redis.RedisConnectionFailureException">org.springframework.data.redis.RedisConnectionFailureException: Cannot get Jedis connection; nested exception is redis.clients.jedis.exceptions.JedisConnectionException: Could not get a resource from the pool
	at org.springframework.data.redis.core.DefaultListOperationsTests.tearDown(DefaultListOperationsTests.java:85)
Caused by: redis.clients.jedis.exceptions.JedisConnectionException: Could not get a resource from the pool
	at org.springframework.data.redis.core.DefaultListOperationsTests.tearDown(DefaultListOperationsTests.java:85)
Caused by: redis.clients.jedis.exceptions.JedisConnectionException: java.net.ConnectException: Connection refused (Connection refused)
	at org.springframework.data.redis.core.DefaultListOperationsTests.tearDown(DefaultListOperationsTests.java:85)
Caused by: java.net.ConnectException: Connection refused (Connection refused)
	at org.springframework.data.redis.core.DefaultListOperationsTests.tearDown(DefaultListOperationsTests.java:85)
</error>
  </testcase>
  <testcase name="testRightPopAndLeftPushTimeout[0]" classname="org.springframework.data.redis.core.DefaultListOperationsTests" time="0.001">
    <error message="Could not initialize class org.springframework.data.redis.RedisTestProfileValueSource" type="java.lang.NoClassDefFoundError">java.lang.NoClassDefFoundError: Could not initialize class org.springframework.data.redis.RedisTestProfileValueSource
	at org.springframework.data.redis.core.DefaultListOperationsTests.testRightPopAndLeftPushTimeout(DefaultListOperationsTests.java:132)
</error>
  </testcase>
  <testcase name="testRightPopAndLeftPushTimeout[0]" classname="org.springframework.data.redis.core.DefaultListOperationsTests" time="0.001">
    <error message="Cannot get Jedis connection; nested exception is redis.clients.jedis.exceptions.JedisConnectionException: Could not get a resource from the pool" type="org.springframework.data.redis.RedisConnectionFailureException">org.springframework.data.redis.RedisConnectionFailureException: Cannot get Jedis connection; nested exception is redis.clients.jedis.exceptions.JedisConnectionException: Could not get a resource from the pool
	at org.springframework.data.redis.core.DefaultListOperationsTests.tearDown(DefaultListOperationsTests.java:85)
Caused by: redis.clients.jedis.exceptions.JedisConnectionException: Could not get a resource from the pool
	at org.springframework.data.redis.core.DefaultListOperationsTests.tearDown(DefaultListOperationsTests.java:85)
Caused by: redis.clients.jedis.exceptions.JedisConnectionException: java.net.ConnectException: Connection refused (Connection refused)
	at org.springframework.data.redis.core.DefaultListOperationsTests.tearDown(DefaultListOperationsTests.java:85)
Caused by: java.net.ConnectException: Connection refused (Connection refused)
	at org.springframework.data.redis.core.DefaultListOperationsTests.tearDown(DefaultListOperationsTests.java:85)
</error>
  </testcase>
  <testcase name="testLeftPushWithPivot[0]" classname="org.springframework.data.redis.core.DefaultListOperationsTests" time="0.003">
    <error message="Cannot get Jedis connection; nested exception is redis.clients.jedis.exceptions.JedisConnectionException: Could not get a resource from the pool" type="org.springframework.data.redis.RedisConnectionFailureException">org.springframework.data.redis.RedisConnectionFailureException: Cannot get Jedis connection; nested exception is redis.clients.jedis.exceptions.JedisConnectionException: Could not get a resource from the pool
	at org.springframework.data.redis.core.DefaultListOperationsTests.testLeftPushWithPivot(DefaultListOperationsTests.java:100)
Caused by: redis.clients.jedis.exceptions.JedisConnectionException: Could not get a resource from the pool
	at org.springframework.data.redis.core.DefaultListOperationsTests.testLeftPushWithPivot(DefaultListOperationsTests.java:100)
Caused by: redis.clients.jedis.exceptions.JedisConnectionException: java.net.ConnectException: Connection refused (Connection refused)
	at org.springframework.data.redis.core.DefaultListOperationsTests.testLeftPushWithPivot(DefaultListOperationsTests.java:100)
Caused by: java.net.ConnectException: Connection refused (Connection refused)
	at org.springframework.data.redis.core.DefaultListOperationsTests.testLeftPushWithPivot(DefaultListOperationsTests.java:100)
</error>
    <system-out><![CDATA[Value12ae78fbd-6e48-4317-ba6c-b439165fb62c
Value2be5c6612-db13-4b7b-9240-35c6189514c6
Value37747efab-d455-4460-a68f-fb62a6cf8659
]]></system-out>
  </testcase>
  <testcase name="testLeftPushWithPivot[0]" classname="org.springframework.data.redis.core.DefaultListOperationsTests" time="0.004">
    <error message="Cannot get Jedis connection; nested exception is redis.clients.jedis.exceptions.JedisConnectionException: Could not get a resource from the pool" type="org.springframework.data.redis.RedisConnectionFailureException">org.springframework.data.redis.RedisConnectionFailureException: Cannot get Jedis connection; nested exception is redis.clients.jedis.exceptions.JedisConnectionException: Could not get a resource from the pool
	at org.springframework.data.redis.core.DefaultListOperationsTests.tearDown(DefaultListOperationsTests.java:85)
Caused by: redis.clients.jedis.exceptions.JedisConnectionException: Could not get a resource from the pool
	at org.springframework.data.redis.core.DefaultListOperationsTests.tearDown(DefaultListOperationsTests.java:85)
Caused by: redis.clients.jedis.exceptions.JedisConnectionException: java.net.ConnectException: Connection refused (Connection refused)
	at org.springframework.data.redis.core.DefaultListOperationsTests.tearDown(DefaultListOperationsTests.java:85)
Caused by: java.net.ConnectException: Connection refused (Connection refused)
	at org.springframework.data.redis.core.DefaultListOperationsTests.tearDown(DefaultListOperationsTests.java:85)
</error>
  </testcase>
  <testcase name="rightPushAllShouldThrowExceptionWhenCollectionContainsNullValue[1]" classname="org.springframework.data.redis.core.DefaultListOperationsTests" time="0.002">
    <error message="Cannot get Jedis connection; nested exception is redis.clients.jedis.exceptions.JedisConnectionException: Could not get a resource from the pool" type="org.springframework.data.redis.RedisConnectionFailureException">org.springframework.data.redis.RedisConnectionFailureException: Cannot get Jedis connection; nested exception is redis.clients.jedis.exceptions.JedisConnectionException: Could not get a resource from the pool
	at org.springframework.data.redis.core.DefaultListOperationsTests.tearDown(DefaultListOperationsTests.java:85)
Caused by: redis.clients.jedis.exceptions.JedisConnectionException: Could not get a resource from the pool
	at org.springframework.data.redis.core.DefaultListOperationsTests.tearDown(DefaultListOperationsTests.java:85)
Caused by: redis.clients.jedis.exceptions.JedisConnectionException: java.net.ConnectException: Connection refused (Connection refused)
	at org.springframework.data.redis.core.DefaultListOperationsTests.tearDown(DefaultListOperationsTests.java:85)
Caused by: java.net.ConnectException: Connection refused (Connection refused)
	at org.springframework.data.redis.core.DefaultListOperationsTests.tearDown(DefaultListOperationsTests.java:85)
</error>
  </testcase>
  <testcase name="testLeftPushAll[1]" classname="org.springframework.data.redis.core.DefaultListOperationsTests" time="0.002">
    <error message="Cannot get Jedis connection; nested exception is redis.clients.jedis.exceptions.JedisConnectionException: Could not get a resource from the pool" type="org.springframework.data.redis.RedisConnectionFailureException">org.springframework.data.redis.RedisConnectionFailureException: Cannot get Jedis connection; nested exception is redis.clients.jedis.exceptions.JedisConnectionException: Could not get a resource from the pool
	at org.springframework.data.redis.core.DefaultListOperationsTests.testLeftPushAll(DefaultListOperationsTests.java:124)
Caused by: redis.clients.jedis.exceptions.JedisConnectionException: Could not get a resource from the pool
	at org.springframework.data.redis.core.DefaultListOperationsTests.testLeftPushAll(DefaultListOperationsTests.java:124)
Caused by: redis.clients.jedis.exceptions.JedisConnectionException: java.net.ConnectException: Connection refused (Connection refused)
	at org.springframework.data.redis.core.DefaultListOperationsTests.testLeftPushAll(DefaultListOperationsTests.java:124)
Caused by: java.net.ConnectException: Connection refused (Connection refused)
	at org.springframework.data.redis.core.DefaultListOperationsTests.testLeftPushAll(DefaultListOperationsTests.java:124)
</error>
  </testcase>
  <testcase name="testLeftPushAll[1]" classname="org.springframework.data.redis.core.DefaultListOperationsTests" time="0.003">
    <error message="Cannot get Jedis connection; nested exception is redis.clients.jedis.exceptions.JedisConnectionException: Could not get a resource from the pool" type="org.springframework.data.redis.RedisConnectionFailureException">org.springframework.data.redis.RedisConnectionFailureException: Cannot get Jedis connection; nested exception is redis.clients.jedis.exceptions.JedisConnectionException: Could not get a resource from the pool
	at org.springframework.data.redis.core.DefaultListOperationsTests.tearDown(DefaultListOperationsTests.java:85)
Caused by: redis.clients.jedis.exceptions.JedisConnectionException: Could not get a resource from the pool
	at org.springframework.data.redis.core.DefaultListOperationsTests.tearDown(DefaultListOperationsTests.java:85)
Caused by: redis.clients.jedis.exceptions.JedisConnectionException: java.net.ConnectException: Connection refused (Connection refused)
	at org.springframework.data.redis.core.DefaultListOperationsTests.tearDown(DefaultListOperationsTests.java:85)
Caused by: java.net.ConnectException: Connection refused (Connection refused)
	at org.springframework.data.redis.core.DefaultListOperationsTests.tearDown(DefaultListOperationsTests.java:85)
</error>
  </testcase>
  <testcase name="rightPushAllShouldThrowExceptionWhenCalledWithEmptyCollection[1]" classname="org.springframework.data.redis.core.DefaultListOperationsTests" time="0.006">
    <error message="Cannot get Jedis connection; nested exception is redis.clients.jedis.exceptions.JedisConnectionException: Could not get a resource from the pool" type="org.springframework.data.redis.RedisConnectionFailureException">org.springframework.data.redis.RedisConnectionFailureException: Cannot get Jedis connection; nested exception is redis.clients.jedis.exceptions.JedisConnectionException: Could not get a resource from the pool
	at org.springframework.data.redis.core.DefaultListOperationsTests.tearDown(DefaultListOperationsTests.java:85)
Caused by: redis.clients.jedis.exceptions.JedisConnectionException: Could not get a resource from the pool
	at org.springframework.data.redis.core.DefaultListOperationsTests.tearDown(DefaultListOperationsTests.java:85)
Caused by: redis.clients.jedis.exceptions.JedisConnectionException: java.net.ConnectException: Connection refused (Connection refused)
	at org.springframework.data.redis.core.DefaultListOperationsTests.tearDown(DefaultListOperationsTests.java:85)
Caused by: java.net.ConnectException: Connection refused (Connection refused)
	at org.springframework.data.redis.core.DefaultListOperationsTests.tearDown(DefaultListOperationsTests.java:85)
</error>
  </testcase>
  <testcase name="testRightPushAll[1]" classname="org.springframework.data.redis.core.DefaultListOperationsTests" time="0">
    <error message="Cannot get Jedis connection; nested exception is redis.clients.jedis.exceptions.JedisConnectionException: Could not get a resource from the pool" type="org.springframework.data.redis.RedisConnectionFailureException">org.springframework.data.redis.RedisConnectionFailureException: Cannot get Jedis connection; nested exception is redis.clients.jedis.exceptions.JedisConnectionException: Could not get a resource from the pool
	at org.springframework.data.redis.core.DefaultListOperationsTests.testRightPushAll(DefaultListOperationsTests.java:181)
Caused by: redis.clients.jedis.exceptions.JedisConnectionException: Could not get a resource from the pool
	at org.springframework.data.redis.core.DefaultListOperationsTests.testRightPushAll(DefaultListOperationsTests.java:181)
Caused by: redis.clients.jedis.exceptions.JedisConnectionException: java.net.ConnectException: Connection refused (Connection refused)
	at org.springframework.data.redis.core.DefaultListOperationsTests.testRightPushAll(DefaultListOperationsTests.java:181)
Caused by: java.net.ConnectException: Connection refused (Connection refused)
	at org.springframework.data.redis.core.DefaultListOperationsTests.testRightPushAll(DefaultListOperationsTests.java:181)
</error>
  </testcase>
  <testcase name="testRightPushAll[1]" classname="org.springframework.data.redis.core.DefaultListOperationsTests" time="0">
    <error message="Cannot get Jedis connection; nested exception is redis.clients.jedis.exceptions.JedisConnectionException: Could not get a resource from the pool" type="org.springframework.data.redis.RedisConnectionFailureException">org.springframework.data.redis.RedisConnectionFailureException: Cannot get Jedis connection; nested exception is redis.clients.jedis.exceptions.JedisConnectionException: Could not get a resource from the pool
	at org.springframework.data.redis.core.DefaultListOperationsTests.tearDown(DefaultListOperationsTests.java:85)
Caused by: redis.clients.jedis.exceptions.JedisConnectionException: Could not get a resource from the pool
	at org.springframework.data.redis.core.DefaultListOperationsTests.tearDown(DefaultListOperationsTests.java:85)
Caused by: redis.clients.jedis.exceptions.JedisConnectionException: java.net.ConnectException: Connection refused (Connection refused)
	at org.springframework.data.redis.core.DefaultListOperationsTests.tearDown(DefaultListOperationsTests.java:85)
Caused by: java.net.ConnectException: Connection refused (Connection refused)
	at org.springframework.data.redis.core.DefaultListOperationsTests.tearDown(DefaultListOperationsTests.java:85)
</error>
  </testcase>
  <testcase name="testRightPushWithPivot[1]" classname="org.springframework.data.redis.core.DefaultListOperationsTests" time="0">
    <error message="Cannot get Jedis connection; nested exception is redis.clients.jedis.exceptions.JedisConnectionException: Could not get a resource from the pool" type="org.springframework.data.redis.RedisConnectionFailureException">org.springframework.data.redis.RedisConnectionFailureException: Cannot get Jedis connection; nested exception is redis.clients.jedis.exceptions.JedisConnectionException: Could not get a resource from the pool
	at org.springframework.data.redis.core.DefaultListOperationsTests.testRightPushWithPivot(DefaultListOperationsTests.java:157)
Caused by: redis.clients.jedis.exceptions.JedisConnectionException: Could not get a resource from the pool
	at org.springframework.data.redis.core.DefaultListOperationsTests.testRightPushWithPivot(DefaultListOperationsTests.java:157)
Caused by: redis.clients.jedis.exceptions.JedisConnectionException: java.net.ConnectException: Connection refused (Connection refused)
	at org.springframework.data.redis.core.DefaultListOperationsTests.testRightPushWithPivot(DefaultListOperationsTests.java:157)
Caused by: java.net.ConnectException: Connection refused (Connection refused)
	at org.springframework.data.redis.core.DefaultListOperationsTests.testRightPushWithPivot(DefaultListOperationsTests.java:157)
</error>
  </testcase>
  <testcase name="testRightPushWithPivot[1]" classname="org.springframework.data.redis.core.DefaultListOperationsTests" time="0">
    <error message="Cannot get Jedis connection; nested exception is redis.clients.jedis.exceptions.JedisConnectionException: Could not get a resource from the pool" type="org.springframework.data.redis.RedisConnectionFailureException">org.springframework.data.redis.RedisConnectionFailureException: Cannot get Jedis connection; nested exception is redis.clients.jedis.exceptions.JedisConnectionException: Could not get a resource from the pool
	at org.springframework.data.redis.core.DefaultListOperationsTests.tearDown(DefaultListOperationsTests.java:85)
Caused by: redis.clients.jedis.exceptions.JedisConnectionException: Could not get a resource from the pool
	at org.springframework.data.redis.core.DefaultListOperationsTests.tearDown(DefaultListOperationsTests.java:85)
Caused by: redis.clients.jedis.exceptions.JedisConnectionException: java.net.ConnectException: Connection refused (Connection refused)
	at org.springframework.data.redis.core.DefaultListOperationsTests.tearDown(DefaultListOperationsTests.java:85)
Caused by: java.net.ConnectException: Connection refused (Connection refused)
	at org.springframework.data.redis.core.DefaultListOperationsTests.tearDown(DefaultListOperationsTests.java:85)
</error>
  </testcase>
  <testcase name="testLeftPushIfPresent[1]" classname="org.springframework.data.redis.core.DefaultListOperationsTests" time="0.002">
    <error message="Cannot get Jedis connection; nested exception is redis.clients.jedis.exceptions.JedisConnectionException: Could not get a resource from the pool" type="org.springframework.data.redis.RedisConnectionFailureException">org.springframework.data.redis.RedisConnectionFailureException: Cannot get Jedis connection; nested exception is redis.clients.jedis.exceptions.JedisConnectionException: Could not get a resource from the pool
	at org.springframework.data.redis.core.DefaultListOperationsTests.testLeftPushIfPresent(DefaultListOperationsTests.java:111)
Caused by: redis.clients.jedis.exceptions.JedisConnectionException: Could not get a resource from the pool
	at org.springframework.data.redis.core.DefaultListOperationsTests.testLeftPushIfPresent(DefaultListOperationsTests.java:111)
Caused by: redis.clients.jedis.exceptions.JedisConnectionException: java.net.ConnectException: Connection refused (Connection refused)
	at org.springframework.data.redis.core.DefaultListOperationsTests.testLeftPushIfPresent(DefaultListOperationsTests.java:111)
Caused by: java.net.ConnectException: Connection refused (Connection refused)
	at org.springframework.data.redis.core.DefaultListOperationsTests.testLeftPushIfPresent(DefaultListOperationsTests.java:111)
</error>
  </testcase>
  <testcase name="testLeftPushIfPresent[1]" classname="org.springframework.data.redis.core.DefaultListOperationsTests" time="0.003">
    <error message="Cannot get Jedis connection; nested exception is redis.clients.jedis.exceptions.JedisConnectionException: Could not get a resource from the pool" type="org.springframework.data.redis.RedisConnectionFailureException">org.springframework.data.redis.RedisConnectionFailureException: Cannot get Jedis connection; nested exception is redis.clients.jedis.exceptions.JedisConnectionException: Could not get a resource from the pool
	at org.springframework.data.redis.core.DefaultListOperationsTests.tearDown(DefaultListOperationsTests.java:85)
Caused by: redis.clients.jedis.exceptions.JedisConnectionException: Could not get a resource from the pool
	at org.springframework.data.redis.core.DefaultListOperationsTests.tearDown(DefaultListOperationsTests.java:85)
Caused by: redis.clients.jedis.exceptions.JedisConnectionException: java.net.ConnectException: Connection refused (Connection refused)
	at org.springframework.data.redis.core.DefaultListOperationsTests.tearDown(DefaultListOperationsTests.java:85)
Caused by: java.net.ConnectException: Connection refused (Connection refused)
	at org.springframework.data.redis.core.DefaultListOperationsTests.tearDown(DefaultListOperationsTests.java:85)
</error>
  </testcase>
  <testcase name="testLeftPushAllCollection[1]" classname="org.springframework.data.redis.core.DefaultListOperationsTests" time="0.002">
    <error message="Cannot get Jedis connection; nested exception is redis.clients.jedis.exceptions.JedisConnectionException: Could not get a resource from the pool" type="org.springframework.data.redis.RedisConnectionFailureException">org.springframework.data.redis.RedisConnectionFailureException: Cannot get Jedis connection; nested exception is redis.clients.jedis.exceptions.JedisConnectionException: Could not get a resource from the pool
	at org.springframework.data.redis.core.DefaultListOperationsTests.testLeftPushAllCollection(DefaultListOperationsTests.java:226)
Caused by: redis.clients.jedis.exceptions.JedisConnectionException: Could not get a resource from the pool
	at org.springframework.data.redis.core.DefaultListOperationsTests.testLeftPushAllCollection(DefaultListOperationsTests.java:226)
Caused by: redis.clients.jedis.exceptions.JedisConnectionException: java.net.ConnectException: Connection refused (Connection refused)
	at org.springframework.data.redis.core.DefaultListOperationsTests.testLeftPushAllCollection(DefaultListOperationsTests.java:226)
Caused by: java.net.ConnectException: Connection refused (Connection refused)
	at org.springframework.data.redis.core.DefaultListOperationsTests.testLeftPushAllCollection(DefaultListOperationsTests.java:226)
</error>
  </testcase>
  <testcase name="testLeftPushAllCollection[1]" classname="org.springframework.data.redis.core.DefaultListOperationsTests" time="0.002">
    <error message="Cannot get Jedis connection; nested exception is redis.clients.jedis.exceptions.JedisConnectionException: Could not get a resource from the pool" type="org.springframework.data.redis.RedisConnectionFailureException">org.springframework.data.redis.RedisConnectionFailureException: Cannot get Jedis connection; nested exception is redis.clients.jedis.exceptions.JedisConnectionException: Could not get a resource from the pool
	at org.springframework.data.redis.core.DefaultListOperationsTests.tearDown(DefaultListOperationsTests.java:85)
Caused by: redis.clients.jedis.exceptions.JedisConnectionException: Could not get a resource from the pool
	at org.springframework.data.redis.core.DefaultListOperationsTests.tearDown(DefaultListOperationsTests.java:85)
Caused by: redis.clients.jedis.exceptions.JedisConnectionException: java.net.ConnectException: Connection refused (Connection refused)
	at org.springframework.data.redis.core.DefaultListOperationsTests.tearDown(DefaultListOperationsTests.java:85)
Caused by: java.net.ConnectException: Connection refused (Connection refused)
	at org.springframework.data.redis.core.DefaultListOperationsTests.tearDown(DefaultListOperationsTests.java:85)
</error>
  </testcase>
  <testcase name="testRightPushIfPresent[1]" classname="org.springframework.data.redis.core.DefaultListOperationsTests" time="0.002">
    <error message="Cannot get Jedis connection; nested exception is redis.clients.jedis.exceptions.JedisConnectionException: Could not get a resource from the pool" type="org.springframework.data.redis.RedisConnectionFailureException">org.springframework.data.redis.RedisConnectionFailureException: Cannot get Jedis connection; nested exception is redis.clients.jedis.exceptions.JedisConnectionException: Could not get a resource from the pool
	at org.springframework.data.redis.core.DefaultListOperationsTests.testRightPushIfPresent(DefaultListOperationsTests.java:168)
Caused by: redis.clients.jedis.exceptions.JedisConnectionException: Could not get a resource from the pool
	at org.springframework.data.redis.core.DefaultListOperationsTests.testRightPushIfPresent(DefaultListOperationsTests.java:168)
Caused by: redis.clients.jedis.exceptions.JedisConnectionException: java.net.ConnectException: Connection refused (Connection refused)
	at org.springframework.data.redis.core.DefaultListOperationsTests.testRightPushIfPresent(DefaultListOperationsTests.java:168)
Caused by: java.net.ConnectException: Connection refused (Connection refused)
	at org.springframework.data.redis.core.DefaultListOperationsTests.testRightPushIfPresent(DefaultListOperationsTests.java:168)
</error>
  </testcase>
  <testcase name="testRightPushIfPresent[1]" classname="org.springframework.data.redis.core.DefaultListOperationsTests" time="0.002">
    <error message="Cannot get Jedis connection; nested exception is redis.clients.jedis.exceptions.JedisConnectionException: Could not get a resource from the pool" type="org.springframework.data.redis.RedisConnectionFailureException">org.springframework.data.redis.RedisConnectionFailureException: Cannot get Jedis connection; nested exception is redis.clients.jedis.exceptions.JedisConnectionException: Could not get a resource from the pool
	at org.springframework.data.redis.core.DefaultListOperationsTests.tearDown(DefaultListOperationsTests.java:85)
Caused by: redis.clients.jedis.exceptions.JedisConnectionException: Could not get a resource from the pool
	at org.springframework.data.redis.core.DefaultListOperationsTests.tearDown(DefaultListOperationsTests.java:85)
Caused by: redis.clients.jedis.exceptions.JedisConnectionException: java.net.ConnectException: Connection refused (Connection refused)
	at org.springframework.data.redis.core.DefaultListOperationsTests.tearDown(DefaultListOperationsTests.java:85)
Caused by: java.net.ConnectException: Connection refused (Connection refused)
	at org.springframework.data.redis.core.DefaultListOperationsTests.tearDown(DefaultListOperationsTests.java:85)
</error>
  </testcase>
  <testcase name="testRightPushAllCollection[1]" classname="org.springframework.data.redis.core.DefaultListOperationsTests" time="0.001">
    <error message="Cannot get Jedis connection; nested exception is redis.clients.jedis.exceptions.JedisConnectionException: Could not get a resource from the pool" type="org.springframework.data.redis.RedisConnectionFailureException">org.springframework.data.redis.RedisConnectionFailureException: Cannot get Jedis connection; nested exception is redis.clients.jedis.exceptions.JedisConnectionException: Could not get a resource from the pool
	at org.springframework.data.redis.core.DefaultListOperationsTests.testRightPushAllCollection(DefaultListOperationsTests.java:196)
Caused by: redis.clients.jedis.exceptions.JedisConnectionException: Could not get a resource from the pool
	at org.springframework.data.redis.core.DefaultListOperationsTests.testRightPushAllCollection(DefaultListOperationsTests.java:196)
Caused by: redis.clients.jedis.exceptions.JedisConnectionException: java.net.ConnectException: Connection refused (Connection refused)
	at org.springframework.data.redis.core.DefaultListOperationsTests.testRightPushAllCollection(DefaultListOperationsTests.java:196)
Caused by: java.net.ConnectException: Connection refused (Connection refused)
	at org.springframework.data.redis.core.DefaultListOperationsTests.testRightPushAllCollection(DefaultListOperationsTests.java:196)
</error>
  </testcase>
  <testcase name="testRightPushAllCollection[1]" classname="org.springframework.data.redis.core.DefaultListOperationsTests" time="0.002">
    <error message="Cannot get Jedis connection; nested exception is redis.clients.jedis.exceptions.JedisConnectionException: Could not get a resource from the pool" type="org.springframework.data.redis.RedisConnectionFailureException">org.springframework.data.redis.RedisConnectionFailureException: Cannot get Jedis connection; nested exception is redis.clients.jedis.exceptions.JedisConnectionException: Could not get a resource from the pool
	at org.springframework.data.redis.core.DefaultListOperationsTests.tearDown(DefaultListOperationsTests.java:85)
Caused by: redis.clients.jedis.exceptions.JedisConnectionException: Could not get a resource from the pool
	at org.springframework.data.redis.core.DefaultListOperationsTests.tearDown(DefaultListOperationsTests.java:85)
Caused by: redis.clients.jedis.exceptions.JedisConnectionException: java.net.ConnectException: Connection refused (Connection refused)
	at org.springframework.data.redis.core.DefaultListOperationsTests.tearDown(DefaultListOperationsTests.java:85)
Caused by: java.net.ConnectException: Connection refused (Connection refused)
	at org.springframework.data.redis.core.DefaultListOperationsTests.tearDown(DefaultListOperationsTests.java:85)
</error>
  </testcase>
  <testcase name="testRightPopAndLeftPush[1]" classname="org.springframework.data.redis.core.DefaultListOperationsTests" time="0.002">
    <error message="Cannot get Jedis connection; nested exception is redis.clients.jedis.exceptions.JedisConnectionException: Could not get a resource from the pool" type="org.springframework.data.redis.RedisConnectionFailureException">org.springframework.data.redis.RedisConnectionFailureException: Cannot get Jedis connection; nested exception is redis.clients.jedis.exceptions.JedisConnectionException: Could not get a resource from the pool
	at org.springframework.data.redis.core.DefaultListOperationsTests.testRightPopAndLeftPush(DefaultListOperationsTests.java:146)
Caused by: redis.clients.jedis.exceptions.JedisConnectionException: Could not get a resource from the pool
	at org.springframework.data.redis.core.DefaultListOperationsTests.testRightPopAndLeftPush(DefaultListOperationsTests.java:146)
Caused by: redis.clients.jedis.exceptions.JedisConnectionException: java.net.ConnectException: Connection refused (Connection refused)
	at org.springframework.data.redis.core.DefaultListOperationsTests.testRightPopAndLeftPush(DefaultListOperationsTests.java:146)
Caused by: java.net.ConnectException: Connection refused (Connection refused)
	at org.springframework.data.redis.core.DefaultListOperationsTests.testRightPopAndLeftPush(DefaultListOperationsTests.java:146)
</error>
  </testcase>
  <testcase name="testRightPopAndLeftPush[1]" classname="org.springframework.data.redis.core.DefaultListOperationsTests" time="0.002">
    <error message="Cannot get Jedis connection; nested exception is redis.clients.jedis.exceptions.JedisConnectionException: Could not get a resource from the pool" type="org.springframework.data.redis.RedisConnectionFailureException">org.springframework.data.redis.RedisConnectionFailureException: Cannot get Jedis connection; nested exception is redis.clients.jedis.exceptions.JedisConnectionException: Could not get a resource from the pool
	at org.springframework.data.redis.core.DefaultListOperationsTests.tearDown(DefaultListOperationsTests.java:85)
Caused by: redis.clients.jedis.exceptions.JedisConnectionException: Could not get a resource from the pool
	at org.springframework.data.redis.core.DefaultListOperationsTests.tearDown(DefaultListOperationsTests.java:85)
Caused by: redis.clients.jedis.exceptions.JedisConnectionException: java.net.ConnectException: Connection refused (Connection refused)
	at org.springframework.data.redis.core.DefaultListOperationsTests.tearDown(DefaultListOperationsTests.java:85)
Caused by: java.net.ConnectException: Connection refused (Connection refused)
	at org.springframework.data.redis.core.DefaultListOperationsTests.tearDown(DefaultListOperationsTests.java:85)
</error>
  </testcase>
  <testcase name="leftPushAllShouldThrowExceptionWhenCollectionContainsNullValue[1]" classname="org.springframework.data.redis.core.DefaultListOperationsTests" time="0.003">
    <error message="Cannot get Jedis connection; nested exception is redis.clients.jedis.exceptions.JedisConnectionException: Could not get a resource from the pool" type="org.springframework.data.redis.RedisConnectionFailureException">org.springframework.data.redis.RedisConnectionFailureException: Cannot get Jedis connection; nested exception is redis.clients.jedis.exceptions.JedisConnectionException: Could not get a resource from the pool
	at org.springframework.data.redis.core.DefaultListOperationsTests.tearDown(DefaultListOperationsTests.java:85)
Caused by: redis.clients.jedis.exceptions.JedisConnectionException: Could not get a resource from the pool
	at org.springframework.data.redis.core.DefaultListOperationsTests.tearDown(DefaultListOperationsTests.java:85)
Caused by: redis.clients.jedis.exceptions.JedisConnectionException: java.net.ConnectException: Connection refused (Connection refused)
	at org.springframework.data.redis.core.DefaultListOperationsTests.tearDown(DefaultListOperationsTests.java:85)
Caused by: java.net.ConnectException: Connection refused (Connection refused)
	at org.springframework.data.redis.core.DefaultListOperationsTests.tearDown(DefaultListOperationsTests.java:85)
</error>
  </testcase>
  <testcase name="rightPushAllShouldThrowExceptionWhenCalledWithNull[1]" classname="org.springframework.data.redis.core.DefaultListOperationsTests" time="0.001">
    <error message="Cannot get Jedis connection; nested exception is redis.clients.jedis.exceptions.JedisConnectionException: Could not get a resource from the pool" type="org.springframework.data.redis.RedisConnectionFailureException">org.springframework.data.redis.RedisConnectionFailureException: Cannot get Jedis connection; nested exception is redis.clients.jedis.exceptions.JedisConnectionException: Could not get a resource from the pool
	at org.springframework.data.redis.core.DefaultListOperationsTests.tearDown(DefaultListOperationsTests.java:85)
Caused by: redis.clients.jedis.exceptions.JedisConnectionException: Could not get a resource from the pool
	at org.springframework.data.redis.core.DefaultListOperationsTests.tearDown(DefaultListOperationsTests.java:85)
Caused by: redis.clients.jedis.exceptions.JedisConnectionException: java.net.ConnectException: Connection refused (Connection refused)
	at org.springframework.data.redis.core.DefaultListOperationsTests.tearDown(DefaultListOperationsTests.java:85)
Caused by: java.net.ConnectException: Connection refused (Connection refused)
	at org.springframework.data.redis.core.DefaultListOperationsTests.tearDown(DefaultListOperationsTests.java:85)
</error>
  </testcase>
  <testcase name="leftPushAllShouldThrowExceptionWhenCalledWithNull[1]" classname="org.springframework.data.redis.core.DefaultListOperationsTests" time="0.001">
    <error message="Cannot get Jedis connection; nested exception is redis.clients.jedis.exceptions.JedisConnectionException: Could not get a resource from the pool" type="org.springframework.data.redis.RedisConnectionFailureException">org.springframework.data.redis.RedisConnectionFailureException: Cannot get Jedis connection; nested exception is redis.clients.jedis.exceptions.JedisConnectionException: Could not get a resource from the pool
	at org.springframework.data.redis.core.DefaultListOperationsTests.tearDown(DefaultListOperationsTests.java:85)
Caused by: redis.clients.jedis.exceptions.JedisConnectionException: Could not get a resource from the pool
	at org.springframework.data.redis.core.DefaultListOperationsTests.tearDown(DefaultListOperationsTests.java:85)
Caused by: redis.clients.jedis.exceptions.JedisConnectionException: java.net.ConnectException: Connection refused (Connection refused)
	at org.springframework.data.redis.core.DefaultListOperationsTests.tearDown(DefaultListOperationsTests.java:85)
Caused by: java.net.ConnectException: Connection refused (Connection refused)
	at org.springframework.data.redis.core.DefaultListOperationsTests.tearDown(DefaultListOperationsTests.java:85)
</error>
  </testcase>
  <testcase name="leftPushAllShouldThrowExceptionWhenCalledWithEmptyCollection[1]" classname="org.springframework.data.redis.core.DefaultListOperationsTests" time="0.001">
    <error message="Cannot get Jedis connection; nested exception is redis.clients.jedis.exceptions.JedisConnectionException: Could not get a resource from the pool" type="org.springframework.data.redis.RedisConnectionFailureException">org.springframework.data.redis.RedisConnectionFailureException: Cannot get Jedis connection; nested exception is redis.clients.jedis.exceptions.JedisConnectionException: Could not get a resource from the pool
	at org.springframework.data.redis.core.DefaultListOperationsTests.tearDown(DefaultListOperationsTests.java:85)
Caused by: redis.clients.jedis.exceptions.JedisConnectionException: Could not get a resource from the pool
	at org.springframework.data.redis.core.DefaultListOperationsTests.tearDown(DefaultListOperationsTests.java:85)
Caused by: redis.clients.jedis.exceptions.JedisConnectionException: java.net.ConnectException: Connection refused (Connection refused)
	at org.springframework.data.redis.core.DefaultListOperationsTests.tearDown(DefaultListOperationsTests.java:85)
Caused by: java.net.ConnectException: Connection refused (Connection refused)
	at org.springframework.data.redis.core.DefaultListOperationsTests.tearDown(DefaultListOperationsTests.java:85)
</error>
  </testcase>
  <testcase name="testRightPopAndLeftPushTimeout[1]" classname="org.springframework.data.redis.core.DefaultListOperationsTests" time="0.001">
    <error message="Could not initialize class org.springframework.data.redis.RedisTestProfileValueSource" type="java.lang.NoClassDefFoundError">java.lang.NoClassDefFoundError: Could not initialize class org.springframework.data.redis.RedisTestProfileValueSource
	at org.springframework.data.redis.core.DefaultListOperationsTests.testRightPopAndLeftPushTimeout(DefaultListOperationsTests.java:132)
</error>
  </testcase>
  <testcase name="testRightPopAndLeftPushTimeout[1]" classname="org.springframework.data.redis.core.DefaultListOperationsTests" time="0.001">
    <error message="Cannot get Jedis connection; nested exception is redis.clients.jedis.exceptions.JedisConnectionException: Could not get a resource from the pool" type="org.springframework.data.redis.RedisConnectionFailureException">org.springframework.data.redis.RedisConnectionFailureException: Cannot get Jedis connection; nested exception is redis.clients.jedis.exceptions.JedisConnectionException: Could not get a resource from the pool
	at org.springframework.data.redis.core.DefaultListOperationsTests.tearDown(DefaultListOperationsTests.java:85)
Caused by: redis.clients.jedis.exceptions.JedisConnectionException: Could not get a resource from the pool
	at org.springframework.data.redis.core.DefaultListOperationsTests.tearDown(DefaultListOperationsTests.java:85)
Caused by: redis.clients.jedis.exceptions.JedisConnectionException: java.net.ConnectException: Connection refused (Connection refused)
	at org.springframework.data.redis.core.DefaultListOperationsTests.tearDown(DefaultListOperationsTests.java:85)
Caused by: java.net.ConnectException: Connection refused (Connection refused)
	at org.springframework.data.redis.core.DefaultListOperationsTests.tearDown(DefaultListOperationsTests.java:85)
</error>
  </testcase>
  <testcase name="testLeftPushWithPivot[1]" classname="org.springframework.data.redis.core.DefaultListOperationsTests" time="0.001">
    <error message="Cannot get Jedis connection; nested exception is redis.clients.jedis.exceptions.JedisConnectionException: Could not get a resource from the pool" type="org.springframework.data.redis.RedisConnectionFailureException">org.springframework.data.redis.RedisConnectionFailureException: Cannot get Jedis connection; nested exception is redis.clients.jedis.exceptions.JedisConnectionException: Could not get a resource from the pool
	at org.springframework.data.redis.core.DefaultListOperationsTests.testLeftPushWithPivot(DefaultListOperationsTests.java:100)
Caused by: redis.clients.jedis.exceptions.JedisConnectionException: Could not get a resource from the pool
	at org.springframework.data.redis.core.DefaultListOperationsTests.testLeftPushWithPivot(DefaultListOperationsTests.java:100)
Caused by: redis.clients.jedis.exceptions.JedisConnectionException: java.net.ConnectException: Connection refused (Connection refused)
	at org.springframework.data.redis.core.DefaultListOperationsTests.testLeftPushWithPivot(DefaultListOperationsTests.java:100)
Caused by: java.net.ConnectException: Connection refused (Connection refused)
	at org.springframework.data.redis.core.DefaultListOperationsTests.testLeftPushWithPivot(DefaultListOperationsTests.java:100)
</error>
    <system-out><![CDATA[Value122
Value223
Value324
]]></system-out>
  </testcase>
  <testcase name="testLeftPushWithPivot[1]" classname="org.springframework.data.redis.core.DefaultListOperationsTests" time="0.002">
    <error message="Cannot get Jedis connection; nested exception is redis.clients.jedis.exceptions.JedisConnectionException: Could not get a resource from the pool" type="org.springframework.data.redis.RedisConnectionFailureException">org.springframework.data.redis.RedisConnectionFailureException: Cannot get Jedis connection; nested exception is redis.clients.jedis.exceptions.JedisConnectionException: Could not get a resource from the pool
	at org.springframework.data.redis.core.DefaultListOperationsTests.tearDown(DefaultListOperationsTests.java:85)
Caused by: redis.clients.jedis.exceptions.JedisConnectionException: Could not get a resource from the pool
	at org.springframework.data.redis.core.DefaultListOperationsTests.tearDown(DefaultListOperationsTests.java:85)
Caused by: redis.clients.jedis.exceptions.JedisConnectionException: java.net.ConnectException: Connection refused (Connection refused)
	at org.springframework.data.redis.core.DefaultListOperationsTests.tearDown(DefaultListOperationsTests.java:85)
Caused by: java.net.ConnectException: Connection refused (Connection refused)
	at org.springframework.data.redis.core.DefaultListOperationsTests.tearDown(DefaultListOperationsTests.java:85)
</error>
  </testcase>
  <testcase name="rightPushAllShouldThrowExceptionWhenCollectionContainsNullValue[2]" classname="org.springframework.data.redis.core.DefaultListOperationsTests" time="0.001">
    <error message="Cannot get Jedis connection; nested exception is redis.clients.jedis.exceptions.JedisConnectionException: Could not get a resource from the pool" type="org.springframework.data.redis.RedisConnectionFailureException">org.springframework.data.redis.RedisConnectionFailureException: Cannot get Jedis connection; nested exception is redis.clients.jedis.exceptions.JedisConnectionException: Could not get a resource from the pool
	at org.springframework.data.redis.core.DefaultListOperationsTests.tearDown(DefaultListOperationsTests.java:85)
Caused by: redis.clients.jedis.exceptions.JedisConnectionException: Could not get a resource from the pool
	at org.springframework.data.redis.core.DefaultListOperationsTests.tearDown(DefaultListOperationsTests.java:85)
Caused by: redis.clients.jedis.exceptions.JedisConnectionException: java.net.ConnectException: Connection refused (Connection refused)
	at org.springframework.data.redis.core.DefaultListOperationsTests.tearDown(DefaultListOperationsTests.java:85)
Caused by: java.net.ConnectException: Connection refused (Connection refused)
	at org.springframework.data.redis.core.DefaultListOperationsTests.tearDown(DefaultListOperationsTests.java:85)
</error>
  </testcase>
  <testcase name="testLeftPushAll[2]" classname="org.springframework.data.redis.core.DefaultListOperationsTests" time="0.003">
    <error message="Cannot get Jedis connection; nested exception is redis.clients.jedis.exceptions.JedisConnectionException: Could not get a resource from the pool" type="org.springframework.data.redis.RedisConnectionFailureException">org.springframework.data.redis.RedisConnectionFailureException: Cannot get Jedis connection; nested exception is redis.clients.jedis.exceptions.JedisConnectionException: Could not get a resource from the pool
	at org.springframework.data.redis.core.DefaultListOperationsTests.testLeftPushAll(DefaultListOperationsTests.java:124)
Caused by: redis.clients.jedis.exceptions.JedisConnectionException: Could not get a resource from the pool
	at org.springframework.data.redis.core.DefaultListOperationsTests.testLeftPushAll(DefaultListOperationsTests.java:124)
Caused by: redis.clients.jedis.exceptions.JedisConnectionException: java.net.ConnectException: Connection refused (Connection refused)
	at org.springframework.data.redis.core.DefaultListOperationsTests.testLeftPushAll(DefaultListOperationsTests.java:124)
Caused by: java.net.ConnectException: Connection refused (Connection refused)
	at org.springframework.data.redis.core.DefaultListOperationsTests.testLeftPushAll(DefaultListOperationsTests.java:124)
</error>
  </testcase>
  <testcase name="testLeftPushAll[2]" classname="org.springframework.data.redis.core.DefaultListOperationsTests" time="0.003">
    <error message="Cannot get Jedis connection; nested exception is redis.clients.jedis.exceptions.JedisConnectionException: Could not get a resource from the pool" type="org.springframework.data.redis.RedisConnectionFailureException">org.springframework.data.redis.RedisConnectionFailureException: Cannot get Jedis connection; nested exception is redis.clients.jedis.exceptions.JedisConnectionException: Could not get a resource from the pool
	at org.springframework.data.redis.core.DefaultListOperationsTests.tearDown(DefaultListOperationsTests.java:85)
Caused by: redis.clients.jedis.exceptions.JedisConnectionException: Could not get a resource from the pool
	at org.springframework.data.redis.core.DefaultListOperationsTests.tearDown(DefaultListOperationsTests.java:85)
Caused by: redis.clients.jedis.exceptions.JedisConnectionException: java.net.ConnectException: Connection refused (Connection refused)
	at org.springframework.data.redis.core.DefaultListOperationsTests.tearDown(DefaultListOperationsTests.java:85)
Caused by: java.net.ConnectException: Connection refused (Connection refused)
	at org.springframework.data.redis.core.DefaultListOperationsTests.tearDown(DefaultListOperationsTests.java:85)
</error>
  </testcase>
  <testcase name="rightPushAllShouldThrowExceptionWhenCalledWithEmptyCollection[2]" classname="org.springframework.data.redis.core.DefaultListOperationsTests" time="0.001">
    <error message="Cannot get Jedis connection; nested exception is redis.clients.jedis.exceptions.JedisConnectionException: Could not get a resource from the pool" type="org.springframework.data.redis.RedisConnectionFailureException">org.springframework.data.redis.RedisConnectionFailureException: Cannot get Jedis connection; nested exception is redis.clients.jedis.exceptions.JedisConnectionException: Could not get a resource from the pool
	at org.springframework.data.redis.core.DefaultListOperationsTests.tearDown(DefaultListOperationsTests.java:85)
Caused by: redis.clients.jedis.exceptions.JedisConnectionException: Could not get a resource from the pool
	at org.springframework.data.redis.core.DefaultListOperationsTests.tearDown(DefaultListOperationsTests.java:85)
Caused by: redis.clients.jedis.exceptions.JedisConnectionException: java.net.ConnectException: Connection refused (Connection refused)
	at org.springframework.data.redis.core.DefaultListOperationsTests.tearDown(DefaultListOperationsTests.java:85)
Caused by: java.net.ConnectException: Connection refused (Connection refused)
	at org.springframework.data.redis.core.DefaultListOperationsTests.tearDown(DefaultListOperationsTests.java:85)
</error>
  </testcase>
  <testcase name="testRightPushAll[2]" classname="org.springframework.data.redis.core.DefaultListOperationsTests" time="0.002">
    <error message="Cannot get Jedis connection; nested exception is redis.clients.jedis.exceptions.JedisConnectionException: Could not get a resource from the pool" type="org.springframework.data.redis.RedisConnectionFailureException">org.springframework.data.redis.RedisConnectionFailureException: Cannot get Jedis connection; nested exception is redis.clients.jedis.exceptions.JedisConnectionException: Could not get a resource from the pool
	at org.springframework.data.redis.core.DefaultListOperationsTests.testRightPushAll(DefaultListOperationsTests.java:181)
Caused by: redis.clients.jedis.exceptions.JedisConnectionException: Could not get a resource from the pool
	at org.springframework.data.redis.core.DefaultListOperationsTests.testRightPushAll(DefaultListOperationsTests.java:181)
Caused by: redis.clients.jedis.exceptions.JedisConnectionException: java.net.ConnectException: Connection refused (Connection refused)
	at org.springframework.data.redis.core.DefaultListOperationsTests.testRightPushAll(DefaultListOperationsTests.java:181)
Caused by: java.net.ConnectException: Connection refused (Connection refused)
	at org.springframework.data.redis.core.DefaultListOperationsTests.testRightPushAll(DefaultListOperationsTests.java:181)
</error>
  </testcase>
  <testcase name="testRightPushAll[2]" classname="org.springframework.data.redis.core.DefaultListOperationsTests" time="0.003">
    <error message="Cannot get Jedis connection; nested exception is redis.clients.jedis.exceptions.JedisConnectionException: Could not get a resource from the pool" type="org.springframework.data.redis.RedisConnectionFailureException">org.springframework.data.redis.RedisConnectionFailureException: Cannot get Jedis connection; nested exception is redis.clients.jedis.exceptions.JedisConnectionException: Could not get a resource from the pool
	at org.springframework.data.redis.core.DefaultListOperationsTests.tearDown(DefaultListOperationsTests.java:85)
Caused by: redis.clients.jedis.exceptions.JedisConnectionException: Could not get a resource from the pool
	at org.springframework.data.redis.core.DefaultListOperationsTests.tearDown(DefaultListOperationsTests.java:85)
Caused by: redis.clients.jedis.exceptions.JedisConnectionException: java.net.ConnectException: Connection refused (Connection refused)
	at org.springframework.data.redis.core.DefaultListOperationsTests.tearDown(DefaultListOperationsTests.java:85)
Caused by: java.net.ConnectException: Connection refused (Connection refused)
	at org.springframework.data.redis.core.DefaultListOperationsTests.tearDown(DefaultListOperationsTests.java:85)
</error>
  </testcase>
  <testcase name="testRightPushWithPivot[2]" classname="org.springframework.data.redis.core.DefaultListOperationsTests" time="0.002">
    <error message="Cannot get Jedis connection; nested exception is redis.clients.jedis.exceptions.JedisConnectionException: Could not get a resource from the pool" type="org.springframework.data.redis.RedisConnectionFailureException">org.springframework.data.redis.RedisConnectionFailureException: Cannot get Jedis connection; nested exception is redis.clients.jedis.exceptions.JedisConnectionException: Could not get a resource from the pool
	at org.springframework.data.redis.core.DefaultListOperationsTests.testRightPushWithPivot(DefaultListOperationsTests.java:157)
Caused by: redis.clients.jedis.exceptions.JedisConnectionException: Could not get a resource from the pool
	at org.springframework.data.redis.core.DefaultListOperationsTests.testRightPushWithPivot(DefaultListOperationsTests.java:157)
Caused by: redis.clients.jedis.exceptions.JedisConnectionException: java.net.ConnectException: Connection refused (Connection refused)
	at org.springframework.data.redis.core.DefaultListOperationsTests.testRightPushWithPivot(DefaultListOperationsTests.java:157)
Caused by: java.net.ConnectException: Connection refused (Connection refused)
	at org.springframework.data.redis.core.DefaultListOperationsTests.testRightPushWithPivot(DefaultListOperationsTests.java:157)
</error>
  </testcase>
  <testcase name="testRightPushWithPivot[2]" classname="org.springframework.data.redis.core.DefaultListOperationsTests" time="0.003">
    <error message="Cannot get Jedis connection; nested exception is redis.clients.jedis.exceptions.JedisConnectionException: Could not get a resource from the pool" type="org.springframework.data.redis.RedisConnectionFailureException">org.springframework.data.redis.RedisConnectionFailureException: Cannot get Jedis connection; nested exception is redis.clients.jedis.exceptions.JedisConnectionException: Could not get a resource from the pool
	at org.springframework.data.redis.core.DefaultListOperationsTests.tearDown(DefaultListOperationsTests.java:85)
Caused by: redis.clients.jedis.exceptions.JedisConnectionException: Could not get a resource from the pool
	at org.springframework.data.redis.core.DefaultListOperationsTests.tearDown(DefaultListOperationsTests.java:85)
Caused by: redis.clients.jedis.exceptions.JedisConnectionException: java.net.ConnectException: Connection refused (Connection refused)
	at org.springframework.data.redis.core.DefaultListOperationsTests.tearDown(DefaultListOperationsTests.java:85)
Caused by: java.net.ConnectException: Connection refused (Connection refused)
	at org.springframework.data.redis.core.DefaultListOperationsTests.tearDown(DefaultListOperationsTests.java:85)
</error>
  </testcase>
  <testcase name="testLeftPushIfPresent[2]" classname="org.springframework.data.redis.core.DefaultListOperationsTests" time="0.001">
    <error message="Cannot get Jedis connection; nested exception is redis.clients.jedis.exceptions.JedisConnectionException: Could not get a resource from the pool" type="org.springframework.data.redis.RedisConnectionFailureException">org.springframework.data.redis.RedisConnectionFailureException: Cannot get Jedis connection; nested exception is redis.clients.jedis.exceptions.JedisConnectionException: Could not get a resource from the pool
	at org.springframework.data.redis.core.DefaultListOperationsTests.testLeftPushIfPresent(DefaultListOperationsTests.java:111)
Caused by: redis.clients.jedis.exceptions.JedisConnectionException: Could not get a resource from the pool
	at org.springframework.data.redis.core.DefaultListOperationsTests.testLeftPushIfPresent(DefaultListOperationsTests.java:111)
Caused by: redis.clients.jedis.exceptions.JedisConnectionException: java.net.ConnectException: Connection refused (Connection refused)
	at org.springframework.data.redis.core.DefaultListOperationsTests.testLeftPushIfPresent(DefaultListOperationsTests.java:111)
Caused by: java.net.ConnectException: Connection refused (Connection refused)
	at org.springframework.data.redis.core.DefaultListOperationsTests.testLeftPushIfPresent(DefaultListOperationsTests.java:111)
</error>
  </testcase>
  <testcase name="testLeftPushIfPresent[2]" classname="org.springframework.data.redis.core.DefaultListOperationsTests" time="0.001">
    <error message="Cannot get Jedis connection; nested exception is redis.clients.jedis.exceptions.JedisConnectionException: Could not get a resource from the pool" type="org.springframework.data.redis.RedisConnectionFailureException">org.springframework.data.redis.RedisConnectionFailureException: Cannot get Jedis connection; nested exception is redis.clients.jedis.exceptions.JedisConnectionException: Could not get a resource from the pool
	at org.springframework.data.redis.core.DefaultListOperationsTests.tearDown(DefaultListOperationsTests.java:85)
Caused by: redis.clients.jedis.exceptions.JedisConnectionException: Could not get a resource from the pool
	at org.springframework.data.redis.core.DefaultListOperationsTests.tearDown(DefaultListOperationsTests.java:85)
Caused by: redis.clients.jedis.exceptions.JedisConnectionException: java.net.ConnectException: Connection refused (Connection refused)
	at org.springframework.data.redis.core.DefaultListOperationsTests.tearDown(DefaultListOperationsTests.java:85)
Caused by: java.net.ConnectException: Connection refused (Connection refused)
	at org.springframework.data.redis.core.DefaultListOperationsTests.tearDown(DefaultListOperationsTests.java:85)
</error>
  </testcase>
  <testcase name="testLeftPushAllCollection[2]" classname="org.springframework.data.redis.core.DefaultListOperationsTests" time="0.001">
    <error message="Cannot get Jedis connection; nested exception is redis.clients.jedis.exceptions.JedisConnectionException: Could not get a resource from the pool" type="org.springframework.data.redis.RedisConnectionFailureException">org.springframework.data.redis.RedisConnectionFailureException: Cannot get Jedis connection; nested exception is redis.clients.jedis.exceptions.JedisConnectionException: Could not get a resource from the pool
	at org.springframework.data.redis.core.DefaultListOperationsTests.testLeftPushAllCollection(DefaultListOperationsTests.java:226)
Caused by: redis.clients.jedis.exceptions.JedisConnectionException: Could not get a resource from the pool
	at org.springframework.data.redis.core.DefaultListOperationsTests.testLeftPushAllCollection(DefaultListOperationsTests.java:226)
Caused by: redis.clients.jedis.exceptions.JedisConnectionException: java.net.ConnectException: Connection refused (Connection refused)
	at org.springframework.data.redis.core.DefaultListOperationsTests.testLeftPushAllCollection(DefaultListOperationsTests.java:226)
Caused by: java.net.ConnectException: Connection refused (Connection refused)
	at org.springframework.data.redis.core.DefaultListOperationsTests.testLeftPushAllCollection(DefaultListOperationsTests.java:226)
</error>
  </testcase>
  <testcase name="testLeftPushAllCollection[2]" classname="org.springframework.data.redis.core.DefaultListOperationsTests" time="0.002">
    <error message="Cannot get Jedis connection; nested exception is redis.clients.jedis.exceptions.JedisConnectionException: Could not get a resource from the pool" type="org.springframework.data.redis.RedisConnectionFailureException">org.springframework.data.redis.RedisConnectionFailureException: Cannot get Jedis connection; nested exception is redis.clients.jedis.exceptions.JedisConnectionException: Could not get a resource from the pool
	at org.springframework.data.redis.core.DefaultListOperationsTests.tearDown(DefaultListOperationsTests.java:85)
Caused by: redis.clients.jedis.exceptions.JedisConnectionException: Could not get a resource from the pool
	at org.springframework.data.redis.core.DefaultListOperationsTests.tearDown(DefaultListOperationsTests.java:85)
Caused by: redis.clients.jedis.exceptions.JedisConnectionException: java.net.ConnectException: Connection refused (Connection refused)
	at org.springframework.data.redis.core.DefaultListOperationsTests.tearDown(DefaultListOperationsTests.java:85)
Caused by: java.net.ConnectException: Connection refused (Connection refused)
	at org.springframework.data.redis.core.DefaultListOperationsTests.tearDown(DefaultListOperationsTests.java:85)
</error>
  </testcase>
  <testcase name="testRightPushIfPresent[2]" classname="org.springframework.data.redis.core.DefaultListOperationsTests" time="0.002">
    <error message="Cannot get Jedis connection; nested exception is redis.clients.jedis.exceptions.JedisConnectionException: Could not get a resource from the pool" type="org.springframework.data.redis.RedisConnectionFailureException">org.springframework.data.redis.RedisConnectionFailureException: Cannot get Jedis connection; nested exception is redis.clients.jedis.exceptions.JedisConnectionException: Could not get a resource from the pool
	at org.springframework.data.redis.core.DefaultListOperationsTests.testRightPushIfPresent(DefaultListOperationsTests.java:168)
Caused by: redis.clients.jedis.exceptions.JedisConnectionException: Could not get a resource from the pool
	at org.springframework.data.redis.core.DefaultListOperationsTests.testRightPushIfPresent(DefaultListOperationsTests.java:168)
Caused by: redis.clients.jedis.exceptions.JedisConnectionException: java.net.ConnectException: Connection refused (Connection refused)
	at org.springframework.data.redis.core.DefaultListOperationsTests.testRightPushIfPresent(DefaultListOperationsTests.java:168)
Caused by: java.net.ConnectException: Connection refused (Connection refused)
	at org.springframework.data.redis.core.DefaultListOperationsTests.testRightPushIfPresent(DefaultListOperationsTests.java:168)
</error>
  </testcase>
  <testcase name="testRightPushIfPresent[2]" classname="org.springframework.data.redis.core.DefaultListOperationsTests" time="0.002">
    <error message="Cannot get Jedis connection; nested exception is redis.clients.jedis.exceptions.JedisConnectionException: Could not get a resource from the pool" type="org.springframework.data.redis.RedisConnectionFailureException">org.springframework.data.redis.RedisConnectionFailureException: Cannot get Jedis connection; nested exception is redis.clients.jedis.exceptions.JedisConnectionException: Could not get a resource from the pool
	at org.springframework.data.redis.core.DefaultListOperationsTests.tearDown(DefaultListOperationsTests.java:85)
Caused by: redis.clients.jedis.exceptions.JedisConnectionException: Could not get a resource from the pool
	at org.springframework.data.redis.core.DefaultListOperationsTests.tearDown(DefaultListOperationsTests.java:85)
Caused by: redis.clients.jedis.exceptions.JedisConnectionException: java.net.ConnectException: Connection refused (Connection refused)
	at org.springframework.data.redis.core.DefaultListOperationsTests.tearDown(DefaultListOperationsTests.java:85)
Caused by: java.net.ConnectException: Connection refused (Connection refused)
	at org.springframework.data.redis.core.DefaultListOperationsTests.tearDown(DefaultListOperationsTests.java:85)
</error>
  </testcase>
  <testcase name="testRightPushAllCollection[2]" classname="org.springframework.data.redis.core.DefaultListOperationsTests" time="0.001">
    <error message="Cannot get Jedis connection; nested exception is redis.clients.jedis.exceptions.JedisConnectionException: Could not get a resource from the pool" type="org.springframework.data.redis.RedisConnectionFailureException">org.springframework.data.redis.RedisConnectionFailureException: Cannot get Jedis connection; nested exception is redis.clients.jedis.exceptions.JedisConnectionException: Could not get a resource from the pool
	at org.springframework.data.redis.core.DefaultListOperationsTests.testRightPushAllCollection(DefaultListOperationsTests.java:196)
Caused by: redis.clients.jedis.exceptions.JedisConnectionException: Could not get a resource from the pool
	at org.springframework.data.redis.core.DefaultListOperationsTests.testRightPushAllCollection(DefaultListOperationsTests.java:196)
Caused by: redis.clients.jedis.exceptions.JedisConnectionException: java.net.ConnectException: Connection refused (Connection refused)
	at org.springframework.data.redis.core.DefaultListOperationsTests.testRightPushAllCollection(DefaultListOperationsTests.java:196)
Caused by: java.net.ConnectException: Connection refused (Connection refused)
	at org.springframework.data.redis.core.DefaultListOperationsTests.testRightPushAllCollection(DefaultListOperationsTests.java:196)
</error>
  </testcase>
  <testcase name="testRightPushAllCollection[2]" classname="org.springframework.data.redis.core.DefaultListOperationsTests" time="0.002">
    <error message="Cannot get Jedis connection; nested exception is redis.clients.jedis.exceptions.JedisConnectionException: Could not get a resource from the pool" type="org.springframework.data.redis.RedisConnectionFailureException">org.springframework.data.redis.RedisConnectionFailureException: Cannot get Jedis connection; nested exception is redis.clients.jedis.exceptions.JedisConnectionException: Could not get a resource from the pool
	at org.springframework.data.redis.core.DefaultListOperationsTests.tearDown(DefaultListOperationsTests.java:85)
Caused by: redis.clients.jedis.exceptions.JedisConnectionException: Could not get a resource from the pool
	at org.springframework.data.redis.core.DefaultListOperationsTests.tearDown(DefaultListOperationsTests.java:85)
Caused by: redis.clients.jedis.exceptions.JedisConnectionException: java.net.ConnectException: Connection refused (Connection refused)
	at org.springframework.data.redis.core.DefaultListOperationsTests.tearDown(DefaultListOperationsTests.java:85)
Caused by: java.net.ConnectException: Connection refused (Connection refused)
	at org.springframework.data.redis.core.DefaultListOperationsTests.tearDown(DefaultListOperationsTests.java:85)
</error>
  </testcase>
  <testcase name="testRightPopAndLeftPush[2]" classname="org.springframework.data.redis.core.DefaultListOperationsTests" time="0.001">
    <error message="Cannot get Jedis connection; nested exception is redis.clients.jedis.exceptions.JedisConnectionException: Could not get a resource from the pool" type="org.springframework.data.redis.RedisConnectionFailureException">org.springframework.data.redis.RedisConnectionFailureException: Cannot get Jedis connection; nested exception is redis.clients.jedis.exceptions.JedisConnectionException: Could not get a resource from the pool
	at org.springframework.data.redis.core.DefaultListOperationsTests.testRightPopAndLeftPush(DefaultListOperationsTests.java:146)
Caused by: redis.clients.jedis.exceptions.JedisConnectionException: Could not get a resource from the pool
	at org.springframework.data.redis.core.DefaultListOperationsTests.testRightPopAndLeftPush(DefaultListOperationsTests.java:146)
Caused by: redis.clients.jedis.exceptions.JedisConnectionException: java.net.ConnectException: Connection refused (Connection refused)
	at org.springframework.data.redis.core.DefaultListOperationsTests.testRightPopAndLeftPush(DefaultListOperationsTests.java:146)
Caused by: java.net.ConnectException: Connection refused (Connection refused)
	at org.springframework.data.redis.core.DefaultListOperationsTests.testRightPopAndLeftPush(DefaultListOperationsTests.java:146)
</error>
  </testcase>
  <testcase name="testRightPopAndLeftPush[2]" classname="org.springframework.data.redis.core.DefaultListOperationsTests" time="0.002">
    <error message="Cannot get Jedis connection; nested exception is redis.clients.jedis.exceptions.JedisConnectionException: Could not get a resource from the pool" type="org.springframework.data.redis.RedisConnectionFailureException">org.springframework.data.redis.RedisConnectionFailureException: Cannot get Jedis connection; nested exception is redis.clients.jedis.exceptions.JedisConnectionException: Could not get a resource from the pool
	at org.springframework.data.redis.core.DefaultListOperationsTests.tearDown(DefaultListOperationsTests.java:85)
Caused by: redis.clients.jedis.exceptions.JedisConnectionException: Could not get a resource from the pool
	at org.springframework.data.redis.core.DefaultListOperationsTests.tearDown(DefaultListOperationsTests.java:85)
Caused by: redis.clients.jedis.exceptions.JedisConnectionException: java.net.ConnectException: Connection refused (Connection refused)
	at org.springframework.data.redis.core.DefaultListOperationsTests.tearDown(DefaultListOperationsTests.java:85)
Caused by: java.net.ConnectException: Connection refused (Connection refused)
	at org.springframework.data.redis.core.DefaultListOperationsTests.tearDown(DefaultListOperationsTests.java:85)
</error>
  </testcase>
  <testcase name="leftPushAllShouldThrowExceptionWhenCollectionContainsNullValue[2]" classname="org.springframework.data.redis.core.DefaultListOperationsTests" time="0.001">
    <error message="Cannot get Jedis connection; nested exception is redis.clients.jedis.exceptions.JedisConnectionException: Could not get a resource from the pool" type="org.springframework.data.redis.RedisConnectionFailureException">org.springframework.data.redis.RedisConnectionFailureException: Cannot get Jedis connection; nested exception is redis.clients.jedis.exceptions.JedisConnectionException: Could not get a resource from the pool
	at org.springframework.data.redis.core.DefaultListOperationsTests.tearDown(DefaultListOperationsTests.java:85)
Caused by: redis.clients.jedis.exceptions.JedisConnectionException: Could not get a resource from the pool
	at org.springframework.data.redis.core.DefaultListOperationsTests.tearDown(DefaultListOperationsTests.java:85)
Caused by: redis.clients.jedis.exceptions.JedisConnectionException: java.net.ConnectException: Connection refused (Connection refused)
	at org.springframework.data.redis.core.DefaultListOperationsTests.tearDown(DefaultListOperationsTests.java:85)
Caused by: java.net.ConnectException: Connection refused (Connection refused)
	at org.springframework.data.redis.core.DefaultListOperationsTests.tearDown(DefaultListOperationsTests.java:85)
</error>
  </testcase>
  <testcase name="rightPushAllShouldThrowExceptionWhenCalledWithNull[2]" classname="org.springframework.data.redis.core.DefaultListOperationsTests" time="0.001">
    <error message="Cannot get Jedis connection; nested exception is redis.clients.jedis.exceptions.JedisConnectionException: Could not get a resource from the pool" type="org.springframework.data.redis.RedisConnectionFailureException">org.springframework.data.redis.RedisConnectionFailureException: Cannot get Jedis connection; nested exception is redis.clients.jedis.exceptions.JedisConnectionException: Could not get a resource from the pool
	at org.springframework.data.redis.core.DefaultListOperationsTests.tearDown(DefaultListOperationsTests.java:85)
Caused by: redis.clients.jedis.exceptions.JedisConnectionException: Could not get a resource from the pool
	at org.springframework.data.redis.core.DefaultListOperationsTests.tearDown(DefaultListOperationsTests.java:85)
Caused by: redis.clients.jedis.exceptions.JedisConnectionException: java.net.ConnectException: Connection refused (Connection refused)
	at org.springframework.data.redis.core.DefaultListOperationsTests.tearDown(DefaultListOperationsTests.java:85)
Caused by: java.net.ConnectException: Connection refused (Connection refused)
	at org.springframework.data.redis.core.DefaultListOperationsTests.tearDown(DefaultListOperationsTests.java:85)
</error>
  </testcase>
  <testcase name="leftPushAllShouldThrowExceptionWhenCalledWithNull[2]" classname="org.springframework.data.redis.core.DefaultListOperationsTests" time="0.001">
    <error message="Cannot get Jedis connection; nested exception is redis.clients.jedis.exceptions.JedisConnectionException: Could not get a resource from the pool" type="org.springframework.data.redis.RedisConnectionFailureException">org.springframework.data.redis.RedisConnectionFailureException: Cannot get Jedis connection; nested exception is redis.clients.jedis.exceptions.JedisConnectionException: Could not get a resource from the pool
	at org.springframework.data.redis.core.DefaultListOperationsTests.tearDown(DefaultListOperationsTests.java:85)
Caused by: redis.clients.jedis.exceptions.JedisConnectionException: Could not get a resource from the pool
	at org.springframework.data.redis.core.DefaultListOperationsTests.tearDown(DefaultListOperationsTests.java:85)
Caused by: redis.clients.jedis.exceptions.JedisConnectionException: java.net.ConnectException: Connection refused (Connection refused)
	at org.springframework.data.redis.core.DefaultListOperationsTests.tearDown(DefaultListOperationsTests.java:85)
Caused by: java.net.ConnectException: Connection refused (Connection refused)
	at org.springframework.data.redis.core.DefaultListOperationsTests.tearDown(DefaultListOperationsTests.java:85)
</error>
  </testcase>
  <testcase name="leftPushAllShouldThrowExceptionWhenCalledWithEmptyCollection[2]" classname="org.springframework.data.redis.core.DefaultListOperationsTests" time="0.001">
    <error message="Cannot get Jedis connection; nested exception is redis.clients.jedis.exceptions.JedisConnectionException: Could not get a resource from the pool" type="org.springframework.data.redis.RedisConnectionFailureException">org.springframework.data.redis.RedisConnectionFailureException: Cannot get Jedis connection; nested exception is redis.clients.jedis.exceptions.JedisConnectionException: Could not get a resource from the pool
	at org.springframework.data.redis.core.DefaultListOperationsTests.tearDown(DefaultListOperationsTests.java:85)
Caused by: redis.clients.jedis.exceptions.JedisConnectionException: Could not get a resource from the pool
	at org.springframework.data.redis.core.DefaultListOperationsTests.tearDown(DefaultListOperationsTests.java:85)
Caused by: redis.clients.jedis.exceptions.JedisConnectionException: java.net.ConnectException: Connection refused (Connection refused)
	at org.springframework.data.redis.core.DefaultListOperationsTests.tearDown(DefaultListOperationsTests.java:85)
Caused by: java.net.ConnectException: Connection refused (Connection refused)
	at org.springframework.data.redis.core.DefaultListOperationsTests.tearDown(DefaultListOperationsTests.java:85)
</error>
  </testcase>
  <testcase name="testRightPopAndLeftPushTimeout[2]" classname="org.springframework.data.redis.core.DefaultListOperationsTests" time="0.001">
    <error message="Could not initialize class org.springframework.data.redis.RedisTestProfileValueSource" type="java.lang.NoClassDefFoundError">java.lang.NoClassDefFoundError: Could not initialize class org.springframework.data.redis.RedisTestProfileValueSource
	at org.springframework.data.redis.core.DefaultListOperationsTests.testRightPopAndLeftPushTimeout(DefaultListOperationsTests.java:132)
</error>
  </testcase>
  <testcase name="testRightPopAndLeftPushTimeout[2]" classname="org.springframework.data.redis.core.DefaultListOperationsTests" time="0.001">
    <error message="Cannot get Jedis connection; nested exception is redis.clients.jedis.exceptions.JedisConnectionException: Could not get a resource from the pool" type="org.springframework.data.redis.RedisConnectionFailureException">org.springframework.data.redis.RedisConnectionFailureException: Cannot get Jedis connection; nested exception is redis.clients.jedis.exceptions.JedisConnectionException: Could not get a resource from the pool
	at org.springframework.data.redis.core.DefaultListOperationsTests.tearDown(DefaultListOperationsTests.java:85)
Caused by: redis.clients.jedis.exceptions.JedisConnectionException: Could not get a resource from the pool
	at org.springframework.data.redis.core.DefaultListOperationsTests.tearDown(DefaultListOperationsTests.java:85)
Caused by: redis.clients.jedis.exceptions.JedisConnectionException: java.net.ConnectException: Connection refused (Connection refused)
	at org.springframework.data.redis.core.DefaultListOperationsTests.tearDown(DefaultListOperationsTests.java:85)
Caused by: java.net.ConnectException: Connection refused (Connection refused)
	at org.springframework.data.redis.core.DefaultListOperationsTests.tearDown(DefaultListOperationsTests.java:85)
</error>
  </testcase>
  <testcase name="testLeftPushWithPivot[2]" classname="org.springframework.data.redis.core.DefaultListOperationsTests" time="0.002">
    <error message="Cannot get Jedis connection; nested exception is redis.clients.jedis.exceptions.JedisConnectionException: Could not get a resource from the pool" type="org.springframework.data.redis.RedisConnectionFailureException">org.springframework.data.redis.RedisConnectionFailureException: Cannot get Jedis connection; nested exception is redis.clients.jedis.exceptions.JedisConnectionException: Could not get a resource from the pool
	at org.springframework.data.redis.core.DefaultListOperationsTests.testLeftPushWithPivot(DefaultListOperationsTests.java:100)
Caused by: redis.clients.jedis.exceptions.JedisConnectionException: Could not get a resource from the pool
	at org.springframework.data.redis.core.DefaultListOperationsTests.testLeftPushWithPivot(DefaultListOperationsTests.java:100)
Caused by: redis.clients.jedis.exceptions.JedisConnectionException: java.net.ConnectException: Connection refused (Connection refused)
	at org.springframework.data.redis.core.DefaultListOperationsTests.testLeftPushWithPivot(DefaultListOperationsTests.java:100)
Caused by: java.net.ConnectException: Connection refused (Connection refused)
	at org.springframework.data.redis.core.DefaultListOperationsTests.testLeftPushWithPivot(DefaultListOperationsTests.java:100)
</error>
    <system-out><![CDATA[Value122.0
Value223.0
Value324.0
]]></system-out>
  </testcase>
  <testcase name="testLeftPushWithPivot[2]" classname="org.springframework.data.redis.core.DefaultListOperationsTests" time="0.003">
    <error message="Cannot get Jedis connection; nested exception is redis.clients.jedis.exceptions.JedisConnectionException: Could not get a resource from the pool" type="org.springframework.data.redis.RedisConnectionFailureException">org.springframework.data.redis.RedisConnectionFailureException: Cannot get Jedis connection; nested exception is redis.clients.jedis.exceptions.JedisConnectionException: Could not get a resource from the pool
	at org.springframework.data.redis.core.DefaultListOperationsTests.tearDown(DefaultListOperationsTests.java:85)
Caused by: redis.clients.jedis.exceptions.JedisConnectionException: Could not get a resource from the pool
	at org.springframework.data.redis.core.DefaultListOperationsTests.tearDown(DefaultListOperationsTests.java:85)
Caused by: redis.clients.jedis.exceptions.JedisConnectionException: java.net.ConnectException: Connection refused (Connection refused)
	at org.springframework.data.redis.core.DefaultListOperationsTests.tearDown(DefaultListOperationsTests.java:85)
Caused by: java.net.ConnectException: Connection refused (Connection refused)
	at org.springframework.data.redis.core.DefaultListOperationsTests.tearDown(DefaultListOperationsTests.java:85)
</error>
  </testcase>
  <testcase name="rightPushAllShouldThrowExceptionWhenCollectionContainsNullValue[3]" classname="org.springframework.data.redis.core.DefaultListOperationsTests" time="0.001">
    <error message="Cannot get Jedis connection; nested exception is redis.clients.jedis.exceptions.JedisConnectionException: Could not get a resource from the pool" type="org.springframework.data.redis.RedisConnectionFailureException">org.springframework.data.redis.RedisConnectionFailureException: Cannot get Jedis connection; nested exception is redis.clients.jedis.exceptions.JedisConnectionException: Could not get a resource from the pool
	at org.springframework.data.redis.core.DefaultListOperationsTests.tearDown(DefaultListOperationsTests.java:85)
Caused by: redis.clients.jedis.exceptions.JedisConnectionException: Could not get a resource from the pool
	at org.springframework.data.redis.core.DefaultListOperationsTests.tearDown(DefaultListOperationsTests.java:85)
Caused by: redis.clients.jedis.exceptions.JedisConnectionException: java.net.ConnectException: Connection refused (Connection refused)
	at org.springframework.data.redis.core.DefaultListOperationsTests.tearDown(DefaultListOperationsTests.java:85)
Caused by: java.net.ConnectException: Connection refused (Connection refused)
	at org.springframework.data.redis.core.DefaultListOperationsTests.tearDown(DefaultListOperationsTests.java:85)
</error>
  </testcase>
  <testcase name="testLeftPushAll[3]" classname="org.springframework.data.redis.core.DefaultListOperationsTests" time="0.002">
    <error message="Cannot get Jedis connection; nested exception is redis.clients.jedis.exceptions.JedisConnectionException: Could not get a resource from the pool" type="org.springframework.data.redis.RedisConnectionFailureException">org.springframework.data.redis.RedisConnectionFailureException: Cannot get Jedis connection; nested exception is redis.clients.jedis.exceptions.JedisConnectionException: Could not get a resource from the pool
	at org.springframework.data.redis.core.DefaultListOperationsTests.testLeftPushAll(DefaultListOperationsTests.java:124)
Caused by: redis.clients.jedis.exceptions.JedisConnectionException: Could not get a resource from the pool
	at org.springframework.data.redis.core.DefaultListOperationsTests.testLeftPushAll(DefaultListOperationsTests.java:124)
Caused by: redis.clients.jedis.exceptions.JedisConnectionException: java.net.ConnectException: Connection refused (Connection refused)
	at org.springframework.data.redis.core.DefaultListOperationsTests.testLeftPushAll(DefaultListOperationsTests.java:124)
Caused by: java.net.ConnectException: Connection refused (Connection refused)
	at org.springframework.data.redis.core.DefaultListOperationsTests.testLeftPushAll(DefaultListOperationsTests.java:124)
</error>
  </testcase>
  <testcase name="testLeftPushAll[3]" classname="org.springframework.data.redis.core.DefaultListOperationsTests" time="0.002">
    <error message="Cannot get Jedis connection; nested exception is redis.clients.jedis.exceptions.JedisConnectionException: Could not get a resource from the pool" type="org.springframework.data.redis.RedisConnectionFailureException">org.springframework.data.redis.RedisConnectionFailureException: Cannot get Jedis connection; nested exception is redis.clients.jedis.exceptions.JedisConnectionException: Could not get a resource from the pool
	at org.springframework.data.redis.core.DefaultListOperationsTests.tearDown(DefaultListOperationsTests.java:85)
Caused by: redis.clients.jedis.exceptions.JedisConnectionException: Could not get a resource from the pool
	at org.springframework.data.redis.core.DefaultListOperationsTests.tearDown(DefaultListOperationsTests.java:85)
Caused by: redis.clients.jedis.exceptions.JedisConnectionException: java.net.ConnectException: Connection refused (Connection refused)
	at org.springframework.data.redis.core.DefaultListOperationsTests.tearDown(DefaultListOperationsTests.java:85)
Caused by: java.net.ConnectException: Connection refused (Connection refused)
	at org.springframework.data.redis.core.DefaultListOperationsTests.tearDown(DefaultListOperationsTests.java:85)
</error>
  </testcase>
  <testcase name="rightPushAllShouldThrowExceptionWhenCalledWithEmptyCollection[3]" classname="org.springframework.data.redis.core.DefaultListOperationsTests" time="0.001">
    <error message="Cannot get Jedis connection; nested exception is redis.clients.jedis.exceptions.JedisConnectionException: Could not get a resource from the pool" type="org.springframework.data.redis.RedisConnectionFailureException">org.springframework.data.redis.RedisConnectionFailureException: Cannot get Jedis connection; nested exception is redis.clients.jedis.exceptions.JedisConnectionException: Could not get a resource from the pool
	at org.springframework.data.redis.core.DefaultListOperationsTests.tearDown(DefaultListOperationsTests.java:85)
Caused by: redis.clients.jedis.exceptions.JedisConnectionException: Could not get a resource from the pool
	at org.springframework.data.redis.core.DefaultListOperationsTests.tearDown(DefaultListOperationsTests.java:85)
Caused by: redis.clients.jedis.exceptions.JedisConnectionException: java.net.ConnectException: Connection refused (Connection refused)
	at org.springframework.data.redis.core.DefaultListOperationsTests.tearDown(DefaultListOperationsTests.java:85)
Caused by: java.net.ConnectException: Connection refused (Connection refused)
	at org.springframework.data.redis.core.DefaultListOperationsTests.tearDown(DefaultListOperationsTests.java:85)
</error>
  </testcase>
  <testcase name="testRightPushAll[3]" classname="org.springframework.data.redis.core.DefaultListOperationsTests" time="0.002">
    <error message="Cannot get Jedis connection; nested exception is redis.clients.jedis.exceptions.JedisConnectionException: Could not get a resource from the pool" type="org.springframework.data.redis.RedisConnectionFailureException">org.springframework.data.redis.RedisConnectionFailureException: Cannot get Jedis connection; nested exception is redis.clients.jedis.exceptions.JedisConnectionException: Could not get a resource from the pool
	at org.springframework.data.redis.core.DefaultListOperationsTests.testRightPushAll(DefaultListOperationsTests.java:181)
Caused by: redis.clients.jedis.exceptions.JedisConnectionException: Could not get a resource from the pool
	at org.springframework.data.redis.core.DefaultListOperationsTests.testRightPushAll(DefaultListOperationsTests.java:181)
Caused by: redis.clients.jedis.exceptions.JedisConnectionException: java.net.ConnectException: Connection refused (Connection refused)
	at org.springframework.data.redis.core.DefaultListOperationsTests.testRightPushAll(DefaultListOperationsTests.java:181)
Caused by: java.net.ConnectException: Connection refused (Connection refused)
	at org.springframework.data.redis.core.DefaultListOperationsTests.testRightPushAll(DefaultListOperationsTests.java:181)
</error>
  </testcase>
  <testcase name="testRightPushAll[3]" classname="org.springframework.data.redis.core.DefaultListOperationsTests" time="0.002">
    <error message="Cannot get Jedis connection; nested exception is redis.clients.jedis.exceptions.JedisConnectionException: Could not get a resource from the pool" type="org.springframework.data.redis.RedisConnectionFailureException">org.springframework.data.redis.RedisConnectionFailureException: Cannot get Jedis connection; nested exception is redis.clients.jedis.exceptions.JedisConnectionException: Could not get a resource from the pool
	at org.springframework.data.redis.core.DefaultListOperationsTests.tearDown(DefaultListOperationsTests.java:85)
Caused by: redis.clients.jedis.exceptions.JedisConnectionException: Could not get a resource from the pool
	at org.springframework.data.redis.core.DefaultListOperationsTests.tearDown(DefaultListOperationsTests.java:85)
Caused by: redis.clients.jedis.exceptions.JedisConnectionException: java.net.ConnectException: Connection refused (Connection refused)
	at org.springframework.data.redis.core.DefaultListOperationsTests.tearDown(DefaultListOperationsTests.java:85)
Caused by: java.net.ConnectException: Connection refused (Connection refused)
	at org.springframework.data.redis.core.DefaultListOperationsTests.tearDown(DefaultListOperationsTests.java:85)
</error>
  </testcase>
  <testcase name="testRightPushWithPivot[3]" classname="org.springframework.data.redis.core.DefaultListOperationsTests" time="0.002">
    <error message="Cannot get Jedis connection; nested exception is redis.clients.jedis.exceptions.JedisConnectionException: Could not get a resource from the pool" type="org.springframework.data.redis.RedisConnectionFailureException">org.springframework.data.redis.RedisConnectionFailureException: Cannot get Jedis connection; nested exception is redis.clients.jedis.exceptions.JedisConnectionException: Could not get a resource from the pool
	at org.springframework.data.redis.core.DefaultListOperationsTests.testRightPushWithPivot(DefaultListOperationsTests.java:157)
Caused by: redis.clients.jedis.exceptions.JedisConnectionException: Could not get a resource from the pool
	at org.springframework.data.redis.core.DefaultListOperationsTests.testRightPushWithPivot(DefaultListOperationsTests.java:157)
Caused by: redis.clients.jedis.exceptions.JedisConnectionException: java.net.ConnectException: Connection refused (Connection refused)
	at org.springframework.data.redis.core.DefaultListOperationsTests.testRightPushWithPivot(DefaultListOperationsTests.java:157)
Caused by: java.net.ConnectException: Connection refused (Connection refused)
	at org.springframework.data.redis.core.DefaultListOperationsTests.testRightPushWithPivot(DefaultListOperationsTests.java:157)
</error>
  </testcase>
  <testcase name="testRightPushWithPivot[3]" classname="org.springframework.data.redis.core.DefaultListOperationsTests" time="0.003">
    <error message="Cannot get Jedis connection; nested exception is redis.clients.jedis.exceptions.JedisConnectionException: Could not get a resource from the pool" type="org.springframework.data.redis.RedisConnectionFailureException">org.springframework.data.redis.RedisConnectionFailureException: Cannot get Jedis connection; nested exception is redis.clients.jedis.exceptions.JedisConnectionException: Could not get a resource from the pool
	at org.springframework.data.redis.core.DefaultListOperationsTests.tearDown(DefaultListOperationsTests.java:85)
Caused by: redis.clients.jedis.exceptions.JedisConnectionException: Could not get a resource from the pool
	at org.springframework.data.redis.core.DefaultListOperationsTests.tearDown(DefaultListOperationsTests.java:85)
Caused by: redis.clients.jedis.exceptions.JedisConnectionException: java.net.ConnectException: Connection refused (Connection refused)
	at org.springframework.data.redis.core.DefaultListOperationsTests.tearDown(DefaultListOperationsTests.java:85)
Caused by: java.net.ConnectException: Connection refused (Connection refused)
	at org.springframework.data.redis.core.DefaultListOperationsTests.tearDown(DefaultListOperationsTests.java:85)
</error>
  </testcase>
  <testcase name="testLeftPushIfPresent[3]" classname="org.springframework.data.redis.core.DefaultListOperationsTests" time="0.002">
    <error message="Cannot get Jedis connection; nested exception is redis.clients.jedis.exceptions.JedisConnectionException: Could not get a resource from the pool" type="org.springframework.data.redis.RedisConnectionFailureException">org.springframework.data.redis.RedisConnectionFailureException: Cannot get Jedis connection; nested exception is redis.clients.jedis.exceptions.JedisConnectionException: Could not get a resource from the pool
	at org.springframework.data.redis.core.DefaultListOperationsTests.testLeftPushIfPresent(DefaultListOperationsTests.java:111)
Caused by: redis.clients.jedis.exceptions.JedisConnectionException: Could not get a resource from the pool
	at org.springframework.data.redis.core.DefaultListOperationsTests.testLeftPushIfPresent(DefaultListOperationsTests.java:111)
Caused by: redis.clients.jedis.exceptions.JedisConnectionException: java.net.ConnectException: Connection refused (Connection refused)
	at org.springframework.data.redis.core.DefaultListOperationsTests.testLeftPushIfPresent(DefaultListOperationsTests.java:111)
Caused by: java.net.ConnectException: Connection refused (Connection refused)
	at org.springframework.data.redis.core.DefaultListOperationsTests.testLeftPushIfPresent(DefaultListOperationsTests.java:111)
</error>
  </testcase>
  <testcase name="testLeftPushIfPresent[3]" classname="org.springframework.data.redis.core.DefaultListOperationsTests" time="0.002">
    <error message="Cannot get Jedis connection; nested exception is redis.clients.jedis.exceptions.JedisConnectionException: Could not get a resource from the pool" type="org.springframework.data.redis.RedisConnectionFailureException">org.springframework.data.redis.RedisConnectionFailureException: Cannot get Jedis connection; nested exception is redis.clients.jedis.exceptions.JedisConnectionException: Could not get a resource from the pool
	at org.springframework.data.redis.core.DefaultListOperationsTests.tearDown(DefaultListOperationsTests.java:85)
Caused by: redis.clients.jedis.exceptions.JedisConnectionException: Could not get a resource from the pool
	at org.springframework.data.redis.core.DefaultListOperationsTests.tearDown(DefaultListOperationsTests.java:85)
Caused by: redis.clients.jedis.exceptions.JedisConnectionException: java.net.ConnectException: Connection refused (Connection refused)
	at org.springframework.data.redis.core.DefaultListOperationsTests.tearDown(DefaultListOperationsTests.java:85)
Caused by: java.net.ConnectException: Connection refused (Connection refused)
	at org.springframework.data.redis.core.DefaultListOperationsTests.tearDown(DefaultListOperationsTests.java:85)
</error>
  </testcase>
  <testcase name="testLeftPushAllCollection[3]" classname="org.springframework.data.redis.core.DefaultListOperationsTests" time="0.002">
    <error message="Cannot get Jedis connection; nested exception is redis.clients.jedis.exceptions.JedisConnectionException: Could not get a resource from the pool" type="org.springframework.data.redis.RedisConnectionFailureException">org.springframework.data.redis.RedisConnectionFailureException: Cannot get Jedis connection; nested exception is redis.clients.jedis.exceptions.JedisConnectionException: Could not get a resource from the pool
	at org.springframework.data.redis.core.DefaultListOperationsTests.testLeftPushAllCollection(DefaultListOperationsTests.java:226)
Caused by: redis.clients.jedis.exceptions.JedisConnectionException: Could not get a resource from the pool
	at org.springframework.data.redis.core.DefaultListOperationsTests.testLeftPushAllCollection(DefaultListOperationsTests.java:226)
Caused by: redis.clients.jedis.exceptions.JedisConnectionException: java.net.ConnectException: Connection refused (Connection refused)
	at org.springframework.data.redis.core.DefaultListOperationsTests.testLeftPushAllCollection(DefaultListOperationsTests.java:226)
Caused by: java.net.ConnectException: Connection refused (Connection refused)
	at org.springframework.data.redis.core.DefaultListOperationsTests.testLeftPushAllCollection(DefaultListOperationsTests.java:226)
</error>
  </testcase>
  <testcase name="testLeftPushAllCollection[3]" classname="org.springframework.data.redis.core.DefaultListOperationsTests" time="0.003">
    <error message="Cannot get Jedis connection; nested exception is redis.clients.jedis.exceptions.JedisConnectionException: Could not get a resource from the pool" type="org.springframework.data.redis.RedisConnectionFailureException">org.springframework.data.redis.RedisConnectionFailureException: Cannot get Jedis connection; nested exception is redis.clients.jedis.exceptions.JedisConnectionException: Could not get a resource from the pool
	at org.springframework.data.redis.core.DefaultListOperationsTests.tearDown(DefaultListOperationsTests.java:85)
Caused by: redis.clients.jedis.exceptions.JedisConnectionException: Could not get a resource from the pool
	at org.springframework.data.redis.core.DefaultListOperationsTests.tearDown(DefaultListOperationsTests.java:85)
Caused by: redis.clients.jedis.exceptions.JedisConnectionException: java.net.ConnectException: Connection refused (Connection refused)
	at org.springframework.data.redis.core.DefaultListOperationsTests.tearDown(DefaultListOperationsTests.java:85)
Caused by: java.net.ConnectException: Connection refused (Connection refused)
	at org.springframework.data.redis.core.DefaultListOperationsTests.tearDown(DefaultListOperationsTests.java:85)
</error>
  </testcase>
  <testcase name="testRightPushIfPresent[3]" classname="org.springframework.data.redis.core.DefaultListOperationsTests" time="0.002">
    <error message="Cannot get Jedis connection; nested exception is redis.clients.jedis.exceptions.JedisConnectionException: Could not get a resource from the pool" type="org.springframework.data.redis.RedisConnectionFailureException">org.springframework.data.redis.RedisConnectionFailureException: Cannot get Jedis connection; nested exception is redis.clients.jedis.exceptions.JedisConnectionException: Could not get a resource from the pool
	at org.springframework.data.redis.core.DefaultListOperationsTests.testRightPushIfPresent(DefaultListOperationsTests.java:168)
Caused by: redis.clients.jedis.exceptions.JedisConnectionException: Could not get a resource from the pool
	at org.springframework.data.redis.core.DefaultListOperationsTests.testRightPushIfPresent(DefaultListOperationsTests.java:168)
Caused by: redis.clients.jedis.exceptions.JedisConnectionException: java.net.ConnectException: Connection refused (Connection refused)
	at org.springframework.data.redis.core.DefaultListOperationsTests.testRightPushIfPresent(DefaultListOperationsTests.java:168)
Caused by: java.net.ConnectException: Connection refused (Connection refused)
	at org.springframework.data.redis.core.DefaultListOperationsTests.testRightPushIfPresent(DefaultListOperationsTests.java:168)
</error>
  </testcase>
  <testcase name="testRightPushIfPresent[3]" classname="org.springframework.data.redis.core.DefaultListOperationsTests" time="0.002">
    <error message="Cannot get Jedis connection; nested exception is redis.clients.jedis.exceptions.JedisConnectionException: Could not get a resource from the pool" type="org.springframework.data.redis.RedisConnectionFailureException">org.springframework.data.redis.RedisConnectionFailureException: Cannot get Jedis connection; nested exception is redis.clients.jedis.exceptions.JedisConnectionException: Could not get a resource from the pool
	at org.springframework.data.redis.core.DefaultListOperationsTests.tearDown(DefaultListOperationsTests.java:85)
Caused by: redis.clients.jedis.exceptions.JedisConnectionException: Could not get a resource from the pool
	at org.springframework.data.redis.core.DefaultListOperationsTests.tearDown(DefaultListOperationsTests.java:85)
Caused by: redis.clients.jedis.exceptions.JedisConnectionException: java.net.ConnectException: Connection refused (Connection refused)
	at org.springframework.data.redis.core.DefaultListOperationsTests.tearDown(DefaultListOperationsTests.java:85)
Caused by: java.net.ConnectException: Connection refused (Connection refused)
	at org.springframework.data.redis.core.DefaultListOperationsTests.tearDown(DefaultListOperationsTests.java:85)
</error>
  </testcase>
  <testcase name="testRightPushAllCollection[3]" classname="org.springframework.data.redis.core.DefaultListOperationsTests" time="0.004">
    <error message="Cannot get Jedis connection; nested exception is redis.clients.jedis.exceptions.JedisConnectionException: Could not get a resource from the pool" type="org.springframework.data.redis.RedisConnectionFailureException">org.springframework.data.redis.RedisConnectionFailureException: Cannot get Jedis connection; nested exception is redis.clients.jedis.exceptions.JedisConnectionException: Could not get a resource from the pool
	at org.springframework.data.redis.core.DefaultListOperationsTests.testRightPushAllCollection(DefaultListOperationsTests.java:196)
Caused by: redis.clients.jedis.exceptions.JedisConnectionException: Could not get a resource from the pool
	at org.springframework.data.redis.core.DefaultListOperationsTests.testRightPushAllCollection(DefaultListOperationsTests.java:196)
Caused by: redis.clients.jedis.exceptions.JedisConnectionException: java.net.ConnectException: Connection refused (Connection refused)
	at org.springframework.data.redis.core.DefaultListOperationsTests.testRightPushAllCollection(DefaultListOperationsTests.java:196)
Caused by: java.net.ConnectException: Connection refused (Connection refused)
	at org.springframework.data.redis.core.DefaultListOperationsTests.testRightPushAllCollection(DefaultListOperationsTests.java:196)
</error>
  </testcase>
  <testcase name="testRightPushAllCollection[3]" classname="org.springframework.data.redis.core.DefaultListOperationsTests" time="0.004">
    <error message="Cannot get Jedis connection; nested exception is redis.clients.jedis.exceptions.JedisConnectionException: Could not get a resource from the pool" type="org.springframework.data.redis.RedisConnectionFailureException">org.springframework.data.redis.RedisConnectionFailureException: Cannot get Jedis connection; nested exception is redis.clients.jedis.exceptions.JedisConnectionException: Could not get a resource from the pool
	at org.springframework.data.redis.core.DefaultListOperationsTests.tearDown(DefaultListOperationsTests.java:85)
Caused by: redis.clients.jedis.exceptions.JedisConnectionException: Could not get a resource from the pool
	at org.springframework.data.redis.core.DefaultListOperationsTests.tearDown(DefaultListOperationsTests.java:85)
Caused by: redis.clients.jedis.exceptions.JedisConnectionException: java.net.ConnectException: Connection refused (Connection refused)
	at org.springframework.data.redis.core.DefaultListOperationsTests.tearDown(DefaultListOperationsTests.java:85)
Caused by: java.net.ConnectException: Connection refused (Connection refused)
	at org.springframework.data.redis.core.DefaultListOperationsTests.tearDown(DefaultListOperationsTests.java:85)
</error>
  </testcase>
  <testcase name="testRightPopAndLeftPush[3]" classname="org.springframework.data.redis.core.DefaultListOperationsTests" time="0.002">
    <error message="Cannot get Jedis connection; nested exception is redis.clients.jedis.exceptions.JedisConnectionException: Could not get a resource from the pool" type="org.springframework.data.redis.RedisConnectionFailureException">org.springframework.data.redis.RedisConnectionFailureException: Cannot get Jedis connection; nested exception is redis.clients.jedis.exceptions.JedisConnectionException: Could not get a resource from the pool
	at org.springframework.data.redis.core.DefaultListOperationsTests.testRightPopAndLeftPush(DefaultListOperationsTests.java:146)
Caused by: redis.clients.jedis.exceptions.JedisConnectionException: Could not get a resource from the pool
	at org.springframework.data.redis.core.DefaultListOperationsTests.testRightPopAndLeftPush(DefaultListOperationsTests.java:146)
Caused by: redis.clients.jedis.exceptions.JedisConnectionException: java.net.ConnectException: Connection refused (Connection refused)
	at org.springframework.data.redis.core.DefaultListOperationsTests.testRightPopAndLeftPush(DefaultListOperationsTests.java:146)
Caused by: java.net.ConnectException: Connection refused (Connection refused)
	at org.springframework.data.redis.core.DefaultListOperationsTests.testRightPopAndLeftPush(DefaultListOperationsTests.java:146)
</error>
  </testcase>
  <testcase name="testRightPopAndLeftPush[3]" classname="org.springframework.data.redis.core.DefaultListOperationsTests" time="0.002">
    <error message="Cannot get Jedis connection; nested exception is redis.clients.jedis.exceptions.JedisConnectionException: Could not get a resource from the pool" type="org.springframework.data.redis.RedisConnectionFailureException">org.springframework.data.redis.RedisConnectionFailureException: Cannot get Jedis connection; nested exception is redis.clients.jedis.exceptions.JedisConnectionException: Could not get a resource from the pool
	at org.springframework.data.redis.core.DefaultListOperationsTests.tearDown(DefaultListOperationsTests.java:85)
Caused by: redis.clients.jedis.exceptions.JedisConnectionException: Could not get a resource from the pool
	at org.springframework.data.redis.core.DefaultListOperationsTests.tearDown(DefaultListOperationsTests.java:85)
Caused by: redis.clients.jedis.exceptions.JedisConnectionException: java.net.ConnectException: Connection refused (Connection refused)
	at org.springframework.data.redis.core.DefaultListOperationsTests.tearDown(DefaultListOperationsTests.java:85)
Caused by: java.net.ConnectException: Connection refused (Connection refused)
	at org.springframework.data.redis.core.DefaultListOperationsTests.tearDown(DefaultListOperationsTests.java:85)
</error>
  </testcase>
  <testcase name="leftPushAllShouldThrowExceptionWhenCollectionContainsNullValue[3]" classname="org.springframework.data.redis.core.DefaultListOperationsTests" time="0.001">
    <error message="Cannot get Jedis connection; nested exception is redis.clients.jedis.exceptions.JedisConnectionException: Could not get a resource from the pool" type="org.springframework.data.redis.RedisConnectionFailureException">org.springframework.data.redis.RedisConnectionFailureException: Cannot get Jedis connection; nested exception is redis.clients.jedis.exceptions.JedisConnectionException: Could not get a resource from the pool
	at org.springframework.data.redis.core.DefaultListOperationsTests.tearDown(DefaultListOperationsTests.java:85)
Caused by: redis.clients.jedis.exceptions.JedisConnectionException: Could not get a resource from the pool
	at org.springframework.data.redis.core.DefaultListOperationsTests.tearDown(DefaultListOperationsTests.java:85)
Caused by: redis.clients.jedis.exceptions.JedisConnectionException: java.net.ConnectException: Connection refused (Connection refused)
	at org.springframework.data.redis.core.DefaultListOperationsTests.tearDown(DefaultListOperationsTests.java:85)
Caused by: java.net.ConnectException: Connection refused (Connection refused)
	at org.springframework.data.redis.core.DefaultListOperationsTests.tearDown(DefaultListOperationsTests.java:85)
</error>
  </testcase>
  <testcase name="rightPushAllShouldThrowExceptionWhenCalledWithNull[3]" classname="org.springframework.data.redis.core.DefaultListOperationsTests" time="0.001">
    <error message="Cannot get Jedis connection; nested exception is redis.clients.jedis.exceptions.JedisConnectionException: Could not get a resource from the pool" type="org.springframework.data.redis.RedisConnectionFailureException">org.springframework.data.redis.RedisConnectionFailureException: Cannot get Jedis connection; nested exception is redis.clients.jedis.exceptions.JedisConnectionException: Could not get a resource from the pool
	at org.springframework.data.redis.core.DefaultListOperationsTests.tearDown(DefaultListOperationsTests.java:85)
Caused by: redis.clients.jedis.exceptions.JedisConnectionException: Could not get a resource from the pool
	at org.springframework.data.redis.core.DefaultListOperationsTests.tearDown(DefaultListOperationsTests.java:85)
Caused by: redis.clients.jedis.exceptions.JedisConnectionException: java.net.ConnectException: Connection refused (Connection refused)
	at org.springframework.data.redis.core.DefaultListOperationsTests.tearDown(DefaultListOperationsTests.java:85)
Caused by: java.net.ConnectException: Connection refused (Connection refused)
	at org.springframework.data.redis.core.DefaultListOperationsTests.tearDown(DefaultListOperationsTests.java:85)
</error>
  </testcase>
  <testcase name="leftPushAllShouldThrowExceptionWhenCalledWithNull[3]" classname="org.springframework.data.redis.core.DefaultListOperationsTests" time="0.001">
    <error message="Cannot get Jedis connection; nested exception is redis.clients.jedis.exceptions.JedisConnectionException: Could not get a resource from the pool" type="org.springframework.data.redis.RedisConnectionFailureException">org.springframework.data.redis.RedisConnectionFailureException: Cannot get Jedis connection; nested exception is redis.clients.jedis.exceptions.JedisConnectionException: Could not get a resource from the pool
	at org.springframework.data.redis.core.DefaultListOperationsTests.tearDown(DefaultListOperationsTests.java:85)
Caused by: redis.clients.jedis.exceptions.JedisConnectionException: Could not get a resource from the pool
	at org.springframework.data.redis.core.DefaultListOperationsTests.tearDown(DefaultListOperationsTests.java:85)
Caused by: redis.clients.jedis.exceptions.JedisConnectionException: java.net.ConnectException: Connection refused (Connection refused)
	at org.springframework.data.redis.core.DefaultListOperationsTests.tearDown(DefaultListOperationsTests.java:85)
Caused by: java.net.ConnectException: Connection refused (Connection refused)
	at org.springframework.data.redis.core.DefaultListOperationsTests.tearDown(DefaultListOperationsTests.java:85)
</error>
  </testcase>
  <testcase name="leftPushAllShouldThrowExceptionWhenCalledWithEmptyCollection[3]" classname="org.springframework.data.redis.core.DefaultListOperationsTests" time="0.001">
    <error message="Cannot get Jedis connection; nested exception is redis.clients.jedis.exceptions.JedisConnectionException: Could not get a resource from the pool" type="org.springframework.data.redis.RedisConnectionFailureException">org.springframework.data.redis.RedisConnectionFailureException: Cannot get Jedis connection; nested exception is redis.clients.jedis.exceptions.JedisConnectionException: Could not get a resource from the pool
	at org.springframework.data.redis.core.DefaultListOperationsTests.tearDown(DefaultListOperationsTests.java:85)
Caused by: redis.clients.jedis.exceptions.JedisConnectionException: Could not get a resource from the pool
	at org.springframework.data.redis.core.DefaultListOperationsTests.tearDown(DefaultListOperationsTests.java:85)
Caused by: redis.clients.jedis.exceptions.JedisConnectionException: java.net.ConnectException: Connection refused (Connection refused)
	at org.springframework.data.redis.core.DefaultListOperationsTests.tearDown(DefaultListOperationsTests.java:85)
Caused by: java.net.ConnectException: Connection refused (Connection refused)
	at org.springframework.data.redis.core.DefaultListOperationsTests.tearDown(DefaultListOperationsTests.java:85)
</error>
  </testcase>
  <testcase name="testRightPopAndLeftPushTimeout[3]" classname="org.springframework.data.redis.core.DefaultListOperationsTests" time="0">
    <error message="Could not initialize class org.springframework.data.redis.RedisTestProfileValueSource" type="java.lang.NoClassDefFoundError">java.lang.NoClassDefFoundError: Could not initialize class org.springframework.data.redis.RedisTestProfileValueSource
	at org.springframework.data.redis.core.DefaultListOperationsTests.testRightPopAndLeftPushTimeout(DefaultListOperationsTests.java:132)
</error>
  </testcase>
  <testcase name="testRightPopAndLeftPushTimeout[3]" classname="org.springframework.data.redis.core.DefaultListOperationsTests" time="0.001">
    <error message="Cannot get Jedis connection; nested exception is redis.clients.jedis.exceptions.JedisConnectionException: Could not get a resource from the pool" type="org.springframework.data.redis.RedisConnectionFailureException">org.springframework.data.redis.RedisConnectionFailureException: Cannot get Jedis connection; nested exception is redis.clients.jedis.exceptions.JedisConnectionException: Could not get a resource from the pool
	at org.springframework.data.redis.core.DefaultListOperationsTests.tearDown(DefaultListOperationsTests.java:85)
Caused by: redis.clients.jedis.exceptions.JedisConnectionException: Could not get a resource from the pool
	at org.springframework.data.redis.core.DefaultListOperationsTests.tearDown(DefaultListOperationsTests.java:85)
Caused by: redis.clients.jedis.exceptions.JedisConnectionException: java.net.ConnectException: Connection refused (Connection refused)
	at org.springframework.data.redis.core.DefaultListOperationsTests.tearDown(DefaultListOperationsTests.java:85)
Caused by: java.net.ConnectException: Connection refused (Connection refused)
	at org.springframework.data.redis.core.DefaultListOperationsTests.tearDown(DefaultListOperationsTests.java:85)
</error>
  </testcase>
  <testcase name="testLeftPushWithPivot[3]" classname="org.springframework.data.redis.core.DefaultListOperationsTests" time="0.002">
    <error message="Cannot get Jedis connection; nested exception is redis.clients.jedis.exceptions.JedisConnectionException: Could not get a resource from the pool" type="org.springframework.data.redis.RedisConnectionFailureException">org.springframework.data.redis.RedisConnectionFailureException: Cannot get Jedis connection; nested exception is redis.clients.jedis.exceptions.JedisConnectionException: Could not get a resource from the pool
	at org.springframework.data.redis.core.DefaultListOperationsTests.testLeftPushWithPivot(DefaultListOperationsTests.java:100)
Caused by: redis.clients.jedis.exceptions.JedisConnectionException: Could not get a resource from the pool
	at org.springframework.data.redis.core.DefaultListOperationsTests.testLeftPushWithPivot(DefaultListOperationsTests.java:100)
Caused by: redis.clients.jedis.exceptions.JedisConnectionException: java.net.ConnectException: Connection refused (Connection refused)
	at org.springframework.data.redis.core.DefaultListOperationsTests.testLeftPushWithPivot(DefaultListOperationsTests.java:100)
Caused by: java.net.ConnectException: Connection refused (Connection refused)
	at org.springframework.data.redis.core.DefaultListOperationsTests.testLeftPushWithPivot(DefaultListOperationsTests.java:100)
</error>
    <system-out><![CDATA[Value1[B@41be8db9
Value2[B@2c2a7d53
Value3[B@46524ebe
]]></system-out>
  </testcase>
  <testcase name="testLeftPushWithPivot[3]" classname="org.springframework.data.redis.core.DefaultListOperationsTests" time="0.003">
    <error message="Cannot get Jedis connection; nested exception is redis.clients.jedis.exceptions.JedisConnectionException: Could not get a resource from the pool" type="org.springframework.data.redis.RedisConnectionFailureException">org.springframework.data.redis.RedisConnectionFailureException: Cannot get Jedis connection; nested exception is redis.clients.jedis.exceptions.JedisConnectionException: Could not get a resource from the pool
	at org.springframework.data.redis.core.DefaultListOperationsTests.tearDown(DefaultListOperationsTests.java:85)
Caused by: redis.clients.jedis.exceptions.JedisConnectionException: Could not get a resource from the pool
	at org.springframework.data.redis.core.DefaultListOperationsTests.tearDown(DefaultListOperationsTests.java:85)
Caused by: redis.clients.jedis.exceptions.JedisConnectionException: java.net.ConnectException: Connection refused (Connection refused)
	at org.springframework.data.redis.core.DefaultListOperationsTests.tearDown(DefaultListOperationsTests.java:85)
Caused by: java.net.ConnectException: Connection refused (Connection refused)
	at org.springframework.data.redis.core.DefaultListOperationsTests.tearDown(DefaultListOperationsTests.java:85)
</error>
  </testcase>
  <testcase name="rightPushAllShouldThrowExceptionWhenCollectionContainsNullValue[4]" classname="org.springframework.data.redis.core.DefaultListOperationsTests" time="0.001">
    <error message="Cannot get Jedis connection; nested exception is redis.clients.jedis.exceptions.JedisConnectionException: Could not get a resource from the pool" type="org.springframework.data.redis.RedisConnectionFailureException">org.springframework.data.redis.RedisConnectionFailureException: Cannot get Jedis connection; nested exception is redis.clients.jedis.exceptions.JedisConnectionException: Could not get a resource from the pool
	at org.springframework.data.redis.core.DefaultListOperationsTests.tearDown(DefaultListOperationsTests.java:85)
Caused by: redis.clients.jedis.exceptions.JedisConnectionException: Could not get a resource from the pool
	at org.springframework.data.redis.core.DefaultListOperationsTests.tearDown(DefaultListOperationsTests.java:85)
Caused by: redis.clients.jedis.exceptions.JedisConnectionException: java.net.ConnectException: Connection refused (Connection refused)
	at org.springframework.data.redis.core.DefaultListOperationsTests.tearDown(DefaultListOperationsTests.java:85)
Caused by: java.net.ConnectException: Connection refused (Connection refused)
	at org.springframework.data.redis.core.DefaultListOperationsTests.tearDown(DefaultListOperationsTests.java:85)
</error>
  </testcase>
  <testcase name="testLeftPushAll[4]" classname="org.springframework.data.redis.core.DefaultListOperationsTests" time="0.002">
    <error message="Cannot get Jedis connection; nested exception is redis.clients.jedis.exceptions.JedisConnectionException: Could not get a resource from the pool" type="org.springframework.data.redis.RedisConnectionFailureException">org.springframework.data.redis.RedisConnectionFailureException: Cannot get Jedis connection; nested exception is redis.clients.jedis.exceptions.JedisConnectionException: Could not get a resource from the pool
	at org.springframework.data.redis.core.DefaultListOperationsTests.testLeftPushAll(DefaultListOperationsTests.java:124)
Caused by: redis.clients.jedis.exceptions.JedisConnectionException: Could not get a resource from the pool
	at org.springframework.data.redis.core.DefaultListOperationsTests.testLeftPushAll(DefaultListOperationsTests.java:124)
Caused by: redis.clients.jedis.exceptions.JedisConnectionException: java.net.ConnectException: Connection refused (Connection refused)
	at org.springframework.data.redis.core.DefaultListOperationsTests.testLeftPushAll(DefaultListOperationsTests.java:124)
Caused by: java.net.ConnectException: Connection refused (Connection refused)
	at org.springframework.data.redis.core.DefaultListOperationsTests.testLeftPushAll(DefaultListOperationsTests.java:124)
</error>
  </testcase>
  <testcase name="testLeftPushAll[4]" classname="org.springframework.data.redis.core.DefaultListOperationsTests" time="0.002">
    <error message="Cannot get Jedis connection; nested exception is redis.clients.jedis.exceptions.JedisConnectionException: Could not get a resource from the pool" type="org.springframework.data.redis.RedisConnectionFailureException">org.springframework.data.redis.RedisConnectionFailureException: Cannot get Jedis connection; nested exception is redis.clients.jedis.exceptions.JedisConnectionException: Could not get a resource from the pool
	at org.springframework.data.redis.core.DefaultListOperationsTests.tearDown(DefaultListOperationsTests.java:85)
Caused by: redis.clients.jedis.exceptions.JedisConnectionException: Could not get a resource from the pool
	at org.springframework.data.redis.core.DefaultListOperationsTests.tearDown(DefaultListOperationsTests.java:85)
Caused by: redis.clients.jedis.exceptions.JedisConnectionException: java.net.ConnectException: Connection refused (Connection refused)
	at org.springframework.data.redis.core.DefaultListOperationsTests.tearDown(DefaultListOperationsTests.java:85)
Caused by: java.net.ConnectException: Connection refused (Connection refused)
	at org.springframework.data.redis.core.DefaultListOperationsTests.tearDown(DefaultListOperationsTests.java:85)
</error>
  </testcase>
  <testcase name="rightPushAllShouldThrowExceptionWhenCalledWithEmptyCollection[4]" classname="org.springframework.data.redis.core.DefaultListOperationsTests" time="0.001">
    <error message="Cannot get Jedis connection; nested exception is redis.clients.jedis.exceptions.JedisConnectionException: Could not get a resource from the pool" type="org.springframework.data.redis.RedisConnectionFailureException">org.springframework.data.redis.RedisConnectionFailureException: Cannot get Jedis connection; nested exception is redis.clients.jedis.exceptions.JedisConnectionException: Could not get a resource from the pool
	at org.springframework.data.redis.core.DefaultListOperationsTests.tearDown(DefaultListOperationsTests.java:85)
Caused by: redis.clients.jedis.exceptions.JedisConnectionException: Could not get a resource from the pool
	at org.springframework.data.redis.core.DefaultListOperationsTests.tearDown(DefaultListOperationsTests.java:85)
Caused by: redis.clients.jedis.exceptions.JedisConnectionException: java.net.ConnectException: Connection refused (Connection refused)
	at org.springframework.data.redis.core.DefaultListOperationsTests.tearDown(DefaultListOperationsTests.java:85)
Caused by: java.net.ConnectException: Connection refused (Connection refused)
	at org.springframework.data.redis.core.DefaultListOperationsTests.tearDown(DefaultListOperationsTests.java:85)
</error>
  </testcase>
  <testcase name="testRightPushAll[4]" classname="org.springframework.data.redis.core.DefaultListOperationsTests" time="0.002">
    <error message="Cannot get Jedis connection; nested exception is redis.clients.jedis.exceptions.JedisConnectionException: Could not get a resource from the pool" type="org.springframework.data.redis.RedisConnectionFailureException">org.springframework.data.redis.RedisConnectionFailureException: Cannot get Jedis connection; nested exception is redis.clients.jedis.exceptions.JedisConnectionException: Could not get a resource from the pool
	at org.springframework.data.redis.core.DefaultListOperationsTests.testRightPushAll(DefaultListOperationsTests.java:181)
Caused by: redis.clients.jedis.exceptions.JedisConnectionException: Could not get a resource from the pool
	at org.springframework.data.redis.core.DefaultListOperationsTests.testRightPushAll(DefaultListOperationsTests.java:181)
Caused by: redis.clients.jedis.exceptions.JedisConnectionException: java.net.ConnectException: Connection refused (Connection refused)
	at org.springframework.data.redis.core.DefaultListOperationsTests.testRightPushAll(DefaultListOperationsTests.java:181)
Caused by: java.net.ConnectException: Connection refused (Connection refused)
	at org.springframework.data.redis.core.DefaultListOperationsTests.testRightPushAll(DefaultListOperationsTests.java:181)
</error>
  </testcase>
  <testcase name="testRightPushAll[4]" classname="org.springframework.data.redis.core.DefaultListOperationsTests" time="0.002">
    <error message="Cannot get Jedis connection; nested exception is redis.clients.jedis.exceptions.JedisConnectionException: Could not get a resource from the pool" type="org.springframework.data.redis.RedisConnectionFailureException">org.springframework.data.redis.RedisConnectionFailureException: Cannot get Jedis connection; nested exception is redis.clients.jedis.exceptions.JedisConnectionException: Could not get a resource from the pool
	at org.springframework.data.redis.core.DefaultListOperationsTests.tearDown(DefaultListOperationsTests.java:85)
Caused by: redis.clients.jedis.exceptions.JedisConnectionException: Could not get a resource from the pool
	at org.springframework.data.redis.core.DefaultListOperationsTests.tearDown(DefaultListOperationsTests.java:85)
Caused by: redis.clients.jedis.exceptions.JedisConnectionException: java.net.ConnectException: Connection refused (Connection refused)
	at org.springframework.data.redis.core.DefaultListOperationsTests.tearDown(DefaultListOperationsTests.java:85)
Caused by: java.net.ConnectException: Connection refused (Connection refused)
	at org.springframework.data.redis.core.DefaultListOperationsTests.tearDown(DefaultListOperationsTests.java:85)
</error>
  </testcase>
  <testcase name="testRightPushWithPivot[4]" classname="org.springframework.data.redis.core.DefaultListOperationsTests" time="0.002">
    <error message="Cannot get Jedis connection; nested exception is redis.clients.jedis.exceptions.JedisConnectionException: Could not get a resource from the pool" type="org.springframework.data.redis.RedisConnectionFailureException">org.springframework.data.redis.RedisConnectionFailureException: Cannot get Jedis connection; nested exception is redis.clients.jedis.exceptions.JedisConnectionException: Could not get a resource from the pool
	at org.springframework.data.redis.core.DefaultListOperationsTests.testRightPushWithPivot(DefaultListOperationsTests.java:157)
Caused by: redis.clients.jedis.exceptions.JedisConnectionException: Could not get a resource from the pool
	at org.springframework.data.redis.core.DefaultListOperationsTests.testRightPushWithPivot(DefaultListOperationsTests.java:157)
Caused by: redis.clients.jedis.exceptions.JedisConnectionException: java.net.ConnectException: Connection refused (Connection refused)
	at org.springframework.data.redis.core.DefaultListOperationsTests.testRightPushWithPivot(DefaultListOperationsTests.java:157)
Caused by: java.net.ConnectException: Connection refused (Connection refused)
	at org.springframework.data.redis.core.DefaultListOperationsTests.testRightPushWithPivot(DefaultListOperationsTests.java:157)
</error>
  </testcase>
  <testcase name="testRightPushWithPivot[4]" classname="org.springframework.data.redis.core.DefaultListOperationsTests" time="0.003">
    <error message="Cannot get Jedis connection; nested exception is redis.clients.jedis.exceptions.JedisConnectionException: Could not get a resource from the pool" type="org.springframework.data.redis.RedisConnectionFailureException">org.springframework.data.redis.RedisConnectionFailureException: Cannot get Jedis connection; nested exception is redis.clients.jedis.exceptions.JedisConnectionException: Could not get a resource from the pool
	at org.springframework.data.redis.core.DefaultListOperationsTests.tearDown(DefaultListOperationsTests.java:85)
Caused by: redis.clients.jedis.exceptions.JedisConnectionException: Could not get a resource from the pool
	at org.springframework.data.redis.core.DefaultListOperationsTests.tearDown(DefaultListOperationsTests.java:85)
Caused by: redis.clients.jedis.exceptions.JedisConnectionException: java.net.ConnectException: Connection refused (Connection refused)
	at org.springframework.data.redis.core.DefaultListOperationsTests.tearDown(DefaultListOperationsTests.java:85)
Caused by: java.net.ConnectException: Connection refused (Connection refused)
	at org.springframework.data.redis.core.DefaultListOperationsTests.tearDown(DefaultListOperationsTests.java:85)
</error>
  </testcase>
  <testcase name="testLeftPushIfPresent[4]" classname="org.springframework.data.redis.core.DefaultListOperationsTests" time="0.002">
    <error message="Cannot get Jedis connection; nested exception is redis.clients.jedis.exceptions.JedisConnectionException: Could not get a resource from the pool" type="org.springframework.data.redis.RedisConnectionFailureException">org.springframework.data.redis.RedisConnectionFailureException: Cannot get Jedis connection; nested exception is redis.clients.jedis.exceptions.JedisConnectionException: Could not get a resource from the pool
	at org.springframework.data.redis.core.DefaultListOperationsTests.testLeftPushIfPresent(DefaultListOperationsTests.java:111)
Caused by: redis.clients.jedis.exceptions.JedisConnectionException: Could not get a resource from the pool
	at org.springframework.data.redis.core.DefaultListOperationsTests.testLeftPushIfPresent(DefaultListOperationsTests.java:111)
Caused by: redis.clients.jedis.exceptions.JedisConnectionException: java.net.ConnectException: Connection refused (Connection refused)
	at org.springframework.data.redis.core.DefaultListOperationsTests.testLeftPushIfPresent(DefaultListOperationsTests.java:111)
Caused by: java.net.ConnectException: Connection refused (Connection refused)
	at org.springframework.data.redis.core.DefaultListOperationsTests.testLeftPushIfPresent(DefaultListOperationsTests.java:111)
</error>
  </testcase>
  <testcase name="testLeftPushIfPresent[4]" classname="org.springframework.data.redis.core.DefaultListOperationsTests" time="0.002">
    <error message="Cannot get Jedis connection; nested exception is redis.clients.jedis.exceptions.JedisConnectionException: Could not get a resource from the pool" type="org.springframework.data.redis.RedisConnectionFailureException">org.springframework.data.redis.RedisConnectionFailureException: Cannot get Jedis connection; nested exception is redis.clients.jedis.exceptions.JedisConnectionException: Could not get a resource from the pool
	at org.springframework.data.redis.core.DefaultListOperationsTests.tearDown(DefaultListOperationsTests.java:85)
Caused by: redis.clients.jedis.exceptions.JedisConnectionException: Could not get a resource from the pool
	at org.springframework.data.redis.core.DefaultListOperationsTests.tearDown(DefaultListOperationsTests.java:85)
Caused by: redis.clients.jedis.exceptions.JedisConnectionException: java.net.ConnectException: Connection refused (Connection refused)
	at org.springframework.data.redis.core.DefaultListOperationsTests.tearDown(DefaultListOperationsTests.java:85)
Caused by: java.net.ConnectException: Connection refused (Connection refused)
	at org.springframework.data.redis.core.DefaultListOperationsTests.tearDown(DefaultListOperationsTests.java:85)
</error>
  </testcase>
  <testcase name="testLeftPushAllCollection[4]" classname="org.springframework.data.redis.core.DefaultListOperationsTests" time="0.002">
    <error message="Cannot get Jedis connection; nested exception is redis.clients.jedis.exceptions.JedisConnectionException: Could not get a resource from the pool" type="org.springframework.data.redis.RedisConnectionFailureException">org.springframework.data.redis.RedisConnectionFailureException: Cannot get Jedis connection; nested exception is redis.clients.jedis.exceptions.JedisConnectionException: Could not get a resource from the pool
	at org.springframework.data.redis.core.DefaultListOperationsTests.testLeftPushAllCollection(DefaultListOperationsTests.java:226)
Caused by: redis.clients.jedis.exceptions.JedisConnectionException: Could not get a resource from the pool
	at org.springframework.data.redis.core.DefaultListOperationsTests.testLeftPushAllCollection(DefaultListOperationsTests.java:226)
Caused by: redis.clients.jedis.exceptions.JedisConnectionException: java.net.ConnectException: Connection refused (Connection refused)
	at org.springframework.data.redis.core.DefaultListOperationsTests.testLeftPushAllCollection(DefaultListOperationsTests.java:226)
Caused by: java.net.ConnectException: Connection refused (Connection refused)
	at org.springframework.data.redis.core.DefaultListOperationsTests.testLeftPushAllCollection(DefaultListOperationsTests.java:226)
</error>
  </testcase>
  <testcase name="testLeftPushAllCollection[4]" classname="org.springframework.data.redis.core.DefaultListOperationsTests" time="0.003">
    <error message="Cannot get Jedis connection; nested exception is redis.clients.jedis.exceptions.JedisConnectionException: Could not get a resource from the pool" type="org.springframework.data.redis.RedisConnectionFailureException">org.springframework.data.redis.RedisConnectionFailureException: Cannot get Jedis connection; nested exception is redis.clients.jedis.exceptions.JedisConnectionException: Could not get a resource from the pool
	at org.springframework.data.redis.core.DefaultListOperationsTests.tearDown(DefaultListOperationsTests.java:85)
Caused by: redis.clients.jedis.exceptions.JedisConnectionException: Could not get a resource from the pool
	at org.springframework.data.redis.core.DefaultListOperationsTests.tearDown(DefaultListOperationsTests.java:85)
Caused by: redis.clients.jedis.exceptions.JedisConnectionException: java.net.ConnectException: Connection refused (Connection refused)
	at org.springframework.data.redis.core.DefaultListOperationsTests.tearDown(DefaultListOperationsTests.java:85)
Caused by: java.net.ConnectException: Connection refused (Connection refused)
	at org.springframework.data.redis.core.DefaultListOperationsTests.tearDown(DefaultListOperationsTests.java:85)
</error>
  </testcase>
  <testcase name="testRightPushIfPresent[4]" classname="org.springframework.data.redis.core.DefaultListOperationsTests" time="0.002">
    <error message="Cannot get Jedis connection; nested exception is redis.clients.jedis.exceptions.JedisConnectionException: Could not get a resource from the pool" type="org.springframework.data.redis.RedisConnectionFailureException">org.springframework.data.redis.RedisConnectionFailureException: Cannot get Jedis connection; nested exception is redis.clients.jedis.exceptions.JedisConnectionException: Could not get a resource from the pool
	at org.springframework.data.redis.core.DefaultListOperationsTests.testRightPushIfPresent(DefaultListOperationsTests.java:168)
Caused by: redis.clients.jedis.exceptions.JedisConnectionException: Could not get a resource from the pool
	at org.springframework.data.redis.core.DefaultListOperationsTests.testRightPushIfPresent(DefaultListOperationsTests.java:168)
Caused by: redis.clients.jedis.exceptions.JedisConnectionException: java.net.ConnectException: Connection refused (Connection refused)
	at org.springframework.data.redis.core.DefaultListOperationsTests.testRightPushIfPresent(DefaultListOperationsTests.java:168)
Caused by: java.net.ConnectException: Connection refused (Connection refused)
	at org.springframework.data.redis.core.DefaultListOperationsTests.testRightPushIfPresent(DefaultListOperationsTests.java:168)
</error>
  </testcase>
  <testcase name="testRightPushIfPresent[4]" classname="org.springframework.data.redis.core.DefaultListOperationsTests" time="0.003">
    <error message="Cannot get Jedis connection; nested exception is redis.clients.jedis.exceptions.JedisConnectionException: Could not get a resource from the pool" type="org.springframework.data.redis.RedisConnectionFailureException">org.springframework.data.redis.RedisConnectionFailureException: Cannot get Jedis connection; nested exception is redis.clients.jedis.exceptions.JedisConnectionException: Could not get a resource from the pool
	at org.springframework.data.redis.core.DefaultListOperationsTests.tearDown(DefaultListOperationsTests.java:85)
Caused by: redis.clients.jedis.exceptions.JedisConnectionException: Could not get a resource from the pool
	at org.springframework.data.redis.core.DefaultListOperationsTests.tearDown(DefaultListOperationsTests.java:85)
Caused by: redis.clients.jedis.exceptions.JedisConnectionException: java.net.ConnectException: Connection refused (Connection refused)
	at org.springframework.data.redis.core.DefaultListOperationsTests.tearDown(DefaultListOperationsTests.java:85)
Caused by: java.net.ConnectException: Connection refused (Connection refused)
	at org.springframework.data.redis.core.DefaultListOperationsTests.tearDown(DefaultListOperationsTests.java:85)
</error>
  </testcase>
  <testcase name="testRightPushAllCollection[4]" classname="org.springframework.data.redis.core.DefaultListOperationsTests" time="0.002">
    <error message="Cannot get Jedis connection; nested exception is redis.clients.jedis.exceptions.JedisConnectionException: Could not get a resource from the pool" type="org.springframework.data.redis.RedisConnectionFailureException">org.springframework.data.redis.RedisConnectionFailureException: Cannot get Jedis connection; nested exception is redis.clients.jedis.exceptions.JedisConnectionException: Could not get a resource from the pool
	at org.springframework.data.redis.core.DefaultListOperationsTests.testRightPushAllCollection(DefaultListOperationsTests.java:196)
Caused by: redis.clients.jedis.exceptions.JedisConnectionException: Could not get a resource from the pool
	at org.springframework.data.redis.core.DefaultListOperationsTests.testRightPushAllCollection(DefaultListOperationsTests.java:196)
Caused by: redis.clients.jedis.exceptions.JedisConnectionException: java.net.ConnectException: Connection refused (Connection refused)
	at org.springframework.data.redis.core.DefaultListOperationsTests.testRightPushAllCollection(DefaultListOperationsTests.java:196)
Caused by: java.net.ConnectException: Connection refused (Connection refused)
	at org.springframework.data.redis.core.DefaultListOperationsTests.testRightPushAllCollection(DefaultListOperationsTests.java:196)
</error>
  </testcase>
  <testcase name="testRightPushAllCollection[4]" classname="org.springframework.data.redis.core.DefaultListOperationsTests" time="0.003">
    <error message="Cannot get Jedis connection; nested exception is redis.clients.jedis.exceptions.JedisConnectionException: Could not get a resource from the pool" type="org.springframework.data.redis.RedisConnectionFailureException">org.springframework.data.redis.RedisConnectionFailureException: Cannot get Jedis connection; nested exception is redis.clients.jedis.exceptions.JedisConnectionException: Could not get a resource from the pool
	at org.springframework.data.redis.core.DefaultListOperationsTests.tearDown(DefaultListOperationsTests.java:85)
Caused by: redis.clients.jedis.exceptions.JedisConnectionException: Could not get a resource from the pool
	at org.springframework.data.redis.core.DefaultListOperationsTests.tearDown(DefaultListOperationsTests.java:85)
Caused by: redis.clients.jedis.exceptions.JedisConnectionException: java.net.ConnectException: Connection refused (Connection refused)
	at org.springframework.data.redis.core.DefaultListOperationsTests.tearDown(DefaultListOperationsTests.java:85)
Caused by: java.net.ConnectException: Connection refused (Connection refused)
	at org.springframework.data.redis.core.DefaultListOperationsTests.tearDown(DefaultListOperationsTests.java:85)
</error>
  </testcase>
  <testcase name="testRightPopAndLeftPush[4]" classname="org.springframework.data.redis.core.DefaultListOperationsTests" time="0.002">
    <error message="Cannot get Jedis connection; nested exception is redis.clients.jedis.exceptions.JedisConnectionException: Could not get a resource from the pool" type="org.springframework.data.redis.RedisConnectionFailureException">org.springframework.data.redis.RedisConnectionFailureException: Cannot get Jedis connection; nested exception is redis.clients.jedis.exceptions.JedisConnectionException: Could not get a resource from the pool
	at org.springframework.data.redis.core.DefaultListOperationsTests.testRightPopAndLeftPush(DefaultListOperationsTests.java:146)
Caused by: redis.clients.jedis.exceptions.JedisConnectionException: Could not get a resource from the pool
	at org.springframework.data.redis.core.DefaultListOperationsTests.testRightPopAndLeftPush(DefaultListOperationsTests.java:146)
Caused by: redis.clients.jedis.exceptions.JedisConnectionException: java.net.ConnectException: Connection refused (Connection refused)
	at org.springframework.data.redis.core.DefaultListOperationsTests.testRightPopAndLeftPush(DefaultListOperationsTests.java:146)
Caused by: java.net.ConnectException: Connection refused (Connection refused)
	at org.springframework.data.redis.core.DefaultListOperationsTests.testRightPopAndLeftPush(DefaultListOperationsTests.java:146)
</error>
  </testcase>
  <testcase name="testRightPopAndLeftPush[4]" classname="org.springframework.data.redis.core.DefaultListOperationsTests" time="0.003">
    <error message="Cannot get Jedis connection; nested exception is redis.clients.jedis.exceptions.JedisConnectionException: Could not get a resource from the pool" type="org.springframework.data.redis.RedisConnectionFailureException">org.springframework.data.redis.RedisConnectionFailureException: Cannot get Jedis connection; nested exception is redis.clients.jedis.exceptions.JedisConnectionException: Could not get a resource from the pool
	at org.springframework.data.redis.core.DefaultListOperationsTests.tearDown(DefaultListOperationsTests.java:85)
Caused by: redis.clients.jedis.exceptions.JedisConnectionException: Could not get a resource from the pool
	at org.springframework.data.redis.core.DefaultListOperationsTests.tearDown(DefaultListOperationsTests.java:85)
Caused by: redis.clients.jedis.exceptions.JedisConnectionException: java.net.ConnectException: Connection refused (Connection refused)
	at org.springframework.data.redis.core.DefaultListOperationsTests.tearDown(DefaultListOperationsTests.java:85)
Caused by: java.net.ConnectException: Connection refused (Connection refused)
	at org.springframework.data.redis.core.DefaultListOperationsTests.tearDown(DefaultListOperationsTests.java:85)
</error>
  </testcase>
  <testcase name="leftPushAllShouldThrowExceptionWhenCollectionContainsNullValue[4]" classname="org.springframework.data.redis.core.DefaultListOperationsTests" time="0.001">
    <error message="Cannot get Jedis connection; nested exception is redis.clients.jedis.exceptions.JedisConnectionException: Could not get a resource from the pool" type="org.springframework.data.redis.RedisConnectionFailureException">org.springframework.data.redis.RedisConnectionFailureException: Cannot get Jedis connection; nested exception is redis.clients.jedis.exceptions.JedisConnectionException: Could not get a resource from the pool
	at org.springframework.data.redis.core.DefaultListOperationsTests.tearDown(DefaultListOperationsTests.java:85)
Caused by: redis.clients.jedis.exceptions.JedisConnectionException: Could not get a resource from the pool
	at org.springframework.data.redis.core.DefaultListOperationsTests.tearDown(DefaultListOperationsTests.java:85)
Caused by: redis.clients.jedis.exceptions.JedisConnectionException: java.net.ConnectException: Connection refused (Connection refused)
	at org.springframework.data.redis.core.DefaultListOperationsTests.tearDown(DefaultListOperationsTests.java:85)
Caused by: java.net.ConnectException: Connection refused (Connection refused)
	at org.springframework.data.redis.core.DefaultListOperationsTests.tearDown(DefaultListOperationsTests.java:85)
</error>
  </testcase>
  <testcase name="rightPushAllShouldThrowExceptionWhenCalledWithNull[4]" classname="org.springframework.data.redis.core.DefaultListOperationsTests" time="0.001">
    <error message="Cannot get Jedis connection; nested exception is redis.clients.jedis.exceptions.JedisConnectionException: Could not get a resource from the pool" type="org.springframework.data.redis.RedisConnectionFailureException">org.springframework.data.redis.RedisConnectionFailureException: Cannot get Jedis connection; nested exception is redis.clients.jedis.exceptions.JedisConnectionException: Could not get a resource from the pool
	at org.springframework.data.redis.core.DefaultListOperationsTests.tearDown(DefaultListOperationsTests.java:85)
Caused by: redis.clients.jedis.exceptions.JedisConnectionException: Could not get a resource from the pool
	at org.springframework.data.redis.core.DefaultListOperationsTests.tearDown(DefaultListOperationsTests.java:85)
Caused by: redis.clients.jedis.exceptions.JedisConnectionException: java.net.ConnectException: Connection refused (Connection refused)
	at org.springframework.data.redis.core.DefaultListOperationsTests.tearDown(DefaultListOperationsTests.java:85)
Caused by: java.net.ConnectException: Connection refused (Connection refused)
	at org.springframework.data.redis.core.DefaultListOperationsTests.tearDown(DefaultListOperationsTests.java:85)
</error>
  </testcase>
  <testcase name="leftPushAllShouldThrowExceptionWhenCalledWithNull[4]" classname="org.springframework.data.redis.core.DefaultListOperationsTests" time="0.002">
    <error message="Cannot get Jedis connection; nested exception is redis.clients.jedis.exceptions.JedisConnectionException: Could not get a resource from the pool" type="org.springframework.data.redis.RedisConnectionFailureException">org.springframework.data.redis.RedisConnectionFailureException: Cannot get Jedis connection; nested exception is redis.clients.jedis.exceptions.JedisConnectionException: Could not get a resource from the pool
	at org.springframework.data.redis.core.DefaultListOperationsTests.tearDown(DefaultListOperationsTests.java:85)
Caused by: redis.clients.jedis.exceptions.JedisConnectionException: Could not get a resource from the pool
	at org.springframework.data.redis.core.DefaultListOperationsTests.tearDown(DefaultListOperationsTests.java:85)
Caused by: redis.clients.jedis.exceptions.JedisConnectionException: java.net.ConnectException: Connection refused (Connection refused)
	at org.springframework.data.redis.core.DefaultListOperationsTests.tearDown(DefaultListOperationsTests.java:85)
Caused by: java.net.ConnectException: Connection refused (Connection refused)
	at org.springframework.data.redis.core.DefaultListOperationsTests.tearDown(DefaultListOperationsTests.java:85)
</error>
  </testcase>
  <testcase name="leftPushAllShouldThrowExceptionWhenCalledWithEmptyCollection[4]" classname="org.springframework.data.redis.core.DefaultListOperationsTests" time="0.001">
    <error message="Cannot get Jedis connection; nested exception is redis.clients.jedis.exceptions.JedisConnectionException: Could not get a resource from the pool" type="org.springframework.data.redis.RedisConnectionFailureException">org.springframework.data.redis.RedisConnectionFailureException: Cannot get Jedis connection; nested exception is redis.clients.jedis.exceptions.JedisConnectionException: Could not get a resource from the pool
	at org.springframework.data.redis.core.DefaultListOperationsTests.tearDown(DefaultListOperationsTests.java:85)
Caused by: redis.clients.jedis.exceptions.JedisConnectionException: Could not get a resource from the pool
	at org.springframework.data.redis.core.DefaultListOperationsTests.tearDown(DefaultListOperationsTests.java:85)
Caused by: redis.clients.jedis.exceptions.JedisConnectionException: java.net.ConnectException: Connection refused (Connection refused)
	at org.springframework.data.redis.core.DefaultListOperationsTests.tearDown(DefaultListOperationsTests.java:85)
Caused by: java.net.ConnectException: Connection refused (Connection refused)
	at org.springframework.data.redis.core.DefaultListOperationsTests.tearDown(DefaultListOperationsTests.java:85)
</error>
  </testcase>
  <testcase name="testRightPopAndLeftPushTimeout[4]" classname="org.springframework.data.redis.core.DefaultListOperationsTests" time="0">
    <error message="Could not initialize class org.springframework.data.redis.RedisTestProfileValueSource" type="java.lang.NoClassDefFoundError">java.lang.NoClassDefFoundError: Could not initialize class org.springframework.data.redis.RedisTestProfileValueSource
	at org.springframework.data.redis.core.DefaultListOperationsTests.testRightPopAndLeftPushTimeout(DefaultListOperationsTests.java:132)
</error>
  </testcase>
  <testcase name="testRightPopAndLeftPushTimeout[4]" classname="org.springframework.data.redis.core.DefaultListOperationsTests" time="0.001">
    <error message="Cannot get Jedis connection; nested exception is redis.clients.jedis.exceptions.JedisConnectionException: Could not get a resource from the pool" type="org.springframework.data.redis.RedisConnectionFailureException">org.springframework.data.redis.RedisConnectionFailureException: Cannot get Jedis connection; nested exception is redis.clients.jedis.exceptions.JedisConnectionException: Could not get a resource from the pool
	at org.springframework.data.redis.core.DefaultListOperationsTests.tearDown(DefaultListOperationsTests.java:85)
Caused by: redis.clients.jedis.exceptions.JedisConnectionException: Could not get a resource from the pool
	at org.springframework.data.redis.core.DefaultListOperationsTests.tearDown(DefaultListOperationsTests.java:85)
Caused by: redis.clients.jedis.exceptions.JedisConnectionException: java.net.ConnectException: Connection refused (Connection refused)
	at org.springframework.data.redis.core.DefaultListOperationsTests.tearDown(DefaultListOperationsTests.java:85)
Caused by: java.net.ConnectException: Connection refused (Connection refused)
	at org.springframework.data.redis.core.DefaultListOperationsTests.tearDown(DefaultListOperationsTests.java:85)
</error>
  </testcase>
  <testcase name="testLeftPushWithPivot[4]" classname="org.springframework.data.redis.core.DefaultListOperationsTests" time="0.002">
    <error message="Cannot get Jedis connection; nested exception is redis.clients.jedis.exceptions.JedisConnectionException: Could not get a resource from the pool" type="org.springframework.data.redis.RedisConnectionFailureException">org.springframework.data.redis.RedisConnectionFailureException: Cannot get Jedis connection; nested exception is redis.clients.jedis.exceptions.JedisConnectionException: Could not get a resource from the pool
	at org.springframework.data.redis.core.DefaultListOperationsTests.testLeftPushWithPivot(DefaultListOperationsTests.java:100)
Caused by: redis.clients.jedis.exceptions.JedisConnectionException: Could not get a resource from the pool
	at org.springframework.data.redis.core.DefaultListOperationsTests.testLeftPushWithPivot(DefaultListOperationsTests.java:100)
Caused by: redis.clients.jedis.exceptions.JedisConnectionException: java.net.ConnectException: Connection refused (Connection refused)
	at org.springframework.data.redis.core.DefaultListOperationsTests.testLeftPushWithPivot(DefaultListOperationsTests.java:100)
Caused by: java.net.ConnectException: Connection refused (Connection refused)
	at org.springframework.data.redis.core.DefaultListOperationsTests.testLeftPushWithPivot(DefaultListOperationsTests.java:100)
</error>
    <system-out><![CDATA[Value1org.springframework.data.redis.Person@dde0eb23
Value2org.springframework.data.redis.Person@1e91f677
Value3org.springframework.data.redis.Person@dfd170a0
]]></system-out>
  </testcase>
  <testcase name="testLeftPushWithPivot[4]" classname="org.springframework.data.redis.core.DefaultListOperationsTests" time="0.003">
    <error message="Cannot get Jedis connection; nested exception is redis.clients.jedis.exceptions.JedisConnectionException: Could not get a resource from the pool" type="org.springframework.data.redis.RedisConnectionFailureException">org.springframework.data.redis.RedisConnectionFailureException: Cannot get Jedis connection; nested exception is redis.clients.jedis.exceptions.JedisConnectionException: Could not get a resource from the pool
	at org.springframework.data.redis.core.DefaultListOperationsTests.tearDown(DefaultListOperationsTests.java:85)
Caused by: redis.clients.jedis.exceptions.JedisConnectionException: Could not get a resource from the pool
	at org.springframework.data.redis.core.DefaultListOperationsTests.tearDown(DefaultListOperationsTests.java:85)
Caused by: redis.clients.jedis.exceptions.JedisConnectionException: java.net.ConnectException: Connection refused (Connection refused)
	at org.springframework.data.redis.core.DefaultListOperationsTests.tearDown(DefaultListOperationsTests.java:85)
Caused by: java.net.ConnectException: Connection refused (Connection refused)
	at org.springframework.data.redis.core.DefaultListOperationsTests.tearDown(DefaultListOperationsTests.java:85)
</error>
  </testcase>
  <testcase name="rightPushAllShouldThrowExceptionWhenCollectionContainsNullValue[5]" classname="org.springframework.data.redis.core.DefaultListOperationsTests" time="0.003">
    <error message="Cannot get Jedis connection; nested exception is redis.clients.jedis.exceptions.JedisConnectionException: Could not get a resource from the pool" type="org.springframework.data.redis.RedisConnectionFailureException">org.springframework.data.redis.RedisConnectionFailureException: Cannot get Jedis connection; nested exception is redis.clients.jedis.exceptions.JedisConnectionException: Could not get a resource from the pool
	at org.springframework.data.redis.core.DefaultListOperationsTests.tearDown(DefaultListOperationsTests.java:85)
Caused by: redis.clients.jedis.exceptions.JedisConnectionException: Could not get a resource from the pool
	at org.springframework.data.redis.core.DefaultListOperationsTests.tearDown(DefaultListOperationsTests.java:85)
Caused by: redis.clients.jedis.exceptions.JedisConnectionException: java.net.ConnectException: Connection refused (Connection refused)
	at org.springframework.data.redis.core.DefaultListOperationsTests.tearDown(DefaultListOperationsTests.java:85)
Caused by: java.net.ConnectException: Connection refused (Connection refused)
	at org.springframework.data.redis.core.DefaultListOperationsTests.tearDown(DefaultListOperationsTests.java:85)
</error>
  </testcase>
  <testcase name="testLeftPushAll[5]" classname="org.springframework.data.redis.core.DefaultListOperationsTests" time="0.003">
    <error message="Cannot get Jedis connection; nested exception is redis.clients.jedis.exceptions.JedisConnectionException: Could not get a resource from the pool" type="org.springframework.data.redis.RedisConnectionFailureException">org.springframework.data.redis.RedisConnectionFailureException: Cannot get Jedis connection; nested exception is redis.clients.jedis.exceptions.JedisConnectionException: Could not get a resource from the pool
	at org.springframework.data.redis.core.DefaultListOperationsTests.testLeftPushAll(DefaultListOperationsTests.java:124)
Caused by: redis.clients.jedis.exceptions.JedisConnectionException: Could not get a resource from the pool
	at org.springframework.data.redis.core.DefaultListOperationsTests.testLeftPushAll(DefaultListOperationsTests.java:124)
Caused by: redis.clients.jedis.exceptions.JedisConnectionException: java.net.ConnectException: Connection refused (Connection refused)
	at org.springframework.data.redis.core.DefaultListOperationsTests.testLeftPushAll(DefaultListOperationsTests.java:124)
Caused by: java.net.ConnectException: Connection refused (Connection refused)
	at org.springframework.data.redis.core.DefaultListOperationsTests.testLeftPushAll(DefaultListOperationsTests.java:124)
</error>
  </testcase>
  <testcase name="testLeftPushAll[5]" classname="org.springframework.data.redis.core.DefaultListOperationsTests" time="0.003">
    <error message="Cannot get Jedis connection; nested exception is redis.clients.jedis.exceptions.JedisConnectionException: Could not get a resource from the pool" type="org.springframework.data.redis.RedisConnectionFailureException">org.springframework.data.redis.RedisConnectionFailureException: Cannot get Jedis connection; nested exception is redis.clients.jedis.exceptions.JedisConnectionException: Could not get a resource from the pool
	at org.springframework.data.redis.core.DefaultListOperationsTests.tearDown(DefaultListOperationsTests.java:85)
Caused by: redis.clients.jedis.exceptions.JedisConnectionException: Could not get a resource from the pool
	at org.springframework.data.redis.core.DefaultListOperationsTests.tearDown(DefaultListOperationsTests.java:85)
Caused by: redis.clients.jedis.exceptions.JedisConnectionException: java.net.ConnectException: Connection refused (Connection refused)
	at org.springframework.data.redis.core.DefaultListOperationsTests.tearDown(DefaultListOperationsTests.java:85)
Caused by: java.net.ConnectException: Connection refused (Connection refused)
	at org.springframework.data.redis.core.DefaultListOperationsTests.tearDown(DefaultListOperationsTests.java:85)
</error>
  </testcase>
  <testcase name="rightPushAllShouldThrowExceptionWhenCalledWithEmptyCollection[5]" classname="org.springframework.data.redis.core.DefaultListOperationsTests" time="0.001">
    <error message="Cannot get Jedis connection; nested exception is redis.clients.jedis.exceptions.JedisConnectionException: Could not get a resource from the pool" type="org.springframework.data.redis.RedisConnectionFailureException">org.springframework.data.redis.RedisConnectionFailureException: Cannot get Jedis connection; nested exception is redis.clients.jedis.exceptions.JedisConnectionException: Could not get a resource from the pool
	at org.springframework.data.redis.core.DefaultListOperationsTests.tearDown(DefaultListOperationsTests.java:85)
Caused by: redis.clients.jedis.exceptions.JedisConnectionException: Could not get a resource from the pool
	at org.springframework.data.redis.core.DefaultListOperationsTests.tearDown(DefaultListOperationsTests.java:85)
Caused by: redis.clients.jedis.exceptions.JedisConnectionException: java.net.ConnectException: Connection refused (Connection refused)
	at org.springframework.data.redis.core.DefaultListOperationsTests.tearDown(DefaultListOperationsTests.java:85)
Caused by: java.net.ConnectException: Connection refused (Connection refused)
	at org.springframework.data.redis.core.DefaultListOperationsTests.tearDown(DefaultListOperationsTests.java:85)
</error>
  </testcase>
  <testcase name="testRightPushAll[5]" classname="org.springframework.data.redis.core.DefaultListOperationsTests" time="0.001">
    <error message="Cannot get Jedis connection; nested exception is redis.clients.jedis.exceptions.JedisConnectionException: Could not get a resource from the pool" type="org.springframework.data.redis.RedisConnectionFailureException">org.springframework.data.redis.RedisConnectionFailureException: Cannot get Jedis connection; nested exception is redis.clients.jedis.exceptions.JedisConnectionException: Could not get a resource from the pool
	at org.springframework.data.redis.core.DefaultListOperationsTests.testRightPushAll(DefaultListOperationsTests.java:181)
Caused by: redis.clients.jedis.exceptions.JedisConnectionException: Could not get a resource from the pool
	at org.springframework.data.redis.core.DefaultListOperationsTests.testRightPushAll(DefaultListOperationsTests.java:181)
Caused by: redis.clients.jedis.exceptions.JedisConnectionException: java.net.ConnectException: Connection refused (Connection refused)
	at org.springframework.data.redis.core.DefaultListOperationsTests.testRightPushAll(DefaultListOperationsTests.java:181)
Caused by: java.net.ConnectException: Connection refused (Connection refused)
	at org.springframework.data.redis.core.DefaultListOperationsTests.testRightPushAll(DefaultListOperationsTests.java:181)
</error>
  </testcase>
  <testcase name="testRightPushAll[5]" classname="org.springframework.data.redis.core.DefaultListOperationsTests" time="0.002">
    <error message="Cannot get Jedis connection; nested exception is redis.clients.jedis.exceptions.JedisConnectionException: Could not get a resource from the pool" type="org.springframework.data.redis.RedisConnectionFailureException">org.springframework.data.redis.RedisConnectionFailureException: Cannot get Jedis connection; nested exception is redis.clients.jedis.exceptions.JedisConnectionException: Could not get a resource from the pool
	at org.springframework.data.redis.core.DefaultListOperationsTests.tearDown(DefaultListOperationsTests.java:85)
Caused by: redis.clients.jedis.exceptions.JedisConnectionException: Could not get a resource from the pool
	at org.springframework.data.redis.core.DefaultListOperationsTests.tearDown(DefaultListOperationsTests.java:85)
Caused by: redis.clients.jedis.exceptions.JedisConnectionException: java.net.ConnectException: Connection refused (Connection refused)
	at org.springframework.data.redis.core.DefaultListOperationsTests.tearDown(DefaultListOperationsTests.java:85)
Caused by: java.net.ConnectException: Connection refused (Connection refused)
	at org.springframework.data.redis.core.DefaultListOperationsTests.tearDown(DefaultListOperationsTests.java:85)
</error>
  </testcase>
  <testcase name="testRightPushWithPivot[5]" classname="org.springframework.data.redis.core.DefaultListOperationsTests" time="0.001">
    <error message="Cannot get Jedis connection; nested exception is redis.clients.jedis.exceptions.JedisConnectionException: Could not get a resource from the pool" type="org.springframework.data.redis.RedisConnectionFailureException">org.springframework.data.redis.RedisConnectionFailureException: Cannot get Jedis connection; nested exception is redis.clients.jedis.exceptions.JedisConnectionException: Could not get a resource from the pool
	at org.springframework.data.redis.core.DefaultListOperationsTests.testRightPushWithPivot(DefaultListOperationsTests.java:157)
Caused by: redis.clients.jedis.exceptions.JedisConnectionException: Could not get a resource from the pool
	at org.springframework.data.redis.core.DefaultListOperationsTests.testRightPushWithPivot(DefaultListOperationsTests.java:157)
Caused by: redis.clients.jedis.exceptions.JedisConnectionException: java.net.ConnectException: Connection refused (Connection refused)
	at org.springframework.data.redis.core.DefaultListOperationsTests.testRightPushWithPivot(DefaultListOperationsTests.java:157)
Caused by: java.net.ConnectException: Connection refused (Connection refused)
	at org.springframework.data.redis.core.DefaultListOperationsTests.testRightPushWithPivot(DefaultListOperationsTests.java:157)
</error>
  </testcase>
  <testcase name="testRightPushWithPivot[5]" classname="org.springframework.data.redis.core.DefaultListOperationsTests" time="0.002">
    <error message="Cannot get Jedis connection; nested exception is redis.clients.jedis.exceptions.JedisConnectionException: Could not get a resource from the pool" type="org.springframework.data.redis.RedisConnectionFailureException">org.springframework.data.redis.RedisConnectionFailureException: Cannot get Jedis connection; nested exception is redis.clients.jedis.exceptions.JedisConnectionException: Could not get a resource from the pool
	at org.springframework.data.redis.core.DefaultListOperationsTests.tearDown(DefaultListOperationsTests.java:85)
Caused by: redis.clients.jedis.exceptions.JedisConnectionException: Could not get a resource from the pool
	at org.springframework.data.redis.core.DefaultListOperationsTests.tearDown(DefaultListOperationsTests.java:85)
Caused by: redis.clients.jedis.exceptions.JedisConnectionException: java.net.ConnectException: Connection refused (Connection refused)
	at org.springframework.data.redis.core.DefaultListOperationsTests.tearDown(DefaultListOperationsTests.java:85)
Caused by: java.net.ConnectException: Connection refused (Connection refused)
	at org.springframework.data.redis.core.DefaultListOperationsTests.tearDown(DefaultListOperationsTests.java:85)
</error>
  </testcase>
  <testcase name="testLeftPushIfPresent[5]" classname="org.springframework.data.redis.core.DefaultListOperationsTests" time="0.002">
    <error message="Cannot get Jedis connection; nested exception is redis.clients.jedis.exceptions.JedisConnectionException: Could not get a resource from the pool" type="org.springframework.data.redis.RedisConnectionFailureException">org.springframework.data.redis.RedisConnectionFailureException: Cannot get Jedis connection; nested exception is redis.clients.jedis.exceptions.JedisConnectionException: Could not get a resource from the pool
	at org.springframework.data.redis.core.DefaultListOperationsTests.testLeftPushIfPresent(DefaultListOperationsTests.java:111)
Caused by: redis.clients.jedis.exceptions.JedisConnectionException: Could not get a resource from the pool
	at org.springframework.data.redis.core.DefaultListOperationsTests.testLeftPushIfPresent(DefaultListOperationsTests.java:111)
Caused by: redis.clients.jedis.exceptions.JedisConnectionException: java.net.ConnectException: Connection refused (Connection refused)
	at org.springframework.data.redis.core.DefaultListOperationsTests.testLeftPushIfPresent(DefaultListOperationsTests.java:111)
Caused by: java.net.ConnectException: Connection refused (Connection refused)
	at org.springframework.data.redis.core.DefaultListOperationsTests.testLeftPushIfPresent(DefaultListOperationsTests.java:111)
</error>
  </testcase>
  <testcase name="testLeftPushIfPresent[5]" classname="org.springframework.data.redis.core.DefaultListOperationsTests" time="0.002">
    <error message="Cannot get Jedis connection; nested exception is redis.clients.jedis.exceptions.JedisConnectionException: Could not get a resource from the pool" type="org.springframework.data.redis.RedisConnectionFailureException">org.springframework.data.redis.RedisConnectionFailureException: Cannot get Jedis connection; nested exception is redis.clients.jedis.exceptions.JedisConnectionException: Could not get a resource from the pool
	at org.springframework.data.redis.core.DefaultListOperationsTests.tearDown(DefaultListOperationsTests.java:85)
Caused by: redis.clients.jedis.exceptions.JedisConnectionException: Could not get a resource from the pool
	at org.springframework.data.redis.core.DefaultListOperationsTests.tearDown(DefaultListOperationsTests.java:85)
Caused by: redis.clients.jedis.exceptions.JedisConnectionException: java.net.ConnectException: Connection refused (Connection refused)
	at org.springframework.data.redis.core.DefaultListOperationsTests.tearDown(DefaultListOperationsTests.java:85)
Caused by: java.net.ConnectException: Connection refused (Connection refused)
	at org.springframework.data.redis.core.DefaultListOperationsTests.tearDown(DefaultListOperationsTests.java:85)
</error>
  </testcase>
  <testcase name="testLeftPushAllCollection[5]" classname="org.springframework.data.redis.core.DefaultListOperationsTests" time="0.003">
    <error message="Cannot get Jedis connection; nested exception is redis.clients.jedis.exceptions.JedisConnectionException: Could not get a resource from the pool" type="org.springframework.data.redis.RedisConnectionFailureException">org.springframework.data.redis.RedisConnectionFailureException: Cannot get Jedis connection; nested exception is redis.clients.jedis.exceptions.JedisConnectionException: Could not get a resource from the pool
	at org.springframework.data.redis.core.DefaultListOperationsTests.testLeftPushAllCollection(DefaultListOperationsTests.java:226)
Caused by: redis.clients.jedis.exceptions.JedisConnectionException: Could not get a resource from the pool
	at org.springframework.data.redis.core.DefaultListOperationsTests.testLeftPushAllCollection(DefaultListOperationsTests.java:226)
Caused by: redis.clients.jedis.exceptions.JedisConnectionException: java.net.ConnectException: Connection refused (Connection refused)
	at org.springframework.data.redis.core.DefaultListOperationsTests.testLeftPushAllCollection(DefaultListOperationsTests.java:226)
Caused by: java.net.ConnectException: Connection refused (Connection refused)
	at org.springframework.data.redis.core.DefaultListOperationsTests.testLeftPushAllCollection(DefaultListOperationsTests.java:226)
</error>
  </testcase>
  <testcase name="testLeftPushAllCollection[5]" classname="org.springframework.data.redis.core.DefaultListOperationsTests" time="0.003">
    <error message="Cannot get Jedis connection; nested exception is redis.clients.jedis.exceptions.JedisConnectionException: Could not get a resource from the pool" type="org.springframework.data.redis.RedisConnectionFailureException">org.springframework.data.redis.RedisConnectionFailureException: Cannot get Jedis connection; nested exception is redis.clients.jedis.exceptions.JedisConnectionException: Could not get a resource from the pool
	at org.springframework.data.redis.core.DefaultListOperationsTests.tearDown(DefaultListOperationsTests.java:85)
Caused by: redis.clients.jedis.exceptions.JedisConnectionException: Could not get a resource from the pool
	at org.springframework.data.redis.core.DefaultListOperationsTests.tearDown(DefaultListOperationsTests.java:85)
Caused by: redis.clients.jedis.exceptions.JedisConnectionException: java.net.ConnectException: Connection refused (Connection refused)
	at org.springframework.data.redis.core.DefaultListOperationsTests.tearDown(DefaultListOperationsTests.java:85)
Caused by: java.net.ConnectException: Connection refused (Connection refused)
	at org.springframework.data.redis.core.DefaultListOperationsTests.tearDown(DefaultListOperationsTests.java:85)
</error>
  </testcase>
  <testcase name="testRightPushIfPresent[5]" classname="org.springframework.data.redis.core.DefaultListOperationsTests" time="0.002">
    <error message="Cannot get Jedis connection; nested exception is redis.clients.jedis.exceptions.JedisConnectionException: Could not get a resource from the pool" type="org.springframework.data.redis.RedisConnectionFailureException">org.springframework.data.redis.RedisConnectionFailureException: Cannot get Jedis connection; nested exception is redis.clients.jedis.exceptions.JedisConnectionException: Could not get a resource from the pool
	at org.springframework.data.redis.core.DefaultListOperationsTests.testRightPushIfPresent(DefaultListOperationsTests.java:168)
Caused by: redis.clients.jedis.exceptions.JedisConnectionException: Could not get a resource from the pool
	at org.springframework.data.redis.core.DefaultListOperationsTests.testRightPushIfPresent(DefaultListOperationsTests.java:168)
Caused by: redis.clients.jedis.exceptions.JedisConnectionException: java.net.ConnectException: Connection refused (Connection refused)
	at org.springframework.data.redis.core.DefaultListOperationsTests.testRightPushIfPresent(DefaultListOperationsTests.java:168)
Caused by: java.net.ConnectException: Connection refused (Connection refused)
	at org.springframework.data.redis.core.DefaultListOperationsTests.testRightPushIfPresent(DefaultListOperationsTests.java:168)
</error>
  </testcase>
  <testcase name="testRightPushIfPresent[5]" classname="org.springframework.data.redis.core.DefaultListOperationsTests" time="0.002">
    <error message="Cannot get Jedis connection; nested exception is redis.clients.jedis.exceptions.JedisConnectionException: Could not get a resource from the pool" type="org.springframework.data.redis.RedisConnectionFailureException">org.springframework.data.redis.RedisConnectionFailureException: Cannot get Jedis connection; nested exception is redis.clients.jedis.exceptions.JedisConnectionException: Could not get a resource from the pool
	at org.springframework.data.redis.core.DefaultListOperationsTests.tearDown(DefaultListOperationsTests.java:85)
Caused by: redis.clients.jedis.exceptions.JedisConnectionException: Could not get a resource from the pool
	at org.springframework.data.redis.core.DefaultListOperationsTests.tearDown(DefaultListOperationsTests.java:85)
Caused by: redis.clients.jedis.exceptions.JedisConnectionException: java.net.ConnectException: Connection refused (Connection refused)
	at org.springframework.data.redis.core.DefaultListOperationsTests.tearDown(DefaultListOperationsTests.java:85)
Caused by: java.net.ConnectException: Connection refused (Connection refused)
	at org.springframework.data.redis.core.DefaultListOperationsTests.tearDown(DefaultListOperationsTests.java:85)
</error>
  </testcase>
  <testcase name="testRightPushAllCollection[5]" classname="org.springframework.data.redis.core.DefaultListOperationsTests" time="0.002">
    <error message="Cannot get Jedis connection; nested exception is redis.clients.jedis.exceptions.JedisConnectionException: Could not get a resource from the pool" type="org.springframework.data.redis.RedisConnectionFailureException">org.springframework.data.redis.RedisConnectionFailureException: Cannot get Jedis connection; nested exception is redis.clients.jedis.exceptions.JedisConnectionException: Could not get a resource from the pool
	at org.springframework.data.redis.core.DefaultListOperationsTests.testRightPushAllCollection(DefaultListOperationsTests.java:196)
Caused by: redis.clients.jedis.exceptions.JedisConnectionException: Could not get a resource from the pool
	at org.springframework.data.redis.core.DefaultListOperationsTests.testRightPushAllCollection(DefaultListOperationsTests.java:196)
Caused by: redis.clients.jedis.exceptions.JedisConnectionException: java.net.ConnectException: Connection refused (Connection refused)
	at org.springframework.data.redis.core.DefaultListOperationsTests.testRightPushAllCollection(DefaultListOperationsTests.java:196)
Caused by: java.net.ConnectException: Connection refused (Connection refused)
	at org.springframework.data.redis.core.DefaultListOperationsTests.testRightPushAllCollection(DefaultListOperationsTests.java:196)
</error>
  </testcase>
  <testcase name="testRightPushAllCollection[5]" classname="org.springframework.data.redis.core.DefaultListOperationsTests" time="0.003">
    <error message="Cannot get Jedis connection; nested exception is redis.clients.jedis.exceptions.JedisConnectionException: Could not get a resource from the pool" type="org.springframework.data.redis.RedisConnectionFailureException">org.springframework.data.redis.RedisConnectionFailureException: Cannot get Jedis connection; nested exception is redis.clients.jedis.exceptions.JedisConnectionException: Could not get a resource from the pool
	at org.springframework.data.redis.core.DefaultListOperationsTests.tearDown(DefaultListOperationsTests.java:85)
Caused by: redis.clients.jedis.exceptions.JedisConnectionException: Could not get a resource from the pool
	at org.springframework.data.redis.core.DefaultListOperationsTests.tearDown(DefaultListOperationsTests.java:85)
Caused by: redis.clients.jedis.exceptions.JedisConnectionException: java.net.ConnectException: Connection refused (Connection refused)
	at org.springframework.data.redis.core.DefaultListOperationsTests.tearDown(DefaultListOperationsTests.java:85)
Caused by: java.net.ConnectException: Connection refused (Connection refused)
	at org.springframework.data.redis.core.DefaultListOperationsTests.tearDown(DefaultListOperationsTests.java:85)
</error>
  </testcase>
  <testcase name="testRightPopAndLeftPush[5]" classname="org.springframework.data.redis.core.DefaultListOperationsTests" time="0.001">
    <error message="Cannot get Jedis connection; nested exception is redis.clients.jedis.exceptions.JedisConnectionException: Could not get a resource from the pool" type="org.springframework.data.redis.RedisConnectionFailureException">org.springframework.data.redis.RedisConnectionFailureException: Cannot get Jedis connection; nested exception is redis.clients.jedis.exceptions.JedisConnectionException: Could not get a resource from the pool
	at org.springframework.data.redis.core.DefaultListOperationsTests.testRightPopAndLeftPush(DefaultListOperationsTests.java:146)
Caused by: redis.clients.jedis.exceptions.JedisConnectionException: Could not get a resource from the pool
	at org.springframework.data.redis.core.DefaultListOperationsTests.testRightPopAndLeftPush(DefaultListOperationsTests.java:146)
Caused by: redis.clients.jedis.exceptions.JedisConnectionException: java.net.ConnectException: Connection refused (Connection refused)
	at org.springframework.data.redis.core.DefaultListOperationsTests.testRightPopAndLeftPush(DefaultListOperationsTests.java:146)
Caused by: java.net.ConnectException: Connection refused (Connection refused)
	at org.springframework.data.redis.core.DefaultListOperationsTests.testRightPopAndLeftPush(DefaultListOperationsTests.java:146)
</error>
  </testcase>
  <testcase name="testRightPopAndLeftPush[5]" classname="org.springframework.data.redis.core.DefaultListOperationsTests" time="0.002">
    <error message="Cannot get Jedis connection; nested exception is redis.clients.jedis.exceptions.JedisConnectionException: Could not get a resource from the pool" type="org.springframework.data.redis.RedisConnectionFailureException">org.springframework.data.redis.RedisConnectionFailureException: Cannot get Jedis connection; nested exception is redis.clients.jedis.exceptions.JedisConnectionException: Could not get a resource from the pool
	at org.springframework.data.redis.core.DefaultListOperationsTests.tearDown(DefaultListOperationsTests.java:85)
Caused by: redis.clients.jedis.exceptions.JedisConnectionException: Could not get a resource from the pool
	at org.springframework.data.redis.core.DefaultListOperationsTests.tearDown(DefaultListOperationsTests.java:85)
Caused by: redis.clients.jedis.exceptions.JedisConnectionException: java.net.ConnectException: Connection refused (Connection refused)
	at org.springframework.data.redis.core.DefaultListOperationsTests.tearDown(DefaultListOperationsTests.java:85)
Caused by: java.net.ConnectException: Connection refused (Connection refused)
	at org.springframework.data.redis.core.DefaultListOperationsTests.tearDown(DefaultListOperationsTests.java:85)
</error>
  </testcase>
  <testcase name="leftPushAllShouldThrowExceptionWhenCollectionContainsNullValue[5]" classname="org.springframework.data.redis.core.DefaultListOperationsTests" time="0.001">
    <error message="Cannot get Jedis connection; nested exception is redis.clients.jedis.exceptions.JedisConnectionException: Could not get a resource from the pool" type="org.springframework.data.redis.RedisConnectionFailureException">org.springframework.data.redis.RedisConnectionFailureException: Cannot get Jedis connection; nested exception is redis.clients.jedis.exceptions.JedisConnectionException: Could not get a resource from the pool
	at org.springframework.data.redis.core.DefaultListOperationsTests.tearDown(DefaultListOperationsTests.java:85)
Caused by: redis.clients.jedis.exceptions.JedisConnectionException: Could not get a resource from the pool
	at org.springframework.data.redis.core.DefaultListOperationsTests.tearDown(DefaultListOperationsTests.java:85)
Caused by: redis.clients.jedis.exceptions.JedisConnectionException: java.net.ConnectException: Connection refused (Connection refused)
	at org.springframework.data.redis.core.DefaultListOperationsTests.tearDown(DefaultListOperationsTests.java:85)
Caused by: java.net.ConnectException: Connection refused (Connection refused)
	at org.springframework.data.redis.core.DefaultListOperationsTests.tearDown(DefaultListOperationsTests.java:85)
</error>
  </testcase>
  <testcase name="rightPushAllShouldThrowExceptionWhenCalledWithNull[5]" classname="org.springframework.data.redis.core.DefaultListOperationsTests" time="0.001">
    <error message="Cannot get Jedis connection; nested exception is redis.clients.jedis.exceptions.JedisConnectionException: Could not get a resource from the pool" type="org.springframework.data.redis.RedisConnectionFailureException">org.springframework.data.redis.RedisConnectionFailureException: Cannot get Jedis connection; nested exception is redis.clients.jedis.exceptions.JedisConnectionException: Could not get a resource from the pool
	at org.springframework.data.redis.core.DefaultListOperationsTests.tearDown(DefaultListOperationsTests.java:85)
Caused by: redis.clients.jedis.exceptions.JedisConnectionException: Could not get a resource from the pool
	at org.springframework.data.redis.core.DefaultListOperationsTests.tearDown(DefaultListOperationsTests.java:85)
Caused by: redis.clients.jedis.exceptions.JedisConnectionException: java.net.ConnectException: Connection refused (Connection refused)
	at org.springframework.data.redis.core.DefaultListOperationsTests.tearDown(DefaultListOperationsTests.java:85)
Caused by: java.net.ConnectException: Connection refused (Connection refused)
	at org.springframework.data.redis.core.DefaultListOperationsTests.tearDown(DefaultListOperationsTests.java:85)
</error>
  </testcase>
  <testcase name="leftPushAllShouldThrowExceptionWhenCalledWithNull[5]" classname="org.springframework.data.redis.core.DefaultListOperationsTests" time="0.001">
    <error message="Cannot get Jedis connection; nested exception is redis.clients.jedis.exceptions.JedisConnectionException: Could not get a resource from the pool" type="org.springframework.data.redis.RedisConnectionFailureException">org.springframework.data.redis.RedisConnectionFailureException: Cannot get Jedis connection; nested exception is redis.clients.jedis.exceptions.JedisConnectionException: Could not get a resource from the pool
	at org.springframework.data.redis.core.DefaultListOperationsTests.tearDown(DefaultListOperationsTests.java:85)
Caused by: redis.clients.jedis.exceptions.JedisConnectionException: Could not get a resource from the pool
	at org.springframework.data.redis.core.DefaultListOperationsTests.tearDown(DefaultListOperationsTests.java:85)
Caused by: redis.clients.jedis.exceptions.JedisConnectionException: java.net.ConnectException: Connection refused (Connection refused)
	at org.springframework.data.redis.core.DefaultListOperationsTests.tearDown(DefaultListOperationsTests.java:85)
Caused by: java.net.ConnectException: Connection refused (Connection refused)
	at org.springframework.data.redis.core.DefaultListOperationsTests.tearDown(DefaultListOperationsTests.java:85)
</error>
  </testcase>
  <testcase name="leftPushAllShouldThrowExceptionWhenCalledWithEmptyCollection[5]" classname="org.springframework.data.redis.core.DefaultListOperationsTests" time="0.001">
    <error message="Cannot get Jedis connection; nested exception is redis.clients.jedis.exceptions.JedisConnectionException: Could not get a resource from the pool" type="org.springframework.data.redis.RedisConnectionFailureException">org.springframework.data.redis.RedisConnectionFailureException: Cannot get Jedis connection; nested exception is redis.clients.jedis.exceptions.JedisConnectionException: Could not get a resource from the pool
	at org.springframework.data.redis.core.DefaultListOperationsTests.tearDown(DefaultListOperationsTests.java:85)
Caused by: redis.clients.jedis.exceptions.JedisConnectionException: Could not get a resource from the pool
	at org.springframework.data.redis.core.DefaultListOperationsTests.tearDown(DefaultListOperationsTests.java:85)
Caused by: redis.clients.jedis.exceptions.JedisConnectionException: java.net.ConnectException: Connection refused (Connection refused)
	at org.springframework.data.redis.core.DefaultListOperationsTests.tearDown(DefaultListOperationsTests.java:85)
Caused by: java.net.ConnectException: Connection refused (Connection refused)
	at org.springframework.data.redis.core.DefaultListOperationsTests.tearDown(DefaultListOperationsTests.java:85)
</error>
  </testcase>
  <testcase name="testRightPopAndLeftPushTimeout[5]" classname="org.springframework.data.redis.core.DefaultListOperationsTests" time="0">
    <error message="Could not initialize class org.springframework.data.redis.RedisTestProfileValueSource" type="java.lang.NoClassDefFoundError">java.lang.NoClassDefFoundError: Could not initialize class org.springframework.data.redis.RedisTestProfileValueSource
	at org.springframework.data.redis.core.DefaultListOperationsTests.testRightPopAndLeftPushTimeout(DefaultListOperationsTests.java:132)
</error>
  </testcase>
  <testcase name="testRightPopAndLeftPushTimeout[5]" classname="org.springframework.data.redis.core.DefaultListOperationsTests" time="0.001">
    <error message="Cannot get Jedis connection; nested exception is redis.clients.jedis.exceptions.JedisConnectionException: Could not get a resource from the pool" type="org.springframework.data.redis.RedisConnectionFailureException">org.springframework.data.redis.RedisConnectionFailureException: Cannot get Jedis connection; nested exception is redis.clients.jedis.exceptions.JedisConnectionException: Could not get a resource from the pool
	at org.springframework.data.redis.core.DefaultListOperationsTests.tearDown(DefaultListOperationsTests.java:85)
Caused by: redis.clients.jedis.exceptions.JedisConnectionException: Could not get a resource from the pool
	at org.springframework.data.redis.core.DefaultListOperationsTests.tearDown(DefaultListOperationsTests.java:85)
Caused by: redis.clients.jedis.exceptions.JedisConnectionException: java.net.ConnectException: Connection refused (Connection refused)
	at org.springframework.data.redis.core.DefaultListOperationsTests.tearDown(DefaultListOperationsTests.java:85)
Caused by: java.net.ConnectException: Connection refused (Connection refused)
	at org.springframework.data.redis.core.DefaultListOperationsTests.tearDown(DefaultListOperationsTests.java:85)
</error>
  </testcase>
  <testcase name="testLeftPushWithPivot[5]" classname="org.springframework.data.redis.core.DefaultListOperationsTests" time="0.002">
    <error message="Cannot get Jedis connection; nested exception is redis.clients.jedis.exceptions.JedisConnectionException: Could not get a resource from the pool" type="org.springframework.data.redis.RedisConnectionFailureException">org.springframework.data.redis.RedisConnectionFailureException: Cannot get Jedis connection; nested exception is redis.clients.jedis.exceptions.JedisConnectionException: Could not get a resource from the pool
	at org.springframework.data.redis.core.DefaultListOperationsTests.testLeftPushWithPivot(DefaultListOperationsTests.java:100)
Caused by: redis.clients.jedis.exceptions.JedisConnectionException: Could not get a resource from the pool
	at org.springframework.data.redis.core.DefaultListOperationsTests.testLeftPushWithPivot(DefaultListOperationsTests.java:100)
Caused by: redis.clients.jedis.exceptions.JedisConnectionException: java.net.ConnectException: Connection refused (Connection refused)
	at org.springframework.data.redis.core.DefaultListOperationsTests.testLeftPushWithPivot(DefaultListOperationsTests.java:100)
Caused by: java.net.ConnectException: Connection refused (Connection refused)
	at org.springframework.data.redis.core.DefaultListOperationsTests.testLeftPushWithPivot(DefaultListOperationsTests.java:100)
</error>
    <system-out><![CDATA[Value171c8702c-464d-4144-ada7-f07964b43c9c
Value244daa26e-c922-478c-9b7d-bbcf092ae73d
Value3eca07db9-3ba4-4a91-89a3-c2eaa0788dd8
]]></system-out>
  </testcase>
  <testcase name="testLeftPushWithPivot[5]" classname="org.springframework.data.redis.core.DefaultListOperationsTests" time="0.002">
    <error message="Cannot get Jedis connection; nested exception is redis.clients.jedis.exceptions.JedisConnectionException: Could not get a resource from the pool" type="org.springframework.data.redis.RedisConnectionFailureException">org.springframework.data.redis.RedisConnectionFailureException: Cannot get Jedis connection; nested exception is redis.clients.jedis.exceptions.JedisConnectionException: Could not get a resource from the pool
	at org.springframework.data.redis.core.DefaultListOperationsTests.tearDown(DefaultListOperationsTests.java:85)
Caused by: redis.clients.jedis.exceptions.JedisConnectionException: Could not get a resource from the pool
	at org.springframework.data.redis.core.DefaultListOperationsTests.tearDown(DefaultListOperationsTests.java:85)
Caused by: redis.clients.jedis.exceptions.JedisConnectionException: java.net.ConnectException: Connection refused (Connection refused)
	at org.springframework.data.redis.core.DefaultListOperationsTests.tearDown(DefaultListOperationsTests.java:85)
Caused by: java.net.ConnectException: Connection refused (Connection refused)
	at org.springframework.data.redis.core.DefaultListOperationsTests.tearDown(DefaultListOperationsTests.java:85)
</error>
  </testcase>
  <testcase name="rightPushAllShouldThrowExceptionWhenCollectionContainsNullValue[6]" classname="org.springframework.data.redis.core.DefaultListOperationsTests" time="0.001">
    <error message="Cannot get Jedis connection; nested exception is redis.clients.jedis.exceptions.JedisConnectionException: Could not get a resource from the pool" type="org.springframework.data.redis.RedisConnectionFailureException">org.springframework.data.redis.RedisConnectionFailureException: Cannot get Jedis connection; nested exception is redis.clients.jedis.exceptions.JedisConnectionException: Could not get a resource from the pool
	at org.springframework.data.redis.core.DefaultListOperationsTests.tearDown(DefaultListOperationsTests.java:85)
Caused by: redis.clients.jedis.exceptions.JedisConnectionException: Could not get a resource from the pool
	at org.springframework.data.redis.core.DefaultListOperationsTests.tearDown(DefaultListOperationsTests.java:85)
Caused by: redis.clients.jedis.exceptions.JedisConnectionException: java.net.ConnectException: Connection refused (Connection refused)
	at org.springframework.data.redis.core.DefaultListOperationsTests.tearDown(DefaultListOperationsTests.java:85)
Caused by: java.net.ConnectException: Connection refused (Connection refused)
	at org.springframework.data.redis.core.DefaultListOperationsTests.tearDown(DefaultListOperationsTests.java:85)
</error>
  </testcase>
  <testcase name="testLeftPushAll[6]" classname="org.springframework.data.redis.core.DefaultListOperationsTests" time="0.004">
    <error message="Cannot get Jedis connection; nested exception is redis.clients.jedis.exceptions.JedisConnectionException: Could not get a resource from the pool" type="org.springframework.data.redis.RedisConnectionFailureException">org.springframework.data.redis.RedisConnectionFailureException: Cannot get Jedis connection; nested exception is redis.clients.jedis.exceptions.JedisConnectionException: Could not get a resource from the pool
	at org.springframework.data.redis.core.DefaultListOperationsTests.testLeftPushAll(DefaultListOperationsTests.java:124)
Caused by: redis.clients.jedis.exceptions.JedisConnectionException: Could not get a resource from the pool
	at org.springframework.data.redis.core.DefaultListOperationsTests.testLeftPushAll(DefaultListOperationsTests.java:124)
Caused by: redis.clients.jedis.exceptions.JedisConnectionException: java.net.ConnectException: Connection refused (Connection refused)
	at org.springframework.data.redis.core.DefaultListOperationsTests.testLeftPushAll(DefaultListOperationsTests.java:124)
Caused by: java.net.ConnectException: Connection refused (Connection refused)
	at org.springframework.data.redis.core.DefaultListOperationsTests.testLeftPushAll(DefaultListOperationsTests.java:124)
</error>
  </testcase>
  <testcase name="testLeftPushAll[6]" classname="org.springframework.data.redis.core.DefaultListOperationsTests" time="0.004">
    <error message="Cannot get Jedis connection; nested exception is redis.clients.jedis.exceptions.JedisConnectionException: Could not get a resource from the pool" type="org.springframework.data.redis.RedisConnectionFailureException">org.springframework.data.redis.RedisConnectionFailureException: Cannot get Jedis connection; nested exception is redis.clients.jedis.exceptions.JedisConnectionException: Could not get a resource from the pool
	at org.springframework.data.redis.core.DefaultListOperationsTests.tearDown(DefaultListOperationsTests.java:85)
Caused by: redis.clients.jedis.exceptions.JedisConnectionException: Could not get a resource from the pool
	at org.springframework.data.redis.core.DefaultListOperationsTests.tearDown(DefaultListOperationsTests.java:85)
Caused by: redis.clients.jedis.exceptions.JedisConnectionException: java.net.ConnectException: Connection refused (Connection refused)
	at org.springframework.data.redis.core.DefaultListOperationsTests.tearDown(DefaultListOperationsTests.java:85)
Caused by: java.net.ConnectException: Connection refused (Connection refused)
	at org.springframework.data.redis.core.DefaultListOperationsTests.tearDown(DefaultListOperationsTests.java:85)
</error>
  </testcase>
  <testcase name="rightPushAllShouldThrowExceptionWhenCalledWithEmptyCollection[6]" classname="org.springframework.data.redis.core.DefaultListOperationsTests" time="0.001">
    <error message="Cannot get Jedis connection; nested exception is redis.clients.jedis.exceptions.JedisConnectionException: Could not get a resource from the pool" type="org.springframework.data.redis.RedisConnectionFailureException">org.springframework.data.redis.RedisConnectionFailureException: Cannot get Jedis connection; nested exception is redis.clients.jedis.exceptions.JedisConnectionException: Could not get a resource from the pool
	at org.springframework.data.redis.core.DefaultListOperationsTests.tearDown(DefaultListOperationsTests.java:85)
Caused by: redis.clients.jedis.exceptions.JedisConnectionException: Could not get a resource from the pool
	at org.springframework.data.redis.core.DefaultListOperationsTests.tearDown(DefaultListOperationsTests.java:85)
Caused by: redis.clients.jedis.exceptions.JedisConnectionException: java.net.ConnectException: Connection refused (Connection refused)
	at org.springframework.data.redis.core.DefaultListOperationsTests.tearDown(DefaultListOperationsTests.java:85)
Caused by: java.net.ConnectException: Connection refused (Connection refused)
	at org.springframework.data.redis.core.DefaultListOperationsTests.tearDown(DefaultListOperationsTests.java:85)
</error>
  </testcase>
  <testcase name="testRightPushAll[6]" classname="org.springframework.data.redis.core.DefaultListOperationsTests" time="0.003">
    <error message="Cannot get Jedis connection; nested exception is redis.clients.jedis.exceptions.JedisConnectionException: Could not get a resource from the pool" type="org.springframework.data.redis.RedisConnectionFailureException">org.springframework.data.redis.RedisConnectionFailureException: Cannot get Jedis connection; nested exception is redis.clients.jedis.exceptions.JedisConnectionException: Could not get a resource from the pool
	at org.springframework.data.redis.core.DefaultListOperationsTests.testRightPushAll(DefaultListOperationsTests.java:181)
Caused by: redis.clients.jedis.exceptions.JedisConnectionException: Could not get a resource from the pool
	at org.springframework.data.redis.core.DefaultListOperationsTests.testRightPushAll(DefaultListOperationsTests.java:181)
Caused by: redis.clients.jedis.exceptions.JedisConnectionException: java.net.ConnectException: Connection refused (Connection refused)
	at org.springframework.data.redis.core.DefaultListOperationsTests.testRightPushAll(DefaultListOperationsTests.java:181)
Caused by: java.net.ConnectException: Connection refused (Connection refused)
	at org.springframework.data.redis.core.DefaultListOperationsTests.testRightPushAll(DefaultListOperationsTests.java:181)
</error>
  </testcase>
  <testcase name="testRightPushAll[6]" classname="org.springframework.data.redis.core.DefaultListOperationsTests" time="0.003">
    <error message="Cannot get Jedis connection; nested exception is redis.clients.jedis.exceptions.JedisConnectionException: Could not get a resource from the pool" type="org.springframework.data.redis.RedisConnectionFailureException">org.springframework.data.redis.RedisConnectionFailureException: Cannot get Jedis connection; nested exception is redis.clients.jedis.exceptions.JedisConnectionException: Could not get a resource from the pool
	at org.springframework.data.redis.core.DefaultListOperationsTests.tearDown(DefaultListOperationsTests.java:85)
Caused by: redis.clients.jedis.exceptions.JedisConnectionException: Could not get a resource from the pool
	at org.springframework.data.redis.core.DefaultListOperationsTests.tearDown(DefaultListOperationsTests.java:85)
Caused by: redis.clients.jedis.exceptions.JedisConnectionException: java.net.ConnectException: Connection refused (Connection refused)
	at org.springframework.data.redis.core.DefaultListOperationsTests.tearDown(DefaultListOperationsTests.java:85)
Caused by: java.net.ConnectException: Connection refused (Connection refused)
	at org.springframework.data.redis.core.DefaultListOperationsTests.tearDown(DefaultListOperationsTests.java:85)
</error>
  </testcase>
  <testcase name="testRightPushWithPivot[6]" classname="org.springframework.data.redis.core.DefaultListOperationsTests" time="0.002">
    <error message="Cannot get Jedis connection; nested exception is redis.clients.jedis.exceptions.JedisConnectionException: Could not get a resource from the pool" type="org.springframework.data.redis.RedisConnectionFailureException">org.springframework.data.redis.RedisConnectionFailureException: Cannot get Jedis connection; nested exception is redis.clients.jedis.exceptions.JedisConnectionException: Could not get a resource from the pool
	at org.springframework.data.redis.core.DefaultListOperationsTests.testRightPushWithPivot(DefaultListOperationsTests.java:157)
Caused by: redis.clients.jedis.exceptions.JedisConnectionException: Could not get a resource from the pool
	at org.springframework.data.redis.core.DefaultListOperationsTests.testRightPushWithPivot(DefaultListOperationsTests.java:157)
Caused by: redis.clients.jedis.exceptions.JedisConnectionException: java.net.ConnectException: Connection refused (Connection refused)
	at org.springframework.data.redis.core.DefaultListOperationsTests.testRightPushWithPivot(DefaultListOperationsTests.java:157)
Caused by: java.net.ConnectException: Connection refused (Connection refused)
	at org.springframework.data.redis.core.DefaultListOperationsTests.testRightPushWithPivot(DefaultListOperationsTests.java:157)
</error>
  </testcase>
  <testcase name="testRightPushWithPivot[6]" classname="org.springframework.data.redis.core.DefaultListOperationsTests" time="0.002">
    <error message="Cannot get Jedis connection; nested exception is redis.clients.jedis.exceptions.JedisConnectionException: Could not get a resource from the pool" type="org.springframework.data.redis.RedisConnectionFailureException">org.springframework.data.redis.RedisConnectionFailureException: Cannot get Jedis connection; nested exception is redis.clients.jedis.exceptions.JedisConnectionException: Could not get a resource from the pool
	at org.springframework.data.redis.core.DefaultListOperationsTests.tearDown(DefaultListOperationsTests.java:85)
Caused by: redis.clients.jedis.exceptions.JedisConnectionException: Could not get a resource from the pool
	at org.springframework.data.redis.core.DefaultListOperationsTests.tearDown(DefaultListOperationsTests.java:85)
Caused by: redis.clients.jedis.exceptions.JedisConnectionException: java.net.ConnectException: Connection refused (Connection refused)
	at org.springframework.data.redis.core.DefaultListOperationsTests.tearDown(DefaultListOperationsTests.java:85)
Caused by: java.net.ConnectException: Connection refused (Connection refused)
	at org.springframework.data.redis.core.DefaultListOperationsTests.tearDown(DefaultListOperationsTests.java:85)
</error>
  </testcase>
  <testcase name="testLeftPushIfPresent[6]" classname="org.springframework.data.redis.core.DefaultListOperationsTests" time="0.002">
    <error message="Cannot get Jedis connection; nested exception is redis.clients.jedis.exceptions.JedisConnectionException: Could not get a resource from the pool" type="org.springframework.data.redis.RedisConnectionFailureException">org.springframework.data.redis.RedisConnectionFailureException: Cannot get Jedis connection; nested exception is redis.clients.jedis.exceptions.JedisConnectionException: Could not get a resource from the pool
	at org.springframework.data.redis.core.DefaultListOperationsTests.testLeftPushIfPresent(DefaultListOperationsTests.java:111)
Caused by: redis.clients.jedis.exceptions.JedisConnectionException: Could not get a resource from the pool
	at org.springframework.data.redis.core.DefaultListOperationsTests.testLeftPushIfPresent(DefaultListOperationsTests.java:111)
Caused by: redis.clients.jedis.exceptions.JedisConnectionException: java.net.ConnectException: Connection refused (Connection refused)
	at org.springframework.data.redis.core.DefaultListOperationsTests.testLeftPushIfPresent(DefaultListOperationsTests.java:111)
Caused by: java.net.ConnectException: Connection refused (Connection refused)
	at org.springframework.data.redis.core.DefaultListOperationsTests.testLeftPushIfPresent(DefaultListOperationsTests.java:111)
</error>
  </testcase>
  <testcase name="testLeftPushIfPresent[6]" classname="org.springframework.data.redis.core.DefaultListOperationsTests" time="0.002">
    <error message="Cannot get Jedis connection; nested exception is redis.clients.jedis.exceptions.JedisConnectionException: Could not get a resource from the pool" type="org.springframework.data.redis.RedisConnectionFailureException">org.springframework.data.redis.RedisConnectionFailureException: Cannot get Jedis connection; nested exception is redis.clients.jedis.exceptions.JedisConnectionException: Could not get a resource from the pool
	at org.springframework.data.redis.core.DefaultListOperationsTests.tearDown(DefaultListOperationsTests.java:85)
Caused by: redis.clients.jedis.exceptions.JedisConnectionException: Could not get a resource from the pool
	at org.springframework.data.redis.core.DefaultListOperationsTests.tearDown(DefaultListOperationsTests.java:85)
Caused by: redis.clients.jedis.exceptions.JedisConnectionException: java.net.ConnectException: Connection refused (Connection refused)
	at org.springframework.data.redis.core.DefaultListOperationsTests.tearDown(DefaultListOperationsTests.java:85)
Caused by: java.net.ConnectException: Connection refused (Connection refused)
	at org.springframework.data.redis.core.DefaultListOperationsTests.tearDown(DefaultListOperationsTests.java:85)
</error>
  </testcase>
  <testcase name="testLeftPushAllCollection[6]" classname="org.springframework.data.redis.core.DefaultListOperationsTests" time="0.003">
    <error message="Cannot get Jedis connection; nested exception is redis.clients.jedis.exceptions.JedisConnectionException: Could not get a resource from the pool" type="org.springframework.data.redis.RedisConnectionFailureException">org.springframework.data.redis.RedisConnectionFailureException: Cannot get Jedis connection; nested exception is redis.clients.jedis.exceptions.JedisConnectionException: Could not get a resource from the pool
	at org.springframework.data.redis.core.DefaultListOperationsTests.testLeftPushAllCollection(DefaultListOperationsTests.java:226)
Caused by: redis.clients.jedis.exceptions.JedisConnectionException: Could not get a resource from the pool
	at org.springframework.data.redis.core.DefaultListOperationsTests.testLeftPushAllCollection(DefaultListOperationsTests.java:226)
Caused by: redis.clients.jedis.exceptions.JedisConnectionException: java.net.ConnectException: Connection refused (Connection refused)
	at org.springframework.data.redis.core.DefaultListOperationsTests.testLeftPushAllCollection(DefaultListOperationsTests.java:226)
Caused by: java.net.ConnectException: Connection refused (Connection refused)
	at org.springframework.data.redis.core.DefaultListOperationsTests.testLeftPushAllCollection(DefaultListOperationsTests.java:226)
</error>
  </testcase>
  <testcase name="testLeftPushAllCollection[6]" classname="org.springframework.data.redis.core.DefaultListOperationsTests" time="0.003">
    <error message="Cannot get Jedis connection; nested exception is redis.clients.jedis.exceptions.JedisConnectionException: Could not get a resource from the pool" type="org.springframework.data.redis.RedisConnectionFailureException">org.springframework.data.redis.RedisConnectionFailureException: Cannot get Jedis connection; nested exception is redis.clients.jedis.exceptions.JedisConnectionException: Could not get a resource from the pool
	at org.springframework.data.redis.core.DefaultListOperationsTests.tearDown(DefaultListOperationsTests.java:85)
Caused by: redis.clients.jedis.exceptions.JedisConnectionException: Could not get a resource from the pool
	at org.springframework.data.redis.core.DefaultListOperationsTests.tearDown(DefaultListOperationsTests.java:85)
Caused by: redis.clients.jedis.exceptions.JedisConnectionException: java.net.ConnectException: Connection refused (Connection refused)
	at org.springframework.data.redis.core.DefaultListOperationsTests.tearDown(DefaultListOperationsTests.java:85)
Caused by: java.net.ConnectException: Connection refused (Connection refused)
	at org.springframework.data.redis.core.DefaultListOperationsTests.tearDown(DefaultListOperationsTests.java:85)
</error>
  </testcase>
  <testcase name="testRightPushIfPresent[6]" classname="org.springframework.data.redis.core.DefaultListOperationsTests" time="0.003">
    <error message="Cannot get Jedis connection; nested exception is redis.clients.jedis.exceptions.JedisConnectionException: Could not get a resource from the pool" type="org.springframework.data.redis.RedisConnectionFailureException">org.springframework.data.redis.RedisConnectionFailureException: Cannot get Jedis connection; nested exception is redis.clients.jedis.exceptions.JedisConnectionException: Could not get a resource from the pool
	at org.springframework.data.redis.core.DefaultListOperationsTests.testRightPushIfPresent(DefaultListOperationsTests.java:168)
Caused by: redis.clients.jedis.exceptions.JedisConnectionException: Could not get a resource from the pool
	at org.springframework.data.redis.core.DefaultListOperationsTests.testRightPushIfPresent(DefaultListOperationsTests.java:168)
Caused by: redis.clients.jedis.exceptions.JedisConnectionException: java.net.ConnectException: Connection refused (Connection refused)
	at org.springframework.data.redis.core.DefaultListOperationsTests.testRightPushIfPresent(DefaultListOperationsTests.java:168)
Caused by: java.net.ConnectException: Connection refused (Connection refused)
	at org.springframework.data.redis.core.DefaultListOperationsTests.testRightPushIfPresent(DefaultListOperationsTests.java:168)
</error>
  </testcase>
  <testcase name="testRightPushIfPresent[6]" classname="org.springframework.data.redis.core.DefaultListOperationsTests" time="0.003">
    <error message="Cannot get Jedis connection; nested exception is redis.clients.jedis.exceptions.JedisConnectionException: Could not get a resource from the pool" type="org.springframework.data.redis.RedisConnectionFailureException">org.springframework.data.redis.RedisConnectionFailureException: Cannot get Jedis connection; nested exception is redis.clients.jedis.exceptions.JedisConnectionException: Could not get a resource from the pool
	at org.springframework.data.redis.core.DefaultListOperationsTests.tearDown(DefaultListOperationsTests.java:85)
Caused by: redis.clients.jedis.exceptions.JedisConnectionException: Could not get a resource from the pool
	at org.springframework.data.redis.core.DefaultListOperationsTests.tearDown(DefaultListOperationsTests.java:85)
Caused by: redis.clients.jedis.exceptions.JedisConnectionException: java.net.ConnectException: Connection refused (Connection refused)
	at org.springframework.data.redis.core.DefaultListOperationsTests.tearDown(DefaultListOperationsTests.java:85)
Caused by: java.net.ConnectException: Connection refused (Connection refused)
	at org.springframework.data.redis.core.DefaultListOperationsTests.tearDown(DefaultListOperationsTests.java:85)
</error>
  </testcase>
  <testcase name="testRightPushAllCollection[6]" classname="org.springframework.data.redis.core.DefaultListOperationsTests" time="0.003">
    <error message="Cannot get Jedis connection; nested exception is redis.clients.jedis.exceptions.JedisConnectionException: Could not get a resource from the pool" type="org.springframework.data.redis.RedisConnectionFailureException">org.springframework.data.redis.RedisConnectionFailureException: Cannot get Jedis connection; nested exception is redis.clients.jedis.exceptions.JedisConnectionException: Could not get a resource from the pool
	at org.springframework.data.redis.core.DefaultListOperationsTests.testRightPushAllCollection(DefaultListOperationsTests.java:196)
Caused by: redis.clients.jedis.exceptions.JedisConnectionException: Could not get a resource from the pool
	at org.springframework.data.redis.core.DefaultListOperationsTests.testRightPushAllCollection(DefaultListOperationsTests.java:196)
Caused by: redis.clients.jedis.exceptions.JedisConnectionException: java.net.ConnectException: Connection refused (Connection refused)
	at org.springframework.data.redis.core.DefaultListOperationsTests.testRightPushAllCollection(DefaultListOperationsTests.java:196)
Caused by: java.net.ConnectException: Connection refused (Connection refused)
	at org.springframework.data.redis.core.DefaultListOperationsTests.testRightPushAllCollection(DefaultListOperationsTests.java:196)
</error>
  </testcase>
  <testcase name="testRightPushAllCollection[6]" classname="org.springframework.data.redis.core.DefaultListOperationsTests" time="0.004">
    <error message="Cannot get Jedis connection; nested exception is redis.clients.jedis.exceptions.JedisConnectionException: Could not get a resource from the pool" type="org.springframework.data.redis.RedisConnectionFailureException">org.springframework.data.redis.RedisConnectionFailureException: Cannot get Jedis connection; nested exception is redis.clients.jedis.exceptions.JedisConnectionException: Could not get a resource from the pool
	at org.springframework.data.redis.core.DefaultListOperationsTests.tearDown(DefaultListOperationsTests.java:85)
Caused by: redis.clients.jedis.exceptions.JedisConnectionException: Could not get a resource from the pool
	at org.springframework.data.redis.core.DefaultListOperationsTests.tearDown(DefaultListOperationsTests.java:85)
Caused by: redis.clients.jedis.exceptions.JedisConnectionException: java.net.ConnectException: Connection refused (Connection refused)
	at org.springframework.data.redis.core.DefaultListOperationsTests.tearDown(DefaultListOperationsTests.java:85)
Caused by: java.net.ConnectException: Connection refused (Connection refused)
	at org.springframework.data.redis.core.DefaultListOperationsTests.tearDown(DefaultListOperationsTests.java:85)
</error>
  </testcase>
  <testcase name="testRightPopAndLeftPush[6]" classname="org.springframework.data.redis.core.DefaultListOperationsTests" time="0.001">
    <error message="Cannot get Jedis connection; nested exception is redis.clients.jedis.exceptions.JedisConnectionException: Could not get a resource from the pool" type="org.springframework.data.redis.RedisConnectionFailureException">org.springframework.data.redis.RedisConnectionFailureException: Cannot get Jedis connection; nested exception is redis.clients.jedis.exceptions.JedisConnectionException: Could not get a resource from the pool
	at org.springframework.data.redis.core.DefaultListOperationsTests.testRightPopAndLeftPush(DefaultListOperationsTests.java:146)
Caused by: redis.clients.jedis.exceptions.JedisConnectionException: Could not get a resource from the pool
	at org.springframework.data.redis.core.DefaultListOperationsTests.testRightPopAndLeftPush(DefaultListOperationsTests.java:146)
Caused by: redis.clients.jedis.exceptions.JedisConnectionException: java.net.ConnectException: Connection refused (Connection refused)
	at org.springframework.data.redis.core.DefaultListOperationsTests.testRightPopAndLeftPush(DefaultListOperationsTests.java:146)
Caused by: java.net.ConnectException: Connection refused (Connection refused)
	at org.springframework.data.redis.core.DefaultListOperationsTests.testRightPopAndLeftPush(DefaultListOperationsTests.java:146)
</error>
  </testcase>
  <testcase name="testRightPopAndLeftPush[6]" classname="org.springframework.data.redis.core.DefaultListOperationsTests" time="0.002">
    <error message="Cannot get Jedis connection; nested exception is redis.clients.jedis.exceptions.JedisConnectionException: Could not get a resource from the pool" type="org.springframework.data.redis.RedisConnectionFailureException">org.springframework.data.redis.RedisConnectionFailureException: Cannot get Jedis connection; nested exception is redis.clients.jedis.exceptions.JedisConnectionException: Could not get a resource from the pool
	at org.springframework.data.redis.core.DefaultListOperationsTests.tearDown(DefaultListOperationsTests.java:85)
Caused by: redis.clients.jedis.exceptions.JedisConnectionException: Could not get a resource from the pool
	at org.springframework.data.redis.core.DefaultListOperationsTests.tearDown(DefaultListOperationsTests.java:85)
Caused by: redis.clients.jedis.exceptions.JedisConnectionException: java.net.ConnectException: Connection refused (Connection refused)
	at org.springframework.data.redis.core.DefaultListOperationsTests.tearDown(DefaultListOperationsTests.java:85)
Caused by: java.net.ConnectException: Connection refused (Connection refused)
	at org.springframework.data.redis.core.DefaultListOperationsTests.tearDown(DefaultListOperationsTests.java:85)
</error>
  </testcase>
  <testcase name="leftPushAllShouldThrowExceptionWhenCollectionContainsNullValue[6]" classname="org.springframework.data.redis.core.DefaultListOperationsTests" time="0.001">
    <error message="Cannot get Jedis connection; nested exception is redis.clients.jedis.exceptions.JedisConnectionException: Could not get a resource from the pool" type="org.springframework.data.redis.RedisConnectionFailureException">org.springframework.data.redis.RedisConnectionFailureException: Cannot get Jedis connection; nested exception is redis.clients.jedis.exceptions.JedisConnectionException: Could not get a resource from the pool
	at org.springframework.data.redis.core.DefaultListOperationsTests.tearDown(DefaultListOperationsTests.java:85)
Caused by: redis.clients.jedis.exceptions.JedisConnectionException: Could not get a resource from the pool
	at org.springframework.data.redis.core.DefaultListOperationsTests.tearDown(DefaultListOperationsTests.java:85)
Caused by: redis.clients.jedis.exceptions.JedisConnectionException: java.net.ConnectException: Connection refused (Connection refused)
	at org.springframework.data.redis.core.DefaultListOperationsTests.tearDown(DefaultListOperationsTests.java:85)
Caused by: java.net.ConnectException: Connection refused (Connection refused)
	at org.springframework.data.redis.core.DefaultListOperationsTests.tearDown(DefaultListOperationsTests.java:85)
</error>
  </testcase>
  <testcase name="rightPushAllShouldThrowExceptionWhenCalledWithNull[6]" classname="org.springframework.data.redis.core.DefaultListOperationsTests" time="0.001">
    <error message="Cannot get Jedis connection; nested exception is redis.clients.jedis.exceptions.JedisConnectionException: Could not get a resource from the pool" type="org.springframework.data.redis.RedisConnectionFailureException">org.springframework.data.redis.RedisConnectionFailureException: Cannot get Jedis connection; nested exception is redis.clients.jedis.exceptions.JedisConnectionException: Could not get a resource from the pool
	at org.springframework.data.redis.core.DefaultListOperationsTests.tearDown(DefaultListOperationsTests.java:85)
Caused by: redis.clients.jedis.exceptions.JedisConnectionException: Could not get a resource from the pool
	at org.springframework.data.redis.core.DefaultListOperationsTests.tearDown(DefaultListOperationsTests.java:85)
Caused by: redis.clients.jedis.exceptions.JedisConnectionException: java.net.ConnectException: Connection refused (Connection refused)
	at org.springframework.data.redis.core.DefaultListOperationsTests.tearDown(DefaultListOperationsTests.java:85)
Caused by: java.net.ConnectException: Connection refused (Connection refused)
	at org.springframework.data.redis.core.DefaultListOperationsTests.tearDown(DefaultListOperationsTests.java:85)
</error>
  </testcase>
  <testcase name="leftPushAllShouldThrowExceptionWhenCalledWithNull[6]" classname="org.springframework.data.redis.core.DefaultListOperationsTests" time="0.001">
    <error message="Cannot get Jedis connection; nested exception is redis.clients.jedis.exceptions.JedisConnectionException: Could not get a resource from the pool" type="org.springframework.data.redis.RedisConnectionFailureException">org.springframework.data.redis.RedisConnectionFailureException: Cannot get Jedis connection; nested exception is redis.clients.jedis.exceptions.JedisConnectionException: Could not get a resource from the pool
	at org.springframework.data.redis.core.DefaultListOperationsTests.tearDown(DefaultListOperationsTests.java:85)
Caused by: redis.clients.jedis.exceptions.JedisConnectionException: Could not get a resource from the pool
	at org.springframework.data.redis.core.DefaultListOperationsTests.tearDown(DefaultListOperationsTests.java:85)
Caused by: redis.clients.jedis.exceptions.JedisConnectionException: java.net.ConnectException: Connection refused (Connection refused)
	at org.springframework.data.redis.core.DefaultListOperationsTests.tearDown(DefaultListOperationsTests.java:85)
Caused by: java.net.ConnectException: Connection refused (Connection refused)
	at org.springframework.data.redis.core.DefaultListOperationsTests.tearDown(DefaultListOperationsTests.java:85)
</error>
  </testcase>
  <testcase name="leftPushAllShouldThrowExceptionWhenCalledWithEmptyCollection[6]" classname="org.springframework.data.redis.core.DefaultListOperationsTests" time="0.001">
    <error message="Cannot get Jedis connection; nested exception is redis.clients.jedis.exceptions.JedisConnectionException: Could not get a resource from the pool" type="org.springframework.data.redis.RedisConnectionFailureException">org.springframework.data.redis.RedisConnectionFailureException: Cannot get Jedis connection; nested exception is redis.clients.jedis.exceptions.JedisConnectionException: Could not get a resource from the pool
	at org.springframework.data.redis.core.DefaultListOperationsTests.tearDown(DefaultListOperationsTests.java:85)
Caused by: redis.clients.jedis.exceptions.JedisConnectionException: Could not get a resource from the pool
	at org.springframework.data.redis.core.DefaultListOperationsTests.tearDown(DefaultListOperationsTests.java:85)
Caused by: redis.clients.jedis.exceptions.JedisConnectionException: java.net.ConnectException: Connection refused (Connection refused)
	at org.springframework.data.redis.core.DefaultListOperationsTests.tearDown(DefaultListOperationsTests.java:85)
Caused by: java.net.ConnectException: Connection refused (Connection refused)
	at org.springframework.data.redis.core.DefaultListOperationsTests.tearDown(DefaultListOperationsTests.java:85)
</error>
  </testcase>
  <testcase name="testRightPopAndLeftPushTimeout[6]" classname="org.springframework.data.redis.core.DefaultListOperationsTests" time="0">
    <error message="Could not initialize class org.springframework.data.redis.RedisTestProfileValueSource" type="java.lang.NoClassDefFoundError">java.lang.NoClassDefFoundError: Could not initialize class org.springframework.data.redis.RedisTestProfileValueSource
	at org.springframework.data.redis.core.DefaultListOperationsTests.testRightPopAndLeftPushTimeout(DefaultListOperationsTests.java:132)
</error>
  </testcase>
  <testcase name="testRightPopAndLeftPushTimeout[6]" classname="org.springframework.data.redis.core.DefaultListOperationsTests" time="0.001">
    <error message="Cannot get Jedis connection; nested exception is redis.clients.jedis.exceptions.JedisConnectionException: Could not get a resource from the pool" type="org.springframework.data.redis.RedisConnectionFailureException">org.springframework.data.redis.RedisConnectionFailureException: Cannot get Jedis connection; nested exception is redis.clients.jedis.exceptions.JedisConnectionException: Could not get a resource from the pool
	at org.springframework.data.redis.core.DefaultListOperationsTests.tearDown(DefaultListOperationsTests.java:85)
Caused by: redis.clients.jedis.exceptions.JedisConnectionException: Could not get a resource from the pool
	at org.springframework.data.redis.core.DefaultListOperationsTests.tearDown(DefaultListOperationsTests.java:85)
Caused by: redis.clients.jedis.exceptions.JedisConnectionException: java.net.ConnectException: Connection refused (Connection refused)
	at org.springframework.data.redis.core.DefaultListOperationsTests.tearDown(DefaultListOperationsTests.java:85)
Caused by: java.net.ConnectException: Connection refused (Connection refused)
	at org.springframework.data.redis.core.DefaultListOperationsTests.tearDown(DefaultListOperationsTests.java:85)
</error>
  </testcase>
  <testcase name="testLeftPushWithPivot[6]" classname="org.springframework.data.redis.core.DefaultListOperationsTests" time="0.002">
    <error message="Cannot get Jedis connection; nested exception is redis.clients.jedis.exceptions.JedisConnectionException: Could not get a resource from the pool" type="org.springframework.data.redis.RedisConnectionFailureException">org.springframework.data.redis.RedisConnectionFailureException: Cannot get Jedis connection; nested exception is redis.clients.jedis.exceptions.JedisConnectionException: Could not get a resource from the pool
	at org.springframework.data.redis.core.DefaultListOperationsTests.testLeftPushWithPivot(DefaultListOperationsTests.java:100)
Caused by: redis.clients.jedis.exceptions.JedisConnectionException: Could not get a resource from the pool
	at org.springframework.data.redis.core.DefaultListOperationsTests.testLeftPushWithPivot(DefaultListOperationsTests.java:100)
Caused by: redis.clients.jedis.exceptions.JedisConnectionException: java.net.ConnectException: Connection refused (Connection refused)
	at org.springframework.data.redis.core.DefaultListOperationsTests.testLeftPushWithPivot(DefaultListOperationsTests.java:100)
Caused by: java.net.ConnectException: Connection refused (Connection refused)
	at org.springframework.data.redis.core.DefaultListOperationsTests.testLeftPushWithPivot(DefaultListOperationsTests.java:100)
</error>
    <system-out><![CDATA[Value1org.springframework.data.redis.Person@460422c5
Value2org.springframework.data.redis.Person@e9365711
Value3org.springframework.data.redis.Person@97e59f42
]]></system-out>
  </testcase>
  <testcase name="testLeftPushWithPivot[6]" classname="org.springframework.data.redis.core.DefaultListOperationsTests" time="0.002">
    <error message="Cannot get Jedis connection; nested exception is redis.clients.jedis.exceptions.JedisConnectionException: Could not get a resource from the pool" type="org.springframework.data.redis.RedisConnectionFailureException">org.springframework.data.redis.RedisConnectionFailureException: Cannot get Jedis connection; nested exception is redis.clients.jedis.exceptions.JedisConnectionException: Could not get a resource from the pool
	at org.springframework.data.redis.core.DefaultListOperationsTests.tearDown(DefaultListOperationsTests.java:85)
Caused by: redis.clients.jedis.exceptions.JedisConnectionException: Could not get a resource from the pool
	at org.springframework.data.redis.core.DefaultListOperationsTests.tearDown(DefaultListOperationsTests.java:85)
Caused by: redis.clients.jedis.exceptions.JedisConnectionException: java.net.ConnectException: Connection refused (Connection refused)
	at org.springframework.data.redis.core.DefaultListOperationsTests.tearDown(DefaultListOperationsTests.java:85)
Caused by: java.net.ConnectException: Connection refused (Connection refused)
	at org.springframework.data.redis.core.DefaultListOperationsTests.tearDown(DefaultListOperationsTests.java:85)
</error>
  </testcase>
  <testcase name="rightPushAllShouldThrowExceptionWhenCollectionContainsNullValue[7]" classname="org.springframework.data.redis.core.DefaultListOperationsTests" time="0.001">
    <error message="Cannot get Jedis connection; nested exception is redis.clients.jedis.exceptions.JedisConnectionException: Could not get a resource from the pool" type="org.springframework.data.redis.RedisConnectionFailureException">org.springframework.data.redis.RedisConnectionFailureException: Cannot get Jedis connection; nested exception is redis.clients.jedis.exceptions.JedisConnectionException: Could not get a resource from the pool
	at org.springframework.data.redis.core.DefaultListOperationsTests.tearDown(DefaultListOperationsTests.java:85)
Caused by: redis.clients.jedis.exceptions.JedisConnectionException: Could not get a resource from the pool
	at org.springframework.data.redis.core.DefaultListOperationsTests.tearDown(DefaultListOperationsTests.java:85)
Caused by: redis.clients.jedis.exceptions.JedisConnectionException: java.net.ConnectException: Connection refused (Connection refused)
	at org.springframework.data.redis.core.DefaultListOperationsTests.tearDown(DefaultListOperationsTests.java:85)
Caused by: java.net.ConnectException: Connection refused (Connection refused)
	at org.springframework.data.redis.core.DefaultListOperationsTests.tearDown(DefaultListOperationsTests.java:85)
</error>
  </testcase>
  <testcase name="testLeftPushAll[7]" classname="org.springframework.data.redis.core.DefaultListOperationsTests" time="0.004">
    <error message="Cannot get Jedis connection; nested exception is redis.clients.jedis.exceptions.JedisConnectionException: Could not get a resource from the pool" type="org.springframework.data.redis.RedisConnectionFailureException">org.springframework.data.redis.RedisConnectionFailureException: Cannot get Jedis connection; nested exception is redis.clients.jedis.exceptions.JedisConnectionException: Could not get a resource from the pool
	at org.springframework.data.redis.core.DefaultListOperationsTests.testLeftPushAll(DefaultListOperationsTests.java:124)
Caused by: redis.clients.jedis.exceptions.JedisConnectionException: Could not get a resource from the pool
	at org.springframework.data.redis.core.DefaultListOperationsTests.testLeftPushAll(DefaultListOperationsTests.java:124)
Caused by: redis.clients.jedis.exceptions.JedisConnectionException: java.net.ConnectException: Connection refused (Connection refused)
	at org.springframework.data.redis.core.DefaultListOperationsTests.testLeftPushAll(DefaultListOperationsTests.java:124)
Caused by: java.net.ConnectException: Connection refused (Connection refused)
	at org.springframework.data.redis.core.DefaultListOperationsTests.testLeftPushAll(DefaultListOperationsTests.java:124)
</error>
  </testcase>
  <testcase name="testLeftPushAll[7]" classname="org.springframework.data.redis.core.DefaultListOperationsTests" time="0.005">
    <error message="Cannot get Jedis connection; nested exception is redis.clients.jedis.exceptions.JedisConnectionException: Could not get a resource from the pool" type="org.springframework.data.redis.RedisConnectionFailureException">org.springframework.data.redis.RedisConnectionFailureException: Cannot get Jedis connection; nested exception is redis.clients.jedis.exceptions.JedisConnectionException: Could not get a resource from the pool
	at org.springframework.data.redis.core.DefaultListOperationsTests.tearDown(DefaultListOperationsTests.java:85)
Caused by: redis.clients.jedis.exceptions.JedisConnectionException: Could not get a resource from the pool
	at org.springframework.data.redis.core.DefaultListOperationsTests.tearDown(DefaultListOperationsTests.java:85)
Caused by: redis.clients.jedis.exceptions.JedisConnectionException: java.net.ConnectException: Connection refused (Connection refused)
	at org.springframework.data.redis.core.DefaultListOperationsTests.tearDown(DefaultListOperationsTests.java:85)
Caused by: java.net.ConnectException: Connection refused (Connection refused)
	at org.springframework.data.redis.core.DefaultListOperationsTests.tearDown(DefaultListOperationsTests.java:85)
</error>
  </testcase>
  <testcase name="rightPushAllShouldThrowExceptionWhenCalledWithEmptyCollection[7]" classname="org.springframework.data.redis.core.DefaultListOperationsTests" time="0.001">
    <error message="Cannot get Jedis connection; nested exception is redis.clients.jedis.exceptions.JedisConnectionException: Could not get a resource from the pool" type="org.springframework.data.redis.RedisConnectionFailureException">org.springframework.data.redis.RedisConnectionFailureException: Cannot get Jedis connection; nested exception is redis.clients.jedis.exceptions.JedisConnectionException: Could not get a resource from the pool
	at org.springframework.data.redis.core.DefaultListOperationsTests.tearDown(DefaultListOperationsTests.java:85)
Caused by: redis.clients.jedis.exceptions.JedisConnectionException: Could not get a resource from the pool
	at org.springframework.data.redis.core.DefaultListOperationsTests.tearDown(DefaultListOperationsTests.java:85)
Caused by: redis.clients.jedis.exceptions.JedisConnectionException: java.net.ConnectException: Connection refused (Connection refused)
	at org.springframework.data.redis.core.DefaultListOperationsTests.tearDown(DefaultListOperationsTests.java:85)
Caused by: java.net.ConnectException: Connection refused (Connection refused)
	at org.springframework.data.redis.core.DefaultListOperationsTests.tearDown(DefaultListOperationsTests.java:85)
</error>
  </testcase>
  <testcase name="testRightPushAll[7]" classname="org.springframework.data.redis.core.DefaultListOperationsTests" time="0.002">
    <error message="Cannot get Jedis connection; nested exception is redis.clients.jedis.exceptions.JedisConnectionException: Could not get a resource from the pool" type="org.springframework.data.redis.RedisConnectionFailureException">org.springframework.data.redis.RedisConnectionFailureException: Cannot get Jedis connection; nested exception is redis.clients.jedis.exceptions.JedisConnectionException: Could not get a resource from the pool
	at org.springframework.data.redis.core.DefaultListOperationsTests.testRightPushAll(DefaultListOperationsTests.java:181)
Caused by: redis.clients.jedis.exceptions.JedisConnectionException: Could not get a resource from the pool
	at org.springframework.data.redis.core.DefaultListOperationsTests.testRightPushAll(DefaultListOperationsTests.java:181)
Caused by: redis.clients.jedis.exceptions.JedisConnectionException: java.net.ConnectException: Connection refused (Connection refused)
	at org.springframework.data.redis.core.DefaultListOperationsTests.testRightPushAll(DefaultListOperationsTests.java:181)
Caused by: java.net.ConnectException: Connection refused (Connection refused)
	at org.springframework.data.redis.core.DefaultListOperationsTests.testRightPushAll(DefaultListOperationsTests.java:181)
</error>
  </testcase>
  <testcase name="testRightPushAll[7]" classname="org.springframework.data.redis.core.DefaultListOperationsTests" time="0.002">
    <error message="Cannot get Jedis connection; nested exception is redis.clients.jedis.exceptions.JedisConnectionException: Could not get a resource from the pool" type="org.springframework.data.redis.RedisConnectionFailureException">org.springframework.data.redis.RedisConnectionFailureException: Cannot get Jedis connection; nested exception is redis.clients.jedis.exceptions.JedisConnectionException: Could not get a resource from the pool
	at org.springframework.data.redis.core.DefaultListOperationsTests.tearDown(DefaultListOperationsTests.java:85)
Caused by: redis.clients.jedis.exceptions.JedisConnectionException: Could not get a resource from the pool
	at org.springframework.data.redis.core.DefaultListOperationsTests.tearDown(DefaultListOperationsTests.java:85)
Caused by: redis.clients.jedis.exceptions.JedisConnectionException: java.net.ConnectException: Connection refused (Connection refused)
	at org.springframework.data.redis.core.DefaultListOperationsTests.tearDown(DefaultListOperationsTests.java:85)
Caused by: java.net.ConnectException: Connection refused (Connection refused)
	at org.springframework.data.redis.core.DefaultListOperationsTests.tearDown(DefaultListOperationsTests.java:85)
</error>
  </testcase>
  <testcase name="testRightPushWithPivot[7]" classname="org.springframework.data.redis.core.DefaultListOperationsTests" time="0.001">
    <error message="Cannot get Jedis connection; nested exception is redis.clients.jedis.exceptions.JedisConnectionException: Could not get a resource from the pool" type="org.springframework.data.redis.RedisConnectionFailureException">org.springframework.data.redis.RedisConnectionFailureException: Cannot get Jedis connection; nested exception is redis.clients.jedis.exceptions.JedisConnectionException: Could not get a resource from the pool
	at org.springframework.data.redis.core.DefaultListOperationsTests.testRightPushWithPivot(DefaultListOperationsTests.java:157)
Caused by: redis.clients.jedis.exceptions.JedisConnectionException: Could not get a resource from the pool
	at org.springframework.data.redis.core.DefaultListOperationsTests.testRightPushWithPivot(DefaultListOperationsTests.java:157)
Caused by: redis.clients.jedis.exceptions.JedisConnectionException: java.net.ConnectException: Connection refused (Connection refused)
	at org.springframework.data.redis.core.DefaultListOperationsTests.testRightPushWithPivot(DefaultListOperationsTests.java:157)
Caused by: java.net.ConnectException: Connection refused (Connection refused)
	at org.springframework.data.redis.core.DefaultListOperationsTests.testRightPushWithPivot(DefaultListOperationsTests.java:157)
</error>
  </testcase>
  <testcase name="testRightPushWithPivot[7]" classname="org.springframework.data.redis.core.DefaultListOperationsTests" time="0.002">
    <error message="Cannot get Jedis connection; nested exception is redis.clients.jedis.exceptions.JedisConnectionException: Could not get a resource from the pool" type="org.springframework.data.redis.RedisConnectionFailureException">org.springframework.data.redis.RedisConnectionFailureException: Cannot get Jedis connection; nested exception is redis.clients.jedis.exceptions.JedisConnectionException: Could not get a resource from the pool
	at org.springframework.data.redis.core.DefaultListOperationsTests.tearDown(DefaultListOperationsTests.java:85)
Caused by: redis.clients.jedis.exceptions.JedisConnectionException: Could not get a resource from the pool
	at org.springframework.data.redis.core.DefaultListOperationsTests.tearDown(DefaultListOperationsTests.java:85)
Caused by: redis.clients.jedis.exceptions.JedisConnectionException: java.net.ConnectException: Connection refused (Connection refused)
	at org.springframework.data.redis.core.DefaultListOperationsTests.tearDown(DefaultListOperationsTests.java:85)
Caused by: java.net.ConnectException: Connection refused (Connection refused)
	at org.springframework.data.redis.core.DefaultListOperationsTests.tearDown(DefaultListOperationsTests.java:85)
</error>
  </testcase>
  <testcase name="testLeftPushIfPresent[7]" classname="org.springframework.data.redis.core.DefaultListOperationsTests" time="0.002">
    <error message="Cannot get Jedis connection; nested exception is redis.clients.jedis.exceptions.JedisConnectionException: Could not get a resource from the pool" type="org.springframework.data.redis.RedisConnectionFailureException">org.springframework.data.redis.RedisConnectionFailureException: Cannot get Jedis connection; nested exception is redis.clients.jedis.exceptions.JedisConnectionException: Could not get a resource from the pool
	at org.springframework.data.redis.core.DefaultListOperationsTests.testLeftPushIfPresent(DefaultListOperationsTests.java:111)
Caused by: redis.clients.jedis.exceptions.JedisConnectionException: Could not get a resource from the pool
	at org.springframework.data.redis.core.DefaultListOperationsTests.testLeftPushIfPresent(DefaultListOperationsTests.java:111)
Caused by: redis.clients.jedis.exceptions.JedisConnectionException: java.net.ConnectException: Connection refused (Connection refused)
	at org.springframework.data.redis.core.DefaultListOperationsTests.testLeftPushIfPresent(DefaultListOperationsTests.java:111)
Caused by: java.net.ConnectException: Connection refused (Connection refused)
	at org.springframework.data.redis.core.DefaultListOperationsTests.testLeftPushIfPresent(DefaultListOperationsTests.java:111)
</error>
  </testcase>
  <testcase name="testLeftPushIfPresent[7]" classname="org.springframework.data.redis.core.DefaultListOperationsTests" time="0.002">
    <error message="Cannot get Jedis connection; nested exception is redis.clients.jedis.exceptions.JedisConnectionException: Could not get a resource from the pool" type="org.springframework.data.redis.RedisConnectionFailureException">org.springframework.data.redis.RedisConnectionFailureException: Cannot get Jedis connection; nested exception is redis.clients.jedis.exceptions.JedisConnectionException: Could not get a resource from the pool
	at org.springframework.data.redis.core.DefaultListOperationsTests.tearDown(DefaultListOperationsTests.java:85)
Caused by: redis.clients.jedis.exceptions.JedisConnectionException: Could not get a resource from the pool
	at org.springframework.data.redis.core.DefaultListOperationsTests.tearDown(DefaultListOperationsTests.java:85)
Caused by: redis.clients.jedis.exceptions.JedisConnectionException: java.net.ConnectException: Connection refused (Connection refused)
	at org.springframework.data.redis.core.DefaultListOperationsTests.tearDown(DefaultListOperationsTests.java:85)
Caused by: java.net.ConnectException: Connection refused (Connection refused)
	at org.springframework.data.redis.core.DefaultListOperationsTests.tearDown(DefaultListOperationsTests.java:85)
</error>
  </testcase>
  <testcase name="testLeftPushAllCollection[7]" classname="org.springframework.data.redis.core.DefaultListOperationsTests" time="0.002">
    <error message="Cannot get Jedis connection; nested exception is redis.clients.jedis.exceptions.JedisConnectionException: Could not get a resource from the pool" type="org.springframework.data.redis.RedisConnectionFailureException">org.springframework.data.redis.RedisConnectionFailureException: Cannot get Jedis connection; nested exception is redis.clients.jedis.exceptions.JedisConnectionException: Could not get a resource from the pool
	at org.springframework.data.redis.core.DefaultListOperationsTests.testLeftPushAllCollection(DefaultListOperationsTests.java:226)
Caused by: redis.clients.jedis.exceptions.JedisConnectionException: Could not get a resource from the pool
	at org.springframework.data.redis.core.DefaultListOperationsTests.testLeftPushAllCollection(DefaultListOperationsTests.java:226)
Caused by: redis.clients.jedis.exceptions.JedisConnectionException: java.net.ConnectException: Connection refused (Connection refused)
	at org.springframework.data.redis.core.DefaultListOperationsTests.testLeftPushAllCollection(DefaultListOperationsTests.java:226)
Caused by: java.net.ConnectException: Connection refused (Connection refused)
	at org.springframework.data.redis.core.DefaultListOperationsTests.testLeftPushAllCollection(DefaultListOperationsTests.java:226)
</error>
  </testcase>
  <testcase name="testLeftPushAllCollection[7]" classname="org.springframework.data.redis.core.DefaultListOperationsTests" time="0.003">
    <error message="Cannot get Jedis connection; nested exception is redis.clients.jedis.exceptions.JedisConnectionException: Could not get a resource from the pool" type="org.springframework.data.redis.RedisConnectionFailureException">org.springframework.data.redis.RedisConnectionFailureException: Cannot get Jedis connection; nested exception is redis.clients.jedis.exceptions.JedisConnectionException: Could not get a resource from the pool
	at org.springframework.data.redis.core.DefaultListOperationsTests.tearDown(DefaultListOperationsTests.java:85)
Caused by: redis.clients.jedis.exceptions.JedisConnectionException: Could not get a resource from the pool
	at org.springframework.data.redis.core.DefaultListOperationsTests.tearDown(DefaultListOperationsTests.java:85)
Caused by: redis.clients.jedis.exceptions.JedisConnectionException: java.net.ConnectException: Connection refused (Connection refused)
	at org.springframework.data.redis.core.DefaultListOperationsTests.tearDown(DefaultListOperationsTests.java:85)
Caused by: java.net.ConnectException: Connection refused (Connection refused)
	at org.springframework.data.redis.core.DefaultListOperationsTests.tearDown(DefaultListOperationsTests.java:85)
</error>
  </testcase>
  <testcase name="testRightPushIfPresent[7]" classname="org.springframework.data.redis.core.DefaultListOperationsTests" time="0.002">
    <error message="Cannot get Jedis connection; nested exception is redis.clients.jedis.exceptions.JedisConnectionException: Could not get a resource from the pool" type="org.springframework.data.redis.RedisConnectionFailureException">org.springframework.data.redis.RedisConnectionFailureException: Cannot get Jedis connection; nested exception is redis.clients.jedis.exceptions.JedisConnectionException: Could not get a resource from the pool
	at org.springframework.data.redis.core.DefaultListOperationsTests.testRightPushIfPresent(DefaultListOperationsTests.java:168)
Caused by: redis.clients.jedis.exceptions.JedisConnectionException: Could not get a resource from the pool
	at org.springframework.data.redis.core.DefaultListOperationsTests.testRightPushIfPresent(DefaultListOperationsTests.java:168)
Caused by: redis.clients.jedis.exceptions.JedisConnectionException: java.net.ConnectException: Connection refused (Connection refused)
	at org.springframework.data.redis.core.DefaultListOperationsTests.testRightPushIfPresent(DefaultListOperationsTests.java:168)
Caused by: java.net.ConnectException: Connection refused (Connection refused)
	at org.springframework.data.redis.core.DefaultListOperationsTests.testRightPushIfPresent(DefaultListOperationsTests.java:168)
</error>
  </testcase>
  <testcase name="testRightPushIfPresent[7]" classname="org.springframework.data.redis.core.DefaultListOperationsTests" time="0.002">
    <error message="Cannot get Jedis connection; nested exception is redis.clients.jedis.exceptions.JedisConnectionException: Could not get a resource from the pool" type="org.springframework.data.redis.RedisConnectionFailureException">org.springframework.data.redis.RedisConnectionFailureException: Cannot get Jedis connection; nested exception is redis.clients.jedis.exceptions.JedisConnectionException: Could not get a resource from the pool
	at org.springframework.data.redis.core.DefaultListOperationsTests.tearDown(DefaultListOperationsTests.java:85)
Caused by: redis.clients.jedis.exceptions.JedisConnectionException: Could not get a resource from the pool
	at org.springframework.data.redis.core.DefaultListOperationsTests.tearDown(DefaultListOperationsTests.java:85)
Caused by: redis.clients.jedis.exceptions.JedisConnectionException: java.net.ConnectException: Connection refused (Connection refused)
	at org.springframework.data.redis.core.DefaultListOperationsTests.tearDown(DefaultListOperationsTests.java:85)
Caused by: java.net.ConnectException: Connection refused (Connection refused)
	at org.springframework.data.redis.core.DefaultListOperationsTests.tearDown(DefaultListOperationsTests.java:85)
</error>
  </testcase>
  <testcase name="testRightPushAllCollection[7]" classname="org.springframework.data.redis.core.DefaultListOperationsTests" time="0.002">
    <error message="Cannot get Jedis connection; nested exception is redis.clients.jedis.exceptions.JedisConnectionException: Could not get a resource from the pool" type="org.springframework.data.redis.RedisConnectionFailureException">org.springframework.data.redis.RedisConnectionFailureException: Cannot get Jedis connection; nested exception is redis.clients.jedis.exceptions.JedisConnectionException: Could not get a resource from the pool
	at org.springframework.data.redis.core.DefaultListOperationsTests.testRightPushAllCollection(DefaultListOperationsTests.java:196)
Caused by: redis.clients.jedis.exceptions.JedisConnectionException: Could not get a resource from the pool
	at org.springframework.data.redis.core.DefaultListOperationsTests.testRightPushAllCollection(DefaultListOperationsTests.java:196)
Caused by: redis.clients.jedis.exceptions.JedisConnectionException: java.net.ConnectException: Connection refused (Connection refused)
	at org.springframework.data.redis.core.DefaultListOperationsTests.testRightPushAllCollection(DefaultListOperationsTests.java:196)
Caused by: java.net.ConnectException: Connection refused (Connection refused)
	at org.springframework.data.redis.core.DefaultListOperationsTests.testRightPushAllCollection(DefaultListOperationsTests.java:196)
</error>
  </testcase>
  <testcase name="testRightPushAllCollection[7]" classname="org.springframework.data.redis.core.DefaultListOperationsTests" time="0.002">
    <error message="Cannot get Jedis connection; nested exception is redis.clients.jedis.exceptions.JedisConnectionException: Could not get a resource from the pool" type="org.springframework.data.redis.RedisConnectionFailureException">org.springframework.data.redis.RedisConnectionFailureException: Cannot get Jedis connection; nested exception is redis.clients.jedis.exceptions.JedisConnectionException: Could not get a resource from the pool
	at org.springframework.data.redis.core.DefaultListOperationsTests.tearDown(DefaultListOperationsTests.java:85)
Caused by: redis.clients.jedis.exceptions.JedisConnectionException: Could not get a resource from the pool
	at org.springframework.data.redis.core.DefaultListOperationsTests.tearDown(DefaultListOperationsTests.java:85)
Caused by: redis.clients.jedis.exceptions.JedisConnectionException: java.net.ConnectException: Connection refused (Connection refused)
	at org.springframework.data.redis.core.DefaultListOperationsTests.tearDown(DefaultListOperationsTests.java:85)
Caused by: java.net.ConnectException: Connection refused (Connection refused)
	at org.springframework.data.redis.core.DefaultListOperationsTests.tearDown(DefaultListOperationsTests.java:85)
</error>
  </testcase>
  <testcase name="testRightPopAndLeftPush[7]" classname="org.springframework.data.redis.core.DefaultListOperationsTests" time="0.002">
    <error message="Cannot get Jedis connection; nested exception is redis.clients.jedis.exceptions.JedisConnectionException: Could not get a resource from the pool" type="org.springframework.data.redis.RedisConnectionFailureException">org.springframework.data.redis.RedisConnectionFailureException: Cannot get Jedis connection; nested exception is redis.clients.jedis.exceptions.JedisConnectionException: Could not get a resource from the pool
	at org.springframework.data.redis.core.DefaultListOperationsTests.testRightPopAndLeftPush(DefaultListOperationsTests.java:146)
Caused by: redis.clients.jedis.exceptions.JedisConnectionException: Could not get a resource from the pool
	at org.springframework.data.redis.core.DefaultListOperationsTests.testRightPopAndLeftPush(DefaultListOperationsTests.java:146)
Caused by: redis.clients.jedis.exceptions.JedisConnectionException: java.net.ConnectException: Connection refused (Connection refused)
	at org.springframework.data.redis.core.DefaultListOperationsTests.testRightPopAndLeftPush(DefaultListOperationsTests.java:146)
Caused by: java.net.ConnectException: Connection refused (Connection refused)
	at org.springframework.data.redis.core.DefaultListOperationsTests.testRightPopAndLeftPush(DefaultListOperationsTests.java:146)
</error>
  </testcase>
  <testcase name="testRightPopAndLeftPush[7]" classname="org.springframework.data.redis.core.DefaultListOperationsTests" time="0.002">
    <error message="Cannot get Jedis connection; nested exception is redis.clients.jedis.exceptions.JedisConnectionException: Could not get a resource from the pool" type="org.springframework.data.redis.RedisConnectionFailureException">org.springframework.data.redis.RedisConnectionFailureException: Cannot get Jedis connection; nested exception is redis.clients.jedis.exceptions.JedisConnectionException: Could not get a resource from the pool
	at org.springframework.data.redis.core.DefaultListOperationsTests.tearDown(DefaultListOperationsTests.java:85)
Caused by: redis.clients.jedis.exceptions.JedisConnectionException: Could not get a resource from the pool
	at org.springframework.data.redis.core.DefaultListOperationsTests.tearDown(DefaultListOperationsTests.java:85)
Caused by: redis.clients.jedis.exceptions.JedisConnectionException: java.net.ConnectException: Connection refused (Connection refused)
	at org.springframework.data.redis.core.DefaultListOperationsTests.tearDown(DefaultListOperationsTests.java:85)
Caused by: java.net.ConnectException: Connection refused (Connection refused)
	at org.springframework.data.redis.core.DefaultListOperationsTests.tearDown(DefaultListOperationsTests.java:85)
</error>
  </testcase>
  <testcase name="leftPushAllShouldThrowExceptionWhenCollectionContainsNullValue[7]" classname="org.springframework.data.redis.core.DefaultListOperationsTests" time="0.001">
    <error message="Cannot get Jedis connection; nested exception is redis.clients.jedis.exceptions.JedisConnectionException: Could not get a resource from the pool" type="org.springframework.data.redis.RedisConnectionFailureException">org.springframework.data.redis.RedisConnectionFailureException: Cannot get Jedis connection; nested exception is redis.clients.jedis.exceptions.JedisConnectionException: Could not get a resource from the pool
	at org.springframework.data.redis.core.DefaultListOperationsTests.tearDown(DefaultListOperationsTests.java:85)
Caused by: redis.clients.jedis.exceptions.JedisConnectionException: Could not get a resource from the pool
	at org.springframework.data.redis.core.DefaultListOperationsTests.tearDown(DefaultListOperationsTests.java:85)
Caused by: redis.clients.jedis.exceptions.JedisConnectionException: java.net.ConnectException: Connection refused (Connection refused)
	at org.springframework.data.redis.core.DefaultListOperationsTests.tearDown(DefaultListOperationsTests.java:85)
Caused by: java.net.ConnectException: Connection refused (Connection refused)
	at org.springframework.data.redis.core.DefaultListOperationsTests.tearDown(DefaultListOperationsTests.java:85)
</error>
  </testcase>
  <testcase name="rightPushAllShouldThrowExceptionWhenCalledWithNull[7]" classname="org.springframework.data.redis.core.DefaultListOperationsTests" time="0.001">
    <error message="Cannot get Jedis connection; nested exception is redis.clients.jedis.exceptions.JedisConnectionException: Could not get a resource from the pool" type="org.springframework.data.redis.RedisConnectionFailureException">org.springframework.data.redis.RedisConnectionFailureException: Cannot get Jedis connection; nested exception is redis.clients.jedis.exceptions.JedisConnectionException: Could not get a resource from the pool
	at org.springframework.data.redis.core.DefaultListOperationsTests.tearDown(DefaultListOperationsTests.java:85)
Caused by: redis.clients.jedis.exceptions.JedisConnectionException: Could not get a resource from the pool
	at org.springframework.data.redis.core.DefaultListOperationsTests.tearDown(DefaultListOperationsTests.java:85)
Caused by: redis.clients.jedis.exceptions.JedisConnectionException: java.net.ConnectException: Connection refused (Connection refused)
	at org.springframework.data.redis.core.DefaultListOperationsTests.tearDown(DefaultListOperationsTests.java:85)
Caused by: java.net.ConnectException: Connection refused (Connection refused)
	at org.springframework.data.redis.core.DefaultListOperationsTests.tearDown(DefaultListOperationsTests.java:85)
</error>
  </testcase>
  <testcase name="leftPushAllShouldThrowExceptionWhenCalledWithNull[7]" classname="org.springframework.data.redis.core.DefaultListOperationsTests" time="0.001">
    <error message="Cannot get Jedis connection; nested exception is redis.clients.jedis.exceptions.JedisConnectionException: Could not get a resource from the pool" type="org.springframework.data.redis.RedisConnectionFailureException">org.springframework.data.redis.RedisConnectionFailureException: Cannot get Jedis connection; nested exception is redis.clients.jedis.exceptions.JedisConnectionException: Could not get a resource from the pool
	at org.springframework.data.redis.core.DefaultListOperationsTests.tearDown(DefaultListOperationsTests.java:85)
Caused by: redis.clients.jedis.exceptions.JedisConnectionException: Could not get a resource from the pool
	at org.springframework.data.redis.core.DefaultListOperationsTests.tearDown(DefaultListOperationsTests.java:85)
Caused by: redis.clients.jedis.exceptions.JedisConnectionException: java.net.ConnectException: Connection refused (Connection refused)
	at org.springframework.data.redis.core.DefaultListOperationsTests.tearDown(DefaultListOperationsTests.java:85)
Caused by: java.net.ConnectException: Connection refused (Connection refused)
	at org.springframework.data.redis.core.DefaultListOperationsTests.tearDown(DefaultListOperationsTests.java:85)
</error>
  </testcase>
  <testcase name="leftPushAllShouldThrowExceptionWhenCalledWithEmptyCollection[7]" classname="org.springframework.data.redis.core.DefaultListOperationsTests" time="0.001">
    <error message="Cannot get Jedis connection; nested exception is redis.clients.jedis.exceptions.JedisConnectionException: Could not get a resource from the pool" type="org.springframework.data.redis.RedisConnectionFailureException">org.springframework.data.redis.RedisConnectionFailureException: Cannot get Jedis connection; nested exception is redis.clients.jedis.exceptions.JedisConnectionException: Could not get a resource from the pool
	at org.springframework.data.redis.core.DefaultListOperationsTests.tearDown(DefaultListOperationsTests.java:85)
Caused by: redis.clients.jedis.exceptions.JedisConnectionException: Could not get a resource from the pool
	at org.springframework.data.redis.core.DefaultListOperationsTests.tearDown(DefaultListOperationsTests.java:85)
Caused by: redis.clients.jedis.exceptions.JedisConnectionException: java.net.ConnectException: Connection refused (Connection refused)
	at org.springframework.data.redis.core.DefaultListOperationsTests.tearDown(DefaultListOperationsTests.java:85)
Caused by: java.net.ConnectException: Connection refused (Connection refused)
	at org.springframework.data.redis.core.DefaultListOperationsTests.tearDown(DefaultListOperationsTests.java:85)
</error>
  </testcase>
  <testcase name="testRightPopAndLeftPushTimeout[7]" classname="org.springframework.data.redis.core.DefaultListOperationsTests" time="0">
    <error message="Could not initialize class org.springframework.data.redis.RedisTestProfileValueSource" type="java.lang.NoClassDefFoundError">java.lang.NoClassDefFoundError: Could not initialize class org.springframework.data.redis.RedisTestProfileValueSource
	at org.springframework.data.redis.core.DefaultListOperationsTests.testRightPopAndLeftPushTimeout(DefaultListOperationsTests.java:132)
</error>
  </testcase>
  <testcase name="testRightPopAndLeftPushTimeout[7]" classname="org.springframework.data.redis.core.DefaultListOperationsTests" time="0.001">
    <error message="Cannot get Jedis connection; nested exception is redis.clients.jedis.exceptions.JedisConnectionException: Could not get a resource from the pool" type="org.springframework.data.redis.RedisConnectionFailureException">org.springframework.data.redis.RedisConnectionFailureException: Cannot get Jedis connection; nested exception is redis.clients.jedis.exceptions.JedisConnectionException: Could not get a resource from the pool
	at org.springframework.data.redis.core.DefaultListOperationsTests.tearDown(DefaultListOperationsTests.java:85)
Caused by: redis.clients.jedis.exceptions.JedisConnectionException: Could not get a resource from the pool
	at org.springframework.data.redis.core.DefaultListOperationsTests.tearDown(DefaultListOperationsTests.java:85)
Caused by: redis.clients.jedis.exceptions.JedisConnectionException: java.net.ConnectException: Connection refused (Connection refused)
	at org.springframework.data.redis.core.DefaultListOperationsTests.tearDown(DefaultListOperationsTests.java:85)
Caused by: java.net.ConnectException: Connection refused (Connection refused)
	at org.springframework.data.redis.core.DefaultListOperationsTests.tearDown(DefaultListOperationsTests.java:85)
</error>
  </testcase>
  <testcase name="testLeftPushWithPivot[7]" classname="org.springframework.data.redis.core.DefaultListOperationsTests" time="0.002">
    <error message="Cannot get Jedis connection; nested exception is redis.clients.jedis.exceptions.JedisConnectionException: Could not get a resource from the pool" type="org.springframework.data.redis.RedisConnectionFailureException">org.springframework.data.redis.RedisConnectionFailureException: Cannot get Jedis connection; nested exception is redis.clients.jedis.exceptions.JedisConnectionException: Could not get a resource from the pool
	at org.springframework.data.redis.core.DefaultListOperationsTests.testLeftPushWithPivot(DefaultListOperationsTests.java:100)
Caused by: redis.clients.jedis.exceptions.JedisConnectionException: Could not get a resource from the pool
	at org.springframework.data.redis.core.DefaultListOperationsTests.testLeftPushWithPivot(DefaultListOperationsTests.java:100)
Caused by: redis.clients.jedis.exceptions.JedisConnectionException: java.net.ConnectException: Connection refused (Connection refused)
	at org.springframework.data.redis.core.DefaultListOperationsTests.testLeftPushWithPivot(DefaultListOperationsTests.java:100)
Caused by: java.net.ConnectException: Connection refused (Connection refused)
	at org.springframework.data.redis.core.DefaultListOperationsTests.testLeftPushWithPivot(DefaultListOperationsTests.java:100)
</error>
    <system-out><![CDATA[Value1org.springframework.data.redis.Person@46a0b8ee
Value2org.springframework.data.redis.Person@ee413e0a
Value3org.springframework.data.redis.Person@57ee4c54
]]></system-out>
  </testcase>
  <testcase name="testLeftPushWithPivot[7]" classname="org.springframework.data.redis.core.DefaultListOperationsTests" time="0.002">
    <error message="Cannot get Jedis connection; nested exception is redis.clients.jedis.exceptions.JedisConnectionException: Could not get a resource from the pool" type="org.springframework.data.redis.RedisConnectionFailureException">org.springframework.data.redis.RedisConnectionFailureException: Cannot get Jedis connection; nested exception is redis.clients.jedis.exceptions.JedisConnectionException: Could not get a resource from the pool
	at org.springframework.data.redis.core.DefaultListOperationsTests.tearDown(DefaultListOperationsTests.java:85)
Caused by: redis.clients.jedis.exceptions.JedisConnectionException: Could not get a resource from the pool
	at org.springframework.data.redis.core.DefaultListOperationsTests.tearDown(DefaultListOperationsTests.java:85)
Caused by: redis.clients.jedis.exceptions.JedisConnectionException: java.net.ConnectException: Connection refused (Connection refused)
	at org.springframework.data.redis.core.DefaultListOperationsTests.tearDown(DefaultListOperationsTests.java:85)
Caused by: java.net.ConnectException: Connection refused (Connection refused)
	at org.springframework.data.redis.core.DefaultListOperationsTests.tearDown(DefaultListOperationsTests.java:85)
</error>
  </testcase>
  <testcase name="rightPushAllShouldThrowExceptionWhenCollectionContainsNullValue[8]" classname="org.springframework.data.redis.core.DefaultListOperationsTests" time="0.001">
    <error message="Cannot get Jedis connection; nested exception is redis.clients.jedis.exceptions.JedisConnectionException: Could not get a resource from the pool" type="org.springframework.data.redis.RedisConnectionFailureException">org.springframework.data.redis.RedisConnectionFailureException: Cannot get Jedis connection; nested exception is redis.clients.jedis.exceptions.JedisConnectionException: Could not get a resource from the pool
	at org.springframework.data.redis.core.DefaultListOperationsTests.tearDown(DefaultListOperationsTests.java:85)
Caused by: redis.clients.jedis.exceptions.JedisConnectionException: Could not get a resource from the pool
	at org.springframework.data.redis.core.DefaultListOperationsTests.tearDown(DefaultListOperationsTests.java:85)
Caused by: redis.clients.jedis.exceptions.JedisConnectionException: java.net.ConnectException: Connection refused (Connection refused)
	at org.springframework.data.redis.core.DefaultListOperationsTests.tearDown(DefaultListOperationsTests.java:85)
Caused by: java.net.ConnectException: Connection refused (Connection refused)
	at org.springframework.data.redis.core.DefaultListOperationsTests.tearDown(DefaultListOperationsTests.java:85)
</error>
  </testcase>
  <testcase name="testLeftPushAll[8]" classname="org.springframework.data.redis.core.DefaultListOperationsTests" time="0.005">
    <error message="Cannot get Jedis connection; nested exception is redis.clients.jedis.exceptions.JedisConnectionException: Could not get a resource from the pool" type="org.springframework.data.redis.RedisConnectionFailureException">org.springframework.data.redis.RedisConnectionFailureException: Cannot get Jedis connection; nested exception is redis.clients.jedis.exceptions.JedisConnectionException: Could not get a resource from the pool
	at org.springframework.data.redis.core.DefaultListOperationsTests.testLeftPushAll(DefaultListOperationsTests.java:124)
Caused by: redis.clients.jedis.exceptions.JedisConnectionException: Could not get a resource from the pool
	at org.springframework.data.redis.core.DefaultListOperationsTests.testLeftPushAll(DefaultListOperationsTests.java:124)
Caused by: redis.clients.jedis.exceptions.JedisConnectionException: java.net.ConnectException: Connection refused (Connection refused)
	at org.springframework.data.redis.core.DefaultListOperationsTests.testLeftPushAll(DefaultListOperationsTests.java:124)
Caused by: java.net.ConnectException: Connection refused (Connection refused)
	at org.springframework.data.redis.core.DefaultListOperationsTests.testLeftPushAll(DefaultListOperationsTests.java:124)
</error>
  </testcase>
  <testcase name="testLeftPushAll[8]" classname="org.springframework.data.redis.core.DefaultListOperationsTests" time="0.006">
    <error message="Cannot get Jedis connection; nested exception is redis.clients.jedis.exceptions.JedisConnectionException: Could not get a resource from the pool" type="org.springframework.data.redis.RedisConnectionFailureException">org.springframework.data.redis.RedisConnectionFailureException: Cannot get Jedis connection; nested exception is redis.clients.jedis.exceptions.JedisConnectionException: Could not get a resource from the pool
	at org.springframework.data.redis.core.DefaultListOperationsTests.tearDown(DefaultListOperationsTests.java:85)
Caused by: redis.clients.jedis.exceptions.JedisConnectionException: Could not get a resource from the pool
	at org.springframework.data.redis.core.DefaultListOperationsTests.tearDown(DefaultListOperationsTests.java:85)
Caused by: redis.clients.jedis.exceptions.JedisConnectionException: java.net.ConnectException: Connection refused (Connection refused)
	at org.springframework.data.redis.core.DefaultListOperationsTests.tearDown(DefaultListOperationsTests.java:85)
Caused by: java.net.ConnectException: Connection refused (Connection refused)
	at org.springframework.data.redis.core.DefaultListOperationsTests.tearDown(DefaultListOperationsTests.java:85)
</error>
  </testcase>
  <testcase name="rightPushAllShouldThrowExceptionWhenCalledWithEmptyCollection[8]" classname="org.springframework.data.redis.core.DefaultListOperationsTests" time="0.001">
    <error message="Cannot get Jedis connection; nested exception is redis.clients.jedis.exceptions.JedisConnectionException: Could not get a resource from the pool" type="org.springframework.data.redis.RedisConnectionFailureException">org.springframework.data.redis.RedisConnectionFailureException: Cannot get Jedis connection; nested exception is redis.clients.jedis.exceptions.JedisConnectionException: Could not get a resource from the pool
	at org.springframework.data.redis.core.DefaultListOperationsTests.tearDown(DefaultListOperationsTests.java:85)
Caused by: redis.clients.jedis.exceptions.JedisConnectionException: Could not get a resource from the pool
	at org.springframework.data.redis.core.DefaultListOperationsTests.tearDown(DefaultListOperationsTests.java:85)
Caused by: redis.clients.jedis.exceptions.JedisConnectionException: java.net.ConnectException: Connection refused (Connection refused)
	at org.springframework.data.redis.core.DefaultListOperationsTests.tearDown(DefaultListOperationsTests.java:85)
Caused by: java.net.ConnectException: Connection refused (Connection refused)
	at org.springframework.data.redis.core.DefaultListOperationsTests.tearDown(DefaultListOperationsTests.java:85)
</error>
  </testcase>
  <testcase name="testRightPushAll[8]" classname="org.springframework.data.redis.core.DefaultListOperationsTests" time="0.002">
    <error message="Cannot get Jedis connection; nested exception is redis.clients.jedis.exceptions.JedisConnectionException: Could not get a resource from the pool" type="org.springframework.data.redis.RedisConnectionFailureException">org.springframework.data.redis.RedisConnectionFailureException: Cannot get Jedis connection; nested exception is redis.clients.jedis.exceptions.JedisConnectionException: Could not get a resource from the pool
	at org.springframework.data.redis.core.DefaultListOperationsTests.testRightPushAll(DefaultListOperationsTests.java:181)
Caused by: redis.clients.jedis.exceptions.JedisConnectionException: Could not get a resource from the pool
	at org.springframework.data.redis.core.DefaultListOperationsTests.testRightPushAll(DefaultListOperationsTests.java:181)
Caused by: redis.clients.jedis.exceptions.JedisConnectionException: java.net.ConnectException: Connection refused (Connection refused)
	at org.springframework.data.redis.core.DefaultListOperationsTests.testRightPushAll(DefaultListOperationsTests.java:181)
Caused by: java.net.ConnectException: Connection refused (Connection refused)
	at org.springframework.data.redis.core.DefaultListOperationsTests.testRightPushAll(DefaultListOperationsTests.java:181)
</error>
  </testcase>
  <testcase name="testRightPushAll[8]" classname="org.springframework.data.redis.core.DefaultListOperationsTests" time="0.003">
    <error message="Cannot get Jedis connection; nested exception is redis.clients.jedis.exceptions.JedisConnectionException: Could not get a resource from the pool" type="org.springframework.data.redis.RedisConnectionFailureException">org.springframework.data.redis.RedisConnectionFailureException: Cannot get Jedis connection; nested exception is redis.clients.jedis.exceptions.JedisConnectionException: Could not get a resource from the pool
	at org.springframework.data.redis.core.DefaultListOperationsTests.tearDown(DefaultListOperationsTests.java:85)
Caused by: redis.clients.jedis.exceptions.JedisConnectionException: Could not get a resource from the pool
	at org.springframework.data.redis.core.DefaultListOperationsTests.tearDown(DefaultListOperationsTests.java:85)
Caused by: redis.clients.jedis.exceptions.JedisConnectionException: java.net.ConnectException: Connection refused (Connection refused)
	at org.springframework.data.redis.core.DefaultListOperationsTests.tearDown(DefaultListOperationsTests.java:85)
Caused by: java.net.ConnectException: Connection refused (Connection refused)
	at org.springframework.data.redis.core.DefaultListOperationsTests.tearDown(DefaultListOperationsTests.java:85)
</error>
  </testcase>
  <testcase name="testRightPushWithPivot[8]" classname="org.springframework.data.redis.core.DefaultListOperationsTests" time="0.002">
    <error message="Cannot get Jedis connection; nested exception is redis.clients.jedis.exceptions.JedisConnectionException: Could not get a resource from the pool" type="org.springframework.data.redis.RedisConnectionFailureException">org.springframework.data.redis.RedisConnectionFailureException: Cannot get Jedis connection; nested exception is redis.clients.jedis.exceptions.JedisConnectionException: Could not get a resource from the pool
	at org.springframework.data.redis.core.DefaultListOperationsTests.testRightPushWithPivot(DefaultListOperationsTests.java:157)
Caused by: redis.clients.jedis.exceptions.JedisConnectionException: Could not get a resource from the pool
	at org.springframework.data.redis.core.DefaultListOperationsTests.testRightPushWithPivot(DefaultListOperationsTests.java:157)
Caused by: redis.clients.jedis.exceptions.JedisConnectionException: java.net.ConnectException: Connection refused (Connection refused)
	at org.springframework.data.redis.core.DefaultListOperationsTests.testRightPushWithPivot(DefaultListOperationsTests.java:157)
Caused by: java.net.ConnectException: Connection refused (Connection refused)
	at org.springframework.data.redis.core.DefaultListOperationsTests.testRightPushWithPivot(DefaultListOperationsTests.java:157)
</error>
  </testcase>
  <testcase name="testRightPushWithPivot[8]" classname="org.springframework.data.redis.core.DefaultListOperationsTests" time="0.002">
    <error message="Cannot get Jedis connection; nested exception is redis.clients.jedis.exceptions.JedisConnectionException: Could not get a resource from the pool" type="org.springframework.data.redis.RedisConnectionFailureException">org.springframework.data.redis.RedisConnectionFailureException: Cannot get Jedis connection; nested exception is redis.clients.jedis.exceptions.JedisConnectionException: Could not get a resource from the pool
	at org.springframework.data.redis.core.DefaultListOperationsTests.tearDown(DefaultListOperationsTests.java:85)
Caused by: redis.clients.jedis.exceptions.JedisConnectionException: Could not get a resource from the pool
	at org.springframework.data.redis.core.DefaultListOperationsTests.tearDown(DefaultListOperationsTests.java:85)
Caused by: redis.clients.jedis.exceptions.JedisConnectionException: java.net.ConnectException: Connection refused (Connection refused)
	at org.springframework.data.redis.core.DefaultListOperationsTests.tearDown(DefaultListOperationsTests.java:85)
Caused by: java.net.ConnectException: Connection refused (Connection refused)
	at org.springframework.data.redis.core.DefaultListOperationsTests.tearDown(DefaultListOperationsTests.java:85)
</error>
  </testcase>
  <testcase name="testLeftPushIfPresent[8]" classname="org.springframework.data.redis.core.DefaultListOperationsTests" time="0.002">
    <error message="Cannot get Jedis connection; nested exception is redis.clients.jedis.exceptions.JedisConnectionException: Could not get a resource from the pool" type="org.springframework.data.redis.RedisConnectionFailureException">org.springframework.data.redis.RedisConnectionFailureException: Cannot get Jedis connection; nested exception is redis.clients.jedis.exceptions.JedisConnectionException: Could not get a resource from the pool
	at org.springframework.data.redis.core.DefaultListOperationsTests.testLeftPushIfPresent(DefaultListOperationsTests.java:111)
Caused by: redis.clients.jedis.exceptions.JedisConnectionException: Could not get a resource from the pool
	at org.springframework.data.redis.core.DefaultListOperationsTests.testLeftPushIfPresent(DefaultListOperationsTests.java:111)
Caused by: redis.clients.jedis.exceptions.JedisConnectionException: java.net.ConnectException: Connection refused (Connection refused)
	at org.springframework.data.redis.core.DefaultListOperationsTests.testLeftPushIfPresent(DefaultListOperationsTests.java:111)
Caused by: java.net.ConnectException: Connection refused (Connection refused)
	at org.springframework.data.redis.core.DefaultListOperationsTests.testLeftPushIfPresent(DefaultListOperationsTests.java:111)
</error>
  </testcase>
  <testcase name="testLeftPushIfPresent[8]" classname="org.springframework.data.redis.core.DefaultListOperationsTests" time="0.003">
    <error message="Cannot get Jedis connection; nested exception is redis.clients.jedis.exceptions.JedisConnectionException: Could not get a resource from the pool" type="org.springframework.data.redis.RedisConnectionFailureException">org.springframework.data.redis.RedisConnectionFailureException: Cannot get Jedis connection; nested exception is redis.clients.jedis.exceptions.JedisConnectionException: Could not get a resource from the pool
	at org.springframework.data.redis.core.DefaultListOperationsTests.tearDown(DefaultListOperationsTests.java:85)
Caused by: redis.clients.jedis.exceptions.JedisConnectionException: Could not get a resource from the pool
	at org.springframework.data.redis.core.DefaultListOperationsTests.tearDown(DefaultListOperationsTests.java:85)
Caused by: redis.clients.jedis.exceptions.JedisConnectionException: java.net.ConnectException: Connection refused (Connection refused)
	at org.springframework.data.redis.core.DefaultListOperationsTests.tearDown(DefaultListOperationsTests.java:85)
Caused by: java.net.ConnectException: Connection refused (Connection refused)
	at org.springframework.data.redis.core.DefaultListOperationsTests.tearDown(DefaultListOperationsTests.java:85)
</error>
  </testcase>
  <testcase name="testLeftPushAllCollection[8]" classname="org.springframework.data.redis.core.DefaultListOperationsTests" time="0.001">
    <error message="Cannot get Jedis connection; nested exception is redis.clients.jedis.exceptions.JedisConnectionException: Could not get a resource from the pool" type="org.springframework.data.redis.RedisConnectionFailureException">org.springframework.data.redis.RedisConnectionFailureException: Cannot get Jedis connection; nested exception is redis.clients.jedis.exceptions.JedisConnectionException: Could not get a resource from the pool
	at org.springframework.data.redis.core.DefaultListOperationsTests.testLeftPushAllCollection(DefaultListOperationsTests.java:226)
Caused by: redis.clients.jedis.exceptions.JedisConnectionException: Could not get a resource from the pool
	at org.springframework.data.redis.core.DefaultListOperationsTests.testLeftPushAllCollection(DefaultListOperationsTests.java:226)
Caused by: redis.clients.jedis.exceptions.JedisConnectionException: java.net.ConnectException: Connection refused (Connection refused)
	at org.springframework.data.redis.core.DefaultListOperationsTests.testLeftPushAllCollection(DefaultListOperationsTests.java:226)
Caused by: java.net.ConnectException: Connection refused (Connection refused)
	at org.springframework.data.redis.core.DefaultListOperationsTests.testLeftPushAllCollection(DefaultListOperationsTests.java:226)
</error>
  </testcase>
  <testcase name="testLeftPushAllCollection[8]" classname="org.springframework.data.redis.core.DefaultListOperationsTests" time="0.002">
    <error message="Cannot get Jedis connection; nested exception is redis.clients.jedis.exceptions.JedisConnectionException: Could not get a resource from the pool" type="org.springframework.data.redis.RedisConnectionFailureException">org.springframework.data.redis.RedisConnectionFailureException: Cannot get Jedis connection; nested exception is redis.clients.jedis.exceptions.JedisConnectionException: Could not get a resource from the pool
	at org.springframework.data.redis.core.DefaultListOperationsTests.tearDown(DefaultListOperationsTests.java:85)
Caused by: redis.clients.jedis.exceptions.JedisConnectionException: Could not get a resource from the pool
	at org.springframework.data.redis.core.DefaultListOperationsTests.tearDown(DefaultListOperationsTests.java:85)
Caused by: redis.clients.jedis.exceptions.JedisConnectionException: java.net.ConnectException: Connection refused (Connection refused)
	at org.springframework.data.redis.core.DefaultListOperationsTests.tearDown(DefaultListOperationsTests.java:85)
Caused by: java.net.ConnectException: Connection refused (Connection refused)
	at org.springframework.data.redis.core.DefaultListOperationsTests.tearDown(DefaultListOperationsTests.java:85)
</error>
  </testcase>
  <testcase name="testRightPushIfPresent[8]" classname="org.springframework.data.redis.core.DefaultListOperationsTests" time="0.002">
    <error message="Cannot get Jedis connection; nested exception is redis.clients.jedis.exceptions.JedisConnectionException: Could not get a resource from the pool" type="org.springframework.data.redis.RedisConnectionFailureException">org.springframework.data.redis.RedisConnectionFailureException: Cannot get Jedis connection; nested exception is redis.clients.jedis.exceptions.JedisConnectionException: Could not get a resource from the pool
	at org.springframework.data.redis.core.DefaultListOperationsTests.testRightPushIfPresent(DefaultListOperationsTests.java:168)
Caused by: redis.clients.jedis.exceptions.JedisConnectionException: Could not get a resource from the pool
	at org.springframework.data.redis.core.DefaultListOperationsTests.testRightPushIfPresent(DefaultListOperationsTests.java:168)
Caused by: redis.clients.jedis.exceptions.JedisConnectionException: java.net.ConnectException: Connection refused (Connection refused)
	at org.springframework.data.redis.core.DefaultListOperationsTests.testRightPushIfPresent(DefaultListOperationsTests.java:168)
Caused by: java.net.ConnectException: Connection refused (Connection refused)
	at org.springframework.data.redis.core.DefaultListOperationsTests.testRightPushIfPresent(DefaultListOperationsTests.java:168)
</error>
  </testcase>
  <testcase name="testRightPushIfPresent[8]" classname="org.springframework.data.redis.core.DefaultListOperationsTests" time="0.002">
    <error message="Cannot get Jedis connection; nested exception is redis.clients.jedis.exceptions.JedisConnectionException: Could not get a resource from the pool" type="org.springframework.data.redis.RedisConnectionFailureException">org.springframework.data.redis.RedisConnectionFailureException: Cannot get Jedis connection; nested exception is redis.clients.jedis.exceptions.JedisConnectionException: Could not get a resource from the pool
	at org.springframework.data.redis.core.DefaultListOperationsTests.tearDown(DefaultListOperationsTests.java:85)
Caused by: redis.clients.jedis.exceptions.JedisConnectionException: Could not get a resource from the pool
	at org.springframework.data.redis.core.DefaultListOperationsTests.tearDown(DefaultListOperationsTests.java:85)
Caused by: redis.clients.jedis.exceptions.JedisConnectionException: java.net.ConnectException: Connection refused (Connection refused)
	at org.springframework.data.redis.core.DefaultListOperationsTests.tearDown(DefaultListOperationsTests.java:85)
Caused by: java.net.ConnectException: Connection refused (Connection refused)
	at org.springframework.data.redis.core.DefaultListOperationsTests.tearDown(DefaultListOperationsTests.java:85)
</error>
  </testcase>
  <testcase name="testRightPushAllCollection[8]" classname="org.springframework.data.redis.core.DefaultListOperationsTests" time="0.002">
    <error message="Cannot get Jedis connection; nested exception is redis.clients.jedis.exceptions.JedisConnectionException: Could not get a resource from the pool" type="org.springframework.data.redis.RedisConnectionFailureException">org.springframework.data.redis.RedisConnectionFailureException: Cannot get Jedis connection; nested exception is redis.clients.jedis.exceptions.JedisConnectionException: Could not get a resource from the pool
	at org.springframework.data.redis.core.DefaultListOperationsTests.testRightPushAllCollection(DefaultListOperationsTests.java:196)
Caused by: redis.clients.jedis.exceptions.JedisConnectionException: Could not get a resource from the pool
	at org.springframework.data.redis.core.DefaultListOperationsTests.testRightPushAllCollection(DefaultListOperationsTests.java:196)
Caused by: redis.clients.jedis.exceptions.JedisConnectionException: java.net.ConnectException: Connection refused (Connection refused)
	at org.springframework.data.redis.core.DefaultListOperationsTests.testRightPushAllCollection(DefaultListOperationsTests.java:196)
Caused by: java.net.ConnectException: Connection refused (Connection refused)
	at org.springframework.data.redis.core.DefaultListOperationsTests.testRightPushAllCollection(DefaultListOperationsTests.java:196)
</error>
  </testcase>
  <testcase name="testRightPushAllCollection[8]" classname="org.springframework.data.redis.core.DefaultListOperationsTests" time="0.003">
    <error message="Cannot get Jedis connection; nested exception is redis.clients.jedis.exceptions.JedisConnectionException: Could not get a resource from the pool" type="org.springframework.data.redis.RedisConnectionFailureException">org.springframework.data.redis.RedisConnectionFailureException: Cannot get Jedis connection; nested exception is redis.clients.jedis.exceptions.JedisConnectionException: Could not get a resource from the pool
	at org.springframework.data.redis.core.DefaultListOperationsTests.tearDown(DefaultListOperationsTests.java:85)
Caused by: redis.clients.jedis.exceptions.JedisConnectionException: Could not get a resource from the pool
	at org.springframework.data.redis.core.DefaultListOperationsTests.tearDown(DefaultListOperationsTests.java:85)
Caused by: redis.clients.jedis.exceptions.JedisConnectionException: java.net.ConnectException: Connection refused (Connection refused)
	at org.springframework.data.redis.core.DefaultListOperationsTests.tearDown(DefaultListOperationsTests.java:85)
Caused by: java.net.ConnectException: Connection refused (Connection refused)
	at org.springframework.data.redis.core.DefaultListOperationsTests.tearDown(DefaultListOperationsTests.java:85)
</error>
  </testcase>
  <testcase name="testRightPopAndLeftPush[8]" classname="org.springframework.data.redis.core.DefaultListOperationsTests" time="0.001">
    <error message="Cannot get Jedis connection; nested exception is redis.clients.jedis.exceptions.JedisConnectionException: Could not get a resource from the pool" type="org.springframework.data.redis.RedisConnectionFailureException">org.springframework.data.redis.RedisConnectionFailureException: Cannot get Jedis connection; nested exception is redis.clients.jedis.exceptions.JedisConnectionException: Could not get a resource from the pool
	at org.springframework.data.redis.core.DefaultListOperationsTests.testRightPopAndLeftPush(DefaultListOperationsTests.java:146)
Caused by: redis.clients.jedis.exceptions.JedisConnectionException: Could not get a resource from the pool
	at org.springframework.data.redis.core.DefaultListOperationsTests.testRightPopAndLeftPush(DefaultListOperationsTests.java:146)
Caused by: redis.clients.jedis.exceptions.JedisConnectionException: java.net.ConnectException: Connection refused (Connection refused)
	at org.springframework.data.redis.core.DefaultListOperationsTests.testRightPopAndLeftPush(DefaultListOperationsTests.java:146)
Caused by: java.net.ConnectException: Connection refused (Connection refused)
	at org.springframework.data.redis.core.DefaultListOperationsTests.testRightPopAndLeftPush(DefaultListOperationsTests.java:146)
</error>
  </testcase>
  <testcase name="testRightPopAndLeftPush[8]" classname="org.springframework.data.redis.core.DefaultListOperationsTests" time="0.002">
    <error message="Cannot get Jedis connection; nested exception is redis.clients.jedis.exceptions.JedisConnectionException: Could not get a resource from the pool" type="org.springframework.data.redis.RedisConnectionFailureException">org.springframework.data.redis.RedisConnectionFailureException: Cannot get Jedis connection; nested exception is redis.clients.jedis.exceptions.JedisConnectionException: Could not get a resource from the pool
	at org.springframework.data.redis.core.DefaultListOperationsTests.tearDown(DefaultListOperationsTests.java:85)
Caused by: redis.clients.jedis.exceptions.JedisConnectionException: Could not get a resource from the pool
	at org.springframework.data.redis.core.DefaultListOperationsTests.tearDown(DefaultListOperationsTests.java:85)
Caused by: redis.clients.jedis.exceptions.JedisConnectionException: java.net.ConnectException: Connection refused (Connection refused)
	at org.springframework.data.redis.core.DefaultListOperationsTests.tearDown(DefaultListOperationsTests.java:85)
Caused by: java.net.ConnectException: Connection refused (Connection refused)
	at org.springframework.data.redis.core.DefaultListOperationsTests.tearDown(DefaultListOperationsTests.java:85)
</error>
  </testcase>
  <testcase name="leftPushAllShouldThrowExceptionWhenCollectionContainsNullValue[8]" classname="org.springframework.data.redis.core.DefaultListOperationsTests" time="0.001">
    <error message="Cannot get Jedis connection; nested exception is redis.clients.jedis.exceptions.JedisConnectionException: Could not get a resource from the pool" type="org.springframework.data.redis.RedisConnectionFailureException">org.springframework.data.redis.RedisConnectionFailureException: Cannot get Jedis connection; nested exception is redis.clients.jedis.exceptions.JedisConnectionException: Could not get a resource from the pool
	at org.springframework.data.redis.core.DefaultListOperationsTests.tearDown(DefaultListOperationsTests.java:85)
Caused by: redis.clients.jedis.exceptions.JedisConnectionException: Could not get a resource from the pool
	at org.springframework.data.redis.core.DefaultListOperationsTests.tearDown(DefaultListOperationsTests.java:85)
Caused by: redis.clients.jedis.exceptions.JedisConnectionException: java.net.ConnectException: Connection refused (Connection refused)
	at org.springframework.data.redis.core.DefaultListOperationsTests.tearDown(DefaultListOperationsTests.java:85)
Caused by: java.net.ConnectException: Connection refused (Connection refused)
	at org.springframework.data.redis.core.DefaultListOperationsTests.tearDown(DefaultListOperationsTests.java:85)
</error>
  </testcase>
  <testcase name="rightPushAllShouldThrowExceptionWhenCalledWithNull[8]" classname="org.springframework.data.redis.core.DefaultListOperationsTests" time="0.001">
    <error message="Cannot get Jedis connection; nested exception is redis.clients.jedis.exceptions.JedisConnectionException: Could not get a resource from the pool" type="org.springframework.data.redis.RedisConnectionFailureException">org.springframework.data.redis.RedisConnectionFailureException: Cannot get Jedis connection; nested exception is redis.clients.jedis.exceptions.JedisConnectionException: Could not get a resource from the pool
	at org.springframework.data.redis.core.DefaultListOperationsTests.tearDown(DefaultListOperationsTests.java:85)
Caused by: redis.clients.jedis.exceptions.JedisConnectionException: Could not get a resource from the pool
	at org.springframework.data.redis.core.DefaultListOperationsTests.tearDown(DefaultListOperationsTests.java:85)
Caused by: redis.clients.jedis.exceptions.JedisConnectionException: java.net.ConnectException: Connection refused (Connection refused)
	at org.springframework.data.redis.core.DefaultListOperationsTests.tearDown(DefaultListOperationsTests.java:85)
Caused by: java.net.ConnectException: Connection refused (Connection refused)
	at org.springframework.data.redis.core.DefaultListOperationsTests.tearDown(DefaultListOperationsTests.java:85)
</error>
  </testcase>
  <testcase name="leftPushAllShouldThrowExceptionWhenCalledWithNull[8]" classname="org.springframework.data.redis.core.DefaultListOperationsTests" time="0.001">
    <error message="Cannot get Jedis connection; nested exception is redis.clients.jedis.exceptions.JedisConnectionException: Could not get a resource from the pool" type="org.springframework.data.redis.RedisConnectionFailureException">org.springframework.data.redis.RedisConnectionFailureException: Cannot get Jedis connection; nested exception is redis.clients.jedis.exceptions.JedisConnectionException: Could not get a resource from the pool
	at org.springframework.data.redis.core.DefaultListOperationsTests.tearDown(DefaultListOperationsTests.java:85)
Caused by: redis.clients.jedis.exceptions.JedisConnectionException: Could not get a resource from the pool
	at org.springframework.data.redis.core.DefaultListOperationsTests.tearDown(DefaultListOperationsTests.java:85)
Caused by: redis.clients.jedis.exceptions.JedisConnectionException: java.net.ConnectException: Connection refused (Connection refused)
	at org.springframework.data.redis.core.DefaultListOperationsTests.tearDown(DefaultListOperationsTests.java:85)
Caused by: java.net.ConnectException: Connection refused (Connection refused)
	at org.springframework.data.redis.core.DefaultListOperationsTests.tearDown(DefaultListOperationsTests.java:85)
</error>
  </testcase>
  <testcase name="leftPushAllShouldThrowExceptionWhenCalledWithEmptyCollection[8]" classname="org.springframework.data.redis.core.DefaultListOperationsTests" time="0.001">
    <error message="Cannot get Jedis connection; nested exception is redis.clients.jedis.exceptions.JedisConnectionException: Could not get a resource from the pool" type="org.springframework.data.redis.RedisConnectionFailureException">org.springframework.data.redis.RedisConnectionFailureException: Cannot get Jedis connection; nested exception is redis.clients.jedis.exceptions.JedisConnectionException: Could not get a resource from the pool
	at org.springframework.data.redis.core.DefaultListOperationsTests.tearDown(DefaultListOperationsTests.java:85)
Caused by: redis.clients.jedis.exceptions.JedisConnectionException: Could not get a resource from the pool
	at org.springframework.data.redis.core.DefaultListOperationsTests.tearDown(DefaultListOperationsTests.java:85)
Caused by: redis.clients.jedis.exceptions.JedisConnectionException: java.net.ConnectException: Connection refused (Connection refused)
	at org.springframework.data.redis.core.DefaultListOperationsTests.tearDown(DefaultListOperationsTests.java:85)
Caused by: java.net.ConnectException: Connection refused (Connection refused)
	at org.springframework.data.redis.core.DefaultListOperationsTests.tearDown(DefaultListOperationsTests.java:85)
</error>
  </testcase>
  <testcase name="testRightPopAndLeftPushTimeout[8]" classname="org.springframework.data.redis.core.DefaultListOperationsTests" time="0.001">
    <error message="Could not initialize class org.springframework.data.redis.RedisTestProfileValueSource" type="java.lang.NoClassDefFoundError">java.lang.NoClassDefFoundError: Could not initialize class org.springframework.data.redis.RedisTestProfileValueSource
	at org.springframework.data.redis.core.DefaultListOperationsTests.testRightPopAndLeftPushTimeout(DefaultListOperationsTests.java:132)
</error>
  </testcase>
  <testcase name="testRightPopAndLeftPushTimeout[8]" classname="org.springframework.data.redis.core.DefaultListOperationsTests" time="0.001">
    <error message="Cannot get Jedis connection; nested exception is redis.clients.jedis.exceptions.JedisConnectionException: Could not get a resource from the pool" type="org.springframework.data.redis.RedisConnectionFailureException">org.springframework.data.redis.RedisConnectionFailureException: Cannot get Jedis connection; nested exception is redis.clients.jedis.exceptions.JedisConnectionException: Could not get a resource from the pool
	at org.springframework.data.redis.core.DefaultListOperationsTests.tearDown(DefaultListOperationsTests.java:85)
Caused by: redis.clients.jedis.exceptions.JedisConnectionException: Could not get a resource from the pool
	at org.springframework.data.redis.core.DefaultListOperationsTests.tearDown(DefaultListOperationsTests.java:85)
Caused by: redis.clients.jedis.exceptions.JedisConnectionException: java.net.ConnectException: Connection refused (Connection refused)
	at org.springframework.data.redis.core.DefaultListOperationsTests.tearDown(DefaultListOperationsTests.java:85)
Caused by: java.net.ConnectException: Connection refused (Connection refused)
	at org.springframework.data.redis.core.DefaultListOperationsTests.tearDown(DefaultListOperationsTests.java:85)
</error>
  </testcase>
  <testcase name="testLeftPushWithPivot[8]" classname="org.springframework.data.redis.core.DefaultListOperationsTests" time="0.002">
    <error message="Cannot get Jedis connection; nested exception is redis.clients.jedis.exceptions.JedisConnectionException: Could not get a resource from the pool" type="org.springframework.data.redis.RedisConnectionFailureException">org.springframework.data.redis.RedisConnectionFailureException: Cannot get Jedis connection; nested exception is redis.clients.jedis.exceptions.JedisConnectionException: Could not get a resource from the pool
	at org.springframework.data.redis.core.DefaultListOperationsTests.testLeftPushWithPivot(DefaultListOperationsTests.java:100)
Caused by: redis.clients.jedis.exceptions.JedisConnectionException: Could not get a resource from the pool
	at org.springframework.data.redis.core.DefaultListOperationsTests.testLeftPushWithPivot(DefaultListOperationsTests.java:100)
Caused by: redis.clients.jedis.exceptions.JedisConnectionException: java.net.ConnectException: Connection refused (Connection refused)
	at org.springframework.data.redis.core.DefaultListOperationsTests.testLeftPushWithPivot(DefaultListOperationsTests.java:100)
Caused by: java.net.ConnectException: Connection refused (Connection refused)
	at org.springframework.data.redis.core.DefaultListOperationsTests.testLeftPushWithPivot(DefaultListOperationsTests.java:100)
</error>
    <system-out><![CDATA[Value1org.springframework.data.redis.Person@6d3e1b2b
Value2org.springframework.data.redis.Person@1b88347f
Value3org.springframework.data.redis.Person@a9cd6b54
]]></system-out>
  </testcase>
  <testcase name="testLeftPushWithPivot[8]" classname="org.springframework.data.redis.core.DefaultListOperationsTests" time="0.002">
    <error message="Cannot get Jedis connection; nested exception is redis.clients.jedis.exceptions.JedisConnectionException: Could not get a resource from the pool" type="org.springframework.data.redis.RedisConnectionFailureException">org.springframework.data.redis.RedisConnectionFailureException: Cannot get Jedis connection; nested exception is redis.clients.jedis.exceptions.JedisConnectionException: Could not get a resource from the pool
	at org.springframework.data.redis.core.DefaultListOperationsTests.tearDown(DefaultListOperationsTests.java:85)
Caused by: redis.clients.jedis.exceptions.JedisConnectionException: Could not get a resource from the pool
	at org.springframework.data.redis.core.DefaultListOperationsTests.tearDown(DefaultListOperationsTests.java:85)
Caused by: redis.clients.jedis.exceptions.JedisConnectionException: java.net.ConnectException: Connection refused (Connection refused)
	at org.springframework.data.redis.core.DefaultListOperationsTests.tearDown(DefaultListOperationsTests.java:85)
Caused by: java.net.ConnectException: Connection refused (Connection refused)
	at org.springframework.data.redis.core.DefaultListOperationsTests.tearDown(DefaultListOperationsTests.java:85)
</error>
  </testcase>
</testsuite>