<?xml version="1.0" encoding="UTF-8"?>
<testsuite name="net.nikr.eve.jeveasset.io.esi.EsiDeprecationOnlineTest" time="2.82" tests="33" errors="0" skipped="0" failures="3">
  <properties>
    <property name="java.runtime.name" value="OpenJDK Runtime Environment"/>
    <property name="sun.boot.library.path" value="/usr/lib/jvm/java-8-openjdk-amd64/jre/lib/amd64"/>
    <property name="java.vm.version" value="25.121-b13"/>
    <property name="java.vm.vendor" value="Oracle Corporation"/>
    <property name="maven.multiModuleProjectDirectory" value="/root/workspace/GoldenGnu/jeveassets/386192081"/>
    <property name="java.vendor.url" value="http://java.oracle.com/"/>
    <property name="path.separator" value=":"/>
    <property name="guice.disable.misplaced.annotation.check" value="true"/>
    <property name="skip.gulp" value="true"/>
    <property name="java.vm.name" value="OpenJDK 64-Bit Server VM"/>
    <property name="file.encoding.pkg" value="sun.io"/>
    <property name="sun.java.launcher" value="SUN_STANDARD"/>
    <property name="sun.os.patch.level" value="unknown"/>
    <property name="findbugs.skip" value="true"/>
    <property name="java.vm.specification.name" value="Java Virtual Machine Specification"/>
    <property name="user.dir" value="/root/workspace/GoldenGnu/jeveassets/386192081"/>
    <property name="checkstyle.skip" value="true"/>
    <property name="java.runtime.version" value="1.8.0_121-8u121-b13-1~bpo8+1-b13"/>
    <property name="java.awt.graphicsenv" value="sun.awt.X11GraphicsEnvironment"/>
    <property name="skip.npm" value="true"/>
    <property name="java.endorsed.dirs" value="/usr/lib/jvm/java-8-openjdk-amd64/jre/lib/endorsed"/>
    <property name="os.arch" value="amd64"/>
    <property name="java.io.tmpdir" value="/tmp"/>
    <property name="gpg.skip" value="true"/>
    <property name="line.separator" value="&#10;"/>
    <property name="java.vm.specification.vendor" value="Oracle Corporation"/>
    <property name="cobertura.skip" value="true"/>
    <property name="os.name" value="Linux"/>
    <property name="classworlds.conf" value="/usr/share/maven/bin/m2.conf"/>
    <property name="sun.jnu.encoding" value="UTF-8"/>
    <property name="java.library.path" value="/usr/java/packages/lib/amd64:/usr/lib/x86_64-linux-gnu/jni:/lib/x86_64-linux-gnu:/usr/lib/x86_64-linux-gnu:/usr/lib/jni:/lib:/usr/lib"/>
    <property name="license.skip" value="true"/>
    <property name="java.specification.name" value="Java Platform API Specification"/>
    <property name="java.class.version" value="52.0"/>
    <property name="sun.management.compiler" value="HotSpot 64-Bit Tiered Compilers"/>
    <property name="skip.bower" value="true"/>
    <property name="maven.repo.local" value="/root/./workspace/GoldenGnu/jeveassets/386192081/.m2"/>
    <property name="os.version" value="3.10.0-862.3.2.el7.x86_64"/>
    <property name="user.home" value="/root"/>
    <property name="user.timezone" value="Europe/Paris"/>
    <property name="java.awt.printerjob" value="sun.print.PSPrinterJob"/>
    <property name="java.specification.version" value="1.8"/>
    <property name="file.encoding" value="UTF-8"/>
    <property name="user.name" value="root"/>
    <property name="java.class.path" value="/usr/share/maven/boot/plexus-classworlds-2.5.2.jar"/>
    <property name="skipITs" value="true"/>
    <property name="java.vm.specification.version" value="1.8"/>
    <property name="sun.arch.data.model" value="64"/>
    <property name="java.home" value="/usr/lib/jvm/java-8-openjdk-amd64/jre"/>
    <property name="sun.java.command" value="org.codehaus.plexus.classworlds.launcher.Launcher -B -D enforcer.skip=true -D dependency-check.skip=true -D skipITs=true -D cobertura.skip=true -D maven.repo.local=/root/./workspace/GoldenGnu/jeveassets/386192081/.m2 -D rat.skip=true -D findbugs.skip=true -D skip.bower=true -D gpg.skip=true -D checkstyle.skip=true -D skip.gulp=true -D license.skip=true -D skip.npm=true test"/>
    <property name="java.specification.vendor" value="Oracle Corporation"/>
    <property name="user.language" value="en"/>
    <property name="awt.toolkit" value="sun.awt.X11.XToolkit"/>
    <property name="dependency-check.skip" value="true"/>
    <property name="java.vm.info" value="mixed mode"/>
    <property name="java.version" value="1.8.0_121"/>
    <property name="java.ext.dirs" value="/usr/lib/jvm/java-8-openjdk-amd64/jre/lib/ext:/usr/java/packages/lib/ext"/>
    <property name="securerandom.source" value="file:/dev/./urandom"/>
    <property name="sun.boot.class.path" value="/usr/lib/jvm/java-8-openjdk-amd64/jre/lib/resources.jar:/usr/lib/jvm/java-8-openjdk-amd64/jre/lib/rt.jar:/usr/lib/jvm/java-8-openjdk-amd64/jre/lib/sunrsasign.jar:/usr/lib/jvm/java-8-openjdk-amd64/jre/lib/jsse.jar:/usr/lib/jvm/java-8-openjdk-amd64/jre/lib/jce.jar:/usr/lib/jvm/java-8-openjdk-amd64/jre/lib/charsets.jar:/usr/lib/jvm/java-8-openjdk-amd64/jre/lib/jfr.jar:/usr/lib/jvm/java-8-openjdk-amd64/jre/classes"/>
    <property name="java.vendor" value="Oracle Corporation"/>
    <property name="enforcer.skip" value="true"/>
    <property name="rat.skip" value="true"/>
    <property name="maven.home" value="/usr/share/maven"/>
    <property name="file.separator" value="/"/>
    <property name="java.vendor.url.bug" value="http://bugreport.sun.com/bugreport/"/>
    <property name="sun.cpu.endian" value="little"/>
    <property name="sun.io.unicode.encoding" value="UnicodeLittle"/>
    <property name="sun.cpu.isalist" value=""/>
  </properties>
  <testcase name="esiTransactionsGetterCorporation" classname="net.nikr.eve.jeveasset.io.esi.EsiDeprecationOnlineTest" time="0.087"/>
  <testcase name="esiContractItemsGetterCharacter" classname="net.nikr.eve.jeveasset.io.esi.EsiDeprecationOnlineTest" time="0.03"/>
  <testcase name="esiBlueprintsGetterCorporation" classname="net.nikr.eve.jeveasset.io.esi.EsiDeprecationOnlineTest" time="0.04"/>
  <testcase name="esiAccountBalanceGetterCorporation" classname="net.nikr.eve.jeveasset.io.esi.EsiDeprecationOnlineTest" time="0.032"/>
  <testcase name="esiOwnerGetterCharacter" classname="net.nikr.eve.jeveasset.io.esi.EsiDeprecationOnlineTest" time="0.6"/>
  <testcase name="esiUiOpenWindowMarketDetails" classname="net.nikr.eve.jeveasset.io.esi.EsiDeprecationOnlineTest" time="0.042"/>
  <testcase name="esiLocationsGetterCorporation" classname="net.nikr.eve.jeveasset.io.esi.EsiDeprecationOnlineTest" time="0.034"/>
  <testcase name="esiUiOpenWindowInformation" classname="net.nikr.eve.jeveasset.io.esi.EsiDeprecationOnlineTest" time="0.028"/>
  <testcase name="esiJournalGetterCharacter" classname="net.nikr.eve.jeveasset.io.esi.EsiDeprecationOnlineTest" time="0.026"/>
  <testcase name="esiMarketOrdersGetterCorporation" classname="net.nikr.eve.jeveasset.io.esi.EsiDeprecationOnlineTest" time="0.049">
    <failure message="199 - This route has an upgrade available." type="java.lang.AssertionError">java.lang.AssertionError: 199 - This route has an upgrade available.
	at org.junit.Assert.fail(Assert.java:88)
	at net.nikr.eve.jeveasset.io.esi.EsiDeprecationOnlineTest.validate(EsiDeprecationOnlineTest.java:417)
	at net.nikr.eve.jeveasset.io.esi.EsiDeprecationOnlineTest.esiMarketOrdersGetterCorporation(EsiDeprecationOnlineTest.java:267)
</failure>
  </testcase>
  <testcase name="esiIndustryJobsGetterCharacter" classname="net.nikr.eve.jeveasset.io.esi.EsiDeprecationOnlineTest" time="0.033"/>
  <testcase name="esiMarketOrdersHistoryGetterCharacter" classname="net.nikr.eve.jeveasset.io.esi.EsiDeprecationOnlineTest" time="0.032"/>
  <testcase name="esiNameGetter" classname="net.nikr.eve.jeveasset.io.esi.EsiDeprecationOnlineTest" time="0.032"/>
  <testcase name="esiUiAutopilot" classname="net.nikr.eve.jeveasset.io.esi.EsiDeprecationOnlineTest" time="0.027"/>
  <testcase name="esiLocationsGetterCharacter" classname="net.nikr.eve.jeveasset.io.esi.EsiDeprecationOnlineTest" time="0.036"/>
  <testcase name="esiMarketOrdersHistoryGetterCorporation" classname="net.nikr.eve.jeveasset.io.esi.EsiDeprecationOnlineTest" time="0.029">
    <failure message="199 - This route has an upgrade available." type="java.lang.AssertionError">java.lang.AssertionError: 199 - This route has an upgrade available.
	at org.junit.Assert.fail(Assert.java:88)
	at net.nikr.eve.jeveasset.io.esi.EsiDeprecationOnlineTest.validate(EsiDeprecationOnlineTest.java:417)
	at net.nikr.eve.jeveasset.io.esi.EsiDeprecationOnlineTest.esiMarketOrdersHistoryGetterCorporation(EsiDeprecationOnlineTest.java:278)
</failure>
  </testcase>
  <testcase name="esiAssetsGetterCharacter" classname="net.nikr.eve.jeveasset.io.esi.EsiDeprecationOnlineTest" time="0.029"/>
  <testcase name="esiAccountBalanceGetterCharacter" classname="net.nikr.eve.jeveasset.io.esi.EsiDeprecationOnlineTest" time="0.027"/>
  <testcase name="esiMarketOrdersGetterCharacter" classname="net.nikr.eve.jeveasset.io.esi.EsiDeprecationOnlineTest" time="0.038"/>
  <testcase name="esiJournalGetterCorporation" classname="net.nikr.eve.jeveasset.io.esi.EsiDeprecationOnlineTest" time="0.044"/>
  <testcase name="esiBlueprintsGetterCharacter" classname="net.nikr.eve.jeveasset.io.esi.EsiDeprecationOnlineTest" time="0.048"/>
  <testcase name="esiContractsGetterCharacter" classname="net.nikr.eve.jeveasset.io.esi.EsiDeprecationOnlineTest" time="0.028"/>
  <testcase name="esiIndustryJobsGetterCorporation" classname="net.nikr.eve.jeveasset.io.esi.EsiDeprecationOnlineTest" time="0.028"/>
  <testcase name="esiTransactionsGetterCharacter" classname="net.nikr.eve.jeveasset.io.esi.EsiDeprecationOnlineTest" time="0.05"/>
  <testcase name="esiContractItemsGetterCorporation" classname="net.nikr.eve.jeveasset.io.esi.EsiDeprecationOnlineTest" time="0.026"/>
  <testcase name="esiAssetsGetterCorporation" classname="net.nikr.eve.jeveasset.io.esi.EsiDeprecationOnlineTest" time="0.058"/>
  <testcase name="esiStructuresGetter" classname="net.nikr.eve.jeveasset.io.esi.EsiDeprecationOnlineTest" time="0.09">
    <failure message="199 - This route has an upgrade available." type="java.lang.AssertionError">java.lang.AssertionError: 199 - This route has an upgrade available.
	at org.junit.Assert.fail(Assert.java:88)
	at net.nikr.eve.jeveasset.io.esi.EsiDeprecationOnlineTest.validate(EsiDeprecationOnlineTest.java:417)
	at net.nikr.eve.jeveasset.io.esi.EsiDeprecationOnlineTest.esiStructuresGetter(EsiDeprecationOnlineTest.java:343)
</failure>
  </testcase>
  <testcase name="esiShipLocationGetter" classname="net.nikr.eve.jeveasset.io.esi.EsiDeprecationOnlineTest" time="0.029"/>
  <testcase name="esiOwnerGetterCorporation" classname="net.nikr.eve.jeveasset.io.esi.EsiDeprecationOnlineTest" time="0.576"/>
  <testcase name="esiConquerableStationsGetter" classname="net.nikr.eve.jeveasset.io.esi.EsiDeprecationOnlineTest" time="0.486"/>
  <testcase name="esiUiOpenWindowContract" classname="net.nikr.eve.jeveasset.io.esi.EsiDeprecationOnlineTest" time="0.032"/>
  <testcase name="esiContractsGetterCorporation" classname="net.nikr.eve.jeveasset.io.esi.EsiDeprecationOnlineTest" time="0.047"/>
  <testcase name="esiShipTypeGetter" classname="net.nikr.eve.jeveasset.io.esi.EsiDeprecationOnlineTest" time="0.027"/>
</testsuite>