<?xml version="1.0" encoding="UTF-8"?>
<testsuite name="edu.tamu.iiif.service.fedora.FedoraPresentationManifestServiceTest" time="0.002" tests="2" errors="0" skipped="0" failures="2">
  <properties>
    <property name="java.runtime.name" value="OpenJDK Runtime Environment"/>
    <property name="sun.boot.library.path" value="/usr/lib/jvm/java-8-openjdk-amd64/jre/lib/amd64"/>
    <property name="java.vm.version" value="25.121-b13"/>
    <property name="java.vm.vendor" value="Oracle Corporation"/>
    <property name="maven.multiModuleProjectDirectory" value="/root/workspace/TAMULib/IRIIIFService/388494172"/>
    <property name="java.vendor.url" value="http://java.oracle.com/"/>
    <property name="path.separator" value=":"/>
    <property name="guice.disable.misplaced.annotation.check" value="true"/>
    <property name="skip.gulp" value="true"/>
    <property name="java.vm.name" value="OpenJDK 64-Bit Server VM"/>
    <property name="file.encoding.pkg" value="sun.io"/>
    <property name="sun.java.launcher" value="SUN_STANDARD"/>
    <property name="sun.os.patch.level" value="unknown"/>
    <property name="findbugs.skip" value="true"/>
    <property name="java.vm.specification.name" value="Java Virtual Machine Specification"/>
    <property name="user.dir" value="/root/workspace/TAMULib/IRIIIFService/388494172"/>
    <property name="checkstyle.skip" value="true"/>
    <property name="java.runtime.version" value="1.8.0_121-8u121-b13-1~bpo8+1-b13"/>
    <property name="java.awt.graphicsenv" value="sun.awt.X11GraphicsEnvironment"/>
    <property name="skip.npm" value="true"/>
    <property name="java.endorsed.dirs" value="/usr/lib/jvm/java-8-openjdk-amd64/jre/lib/endorsed"/>
    <property name="os.arch" value="amd64"/>
    <property name="java.io.tmpdir" value="/tmp"/>
    <property name="gpg.skip" value="true"/>
    <property name="line.separator" value="&#10;"/>
    <property name="java.vm.specification.vendor" value="Oracle Corporation"/>
    <property name="cobertura.skip" value="true"/>
    <property name="os.name" value="Linux"/>
    <property name="classworlds.conf" value="/usr/share/maven/bin/m2.conf"/>
    <property name="sun.jnu.encoding" value="UTF-8"/>
    <property name="java.library.path" value="/usr/java/packages/lib/amd64:/usr/lib/x86_64-linux-gnu/jni:/lib/x86_64-linux-gnu:/usr/lib/x86_64-linux-gnu:/usr/lib/jni:/lib:/usr/lib"/>
    <property name="license.skip" value="true"/>
    <property name="java.specification.name" value="Java Platform API Specification"/>
    <property name="java.class.version" value="52.0"/>
    <property name="java.net.preferIPv4Stack" value="true"/>
    <property name="sun.management.compiler" value="HotSpot 64-Bit Tiered Compilers"/>
    <property name="skip.bower" value="true"/>
    <property name="maven.repo.local" value="/root/./workspace/TAMULib/IRIIIFService/388494172/.m2"/>
    <property name="os.version" value="3.10.0-862.3.2.el7.x86_64"/>
    <property name="user.home" value="/root"/>
    <property name="user.timezone" value="Europe/Paris"/>
    <property name="java.awt.printerjob" value="sun.print.PSPrinterJob"/>
    <property name="java.specification.version" value="1.8"/>
    <property name="file.encoding" value="UTF-8"/>
    <property name="user.name" value="root"/>
    <property name="java.class.path" value="/usr/share/maven/boot/plexus-classworlds-2.5.2.jar"/>
    <property name="skipITs" value="true"/>
    <property name="java.vm.specification.version" value="1.8"/>
    <property name="sun.arch.data.model" value="64"/>
    <property name="java.home" value="/usr/lib/jvm/java-8-openjdk-amd64/jre"/>
    <property name="sun.java.command" value="org.codehaus.plexus.classworlds.launcher.Launcher -B -D enforcer.skip=true -D dependency-check.skip=true -D skipITs=true -D cobertura.skip=true -D maven.repo.local=/root/./workspace/TAMULib/IRIIIFService/388494172/.m2 -D rat.skip=true -D findbugs.skip=true -D skip.bower=true -D gpg.skip=true -D checkstyle.skip=true -D skip.gulp=true -D license.skip=true -D skip.npm=true test"/>
    <property name="java.specification.vendor" value="Oracle Corporation"/>
    <property name="user.language" value="en"/>
    <property name="awt.toolkit" value="sun.awt.X11.XToolkit"/>
    <property name="dependency-check.skip" value="true"/>
    <property name="java.vm.info" value="mixed mode"/>
    <property name="java.version" value="1.8.0_121"/>
    <property name="java.ext.dirs" value="/usr/lib/jvm/java-8-openjdk-amd64/jre/lib/ext:/usr/java/packages/lib/ext"/>
    <property name="securerandom.source" value="file:/dev/./urandom"/>
    <property name="sun.boot.class.path" value="/usr/lib/jvm/java-8-openjdk-amd64/jre/lib/resources.jar:/usr/lib/jvm/java-8-openjdk-amd64/jre/lib/rt.jar:/usr/lib/jvm/java-8-openjdk-amd64/jre/lib/sunrsasign.jar:/usr/lib/jvm/java-8-openjdk-amd64/jre/lib/jsse.jar:/usr/lib/jvm/java-8-openjdk-amd64/jre/lib/jce.jar:/usr/lib/jvm/java-8-openjdk-amd64/jre/lib/charsets.jar:/usr/lib/jvm/java-8-openjdk-amd64/jre/lib/jfr.jar:/usr/lib/jvm/java-8-openjdk-amd64/jre/classes"/>
    <property name="java.vendor" value="Oracle Corporation"/>
    <property name="enforcer.skip" value="true"/>
    <property name="rat.skip" value="true"/>
    <property name="maven.home" value="/usr/share/maven"/>
    <property name="file.separator" value="/"/>
    <property name="java.vendor.url.bug" value="http://bugreport.sun.com/bugreport/"/>
    <property name="sun.cpu.endian" value="little"/>
    <property name="sun.io.unicode.encoding" value="UnicodeLittle"/>
    <property name="sun.cpu.isalist" value=""/>
  </properties>
  <testcase name="testGetManifestWithoutOrder" classname="edu.tamu.iiif.service.fedora.FedoraPresentationManifestServiceTest" time="0.001">
    <failure message="expected:&lt;{&quot;@context&quot;:&quot;http://iiif.io/api/presentation/2/context.json&quot;,&quot;@id&quot;:&quot;http://localhost:9003/fedora/presentation?context=cars_pcdm_objects/chevy&quot;,&quot;@type&quot;:&quot;sc:Manifest&quot;,&quot;description&quot;:&quot;Maybe a Chevy Challenge and a Charger&quot;,&quot;label&quot;:&quot;Some Chevy Cars&quot;,&quot;logo&quot;:&quot;https://brandguide.tamu.edu/assets/downloads/logos/TAM-Logo.png&quot;,&quot;metadata&quot;:[{&quot;label&quot;:&quot;title&quot;,&quot;value&quot;:&quot;Some Chevy Cars&quot;},{&quot;label&quot;:&quot;description&quot;,&quot;value&quot;:&quot;Maybe a Chevy Challenge and a Charger&quot;}],&quot;sequences&quot;:[{&quot;@id&quot;:&quot;http://localhost:9003/fedora/sequence?context=cars_pcdm_objects/chevy&quot;,&quot;@type&quot;:&quot;sc:Sequence&quot;,&quot;canvases&quot;:[{&quot;@id&quot;:&quot;http://localhost:9003/fedora/canvas?context=cars_pcdm_objects/chevy/pages/page_0&quot;,&quot;@type&quot;:&quot;sc:Canvas&quot;,&quot;height&quot;:400,&quot;images&quot;:[{&quot;@id&quot;:&quot;http://localhost:8182/iiif/2/ZmVkb3JhOmNhcnNfcGNkbV9vYmplY3RzL2NoZXZ5L3BhZ2VzL3BhZ2VfMC9maWxlcy9QVEFSXzgwMHg0MDAucG5n/info.json&quot;,&quot;@type&quot;:&quot;oa:Annotation&quot;,&quot;motivation&quot;:&quot;sc:painting&quot;,&quot;on&quot;:&quot;http://localhost:9003/fedora/canvas?context=cars_pcdm_objects/chevy/pages/page_0&quot;,&quot;resource&quot;:{&quot;@id&quot;:&quot;http://localhost:8182/iiif/2/ZmVkb3JhOmNhcnNfcGNkbV9vYmplY3RzL2NoZXZ5L3BhZ2VzL3BhZ2VfMC9maWxlcy9QVEFSXzgwMHg0MDAucG5n/full/full/0/default.jpg&quot;,&quot;@type&quot;:&quot;dctypes:Image&quot;,&quot;height&quot;:400,&quot;service&quot;:{&quot;label&quot;:&quot;Fedora IIIF Image Resource Service&quot;,&quot;profile&quot;:&quot;http://iiif.io/api/image/2/level0.json&quot;,&quot;@context&quot;:&quot;http://iiif.io/api/image/2/context.json&quot;,&quot;@id&quot;:&quot;http://localhost:8182/iiif/2/ZmVkb3JhOmNhcnNfcGNkbV9vYmplY3RzL2NoZXZ5L3BhZ2VzL3BhZ2VfMC9maWxlcy9QVEFSXzgwMHg0MDAucG5n&quot;},&quot;width&quot;:800}}],&quot;label&quot;:&quot;fedora:cars_pcdm_objects/chevy/pages/page_0&quot;,&quot;metadata&quot;:[],&quot;width&quot;:800},{&quot;@id&quot;:&quot;http://localhost:9003/fedora/canvas?context=cars_pcdm_objects/chevy/pages/page_1&quot;,&quot;@type&quot;:&quot;sc:Canvas&quot;,&quot;height&quot;:1080,&quot;images&quot;:[{&quot;@id&quot;:&quot;http://localhost:8182/iiif/2/ZmVkb3JhOmNhcnNfcGNkbV9vYmplY3RzL2NoZXZ5L3BhZ2VzL3BhZ2VfMS9maWxlcy9jYXIyLmpwZw==/info.json&quot;,&quot;@type&quot;:&quot;oa:Annotation&quot;,&quot;motivation&quot;:&quot;sc:painting&quot;,&quot;on&quot;:&quot;http://localhost:9003/fedora/canvas?context=cars_pcdm_objects/chevy/pages/page_1&quot;,&quot;resource&quot;:{&quot;@id&quot;:&quot;http://localhost:8182/iiif/2/ZmVkb3JhOmNhcnNfcGNkbV9vYmplY3RzL2NoZXZ5L3BhZ2VzL3BhZ2VfMS9maWxlcy9jYXIyLmpwZw==/full/full/0/default.jpg&quot;,&quot;@type&quot;:&quot;dctypes:Image&quot;,&quot;height&quot;:1080,&quot;service&quot;:{&quot;label&quot;:&quot;Fedora IIIF Image Resource Service&quot;,&quot;profile&quot;:&quot;http://iiif.io/api/image/2/level0.json&quot;,&quot;@context&quot;:&quot;http://iiif.io/api/image/2/context.json&quot;,&quot;@id&quot;:&quot;http://localhost:8182/iiif/2/ZmVkb3JhOmNhcnNfcGNkbV9vYmplY3RzL2NoZXZ5L3BhZ2VzL3BhZ2VfMS9maWxlcy9jYXIyLmpwZw==&quot;},&quot;width&quot;:1920}}],&quot;label&quot;:&quot;fedora:cars_pcdm_objects/chevy/pages/page_1&quot;,&quot;metadata&quot;:[],&quot;width&quot;:1920}],&quot;label&quot;:&quot;fedora:cars_pcdm_objects/chevy&quot;}],&quot;thumbnail&quot;:{&quot;@id&quot;:&quot;http://localhost:8182/iiif/2/ZmVkb3JhOmNhcnNfcGNkbV9vYmplY3RzL2NoZXZ5L3BhZ2VzL3BhZ2VfMC9maWxlcy9QVEFSXzgwMHg0MDAucG5n/full/!200,200/0/default.jpg&quot;,&quot;services&quot;:[{&quot;@context&quot;:&quot;http://iiif.io/api/image/2/context.json&quot;,&quot;@id&quot;:&quot;http://localhost:8182/iiif/2/ZmVkb3JhOmNhcnNfcGNkbV9vYmplY3RzL2NoZXZ5L3BhZ2VzL3BhZ2VfMC9maWxlcy9QVEFSXzgwMHg0MDAucG5n&quot;,&quot;label&quot;:&quot;Fedora IIIF Image Resource Service&quot;,&quot;profile&quot;:&quot;http://iiif.io/api/image/2/level0.json&quot;}]}}&gt; but was:&lt;{&quot;logo&quot;:&quot;https://brandguide.tamu.edu/assets/downloads/logos/TAM-Logo.png&quot;,&quot;description&quot;:&quot;Maybe a Chevy Challenge and a Charger&quot;,&quot;label&quot;:&quot;Some Chevy Cars&quot;,&quot;sequences&quot;:[{&quot;canvases&quot;:[{&quot;height&quot;:0,&quot;images&quot;:[],&quot;label&quot;:&quot;fedora:cars_pcdm_objects/chevy/pages/page_0&quot;,&quot;metadata&quot;:[],&quot;width&quot;:0,&quot;@type&quot;:&quot;sc:Canvas&quot;,&quot;@id&quot;:&quot;http://localhost:9003/fedora/canvas?context=cars_pcdm_objects/chevy/pages/page_0&quot;},{&quot;height&quot;:0,&quot;images&quot;:[],&quot;label&quot;:&quot;fedora:cars_pcdm_objects/chevy/pages/page_1&quot;,&quot;metadata&quot;:[],&quot;width&quot;:0,&quot;@type&quot;:&quot;sc:Canvas&quot;,&quot;@id&quot;:&quot;http://localhost:9003/fedora/canvas?context=cars_pcdm_objects/chevy/pages/page_1&quot;}],&quot;label&quot;:&quot;fedora:cars_pcdm_objects/chevy&quot;,&quot;@type&quot;:&quot;sc:Sequence&quot;,&quot;@id&quot;:&quot;http://localhost:9003/fedora/sequence?context=cars_pcdm_objects/chevy&quot;}],&quot;@type&quot;:&quot;sc:Manifest&quot;,&quot;@id&quot;:&quot;http://localhost:9003/fedora/presentation?context=cars_pcdm_objects/chevy&quot;,&quot;@context&quot;:&quot;http://iiif.io/api/presentation/2/context.json&quot;,&quot;metadata&quot;:[{&quot;label&quot;:&quot;title&quot;,&quot;value&quot;:&quot;Some Chevy Cars&quot;},{&quot;label&quot;:&quot;description&quot;,&quot;value&quot;:&quot;Maybe a Chevy Challenge and a Charger&quot;}]}&gt;" type="java.lang.AssertionError"><![CDATA[java.lang.AssertionError: expected:<{"@context":"http://iiif.io/api/presentation/2/context.json","@id":"http://localhost:9003/fedora/presentation?context=cars_pcdm_objects/chevy","@type":"sc:Manifest","description":"Maybe a Chevy Challenge and a Charger","label":"Some Chevy Cars","logo":"https://brandguide.tamu.edu/assets/downloads/logos/TAM-Logo.png","metadata":[{"label":"title","value":"Some Chevy Cars"},{"label":"description","value":"Maybe a Chevy Challenge and a Charger"}],"sequences":[{"@id":"http://localhost:9003/fedora/sequence?context=cars_pcdm_objects/chevy","@type":"sc:Sequence","canvases":[{"@id":"http://localhost:9003/fedora/canvas?context=cars_pcdm_objects/chevy/pages/page_0","@type":"sc:Canvas","height":400,"images":[{"@id":"http://localhost:8182/iiif/2/ZmVkb3JhOmNhcnNfcGNkbV9vYmplY3RzL2NoZXZ5L3BhZ2VzL3BhZ2VfMC9maWxlcy9QVEFSXzgwMHg0MDAucG5n/info.json","@type":"oa:Annotation","motivation":"sc:painting","on":"http://localhost:9003/fedora/canvas?context=cars_pcdm_objects/chevy/pages/page_0","resource":{"@id":"http://localhost:8182/iiif/2/ZmVkb3JhOmNhcnNfcGNkbV9vYmplY3RzL2NoZXZ5L3BhZ2VzL3BhZ2VfMC9maWxlcy9QVEFSXzgwMHg0MDAucG5n/full/full/0/default.jpg","@type":"dctypes:Image","height":400,"service":{"label":"Fedora IIIF Image Resource Service","profile":"http://iiif.io/api/image/2/level0.json","@context":"http://iiif.io/api/image/2/context.json","@id":"http://localhost:8182/iiif/2/ZmVkb3JhOmNhcnNfcGNkbV9vYmplY3RzL2NoZXZ5L3BhZ2VzL3BhZ2VfMC9maWxlcy9QVEFSXzgwMHg0MDAucG5n"},"width":800}}],"label":"fedora:cars_pcdm_objects/chevy/pages/page_0","metadata":[],"width":800},{"@id":"http://localhost:9003/fedora/canvas?context=cars_pcdm_objects/chevy/pages/page_1","@type":"sc:Canvas","height":1080,"images":[{"@id":"http://localhost:8182/iiif/2/ZmVkb3JhOmNhcnNfcGNkbV9vYmplY3RzL2NoZXZ5L3BhZ2VzL3BhZ2VfMS9maWxlcy9jYXIyLmpwZw==/info.json","@type":"oa:Annotation","motivation":"sc:painting","on":"http://localhost:9003/fedora/canvas?context=cars_pcdm_objects/chevy/pages/page_1","resource":{"@id":"http://localhost:8182/iiif/2/ZmVkb3JhOmNhcnNfcGNkbV9vYmplY3RzL2NoZXZ5L3BhZ2VzL3BhZ2VfMS9maWxlcy9jYXIyLmpwZw==/full/full/0/default.jpg","@type":"dctypes:Image","height":1080,"service":{"label":"Fedora IIIF Image Resource Service","profile":"http://iiif.io/api/image/2/level0.json","@context":"http://iiif.io/api/image/2/context.json","@id":"http://localhost:8182/iiif/2/ZmVkb3JhOmNhcnNfcGNkbV9vYmplY3RzL2NoZXZ5L3BhZ2VzL3BhZ2VfMS9maWxlcy9jYXIyLmpwZw=="},"width":1920}}],"label":"fedora:cars_pcdm_objects/chevy/pages/page_1","metadata":[],"width":1920}],"label":"fedora:cars_pcdm_objects/chevy"}],"thumbnail":{"@id":"http://localhost:8182/iiif/2/ZmVkb3JhOmNhcnNfcGNkbV9vYmplY3RzL2NoZXZ5L3BhZ2VzL3BhZ2VfMC9maWxlcy9QVEFSXzgwMHg0MDAucG5n/full/!200,200/0/default.jpg","services":[{"@context":"http://iiif.io/api/image/2/context.json","@id":"http://localhost:8182/iiif/2/ZmVkb3JhOmNhcnNfcGNkbV9vYmplY3RzL2NoZXZ5L3BhZ2VzL3BhZ2VfMC9maWxlcy9QVEFSXzgwMHg0MDAucG5n","label":"Fedora IIIF Image Resource Service","profile":"http://iiif.io/api/image/2/level0.json"}]}}> but was:<{"logo":"https://brandguide.tamu.edu/assets/downloads/logos/TAM-Logo.png","description":"Maybe a Chevy Challenge and a Charger","label":"Some Chevy Cars","sequences":[{"canvases":[{"height":0,"images":[],"label":"fedora:cars_pcdm_objects/chevy/pages/page_0","metadata":[],"width":0,"@type":"sc:Canvas","@id":"http://localhost:9003/fedora/canvas?context=cars_pcdm_objects/chevy/pages/page_0"},{"height":0,"images":[],"label":"fedora:cars_pcdm_objects/chevy/pages/page_1","metadata":[],"width":0,"@type":"sc:Canvas","@id":"http://localhost:9003/fedora/canvas?context=cars_pcdm_objects/chevy/pages/page_1"}],"label":"fedora:cars_pcdm_objects/chevy","@type":"sc:Sequence","@id":"http://localhost:9003/fedora/sequence?context=cars_pcdm_objects/chevy"}],"@type":"sc:Manifest","@id":"http://localhost:9003/fedora/presentation?context=cars_pcdm_objects/chevy","@context":"http://iiif.io/api/presentation/2/context.json","metadata":[{"label":"title","value":"Some Chevy Cars"},{"label":"description","value":"Maybe a Chevy Challenge and a Charger"}]}>
	at org.junit.Assert.fail(Assert.java:88)
	at org.junit.Assert.failNotEquals(Assert.java:834)
	at org.junit.Assert.assertEquals(Assert.java:118)
	at org.junit.Assert.assertEquals(Assert.java:144)
	at edu.tamu.iiif.service.fedora.FedoraPresentationManifestServiceTest.testGetManifestWithoutOrder(FedoraPresentationManifestServiceTest.java:82)
]]></failure>
    <system-out><![CDATA[23:42:52.435 [main] DEBUG org.springframework.test.context.support.AbstractDirtiesContextTestExecutionListener - After test class: context [DefaultTestContext@757aced4 testClass = FedoraCollectionManifestServiceTest, testInstance = [null], testMethod = [null], testException = [null], mergedContextConfiguration = [MergedContextConfiguration@55acad46 testClass = FedoraCollectionManifestServiceTest, locations = '{}', classes = '{}', contextInitializerClasses = '[]', activeProfiles = '{}', propertySourceLocations = '{}', propertySourceProperties = '{}', contextCustomizers = set[org.springframework.boot.test.context.filter.ExcludeFilterContextCustomizer@102d92c4, org.springframework.boot.test.json.DuplicateJsonObjectContextCustomizerFactory$DuplicateJsonObjectContextCustomizer@79767781, org.springframework.boot.test.mock.mockito.MockitoContextCustomizer@0, org.springframework.boot.test.autoconfigure.properties.PropertyMappingContextCustomizer@0, org.springframework.boot.test.autoconfigure.web.servlet.WebDriverContextCustomizerFactory$Customizer@336365bc], contextLoader = 'org.springframework.test.context.support.DelegatingSmartContextLoader', parent = [null]]], class annotated with @DirtiesContext [false] with mode [null].
23:42:52.436 [main] DEBUG org.springframework.test.context.junit4.SpringJUnit4ClassRunner - SpringJUnit4ClassRunner constructor called with [class edu.tamu.iiif.service.fedora.FedoraPresentationManifestServiceTest]
23:42:52.436 [main] DEBUG org.springframework.test.context.BootstrapUtils - Instantiating CacheAwareContextLoaderDelegate from class [org.springframework.test.context.cache.DefaultCacheAwareContextLoaderDelegate]
23:42:52.436 [main] DEBUG org.springframework.test.context.BootstrapUtils - Instantiating BootstrapContext using constructor [public org.springframework.test.context.support.DefaultBootstrapContext(java.lang.Class,org.springframework.test.context.CacheAwareContextLoaderDelegate)]
23:42:52.436 [main] DEBUG org.springframework.test.context.BootstrapUtils - Instantiating TestContextBootstrapper for test class [edu.tamu.iiif.service.fedora.FedoraPresentationManifestServiceTest] from class [org.springframework.test.context.support.DefaultTestContextBootstrapper]
23:42:52.436 [main] INFO org.springframework.test.context.support.DefaultTestContextBootstrapper - Neither @ContextConfiguration nor @ContextHierarchy found for test class [edu.tamu.iiif.service.fedora.FedoraPresentationManifestServiceTest], using DelegatingSmartContextLoader
23:42:52.437 [main] DEBUG org.springframework.test.context.support.AbstractDelegatingSmartContextLoader - Delegating to GenericXmlContextLoader to process context configuration [ContextConfigurationAttributes@8c098f0 declaringClass = 'edu.tamu.iiif.service.fedora.FedoraPresentationManifestServiceTest', classes = '{}', locations = '{}', inheritLocations = false, initializers = '{}', inheritInitializers = true, name = [null], contextLoaderClass = 'org.springframework.test.context.ContextLoader'].
23:42:52.437 [main] DEBUG org.springframework.test.context.support.AbstractContextLoader - Did not detect default resource location for test class [edu.tamu.iiif.service.fedora.FedoraPresentationManifestServiceTest]: class path resource [edu/tamu/iiif/service/fedora/FedoraPresentationManifestServiceTest-context.xml] does not exist
23:42:52.437 [main] INFO org.springframework.test.context.support.AbstractContextLoader - Could not detect default resource locations for test class [edu.tamu.iiif.service.fedora.FedoraPresentationManifestServiceTest]: no resource found for suffixes {-context.xml}.
23:42:52.437 [main] DEBUG org.springframework.test.context.support.AbstractDelegatingSmartContextLoader - Delegating to AnnotationConfigContextLoader to process context configuration [ContextConfigurationAttributes@8c098f0 declaringClass = 'edu.tamu.iiif.service.fedora.FedoraPresentationManifestServiceTest', classes = '{}', locations = '{}', inheritLocations = false, initializers = '{}', inheritInitializers = true, name = [null], contextLoaderClass = 'org.springframework.test.context.ContextLoader'].
23:42:52.437 [main] INFO org.springframework.test.context.support.AnnotationConfigContextLoaderUtils - Could not detect default configuration classes for test class [edu.tamu.iiif.service.fedora.FedoraPresentationManifestServiceTest]: FedoraPresentationManifestServiceTest does not declare any static, non-private, non-final, nested classes annotated with @Configuration.
23:42:52.440 [main] DEBUG org.springframework.test.context.support.ActiveProfilesUtils - Could not find an 'annotation declaring class' for annotation type [org.springframework.test.context.ActiveProfiles] and class [edu.tamu.iiif.service.fedora.FedoraPresentationManifestServiceTest]
23:42:52.440 [main] DEBUG org.springframework.test.context.support.DefaultTestContextBootstrapper - @TestExecutionListeners is not present for class [edu.tamu.iiif.service.fedora.FedoraPresentationManifestServiceTest]: using defaults.
23:42:52.443 [main] INFO org.springframework.test.context.support.DefaultTestContextBootstrapper - Loaded default TestExecutionListener class names from location [META-INF/spring.factories]: [org.springframework.boot.test.mock.mockito.MockitoTestExecutionListener, org.springframework.boot.test.mock.mockito.ResetMocksTestExecutionListener, org.springframework.boot.test.autoconfigure.restdocs.RestDocsTestExecutionListener, org.springframework.boot.test.autoconfigure.web.client.MockRestServiceServerResetTestExecutionListener, org.springframework.boot.test.autoconfigure.web.servlet.MockMvcPrintOnlyOnFailureTestExecutionListener, org.springframework.boot.test.autoconfigure.web.servlet.WebDriverTestExecutionListener, org.springframework.test.context.web.ServletTestExecutionListener, org.springframework.test.context.support.DirtiesContextBeforeModesTestExecutionListener, org.springframework.test.context.support.DependencyInjectionTestExecutionListener, org.springframework.test.context.support.DirtiesContextTestExecutionListener, org.springframework.test.context.transaction.TransactionalTestExecutionListener, org.springframework.test.context.jdbc.SqlScriptsTestExecutionListener]
23:42:52.443 [main] INFO org.springframework.test.context.support.DefaultTestContextBootstrapper - Using TestExecutionListeners: [org.springframework.test.context.web.ServletTestExecutionListener@45069467, org.springframework.test.context.support.DirtiesContextBeforeModesTestExecutionListener@7d5dc96b, org.springframework.test.context.support.DependencyInjectionTestExecutionListener@3c15ab2c, org.springframework.test.context.support.DirtiesContextTestExecutionListener@67adae9f, org.springframework.test.context.transaction.TransactionalTestExecutionListener@16f9bba1, org.springframework.test.context.jdbc.SqlScriptsTestExecutionListener@57c3e84, org.springframework.boot.test.mock.mockito.ResetMocksTestExecutionListener@1421a9cc, org.springframework.boot.test.autoconfigure.web.servlet.WebDriverTestExecutionListener@1e723481, org.springframework.boot.test.autoconfigure.restdocs.RestDocsTestExecutionListener@458da05d, org.springframework.boot.test.mock.mockito.MockitoTestExecutionListener@21612e76, org.springframework.boot.test.autoconfigure.web.servlet.MockMvcPrintOnlyOnFailureTestExecutionListener@38979c5f, org.springframework.boot.test.autoconfigure.web.client.MockRestServiceServerResetTestExecutionListener@37ce71f0]
23:42:52.443 [main] DEBUG org.springframework.test.annotation.ProfileValueUtils - Retrieved @ProfileValueSourceConfiguration [null] for test class [edu.tamu.iiif.service.fedora.FedoraPresentationManifestServiceTest]
23:42:52.443 [main] DEBUG org.springframework.test.annotation.ProfileValueUtils - Retrieved ProfileValueSource type [class org.springframework.test.annotation.SystemProfileValueSource] for class [edu.tamu.iiif.service.fedora.FedoraPresentationManifestServiceTest]
23:42:52.443 [main] DEBUG org.springframework.test.annotation.ProfileValueUtils - Retrieved @ProfileValueSourceConfiguration [null] for test class [edu.tamu.iiif.service.fedora.FedoraPresentationManifestServiceTest]
23:42:52.443 [main] DEBUG org.springframework.test.annotation.ProfileValueUtils - Retrieved ProfileValueSource type [class org.springframework.test.annotation.SystemProfileValueSource] for class [edu.tamu.iiif.service.fedora.FedoraPresentationManifestServiceTest]
23:42:52.444 [main] DEBUG org.springframework.test.context.support.AbstractDirtiesContextTestExecutionListener - Before test class: context [DefaultTestContext@1fe9a01c testClass = FedoraPresentationManifestServiceTest, testInstance = [null], testMethod = [null], testException = [null], mergedContextConfiguration = [MergedContextConfiguration@37532f09 testClass = FedoraPresentationManifestServiceTest, locations = '{}', classes = '{}', contextInitializerClasses = '[]', activeProfiles = '{}', propertySourceLocations = '{}', propertySourceProperties = '{}', contextCustomizers = set[org.springframework.boot.test.context.filter.ExcludeFilterContextCustomizer@102d92c4, org.springframework.boot.test.json.DuplicateJsonObjectContextCustomizerFactory$DuplicateJsonObjectContextCustomizer@79767781, org.springframework.boot.test.mock.mockito.MockitoContextCustomizer@0, org.springframework.boot.test.autoconfigure.properties.PropertyMappingContextCustomizer@0, org.springframework.boot.test.autoconfigure.web.servlet.WebDriverContextCustomizerFactory$Customizer@336365bc], contextLoader = 'org.springframework.test.context.support.DelegatingSmartContextLoader', parent = [null]]], class annotated with @DirtiesContext [false] with mode [null].
23:42:52.444 [main] DEBUG org.springframework.test.annotation.ProfileValueUtils - Retrieved @ProfileValueSourceConfiguration [null] for test class [edu.tamu.iiif.service.fedora.FedoraPresentationManifestServiceTest]
23:42:52.444 [main] DEBUG org.springframework.test.annotation.ProfileValueUtils - Retrieved ProfileValueSource type [class org.springframework.test.annotation.SystemProfileValueSource] for class [edu.tamu.iiif.service.fedora.FedoraPresentationManifestServiceTest]
23:42:52.444 [main] DEBUG org.springframework.test.context.support.DependencyInjectionTestExecutionListener - Performing dependency injection for test context [[DefaultTestContext@1fe9a01c testClass = FedoraPresentationManifestServiceTest, testInstance = edu.tamu.iiif.service.fedora.FedoraPresentationManifestServiceTest@33a228d8, testMethod = [null], testException = [null], mergedContextConfiguration = [MergedContextConfiguration@37532f09 testClass = FedoraPresentationManifestServiceTest, locations = '{}', classes = '{}', contextInitializerClasses = '[]', activeProfiles = '{}', propertySourceLocations = '{}', propertySourceProperties = '{}', contextCustomizers = set[org.springframework.boot.test.context.filter.ExcludeFilterContextCustomizer@102d92c4, org.springframework.boot.test.json.DuplicateJsonObjectContextCustomizerFactory$DuplicateJsonObjectContextCustomizer@79767781, org.springframework.boot.test.mock.mockito.MockitoContextCustomizer@0, org.springframework.boot.test.autoconfigure.properties.PropertyMappingContextCustomizer@0, org.springframework.boot.test.autoconfigure.web.servlet.WebDriverContextCustomizerFactory$Customizer@336365bc], contextLoader = 'org.springframework.test.context.support.DelegatingSmartContextLoader', parent = [null]]]].
23:42:52.444 [main] DEBUG org.springframework.test.context.cache.DefaultCacheAwareContextLoaderDelegate - Retrieved ApplicationContext from cache with key [[MergedContextConfiguration@37532f09 testClass = FedoraPresentationManifestServiceTest, locations = '{}', classes = '{}', contextInitializerClasses = '[]', activeProfiles = '{}', propertySourceLocations = '{}', propertySourceProperties = '{}', contextCustomizers = set[org.springframework.boot.test.context.filter.ExcludeFilterContextCustomizer@102d92c4, org.springframework.boot.test.json.DuplicateJsonObjectContextCustomizerFactory$DuplicateJsonObjectContextCustomizer@79767781, org.springframework.boot.test.mock.mockito.MockitoContextCustomizer@0, org.springframework.boot.test.autoconfigure.properties.PropertyMappingContextCustomizer@0, org.springframework.boot.test.autoconfigure.web.servlet.WebDriverContextCustomizerFactory$Customizer@336365bc], contextLoader = 'org.springframework.test.context.support.DelegatingSmartContextLoader', parent = [null]]]
23:42:52.444 [main] DEBUG org.springframework.test.context.cache - Spring test ApplicationContext cache statistics: [DefaultContextCache@1adf387e size = 1, maxSize = 32, parentContextCount = 0, hitCount = 17, missCount = 1]
23:42:52.446 [main] DEBUG org.springframework.beans.factory.annotation.InjectionMetadata - Processing injected element of bean 'edu.tamu.iiif.service.fedora.FedoraPresentationManifestServiceTest': AutowiredFieldElement for private org.springframework.core.io.Resource edu.tamu.iiif.service.fedora.FedoraPresentationManifestServiceTest.rdf
23:42:52.447 [main] DEBUG org.springframework.beans.factory.annotation.InjectionMetadata - Processing injected element of bean 'edu.tamu.iiif.service.fedora.FedoraPresentationManifestServiceTest': AutowiredFieldElement for private org.springframework.core.io.Resource edu.tamu.iiif.service.fedora.FedoraPresentationManifestServiceTest.rdfWithoutOrder
23:42:52.447 [main] DEBUG org.springframework.beans.factory.annotation.InjectionMetadata - Processing injected element of bean 'edu.tamu.iiif.service.fedora.FedoraPresentationManifestServiceTest': AutowiredFieldElement for private org.springframework.core.io.Resource edu.tamu.iiif.service.fedora.FedoraPresentationManifestServiceTest.proxy0Rdf
23:42:52.447 [main] DEBUG org.springframework.beans.factory.annotation.InjectionMetadata - Processing injected element of bean 'edu.tamu.iiif.service.fedora.FedoraPresentationManifestServiceTest': AutowiredFieldElement for private org.springframework.core.io.Resource edu.tamu.iiif.service.fedora.FedoraPresentationManifestServiceTest.proxy1Rdf
23:42:52.447 [main] DEBUG org.springframework.beans.factory.annotation.InjectionMetadata - Processing injected element of bean 'edu.tamu.iiif.service.fedora.FedoraPresentationManifestServiceTest': AutowiredFieldElement for private org.springframework.core.io.Resource edu.tamu.iiif.service.fedora.FedoraPresentationManifestServiceTest.image0
23:42:52.448 [main] DEBUG org.springframework.beans.factory.annotation.InjectionMetadata - Processing injected element of bean 'edu.tamu.iiif.service.fedora.FedoraPresentationManifestServiceTest': AutowiredFieldElement for private org.springframework.core.io.Resource edu.tamu.iiif.service.fedora.FedoraPresentationManifestServiceTest.image1
23:42:52.448 [main] DEBUG org.springframework.beans.factory.annotation.InjectionMetadata - Processing injected element of bean 'edu.tamu.iiif.service.fedora.FedoraPresentationManifestServiceTest': AutowiredFieldElement for private org.springframework.core.io.Resource edu.tamu.iiif.service.fedora.FedoraPresentationManifestServiceTest.presentation
23:42:52.451 [main] DEBUG org.springframework.test.context.support.AbstractDirtiesContextTestExecutionListener - Before test method: context [DefaultTestContext@1fe9a01c testClass = FedoraPresentationManifestServiceTest, testInstance = edu.tamu.iiif.service.fedora.FedoraPresentationManifestServiceTest@33a228d8, testMethod = testGetManifestWithoutOrder@FedoraPresentationManifestServiceTest, testException = [null], mergedContextConfiguration = [MergedContextConfiguration@37532f09 testClass = FedoraPresentationManifestServiceTest, locations = '{}', classes = '{}', contextInitializerClasses = '[]', activeProfiles = '{}', propertySourceLocations = '{}', propertySourceProperties = '{}', contextCustomizers = set[org.springframework.boot.test.context.filter.ExcludeFilterContextCustomizer@102d92c4, org.springframework.boot.test.json.DuplicateJsonObjectContextCustomizerFactory$DuplicateJsonObjectContextCustomizer@79767781, org.springframework.boot.test.mock.mockito.MockitoContextCustomizer@0, org.springframework.boot.test.autoconfigure.properties.PropertyMappingContextCustomizer@0, org.springframework.boot.test.autoconfigure.web.servlet.WebDriverContextCustomizerFactory$Customizer@336365bc], contextLoader = 'org.springframework.test.context.support.DelegatingSmartContextLoader', parent = [null]]], class annotated with @DirtiesContext [false] with mode [null], method annotated with @DirtiesContext [false] with mode [null].
23:42:52.451 [main] DEBUG org.springframework.test.context.cache.DefaultCacheAwareContextLoaderDelegate - Retrieved ApplicationContext from cache with key [[MergedContextConfiguration@37532f09 testClass = FedoraPresentationManifestServiceTest, locations = '{}', classes = '{}', contextInitializerClasses = '[]', activeProfiles = '{}', propertySourceLocations = '{}', propertySourceProperties = '{}', contextCustomizers = set[org.springframework.boot.test.context.filter.ExcludeFilterContextCustomizer@102d92c4, org.springframework.boot.test.json.DuplicateJsonObjectContextCustomizerFactory$DuplicateJsonObjectContextCustomizer@79767781, org.springframework.boot.test.mock.mockito.MockitoContextCustomizer@0, org.springframework.boot.test.autoconfigure.properties.PropertyMappingContextCustomizer@0, org.springframework.boot.test.autoconfigure.web.servlet.WebDriverContextCustomizerFactory$Customizer@336365bc], contextLoader = 'org.springframework.test.context.support.DelegatingSmartContextLoader', parent = [null]]]
23:42:52.451 [main] DEBUG org.springframework.test.context.cache - Spring test ApplicationContext cache statistics: [DefaultContextCache@1adf387e size = 1, maxSize = 32, parentContextCount = 0, hitCount = 18, missCount = 1]
23:42:52.451 [main] DEBUG org.springframework.beans.factory.support.DefaultListableBeanFactory - Returning cached instance of singleton bean 'org.springframework.boot.test.mock.mockito.MockitoBeans'
23:42:52.453 [main] DEBUG org.springframework.test.util.ReflectionTestUtils - Setting field 'iiifServiceUrl' of type [null] on target object [edu.tamu.iiif.service.fedora.FedoraPresentationManifestService@499f33a] or target class [class edu.tamu.iiif.service.fedora.FedoraPresentationManifestService] to value [http://localhost:9003]
23:42:52.454 [main] DEBUG org.springframework.test.util.ReflectionTestUtils - Setting field 'imageServerUrl' of type [null] on target object [edu.tamu.iiif.service.fedora.FedoraPresentationManifestService@499f33a] or target class [class edu.tamu.iiif.service.fedora.FedoraPresentationManifestService] to value [http://localhost:8182/iiif/2]
23:42:52.454 [main] DEBUG org.springframework.test.util.ReflectionTestUtils - Setting field 'logoUrl' of type [null] on target object [edu.tamu.iiif.service.fedora.FedoraPresentationManifestService@499f33a] or target class [class edu.tamu.iiif.service.fedora.FedoraPresentationManifestService] to value [https://brandguide.tamu.edu/assets/downloads/logos/TAM-Logo.png]
23:42:52.454 [main] DEBUG org.springframework.test.util.ReflectionTestUtils - Setting field 'fedoraUrl' of type [null] on target object [edu.tamu.iiif.service.fedora.FedoraPresentationManifestService@499f33a] or target class [class edu.tamu.iiif.service.fedora.FedoraPresentationManifestService] to value [http://localhost:9000/fcrepo/rest]
23:42:52.454 [main] DEBUG org.springframework.test.util.ReflectionTestUtils - Setting field 'pcdmRdfExtUrl' of type [null] on target object [edu.tamu.iiif.service.fedora.FedoraPresentationManifestService@499f33a] or target class [class edu.tamu.iiif.service.fedora.FedoraPresentationManifestService] to value [http://localhost:9107/pcdm]
23:42:52.455 [main] INFO edu.tamu.iiif.service.AbstractManifestService - Generating new manifest.
23:42:52.474 [main] INFO edu.tamu.iiif.service.AbstractManifestService - Unable to get mime type: http://localhost:9000/fcrepo/rest/cars_pcdm_objects/chevy/pages/page_0/files/PTAR_800x400.png
23:42:52.476 [main] INFO edu.tamu.iiif.service.AbstractManifestService - Unable to get mime type: http://localhost:9000/fcrepo/rest/cars_pcdm_objects/chevy/pages/page_1/files/car2.jpg
23:42:52.492 [main] INFO edu.tamu.iiif.service.AbstractManifestService - Manifest requested: cars_pcdm_objects/chevy
23:42:52.497 [main] DEBUG org.springframework.test.context.cache.DefaultCacheAwareContextLoaderDelegate - Retrieved ApplicationContext from cache with key [[MergedContextConfiguration@37532f09 testClass = FedoraPresentationManifestServiceTest, locations = '{}', classes = '{}', contextInitializerClasses = '[]', activeProfiles = '{}', propertySourceLocations = '{}', propertySourceProperties = '{}', contextCustomizers = set[org.springframework.boot.test.context.filter.ExcludeFilterContextCustomizer@102d92c4, org.springframework.boot.test.json.DuplicateJsonObjectContextCustomizerFactory$DuplicateJsonObjectContextCustomizer@79767781, org.springframework.boot.test.mock.mockito.MockitoContextCustomizer@0, org.springframework.boot.test.autoconfigure.properties.PropertyMappingContextCustomizer@0, org.springframework.boot.test.autoconfigure.web.servlet.WebDriverContextCustomizerFactory$Customizer@336365bc], contextLoader = 'org.springframework.test.context.support.DelegatingSmartContextLoader', parent = [null]]]
23:42:52.497 [main] DEBUG org.springframework.test.context.cache - Spring test ApplicationContext cache statistics: [DefaultContextCache@1adf387e size = 1, maxSize = 32, parentContextCount = 0, hitCount = 19, missCount = 1]
23:42:52.498 [main] DEBUG org.springframework.test.context.cache.DefaultCacheAwareContextLoaderDelegate - Retrieved ApplicationContext from cache with key [[MergedContextConfiguration@37532f09 testClass = FedoraPresentationManifestServiceTest, locations = '{}', classes = '{}', contextInitializerClasses = '[]', activeProfiles = '{}', propertySourceLocations = '{}', propertySourceProperties = '{}', contextCustomizers = set[org.springframework.boot.test.context.filter.ExcludeFilterContextCustomizer@102d92c4, org.springframework.boot.test.json.DuplicateJsonObjectContextCustomizerFactory$DuplicateJsonObjectContextCustomizer@79767781, org.springframework.boot.test.mock.mockito.MockitoContextCustomizer@0, org.springframework.boot.test.autoconfigure.properties.PropertyMappingContextCustomizer@0, org.springframework.boot.test.autoconfigure.web.servlet.WebDriverContextCustomizerFactory$Customizer@336365bc], contextLoader = 'org.springframework.test.context.support.DelegatingSmartContextLoader', parent = [null]]]
23:42:52.498 [main] DEBUG org.springframework.test.context.cache - Spring test ApplicationContext cache statistics: [DefaultContextCache@1adf387e size = 1, maxSize = 32, parentContextCount = 0, hitCount = 20, missCount = 1]
23:42:52.499 [main] DEBUG org.springframework.test.context.cache.DefaultCacheAwareContextLoaderDelegate - Retrieved ApplicationContext from cache with key [[MergedContextConfiguration@37532f09 testClass = FedoraPresentationManifestServiceTest, locations = '{}', classes = '{}', contextInitializerClasses = '[]', activeProfiles = '{}', propertySourceLocations = '{}', propertySourceProperties = '{}', contextCustomizers = set[org.springframework.boot.test.context.filter.ExcludeFilterContextCustomizer@102d92c4, org.springframework.boot.test.json.DuplicateJsonObjectContextCustomizerFactory$DuplicateJsonObjectContextCustomizer@79767781, org.springframework.boot.test.mock.mockito.MockitoContextCustomizer@0, org.springframework.boot.test.autoconfigure.properties.PropertyMappingContextCustomizer@0, org.springframework.boot.test.autoconfigure.web.servlet.WebDriverContextCustomizerFactory$Customizer@336365bc], contextLoader = 'org.springframework.test.context.support.DelegatingSmartContextLoader', parent = [null]]]
23:42:52.499 [main] DEBUG org.springframework.test.context.cache - Spring test ApplicationContext cache statistics: [DefaultContextCache@1adf387e size = 1, maxSize = 32, parentContextCount = 0, hitCount = 21, missCount = 1]
23:42:52.500 [main] DEBUG org.springframework.test.context.cache.DefaultCacheAwareContextLoaderDelegate - Retrieved ApplicationContext from cache with key [[MergedContextConfiguration@37532f09 testClass = FedoraPresentationManifestServiceTest, locations = '{}', classes = '{}', contextInitializerClasses = '[]', activeProfiles = '{}', propertySourceLocations = '{}', propertySourceProperties = '{}', contextCustomizers = set[org.springframework.boot.test.context.filter.ExcludeFilterContextCustomizer@102d92c4, org.springframework.boot.test.json.DuplicateJsonObjectContextCustomizerFactory$DuplicateJsonObjectContextCustomizer@79767781, org.springframework.boot.test.mock.mockito.MockitoContextCustomizer@0, org.springframework.boot.test.autoconfigure.properties.PropertyMappingContextCustomizer@0, org.springframework.boot.test.autoconfigure.web.servlet.WebDriverContextCustomizerFactory$Customizer@336365bc], contextLoader = 'org.springframework.test.context.support.DelegatingSmartContextLoader', parent = [null]]]
23:42:52.500 [main] DEBUG org.springframework.test.context.cache - Spring test ApplicationContext cache statistics: [DefaultContextCache@1adf387e size = 1, maxSize = 32, parentContextCount = 0, hitCount = 22, missCount = 1]
23:42:52.500 [main] DEBUG org.springframework.beans.factory.support.DefaultListableBeanFactory - Returning cached instance of singleton bean 'org.springframework.boot.test.mock.mockito.MockitoBeans'
23:42:52.501 [main] DEBUG org.springframework.test.context.support.AbstractDirtiesContextTestExecutionListener - After test method: context [DefaultTestContext@1fe9a01c testClass = FedoraPresentationManifestServiceTest, testInstance = edu.tamu.iiif.service.fedora.FedoraPresentationManifestServiceTest@33a228d8, testMethod = testGetManifestWithoutOrder@FedoraPresentationManifestServiceTest, testException = java.lang.AssertionError: expected:<{"@context":"http://iiif.io/api/presentation/2/context.json","@id":"http://localhost:9003/fedora/presentation?context=cars_pcdm_objects/chevy","@type":"sc:Manifest","description":"Maybe a Chevy Challenge and a Charger","label":"Some Chevy Cars","logo":"https://brandguide.tamu.edu/assets/downloads/logos/TAM-Logo.png","metadata":[{"label":"title","value":"Some Chevy Cars"},{"label":"description","value":"Maybe a Chevy Challenge and a Charger"}],"sequences":[{"@id":"http://localhost:9003/fedora/sequence?context=cars_pcdm_objects/chevy","@type":"sc:Sequence","canvases":[{"@id":"http://localhost:9003/fedora/canvas?context=cars_pcdm_objects/chevy/pages/page_0","@type":"sc:Canvas","height":400,"images":[{"@id":"http://localhost:8182/iiif/2/ZmVkb3JhOmNhcnNfcGNkbV9vYmplY3RzL2NoZXZ5L3BhZ2VzL3BhZ2VfMC9maWxlcy9QVEFSXzgwMHg0MDAucG5n/info.json","@type":"oa:Annotation","motivation":"sc:painting","on":"http://localhost:9003/fedora/canvas?context=cars_pcdm_objects/chevy/pages/page_0","resource":{"@id":"http://localhost:8182/iiif/2/ZmVkb3JhOmNhcnNfcGNkbV9vYmplY3RzL2NoZXZ5L3BhZ2VzL3BhZ2VfMC9maWxlcy9QVEFSXzgwMHg0MDAucG5n/full/full/0/default.jpg","@type":"dctypes:Image","height":400,"service":{"label":"Fedora IIIF Image Resource Service","profile":"http://iiif.io/api/image/2/level0.json","@context":"http://iiif.io/api/image/2/context.json","@id":"http://localhost:8182/iiif/2/ZmVkb3JhOmNhcnNfcGNkbV9vYmplY3RzL2NoZXZ5L3BhZ2VzL3BhZ2VfMC9maWxlcy9QVEFSXzgwMHg0MDAucG5n"},"width":800}}],"label":"fedora:cars_pcdm_objects/chevy/pages/page_0","metadata":[],"width":800},{"@id":"http://localhost:9003/fedora/canvas?context=cars_pcdm_objects/chevy/pages/page_1","@type":"sc:Canvas","height":1080,"images":[{"@id":"http://localhost:8182/iiif/2/ZmVkb3JhOmNhcnNfcGNkbV9vYmplY3RzL2NoZXZ5L3BhZ2VzL3BhZ2VfMS9maWxlcy9jYXIyLmpwZw==/info.json","@type":"oa:Annotation","motivation":"sc:painting","on":"http://localhost:9003/fedora/canvas?context=cars_pcdm_objects/chevy/pages/page_1","resource":{"@id":"http://localhost:8182/iiif/2/ZmVkb3JhOmNhcnNfcGNkbV9vYmplY3RzL2NoZXZ5L3BhZ2VzL3BhZ2VfMS9maWxlcy9jYXIyLmpwZw==/full/full/0/default.jpg","@type":"dctypes:Image","height":1080,"service":{"label":"Fedora IIIF Image Resource Service","profile":"http://iiif.io/api/image/2/level0.json","@context":"http://iiif.io/api/image/2/context.json","@id":"http://localhost:8182/iiif/2/ZmVkb3JhOmNhcnNfcGNkbV9vYmplY3RzL2NoZXZ5L3BhZ2VzL3BhZ2VfMS9maWxlcy9jYXIyLmpwZw=="},"width":1920}}],"label":"fedora:cars_pcdm_objects/chevy/pages/page_1","metadata":[],"width":1920}],"label":"fedora:cars_pcdm_objects/chevy"}],"thumbnail":{"@id":"http://localhost:8182/iiif/2/ZmVkb3JhOmNhcnNfcGNkbV9vYmplY3RzL2NoZXZ5L3BhZ2VzL3BhZ2VfMC9maWxlcy9QVEFSXzgwMHg0MDAucG5n/full/!200,200/0/default.jpg","services":[{"@context":"http://iiif.io/api/image/2/context.json","@id":"http://localhost:8182/iiif/2/ZmVkb3JhOmNhcnNfcGNkbV9vYmplY3RzL2NoZXZ5L3BhZ2VzL3BhZ2VfMC9maWxlcy9QVEFSXzgwMHg0MDAucG5n","label":"Fedora IIIF Image Resource Service","profile":"http://iiif.io/api/image/2/level0.json"}]}}> but was:<{"logo":"https://brandguide.tamu.edu/assets/downloads/logos/TAM-Logo.png","description":"Maybe a Chevy Challenge and a Charger","label":"Some Chevy Cars","sequences":[{"canvases":[{"height":0,"images":[],"label":"fedora:cars_pcdm_objects/chevy/pages/page_0","metadata":[],"width":0,"@type":"sc:Canvas","@id":"http://localhost:9003/fedora/canvas?context=cars_pcdm_objects/chevy/pages/page_0"},{"height":0,"images":[],"label":"fedora:cars_pcdm_objects/chevy/pages/page_1","metadata":[],"width":0,"@type":"sc:Canvas","@id":"http://localhost:9003/fedora/canvas?context=cars_pcdm_objects/chevy/pages/page_1"}],"label":"fedora:cars_pcdm_objects/chevy","@type":"sc:Sequence","@id":"http://localhost:9003/fedora/sequence?context=cars_pcdm_objects/chevy"}],"@type":"sc:Manifest","@id":"http://localhost:9003/fedora/presentation?context=cars_pcdm_objects/chevy","@context":"http://iiif.io/api/presentation/2/context.json","metadata":[{"label":"title","value":"Some Chevy Cars"},{"label":"description","value":"Maybe a Chevy Challenge and a Charger"}]}>, mergedContextConfiguration = [MergedContextConfiguration@37532f09 testClass = FedoraPresentationManifestServiceTest, locations = '{}', classes = '{}', contextInitializerClasses = '[]', activeProfiles = '{}', propertySourceLocations = '{}', propertySourceProperties = '{}', contextCustomizers = set[org.springframework.boot.test.context.filter.ExcludeFilterContextCustomizer@102d92c4, org.springframework.boot.test.json.DuplicateJsonObjectContextCustomizerFactory$DuplicateJsonObjectContextCustomizer@79767781, org.springframework.boot.test.mock.mockito.MockitoContextCustomizer@0, org.springframework.boot.test.autoconfigure.properties.PropertyMappingContextCustomizer@0, org.springframework.boot.test.autoconfigure.web.servlet.WebDriverContextCustomizerFactory$Customizer@336365bc], contextLoader = 'org.springframework.test.context.support.DelegatingSmartContextLoader', parent = [null]]], class annotated with @DirtiesContext [false] with mode [null], method annotated with @DirtiesContext [false] with mode [null].
]]></system-out>
  </testcase>
  <testcase name="testGetManifest" classname="edu.tamu.iiif.service.fedora.FedoraPresentationManifestServiceTest" time="0.001">
    <failure message="expected:&lt;{&quot;@context&quot;:&quot;http://iiif.io/api/presentation/2/context.json&quot;,&quot;@id&quot;:&quot;http://localhost:9003/fedora/presentation?context=cars_pcdm_objects/chevy&quot;,&quot;@type&quot;:&quot;sc:Manifest&quot;,&quot;description&quot;:&quot;Maybe a Chevy Challenge and a Charger&quot;,&quot;label&quot;:&quot;Some Chevy Cars&quot;,&quot;logo&quot;:&quot;https://brandguide.tamu.edu/assets/downloads/logos/TAM-Logo.png&quot;,&quot;metadata&quot;:[{&quot;label&quot;:&quot;title&quot;,&quot;value&quot;:&quot;Some Chevy Cars&quot;},{&quot;label&quot;:&quot;description&quot;,&quot;value&quot;:&quot;Maybe a Chevy Challenge and a Charger&quot;}],&quot;sequences&quot;:[{&quot;@id&quot;:&quot;http://localhost:9003/fedora/sequence?context=cars_pcdm_objects/chevy&quot;,&quot;@type&quot;:&quot;sc:Sequence&quot;,&quot;canvases&quot;:[{&quot;@id&quot;:&quot;http://localhost:9003/fedora/canvas?context=cars_pcdm_objects/chevy/pages/page_0&quot;,&quot;@type&quot;:&quot;sc:Canvas&quot;,&quot;height&quot;:400,&quot;images&quot;:[{&quot;@id&quot;:&quot;http://localhost:8182/iiif/2/ZmVkb3JhOmNhcnNfcGNkbV9vYmplY3RzL2NoZXZ5L3BhZ2VzL3BhZ2VfMC9maWxlcy9QVEFSXzgwMHg0MDAucG5n/info.json&quot;,&quot;@type&quot;:&quot;oa:Annotation&quot;,&quot;motivation&quot;:&quot;sc:painting&quot;,&quot;on&quot;:&quot;http://localhost:9003/fedora/canvas?context=cars_pcdm_objects/chevy/pages/page_0&quot;,&quot;resource&quot;:{&quot;@id&quot;:&quot;http://localhost:8182/iiif/2/ZmVkb3JhOmNhcnNfcGNkbV9vYmplY3RzL2NoZXZ5L3BhZ2VzL3BhZ2VfMC9maWxlcy9QVEFSXzgwMHg0MDAucG5n/full/full/0/default.jpg&quot;,&quot;@type&quot;:&quot;dctypes:Image&quot;,&quot;height&quot;:400,&quot;service&quot;:{&quot;label&quot;:&quot;Fedora IIIF Image Resource Service&quot;,&quot;profile&quot;:&quot;http://iiif.io/api/image/2/level0.json&quot;,&quot;@context&quot;:&quot;http://iiif.io/api/image/2/context.json&quot;,&quot;@id&quot;:&quot;http://localhost:8182/iiif/2/ZmVkb3JhOmNhcnNfcGNkbV9vYmplY3RzL2NoZXZ5L3BhZ2VzL3BhZ2VfMC9maWxlcy9QVEFSXzgwMHg0MDAucG5n&quot;},&quot;width&quot;:800}}],&quot;label&quot;:&quot;fedora:cars_pcdm_objects/chevy/pages/page_0&quot;,&quot;metadata&quot;:[],&quot;width&quot;:800},{&quot;@id&quot;:&quot;http://localhost:9003/fedora/canvas?context=cars_pcdm_objects/chevy/pages/page_1&quot;,&quot;@type&quot;:&quot;sc:Canvas&quot;,&quot;height&quot;:1080,&quot;images&quot;:[{&quot;@id&quot;:&quot;http://localhost:8182/iiif/2/ZmVkb3JhOmNhcnNfcGNkbV9vYmplY3RzL2NoZXZ5L3BhZ2VzL3BhZ2VfMS9maWxlcy9jYXIyLmpwZw==/info.json&quot;,&quot;@type&quot;:&quot;oa:Annotation&quot;,&quot;motivation&quot;:&quot;sc:painting&quot;,&quot;on&quot;:&quot;http://localhost:9003/fedora/canvas?context=cars_pcdm_objects/chevy/pages/page_1&quot;,&quot;resource&quot;:{&quot;@id&quot;:&quot;http://localhost:8182/iiif/2/ZmVkb3JhOmNhcnNfcGNkbV9vYmplY3RzL2NoZXZ5L3BhZ2VzL3BhZ2VfMS9maWxlcy9jYXIyLmpwZw==/full/full/0/default.jpg&quot;,&quot;@type&quot;:&quot;dctypes:Image&quot;,&quot;height&quot;:1080,&quot;service&quot;:{&quot;label&quot;:&quot;Fedora IIIF Image Resource Service&quot;,&quot;profile&quot;:&quot;http://iiif.io/api/image/2/level0.json&quot;,&quot;@context&quot;:&quot;http://iiif.io/api/image/2/context.json&quot;,&quot;@id&quot;:&quot;http://localhost:8182/iiif/2/ZmVkb3JhOmNhcnNfcGNkbV9vYmplY3RzL2NoZXZ5L3BhZ2VzL3BhZ2VfMS9maWxlcy9jYXIyLmpwZw==&quot;},&quot;width&quot;:1920}}],&quot;label&quot;:&quot;fedora:cars_pcdm_objects/chevy/pages/page_1&quot;,&quot;metadata&quot;:[],&quot;width&quot;:1920}],&quot;label&quot;:&quot;fedora:cars_pcdm_objects/chevy&quot;}],&quot;thumbnail&quot;:{&quot;@id&quot;:&quot;http://localhost:8182/iiif/2/ZmVkb3JhOmNhcnNfcGNkbV9vYmplY3RzL2NoZXZ5L3BhZ2VzL3BhZ2VfMC9maWxlcy9QVEFSXzgwMHg0MDAucG5n/full/!200,200/0/default.jpg&quot;,&quot;services&quot;:[{&quot;@context&quot;:&quot;http://iiif.io/api/image/2/context.json&quot;,&quot;@id&quot;:&quot;http://localhost:8182/iiif/2/ZmVkb3JhOmNhcnNfcGNkbV9vYmplY3RzL2NoZXZ5L3BhZ2VzL3BhZ2VfMC9maWxlcy9QVEFSXzgwMHg0MDAucG5n&quot;,&quot;label&quot;:&quot;Fedora IIIF Image Resource Service&quot;,&quot;profile&quot;:&quot;http://iiif.io/api/image/2/level0.json&quot;}]}}&gt; but was:&lt;{&quot;logo&quot;:&quot;https://brandguide.tamu.edu/assets/downloads/logos/TAM-Logo.png&quot;,&quot;description&quot;:&quot;Maybe a Chevy Challenge and a Charger&quot;,&quot;label&quot;:&quot;Some Chevy Cars&quot;,&quot;sequences&quot;:[{&quot;canvases&quot;:[{&quot;height&quot;:0,&quot;images&quot;:[],&quot;label&quot;:&quot;fedora:cars_pcdm_objects/chevy/pages/page_0&quot;,&quot;metadata&quot;:[],&quot;width&quot;:0,&quot;@type&quot;:&quot;sc:Canvas&quot;,&quot;@id&quot;:&quot;http://localhost:9003/fedora/canvas?context=cars_pcdm_objects/chevy/pages/page_0&quot;},{&quot;height&quot;:0,&quot;images&quot;:[],&quot;label&quot;:&quot;fedora:cars_pcdm_objects/chevy/pages/page_1&quot;,&quot;metadata&quot;:[],&quot;width&quot;:0,&quot;@type&quot;:&quot;sc:Canvas&quot;,&quot;@id&quot;:&quot;http://localhost:9003/fedora/canvas?context=cars_pcdm_objects/chevy/pages/page_1&quot;}],&quot;label&quot;:&quot;fedora:cars_pcdm_objects/chevy&quot;,&quot;@type&quot;:&quot;sc:Sequence&quot;,&quot;@id&quot;:&quot;http://localhost:9003/fedora/sequence?context=cars_pcdm_objects/chevy&quot;}],&quot;@type&quot;:&quot;sc:Manifest&quot;,&quot;@id&quot;:&quot;http://localhost:9003/fedora/presentation?context=cars_pcdm_objects/chevy&quot;,&quot;@context&quot;:&quot;http://iiif.io/api/presentation/2/context.json&quot;,&quot;metadata&quot;:[{&quot;label&quot;:&quot;title&quot;,&quot;value&quot;:&quot;Some Chevy Cars&quot;},{&quot;label&quot;:&quot;description&quot;,&quot;value&quot;:&quot;Maybe a Chevy Challenge and a Charger&quot;}]}&gt;" type="java.lang.AssertionError"><![CDATA[java.lang.AssertionError: expected:<{"@context":"http://iiif.io/api/presentation/2/context.json","@id":"http://localhost:9003/fedora/presentation?context=cars_pcdm_objects/chevy","@type":"sc:Manifest","description":"Maybe a Chevy Challenge and a Charger","label":"Some Chevy Cars","logo":"https://brandguide.tamu.edu/assets/downloads/logos/TAM-Logo.png","metadata":[{"label":"title","value":"Some Chevy Cars"},{"label":"description","value":"Maybe a Chevy Challenge and a Charger"}],"sequences":[{"@id":"http://localhost:9003/fedora/sequence?context=cars_pcdm_objects/chevy","@type":"sc:Sequence","canvases":[{"@id":"http://localhost:9003/fedora/canvas?context=cars_pcdm_objects/chevy/pages/page_0","@type":"sc:Canvas","height":400,"images":[{"@id":"http://localhost:8182/iiif/2/ZmVkb3JhOmNhcnNfcGNkbV9vYmplY3RzL2NoZXZ5L3BhZ2VzL3BhZ2VfMC9maWxlcy9QVEFSXzgwMHg0MDAucG5n/info.json","@type":"oa:Annotation","motivation":"sc:painting","on":"http://localhost:9003/fedora/canvas?context=cars_pcdm_objects/chevy/pages/page_0","resource":{"@id":"http://localhost:8182/iiif/2/ZmVkb3JhOmNhcnNfcGNkbV9vYmplY3RzL2NoZXZ5L3BhZ2VzL3BhZ2VfMC9maWxlcy9QVEFSXzgwMHg0MDAucG5n/full/full/0/default.jpg","@type":"dctypes:Image","height":400,"service":{"label":"Fedora IIIF Image Resource Service","profile":"http://iiif.io/api/image/2/level0.json","@context":"http://iiif.io/api/image/2/context.json","@id":"http://localhost:8182/iiif/2/ZmVkb3JhOmNhcnNfcGNkbV9vYmplY3RzL2NoZXZ5L3BhZ2VzL3BhZ2VfMC9maWxlcy9QVEFSXzgwMHg0MDAucG5n"},"width":800}}],"label":"fedora:cars_pcdm_objects/chevy/pages/page_0","metadata":[],"width":800},{"@id":"http://localhost:9003/fedora/canvas?context=cars_pcdm_objects/chevy/pages/page_1","@type":"sc:Canvas","height":1080,"images":[{"@id":"http://localhost:8182/iiif/2/ZmVkb3JhOmNhcnNfcGNkbV9vYmplY3RzL2NoZXZ5L3BhZ2VzL3BhZ2VfMS9maWxlcy9jYXIyLmpwZw==/info.json","@type":"oa:Annotation","motivation":"sc:painting","on":"http://localhost:9003/fedora/canvas?context=cars_pcdm_objects/chevy/pages/page_1","resource":{"@id":"http://localhost:8182/iiif/2/ZmVkb3JhOmNhcnNfcGNkbV9vYmplY3RzL2NoZXZ5L3BhZ2VzL3BhZ2VfMS9maWxlcy9jYXIyLmpwZw==/full/full/0/default.jpg","@type":"dctypes:Image","height":1080,"service":{"label":"Fedora IIIF Image Resource Service","profile":"http://iiif.io/api/image/2/level0.json","@context":"http://iiif.io/api/image/2/context.json","@id":"http://localhost:8182/iiif/2/ZmVkb3JhOmNhcnNfcGNkbV9vYmplY3RzL2NoZXZ5L3BhZ2VzL3BhZ2VfMS9maWxlcy9jYXIyLmpwZw=="},"width":1920}}],"label":"fedora:cars_pcdm_objects/chevy/pages/page_1","metadata":[],"width":1920}],"label":"fedora:cars_pcdm_objects/chevy"}],"thumbnail":{"@id":"http://localhost:8182/iiif/2/ZmVkb3JhOmNhcnNfcGNkbV9vYmplY3RzL2NoZXZ5L3BhZ2VzL3BhZ2VfMC9maWxlcy9QVEFSXzgwMHg0MDAucG5n/full/!200,200/0/default.jpg","services":[{"@context":"http://iiif.io/api/image/2/context.json","@id":"http://localhost:8182/iiif/2/ZmVkb3JhOmNhcnNfcGNkbV9vYmplY3RzL2NoZXZ5L3BhZ2VzL3BhZ2VfMC9maWxlcy9QVEFSXzgwMHg0MDAucG5n","label":"Fedora IIIF Image Resource Service","profile":"http://iiif.io/api/image/2/level0.json"}]}}> but was:<{"logo":"https://brandguide.tamu.edu/assets/downloads/logos/TAM-Logo.png","description":"Maybe a Chevy Challenge and a Charger","label":"Some Chevy Cars","sequences":[{"canvases":[{"height":0,"images":[],"label":"fedora:cars_pcdm_objects/chevy/pages/page_0","metadata":[],"width":0,"@type":"sc:Canvas","@id":"http://localhost:9003/fedora/canvas?context=cars_pcdm_objects/chevy/pages/page_0"},{"height":0,"images":[],"label":"fedora:cars_pcdm_objects/chevy/pages/page_1","metadata":[],"width":0,"@type":"sc:Canvas","@id":"http://localhost:9003/fedora/canvas?context=cars_pcdm_objects/chevy/pages/page_1"}],"label":"fedora:cars_pcdm_objects/chevy","@type":"sc:Sequence","@id":"http://localhost:9003/fedora/sequence?context=cars_pcdm_objects/chevy"}],"@type":"sc:Manifest","@id":"http://localhost:9003/fedora/presentation?context=cars_pcdm_objects/chevy","@context":"http://iiif.io/api/presentation/2/context.json","metadata":[{"label":"title","value":"Some Chevy Cars"},{"label":"description","value":"Maybe a Chevy Challenge and a Charger"}]}>
	at org.junit.Assert.fail(Assert.java:88)
	at org.junit.Assert.failNotEquals(Assert.java:834)
	at org.junit.Assert.assertEquals(Assert.java:118)
	at org.junit.Assert.assertEquals(Assert.java:144)
	at edu.tamu.iiif.service.fedora.FedoraPresentationManifestServiceTest.testGetManifest(FedoraPresentationManifestServiceTest.java:69)
]]></failure>
    <system-out><![CDATA[23:42:52.504 [main] DEBUG org.springframework.test.annotation.ProfileValueUtils - Retrieved @ProfileValueSourceConfiguration [null] for test class [edu.tamu.iiif.service.fedora.FedoraPresentationManifestServiceTest]
23:42:52.504 [main] DEBUG org.springframework.test.annotation.ProfileValueUtils - Retrieved ProfileValueSource type [class org.springframework.test.annotation.SystemProfileValueSource] for class [edu.tamu.iiif.service.fedora.FedoraPresentationManifestServiceTest]
23:42:52.504 [main] DEBUG org.springframework.test.context.support.DependencyInjectionTestExecutionListener - Performing dependency injection for test context [[DefaultTestContext@1fe9a01c testClass = FedoraPresentationManifestServiceTest, testInstance = edu.tamu.iiif.service.fedora.FedoraPresentationManifestServiceTest@ca0ccb6, testMethod = [null], testException = [null], mergedContextConfiguration = [MergedContextConfiguration@37532f09 testClass = FedoraPresentationManifestServiceTest, locations = '{}', classes = '{}', contextInitializerClasses = '[]', activeProfiles = '{}', propertySourceLocations = '{}', propertySourceProperties = '{}', contextCustomizers = set[org.springframework.boot.test.context.filter.ExcludeFilterContextCustomizer@102d92c4, org.springframework.boot.test.json.DuplicateJsonObjectContextCustomizerFactory$DuplicateJsonObjectContextCustomizer@79767781, org.springframework.boot.test.mock.mockito.MockitoContextCustomizer@0, org.springframework.boot.test.autoconfigure.properties.PropertyMappingContextCustomizer@0, org.springframework.boot.test.autoconfigure.web.servlet.WebDriverContextCustomizerFactory$Customizer@336365bc], contextLoader = 'org.springframework.test.context.support.DelegatingSmartContextLoader', parent = [null]]]].
23:42:52.505 [main] DEBUG org.springframework.test.context.cache.DefaultCacheAwareContextLoaderDelegate - Retrieved ApplicationContext from cache with key [[MergedContextConfiguration@37532f09 testClass = FedoraPresentationManifestServiceTest, locations = '{}', classes = '{}', contextInitializerClasses = '[]', activeProfiles = '{}', propertySourceLocations = '{}', propertySourceProperties = '{}', contextCustomizers = set[org.springframework.boot.test.context.filter.ExcludeFilterContextCustomizer@102d92c4, org.springframework.boot.test.json.DuplicateJsonObjectContextCustomizerFactory$DuplicateJsonObjectContextCustomizer@79767781, org.springframework.boot.test.mock.mockito.MockitoContextCustomizer@0, org.springframework.boot.test.autoconfigure.properties.PropertyMappingContextCustomizer@0, org.springframework.boot.test.autoconfigure.web.servlet.WebDriverContextCustomizerFactory$Customizer@336365bc], contextLoader = 'org.springframework.test.context.support.DelegatingSmartContextLoader', parent = [null]]]
23:42:52.505 [main] DEBUG org.springframework.test.context.cache - Spring test ApplicationContext cache statistics: [DefaultContextCache@1adf387e size = 1, maxSize = 32, parentContextCount = 0, hitCount = 23, missCount = 1]
23:42:52.505 [main] DEBUG org.springframework.beans.factory.annotation.InjectionMetadata - Processing injected element of bean 'edu.tamu.iiif.service.fedora.FedoraPresentationManifestServiceTest': AutowiredFieldElement for private org.springframework.core.io.Resource edu.tamu.iiif.service.fedora.FedoraPresentationManifestServiceTest.rdf
23:42:52.506 [main] DEBUG org.springframework.beans.factory.annotation.InjectionMetadata - Processing injected element of bean 'edu.tamu.iiif.service.fedora.FedoraPresentationManifestServiceTest': AutowiredFieldElement for private org.springframework.core.io.Resource edu.tamu.iiif.service.fedora.FedoraPresentationManifestServiceTest.rdfWithoutOrder
23:42:52.506 [main] DEBUG org.springframework.beans.factory.annotation.InjectionMetadata - Processing injected element of bean 'edu.tamu.iiif.service.fedora.FedoraPresentationManifestServiceTest': AutowiredFieldElement for private org.springframework.core.io.Resource edu.tamu.iiif.service.fedora.FedoraPresentationManifestServiceTest.proxy0Rdf
23:42:52.506 [main] DEBUG org.springframework.beans.factory.annotation.InjectionMetadata - Processing injected element of bean 'edu.tamu.iiif.service.fedora.FedoraPresentationManifestServiceTest': AutowiredFieldElement for private org.springframework.core.io.Resource edu.tamu.iiif.service.fedora.FedoraPresentationManifestServiceTest.proxy1Rdf
23:42:52.506 [main] DEBUG org.springframework.beans.factory.annotation.InjectionMetadata - Processing injected element of bean 'edu.tamu.iiif.service.fedora.FedoraPresentationManifestServiceTest': AutowiredFieldElement for private org.springframework.core.io.Resource edu.tamu.iiif.service.fedora.FedoraPresentationManifestServiceTest.image0
23:42:52.507 [main] DEBUG org.springframework.beans.factory.annotation.InjectionMetadata - Processing injected element of bean 'edu.tamu.iiif.service.fedora.FedoraPresentationManifestServiceTest': AutowiredFieldElement for private org.springframework.core.io.Resource edu.tamu.iiif.service.fedora.FedoraPresentationManifestServiceTest.image1
23:42:52.507 [main] DEBUG org.springframework.beans.factory.annotation.InjectionMetadata - Processing injected element of bean 'edu.tamu.iiif.service.fedora.FedoraPresentationManifestServiceTest': AutowiredFieldElement for private org.springframework.core.io.Resource edu.tamu.iiif.service.fedora.FedoraPresentationManifestServiceTest.presentation
23:42:52.512 [main] DEBUG org.springframework.test.context.support.AbstractDirtiesContextTestExecutionListener - Before test method: context [DefaultTestContext@1fe9a01c testClass = FedoraPresentationManifestServiceTest, testInstance = edu.tamu.iiif.service.fedora.FedoraPresentationManifestServiceTest@ca0ccb6, testMethod = testGetManifest@FedoraPresentationManifestServiceTest, testException = [null], mergedContextConfiguration = [MergedContextConfiguration@37532f09 testClass = FedoraPresentationManifestServiceTest, locations = '{}', classes = '{}', contextInitializerClasses = '[]', activeProfiles = '{}', propertySourceLocations = '{}', propertySourceProperties = '{}', contextCustomizers = set[org.springframework.boot.test.context.filter.ExcludeFilterContextCustomizer@102d92c4, org.springframework.boot.test.json.DuplicateJsonObjectContextCustomizerFactory$DuplicateJsonObjectContextCustomizer@79767781, org.springframework.boot.test.mock.mockito.MockitoContextCustomizer@0, org.springframework.boot.test.autoconfigure.properties.PropertyMappingContextCustomizer@0, org.springframework.boot.test.autoconfigure.web.servlet.WebDriverContextCustomizerFactory$Customizer@336365bc], contextLoader = 'org.springframework.test.context.support.DelegatingSmartContextLoader', parent = [null]]], class annotated with @DirtiesContext [false] with mode [null], method annotated with @DirtiesContext [false] with mode [null].
23:42:52.512 [main] DEBUG org.springframework.test.context.cache.DefaultCacheAwareContextLoaderDelegate - Retrieved ApplicationContext from cache with key [[MergedContextConfiguration@37532f09 testClass = FedoraPresentationManifestServiceTest, locations = '{}', classes = '{}', contextInitializerClasses = '[]', activeProfiles = '{}', propertySourceLocations = '{}', propertySourceProperties = '{}', contextCustomizers = set[org.springframework.boot.test.context.filter.ExcludeFilterContextCustomizer@102d92c4, org.springframework.boot.test.json.DuplicateJsonObjectContextCustomizerFactory$DuplicateJsonObjectContextCustomizer@79767781, org.springframework.boot.test.mock.mockito.MockitoContextCustomizer@0, org.springframework.boot.test.autoconfigure.properties.PropertyMappingContextCustomizer@0, org.springframework.boot.test.autoconfigure.web.servlet.WebDriverContextCustomizerFactory$Customizer@336365bc], contextLoader = 'org.springframework.test.context.support.DelegatingSmartContextLoader', parent = [null]]]
23:42:52.512 [main] DEBUG org.springframework.test.context.cache - Spring test ApplicationContext cache statistics: [DefaultContextCache@1adf387e size = 1, maxSize = 32, parentContextCount = 0, hitCount = 24, missCount = 1]
23:42:52.513 [main] DEBUG org.springframework.beans.factory.support.DefaultListableBeanFactory - Returning cached instance of singleton bean 'org.springframework.boot.test.mock.mockito.MockitoBeans'
23:42:52.516 [main] DEBUG org.springframework.test.util.ReflectionTestUtils - Setting field 'iiifServiceUrl' of type [null] on target object [edu.tamu.iiif.service.fedora.FedoraPresentationManifestService@e2333ef] or target class [class edu.tamu.iiif.service.fedora.FedoraPresentationManifestService] to value [http://localhost:9003]
23:42:52.516 [main] DEBUG org.springframework.test.util.ReflectionTestUtils - Setting field 'imageServerUrl' of type [null] on target object [edu.tamu.iiif.service.fedora.FedoraPresentationManifestService@e2333ef] or target class [class edu.tamu.iiif.service.fedora.FedoraPresentationManifestService] to value [http://localhost:8182/iiif/2]
23:42:52.516 [main] DEBUG org.springframework.test.util.ReflectionTestUtils - Setting field 'logoUrl' of type [null] on target object [edu.tamu.iiif.service.fedora.FedoraPresentationManifestService@e2333ef] or target class [class edu.tamu.iiif.service.fedora.FedoraPresentationManifestService] to value [https://brandguide.tamu.edu/assets/downloads/logos/TAM-Logo.png]
23:42:52.517 [main] DEBUG org.springframework.test.util.ReflectionTestUtils - Setting field 'fedoraUrl' of type [null] on target object [edu.tamu.iiif.service.fedora.FedoraPresentationManifestService@e2333ef] or target class [class edu.tamu.iiif.service.fedora.FedoraPresentationManifestService] to value [http://localhost:9000/fcrepo/rest]
23:42:52.517 [main] DEBUG org.springframework.test.util.ReflectionTestUtils - Setting field 'pcdmRdfExtUrl' of type [null] on target object [edu.tamu.iiif.service.fedora.FedoraPresentationManifestService@e2333ef] or target class [class edu.tamu.iiif.service.fedora.FedoraPresentationManifestService] to value [http://localhost:9107/pcdm]
23:42:52.519 [main] INFO edu.tamu.iiif.service.AbstractManifestService - Generating new manifest.
23:42:52.556 [main] INFO edu.tamu.iiif.service.AbstractManifestService - Unable to get mime type: http://localhost:9000/fcrepo/rest/cars_pcdm_objects/chevy/pages/page_0/files/PTAR_800x400.png
23:42:52.571 [main] INFO edu.tamu.iiif.service.AbstractManifestService - Unable to get mime type: http://localhost:9000/fcrepo/rest/cars_pcdm_objects/chevy/pages/page_1/files/car2.jpg
23:42:52.574 [main] INFO edu.tamu.iiif.service.AbstractManifestService - Manifest requested: cars_pcdm_objects/chevy
23:42:52.579 [main] DEBUG org.springframework.test.context.cache.DefaultCacheAwareContextLoaderDelegate - Retrieved ApplicationContext from cache with key [[MergedContextConfiguration@37532f09 testClass = FedoraPresentationManifestServiceTest, locations = '{}', classes = '{}', contextInitializerClasses = '[]', activeProfiles = '{}', propertySourceLocations = '{}', propertySourceProperties = '{}', contextCustomizers = set[org.springframework.boot.test.context.filter.ExcludeFilterContextCustomizer@102d92c4, org.springframework.boot.test.json.DuplicateJsonObjectContextCustomizerFactory$DuplicateJsonObjectContextCustomizer@79767781, org.springframework.boot.test.mock.mockito.MockitoContextCustomizer@0, org.springframework.boot.test.autoconfigure.properties.PropertyMappingContextCustomizer@0, org.springframework.boot.test.autoconfigure.web.servlet.WebDriverContextCustomizerFactory$Customizer@336365bc], contextLoader = 'org.springframework.test.context.support.DelegatingSmartContextLoader', parent = [null]]]
23:42:52.579 [main] DEBUG org.springframework.test.context.cache - Spring test ApplicationContext cache statistics: [DefaultContextCache@1adf387e size = 1, maxSize = 32, parentContextCount = 0, hitCount = 25, missCount = 1]
23:42:52.579 [main] DEBUG org.springframework.test.context.cache.DefaultCacheAwareContextLoaderDelegate - Retrieved ApplicationContext from cache with key [[MergedContextConfiguration@37532f09 testClass = FedoraPresentationManifestServiceTest, locations = '{}', classes = '{}', contextInitializerClasses = '[]', activeProfiles = '{}', propertySourceLocations = '{}', propertySourceProperties = '{}', contextCustomizers = set[org.springframework.boot.test.context.filter.ExcludeFilterContextCustomizer@102d92c4, org.springframework.boot.test.json.DuplicateJsonObjectContextCustomizerFactory$DuplicateJsonObjectContextCustomizer@79767781, org.springframework.boot.test.mock.mockito.MockitoContextCustomizer@0, org.springframework.boot.test.autoconfigure.properties.PropertyMappingContextCustomizer@0, org.springframework.boot.test.autoconfigure.web.servlet.WebDriverContextCustomizerFactory$Customizer@336365bc], contextLoader = 'org.springframework.test.context.support.DelegatingSmartContextLoader', parent = [null]]]
23:42:52.580 [main] DEBUG org.springframework.test.context.cache - Spring test ApplicationContext cache statistics: [DefaultContextCache@1adf387e size = 1, maxSize = 32, parentContextCount = 0, hitCount = 26, missCount = 1]
23:42:52.580 [main] DEBUG org.springframework.test.context.cache.DefaultCacheAwareContextLoaderDelegate - Retrieved ApplicationContext from cache with key [[MergedContextConfiguration@37532f09 testClass = FedoraPresentationManifestServiceTest, locations = '{}', classes = '{}', contextInitializerClasses = '[]', activeProfiles = '{}', propertySourceLocations = '{}', propertySourceProperties = '{}', contextCustomizers = set[org.springframework.boot.test.context.filter.ExcludeFilterContextCustomizer@102d92c4, org.springframework.boot.test.json.DuplicateJsonObjectContextCustomizerFactory$DuplicateJsonObjectContextCustomizer@79767781, org.springframework.boot.test.mock.mockito.MockitoContextCustomizer@0, org.springframework.boot.test.autoconfigure.properties.PropertyMappingContextCustomizer@0, org.springframework.boot.test.autoconfigure.web.servlet.WebDriverContextCustomizerFactory$Customizer@336365bc], contextLoader = 'org.springframework.test.context.support.DelegatingSmartContextLoader', parent = [null]]]
23:42:52.580 [main] DEBUG org.springframework.test.context.cache - Spring test ApplicationContext cache statistics: [DefaultContextCache@1adf387e size = 1, maxSize = 32, parentContextCount = 0, hitCount = 27, missCount = 1]
23:42:52.581 [main] DEBUG org.springframework.test.context.cache.DefaultCacheAwareContextLoaderDelegate - Retrieved ApplicationContext from cache with key [[MergedContextConfiguration@37532f09 testClass = FedoraPresentationManifestServiceTest, locations = '{}', classes = '{}', contextInitializerClasses = '[]', activeProfiles = '{}', propertySourceLocations = '{}', propertySourceProperties = '{}', contextCustomizers = set[org.springframework.boot.test.context.filter.ExcludeFilterContextCustomizer@102d92c4, org.springframework.boot.test.json.DuplicateJsonObjectContextCustomizerFactory$DuplicateJsonObjectContextCustomizer@79767781, org.springframework.boot.test.mock.mockito.MockitoContextCustomizer@0, org.springframework.boot.test.autoconfigure.properties.PropertyMappingContextCustomizer@0, org.springframework.boot.test.autoconfigure.web.servlet.WebDriverContextCustomizerFactory$Customizer@336365bc], contextLoader = 'org.springframework.test.context.support.DelegatingSmartContextLoader', parent = [null]]]
23:42:52.581 [main] DEBUG org.springframework.test.context.cache - Spring test ApplicationContext cache statistics: [DefaultContextCache@1adf387e size = 1, maxSize = 32, parentContextCount = 0, hitCount = 28, missCount = 1]
23:42:52.581 [main] DEBUG org.springframework.beans.factory.support.DefaultListableBeanFactory - Returning cached instance of singleton bean 'org.springframework.boot.test.mock.mockito.MockitoBeans'
23:42:52.582 [main] DEBUG org.springframework.test.context.support.AbstractDirtiesContextTestExecutionListener - After test method: context [DefaultTestContext@1fe9a01c testClass = FedoraPresentationManifestServiceTest, testInstance = edu.tamu.iiif.service.fedora.FedoraPresentationManifestServiceTest@ca0ccb6, testMethod = testGetManifest@FedoraPresentationManifestServiceTest, testException = java.lang.AssertionError: expected:<{"@context":"http://iiif.io/api/presentation/2/context.json","@id":"http://localhost:9003/fedora/presentation?context=cars_pcdm_objects/chevy","@type":"sc:Manifest","description":"Maybe a Chevy Challenge and a Charger","label":"Some Chevy Cars","logo":"https://brandguide.tamu.edu/assets/downloads/logos/TAM-Logo.png","metadata":[{"label":"title","value":"Some Chevy Cars"},{"label":"description","value":"Maybe a Chevy Challenge and a Charger"}],"sequences":[{"@id":"http://localhost:9003/fedora/sequence?context=cars_pcdm_objects/chevy","@type":"sc:Sequence","canvases":[{"@id":"http://localhost:9003/fedora/canvas?context=cars_pcdm_objects/chevy/pages/page_0","@type":"sc:Canvas","height":400,"images":[{"@id":"http://localhost:8182/iiif/2/ZmVkb3JhOmNhcnNfcGNkbV9vYmplY3RzL2NoZXZ5L3BhZ2VzL3BhZ2VfMC9maWxlcy9QVEFSXzgwMHg0MDAucG5n/info.json","@type":"oa:Annotation","motivation":"sc:painting","on":"http://localhost:9003/fedora/canvas?context=cars_pcdm_objects/chevy/pages/page_0","resource":{"@id":"http://localhost:8182/iiif/2/ZmVkb3JhOmNhcnNfcGNkbV9vYmplY3RzL2NoZXZ5L3BhZ2VzL3BhZ2VfMC9maWxlcy9QVEFSXzgwMHg0MDAucG5n/full/full/0/default.jpg","@type":"dctypes:Image","height":400,"service":{"label":"Fedora IIIF Image Resource Service","profile":"http://iiif.io/api/image/2/level0.json","@context":"http://iiif.io/api/image/2/context.json","@id":"http://localhost:8182/iiif/2/ZmVkb3JhOmNhcnNfcGNkbV9vYmplY3RzL2NoZXZ5L3BhZ2VzL3BhZ2VfMC9maWxlcy9QVEFSXzgwMHg0MDAucG5n"},"width":800}}],"label":"fedora:cars_pcdm_objects/chevy/pages/page_0","metadata":[],"width":800},{"@id":"http://localhost:9003/fedora/canvas?context=cars_pcdm_objects/chevy/pages/page_1","@type":"sc:Canvas","height":1080,"images":[{"@id":"http://localhost:8182/iiif/2/ZmVkb3JhOmNhcnNfcGNkbV9vYmplY3RzL2NoZXZ5L3BhZ2VzL3BhZ2VfMS9maWxlcy9jYXIyLmpwZw==/info.json","@type":"oa:Annotation","motivation":"sc:painting","on":"http://localhost:9003/fedora/canvas?context=cars_pcdm_objects/chevy/pages/page_1","resource":{"@id":"http://localhost:8182/iiif/2/ZmVkb3JhOmNhcnNfcGNkbV9vYmplY3RzL2NoZXZ5L3BhZ2VzL3BhZ2VfMS9maWxlcy9jYXIyLmpwZw==/full/full/0/default.jpg","@type":"dctypes:Image","height":1080,"service":{"label":"Fedora IIIF Image Resource Service","profile":"http://iiif.io/api/image/2/level0.json","@context":"http://iiif.io/api/image/2/context.json","@id":"http://localhost:8182/iiif/2/ZmVkb3JhOmNhcnNfcGNkbV9vYmplY3RzL2NoZXZ5L3BhZ2VzL3BhZ2VfMS9maWxlcy9jYXIyLmpwZw=="},"width":1920}}],"label":"fedora:cars_pcdm_objects/chevy/pages/page_1","metadata":[],"width":1920}],"label":"fedora:cars_pcdm_objects/chevy"}],"thumbnail":{"@id":"http://localhost:8182/iiif/2/ZmVkb3JhOmNhcnNfcGNkbV9vYmplY3RzL2NoZXZ5L3BhZ2VzL3BhZ2VfMC9maWxlcy9QVEFSXzgwMHg0MDAucG5n/full/!200,200/0/default.jpg","services":[{"@context":"http://iiif.io/api/image/2/context.json","@id":"http://localhost:8182/iiif/2/ZmVkb3JhOmNhcnNfcGNkbV9vYmplY3RzL2NoZXZ5L3BhZ2VzL3BhZ2VfMC9maWxlcy9QVEFSXzgwMHg0MDAucG5n","label":"Fedora IIIF Image Resource Service","profile":"http://iiif.io/api/image/2/level0.json"}]}}> but was:<{"logo":"https://brandguide.tamu.edu/assets/downloads/logos/TAM-Logo.png","description":"Maybe a Chevy Challenge and a Charger","label":"Some Chevy Cars","sequences":[{"canvases":[{"height":0,"images":[],"label":"fedora:cars_pcdm_objects/chevy/pages/page_0","metadata":[],"width":0,"@type":"sc:Canvas","@id":"http://localhost:9003/fedora/canvas?context=cars_pcdm_objects/chevy/pages/page_0"},{"height":0,"images":[],"label":"fedora:cars_pcdm_objects/chevy/pages/page_1","metadata":[],"width":0,"@type":"sc:Canvas","@id":"http://localhost:9003/fedora/canvas?context=cars_pcdm_objects/chevy/pages/page_1"}],"label":"fedora:cars_pcdm_objects/chevy","@type":"sc:Sequence","@id":"http://localhost:9003/fedora/sequence?context=cars_pcdm_objects/chevy"}],"@type":"sc:Manifest","@id":"http://localhost:9003/fedora/presentation?context=cars_pcdm_objects/chevy","@context":"http://iiif.io/api/presentation/2/context.json","metadata":[{"label":"title","value":"Some Chevy Cars"},{"label":"description","value":"Maybe a Chevy Challenge and a Charger"}]}>, mergedContextConfiguration = [MergedContextConfiguration@37532f09 testClass = FedoraPresentationManifestServiceTest, locations = '{}', classes = '{}', contextInitializerClasses = '[]', activeProfiles = '{}', propertySourceLocations = '{}', propertySourceProperties = '{}', contextCustomizers = set[org.springframework.boot.test.context.filter.ExcludeFilterContextCustomizer@102d92c4, org.springframework.boot.test.json.DuplicateJsonObjectContextCustomizerFactory$DuplicateJsonObjectContextCustomizer@79767781, org.springframework.boot.test.mock.mockito.MockitoContextCustomizer@0, org.springframework.boot.test.autoconfigure.properties.PropertyMappingContextCustomizer@0, org.springframework.boot.test.autoconfigure.web.servlet.WebDriverContextCustomizerFactory$Customizer@336365bc], contextLoader = 'org.springframework.test.context.support.DelegatingSmartContextLoader', parent = [null]]], class annotated with @DirtiesContext [false] with mode [null], method annotated with @DirtiesContext [false] with mode [null].
]]></system-out>
  </testcase>
</testsuite>