<?xml version="1.0" encoding="UTF-8"?>
<testsuite xmlns:xsi="http://www.w3.org/2001/XMLSchema-instance" xsi:noNamespaceSchemaLocation="https://maven.apache.org/surefire/maven-surefire-plugin/xsd/surefire-test-report.xsd" name="io.javalin.performance.RouteMatcherPerformanceTest" time="0.037" tests="4" errors="0" skipped="4" failures="0">
  <properties>
    <property name="awt.toolkit" value="sun.awt.X11.XToolkit"/>
    <property name="file.encoding.pkg" value="sun.io"/>
    <property name="java.specification.version" value="1.8"/>
    <property name="sun.cpu.isalist" value=""/>
    <property name="sun.jnu.encoding" value="UTF-8"/>
    <property name="java.class.path" value="/root/workspace/tipsy/javalin/390053576/target/test-classes:/root/workspace/tipsy/javalin/390053576/target/classes:/root/./workspace/tipsy/javalin/390053576/.m2/org/jetbrains/kotlin/kotlin-stdlib-jdk8/1.2.41/kotlin-stdlib-jdk8-1.2.41.jar:/root/./workspace/tipsy/javalin/390053576/.m2/org/jetbrains/kotlin/kotlin-stdlib/1.2.41/kotlin-stdlib-1.2.41.jar:/root/./workspace/tipsy/javalin/390053576/.m2/org/jetbrains/annotations/13.0/annotations-13.0.jar:/root/./workspace/tipsy/javalin/390053576/.m2/org/jetbrains/kotlin/kotlin-stdlib-jdk7/1.2.41/kotlin-stdlib-jdk7-1.2.41.jar:/root/./workspace/tipsy/javalin/390053576/.m2/org/slf4j/slf4j-api/1.7.25/slf4j-api-1.7.25.jar:/root/./workspace/tipsy/javalin/390053576/.m2/org/slf4j/slf4j-simple/1.7.25/slf4j-simple-1.7.25.jar:/root/./workspace/tipsy/javalin/390053576/.m2/org/eclipse/jetty/jetty-server/9.4.10.v20180503/jetty-server-9.4.10.v20180503.jar:/root/./workspace/tipsy/javalin/390053576/.m2/javax/servlet/javax.servlet-api/3.1.0/javax.servlet-api-3.1.0.jar:/root/./workspace/tipsy/javalin/390053576/.m2/org/eclipse/jetty/jetty-http/9.4.10.v20180503/jetty-http-9.4.10.v20180503.jar:/root/./workspace/tipsy/javalin/390053576/.m2/org/eclipse/jetty/jetty-util/9.4.10.v20180503/jetty-util-9.4.10.v20180503.jar:/root/./workspace/tipsy/javalin/390053576/.m2/org/eclipse/jetty/jetty-io/9.4.10.v20180503/jetty-io-9.4.10.v20180503.jar:/root/./workspace/tipsy/javalin/390053576/.m2/org/eclipse/jetty/jetty-webapp/9.4.10.v20180503/jetty-webapp-9.4.10.v20180503.jar:/root/./workspace/tipsy/javalin/390053576/.m2/org/eclipse/jetty/jetty-xml/9.4.10.v20180503/jetty-xml-9.4.10.v20180503.jar:/root/./workspace/tipsy/javalin/390053576/.m2/org/eclipse/jetty/jetty-servlet/9.4.10.v20180503/jetty-servlet-9.4.10.v20180503.jar:/root/./workspace/tipsy/javalin/390053576/.m2/org/eclipse/jetty/jetty-security/9.4.10.v20180503/jetty-security-9.4.10.v20180503.jar:/root/./workspace/tipsy/javalin/390053576/.m2/org/eclipse/jetty/websocket/websocket-server/9.4.10.v20180503/websocket-server-9.4.10.v20180503.jar:/root/./workspace/tipsy/javalin/390053576/.m2/org/eclipse/jetty/websocket/websocket-common/9.4.10.v20180503/websocket-common-9.4.10.v20180503.jar:/root/./workspace/tipsy/javalin/390053576/.m2/org/eclipse/jetty/websocket/websocket-api/9.4.10.v20180503/websocket-api-9.4.10.v20180503.jar:/root/./workspace/tipsy/javalin/390053576/.m2/org/eclipse/jetty/websocket/websocket-client/9.4.10.v20180503/websocket-client-9.4.10.v20180503.jar:/root/./workspace/tipsy/javalin/390053576/.m2/org/eclipse/jetty/jetty-client/9.4.10.v20180503/jetty-client-9.4.10.v20180503.jar:/root/./workspace/tipsy/javalin/390053576/.m2/org/eclipse/jetty/websocket/websocket-servlet/9.4.10.v20180503/websocket-servlet-9.4.10.v20180503.jar:/root/./workspace/tipsy/javalin/390053576/.m2/com/fasterxml/jackson/core/jackson-databind/2.9.2/jackson-databind-2.9.2.jar:/root/./workspace/tipsy/javalin/390053576/.m2/com/fasterxml/jackson/core/jackson-annotations/2.9.0/jackson-annotations-2.9.0.jar:/root/./workspace/tipsy/javalin/390053576/.m2/com/fasterxml/jackson/core/jackson-core/2.9.2/jackson-core-2.9.2.jar:/root/./workspace/tipsy/javalin/390053576/.m2/org/apache/velocity/velocity/1.7/velocity-1.7.jar:/root/./workspace/tipsy/javalin/390053576/.m2/commons-collections/commons-collections/3.2.1/commons-collections-3.2.1.jar:/root/./workspace/tipsy/javalin/390053576/.m2/commons-lang/commons-lang/2.4/commons-lang-2.4.jar:/root/./workspace/tipsy/javalin/390053576/.m2/org/freemarker/freemarker/2.3.27-incubating/freemarker-2.3.27-incubating.jar:/root/./workspace/tipsy/javalin/390053576/.m2/org/thymeleaf/thymeleaf/3.0.9.RELEASE/thymeleaf-3.0.9.RELEASE.jar:/root/./workspace/tipsy/javalin/390053576/.m2/ognl/ognl/3.1.12/ognl-3.1.12.jar:/root/./workspace/tipsy/javalin/390053576/.m2/org/javassist/javassist/3.20.0-GA/javassist-3.20.0-GA.jar:/root/./workspace/tipsy/javalin/390053576/.m2/org/attoparser/attoparser/2.0.4.RELEASE/attoparser-2.0.4.RELEASE.jar:/root/./workspace/tipsy/javalin/390053576/.m2/org/unbescape/unbescape/1.1.5.RELEASE/unbescape-1.1.5.RELEASE.jar:/root/./workspace/tipsy/javalin/390053576/.m2/com/github/spullara/mustache/java/compiler/0.9.5/compiler-0.9.5.jar:/root/./workspace/tipsy/javalin/390053576/.m2/org/jtwig/jtwig-core/5.87.0.RELEASE/jtwig-core-5.87.0.RELEASE.jar:/root/./workspace/tipsy/javalin/390053576/.m2/org/jtwig/jtwig-reflection/5.87.0.RELEASE/jtwig-reflection-5.87.0.RELEASE.jar:/root/./workspace/tipsy/javalin/390053576/.m2/com/google/guava/guava/18.0/guava-18.0.jar:/root/./workspace/tipsy/javalin/390053576/.m2/org/apache/commons/commons-lang3/3.6/commons-lang3-3.6.jar:/root/./workspace/tipsy/javalin/390053576/.m2/org/parboiled/parboiled-java/1.1.7/parboiled-java-1.1.7.jar:/root/./workspace/tipsy/javalin/390053576/.m2/org/parboiled/parboiled-core/1.1.7/parboiled-core-1.1.7.jar:/root/./workspace/tipsy/javalin/390053576/.m2/org/ow2/asm/asm/5.0.3/asm-5.0.3.jar:/root/./workspace/tipsy/javalin/390053576/.m2/org/ow2/asm/asm-tree/5.0.3/asm-tree-5.0.3.jar:/root/./workspace/tipsy/javalin/390053576/.m2/org/ow2/asm/asm-analysis/5.0.3/asm-analysis-5.0.3.jar:/root/./workspace/tipsy/javalin/390053576/.m2/org/ow2/asm/asm-util/5.0.3/asm-util-5.0.3.jar:/root/./workspace/tipsy/javalin/390053576/.m2/com/googlecode/concurrentlinkedhashmap/concurrentlinkedhashmap-lru/1.4.2/concurrentlinkedhashmap-lru-1.4.2.jar:/root/./workspace/tipsy/javalin/390053576/.m2/com/atlassian/commonmark/commonmark/0.10.0/commonmark-0.10.0.jar:/root/./workspace/tipsy/javalin/390053576/.m2/junit/junit/4.12/junit-4.12.jar:/root/./workspace/tipsy/javalin/390053576/.m2/org/hamcrest/hamcrest-core/1.3/hamcrest-core-1.3.jar:/root/./workspace/tipsy/javalin/390053576/.m2/org/hamcrest/hamcrest-library/1.3/hamcrest-library-1.3.jar:/root/./workspace/tipsy/javalin/390053576/.m2/com/mashape/unirest/unirest-java/1.4.9/unirest-java-1.4.9.jar:/root/./workspace/tipsy/javalin/390053576/.m2/org/apache/httpcomponents/httpclient/4.5.2/httpclient-4.5.2.jar:/root/./workspace/tipsy/javalin/390053576/.m2/org/apache/httpcomponents/httpcore/4.4.4/httpcore-4.4.4.jar:/root/./workspace/tipsy/javalin/390053576/.m2/commons-logging/commons-logging/1.2/commons-logging-1.2.jar:/root/./workspace/tipsy/javalin/390053576/.m2/commons-codec/commons-codec/1.9/commons-codec-1.9.jar:/root/./workspace/tipsy/javalin/390053576/.m2/org/apache/httpcomponents/httpasyncclient/4.1.1/httpasyncclient-4.1.1.jar:/root/./workspace/tipsy/javalin/390053576/.m2/org/apache/httpcomponents/httpcore-nio/4.4.4/httpcore-nio-4.4.4.jar:/root/./workspace/tipsy/javalin/390053576/.m2/org/apache/httpcomponents/httpmime/4.5.2/httpmime-4.5.2.jar:/root/./workspace/tipsy/javalin/390053576/.m2/org/json/json/20160212/json-20160212.jar:/root/./workspace/tipsy/javalin/390053576/.m2/org/java-websocket/Java-WebSocket/1.3.4/Java-WebSocket-1.3.4.jar:/root/./workspace/tipsy/javalin/390053576/.m2/com/squareup/okhttp3/okhttp/3.9.0/okhttp-3.9.0.jar:/root/./workspace/tipsy/javalin/390053576/.m2/com/squareup/okio/okio/1.13.0/okio-1.13.0.jar:/root/./workspace/tipsy/javalin/390053576/.m2/com/carrotsearch/junit-benchmarks/0.7.2/junit-benchmarks-0.7.2.jar:/root/./workspace/tipsy/javalin/390053576/.m2/commons-io/commons-io/2.6/commons-io-2.6.jar:/root/./workspace/tipsy/javalin/390053576/.m2/com/google/code/gson/gson/2.8.3/gson-2.8.3.jar:"/>
    <property name="java.vm.vendor" value="Oracle Corporation"/>
    <property name="skip.bower" value="true"/>
    <property name="sun.arch.data.model" value="64"/>
    <property name="java.vendor.url" value="http://java.oracle.com/"/>
    <property name="user.timezone" value=""/>
    <property name="java.vm.specification.version" value="1.8"/>
    <property name="os.name" value="Linux"/>
    <property name="rat.skip" value="true"/>
    <property name="gpg.skip" value="true"/>
    <property name="sun.java.launcher" value="SUN_STANDARD"/>
    <property name="sun.boot.library.path" value="/usr/lib/jvm/java-8-openjdk-amd64/jre/lib/amd64"/>
    <property name="skip.gulp" value="true"/>
    <property name="sun.java.command" value="/root/workspace/tipsy/javalin/390053576/target/surefire/surefirebooter5671969754784778285.jar /root/workspace/tipsy/javalin/390053576/target/surefire 2018-06-09T10-20-47_898-jvmRun1 surefire2311872442715536234tmp surefire_06743363633236580140tmp"/>
    <property name="dependency-check.skip" value="true"/>
    <property name="surefire.test.class.path" value="/root/workspace/tipsy/javalin/390053576/target/test-classes:/root/workspace/tipsy/javalin/390053576/target/classes:/root/./workspace/tipsy/javalin/390053576/.m2/org/jetbrains/kotlin/kotlin-stdlib-jdk8/1.2.41/kotlin-stdlib-jdk8-1.2.41.jar:/root/./workspace/tipsy/javalin/390053576/.m2/org/jetbrains/kotlin/kotlin-stdlib/1.2.41/kotlin-stdlib-1.2.41.jar:/root/./workspace/tipsy/javalin/390053576/.m2/org/jetbrains/annotations/13.0/annotations-13.0.jar:/root/./workspace/tipsy/javalin/390053576/.m2/org/jetbrains/kotlin/kotlin-stdlib-jdk7/1.2.41/kotlin-stdlib-jdk7-1.2.41.jar:/root/./workspace/tipsy/javalin/390053576/.m2/org/slf4j/slf4j-api/1.7.25/slf4j-api-1.7.25.jar:/root/./workspace/tipsy/javalin/390053576/.m2/org/slf4j/slf4j-simple/1.7.25/slf4j-simple-1.7.25.jar:/root/./workspace/tipsy/javalin/390053576/.m2/org/eclipse/jetty/jetty-server/9.4.10.v20180503/jetty-server-9.4.10.v20180503.jar:/root/./workspace/tipsy/javalin/390053576/.m2/javax/servlet/javax.servlet-api/3.1.0/javax.servlet-api-3.1.0.jar:/root/./workspace/tipsy/javalin/390053576/.m2/org/eclipse/jetty/jetty-http/9.4.10.v20180503/jetty-http-9.4.10.v20180503.jar:/root/./workspace/tipsy/javalin/390053576/.m2/org/eclipse/jetty/jetty-util/9.4.10.v20180503/jetty-util-9.4.10.v20180503.jar:/root/./workspace/tipsy/javalin/390053576/.m2/org/eclipse/jetty/jetty-io/9.4.10.v20180503/jetty-io-9.4.10.v20180503.jar:/root/./workspace/tipsy/javalin/390053576/.m2/org/eclipse/jetty/jetty-webapp/9.4.10.v20180503/jetty-webapp-9.4.10.v20180503.jar:/root/./workspace/tipsy/javalin/390053576/.m2/org/eclipse/jetty/jetty-xml/9.4.10.v20180503/jetty-xml-9.4.10.v20180503.jar:/root/./workspace/tipsy/javalin/390053576/.m2/org/eclipse/jetty/jetty-servlet/9.4.10.v20180503/jetty-servlet-9.4.10.v20180503.jar:/root/./workspace/tipsy/javalin/390053576/.m2/org/eclipse/jetty/jetty-security/9.4.10.v20180503/jetty-security-9.4.10.v20180503.jar:/root/./workspace/tipsy/javalin/390053576/.m2/org/eclipse/jetty/websocket/websocket-server/9.4.10.v20180503/websocket-server-9.4.10.v20180503.jar:/root/./workspace/tipsy/javalin/390053576/.m2/org/eclipse/jetty/websocket/websocket-common/9.4.10.v20180503/websocket-common-9.4.10.v20180503.jar:/root/./workspace/tipsy/javalin/390053576/.m2/org/eclipse/jetty/websocket/websocket-api/9.4.10.v20180503/websocket-api-9.4.10.v20180503.jar:/root/./workspace/tipsy/javalin/390053576/.m2/org/eclipse/jetty/websocket/websocket-client/9.4.10.v20180503/websocket-client-9.4.10.v20180503.jar:/root/./workspace/tipsy/javalin/390053576/.m2/org/eclipse/jetty/jetty-client/9.4.10.v20180503/jetty-client-9.4.10.v20180503.jar:/root/./workspace/tipsy/javalin/390053576/.m2/org/eclipse/jetty/websocket/websocket-servlet/9.4.10.v20180503/websocket-servlet-9.4.10.v20180503.jar:/root/./workspace/tipsy/javalin/390053576/.m2/com/fasterxml/jackson/core/jackson-databind/2.9.2/jackson-databind-2.9.2.jar:/root/./workspace/tipsy/javalin/390053576/.m2/com/fasterxml/jackson/core/jackson-annotations/2.9.0/jackson-annotations-2.9.0.jar:/root/./workspace/tipsy/javalin/390053576/.m2/com/fasterxml/jackson/core/jackson-core/2.9.2/jackson-core-2.9.2.jar:/root/./workspace/tipsy/javalin/390053576/.m2/org/apache/velocity/velocity/1.7/velocity-1.7.jar:/root/./workspace/tipsy/javalin/390053576/.m2/commons-collections/commons-collections/3.2.1/commons-collections-3.2.1.jar:/root/./workspace/tipsy/javalin/390053576/.m2/commons-lang/commons-lang/2.4/commons-lang-2.4.jar:/root/./workspace/tipsy/javalin/390053576/.m2/org/freemarker/freemarker/2.3.27-incubating/freemarker-2.3.27-incubating.jar:/root/./workspace/tipsy/javalin/390053576/.m2/org/thymeleaf/thymeleaf/3.0.9.RELEASE/thymeleaf-3.0.9.RELEASE.jar:/root/./workspace/tipsy/javalin/390053576/.m2/ognl/ognl/3.1.12/ognl-3.1.12.jar:/root/./workspace/tipsy/javalin/390053576/.m2/org/javassist/javassist/3.20.0-GA/javassist-3.20.0-GA.jar:/root/./workspace/tipsy/javalin/390053576/.m2/org/attoparser/attoparser/2.0.4.RELEASE/attoparser-2.0.4.RELEASE.jar:/root/./workspace/tipsy/javalin/390053576/.m2/org/unbescape/unbescape/1.1.5.RELEASE/unbescape-1.1.5.RELEASE.jar:/root/./workspace/tipsy/javalin/390053576/.m2/com/github/spullara/mustache/java/compiler/0.9.5/compiler-0.9.5.jar:/root/./workspace/tipsy/javalin/390053576/.m2/org/jtwig/jtwig-core/5.87.0.RELEASE/jtwig-core-5.87.0.RELEASE.jar:/root/./workspace/tipsy/javalin/390053576/.m2/org/jtwig/jtwig-reflection/5.87.0.RELEASE/jtwig-reflection-5.87.0.RELEASE.jar:/root/./workspace/tipsy/javalin/390053576/.m2/com/google/guava/guava/18.0/guava-18.0.jar:/root/./workspace/tipsy/javalin/390053576/.m2/org/apache/commons/commons-lang3/3.6/commons-lang3-3.6.jar:/root/./workspace/tipsy/javalin/390053576/.m2/org/parboiled/parboiled-java/1.1.7/parboiled-java-1.1.7.jar:/root/./workspace/tipsy/javalin/390053576/.m2/org/parboiled/parboiled-core/1.1.7/parboiled-core-1.1.7.jar:/root/./workspace/tipsy/javalin/390053576/.m2/org/ow2/asm/asm/5.0.3/asm-5.0.3.jar:/root/./workspace/tipsy/javalin/390053576/.m2/org/ow2/asm/asm-tree/5.0.3/asm-tree-5.0.3.jar:/root/./workspace/tipsy/javalin/390053576/.m2/org/ow2/asm/asm-analysis/5.0.3/asm-analysis-5.0.3.jar:/root/./workspace/tipsy/javalin/390053576/.m2/org/ow2/asm/asm-util/5.0.3/asm-util-5.0.3.jar:/root/./workspace/tipsy/javalin/390053576/.m2/com/googlecode/concurrentlinkedhashmap/concurrentlinkedhashmap-lru/1.4.2/concurrentlinkedhashmap-lru-1.4.2.jar:/root/./workspace/tipsy/javalin/390053576/.m2/com/atlassian/commonmark/commonmark/0.10.0/commonmark-0.10.0.jar:/root/./workspace/tipsy/javalin/390053576/.m2/junit/junit/4.12/junit-4.12.jar:/root/./workspace/tipsy/javalin/390053576/.m2/org/hamcrest/hamcrest-core/1.3/hamcrest-core-1.3.jar:/root/./workspace/tipsy/javalin/390053576/.m2/org/hamcrest/hamcrest-library/1.3/hamcrest-library-1.3.jar:/root/./workspace/tipsy/javalin/390053576/.m2/com/mashape/unirest/unirest-java/1.4.9/unirest-java-1.4.9.jar:/root/./workspace/tipsy/javalin/390053576/.m2/org/apache/httpcomponents/httpclient/4.5.2/httpclient-4.5.2.jar:/root/./workspace/tipsy/javalin/390053576/.m2/org/apache/httpcomponents/httpcore/4.4.4/httpcore-4.4.4.jar:/root/./workspace/tipsy/javalin/390053576/.m2/commons-logging/commons-logging/1.2/commons-logging-1.2.jar:/root/./workspace/tipsy/javalin/390053576/.m2/commons-codec/commons-codec/1.9/commons-codec-1.9.jar:/root/./workspace/tipsy/javalin/390053576/.m2/org/apache/httpcomponents/httpasyncclient/4.1.1/httpasyncclient-4.1.1.jar:/root/./workspace/tipsy/javalin/390053576/.m2/org/apache/httpcomponents/httpcore-nio/4.4.4/httpcore-nio-4.4.4.jar:/root/./workspace/tipsy/javalin/390053576/.m2/org/apache/httpcomponents/httpmime/4.5.2/httpmime-4.5.2.jar:/root/./workspace/tipsy/javalin/390053576/.m2/org/json/json/20160212/json-20160212.jar:/root/./workspace/tipsy/javalin/390053576/.m2/org/java-websocket/Java-WebSocket/1.3.4/Java-WebSocket-1.3.4.jar:/root/./workspace/tipsy/javalin/390053576/.m2/com/squareup/okhttp3/okhttp/3.9.0/okhttp-3.9.0.jar:/root/./workspace/tipsy/javalin/390053576/.m2/com/squareup/okio/okio/1.13.0/okio-1.13.0.jar:/root/./workspace/tipsy/javalin/390053576/.m2/com/carrotsearch/junit-benchmarks/0.7.2/junit-benchmarks-0.7.2.jar:/root/./workspace/tipsy/javalin/390053576/.m2/commons-io/commons-io/2.6/commons-io-2.6.jar:/root/./workspace/tipsy/javalin/390053576/.m2/com/google/code/gson/gson/2.8.3/gson-2.8.3.jar:"/>
    <property name="sun.cpu.endian" value="little"/>
    <property name="user.home" value="/root"/>
    <property name="user.language" value="en"/>
    <property name="java.specification.vendor" value="Oracle Corporation"/>
    <property name="java.home" value="/usr/lib/jvm/java-8-openjdk-amd64/jre"/>
    <property name="basedir" value="/root/workspace/tipsy/javalin/390053576"/>
    <property name="file.separator" value="/"/>
    <property name="checkstyle.skip" value="true"/>
    <property name="line.separator" value="&#10;"/>
    <property name="skip.npm" value="true"/>
    <property name="java.vm.specification.vendor" value="Oracle Corporation"/>
    <property name="java.specification.name" value="Java Platform API Specification"/>
    <property name="java.awt.graphicsenv" value="sun.awt.X11GraphicsEnvironment"/>
    <property name="skipITs" value="true"/>
    <property name="surefire.real.class.path" value="/root/workspace/tipsy/javalin/390053576/target/surefire/surefirebooter5671969754784778285.jar"/>
    <property name="cobertura.skip" value="true"/>
    <property name="sun.boot.class.path" value="/usr/lib/jvm/java-8-openjdk-amd64/jre/lib/resources.jar:/usr/lib/jvm/java-8-openjdk-amd64/jre/lib/rt.jar:/usr/lib/jvm/java-8-openjdk-amd64/jre/lib/sunrsasign.jar:/usr/lib/jvm/java-8-openjdk-amd64/jre/lib/jsse.jar:/usr/lib/jvm/java-8-openjdk-amd64/jre/lib/jce.jar:/usr/lib/jvm/java-8-openjdk-amd64/jre/lib/charsets.jar:/usr/lib/jvm/java-8-openjdk-amd64/jre/lib/jfr.jar:/usr/lib/jvm/java-8-openjdk-amd64/jre/classes"/>
    <property name="sun.management.compiler" value="HotSpot 64-Bit Tiered Compilers"/>
    <property name="java.runtime.version" value="1.8.0_121-8u121-b13-1~bpo8+1-b13"/>
    <property name="user.name" value="root"/>
    <property name="findbugs.skip" value="true"/>
    <property name="path.separator" value=":"/>
    <property name="os.version" value="3.10.0-862.3.2.el7.x86_64"/>
    <property name="java.endorsed.dirs" value="/usr/lib/jvm/java-8-openjdk-amd64/jre/lib/endorsed"/>
    <property name="java.runtime.name" value="OpenJDK Runtime Environment"/>
    <property name="file.encoding" value="UTF-8"/>
    <property name="java.vm.name" value="OpenJDK 64-Bit Server VM"/>
    <property name="localRepository" value="/root/./workspace/tipsy/javalin/390053576/.m2"/>
    <property name="java.vendor.url.bug" value="http://bugreport.sun.com/bugreport/"/>
    <property name="java.io.tmpdir" value="/tmp"/>
    <property name="java.version" value="1.8.0_121"/>
    <property name="user.dir" value="/root/workspace/tipsy/javalin/390053576"/>
    <property name="os.arch" value="amd64"/>
    <property name="license.skip" value="true"/>
    <property name="java.vm.specification.name" value="Java Virtual Machine Specification"/>
    <property name="java.awt.printerjob" value="sun.print.PSPrinterJob"/>
    <property name="sun.os.patch.level" value="unknown"/>
    <property name="java.library.path" value="/usr/java/packages/lib/amd64:/usr/lib/x86_64-linux-gnu/jni:/lib/x86_64-linux-gnu:/usr/lib/x86_64-linux-gnu:/usr/lib/jni:/lib:/usr/lib"/>
    <property name="java.vm.info" value="mixed mode"/>
    <property name="java.vendor" value="Oracle Corporation"/>
    <property name="java.vm.version" value="25.121-b13"/>
    <property name="java.ext.dirs" value="/usr/lib/jvm/java-8-openjdk-amd64/jre/lib/ext:/usr/java/packages/lib/ext"/>
    <property name="sun.io.unicode.encoding" value="UnicodeLittle"/>
    <property name="maven.repo.local" value="/root/./workspace/tipsy/javalin/390053576/.m2"/>
    <property name="enforcer.skip" value="true"/>
    <property name="java.class.version" value="52.0"/>
  </properties>
  <testcase name="testOldParamAndSplatPerformance" classname="io.javalin.performance.RouteMatcherPerformanceTest" time="0">
    <skipped message="Manual execution"/>
  </testcase>
  <testcase name="testOldMatchingPerformance" classname="io.javalin.performance.RouteMatcherPerformanceTest" time="0">
    <skipped message="Manual execution"/>
  </testcase>
  <testcase name="testNewParamAndSplatPerformance" classname="io.javalin.performance.RouteMatcherPerformanceTest" time="0">
    <skipped message="Manual execution"/>
  </testcase>
  <testcase name="testNewMatchingPerformance" classname="io.javalin.performance.RouteMatcherPerformanceTest" time="0">
    <skipped message="Manual execution"/>
  </testcase>
</testsuite>