<?xml version="1.0" encoding="UTF-8"?>
<testsuite xmlns:xsi="http://www.w3.org/2001/XMLSchema-instance" xsi:schemaLocation="https://maven.apache.org/surefire/maven-surefire-plugin/xsd/surefire-test-report.xsd" name="org.springframework.data.redis.cache.RedisCacheTests" time="0.144" tests="102" errors="102" skipped="0" failures="0">
  <properties>
    <property name="java.runtime.name" value="OpenJDK Runtime Environment"/>
    <property name="sun.boot.library.path" value="/usr/lib/jvm/java-8-openjdk-amd64/jre/lib/amd64"/>
    <property name="java.vm.version" value="25.121-b13"/>
    <property name="java.vm.vendor" value="Oracle Corporation"/>
    <property name="maven.multiModuleProjectDirectory" value="/root/workspace/spring-projects/spring-data-redis/388703425"/>
    <property name="java.vendor.url" value="http://java.oracle.com/"/>
    <property name="path.separator" value=":"/>
    <property name="guice.disable.misplaced.annotation.check" value="true"/>
    <property name="skip.gulp" value="true"/>
    <property name="java.vm.name" value="OpenJDK 64-Bit Server VM"/>
    <property name="file.encoding.pkg" value="sun.io"/>
    <property name="sun.java.launcher" value="SUN_STANDARD"/>
    <property name="sun.os.patch.level" value="unknown"/>
    <property name="findbugs.skip" value="true"/>
    <property name="java.vm.specification.name" value="Java Virtual Machine Specification"/>
    <property name="user.dir" value="/root/workspace/spring-projects/spring-data-redis/388703425"/>
    <property name="checkstyle.skip" value="true"/>
    <property name="java.runtime.version" value="1.8.0_121-8u121-b13-1~bpo8+1-b13"/>
    <property name="java.awt.graphicsenv" value="sun.awt.X11GraphicsEnvironment"/>
    <property name="skip.npm" value="true"/>
    <property name="java.endorsed.dirs" value="/usr/lib/jvm/java-8-openjdk-amd64/jre/lib/endorsed"/>
    <property name="os.arch" value="amd64"/>
    <property name="java.io.tmpdir" value="/tmp"/>
    <property name="gpg.skip" value="true"/>
    <property name="line.separator" value="&#10;"/>
    <property name="java.vm.specification.vendor" value="Oracle Corporation"/>
    <property name="cobertura.skip" value="true"/>
    <property name="os.name" value="Linux"/>
    <property name="classworlds.conf" value="/usr/share/maven/bin/m2.conf"/>
    <property name="sun.jnu.encoding" value="UTF-8"/>
    <property name="java.library.path" value="/usr/java/packages/lib/amd64:/usr/lib/x86_64-linux-gnu/jni:/lib/x86_64-linux-gnu:/usr/lib/x86_64-linux-gnu:/usr/lib/jni:/lib:/usr/lib"/>
    <property name="license.skip" value="true"/>
    <property name="java.specification.name" value="Java Platform API Specification"/>
    <property name="java.class.version" value="52.0"/>
    <property name="sun.management.compiler" value="HotSpot 64-Bit Tiered Compilers"/>
    <property name="skip.bower" value="true"/>
    <property name="maven.repo.local" value="/root/./workspace/spring-projects/spring-data-redis/388703425/.m2"/>
    <property name="os.version" value="3.10.0-862.3.2.el7.x86_64"/>
    <property name="user.home" value="/root"/>
    <property name="user.timezone" value="Europe/Paris"/>
    <property name="java.awt.printerjob" value="sun.print.PSPrinterJob"/>
    <property name="java.specification.version" value="1.8"/>
    <property name="file.encoding" value="UTF-8"/>
    <property name="user.name" value="root"/>
    <property name="java.class.path" value="/usr/share/maven/boot/plexus-classworlds-2.5.2.jar"/>
    <property name="skipITs" value="true"/>
    <property name="java.vm.specification.version" value="1.8"/>
    <property name="sun.arch.data.model" value="64"/>
    <property name="java.home" value="/usr/lib/jvm/java-8-openjdk-amd64/jre"/>
    <property name="sun.java.command" value="org.codehaus.plexus.classworlds.launcher.Launcher -B -D enforcer.skip=true -D dependency-check.skip=true -D skipITs=true -D cobertura.skip=true -D maven.repo.local=/root/./workspace/spring-projects/spring-data-redis/388703425/.m2 -D rat.skip=true -D findbugs.skip=true -D skip.bower=true -D gpg.skip=true -D checkstyle.skip=true -D skip.gulp=true -D license.skip=true -D skip.npm=true test"/>
    <property name="java.specification.vendor" value="Oracle Corporation"/>
    <property name="user.language" value="en"/>
    <property name="awt.toolkit" value="sun.awt.X11.XToolkit"/>
    <property name="dependency-check.skip" value="true"/>
    <property name="java.vm.info" value="mixed mode"/>
    <property name="java.version" value="1.8.0_121"/>
    <property name="java.ext.dirs" value="/usr/lib/jvm/java-8-openjdk-amd64/jre/lib/ext:/usr/java/packages/lib/ext"/>
    <property name="securerandom.source" value="file:/dev/./urandom"/>
    <property name="sun.boot.class.path" value="/usr/lib/jvm/java-8-openjdk-amd64/jre/lib/resources.jar:/usr/lib/jvm/java-8-openjdk-amd64/jre/lib/rt.jar:/usr/lib/jvm/java-8-openjdk-amd64/jre/lib/sunrsasign.jar:/usr/lib/jvm/java-8-openjdk-amd64/jre/lib/jsse.jar:/usr/lib/jvm/java-8-openjdk-amd64/jre/lib/jce.jar:/usr/lib/jvm/java-8-openjdk-amd64/jre/lib/charsets.jar:/usr/lib/jvm/java-8-openjdk-amd64/jre/lib/jfr.jar:/usr/lib/jvm/java-8-openjdk-amd64/jre/classes"/>
    <property name="java.vendor" value="Oracle Corporation"/>
    <property name="enforcer.skip" value="true"/>
    <property name="rat.skip" value="true"/>
    <property name="maven.home" value="/usr/share/maven"/>
    <property name="file.separator" value="/"/>
    <property name="java.vendor.url.bug" value="http://bugreport.sun.com/bugreport/"/>
    <property name="sun.cpu.endian" value="little"/>
    <property name="sun.io.unicode.encoding" value="UnicodeLittle"/>
    <property name="sun.cpu.isalist" value=""/>
  </properties>
  <testcase name="putIfAbsentShouldAddEntryIfNotExists[0: JedisConnectionFactory &amp; JdkSerializationRedisSerializer]" classname="org.springframework.data.redis.cache.RedisCacheTests" time="0.002">
    <error message="Cannot get Jedis connection; nested exception is redis.clients.jedis.exceptions.JedisConnectionException: Could not get a resource from the pool" type="org.springframework.data.redis.RedisConnectionFailureException">org.springframework.data.redis.RedisConnectionFailureException: Cannot get Jedis connection; nested exception is redis.clients.jedis.exceptions.JedisConnectionException: Could not get a resource from the pool
	at org.springframework.data.redis.cache.RedisCacheTests.doWithConnection(RedisCacheTests.java:304)
	at org.springframework.data.redis.cache.RedisCacheTests.setUp(RedisCacheTests.java:92)
Caused by: redis.clients.jedis.exceptions.JedisConnectionException: Could not get a resource from the pool
	at org.springframework.data.redis.cache.RedisCacheTests.doWithConnection(RedisCacheTests.java:304)
	at org.springframework.data.redis.cache.RedisCacheTests.setUp(RedisCacheTests.java:92)
Caused by: redis.clients.jedis.exceptions.JedisConnectionException: java.net.ConnectException: Connection refused (Connection refused)
	at org.springframework.data.redis.cache.RedisCacheTests.doWithConnection(RedisCacheTests.java:304)
	at org.springframework.data.redis.cache.RedisCacheTests.setUp(RedisCacheTests.java:92)
Caused by: java.net.ConnectException: Connection refused (Connection refused)
	at org.springframework.data.redis.cache.RedisCacheTests.doWithConnection(RedisCacheTests.java:304)
	at org.springframework.data.redis.cache.RedisCacheTests.setUp(RedisCacheTests.java:92)
</error>
  </testcase>
  <testcase name="putNullShouldAddEntryForNullValue[0: JedisConnectionFactory &amp; JdkSerializationRedisSerializer]" classname="org.springframework.data.redis.cache.RedisCacheTests" time="0.001">
    <error message="Cannot get Jedis connection; nested exception is redis.clients.jedis.exceptions.JedisConnectionException: Could not get a resource from the pool" type="org.springframework.data.redis.RedisConnectionFailureException">org.springframework.data.redis.RedisConnectionFailureException: Cannot get Jedis connection; nested exception is redis.clients.jedis.exceptions.JedisConnectionException: Could not get a resource from the pool
	at org.springframework.data.redis.cache.RedisCacheTests.doWithConnection(RedisCacheTests.java:304)
	at org.springframework.data.redis.cache.RedisCacheTests.setUp(RedisCacheTests.java:92)
Caused by: redis.clients.jedis.exceptions.JedisConnectionException: Could not get a resource from the pool
	at org.springframework.data.redis.cache.RedisCacheTests.doWithConnection(RedisCacheTests.java:304)
	at org.springframework.data.redis.cache.RedisCacheTests.setUp(RedisCacheTests.java:92)
Caused by: redis.clients.jedis.exceptions.JedisConnectionException: java.net.ConnectException: Connection refused (Connection refused)
	at org.springframework.data.redis.cache.RedisCacheTests.doWithConnection(RedisCacheTests.java:304)
	at org.springframework.data.redis.cache.RedisCacheTests.setUp(RedisCacheTests.java:92)
Caused by: java.net.ConnectException: Connection refused (Connection refused)
	at org.springframework.data.redis.cache.RedisCacheTests.doWithConnection(RedisCacheTests.java:304)
	at org.springframework.data.redis.cache.RedisCacheTests.setUp(RedisCacheTests.java:92)
</error>
  </testcase>
  <testcase name="getShouldReturnNullWhenKeyDoesNotExist[0: JedisConnectionFactory &amp; JdkSerializationRedisSerializer]" classname="org.springframework.data.redis.cache.RedisCacheTests" time="0.001">
    <error message="Cannot get Jedis connection; nested exception is redis.clients.jedis.exceptions.JedisConnectionException: Could not get a resource from the pool" type="org.springframework.data.redis.RedisConnectionFailureException">org.springframework.data.redis.RedisConnectionFailureException: Cannot get Jedis connection; nested exception is redis.clients.jedis.exceptions.JedisConnectionException: Could not get a resource from the pool
	at org.springframework.data.redis.cache.RedisCacheTests.doWithConnection(RedisCacheTests.java:304)
	at org.springframework.data.redis.cache.RedisCacheTests.setUp(RedisCacheTests.java:92)
Caused by: redis.clients.jedis.exceptions.JedisConnectionException: Could not get a resource from the pool
	at org.springframework.data.redis.cache.RedisCacheTests.doWithConnection(RedisCacheTests.java:304)
	at org.springframework.data.redis.cache.RedisCacheTests.setUp(RedisCacheTests.java:92)
Caused by: redis.clients.jedis.exceptions.JedisConnectionException: java.net.ConnectException: Connection refused (Connection refused)
	at org.springframework.data.redis.cache.RedisCacheTests.doWithConnection(RedisCacheTests.java:304)
	at org.springframework.data.redis.cache.RedisCacheTests.setUp(RedisCacheTests.java:92)
Caused by: java.net.ConnectException: Connection refused (Connection refused)
	at org.springframework.data.redis.cache.RedisCacheTests.doWithConnection(RedisCacheTests.java:304)
	at org.springframework.data.redis.cache.RedisCacheTests.setUp(RedisCacheTests.java:92)
</error>
  </testcase>
  <testcase name="fetchKeyWithComputedPrefixReturnsExpectedResult[0: JedisConnectionFactory &amp; JdkSerializationRedisSerializer]" classname="org.springframework.data.redis.cache.RedisCacheTests" time="0.001">
    <error message="Cannot get Jedis connection; nested exception is redis.clients.jedis.exceptions.JedisConnectionException: Could not get a resource from the pool" type="org.springframework.data.redis.RedisConnectionFailureException">org.springframework.data.redis.RedisConnectionFailureException: Cannot get Jedis connection; nested exception is redis.clients.jedis.exceptions.JedisConnectionException: Could not get a resource from the pool
	at org.springframework.data.redis.cache.RedisCacheTests.doWithConnection(RedisCacheTests.java:304)
	at org.springframework.data.redis.cache.RedisCacheTests.setUp(RedisCacheTests.java:92)
Caused by: redis.clients.jedis.exceptions.JedisConnectionException: Could not get a resource from the pool
	at org.springframework.data.redis.cache.RedisCacheTests.doWithConnection(RedisCacheTests.java:304)
	at org.springframework.data.redis.cache.RedisCacheTests.setUp(RedisCacheTests.java:92)
Caused by: redis.clients.jedis.exceptions.JedisConnectionException: java.net.ConnectException: Connection refused (Connection refused)
	at org.springframework.data.redis.cache.RedisCacheTests.doWithConnection(RedisCacheTests.java:304)
	at org.springframework.data.redis.cache.RedisCacheTests.setUp(RedisCacheTests.java:92)
Caused by: java.net.ConnectException: Connection refused (Connection refused)
	at org.springframework.data.redis.cache.RedisCacheTests.doWithConnection(RedisCacheTests.java:304)
	at org.springframework.data.redis.cache.RedisCacheTests.setUp(RedisCacheTests.java:92)
</error>
  </testcase>
  <testcase name="putIfAbsentShouldReturnExistingIfExists[0: JedisConnectionFactory &amp; JdkSerializationRedisSerializer]" classname="org.springframework.data.redis.cache.RedisCacheTests" time="0.001">
    <error message="Cannot get Jedis connection; nested exception is redis.clients.jedis.exceptions.JedisConnectionException: Could not get a resource from the pool" type="org.springframework.data.redis.RedisConnectionFailureException">org.springframework.data.redis.RedisConnectionFailureException: Cannot get Jedis connection; nested exception is redis.clients.jedis.exceptions.JedisConnectionException: Could not get a resource from the pool
	at org.springframework.data.redis.cache.RedisCacheTests.doWithConnection(RedisCacheTests.java:304)
	at org.springframework.data.redis.cache.RedisCacheTests.setUp(RedisCacheTests.java:92)
Caused by: redis.clients.jedis.exceptions.JedisConnectionException: Could not get a resource from the pool
	at org.springframework.data.redis.cache.RedisCacheTests.doWithConnection(RedisCacheTests.java:304)
	at org.springframework.data.redis.cache.RedisCacheTests.setUp(RedisCacheTests.java:92)
Caused by: redis.clients.jedis.exceptions.JedisConnectionException: java.net.ConnectException: Connection refused (Connection refused)
	at org.springframework.data.redis.cache.RedisCacheTests.doWithConnection(RedisCacheTests.java:304)
	at org.springframework.data.redis.cache.RedisCacheTests.setUp(RedisCacheTests.java:92)
Caused by: java.net.ConnectException: Connection refused (Connection refused)
	at org.springframework.data.redis.cache.RedisCacheTests.doWithConnection(RedisCacheTests.java:304)
	at org.springframework.data.redis.cache.RedisCacheTests.setUp(RedisCacheTests.java:92)
</error>
  </testcase>
  <testcase name="evictShouldRemoveKey[0: JedisConnectionFactory &amp; JdkSerializationRedisSerializer]" classname="org.springframework.data.redis.cache.RedisCacheTests" time="0.001">
    <error message="Cannot get Jedis connection; nested exception is redis.clients.jedis.exceptions.JedisConnectionException: Could not get a resource from the pool" type="org.springframework.data.redis.RedisConnectionFailureException">org.springframework.data.redis.RedisConnectionFailureException: Cannot get Jedis connection; nested exception is redis.clients.jedis.exceptions.JedisConnectionException: Could not get a resource from the pool
	at org.springframework.data.redis.cache.RedisCacheTests.doWithConnection(RedisCacheTests.java:304)
	at org.springframework.data.redis.cache.RedisCacheTests.setUp(RedisCacheTests.java:92)
Caused by: redis.clients.jedis.exceptions.JedisConnectionException: Could not get a resource from the pool
	at org.springframework.data.redis.cache.RedisCacheTests.doWithConnection(RedisCacheTests.java:304)
	at org.springframework.data.redis.cache.RedisCacheTests.setUp(RedisCacheTests.java:92)
Caused by: redis.clients.jedis.exceptions.JedisConnectionException: java.net.ConnectException: Connection refused (Connection refused)
	at org.springframework.data.redis.cache.RedisCacheTests.doWithConnection(RedisCacheTests.java:304)
	at org.springframework.data.redis.cache.RedisCacheTests.setUp(RedisCacheTests.java:92)
Caused by: java.net.ConnectException: Connection refused (Connection refused)
	at org.springframework.data.redis.cache.RedisCacheTests.doWithConnection(RedisCacheTests.java:304)
	at org.springframework.data.redis.cache.RedisCacheTests.setUp(RedisCacheTests.java:92)
</error>
  </testcase>
  <testcase name="shouldAllowComplexKeyWithToStringMethod[0: JedisConnectionFactory &amp; JdkSerializationRedisSerializer]" classname="org.springframework.data.redis.cache.RedisCacheTests" time="0.001">
    <error message="Cannot get Jedis connection; nested exception is redis.clients.jedis.exceptions.JedisConnectionException: Could not get a resource from the pool" type="org.springframework.data.redis.RedisConnectionFailureException">org.springframework.data.redis.RedisConnectionFailureException: Cannot get Jedis connection; nested exception is redis.clients.jedis.exceptions.JedisConnectionException: Could not get a resource from the pool
	at org.springframework.data.redis.cache.RedisCacheTests.doWithConnection(RedisCacheTests.java:304)
	at org.springframework.data.redis.cache.RedisCacheTests.setUp(RedisCacheTests.java:92)
Caused by: redis.clients.jedis.exceptions.JedisConnectionException: Could not get a resource from the pool
	at org.springframework.data.redis.cache.RedisCacheTests.doWithConnection(RedisCacheTests.java:304)
	at org.springframework.data.redis.cache.RedisCacheTests.setUp(RedisCacheTests.java:92)
Caused by: redis.clients.jedis.exceptions.JedisConnectionException: java.net.ConnectException: Connection refused (Connection refused)
	at org.springframework.data.redis.cache.RedisCacheTests.doWithConnection(RedisCacheTests.java:304)
	at org.springframework.data.redis.cache.RedisCacheTests.setUp(RedisCacheTests.java:92)
Caused by: java.net.ConnectException: Connection refused (Connection refused)
	at org.springframework.data.redis.cache.RedisCacheTests.doWithConnection(RedisCacheTests.java:304)
	at org.springframework.data.redis.cache.RedisCacheTests.setUp(RedisCacheTests.java:92)
</error>
  </testcase>
  <testcase name="getShouldReturnValueWrapperHoldingNullIfNullValueStored[0: JedisConnectionFactory &amp; JdkSerializationRedisSerializer]" classname="org.springframework.data.redis.cache.RedisCacheTests" time="0.001">
    <error message="Cannot get Jedis connection; nested exception is redis.clients.jedis.exceptions.JedisConnectionException: Could not get a resource from the pool" type="org.springframework.data.redis.RedisConnectionFailureException">org.springframework.data.redis.RedisConnectionFailureException: Cannot get Jedis connection; nested exception is redis.clients.jedis.exceptions.JedisConnectionException: Could not get a resource from the pool
	at org.springframework.data.redis.cache.RedisCacheTests.doWithConnection(RedisCacheTests.java:304)
	at org.springframework.data.redis.cache.RedisCacheTests.setUp(RedisCacheTests.java:92)
Caused by: redis.clients.jedis.exceptions.JedisConnectionException: Could not get a resource from the pool
	at org.springframework.data.redis.cache.RedisCacheTests.doWithConnection(RedisCacheTests.java:304)
	at org.springframework.data.redis.cache.RedisCacheTests.setUp(RedisCacheTests.java:92)
Caused by: redis.clients.jedis.exceptions.JedisConnectionException: java.net.ConnectException: Connection refused (Connection refused)
	at org.springframework.data.redis.cache.RedisCacheTests.doWithConnection(RedisCacheTests.java:304)
	at org.springframework.data.redis.cache.RedisCacheTests.setUp(RedisCacheTests.java:92)
Caused by: java.net.ConnectException: Connection refused (Connection refused)
	at org.springframework.data.redis.cache.RedisCacheTests.doWithConnection(RedisCacheTests.java:304)
	at org.springframework.data.redis.cache.RedisCacheTests.setUp(RedisCacheTests.java:92)
</error>
  </testcase>
  <testcase name="getWithCallableShouldNotResolveValueIfPresent[0: JedisConnectionFactory &amp; JdkSerializationRedisSerializer]" classname="org.springframework.data.redis.cache.RedisCacheTests" time="0.001">
    <error message="Cannot get Jedis connection; nested exception is redis.clients.jedis.exceptions.JedisConnectionException: Could not get a resource from the pool" type="org.springframework.data.redis.RedisConnectionFailureException">org.springframework.data.redis.RedisConnectionFailureException: Cannot get Jedis connection; nested exception is redis.clients.jedis.exceptions.JedisConnectionException: Could not get a resource from the pool
	at org.springframework.data.redis.cache.RedisCacheTests.doWithConnection(RedisCacheTests.java:304)
	at org.springframework.data.redis.cache.RedisCacheTests.setUp(RedisCacheTests.java:92)
Caused by: redis.clients.jedis.exceptions.JedisConnectionException: Could not get a resource from the pool
	at org.springframework.data.redis.cache.RedisCacheTests.doWithConnection(RedisCacheTests.java:304)
	at org.springframework.data.redis.cache.RedisCacheTests.setUp(RedisCacheTests.java:92)
Caused by: redis.clients.jedis.exceptions.JedisConnectionException: java.net.ConnectException: Connection refused (Connection refused)
	at org.springframework.data.redis.cache.RedisCacheTests.doWithConnection(RedisCacheTests.java:304)
	at org.springframework.data.redis.cache.RedisCacheTests.setUp(RedisCacheTests.java:92)
Caused by: java.net.ConnectException: Connection refused (Connection refused)
	at org.springframework.data.redis.cache.RedisCacheTests.doWithConnection(RedisCacheTests.java:304)
	at org.springframework.data.redis.cache.RedisCacheTests.setUp(RedisCacheTests.java:92)
</error>
  </testcase>
  <testcase name="getWithCallableShouldResolveValueIfNotPresent[0: JedisConnectionFactory &amp; JdkSerializationRedisSerializer]" classname="org.springframework.data.redis.cache.RedisCacheTests" time="0.001">
    <error message="Cannot get Jedis connection; nested exception is redis.clients.jedis.exceptions.JedisConnectionException: Could not get a resource from the pool" type="org.springframework.data.redis.RedisConnectionFailureException">org.springframework.data.redis.RedisConnectionFailureException: Cannot get Jedis connection; nested exception is redis.clients.jedis.exceptions.JedisConnectionException: Could not get a resource from the pool
	at org.springframework.data.redis.cache.RedisCacheTests.doWithConnection(RedisCacheTests.java:304)
	at org.springframework.data.redis.cache.RedisCacheTests.setUp(RedisCacheTests.java:92)
Caused by: redis.clients.jedis.exceptions.JedisConnectionException: Could not get a resource from the pool
	at org.springframework.data.redis.cache.RedisCacheTests.doWithConnection(RedisCacheTests.java:304)
	at org.springframework.data.redis.cache.RedisCacheTests.setUp(RedisCacheTests.java:92)
Caused by: redis.clients.jedis.exceptions.JedisConnectionException: java.net.ConnectException: Connection refused (Connection refused)
	at org.springframework.data.redis.cache.RedisCacheTests.doWithConnection(RedisCacheTests.java:304)
	at org.springframework.data.redis.cache.RedisCacheTests.setUp(RedisCacheTests.java:92)
Caused by: java.net.ConnectException: Connection refused (Connection refused)
	at org.springframework.data.redis.cache.RedisCacheTests.doWithConnection(RedisCacheTests.java:304)
	at org.springframework.data.redis.cache.RedisCacheTests.setUp(RedisCacheTests.java:92)
</error>
  </testcase>
  <testcase name="putIfAbsentShouldReturnExistingNullValueIfExists[0: JedisConnectionFactory &amp; JdkSerializationRedisSerializer]" classname="org.springframework.data.redis.cache.RedisCacheTests" time="0">
    <error message="Cannot get Jedis connection; nested exception is redis.clients.jedis.exceptions.JedisConnectionException: Could not get a resource from the pool" type="org.springframework.data.redis.RedisConnectionFailureException">org.springframework.data.redis.RedisConnectionFailureException: Cannot get Jedis connection; nested exception is redis.clients.jedis.exceptions.JedisConnectionException: Could not get a resource from the pool
	at org.springframework.data.redis.cache.RedisCacheTests.doWithConnection(RedisCacheTests.java:304)
	at org.springframework.data.redis.cache.RedisCacheTests.setUp(RedisCacheTests.java:92)
Caused by: redis.clients.jedis.exceptions.JedisConnectionException: Could not get a resource from the pool
	at org.springframework.data.redis.cache.RedisCacheTests.doWithConnection(RedisCacheTests.java:304)
	at org.springframework.data.redis.cache.RedisCacheTests.setUp(RedisCacheTests.java:92)
Caused by: redis.clients.jedis.exceptions.JedisConnectionException: java.net.ConnectException: Connection refused (Connection refused)
	at org.springframework.data.redis.cache.RedisCacheTests.doWithConnection(RedisCacheTests.java:304)
	at org.springframework.data.redis.cache.RedisCacheTests.setUp(RedisCacheTests.java:92)
Caused by: java.net.ConnectException: Connection refused (Connection refused)
	at org.springframework.data.redis.cache.RedisCacheTests.doWithConnection(RedisCacheTests.java:304)
	at org.springframework.data.redis.cache.RedisCacheTests.setUp(RedisCacheTests.java:92)
</error>
  </testcase>
  <testcase name="shouldRejectNonInvalidKey[0: JedisConnectionFactory &amp; JdkSerializationRedisSerializer]" classname="org.springframework.data.redis.cache.RedisCacheTests" time="0">
    <error message="Cannot get Jedis connection; nested exception is redis.clients.jedis.exceptions.JedisConnectionException: Could not get a resource from the pool" type="org.springframework.data.redis.RedisConnectionFailureException">org.springframework.data.redis.RedisConnectionFailureException: Cannot get Jedis connection; nested exception is redis.clients.jedis.exceptions.JedisConnectionException: Could not get a resource from the pool
	at org.springframework.data.redis.cache.RedisCacheTests.doWithConnection(RedisCacheTests.java:304)
	at org.springframework.data.redis.cache.RedisCacheTests.setUp(RedisCacheTests.java:92)
Caused by: redis.clients.jedis.exceptions.JedisConnectionException: Could not get a resource from the pool
	at org.springframework.data.redis.cache.RedisCacheTests.doWithConnection(RedisCacheTests.java:304)
	at org.springframework.data.redis.cache.RedisCacheTests.setUp(RedisCacheTests.java:92)
Caused by: redis.clients.jedis.exceptions.JedisConnectionException: java.net.ConnectException: Connection refused (Connection refused)
	at org.springframework.data.redis.cache.RedisCacheTests.doWithConnection(RedisCacheTests.java:304)
	at org.springframework.data.redis.cache.RedisCacheTests.setUp(RedisCacheTests.java:92)
Caused by: java.net.ConnectException: Connection refused (Connection refused)
	at org.springframework.data.redis.cache.RedisCacheTests.doWithConnection(RedisCacheTests.java:304)
	at org.springframework.data.redis.cache.RedisCacheTests.setUp(RedisCacheTests.java:92)
</error>
  </testcase>
  <testcase name="shouldReadAndWriteSimpleCacheKey[0: JedisConnectionFactory &amp; JdkSerializationRedisSerializer]" classname="org.springframework.data.redis.cache.RedisCacheTests" time="0">
    <error message="Cannot get Jedis connection; nested exception is redis.clients.jedis.exceptions.JedisConnectionException: Could not get a resource from the pool" type="org.springframework.data.redis.RedisConnectionFailureException">org.springframework.data.redis.RedisConnectionFailureException: Cannot get Jedis connection; nested exception is redis.clients.jedis.exceptions.JedisConnectionException: Could not get a resource from the pool
	at org.springframework.data.redis.cache.RedisCacheTests.doWithConnection(RedisCacheTests.java:304)
	at org.springframework.data.redis.cache.RedisCacheTests.setUp(RedisCacheTests.java:92)
Caused by: redis.clients.jedis.exceptions.JedisConnectionException: Could not get a resource from the pool
	at org.springframework.data.redis.cache.RedisCacheTests.doWithConnection(RedisCacheTests.java:304)
	at org.springframework.data.redis.cache.RedisCacheTests.setUp(RedisCacheTests.java:92)
Caused by: redis.clients.jedis.exceptions.JedisConnectionException: java.net.ConnectException: Connection refused (Connection refused)
	at org.springframework.data.redis.cache.RedisCacheTests.doWithConnection(RedisCacheTests.java:304)
	at org.springframework.data.redis.cache.RedisCacheTests.setUp(RedisCacheTests.java:92)
Caused by: java.net.ConnectException: Connection refused (Connection refused)
	at org.springframework.data.redis.cache.RedisCacheTests.doWithConnection(RedisCacheTests.java:304)
	at org.springframework.data.redis.cache.RedisCacheTests.setUp(RedisCacheTests.java:92)
</error>
  </testcase>
  <testcase name="computePrefixCreatesCacheKeyCorrectly[0: JedisConnectionFactory &amp; JdkSerializationRedisSerializer]" classname="org.springframework.data.redis.cache.RedisCacheTests" time="0">
    <error message="Cannot get Jedis connection; nested exception is redis.clients.jedis.exceptions.JedisConnectionException: Could not get a resource from the pool" type="org.springframework.data.redis.RedisConnectionFailureException">org.springframework.data.redis.RedisConnectionFailureException: Cannot get Jedis connection; nested exception is redis.clients.jedis.exceptions.JedisConnectionException: Could not get a resource from the pool
	at org.springframework.data.redis.cache.RedisCacheTests.doWithConnection(RedisCacheTests.java:304)
	at org.springframework.data.redis.cache.RedisCacheTests.setUp(RedisCacheTests.java:92)
Caused by: redis.clients.jedis.exceptions.JedisConnectionException: Could not get a resource from the pool
	at org.springframework.data.redis.cache.RedisCacheTests.doWithConnection(RedisCacheTests.java:304)
	at org.springframework.data.redis.cache.RedisCacheTests.setUp(RedisCacheTests.java:92)
Caused by: redis.clients.jedis.exceptions.JedisConnectionException: java.net.ConnectException: Connection refused (Connection refused)
	at org.springframework.data.redis.cache.RedisCacheTests.doWithConnection(RedisCacheTests.java:304)
	at org.springframework.data.redis.cache.RedisCacheTests.setUp(RedisCacheTests.java:92)
Caused by: java.net.ConnectException: Connection refused (Connection refused)
	at org.springframework.data.redis.cache.RedisCacheTests.doWithConnection(RedisCacheTests.java:304)
	at org.springframework.data.redis.cache.RedisCacheTests.setUp(RedisCacheTests.java:92)
</error>
  </testcase>
  <testcase name="putIfAbsentWithNullShouldAddNullValueEntryIfNotExists[0: JedisConnectionFactory &amp; JdkSerializationRedisSerializer]" classname="org.springframework.data.redis.cache.RedisCacheTests" time="0">
    <error message="Cannot get Jedis connection; nested exception is redis.clients.jedis.exceptions.JedisConnectionException: Could not get a resource from the pool" type="org.springframework.data.redis.RedisConnectionFailureException">org.springframework.data.redis.RedisConnectionFailureException: Cannot get Jedis connection; nested exception is redis.clients.jedis.exceptions.JedisConnectionException: Could not get a resource from the pool
	at org.springframework.data.redis.cache.RedisCacheTests.doWithConnection(RedisCacheTests.java:304)
	at org.springframework.data.redis.cache.RedisCacheTests.setUp(RedisCacheTests.java:92)
Caused by: redis.clients.jedis.exceptions.JedisConnectionException: Could not get a resource from the pool
	at org.springframework.data.redis.cache.RedisCacheTests.doWithConnection(RedisCacheTests.java:304)
	at org.springframework.data.redis.cache.RedisCacheTests.setUp(RedisCacheTests.java:92)
Caused by: redis.clients.jedis.exceptions.JedisConnectionException: java.net.ConnectException: Connection refused (Connection refused)
	at org.springframework.data.redis.cache.RedisCacheTests.doWithConnection(RedisCacheTests.java:304)
	at org.springframework.data.redis.cache.RedisCacheTests.setUp(RedisCacheTests.java:92)
Caused by: java.net.ConnectException: Connection refused (Connection refused)
	at org.springframework.data.redis.cache.RedisCacheTests.doWithConnection(RedisCacheTests.java:304)
	at org.springframework.data.redis.cache.RedisCacheTests.setUp(RedisCacheTests.java:92)
</error>
  </testcase>
  <testcase name="putShouldAddEntry[0: JedisConnectionFactory &amp; JdkSerializationRedisSerializer]" classname="org.springframework.data.redis.cache.RedisCacheTests" time="0.001">
    <error message="Cannot get Jedis connection; nested exception is redis.clients.jedis.exceptions.JedisConnectionException: Could not get a resource from the pool" type="org.springframework.data.redis.RedisConnectionFailureException">org.springframework.data.redis.RedisConnectionFailureException: Cannot get Jedis connection; nested exception is redis.clients.jedis.exceptions.JedisConnectionException: Could not get a resource from the pool
	at org.springframework.data.redis.cache.RedisCacheTests.doWithConnection(RedisCacheTests.java:304)
	at org.springframework.data.redis.cache.RedisCacheTests.setUp(RedisCacheTests.java:92)
Caused by: redis.clients.jedis.exceptions.JedisConnectionException: Could not get a resource from the pool
	at org.springframework.data.redis.cache.RedisCacheTests.doWithConnection(RedisCacheTests.java:304)
	at org.springframework.data.redis.cache.RedisCacheTests.setUp(RedisCacheTests.java:92)
Caused by: redis.clients.jedis.exceptions.JedisConnectionException: java.net.ConnectException: Connection refused (Connection refused)
	at org.springframework.data.redis.cache.RedisCacheTests.doWithConnection(RedisCacheTests.java:304)
	at org.springframework.data.redis.cache.RedisCacheTests.setUp(RedisCacheTests.java:92)
Caused by: java.net.ConnectException: Connection refused (Connection refused)
	at org.springframework.data.redis.cache.RedisCacheTests.doWithConnection(RedisCacheTests.java:304)
	at org.springframework.data.redis.cache.RedisCacheTests.setUp(RedisCacheTests.java:92)
</error>
  </testcase>
  <testcase name="getShouldRetrieveEntry[0: JedisConnectionFactory &amp; JdkSerializationRedisSerializer]" classname="org.springframework.data.redis.cache.RedisCacheTests" time="0.001">
    <error message="Cannot get Jedis connection; nested exception is redis.clients.jedis.exceptions.JedisConnectionException: Could not get a resource from the pool" type="org.springframework.data.redis.RedisConnectionFailureException">org.springframework.data.redis.RedisConnectionFailureException: Cannot get Jedis connection; nested exception is redis.clients.jedis.exceptions.JedisConnectionException: Could not get a resource from the pool
	at org.springframework.data.redis.cache.RedisCacheTests.doWithConnection(RedisCacheTests.java:304)
	at org.springframework.data.redis.cache.RedisCacheTests.setUp(RedisCacheTests.java:92)
Caused by: redis.clients.jedis.exceptions.JedisConnectionException: Could not get a resource from the pool
	at org.springframework.data.redis.cache.RedisCacheTests.doWithConnection(RedisCacheTests.java:304)
	at org.springframework.data.redis.cache.RedisCacheTests.setUp(RedisCacheTests.java:92)
Caused by: redis.clients.jedis.exceptions.JedisConnectionException: java.net.ConnectException: Connection refused (Connection refused)
	at org.springframework.data.redis.cache.RedisCacheTests.doWithConnection(RedisCacheTests.java:304)
	at org.springframework.data.redis.cache.RedisCacheTests.setUp(RedisCacheTests.java:92)
Caused by: java.net.ConnectException: Connection refused (Connection refused)
	at org.springframework.data.redis.cache.RedisCacheTests.doWithConnection(RedisCacheTests.java:304)
	at org.springframework.data.redis.cache.RedisCacheTests.setUp(RedisCacheTests.java:92)
</error>
  </testcase>
  <testcase name="putIfAbsentShouldAddEntryIfNotExists[1: JedisConnectionFactory &amp; GenericJackson2JsonRedisSerializer]" classname="org.springframework.data.redis.cache.RedisCacheTests" time="0">
    <error message="Cannot get Jedis connection; nested exception is redis.clients.jedis.exceptions.JedisConnectionException: Could not get a resource from the pool" type="org.springframework.data.redis.RedisConnectionFailureException">org.springframework.data.redis.RedisConnectionFailureException: Cannot get Jedis connection; nested exception is redis.clients.jedis.exceptions.JedisConnectionException: Could not get a resource from the pool
	at org.springframework.data.redis.cache.RedisCacheTests.doWithConnection(RedisCacheTests.java:304)
	at org.springframework.data.redis.cache.RedisCacheTests.setUp(RedisCacheTests.java:92)
Caused by: redis.clients.jedis.exceptions.JedisConnectionException: Could not get a resource from the pool
	at org.springframework.data.redis.cache.RedisCacheTests.doWithConnection(RedisCacheTests.java:304)
	at org.springframework.data.redis.cache.RedisCacheTests.setUp(RedisCacheTests.java:92)
Caused by: redis.clients.jedis.exceptions.JedisConnectionException: java.net.ConnectException: Connection refused (Connection refused)
	at org.springframework.data.redis.cache.RedisCacheTests.doWithConnection(RedisCacheTests.java:304)
	at org.springframework.data.redis.cache.RedisCacheTests.setUp(RedisCacheTests.java:92)
Caused by: java.net.ConnectException: Connection refused (Connection refused)
	at org.springframework.data.redis.cache.RedisCacheTests.doWithConnection(RedisCacheTests.java:304)
	at org.springframework.data.redis.cache.RedisCacheTests.setUp(RedisCacheTests.java:92)
</error>
  </testcase>
  <testcase name="putNullShouldAddEntryForNullValue[1: JedisConnectionFactory &amp; GenericJackson2JsonRedisSerializer]" classname="org.springframework.data.redis.cache.RedisCacheTests" time="0">
    <error message="Cannot get Jedis connection; nested exception is redis.clients.jedis.exceptions.JedisConnectionException: Could not get a resource from the pool" type="org.springframework.data.redis.RedisConnectionFailureException">org.springframework.data.redis.RedisConnectionFailureException: Cannot get Jedis connection; nested exception is redis.clients.jedis.exceptions.JedisConnectionException: Could not get a resource from the pool
	at org.springframework.data.redis.cache.RedisCacheTests.doWithConnection(RedisCacheTests.java:304)
	at org.springframework.data.redis.cache.RedisCacheTests.setUp(RedisCacheTests.java:92)
Caused by: redis.clients.jedis.exceptions.JedisConnectionException: Could not get a resource from the pool
	at org.springframework.data.redis.cache.RedisCacheTests.doWithConnection(RedisCacheTests.java:304)
	at org.springframework.data.redis.cache.RedisCacheTests.setUp(RedisCacheTests.java:92)
Caused by: redis.clients.jedis.exceptions.JedisConnectionException: java.net.ConnectException: Connection refused (Connection refused)
	at org.springframework.data.redis.cache.RedisCacheTests.doWithConnection(RedisCacheTests.java:304)
	at org.springframework.data.redis.cache.RedisCacheTests.setUp(RedisCacheTests.java:92)
Caused by: java.net.ConnectException: Connection refused (Connection refused)
	at org.springframework.data.redis.cache.RedisCacheTests.doWithConnection(RedisCacheTests.java:304)
	at org.springframework.data.redis.cache.RedisCacheTests.setUp(RedisCacheTests.java:92)
</error>
  </testcase>
  <testcase name="getShouldReturnNullWhenKeyDoesNotExist[1: JedisConnectionFactory &amp; GenericJackson2JsonRedisSerializer]" classname="org.springframework.data.redis.cache.RedisCacheTests" time="0">
    <error message="Cannot get Jedis connection; nested exception is redis.clients.jedis.exceptions.JedisConnectionException: Could not get a resource from the pool" type="org.springframework.data.redis.RedisConnectionFailureException">org.springframework.data.redis.RedisConnectionFailureException: Cannot get Jedis connection; nested exception is redis.clients.jedis.exceptions.JedisConnectionException: Could not get a resource from the pool
	at org.springframework.data.redis.cache.RedisCacheTests.doWithConnection(RedisCacheTests.java:304)
	at org.springframework.data.redis.cache.RedisCacheTests.setUp(RedisCacheTests.java:92)
Caused by: redis.clients.jedis.exceptions.JedisConnectionException: Could not get a resource from the pool
	at org.springframework.data.redis.cache.RedisCacheTests.doWithConnection(RedisCacheTests.java:304)
	at org.springframework.data.redis.cache.RedisCacheTests.setUp(RedisCacheTests.java:92)
Caused by: redis.clients.jedis.exceptions.JedisConnectionException: java.net.ConnectException: Connection refused (Connection refused)
	at org.springframework.data.redis.cache.RedisCacheTests.doWithConnection(RedisCacheTests.java:304)
	at org.springframework.data.redis.cache.RedisCacheTests.setUp(RedisCacheTests.java:92)
Caused by: java.net.ConnectException: Connection refused (Connection refused)
	at org.springframework.data.redis.cache.RedisCacheTests.doWithConnection(RedisCacheTests.java:304)
	at org.springframework.data.redis.cache.RedisCacheTests.setUp(RedisCacheTests.java:92)
</error>
  </testcase>
  <testcase name="fetchKeyWithComputedPrefixReturnsExpectedResult[1: JedisConnectionFactory &amp; GenericJackson2JsonRedisSerializer]" classname="org.springframework.data.redis.cache.RedisCacheTests" time="0">
    <error message="Cannot get Jedis connection; nested exception is redis.clients.jedis.exceptions.JedisConnectionException: Could not get a resource from the pool" type="org.springframework.data.redis.RedisConnectionFailureException">org.springframework.data.redis.RedisConnectionFailureException: Cannot get Jedis connection; nested exception is redis.clients.jedis.exceptions.JedisConnectionException: Could not get a resource from the pool
	at org.springframework.data.redis.cache.RedisCacheTests.doWithConnection(RedisCacheTests.java:304)
	at org.springframework.data.redis.cache.RedisCacheTests.setUp(RedisCacheTests.java:92)
Caused by: redis.clients.jedis.exceptions.JedisConnectionException: Could not get a resource from the pool
	at org.springframework.data.redis.cache.RedisCacheTests.doWithConnection(RedisCacheTests.java:304)
	at org.springframework.data.redis.cache.RedisCacheTests.setUp(RedisCacheTests.java:92)
Caused by: redis.clients.jedis.exceptions.JedisConnectionException: java.net.ConnectException: Connection refused (Connection refused)
	at org.springframework.data.redis.cache.RedisCacheTests.doWithConnection(RedisCacheTests.java:304)
	at org.springframework.data.redis.cache.RedisCacheTests.setUp(RedisCacheTests.java:92)
Caused by: java.net.ConnectException: Connection refused (Connection refused)
	at org.springframework.data.redis.cache.RedisCacheTests.doWithConnection(RedisCacheTests.java:304)
	at org.springframework.data.redis.cache.RedisCacheTests.setUp(RedisCacheTests.java:92)
</error>
  </testcase>
  <testcase name="putIfAbsentShouldReturnExistingIfExists[1: JedisConnectionFactory &amp; GenericJackson2JsonRedisSerializer]" classname="org.springframework.data.redis.cache.RedisCacheTests" time="0">
    <error message="Cannot get Jedis connection; nested exception is redis.clients.jedis.exceptions.JedisConnectionException: Could not get a resource from the pool" type="org.springframework.data.redis.RedisConnectionFailureException">org.springframework.data.redis.RedisConnectionFailureException: Cannot get Jedis connection; nested exception is redis.clients.jedis.exceptions.JedisConnectionException: Could not get a resource from the pool
	at org.springframework.data.redis.cache.RedisCacheTests.doWithConnection(RedisCacheTests.java:304)
	at org.springframework.data.redis.cache.RedisCacheTests.setUp(RedisCacheTests.java:92)
Caused by: redis.clients.jedis.exceptions.JedisConnectionException: Could not get a resource from the pool
	at org.springframework.data.redis.cache.RedisCacheTests.doWithConnection(RedisCacheTests.java:304)
	at org.springframework.data.redis.cache.RedisCacheTests.setUp(RedisCacheTests.java:92)
Caused by: redis.clients.jedis.exceptions.JedisConnectionException: java.net.ConnectException: Connection refused (Connection refused)
	at org.springframework.data.redis.cache.RedisCacheTests.doWithConnection(RedisCacheTests.java:304)
	at org.springframework.data.redis.cache.RedisCacheTests.setUp(RedisCacheTests.java:92)
Caused by: java.net.ConnectException: Connection refused (Connection refused)
	at org.springframework.data.redis.cache.RedisCacheTests.doWithConnection(RedisCacheTests.java:304)
	at org.springframework.data.redis.cache.RedisCacheTests.setUp(RedisCacheTests.java:92)
</error>
  </testcase>
  <testcase name="evictShouldRemoveKey[1: JedisConnectionFactory &amp; GenericJackson2JsonRedisSerializer]" classname="org.springframework.data.redis.cache.RedisCacheTests" time="0.001">
    <error message="Cannot get Jedis connection; nested exception is redis.clients.jedis.exceptions.JedisConnectionException: Could not get a resource from the pool" type="org.springframework.data.redis.RedisConnectionFailureException">org.springframework.data.redis.RedisConnectionFailureException: Cannot get Jedis connection; nested exception is redis.clients.jedis.exceptions.JedisConnectionException: Could not get a resource from the pool
	at org.springframework.data.redis.cache.RedisCacheTests.doWithConnection(RedisCacheTests.java:304)
	at org.springframework.data.redis.cache.RedisCacheTests.setUp(RedisCacheTests.java:92)
Caused by: redis.clients.jedis.exceptions.JedisConnectionException: Could not get a resource from the pool
	at org.springframework.data.redis.cache.RedisCacheTests.doWithConnection(RedisCacheTests.java:304)
	at org.springframework.data.redis.cache.RedisCacheTests.setUp(RedisCacheTests.java:92)
Caused by: redis.clients.jedis.exceptions.JedisConnectionException: java.net.ConnectException: Connection refused (Connection refused)
	at org.springframework.data.redis.cache.RedisCacheTests.doWithConnection(RedisCacheTests.java:304)
	at org.springframework.data.redis.cache.RedisCacheTests.setUp(RedisCacheTests.java:92)
Caused by: java.net.ConnectException: Connection refused (Connection refused)
	at org.springframework.data.redis.cache.RedisCacheTests.doWithConnection(RedisCacheTests.java:304)
	at org.springframework.data.redis.cache.RedisCacheTests.setUp(RedisCacheTests.java:92)
</error>
  </testcase>
  <testcase name="shouldAllowComplexKeyWithToStringMethod[1: JedisConnectionFactory &amp; GenericJackson2JsonRedisSerializer]" classname="org.springframework.data.redis.cache.RedisCacheTests" time="0">
    <error message="Cannot get Jedis connection; nested exception is redis.clients.jedis.exceptions.JedisConnectionException: Could not get a resource from the pool" type="org.springframework.data.redis.RedisConnectionFailureException">org.springframework.data.redis.RedisConnectionFailureException: Cannot get Jedis connection; nested exception is redis.clients.jedis.exceptions.JedisConnectionException: Could not get a resource from the pool
	at org.springframework.data.redis.cache.RedisCacheTests.doWithConnection(RedisCacheTests.java:304)
	at org.springframework.data.redis.cache.RedisCacheTests.setUp(RedisCacheTests.java:92)
Caused by: redis.clients.jedis.exceptions.JedisConnectionException: Could not get a resource from the pool
	at org.springframework.data.redis.cache.RedisCacheTests.doWithConnection(RedisCacheTests.java:304)
	at org.springframework.data.redis.cache.RedisCacheTests.setUp(RedisCacheTests.java:92)
Caused by: redis.clients.jedis.exceptions.JedisConnectionException: java.net.ConnectException: Connection refused (Connection refused)
	at org.springframework.data.redis.cache.RedisCacheTests.doWithConnection(RedisCacheTests.java:304)
	at org.springframework.data.redis.cache.RedisCacheTests.setUp(RedisCacheTests.java:92)
Caused by: java.net.ConnectException: Connection refused (Connection refused)
	at org.springframework.data.redis.cache.RedisCacheTests.doWithConnection(RedisCacheTests.java:304)
	at org.springframework.data.redis.cache.RedisCacheTests.setUp(RedisCacheTests.java:92)
</error>
  </testcase>
  <testcase name="getShouldReturnValueWrapperHoldingNullIfNullValueStored[1: JedisConnectionFactory &amp; GenericJackson2JsonRedisSerializer]" classname="org.springframework.data.redis.cache.RedisCacheTests" time="0">
    <error message="Cannot get Jedis connection; nested exception is redis.clients.jedis.exceptions.JedisConnectionException: Could not get a resource from the pool" type="org.springframework.data.redis.RedisConnectionFailureException">org.springframework.data.redis.RedisConnectionFailureException: Cannot get Jedis connection; nested exception is redis.clients.jedis.exceptions.JedisConnectionException: Could not get a resource from the pool
	at org.springframework.data.redis.cache.RedisCacheTests.doWithConnection(RedisCacheTests.java:304)
	at org.springframework.data.redis.cache.RedisCacheTests.setUp(RedisCacheTests.java:92)
Caused by: redis.clients.jedis.exceptions.JedisConnectionException: Could not get a resource from the pool
	at org.springframework.data.redis.cache.RedisCacheTests.doWithConnection(RedisCacheTests.java:304)
	at org.springframework.data.redis.cache.RedisCacheTests.setUp(RedisCacheTests.java:92)
Caused by: redis.clients.jedis.exceptions.JedisConnectionException: java.net.ConnectException: Connection refused (Connection refused)
	at org.springframework.data.redis.cache.RedisCacheTests.doWithConnection(RedisCacheTests.java:304)
	at org.springframework.data.redis.cache.RedisCacheTests.setUp(RedisCacheTests.java:92)
Caused by: java.net.ConnectException: Connection refused (Connection refused)
	at org.springframework.data.redis.cache.RedisCacheTests.doWithConnection(RedisCacheTests.java:304)
	at org.springframework.data.redis.cache.RedisCacheTests.setUp(RedisCacheTests.java:92)
</error>
  </testcase>
  <testcase name="getWithCallableShouldNotResolveValueIfPresent[1: JedisConnectionFactory &amp; GenericJackson2JsonRedisSerializer]" classname="org.springframework.data.redis.cache.RedisCacheTests" time="0">
    <error message="Cannot get Jedis connection; nested exception is redis.clients.jedis.exceptions.JedisConnectionException: Could not get a resource from the pool" type="org.springframework.data.redis.RedisConnectionFailureException">org.springframework.data.redis.RedisConnectionFailureException: Cannot get Jedis connection; nested exception is redis.clients.jedis.exceptions.JedisConnectionException: Could not get a resource from the pool
	at org.springframework.data.redis.cache.RedisCacheTests.doWithConnection(RedisCacheTests.java:304)
	at org.springframework.data.redis.cache.RedisCacheTests.setUp(RedisCacheTests.java:92)
Caused by: redis.clients.jedis.exceptions.JedisConnectionException: Could not get a resource from the pool
	at org.springframework.data.redis.cache.RedisCacheTests.doWithConnection(RedisCacheTests.java:304)
	at org.springframework.data.redis.cache.RedisCacheTests.setUp(RedisCacheTests.java:92)
Caused by: redis.clients.jedis.exceptions.JedisConnectionException: java.net.ConnectException: Connection refused (Connection refused)
	at org.springframework.data.redis.cache.RedisCacheTests.doWithConnection(RedisCacheTests.java:304)
	at org.springframework.data.redis.cache.RedisCacheTests.setUp(RedisCacheTests.java:92)
Caused by: java.net.ConnectException: Connection refused (Connection refused)
	at org.springframework.data.redis.cache.RedisCacheTests.doWithConnection(RedisCacheTests.java:304)
	at org.springframework.data.redis.cache.RedisCacheTests.setUp(RedisCacheTests.java:92)
</error>
  </testcase>
  <testcase name="getWithCallableShouldResolveValueIfNotPresent[1: JedisConnectionFactory &amp; GenericJackson2JsonRedisSerializer]" classname="org.springframework.data.redis.cache.RedisCacheTests" time="0">
    <error message="Cannot get Jedis connection; nested exception is redis.clients.jedis.exceptions.JedisConnectionException: Could not get a resource from the pool" type="org.springframework.data.redis.RedisConnectionFailureException">org.springframework.data.redis.RedisConnectionFailureException: Cannot get Jedis connection; nested exception is redis.clients.jedis.exceptions.JedisConnectionException: Could not get a resource from the pool
	at org.springframework.data.redis.cache.RedisCacheTests.doWithConnection(RedisCacheTests.java:304)
	at org.springframework.data.redis.cache.RedisCacheTests.setUp(RedisCacheTests.java:92)
Caused by: redis.clients.jedis.exceptions.JedisConnectionException: Could not get a resource from the pool
	at org.springframework.data.redis.cache.RedisCacheTests.doWithConnection(RedisCacheTests.java:304)
	at org.springframework.data.redis.cache.RedisCacheTests.setUp(RedisCacheTests.java:92)
Caused by: redis.clients.jedis.exceptions.JedisConnectionException: java.net.ConnectException: Connection refused (Connection refused)
	at org.springframework.data.redis.cache.RedisCacheTests.doWithConnection(RedisCacheTests.java:304)
	at org.springframework.data.redis.cache.RedisCacheTests.setUp(RedisCacheTests.java:92)
Caused by: java.net.ConnectException: Connection refused (Connection refused)
	at org.springframework.data.redis.cache.RedisCacheTests.doWithConnection(RedisCacheTests.java:304)
	at org.springframework.data.redis.cache.RedisCacheTests.setUp(RedisCacheTests.java:92)
</error>
  </testcase>
  <testcase name="putIfAbsentShouldReturnExistingNullValueIfExists[1: JedisConnectionFactory &amp; GenericJackson2JsonRedisSerializer]" classname="org.springframework.data.redis.cache.RedisCacheTests" time="0">
    <error message="Cannot get Jedis connection; nested exception is redis.clients.jedis.exceptions.JedisConnectionException: Could not get a resource from the pool" type="org.springframework.data.redis.RedisConnectionFailureException">org.springframework.data.redis.RedisConnectionFailureException: Cannot get Jedis connection; nested exception is redis.clients.jedis.exceptions.JedisConnectionException: Could not get a resource from the pool
	at org.springframework.data.redis.cache.RedisCacheTests.doWithConnection(RedisCacheTests.java:304)
	at org.springframework.data.redis.cache.RedisCacheTests.setUp(RedisCacheTests.java:92)
Caused by: redis.clients.jedis.exceptions.JedisConnectionException: Could not get a resource from the pool
	at org.springframework.data.redis.cache.RedisCacheTests.doWithConnection(RedisCacheTests.java:304)
	at org.springframework.data.redis.cache.RedisCacheTests.setUp(RedisCacheTests.java:92)
Caused by: redis.clients.jedis.exceptions.JedisConnectionException: java.net.ConnectException: Connection refused (Connection refused)
	at org.springframework.data.redis.cache.RedisCacheTests.doWithConnection(RedisCacheTests.java:304)
	at org.springframework.data.redis.cache.RedisCacheTests.setUp(RedisCacheTests.java:92)
Caused by: java.net.ConnectException: Connection refused (Connection refused)
	at org.springframework.data.redis.cache.RedisCacheTests.doWithConnection(RedisCacheTests.java:304)
	at org.springframework.data.redis.cache.RedisCacheTests.setUp(RedisCacheTests.java:92)
</error>
  </testcase>
  <testcase name="shouldRejectNonInvalidKey[1: JedisConnectionFactory &amp; GenericJackson2JsonRedisSerializer]" classname="org.springframework.data.redis.cache.RedisCacheTests" time="0">
    <error message="Cannot get Jedis connection; nested exception is redis.clients.jedis.exceptions.JedisConnectionException: Could not get a resource from the pool" type="org.springframework.data.redis.RedisConnectionFailureException">org.springframework.data.redis.RedisConnectionFailureException: Cannot get Jedis connection; nested exception is redis.clients.jedis.exceptions.JedisConnectionException: Could not get a resource from the pool
	at org.springframework.data.redis.cache.RedisCacheTests.doWithConnection(RedisCacheTests.java:304)
	at org.springframework.data.redis.cache.RedisCacheTests.setUp(RedisCacheTests.java:92)
Caused by: redis.clients.jedis.exceptions.JedisConnectionException: Could not get a resource from the pool
	at org.springframework.data.redis.cache.RedisCacheTests.doWithConnection(RedisCacheTests.java:304)
	at org.springframework.data.redis.cache.RedisCacheTests.setUp(RedisCacheTests.java:92)
Caused by: redis.clients.jedis.exceptions.JedisConnectionException: java.net.ConnectException: Connection refused (Connection refused)
	at org.springframework.data.redis.cache.RedisCacheTests.doWithConnection(RedisCacheTests.java:304)
	at org.springframework.data.redis.cache.RedisCacheTests.setUp(RedisCacheTests.java:92)
Caused by: java.net.ConnectException: Connection refused (Connection refused)
	at org.springframework.data.redis.cache.RedisCacheTests.doWithConnection(RedisCacheTests.java:304)
	at org.springframework.data.redis.cache.RedisCacheTests.setUp(RedisCacheTests.java:92)
</error>
  </testcase>
  <testcase name="shouldReadAndWriteSimpleCacheKey[1: JedisConnectionFactory &amp; GenericJackson2JsonRedisSerializer]" classname="org.springframework.data.redis.cache.RedisCacheTests" time="0">
    <error message="Cannot get Jedis connection; nested exception is redis.clients.jedis.exceptions.JedisConnectionException: Could not get a resource from the pool" type="org.springframework.data.redis.RedisConnectionFailureException">org.springframework.data.redis.RedisConnectionFailureException: Cannot get Jedis connection; nested exception is redis.clients.jedis.exceptions.JedisConnectionException: Could not get a resource from the pool
	at org.springframework.data.redis.cache.RedisCacheTests.doWithConnection(RedisCacheTests.java:304)
	at org.springframework.data.redis.cache.RedisCacheTests.setUp(RedisCacheTests.java:92)
Caused by: redis.clients.jedis.exceptions.JedisConnectionException: Could not get a resource from the pool
	at org.springframework.data.redis.cache.RedisCacheTests.doWithConnection(RedisCacheTests.java:304)
	at org.springframework.data.redis.cache.RedisCacheTests.setUp(RedisCacheTests.java:92)
Caused by: redis.clients.jedis.exceptions.JedisConnectionException: java.net.ConnectException: Connection refused (Connection refused)
	at org.springframework.data.redis.cache.RedisCacheTests.doWithConnection(RedisCacheTests.java:304)
	at org.springframework.data.redis.cache.RedisCacheTests.setUp(RedisCacheTests.java:92)
Caused by: java.net.ConnectException: Connection refused (Connection refused)
	at org.springframework.data.redis.cache.RedisCacheTests.doWithConnection(RedisCacheTests.java:304)
	at org.springframework.data.redis.cache.RedisCacheTests.setUp(RedisCacheTests.java:92)
</error>
  </testcase>
  <testcase name="computePrefixCreatesCacheKeyCorrectly[1: JedisConnectionFactory &amp; GenericJackson2JsonRedisSerializer]" classname="org.springframework.data.redis.cache.RedisCacheTests" time="0">
    <error message="Cannot get Jedis connection; nested exception is redis.clients.jedis.exceptions.JedisConnectionException: Could not get a resource from the pool" type="org.springframework.data.redis.RedisConnectionFailureException">org.springframework.data.redis.RedisConnectionFailureException: Cannot get Jedis connection; nested exception is redis.clients.jedis.exceptions.JedisConnectionException: Could not get a resource from the pool
	at org.springframework.data.redis.cache.RedisCacheTests.doWithConnection(RedisCacheTests.java:304)
	at org.springframework.data.redis.cache.RedisCacheTests.setUp(RedisCacheTests.java:92)
Caused by: redis.clients.jedis.exceptions.JedisConnectionException: Could not get a resource from the pool
	at org.springframework.data.redis.cache.RedisCacheTests.doWithConnection(RedisCacheTests.java:304)
	at org.springframework.data.redis.cache.RedisCacheTests.setUp(RedisCacheTests.java:92)
Caused by: redis.clients.jedis.exceptions.JedisConnectionException: java.net.ConnectException: Connection refused (Connection refused)
	at org.springframework.data.redis.cache.RedisCacheTests.doWithConnection(RedisCacheTests.java:304)
	at org.springframework.data.redis.cache.RedisCacheTests.setUp(RedisCacheTests.java:92)
Caused by: java.net.ConnectException: Connection refused (Connection refused)
	at org.springframework.data.redis.cache.RedisCacheTests.doWithConnection(RedisCacheTests.java:304)
	at org.springframework.data.redis.cache.RedisCacheTests.setUp(RedisCacheTests.java:92)
</error>
  </testcase>
  <testcase name="putIfAbsentWithNullShouldAddNullValueEntryIfNotExists[1: JedisConnectionFactory &amp; GenericJackson2JsonRedisSerializer]" classname="org.springframework.data.redis.cache.RedisCacheTests" time="0">
    <error message="Cannot get Jedis connection; nested exception is redis.clients.jedis.exceptions.JedisConnectionException: Could not get a resource from the pool" type="org.springframework.data.redis.RedisConnectionFailureException">org.springframework.data.redis.RedisConnectionFailureException: Cannot get Jedis connection; nested exception is redis.clients.jedis.exceptions.JedisConnectionException: Could not get a resource from the pool
	at org.springframework.data.redis.cache.RedisCacheTests.doWithConnection(RedisCacheTests.java:304)
	at org.springframework.data.redis.cache.RedisCacheTests.setUp(RedisCacheTests.java:92)
Caused by: redis.clients.jedis.exceptions.JedisConnectionException: Could not get a resource from the pool
	at org.springframework.data.redis.cache.RedisCacheTests.doWithConnection(RedisCacheTests.java:304)
	at org.springframework.data.redis.cache.RedisCacheTests.setUp(RedisCacheTests.java:92)
Caused by: redis.clients.jedis.exceptions.JedisConnectionException: java.net.ConnectException: Connection refused (Connection refused)
	at org.springframework.data.redis.cache.RedisCacheTests.doWithConnection(RedisCacheTests.java:304)
	at org.springframework.data.redis.cache.RedisCacheTests.setUp(RedisCacheTests.java:92)
Caused by: java.net.ConnectException: Connection refused (Connection refused)
	at org.springframework.data.redis.cache.RedisCacheTests.doWithConnection(RedisCacheTests.java:304)
	at org.springframework.data.redis.cache.RedisCacheTests.setUp(RedisCacheTests.java:92)
</error>
  </testcase>
  <testcase name="putShouldAddEntry[1: JedisConnectionFactory &amp; GenericJackson2JsonRedisSerializer]" classname="org.springframework.data.redis.cache.RedisCacheTests" time="0.001">
    <error message="Cannot get Jedis connection; nested exception is redis.clients.jedis.exceptions.JedisConnectionException: Could not get a resource from the pool" type="org.springframework.data.redis.RedisConnectionFailureException">org.springframework.data.redis.RedisConnectionFailureException: Cannot get Jedis connection; nested exception is redis.clients.jedis.exceptions.JedisConnectionException: Could not get a resource from the pool
	at org.springframework.data.redis.cache.RedisCacheTests.doWithConnection(RedisCacheTests.java:304)
	at org.springframework.data.redis.cache.RedisCacheTests.setUp(RedisCacheTests.java:92)
Caused by: redis.clients.jedis.exceptions.JedisConnectionException: Could not get a resource from the pool
	at org.springframework.data.redis.cache.RedisCacheTests.doWithConnection(RedisCacheTests.java:304)
	at org.springframework.data.redis.cache.RedisCacheTests.setUp(RedisCacheTests.java:92)
Caused by: redis.clients.jedis.exceptions.JedisConnectionException: java.net.ConnectException: Connection refused (Connection refused)
	at org.springframework.data.redis.cache.RedisCacheTests.doWithConnection(RedisCacheTests.java:304)
	at org.springframework.data.redis.cache.RedisCacheTests.setUp(RedisCacheTests.java:92)
Caused by: java.net.ConnectException: Connection refused (Connection refused)
	at org.springframework.data.redis.cache.RedisCacheTests.doWithConnection(RedisCacheTests.java:304)
	at org.springframework.data.redis.cache.RedisCacheTests.setUp(RedisCacheTests.java:92)
</error>
  </testcase>
  <testcase name="getShouldRetrieveEntry[1: JedisConnectionFactory &amp; GenericJackson2JsonRedisSerializer]" classname="org.springframework.data.redis.cache.RedisCacheTests" time="0.001">
    <error message="Cannot get Jedis connection; nested exception is redis.clients.jedis.exceptions.JedisConnectionException: Could not get a resource from the pool" type="org.springframework.data.redis.RedisConnectionFailureException">org.springframework.data.redis.RedisConnectionFailureException: Cannot get Jedis connection; nested exception is redis.clients.jedis.exceptions.JedisConnectionException: Could not get a resource from the pool
	at org.springframework.data.redis.cache.RedisCacheTests.doWithConnection(RedisCacheTests.java:304)
	at org.springframework.data.redis.cache.RedisCacheTests.setUp(RedisCacheTests.java:92)
Caused by: redis.clients.jedis.exceptions.JedisConnectionException: Could not get a resource from the pool
	at org.springframework.data.redis.cache.RedisCacheTests.doWithConnection(RedisCacheTests.java:304)
	at org.springframework.data.redis.cache.RedisCacheTests.setUp(RedisCacheTests.java:92)
Caused by: redis.clients.jedis.exceptions.JedisConnectionException: java.net.ConnectException: Connection refused (Connection refused)
	at org.springframework.data.redis.cache.RedisCacheTests.doWithConnection(RedisCacheTests.java:304)
	at org.springframework.data.redis.cache.RedisCacheTests.setUp(RedisCacheTests.java:92)
Caused by: java.net.ConnectException: Connection refused (Connection refused)
	at org.springframework.data.redis.cache.RedisCacheTests.doWithConnection(RedisCacheTests.java:304)
	at org.springframework.data.redis.cache.RedisCacheTests.setUp(RedisCacheTests.java:92)
</error>
  </testcase>
  <testcase name="putIfAbsentShouldAddEntryIfNotExists[2: JedisConnectionFactory &amp; OxmSerializer]" classname="org.springframework.data.redis.cache.RedisCacheTests" time="0">
    <error message="Cannot get Jedis connection; nested exception is redis.clients.jedis.exceptions.JedisConnectionException: Could not get a resource from the pool" type="org.springframework.data.redis.RedisConnectionFailureException">org.springframework.data.redis.RedisConnectionFailureException: Cannot get Jedis connection; nested exception is redis.clients.jedis.exceptions.JedisConnectionException: Could not get a resource from the pool
	at org.springframework.data.redis.cache.RedisCacheTests.doWithConnection(RedisCacheTests.java:304)
	at org.springframework.data.redis.cache.RedisCacheTests.setUp(RedisCacheTests.java:92)
Caused by: redis.clients.jedis.exceptions.JedisConnectionException: Could not get a resource from the pool
	at org.springframework.data.redis.cache.RedisCacheTests.doWithConnection(RedisCacheTests.java:304)
	at org.springframework.data.redis.cache.RedisCacheTests.setUp(RedisCacheTests.java:92)
Caused by: redis.clients.jedis.exceptions.JedisConnectionException: java.net.ConnectException: Connection refused (Connection refused)
	at org.springframework.data.redis.cache.RedisCacheTests.doWithConnection(RedisCacheTests.java:304)
	at org.springframework.data.redis.cache.RedisCacheTests.setUp(RedisCacheTests.java:92)
Caused by: java.net.ConnectException: Connection refused (Connection refused)
	at org.springframework.data.redis.cache.RedisCacheTests.doWithConnection(RedisCacheTests.java:304)
	at org.springframework.data.redis.cache.RedisCacheTests.setUp(RedisCacheTests.java:92)
</error>
  </testcase>
  <testcase name="putNullShouldAddEntryForNullValue[2: JedisConnectionFactory &amp; OxmSerializer]" classname="org.springframework.data.redis.cache.RedisCacheTests" time="0">
    <error message="Cannot get Jedis connection; nested exception is redis.clients.jedis.exceptions.JedisConnectionException: Could not get a resource from the pool" type="org.springframework.data.redis.RedisConnectionFailureException">org.springframework.data.redis.RedisConnectionFailureException: Cannot get Jedis connection; nested exception is redis.clients.jedis.exceptions.JedisConnectionException: Could not get a resource from the pool
	at org.springframework.data.redis.cache.RedisCacheTests.doWithConnection(RedisCacheTests.java:304)
	at org.springframework.data.redis.cache.RedisCacheTests.setUp(RedisCacheTests.java:92)
Caused by: redis.clients.jedis.exceptions.JedisConnectionException: Could not get a resource from the pool
	at org.springframework.data.redis.cache.RedisCacheTests.doWithConnection(RedisCacheTests.java:304)
	at org.springframework.data.redis.cache.RedisCacheTests.setUp(RedisCacheTests.java:92)
Caused by: redis.clients.jedis.exceptions.JedisConnectionException: java.net.ConnectException: Connection refused (Connection refused)
	at org.springframework.data.redis.cache.RedisCacheTests.doWithConnection(RedisCacheTests.java:304)
	at org.springframework.data.redis.cache.RedisCacheTests.setUp(RedisCacheTests.java:92)
Caused by: java.net.ConnectException: Connection refused (Connection refused)
	at org.springframework.data.redis.cache.RedisCacheTests.doWithConnection(RedisCacheTests.java:304)
	at org.springframework.data.redis.cache.RedisCacheTests.setUp(RedisCacheTests.java:92)
</error>
  </testcase>
  <testcase name="getShouldReturnNullWhenKeyDoesNotExist[2: JedisConnectionFactory &amp; OxmSerializer]" classname="org.springframework.data.redis.cache.RedisCacheTests" time="0">
    <error message="Cannot get Jedis connection; nested exception is redis.clients.jedis.exceptions.JedisConnectionException: Could not get a resource from the pool" type="org.springframework.data.redis.RedisConnectionFailureException">org.springframework.data.redis.RedisConnectionFailureException: Cannot get Jedis connection; nested exception is redis.clients.jedis.exceptions.JedisConnectionException: Could not get a resource from the pool
	at org.springframework.data.redis.cache.RedisCacheTests.doWithConnection(RedisCacheTests.java:304)
	at org.springframework.data.redis.cache.RedisCacheTests.setUp(RedisCacheTests.java:92)
Caused by: redis.clients.jedis.exceptions.JedisConnectionException: Could not get a resource from the pool
	at org.springframework.data.redis.cache.RedisCacheTests.doWithConnection(RedisCacheTests.java:304)
	at org.springframework.data.redis.cache.RedisCacheTests.setUp(RedisCacheTests.java:92)
Caused by: redis.clients.jedis.exceptions.JedisConnectionException: java.net.ConnectException: Connection refused (Connection refused)
	at org.springframework.data.redis.cache.RedisCacheTests.doWithConnection(RedisCacheTests.java:304)
	at org.springframework.data.redis.cache.RedisCacheTests.setUp(RedisCacheTests.java:92)
Caused by: java.net.ConnectException: Connection refused (Connection refused)
	at org.springframework.data.redis.cache.RedisCacheTests.doWithConnection(RedisCacheTests.java:304)
	at org.springframework.data.redis.cache.RedisCacheTests.setUp(RedisCacheTests.java:92)
</error>
  </testcase>
  <testcase name="fetchKeyWithComputedPrefixReturnsExpectedResult[2: JedisConnectionFactory &amp; OxmSerializer]" classname="org.springframework.data.redis.cache.RedisCacheTests" time="0.001">
    <error message="Cannot get Jedis connection; nested exception is redis.clients.jedis.exceptions.JedisConnectionException: Could not get a resource from the pool" type="org.springframework.data.redis.RedisConnectionFailureException">org.springframework.data.redis.RedisConnectionFailureException: Cannot get Jedis connection; nested exception is redis.clients.jedis.exceptions.JedisConnectionException: Could not get a resource from the pool
	at org.springframework.data.redis.cache.RedisCacheTests.doWithConnection(RedisCacheTests.java:304)
	at org.springframework.data.redis.cache.RedisCacheTests.setUp(RedisCacheTests.java:92)
Caused by: redis.clients.jedis.exceptions.JedisConnectionException: Could not get a resource from the pool
	at org.springframework.data.redis.cache.RedisCacheTests.doWithConnection(RedisCacheTests.java:304)
	at org.springframework.data.redis.cache.RedisCacheTests.setUp(RedisCacheTests.java:92)
Caused by: redis.clients.jedis.exceptions.JedisConnectionException: java.net.ConnectException: Connection refused (Connection refused)
	at org.springframework.data.redis.cache.RedisCacheTests.doWithConnection(RedisCacheTests.java:304)
	at org.springframework.data.redis.cache.RedisCacheTests.setUp(RedisCacheTests.java:92)
Caused by: java.net.ConnectException: Connection refused (Connection refused)
	at org.springframework.data.redis.cache.RedisCacheTests.doWithConnection(RedisCacheTests.java:304)
	at org.springframework.data.redis.cache.RedisCacheTests.setUp(RedisCacheTests.java:92)
</error>
  </testcase>
  <testcase name="putIfAbsentShouldReturnExistingIfExists[2: JedisConnectionFactory &amp; OxmSerializer]" classname="org.springframework.data.redis.cache.RedisCacheTests" time="0.001">
    <error message="Cannot get Jedis connection; nested exception is redis.clients.jedis.exceptions.JedisConnectionException: Could not get a resource from the pool" type="org.springframework.data.redis.RedisConnectionFailureException">org.springframework.data.redis.RedisConnectionFailureException: Cannot get Jedis connection; nested exception is redis.clients.jedis.exceptions.JedisConnectionException: Could not get a resource from the pool
	at org.springframework.data.redis.cache.RedisCacheTests.doWithConnection(RedisCacheTests.java:304)
	at org.springframework.data.redis.cache.RedisCacheTests.setUp(RedisCacheTests.java:92)
Caused by: redis.clients.jedis.exceptions.JedisConnectionException: Could not get a resource from the pool
	at org.springframework.data.redis.cache.RedisCacheTests.doWithConnection(RedisCacheTests.java:304)
	at org.springframework.data.redis.cache.RedisCacheTests.setUp(RedisCacheTests.java:92)
Caused by: redis.clients.jedis.exceptions.JedisConnectionException: java.net.ConnectException: Connection refused (Connection refused)
	at org.springframework.data.redis.cache.RedisCacheTests.doWithConnection(RedisCacheTests.java:304)
	at org.springframework.data.redis.cache.RedisCacheTests.setUp(RedisCacheTests.java:92)
Caused by: java.net.ConnectException: Connection refused (Connection refused)
	at org.springframework.data.redis.cache.RedisCacheTests.doWithConnection(RedisCacheTests.java:304)
	at org.springframework.data.redis.cache.RedisCacheTests.setUp(RedisCacheTests.java:92)
</error>
  </testcase>
  <testcase name="evictShouldRemoveKey[2: JedisConnectionFactory &amp; OxmSerializer]" classname="org.springframework.data.redis.cache.RedisCacheTests" time="0.001">
    <error message="Cannot get Jedis connection; nested exception is redis.clients.jedis.exceptions.JedisConnectionException: Could not get a resource from the pool" type="org.springframework.data.redis.RedisConnectionFailureException">org.springframework.data.redis.RedisConnectionFailureException: Cannot get Jedis connection; nested exception is redis.clients.jedis.exceptions.JedisConnectionException: Could not get a resource from the pool
	at org.springframework.data.redis.cache.RedisCacheTests.doWithConnection(RedisCacheTests.java:304)
	at org.springframework.data.redis.cache.RedisCacheTests.setUp(RedisCacheTests.java:92)
Caused by: redis.clients.jedis.exceptions.JedisConnectionException: Could not get a resource from the pool
	at org.springframework.data.redis.cache.RedisCacheTests.doWithConnection(RedisCacheTests.java:304)
	at org.springframework.data.redis.cache.RedisCacheTests.setUp(RedisCacheTests.java:92)
Caused by: redis.clients.jedis.exceptions.JedisConnectionException: java.net.ConnectException: Connection refused (Connection refused)
	at org.springframework.data.redis.cache.RedisCacheTests.doWithConnection(RedisCacheTests.java:304)
	at org.springframework.data.redis.cache.RedisCacheTests.setUp(RedisCacheTests.java:92)
Caused by: java.net.ConnectException: Connection refused (Connection refused)
	at org.springframework.data.redis.cache.RedisCacheTests.doWithConnection(RedisCacheTests.java:304)
	at org.springframework.data.redis.cache.RedisCacheTests.setUp(RedisCacheTests.java:92)
</error>
  </testcase>
  <testcase name="shouldAllowComplexKeyWithToStringMethod[2: JedisConnectionFactory &amp; OxmSerializer]" classname="org.springframework.data.redis.cache.RedisCacheTests" time="0.001">
    <error message="Cannot get Jedis connection; nested exception is redis.clients.jedis.exceptions.JedisConnectionException: Could not get a resource from the pool" type="org.springframework.data.redis.RedisConnectionFailureException">org.springframework.data.redis.RedisConnectionFailureException: Cannot get Jedis connection; nested exception is redis.clients.jedis.exceptions.JedisConnectionException: Could not get a resource from the pool
	at org.springframework.data.redis.cache.RedisCacheTests.doWithConnection(RedisCacheTests.java:304)
	at org.springframework.data.redis.cache.RedisCacheTests.setUp(RedisCacheTests.java:92)
Caused by: redis.clients.jedis.exceptions.JedisConnectionException: Could not get a resource from the pool
	at org.springframework.data.redis.cache.RedisCacheTests.doWithConnection(RedisCacheTests.java:304)
	at org.springframework.data.redis.cache.RedisCacheTests.setUp(RedisCacheTests.java:92)
Caused by: redis.clients.jedis.exceptions.JedisConnectionException: java.net.ConnectException: Connection refused (Connection refused)
	at org.springframework.data.redis.cache.RedisCacheTests.doWithConnection(RedisCacheTests.java:304)
	at org.springframework.data.redis.cache.RedisCacheTests.setUp(RedisCacheTests.java:92)
Caused by: java.net.ConnectException: Connection refused (Connection refused)
	at org.springframework.data.redis.cache.RedisCacheTests.doWithConnection(RedisCacheTests.java:304)
	at org.springframework.data.redis.cache.RedisCacheTests.setUp(RedisCacheTests.java:92)
</error>
  </testcase>
  <testcase name="getShouldReturnValueWrapperHoldingNullIfNullValueStored[2: JedisConnectionFactory &amp; OxmSerializer]" classname="org.springframework.data.redis.cache.RedisCacheTests" time="0">
    <error message="Cannot get Jedis connection; nested exception is redis.clients.jedis.exceptions.JedisConnectionException: Could not get a resource from the pool" type="org.springframework.data.redis.RedisConnectionFailureException">org.springframework.data.redis.RedisConnectionFailureException: Cannot get Jedis connection; nested exception is redis.clients.jedis.exceptions.JedisConnectionException: Could not get a resource from the pool
	at org.springframework.data.redis.cache.RedisCacheTests.doWithConnection(RedisCacheTests.java:304)
	at org.springframework.data.redis.cache.RedisCacheTests.setUp(RedisCacheTests.java:92)
Caused by: redis.clients.jedis.exceptions.JedisConnectionException: Could not get a resource from the pool
	at org.springframework.data.redis.cache.RedisCacheTests.doWithConnection(RedisCacheTests.java:304)
	at org.springframework.data.redis.cache.RedisCacheTests.setUp(RedisCacheTests.java:92)
Caused by: redis.clients.jedis.exceptions.JedisConnectionException: java.net.ConnectException: Connection refused (Connection refused)
	at org.springframework.data.redis.cache.RedisCacheTests.doWithConnection(RedisCacheTests.java:304)
	at org.springframework.data.redis.cache.RedisCacheTests.setUp(RedisCacheTests.java:92)
Caused by: java.net.ConnectException: Connection refused (Connection refused)
	at org.springframework.data.redis.cache.RedisCacheTests.doWithConnection(RedisCacheTests.java:304)
	at org.springframework.data.redis.cache.RedisCacheTests.setUp(RedisCacheTests.java:92)
</error>
  </testcase>
  <testcase name="getWithCallableShouldNotResolveValueIfPresent[2: JedisConnectionFactory &amp; OxmSerializer]" classname="org.springframework.data.redis.cache.RedisCacheTests" time="0">
    <error message="Cannot get Jedis connection; nested exception is redis.clients.jedis.exceptions.JedisConnectionException: Could not get a resource from the pool" type="org.springframework.data.redis.RedisConnectionFailureException">org.springframework.data.redis.RedisConnectionFailureException: Cannot get Jedis connection; nested exception is redis.clients.jedis.exceptions.JedisConnectionException: Could not get a resource from the pool
	at org.springframework.data.redis.cache.RedisCacheTests.doWithConnection(RedisCacheTests.java:304)
	at org.springframework.data.redis.cache.RedisCacheTests.setUp(RedisCacheTests.java:92)
Caused by: redis.clients.jedis.exceptions.JedisConnectionException: Could not get a resource from the pool
	at org.springframework.data.redis.cache.RedisCacheTests.doWithConnection(RedisCacheTests.java:304)
	at org.springframework.data.redis.cache.RedisCacheTests.setUp(RedisCacheTests.java:92)
Caused by: redis.clients.jedis.exceptions.JedisConnectionException: java.net.ConnectException: Connection refused (Connection refused)
	at org.springframework.data.redis.cache.RedisCacheTests.doWithConnection(RedisCacheTests.java:304)
	at org.springframework.data.redis.cache.RedisCacheTests.setUp(RedisCacheTests.java:92)
Caused by: java.net.ConnectException: Connection refused (Connection refused)
	at org.springframework.data.redis.cache.RedisCacheTests.doWithConnection(RedisCacheTests.java:304)
	at org.springframework.data.redis.cache.RedisCacheTests.setUp(RedisCacheTests.java:92)
</error>
  </testcase>
  <testcase name="getWithCallableShouldResolveValueIfNotPresent[2: JedisConnectionFactory &amp; OxmSerializer]" classname="org.springframework.data.redis.cache.RedisCacheTests" time="0">
    <error message="Cannot get Jedis connection; nested exception is redis.clients.jedis.exceptions.JedisConnectionException: Could not get a resource from the pool" type="org.springframework.data.redis.RedisConnectionFailureException">org.springframework.data.redis.RedisConnectionFailureException: Cannot get Jedis connection; nested exception is redis.clients.jedis.exceptions.JedisConnectionException: Could not get a resource from the pool
	at org.springframework.data.redis.cache.RedisCacheTests.doWithConnection(RedisCacheTests.java:304)
	at org.springframework.data.redis.cache.RedisCacheTests.setUp(RedisCacheTests.java:92)
Caused by: redis.clients.jedis.exceptions.JedisConnectionException: Could not get a resource from the pool
	at org.springframework.data.redis.cache.RedisCacheTests.doWithConnection(RedisCacheTests.java:304)
	at org.springframework.data.redis.cache.RedisCacheTests.setUp(RedisCacheTests.java:92)
Caused by: redis.clients.jedis.exceptions.JedisConnectionException: java.net.ConnectException: Connection refused (Connection refused)
	at org.springframework.data.redis.cache.RedisCacheTests.doWithConnection(RedisCacheTests.java:304)
	at org.springframework.data.redis.cache.RedisCacheTests.setUp(RedisCacheTests.java:92)
Caused by: java.net.ConnectException: Connection refused (Connection refused)
	at org.springframework.data.redis.cache.RedisCacheTests.doWithConnection(RedisCacheTests.java:304)
	at org.springframework.data.redis.cache.RedisCacheTests.setUp(RedisCacheTests.java:92)
</error>
  </testcase>
  <testcase name="putIfAbsentShouldReturnExistingNullValueIfExists[2: JedisConnectionFactory &amp; OxmSerializer]" classname="org.springframework.data.redis.cache.RedisCacheTests" time="0.001">
    <error message="Cannot get Jedis connection; nested exception is redis.clients.jedis.exceptions.JedisConnectionException: Could not get a resource from the pool" type="org.springframework.data.redis.RedisConnectionFailureException">org.springframework.data.redis.RedisConnectionFailureException: Cannot get Jedis connection; nested exception is redis.clients.jedis.exceptions.JedisConnectionException: Could not get a resource from the pool
	at org.springframework.data.redis.cache.RedisCacheTests.doWithConnection(RedisCacheTests.java:304)
	at org.springframework.data.redis.cache.RedisCacheTests.setUp(RedisCacheTests.java:92)
Caused by: redis.clients.jedis.exceptions.JedisConnectionException: Could not get a resource from the pool
	at org.springframework.data.redis.cache.RedisCacheTests.doWithConnection(RedisCacheTests.java:304)
	at org.springframework.data.redis.cache.RedisCacheTests.setUp(RedisCacheTests.java:92)
Caused by: redis.clients.jedis.exceptions.JedisConnectionException: java.net.ConnectException: Connection refused (Connection refused)
	at org.springframework.data.redis.cache.RedisCacheTests.doWithConnection(RedisCacheTests.java:304)
	at org.springframework.data.redis.cache.RedisCacheTests.setUp(RedisCacheTests.java:92)
Caused by: java.net.ConnectException: Connection refused (Connection refused)
	at org.springframework.data.redis.cache.RedisCacheTests.doWithConnection(RedisCacheTests.java:304)
	at org.springframework.data.redis.cache.RedisCacheTests.setUp(RedisCacheTests.java:92)
</error>
  </testcase>
  <testcase name="shouldRejectNonInvalidKey[2: JedisConnectionFactory &amp; OxmSerializer]" classname="org.springframework.data.redis.cache.RedisCacheTests" time="0.001">
    <error message="Cannot get Jedis connection; nested exception is redis.clients.jedis.exceptions.JedisConnectionException: Could not get a resource from the pool" type="org.springframework.data.redis.RedisConnectionFailureException">org.springframework.data.redis.RedisConnectionFailureException: Cannot get Jedis connection; nested exception is redis.clients.jedis.exceptions.JedisConnectionException: Could not get a resource from the pool
	at org.springframework.data.redis.cache.RedisCacheTests.doWithConnection(RedisCacheTests.java:304)
	at org.springframework.data.redis.cache.RedisCacheTests.setUp(RedisCacheTests.java:92)
Caused by: redis.clients.jedis.exceptions.JedisConnectionException: Could not get a resource from the pool
	at org.springframework.data.redis.cache.RedisCacheTests.doWithConnection(RedisCacheTests.java:304)
	at org.springframework.data.redis.cache.RedisCacheTests.setUp(RedisCacheTests.java:92)
Caused by: redis.clients.jedis.exceptions.JedisConnectionException: java.net.ConnectException: Connection refused (Connection refused)
	at org.springframework.data.redis.cache.RedisCacheTests.doWithConnection(RedisCacheTests.java:304)
	at org.springframework.data.redis.cache.RedisCacheTests.setUp(RedisCacheTests.java:92)
Caused by: java.net.ConnectException: Connection refused (Connection refused)
	at org.springframework.data.redis.cache.RedisCacheTests.doWithConnection(RedisCacheTests.java:304)
	at org.springframework.data.redis.cache.RedisCacheTests.setUp(RedisCacheTests.java:92)
</error>
  </testcase>
  <testcase name="shouldReadAndWriteSimpleCacheKey[2: JedisConnectionFactory &amp; OxmSerializer]" classname="org.springframework.data.redis.cache.RedisCacheTests" time="0.001">
    <error message="Cannot get Jedis connection; nested exception is redis.clients.jedis.exceptions.JedisConnectionException: Could not get a resource from the pool" type="org.springframework.data.redis.RedisConnectionFailureException">org.springframework.data.redis.RedisConnectionFailureException: Cannot get Jedis connection; nested exception is redis.clients.jedis.exceptions.JedisConnectionException: Could not get a resource from the pool
	at org.springframework.data.redis.cache.RedisCacheTests.doWithConnection(RedisCacheTests.java:304)
	at org.springframework.data.redis.cache.RedisCacheTests.setUp(RedisCacheTests.java:92)
Caused by: redis.clients.jedis.exceptions.JedisConnectionException: Could not get a resource from the pool
	at org.springframework.data.redis.cache.RedisCacheTests.doWithConnection(RedisCacheTests.java:304)
	at org.springframework.data.redis.cache.RedisCacheTests.setUp(RedisCacheTests.java:92)
Caused by: redis.clients.jedis.exceptions.JedisConnectionException: java.net.ConnectException: Connection refused (Connection refused)
	at org.springframework.data.redis.cache.RedisCacheTests.doWithConnection(RedisCacheTests.java:304)
	at org.springframework.data.redis.cache.RedisCacheTests.setUp(RedisCacheTests.java:92)
Caused by: java.net.ConnectException: Connection refused (Connection refused)
	at org.springframework.data.redis.cache.RedisCacheTests.doWithConnection(RedisCacheTests.java:304)
	at org.springframework.data.redis.cache.RedisCacheTests.setUp(RedisCacheTests.java:92)
</error>
  </testcase>
  <testcase name="computePrefixCreatesCacheKeyCorrectly[2: JedisConnectionFactory &amp; OxmSerializer]" classname="org.springframework.data.redis.cache.RedisCacheTests" time="0.001">
    <error message="Cannot get Jedis connection; nested exception is redis.clients.jedis.exceptions.JedisConnectionException: Could not get a resource from the pool" type="org.springframework.data.redis.RedisConnectionFailureException">org.springframework.data.redis.RedisConnectionFailureException: Cannot get Jedis connection; nested exception is redis.clients.jedis.exceptions.JedisConnectionException: Could not get a resource from the pool
	at org.springframework.data.redis.cache.RedisCacheTests.doWithConnection(RedisCacheTests.java:304)
	at org.springframework.data.redis.cache.RedisCacheTests.setUp(RedisCacheTests.java:92)
Caused by: redis.clients.jedis.exceptions.JedisConnectionException: Could not get a resource from the pool
	at org.springframework.data.redis.cache.RedisCacheTests.doWithConnection(RedisCacheTests.java:304)
	at org.springframework.data.redis.cache.RedisCacheTests.setUp(RedisCacheTests.java:92)
Caused by: redis.clients.jedis.exceptions.JedisConnectionException: java.net.ConnectException: Connection refused (Connection refused)
	at org.springframework.data.redis.cache.RedisCacheTests.doWithConnection(RedisCacheTests.java:304)
	at org.springframework.data.redis.cache.RedisCacheTests.setUp(RedisCacheTests.java:92)
Caused by: java.net.ConnectException: Connection refused (Connection refused)
	at org.springframework.data.redis.cache.RedisCacheTests.doWithConnection(RedisCacheTests.java:304)
	at org.springframework.data.redis.cache.RedisCacheTests.setUp(RedisCacheTests.java:92)
</error>
  </testcase>
  <testcase name="putIfAbsentWithNullShouldAddNullValueEntryIfNotExists[2: JedisConnectionFactory &amp; OxmSerializer]" classname="org.springframework.data.redis.cache.RedisCacheTests" time="0">
    <error message="Cannot get Jedis connection; nested exception is redis.clients.jedis.exceptions.JedisConnectionException: Could not get a resource from the pool" type="org.springframework.data.redis.RedisConnectionFailureException">org.springframework.data.redis.RedisConnectionFailureException: Cannot get Jedis connection; nested exception is redis.clients.jedis.exceptions.JedisConnectionException: Could not get a resource from the pool
	at org.springframework.data.redis.cache.RedisCacheTests.doWithConnection(RedisCacheTests.java:304)
	at org.springframework.data.redis.cache.RedisCacheTests.setUp(RedisCacheTests.java:92)
Caused by: redis.clients.jedis.exceptions.JedisConnectionException: Could not get a resource from the pool
	at org.springframework.data.redis.cache.RedisCacheTests.doWithConnection(RedisCacheTests.java:304)
	at org.springframework.data.redis.cache.RedisCacheTests.setUp(RedisCacheTests.java:92)
Caused by: redis.clients.jedis.exceptions.JedisConnectionException: java.net.ConnectException: Connection refused (Connection refused)
	at org.springframework.data.redis.cache.RedisCacheTests.doWithConnection(RedisCacheTests.java:304)
	at org.springframework.data.redis.cache.RedisCacheTests.setUp(RedisCacheTests.java:92)
Caused by: java.net.ConnectException: Connection refused (Connection refused)
	at org.springframework.data.redis.cache.RedisCacheTests.doWithConnection(RedisCacheTests.java:304)
	at org.springframework.data.redis.cache.RedisCacheTests.setUp(RedisCacheTests.java:92)
</error>
  </testcase>
  <testcase name="putShouldAddEntry[2: JedisConnectionFactory &amp; OxmSerializer]" classname="org.springframework.data.redis.cache.RedisCacheTests" time="0">
    <error message="Cannot get Jedis connection; nested exception is redis.clients.jedis.exceptions.JedisConnectionException: Could not get a resource from the pool" type="org.springframework.data.redis.RedisConnectionFailureException">org.springframework.data.redis.RedisConnectionFailureException: Cannot get Jedis connection; nested exception is redis.clients.jedis.exceptions.JedisConnectionException: Could not get a resource from the pool
	at org.springframework.data.redis.cache.RedisCacheTests.doWithConnection(RedisCacheTests.java:304)
	at org.springframework.data.redis.cache.RedisCacheTests.setUp(RedisCacheTests.java:92)
Caused by: redis.clients.jedis.exceptions.JedisConnectionException: Could not get a resource from the pool
	at org.springframework.data.redis.cache.RedisCacheTests.doWithConnection(RedisCacheTests.java:304)
	at org.springframework.data.redis.cache.RedisCacheTests.setUp(RedisCacheTests.java:92)
Caused by: redis.clients.jedis.exceptions.JedisConnectionException: java.net.ConnectException: Connection refused (Connection refused)
	at org.springframework.data.redis.cache.RedisCacheTests.doWithConnection(RedisCacheTests.java:304)
	at org.springframework.data.redis.cache.RedisCacheTests.setUp(RedisCacheTests.java:92)
Caused by: java.net.ConnectException: Connection refused (Connection refused)
	at org.springframework.data.redis.cache.RedisCacheTests.doWithConnection(RedisCacheTests.java:304)
	at org.springframework.data.redis.cache.RedisCacheTests.setUp(RedisCacheTests.java:92)
</error>
  </testcase>
  <testcase name="getShouldRetrieveEntry[2: JedisConnectionFactory &amp; OxmSerializer]" classname="org.springframework.data.redis.cache.RedisCacheTests" time="0.001">
    <error message="Cannot get Jedis connection; nested exception is redis.clients.jedis.exceptions.JedisConnectionException: Could not get a resource from the pool" type="org.springframework.data.redis.RedisConnectionFailureException">org.springframework.data.redis.RedisConnectionFailureException: Cannot get Jedis connection; nested exception is redis.clients.jedis.exceptions.JedisConnectionException: Could not get a resource from the pool
	at org.springframework.data.redis.cache.RedisCacheTests.doWithConnection(RedisCacheTests.java:304)
	at org.springframework.data.redis.cache.RedisCacheTests.setUp(RedisCacheTests.java:92)
Caused by: redis.clients.jedis.exceptions.JedisConnectionException: Could not get a resource from the pool
	at org.springframework.data.redis.cache.RedisCacheTests.doWithConnection(RedisCacheTests.java:304)
	at org.springframework.data.redis.cache.RedisCacheTests.setUp(RedisCacheTests.java:92)
Caused by: redis.clients.jedis.exceptions.JedisConnectionException: java.net.ConnectException: Connection refused (Connection refused)
	at org.springframework.data.redis.cache.RedisCacheTests.doWithConnection(RedisCacheTests.java:304)
	at org.springframework.data.redis.cache.RedisCacheTests.setUp(RedisCacheTests.java:92)
Caused by: java.net.ConnectException: Connection refused (Connection refused)
	at org.springframework.data.redis.cache.RedisCacheTests.doWithConnection(RedisCacheTests.java:304)
	at org.springframework.data.redis.cache.RedisCacheTests.setUp(RedisCacheTests.java:92)
</error>
  </testcase>
  <testcase name="putIfAbsentShouldAddEntryIfNotExists[3: LettuceConnectionFactory &amp; JdkSerializationRedisSerializer]" classname="org.springframework.data.redis.cache.RedisCacheTests" time="0.002">
    <error message="Unable to connect to Redis; nested exception is io.lettuce.core.RedisConnectionException: Unable to connect to 127.0.0.1:6379" type="org.springframework.data.redis.RedisConnectionFailureException">org.springframework.data.redis.RedisConnectionFailureException: Unable to connect to Redis; nested exception is io.lettuce.core.RedisConnectionException: Unable to connect to 127.0.0.1:6379
	at org.springframework.data.redis.cache.RedisCacheTests.doWithConnection(RedisCacheTests.java:304)
	at org.springframework.data.redis.cache.RedisCacheTests.setUp(RedisCacheTests.java:92)
Caused by: io.lettuce.core.RedisConnectionException: Unable to connect to 127.0.0.1:6379
	at org.springframework.data.redis.cache.RedisCacheTests.doWithConnection(RedisCacheTests.java:304)
	at org.springframework.data.redis.cache.RedisCacheTests.setUp(RedisCacheTests.java:92)
Caused by: io.netty.channel.AbstractChannel$AnnotatedConnectException: syscall:getsockopt(..) failed: Connection refused: /127.0.0.1:6379
Caused by: io.netty.channel.unix.Errors$NativeConnectException: syscall:getsockopt(..) failed: Connection refused
</error>
  </testcase>
  <testcase name="putNullShouldAddEntryForNullValue[3: LettuceConnectionFactory &amp; JdkSerializationRedisSerializer]" classname="org.springframework.data.redis.cache.RedisCacheTests" time="0.001">
    <error message="Unable to connect to Redis; nested exception is io.lettuce.core.RedisConnectionException: Unable to connect to 127.0.0.1:6379" type="org.springframework.data.redis.RedisConnectionFailureException">org.springframework.data.redis.RedisConnectionFailureException: Unable to connect to Redis; nested exception is io.lettuce.core.RedisConnectionException: Unable to connect to 127.0.0.1:6379
	at org.springframework.data.redis.cache.RedisCacheTests.doWithConnection(RedisCacheTests.java:304)
	at org.springframework.data.redis.cache.RedisCacheTests.setUp(RedisCacheTests.java:92)
Caused by: io.lettuce.core.RedisConnectionException: Unable to connect to 127.0.0.1:6379
	at org.springframework.data.redis.cache.RedisCacheTests.doWithConnection(RedisCacheTests.java:304)
	at org.springframework.data.redis.cache.RedisCacheTests.setUp(RedisCacheTests.java:92)
Caused by: io.netty.channel.AbstractChannel$AnnotatedConnectException: syscall:getsockopt(..) failed: Connection refused: /127.0.0.1:6379
Caused by: io.netty.channel.unix.Errors$NativeConnectException: syscall:getsockopt(..) failed: Connection refused
</error>
  </testcase>
  <testcase name="getShouldReturnNullWhenKeyDoesNotExist[3: LettuceConnectionFactory &amp; JdkSerializationRedisSerializer]" classname="org.springframework.data.redis.cache.RedisCacheTests" time="0.002">
    <error message="Unable to connect to Redis; nested exception is io.lettuce.core.RedisConnectionException: Unable to connect to 127.0.0.1:6379" type="org.springframework.data.redis.RedisConnectionFailureException">org.springframework.data.redis.RedisConnectionFailureException: Unable to connect to Redis; nested exception is io.lettuce.core.RedisConnectionException: Unable to connect to 127.0.0.1:6379
	at org.springframework.data.redis.cache.RedisCacheTests.doWithConnection(RedisCacheTests.java:304)
	at org.springframework.data.redis.cache.RedisCacheTests.setUp(RedisCacheTests.java:92)
Caused by: io.lettuce.core.RedisConnectionException: Unable to connect to 127.0.0.1:6379
	at org.springframework.data.redis.cache.RedisCacheTests.doWithConnection(RedisCacheTests.java:304)
	at org.springframework.data.redis.cache.RedisCacheTests.setUp(RedisCacheTests.java:92)
Caused by: io.netty.channel.AbstractChannel$AnnotatedConnectException: syscall:getsockopt(..) failed: Connection refused: /127.0.0.1:6379
Caused by: io.netty.channel.unix.Errors$NativeConnectException: syscall:getsockopt(..) failed: Connection refused
</error>
  </testcase>
  <testcase name="fetchKeyWithComputedPrefixReturnsExpectedResult[3: LettuceConnectionFactory &amp; JdkSerializationRedisSerializer]" classname="org.springframework.data.redis.cache.RedisCacheTests" time="0.003">
    <error message="Unable to connect to Redis; nested exception is io.lettuce.core.RedisConnectionException: Unable to connect to 127.0.0.1:6379" type="org.springframework.data.redis.RedisConnectionFailureException">org.springframework.data.redis.RedisConnectionFailureException: Unable to connect to Redis; nested exception is io.lettuce.core.RedisConnectionException: Unable to connect to 127.0.0.1:6379
	at org.springframework.data.redis.cache.RedisCacheTests.doWithConnection(RedisCacheTests.java:304)
	at org.springframework.data.redis.cache.RedisCacheTests.setUp(RedisCacheTests.java:92)
Caused by: io.lettuce.core.RedisConnectionException: Unable to connect to 127.0.0.1:6379
	at org.springframework.data.redis.cache.RedisCacheTests.doWithConnection(RedisCacheTests.java:304)
	at org.springframework.data.redis.cache.RedisCacheTests.setUp(RedisCacheTests.java:92)
Caused by: io.netty.channel.AbstractChannel$AnnotatedConnectException: syscall:getsockopt(..) failed: Connection refused: /127.0.0.1:6379
Caused by: io.netty.channel.unix.Errors$NativeConnectException: syscall:getsockopt(..) failed: Connection refused
</error>
  </testcase>
  <testcase name="putIfAbsentShouldReturnExistingIfExists[3: LettuceConnectionFactory &amp; JdkSerializationRedisSerializer]" classname="org.springframework.data.redis.cache.RedisCacheTests" time="0.003">
    <error message="Unable to connect to Redis; nested exception is io.lettuce.core.RedisConnectionException: Unable to connect to 127.0.0.1:6379" type="org.springframework.data.redis.RedisConnectionFailureException">org.springframework.data.redis.RedisConnectionFailureException: Unable to connect to Redis; nested exception is io.lettuce.core.RedisConnectionException: Unable to connect to 127.0.0.1:6379
	at org.springframework.data.redis.cache.RedisCacheTests.doWithConnection(RedisCacheTests.java:304)
	at org.springframework.data.redis.cache.RedisCacheTests.setUp(RedisCacheTests.java:92)
Caused by: io.lettuce.core.RedisConnectionException: Unable to connect to 127.0.0.1:6379
	at org.springframework.data.redis.cache.RedisCacheTests.doWithConnection(RedisCacheTests.java:304)
	at org.springframework.data.redis.cache.RedisCacheTests.setUp(RedisCacheTests.java:92)
Caused by: io.netty.channel.AbstractChannel$AnnotatedConnectException: syscall:getsockopt(..) failed: Connection refused: /127.0.0.1:6379
Caused by: io.netty.channel.unix.Errors$NativeConnectException: syscall:getsockopt(..) failed: Connection refused
</error>
  </testcase>
  <testcase name="evictShouldRemoveKey[3: LettuceConnectionFactory &amp; JdkSerializationRedisSerializer]" classname="org.springframework.data.redis.cache.RedisCacheTests" time="0.003">
    <error message="Unable to connect to Redis; nested exception is io.lettuce.core.RedisConnectionException: Unable to connect to 127.0.0.1:6379" type="org.springframework.data.redis.RedisConnectionFailureException">org.springframework.data.redis.RedisConnectionFailureException: Unable to connect to Redis; nested exception is io.lettuce.core.RedisConnectionException: Unable to connect to 127.0.0.1:6379
	at org.springframework.data.redis.cache.RedisCacheTests.doWithConnection(RedisCacheTests.java:304)
	at org.springframework.data.redis.cache.RedisCacheTests.setUp(RedisCacheTests.java:92)
Caused by: io.lettuce.core.RedisConnectionException: Unable to connect to 127.0.0.1:6379
	at org.springframework.data.redis.cache.RedisCacheTests.doWithConnection(RedisCacheTests.java:304)
	at org.springframework.data.redis.cache.RedisCacheTests.setUp(RedisCacheTests.java:92)
Caused by: io.netty.channel.AbstractChannel$AnnotatedConnectException: syscall:getsockopt(..) failed: Connection refused: /127.0.0.1:6379
Caused by: io.netty.channel.unix.Errors$NativeConnectException: syscall:getsockopt(..) failed: Connection refused
</error>
  </testcase>
  <testcase name="shouldAllowComplexKeyWithToStringMethod[3: LettuceConnectionFactory &amp; JdkSerializationRedisSerializer]" classname="org.springframework.data.redis.cache.RedisCacheTests" time="0.002">
    <error message="Unable to connect to Redis; nested exception is io.lettuce.core.RedisConnectionException: Unable to connect to 127.0.0.1:6379" type="org.springframework.data.redis.RedisConnectionFailureException">org.springframework.data.redis.RedisConnectionFailureException: Unable to connect to Redis; nested exception is io.lettuce.core.RedisConnectionException: Unable to connect to 127.0.0.1:6379
	at org.springframework.data.redis.cache.RedisCacheTests.doWithConnection(RedisCacheTests.java:304)
	at org.springframework.data.redis.cache.RedisCacheTests.setUp(RedisCacheTests.java:92)
Caused by: io.lettuce.core.RedisConnectionException: Unable to connect to 127.0.0.1:6379
	at org.springframework.data.redis.cache.RedisCacheTests.doWithConnection(RedisCacheTests.java:304)
	at org.springframework.data.redis.cache.RedisCacheTests.setUp(RedisCacheTests.java:92)
Caused by: io.netty.channel.AbstractChannel$AnnotatedConnectException: syscall:getsockopt(..) failed: Connection refused: /127.0.0.1:6379
Caused by: io.netty.channel.unix.Errors$NativeConnectException: syscall:getsockopt(..) failed: Connection refused
</error>
  </testcase>
  <testcase name="getShouldReturnValueWrapperHoldingNullIfNullValueStored[3: LettuceConnectionFactory &amp; JdkSerializationRedisSerializer]" classname="org.springframework.data.redis.cache.RedisCacheTests" time="0.001">
    <error message="Unable to connect to Redis; nested exception is io.lettuce.core.RedisConnectionException: Unable to connect to 127.0.0.1:6379" type="org.springframework.data.redis.RedisConnectionFailureException">org.springframework.data.redis.RedisConnectionFailureException: Unable to connect to Redis; nested exception is io.lettuce.core.RedisConnectionException: Unable to connect to 127.0.0.1:6379
	at org.springframework.data.redis.cache.RedisCacheTests.doWithConnection(RedisCacheTests.java:304)
	at org.springframework.data.redis.cache.RedisCacheTests.setUp(RedisCacheTests.java:92)
Caused by: io.lettuce.core.RedisConnectionException: Unable to connect to 127.0.0.1:6379
	at org.springframework.data.redis.cache.RedisCacheTests.doWithConnection(RedisCacheTests.java:304)
	at org.springframework.data.redis.cache.RedisCacheTests.setUp(RedisCacheTests.java:92)
Caused by: io.netty.channel.AbstractChannel$AnnotatedConnectException: syscall:getsockopt(..) failed: Connection refused: /127.0.0.1:6379
Caused by: io.netty.channel.unix.Errors$NativeConnectException: syscall:getsockopt(..) failed: Connection refused
</error>
  </testcase>
  <testcase name="getWithCallableShouldNotResolveValueIfPresent[3: LettuceConnectionFactory &amp; JdkSerializationRedisSerializer]" classname="org.springframework.data.redis.cache.RedisCacheTests" time="0.001">
    <error message="Unable to connect to Redis; nested exception is io.lettuce.core.RedisConnectionException: Unable to connect to 127.0.0.1:6379" type="org.springframework.data.redis.RedisConnectionFailureException">org.springframework.data.redis.RedisConnectionFailureException: Unable to connect to Redis; nested exception is io.lettuce.core.RedisConnectionException: Unable to connect to 127.0.0.1:6379
	at org.springframework.data.redis.cache.RedisCacheTests.doWithConnection(RedisCacheTests.java:304)
	at org.springframework.data.redis.cache.RedisCacheTests.setUp(RedisCacheTests.java:92)
Caused by: io.lettuce.core.RedisConnectionException: Unable to connect to 127.0.0.1:6379
	at org.springframework.data.redis.cache.RedisCacheTests.doWithConnection(RedisCacheTests.java:304)
	at org.springframework.data.redis.cache.RedisCacheTests.setUp(RedisCacheTests.java:92)
Caused by: io.netty.channel.AbstractChannel$AnnotatedConnectException: syscall:getsockopt(..) failed: Connection refused: /127.0.0.1:6379
Caused by: io.netty.channel.unix.Errors$NativeConnectException: syscall:getsockopt(..) failed: Connection refused
</error>
  </testcase>
  <testcase name="getWithCallableShouldResolveValueIfNotPresent[3: LettuceConnectionFactory &amp; JdkSerializationRedisSerializer]" classname="org.springframework.data.redis.cache.RedisCacheTests" time="0.002">
    <error message="Unable to connect to Redis; nested exception is io.lettuce.core.RedisConnectionException: Unable to connect to 127.0.0.1:6379" type="org.springframework.data.redis.RedisConnectionFailureException">org.springframework.data.redis.RedisConnectionFailureException: Unable to connect to Redis; nested exception is io.lettuce.core.RedisConnectionException: Unable to connect to 127.0.0.1:6379
	at org.springframework.data.redis.cache.RedisCacheTests.doWithConnection(RedisCacheTests.java:304)
	at org.springframework.data.redis.cache.RedisCacheTests.setUp(RedisCacheTests.java:92)
Caused by: io.lettuce.core.RedisConnectionException: Unable to connect to 127.0.0.1:6379
	at org.springframework.data.redis.cache.RedisCacheTests.doWithConnection(RedisCacheTests.java:304)
	at org.springframework.data.redis.cache.RedisCacheTests.setUp(RedisCacheTests.java:92)
Caused by: io.netty.channel.AbstractChannel$AnnotatedConnectException: syscall:getsockopt(..) failed: Connection refused: /127.0.0.1:6379
Caused by: io.netty.channel.unix.Errors$NativeConnectException: syscall:getsockopt(..) failed: Connection refused
</error>
  </testcase>
  <testcase name="putIfAbsentShouldReturnExistingNullValueIfExists[3: LettuceConnectionFactory &amp; JdkSerializationRedisSerializer]" classname="org.springframework.data.redis.cache.RedisCacheTests" time="0.001">
    <error message="Unable to connect to Redis; nested exception is io.lettuce.core.RedisConnectionException: Unable to connect to 127.0.0.1:6379" type="org.springframework.data.redis.RedisConnectionFailureException">org.springframework.data.redis.RedisConnectionFailureException: Unable to connect to Redis; nested exception is io.lettuce.core.RedisConnectionException: Unable to connect to 127.0.0.1:6379
	at org.springframework.data.redis.cache.RedisCacheTests.doWithConnection(RedisCacheTests.java:304)
	at org.springframework.data.redis.cache.RedisCacheTests.setUp(RedisCacheTests.java:92)
Caused by: io.lettuce.core.RedisConnectionException: Unable to connect to 127.0.0.1:6379
	at org.springframework.data.redis.cache.RedisCacheTests.doWithConnection(RedisCacheTests.java:304)
	at org.springframework.data.redis.cache.RedisCacheTests.setUp(RedisCacheTests.java:92)
Caused by: io.netty.channel.AbstractChannel$AnnotatedConnectException: syscall:getsockopt(..) failed: Connection refused: /127.0.0.1:6379
Caused by: io.netty.channel.unix.Errors$NativeConnectException: syscall:getsockopt(..) failed: Connection refused
</error>
  </testcase>
  <testcase name="shouldRejectNonInvalidKey[3: LettuceConnectionFactory &amp; JdkSerializationRedisSerializer]" classname="org.springframework.data.redis.cache.RedisCacheTests" time="0.001">
    <error message="Unable to connect to Redis; nested exception is io.lettuce.core.RedisConnectionException: Unable to connect to 127.0.0.1:6379" type="org.springframework.data.redis.RedisConnectionFailureException">org.springframework.data.redis.RedisConnectionFailureException: Unable to connect to Redis; nested exception is io.lettuce.core.RedisConnectionException: Unable to connect to 127.0.0.1:6379
	at org.springframework.data.redis.cache.RedisCacheTests.doWithConnection(RedisCacheTests.java:304)
	at org.springframework.data.redis.cache.RedisCacheTests.setUp(RedisCacheTests.java:92)
Caused by: io.lettuce.core.RedisConnectionException: Unable to connect to 127.0.0.1:6379
	at org.springframework.data.redis.cache.RedisCacheTests.doWithConnection(RedisCacheTests.java:304)
	at org.springframework.data.redis.cache.RedisCacheTests.setUp(RedisCacheTests.java:92)
Caused by: io.netty.channel.AbstractChannel$AnnotatedConnectException: syscall:getsockopt(..) failed: Connection refused: /127.0.0.1:6379
Caused by: io.netty.channel.unix.Errors$NativeConnectException: syscall:getsockopt(..) failed: Connection refused
</error>
  </testcase>
  <testcase name="shouldReadAndWriteSimpleCacheKey[3: LettuceConnectionFactory &amp; JdkSerializationRedisSerializer]" classname="org.springframework.data.redis.cache.RedisCacheTests" time="0.002">
    <error message="Unable to connect to Redis; nested exception is io.lettuce.core.RedisConnectionException: Unable to connect to 127.0.0.1:6379" type="org.springframework.data.redis.RedisConnectionFailureException">org.springframework.data.redis.RedisConnectionFailureException: Unable to connect to Redis; nested exception is io.lettuce.core.RedisConnectionException: Unable to connect to 127.0.0.1:6379
	at org.springframework.data.redis.cache.RedisCacheTests.doWithConnection(RedisCacheTests.java:304)
	at org.springframework.data.redis.cache.RedisCacheTests.setUp(RedisCacheTests.java:92)
Caused by: io.lettuce.core.RedisConnectionException: Unable to connect to 127.0.0.1:6379
	at org.springframework.data.redis.cache.RedisCacheTests.doWithConnection(RedisCacheTests.java:304)
	at org.springframework.data.redis.cache.RedisCacheTests.setUp(RedisCacheTests.java:92)
Caused by: io.netty.channel.AbstractChannel$AnnotatedConnectException: syscall:getsockopt(..) failed: Connection refused: /127.0.0.1:6379
Caused by: io.netty.channel.unix.Errors$NativeConnectException: syscall:getsockopt(..) failed: Connection refused
</error>
  </testcase>
  <testcase name="computePrefixCreatesCacheKeyCorrectly[3: LettuceConnectionFactory &amp; JdkSerializationRedisSerializer]" classname="org.springframework.data.redis.cache.RedisCacheTests" time="0.001">
    <error message="Unable to connect to Redis; nested exception is io.lettuce.core.RedisConnectionException: Unable to connect to 127.0.0.1:6379" type="org.springframework.data.redis.RedisConnectionFailureException">org.springframework.data.redis.RedisConnectionFailureException: Unable to connect to Redis; nested exception is io.lettuce.core.RedisConnectionException: Unable to connect to 127.0.0.1:6379
	at org.springframework.data.redis.cache.RedisCacheTests.doWithConnection(RedisCacheTests.java:304)
	at org.springframework.data.redis.cache.RedisCacheTests.setUp(RedisCacheTests.java:92)
Caused by: io.lettuce.core.RedisConnectionException: Unable to connect to 127.0.0.1:6379
	at org.springframework.data.redis.cache.RedisCacheTests.doWithConnection(RedisCacheTests.java:304)
	at org.springframework.data.redis.cache.RedisCacheTests.setUp(RedisCacheTests.java:92)
Caused by: io.netty.channel.AbstractChannel$AnnotatedConnectException: syscall:getsockopt(..) failed: Connection refused: /127.0.0.1:6379
Caused by: io.netty.channel.unix.Errors$NativeConnectException: syscall:getsockopt(..) failed: Connection refused
</error>
  </testcase>
  <testcase name="putIfAbsentWithNullShouldAddNullValueEntryIfNotExists[3: LettuceConnectionFactory &amp; JdkSerializationRedisSerializer]" classname="org.springframework.data.redis.cache.RedisCacheTests" time="0.001">
    <error message="Unable to connect to Redis; nested exception is io.lettuce.core.RedisConnectionException: Unable to connect to 127.0.0.1:6379" type="org.springframework.data.redis.RedisConnectionFailureException">org.springframework.data.redis.RedisConnectionFailureException: Unable to connect to Redis; nested exception is io.lettuce.core.RedisConnectionException: Unable to connect to 127.0.0.1:6379
	at org.springframework.data.redis.cache.RedisCacheTests.doWithConnection(RedisCacheTests.java:304)
	at org.springframework.data.redis.cache.RedisCacheTests.setUp(RedisCacheTests.java:92)
Caused by: io.lettuce.core.RedisConnectionException: Unable to connect to 127.0.0.1:6379
	at org.springframework.data.redis.cache.RedisCacheTests.doWithConnection(RedisCacheTests.java:304)
	at org.springframework.data.redis.cache.RedisCacheTests.setUp(RedisCacheTests.java:92)
Caused by: io.netty.channel.AbstractChannel$AnnotatedConnectException: syscall:getsockopt(..) failed: Connection refused: /127.0.0.1:6379
Caused by: io.netty.channel.unix.Errors$NativeConnectException: syscall:getsockopt(..) failed: Connection refused
</error>
  </testcase>
  <testcase name="putShouldAddEntry[3: LettuceConnectionFactory &amp; JdkSerializationRedisSerializer]" classname="org.springframework.data.redis.cache.RedisCacheTests" time="0.001">
    <error message="Unable to connect to Redis; nested exception is io.lettuce.core.RedisConnectionException: Unable to connect to 127.0.0.1:6379" type="org.springframework.data.redis.RedisConnectionFailureException">org.springframework.data.redis.RedisConnectionFailureException: Unable to connect to Redis; nested exception is io.lettuce.core.RedisConnectionException: Unable to connect to 127.0.0.1:6379
	at org.springframework.data.redis.cache.RedisCacheTests.doWithConnection(RedisCacheTests.java:304)
	at org.springframework.data.redis.cache.RedisCacheTests.setUp(RedisCacheTests.java:92)
Caused by: io.lettuce.core.RedisConnectionException: Unable to connect to 127.0.0.1:6379
	at org.springframework.data.redis.cache.RedisCacheTests.doWithConnection(RedisCacheTests.java:304)
	at org.springframework.data.redis.cache.RedisCacheTests.setUp(RedisCacheTests.java:92)
Caused by: io.netty.channel.AbstractChannel$AnnotatedConnectException: syscall:getsockopt(..) failed: Connection refused: /127.0.0.1:6379
Caused by: io.netty.channel.unix.Errors$NativeConnectException: syscall:getsockopt(..) failed: Connection refused
</error>
  </testcase>
  <testcase name="getShouldRetrieveEntry[3: LettuceConnectionFactory &amp; JdkSerializationRedisSerializer]" classname="org.springframework.data.redis.cache.RedisCacheTests" time="0.001">
    <error message="Unable to connect to Redis; nested exception is io.lettuce.core.RedisConnectionException: Unable to connect to 127.0.0.1:6379" type="org.springframework.data.redis.RedisConnectionFailureException">org.springframework.data.redis.RedisConnectionFailureException: Unable to connect to Redis; nested exception is io.lettuce.core.RedisConnectionException: Unable to connect to 127.0.0.1:6379
	at org.springframework.data.redis.cache.RedisCacheTests.doWithConnection(RedisCacheTests.java:304)
	at org.springframework.data.redis.cache.RedisCacheTests.setUp(RedisCacheTests.java:92)
Caused by: io.lettuce.core.RedisConnectionException: Unable to connect to 127.0.0.1:6379
	at org.springframework.data.redis.cache.RedisCacheTests.doWithConnection(RedisCacheTests.java:304)
	at org.springframework.data.redis.cache.RedisCacheTests.setUp(RedisCacheTests.java:92)
Caused by: io.netty.channel.AbstractChannel$AnnotatedConnectException: syscall:getsockopt(..) failed: Connection refused: /127.0.0.1:6379
Caused by: io.netty.channel.unix.Errors$NativeConnectException: syscall:getsockopt(..) failed: Connection refused
</error>
  </testcase>
  <testcase name="putIfAbsentShouldAddEntryIfNotExists[4: LettuceConnectionFactory &amp; GenericJackson2JsonRedisSerializer]" classname="org.springframework.data.redis.cache.RedisCacheTests" time="0.001">
    <error message="Unable to connect to Redis; nested exception is io.lettuce.core.RedisConnectionException: Unable to connect to 127.0.0.1:6379" type="org.springframework.data.redis.RedisConnectionFailureException">org.springframework.data.redis.RedisConnectionFailureException: Unable to connect to Redis; nested exception is io.lettuce.core.RedisConnectionException: Unable to connect to 127.0.0.1:6379
	at org.springframework.data.redis.cache.RedisCacheTests.doWithConnection(RedisCacheTests.java:304)
	at org.springframework.data.redis.cache.RedisCacheTests.setUp(RedisCacheTests.java:92)
Caused by: io.lettuce.core.RedisConnectionException: Unable to connect to 127.0.0.1:6379
	at org.springframework.data.redis.cache.RedisCacheTests.doWithConnection(RedisCacheTests.java:304)
	at org.springframework.data.redis.cache.RedisCacheTests.setUp(RedisCacheTests.java:92)
Caused by: io.netty.channel.AbstractChannel$AnnotatedConnectException: syscall:getsockopt(..) failed: Connection refused: /127.0.0.1:6379
Caused by: io.netty.channel.unix.Errors$NativeConnectException: syscall:getsockopt(..) failed: Connection refused
</error>
  </testcase>
  <testcase name="putNullShouldAddEntryForNullValue[4: LettuceConnectionFactory &amp; GenericJackson2JsonRedisSerializer]" classname="org.springframework.data.redis.cache.RedisCacheTests" time="0">
    <error message="Unable to connect to Redis; nested exception is io.lettuce.core.RedisConnectionException: Unable to connect to 127.0.0.1:6379" type="org.springframework.data.redis.RedisConnectionFailureException">org.springframework.data.redis.RedisConnectionFailureException: Unable to connect to Redis; nested exception is io.lettuce.core.RedisConnectionException: Unable to connect to 127.0.0.1:6379
	at org.springframework.data.redis.cache.RedisCacheTests.doWithConnection(RedisCacheTests.java:304)
	at org.springframework.data.redis.cache.RedisCacheTests.setUp(RedisCacheTests.java:92)
Caused by: io.lettuce.core.RedisConnectionException: Unable to connect to 127.0.0.1:6379
	at org.springframework.data.redis.cache.RedisCacheTests.doWithConnection(RedisCacheTests.java:304)
	at org.springframework.data.redis.cache.RedisCacheTests.setUp(RedisCacheTests.java:92)
Caused by: io.netty.channel.AbstractChannel$AnnotatedConnectException: syscall:getsockopt(..) failed: Connection refused: /127.0.0.1:6379
Caused by: io.netty.channel.unix.Errors$NativeConnectException: syscall:getsockopt(..) failed: Connection refused
</error>
  </testcase>
  <testcase name="getShouldReturnNullWhenKeyDoesNotExist[4: LettuceConnectionFactory &amp; GenericJackson2JsonRedisSerializer]" classname="org.springframework.data.redis.cache.RedisCacheTests" time="0">
    <error message="Unable to connect to Redis; nested exception is io.lettuce.core.RedisConnectionException: Unable to connect to 127.0.0.1:6379" type="org.springframework.data.redis.RedisConnectionFailureException">org.springframework.data.redis.RedisConnectionFailureException: Unable to connect to Redis; nested exception is io.lettuce.core.RedisConnectionException: Unable to connect to 127.0.0.1:6379
	at org.springframework.data.redis.cache.RedisCacheTests.doWithConnection(RedisCacheTests.java:304)
	at org.springframework.data.redis.cache.RedisCacheTests.setUp(RedisCacheTests.java:92)
Caused by: io.lettuce.core.RedisConnectionException: Unable to connect to 127.0.0.1:6379
	at org.springframework.data.redis.cache.RedisCacheTests.doWithConnection(RedisCacheTests.java:304)
	at org.springframework.data.redis.cache.RedisCacheTests.setUp(RedisCacheTests.java:92)
Caused by: io.netty.channel.AbstractChannel$AnnotatedConnectException: syscall:getsockopt(..) failed: Connection refused: /127.0.0.1:6379
Caused by: io.netty.channel.unix.Errors$NativeConnectException: syscall:getsockopt(..) failed: Connection refused
</error>
  </testcase>
  <testcase name="fetchKeyWithComputedPrefixReturnsExpectedResult[4: LettuceConnectionFactory &amp; GenericJackson2JsonRedisSerializer]" classname="org.springframework.data.redis.cache.RedisCacheTests" time="0.001">
    <error message="Unable to connect to Redis; nested exception is io.lettuce.core.RedisConnectionException: Unable to connect to 127.0.0.1:6379" type="org.springframework.data.redis.RedisConnectionFailureException">org.springframework.data.redis.RedisConnectionFailureException: Unable to connect to Redis; nested exception is io.lettuce.core.RedisConnectionException: Unable to connect to 127.0.0.1:6379
	at org.springframework.data.redis.cache.RedisCacheTests.doWithConnection(RedisCacheTests.java:304)
	at org.springframework.data.redis.cache.RedisCacheTests.setUp(RedisCacheTests.java:92)
Caused by: io.lettuce.core.RedisConnectionException: Unable to connect to 127.0.0.1:6379
	at org.springframework.data.redis.cache.RedisCacheTests.doWithConnection(RedisCacheTests.java:304)
	at org.springframework.data.redis.cache.RedisCacheTests.setUp(RedisCacheTests.java:92)
Caused by: io.netty.channel.AbstractChannel$AnnotatedConnectException: syscall:getsockopt(..) failed: Connection refused: /127.0.0.1:6379
Caused by: io.netty.channel.unix.Errors$NativeConnectException: syscall:getsockopt(..) failed: Connection refused
</error>
  </testcase>
  <testcase name="putIfAbsentShouldReturnExistingIfExists[4: LettuceConnectionFactory &amp; GenericJackson2JsonRedisSerializer]" classname="org.springframework.data.redis.cache.RedisCacheTests" time="0.001">
    <error message="Unable to connect to Redis; nested exception is io.lettuce.core.RedisConnectionException: Unable to connect to 127.0.0.1:6379" type="org.springframework.data.redis.RedisConnectionFailureException">org.springframework.data.redis.RedisConnectionFailureException: Unable to connect to Redis; nested exception is io.lettuce.core.RedisConnectionException: Unable to connect to 127.0.0.1:6379
	at org.springframework.data.redis.cache.RedisCacheTests.doWithConnection(RedisCacheTests.java:304)
	at org.springframework.data.redis.cache.RedisCacheTests.setUp(RedisCacheTests.java:92)
Caused by: io.lettuce.core.RedisConnectionException: Unable to connect to 127.0.0.1:6379
	at org.springframework.data.redis.cache.RedisCacheTests.doWithConnection(RedisCacheTests.java:304)
	at org.springframework.data.redis.cache.RedisCacheTests.setUp(RedisCacheTests.java:92)
Caused by: io.netty.channel.AbstractChannel$AnnotatedConnectException: syscall:getsockopt(..) failed: Connection refused: /127.0.0.1:6379
Caused by: io.netty.channel.unix.Errors$NativeConnectException: syscall:getsockopt(..) failed: Connection refused
</error>
  </testcase>
  <testcase name="evictShouldRemoveKey[4: LettuceConnectionFactory &amp; GenericJackson2JsonRedisSerializer]" classname="org.springframework.data.redis.cache.RedisCacheTests" time="0.001">
    <error message="Unable to connect to Redis; nested exception is io.lettuce.core.RedisConnectionException: Unable to connect to 127.0.0.1:6379" type="org.springframework.data.redis.RedisConnectionFailureException">org.springframework.data.redis.RedisConnectionFailureException: Unable to connect to Redis; nested exception is io.lettuce.core.RedisConnectionException: Unable to connect to 127.0.0.1:6379
	at org.springframework.data.redis.cache.RedisCacheTests.doWithConnection(RedisCacheTests.java:304)
	at org.springframework.data.redis.cache.RedisCacheTests.setUp(RedisCacheTests.java:92)
Caused by: io.lettuce.core.RedisConnectionException: Unable to connect to 127.0.0.1:6379
	at org.springframework.data.redis.cache.RedisCacheTests.doWithConnection(RedisCacheTests.java:304)
	at org.springframework.data.redis.cache.RedisCacheTests.setUp(RedisCacheTests.java:92)
Caused by: io.netty.channel.AbstractChannel$AnnotatedConnectException: syscall:getsockopt(..) failed: Connection refused: /127.0.0.1:6379
Caused by: io.netty.channel.unix.Errors$NativeConnectException: syscall:getsockopt(..) failed: Connection refused
</error>
  </testcase>
  <testcase name="shouldAllowComplexKeyWithToStringMethod[4: LettuceConnectionFactory &amp; GenericJackson2JsonRedisSerializer]" classname="org.springframework.data.redis.cache.RedisCacheTests" time="0.001">
    <error message="Unable to connect to Redis; nested exception is io.lettuce.core.RedisConnectionException: Unable to connect to 127.0.0.1:6379" type="org.springframework.data.redis.RedisConnectionFailureException">org.springframework.data.redis.RedisConnectionFailureException: Unable to connect to Redis; nested exception is io.lettuce.core.RedisConnectionException: Unable to connect to 127.0.0.1:6379
	at org.springframework.data.redis.cache.RedisCacheTests.doWithConnection(RedisCacheTests.java:304)
	at org.springframework.data.redis.cache.RedisCacheTests.setUp(RedisCacheTests.java:92)
Caused by: io.lettuce.core.RedisConnectionException: Unable to connect to 127.0.0.1:6379
	at org.springframework.data.redis.cache.RedisCacheTests.doWithConnection(RedisCacheTests.java:304)
	at org.springframework.data.redis.cache.RedisCacheTests.setUp(RedisCacheTests.java:92)
Caused by: io.netty.channel.AbstractChannel$AnnotatedConnectException: syscall:getsockopt(..) failed: Connection refused: /127.0.0.1:6379
Caused by: io.netty.channel.unix.Errors$NativeConnectException: syscall:getsockopt(..) failed: Connection refused
</error>
  </testcase>
  <testcase name="getShouldReturnValueWrapperHoldingNullIfNullValueStored[4: LettuceConnectionFactory &amp; GenericJackson2JsonRedisSerializer]" classname="org.springframework.data.redis.cache.RedisCacheTests" time="0.001">
    <error message="Unable to connect to Redis; nested exception is io.lettuce.core.RedisConnectionException: Unable to connect to 127.0.0.1:6379" type="org.springframework.data.redis.RedisConnectionFailureException">org.springframework.data.redis.RedisConnectionFailureException: Unable to connect to Redis; nested exception is io.lettuce.core.RedisConnectionException: Unable to connect to 127.0.0.1:6379
	at org.springframework.data.redis.cache.RedisCacheTests.doWithConnection(RedisCacheTests.java:304)
	at org.springframework.data.redis.cache.RedisCacheTests.setUp(RedisCacheTests.java:92)
Caused by: io.lettuce.core.RedisConnectionException: Unable to connect to 127.0.0.1:6379
	at org.springframework.data.redis.cache.RedisCacheTests.doWithConnection(RedisCacheTests.java:304)
	at org.springframework.data.redis.cache.RedisCacheTests.setUp(RedisCacheTests.java:92)
Caused by: io.netty.channel.AbstractChannel$AnnotatedConnectException: syscall:getsockopt(..) failed: Connection refused: /127.0.0.1:6379
Caused by: io.netty.channel.unix.Errors$NativeConnectException: syscall:getsockopt(..) failed: Connection refused
</error>
  </testcase>
  <testcase name="getWithCallableShouldNotResolveValueIfPresent[4: LettuceConnectionFactory &amp; GenericJackson2JsonRedisSerializer]" classname="org.springframework.data.redis.cache.RedisCacheTests" time="0">
    <error message="Unable to connect to Redis; nested exception is io.lettuce.core.RedisConnectionException: Unable to connect to 127.0.0.1:6379" type="org.springframework.data.redis.RedisConnectionFailureException">org.springframework.data.redis.RedisConnectionFailureException: Unable to connect to Redis; nested exception is io.lettuce.core.RedisConnectionException: Unable to connect to 127.0.0.1:6379
	at org.springframework.data.redis.cache.RedisCacheTests.doWithConnection(RedisCacheTests.java:304)
	at org.springframework.data.redis.cache.RedisCacheTests.setUp(RedisCacheTests.java:92)
Caused by: io.lettuce.core.RedisConnectionException: Unable to connect to 127.0.0.1:6379
	at org.springframework.data.redis.cache.RedisCacheTests.doWithConnection(RedisCacheTests.java:304)
	at org.springframework.data.redis.cache.RedisCacheTests.setUp(RedisCacheTests.java:92)
Caused by: io.netty.channel.AbstractChannel$AnnotatedConnectException: syscall:getsockopt(..) failed: Connection refused: /127.0.0.1:6379
Caused by: io.netty.channel.unix.Errors$NativeConnectException: syscall:getsockopt(..) failed: Connection refused
</error>
  </testcase>
  <testcase name="getWithCallableShouldResolveValueIfNotPresent[4: LettuceConnectionFactory &amp; GenericJackson2JsonRedisSerializer]" classname="org.springframework.data.redis.cache.RedisCacheTests" time="0">
    <error message="Unable to connect to Redis; nested exception is io.lettuce.core.RedisConnectionException: Unable to connect to 127.0.0.1:6379" type="org.springframework.data.redis.RedisConnectionFailureException">org.springframework.data.redis.RedisConnectionFailureException: Unable to connect to Redis; nested exception is io.lettuce.core.RedisConnectionException: Unable to connect to 127.0.0.1:6379
	at org.springframework.data.redis.cache.RedisCacheTests.doWithConnection(RedisCacheTests.java:304)
	at org.springframework.data.redis.cache.RedisCacheTests.setUp(RedisCacheTests.java:92)
Caused by: io.lettuce.core.RedisConnectionException: Unable to connect to 127.0.0.1:6379
	at org.springframework.data.redis.cache.RedisCacheTests.doWithConnection(RedisCacheTests.java:304)
	at org.springframework.data.redis.cache.RedisCacheTests.setUp(RedisCacheTests.java:92)
Caused by: io.netty.channel.AbstractChannel$AnnotatedConnectException: syscall:getsockopt(..) failed: Connection refused: /127.0.0.1:6379
Caused by: io.netty.channel.unix.Errors$NativeConnectException: syscall:getsockopt(..) failed: Connection refused
</error>
  </testcase>
  <testcase name="putIfAbsentShouldReturnExistingNullValueIfExists[4: LettuceConnectionFactory &amp; GenericJackson2JsonRedisSerializer]" classname="org.springframework.data.redis.cache.RedisCacheTests" time="0.001">
    <error message="Unable to connect to Redis; nested exception is io.lettuce.core.RedisConnectionException: Unable to connect to 127.0.0.1:6379" type="org.springframework.data.redis.RedisConnectionFailureException">org.springframework.data.redis.RedisConnectionFailureException: Unable to connect to Redis; nested exception is io.lettuce.core.RedisConnectionException: Unable to connect to 127.0.0.1:6379
	at org.springframework.data.redis.cache.RedisCacheTests.doWithConnection(RedisCacheTests.java:304)
	at org.springframework.data.redis.cache.RedisCacheTests.setUp(RedisCacheTests.java:92)
Caused by: io.lettuce.core.RedisConnectionException: Unable to connect to 127.0.0.1:6379
	at org.springframework.data.redis.cache.RedisCacheTests.doWithConnection(RedisCacheTests.java:304)
	at org.springframework.data.redis.cache.RedisCacheTests.setUp(RedisCacheTests.java:92)
Caused by: io.netty.channel.AbstractChannel$AnnotatedConnectException: syscall:getsockopt(..) failed: Connection refused: /127.0.0.1:6379
Caused by: io.netty.channel.unix.Errors$NativeConnectException: syscall:getsockopt(..) failed: Connection refused
</error>
  </testcase>
  <testcase name="shouldRejectNonInvalidKey[4: LettuceConnectionFactory &amp; GenericJackson2JsonRedisSerializer]" classname="org.springframework.data.redis.cache.RedisCacheTests" time="0.001">
    <error message="Unable to connect to Redis; nested exception is io.lettuce.core.RedisConnectionException: Unable to connect to 127.0.0.1:6379" type="org.springframework.data.redis.RedisConnectionFailureException">org.springframework.data.redis.RedisConnectionFailureException: Unable to connect to Redis; nested exception is io.lettuce.core.RedisConnectionException: Unable to connect to 127.0.0.1:6379
	at org.springframework.data.redis.cache.RedisCacheTests.doWithConnection(RedisCacheTests.java:304)
	at org.springframework.data.redis.cache.RedisCacheTests.setUp(RedisCacheTests.java:92)
Caused by: io.lettuce.core.RedisConnectionException: Unable to connect to 127.0.0.1:6379
	at org.springframework.data.redis.cache.RedisCacheTests.doWithConnection(RedisCacheTests.java:304)
	at org.springframework.data.redis.cache.RedisCacheTests.setUp(RedisCacheTests.java:92)
Caused by: io.netty.channel.AbstractChannel$AnnotatedConnectException: syscall:getsockopt(..) failed: Connection refused: /127.0.0.1:6379
Caused by: io.netty.channel.unix.Errors$NativeConnectException: syscall:getsockopt(..) failed: Connection refused
</error>
  </testcase>
  <testcase name="shouldReadAndWriteSimpleCacheKey[4: LettuceConnectionFactory &amp; GenericJackson2JsonRedisSerializer]" classname="org.springframework.data.redis.cache.RedisCacheTests" time="0.001">
    <error message="Unable to connect to Redis; nested exception is io.lettuce.core.RedisConnectionException: Unable to connect to 127.0.0.1:6379" type="org.springframework.data.redis.RedisConnectionFailureException">org.springframework.data.redis.RedisConnectionFailureException: Unable to connect to Redis; nested exception is io.lettuce.core.RedisConnectionException: Unable to connect to 127.0.0.1:6379
	at org.springframework.data.redis.cache.RedisCacheTests.doWithConnection(RedisCacheTests.java:304)
	at org.springframework.data.redis.cache.RedisCacheTests.setUp(RedisCacheTests.java:92)
Caused by: io.lettuce.core.RedisConnectionException: Unable to connect to 127.0.0.1:6379
	at org.springframework.data.redis.cache.RedisCacheTests.doWithConnection(RedisCacheTests.java:304)
	at org.springframework.data.redis.cache.RedisCacheTests.setUp(RedisCacheTests.java:92)
Caused by: io.netty.channel.AbstractChannel$AnnotatedConnectException: syscall:getsockopt(..) failed: Connection refused: /127.0.0.1:6379
Caused by: io.netty.channel.unix.Errors$NativeConnectException: syscall:getsockopt(..) failed: Connection refused
</error>
  </testcase>
  <testcase name="computePrefixCreatesCacheKeyCorrectly[4: LettuceConnectionFactory &amp; GenericJackson2JsonRedisSerializer]" classname="org.springframework.data.redis.cache.RedisCacheTests" time="0.001">
    <error message="Unable to connect to Redis; nested exception is io.lettuce.core.RedisConnectionException: Unable to connect to 127.0.0.1:6379" type="org.springframework.data.redis.RedisConnectionFailureException">org.springframework.data.redis.RedisConnectionFailureException: Unable to connect to Redis; nested exception is io.lettuce.core.RedisConnectionException: Unable to connect to 127.0.0.1:6379
	at org.springframework.data.redis.cache.RedisCacheTests.doWithConnection(RedisCacheTests.java:304)
	at org.springframework.data.redis.cache.RedisCacheTests.setUp(RedisCacheTests.java:92)
Caused by: io.lettuce.core.RedisConnectionException: Unable to connect to 127.0.0.1:6379
	at org.springframework.data.redis.cache.RedisCacheTests.doWithConnection(RedisCacheTests.java:304)
	at org.springframework.data.redis.cache.RedisCacheTests.setUp(RedisCacheTests.java:92)
Caused by: io.netty.channel.AbstractChannel$AnnotatedConnectException: syscall:getsockopt(..) failed: Connection refused: /127.0.0.1:6379
Caused by: io.netty.channel.unix.Errors$NativeConnectException: syscall:getsockopt(..) failed: Connection refused
</error>
  </testcase>
  <testcase name="putIfAbsentWithNullShouldAddNullValueEntryIfNotExists[4: LettuceConnectionFactory &amp; GenericJackson2JsonRedisSerializer]" classname="org.springframework.data.redis.cache.RedisCacheTests" time="0.001">
    <error message="Unable to connect to Redis; nested exception is io.lettuce.core.RedisConnectionException: Unable to connect to 127.0.0.1:6379" type="org.springframework.data.redis.RedisConnectionFailureException">org.springframework.data.redis.RedisConnectionFailureException: Unable to connect to Redis; nested exception is io.lettuce.core.RedisConnectionException: Unable to connect to 127.0.0.1:6379
	at org.springframework.data.redis.cache.RedisCacheTests.doWithConnection(RedisCacheTests.java:304)
	at org.springframework.data.redis.cache.RedisCacheTests.setUp(RedisCacheTests.java:92)
Caused by: io.lettuce.core.RedisConnectionException: Unable to connect to 127.0.0.1:6379
	at org.springframework.data.redis.cache.RedisCacheTests.doWithConnection(RedisCacheTests.java:304)
	at org.springframework.data.redis.cache.RedisCacheTests.setUp(RedisCacheTests.java:92)
Caused by: io.netty.channel.AbstractChannel$AnnotatedConnectException: syscall:getsockopt(..) failed: Connection refused: /127.0.0.1:6379
Caused by: io.netty.channel.unix.Errors$NativeConnectException: syscall:getsockopt(..) failed: Connection refused
</error>
  </testcase>
  <testcase name="putShouldAddEntry[4: LettuceConnectionFactory &amp; GenericJackson2JsonRedisSerializer]" classname="org.springframework.data.redis.cache.RedisCacheTests" time="0.001">
    <error message="Unable to connect to Redis; nested exception is io.lettuce.core.RedisConnectionException: Unable to connect to 127.0.0.1:6379" type="org.springframework.data.redis.RedisConnectionFailureException">org.springframework.data.redis.RedisConnectionFailureException: Unable to connect to Redis; nested exception is io.lettuce.core.RedisConnectionException: Unable to connect to 127.0.0.1:6379
	at org.springframework.data.redis.cache.RedisCacheTests.doWithConnection(RedisCacheTests.java:304)
	at org.springframework.data.redis.cache.RedisCacheTests.setUp(RedisCacheTests.java:92)
Caused by: io.lettuce.core.RedisConnectionException: Unable to connect to 127.0.0.1:6379
	at org.springframework.data.redis.cache.RedisCacheTests.doWithConnection(RedisCacheTests.java:304)
	at org.springframework.data.redis.cache.RedisCacheTests.setUp(RedisCacheTests.java:92)
Caused by: io.netty.channel.AbstractChannel$AnnotatedConnectException: syscall:getsockopt(..) failed: Connection refused: /127.0.0.1:6379
Caused by: io.netty.channel.unix.Errors$NativeConnectException: syscall:getsockopt(..) failed: Connection refused
</error>
  </testcase>
  <testcase name="getShouldRetrieveEntry[4: LettuceConnectionFactory &amp; GenericJackson2JsonRedisSerializer]" classname="org.springframework.data.redis.cache.RedisCacheTests" time="0">
    <error message="Unable to connect to Redis; nested exception is io.lettuce.core.RedisConnectionException: Unable to connect to 127.0.0.1:6379" type="org.springframework.data.redis.RedisConnectionFailureException">org.springframework.data.redis.RedisConnectionFailureException: Unable to connect to Redis; nested exception is io.lettuce.core.RedisConnectionException: Unable to connect to 127.0.0.1:6379
	at org.springframework.data.redis.cache.RedisCacheTests.doWithConnection(RedisCacheTests.java:304)
	at org.springframework.data.redis.cache.RedisCacheTests.setUp(RedisCacheTests.java:92)
Caused by: io.lettuce.core.RedisConnectionException: Unable to connect to 127.0.0.1:6379
	at org.springframework.data.redis.cache.RedisCacheTests.doWithConnection(RedisCacheTests.java:304)
	at org.springframework.data.redis.cache.RedisCacheTests.setUp(RedisCacheTests.java:92)
Caused by: io.netty.channel.AbstractChannel$AnnotatedConnectException: syscall:getsockopt(..) failed: Connection refused: /127.0.0.1:6379
Caused by: io.netty.channel.unix.Errors$NativeConnectException: syscall:getsockopt(..) failed: Connection refused
</error>
  </testcase>
  <testcase name="putIfAbsentShouldAddEntryIfNotExists[5: LettuceConnectionFactory &amp; OxmSerializer]" classname="org.springframework.data.redis.cache.RedisCacheTests" time="0.001">
    <error message="Unable to connect to Redis; nested exception is io.lettuce.core.RedisConnectionException: Unable to connect to 127.0.0.1:6379" type="org.springframework.data.redis.RedisConnectionFailureException">org.springframework.data.redis.RedisConnectionFailureException: Unable to connect to Redis; nested exception is io.lettuce.core.RedisConnectionException: Unable to connect to 127.0.0.1:6379
	at org.springframework.data.redis.cache.RedisCacheTests.doWithConnection(RedisCacheTests.java:304)
	at org.springframework.data.redis.cache.RedisCacheTests.setUp(RedisCacheTests.java:92)
Caused by: io.lettuce.core.RedisConnectionException: Unable to connect to 127.0.0.1:6379
	at org.springframework.data.redis.cache.RedisCacheTests.doWithConnection(RedisCacheTests.java:304)
	at org.springframework.data.redis.cache.RedisCacheTests.setUp(RedisCacheTests.java:92)
Caused by: io.netty.channel.AbstractChannel$AnnotatedConnectException: syscall:getsockopt(..) failed: Connection refused: /127.0.0.1:6379
Caused by: io.netty.channel.unix.Errors$NativeConnectException: syscall:getsockopt(..) failed: Connection refused
</error>
  </testcase>
  <testcase name="putNullShouldAddEntryForNullValue[5: LettuceConnectionFactory &amp; OxmSerializer]" classname="org.springframework.data.redis.cache.RedisCacheTests" time="0.001">
    <error message="Unable to connect to Redis; nested exception is io.lettuce.core.RedisConnectionException: Unable to connect to 127.0.0.1:6379" type="org.springframework.data.redis.RedisConnectionFailureException">org.springframework.data.redis.RedisConnectionFailureException: Unable to connect to Redis; nested exception is io.lettuce.core.RedisConnectionException: Unable to connect to 127.0.0.1:6379
	at org.springframework.data.redis.cache.RedisCacheTests.doWithConnection(RedisCacheTests.java:304)
	at org.springframework.data.redis.cache.RedisCacheTests.setUp(RedisCacheTests.java:92)
Caused by: io.lettuce.core.RedisConnectionException: Unable to connect to 127.0.0.1:6379
	at org.springframework.data.redis.cache.RedisCacheTests.doWithConnection(RedisCacheTests.java:304)
	at org.springframework.data.redis.cache.RedisCacheTests.setUp(RedisCacheTests.java:92)
Caused by: io.netty.channel.AbstractChannel$AnnotatedConnectException: syscall:getsockopt(..) failed: Connection refused: /127.0.0.1:6379
Caused by: io.netty.channel.unix.Errors$NativeConnectException: syscall:getsockopt(..) failed: Connection refused
</error>
  </testcase>
  <testcase name="getShouldReturnNullWhenKeyDoesNotExist[5: LettuceConnectionFactory &amp; OxmSerializer]" classname="org.springframework.data.redis.cache.RedisCacheTests" time="0.001">
    <error message="Unable to connect to Redis; nested exception is io.lettuce.core.RedisConnectionException: Unable to connect to 127.0.0.1:6379" type="org.springframework.data.redis.RedisConnectionFailureException">org.springframework.data.redis.RedisConnectionFailureException: Unable to connect to Redis; nested exception is io.lettuce.core.RedisConnectionException: Unable to connect to 127.0.0.1:6379
	at org.springframework.data.redis.cache.RedisCacheTests.doWithConnection(RedisCacheTests.java:304)
	at org.springframework.data.redis.cache.RedisCacheTests.setUp(RedisCacheTests.java:92)
Caused by: io.lettuce.core.RedisConnectionException: Unable to connect to 127.0.0.1:6379
	at org.springframework.data.redis.cache.RedisCacheTests.doWithConnection(RedisCacheTests.java:304)
	at org.springframework.data.redis.cache.RedisCacheTests.setUp(RedisCacheTests.java:92)
Caused by: io.netty.channel.AbstractChannel$AnnotatedConnectException: syscall:getsockopt(..) failed: Connection refused: /127.0.0.1:6379
Caused by: io.netty.channel.unix.Errors$NativeConnectException: syscall:getsockopt(..) failed: Connection refused
</error>
  </testcase>
  <testcase name="fetchKeyWithComputedPrefixReturnsExpectedResult[5: LettuceConnectionFactory &amp; OxmSerializer]" classname="org.springframework.data.redis.cache.RedisCacheTests" time="0">
    <error message="Unable to connect to Redis; nested exception is io.lettuce.core.RedisConnectionException: Unable to connect to 127.0.0.1:6379" type="org.springframework.data.redis.RedisConnectionFailureException">org.springframework.data.redis.RedisConnectionFailureException: Unable to connect to Redis; nested exception is io.lettuce.core.RedisConnectionException: Unable to connect to 127.0.0.1:6379
	at org.springframework.data.redis.cache.RedisCacheTests.doWithConnection(RedisCacheTests.java:304)
	at org.springframework.data.redis.cache.RedisCacheTests.setUp(RedisCacheTests.java:92)
Caused by: io.lettuce.core.RedisConnectionException: Unable to connect to 127.0.0.1:6379
	at org.springframework.data.redis.cache.RedisCacheTests.doWithConnection(RedisCacheTests.java:304)
	at org.springframework.data.redis.cache.RedisCacheTests.setUp(RedisCacheTests.java:92)
Caused by: io.netty.channel.AbstractChannel$AnnotatedConnectException: syscall:getsockopt(..) failed: Connection refused: /127.0.0.1:6379
Caused by: io.netty.channel.unix.Errors$NativeConnectException: syscall:getsockopt(..) failed: Connection refused
</error>
  </testcase>
  <testcase name="putIfAbsentShouldReturnExistingIfExists[5: LettuceConnectionFactory &amp; OxmSerializer]" classname="org.springframework.data.redis.cache.RedisCacheTests" time="0.001">
    <error message="Unable to connect to Redis; nested exception is io.lettuce.core.RedisConnectionException: Unable to connect to 127.0.0.1:6379" type="org.springframework.data.redis.RedisConnectionFailureException">org.springframework.data.redis.RedisConnectionFailureException: Unable to connect to Redis; nested exception is io.lettuce.core.RedisConnectionException: Unable to connect to 127.0.0.1:6379
	at org.springframework.data.redis.cache.RedisCacheTests.doWithConnection(RedisCacheTests.java:304)
	at org.springframework.data.redis.cache.RedisCacheTests.setUp(RedisCacheTests.java:92)
Caused by: io.lettuce.core.RedisConnectionException: Unable to connect to 127.0.0.1:6379
	at org.springframework.data.redis.cache.RedisCacheTests.doWithConnection(RedisCacheTests.java:304)
	at org.springframework.data.redis.cache.RedisCacheTests.setUp(RedisCacheTests.java:92)
Caused by: io.netty.channel.AbstractChannel$AnnotatedConnectException: syscall:getsockopt(..) failed: Connection refused: /127.0.0.1:6379
Caused by: io.netty.channel.unix.Errors$NativeConnectException: syscall:getsockopt(..) failed: Connection refused
</error>
  </testcase>
  <testcase name="evictShouldRemoveKey[5: LettuceConnectionFactory &amp; OxmSerializer]" classname="org.springframework.data.redis.cache.RedisCacheTests" time="0.001">
    <error message="Unable to connect to Redis; nested exception is io.lettuce.core.RedisConnectionException: Unable to connect to 127.0.0.1:6379" type="org.springframework.data.redis.RedisConnectionFailureException">org.springframework.data.redis.RedisConnectionFailureException: Unable to connect to Redis; nested exception is io.lettuce.core.RedisConnectionException: Unable to connect to 127.0.0.1:6379
	at org.springframework.data.redis.cache.RedisCacheTests.doWithConnection(RedisCacheTests.java:304)
	at org.springframework.data.redis.cache.RedisCacheTests.setUp(RedisCacheTests.java:92)
Caused by: io.lettuce.core.RedisConnectionException: Unable to connect to 127.0.0.1:6379
	at org.springframework.data.redis.cache.RedisCacheTests.doWithConnection(RedisCacheTests.java:304)
	at org.springframework.data.redis.cache.RedisCacheTests.setUp(RedisCacheTests.java:92)
Caused by: io.netty.channel.AbstractChannel$AnnotatedConnectException: syscall:getsockopt(..) failed: Connection refused: /127.0.0.1:6379
Caused by: io.netty.channel.unix.Errors$NativeConnectException: syscall:getsockopt(..) failed: Connection refused
</error>
  </testcase>
  <testcase name="shouldAllowComplexKeyWithToStringMethod[5: LettuceConnectionFactory &amp; OxmSerializer]" classname="org.springframework.data.redis.cache.RedisCacheTests" time="0.001">
    <error message="Unable to connect to Redis; nested exception is io.lettuce.core.RedisConnectionException: Unable to connect to 127.0.0.1:6379" type="org.springframework.data.redis.RedisConnectionFailureException">org.springframework.data.redis.RedisConnectionFailureException: Unable to connect to Redis; nested exception is io.lettuce.core.RedisConnectionException: Unable to connect to 127.0.0.1:6379
	at org.springframework.data.redis.cache.RedisCacheTests.doWithConnection(RedisCacheTests.java:304)
	at org.springframework.data.redis.cache.RedisCacheTests.setUp(RedisCacheTests.java:92)
Caused by: io.lettuce.core.RedisConnectionException: Unable to connect to 127.0.0.1:6379
	at org.springframework.data.redis.cache.RedisCacheTests.doWithConnection(RedisCacheTests.java:304)
	at org.springframework.data.redis.cache.RedisCacheTests.setUp(RedisCacheTests.java:92)
Caused by: io.netty.channel.AbstractChannel$AnnotatedConnectException: syscall:getsockopt(..) failed: Connection refused: /127.0.0.1:6379
Caused by: io.netty.channel.unix.Errors$NativeConnectException: syscall:getsockopt(..) failed: Connection refused
</error>
  </testcase>
  <testcase name="getShouldReturnValueWrapperHoldingNullIfNullValueStored[5: LettuceConnectionFactory &amp; OxmSerializer]" classname="org.springframework.data.redis.cache.RedisCacheTests" time="0.001">
    <error message="Unable to connect to Redis; nested exception is io.lettuce.core.RedisConnectionException: Unable to connect to 127.0.0.1:6379" type="org.springframework.data.redis.RedisConnectionFailureException">org.springframework.data.redis.RedisConnectionFailureException: Unable to connect to Redis; nested exception is io.lettuce.core.RedisConnectionException: Unable to connect to 127.0.0.1:6379
	at org.springframework.data.redis.cache.RedisCacheTests.doWithConnection(RedisCacheTests.java:304)
	at org.springframework.data.redis.cache.RedisCacheTests.setUp(RedisCacheTests.java:92)
Caused by: io.lettuce.core.RedisConnectionException: Unable to connect to 127.0.0.1:6379
	at org.springframework.data.redis.cache.RedisCacheTests.doWithConnection(RedisCacheTests.java:304)
	at org.springframework.data.redis.cache.RedisCacheTests.setUp(RedisCacheTests.java:92)
Caused by: io.netty.channel.AbstractChannel$AnnotatedConnectException: syscall:getsockopt(..) failed: Connection refused: /127.0.0.1:6379
Caused by: io.netty.channel.unix.Errors$NativeConnectException: syscall:getsockopt(..) failed: Connection refused
</error>
  </testcase>
  <testcase name="getWithCallableShouldNotResolveValueIfPresent[5: LettuceConnectionFactory &amp; OxmSerializer]" classname="org.springframework.data.redis.cache.RedisCacheTests" time="0.001">
    <error message="Unable to connect to Redis; nested exception is io.lettuce.core.RedisConnectionException: Unable to connect to 127.0.0.1:6379" type="org.springframework.data.redis.RedisConnectionFailureException">org.springframework.data.redis.RedisConnectionFailureException: Unable to connect to Redis; nested exception is io.lettuce.core.RedisConnectionException: Unable to connect to 127.0.0.1:6379
	at org.springframework.data.redis.cache.RedisCacheTests.doWithConnection(RedisCacheTests.java:304)
	at org.springframework.data.redis.cache.RedisCacheTests.setUp(RedisCacheTests.java:92)
Caused by: io.lettuce.core.RedisConnectionException: Unable to connect to 127.0.0.1:6379
	at org.springframework.data.redis.cache.RedisCacheTests.doWithConnection(RedisCacheTests.java:304)
	at org.springframework.data.redis.cache.RedisCacheTests.setUp(RedisCacheTests.java:92)
Caused by: io.netty.channel.AbstractChannel$AnnotatedConnectException: syscall:getsockopt(..) failed: Connection refused: /127.0.0.1:6379
Caused by: io.netty.channel.unix.Errors$NativeConnectException: syscall:getsockopt(..) failed: Connection refused
</error>
  </testcase>
  <testcase name="getWithCallableShouldResolveValueIfNotPresent[5: LettuceConnectionFactory &amp; OxmSerializer]" classname="org.springframework.data.redis.cache.RedisCacheTests" time="0">
    <error message="Unable to connect to Redis; nested exception is io.lettuce.core.RedisConnectionException: Unable to connect to 127.0.0.1:6379" type="org.springframework.data.redis.RedisConnectionFailureException">org.springframework.data.redis.RedisConnectionFailureException: Unable to connect to Redis; nested exception is io.lettuce.core.RedisConnectionException: Unable to connect to 127.0.0.1:6379
	at org.springframework.data.redis.cache.RedisCacheTests.doWithConnection(RedisCacheTests.java:304)
	at org.springframework.data.redis.cache.RedisCacheTests.setUp(RedisCacheTests.java:92)
Caused by: io.lettuce.core.RedisConnectionException: Unable to connect to 127.0.0.1:6379
	at org.springframework.data.redis.cache.RedisCacheTests.doWithConnection(RedisCacheTests.java:304)
	at org.springframework.data.redis.cache.RedisCacheTests.setUp(RedisCacheTests.java:92)
Caused by: io.netty.channel.AbstractChannel$AnnotatedConnectException: syscall:getsockopt(..) failed: Connection refused: /127.0.0.1:6379
Caused by: io.netty.channel.unix.Errors$NativeConnectException: syscall:getsockopt(..) failed: Connection refused
</error>
  </testcase>
  <testcase name="putIfAbsentShouldReturnExistingNullValueIfExists[5: LettuceConnectionFactory &amp; OxmSerializer]" classname="org.springframework.data.redis.cache.RedisCacheTests" time="0">
    <error message="Unable to connect to Redis; nested exception is io.lettuce.core.RedisConnectionException: Unable to connect to 127.0.0.1:6379" type="org.springframework.data.redis.RedisConnectionFailureException">org.springframework.data.redis.RedisConnectionFailureException: Unable to connect to Redis; nested exception is io.lettuce.core.RedisConnectionException: Unable to connect to 127.0.0.1:6379
	at org.springframework.data.redis.cache.RedisCacheTests.doWithConnection(RedisCacheTests.java:304)
	at org.springframework.data.redis.cache.RedisCacheTests.setUp(RedisCacheTests.java:92)
Caused by: io.lettuce.core.RedisConnectionException: Unable to connect to 127.0.0.1:6379
	at org.springframework.data.redis.cache.RedisCacheTests.doWithConnection(RedisCacheTests.java:304)
	at org.springframework.data.redis.cache.RedisCacheTests.setUp(RedisCacheTests.java:92)
Caused by: io.netty.channel.AbstractChannel$AnnotatedConnectException: syscall:getsockopt(..) failed: Connection refused: /127.0.0.1:6379
Caused by: io.netty.channel.unix.Errors$NativeConnectException: syscall:getsockopt(..) failed: Connection refused
</error>
  </testcase>
  <testcase name="shouldRejectNonInvalidKey[5: LettuceConnectionFactory &amp; OxmSerializer]" classname="org.springframework.data.redis.cache.RedisCacheTests" time="0.001">
    <error message="Unable to connect to Redis; nested exception is io.lettuce.core.RedisConnectionException: Unable to connect to 127.0.0.1:6379" type="org.springframework.data.redis.RedisConnectionFailureException">org.springframework.data.redis.RedisConnectionFailureException: Unable to connect to Redis; nested exception is io.lettuce.core.RedisConnectionException: Unable to connect to 127.0.0.1:6379
	at org.springframework.data.redis.cache.RedisCacheTests.doWithConnection(RedisCacheTests.java:304)
	at org.springframework.data.redis.cache.RedisCacheTests.setUp(RedisCacheTests.java:92)
Caused by: io.lettuce.core.RedisConnectionException: Unable to connect to 127.0.0.1:6379
	at org.springframework.data.redis.cache.RedisCacheTests.doWithConnection(RedisCacheTests.java:304)
	at org.springframework.data.redis.cache.RedisCacheTests.setUp(RedisCacheTests.java:92)
Caused by: io.netty.channel.AbstractChannel$AnnotatedConnectException: syscall:getsockopt(..) failed: Connection refused: /127.0.0.1:6379
Caused by: io.netty.channel.unix.Errors$NativeConnectException: syscall:getsockopt(..) failed: Connection refused
</error>
  </testcase>
  <testcase name="shouldReadAndWriteSimpleCacheKey[5: LettuceConnectionFactory &amp; OxmSerializer]" classname="org.springframework.data.redis.cache.RedisCacheTests" time="0.001">
    <error message="Unable to connect to Redis; nested exception is io.lettuce.core.RedisConnectionException: Unable to connect to 127.0.0.1:6379" type="org.springframework.data.redis.RedisConnectionFailureException">org.springframework.data.redis.RedisConnectionFailureException: Unable to connect to Redis; nested exception is io.lettuce.core.RedisConnectionException: Unable to connect to 127.0.0.1:6379
	at org.springframework.data.redis.cache.RedisCacheTests.doWithConnection(RedisCacheTests.java:304)
	at org.springframework.data.redis.cache.RedisCacheTests.setUp(RedisCacheTests.java:92)
Caused by: io.lettuce.core.RedisConnectionException: Unable to connect to 127.0.0.1:6379
	at org.springframework.data.redis.cache.RedisCacheTests.doWithConnection(RedisCacheTests.java:304)
	at org.springframework.data.redis.cache.RedisCacheTests.setUp(RedisCacheTests.java:92)
Caused by: io.netty.channel.AbstractChannel$AnnotatedConnectException: syscall:getsockopt(..) failed: Connection refused: /127.0.0.1:6379
Caused by: io.netty.channel.unix.Errors$NativeConnectException: syscall:getsockopt(..) failed: Connection refused
</error>
  </testcase>
  <testcase name="computePrefixCreatesCacheKeyCorrectly[5: LettuceConnectionFactory &amp; OxmSerializer]" classname="org.springframework.data.redis.cache.RedisCacheTests" time="0.001">
    <error message="Unable to connect to Redis; nested exception is io.lettuce.core.RedisConnectionException: Unable to connect to 127.0.0.1:6379" type="org.springframework.data.redis.RedisConnectionFailureException">org.springframework.data.redis.RedisConnectionFailureException: Unable to connect to Redis; nested exception is io.lettuce.core.RedisConnectionException: Unable to connect to 127.0.0.1:6379
	at org.springframework.data.redis.cache.RedisCacheTests.doWithConnection(RedisCacheTests.java:304)
	at org.springframework.data.redis.cache.RedisCacheTests.setUp(RedisCacheTests.java:92)
Caused by: io.lettuce.core.RedisConnectionException: Unable to connect to 127.0.0.1:6379
	at org.springframework.data.redis.cache.RedisCacheTests.doWithConnection(RedisCacheTests.java:304)
	at org.springframework.data.redis.cache.RedisCacheTests.setUp(RedisCacheTests.java:92)
Caused by: io.netty.channel.AbstractChannel$AnnotatedConnectException: syscall:getsockopt(..) failed: Connection refused: /127.0.0.1:6379
Caused by: io.netty.channel.unix.Errors$NativeConnectException: syscall:getsockopt(..) failed: Connection refused
</error>
  </testcase>
  <testcase name="putIfAbsentWithNullShouldAddNullValueEntryIfNotExists[5: LettuceConnectionFactory &amp; OxmSerializer]" classname="org.springframework.data.redis.cache.RedisCacheTests" time="0">
    <error message="Unable to connect to Redis; nested exception is io.lettuce.core.RedisConnectionException: Unable to connect to 127.0.0.1:6379" type="org.springframework.data.redis.RedisConnectionFailureException">org.springframework.data.redis.RedisConnectionFailureException: Unable to connect to Redis; nested exception is io.lettuce.core.RedisConnectionException: Unable to connect to 127.0.0.1:6379
	at org.springframework.data.redis.cache.RedisCacheTests.doWithConnection(RedisCacheTests.java:304)
	at org.springframework.data.redis.cache.RedisCacheTests.setUp(RedisCacheTests.java:92)
Caused by: io.lettuce.core.RedisConnectionException: Unable to connect to 127.0.0.1:6379
	at org.springframework.data.redis.cache.RedisCacheTests.doWithConnection(RedisCacheTests.java:304)
	at org.springframework.data.redis.cache.RedisCacheTests.setUp(RedisCacheTests.java:92)
Caused by: io.netty.channel.AbstractChannel$AnnotatedConnectException: syscall:getsockopt(..) failed: Connection refused: /127.0.0.1:6379
Caused by: io.netty.channel.unix.Errors$NativeConnectException: syscall:getsockopt(..) failed: Connection refused
</error>
  </testcase>
  <testcase name="putShouldAddEntry[5: LettuceConnectionFactory &amp; OxmSerializer]" classname="org.springframework.data.redis.cache.RedisCacheTests" time="0">
    <error message="Unable to connect to Redis; nested exception is io.lettuce.core.RedisConnectionException: Unable to connect to 127.0.0.1:6379" type="org.springframework.data.redis.RedisConnectionFailureException">org.springframework.data.redis.RedisConnectionFailureException: Unable to connect to Redis; nested exception is io.lettuce.core.RedisConnectionException: Unable to connect to 127.0.0.1:6379
	at org.springframework.data.redis.cache.RedisCacheTests.doWithConnection(RedisCacheTests.java:304)
	at org.springframework.data.redis.cache.RedisCacheTests.setUp(RedisCacheTests.java:92)
Caused by: io.lettuce.core.RedisConnectionException: Unable to connect to 127.0.0.1:6379
	at org.springframework.data.redis.cache.RedisCacheTests.doWithConnection(RedisCacheTests.java:304)
	at org.springframework.data.redis.cache.RedisCacheTests.setUp(RedisCacheTests.java:92)
Caused by: io.netty.channel.AbstractChannel$AnnotatedConnectException: syscall:getsockopt(..) failed: Connection refused: /127.0.0.1:6379
Caused by: io.netty.channel.unix.Errors$NativeConnectException: syscall:getsockopt(..) failed: Connection refused
</error>
  </testcase>
  <testcase name="getShouldRetrieveEntry[5: LettuceConnectionFactory &amp; OxmSerializer]" classname="org.springframework.data.redis.cache.RedisCacheTests" time="0.001">
    <error message="Unable to connect to Redis; nested exception is io.lettuce.core.RedisConnectionException: Unable to connect to 127.0.0.1:6379" type="org.springframework.data.redis.RedisConnectionFailureException">org.springframework.data.redis.RedisConnectionFailureException: Unable to connect to Redis; nested exception is io.lettuce.core.RedisConnectionException: Unable to connect to 127.0.0.1:6379
	at org.springframework.data.redis.cache.RedisCacheTests.doWithConnection(RedisCacheTests.java:304)
	at org.springframework.data.redis.cache.RedisCacheTests.setUp(RedisCacheTests.java:92)
Caused by: io.lettuce.core.RedisConnectionException: Unable to connect to 127.0.0.1:6379
	at org.springframework.data.redis.cache.RedisCacheTests.doWithConnection(RedisCacheTests.java:304)
	at org.springframework.data.redis.cache.RedisCacheTests.setUp(RedisCacheTests.java:92)
Caused by: io.netty.channel.AbstractChannel$AnnotatedConnectException: syscall:getsockopt(..) failed: Connection refused: /127.0.0.1:6379
Caused by: io.netty.channel.unix.Errors$NativeConnectException: syscall:getsockopt(..) failed: Connection refused
</error>
  </testcase>
</testsuite>