<?xml version="1.0" encoding="UTF-8" ?>
<testsuite tests="4" failures="0" name="ch.ethz.idsc.amodeus.matsim.StandardMATSimScenarioTest" time="4.955" errors="4" skipped="0">
  <properties>
    <property name="java.runtime.name" value="OpenJDK Runtime Environment"/>
    <property name="sun.boot.library.path" value="/usr/lib/jvm/java-8-openjdk-amd64/jre/lib/amd64"/>
    <property name="java.vm.version" value="25.121-b13"/>
    <property name="java.vm.vendor" value="Oracle Corporation"/>
    <property name="maven.multiModuleProjectDirectory" value="/root/workspace/idsc-frazzoli/amodeus/386486391"/>
    <property name="java.vendor.url" value="http://java.oracle.com/"/>
    <property name="path.separator" value=":"/>
    <property name="guice.disable.misplaced.annotation.check" value="true"/>
    <property name="skip.gulp" value="true"/>
    <property name="java.vm.name" value="OpenJDK 64-Bit Server VM"/>
    <property name="file.encoding.pkg" value="sun.io"/>
    <property name="sun.java.launcher" value="SUN_STANDARD"/>
    <property name="sun.os.patch.level" value="unknown"/>
    <property name="findbugs.skip" value="true"/>
    <property name="java.vm.specification.name" value="Java Virtual Machine Specification"/>
    <property name="user.dir" value="/root/workspace/idsc-frazzoli/amodeus/386486391"/>
    <property name="checkstyle.skip" value="true"/>
    <property name="java.runtime.version" value="1.8.0_121-8u121-b13-1~bpo8+1-b13"/>
    <property name="java.awt.graphicsenv" value="sun.awt.X11GraphicsEnvironment"/>
    <property name="skip.npm" value="true"/>
    <property name="java.endorsed.dirs" value="/usr/lib/jvm/java-8-openjdk-amd64/jre/lib/endorsed"/>
    <property name="os.arch" value="amd64"/>
    <property name="java.io.tmpdir" value="/tmp"/>
    <property name="gpg.skip" value="true"/>
    <property name="line.separator" value="
"/>
    <property name="java.vm.specification.vendor" value="Oracle Corporation"/>
    <property name="cobertura.skip" value="true"/>
    <property name="os.name" value="Linux"/>
    <property name="classworlds.conf" value="/usr/share/maven/bin/m2.conf"/>
    <property name="sun.jnu.encoding" value="UTF-8"/>
    <property name="java.library.path" value="/usr/java/packages/lib/amd64:/usr/lib/x86_64-linux-gnu/jni:/lib/x86_64-linux-gnu:/usr/lib/x86_64-linux-gnu:/usr/lib/jni:/lib:/usr/lib"/>
    <property name="license.skip" value="true"/>
    <property name="java.specification.name" value="Java Platform API Specification"/>
    <property name="java.class.version" value="52.0"/>
    <property name="sun.management.compiler" value="HotSpot 64-Bit Tiered Compilers"/>
    <property name="skip.bower" value="true"/>
    <property name="maven.repo.local" value="/root/./workspace/idsc-frazzoli/amodeus/386486391/.m2"/>
    <property name="os.version" value="3.10.0-862.3.2.el7.x86_64"/>
    <property name="user.home" value="/root"/>
    <property name="user.timezone" value="Europe/Paris"/>
    <property name="java.awt.printerjob" value="sun.print.PSPrinterJob"/>
    <property name="java.specification.version" value="1.8"/>
    <property name="file.encoding" value="UTF-8"/>
    <property name="user.name" value="root"/>
    <property name="java.class.path" value="/usr/share/maven/boot/plexus-classworlds-2.5.2.jar"/>
    <property name="skipITs" value="true"/>
    <property name="java.vm.specification.version" value="1.8"/>
    <property name="sun.arch.data.model" value="64"/>
    <property name="java.home" value="/usr/lib/jvm/java-8-openjdk-amd64/jre"/>
    <property name="sun.java.command" value="org.codehaus.plexus.classworlds.launcher.Launcher -B -D enforcer.skip=true -D dependency-check.skip=true -D skipITs=true -D cobertura.skip=true -D maven.repo.local=/root/./workspace/idsc-frazzoli/amodeus/386486391/.m2 -D rat.skip=true -D findbugs.skip=true -D skip.bower=true -D gpg.skip=true -D checkstyle.skip=true -D skip.gulp=true -D license.skip=true -D skip.npm=true test"/>
    <property name="java.specification.vendor" value="Oracle Corporation"/>
    <property name="user.language" value="en"/>
    <property name="awt.toolkit" value="sun.awt.X11.XToolkit"/>
    <property name="dependency-check.skip" value="true"/>
    <property name="java.vm.info" value="mixed mode"/>
    <property name="java.version" value="1.8.0_121"/>
    <property name="java.ext.dirs" value="/usr/lib/jvm/java-8-openjdk-amd64/jre/lib/ext:/usr/java/packages/lib/ext"/>
    <property name="securerandom.source" value="file:/dev/./urandom"/>
    <property name="sun.boot.class.path" value="/usr/lib/jvm/java-8-openjdk-amd64/jre/lib/resources.jar:/usr/lib/jvm/java-8-openjdk-amd64/jre/lib/rt.jar:/usr/lib/jvm/java-8-openjdk-amd64/jre/lib/sunrsasign.jar:/usr/lib/jvm/java-8-openjdk-amd64/jre/lib/jsse.jar:/usr/lib/jvm/java-8-openjdk-amd64/jre/lib/jce.jar:/usr/lib/jvm/java-8-openjdk-amd64/jre/lib/charsets.jar:/usr/lib/jvm/java-8-openjdk-amd64/jre/lib/jfr.jar:/usr/lib/jvm/java-8-openjdk-amd64/jre/classes"/>
    <property name="java.vendor" value="Oracle Corporation"/>
    <property name="enforcer.skip" value="true"/>
    <property name="rat.skip" value="true"/>
    <property name="maven.home" value="/usr/share/maven"/>
    <property name="file.separator" value="/"/>
    <property name="java.vendor.url.bug" value="http://bugreport.sun.com/bugreport/"/>
    <property name="sun.cpu.endian" value="little"/>
    <property name="sun.io.unicode.encoding" value="UnicodeLittle"/>
    <property name="sun.cpu.isalist" value=""/>
  </properties>
  <testcase classname="ch.ethz.idsc.amodeus.matsim.StandardMATSimScenarioTest" name="testStandardMATSimScenario[SingleHeuristic]" time="2.39">
    <error message="Unable to provision, see the following errors:

1) Error in custom provider, java.lang.NoClassDefFoundError: Could not initialize class org.gnu.glpk.GLPKJNI
  at ch.ethz.idsc.amodeus.matsim.StandardMATSimScenarioTest$2.provideTravelData(StandardMATSimScenarioTest.java:217) (via modules: com.google.inject.util.Modules$CombinedModule -&gt; com.google.inject.util.Modules$CombinedModule -&gt; org.matsim.core.controler.AbstractModule$4 -&gt; com.google.inject.util.Modules$OverrideModule -&gt; org.matsim.core.controler.AbstractModule$4 -&gt; com.google.inject.util.Modules$OverrideModule -&gt; org.matsim.core.controler.AbstractModule$4 -&gt; com.google.inject.util.Modules$OverrideModule -&gt; org.matsim.core.controler.AbstractModule$4 -&gt; com.google.inject.util.Modules$OverrideModule -&gt; org.matsim.core.controler.AbstractModule$4 -&gt; com.google.inject.util.Modules$OverrideModule -&gt; ch.ethz.idsc.amodeus.matsim.StandardMATSimScenarioTest$2)
  at ch.ethz.idsc.amodeus.matsim.StandardMATSimScenarioTest$2.provideTravelData(StandardMATSimScenarioTest.java:217) (via modules: com.google.inject.util.Modules$CombinedModule -&gt; com.google.inject.util.Modules$CombinedModule -&gt; org.matsim.core.controler.AbstractModule$4 -&gt; com.google.inject.util.Modules$OverrideModule -&gt; org.matsim.core.controler.AbstractModule$4 -&gt; com.google.inject.util.Modules$OverrideModule -&gt; org.matsim.core.controler.AbstractModule$4 -&gt; com.google.inject.util.Modules$OverrideModule -&gt; org.matsim.core.controler.AbstractModule$4 -&gt; com.google.inject.util.Modules$OverrideModule -&gt; org.matsim.core.controler.AbstractModule$4 -&gt; com.google.inject.util.Modules$OverrideModule -&gt; ch.ethz.idsc.amodeus.matsim.StandardMATSimScenarioTest$2)
  while locating ch.ethz.idsc.amodeus.traveldata.TravelData
    for field at ch.ethz.idsc.amodeus.dispatcher.FeedforwardFluidicRebalancingPolicy$Factory.travelData(FeedforwardFluidicRebalancingPolicy.java:162)
  while locating ch.ethz.idsc.amodeus.dispatcher.FeedforwardFluidicRebalancingPolicy$Factory
  while locating ch.ethz.matsim.av.dispatcher.AVDispatcher$AVDispatcherFactory annotated with @com.google.inject.multibindings.Element(setName=,uniqueId=132, type=MAPBINDER, keyType=java.lang.String)
  at ch.ethz.matsim.av.framework.AVUtils.bindDispatcherFactory(AVUtils.java:11) (via modules: com.google.inject.util.Modules$CombinedModule -&gt; com.google.inject.util.Modules$CombinedModule -&gt; org.matsim.core.controler.AbstractModule$4 -&gt; com.google.inject.util.Modules$OverrideModule -&gt; org.matsim.core.controler.AbstractModule$4 -&gt; com.google.inject.util.Modules$OverrideModule -&gt; org.matsim.core.controler.AbstractModule$4 -&gt; com.google.inject.util.Modules$OverrideModule -&gt; org.matsim.core.controler.AbstractModule$4 -&gt; com.google.inject.util.Modules$OverrideModule -&gt; org.matsim.core.controler.AbstractModule$4 -&gt; com.google.inject.util.Modules$OverrideModule -&gt; org.matsim.core.controler.AbstractModule$4 -&gt; com.google.inject.util.Modules$OverrideModule -&gt; org.matsim.core.controler.AbstractModule$4 -&gt; com.google.inject.util.Modules$OverrideModule -&gt; ch.ethz.idsc.amodeus.matsim.mod.AmodeusDispatcherModule -&gt; com.google.inject.multibindings.MapBinder$RealMapBinder)
  while locating java.util.Map&lt;java.lang.String, ch.ethz.matsim.av.dispatcher.AVDispatcher$AVDispatcherFactory&gt;
    for the 1st parameter of ch.ethz.matsim.av.framework.AVQSimModule.provideDispatchers(AVQSimModule.java:70)
  at ch.ethz.matsim.av.framework.AVQSimModule.provideDispatchers(AVQSimModule.java:70) (via modules: org.matsim.core.mobsim.qsim.QSimProvider$1 -&gt; ch.ethz.idsc.amodeus.matsim.mod.AmodeusQSimModule -&gt; com.google.inject.util.Modules$OverrideModule -&gt; ch.ethz.matsim.av.framework.AVQSimModule)
  while locating java.util.Map&lt;org.matsim.api.core.v01.Id&lt;ch.ethz.matsim.av.data.AVOperator&gt;, ch.ethz.matsim.av.dispatcher.AVDispatcher&gt;
    for field at ch.ethz.matsim.av.passenger.AVRequestCreator.dispatchers(AVRequestCreator.java:21)
  at ch.ethz.matsim.av.framework.AVQSimModule.configure(AVQSimModule.java:37) (via modules: org.matsim.core.mobsim.qsim.QSimProvider$1 -&gt; ch.ethz.idsc.amodeus.matsim.mod.AmodeusQSimModule -&gt; com.google.inject.util.Modules$OverrideModule -&gt; ch.ethz.matsim.av.framework.AVQSimModule)
  while locating ch.ethz.matsim.av.passenger.AVRequestCreator
    for the 2nd parameter of ch.ethz.matsim.av.framework.AVQSimModule.providePassengerEngine(AVQSimModule.java:48)
  at ch.ethz.matsim.av.framework.AVQSimModule.providePassengerEngine(AVQSimModule.java:48) (via modules: org.matsim.core.mobsim.qsim.QSimProvider$1 -&gt; ch.ethz.idsc.amodeus.matsim.mod.AmodeusQSimModule -&gt; com.google.inject.util.Modules$OverrideModule -&gt; ch.ethz.matsim.av.framework.AVQSimModule)
  while locating org.matsim.contrib.dvrp.passenger.PassengerEngine
  while locating org.matsim.core.mobsim.qsim.QSimProvider
  while locating org.matsim.core.mobsim.framework.Mobsim

2) Error in custom provider, java.lang.NoClassDefFoundError: Could not initialize class org.gnu.glpk.GLPKJNI
  at ch.ethz.idsc.amodeus.matsim.StandardMATSimScenarioTest$2.provideTravelData(StandardMATSimScenarioTest.java:217) (via modules: com.google.inject.util.Modules$CombinedModule -&gt; com.google.inject.util.Modules$CombinedModule -&gt; org.matsim.core.controler.AbstractModule$4 -&gt; com.google.inject.util.Modules$OverrideModule -&gt; org.matsim.core.controler.AbstractModule$4 -&gt; com.google.inject.util.Modules$OverrideModule -&gt; org.matsim.core.controler.AbstractModule$4 -&gt; com.google.inject.util.Modules$OverrideModule -&gt; org.matsim.core.controler.AbstractModule$4 -&gt; com.google.inject.util.Modules$OverrideModule -&gt; org.matsim.core.controler.AbstractModule$4 -&gt; com.google.inject.util.Modules$OverrideModule -&gt; ch.ethz.idsc.amodeus.matsim.StandardMATSimScenarioTest$2)
  at ch.ethz.idsc.amodeus.matsim.StandardMATSimScenarioTest$2.provideTravelData(StandardMATSimScenarioTest.java:217) (via modules: com.google.inject.util.Modules$CombinedModule -&gt; com.google.inject.util.Modules$CombinedModule -&gt; org.matsim.core.controler.AbstractModule$4 -&gt; com.google.inject.util.Modules$OverrideModule -&gt; org.matsim.core.controler.AbstractModule$4 -&gt; com.google.inject.util.Modules$OverrideModule -&gt; org.matsim.core.controler.AbstractModule$4 -&gt; com.google.inject.util.Modules$OverrideModule -&gt; org.matsim.core.controler.AbstractModule$4 -&gt; com.google.inject.util.Modules$OverrideModule -&gt; org.matsim.core.controler.AbstractModule$4 -&gt; com.google.inject.util.Modules$OverrideModule -&gt; ch.ethz.idsc.amodeus.matsim.StandardMATSimScenarioTest$2)
  while locating ch.ethz.idsc.amodeus.traveldata.TravelData
    for field at ch.ethz.idsc.amodeus.dispatcher.FeedforwardFluidicRebalancingPolicy$Factory.travelData(FeedforwardFluidicRebalancingPolicy.java:162)
  while locating ch.ethz.idsc.amodeus.dispatcher.FeedforwardFluidicRebalancingPolicy$Factory
  while locating ch.ethz.matsim.av.dispatcher.AVDispatcher$AVDispatcherFactory annotated with @com.google.inject.multibindings.Element(setName=,uniqueId=132, type=MAPBINDER, keyType=java.lang.String)
  at ch.ethz.matsim.av.framework.AVUtils.bindDispatcherFactory(AVUtils.java:11) (via modules: com.google.inject.util.Modules$CombinedModule -&gt; com.google.inject.util.Modules$CombinedModule -&gt; org.matsim.core.controler.AbstractModule$4 -&gt; com.google.inject.util.Modules$OverrideModule -&gt; org.matsim.core.controler.AbstractModule$4 -&gt; com.google.inject.util.Modules$OverrideModule -&gt; org.matsim.core.controler.AbstractModule$4 -&gt; com.google.inject.util.Modules$OverrideModule -&gt; org.matsim.core.controler.AbstractModule$4 -&gt; com.google.inject.util.Modules$OverrideModule -&gt; org.matsim.core.controler.AbstractModule$4 -&gt; com.google.inject.util.Modules$OverrideModule -&gt; org.matsim.core.controler.AbstractModule$4 -&gt; com.google.inject.util.Modules$OverrideModule -&gt; org.matsim.core.controler.AbstractModule$4 -&gt; com.google.inject.util.Modules$OverrideModule -&gt; ch.ethz.idsc.amodeus.matsim.mod.AmodeusDispatcherModule -&gt; com.google.inject.multibindings.MapBinder$RealMapBinder)
  while locating java.util.Map&lt;java.lang.String, ch.ethz.matsim.av.dispatcher.AVDispatcher$AVDispatcherFactory&gt;
    for the 1st parameter of ch.ethz.matsim.av.framework.AVQSimModule.provideDispatchers(AVQSimModule.java:70)
  at ch.ethz.matsim.av.framework.AVQSimModule.provideDispatchers(AVQSimModule.java:70) (via modules: org.matsim.core.mobsim.qsim.QSimProvider$1 -&gt; ch.ethz.idsc.amodeus.matsim.mod.AmodeusQSimModule -&gt; com.google.inject.util.Modules$OverrideModule -&gt; ch.ethz.matsim.av.framework.AVQSimModule)
  while locating java.util.Map&lt;org.matsim.api.core.v01.Id&lt;ch.ethz.matsim.av.data.AVOperator&gt;, ch.ethz.matsim.av.dispatcher.AVDispatcher&gt;
    for field at ch.ethz.matsim.av.schedule.AVOptimizer.dispatchers(AVOptimizer.java:32)
  at ch.ethz.matsim.av.framework.AVQSimModule.configure(AVQSimModule.java:35) (via modules: org.matsim.core.mobsim.qsim.QSimProvider$1 -&gt; ch.ethz.idsc.amodeus.matsim.mod.AmodeusQSimModule -&gt; com.google.inject.util.Modules$OverrideModule -&gt; ch.ethz.matsim.av.framework.AVQSimModule)
  while locating ch.ethz.matsim.av.schedule.AVOptimizer
    for the 3rd parameter of ch.ethz.matsim.av.framework.AVQSimModule.providePassengerEngine(AVQSimModule.java:48)
  at ch.ethz.matsim.av.framework.AVQSimModule.providePassengerEngine(AVQSimModule.java:48) (via modules: org.matsim.core.mobsim.qsim.QSimProvider$1 -&gt; ch.ethz.idsc.amodeus.matsim.mod.AmodeusQSimModule -&gt; com.google.inject.util.Modules$OverrideModule -&gt; ch.ethz.matsim.av.framework.AVQSimModule)
  while locating org.matsim.contrib.dvrp.passenger.PassengerEngine
  while locating org.matsim.core.mobsim.qsim.QSimProvider
  while locating org.matsim.core.mobsim.framework.Mobsim

2 errors" type="com.google.inject.ProvisionException">com.google.inject.ProvisionException: Unable to provision, see the following errors:

1) Error in custom provider, java.lang.NoClassDefFoundError: Could not initialize class org.gnu.glpk.GLPKJNI
  at ch.ethz.idsc.amodeus.matsim.StandardMATSimScenarioTest$2.provideTravelData(StandardMATSimScenarioTest.java:217) (via modules: com.google.inject.util.Modules$CombinedModule -&gt; com.google.inject.util.Modules$CombinedModule -&gt; org.matsim.core.controler.AbstractModule$4 -&gt; com.google.inject.util.Modules$OverrideModule -&gt; org.matsim.core.controler.AbstractModule$4 -&gt; com.google.inject.util.Modules$OverrideModule -&gt; org.matsim.core.controler.AbstractModule$4 -&gt; com.google.inject.util.Modules$OverrideModule -&gt; org.matsim.core.controler.AbstractModule$4 -&gt; com.google.inject.util.Modules$OverrideModule -&gt; org.matsim.core.controler.AbstractModule$4 -&gt; com.google.inject.util.Modules$OverrideModule -&gt; ch.ethz.idsc.amodeus.matsim.StandardMATSimScenarioTest$2)
  at ch.ethz.idsc.amodeus.matsim.StandardMATSimScenarioTest$2.provideTravelData(StandardMATSimScenarioTest.java:217) (via modules: com.google.inject.util.Modules$CombinedModule -&gt; com.google.inject.util.Modules$CombinedModule -&gt; org.matsim.core.controler.AbstractModule$4 -&gt; com.google.inject.util.Modules$OverrideModule -&gt; org.matsim.core.controler.AbstractModule$4 -&gt; com.google.inject.util.Modules$OverrideModule -&gt; org.matsim.core.controler.AbstractModule$4 -&gt; com.google.inject.util.Modules$OverrideModule -&gt; org.matsim.core.controler.AbstractModule$4 -&gt; com.google.inject.util.Modules$OverrideModule -&gt; org.matsim.core.controler.AbstractModule$4 -&gt; com.google.inject.util.Modules$OverrideModule -&gt; ch.ethz.idsc.amodeus.matsim.StandardMATSimScenarioTest$2)
  while locating ch.ethz.idsc.amodeus.traveldata.TravelData
    for field at ch.ethz.idsc.amodeus.dispatcher.FeedforwardFluidicRebalancingPolicy$Factory.travelData(FeedforwardFluidicRebalancingPolicy.java:162)
  while locating ch.ethz.idsc.amodeus.dispatcher.FeedforwardFluidicRebalancingPolicy$Factory
  while locating ch.ethz.matsim.av.dispatcher.AVDispatcher$AVDispatcherFactory annotated with @com.google.inject.multibindings.Element(setName=,uniqueId=132, type=MAPBINDER, keyType=java.lang.String)
  at ch.ethz.matsim.av.framework.AVUtils.bindDispatcherFactory(AVUtils.java:11) (via modules: com.google.inject.util.Modules$CombinedModule -&gt; com.google.inject.util.Modules$CombinedModule -&gt; org.matsim.core.controler.AbstractModule$4 -&gt; com.google.inject.util.Modules$OverrideModule -&gt; org.matsim.core.controler.AbstractModule$4 -&gt; com.google.inject.util.Modules$OverrideModule -&gt; org.matsim.core.controler.AbstractModule$4 -&gt; com.google.inject.util.Modules$OverrideModule -&gt; org.matsim.core.controler.AbstractModule$4 -&gt; com.google.inject.util.Modules$OverrideModule -&gt; org.matsim.core.controler.AbstractModule$4 -&gt; com.google.inject.util.Modules$OverrideModule -&gt; org.matsim.core.controler.AbstractModule$4 -&gt; com.google.inject.util.Modules$OverrideModule -&gt; org.matsim.core.controler.AbstractModule$4 -&gt; com.google.inject.util.Modules$OverrideModule -&gt; ch.ethz.idsc.amodeus.matsim.mod.AmodeusDispatcherModule -&gt; com.google.inject.multibindings.MapBinder$RealMapBinder)
  while locating java.util.Map&lt;java.lang.String, ch.ethz.matsim.av.dispatcher.AVDispatcher$AVDispatcherFactory&gt;
    for the 1st parameter of ch.ethz.matsim.av.framework.AVQSimModule.provideDispatchers(AVQSimModule.java:70)
  at ch.ethz.matsim.av.framework.AVQSimModule.provideDispatchers(AVQSimModule.java:70) (via modules: org.matsim.core.mobsim.qsim.QSimProvider$1 -&gt; ch.ethz.idsc.amodeus.matsim.mod.AmodeusQSimModule -&gt; com.google.inject.util.Modules$OverrideModule -&gt; ch.ethz.matsim.av.framework.AVQSimModule)
  while locating java.util.Map&lt;org.matsim.api.core.v01.Id&lt;ch.ethz.matsim.av.data.AVOperator&gt;, ch.ethz.matsim.av.dispatcher.AVDispatcher&gt;
    for field at ch.ethz.matsim.av.passenger.AVRequestCreator.dispatchers(AVRequestCreator.java:21)
  at ch.ethz.matsim.av.framework.AVQSimModule.configure(AVQSimModule.java:37) (via modules: org.matsim.core.mobsim.qsim.QSimProvider$1 -&gt; ch.ethz.idsc.amodeus.matsim.mod.AmodeusQSimModule -&gt; com.google.inject.util.Modules$OverrideModule -&gt; ch.ethz.matsim.av.framework.AVQSimModule)
  while locating ch.ethz.matsim.av.passenger.AVRequestCreator
    for the 2nd parameter of ch.ethz.matsim.av.framework.AVQSimModule.providePassengerEngine(AVQSimModule.java:48)
  at ch.ethz.matsim.av.framework.AVQSimModule.providePassengerEngine(AVQSimModule.java:48) (via modules: org.matsim.core.mobsim.qsim.QSimProvider$1 -&gt; ch.ethz.idsc.amodeus.matsim.mod.AmodeusQSimModule -&gt; com.google.inject.util.Modules$OverrideModule -&gt; ch.ethz.matsim.av.framework.AVQSimModule)
  while locating org.matsim.contrib.dvrp.passenger.PassengerEngine
  while locating org.matsim.core.mobsim.qsim.QSimProvider
  while locating org.matsim.core.mobsim.framework.Mobsim

2) Error in custom provider, java.lang.NoClassDefFoundError: Could not initialize class org.gnu.glpk.GLPKJNI
  at ch.ethz.idsc.amodeus.matsim.StandardMATSimScenarioTest$2.provideTravelData(StandardMATSimScenarioTest.java:217) (via modules: com.google.inject.util.Modules$CombinedModule -&gt; com.google.inject.util.Modules$CombinedModule -&gt; org.matsim.core.controler.AbstractModule$4 -&gt; com.google.inject.util.Modules$OverrideModule -&gt; org.matsim.core.controler.AbstractModule$4 -&gt; com.google.inject.util.Modules$OverrideModule -&gt; org.matsim.core.controler.AbstractModule$4 -&gt; com.google.inject.util.Modules$OverrideModule -&gt; org.matsim.core.controler.AbstractModule$4 -&gt; com.google.inject.util.Modules$OverrideModule -&gt; org.matsim.core.controler.AbstractModule$4 -&gt; com.google.inject.util.Modules$OverrideModule -&gt; ch.ethz.idsc.amodeus.matsim.StandardMATSimScenarioTest$2)
  at ch.ethz.idsc.amodeus.matsim.StandardMATSimScenarioTest$2.provideTravelData(StandardMATSimScenarioTest.java:217) (via modules: com.google.inject.util.Modules$CombinedModule -&gt; com.google.inject.util.Modules$CombinedModule -&gt; org.matsim.core.controler.AbstractModule$4 -&gt; com.google.inject.util.Modules$OverrideModule -&gt; org.matsim.core.controler.AbstractModule$4 -&gt; com.google.inject.util.Modules$OverrideModule -&gt; org.matsim.core.controler.AbstractModule$4 -&gt; com.google.inject.util.Modules$OverrideModule -&gt; org.matsim.core.controler.AbstractModule$4 -&gt; com.google.inject.util.Modules$OverrideModule -&gt; org.matsim.core.controler.AbstractModule$4 -&gt; com.google.inject.util.Modules$OverrideModule -&gt; ch.ethz.idsc.amodeus.matsim.StandardMATSimScenarioTest$2)
  while locating ch.ethz.idsc.amodeus.traveldata.TravelData
    for field at ch.ethz.idsc.amodeus.dispatcher.FeedforwardFluidicRebalancingPolicy$Factory.travelData(FeedforwardFluidicRebalancingPolicy.java:162)
  while locating ch.ethz.idsc.amodeus.dispatcher.FeedforwardFluidicRebalancingPolicy$Factory
  while locating ch.ethz.matsim.av.dispatcher.AVDispatcher$AVDispatcherFactory annotated with @com.google.inject.multibindings.Element(setName=,uniqueId=132, type=MAPBINDER, keyType=java.lang.String)
  at ch.ethz.matsim.av.framework.AVUtils.bindDispatcherFactory(AVUtils.java:11) (via modules: com.google.inject.util.Modules$CombinedModule -&gt; com.google.inject.util.Modules$CombinedModule -&gt; org.matsim.core.controler.AbstractModule$4 -&gt; com.google.inject.util.Modules$OverrideModule -&gt; org.matsim.core.controler.AbstractModule$4 -&gt; com.google.inject.util.Modules$OverrideModule -&gt; org.matsim.core.controler.AbstractModule$4 -&gt; com.google.inject.util.Modules$OverrideModule -&gt; org.matsim.core.controler.AbstractModule$4 -&gt; com.google.inject.util.Modules$OverrideModule -&gt; org.matsim.core.controler.AbstractModule$4 -&gt; com.google.inject.util.Modules$OverrideModule -&gt; org.matsim.core.controler.AbstractModule$4 -&gt; com.google.inject.util.Modules$OverrideModule -&gt; org.matsim.core.controler.AbstractModule$4 -&gt; com.google.inject.util.Modules$OverrideModule -&gt; ch.ethz.idsc.amodeus.matsim.mod.AmodeusDispatcherModule -&gt; com.google.inject.multibindings.MapBinder$RealMapBinder)
  while locating java.util.Map&lt;java.lang.String, ch.ethz.matsim.av.dispatcher.AVDispatcher$AVDispatcherFactory&gt;
    for the 1st parameter of ch.ethz.matsim.av.framework.AVQSimModule.provideDispatchers(AVQSimModule.java:70)
  at ch.ethz.matsim.av.framework.AVQSimModule.provideDispatchers(AVQSimModule.java:70) (via modules: org.matsim.core.mobsim.qsim.QSimProvider$1 -&gt; ch.ethz.idsc.amodeus.matsim.mod.AmodeusQSimModule -&gt; com.google.inject.util.Modules$OverrideModule -&gt; ch.ethz.matsim.av.framework.AVQSimModule)
  while locating java.util.Map&lt;org.matsim.api.core.v01.Id&lt;ch.ethz.matsim.av.data.AVOperator&gt;, ch.ethz.matsim.av.dispatcher.AVDispatcher&gt;
    for field at ch.ethz.matsim.av.schedule.AVOptimizer.dispatchers(AVOptimizer.java:32)
  at ch.ethz.matsim.av.framework.AVQSimModule.configure(AVQSimModule.java:35) (via modules: org.matsim.core.mobsim.qsim.QSimProvider$1 -&gt; ch.ethz.idsc.amodeus.matsim.mod.AmodeusQSimModule -&gt; com.google.inject.util.Modules$OverrideModule -&gt; ch.ethz.matsim.av.framework.AVQSimModule)
  while locating ch.ethz.matsim.av.schedule.AVOptimizer
    for the 3rd parameter of ch.ethz.matsim.av.framework.AVQSimModule.providePassengerEngine(AVQSimModule.java:48)
  at ch.ethz.matsim.av.framework.AVQSimModule.providePassengerEngine(AVQSimModule.java:48) (via modules: org.matsim.core.mobsim.qsim.QSimProvider$1 -&gt; ch.ethz.idsc.amodeus.matsim.mod.AmodeusQSimModule -&gt; com.google.inject.util.Modules$OverrideModule -&gt; ch.ethz.matsim.av.framework.AVQSimModule)
  while locating org.matsim.contrib.dvrp.passenger.PassengerEngine
  while locating org.matsim.core.mobsim.qsim.QSimProvider
  while locating org.matsim.core.mobsim.framework.Mobsim

2 errors
	at com.google.inject.internal.InjectorImpl$2.get(InjectorImpl.java:1028)
	at org.matsim.core.controler.NewControler.runMobSim(NewControler.java:111)
	at org.matsim.core.controler.AbstractController$7.run(AbstractController.java:199)
	at org.matsim.core.controler.AbstractController.iterationStep(AbstractController.java:231)
	at org.matsim.core.controler.AbstractController.mobsim(AbstractController.java:195)
	at org.matsim.core.controler.AbstractController.iteration(AbstractController.java:154)
	at org.matsim.core.controler.AbstractController.doIterations(AbstractController.java:121)
	at org.matsim.core.controler.AbstractController.access$000(AbstractController.java:29)
	at org.matsim.core.controler.AbstractController$1.run(AbstractController.java:91)
	at org.matsim.core.controler.MatsimRuntimeModifications.run(MatsimRuntimeModifications.java:48)
	at org.matsim.core.controler.MatsimRuntimeModifications.run(MatsimRuntimeModifications.java:31)
	at org.matsim.core.controler.AbstractController.run(AbstractController.java:99)
	at org.matsim.core.controler.NewControler.run(NewControler.java:75)
	at org.matsim.core.controler.Controler.run(Controler.java:202)
	at ch.ethz.idsc.amodeus.matsim.StandardMATSimScenarioTest.testStandardMATSimScenario(StandardMATSimScenarioTest.java:263)
	at sun.reflect.NativeMethodAccessorImpl.invoke0(Native Method)
	at sun.reflect.NativeMethodAccessorImpl.invoke(NativeMethodAccessorImpl.java:62)
	at sun.reflect.DelegatingMethodAccessorImpl.invoke(DelegatingMethodAccessorImpl.java:43)
	at java.lang.reflect.Method.invoke(Method.java:498)
	at org.junit.runners.model.FrameworkMethod$1.runReflectiveCall(FrameworkMethod.java:50)
	at org.junit.internal.runners.model.ReflectiveCallable.run(ReflectiveCallable.java:12)
	at org.junit.runners.model.FrameworkMethod.invokeExplosively(FrameworkMethod.java:47)
	at org.junit.internal.runners.statements.InvokeMethod.evaluate(InvokeMethod.java:17)
	at org.junit.runners.ParentRunner.runLeaf(ParentRunner.java:325)
	at org.junit.runners.BlockJUnit4ClassRunner.runChild(BlockJUnit4ClassRunner.java:78)
	at org.junit.runners.BlockJUnit4ClassRunner.runChild(BlockJUnit4ClassRunner.java:57)
	at org.junit.runners.ParentRunner$3.run(ParentRunner.java:290)
	at org.junit.runners.ParentRunner$1.schedule(ParentRunner.java:71)
	at org.junit.runners.ParentRunner.runChildren(ParentRunner.java:288)
	at org.junit.runners.ParentRunner.access$000(ParentRunner.java:58)
	at org.junit.runners.ParentRunner$2.evaluate(ParentRunner.java:268)
	at org.junit.runners.ParentRunner.run(ParentRunner.java:363)
	at org.junit.runners.Suite.runChild(Suite.java:128)
	at org.junit.runners.Suite.runChild(Suite.java:27)
	at org.junit.runners.ParentRunner$3.run(ParentRunner.java:290)
	at org.junit.runners.ParentRunner$1.schedule(ParentRunner.java:71)
	at org.junit.runners.ParentRunner.runChildren(ParentRunner.java:288)
	at org.junit.runners.ParentRunner.access$000(ParentRunner.java:58)
	at org.junit.runners.ParentRunner$2.evaluate(ParentRunner.java:268)
	at org.junit.runners.ParentRunner.run(ParentRunner.java:363)
	at org.apache.maven.surefire.junit4.JUnit4Provider.execute(JUnit4Provider.java:252)
	at org.apache.maven.surefire.junit4.JUnit4Provider.executeTestSet(JUnit4Provider.java:141)
	at org.apache.maven.surefire.junit4.JUnit4Provider.invoke(JUnit4Provider.java:112)
	at sun.reflect.NativeMethodAccessorImpl.invoke0(Native Method)
	at sun.reflect.NativeMethodAccessorImpl.invoke(NativeMethodAccessorImpl.java:62)
	at sun.reflect.DelegatingMethodAccessorImpl.invoke(DelegatingMethodAccessorImpl.java:43)
	at java.lang.reflect.Method.invoke(Method.java:498)
	at org.apache.maven.surefire.util.ReflectionUtils.invokeMethodWithArray(ReflectionUtils.java:189)
	at org.apache.maven.surefire.booter.ProviderFactory$ProviderProxy.invoke(ProviderFactory.java:165)
	at org.apache.maven.surefire.booter.ProviderFactory.invokeProvider(ProviderFactory.java:85)
	at org.apache.maven.surefire.booter.ForkedBooter.runSuitesInProcess(ForkedBooter.java:115)
	at org.apache.maven.surefire.booter.ForkedBooter.main(ForkedBooter.java:75)
Caused by: java.lang.NoClassDefFoundError: Could not initialize class org.gnu.glpk.GLPKJNI
	at org.gnu.glpk.glp_smcp.&lt;init&gt;(glp_smcp.java:168)
	at ch.ethz.idsc.amodeus.dispatcher.util.LPVehicleRebalancing.&lt;init&gt;(LPVehicleRebalancing.java:31)
	at ch.ethz.idsc.amodeus.traveldata.TravelData.&lt;init&gt;(TravelData.java:150)
	at ch.ethz.idsc.amodeus.matsim.StandardMATSimScenarioTest$2.provideTravelData(StandardMATSimScenarioTest.java:217)
	at ch.ethz.idsc.amodeus.matsim.StandardMATSimScenarioTest$2$$FastClassByGuice$$18c5fb10.invoke(&lt;generated&gt;)
	at com.google.inject.internal.ProviderMethod$FastClassProviderMethod.doProvision(ProviderMethod.java:264)
	at com.google.inject.internal.ProviderMethod$Factory.provision(ProviderMethod.java:401)
	at com.google.inject.internal.ProviderMethod$Factory.get(ProviderMethod.java:376)
	at com.google.inject.internal.ProviderToInternalFactoryAdapter$1.call(ProviderToInternalFactoryAdapter.java:46)
	at com.google.inject.internal.InjectorImpl.callInContext(InjectorImpl.java:1092)
	at com.google.inject.internal.ProviderToInternalFactoryAdapter.get(ProviderToInternalFactoryAdapter.java:40)
	at com.google.inject.internal.SingletonScope$1.get(SingletonScope.java:194)
	at com.google.inject.internal.InternalFactoryToProviderAdapter.get(InternalFactoryToProviderAdapter.java:41)
	at com.google.inject.internal.SingleFieldInjector.inject(SingleFieldInjector.java:54)
	at com.google.inject.internal.MembersInjectorImpl.injectMembers(MembersInjectorImpl.java:132)
	at com.google.inject.internal.ConstructorInjector.provision(ConstructorInjector.java:120)
	at com.google.inject.internal.ConstructorInjector.construct(ConstructorInjector.java:90)
	at com.google.inject.internal.ConstructorBindingImpl$Factory.get(ConstructorBindingImpl.java:268)
	at com.google.inject.internal.FactoryProxy.get(FactoryProxy.java:56)
	at com.google.inject.internal.InjectorImpl$2$1.call(InjectorImpl.java:1019)
	at com.google.inject.internal.InjectorImpl.callInContext(InjectorImpl.java:1092)
	at com.google.inject.internal.InjectorImpl$2.get(InjectorImpl.java:1015)
	at com.google.inject.spi.ProviderLookup$1.get(ProviderLookup.java:104)
	at com.google.inject.spi.ProviderLookup$1.get(ProviderLookup.java:104)
	at com.google.inject.spi.ProviderLookup$1.get(ProviderLookup.java:104)
	at com.google.inject.spi.ProviderLookup$1.get(ProviderLookup.java:104)
	at com.google.inject.spi.ProviderLookup$1.get(ProviderLookup.java:104)
	at com.google.inject.spi.ProviderLookup$1.get(ProviderLookup.java:104)
	at com.google.inject.spi.ProviderLookup$1.get(ProviderLookup.java:104)
	at com.google.inject.spi.ProviderLookup$1.get(ProviderLookup.java:104)
	at com.google.inject.multibindings.MapBinder$RealMapBinder$ValueProvider.get(MapBinder.java:821)
	at com.google.inject.multibindings.MapBinder$RealMapBinder$RealMapProvider.get(MapBinder.java:605)
	at com.google.inject.multibindings.MapBinder$RealMapBinder$RealMapProvider.get(MapBinder.java:586)
	at com.google.inject.internal.ProviderInternalFactory.provision(ProviderInternalFactory.java:81)
	at com.google.inject.internal.InternalFactoryToInitializableAdapter.provision(InternalFactoryToInitializableAdapter.java:53)
	at com.google.inject.internal.ProviderInternalFactory.circularGet(ProviderInternalFactory.java:61)
	at com.google.inject.internal.InternalFactoryToInitializableAdapter.get(InternalFactoryToInitializableAdapter.java:45)
	at com.google.inject.internal.SingleParameterInjector.inject(SingleParameterInjector.java:38)
	at com.google.inject.internal.SingleParameterInjector.getAll(SingleParameterInjector.java:62)
	at com.google.inject.internal.ProviderMethod$Factory.provision(ProviderMethod.java:402)
	at com.google.inject.internal.ProviderMethod$Factory.get(ProviderMethod.java:376)
	at com.google.inject.internal.ProviderToInternalFactoryAdapter$1.call(ProviderToInternalFactoryAdapter.java:46)
	at com.google.inject.internal.InjectorImpl.callInContext(InjectorImpl.java:1092)
	at com.google.inject.internal.ProviderToInternalFactoryAdapter.get(ProviderToInternalFactoryAdapter.java:40)
	at com.google.inject.internal.SingletonScope$1.get(SingletonScope.java:194)
	at com.google.inject.internal.InternalFactoryToProviderAdapter.get(InternalFactoryToProviderAdapter.java:41)
	at com.google.inject.internal.SingleFieldInjector.inject(SingleFieldInjector.java:54)
	at com.google.inject.internal.MembersInjectorImpl.injectMembers(MembersInjectorImpl.java:132)
	at com.google.inject.internal.ConstructorInjector.provision(ConstructorInjector.java:120)
	at com.google.inject.internal.ConstructorInjector.construct(ConstructorInjector.java:90)
	at com.google.inject.internal.ConstructorBindingImpl$Factory.get(ConstructorBindingImpl.java:268)
	at com.google.inject.internal.ProviderToInternalFactoryAdapter$1.call(ProviderToInternalFactoryAdapter.java:46)
	at com.google.inject.internal.InjectorImpl.callInContext(InjectorImpl.java:1092)
	at com.google.inject.internal.ProviderToInternalFactoryAdapter.get(ProviderToInternalFactoryAdapter.java:40)
	at com.google.inject.internal.SingletonScope$1.get(SingletonScope.java:194)
	at com.google.inject.internal.InternalFactoryToProviderAdapter.get(InternalFactoryToProviderAdapter.java:41)
	at com.google.inject.internal.SingleParameterInjector.inject(SingleParameterInjector.java:38)
	at com.google.inject.internal.SingleParameterInjector.getAll(SingleParameterInjector.java:62)
	at com.google.inject.internal.ProviderMethod$Factory.provision(ProviderMethod.java:402)
	at com.google.inject.internal.ProviderMethod$Factory.get(ProviderMethod.java:376)
	at com.google.inject.internal.ProviderToInternalFactoryAdapter$1.call(ProviderToInternalFactoryAdapter.java:46)
	at com.google.inject.internal.InjectorImpl.callInContext(InjectorImpl.java:1092)
	at com.google.inject.internal.ProviderToInternalFactoryAdapter.get(ProviderToInternalFactoryAdapter.java:40)
	at com.google.inject.internal.SingletonScope$1.get(SingletonScope.java:194)
	at com.google.inject.internal.InternalFactoryToProviderAdapter.get(InternalFactoryToProviderAdapter.java:41)
	at com.google.inject.internal.InjectorImpl$2$1.call(InjectorImpl.java:1019)
	at com.google.inject.internal.InjectorImpl.callInContext(InjectorImpl.java:1092)
	at com.google.inject.internal.InjectorImpl$2.get(InjectorImpl.java:1015)
	at com.google.inject.internal.InjectorImpl.getInstance(InjectorImpl.java:1054)
	at org.matsim.core.mobsim.qsim.QSimProvider.get(QSimProvider.java:75)
	at org.matsim.core.mobsim.qsim.QSimProvider.get(QSimProvider.java:41)
	at com.google.inject.internal.ProviderInternalFactory.provision(ProviderInternalFactory.java:81)
	at com.google.inject.internal.BoundProviderFactory.provision(BoundProviderFactory.java:72)
	at com.google.inject.internal.ProviderInternalFactory.circularGet(ProviderInternalFactory.java:61)
	at com.google.inject.internal.BoundProviderFactory.get(BoundProviderFactory.java:62)
	at com.google.inject.internal.InjectorImpl$2$1.call(InjectorImpl.java:1019)
	at com.google.inject.internal.InjectorImpl.callInContext(InjectorImpl.java:1085)
	at com.google.inject.internal.InjectorImpl$2.get(InjectorImpl.java:1015)
	... 51 more
</error>
    <system-out>2018-06-01 06:11:25,566  INFO Config:563 setting context to [file:/root/workspace/idsc-frazzoli/amodeus/386486391/]
2018-06-01 06:11:25,633  INFO Config:563 setting context to [file:/root/workspace/idsc-frazzoli/amodeus/386486391/]
2018-06-01 06:11:25,660  INFO NetworkImpl:156  node # 1
2018-06-01 06:11:25,660  INFO NetworkImpl:156  node # 2
2018-06-01 06:11:25,661  INFO NetworkImpl:156  node # 4
2018-06-01 06:11:25,662  INFO NetworkImpl:156  node # 8
2018-06-01 06:11:25,663  INFO NetworkImpl:156  node # 16
2018-06-01 06:11:25,664  INFO NetworkImpl:156  node # 32
2018-06-01 06:11:25,666  INFO NetworkImpl:156  node # 64
2018-06-01 06:11:25,671  INFO NetworkImpl:152  link # 1
2018-06-01 06:11:25,672  INFO NetworkImpl:152  link # 2
2018-06-01 06:11:25,672  INFO NetworkImpl:152  link # 4
2018-06-01 06:11:25,673  INFO NetworkImpl:152  link # 8
2018-06-01 06:11:25,675  INFO NetworkImpl:152  link # 16
2018-06-01 06:11:25,678  INFO NetworkImpl:152  link # 32
2018-06-01 06:11:25,683  INFO NetworkImpl:152  link # 64
2018-06-01 06:11:25,691  INFO NetworkImpl:152  link # 128
2018-06-01 06:11:25,704  INFO NetworkImpl:152  link # 256
2018-06-01 06:11:25,713  INFO PopulationImpl:112  person # 1
2018-06-01 06:11:25,715  INFO PopulationImpl:112  person # 2
2018-06-01 06:11:25,716  INFO PopulationImpl:112  person # 4
2018-06-01 06:11:25,716  INFO PopulationImpl:112  person # 8
2018-06-01 06:11:25,717  INFO PopulationImpl:112  person # 16
2018-06-01 06:11:25,717  INFO PopulationImpl:112  person # 32
2018-06-01 06:11:25,718  INFO PopulationImpl:112  person # 64
2018-06-01 06:11:25,731  INFO NetworkImpl:156  node # 1
2018-06-01 06:11:25,731  INFO NetworkImpl:156  node # 2
2018-06-01 06:11:25,731  INFO NetworkImpl:156  node # 4
2018-06-01 06:11:25,732  INFO NetworkImpl:156  node # 8
2018-06-01 06:11:25,732  INFO NetworkImpl:156  node # 16
2018-06-01 06:11:25,732  INFO NetworkImpl:156  node # 32
2018-06-01 06:11:25,733  INFO NetworkImpl:156  node # 64
2018-06-01 06:11:25,733  INFO NetworkImpl:152  link # 1
2018-06-01 06:11:25,734  INFO NetworkImpl:152  link # 2
2018-06-01 06:11:25,734  INFO NetworkImpl:152  link # 4
2018-06-01 06:11:25,735  INFO NetworkImpl:152  link # 8
2018-06-01 06:11:25,735  INFO NetworkImpl:152  link # 16
2018-06-01 06:11:25,736  INFO NetworkImpl:152  link # 32
2018-06-01 06:11:25,738  INFO NetworkImpl:152  link # 64
2018-06-01 06:11:25,739  INFO NetworkImpl:152  link # 128
2018-06-01 06:11:25,742  INFO NetworkImpl:152  link # 256
2018-06-01 06:11:27,095  INFO EventsManagerImpl:144 adding Event-Handler: org.matsim.core.trafficmonitoring.TravelTimeCalculator
2018-06-01 06:11:27,096  INFO EventsManagerImpl:148   org.matsim.api.core.v01.events.handler.LinkEnterEventHandler
2018-06-01 06:11:27,096  INFO EventsManagerImpl:207     &gt; org.matsim.api.core.v01.events.LinkEnterEvent
2018-06-01 06:11:27,097  INFO EventsManagerImpl:148   org.matsim.api.core.v01.events.handler.LinkLeaveEventHandler
2018-06-01 06:11:27,098  INFO EventsManagerImpl:207     &gt; org.matsim.api.core.v01.events.LinkLeaveEvent
2018-06-01 06:11:27,098  INFO EventsManagerImpl:148   org.matsim.api.core.v01.events.handler.VehicleEntersTrafficEventHandler
2018-06-01 06:11:27,099  INFO EventsManagerImpl:207     &gt; org.matsim.api.core.v01.events.VehicleEntersTrafficEvent
2018-06-01 06:11:27,099  INFO EventsManagerImpl:148   org.matsim.api.core.v01.events.handler.VehicleLeavesTrafficEventHandler
2018-06-01 06:11:27,100  INFO EventsManagerImpl:207     &gt; org.matsim.api.core.v01.events.VehicleLeavesTrafficEvent
2018-06-01 06:11:27,101  INFO EventsManagerImpl:148   org.matsim.core.api.experimental.events.handler.VehicleArrivesAtFacilityEventHandler
2018-06-01 06:11:27,101  INFO EventsManagerImpl:207     &gt; org.matsim.core.api.experimental.events.VehicleArrivesAtFacilityEvent
2018-06-01 06:11:27,102  INFO EventsManagerImpl:148   org.matsim.api.core.v01.events.handler.VehicleAbortsEventHandler
2018-06-01 06:11:27,102  INFO EventsManagerImpl:207     &gt; org.matsim.api.core.v01.events.VehicleAbortsEvent
2018-06-01 06:11:27,103  INFO EventsManagerImpl:156 
2018-06-01 06:11:27,103  INFO EventsManagerImpl:144 adding Event-Handler: org.matsim.core.trafficmonitoring.TravelTimeCalculator
2018-06-01 06:11:27,104  INFO EventsManagerImpl:148   org.matsim.api.core.v01.events.handler.LinkEnterEventHandler
2018-06-01 06:11:27,104  INFO EventsManagerImpl:207     &gt; org.matsim.api.core.v01.events.LinkEnterEvent
2018-06-01 06:11:27,105  INFO EventsManagerImpl:148   org.matsim.api.core.v01.events.handler.LinkLeaveEventHandler
2018-06-01 06:11:27,105  INFO EventsManagerImpl:207     &gt; org.matsim.api.core.v01.events.LinkLeaveEvent
2018-06-01 06:11:27,106  INFO EventsManagerImpl:148   org.matsim.api.core.v01.events.handler.VehicleEntersTrafficEventHandler
2018-06-01 06:11:27,106  INFO EventsManagerImpl:207     &gt; org.matsim.api.core.v01.events.VehicleEntersTrafficEvent
2018-06-01 06:11:27,107  INFO EventsManagerImpl:148   org.matsim.api.core.v01.events.handler.VehicleLeavesTrafficEventHandler
2018-06-01 06:11:27,116  INFO EventsManagerImpl:207     &gt; org.matsim.api.core.v01.events.VehicleLeavesTrafficEvent
2018-06-01 06:11:27,117  INFO EventsManagerImpl:148   org.matsim.core.api.experimental.events.handler.VehicleArrivesAtFacilityEventHandler
2018-06-01 06:11:27,117  INFO EventsManagerImpl:207     &gt; org.matsim.core.api.experimental.events.VehicleArrivesAtFacilityEvent
2018-06-01 06:11:27,118  INFO EventsManagerImpl:148   org.matsim.api.core.v01.events.handler.VehicleAbortsEventHandler
2018-06-01 06:11:27,119  INFO EventsManagerImpl:207     &gt; org.matsim.api.core.v01.events.VehicleAbortsEvent
2018-06-01 06:11:27,119  INFO EventsManagerImpl:156 
2018-06-01 06:11:27,121  INFO NetworkImpl:156  node # 1
2018-06-01 06:11:27,121  INFO NetworkImpl:156  node # 2
2018-06-01 06:11:27,122  INFO NetworkImpl:156  node # 4
2018-06-01 06:11:27,123  INFO NetworkImpl:156  node # 8
2018-06-01 06:11:27,123  INFO NetworkImpl:156  node # 16
2018-06-01 06:11:27,124  INFO NetworkImpl:156  node # 32
2018-06-01 06:11:27,124  INFO NetworkImpl:156  node # 64
2018-06-01 06:11:27,125  INFO NetworkImpl:152  link # 1
2018-06-01 06:11:27,126  INFO NetworkImpl:152  link # 2
2018-06-01 06:11:27,126  INFO NetworkImpl:152  link # 4
2018-06-01 06:11:27,127  INFO NetworkImpl:152  link # 8
2018-06-01 06:11:27,128  INFO NetworkImpl:152  link # 16
2018-06-01 06:11:27,129  INFO NetworkImpl:152  link # 32
2018-06-01 06:11:27,130  INFO NetworkImpl:152  link # 64
2018-06-01 06:11:27,131  INFO NetworkImpl:152  link # 128
2018-06-01 06:11:27,134  INFO NetworkImpl:152  link # 256
2018-06-01 06:11:27,146  INFO StrategyManager:59 global innovation switch off after iteration: 0
2018-06-01 06:11:27,147  INFO GenericStrategyManager:347 setting PlanSelectorForRemoval to class org.matsim.core.replanning.selectors.WorstPlanForRemovalSelector
2018-06-01 06:11:27,149  INFO EventsManagerImpl:144 adding Event-Handler: org.matsim.core.scoring.EventsToActivities
2018-06-01 06:11:27,150  INFO EventsManagerImpl:148   org.matsim.api.core.v01.events.handler.ActivityStartEventHandler
2018-06-01 06:11:27,150  INFO EventsManagerImpl:207     &gt; org.matsim.api.core.v01.events.ActivityStartEvent
2018-06-01 06:11:27,151  INFO EventsManagerImpl:148   org.matsim.api.core.v01.events.handler.ActivityEndEventHandler
2018-06-01 06:11:27,152  INFO EventsManagerImpl:207     &gt; org.matsim.api.core.v01.events.ActivityEndEvent
2018-06-01 06:11:27,152  INFO EventsManagerImpl:156 
2018-06-01 06:11:27,152  INFO EventsManagerImpl:144 adding Event-Handler: org.matsim.core.scoring.EventsToActivities
2018-06-01 06:11:27,153  INFO EventsManagerImpl:148   org.matsim.api.core.v01.events.handler.ActivityStartEventHandler
2018-06-01 06:11:27,153  INFO EventsManagerImpl:207     &gt; org.matsim.api.core.v01.events.ActivityStartEvent
2018-06-01 06:11:27,154  INFO EventsManagerImpl:148   org.matsim.api.core.v01.events.handler.ActivityEndEventHandler
2018-06-01 06:11:27,154  INFO EventsManagerImpl:207     &gt; org.matsim.api.core.v01.events.ActivityEndEvent
2018-06-01 06:11:27,154  INFO EventsManagerImpl:156 
2018-06-01 06:11:27,155  INFO EventsManagerImpl:144 adding Event-Handler: org.matsim.core.scoring.EventsToLegs
2018-06-01 06:11:27,156  INFO EventsManagerImpl:148   org.matsim.api.core.v01.events.handler.PersonDepartureEventHandler
2018-06-01 06:11:27,156  INFO EventsManagerImpl:207     &gt; org.matsim.api.core.v01.events.PersonDepartureEvent
2018-06-01 06:11:27,157  INFO EventsManagerImpl:148   org.matsim.api.core.v01.events.handler.PersonArrivalEventHandler
2018-06-01 06:11:27,157  INFO EventsManagerImpl:207     &gt; org.matsim.api.core.v01.events.PersonArrivalEvent
2018-06-01 06:11:27,158  INFO EventsManagerImpl:148   org.matsim.api.core.v01.events.handler.LinkLeaveEventHandler
2018-06-01 06:11:27,158  INFO EventsManagerImpl:207     &gt; org.matsim.api.core.v01.events.LinkLeaveEvent
2018-06-01 06:11:27,159  INFO EventsManagerImpl:148   org.matsim.api.core.v01.events.handler.LinkEnterEventHandler
2018-06-01 06:11:27,159  INFO EventsManagerImpl:207     &gt; org.matsim.api.core.v01.events.LinkEnterEvent
2018-06-01 06:11:27,159  INFO EventsManagerImpl:148   org.matsim.core.api.experimental.events.handler.TeleportationArrivalEventHandler
2018-06-01 06:11:27,160  INFO EventsManagerImpl:207     &gt; org.matsim.core.api.experimental.events.TeleportationArrivalEvent
2018-06-01 06:11:27,160  INFO EventsManagerImpl:148   org.matsim.api.core.v01.events.handler.TransitDriverStartsEventHandler
2018-06-01 06:11:27,160  INFO EventsManagerImpl:207     &gt; org.matsim.api.core.v01.events.TransitDriverStartsEvent
2018-06-01 06:11:27,161  INFO EventsManagerImpl:148   org.matsim.api.core.v01.events.handler.PersonEntersVehicleEventHandler
2018-06-01 06:11:27,161  INFO EventsManagerImpl:207     &gt; org.matsim.api.core.v01.events.PersonEntersVehicleEvent
2018-06-01 06:11:27,162  INFO EventsManagerImpl:148   org.matsim.core.api.experimental.events.handler.VehicleArrivesAtFacilityEventHandler
2018-06-01 06:11:27,162  INFO EventsManagerImpl:207     &gt; org.matsim.core.api.experimental.events.VehicleArrivesAtFacilityEvent
2018-06-01 06:11:27,162  INFO EventsManagerImpl:148   org.matsim.api.core.v01.events.handler.VehicleEntersTrafficEventHandler
2018-06-01 06:11:27,163  INFO EventsManagerImpl:207     &gt; org.matsim.api.core.v01.events.VehicleEntersTrafficEvent
2018-06-01 06:11:27,163  INFO EventsManagerImpl:148   org.matsim.api.core.v01.events.handler.VehicleLeavesTrafficEventHandler
2018-06-01 06:11:27,163  INFO EventsManagerImpl:207     &gt; org.matsim.api.core.v01.events.VehicleLeavesTrafficEvent
2018-06-01 06:11:27,164  INFO EventsManagerImpl:156 
2018-06-01 06:11:27,165  INFO EventsManagerImpl:144 adding Event-Handler: org.matsim.core.scoring.EventsToLegs
2018-06-01 06:11:27,165  INFO EventsManagerImpl:148   org.matsim.api.core.v01.events.handler.PersonDepartureEventHandler
2018-06-01 06:11:27,165  INFO EventsManagerImpl:207     &gt; org.matsim.api.core.v01.events.PersonDepartureEvent
2018-06-01 06:11:27,166  INFO EventsManagerImpl:148   org.matsim.api.core.v01.events.handler.PersonArrivalEventHandler
2018-06-01 06:11:27,166  INFO EventsManagerImpl:207     &gt; org.matsim.api.core.v01.events.PersonArrivalEvent
2018-06-01 06:11:27,167  INFO EventsManagerImpl:148   org.matsim.api.core.v01.events.handler.LinkLeaveEventHandler
2018-06-01 06:11:27,167  INFO EventsManagerImpl:207     &gt; org.matsim.api.core.v01.events.LinkLeaveEvent
2018-06-01 06:11:27,167  INFO EventsManagerImpl:148   org.matsim.api.core.v01.events.handler.LinkEnterEventHandler
2018-06-01 06:11:27,168  INFO EventsManagerImpl:207     &gt; org.matsim.api.core.v01.events.LinkEnterEvent
2018-06-01 06:11:27,168  INFO EventsManagerImpl:148   org.matsim.core.api.experimental.events.handler.TeleportationArrivalEventHandler
2018-06-01 06:11:27,169  INFO EventsManagerImpl:207     &gt; org.matsim.core.api.experimental.events.TeleportationArrivalEvent
2018-06-01 06:11:27,169  INFO EventsManagerImpl:148   org.matsim.api.core.v01.events.handler.TransitDriverStartsEventHandler
2018-06-01 06:11:27,169  INFO EventsManagerImpl:207     &gt; org.matsim.api.core.v01.events.TransitDriverStartsEvent
2018-06-01 06:11:27,170  INFO EventsManagerImpl:148   org.matsim.api.core.v01.events.handler.PersonEntersVehicleEventHandler
2018-06-01 06:11:27,170  INFO EventsManagerImpl:207     &gt; org.matsim.api.core.v01.events.PersonEntersVehicleEvent
2018-06-01 06:11:27,170  INFO EventsManagerImpl:148   org.matsim.core.api.experimental.events.handler.VehicleArrivesAtFacilityEventHandler
2018-06-01 06:11:27,171  INFO EventsManagerImpl:207     &gt; org.matsim.core.api.experimental.events.VehicleArrivesAtFacilityEvent
2018-06-01 06:11:27,171  INFO EventsManagerImpl:148   org.matsim.api.core.v01.events.handler.VehicleEntersTrafficEventHandler
2018-06-01 06:11:27,171  INFO EventsManagerImpl:207     &gt; org.matsim.api.core.v01.events.VehicleEntersTrafficEvent
2018-06-01 06:11:27,172  INFO EventsManagerImpl:148   org.matsim.api.core.v01.events.handler.VehicleLeavesTrafficEventHandler
2018-06-01 06:11:27,172  INFO EventsManagerImpl:207     &gt; org.matsim.api.core.v01.events.VehicleLeavesTrafficEvent
2018-06-01 06:11:27,172  INFO EventsManagerImpl:156 
2018-06-01 06:11:27,173  INFO EventsManagerImpl:144 adding Event-Handler: org.matsim.core.scoring.ScoringFunctionsForPopulation
2018-06-01 06:11:27,174  INFO EventsManagerImpl:148   org.matsim.core.events.handler.BasicEventHandler
2018-06-01 06:11:27,174  INFO EventsManagerImpl:207     &gt; org.matsim.api.core.v01.events.Event
2018-06-01 06:11:27,174  INFO EventsManagerImpl:148   org.matsim.core.scoring.EventsToLegs$LegHandler
2018-06-01 06:11:27,175  INFO EventsManagerImpl:148   org.matsim.core.scoring.EventsToActivities$ActivityHandler
2018-06-01 06:11:27,175  INFO EventsManagerImpl:156 
2018-06-01 06:11:27,176  INFO EventsManagerImpl:144 adding Event-Handler: org.matsim.core.scoring.ScoringFunctionsForPopulation
2018-06-01 06:11:27,176  INFO EventsManagerImpl:148   org.matsim.core.events.handler.BasicEventHandler
2018-06-01 06:11:27,176  INFO EventsManagerImpl:207     &gt; org.matsim.api.core.v01.events.Event
2018-06-01 06:11:27,176  INFO EventsManagerImpl:148   org.matsim.core.scoring.EventsToLegs$LegHandler
2018-06-01 06:11:27,177  INFO EventsManagerImpl:148   org.matsim.core.scoring.EventsToActivities$ActivityHandler
2018-06-01 06:11:27,177  INFO EventsManagerImpl:156 
2018-06-01 06:11:27,190  INFO CalcLinkStats:151  resetting `count&apos; to zero.  This info is here since we want to check when this is happening during normal simulation runs.  kai, jan&apos;11
2018-06-01 06:11:27,193  INFO EventsManagerImpl:144 adding Event-Handler: org.matsim.analysis.VolumesAnalyzer
2018-06-01 06:11:27,193  INFO EventsManagerImpl:148   org.matsim.api.core.v01.events.handler.LinkLeaveEventHandler
2018-06-01 06:11:27,193  INFO EventsManagerImpl:207     &gt; org.matsim.api.core.v01.events.LinkLeaveEvent
2018-06-01 06:11:27,194  INFO EventsManagerImpl:148   org.matsim.api.core.v01.events.handler.VehicleEntersTrafficEventHandler
2018-06-01 06:11:27,194  INFO EventsManagerImpl:207     &gt; org.matsim.api.core.v01.events.VehicleEntersTrafficEvent
2018-06-01 06:11:27,195  INFO EventsManagerImpl:156 
2018-06-01 06:11:27,195  INFO EventsManagerImpl:144 adding Event-Handler: org.matsim.analysis.VolumesAnalyzer
2018-06-01 06:11:27,195  INFO EventsManagerImpl:148   org.matsim.api.core.v01.events.handler.LinkLeaveEventHandler
2018-06-01 06:11:27,196  INFO EventsManagerImpl:207     &gt; org.matsim.api.core.v01.events.LinkLeaveEvent
2018-06-01 06:11:27,196  INFO EventsManagerImpl:148   org.matsim.api.core.v01.events.handler.VehicleEntersTrafficEventHandler
2018-06-01 06:11:27,196  INFO EventsManagerImpl:207     &gt; org.matsim.api.core.v01.events.VehicleEntersTrafficEvent
2018-06-01 06:11:27,197  INFO EventsManagerImpl:156 
2018-06-01 06:11:27,197  INFO EventsManagerImpl:144 adding Event-Handler: org.matsim.analysis.LegHistogram
2018-06-01 06:11:27,198  INFO EventsManagerImpl:148   org.matsim.api.core.v01.events.handler.PersonDepartureEventHandler
2018-06-01 06:11:27,198  INFO EventsManagerImpl:207     &gt; org.matsim.api.core.v01.events.PersonDepartureEvent
2018-06-01 06:11:27,198  INFO EventsManagerImpl:148   org.matsim.api.core.v01.events.handler.PersonArrivalEventHandler
2018-06-01 06:11:27,199  INFO EventsManagerImpl:207     &gt; org.matsim.api.core.v01.events.PersonArrivalEvent
2018-06-01 06:11:27,199  INFO EventsManagerImpl:148   org.matsim.api.core.v01.events.handler.PersonStuckEventHandler
2018-06-01 06:11:27,200  INFO EventsManagerImpl:207     &gt; org.matsim.api.core.v01.events.PersonStuckEvent
2018-06-01 06:11:27,200  INFO EventsManagerImpl:156 
2018-06-01 06:11:27,200  INFO EventsManagerImpl:144 adding Event-Handler: org.matsim.analysis.LegHistogram
2018-06-01 06:11:27,201  INFO EventsManagerImpl:148   org.matsim.api.core.v01.events.handler.PersonDepartureEventHandler
2018-06-01 06:11:27,201  INFO EventsManagerImpl:207     &gt; org.matsim.api.core.v01.events.PersonDepartureEvent
2018-06-01 06:11:27,201  INFO EventsManagerImpl:148   org.matsim.api.core.v01.events.handler.PersonArrivalEventHandler
2018-06-01 06:11:27,202  INFO EventsManagerImpl:207     &gt; org.matsim.api.core.v01.events.PersonArrivalEvent
2018-06-01 06:11:27,202  INFO EventsManagerImpl:148   org.matsim.api.core.v01.events.handler.PersonStuckEventHandler
2018-06-01 06:11:27,202  INFO EventsManagerImpl:207     &gt; org.matsim.api.core.v01.events.PersonStuckEvent
2018-06-01 06:11:27,203  INFO EventsManagerImpl:156 
2018-06-01 06:11:27,203  INFO EventsManagerImpl:144 adding Event-Handler: org.matsim.analysis.CalcLegTimes
2018-06-01 06:11:27,203  INFO EventsManagerImpl:148   org.matsim.api.core.v01.events.handler.PersonDepartureEventHandler
2018-06-01 06:11:27,204  INFO EventsManagerImpl:207     &gt; org.matsim.api.core.v01.events.PersonDepartureEvent
2018-06-01 06:11:27,204  INFO EventsManagerImpl:148   org.matsim.api.core.v01.events.handler.PersonArrivalEventHandler
2018-06-01 06:11:27,205  INFO EventsManagerImpl:207     &gt; org.matsim.api.core.v01.events.PersonArrivalEvent
2018-06-01 06:11:27,205  INFO EventsManagerImpl:148   org.matsim.api.core.v01.events.handler.ActivityEndEventHandler
2018-06-01 06:11:27,205  INFO EventsManagerImpl:207     &gt; org.matsim.api.core.v01.events.ActivityEndEvent
2018-06-01 06:11:27,206  INFO EventsManagerImpl:148   org.matsim.api.core.v01.events.handler.ActivityStartEventHandler
2018-06-01 06:11:27,206  INFO EventsManagerImpl:207     &gt; org.matsim.api.core.v01.events.ActivityStartEvent
2018-06-01 06:11:27,206  INFO EventsManagerImpl:156 
2018-06-01 06:11:27,207  INFO EventsManagerImpl:144 adding Event-Handler: org.matsim.analysis.CalcLegTimes
2018-06-01 06:11:27,207  INFO EventsManagerImpl:148   org.matsim.api.core.v01.events.handler.PersonDepartureEventHandler
2018-06-01 06:11:27,207  INFO EventsManagerImpl:207     &gt; org.matsim.api.core.v01.events.PersonDepartureEvent
2018-06-01 06:11:27,208  INFO EventsManagerImpl:148   org.matsim.api.core.v01.events.handler.PersonArrivalEventHandler
2018-06-01 06:11:27,208  INFO EventsManagerImpl:207     &gt; org.matsim.api.core.v01.events.PersonArrivalEvent
2018-06-01 06:11:27,208  INFO EventsManagerImpl:148   org.matsim.api.core.v01.events.handler.ActivityEndEventHandler
2018-06-01 06:11:27,209  INFO EventsManagerImpl:207     &gt; org.matsim.api.core.v01.events.ActivityEndEvent
2018-06-01 06:11:27,209  INFO EventsManagerImpl:148   org.matsim.api.core.v01.events.handler.ActivityStartEventHandler
2018-06-01 06:11:27,209  INFO EventsManagerImpl:207     &gt; org.matsim.api.core.v01.events.ActivityStartEvent
2018-06-01 06:11:27,210  INFO EventsManagerImpl:156 
2018-06-01 06:11:27,217  INFO Gbl:57 JVM: 1.8.0_121; Oracle Corporation; mixed mode; 64-bit
2018-06-01 06:11:27,218  INFO Gbl:61 OS: Linux; 3.10.0-862.3.2.el7.x86_64; amd64
2018-06-01 06:11:27,218  INFO Gbl:64 CPU cores: 8
2018-06-01 06:11:27,219  INFO Gbl:65 max. Memory: 3527.5MB (3698851840B)
2018-06-01 06:11:27,220  INFO Gbl:103 MATSim-Build: r396c52044b6d43b42cc2ba27330fd2b00fae9433 (2017-11-22 12:45:01)
2018-06-01 06:11:27,220  INFO AbstractController:58 Used Controler-Class: org.matsim.core.controler.NewControler
2018-06-01 06:11:27,220  INFO Config:536 ConfigConsistencyChecker with runtime type=class org.matsim.core.config.consistency.ConfigConsistencyCheckerImpl was already added; not adding it a second time
2018-06-01 06:11:27,221  INFO EventsManagerImpl:144 adding Event-Handler: ch.ethz.idsc.amodeus.matsim.StandardMATSimScenarioTest$4$1
2018-06-01 06:11:27,222  INFO EventsManagerImpl:148   org.matsim.api.core.v01.events.handler.LinkEnterEventHandler
2018-06-01 06:11:27,222  INFO EventsManagerImpl:207     &gt; org.matsim.api.core.v01.events.LinkEnterEvent
2018-06-01 06:11:27,222  INFO EventsManagerImpl:156 
2018-06-01 06:11:27,222  INFO EventsManagerImpl:144 adding Event-Handler: ch.ethz.idsc.amodeus.matsim.StandardMATSimScenarioTest$4$1
2018-06-01 06:11:27,223  INFO EventsManagerImpl:148   org.matsim.api.core.v01.events.handler.LinkEnterEventHandler
2018-06-01 06:11:27,223  INFO EventsManagerImpl:207     &gt; org.matsim.api.core.v01.events.LinkEnterEvent
2018-06-01 06:11:27,223  INFO EventsManagerImpl:156 
2018-06-01 06:11:27,224  INFO EventsManagerImpl:144 adding Event-Handler: ch.ethz.matsim.av.scenario.TestScenarioAnalyzer
2018-06-01 06:11:27,224  INFO EventsManagerImpl:148   org.matsim.api.core.v01.events.handler.PersonDepartureEventHandler
2018-06-01 06:11:27,224  INFO EventsManagerImpl:207     &gt; org.matsim.api.core.v01.events.PersonDepartureEvent
2018-06-01 06:11:27,224  INFO EventsManagerImpl:148   org.matsim.api.core.v01.events.handler.PersonArrivalEventHandler
2018-06-01 06:11:27,225  INFO EventsManagerImpl:207     &gt; org.matsim.api.core.v01.events.PersonArrivalEvent
2018-06-01 06:11:27,225  INFO EventsManagerImpl:148   com.google.inject.Module
2018-06-01 06:11:27,225  INFO EventsManagerImpl:156 
2018-06-01 06:11:27,225  INFO EventsManagerImpl:144 adding Event-Handler: ch.ethz.matsim.av.scenario.TestScenarioAnalyzer
2018-06-01 06:11:27,226  INFO EventsManagerImpl:148   org.matsim.api.core.v01.events.handler.PersonDepartureEventHandler
2018-06-01 06:11:27,226  INFO EventsManagerImpl:207     &gt; org.matsim.api.core.v01.events.PersonDepartureEvent
2018-06-01 06:11:27,226  INFO EventsManagerImpl:148   org.matsim.api.core.v01.events.handler.PersonArrivalEventHandler
2018-06-01 06:11:27,227  INFO EventsManagerImpl:207     &gt; org.matsim.api.core.v01.events.PersonArrivalEvent
2018-06-01 06:11:27,227  INFO EventsManagerImpl:148   com.google.inject.Module
2018-06-01 06:11:27,227  INFO EventsManagerImpl:156 
2018-06-01 06:11:27,228  INFO Injector:83 org.matsim.core.events.handler.EventHandler @com.google.inject.multibindings.Element(setName=,uniqueId=137, type=MULTIBINDER, keyType=)
2018-06-01 06:11:27,228  INFO Injector:84   --&gt; provider: of(ch.ethz.idsc.amodeus.matsim.StandardMATSimScenarioTest$4$1@620aa4ea)
2018-06-01 06:11:27,229  INFO Injector:85   --&gt; source: ch.ethz.idsc.amodeus.matsim.StandardMATSimScenarioTest$4.install(StandardMATSimScenarioTest.java:250)
2018-06-01 06:11:27,229  INFO Injector:87   --&gt; scope: eager singleton
2018-06-01 06:11:27,229  INFO Injector:91 
2018-06-01 06:11:27,229  INFO Injector:83 org.matsim.core.events.handler.EventHandler @com.google.inject.multibindings.Element(setName=,uniqueId=136, type=MULTIBINDER, keyType=)
2018-06-01 06:11:27,229  INFO Injector:84   --&gt; provider: of(ch.ethz.matsim.av.scenario.TestScenarioAnalyzer@265adfad)
2018-06-01 06:11:27,230  INFO Injector:85   --&gt; source: ch.ethz.matsim.av.scenario.TestScenarioAnalyzer.install(TestScenarioAnalyzer.java:31)
2018-06-01 06:11:27,230  INFO Injector:87   --&gt; scope: eager singleton
2018-06-01 06:11:27,230  INFO Injector:91 
2018-06-01 06:11:27,230  INFO Injector:83 org.matsim.api.core.v01.network.Network @com.google.inject.name.Named(value=dvrp_routing)
2018-06-01 06:11:27,234  INFO Injector:84   --&gt; provider: @Provides ch.ethz.idsc.amodeus.matsim.StandardMATSimScenarioTest$1.provideAVNetwork(StandardMATSimScenarioTest.java:181)[Scopes.SINGLETON]
2018-06-01 06:11:27,234  INFO Injector:85   --&gt; source: public org.matsim.api.core.v01.network.Network ch.ethz.idsc.amodeus.matsim.StandardMATSimScenarioTest$1.provideAVNetwork(org.matsim.api.core.v01.network.Network)
2018-06-01 06:11:27,234  INFO Injector:87   --&gt; scope: Scopes.SINGLETON
2018-06-01 06:11:27,235  INFO Injector:91 
2018-06-01 06:11:27,235  INFO Injector:83 org.matsim.core.router.RoutingModule @com.google.inject.name.Named(value=av)
2018-06-01 06:11:27,237  INFO Injector:84   --&gt; provider: FactoryProxy{key=Key[type=org.matsim.core.router.RoutingModule, annotation=@com.google.inject.name.Named(value=av)], provider=com.google.inject.internal.ConstructorBindingImpl$Factory@2c0f7678[Scopes.SINGLETON]}
2018-06-01 06:11:27,237  INFO Injector:85   --&gt; source: ch.ethz.matsim.av.framework.AVModule.install(AVModule.java:72)
2018-06-01 06:11:27,238  INFO Injector:87   --&gt; scope: Scopes.NO_SCOPE
2018-06-01 06:11:27,238  INFO Injector:91 
2018-06-01 06:11:27,239  INFO Injector:83 org.matsim.core.scoring.ScoringFunctionFactory 
2018-06-01 06:11:27,239  INFO Injector:84   --&gt; provider: FactoryProxy{key=Key[type=org.matsim.core.scoring.ScoringFunctionFactory, annotation=[none]], provider=com.google.inject.internal.ConstructorBindingImpl$Factory@50b1f030[Scopes.SINGLETON]}[Scopes.SINGLETON]
2018-06-01 06:11:27,239  INFO Injector:85   --&gt; source: ch.ethz.matsim.av.framework.AVModule.install(AVModule.java:73)
2018-06-01 06:11:27,239  INFO Injector:87   --&gt; scope: eager singleton
2018-06-01 06:11:27,240  INFO Injector:91 
2018-06-01 06:11:27,240  INFO Injector:83 org.matsim.core.controler.listener.ControlerListener @com.google.inject.multibindings.Element(setName=,uniqueId=114, type=MULTIBINDER, keyType=)
2018-06-01 06:11:27,240  INFO Injector:84   --&gt; provider: FactoryProxy{key=Key[type=org.matsim.core.controler.listener.ControlerListener, annotation=@com.google.inject.multibindings.Element(setName=,uniqueId=114, type=MULTIBINDER, keyType=)], provider=com.google.inject.internal.ConstructorBindingImpl$Factory@5f574cc2[Scopes.SINGLETON]}
2018-06-01 06:11:27,241  INFO Injector:85   --&gt; source: ch.ethz.matsim.av.framework.AVModule.install(AVModule.java:74)
2018-06-01 06:11:27,241  INFO Injector:87   --&gt; scope: Scopes.NO_SCOPE
2018-06-01 06:11:27,241  INFO Injector:91 
2018-06-01 06:11:27,242  INFO Injector:83 org.matsim.core.replanning.PlanStrategy @com.google.inject.name.Named(value=AVOperatorChoice)
2018-06-01 06:11:27,242  INFO Injector:84   --&gt; provider: FactoryProxy{key=Key[type=org.matsim.core.replanning.PlanStrategy, annotation=@com.google.inject.name.Named(value=AVOperatorChoice)], provider=com.google.inject.internal.ConstructorBindingImpl$Factory@60222fd8[Scopes.SINGLETON]}
2018-06-01 06:11:27,242  INFO Injector:85   --&gt; source: ch.ethz.matsim.av.framework.AVModule.install(AVModule.java:77)
2018-06-01 06:11:27,242  INFO Injector:87   --&gt; scope: Scopes.NO_SCOPE
2018-06-01 06:11:27,242  INFO Injector:91 
2018-06-01 06:11:27,243  INFO Injector:83 org.matsim.core.router.util.TravelTime @com.google.inject.name.Named(value=av)
2018-06-01 06:11:27,243  INFO Injector:84   --&gt; provider: FactoryProxy{key=Key[type=org.matsim.core.router.util.TravelTime, annotation=@com.google.inject.name.Named(value=av)], provider=FactoryProxy{key=Key[type=org.matsim.core.router.util.TravelTime, annotation=@com.google.inject.name.Named(value=dvrp_estimated)], provider=FactoryProxy{key=Key[type=org.matsim.contrib.dvrp.trafficmonitoring.DvrpTravelTimeEstimator, annotation=[none]], provider=com.google.inject.internal.ConstructorBindingImpl$Factory@7cf7aee}[Scopes.SINGLETON]}}
2018-06-01 06:11:27,243  INFO Injector:85   --&gt; source: ch.ethz.matsim.av.framework.AVModule.install(AVModule.java:80)
2018-06-01 06:11:27,243  INFO Injector:87   --&gt; scope: Scopes.NO_SCOPE
2018-06-01 06:11:27,243  INFO Injector:91 
2018-06-01 06:11:27,244  INFO Injector:83 org.matsim.vehicles.VehicleType @com.google.inject.name.Named(value=av)
2018-06-01 06:11:27,244  INFO Injector:84   --&gt; provider: of(org.matsim.vehicles.VehicleTypeImpl@3c1e23ff)
2018-06-01 06:11:27,244  INFO Injector:85   --&gt; source: ch.ethz.matsim.av.framework.AVModule.install(AVModule.java:83)
2018-06-01 06:11:27,244  INFO Injector:87   --&gt; scope: eager singleton
2018-06-01 06:11:27,244  INFO Injector:91 
2018-06-01 06:11:27,245  INFO Injector:83 org.matsim.api.core.v01.network.Network @com.google.inject.name.Named(value=av)
2018-06-01 06:11:27,245  INFO Injector:84   --&gt; provider: FactoryProxy{key=Key[type=org.matsim.api.core.v01.network.Network, annotation=@com.google.inject.name.Named(value=av)], provider=@Provides ch.ethz.idsc.amodeus.matsim.StandardMATSimScenarioTest$1.provideAVNetwork(StandardMATSimScenarioTest.java:181)[Scopes.SINGLETON]}
2018-06-01 06:11:27,245  INFO Injector:85   --&gt; source: ch.ethz.matsim.av.framework.AVModule.install(AVModule.java:93)
2018-06-01 06:11:27,245  INFO Injector:87   --&gt; scope: Scopes.NO_SCOPE
2018-06-01 06:11:27,246  INFO Injector:91 
2018-06-01 06:11:27,246  INFO Injector:83 org.matsim.core.controler.listener.ControlerListener @com.google.inject.multibindings.Element(setName=,uniqueId=123, type=MULTIBINDER, keyType=)
2018-06-01 06:11:27,247  INFO Injector:84   --&gt; provider: FactoryProxy{key=Key[type=org.matsim.core.controler.listener.ControlerListener, annotation=@com.google.inject.multibindings.Element(setName=,uniqueId=123, type=MULTIBINDER, keyType=)], provider=@Provides ch.ethz.matsim.av.framework.AVModule.provideParallelLeastCostPathCalculatorShutdownListener(AVModule.java:66)[Scopes.SINGLETON]}
2018-06-01 06:11:27,247  INFO Injector:85   --&gt; source: ch.ethz.matsim.av.framework.AVModule.install(AVModule.java:96)
2018-06-01 06:11:27,248  INFO Injector:87   --&gt; scope: Scopes.NO_SCOPE
2018-06-01 06:11:27,248  INFO Injector:91 
2018-06-01 06:11:27,248  INFO Injector:83 org.matsim.core.population.routes.RouteFactories 
2018-06-01 06:11:27,248  INFO Injector:84   --&gt; provider: @Provides ch.ethz.matsim.av.framework.AVModule.provideRouteFactories(AVModule.java:139)
2018-06-01 06:11:27,249  INFO Injector:85   --&gt; source: org.matsim.core.population.routes.RouteFactories ch.ethz.matsim.av.framework.AVModule.provideRouteFactories(ch.ethz.matsim.av.routing.AVRouteFactory)
2018-06-01 06:11:27,249  INFO Injector:87   --&gt; scope: Scopes.NO_SCOPE
2018-06-01 06:11:27,249  INFO Injector:91 
2018-06-01 06:11:27,249  INFO Injector:83 org.matsim.core.router.util.LeastCostPathCalculator @com.google.inject.name.Named(value=av)
2018-06-01 06:11:27,249  INFO Injector:84   --&gt; provider: @Provides ch.ethz.matsim.av.framework.AVModule.provideLeastCostPathCalculator(AVModule.java:149)
2018-06-01 06:11:27,250  INFO Injector:85   --&gt; source: org.matsim.core.router.util.LeastCostPathCalculator ch.ethz.matsim.av.framework.AVModule.provideLeastCostPathCalculator(org.matsim.api.core.v01.network.Network,org.matsim.core.router.util.TravelTime)
2018-06-01 06:11:27,250  INFO Injector:87   --&gt; scope: Scopes.NO_SCOPE
2018-06-01 06:11:27,250  INFO Injector:91 
2018-06-01 06:11:27,250  INFO Injector:83 org.matsim.core.router.util.TravelTime @com.google.inject.name.Named(value=dvrp_initial)
2018-06-01 06:11:27,250  INFO Injector:84   --&gt; provider: of(org.matsim.core.trafficmonitoring.FreeSpeedTravelTime@78d50a3c)
2018-06-01 06:11:27,251  INFO Injector:85   --&gt; source: org.matsim.contrib.dvrp.trafficmonitoring.DvrpTravelTimeModule.install(DvrpTravelTimeModule.java:40)
2018-06-01 06:11:27,251  INFO Injector:87   --&gt; scope: eager singleton
2018-06-01 06:11:27,251  INFO Injector:91 
2018-06-01 06:11:27,251  INFO Injector:83 org.matsim.contrib.dvrp.trafficmonitoring.DvrpTravelTimeEstimator 
2018-06-01 06:11:27,252  INFO Injector:84   --&gt; provider: FactoryProxy{key=Key[type=org.matsim.contrib.dvrp.trafficmonitoring.DvrpTravelTimeEstimator, annotation=[none]], provider=com.google.inject.internal.ConstructorBindingImpl$Factory@7cf7aee}[Scopes.SINGLETON]
2018-06-01 06:11:27,252  INFO Injector:85   --&gt; source: org.matsim.contrib.dvrp.trafficmonitoring.DvrpTravelTimeModule.install(DvrpTravelTimeModule.java:42)
2018-06-01 06:11:27,252  INFO Injector:87   --&gt; scope: eager singleton
2018-06-01 06:11:27,252  INFO Injector:91 
2018-06-01 06:11:27,252  INFO Injector:83 org.matsim.core.router.util.TravelTime @com.google.inject.name.Named(value=dvrp_estimated)
2018-06-01 06:11:27,253  INFO Injector:84   --&gt; provider: FactoryProxy{key=Key[type=org.matsim.core.router.util.TravelTime, annotation=@com.google.inject.name.Named(value=dvrp_estimated)], provider=FactoryProxy{key=Key[type=org.matsim.contrib.dvrp.trafficmonitoring.DvrpTravelTimeEstimator, annotation=[none]], provider=com.google.inject.internal.ConstructorBindingImpl$Factory@7cf7aee}[Scopes.SINGLETON]}
2018-06-01 06:11:27,253  INFO Injector:85   --&gt; source: org.matsim.contrib.dvrp.trafficmonitoring.DvrpTravelTimeModule.install(DvrpTravelTimeModule.java:43)
2018-06-01 06:11:27,253  INFO Injector:87   --&gt; scope: Scopes.NO_SCOPE
2018-06-01 06:11:27,253  INFO Injector:91 
2018-06-01 06:11:27,254  INFO Injector:83 org.matsim.core.mobsim.framework.listeners.MobsimListener @com.google.inject.multibindings.Element(setName=,uniqueId=113, type=MULTIBINDER, keyType=)
2018-06-01 06:11:27,254  INFO Injector:84   --&gt; provider: FactoryProxy{key=Key[type=org.matsim.core.mobsim.framework.listeners.MobsimListener, annotation=@com.google.inject.multibindings.Element(setName=,uniqueId=113, type=MULTIBINDER, keyType=)], provider=FactoryProxy{key=Key[type=org.matsim.contrib.dvrp.trafficmonitoring.DvrpTravelTimeEstimator, annotation=[none]], provider=com.google.inject.internal.ConstructorBindingImpl$Factory@7cf7aee}[Scopes.SINGLETON]}
2018-06-01 06:11:27,254  INFO Injector:85   --&gt; source: org.matsim.contrib.dvrp.trafficmonitoring.DvrpTravelTimeModule.install(DvrpTravelTimeModule.java:44)
2018-06-01 06:11:27,254  INFO Injector:87   --&gt; scope: Scopes.NO_SCOPE
2018-06-01 06:11:27,254  INFO Injector:91 
2018-06-01 06:11:27,255  INFO Injector:83 org.matsim.core.router.util.TravelTime @com.google.inject.name.Named(value=dvrp_observed)
2018-06-01 06:11:27,255  INFO Injector:84   --&gt; provider: @Provides org.matsim.contrib.dvrp.trafficmonitoring.DvrpTravelTimeModule.provideTravelTime(DvrpTravelTimeModule.java:51)[Scopes.SINGLETON]
2018-06-01 06:11:27,256  INFO Injector:85   --&gt; source: org.matsim.core.router.util.TravelTime org.matsim.contrib.dvrp.trafficmonitoring.DvrpTravelTimeModule.provideTravelTime(org.matsim.core.router.util.TravelTime)
2018-06-01 06:11:27,256  INFO Injector:87   --&gt; scope: Scopes.SINGLETON
2018-06-01 06:11:27,256  INFO Injector:91 
2018-06-01 06:11:27,256  INFO Injector:83 org.matsim.api.core.v01.Scenario 
2018-06-01 06:11:27,256  INFO Injector:84   --&gt; provider: of(org.matsim.core.scenario.MutableScenario@15fc442)
2018-06-01 06:11:27,257  INFO Injector:85   --&gt; source: org.matsim.core.scenario.ScenarioByInstanceModule.install(ScenarioByInstanceModule.java:31)
2018-06-01 06:11:27,257  INFO Injector:87   --&gt; scope: eager singleton
2018-06-01 06:11:27,257  INFO Injector:91 
2018-06-01 06:11:27,257  INFO Injector:83 org.matsim.vehicles.Vehicles 
2018-06-01 06:11:27,258  INFO Injector:84   --&gt; provider: @Provides org.matsim.core.scenario.ScenarioByInstanceModule.provideVehicles(ScenarioByInstanceModule.java:61)
2018-06-01 06:11:27,258  INFO Injector:85   --&gt; source: org.matsim.vehicles.Vehicles org.matsim.core.scenario.ScenarioByInstanceModule.provideVehicles(org.matsim.api.core.v01.Scenario)
2018-06-01 06:11:27,258  INFO Injector:87   --&gt; scope: Scopes.NO_SCOPE
2018-06-01 06:11:27,258  INFO Injector:91 
2018-06-01 06:11:27,259  INFO Injector:83 org.matsim.api.core.v01.population.Population 
2018-06-01 06:11:27,259  INFO Injector:84   --&gt; provider: @Provides org.matsim.core.scenario.ScenarioByInstanceModule.providePopulation(ScenarioByInstanceModule.java:43)
2018-06-01 06:11:27,259  INFO Injector:85   --&gt; source: org.matsim.api.core.v01.population.Population org.matsim.core.scenario.ScenarioByInstanceModule.providePopulation(org.matsim.api.core.v01.Scenario)
2018-06-01 06:11:27,259  INFO Injector:87   --&gt; scope: Scopes.NO_SCOPE
2018-06-01 06:11:27,259  INFO Injector:91 
2018-06-01 06:11:27,260  INFO Injector:83 org.matsim.api.core.v01.population.PopulationFactory 
2018-06-01 06:11:27,260  INFO Injector:84   --&gt; provider: @Provides org.matsim.core.scenario.ScenarioByInstanceModule.providePopulationFactory(ScenarioByInstanceModule.java:47)
2018-06-01 06:11:27,260  INFO Injector:85   --&gt; source: org.matsim.api.core.v01.population.PopulationFactory org.matsim.core.scenario.ScenarioByInstanceModule.providePopulationFactory(org.matsim.api.core.v01.population.Population)
2018-06-01 06:11:27,260  INFO Injector:87   --&gt; scope: Scopes.NO_SCOPE
2018-06-01 06:11:27,261  INFO Injector:91 
2018-06-01 06:11:27,261  INFO Injector:83 org.matsim.facilities.ActivityFacilities 
2018-06-01 06:11:27,261  INFO Injector:84   --&gt; provider: @Provides org.matsim.core.scenario.ScenarioByInstanceModule.provideActivityFacilities(ScenarioByInstanceModule.java:51)
2018-06-01 06:11:27,261  INFO Injector:85   --&gt; source: org.matsim.facilities.ActivityFacilities org.matsim.core.scenario.ScenarioByInstanceModule.provideActivityFacilities(org.matsim.api.core.v01.Scenario)
2018-06-01 06:11:27,261  INFO Injector:87   --&gt; scope: Scopes.NO_SCOPE
2018-06-01 06:11:27,262  INFO Injector:91 
2018-06-01 06:11:27,262  INFO Injector:83 org.matsim.households.Households 
2018-06-01 06:11:27,262  INFO Injector:84   --&gt; provider: @Provides org.matsim.core.scenario.ScenarioByInstanceModule.provideHouseholds(ScenarioByInstanceModule.java:56)
2018-06-01 06:11:27,262  INFO Injector:85   --&gt; source: org.matsim.households.Households org.matsim.core.scenario.ScenarioByInstanceModule.provideHouseholds(org.matsim.api.core.v01.Scenario)
2018-06-01 06:11:27,262  INFO Injector:87   --&gt; scope: Scopes.NO_SCOPE
2018-06-01 06:11:27,263  INFO Injector:91 
2018-06-01 06:11:27,263  INFO Injector:83 org.matsim.api.core.v01.network.Network 
2018-06-01 06:11:27,263  INFO Injector:84   --&gt; provider: @Provides org.matsim.core.scenario.ScenarioByInstanceModule.provideNetwork(ScenarioByInstanceModule.java:39)
2018-06-01 06:11:27,263  INFO Injector:85   --&gt; source: org.matsim.api.core.v01.network.Network org.matsim.core.scenario.ScenarioByInstanceModule.provideNetwork(org.matsim.api.core.v01.Scenario)
2018-06-01 06:11:27,263  INFO Injector:87   --&gt; scope: Scopes.NO_SCOPE
2018-06-01 06:11:27,264  INFO Injector:91 
2018-06-01 06:11:27,264  INFO Injector:83 org.matsim.lanes.data.Lanes 
2018-06-01 06:11:27,264  INFO Injector:84   --&gt; provider: @Provides org.matsim.core.scenario.ScenarioByInstanceModule.provideLanes(ScenarioByInstanceModule.java:66)
2018-06-01 06:11:27,264  INFO Injector:85   --&gt; source: org.matsim.lanes.data.Lanes org.matsim.core.scenario.ScenarioByInstanceModule.provideLanes(org.matsim.api.core.v01.Scenario)
2018-06-01 06:11:27,264  INFO Injector:87   --&gt; scope: Scopes.NO_SCOPE
2018-06-01 06:11:27,265  INFO Injector:91 
2018-06-01 06:11:27,265  INFO Injector:83 org.matsim.core.controler.ControlerI 
2018-06-01 06:11:27,265  INFO Injector:84   --&gt; provider: FactoryProxy{key=Key[type=org.matsim.core.controler.ControlerI, annotation=[none]], provider=com.google.inject.internal.ConstructorBindingImpl$Factory@72889280}[Scopes.SINGLETON]
2018-06-01 06:11:27,265  INFO Injector:85   --&gt; source: org.matsim.core.controler.NewControlerModule.install(NewControlerModule.java:8)
2018-06-01 06:11:27,265  INFO Injector:87   --&gt; scope: eager singleton
2018-06-01 06:11:27,266  INFO Injector:91 
2018-06-01 06:11:27,266  INFO Injector:83 org.matsim.core.controler.ControlerListenerManager 
2018-06-01 06:11:27,266  INFO Injector:84   --&gt; provider: FactoryProxy{key=Key[type=org.matsim.core.controler.ControlerListenerManager, annotation=[none]], provider=com.google.inject.internal.ConstructorBindingImpl$Factory@7f34a967[Scopes.SINGLETON]}
2018-06-01 06:11:27,266  INFO Injector:85   --&gt; source: org.matsim.core.controler.NewControlerModule.install(NewControlerModule.java:10)
2018-06-01 06:11:27,266  INFO Injector:87   --&gt; scope: Scopes.NO_SCOPE
2018-06-01 06:11:27,267  INFO Injector:91 
2018-06-01 06:11:27,267  INFO Injector:83 org.matsim.core.controler.PrepareForSim 
2018-06-01 06:11:27,267  INFO Injector:84   --&gt; provider: FactoryProxy{key=Key[type=org.matsim.core.controler.PrepareForSim, annotation=[none]], provider=com.google.inject.internal.ConstructorBindingImpl$Factory@253c1256}
2018-06-01 06:11:27,267  INFO Injector:85   --&gt; source: org.matsim.core.controler.NewControlerModule.install(NewControlerModule.java:11)
2018-06-01 06:11:27,267  INFO Injector:87   --&gt; scope: Scopes.NO_SCOPE
2018-06-01 06:11:27,267  INFO Injector:91 
2018-06-01 06:11:27,268  INFO Injector:83 org.matsim.core.controler.TerminationCriterion 
2018-06-01 06:11:27,268  INFO Injector:84   --&gt; provider: FactoryProxy{key=Key[type=org.matsim.core.controler.TerminationCriterion, annotation=[none]], provider=com.google.inject.internal.ConstructorBindingImpl$Factory@4a325eb9}
2018-06-01 06:11:27,268  INFO Injector:85   --&gt; source: org.matsim.core.controler.NewControlerModule.install(NewControlerModule.java:14)
2018-06-01 06:11:27,268  INFO Injector:87   --&gt; scope: Scopes.NO_SCOPE
2018-06-01 06:11:27,268  INFO Injector:91 
2018-06-01 06:11:27,268  INFO Injector:83 org.matsim.core.controler.MatsimServices 
2018-06-01 06:11:27,269  INFO Injector:84   --&gt; provider: FactoryProxy{key=Key[type=org.matsim.core.controler.MatsimServices, annotation=[none]], provider=com.google.inject.internal.ConstructorBindingImpl$Factory@2c30b71f}
2018-06-01 06:11:27,269  INFO Injector:85   --&gt; source: org.matsim.core.controler.NewControlerModule.install(NewControlerModule.java:15)
2018-06-01 06:11:27,269  INFO Injector:87   --&gt; scope: Scopes.NO_SCOPE
2018-06-01 06:11:27,269  INFO Injector:91 
2018-06-01 06:11:27,269  INFO Injector:83 org.matsim.core.controler.corelisteners.PlansScoring 
2018-06-01 06:11:27,270  INFO Injector:84   --&gt; provider: FactoryProxy{key=Key[type=org.matsim.core.controler.corelisteners.PlansScoring, annotation=[none]], provider=com.google.inject.internal.ConstructorBindingImpl$Factory@1654a892[Scopes.SINGLETON]}
2018-06-01 06:11:27,270  INFO Injector:85   --&gt; source: org.matsim.core.scoring.PlansScoringModule.install(PlansScoringModule.java:11)
2018-06-01 06:11:27,270  INFO Injector:87   --&gt; scope: Scopes.NO_SCOPE
2018-06-01 06:11:27,270  INFO Injector:91 
2018-06-01 06:11:27,270  INFO Injector:83 org.matsim.core.controler.corelisteners.PlansReplanning 
2018-06-01 06:11:27,271  INFO Injector:84   --&gt; provider: FactoryProxy{key=Key[type=org.matsim.core.controler.corelisteners.PlansReplanning, annotation=[none]], provider=com.google.inject.internal.ConstructorBindingImpl$Factory@6974a715[Scopes.SINGLETON]}
2018-06-01 06:11:27,271  INFO Injector:85   --&gt; source: org.matsim.core.controler.corelisteners.ControlerDefaultCoreListenersModule.install(ControlerDefaultCoreListenersModule.java:38)
2018-06-01 06:11:27,271  INFO Injector:87   --&gt; scope: Scopes.NO_SCOPE
2018-06-01 06:11:27,271  INFO Injector:91 
2018-06-01 06:11:27,271  INFO Injector:83 org.matsim.core.controler.corelisteners.PlansDumping 
2018-06-01 06:11:27,272  INFO Injector:84   --&gt; provider: FactoryProxy{key=Key[type=org.matsim.core.controler.corelisteners.PlansDumping, annotation=[none]], provider=com.google.inject.internal.ConstructorBindingImpl$Factory@210f0cc1[Scopes.SINGLETON]}
2018-06-01 06:11:27,272  INFO Injector:85   --&gt; source: org.matsim.core.controler.corelisteners.ControlerDefaultCoreListenersModule.install(ControlerDefaultCoreListenersModule.java:39)
2018-06-01 06:11:27,272  INFO Injector:87   --&gt; scope: Scopes.NO_SCOPE
2018-06-01 06:11:27,272  INFO Injector:91 
2018-06-01 06:11:27,272  INFO Injector:83 org.matsim.core.controler.corelisteners.EventsHandling 
2018-06-01 06:11:27,273  INFO Injector:84   --&gt; provider: FactoryProxy{key=Key[type=org.matsim.core.controler.corelisteners.EventsHandling, annotation=[none]], provider=com.google.inject.internal.ConstructorBindingImpl$Factory@2c383e33[Scopes.SINGLETON]}
2018-06-01 06:11:27,273  INFO Injector:85   --&gt; source: org.matsim.core.controler.corelisteners.ControlerDefaultCoreListenersModule.install(ControlerDefaultCoreListenersModule.java:40)
2018-06-01 06:11:27,273  INFO Injector:87   --&gt; scope: Scopes.NO_SCOPE
2018-06-01 06:11:27,273  INFO Injector:91 
2018-06-01 06:11:27,274  INFO Injector:83 org.matsim.core.controler.corelisteners.DumpDataAtEnd 
2018-06-01 06:11:27,274  INFO Injector:84   --&gt; provider: FactoryProxy{key=Key[type=org.matsim.core.controler.corelisteners.DumpDataAtEnd, annotation=[none]], provider=com.google.inject.internal.ConstructorBindingImpl$Factory@4e6d7365[Scopes.SINGLETON]}
2018-06-01 06:11:27,274  INFO Injector:85   --&gt; source: org.matsim.core.controler.corelisteners.ControlerDefaultCoreListenersModule.install(ControlerDefaultCoreListenersModule.java:41)
2018-06-01 06:11:27,275  INFO Injector:87   --&gt; scope: Scopes.NO_SCOPE
2018-06-01 06:11:27,275  INFO Injector:91 
2018-06-01 06:11:27,275  INFO Injector:83 org.matsim.core.api.experimental.events.EventsManager 
2018-06-01 06:11:27,275  INFO Injector:84   --&gt; provider: FactoryProxy{key=Key[type=org.matsim.core.api.experimental.events.EventsManager, annotation=[none]], provider=com.google.inject.internal.ConstructorBindingImpl$Factory@36a7abe1}[Scopes.SINGLETON]
2018-06-01 06:11:27,276  INFO Injector:85   --&gt; source: org.matsim.core.events.EventsManagerModule.install(EventsManagerModule.java:23)
2018-06-01 06:11:27,276  INFO Injector:87   --&gt; scope: eager singleton
2018-06-01 06:11:27,276  INFO Injector:91 
2018-06-01 06:11:27,276  INFO Injector:83 org.matsim.core.mobsim.framework.Mobsim 
2018-06-01 06:11:27,277  INFO Injector:84   --&gt; provider: Key[type=org.matsim.core.mobsim.qsim.QSimProvider, annotation=[none]]
2018-06-01 06:11:27,277  INFO Injector:85   --&gt; source: org.matsim.core.mobsim.qsim.QSimModule.configure(QSimModule.java:28)
2018-06-01 06:11:27,277  INFO Injector:87   --&gt; scope: Scopes.NO_SCOPE
2018-06-01 06:11:27,277  INFO Injector:91 
2018-06-01 06:11:27,277  INFO Injector:83 org.matsim.core.mobsim.qsim.qnetsimengine.QNetworkFactory 
2018-06-01 06:11:27,278  INFO Injector:84   --&gt; provider: FactoryProxy{key=Key[type=org.matsim.core.mobsim.qsim.qnetsimengine.QNetworkFactory, annotation=[none]], provider=com.google.inject.internal.ConstructorBindingImpl$Factory@5a4ed68f}
2018-06-01 06:11:27,278  INFO Injector:85   --&gt; source: org.matsim.core.mobsim.qsim.QSimModule.configure(QSimModule.java:32)
2018-06-01 06:11:27,278  INFO Injector:87   --&gt; scope: Scopes.NO_SCOPE
2018-06-01 06:11:27,278  INFO Injector:91 
2018-06-01 06:11:27,279  INFO Injector:83 org.matsim.core.router.util.TravelTime @com.google.inject.name.Named(value=car)
2018-06-01 06:11:27,279  INFO Injector:84   --&gt; provider: Key[type=org.matsim.core.trafficmonitoring.ObservedLinkTravelTimes, annotation=[none]]
2018-06-01 06:11:27,279  INFO Injector:85   --&gt; source: org.matsim.core.trafficmonitoring.TravelTimeCalculatorModule.install(TravelTimeCalculatorModule.java:81)
2018-06-01 06:11:27,279  INFO Injector:87   --&gt; scope: Scopes.NO_SCOPE
2018-06-01 06:11:27,279  INFO Injector:91 
2018-06-01 06:11:27,280  INFO Injector:83 org.matsim.core.router.costcalculators.TravelDisutilityFactory @com.google.inject.name.Named(value=car)
2018-06-01 06:11:27,280  INFO Injector:84   --&gt; provider: of(org.matsim.core.router.costcalculators.RandomizingTimeDistanceTravelDisutilityFactory@cd7f1ae)
2018-06-01 06:11:27,280  INFO Injector:85   --&gt; source: org.matsim.core.router.costcalculators.TravelDisutilityModule.install(TravelDisutilityModule.java:34)
2018-06-01 06:11:27,280  INFO Injector:87   --&gt; scope: eager singleton
2018-06-01 06:11:27,280  INFO Injector:91 
2018-06-01 06:11:27,280  INFO Injector:83 org.matsim.core.scoring.functions.ScoringParametersForPerson 
2018-06-01 06:11:27,281  INFO Injector:84   --&gt; provider: FactoryProxy{key=Key[type=org.matsim.core.scoring.functions.ScoringParametersForPerson, annotation=[none]], provider=com.google.inject.internal.ConstructorBindingImpl$Factory@7d0332e1}
2018-06-01 06:11:27,281  INFO Injector:85   --&gt; source: org.matsim.core.scoring.functions.CharyparNagelScoringFunctionModule.install(CharyparNagelScoringFunctionModule.java:33)
2018-06-01 06:11:27,281  INFO Injector:87   --&gt; scope: Scopes.NO_SCOPE
2018-06-01 06:11:27,281  INFO Injector:91 
2018-06-01 06:11:27,293  INFO Injector:83 org.matsim.core.scoring.ExperiencedPlansService 
2018-06-01 06:11:27,293  INFO Injector:84   --&gt; provider: FactoryProxy{key=Key[type=org.matsim.core.scoring.ExperiencedPlansService, annotation=[none]], provider=com.google.inject.internal.ConstructorBindingImpl$Factory@430fa4ef}[Scopes.SINGLETON]
2018-06-01 06:11:27,293  INFO Injector:85   --&gt; source: org.matsim.core.scoring.ExperiencedPlansModule.install(ExperiencedPlansModule.java:10)
2018-06-01 06:11:27,294  INFO Injector:87   --&gt; scope: eager singleton
2018-06-01 06:11:27,294  INFO Injector:91 
2018-06-01 06:11:27,294  INFO Injector:83 org.matsim.core.router.MainModeIdentifier 
2018-06-01 06:11:27,294  INFO Injector:84   --&gt; provider: FactoryProxy{key=Key[type=org.matsim.core.router.MainModeIdentifier, annotation=[none]], provider=com.google.inject.internal.ConstructorBindingImpl$Factory@1ce93c18}
2018-06-01 06:11:27,295  INFO Injector:85   --&gt; source: org.matsim.core.router.TripRouterModule.install(TripRouterModule.java:44)
2018-06-01 06:11:27,295  INFO Injector:87   --&gt; scope: Scopes.NO_SCOPE
2018-06-01 06:11:27,295  INFO Injector:91 
2018-06-01 06:11:27,295  INFO Injector:83 org.matsim.core.router.util.LeastCostPathCalculatorFactory 
2018-06-01 06:11:27,296  INFO Injector:84   --&gt; provider: FactoryProxy{key=Key[type=org.matsim.core.router.util.LeastCostPathCalculatorFactory, annotation=[none]], provider=com.google.inject.internal.ConstructorBindingImpl$Factory@19f9d595[Scopes.SINGLETON]}
2018-06-01 06:11:27,296  INFO Injector:85   --&gt; source: org.matsim.core.router.LeastCostPathCalculatorModule.install(LeastCostPathCalculatorModule.java:40)
2018-06-01 06:11:27,296  INFO Injector:87   --&gt; scope: Scopes.NO_SCOPE
2018-06-01 06:11:27,296  INFO Injector:91 
2018-06-01 06:11:27,297  INFO Injector:83 org.matsim.core.router.RoutingModule @com.google.inject.name.Named(value=ride)
2018-06-01 06:11:27,297  INFO Injector:84   --&gt; provider: org.matsim.core.router.FreespeedFactorRouting@5dcbb60
2018-06-01 06:11:27,297  INFO Injector:85   --&gt; source: org.matsim.core.router.TripRouterModule.install(TripRouterModule.java:55)
2018-06-01 06:11:27,297  INFO Injector:87   --&gt; scope: Scopes.NO_SCOPE
2018-06-01 06:11:27,298  INFO Injector:91 
2018-06-01 06:11:27,298  INFO Injector:83 org.matsim.core.router.RoutingModule @com.google.inject.name.Named(value=pt)
2018-06-01 06:11:27,298  INFO Injector:84   --&gt; provider: org.matsim.core.router.FreespeedFactorRouting@4c36250e
2018-06-01 06:11:27,298  INFO Injector:85   --&gt; source: org.matsim.core.router.TripRouterModule.install(TripRouterModule.java:55)
2018-06-01 06:11:27,299  INFO Injector:87   --&gt; scope: Scopes.NO_SCOPE
2018-06-01 06:11:27,299  INFO Injector:91 
2018-06-01 06:11:27,299  INFO Injector:83 org.matsim.core.router.RoutingModule @com.google.inject.name.Named(value=bike)
2018-06-01 06:11:27,299  INFO Injector:84   --&gt; provider: org.matsim.core.router.BeelineTeleportationRouting@21526f6c
2018-06-01 06:11:27,300  INFO Injector:85   --&gt; source: org.matsim.core.router.TripRouterModule.install(TripRouterModule.java:58)
2018-06-01 06:11:27,300  INFO Injector:87   --&gt; scope: Scopes.NO_SCOPE
2018-06-01 06:11:27,300  INFO Injector:91 
2018-06-01 06:11:27,300  INFO Injector:83 org.matsim.core.router.RoutingModule @com.google.inject.name.Named(value=walk)
2018-06-01 06:11:27,301  INFO Injector:84   --&gt; provider: org.matsim.core.router.BeelineTeleportationRouting@49f5c307
2018-06-01 06:11:27,301  INFO Injector:85   --&gt; source: org.matsim.core.router.TripRouterModule.install(TripRouterModule.java:58)
2018-06-01 06:11:27,301  INFO Injector:87   --&gt; scope: Scopes.NO_SCOPE
2018-06-01 06:11:27,301  INFO Injector:91 
2018-06-01 06:11:27,302  INFO Injector:83 org.matsim.core.router.RoutingModule @com.google.inject.name.Named(value=access_walk)
2018-06-01 06:11:27,302  INFO Injector:84   --&gt; provider: org.matsim.core.router.BeelineTeleportationRouting@299266e2
2018-06-01 06:11:27,302  INFO Injector:85   --&gt; source: org.matsim.core.router.TripRouterModule.install(TripRouterModule.java:58)
2018-06-01 06:11:27,302  INFO Injector:87   --&gt; scope: Scopes.NO_SCOPE
2018-06-01 06:11:27,303  INFO Injector:91 
2018-06-01 06:11:27,303  INFO Injector:83 org.matsim.core.router.RoutingModule @com.google.inject.name.Named(value=egress_walk)
2018-06-01 06:11:27,303  INFO Injector:84   --&gt; provider: org.matsim.core.router.BeelineTeleportationRouting@5471388b
2018-06-01 06:11:27,303  INFO Injector:85   --&gt; source: org.matsim.core.router.TripRouterModule.install(TripRouterModule.java:58)
2018-06-01 06:11:27,303  INFO Injector:87   --&gt; scope: Scopes.NO_SCOPE
2018-06-01 06:11:27,304  INFO Injector:91 
2018-06-01 06:11:27,304  INFO Injector:83 org.matsim.core.router.RoutingModule @com.google.inject.name.Named(value=undefined)
2018-06-01 06:11:27,304  INFO Injector:84   --&gt; provider: org.matsim.core.router.BeelineTeleportationRouting@66ea1466
2018-06-01 06:11:27,305  INFO Injector:85   --&gt; source: org.matsim.core.router.TripRouterModule.install(TripRouterModule.java:58)
2018-06-01 06:11:27,305  INFO Injector:87   --&gt; scope: Scopes.NO_SCOPE
2018-06-01 06:11:27,305  INFO Injector:91 
2018-06-01 06:11:27,305  INFO Injector:83 org.matsim.core.router.RoutingModule @com.google.inject.name.Named(value=car)
2018-06-01 06:11:27,306  INFO Injector:84   --&gt; provider: org.matsim.core.router.NetworkRouting@1601e47
2018-06-01 06:11:27,306  INFO Injector:85   --&gt; source: org.matsim.core.router.TripRouterModule.install(TripRouterModule.java:66)
2018-06-01 06:11:27,306  INFO Injector:87   --&gt; scope: Scopes.NO_SCOPE
2018-06-01 06:11:27,306  INFO Injector:91 
2018-06-01 06:11:27,306  INFO Injector:83 org.matsim.core.replanning.selectors.PlanSelector&lt;org.matsim.api.core.v01.population.Plan, org.matsim.api.core.v01.population.Person&gt; 
2018-06-01 06:11:27,307  INFO Injector:84   --&gt; provider: FactoryProxy{key=Key[type=org.matsim.core.replanning.selectors.PlanSelector&lt;org.matsim.api.core.v01.population.Plan, org.matsim.api.core.v01.population.Person&gt;, annotation=[none]], provider=com.google.inject.internal.ConstructorBindingImpl$Factory@38b972d7}
2018-06-01 06:11:27,307  INFO Injector:85   --&gt; source: org.matsim.core.replanning.strategies.DefaultPlanStrategiesModule.install(DefaultPlanStrategiesModule.java:49)
2018-06-01 06:11:27,307  INFO Injector:87   --&gt; scope: Scopes.NO_SCOPE
2018-06-01 06:11:27,307  INFO Injector:91 
2018-06-01 06:11:27,308  INFO Injector:83 org.matsim.core.replanning.ReplanningContext 
2018-06-01 06:11:27,308  INFO Injector:84   --&gt; provider: FactoryProxy{key=Key[type=org.matsim.core.replanning.ReplanningContext, annotation=[none]], provider=com.google.inject.internal.ConstructorBindingImpl$Factory@534243e4[Scopes.SINGLETON]}[Scopes.SINGLETON]
2018-06-01 06:11:27,308  INFO Injector:85   --&gt; source: org.matsim.core.replanning.StrategyManagerModule.install(StrategyManagerModule.java:48)
2018-06-01 06:11:27,308  INFO Injector:87   --&gt; scope: eager singleton
2018-06-01 06:11:27,309  INFO Injector:91 
2018-06-01 06:11:27,310  INFO Injector:83 org.matsim.core.controler.listener.ControlerListener @com.google.inject.multibindings.Element(setName=,uniqueId=104, type=MULTIBINDER, keyType=)
2018-06-01 06:11:27,314  INFO Injector:84   --&gt; provider: FactoryProxy{key=Key[type=org.matsim.core.controler.listener.ControlerListener, annotation=@com.google.inject.multibindings.Element(setName=,uniqueId=104, type=MULTIBINDER, keyType=)], provider=com.google.inject.internal.ConstructorBindingImpl$Factory@1e411d81[Scopes.SINGLETON]}
2018-06-01 06:11:27,314  INFO Injector:85   --&gt; source: org.matsim.analysis.LinkStatsModule.install(LinkStatsModule.java:47)
2018-06-01 06:11:27,315  INFO Injector:87   --&gt; scope: Scopes.NO_SCOPE
2018-06-01 06:11:27,315  INFO Injector:91 
2018-06-01 06:11:27,316  INFO Injector:83 org.matsim.core.controler.listener.ControlerListener @com.google.inject.multibindings.Element(setName=,uniqueId=105, type=MULTIBINDER, keyType=)
2018-06-01 06:11:27,316  INFO Injector:84   --&gt; provider: FactoryProxy{key=Key[type=org.matsim.core.controler.listener.ControlerListener, annotation=@com.google.inject.multibindings.Element(setName=,uniqueId=105, type=MULTIBINDER, keyType=)], provider=com.google.inject.internal.ConstructorBindingImpl$Factory@36074e47}
2018-06-01 06:11:27,317  INFO Injector:85   --&gt; source: org.matsim.analysis.LegHistogramModule.install(LegHistogramModule.java:31)
2018-06-01 06:11:27,317  INFO Injector:87   --&gt; scope: Scopes.NO_SCOPE
2018-06-01 06:11:27,317  INFO Injector:91 
2018-06-01 06:11:27,318  INFO Injector:83 org.matsim.core.controler.listener.ControlerListener @com.google.inject.multibindings.Element(setName=,uniqueId=106, type=MULTIBINDER, keyType=)
2018-06-01 06:11:27,318  INFO Injector:84   --&gt; provider: FactoryProxy{key=Key[type=org.matsim.core.controler.listener.ControlerListener, annotation=@com.google.inject.multibindings.Element(setName=,uniqueId=106, type=MULTIBINDER, keyType=)], provider=com.google.inject.internal.ConstructorBindingImpl$Factory@6c8a68c1}
2018-06-01 06:11:27,319  INFO Injector:85   --&gt; source: org.matsim.analysis.LegTimesModule.install(LegTimesModule.java:32)
2018-06-01 06:11:27,319  INFO Injector:87   --&gt; scope: Scopes.NO_SCOPE
2018-06-01 06:11:27,320  INFO Injector:91 
2018-06-01 06:11:27,320  INFO Injector:83 org.matsim.core.controler.listener.ControlerListener @com.google.inject.multibindings.Element(setName=,uniqueId=107, type=MULTIBINDER, keyType=)
2018-06-01 06:11:27,320  INFO Injector:84   --&gt; provider: FactoryProxy{key=Key[type=org.matsim.core.controler.listener.ControlerListener, annotation=@com.google.inject.multibindings.Element(setName=,uniqueId=107, type=MULTIBINDER, keyType=)], provider=com.google.inject.internal.ConstructorBindingImpl$Factory@138a7441}
2018-06-01 06:11:27,321  INFO Injector:85   --&gt; source: org.matsim.analysis.TravelDistanceStatsModule.install(TravelDistanceStatsModule.java:11)
2018-06-01 06:11:27,321  INFO Injector:87   --&gt; scope: Scopes.NO_SCOPE
2018-06-01 06:11:27,322  INFO Injector:91 
2018-06-01 06:11:27,322  INFO Injector:83 org.matsim.core.controler.listener.ControlerListener @com.google.inject.multibindings.Element(setName=,uniqueId=108, type=MULTIBINDER, keyType=)
2018-06-01 06:11:27,323  INFO Injector:84   --&gt; provider: FactoryProxy{key=Key[type=org.matsim.core.controler.listener.ControlerListener, annotation=@com.google.inject.multibindings.Element(setName=,uniqueId=108, type=MULTIBINDER, keyType=)], provider=com.google.inject.internal.ConstructorBindingImpl$Factory@3088660d[Scopes.SINGLETON]}
2018-06-01 06:11:27,323  INFO Injector:85   --&gt; source: org.matsim.analysis.ScoreStatsModule.install(ScoreStatsModule.java:32)
2018-06-01 06:11:27,324  INFO Injector:87   --&gt; scope: Scopes.NO_SCOPE
2018-06-01 06:11:27,324  INFO Injector:91 
2018-06-01 06:11:27,325  INFO Injector:83 org.matsim.analysis.ScoreStats 
2018-06-01 06:11:27,325  INFO Injector:84   --&gt; provider: FactoryProxy{key=Key[type=org.matsim.analysis.ScoreStats, annotation=[none]], provider=com.google.inject.internal.ConstructorBindingImpl$Factory@3088660d[Scopes.SINGLETON]}
2018-06-01 06:11:27,326  INFO Injector:85   --&gt; source: org.matsim.analysis.ScoreStatsModule.install(ScoreStatsModule.java:33)
2018-06-01 06:11:27,326  INFO Injector:87   --&gt; scope: Scopes.NO_SCOPE
2018-06-01 06:11:27,326  INFO Injector:91 
2018-06-01 06:11:27,327  INFO Injector:83 org.matsim.core.controler.listener.ControlerListener @com.google.inject.multibindings.Element(setName=,uniqueId=109, type=MULTIBINDER, keyType=)
2018-06-01 06:11:27,327  INFO Injector:84   --&gt; provider: FactoryProxy{key=Key[type=org.matsim.core.controler.listener.ControlerListener, annotation=@com.google.inject.multibindings.Element(setName=,uniqueId=109, type=MULTIBINDER, keyType=)], provider=com.google.inject.internal.ConstructorBindingImpl$Factory@25cc7470[Scopes.SINGLETON]}
2018-06-01 06:11:27,328  INFO Injector:85   --&gt; source: org.matsim.analysis.ModeStatsModule.install(ModeStatsModule.java:32)
2018-06-01 06:11:27,328  INFO Injector:87   --&gt; scope: Scopes.NO_SCOPE
2018-06-01 06:11:27,329  INFO Injector:91 
2018-06-01 06:11:27,329  INFO Injector:83 org.matsim.core.controler.listener.ControlerListener @com.google.inject.multibindings.Element(setName=,uniqueId=110, type=MULTIBINDER, keyType=)
2018-06-01 06:11:27,329  INFO Injector:84   --&gt; provider: FactoryProxy{key=Key[type=org.matsim.core.controler.listener.ControlerListener, annotation=@com.google.inject.multibindings.Element(setName=,uniqueId=110, type=MULTIBINDER, keyType=)], provider=com.google.inject.internal.ConstructorBindingImpl$Factory@32639b12}
2018-06-01 06:11:27,330  INFO Injector:85   --&gt; source: org.matsim.counts.CountsModule.install(CountsModule.java:42)
2018-06-01 06:11:27,330  INFO Injector:87   --&gt; scope: Scopes.NO_SCOPE
2018-06-01 06:11:27,330  INFO Injector:91 
2018-06-01 06:11:27,331  INFO Injector:83 org.matsim.counts.Counts&lt;org.matsim.api.core.v01.network.Link&gt; 
2018-06-01 06:11:27,332  INFO Injector:84   --&gt; provider: @Provides org.matsim.counts.CountsModule.provideLinkCounts(CountsModule.java:63)[Scopes.SINGLETON]
2018-06-01 06:11:27,332  INFO Injector:85   --&gt; source: org.matsim.counts.Counts org.matsim.counts.CountsModule.provideLinkCounts(org.matsim.api.core.v01.Scenario,org.matsim.core.config.groups.CountsConfigGroup)
2018-06-01 06:11:27,332  INFO Injector:87   --&gt; scope: Scopes.SINGLETON
2018-06-01 06:11:27,332  INFO Injector:91 
2018-06-01 06:11:27,333  INFO Injector:83 org.matsim.core.controler.listener.ControlerListener @com.google.inject.multibindings.Element(setName=,uniqueId=111, type=MULTIBINDER, keyType=)
2018-06-01 06:11:27,333  INFO Injector:84   --&gt; provider: FactoryProxy{key=Key[type=org.matsim.core.controler.listener.ControlerListener, annotation=@com.google.inject.multibindings.Element(setName=,uniqueId=111, type=MULTIBINDER, keyType=)], provider=com.google.inject.internal.ConstructorBindingImpl$Factory@1144a55a}
2018-06-01 06:11:27,333  INFO Injector:85   --&gt; source: org.matsim.core.population.VspPlansCleanerModule.install(VspPlansCleanerModule.java:34)
2018-06-01 06:11:27,333  INFO Injector:87   --&gt; scope: Scopes.NO_SCOPE
2018-06-01 06:11:27,334  INFO Injector:91 
2018-06-01 06:11:27,334  INFO Injector:83 org.matsim.core.mobsim.framework.listeners.MobsimListener @com.google.inject.multibindings.Element(setName=,uniqueId=112, type=MULTIBINDER, keyType=)
2018-06-01 06:11:27,334  INFO Injector:84   --&gt; provider: Key[type=org.matsim.vis.snapshotwriters.SnapshotWritersModule$SnapshotWriterManagerProvider, annotation=[none]]
2018-06-01 06:11:27,334  INFO Injector:85   --&gt; source: org.matsim.vis.snapshotwriters.SnapshotWritersModule.install(SnapshotWritersModule.java:45)
2018-06-01 06:11:27,335  INFO Injector:87   --&gt; scope: Scopes.NO_SCOPE
2018-06-01 06:11:27,335  INFO Injector:91 
2018-06-01 06:11:27,335  INFO Injector:83 org.matsim.core.router.RoutingModule @com.google.inject.multibindings.Element(setName=,uniqueId=138, type=MAPBINDER, keyType=java.lang.String)
2018-06-01 06:11:27,335  INFO Injector:84   --&gt; provider: FactoryProxy{key=Key[type=org.matsim.core.router.RoutingModule, annotation=@com.google.inject.multibindings.Element(setName=,uniqueId=138, type=MAPBINDER, keyType=java.lang.String)], provider=org.matsim.core.router.BeelineTeleportationRouting@5471388b}
2018-06-01 06:11:27,335  INFO Injector:85   --&gt; source: org.matsim.core.controler.Injector$3.configure(Injector.java:123)
2018-06-01 06:11:27,336  INFO Injector:87   --&gt; scope: Scopes.NO_SCOPE
2018-06-01 06:11:27,336  INFO Injector:91 
2018-06-01 06:11:27,336  INFO Injector:83 org.matsim.core.router.RoutingModule @com.google.inject.multibindings.Element(setName=,uniqueId=140, type=MAPBINDER, keyType=java.lang.String)
2018-06-01 06:11:27,336  INFO Injector:84   --&gt; provider: FactoryProxy{key=Key[type=org.matsim.core.router.RoutingModule, annotation=@com.google.inject.multibindings.Element(setName=,uniqueId=140, type=MAPBINDER, keyType=java.lang.String)], provider=org.matsim.core.router.FreespeedFactorRouting@4c36250e}
2018-06-01 06:11:27,337  INFO Injector:85   --&gt; source: org.matsim.core.controler.Injector$3.configure(Injector.java:123)
2018-06-01 06:11:27,337  INFO Injector:87   --&gt; scope: Scopes.NO_SCOPE
2018-06-01 06:11:27,337  INFO Injector:91 
2018-06-01 06:11:27,338  INFO Injector:83 org.matsim.core.router.RoutingModule @com.google.inject.multibindings.Element(setName=,uniqueId=142, type=MAPBINDER, keyType=java.lang.String)
2018-06-01 06:11:27,338  INFO Injector:84   --&gt; provider: FactoryProxy{key=Key[type=org.matsim.core.router.RoutingModule, annotation=@com.google.inject.multibindings.Element(setName=,uniqueId=142, type=MAPBINDER, keyType=java.lang.String)], provider=FactoryProxy{key=Key[type=org.matsim.core.router.RoutingModule, annotation=@com.google.inject.name.Named(value=av)], provider=com.google.inject.internal.ConstructorBindingImpl$Factory@2c0f7678[Scopes.SINGLETON]}}
2018-06-01 06:11:27,339  INFO Injector:85   --&gt; source: org.matsim.core.controler.Injector$3.configure(Injector.java:123)
2018-06-01 06:11:27,339  INFO Injector:87   --&gt; scope: Scopes.NO_SCOPE
2018-06-01 06:11:27,339  INFO Injector:91 
2018-06-01 06:11:27,340  INFO Injector:83 org.matsim.core.router.RoutingModule @com.google.inject.multibindings.Element(setName=,uniqueId=144, type=MAPBINDER, keyType=java.lang.String)
2018-06-01 06:11:27,340  INFO Injector:84   --&gt; provider: FactoryProxy{key=Key[type=org.matsim.core.router.RoutingModule, annotation=@com.google.inject.multibindings.Element(setName=,uniqueId=144, type=MAPBINDER, keyType=java.lang.String)], provider=org.matsim.core.router.NetworkRouting@1601e47}
2018-06-01 06:11:27,340  INFO Injector:85   --&gt; source: org.matsim.core.controler.Injector$3.configure(Injector.java:123)
2018-06-01 06:11:27,341  INFO Injector:87   --&gt; scope: Scopes.NO_SCOPE
2018-06-01 06:11:27,341  INFO Injector:91 
2018-06-01 06:11:27,341  INFO Injector:83 org.matsim.core.router.RoutingModule @com.google.inject.multibindings.Element(setName=,uniqueId=146, type=MAPBINDER, keyType=java.lang.String)
2018-06-01 06:11:27,342  INFO Injector:84   --&gt; provider: FactoryProxy{key=Key[type=org.matsim.core.router.RoutingModule, annotation=@com.google.inject.multibindings.Element(setName=,uniqueId=146, type=MAPBINDER, keyType=java.lang.String)], provider=org.matsim.core.router.BeelineTeleportationRouting@299266e2}
2018-06-01 06:11:27,342  INFO Injector:85   --&gt; source: org.matsim.core.controler.Injector$3.configure(Injector.java:123)
2018-06-01 06:11:27,342  INFO Injector:87   --&gt; scope: Scopes.NO_SCOPE
2018-06-01 06:11:27,343  INFO Injector:91 
2018-06-01 06:11:27,343  INFO Injector:83 org.matsim.core.router.RoutingModule @com.google.inject.multibindings.Element(setName=,uniqueId=148, type=MAPBINDER, keyType=java.lang.String)
2018-06-01 06:11:27,343  INFO Injector:84   --&gt; provider: FactoryProxy{key=Key[type=org.matsim.core.router.RoutingModule, annotation=@com.google.inject.multibindings.Element(setName=,uniqueId=148, type=MAPBINDER, keyType=java.lang.String)], provider=org.matsim.core.router.FreespeedFactorRouting@5dcbb60}
2018-06-01 06:11:27,344  INFO Injector:85   --&gt; source: org.matsim.core.controler.Injector$3.configure(Injector.java:123)
2018-06-01 06:11:27,344  INFO Injector:87   --&gt; scope: Scopes.NO_SCOPE
2018-06-01 06:11:27,344  INFO Injector:91 
2018-06-01 06:11:27,345  INFO Injector:83 org.matsim.core.router.RoutingModule @com.google.inject.multibindings.Element(setName=,uniqueId=150, type=MAPBINDER, keyType=java.lang.String)
2018-06-01 06:11:27,345  INFO Injector:84   --&gt; provider: FactoryProxy{key=Key[type=org.matsim.core.router.RoutingModule, annotation=@com.google.inject.multibindings.Element(setName=,uniqueId=150, type=MAPBINDER, keyType=java.lang.String)], provider=org.matsim.core.router.BeelineTeleportationRouting@49f5c307}
2018-06-01 06:11:27,345  INFO Injector:85   --&gt; source: org.matsim.core.controler.Injector$3.configure(Injector.java:123)
2018-06-01 06:11:27,346  INFO Injector:87   --&gt; scope: Scopes.NO_SCOPE
2018-06-01 06:11:27,346  INFO Injector:91 
2018-06-01 06:11:27,346  INFO Injector:83 org.matsim.core.router.RoutingModule @com.google.inject.multibindings.Element(setName=,uniqueId=152, type=MAPBINDER, keyType=java.lang.String)
2018-06-01 06:11:27,347  INFO Injector:84   --&gt; provider: FactoryProxy{key=Key[type=org.matsim.core.router.RoutingModule, annotation=@com.google.inject.multibindings.Element(setName=,uniqueId=152, type=MAPBINDER, keyType=java.lang.String)], provider=org.matsim.core.router.BeelineTeleportationRouting@21526f6c}
2018-06-01 06:11:27,347  INFO Injector:85   --&gt; source: org.matsim.core.controler.Injector$3.configure(Injector.java:123)
2018-06-01 06:11:27,347  INFO Injector:87   --&gt; scope: Scopes.NO_SCOPE
2018-06-01 06:11:27,348  INFO Injector:91 
2018-06-01 06:11:27,348  INFO Injector:83 org.matsim.core.router.RoutingModule @com.google.inject.multibindings.Element(setName=,uniqueId=154, type=MAPBINDER, keyType=java.lang.String)
2018-06-01 06:11:27,348  INFO Injector:84   --&gt; provider: FactoryProxy{key=Key[type=org.matsim.core.router.RoutingModule, annotation=@com.google.inject.multibindings.Element(setName=,uniqueId=154, type=MAPBINDER, keyType=java.lang.String)], provider=org.matsim.core.router.BeelineTeleportationRouting@66ea1466}
2018-06-01 06:11:27,349  INFO Injector:85   --&gt; source: org.matsim.core.controler.Injector$3.configure(Injector.java:123)
2018-06-01 06:11:27,349  INFO Injector:87   --&gt; scope: Scopes.NO_SCOPE
2018-06-01 06:11:27,349  INFO Injector:91 
2018-06-01 06:11:27,350  INFO Injector:83 org.matsim.core.router.util.TravelTime @com.google.inject.multibindings.Element(setName=,uniqueId=156, type=MAPBINDER, keyType=java.lang.String)
2018-06-01 06:11:27,350  INFO Injector:84   --&gt; provider: FactoryProxy{key=Key[type=org.matsim.core.router.util.TravelTime, annotation=@com.google.inject.multibindings.Element(setName=,uniqueId=156, type=MAPBINDER, keyType=java.lang.String)], provider=ConstantFactory{value=org.matsim.core.trafficmonitoring.FreeSpeedTravelTime@78d50a3c}[Scopes.SINGLETON]}
2018-06-01 06:11:27,351  INFO Injector:85   --&gt; source: org.matsim.core.controler.Injector$3.configure(Injector.java:123)
2018-06-01 06:11:27,351  INFO Injector:87   --&gt; scope: Scopes.NO_SCOPE
2018-06-01 06:11:27,351  INFO Injector:91 
2018-06-01 06:11:27,352  INFO Injector:83 org.matsim.core.router.util.TravelTime @com.google.inject.multibindings.Element(setName=,uniqueId=158, type=MAPBINDER, keyType=java.lang.String)
2018-06-01 06:11:27,352  INFO Injector:84   --&gt; provider: FactoryProxy{key=Key[type=org.matsim.core.router.util.TravelTime, annotation=@com.google.inject.multibindings.Element(setName=,uniqueId=158, type=MAPBINDER, keyType=java.lang.String)], provider=@Provides org.matsim.contrib.dvrp.trafficmonitoring.DvrpTravelTimeModule.provideTravelTime(DvrpTravelTimeModule.java:51)[Scopes.SINGLETON]}
2018-06-01 06:11:27,352  INFO Injector:85   --&gt; source: org.matsim.core.controler.Injector$3.configure(Injector.java:123)
2018-06-01 06:11:27,353  INFO Injector:87   --&gt; scope: Scopes.NO_SCOPE
2018-06-01 06:11:27,353  INFO Injector:91 
2018-06-01 06:11:27,354  INFO Injector:83 org.matsim.core.router.util.TravelTime @com.google.inject.multibindings.Element(setName=,uniqueId=160, type=MAPBINDER, keyType=java.lang.String)
2018-06-01 06:11:27,354  INFO Injector:84   --&gt; provider: FactoryProxy{key=Key[type=org.matsim.core.router.util.TravelTime, annotation=@com.google.inject.multibindings.Element(setName=,uniqueId=160, type=MAPBINDER, keyType=java.lang.String)], provider=FactoryProxy{key=Key[type=org.matsim.core.router.util.TravelTime, annotation=@com.google.inject.name.Named(value=av)], provider=FactoryProxy{key=Key[type=org.matsim.core.router.util.TravelTime, annotation=@com.google.inject.name.Named(value=dvrp_estimated)], provider=FactoryProxy{key=Key[type=org.matsim.contrib.dvrp.trafficmonitoring.DvrpTravelTimeEstimator, annotation=[none]], provider=com.google.inject.internal.ConstructorBindingImpl$Factory@7cf7aee}[Scopes.SINGLETON]}}}
2018-06-01 06:11:27,355  INFO Injector:85   --&gt; source: org.matsim.core.controler.Injector$3.configure(Injector.java:123)
2018-06-01 06:11:27,356  INFO Injector:87   --&gt; scope: Scopes.NO_SCOPE
2018-06-01 06:11:27,356  INFO Injector:91 
2018-06-01 06:11:27,356  INFO Injector:83 org.matsim.core.router.util.TravelTime @com.google.inject.multibindings.Element(setName=,uniqueId=162, type=MAPBINDER, keyType=java.lang.String)
2018-06-01 06:11:27,357  INFO Injector:84   --&gt; provider: FactoryProxy{key=Key[type=org.matsim.core.router.util.TravelTime, annotation=@com.google.inject.multibindings.Element(setName=,uniqueId=162, type=MAPBINDER, keyType=java.lang.String)], provider=Key[type=org.matsim.core.trafficmonitoring.ObservedLinkTravelTimes, annotation=[none]]}
2018-06-01 06:11:27,357  INFO Injector:85   --&gt; source: org.matsim.core.controler.Injector$3.configure(Injector.java:123)
2018-06-01 06:11:27,358  INFO Injector:87   --&gt; scope: Scopes.NO_SCOPE
2018-06-01 06:11:27,358  INFO Injector:91 
2018-06-01 06:11:27,359  INFO Injector:83 org.matsim.core.router.util.TravelTime @com.google.inject.multibindings.Element(setName=,uniqueId=164, type=MAPBINDER, keyType=java.lang.String)
2018-06-01 06:11:27,359  INFO Injector:84   --&gt; provider: FactoryProxy{key=Key[type=org.matsim.core.router.util.TravelTime, annotation=@com.google.inject.multibindings.Element(setName=,uniqueId=164, type=MAPBINDER, keyType=java.lang.String)], provider=FactoryProxy{key=Key[type=org.matsim.core.router.util.TravelTime, annotation=@com.google.inject.name.Named(value=dvrp_estimated)], provider=FactoryProxy{key=Key[type=org.matsim.contrib.dvrp.trafficmonitoring.DvrpTravelTimeEstimator, annotation=[none]], provider=com.google.inject.internal.ConstructorBindingImpl$Factory@7cf7aee}[Scopes.SINGLETON]}}
2018-06-01 06:11:27,360  INFO Injector:85   --&gt; source: org.matsim.core.controler.Injector$3.configure(Injector.java:123)
2018-06-01 06:11:27,360  INFO Injector:87   --&gt; scope: Scopes.NO_SCOPE
2018-06-01 06:11:27,360  INFO Injector:91 
2018-06-01 06:11:27,361  INFO Injector:83 org.matsim.core.router.costcalculators.TravelDisutilityFactory @com.google.inject.multibindings.Element(setName=,uniqueId=166, type=MAPBINDER, keyType=java.lang.String)
2018-06-01 06:11:27,361  INFO Injector:84   --&gt; provider: FactoryProxy{key=Key[type=org.matsim.core.router.costcalculators.TravelDisutilityFactory, annotation=@com.google.inject.multibindings.Element(setName=,uniqueId=166, type=MAPBINDER, keyType=java.lang.String)], provider=ConstantFactory{value=org.matsim.core.router.costcalculators.RandomizingTimeDistanceTravelDisutilityFactory@cd7f1ae}[Scopes.SINGLETON]}
2018-06-01 06:11:27,362  INFO Injector:85   --&gt; source: org.matsim.core.controler.Injector$3.configure(Injector.java:123)
2018-06-01 06:11:27,362  INFO Injector:87   --&gt; scope: Scopes.NO_SCOPE
2018-06-01 06:11:27,363  INFO Injector:91 
2018-06-01 06:11:27,363  INFO Injector:83 org.matsim.core.controler.ControlerListenerManagerImpl 
2018-06-01 06:11:27,364  INFO Injector:84   --&gt; provider: com.google.inject.internal.ConstructorBindingImpl$Factory@7f34a967[Scopes.SINGLETON]
2018-06-01 06:11:27,364  INFO Injector:85   --&gt; source: org.matsim.core.controler.NewControlerModule.install(NewControlerModule.java:9)
2018-06-01 06:11:27,364  INFO Injector:87   --&gt; scope: eager singleton
2018-06-01 06:11:27,365  INFO Injector:91 
2018-06-01 06:11:27,365  INFO Injector:83 org.matsim.analysis.IterationStopWatch 
2018-06-01 06:11:27,366  INFO Injector:84   --&gt; provider: com.google.inject.internal.ConstructorBindingImpl$Factory@7bc9e6ab[Scopes.SINGLETON]
2018-06-01 06:11:27,366  INFO Injector:85   --&gt; source: org.matsim.core.controler.NewControlerModule.install(NewControlerModule.java:12)
2018-06-01 06:11:27,366  INFO Injector:87   --&gt; scope: eager singleton
2018-06-01 06:11:27,367  INFO Injector:91 
2018-06-01 06:11:27,367  INFO Injector:83 org.matsim.core.controler.OutputDirectoryHierarchy 
2018-06-01 06:11:27,368  INFO Injector:84   --&gt; provider: com.google.inject.internal.ConstructorBindingImpl$Factory@51745f40[Scopes.SINGLETON]
2018-06-01 06:11:27,368  INFO Injector:85   --&gt; source: org.matsim.core.controler.NewControlerModule.install(NewControlerModule.java:13)
2018-06-01 06:11:27,369  INFO Injector:87   --&gt; scope: eager singleton
2018-06-01 06:11:27,369  INFO Injector:91 
2018-06-01 06:11:27,369  INFO Injector:83 org.matsim.core.scoring.ScoringFunctionsForPopulation 
2018-06-01 06:11:27,370  INFO Injector:84   --&gt; provider: com.google.inject.internal.ConstructorBindingImpl$Factory@1c6e0a08[Scopes.SINGLETON]
2018-06-01 06:11:27,370  INFO Injector:85   --&gt; source: org.matsim.core.scoring.PlansScoringModule.install(PlansScoringModule.java:10)
2018-06-01 06:11:27,371  INFO Injector:87   --&gt; scope: eager singleton
2018-06-01 06:11:27,371  INFO Injector:91 
2018-06-01 06:11:27,371  INFO Injector:83 org.matsim.core.events.EventsManagerModule$EventHandlerRegistrator 
2018-06-01 06:11:27,372  INFO Injector:84   --&gt; provider: com.google.inject.internal.ConstructorBindingImpl$Factory@3c2772d1[Scopes.SINGLETON]
2018-06-01 06:11:27,372  INFO Injector:85   --&gt; source: org.matsim.core.events.EventsManagerModule.install(EventsManagerModule.java:25)
2018-06-01 06:11:27,372  INFO Injector:87   --&gt; scope: eager singleton
2018-06-01 06:11:27,373  INFO Injector:91 
2018-06-01 06:11:27,373  INFO Injector:83 org.matsim.core.trafficmonitoring.TravelTimeCalculator 
2018-06-01 06:11:27,373  INFO Injector:84   --&gt; provider: com.google.inject.internal.ConstructorBindingImpl$Factory@988246e[Scopes.SINGLETON]
2018-06-01 06:11:27,373  INFO Injector:85   --&gt; source: org.matsim.core.trafficmonitoring.TravelTimeCalculatorModule.install(TravelTimeCalculatorModule.java:76)
2018-06-01 06:11:27,374  INFO Injector:87   --&gt; scope: Scopes.SINGLETON
2018-06-01 06:11:27,374  INFO Injector:91 
2018-06-01 06:11:27,374  INFO Injector:83 org.matsim.core.scoring.EventsToActivities 
2018-06-01 06:11:27,375  INFO Injector:84   --&gt; provider: com.google.inject.internal.ConstructorBindingImpl$Factory@2f6bcf87[Scopes.SINGLETON]
2018-06-01 06:11:27,375  INFO Injector:85   --&gt; source: org.matsim.core.scoring.ExperiencedPlanElementsModule.install(ExperiencedPlanElementsModule.java:12)
2018-06-01 06:11:27,375  INFO Injector:87   --&gt; scope: eager singleton
2018-06-01 06:11:27,375  INFO Injector:91 
2018-06-01 06:11:27,376  INFO Injector:83 org.matsim.core.scoring.EventsToLegs 
2018-06-01 06:11:27,376  INFO Injector:84   --&gt; provider: com.google.inject.internal.ConstructorBindingImpl$Factory@aa21042[Scopes.SINGLETON]
2018-06-01 06:11:27,376  INFO Injector:85   --&gt; source: org.matsim.core.scoring.ExperiencedPlanElementsModule.install(ExperiencedPlanElementsModule.java:13)
2018-06-01 06:11:27,377  INFO Injector:87   --&gt; scope: eager singleton
2018-06-01 06:11:27,377  INFO Injector:91 
2018-06-01 06:11:27,377  INFO Injector:83 org.matsim.core.router.TripRouter 
2018-06-01 06:11:27,377  INFO Injector:84   --&gt; provider: com.google.inject.internal.ConstructorBindingImpl$Factory@4e2c95ee
2018-06-01 06:11:27,378  INFO Injector:85   --&gt; source: org.matsim.core.router.TripRouterModule.install(TripRouterModule.java:43)
2018-06-01 06:11:27,378  INFO Injector:87   --&gt; scope: Scopes.NO_SCOPE
2018-06-01 06:11:27,378  INFO Injector:91 
2018-06-01 06:11:27,378  INFO Injector:83 org.matsim.core.router.SingleModeNetworksCache 
2018-06-01 06:11:27,379  INFO Injector:84   --&gt; provider: com.google.inject.internal.ConstructorBindingImpl$Factory@757194dc[Scopes.SINGLETON]
2018-06-01 06:11:27,379  INFO Injector:85   --&gt; source: org.matsim.core.router.TripRouterModule.install(TripRouterModule.java:47)
2018-06-01 06:11:27,379  INFO Injector:87   --&gt; scope: eager singleton
2018-06-01 06:11:27,380  INFO Injector:91 
2018-06-01 06:11:27,380  INFO Injector:83 org.matsim.core.replanning.StrategyManager 
2018-06-01 06:11:27,380  INFO Injector:84   --&gt; provider: com.google.inject.internal.ConstructorBindingImpl$Factory@2fb5fe30[Scopes.SINGLETON]
2018-06-01 06:11:27,380  INFO Injector:85   --&gt; source: org.matsim.core.replanning.StrategyManagerModule.install(StrategyManagerModule.java:47)
2018-06-01 06:11:27,381  INFO Injector:87   --&gt; scope: Scopes.SINGLETON
2018-06-01 06:11:27,381  INFO Injector:91 
2018-06-01 06:11:27,381  INFO Injector:83 org.matsim.analysis.CalcLinkStats 
2018-06-01 06:11:27,381  INFO Injector:84   --&gt; provider: com.google.inject.internal.ConstructorBindingImpl$Factory@4f449e8f[Scopes.SINGLETON]
2018-06-01 06:11:27,382  INFO Injector:85   --&gt; source: org.matsim.analysis.LinkStatsModule.install(LinkStatsModule.java:37)
2018-06-01 06:11:27,382  INFO Injector:87   --&gt; scope: eager singleton
2018-06-01 06:11:27,382  INFO Injector:91 
2018-06-01 06:11:27,383  INFO Injector:83 org.matsim.analysis.LinkStatsControlerListener 
2018-06-01 06:11:27,383  INFO Injector:84   --&gt; provider: com.google.inject.internal.ConstructorBindingImpl$Factory@1e411d81[Scopes.SINGLETON]
2018-06-01 06:11:27,383  INFO Injector:85   --&gt; source: org.matsim.analysis.LinkStatsModule.install(LinkStatsModule.java:46)
2018-06-01 06:11:27,383  INFO Injector:87   --&gt; scope: eager singleton
2018-06-01 06:11:27,384  INFO Injector:91 
2018-06-01 06:11:27,384  INFO Injector:83 org.matsim.analysis.VolumesAnalyzer 
2018-06-01 06:11:27,384  INFO Injector:84   --&gt; provider: com.google.inject.internal.ConstructorBindingImpl$Factory@6b7d1df8[Scopes.SINGLETON]
2018-06-01 06:11:27,385  INFO Injector:85   --&gt; source: org.matsim.analysis.VolumesAnalyzerModule.install(VolumesAnalyzerModule.java:31)
2018-06-01 06:11:27,385  INFO Injector:87   --&gt; scope: eager singleton
2018-06-01 06:11:27,385  INFO Injector:91 
2018-06-01 06:11:27,385  INFO Injector:83 org.matsim.analysis.LegHistogram 
2018-06-01 06:11:27,386  INFO Injector:84   --&gt; provider: com.google.inject.internal.ConstructorBindingImpl$Factory@213deac2
2018-06-01 06:11:27,386  INFO Injector:85   --&gt; source: org.matsim.analysis.LegHistogramModule.install(LegHistogramModule.java:30)
2018-06-01 06:11:27,386  INFO Injector:87   --&gt; scope: Scopes.NO_SCOPE
2018-06-01 06:11:27,386  INFO Injector:91 
2018-06-01 06:11:27,387  INFO Injector:83 org.matsim.analysis.CalcLegTimes 
2018-06-01 06:11:27,387  INFO Injector:84   --&gt; provider: com.google.inject.internal.ConstructorBindingImpl$Factory@4159e81b[Scopes.SINGLETON]
2018-06-01 06:11:27,387  INFO Injector:85   --&gt; source: org.matsim.analysis.LegTimesModule.install(LegTimesModule.java:31)
2018-06-01 06:11:27,387  INFO Injector:87   --&gt; scope: Scopes.SINGLETON
2018-06-01 06:11:27,388  INFO Injector:91 
2018-06-01 06:11:27,388  INFO Injector:83 org.matsim.analysis.TravelDistanceStats 
2018-06-01 06:11:27,388  INFO Injector:84   --&gt; provider: com.google.inject.internal.ConstructorBindingImpl$Factory@9f6e406[Scopes.SINGLETON]
2018-06-01 06:11:27,388  INFO Injector:85   --&gt; source: org.matsim.analysis.TravelDistanceStatsModule.install(TravelDistanceStatsModule.java:10)
2018-06-01 06:11:27,388  INFO Injector:87   --&gt; scope: eager singleton
2018-06-01 06:11:27,388  INFO Injector:91 
2018-06-01 06:11:27,389  INFO Injector:83 org.matsim.analysis.ScoreStatsControlerListener 
2018-06-01 06:11:27,389  INFO Injector:84   --&gt; provider: com.google.inject.internal.ConstructorBindingImpl$Factory@3088660d[Scopes.SINGLETON]
2018-06-01 06:11:27,389  INFO Injector:85   --&gt; source: org.matsim.analysis.ScoreStatsModule.install(ScoreStatsModule.java:31)
2018-06-01 06:11:27,389  INFO Injector:87   --&gt; scope: Scopes.SINGLETON
2018-06-01 06:11:27,389  INFO Injector:91 
2018-06-01 06:11:27,389  INFO Injector:83 org.matsim.analysis.ModeStatsControlerListener 
2018-06-01 06:11:27,390  INFO Injector:84   --&gt; provider: com.google.inject.internal.ConstructorBindingImpl$Factory@25cc7470[Scopes.SINGLETON]
2018-06-01 06:11:27,390  INFO Injector:85   --&gt; source: org.matsim.analysis.ModeStatsModule.install(ModeStatsModule.java:31)
2018-06-01 06:11:27,390  INFO Injector:87   --&gt; scope: Scopes.SINGLETON
2018-06-01 06:11:27,390  INFO Injector:91 
2018-06-01 06:11:27,390  INFO Injector:83 org.matsim.counts.CountsModule$CountsInitializer 
2018-06-01 06:11:27,390  INFO Injector:84   --&gt; provider: com.google.inject.internal.ConstructorBindingImpl$Factory@aed0151[Scopes.SINGLETON]
2018-06-01 06:11:27,391  INFO Injector:85   --&gt; source: org.matsim.counts.CountsModule.install(CountsModule.java:43)
2018-06-01 06:11:27,391  INFO Injector:87   --&gt; scope: eager singleton
2018-06-01 06:11:27,391  INFO Injector:91 
2018-06-01 06:11:27,402  INFO ControlerListenerManagerImpl:107 calling notifyStartup on org.matsim.counts.CountsControlerListener
2018-06-01 06:11:27,403  INFO ControlerListenerManagerImpl:107 calling notifyStartup on org.matsim.analysis.ModeStatsControlerListener
2018-06-01 06:11:27,406  INFO NetworkImpl:156  node # 1
2018-06-01 06:11:27,407  INFO NetworkImpl:156  node # 2
2018-06-01 06:11:27,407  INFO NetworkImpl:156  node # 4
2018-06-01 06:11:27,407  INFO NetworkImpl:156  node # 8
2018-06-01 06:11:27,407  INFO NetworkImpl:156  node # 16
2018-06-01 06:11:27,408  INFO NetworkImpl:156  node # 32
2018-06-01 06:11:27,408  INFO NetworkImpl:156  node # 64
2018-06-01 06:11:27,408  INFO NetworkImpl:152  link # 1
2018-06-01 06:11:27,409  INFO NetworkImpl:152  link # 2
2018-06-01 06:11:27,409  INFO NetworkImpl:152  link # 4
2018-06-01 06:11:27,410  INFO NetworkImpl:152  link # 8
2018-06-01 06:11:27,410  INFO NetworkImpl:152  link # 16
2018-06-01 06:11:27,411  INFO NetworkImpl:152  link # 32
2018-06-01 06:11:27,411  INFO NetworkImpl:152  link # 64
2018-06-01 06:11:27,412  INFO NetworkImpl:152  link # 128
2018-06-01 06:11:27,414  INFO NetworkImpl:152  link # 256
2018-06-01 06:11:27,416  INFO ControlerListenerManagerImpl:107 calling notifyStartup on org.matsim.analysis.ScoreStatsControlerListener
2018-06-01 06:11:27,417  INFO ControlerListenerManagerImpl:110 all ControlerStartupListeners called.
2018-06-01 06:11:27,417  INFO ControlerUtils:58 config dump before iterations start
2018-06-01 06:11:27,420  INFO Config:563 setting context to [file:/root/workspace/idsc-frazzoli/amodeus/386486391/]
2018-06-01 06:11:27,439  INFO ControlerUtils:62 

&lt;?xml version=&quot;1.0&quot; encoding=&quot;UTF-8&quot;?&gt;
&lt;!DOCTYPE config SYSTEM &quot;http://www.matsim.org/files/dtd/config_v2.dtd&quot;&gt;
&lt;config&gt;

&lt;!-- ====================================================================== --&gt;

	&lt;module name=&quot;JDEQSim&quot; &gt;
		&lt;param name=&quot;carSize&quot; value=&quot;7.5&quot; /&gt;
		&lt;param name=&quot;endTime&quot; value=&quot;undefined&quot; /&gt;
		&lt;param name=&quot;flowCapacityFactor&quot; value=&quot;1.0&quot; /&gt;
		&lt;param name=&quot;gapTravelSpeed&quot; value=&quot;15.0&quot; /&gt;
		&lt;param name=&quot;minimumInFlowCapacity&quot; value=&quot;1800.0&quot; /&gt;
		&lt;param name=&quot;squeezeTime&quot; value=&quot;1800.0&quot; /&gt;
		&lt;param name=&quot;storageCapacityFactor&quot; value=&quot;1.0&quot; /&gt;
	&lt;/module&gt;

&lt;!-- ====================================================================== --&gt;

	&lt;module name=&quot;TimeAllocationMutator&quot; &gt;

		&lt;!-- Default:true; Defines whether time mutation changes an activity&apos;s duration. --&gt;
		&lt;param name=&quot;mutationAffectsDuration&quot; value=&quot;true&quot; /&gt;

		&lt;!-- Default:1800.0; Defines how many seconds a time mutation can maximally shift a time. --&gt;
		&lt;param name=&quot;mutationRange&quot; value=&quot;1800.0&quot; /&gt;

		&lt;!-- false; Use individual settings for each subpopulation. If enabled but no settings are found, regular settings are uses as fallback. --&gt;
		&lt;param name=&quot;useIndividualSettingsForSubpopulations&quot; value=&quot;false&quot; /&gt;
	&lt;/module&gt;

&lt;!-- ====================================================================== --&gt;

	&lt;module name=&quot;av&quot; &gt;
		&lt;param name=&quot;config&quot; value=&quot;null&quot; /&gt;
		&lt;param name=&quot;parallelRouters&quot; value=&quot;4&quot; /&gt;
	&lt;/module&gt;

&lt;!-- ====================================================================== --&gt;

&lt;!-- ====================================================================== --&gt;

	&lt;module name=&quot;changeMode&quot; &gt;
		&lt;param name=&quot;ignoreCarAvailability&quot; value=&quot;true&quot; /&gt;
		&lt;param name=&quot;modes&quot; value=&quot;car,pt&quot; /&gt;
	&lt;/module&gt;

&lt;!-- ====================================================================== --&gt;

	&lt;module name=&quot;controler&quot; &gt;

		&lt;!-- Sets whether graphs showing some analyses should automatically be generated during the simulation. The generation of graphs usually takes a small amount of time that does not have any weight in big simulations, but add a significant overhead in smaller runs or in test cases where the graphical output is not even requested. --&gt;
		&lt;param name=&quot;createGraphs&quot; value=&quot;false&quot; /&gt;

		&lt;!-- true if at the end of a run, plans, network, config etc should be dumped to a file --&gt;
		&lt;param name=&quot;dumpDataAtEnd&quot; value=&quot;false&quot; /&gt;

		&lt;!-- Default=false. If enabled, the router takes travel times needed for turning moves into account. Cannot be used if the (Fast)AStarLandmarks routing or TravelTimeCalculator.separateModes is enabled. --&gt;
		&lt;param name=&quot;enableLinkToLinkRouting&quot; value=&quot;false&quot; /&gt;

		&lt;!-- Default=xml; Specifies the file format for writing events. Currently supported: xml.
		Multiple values can be specified separated by commas (&apos;,&apos;). --&gt;
		&lt;param name=&quot;eventsFileFormat&quot; value=&quot;xml&quot; /&gt;

		&lt;!-- Default=0;  --&gt;
		&lt;param name=&quot;firstIteration&quot; value=&quot;0&quot; /&gt;

		&lt;!-- Default=1000;  --&gt;
		&lt;param name=&quot;lastIteration&quot; value=&quot;0&quot; /&gt;

		&lt;!-- Defines which mobility simulation will be used. Currently supported: qsim JDEQSim 
		Depending on the chosen mobsim, you&apos;ll have to add additional config modules to configure the corresponding mobsim.
		For &apos;qsim&apos;, add a module &apos;qsim&apos; to the config. --&gt;
		&lt;param name=&quot;mobsim&quot; value=&quot;qsim&quot; /&gt;

		&lt;param name=&quot;outputDirectory&quot; value=&quot;./output&quot; /&gt;

		&lt;!-- Possible values: failIfDirectoryExists, overwriteExistingFiles, deleteDirectoryIfExists --&gt;
		&lt;param name=&quot;overwriteFiles&quot; value=&quot;deleteDirectoryIfExists&quot; /&gt;

		&lt;!-- The type of routing (least cost path) algorithm used, may have the values: Dijkstra, FastDijkstra, AStarLandmarks or FastAStarLandmarks --&gt;
		&lt;param name=&quot;routingAlgorithmType&quot; value=&quot;Dijkstra&quot; /&gt;

		&lt;!-- An identifier for the current run which is used as prefix for output files and mentioned in output xml files etc. --&gt;
		&lt;param name=&quot;runId&quot; value=&quot;null&quot; /&gt;

		&lt;!-- Comma-separated list of visualizer output file formats. `transims&apos;, `googleearth&apos;, and `otfvis&apos;. --&gt;
		&lt;param name=&quot;snapshotFormat&quot; value=&quot;&quot; /&gt;

		&lt;!-- iterationNumber % writeEventsInterval == 0 defines in which iterations events are written to a file. `0&apos; disables events writing completely. --&gt;
		&lt;param name=&quot;writeEventsInterval&quot; value=&quot;-1&quot; /&gt;

		&lt;!-- iterationNumber % writePlansInterval == 0 defines (hopefully) in which iterations plans are written to a file. `0&apos; disables plans writing completely.  Some plans in early iterations are always written --&gt;
		&lt;param name=&quot;writePlansInterval&quot; value=&quot;-1&quot; /&gt;

		&lt;!-- iterationNumber % writeSnapshotsInterval == 0 defines in which iterations snapshots are written to a file. `0&apos; disables snapshots writing completely --&gt;
		&lt;param name=&quot;writeSnapshotsInterval&quot; value=&quot;-1&quot; /&gt;
	&lt;/module&gt;

&lt;!-- ====================================================================== --&gt;

	&lt;module name=&quot;counts&quot; &gt;

		&lt;!-- Transport modes that will be respected for the counts comparison. &apos;car&apos; is default, which includes also bussed from the pt simulation module. Use this parameter in combination with &apos;filterModes&apos; = true! --&gt;
		&lt;param name=&quot;analyzedModes&quot; value=&quot;car&quot; /&gt;

		&lt;!-- Specifies over how many iterations the link volumes should be averaged that are used for the counts comparison. Use 1 or 0 to only use the link volumes of a single iteration. This values cannot be larger than the value specified for writeCountsInterval --&gt;
		&lt;param name=&quot;averageCountsOverIterations&quot; value=&quot;5&quot; /&gt;

		&lt;!-- factor by which to re-scale the simulated values.  necessary when simulation runs with something different from 100%.  needs to be adapted manually --&gt;
		&lt;param name=&quot;countsScaleFactor&quot; value=&quot;1.0&quot; /&gt;

		&lt;!-- distance to distanceFilterCenterNode to include counting stations. The unit of distance is the Euclidean distance implied by the coordinate system --&gt;
		&lt;param name=&quot;distanceFilter&quot; value=&quot;null&quot; /&gt;

		&lt;!-- node id for center node of distance filter --&gt;
		&lt;param name=&quot;distanceFilterCenterNode&quot; value=&quot;null&quot; /&gt;

		&lt;!-- If true, link counts from legs performed on modes not included in the &apos;analyzedModes&apos; parameter are ignored. --&gt;
		&lt;param name=&quot;filterModes&quot; value=&quot;false&quot; /&gt;

		&lt;!-- The Coordinates Reference System in which the coordinates are expressed in the input file. At import, the coordinates will be converted to the coordinate system defined in &quot;global&quot;, and willbe converted back at export. If not specified, no conversion happens. --&gt;
		&lt;param name=&quot;inputCRS&quot; value=&quot;null&quot; /&gt;

		&lt;!-- input file name to counts package --&gt;
		&lt;param name=&quot;inputCountsFile&quot; value=&quot;null&quot; /&gt;

		&lt;!-- possible values: `html&apos;, `kml&apos;, `txt&apos;, `all&apos; --&gt;
		&lt;param name=&quot;outputformat&quot; value=&quot;txt&quot; /&gt;

		&lt;!-- Specifies how often the counts comparison should be calculated and written. --&gt;
		&lt;param name=&quot;writeCountsInterval&quot; value=&quot;10&quot; /&gt;
	&lt;/module&gt;

&lt;!-- ====================================================================== --&gt;

	&lt;module name=&quot;dvrp&quot; &gt;

		&lt;!-- Mode which will be handled by PassengerEngine and VrpOptimizer (passengers&apos;/customers&apos; perspective) --&gt;
		&lt;param name=&quot;mode&quot; value=&quot;null&quot; /&gt;

		&lt;!-- Mode of which the network will be used for routing vehicles, calculating trave times, etc. (fleet operator&apos;s perspective). Default is car. --&gt;
		&lt;param name=&quot;networkMode&quot; value=&quot;car&quot; /&gt;

		&lt;!-- Used for estimation of travel times for VrpOptimizer by means of the exponential moving average. The weighting decrease, alpha, must be in (0,1]. We suggest small values of alpha, e.g. 0.05. The averaging starts from the initial travel time estimates. If not provided, the free-speed TTs is used as the initial estimates For more info see comments in: VrpTravelTimeEstimator, VrpTravelTimeModules, DvrpModule. --&gt;
		&lt;param name=&quot;travelTimeEstimationAlpha&quot; value=&quot;0.05&quot; /&gt;
	&lt;/module&gt;

&lt;!-- ====================================================================== --&gt;

	&lt;module name=&quot;facilities&quot; &gt;

		&lt;!-- The Coordinates Reference System in which the coordinates are expressed in the input file. At import, the coordinates will be converted to the coordinate system defined in &quot;global&quot;, and willbe converted back at export. If not specified, no conversion happens. --&gt;
		&lt;param name=&quot;inputCRS&quot; value=&quot;null&quot; /&gt;

		&lt;param name=&quot;inputFacilitiesFile&quot; value=&quot;null&quot; /&gt;
		&lt;param name=&quot;inputFacilityAttributesFile&quot; value=&quot;null&quot; /&gt;
	&lt;/module&gt;

&lt;!-- ====================================================================== --&gt;

	&lt;module name=&quot;global&quot; &gt;
		&lt;param name=&quot;coordinateSystem&quot; value=&quot;Atlantis&quot; /&gt;

		&lt;!-- &quot;global&quot; number of threads.  This number is used, e.g., for replanning, but NOT in the mobsim.  This can typically be set to as many cores as you have available, or possibly even slightly more. --&gt;
		&lt;param name=&quot;numberOfThreads&quot; value=&quot;2&quot; /&gt;

		&lt;param name=&quot;randomSeed&quot; value=&quot;4711&quot; /&gt;
	&lt;/module&gt;

&lt;!-- ====================================================================== --&gt;

	&lt;module name=&quot;households&quot; &gt;
		&lt;param name=&quot;inputFile&quot; value=&quot;null&quot; /&gt;
		&lt;param name=&quot;inputHouseholdAttributesFile&quot; value=&quot;null&quot; /&gt;
	&lt;/module&gt;

&lt;!-- ====================================================================== --&gt;

	&lt;module name=&quot;linkStats&quot; &gt;

		&lt;!-- Specifies over how many iterations the link volumes should be averaged that are used for the link statistics. Use 1 or 0 to only use the link volumes of a single iteration. This values cannot be larger than the value specified for writeLinkStatsInterval --&gt;
		&lt;param name=&quot;averageLinkStatsOverIterations&quot; value=&quot;5&quot; /&gt;

		&lt;!-- Specifies how often the link stats should be calculated and written. Use 0 to disable the generation of link stats. --&gt;
		&lt;param name=&quot;writeLinkStatsInterval&quot; value=&quot;10&quot; /&gt;
	&lt;/module&gt;

&lt;!-- ====================================================================== --&gt;

	&lt;module name=&quot;network&quot; &gt;

		&lt;!-- The Coordinates Reference System in which the coordinates are expressed in the input file. At import, the coordinates will be converted to the coordinate system defined in &quot;global&quot;, and willbe converted back at export. If not specified, no conversion happens. --&gt;
		&lt;param name=&quot;inputCRS&quot; value=&quot;null&quot; /&gt;

		&lt;param name=&quot;inputChangeEventsFile&quot; value=&quot;null&quot; /&gt;
		&lt;param name=&quot;inputNetworkFile&quot; value=&quot;null&quot; /&gt;
		&lt;param name=&quot;laneDefinitionsFile&quot; value=&quot;null&quot; /&gt;
		&lt;param name=&quot;timeVariantNetwork&quot; value=&quot;false&quot; /&gt;
	&lt;/module&gt;

&lt;!-- ====================================================================== --&gt;

	&lt;module name=&quot;parallelEventHandling&quot; &gt;

		&lt;!-- Estimated number of events during mobsim run. An optional optimization hint for the framework. --&gt;
		&lt;param name=&quot;estimatedNumberOfEvents&quot; value=&quot;null&quot; /&gt;

		&lt;!-- Number of threads for parallel events handler. 0 or null means the framework decides by itself. --&gt;
		&lt;param name=&quot;numberOfThreads&quot; value=&quot;null&quot; /&gt;

		&lt;!-- If enabled, each event handler is assigned to its own thread. Note that enabling this feature disabled the numberOfThreads option! This feature is still experimental! --&gt;
		&lt;param name=&quot;oneThreadPerHandler&quot; value=&quot;false&quot; /&gt;

		&lt;!-- If enabled, it is ensured that all events that are created during a time step of the mobility simulation are processed before the next time step is simulated. E.g. neccessary when within-day replanning is used. --&gt;
		&lt;param name=&quot;synchronizeOnSimSteps&quot; value=&quot;true&quot; /&gt;
	&lt;/module&gt;

&lt;!-- ====================================================================== --&gt;

	&lt;module name=&quot;planCalcScore&quot; &gt;

		&lt;!-- logit model scale parameter. default: 1.  Has name and default value for historical reasons (see Bryan Raney&apos;s phd thesis). --&gt;
		&lt;param name=&quot;BrainExpBeta&quot; value=&quot;1.0&quot; /&gt;

		&lt;param name=&quot;PathSizeLogitBeta&quot; value=&quot;1.0&quot; /&gt;

		&lt;!-- fraction of iterations at which MSA score averaging is started. The matsim theory department suggests to use this together with switching off choice set innovation (where a similar switch exists), but it has not been tested yet. --&gt;
		&lt;param name=&quot;fractionOfIterationsToStartScoreMSA&quot; value=&quot;null&quot; /&gt;

		&lt;!-- new_score = (1-learningRate)*old_score + learningRate * score_from_mobsim.  learning rates close to zero emulate score averaging, but slow down initial convergence --&gt;
		&lt;param name=&quot;learningRate&quot; value=&quot;1.0&quot; /&gt;

		&lt;!-- There used to be a plateau between duration=0 and duration=zeroUtilityDuration. This caused durations to evolve to zero once they were below zeroUtilityDuration, causing problems.  Only use this switch if you need to be backwards compatible with some old results.  (changed nov&apos;13) --&gt;
		&lt;param name=&quot;usingOldScoringBelowZeroUtilityDuration&quot; value=&quot;false&quot; /&gt;

		&lt;!-- write a plans file in each iteration directory which contains what each agent actually did, and the score it received. --&gt;
		&lt;param name=&quot;writeExperiencedPlans&quot; value=&quot;false&quot; /&gt;

		&lt;parameterset type=&quot;scoringParameters&quot; &gt;
			&lt;param name=&quot;earlyDeparture&quot; value=&quot;-0.0&quot; /&gt;
			&lt;param name=&quot;lateArrival&quot; value=&quot;-18.0&quot; /&gt;
			&lt;param name=&quot;marginalUtilityOfMoney&quot; value=&quot;1.0&quot; /&gt;
			&lt;param name=&quot;performing&quot; value=&quot;6.0&quot; /&gt;
			&lt;param name=&quot;subpopulation&quot; value=&quot;null&quot; /&gt;
			&lt;param name=&quot;utilityOfLineSwitch&quot; value=&quot;-1.0&quot; /&gt;
			&lt;param name=&quot;waiting&quot; value=&quot;-0.0&quot; /&gt;
			&lt;param name=&quot;waitingPt&quot; value=&quot;-6.0&quot; /&gt;

			&lt;parameterset type=&quot;activityParams&quot; &gt;
				&lt;param name=&quot;activityType&quot; value=&quot;dummy&quot; /&gt;
				&lt;param name=&quot;closingTime&quot; value=&quot;undefined&quot; /&gt;
				&lt;param name=&quot;earliestEndTime&quot; value=&quot;undefined&quot; /&gt;
				&lt;param name=&quot;latestStartTime&quot; value=&quot;undefined&quot; /&gt;
				&lt;param name=&quot;minimalDuration&quot; value=&quot;undefined&quot; /&gt;
				&lt;param name=&quot;openingTime&quot; value=&quot;undefined&quot; /&gt;
				&lt;param name=&quot;priority&quot; value=&quot;1.0&quot; /&gt;
				&lt;param name=&quot;scoringThisActivityAtAll&quot; value=&quot;true&quot; /&gt;

				&lt;!-- typical duration of activity.  needs to be defined and non-zero.  in sec. --&gt;
				&lt;param name=&quot;typicalDuration&quot; value=&quot;02:00:00&quot; /&gt;

				&lt;!-- method to compute score at typical duration.  Options: | uniform | relative | Use uniform for backwards compatibility (all activities same score; higher proba to drop long acts). --&gt;
				&lt;param name=&quot;typicalDurationScoreComputation&quot; value=&quot;relative&quot; /&gt;
			&lt;/parameterset&gt;

			&lt;parameterset type=&quot;activityParams&quot; &gt;
				&lt;param name=&quot;activityType&quot; value=&quot;car interaction&quot; /&gt;
				&lt;param name=&quot;closingTime&quot; value=&quot;undefined&quot; /&gt;
				&lt;param name=&quot;earliestEndTime&quot; value=&quot;undefined&quot; /&gt;
				&lt;param name=&quot;latestStartTime&quot; value=&quot;undefined&quot; /&gt;
				&lt;param name=&quot;minimalDuration&quot; value=&quot;undefined&quot; /&gt;
				&lt;param name=&quot;openingTime&quot; value=&quot;undefined&quot; /&gt;
				&lt;param name=&quot;priority&quot; value=&quot;1.0&quot; /&gt;
				&lt;param name=&quot;scoringThisActivityAtAll&quot; value=&quot;false&quot; /&gt;

				&lt;!-- typical duration of activity.  needs to be defined and non-zero.  in sec. --&gt;
				&lt;param name=&quot;typicalDuration&quot; value=&quot;undefined&quot; /&gt;

				&lt;!-- method to compute score at typical duration.  Options: | uniform | relative | Use uniform for backwards compatibility (all activities same score; higher proba to drop long acts). --&gt;
				&lt;param name=&quot;typicalDurationScoreComputation&quot; value=&quot;relative&quot; /&gt;
			&lt;/parameterset&gt;

			&lt;parameterset type=&quot;activityParams&quot; &gt;
				&lt;param name=&quot;activityType&quot; value=&quot;pt interaction&quot; /&gt;
				&lt;param name=&quot;closingTime&quot; value=&quot;undefined&quot; /&gt;
				&lt;param name=&quot;earliestEndTime&quot; value=&quot;undefined&quot; /&gt;
				&lt;param name=&quot;latestStartTime&quot; value=&quot;undefined&quot; /&gt;
				&lt;param name=&quot;minimalDuration&quot; value=&quot;undefined&quot; /&gt;
				&lt;param name=&quot;openingTime&quot; value=&quot;undefined&quot; /&gt;
				&lt;param name=&quot;priority&quot; value=&quot;1.0&quot; /&gt;
				&lt;param name=&quot;scoringThisActivityAtAll&quot; value=&quot;false&quot; /&gt;

				&lt;!-- typical duration of activity.  needs to be defined and non-zero.  in sec. --&gt;
				&lt;param name=&quot;typicalDuration&quot; value=&quot;undefined&quot; /&gt;

				&lt;!-- method to compute score at typical duration.  Options: | uniform | relative | Use uniform for backwards compatibility (all activities same score; higher proba to drop long acts). --&gt;
				&lt;param name=&quot;typicalDurationScoreComputation&quot; value=&quot;relative&quot; /&gt;
			&lt;/parameterset&gt;

			&lt;parameterset type=&quot;activityParams&quot; &gt;
				&lt;param name=&quot;activityType&quot; value=&quot;bike interaction&quot; /&gt;
				&lt;param name=&quot;closingTime&quot; value=&quot;undefined&quot; /&gt;
				&lt;param name=&quot;earliestEndTime&quot; value=&quot;undefined&quot; /&gt;
				&lt;param name=&quot;latestStartTime&quot; value=&quot;undefined&quot; /&gt;
				&lt;param name=&quot;minimalDuration&quot; value=&quot;undefined&quot; /&gt;
				&lt;param name=&quot;openingTime&quot; value=&quot;undefined&quot; /&gt;
				&lt;param name=&quot;priority&quot; value=&quot;1.0&quot; /&gt;
				&lt;param name=&quot;scoringThisActivityAtAll&quot; value=&quot;false&quot; /&gt;

				&lt;!-- typical duration of activity.  needs to be defined and non-zero.  in sec. --&gt;
				&lt;param name=&quot;typicalDuration&quot; value=&quot;undefined&quot; /&gt;

				&lt;!-- method to compute score at typical duration.  Options: | uniform | relative | Use uniform for backwards compatibility (all activities same score; higher proba to drop long acts). --&gt;
				&lt;param name=&quot;typicalDurationScoreComputation&quot; value=&quot;relative&quot; /&gt;
			&lt;/parameterset&gt;

			&lt;parameterset type=&quot;activityParams&quot; &gt;
				&lt;param name=&quot;activityType&quot; value=&quot;other interaction&quot; /&gt;
				&lt;param name=&quot;closingTime&quot; value=&quot;undefined&quot; /&gt;
				&lt;param name=&quot;earliestEndTime&quot; value=&quot;undefined&quot; /&gt;
				&lt;param name=&quot;latestStartTime&quot; value=&quot;undefined&quot; /&gt;
				&lt;param name=&quot;minimalDuration&quot; value=&quot;undefined&quot; /&gt;
				&lt;param name=&quot;openingTime&quot; value=&quot;undefined&quot; /&gt;
				&lt;param name=&quot;priority&quot; value=&quot;1.0&quot; /&gt;
				&lt;param name=&quot;scoringThisActivityAtAll&quot; value=&quot;false&quot; /&gt;

				&lt;!-- typical duration of activity.  needs to be defined and non-zero.  in sec. --&gt;
				&lt;param name=&quot;typicalDuration&quot; value=&quot;undefined&quot; /&gt;

				&lt;!-- method to compute score at typical duration.  Options: | uniform | relative | Use uniform for backwards compatibility (all activities same score; higher proba to drop long acts). --&gt;
				&lt;param name=&quot;typicalDurationScoreComputation&quot; value=&quot;relative&quot; /&gt;
			&lt;/parameterset&gt;

			&lt;parameterset type=&quot;activityParams&quot; &gt;
				&lt;param name=&quot;activityType&quot; value=&quot;walk interaction&quot; /&gt;
				&lt;param name=&quot;closingTime&quot; value=&quot;undefined&quot; /&gt;
				&lt;param name=&quot;earliestEndTime&quot; value=&quot;undefined&quot; /&gt;
				&lt;param name=&quot;latestStartTime&quot; value=&quot;undefined&quot; /&gt;
				&lt;param name=&quot;minimalDuration&quot; value=&quot;undefined&quot; /&gt;
				&lt;param name=&quot;openingTime&quot; value=&quot;undefined&quot; /&gt;
				&lt;param name=&quot;priority&quot; value=&quot;1.0&quot; /&gt;
				&lt;param name=&quot;scoringThisActivityAtAll&quot; value=&quot;false&quot; /&gt;

				&lt;!-- typical duration of activity.  needs to be defined and non-zero.  in sec. --&gt;
				&lt;param name=&quot;typicalDuration&quot; value=&quot;undefined&quot; /&gt;

				&lt;!-- method to compute score at typical duration.  Options: | uniform | relative | Use uniform for backwards compatibility (all activities same score; higher proba to drop long acts). --&gt;
				&lt;param name=&quot;typicalDurationScoreComputation&quot; value=&quot;relative&quot; /&gt;
			&lt;/parameterset&gt;

			&lt;parameterset type=&quot;activityParams&quot; &gt;
				&lt;param name=&quot;activityType&quot; value=&quot;activity&quot; /&gt;
				&lt;param name=&quot;closingTime&quot; value=&quot;undefined&quot; /&gt;
				&lt;param name=&quot;earliestEndTime&quot; value=&quot;undefined&quot; /&gt;
				&lt;param name=&quot;latestStartTime&quot; value=&quot;undefined&quot; /&gt;
				&lt;param name=&quot;minimalDuration&quot; value=&quot;undefined&quot; /&gt;
				&lt;param name=&quot;openingTime&quot; value=&quot;undefined&quot; /&gt;
				&lt;param name=&quot;priority&quot; value=&quot;1.0&quot; /&gt;
				&lt;param name=&quot;scoringThisActivityAtAll&quot; value=&quot;false&quot; /&gt;

				&lt;!-- typical duration of activity.  needs to be defined and non-zero.  in sec. --&gt;
				&lt;param name=&quot;typicalDuration&quot; value=&quot;undefined&quot; /&gt;

				&lt;!-- method to compute score at typical duration.  Options: | uniform | relative | Use uniform for backwards compatibility (all activities same score; higher proba to drop long acts). --&gt;
				&lt;param name=&quot;typicalDurationScoreComputation&quot; value=&quot;relative&quot; /&gt;
			&lt;/parameterset&gt;

			&lt;parameterset type=&quot;modeParams&quot; &gt;

				&lt;!-- [utils] alternative-specific constant.  no guarantee that this is used anywhere. default=0 to be backwards compatible for the time being --&gt;
				&lt;param name=&quot;constant&quot; value=&quot;0.0&quot; /&gt;

				&lt;!-- [utils/m] utility of walking per m, normally negative.  this is on top of the time (dis)utility. --&gt;
				&lt;param name=&quot;marginalUtilityOfDistance_util_m&quot; value=&quot;0.0&quot; /&gt;

				&lt;!-- [utils/hr] additional marginal utility of traveling.  normally negative.  this comes on top of the opportunity cost of time --&gt;
				&lt;param name=&quot;marginalUtilityOfTraveling_util_hr&quot; value=&quot;-6.0&quot; /&gt;

				&lt;param name=&quot;mode&quot; value=&quot;car&quot; /&gt;

				&lt;!-- [unit_of_money/m] conversion of distance into money. Normally negative. --&gt;
				&lt;param name=&quot;monetaryDistanceRate&quot; value=&quot;0.0&quot; /&gt;
			&lt;/parameterset&gt;

			&lt;parameterset type=&quot;modeParams&quot; &gt;

				&lt;!-- [utils] alternative-specific constant.  no guarantee that this is used anywhere. default=0 to be backwards compatible for the time being --&gt;
				&lt;param name=&quot;constant&quot; value=&quot;0.0&quot; /&gt;

				&lt;!-- [utils/m] utility of walking per m, normally negative.  this is on top of the time (dis)utility. --&gt;
				&lt;param name=&quot;marginalUtilityOfDistance_util_m&quot; value=&quot;0.0&quot; /&gt;

				&lt;!-- [utils/hr] additional marginal utility of traveling.  normally negative.  this comes on top of the opportunity cost of time --&gt;
				&lt;param name=&quot;marginalUtilityOfTraveling_util_hr&quot; value=&quot;-6.0&quot; /&gt;

				&lt;param name=&quot;mode&quot; value=&quot;pt&quot; /&gt;

				&lt;!-- [unit_of_money/m] conversion of distance into money. Normally negative. --&gt;
				&lt;param name=&quot;monetaryDistanceRate&quot; value=&quot;0.0&quot; /&gt;
			&lt;/parameterset&gt;

			&lt;parameterset type=&quot;modeParams&quot; &gt;

				&lt;!-- [utils] alternative-specific constant.  no guarantee that this is used anywhere. default=0 to be backwards compatible for the time being --&gt;
				&lt;param name=&quot;constant&quot; value=&quot;0.0&quot; /&gt;

				&lt;!-- [utils/m] utility of walking per m, normally negative.  this is on top of the time (dis)utility. --&gt;
				&lt;param name=&quot;marginalUtilityOfDistance_util_m&quot; value=&quot;0.0&quot; /&gt;

				&lt;!-- [utils/hr] additional marginal utility of traveling.  normally negative.  this comes on top of the opportunity cost of time --&gt;
				&lt;param name=&quot;marginalUtilityOfTraveling_util_hr&quot; value=&quot;-6.0&quot; /&gt;

				&lt;param name=&quot;mode&quot; value=&quot;walk&quot; /&gt;

				&lt;!-- [unit_of_money/m] conversion of distance into money. Normally negative. --&gt;
				&lt;param name=&quot;monetaryDistanceRate&quot; value=&quot;0.0&quot; /&gt;
			&lt;/parameterset&gt;

			&lt;parameterset type=&quot;modeParams&quot; &gt;

				&lt;!-- [utils] alternative-specific constant.  no guarantee that this is used anywhere. default=0 to be backwards compatible for the time being --&gt;
				&lt;param name=&quot;constant&quot; value=&quot;0.0&quot; /&gt;

				&lt;!-- [utils/m] utility of walking per m, normally negative.  this is on top of the time (dis)utility. --&gt;
				&lt;param name=&quot;marginalUtilityOfDistance_util_m&quot; value=&quot;0.0&quot; /&gt;

				&lt;!-- [utils/hr] additional marginal utility of traveling.  normally negative.  this comes on top of the opportunity cost of time --&gt;
				&lt;param name=&quot;marginalUtilityOfTraveling_util_hr&quot; value=&quot;-6.0&quot; /&gt;

				&lt;param name=&quot;mode&quot; value=&quot;bike&quot; /&gt;

				&lt;!-- [unit_of_money/m] conversion of distance into money. Normally negative. --&gt;
				&lt;param name=&quot;monetaryDistanceRate&quot; value=&quot;0.0&quot; /&gt;
			&lt;/parameterset&gt;

			&lt;parameterset type=&quot;modeParams&quot; &gt;

				&lt;!-- [utils] alternative-specific constant.  no guarantee that this is used anywhere. default=0 to be backwards compatible for the time being --&gt;
				&lt;param name=&quot;constant&quot; value=&quot;0.0&quot; /&gt;

				&lt;!-- [utils/m] utility of walking per m, normally negative.  this is on top of the time (dis)utility. --&gt;
				&lt;param name=&quot;marginalUtilityOfDistance_util_m&quot; value=&quot;0.0&quot; /&gt;

				&lt;!-- [utils/hr] additional marginal utility of traveling.  normally negative.  this comes on top of the opportunity cost of time --&gt;
				&lt;param name=&quot;marginalUtilityOfTraveling_util_hr&quot; value=&quot;-6.0&quot; /&gt;

				&lt;param name=&quot;mode&quot; value=&quot;ride&quot; /&gt;

				&lt;!-- [unit_of_money/m] conversion of distance into money. Normally negative. --&gt;
				&lt;param name=&quot;monetaryDistanceRate&quot; value=&quot;0.0&quot; /&gt;
			&lt;/parameterset&gt;

			&lt;parameterset type=&quot;modeParams&quot; &gt;

				&lt;!-- [utils] alternative-specific constant.  no guarantee that this is used anywhere. default=0 to be backwards compatible for the time being --&gt;
				&lt;param name=&quot;constant&quot; value=&quot;0.0&quot; /&gt;

				&lt;!-- [utils/m] utility of walking per m, normally negative.  this is on top of the time (dis)utility. --&gt;
				&lt;param name=&quot;marginalUtilityOfDistance_util_m&quot; value=&quot;0.0&quot; /&gt;

				&lt;!-- [utils/hr] additional marginal utility of traveling.  normally negative.  this comes on top of the opportunity cost of time --&gt;
				&lt;param name=&quot;marginalUtilityOfTraveling_util_hr&quot; value=&quot;-6.0&quot; /&gt;

				&lt;param name=&quot;mode&quot; value=&quot;other&quot; /&gt;

				&lt;!-- [unit_of_money/m] conversion of distance into money. Normally negative. --&gt;
				&lt;param name=&quot;monetaryDistanceRate&quot; value=&quot;0.0&quot; /&gt;
			&lt;/parameterset&gt;

			&lt;parameterset type=&quot;modeParams&quot; &gt;

				&lt;!-- [utils] alternative-specific constant.  no guarantee that this is used anywhere. default=0 to be backwards compatible for the time being --&gt;
				&lt;param name=&quot;constant&quot; value=&quot;0.0&quot; /&gt;

				&lt;!-- [utils/m] utility of walking per m, normally negative.  this is on top of the time (dis)utility. --&gt;
				&lt;param name=&quot;marginalUtilityOfDistance_util_m&quot; value=&quot;0.0&quot; /&gt;

				&lt;!-- [utils/hr] additional marginal utility of traveling.  normally negative.  this comes on top of the opportunity cost of time --&gt;
				&lt;param name=&quot;marginalUtilityOfTraveling_util_hr&quot; value=&quot;8.86&quot; /&gt;

				&lt;param name=&quot;mode&quot; value=&quot;av&quot; /&gt;

				&lt;!-- [unit_of_money/m] conversion of distance into money. Normally negative. --&gt;
				&lt;param name=&quot;monetaryDistanceRate&quot; value=&quot;0.0&quot; /&gt;
			&lt;/parameterset&gt;
		&lt;/parameterset&gt;
	&lt;/module&gt;

&lt;!-- ====================================================================== --&gt;

	&lt;module name=&quot;plans&quot; &gt;

		&lt;!-- String: minOfDurationAndEndTime tryEndTimeThenDuration endTimeOnly. Anything besides minOfDurationAndEndTime will internally use a different (simpler) version of the TimeAllocationMutator. --&gt;
		&lt;param name=&quot;activityDurationInterpretation&quot; value=&quot;tryEndTimeThenDuration&quot; /&gt;

		&lt;!-- The Coordinates Reference System in which the coordinates are expressed in the input file. At import, the coordinates will be converted to the coordinate system defined in &quot;global&quot;, and willbe converted back at export. If not specified, no conversion happens. --&gt;
		&lt;param name=&quot;inputCRS&quot; value=&quot;null&quot; /&gt;

		&lt;!-- Path to a file containing person attributes (required file format: ObjectAttributes). --&gt;
		&lt;param name=&quot;inputPersonAttributesFile&quot; value=&quot;null&quot; /&gt;

		&lt;param name=&quot;inputPlansFile&quot; value=&quot;null&quot; /&gt;

		&lt;!-- Defines how routes are stored in memory. Currently supported: LinkNetworkRoute, CompressedNetworkRoute. --&gt;
		&lt;param name=&quot;networkRouteType&quot; value=&quot;LinkNetworkRoute&quot; /&gt;

		&lt;!-- (not tested) will remove plan attributes that are presumably not used, such as activityStartTime. default=false --&gt;
		&lt;param name=&quot;removingUnnecessaryPlanAttributes&quot; value=&quot;false&quot; /&gt;

		&lt;!-- Name of the (Object)Attribute defining the subpopulation to which pertains a Person (as freight, through traffic, etc.). The attribute must be of String type.  Change away from default only in desperate situations. --&gt;
		&lt;param name=&quot;subpopulationAttributeName&quot; value=&quot;subpopulation&quot; /&gt;
	&lt;/module&gt;

&lt;!-- ====================================================================== --&gt;

	&lt;module name=&quot;planscalcroute&quot; &gt;

		&lt;!-- All the modes for which the router is supposed to generate network routes (like car) --&gt;
		&lt;param name=&quot;networkModes&quot; value=&quot;car&quot; /&gt;

		&lt;parameterset type=&quot;teleportedModeParameters&quot; &gt;
			&lt;param name=&quot;beelineDistanceFactor&quot; value=&quot;1.3&quot; /&gt;
			&lt;param name=&quot;mode&quot; value=&quot;bike&quot; /&gt;

			&lt;!-- Free-speed factor for a teleported mode. Travel time = teleportedModeFreespeedFactor * &lt;freespeed car travel time&gt;. Insert a line like this for every such mode. Please do not set teleportedModeFreespeedFactor as well as teleportedModeSpeed for the same mode, but if you do, +teleportedModeFreespeedFactor wins over teleportedModeSpeed. --&gt;
			&lt;param name=&quot;teleportedModeFreespeedFactor&quot; value=&quot;null&quot; /&gt;

			&lt;!-- Speed for a teleported mode. Travel time = (&lt;beeline distance&gt; * beelineDistanceFactor) / teleportedModeSpeed. Insert a line like this for every such mode. --&gt;
			&lt;param name=&quot;teleportedModeSpeed&quot; value=&quot;4.166666666666667&quot; /&gt;
		&lt;/parameterset&gt;

		&lt;parameterset type=&quot;teleportedModeParameters&quot; &gt;
			&lt;param name=&quot;beelineDistanceFactor&quot; value=&quot;1.3&quot; /&gt;
			&lt;param name=&quot;mode&quot; value=&quot;walk&quot; /&gt;

			&lt;!-- Free-speed factor for a teleported mode. Travel time = teleportedModeFreespeedFactor * &lt;freespeed car travel time&gt;. Insert a line like this for every such mode. Please do not set teleportedModeFreespeedFactor as well as teleportedModeSpeed for the same mode, but if you do, +teleportedModeFreespeedFactor wins over teleportedModeSpeed. --&gt;
			&lt;param name=&quot;teleportedModeFreespeedFactor&quot; value=&quot;null&quot; /&gt;

			&lt;!-- Speed for a teleported mode. Travel time = (&lt;beeline distance&gt; * beelineDistanceFactor) / teleportedModeSpeed. Insert a line like this for every such mode. --&gt;
			&lt;param name=&quot;teleportedModeSpeed&quot; value=&quot;0.8333333333333333&quot; /&gt;
		&lt;/parameterset&gt;

		&lt;parameterset type=&quot;teleportedModeParameters&quot; &gt;
			&lt;param name=&quot;beelineDistanceFactor&quot; value=&quot;1.3&quot; /&gt;
			&lt;param name=&quot;mode&quot; value=&quot;access_walk&quot; /&gt;

			&lt;!-- Free-speed factor for a teleported mode. Travel time = teleportedModeFreespeedFactor * &lt;freespeed car travel time&gt;. Insert a line like this for every such mode. Please do not set teleportedModeFreespeedFactor as well as teleportedModeSpeed for the same mode, but if you do, +teleportedModeFreespeedFactor wins over teleportedModeSpeed. --&gt;
			&lt;param name=&quot;teleportedModeFreespeedFactor&quot; value=&quot;null&quot; /&gt;

			&lt;!-- Speed for a teleported mode. Travel time = (&lt;beeline distance&gt; * beelineDistanceFactor) / teleportedModeSpeed. Insert a line like this for every such mode. --&gt;
			&lt;param name=&quot;teleportedModeSpeed&quot; value=&quot;0.8333333333333333&quot; /&gt;
		&lt;/parameterset&gt;

		&lt;parameterset type=&quot;teleportedModeParameters&quot; &gt;
			&lt;param name=&quot;beelineDistanceFactor&quot; value=&quot;1.3&quot; /&gt;
			&lt;param name=&quot;mode&quot; value=&quot;egress_walk&quot; /&gt;

			&lt;!-- Free-speed factor for a teleported mode. Travel time = teleportedModeFreespeedFactor * &lt;freespeed car travel time&gt;. Insert a line like this for every such mode. Please do not set teleportedModeFreespeedFactor as well as teleportedModeSpeed for the same mode, but if you do, +teleportedModeFreespeedFactor wins over teleportedModeSpeed. --&gt;
			&lt;param name=&quot;teleportedModeFreespeedFactor&quot; value=&quot;null&quot; /&gt;

			&lt;!-- Speed for a teleported mode. Travel time = (&lt;beeline distance&gt; * beelineDistanceFactor) / teleportedModeSpeed. Insert a line like this for every such mode. --&gt;
			&lt;param name=&quot;teleportedModeSpeed&quot; value=&quot;0.8333333333333333&quot; /&gt;
		&lt;/parameterset&gt;

		&lt;parameterset type=&quot;teleportedModeParameters&quot; &gt;
			&lt;param name=&quot;beelineDistanceFactor&quot; value=&quot;1.3&quot; /&gt;
			&lt;param name=&quot;mode&quot; value=&quot;undefined&quot; /&gt;

			&lt;!-- Free-speed factor for a teleported mode. Travel time = teleportedModeFreespeedFactor * &lt;freespeed car travel time&gt;. Insert a line like this for every such mode. Please do not set teleportedModeFreespeedFactor as well as teleportedModeSpeed for the same mode, but if you do, +teleportedModeFreespeedFactor wins over teleportedModeSpeed. --&gt;
			&lt;param name=&quot;teleportedModeFreespeedFactor&quot; value=&quot;null&quot; /&gt;

			&lt;!-- Speed for a teleported mode. Travel time = (&lt;beeline distance&gt; * beelineDistanceFactor) / teleportedModeSpeed. Insert a line like this for every such mode. --&gt;
			&lt;param name=&quot;teleportedModeSpeed&quot; value=&quot;13.88888888888889&quot; /&gt;
		&lt;/parameterset&gt;

		&lt;parameterset type=&quot;teleportedModeParameters&quot; &gt;
			&lt;param name=&quot;beelineDistanceFactor&quot; value=&quot;1.3&quot; /&gt;
			&lt;param name=&quot;mode&quot; value=&quot;ride&quot; /&gt;

			&lt;!-- Free-speed factor for a teleported mode. Travel time = teleportedModeFreespeedFactor * &lt;freespeed car travel time&gt;. Insert a line like this for every such mode. Please do not set teleportedModeFreespeedFactor as well as teleportedModeSpeed for the same mode, but if you do, +teleportedModeFreespeedFactor wins over teleportedModeSpeed. --&gt;
			&lt;param name=&quot;teleportedModeFreespeedFactor&quot; value=&quot;1.0&quot; /&gt;

			&lt;!-- Speed for a teleported mode. Travel time = (&lt;beeline distance&gt; * beelineDistanceFactor) / teleportedModeSpeed. Insert a line like this for every such mode. --&gt;
			&lt;param name=&quot;teleportedModeSpeed&quot; value=&quot;null&quot; /&gt;
		&lt;/parameterset&gt;

		&lt;parameterset type=&quot;teleportedModeParameters&quot; &gt;
			&lt;param name=&quot;beelineDistanceFactor&quot; value=&quot;1.3&quot; /&gt;
			&lt;param name=&quot;mode&quot; value=&quot;pt&quot; /&gt;

			&lt;!-- Free-speed factor for a teleported mode. Travel time = teleportedModeFreespeedFactor * &lt;freespeed car travel time&gt;. Insert a line like this for every such mode. Please do not set teleportedModeFreespeedFactor as well as teleportedModeSpeed for the same mode, but if you do, +teleportedModeFreespeedFactor wins over teleportedModeSpeed. --&gt;
			&lt;param name=&quot;teleportedModeFreespeedFactor&quot; value=&quot;2.0&quot; /&gt;

			&lt;!-- Speed for a teleported mode. Travel time = (&lt;beeline distance&gt; * beelineDistanceFactor) / teleportedModeSpeed. Insert a line like this for every such mode. --&gt;
			&lt;param name=&quot;teleportedModeSpeed&quot; value=&quot;null&quot; /&gt;
		&lt;/parameterset&gt;
	&lt;/module&gt;

&lt;!-- ====================================================================== --&gt;

	&lt;module name=&quot;ptCounts&quot; &gt;

		&lt;!-- factor by which to re-scale the simulated values.  necessary when simulation runs with something different from 100%.  needs to be adapted manually --&gt;
		&lt;param name=&quot;countsScaleFactor&quot; value=&quot;1.0&quot; /&gt;

		&lt;!-- distance to distanceFilterCenterNode to include counting stations. The unit of distance is the Euclidean distance implied by the coordinate system --&gt;
		&lt;param name=&quot;distanceFilter&quot; value=&quot;null&quot; /&gt;

		&lt;!-- node id for center node of distance filter --&gt;
		&lt;param name=&quot;distanceFilterCenterNode&quot; value=&quot;null&quot; /&gt;

		&lt;!-- input file containing the alighting (getting off) counts for pt --&gt;
		&lt;param name=&quot;inputAlightCountsFile&quot; value=&quot;null&quot; /&gt;

		&lt;!-- input file containing the boarding (getting on) counts for pt --&gt;
		&lt;param name=&quot;inputBoardCountsFile&quot; value=&quot;null&quot; /&gt;

		&lt;!-- input file containing the occupancy counts for pt --&gt;
		&lt;param name=&quot;inputOccupancyCountsFile&quot; value=&quot;null&quot; /&gt;

		&lt;!-- possible values: `html&apos;, `kml&apos;, `txt&apos;, `all&apos; --&gt;
		&lt;param name=&quot;outputformat&quot; value=&quot;null&quot; /&gt;

		&lt;!-- every how many iterations (starting with 0) counts comparisons are generated --&gt;
		&lt;param name=&quot;ptCountsInterval&quot; value=&quot;10&quot; /&gt;
	&lt;/module&gt;

&lt;!-- ====================================================================== --&gt;

	&lt;module name=&quot;qsim&quot; &gt;
		&lt;param name=&quot;endTime&quot; value=&quot;20:00:00&quot; /&gt;
		&lt;param name=&quot;flowCapacityFactor&quot; value=&quot;1.0&quot; /&gt;

		&lt;!-- decides if waiting vehicles enter the network after or before the already driving vehicles were moved. Default: false --&gt;
		&lt;param name=&quot;insertingWaitingVehiclesBeforeDrivingVehicles&quot; value=&quot;false&quot; /&gt;

		&lt;!-- If link dynamics is set as SeepageQ, set to false if all seep modes should perform seepage. Default is true (better option). --&gt;
		&lt;param name=&quot;isRestrictingSeepage&quot; value=&quot;true&quot; /&gt;

		&lt;!-- If link dynamics is set as SeepageQ, set to true if seep mode do not consumes any space on the link. Default is false. --&gt;
		&lt;param name=&quot;isSeepModeStorageFree&quot; value=&quot;false&quot; /&gt;

		&lt;!-- default: FIFO; options: FIFO PassingQ SeepageQ --&gt;
		&lt;param name=&quot;linkDynamics&quot; value=&quot;FIFO&quot; /&gt;

		&lt;!-- The (initial) width of the links of the network. Use positive floating point values. This is used only for visualisation. --&gt;
		&lt;param name=&quot;linkWidth&quot; value=&quot;30.0&quot; /&gt;

		&lt;!-- [comma-separated list] Defines which modes are congested modes. Technically, these are the modes that the departure handler of the netsimengine handles.  Effective cell size, effective lane width, flow capacity factor, and storage capacity factor need to be set with diligence.  Need to be vehicular modes to make sense. --&gt;
		&lt;param name=&quot;mainMode&quot; value=&quot;car&quot; /&gt;

		&lt;!-- Shortens a link in the visualization, i.e. its start and end point are moved into towards the center. Does not affect traffic flow.  --&gt;
		&lt;param name=&quot;nodeOffset&quot; value=&quot;0.0&quot; /&gt;

		&lt;!-- Number of threads used for the QSim.  Note that this setting is independent from the &quot;global&quot; threads setting.  In contrast to earlier versions, the non-parallel special version is no longer there. --&gt;
		&lt;param name=&quot;numberOfThreads&quot; value=&quot;1&quot; /&gt;

		&lt;!-- Boolean. `true&apos;: stuck vehicles are removed, aborting the plan; `false&apos;: stuck vehicles are forced into the next link. `false&apos; is probably the better choice. --&gt;
		&lt;param name=&quot;removeStuckVehicles&quot; value=&quot;false&quot; /&gt;

		&lt;!-- If link dynamics is set as SeepageQ, set a seep mode. Default is bike. --&gt;
		&lt;param name=&quot;seepMode&quot; value=&quot;bike&quot; /&gt;

		&lt;!-- Possible values: minOfEndtimeAndMobsimFinished, onlyUseEndtime --&gt;
		&lt;param name=&quot;simEndtimeInterpretation&quot; value=&quot;null&quot; /&gt;

		&lt;!-- Options: maxOfStarttimeAndEarliestActivityEnd onlyUseStarttime  --&gt;
		&lt;param name=&quot;simStarttimeInterpretation&quot; value=&quot;maxOfStarttimeAndEarliestActivityEnd&quot; /&gt;

		&lt;!-- snapshotStyle. One of: equiDist queue withHoles withHolesAndShowHoles kinematicWaves  --&gt;
		&lt;param name=&quot;snapshotStyle&quot; value=&quot;equiDist&quot; /&gt;

		&lt;param name=&quot;snapshotperiod&quot; value=&quot;00:00:00&quot; /&gt;
		&lt;param name=&quot;startTime&quot; value=&quot;undefined&quot; /&gt;
		&lt;param name=&quot;storageCapacityFactor&quot; value=&quot;1.0&quot; /&gt;

		&lt;!-- time in seconds.  Time after which the frontmost vehicle on a link is called `stuck&apos; if it does not move. --&gt;
		&lt;param name=&quot;stuckTime&quot; value=&quot;10.0&quot; /&gt;

		&lt;param name=&quot;timeStepSize&quot; value=&quot;00:00:01&quot; /&gt;

		&lt;!-- options: queue withHoles kinematicWaves  --&gt;
		&lt;param name=&quot;trafficDynamics&quot; value=&quot;queue&quot; /&gt;

		&lt;!-- Set this parameter to true if lanes should be used, false if not. --&gt;
		&lt;param name=&quot;useLanes&quot; value=&quot;false&quot; /&gt;

		&lt;!-- If a route does not reference a vehicle, agents will use the vehicle with the same id as their own. --&gt;
		&lt;param name=&quot;usePersonIdForMissingVehicleId&quot; value=&quot;true&quot; /&gt;

		&lt;!-- If false, the qsim accumulates fractional flows up to one flow unit in every time step.  If true, flows are updated only if an agent wants to enter the link or an agent is added to buffer. Default is true. --&gt;
		&lt;param name=&quot;usingFastCapacityUpdate&quot; value=&quot;true&quot; /&gt;

		&lt;!-- if the qsim should use as many runners as there are threads (Christoph&apos;s dissertation version) or more of them, together with a thread pool (seems to be faster in some situations, but is not tested). --&gt;
		&lt;param name=&quot;usingThreadpool&quot; value=&quot;true&quot; /&gt;

		&lt;!-- Defines what happens if an agent wants to depart, but the specified vehicle is not available. One of: teleport wait exception  --&gt;
		&lt;param name=&quot;vehicleBehavior&quot; value=&quot;teleport&quot; /&gt;

		&lt;!-- If vehicles should all be the same default vehicle, or come from the vehicles file, or something else.  Possible values:  defaultVehicle modeVehicleTypesFromVehiclesData fromVehiclesData --&gt;
		&lt;param name=&quot;vehiclesSource&quot; value=&quot;defaultVehicle&quot; /&gt;
	&lt;/module&gt;

&lt;!-- ====================================================================== --&gt;

	&lt;module name=&quot;scenario&quot; &gt;
	&lt;/module&gt;

&lt;!-- ====================================================================== --&gt;

	&lt;module name=&quot;strategy&quot; &gt;

		&lt;!-- the external executable will be called with a config file as argument.  This is the pathname to a possible skeleton config, to which additional information will be added.  Can be null. --&gt;
		&lt;param name=&quot;ExternalExeConfigTemplate&quot; value=&quot;null&quot; /&gt;

		&lt;!-- time out value (in seconds) after which matsim will consider the external strategy as failed --&gt;
		&lt;param name=&quot;ExternalExeTimeOut&quot; value=&quot;3600&quot; /&gt;

		&lt;!-- root directory for temporary files generated by the external executable. Provided as a service; I don&apos;t think this is used by MATSim. --&gt;
		&lt;param name=&quot;ExternalExeTmpFileRootDir&quot; value=&quot;null&quot; /&gt;

		&lt;!-- fraction of iterations where innovative strategies are switched off.  Something link 0.8 should be good.  E.g. if you run from iteration 400 to iteration 500, innovation is switched off at iteration 480 --&gt;
		&lt;param name=&quot;fractionOfIterationsToDisableInnovation&quot; value=&quot;Infinity&quot; /&gt;

		&lt;!-- maximum number of plans per agent.  ``0&apos;&apos; means ``infinity&apos;&apos;.  Currently (2010), ``5&apos;&apos; is a good number --&gt;
		&lt;param name=&quot;maxAgentPlanMemorySize&quot; value=&quot;5&quot; /&gt;

		&lt;!-- strategyName of PlanSelector for plans removal.  Possible defaults: WorstPlanSelector SelectRandom SelectExpBetaForRemoval ChangeExpBetaForRemoval PathSizeLogitSelectorForRemoval . The current default, WorstPlanSelector is not a good choice from a discrete choice theoretical perspective. Alternatives, however, have not been systematically tested. kai, feb&apos;12 --&gt;
		&lt;param name=&quot;planSelectorForRemoval&quot; value=&quot;WorstPlanSelector&quot; /&gt;
	&lt;/module&gt;

&lt;!-- ====================================================================== --&gt;

	&lt;module name=&quot;subtourModeChoice&quot; &gt;

		&lt;!-- Defines the chain-based modes, seperated by commas --&gt;
		&lt;param name=&quot;chainBasedModes&quot; value=&quot;car,bike&quot; /&gt;

		&lt;!-- Defines whether car availability must be considered or not. A agent has no car only if it has no license, or never access to a car --&gt;
		&lt;param name=&quot;considerCarAvailability&quot; value=&quot;false&quot; /&gt;

		&lt;!-- Defines all the modes available, including chain-based modes, seperated by commas --&gt;
		&lt;param name=&quot;modes&quot; value=&quot;car,pt,bike,walk&quot; /&gt;
	&lt;/module&gt;

&lt;!-- ====================================================================== --&gt;

	&lt;module name=&quot;transit&quot; &gt;

		&lt;!-- The Coordinates Reference System in which the coordinates are expressed in the input file. At import, the coordinates will be converted to the coordinate system defined in &quot;global&quot;, and willbe converted back at export. If not specified, no conversion happens. --&gt;
		&lt;param name=&quot;inputScheduleCRS&quot; value=&quot;null&quot; /&gt;

		&lt;!-- Optional input file containing additional attributes for transit lines, stored as ObjectAttributes. --&gt;
		&lt;param name=&quot;transitLinesAttributesFile&quot; value=&quot;null&quot; /&gt;

		&lt;!-- Comma-separated list of transportation modes that are handled as transit. Defaults to &apos;pt&apos;. --&gt;
		&lt;param name=&quot;transitModes&quot; value=&quot;pt&quot; /&gt;

		&lt;!-- Input file containing the transit schedule to be simulated. --&gt;
		&lt;param name=&quot;transitScheduleFile&quot; value=&quot;null&quot; /&gt;

		&lt;!-- Optional input file containing additional attributes for transit stop facilities, stored as ObjectAttributes. --&gt;
		&lt;param name=&quot;transitStopsAttributesFile&quot; value=&quot;null&quot; /&gt;

		&lt;!-- Set this parameter to true if transit should be simulated, false if not. --&gt;
		&lt;param name=&quot;useTransit&quot; value=&quot;false&quot; /&gt;

		&lt;!-- Input file containing the vehicles used by the departures in the transit schedule. --&gt;
		&lt;param name=&quot;vehiclesFile&quot; value=&quot;null&quot; /&gt;
	&lt;/module&gt;

&lt;!-- ====================================================================== --&gt;

	&lt;module name=&quot;transitRouter&quot; &gt;

		&lt;!-- additional time the router allocates when a line switch happens. Can be interpreted as a &apos;safety&apos; time that agents need to safely transfer from one line to another --&gt;
		&lt;param name=&quot;additionalTransferTime&quot; value=&quot;0.0&quot; /&gt;

		&lt;!-- Factor with which direct walk generalized cost is multiplied before it is compared to the pt generalized cost.  Set to a very high value to reduce direct walk results. --&gt;
		&lt;param name=&quot;directWalkFactor&quot; value=&quot;1.0&quot; /&gt;

		&lt;!-- step size to increase searchRadius if no stops are found --&gt;
		&lt;param name=&quot;extensionRadius&quot; value=&quot;200.0&quot; /&gt;

		&lt;!-- maximum beeline distance between stops that agents could transfer to by walking --&gt;
		&lt;param name=&quot;maxBeelineWalkConnectionDistance&quot; value=&quot;100.0&quot; /&gt;

		&lt;!-- the radius in which stop locations are searched, given a start or target coordinate --&gt;
		&lt;param name=&quot;searchRadius&quot; value=&quot;1000.0&quot; /&gt;
	&lt;/module&gt;

&lt;!-- ====================================================================== --&gt;

	&lt;module name=&quot;travelTimeCalculator&quot; &gt;

		&lt;!-- Transport modes that will be respected by the travel time collector. &apos;car&apos; is default, which includes also busses from the pt simulation module. Use this parameter in combination with &apos;filterModes&apos; = true! --&gt;
		&lt;param name=&quot;analyzedModes&quot; value=&quot;car&quot; /&gt;

		&lt;param name=&quot;calculateLinkToLinkTravelTimes&quot; value=&quot;false&quot; /&gt;
		&lt;param name=&quot;calculateLinkTravelTimes&quot; value=&quot;true&quot; /&gt;

		&lt;!-- If true, link travel times from legs performed on modes not included in the &apos;analyzedModes&apos; parameter are ignored. --&gt;
		&lt;param name=&quot;filterModes&quot; value=&quot;false&quot; /&gt;

		&lt;!-- The lenght (in sec) of the time period that is splited into time bins; an additional time bin is created to aggregate all travel times collected after maxTime --&gt;
		&lt;param name=&quot;maxTime&quot; value=&quot;108000&quot; /&gt;

		&lt;!-- If true, link travel times are measured and calculated separately for each mode in analyzedModes. Other modes are ignored. If true, filterModes has no effect. --&gt;
		&lt;param name=&quot;separateModes&quot; value=&quot;false&quot; /&gt;

		&lt;!-- How to deal with congested time bins that have no link entry events. `optimistic&apos; assumes free speed (too optimistic); &apos;experimental_LastMile&apos; is experimental and probably too pessimistic. --&gt;
		&lt;param name=&quot;travelTimeAggregator&quot; value=&quot;optimistic&quot; /&gt;

		&lt;!-- The size of the time bin (in sec) into which the link travel times are aggregated for the router --&gt;
		&lt;param name=&quot;travelTimeBinSize&quot; value=&quot;900&quot; /&gt;

		&lt;!-- possible values: nullTravelTimeCalculatorArray TravelTimeCalculatorHashMap  --&gt;
		&lt;param name=&quot;travelTimeCalculator&quot; value=&quot;TravelTimeCalculatorArray&quot; /&gt;

		&lt;!-- How to deal with link entry times at different positions during the time bin. Currently supported: average, linearinterpolation --&gt;
		&lt;param name=&quot;travelTimeGetter&quot; value=&quot;average&quot; /&gt;
	&lt;/module&gt;

&lt;!-- ====================================================================== --&gt;

	&lt;module name=&quot;vehicles&quot; &gt;
		&lt;param name=&quot;vehiclesFile&quot; value=&quot;null&quot; /&gt;
	&lt;/module&gt;

&lt;!-- ====================================================================== --&gt;

	&lt;module name=&quot;vspExperimental&quot; &gt;

		&lt;!-- (do not use except of you have to) There was a problem with pt interaction scoring.  Some people solved it by overwriting the parameters of the pt interaction activity type.  Doing this now throws an Exception.  If you still insist on doing this, set the following to true. --&gt;
		&lt;param name=&quot;isAbleToOverwritePtInteractionParams&quot; value=&quot;false&quot; /&gt;

		&lt;param name=&quot;isGeneratingBoardingDeniedEvent&quot; value=&quot;false&quot; /&gt;

		&lt;!-- if an approximation of the opportunity cost of time is included into the radius calculation for location choice.`true&apos; will be faster, but it is an approximation.  Default is `true&apos;; `false&apos; is available for backwards compatibility. --&gt;
		&lt;param name=&quot;isUsingOpportunityCostOfTimeForLocationChoice&quot; value=&quot;true&quot; /&gt;

		&lt;param name=&quot;logitScaleParamForPlansRemoval&quot; value=&quot;1.0&quot; /&gt;

		&lt;!-- Options: | ignore | info | warn | abort | .  When violating VSP defaults, this results in nothing, logfile infos, logfile warnings, or aborts.  Members of VSP should use `abort&apos; or talk to kai. --&gt;
		&lt;param name=&quot;vspDefaultsCheckingLevel&quot; value=&quot;ignore&quot; /&gt;

		&lt;!-- if true then writes output_events in output directory.  default is `false&apos;. Will only work when lastIteration is multiple of events writing interval --&gt;
		&lt;param name=&quot;writingOutputEvents&quot; value=&quot;true&quot; /&gt;
	&lt;/module&gt;

&lt;!-- ====================================================================== --&gt;

&lt;/config&gt;

2018-06-01 06:11:27,446  INFO ControlerUtils:63 Complete config dump done.
2018-06-01 06:11:27,447  INFO ControlerUtils:64 Checking consistency of config...
2018-06-01 06:11:27,447  INFO PlanCalcScoreConfigGroup$ScoringParameterSet:1233 NO OPENING OR CLOSING TIMES DEFINED!


There is no activity type that has an opening *and* closing time (or opening time and late penalty) defined.
This usually means that the activity chains can be shifted by an arbitrary
number of hours without having an effect on the score of the plans, and thus
resulting in wrong results / traffic patterns.
If you are using MATSim without time adaptation, you can ignore this warning.



2018-06-01 06:11:27,449  INFO VspConfigConsistencyCheckerImpl:58 NOT running vsp config consistency check because vsp defaults checking level is set to IGNORE
2018-06-01 06:11:27,450  INFO ControlerUtils:66 Checking consistency of config done.
2018-06-01 06:11:27,450  INFO PrepareForSimImpl:70 Network seems to be multimodal. Create car-only network which is handed over to PersonPrepareForSim.
2018-06-01 06:11:27,450  INFO NetworkImpl:156  node # 1
2018-06-01 06:11:27,451  INFO NetworkImpl:156  node # 2
2018-06-01 06:11:27,451  INFO NetworkImpl:156  node # 4
2018-06-01 06:11:27,451  INFO NetworkImpl:156  node # 8
2018-06-01 06:11:27,451  INFO NetworkImpl:156  node # 16
2018-06-01 06:11:27,452  INFO NetworkImpl:156  node # 32
2018-06-01 06:11:27,452  INFO NetworkImpl:156  node # 64
2018-06-01 06:11:27,452  INFO NetworkImpl:152  link # 1
2018-06-01 06:11:27,453  INFO NetworkImpl:152  link # 2
2018-06-01 06:11:27,453  INFO NetworkImpl:152  link # 4
2018-06-01 06:11:27,454  INFO NetworkImpl:152  link # 8
2018-06-01 06:11:27,454  INFO NetworkImpl:152  link # 16
2018-06-01 06:11:27,454  INFO NetworkImpl:152  link # 32
2018-06-01 06:11:27,455  INFO NetworkImpl:152  link # 64
2018-06-01 06:11:27,455  INFO NetworkImpl:152  link # 128
2018-06-01 06:11:27,456  INFO NetworkImpl:152  link # 256
2018-06-01 06:11:27,469  INFO Counter:61 [PersonPrepareForSim] handled person # 1
2018-06-01 06:11:27,469  INFO Counter:61 [PersonPrepareForSim] handled person # 2
2018-06-01 06:11:27,469  INFO Counter:61 [PersonPrepareForSim] handled person # 4
2018-06-01 06:11:27,469  INFO Counter:61 [PersonPrepareForSim] handled person # 8
2018-06-01 06:11:27,470  INFO Counter:61 [PersonPrepareForSim] handled person # 16
2018-06-01 06:11:27,471  INFO Counter:61 [PersonPrepareForSim] handled person # 32
2018-06-01 06:11:27,473  INFO Counter:61 [PersonPrepareForSim] handled person # 64
2018-06-01 06:11:27,476  INFO Counter:67 [PersonPrepareForSim] handled person # 100
2018-06-01 06:11:27,477  INFO AbstractController:133 ###################################################
2018-06-01 06:11:27,477  INFO AbstractController:134 ### ITERATION 0 BEGINS
2018-06-01 06:11:27,478  INFO ControlerListenerManagerImpl:145 calling notifyIterationStarts on org.matsim.analysis.LegHistogramListener
2018-06-01 06:11:27,478  INFO ControlerListenerManagerImpl:145 calling notifyIterationStarts on org.matsim.analysis.LinkStatsControlerListener
2018-06-01 06:11:27,479  INFO ControlerListenerManagerImpl:145 calling notifyIterationStarts on org.matsim.core.replanning.ReplanningContextImpl
2018-06-01 06:11:27,479  INFO ControlerListenerManagerImpl:145 calling notifyIterationStarts on org.matsim.core.scoring.ExperiencedPlansServiceImpl$1
2018-06-01 06:11:27,479  INFO ControlerListenerManagerImpl:145 calling notifyIterationStarts on org.matsim.core.scoring.ScoringFunctionsForPopulation$1
2018-06-01 06:11:27,491  INFO ControlerListenerManagerImpl:148 [it.0] all ControlerIterationStartsListeners called.
2018-06-01 06:11:27,491  INFO ControlerListenerManagerImpl:224 calling notifyBeforeMobsim on org.matsim.core.controler.corelisteners.EventsHandlingImpl
2018-06-01 06:11:27,492  INFO EventsManagerImpl:170 resetting Event-Handlers
2018-06-01 06:11:27,492  INFO EventsManagerImpl:177   org.matsim.core.trafficmonitoring.TravelTimeCalculator
2018-06-01 06:11:27,492  INFO EventsManagerImpl:177   org.matsim.core.scoring.EventsToLegs
2018-06-01 06:11:27,492  INFO EventsManagerImpl:177   ch.ethz.idsc.amodeus.matsim.StandardMATSimScenarioTest$4$1
2018-06-01 06:11:27,492  INFO EventsManagerImpl:177   org.matsim.analysis.VolumesAnalyzer
2018-06-01 06:11:27,493  INFO EventsManagerImpl:177   org.matsim.core.scoring.EventsToActivities
2018-06-01 06:11:27,493  INFO EventsManagerImpl:177   org.matsim.analysis.CalcLegTimes
2018-06-01 06:11:27,493  INFO EventsManagerImpl:177   org.matsim.analysis.LegHistogram
2018-06-01 06:11:27,493  INFO EventsManagerImpl:177   ch.ethz.matsim.av.scenario.TestScenarioAnalyzer
2018-06-01 06:11:27,494  INFO EventsManagerImpl:177   org.matsim.core.scoring.ScoringFunctionsForPopulation
2018-06-01 06:11:27,494  INFO ControlerListenerManagerImpl:224 calling notifyBeforeMobsim on org.matsim.core.controler.corelisteners.PlansDumpingImpl
2018-06-01 06:11:27,494  INFO ControlerListenerManagerImpl:229 calling notifyBeforeMobsim on org.matsim.core.population.VspPlansCleaner
2018-06-01 06:11:27,495  INFO ControlerListenerManagerImpl:229 calling notifyBeforeMobsim on ch.ethz.matsim.av.data.AVLoader
2018-06-01 06:11:27,497  INFO ControlerListenerManagerImpl:232 [it.0] all ControlerBeforeMobsimListeners called.
2018-06-01 06:11:27,572  INFO MobsimListenerManager:49 calling addQueueSimulationListener
2018-06-01 06:11:27,573  INFO MobsimListenerManager:53   assigned class org.matsim.core.mobsim.framework.listeners.MobsimListener to interface org.matsim.contrib.dvrp.trafficmonitoring.DvrpTravelTimeEstimatorImpl
2018-06-01 06:11:27,573  INFO MobsimListenerManager:53   assigned class org.matsim.core.mobsim.framework.listeners.MobsimListener to interface org.matsim.core.mobsim.framework.listeners.MobsimBeforeCleanupListener
2018-06-01 06:11:27,573  INFO MobsimListenerManager:53   assigned class org.matsim.core.mobsim.framework.listeners.MobsimListener to interface org.matsim.core.mobsim.framework.listeners.MobsimListener
2018-06-01 06:11:27,574  INFO MobsimListenerManager:53   assigned class org.matsim.core.mobsim.framework.listeners.MobsimListener to interface org.matsim.contrib.dvrp.trafficmonitoring.DvrpTravelTimeEstimator
2018-06-01 06:11:27,574  INFO MobsimListenerManager:49 calling addQueueSimulationListener
2018-06-01 06:11:27,574  INFO MobsimListenerManager:53   assigned class org.matsim.core.mobsim.framework.listeners.MobsimListener to interface org.matsim.vis.snapshotwriters.SnapshotWriterManager
2018-06-01 06:11:27,575  INFO MobsimListenerManager:53   assigned class org.matsim.core.mobsim.framework.listeners.MobsimListener to interface org.matsim.core.mobsim.framework.listeners.MobsimInitializedListener
2018-06-01 06:11:27,575  INFO MobsimListenerManager:53   assigned class org.matsim.core.mobsim.framework.listeners.MobsimListener to interface org.matsim.core.mobsim.framework.listeners.MobsimAfterSimStepListener
2018-06-01 06:11:27,576  INFO MobsimListenerManager:53   assigned class org.matsim.core.mobsim.framework.listeners.MobsimListener to interface org.matsim.core.mobsim.framework.listeners.MobsimBeforeCleanupListener
2018-06-01 06:11:27,576  INFO MobsimListenerManager:53   assigned class org.matsim.core.mobsim.framework.listeners.MobsimListener to interface org.matsim.core.mobsim.framework.listeners.MobsimListener
2018-06-01 06:11:27,601  INFO Injector:83 org.matsim.core.mobsim.qsim.qnetsimengine.VehicularDepartureHandler 
2018-06-01 06:11:27,602  INFO Injector:84   --&gt; provider: Key[type=org.matsim.core.mobsim.qsim.qnetsimengine.QNetsimEngineDepartureHandlerProvider, annotation=[none]][Scopes.SINGLETON]
2018-06-01 06:11:27,602  INFO Injector:85   --&gt; source: org.matsim.core.mobsim.qsim.qnetsimengine.QNetsimEnginePlugin$1.configure(QNetsimEnginePlugin.java:25)
2018-06-01 06:11:27,602  INFO Injector:87   --&gt; scope: eager singleton
2018-06-01 06:11:27,602  INFO Injector:91 
2018-06-01 06:11:27,603  INFO Injector:83 org.matsim.core.mobsim.qsim.agents.AgentFactory 
2018-06-01 06:11:27,603  INFO Injector:84   --&gt; provider: FactoryProxy{key=Key[type=org.matsim.core.mobsim.qsim.agents.AgentFactory, annotation=[none]], provider=com.google.inject.internal.ConstructorBindingImpl$Factory@151335cb}[Scopes.SINGLETON]
2018-06-01 06:11:27,603  INFO Injector:85   --&gt; source: org.matsim.core.mobsim.qsim.PopulationPlugin$1.configure(PopulationPlugin.java:30)
2018-06-01 06:11:27,603  INFO Injector:87   --&gt; scope: eager singleton
2018-06-01 06:11:27,604  INFO Injector:91 
2018-06-01 06:11:27,604  INFO Injector:83 org.matsim.contrib.dvrp.vrpagent.VrpLegs$LegCreator 
2018-06-01 06:11:27,604  INFO Injector:84   --&gt; provider: @Provides ch.ethz.idsc.amodeus.matsim.mod.AmodeusQSimModule$1.provideLegCreator(AmodeusQSimModule.java:32)[Scopes.SINGLETON]
2018-06-01 06:11:27,605  INFO Injector:85   --&gt; source: org.matsim.contrib.dvrp.vrpagent.VrpLegs$LegCreator ch.ethz.idsc.amodeus.matsim.mod.AmodeusQSimModule$1.provideLegCreator(ch.ethz.matsim.av.schedule.AVOptimizer,org.matsim.core.mobsim.qsim.QSim)
2018-06-01 06:11:27,605  INFO Injector:87   --&gt; scope: Scopes.SINGLETON
2018-06-01 06:11:27,605  INFO Injector:91 
2018-06-01 06:11:27,605  INFO Injector:83 org.matsim.contrib.dvrp.passenger.PassengerEngine 
2018-06-01 06:11:27,606  INFO Injector:84   --&gt; provider: @Provides ch.ethz.matsim.av.framework.AVQSimModule.providePassengerEngine(AVQSimModule.java:48)[Scopes.SINGLETON]
2018-06-01 06:11:27,607  INFO Injector:85   --&gt; source: public org.matsim.contrib.dvrp.passenger.PassengerEngine ch.ethz.matsim.av.framework.AVQSimModule.providePassengerEngine(org.matsim.core.api.experimental.events.EventsManager,ch.ethz.matsim.av.passenger.AVRequestCreator,ch.ethz.matsim.av.schedule.AVOptimizer,org.matsim.api.core.v01.network.Network)
2018-06-01 06:11:27,607  INFO Injector:87   --&gt; scope: Scopes.SINGLETON
2018-06-01 06:11:27,607  INFO Injector:91 
2018-06-01 06:11:27,607  INFO Injector:83 org.matsim.contrib.dvrp.vrpagent.VrpAgentSource 
2018-06-01 06:11:27,608  INFO Injector:84   --&gt; provider: @Provides ch.ethz.matsim.av.framework.AVQSimModule.provideAgentSource(AVQSimModule.java:65)[Scopes.SINGLETON]
2018-06-01 06:11:27,608  INFO Injector:85   --&gt; source: public org.matsim.contrib.dvrp.vrpagent.VrpAgentSource ch.ethz.matsim.av.framework.AVQSimModule.provideAgentSource(ch.ethz.matsim.av.vrpagent.AVActionCreator,ch.ethz.matsim.av.data.AVData,ch.ethz.matsim.av.schedule.AVOptimizer,org.matsim.vehicles.VehicleType,org.matsim.core.mobsim.qsim.QSim)
2018-06-01 06:11:27,609  INFO Injector:87   --&gt; scope: Scopes.SINGLETON
2018-06-01 06:11:27,609  INFO Injector:91 
2018-06-01 06:11:27,609  INFO Injector:83 org.matsim.core.mobsim.qsim.interfaces.Netsim 
2018-06-01 06:11:27,610  INFO Injector:84   --&gt; provider: FactoryProxy{key=Key[type=org.matsim.core.mobsim.qsim.interfaces.Netsim, annotation=[none]], provider=com.google.inject.internal.ConstructorBindingImpl$Factory@72fe8a4f[Scopes.SINGLETON]}
2018-06-01 06:11:27,610  INFO Injector:85   --&gt; source: org.matsim.core.mobsim.qsim.QSimProvider$1.configure(QSimProvider.java:65)
2018-06-01 06:11:27,610  INFO Injector:87   --&gt; scope: Scopes.NO_SCOPE
2018-06-01 06:11:27,610  INFO Injector:91 
2018-06-01 06:11:27,611  INFO Injector:83 org.matsim.core.mobsim.jdeqsim.MessageQueue 
2018-06-01 06:11:27,611  INFO Injector:84   --&gt; provider: com.google.inject.internal.ConstructorBindingImpl$Factory@543e593[Scopes.SINGLETON]
2018-06-01 06:11:27,611  INFO Injector:85   --&gt; source: org.matsim.core.mobsim.qsim.messagequeueengine.MessageQueuePlugin$1.configure(MessageQueuePlugin.java:24)
2018-06-01 06:11:27,612  INFO Injector:87   --&gt; scope: eager singleton
2018-06-01 06:11:27,612  INFO Injector:91 
2018-06-01 06:11:27,612  INFO Injector:83 org.matsim.core.mobsim.qsim.jdeqsimengine.SteppableScheduler 
2018-06-01 06:11:27,613  INFO Injector:84   --&gt; provider: com.google.inject.internal.ConstructorBindingImpl$Factory@7fab4be7[Scopes.SINGLETON]
2018-06-01 06:11:27,613  INFO Injector:85   --&gt; source: org.matsim.core.mobsim.qsim.messagequeueengine.MessageQueuePlugin$1.configure(MessageQueuePlugin.java:25)
2018-06-01 06:11:27,613  INFO Injector:87   --&gt; scope: eager singleton
2018-06-01 06:11:27,614  INFO Injector:91 
2018-06-01 06:11:27,614  INFO Injector:83 org.matsim.core.mobsim.qsim.messagequeueengine.MessageQueueEngine 
2018-06-01 06:11:27,614  INFO Injector:84   --&gt; provider: com.google.inject.internal.ConstructorBindingImpl$Factory@22d9c961[Scopes.SINGLETON]
2018-06-01 06:11:27,614  INFO Injector:85   --&gt; source: org.matsim.core.mobsim.qsim.messagequeueengine.MessageQueuePlugin$1.configure(MessageQueuePlugin.java:26)
2018-06-01 06:11:27,615  INFO Injector:87   --&gt; scope: eager singleton
2018-06-01 06:11:27,615  INFO Injector:91 
2018-06-01 06:11:27,615  INFO Injector:83 org.matsim.contrib.dynagent.run.DynActivityEngine 
2018-06-01 06:11:27,615  INFO Injector:84   --&gt; provider: com.google.inject.internal.ConstructorBindingImpl$Factory@1698d7c0[Scopes.SINGLETON]
2018-06-01 06:11:27,615  INFO Injector:85   --&gt; source: org.matsim.contrib.dynagent.run.DynActivityEnginePlugin$1.configure(DynActivityEnginePlugin.java:24)
2018-06-01 06:11:27,616  INFO Injector:87   --&gt; scope: eager singleton
2018-06-01 06:11:27,616  INFO Injector:91 
2018-06-01 06:11:27,616  INFO Injector:83 org.matsim.core.mobsim.qsim.qnetsimengine.QNetsimEngine 
2018-06-01 06:11:27,616  INFO Injector:84   --&gt; provider: com.google.inject.internal.ConstructorBindingImpl$Factory@7435a578[Scopes.SINGLETON]
2018-06-01 06:11:27,617  INFO Injector:85   --&gt; source: org.matsim.core.mobsim.qsim.qnetsimengine.QNetsimEnginePlugin$1.configure(QNetsimEnginePlugin.java:24)
2018-06-01 06:11:27,617  INFO Injector:87   --&gt; scope: eager singleton
2018-06-01 06:11:27,617  INFO Injector:91 
2018-06-01 06:11:27,617  INFO Injector:83 org.matsim.core.mobsim.qsim.DefaultTeleportationEngine 
2018-06-01 06:11:27,618  INFO Injector:84   --&gt; provider: com.google.inject.internal.ConstructorBindingImpl$Factory@2b214b94[Scopes.SINGLETON]
2018-06-01 06:11:27,618  INFO Injector:85   --&gt; source: org.matsim.core.mobsim.qsim.TeleportationPlugin$1.configure(TeleportationPlugin.java:21)
2018-06-01 06:11:27,618  INFO Injector:87   --&gt; scope: eager singleton
2018-06-01 06:11:27,618  INFO Injector:91 
2018-06-01 06:11:27,618  INFO Injector:83 org.matsim.core.mobsim.qsim.agents.PopulationAgentSource 
2018-06-01 06:11:27,619  INFO Injector:84   --&gt; provider: com.google.inject.internal.ConstructorBindingImpl$Factory@24fabd0f[Scopes.SINGLETON]
2018-06-01 06:11:27,619  INFO Injector:85   --&gt; source: org.matsim.core.mobsim.qsim.PopulationPlugin$1.configure(PopulationPlugin.java:26)
2018-06-01 06:11:27,619  INFO Injector:87   --&gt; scope: eager singleton
2018-06-01 06:11:27,619  INFO Injector:91 
2018-06-01 06:11:27,620  INFO Injector:83 org.matsim.core.mobsim.qsim.QSim 
2018-06-01 06:11:27,620  INFO Injector:84   --&gt; provider: com.google.inject.internal.ConstructorBindingImpl$Factory@72fe8a4f[Scopes.SINGLETON]
2018-06-01 06:11:27,620  INFO Injector:85   --&gt; source: org.matsim.core.mobsim.qsim.QSimProvider$1.configure(QSimProvider.java:64)
2018-06-01 06:11:27,620  INFO Injector:87   --&gt; scope: eager singleton
2018-06-01 06:11:27,620  INFO Injector:91 
2018-06-01 06:11:27,621  INFO MobsimListenerManager:49 calling addQueueSimulationListener
2018-06-01 06:11:27,621  INFO MobsimListenerManager:53   assigned class org.matsim.core.mobsim.framework.listeners.MobsimListener to interface org.matsim.core.mobsim.qsim.messagequeueengine.MessageQueueEngine
2018-06-01 06:11:27,621  INFO MobsimListenerManager:53   assigned class org.matsim.core.mobsim.framework.listeners.MobsimListener to interface org.matsim.core.mobsim.framework.listeners.MobsimBeforeSimStepListener
2018-06-01 06:11:27,622  INFO MobsimListenerManager:53   assigned class org.matsim.core.mobsim.framework.listeners.MobsimListener to interface org.matsim.core.mobsim.framework.listeners.MobsimListener
trying to crate K-means virtual network, attempt: 01
reading travel data for population of size 100
the ID of the virtualNetwork used for travel data construction is: 1527826287642
Number of time steps = 360
dt = 300
reading travel data for population of size 100
the ID of the virtualNetwork used for travel data construction is: 1527826287642
Number of time steps = 360
dt = 300
2018-06-01 06:11:27,913  INFO AbstractController$8:222 ### ITERATION 0 fires after mobsim event
2018-06-01 06:11:27,914  INFO ControlerListenerManagerImpl:248 calling notifyAfterMobsim on org.matsim.analysis.LegTimesControlerListener
2018-06-01 06:11:27,915  INFO LegTimesControlerListener:50 [0] average trip (probably: leg) duration is: 0 seconds = 00:00:00
2018-06-01 06:11:27,916  INFO ControlerListenerManagerImpl:248 calling notifyAfterMobsim on org.matsim.core.scoring.EventsToActivities$1
2018-06-01 06:11:27,916  INFO ControlerListenerManagerImpl:251 [it.0] all ControlerAfterMobsimListeners called.
2018-06-01 06:11:27,922  INFO MatsimRuntimeModifications:58 S H U T D O W N   ---   start shutdown.
2018-06-01 06:11:27,932  INFO ControlerListenerManagerImpl:121 calling notifyShutdown on org.matsim.core.controler.corelisteners.EventsHandlingImpl
2018-06-01 06:11:27,933  INFO ControlerListenerManagerImpl:126 calling notifyShutdown on org.matsim.analysis.ModeStatsControlerListener
2018-06-01 06:11:27,934  INFO ControlerListenerManagerImpl:126 calling notifyShutdown on org.matsim.analysis.ScoreStatsControlerListener
2018-06-01 06:11:27,934  INFO ControlerListenerManagerImpl:126 calling notifyShutdown on org.matsim.analysis.TravelDistanceStatsControlerListener
2018-06-01 06:11:27,935  INFO ControlerListenerManagerImpl:126 calling notifyShutdown on ch.ethz.matsim.av.plcpc.ParallelLeastCostPathCalculatorShutdownListener
2018-06-01 06:11:27,935  INFO ControlerListenerManagerImpl:129 all ControlerShutdownListeners called.
2018-06-01 06:11:27,936  INFO MatsimRuntimeModifications:81 S H U T D O W N   ---   shutdown completed.
</system-out>
    <system-err>2018-06-01 06:11:25,750  WARN ReflectiveConfigGroup:227 unknown parameter publishPeriod for group dispatcher. Here are the valid parameter names: []
2018-06-01 06:11:25,750  WARN ReflectiveConfigGroup:228 Only the string value will be remembered
2018-06-01 06:11:27,905 ERROR AbstractController:210 Mobsim did not complete normally! afterMobsimListeners will be called anyway.
com.google.inject.ProvisionException: Unable to provision, see the following errors:

1) Error in custom provider, java.lang.NoClassDefFoundError: Could not initialize class org.gnu.glpk.GLPKJNI
  at ch.ethz.idsc.amodeus.matsim.StandardMATSimScenarioTest$2.provideTravelData(StandardMATSimScenarioTest.java:217) (via modules: com.google.inject.util.Modules$CombinedModule -&gt; com.google.inject.util.Modules$CombinedModule -&gt; org.matsim.core.controler.AbstractModule$4 -&gt; com.google.inject.util.Modules$OverrideModule -&gt; org.matsim.core.controler.AbstractModule$4 -&gt; com.google.inject.util.Modules$OverrideModule -&gt; org.matsim.core.controler.AbstractModule$4 -&gt; com.google.inject.util.Modules$OverrideModule -&gt; org.matsim.core.controler.AbstractModule$4 -&gt; com.google.inject.util.Modules$OverrideModule -&gt; org.matsim.core.controler.AbstractModule$4 -&gt; com.google.inject.util.Modules$OverrideModule -&gt; ch.ethz.idsc.amodeus.matsim.StandardMATSimScenarioTest$2)
  at ch.ethz.idsc.amodeus.matsim.StandardMATSimScenarioTest$2.provideTravelData(StandardMATSimScenarioTest.java:217) (via modules: com.google.inject.util.Modules$CombinedModule -&gt; com.google.inject.util.Modules$CombinedModule -&gt; org.matsim.core.controler.AbstractModule$4 -&gt; com.google.inject.util.Modules$OverrideModule -&gt; org.matsim.core.controler.AbstractModule$4 -&gt; com.google.inject.util.Modules$OverrideModule -&gt; org.matsim.core.controler.AbstractModule$4 -&gt; com.google.inject.util.Modules$OverrideModule -&gt; org.matsim.core.controler.AbstractModule$4 -&gt; com.google.inject.util.Modules$OverrideModule -&gt; org.matsim.core.controler.AbstractModule$4 -&gt; com.google.inject.util.Modules$OverrideModule -&gt; ch.ethz.idsc.amodeus.matsim.StandardMATSimScenarioTest$2)
  while locating ch.ethz.idsc.amodeus.traveldata.TravelData
    for field at ch.ethz.idsc.amodeus.dispatcher.FeedforwardFluidicRebalancingPolicy$Factory.travelData(FeedforwardFluidicRebalancingPolicy.java:162)
  while locating ch.ethz.idsc.amodeus.dispatcher.FeedforwardFluidicRebalancingPolicy$Factory
  while locating ch.ethz.matsim.av.dispatcher.AVDispatcher$AVDispatcherFactory annotated with @com.google.inject.multibindings.Element(setName=,uniqueId=132, type=MAPBINDER, keyType=java.lang.String)
  at ch.ethz.matsim.av.framework.AVUtils.bindDispatcherFactory(AVUtils.java:11) (via modules: com.google.inject.util.Modules$CombinedModule -&gt; com.google.inject.util.Modules$CombinedModule -&gt; org.matsim.core.controler.AbstractModule$4 -&gt; com.google.inject.util.Modules$OverrideModule -&gt; org.matsim.core.controler.AbstractModule$4 -&gt; com.google.inject.util.Modules$OverrideModule -&gt; org.matsim.core.controler.AbstractModule$4 -&gt; com.google.inject.util.Modules$OverrideModule -&gt; org.matsim.core.controler.AbstractModule$4 -&gt; com.google.inject.util.Modules$OverrideModule -&gt; org.matsim.core.controler.AbstractModule$4 -&gt; com.google.inject.util.Modules$OverrideModule -&gt; org.matsim.core.controler.AbstractModule$4 -&gt; com.google.inject.util.Modules$OverrideModule -&gt; org.matsim.core.controler.AbstractModule$4 -&gt; com.google.inject.util.Modules$OverrideModule -&gt; ch.ethz.idsc.amodeus.matsim.mod.AmodeusDispatcherModule -&gt; com.google.inject.multibindings.MapBinder$RealMapBinder)
  while locating java.util.Map&lt;java.lang.String, ch.ethz.matsim.av.dispatcher.AVDispatcher$AVDispatcherFactory&gt;
    for the 1st parameter of ch.ethz.matsim.av.framework.AVQSimModule.provideDispatchers(AVQSimModule.java:70)
  at ch.ethz.matsim.av.framework.AVQSimModule.provideDispatchers(AVQSimModule.java:70) (via modules: org.matsim.core.mobsim.qsim.QSimProvider$1 -&gt; ch.ethz.idsc.amodeus.matsim.mod.AmodeusQSimModule -&gt; com.google.inject.util.Modules$OverrideModule -&gt; ch.ethz.matsim.av.framework.AVQSimModule)
  while locating java.util.Map&lt;org.matsim.api.core.v01.Id&lt;ch.ethz.matsim.av.data.AVOperator&gt;, ch.ethz.matsim.av.dispatcher.AVDispatcher&gt;
    for field at ch.ethz.matsim.av.passenger.AVRequestCreator.dispatchers(AVRequestCreator.java:21)
  at ch.ethz.matsim.av.framework.AVQSimModule.configure(AVQSimModule.java:37) (via modules: org.matsim.core.mobsim.qsim.QSimProvider$1 -&gt; ch.ethz.idsc.amodeus.matsim.mod.AmodeusQSimModule -&gt; com.google.inject.util.Modules$OverrideModule -&gt; ch.ethz.matsim.av.framework.AVQSimModule)
  while locating ch.ethz.matsim.av.passenger.AVRequestCreator
    for the 2nd parameter of ch.ethz.matsim.av.framework.AVQSimModule.providePassengerEngine(AVQSimModule.java:48)
  at ch.ethz.matsim.av.framework.AVQSimModule.providePassengerEngine(AVQSimModule.java:48) (via modules: org.matsim.core.mobsim.qsim.QSimProvider$1 -&gt; ch.ethz.idsc.amodeus.matsim.mod.AmodeusQSimModule -&gt; com.google.inject.util.Modules$OverrideModule -&gt; ch.ethz.matsim.av.framework.AVQSimModule)
  while locating org.matsim.contrib.dvrp.passenger.PassengerEngine
  while locating org.matsim.core.mobsim.qsim.QSimProvider
  while locating org.matsim.core.mobsim.framework.Mobsim

2) Error in custom provider, java.lang.NoClassDefFoundError: Could not initialize class org.gnu.glpk.GLPKJNI
  at ch.ethz.idsc.amodeus.matsim.StandardMATSimScenarioTest$2.provideTravelData(StandardMATSimScenarioTest.java:217) (via modules: com.google.inject.util.Modules$CombinedModule -&gt; com.google.inject.util.Modules$CombinedModule -&gt; org.matsim.core.controler.AbstractModule$4 -&gt; com.google.inject.util.Modules$OverrideModule -&gt; org.matsim.core.controler.AbstractModule$4 -&gt; com.google.inject.util.Modules$OverrideModule -&gt; org.matsim.core.controler.AbstractModule$4 -&gt; com.google.inject.util.Modules$OverrideModule -&gt; org.matsim.core.controler.AbstractModule$4 -&gt; com.google.inject.util.Modules$OverrideModule -&gt; org.matsim.core.controler.AbstractModule$4 -&gt; com.google.inject.util.Modules$OverrideModule -&gt; ch.ethz.idsc.amodeus.matsim.StandardMATSimScenarioTest$2)
  at ch.ethz.idsc.amodeus.matsim.StandardMATSimScenarioTest$2.provideTravelData(StandardMATSimScenarioTest.java:217) (via modules: com.google.inject.util.Modules$CombinedModule -&gt; com.google.inject.util.Modules$CombinedModule -&gt; org.matsim.core.controler.AbstractModule$4 -&gt; com.google.inject.util.Modules$OverrideModule -&gt; org.matsim.core.controler.AbstractModule$4 -&gt; com.google.inject.util.Modules$OverrideModule -&gt; org.matsim.core.controler.AbstractModule$4 -&gt; com.google.inject.util.Modules$OverrideModule -&gt; org.matsim.core.controler.AbstractModule$4 -&gt; com.google.inject.util.Modules$OverrideModule -&gt; org.matsim.core.controler.AbstractModule$4 -&gt; com.google.inject.util.Modules$OverrideModule -&gt; ch.ethz.idsc.amodeus.matsim.StandardMATSimScenarioTest$2)
  while locating ch.ethz.idsc.amodeus.traveldata.TravelData
    for field at ch.ethz.idsc.amodeus.dispatcher.FeedforwardFluidicRebalancingPolicy$Factory.travelData(FeedforwardFluidicRebalancingPolicy.java:162)
  while locating ch.ethz.idsc.amodeus.dispatcher.FeedforwardFluidicRebalancingPolicy$Factory
  while locating ch.ethz.matsim.av.dispatcher.AVDispatcher$AVDispatcherFactory annotated with @com.google.inject.multibindings.Element(setName=,uniqueId=132, type=MAPBINDER, keyType=java.lang.String)
  at ch.ethz.matsim.av.framework.AVUtils.bindDispatcherFactory(AVUtils.java:11) (via modules: com.google.inject.util.Modules$CombinedModule -&gt; com.google.inject.util.Modules$CombinedModule -&gt; org.matsim.core.controler.AbstractModule$4 -&gt; com.google.inject.util.Modules$OverrideModule -&gt; org.matsim.core.controler.AbstractModule$4 -&gt; com.google.inject.util.Modules$OverrideModule -&gt; org.matsim.core.controler.AbstractModule$4 -&gt; com.google.inject.util.Modules$OverrideModule -&gt; org.matsim.core.controler.AbstractModule$4 -&gt; com.google.inject.util.Modules$OverrideModule -&gt; org.matsim.core.controler.AbstractModule$4 -&gt; com.google.inject.util.Modules$OverrideModule -&gt; org.matsim.core.controler.AbstractModule$4 -&gt; com.google.inject.util.Modules$OverrideModule -&gt; org.matsim.core.controler.AbstractModule$4 -&gt; com.google.inject.util.Modules$OverrideModule -&gt; ch.ethz.idsc.amodeus.matsim.mod.AmodeusDispatcherModule -&gt; com.google.inject.multibindings.MapBinder$RealMapBinder)
  while locating java.util.Map&lt;java.lang.String, ch.ethz.matsim.av.dispatcher.AVDispatcher$AVDispatcherFactory&gt;
    for the 1st parameter of ch.ethz.matsim.av.framework.AVQSimModule.provideDispatchers(AVQSimModule.java:70)
  at ch.ethz.matsim.av.framework.AVQSimModule.provideDispatchers(AVQSimModule.java:70) (via modules: org.matsim.core.mobsim.qsim.QSimProvider$1 -&gt; ch.ethz.idsc.amodeus.matsim.mod.AmodeusQSimModule -&gt; com.google.inject.util.Modules$OverrideModule -&gt; ch.ethz.matsim.av.framework.AVQSimModule)
  while locating java.util.Map&lt;org.matsim.api.core.v01.Id&lt;ch.ethz.matsim.av.data.AVOperator&gt;, ch.ethz.matsim.av.dispatcher.AVDispatcher&gt;
    for field at ch.ethz.matsim.av.schedule.AVOptimizer.dispatchers(AVOptimizer.java:32)
  at ch.ethz.matsim.av.framework.AVQSimModule.configure(AVQSimModule.java:35) (via modules: org.matsim.core.mobsim.qsim.QSimProvider$1 -&gt; ch.ethz.idsc.amodeus.matsim.mod.AmodeusQSimModule -&gt; com.google.inject.util.Modules$OverrideModule -&gt; ch.ethz.matsim.av.framework.AVQSimModule)
  while locating ch.ethz.matsim.av.schedule.AVOptimizer
    for the 3rd parameter of ch.ethz.matsim.av.framework.AVQSimModule.providePassengerEngine(AVQSimModule.java:48)
  at ch.ethz.matsim.av.framework.AVQSimModule.providePassengerEngine(AVQSimModule.java:48) (via modules: org.matsim.core.mobsim.qsim.QSimProvider$1 -&gt; ch.ethz.idsc.amodeus.matsim.mod.AmodeusQSimModule -&gt; com.google.inject.util.Modules$OverrideModule -&gt; ch.ethz.matsim.av.framework.AVQSimModule)
  while locating org.matsim.contrib.dvrp.passenger.PassengerEngine
  while locating org.matsim.core.mobsim.qsim.QSimProvider
  while locating org.matsim.core.mobsim.framework.Mobsim

2 errors
	at com.google.inject.internal.InjectorImpl$2.get(InjectorImpl.java:1028)
	at org.matsim.core.controler.NewControler.runMobSim(NewControler.java:111)
	at org.matsim.core.controler.AbstractController$7.run(AbstractController.java:199)
	at org.matsim.core.controler.AbstractController.iterationStep(AbstractController.java:231)
	at org.matsim.core.controler.AbstractController.mobsim(AbstractController.java:195)
	at org.matsim.core.controler.AbstractController.iteration(AbstractController.java:154)
	at org.matsim.core.controler.AbstractController.doIterations(AbstractController.java:121)
	at org.matsim.core.controler.AbstractController.access$000(AbstractController.java:29)
	at org.matsim.core.controler.AbstractController$1.run(AbstractController.java:91)
	at org.matsim.core.controler.MatsimRuntimeModifications.run(MatsimRuntimeModifications.java:48)
	at org.matsim.core.controler.MatsimRuntimeModifications.run(MatsimRuntimeModifications.java:31)
	at org.matsim.core.controler.AbstractController.run(AbstractController.java:99)
	at org.matsim.core.controler.NewControler.run(NewControler.java:75)
	at org.matsim.core.controler.Controler.run(Controler.java:202)
	at ch.ethz.idsc.amodeus.matsim.StandardMATSimScenarioTest.testStandardMATSimScenario(StandardMATSimScenarioTest.java:263)
	at sun.reflect.NativeMethodAccessorImpl.invoke0(Native Method)
	at sun.reflect.NativeMethodAccessorImpl.invoke(NativeMethodAccessorImpl.java:62)
	at sun.reflect.DelegatingMethodAccessorImpl.invoke(DelegatingMethodAccessorImpl.java:43)
	at java.lang.reflect.Method.invoke(Method.java:498)
	at org.junit.runners.model.FrameworkMethod$1.runReflectiveCall(FrameworkMethod.java:50)
	at org.junit.internal.runners.model.ReflectiveCallable.run(ReflectiveCallable.java:12)
	at org.junit.runners.model.FrameworkMethod.invokeExplosively(FrameworkMethod.java:47)
	at org.junit.internal.runners.statements.InvokeMethod.evaluate(InvokeMethod.java:17)
	at org.junit.runners.ParentRunner.runLeaf(ParentRunner.java:325)
	at org.junit.runners.BlockJUnit4ClassRunner.runChild(BlockJUnit4ClassRunner.java:78)
	at org.junit.runners.BlockJUnit4ClassRunner.runChild(BlockJUnit4ClassRunner.java:57)
	at org.junit.runners.ParentRunner$3.run(ParentRunner.java:290)
	at org.junit.runners.ParentRunner$1.schedule(ParentRunner.java:71)
	at org.junit.runners.ParentRunner.runChildren(ParentRunner.java:288)
	at org.junit.runners.ParentRunner.access$000(ParentRunner.java:58)
	at org.junit.runners.ParentRunner$2.evaluate(ParentRunner.java:268)
	at org.junit.runners.ParentRunner.run(ParentRunner.java:363)
	at org.junit.runners.Suite.runChild(Suite.java:128)
	at org.junit.runners.Suite.runChild(Suite.java:27)
	at org.junit.runners.ParentRunner$3.run(ParentRunner.java:290)
	at org.junit.runners.ParentRunner$1.schedule(ParentRunner.java:71)
	at org.junit.runners.ParentRunner.runChildren(ParentRunner.java:288)
	at org.junit.runners.ParentRunner.access$000(ParentRunner.java:58)
	at org.junit.runners.ParentRunner$2.evaluate(ParentRunner.java:268)
	at org.junit.runners.ParentRunner.run(ParentRunner.java:363)
	at org.apache.maven.surefire.junit4.JUnit4Provider.execute(JUnit4Provider.java:252)
	at org.apache.maven.surefire.junit4.JUnit4Provider.executeTestSet(JUnit4Provider.java:141)
	at org.apache.maven.surefire.junit4.JUnit4Provider.invoke(JUnit4Provider.java:112)
	at sun.reflect.NativeMethodAccessorImpl.invoke0(Native Method)
	at sun.reflect.NativeMethodAccessorImpl.invoke(NativeMethodAccessorImpl.java:62)
	at sun.reflect.DelegatingMethodAccessorImpl.invoke(DelegatingMethodAccessorImpl.java:43)
	at java.lang.reflect.Method.invoke(Method.java:498)
	at org.apache.maven.surefire.util.ReflectionUtils.invokeMethodWithArray(ReflectionUtils.java:189)
	at org.apache.maven.surefire.booter.ProviderFactory$ProviderProxy.invoke(ProviderFactory.java:165)
	at org.apache.maven.surefire.booter.ProviderFactory.invokeProvider(ProviderFactory.java:85)
	at org.apache.maven.surefire.booter.ForkedBooter.runSuitesInProcess(ForkedBooter.java:115)
	at org.apache.maven.surefire.booter.ForkedBooter.main(ForkedBooter.java:75)
Caused by: java.lang.NoClassDefFoundError: Could not initialize class org.gnu.glpk.GLPKJNI
	at org.gnu.glpk.glp_smcp.&lt;init&gt;(glp_smcp.java:168)
	at ch.ethz.idsc.amodeus.dispatcher.util.LPVehicleRebalancing.&lt;init&gt;(LPVehicleRebalancing.java:31)
	at ch.ethz.idsc.amodeus.traveldata.TravelData.&lt;init&gt;(TravelData.java:150)
	at ch.ethz.idsc.amodeus.matsim.StandardMATSimScenarioTest$2.provideTravelData(StandardMATSimScenarioTest.java:217)
	at ch.ethz.idsc.amodeus.matsim.StandardMATSimScenarioTest$2$$FastClassByGuice$$18c5fb10.invoke(&lt;generated&gt;)
	at com.google.inject.internal.ProviderMethod$FastClassProviderMethod.doProvision(ProviderMethod.java:264)
	at com.google.inject.internal.ProviderMethod$Factory.provision(ProviderMethod.java:401)
	at com.google.inject.internal.ProviderMethod$Factory.get(ProviderMethod.java:376)
	at com.google.inject.internal.ProviderToInternalFactoryAdapter$1.call(ProviderToInternalFactoryAdapter.java:46)
	at com.google.inject.internal.InjectorImpl.callInContext(InjectorImpl.java:1092)
	at com.google.inject.internal.ProviderToInternalFactoryAdapter.get(ProviderToInternalFactoryAdapter.java:40)
	at com.google.inject.internal.SingletonScope$1.get(SingletonScope.java:194)
	at com.google.inject.internal.InternalFactoryToProviderAdapter.get(InternalFactoryToProviderAdapter.java:41)
	at com.google.inject.internal.SingleFieldInjector.inject(SingleFieldInjector.java:54)
	at com.google.inject.internal.MembersInjectorImpl.injectMembers(MembersInjectorImpl.java:132)
	at com.google.inject.internal.ConstructorInjector.provision(ConstructorInjector.java:120)
	at com.google.inject.internal.ConstructorInjector.construct(ConstructorInjector.java:90)
	at com.google.inject.internal.ConstructorBindingImpl$Factory.get(ConstructorBindingImpl.java:268)
	at com.google.inject.internal.FactoryProxy.get(FactoryProxy.java:56)
	at com.google.inject.internal.InjectorImpl$2$1.call(InjectorImpl.java:1019)
	at com.google.inject.internal.InjectorImpl.callInContext(InjectorImpl.java:1092)
	at com.google.inject.internal.InjectorImpl$2.get(InjectorImpl.java:1015)
	at com.google.inject.spi.ProviderLookup$1.get(ProviderLookup.java:104)
	at com.google.inject.spi.ProviderLookup$1.get(ProviderLookup.java:104)
	at com.google.inject.spi.ProviderLookup$1.get(ProviderLookup.java:104)
	at com.google.inject.spi.ProviderLookup$1.get(ProviderLookup.java:104)
	at com.google.inject.spi.ProviderLookup$1.get(ProviderLookup.java:104)
	at com.google.inject.spi.ProviderLookup$1.get(ProviderLookup.java:104)
	at com.google.inject.spi.ProviderLookup$1.get(ProviderLookup.java:104)
	at com.google.inject.spi.ProviderLookup$1.get(ProviderLookup.java:104)
	at com.google.inject.multibindings.MapBinder$RealMapBinder$ValueProvider.get(MapBinder.java:821)
	at com.google.inject.multibindings.MapBinder$RealMapBinder$RealMapProvider.get(MapBinder.java:605)
	at com.google.inject.multibindings.MapBinder$RealMapBinder$RealMapProvider.get(MapBinder.java:586)
	at com.google.inject.internal.ProviderInternalFactory.provision(ProviderInternalFactory.java:81)
	at com.google.inject.internal.InternalFactoryToInitializableAdapter.provision(InternalFactoryToInitializableAdapter.java:53)
	at com.google.inject.internal.ProviderInternalFactory.circularGet(ProviderInternalFactory.java:61)
	at com.google.inject.internal.InternalFactoryToInitializableAdapter.get(InternalFactoryToInitializableAdapter.java:45)
	at com.google.inject.internal.SingleParameterInjector.inject(SingleParameterInjector.java:38)
	at com.google.inject.internal.SingleParameterInjector.getAll(SingleParameterInjector.java:62)
	at com.google.inject.internal.ProviderMethod$Factory.provision(ProviderMethod.java:402)
	at com.google.inject.internal.ProviderMethod$Factory.get(ProviderMethod.java:376)
	at com.google.inject.internal.ProviderToInternalFactoryAdapter$1.call(ProviderToInternalFactoryAdapter.java:46)
	at com.google.inject.internal.InjectorImpl.callInContext(InjectorImpl.java:1092)
	at com.google.inject.internal.ProviderToInternalFactoryAdapter.get(ProviderToInternalFactoryAdapter.java:40)
	at com.google.inject.internal.SingletonScope$1.get(SingletonScope.java:194)
	at com.google.inject.internal.InternalFactoryToProviderAdapter.get(InternalFactoryToProviderAdapter.java:41)
	at com.google.inject.internal.SingleFieldInjector.inject(SingleFieldInjector.java:54)
	at com.google.inject.internal.MembersInjectorImpl.injectMembers(MembersInjectorImpl.java:132)
	at com.google.inject.internal.ConstructorInjector.provision(ConstructorInjector.java:120)
	at com.google.inject.internal.ConstructorInjector.construct(ConstructorInjector.java:90)
	at com.google.inject.internal.ConstructorBindingImpl$Factory.get(ConstructorBindingImpl.java:268)
	at com.google.inject.internal.ProviderToInternalFactoryAdapter$1.call(ProviderToInternalFactoryAdapter.java:46)
	at com.google.inject.internal.InjectorImpl.callInContext(InjectorImpl.java:1092)
	at com.google.inject.internal.ProviderToInternalFactoryAdapter.get(ProviderToInternalFactoryAdapter.java:40)
	at com.google.inject.internal.SingletonScope$1.get(SingletonScope.java:194)
	at com.google.inject.internal.InternalFactoryToProviderAdapter.get(InternalFactoryToProviderAdapter.java:41)
	at com.google.inject.internal.SingleParameterInjector.inject(SingleParameterInjector.java:38)
	at com.google.inject.internal.SingleParameterInjector.getAll(SingleParameterInjector.java:62)
	at com.google.inject.internal.ProviderMethod$Factory.provision(ProviderMethod.java:402)
	at com.google.inject.internal.ProviderMethod$Factory.get(ProviderMethod.java:376)
	at com.google.inject.internal.ProviderToInternalFactoryAdapter$1.call(ProviderToInternalFactoryAdapter.java:46)
	at com.google.inject.internal.InjectorImpl.callInContext(InjectorImpl.java:1092)
	at com.google.inject.internal.ProviderToInternalFactoryAdapter.get(ProviderToInternalFactoryAdapter.java:40)
	at com.google.inject.internal.SingletonScope$1.get(SingletonScope.java:194)
	at com.google.inject.internal.InternalFactoryToProviderAdapter.get(InternalFactoryToProviderAdapter.java:41)
	at com.google.inject.internal.InjectorImpl$2$1.call(InjectorImpl.java:1019)
	at com.google.inject.internal.InjectorImpl.callInContext(InjectorImpl.java:1092)
	at com.google.inject.internal.InjectorImpl$2.get(InjectorImpl.java:1015)
	at com.google.inject.internal.InjectorImpl.getInstance(InjectorImpl.java:1054)
	at org.matsim.core.mobsim.qsim.QSimProvider.get(QSimProvider.java:75)
	at org.matsim.core.mobsim.qsim.QSimProvider.get(QSimProvider.java:41)
	at com.google.inject.internal.ProviderInternalFactory.provision(ProviderInternalFactory.java:81)
	at com.google.inject.internal.BoundProviderFactory.provision(BoundProviderFactory.java:72)
	at com.google.inject.internal.ProviderInternalFactory.circularGet(ProviderInternalFactory.java:61)
	at com.google.inject.internal.BoundProviderFactory.get(BoundProviderFactory.java:62)
	at com.google.inject.internal.InjectorImpl$2$1.call(InjectorImpl.java:1019)
	at com.google.inject.internal.InjectorImpl.callInContext(InjectorImpl.java:1085)
	at com.google.inject.internal.InjectorImpl$2.get(InjectorImpl.java:1015)
	... 51 more
2018-06-01 06:11:27,917 ERROR MatsimRuntimeModifications:54 Getting uncaught Exception in Thread main
com.google.inject.ProvisionException: Unable to provision, see the following errors:

1) Error in custom provider, java.lang.NoClassDefFoundError: Could not initialize class org.gnu.glpk.GLPKJNI
  at ch.ethz.idsc.amodeus.matsim.StandardMATSimScenarioTest$2.provideTravelData(StandardMATSimScenarioTest.java:217) (via modules: com.google.inject.util.Modules$CombinedModule -&gt; com.google.inject.util.Modules$CombinedModule -&gt; org.matsim.core.controler.AbstractModule$4 -&gt; com.google.inject.util.Modules$OverrideModule -&gt; org.matsim.core.controler.AbstractModule$4 -&gt; com.google.inject.util.Modules$OverrideModule -&gt; org.matsim.core.controler.AbstractModule$4 -&gt; com.google.inject.util.Modules$OverrideModule -&gt; org.matsim.core.controler.AbstractModule$4 -&gt; com.google.inject.util.Modules$OverrideModule -&gt; org.matsim.core.controler.AbstractModule$4 -&gt; com.google.inject.util.Modules$OverrideModule -&gt; ch.ethz.idsc.amodeus.matsim.StandardMATSimScenarioTest$2)
  at ch.ethz.idsc.amodeus.matsim.StandardMATSimScenarioTest$2.provideTravelData(StandardMATSimScenarioTest.java:217) (via modules: com.google.inject.util.Modules$CombinedModule -&gt; com.google.inject.util.Modules$CombinedModule -&gt; org.matsim.core.controler.AbstractModule$4 -&gt; com.google.inject.util.Modules$OverrideModule -&gt; org.matsim.core.controler.AbstractModule$4 -&gt; com.google.inject.util.Modules$OverrideModule -&gt; org.matsim.core.controler.AbstractModule$4 -&gt; com.google.inject.util.Modules$OverrideModule -&gt; org.matsim.core.controler.AbstractModule$4 -&gt; com.google.inject.util.Modules$OverrideModule -&gt; org.matsim.core.controler.AbstractModule$4 -&gt; com.google.inject.util.Modules$OverrideModule -&gt; ch.ethz.idsc.amodeus.matsim.StandardMATSimScenarioTest$2)
  while locating ch.ethz.idsc.amodeus.traveldata.TravelData
    for field at ch.ethz.idsc.amodeus.dispatcher.FeedforwardFluidicRebalancingPolicy$Factory.travelData(FeedforwardFluidicRebalancingPolicy.java:162)
  while locating ch.ethz.idsc.amodeus.dispatcher.FeedforwardFluidicRebalancingPolicy$Factory
  while locating ch.ethz.matsim.av.dispatcher.AVDispatcher$AVDispatcherFactory annotated with @com.google.inject.multibindings.Element(setName=,uniqueId=132, type=MAPBINDER, keyType=java.lang.String)
  at ch.ethz.matsim.av.framework.AVUtils.bindDispatcherFactory(AVUtils.java:11) (via modules: com.google.inject.util.Modules$CombinedModule -&gt; com.google.inject.util.Modules$CombinedModule -&gt; org.matsim.core.controler.AbstractModule$4 -&gt; com.google.inject.util.Modules$OverrideModule -&gt; org.matsim.core.controler.AbstractModule$4 -&gt; com.google.inject.util.Modules$OverrideModule -&gt; org.matsim.core.controler.AbstractModule$4 -&gt; com.google.inject.util.Modules$OverrideModule -&gt; org.matsim.core.controler.AbstractModule$4 -&gt; com.google.inject.util.Modules$OverrideModule -&gt; org.matsim.core.controler.AbstractModule$4 -&gt; com.google.inject.util.Modules$OverrideModule -&gt; org.matsim.core.controler.AbstractModule$4 -&gt; com.google.inject.util.Modules$OverrideModule -&gt; org.matsim.core.controler.AbstractModule$4 -&gt; com.google.inject.util.Modules$OverrideModule -&gt; ch.ethz.idsc.amodeus.matsim.mod.AmodeusDispatcherModule -&gt; com.google.inject.multibindings.MapBinder$RealMapBinder)
  while locating java.util.Map&lt;java.lang.String, ch.ethz.matsim.av.dispatcher.AVDispatcher$AVDispatcherFactory&gt;
    for the 1st parameter of ch.ethz.matsim.av.framework.AVQSimModule.provideDispatchers(AVQSimModule.java:70)
  at ch.ethz.matsim.av.framework.AVQSimModule.provideDispatchers(AVQSimModule.java:70) (via modules: org.matsim.core.mobsim.qsim.QSimProvider$1 -&gt; ch.ethz.idsc.amodeus.matsim.mod.AmodeusQSimModule -&gt; com.google.inject.util.Modules$OverrideModule -&gt; ch.ethz.matsim.av.framework.AVQSimModule)
  while locating java.util.Map&lt;org.matsim.api.core.v01.Id&lt;ch.ethz.matsim.av.data.AVOperator&gt;, ch.ethz.matsim.av.dispatcher.AVDispatcher&gt;
    for field at ch.ethz.matsim.av.passenger.AVRequestCreator.dispatchers(AVRequestCreator.java:21)
  at ch.ethz.matsim.av.framework.AVQSimModule.configure(AVQSimModule.java:37) (via modules: org.matsim.core.mobsim.qsim.QSimProvider$1 -&gt; ch.ethz.idsc.amodeus.matsim.mod.AmodeusQSimModule -&gt; com.google.inject.util.Modules$OverrideModule -&gt; ch.ethz.matsim.av.framework.AVQSimModule)
  while locating ch.ethz.matsim.av.passenger.AVRequestCreator
    for the 2nd parameter of ch.ethz.matsim.av.framework.AVQSimModule.providePassengerEngine(AVQSimModule.java:48)
  at ch.ethz.matsim.av.framework.AVQSimModule.providePassengerEngine(AVQSimModule.java:48) (via modules: org.matsim.core.mobsim.qsim.QSimProvider$1 -&gt; ch.ethz.idsc.amodeus.matsim.mod.AmodeusQSimModule -&gt; com.google.inject.util.Modules$OverrideModule -&gt; ch.ethz.matsim.av.framework.AVQSimModule)
  while locating org.matsim.contrib.dvrp.passenger.PassengerEngine
  while locating org.matsim.core.mobsim.qsim.QSimProvider
  while locating org.matsim.core.mobsim.framework.Mobsim

2) Error in custom provider, java.lang.NoClassDefFoundError: Could not initialize class org.gnu.glpk.GLPKJNI
  at ch.ethz.idsc.amodeus.matsim.StandardMATSimScenarioTest$2.provideTravelData(StandardMATSimScenarioTest.java:217) (via modules: com.google.inject.util.Modules$CombinedModule -&gt; com.google.inject.util.Modules$CombinedModule -&gt; org.matsim.core.controler.AbstractModule$4 -&gt; com.google.inject.util.Modules$OverrideModule -&gt; org.matsim.core.controler.AbstractModule$4 -&gt; com.google.inject.util.Modules$OverrideModule -&gt; org.matsim.core.controler.AbstractModule$4 -&gt; com.google.inject.util.Modules$OverrideModule -&gt; org.matsim.core.controler.AbstractModule$4 -&gt; com.google.inject.util.Modules$OverrideModule -&gt; org.matsim.core.controler.AbstractModule$4 -&gt; com.google.inject.util.Modules$OverrideModule -&gt; ch.ethz.idsc.amodeus.matsim.StandardMATSimScenarioTest$2)
  at ch.ethz.idsc.amodeus.matsim.StandardMATSimScenarioTest$2.provideTravelData(StandardMATSimScenarioTest.java:217) (via modules: com.google.inject.util.Modules$CombinedModule -&gt; com.google.inject.util.Modules$CombinedModule -&gt; org.matsim.core.controler.AbstractModule$4 -&gt; com.google.inject.util.Modules$OverrideModule -&gt; org.matsim.core.controler.AbstractModule$4 -&gt; com.google.inject.util.Modules$OverrideModule -&gt; org.matsim.core.controler.AbstractModule$4 -&gt; com.google.inject.util.Modules$OverrideModule -&gt; org.matsim.core.controler.AbstractModule$4 -&gt; com.google.inject.util.Modules$OverrideModule -&gt; org.matsim.core.controler.AbstractModule$4 -&gt; com.google.inject.util.Modules$OverrideModule -&gt; ch.ethz.idsc.amodeus.matsim.StandardMATSimScenarioTest$2)
  while locating ch.ethz.idsc.amodeus.traveldata.TravelData
    for field at ch.ethz.idsc.amodeus.dispatcher.FeedforwardFluidicRebalancingPolicy$Factory.travelData(FeedforwardFluidicRebalancingPolicy.java:162)
  while locating ch.ethz.idsc.amodeus.dispatcher.FeedforwardFluidicRebalancingPolicy$Factory
  while locating ch.ethz.matsim.av.dispatcher.AVDispatcher$AVDispatcherFactory annotated with @com.google.inject.multibindings.Element(setName=,uniqueId=132, type=MAPBINDER, keyType=java.lang.String)
  at ch.ethz.matsim.av.framework.AVUtils.bindDispatcherFactory(AVUtils.java:11) (via modules: com.google.inject.util.Modules$CombinedModule -&gt; com.google.inject.util.Modules$CombinedModule -&gt; org.matsim.core.controler.AbstractModule$4 -&gt; com.google.inject.util.Modules$OverrideModule -&gt; org.matsim.core.controler.AbstractModule$4 -&gt; com.google.inject.util.Modules$OverrideModule -&gt; org.matsim.core.controler.AbstractModule$4 -&gt; com.google.inject.util.Modules$OverrideModule -&gt; org.matsim.core.controler.AbstractModule$4 -&gt; com.google.inject.util.Modules$OverrideModule -&gt; org.matsim.core.controler.AbstractModule$4 -&gt; com.google.inject.util.Modules$OverrideModule -&gt; org.matsim.core.controler.AbstractModule$4 -&gt; com.google.inject.util.Modules$OverrideModule -&gt; org.matsim.core.controler.AbstractModule$4 -&gt; com.google.inject.util.Modules$OverrideModule -&gt; ch.ethz.idsc.amodeus.matsim.mod.AmodeusDispatcherModule -&gt; com.google.inject.multibindings.MapBinder$RealMapBinder)
  while locating java.util.Map&lt;java.lang.String, ch.ethz.matsim.av.dispatcher.AVDispatcher$AVDispatcherFactory&gt;
    for the 1st parameter of ch.ethz.matsim.av.framework.AVQSimModule.provideDispatchers(AVQSimModule.java:70)
  at ch.ethz.matsim.av.framework.AVQSimModule.provideDispatchers(AVQSimModule.java:70) (via modules: org.matsim.core.mobsim.qsim.QSimProvider$1 -&gt; ch.ethz.idsc.amodeus.matsim.mod.AmodeusQSimModule -&gt; com.google.inject.util.Modules$OverrideModule -&gt; ch.ethz.matsim.av.framework.AVQSimModule)
  while locating java.util.Map&lt;org.matsim.api.core.v01.Id&lt;ch.ethz.matsim.av.data.AVOperator&gt;, ch.ethz.matsim.av.dispatcher.AVDispatcher&gt;
    for field at ch.ethz.matsim.av.schedule.AVOptimizer.dispatchers(AVOptimizer.java:32)
  at ch.ethz.matsim.av.framework.AVQSimModule.configure(AVQSimModule.java:35) (via modules: org.matsim.core.mobsim.qsim.QSimProvider$1 -&gt; ch.ethz.idsc.amodeus.matsim.mod.AmodeusQSimModule -&gt; com.google.inject.util.Modules$OverrideModule -&gt; ch.ethz.matsim.av.framework.AVQSimModule)
  while locating ch.ethz.matsim.av.schedule.AVOptimizer
    for the 3rd parameter of ch.ethz.matsim.av.framework.AVQSimModule.providePassengerEngine(AVQSimModule.java:48)
  at ch.ethz.matsim.av.framework.AVQSimModule.providePassengerEngine(AVQSimModule.java:48) (via modules: org.matsim.core.mobsim.qsim.QSimProvider$1 -&gt; ch.ethz.idsc.amodeus.matsim.mod.AmodeusQSimModule -&gt; com.google.inject.util.Modules$OverrideModule -&gt; ch.ethz.matsim.av.framework.AVQSimModule)
  while locating org.matsim.contrib.dvrp.passenger.PassengerEngine
  while locating org.matsim.core.mobsim.qsim.QSimProvider
  while locating org.matsim.core.mobsim.framework.Mobsim

2 errors
	at com.google.inject.internal.InjectorImpl$2.get(InjectorImpl.java:1028)
	at org.matsim.core.controler.NewControler.runMobSim(NewControler.java:111)
	at org.matsim.core.controler.AbstractController$7.run(AbstractController.java:199)
	at org.matsim.core.controler.AbstractController.iterationStep(AbstractController.java:231)
	at org.matsim.core.controler.AbstractController.mobsim(AbstractController.java:195)
	at org.matsim.core.controler.AbstractController.iteration(AbstractController.java:154)
	at org.matsim.core.controler.AbstractController.doIterations(AbstractController.java:121)
	at org.matsim.core.controler.AbstractController.access$000(AbstractController.java:29)
	at org.matsim.core.controler.AbstractController$1.run(AbstractController.java:91)
	at org.matsim.core.controler.MatsimRuntimeModifications.run(MatsimRuntimeModifications.java:48)
	at org.matsim.core.controler.MatsimRuntimeModifications.run(MatsimRuntimeModifications.java:31)
	at org.matsim.core.controler.AbstractController.run(AbstractController.java:99)
	at org.matsim.core.controler.NewControler.run(NewControler.java:75)
	at org.matsim.core.controler.Controler.run(Controler.java:202)
	at ch.ethz.idsc.amodeus.matsim.StandardMATSimScenarioTest.testStandardMATSimScenario(StandardMATSimScenarioTest.java:263)
	at sun.reflect.NativeMethodAccessorImpl.invoke0(Native Method)
	at sun.reflect.NativeMethodAccessorImpl.invoke(NativeMethodAccessorImpl.java:62)
	at sun.reflect.DelegatingMethodAccessorImpl.invoke(DelegatingMethodAccessorImpl.java:43)
	at java.lang.reflect.Method.invoke(Method.java:498)
	at org.junit.runners.model.FrameworkMethod$1.runReflectiveCall(FrameworkMethod.java:50)
	at org.junit.internal.runners.model.ReflectiveCallable.run(ReflectiveCallable.java:12)
	at org.junit.runners.model.FrameworkMethod.invokeExplosively(FrameworkMethod.java:47)
	at org.junit.internal.runners.statements.InvokeMethod.evaluate(InvokeMethod.java:17)
	at org.junit.runners.ParentRunner.runLeaf(ParentRunner.java:325)
	at org.junit.runners.BlockJUnit4ClassRunner.runChild(BlockJUnit4ClassRunner.java:78)
	at org.junit.runners.BlockJUnit4ClassRunner.runChild(BlockJUnit4ClassRunner.java:57)
	at org.junit.runners.ParentRunner$3.run(ParentRunner.java:290)
	at org.junit.runners.ParentRunner$1.schedule(ParentRunner.java:71)
	at org.junit.runners.ParentRunner.runChildren(ParentRunner.java:288)
	at org.junit.runners.ParentRunner.access$000(ParentRunner.java:58)
	at org.junit.runners.ParentRunner$2.evaluate(ParentRunner.java:268)
	at org.junit.runners.ParentRunner.run(ParentRunner.java:363)
	at org.junit.runners.Suite.runChild(Suite.java:128)
	at org.junit.runners.Suite.runChild(Suite.java:27)
	at org.junit.runners.ParentRunner$3.run(ParentRunner.java:290)
	at org.junit.runners.ParentRunner$1.schedule(ParentRunner.java:71)
	at org.junit.runners.ParentRunner.runChildren(ParentRunner.java:288)
	at org.junit.runners.ParentRunner.access$000(ParentRunner.java:58)
	at org.junit.runners.ParentRunner$2.evaluate(ParentRunner.java:268)
	at org.junit.runners.ParentRunner.run(ParentRunner.java:363)
	at org.apache.maven.surefire.junit4.JUnit4Provider.execute(JUnit4Provider.java:252)
	at org.apache.maven.surefire.junit4.JUnit4Provider.executeTestSet(JUnit4Provider.java:141)
	at org.apache.maven.surefire.junit4.JUnit4Provider.invoke(JUnit4Provider.java:112)
	at sun.reflect.NativeMethodAccessorImpl.invoke0(Native Method)
	at sun.reflect.NativeMethodAccessorImpl.invoke(NativeMethodAccessorImpl.java:62)
	at sun.reflect.DelegatingMethodAccessorImpl.invoke(DelegatingMethodAccessorImpl.java:43)
	at java.lang.reflect.Method.invoke(Method.java:498)
	at org.apache.maven.surefire.util.ReflectionUtils.invokeMethodWithArray(ReflectionUtils.java:189)
	at org.apache.maven.surefire.booter.ProviderFactory$ProviderProxy.invoke(ProviderFactory.java:165)
	at org.apache.maven.surefire.booter.ProviderFactory.invokeProvider(ProviderFactory.java:85)
	at org.apache.maven.surefire.booter.ForkedBooter.runSuitesInProcess(ForkedBooter.java:115)
	at org.apache.maven.surefire.booter.ForkedBooter.main(ForkedBooter.java:75)
Caused by: java.lang.NoClassDefFoundError: Could not initialize class org.gnu.glpk.GLPKJNI
	at org.gnu.glpk.glp_smcp.&lt;init&gt;(glp_smcp.java:168)
	at ch.ethz.idsc.amodeus.dispatcher.util.LPVehicleRebalancing.&lt;init&gt;(LPVehicleRebalancing.java:31)
	at ch.ethz.idsc.amodeus.traveldata.TravelData.&lt;init&gt;(TravelData.java:150)
	at ch.ethz.idsc.amodeus.matsim.StandardMATSimScenarioTest$2.provideTravelData(StandardMATSimScenarioTest.java:217)
	at ch.ethz.idsc.amodeus.matsim.StandardMATSimScenarioTest$2$$FastClassByGuice$$18c5fb10.invoke(&lt;generated&gt;)
	at com.google.inject.internal.ProviderMethod$FastClassProviderMethod.doProvision(ProviderMethod.java:264)
	at com.google.inject.internal.ProviderMethod$Factory.provision(ProviderMethod.java:401)
	at com.google.inject.internal.ProviderMethod$Factory.get(ProviderMethod.java:376)
	at com.google.inject.internal.ProviderToInternalFactoryAdapter$1.call(ProviderToInternalFactoryAdapter.java:46)
	at com.google.inject.internal.InjectorImpl.callInContext(InjectorImpl.java:1092)
	at com.google.inject.internal.ProviderToInternalFactoryAdapter.get(ProviderToInternalFactoryAdapter.java:40)
	at com.google.inject.internal.SingletonScope$1.get(SingletonScope.java:194)
	at com.google.inject.internal.InternalFactoryToProviderAdapter.get(InternalFactoryToProviderAdapter.java:41)
	at com.google.inject.internal.SingleFieldInjector.inject(SingleFieldInjector.java:54)
	at com.google.inject.internal.MembersInjectorImpl.injectMembers(MembersInjectorImpl.java:132)
	at com.google.inject.internal.ConstructorInjector.provision(ConstructorInjector.java:120)
	at com.google.inject.internal.ConstructorInjector.construct(ConstructorInjector.java:90)
	at com.google.inject.internal.ConstructorBindingImpl$Factory.get(ConstructorBindingImpl.java:268)
	at com.google.inject.internal.FactoryProxy.get(FactoryProxy.java:56)
	at com.google.inject.internal.InjectorImpl$2$1.call(InjectorImpl.java:1019)
	at com.google.inject.internal.InjectorImpl.callInContext(InjectorImpl.java:1092)
	at com.google.inject.internal.InjectorImpl$2.get(InjectorImpl.java:1015)
	at com.google.inject.spi.ProviderLookup$1.get(ProviderLookup.java:104)
	at com.google.inject.spi.ProviderLookup$1.get(ProviderLookup.java:104)
	at com.google.inject.spi.ProviderLookup$1.get(ProviderLookup.java:104)
	at com.google.inject.spi.ProviderLookup$1.get(ProviderLookup.java:104)
	at com.google.inject.spi.ProviderLookup$1.get(ProviderLookup.java:104)
	at com.google.inject.spi.ProviderLookup$1.get(ProviderLookup.java:104)
	at com.google.inject.spi.ProviderLookup$1.get(ProviderLookup.java:104)
	at com.google.inject.spi.ProviderLookup$1.get(ProviderLookup.java:104)
	at com.google.inject.multibindings.MapBinder$RealMapBinder$ValueProvider.get(MapBinder.java:821)
	at com.google.inject.multibindings.MapBinder$RealMapBinder$RealMapProvider.get(MapBinder.java:605)
	at com.google.inject.multibindings.MapBinder$RealMapBinder$RealMapProvider.get(MapBinder.java:586)
	at com.google.inject.internal.ProviderInternalFactory.provision(ProviderInternalFactory.java:81)
	at com.google.inject.internal.InternalFactoryToInitializableAdapter.provision(InternalFactoryToInitializableAdapter.java:53)
	at com.google.inject.internal.ProviderInternalFactory.circularGet(ProviderInternalFactory.java:61)
	at com.google.inject.internal.InternalFactoryToInitializableAdapter.get(InternalFactoryToInitializableAdapter.java:45)
	at com.google.inject.internal.SingleParameterInjector.inject(SingleParameterInjector.java:38)
	at com.google.inject.internal.SingleParameterInjector.getAll(SingleParameterInjector.java:62)
	at com.google.inject.internal.ProviderMethod$Factory.provision(ProviderMethod.java:402)
	at com.google.inject.internal.ProviderMethod$Factory.get(ProviderMethod.java:376)
	at com.google.inject.internal.ProviderToInternalFactoryAdapter$1.call(ProviderToInternalFactoryAdapter.java:46)
	at com.google.inject.internal.InjectorImpl.callInContext(InjectorImpl.java:1092)
	at com.google.inject.internal.ProviderToInternalFactoryAdapter.get(ProviderToInternalFactoryAdapter.java:40)
	at com.google.inject.internal.SingletonScope$1.get(SingletonScope.java:194)
	at com.google.inject.internal.InternalFactoryToProviderAdapter.get(InternalFactoryToProviderAdapter.java:41)
	at com.google.inject.internal.SingleFieldInjector.inject(SingleFieldInjector.java:54)
	at com.google.inject.internal.MembersInjectorImpl.injectMembers(MembersInjectorImpl.java:132)
	at com.google.inject.internal.ConstructorInjector.provision(ConstructorInjector.java:120)
	at com.google.inject.internal.ConstructorInjector.construct(ConstructorInjector.java:90)
	at com.google.inject.internal.ConstructorBindingImpl$Factory.get(ConstructorBindingImpl.java:268)
	at com.google.inject.internal.ProviderToInternalFactoryAdapter$1.call(ProviderToInternalFactoryAdapter.java:46)
	at com.google.inject.internal.InjectorImpl.callInContext(InjectorImpl.java:1092)
	at com.google.inject.internal.ProviderToInternalFactoryAdapter.get(ProviderToInternalFactoryAdapter.java:40)
	at com.google.inject.internal.SingletonScope$1.get(SingletonScope.java:194)
	at com.google.inject.internal.InternalFactoryToProviderAdapter.get(InternalFactoryToProviderAdapter.java:41)
	at com.google.inject.internal.SingleParameterInjector.inject(SingleParameterInjector.java:38)
	at com.google.inject.internal.SingleParameterInjector.getAll(SingleParameterInjector.java:62)
	at com.google.inject.internal.ProviderMethod$Factory.provision(ProviderMethod.java:402)
	at com.google.inject.internal.ProviderMethod$Factory.get(ProviderMethod.java:376)
	at com.google.inject.internal.ProviderToInternalFactoryAdapter$1.call(ProviderToInternalFactoryAdapter.java:46)
	at com.google.inject.internal.InjectorImpl.callInContext(InjectorImpl.java:1092)
	at com.google.inject.internal.ProviderToInternalFactoryAdapter.get(ProviderToInternalFactoryAdapter.java:40)
	at com.google.inject.internal.SingletonScope$1.get(SingletonScope.java:194)
	at com.google.inject.internal.InternalFactoryToProviderAdapter.get(InternalFactoryToProviderAdapter.java:41)
	at com.google.inject.internal.InjectorImpl$2$1.call(InjectorImpl.java:1019)
	at com.google.inject.internal.InjectorImpl.callInContext(InjectorImpl.java:1092)
	at com.google.inject.internal.InjectorImpl$2.get(InjectorImpl.java:1015)
	at com.google.inject.internal.InjectorImpl.getInstance(InjectorImpl.java:1054)
	at org.matsim.core.mobsim.qsim.QSimProvider.get(QSimProvider.java:75)
	at org.matsim.core.mobsim.qsim.QSimProvider.get(QSimProvider.java:41)
	at com.google.inject.internal.ProviderInternalFactory.provision(ProviderInternalFactory.java:81)
	at com.google.inject.internal.BoundProviderFactory.provision(BoundProviderFactory.java:72)
	at com.google.inject.internal.ProviderInternalFactory.circularGet(ProviderInternalFactory.java:61)
	at com.google.inject.internal.BoundProviderFactory.get(BoundProviderFactory.java:62)
	at com.google.inject.internal.InjectorImpl$2$1.call(InjectorImpl.java:1019)
	at com.google.inject.internal.InjectorImpl.callInContext(InjectorImpl.java:1085)
	at com.google.inject.internal.InjectorImpl$2.get(InjectorImpl.java:1015)
	... 51 more
2018-06-01 06:11:27,923 ERROR MatsimRuntimeModifications:60 ERROR --- This is an unexpected shutdown!
2018-06-01 06:11:27,923 ERROR MatsimRuntimeModifications:63 Shutdown possibly caused by the following Exception:
com.google.inject.ProvisionException: Unable to provision, see the following errors:

1) Error in custom provider, java.lang.NoClassDefFoundError: Could not initialize class org.gnu.glpk.GLPKJNI
  at ch.ethz.idsc.amodeus.matsim.StandardMATSimScenarioTest$2.provideTravelData(StandardMATSimScenarioTest.java:217) (via modules: com.google.inject.util.Modules$CombinedModule -&gt; com.google.inject.util.Modules$CombinedModule -&gt; org.matsim.core.controler.AbstractModule$4 -&gt; com.google.inject.util.Modules$OverrideModule -&gt; org.matsim.core.controler.AbstractModule$4 -&gt; com.google.inject.util.Modules$OverrideModule -&gt; org.matsim.core.controler.AbstractModule$4 -&gt; com.google.inject.util.Modules$OverrideModule -&gt; org.matsim.core.controler.AbstractModule$4 -&gt; com.google.inject.util.Modules$OverrideModule -&gt; org.matsim.core.controler.AbstractModule$4 -&gt; com.google.inject.util.Modules$OverrideModule -&gt; ch.ethz.idsc.amodeus.matsim.StandardMATSimScenarioTest$2)
  at ch.ethz.idsc.amodeus.matsim.StandardMATSimScenarioTest$2.provideTravelData(StandardMATSimScenarioTest.java:217) (via modules: com.google.inject.util.Modules$CombinedModule -&gt; com.google.inject.util.Modules$CombinedModule -&gt; org.matsim.core.controler.AbstractModule$4 -&gt; com.google.inject.util.Modules$OverrideModule -&gt; org.matsim.core.controler.AbstractModule$4 -&gt; com.google.inject.util.Modules$OverrideModule -&gt; org.matsim.core.controler.AbstractModule$4 -&gt; com.google.inject.util.Modules$OverrideModule -&gt; org.matsim.core.controler.AbstractModule$4 -&gt; com.google.inject.util.Modules$OverrideModule -&gt; org.matsim.core.controler.AbstractModule$4 -&gt; com.google.inject.util.Modules$OverrideModule -&gt; ch.ethz.idsc.amodeus.matsim.StandardMATSimScenarioTest$2)
  while locating ch.ethz.idsc.amodeus.traveldata.TravelData
    for field at ch.ethz.idsc.amodeus.dispatcher.FeedforwardFluidicRebalancingPolicy$Factory.travelData(FeedforwardFluidicRebalancingPolicy.java:162)
  while locating ch.ethz.idsc.amodeus.dispatcher.FeedforwardFluidicRebalancingPolicy$Factory
  while locating ch.ethz.matsim.av.dispatcher.AVDispatcher$AVDispatcherFactory annotated with @com.google.inject.multibindings.Element(setName=,uniqueId=132, type=MAPBINDER, keyType=java.lang.String)
  at ch.ethz.matsim.av.framework.AVUtils.bindDispatcherFactory(AVUtils.java:11) (via modules: com.google.inject.util.Modules$CombinedModule -&gt; com.google.inject.util.Modules$CombinedModule -&gt; org.matsim.core.controler.AbstractModule$4 -&gt; com.google.inject.util.Modules$OverrideModule -&gt; org.matsim.core.controler.AbstractModule$4 -&gt; com.google.inject.util.Modules$OverrideModule -&gt; org.matsim.core.controler.AbstractModule$4 -&gt; com.google.inject.util.Modules$OverrideModule -&gt; org.matsim.core.controler.AbstractModule$4 -&gt; com.google.inject.util.Modules$OverrideModule -&gt; org.matsim.core.controler.AbstractModule$4 -&gt; com.google.inject.util.Modules$OverrideModule -&gt; org.matsim.core.controler.AbstractModule$4 -&gt; com.google.inject.util.Modules$OverrideModule -&gt; org.matsim.core.controler.AbstractModule$4 -&gt; com.google.inject.util.Modules$OverrideModule -&gt; ch.ethz.idsc.amodeus.matsim.mod.AmodeusDispatcherModule -&gt; com.google.inject.multibindings.MapBinder$RealMapBinder)
  while locating java.util.Map&lt;java.lang.String, ch.ethz.matsim.av.dispatcher.AVDispatcher$AVDispatcherFactory&gt;
    for the 1st parameter of ch.ethz.matsim.av.framework.AVQSimModule.provideDispatchers(AVQSimModule.java:70)
  at ch.ethz.matsim.av.framework.AVQSimModule.provideDispatchers(AVQSimModule.java:70) (via modules: org.matsim.core.mobsim.qsim.QSimProvider$1 -&gt; ch.ethz.idsc.amodeus.matsim.mod.AmodeusQSimModule -&gt; com.google.inject.util.Modules$OverrideModule -&gt; ch.ethz.matsim.av.framework.AVQSimModule)
  while locating java.util.Map&lt;org.matsim.api.core.v01.Id&lt;ch.ethz.matsim.av.data.AVOperator&gt;, ch.ethz.matsim.av.dispatcher.AVDispatcher&gt;
    for field at ch.ethz.matsim.av.passenger.AVRequestCreator.dispatchers(AVRequestCreator.java:21)
  at ch.ethz.matsim.av.framework.AVQSimModule.configure(AVQSimModule.java:37) (via modules: org.matsim.core.mobsim.qsim.QSimProvider$1 -&gt; ch.ethz.idsc.amodeus.matsim.mod.AmodeusQSimModule -&gt; com.google.inject.util.Modules$OverrideModule -&gt; ch.ethz.matsim.av.framework.AVQSimModule)
  while locating ch.ethz.matsim.av.passenger.AVRequestCreator
    for the 2nd parameter of ch.ethz.matsim.av.framework.AVQSimModule.providePassengerEngine(AVQSimModule.java:48)
  at ch.ethz.matsim.av.framework.AVQSimModule.providePassengerEngine(AVQSimModule.java:48) (via modules: org.matsim.core.mobsim.qsim.QSimProvider$1 -&gt; ch.ethz.idsc.amodeus.matsim.mod.AmodeusQSimModule -&gt; com.google.inject.util.Modules$OverrideModule -&gt; ch.ethz.matsim.av.framework.AVQSimModule)
  while locating org.matsim.contrib.dvrp.passenger.PassengerEngine
  while locating org.matsim.core.mobsim.qsim.QSimProvider
  while locating org.matsim.core.mobsim.framework.Mobsim

2) Error in custom provider, java.lang.NoClassDefFoundError: Could not initialize class org.gnu.glpk.GLPKJNI
  at ch.ethz.idsc.amodeus.matsim.StandardMATSimScenarioTest$2.provideTravelData(StandardMATSimScenarioTest.java:217) (via modules: com.google.inject.util.Modules$CombinedModule -&gt; com.google.inject.util.Modules$CombinedModule -&gt; org.matsim.core.controler.AbstractModule$4 -&gt; com.google.inject.util.Modules$OverrideModule -&gt; org.matsim.core.controler.AbstractModule$4 -&gt; com.google.inject.util.Modules$OverrideModule -&gt; org.matsim.core.controler.AbstractModule$4 -&gt; com.google.inject.util.Modules$OverrideModule -&gt; org.matsim.core.controler.AbstractModule$4 -&gt; com.google.inject.util.Modules$OverrideModule -&gt; org.matsim.core.controler.AbstractModule$4 -&gt; com.google.inject.util.Modules$OverrideModule -&gt; ch.ethz.idsc.amodeus.matsim.StandardMATSimScenarioTest$2)
  at ch.ethz.idsc.amodeus.matsim.StandardMATSimScenarioTest$2.provideTravelData(StandardMATSimScenarioTest.java:217) (via modules: com.google.inject.util.Modules$CombinedModule -&gt; com.google.inject.util.Modules$CombinedModule -&gt; org.matsim.core.controler.AbstractModule$4 -&gt; com.google.inject.util.Modules$OverrideModule -&gt; org.matsim.core.controler.AbstractModule$4 -&gt; com.google.inject.util.Modules$OverrideModule -&gt; org.matsim.core.controler.AbstractModule$4 -&gt; com.google.inject.util.Modules$OverrideModule -&gt; org.matsim.core.controler.AbstractModule$4 -&gt; com.google.inject.util.Modules$OverrideModule -&gt; org.matsim.core.controler.AbstractModule$4 -&gt; com.google.inject.util.Modules$OverrideModule -&gt; ch.ethz.idsc.amodeus.matsim.StandardMATSimScenarioTest$2)
  while locating ch.ethz.idsc.amodeus.traveldata.TravelData
    for field at ch.ethz.idsc.amodeus.dispatcher.FeedforwardFluidicRebalancingPolicy$Factory.travelData(FeedforwardFluidicRebalancingPolicy.java:162)
  while locating ch.ethz.idsc.amodeus.dispatcher.FeedforwardFluidicRebalancingPolicy$Factory
  while locating ch.ethz.matsim.av.dispatcher.AVDispatcher$AVDispatcherFactory annotated with @com.google.inject.multibindings.Element(setName=,uniqueId=132, type=MAPBINDER, keyType=java.lang.String)
  at ch.ethz.matsim.av.framework.AVUtils.bindDispatcherFactory(AVUtils.java:11) (via modules: com.google.inject.util.Modules$CombinedModule -&gt; com.google.inject.util.Modules$CombinedModule -&gt; org.matsim.core.controler.AbstractModule$4 -&gt; com.google.inject.util.Modules$OverrideModule -&gt; org.matsim.core.controler.AbstractModule$4 -&gt; com.google.inject.util.Modules$OverrideModule -&gt; org.matsim.core.controler.AbstractModule$4 -&gt; com.google.inject.util.Modules$OverrideModule -&gt; org.matsim.core.controler.AbstractModule$4 -&gt; com.google.inject.util.Modules$OverrideModule -&gt; org.matsim.core.controler.AbstractModule$4 -&gt; com.google.inject.util.Modules$OverrideModule -&gt; org.matsim.core.controler.AbstractModule$4 -&gt; com.google.inject.util.Modules$OverrideModule -&gt; org.matsim.core.controler.AbstractModule$4 -&gt; com.google.inject.util.Modules$OverrideModule -&gt; ch.ethz.idsc.amodeus.matsim.mod.AmodeusDispatcherModule -&gt; com.google.inject.multibindings.MapBinder$RealMapBinder)
  while locating java.util.Map&lt;java.lang.String, ch.ethz.matsim.av.dispatcher.AVDispatcher$AVDispatcherFactory&gt;
    for the 1st parameter of ch.ethz.matsim.av.framework.AVQSimModule.provideDispatchers(AVQSimModule.java:70)
  at ch.ethz.matsim.av.framework.AVQSimModule.provideDispatchers(AVQSimModule.java:70) (via modules: org.matsim.core.mobsim.qsim.QSimProvider$1 -&gt; ch.ethz.idsc.amodeus.matsim.mod.AmodeusQSimModule -&gt; com.google.inject.util.Modules$OverrideModule -&gt; ch.ethz.matsim.av.framework.AVQSimModule)
  while locating java.util.Map&lt;org.matsim.api.core.v01.Id&lt;ch.ethz.matsim.av.data.AVOperator&gt;, ch.ethz.matsim.av.dispatcher.AVDispatcher&gt;
    for field at ch.ethz.matsim.av.schedule.AVOptimizer.dispatchers(AVOptimizer.java:32)
  at ch.ethz.matsim.av.framework.AVQSimModule.configure(AVQSimModule.java:35) (via modules: org.matsim.core.mobsim.qsim.QSimProvider$1 -&gt; ch.ethz.idsc.amodeus.matsim.mod.AmodeusQSimModule -&gt; com.google.inject.util.Modules$OverrideModule -&gt; ch.ethz.matsim.av.framework.AVQSimModule)
  while locating ch.ethz.matsim.av.schedule.AVOptimizer
    for the 3rd parameter of ch.ethz.matsim.av.framework.AVQSimModule.providePassengerEngine(AVQSimModule.java:48)
  at ch.ethz.matsim.av.framework.AVQSimModule.providePassengerEngine(AVQSimModule.java:48) (via modules: org.matsim.core.mobsim.qsim.QSimProvider$1 -&gt; ch.ethz.idsc.amodeus.matsim.mod.AmodeusQSimModule -&gt; com.google.inject.util.Modules$OverrideModule -&gt; ch.ethz.matsim.av.framework.AVQSimModule)
  while locating org.matsim.contrib.dvrp.passenger.PassengerEngine
  while locating org.matsim.core.mobsim.qsim.QSimProvider
  while locating org.matsim.core.mobsim.framework.Mobsim

2 errors
	at com.google.inject.internal.InjectorImpl$2.get(InjectorImpl.java:1028)
	at org.matsim.core.controler.NewControler.runMobSim(NewControler.java:111)
	at org.matsim.core.controler.AbstractController$7.run(AbstractController.java:199)
	at org.matsim.core.controler.AbstractController.iterationStep(AbstractController.java:231)
	at org.matsim.core.controler.AbstractController.mobsim(AbstractController.java:195)
	at org.matsim.core.controler.AbstractController.iteration(AbstractController.java:154)
	at org.matsim.core.controler.AbstractController.doIterations(AbstractController.java:121)
	at org.matsim.core.controler.AbstractController.access$000(AbstractController.java:29)
	at org.matsim.core.controler.AbstractController$1.run(AbstractController.java:91)
	at org.matsim.core.controler.MatsimRuntimeModifications.run(MatsimRuntimeModifications.java:48)
	at org.matsim.core.controler.MatsimRuntimeModifications.run(MatsimRuntimeModifications.java:31)
	at org.matsim.core.controler.AbstractController.run(AbstractController.java:99)
	at org.matsim.core.controler.NewControler.run(NewControler.java:75)
	at org.matsim.core.controler.Controler.run(Controler.java:202)
	at ch.ethz.idsc.amodeus.matsim.StandardMATSimScenarioTest.testStandardMATSimScenario(StandardMATSimScenarioTest.java:263)
	at sun.reflect.NativeMethodAccessorImpl.invoke0(Native Method)
	at sun.reflect.NativeMethodAccessorImpl.invoke(NativeMethodAccessorImpl.java:62)
	at sun.reflect.DelegatingMethodAccessorImpl.invoke(DelegatingMethodAccessorImpl.java:43)
	at java.lang.reflect.Method.invoke(Method.java:498)
	at org.junit.runners.model.FrameworkMethod$1.runReflectiveCall(FrameworkMethod.java:50)
	at org.junit.internal.runners.model.ReflectiveCallable.run(ReflectiveCallable.java:12)
	at org.junit.runners.model.FrameworkMethod.invokeExplosively(FrameworkMethod.java:47)
	at org.junit.internal.runners.statements.InvokeMethod.evaluate(InvokeMethod.java:17)
	at org.junit.runners.ParentRunner.runLeaf(ParentRunner.java:325)
	at org.junit.runners.BlockJUnit4ClassRunner.runChild(BlockJUnit4ClassRunner.java:78)
	at org.junit.runners.BlockJUnit4ClassRunner.runChild(BlockJUnit4ClassRunner.java:57)
	at org.junit.runners.ParentRunner$3.run(ParentRunner.java:290)
	at org.junit.runners.ParentRunner$1.schedule(ParentRunner.java:71)
	at org.junit.runners.ParentRunner.runChildren(ParentRunner.java:288)
	at org.junit.runners.ParentRunner.access$000(ParentRunner.java:58)
	at org.junit.runners.ParentRunner$2.evaluate(ParentRunner.java:268)
	at org.junit.runners.ParentRunner.run(ParentRunner.java:363)
	at org.junit.runners.Suite.runChild(Suite.java:128)
	at org.junit.runners.Suite.runChild(Suite.java:27)
	at org.junit.runners.ParentRunner$3.run(ParentRunner.java:290)
	at org.junit.runners.ParentRunner$1.schedule(ParentRunner.java:71)
	at org.junit.runners.ParentRunner.runChildren(ParentRunner.java:288)
	at org.junit.runners.ParentRunner.access$000(ParentRunner.java:58)
	at org.junit.runners.ParentRunner$2.evaluate(ParentRunner.java:268)
	at org.junit.runners.ParentRunner.run(ParentRunner.java:363)
	at org.apache.maven.surefire.junit4.JUnit4Provider.execute(JUnit4Provider.java:252)
	at org.apache.maven.surefire.junit4.JUnit4Provider.executeTestSet(JUnit4Provider.java:141)
	at org.apache.maven.surefire.junit4.JUnit4Provider.invoke(JUnit4Provider.java:112)
	at sun.reflect.NativeMethodAccessorImpl.invoke0(Native Method)
	at sun.reflect.NativeMethodAccessorImpl.invoke(NativeMethodAccessorImpl.java:62)
	at sun.reflect.DelegatingMethodAccessorImpl.invoke(DelegatingMethodAccessorImpl.java:43)
	at java.lang.reflect.Method.invoke(Method.java:498)
	at org.apache.maven.surefire.util.ReflectionUtils.invokeMethodWithArray(ReflectionUtils.java:189)
	at org.apache.maven.surefire.booter.ProviderFactory$ProviderProxy.invoke(ProviderFactory.java:165)
	at org.apache.maven.surefire.booter.ProviderFactory.invokeProvider(ProviderFactory.java:85)
	at org.apache.maven.surefire.booter.ForkedBooter.runSuitesInProcess(ForkedBooter.java:115)
	at org.apache.maven.surefire.booter.ForkedBooter.main(ForkedBooter.java:75)
Caused by: java.lang.NoClassDefFoundError: Could not initialize class org.gnu.glpk.GLPKJNI
	at org.gnu.glpk.glp_smcp.&lt;init&gt;(glp_smcp.java:168)
	at ch.ethz.idsc.amodeus.dispatcher.util.LPVehicleRebalancing.&lt;init&gt;(LPVehicleRebalancing.java:31)
	at ch.ethz.idsc.amodeus.traveldata.TravelData.&lt;init&gt;(TravelData.java:150)
	at ch.ethz.idsc.amodeus.matsim.StandardMATSimScenarioTest$2.provideTravelData(StandardMATSimScenarioTest.java:217)
	at ch.ethz.idsc.amodeus.matsim.StandardMATSimScenarioTest$2$$FastClassByGuice$$18c5fb10.invoke(&lt;generated&gt;)
	at com.google.inject.internal.ProviderMethod$FastClassProviderMethod.doProvision(ProviderMethod.java:264)
	at com.google.inject.internal.ProviderMethod$Factory.provision(ProviderMethod.java:401)
	at com.google.inject.internal.ProviderMethod$Factory.get(ProviderMethod.java:376)
	at com.google.inject.internal.ProviderToInternalFactoryAdapter$1.call(ProviderToInternalFactoryAdapter.java:46)
	at com.google.inject.internal.InjectorImpl.callInContext(InjectorImpl.java:1092)
	at com.google.inject.internal.ProviderToInternalFactoryAdapter.get(ProviderToInternalFactoryAdapter.java:40)
	at com.google.inject.internal.SingletonScope$1.get(SingletonScope.java:194)
	at com.google.inject.internal.InternalFactoryToProviderAdapter.get(InternalFactoryToProviderAdapter.java:41)
	at com.google.inject.internal.SingleFieldInjector.inject(SingleFieldInjector.java:54)
	at com.google.inject.internal.MembersInjectorImpl.injectMembers(MembersInjectorImpl.java:132)
	at com.google.inject.internal.ConstructorInjector.provision(ConstructorInjector.java:120)
	at com.google.inject.internal.ConstructorInjector.construct(ConstructorInjector.java:90)
	at com.google.inject.internal.ConstructorBindingImpl$Factory.get(ConstructorBindingImpl.java:268)
	at com.google.inject.internal.FactoryProxy.get(FactoryProxy.java:56)
	at com.google.inject.internal.InjectorImpl$2$1.call(InjectorImpl.java:1019)
	at com.google.inject.internal.InjectorImpl.callInContext(InjectorImpl.java:1092)
	at com.google.inject.internal.InjectorImpl$2.get(InjectorImpl.java:1015)
	at com.google.inject.spi.ProviderLookup$1.get(ProviderLookup.java:104)
	at com.google.inject.spi.ProviderLookup$1.get(ProviderLookup.java:104)
	at com.google.inject.spi.ProviderLookup$1.get(ProviderLookup.java:104)
	at com.google.inject.spi.ProviderLookup$1.get(ProviderLookup.java:104)
	at com.google.inject.spi.ProviderLookup$1.get(ProviderLookup.java:104)
	at com.google.inject.spi.ProviderLookup$1.get(ProviderLookup.java:104)
	at com.google.inject.spi.ProviderLookup$1.get(ProviderLookup.java:104)
	at com.google.inject.spi.ProviderLookup$1.get(ProviderLookup.java:104)
	at com.google.inject.multibindings.MapBinder$RealMapBinder$ValueProvider.get(MapBinder.java:821)
	at com.google.inject.multibindings.MapBinder$RealMapBinder$RealMapProvider.get(MapBinder.java:605)
	at com.google.inject.multibindings.MapBinder$RealMapBinder$RealMapProvider.get(MapBinder.java:586)
	at com.google.inject.internal.ProviderInternalFactory.provision(ProviderInternalFactory.java:81)
	at com.google.inject.internal.InternalFactoryToInitializableAdapter.provision(InternalFactoryToInitializableAdapter.java:53)
	at com.google.inject.internal.ProviderInternalFactory.circularGet(ProviderInternalFactory.java:61)
	at com.google.inject.internal.InternalFactoryToInitializableAdapter.get(InternalFactoryToInitializableAdapter.java:45)
	at com.google.inject.internal.SingleParameterInjector.inject(SingleParameterInjector.java:38)
	at com.google.inject.internal.SingleParameterInjector.getAll(SingleParameterInjector.java:62)
	at com.google.inject.internal.ProviderMethod$Factory.provision(ProviderMethod.java:402)
	at com.google.inject.internal.ProviderMethod$Factory.get(ProviderMethod.java:376)
	at com.google.inject.internal.ProviderToInternalFactoryAdapter$1.call(ProviderToInternalFactoryAdapter.java:46)
	at com.google.inject.internal.InjectorImpl.callInContext(InjectorImpl.java:1092)
	at com.google.inject.internal.ProviderToInternalFactoryAdapter.get(ProviderToInternalFactoryAdapter.java:40)
	at com.google.inject.internal.SingletonScope$1.get(SingletonScope.java:194)
	at com.google.inject.internal.InternalFactoryToProviderAdapter.get(InternalFactoryToProviderAdapter.java:41)
	at com.google.inject.internal.SingleFieldInjector.inject(SingleFieldInjector.java:54)
	at com.google.inject.internal.MembersInjectorImpl.injectMembers(MembersInjectorImpl.java:132)
	at com.google.inject.internal.ConstructorInjector.provision(ConstructorInjector.java:120)
	at com.google.inject.internal.ConstructorInjector.construct(ConstructorInjector.java:90)
	at com.google.inject.internal.ConstructorBindingImpl$Factory.get(ConstructorBindingImpl.java:268)
	at com.google.inject.internal.ProviderToInternalFactoryAdapter$1.call(ProviderToInternalFactoryAdapter.java:46)
	at com.google.inject.internal.InjectorImpl.callInContext(InjectorImpl.java:1092)
	at com.google.inject.internal.ProviderToInternalFactoryAdapter.get(ProviderToInternalFactoryAdapter.java:40)
	at com.google.inject.internal.SingletonScope$1.get(SingletonScope.java:194)
	at com.google.inject.internal.InternalFactoryToProviderAdapter.get(InternalFactoryToProviderAdapter.java:41)
	at com.google.inject.internal.SingleParameterInjector.inject(SingleParameterInjector.java:38)
	at com.google.inject.internal.SingleParameterInjector.getAll(SingleParameterInjector.java:62)
	at com.google.inject.internal.ProviderMethod$Factory.provision(ProviderMethod.java:402)
	at com.google.inject.internal.ProviderMethod$Factory.get(ProviderMethod.java:376)
	at com.google.inject.internal.ProviderToInternalFactoryAdapter$1.call(ProviderToInternalFactoryAdapter.java:46)
	at com.google.inject.internal.InjectorImpl.callInContext(InjectorImpl.java:1092)
	at com.google.inject.internal.ProviderToInternalFactoryAdapter.get(ProviderToInternalFactoryAdapter.java:40)
	at com.google.inject.internal.SingletonScope$1.get(SingletonScope.java:194)
	at com.google.inject.internal.InternalFactoryToProviderAdapter.get(InternalFactoryToProviderAdapter.java:41)
	at com.google.inject.internal.InjectorImpl$2$1.call(InjectorImpl.java:1019)
	at com.google.inject.internal.InjectorImpl.callInContext(InjectorImpl.java:1092)
	at com.google.inject.internal.InjectorImpl$2.get(InjectorImpl.java:1015)
	at com.google.inject.internal.InjectorImpl.getInstance(InjectorImpl.java:1054)
	at org.matsim.core.mobsim.qsim.QSimProvider.get(QSimProvider.java:75)
	at org.matsim.core.mobsim.qsim.QSimProvider.get(QSimProvider.java:41)
	at com.google.inject.internal.ProviderInternalFactory.provision(ProviderInternalFactory.java:81)
	at com.google.inject.internal.BoundProviderFactory.provision(BoundProviderFactory.java:72)
	at com.google.inject.internal.ProviderInternalFactory.circularGet(ProviderInternalFactory.java:61)
	at com.google.inject.internal.BoundProviderFactory.get(BoundProviderFactory.java:62)
	at com.google.inject.internal.InjectorImpl$2$1.call(InjectorImpl.java:1019)
	at com.google.inject.internal.InjectorImpl.callInContext(InjectorImpl.java:1085)
	at com.google.inject.internal.InjectorImpl$2.get(InjectorImpl.java:1015)
	... 51 more
2018-06-01 06:11:27,936 ERROR MatsimRuntimeModifications:78 ERROR --- MATSim unexpectedly terminated. Please check the output or the logfile with warnings and errors for hints.
2018-06-01 06:11:27,936 ERROR MatsimRuntimeModifications:79 ERROR --- results should not be used for further analysis.
2018-06-01 06:11:27,937 ERROR MatsimRuntimeModifications:83 ERROR --- This was an unexpected shutdown! See the log file for a possible reason.
</system-err>
  </testcase>
  <testcase classname="ch.ethz.idsc.amodeus.matsim.StandardMATSimScenarioTest" name="testStandardMATSimScenario[DemandSupplyBalancingDispatcher]" time="0.976">
    <error message="Unable to provision, see the following errors:

1) Error in custom provider, java.lang.NoClassDefFoundError: Could not initialize class org.gnu.glpk.GLPKJNI
  at ch.ethz.idsc.amodeus.matsim.StandardMATSimScenarioTest$2.provideTravelData(StandardMATSimScenarioTest.java:217) (via modules: com.google.inject.util.Modules$CombinedModule -&gt; com.google.inject.util.Modules$CombinedModule -&gt; org.matsim.core.controler.AbstractModule$4 -&gt; com.google.inject.util.Modules$OverrideModule -&gt; org.matsim.core.controler.AbstractModule$4 -&gt; com.google.inject.util.Modules$OverrideModule -&gt; org.matsim.core.controler.AbstractModule$4 -&gt; com.google.inject.util.Modules$OverrideModule -&gt; org.matsim.core.controler.AbstractModule$4 -&gt; com.google.inject.util.Modules$OverrideModule -&gt; org.matsim.core.controler.AbstractModule$4 -&gt; com.google.inject.util.Modules$OverrideModule -&gt; ch.ethz.idsc.amodeus.matsim.StandardMATSimScenarioTest$2)
  at ch.ethz.idsc.amodeus.matsim.StandardMATSimScenarioTest$2.provideTravelData(StandardMATSimScenarioTest.java:217) (via modules: com.google.inject.util.Modules$CombinedModule -&gt; com.google.inject.util.Modules$CombinedModule -&gt; org.matsim.core.controler.AbstractModule$4 -&gt; com.google.inject.util.Modules$OverrideModule -&gt; org.matsim.core.controler.AbstractModule$4 -&gt; com.google.inject.util.Modules$OverrideModule -&gt; org.matsim.core.controler.AbstractModule$4 -&gt; com.google.inject.util.Modules$OverrideModule -&gt; org.matsim.core.controler.AbstractModule$4 -&gt; com.google.inject.util.Modules$OverrideModule -&gt; org.matsim.core.controler.AbstractModule$4 -&gt; com.google.inject.util.Modules$OverrideModule -&gt; ch.ethz.idsc.amodeus.matsim.StandardMATSimScenarioTest$2)
  while locating ch.ethz.idsc.amodeus.traveldata.TravelData
    for field at ch.ethz.idsc.amodeus.dispatcher.FeedforwardFluidicRebalancingPolicy$Factory.travelData(FeedforwardFluidicRebalancingPolicy.java:162)
  while locating ch.ethz.idsc.amodeus.dispatcher.FeedforwardFluidicRebalancingPolicy$Factory
  while locating ch.ethz.matsim.av.dispatcher.AVDispatcher$AVDispatcherFactory annotated with @com.google.inject.multibindings.Element(setName=,uniqueId=298, type=MAPBINDER, keyType=java.lang.String)
  at ch.ethz.matsim.av.framework.AVUtils.bindDispatcherFactory(AVUtils.java:11) (via modules: com.google.inject.util.Modules$CombinedModule -&gt; com.google.inject.util.Modules$CombinedModule -&gt; org.matsim.core.controler.AbstractModule$4 -&gt; com.google.inject.util.Modules$OverrideModule -&gt; org.matsim.core.controler.AbstractModule$4 -&gt; com.google.inject.util.Modules$OverrideModule -&gt; org.matsim.core.controler.AbstractModule$4 -&gt; com.google.inject.util.Modules$OverrideModule -&gt; org.matsim.core.controler.AbstractModule$4 -&gt; com.google.inject.util.Modules$OverrideModule -&gt; org.matsim.core.controler.AbstractModule$4 -&gt; com.google.inject.util.Modules$OverrideModule -&gt; org.matsim.core.controler.AbstractModule$4 -&gt; com.google.inject.util.Modules$OverrideModule -&gt; org.matsim.core.controler.AbstractModule$4 -&gt; com.google.inject.util.Modules$OverrideModule -&gt; ch.ethz.idsc.amodeus.matsim.mod.AmodeusDispatcherModule -&gt; com.google.inject.multibindings.MapBinder$RealMapBinder)
  while locating java.util.Map&lt;java.lang.String, ch.ethz.matsim.av.dispatcher.AVDispatcher$AVDispatcherFactory&gt;
    for the 1st parameter of ch.ethz.matsim.av.framework.AVQSimModule.provideDispatchers(AVQSimModule.java:70)
  at ch.ethz.matsim.av.framework.AVQSimModule.provideDispatchers(AVQSimModule.java:70) (via modules: org.matsim.core.mobsim.qsim.QSimProvider$1 -&gt; ch.ethz.idsc.amodeus.matsim.mod.AmodeusQSimModule -&gt; com.google.inject.util.Modules$OverrideModule -&gt; ch.ethz.matsim.av.framework.AVQSimModule)
  while locating java.util.Map&lt;org.matsim.api.core.v01.Id&lt;ch.ethz.matsim.av.data.AVOperator&gt;, ch.ethz.matsim.av.dispatcher.AVDispatcher&gt;
    for field at ch.ethz.matsim.av.passenger.AVRequestCreator.dispatchers(AVRequestCreator.java:21)
  at ch.ethz.matsim.av.framework.AVQSimModule.configure(AVQSimModule.java:37) (via modules: org.matsim.core.mobsim.qsim.QSimProvider$1 -&gt; ch.ethz.idsc.amodeus.matsim.mod.AmodeusQSimModule -&gt; com.google.inject.util.Modules$OverrideModule -&gt; ch.ethz.matsim.av.framework.AVQSimModule)
  while locating ch.ethz.matsim.av.passenger.AVRequestCreator
    for the 2nd parameter of ch.ethz.matsim.av.framework.AVQSimModule.providePassengerEngine(AVQSimModule.java:48)
  at ch.ethz.matsim.av.framework.AVQSimModule.providePassengerEngine(AVQSimModule.java:48) (via modules: org.matsim.core.mobsim.qsim.QSimProvider$1 -&gt; ch.ethz.idsc.amodeus.matsim.mod.AmodeusQSimModule -&gt; com.google.inject.util.Modules$OverrideModule -&gt; ch.ethz.matsim.av.framework.AVQSimModule)
  while locating org.matsim.contrib.dvrp.passenger.PassengerEngine
  while locating org.matsim.core.mobsim.qsim.QSimProvider
  while locating org.matsim.core.mobsim.framework.Mobsim

2) Error in custom provider, java.lang.NoClassDefFoundError: Could not initialize class org.gnu.glpk.GLPKJNI
  at ch.ethz.idsc.amodeus.matsim.StandardMATSimScenarioTest$2.provideTravelData(StandardMATSimScenarioTest.java:217) (via modules: com.google.inject.util.Modules$CombinedModule -&gt; com.google.inject.util.Modules$CombinedModule -&gt; org.matsim.core.controler.AbstractModule$4 -&gt; com.google.inject.util.Modules$OverrideModule -&gt; org.matsim.core.controler.AbstractModule$4 -&gt; com.google.inject.util.Modules$OverrideModule -&gt; org.matsim.core.controler.AbstractModule$4 -&gt; com.google.inject.util.Modules$OverrideModule -&gt; org.matsim.core.controler.AbstractModule$4 -&gt; com.google.inject.util.Modules$OverrideModule -&gt; org.matsim.core.controler.AbstractModule$4 -&gt; com.google.inject.util.Modules$OverrideModule -&gt; ch.ethz.idsc.amodeus.matsim.StandardMATSimScenarioTest$2)
  at ch.ethz.idsc.amodeus.matsim.StandardMATSimScenarioTest$2.provideTravelData(StandardMATSimScenarioTest.java:217) (via modules: com.google.inject.util.Modules$CombinedModule -&gt; com.google.inject.util.Modules$CombinedModule -&gt; org.matsim.core.controler.AbstractModule$4 -&gt; com.google.inject.util.Modules$OverrideModule -&gt; org.matsim.core.controler.AbstractModule$4 -&gt; com.google.inject.util.Modules$OverrideModule -&gt; org.matsim.core.controler.AbstractModule$4 -&gt; com.google.inject.util.Modules$OverrideModule -&gt; org.matsim.core.controler.AbstractModule$4 -&gt; com.google.inject.util.Modules$OverrideModule -&gt; org.matsim.core.controler.AbstractModule$4 -&gt; com.google.inject.util.Modules$OverrideModule -&gt; ch.ethz.idsc.amodeus.matsim.StandardMATSimScenarioTest$2)
  while locating ch.ethz.idsc.amodeus.traveldata.TravelData
    for field at ch.ethz.idsc.amodeus.dispatcher.FeedforwardFluidicRebalancingPolicy$Factory.travelData(FeedforwardFluidicRebalancingPolicy.java:162)
  while locating ch.ethz.idsc.amodeus.dispatcher.FeedforwardFluidicRebalancingPolicy$Factory
  while locating ch.ethz.matsim.av.dispatcher.AVDispatcher$AVDispatcherFactory annotated with @com.google.inject.multibindings.Element(setName=,uniqueId=298, type=MAPBINDER, keyType=java.lang.String)
  at ch.ethz.matsim.av.framework.AVUtils.bindDispatcherFactory(AVUtils.java:11) (via modules: com.google.inject.util.Modules$CombinedModule -&gt; com.google.inject.util.Modules$CombinedModule -&gt; org.matsim.core.controler.AbstractModule$4 -&gt; com.google.inject.util.Modules$OverrideModule -&gt; org.matsim.core.controler.AbstractModule$4 -&gt; com.google.inject.util.Modules$OverrideModule -&gt; org.matsim.core.controler.AbstractModule$4 -&gt; com.google.inject.util.Modules$OverrideModule -&gt; org.matsim.core.controler.AbstractModule$4 -&gt; com.google.inject.util.Modules$OverrideModule -&gt; org.matsim.core.controler.AbstractModule$4 -&gt; com.google.inject.util.Modules$OverrideModule -&gt; org.matsim.core.controler.AbstractModule$4 -&gt; com.google.inject.util.Modules$OverrideModule -&gt; org.matsim.core.controler.AbstractModule$4 -&gt; com.google.inject.util.Modules$OverrideModule -&gt; ch.ethz.idsc.amodeus.matsim.mod.AmodeusDispatcherModule -&gt; com.google.inject.multibindings.MapBinder$RealMapBinder)
  while locating java.util.Map&lt;java.lang.String, ch.ethz.matsim.av.dispatcher.AVDispatcher$AVDispatcherFactory&gt;
    for the 1st parameter of ch.ethz.matsim.av.framework.AVQSimModule.provideDispatchers(AVQSimModule.java:70)
  at ch.ethz.matsim.av.framework.AVQSimModule.provideDispatchers(AVQSimModule.java:70) (via modules: org.matsim.core.mobsim.qsim.QSimProvider$1 -&gt; ch.ethz.idsc.amodeus.matsim.mod.AmodeusQSimModule -&gt; com.google.inject.util.Modules$OverrideModule -&gt; ch.ethz.matsim.av.framework.AVQSimModule)
  while locating java.util.Map&lt;org.matsim.api.core.v01.Id&lt;ch.ethz.matsim.av.data.AVOperator&gt;, ch.ethz.matsim.av.dispatcher.AVDispatcher&gt;
    for field at ch.ethz.matsim.av.schedule.AVOptimizer.dispatchers(AVOptimizer.java:32)
  at ch.ethz.matsim.av.framework.AVQSimModule.configure(AVQSimModule.java:35) (via modules: org.matsim.core.mobsim.qsim.QSimProvider$1 -&gt; ch.ethz.idsc.amodeus.matsim.mod.AmodeusQSimModule -&gt; com.google.inject.util.Modules$OverrideModule -&gt; ch.ethz.matsim.av.framework.AVQSimModule)
  while locating ch.ethz.matsim.av.schedule.AVOptimizer
    for the 3rd parameter of ch.ethz.matsim.av.framework.AVQSimModule.providePassengerEngine(AVQSimModule.java:48)
  at ch.ethz.matsim.av.framework.AVQSimModule.providePassengerEngine(AVQSimModule.java:48) (via modules: org.matsim.core.mobsim.qsim.QSimProvider$1 -&gt; ch.ethz.idsc.amodeus.matsim.mod.AmodeusQSimModule -&gt; com.google.inject.util.Modules$OverrideModule -&gt; ch.ethz.matsim.av.framework.AVQSimModule)
  while locating org.matsim.contrib.dvrp.passenger.PassengerEngine
  while locating org.matsim.core.mobsim.qsim.QSimProvider
  while locating org.matsim.core.mobsim.framework.Mobsim

2 errors" type="com.google.inject.ProvisionException">com.google.inject.ProvisionException: Unable to provision, see the following errors:

1) Error in custom provider, java.lang.NoClassDefFoundError: Could not initialize class org.gnu.glpk.GLPKJNI
  at ch.ethz.idsc.amodeus.matsim.StandardMATSimScenarioTest$2.provideTravelData(StandardMATSimScenarioTest.java:217) (via modules: com.google.inject.util.Modules$CombinedModule -&gt; com.google.inject.util.Modules$CombinedModule -&gt; org.matsim.core.controler.AbstractModule$4 -&gt; com.google.inject.util.Modules$OverrideModule -&gt; org.matsim.core.controler.AbstractModule$4 -&gt; com.google.inject.util.Modules$OverrideModule -&gt; org.matsim.core.controler.AbstractModule$4 -&gt; com.google.inject.util.Modules$OverrideModule -&gt; org.matsim.core.controler.AbstractModule$4 -&gt; com.google.inject.util.Modules$OverrideModule -&gt; org.matsim.core.controler.AbstractModule$4 -&gt; com.google.inject.util.Modules$OverrideModule -&gt; ch.ethz.idsc.amodeus.matsim.StandardMATSimScenarioTest$2)
  at ch.ethz.idsc.amodeus.matsim.StandardMATSimScenarioTest$2.provideTravelData(StandardMATSimScenarioTest.java:217) (via modules: com.google.inject.util.Modules$CombinedModule -&gt; com.google.inject.util.Modules$CombinedModule -&gt; org.matsim.core.controler.AbstractModule$4 -&gt; com.google.inject.util.Modules$OverrideModule -&gt; org.matsim.core.controler.AbstractModule$4 -&gt; com.google.inject.util.Modules$OverrideModule -&gt; org.matsim.core.controler.AbstractModule$4 -&gt; com.google.inject.util.Modules$OverrideModule -&gt; org.matsim.core.controler.AbstractModule$4 -&gt; com.google.inject.util.Modules$OverrideModule -&gt; org.matsim.core.controler.AbstractModule$4 -&gt; com.google.inject.util.Modules$OverrideModule -&gt; ch.ethz.idsc.amodeus.matsim.StandardMATSimScenarioTest$2)
  while locating ch.ethz.idsc.amodeus.traveldata.TravelData
    for field at ch.ethz.idsc.amodeus.dispatcher.FeedforwardFluidicRebalancingPolicy$Factory.travelData(FeedforwardFluidicRebalancingPolicy.java:162)
  while locating ch.ethz.idsc.amodeus.dispatcher.FeedforwardFluidicRebalancingPolicy$Factory
  while locating ch.ethz.matsim.av.dispatcher.AVDispatcher$AVDispatcherFactory annotated with @com.google.inject.multibindings.Element(setName=,uniqueId=298, type=MAPBINDER, keyType=java.lang.String)
  at ch.ethz.matsim.av.framework.AVUtils.bindDispatcherFactory(AVUtils.java:11) (via modules: com.google.inject.util.Modules$CombinedModule -&gt; com.google.inject.util.Modules$CombinedModule -&gt; org.matsim.core.controler.AbstractModule$4 -&gt; com.google.inject.util.Modules$OverrideModule -&gt; org.matsim.core.controler.AbstractModule$4 -&gt; com.google.inject.util.Modules$OverrideModule -&gt; org.matsim.core.controler.AbstractModule$4 -&gt; com.google.inject.util.Modules$OverrideModule -&gt; org.matsim.core.controler.AbstractModule$4 -&gt; com.google.inject.util.Modules$OverrideModule -&gt; org.matsim.core.controler.AbstractModule$4 -&gt; com.google.inject.util.Modules$OverrideModule -&gt; org.matsim.core.controler.AbstractModule$4 -&gt; com.google.inject.util.Modules$OverrideModule -&gt; org.matsim.core.controler.AbstractModule$4 -&gt; com.google.inject.util.Modules$OverrideModule -&gt; ch.ethz.idsc.amodeus.matsim.mod.AmodeusDispatcherModule -&gt; com.google.inject.multibindings.MapBinder$RealMapBinder)
  while locating java.util.Map&lt;java.lang.String, ch.ethz.matsim.av.dispatcher.AVDispatcher$AVDispatcherFactory&gt;
    for the 1st parameter of ch.ethz.matsim.av.framework.AVQSimModule.provideDispatchers(AVQSimModule.java:70)
  at ch.ethz.matsim.av.framework.AVQSimModule.provideDispatchers(AVQSimModule.java:70) (via modules: org.matsim.core.mobsim.qsim.QSimProvider$1 -&gt; ch.ethz.idsc.amodeus.matsim.mod.AmodeusQSimModule -&gt; com.google.inject.util.Modules$OverrideModule -&gt; ch.ethz.matsim.av.framework.AVQSimModule)
  while locating java.util.Map&lt;org.matsim.api.core.v01.Id&lt;ch.ethz.matsim.av.data.AVOperator&gt;, ch.ethz.matsim.av.dispatcher.AVDispatcher&gt;
    for field at ch.ethz.matsim.av.passenger.AVRequestCreator.dispatchers(AVRequestCreator.java:21)
  at ch.ethz.matsim.av.framework.AVQSimModule.configure(AVQSimModule.java:37) (via modules: org.matsim.core.mobsim.qsim.QSimProvider$1 -&gt; ch.ethz.idsc.amodeus.matsim.mod.AmodeusQSimModule -&gt; com.google.inject.util.Modules$OverrideModule -&gt; ch.ethz.matsim.av.framework.AVQSimModule)
  while locating ch.ethz.matsim.av.passenger.AVRequestCreator
    for the 2nd parameter of ch.ethz.matsim.av.framework.AVQSimModule.providePassengerEngine(AVQSimModule.java:48)
  at ch.ethz.matsim.av.framework.AVQSimModule.providePassengerEngine(AVQSimModule.java:48) (via modules: org.matsim.core.mobsim.qsim.QSimProvider$1 -&gt; ch.ethz.idsc.amodeus.matsim.mod.AmodeusQSimModule -&gt; com.google.inject.util.Modules$OverrideModule -&gt; ch.ethz.matsim.av.framework.AVQSimModule)
  while locating org.matsim.contrib.dvrp.passenger.PassengerEngine
  while locating org.matsim.core.mobsim.qsim.QSimProvider
  while locating org.matsim.core.mobsim.framework.Mobsim

2) Error in custom provider, java.lang.NoClassDefFoundError: Could not initialize class org.gnu.glpk.GLPKJNI
  at ch.ethz.idsc.amodeus.matsim.StandardMATSimScenarioTest$2.provideTravelData(StandardMATSimScenarioTest.java:217) (via modules: com.google.inject.util.Modules$CombinedModule -&gt; com.google.inject.util.Modules$CombinedModule -&gt; org.matsim.core.controler.AbstractModule$4 -&gt; com.google.inject.util.Modules$OverrideModule -&gt; org.matsim.core.controler.AbstractModule$4 -&gt; com.google.inject.util.Modules$OverrideModule -&gt; org.matsim.core.controler.AbstractModule$4 -&gt; com.google.inject.util.Modules$OverrideModule -&gt; org.matsim.core.controler.AbstractModule$4 -&gt; com.google.inject.util.Modules$OverrideModule -&gt; org.matsim.core.controler.AbstractModule$4 -&gt; com.google.inject.util.Modules$OverrideModule -&gt; ch.ethz.idsc.amodeus.matsim.StandardMATSimScenarioTest$2)
  at ch.ethz.idsc.amodeus.matsim.StandardMATSimScenarioTest$2.provideTravelData(StandardMATSimScenarioTest.java:217) (via modules: com.google.inject.util.Modules$CombinedModule -&gt; com.google.inject.util.Modules$CombinedModule -&gt; org.matsim.core.controler.AbstractModule$4 -&gt; com.google.inject.util.Modules$OverrideModule -&gt; org.matsim.core.controler.AbstractModule$4 -&gt; com.google.inject.util.Modules$OverrideModule -&gt; org.matsim.core.controler.AbstractModule$4 -&gt; com.google.inject.util.Modules$OverrideModule -&gt; org.matsim.core.controler.AbstractModule$4 -&gt; com.google.inject.util.Modules$OverrideModule -&gt; org.matsim.core.controler.AbstractModule$4 -&gt; com.google.inject.util.Modules$OverrideModule -&gt; ch.ethz.idsc.amodeus.matsim.StandardMATSimScenarioTest$2)
  while locating ch.ethz.idsc.amodeus.traveldata.TravelData
    for field at ch.ethz.idsc.amodeus.dispatcher.FeedforwardFluidicRebalancingPolicy$Factory.travelData(FeedforwardFluidicRebalancingPolicy.java:162)
  while locating ch.ethz.idsc.amodeus.dispatcher.FeedforwardFluidicRebalancingPolicy$Factory
  while locating ch.ethz.matsim.av.dispatcher.AVDispatcher$AVDispatcherFactory annotated with @com.google.inject.multibindings.Element(setName=,uniqueId=298, type=MAPBINDER, keyType=java.lang.String)
  at ch.ethz.matsim.av.framework.AVUtils.bindDispatcherFactory(AVUtils.java:11) (via modules: com.google.inject.util.Modules$CombinedModule -&gt; com.google.inject.util.Modules$CombinedModule -&gt; org.matsim.core.controler.AbstractModule$4 -&gt; com.google.inject.util.Modules$OverrideModule -&gt; org.matsim.core.controler.AbstractModule$4 -&gt; com.google.inject.util.Modules$OverrideModule -&gt; org.matsim.core.controler.AbstractModule$4 -&gt; com.google.inject.util.Modules$OverrideModule -&gt; org.matsim.core.controler.AbstractModule$4 -&gt; com.google.inject.util.Modules$OverrideModule -&gt; org.matsim.core.controler.AbstractModule$4 -&gt; com.google.inject.util.Modules$OverrideModule -&gt; org.matsim.core.controler.AbstractModule$4 -&gt; com.google.inject.util.Modules$OverrideModule -&gt; org.matsim.core.controler.AbstractModule$4 -&gt; com.google.inject.util.Modules$OverrideModule -&gt; ch.ethz.idsc.amodeus.matsim.mod.AmodeusDispatcherModule -&gt; com.google.inject.multibindings.MapBinder$RealMapBinder)
  while locating java.util.Map&lt;java.lang.String, ch.ethz.matsim.av.dispatcher.AVDispatcher$AVDispatcherFactory&gt;
    for the 1st parameter of ch.ethz.matsim.av.framework.AVQSimModule.provideDispatchers(AVQSimModule.java:70)
  at ch.ethz.matsim.av.framework.AVQSimModule.provideDispatchers(AVQSimModule.java:70) (via modules: org.matsim.core.mobsim.qsim.QSimProvider$1 -&gt; ch.ethz.idsc.amodeus.matsim.mod.AmodeusQSimModule -&gt; com.google.inject.util.Modules$OverrideModule -&gt; ch.ethz.matsim.av.framework.AVQSimModule)
  while locating java.util.Map&lt;org.matsim.api.core.v01.Id&lt;ch.ethz.matsim.av.data.AVOperator&gt;, ch.ethz.matsim.av.dispatcher.AVDispatcher&gt;
    for field at ch.ethz.matsim.av.schedule.AVOptimizer.dispatchers(AVOptimizer.java:32)
  at ch.ethz.matsim.av.framework.AVQSimModule.configure(AVQSimModule.java:35) (via modules: org.matsim.core.mobsim.qsim.QSimProvider$1 -&gt; ch.ethz.idsc.amodeus.matsim.mod.AmodeusQSimModule -&gt; com.google.inject.util.Modules$OverrideModule -&gt; ch.ethz.matsim.av.framework.AVQSimModule)
  while locating ch.ethz.matsim.av.schedule.AVOptimizer
    for the 3rd parameter of ch.ethz.matsim.av.framework.AVQSimModule.providePassengerEngine(AVQSimModule.java:48)
  at ch.ethz.matsim.av.framework.AVQSimModule.providePassengerEngine(AVQSimModule.java:48) (via modules: org.matsim.core.mobsim.qsim.QSimProvider$1 -&gt; ch.ethz.idsc.amodeus.matsim.mod.AmodeusQSimModule -&gt; com.google.inject.util.Modules$OverrideModule -&gt; ch.ethz.matsim.av.framework.AVQSimModule)
  while locating org.matsim.contrib.dvrp.passenger.PassengerEngine
  while locating org.matsim.core.mobsim.qsim.QSimProvider
  while locating org.matsim.core.mobsim.framework.Mobsim

2 errors
	at com.google.inject.internal.InjectorImpl$2.get(InjectorImpl.java:1028)
	at org.matsim.core.controler.NewControler.runMobSim(NewControler.java:111)
	at org.matsim.core.controler.AbstractController$7.run(AbstractController.java:199)
	at org.matsim.core.controler.AbstractController.iterationStep(AbstractController.java:231)
	at org.matsim.core.controler.AbstractController.mobsim(AbstractController.java:195)
	at org.matsim.core.controler.AbstractController.iteration(AbstractController.java:154)
	at org.matsim.core.controler.AbstractController.doIterations(AbstractController.java:121)
	at org.matsim.core.controler.AbstractController.access$000(AbstractController.java:29)
	at org.matsim.core.controler.AbstractController$1.run(AbstractController.java:91)
	at org.matsim.core.controler.MatsimRuntimeModifications.run(MatsimRuntimeModifications.java:48)
	at org.matsim.core.controler.MatsimRuntimeModifications.run(MatsimRuntimeModifications.java:31)
	at org.matsim.core.controler.AbstractController.run(AbstractController.java:99)
	at org.matsim.core.controler.NewControler.run(NewControler.java:75)
	at org.matsim.core.controler.Controler.run(Controler.java:202)
	at ch.ethz.idsc.amodeus.matsim.StandardMATSimScenarioTest.testStandardMATSimScenario(StandardMATSimScenarioTest.java:263)
	at sun.reflect.NativeMethodAccessorImpl.invoke0(Native Method)
	at sun.reflect.NativeMethodAccessorImpl.invoke(NativeMethodAccessorImpl.java:62)
	at sun.reflect.DelegatingMethodAccessorImpl.invoke(DelegatingMethodAccessorImpl.java:43)
	at java.lang.reflect.Method.invoke(Method.java:498)
	at org.junit.runners.model.FrameworkMethod$1.runReflectiveCall(FrameworkMethod.java:50)
	at org.junit.internal.runners.model.ReflectiveCallable.run(ReflectiveCallable.java:12)
	at org.junit.runners.model.FrameworkMethod.invokeExplosively(FrameworkMethod.java:47)
	at org.junit.internal.runners.statements.InvokeMethod.evaluate(InvokeMethod.java:17)
	at org.junit.runners.ParentRunner.runLeaf(ParentRunner.java:325)
	at org.junit.runners.BlockJUnit4ClassRunner.runChild(BlockJUnit4ClassRunner.java:78)
	at org.junit.runners.BlockJUnit4ClassRunner.runChild(BlockJUnit4ClassRunner.java:57)
	at org.junit.runners.ParentRunner$3.run(ParentRunner.java:290)
	at org.junit.runners.ParentRunner$1.schedule(ParentRunner.java:71)
	at org.junit.runners.ParentRunner.runChildren(ParentRunner.java:288)
	at org.junit.runners.ParentRunner.access$000(ParentRunner.java:58)
	at org.junit.runners.ParentRunner$2.evaluate(ParentRunner.java:268)
	at org.junit.runners.ParentRunner.run(ParentRunner.java:363)
	at org.junit.runners.Suite.runChild(Suite.java:128)
	at org.junit.runners.Suite.runChild(Suite.java:27)
	at org.junit.runners.ParentRunner$3.run(ParentRunner.java:290)
	at org.junit.runners.ParentRunner$1.schedule(ParentRunner.java:71)
	at org.junit.runners.ParentRunner.runChildren(ParentRunner.java:288)
	at org.junit.runners.ParentRunner.access$000(ParentRunner.java:58)
	at org.junit.runners.ParentRunner$2.evaluate(ParentRunner.java:268)
	at org.junit.runners.ParentRunner.run(ParentRunner.java:363)
	at org.apache.maven.surefire.junit4.JUnit4Provider.execute(JUnit4Provider.java:252)
	at org.apache.maven.surefire.junit4.JUnit4Provider.executeTestSet(JUnit4Provider.java:141)
	at org.apache.maven.surefire.junit4.JUnit4Provider.invoke(JUnit4Provider.java:112)
	at sun.reflect.NativeMethodAccessorImpl.invoke0(Native Method)
	at sun.reflect.NativeMethodAccessorImpl.invoke(NativeMethodAccessorImpl.java:62)
	at sun.reflect.DelegatingMethodAccessorImpl.invoke(DelegatingMethodAccessorImpl.java:43)
	at java.lang.reflect.Method.invoke(Method.java:498)
	at org.apache.maven.surefire.util.ReflectionUtils.invokeMethodWithArray(ReflectionUtils.java:189)
	at org.apache.maven.surefire.booter.ProviderFactory$ProviderProxy.invoke(ProviderFactory.java:165)
	at org.apache.maven.surefire.booter.ProviderFactory.invokeProvider(ProviderFactory.java:85)
	at org.apache.maven.surefire.booter.ForkedBooter.runSuitesInProcess(ForkedBooter.java:115)
	at org.apache.maven.surefire.booter.ForkedBooter.main(ForkedBooter.java:75)
Caused by: java.lang.NoClassDefFoundError: Could not initialize class org.gnu.glpk.GLPKJNI
	at org.gnu.glpk.glp_smcp.&lt;init&gt;(glp_smcp.java:168)
	at ch.ethz.idsc.amodeus.dispatcher.util.LPVehicleRebalancing.&lt;init&gt;(LPVehicleRebalancing.java:31)
	at ch.ethz.idsc.amodeus.traveldata.TravelData.&lt;init&gt;(TravelData.java:150)
	at ch.ethz.idsc.amodeus.matsim.StandardMATSimScenarioTest$2.provideTravelData(StandardMATSimScenarioTest.java:217)
	at ch.ethz.idsc.amodeus.matsim.StandardMATSimScenarioTest$2$$FastClassByGuice$$18c5fb10.invoke(&lt;generated&gt;)
	at com.google.inject.internal.ProviderMethod$FastClassProviderMethod.doProvision(ProviderMethod.java:264)
	at com.google.inject.internal.ProviderMethod$Factory.provision(ProviderMethod.java:401)
	at com.google.inject.internal.ProviderMethod$Factory.get(ProviderMethod.java:376)
	at com.google.inject.internal.ProviderToInternalFactoryAdapter$1.call(ProviderToInternalFactoryAdapter.java:46)
	at com.google.inject.internal.InjectorImpl.callInContext(InjectorImpl.java:1092)
	at com.google.inject.internal.ProviderToInternalFactoryAdapter.get(ProviderToInternalFactoryAdapter.java:40)
	at com.google.inject.internal.SingletonScope$1.get(SingletonScope.java:194)
	at com.google.inject.internal.InternalFactoryToProviderAdapter.get(InternalFactoryToProviderAdapter.java:41)
	at com.google.inject.internal.SingleFieldInjector.inject(SingleFieldInjector.java:54)
	at com.google.inject.internal.MembersInjectorImpl.injectMembers(MembersInjectorImpl.java:132)
	at com.google.inject.internal.ConstructorInjector.provision(ConstructorInjector.java:120)
	at com.google.inject.internal.ConstructorInjector.construct(ConstructorInjector.java:90)
	at com.google.inject.internal.ConstructorBindingImpl$Factory.get(ConstructorBindingImpl.java:268)
	at com.google.inject.internal.FactoryProxy.get(FactoryProxy.java:56)
	at com.google.inject.internal.InjectorImpl$2$1.call(InjectorImpl.java:1019)
	at com.google.inject.internal.InjectorImpl.callInContext(InjectorImpl.java:1092)
	at com.google.inject.internal.InjectorImpl$2.get(InjectorImpl.java:1015)
	at com.google.inject.spi.ProviderLookup$1.get(ProviderLookup.java:104)
	at com.google.inject.spi.ProviderLookup$1.get(ProviderLookup.java:104)
	at com.google.inject.spi.ProviderLookup$1.get(ProviderLookup.java:104)
	at com.google.inject.spi.ProviderLookup$1.get(ProviderLookup.java:104)
	at com.google.inject.spi.ProviderLookup$1.get(ProviderLookup.java:104)
	at com.google.inject.spi.ProviderLookup$1.get(ProviderLookup.java:104)
	at com.google.inject.spi.ProviderLookup$1.get(ProviderLookup.java:104)
	at com.google.inject.spi.ProviderLookup$1.get(ProviderLookup.java:104)
	at com.google.inject.multibindings.MapBinder$RealMapBinder$ValueProvider.get(MapBinder.java:821)
	at com.google.inject.multibindings.MapBinder$RealMapBinder$RealMapProvider.get(MapBinder.java:605)
	at com.google.inject.multibindings.MapBinder$RealMapBinder$RealMapProvider.get(MapBinder.java:586)
	at com.google.inject.internal.ProviderInternalFactory.provision(ProviderInternalFactory.java:81)
	at com.google.inject.internal.InternalFactoryToInitializableAdapter.provision(InternalFactoryToInitializableAdapter.java:53)
	at com.google.inject.internal.ProviderInternalFactory.circularGet(ProviderInternalFactory.java:61)
	at com.google.inject.internal.InternalFactoryToInitializableAdapter.get(InternalFactoryToInitializableAdapter.java:45)
	at com.google.inject.internal.SingleParameterInjector.inject(SingleParameterInjector.java:38)
	at com.google.inject.internal.SingleParameterInjector.getAll(SingleParameterInjector.java:62)
	at com.google.inject.internal.ProviderMethod$Factory.provision(ProviderMethod.java:402)
	at com.google.inject.internal.ProviderMethod$Factory.get(ProviderMethod.java:376)
	at com.google.inject.internal.ProviderToInternalFactoryAdapter$1.call(ProviderToInternalFactoryAdapter.java:46)
	at com.google.inject.internal.InjectorImpl.callInContext(InjectorImpl.java:1092)
	at com.google.inject.internal.ProviderToInternalFactoryAdapter.get(ProviderToInternalFactoryAdapter.java:40)
	at com.google.inject.internal.SingletonScope$1.get(SingletonScope.java:194)
	at com.google.inject.internal.InternalFactoryToProviderAdapter.get(InternalFactoryToProviderAdapter.java:41)
	at com.google.inject.internal.SingleFieldInjector.inject(SingleFieldInjector.java:54)
	at com.google.inject.internal.MembersInjectorImpl.injectMembers(MembersInjectorImpl.java:132)
	at com.google.inject.internal.ConstructorInjector.provision(ConstructorInjector.java:120)
	at com.google.inject.internal.ConstructorInjector.construct(ConstructorInjector.java:90)
	at com.google.inject.internal.ConstructorBindingImpl$Factory.get(ConstructorBindingImpl.java:268)
	at com.google.inject.internal.ProviderToInternalFactoryAdapter$1.call(ProviderToInternalFactoryAdapter.java:46)
	at com.google.inject.internal.InjectorImpl.callInContext(InjectorImpl.java:1092)
	at com.google.inject.internal.ProviderToInternalFactoryAdapter.get(ProviderToInternalFactoryAdapter.java:40)
	at com.google.inject.internal.SingletonScope$1.get(SingletonScope.java:194)
	at com.google.inject.internal.InternalFactoryToProviderAdapter.get(InternalFactoryToProviderAdapter.java:41)
	at com.google.inject.internal.SingleParameterInjector.inject(SingleParameterInjector.java:38)
	at com.google.inject.internal.SingleParameterInjector.getAll(SingleParameterInjector.java:62)
	at com.google.inject.internal.ProviderMethod$Factory.provision(ProviderMethod.java:402)
	at com.google.inject.internal.ProviderMethod$Factory.get(ProviderMethod.java:376)
	at com.google.inject.internal.ProviderToInternalFactoryAdapter$1.call(ProviderToInternalFactoryAdapter.java:46)
	at com.google.inject.internal.InjectorImpl.callInContext(InjectorImpl.java:1092)
	at com.google.inject.internal.ProviderToInternalFactoryAdapter.get(ProviderToInternalFactoryAdapter.java:40)
	at com.google.inject.internal.SingletonScope$1.get(SingletonScope.java:194)
	at com.google.inject.internal.InternalFactoryToProviderAdapter.get(InternalFactoryToProviderAdapter.java:41)
	at com.google.inject.internal.InjectorImpl$2$1.call(InjectorImpl.java:1019)
	at com.google.inject.internal.InjectorImpl.callInContext(InjectorImpl.java:1092)
	at com.google.inject.internal.InjectorImpl$2.get(InjectorImpl.java:1015)
	at com.google.inject.internal.InjectorImpl.getInstance(InjectorImpl.java:1054)
	at org.matsim.core.mobsim.qsim.QSimProvider.get(QSimProvider.java:75)
	at org.matsim.core.mobsim.qsim.QSimProvider.get(QSimProvider.java:41)
	at com.google.inject.internal.ProviderInternalFactory.provision(ProviderInternalFactory.java:81)
	at com.google.inject.internal.BoundProviderFactory.provision(BoundProviderFactory.java:72)
	at com.google.inject.internal.ProviderInternalFactory.circularGet(ProviderInternalFactory.java:61)
	at com.google.inject.internal.BoundProviderFactory.get(BoundProviderFactory.java:62)
	at com.google.inject.internal.InjectorImpl$2$1.call(InjectorImpl.java:1019)
	at com.google.inject.internal.InjectorImpl.callInContext(InjectorImpl.java:1085)
	at com.google.inject.internal.InjectorImpl$2.get(InjectorImpl.java:1015)
	... 51 more
</error>
    <system-out>2018-06-01 06:11:27,954  INFO Config:563 setting context to [file:/root/workspace/idsc-frazzoli/amodeus/386486391/]
2018-06-01 06:11:27,958  INFO NetworkImpl:156  node # 1
2018-06-01 06:11:27,958  INFO NetworkImpl:156  node # 2
2018-06-01 06:11:27,959  INFO NetworkImpl:156  node # 4
2018-06-01 06:11:27,959  INFO NetworkImpl:156  node # 8
2018-06-01 06:11:27,960  INFO NetworkImpl:156  node # 16
2018-06-01 06:11:27,961  INFO NetworkImpl:156  node # 32
2018-06-01 06:11:27,962  INFO NetworkImpl:156  node # 64
2018-06-01 06:11:27,963  INFO NetworkImpl:152  link # 1
2018-06-01 06:11:27,963  INFO NetworkImpl:152  link # 2
2018-06-01 06:11:27,964  INFO NetworkImpl:152  link # 4
2018-06-01 06:11:27,965  INFO NetworkImpl:152  link # 8
2018-06-01 06:11:27,966  INFO NetworkImpl:152  link # 16
2018-06-01 06:11:27,968  INFO NetworkImpl:152  link # 32
2018-06-01 06:11:27,972  INFO NetworkImpl:152  link # 64
2018-06-01 06:11:27,976  INFO NetworkImpl:152  link # 128
2018-06-01 06:11:27,983  INFO NetworkImpl:152  link # 256
2018-06-01 06:11:27,989  INFO PopulationImpl:112  person # 1
2018-06-01 06:11:27,990  INFO PopulationImpl:112  person # 2
2018-06-01 06:11:27,991  INFO PopulationImpl:112  person # 4
2018-06-01 06:11:27,991  INFO PopulationImpl:112  person # 8
2018-06-01 06:11:27,992  INFO PopulationImpl:112  person # 16
2018-06-01 06:11:27,993  INFO PopulationImpl:112  person # 32
2018-06-01 06:11:27,994  INFO PopulationImpl:112  person # 64
2018-06-01 06:11:27,996  INFO NetworkImpl:156  node # 1
2018-06-01 06:11:27,997  INFO NetworkImpl:156  node # 2
2018-06-01 06:11:27,997  INFO NetworkImpl:156  node # 4
2018-06-01 06:11:27,998  INFO NetworkImpl:156  node # 8
2018-06-01 06:11:27,998  INFO NetworkImpl:156  node # 16
2018-06-01 06:11:27,998  INFO NetworkImpl:156  node # 32
2018-06-01 06:11:27,999  INFO NetworkImpl:156  node # 64
2018-06-01 06:11:27,999  INFO NetworkImpl:152  link # 1
2018-06-01 06:11:28,000  INFO NetworkImpl:152  link # 2
2018-06-01 06:11:28,000  INFO NetworkImpl:152  link # 4
2018-06-01 06:11:28,001  INFO NetworkImpl:152  link # 8
2018-06-01 06:11:28,001  INFO NetworkImpl:152  link # 16
2018-06-01 06:11:28,002  INFO NetworkImpl:152  link # 32
2018-06-01 06:11:28,002  INFO NetworkImpl:152  link # 64
2018-06-01 06:11:28,003  INFO NetworkImpl:152  link # 128
2018-06-01 06:11:28,005  INFO NetworkImpl:152  link # 256
2018-06-01 06:11:28,557  INFO EventsManagerImpl:144 adding Event-Handler: org.matsim.core.trafficmonitoring.TravelTimeCalculator
2018-06-01 06:11:28,557  INFO EventsManagerImpl:148   org.matsim.api.core.v01.events.handler.LinkEnterEventHandler
2018-06-01 06:11:28,558  INFO EventsManagerImpl:207     &gt; org.matsim.api.core.v01.events.LinkEnterEvent
2018-06-01 06:11:28,558  INFO EventsManagerImpl:148   org.matsim.api.core.v01.events.handler.LinkLeaveEventHandler
2018-06-01 06:11:28,558  INFO EventsManagerImpl:207     &gt; org.matsim.api.core.v01.events.LinkLeaveEvent
2018-06-01 06:11:28,559  INFO EventsManagerImpl:148   org.matsim.api.core.v01.events.handler.VehicleEntersTrafficEventHandler
2018-06-01 06:11:28,559  INFO EventsManagerImpl:207     &gt; org.matsim.api.core.v01.events.VehicleEntersTrafficEvent
2018-06-01 06:11:28,559  INFO EventsManagerImpl:148   org.matsim.api.core.v01.events.handler.VehicleLeavesTrafficEventHandler
2018-06-01 06:11:28,560  INFO EventsManagerImpl:207     &gt; org.matsim.api.core.v01.events.VehicleLeavesTrafficEvent
2018-06-01 06:11:28,560  INFO EventsManagerImpl:148   org.matsim.core.api.experimental.events.handler.VehicleArrivesAtFacilityEventHandler
2018-06-01 06:11:28,561  INFO EventsManagerImpl:207     &gt; org.matsim.core.api.experimental.events.VehicleArrivesAtFacilityEvent
2018-06-01 06:11:28,561  INFO EventsManagerImpl:148   org.matsim.api.core.v01.events.handler.VehicleAbortsEventHandler
2018-06-01 06:11:28,561  INFO EventsManagerImpl:207     &gt; org.matsim.api.core.v01.events.VehicleAbortsEvent
2018-06-01 06:11:28,562  INFO EventsManagerImpl:156 
2018-06-01 06:11:28,562  INFO EventsManagerImpl:144 adding Event-Handler: org.matsim.core.trafficmonitoring.TravelTimeCalculator
2018-06-01 06:11:28,563  INFO EventsManagerImpl:148   org.matsim.api.core.v01.events.handler.LinkEnterEventHandler
2018-06-01 06:11:28,563  INFO EventsManagerImpl:207     &gt; org.matsim.api.core.v01.events.LinkEnterEvent
2018-06-01 06:11:28,563  INFO EventsManagerImpl:148   org.matsim.api.core.v01.events.handler.LinkLeaveEventHandler
2018-06-01 06:11:28,564  INFO EventsManagerImpl:207     &gt; org.matsim.api.core.v01.events.LinkLeaveEvent
2018-06-01 06:11:28,564  INFO EventsManagerImpl:148   org.matsim.api.core.v01.events.handler.VehicleEntersTrafficEventHandler
2018-06-01 06:11:28,565  INFO EventsManagerImpl:207     &gt; org.matsim.api.core.v01.events.VehicleEntersTrafficEvent
2018-06-01 06:11:28,565  INFO EventsManagerImpl:148   org.matsim.api.core.v01.events.handler.VehicleLeavesTrafficEventHandler
2018-06-01 06:11:28,565  INFO EventsManagerImpl:207     &gt; org.matsim.api.core.v01.events.VehicleLeavesTrafficEvent
2018-06-01 06:11:28,566  INFO EventsManagerImpl:148   org.matsim.core.api.experimental.events.handler.VehicleArrivesAtFacilityEventHandler
2018-06-01 06:11:28,566  INFO EventsManagerImpl:207     &gt; org.matsim.core.api.experimental.events.VehicleArrivesAtFacilityEvent
2018-06-01 06:11:28,567  INFO EventsManagerImpl:148   org.matsim.api.core.v01.events.handler.VehicleAbortsEventHandler
2018-06-01 06:11:28,567  INFO EventsManagerImpl:207     &gt; org.matsim.api.core.v01.events.VehicleAbortsEvent
2018-06-01 06:11:28,567  INFO EventsManagerImpl:156 
2018-06-01 06:11:28,568  INFO NetworkImpl:156  node # 1
2018-06-01 06:11:28,568  INFO NetworkImpl:156  node # 2
2018-06-01 06:11:28,569  INFO NetworkImpl:156  node # 4
2018-06-01 06:11:28,569  INFO NetworkImpl:156  node # 8
2018-06-01 06:11:28,570  INFO NetworkImpl:156  node # 16
2018-06-01 06:11:28,570  INFO NetworkImpl:156  node # 32
2018-06-01 06:11:28,570  INFO NetworkImpl:156  node # 64
2018-06-01 06:11:28,571  INFO NetworkImpl:152  link # 1
2018-06-01 06:11:28,571  INFO NetworkImpl:152  link # 2
2018-06-01 06:11:28,572  INFO NetworkImpl:152  link # 4
2018-06-01 06:11:28,572  INFO NetworkImpl:152  link # 8
2018-06-01 06:11:28,573  INFO NetworkImpl:152  link # 16
2018-06-01 06:11:28,573  INFO NetworkImpl:152  link # 32
2018-06-01 06:11:28,574  INFO NetworkImpl:152  link # 64
2018-06-01 06:11:28,574  INFO NetworkImpl:152  link # 128
2018-06-01 06:11:28,576  INFO NetworkImpl:152  link # 256
2018-06-01 06:11:28,593  INFO StrategyManager:59 global innovation switch off after iteration: 0
2018-06-01 06:11:28,593  INFO GenericStrategyManager:347 setting PlanSelectorForRemoval to class org.matsim.core.replanning.selectors.WorstPlanForRemovalSelector
2018-06-01 06:11:28,594  INFO EventsManagerImpl:144 adding Event-Handler: org.matsim.core.scoring.EventsToActivities
2018-06-01 06:11:28,594  INFO EventsManagerImpl:148   org.matsim.api.core.v01.events.handler.ActivityStartEventHandler
2018-06-01 06:11:28,594  INFO EventsManagerImpl:207     &gt; org.matsim.api.core.v01.events.ActivityStartEvent
2018-06-01 06:11:28,595  INFO EventsManagerImpl:148   org.matsim.api.core.v01.events.handler.ActivityEndEventHandler
2018-06-01 06:11:28,595  INFO EventsManagerImpl:207     &gt; org.matsim.api.core.v01.events.ActivityEndEvent
2018-06-01 06:11:28,595  INFO EventsManagerImpl:156 
2018-06-01 06:11:28,596  INFO EventsManagerImpl:144 adding Event-Handler: org.matsim.core.scoring.EventsToActivities
2018-06-01 06:11:28,596  INFO EventsManagerImpl:148   org.matsim.api.core.v01.events.handler.ActivityStartEventHandler
2018-06-01 06:11:28,596  INFO EventsManagerImpl:207     &gt; org.matsim.api.core.v01.events.ActivityStartEvent
2018-06-01 06:11:28,596  INFO EventsManagerImpl:148   org.matsim.api.core.v01.events.handler.ActivityEndEventHandler
2018-06-01 06:11:28,597  INFO EventsManagerImpl:207     &gt; org.matsim.api.core.v01.events.ActivityEndEvent
2018-06-01 06:11:28,597  INFO EventsManagerImpl:156 
2018-06-01 06:11:28,597  INFO EventsManagerImpl:144 adding Event-Handler: org.matsim.core.scoring.EventsToLegs
2018-06-01 06:11:28,598  INFO EventsManagerImpl:148   org.matsim.api.core.v01.events.handler.PersonDepartureEventHandler
2018-06-01 06:11:28,598  INFO EventsManagerImpl:207     &gt; org.matsim.api.core.v01.events.PersonDepartureEvent
2018-06-01 06:11:28,598  INFO EventsManagerImpl:148   org.matsim.api.core.v01.events.handler.PersonArrivalEventHandler
2018-06-01 06:11:28,599  INFO EventsManagerImpl:207     &gt; org.matsim.api.core.v01.events.PersonArrivalEvent
2018-06-01 06:11:28,599  INFO EventsManagerImpl:148   org.matsim.api.core.v01.events.handler.LinkLeaveEventHandler
2018-06-01 06:11:28,599  INFO EventsManagerImpl:207     &gt; org.matsim.api.core.v01.events.LinkLeaveEvent
2018-06-01 06:11:28,599  INFO EventsManagerImpl:148   org.matsim.api.core.v01.events.handler.LinkEnterEventHandler
2018-06-01 06:11:28,600  INFO EventsManagerImpl:207     &gt; org.matsim.api.core.v01.events.LinkEnterEvent
2018-06-01 06:11:28,600  INFO EventsManagerImpl:148   org.matsim.core.api.experimental.events.handler.TeleportationArrivalEventHandler
2018-06-01 06:11:28,600  INFO EventsManagerImpl:207     &gt; org.matsim.core.api.experimental.events.TeleportationArrivalEvent
2018-06-01 06:11:28,601  INFO EventsManagerImpl:148   org.matsim.api.core.v01.events.handler.TransitDriverStartsEventHandler
2018-06-01 06:11:28,601  INFO EventsManagerImpl:207     &gt; org.matsim.api.core.v01.events.TransitDriverStartsEvent
2018-06-01 06:11:28,601  INFO EventsManagerImpl:148   org.matsim.api.core.v01.events.handler.PersonEntersVehicleEventHandler
2018-06-01 06:11:28,601  INFO EventsManagerImpl:207     &gt; org.matsim.api.core.v01.events.PersonEntersVehicleEvent
2018-06-01 06:11:28,602  INFO EventsManagerImpl:148   org.matsim.core.api.experimental.events.handler.VehicleArrivesAtFacilityEventHandler
2018-06-01 06:11:28,602  INFO EventsManagerImpl:207     &gt; org.matsim.core.api.experimental.events.VehicleArrivesAtFacilityEvent
2018-06-01 06:11:28,602  INFO EventsManagerImpl:148   org.matsim.api.core.v01.events.handler.VehicleEntersTrafficEventHandler
2018-06-01 06:11:28,602  INFO EventsManagerImpl:207     &gt; org.matsim.api.core.v01.events.VehicleEntersTrafficEvent
2018-06-01 06:11:28,603  INFO EventsManagerImpl:148   org.matsim.api.core.v01.events.handler.VehicleLeavesTrafficEventHandler
2018-06-01 06:11:28,603  INFO EventsManagerImpl:207     &gt; org.matsim.api.core.v01.events.VehicleLeavesTrafficEvent
2018-06-01 06:11:28,603  INFO EventsManagerImpl:156 
2018-06-01 06:11:28,604  INFO EventsManagerImpl:144 adding Event-Handler: org.matsim.core.scoring.EventsToLegs
2018-06-01 06:11:28,604  INFO EventsManagerImpl:148   org.matsim.api.core.v01.events.handler.PersonDepartureEventHandler
2018-06-01 06:11:28,604  INFO EventsManagerImpl:207     &gt; org.matsim.api.core.v01.events.PersonDepartureEvent
2018-06-01 06:11:28,604  INFO EventsManagerImpl:148   org.matsim.api.core.v01.events.handler.PersonArrivalEventHandler
2018-06-01 06:11:28,605  INFO EventsManagerImpl:207     &gt; org.matsim.api.core.v01.events.PersonArrivalEvent
2018-06-01 06:11:28,605  INFO EventsManagerImpl:148   org.matsim.api.core.v01.events.handler.LinkLeaveEventHandler
2018-06-01 06:11:28,605  INFO EventsManagerImpl:207     &gt; org.matsim.api.core.v01.events.LinkLeaveEvent
2018-06-01 06:11:28,605  INFO EventsManagerImpl:148   org.matsim.api.core.v01.events.handler.LinkEnterEventHandler
2018-06-01 06:11:28,606  INFO EventsManagerImpl:207     &gt; org.matsim.api.core.v01.events.LinkEnterEvent
2018-06-01 06:11:28,606  INFO EventsManagerImpl:148   org.matsim.core.api.experimental.events.handler.TeleportationArrivalEventHandler
2018-06-01 06:11:28,606  INFO EventsManagerImpl:207     &gt; org.matsim.core.api.experimental.events.TeleportationArrivalEvent
2018-06-01 06:11:28,607  INFO EventsManagerImpl:148   org.matsim.api.core.v01.events.handler.TransitDriverStartsEventHandler
2018-06-01 06:11:28,607  INFO EventsManagerImpl:207     &gt; org.matsim.api.core.v01.events.TransitDriverStartsEvent
2018-06-01 06:11:28,607  INFO EventsManagerImpl:148   org.matsim.api.core.v01.events.handler.PersonEntersVehicleEventHandler
2018-06-01 06:11:28,607  INFO EventsManagerImpl:207     &gt; org.matsim.api.core.v01.events.PersonEntersVehicleEvent
2018-06-01 06:11:28,608  INFO EventsManagerImpl:148   org.matsim.core.api.experimental.events.handler.VehicleArrivesAtFacilityEventHandler
2018-06-01 06:11:28,608  INFO EventsManagerImpl:207     &gt; org.matsim.core.api.experimental.events.VehicleArrivesAtFacilityEvent
2018-06-01 06:11:28,608  INFO EventsManagerImpl:148   org.matsim.api.core.v01.events.handler.VehicleEntersTrafficEventHandler
2018-06-01 06:11:28,609  INFO EventsManagerImpl:207     &gt; org.matsim.api.core.v01.events.VehicleEntersTrafficEvent
2018-06-01 06:11:28,609  INFO EventsManagerImpl:148   org.matsim.api.core.v01.events.handler.VehicleLeavesTrafficEventHandler
2018-06-01 06:11:28,609  INFO EventsManagerImpl:207     &gt; org.matsim.api.core.v01.events.VehicleLeavesTrafficEvent
2018-06-01 06:11:28,609  INFO EventsManagerImpl:156 
2018-06-01 06:11:28,610  INFO EventsManagerImpl:144 adding Event-Handler: org.matsim.core.scoring.ScoringFunctionsForPopulation
2018-06-01 06:11:28,610  INFO EventsManagerImpl:148   org.matsim.core.events.handler.BasicEventHandler
2018-06-01 06:11:28,610  INFO EventsManagerImpl:207     &gt; org.matsim.api.core.v01.events.Event
2018-06-01 06:11:28,611  INFO EventsManagerImpl:148   org.matsim.core.scoring.EventsToLegs$LegHandler
2018-06-01 06:11:28,611  INFO EventsManagerImpl:148   org.matsim.core.scoring.EventsToActivities$ActivityHandler
2018-06-01 06:11:28,611  INFO EventsManagerImpl:156 
2018-06-01 06:11:28,611  INFO EventsManagerImpl:144 adding Event-Handler: org.matsim.core.scoring.ScoringFunctionsForPopulation
2018-06-01 06:11:28,612  INFO EventsManagerImpl:148   org.matsim.core.events.handler.BasicEventHandler
2018-06-01 06:11:28,612  INFO EventsManagerImpl:207     &gt; org.matsim.api.core.v01.events.Event
2018-06-01 06:11:28,612  INFO EventsManagerImpl:148   org.matsim.core.scoring.EventsToLegs$LegHandler
2018-06-01 06:11:28,612  INFO EventsManagerImpl:148   org.matsim.core.scoring.EventsToActivities$ActivityHandler
2018-06-01 06:11:28,613  INFO EventsManagerImpl:156 
2018-06-01 06:11:28,616  INFO CalcLinkStats:151  resetting `count&apos; to zero.  This info is here since we want to check when this is happening during normal simulation runs.  kai, jan&apos;11
2018-06-01 06:11:28,617  INFO EventsManagerImpl:144 adding Event-Handler: org.matsim.analysis.VolumesAnalyzer
2018-06-01 06:11:28,617  INFO EventsManagerImpl:148   org.matsim.api.core.v01.events.handler.LinkLeaveEventHandler
2018-06-01 06:11:28,618  INFO EventsManagerImpl:207     &gt; org.matsim.api.core.v01.events.LinkLeaveEvent
2018-06-01 06:11:28,618  INFO EventsManagerImpl:148   org.matsim.api.core.v01.events.handler.VehicleEntersTrafficEventHandler
2018-06-01 06:11:28,618  INFO EventsManagerImpl:207     &gt; org.matsim.api.core.v01.events.VehicleEntersTrafficEvent
2018-06-01 06:11:28,618  INFO EventsManagerImpl:156 
2018-06-01 06:11:28,619  INFO EventsManagerImpl:144 adding Event-Handler: org.matsim.analysis.VolumesAnalyzer
2018-06-01 06:11:28,619  INFO EventsManagerImpl:148   org.matsim.api.core.v01.events.handler.LinkLeaveEventHandler
2018-06-01 06:11:28,619  INFO EventsManagerImpl:207     &gt; org.matsim.api.core.v01.events.LinkLeaveEvent
2018-06-01 06:11:28,619  INFO EventsManagerImpl:148   org.matsim.api.core.v01.events.handler.VehicleEntersTrafficEventHandler
2018-06-01 06:11:28,620  INFO EventsManagerImpl:207     &gt; org.matsim.api.core.v01.events.VehicleEntersTrafficEvent
2018-06-01 06:11:28,620  INFO EventsManagerImpl:156 
2018-06-01 06:11:28,621  INFO EventsManagerImpl:144 adding Event-Handler: org.matsim.analysis.LegHistogram
2018-06-01 06:11:28,621  INFO EventsManagerImpl:148   org.matsim.api.core.v01.events.handler.PersonDepartureEventHandler
2018-06-01 06:11:28,621  INFO EventsManagerImpl:207     &gt; org.matsim.api.core.v01.events.PersonDepartureEvent
2018-06-01 06:11:28,621  INFO EventsManagerImpl:148   org.matsim.api.core.v01.events.handler.PersonArrivalEventHandler
2018-06-01 06:11:28,622  INFO EventsManagerImpl:207     &gt; org.matsim.api.core.v01.events.PersonArrivalEvent
2018-06-01 06:11:28,622  INFO EventsManagerImpl:148   org.matsim.api.core.v01.events.handler.PersonStuckEventHandler
2018-06-01 06:11:28,622  INFO EventsManagerImpl:207     &gt; org.matsim.api.core.v01.events.PersonStuckEvent
2018-06-01 06:11:28,623  INFO EventsManagerImpl:156 
2018-06-01 06:11:28,623  INFO EventsManagerImpl:144 adding Event-Handler: org.matsim.analysis.LegHistogram
2018-06-01 06:11:28,623  INFO EventsManagerImpl:148   org.matsim.api.core.v01.events.handler.PersonDepartureEventHandler
2018-06-01 06:11:28,623  INFO EventsManagerImpl:207     &gt; org.matsim.api.core.v01.events.PersonDepartureEvent
2018-06-01 06:11:28,624  INFO EventsManagerImpl:148   org.matsim.api.core.v01.events.handler.PersonArrivalEventHandler
2018-06-01 06:11:28,624  INFO EventsManagerImpl:207     &gt; org.matsim.api.core.v01.events.PersonArrivalEvent
2018-06-01 06:11:28,624  INFO EventsManagerImpl:148   org.matsim.api.core.v01.events.handler.PersonStuckEventHandler
2018-06-01 06:11:28,624  INFO EventsManagerImpl:207     &gt; org.matsim.api.core.v01.events.PersonStuckEvent
2018-06-01 06:11:28,625  INFO EventsManagerImpl:156 
2018-06-01 06:11:28,625  INFO EventsManagerImpl:144 adding Event-Handler: org.matsim.analysis.CalcLegTimes
2018-06-01 06:11:28,625  INFO EventsManagerImpl:148   org.matsim.api.core.v01.events.handler.PersonDepartureEventHandler
2018-06-01 06:11:28,626  INFO EventsManagerImpl:207     &gt; org.matsim.api.core.v01.events.PersonDepartureEvent
2018-06-01 06:11:28,626  INFO EventsManagerImpl:148   org.matsim.api.core.v01.events.handler.PersonArrivalEventHandler
2018-06-01 06:11:28,626  INFO EventsManagerImpl:207     &gt; org.matsim.api.core.v01.events.PersonArrivalEvent
2018-06-01 06:11:28,627  INFO EventsManagerImpl:148   org.matsim.api.core.v01.events.handler.ActivityEndEventHandler
2018-06-01 06:11:28,627  INFO EventsManagerImpl:207     &gt; org.matsim.api.core.v01.events.ActivityEndEvent
2018-06-01 06:11:28,627  INFO EventsManagerImpl:148   org.matsim.api.core.v01.events.handler.ActivityStartEventHandler
2018-06-01 06:11:28,627  INFO EventsManagerImpl:207     &gt; org.matsim.api.core.v01.events.ActivityStartEvent
2018-06-01 06:11:28,628  INFO EventsManagerImpl:156 
2018-06-01 06:11:28,628  INFO EventsManagerImpl:144 adding Event-Handler: org.matsim.analysis.CalcLegTimes
2018-06-01 06:11:28,628  INFO EventsManagerImpl:148   org.matsim.api.core.v01.events.handler.PersonDepartureEventHandler
2018-06-01 06:11:28,629  INFO EventsManagerImpl:207     &gt; org.matsim.api.core.v01.events.PersonDepartureEvent
2018-06-01 06:11:28,629  INFO EventsManagerImpl:148   org.matsim.api.core.v01.events.handler.PersonArrivalEventHandler
2018-06-01 06:11:28,629  INFO EventsManagerImpl:207     &gt; org.matsim.api.core.v01.events.PersonArrivalEvent
2018-06-01 06:11:28,629  INFO EventsManagerImpl:148   org.matsim.api.core.v01.events.handler.ActivityEndEventHandler
2018-06-01 06:11:28,630  INFO EventsManagerImpl:207     &gt; org.matsim.api.core.v01.events.ActivityEndEvent
2018-06-01 06:11:28,630  INFO EventsManagerImpl:148   org.matsim.api.core.v01.events.handler.ActivityStartEventHandler
2018-06-01 06:11:28,630  INFO EventsManagerImpl:207     &gt; org.matsim.api.core.v01.events.ActivityStartEvent
2018-06-01 06:11:28,631  INFO EventsManagerImpl:156 
2018-06-01 06:11:28,632  INFO Gbl:57 JVM: 1.8.0_121; Oracle Corporation; mixed mode; 64-bit
2018-06-01 06:11:28,632  INFO Gbl:61 OS: Linux; 3.10.0-862.3.2.el7.x86_64; amd64
2018-06-01 06:11:28,632  INFO Gbl:64 CPU cores: 8
2018-06-01 06:11:28,633  INFO Gbl:65 max. Memory: 3527.5MB (3698851840B)
2018-06-01 06:11:28,633  INFO Gbl:103 MATSim-Build: r396c52044b6d43b42cc2ba27330fd2b00fae9433 (2017-11-22 12:45:01)
2018-06-01 06:11:28,633  INFO AbstractController:58 Used Controler-Class: org.matsim.core.controler.NewControler
2018-06-01 06:11:28,634  INFO Config:536 ConfigConsistencyChecker with runtime type=class org.matsim.core.config.consistency.ConfigConsistencyCheckerImpl was already added; not adding it a second time
2018-06-01 06:11:28,634  INFO EventsManagerImpl:144 adding Event-Handler: ch.ethz.idsc.amodeus.matsim.StandardMATSimScenarioTest$4$1
2018-06-01 06:11:28,635  INFO EventsManagerImpl:148   org.matsim.api.core.v01.events.handler.LinkEnterEventHandler
2018-06-01 06:11:28,635  INFO EventsManagerImpl:207     &gt; org.matsim.api.core.v01.events.LinkEnterEvent
2018-06-01 06:11:28,635  INFO EventsManagerImpl:156 
2018-06-01 06:11:28,635  INFO EventsManagerImpl:144 adding Event-Handler: ch.ethz.idsc.amodeus.matsim.StandardMATSimScenarioTest$4$1
2018-06-01 06:11:28,636  INFO EventsManagerImpl:148   org.matsim.api.core.v01.events.handler.LinkEnterEventHandler
2018-06-01 06:11:28,636  INFO EventsManagerImpl:207     &gt; org.matsim.api.core.v01.events.LinkEnterEvent
2018-06-01 06:11:28,636  INFO EventsManagerImpl:156 
2018-06-01 06:11:28,636  INFO EventsManagerImpl:144 adding Event-Handler: ch.ethz.matsim.av.scenario.TestScenarioAnalyzer
2018-06-01 06:11:28,636  INFO EventsManagerImpl:148   org.matsim.api.core.v01.events.handler.PersonDepartureEventHandler
2018-06-01 06:11:28,637  INFO EventsManagerImpl:207     &gt; org.matsim.api.core.v01.events.PersonDepartureEvent
2018-06-01 06:11:28,637  INFO EventsManagerImpl:148   org.matsim.api.core.v01.events.handler.PersonArrivalEventHandler
2018-06-01 06:11:28,637  INFO EventsManagerImpl:207     &gt; org.matsim.api.core.v01.events.PersonArrivalEvent
2018-06-01 06:11:28,637  INFO EventsManagerImpl:148   com.google.inject.Module
2018-06-01 06:11:28,638  INFO EventsManagerImpl:156 
2018-06-01 06:11:28,638  INFO EventsManagerImpl:144 adding Event-Handler: ch.ethz.matsim.av.scenario.TestScenarioAnalyzer
2018-06-01 06:11:28,638  INFO EventsManagerImpl:148   org.matsim.api.core.v01.events.handler.PersonDepartureEventHandler
2018-06-01 06:11:28,638  INFO EventsManagerImpl:207     &gt; org.matsim.api.core.v01.events.PersonDepartureEvent
2018-06-01 06:11:28,639  INFO EventsManagerImpl:148   org.matsim.api.core.v01.events.handler.PersonArrivalEventHandler
2018-06-01 06:11:28,639  INFO EventsManagerImpl:207     &gt; org.matsim.api.core.v01.events.PersonArrivalEvent
2018-06-01 06:11:28,639  INFO EventsManagerImpl:148   com.google.inject.Module
2018-06-01 06:11:28,639  INFO EventsManagerImpl:156 
2018-06-01 06:11:28,640  INFO Injector:83 org.matsim.core.events.handler.EventHandler @com.google.inject.multibindings.Element(setName=,uniqueId=303, type=MULTIBINDER, keyType=)
2018-06-01 06:11:28,640  INFO Injector:84   --&gt; provider: of(ch.ethz.idsc.amodeus.matsim.StandardMATSimScenarioTest$4$1@670b3ca)
2018-06-01 06:11:28,640  INFO Injector:85   --&gt; source: ch.ethz.idsc.amodeus.matsim.StandardMATSimScenarioTest$4.install(StandardMATSimScenarioTest.java:250)
2018-06-01 06:11:28,641  INFO Injector:87   --&gt; scope: eager singleton
2018-06-01 06:11:28,641  INFO Injector:91 
2018-06-01 06:11:28,641  INFO Injector:83 org.matsim.core.events.handler.EventHandler @com.google.inject.multibindings.Element(setName=,uniqueId=302, type=MULTIBINDER, keyType=)
2018-06-01 06:11:28,641  INFO Injector:84   --&gt; provider: of(ch.ethz.matsim.av.scenario.TestScenarioAnalyzer@35e8316e)
2018-06-01 06:11:28,641  INFO Injector:85   --&gt; source: ch.ethz.matsim.av.scenario.TestScenarioAnalyzer.install(TestScenarioAnalyzer.java:31)
2018-06-01 06:11:28,642  INFO Injector:87   --&gt; scope: eager singleton
2018-06-01 06:11:28,642  INFO Injector:91 
2018-06-01 06:11:28,642  INFO Injector:83 org.matsim.api.core.v01.network.Network @com.google.inject.name.Named(value=dvrp_routing)
2018-06-01 06:11:28,642  INFO Injector:84   --&gt; provider: @Provides ch.ethz.idsc.amodeus.matsim.StandardMATSimScenarioTest$1.provideAVNetwork(StandardMATSimScenarioTest.java:181)[Scopes.SINGLETON]
2018-06-01 06:11:28,642  INFO Injector:85   --&gt; source: public org.matsim.api.core.v01.network.Network ch.ethz.idsc.amodeus.matsim.StandardMATSimScenarioTest$1.provideAVNetwork(org.matsim.api.core.v01.network.Network)
2018-06-01 06:11:28,643  INFO Injector:87   --&gt; scope: Scopes.SINGLETON
2018-06-01 06:11:28,643  INFO Injector:91 
2018-06-01 06:11:28,643  INFO Injector:83 org.matsim.core.router.RoutingModule @com.google.inject.name.Named(value=av)
2018-06-01 06:11:28,643  INFO Injector:84   --&gt; provider: FactoryProxy{key=Key[type=org.matsim.core.router.RoutingModule, annotation=@com.google.inject.name.Named(value=av)], provider=com.google.inject.internal.ConstructorBindingImpl$Factory@1d408060[Scopes.SINGLETON]}
2018-06-01 06:11:28,644  INFO Injector:85   --&gt; source: ch.ethz.matsim.av.framework.AVModule.install(AVModule.java:72)
2018-06-01 06:11:28,644  INFO Injector:87   --&gt; scope: Scopes.NO_SCOPE
2018-06-01 06:11:28,644  INFO Injector:91 
2018-06-01 06:11:28,644  INFO Injector:83 org.matsim.core.scoring.ScoringFunctionFactory 
2018-06-01 06:11:28,644  INFO Injector:84   --&gt; provider: FactoryProxy{key=Key[type=org.matsim.core.scoring.ScoringFunctionFactory, annotation=[none]], provider=com.google.inject.internal.ConstructorBindingImpl$Factory@3c91530d[Scopes.SINGLETON]}[Scopes.SINGLETON]
2018-06-01 06:11:28,645  INFO Injector:85   --&gt; source: ch.ethz.matsim.av.framework.AVModule.install(AVModule.java:73)
2018-06-01 06:11:28,645  INFO Injector:87   --&gt; scope: eager singleton
2018-06-01 06:11:28,645  INFO Injector:91 
2018-06-01 06:11:28,645  INFO Injector:83 org.matsim.core.controler.listener.ControlerListener @com.google.inject.multibindings.Element(setName=,uniqueId=280, type=MULTIBINDER, keyType=)
2018-06-01 06:11:28,645  INFO Injector:84   --&gt; provider: FactoryProxy{key=Key[type=org.matsim.core.controler.listener.ControlerListener, annotation=@com.google.inject.multibindings.Element(setName=,uniqueId=280, type=MULTIBINDER, keyType=)], provider=com.google.inject.internal.ConstructorBindingImpl$Factory@73809e7[Scopes.SINGLETON]}
2018-06-01 06:11:28,645  INFO Injector:85   --&gt; source: ch.ethz.matsim.av.framework.AVModule.install(AVModule.java:74)
2018-06-01 06:11:28,646  INFO Injector:87   --&gt; scope: Scopes.NO_SCOPE
2018-06-01 06:11:28,646  INFO Injector:91 
2018-06-01 06:11:28,646  INFO Injector:83 org.matsim.core.replanning.PlanStrategy @com.google.inject.name.Named(value=AVOperatorChoice)
2018-06-01 06:11:28,646  INFO Injector:84   --&gt; provider: FactoryProxy{key=Key[type=org.matsim.core.replanning.PlanStrategy, annotation=@com.google.inject.name.Named(value=AVOperatorChoice)], provider=com.google.inject.internal.ConstructorBindingImpl$Factory@341b13a8[Scopes.SINGLETON]}
2018-06-01 06:11:28,647  INFO Injector:85   --&gt; source: ch.ethz.matsim.av.framework.AVModule.install(AVModule.java:77)
2018-06-01 06:11:28,647  INFO Injector:87   --&gt; scope: Scopes.NO_SCOPE
2018-06-01 06:11:28,647  INFO Injector:91 
2018-06-01 06:11:28,647  INFO Injector:83 org.matsim.core.router.util.TravelTime @com.google.inject.name.Named(value=av)
2018-06-01 06:11:28,647  INFO Injector:84   --&gt; provider: FactoryProxy{key=Key[type=org.matsim.core.router.util.TravelTime, annotation=@com.google.inject.name.Named(value=av)], provider=FactoryProxy{key=Key[type=org.matsim.core.router.util.TravelTime, annotation=@com.google.inject.name.Named(value=dvrp_estimated)], provider=FactoryProxy{key=Key[type=org.matsim.contrib.dvrp.trafficmonitoring.DvrpTravelTimeEstimator, annotation=[none]], provider=com.google.inject.internal.ConstructorBindingImpl$Factory@48eb001a}[Scopes.SINGLETON]}}
2018-06-01 06:11:28,648  INFO Injector:85   --&gt; source: ch.ethz.matsim.av.framework.AVModule.install(AVModule.java:80)
2018-06-01 06:11:28,648  INFO Injector:87   --&gt; scope: Scopes.NO_SCOPE
2018-06-01 06:11:28,648  INFO Injector:91 
2018-06-01 06:11:28,648  INFO Injector:83 org.matsim.vehicles.VehicleType @com.google.inject.name.Named(value=av)
2018-06-01 06:11:28,648  INFO Injector:84   --&gt; provider: of(org.matsim.vehicles.VehicleTypeImpl@3c1e23ff)
2018-06-01 06:11:28,648  INFO Injector:85   --&gt; source: ch.ethz.matsim.av.framework.AVModule.install(AVModule.java:83)
2018-06-01 06:11:28,649  INFO Injector:87   --&gt; scope: eager singleton
2018-06-01 06:11:28,649  INFO Injector:91 
2018-06-01 06:11:28,649  INFO Injector:83 org.matsim.api.core.v01.network.Network @com.google.inject.name.Named(value=av)
2018-06-01 06:11:28,649  INFO Injector:84   --&gt; provider: FactoryProxy{key=Key[type=org.matsim.api.core.v01.network.Network, annotation=@com.google.inject.name.Named(value=av)], provider=@Provides ch.ethz.idsc.amodeus.matsim.StandardMATSimScenarioTest$1.provideAVNetwork(StandardMATSimScenarioTest.java:181)[Scopes.SINGLETON]}
2018-06-01 06:11:28,649  INFO Injector:85   --&gt; source: ch.ethz.matsim.av.framework.AVModule.install(AVModule.java:93)
2018-06-01 06:11:28,650  INFO Injector:87   --&gt; scope: Scopes.NO_SCOPE
2018-06-01 06:11:28,650  INFO Injector:91 
2018-06-01 06:11:28,650  INFO Injector:83 org.matsim.core.controler.listener.ControlerListener @com.google.inject.multibindings.Element(setName=,uniqueId=289, type=MULTIBINDER, keyType=)
2018-06-01 06:11:28,650  INFO Injector:84   --&gt; provider: FactoryProxy{key=Key[type=org.matsim.core.controler.listener.ControlerListener, annotation=@com.google.inject.multibindings.Element(setName=,uniqueId=289, type=MULTIBINDER, keyType=)], provider=@Provides ch.ethz.matsim.av.framework.AVModule.provideParallelLeastCostPathCalculatorShutdownListener(AVModule.java:66)[Scopes.SINGLETON]}
2018-06-01 06:11:28,650  INFO Injector:85   --&gt; source: ch.ethz.matsim.av.framework.AVModule.install(AVModule.java:96)
2018-06-01 06:11:28,651  INFO Injector:87   --&gt; scope: Scopes.NO_SCOPE
2018-06-01 06:11:28,651  INFO Injector:91 
2018-06-01 06:11:28,651  INFO Injector:83 org.matsim.core.population.routes.RouteFactories 
2018-06-01 06:11:28,651  INFO Injector:84   --&gt; provider: @Provides ch.ethz.matsim.av.framework.AVModule.provideRouteFactories(AVModule.java:139)
2018-06-01 06:11:28,651  INFO Injector:85   --&gt; source: org.matsim.core.population.routes.RouteFactories ch.ethz.matsim.av.framework.AVModule.provideRouteFactories(ch.ethz.matsim.av.routing.AVRouteFactory)
2018-06-01 06:11:28,651  INFO Injector:87   --&gt; scope: Scopes.NO_SCOPE
2018-06-01 06:11:28,652  INFO Injector:91 
2018-06-01 06:11:28,652  INFO Injector:83 org.matsim.core.router.util.LeastCostPathCalculator @com.google.inject.name.Named(value=av)
2018-06-01 06:11:28,652  INFO Injector:84   --&gt; provider: @Provides ch.ethz.matsim.av.framework.AVModule.provideLeastCostPathCalculator(AVModule.java:149)
2018-06-01 06:11:28,652  INFO Injector:85   --&gt; source: org.matsim.core.router.util.LeastCostPathCalculator ch.ethz.matsim.av.framework.AVModule.provideLeastCostPathCalculator(org.matsim.api.core.v01.network.Network,org.matsim.core.router.util.TravelTime)
2018-06-01 06:11:28,652  INFO Injector:87   --&gt; scope: Scopes.NO_SCOPE
2018-06-01 06:11:28,653  INFO Injector:91 
2018-06-01 06:11:28,653  INFO Injector:83 org.matsim.core.router.util.TravelTime @com.google.inject.name.Named(value=dvrp_initial)
2018-06-01 06:11:28,653  INFO Injector:84   --&gt; provider: of(org.matsim.core.trafficmonitoring.FreeSpeedTravelTime@55651434)
2018-06-01 06:11:28,653  INFO Injector:85   --&gt; source: org.matsim.contrib.dvrp.trafficmonitoring.DvrpTravelTimeModule.install(DvrpTravelTimeModule.java:40)
2018-06-01 06:11:28,653  INFO Injector:87   --&gt; scope: eager singleton
2018-06-01 06:11:28,653  INFO Injector:91 
2018-06-01 06:11:28,654  INFO Injector:83 org.matsim.contrib.dvrp.trafficmonitoring.DvrpTravelTimeEstimator 
2018-06-01 06:11:28,654  INFO Injector:84   --&gt; provider: FactoryProxy{key=Key[type=org.matsim.contrib.dvrp.trafficmonitoring.DvrpTravelTimeEstimator, annotation=[none]], provider=com.google.inject.internal.ConstructorBindingImpl$Factory@48eb001a}[Scopes.SINGLETON]
2018-06-01 06:11:28,654  INFO Injector:85   --&gt; source: org.matsim.contrib.dvrp.trafficmonitoring.DvrpTravelTimeModule.install(DvrpTravelTimeModule.java:42)
2018-06-01 06:11:28,654  INFO Injector:87   --&gt; scope: eager singleton
2018-06-01 06:11:28,654  INFO Injector:91 
2018-06-01 06:11:28,654  INFO Injector:83 org.matsim.core.router.util.TravelTime @com.google.inject.name.Named(value=dvrp_estimated)
2018-06-01 06:11:28,655  INFO Injector:84   --&gt; provider: FactoryProxy{key=Key[type=org.matsim.core.router.util.TravelTime, annotation=@com.google.inject.name.Named(value=dvrp_estimated)], provider=FactoryProxy{key=Key[type=org.matsim.contrib.dvrp.trafficmonitoring.DvrpTravelTimeEstimator, annotation=[none]], provider=com.google.inject.internal.ConstructorBindingImpl$Factory@48eb001a}[Scopes.SINGLETON]}
2018-06-01 06:11:28,655  INFO Injector:85   --&gt; source: org.matsim.contrib.dvrp.trafficmonitoring.DvrpTravelTimeModule.install(DvrpTravelTimeModule.java:43)
2018-06-01 06:11:28,655  INFO Injector:87   --&gt; scope: Scopes.NO_SCOPE
2018-06-01 06:11:28,655  INFO Injector:91 
2018-06-01 06:11:28,655  INFO Injector:83 org.matsim.core.mobsim.framework.listeners.MobsimListener @com.google.inject.multibindings.Element(setName=,uniqueId=279, type=MULTIBINDER, keyType=)
2018-06-01 06:11:28,656  INFO Injector:84   --&gt; provider: FactoryProxy{key=Key[type=org.matsim.core.mobsim.framework.listeners.MobsimListener, annotation=@com.google.inject.multibindings.Element(setName=,uniqueId=279, type=MULTIBINDER, keyType=)], provider=FactoryProxy{key=Key[type=org.matsim.contrib.dvrp.trafficmonitoring.DvrpTravelTimeEstimator, annotation=[none]], provider=com.google.inject.internal.ConstructorBindingImpl$Factory@48eb001a}[Scopes.SINGLETON]}
2018-06-01 06:11:28,656  INFO Injector:85   --&gt; source: org.matsim.contrib.dvrp.trafficmonitoring.DvrpTravelTimeModule.install(DvrpTravelTimeModule.java:44)
2018-06-01 06:11:28,656  INFO Injector:87   --&gt; scope: Scopes.NO_SCOPE
2018-06-01 06:11:28,656  INFO Injector:91 
2018-06-01 06:11:28,656  INFO Injector:83 org.matsim.core.router.util.TravelTime @com.google.inject.name.Named(value=dvrp_observed)
2018-06-01 06:11:28,657  INFO Injector:84   --&gt; provider: @Provides org.matsim.contrib.dvrp.trafficmonitoring.DvrpTravelTimeModule.provideTravelTime(DvrpTravelTimeModule.java:51)[Scopes.SINGLETON]
2018-06-01 06:11:28,657  INFO Injector:85   --&gt; source: org.matsim.core.router.util.TravelTime org.matsim.contrib.dvrp.trafficmonitoring.DvrpTravelTimeModule.provideTravelTime(org.matsim.core.router.util.TravelTime)
2018-06-01 06:11:28,657  INFO Injector:87   --&gt; scope: Scopes.SINGLETON
2018-06-01 06:11:28,657  INFO Injector:91 
2018-06-01 06:11:28,657  INFO Injector:83 org.matsim.api.core.v01.Scenario 
2018-06-01 06:11:28,657  INFO Injector:84   --&gt; provider: of(org.matsim.core.scenario.MutableScenario@7c781c42)
2018-06-01 06:11:28,658  INFO Injector:85   --&gt; source: org.matsim.core.scenario.ScenarioByInstanceModule.install(ScenarioByInstanceModule.java:31)
2018-06-01 06:11:28,658  INFO Injector:87   --&gt; scope: eager singleton
2018-06-01 06:11:28,658  INFO Injector:91 
2018-06-01 06:11:28,658  INFO Injector:83 org.matsim.vehicles.Vehicles 
2018-06-01 06:11:28,658  INFO Injector:84   --&gt; provider: @Provides org.matsim.core.scenario.ScenarioByInstanceModule.provideVehicles(ScenarioByInstanceModule.java:61)
2018-06-01 06:11:28,659  INFO Injector:85   --&gt; source: org.matsim.vehicles.Vehicles org.matsim.core.scenario.ScenarioByInstanceModule.provideVehicles(org.matsim.api.core.v01.Scenario)
2018-06-01 06:11:28,659  INFO Injector:87   --&gt; scope: Scopes.NO_SCOPE
2018-06-01 06:11:28,659  INFO Injector:91 
2018-06-01 06:11:28,659  INFO Injector:83 org.matsim.api.core.v01.population.Population 
2018-06-01 06:11:28,659  INFO Injector:84   --&gt; provider: @Provides org.matsim.core.scenario.ScenarioByInstanceModule.providePopulation(ScenarioByInstanceModule.java:43)
2018-06-01 06:11:28,659  INFO Injector:85   --&gt; source: org.matsim.api.core.v01.population.Population org.matsim.core.scenario.ScenarioByInstanceModule.providePopulation(org.matsim.api.core.v01.Scenario)
2018-06-01 06:11:28,660  INFO Injector:87   --&gt; scope: Scopes.NO_SCOPE
2018-06-01 06:11:28,660  INFO Injector:91 
2018-06-01 06:11:28,660  INFO Injector:83 org.matsim.api.core.v01.population.PopulationFactory 
2018-06-01 06:11:28,660  INFO Injector:84   --&gt; provider: @Provides org.matsim.core.scenario.ScenarioByInstanceModule.providePopulationFactory(ScenarioByInstanceModule.java:47)
2018-06-01 06:11:28,660  INFO Injector:85   --&gt; source: org.matsim.api.core.v01.population.PopulationFactory org.matsim.core.scenario.ScenarioByInstanceModule.providePopulationFactory(org.matsim.api.core.v01.population.Population)
2018-06-01 06:11:28,661  INFO Injector:87   --&gt; scope: Scopes.NO_SCOPE
2018-06-01 06:11:28,661  INFO Injector:91 
2018-06-01 06:11:28,661  INFO Injector:83 org.matsim.facilities.ActivityFacilities 
2018-06-01 06:11:28,661  INFO Injector:84   --&gt; provider: @Provides org.matsim.core.scenario.ScenarioByInstanceModule.provideActivityFacilities(ScenarioByInstanceModule.java:51)
2018-06-01 06:11:28,661  INFO Injector:85   --&gt; source: org.matsim.facilities.ActivityFacilities org.matsim.core.scenario.ScenarioByInstanceModule.provideActivityFacilities(org.matsim.api.core.v01.Scenario)
2018-06-01 06:11:28,661  INFO Injector:87   --&gt; scope: Scopes.NO_SCOPE
2018-06-01 06:11:28,662  INFO Injector:91 
2018-06-01 06:11:28,662  INFO Injector:83 org.matsim.households.Households 
2018-06-01 06:11:28,662  INFO Injector:84   --&gt; provider: @Provides org.matsim.core.scenario.ScenarioByInstanceModule.provideHouseholds(ScenarioByInstanceModule.java:56)
2018-06-01 06:11:28,662  INFO Injector:85   --&gt; source: org.matsim.households.Households org.matsim.core.scenario.ScenarioByInstanceModule.provideHouseholds(org.matsim.api.core.v01.Scenario)
2018-06-01 06:11:28,662  INFO Injector:87   --&gt; scope: Scopes.NO_SCOPE
2018-06-01 06:11:28,663  INFO Injector:91 
2018-06-01 06:11:28,663  INFO Injector:83 org.matsim.api.core.v01.network.Network 
2018-06-01 06:11:28,663  INFO Injector:84   --&gt; provider: @Provides org.matsim.core.scenario.ScenarioByInstanceModule.provideNetwork(ScenarioByInstanceModule.java:39)
2018-06-01 06:11:28,663  INFO Injector:85   --&gt; source: org.matsim.api.core.v01.network.Network org.matsim.core.scenario.ScenarioByInstanceModule.provideNetwork(org.matsim.api.core.v01.Scenario)
2018-06-01 06:11:28,663  INFO Injector:87   --&gt; scope: Scopes.NO_SCOPE
2018-06-01 06:11:28,663  INFO Injector:91 
2018-06-01 06:11:28,664  INFO Injector:83 org.matsim.lanes.data.Lanes 
2018-06-01 06:11:28,664  INFO Injector:84   --&gt; provider: @Provides org.matsim.core.scenario.ScenarioByInstanceModule.provideLanes(ScenarioByInstanceModule.java:66)
2018-06-01 06:11:28,664  INFO Injector:85   --&gt; source: org.matsim.lanes.data.Lanes org.matsim.core.scenario.ScenarioByInstanceModule.provideLanes(org.matsim.api.core.v01.Scenario)
2018-06-01 06:11:28,664  INFO Injector:87   --&gt; scope: Scopes.NO_SCOPE
2018-06-01 06:11:28,664  INFO Injector:91 
2018-06-01 06:11:28,665  INFO Injector:83 org.matsim.core.controler.ControlerI 
2018-06-01 06:11:28,665  INFO Injector:84   --&gt; provider: FactoryProxy{key=Key[type=org.matsim.core.controler.ControlerI, annotation=[none]], provider=com.google.inject.internal.ConstructorBindingImpl$Factory@6a756082}[Scopes.SINGLETON]
2018-06-01 06:11:28,665  INFO Injector:85   --&gt; source: org.matsim.core.controler.NewControlerModule.install(NewControlerModule.java:8)
2018-06-01 06:11:28,665  INFO Injector:87   --&gt; scope: eager singleton
2018-06-01 06:11:28,665  INFO Injector:91 
2018-06-01 06:11:28,665  INFO Injector:83 org.matsim.core.controler.ControlerListenerManager 
2018-06-01 06:11:28,666  INFO Injector:84   --&gt; provider: FactoryProxy{key=Key[type=org.matsim.core.controler.ControlerListenerManager, annotation=[none]], provider=com.google.inject.internal.ConstructorBindingImpl$Factory@6749fe50[Scopes.SINGLETON]}
2018-06-01 06:11:28,666  INFO Injector:85   --&gt; source: org.matsim.core.controler.NewControlerModule.install(NewControlerModule.java:10)
2018-06-01 06:11:28,666  INFO Injector:87   --&gt; scope: Scopes.NO_SCOPE
2018-06-01 06:11:28,666  INFO Injector:91 
2018-06-01 06:11:28,666  INFO Injector:83 org.matsim.core.controler.PrepareForSim 
2018-06-01 06:11:28,667  INFO Injector:84   --&gt; provider: FactoryProxy{key=Key[type=org.matsim.core.controler.PrepareForSim, annotation=[none]], provider=com.google.inject.internal.ConstructorBindingImpl$Factory@40a72ecd}
2018-06-01 06:11:28,667  INFO Injector:85   --&gt; source: org.matsim.core.controler.NewControlerModule.install(NewControlerModule.java:11)
2018-06-01 06:11:28,667  INFO Injector:87   --&gt; scope: Scopes.NO_SCOPE
2018-06-01 06:11:28,667  INFO Injector:91 
2018-06-01 06:11:28,667  INFO Injector:83 org.matsim.core.controler.TerminationCriterion 
2018-06-01 06:11:28,667  INFO Injector:84   --&gt; provider: FactoryProxy{key=Key[type=org.matsim.core.controler.TerminationCriterion, annotation=[none]], provider=com.google.inject.internal.ConstructorBindingImpl$Factory@59c70ceb}
2018-06-01 06:11:28,668  INFO Injector:85   --&gt; source: org.matsim.core.controler.NewControlerModule.install(NewControlerModule.java:14)
2018-06-01 06:11:28,668  INFO Injector:87   --&gt; scope: Scopes.NO_SCOPE
2018-06-01 06:11:28,668  INFO Injector:91 
2018-06-01 06:11:28,668  INFO Injector:83 org.matsim.core.controler.MatsimServices 
2018-06-01 06:11:28,668  INFO Injector:84   --&gt; provider: FactoryProxy{key=Key[type=org.matsim.core.controler.MatsimServices, annotation=[none]], provider=com.google.inject.internal.ConstructorBindingImpl$Factory@7165d530}
2018-06-01 06:11:28,669  INFO Injector:85   --&gt; source: org.matsim.core.controler.NewControlerModule.install(NewControlerModule.java:15)
2018-06-01 06:11:28,669  INFO Injector:87   --&gt; scope: Scopes.NO_SCOPE
2018-06-01 06:11:28,669  INFO Injector:91 
2018-06-01 06:11:28,669  INFO Injector:83 org.matsim.core.controler.corelisteners.PlansScoring 
2018-06-01 06:11:28,669  INFO Injector:84   --&gt; provider: FactoryProxy{key=Key[type=org.matsim.core.controler.corelisteners.PlansScoring, annotation=[none]], provider=com.google.inject.internal.ConstructorBindingImpl$Factory@21da4b5f[Scopes.SINGLETON]}
2018-06-01 06:11:28,669  INFO Injector:85   --&gt; source: org.matsim.core.scoring.PlansScoringModule.install(PlansScoringModule.java:11)
2018-06-01 06:11:28,670  INFO Injector:87   --&gt; scope: Scopes.NO_SCOPE
2018-06-01 06:11:28,670  INFO Injector:91 
2018-06-01 06:11:28,670  INFO Injector:83 org.matsim.core.controler.corelisteners.PlansReplanning 
2018-06-01 06:11:28,670  INFO Injector:84   --&gt; provider: FactoryProxy{key=Key[type=org.matsim.core.controler.corelisteners.PlansReplanning, annotation=[none]], provider=com.google.inject.internal.ConstructorBindingImpl$Factory@3fb9a67f[Scopes.SINGLETON]}
2018-06-01 06:11:28,670  INFO Injector:85   --&gt; source: org.matsim.core.controler.corelisteners.ControlerDefaultCoreListenersModule.install(ControlerDefaultCoreListenersModule.java:38)
2018-06-01 06:11:28,671  INFO Injector:87   --&gt; scope: Scopes.NO_SCOPE
2018-06-01 06:11:28,671  INFO Injector:91 
2018-06-01 06:11:28,671  INFO Injector:83 org.matsim.core.controler.corelisteners.PlansDumping 
2018-06-01 06:11:28,671  INFO Injector:84   --&gt; provider: FactoryProxy{key=Key[type=org.matsim.core.controler.corelisteners.PlansDumping, annotation=[none]], provider=com.google.inject.internal.ConstructorBindingImpl$Factory@7c011174[Scopes.SINGLETON]}
2018-06-01 06:11:28,671  INFO Injector:85   --&gt; source: org.matsim.core.controler.corelisteners.ControlerDefaultCoreListenersModule.install(ControlerDefaultCoreListenersModule.java:39)
2018-06-01 06:11:28,672  INFO Injector:87   --&gt; scope: Scopes.NO_SCOPE
2018-06-01 06:11:28,672  INFO Injector:91 
2018-06-01 06:11:28,672  INFO Injector:83 org.matsim.core.controler.corelisteners.EventsHandling 
2018-06-01 06:11:28,672  INFO Injector:84   --&gt; provider: FactoryProxy{key=Key[type=org.matsim.core.controler.corelisteners.EventsHandling, annotation=[none]], provider=com.google.inject.internal.ConstructorBindingImpl$Factory@443faa85[Scopes.SINGLETON]}
2018-06-01 06:11:28,672  INFO Injector:85   --&gt; source: org.matsim.core.controler.corelisteners.ControlerDefaultCoreListenersModule.install(ControlerDefaultCoreListenersModule.java:40)
2018-06-01 06:11:28,673  INFO Injector:87   --&gt; scope: Scopes.NO_SCOPE
2018-06-01 06:11:28,673  INFO Injector:91 
2018-06-01 06:11:28,673  INFO Injector:83 org.matsim.core.controler.corelisteners.DumpDataAtEnd 
2018-06-01 06:11:28,673  INFO Injector:84   --&gt; provider: FactoryProxy{key=Key[type=org.matsim.core.controler.corelisteners.DumpDataAtEnd, annotation=[none]], provider=com.google.inject.internal.ConstructorBindingImpl$Factory@493ac8d3[Scopes.SINGLETON]}
2018-06-01 06:11:28,673  INFO Injector:85   --&gt; source: org.matsim.core.controler.corelisteners.ControlerDefaultCoreListenersModule.install(ControlerDefaultCoreListenersModule.java:41)
2018-06-01 06:11:28,673  INFO Injector:87   --&gt; scope: Scopes.NO_SCOPE
2018-06-01 06:11:28,674  INFO Injector:91 
2018-06-01 06:11:28,674  INFO Injector:83 org.matsim.core.api.experimental.events.EventsManager 
2018-06-01 06:11:28,674  INFO Injector:84   --&gt; provider: FactoryProxy{key=Key[type=org.matsim.core.api.experimental.events.EventsManager, annotation=[none]], provider=com.google.inject.internal.ConstructorBindingImpl$Factory@2e766822}[Scopes.SINGLETON]
2018-06-01 06:11:28,674  INFO Injector:85   --&gt; source: org.matsim.core.events.EventsManagerModule.install(EventsManagerModule.java:23)
2018-06-01 06:11:28,674  INFO Injector:87   --&gt; scope: eager singleton
2018-06-01 06:11:28,675  INFO Injector:91 
2018-06-01 06:11:28,675  INFO Injector:83 org.matsim.core.mobsim.framework.Mobsim 
2018-06-01 06:11:28,675  INFO Injector:84   --&gt; provider: Key[type=org.matsim.core.mobsim.qsim.QSimProvider, annotation=[none]]
2018-06-01 06:11:28,675  INFO Injector:85   --&gt; source: org.matsim.core.mobsim.qsim.QSimModule.configure(QSimModule.java:28)
2018-06-01 06:11:28,675  INFO Injector:87   --&gt; scope: Scopes.NO_SCOPE
2018-06-01 06:11:28,675  INFO Injector:91 
2018-06-01 06:11:28,676  INFO Injector:83 org.matsim.core.mobsim.qsim.qnetsimengine.QNetworkFactory 
2018-06-01 06:11:28,676  INFO Injector:84   --&gt; provider: FactoryProxy{key=Key[type=org.matsim.core.mobsim.qsim.qnetsimengine.QNetworkFactory, annotation=[none]], provider=com.google.inject.internal.ConstructorBindingImpl$Factory@697173d9}
2018-06-01 06:11:28,676  INFO Injector:85   --&gt; source: org.matsim.core.mobsim.qsim.QSimModule.configure(QSimModule.java:32)
2018-06-01 06:11:28,676  INFO Injector:87   --&gt; scope: Scopes.NO_SCOPE
2018-06-01 06:11:28,676  INFO Injector:91 
2018-06-01 06:11:28,676  INFO Injector:83 org.matsim.core.router.util.TravelTime @com.google.inject.name.Named(value=car)
2018-06-01 06:11:28,677  INFO Injector:84   --&gt; provider: Key[type=org.matsim.core.trafficmonitoring.ObservedLinkTravelTimes, annotation=[none]]
2018-06-01 06:11:28,677  INFO Injector:85   --&gt; source: org.matsim.core.trafficmonitoring.TravelTimeCalculatorModule.install(TravelTimeCalculatorModule.java:81)
2018-06-01 06:11:28,677  INFO Injector:87   --&gt; scope: Scopes.NO_SCOPE
2018-06-01 06:11:28,677  INFO Injector:91 
2018-06-01 06:11:28,677  INFO Injector:83 org.matsim.core.router.costcalculators.TravelDisutilityFactory @com.google.inject.name.Named(value=car)
2018-06-01 06:11:28,678  INFO Injector:84   --&gt; provider: of(org.matsim.core.router.costcalculators.RandomizingTimeDistanceTravelDisutilityFactory@57545c3f)
2018-06-01 06:11:28,678  INFO Injector:85   --&gt; source: org.matsim.core.router.costcalculators.TravelDisutilityModule.install(TravelDisutilityModule.java:34)
2018-06-01 06:11:28,678  INFO Injector:87   --&gt; scope: eager singleton
2018-06-01 06:11:28,678  INFO Injector:91 
2018-06-01 06:11:28,678  INFO Injector:83 org.matsim.core.scoring.functions.ScoringParametersForPerson 
2018-06-01 06:11:28,678  INFO Injector:84   --&gt; provider: FactoryProxy{key=Key[type=org.matsim.core.scoring.functions.ScoringParametersForPerson, annotation=[none]], provider=com.google.inject.internal.ConstructorBindingImpl$Factory@15f35bc3}
2018-06-01 06:11:28,679  INFO Injector:85   --&gt; source: org.matsim.core.scoring.functions.CharyparNagelScoringFunctionModule.install(CharyparNagelScoringFunctionModule.java:33)
2018-06-01 06:11:28,679  INFO Injector:87   --&gt; scope: Scopes.NO_SCOPE
2018-06-01 06:11:28,679  INFO Injector:91 
2018-06-01 06:11:28,679  INFO Injector:83 org.matsim.core.scoring.ExperiencedPlansService 
2018-06-01 06:11:28,679  INFO Injector:84   --&gt; provider: FactoryProxy{key=Key[type=org.matsim.core.scoring.ExperiencedPlansService, annotation=[none]], provider=com.google.inject.internal.ConstructorBindingImpl$Factory@6ba060f3}[Scopes.SINGLETON]
2018-06-01 06:11:28,679  INFO Injector:85   --&gt; source: org.matsim.core.scoring.ExperiencedPlansModule.install(ExperiencedPlansModule.java:10)
2018-06-01 06:11:28,680  INFO Injector:87   --&gt; scope: eager singleton
2018-06-01 06:11:28,680  INFO Injector:91 
2018-06-01 06:11:28,680  INFO Injector:83 org.matsim.core.router.MainModeIdentifier 
2018-06-01 06:11:28,680  INFO Injector:84   --&gt; provider: FactoryProxy{key=Key[type=org.matsim.core.router.MainModeIdentifier, annotation=[none]], provider=com.google.inject.internal.ConstructorBindingImpl$Factory@411a5965}
2018-06-01 06:11:28,680  INFO Injector:85   --&gt; source: org.matsim.core.router.TripRouterModule.install(TripRouterModule.java:44)
2018-06-01 06:11:28,681  INFO Injector:87   --&gt; scope: Scopes.NO_SCOPE
2018-06-01 06:11:28,681  INFO Injector:91 
2018-06-01 06:11:28,681  INFO Injector:83 org.matsim.core.router.util.LeastCostPathCalculatorFactory 
2018-06-01 06:11:28,681  INFO Injector:84   --&gt; provider: FactoryProxy{key=Key[type=org.matsim.core.router.util.LeastCostPathCalculatorFactory, annotation=[none]], provider=com.google.inject.internal.ConstructorBindingImpl$Factory@18a25bbd[Scopes.SINGLETON]}
2018-06-01 06:11:28,681  INFO Injector:85   --&gt; source: org.matsim.core.router.LeastCostPathCalculatorModule.install(LeastCostPathCalculatorModule.java:40)
2018-06-01 06:11:28,682  INFO Injector:87   --&gt; scope: Scopes.NO_SCOPE
2018-06-01 06:11:28,682  INFO Injector:91 
2018-06-01 06:11:28,682  INFO Injector:83 org.matsim.core.router.RoutingModule @com.google.inject.name.Named(value=ride)
2018-06-01 06:11:28,682  INFO Injector:84   --&gt; provider: org.matsim.core.router.FreespeedFactorRouting@69d23296
2018-06-01 06:11:28,682  INFO Injector:85   --&gt; source: org.matsim.core.router.TripRouterModule.install(TripRouterModule.java:55)
2018-06-01 06:11:28,682  INFO Injector:87   --&gt; scope: Scopes.NO_SCOPE
2018-06-01 06:11:28,683  INFO Injector:91 
2018-06-01 06:11:28,683  INFO Injector:83 org.matsim.core.router.RoutingModule @com.google.inject.name.Named(value=pt)
2018-06-01 06:11:28,683  INFO Injector:84   --&gt; provider: org.matsim.core.router.FreespeedFactorRouting@3c3820bb
2018-06-01 06:11:28,683  INFO Injector:85   --&gt; source: org.matsim.core.router.TripRouterModule.install(TripRouterModule.java:55)
2018-06-01 06:11:28,683  INFO Injector:87   --&gt; scope: Scopes.NO_SCOPE
2018-06-01 06:11:28,684  INFO Injector:91 
2018-06-01 06:11:28,684  INFO Injector:83 org.matsim.core.router.RoutingModule @com.google.inject.name.Named(value=bike)
2018-06-01 06:11:28,684  INFO Injector:84   --&gt; provider: org.matsim.core.router.BeelineTeleportationRouting@376c7d7d
2018-06-01 06:11:28,684  INFO Injector:85   --&gt; source: org.matsim.core.router.TripRouterModule.install(TripRouterModule.java:58)
2018-06-01 06:11:28,684  INFO Injector:87   --&gt; scope: Scopes.NO_SCOPE
2018-06-01 06:11:28,684  INFO Injector:91 
2018-06-01 06:11:28,685  INFO Injector:83 org.matsim.core.router.RoutingModule @com.google.inject.name.Named(value=walk)
2018-06-01 06:11:28,685  INFO Injector:84   --&gt; provider: org.matsim.core.router.BeelineTeleportationRouting@4784efd9
2018-06-01 06:11:28,685  INFO Injector:85   --&gt; source: org.matsim.core.router.TripRouterModule.install(TripRouterModule.java:58)
2018-06-01 06:11:28,685  INFO Injector:87   --&gt; scope: Scopes.NO_SCOPE
2018-06-01 06:11:28,685  INFO Injector:91 
2018-06-01 06:11:28,686  INFO Injector:83 org.matsim.core.router.RoutingModule @com.google.inject.name.Named(value=access_walk)
2018-06-01 06:11:28,686  INFO Injector:84   --&gt; provider: org.matsim.core.router.BeelineTeleportationRouting@3fba233d
2018-06-01 06:11:28,686  INFO Injector:85   --&gt; source: org.matsim.core.router.TripRouterModule.install(TripRouterModule.java:58)
2018-06-01 06:11:28,686  INFO Injector:87   --&gt; scope: Scopes.NO_SCOPE
2018-06-01 06:11:28,686  INFO Injector:91 
2018-06-01 06:11:28,686  INFO Injector:83 org.matsim.core.router.RoutingModule @com.google.inject.name.Named(value=egress_walk)
2018-06-01 06:11:28,687  INFO Injector:84   --&gt; provider: org.matsim.core.router.BeelineTeleportationRouting@427ae189
2018-06-01 06:11:28,687  INFO Injector:85   --&gt; source: org.matsim.core.router.TripRouterModule.install(TripRouterModule.java:58)
2018-06-01 06:11:28,687  INFO Injector:87   --&gt; scope: Scopes.NO_SCOPE
2018-06-01 06:11:28,687  INFO Injector:91 
2018-06-01 06:11:28,687  INFO Injector:83 org.matsim.core.router.RoutingModule @com.google.inject.name.Named(value=undefined)
2018-06-01 06:11:28,688  INFO Injector:84   --&gt; provider: org.matsim.core.router.BeelineTeleportationRouting@16a9eb2e
2018-06-01 06:11:28,688  INFO Injector:85   --&gt; source: org.matsim.core.router.TripRouterModule.install(TripRouterModule.java:58)
2018-06-01 06:11:28,688  INFO Injector:87   --&gt; scope: Scopes.NO_SCOPE
2018-06-01 06:11:28,688  INFO Injector:91 
2018-06-01 06:11:28,688  INFO Injector:83 org.matsim.core.router.RoutingModule @com.google.inject.name.Named(value=car)
2018-06-01 06:11:28,688  INFO Injector:84   --&gt; provider: org.matsim.core.router.NetworkRouting@76332405
2018-06-01 06:11:28,689  INFO Injector:85   --&gt; source: org.matsim.core.router.TripRouterModule.install(TripRouterModule.java:66)
2018-06-01 06:11:28,689  INFO Injector:87   --&gt; scope: Scopes.NO_SCOPE
2018-06-01 06:11:28,689  INFO Injector:91 
2018-06-01 06:11:28,689  INFO Injector:83 org.matsim.core.replanning.selectors.PlanSelector&lt;org.matsim.api.core.v01.population.Plan, org.matsim.api.core.v01.population.Person&gt; 
2018-06-01 06:11:28,689  INFO Injector:84   --&gt; provider: FactoryProxy{key=Key[type=org.matsim.core.replanning.selectors.PlanSelector&lt;org.matsim.api.core.v01.population.Plan, org.matsim.api.core.v01.population.Person&gt;, annotation=[none]], provider=com.google.inject.internal.ConstructorBindingImpl$Factory@60dd0587}
2018-06-01 06:11:28,690  INFO Injector:85   --&gt; source: org.matsim.core.replanning.strategies.DefaultPlanStrategiesModule.install(DefaultPlanStrategiesModule.java:49)
2018-06-01 06:11:28,690  INFO Injector:87   --&gt; scope: Scopes.NO_SCOPE
2018-06-01 06:11:28,690  INFO Injector:91 
2018-06-01 06:11:28,690  INFO Injector:83 org.matsim.core.replanning.ReplanningContext 
2018-06-01 06:11:28,690  INFO Injector:84   --&gt; provider: FactoryProxy{key=Key[type=org.matsim.core.replanning.ReplanningContext, annotation=[none]], provider=com.google.inject.internal.ConstructorBindingImpl$Factory@777d191f[Scopes.SINGLETON]}[Scopes.SINGLETON]
2018-06-01 06:11:28,691  INFO Injector:85   --&gt; source: org.matsim.core.replanning.StrategyManagerModule.install(StrategyManagerModule.java:48)
2018-06-01 06:11:28,691  INFO Injector:87   --&gt; scope: eager singleton
2018-06-01 06:11:28,691  INFO Injector:91 
2018-06-01 06:11:28,691  INFO Injector:83 org.matsim.core.controler.listener.ControlerListener @com.google.inject.multibindings.Element(setName=,uniqueId=270, type=MULTIBINDER, keyType=)
2018-06-01 06:11:28,691  INFO Injector:84   --&gt; provider: FactoryProxy{key=Key[type=org.matsim.core.controler.listener.ControlerListener, annotation=@com.google.inject.multibindings.Element(setName=,uniqueId=270, type=MULTIBINDER, keyType=)], provider=com.google.inject.internal.ConstructorBindingImpl$Factory@5f631ca0[Scopes.SINGLETON]}
2018-06-01 06:11:28,692  INFO Injector:85   --&gt; source: org.matsim.analysis.LinkStatsModule.install(LinkStatsModule.java:47)
2018-06-01 06:11:28,692  INFO Injector:87   --&gt; scope: Scopes.NO_SCOPE
2018-06-01 06:11:28,692  INFO Injector:91 
2018-06-01 06:11:28,692  INFO Injector:83 org.matsim.core.controler.listener.ControlerListener @com.google.inject.multibindings.Element(setName=,uniqueId=271, type=MULTIBINDER, keyType=)
2018-06-01 06:11:28,692  INFO Injector:84   --&gt; provider: FactoryProxy{key=Key[type=org.matsim.core.controler.listener.ControlerListener, annotation=@com.google.inject.multibindings.Element(setName=,uniqueId=271, type=MULTIBINDER, keyType=)], provider=com.google.inject.internal.ConstructorBindingImpl$Factory@25d0cb3a}
2018-06-01 06:11:28,692  INFO Injector:85   --&gt; source: org.matsim.analysis.LegHistogramModule.install(LegHistogramModule.java:31)
2018-06-01 06:11:28,693  INFO Injector:87   --&gt; scope: Scopes.NO_SCOPE
2018-06-01 06:11:28,693  INFO Injector:91 
2018-06-01 06:11:28,693  INFO Injector:83 org.matsim.core.controler.listener.ControlerListener @com.google.inject.multibindings.Element(setName=,uniqueId=272, type=MULTIBINDER, keyType=)
2018-06-01 06:11:28,693  INFO Injector:84   --&gt; provider: FactoryProxy{key=Key[type=org.matsim.core.controler.listener.ControlerListener, annotation=@com.google.inject.multibindings.Element(setName=,uniqueId=272, type=MULTIBINDER, keyType=)], provider=com.google.inject.internal.ConstructorBindingImpl$Factory@2f4b98f6}
2018-06-01 06:11:28,693  INFO Injector:85   --&gt; source: org.matsim.analysis.LegTimesModule.install(LegTimesModule.java:32)
2018-06-01 06:11:28,694  INFO Injector:87   --&gt; scope: Scopes.NO_SCOPE
2018-06-01 06:11:28,694  INFO Injector:91 
2018-06-01 06:11:28,694  INFO Injector:83 org.matsim.core.controler.listener.ControlerListener @com.google.inject.multibindings.Element(setName=,uniqueId=273, type=MULTIBINDER, keyType=)
2018-06-01 06:11:28,694  INFO Injector:84   --&gt; provider: FactoryProxy{key=Key[type=org.matsim.core.controler.listener.ControlerListener, annotation=@com.google.inject.multibindings.Element(setName=,uniqueId=273, type=MULTIBINDER, keyType=)], provider=com.google.inject.internal.ConstructorBindingImpl$Factory@235d659c}
2018-06-01 06:11:28,694  INFO Injector:85   --&gt; source: org.matsim.analysis.TravelDistanceStatsModule.install(TravelDistanceStatsModule.java:11)
2018-06-01 06:11:28,694  INFO Injector:87   --&gt; scope: Scopes.NO_SCOPE
2018-06-01 06:11:28,695  INFO Injector:91 
2018-06-01 06:11:28,695  INFO Injector:83 org.matsim.core.controler.listener.ControlerListener @com.google.inject.multibindings.Element(setName=,uniqueId=274, type=MULTIBINDER, keyType=)
2018-06-01 06:11:28,695  INFO Injector:84   --&gt; provider: FactoryProxy{key=Key[type=org.matsim.core.controler.listener.ControlerListener, annotation=@com.google.inject.multibindings.Element(setName=,uniqueId=274, type=MULTIBINDER, keyType=)], provider=com.google.inject.internal.ConstructorBindingImpl$Factory@360e9c06[Scopes.SINGLETON]}
2018-06-01 06:11:28,695  INFO Injector:85   --&gt; source: org.matsim.analysis.ScoreStatsModule.install(ScoreStatsModule.java:32)
2018-06-01 06:11:28,695  INFO Injector:87   --&gt; scope: Scopes.NO_SCOPE
2018-06-01 06:11:28,696  INFO Injector:91 
2018-06-01 06:11:28,696  INFO Injector:83 org.matsim.analysis.ScoreStats 
2018-06-01 06:11:28,696  INFO Injector:84   --&gt; provider: FactoryProxy{key=Key[type=org.matsim.analysis.ScoreStats, annotation=[none]], provider=com.google.inject.internal.ConstructorBindingImpl$Factory@360e9c06[Scopes.SINGLETON]}
2018-06-01 06:11:28,696  INFO Injector:85   --&gt; source: org.matsim.analysis.ScoreStatsModule.install(ScoreStatsModule.java:33)
2018-06-01 06:11:28,696  INFO Injector:87   --&gt; scope: Scopes.NO_SCOPE
2018-06-01 06:11:28,697  INFO Injector:91 
2018-06-01 06:11:28,697  INFO Injector:83 org.matsim.core.controler.listener.ControlerListener @com.google.inject.multibindings.Element(setName=,uniqueId=275, type=MULTIBINDER, keyType=)
2018-06-01 06:11:28,697  INFO Injector:84   --&gt; provider: FactoryProxy{key=Key[type=org.matsim.core.controler.listener.ControlerListener, annotation=@com.google.inject.multibindings.Element(setName=,uniqueId=275, type=MULTIBINDER, keyType=)], provider=com.google.inject.internal.ConstructorBindingImpl$Factory@234cff57[Scopes.SINGLETON]}
2018-06-01 06:11:28,697  INFO Injector:85   --&gt; source: org.matsim.analysis.ModeStatsModule.install(ModeStatsModule.java:32)
2018-06-01 06:11:28,697  INFO Injector:87   --&gt; scope: Scopes.NO_SCOPE
2018-06-01 06:11:28,698  INFO Injector:91 
2018-06-01 06:11:28,698  INFO Injector:83 org.matsim.core.controler.listener.ControlerListener @com.google.inject.multibindings.Element(setName=,uniqueId=276, type=MULTIBINDER, keyType=)
2018-06-01 06:11:28,698  INFO Injector:84   --&gt; provider: FactoryProxy{key=Key[type=org.matsim.core.controler.listener.ControlerListener, annotation=@com.google.inject.multibindings.Element(setName=,uniqueId=276, type=MULTIBINDER, keyType=)], provider=com.google.inject.internal.ConstructorBindingImpl$Factory@21eee94f}
2018-06-01 06:11:28,698  INFO Injector:85   --&gt; source: org.matsim.counts.CountsModule.install(CountsModule.java:42)
2018-06-01 06:11:28,698  INFO Injector:87   --&gt; scope: Scopes.NO_SCOPE
2018-06-01 06:11:28,698  INFO Injector:91 
2018-06-01 06:11:28,699  INFO Injector:83 org.matsim.counts.Counts&lt;org.matsim.api.core.v01.network.Link&gt; 
2018-06-01 06:11:28,699  INFO Injector:84   --&gt; provider: @Provides org.matsim.counts.CountsModule.provideLinkCounts(CountsModule.java:63)[Scopes.SINGLETON]
2018-06-01 06:11:28,699  INFO Injector:85   --&gt; source: org.matsim.counts.Counts org.matsim.counts.CountsModule.provideLinkCounts(org.matsim.api.core.v01.Scenario,org.matsim.core.config.groups.CountsConfigGroup)
2018-06-01 06:11:28,699  INFO Injector:87   --&gt; scope: Scopes.SINGLETON
2018-06-01 06:11:28,699  INFO Injector:91 
2018-06-01 06:11:28,700  INFO Injector:83 org.matsim.core.controler.listener.ControlerListener @com.google.inject.multibindings.Element(setName=,uniqueId=277, type=MULTIBINDER, keyType=)
2018-06-01 06:11:28,700  INFO Injector:84   --&gt; provider: FactoryProxy{key=Key[type=org.matsim.core.controler.listener.ControlerListener, annotation=@com.google.inject.multibindings.Element(setName=,uniqueId=277, type=MULTIBINDER, keyType=)], provider=com.google.inject.internal.ConstructorBindingImpl$Factory@6d2a2560}
2018-06-01 06:11:28,700  INFO Injector:85   --&gt; source: org.matsim.core.population.VspPlansCleanerModule.install(VspPlansCleanerModule.java:34)
2018-06-01 06:11:28,700  INFO Injector:87   --&gt; scope: Scopes.NO_SCOPE
2018-06-01 06:11:28,700  INFO Injector:91 
2018-06-01 06:11:28,701  INFO Injector:83 org.matsim.core.mobsim.framework.listeners.MobsimListener @com.google.inject.multibindings.Element(setName=,uniqueId=278, type=MULTIBINDER, keyType=)
2018-06-01 06:11:28,701  INFO Injector:84   --&gt; provider: Key[type=org.matsim.vis.snapshotwriters.SnapshotWritersModule$SnapshotWriterManagerProvider, annotation=[none]]
2018-06-01 06:11:28,701  INFO Injector:85   --&gt; source: org.matsim.vis.snapshotwriters.SnapshotWritersModule.install(SnapshotWritersModule.java:45)
2018-06-01 06:11:28,701  INFO Injector:87   --&gt; scope: Scopes.NO_SCOPE
2018-06-01 06:11:28,701  INFO Injector:91 
2018-06-01 06:11:28,701  INFO Injector:83 org.matsim.core.router.RoutingModule @com.google.inject.multibindings.Element(setName=,uniqueId=304, type=MAPBINDER, keyType=java.lang.String)
2018-06-01 06:11:28,702  INFO Injector:84   --&gt; provider: FactoryProxy{key=Key[type=org.matsim.core.router.RoutingModule, annotation=@com.google.inject.multibindings.Element(setName=,uniqueId=304, type=MAPBINDER, keyType=java.lang.String)], provider=org.matsim.core.router.BeelineTeleportationRouting@427ae189}
2018-06-01 06:11:28,702  INFO Injector:85   --&gt; source: org.matsim.core.controler.Injector$3.configure(Injector.java:123)
2018-06-01 06:11:28,702  INFO Injector:87   --&gt; scope: Scopes.NO_SCOPE
2018-06-01 06:11:28,702  INFO Injector:91 
2018-06-01 06:11:28,702  INFO Injector:83 org.matsim.core.router.RoutingModule @com.google.inject.multibindings.Element(setName=,uniqueId=306, type=MAPBINDER, keyType=java.lang.String)
2018-06-01 06:11:28,703  INFO Injector:84   --&gt; provider: FactoryProxy{key=Key[type=org.matsim.core.router.RoutingModule, annotation=@com.google.inject.multibindings.Element(setName=,uniqueId=306, type=MAPBINDER, keyType=java.lang.String)], provider=org.matsim.core.router.FreespeedFactorRouting@3c3820bb}
2018-06-01 06:11:28,703  INFO Injector:85   --&gt; source: org.matsim.core.controler.Injector$3.configure(Injector.java:123)
2018-06-01 06:11:28,703  INFO Injector:87   --&gt; scope: Scopes.NO_SCOPE
2018-06-01 06:11:28,703  INFO Injector:91 
2018-06-01 06:11:28,703  INFO Injector:83 org.matsim.core.router.RoutingModule @com.google.inject.multibindings.Element(setName=,uniqueId=308, type=MAPBINDER, keyType=java.lang.String)
2018-06-01 06:11:28,704  INFO Injector:84   --&gt; provider: FactoryProxy{key=Key[type=org.matsim.core.router.RoutingModule, annotation=@com.google.inject.multibindings.Element(setName=,uniqueId=308, type=MAPBINDER, keyType=java.lang.String)], provider=FactoryProxy{key=Key[type=org.matsim.core.router.RoutingModule, annotation=@com.google.inject.name.Named(value=av)], provider=com.google.inject.internal.ConstructorBindingImpl$Factory@1d408060[Scopes.SINGLETON]}}
2018-06-01 06:11:28,704  INFO Injector:85   --&gt; source: org.matsim.core.controler.Injector$3.configure(Injector.java:123)
2018-06-01 06:11:28,704  INFO Injector:87   --&gt; scope: Scopes.NO_SCOPE
2018-06-01 06:11:28,704  INFO Injector:91 
2018-06-01 06:11:28,705  INFO Injector:83 org.matsim.core.router.RoutingModule @com.google.inject.multibindings.Element(setName=,uniqueId=310, type=MAPBINDER, keyType=java.lang.String)
2018-06-01 06:11:28,705  INFO Injector:84   --&gt; provider: FactoryProxy{key=Key[type=org.matsim.core.router.RoutingModule, annotation=@com.google.inject.multibindings.Element(setName=,uniqueId=310, type=MAPBINDER, keyType=java.lang.String)], provider=org.matsim.core.router.NetworkRouting@76332405}
2018-06-01 06:11:28,705  INFO Injector:85   --&gt; source: org.matsim.core.controler.Injector$3.configure(Injector.java:123)
2018-06-01 06:11:28,705  INFO Injector:87   --&gt; scope: Scopes.NO_SCOPE
2018-06-01 06:11:28,706  INFO Injector:91 
2018-06-01 06:11:28,706  INFO Injector:83 org.matsim.core.router.RoutingModule @com.google.inject.multibindings.Element(setName=,uniqueId=312, type=MAPBINDER, keyType=java.lang.String)
2018-06-01 06:11:28,706  INFO Injector:84   --&gt; provider: FactoryProxy{key=Key[type=org.matsim.core.router.RoutingModule, annotation=@com.google.inject.multibindings.Element(setName=,uniqueId=312, type=MAPBINDER, keyType=java.lang.String)], provider=org.matsim.core.router.BeelineTeleportationRouting@3fba233d}
2018-06-01 06:11:28,706  INFO Injector:85   --&gt; source: org.matsim.core.controler.Injector$3.configure(Injector.java:123)
2018-06-01 06:11:28,707  INFO Injector:87   --&gt; scope: Scopes.NO_SCOPE
2018-06-01 06:11:28,707  INFO Injector:91 
2018-06-01 06:11:28,707  INFO Injector:83 org.matsim.core.router.RoutingModule @com.google.inject.multibindings.Element(setName=,uniqueId=314, type=MAPBINDER, keyType=java.lang.String)
2018-06-01 06:11:28,707  INFO Injector:84   --&gt; provider: FactoryProxy{key=Key[type=org.matsim.core.router.RoutingModule, annotation=@com.google.inject.multibindings.Element(setName=,uniqueId=314, type=MAPBINDER, keyType=java.lang.String)], provider=org.matsim.core.router.FreespeedFactorRouting@69d23296}
2018-06-01 06:11:28,707  INFO Injector:85   --&gt; source: org.matsim.core.controler.Injector$3.configure(Injector.java:123)
2018-06-01 06:11:28,708  INFO Injector:87   --&gt; scope: Scopes.NO_SCOPE
2018-06-01 06:11:28,708  INFO Injector:91 
2018-06-01 06:11:28,708  INFO Injector:83 org.matsim.core.router.RoutingModule @com.google.inject.multibindings.Element(setName=,uniqueId=316, type=MAPBINDER, keyType=java.lang.String)
2018-06-01 06:11:28,708  INFO Injector:84   --&gt; provider: FactoryProxy{key=Key[type=org.matsim.core.router.RoutingModule, annotation=@com.google.inject.multibindings.Element(setName=,uniqueId=316, type=MAPBINDER, keyType=java.lang.String)], provider=org.matsim.core.router.BeelineTeleportationRouting@4784efd9}
2018-06-01 06:11:28,709  INFO Injector:85   --&gt; source: org.matsim.core.controler.Injector$3.configure(Injector.java:123)
2018-06-01 06:11:28,709  INFO Injector:87   --&gt; scope: Scopes.NO_SCOPE
2018-06-01 06:11:28,709  INFO Injector:91 
2018-06-01 06:11:28,709  INFO Injector:83 org.matsim.core.router.RoutingModule @com.google.inject.multibindings.Element(setName=,uniqueId=318, type=MAPBINDER, keyType=java.lang.String)
2018-06-01 06:11:28,710  INFO Injector:84   --&gt; provider: FactoryProxy{key=Key[type=org.matsim.core.router.RoutingModule, annotation=@com.google.inject.multibindings.Element(setName=,uniqueId=318, type=MAPBINDER, keyType=java.lang.String)], provider=org.matsim.core.router.BeelineTeleportationRouting@376c7d7d}
2018-06-01 06:11:28,710  INFO Injector:85   --&gt; source: org.matsim.core.controler.Injector$3.configure(Injector.java:123)
2018-06-01 06:11:28,710  INFO Injector:87   --&gt; scope: Scopes.NO_SCOPE
2018-06-01 06:11:28,710  INFO Injector:91 
2018-06-01 06:11:28,710  INFO Injector:83 org.matsim.core.router.RoutingModule @com.google.inject.multibindings.Element(setName=,uniqueId=320, type=MAPBINDER, keyType=java.lang.String)
2018-06-01 06:11:28,711  INFO Injector:84   --&gt; provider: FactoryProxy{key=Key[type=org.matsim.core.router.RoutingModule, annotation=@com.google.inject.multibindings.Element(setName=,uniqueId=320, type=MAPBINDER, keyType=java.lang.String)], provider=org.matsim.core.router.BeelineTeleportationRouting@16a9eb2e}
2018-06-01 06:11:28,711  INFO Injector:85   --&gt; source: org.matsim.core.controler.Injector$3.configure(Injector.java:123)
2018-06-01 06:11:28,711  INFO Injector:87   --&gt; scope: Scopes.NO_SCOPE
2018-06-01 06:11:28,711  INFO Injector:91 
2018-06-01 06:11:28,712  INFO Injector:83 org.matsim.core.router.util.TravelTime @com.google.inject.multibindings.Element(setName=,uniqueId=322, type=MAPBINDER, keyType=java.lang.String)
2018-06-01 06:11:28,712  INFO Injector:84   --&gt; provider: FactoryProxy{key=Key[type=org.matsim.core.router.util.TravelTime, annotation=@com.google.inject.multibindings.Element(setName=,uniqueId=322, type=MAPBINDER, keyType=java.lang.String)], provider=ConstantFactory{value=org.matsim.core.trafficmonitoring.FreeSpeedTravelTime@55651434}[Scopes.SINGLETON]}
2018-06-01 06:11:28,712  INFO Injector:85   --&gt; source: org.matsim.core.controler.Injector$3.configure(Injector.java:123)
2018-06-01 06:11:28,712  INFO Injector:87   --&gt; scope: Scopes.NO_SCOPE
2018-06-01 06:11:28,713  INFO Injector:91 
2018-06-01 06:11:28,713  INFO Injector:83 org.matsim.core.router.util.TravelTime @com.google.inject.multibindings.Element(setName=,uniqueId=324, type=MAPBINDER, keyType=java.lang.String)
2018-06-01 06:11:28,713  INFO Injector:84   --&gt; provider: FactoryProxy{key=Key[type=org.matsim.core.router.util.TravelTime, annotation=@com.google.inject.multibindings.Element(setName=,uniqueId=324, type=MAPBINDER, keyType=java.lang.String)], provider=@Provides org.matsim.contrib.dvrp.trafficmonitoring.DvrpTravelTimeModule.provideTravelTime(DvrpTravelTimeModule.java:51)[Scopes.SINGLETON]}
2018-06-01 06:11:28,713  INFO Injector:85   --&gt; source: org.matsim.core.controler.Injector$3.configure(Injector.java:123)
2018-06-01 06:11:28,713  INFO Injector:87   --&gt; scope: Scopes.NO_SCOPE
2018-06-01 06:11:28,714  INFO Injector:91 
2018-06-01 06:11:28,714  INFO Injector:83 org.matsim.core.router.util.TravelTime @com.google.inject.multibindings.Element(setName=,uniqueId=326, type=MAPBINDER, keyType=java.lang.String)
2018-06-01 06:11:28,714  INFO Injector:84   --&gt; provider: FactoryProxy{key=Key[type=org.matsim.core.router.util.TravelTime, annotation=@com.google.inject.multibindings.Element(setName=,uniqueId=326, type=MAPBINDER, keyType=java.lang.String)], provider=FactoryProxy{key=Key[type=org.matsim.core.router.util.TravelTime, annotation=@com.google.inject.name.Named(value=av)], provider=FactoryProxy{key=Key[type=org.matsim.core.router.util.TravelTime, annotation=@com.google.inject.name.Named(value=dvrp_estimated)], provider=FactoryProxy{key=Key[type=org.matsim.contrib.dvrp.trafficmonitoring.DvrpTravelTimeEstimator, annotation=[none]], provider=com.google.inject.internal.ConstructorBindingImpl$Factory@48eb001a}[Scopes.SINGLETON]}}}
2018-06-01 06:11:28,715  INFO Injector:85   --&gt; source: org.matsim.core.controler.Injector$3.configure(Injector.java:123)
2018-06-01 06:11:28,715  INFO Injector:87   --&gt; scope: Scopes.NO_SCOPE
2018-06-01 06:11:28,715  INFO Injector:91 
2018-06-01 06:11:28,715  INFO Injector:83 org.matsim.core.router.util.TravelTime @com.google.inject.multibindings.Element(setName=,uniqueId=328, type=MAPBINDER, keyType=java.lang.String)
2018-06-01 06:11:28,715  INFO Injector:84   --&gt; provider: FactoryProxy{key=Key[type=org.matsim.core.router.util.TravelTime, annotation=@com.google.inject.multibindings.Element(setName=,uniqueId=328, type=MAPBINDER, keyType=java.lang.String)], provider=Key[type=org.matsim.core.trafficmonitoring.ObservedLinkTravelTimes, annotation=[none]]}
2018-06-01 06:11:28,715  INFO Injector:85   --&gt; source: org.matsim.core.controler.Injector$3.configure(Injector.java:123)
2018-06-01 06:11:28,716  INFO Injector:87   --&gt; scope: Scopes.NO_SCOPE
2018-06-01 06:11:28,716  INFO Injector:91 
2018-06-01 06:11:28,716  INFO Injector:83 org.matsim.core.router.util.TravelTime @com.google.inject.multibindings.Element(setName=,uniqueId=330, type=MAPBINDER, keyType=java.lang.String)
2018-06-01 06:11:28,716  INFO Injector:84   --&gt; provider: FactoryProxy{key=Key[type=org.matsim.core.router.util.TravelTime, annotation=@com.google.inject.multibindings.Element(setName=,uniqueId=330, type=MAPBINDER, keyType=java.lang.String)], provider=FactoryProxy{key=Key[type=org.matsim.core.router.util.TravelTime, annotation=@com.google.inject.name.Named(value=dvrp_estimated)], provider=FactoryProxy{key=Key[type=org.matsim.contrib.dvrp.trafficmonitoring.DvrpTravelTimeEstimator, annotation=[none]], provider=com.google.inject.internal.ConstructorBindingImpl$Factory@48eb001a}[Scopes.SINGLETON]}}
2018-06-01 06:11:28,716  INFO Injector:85   --&gt; source: org.matsim.core.controler.Injector$3.configure(Injector.java:123)
2018-06-01 06:11:28,717  INFO Injector:87   --&gt; scope: Scopes.NO_SCOPE
2018-06-01 06:11:28,717  INFO Injector:91 
2018-06-01 06:11:28,717  INFO Injector:83 org.matsim.core.router.costcalculators.TravelDisutilityFactory @com.google.inject.multibindings.Element(setName=,uniqueId=332, type=MAPBINDER, keyType=java.lang.String)
2018-06-01 06:11:28,717  INFO Injector:84   --&gt; provider: FactoryProxy{key=Key[type=org.matsim.core.router.costcalculators.TravelDisutilityFactory, annotation=@com.google.inject.multibindings.Element(setName=,uniqueId=332, type=MAPBINDER, keyType=java.lang.String)], provider=ConstantFactory{value=org.matsim.core.router.costcalculators.RandomizingTimeDistanceTravelDisutilityFactory@57545c3f}[Scopes.SINGLETON]}
2018-06-01 06:11:28,717  INFO Injector:85   --&gt; source: org.matsim.core.controler.Injector$3.configure(Injector.java:123)
2018-06-01 06:11:28,717  INFO Injector:87   --&gt; scope: Scopes.NO_SCOPE
2018-06-01 06:11:28,718  INFO Injector:91 
2018-06-01 06:11:28,718  INFO Injector:83 org.matsim.core.controler.ControlerListenerManagerImpl 
2018-06-01 06:11:28,718  INFO Injector:84   --&gt; provider: com.google.inject.internal.ConstructorBindingImpl$Factory@6749fe50[Scopes.SINGLETON]
2018-06-01 06:11:28,718  INFO Injector:85   --&gt; source: org.matsim.core.controler.NewControlerModule.install(NewControlerModule.java:9)
2018-06-01 06:11:28,718  INFO Injector:87   --&gt; scope: eager singleton
2018-06-01 06:11:28,718  INFO Injector:91 
2018-06-01 06:11:28,719  INFO Injector:83 org.matsim.analysis.IterationStopWatch 
2018-06-01 06:11:28,719  INFO Injector:84   --&gt; provider: com.google.inject.internal.ConstructorBindingImpl$Factory@550de6b8[Scopes.SINGLETON]
2018-06-01 06:11:28,719  INFO Injector:85   --&gt; source: org.matsim.core.controler.NewControlerModule.install(NewControlerModule.java:12)
2018-06-01 06:11:28,719  INFO Injector:87   --&gt; scope: eager singleton
2018-06-01 06:11:28,719  INFO Injector:91 
2018-06-01 06:11:28,720  INFO Injector:83 org.matsim.core.controler.OutputDirectoryHierarchy 
2018-06-01 06:11:28,720  INFO Injector:84   --&gt; provider: com.google.inject.internal.ConstructorBindingImpl$Factory@5e9f73b[Scopes.SINGLETON]
2018-06-01 06:11:28,720  INFO Injector:85   --&gt; source: org.matsim.core.controler.NewControlerModule.install(NewControlerModule.java:13)
2018-06-01 06:11:28,720  INFO Injector:87   --&gt; scope: eager singleton
2018-06-01 06:11:28,720  INFO Injector:91 
2018-06-01 06:11:28,720  INFO Injector:83 org.matsim.core.scoring.ScoringFunctionsForPopulation 
2018-06-01 06:11:28,721  INFO Injector:84   --&gt; provider: com.google.inject.internal.ConstructorBindingImpl$Factory@76e9f00b[Scopes.SINGLETON]
2018-06-01 06:11:28,721  INFO Injector:85   --&gt; source: org.matsim.core.scoring.PlansScoringModule.install(PlansScoringModule.java:10)
2018-06-01 06:11:28,721  INFO Injector:87   --&gt; scope: eager singleton
2018-06-01 06:11:28,721  INFO Injector:91 
2018-06-01 06:11:28,721  INFO Injector:83 org.matsim.core.events.EventsManagerModule$EventHandlerRegistrator 
2018-06-01 06:11:28,722  INFO Injector:84   --&gt; provider: com.google.inject.internal.ConstructorBindingImpl$Factory@365cdacf[Scopes.SINGLETON]
2018-06-01 06:11:28,722  INFO Injector:85   --&gt; source: org.matsim.core.events.EventsManagerModule.install(EventsManagerModule.java:25)
2018-06-01 06:11:28,722  INFO Injector:87   --&gt; scope: eager singleton
2018-06-01 06:11:28,722  INFO Injector:91 
2018-06-01 06:11:28,722  INFO Injector:83 org.matsim.core.trafficmonitoring.TravelTimeCalculator 
2018-06-01 06:11:28,722  INFO Injector:84   --&gt; provider: com.google.inject.internal.ConstructorBindingImpl$Factory@b5de58f[Scopes.SINGLETON]
2018-06-01 06:11:28,723  INFO Injector:85   --&gt; source: org.matsim.core.trafficmonitoring.TravelTimeCalculatorModule.install(TravelTimeCalculatorModule.java:76)
2018-06-01 06:11:28,723  INFO Injector:87   --&gt; scope: Scopes.SINGLETON
2018-06-01 06:11:28,723  INFO Injector:91 
2018-06-01 06:11:28,723  INFO Injector:83 org.matsim.core.scoring.EventsToActivities 
2018-06-01 06:11:28,723  INFO Injector:84   --&gt; provider: com.google.inject.internal.ConstructorBindingImpl$Factory@52a33c3f[Scopes.SINGLETON]
2018-06-01 06:11:28,723  INFO Injector:85   --&gt; source: org.matsim.core.scoring.ExperiencedPlanElementsModule.install(ExperiencedPlanElementsModule.java:12)
2018-06-01 06:11:28,724  INFO Injector:87   --&gt; scope: eager singleton
2018-06-01 06:11:28,724  INFO Injector:91 
2018-06-01 06:11:28,724  INFO Injector:83 org.matsim.core.scoring.EventsToLegs 
2018-06-01 06:11:28,724  INFO Injector:84   --&gt; provider: com.google.inject.internal.ConstructorBindingImpl$Factory@60bb7995[Scopes.SINGLETON]
2018-06-01 06:11:28,724  INFO Injector:85   --&gt; source: org.matsim.core.scoring.ExperiencedPlanElementsModule.install(ExperiencedPlanElementsModule.java:13)
2018-06-01 06:11:28,724  INFO Injector:87   --&gt; scope: eager singleton
2018-06-01 06:11:28,725  INFO Injector:91 
2018-06-01 06:11:28,725  INFO Injector:83 org.matsim.core.router.TripRouter 
2018-06-01 06:11:28,725  INFO Injector:84   --&gt; provider: com.google.inject.internal.ConstructorBindingImpl$Factory@14fded9d
2018-06-01 06:11:28,725  INFO Injector:85   --&gt; source: org.matsim.core.router.TripRouterModule.install(TripRouterModule.java:43)
2018-06-01 06:11:28,725  INFO Injector:87   --&gt; scope: Scopes.NO_SCOPE
2018-06-01 06:11:28,726  INFO Injector:91 
2018-06-01 06:11:28,726  INFO Injector:83 org.matsim.core.router.SingleModeNetworksCache 
2018-06-01 06:11:28,726  INFO Injector:84   --&gt; provider: com.google.inject.internal.ConstructorBindingImpl$Factory@6198e9b5[Scopes.SINGLETON]
2018-06-01 06:11:28,726  INFO Injector:85   --&gt; source: org.matsim.core.router.TripRouterModule.install(TripRouterModule.java:47)
2018-06-01 06:11:28,726  INFO Injector:87   --&gt; scope: eager singleton
2018-06-01 06:11:28,726  INFO Injector:91 
2018-06-01 06:11:28,727  INFO Injector:83 org.matsim.core.replanning.StrategyManager 
2018-06-01 06:11:28,727  INFO Injector:84   --&gt; provider: com.google.inject.internal.ConstructorBindingImpl$Factory@3138953b[Scopes.SINGLETON]
2018-06-01 06:11:28,727  INFO Injector:85   --&gt; source: org.matsim.core.replanning.StrategyManagerModule.install(StrategyManagerModule.java:47)
2018-06-01 06:11:28,727  INFO Injector:87   --&gt; scope: Scopes.SINGLETON
2018-06-01 06:11:28,727  INFO Injector:91 
2018-06-01 06:11:28,727  INFO Injector:83 org.matsim.analysis.CalcLinkStats 
2018-06-01 06:11:28,728  INFO Injector:84   --&gt; provider: com.google.inject.internal.ConstructorBindingImpl$Factory@f425231[Scopes.SINGLETON]
2018-06-01 06:11:28,728  INFO Injector:85   --&gt; source: org.matsim.analysis.LinkStatsModule.install(LinkStatsModule.java:37)
2018-06-01 06:11:28,728  INFO Injector:87   --&gt; scope: eager singleton
2018-06-01 06:11:28,728  INFO Injector:91 
2018-06-01 06:11:28,728  INFO Injector:83 org.matsim.analysis.LinkStatsControlerListener 
2018-06-01 06:11:28,728  INFO Injector:84   --&gt; provider: com.google.inject.internal.ConstructorBindingImpl$Factory@5f631ca0[Scopes.SINGLETON]
2018-06-01 06:11:28,729  INFO Injector:85   --&gt; source: org.matsim.analysis.LinkStatsModule.install(LinkStatsModule.java:46)
2018-06-01 06:11:28,729  INFO Injector:87   --&gt; scope: eager singleton
2018-06-01 06:11:28,729  INFO Injector:91 
2018-06-01 06:11:28,729  INFO Injector:83 org.matsim.analysis.VolumesAnalyzer 
2018-06-01 06:11:28,729  INFO Injector:84   --&gt; provider: com.google.inject.internal.ConstructorBindingImpl$Factory@4a2e7bcb[Scopes.SINGLETON]
2018-06-01 06:11:28,729  INFO Injector:85   --&gt; source: org.matsim.analysis.VolumesAnalyzerModule.install(VolumesAnalyzerModule.java:31)
2018-06-01 06:11:28,730  INFO Injector:87   --&gt; scope: eager singleton
2018-06-01 06:11:28,730  INFO Injector:91 
2018-06-01 06:11:28,730  INFO Injector:83 org.matsim.analysis.LegHistogram 
2018-06-01 06:11:28,730  INFO Injector:84   --&gt; provider: com.google.inject.internal.ConstructorBindingImpl$Factory@49e4c2d5
2018-06-01 06:11:28,730  INFO Injector:85   --&gt; source: org.matsim.analysis.LegHistogramModule.install(LegHistogramModule.java:30)
2018-06-01 06:11:28,730  INFO Injector:87   --&gt; scope: Scopes.NO_SCOPE
2018-06-01 06:11:28,731  INFO Injector:91 
2018-06-01 06:11:28,731  INFO Injector:83 org.matsim.analysis.CalcLegTimes 
2018-06-01 06:11:28,731  INFO Injector:84   --&gt; provider: com.google.inject.internal.ConstructorBindingImpl$Factory@37e69c43[Scopes.SINGLETON]
2018-06-01 06:11:28,731  INFO Injector:85   --&gt; source: org.matsim.analysis.LegTimesModule.install(LegTimesModule.java:31)
2018-06-01 06:11:28,731  INFO Injector:87   --&gt; scope: Scopes.SINGLETON
2018-06-01 06:11:28,731  INFO Injector:91 
2018-06-01 06:11:28,732  INFO Injector:83 org.matsim.analysis.TravelDistanceStats 
2018-06-01 06:11:28,732  INFO Injector:84   --&gt; provider: com.google.inject.internal.ConstructorBindingImpl$Factory@518ddd3b[Scopes.SINGLETON]
2018-06-01 06:11:28,732  INFO Injector:85   --&gt; source: org.matsim.analysis.TravelDistanceStatsModule.install(TravelDistanceStatsModule.java:10)
2018-06-01 06:11:28,732  INFO Injector:87   --&gt; scope: eager singleton
2018-06-01 06:11:28,732  INFO Injector:91 
2018-06-01 06:11:28,733  INFO Injector:83 org.matsim.analysis.ScoreStatsControlerListener 
2018-06-01 06:11:28,733  INFO Injector:84   --&gt; provider: com.google.inject.internal.ConstructorBindingImpl$Factory@360e9c06[Scopes.SINGLETON]
2018-06-01 06:11:28,733  INFO Injector:85   --&gt; source: org.matsim.analysis.ScoreStatsModule.install(ScoreStatsModule.java:31)
2018-06-01 06:11:28,733  INFO Injector:87   --&gt; scope: Scopes.SINGLETON
2018-06-01 06:11:28,733  INFO Injector:91 
2018-06-01 06:11:28,733  INFO Injector:83 org.matsim.analysis.ModeStatsControlerListener 
2018-06-01 06:11:28,734  INFO Injector:84   --&gt; provider: com.google.inject.internal.ConstructorBindingImpl$Factory@234cff57[Scopes.SINGLETON]
2018-06-01 06:11:28,734  INFO Injector:85   --&gt; source: org.matsim.analysis.ModeStatsModule.install(ModeStatsModule.java:31)
2018-06-01 06:11:28,734  INFO Injector:87   --&gt; scope: Scopes.SINGLETON
2018-06-01 06:11:28,734  INFO Injector:91 
2018-06-01 06:11:28,734  INFO Injector:83 org.matsim.counts.CountsModule$CountsInitializer 
2018-06-01 06:11:28,734  INFO Injector:84   --&gt; provider: com.google.inject.internal.ConstructorBindingImpl$Factory@772caabe[Scopes.SINGLETON]
2018-06-01 06:11:28,735  INFO Injector:85   --&gt; source: org.matsim.counts.CountsModule.install(CountsModule.java:43)
2018-06-01 06:11:28,735  INFO Injector:87   --&gt; scope: eager singleton
2018-06-01 06:11:28,735  INFO Injector:91 
2018-06-01 06:11:28,741  INFO ControlerListenerManagerImpl:107 calling notifyStartup on org.matsim.counts.CountsControlerListener
2018-06-01 06:11:28,741  INFO ControlerListenerManagerImpl:107 calling notifyStartup on org.matsim.analysis.ModeStatsControlerListener
2018-06-01 06:11:28,742  INFO NetworkImpl:156  node # 1
2018-06-01 06:11:28,742  INFO NetworkImpl:156  node # 2
2018-06-01 06:11:28,742  INFO NetworkImpl:156  node # 4
2018-06-01 06:11:28,743  INFO NetworkImpl:156  node # 8
2018-06-01 06:11:28,743  INFO NetworkImpl:156  node # 16
2018-06-01 06:11:28,743  INFO NetworkImpl:156  node # 32
2018-06-01 06:11:28,743  INFO NetworkImpl:156  node # 64
2018-06-01 06:11:28,744  INFO NetworkImpl:152  link # 1
2018-06-01 06:11:28,744  INFO NetworkImpl:152  link # 2
2018-06-01 06:11:28,744  INFO NetworkImpl:152  link # 4
2018-06-01 06:11:28,745  INFO NetworkImpl:152  link # 8
2018-06-01 06:11:28,745  INFO NetworkImpl:152  link # 16
2018-06-01 06:11:28,745  INFO NetworkImpl:152  link # 32
2018-06-01 06:11:28,746  INFO NetworkImpl:152  link # 64
2018-06-01 06:11:28,746  INFO NetworkImpl:152  link # 128
2018-06-01 06:11:28,747  INFO NetworkImpl:152  link # 256
2018-06-01 06:11:28,748  INFO ControlerListenerManagerImpl:107 calling notifyStartup on org.matsim.analysis.ScoreStatsControlerListener
2018-06-01 06:11:28,748  INFO ControlerListenerManagerImpl:110 all ControlerStartupListeners called.
2018-06-01 06:11:28,749  INFO ControlerUtils:58 config dump before iterations start
2018-06-01 06:11:28,749  INFO Config:563 setting context to [file:/root/workspace/idsc-frazzoli/amodeus/386486391/]
2018-06-01 06:11:28,754  INFO ControlerUtils:62 

&lt;?xml version=&quot;1.0&quot; encoding=&quot;UTF-8&quot;?&gt;
&lt;!DOCTYPE config SYSTEM &quot;http://www.matsim.org/files/dtd/config_v2.dtd&quot;&gt;
&lt;config&gt;

&lt;!-- ====================================================================== --&gt;

	&lt;module name=&quot;JDEQSim&quot; &gt;
		&lt;param name=&quot;carSize&quot; value=&quot;7.5&quot; /&gt;
		&lt;param name=&quot;endTime&quot; value=&quot;undefined&quot; /&gt;
		&lt;param name=&quot;flowCapacityFactor&quot; value=&quot;1.0&quot; /&gt;
		&lt;param name=&quot;gapTravelSpeed&quot; value=&quot;15.0&quot; /&gt;
		&lt;param name=&quot;minimumInFlowCapacity&quot; value=&quot;1800.0&quot; /&gt;
		&lt;param name=&quot;squeezeTime&quot; value=&quot;1800.0&quot; /&gt;
		&lt;param name=&quot;storageCapacityFactor&quot; value=&quot;1.0&quot; /&gt;
	&lt;/module&gt;

&lt;!-- ====================================================================== --&gt;

	&lt;module name=&quot;TimeAllocationMutator&quot; &gt;

		&lt;!-- Default:true; Defines whether time mutation changes an activity&apos;s duration. --&gt;
		&lt;param name=&quot;mutationAffectsDuration&quot; value=&quot;true&quot; /&gt;

		&lt;!-- Default:1800.0; Defines how many seconds a time mutation can maximally shift a time. --&gt;
		&lt;param name=&quot;mutationRange&quot; value=&quot;1800.0&quot; /&gt;

		&lt;!-- false; Use individual settings for each subpopulation. If enabled but no settings are found, regular settings are uses as fallback. --&gt;
		&lt;param name=&quot;useIndividualSettingsForSubpopulations&quot; value=&quot;false&quot; /&gt;
	&lt;/module&gt;

&lt;!-- ====================================================================== --&gt;

	&lt;module name=&quot;av&quot; &gt;
		&lt;param name=&quot;config&quot; value=&quot;null&quot; /&gt;
		&lt;param name=&quot;parallelRouters&quot; value=&quot;4&quot; /&gt;
	&lt;/module&gt;

&lt;!-- ====================================================================== --&gt;

&lt;!-- ====================================================================== --&gt;

	&lt;module name=&quot;changeMode&quot; &gt;
		&lt;param name=&quot;ignoreCarAvailability&quot; value=&quot;true&quot; /&gt;
		&lt;param name=&quot;modes&quot; value=&quot;car,pt&quot; /&gt;
	&lt;/module&gt;

&lt;!-- ====================================================================== --&gt;

	&lt;module name=&quot;controler&quot; &gt;

		&lt;!-- Sets whether graphs showing some analyses should automatically be generated during the simulation. The generation of graphs usually takes a small amount of time that does not have any weight in big simulations, but add a significant overhead in smaller runs or in test cases where the graphical output is not even requested. --&gt;
		&lt;param name=&quot;createGraphs&quot; value=&quot;false&quot; /&gt;

		&lt;!-- true if at the end of a run, plans, network, config etc should be dumped to a file --&gt;
		&lt;param name=&quot;dumpDataAtEnd&quot; value=&quot;false&quot; /&gt;

		&lt;!-- Default=false. If enabled, the router takes travel times needed for turning moves into account. Cannot be used if the (Fast)AStarLandmarks routing or TravelTimeCalculator.separateModes is enabled. --&gt;
		&lt;param name=&quot;enableLinkToLinkRouting&quot; value=&quot;false&quot; /&gt;

		&lt;!-- Default=xml; Specifies the file format for writing events. Currently supported: xml.
		Multiple values can be specified separated by commas (&apos;,&apos;). --&gt;
		&lt;param name=&quot;eventsFileFormat&quot; value=&quot;xml&quot; /&gt;

		&lt;!-- Default=0;  --&gt;
		&lt;param name=&quot;firstIteration&quot; value=&quot;0&quot; /&gt;

		&lt;!-- Default=1000;  --&gt;
		&lt;param name=&quot;lastIteration&quot; value=&quot;0&quot; /&gt;

		&lt;!-- Defines which mobility simulation will be used. Currently supported: qsim JDEQSim 
		Depending on the chosen mobsim, you&apos;ll have to add additional config modules to configure the corresponding mobsim.
		For &apos;qsim&apos;, add a module &apos;qsim&apos; to the config. --&gt;
		&lt;param name=&quot;mobsim&quot; value=&quot;qsim&quot; /&gt;

		&lt;param name=&quot;outputDirectory&quot; value=&quot;./output&quot; /&gt;

		&lt;!-- Possible values: failIfDirectoryExists, overwriteExistingFiles, deleteDirectoryIfExists --&gt;
		&lt;param name=&quot;overwriteFiles&quot; value=&quot;deleteDirectoryIfExists&quot; /&gt;

		&lt;!-- The type of routing (least cost path) algorithm used, may have the values: Dijkstra, FastDijkstra, AStarLandmarks or FastAStarLandmarks --&gt;
		&lt;param name=&quot;routingAlgorithmType&quot; value=&quot;Dijkstra&quot; /&gt;

		&lt;!-- An identifier for the current run which is used as prefix for output files and mentioned in output xml files etc. --&gt;
		&lt;param name=&quot;runId&quot; value=&quot;null&quot; /&gt;

		&lt;!-- Comma-separated list of visualizer output file formats. `transims&apos;, `googleearth&apos;, and `otfvis&apos;. --&gt;
		&lt;param name=&quot;snapshotFormat&quot; value=&quot;&quot; /&gt;

		&lt;!-- iterationNumber % writeEventsInterval == 0 defines in which iterations events are written to a file. `0&apos; disables events writing completely. --&gt;
		&lt;param name=&quot;writeEventsInterval&quot; value=&quot;-1&quot; /&gt;

		&lt;!-- iterationNumber % writePlansInterval == 0 defines (hopefully) in which iterations plans are written to a file. `0&apos; disables plans writing completely.  Some plans in early iterations are always written --&gt;
		&lt;param name=&quot;writePlansInterval&quot; value=&quot;-1&quot; /&gt;

		&lt;!-- iterationNumber % writeSnapshotsInterval == 0 defines in which iterations snapshots are written to a file. `0&apos; disables snapshots writing completely --&gt;
		&lt;param name=&quot;writeSnapshotsInterval&quot; value=&quot;-1&quot; /&gt;
	&lt;/module&gt;

&lt;!-- ====================================================================== --&gt;

	&lt;module name=&quot;counts&quot; &gt;

		&lt;!-- Transport modes that will be respected for the counts comparison. &apos;car&apos; is default, which includes also bussed from the pt simulation module. Use this parameter in combination with &apos;filterModes&apos; = true! --&gt;
		&lt;param name=&quot;analyzedModes&quot; value=&quot;car&quot; /&gt;

		&lt;!-- Specifies over how many iterations the link volumes should be averaged that are used for the counts comparison. Use 1 or 0 to only use the link volumes of a single iteration. This values cannot be larger than the value specified for writeCountsInterval --&gt;
		&lt;param name=&quot;averageCountsOverIterations&quot; value=&quot;5&quot; /&gt;

		&lt;!-- factor by which to re-scale the simulated values.  necessary when simulation runs with something different from 100%.  needs to be adapted manually --&gt;
		&lt;param name=&quot;countsScaleFactor&quot; value=&quot;1.0&quot; /&gt;

		&lt;!-- distance to distanceFilterCenterNode to include counting stations. The unit of distance is the Euclidean distance implied by the coordinate system --&gt;
		&lt;param name=&quot;distanceFilter&quot; value=&quot;null&quot; /&gt;

		&lt;!-- node id for center node of distance filter --&gt;
		&lt;param name=&quot;distanceFilterCenterNode&quot; value=&quot;null&quot; /&gt;

		&lt;!-- If true, link counts from legs performed on modes not included in the &apos;analyzedModes&apos; parameter are ignored. --&gt;
		&lt;param name=&quot;filterModes&quot; value=&quot;false&quot; /&gt;

		&lt;!-- The Coordinates Reference System in which the coordinates are expressed in the input file. At import, the coordinates will be converted to the coordinate system defined in &quot;global&quot;, and willbe converted back at export. If not specified, no conversion happens. --&gt;
		&lt;param name=&quot;inputCRS&quot; value=&quot;null&quot; /&gt;

		&lt;!-- input file name to counts package --&gt;
		&lt;param name=&quot;inputCountsFile&quot; value=&quot;null&quot; /&gt;

		&lt;!-- possible values: `html&apos;, `kml&apos;, `txt&apos;, `all&apos; --&gt;
		&lt;param name=&quot;outputformat&quot; value=&quot;txt&quot; /&gt;

		&lt;!-- Specifies how often the counts comparison should be calculated and written. --&gt;
		&lt;param name=&quot;writeCountsInterval&quot; value=&quot;10&quot; /&gt;
	&lt;/module&gt;

&lt;!-- ====================================================================== --&gt;

	&lt;module name=&quot;dvrp&quot; &gt;

		&lt;!-- Mode which will be handled by PassengerEngine and VrpOptimizer (passengers&apos;/customers&apos; perspective) --&gt;
		&lt;param name=&quot;mode&quot; value=&quot;null&quot; /&gt;

		&lt;!-- Mode of which the network will be used for routing vehicles, calculating trave times, etc. (fleet operator&apos;s perspective). Default is car. --&gt;
		&lt;param name=&quot;networkMode&quot; value=&quot;car&quot; /&gt;

		&lt;!-- Used for estimation of travel times for VrpOptimizer by means of the exponential moving average. The weighting decrease, alpha, must be in (0,1]. We suggest small values of alpha, e.g. 0.05. The averaging starts from the initial travel time estimates. If not provided, the free-speed TTs is used as the initial estimates For more info see comments in: VrpTravelTimeEstimator, VrpTravelTimeModules, DvrpModule. --&gt;
		&lt;param name=&quot;travelTimeEstimationAlpha&quot; value=&quot;0.05&quot; /&gt;
	&lt;/module&gt;

&lt;!-- ====================================================================== --&gt;

	&lt;module name=&quot;facilities&quot; &gt;

		&lt;!-- The Coordinates Reference System in which the coordinates are expressed in the input file. At import, the coordinates will be converted to the coordinate system defined in &quot;global&quot;, and willbe converted back at export. If not specified, no conversion happens. --&gt;
		&lt;param name=&quot;inputCRS&quot; value=&quot;null&quot; /&gt;

		&lt;param name=&quot;inputFacilitiesFile&quot; value=&quot;null&quot; /&gt;
		&lt;param name=&quot;inputFacilityAttributesFile&quot; value=&quot;null&quot; /&gt;
	&lt;/module&gt;

&lt;!-- ====================================================================== --&gt;

	&lt;module name=&quot;global&quot; &gt;
		&lt;param name=&quot;coordinateSystem&quot; value=&quot;Atlantis&quot; /&gt;

		&lt;!-- &quot;global&quot; number of threads.  This number is used, e.g., for replanning, but NOT in the mobsim.  This can typically be set to as many cores as you have available, or possibly even slightly more. --&gt;
		&lt;param name=&quot;numberOfThreads&quot; value=&quot;2&quot; /&gt;

		&lt;param name=&quot;randomSeed&quot; value=&quot;4711&quot; /&gt;
	&lt;/module&gt;

&lt;!-- ====================================================================== --&gt;

	&lt;module name=&quot;households&quot; &gt;
		&lt;param name=&quot;inputFile&quot; value=&quot;null&quot; /&gt;
		&lt;param name=&quot;inputHouseholdAttributesFile&quot; value=&quot;null&quot; /&gt;
	&lt;/module&gt;

&lt;!-- ====================================================================== --&gt;

	&lt;module name=&quot;linkStats&quot; &gt;

		&lt;!-- Specifies over how many iterations the link volumes should be averaged that are used for the link statistics. Use 1 or 0 to only use the link volumes of a single iteration. This values cannot be larger than the value specified for writeLinkStatsInterval --&gt;
		&lt;param name=&quot;averageLinkStatsOverIterations&quot; value=&quot;5&quot; /&gt;

		&lt;!-- Specifies how often the link stats should be calculated and written. Use 0 to disable the generation of link stats. --&gt;
		&lt;param name=&quot;writeLinkStatsInterval&quot; value=&quot;10&quot; /&gt;
	&lt;/module&gt;

&lt;!-- ====================================================================== --&gt;

	&lt;module name=&quot;network&quot; &gt;

		&lt;!-- The Coordinates Reference System in which the coordinates are expressed in the input file. At import, the coordinates will be converted to the coordinate system defined in &quot;global&quot;, and willbe converted back at export. If not specified, no conversion happens. --&gt;
		&lt;param name=&quot;inputCRS&quot; value=&quot;null&quot; /&gt;

		&lt;param name=&quot;inputChangeEventsFile&quot; value=&quot;null&quot; /&gt;
		&lt;param name=&quot;inputNetworkFile&quot; value=&quot;null&quot; /&gt;
		&lt;param name=&quot;laneDefinitionsFile&quot; value=&quot;null&quot; /&gt;
		&lt;param name=&quot;timeVariantNetwork&quot; value=&quot;false&quot; /&gt;
	&lt;/module&gt;

&lt;!-- ====================================================================== --&gt;

	&lt;module name=&quot;parallelEventHandling&quot; &gt;

		&lt;!-- Estimated number of events during mobsim run. An optional optimization hint for the framework. --&gt;
		&lt;param name=&quot;estimatedNumberOfEvents&quot; value=&quot;null&quot; /&gt;

		&lt;!-- Number of threads for parallel events handler. 0 or null means the framework decides by itself. --&gt;
		&lt;param name=&quot;numberOfThreads&quot; value=&quot;null&quot; /&gt;

		&lt;!-- If enabled, each event handler is assigned to its own thread. Note that enabling this feature disabled the numberOfThreads option! This feature is still experimental! --&gt;
		&lt;param name=&quot;oneThreadPerHandler&quot; value=&quot;false&quot; /&gt;

		&lt;!-- If enabled, it is ensured that all events that are created during a time step of the mobility simulation are processed before the next time step is simulated. E.g. neccessary when within-day replanning is used. --&gt;
		&lt;param name=&quot;synchronizeOnSimSteps&quot; value=&quot;true&quot; /&gt;
	&lt;/module&gt;

&lt;!-- ====================================================================== --&gt;

	&lt;module name=&quot;planCalcScore&quot; &gt;

		&lt;!-- logit model scale parameter. default: 1.  Has name and default value for historical reasons (see Bryan Raney&apos;s phd thesis). --&gt;
		&lt;param name=&quot;BrainExpBeta&quot; value=&quot;1.0&quot; /&gt;

		&lt;param name=&quot;PathSizeLogitBeta&quot; value=&quot;1.0&quot; /&gt;

		&lt;!-- fraction of iterations at which MSA score averaging is started. The matsim theory department suggests to use this together with switching off choice set innovation (where a similar switch exists), but it has not been tested yet. --&gt;
		&lt;param name=&quot;fractionOfIterationsToStartScoreMSA&quot; value=&quot;null&quot; /&gt;

		&lt;!-- new_score = (1-learningRate)*old_score + learningRate * score_from_mobsim.  learning rates close to zero emulate score averaging, but slow down initial convergence --&gt;
		&lt;param name=&quot;learningRate&quot; value=&quot;1.0&quot; /&gt;

		&lt;!-- There used to be a plateau between duration=0 and duration=zeroUtilityDuration. This caused durations to evolve to zero once they were below zeroUtilityDuration, causing problems.  Only use this switch if you need to be backwards compatible with some old results.  (changed nov&apos;13) --&gt;
		&lt;param name=&quot;usingOldScoringBelowZeroUtilityDuration&quot; value=&quot;false&quot; /&gt;

		&lt;!-- write a plans file in each iteration directory which contains what each agent actually did, and the score it received. --&gt;
		&lt;param name=&quot;writeExperiencedPlans&quot; value=&quot;false&quot; /&gt;

		&lt;parameterset type=&quot;scoringParameters&quot; &gt;
			&lt;param name=&quot;earlyDeparture&quot; value=&quot;-0.0&quot; /&gt;
			&lt;param name=&quot;lateArrival&quot; value=&quot;-18.0&quot; /&gt;
			&lt;param name=&quot;marginalUtilityOfMoney&quot; value=&quot;1.0&quot; /&gt;
			&lt;param name=&quot;performing&quot; value=&quot;6.0&quot; /&gt;
			&lt;param name=&quot;subpopulation&quot; value=&quot;null&quot; /&gt;
			&lt;param name=&quot;utilityOfLineSwitch&quot; value=&quot;-1.0&quot; /&gt;
			&lt;param name=&quot;waiting&quot; value=&quot;-0.0&quot; /&gt;
			&lt;param name=&quot;waitingPt&quot; value=&quot;-6.0&quot; /&gt;

			&lt;parameterset type=&quot;activityParams&quot; &gt;
				&lt;param name=&quot;activityType&quot; value=&quot;dummy&quot; /&gt;
				&lt;param name=&quot;closingTime&quot; value=&quot;undefined&quot; /&gt;
				&lt;param name=&quot;earliestEndTime&quot; value=&quot;undefined&quot; /&gt;
				&lt;param name=&quot;latestStartTime&quot; value=&quot;undefined&quot; /&gt;
				&lt;param name=&quot;minimalDuration&quot; value=&quot;undefined&quot; /&gt;
				&lt;param name=&quot;openingTime&quot; value=&quot;undefined&quot; /&gt;
				&lt;param name=&quot;priority&quot; value=&quot;1.0&quot; /&gt;
				&lt;param name=&quot;scoringThisActivityAtAll&quot; value=&quot;true&quot; /&gt;

				&lt;!-- typical duration of activity.  needs to be defined and non-zero.  in sec. --&gt;
				&lt;param name=&quot;typicalDuration&quot; value=&quot;02:00:00&quot; /&gt;

				&lt;!-- method to compute score at typical duration.  Options: | uniform | relative | Use uniform for backwards compatibility (all activities same score; higher proba to drop long acts). --&gt;
				&lt;param name=&quot;typicalDurationScoreComputation&quot; value=&quot;relative&quot; /&gt;
			&lt;/parameterset&gt;

			&lt;parameterset type=&quot;activityParams&quot; &gt;
				&lt;param name=&quot;activityType&quot; value=&quot;car interaction&quot; /&gt;
				&lt;param name=&quot;closingTime&quot; value=&quot;undefined&quot; /&gt;
				&lt;param name=&quot;earliestEndTime&quot; value=&quot;undefined&quot; /&gt;
				&lt;param name=&quot;latestStartTime&quot; value=&quot;undefined&quot; /&gt;
				&lt;param name=&quot;minimalDuration&quot; value=&quot;undefined&quot; /&gt;
				&lt;param name=&quot;openingTime&quot; value=&quot;undefined&quot; /&gt;
				&lt;param name=&quot;priority&quot; value=&quot;1.0&quot; /&gt;
				&lt;param name=&quot;scoringThisActivityAtAll&quot; value=&quot;false&quot; /&gt;

				&lt;!-- typical duration of activity.  needs to be defined and non-zero.  in sec. --&gt;
				&lt;param name=&quot;typicalDuration&quot; value=&quot;undefined&quot; /&gt;

				&lt;!-- method to compute score at typical duration.  Options: | uniform | relative | Use uniform for backwards compatibility (all activities same score; higher proba to drop long acts). --&gt;
				&lt;param name=&quot;typicalDurationScoreComputation&quot; value=&quot;relative&quot; /&gt;
			&lt;/parameterset&gt;

			&lt;parameterset type=&quot;activityParams&quot; &gt;
				&lt;param name=&quot;activityType&quot; value=&quot;pt interaction&quot; /&gt;
				&lt;param name=&quot;closingTime&quot; value=&quot;undefined&quot; /&gt;
				&lt;param name=&quot;earliestEndTime&quot; value=&quot;undefined&quot; /&gt;
				&lt;param name=&quot;latestStartTime&quot; value=&quot;undefined&quot; /&gt;
				&lt;param name=&quot;minimalDuration&quot; value=&quot;undefined&quot; /&gt;
				&lt;param name=&quot;openingTime&quot; value=&quot;undefined&quot; /&gt;
				&lt;param name=&quot;priority&quot; value=&quot;1.0&quot; /&gt;
				&lt;param name=&quot;scoringThisActivityAtAll&quot; value=&quot;false&quot; /&gt;

				&lt;!-- typical duration of activity.  needs to be defined and non-zero.  in sec. --&gt;
				&lt;param name=&quot;typicalDuration&quot; value=&quot;undefined&quot; /&gt;

				&lt;!-- method to compute score at typical duration.  Options: | uniform | relative | Use uniform for backwards compatibility (all activities same score; higher proba to drop long acts). --&gt;
				&lt;param name=&quot;typicalDurationScoreComputation&quot; value=&quot;relative&quot; /&gt;
			&lt;/parameterset&gt;

			&lt;parameterset type=&quot;activityParams&quot; &gt;
				&lt;param name=&quot;activityType&quot; value=&quot;bike interaction&quot; /&gt;
				&lt;param name=&quot;closingTime&quot; value=&quot;undefined&quot; /&gt;
				&lt;param name=&quot;earliestEndTime&quot; value=&quot;undefined&quot; /&gt;
				&lt;param name=&quot;latestStartTime&quot; value=&quot;undefined&quot; /&gt;
				&lt;param name=&quot;minimalDuration&quot; value=&quot;undefined&quot; /&gt;
				&lt;param name=&quot;openingTime&quot; value=&quot;undefined&quot; /&gt;
				&lt;param name=&quot;priority&quot; value=&quot;1.0&quot; /&gt;
				&lt;param name=&quot;scoringThisActivityAtAll&quot; value=&quot;false&quot; /&gt;

				&lt;!-- typical duration of activity.  needs to be defined and non-zero.  in sec. --&gt;
				&lt;param name=&quot;typicalDuration&quot; value=&quot;undefined&quot; /&gt;

				&lt;!-- method to compute score at typical duration.  Options: | uniform | relative | Use uniform for backwards compatibility (all activities same score; higher proba to drop long acts). --&gt;
				&lt;param name=&quot;typicalDurationScoreComputation&quot; value=&quot;relative&quot; /&gt;
			&lt;/parameterset&gt;

			&lt;parameterset type=&quot;activityParams&quot; &gt;
				&lt;param name=&quot;activityType&quot; value=&quot;other interaction&quot; /&gt;
				&lt;param name=&quot;closingTime&quot; value=&quot;undefined&quot; /&gt;
				&lt;param name=&quot;earliestEndTime&quot; value=&quot;undefined&quot; /&gt;
				&lt;param name=&quot;latestStartTime&quot; value=&quot;undefined&quot; /&gt;
				&lt;param name=&quot;minimalDuration&quot; value=&quot;undefined&quot; /&gt;
				&lt;param name=&quot;openingTime&quot; value=&quot;undefined&quot; /&gt;
				&lt;param name=&quot;priority&quot; value=&quot;1.0&quot; /&gt;
				&lt;param name=&quot;scoringThisActivityAtAll&quot; value=&quot;false&quot; /&gt;

				&lt;!-- typical duration of activity.  needs to be defined and non-zero.  in sec. --&gt;
				&lt;param name=&quot;typicalDuration&quot; value=&quot;undefined&quot; /&gt;

				&lt;!-- method to compute score at typical duration.  Options: | uniform | relative | Use uniform for backwards compatibility (all activities same score; higher proba to drop long acts). --&gt;
				&lt;param name=&quot;typicalDurationScoreComputation&quot; value=&quot;relative&quot; /&gt;
			&lt;/parameterset&gt;

			&lt;parameterset type=&quot;activityParams&quot; &gt;
				&lt;param name=&quot;activityType&quot; value=&quot;walk interaction&quot; /&gt;
				&lt;param name=&quot;closingTime&quot; value=&quot;undefined&quot; /&gt;
				&lt;param name=&quot;earliestEndTime&quot; value=&quot;undefined&quot; /&gt;
				&lt;param name=&quot;latestStartTime&quot; value=&quot;undefined&quot; /&gt;
				&lt;param name=&quot;minimalDuration&quot; value=&quot;undefined&quot; /&gt;
				&lt;param name=&quot;openingTime&quot; value=&quot;undefined&quot; /&gt;
				&lt;param name=&quot;priority&quot; value=&quot;1.0&quot; /&gt;
				&lt;param name=&quot;scoringThisActivityAtAll&quot; value=&quot;false&quot; /&gt;

				&lt;!-- typical duration of activity.  needs to be defined and non-zero.  in sec. --&gt;
				&lt;param name=&quot;typicalDuration&quot; value=&quot;undefined&quot; /&gt;

				&lt;!-- method to compute score at typical duration.  Options: | uniform | relative | Use uniform for backwards compatibility (all activities same score; higher proba to drop long acts). --&gt;
				&lt;param name=&quot;typicalDurationScoreComputation&quot; value=&quot;relative&quot; /&gt;
			&lt;/parameterset&gt;

			&lt;parameterset type=&quot;activityParams&quot; &gt;
				&lt;param name=&quot;activityType&quot; value=&quot;activity&quot; /&gt;
				&lt;param name=&quot;closingTime&quot; value=&quot;undefined&quot; /&gt;
				&lt;param name=&quot;earliestEndTime&quot; value=&quot;undefined&quot; /&gt;
				&lt;param name=&quot;latestStartTime&quot; value=&quot;undefined&quot; /&gt;
				&lt;param name=&quot;minimalDuration&quot; value=&quot;undefined&quot; /&gt;
				&lt;param name=&quot;openingTime&quot; value=&quot;undefined&quot; /&gt;
				&lt;param name=&quot;priority&quot; value=&quot;1.0&quot; /&gt;
				&lt;param name=&quot;scoringThisActivityAtAll&quot; value=&quot;false&quot; /&gt;

				&lt;!-- typical duration of activity.  needs to be defined and non-zero.  in sec. --&gt;
				&lt;param name=&quot;typicalDuration&quot; value=&quot;undefined&quot; /&gt;

				&lt;!-- method to compute score at typical duration.  Options: | uniform | relative | Use uniform for backwards compatibility (all activities same score; higher proba to drop long acts). --&gt;
				&lt;param name=&quot;typicalDurationScoreComputation&quot; value=&quot;relative&quot; /&gt;
			&lt;/parameterset&gt;

			&lt;parameterset type=&quot;modeParams&quot; &gt;

				&lt;!-- [utils] alternative-specific constant.  no guarantee that this is used anywhere. default=0 to be backwards compatible for the time being --&gt;
				&lt;param name=&quot;constant&quot; value=&quot;0.0&quot; /&gt;

				&lt;!-- [utils/m] utility of walking per m, normally negative.  this is on top of the time (dis)utility. --&gt;
				&lt;param name=&quot;marginalUtilityOfDistance_util_m&quot; value=&quot;0.0&quot; /&gt;

				&lt;!-- [utils/hr] additional marginal utility of traveling.  normally negative.  this comes on top of the opportunity cost of time --&gt;
				&lt;param name=&quot;marginalUtilityOfTraveling_util_hr&quot; value=&quot;-6.0&quot; /&gt;

				&lt;param name=&quot;mode&quot; value=&quot;car&quot; /&gt;

				&lt;!-- [unit_of_money/m] conversion of distance into money. Normally negative. --&gt;
				&lt;param name=&quot;monetaryDistanceRate&quot; value=&quot;0.0&quot; /&gt;
			&lt;/parameterset&gt;

			&lt;parameterset type=&quot;modeParams&quot; &gt;

				&lt;!-- [utils] alternative-specific constant.  no guarantee that this is used anywhere. default=0 to be backwards compatible for the time being --&gt;
				&lt;param name=&quot;constant&quot; value=&quot;0.0&quot; /&gt;

				&lt;!-- [utils/m] utility of walking per m, normally negative.  this is on top of the time (dis)utility. --&gt;
				&lt;param name=&quot;marginalUtilityOfDistance_util_m&quot; value=&quot;0.0&quot; /&gt;

				&lt;!-- [utils/hr] additional marginal utility of traveling.  normally negative.  this comes on top of the opportunity cost of time --&gt;
				&lt;param name=&quot;marginalUtilityOfTraveling_util_hr&quot; value=&quot;-6.0&quot; /&gt;

				&lt;param name=&quot;mode&quot; value=&quot;pt&quot; /&gt;

				&lt;!-- [unit_of_money/m] conversion of distance into money. Normally negative. --&gt;
				&lt;param name=&quot;monetaryDistanceRate&quot; value=&quot;0.0&quot; /&gt;
			&lt;/parameterset&gt;

			&lt;parameterset type=&quot;modeParams&quot; &gt;

				&lt;!-- [utils] alternative-specific constant.  no guarantee that this is used anywhere. default=0 to be backwards compatible for the time being --&gt;
				&lt;param name=&quot;constant&quot; value=&quot;0.0&quot; /&gt;

				&lt;!-- [utils/m] utility of walking per m, normally negative.  this is on top of the time (dis)utility. --&gt;
				&lt;param name=&quot;marginalUtilityOfDistance_util_m&quot; value=&quot;0.0&quot; /&gt;

				&lt;!-- [utils/hr] additional marginal utility of traveling.  normally negative.  this comes on top of the opportunity cost of time --&gt;
				&lt;param name=&quot;marginalUtilityOfTraveling_util_hr&quot; value=&quot;-6.0&quot; /&gt;

				&lt;param name=&quot;mode&quot; value=&quot;walk&quot; /&gt;

				&lt;!-- [unit_of_money/m] conversion of distance into money. Normally negative. --&gt;
				&lt;param name=&quot;monetaryDistanceRate&quot; value=&quot;0.0&quot; /&gt;
			&lt;/parameterset&gt;

			&lt;parameterset type=&quot;modeParams&quot; &gt;

				&lt;!-- [utils] alternative-specific constant.  no guarantee that this is used anywhere. default=0 to be backwards compatible for the time being --&gt;
				&lt;param name=&quot;constant&quot; value=&quot;0.0&quot; /&gt;

				&lt;!-- [utils/m] utility of walking per m, normally negative.  this is on top of the time (dis)utility. --&gt;
				&lt;param name=&quot;marginalUtilityOfDistance_util_m&quot; value=&quot;0.0&quot; /&gt;

				&lt;!-- [utils/hr] additional marginal utility of traveling.  normally negative.  this comes on top of the opportunity cost of time --&gt;
				&lt;param name=&quot;marginalUtilityOfTraveling_util_hr&quot; value=&quot;-6.0&quot; /&gt;

				&lt;param name=&quot;mode&quot; value=&quot;bike&quot; /&gt;

				&lt;!-- [unit_of_money/m] conversion of distance into money. Normally negative. --&gt;
				&lt;param name=&quot;monetaryDistanceRate&quot; value=&quot;0.0&quot; /&gt;
			&lt;/parameterset&gt;

			&lt;parameterset type=&quot;modeParams&quot; &gt;

				&lt;!-- [utils] alternative-specific constant.  no guarantee that this is used anywhere. default=0 to be backwards compatible for the time being --&gt;
				&lt;param name=&quot;constant&quot; value=&quot;0.0&quot; /&gt;

				&lt;!-- [utils/m] utility of walking per m, normally negative.  this is on top of the time (dis)utility. --&gt;
				&lt;param name=&quot;marginalUtilityOfDistance_util_m&quot; value=&quot;0.0&quot; /&gt;

				&lt;!-- [utils/hr] additional marginal utility of traveling.  normally negative.  this comes on top of the opportunity cost of time --&gt;
				&lt;param name=&quot;marginalUtilityOfTraveling_util_hr&quot; value=&quot;-6.0&quot; /&gt;

				&lt;param name=&quot;mode&quot; value=&quot;ride&quot; /&gt;

				&lt;!-- [unit_of_money/m] conversion of distance into money. Normally negative. --&gt;
				&lt;param name=&quot;monetaryDistanceRate&quot; value=&quot;0.0&quot; /&gt;
			&lt;/parameterset&gt;

			&lt;parameterset type=&quot;modeParams&quot; &gt;

				&lt;!-- [utils] alternative-specific constant.  no guarantee that this is used anywhere. default=0 to be backwards compatible for the time being --&gt;
				&lt;param name=&quot;constant&quot; value=&quot;0.0&quot; /&gt;

				&lt;!-- [utils/m] utility of walking per m, normally negative.  this is on top of the time (dis)utility. --&gt;
				&lt;param name=&quot;marginalUtilityOfDistance_util_m&quot; value=&quot;0.0&quot; /&gt;

				&lt;!-- [utils/hr] additional marginal utility of traveling.  normally negative.  this comes on top of the opportunity cost of time --&gt;
				&lt;param name=&quot;marginalUtilityOfTraveling_util_hr&quot; value=&quot;-6.0&quot; /&gt;

				&lt;param name=&quot;mode&quot; value=&quot;other&quot; /&gt;

				&lt;!-- [unit_of_money/m] conversion of distance into money. Normally negative. --&gt;
				&lt;param name=&quot;monetaryDistanceRate&quot; value=&quot;0.0&quot; /&gt;
			&lt;/parameterset&gt;

			&lt;parameterset type=&quot;modeParams&quot; &gt;

				&lt;!-- [utils] alternative-specific constant.  no guarantee that this is used anywhere. default=0 to be backwards compatible for the time being --&gt;
				&lt;param name=&quot;constant&quot; value=&quot;0.0&quot; /&gt;

				&lt;!-- [utils/m] utility of walking per m, normally negative.  this is on top of the time (dis)utility. --&gt;
				&lt;param name=&quot;marginalUtilityOfDistance_util_m&quot; value=&quot;0.0&quot; /&gt;

				&lt;!-- [utils/hr] additional marginal utility of traveling.  normally negative.  this comes on top of the opportunity cost of time --&gt;
				&lt;param name=&quot;marginalUtilityOfTraveling_util_hr&quot; value=&quot;8.86&quot; /&gt;

				&lt;param name=&quot;mode&quot; value=&quot;av&quot; /&gt;

				&lt;!-- [unit_of_money/m] conversion of distance into money. Normally negative. --&gt;
				&lt;param name=&quot;monetaryDistanceRate&quot; value=&quot;0.0&quot; /&gt;
			&lt;/parameterset&gt;
		&lt;/parameterset&gt;
	&lt;/module&gt;

&lt;!-- ====================================================================== --&gt;

	&lt;module name=&quot;plans&quot; &gt;

		&lt;!-- String: minOfDurationAndEndTime tryEndTimeThenDuration endTimeOnly. Anything besides minOfDurationAndEndTime will internally use a different (simpler) version of the TimeAllocationMutator. --&gt;
		&lt;param name=&quot;activityDurationInterpretation&quot; value=&quot;tryEndTimeThenDuration&quot; /&gt;

		&lt;!-- The Coordinates Reference System in which the coordinates are expressed in the input file. At import, the coordinates will be converted to the coordinate system defined in &quot;global&quot;, and willbe converted back at export. If not specified, no conversion happens. --&gt;
		&lt;param name=&quot;inputCRS&quot; value=&quot;null&quot; /&gt;

		&lt;!-- Path to a file containing person attributes (required file format: ObjectAttributes). --&gt;
		&lt;param name=&quot;inputPersonAttributesFile&quot; value=&quot;null&quot; /&gt;

		&lt;param name=&quot;inputPlansFile&quot; value=&quot;null&quot; /&gt;

		&lt;!-- Defines how routes are stored in memory. Currently supported: LinkNetworkRoute, CompressedNetworkRoute. --&gt;
		&lt;param name=&quot;networkRouteType&quot; value=&quot;LinkNetworkRoute&quot; /&gt;

		&lt;!-- (not tested) will remove plan attributes that are presumably not used, such as activityStartTime. default=false --&gt;
		&lt;param name=&quot;removingUnnecessaryPlanAttributes&quot; value=&quot;false&quot; /&gt;

		&lt;!-- Name of the (Object)Attribute defining the subpopulation to which pertains a Person (as freight, through traffic, etc.). The attribute must be of String type.  Change away from default only in desperate situations. --&gt;
		&lt;param name=&quot;subpopulationAttributeName&quot; value=&quot;subpopulation&quot; /&gt;
	&lt;/module&gt;

&lt;!-- ====================================================================== --&gt;

	&lt;module name=&quot;planscalcroute&quot; &gt;

		&lt;!-- All the modes for which the router is supposed to generate network routes (like car) --&gt;
		&lt;param name=&quot;networkModes&quot; value=&quot;car&quot; /&gt;

		&lt;parameterset type=&quot;teleportedModeParameters&quot; &gt;
			&lt;param name=&quot;beelineDistanceFactor&quot; value=&quot;1.3&quot; /&gt;
			&lt;param name=&quot;mode&quot; value=&quot;bike&quot; /&gt;

			&lt;!-- Free-speed factor for a teleported mode. Travel time = teleportedModeFreespeedFactor * &lt;freespeed car travel time&gt;. Insert a line like this for every such mode. Please do not set teleportedModeFreespeedFactor as well as teleportedModeSpeed for the same mode, but if you do, +teleportedModeFreespeedFactor wins over teleportedModeSpeed. --&gt;
			&lt;param name=&quot;teleportedModeFreespeedFactor&quot; value=&quot;null&quot; /&gt;

			&lt;!-- Speed for a teleported mode. Travel time = (&lt;beeline distance&gt; * beelineDistanceFactor) / teleportedModeSpeed. Insert a line like this for every such mode. --&gt;
			&lt;param name=&quot;teleportedModeSpeed&quot; value=&quot;4.166666666666667&quot; /&gt;
		&lt;/parameterset&gt;

		&lt;parameterset type=&quot;teleportedModeParameters&quot; &gt;
			&lt;param name=&quot;beelineDistanceFactor&quot; value=&quot;1.3&quot; /&gt;
			&lt;param name=&quot;mode&quot; value=&quot;walk&quot; /&gt;

			&lt;!-- Free-speed factor for a teleported mode. Travel time = teleportedModeFreespeedFactor * &lt;freespeed car travel time&gt;. Insert a line like this for every such mode. Please do not set teleportedModeFreespeedFactor as well as teleportedModeSpeed for the same mode, but if you do, +teleportedModeFreespeedFactor wins over teleportedModeSpeed. --&gt;
			&lt;param name=&quot;teleportedModeFreespeedFactor&quot; value=&quot;null&quot; /&gt;

			&lt;!-- Speed for a teleported mode. Travel time = (&lt;beeline distance&gt; * beelineDistanceFactor) / teleportedModeSpeed. Insert a line like this for every such mode. --&gt;
			&lt;param name=&quot;teleportedModeSpeed&quot; value=&quot;0.8333333333333333&quot; /&gt;
		&lt;/parameterset&gt;

		&lt;parameterset type=&quot;teleportedModeParameters&quot; &gt;
			&lt;param name=&quot;beelineDistanceFactor&quot; value=&quot;1.3&quot; /&gt;
			&lt;param name=&quot;mode&quot; value=&quot;access_walk&quot; /&gt;

			&lt;!-- Free-speed factor for a teleported mode. Travel time = teleportedModeFreespeedFactor * &lt;freespeed car travel time&gt;. Insert a line like this for every such mode. Please do not set teleportedModeFreespeedFactor as well as teleportedModeSpeed for the same mode, but if you do, +teleportedModeFreespeedFactor wins over teleportedModeSpeed. --&gt;
			&lt;param name=&quot;teleportedModeFreespeedFactor&quot; value=&quot;null&quot; /&gt;

			&lt;!-- Speed for a teleported mode. Travel time = (&lt;beeline distance&gt; * beelineDistanceFactor) / teleportedModeSpeed. Insert a line like this for every such mode. --&gt;
			&lt;param name=&quot;teleportedModeSpeed&quot; value=&quot;0.8333333333333333&quot; /&gt;
		&lt;/parameterset&gt;

		&lt;parameterset type=&quot;teleportedModeParameters&quot; &gt;
			&lt;param name=&quot;beelineDistanceFactor&quot; value=&quot;1.3&quot; /&gt;
			&lt;param name=&quot;mode&quot; value=&quot;egress_walk&quot; /&gt;

			&lt;!-- Free-speed factor for a teleported mode. Travel time = teleportedModeFreespeedFactor * &lt;freespeed car travel time&gt;. Insert a line like this for every such mode. Please do not set teleportedModeFreespeedFactor as well as teleportedModeSpeed for the same mode, but if you do, +teleportedModeFreespeedFactor wins over teleportedModeSpeed. --&gt;
			&lt;param name=&quot;teleportedModeFreespeedFactor&quot; value=&quot;null&quot; /&gt;

			&lt;!-- Speed for a teleported mode. Travel time = (&lt;beeline distance&gt; * beelineDistanceFactor) / teleportedModeSpeed. Insert a line like this for every such mode. --&gt;
			&lt;param name=&quot;teleportedModeSpeed&quot; value=&quot;0.8333333333333333&quot; /&gt;
		&lt;/parameterset&gt;

		&lt;parameterset type=&quot;teleportedModeParameters&quot; &gt;
			&lt;param name=&quot;beelineDistanceFactor&quot; value=&quot;1.3&quot; /&gt;
			&lt;param name=&quot;mode&quot; value=&quot;undefined&quot; /&gt;

			&lt;!-- Free-speed factor for a teleported mode. Travel time = teleportedModeFreespeedFactor * &lt;freespeed car travel time&gt;. Insert a line like this for every such mode. Please do not set teleportedModeFreespeedFactor as well as teleportedModeSpeed for the same mode, but if you do, +teleportedModeFreespeedFactor wins over teleportedModeSpeed. --&gt;
			&lt;param name=&quot;teleportedModeFreespeedFactor&quot; value=&quot;null&quot; /&gt;

			&lt;!-- Speed for a teleported mode. Travel time = (&lt;beeline distance&gt; * beelineDistanceFactor) / teleportedModeSpeed. Insert a line like this for every such mode. --&gt;
			&lt;param name=&quot;teleportedModeSpeed&quot; value=&quot;13.88888888888889&quot; /&gt;
		&lt;/parameterset&gt;

		&lt;parameterset type=&quot;teleportedModeParameters&quot; &gt;
			&lt;param name=&quot;beelineDistanceFactor&quot; value=&quot;1.3&quot; /&gt;
			&lt;param name=&quot;mode&quot; value=&quot;ride&quot; /&gt;

			&lt;!-- Free-speed factor for a teleported mode. Travel time = teleportedModeFreespeedFactor * &lt;freespeed car travel time&gt;. Insert a line like this for every such mode. Please do not set teleportedModeFreespeedFactor as well as teleportedModeSpeed for the same mode, but if you do, +teleportedModeFreespeedFactor wins over teleportedModeSpeed. --&gt;
			&lt;param name=&quot;teleportedModeFreespeedFactor&quot; value=&quot;1.0&quot; /&gt;

			&lt;!-- Speed for a teleported mode. Travel time = (&lt;beeline distance&gt; * beelineDistanceFactor) / teleportedModeSpeed. Insert a line like this for every such mode. --&gt;
			&lt;param name=&quot;teleportedModeSpeed&quot; value=&quot;null&quot; /&gt;
		&lt;/parameterset&gt;

		&lt;parameterset type=&quot;teleportedModeParameters&quot; &gt;
			&lt;param name=&quot;beelineDistanceFactor&quot; value=&quot;1.3&quot; /&gt;
			&lt;param name=&quot;mode&quot; value=&quot;pt&quot; /&gt;

			&lt;!-- Free-speed factor for a teleported mode. Travel time = teleportedModeFreespeedFactor * &lt;freespeed car travel time&gt;. Insert a line like this for every such mode. Please do not set teleportedModeFreespeedFactor as well as teleportedModeSpeed for the same mode, but if you do, +teleportedModeFreespeedFactor wins over teleportedModeSpeed. --&gt;
			&lt;param name=&quot;teleportedModeFreespeedFactor&quot; value=&quot;2.0&quot; /&gt;

			&lt;!-- Speed for a teleported mode. Travel time = (&lt;beeline distance&gt; * beelineDistanceFactor) / teleportedModeSpeed. Insert a line like this for every such mode. --&gt;
			&lt;param name=&quot;teleportedModeSpeed&quot; value=&quot;null&quot; /&gt;
		&lt;/parameterset&gt;
	&lt;/module&gt;

&lt;!-- ====================================================================== --&gt;

	&lt;module name=&quot;ptCounts&quot; &gt;

		&lt;!-- factor by which to re-scale the simulated values.  necessary when simulation runs with something different from 100%.  needs to be adapted manually --&gt;
		&lt;param name=&quot;countsScaleFactor&quot; value=&quot;1.0&quot; /&gt;

		&lt;!-- distance to distanceFilterCenterNode to include counting stations. The unit of distance is the Euclidean distance implied by the coordinate system --&gt;
		&lt;param name=&quot;distanceFilter&quot; value=&quot;null&quot; /&gt;

		&lt;!-- node id for center node of distance filter --&gt;
		&lt;param name=&quot;distanceFilterCenterNode&quot; value=&quot;null&quot; /&gt;

		&lt;!-- input file containing the alighting (getting off) counts for pt --&gt;
		&lt;param name=&quot;inputAlightCountsFile&quot; value=&quot;null&quot; /&gt;

		&lt;!-- input file containing the boarding (getting on) counts for pt --&gt;
		&lt;param name=&quot;inputBoardCountsFile&quot; value=&quot;null&quot; /&gt;

		&lt;!-- input file containing the occupancy counts for pt --&gt;
		&lt;param name=&quot;inputOccupancyCountsFile&quot; value=&quot;null&quot; /&gt;

		&lt;!-- possible values: `html&apos;, `kml&apos;, `txt&apos;, `all&apos; --&gt;
		&lt;param name=&quot;outputformat&quot; value=&quot;null&quot; /&gt;

		&lt;!-- every how many iterations (starting with 0) counts comparisons are generated --&gt;
		&lt;param name=&quot;ptCountsInterval&quot; value=&quot;10&quot; /&gt;
	&lt;/module&gt;

&lt;!-- ====================================================================== --&gt;

	&lt;module name=&quot;qsim&quot; &gt;
		&lt;param name=&quot;endTime&quot; value=&quot;20:00:00&quot; /&gt;
		&lt;param name=&quot;flowCapacityFactor&quot; value=&quot;1.0&quot; /&gt;

		&lt;!-- decides if waiting vehicles enter the network after or before the already driving vehicles were moved. Default: false --&gt;
		&lt;param name=&quot;insertingWaitingVehiclesBeforeDrivingVehicles&quot; value=&quot;false&quot; /&gt;

		&lt;!-- If link dynamics is set as SeepageQ, set to false if all seep modes should perform seepage. Default is true (better option). --&gt;
		&lt;param name=&quot;isRestrictingSeepage&quot; value=&quot;true&quot; /&gt;

		&lt;!-- If link dynamics is set as SeepageQ, set to true if seep mode do not consumes any space on the link. Default is false. --&gt;
		&lt;param name=&quot;isSeepModeStorageFree&quot; value=&quot;false&quot; /&gt;

		&lt;!-- default: FIFO; options: FIFO PassingQ SeepageQ --&gt;
		&lt;param name=&quot;linkDynamics&quot; value=&quot;FIFO&quot; /&gt;

		&lt;!-- The (initial) width of the links of the network. Use positive floating point values. This is used only for visualisation. --&gt;
		&lt;param name=&quot;linkWidth&quot; value=&quot;30.0&quot; /&gt;

		&lt;!-- [comma-separated list] Defines which modes are congested modes. Technically, these are the modes that the departure handler of the netsimengine handles.  Effective cell size, effective lane width, flow capacity factor, and storage capacity factor need to be set with diligence.  Need to be vehicular modes to make sense. --&gt;
		&lt;param name=&quot;mainMode&quot; value=&quot;car&quot; /&gt;

		&lt;!-- Shortens a link in the visualization, i.e. its start and end point are moved into towards the center. Does not affect traffic flow.  --&gt;
		&lt;param name=&quot;nodeOffset&quot; value=&quot;0.0&quot; /&gt;

		&lt;!-- Number of threads used for the QSim.  Note that this setting is independent from the &quot;global&quot; threads setting.  In contrast to earlier versions, the non-parallel special version is no longer there. --&gt;
		&lt;param name=&quot;numberOfThreads&quot; value=&quot;1&quot; /&gt;

		&lt;!-- Boolean. `true&apos;: stuck vehicles are removed, aborting the plan; `false&apos;: stuck vehicles are forced into the next link. `false&apos; is probably the better choice. --&gt;
		&lt;param name=&quot;removeStuckVehicles&quot; value=&quot;false&quot; /&gt;

		&lt;!-- If link dynamics is set as SeepageQ, set a seep mode. Default is bike. --&gt;
		&lt;param name=&quot;seepMode&quot; value=&quot;bike&quot; /&gt;

		&lt;!-- Possible values: minOfEndtimeAndMobsimFinished, onlyUseEndtime --&gt;
		&lt;param name=&quot;simEndtimeInterpretation&quot; value=&quot;null&quot; /&gt;

		&lt;!-- Options: maxOfStarttimeAndEarliestActivityEnd onlyUseStarttime  --&gt;
		&lt;param name=&quot;simStarttimeInterpretation&quot; value=&quot;maxOfStarttimeAndEarliestActivityEnd&quot; /&gt;

		&lt;!-- snapshotStyle. One of: equiDist queue withHoles withHolesAndShowHoles kinematicWaves  --&gt;
		&lt;param name=&quot;snapshotStyle&quot; value=&quot;equiDist&quot; /&gt;

		&lt;param name=&quot;snapshotperiod&quot; value=&quot;00:00:00&quot; /&gt;
		&lt;param name=&quot;startTime&quot; value=&quot;undefined&quot; /&gt;
		&lt;param name=&quot;storageCapacityFactor&quot; value=&quot;1.0&quot; /&gt;

		&lt;!-- time in seconds.  Time after which the frontmost vehicle on a link is called `stuck&apos; if it does not move. --&gt;
		&lt;param name=&quot;stuckTime&quot; value=&quot;10.0&quot; /&gt;

		&lt;param name=&quot;timeStepSize&quot; value=&quot;00:00:01&quot; /&gt;

		&lt;!-- options: queue withHoles kinematicWaves  --&gt;
		&lt;param name=&quot;trafficDynamics&quot; value=&quot;queue&quot; /&gt;

		&lt;!-- Set this parameter to true if lanes should be used, false if not. --&gt;
		&lt;param name=&quot;useLanes&quot; value=&quot;false&quot; /&gt;

		&lt;!-- If a route does not reference a vehicle, agents will use the vehicle with the same id as their own. --&gt;
		&lt;param name=&quot;usePersonIdForMissingVehicleId&quot; value=&quot;true&quot; /&gt;

		&lt;!-- If false, the qsim accumulates fractional flows up to one flow unit in every time step.  If true, flows are updated only if an agent wants to enter the link or an agent is added to buffer. Default is true. --&gt;
		&lt;param name=&quot;usingFastCapacityUpdate&quot; value=&quot;true&quot; /&gt;

		&lt;!-- if the qsim should use as many runners as there are threads (Christoph&apos;s dissertation version) or more of them, together with a thread pool (seems to be faster in some situations, but is not tested). --&gt;
		&lt;param name=&quot;usingThreadpool&quot; value=&quot;true&quot; /&gt;

		&lt;!-- Defines what happens if an agent wants to depart, but the specified vehicle is not available. One of: teleport wait exception  --&gt;
		&lt;param name=&quot;vehicleBehavior&quot; value=&quot;teleport&quot; /&gt;

		&lt;!-- If vehicles should all be the same default vehicle, or come from the vehicles file, or something else.  Possible values:  defaultVehicle modeVehicleTypesFromVehiclesData fromVehiclesData --&gt;
		&lt;param name=&quot;vehiclesSource&quot; value=&quot;defaultVehicle&quot; /&gt;
	&lt;/module&gt;

&lt;!-- ====================================================================== --&gt;

	&lt;module name=&quot;scenario&quot; &gt;
	&lt;/module&gt;

&lt;!-- ====================================================================== --&gt;

	&lt;module name=&quot;strategy&quot; &gt;

		&lt;!-- the external executable will be called with a config file as argument.  This is the pathname to a possible skeleton config, to which additional information will be added.  Can be null. --&gt;
		&lt;param name=&quot;ExternalExeConfigTemplate&quot; value=&quot;null&quot; /&gt;

		&lt;!-- time out value (in seconds) after which matsim will consider the external strategy as failed --&gt;
		&lt;param name=&quot;ExternalExeTimeOut&quot; value=&quot;3600&quot; /&gt;

		&lt;!-- root directory for temporary files generated by the external executable. Provided as a service; I don&apos;t think this is used by MATSim. --&gt;
		&lt;param name=&quot;ExternalExeTmpFileRootDir&quot; value=&quot;null&quot; /&gt;

		&lt;!-- fraction of iterations where innovative strategies are switched off.  Something link 0.8 should be good.  E.g. if you run from iteration 400 to iteration 500, innovation is switched off at iteration 480 --&gt;
		&lt;param name=&quot;fractionOfIterationsToDisableInnovation&quot; value=&quot;Infinity&quot; /&gt;

		&lt;!-- maximum number of plans per agent.  ``0&apos;&apos; means ``infinity&apos;&apos;.  Currently (2010), ``5&apos;&apos; is a good number --&gt;
		&lt;param name=&quot;maxAgentPlanMemorySize&quot; value=&quot;5&quot; /&gt;

		&lt;!-- strategyName of PlanSelector for plans removal.  Possible defaults: WorstPlanSelector SelectRandom SelectExpBetaForRemoval ChangeExpBetaForRemoval PathSizeLogitSelectorForRemoval . The current default, WorstPlanSelector is not a good choice from a discrete choice theoretical perspective. Alternatives, however, have not been systematically tested. kai, feb&apos;12 --&gt;
		&lt;param name=&quot;planSelectorForRemoval&quot; value=&quot;WorstPlanSelector&quot; /&gt;
	&lt;/module&gt;

&lt;!-- ====================================================================== --&gt;

	&lt;module name=&quot;subtourModeChoice&quot; &gt;

		&lt;!-- Defines the chain-based modes, seperated by commas --&gt;
		&lt;param name=&quot;chainBasedModes&quot; value=&quot;car,bike&quot; /&gt;

		&lt;!-- Defines whether car availability must be considered or not. A agent has no car only if it has no license, or never access to a car --&gt;
		&lt;param name=&quot;considerCarAvailability&quot; value=&quot;false&quot; /&gt;

		&lt;!-- Defines all the modes available, including chain-based modes, seperated by commas --&gt;
		&lt;param name=&quot;modes&quot; value=&quot;car,pt,bike,walk&quot; /&gt;
	&lt;/module&gt;

&lt;!-- ====================================================================== --&gt;

	&lt;module name=&quot;transit&quot; &gt;

		&lt;!-- The Coordinates Reference System in which the coordinates are expressed in the input file. At import, the coordinates will be converted to the coordinate system defined in &quot;global&quot;, and willbe converted back at export. If not specified, no conversion happens. --&gt;
		&lt;param name=&quot;inputScheduleCRS&quot; value=&quot;null&quot; /&gt;

		&lt;!-- Optional input file containing additional attributes for transit lines, stored as ObjectAttributes. --&gt;
		&lt;param name=&quot;transitLinesAttributesFile&quot; value=&quot;null&quot; /&gt;

		&lt;!-- Comma-separated list of transportation modes that are handled as transit. Defaults to &apos;pt&apos;. --&gt;
		&lt;param name=&quot;transitModes&quot; value=&quot;pt&quot; /&gt;

		&lt;!-- Input file containing the transit schedule to be simulated. --&gt;
		&lt;param name=&quot;transitScheduleFile&quot; value=&quot;null&quot; /&gt;

		&lt;!-- Optional input file containing additional attributes for transit stop facilities, stored as ObjectAttributes. --&gt;
		&lt;param name=&quot;transitStopsAttributesFile&quot; value=&quot;null&quot; /&gt;

		&lt;!-- Set this parameter to true if transit should be simulated, false if not. --&gt;
		&lt;param name=&quot;useTransit&quot; value=&quot;false&quot; /&gt;

		&lt;!-- Input file containing the vehicles used by the departures in the transit schedule. --&gt;
		&lt;param name=&quot;vehiclesFile&quot; value=&quot;null&quot; /&gt;
	&lt;/module&gt;

&lt;!-- ====================================================================== --&gt;

	&lt;module name=&quot;transitRouter&quot; &gt;

		&lt;!-- additional time the router allocates when a line switch happens. Can be interpreted as a &apos;safety&apos; time that agents need to safely transfer from one line to another --&gt;
		&lt;param name=&quot;additionalTransferTime&quot; value=&quot;0.0&quot; /&gt;

		&lt;!-- Factor with which direct walk generalized cost is multiplied before it is compared to the pt generalized cost.  Set to a very high value to reduce direct walk results. --&gt;
		&lt;param name=&quot;directWalkFactor&quot; value=&quot;1.0&quot; /&gt;

		&lt;!-- step size to increase searchRadius if no stops are found --&gt;
		&lt;param name=&quot;extensionRadius&quot; value=&quot;200.0&quot; /&gt;

		&lt;!-- maximum beeline distance between stops that agents could transfer to by walking --&gt;
		&lt;param name=&quot;maxBeelineWalkConnectionDistance&quot; value=&quot;100.0&quot; /&gt;

		&lt;!-- the radius in which stop locations are searched, given a start or target coordinate --&gt;
		&lt;param name=&quot;searchRadius&quot; value=&quot;1000.0&quot; /&gt;
	&lt;/module&gt;

&lt;!-- ====================================================================== --&gt;

	&lt;module name=&quot;travelTimeCalculator&quot; &gt;

		&lt;!-- Transport modes that will be respected by the travel time collector. &apos;car&apos; is default, which includes also busses from the pt simulation module. Use this parameter in combination with &apos;filterModes&apos; = true! --&gt;
		&lt;param name=&quot;analyzedModes&quot; value=&quot;car&quot; /&gt;

		&lt;param name=&quot;calculateLinkToLinkTravelTimes&quot; value=&quot;false&quot; /&gt;
		&lt;param name=&quot;calculateLinkTravelTimes&quot; value=&quot;true&quot; /&gt;

		&lt;!-- If true, link travel times from legs performed on modes not included in the &apos;analyzedModes&apos; parameter are ignored. --&gt;
		&lt;param name=&quot;filterModes&quot; value=&quot;false&quot; /&gt;

		&lt;!-- The lenght (in sec) of the time period that is splited into time bins; an additional time bin is created to aggregate all travel times collected after maxTime --&gt;
		&lt;param name=&quot;maxTime&quot; value=&quot;108000&quot; /&gt;

		&lt;!-- If true, link travel times are measured and calculated separately for each mode in analyzedModes. Other modes are ignored. If true, filterModes has no effect. --&gt;
		&lt;param name=&quot;separateModes&quot; value=&quot;false&quot; /&gt;

		&lt;!-- How to deal with congested time bins that have no link entry events. `optimistic&apos; assumes free speed (too optimistic); &apos;experimental_LastMile&apos; is experimental and probably too pessimistic. --&gt;
		&lt;param name=&quot;travelTimeAggregator&quot; value=&quot;optimistic&quot; /&gt;

		&lt;!-- The size of the time bin (in sec) into which the link travel times are aggregated for the router --&gt;
		&lt;param name=&quot;travelTimeBinSize&quot; value=&quot;900&quot; /&gt;

		&lt;!-- possible values: nullTravelTimeCalculatorArray TravelTimeCalculatorHashMap  --&gt;
		&lt;param name=&quot;travelTimeCalculator&quot; value=&quot;TravelTimeCalculatorArray&quot; /&gt;

		&lt;!-- How to deal with link entry times at different positions during the time bin. Currently supported: average, linearinterpolation --&gt;
		&lt;param name=&quot;travelTimeGetter&quot; value=&quot;average&quot; /&gt;
	&lt;/module&gt;

&lt;!-- ====================================================================== --&gt;

	&lt;module name=&quot;vehicles&quot; &gt;
		&lt;param name=&quot;vehiclesFile&quot; value=&quot;null&quot; /&gt;
	&lt;/module&gt;

&lt;!-- ====================================================================== --&gt;

	&lt;module name=&quot;vspExperimental&quot; &gt;

		&lt;!-- (do not use except of you have to) There was a problem with pt interaction scoring.  Some people solved it by overwriting the parameters of the pt interaction activity type.  Doing this now throws an Exception.  If you still insist on doing this, set the following to true. --&gt;
		&lt;param name=&quot;isAbleToOverwritePtInteractionParams&quot; value=&quot;false&quot; /&gt;

		&lt;param name=&quot;isGeneratingBoardingDeniedEvent&quot; value=&quot;false&quot; /&gt;

		&lt;!-- if an approximation of the opportunity cost of time is included into the radius calculation for location choice.`true&apos; will be faster, but it is an approximation.  Default is `true&apos;; `false&apos; is available for backwards compatibility. --&gt;
		&lt;param name=&quot;isUsingOpportunityCostOfTimeForLocationChoice&quot; value=&quot;true&quot; /&gt;

		&lt;param name=&quot;logitScaleParamForPlansRemoval&quot; value=&quot;1.0&quot; /&gt;

		&lt;!-- Options: | ignore | info | warn | abort | .  When violating VSP defaults, this results in nothing, logfile infos, logfile warnings, or aborts.  Members of VSP should use `abort&apos; or talk to kai. --&gt;
		&lt;param name=&quot;vspDefaultsCheckingLevel&quot; value=&quot;ignore&quot; /&gt;

		&lt;!-- if true then writes output_events in output directory.  default is `false&apos;. Will only work when lastIteration is multiple of events writing interval --&gt;
		&lt;param name=&quot;writingOutputEvents&quot; value=&quot;true&quot; /&gt;
	&lt;/module&gt;

&lt;!-- ====================================================================== --&gt;

&lt;/config&gt;

2018-06-01 06:11:28,756  INFO ControlerUtils:63 Complete config dump done.
2018-06-01 06:11:28,756  INFO ControlerUtils:64 Checking consistency of config...
2018-06-01 06:11:28,756  INFO PlanCalcScoreConfigGroup$ScoringParameterSet:1233 NO OPENING OR CLOSING TIMES DEFINED!


There is no activity type that has an opening *and* closing time (or opening time and late penalty) defined.
This usually means that the activity chains can be shifted by an arbitrary
number of hours without having an effect on the score of the plans, and thus
resulting in wrong results / traffic patterns.
If you are using MATSim without time adaptation, you can ignore this warning.



2018-06-01 06:11:28,757  INFO VspConfigConsistencyCheckerImpl:58 NOT running vsp config consistency check because vsp defaults checking level is set to IGNORE
2018-06-01 06:11:28,757  INFO ControlerUtils:66 Checking consistency of config done.
2018-06-01 06:11:28,758  INFO PrepareForSimImpl:70 Network seems to be multimodal. Create car-only network which is handed over to PersonPrepareForSim.
2018-06-01 06:11:28,758  INFO NetworkImpl:156  node # 1
2018-06-01 06:11:28,758  INFO NetworkImpl:156  node # 2
2018-06-01 06:11:28,758  INFO NetworkImpl:156  node # 4
2018-06-01 06:11:28,759  INFO NetworkImpl:156  node # 8
2018-06-01 06:11:28,759  INFO NetworkImpl:156  node # 16
2018-06-01 06:11:28,759  INFO NetworkImpl:156  node # 32
2018-06-01 06:11:28,759  INFO NetworkImpl:156  node # 64
2018-06-01 06:11:28,760  INFO NetworkImpl:152  link # 1
2018-06-01 06:11:28,760  INFO NetworkImpl:152  link # 2
2018-06-01 06:11:28,760  INFO NetworkImpl:152  link # 4
2018-06-01 06:11:28,761  INFO NetworkImpl:152  link # 8
2018-06-01 06:11:28,761  INFO NetworkImpl:152  link # 16
2018-06-01 06:11:28,761  INFO NetworkImpl:152  link # 32
2018-06-01 06:11:28,762  INFO NetworkImpl:152  link # 64
2018-06-01 06:11:28,763  INFO NetworkImpl:152  link # 128
2018-06-01 06:11:28,765  INFO NetworkImpl:152  link # 256
2018-06-01 06:11:28,768  INFO Counter:61 [PersonPrepareForSim] handled person # 1
2018-06-01 06:11:28,768  INFO Counter:61 [PersonPrepareForSim] handled person # 2
2018-06-01 06:11:28,769  INFO Counter:61 [PersonPrepareForSim] handled person # 4
2018-06-01 06:11:28,769  INFO Counter:61 [PersonPrepareForSim] handled person # 8
2018-06-01 06:11:28,770  INFO Counter:61 [PersonPrepareForSim] handled person # 16
2018-06-01 06:11:28,770  INFO Counter:61 [PersonPrepareForSim] handled person # 32
2018-06-01 06:11:28,772  INFO Counter:61 [PersonPrepareForSim] handled person # 64
2018-06-01 06:11:28,773  INFO Counter:67 [PersonPrepareForSim] handled person # 100
2018-06-01 06:11:28,774  INFO AbstractController:133 ###################################################
2018-06-01 06:11:28,774  INFO AbstractController:134 ### ITERATION 0 BEGINS
2018-06-01 06:11:28,775  INFO ControlerListenerManagerImpl:145 calling notifyIterationStarts on org.matsim.analysis.LegHistogramListener
2018-06-01 06:11:28,775  INFO ControlerListenerManagerImpl:145 calling notifyIterationStarts on org.matsim.analysis.LinkStatsControlerListener
2018-06-01 06:11:28,775  INFO ControlerListenerManagerImpl:145 calling notifyIterationStarts on org.matsim.core.replanning.ReplanningContextImpl
2018-06-01 06:11:28,775  INFO ControlerListenerManagerImpl:145 calling notifyIterationStarts on org.matsim.core.scoring.ExperiencedPlansServiceImpl$1
2018-06-01 06:11:28,776  INFO ControlerListenerManagerImpl:145 calling notifyIterationStarts on org.matsim.core.scoring.ScoringFunctionsForPopulation$1
2018-06-01 06:11:28,777  INFO ControlerListenerManagerImpl:148 [it.0] all ControlerIterationStartsListeners called.
2018-06-01 06:11:28,778  INFO ControlerListenerManagerImpl:224 calling notifyBeforeMobsim on org.matsim.core.controler.corelisteners.EventsHandlingImpl
2018-06-01 06:11:28,778  INFO EventsManagerImpl:170 resetting Event-Handlers
2018-06-01 06:11:28,778  INFO EventsManagerImpl:177   org.matsim.core.trafficmonitoring.TravelTimeCalculator
2018-06-01 06:11:28,778  INFO EventsManagerImpl:177   org.matsim.core.scoring.EventsToLegs
2018-06-01 06:11:28,779  INFO EventsManagerImpl:177   ch.ethz.idsc.amodeus.matsim.StandardMATSimScenarioTest$4$1
2018-06-01 06:11:28,779  INFO EventsManagerImpl:177   org.matsim.analysis.VolumesAnalyzer
2018-06-01 06:11:28,779  INFO EventsManagerImpl:177   org.matsim.core.scoring.EventsToActivities
2018-06-01 06:11:28,780  INFO EventsManagerImpl:177   org.matsim.analysis.CalcLegTimes
2018-06-01 06:11:28,780  INFO EventsManagerImpl:177   org.matsim.analysis.LegHistogram
2018-06-01 06:11:28,780  INFO EventsManagerImpl:177   ch.ethz.matsim.av.scenario.TestScenarioAnalyzer
2018-06-01 06:11:28,780  INFO EventsManagerImpl:177   org.matsim.core.scoring.ScoringFunctionsForPopulation
2018-06-01 06:11:28,780  INFO ControlerListenerManagerImpl:224 calling notifyBeforeMobsim on org.matsim.core.controler.corelisteners.PlansDumpingImpl
2018-06-01 06:11:28,780  INFO ControlerListenerManagerImpl:229 calling notifyBeforeMobsim on org.matsim.core.population.VspPlansCleaner
2018-06-01 06:11:28,781  INFO ControlerListenerManagerImpl:229 calling notifyBeforeMobsim on ch.ethz.matsim.av.data.AVLoader
2018-06-01 06:11:28,781  INFO ControlerListenerManagerImpl:232 [it.0] all ControlerBeforeMobsimListeners called.
2018-06-01 06:11:28,792  INFO MobsimListenerManager:49 calling addQueueSimulationListener
2018-06-01 06:11:28,793  INFO MobsimListenerManager:53   assigned class org.matsim.core.mobsim.framework.listeners.MobsimListener to interface org.matsim.contrib.dvrp.trafficmonitoring.DvrpTravelTimeEstimatorImpl
2018-06-01 06:11:28,793  INFO MobsimListenerManager:53   assigned class org.matsim.core.mobsim.framework.listeners.MobsimListener to interface org.matsim.core.mobsim.framework.listeners.MobsimBeforeCleanupListener
2018-06-01 06:11:28,793  INFO MobsimListenerManager:53   assigned class org.matsim.core.mobsim.framework.listeners.MobsimListener to interface org.matsim.core.mobsim.framework.listeners.MobsimListener
2018-06-01 06:11:28,794  INFO MobsimListenerManager:53   assigned class org.matsim.core.mobsim.framework.listeners.MobsimListener to interface org.matsim.contrib.dvrp.trafficmonitoring.DvrpTravelTimeEstimator
2018-06-01 06:11:28,794  INFO MobsimListenerManager:49 calling addQueueSimulationListener
2018-06-01 06:11:28,794  INFO MobsimListenerManager:53   assigned class org.matsim.core.mobsim.framework.listeners.MobsimListener to interface org.matsim.vis.snapshotwriters.SnapshotWriterManager
2018-06-01 06:11:28,794  INFO MobsimListenerManager:53   assigned class org.matsim.core.mobsim.framework.listeners.MobsimListener to interface org.matsim.core.mobsim.framework.listeners.MobsimInitializedListener
2018-06-01 06:11:28,795  INFO MobsimListenerManager:53   assigned class org.matsim.core.mobsim.framework.listeners.MobsimListener to interface org.matsim.core.mobsim.framework.listeners.MobsimAfterSimStepListener
2018-06-01 06:11:28,795  INFO MobsimListenerManager:53   assigned class org.matsim.core.mobsim.framework.listeners.MobsimListener to interface org.matsim.core.mobsim.framework.listeners.MobsimBeforeCleanupListener
2018-06-01 06:11:28,795  INFO MobsimListenerManager:53   assigned class org.matsim.core.mobsim.framework.listeners.MobsimListener to interface org.matsim.core.mobsim.framework.listeners.MobsimListener
2018-06-01 06:11:28,803  INFO Injector:83 org.matsim.core.mobsim.qsim.qnetsimengine.VehicularDepartureHandler 
2018-06-01 06:11:28,803  INFO Injector:84   --&gt; provider: Key[type=org.matsim.core.mobsim.qsim.qnetsimengine.QNetsimEngineDepartureHandlerProvider, annotation=[none]][Scopes.SINGLETON]
2018-06-01 06:11:28,803  INFO Injector:85   --&gt; source: org.matsim.core.mobsim.qsim.qnetsimengine.QNetsimEnginePlugin$1.configure(QNetsimEnginePlugin.java:25)
2018-06-01 06:11:28,804  INFO Injector:87   --&gt; scope: eager singleton
2018-06-01 06:11:28,804  INFO Injector:91 
2018-06-01 06:11:28,804  INFO Injector:83 org.matsim.core.mobsim.qsim.agents.AgentFactory 
2018-06-01 06:11:28,804  INFO Injector:84   --&gt; provider: FactoryProxy{key=Key[type=org.matsim.core.mobsim.qsim.agents.AgentFactory, annotation=[none]], provider=com.google.inject.internal.ConstructorBindingImpl$Factory@65bad087}[Scopes.SINGLETON]
2018-06-01 06:11:28,805  INFO Injector:85   --&gt; source: org.matsim.core.mobsim.qsim.PopulationPlugin$1.configure(PopulationPlugin.java:30)
2018-06-01 06:11:28,805  INFO Injector:87   --&gt; scope: eager singleton
2018-06-01 06:11:28,805  INFO Injector:91 
2018-06-01 06:11:28,806  INFO Injector:83 org.matsim.contrib.dvrp.vrpagent.VrpLegs$LegCreator 
2018-06-01 06:11:28,806  INFO Injector:84   --&gt; provider: @Provides ch.ethz.idsc.amodeus.matsim.mod.AmodeusQSimModule$1.provideLegCreator(AmodeusQSimModule.java:32)[Scopes.SINGLETON]
2018-06-01 06:11:28,806  INFO Injector:85   --&gt; source: org.matsim.contrib.dvrp.vrpagent.VrpLegs$LegCreator ch.ethz.idsc.amodeus.matsim.mod.AmodeusQSimModule$1.provideLegCreator(ch.ethz.matsim.av.schedule.AVOptimizer,org.matsim.core.mobsim.qsim.QSim)
2018-06-01 06:11:28,806  INFO Injector:87   --&gt; scope: Scopes.SINGLETON
2018-06-01 06:11:28,806  INFO Injector:91 
2018-06-01 06:11:28,807  INFO Injector:83 org.matsim.contrib.dvrp.passenger.PassengerEngine 
2018-06-01 06:11:28,807  INFO Injector:84   --&gt; provider: @Provides ch.ethz.matsim.av.framework.AVQSimModule.providePassengerEngine(AVQSimModule.java:48)[Scopes.SINGLETON]
2018-06-01 06:11:28,807  INFO Injector:85   --&gt; source: public org.matsim.contrib.dvrp.passenger.PassengerEngine ch.ethz.matsim.av.framework.AVQSimModule.providePassengerEngine(org.matsim.core.api.experimental.events.EventsManager,ch.ethz.matsim.av.passenger.AVRequestCreator,ch.ethz.matsim.av.schedule.AVOptimizer,org.matsim.api.core.v01.network.Network)
2018-06-01 06:11:28,807  INFO Injector:87   --&gt; scope: Scopes.SINGLETON
2018-06-01 06:11:28,808  INFO Injector:91 
2018-06-01 06:11:28,808  INFO Injector:83 org.matsim.contrib.dvrp.vrpagent.VrpAgentSource 
2018-06-01 06:11:28,808  INFO Injector:84   --&gt; provider: @Provides ch.ethz.matsim.av.framework.AVQSimModule.provideAgentSource(AVQSimModule.java:65)[Scopes.SINGLETON]
2018-06-01 06:11:28,808  INFO Injector:85   --&gt; source: public org.matsim.contrib.dvrp.vrpagent.VrpAgentSource ch.ethz.matsim.av.framework.AVQSimModule.provideAgentSource(ch.ethz.matsim.av.vrpagent.AVActionCreator,ch.ethz.matsim.av.data.AVData,ch.ethz.matsim.av.schedule.AVOptimizer,org.matsim.vehicles.VehicleType,org.matsim.core.mobsim.qsim.QSim)
2018-06-01 06:11:28,808  INFO Injector:87   --&gt; scope: Scopes.SINGLETON
2018-06-01 06:11:28,809  INFO Injector:91 
2018-06-01 06:11:28,809  INFO Injector:83 org.matsim.core.mobsim.qsim.interfaces.Netsim 
2018-06-01 06:11:28,809  INFO Injector:84   --&gt; provider: FactoryProxy{key=Key[type=org.matsim.core.mobsim.qsim.interfaces.Netsim, annotation=[none]], provider=com.google.inject.internal.ConstructorBindingImpl$Factory@52b46d52[Scopes.SINGLETON]}
2018-06-01 06:11:28,809  INFO Injector:85   --&gt; source: org.matsim.core.mobsim.qsim.QSimProvider$1.configure(QSimProvider.java:65)
2018-06-01 06:11:28,809  INFO Injector:87   --&gt; scope: Scopes.NO_SCOPE
2018-06-01 06:11:28,810  INFO Injector:91 
2018-06-01 06:11:28,810  INFO Injector:83 org.matsim.core.mobsim.jdeqsim.MessageQueue 
2018-06-01 06:11:28,810  INFO Injector:84   --&gt; provider: com.google.inject.internal.ConstructorBindingImpl$Factory@11d045b4[Scopes.SINGLETON]
2018-06-01 06:11:28,810  INFO Injector:85   --&gt; source: org.matsim.core.mobsim.qsim.messagequeueengine.MessageQueuePlugin$1.configure(MessageQueuePlugin.java:24)
2018-06-01 06:11:28,810  INFO Injector:87   --&gt; scope: eager singleton
2018-06-01 06:11:28,811  INFO Injector:91 
2018-06-01 06:11:28,811  INFO Injector:83 org.matsim.core.mobsim.qsim.jdeqsimengine.SteppableScheduler 
2018-06-01 06:11:28,811  INFO Injector:84   --&gt; provider: com.google.inject.internal.ConstructorBindingImpl$Factory@7ec95456[Scopes.SINGLETON]
2018-06-01 06:11:28,811  INFO Injector:85   --&gt; source: org.matsim.core.mobsim.qsim.messagequeueengine.MessageQueuePlugin$1.configure(MessageQueuePlugin.java:25)
2018-06-01 06:11:28,811  INFO Injector:87   --&gt; scope: eager singleton
2018-06-01 06:11:28,812  INFO Injector:91 
2018-06-01 06:11:28,812  INFO Injector:83 org.matsim.core.mobsim.qsim.messagequeueengine.MessageQueueEngine 
2018-06-01 06:11:28,812  INFO Injector:84   --&gt; provider: com.google.inject.internal.ConstructorBindingImpl$Factory@20eaeaf8[Scopes.SINGLETON]
2018-06-01 06:11:28,812  INFO Injector:85   --&gt; source: org.matsim.core.mobsim.qsim.messagequeueengine.MessageQueuePlugin$1.configure(MessageQueuePlugin.java:26)
2018-06-01 06:11:28,812  INFO Injector:87   --&gt; scope: eager singleton
2018-06-01 06:11:28,812  INFO Injector:91 
2018-06-01 06:11:28,813  INFO Injector:83 org.matsim.contrib.dynagent.run.DynActivityEngine 
2018-06-01 06:11:28,813  INFO Injector:84   --&gt; provider: com.google.inject.internal.ConstructorBindingImpl$Factory@65a9ea3c[Scopes.SINGLETON]
2018-06-01 06:11:28,813  INFO Injector:85   --&gt; source: org.matsim.contrib.dynagent.run.DynActivityEnginePlugin$1.configure(DynActivityEnginePlugin.java:24)
2018-06-01 06:11:28,813  INFO Injector:87   --&gt; scope: eager singleton
2018-06-01 06:11:28,813  INFO Injector:91 
2018-06-01 06:11:28,814  INFO Injector:83 org.matsim.core.mobsim.qsim.qnetsimengine.QNetsimEngine 
2018-06-01 06:11:28,814  INFO Injector:84   --&gt; provider: com.google.inject.internal.ConstructorBindingImpl$Factory@d902300[Scopes.SINGLETON]
2018-06-01 06:11:28,814  INFO Injector:85   --&gt; source: org.matsim.core.mobsim.qsim.qnetsimengine.QNetsimEnginePlugin$1.configure(QNetsimEnginePlugin.java:24)
2018-06-01 06:11:28,814  INFO Injector:87   --&gt; scope: eager singleton
2018-06-01 06:11:28,814  INFO Injector:91 
2018-06-01 06:11:28,815  INFO Injector:83 org.matsim.core.mobsim.qsim.DefaultTeleportationEngine 
2018-06-01 06:11:28,815  INFO Injector:84   --&gt; provider: com.google.inject.internal.ConstructorBindingImpl$Factory@4d84049a[Scopes.SINGLETON]
2018-06-01 06:11:28,815  INFO Injector:85   --&gt; source: org.matsim.core.mobsim.qsim.TeleportationPlugin$1.configure(TeleportationPlugin.java:21)
2018-06-01 06:11:28,815  INFO Injector:87   --&gt; scope: eager singleton
2018-06-01 06:11:28,815  INFO Injector:91 
2018-06-01 06:11:28,816  INFO Injector:83 org.matsim.core.mobsim.qsim.agents.PopulationAgentSource 
2018-06-01 06:11:28,816  INFO Injector:84   --&gt; provider: com.google.inject.internal.ConstructorBindingImpl$Factory@4a92c6a9[Scopes.SINGLETON]
2018-06-01 06:11:28,816  INFO Injector:85   --&gt; source: org.matsim.core.mobsim.qsim.PopulationPlugin$1.configure(PopulationPlugin.java:26)
2018-06-01 06:11:28,816  INFO Injector:87   --&gt; scope: eager singleton
2018-06-01 06:11:28,816  INFO Injector:91 
2018-06-01 06:11:28,817  INFO Injector:83 org.matsim.core.mobsim.qsim.QSim 
2018-06-01 06:11:28,817  INFO Injector:84   --&gt; provider: com.google.inject.internal.ConstructorBindingImpl$Factory@52b46d52[Scopes.SINGLETON]
2018-06-01 06:11:28,817  INFO Injector:85   --&gt; source: org.matsim.core.mobsim.qsim.QSimProvider$1.configure(QSimProvider.java:64)
2018-06-01 06:11:28,817  INFO Injector:87   --&gt; scope: eager singleton
2018-06-01 06:11:28,818  INFO Injector:91 
2018-06-01 06:11:28,818  INFO MobsimListenerManager:49 calling addQueueSimulationListener
2018-06-01 06:11:28,818  INFO MobsimListenerManager:53   assigned class org.matsim.core.mobsim.framework.listeners.MobsimListener to interface org.matsim.core.mobsim.qsim.messagequeueengine.MessageQueueEngine
2018-06-01 06:11:28,818  INFO MobsimListenerManager:53   assigned class org.matsim.core.mobsim.framework.listeners.MobsimListener to interface org.matsim.core.mobsim.framework.listeners.MobsimBeforeSimStepListener
2018-06-01 06:11:28,818  INFO MobsimListenerManager:53   assigned class org.matsim.core.mobsim.framework.listeners.MobsimListener to interface org.matsim.core.mobsim.framework.listeners.MobsimListener
trying to crate K-means virtual network, attempt: 01
reading travel data for population of size 100
the ID of the virtualNetwork used for travel data construction is: 1527826288821
Number of time steps = 360
dt = 300
reading travel data for population of size 100
the ID of the virtualNetwork used for travel data construction is: 1527826288821
Number of time steps = 360
dt = 300
2018-06-01 06:11:28,908  INFO AbstractController$8:222 ### ITERATION 0 fires after mobsim event
2018-06-01 06:11:28,908  INFO ControlerListenerManagerImpl:248 calling notifyAfterMobsim on org.matsim.analysis.LegTimesControlerListener
2018-06-01 06:11:28,909  INFO LegTimesControlerListener:50 [0] average trip (probably: leg) duration is: 0 seconds = 00:00:00
2018-06-01 06:11:28,909  INFO ControlerListenerManagerImpl:248 calling notifyAfterMobsim on org.matsim.core.scoring.EventsToActivities$1
2018-06-01 06:11:28,909  INFO ControlerListenerManagerImpl:251 [it.0] all ControlerAfterMobsimListeners called.
2018-06-01 06:11:28,913  INFO MatsimRuntimeModifications:58 S H U T D O W N   ---   start shutdown.
2018-06-01 06:11:28,917  INFO ControlerListenerManagerImpl:121 calling notifyShutdown on org.matsim.core.controler.corelisteners.EventsHandlingImpl
2018-06-01 06:11:28,918  INFO ControlerListenerManagerImpl:126 calling notifyShutdown on org.matsim.analysis.ModeStatsControlerListener
2018-06-01 06:11:28,918  INFO ControlerListenerManagerImpl:126 calling notifyShutdown on org.matsim.analysis.ScoreStatsControlerListener
2018-06-01 06:11:28,919  INFO ControlerListenerManagerImpl:126 calling notifyShutdown on org.matsim.analysis.TravelDistanceStatsControlerListener
2018-06-01 06:11:28,919  INFO ControlerListenerManagerImpl:126 calling notifyShutdown on ch.ethz.matsim.av.plcpc.ParallelLeastCostPathCalculatorShutdownListener
2018-06-01 06:11:28,920  INFO ControlerListenerManagerImpl:129 all ControlerShutdownListeners called.
2018-06-01 06:11:28,920  INFO MatsimRuntimeModifications:81 S H U T D O W N   ---   shutdown completed.
</system-out>
    <system-err>2018-06-01 06:11:28,008  WARN ReflectiveConfigGroup:227 unknown parameter publishPeriod for group dispatcher. Here are the valid parameter names: []
2018-06-01 06:11:28,009  WARN ReflectiveConfigGroup:228 Only the string value will be remembered
2018-06-01 06:11:28,581  WARN OutputDirectoryHierarchy:197 ###########################################################
2018-06-01 06:11:28,581  WARN OutputDirectoryHierarchy:198 ### THE CONTROLER WILL DELETE THE EXISTING OUTPUT DIRECTORY:
2018-06-01 06:11:28,581  WARN OutputDirectoryHierarchy:199 ### ./output
2018-06-01 06:11:28,582  WARN OutputDirectoryHierarchy:200 ###########################################################
2018-06-01 06:11:28,904 ERROR AbstractController:210 Mobsim did not complete normally! afterMobsimListeners will be called anyway.
com.google.inject.ProvisionException: Unable to provision, see the following errors:

1) Error in custom provider, java.lang.NoClassDefFoundError: Could not initialize class org.gnu.glpk.GLPKJNI
  at ch.ethz.idsc.amodeus.matsim.StandardMATSimScenarioTest$2.provideTravelData(StandardMATSimScenarioTest.java:217) (via modules: com.google.inject.util.Modules$CombinedModule -&gt; com.google.inject.util.Modules$CombinedModule -&gt; org.matsim.core.controler.AbstractModule$4 -&gt; com.google.inject.util.Modules$OverrideModule -&gt; org.matsim.core.controler.AbstractModule$4 -&gt; com.google.inject.util.Modules$OverrideModule -&gt; org.matsim.core.controler.AbstractModule$4 -&gt; com.google.inject.util.Modules$OverrideModule -&gt; org.matsim.core.controler.AbstractModule$4 -&gt; com.google.inject.util.Modules$OverrideModule -&gt; org.matsim.core.controler.AbstractModule$4 -&gt; com.google.inject.util.Modules$OverrideModule -&gt; ch.ethz.idsc.amodeus.matsim.StandardMATSimScenarioTest$2)
  at ch.ethz.idsc.amodeus.matsim.StandardMATSimScenarioTest$2.provideTravelData(StandardMATSimScenarioTest.java:217) (via modules: com.google.inject.util.Modules$CombinedModule -&gt; com.google.inject.util.Modules$CombinedModule -&gt; org.matsim.core.controler.AbstractModule$4 -&gt; com.google.inject.util.Modules$OverrideModule -&gt; org.matsim.core.controler.AbstractModule$4 -&gt; com.google.inject.util.Modules$OverrideModule -&gt; org.matsim.core.controler.AbstractModule$4 -&gt; com.google.inject.util.Modules$OverrideModule -&gt; org.matsim.core.controler.AbstractModule$4 -&gt; com.google.inject.util.Modules$OverrideModule -&gt; org.matsim.core.controler.AbstractModule$4 -&gt; com.google.inject.util.Modules$OverrideModule -&gt; ch.ethz.idsc.amodeus.matsim.StandardMATSimScenarioTest$2)
  while locating ch.ethz.idsc.amodeus.traveldata.TravelData
    for field at ch.ethz.idsc.amodeus.dispatcher.FeedforwardFluidicRebalancingPolicy$Factory.travelData(FeedforwardFluidicRebalancingPolicy.java:162)
  while locating ch.ethz.idsc.amodeus.dispatcher.FeedforwardFluidicRebalancingPolicy$Factory
  while locating ch.ethz.matsim.av.dispatcher.AVDispatcher$AVDispatcherFactory annotated with @com.google.inject.multibindings.Element(setName=,uniqueId=298, type=MAPBINDER, keyType=java.lang.String)
  at ch.ethz.matsim.av.framework.AVUtils.bindDispatcherFactory(AVUtils.java:11) (via modules: com.google.inject.util.Modules$CombinedModule -&gt; com.google.inject.util.Modules$CombinedModule -&gt; org.matsim.core.controler.AbstractModule$4 -&gt; com.google.inject.util.Modules$OverrideModule -&gt; org.matsim.core.controler.AbstractModule$4 -&gt; com.google.inject.util.Modules$OverrideModule -&gt; org.matsim.core.controler.AbstractModule$4 -&gt; com.google.inject.util.Modules$OverrideModule -&gt; org.matsim.core.controler.AbstractModule$4 -&gt; com.google.inject.util.Modules$OverrideModule -&gt; org.matsim.core.controler.AbstractModule$4 -&gt; com.google.inject.util.Modules$OverrideModule -&gt; org.matsim.core.controler.AbstractModule$4 -&gt; com.google.inject.util.Modules$OverrideModule -&gt; org.matsim.core.controler.AbstractModule$4 -&gt; com.google.inject.util.Modules$OverrideModule -&gt; ch.ethz.idsc.amodeus.matsim.mod.AmodeusDispatcherModule -&gt; com.google.inject.multibindings.MapBinder$RealMapBinder)
  while locating java.util.Map&lt;java.lang.String, ch.ethz.matsim.av.dispatcher.AVDispatcher$AVDispatcherFactory&gt;
    for the 1st parameter of ch.ethz.matsim.av.framework.AVQSimModule.provideDispatchers(AVQSimModule.java:70)
  at ch.ethz.matsim.av.framework.AVQSimModule.provideDispatchers(AVQSimModule.java:70) (via modules: org.matsim.core.mobsim.qsim.QSimProvider$1 -&gt; ch.ethz.idsc.amodeus.matsim.mod.AmodeusQSimModule -&gt; com.google.inject.util.Modules$OverrideModule -&gt; ch.ethz.matsim.av.framework.AVQSimModule)
  while locating java.util.Map&lt;org.matsim.api.core.v01.Id&lt;ch.ethz.matsim.av.data.AVOperator&gt;, ch.ethz.matsim.av.dispatcher.AVDispatcher&gt;
    for field at ch.ethz.matsim.av.passenger.AVRequestCreator.dispatchers(AVRequestCreator.java:21)
  at ch.ethz.matsim.av.framework.AVQSimModule.configure(AVQSimModule.java:37) (via modules: org.matsim.core.mobsim.qsim.QSimProvider$1 -&gt; ch.ethz.idsc.amodeus.matsim.mod.AmodeusQSimModule -&gt; com.google.inject.util.Modules$OverrideModule -&gt; ch.ethz.matsim.av.framework.AVQSimModule)
  while locating ch.ethz.matsim.av.passenger.AVRequestCreator
    for the 2nd parameter of ch.ethz.matsim.av.framework.AVQSimModule.providePassengerEngine(AVQSimModule.java:48)
  at ch.ethz.matsim.av.framework.AVQSimModule.providePassengerEngine(AVQSimModule.java:48) (via modules: org.matsim.core.mobsim.qsim.QSimProvider$1 -&gt; ch.ethz.idsc.amodeus.matsim.mod.AmodeusQSimModule -&gt; com.google.inject.util.Modules$OverrideModule -&gt; ch.ethz.matsim.av.framework.AVQSimModule)
  while locating org.matsim.contrib.dvrp.passenger.PassengerEngine
  while locating org.matsim.core.mobsim.qsim.QSimProvider
  while locating org.matsim.core.mobsim.framework.Mobsim

2) Error in custom provider, java.lang.NoClassDefFoundError: Could not initialize class org.gnu.glpk.GLPKJNI
  at ch.ethz.idsc.amodeus.matsim.StandardMATSimScenarioTest$2.provideTravelData(StandardMATSimScenarioTest.java:217) (via modules: com.google.inject.util.Modules$CombinedModule -&gt; com.google.inject.util.Modules$CombinedModule -&gt; org.matsim.core.controler.AbstractModule$4 -&gt; com.google.inject.util.Modules$OverrideModule -&gt; org.matsim.core.controler.AbstractModule$4 -&gt; com.google.inject.util.Modules$OverrideModule -&gt; org.matsim.core.controler.AbstractModule$4 -&gt; com.google.inject.util.Modules$OverrideModule -&gt; org.matsim.core.controler.AbstractModule$4 -&gt; com.google.inject.util.Modules$OverrideModule -&gt; org.matsim.core.controler.AbstractModule$4 -&gt; com.google.inject.util.Modules$OverrideModule -&gt; ch.ethz.idsc.amodeus.matsim.StandardMATSimScenarioTest$2)
  at ch.ethz.idsc.amodeus.matsim.StandardMATSimScenarioTest$2.provideTravelData(StandardMATSimScenarioTest.java:217) (via modules: com.google.inject.util.Modules$CombinedModule -&gt; com.google.inject.util.Modules$CombinedModule -&gt; org.matsim.core.controler.AbstractModule$4 -&gt; com.google.inject.util.Modules$OverrideModule -&gt; org.matsim.core.controler.AbstractModule$4 -&gt; com.google.inject.util.Modules$OverrideModule -&gt; org.matsim.core.controler.AbstractModule$4 -&gt; com.google.inject.util.Modules$OverrideModule -&gt; org.matsim.core.controler.AbstractModule$4 -&gt; com.google.inject.util.Modules$OverrideModule -&gt; org.matsim.core.controler.AbstractModule$4 -&gt; com.google.inject.util.Modules$OverrideModule -&gt; ch.ethz.idsc.amodeus.matsim.StandardMATSimScenarioTest$2)
  while locating ch.ethz.idsc.amodeus.traveldata.TravelData
    for field at ch.ethz.idsc.amodeus.dispatcher.FeedforwardFluidicRebalancingPolicy$Factory.travelData(FeedforwardFluidicRebalancingPolicy.java:162)
  while locating ch.ethz.idsc.amodeus.dispatcher.FeedforwardFluidicRebalancingPolicy$Factory
  while locating ch.ethz.matsim.av.dispatcher.AVDispatcher$AVDispatcherFactory annotated with @com.google.inject.multibindings.Element(setName=,uniqueId=298, type=MAPBINDER, keyType=java.lang.String)
  at ch.ethz.matsim.av.framework.AVUtils.bindDispatcherFactory(AVUtils.java:11) (via modules: com.google.inject.util.Modules$CombinedModule -&gt; com.google.inject.util.Modules$CombinedModule -&gt; org.matsim.core.controler.AbstractModule$4 -&gt; com.google.inject.util.Modules$OverrideModule -&gt; org.matsim.core.controler.AbstractModule$4 -&gt; com.google.inject.util.Modules$OverrideModule -&gt; org.matsim.core.controler.AbstractModule$4 -&gt; com.google.inject.util.Modules$OverrideModule -&gt; org.matsim.core.controler.AbstractModule$4 -&gt; com.google.inject.util.Modules$OverrideModule -&gt; org.matsim.core.controler.AbstractModule$4 -&gt; com.google.inject.util.Modules$OverrideModule -&gt; org.matsim.core.controler.AbstractModule$4 -&gt; com.google.inject.util.Modules$OverrideModule -&gt; org.matsim.core.controler.AbstractModule$4 -&gt; com.google.inject.util.Modules$OverrideModule -&gt; ch.ethz.idsc.amodeus.matsim.mod.AmodeusDispatcherModule -&gt; com.google.inject.multibindings.MapBinder$RealMapBinder)
  while locating java.util.Map&lt;java.lang.String, ch.ethz.matsim.av.dispatcher.AVDispatcher$AVDispatcherFactory&gt;
    for the 1st parameter of ch.ethz.matsim.av.framework.AVQSimModule.provideDispatchers(AVQSimModule.java:70)
  at ch.ethz.matsim.av.framework.AVQSimModule.provideDispatchers(AVQSimModule.java:70) (via modules: org.matsim.core.mobsim.qsim.QSimProvider$1 -&gt; ch.ethz.idsc.amodeus.matsim.mod.AmodeusQSimModule -&gt; com.google.inject.util.Modules$OverrideModule -&gt; ch.ethz.matsim.av.framework.AVQSimModule)
  while locating java.util.Map&lt;org.matsim.api.core.v01.Id&lt;ch.ethz.matsim.av.data.AVOperator&gt;, ch.ethz.matsim.av.dispatcher.AVDispatcher&gt;
    for field at ch.ethz.matsim.av.schedule.AVOptimizer.dispatchers(AVOptimizer.java:32)
  at ch.ethz.matsim.av.framework.AVQSimModule.configure(AVQSimModule.java:35) (via modules: org.matsim.core.mobsim.qsim.QSimProvider$1 -&gt; ch.ethz.idsc.amodeus.matsim.mod.AmodeusQSimModule -&gt; com.google.inject.util.Modules$OverrideModule -&gt; ch.ethz.matsim.av.framework.AVQSimModule)
  while locating ch.ethz.matsim.av.schedule.AVOptimizer
    for the 3rd parameter of ch.ethz.matsim.av.framework.AVQSimModule.providePassengerEngine(AVQSimModule.java:48)
  at ch.ethz.matsim.av.framework.AVQSimModule.providePassengerEngine(AVQSimModule.java:48) (via modules: org.matsim.core.mobsim.qsim.QSimProvider$1 -&gt; ch.ethz.idsc.amodeus.matsim.mod.AmodeusQSimModule -&gt; com.google.inject.util.Modules$OverrideModule -&gt; ch.ethz.matsim.av.framework.AVQSimModule)
  while locating org.matsim.contrib.dvrp.passenger.PassengerEngine
  while locating org.matsim.core.mobsim.qsim.QSimProvider
  while locating org.matsim.core.mobsim.framework.Mobsim

2 errors
	at com.google.inject.internal.InjectorImpl$2.get(InjectorImpl.java:1028)
	at org.matsim.core.controler.NewControler.runMobSim(NewControler.java:111)
	at org.matsim.core.controler.AbstractController$7.run(AbstractController.java:199)
	at org.matsim.core.controler.AbstractController.iterationStep(AbstractController.java:231)
	at org.matsim.core.controler.AbstractController.mobsim(AbstractController.java:195)
	at org.matsim.core.controler.AbstractController.iteration(AbstractController.java:154)
	at org.matsim.core.controler.AbstractController.doIterations(AbstractController.java:121)
	at org.matsim.core.controler.AbstractController.access$000(AbstractController.java:29)
	at org.matsim.core.controler.AbstractController$1.run(AbstractController.java:91)
	at org.matsim.core.controler.MatsimRuntimeModifications.run(MatsimRuntimeModifications.java:48)
	at org.matsim.core.controler.MatsimRuntimeModifications.run(MatsimRuntimeModifications.java:31)
	at org.matsim.core.controler.AbstractController.run(AbstractController.java:99)
	at org.matsim.core.controler.NewControler.run(NewControler.java:75)
	at org.matsim.core.controler.Controler.run(Controler.java:202)
	at ch.ethz.idsc.amodeus.matsim.StandardMATSimScenarioTest.testStandardMATSimScenario(StandardMATSimScenarioTest.java:263)
	at sun.reflect.NativeMethodAccessorImpl.invoke0(Native Method)
	at sun.reflect.NativeMethodAccessorImpl.invoke(NativeMethodAccessorImpl.java:62)
	at sun.reflect.DelegatingMethodAccessorImpl.invoke(DelegatingMethodAccessorImpl.java:43)
	at java.lang.reflect.Method.invoke(Method.java:498)
	at org.junit.runners.model.FrameworkMethod$1.runReflectiveCall(FrameworkMethod.java:50)
	at org.junit.internal.runners.model.ReflectiveCallable.run(ReflectiveCallable.java:12)
	at org.junit.runners.model.FrameworkMethod.invokeExplosively(FrameworkMethod.java:47)
	at org.junit.internal.runners.statements.InvokeMethod.evaluate(InvokeMethod.java:17)
	at org.junit.runners.ParentRunner.runLeaf(ParentRunner.java:325)
	at org.junit.runners.BlockJUnit4ClassRunner.runChild(BlockJUnit4ClassRunner.java:78)
	at org.junit.runners.BlockJUnit4ClassRunner.runChild(BlockJUnit4ClassRunner.java:57)
	at org.junit.runners.ParentRunner$3.run(ParentRunner.java:290)
	at org.junit.runners.ParentRunner$1.schedule(ParentRunner.java:71)
	at org.junit.runners.ParentRunner.runChildren(ParentRunner.java:288)
	at org.junit.runners.ParentRunner.access$000(ParentRunner.java:58)
	at org.junit.runners.ParentRunner$2.evaluate(ParentRunner.java:268)
	at org.junit.runners.ParentRunner.run(ParentRunner.java:363)
	at org.junit.runners.Suite.runChild(Suite.java:128)
	at org.junit.runners.Suite.runChild(Suite.java:27)
	at org.junit.runners.ParentRunner$3.run(ParentRunner.java:290)
	at org.junit.runners.ParentRunner$1.schedule(ParentRunner.java:71)
	at org.junit.runners.ParentRunner.runChildren(ParentRunner.java:288)
	at org.junit.runners.ParentRunner.access$000(ParentRunner.java:58)
	at org.junit.runners.ParentRunner$2.evaluate(ParentRunner.java:268)
	at org.junit.runners.ParentRunner.run(ParentRunner.java:363)
	at org.apache.maven.surefire.junit4.JUnit4Provider.execute(JUnit4Provider.java:252)
	at org.apache.maven.surefire.junit4.JUnit4Provider.executeTestSet(JUnit4Provider.java:141)
	at org.apache.maven.surefire.junit4.JUnit4Provider.invoke(JUnit4Provider.java:112)
	at sun.reflect.NativeMethodAccessorImpl.invoke0(Native Method)
	at sun.reflect.NativeMethodAccessorImpl.invoke(NativeMethodAccessorImpl.java:62)
	at sun.reflect.DelegatingMethodAccessorImpl.invoke(DelegatingMethodAccessorImpl.java:43)
	at java.lang.reflect.Method.invoke(Method.java:498)
	at org.apache.maven.surefire.util.ReflectionUtils.invokeMethodWithArray(ReflectionUtils.java:189)
	at org.apache.maven.surefire.booter.ProviderFactory$ProviderProxy.invoke(ProviderFactory.java:165)
	at org.apache.maven.surefire.booter.ProviderFactory.invokeProvider(ProviderFactory.java:85)
	at org.apache.maven.surefire.booter.ForkedBooter.runSuitesInProcess(ForkedBooter.java:115)
	at org.apache.maven.surefire.booter.ForkedBooter.main(ForkedBooter.java:75)
Caused by: java.lang.NoClassDefFoundError: Could not initialize class org.gnu.glpk.GLPKJNI
	at org.gnu.glpk.glp_smcp.&lt;init&gt;(glp_smcp.java:168)
	at ch.ethz.idsc.amodeus.dispatcher.util.LPVehicleRebalancing.&lt;init&gt;(LPVehicleRebalancing.java:31)
	at ch.ethz.idsc.amodeus.traveldata.TravelData.&lt;init&gt;(TravelData.java:150)
	at ch.ethz.idsc.amodeus.matsim.StandardMATSimScenarioTest$2.provideTravelData(StandardMATSimScenarioTest.java:217)
	at ch.ethz.idsc.amodeus.matsim.StandardMATSimScenarioTest$2$$FastClassByGuice$$18c5fb10.invoke(&lt;generated&gt;)
	at com.google.inject.internal.ProviderMethod$FastClassProviderMethod.doProvision(ProviderMethod.java:264)
	at com.google.inject.internal.ProviderMethod$Factory.provision(ProviderMethod.java:401)
	at com.google.inject.internal.ProviderMethod$Factory.get(ProviderMethod.java:376)
	at com.google.inject.internal.ProviderToInternalFactoryAdapter$1.call(ProviderToInternalFactoryAdapter.java:46)
	at com.google.inject.internal.InjectorImpl.callInContext(InjectorImpl.java:1092)
	at com.google.inject.internal.ProviderToInternalFactoryAdapter.get(ProviderToInternalFactoryAdapter.java:40)
	at com.google.inject.internal.SingletonScope$1.get(SingletonScope.java:194)
	at com.google.inject.internal.InternalFactoryToProviderAdapter.get(InternalFactoryToProviderAdapter.java:41)
	at com.google.inject.internal.SingleFieldInjector.inject(SingleFieldInjector.java:54)
	at com.google.inject.internal.MembersInjectorImpl.injectMembers(MembersInjectorImpl.java:132)
	at com.google.inject.internal.ConstructorInjector.provision(ConstructorInjector.java:120)
	at com.google.inject.internal.ConstructorInjector.construct(ConstructorInjector.java:90)
	at com.google.inject.internal.ConstructorBindingImpl$Factory.get(ConstructorBindingImpl.java:268)
	at com.google.inject.internal.FactoryProxy.get(FactoryProxy.java:56)
	at com.google.inject.internal.InjectorImpl$2$1.call(InjectorImpl.java:1019)
	at com.google.inject.internal.InjectorImpl.callInContext(InjectorImpl.java:1092)
	at com.google.inject.internal.InjectorImpl$2.get(InjectorImpl.java:1015)
	at com.google.inject.spi.ProviderLookup$1.get(ProviderLookup.java:104)
	at com.google.inject.spi.ProviderLookup$1.get(ProviderLookup.java:104)
	at com.google.inject.spi.ProviderLookup$1.get(ProviderLookup.java:104)
	at com.google.inject.spi.ProviderLookup$1.get(ProviderLookup.java:104)
	at com.google.inject.spi.ProviderLookup$1.get(ProviderLookup.java:104)
	at com.google.inject.spi.ProviderLookup$1.get(ProviderLookup.java:104)
	at com.google.inject.spi.ProviderLookup$1.get(ProviderLookup.java:104)
	at com.google.inject.spi.ProviderLookup$1.get(ProviderLookup.java:104)
	at com.google.inject.multibindings.MapBinder$RealMapBinder$ValueProvider.get(MapBinder.java:821)
	at com.google.inject.multibindings.MapBinder$RealMapBinder$RealMapProvider.get(MapBinder.java:605)
	at com.google.inject.multibindings.MapBinder$RealMapBinder$RealMapProvider.get(MapBinder.java:586)
	at com.google.inject.internal.ProviderInternalFactory.provision(ProviderInternalFactory.java:81)
	at com.google.inject.internal.InternalFactoryToInitializableAdapter.provision(InternalFactoryToInitializableAdapter.java:53)
	at com.google.inject.internal.ProviderInternalFactory.circularGet(ProviderInternalFactory.java:61)
	at com.google.inject.internal.InternalFactoryToInitializableAdapter.get(InternalFactoryToInitializableAdapter.java:45)
	at com.google.inject.internal.SingleParameterInjector.inject(SingleParameterInjector.java:38)
	at com.google.inject.internal.SingleParameterInjector.getAll(SingleParameterInjector.java:62)
	at com.google.inject.internal.ProviderMethod$Factory.provision(ProviderMethod.java:402)
	at com.google.inject.internal.ProviderMethod$Factory.get(ProviderMethod.java:376)
	at com.google.inject.internal.ProviderToInternalFactoryAdapter$1.call(ProviderToInternalFactoryAdapter.java:46)
	at com.google.inject.internal.InjectorImpl.callInContext(InjectorImpl.java:1092)
	at com.google.inject.internal.ProviderToInternalFactoryAdapter.get(ProviderToInternalFactoryAdapter.java:40)
	at com.google.inject.internal.SingletonScope$1.get(SingletonScope.java:194)
	at com.google.inject.internal.InternalFactoryToProviderAdapter.get(InternalFactoryToProviderAdapter.java:41)
	at com.google.inject.internal.SingleFieldInjector.inject(SingleFieldInjector.java:54)
	at com.google.inject.internal.MembersInjectorImpl.injectMembers(MembersInjectorImpl.java:132)
	at com.google.inject.internal.ConstructorInjector.provision(ConstructorInjector.java:120)
	at com.google.inject.internal.ConstructorInjector.construct(ConstructorInjector.java:90)
	at com.google.inject.internal.ConstructorBindingImpl$Factory.get(ConstructorBindingImpl.java:268)
	at com.google.inject.internal.ProviderToInternalFactoryAdapter$1.call(ProviderToInternalFactoryAdapter.java:46)
	at com.google.inject.internal.InjectorImpl.callInContext(InjectorImpl.java:1092)
	at com.google.inject.internal.ProviderToInternalFactoryAdapter.get(ProviderToInternalFactoryAdapter.java:40)
	at com.google.inject.internal.SingletonScope$1.get(SingletonScope.java:194)
	at com.google.inject.internal.InternalFactoryToProviderAdapter.get(InternalFactoryToProviderAdapter.java:41)
	at com.google.inject.internal.SingleParameterInjector.inject(SingleParameterInjector.java:38)
	at com.google.inject.internal.SingleParameterInjector.getAll(SingleParameterInjector.java:62)
	at com.google.inject.internal.ProviderMethod$Factory.provision(ProviderMethod.java:402)
	at com.google.inject.internal.ProviderMethod$Factory.get(ProviderMethod.java:376)
	at com.google.inject.internal.ProviderToInternalFactoryAdapter$1.call(ProviderToInternalFactoryAdapter.java:46)
	at com.google.inject.internal.InjectorImpl.callInContext(InjectorImpl.java:1092)
	at com.google.inject.internal.ProviderToInternalFactoryAdapter.get(ProviderToInternalFactoryAdapter.java:40)
	at com.google.inject.internal.SingletonScope$1.get(SingletonScope.java:194)
	at com.google.inject.internal.InternalFactoryToProviderAdapter.get(InternalFactoryToProviderAdapter.java:41)
	at com.google.inject.internal.InjectorImpl$2$1.call(InjectorImpl.java:1019)
	at com.google.inject.internal.InjectorImpl.callInContext(InjectorImpl.java:1092)
	at com.google.inject.internal.InjectorImpl$2.get(InjectorImpl.java:1015)
	at com.google.inject.internal.InjectorImpl.getInstance(InjectorImpl.java:1054)
	at org.matsim.core.mobsim.qsim.QSimProvider.get(QSimProvider.java:75)
	at org.matsim.core.mobsim.qsim.QSimProvider.get(QSimProvider.java:41)
	at com.google.inject.internal.ProviderInternalFactory.provision(ProviderInternalFactory.java:81)
	at com.google.inject.internal.BoundProviderFactory.provision(BoundProviderFactory.java:72)
	at com.google.inject.internal.ProviderInternalFactory.circularGet(ProviderInternalFactory.java:61)
	at com.google.inject.internal.BoundProviderFactory.get(BoundProviderFactory.java:62)
	at com.google.inject.internal.InjectorImpl$2$1.call(InjectorImpl.java:1019)
	at com.google.inject.internal.InjectorImpl.callInContext(InjectorImpl.java:1085)
	at com.google.inject.internal.InjectorImpl$2.get(InjectorImpl.java:1015)
	... 51 more
2018-06-01 06:11:28,910 ERROR MatsimRuntimeModifications:54 Getting uncaught Exception in Thread main
com.google.inject.ProvisionException: Unable to provision, see the following errors:

1) Error in custom provider, java.lang.NoClassDefFoundError: Could not initialize class org.gnu.glpk.GLPKJNI
  at ch.ethz.idsc.amodeus.matsim.StandardMATSimScenarioTest$2.provideTravelData(StandardMATSimScenarioTest.java:217) (via modules: com.google.inject.util.Modules$CombinedModule -&gt; com.google.inject.util.Modules$CombinedModule -&gt; org.matsim.core.controler.AbstractModule$4 -&gt; com.google.inject.util.Modules$OverrideModule -&gt; org.matsim.core.controler.AbstractModule$4 -&gt; com.google.inject.util.Modules$OverrideModule -&gt; org.matsim.core.controler.AbstractModule$4 -&gt; com.google.inject.util.Modules$OverrideModule -&gt; org.matsim.core.controler.AbstractModule$4 -&gt; com.google.inject.util.Modules$OverrideModule -&gt; org.matsim.core.controler.AbstractModule$4 -&gt; com.google.inject.util.Modules$OverrideModule -&gt; ch.ethz.idsc.amodeus.matsim.StandardMATSimScenarioTest$2)
  at ch.ethz.idsc.amodeus.matsim.StandardMATSimScenarioTest$2.provideTravelData(StandardMATSimScenarioTest.java:217) (via modules: com.google.inject.util.Modules$CombinedModule -&gt; com.google.inject.util.Modules$CombinedModule -&gt; org.matsim.core.controler.AbstractModule$4 -&gt; com.google.inject.util.Modules$OverrideModule -&gt; org.matsim.core.controler.AbstractModule$4 -&gt; com.google.inject.util.Modules$OverrideModule -&gt; org.matsim.core.controler.AbstractModule$4 -&gt; com.google.inject.util.Modules$OverrideModule -&gt; org.matsim.core.controler.AbstractModule$4 -&gt; com.google.inject.util.Modules$OverrideModule -&gt; org.matsim.core.controler.AbstractModule$4 -&gt; com.google.inject.util.Modules$OverrideModule -&gt; ch.ethz.idsc.amodeus.matsim.StandardMATSimScenarioTest$2)
  while locating ch.ethz.idsc.amodeus.traveldata.TravelData
    for field at ch.ethz.idsc.amodeus.dispatcher.FeedforwardFluidicRebalancingPolicy$Factory.travelData(FeedforwardFluidicRebalancingPolicy.java:162)
  while locating ch.ethz.idsc.amodeus.dispatcher.FeedforwardFluidicRebalancingPolicy$Factory
  while locating ch.ethz.matsim.av.dispatcher.AVDispatcher$AVDispatcherFactory annotated with @com.google.inject.multibindings.Element(setName=,uniqueId=298, type=MAPBINDER, keyType=java.lang.String)
  at ch.ethz.matsim.av.framework.AVUtils.bindDispatcherFactory(AVUtils.java:11) (via modules: com.google.inject.util.Modules$CombinedModule -&gt; com.google.inject.util.Modules$CombinedModule -&gt; org.matsim.core.controler.AbstractModule$4 -&gt; com.google.inject.util.Modules$OverrideModule -&gt; org.matsim.core.controler.AbstractModule$4 -&gt; com.google.inject.util.Modules$OverrideModule -&gt; org.matsim.core.controler.AbstractModule$4 -&gt; com.google.inject.util.Modules$OverrideModule -&gt; org.matsim.core.controler.AbstractModule$4 -&gt; com.google.inject.util.Modules$OverrideModule -&gt; org.matsim.core.controler.AbstractModule$4 -&gt; com.google.inject.util.Modules$OverrideModule -&gt; org.matsim.core.controler.AbstractModule$4 -&gt; com.google.inject.util.Modules$OverrideModule -&gt; org.matsim.core.controler.AbstractModule$4 -&gt; com.google.inject.util.Modules$OverrideModule -&gt; ch.ethz.idsc.amodeus.matsim.mod.AmodeusDispatcherModule -&gt; com.google.inject.multibindings.MapBinder$RealMapBinder)
  while locating java.util.Map&lt;java.lang.String, ch.ethz.matsim.av.dispatcher.AVDispatcher$AVDispatcherFactory&gt;
    for the 1st parameter of ch.ethz.matsim.av.framework.AVQSimModule.provideDispatchers(AVQSimModule.java:70)
  at ch.ethz.matsim.av.framework.AVQSimModule.provideDispatchers(AVQSimModule.java:70) (via modules: org.matsim.core.mobsim.qsim.QSimProvider$1 -&gt; ch.ethz.idsc.amodeus.matsim.mod.AmodeusQSimModule -&gt; com.google.inject.util.Modules$OverrideModule -&gt; ch.ethz.matsim.av.framework.AVQSimModule)
  while locating java.util.Map&lt;org.matsim.api.core.v01.Id&lt;ch.ethz.matsim.av.data.AVOperator&gt;, ch.ethz.matsim.av.dispatcher.AVDispatcher&gt;
    for field at ch.ethz.matsim.av.passenger.AVRequestCreator.dispatchers(AVRequestCreator.java:21)
  at ch.ethz.matsim.av.framework.AVQSimModule.configure(AVQSimModule.java:37) (via modules: org.matsim.core.mobsim.qsim.QSimProvider$1 -&gt; ch.ethz.idsc.amodeus.matsim.mod.AmodeusQSimModule -&gt; com.google.inject.util.Modules$OverrideModule -&gt; ch.ethz.matsim.av.framework.AVQSimModule)
  while locating ch.ethz.matsim.av.passenger.AVRequestCreator
    for the 2nd parameter of ch.ethz.matsim.av.framework.AVQSimModule.providePassengerEngine(AVQSimModule.java:48)
  at ch.ethz.matsim.av.framework.AVQSimModule.providePassengerEngine(AVQSimModule.java:48) (via modules: org.matsim.core.mobsim.qsim.QSimProvider$1 -&gt; ch.ethz.idsc.amodeus.matsim.mod.AmodeusQSimModule -&gt; com.google.inject.util.Modules$OverrideModule -&gt; ch.ethz.matsim.av.framework.AVQSimModule)
  while locating org.matsim.contrib.dvrp.passenger.PassengerEngine
  while locating org.matsim.core.mobsim.qsim.QSimProvider
  while locating org.matsim.core.mobsim.framework.Mobsim

2) Error in custom provider, java.lang.NoClassDefFoundError: Could not initialize class org.gnu.glpk.GLPKJNI
  at ch.ethz.idsc.amodeus.matsim.StandardMATSimScenarioTest$2.provideTravelData(StandardMATSimScenarioTest.java:217) (via modules: com.google.inject.util.Modules$CombinedModule -&gt; com.google.inject.util.Modules$CombinedModule -&gt; org.matsim.core.controler.AbstractModule$4 -&gt; com.google.inject.util.Modules$OverrideModule -&gt; org.matsim.core.controler.AbstractModule$4 -&gt; com.google.inject.util.Modules$OverrideModule -&gt; org.matsim.core.controler.AbstractModule$4 -&gt; com.google.inject.util.Modules$OverrideModule -&gt; org.matsim.core.controler.AbstractModule$4 -&gt; com.google.inject.util.Modules$OverrideModule -&gt; org.matsim.core.controler.AbstractModule$4 -&gt; com.google.inject.util.Modules$OverrideModule -&gt; ch.ethz.idsc.amodeus.matsim.StandardMATSimScenarioTest$2)
  at ch.ethz.idsc.amodeus.matsim.StandardMATSimScenarioTest$2.provideTravelData(StandardMATSimScenarioTest.java:217) (via modules: com.google.inject.util.Modules$CombinedModule -&gt; com.google.inject.util.Modules$CombinedModule -&gt; org.matsim.core.controler.AbstractModule$4 -&gt; com.google.inject.util.Modules$OverrideModule -&gt; org.matsim.core.controler.AbstractModule$4 -&gt; com.google.inject.util.Modules$OverrideModule -&gt; org.matsim.core.controler.AbstractModule$4 -&gt; com.google.inject.util.Modules$OverrideModule -&gt; org.matsim.core.controler.AbstractModule$4 -&gt; com.google.inject.util.Modules$OverrideModule -&gt; org.matsim.core.controler.AbstractModule$4 -&gt; com.google.inject.util.Modules$OverrideModule -&gt; ch.ethz.idsc.amodeus.matsim.StandardMATSimScenarioTest$2)
  while locating ch.ethz.idsc.amodeus.traveldata.TravelData
    for field at ch.ethz.idsc.amodeus.dispatcher.FeedforwardFluidicRebalancingPolicy$Factory.travelData(FeedforwardFluidicRebalancingPolicy.java:162)
  while locating ch.ethz.idsc.amodeus.dispatcher.FeedforwardFluidicRebalancingPolicy$Factory
  while locating ch.ethz.matsim.av.dispatcher.AVDispatcher$AVDispatcherFactory annotated with @com.google.inject.multibindings.Element(setName=,uniqueId=298, type=MAPBINDER, keyType=java.lang.String)
  at ch.ethz.matsim.av.framework.AVUtils.bindDispatcherFactory(AVUtils.java:11) (via modules: com.google.inject.util.Modules$CombinedModule -&gt; com.google.inject.util.Modules$CombinedModule -&gt; org.matsim.core.controler.AbstractModule$4 -&gt; com.google.inject.util.Modules$OverrideModule -&gt; org.matsim.core.controler.AbstractModule$4 -&gt; com.google.inject.util.Modules$OverrideModule -&gt; org.matsim.core.controler.AbstractModule$4 -&gt; com.google.inject.util.Modules$OverrideModule -&gt; org.matsim.core.controler.AbstractModule$4 -&gt; com.google.inject.util.Modules$OverrideModule -&gt; org.matsim.core.controler.AbstractModule$4 -&gt; com.google.inject.util.Modules$OverrideModule -&gt; org.matsim.core.controler.AbstractModule$4 -&gt; com.google.inject.util.Modules$OverrideModule -&gt; org.matsim.core.controler.AbstractModule$4 -&gt; com.google.inject.util.Modules$OverrideModule -&gt; ch.ethz.idsc.amodeus.matsim.mod.AmodeusDispatcherModule -&gt; com.google.inject.multibindings.MapBinder$RealMapBinder)
  while locating java.util.Map&lt;java.lang.String, ch.ethz.matsim.av.dispatcher.AVDispatcher$AVDispatcherFactory&gt;
    for the 1st parameter of ch.ethz.matsim.av.framework.AVQSimModule.provideDispatchers(AVQSimModule.java:70)
  at ch.ethz.matsim.av.framework.AVQSimModule.provideDispatchers(AVQSimModule.java:70) (via modules: org.matsim.core.mobsim.qsim.QSimProvider$1 -&gt; ch.ethz.idsc.amodeus.matsim.mod.AmodeusQSimModule -&gt; com.google.inject.util.Modules$OverrideModule -&gt; ch.ethz.matsim.av.framework.AVQSimModule)
  while locating java.util.Map&lt;org.matsim.api.core.v01.Id&lt;ch.ethz.matsim.av.data.AVOperator&gt;, ch.ethz.matsim.av.dispatcher.AVDispatcher&gt;
    for field at ch.ethz.matsim.av.schedule.AVOptimizer.dispatchers(AVOptimizer.java:32)
  at ch.ethz.matsim.av.framework.AVQSimModule.configure(AVQSimModule.java:35) (via modules: org.matsim.core.mobsim.qsim.QSimProvider$1 -&gt; ch.ethz.idsc.amodeus.matsim.mod.AmodeusQSimModule -&gt; com.google.inject.util.Modules$OverrideModule -&gt; ch.ethz.matsim.av.framework.AVQSimModule)
  while locating ch.ethz.matsim.av.schedule.AVOptimizer
    for the 3rd parameter of ch.ethz.matsim.av.framework.AVQSimModule.providePassengerEngine(AVQSimModule.java:48)
  at ch.ethz.matsim.av.framework.AVQSimModule.providePassengerEngine(AVQSimModule.java:48) (via modules: org.matsim.core.mobsim.qsim.QSimProvider$1 -&gt; ch.ethz.idsc.amodeus.matsim.mod.AmodeusQSimModule -&gt; com.google.inject.util.Modules$OverrideModule -&gt; ch.ethz.matsim.av.framework.AVQSimModule)
  while locating org.matsim.contrib.dvrp.passenger.PassengerEngine
  while locating org.matsim.core.mobsim.qsim.QSimProvider
  while locating org.matsim.core.mobsim.framework.Mobsim

2 errors
	at com.google.inject.internal.InjectorImpl$2.get(InjectorImpl.java:1028)
	at org.matsim.core.controler.NewControler.runMobSim(NewControler.java:111)
	at org.matsim.core.controler.AbstractController$7.run(AbstractController.java:199)
	at org.matsim.core.controler.AbstractController.iterationStep(AbstractController.java:231)
	at org.matsim.core.controler.AbstractController.mobsim(AbstractController.java:195)
	at org.matsim.core.controler.AbstractController.iteration(AbstractController.java:154)
	at org.matsim.core.controler.AbstractController.doIterations(AbstractController.java:121)
	at org.matsim.core.controler.AbstractController.access$000(AbstractController.java:29)
	at org.matsim.core.controler.AbstractController$1.run(AbstractController.java:91)
	at org.matsim.core.controler.MatsimRuntimeModifications.run(MatsimRuntimeModifications.java:48)
	at org.matsim.core.controler.MatsimRuntimeModifications.run(MatsimRuntimeModifications.java:31)
	at org.matsim.core.controler.AbstractController.run(AbstractController.java:99)
	at org.matsim.core.controler.NewControler.run(NewControler.java:75)
	at org.matsim.core.controler.Controler.run(Controler.java:202)
	at ch.ethz.idsc.amodeus.matsim.StandardMATSimScenarioTest.testStandardMATSimScenario(StandardMATSimScenarioTest.java:263)
	at sun.reflect.NativeMethodAccessorImpl.invoke0(Native Method)
	at sun.reflect.NativeMethodAccessorImpl.invoke(NativeMethodAccessorImpl.java:62)
	at sun.reflect.DelegatingMethodAccessorImpl.invoke(DelegatingMethodAccessorImpl.java:43)
	at java.lang.reflect.Method.invoke(Method.java:498)
	at org.junit.runners.model.FrameworkMethod$1.runReflectiveCall(FrameworkMethod.java:50)
	at org.junit.internal.runners.model.ReflectiveCallable.run(ReflectiveCallable.java:12)
	at org.junit.runners.model.FrameworkMethod.invokeExplosively(FrameworkMethod.java:47)
	at org.junit.internal.runners.statements.InvokeMethod.evaluate(InvokeMethod.java:17)
	at org.junit.runners.ParentRunner.runLeaf(ParentRunner.java:325)
	at org.junit.runners.BlockJUnit4ClassRunner.runChild(BlockJUnit4ClassRunner.java:78)
	at org.junit.runners.BlockJUnit4ClassRunner.runChild(BlockJUnit4ClassRunner.java:57)
	at org.junit.runners.ParentRunner$3.run(ParentRunner.java:290)
	at org.junit.runners.ParentRunner$1.schedule(ParentRunner.java:71)
	at org.junit.runners.ParentRunner.runChildren(ParentRunner.java:288)
	at org.junit.runners.ParentRunner.access$000(ParentRunner.java:58)
	at org.junit.runners.ParentRunner$2.evaluate(ParentRunner.java:268)
	at org.junit.runners.ParentRunner.run(ParentRunner.java:363)
	at org.junit.runners.Suite.runChild(Suite.java:128)
	at org.junit.runners.Suite.runChild(Suite.java:27)
	at org.junit.runners.ParentRunner$3.run(ParentRunner.java:290)
	at org.junit.runners.ParentRunner$1.schedule(ParentRunner.java:71)
	at org.junit.runners.ParentRunner.runChildren(ParentRunner.java:288)
	at org.junit.runners.ParentRunner.access$000(ParentRunner.java:58)
	at org.junit.runners.ParentRunner$2.evaluate(ParentRunner.java:268)
	at org.junit.runners.ParentRunner.run(ParentRunner.java:363)
	at org.apache.maven.surefire.junit4.JUnit4Provider.execute(JUnit4Provider.java:252)
	at org.apache.maven.surefire.junit4.JUnit4Provider.executeTestSet(JUnit4Provider.java:141)
	at org.apache.maven.surefire.junit4.JUnit4Provider.invoke(JUnit4Provider.java:112)
	at sun.reflect.NativeMethodAccessorImpl.invoke0(Native Method)
	at sun.reflect.NativeMethodAccessorImpl.invoke(NativeMethodAccessorImpl.java:62)
	at sun.reflect.DelegatingMethodAccessorImpl.invoke(DelegatingMethodAccessorImpl.java:43)
	at java.lang.reflect.Method.invoke(Method.java:498)
	at org.apache.maven.surefire.util.ReflectionUtils.invokeMethodWithArray(ReflectionUtils.java:189)
	at org.apache.maven.surefire.booter.ProviderFactory$ProviderProxy.invoke(ProviderFactory.java:165)
	at org.apache.maven.surefire.booter.ProviderFactory.invokeProvider(ProviderFactory.java:85)
	at org.apache.maven.surefire.booter.ForkedBooter.runSuitesInProcess(ForkedBooter.java:115)
	at org.apache.maven.surefire.booter.ForkedBooter.main(ForkedBooter.java:75)
Caused by: java.lang.NoClassDefFoundError: Could not initialize class org.gnu.glpk.GLPKJNI
	at org.gnu.glpk.glp_smcp.&lt;init&gt;(glp_smcp.java:168)
	at ch.ethz.idsc.amodeus.dispatcher.util.LPVehicleRebalancing.&lt;init&gt;(LPVehicleRebalancing.java:31)
	at ch.ethz.idsc.amodeus.traveldata.TravelData.&lt;init&gt;(TravelData.java:150)
	at ch.ethz.idsc.amodeus.matsim.StandardMATSimScenarioTest$2.provideTravelData(StandardMATSimScenarioTest.java:217)
	at ch.ethz.idsc.amodeus.matsim.StandardMATSimScenarioTest$2$$FastClassByGuice$$18c5fb10.invoke(&lt;generated&gt;)
	at com.google.inject.internal.ProviderMethod$FastClassProviderMethod.doProvision(ProviderMethod.java:264)
	at com.google.inject.internal.ProviderMethod$Factory.provision(ProviderMethod.java:401)
	at com.google.inject.internal.ProviderMethod$Factory.get(ProviderMethod.java:376)
	at com.google.inject.internal.ProviderToInternalFactoryAdapter$1.call(ProviderToInternalFactoryAdapter.java:46)
	at com.google.inject.internal.InjectorImpl.callInContext(InjectorImpl.java:1092)
	at com.google.inject.internal.ProviderToInternalFactoryAdapter.get(ProviderToInternalFactoryAdapter.java:40)
	at com.google.inject.internal.SingletonScope$1.get(SingletonScope.java:194)
	at com.google.inject.internal.InternalFactoryToProviderAdapter.get(InternalFactoryToProviderAdapter.java:41)
	at com.google.inject.internal.SingleFieldInjector.inject(SingleFieldInjector.java:54)
	at com.google.inject.internal.MembersInjectorImpl.injectMembers(MembersInjectorImpl.java:132)
	at com.google.inject.internal.ConstructorInjector.provision(ConstructorInjector.java:120)
	at com.google.inject.internal.ConstructorInjector.construct(ConstructorInjector.java:90)
	at com.google.inject.internal.ConstructorBindingImpl$Factory.get(ConstructorBindingImpl.java:268)
	at com.google.inject.internal.FactoryProxy.get(FactoryProxy.java:56)
	at com.google.inject.internal.InjectorImpl$2$1.call(InjectorImpl.java:1019)
	at com.google.inject.internal.InjectorImpl.callInContext(InjectorImpl.java:1092)
	at com.google.inject.internal.InjectorImpl$2.get(InjectorImpl.java:1015)
	at com.google.inject.spi.ProviderLookup$1.get(ProviderLookup.java:104)
	at com.google.inject.spi.ProviderLookup$1.get(ProviderLookup.java:104)
	at com.google.inject.spi.ProviderLookup$1.get(ProviderLookup.java:104)
	at com.google.inject.spi.ProviderLookup$1.get(ProviderLookup.java:104)
	at com.google.inject.spi.ProviderLookup$1.get(ProviderLookup.java:104)
	at com.google.inject.spi.ProviderLookup$1.get(ProviderLookup.java:104)
	at com.google.inject.spi.ProviderLookup$1.get(ProviderLookup.java:104)
	at com.google.inject.spi.ProviderLookup$1.get(ProviderLookup.java:104)
	at com.google.inject.multibindings.MapBinder$RealMapBinder$ValueProvider.get(MapBinder.java:821)
	at com.google.inject.multibindings.MapBinder$RealMapBinder$RealMapProvider.get(MapBinder.java:605)
	at com.google.inject.multibindings.MapBinder$RealMapBinder$RealMapProvider.get(MapBinder.java:586)
	at com.google.inject.internal.ProviderInternalFactory.provision(ProviderInternalFactory.java:81)
	at com.google.inject.internal.InternalFactoryToInitializableAdapter.provision(InternalFactoryToInitializableAdapter.java:53)
	at com.google.inject.internal.ProviderInternalFactory.circularGet(ProviderInternalFactory.java:61)
	at com.google.inject.internal.InternalFactoryToInitializableAdapter.get(InternalFactoryToInitializableAdapter.java:45)
	at com.google.inject.internal.SingleParameterInjector.inject(SingleParameterInjector.java:38)
	at com.google.inject.internal.SingleParameterInjector.getAll(SingleParameterInjector.java:62)
	at com.google.inject.internal.ProviderMethod$Factory.provision(ProviderMethod.java:402)
	at com.google.inject.internal.ProviderMethod$Factory.get(ProviderMethod.java:376)
	at com.google.inject.internal.ProviderToInternalFactoryAdapter$1.call(ProviderToInternalFactoryAdapter.java:46)
	at com.google.inject.internal.InjectorImpl.callInContext(InjectorImpl.java:1092)
	at com.google.inject.internal.ProviderToInternalFactoryAdapter.get(ProviderToInternalFactoryAdapter.java:40)
	at com.google.inject.internal.SingletonScope$1.get(SingletonScope.java:194)
	at com.google.inject.internal.InternalFactoryToProviderAdapter.get(InternalFactoryToProviderAdapter.java:41)
	at com.google.inject.internal.SingleFieldInjector.inject(SingleFieldInjector.java:54)
	at com.google.inject.internal.MembersInjectorImpl.injectMembers(MembersInjectorImpl.java:132)
	at com.google.inject.internal.ConstructorInjector.provision(ConstructorInjector.java:120)
	at com.google.inject.internal.ConstructorInjector.construct(ConstructorInjector.java:90)
	at com.google.inject.internal.ConstructorBindingImpl$Factory.get(ConstructorBindingImpl.java:268)
	at com.google.inject.internal.ProviderToInternalFactoryAdapter$1.call(ProviderToInternalFactoryAdapter.java:46)
	at com.google.inject.internal.InjectorImpl.callInContext(InjectorImpl.java:1092)
	at com.google.inject.internal.ProviderToInternalFactoryAdapter.get(ProviderToInternalFactoryAdapter.java:40)
	at com.google.inject.internal.SingletonScope$1.get(SingletonScope.java:194)
	at com.google.inject.internal.InternalFactoryToProviderAdapter.get(InternalFactoryToProviderAdapter.java:41)
	at com.google.inject.internal.SingleParameterInjector.inject(SingleParameterInjector.java:38)
	at com.google.inject.internal.SingleParameterInjector.getAll(SingleParameterInjector.java:62)
	at com.google.inject.internal.ProviderMethod$Factory.provision(ProviderMethod.java:402)
	at com.google.inject.internal.ProviderMethod$Factory.get(ProviderMethod.java:376)
	at com.google.inject.internal.ProviderToInternalFactoryAdapter$1.call(ProviderToInternalFactoryAdapter.java:46)
	at com.google.inject.internal.InjectorImpl.callInContext(InjectorImpl.java:1092)
	at com.google.inject.internal.ProviderToInternalFactoryAdapter.get(ProviderToInternalFactoryAdapter.java:40)
	at com.google.inject.internal.SingletonScope$1.get(SingletonScope.java:194)
	at com.google.inject.internal.InternalFactoryToProviderAdapter.get(InternalFactoryToProviderAdapter.java:41)
	at com.google.inject.internal.InjectorImpl$2$1.call(InjectorImpl.java:1019)
	at com.google.inject.internal.InjectorImpl.callInContext(InjectorImpl.java:1092)
	at com.google.inject.internal.InjectorImpl$2.get(InjectorImpl.java:1015)
	at com.google.inject.internal.InjectorImpl.getInstance(InjectorImpl.java:1054)
	at org.matsim.core.mobsim.qsim.QSimProvider.get(QSimProvider.java:75)
	at org.matsim.core.mobsim.qsim.QSimProvider.get(QSimProvider.java:41)
	at com.google.inject.internal.ProviderInternalFactory.provision(ProviderInternalFactory.java:81)
	at com.google.inject.internal.BoundProviderFactory.provision(BoundProviderFactory.java:72)
	at com.google.inject.internal.ProviderInternalFactory.circularGet(ProviderInternalFactory.java:61)
	at com.google.inject.internal.BoundProviderFactory.get(BoundProviderFactory.java:62)
	at com.google.inject.internal.InjectorImpl$2$1.call(InjectorImpl.java:1019)
	at com.google.inject.internal.InjectorImpl.callInContext(InjectorImpl.java:1085)
	at com.google.inject.internal.InjectorImpl$2.get(InjectorImpl.java:1015)
	... 51 more
2018-06-01 06:11:28,914 ERROR MatsimRuntimeModifications:60 ERROR --- This is an unexpected shutdown!
2018-06-01 06:11:28,914 ERROR MatsimRuntimeModifications:63 Shutdown possibly caused by the following Exception:
com.google.inject.ProvisionException: Unable to provision, see the following errors:

1) Error in custom provider, java.lang.NoClassDefFoundError: Could not initialize class org.gnu.glpk.GLPKJNI
  at ch.ethz.idsc.amodeus.matsim.StandardMATSimScenarioTest$2.provideTravelData(StandardMATSimScenarioTest.java:217) (via modules: com.google.inject.util.Modules$CombinedModule -&gt; com.google.inject.util.Modules$CombinedModule -&gt; org.matsim.core.controler.AbstractModule$4 -&gt; com.google.inject.util.Modules$OverrideModule -&gt; org.matsim.core.controler.AbstractModule$4 -&gt; com.google.inject.util.Modules$OverrideModule -&gt; org.matsim.core.controler.AbstractModule$4 -&gt; com.google.inject.util.Modules$OverrideModule -&gt; org.matsim.core.controler.AbstractModule$4 -&gt; com.google.inject.util.Modules$OverrideModule -&gt; org.matsim.core.controler.AbstractModule$4 -&gt; com.google.inject.util.Modules$OverrideModule -&gt; ch.ethz.idsc.amodeus.matsim.StandardMATSimScenarioTest$2)
  at ch.ethz.idsc.amodeus.matsim.StandardMATSimScenarioTest$2.provideTravelData(StandardMATSimScenarioTest.java:217) (via modules: com.google.inject.util.Modules$CombinedModule -&gt; com.google.inject.util.Modules$CombinedModule -&gt; org.matsim.core.controler.AbstractModule$4 -&gt; com.google.inject.util.Modules$OverrideModule -&gt; org.matsim.core.controler.AbstractModule$4 -&gt; com.google.inject.util.Modules$OverrideModule -&gt; org.matsim.core.controler.AbstractModule$4 -&gt; com.google.inject.util.Modules$OverrideModule -&gt; org.matsim.core.controler.AbstractModule$4 -&gt; com.google.inject.util.Modules$OverrideModule -&gt; org.matsim.core.controler.AbstractModule$4 -&gt; com.google.inject.util.Modules$OverrideModule -&gt; ch.ethz.idsc.amodeus.matsim.StandardMATSimScenarioTest$2)
  while locating ch.ethz.idsc.amodeus.traveldata.TravelData
    for field at ch.ethz.idsc.amodeus.dispatcher.FeedforwardFluidicRebalancingPolicy$Factory.travelData(FeedforwardFluidicRebalancingPolicy.java:162)
  while locating ch.ethz.idsc.amodeus.dispatcher.FeedforwardFluidicRebalancingPolicy$Factory
  while locating ch.ethz.matsim.av.dispatcher.AVDispatcher$AVDispatcherFactory annotated with @com.google.inject.multibindings.Element(setName=,uniqueId=298, type=MAPBINDER, keyType=java.lang.String)
  at ch.ethz.matsim.av.framework.AVUtils.bindDispatcherFactory(AVUtils.java:11) (via modules: com.google.inject.util.Modules$CombinedModule -&gt; com.google.inject.util.Modules$CombinedModule -&gt; org.matsim.core.controler.AbstractModule$4 -&gt; com.google.inject.util.Modules$OverrideModule -&gt; org.matsim.core.controler.AbstractModule$4 -&gt; com.google.inject.util.Modules$OverrideModule -&gt; org.matsim.core.controler.AbstractModule$4 -&gt; com.google.inject.util.Modules$OverrideModule -&gt; org.matsim.core.controler.AbstractModule$4 -&gt; com.google.inject.util.Modules$OverrideModule -&gt; org.matsim.core.controler.AbstractModule$4 -&gt; com.google.inject.util.Modules$OverrideModule -&gt; org.matsim.core.controler.AbstractModule$4 -&gt; com.google.inject.util.Modules$OverrideModule -&gt; org.matsim.core.controler.AbstractModule$4 -&gt; com.google.inject.util.Modules$OverrideModule -&gt; ch.ethz.idsc.amodeus.matsim.mod.AmodeusDispatcherModule -&gt; com.google.inject.multibindings.MapBinder$RealMapBinder)
  while locating java.util.Map&lt;java.lang.String, ch.ethz.matsim.av.dispatcher.AVDispatcher$AVDispatcherFactory&gt;
    for the 1st parameter of ch.ethz.matsim.av.framework.AVQSimModule.provideDispatchers(AVQSimModule.java:70)
  at ch.ethz.matsim.av.framework.AVQSimModule.provideDispatchers(AVQSimModule.java:70) (via modules: org.matsim.core.mobsim.qsim.QSimProvider$1 -&gt; ch.ethz.idsc.amodeus.matsim.mod.AmodeusQSimModule -&gt; com.google.inject.util.Modules$OverrideModule -&gt; ch.ethz.matsim.av.framework.AVQSimModule)
  while locating java.util.Map&lt;org.matsim.api.core.v01.Id&lt;ch.ethz.matsim.av.data.AVOperator&gt;, ch.ethz.matsim.av.dispatcher.AVDispatcher&gt;
    for field at ch.ethz.matsim.av.passenger.AVRequestCreator.dispatchers(AVRequestCreator.java:21)
  at ch.ethz.matsim.av.framework.AVQSimModule.configure(AVQSimModule.java:37) (via modules: org.matsim.core.mobsim.qsim.QSimProvider$1 -&gt; ch.ethz.idsc.amodeus.matsim.mod.AmodeusQSimModule -&gt; com.google.inject.util.Modules$OverrideModule -&gt; ch.ethz.matsim.av.framework.AVQSimModule)
  while locating ch.ethz.matsim.av.passenger.AVRequestCreator
    for the 2nd parameter of ch.ethz.matsim.av.framework.AVQSimModule.providePassengerEngine(AVQSimModule.java:48)
  at ch.ethz.matsim.av.framework.AVQSimModule.providePassengerEngine(AVQSimModule.java:48) (via modules: org.matsim.core.mobsim.qsim.QSimProvider$1 -&gt; ch.ethz.idsc.amodeus.matsim.mod.AmodeusQSimModule -&gt; com.google.inject.util.Modules$OverrideModule -&gt; ch.ethz.matsim.av.framework.AVQSimModule)
  while locating org.matsim.contrib.dvrp.passenger.PassengerEngine
  while locating org.matsim.core.mobsim.qsim.QSimProvider
  while locating org.matsim.core.mobsim.framework.Mobsim

2) Error in custom provider, java.lang.NoClassDefFoundError: Could not initialize class org.gnu.glpk.GLPKJNI
  at ch.ethz.idsc.amodeus.matsim.StandardMATSimScenarioTest$2.provideTravelData(StandardMATSimScenarioTest.java:217) (via modules: com.google.inject.util.Modules$CombinedModule -&gt; com.google.inject.util.Modules$CombinedModule -&gt; org.matsim.core.controler.AbstractModule$4 -&gt; com.google.inject.util.Modules$OverrideModule -&gt; org.matsim.core.controler.AbstractModule$4 -&gt; com.google.inject.util.Modules$OverrideModule -&gt; org.matsim.core.controler.AbstractModule$4 -&gt; com.google.inject.util.Modules$OverrideModule -&gt; org.matsim.core.controler.AbstractModule$4 -&gt; com.google.inject.util.Modules$OverrideModule -&gt; org.matsim.core.controler.AbstractModule$4 -&gt; com.google.inject.util.Modules$OverrideModule -&gt; ch.ethz.idsc.amodeus.matsim.StandardMATSimScenarioTest$2)
  at ch.ethz.idsc.amodeus.matsim.StandardMATSimScenarioTest$2.provideTravelData(StandardMATSimScenarioTest.java:217) (via modules: com.google.inject.util.Modules$CombinedModule -&gt; com.google.inject.util.Modules$CombinedModule -&gt; org.matsim.core.controler.AbstractModule$4 -&gt; com.google.inject.util.Modules$OverrideModule -&gt; org.matsim.core.controler.AbstractModule$4 -&gt; com.google.inject.util.Modules$OverrideModule -&gt; org.matsim.core.controler.AbstractModule$4 -&gt; com.google.inject.util.Modules$OverrideModule -&gt; org.matsim.core.controler.AbstractModule$4 -&gt; com.google.inject.util.Modules$OverrideModule -&gt; org.matsim.core.controler.AbstractModule$4 -&gt; com.google.inject.util.Modules$OverrideModule -&gt; ch.ethz.idsc.amodeus.matsim.StandardMATSimScenarioTest$2)
  while locating ch.ethz.idsc.amodeus.traveldata.TravelData
    for field at ch.ethz.idsc.amodeus.dispatcher.FeedforwardFluidicRebalancingPolicy$Factory.travelData(FeedforwardFluidicRebalancingPolicy.java:162)
  while locating ch.ethz.idsc.amodeus.dispatcher.FeedforwardFluidicRebalancingPolicy$Factory
  while locating ch.ethz.matsim.av.dispatcher.AVDispatcher$AVDispatcherFactory annotated with @com.google.inject.multibindings.Element(setName=,uniqueId=298, type=MAPBINDER, keyType=java.lang.String)
  at ch.ethz.matsim.av.framework.AVUtils.bindDispatcherFactory(AVUtils.java:11) (via modules: com.google.inject.util.Modules$CombinedModule -&gt; com.google.inject.util.Modules$CombinedModule -&gt; org.matsim.core.controler.AbstractModule$4 -&gt; com.google.inject.util.Modules$OverrideModule -&gt; org.matsim.core.controler.AbstractModule$4 -&gt; com.google.inject.util.Modules$OverrideModule -&gt; org.matsim.core.controler.AbstractModule$4 -&gt; com.google.inject.util.Modules$OverrideModule -&gt; org.matsim.core.controler.AbstractModule$4 -&gt; com.google.inject.util.Modules$OverrideModule -&gt; org.matsim.core.controler.AbstractModule$4 -&gt; com.google.inject.util.Modules$OverrideModule -&gt; org.matsim.core.controler.AbstractModule$4 -&gt; com.google.inject.util.Modules$OverrideModule -&gt; org.matsim.core.controler.AbstractModule$4 -&gt; com.google.inject.util.Modules$OverrideModule -&gt; ch.ethz.idsc.amodeus.matsim.mod.AmodeusDispatcherModule -&gt; com.google.inject.multibindings.MapBinder$RealMapBinder)
  while locating java.util.Map&lt;java.lang.String, ch.ethz.matsim.av.dispatcher.AVDispatcher$AVDispatcherFactory&gt;
    for the 1st parameter of ch.ethz.matsim.av.framework.AVQSimModule.provideDispatchers(AVQSimModule.java:70)
  at ch.ethz.matsim.av.framework.AVQSimModule.provideDispatchers(AVQSimModule.java:70) (via modules: org.matsim.core.mobsim.qsim.QSimProvider$1 -&gt; ch.ethz.idsc.amodeus.matsim.mod.AmodeusQSimModule -&gt; com.google.inject.util.Modules$OverrideModule -&gt; ch.ethz.matsim.av.framework.AVQSimModule)
  while locating java.util.Map&lt;org.matsim.api.core.v01.Id&lt;ch.ethz.matsim.av.data.AVOperator&gt;, ch.ethz.matsim.av.dispatcher.AVDispatcher&gt;
    for field at ch.ethz.matsim.av.schedule.AVOptimizer.dispatchers(AVOptimizer.java:32)
  at ch.ethz.matsim.av.framework.AVQSimModule.configure(AVQSimModule.java:35) (via modules: org.matsim.core.mobsim.qsim.QSimProvider$1 -&gt; ch.ethz.idsc.amodeus.matsim.mod.AmodeusQSimModule -&gt; com.google.inject.util.Modules$OverrideModule -&gt; ch.ethz.matsim.av.framework.AVQSimModule)
  while locating ch.ethz.matsim.av.schedule.AVOptimizer
    for the 3rd parameter of ch.ethz.matsim.av.framework.AVQSimModule.providePassengerEngine(AVQSimModule.java:48)
  at ch.ethz.matsim.av.framework.AVQSimModule.providePassengerEngine(AVQSimModule.java:48) (via modules: org.matsim.core.mobsim.qsim.QSimProvider$1 -&gt; ch.ethz.idsc.amodeus.matsim.mod.AmodeusQSimModule -&gt; com.google.inject.util.Modules$OverrideModule -&gt; ch.ethz.matsim.av.framework.AVQSimModule)
  while locating org.matsim.contrib.dvrp.passenger.PassengerEngine
  while locating org.matsim.core.mobsim.qsim.QSimProvider
  while locating org.matsim.core.mobsim.framework.Mobsim

2 errors
	at com.google.inject.internal.InjectorImpl$2.get(InjectorImpl.java:1028)
	at org.matsim.core.controler.NewControler.runMobSim(NewControler.java:111)
	at org.matsim.core.controler.AbstractController$7.run(AbstractController.java:199)
	at org.matsim.core.controler.AbstractController.iterationStep(AbstractController.java:231)
	at org.matsim.core.controler.AbstractController.mobsim(AbstractController.java:195)
	at org.matsim.core.controler.AbstractController.iteration(AbstractController.java:154)
	at org.matsim.core.controler.AbstractController.doIterations(AbstractController.java:121)
	at org.matsim.core.controler.AbstractController.access$000(AbstractController.java:29)
	at org.matsim.core.controler.AbstractController$1.run(AbstractController.java:91)
	at org.matsim.core.controler.MatsimRuntimeModifications.run(MatsimRuntimeModifications.java:48)
	at org.matsim.core.controler.MatsimRuntimeModifications.run(MatsimRuntimeModifications.java:31)
	at org.matsim.core.controler.AbstractController.run(AbstractController.java:99)
	at org.matsim.core.controler.NewControler.run(NewControler.java:75)
	at org.matsim.core.controler.Controler.run(Controler.java:202)
	at ch.ethz.idsc.amodeus.matsim.StandardMATSimScenarioTest.testStandardMATSimScenario(StandardMATSimScenarioTest.java:263)
	at sun.reflect.NativeMethodAccessorImpl.invoke0(Native Method)
	at sun.reflect.NativeMethodAccessorImpl.invoke(NativeMethodAccessorImpl.java:62)
	at sun.reflect.DelegatingMethodAccessorImpl.invoke(DelegatingMethodAccessorImpl.java:43)
	at java.lang.reflect.Method.invoke(Method.java:498)
	at org.junit.runners.model.FrameworkMethod$1.runReflectiveCall(FrameworkMethod.java:50)
	at org.junit.internal.runners.model.ReflectiveCallable.run(ReflectiveCallable.java:12)
	at org.junit.runners.model.FrameworkMethod.invokeExplosively(FrameworkMethod.java:47)
	at org.junit.internal.runners.statements.InvokeMethod.evaluate(InvokeMethod.java:17)
	at org.junit.runners.ParentRunner.runLeaf(ParentRunner.java:325)
	at org.junit.runners.BlockJUnit4ClassRunner.runChild(BlockJUnit4ClassRunner.java:78)
	at org.junit.runners.BlockJUnit4ClassRunner.runChild(BlockJUnit4ClassRunner.java:57)
	at org.junit.runners.ParentRunner$3.run(ParentRunner.java:290)
	at org.junit.runners.ParentRunner$1.schedule(ParentRunner.java:71)
	at org.junit.runners.ParentRunner.runChildren(ParentRunner.java:288)
	at org.junit.runners.ParentRunner.access$000(ParentRunner.java:58)
	at org.junit.runners.ParentRunner$2.evaluate(ParentRunner.java:268)
	at org.junit.runners.ParentRunner.run(ParentRunner.java:363)
	at org.junit.runners.Suite.runChild(Suite.java:128)
	at org.junit.runners.Suite.runChild(Suite.java:27)
	at org.junit.runners.ParentRunner$3.run(ParentRunner.java:290)
	at org.junit.runners.ParentRunner$1.schedule(ParentRunner.java:71)
	at org.junit.runners.ParentRunner.runChildren(ParentRunner.java:288)
	at org.junit.runners.ParentRunner.access$000(ParentRunner.java:58)
	at org.junit.runners.ParentRunner$2.evaluate(ParentRunner.java:268)
	at org.junit.runners.ParentRunner.run(ParentRunner.java:363)
	at org.apache.maven.surefire.junit4.JUnit4Provider.execute(JUnit4Provider.java:252)
	at org.apache.maven.surefire.junit4.JUnit4Provider.executeTestSet(JUnit4Provider.java:141)
	at org.apache.maven.surefire.junit4.JUnit4Provider.invoke(JUnit4Provider.java:112)
	at sun.reflect.NativeMethodAccessorImpl.invoke0(Native Method)
	at sun.reflect.NativeMethodAccessorImpl.invoke(NativeMethodAccessorImpl.java:62)
	at sun.reflect.DelegatingMethodAccessorImpl.invoke(DelegatingMethodAccessorImpl.java:43)
	at java.lang.reflect.Method.invoke(Method.java:498)
	at org.apache.maven.surefire.util.ReflectionUtils.invokeMethodWithArray(ReflectionUtils.java:189)
	at org.apache.maven.surefire.booter.ProviderFactory$ProviderProxy.invoke(ProviderFactory.java:165)
	at org.apache.maven.surefire.booter.ProviderFactory.invokeProvider(ProviderFactory.java:85)
	at org.apache.maven.surefire.booter.ForkedBooter.runSuitesInProcess(ForkedBooter.java:115)
	at org.apache.maven.surefire.booter.ForkedBooter.main(ForkedBooter.java:75)
Caused by: java.lang.NoClassDefFoundError: Could not initialize class org.gnu.glpk.GLPKJNI
	at org.gnu.glpk.glp_smcp.&lt;init&gt;(glp_smcp.java:168)
	at ch.ethz.idsc.amodeus.dispatcher.util.LPVehicleRebalancing.&lt;init&gt;(LPVehicleRebalancing.java:31)
	at ch.ethz.idsc.amodeus.traveldata.TravelData.&lt;init&gt;(TravelData.java:150)
	at ch.ethz.idsc.amodeus.matsim.StandardMATSimScenarioTest$2.provideTravelData(StandardMATSimScenarioTest.java:217)
	at ch.ethz.idsc.amodeus.matsim.StandardMATSimScenarioTest$2$$FastClassByGuice$$18c5fb10.invoke(&lt;generated&gt;)
	at com.google.inject.internal.ProviderMethod$FastClassProviderMethod.doProvision(ProviderMethod.java:264)
	at com.google.inject.internal.ProviderMethod$Factory.provision(ProviderMethod.java:401)
	at com.google.inject.internal.ProviderMethod$Factory.get(ProviderMethod.java:376)
	at com.google.inject.internal.ProviderToInternalFactoryAdapter$1.call(ProviderToInternalFactoryAdapter.java:46)
	at com.google.inject.internal.InjectorImpl.callInContext(InjectorImpl.java:1092)
	at com.google.inject.internal.ProviderToInternalFactoryAdapter.get(ProviderToInternalFactoryAdapter.java:40)
	at com.google.inject.internal.SingletonScope$1.get(SingletonScope.java:194)
	at com.google.inject.internal.InternalFactoryToProviderAdapter.get(InternalFactoryToProviderAdapter.java:41)
	at com.google.inject.internal.SingleFieldInjector.inject(SingleFieldInjector.java:54)
	at com.google.inject.internal.MembersInjectorImpl.injectMembers(MembersInjectorImpl.java:132)
	at com.google.inject.internal.ConstructorInjector.provision(ConstructorInjector.java:120)
	at com.google.inject.internal.ConstructorInjector.construct(ConstructorInjector.java:90)
	at com.google.inject.internal.ConstructorBindingImpl$Factory.get(ConstructorBindingImpl.java:268)
	at com.google.inject.internal.FactoryProxy.get(FactoryProxy.java:56)
	at com.google.inject.internal.InjectorImpl$2$1.call(InjectorImpl.java:1019)
	at com.google.inject.internal.InjectorImpl.callInContext(InjectorImpl.java:1092)
	at com.google.inject.internal.InjectorImpl$2.get(InjectorImpl.java:1015)
	at com.google.inject.spi.ProviderLookup$1.get(ProviderLookup.java:104)
	at com.google.inject.spi.ProviderLookup$1.get(ProviderLookup.java:104)
	at com.google.inject.spi.ProviderLookup$1.get(ProviderLookup.java:104)
	at com.google.inject.spi.ProviderLookup$1.get(ProviderLookup.java:104)
	at com.google.inject.spi.ProviderLookup$1.get(ProviderLookup.java:104)
	at com.google.inject.spi.ProviderLookup$1.get(ProviderLookup.java:104)
	at com.google.inject.spi.ProviderLookup$1.get(ProviderLookup.java:104)
	at com.google.inject.spi.ProviderLookup$1.get(ProviderLookup.java:104)
	at com.google.inject.multibindings.MapBinder$RealMapBinder$ValueProvider.get(MapBinder.java:821)
	at com.google.inject.multibindings.MapBinder$RealMapBinder$RealMapProvider.get(MapBinder.java:605)
	at com.google.inject.multibindings.MapBinder$RealMapBinder$RealMapProvider.get(MapBinder.java:586)
	at com.google.inject.internal.ProviderInternalFactory.provision(ProviderInternalFactory.java:81)
	at com.google.inject.internal.InternalFactoryToInitializableAdapter.provision(InternalFactoryToInitializableAdapter.java:53)
	at com.google.inject.internal.ProviderInternalFactory.circularGet(ProviderInternalFactory.java:61)
	at com.google.inject.internal.InternalFactoryToInitializableAdapter.get(InternalFactoryToInitializableAdapter.java:45)
	at com.google.inject.internal.SingleParameterInjector.inject(SingleParameterInjector.java:38)
	at com.google.inject.internal.SingleParameterInjector.getAll(SingleParameterInjector.java:62)
	at com.google.inject.internal.ProviderMethod$Factory.provision(ProviderMethod.java:402)
	at com.google.inject.internal.ProviderMethod$Factory.get(ProviderMethod.java:376)
	at com.google.inject.internal.ProviderToInternalFactoryAdapter$1.call(ProviderToInternalFactoryAdapter.java:46)
	at com.google.inject.internal.InjectorImpl.callInContext(InjectorImpl.java:1092)
	at com.google.inject.internal.ProviderToInternalFactoryAdapter.get(ProviderToInternalFactoryAdapter.java:40)
	at com.google.inject.internal.SingletonScope$1.get(SingletonScope.java:194)
	at com.google.inject.internal.InternalFactoryToProviderAdapter.get(InternalFactoryToProviderAdapter.java:41)
	at com.google.inject.internal.SingleFieldInjector.inject(SingleFieldInjector.java:54)
	at com.google.inject.internal.MembersInjectorImpl.injectMembers(MembersInjectorImpl.java:132)
	at com.google.inject.internal.ConstructorInjector.provision(ConstructorInjector.java:120)
	at com.google.inject.internal.ConstructorInjector.construct(ConstructorInjector.java:90)
	at com.google.inject.internal.ConstructorBindingImpl$Factory.get(ConstructorBindingImpl.java:268)
	at com.google.inject.internal.ProviderToInternalFactoryAdapter$1.call(ProviderToInternalFactoryAdapter.java:46)
	at com.google.inject.internal.InjectorImpl.callInContext(InjectorImpl.java:1092)
	at com.google.inject.internal.ProviderToInternalFactoryAdapter.get(ProviderToInternalFactoryAdapter.java:40)
	at com.google.inject.internal.SingletonScope$1.get(SingletonScope.java:194)
	at com.google.inject.internal.InternalFactoryToProviderAdapter.get(InternalFactoryToProviderAdapter.java:41)
	at com.google.inject.internal.SingleParameterInjector.inject(SingleParameterInjector.java:38)
	at com.google.inject.internal.SingleParameterInjector.getAll(SingleParameterInjector.java:62)
	at com.google.inject.internal.ProviderMethod$Factory.provision(ProviderMethod.java:402)
	at com.google.inject.internal.ProviderMethod$Factory.get(ProviderMethod.java:376)
	at com.google.inject.internal.ProviderToInternalFactoryAdapter$1.call(ProviderToInternalFactoryAdapter.java:46)
	at com.google.inject.internal.InjectorImpl.callInContext(InjectorImpl.java:1092)
	at com.google.inject.internal.ProviderToInternalFactoryAdapter.get(ProviderToInternalFactoryAdapter.java:40)
	at com.google.inject.internal.SingletonScope$1.get(SingletonScope.java:194)
	at com.google.inject.internal.InternalFactoryToProviderAdapter.get(InternalFactoryToProviderAdapter.java:41)
	at com.google.inject.internal.InjectorImpl$2$1.call(InjectorImpl.java:1019)
	at com.google.inject.internal.InjectorImpl.callInContext(InjectorImpl.java:1092)
	at com.google.inject.internal.InjectorImpl$2.get(InjectorImpl.java:1015)
	at com.google.inject.internal.InjectorImpl.getInstance(InjectorImpl.java:1054)
	at org.matsim.core.mobsim.qsim.QSimProvider.get(QSimProvider.java:75)
	at org.matsim.core.mobsim.qsim.QSimProvider.get(QSimProvider.java:41)
	at com.google.inject.internal.ProviderInternalFactory.provision(ProviderInternalFactory.java:81)
	at com.google.inject.internal.BoundProviderFactory.provision(BoundProviderFactory.java:72)
	at com.google.inject.internal.ProviderInternalFactory.circularGet(ProviderInternalFactory.java:61)
	at com.google.inject.internal.BoundProviderFactory.get(BoundProviderFactory.java:62)
	at com.google.inject.internal.InjectorImpl$2$1.call(InjectorImpl.java:1019)
	at com.google.inject.internal.InjectorImpl.callInContext(InjectorImpl.java:1085)
	at com.google.inject.internal.InjectorImpl$2.get(InjectorImpl.java:1015)
	... 51 more
2018-06-01 06:11:28,920 ERROR MatsimRuntimeModifications:78 ERROR --- MATSim unexpectedly terminated. Please check the output or the logfile with warnings and errors for hints.
2018-06-01 06:11:28,920 ERROR MatsimRuntimeModifications:79 ERROR --- results should not be used for further analysis.
2018-06-01 06:11:28,921 ERROR MatsimRuntimeModifications:83 ERROR --- This was an unexpected shutdown! See the log file for a possible reason.
</system-err>
  </testcase>
  <testcase classname="ch.ethz.idsc.amodeus.matsim.StandardMATSimScenarioTest" name="testStandardMATSimScenario[GlobalBipartiteMatchingDispatcher]" time="0.843">
    <error message="Unable to provision, see the following errors:

1) Error in custom provider, java.lang.NoClassDefFoundError: Could not initialize class org.gnu.glpk.GLPKJNI
  at ch.ethz.idsc.amodeus.matsim.StandardMATSimScenarioTest$2.provideTravelData(StandardMATSimScenarioTest.java:217) (via modules: com.google.inject.util.Modules$CombinedModule -&gt; com.google.inject.util.Modules$CombinedModule -&gt; org.matsim.core.controler.AbstractModule$4 -&gt; com.google.inject.util.Modules$OverrideModule -&gt; org.matsim.core.controler.AbstractModule$4 -&gt; com.google.inject.util.Modules$OverrideModule -&gt; org.matsim.core.controler.AbstractModule$4 -&gt; com.google.inject.util.Modules$OverrideModule -&gt; org.matsim.core.controler.AbstractModule$4 -&gt; com.google.inject.util.Modules$OverrideModule -&gt; org.matsim.core.controler.AbstractModule$4 -&gt; com.google.inject.util.Modules$OverrideModule -&gt; ch.ethz.idsc.amodeus.matsim.StandardMATSimScenarioTest$2)
  at ch.ethz.idsc.amodeus.matsim.StandardMATSimScenarioTest$2.provideTravelData(StandardMATSimScenarioTest.java:217) (via modules: com.google.inject.util.Modules$CombinedModule -&gt; com.google.inject.util.Modules$CombinedModule -&gt; org.matsim.core.controler.AbstractModule$4 -&gt; com.google.inject.util.Modules$OverrideModule -&gt; org.matsim.core.controler.AbstractModule$4 -&gt; com.google.inject.util.Modules$OverrideModule -&gt; org.matsim.core.controler.AbstractModule$4 -&gt; com.google.inject.util.Modules$OverrideModule -&gt; org.matsim.core.controler.AbstractModule$4 -&gt; com.google.inject.util.Modules$OverrideModule -&gt; org.matsim.core.controler.AbstractModule$4 -&gt; com.google.inject.util.Modules$OverrideModule -&gt; ch.ethz.idsc.amodeus.matsim.StandardMATSimScenarioTest$2)
  while locating ch.ethz.idsc.amodeus.traveldata.TravelData
    for field at ch.ethz.idsc.amodeus.dispatcher.FeedforwardFluidicRebalancingPolicy$Factory.travelData(FeedforwardFluidicRebalancingPolicy.java:162)
  while locating ch.ethz.idsc.amodeus.dispatcher.FeedforwardFluidicRebalancingPolicy$Factory
  while locating ch.ethz.matsim.av.dispatcher.AVDispatcher$AVDispatcherFactory annotated with @com.google.inject.multibindings.Element(setName=,uniqueId=464, type=MAPBINDER, keyType=java.lang.String)
  at ch.ethz.matsim.av.framework.AVUtils.bindDispatcherFactory(AVUtils.java:11) (via modules: com.google.inject.util.Modules$CombinedModule -&gt; com.google.inject.util.Modules$CombinedModule -&gt; org.matsim.core.controler.AbstractModule$4 -&gt; com.google.inject.util.Modules$OverrideModule -&gt; org.matsim.core.controler.AbstractModule$4 -&gt; com.google.inject.util.Modules$OverrideModule -&gt; org.matsim.core.controler.AbstractModule$4 -&gt; com.google.inject.util.Modules$OverrideModule -&gt; org.matsim.core.controler.AbstractModule$4 -&gt; com.google.inject.util.Modules$OverrideModule -&gt; org.matsim.core.controler.AbstractModule$4 -&gt; com.google.inject.util.Modules$OverrideModule -&gt; org.matsim.core.controler.AbstractModule$4 -&gt; com.google.inject.util.Modules$OverrideModule -&gt; org.matsim.core.controler.AbstractModule$4 -&gt; com.google.inject.util.Modules$OverrideModule -&gt; ch.ethz.idsc.amodeus.matsim.mod.AmodeusDispatcherModule -&gt; com.google.inject.multibindings.MapBinder$RealMapBinder)
  while locating java.util.Map&lt;java.lang.String, ch.ethz.matsim.av.dispatcher.AVDispatcher$AVDispatcherFactory&gt;
    for the 1st parameter of ch.ethz.matsim.av.framework.AVQSimModule.provideDispatchers(AVQSimModule.java:70)
  at ch.ethz.matsim.av.framework.AVQSimModule.provideDispatchers(AVQSimModule.java:70) (via modules: org.matsim.core.mobsim.qsim.QSimProvider$1 -&gt; ch.ethz.idsc.amodeus.matsim.mod.AmodeusQSimModule -&gt; com.google.inject.util.Modules$OverrideModule -&gt; ch.ethz.matsim.av.framework.AVQSimModule)
  while locating java.util.Map&lt;org.matsim.api.core.v01.Id&lt;ch.ethz.matsim.av.data.AVOperator&gt;, ch.ethz.matsim.av.dispatcher.AVDispatcher&gt;
    for field at ch.ethz.matsim.av.passenger.AVRequestCreator.dispatchers(AVRequestCreator.java:21)
  at ch.ethz.matsim.av.framework.AVQSimModule.configure(AVQSimModule.java:37) (via modules: org.matsim.core.mobsim.qsim.QSimProvider$1 -&gt; ch.ethz.idsc.amodeus.matsim.mod.AmodeusQSimModule -&gt; com.google.inject.util.Modules$OverrideModule -&gt; ch.ethz.matsim.av.framework.AVQSimModule)
  while locating ch.ethz.matsim.av.passenger.AVRequestCreator
    for the 2nd parameter of ch.ethz.matsim.av.framework.AVQSimModule.providePassengerEngine(AVQSimModule.java:48)
  at ch.ethz.matsim.av.framework.AVQSimModule.providePassengerEngine(AVQSimModule.java:48) (via modules: org.matsim.core.mobsim.qsim.QSimProvider$1 -&gt; ch.ethz.idsc.amodeus.matsim.mod.AmodeusQSimModule -&gt; com.google.inject.util.Modules$OverrideModule -&gt; ch.ethz.matsim.av.framework.AVQSimModule)
  while locating org.matsim.contrib.dvrp.passenger.PassengerEngine
  while locating org.matsim.core.mobsim.qsim.QSimProvider
  while locating org.matsim.core.mobsim.framework.Mobsim

2) Error in custom provider, java.lang.NoClassDefFoundError: Could not initialize class org.gnu.glpk.GLPKJNI
  at ch.ethz.idsc.amodeus.matsim.StandardMATSimScenarioTest$2.provideTravelData(StandardMATSimScenarioTest.java:217) (via modules: com.google.inject.util.Modules$CombinedModule -&gt; com.google.inject.util.Modules$CombinedModule -&gt; org.matsim.core.controler.AbstractModule$4 -&gt; com.google.inject.util.Modules$OverrideModule -&gt; org.matsim.core.controler.AbstractModule$4 -&gt; com.google.inject.util.Modules$OverrideModule -&gt; org.matsim.core.controler.AbstractModule$4 -&gt; com.google.inject.util.Modules$OverrideModule -&gt; org.matsim.core.controler.AbstractModule$4 -&gt; com.google.inject.util.Modules$OverrideModule -&gt; org.matsim.core.controler.AbstractModule$4 -&gt; com.google.inject.util.Modules$OverrideModule -&gt; ch.ethz.idsc.amodeus.matsim.StandardMATSimScenarioTest$2)
  at ch.ethz.idsc.amodeus.matsim.StandardMATSimScenarioTest$2.provideTravelData(StandardMATSimScenarioTest.java:217) (via modules: com.google.inject.util.Modules$CombinedModule -&gt; com.google.inject.util.Modules$CombinedModule -&gt; org.matsim.core.controler.AbstractModule$4 -&gt; com.google.inject.util.Modules$OverrideModule -&gt; org.matsim.core.controler.AbstractModule$4 -&gt; com.google.inject.util.Modules$OverrideModule -&gt; org.matsim.core.controler.AbstractModule$4 -&gt; com.google.inject.util.Modules$OverrideModule -&gt; org.matsim.core.controler.AbstractModule$4 -&gt; com.google.inject.util.Modules$OverrideModule -&gt; org.matsim.core.controler.AbstractModule$4 -&gt; com.google.inject.util.Modules$OverrideModule -&gt; ch.ethz.idsc.amodeus.matsim.StandardMATSimScenarioTest$2)
  while locating ch.ethz.idsc.amodeus.traveldata.TravelData
    for field at ch.ethz.idsc.amodeus.dispatcher.FeedforwardFluidicRebalancingPolicy$Factory.travelData(FeedforwardFluidicRebalancingPolicy.java:162)
  while locating ch.ethz.idsc.amodeus.dispatcher.FeedforwardFluidicRebalancingPolicy$Factory
  while locating ch.ethz.matsim.av.dispatcher.AVDispatcher$AVDispatcherFactory annotated with @com.google.inject.multibindings.Element(setName=,uniqueId=464, type=MAPBINDER, keyType=java.lang.String)
  at ch.ethz.matsim.av.framework.AVUtils.bindDispatcherFactory(AVUtils.java:11) (via modules: com.google.inject.util.Modules$CombinedModule -&gt; com.google.inject.util.Modules$CombinedModule -&gt; org.matsim.core.controler.AbstractModule$4 -&gt; com.google.inject.util.Modules$OverrideModule -&gt; org.matsim.core.controler.AbstractModule$4 -&gt; com.google.inject.util.Modules$OverrideModule -&gt; org.matsim.core.controler.AbstractModule$4 -&gt; com.google.inject.util.Modules$OverrideModule -&gt; org.matsim.core.controler.AbstractModule$4 -&gt; com.google.inject.util.Modules$OverrideModule -&gt; org.matsim.core.controler.AbstractModule$4 -&gt; com.google.inject.util.Modules$OverrideModule -&gt; org.matsim.core.controler.AbstractModule$4 -&gt; com.google.inject.util.Modules$OverrideModule -&gt; org.matsim.core.controler.AbstractModule$4 -&gt; com.google.inject.util.Modules$OverrideModule -&gt; ch.ethz.idsc.amodeus.matsim.mod.AmodeusDispatcherModule -&gt; com.google.inject.multibindings.MapBinder$RealMapBinder)
  while locating java.util.Map&lt;java.lang.String, ch.ethz.matsim.av.dispatcher.AVDispatcher$AVDispatcherFactory&gt;
    for the 1st parameter of ch.ethz.matsim.av.framework.AVQSimModule.provideDispatchers(AVQSimModule.java:70)
  at ch.ethz.matsim.av.framework.AVQSimModule.provideDispatchers(AVQSimModule.java:70) (via modules: org.matsim.core.mobsim.qsim.QSimProvider$1 -&gt; ch.ethz.idsc.amodeus.matsim.mod.AmodeusQSimModule -&gt; com.google.inject.util.Modules$OverrideModule -&gt; ch.ethz.matsim.av.framework.AVQSimModule)
  while locating java.util.Map&lt;org.matsim.api.core.v01.Id&lt;ch.ethz.matsim.av.data.AVOperator&gt;, ch.ethz.matsim.av.dispatcher.AVDispatcher&gt;
    for field at ch.ethz.matsim.av.schedule.AVOptimizer.dispatchers(AVOptimizer.java:32)
  at ch.ethz.matsim.av.framework.AVQSimModule.configure(AVQSimModule.java:35) (via modules: org.matsim.core.mobsim.qsim.QSimProvider$1 -&gt; ch.ethz.idsc.amodeus.matsim.mod.AmodeusQSimModule -&gt; com.google.inject.util.Modules$OverrideModule -&gt; ch.ethz.matsim.av.framework.AVQSimModule)
  while locating ch.ethz.matsim.av.schedule.AVOptimizer
    for the 3rd parameter of ch.ethz.matsim.av.framework.AVQSimModule.providePassengerEngine(AVQSimModule.java:48)
  at ch.ethz.matsim.av.framework.AVQSimModule.providePassengerEngine(AVQSimModule.java:48) (via modules: org.matsim.core.mobsim.qsim.QSimProvider$1 -&gt; ch.ethz.idsc.amodeus.matsim.mod.AmodeusQSimModule -&gt; com.google.inject.util.Modules$OverrideModule -&gt; ch.ethz.matsim.av.framework.AVQSimModule)
  while locating org.matsim.contrib.dvrp.passenger.PassengerEngine
  while locating org.matsim.core.mobsim.qsim.QSimProvider
  while locating org.matsim.core.mobsim.framework.Mobsim

2 errors" type="com.google.inject.ProvisionException">com.google.inject.ProvisionException: Unable to provision, see the following errors:

1) Error in custom provider, java.lang.NoClassDefFoundError: Could not initialize class org.gnu.glpk.GLPKJNI
  at ch.ethz.idsc.amodeus.matsim.StandardMATSimScenarioTest$2.provideTravelData(StandardMATSimScenarioTest.java:217) (via modules: com.google.inject.util.Modules$CombinedModule -&gt; com.google.inject.util.Modules$CombinedModule -&gt; org.matsim.core.controler.AbstractModule$4 -&gt; com.google.inject.util.Modules$OverrideModule -&gt; org.matsim.core.controler.AbstractModule$4 -&gt; com.google.inject.util.Modules$OverrideModule -&gt; org.matsim.core.controler.AbstractModule$4 -&gt; com.google.inject.util.Modules$OverrideModule -&gt; org.matsim.core.controler.AbstractModule$4 -&gt; com.google.inject.util.Modules$OverrideModule -&gt; org.matsim.core.controler.AbstractModule$4 -&gt; com.google.inject.util.Modules$OverrideModule -&gt; ch.ethz.idsc.amodeus.matsim.StandardMATSimScenarioTest$2)
  at ch.ethz.idsc.amodeus.matsim.StandardMATSimScenarioTest$2.provideTravelData(StandardMATSimScenarioTest.java:217) (via modules: com.google.inject.util.Modules$CombinedModule -&gt; com.google.inject.util.Modules$CombinedModule -&gt; org.matsim.core.controler.AbstractModule$4 -&gt; com.google.inject.util.Modules$OverrideModule -&gt; org.matsim.core.controler.AbstractModule$4 -&gt; com.google.inject.util.Modules$OverrideModule -&gt; org.matsim.core.controler.AbstractModule$4 -&gt; com.google.inject.util.Modules$OverrideModule -&gt; org.matsim.core.controler.AbstractModule$4 -&gt; com.google.inject.util.Modules$OverrideModule -&gt; org.matsim.core.controler.AbstractModule$4 -&gt; com.google.inject.util.Modules$OverrideModule -&gt; ch.ethz.idsc.amodeus.matsim.StandardMATSimScenarioTest$2)
  while locating ch.ethz.idsc.amodeus.traveldata.TravelData
    for field at ch.ethz.idsc.amodeus.dispatcher.FeedforwardFluidicRebalancingPolicy$Factory.travelData(FeedforwardFluidicRebalancingPolicy.java:162)
  while locating ch.ethz.idsc.amodeus.dispatcher.FeedforwardFluidicRebalancingPolicy$Factory
  while locating ch.ethz.matsim.av.dispatcher.AVDispatcher$AVDispatcherFactory annotated with @com.google.inject.multibindings.Element(setName=,uniqueId=464, type=MAPBINDER, keyType=java.lang.String)
  at ch.ethz.matsim.av.framework.AVUtils.bindDispatcherFactory(AVUtils.java:11) (via modules: com.google.inject.util.Modules$CombinedModule -&gt; com.google.inject.util.Modules$CombinedModule -&gt; org.matsim.core.controler.AbstractModule$4 -&gt; com.google.inject.util.Modules$OverrideModule -&gt; org.matsim.core.controler.AbstractModule$4 -&gt; com.google.inject.util.Modules$OverrideModule -&gt; org.matsim.core.controler.AbstractModule$4 -&gt; com.google.inject.util.Modules$OverrideModule -&gt; org.matsim.core.controler.AbstractModule$4 -&gt; com.google.inject.util.Modules$OverrideModule -&gt; org.matsim.core.controler.AbstractModule$4 -&gt; com.google.inject.util.Modules$OverrideModule -&gt; org.matsim.core.controler.AbstractModule$4 -&gt; com.google.inject.util.Modules$OverrideModule -&gt; org.matsim.core.controler.AbstractModule$4 -&gt; com.google.inject.util.Modules$OverrideModule -&gt; ch.ethz.idsc.amodeus.matsim.mod.AmodeusDispatcherModule -&gt; com.google.inject.multibindings.MapBinder$RealMapBinder)
  while locating java.util.Map&lt;java.lang.String, ch.ethz.matsim.av.dispatcher.AVDispatcher$AVDispatcherFactory&gt;
    for the 1st parameter of ch.ethz.matsim.av.framework.AVQSimModule.provideDispatchers(AVQSimModule.java:70)
  at ch.ethz.matsim.av.framework.AVQSimModule.provideDispatchers(AVQSimModule.java:70) (via modules: org.matsim.core.mobsim.qsim.QSimProvider$1 -&gt; ch.ethz.idsc.amodeus.matsim.mod.AmodeusQSimModule -&gt; com.google.inject.util.Modules$OverrideModule -&gt; ch.ethz.matsim.av.framework.AVQSimModule)
  while locating java.util.Map&lt;org.matsim.api.core.v01.Id&lt;ch.ethz.matsim.av.data.AVOperator&gt;, ch.ethz.matsim.av.dispatcher.AVDispatcher&gt;
    for field at ch.ethz.matsim.av.passenger.AVRequestCreator.dispatchers(AVRequestCreator.java:21)
  at ch.ethz.matsim.av.framework.AVQSimModule.configure(AVQSimModule.java:37) (via modules: org.matsim.core.mobsim.qsim.QSimProvider$1 -&gt; ch.ethz.idsc.amodeus.matsim.mod.AmodeusQSimModule -&gt; com.google.inject.util.Modules$OverrideModule -&gt; ch.ethz.matsim.av.framework.AVQSimModule)
  while locating ch.ethz.matsim.av.passenger.AVRequestCreator
    for the 2nd parameter of ch.ethz.matsim.av.framework.AVQSimModule.providePassengerEngine(AVQSimModule.java:48)
  at ch.ethz.matsim.av.framework.AVQSimModule.providePassengerEngine(AVQSimModule.java:48) (via modules: org.matsim.core.mobsim.qsim.QSimProvider$1 -&gt; ch.ethz.idsc.amodeus.matsim.mod.AmodeusQSimModule -&gt; com.google.inject.util.Modules$OverrideModule -&gt; ch.ethz.matsim.av.framework.AVQSimModule)
  while locating org.matsim.contrib.dvrp.passenger.PassengerEngine
  while locating org.matsim.core.mobsim.qsim.QSimProvider
  while locating org.matsim.core.mobsim.framework.Mobsim

2) Error in custom provider, java.lang.NoClassDefFoundError: Could not initialize class org.gnu.glpk.GLPKJNI
  at ch.ethz.idsc.amodeus.matsim.StandardMATSimScenarioTest$2.provideTravelData(StandardMATSimScenarioTest.java:217) (via modules: com.google.inject.util.Modules$CombinedModule -&gt; com.google.inject.util.Modules$CombinedModule -&gt; org.matsim.core.controler.AbstractModule$4 -&gt; com.google.inject.util.Modules$OverrideModule -&gt; org.matsim.core.controler.AbstractModule$4 -&gt; com.google.inject.util.Modules$OverrideModule -&gt; org.matsim.core.controler.AbstractModule$4 -&gt; com.google.inject.util.Modules$OverrideModule -&gt; org.matsim.core.controler.AbstractModule$4 -&gt; com.google.inject.util.Modules$OverrideModule -&gt; org.matsim.core.controler.AbstractModule$4 -&gt; com.google.inject.util.Modules$OverrideModule -&gt; ch.ethz.idsc.amodeus.matsim.StandardMATSimScenarioTest$2)
  at ch.ethz.idsc.amodeus.matsim.StandardMATSimScenarioTest$2.provideTravelData(StandardMATSimScenarioTest.java:217) (via modules: com.google.inject.util.Modules$CombinedModule -&gt; com.google.inject.util.Modules$CombinedModule -&gt; org.matsim.core.controler.AbstractModule$4 -&gt; com.google.inject.util.Modules$OverrideModule -&gt; org.matsim.core.controler.AbstractModule$4 -&gt; com.google.inject.util.Modules$OverrideModule -&gt; org.matsim.core.controler.AbstractModule$4 -&gt; com.google.inject.util.Modules$OverrideModule -&gt; org.matsim.core.controler.AbstractModule$4 -&gt; com.google.inject.util.Modules$OverrideModule -&gt; org.matsim.core.controler.AbstractModule$4 -&gt; com.google.inject.util.Modules$OverrideModule -&gt; ch.ethz.idsc.amodeus.matsim.StandardMATSimScenarioTest$2)
  while locating ch.ethz.idsc.amodeus.traveldata.TravelData
    for field at ch.ethz.idsc.amodeus.dispatcher.FeedforwardFluidicRebalancingPolicy$Factory.travelData(FeedforwardFluidicRebalancingPolicy.java:162)
  while locating ch.ethz.idsc.amodeus.dispatcher.FeedforwardFluidicRebalancingPolicy$Factory
  while locating ch.ethz.matsim.av.dispatcher.AVDispatcher$AVDispatcherFactory annotated with @com.google.inject.multibindings.Element(setName=,uniqueId=464, type=MAPBINDER, keyType=java.lang.String)
  at ch.ethz.matsim.av.framework.AVUtils.bindDispatcherFactory(AVUtils.java:11) (via modules: com.google.inject.util.Modules$CombinedModule -&gt; com.google.inject.util.Modules$CombinedModule -&gt; org.matsim.core.controler.AbstractModule$4 -&gt; com.google.inject.util.Modules$OverrideModule -&gt; org.matsim.core.controler.AbstractModule$4 -&gt; com.google.inject.util.Modules$OverrideModule -&gt; org.matsim.core.controler.AbstractModule$4 -&gt; com.google.inject.util.Modules$OverrideModule -&gt; org.matsim.core.controler.AbstractModule$4 -&gt; com.google.inject.util.Modules$OverrideModule -&gt; org.matsim.core.controler.AbstractModule$4 -&gt; com.google.inject.util.Modules$OverrideModule -&gt; org.matsim.core.controler.AbstractModule$4 -&gt; com.google.inject.util.Modules$OverrideModule -&gt; org.matsim.core.controler.AbstractModule$4 -&gt; com.google.inject.util.Modules$OverrideModule -&gt; ch.ethz.idsc.amodeus.matsim.mod.AmodeusDispatcherModule -&gt; com.google.inject.multibindings.MapBinder$RealMapBinder)
  while locating java.util.Map&lt;java.lang.String, ch.ethz.matsim.av.dispatcher.AVDispatcher$AVDispatcherFactory&gt;
    for the 1st parameter of ch.ethz.matsim.av.framework.AVQSimModule.provideDispatchers(AVQSimModule.java:70)
  at ch.ethz.matsim.av.framework.AVQSimModule.provideDispatchers(AVQSimModule.java:70) (via modules: org.matsim.core.mobsim.qsim.QSimProvider$1 -&gt; ch.ethz.idsc.amodeus.matsim.mod.AmodeusQSimModule -&gt; com.google.inject.util.Modules$OverrideModule -&gt; ch.ethz.matsim.av.framework.AVQSimModule)
  while locating java.util.Map&lt;org.matsim.api.core.v01.Id&lt;ch.ethz.matsim.av.data.AVOperator&gt;, ch.ethz.matsim.av.dispatcher.AVDispatcher&gt;
    for field at ch.ethz.matsim.av.schedule.AVOptimizer.dispatchers(AVOptimizer.java:32)
  at ch.ethz.matsim.av.framework.AVQSimModule.configure(AVQSimModule.java:35) (via modules: org.matsim.core.mobsim.qsim.QSimProvider$1 -&gt; ch.ethz.idsc.amodeus.matsim.mod.AmodeusQSimModule -&gt; com.google.inject.util.Modules$OverrideModule -&gt; ch.ethz.matsim.av.framework.AVQSimModule)
  while locating ch.ethz.matsim.av.schedule.AVOptimizer
    for the 3rd parameter of ch.ethz.matsim.av.framework.AVQSimModule.providePassengerEngine(AVQSimModule.java:48)
  at ch.ethz.matsim.av.framework.AVQSimModule.providePassengerEngine(AVQSimModule.java:48) (via modules: org.matsim.core.mobsim.qsim.QSimProvider$1 -&gt; ch.ethz.idsc.amodeus.matsim.mod.AmodeusQSimModule -&gt; com.google.inject.util.Modules$OverrideModule -&gt; ch.ethz.matsim.av.framework.AVQSimModule)
  while locating org.matsim.contrib.dvrp.passenger.PassengerEngine
  while locating org.matsim.core.mobsim.qsim.QSimProvider
  while locating org.matsim.core.mobsim.framework.Mobsim

2 errors
	at com.google.inject.internal.InjectorImpl$2.get(InjectorImpl.java:1028)
	at org.matsim.core.controler.NewControler.runMobSim(NewControler.java:111)
	at org.matsim.core.controler.AbstractController$7.run(AbstractController.java:199)
	at org.matsim.core.controler.AbstractController.iterationStep(AbstractController.java:231)
	at org.matsim.core.controler.AbstractController.mobsim(AbstractController.java:195)
	at org.matsim.core.controler.AbstractController.iteration(AbstractController.java:154)
	at org.matsim.core.controler.AbstractController.doIterations(AbstractController.java:121)
	at org.matsim.core.controler.AbstractController.access$000(AbstractController.java:29)
	at org.matsim.core.controler.AbstractController$1.run(AbstractController.java:91)
	at org.matsim.core.controler.MatsimRuntimeModifications.run(MatsimRuntimeModifications.java:48)
	at org.matsim.core.controler.MatsimRuntimeModifications.run(MatsimRuntimeModifications.java:31)
	at org.matsim.core.controler.AbstractController.run(AbstractController.java:99)
	at org.matsim.core.controler.NewControler.run(NewControler.java:75)
	at org.matsim.core.controler.Controler.run(Controler.java:202)
	at ch.ethz.idsc.amodeus.matsim.StandardMATSimScenarioTest.testStandardMATSimScenario(StandardMATSimScenarioTest.java:263)
	at sun.reflect.NativeMethodAccessorImpl.invoke0(Native Method)
	at sun.reflect.NativeMethodAccessorImpl.invoke(NativeMethodAccessorImpl.java:62)
	at sun.reflect.DelegatingMethodAccessorImpl.invoke(DelegatingMethodAccessorImpl.java:43)
	at java.lang.reflect.Method.invoke(Method.java:498)
	at org.junit.runners.model.FrameworkMethod$1.runReflectiveCall(FrameworkMethod.java:50)
	at org.junit.internal.runners.model.ReflectiveCallable.run(ReflectiveCallable.java:12)
	at org.junit.runners.model.FrameworkMethod.invokeExplosively(FrameworkMethod.java:47)
	at org.junit.internal.runners.statements.InvokeMethod.evaluate(InvokeMethod.java:17)
	at org.junit.runners.ParentRunner.runLeaf(ParentRunner.java:325)
	at org.junit.runners.BlockJUnit4ClassRunner.runChild(BlockJUnit4ClassRunner.java:78)
	at org.junit.runners.BlockJUnit4ClassRunner.runChild(BlockJUnit4ClassRunner.java:57)
	at org.junit.runners.ParentRunner$3.run(ParentRunner.java:290)
	at org.junit.runners.ParentRunner$1.schedule(ParentRunner.java:71)
	at org.junit.runners.ParentRunner.runChildren(ParentRunner.java:288)
	at org.junit.runners.ParentRunner.access$000(ParentRunner.java:58)
	at org.junit.runners.ParentRunner$2.evaluate(ParentRunner.java:268)
	at org.junit.runners.ParentRunner.run(ParentRunner.java:363)
	at org.junit.runners.Suite.runChild(Suite.java:128)
	at org.junit.runners.Suite.runChild(Suite.java:27)
	at org.junit.runners.ParentRunner$3.run(ParentRunner.java:290)
	at org.junit.runners.ParentRunner$1.schedule(ParentRunner.java:71)
	at org.junit.runners.ParentRunner.runChildren(ParentRunner.java:288)
	at org.junit.runners.ParentRunner.access$000(ParentRunner.java:58)
	at org.junit.runners.ParentRunner$2.evaluate(ParentRunner.java:268)
	at org.junit.runners.ParentRunner.run(ParentRunner.java:363)
	at org.apache.maven.surefire.junit4.JUnit4Provider.execute(JUnit4Provider.java:252)
	at org.apache.maven.surefire.junit4.JUnit4Provider.executeTestSet(JUnit4Provider.java:141)
	at org.apache.maven.surefire.junit4.JUnit4Provider.invoke(JUnit4Provider.java:112)
	at sun.reflect.NativeMethodAccessorImpl.invoke0(Native Method)
	at sun.reflect.NativeMethodAccessorImpl.invoke(NativeMethodAccessorImpl.java:62)
	at sun.reflect.DelegatingMethodAccessorImpl.invoke(DelegatingMethodAccessorImpl.java:43)
	at java.lang.reflect.Method.invoke(Method.java:498)
	at org.apache.maven.surefire.util.ReflectionUtils.invokeMethodWithArray(ReflectionUtils.java:189)
	at org.apache.maven.surefire.booter.ProviderFactory$ProviderProxy.invoke(ProviderFactory.java:165)
	at org.apache.maven.surefire.booter.ProviderFactory.invokeProvider(ProviderFactory.java:85)
	at org.apache.maven.surefire.booter.ForkedBooter.runSuitesInProcess(ForkedBooter.java:115)
	at org.apache.maven.surefire.booter.ForkedBooter.main(ForkedBooter.java:75)
Caused by: java.lang.NoClassDefFoundError: Could not initialize class org.gnu.glpk.GLPKJNI
	at org.gnu.glpk.glp_smcp.&lt;init&gt;(glp_smcp.java:168)
	at ch.ethz.idsc.amodeus.dispatcher.util.LPVehicleRebalancing.&lt;init&gt;(LPVehicleRebalancing.java:31)
	at ch.ethz.idsc.amodeus.traveldata.TravelData.&lt;init&gt;(TravelData.java:150)
	at ch.ethz.idsc.amodeus.matsim.StandardMATSimScenarioTest$2.provideTravelData(StandardMATSimScenarioTest.java:217)
	at ch.ethz.idsc.amodeus.matsim.StandardMATSimScenarioTest$2$$FastClassByGuice$$18c5fb10.invoke(&lt;generated&gt;)
	at com.google.inject.internal.ProviderMethod$FastClassProviderMethod.doProvision(ProviderMethod.java:264)
	at com.google.inject.internal.ProviderMethod$Factory.provision(ProviderMethod.java:401)
	at com.google.inject.internal.ProviderMethod$Factory.get(ProviderMethod.java:376)
	at com.google.inject.internal.ProviderToInternalFactoryAdapter$1.call(ProviderToInternalFactoryAdapter.java:46)
	at com.google.inject.internal.InjectorImpl.callInContext(InjectorImpl.java:1092)
	at com.google.inject.internal.ProviderToInternalFactoryAdapter.get(ProviderToInternalFactoryAdapter.java:40)
	at com.google.inject.internal.SingletonScope$1.get(SingletonScope.java:194)
	at com.google.inject.internal.InternalFactoryToProviderAdapter.get(InternalFactoryToProviderAdapter.java:41)
	at com.google.inject.internal.SingleFieldInjector.inject(SingleFieldInjector.java:54)
	at com.google.inject.internal.MembersInjectorImpl.injectMembers(MembersInjectorImpl.java:132)
	at com.google.inject.internal.ConstructorInjector.provision(ConstructorInjector.java:120)
	at com.google.inject.internal.ConstructorInjector.construct(ConstructorInjector.java:90)
	at com.google.inject.internal.ConstructorBindingImpl$Factory.get(ConstructorBindingImpl.java:268)
	at com.google.inject.internal.FactoryProxy.get(FactoryProxy.java:56)
	at com.google.inject.internal.InjectorImpl$2$1.call(InjectorImpl.java:1019)
	at com.google.inject.internal.InjectorImpl.callInContext(InjectorImpl.java:1092)
	at com.google.inject.internal.InjectorImpl$2.get(InjectorImpl.java:1015)
	at com.google.inject.spi.ProviderLookup$1.get(ProviderLookup.java:104)
	at com.google.inject.spi.ProviderLookup$1.get(ProviderLookup.java:104)
	at com.google.inject.spi.ProviderLookup$1.get(ProviderLookup.java:104)
	at com.google.inject.spi.ProviderLookup$1.get(ProviderLookup.java:104)
	at com.google.inject.spi.ProviderLookup$1.get(ProviderLookup.java:104)
	at com.google.inject.spi.ProviderLookup$1.get(ProviderLookup.java:104)
	at com.google.inject.spi.ProviderLookup$1.get(ProviderLookup.java:104)
	at com.google.inject.spi.ProviderLookup$1.get(ProviderLookup.java:104)
	at com.google.inject.multibindings.MapBinder$RealMapBinder$ValueProvider.get(MapBinder.java:821)
	at com.google.inject.multibindings.MapBinder$RealMapBinder$RealMapProvider.get(MapBinder.java:605)
	at com.google.inject.multibindings.MapBinder$RealMapBinder$RealMapProvider.get(MapBinder.java:586)
	at com.google.inject.internal.ProviderInternalFactory.provision(ProviderInternalFactory.java:81)
	at com.google.inject.internal.InternalFactoryToInitializableAdapter.provision(InternalFactoryToInitializableAdapter.java:53)
	at com.google.inject.internal.ProviderInternalFactory.circularGet(ProviderInternalFactory.java:61)
	at com.google.inject.internal.InternalFactoryToInitializableAdapter.get(InternalFactoryToInitializableAdapter.java:45)
	at com.google.inject.internal.SingleParameterInjector.inject(SingleParameterInjector.java:38)
	at com.google.inject.internal.SingleParameterInjector.getAll(SingleParameterInjector.java:62)
	at com.google.inject.internal.ProviderMethod$Factory.provision(ProviderMethod.java:402)
	at com.google.inject.internal.ProviderMethod$Factory.get(ProviderMethod.java:376)
	at com.google.inject.internal.ProviderToInternalFactoryAdapter$1.call(ProviderToInternalFactoryAdapter.java:46)
	at com.google.inject.internal.InjectorImpl.callInContext(InjectorImpl.java:1092)
	at com.google.inject.internal.ProviderToInternalFactoryAdapter.get(ProviderToInternalFactoryAdapter.java:40)
	at com.google.inject.internal.SingletonScope$1.get(SingletonScope.java:194)
	at com.google.inject.internal.InternalFactoryToProviderAdapter.get(InternalFactoryToProviderAdapter.java:41)
	at com.google.inject.internal.SingleFieldInjector.inject(SingleFieldInjector.java:54)
	at com.google.inject.internal.MembersInjectorImpl.injectMembers(MembersInjectorImpl.java:132)
	at com.google.inject.internal.ConstructorInjector.provision(ConstructorInjector.java:120)
	at com.google.inject.internal.ConstructorInjector.construct(ConstructorInjector.java:90)
	at com.google.inject.internal.ConstructorBindingImpl$Factory.get(ConstructorBindingImpl.java:268)
	at com.google.inject.internal.ProviderToInternalFactoryAdapter$1.call(ProviderToInternalFactoryAdapter.java:46)
	at com.google.inject.internal.InjectorImpl.callInContext(InjectorImpl.java:1092)
	at com.google.inject.internal.ProviderToInternalFactoryAdapter.get(ProviderToInternalFactoryAdapter.java:40)
	at com.google.inject.internal.SingletonScope$1.get(SingletonScope.java:194)
	at com.google.inject.internal.InternalFactoryToProviderAdapter.get(InternalFactoryToProviderAdapter.java:41)
	at com.google.inject.internal.SingleParameterInjector.inject(SingleParameterInjector.java:38)
	at com.google.inject.internal.SingleParameterInjector.getAll(SingleParameterInjector.java:62)
	at com.google.inject.internal.ProviderMethod$Factory.provision(ProviderMethod.java:402)
	at com.google.inject.internal.ProviderMethod$Factory.get(ProviderMethod.java:376)
	at com.google.inject.internal.ProviderToInternalFactoryAdapter$1.call(ProviderToInternalFactoryAdapter.java:46)
	at com.google.inject.internal.InjectorImpl.callInContext(InjectorImpl.java:1092)
	at com.google.inject.internal.ProviderToInternalFactoryAdapter.get(ProviderToInternalFactoryAdapter.java:40)
	at com.google.inject.internal.SingletonScope$1.get(SingletonScope.java:194)
	at com.google.inject.internal.InternalFactoryToProviderAdapter.get(InternalFactoryToProviderAdapter.java:41)
	at com.google.inject.internal.InjectorImpl$2$1.call(InjectorImpl.java:1019)
	at com.google.inject.internal.InjectorImpl.callInContext(InjectorImpl.java:1092)
	at com.google.inject.internal.InjectorImpl$2.get(InjectorImpl.java:1015)
	at com.google.inject.internal.InjectorImpl.getInstance(InjectorImpl.java:1054)
	at org.matsim.core.mobsim.qsim.QSimProvider.get(QSimProvider.java:75)
	at org.matsim.core.mobsim.qsim.QSimProvider.get(QSimProvider.java:41)
	at com.google.inject.internal.ProviderInternalFactory.provision(ProviderInternalFactory.java:81)
	at com.google.inject.internal.BoundProviderFactory.provision(BoundProviderFactory.java:72)
	at com.google.inject.internal.ProviderInternalFactory.circularGet(ProviderInternalFactory.java:61)
	at com.google.inject.internal.BoundProviderFactory.get(BoundProviderFactory.java:62)
	at com.google.inject.internal.InjectorImpl$2$1.call(InjectorImpl.java:1019)
	at com.google.inject.internal.InjectorImpl.callInContext(InjectorImpl.java:1085)
	at com.google.inject.internal.InjectorImpl$2.get(InjectorImpl.java:1015)
	... 51 more
</error>
    <system-out>2018-06-01 06:11:28,926  INFO Config:563 setting context to [file:/root/workspace/idsc-frazzoli/amodeus/386486391/]
2018-06-01 06:11:28,931  INFO NetworkImpl:156  node # 1
2018-06-01 06:11:28,931  INFO NetworkImpl:156  node # 2
2018-06-01 06:11:28,931  INFO NetworkImpl:156  node # 4
2018-06-01 06:11:28,932  INFO NetworkImpl:156  node # 8
2018-06-01 06:11:28,932  INFO NetworkImpl:156  node # 16
2018-06-01 06:11:28,933  INFO NetworkImpl:156  node # 32
2018-06-01 06:11:28,934  INFO NetworkImpl:156  node # 64
2018-06-01 06:11:28,934  INFO NetworkImpl:152  link # 1
2018-06-01 06:11:28,935  INFO NetworkImpl:152  link # 2
2018-06-01 06:11:28,935  INFO NetworkImpl:152  link # 4
2018-06-01 06:11:28,935  INFO NetworkImpl:152  link # 8
2018-06-01 06:11:28,936  INFO NetworkImpl:152  link # 16
2018-06-01 06:11:28,937  INFO NetworkImpl:152  link # 32
2018-06-01 06:11:28,938  INFO NetworkImpl:152  link # 64
2018-06-01 06:11:28,940  INFO NetworkImpl:152  link # 128
2018-06-01 06:11:28,945  INFO NetworkImpl:152  link # 256
2018-06-01 06:11:28,949  INFO PopulationImpl:112  person # 1
2018-06-01 06:11:28,949  INFO PopulationImpl:112  person # 2
2018-06-01 06:11:28,950  INFO PopulationImpl:112  person # 4
2018-06-01 06:11:28,950  INFO PopulationImpl:112  person # 8
2018-06-01 06:11:28,950  INFO PopulationImpl:112  person # 16
2018-06-01 06:11:28,951  INFO PopulationImpl:112  person # 32
2018-06-01 06:11:28,951  INFO PopulationImpl:112  person # 64
2018-06-01 06:11:28,953  INFO NetworkImpl:156  node # 1
2018-06-01 06:11:28,953  INFO NetworkImpl:156  node # 2
2018-06-01 06:11:28,954  INFO NetworkImpl:156  node # 4
2018-06-01 06:11:28,954  INFO NetworkImpl:156  node # 8
2018-06-01 06:11:28,954  INFO NetworkImpl:156  node # 16
2018-06-01 06:11:28,955  INFO NetworkImpl:156  node # 32
2018-06-01 06:11:28,955  INFO NetworkImpl:156  node # 64
2018-06-01 06:11:28,955  INFO NetworkImpl:152  link # 1
2018-06-01 06:11:28,956  INFO NetworkImpl:152  link # 2
2018-06-01 06:11:28,956  INFO NetworkImpl:152  link # 4
2018-06-01 06:11:28,956  INFO NetworkImpl:152  link # 8
2018-06-01 06:11:28,956  INFO NetworkImpl:152  link # 16
2018-06-01 06:11:28,957  INFO NetworkImpl:152  link # 32
2018-06-01 06:11:28,957  INFO NetworkImpl:152  link # 64
2018-06-01 06:11:28,958  INFO NetworkImpl:152  link # 128
2018-06-01 06:11:28,959  INFO NetworkImpl:152  link # 256
2018-06-01 06:11:29,453  INFO EventsManagerImpl:144 adding Event-Handler: org.matsim.core.trafficmonitoring.TravelTimeCalculator
2018-06-01 06:11:29,454  INFO EventsManagerImpl:148   org.matsim.api.core.v01.events.handler.LinkEnterEventHandler
2018-06-01 06:11:29,454  INFO EventsManagerImpl:207     &gt; org.matsim.api.core.v01.events.LinkEnterEvent
2018-06-01 06:11:29,454  INFO EventsManagerImpl:148   org.matsim.api.core.v01.events.handler.LinkLeaveEventHandler
2018-06-01 06:11:29,455  INFO EventsManagerImpl:207     &gt; org.matsim.api.core.v01.events.LinkLeaveEvent
2018-06-01 06:11:29,455  INFO EventsManagerImpl:148   org.matsim.api.core.v01.events.handler.VehicleEntersTrafficEventHandler
2018-06-01 06:11:29,455  INFO EventsManagerImpl:207     &gt; org.matsim.api.core.v01.events.VehicleEntersTrafficEvent
2018-06-01 06:11:29,455  INFO EventsManagerImpl:148   org.matsim.api.core.v01.events.handler.VehicleLeavesTrafficEventHandler
2018-06-01 06:11:29,456  INFO EventsManagerImpl:207     &gt; org.matsim.api.core.v01.events.VehicleLeavesTrafficEvent
2018-06-01 06:11:29,456  INFO EventsManagerImpl:148   org.matsim.core.api.experimental.events.handler.VehicleArrivesAtFacilityEventHandler
2018-06-01 06:11:29,456  INFO EventsManagerImpl:207     &gt; org.matsim.core.api.experimental.events.VehicleArrivesAtFacilityEvent
2018-06-01 06:11:29,457  INFO EventsManagerImpl:148   org.matsim.api.core.v01.events.handler.VehicleAbortsEventHandler
2018-06-01 06:11:29,457  INFO EventsManagerImpl:207     &gt; org.matsim.api.core.v01.events.VehicleAbortsEvent
2018-06-01 06:11:29,457  INFO EventsManagerImpl:156 
2018-06-01 06:11:29,457  INFO EventsManagerImpl:144 adding Event-Handler: org.matsim.core.trafficmonitoring.TravelTimeCalculator
2018-06-01 06:11:29,458  INFO EventsManagerImpl:148   org.matsim.api.core.v01.events.handler.LinkEnterEventHandler
2018-06-01 06:11:29,458  INFO EventsManagerImpl:207     &gt; org.matsim.api.core.v01.events.LinkEnterEvent
2018-06-01 06:11:29,458  INFO EventsManagerImpl:148   org.matsim.api.core.v01.events.handler.LinkLeaveEventHandler
2018-06-01 06:11:29,458  INFO EventsManagerImpl:207     &gt; org.matsim.api.core.v01.events.LinkLeaveEvent
2018-06-01 06:11:29,459  INFO EventsManagerImpl:148   org.matsim.api.core.v01.events.handler.VehicleEntersTrafficEventHandler
2018-06-01 06:11:29,459  INFO EventsManagerImpl:207     &gt; org.matsim.api.core.v01.events.VehicleEntersTrafficEvent
2018-06-01 06:11:29,459  INFO EventsManagerImpl:148   org.matsim.api.core.v01.events.handler.VehicleLeavesTrafficEventHandler
2018-06-01 06:11:29,459  INFO EventsManagerImpl:207     &gt; org.matsim.api.core.v01.events.VehicleLeavesTrafficEvent
2018-06-01 06:11:29,460  INFO EventsManagerImpl:148   org.matsim.core.api.experimental.events.handler.VehicleArrivesAtFacilityEventHandler
2018-06-01 06:11:29,460  INFO EventsManagerImpl:207     &gt; org.matsim.core.api.experimental.events.VehicleArrivesAtFacilityEvent
2018-06-01 06:11:29,460  INFO EventsManagerImpl:148   org.matsim.api.core.v01.events.handler.VehicleAbortsEventHandler
2018-06-01 06:11:29,461  INFO EventsManagerImpl:207     &gt; org.matsim.api.core.v01.events.VehicleAbortsEvent
2018-06-01 06:11:29,461  INFO EventsManagerImpl:156 
2018-06-01 06:11:29,461  INFO NetworkImpl:156  node # 1
2018-06-01 06:11:29,462  INFO NetworkImpl:156  node # 2
2018-06-01 06:11:29,462  INFO NetworkImpl:156  node # 4
2018-06-01 06:11:29,462  INFO NetworkImpl:156  node # 8
2018-06-01 06:11:29,463  INFO NetworkImpl:156  node # 16
2018-06-01 06:11:29,463  INFO NetworkImpl:156  node # 32
2018-06-01 06:11:29,463  INFO NetworkImpl:156  node # 64
2018-06-01 06:11:29,463  INFO NetworkImpl:152  link # 1
2018-06-01 06:11:29,464  INFO NetworkImpl:152  link # 2
2018-06-01 06:11:29,464  INFO NetworkImpl:152  link # 4
2018-06-01 06:11:29,464  INFO NetworkImpl:152  link # 8
2018-06-01 06:11:29,465  INFO NetworkImpl:152  link # 16
2018-06-01 06:11:29,465  INFO NetworkImpl:152  link # 32
2018-06-01 06:11:29,465  INFO NetworkImpl:152  link # 64
2018-06-01 06:11:29,466  INFO NetworkImpl:152  link # 128
2018-06-01 06:11:29,467  INFO NetworkImpl:152  link # 256
2018-06-01 06:11:29,474  INFO StrategyManager:59 global innovation switch off after iteration: 0
2018-06-01 06:11:29,475  INFO GenericStrategyManager:347 setting PlanSelectorForRemoval to class org.matsim.core.replanning.selectors.WorstPlanForRemovalSelector
2018-06-01 06:11:29,475  INFO EventsManagerImpl:144 adding Event-Handler: org.matsim.core.scoring.EventsToActivities
2018-06-01 06:11:29,475  INFO EventsManagerImpl:148   org.matsim.api.core.v01.events.handler.ActivityStartEventHandler
2018-06-01 06:11:29,476  INFO EventsManagerImpl:207     &gt; org.matsim.api.core.v01.events.ActivityStartEvent
2018-06-01 06:11:29,476  INFO EventsManagerImpl:148   org.matsim.api.core.v01.events.handler.ActivityEndEventHandler
2018-06-01 06:11:29,476  INFO EventsManagerImpl:207     &gt; org.matsim.api.core.v01.events.ActivityEndEvent
2018-06-01 06:11:29,476  INFO EventsManagerImpl:156 
2018-06-01 06:11:29,477  INFO EventsManagerImpl:144 adding Event-Handler: org.matsim.core.scoring.EventsToActivities
2018-06-01 06:11:29,477  INFO EventsManagerImpl:148   org.matsim.api.core.v01.events.handler.ActivityStartEventHandler
2018-06-01 06:11:29,477  INFO EventsManagerImpl:207     &gt; org.matsim.api.core.v01.events.ActivityStartEvent
2018-06-01 06:11:29,477  INFO EventsManagerImpl:148   org.matsim.api.core.v01.events.handler.ActivityEndEventHandler
2018-06-01 06:11:29,478  INFO EventsManagerImpl:207     &gt; org.matsim.api.core.v01.events.ActivityEndEvent
2018-06-01 06:11:29,478  INFO EventsManagerImpl:156 
2018-06-01 06:11:29,478  INFO EventsManagerImpl:144 adding Event-Handler: org.matsim.core.scoring.EventsToLegs
2018-06-01 06:11:29,479  INFO EventsManagerImpl:148   org.matsim.api.core.v01.events.handler.PersonDepartureEventHandler
2018-06-01 06:11:29,479  INFO EventsManagerImpl:207     &gt; org.matsim.api.core.v01.events.PersonDepartureEvent
2018-06-01 06:11:29,480  INFO EventsManagerImpl:148   org.matsim.api.core.v01.events.handler.PersonArrivalEventHandler
2018-06-01 06:11:29,480  INFO EventsManagerImpl:207     &gt; org.matsim.api.core.v01.events.PersonArrivalEvent
2018-06-01 06:11:29,480  INFO EventsManagerImpl:148   org.matsim.api.core.v01.events.handler.LinkLeaveEventHandler
2018-06-01 06:11:29,481  INFO EventsManagerImpl:207     &gt; org.matsim.api.core.v01.events.LinkLeaveEvent
2018-06-01 06:11:29,481  INFO EventsManagerImpl:148   org.matsim.api.core.v01.events.handler.LinkEnterEventHandler
2018-06-01 06:11:29,482  INFO EventsManagerImpl:207     &gt; org.matsim.api.core.v01.events.LinkEnterEvent
2018-06-01 06:11:29,482  INFO EventsManagerImpl:148   org.matsim.core.api.experimental.events.handler.TeleportationArrivalEventHandler
2018-06-01 06:11:29,482  INFO EventsManagerImpl:207     &gt; org.matsim.core.api.experimental.events.TeleportationArrivalEvent
2018-06-01 06:11:29,482  INFO EventsManagerImpl:148   org.matsim.api.core.v01.events.handler.TransitDriverStartsEventHandler
2018-06-01 06:11:29,483  INFO EventsManagerImpl:207     &gt; org.matsim.api.core.v01.events.TransitDriverStartsEvent
2018-06-01 06:11:29,483  INFO EventsManagerImpl:148   org.matsim.api.core.v01.events.handler.PersonEntersVehicleEventHandler
2018-06-01 06:11:29,483  INFO EventsManagerImpl:207     &gt; org.matsim.api.core.v01.events.PersonEntersVehicleEvent
2018-06-01 06:11:29,484  INFO EventsManagerImpl:148   org.matsim.core.api.experimental.events.handler.VehicleArrivesAtFacilityEventHandler
2018-06-01 06:11:29,484  INFO EventsManagerImpl:207     &gt; org.matsim.core.api.experimental.events.VehicleArrivesAtFacilityEvent
2018-06-01 06:11:29,484  INFO EventsManagerImpl:148   org.matsim.api.core.v01.events.handler.VehicleEntersTrafficEventHandler
2018-06-01 06:11:29,485  INFO EventsManagerImpl:207     &gt; org.matsim.api.core.v01.events.VehicleEntersTrafficEvent
2018-06-01 06:11:29,485  INFO EventsManagerImpl:148   org.matsim.api.core.v01.events.handler.VehicleLeavesTrafficEventHandler
2018-06-01 06:11:29,485  INFO EventsManagerImpl:207     &gt; org.matsim.api.core.v01.events.VehicleLeavesTrafficEvent
2018-06-01 06:11:29,486  INFO EventsManagerImpl:156 
2018-06-01 06:11:29,486  INFO EventsManagerImpl:144 adding Event-Handler: org.matsim.core.scoring.EventsToLegs
2018-06-01 06:11:29,486  INFO EventsManagerImpl:148   org.matsim.api.core.v01.events.handler.PersonDepartureEventHandler
2018-06-01 06:11:29,486  INFO EventsManagerImpl:207     &gt; org.matsim.api.core.v01.events.PersonDepartureEvent
2018-06-01 06:11:29,487  INFO EventsManagerImpl:148   org.matsim.api.core.v01.events.handler.PersonArrivalEventHandler
2018-06-01 06:11:29,487  INFO EventsManagerImpl:207     &gt; org.matsim.api.core.v01.events.PersonArrivalEvent
2018-06-01 06:11:29,487  INFO EventsManagerImpl:148   org.matsim.api.core.v01.events.handler.LinkLeaveEventHandler
2018-06-01 06:11:29,488  INFO EventsManagerImpl:207     &gt; org.matsim.api.core.v01.events.LinkLeaveEvent
2018-06-01 06:11:29,488  INFO EventsManagerImpl:148   org.matsim.api.core.v01.events.handler.LinkEnterEventHandler
2018-06-01 06:11:29,488  INFO EventsManagerImpl:207     &gt; org.matsim.api.core.v01.events.LinkEnterEvent
2018-06-01 06:11:29,489  INFO EventsManagerImpl:148   org.matsim.core.api.experimental.events.handler.TeleportationArrivalEventHandler
2018-06-01 06:11:29,489  INFO EventsManagerImpl:207     &gt; org.matsim.core.api.experimental.events.TeleportationArrivalEvent
2018-06-01 06:11:29,490  INFO EventsManagerImpl:148   org.matsim.api.core.v01.events.handler.TransitDriverStartsEventHandler
2018-06-01 06:11:29,490  INFO EventsManagerImpl:207     &gt; org.matsim.api.core.v01.events.TransitDriverStartsEvent
2018-06-01 06:11:29,490  INFO EventsManagerImpl:148   org.matsim.api.core.v01.events.handler.PersonEntersVehicleEventHandler
2018-06-01 06:11:29,491  INFO EventsManagerImpl:207     &gt; org.matsim.api.core.v01.events.PersonEntersVehicleEvent
2018-06-01 06:11:29,491  INFO EventsManagerImpl:148   org.matsim.core.api.experimental.events.handler.VehicleArrivesAtFacilityEventHandler
2018-06-01 06:11:29,492  INFO EventsManagerImpl:207     &gt; org.matsim.core.api.experimental.events.VehicleArrivesAtFacilityEvent
2018-06-01 06:11:29,492  INFO EventsManagerImpl:148   org.matsim.api.core.v01.events.handler.VehicleEntersTrafficEventHandler
2018-06-01 06:11:29,492  INFO EventsManagerImpl:207     &gt; org.matsim.api.core.v01.events.VehicleEntersTrafficEvent
2018-06-01 06:11:29,492  INFO EventsManagerImpl:148   org.matsim.api.core.v01.events.handler.VehicleLeavesTrafficEventHandler
2018-06-01 06:11:29,493  INFO EventsManagerImpl:207     &gt; org.matsim.api.core.v01.events.VehicleLeavesTrafficEvent
2018-06-01 06:11:29,493  INFO EventsManagerImpl:156 
2018-06-01 06:11:29,493  INFO EventsManagerImpl:144 adding Event-Handler: org.matsim.core.scoring.ScoringFunctionsForPopulation
2018-06-01 06:11:29,494  INFO EventsManagerImpl:148   org.matsim.core.events.handler.BasicEventHandler
2018-06-01 06:11:29,494  INFO EventsManagerImpl:207     &gt; org.matsim.api.core.v01.events.Event
2018-06-01 06:11:29,494  INFO EventsManagerImpl:148   org.matsim.core.scoring.EventsToLegs$LegHandler
2018-06-01 06:11:29,494  INFO EventsManagerImpl:148   org.matsim.core.scoring.EventsToActivities$ActivityHandler
2018-06-01 06:11:29,495  INFO EventsManagerImpl:156 
2018-06-01 06:11:29,495  INFO EventsManagerImpl:144 adding Event-Handler: org.matsim.core.scoring.ScoringFunctionsForPopulation
2018-06-01 06:11:29,495  INFO EventsManagerImpl:148   org.matsim.core.events.handler.BasicEventHandler
2018-06-01 06:11:29,495  INFO EventsManagerImpl:207     &gt; org.matsim.api.core.v01.events.Event
2018-06-01 06:11:29,496  INFO EventsManagerImpl:148   org.matsim.core.scoring.EventsToLegs$LegHandler
2018-06-01 06:11:29,496  INFO EventsManagerImpl:148   org.matsim.core.scoring.EventsToActivities$ActivityHandler
2018-06-01 06:11:29,496  INFO EventsManagerImpl:156 
2018-06-01 06:11:29,499  INFO CalcLinkStats:151  resetting `count&apos; to zero.  This info is here since we want to check when this is happening during normal simulation runs.  kai, jan&apos;11
2018-06-01 06:11:29,501  INFO EventsManagerImpl:144 adding Event-Handler: org.matsim.analysis.VolumesAnalyzer
2018-06-01 06:11:29,502  INFO EventsManagerImpl:148   org.matsim.api.core.v01.events.handler.LinkLeaveEventHandler
2018-06-01 06:11:29,502  INFO EventsManagerImpl:207     &gt; org.matsim.api.core.v01.events.LinkLeaveEvent
2018-06-01 06:11:29,502  INFO EventsManagerImpl:148   org.matsim.api.core.v01.events.handler.VehicleEntersTrafficEventHandler
2018-06-01 06:11:29,503  INFO EventsManagerImpl:207     &gt; org.matsim.api.core.v01.events.VehicleEntersTrafficEvent
2018-06-01 06:11:29,503  INFO EventsManagerImpl:156 
2018-06-01 06:11:29,503  INFO EventsManagerImpl:144 adding Event-Handler: org.matsim.analysis.VolumesAnalyzer
2018-06-01 06:11:29,504  INFO EventsManagerImpl:148   org.matsim.api.core.v01.events.handler.LinkLeaveEventHandler
2018-06-01 06:11:29,504  INFO EventsManagerImpl:207     &gt; org.matsim.api.core.v01.events.LinkLeaveEvent
2018-06-01 06:11:29,504  INFO EventsManagerImpl:148   org.matsim.api.core.v01.events.handler.VehicleEntersTrafficEventHandler
2018-06-01 06:11:29,505  INFO EventsManagerImpl:207     &gt; org.matsim.api.core.v01.events.VehicleEntersTrafficEvent
2018-06-01 06:11:29,505  INFO EventsManagerImpl:156 
2018-06-01 06:11:29,505  INFO EventsManagerImpl:144 adding Event-Handler: org.matsim.analysis.LegHistogram
2018-06-01 06:11:29,506  INFO EventsManagerImpl:148   org.matsim.api.core.v01.events.handler.PersonDepartureEventHandler
2018-06-01 06:11:29,506  INFO EventsManagerImpl:207     &gt; org.matsim.api.core.v01.events.PersonDepartureEvent
2018-06-01 06:11:29,506  INFO EventsManagerImpl:148   org.matsim.api.core.v01.events.handler.PersonArrivalEventHandler
2018-06-01 06:11:29,506  INFO EventsManagerImpl:207     &gt; org.matsim.api.core.v01.events.PersonArrivalEvent
2018-06-01 06:11:29,506  INFO EventsManagerImpl:148   org.matsim.api.core.v01.events.handler.PersonStuckEventHandler
2018-06-01 06:11:29,507  INFO EventsManagerImpl:207     &gt; org.matsim.api.core.v01.events.PersonStuckEvent
2018-06-01 06:11:29,507  INFO EventsManagerImpl:156 
2018-06-01 06:11:29,507  INFO EventsManagerImpl:144 adding Event-Handler: org.matsim.analysis.LegHistogram
2018-06-01 06:11:29,507  INFO EventsManagerImpl:148   org.matsim.api.core.v01.events.handler.PersonDepartureEventHandler
2018-06-01 06:11:29,508  INFO EventsManagerImpl:207     &gt; org.matsim.api.core.v01.events.PersonDepartureEvent
2018-06-01 06:11:29,508  INFO EventsManagerImpl:148   org.matsim.api.core.v01.events.handler.PersonArrivalEventHandler
2018-06-01 06:11:29,508  INFO EventsManagerImpl:207     &gt; org.matsim.api.core.v01.events.PersonArrivalEvent
2018-06-01 06:11:29,508  INFO EventsManagerImpl:148   org.matsim.api.core.v01.events.handler.PersonStuckEventHandler
2018-06-01 06:11:29,509  INFO EventsManagerImpl:207     &gt; org.matsim.api.core.v01.events.PersonStuckEvent
2018-06-01 06:11:29,509  INFO EventsManagerImpl:156 
2018-06-01 06:11:29,509  INFO EventsManagerImpl:144 adding Event-Handler: org.matsim.analysis.CalcLegTimes
2018-06-01 06:11:29,510  INFO EventsManagerImpl:148   org.matsim.api.core.v01.events.handler.PersonDepartureEventHandler
2018-06-01 06:11:29,510  INFO EventsManagerImpl:207     &gt; org.matsim.api.core.v01.events.PersonDepartureEvent
2018-06-01 06:11:29,510  INFO EventsManagerImpl:148   org.matsim.api.core.v01.events.handler.PersonArrivalEventHandler
2018-06-01 06:11:29,510  INFO EventsManagerImpl:207     &gt; org.matsim.api.core.v01.events.PersonArrivalEvent
2018-06-01 06:11:29,510  INFO EventsManagerImpl:148   org.matsim.api.core.v01.events.handler.ActivityEndEventHandler
2018-06-01 06:11:29,511  INFO EventsManagerImpl:207     &gt; org.matsim.api.core.v01.events.ActivityEndEvent
2018-06-01 06:11:29,511  INFO EventsManagerImpl:148   org.matsim.api.core.v01.events.handler.ActivityStartEventHandler
2018-06-01 06:11:29,511  INFO EventsManagerImpl:207     &gt; org.matsim.api.core.v01.events.ActivityStartEvent
2018-06-01 06:11:29,512  INFO EventsManagerImpl:156 
2018-06-01 06:11:29,512  INFO EventsManagerImpl:144 adding Event-Handler: org.matsim.analysis.CalcLegTimes
2018-06-01 06:11:29,512  INFO EventsManagerImpl:148   org.matsim.api.core.v01.events.handler.PersonDepartureEventHandler
2018-06-01 06:11:29,512  INFO EventsManagerImpl:207     &gt; org.matsim.api.core.v01.events.PersonDepartureEvent
2018-06-01 06:11:29,513  INFO EventsManagerImpl:148   org.matsim.api.core.v01.events.handler.PersonArrivalEventHandler
2018-06-01 06:11:29,513  INFO EventsManagerImpl:207     &gt; org.matsim.api.core.v01.events.PersonArrivalEvent
2018-06-01 06:11:29,513  INFO EventsManagerImpl:148   org.matsim.api.core.v01.events.handler.ActivityEndEventHandler
2018-06-01 06:11:29,513  INFO EventsManagerImpl:207     &gt; org.matsim.api.core.v01.events.ActivityEndEvent
2018-06-01 06:11:29,514  INFO EventsManagerImpl:148   org.matsim.api.core.v01.events.handler.ActivityStartEventHandler
2018-06-01 06:11:29,514  INFO EventsManagerImpl:207     &gt; org.matsim.api.core.v01.events.ActivityStartEvent
2018-06-01 06:11:29,514  INFO EventsManagerImpl:156 
2018-06-01 06:11:29,515  INFO Gbl:57 JVM: 1.8.0_121; Oracle Corporation; mixed mode; 64-bit
2018-06-01 06:11:29,515  INFO Gbl:61 OS: Linux; 3.10.0-862.3.2.el7.x86_64; amd64
2018-06-01 06:11:29,516  INFO Gbl:64 CPU cores: 8
2018-06-01 06:11:29,516  INFO Gbl:65 max. Memory: 3527.5MB (3698851840B)
2018-06-01 06:11:29,516  INFO Gbl:103 MATSim-Build: r396c52044b6d43b42cc2ba27330fd2b00fae9433 (2017-11-22 12:45:01)
2018-06-01 06:11:29,517  INFO AbstractController:58 Used Controler-Class: org.matsim.core.controler.NewControler
2018-06-01 06:11:29,517  INFO Config:536 ConfigConsistencyChecker with runtime type=class org.matsim.core.config.consistency.ConfigConsistencyCheckerImpl was already added; not adding it a second time
2018-06-01 06:11:29,518  INFO EventsManagerImpl:144 adding Event-Handler: ch.ethz.idsc.amodeus.matsim.StandardMATSimScenarioTest$4$1
2018-06-01 06:11:29,518  INFO EventsManagerImpl:148   org.matsim.api.core.v01.events.handler.LinkEnterEventHandler
2018-06-01 06:11:29,518  INFO EventsManagerImpl:207     &gt; org.matsim.api.core.v01.events.LinkEnterEvent
2018-06-01 06:11:29,518  INFO EventsManagerImpl:156 
2018-06-01 06:11:29,518  INFO EventsManagerImpl:144 adding Event-Handler: ch.ethz.idsc.amodeus.matsim.StandardMATSimScenarioTest$4$1
2018-06-01 06:11:29,519  INFO EventsManagerImpl:148   org.matsim.api.core.v01.events.handler.LinkEnterEventHandler
2018-06-01 06:11:29,519  INFO EventsManagerImpl:207     &gt; org.matsim.api.core.v01.events.LinkEnterEvent
2018-06-01 06:11:29,519  INFO EventsManagerImpl:156 
2018-06-01 06:11:29,519  INFO EventsManagerImpl:144 adding Event-Handler: ch.ethz.matsim.av.scenario.TestScenarioAnalyzer
2018-06-01 06:11:29,519  INFO EventsManagerImpl:148   org.matsim.api.core.v01.events.handler.PersonDepartureEventHandler
2018-06-01 06:11:29,520  INFO EventsManagerImpl:207     &gt; org.matsim.api.core.v01.events.PersonDepartureEvent
2018-06-01 06:11:29,520  INFO EventsManagerImpl:148   org.matsim.api.core.v01.events.handler.PersonArrivalEventHandler
2018-06-01 06:11:29,520  INFO EventsManagerImpl:207     &gt; org.matsim.api.core.v01.events.PersonArrivalEvent
2018-06-01 06:11:29,520  INFO EventsManagerImpl:148   com.google.inject.Module
2018-06-01 06:11:29,520  INFO EventsManagerImpl:156 
2018-06-01 06:11:29,521  INFO EventsManagerImpl:144 adding Event-Handler: ch.ethz.matsim.av.scenario.TestScenarioAnalyzer
2018-06-01 06:11:29,521  INFO EventsManagerImpl:148   org.matsim.api.core.v01.events.handler.PersonDepartureEventHandler
2018-06-01 06:11:29,521  INFO EventsManagerImpl:207     &gt; org.matsim.api.core.v01.events.PersonDepartureEvent
2018-06-01 06:11:29,521  INFO EventsManagerImpl:148   org.matsim.api.core.v01.events.handler.PersonArrivalEventHandler
2018-06-01 06:11:29,521  INFO EventsManagerImpl:207     &gt; org.matsim.api.core.v01.events.PersonArrivalEvent
2018-06-01 06:11:29,522  INFO EventsManagerImpl:148   com.google.inject.Module
2018-06-01 06:11:29,522  INFO EventsManagerImpl:156 
2018-06-01 06:11:29,522  INFO Injector:83 org.matsim.core.events.handler.EventHandler @com.google.inject.multibindings.Element(setName=,uniqueId=469, type=MULTIBINDER, keyType=)
2018-06-01 06:11:29,522  INFO Injector:84   --&gt; provider: of(ch.ethz.idsc.amodeus.matsim.StandardMATSimScenarioTest$4$1@62b6c045)
2018-06-01 06:11:29,523  INFO Injector:85   --&gt; source: ch.ethz.idsc.amodeus.matsim.StandardMATSimScenarioTest$4.install(StandardMATSimScenarioTest.java:250)
2018-06-01 06:11:29,523  INFO Injector:87   --&gt; scope: eager singleton
2018-06-01 06:11:29,523  INFO Injector:91 
2018-06-01 06:11:29,523  INFO Injector:83 org.matsim.core.events.handler.EventHandler @com.google.inject.multibindings.Element(setName=,uniqueId=468, type=MULTIBINDER, keyType=)
2018-06-01 06:11:29,523  INFO Injector:84   --&gt; provider: of(ch.ethz.matsim.av.scenario.TestScenarioAnalyzer@33bb3f86)
2018-06-01 06:11:29,523  INFO Injector:85   --&gt; source: ch.ethz.matsim.av.scenario.TestScenarioAnalyzer.install(TestScenarioAnalyzer.java:31)
2018-06-01 06:11:29,524  INFO Injector:87   --&gt; scope: eager singleton
2018-06-01 06:11:29,524  INFO Injector:91 
2018-06-01 06:11:29,524  INFO Injector:83 org.matsim.api.core.v01.network.Network @com.google.inject.name.Named(value=dvrp_routing)
2018-06-01 06:11:29,524  INFO Injector:84   --&gt; provider: @Provides ch.ethz.idsc.amodeus.matsim.StandardMATSimScenarioTest$1.provideAVNetwork(StandardMATSimScenarioTest.java:181)[Scopes.SINGLETON]
2018-06-01 06:11:29,524  INFO Injector:85   --&gt; source: public org.matsim.api.core.v01.network.Network ch.ethz.idsc.amodeus.matsim.StandardMATSimScenarioTest$1.provideAVNetwork(org.matsim.api.core.v01.network.Network)
2018-06-01 06:11:29,524  INFO Injector:87   --&gt; scope: Scopes.SINGLETON
2018-06-01 06:11:29,525  INFO Injector:91 
2018-06-01 06:11:29,525  INFO Injector:83 org.matsim.core.router.RoutingModule @com.google.inject.name.Named(value=av)
2018-06-01 06:11:29,525  INFO Injector:84   --&gt; provider: FactoryProxy{key=Key[type=org.matsim.core.router.RoutingModule, annotation=@com.google.inject.name.Named(value=av)], provider=com.google.inject.internal.ConstructorBindingImpl$Factory@755b5f30[Scopes.SINGLETON]}
2018-06-01 06:11:29,525  INFO Injector:85   --&gt; source: ch.ethz.matsim.av.framework.AVModule.install(AVModule.java:72)
2018-06-01 06:11:29,525  INFO Injector:87   --&gt; scope: Scopes.NO_SCOPE
2018-06-01 06:11:29,525  INFO Injector:91 
2018-06-01 06:11:29,526  INFO Injector:83 org.matsim.core.scoring.ScoringFunctionFactory 
2018-06-01 06:11:29,526  INFO Injector:84   --&gt; provider: FactoryProxy{key=Key[type=org.matsim.core.scoring.ScoringFunctionFactory, annotation=[none]], provider=com.google.inject.internal.ConstructorBindingImpl$Factory@6842c101[Scopes.SINGLETON]}[Scopes.SINGLETON]
2018-06-01 06:11:29,526  INFO Injector:85   --&gt; source: ch.ethz.matsim.av.framework.AVModule.install(AVModule.java:73)
2018-06-01 06:11:29,526  INFO Injector:87   --&gt; scope: eager singleton
2018-06-01 06:11:29,526  INFO Injector:91 
2018-06-01 06:11:29,526  INFO Injector:83 org.matsim.core.controler.listener.ControlerListener @com.google.inject.multibindings.Element(setName=,uniqueId=446, type=MULTIBINDER, keyType=)
2018-06-01 06:11:29,527  INFO Injector:84   --&gt; provider: FactoryProxy{key=Key[type=org.matsim.core.controler.listener.ControlerListener, annotation=@com.google.inject.multibindings.Element(setName=,uniqueId=446, type=MULTIBINDER, keyType=)], provider=com.google.inject.internal.ConstructorBindingImpl$Factory@68e2d03e[Scopes.SINGLETON]}
2018-06-01 06:11:29,527  INFO Injector:85   --&gt; source: ch.ethz.matsim.av.framework.AVModule.install(AVModule.java:74)
2018-06-01 06:11:29,527  INFO Injector:87   --&gt; scope: Scopes.NO_SCOPE
2018-06-01 06:11:29,527  INFO Injector:91 
2018-06-01 06:11:29,527  INFO Injector:83 org.matsim.core.replanning.PlanStrategy @com.google.inject.name.Named(value=AVOperatorChoice)
2018-06-01 06:11:29,527  INFO Injector:84   --&gt; provider: FactoryProxy{key=Key[type=org.matsim.core.replanning.PlanStrategy, annotation=@com.google.inject.name.Named(value=AVOperatorChoice)], provider=com.google.inject.internal.ConstructorBindingImpl$Factory@571a663c[Scopes.SINGLETON]}
2018-06-01 06:11:29,528  INFO Injector:85   --&gt; source: ch.ethz.matsim.av.framework.AVModule.install(AVModule.java:77)
2018-06-01 06:11:29,528  INFO Injector:87   --&gt; scope: Scopes.NO_SCOPE
2018-06-01 06:11:29,528  INFO Injector:91 
2018-06-01 06:11:29,528  INFO Injector:83 org.matsim.core.router.util.TravelTime @com.google.inject.name.Named(value=av)
2018-06-01 06:11:29,528  INFO Injector:84   --&gt; provider: FactoryProxy{key=Key[type=org.matsim.core.router.util.TravelTime, annotation=@com.google.inject.name.Named(value=av)], provider=FactoryProxy{key=Key[type=org.matsim.core.router.util.TravelTime, annotation=@com.google.inject.name.Named(value=dvrp_estimated)], provider=FactoryProxy{key=Key[type=org.matsim.contrib.dvrp.trafficmonitoring.DvrpTravelTimeEstimator, annotation=[none]], provider=com.google.inject.internal.ConstructorBindingImpl$Factory@451e2fa9}[Scopes.SINGLETON]}}
2018-06-01 06:11:29,529  INFO Injector:85   --&gt; source: ch.ethz.matsim.av.framework.AVModule.install(AVModule.java:80)
2018-06-01 06:11:29,529  INFO Injector:87   --&gt; scope: Scopes.NO_SCOPE
2018-06-01 06:11:29,529  INFO Injector:91 
2018-06-01 06:11:29,529  INFO Injector:83 org.matsim.vehicles.VehicleType @com.google.inject.name.Named(value=av)
2018-06-01 06:11:29,529  INFO Injector:84   --&gt; provider: of(org.matsim.vehicles.VehicleTypeImpl@3c1e23ff)
2018-06-01 06:11:29,529  INFO Injector:85   --&gt; source: ch.ethz.matsim.av.framework.AVModule.install(AVModule.java:83)
2018-06-01 06:11:29,529  INFO Injector:87   --&gt; scope: eager singleton
2018-06-01 06:11:29,530  INFO Injector:91 
2018-06-01 06:11:29,530  INFO Injector:83 org.matsim.api.core.v01.network.Network @com.google.inject.name.Named(value=av)
2018-06-01 06:11:29,530  INFO Injector:84   --&gt; provider: FactoryProxy{key=Key[type=org.matsim.api.core.v01.network.Network, annotation=@com.google.inject.name.Named(value=av)], provider=@Provides ch.ethz.idsc.amodeus.matsim.StandardMATSimScenarioTest$1.provideAVNetwork(StandardMATSimScenarioTest.java:181)[Scopes.SINGLETON]}
2018-06-01 06:11:29,530  INFO Injector:85   --&gt; source: ch.ethz.matsim.av.framework.AVModule.install(AVModule.java:93)
2018-06-01 06:11:29,530  INFO Injector:87   --&gt; scope: Scopes.NO_SCOPE
2018-06-01 06:11:29,531  INFO Injector:91 
2018-06-01 06:11:29,531  INFO Injector:83 org.matsim.core.controler.listener.ControlerListener @com.google.inject.multibindings.Element(setName=,uniqueId=455, type=MULTIBINDER, keyType=)
2018-06-01 06:11:29,531  INFO Injector:84   --&gt; provider: FactoryProxy{key=Key[type=org.matsim.core.controler.listener.ControlerListener, annotation=@com.google.inject.multibindings.Element(setName=,uniqueId=455, type=MULTIBINDER, keyType=)], provider=@Provides ch.ethz.matsim.av.framework.AVModule.provideParallelLeastCostPathCalculatorShutdownListener(AVModule.java:66)[Scopes.SINGLETON]}
2018-06-01 06:11:29,531  INFO Injector:85   --&gt; source: ch.ethz.matsim.av.framework.AVModule.install(AVModule.java:96)
2018-06-01 06:11:29,531  INFO Injector:87   --&gt; scope: Scopes.NO_SCOPE
2018-06-01 06:11:29,531  INFO Injector:91 
2018-06-01 06:11:29,532  INFO Injector:83 org.matsim.core.population.routes.RouteFactories 
2018-06-01 06:11:29,532  INFO Injector:84   --&gt; provider: @Provides ch.ethz.matsim.av.framework.AVModule.provideRouteFactories(AVModule.java:139)
2018-06-01 06:11:29,532  INFO Injector:85   --&gt; source: org.matsim.core.population.routes.RouteFactories ch.ethz.matsim.av.framework.AVModule.provideRouteFactories(ch.ethz.matsim.av.routing.AVRouteFactory)
2018-06-01 06:11:29,532  INFO Injector:87   --&gt; scope: Scopes.NO_SCOPE
2018-06-01 06:11:29,532  INFO Injector:91 
2018-06-01 06:11:29,532  INFO Injector:83 org.matsim.core.router.util.LeastCostPathCalculator @com.google.inject.name.Named(value=av)
2018-06-01 06:11:29,533  INFO Injector:84   --&gt; provider: @Provides ch.ethz.matsim.av.framework.AVModule.provideLeastCostPathCalculator(AVModule.java:149)
2018-06-01 06:11:29,533  INFO Injector:85   --&gt; source: org.matsim.core.router.util.LeastCostPathCalculator ch.ethz.matsim.av.framework.AVModule.provideLeastCostPathCalculator(org.matsim.api.core.v01.network.Network,org.matsim.core.router.util.TravelTime)
2018-06-01 06:11:29,533  INFO Injector:87   --&gt; scope: Scopes.NO_SCOPE
2018-06-01 06:11:29,533  INFO Injector:91 
2018-06-01 06:11:29,533  INFO Injector:83 org.matsim.core.router.util.TravelTime @com.google.inject.name.Named(value=dvrp_initial)
2018-06-01 06:11:29,533  INFO Injector:84   --&gt; provider: of(org.matsim.core.trafficmonitoring.FreeSpeedTravelTime@58a3d521)
2018-06-01 06:11:29,534  INFO Injector:85   --&gt; source: org.matsim.contrib.dvrp.trafficmonitoring.DvrpTravelTimeModule.install(DvrpTravelTimeModule.java:40)
2018-06-01 06:11:29,534  INFO Injector:87   --&gt; scope: eager singleton
2018-06-01 06:11:29,534  INFO Injector:91 
2018-06-01 06:11:29,534  INFO Injector:83 org.matsim.contrib.dvrp.trafficmonitoring.DvrpTravelTimeEstimator 
2018-06-01 06:11:29,534  INFO Injector:84   --&gt; provider: FactoryProxy{key=Key[type=org.matsim.contrib.dvrp.trafficmonitoring.DvrpTravelTimeEstimator, annotation=[none]], provider=com.google.inject.internal.ConstructorBindingImpl$Factory@451e2fa9}[Scopes.SINGLETON]
2018-06-01 06:11:29,534  INFO Injector:85   --&gt; source: org.matsim.contrib.dvrp.trafficmonitoring.DvrpTravelTimeModule.install(DvrpTravelTimeModule.java:42)
2018-06-01 06:11:29,534  INFO Injector:87   --&gt; scope: eager singleton
2018-06-01 06:11:29,535  INFO Injector:91 
2018-06-01 06:11:29,535  INFO Injector:83 org.matsim.core.router.util.TravelTime @com.google.inject.name.Named(value=dvrp_estimated)
2018-06-01 06:11:29,535  INFO Injector:84   --&gt; provider: FactoryProxy{key=Key[type=org.matsim.core.router.util.TravelTime, annotation=@com.google.inject.name.Named(value=dvrp_estimated)], provider=FactoryProxy{key=Key[type=org.matsim.contrib.dvrp.trafficmonitoring.DvrpTravelTimeEstimator, annotation=[none]], provider=com.google.inject.internal.ConstructorBindingImpl$Factory@451e2fa9}[Scopes.SINGLETON]}
2018-06-01 06:11:29,535  INFO Injector:85   --&gt; source: org.matsim.contrib.dvrp.trafficmonitoring.DvrpTravelTimeModule.install(DvrpTravelTimeModule.java:43)
2018-06-01 06:11:29,535  INFO Injector:87   --&gt; scope: Scopes.NO_SCOPE
2018-06-01 06:11:29,535  INFO Injector:91 
2018-06-01 06:11:29,536  INFO Injector:83 org.matsim.core.mobsim.framework.listeners.MobsimListener @com.google.inject.multibindings.Element(setName=,uniqueId=445, type=MULTIBINDER, keyType=)
2018-06-01 06:11:29,536  INFO Injector:84   --&gt; provider: FactoryProxy{key=Key[type=org.matsim.core.mobsim.framework.listeners.MobsimListener, annotation=@com.google.inject.multibindings.Element(setName=,uniqueId=445, type=MULTIBINDER, keyType=)], provider=FactoryProxy{key=Key[type=org.matsim.contrib.dvrp.trafficmonitoring.DvrpTravelTimeEstimator, annotation=[none]], provider=com.google.inject.internal.ConstructorBindingImpl$Factory@451e2fa9}[Scopes.SINGLETON]}
2018-06-01 06:11:29,536  INFO Injector:85   --&gt; source: org.matsim.contrib.dvrp.trafficmonitoring.DvrpTravelTimeModule.install(DvrpTravelTimeModule.java:44)
2018-06-01 06:11:29,536  INFO Injector:87   --&gt; scope: Scopes.NO_SCOPE
2018-06-01 06:11:29,536  INFO Injector:91 
2018-06-01 06:11:29,536  INFO Injector:83 org.matsim.core.router.util.TravelTime @com.google.inject.name.Named(value=dvrp_observed)
2018-06-01 06:11:29,537  INFO Injector:84   --&gt; provider: @Provides org.matsim.contrib.dvrp.trafficmonitoring.DvrpTravelTimeModule.provideTravelTime(DvrpTravelTimeModule.java:51)[Scopes.SINGLETON]
2018-06-01 06:11:29,537  INFO Injector:85   --&gt; source: org.matsim.core.router.util.TravelTime org.matsim.contrib.dvrp.trafficmonitoring.DvrpTravelTimeModule.provideTravelTime(org.matsim.core.router.util.TravelTime)
2018-06-01 06:11:29,537  INFO Injector:87   --&gt; scope: Scopes.SINGLETON
2018-06-01 06:11:29,537  INFO Injector:91 
2018-06-01 06:11:29,537  INFO Injector:83 org.matsim.api.core.v01.Scenario 
2018-06-01 06:11:29,537  INFO Injector:84   --&gt; provider: of(org.matsim.core.scenario.MutableScenario@7781263c)
2018-06-01 06:11:29,538  INFO Injector:85   --&gt; source: org.matsim.core.scenario.ScenarioByInstanceModule.install(ScenarioByInstanceModule.java:31)
2018-06-01 06:11:29,538  INFO Injector:87   --&gt; scope: eager singleton
2018-06-01 06:11:29,538  INFO Injector:91 
2018-06-01 06:11:29,538  INFO Injector:83 org.matsim.vehicles.Vehicles 
2018-06-01 06:11:29,538  INFO Injector:84   --&gt; provider: @Provides org.matsim.core.scenario.ScenarioByInstanceModule.provideVehicles(ScenarioByInstanceModule.java:61)
2018-06-01 06:11:29,538  INFO Injector:85   --&gt; source: org.matsim.vehicles.Vehicles org.matsim.core.scenario.ScenarioByInstanceModule.provideVehicles(org.matsim.api.core.v01.Scenario)
2018-06-01 06:11:29,539  INFO Injector:87   --&gt; scope: Scopes.NO_SCOPE
2018-06-01 06:11:29,539  INFO Injector:91 
2018-06-01 06:11:29,539  INFO Injector:83 org.matsim.api.core.v01.population.Population 
2018-06-01 06:11:29,539  INFO Injector:84   --&gt; provider: @Provides org.matsim.core.scenario.ScenarioByInstanceModule.providePopulation(ScenarioByInstanceModule.java:43)
2018-06-01 06:11:29,539  INFO Injector:85   --&gt; source: org.matsim.api.core.v01.population.Population org.matsim.core.scenario.ScenarioByInstanceModule.providePopulation(org.matsim.api.core.v01.Scenario)
2018-06-01 06:11:29,539  INFO Injector:87   --&gt; scope: Scopes.NO_SCOPE
2018-06-01 06:11:29,540  INFO Injector:91 
2018-06-01 06:11:29,540  INFO Injector:83 org.matsim.api.core.v01.population.PopulationFactory 
2018-06-01 06:11:29,540  INFO Injector:84   --&gt; provider: @Provides org.matsim.core.scenario.ScenarioByInstanceModule.providePopulationFactory(ScenarioByInstanceModule.java:47)
2018-06-01 06:11:29,540  INFO Injector:85   --&gt; source: org.matsim.api.core.v01.population.PopulationFactory org.matsim.core.scenario.ScenarioByInstanceModule.providePopulationFactory(org.matsim.api.core.v01.population.Population)
2018-06-01 06:11:29,540  INFO Injector:87   --&gt; scope: Scopes.NO_SCOPE
2018-06-01 06:11:29,540  INFO Injector:91 
2018-06-01 06:11:29,541  INFO Injector:83 org.matsim.facilities.ActivityFacilities 
2018-06-01 06:11:29,541  INFO Injector:84   --&gt; provider: @Provides org.matsim.core.scenario.ScenarioByInstanceModule.provideActivityFacilities(ScenarioByInstanceModule.java:51)
2018-06-01 06:11:29,541  INFO Injector:85   --&gt; source: org.matsim.facilities.ActivityFacilities org.matsim.core.scenario.ScenarioByInstanceModule.provideActivityFacilities(org.matsim.api.core.v01.Scenario)
2018-06-01 06:11:29,541  INFO Injector:87   --&gt; scope: Scopes.NO_SCOPE
2018-06-01 06:11:29,541  INFO Injector:91 
2018-06-01 06:11:29,541  INFO Injector:83 org.matsim.households.Households 
2018-06-01 06:11:29,542  INFO Injector:84   --&gt; provider: @Provides org.matsim.core.scenario.ScenarioByInstanceModule.provideHouseholds(ScenarioByInstanceModule.java:56)
2018-06-01 06:11:29,542  INFO Injector:85   --&gt; source: org.matsim.households.Households org.matsim.core.scenario.ScenarioByInstanceModule.provideHouseholds(org.matsim.api.core.v01.Scenario)
2018-06-01 06:11:29,542  INFO Injector:87   --&gt; scope: Scopes.NO_SCOPE
2018-06-01 06:11:29,542  INFO Injector:91 
2018-06-01 06:11:29,542  INFO Injector:83 org.matsim.api.core.v01.network.Network 
2018-06-01 06:11:29,542  INFO Injector:84   --&gt; provider: @Provides org.matsim.core.scenario.ScenarioByInstanceModule.provideNetwork(ScenarioByInstanceModule.java:39)
2018-06-01 06:11:29,543  INFO Injector:85   --&gt; source: org.matsim.api.core.v01.network.Network org.matsim.core.scenario.ScenarioByInstanceModule.provideNetwork(org.matsim.api.core.v01.Scenario)
2018-06-01 06:11:29,543  INFO Injector:87   --&gt; scope: Scopes.NO_SCOPE
2018-06-01 06:11:29,543  INFO Injector:91 
2018-06-01 06:11:29,543  INFO Injector:83 org.matsim.lanes.data.Lanes 
2018-06-01 06:11:29,543  INFO Injector:84   --&gt; provider: @Provides org.matsim.core.scenario.ScenarioByInstanceModule.provideLanes(ScenarioByInstanceModule.java:66)
2018-06-01 06:11:29,543  INFO Injector:85   --&gt; source: org.matsim.lanes.data.Lanes org.matsim.core.scenario.ScenarioByInstanceModule.provideLanes(org.matsim.api.core.v01.Scenario)
2018-06-01 06:11:29,544  INFO Injector:87   --&gt; scope: Scopes.NO_SCOPE
2018-06-01 06:11:29,544  INFO Injector:91 
2018-06-01 06:11:29,544  INFO Injector:83 org.matsim.core.controler.ControlerI 
2018-06-01 06:11:29,544  INFO Injector:84   --&gt; provider: FactoryProxy{key=Key[type=org.matsim.core.controler.ControlerI, annotation=[none]], provider=com.google.inject.internal.ConstructorBindingImpl$Factory@3a40bb52}[Scopes.SINGLETON]
2018-06-01 06:11:29,544  INFO Injector:85   --&gt; source: org.matsim.core.controler.NewControlerModule.install(NewControlerModule.java:8)
2018-06-01 06:11:29,545  INFO Injector:87   --&gt; scope: eager singleton
2018-06-01 06:11:29,545  INFO Injector:91 
2018-06-01 06:11:29,545  INFO Injector:83 org.matsim.core.controler.ControlerListenerManager 
2018-06-01 06:11:29,545  INFO Injector:84   --&gt; provider: FactoryProxy{key=Key[type=org.matsim.core.controler.ControlerListenerManager, annotation=[none]], provider=com.google.inject.internal.ConstructorBindingImpl$Factory@6aea99e7[Scopes.SINGLETON]}
2018-06-01 06:11:29,545  INFO Injector:85   --&gt; source: org.matsim.core.controler.NewControlerModule.install(NewControlerModule.java:10)
2018-06-01 06:11:29,545  INFO Injector:87   --&gt; scope: Scopes.NO_SCOPE
2018-06-01 06:11:29,546  INFO Injector:91 
2018-06-01 06:11:29,546  INFO Injector:83 org.matsim.core.controler.PrepareForSim 
2018-06-01 06:11:29,546  INFO Injector:84   --&gt; provider: FactoryProxy{key=Key[type=org.matsim.core.controler.PrepareForSim, annotation=[none]], provider=com.google.inject.internal.ConstructorBindingImpl$Factory@42a0786f}
2018-06-01 06:11:29,546  INFO Injector:85   --&gt; source: org.matsim.core.controler.NewControlerModule.install(NewControlerModule.java:11)
2018-06-01 06:11:29,546  INFO Injector:87   --&gt; scope: Scopes.NO_SCOPE
2018-06-01 06:11:29,546  INFO Injector:91 
2018-06-01 06:11:29,547  INFO Injector:83 org.matsim.core.controler.TerminationCriterion 
2018-06-01 06:11:29,547  INFO Injector:84   --&gt; provider: FactoryProxy{key=Key[type=org.matsim.core.controler.TerminationCriterion, annotation=[none]], provider=com.google.inject.internal.ConstructorBindingImpl$Factory@40c8067}
2018-06-01 06:11:29,547  INFO Injector:85   --&gt; source: org.matsim.core.controler.NewControlerModule.install(NewControlerModule.java:14)
2018-06-01 06:11:29,547  INFO Injector:87   --&gt; scope: Scopes.NO_SCOPE
2018-06-01 06:11:29,547  INFO Injector:91 
2018-06-01 06:11:29,547  INFO Injector:83 org.matsim.core.controler.MatsimServices 
2018-06-01 06:11:29,548  INFO Injector:84   --&gt; provider: FactoryProxy{key=Key[type=org.matsim.core.controler.MatsimServices, annotation=[none]], provider=com.google.inject.internal.ConstructorBindingImpl$Factory@48499739}
2018-06-01 06:11:29,548  INFO Injector:85   --&gt; source: org.matsim.core.controler.NewControlerModule.install(NewControlerModule.java:15)
2018-06-01 06:11:29,548  INFO Injector:87   --&gt; scope: Scopes.NO_SCOPE
2018-06-01 06:11:29,548  INFO Injector:91 
2018-06-01 06:11:29,548  INFO Injector:83 org.matsim.core.controler.corelisteners.PlansScoring 
2018-06-01 06:11:29,548  INFO Injector:84   --&gt; provider: FactoryProxy{key=Key[type=org.matsim.core.controler.corelisteners.PlansScoring, annotation=[none]], provider=com.google.inject.internal.ConstructorBindingImpl$Factory@61d60e38[Scopes.SINGLETON]}
2018-06-01 06:11:29,549  INFO Injector:85   --&gt; source: org.matsim.core.scoring.PlansScoringModule.install(PlansScoringModule.java:11)
2018-06-01 06:11:29,549  INFO Injector:87   --&gt; scope: Scopes.NO_SCOPE
2018-06-01 06:11:29,549  INFO Injector:91 
2018-06-01 06:11:29,549  INFO Injector:83 org.matsim.core.controler.corelisteners.PlansReplanning 
2018-06-01 06:11:29,549  INFO Injector:84   --&gt; provider: FactoryProxy{key=Key[type=org.matsim.core.controler.corelisteners.PlansReplanning, annotation=[none]], provider=com.google.inject.internal.ConstructorBindingImpl$Factory@454bcbbf[Scopes.SINGLETON]}
2018-06-01 06:11:29,549  INFO Injector:85   --&gt; source: org.matsim.core.controler.corelisteners.ControlerDefaultCoreListenersModule.install(ControlerDefaultCoreListenersModule.java:38)
2018-06-01 06:11:29,549  INFO Injector:87   --&gt; scope: Scopes.NO_SCOPE
2018-06-01 06:11:29,550  INFO Injector:91 
2018-06-01 06:11:29,550  INFO Injector:83 org.matsim.core.controler.corelisteners.PlansDumping 
2018-06-01 06:11:29,550  INFO Injector:84   --&gt; provider: FactoryProxy{key=Key[type=org.matsim.core.controler.corelisteners.PlansDumping, annotation=[none]], provider=com.google.inject.internal.ConstructorBindingImpl$Factory@7ea42c82[Scopes.SINGLETON]}
2018-06-01 06:11:29,550  INFO Injector:85   --&gt; source: org.matsim.core.controler.corelisteners.ControlerDefaultCoreListenersModule.install(ControlerDefaultCoreListenersModule.java:39)
2018-06-01 06:11:29,550  INFO Injector:87   --&gt; scope: Scopes.NO_SCOPE
2018-06-01 06:11:29,550  INFO Injector:91 
2018-06-01 06:11:29,551  INFO Injector:83 org.matsim.core.controler.corelisteners.EventsHandling 
2018-06-01 06:11:29,551  INFO Injector:84   --&gt; provider: FactoryProxy{key=Key[type=org.matsim.core.controler.corelisteners.EventsHandling, annotation=[none]], provider=com.google.inject.internal.ConstructorBindingImpl$Factory@76a362a4[Scopes.SINGLETON]}
2018-06-01 06:11:29,551  INFO Injector:85   --&gt; source: org.matsim.core.controler.corelisteners.ControlerDefaultCoreListenersModule.install(ControlerDefaultCoreListenersModule.java:40)
2018-06-01 06:11:29,551  INFO Injector:87   --&gt; scope: Scopes.NO_SCOPE
2018-06-01 06:11:29,551  INFO Injector:91 
2018-06-01 06:11:29,551  INFO Injector:83 org.matsim.core.controler.corelisteners.DumpDataAtEnd 
2018-06-01 06:11:29,552  INFO Injector:84   --&gt; provider: FactoryProxy{key=Key[type=org.matsim.core.controler.corelisteners.DumpDataAtEnd, annotation=[none]], provider=com.google.inject.internal.ConstructorBindingImpl$Factory@79ca7bea[Scopes.SINGLETON]}
2018-06-01 06:11:29,552  INFO Injector:85   --&gt; source: org.matsim.core.controler.corelisteners.ControlerDefaultCoreListenersModule.install(ControlerDefaultCoreListenersModule.java:41)
2018-06-01 06:11:29,552  INFO Injector:87   --&gt; scope: Scopes.NO_SCOPE
2018-06-01 06:11:29,552  INFO Injector:91 
2018-06-01 06:11:29,552  INFO Injector:83 org.matsim.core.api.experimental.events.EventsManager 
2018-06-01 06:11:29,552  INFO Injector:84   --&gt; provider: FactoryProxy{key=Key[type=org.matsim.core.api.experimental.events.EventsManager, annotation=[none]], provider=com.google.inject.internal.ConstructorBindingImpl$Factory@70c29356}[Scopes.SINGLETON]
2018-06-01 06:11:29,553  INFO Injector:85   --&gt; source: org.matsim.core.events.EventsManagerModule.install(EventsManagerModule.java:23)
2018-06-01 06:11:29,553  INFO Injector:87   --&gt; scope: eager singleton
2018-06-01 06:11:29,553  INFO Injector:91 
2018-06-01 06:11:29,553  INFO Injector:83 org.matsim.core.mobsim.framework.Mobsim 
2018-06-01 06:11:29,553  INFO Injector:84   --&gt; provider: Key[type=org.matsim.core.mobsim.qsim.QSimProvider, annotation=[none]]
2018-06-01 06:11:29,554  INFO Injector:85   --&gt; source: org.matsim.core.mobsim.qsim.QSimModule.configure(QSimModule.java:28)
2018-06-01 06:11:29,554  INFO Injector:87   --&gt; scope: Scopes.NO_SCOPE
2018-06-01 06:11:29,554  INFO Injector:91 
2018-06-01 06:11:29,554  INFO Injector:83 org.matsim.core.mobsim.qsim.qnetsimengine.QNetworkFactory 
2018-06-01 06:11:29,554  INFO Injector:84   --&gt; provider: FactoryProxy{key=Key[type=org.matsim.core.mobsim.qsim.qnetsimengine.QNetworkFactory, annotation=[none]], provider=com.google.inject.internal.ConstructorBindingImpl$Factory@6b063470}
2018-06-01 06:11:29,554  INFO Injector:85   --&gt; source: org.matsim.core.mobsim.qsim.QSimModule.configure(QSimModule.java:32)
2018-06-01 06:11:29,554  INFO Injector:87   --&gt; scope: Scopes.NO_SCOPE
2018-06-01 06:11:29,555  INFO Injector:91 
2018-06-01 06:11:29,555  INFO Injector:83 org.matsim.core.router.util.TravelTime @com.google.inject.name.Named(value=car)
2018-06-01 06:11:29,555  INFO Injector:84   --&gt; provider: Key[type=org.matsim.core.trafficmonitoring.ObservedLinkTravelTimes, annotation=[none]]
2018-06-01 06:11:29,555  INFO Injector:85   --&gt; source: org.matsim.core.trafficmonitoring.TravelTimeCalculatorModule.install(TravelTimeCalculatorModule.java:81)
2018-06-01 06:11:29,555  INFO Injector:87   --&gt; scope: Scopes.NO_SCOPE
2018-06-01 06:11:29,555  INFO Injector:91 
2018-06-01 06:11:29,556  INFO Injector:83 org.matsim.core.router.costcalculators.TravelDisutilityFactory @com.google.inject.name.Named(value=car)
2018-06-01 06:11:29,556  INFO Injector:84   --&gt; provider: of(org.matsim.core.router.costcalculators.RandomizingTimeDistanceTravelDisutilityFactory@2ce524d2)
2018-06-01 06:11:29,556  INFO Injector:85   --&gt; source: org.matsim.core.router.costcalculators.TravelDisutilityModule.install(TravelDisutilityModule.java:34)
2018-06-01 06:11:29,556  INFO Injector:87   --&gt; scope: eager singleton
2018-06-01 06:11:29,557  INFO Injector:91 
2018-06-01 06:11:29,557  INFO Injector:83 org.matsim.core.scoring.functions.ScoringParametersForPerson 
2018-06-01 06:11:29,557  INFO Injector:84   --&gt; provider: FactoryProxy{key=Key[type=org.matsim.core.scoring.functions.ScoringParametersForPerson, annotation=[none]], provider=com.google.inject.internal.ConstructorBindingImpl$Factory@47187f50}
2018-06-01 06:11:29,557  INFO Injector:85   --&gt; source: org.matsim.core.scoring.functions.CharyparNagelScoringFunctionModule.install(CharyparNagelScoringFunctionModule.java:33)
2018-06-01 06:11:29,557  INFO Injector:87   --&gt; scope: Scopes.NO_SCOPE
2018-06-01 06:11:29,557  INFO Injector:91 
2018-06-01 06:11:29,557  INFO Injector:83 org.matsim.core.scoring.ExperiencedPlansService 
2018-06-01 06:11:29,558  INFO Injector:84   --&gt; provider: FactoryProxy{key=Key[type=org.matsim.core.scoring.ExperiencedPlansService, annotation=[none]], provider=com.google.inject.internal.ConstructorBindingImpl$Factory@26b3c9a2}[Scopes.SINGLETON]
2018-06-01 06:11:29,558  INFO Injector:85   --&gt; source: org.matsim.core.scoring.ExperiencedPlansModule.install(ExperiencedPlansModule.java:10)
2018-06-01 06:11:29,558  INFO Injector:87   --&gt; scope: eager singleton
2018-06-01 06:11:29,558  INFO Injector:91 
2018-06-01 06:11:29,558  INFO Injector:83 org.matsim.core.router.MainModeIdentifier 
2018-06-01 06:11:29,559  INFO Injector:84   --&gt; provider: FactoryProxy{key=Key[type=org.matsim.core.router.MainModeIdentifier, annotation=[none]], provider=com.google.inject.internal.ConstructorBindingImpl$Factory@79195c22}
2018-06-01 06:11:29,559  INFO Injector:85   --&gt; source: org.matsim.core.router.TripRouterModule.install(TripRouterModule.java:44)
2018-06-01 06:11:29,559  INFO Injector:87   --&gt; scope: Scopes.NO_SCOPE
2018-06-01 06:11:29,559  INFO Injector:91 
2018-06-01 06:11:29,559  INFO Injector:83 org.matsim.core.router.util.LeastCostPathCalculatorFactory 
2018-06-01 06:11:29,559  INFO Injector:84   --&gt; provider: FactoryProxy{key=Key[type=org.matsim.core.router.util.LeastCostPathCalculatorFactory, annotation=[none]], provider=com.google.inject.internal.ConstructorBindingImpl$Factory@4b4969ea[Scopes.SINGLETON]}
2018-06-01 06:11:29,560  INFO Injector:85   --&gt; source: org.matsim.core.router.LeastCostPathCalculatorModule.install(LeastCostPathCalculatorModule.java:40)
2018-06-01 06:11:29,560  INFO Injector:87   --&gt; scope: Scopes.NO_SCOPE
2018-06-01 06:11:29,560  INFO Injector:91 
2018-06-01 06:11:29,560  INFO Injector:83 org.matsim.core.router.RoutingModule @com.google.inject.name.Named(value=ride)
2018-06-01 06:11:29,560  INFO Injector:84   --&gt; provider: org.matsim.core.router.FreespeedFactorRouting@411fa0ce
2018-06-01 06:11:29,561  INFO Injector:85   --&gt; source: org.matsim.core.router.TripRouterModule.install(TripRouterModule.java:55)
2018-06-01 06:11:29,561  INFO Injector:87   --&gt; scope: Scopes.NO_SCOPE
2018-06-01 06:11:29,561  INFO Injector:91 
2018-06-01 06:11:29,561  INFO Injector:83 org.matsim.core.router.RoutingModule @com.google.inject.name.Named(value=pt)
2018-06-01 06:11:29,561  INFO Injector:84   --&gt; provider: org.matsim.core.router.FreespeedFactorRouting@251d7fdd
2018-06-01 06:11:29,561  INFO Injector:85   --&gt; source: org.matsim.core.router.TripRouterModule.install(TripRouterModule.java:55)
2018-06-01 06:11:29,562  INFO Injector:87   --&gt; scope: Scopes.NO_SCOPE
2018-06-01 06:11:29,562  INFO Injector:91 
2018-06-01 06:11:29,562  INFO Injector:83 org.matsim.core.router.RoutingModule @com.google.inject.name.Named(value=bike)
2018-06-01 06:11:29,562  INFO Injector:84   --&gt; provider: org.matsim.core.router.BeelineTeleportationRouting@78e68401
2018-06-01 06:11:29,562  INFO Injector:85   --&gt; source: org.matsim.core.router.TripRouterModule.install(TripRouterModule.java:58)
2018-06-01 06:11:29,562  INFO Injector:87   --&gt; scope: Scopes.NO_SCOPE
2018-06-01 06:11:29,562  INFO Injector:91 
2018-06-01 06:11:29,563  INFO Injector:83 org.matsim.core.router.RoutingModule @com.google.inject.name.Named(value=walk)
2018-06-01 06:11:29,563  INFO Injector:84   --&gt; provider: org.matsim.core.router.BeelineTeleportationRouting@391515c7
2018-06-01 06:11:29,563  INFO Injector:85   --&gt; source: org.matsim.core.router.TripRouterModule.install(TripRouterModule.java:58)
2018-06-01 06:11:29,563  INFO Injector:87   --&gt; scope: Scopes.NO_SCOPE
2018-06-01 06:11:29,563  INFO Injector:91 
2018-06-01 06:11:29,563  INFO Injector:83 org.matsim.core.router.RoutingModule @com.google.inject.name.Named(value=access_walk)
2018-06-01 06:11:29,564  INFO Injector:84   --&gt; provider: org.matsim.core.router.BeelineTeleportationRouting@5b0dbfb
2018-06-01 06:11:29,564  INFO Injector:85   --&gt; source: org.matsim.core.router.TripRouterModule.install(TripRouterModule.java:58)
2018-06-01 06:11:29,564  INFO Injector:87   --&gt; scope: Scopes.NO_SCOPE
2018-06-01 06:11:29,564  INFO Injector:91 
2018-06-01 06:11:29,564  INFO Injector:83 org.matsim.core.router.RoutingModule @com.google.inject.name.Named(value=egress_walk)
2018-06-01 06:11:29,564  INFO Injector:84   --&gt; provider: org.matsim.core.router.BeelineTeleportationRouting@4b9dbf07
2018-06-01 06:11:29,564  INFO Injector:85   --&gt; source: org.matsim.core.router.TripRouterModule.install(TripRouterModule.java:58)
2018-06-01 06:11:29,565  INFO Injector:87   --&gt; scope: Scopes.NO_SCOPE
2018-06-01 06:11:29,565  INFO Injector:91 
2018-06-01 06:11:29,565  INFO Injector:83 org.matsim.core.router.RoutingModule @com.google.inject.name.Named(value=undefined)
2018-06-01 06:11:29,565  INFO Injector:84   --&gt; provider: org.matsim.core.router.BeelineTeleportationRouting@797fcf9
2018-06-01 06:11:29,565  INFO Injector:85   --&gt; source: org.matsim.core.router.TripRouterModule.install(TripRouterModule.java:58)
2018-06-01 06:11:29,565  INFO Injector:87   --&gt; scope: Scopes.NO_SCOPE
2018-06-01 06:11:29,566  INFO Injector:91 
2018-06-01 06:11:29,566  INFO Injector:83 org.matsim.core.router.RoutingModule @com.google.inject.name.Named(value=car)
2018-06-01 06:11:29,566  INFO Injector:84   --&gt; provider: org.matsim.core.router.NetworkRouting@16bd7ae1
2018-06-01 06:11:29,566  INFO Injector:85   --&gt; source: org.matsim.core.router.TripRouterModule.install(TripRouterModule.java:66)
2018-06-01 06:11:29,566  INFO Injector:87   --&gt; scope: Scopes.NO_SCOPE
2018-06-01 06:11:29,566  INFO Injector:91 
2018-06-01 06:11:29,567  INFO Injector:83 org.matsim.core.replanning.selectors.PlanSelector&lt;org.matsim.api.core.v01.population.Plan, org.matsim.api.core.v01.population.Person&gt; 
2018-06-01 06:11:29,567  INFO Injector:84   --&gt; provider: FactoryProxy{key=Key[type=org.matsim.core.replanning.selectors.PlanSelector&lt;org.matsim.api.core.v01.population.Plan, org.matsim.api.core.v01.population.Person&gt;, annotation=[none]], provider=com.google.inject.internal.ConstructorBindingImpl$Factory@27e44e9c}
2018-06-01 06:11:29,567  INFO Injector:85   --&gt; source: org.matsim.core.replanning.strategies.DefaultPlanStrategiesModule.install(DefaultPlanStrategiesModule.java:49)
2018-06-01 06:11:29,567  INFO Injector:87   --&gt; scope: Scopes.NO_SCOPE
2018-06-01 06:11:29,567  INFO Injector:91 
2018-06-01 06:11:29,567  INFO Injector:83 org.matsim.core.replanning.ReplanningContext 
2018-06-01 06:11:29,568  INFO Injector:84   --&gt; provider: FactoryProxy{key=Key[type=org.matsim.core.replanning.ReplanningContext, annotation=[none]], provider=com.google.inject.internal.ConstructorBindingImpl$Factory@18a98913[Scopes.SINGLETON]}[Scopes.SINGLETON]
2018-06-01 06:11:29,568  INFO Injector:85   --&gt; source: org.matsim.core.replanning.StrategyManagerModule.install(StrategyManagerModule.java:48)
2018-06-01 06:11:29,568  INFO Injector:87   --&gt; scope: eager singleton
2018-06-01 06:11:29,568  INFO Injector:91 
2018-06-01 06:11:29,568  INFO Injector:83 org.matsim.core.controler.listener.ControlerListener @com.google.inject.multibindings.Element(setName=,uniqueId=436, type=MULTIBINDER, keyType=)
2018-06-01 06:11:29,568  INFO Injector:84   --&gt; provider: FactoryProxy{key=Key[type=org.matsim.core.controler.listener.ControlerListener, annotation=@com.google.inject.multibindings.Element(setName=,uniqueId=436, type=MULTIBINDER, keyType=)], provider=com.google.inject.internal.ConstructorBindingImpl$Factory@25a5c8e[Scopes.SINGLETON]}
2018-06-01 06:11:29,569  INFO Injector:85   --&gt; source: org.matsim.analysis.LinkStatsModule.install(LinkStatsModule.java:47)
2018-06-01 06:11:29,569  INFO Injector:87   --&gt; scope: Scopes.NO_SCOPE
2018-06-01 06:11:29,569  INFO Injector:91 
2018-06-01 06:11:29,569  INFO Injector:83 org.matsim.core.controler.listener.ControlerListener @com.google.inject.multibindings.Element(setName=,uniqueId=437, type=MULTIBINDER, keyType=)
2018-06-01 06:11:29,569  INFO Injector:84   --&gt; provider: FactoryProxy{key=Key[type=org.matsim.core.controler.listener.ControlerListener, annotation=@com.google.inject.multibindings.Element(setName=,uniqueId=437, type=MULTIBINDER, keyType=)], provider=com.google.inject.internal.ConstructorBindingImpl$Factory@5329f6b3}
2018-06-01 06:11:29,569  INFO Injector:85   --&gt; source: org.matsim.analysis.LegHistogramModule.install(LegHistogramModule.java:31)
2018-06-01 06:11:29,570  INFO Injector:87   --&gt; scope: Scopes.NO_SCOPE
2018-06-01 06:11:29,570  INFO Injector:91 
2018-06-01 06:11:29,570  INFO Injector:83 org.matsim.core.controler.listener.ControlerListener @com.google.inject.multibindings.Element(setName=,uniqueId=438, type=MULTIBINDER, keyType=)
2018-06-01 06:11:29,570  INFO Injector:84   --&gt; provider: FactoryProxy{key=Key[type=org.matsim.core.controler.listener.ControlerListener, annotation=@com.google.inject.multibindings.Element(setName=,uniqueId=438, type=MULTIBINDER, keyType=)], provider=com.google.inject.internal.ConstructorBindingImpl$Factory@66713605}
2018-06-01 06:11:29,570  INFO Injector:85   --&gt; source: org.matsim.analysis.LegTimesModule.install(LegTimesModule.java:32)
2018-06-01 06:11:29,570  INFO Injector:87   --&gt; scope: Scopes.NO_SCOPE
2018-06-01 06:11:29,570  INFO Injector:91 
2018-06-01 06:11:29,571  INFO Injector:83 org.matsim.core.controler.listener.ControlerListener @com.google.inject.multibindings.Element(setName=,uniqueId=439, type=MULTIBINDER, keyType=)
2018-06-01 06:11:29,571  INFO Injector:84   --&gt; provider: FactoryProxy{key=Key[type=org.matsim.core.controler.listener.ControlerListener, annotation=@com.google.inject.multibindings.Element(setName=,uniqueId=439, type=MULTIBINDER, keyType=)], provider=com.google.inject.internal.ConstructorBindingImpl$Factory@6321a5aa}
2018-06-01 06:11:29,571  INFO Injector:85   --&gt; source: org.matsim.analysis.TravelDistanceStatsModule.install(TravelDistanceStatsModule.java:11)
2018-06-01 06:11:29,571  INFO Injector:87   --&gt; scope: Scopes.NO_SCOPE
2018-06-01 06:11:29,571  INFO Injector:91 
2018-06-01 06:11:29,571  INFO Injector:83 org.matsim.core.controler.listener.ControlerListener @com.google.inject.multibindings.Element(setName=,uniqueId=440, type=MULTIBINDER, keyType=)
2018-06-01 06:11:29,572  INFO Injector:84   --&gt; provider: FactoryProxy{key=Key[type=org.matsim.core.controler.listener.ControlerListener, annotation=@com.google.inject.multibindings.Element(setName=,uniqueId=440, type=MULTIBINDER, keyType=)], provider=com.google.inject.internal.ConstructorBindingImpl$Factory@57ce2898[Scopes.SINGLETON]}
2018-06-01 06:11:29,572  INFO Injector:85   --&gt; source: org.matsim.analysis.ScoreStatsModule.install(ScoreStatsModule.java:32)
2018-06-01 06:11:29,572  INFO Injector:87   --&gt; scope: Scopes.NO_SCOPE
2018-06-01 06:11:29,572  INFO Injector:91 
2018-06-01 06:11:29,572  INFO Injector:83 org.matsim.analysis.ScoreStats 
2018-06-01 06:11:29,573  INFO Injector:84   --&gt; provider: FactoryProxy{key=Key[type=org.matsim.analysis.ScoreStats, annotation=[none]], provider=com.google.inject.internal.ConstructorBindingImpl$Factory@57ce2898[Scopes.SINGLETON]}
2018-06-01 06:11:29,573  INFO Injector:85   --&gt; source: org.matsim.analysis.ScoreStatsModule.install(ScoreStatsModule.java:33)
2018-06-01 06:11:29,573  INFO Injector:87   --&gt; scope: Scopes.NO_SCOPE
2018-06-01 06:11:29,573  INFO Injector:91 
2018-06-01 06:11:29,573  INFO Injector:83 org.matsim.core.controler.listener.ControlerListener @com.google.inject.multibindings.Element(setName=,uniqueId=441, type=MULTIBINDER, keyType=)
2018-06-01 06:11:29,573  INFO Injector:84   --&gt; provider: FactoryProxy{key=Key[type=org.matsim.core.controler.listener.ControlerListener, annotation=@com.google.inject.multibindings.Element(setName=,uniqueId=441, type=MULTIBINDER, keyType=)], provider=com.google.inject.internal.ConstructorBindingImpl$Factory@743d0d44[Scopes.SINGLETON]}
2018-06-01 06:11:29,573  INFO Injector:85   --&gt; source: org.matsim.analysis.ModeStatsModule.install(ModeStatsModule.java:32)
2018-06-01 06:11:29,574  INFO Injector:87   --&gt; scope: Scopes.NO_SCOPE
2018-06-01 06:11:29,574  INFO Injector:91 
2018-06-01 06:11:29,574  INFO Injector:83 org.matsim.core.controler.listener.ControlerListener @com.google.inject.multibindings.Element(setName=,uniqueId=442, type=MULTIBINDER, keyType=)
2018-06-01 06:11:29,574  INFO Injector:84   --&gt; provider: FactoryProxy{key=Key[type=org.matsim.core.controler.listener.ControlerListener, annotation=@com.google.inject.multibindings.Element(setName=,uniqueId=442, type=MULTIBINDER, keyType=)], provider=com.google.inject.internal.ConstructorBindingImpl$Factory@47058864}
2018-06-01 06:11:29,574  INFO Injector:85   --&gt; source: org.matsim.counts.CountsModule.install(CountsModule.java:42)
2018-06-01 06:11:29,574  INFO Injector:87   --&gt; scope: Scopes.NO_SCOPE
2018-06-01 06:11:29,575  INFO Injector:91 
2018-06-01 06:11:29,575  INFO Injector:83 org.matsim.counts.Counts&lt;org.matsim.api.core.v01.network.Link&gt; 
2018-06-01 06:11:29,575  INFO Injector:84   --&gt; provider: @Provides org.matsim.counts.CountsModule.provideLinkCounts(CountsModule.java:63)[Scopes.SINGLETON]
2018-06-01 06:11:29,575  INFO Injector:85   --&gt; source: org.matsim.counts.Counts org.matsim.counts.CountsModule.provideLinkCounts(org.matsim.api.core.v01.Scenario,org.matsim.core.config.groups.CountsConfigGroup)
2018-06-01 06:11:29,575  INFO Injector:87   --&gt; scope: Scopes.SINGLETON
2018-06-01 06:11:29,575  INFO Injector:91 
2018-06-01 06:11:29,576  INFO Injector:83 org.matsim.core.controler.listener.ControlerListener @com.google.inject.multibindings.Element(setName=,uniqueId=443, type=MULTIBINDER, keyType=)
2018-06-01 06:11:29,576  INFO Injector:84   --&gt; provider: FactoryProxy{key=Key[type=org.matsim.core.controler.listener.ControlerListener, annotation=@com.google.inject.multibindings.Element(setName=,uniqueId=443, type=MULTIBINDER, keyType=)], provider=com.google.inject.internal.ConstructorBindingImpl$Factory@4b3a01d8}
2018-06-01 06:11:29,576  INFO Injector:85   --&gt; source: org.matsim.core.population.VspPlansCleanerModule.install(VspPlansCleanerModule.java:34)
2018-06-01 06:11:29,576  INFO Injector:87   --&gt; scope: Scopes.NO_SCOPE
2018-06-01 06:11:29,577  INFO Injector:91 
2018-06-01 06:11:29,577  INFO Injector:83 org.matsim.core.mobsim.framework.listeners.MobsimListener @com.google.inject.multibindings.Element(setName=,uniqueId=444, type=MULTIBINDER, keyType=)
2018-06-01 06:11:29,577  INFO Injector:84   --&gt; provider: Key[type=org.matsim.vis.snapshotwriters.SnapshotWritersModule$SnapshotWriterManagerProvider, annotation=[none]]
2018-06-01 06:11:29,577  INFO Injector:85   --&gt; source: org.matsim.vis.snapshotwriters.SnapshotWritersModule.install(SnapshotWritersModule.java:45)
2018-06-01 06:11:29,577  INFO Injector:87   --&gt; scope: Scopes.NO_SCOPE
2018-06-01 06:11:29,578  INFO Injector:91 
2018-06-01 06:11:29,578  INFO Injector:83 org.matsim.core.router.RoutingModule @com.google.inject.multibindings.Element(setName=,uniqueId=470, type=MAPBINDER, keyType=java.lang.String)
2018-06-01 06:11:29,578  INFO Injector:84   --&gt; provider: FactoryProxy{key=Key[type=org.matsim.core.router.RoutingModule, annotation=@com.google.inject.multibindings.Element(setName=,uniqueId=470, type=MAPBINDER, keyType=java.lang.String)], provider=org.matsim.core.router.BeelineTeleportationRouting@4b9dbf07}
2018-06-01 06:11:29,578  INFO Injector:85   --&gt; source: org.matsim.core.controler.Injector$3.configure(Injector.java:123)
2018-06-01 06:11:29,578  INFO Injector:87   --&gt; scope: Scopes.NO_SCOPE
2018-06-01 06:11:29,578  INFO Injector:91 
2018-06-01 06:11:29,579  INFO Injector:83 org.matsim.core.router.RoutingModule @com.google.inject.multibindings.Element(setName=,uniqueId=472, type=MAPBINDER, keyType=java.lang.String)
2018-06-01 06:11:29,579  INFO Injector:84   --&gt; provider: FactoryProxy{key=Key[type=org.matsim.core.router.RoutingModule, annotation=@com.google.inject.multibindings.Element(setName=,uniqueId=472, type=MAPBINDER, keyType=java.lang.String)], provider=org.matsim.core.router.FreespeedFactorRouting@251d7fdd}
2018-06-01 06:11:29,579  INFO Injector:85   --&gt; source: org.matsim.core.controler.Injector$3.configure(Injector.java:123)
2018-06-01 06:11:29,579  INFO Injector:87   --&gt; scope: Scopes.NO_SCOPE
2018-06-01 06:11:29,579  INFO Injector:91 
2018-06-01 06:11:29,579  INFO Injector:83 org.matsim.core.router.RoutingModule @com.google.inject.multibindings.Element(setName=,uniqueId=474, type=MAPBINDER, keyType=java.lang.String)
2018-06-01 06:11:29,580  INFO Injector:84   --&gt; provider: FactoryProxy{key=Key[type=org.matsim.core.router.RoutingModule, annotation=@com.google.inject.multibindings.Element(setName=,uniqueId=474, type=MAPBINDER, keyType=java.lang.String)], provider=FactoryProxy{key=Key[type=org.matsim.core.router.RoutingModule, annotation=@com.google.inject.name.Named(value=av)], provider=com.google.inject.internal.ConstructorBindingImpl$Factory@755b5f30[Scopes.SINGLETON]}}
2018-06-01 06:11:29,580  INFO Injector:85   --&gt; source: org.matsim.core.controler.Injector$3.configure(Injector.java:123)
2018-06-01 06:11:29,580  INFO Injector:87   --&gt; scope: Scopes.NO_SCOPE
2018-06-01 06:11:29,580  INFO Injector:91 
2018-06-01 06:11:29,580  INFO Injector:83 org.matsim.core.router.RoutingModule @com.google.inject.multibindings.Element(setName=,uniqueId=476, type=MAPBINDER, keyType=java.lang.String)
2018-06-01 06:11:29,581  INFO Injector:84   --&gt; provider: FactoryProxy{key=Key[type=org.matsim.core.router.RoutingModule, annotation=@com.google.inject.multibindings.Element(setName=,uniqueId=476, type=MAPBINDER, keyType=java.lang.String)], provider=org.matsim.core.router.NetworkRouting@16bd7ae1}
2018-06-01 06:11:29,581  INFO Injector:85   --&gt; source: org.matsim.core.controler.Injector$3.configure(Injector.java:123)
2018-06-01 06:11:29,581  INFO Injector:87   --&gt; scope: Scopes.NO_SCOPE
2018-06-01 06:11:29,581  INFO Injector:91 
2018-06-01 06:11:29,581  INFO Injector:83 org.matsim.core.router.RoutingModule @com.google.inject.multibindings.Element(setName=,uniqueId=478, type=MAPBINDER, keyType=java.lang.String)
2018-06-01 06:11:29,581  INFO Injector:84   --&gt; provider: FactoryProxy{key=Key[type=org.matsim.core.router.RoutingModule, annotation=@com.google.inject.multibindings.Element(setName=,uniqueId=478, type=MAPBINDER, keyType=java.lang.String)], provider=org.matsim.core.router.BeelineTeleportationRouting@5b0dbfb}
2018-06-01 06:11:29,581  INFO Injector:85   --&gt; source: org.matsim.core.controler.Injector$3.configure(Injector.java:123)
2018-06-01 06:11:29,582  INFO Injector:87   --&gt; scope: Scopes.NO_SCOPE
2018-06-01 06:11:29,582  INFO Injector:91 
2018-06-01 06:11:29,582  INFO Injector:83 org.matsim.core.router.RoutingModule @com.google.inject.multibindings.Element(setName=,uniqueId=480, type=MAPBINDER, keyType=java.lang.String)
2018-06-01 06:11:29,582  INFO Injector:84   --&gt; provider: FactoryProxy{key=Key[type=org.matsim.core.router.RoutingModule, annotation=@com.google.inject.multibindings.Element(setName=,uniqueId=480, type=MAPBINDER, keyType=java.lang.String)], provider=org.matsim.core.router.FreespeedFactorRouting@411fa0ce}
2018-06-01 06:11:29,582  INFO Injector:85   --&gt; source: org.matsim.core.controler.Injector$3.configure(Injector.java:123)
2018-06-01 06:11:29,582  INFO Injector:87   --&gt; scope: Scopes.NO_SCOPE
2018-06-01 06:11:29,583  INFO Injector:91 
2018-06-01 06:11:29,583  INFO Injector:83 org.matsim.core.router.RoutingModule @com.google.inject.multibindings.Element(setName=,uniqueId=482, type=MAPBINDER, keyType=java.lang.String)
2018-06-01 06:11:29,583  INFO Injector:84   --&gt; provider: FactoryProxy{key=Key[type=org.matsim.core.router.RoutingModule, annotation=@com.google.inject.multibindings.Element(setName=,uniqueId=482, type=MAPBINDER, keyType=java.lang.String)], provider=org.matsim.core.router.BeelineTeleportationRouting@391515c7}
2018-06-01 06:11:29,583  INFO Injector:85   --&gt; source: org.matsim.core.controler.Injector$3.configure(Injector.java:123)
2018-06-01 06:11:29,583  INFO Injector:87   --&gt; scope: Scopes.NO_SCOPE
2018-06-01 06:11:29,583  INFO Injector:91 
2018-06-01 06:11:29,584  INFO Injector:83 org.matsim.core.router.RoutingModule @com.google.inject.multibindings.Element(setName=,uniqueId=484, type=MAPBINDER, keyType=java.lang.String)
2018-06-01 06:11:29,584  INFO Injector:84   --&gt; provider: FactoryProxy{key=Key[type=org.matsim.core.router.RoutingModule, annotation=@com.google.inject.multibindings.Element(setName=,uniqueId=484, type=MAPBINDER, keyType=java.lang.String)], provider=org.matsim.core.router.BeelineTeleportationRouting@78e68401}
2018-06-01 06:11:29,584  INFO Injector:85   --&gt; source: org.matsim.core.controler.Injector$3.configure(Injector.java:123)
2018-06-01 06:11:29,584  INFO Injector:87   --&gt; scope: Scopes.NO_SCOPE
2018-06-01 06:11:29,584  INFO Injector:91 
2018-06-01 06:11:29,584  INFO Injector:83 org.matsim.core.router.RoutingModule @com.google.inject.multibindings.Element(setName=,uniqueId=486, type=MAPBINDER, keyType=java.lang.String)
2018-06-01 06:11:29,584  INFO Injector:84   --&gt; provider: FactoryProxy{key=Key[type=org.matsim.core.router.RoutingModule, annotation=@com.google.inject.multibindings.Element(setName=,uniqueId=486, type=MAPBINDER, keyType=java.lang.String)], provider=org.matsim.core.router.BeelineTeleportationRouting@797fcf9}
2018-06-01 06:11:29,585  INFO Injector:85   --&gt; source: org.matsim.core.controler.Injector$3.configure(Injector.java:123)
2018-06-01 06:11:29,585  INFO Injector:87   --&gt; scope: Scopes.NO_SCOPE
2018-06-01 06:11:29,585  INFO Injector:91 
2018-06-01 06:11:29,585  INFO Injector:83 org.matsim.core.router.util.TravelTime @com.google.inject.multibindings.Element(setName=,uniqueId=488, type=MAPBINDER, keyType=java.lang.String)
2018-06-01 06:11:29,585  INFO Injector:84   --&gt; provider: FactoryProxy{key=Key[type=org.matsim.core.router.util.TravelTime, annotation=@com.google.inject.multibindings.Element(setName=,uniqueId=488, type=MAPBINDER, keyType=java.lang.String)], provider=ConstantFactory{value=org.matsim.core.trafficmonitoring.FreeSpeedTravelTime@58a3d521}[Scopes.SINGLETON]}
2018-06-01 06:11:29,586  INFO Injector:85   --&gt; source: org.matsim.core.controler.Injector$3.configure(Injector.java:123)
2018-06-01 06:11:29,586  INFO Injector:87   --&gt; scope: Scopes.NO_SCOPE
2018-06-01 06:11:29,586  INFO Injector:91 
2018-06-01 06:11:29,586  INFO Injector:83 org.matsim.core.router.util.TravelTime @com.google.inject.multibindings.Element(setName=,uniqueId=490, type=MAPBINDER, keyType=java.lang.String)
2018-06-01 06:11:29,586  INFO Injector:84   --&gt; provider: FactoryProxy{key=Key[type=org.matsim.core.router.util.TravelTime, annotation=@com.google.inject.multibindings.Element(setName=,uniqueId=490, type=MAPBINDER, keyType=java.lang.String)], provider=@Provides org.matsim.contrib.dvrp.trafficmonitoring.DvrpTravelTimeModule.provideTravelTime(DvrpTravelTimeModule.java:51)[Scopes.SINGLETON]}
2018-06-01 06:11:29,586  INFO Injector:85   --&gt; source: org.matsim.core.controler.Injector$3.configure(Injector.java:123)
2018-06-01 06:11:29,587  INFO Injector:87   --&gt; scope: Scopes.NO_SCOPE
2018-06-01 06:11:29,587  INFO Injector:91 
2018-06-01 06:11:29,587  INFO Injector:83 org.matsim.core.router.util.TravelTime @com.google.inject.multibindings.Element(setName=,uniqueId=492, type=MAPBINDER, keyType=java.lang.String)
2018-06-01 06:11:29,587  INFO Injector:84   --&gt; provider: FactoryProxy{key=Key[type=org.matsim.core.router.util.TravelTime, annotation=@com.google.inject.multibindings.Element(setName=,uniqueId=492, type=MAPBINDER, keyType=java.lang.String)], provider=FactoryProxy{key=Key[type=org.matsim.core.router.util.TravelTime, annotation=@com.google.inject.name.Named(value=av)], provider=FactoryProxy{key=Key[type=org.matsim.core.router.util.TravelTime, annotation=@com.google.inject.name.Named(value=dvrp_estimated)], provider=FactoryProxy{key=Key[type=org.matsim.contrib.dvrp.trafficmonitoring.DvrpTravelTimeEstimator, annotation=[none]], provider=com.google.inject.internal.ConstructorBindingImpl$Factory@451e2fa9}[Scopes.SINGLETON]}}}
2018-06-01 06:11:29,587  INFO Injector:85   --&gt; source: org.matsim.core.controler.Injector$3.configure(Injector.java:123)
2018-06-01 06:11:29,587  INFO Injector:87   --&gt; scope: Scopes.NO_SCOPE
2018-06-01 06:11:29,588  INFO Injector:91 
2018-06-01 06:11:29,588  INFO Injector:83 org.matsim.core.router.util.TravelTime @com.google.inject.multibindings.Element(setName=,uniqueId=494, type=MAPBINDER, keyType=java.lang.String)
2018-06-01 06:11:29,588  INFO Injector:84   --&gt; provider: FactoryProxy{key=Key[type=org.matsim.core.router.util.TravelTime, annotation=@com.google.inject.multibindings.Element(setName=,uniqueId=494, type=MAPBINDER, keyType=java.lang.String)], provider=Key[type=org.matsim.core.trafficmonitoring.ObservedLinkTravelTimes, annotation=[none]]}
2018-06-01 06:11:29,588  INFO Injector:85   --&gt; source: org.matsim.core.controler.Injector$3.configure(Injector.java:123)
2018-06-01 06:11:29,588  INFO Injector:87   --&gt; scope: Scopes.NO_SCOPE
2018-06-01 06:11:29,589  INFO Injector:91 
2018-06-01 06:11:29,589  INFO Injector:83 org.matsim.core.router.util.TravelTime @com.google.inject.multibindings.Element(setName=,uniqueId=496, type=MAPBINDER, keyType=java.lang.String)
2018-06-01 06:11:29,589  INFO Injector:84   --&gt; provider: FactoryProxy{key=Key[type=org.matsim.core.router.util.TravelTime, annotation=@com.google.inject.multibindings.Element(setName=,uniqueId=496, type=MAPBINDER, keyType=java.lang.String)], provider=FactoryProxy{key=Key[type=org.matsim.core.router.util.TravelTime, annotation=@com.google.inject.name.Named(value=dvrp_estimated)], provider=FactoryProxy{key=Key[type=org.matsim.contrib.dvrp.trafficmonitoring.DvrpTravelTimeEstimator, annotation=[none]], provider=com.google.inject.internal.ConstructorBindingImpl$Factory@451e2fa9}[Scopes.SINGLETON]}}
2018-06-01 06:11:29,589  INFO Injector:85   --&gt; source: org.matsim.core.controler.Injector$3.configure(Injector.java:123)
2018-06-01 06:11:29,589  INFO Injector:87   --&gt; scope: Scopes.NO_SCOPE
2018-06-01 06:11:29,589  INFO Injector:91 
2018-06-01 06:11:29,590  INFO Injector:83 org.matsim.core.router.costcalculators.TravelDisutilityFactory @com.google.inject.multibindings.Element(setName=,uniqueId=498, type=MAPBINDER, keyType=java.lang.String)
2018-06-01 06:11:29,590  INFO Injector:84   --&gt; provider: FactoryProxy{key=Key[type=org.matsim.core.router.costcalculators.TravelDisutilityFactory, annotation=@com.google.inject.multibindings.Element(setName=,uniqueId=498, type=MAPBINDER, keyType=java.lang.String)], provider=ConstantFactory{value=org.matsim.core.router.costcalculators.RandomizingTimeDistanceTravelDisutilityFactory@2ce524d2}[Scopes.SINGLETON]}
2018-06-01 06:11:29,590  INFO Injector:85   --&gt; source: org.matsim.core.controler.Injector$3.configure(Injector.java:123)
2018-06-01 06:11:29,590  INFO Injector:87   --&gt; scope: Scopes.NO_SCOPE
2018-06-01 06:11:29,590  INFO Injector:91 
2018-06-01 06:11:29,590  INFO Injector:83 org.matsim.core.controler.ControlerListenerManagerImpl 
2018-06-01 06:11:29,591  INFO Injector:84   --&gt; provider: com.google.inject.internal.ConstructorBindingImpl$Factory@6aea99e7[Scopes.SINGLETON]
2018-06-01 06:11:29,591  INFO Injector:85   --&gt; source: org.matsim.core.controler.NewControlerModule.install(NewControlerModule.java:9)
2018-06-01 06:11:29,591  INFO Injector:87   --&gt; scope: eager singleton
2018-06-01 06:11:29,591  INFO Injector:91 
2018-06-01 06:11:29,591  INFO Injector:83 org.matsim.analysis.IterationStopWatch 
2018-06-01 06:11:29,591  INFO Injector:84   --&gt; provider: com.google.inject.internal.ConstructorBindingImpl$Factory@7cf8f45a[Scopes.SINGLETON]
2018-06-01 06:11:29,592  INFO Injector:85   --&gt; source: org.matsim.core.controler.NewControlerModule.install(NewControlerModule.java:12)
2018-06-01 06:11:29,592  INFO Injector:87   --&gt; scope: eager singleton
2018-06-01 06:11:29,592  INFO Injector:91 
2018-06-01 06:11:29,592  INFO Injector:83 org.matsim.core.controler.OutputDirectoryHierarchy 
2018-06-01 06:11:29,592  INFO Injector:84   --&gt; provider: com.google.inject.internal.ConstructorBindingImpl$Factory@5bec3e0[Scopes.SINGLETON]
2018-06-01 06:11:29,592  INFO Injector:85   --&gt; source: org.matsim.core.controler.NewControlerModule.install(NewControlerModule.java:13)
2018-06-01 06:11:29,592  INFO Injector:87   --&gt; scope: eager singleton
2018-06-01 06:11:29,593  INFO Injector:91 
2018-06-01 06:11:29,593  INFO Injector:83 org.matsim.core.scoring.ScoringFunctionsForPopulation 
2018-06-01 06:11:29,593  INFO Injector:84   --&gt; provider: com.google.inject.internal.ConstructorBindingImpl$Factory@4b93dd6a[Scopes.SINGLETON]
2018-06-01 06:11:29,593  INFO Injector:85   --&gt; source: org.matsim.core.scoring.PlansScoringModule.install(PlansScoringModule.java:10)
2018-06-01 06:11:29,593  INFO Injector:87   --&gt; scope: eager singleton
2018-06-01 06:11:29,593  INFO Injector:91 
2018-06-01 06:11:29,594  INFO Injector:83 org.matsim.core.events.EventsManagerModule$EventHandlerRegistrator 
2018-06-01 06:11:29,594  INFO Injector:84   --&gt; provider: com.google.inject.internal.ConstructorBindingImpl$Factory@736b21ee[Scopes.SINGLETON]
2018-06-01 06:11:29,594  INFO Injector:85   --&gt; source: org.matsim.core.events.EventsManagerModule.install(EventsManagerModule.java:25)
2018-06-01 06:11:29,594  INFO Injector:87   --&gt; scope: eager singleton
2018-06-01 06:11:29,594  INFO Injector:91 
2018-06-01 06:11:29,594  INFO Injector:83 org.matsim.core.trafficmonitoring.TravelTimeCalculator 
2018-06-01 06:11:29,595  INFO Injector:84   --&gt; provider: com.google.inject.internal.ConstructorBindingImpl$Factory@6f15f52a[Scopes.SINGLETON]
2018-06-01 06:11:29,595  INFO Injector:85   --&gt; source: org.matsim.core.trafficmonitoring.TravelTimeCalculatorModule.install(TravelTimeCalculatorModule.java:76)
2018-06-01 06:11:29,595  INFO Injector:87   --&gt; scope: Scopes.SINGLETON
2018-06-01 06:11:29,595  INFO Injector:91 
2018-06-01 06:11:29,595  INFO Injector:83 org.matsim.core.scoring.EventsToActivities 
2018-06-01 06:11:29,596  INFO Injector:84   --&gt; provider: com.google.inject.internal.ConstructorBindingImpl$Factory@7c71c889[Scopes.SINGLETON]
2018-06-01 06:11:29,596  INFO Injector:85   --&gt; source: org.matsim.core.scoring.ExperiencedPlanElementsModule.install(ExperiencedPlanElementsModule.java:12)
2018-06-01 06:11:29,596  INFO Injector:87   --&gt; scope: eager singleton
2018-06-01 06:11:29,596  INFO Injector:91 
2018-06-01 06:11:29,596  INFO Injector:83 org.matsim.core.scoring.EventsToLegs 
2018-06-01 06:11:29,596  INFO Injector:84   --&gt; provider: com.google.inject.internal.ConstructorBindingImpl$Factory@79e10fb4[Scopes.SINGLETON]
2018-06-01 06:11:29,597  INFO Injector:85   --&gt; source: org.matsim.core.scoring.ExperiencedPlanElementsModule.install(ExperiencedPlanElementsModule.java:13)
2018-06-01 06:11:29,597  INFO Injector:87   --&gt; scope: eager singleton
2018-06-01 06:11:29,597  INFO Injector:91 
2018-06-01 06:11:29,597  INFO Injector:83 org.matsim.core.router.TripRouter 
2018-06-01 06:11:29,597  INFO Injector:84   --&gt; provider: com.google.inject.internal.ConstructorBindingImpl$Factory@65bd19bf
2018-06-01 06:11:29,598  INFO Injector:85   --&gt; source: org.matsim.core.router.TripRouterModule.install(TripRouterModule.java:43)
2018-06-01 06:11:29,598  INFO Injector:87   --&gt; scope: Scopes.NO_SCOPE
2018-06-01 06:11:29,598  INFO Injector:91 
2018-06-01 06:11:29,598  INFO Injector:83 org.matsim.core.router.SingleModeNetworksCache 
2018-06-01 06:11:29,599  INFO Injector:84   --&gt; provider: com.google.inject.internal.ConstructorBindingImpl$Factory@3d1c933[Scopes.SINGLETON]
2018-06-01 06:11:29,599  INFO Injector:85   --&gt; source: org.matsim.core.router.TripRouterModule.install(TripRouterModule.java:47)
2018-06-01 06:11:29,599  INFO Injector:87   --&gt; scope: eager singleton
2018-06-01 06:11:29,599  INFO Injector:91 
2018-06-01 06:11:29,599  INFO Injector:83 org.matsim.core.replanning.StrategyManager 
2018-06-01 06:11:29,599  INFO Injector:84   --&gt; provider: com.google.inject.internal.ConstructorBindingImpl$Factory@68bd8ca7[Scopes.SINGLETON]
2018-06-01 06:11:29,599  INFO Injector:85   --&gt; source: org.matsim.core.replanning.StrategyManagerModule.install(StrategyManagerModule.java:47)
2018-06-01 06:11:29,600  INFO Injector:87   --&gt; scope: Scopes.SINGLETON
2018-06-01 06:11:29,600  INFO Injector:91 
2018-06-01 06:11:29,600  INFO Injector:83 org.matsim.analysis.CalcLinkStats 
2018-06-01 06:11:29,600  INFO Injector:84   --&gt; provider: com.google.inject.internal.ConstructorBindingImpl$Factory@437281c5[Scopes.SINGLETON]
2018-06-01 06:11:29,600  INFO Injector:85   --&gt; source: org.matsim.analysis.LinkStatsModule.install(LinkStatsModule.java:37)
2018-06-01 06:11:29,600  INFO Injector:87   --&gt; scope: eager singleton
2018-06-01 06:11:29,601  INFO Injector:91 
2018-06-01 06:11:29,601  INFO Injector:83 org.matsim.analysis.LinkStatsControlerListener 
2018-06-01 06:11:29,601  INFO Injector:84   --&gt; provider: com.google.inject.internal.ConstructorBindingImpl$Factory@25a5c8e[Scopes.SINGLETON]
2018-06-01 06:11:29,601  INFO Injector:85   --&gt; source: org.matsim.analysis.LinkStatsModule.install(LinkStatsModule.java:46)
2018-06-01 06:11:29,601  INFO Injector:87   --&gt; scope: eager singleton
2018-06-01 06:11:29,601  INFO Injector:91 
2018-06-01 06:11:29,602  INFO Injector:83 org.matsim.analysis.VolumesAnalyzer 
2018-06-01 06:11:29,602  INFO Injector:84   --&gt; provider: com.google.inject.internal.ConstructorBindingImpl$Factory@573aeab2[Scopes.SINGLETON]
2018-06-01 06:11:29,602  INFO Injector:85   --&gt; source: org.matsim.analysis.VolumesAnalyzerModule.install(VolumesAnalyzerModule.java:31)
2018-06-01 06:11:29,602  INFO Injector:87   --&gt; scope: eager singleton
2018-06-01 06:11:29,602  INFO Injector:91 
2018-06-01 06:11:29,602  INFO Injector:83 org.matsim.analysis.LegHistogram 
2018-06-01 06:11:29,602  INFO Injector:84   --&gt; provider: com.google.inject.internal.ConstructorBindingImpl$Factory@4dd2ef54
2018-06-01 06:11:29,603  INFO Injector:85   --&gt; source: org.matsim.analysis.LegHistogramModule.install(LegHistogramModule.java:30)
2018-06-01 06:11:29,603  INFO Injector:87   --&gt; scope: Scopes.NO_SCOPE
2018-06-01 06:11:29,603  INFO Injector:91 
2018-06-01 06:11:29,603  INFO Injector:83 org.matsim.analysis.CalcLegTimes 
2018-06-01 06:11:29,603  INFO Injector:84   --&gt; provider: com.google.inject.internal.ConstructorBindingImpl$Factory@23ee2ccf[Scopes.SINGLETON]
2018-06-01 06:11:29,603  INFO Injector:85   --&gt; source: org.matsim.analysis.LegTimesModule.install(LegTimesModule.java:31)
2018-06-01 06:11:29,604  INFO Injector:87   --&gt; scope: Scopes.SINGLETON
2018-06-01 06:11:29,604  INFO Injector:91 
2018-06-01 06:11:29,604  INFO Injector:83 org.matsim.analysis.TravelDistanceStats 
2018-06-01 06:11:29,604  INFO Injector:84   --&gt; provider: com.google.inject.internal.ConstructorBindingImpl$Factory@333398f[Scopes.SINGLETON]
2018-06-01 06:11:29,604  INFO Injector:85   --&gt; source: org.matsim.analysis.TravelDistanceStatsModule.install(TravelDistanceStatsModule.java:10)
2018-06-01 06:11:29,604  INFO Injector:87   --&gt; scope: eager singleton
2018-06-01 06:11:29,605  INFO Injector:91 
2018-06-01 06:11:29,605  INFO Injector:83 org.matsim.analysis.ScoreStatsControlerListener 
2018-06-01 06:11:29,605  INFO Injector:84   --&gt; provider: com.google.inject.internal.ConstructorBindingImpl$Factory@57ce2898[Scopes.SINGLETON]
2018-06-01 06:11:29,605  INFO Injector:85   --&gt; source: org.matsim.analysis.ScoreStatsModule.install(ScoreStatsModule.java:31)
2018-06-01 06:11:29,605  INFO Injector:87   --&gt; scope: Scopes.SINGLETON
2018-06-01 06:11:29,605  INFO Injector:91 
2018-06-01 06:11:29,605  INFO Injector:83 org.matsim.analysis.ModeStatsControlerListener 
2018-06-01 06:11:29,606  INFO Injector:84   --&gt; provider: com.google.inject.internal.ConstructorBindingImpl$Factory@743d0d44[Scopes.SINGLETON]
2018-06-01 06:11:29,606  INFO Injector:85   --&gt; source: org.matsim.analysis.ModeStatsModule.install(ModeStatsModule.java:31)
2018-06-01 06:11:29,606  INFO Injector:87   --&gt; scope: Scopes.SINGLETON
2018-06-01 06:11:29,606  INFO Injector:91 
2018-06-01 06:11:29,606  INFO Injector:83 org.matsim.counts.CountsModule$CountsInitializer 
2018-06-01 06:11:29,606  INFO Injector:84   --&gt; provider: com.google.inject.internal.ConstructorBindingImpl$Factory@25ad25f5[Scopes.SINGLETON]
2018-06-01 06:11:29,607  INFO Injector:85   --&gt; source: org.matsim.counts.CountsModule.install(CountsModule.java:43)
2018-06-01 06:11:29,607  INFO Injector:87   --&gt; scope: eager singleton
2018-06-01 06:11:29,607  INFO Injector:91 
2018-06-01 06:11:29,613  INFO ControlerListenerManagerImpl:107 calling notifyStartup on org.matsim.counts.CountsControlerListener
2018-06-01 06:11:29,613  INFO ControlerListenerManagerImpl:107 calling notifyStartup on org.matsim.analysis.ModeStatsControlerListener
2018-06-01 06:11:29,613  INFO NetworkImpl:156  node # 1
2018-06-01 06:11:29,614  INFO NetworkImpl:156  node # 2
2018-06-01 06:11:29,614  INFO NetworkImpl:156  node # 4
2018-06-01 06:11:29,614  INFO NetworkImpl:156  node # 8
2018-06-01 06:11:29,614  INFO NetworkImpl:156  node # 16
2018-06-01 06:11:29,615  INFO NetworkImpl:156  node # 32
2018-06-01 06:11:29,615  INFO NetworkImpl:156  node # 64
2018-06-01 06:11:29,615  INFO NetworkImpl:152  link # 1
2018-06-01 06:11:29,615  INFO NetworkImpl:152  link # 2
2018-06-01 06:11:29,616  INFO NetworkImpl:152  link # 4
2018-06-01 06:11:29,616  INFO NetworkImpl:152  link # 8
2018-06-01 06:11:29,616  INFO NetworkImpl:152  link # 16
2018-06-01 06:11:29,616  INFO NetworkImpl:152  link # 32
2018-06-01 06:11:29,617  INFO NetworkImpl:152  link # 64
2018-06-01 06:11:29,617  INFO NetworkImpl:152  link # 128
2018-06-01 06:11:29,618  INFO NetworkImpl:152  link # 256
2018-06-01 06:11:29,619  INFO ControlerListenerManagerImpl:107 calling notifyStartup on org.matsim.analysis.ScoreStatsControlerListener
2018-06-01 06:11:29,619  INFO ControlerListenerManagerImpl:110 all ControlerStartupListeners called.
2018-06-01 06:11:29,619  INFO ControlerUtils:58 config dump before iterations start
2018-06-01 06:11:29,619  INFO Config:563 setting context to [file:/root/workspace/idsc-frazzoli/amodeus/386486391/]
2018-06-01 06:11:29,629  INFO ControlerUtils:62 

&lt;?xml version=&quot;1.0&quot; encoding=&quot;UTF-8&quot;?&gt;
&lt;!DOCTYPE config SYSTEM &quot;http://www.matsim.org/files/dtd/config_v2.dtd&quot;&gt;
&lt;config&gt;

&lt;!-- ====================================================================== --&gt;

	&lt;module name=&quot;JDEQSim&quot; &gt;
		&lt;param name=&quot;carSize&quot; value=&quot;7.5&quot; /&gt;
		&lt;param name=&quot;endTime&quot; value=&quot;undefined&quot; /&gt;
		&lt;param name=&quot;flowCapacityFactor&quot; value=&quot;1.0&quot; /&gt;
		&lt;param name=&quot;gapTravelSpeed&quot; value=&quot;15.0&quot; /&gt;
		&lt;param name=&quot;minimumInFlowCapacity&quot; value=&quot;1800.0&quot; /&gt;
		&lt;param name=&quot;squeezeTime&quot; value=&quot;1800.0&quot; /&gt;
		&lt;param name=&quot;storageCapacityFactor&quot; value=&quot;1.0&quot; /&gt;
	&lt;/module&gt;

&lt;!-- ====================================================================== --&gt;

	&lt;module name=&quot;TimeAllocationMutator&quot; &gt;

		&lt;!-- Default:true; Defines whether time mutation changes an activity&apos;s duration. --&gt;
		&lt;param name=&quot;mutationAffectsDuration&quot; value=&quot;true&quot; /&gt;

		&lt;!-- Default:1800.0; Defines how many seconds a time mutation can maximally shift a time. --&gt;
		&lt;param name=&quot;mutationRange&quot; value=&quot;1800.0&quot; /&gt;

		&lt;!-- false; Use individual settings for each subpopulation. If enabled but no settings are found, regular settings are uses as fallback. --&gt;
		&lt;param name=&quot;useIndividualSettingsForSubpopulations&quot; value=&quot;false&quot; /&gt;
	&lt;/module&gt;

&lt;!-- ====================================================================== --&gt;

	&lt;module name=&quot;av&quot; &gt;
		&lt;param name=&quot;config&quot; value=&quot;null&quot; /&gt;
		&lt;param name=&quot;parallelRouters&quot; value=&quot;4&quot; /&gt;
	&lt;/module&gt;

&lt;!-- ====================================================================== --&gt;

&lt;!-- ====================================================================== --&gt;

	&lt;module name=&quot;changeMode&quot; &gt;
		&lt;param name=&quot;ignoreCarAvailability&quot; value=&quot;true&quot; /&gt;
		&lt;param name=&quot;modes&quot; value=&quot;car,pt&quot; /&gt;
	&lt;/module&gt;

&lt;!-- ====================================================================== --&gt;

	&lt;module name=&quot;controler&quot; &gt;

		&lt;!-- Sets whether graphs showing some analyses should automatically be generated during the simulation. The generation of graphs usually takes a small amount of time that does not have any weight in big simulations, but add a significant overhead in smaller runs or in test cases where the graphical output is not even requested. --&gt;
		&lt;param name=&quot;createGraphs&quot; value=&quot;false&quot; /&gt;

		&lt;!-- true if at the end of a run, plans, network, config etc should be dumped to a file --&gt;
		&lt;param name=&quot;dumpDataAtEnd&quot; value=&quot;false&quot; /&gt;

		&lt;!-- Default=false. If enabled, the router takes travel times needed for turning moves into account. Cannot be used if the (Fast)AStarLandmarks routing or TravelTimeCalculator.separateModes is enabled. --&gt;
		&lt;param name=&quot;enableLinkToLinkRouting&quot; value=&quot;false&quot; /&gt;

		&lt;!-- Default=xml; Specifies the file format for writing events. Currently supported: xml.
		Multiple values can be specified separated by commas (&apos;,&apos;). --&gt;
		&lt;param name=&quot;eventsFileFormat&quot; value=&quot;xml&quot; /&gt;

		&lt;!-- Default=0;  --&gt;
		&lt;param name=&quot;firstIteration&quot; value=&quot;0&quot; /&gt;

		&lt;!-- Default=1000;  --&gt;
		&lt;param name=&quot;lastIteration&quot; value=&quot;0&quot; /&gt;

		&lt;!-- Defines which mobility simulation will be used. Currently supported: qsim JDEQSim 
		Depending on the chosen mobsim, you&apos;ll have to add additional config modules to configure the corresponding mobsim.
		For &apos;qsim&apos;, add a module &apos;qsim&apos; to the config. --&gt;
		&lt;param name=&quot;mobsim&quot; value=&quot;qsim&quot; /&gt;

		&lt;param name=&quot;outputDirectory&quot; value=&quot;./output&quot; /&gt;

		&lt;!-- Possible values: failIfDirectoryExists, overwriteExistingFiles, deleteDirectoryIfExists --&gt;
		&lt;param name=&quot;overwriteFiles&quot; value=&quot;deleteDirectoryIfExists&quot; /&gt;

		&lt;!-- The type of routing (least cost path) algorithm used, may have the values: Dijkstra, FastDijkstra, AStarLandmarks or FastAStarLandmarks --&gt;
		&lt;param name=&quot;routingAlgorithmType&quot; value=&quot;Dijkstra&quot; /&gt;

		&lt;!-- An identifier for the current run which is used as prefix for output files and mentioned in output xml files etc. --&gt;
		&lt;param name=&quot;runId&quot; value=&quot;null&quot; /&gt;

		&lt;!-- Comma-separated list of visualizer output file formats. `transims&apos;, `googleearth&apos;, and `otfvis&apos;. --&gt;
		&lt;param name=&quot;snapshotFormat&quot; value=&quot;&quot; /&gt;

		&lt;!-- iterationNumber % writeEventsInterval == 0 defines in which iterations events are written to a file. `0&apos; disables events writing completely. --&gt;
		&lt;param name=&quot;writeEventsInterval&quot; value=&quot;-1&quot; /&gt;

		&lt;!-- iterationNumber % writePlansInterval == 0 defines (hopefully) in which iterations plans are written to a file. `0&apos; disables plans writing completely.  Some plans in early iterations are always written --&gt;
		&lt;param name=&quot;writePlansInterval&quot; value=&quot;-1&quot; /&gt;

		&lt;!-- iterationNumber % writeSnapshotsInterval == 0 defines in which iterations snapshots are written to a file. `0&apos; disables snapshots writing completely --&gt;
		&lt;param name=&quot;writeSnapshotsInterval&quot; value=&quot;-1&quot; /&gt;
	&lt;/module&gt;

&lt;!-- ====================================================================== --&gt;

	&lt;module name=&quot;counts&quot; &gt;

		&lt;!-- Transport modes that will be respected for the counts comparison. &apos;car&apos; is default, which includes also bussed from the pt simulation module. Use this parameter in combination with &apos;filterModes&apos; = true! --&gt;
		&lt;param name=&quot;analyzedModes&quot; value=&quot;car&quot; /&gt;

		&lt;!-- Specifies over how many iterations the link volumes should be averaged that are used for the counts comparison. Use 1 or 0 to only use the link volumes of a single iteration. This values cannot be larger than the value specified for writeCountsInterval --&gt;
		&lt;param name=&quot;averageCountsOverIterations&quot; value=&quot;5&quot; /&gt;

		&lt;!-- factor by which to re-scale the simulated values.  necessary when simulation runs with something different from 100%.  needs to be adapted manually --&gt;
		&lt;param name=&quot;countsScaleFactor&quot; value=&quot;1.0&quot; /&gt;

		&lt;!-- distance to distanceFilterCenterNode to include counting stations. The unit of distance is the Euclidean distance implied by the coordinate system --&gt;
		&lt;param name=&quot;distanceFilter&quot; value=&quot;null&quot; /&gt;

		&lt;!-- node id for center node of distance filter --&gt;
		&lt;param name=&quot;distanceFilterCenterNode&quot; value=&quot;null&quot; /&gt;

		&lt;!-- If true, link counts from legs performed on modes not included in the &apos;analyzedModes&apos; parameter are ignored. --&gt;
		&lt;param name=&quot;filterModes&quot; value=&quot;false&quot; /&gt;

		&lt;!-- The Coordinates Reference System in which the coordinates are expressed in the input file. At import, the coordinates will be converted to the coordinate system defined in &quot;global&quot;, and willbe converted back at export. If not specified, no conversion happens. --&gt;
		&lt;param name=&quot;inputCRS&quot; value=&quot;null&quot; /&gt;

		&lt;!-- input file name to counts package --&gt;
		&lt;param name=&quot;inputCountsFile&quot; value=&quot;null&quot; /&gt;

		&lt;!-- possible values: `html&apos;, `kml&apos;, `txt&apos;, `all&apos; --&gt;
		&lt;param name=&quot;outputformat&quot; value=&quot;txt&quot; /&gt;

		&lt;!-- Specifies how often the counts comparison should be calculated and written. --&gt;
		&lt;param name=&quot;writeCountsInterval&quot; value=&quot;10&quot; /&gt;
	&lt;/module&gt;

&lt;!-- ====================================================================== --&gt;

	&lt;module name=&quot;dvrp&quot; &gt;

		&lt;!-- Mode which will be handled by PassengerEngine and VrpOptimizer (passengers&apos;/customers&apos; perspective) --&gt;
		&lt;param name=&quot;mode&quot; value=&quot;null&quot; /&gt;

		&lt;!-- Mode of which the network will be used for routing vehicles, calculating trave times, etc. (fleet operator&apos;s perspective). Default is car. --&gt;
		&lt;param name=&quot;networkMode&quot; value=&quot;car&quot; /&gt;

		&lt;!-- Used for estimation of travel times for VrpOptimizer by means of the exponential moving average. The weighting decrease, alpha, must be in (0,1]. We suggest small values of alpha, e.g. 0.05. The averaging starts from the initial travel time estimates. If not provided, the free-speed TTs is used as the initial estimates For more info see comments in: VrpTravelTimeEstimator, VrpTravelTimeModules, DvrpModule. --&gt;
		&lt;param name=&quot;travelTimeEstimationAlpha&quot; value=&quot;0.05&quot; /&gt;
	&lt;/module&gt;

&lt;!-- ====================================================================== --&gt;

	&lt;module name=&quot;facilities&quot; &gt;

		&lt;!-- The Coordinates Reference System in which the coordinates are expressed in the input file. At import, the coordinates will be converted to the coordinate system defined in &quot;global&quot;, and willbe converted back at export. If not specified, no conversion happens. --&gt;
		&lt;param name=&quot;inputCRS&quot; value=&quot;null&quot; /&gt;

		&lt;param name=&quot;inputFacilitiesFile&quot; value=&quot;null&quot; /&gt;
		&lt;param name=&quot;inputFacilityAttributesFile&quot; value=&quot;null&quot; /&gt;
	&lt;/module&gt;

&lt;!-- ====================================================================== --&gt;

	&lt;module name=&quot;global&quot; &gt;
		&lt;param name=&quot;coordinateSystem&quot; value=&quot;Atlantis&quot; /&gt;

		&lt;!-- &quot;global&quot; number of threads.  This number is used, e.g., for replanning, but NOT in the mobsim.  This can typically be set to as many cores as you have available, or possibly even slightly more. --&gt;
		&lt;param name=&quot;numberOfThreads&quot; value=&quot;2&quot; /&gt;

		&lt;param name=&quot;randomSeed&quot; value=&quot;4711&quot; /&gt;
	&lt;/module&gt;

&lt;!-- ====================================================================== --&gt;

	&lt;module name=&quot;households&quot; &gt;
		&lt;param name=&quot;inputFile&quot; value=&quot;null&quot; /&gt;
		&lt;param name=&quot;inputHouseholdAttributesFile&quot; value=&quot;null&quot; /&gt;
	&lt;/module&gt;

&lt;!-- ====================================================================== --&gt;

	&lt;module name=&quot;linkStats&quot; &gt;

		&lt;!-- Specifies over how many iterations the link volumes should be averaged that are used for the link statistics. Use 1 or 0 to only use the link volumes of a single iteration. This values cannot be larger than the value specified for writeLinkStatsInterval --&gt;
		&lt;param name=&quot;averageLinkStatsOverIterations&quot; value=&quot;5&quot; /&gt;

		&lt;!-- Specifies how often the link stats should be calculated and written. Use 0 to disable the generation of link stats. --&gt;
		&lt;param name=&quot;writeLinkStatsInterval&quot; value=&quot;10&quot; /&gt;
	&lt;/module&gt;

&lt;!-- ====================================================================== --&gt;

	&lt;module name=&quot;network&quot; &gt;

		&lt;!-- The Coordinates Reference System in which the coordinates are expressed in the input file. At import, the coordinates will be converted to the coordinate system defined in &quot;global&quot;, and willbe converted back at export. If not specified, no conversion happens. --&gt;
		&lt;param name=&quot;inputCRS&quot; value=&quot;null&quot; /&gt;

		&lt;param name=&quot;inputChangeEventsFile&quot; value=&quot;null&quot; /&gt;
		&lt;param name=&quot;inputNetworkFile&quot; value=&quot;null&quot; /&gt;
		&lt;param name=&quot;laneDefinitionsFile&quot; value=&quot;null&quot; /&gt;
		&lt;param name=&quot;timeVariantNetwork&quot; value=&quot;false&quot; /&gt;
	&lt;/module&gt;

&lt;!-- ====================================================================== --&gt;

	&lt;module name=&quot;parallelEventHandling&quot; &gt;

		&lt;!-- Estimated number of events during mobsim run. An optional optimization hint for the framework. --&gt;
		&lt;param name=&quot;estimatedNumberOfEvents&quot; value=&quot;null&quot; /&gt;

		&lt;!-- Number of threads for parallel events handler. 0 or null means the framework decides by itself. --&gt;
		&lt;param name=&quot;numberOfThreads&quot; value=&quot;null&quot; /&gt;

		&lt;!-- If enabled, each event handler is assigned to its own thread. Note that enabling this feature disabled the numberOfThreads option! This feature is still experimental! --&gt;
		&lt;param name=&quot;oneThreadPerHandler&quot; value=&quot;false&quot; /&gt;

		&lt;!-- If enabled, it is ensured that all events that are created during a time step of the mobility simulation are processed before the next time step is simulated. E.g. neccessary when within-day replanning is used. --&gt;
		&lt;param name=&quot;synchronizeOnSimSteps&quot; value=&quot;true&quot; /&gt;
	&lt;/module&gt;

&lt;!-- ====================================================================== --&gt;

	&lt;module name=&quot;planCalcScore&quot; &gt;

		&lt;!-- logit model scale parameter. default: 1.  Has name and default value for historical reasons (see Bryan Raney&apos;s phd thesis). --&gt;
		&lt;param name=&quot;BrainExpBeta&quot; value=&quot;1.0&quot; /&gt;

		&lt;param name=&quot;PathSizeLogitBeta&quot; value=&quot;1.0&quot; /&gt;

		&lt;!-- fraction of iterations at which MSA score averaging is started. The matsim theory department suggests to use this together with switching off choice set innovation (where a similar switch exists), but it has not been tested yet. --&gt;
		&lt;param name=&quot;fractionOfIterationsToStartScoreMSA&quot; value=&quot;null&quot; /&gt;

		&lt;!-- new_score = (1-learningRate)*old_score + learningRate * score_from_mobsim.  learning rates close to zero emulate score averaging, but slow down initial convergence --&gt;
		&lt;param name=&quot;learningRate&quot; value=&quot;1.0&quot; /&gt;

		&lt;!-- There used to be a plateau between duration=0 and duration=zeroUtilityDuration. This caused durations to evolve to zero once they were below zeroUtilityDuration, causing problems.  Only use this switch if you need to be backwards compatible with some old results.  (changed nov&apos;13) --&gt;
		&lt;param name=&quot;usingOldScoringBelowZeroUtilityDuration&quot; value=&quot;false&quot; /&gt;

		&lt;!-- write a plans file in each iteration directory which contains what each agent actually did, and the score it received. --&gt;
		&lt;param name=&quot;writeExperiencedPlans&quot; value=&quot;false&quot; /&gt;

		&lt;parameterset type=&quot;scoringParameters&quot; &gt;
			&lt;param name=&quot;earlyDeparture&quot; value=&quot;-0.0&quot; /&gt;
			&lt;param name=&quot;lateArrival&quot; value=&quot;-18.0&quot; /&gt;
			&lt;param name=&quot;marginalUtilityOfMoney&quot; value=&quot;1.0&quot; /&gt;
			&lt;param name=&quot;performing&quot; value=&quot;6.0&quot; /&gt;
			&lt;param name=&quot;subpopulation&quot; value=&quot;null&quot; /&gt;
			&lt;param name=&quot;utilityOfLineSwitch&quot; value=&quot;-1.0&quot; /&gt;
			&lt;param name=&quot;waiting&quot; value=&quot;-0.0&quot; /&gt;
			&lt;param name=&quot;waitingPt&quot; value=&quot;-6.0&quot; /&gt;

			&lt;parameterset type=&quot;activityParams&quot; &gt;
				&lt;param name=&quot;activityType&quot; value=&quot;dummy&quot; /&gt;
				&lt;param name=&quot;closingTime&quot; value=&quot;undefined&quot; /&gt;
				&lt;param name=&quot;earliestEndTime&quot; value=&quot;undefined&quot; /&gt;
				&lt;param name=&quot;latestStartTime&quot; value=&quot;undefined&quot; /&gt;
				&lt;param name=&quot;minimalDuration&quot; value=&quot;undefined&quot; /&gt;
				&lt;param name=&quot;openingTime&quot; value=&quot;undefined&quot; /&gt;
				&lt;param name=&quot;priority&quot; value=&quot;1.0&quot; /&gt;
				&lt;param name=&quot;scoringThisActivityAtAll&quot; value=&quot;true&quot; /&gt;

				&lt;!-- typical duration of activity.  needs to be defined and non-zero.  in sec. --&gt;
				&lt;param name=&quot;typicalDuration&quot; value=&quot;02:00:00&quot; /&gt;

				&lt;!-- method to compute score at typical duration.  Options: | uniform | relative | Use uniform for backwards compatibility (all activities same score; higher proba to drop long acts). --&gt;
				&lt;param name=&quot;typicalDurationScoreComputation&quot; value=&quot;relative&quot; /&gt;
			&lt;/parameterset&gt;

			&lt;parameterset type=&quot;activityParams&quot; &gt;
				&lt;param name=&quot;activityType&quot; value=&quot;car interaction&quot; /&gt;
				&lt;param name=&quot;closingTime&quot; value=&quot;undefined&quot; /&gt;
				&lt;param name=&quot;earliestEndTime&quot; value=&quot;undefined&quot; /&gt;
				&lt;param name=&quot;latestStartTime&quot; value=&quot;undefined&quot; /&gt;
				&lt;param name=&quot;minimalDuration&quot; value=&quot;undefined&quot; /&gt;
				&lt;param name=&quot;openingTime&quot; value=&quot;undefined&quot; /&gt;
				&lt;param name=&quot;priority&quot; value=&quot;1.0&quot; /&gt;
				&lt;param name=&quot;scoringThisActivityAtAll&quot; value=&quot;false&quot; /&gt;

				&lt;!-- typical duration of activity.  needs to be defined and non-zero.  in sec. --&gt;
				&lt;param name=&quot;typicalDuration&quot; value=&quot;undefined&quot; /&gt;

				&lt;!-- method to compute score at typical duration.  Options: | uniform | relative | Use uniform for backwards compatibility (all activities same score; higher proba to drop long acts). --&gt;
				&lt;param name=&quot;typicalDurationScoreComputation&quot; value=&quot;relative&quot; /&gt;
			&lt;/parameterset&gt;

			&lt;parameterset type=&quot;activityParams&quot; &gt;
				&lt;param name=&quot;activityType&quot; value=&quot;pt interaction&quot; /&gt;
				&lt;param name=&quot;closingTime&quot; value=&quot;undefined&quot; /&gt;
				&lt;param name=&quot;earliestEndTime&quot; value=&quot;undefined&quot; /&gt;
				&lt;param name=&quot;latestStartTime&quot; value=&quot;undefined&quot; /&gt;
				&lt;param name=&quot;minimalDuration&quot; value=&quot;undefined&quot; /&gt;
				&lt;param name=&quot;openingTime&quot; value=&quot;undefined&quot; /&gt;
				&lt;param name=&quot;priority&quot; value=&quot;1.0&quot; /&gt;
				&lt;param name=&quot;scoringThisActivityAtAll&quot; value=&quot;false&quot; /&gt;

				&lt;!-- typical duration of activity.  needs to be defined and non-zero.  in sec. --&gt;
				&lt;param name=&quot;typicalDuration&quot; value=&quot;undefined&quot; /&gt;

				&lt;!-- method to compute score at typical duration.  Options: | uniform | relative | Use uniform for backwards compatibility (all activities same score; higher proba to drop long acts). --&gt;
				&lt;param name=&quot;typicalDurationScoreComputation&quot; value=&quot;relative&quot; /&gt;
			&lt;/parameterset&gt;

			&lt;parameterset type=&quot;activityParams&quot; &gt;
				&lt;param name=&quot;activityType&quot; value=&quot;bike interaction&quot; /&gt;
				&lt;param name=&quot;closingTime&quot; value=&quot;undefined&quot; /&gt;
				&lt;param name=&quot;earliestEndTime&quot; value=&quot;undefined&quot; /&gt;
				&lt;param name=&quot;latestStartTime&quot; value=&quot;undefined&quot; /&gt;
				&lt;param name=&quot;minimalDuration&quot; value=&quot;undefined&quot; /&gt;
				&lt;param name=&quot;openingTime&quot; value=&quot;undefined&quot; /&gt;
				&lt;param name=&quot;priority&quot; value=&quot;1.0&quot; /&gt;
				&lt;param name=&quot;scoringThisActivityAtAll&quot; value=&quot;false&quot; /&gt;

				&lt;!-- typical duration of activity.  needs to be defined and non-zero.  in sec. --&gt;
				&lt;param name=&quot;typicalDuration&quot; value=&quot;undefined&quot; /&gt;

				&lt;!-- method to compute score at typical duration.  Options: | uniform | relative | Use uniform for backwards compatibility (all activities same score; higher proba to drop long acts). --&gt;
				&lt;param name=&quot;typicalDurationScoreComputation&quot; value=&quot;relative&quot; /&gt;
			&lt;/parameterset&gt;

			&lt;parameterset type=&quot;activityParams&quot; &gt;
				&lt;param name=&quot;activityType&quot; value=&quot;other interaction&quot; /&gt;
				&lt;param name=&quot;closingTime&quot; value=&quot;undefined&quot; /&gt;
				&lt;param name=&quot;earliestEndTime&quot; value=&quot;undefined&quot; /&gt;
				&lt;param name=&quot;latestStartTime&quot; value=&quot;undefined&quot; /&gt;
				&lt;param name=&quot;minimalDuration&quot; value=&quot;undefined&quot; /&gt;
				&lt;param name=&quot;openingTime&quot; value=&quot;undefined&quot; /&gt;
				&lt;param name=&quot;priority&quot; value=&quot;1.0&quot; /&gt;
				&lt;param name=&quot;scoringThisActivityAtAll&quot; value=&quot;false&quot; /&gt;

				&lt;!-- typical duration of activity.  needs to be defined and non-zero.  in sec. --&gt;
				&lt;param name=&quot;typicalDuration&quot; value=&quot;undefined&quot; /&gt;

				&lt;!-- method to compute score at typical duration.  Options: | uniform | relative | Use uniform for backwards compatibility (all activities same score; higher proba to drop long acts). --&gt;
				&lt;param name=&quot;typicalDurationScoreComputation&quot; value=&quot;relative&quot; /&gt;
			&lt;/parameterset&gt;

			&lt;parameterset type=&quot;activityParams&quot; &gt;
				&lt;param name=&quot;activityType&quot; value=&quot;walk interaction&quot; /&gt;
				&lt;param name=&quot;closingTime&quot; value=&quot;undefined&quot; /&gt;
				&lt;param name=&quot;earliestEndTime&quot; value=&quot;undefined&quot; /&gt;
				&lt;param name=&quot;latestStartTime&quot; value=&quot;undefined&quot; /&gt;
				&lt;param name=&quot;minimalDuration&quot; value=&quot;undefined&quot; /&gt;
				&lt;param name=&quot;openingTime&quot; value=&quot;undefined&quot; /&gt;
				&lt;param name=&quot;priority&quot; value=&quot;1.0&quot; /&gt;
				&lt;param name=&quot;scoringThisActivityAtAll&quot; value=&quot;false&quot; /&gt;

				&lt;!-- typical duration of activity.  needs to be defined and non-zero.  in sec. --&gt;
				&lt;param name=&quot;typicalDuration&quot; value=&quot;undefined&quot; /&gt;

				&lt;!-- method to compute score at typical duration.  Options: | uniform | relative | Use uniform for backwards compatibility (all activities same score; higher proba to drop long acts). --&gt;
				&lt;param name=&quot;typicalDurationScoreComputation&quot; value=&quot;relative&quot; /&gt;
			&lt;/parameterset&gt;

			&lt;parameterset type=&quot;activityParams&quot; &gt;
				&lt;param name=&quot;activityType&quot; value=&quot;activity&quot; /&gt;
				&lt;param name=&quot;closingTime&quot; value=&quot;undefined&quot; /&gt;
				&lt;param name=&quot;earliestEndTime&quot; value=&quot;undefined&quot; /&gt;
				&lt;param name=&quot;latestStartTime&quot; value=&quot;undefined&quot; /&gt;
				&lt;param name=&quot;minimalDuration&quot; value=&quot;undefined&quot; /&gt;
				&lt;param name=&quot;openingTime&quot; value=&quot;undefined&quot; /&gt;
				&lt;param name=&quot;priority&quot; value=&quot;1.0&quot; /&gt;
				&lt;param name=&quot;scoringThisActivityAtAll&quot; value=&quot;false&quot; /&gt;

				&lt;!-- typical duration of activity.  needs to be defined and non-zero.  in sec. --&gt;
				&lt;param name=&quot;typicalDuration&quot; value=&quot;undefined&quot; /&gt;

				&lt;!-- method to compute score at typical duration.  Options: | uniform | relative | Use uniform for backwards compatibility (all activities same score; higher proba to drop long acts). --&gt;
				&lt;param name=&quot;typicalDurationScoreComputation&quot; value=&quot;relative&quot; /&gt;
			&lt;/parameterset&gt;

			&lt;parameterset type=&quot;modeParams&quot; &gt;

				&lt;!-- [utils] alternative-specific constant.  no guarantee that this is used anywhere. default=0 to be backwards compatible for the time being --&gt;
				&lt;param name=&quot;constant&quot; value=&quot;0.0&quot; /&gt;

				&lt;!-- [utils/m] utility of walking per m, normally negative.  this is on top of the time (dis)utility. --&gt;
				&lt;param name=&quot;marginalUtilityOfDistance_util_m&quot; value=&quot;0.0&quot; /&gt;

				&lt;!-- [utils/hr] additional marginal utility of traveling.  normally negative.  this comes on top of the opportunity cost of time --&gt;
				&lt;param name=&quot;marginalUtilityOfTraveling_util_hr&quot; value=&quot;-6.0&quot; /&gt;

				&lt;param name=&quot;mode&quot; value=&quot;car&quot; /&gt;

				&lt;!-- [unit_of_money/m] conversion of distance into money. Normally negative. --&gt;
				&lt;param name=&quot;monetaryDistanceRate&quot; value=&quot;0.0&quot; /&gt;
			&lt;/parameterset&gt;

			&lt;parameterset type=&quot;modeParams&quot; &gt;

				&lt;!-- [utils] alternative-specific constant.  no guarantee that this is used anywhere. default=0 to be backwards compatible for the time being --&gt;
				&lt;param name=&quot;constant&quot; value=&quot;0.0&quot; /&gt;

				&lt;!-- [utils/m] utility of walking per m, normally negative.  this is on top of the time (dis)utility. --&gt;
				&lt;param name=&quot;marginalUtilityOfDistance_util_m&quot; value=&quot;0.0&quot; /&gt;

				&lt;!-- [utils/hr] additional marginal utility of traveling.  normally negative.  this comes on top of the opportunity cost of time --&gt;
				&lt;param name=&quot;marginalUtilityOfTraveling_util_hr&quot; value=&quot;-6.0&quot; /&gt;

				&lt;param name=&quot;mode&quot; value=&quot;pt&quot; /&gt;

				&lt;!-- [unit_of_money/m] conversion of distance into money. Normally negative. --&gt;
				&lt;param name=&quot;monetaryDistanceRate&quot; value=&quot;0.0&quot; /&gt;
			&lt;/parameterset&gt;

			&lt;parameterset type=&quot;modeParams&quot; &gt;

				&lt;!-- [utils] alternative-specific constant.  no guarantee that this is used anywhere. default=0 to be backwards compatible for the time being --&gt;
				&lt;param name=&quot;constant&quot; value=&quot;0.0&quot; /&gt;

				&lt;!-- [utils/m] utility of walking per m, normally negative.  this is on top of the time (dis)utility. --&gt;
				&lt;param name=&quot;marginalUtilityOfDistance_util_m&quot; value=&quot;0.0&quot; /&gt;

				&lt;!-- [utils/hr] additional marginal utility of traveling.  normally negative.  this comes on top of the opportunity cost of time --&gt;
				&lt;param name=&quot;marginalUtilityOfTraveling_util_hr&quot; value=&quot;-6.0&quot; /&gt;

				&lt;param name=&quot;mode&quot; value=&quot;walk&quot; /&gt;

				&lt;!-- [unit_of_money/m] conversion of distance into money. Normally negative. --&gt;
				&lt;param name=&quot;monetaryDistanceRate&quot; value=&quot;0.0&quot; /&gt;
			&lt;/parameterset&gt;

			&lt;parameterset type=&quot;modeParams&quot; &gt;

				&lt;!-- [utils] alternative-specific constant.  no guarantee that this is used anywhere. default=0 to be backwards compatible for the time being --&gt;
				&lt;param name=&quot;constant&quot; value=&quot;0.0&quot; /&gt;

				&lt;!-- [utils/m] utility of walking per m, normally negative.  this is on top of the time (dis)utility. --&gt;
				&lt;param name=&quot;marginalUtilityOfDistance_util_m&quot; value=&quot;0.0&quot; /&gt;

				&lt;!-- [utils/hr] additional marginal utility of traveling.  normally negative.  this comes on top of the opportunity cost of time --&gt;
				&lt;param name=&quot;marginalUtilityOfTraveling_util_hr&quot; value=&quot;-6.0&quot; /&gt;

				&lt;param name=&quot;mode&quot; value=&quot;bike&quot; /&gt;

				&lt;!-- [unit_of_money/m] conversion of distance into money. Normally negative. --&gt;
				&lt;param name=&quot;monetaryDistanceRate&quot; value=&quot;0.0&quot; /&gt;
			&lt;/parameterset&gt;

			&lt;parameterset type=&quot;modeParams&quot; &gt;

				&lt;!-- [utils] alternative-specific constant.  no guarantee that this is used anywhere. default=0 to be backwards compatible for the time being --&gt;
				&lt;param name=&quot;constant&quot; value=&quot;0.0&quot; /&gt;

				&lt;!-- [utils/m] utility of walking per m, normally negative.  this is on top of the time (dis)utility. --&gt;
				&lt;param name=&quot;marginalUtilityOfDistance_util_m&quot; value=&quot;0.0&quot; /&gt;

				&lt;!-- [utils/hr] additional marginal utility of traveling.  normally negative.  this comes on top of the opportunity cost of time --&gt;
				&lt;param name=&quot;marginalUtilityOfTraveling_util_hr&quot; value=&quot;-6.0&quot; /&gt;

				&lt;param name=&quot;mode&quot; value=&quot;ride&quot; /&gt;

				&lt;!-- [unit_of_money/m] conversion of distance into money. Normally negative. --&gt;
				&lt;param name=&quot;monetaryDistanceRate&quot; value=&quot;0.0&quot; /&gt;
			&lt;/parameterset&gt;

			&lt;parameterset type=&quot;modeParams&quot; &gt;

				&lt;!-- [utils] alternative-specific constant.  no guarantee that this is used anywhere. default=0 to be backwards compatible for the time being --&gt;
				&lt;param name=&quot;constant&quot; value=&quot;0.0&quot; /&gt;

				&lt;!-- [utils/m] utility of walking per m, normally negative.  this is on top of the time (dis)utility. --&gt;
				&lt;param name=&quot;marginalUtilityOfDistance_util_m&quot; value=&quot;0.0&quot; /&gt;

				&lt;!-- [utils/hr] additional marginal utility of traveling.  normally negative.  this comes on top of the opportunity cost of time --&gt;
				&lt;param name=&quot;marginalUtilityOfTraveling_util_hr&quot; value=&quot;-6.0&quot; /&gt;

				&lt;param name=&quot;mode&quot; value=&quot;other&quot; /&gt;

				&lt;!-- [unit_of_money/m] conversion of distance into money. Normally negative. --&gt;
				&lt;param name=&quot;monetaryDistanceRate&quot; value=&quot;0.0&quot; /&gt;
			&lt;/parameterset&gt;

			&lt;parameterset type=&quot;modeParams&quot; &gt;

				&lt;!-- [utils] alternative-specific constant.  no guarantee that this is used anywhere. default=0 to be backwards compatible for the time being --&gt;
				&lt;param name=&quot;constant&quot; value=&quot;0.0&quot; /&gt;

				&lt;!-- [utils/m] utility of walking per m, normally negative.  this is on top of the time (dis)utility. --&gt;
				&lt;param name=&quot;marginalUtilityOfDistance_util_m&quot; value=&quot;0.0&quot; /&gt;

				&lt;!-- [utils/hr] additional marginal utility of traveling.  normally negative.  this comes on top of the opportunity cost of time --&gt;
				&lt;param name=&quot;marginalUtilityOfTraveling_util_hr&quot; value=&quot;8.86&quot; /&gt;

				&lt;param name=&quot;mode&quot; value=&quot;av&quot; /&gt;

				&lt;!-- [unit_of_money/m] conversion of distance into money. Normally negative. --&gt;
				&lt;param name=&quot;monetaryDistanceRate&quot; value=&quot;0.0&quot; /&gt;
			&lt;/parameterset&gt;
		&lt;/parameterset&gt;
	&lt;/module&gt;

&lt;!-- ====================================================================== --&gt;

	&lt;module name=&quot;plans&quot; &gt;

		&lt;!-- String: minOfDurationAndEndTime tryEndTimeThenDuration endTimeOnly. Anything besides minOfDurationAndEndTime will internally use a different (simpler) version of the TimeAllocationMutator. --&gt;
		&lt;param name=&quot;activityDurationInterpretation&quot; value=&quot;tryEndTimeThenDuration&quot; /&gt;

		&lt;!-- The Coordinates Reference System in which the coordinates are expressed in the input file. At import, the coordinates will be converted to the coordinate system defined in &quot;global&quot;, and willbe converted back at export. If not specified, no conversion happens. --&gt;
		&lt;param name=&quot;inputCRS&quot; value=&quot;null&quot; /&gt;

		&lt;!-- Path to a file containing person attributes (required file format: ObjectAttributes). --&gt;
		&lt;param name=&quot;inputPersonAttributesFile&quot; value=&quot;null&quot; /&gt;

		&lt;param name=&quot;inputPlansFile&quot; value=&quot;null&quot; /&gt;

		&lt;!-- Defines how routes are stored in memory. Currently supported: LinkNetworkRoute, CompressedNetworkRoute. --&gt;
		&lt;param name=&quot;networkRouteType&quot; value=&quot;LinkNetworkRoute&quot; /&gt;

		&lt;!-- (not tested) will remove plan attributes that are presumably not used, such as activityStartTime. default=false --&gt;
		&lt;param name=&quot;removingUnnecessaryPlanAttributes&quot; value=&quot;false&quot; /&gt;

		&lt;!-- Name of the (Object)Attribute defining the subpopulation to which pertains a Person (as freight, through traffic, etc.). The attribute must be of String type.  Change away from default only in desperate situations. --&gt;
		&lt;param name=&quot;subpopulationAttributeName&quot; value=&quot;subpopulation&quot; /&gt;
	&lt;/module&gt;

&lt;!-- ====================================================================== --&gt;

	&lt;module name=&quot;planscalcroute&quot; &gt;

		&lt;!-- All the modes for which the router is supposed to generate network routes (like car) --&gt;
		&lt;param name=&quot;networkModes&quot; value=&quot;car&quot; /&gt;

		&lt;parameterset type=&quot;teleportedModeParameters&quot; &gt;
			&lt;param name=&quot;beelineDistanceFactor&quot; value=&quot;1.3&quot; /&gt;
			&lt;param name=&quot;mode&quot; value=&quot;bike&quot; /&gt;

			&lt;!-- Free-speed factor for a teleported mode. Travel time = teleportedModeFreespeedFactor * &lt;freespeed car travel time&gt;. Insert a line like this for every such mode. Please do not set teleportedModeFreespeedFactor as well as teleportedModeSpeed for the same mode, but if you do, +teleportedModeFreespeedFactor wins over teleportedModeSpeed. --&gt;
			&lt;param name=&quot;teleportedModeFreespeedFactor&quot; value=&quot;null&quot; /&gt;

			&lt;!-- Speed for a teleported mode. Travel time = (&lt;beeline distance&gt; * beelineDistanceFactor) / teleportedModeSpeed. Insert a line like this for every such mode. --&gt;
			&lt;param name=&quot;teleportedModeSpeed&quot; value=&quot;4.166666666666667&quot; /&gt;
		&lt;/parameterset&gt;

		&lt;parameterset type=&quot;teleportedModeParameters&quot; &gt;
			&lt;param name=&quot;beelineDistanceFactor&quot; value=&quot;1.3&quot; /&gt;
			&lt;param name=&quot;mode&quot; value=&quot;walk&quot; /&gt;

			&lt;!-- Free-speed factor for a teleported mode. Travel time = teleportedModeFreespeedFactor * &lt;freespeed car travel time&gt;. Insert a line like this for every such mode. Please do not set teleportedModeFreespeedFactor as well as teleportedModeSpeed for the same mode, but if you do, +teleportedModeFreespeedFactor wins over teleportedModeSpeed. --&gt;
			&lt;param name=&quot;teleportedModeFreespeedFactor&quot; value=&quot;null&quot; /&gt;

			&lt;!-- Speed for a teleported mode. Travel time = (&lt;beeline distance&gt; * beelineDistanceFactor) / teleportedModeSpeed. Insert a line like this for every such mode. --&gt;
			&lt;param name=&quot;teleportedModeSpeed&quot; value=&quot;0.8333333333333333&quot; /&gt;
		&lt;/parameterset&gt;

		&lt;parameterset type=&quot;teleportedModeParameters&quot; &gt;
			&lt;param name=&quot;beelineDistanceFactor&quot; value=&quot;1.3&quot; /&gt;
			&lt;param name=&quot;mode&quot; value=&quot;access_walk&quot; /&gt;

			&lt;!-- Free-speed factor for a teleported mode. Travel time = teleportedModeFreespeedFactor * &lt;freespeed car travel time&gt;. Insert a line like this for every such mode. Please do not set teleportedModeFreespeedFactor as well as teleportedModeSpeed for the same mode, but if you do, +teleportedModeFreespeedFactor wins over teleportedModeSpeed. --&gt;
			&lt;param name=&quot;teleportedModeFreespeedFactor&quot; value=&quot;null&quot; /&gt;

			&lt;!-- Speed for a teleported mode. Travel time = (&lt;beeline distance&gt; * beelineDistanceFactor) / teleportedModeSpeed. Insert a line like this for every such mode. --&gt;
			&lt;param name=&quot;teleportedModeSpeed&quot; value=&quot;0.8333333333333333&quot; /&gt;
		&lt;/parameterset&gt;

		&lt;parameterset type=&quot;teleportedModeParameters&quot; &gt;
			&lt;param name=&quot;beelineDistanceFactor&quot; value=&quot;1.3&quot; /&gt;
			&lt;param name=&quot;mode&quot; value=&quot;egress_walk&quot; /&gt;

			&lt;!-- Free-speed factor for a teleported mode. Travel time = teleportedModeFreespeedFactor * &lt;freespeed car travel time&gt;. Insert a line like this for every such mode. Please do not set teleportedModeFreespeedFactor as well as teleportedModeSpeed for the same mode, but if you do, +teleportedModeFreespeedFactor wins over teleportedModeSpeed. --&gt;
			&lt;param name=&quot;teleportedModeFreespeedFactor&quot; value=&quot;null&quot; /&gt;

			&lt;!-- Speed for a teleported mode. Travel time = (&lt;beeline distance&gt; * beelineDistanceFactor) / teleportedModeSpeed. Insert a line like this for every such mode. --&gt;
			&lt;param name=&quot;teleportedModeSpeed&quot; value=&quot;0.8333333333333333&quot; /&gt;
		&lt;/parameterset&gt;

		&lt;parameterset type=&quot;teleportedModeParameters&quot; &gt;
			&lt;param name=&quot;beelineDistanceFactor&quot; value=&quot;1.3&quot; /&gt;
			&lt;param name=&quot;mode&quot; value=&quot;undefined&quot; /&gt;

			&lt;!-- Free-speed factor for a teleported mode. Travel time = teleportedModeFreespeedFactor * &lt;freespeed car travel time&gt;. Insert a line like this for every such mode. Please do not set teleportedModeFreespeedFactor as well as teleportedModeSpeed for the same mode, but if you do, +teleportedModeFreespeedFactor wins over teleportedModeSpeed. --&gt;
			&lt;param name=&quot;teleportedModeFreespeedFactor&quot; value=&quot;null&quot; /&gt;

			&lt;!-- Speed for a teleported mode. Travel time = (&lt;beeline distance&gt; * beelineDistanceFactor) / teleportedModeSpeed. Insert a line like this for every such mode. --&gt;
			&lt;param name=&quot;teleportedModeSpeed&quot; value=&quot;13.88888888888889&quot; /&gt;
		&lt;/parameterset&gt;

		&lt;parameterset type=&quot;teleportedModeParameters&quot; &gt;
			&lt;param name=&quot;beelineDistanceFactor&quot; value=&quot;1.3&quot; /&gt;
			&lt;param name=&quot;mode&quot; value=&quot;ride&quot; /&gt;

			&lt;!-- Free-speed factor for a teleported mode. Travel time = teleportedModeFreespeedFactor * &lt;freespeed car travel time&gt;. Insert a line like this for every such mode. Please do not set teleportedModeFreespeedFactor as well as teleportedModeSpeed for the same mode, but if you do, +teleportedModeFreespeedFactor wins over teleportedModeSpeed. --&gt;
			&lt;param name=&quot;teleportedModeFreespeedFactor&quot; value=&quot;1.0&quot; /&gt;

			&lt;!-- Speed for a teleported mode. Travel time = (&lt;beeline distance&gt; * beelineDistanceFactor) / teleportedModeSpeed. Insert a line like this for every such mode. --&gt;
			&lt;param name=&quot;teleportedModeSpeed&quot; value=&quot;null&quot; /&gt;
		&lt;/parameterset&gt;

		&lt;parameterset type=&quot;teleportedModeParameters&quot; &gt;
			&lt;param name=&quot;beelineDistanceFactor&quot; value=&quot;1.3&quot; /&gt;
			&lt;param name=&quot;mode&quot; value=&quot;pt&quot; /&gt;

			&lt;!-- Free-speed factor for a teleported mode. Travel time = teleportedModeFreespeedFactor * &lt;freespeed car travel time&gt;. Insert a line like this for every such mode. Please do not set teleportedModeFreespeedFactor as well as teleportedModeSpeed for the same mode, but if you do, +teleportedModeFreespeedFactor wins over teleportedModeSpeed. --&gt;
			&lt;param name=&quot;teleportedModeFreespeedFactor&quot; value=&quot;2.0&quot; /&gt;

			&lt;!-- Speed for a teleported mode. Travel time = (&lt;beeline distance&gt; * beelineDistanceFactor) / teleportedModeSpeed. Insert a line like this for every such mode. --&gt;
			&lt;param name=&quot;teleportedModeSpeed&quot; value=&quot;null&quot; /&gt;
		&lt;/parameterset&gt;
	&lt;/module&gt;

&lt;!-- ====================================================================== --&gt;

	&lt;module name=&quot;ptCounts&quot; &gt;

		&lt;!-- factor by which to re-scale the simulated values.  necessary when simulation runs with something different from 100%.  needs to be adapted manually --&gt;
		&lt;param name=&quot;countsScaleFactor&quot; value=&quot;1.0&quot; /&gt;

		&lt;!-- distance to distanceFilterCenterNode to include counting stations. The unit of distance is the Euclidean distance implied by the coordinate system --&gt;
		&lt;param name=&quot;distanceFilter&quot; value=&quot;null&quot; /&gt;

		&lt;!-- node id for center node of distance filter --&gt;
		&lt;param name=&quot;distanceFilterCenterNode&quot; value=&quot;null&quot; /&gt;

		&lt;!-- input file containing the alighting (getting off) counts for pt --&gt;
		&lt;param name=&quot;inputAlightCountsFile&quot; value=&quot;null&quot; /&gt;

		&lt;!-- input file containing the boarding (getting on) counts for pt --&gt;
		&lt;param name=&quot;inputBoardCountsFile&quot; value=&quot;null&quot; /&gt;

		&lt;!-- input file containing the occupancy counts for pt --&gt;
		&lt;param name=&quot;inputOccupancyCountsFile&quot; value=&quot;null&quot; /&gt;

		&lt;!-- possible values: `html&apos;, `kml&apos;, `txt&apos;, `all&apos; --&gt;
		&lt;param name=&quot;outputformat&quot; value=&quot;null&quot; /&gt;

		&lt;!-- every how many iterations (starting with 0) counts comparisons are generated --&gt;
		&lt;param name=&quot;ptCountsInterval&quot; value=&quot;10&quot; /&gt;
	&lt;/module&gt;

&lt;!-- ====================================================================== --&gt;

	&lt;module name=&quot;qsim&quot; &gt;
		&lt;param name=&quot;endTime&quot; value=&quot;20:00:00&quot; /&gt;
		&lt;param name=&quot;flowCapacityFactor&quot; value=&quot;1.0&quot; /&gt;

		&lt;!-- decides if waiting vehicles enter the network after or before the already driving vehicles were moved. Default: false --&gt;
		&lt;param name=&quot;insertingWaitingVehiclesBeforeDrivingVehicles&quot; value=&quot;false&quot; /&gt;

		&lt;!-- If link dynamics is set as SeepageQ, set to false if all seep modes should perform seepage. Default is true (better option). --&gt;
		&lt;param name=&quot;isRestrictingSeepage&quot; value=&quot;true&quot; /&gt;

		&lt;!-- If link dynamics is set as SeepageQ, set to true if seep mode do not consumes any space on the link. Default is false. --&gt;
		&lt;param name=&quot;isSeepModeStorageFree&quot; value=&quot;false&quot; /&gt;

		&lt;!-- default: FIFO; options: FIFO PassingQ SeepageQ --&gt;
		&lt;param name=&quot;linkDynamics&quot; value=&quot;FIFO&quot; /&gt;

		&lt;!-- The (initial) width of the links of the network. Use positive floating point values. This is used only for visualisation. --&gt;
		&lt;param name=&quot;linkWidth&quot; value=&quot;30.0&quot; /&gt;

		&lt;!-- [comma-separated list] Defines which modes are congested modes. Technically, these are the modes that the departure handler of the netsimengine handles.  Effective cell size, effective lane width, flow capacity factor, and storage capacity factor need to be set with diligence.  Need to be vehicular modes to make sense. --&gt;
		&lt;param name=&quot;mainMode&quot; value=&quot;car&quot; /&gt;

		&lt;!-- Shortens a link in the visualization, i.e. its start and end point are moved into towards the center. Does not affect traffic flow.  --&gt;
		&lt;param name=&quot;nodeOffset&quot; value=&quot;0.0&quot; /&gt;

		&lt;!-- Number of threads used for the QSim.  Note that this setting is independent from the &quot;global&quot; threads setting.  In contrast to earlier versions, the non-parallel special version is no longer there. --&gt;
		&lt;param name=&quot;numberOfThreads&quot; value=&quot;1&quot; /&gt;

		&lt;!-- Boolean. `true&apos;: stuck vehicles are removed, aborting the plan; `false&apos;: stuck vehicles are forced into the next link. `false&apos; is probably the better choice. --&gt;
		&lt;param name=&quot;removeStuckVehicles&quot; value=&quot;false&quot; /&gt;

		&lt;!-- If link dynamics is set as SeepageQ, set a seep mode. Default is bike. --&gt;
		&lt;param name=&quot;seepMode&quot; value=&quot;bike&quot; /&gt;

		&lt;!-- Possible values: minOfEndtimeAndMobsimFinished, onlyUseEndtime --&gt;
		&lt;param name=&quot;simEndtimeInterpretation&quot; value=&quot;null&quot; /&gt;

		&lt;!-- Options: maxOfStarttimeAndEarliestActivityEnd onlyUseStarttime  --&gt;
		&lt;param name=&quot;simStarttimeInterpretation&quot; value=&quot;maxOfStarttimeAndEarliestActivityEnd&quot; /&gt;

		&lt;!-- snapshotStyle. One of: equiDist queue withHoles withHolesAndShowHoles kinematicWaves  --&gt;
		&lt;param name=&quot;snapshotStyle&quot; value=&quot;equiDist&quot; /&gt;

		&lt;param name=&quot;snapshotperiod&quot; value=&quot;00:00:00&quot; /&gt;
		&lt;param name=&quot;startTime&quot; value=&quot;undefined&quot; /&gt;
		&lt;param name=&quot;storageCapacityFactor&quot; value=&quot;1.0&quot; /&gt;

		&lt;!-- time in seconds.  Time after which the frontmost vehicle on a link is called `stuck&apos; if it does not move. --&gt;
		&lt;param name=&quot;stuckTime&quot; value=&quot;10.0&quot; /&gt;

		&lt;param name=&quot;timeStepSize&quot; value=&quot;00:00:01&quot; /&gt;

		&lt;!-- options: queue withHoles kinematicWaves  --&gt;
		&lt;param name=&quot;trafficDynamics&quot; value=&quot;queue&quot; /&gt;

		&lt;!-- Set this parameter to true if lanes should be used, false if not. --&gt;
		&lt;param name=&quot;useLanes&quot; value=&quot;false&quot; /&gt;

		&lt;!-- If a route does not reference a vehicle, agents will use the vehicle with the same id as their own. --&gt;
		&lt;param name=&quot;usePersonIdForMissingVehicleId&quot; value=&quot;true&quot; /&gt;

		&lt;!-- If false, the qsim accumulates fractional flows up to one flow unit in every time step.  If true, flows are updated only if an agent wants to enter the link or an agent is added to buffer. Default is true. --&gt;
		&lt;param name=&quot;usingFastCapacityUpdate&quot; value=&quot;true&quot; /&gt;

		&lt;!-- if the qsim should use as many runners as there are threads (Christoph&apos;s dissertation version) or more of them, together with a thread pool (seems to be faster in some situations, but is not tested). --&gt;
		&lt;param name=&quot;usingThreadpool&quot; value=&quot;true&quot; /&gt;

		&lt;!-- Defines what happens if an agent wants to depart, but the specified vehicle is not available. One of: teleport wait exception  --&gt;
		&lt;param name=&quot;vehicleBehavior&quot; value=&quot;teleport&quot; /&gt;

		&lt;!-- If vehicles should all be the same default vehicle, or come from the vehicles file, or something else.  Possible values:  defaultVehicle modeVehicleTypesFromVehiclesData fromVehiclesData --&gt;
		&lt;param name=&quot;vehiclesSource&quot; value=&quot;defaultVehicle&quot; /&gt;
	&lt;/module&gt;

&lt;!-- ====================================================================== --&gt;

	&lt;module name=&quot;scenario&quot; &gt;
	&lt;/module&gt;

&lt;!-- ====================================================================== --&gt;

	&lt;module name=&quot;strategy&quot; &gt;

		&lt;!-- the external executable will be called with a config file as argument.  This is the pathname to a possible skeleton config, to which additional information will be added.  Can be null. --&gt;
		&lt;param name=&quot;ExternalExeConfigTemplate&quot; value=&quot;null&quot; /&gt;

		&lt;!-- time out value (in seconds) after which matsim will consider the external strategy as failed --&gt;
		&lt;param name=&quot;ExternalExeTimeOut&quot; value=&quot;3600&quot; /&gt;

		&lt;!-- root directory for temporary files generated by the external executable. Provided as a service; I don&apos;t think this is used by MATSim. --&gt;
		&lt;param name=&quot;ExternalExeTmpFileRootDir&quot; value=&quot;null&quot; /&gt;

		&lt;!-- fraction of iterations where innovative strategies are switched off.  Something link 0.8 should be good.  E.g. if you run from iteration 400 to iteration 500, innovation is switched off at iteration 480 --&gt;
		&lt;param name=&quot;fractionOfIterationsToDisableInnovation&quot; value=&quot;Infinity&quot; /&gt;

		&lt;!-- maximum number of plans per agent.  ``0&apos;&apos; means ``infinity&apos;&apos;.  Currently (2010), ``5&apos;&apos; is a good number --&gt;
		&lt;param name=&quot;maxAgentPlanMemorySize&quot; value=&quot;5&quot; /&gt;

		&lt;!-- strategyName of PlanSelector for plans removal.  Possible defaults: WorstPlanSelector SelectRandom SelectExpBetaForRemoval ChangeExpBetaForRemoval PathSizeLogitSelectorForRemoval . The current default, WorstPlanSelector is not a good choice from a discrete choice theoretical perspective. Alternatives, however, have not been systematically tested. kai, feb&apos;12 --&gt;
		&lt;param name=&quot;planSelectorForRemoval&quot; value=&quot;WorstPlanSelector&quot; /&gt;
	&lt;/module&gt;

&lt;!-- ====================================================================== --&gt;

	&lt;module name=&quot;subtourModeChoice&quot; &gt;

		&lt;!-- Defines the chain-based modes, seperated by commas --&gt;
		&lt;param name=&quot;chainBasedModes&quot; value=&quot;car,bike&quot; /&gt;

		&lt;!-- Defines whether car availability must be considered or not. A agent has no car only if it has no license, or never access to a car --&gt;
		&lt;param name=&quot;considerCarAvailability&quot; value=&quot;false&quot; /&gt;

		&lt;!-- Defines all the modes available, including chain-based modes, seperated by commas --&gt;
		&lt;param name=&quot;modes&quot; value=&quot;car,pt,bike,walk&quot; /&gt;
	&lt;/module&gt;

&lt;!-- ====================================================================== --&gt;

	&lt;module name=&quot;transit&quot; &gt;

		&lt;!-- The Coordinates Reference System in which the coordinates are expressed in the input file. At import, the coordinates will be converted to the coordinate system defined in &quot;global&quot;, and willbe converted back at export. If not specified, no conversion happens. --&gt;
		&lt;param name=&quot;inputScheduleCRS&quot; value=&quot;null&quot; /&gt;

		&lt;!-- Optional input file containing additional attributes for transit lines, stored as ObjectAttributes. --&gt;
		&lt;param name=&quot;transitLinesAttributesFile&quot; value=&quot;null&quot; /&gt;

		&lt;!-- Comma-separated list of transportation modes that are handled as transit. Defaults to &apos;pt&apos;. --&gt;
		&lt;param name=&quot;transitModes&quot; value=&quot;pt&quot; /&gt;

		&lt;!-- Input file containing the transit schedule to be simulated. --&gt;
		&lt;param name=&quot;transitScheduleFile&quot; value=&quot;null&quot; /&gt;

		&lt;!-- Optional input file containing additional attributes for transit stop facilities, stored as ObjectAttributes. --&gt;
		&lt;param name=&quot;transitStopsAttributesFile&quot; value=&quot;null&quot; /&gt;

		&lt;!-- Set this parameter to true if transit should be simulated, false if not. --&gt;
		&lt;param name=&quot;useTransit&quot; value=&quot;false&quot; /&gt;

		&lt;!-- Input file containing the vehicles used by the departures in the transit schedule. --&gt;
		&lt;param name=&quot;vehiclesFile&quot; value=&quot;null&quot; /&gt;
	&lt;/module&gt;

&lt;!-- ====================================================================== --&gt;

	&lt;module name=&quot;transitRouter&quot; &gt;

		&lt;!-- additional time the router allocates when a line switch happens. Can be interpreted as a &apos;safety&apos; time that agents need to safely transfer from one line to another --&gt;
		&lt;param name=&quot;additionalTransferTime&quot; value=&quot;0.0&quot; /&gt;

		&lt;!-- Factor with which direct walk generalized cost is multiplied before it is compared to the pt generalized cost.  Set to a very high value to reduce direct walk results. --&gt;
		&lt;param name=&quot;directWalkFactor&quot; value=&quot;1.0&quot; /&gt;

		&lt;!-- step size to increase searchRadius if no stops are found --&gt;
		&lt;param name=&quot;extensionRadius&quot; value=&quot;200.0&quot; /&gt;

		&lt;!-- maximum beeline distance between stops that agents could transfer to by walking --&gt;
		&lt;param name=&quot;maxBeelineWalkConnectionDistance&quot; value=&quot;100.0&quot; /&gt;

		&lt;!-- the radius in which stop locations are searched, given a start or target coordinate --&gt;
		&lt;param name=&quot;searchRadius&quot; value=&quot;1000.0&quot; /&gt;
	&lt;/module&gt;

&lt;!-- ====================================================================== --&gt;

	&lt;module name=&quot;travelTimeCalculator&quot; &gt;

		&lt;!-- Transport modes that will be respected by the travel time collector. &apos;car&apos; is default, which includes also busses from the pt simulation module. Use this parameter in combination with &apos;filterModes&apos; = true! --&gt;
		&lt;param name=&quot;analyzedModes&quot; value=&quot;car&quot; /&gt;

		&lt;param name=&quot;calculateLinkToLinkTravelTimes&quot; value=&quot;false&quot; /&gt;
		&lt;param name=&quot;calculateLinkTravelTimes&quot; value=&quot;true&quot; /&gt;

		&lt;!-- If true, link travel times from legs performed on modes not included in the &apos;analyzedModes&apos; parameter are ignored. --&gt;
		&lt;param name=&quot;filterModes&quot; value=&quot;false&quot; /&gt;

		&lt;!-- The lenght (in sec) of the time period that is splited into time bins; an additional time bin is created to aggregate all travel times collected after maxTime --&gt;
		&lt;param name=&quot;maxTime&quot; value=&quot;108000&quot; /&gt;

		&lt;!-- If true, link travel times are measured and calculated separately for each mode in analyzedModes. Other modes are ignored. If true, filterModes has no effect. --&gt;
		&lt;param name=&quot;separateModes&quot; value=&quot;false&quot; /&gt;

		&lt;!-- How to deal with congested time bins that have no link entry events. `optimistic&apos; assumes free speed (too optimistic); &apos;experimental_LastMile&apos; is experimental and probably too pessimistic. --&gt;
		&lt;param name=&quot;travelTimeAggregator&quot; value=&quot;optimistic&quot; /&gt;

		&lt;!-- The size of the time bin (in sec) into which the link travel times are aggregated for the router --&gt;
		&lt;param name=&quot;travelTimeBinSize&quot; value=&quot;900&quot; /&gt;

		&lt;!-- possible values: nullTravelTimeCalculatorArray TravelTimeCalculatorHashMap  --&gt;
		&lt;param name=&quot;travelTimeCalculator&quot; value=&quot;TravelTimeCalculatorArray&quot; /&gt;

		&lt;!-- How to deal with link entry times at different positions during the time bin. Currently supported: average, linearinterpolation --&gt;
		&lt;param name=&quot;travelTimeGetter&quot; value=&quot;average&quot; /&gt;
	&lt;/module&gt;

&lt;!-- ====================================================================== --&gt;

	&lt;module name=&quot;vehicles&quot; &gt;
		&lt;param name=&quot;vehiclesFile&quot; value=&quot;null&quot; /&gt;
	&lt;/module&gt;

&lt;!-- ====================================================================== --&gt;

	&lt;module name=&quot;vspExperimental&quot; &gt;

		&lt;!-- (do not use except of you have to) There was a problem with pt interaction scoring.  Some people solved it by overwriting the parameters of the pt interaction activity type.  Doing this now throws an Exception.  If you still insist on doing this, set the following to true. --&gt;
		&lt;param name=&quot;isAbleToOverwritePtInteractionParams&quot; value=&quot;false&quot; /&gt;

		&lt;param name=&quot;isGeneratingBoardingDeniedEvent&quot; value=&quot;false&quot; /&gt;

		&lt;!-- if an approximation of the opportunity cost of time is included into the radius calculation for location choice.`true&apos; will be faster, but it is an approximation.  Default is `true&apos;; `false&apos; is available for backwards compatibility. --&gt;
		&lt;param name=&quot;isUsingOpportunityCostOfTimeForLocationChoice&quot; value=&quot;true&quot; /&gt;

		&lt;param name=&quot;logitScaleParamForPlansRemoval&quot; value=&quot;1.0&quot; /&gt;

		&lt;!-- Options: | ignore | info | warn | abort | .  When violating VSP defaults, this results in nothing, logfile infos, logfile warnings, or aborts.  Members of VSP should use `abort&apos; or talk to kai. --&gt;
		&lt;param name=&quot;vspDefaultsCheckingLevel&quot; value=&quot;ignore&quot; /&gt;

		&lt;!-- if true then writes output_events in output directory.  default is `false&apos;. Will only work when lastIteration is multiple of events writing interval --&gt;
		&lt;param name=&quot;writingOutputEvents&quot; value=&quot;true&quot; /&gt;
	&lt;/module&gt;

&lt;!-- ====================================================================== --&gt;

&lt;/config&gt;

2018-06-01 06:11:29,631  INFO ControlerUtils:63 Complete config dump done.
2018-06-01 06:11:29,631  INFO ControlerUtils:64 Checking consistency of config...
2018-06-01 06:11:29,632  INFO PlanCalcScoreConfigGroup$ScoringParameterSet:1233 NO OPENING OR CLOSING TIMES DEFINED!


There is no activity type that has an opening *and* closing time (or opening time and late penalty) defined.
This usually means that the activity chains can be shifted by an arbitrary
number of hours without having an effect on the score of the plans, and thus
resulting in wrong results / traffic patterns.
If you are using MATSim without time adaptation, you can ignore this warning.



2018-06-01 06:11:29,632  INFO VspConfigConsistencyCheckerImpl:58 NOT running vsp config consistency check because vsp defaults checking level is set to IGNORE
2018-06-01 06:11:29,632  INFO ControlerUtils:66 Checking consistency of config done.
2018-06-01 06:11:29,633  INFO PrepareForSimImpl:70 Network seems to be multimodal. Create car-only network which is handed over to PersonPrepareForSim.
2018-06-01 06:11:29,633  INFO NetworkImpl:156  node # 1
2018-06-01 06:11:29,633  INFO NetworkImpl:156  node # 2
2018-06-01 06:11:29,634  INFO NetworkImpl:156  node # 4
2018-06-01 06:11:29,634  INFO NetworkImpl:156  node # 8
2018-06-01 06:11:29,634  INFO NetworkImpl:156  node # 16
2018-06-01 06:11:29,634  INFO NetworkImpl:156  node # 32
2018-06-01 06:11:29,634  INFO NetworkImpl:156  node # 64
2018-06-01 06:11:29,635  INFO NetworkImpl:152  link # 1
2018-06-01 06:11:29,635  INFO NetworkImpl:152  link # 2
2018-06-01 06:11:29,635  INFO NetworkImpl:152  link # 4
2018-06-01 06:11:29,635  INFO NetworkImpl:152  link # 8
2018-06-01 06:11:29,635  INFO NetworkImpl:152  link # 16
2018-06-01 06:11:29,636  INFO NetworkImpl:152  link # 32
2018-06-01 06:11:29,636  INFO NetworkImpl:152  link # 64
2018-06-01 06:11:29,636  INFO NetworkImpl:152  link # 128
2018-06-01 06:11:29,637  INFO NetworkImpl:152  link # 256
2018-06-01 06:11:29,639  INFO Counter:61 [PersonPrepareForSim] handled person # 1
2018-06-01 06:11:29,639  INFO Counter:61 [PersonPrepareForSim] handled person # 2
2018-06-01 06:11:29,641  INFO Counter:61 [PersonPrepareForSim] handled person # 4
2018-06-01 06:11:29,642  INFO Counter:61 [PersonPrepareForSim] handled person # 8
2018-06-01 06:11:29,642  INFO Counter:61 [PersonPrepareForSim] handled person # 16
2018-06-01 06:11:29,643  INFO Counter:61 [PersonPrepareForSim] handled person # 32
2018-06-01 06:11:29,644  INFO Counter:61 [PersonPrepareForSim] handled person # 64
2018-06-01 06:11:29,646  INFO Counter:67 [PersonPrepareForSim] handled person # 100
2018-06-01 06:11:29,647  INFO AbstractController:133 ###################################################
2018-06-01 06:11:29,647  INFO AbstractController:134 ### ITERATION 0 BEGINS
2018-06-01 06:11:29,648  INFO ControlerListenerManagerImpl:145 calling notifyIterationStarts on org.matsim.analysis.LegHistogramListener
2018-06-01 06:11:29,648  INFO ControlerListenerManagerImpl:145 calling notifyIterationStarts on org.matsim.analysis.LinkStatsControlerListener
2018-06-01 06:11:29,648  INFO ControlerListenerManagerImpl:145 calling notifyIterationStarts on org.matsim.core.replanning.ReplanningContextImpl
2018-06-01 06:11:29,649  INFO ControlerListenerManagerImpl:145 calling notifyIterationStarts on org.matsim.core.scoring.ExperiencedPlansServiceImpl$1
2018-06-01 06:11:29,649  INFO ControlerListenerManagerImpl:145 calling notifyIterationStarts on org.matsim.core.scoring.ScoringFunctionsForPopulation$1
2018-06-01 06:11:29,650  INFO ControlerListenerManagerImpl:148 [it.0] all ControlerIterationStartsListeners called.
2018-06-01 06:11:29,650  INFO ControlerListenerManagerImpl:224 calling notifyBeforeMobsim on org.matsim.core.controler.corelisteners.EventsHandlingImpl
2018-06-01 06:11:29,651  INFO EventsManagerImpl:170 resetting Event-Handlers
2018-06-01 06:11:29,651  INFO EventsManagerImpl:177   org.matsim.core.trafficmonitoring.TravelTimeCalculator
2018-06-01 06:11:29,651  INFO EventsManagerImpl:177   org.matsim.core.scoring.EventsToLegs
2018-06-01 06:11:29,652  INFO EventsManagerImpl:177   ch.ethz.idsc.amodeus.matsim.StandardMATSimScenarioTest$4$1
2018-06-01 06:11:29,652  INFO EventsManagerImpl:177   org.matsim.analysis.VolumesAnalyzer
2018-06-01 06:11:29,652  INFO EventsManagerImpl:177   org.matsim.core.scoring.EventsToActivities
2018-06-01 06:11:29,652  INFO EventsManagerImpl:177   org.matsim.analysis.CalcLegTimes
2018-06-01 06:11:29,652  INFO EventsManagerImpl:177   org.matsim.analysis.LegHistogram
2018-06-01 06:11:29,653  INFO EventsManagerImpl:177   ch.ethz.matsim.av.scenario.TestScenarioAnalyzer
2018-06-01 06:11:29,653  INFO EventsManagerImpl:177   org.matsim.core.scoring.ScoringFunctionsForPopulation
2018-06-01 06:11:29,653  INFO ControlerListenerManagerImpl:224 calling notifyBeforeMobsim on org.matsim.core.controler.corelisteners.PlansDumpingImpl
2018-06-01 06:11:29,653  INFO ControlerListenerManagerImpl:229 calling notifyBeforeMobsim on org.matsim.core.population.VspPlansCleaner
2018-06-01 06:11:29,654  INFO ControlerListenerManagerImpl:229 calling notifyBeforeMobsim on ch.ethz.matsim.av.data.AVLoader
2018-06-01 06:11:29,654  INFO ControlerListenerManagerImpl:232 [it.0] all ControlerBeforeMobsimListeners called.
2018-06-01 06:11:29,663  INFO MobsimListenerManager:49 calling addQueueSimulationListener
2018-06-01 06:11:29,664  INFO MobsimListenerManager:53   assigned class org.matsim.core.mobsim.framework.listeners.MobsimListener to interface org.matsim.contrib.dvrp.trafficmonitoring.DvrpTravelTimeEstimatorImpl
2018-06-01 06:11:29,664  INFO MobsimListenerManager:53   assigned class org.matsim.core.mobsim.framework.listeners.MobsimListener to interface org.matsim.core.mobsim.framework.listeners.MobsimBeforeCleanupListener
2018-06-01 06:11:29,665  INFO MobsimListenerManager:53   assigned class org.matsim.core.mobsim.framework.listeners.MobsimListener to interface org.matsim.core.mobsim.framework.listeners.MobsimListener
2018-06-01 06:11:29,665  INFO MobsimListenerManager:53   assigned class org.matsim.core.mobsim.framework.listeners.MobsimListener to interface org.matsim.contrib.dvrp.trafficmonitoring.DvrpTravelTimeEstimator
2018-06-01 06:11:29,666  INFO MobsimListenerManager:49 calling addQueueSimulationListener
2018-06-01 06:11:29,666  INFO MobsimListenerManager:53   assigned class org.matsim.core.mobsim.framework.listeners.MobsimListener to interface org.matsim.vis.snapshotwriters.SnapshotWriterManager
2018-06-01 06:11:29,666  INFO MobsimListenerManager:53   assigned class org.matsim.core.mobsim.framework.listeners.MobsimListener to interface org.matsim.core.mobsim.framework.listeners.MobsimInitializedListener
2018-06-01 06:11:29,667  INFO MobsimListenerManager:53   assigned class org.matsim.core.mobsim.framework.listeners.MobsimListener to interface org.matsim.core.mobsim.framework.listeners.MobsimAfterSimStepListener
2018-06-01 06:11:29,667  INFO MobsimListenerManager:53   assigned class org.matsim.core.mobsim.framework.listeners.MobsimListener to interface org.matsim.core.mobsim.framework.listeners.MobsimBeforeCleanupListener
2018-06-01 06:11:29,667  INFO MobsimListenerManager:53   assigned class org.matsim.core.mobsim.framework.listeners.MobsimListener to interface org.matsim.core.mobsim.framework.listeners.MobsimListener
2018-06-01 06:11:29,672  INFO Injector:83 org.matsim.core.mobsim.qsim.qnetsimengine.VehicularDepartureHandler 
2018-06-01 06:11:29,673  INFO Injector:84   --&gt; provider: Key[type=org.matsim.core.mobsim.qsim.qnetsimengine.QNetsimEngineDepartureHandlerProvider, annotation=[none]][Scopes.SINGLETON]
2018-06-01 06:11:29,673  INFO Injector:85   --&gt; source: org.matsim.core.mobsim.qsim.qnetsimengine.QNetsimEnginePlugin$1.configure(QNetsimEnginePlugin.java:25)
2018-06-01 06:11:29,673  INFO Injector:87   --&gt; scope: eager singleton
2018-06-01 06:11:29,674  INFO Injector:91 
2018-06-01 06:11:29,674  INFO Injector:83 org.matsim.core.mobsim.qsim.agents.AgentFactory 
2018-06-01 06:11:29,674  INFO Injector:84   --&gt; provider: FactoryProxy{key=Key[type=org.matsim.core.mobsim.qsim.agents.AgentFactory, annotation=[none]], provider=com.google.inject.internal.ConstructorBindingImpl$Factory@33bdd01}[Scopes.SINGLETON]
2018-06-01 06:11:29,675  INFO Injector:85   --&gt; source: org.matsim.core.mobsim.qsim.PopulationPlugin$1.configure(PopulationPlugin.java:30)
2018-06-01 06:11:29,675  INFO Injector:87   --&gt; scope: eager singleton
2018-06-01 06:11:29,675  INFO Injector:91 
2018-06-01 06:11:29,675  INFO Injector:83 org.matsim.contrib.dvrp.vrpagent.VrpLegs$LegCreator 
2018-06-01 06:11:29,676  INFO Injector:84   --&gt; provider: @Provides ch.ethz.idsc.amodeus.matsim.mod.AmodeusQSimModule$1.provideLegCreator(AmodeusQSimModule.java:32)[Scopes.SINGLETON]
2018-06-01 06:11:29,676  INFO Injector:85   --&gt; source: org.matsim.contrib.dvrp.vrpagent.VrpLegs$LegCreator ch.ethz.idsc.amodeus.matsim.mod.AmodeusQSimModule$1.provideLegCreator(ch.ethz.matsim.av.schedule.AVOptimizer,org.matsim.core.mobsim.qsim.QSim)
2018-06-01 06:11:29,676  INFO Injector:87   --&gt; scope: Scopes.SINGLETON
2018-06-01 06:11:29,677  INFO Injector:91 
2018-06-01 06:11:29,677  INFO Injector:83 org.matsim.contrib.dvrp.passenger.PassengerEngine 
2018-06-01 06:11:29,677  INFO Injector:84   --&gt; provider: @Provides ch.ethz.matsim.av.framework.AVQSimModule.providePassengerEngine(AVQSimModule.java:48)[Scopes.SINGLETON]
2018-06-01 06:11:29,678  INFO Injector:85   --&gt; source: public org.matsim.contrib.dvrp.passenger.PassengerEngine ch.ethz.matsim.av.framework.AVQSimModule.providePassengerEngine(org.matsim.core.api.experimental.events.EventsManager,ch.ethz.matsim.av.passenger.AVRequestCreator,ch.ethz.matsim.av.schedule.AVOptimizer,org.matsim.api.core.v01.network.Network)
2018-06-01 06:11:29,678  INFO Injector:87   --&gt; scope: Scopes.SINGLETON
2018-06-01 06:11:29,678  INFO Injector:91 
2018-06-01 06:11:29,678  INFO Injector:83 org.matsim.contrib.dvrp.vrpagent.VrpAgentSource 
2018-06-01 06:11:29,679  INFO Injector:84   --&gt; provider: @Provides ch.ethz.matsim.av.framework.AVQSimModule.provideAgentSource(AVQSimModule.java:65)[Scopes.SINGLETON]
2018-06-01 06:11:29,679  INFO Injector:85   --&gt; source: public org.matsim.contrib.dvrp.vrpagent.VrpAgentSource ch.ethz.matsim.av.framework.AVQSimModule.provideAgentSource(ch.ethz.matsim.av.vrpagent.AVActionCreator,ch.ethz.matsim.av.data.AVData,ch.ethz.matsim.av.schedule.AVOptimizer,org.matsim.vehicles.VehicleType,org.matsim.core.mobsim.qsim.QSim)
2018-06-01 06:11:29,679  INFO Injector:87   --&gt; scope: Scopes.SINGLETON
2018-06-01 06:11:29,679  INFO Injector:91 
2018-06-01 06:11:29,680  INFO Injector:83 org.matsim.core.mobsim.qsim.interfaces.Netsim 
2018-06-01 06:11:29,680  INFO Injector:84   --&gt; provider: FactoryProxy{key=Key[type=org.matsim.core.mobsim.qsim.interfaces.Netsim, annotation=[none]], provider=com.google.inject.internal.ConstructorBindingImpl$Factory@45287377[Scopes.SINGLETON]}
2018-06-01 06:11:29,680  INFO Injector:85   --&gt; source: org.matsim.core.mobsim.qsim.QSimProvider$1.configure(QSimProvider.java:65)
2018-06-01 06:11:29,680  INFO Injector:87   --&gt; scope: Scopes.NO_SCOPE
2018-06-01 06:11:29,680  INFO Injector:91 
2018-06-01 06:11:29,681  INFO Injector:83 org.matsim.core.mobsim.jdeqsim.MessageQueue 
2018-06-01 06:11:29,681  INFO Injector:84   --&gt; provider: com.google.inject.internal.ConstructorBindingImpl$Factory@63f9ddf9[Scopes.SINGLETON]
2018-06-01 06:11:29,681  INFO Injector:85   --&gt; source: org.matsim.core.mobsim.qsim.messagequeueengine.MessageQueuePlugin$1.configure(MessageQueuePlugin.java:24)
2018-06-01 06:11:29,681  INFO Injector:87   --&gt; scope: eager singleton
2018-06-01 06:11:29,681  INFO Injector:91 
2018-06-01 06:11:29,682  INFO Injector:83 org.matsim.core.mobsim.qsim.jdeqsimengine.SteppableScheduler 
2018-06-01 06:11:29,682  INFO Injector:84   --&gt; provider: com.google.inject.internal.ConstructorBindingImpl$Factory@29bd85db[Scopes.SINGLETON]
2018-06-01 06:11:29,682  INFO Injector:85   --&gt; source: org.matsim.core.mobsim.qsim.messagequeueengine.MessageQueuePlugin$1.configure(MessageQueuePlugin.java:25)
2018-06-01 06:11:29,682  INFO Injector:87   --&gt; scope: eager singleton
2018-06-01 06:11:29,682  INFO Injector:91 
2018-06-01 06:11:29,683  INFO Injector:83 org.matsim.core.mobsim.qsim.messagequeueengine.MessageQueueEngine 
2018-06-01 06:11:29,683  INFO Injector:84   --&gt; provider: com.google.inject.internal.ConstructorBindingImpl$Factory@2eb1c615[Scopes.SINGLETON]
2018-06-01 06:11:29,683  INFO Injector:85   --&gt; source: org.matsim.core.mobsim.qsim.messagequeueengine.MessageQueuePlugin$1.configure(MessageQueuePlugin.java:26)
2018-06-01 06:11:29,683  INFO Injector:87   --&gt; scope: eager singleton
2018-06-01 06:11:29,683  INFO Injector:91 
2018-06-01 06:11:29,684  INFO Injector:83 org.matsim.contrib.dynagent.run.DynActivityEngine 
2018-06-01 06:11:29,684  INFO Injector:84   --&gt; provider: com.google.inject.internal.ConstructorBindingImpl$Factory@4e974b9e[Scopes.SINGLETON]
2018-06-01 06:11:29,684  INFO Injector:85   --&gt; source: org.matsim.contrib.dynagent.run.DynActivityEnginePlugin$1.configure(DynActivityEnginePlugin.java:24)
2018-06-01 06:11:29,684  INFO Injector:87   --&gt; scope: eager singleton
2018-06-01 06:11:29,684  INFO Injector:91 
2018-06-01 06:11:29,685  INFO Injector:83 org.matsim.core.mobsim.qsim.qnetsimengine.QNetsimEngine 
2018-06-01 06:11:29,685  INFO Injector:84   --&gt; provider: com.google.inject.internal.ConstructorBindingImpl$Factory@2a5abd3c[Scopes.SINGLETON]
2018-06-01 06:11:29,685  INFO Injector:85   --&gt; source: org.matsim.core.mobsim.qsim.qnetsimengine.QNetsimEnginePlugin$1.configure(QNetsimEnginePlugin.java:24)
2018-06-01 06:11:29,685  INFO Injector:87   --&gt; scope: eager singleton
2018-06-01 06:11:29,685  INFO Injector:91 
2018-06-01 06:11:29,686  INFO Injector:83 org.matsim.core.mobsim.qsim.DefaultTeleportationEngine 
2018-06-01 06:11:29,686  INFO Injector:84   --&gt; provider: com.google.inject.internal.ConstructorBindingImpl$Factory@3f6c2763[Scopes.SINGLETON]
2018-06-01 06:11:29,686  INFO Injector:85   --&gt; source: org.matsim.core.mobsim.qsim.TeleportationPlugin$1.configure(TeleportationPlugin.java:21)
2018-06-01 06:11:29,686  INFO Injector:87   --&gt; scope: eager singleton
2018-06-01 06:11:29,686  INFO Injector:91 
2018-06-01 06:11:29,687  INFO Injector:83 org.matsim.core.mobsim.qsim.agents.PopulationAgentSource 
2018-06-01 06:11:29,687  INFO Injector:84   --&gt; provider: com.google.inject.internal.ConstructorBindingImpl$Factory@3ffd4b12[Scopes.SINGLETON]
2018-06-01 06:11:29,687  INFO Injector:85   --&gt; source: org.matsim.core.mobsim.qsim.PopulationPlugin$1.configure(PopulationPlugin.java:26)
2018-06-01 06:11:29,687  INFO Injector:87   --&gt; scope: eager singleton
2018-06-01 06:11:29,687  INFO Injector:91 
2018-06-01 06:11:29,688  INFO Injector:83 org.matsim.core.mobsim.qsim.QSim 
2018-06-01 06:11:29,688  INFO Injector:84   --&gt; provider: com.google.inject.internal.ConstructorBindingImpl$Factory@45287377[Scopes.SINGLETON]
2018-06-01 06:11:29,688  INFO Injector:85   --&gt; source: org.matsim.core.mobsim.qsim.QSimProvider$1.configure(QSimProvider.java:64)
2018-06-01 06:11:29,688  INFO Injector:87   --&gt; scope: eager singleton
2018-06-01 06:11:29,688  INFO Injector:91 
2018-06-01 06:11:29,689  INFO MobsimListenerManager:49 calling addQueueSimulationListener
2018-06-01 06:11:29,689  INFO MobsimListenerManager:53   assigned class org.matsim.core.mobsim.framework.listeners.MobsimListener to interface org.matsim.core.mobsim.qsim.messagequeueengine.MessageQueueEngine
2018-06-01 06:11:29,689  INFO MobsimListenerManager:53   assigned class org.matsim.core.mobsim.framework.listeners.MobsimListener to interface org.matsim.core.mobsim.framework.listeners.MobsimBeforeSimStepListener
2018-06-01 06:11:29,689  INFO MobsimListenerManager:53   assigned class org.matsim.core.mobsim.framework.listeners.MobsimListener to interface org.matsim.core.mobsim.framework.listeners.MobsimListener
trying to crate K-means virtual network, attempt: 01
reading travel data for population of size 100
the ID of the virtualNetwork used for travel data construction is: 1527826289691
Number of time steps = 360
dt = 300
reading travel data for population of size 100
the ID of the virtualNetwork used for travel data construction is: 1527826289691
Number of time steps = 360
dt = 300
2018-06-01 06:11:29,755  INFO AbstractController$8:222 ### ITERATION 0 fires after mobsim event
2018-06-01 06:11:29,755  INFO ControlerListenerManagerImpl:248 calling notifyAfterMobsim on org.matsim.analysis.LegTimesControlerListener
2018-06-01 06:11:29,756  INFO LegTimesControlerListener:50 [0] average trip (probably: leg) duration is: 0 seconds = 00:00:00
2018-06-01 06:11:29,756  INFO ControlerListenerManagerImpl:248 calling notifyAfterMobsim on org.matsim.core.scoring.EventsToActivities$1
2018-06-01 06:11:29,757  INFO ControlerListenerManagerImpl:251 [it.0] all ControlerAfterMobsimListeners called.
2018-06-01 06:11:29,762  INFO MatsimRuntimeModifications:58 S H U T D O W N   ---   start shutdown.
2018-06-01 06:11:29,766  INFO ControlerListenerManagerImpl:121 calling notifyShutdown on org.matsim.core.controler.corelisteners.EventsHandlingImpl
2018-06-01 06:11:29,766  INFO ControlerListenerManagerImpl:126 calling notifyShutdown on org.matsim.analysis.ModeStatsControlerListener
2018-06-01 06:11:29,766  INFO ControlerListenerManagerImpl:126 calling notifyShutdown on org.matsim.analysis.ScoreStatsControlerListener
2018-06-01 06:11:29,767  INFO ControlerListenerManagerImpl:126 calling notifyShutdown on org.matsim.analysis.TravelDistanceStatsControlerListener
2018-06-01 06:11:29,767  INFO ControlerListenerManagerImpl:126 calling notifyShutdown on ch.ethz.matsim.av.plcpc.ParallelLeastCostPathCalculatorShutdownListener
2018-06-01 06:11:29,767  INFO ControlerListenerManagerImpl:129 all ControlerShutdownListeners called.
2018-06-01 06:11:29,768  INFO MatsimRuntimeModifications:81 S H U T D O W N   ---   shutdown completed.
</system-out>
    <system-err>2018-06-01 06:11:28,961  WARN ReflectiveConfigGroup:227 unknown parameter publishPeriod for group dispatcher. Here are the valid parameter names: []
2018-06-01 06:11:28,962  WARN ReflectiveConfigGroup:228 Only the string value will be remembered
2018-06-01 06:11:29,471  WARN OutputDirectoryHierarchy:197 ###########################################################
2018-06-01 06:11:29,471  WARN OutputDirectoryHierarchy:198 ### THE CONTROLER WILL DELETE THE EXISTING OUTPUT DIRECTORY:
2018-06-01 06:11:29,472  WARN OutputDirectoryHierarchy:199 ### ./output
2018-06-01 06:11:29,472  WARN OutputDirectoryHierarchy:200 ###########################################################
2018-06-01 06:11:29,751 ERROR AbstractController:210 Mobsim did not complete normally! afterMobsimListeners will be called anyway.
com.google.inject.ProvisionException: Unable to provision, see the following errors:

1) Error in custom provider, java.lang.NoClassDefFoundError: Could not initialize class org.gnu.glpk.GLPKJNI
  at ch.ethz.idsc.amodeus.matsim.StandardMATSimScenarioTest$2.provideTravelData(StandardMATSimScenarioTest.java:217) (via modules: com.google.inject.util.Modules$CombinedModule -&gt; com.google.inject.util.Modules$CombinedModule -&gt; org.matsim.core.controler.AbstractModule$4 -&gt; com.google.inject.util.Modules$OverrideModule -&gt; org.matsim.core.controler.AbstractModule$4 -&gt; com.google.inject.util.Modules$OverrideModule -&gt; org.matsim.core.controler.AbstractModule$4 -&gt; com.google.inject.util.Modules$OverrideModule -&gt; org.matsim.core.controler.AbstractModule$4 -&gt; com.google.inject.util.Modules$OverrideModule -&gt; org.matsim.core.controler.AbstractModule$4 -&gt; com.google.inject.util.Modules$OverrideModule -&gt; ch.ethz.idsc.amodeus.matsim.StandardMATSimScenarioTest$2)
  at ch.ethz.idsc.amodeus.matsim.StandardMATSimScenarioTest$2.provideTravelData(StandardMATSimScenarioTest.java:217) (via modules: com.google.inject.util.Modules$CombinedModule -&gt; com.google.inject.util.Modules$CombinedModule -&gt; org.matsim.core.controler.AbstractModule$4 -&gt; com.google.inject.util.Modules$OverrideModule -&gt; org.matsim.core.controler.AbstractModule$4 -&gt; com.google.inject.util.Modules$OverrideModule -&gt; org.matsim.core.controler.AbstractModule$4 -&gt; com.google.inject.util.Modules$OverrideModule -&gt; org.matsim.core.controler.AbstractModule$4 -&gt; com.google.inject.util.Modules$OverrideModule -&gt; org.matsim.core.controler.AbstractModule$4 -&gt; com.google.inject.util.Modules$OverrideModule -&gt; ch.ethz.idsc.amodeus.matsim.StandardMATSimScenarioTest$2)
  while locating ch.ethz.idsc.amodeus.traveldata.TravelData
    for field at ch.ethz.idsc.amodeus.dispatcher.FeedforwardFluidicRebalancingPolicy$Factory.travelData(FeedforwardFluidicRebalancingPolicy.java:162)
  while locating ch.ethz.idsc.amodeus.dispatcher.FeedforwardFluidicRebalancingPolicy$Factory
  while locating ch.ethz.matsim.av.dispatcher.AVDispatcher$AVDispatcherFactory annotated with @com.google.inject.multibindings.Element(setName=,uniqueId=464, type=MAPBINDER, keyType=java.lang.String)
  at ch.ethz.matsim.av.framework.AVUtils.bindDispatcherFactory(AVUtils.java:11) (via modules: com.google.inject.util.Modules$CombinedModule -&gt; com.google.inject.util.Modules$CombinedModule -&gt; org.matsim.core.controler.AbstractModule$4 -&gt; com.google.inject.util.Modules$OverrideModule -&gt; org.matsim.core.controler.AbstractModule$4 -&gt; com.google.inject.util.Modules$OverrideModule -&gt; org.matsim.core.controler.AbstractModule$4 -&gt; com.google.inject.util.Modules$OverrideModule -&gt; org.matsim.core.controler.AbstractModule$4 -&gt; com.google.inject.util.Modules$OverrideModule -&gt; org.matsim.core.controler.AbstractModule$4 -&gt; com.google.inject.util.Modules$OverrideModule -&gt; org.matsim.core.controler.AbstractModule$4 -&gt; com.google.inject.util.Modules$OverrideModule -&gt; org.matsim.core.controler.AbstractModule$4 -&gt; com.google.inject.util.Modules$OverrideModule -&gt; ch.ethz.idsc.amodeus.matsim.mod.AmodeusDispatcherModule -&gt; com.google.inject.multibindings.MapBinder$RealMapBinder)
  while locating java.util.Map&lt;java.lang.String, ch.ethz.matsim.av.dispatcher.AVDispatcher$AVDispatcherFactory&gt;
    for the 1st parameter of ch.ethz.matsim.av.framework.AVQSimModule.provideDispatchers(AVQSimModule.java:70)
  at ch.ethz.matsim.av.framework.AVQSimModule.provideDispatchers(AVQSimModule.java:70) (via modules: org.matsim.core.mobsim.qsim.QSimProvider$1 -&gt; ch.ethz.idsc.amodeus.matsim.mod.AmodeusQSimModule -&gt; com.google.inject.util.Modules$OverrideModule -&gt; ch.ethz.matsim.av.framework.AVQSimModule)
  while locating java.util.Map&lt;org.matsim.api.core.v01.Id&lt;ch.ethz.matsim.av.data.AVOperator&gt;, ch.ethz.matsim.av.dispatcher.AVDispatcher&gt;
    for field at ch.ethz.matsim.av.passenger.AVRequestCreator.dispatchers(AVRequestCreator.java:21)
  at ch.ethz.matsim.av.framework.AVQSimModule.configure(AVQSimModule.java:37) (via modules: org.matsim.core.mobsim.qsim.QSimProvider$1 -&gt; ch.ethz.idsc.amodeus.matsim.mod.AmodeusQSimModule -&gt; com.google.inject.util.Modules$OverrideModule -&gt; ch.ethz.matsim.av.framework.AVQSimModule)
  while locating ch.ethz.matsim.av.passenger.AVRequestCreator
    for the 2nd parameter of ch.ethz.matsim.av.framework.AVQSimModule.providePassengerEngine(AVQSimModule.java:48)
  at ch.ethz.matsim.av.framework.AVQSimModule.providePassengerEngine(AVQSimModule.java:48) (via modules: org.matsim.core.mobsim.qsim.QSimProvider$1 -&gt; ch.ethz.idsc.amodeus.matsim.mod.AmodeusQSimModule -&gt; com.google.inject.util.Modules$OverrideModule -&gt; ch.ethz.matsim.av.framework.AVQSimModule)
  while locating org.matsim.contrib.dvrp.passenger.PassengerEngine
  while locating org.matsim.core.mobsim.qsim.QSimProvider
  while locating org.matsim.core.mobsim.framework.Mobsim

2) Error in custom provider, java.lang.NoClassDefFoundError: Could not initialize class org.gnu.glpk.GLPKJNI
  at ch.ethz.idsc.amodeus.matsim.StandardMATSimScenarioTest$2.provideTravelData(StandardMATSimScenarioTest.java:217) (via modules: com.google.inject.util.Modules$CombinedModule -&gt; com.google.inject.util.Modules$CombinedModule -&gt; org.matsim.core.controler.AbstractModule$4 -&gt; com.google.inject.util.Modules$OverrideModule -&gt; org.matsim.core.controler.AbstractModule$4 -&gt; com.google.inject.util.Modules$OverrideModule -&gt; org.matsim.core.controler.AbstractModule$4 -&gt; com.google.inject.util.Modules$OverrideModule -&gt; org.matsim.core.controler.AbstractModule$4 -&gt; com.google.inject.util.Modules$OverrideModule -&gt; org.matsim.core.controler.AbstractModule$4 -&gt; com.google.inject.util.Modules$OverrideModule -&gt; ch.ethz.idsc.amodeus.matsim.StandardMATSimScenarioTest$2)
  at ch.ethz.idsc.amodeus.matsim.StandardMATSimScenarioTest$2.provideTravelData(StandardMATSimScenarioTest.java:217) (via modules: com.google.inject.util.Modules$CombinedModule -&gt; com.google.inject.util.Modules$CombinedModule -&gt; org.matsim.core.controler.AbstractModule$4 -&gt; com.google.inject.util.Modules$OverrideModule -&gt; org.matsim.core.controler.AbstractModule$4 -&gt; com.google.inject.util.Modules$OverrideModule -&gt; org.matsim.core.controler.AbstractModule$4 -&gt; com.google.inject.util.Modules$OverrideModule -&gt; org.matsim.core.controler.AbstractModule$4 -&gt; com.google.inject.util.Modules$OverrideModule -&gt; org.matsim.core.controler.AbstractModule$4 -&gt; com.google.inject.util.Modules$OverrideModule -&gt; ch.ethz.idsc.amodeus.matsim.StandardMATSimScenarioTest$2)
  while locating ch.ethz.idsc.amodeus.traveldata.TravelData
    for field at ch.ethz.idsc.amodeus.dispatcher.FeedforwardFluidicRebalancingPolicy$Factory.travelData(FeedforwardFluidicRebalancingPolicy.java:162)
  while locating ch.ethz.idsc.amodeus.dispatcher.FeedforwardFluidicRebalancingPolicy$Factory
  while locating ch.ethz.matsim.av.dispatcher.AVDispatcher$AVDispatcherFactory annotated with @com.google.inject.multibindings.Element(setName=,uniqueId=464, type=MAPBINDER, keyType=java.lang.String)
  at ch.ethz.matsim.av.framework.AVUtils.bindDispatcherFactory(AVUtils.java:11) (via modules: com.google.inject.util.Modules$CombinedModule -&gt; com.google.inject.util.Modules$CombinedModule -&gt; org.matsim.core.controler.AbstractModule$4 -&gt; com.google.inject.util.Modules$OverrideModule -&gt; org.matsim.core.controler.AbstractModule$4 -&gt; com.google.inject.util.Modules$OverrideModule -&gt; org.matsim.core.controler.AbstractModule$4 -&gt; com.google.inject.util.Modules$OverrideModule -&gt; org.matsim.core.controler.AbstractModule$4 -&gt; com.google.inject.util.Modules$OverrideModule -&gt; org.matsim.core.controler.AbstractModule$4 -&gt; com.google.inject.util.Modules$OverrideModule -&gt; org.matsim.core.controler.AbstractModule$4 -&gt; com.google.inject.util.Modules$OverrideModule -&gt; org.matsim.core.controler.AbstractModule$4 -&gt; com.google.inject.util.Modules$OverrideModule -&gt; ch.ethz.idsc.amodeus.matsim.mod.AmodeusDispatcherModule -&gt; com.google.inject.multibindings.MapBinder$RealMapBinder)
  while locating java.util.Map&lt;java.lang.String, ch.ethz.matsim.av.dispatcher.AVDispatcher$AVDispatcherFactory&gt;
    for the 1st parameter of ch.ethz.matsim.av.framework.AVQSimModule.provideDispatchers(AVQSimModule.java:70)
  at ch.ethz.matsim.av.framework.AVQSimModule.provideDispatchers(AVQSimModule.java:70) (via modules: org.matsim.core.mobsim.qsim.QSimProvider$1 -&gt; ch.ethz.idsc.amodeus.matsim.mod.AmodeusQSimModule -&gt; com.google.inject.util.Modules$OverrideModule -&gt; ch.ethz.matsim.av.framework.AVQSimModule)
  while locating java.util.Map&lt;org.matsim.api.core.v01.Id&lt;ch.ethz.matsim.av.data.AVOperator&gt;, ch.ethz.matsim.av.dispatcher.AVDispatcher&gt;
    for field at ch.ethz.matsim.av.schedule.AVOptimizer.dispatchers(AVOptimizer.java:32)
  at ch.ethz.matsim.av.framework.AVQSimModule.configure(AVQSimModule.java:35) (via modules: org.matsim.core.mobsim.qsim.QSimProvider$1 -&gt; ch.ethz.idsc.amodeus.matsim.mod.AmodeusQSimModule -&gt; com.google.inject.util.Modules$OverrideModule -&gt; ch.ethz.matsim.av.framework.AVQSimModule)
  while locating ch.ethz.matsim.av.schedule.AVOptimizer
    for the 3rd parameter of ch.ethz.matsim.av.framework.AVQSimModule.providePassengerEngine(AVQSimModule.java:48)
  at ch.ethz.matsim.av.framework.AVQSimModule.providePassengerEngine(AVQSimModule.java:48) (via modules: org.matsim.core.mobsim.qsim.QSimProvider$1 -&gt; ch.ethz.idsc.amodeus.matsim.mod.AmodeusQSimModule -&gt; com.google.inject.util.Modules$OverrideModule -&gt; ch.ethz.matsim.av.framework.AVQSimModule)
  while locating org.matsim.contrib.dvrp.passenger.PassengerEngine
  while locating org.matsim.core.mobsim.qsim.QSimProvider
  while locating org.matsim.core.mobsim.framework.Mobsim

2 errors
	at com.google.inject.internal.InjectorImpl$2.get(InjectorImpl.java:1028)
	at org.matsim.core.controler.NewControler.runMobSim(NewControler.java:111)
	at org.matsim.core.controler.AbstractController$7.run(AbstractController.java:199)
	at org.matsim.core.controler.AbstractController.iterationStep(AbstractController.java:231)
	at org.matsim.core.controler.AbstractController.mobsim(AbstractController.java:195)
	at org.matsim.core.controler.AbstractController.iteration(AbstractController.java:154)
	at org.matsim.core.controler.AbstractController.doIterations(AbstractController.java:121)
	at org.matsim.core.controler.AbstractController.access$000(AbstractController.java:29)
	at org.matsim.core.controler.AbstractController$1.run(AbstractController.java:91)
	at org.matsim.core.controler.MatsimRuntimeModifications.run(MatsimRuntimeModifications.java:48)
	at org.matsim.core.controler.MatsimRuntimeModifications.run(MatsimRuntimeModifications.java:31)
	at org.matsim.core.controler.AbstractController.run(AbstractController.java:99)
	at org.matsim.core.controler.NewControler.run(NewControler.java:75)
	at org.matsim.core.controler.Controler.run(Controler.java:202)
	at ch.ethz.idsc.amodeus.matsim.StandardMATSimScenarioTest.testStandardMATSimScenario(StandardMATSimScenarioTest.java:263)
	at sun.reflect.NativeMethodAccessorImpl.invoke0(Native Method)
	at sun.reflect.NativeMethodAccessorImpl.invoke(NativeMethodAccessorImpl.java:62)
	at sun.reflect.DelegatingMethodAccessorImpl.invoke(DelegatingMethodAccessorImpl.java:43)
	at java.lang.reflect.Method.invoke(Method.java:498)
	at org.junit.runners.model.FrameworkMethod$1.runReflectiveCall(FrameworkMethod.java:50)
	at org.junit.internal.runners.model.ReflectiveCallable.run(ReflectiveCallable.java:12)
	at org.junit.runners.model.FrameworkMethod.invokeExplosively(FrameworkMethod.java:47)
	at org.junit.internal.runners.statements.InvokeMethod.evaluate(InvokeMethod.java:17)
	at org.junit.runners.ParentRunner.runLeaf(ParentRunner.java:325)
	at org.junit.runners.BlockJUnit4ClassRunner.runChild(BlockJUnit4ClassRunner.java:78)
	at org.junit.runners.BlockJUnit4ClassRunner.runChild(BlockJUnit4ClassRunner.java:57)
	at org.junit.runners.ParentRunner$3.run(ParentRunner.java:290)
	at org.junit.runners.ParentRunner$1.schedule(ParentRunner.java:71)
	at org.junit.runners.ParentRunner.runChildren(ParentRunner.java:288)
	at org.junit.runners.ParentRunner.access$000(ParentRunner.java:58)
	at org.junit.runners.ParentRunner$2.evaluate(ParentRunner.java:268)
	at org.junit.runners.ParentRunner.run(ParentRunner.java:363)
	at org.junit.runners.Suite.runChild(Suite.java:128)
	at org.junit.runners.Suite.runChild(Suite.java:27)
	at org.junit.runners.ParentRunner$3.run(ParentRunner.java:290)
	at org.junit.runners.ParentRunner$1.schedule(ParentRunner.java:71)
	at org.junit.runners.ParentRunner.runChildren(ParentRunner.java:288)
	at org.junit.runners.ParentRunner.access$000(ParentRunner.java:58)
	at org.junit.runners.ParentRunner$2.evaluate(ParentRunner.java:268)
	at org.junit.runners.ParentRunner.run(ParentRunner.java:363)
	at org.apache.maven.surefire.junit4.JUnit4Provider.execute(JUnit4Provider.java:252)
	at org.apache.maven.surefire.junit4.JUnit4Provider.executeTestSet(JUnit4Provider.java:141)
	at org.apache.maven.surefire.junit4.JUnit4Provider.invoke(JUnit4Provider.java:112)
	at sun.reflect.NativeMethodAccessorImpl.invoke0(Native Method)
	at sun.reflect.NativeMethodAccessorImpl.invoke(NativeMethodAccessorImpl.java:62)
	at sun.reflect.DelegatingMethodAccessorImpl.invoke(DelegatingMethodAccessorImpl.java:43)
	at java.lang.reflect.Method.invoke(Method.java:498)
	at org.apache.maven.surefire.util.ReflectionUtils.invokeMethodWithArray(ReflectionUtils.java:189)
	at org.apache.maven.surefire.booter.ProviderFactory$ProviderProxy.invoke(ProviderFactory.java:165)
	at org.apache.maven.surefire.booter.ProviderFactory.invokeProvider(ProviderFactory.java:85)
	at org.apache.maven.surefire.booter.ForkedBooter.runSuitesInProcess(ForkedBooter.java:115)
	at org.apache.maven.surefire.booter.ForkedBooter.main(ForkedBooter.java:75)
Caused by: java.lang.NoClassDefFoundError: Could not initialize class org.gnu.glpk.GLPKJNI
	at org.gnu.glpk.glp_smcp.&lt;init&gt;(glp_smcp.java:168)
	at ch.ethz.idsc.amodeus.dispatcher.util.LPVehicleRebalancing.&lt;init&gt;(LPVehicleRebalancing.java:31)
	at ch.ethz.idsc.amodeus.traveldata.TravelData.&lt;init&gt;(TravelData.java:150)
	at ch.ethz.idsc.amodeus.matsim.StandardMATSimScenarioTest$2.provideTravelData(StandardMATSimScenarioTest.java:217)
	at ch.ethz.idsc.amodeus.matsim.StandardMATSimScenarioTest$2$$FastClassByGuice$$18c5fb10.invoke(&lt;generated&gt;)
	at com.google.inject.internal.ProviderMethod$FastClassProviderMethod.doProvision(ProviderMethod.java:264)
	at com.google.inject.internal.ProviderMethod$Factory.provision(ProviderMethod.java:401)
	at com.google.inject.internal.ProviderMethod$Factory.get(ProviderMethod.java:376)
	at com.google.inject.internal.ProviderToInternalFactoryAdapter$1.call(ProviderToInternalFactoryAdapter.java:46)
	at com.google.inject.internal.InjectorImpl.callInContext(InjectorImpl.java:1092)
	at com.google.inject.internal.ProviderToInternalFactoryAdapter.get(ProviderToInternalFactoryAdapter.java:40)
	at com.google.inject.internal.SingletonScope$1.get(SingletonScope.java:194)
	at com.google.inject.internal.InternalFactoryToProviderAdapter.get(InternalFactoryToProviderAdapter.java:41)
	at com.google.inject.internal.SingleFieldInjector.inject(SingleFieldInjector.java:54)
	at com.google.inject.internal.MembersInjectorImpl.injectMembers(MembersInjectorImpl.java:132)
	at com.google.inject.internal.ConstructorInjector.provision(ConstructorInjector.java:120)
	at com.google.inject.internal.ConstructorInjector.construct(ConstructorInjector.java:90)
	at com.google.inject.internal.ConstructorBindingImpl$Factory.get(ConstructorBindingImpl.java:268)
	at com.google.inject.internal.FactoryProxy.get(FactoryProxy.java:56)
	at com.google.inject.internal.InjectorImpl$2$1.call(InjectorImpl.java:1019)
	at com.google.inject.internal.InjectorImpl.callInContext(InjectorImpl.java:1092)
	at com.google.inject.internal.InjectorImpl$2.get(InjectorImpl.java:1015)
	at com.google.inject.spi.ProviderLookup$1.get(ProviderLookup.java:104)
	at com.google.inject.spi.ProviderLookup$1.get(ProviderLookup.java:104)
	at com.google.inject.spi.ProviderLookup$1.get(ProviderLookup.java:104)
	at com.google.inject.spi.ProviderLookup$1.get(ProviderLookup.java:104)
	at com.google.inject.spi.ProviderLookup$1.get(ProviderLookup.java:104)
	at com.google.inject.spi.ProviderLookup$1.get(ProviderLookup.java:104)
	at com.google.inject.spi.ProviderLookup$1.get(ProviderLookup.java:104)
	at com.google.inject.spi.ProviderLookup$1.get(ProviderLookup.java:104)
	at com.google.inject.multibindings.MapBinder$RealMapBinder$ValueProvider.get(MapBinder.java:821)
	at com.google.inject.multibindings.MapBinder$RealMapBinder$RealMapProvider.get(MapBinder.java:605)
	at com.google.inject.multibindings.MapBinder$RealMapBinder$RealMapProvider.get(MapBinder.java:586)
	at com.google.inject.internal.ProviderInternalFactory.provision(ProviderInternalFactory.java:81)
	at com.google.inject.internal.InternalFactoryToInitializableAdapter.provision(InternalFactoryToInitializableAdapter.java:53)
	at com.google.inject.internal.ProviderInternalFactory.circularGet(ProviderInternalFactory.java:61)
	at com.google.inject.internal.InternalFactoryToInitializableAdapter.get(InternalFactoryToInitializableAdapter.java:45)
	at com.google.inject.internal.SingleParameterInjector.inject(SingleParameterInjector.java:38)
	at com.google.inject.internal.SingleParameterInjector.getAll(SingleParameterInjector.java:62)
	at com.google.inject.internal.ProviderMethod$Factory.provision(ProviderMethod.java:402)
	at com.google.inject.internal.ProviderMethod$Factory.get(ProviderMethod.java:376)
	at com.google.inject.internal.ProviderToInternalFactoryAdapter$1.call(ProviderToInternalFactoryAdapter.java:46)
	at com.google.inject.internal.InjectorImpl.callInContext(InjectorImpl.java:1092)
	at com.google.inject.internal.ProviderToInternalFactoryAdapter.get(ProviderToInternalFactoryAdapter.java:40)
	at com.google.inject.internal.SingletonScope$1.get(SingletonScope.java:194)
	at com.google.inject.internal.InternalFactoryToProviderAdapter.get(InternalFactoryToProviderAdapter.java:41)
	at com.google.inject.internal.SingleFieldInjector.inject(SingleFieldInjector.java:54)
	at com.google.inject.internal.MembersInjectorImpl.injectMembers(MembersInjectorImpl.java:132)
	at com.google.inject.internal.ConstructorInjector.provision(ConstructorInjector.java:120)
	at com.google.inject.internal.ConstructorInjector.construct(ConstructorInjector.java:90)
	at com.google.inject.internal.ConstructorBindingImpl$Factory.get(ConstructorBindingImpl.java:268)
	at com.google.inject.internal.ProviderToInternalFactoryAdapter$1.call(ProviderToInternalFactoryAdapter.java:46)
	at com.google.inject.internal.InjectorImpl.callInContext(InjectorImpl.java:1092)
	at com.google.inject.internal.ProviderToInternalFactoryAdapter.get(ProviderToInternalFactoryAdapter.java:40)
	at com.google.inject.internal.SingletonScope$1.get(SingletonScope.java:194)
	at com.google.inject.internal.InternalFactoryToProviderAdapter.get(InternalFactoryToProviderAdapter.java:41)
	at com.google.inject.internal.SingleParameterInjector.inject(SingleParameterInjector.java:38)
	at com.google.inject.internal.SingleParameterInjector.getAll(SingleParameterInjector.java:62)
	at com.google.inject.internal.ProviderMethod$Factory.provision(ProviderMethod.java:402)
	at com.google.inject.internal.ProviderMethod$Factory.get(ProviderMethod.java:376)
	at com.google.inject.internal.ProviderToInternalFactoryAdapter$1.call(ProviderToInternalFactoryAdapter.java:46)
	at com.google.inject.internal.InjectorImpl.callInContext(InjectorImpl.java:1092)
	at com.google.inject.internal.ProviderToInternalFactoryAdapter.get(ProviderToInternalFactoryAdapter.java:40)
	at com.google.inject.internal.SingletonScope$1.get(SingletonScope.java:194)
	at com.google.inject.internal.InternalFactoryToProviderAdapter.get(InternalFactoryToProviderAdapter.java:41)
	at com.google.inject.internal.InjectorImpl$2$1.call(InjectorImpl.java:1019)
	at com.google.inject.internal.InjectorImpl.callInContext(InjectorImpl.java:1092)
	at com.google.inject.internal.InjectorImpl$2.get(InjectorImpl.java:1015)
	at com.google.inject.internal.InjectorImpl.getInstance(InjectorImpl.java:1054)
	at org.matsim.core.mobsim.qsim.QSimProvider.get(QSimProvider.java:75)
	at org.matsim.core.mobsim.qsim.QSimProvider.get(QSimProvider.java:41)
	at com.google.inject.internal.ProviderInternalFactory.provision(ProviderInternalFactory.java:81)
	at com.google.inject.internal.BoundProviderFactory.provision(BoundProviderFactory.java:72)
	at com.google.inject.internal.ProviderInternalFactory.circularGet(ProviderInternalFactory.java:61)
	at com.google.inject.internal.BoundProviderFactory.get(BoundProviderFactory.java:62)
	at com.google.inject.internal.InjectorImpl$2$1.call(InjectorImpl.java:1019)
	at com.google.inject.internal.InjectorImpl.callInContext(InjectorImpl.java:1085)
	at com.google.inject.internal.InjectorImpl$2.get(InjectorImpl.java:1015)
	... 51 more
2018-06-01 06:11:29,757 ERROR MatsimRuntimeModifications:54 Getting uncaught Exception in Thread main
com.google.inject.ProvisionException: Unable to provision, see the following errors:

1) Error in custom provider, java.lang.NoClassDefFoundError: Could not initialize class org.gnu.glpk.GLPKJNI
  at ch.ethz.idsc.amodeus.matsim.StandardMATSimScenarioTest$2.provideTravelData(StandardMATSimScenarioTest.java:217) (via modules: com.google.inject.util.Modules$CombinedModule -&gt; com.google.inject.util.Modules$CombinedModule -&gt; org.matsim.core.controler.AbstractModule$4 -&gt; com.google.inject.util.Modules$OverrideModule -&gt; org.matsim.core.controler.AbstractModule$4 -&gt; com.google.inject.util.Modules$OverrideModule -&gt; org.matsim.core.controler.AbstractModule$4 -&gt; com.google.inject.util.Modules$OverrideModule -&gt; org.matsim.core.controler.AbstractModule$4 -&gt; com.google.inject.util.Modules$OverrideModule -&gt; org.matsim.core.controler.AbstractModule$4 -&gt; com.google.inject.util.Modules$OverrideModule -&gt; ch.ethz.idsc.amodeus.matsim.StandardMATSimScenarioTest$2)
  at ch.ethz.idsc.amodeus.matsim.StandardMATSimScenarioTest$2.provideTravelData(StandardMATSimScenarioTest.java:217) (via modules: com.google.inject.util.Modules$CombinedModule -&gt; com.google.inject.util.Modules$CombinedModule -&gt; org.matsim.core.controler.AbstractModule$4 -&gt; com.google.inject.util.Modules$OverrideModule -&gt; org.matsim.core.controler.AbstractModule$4 -&gt; com.google.inject.util.Modules$OverrideModule -&gt; org.matsim.core.controler.AbstractModule$4 -&gt; com.google.inject.util.Modules$OverrideModule -&gt; org.matsim.core.controler.AbstractModule$4 -&gt; com.google.inject.util.Modules$OverrideModule -&gt; org.matsim.core.controler.AbstractModule$4 -&gt; com.google.inject.util.Modules$OverrideModule -&gt; ch.ethz.idsc.amodeus.matsim.StandardMATSimScenarioTest$2)
  while locating ch.ethz.idsc.amodeus.traveldata.TravelData
    for field at ch.ethz.idsc.amodeus.dispatcher.FeedforwardFluidicRebalancingPolicy$Factory.travelData(FeedforwardFluidicRebalancingPolicy.java:162)
  while locating ch.ethz.idsc.amodeus.dispatcher.FeedforwardFluidicRebalancingPolicy$Factory
  while locating ch.ethz.matsim.av.dispatcher.AVDispatcher$AVDispatcherFactory annotated with @com.google.inject.multibindings.Element(setName=,uniqueId=464, type=MAPBINDER, keyType=java.lang.String)
  at ch.ethz.matsim.av.framework.AVUtils.bindDispatcherFactory(AVUtils.java:11) (via modules: com.google.inject.util.Modules$CombinedModule -&gt; com.google.inject.util.Modules$CombinedModule -&gt; org.matsim.core.controler.AbstractModule$4 -&gt; com.google.inject.util.Modules$OverrideModule -&gt; org.matsim.core.controler.AbstractModule$4 -&gt; com.google.inject.util.Modules$OverrideModule -&gt; org.matsim.core.controler.AbstractModule$4 -&gt; com.google.inject.util.Modules$OverrideModule -&gt; org.matsim.core.controler.AbstractModule$4 -&gt; com.google.inject.util.Modules$OverrideModule -&gt; org.matsim.core.controler.AbstractModule$4 -&gt; com.google.inject.util.Modules$OverrideModule -&gt; org.matsim.core.controler.AbstractModule$4 -&gt; com.google.inject.util.Modules$OverrideModule -&gt; org.matsim.core.controler.AbstractModule$4 -&gt; com.google.inject.util.Modules$OverrideModule -&gt; ch.ethz.idsc.amodeus.matsim.mod.AmodeusDispatcherModule -&gt; com.google.inject.multibindings.MapBinder$RealMapBinder)
  while locating java.util.Map&lt;java.lang.String, ch.ethz.matsim.av.dispatcher.AVDispatcher$AVDispatcherFactory&gt;
    for the 1st parameter of ch.ethz.matsim.av.framework.AVQSimModule.provideDispatchers(AVQSimModule.java:70)
  at ch.ethz.matsim.av.framework.AVQSimModule.provideDispatchers(AVQSimModule.java:70) (via modules: org.matsim.core.mobsim.qsim.QSimProvider$1 -&gt; ch.ethz.idsc.amodeus.matsim.mod.AmodeusQSimModule -&gt; com.google.inject.util.Modules$OverrideModule -&gt; ch.ethz.matsim.av.framework.AVQSimModule)
  while locating java.util.Map&lt;org.matsim.api.core.v01.Id&lt;ch.ethz.matsim.av.data.AVOperator&gt;, ch.ethz.matsim.av.dispatcher.AVDispatcher&gt;
    for field at ch.ethz.matsim.av.passenger.AVRequestCreator.dispatchers(AVRequestCreator.java:21)
  at ch.ethz.matsim.av.framework.AVQSimModule.configure(AVQSimModule.java:37) (via modules: org.matsim.core.mobsim.qsim.QSimProvider$1 -&gt; ch.ethz.idsc.amodeus.matsim.mod.AmodeusQSimModule -&gt; com.google.inject.util.Modules$OverrideModule -&gt; ch.ethz.matsim.av.framework.AVQSimModule)
  while locating ch.ethz.matsim.av.passenger.AVRequestCreator
    for the 2nd parameter of ch.ethz.matsim.av.framework.AVQSimModule.providePassengerEngine(AVQSimModule.java:48)
  at ch.ethz.matsim.av.framework.AVQSimModule.providePassengerEngine(AVQSimModule.java:48) (via modules: org.matsim.core.mobsim.qsim.QSimProvider$1 -&gt; ch.ethz.idsc.amodeus.matsim.mod.AmodeusQSimModule -&gt; com.google.inject.util.Modules$OverrideModule -&gt; ch.ethz.matsim.av.framework.AVQSimModule)
  while locating org.matsim.contrib.dvrp.passenger.PassengerEngine
  while locating org.matsim.core.mobsim.qsim.QSimProvider
  while locating org.matsim.core.mobsim.framework.Mobsim

2) Error in custom provider, java.lang.NoClassDefFoundError: Could not initialize class org.gnu.glpk.GLPKJNI
  at ch.ethz.idsc.amodeus.matsim.StandardMATSimScenarioTest$2.provideTravelData(StandardMATSimScenarioTest.java:217) (via modules: com.google.inject.util.Modules$CombinedModule -&gt; com.google.inject.util.Modules$CombinedModule -&gt; org.matsim.core.controler.AbstractModule$4 -&gt; com.google.inject.util.Modules$OverrideModule -&gt; org.matsim.core.controler.AbstractModule$4 -&gt; com.google.inject.util.Modules$OverrideModule -&gt; org.matsim.core.controler.AbstractModule$4 -&gt; com.google.inject.util.Modules$OverrideModule -&gt; org.matsim.core.controler.AbstractModule$4 -&gt; com.google.inject.util.Modules$OverrideModule -&gt; org.matsim.core.controler.AbstractModule$4 -&gt; com.google.inject.util.Modules$OverrideModule -&gt; ch.ethz.idsc.amodeus.matsim.StandardMATSimScenarioTest$2)
  at ch.ethz.idsc.amodeus.matsim.StandardMATSimScenarioTest$2.provideTravelData(StandardMATSimScenarioTest.java:217) (via modules: com.google.inject.util.Modules$CombinedModule -&gt; com.google.inject.util.Modules$CombinedModule -&gt; org.matsim.core.controler.AbstractModule$4 -&gt; com.google.inject.util.Modules$OverrideModule -&gt; org.matsim.core.controler.AbstractModule$4 -&gt; com.google.inject.util.Modules$OverrideModule -&gt; org.matsim.core.controler.AbstractModule$4 -&gt; com.google.inject.util.Modules$OverrideModule -&gt; org.matsim.core.controler.AbstractModule$4 -&gt; com.google.inject.util.Modules$OverrideModule -&gt; org.matsim.core.controler.AbstractModule$4 -&gt; com.google.inject.util.Modules$OverrideModule -&gt; ch.ethz.idsc.amodeus.matsim.StandardMATSimScenarioTest$2)
  while locating ch.ethz.idsc.amodeus.traveldata.TravelData
    for field at ch.ethz.idsc.amodeus.dispatcher.FeedforwardFluidicRebalancingPolicy$Factory.travelData(FeedforwardFluidicRebalancingPolicy.java:162)
  while locating ch.ethz.idsc.amodeus.dispatcher.FeedforwardFluidicRebalancingPolicy$Factory
  while locating ch.ethz.matsim.av.dispatcher.AVDispatcher$AVDispatcherFactory annotated with @com.google.inject.multibindings.Element(setName=,uniqueId=464, type=MAPBINDER, keyType=java.lang.String)
  at ch.ethz.matsim.av.framework.AVUtils.bindDispatcherFactory(AVUtils.java:11) (via modules: com.google.inject.util.Modules$CombinedModule -&gt; com.google.inject.util.Modules$CombinedModule -&gt; org.matsim.core.controler.AbstractModule$4 -&gt; com.google.inject.util.Modules$OverrideModule -&gt; org.matsim.core.controler.AbstractModule$4 -&gt; com.google.inject.util.Modules$OverrideModule -&gt; org.matsim.core.controler.AbstractModule$4 -&gt; com.google.inject.util.Modules$OverrideModule -&gt; org.matsim.core.controler.AbstractModule$4 -&gt; com.google.inject.util.Modules$OverrideModule -&gt; org.matsim.core.controler.AbstractModule$4 -&gt; com.google.inject.util.Modules$OverrideModule -&gt; org.matsim.core.controler.AbstractModule$4 -&gt; com.google.inject.util.Modules$OverrideModule -&gt; org.matsim.core.controler.AbstractModule$4 -&gt; com.google.inject.util.Modules$OverrideModule -&gt; ch.ethz.idsc.amodeus.matsim.mod.AmodeusDispatcherModule -&gt; com.google.inject.multibindings.MapBinder$RealMapBinder)
  while locating java.util.Map&lt;java.lang.String, ch.ethz.matsim.av.dispatcher.AVDispatcher$AVDispatcherFactory&gt;
    for the 1st parameter of ch.ethz.matsim.av.framework.AVQSimModule.provideDispatchers(AVQSimModule.java:70)
  at ch.ethz.matsim.av.framework.AVQSimModule.provideDispatchers(AVQSimModule.java:70) (via modules: org.matsim.core.mobsim.qsim.QSimProvider$1 -&gt; ch.ethz.idsc.amodeus.matsim.mod.AmodeusQSimModule -&gt; com.google.inject.util.Modules$OverrideModule -&gt; ch.ethz.matsim.av.framework.AVQSimModule)
  while locating java.util.Map&lt;org.matsim.api.core.v01.Id&lt;ch.ethz.matsim.av.data.AVOperator&gt;, ch.ethz.matsim.av.dispatcher.AVDispatcher&gt;
    for field at ch.ethz.matsim.av.schedule.AVOptimizer.dispatchers(AVOptimizer.java:32)
  at ch.ethz.matsim.av.framework.AVQSimModule.configure(AVQSimModule.java:35) (via modules: org.matsim.core.mobsim.qsim.QSimProvider$1 -&gt; ch.ethz.idsc.amodeus.matsim.mod.AmodeusQSimModule -&gt; com.google.inject.util.Modules$OverrideModule -&gt; ch.ethz.matsim.av.framework.AVQSimModule)
  while locating ch.ethz.matsim.av.schedule.AVOptimizer
    for the 3rd parameter of ch.ethz.matsim.av.framework.AVQSimModule.providePassengerEngine(AVQSimModule.java:48)
  at ch.ethz.matsim.av.framework.AVQSimModule.providePassengerEngine(AVQSimModule.java:48) (via modules: org.matsim.core.mobsim.qsim.QSimProvider$1 -&gt; ch.ethz.idsc.amodeus.matsim.mod.AmodeusQSimModule -&gt; com.google.inject.util.Modules$OverrideModule -&gt; ch.ethz.matsim.av.framework.AVQSimModule)
  while locating org.matsim.contrib.dvrp.passenger.PassengerEngine
  while locating org.matsim.core.mobsim.qsim.QSimProvider
  while locating org.matsim.core.mobsim.framework.Mobsim

2 errors
	at com.google.inject.internal.InjectorImpl$2.get(InjectorImpl.java:1028)
	at org.matsim.core.controler.NewControler.runMobSim(NewControler.java:111)
	at org.matsim.core.controler.AbstractController$7.run(AbstractController.java:199)
	at org.matsim.core.controler.AbstractController.iterationStep(AbstractController.java:231)
	at org.matsim.core.controler.AbstractController.mobsim(AbstractController.java:195)
	at org.matsim.core.controler.AbstractController.iteration(AbstractController.java:154)
	at org.matsim.core.controler.AbstractController.doIterations(AbstractController.java:121)
	at org.matsim.core.controler.AbstractController.access$000(AbstractController.java:29)
	at org.matsim.core.controler.AbstractController$1.run(AbstractController.java:91)
	at org.matsim.core.controler.MatsimRuntimeModifications.run(MatsimRuntimeModifications.java:48)
	at org.matsim.core.controler.MatsimRuntimeModifications.run(MatsimRuntimeModifications.java:31)
	at org.matsim.core.controler.AbstractController.run(AbstractController.java:99)
	at org.matsim.core.controler.NewControler.run(NewControler.java:75)
	at org.matsim.core.controler.Controler.run(Controler.java:202)
	at ch.ethz.idsc.amodeus.matsim.StandardMATSimScenarioTest.testStandardMATSimScenario(StandardMATSimScenarioTest.java:263)
	at sun.reflect.NativeMethodAccessorImpl.invoke0(Native Method)
	at sun.reflect.NativeMethodAccessorImpl.invoke(NativeMethodAccessorImpl.java:62)
	at sun.reflect.DelegatingMethodAccessorImpl.invoke(DelegatingMethodAccessorImpl.java:43)
	at java.lang.reflect.Method.invoke(Method.java:498)
	at org.junit.runners.model.FrameworkMethod$1.runReflectiveCall(FrameworkMethod.java:50)
	at org.junit.internal.runners.model.ReflectiveCallable.run(ReflectiveCallable.java:12)
	at org.junit.runners.model.FrameworkMethod.invokeExplosively(FrameworkMethod.java:47)
	at org.junit.internal.runners.statements.InvokeMethod.evaluate(InvokeMethod.java:17)
	at org.junit.runners.ParentRunner.runLeaf(ParentRunner.java:325)
	at org.junit.runners.BlockJUnit4ClassRunner.runChild(BlockJUnit4ClassRunner.java:78)
	at org.junit.runners.BlockJUnit4ClassRunner.runChild(BlockJUnit4ClassRunner.java:57)
	at org.junit.runners.ParentRunner$3.run(ParentRunner.java:290)
	at org.junit.runners.ParentRunner$1.schedule(ParentRunner.java:71)
	at org.junit.runners.ParentRunner.runChildren(ParentRunner.java:288)
	at org.junit.runners.ParentRunner.access$000(ParentRunner.java:58)
	at org.junit.runners.ParentRunner$2.evaluate(ParentRunner.java:268)
	at org.junit.runners.ParentRunner.run(ParentRunner.java:363)
	at org.junit.runners.Suite.runChild(Suite.java:128)
	at org.junit.runners.Suite.runChild(Suite.java:27)
	at org.junit.runners.ParentRunner$3.run(ParentRunner.java:290)
	at org.junit.runners.ParentRunner$1.schedule(ParentRunner.java:71)
	at org.junit.runners.ParentRunner.runChildren(ParentRunner.java:288)
	at org.junit.runners.ParentRunner.access$000(ParentRunner.java:58)
	at org.junit.runners.ParentRunner$2.evaluate(ParentRunner.java:268)
	at org.junit.runners.ParentRunner.run(ParentRunner.java:363)
	at org.apache.maven.surefire.junit4.JUnit4Provider.execute(JUnit4Provider.java:252)
	at org.apache.maven.surefire.junit4.JUnit4Provider.executeTestSet(JUnit4Provider.java:141)
	at org.apache.maven.surefire.junit4.JUnit4Provider.invoke(JUnit4Provider.java:112)
	at sun.reflect.NativeMethodAccessorImpl.invoke0(Native Method)
	at sun.reflect.NativeMethodAccessorImpl.invoke(NativeMethodAccessorImpl.java:62)
	at sun.reflect.DelegatingMethodAccessorImpl.invoke(DelegatingMethodAccessorImpl.java:43)
	at java.lang.reflect.Method.invoke(Method.java:498)
	at org.apache.maven.surefire.util.ReflectionUtils.invokeMethodWithArray(ReflectionUtils.java:189)
	at org.apache.maven.surefire.booter.ProviderFactory$ProviderProxy.invoke(ProviderFactory.java:165)
	at org.apache.maven.surefire.booter.ProviderFactory.invokeProvider(ProviderFactory.java:85)
	at org.apache.maven.surefire.booter.ForkedBooter.runSuitesInProcess(ForkedBooter.java:115)
	at org.apache.maven.surefire.booter.ForkedBooter.main(ForkedBooter.java:75)
Caused by: java.lang.NoClassDefFoundError: Could not initialize class org.gnu.glpk.GLPKJNI
	at org.gnu.glpk.glp_smcp.&lt;init&gt;(glp_smcp.java:168)
	at ch.ethz.idsc.amodeus.dispatcher.util.LPVehicleRebalancing.&lt;init&gt;(LPVehicleRebalancing.java:31)
	at ch.ethz.idsc.amodeus.traveldata.TravelData.&lt;init&gt;(TravelData.java:150)
	at ch.ethz.idsc.amodeus.matsim.StandardMATSimScenarioTest$2.provideTravelData(StandardMATSimScenarioTest.java:217)
	at ch.ethz.idsc.amodeus.matsim.StandardMATSimScenarioTest$2$$FastClassByGuice$$18c5fb10.invoke(&lt;generated&gt;)
	at com.google.inject.internal.ProviderMethod$FastClassProviderMethod.doProvision(ProviderMethod.java:264)
	at com.google.inject.internal.ProviderMethod$Factory.provision(ProviderMethod.java:401)
	at com.google.inject.internal.ProviderMethod$Factory.get(ProviderMethod.java:376)
	at com.google.inject.internal.ProviderToInternalFactoryAdapter$1.call(ProviderToInternalFactoryAdapter.java:46)
	at com.google.inject.internal.InjectorImpl.callInContext(InjectorImpl.java:1092)
	at com.google.inject.internal.ProviderToInternalFactoryAdapter.get(ProviderToInternalFactoryAdapter.java:40)
	at com.google.inject.internal.SingletonScope$1.get(SingletonScope.java:194)
	at com.google.inject.internal.InternalFactoryToProviderAdapter.get(InternalFactoryToProviderAdapter.java:41)
	at com.google.inject.internal.SingleFieldInjector.inject(SingleFieldInjector.java:54)
	at com.google.inject.internal.MembersInjectorImpl.injectMembers(MembersInjectorImpl.java:132)
	at com.google.inject.internal.ConstructorInjector.provision(ConstructorInjector.java:120)
	at com.google.inject.internal.ConstructorInjector.construct(ConstructorInjector.java:90)
	at com.google.inject.internal.ConstructorBindingImpl$Factory.get(ConstructorBindingImpl.java:268)
	at com.google.inject.internal.FactoryProxy.get(FactoryProxy.java:56)
	at com.google.inject.internal.InjectorImpl$2$1.call(InjectorImpl.java:1019)
	at com.google.inject.internal.InjectorImpl.callInContext(InjectorImpl.java:1092)
	at com.google.inject.internal.InjectorImpl$2.get(InjectorImpl.java:1015)
	at com.google.inject.spi.ProviderLookup$1.get(ProviderLookup.java:104)
	at com.google.inject.spi.ProviderLookup$1.get(ProviderLookup.java:104)
	at com.google.inject.spi.ProviderLookup$1.get(ProviderLookup.java:104)
	at com.google.inject.spi.ProviderLookup$1.get(ProviderLookup.java:104)
	at com.google.inject.spi.ProviderLookup$1.get(ProviderLookup.java:104)
	at com.google.inject.spi.ProviderLookup$1.get(ProviderLookup.java:104)
	at com.google.inject.spi.ProviderLookup$1.get(ProviderLookup.java:104)
	at com.google.inject.spi.ProviderLookup$1.get(ProviderLookup.java:104)
	at com.google.inject.multibindings.MapBinder$RealMapBinder$ValueProvider.get(MapBinder.java:821)
	at com.google.inject.multibindings.MapBinder$RealMapBinder$RealMapProvider.get(MapBinder.java:605)
	at com.google.inject.multibindings.MapBinder$RealMapBinder$RealMapProvider.get(MapBinder.java:586)
	at com.google.inject.internal.ProviderInternalFactory.provision(ProviderInternalFactory.java:81)
	at com.google.inject.internal.InternalFactoryToInitializableAdapter.provision(InternalFactoryToInitializableAdapter.java:53)
	at com.google.inject.internal.ProviderInternalFactory.circularGet(ProviderInternalFactory.java:61)
	at com.google.inject.internal.InternalFactoryToInitializableAdapter.get(InternalFactoryToInitializableAdapter.java:45)
	at com.google.inject.internal.SingleParameterInjector.inject(SingleParameterInjector.java:38)
	at com.google.inject.internal.SingleParameterInjector.getAll(SingleParameterInjector.java:62)
	at com.google.inject.internal.ProviderMethod$Factory.provision(ProviderMethod.java:402)
	at com.google.inject.internal.ProviderMethod$Factory.get(ProviderMethod.java:376)
	at com.google.inject.internal.ProviderToInternalFactoryAdapter$1.call(ProviderToInternalFactoryAdapter.java:46)
	at com.google.inject.internal.InjectorImpl.callInContext(InjectorImpl.java:1092)
	at com.google.inject.internal.ProviderToInternalFactoryAdapter.get(ProviderToInternalFactoryAdapter.java:40)
	at com.google.inject.internal.SingletonScope$1.get(SingletonScope.java:194)
	at com.google.inject.internal.InternalFactoryToProviderAdapter.get(InternalFactoryToProviderAdapter.java:41)
	at com.google.inject.internal.SingleFieldInjector.inject(SingleFieldInjector.java:54)
	at com.google.inject.internal.MembersInjectorImpl.injectMembers(MembersInjectorImpl.java:132)
	at com.google.inject.internal.ConstructorInjector.provision(ConstructorInjector.java:120)
	at com.google.inject.internal.ConstructorInjector.construct(ConstructorInjector.java:90)
	at com.google.inject.internal.ConstructorBindingImpl$Factory.get(ConstructorBindingImpl.java:268)
	at com.google.inject.internal.ProviderToInternalFactoryAdapter$1.call(ProviderToInternalFactoryAdapter.java:46)
	at com.google.inject.internal.InjectorImpl.callInContext(InjectorImpl.java:1092)
	at com.google.inject.internal.ProviderToInternalFactoryAdapter.get(ProviderToInternalFactoryAdapter.java:40)
	at com.google.inject.internal.SingletonScope$1.get(SingletonScope.java:194)
	at com.google.inject.internal.InternalFactoryToProviderAdapter.get(InternalFactoryToProviderAdapter.java:41)
	at com.google.inject.internal.SingleParameterInjector.inject(SingleParameterInjector.java:38)
	at com.google.inject.internal.SingleParameterInjector.getAll(SingleParameterInjector.java:62)
	at com.google.inject.internal.ProviderMethod$Factory.provision(ProviderMethod.java:402)
	at com.google.inject.internal.ProviderMethod$Factory.get(ProviderMethod.java:376)
	at com.google.inject.internal.ProviderToInternalFactoryAdapter$1.call(ProviderToInternalFactoryAdapter.java:46)
	at com.google.inject.internal.InjectorImpl.callInContext(InjectorImpl.java:1092)
	at com.google.inject.internal.ProviderToInternalFactoryAdapter.get(ProviderToInternalFactoryAdapter.java:40)
	at com.google.inject.internal.SingletonScope$1.get(SingletonScope.java:194)
	at com.google.inject.internal.InternalFactoryToProviderAdapter.get(InternalFactoryToProviderAdapter.java:41)
	at com.google.inject.internal.InjectorImpl$2$1.call(InjectorImpl.java:1019)
	at com.google.inject.internal.InjectorImpl.callInContext(InjectorImpl.java:1092)
	at com.google.inject.internal.InjectorImpl$2.get(InjectorImpl.java:1015)
	at com.google.inject.internal.InjectorImpl.getInstance(InjectorImpl.java:1054)
	at org.matsim.core.mobsim.qsim.QSimProvider.get(QSimProvider.java:75)
	at org.matsim.core.mobsim.qsim.QSimProvider.get(QSimProvider.java:41)
	at com.google.inject.internal.ProviderInternalFactory.provision(ProviderInternalFactory.java:81)
	at com.google.inject.internal.BoundProviderFactory.provision(BoundProviderFactory.java:72)
	at com.google.inject.internal.ProviderInternalFactory.circularGet(ProviderInternalFactory.java:61)
	at com.google.inject.internal.BoundProviderFactory.get(BoundProviderFactory.java:62)
	at com.google.inject.internal.InjectorImpl$2$1.call(InjectorImpl.java:1019)
	at com.google.inject.internal.InjectorImpl.callInContext(InjectorImpl.java:1085)
	at com.google.inject.internal.InjectorImpl$2.get(InjectorImpl.java:1015)
	... 51 more
2018-06-01 06:11:29,762 ERROR MatsimRuntimeModifications:60 ERROR --- This is an unexpected shutdown!
2018-06-01 06:11:29,762 ERROR MatsimRuntimeModifications:63 Shutdown possibly caused by the following Exception:
com.google.inject.ProvisionException: Unable to provision, see the following errors:

1) Error in custom provider, java.lang.NoClassDefFoundError: Could not initialize class org.gnu.glpk.GLPKJNI
  at ch.ethz.idsc.amodeus.matsim.StandardMATSimScenarioTest$2.provideTravelData(StandardMATSimScenarioTest.java:217) (via modules: com.google.inject.util.Modules$CombinedModule -&gt; com.google.inject.util.Modules$CombinedModule -&gt; org.matsim.core.controler.AbstractModule$4 -&gt; com.google.inject.util.Modules$OverrideModule -&gt; org.matsim.core.controler.AbstractModule$4 -&gt; com.google.inject.util.Modules$OverrideModule -&gt; org.matsim.core.controler.AbstractModule$4 -&gt; com.google.inject.util.Modules$OverrideModule -&gt; org.matsim.core.controler.AbstractModule$4 -&gt; com.google.inject.util.Modules$OverrideModule -&gt; org.matsim.core.controler.AbstractModule$4 -&gt; com.google.inject.util.Modules$OverrideModule -&gt; ch.ethz.idsc.amodeus.matsim.StandardMATSimScenarioTest$2)
  at ch.ethz.idsc.amodeus.matsim.StandardMATSimScenarioTest$2.provideTravelData(StandardMATSimScenarioTest.java:217) (via modules: com.google.inject.util.Modules$CombinedModule -&gt; com.google.inject.util.Modules$CombinedModule -&gt; org.matsim.core.controler.AbstractModule$4 -&gt; com.google.inject.util.Modules$OverrideModule -&gt; org.matsim.core.controler.AbstractModule$4 -&gt; com.google.inject.util.Modules$OverrideModule -&gt; org.matsim.core.controler.AbstractModule$4 -&gt; com.google.inject.util.Modules$OverrideModule -&gt; org.matsim.core.controler.AbstractModule$4 -&gt; com.google.inject.util.Modules$OverrideModule -&gt; org.matsim.core.controler.AbstractModule$4 -&gt; com.google.inject.util.Modules$OverrideModule -&gt; ch.ethz.idsc.amodeus.matsim.StandardMATSimScenarioTest$2)
  while locating ch.ethz.idsc.amodeus.traveldata.TravelData
    for field at ch.ethz.idsc.amodeus.dispatcher.FeedforwardFluidicRebalancingPolicy$Factory.travelData(FeedforwardFluidicRebalancingPolicy.java:162)
  while locating ch.ethz.idsc.amodeus.dispatcher.FeedforwardFluidicRebalancingPolicy$Factory
  while locating ch.ethz.matsim.av.dispatcher.AVDispatcher$AVDispatcherFactory annotated with @com.google.inject.multibindings.Element(setName=,uniqueId=464, type=MAPBINDER, keyType=java.lang.String)
  at ch.ethz.matsim.av.framework.AVUtils.bindDispatcherFactory(AVUtils.java:11) (via modules: com.google.inject.util.Modules$CombinedModule -&gt; com.google.inject.util.Modules$CombinedModule -&gt; org.matsim.core.controler.AbstractModule$4 -&gt; com.google.inject.util.Modules$OverrideModule -&gt; org.matsim.core.controler.AbstractModule$4 -&gt; com.google.inject.util.Modules$OverrideModule -&gt; org.matsim.core.controler.AbstractModule$4 -&gt; com.google.inject.util.Modules$OverrideModule -&gt; org.matsim.core.controler.AbstractModule$4 -&gt; com.google.inject.util.Modules$OverrideModule -&gt; org.matsim.core.controler.AbstractModule$4 -&gt; com.google.inject.util.Modules$OverrideModule -&gt; org.matsim.core.controler.AbstractModule$4 -&gt; com.google.inject.util.Modules$OverrideModule -&gt; org.matsim.core.controler.AbstractModule$4 -&gt; com.google.inject.util.Modules$OverrideModule -&gt; ch.ethz.idsc.amodeus.matsim.mod.AmodeusDispatcherModule -&gt; com.google.inject.multibindings.MapBinder$RealMapBinder)
  while locating java.util.Map&lt;java.lang.String, ch.ethz.matsim.av.dispatcher.AVDispatcher$AVDispatcherFactory&gt;
    for the 1st parameter of ch.ethz.matsim.av.framework.AVQSimModule.provideDispatchers(AVQSimModule.java:70)
  at ch.ethz.matsim.av.framework.AVQSimModule.provideDispatchers(AVQSimModule.java:70) (via modules: org.matsim.core.mobsim.qsim.QSimProvider$1 -&gt; ch.ethz.idsc.amodeus.matsim.mod.AmodeusQSimModule -&gt; com.google.inject.util.Modules$OverrideModule -&gt; ch.ethz.matsim.av.framework.AVQSimModule)
  while locating java.util.Map&lt;org.matsim.api.core.v01.Id&lt;ch.ethz.matsim.av.data.AVOperator&gt;, ch.ethz.matsim.av.dispatcher.AVDispatcher&gt;
    for field at ch.ethz.matsim.av.passenger.AVRequestCreator.dispatchers(AVRequestCreator.java:21)
  at ch.ethz.matsim.av.framework.AVQSimModule.configure(AVQSimModule.java:37) (via modules: org.matsim.core.mobsim.qsim.QSimProvider$1 -&gt; ch.ethz.idsc.amodeus.matsim.mod.AmodeusQSimModule -&gt; com.google.inject.util.Modules$OverrideModule -&gt; ch.ethz.matsim.av.framework.AVQSimModule)
  while locating ch.ethz.matsim.av.passenger.AVRequestCreator
    for the 2nd parameter of ch.ethz.matsim.av.framework.AVQSimModule.providePassengerEngine(AVQSimModule.java:48)
  at ch.ethz.matsim.av.framework.AVQSimModule.providePassengerEngine(AVQSimModule.java:48) (via modules: org.matsim.core.mobsim.qsim.QSimProvider$1 -&gt; ch.ethz.idsc.amodeus.matsim.mod.AmodeusQSimModule -&gt; com.google.inject.util.Modules$OverrideModule -&gt; ch.ethz.matsim.av.framework.AVQSimModule)
  while locating org.matsim.contrib.dvrp.passenger.PassengerEngine
  while locating org.matsim.core.mobsim.qsim.QSimProvider
  while locating org.matsim.core.mobsim.framework.Mobsim

2) Error in custom provider, java.lang.NoClassDefFoundError: Could not initialize class org.gnu.glpk.GLPKJNI
  at ch.ethz.idsc.amodeus.matsim.StandardMATSimScenarioTest$2.provideTravelData(StandardMATSimScenarioTest.java:217) (via modules: com.google.inject.util.Modules$CombinedModule -&gt; com.google.inject.util.Modules$CombinedModule -&gt; org.matsim.core.controler.AbstractModule$4 -&gt; com.google.inject.util.Modules$OverrideModule -&gt; org.matsim.core.controler.AbstractModule$4 -&gt; com.google.inject.util.Modules$OverrideModule -&gt; org.matsim.core.controler.AbstractModule$4 -&gt; com.google.inject.util.Modules$OverrideModule -&gt; org.matsim.core.controler.AbstractModule$4 -&gt; com.google.inject.util.Modules$OverrideModule -&gt; org.matsim.core.controler.AbstractModule$4 -&gt; com.google.inject.util.Modules$OverrideModule -&gt; ch.ethz.idsc.amodeus.matsim.StandardMATSimScenarioTest$2)
  at ch.ethz.idsc.amodeus.matsim.StandardMATSimScenarioTest$2.provideTravelData(StandardMATSimScenarioTest.java:217) (via modules: com.google.inject.util.Modules$CombinedModule -&gt; com.google.inject.util.Modules$CombinedModule -&gt; org.matsim.core.controler.AbstractModule$4 -&gt; com.google.inject.util.Modules$OverrideModule -&gt; org.matsim.core.controler.AbstractModule$4 -&gt; com.google.inject.util.Modules$OverrideModule -&gt; org.matsim.core.controler.AbstractModule$4 -&gt; com.google.inject.util.Modules$OverrideModule -&gt; org.matsim.core.controler.AbstractModule$4 -&gt; com.google.inject.util.Modules$OverrideModule -&gt; org.matsim.core.controler.AbstractModule$4 -&gt; com.google.inject.util.Modules$OverrideModule -&gt; ch.ethz.idsc.amodeus.matsim.StandardMATSimScenarioTest$2)
  while locating ch.ethz.idsc.amodeus.traveldata.TravelData
    for field at ch.ethz.idsc.amodeus.dispatcher.FeedforwardFluidicRebalancingPolicy$Factory.travelData(FeedforwardFluidicRebalancingPolicy.java:162)
  while locating ch.ethz.idsc.amodeus.dispatcher.FeedforwardFluidicRebalancingPolicy$Factory
  while locating ch.ethz.matsim.av.dispatcher.AVDispatcher$AVDispatcherFactory annotated with @com.google.inject.multibindings.Element(setName=,uniqueId=464, type=MAPBINDER, keyType=java.lang.String)
  at ch.ethz.matsim.av.framework.AVUtils.bindDispatcherFactory(AVUtils.java:11) (via modules: com.google.inject.util.Modules$CombinedModule -&gt; com.google.inject.util.Modules$CombinedModule -&gt; org.matsim.core.controler.AbstractModule$4 -&gt; com.google.inject.util.Modules$OverrideModule -&gt; org.matsim.core.controler.AbstractModule$4 -&gt; com.google.inject.util.Modules$OverrideModule -&gt; org.matsim.core.controler.AbstractModule$4 -&gt; com.google.inject.util.Modules$OverrideModule -&gt; org.matsim.core.controler.AbstractModule$4 -&gt; com.google.inject.util.Modules$OverrideModule -&gt; org.matsim.core.controler.AbstractModule$4 -&gt; com.google.inject.util.Modules$OverrideModule -&gt; org.matsim.core.controler.AbstractModule$4 -&gt; com.google.inject.util.Modules$OverrideModule -&gt; org.matsim.core.controler.AbstractModule$4 -&gt; com.google.inject.util.Modules$OverrideModule -&gt; ch.ethz.idsc.amodeus.matsim.mod.AmodeusDispatcherModule -&gt; com.google.inject.multibindings.MapBinder$RealMapBinder)
  while locating java.util.Map&lt;java.lang.String, ch.ethz.matsim.av.dispatcher.AVDispatcher$AVDispatcherFactory&gt;
    for the 1st parameter of ch.ethz.matsim.av.framework.AVQSimModule.provideDispatchers(AVQSimModule.java:70)
  at ch.ethz.matsim.av.framework.AVQSimModule.provideDispatchers(AVQSimModule.java:70) (via modules: org.matsim.core.mobsim.qsim.QSimProvider$1 -&gt; ch.ethz.idsc.amodeus.matsim.mod.AmodeusQSimModule -&gt; com.google.inject.util.Modules$OverrideModule -&gt; ch.ethz.matsim.av.framework.AVQSimModule)
  while locating java.util.Map&lt;org.matsim.api.core.v01.Id&lt;ch.ethz.matsim.av.data.AVOperator&gt;, ch.ethz.matsim.av.dispatcher.AVDispatcher&gt;
    for field at ch.ethz.matsim.av.schedule.AVOptimizer.dispatchers(AVOptimizer.java:32)
  at ch.ethz.matsim.av.framework.AVQSimModule.configure(AVQSimModule.java:35) (via modules: org.matsim.core.mobsim.qsim.QSimProvider$1 -&gt; ch.ethz.idsc.amodeus.matsim.mod.AmodeusQSimModule -&gt; com.google.inject.util.Modules$OverrideModule -&gt; ch.ethz.matsim.av.framework.AVQSimModule)
  while locating ch.ethz.matsim.av.schedule.AVOptimizer
    for the 3rd parameter of ch.ethz.matsim.av.framework.AVQSimModule.providePassengerEngine(AVQSimModule.java:48)
  at ch.ethz.matsim.av.framework.AVQSimModule.providePassengerEngine(AVQSimModule.java:48) (via modules: org.matsim.core.mobsim.qsim.QSimProvider$1 -&gt; ch.ethz.idsc.amodeus.matsim.mod.AmodeusQSimModule -&gt; com.google.inject.util.Modules$OverrideModule -&gt; ch.ethz.matsim.av.framework.AVQSimModule)
  while locating org.matsim.contrib.dvrp.passenger.PassengerEngine
  while locating org.matsim.core.mobsim.qsim.QSimProvider
  while locating org.matsim.core.mobsim.framework.Mobsim

2 errors
	at com.google.inject.internal.InjectorImpl$2.get(InjectorImpl.java:1028)
	at org.matsim.core.controler.NewControler.runMobSim(NewControler.java:111)
	at org.matsim.core.controler.AbstractController$7.run(AbstractController.java:199)
	at org.matsim.core.controler.AbstractController.iterationStep(AbstractController.java:231)
	at org.matsim.core.controler.AbstractController.mobsim(AbstractController.java:195)
	at org.matsim.core.controler.AbstractController.iteration(AbstractController.java:154)
	at org.matsim.core.controler.AbstractController.doIterations(AbstractController.java:121)
	at org.matsim.core.controler.AbstractController.access$000(AbstractController.java:29)
	at org.matsim.core.controler.AbstractController$1.run(AbstractController.java:91)
	at org.matsim.core.controler.MatsimRuntimeModifications.run(MatsimRuntimeModifications.java:48)
	at org.matsim.core.controler.MatsimRuntimeModifications.run(MatsimRuntimeModifications.java:31)
	at org.matsim.core.controler.AbstractController.run(AbstractController.java:99)
	at org.matsim.core.controler.NewControler.run(NewControler.java:75)
	at org.matsim.core.controler.Controler.run(Controler.java:202)
	at ch.ethz.idsc.amodeus.matsim.StandardMATSimScenarioTest.testStandardMATSimScenario(StandardMATSimScenarioTest.java:263)
	at sun.reflect.NativeMethodAccessorImpl.invoke0(Native Method)
	at sun.reflect.NativeMethodAccessorImpl.invoke(NativeMethodAccessorImpl.java:62)
	at sun.reflect.DelegatingMethodAccessorImpl.invoke(DelegatingMethodAccessorImpl.java:43)
	at java.lang.reflect.Method.invoke(Method.java:498)
	at org.junit.runners.model.FrameworkMethod$1.runReflectiveCall(FrameworkMethod.java:50)
	at org.junit.internal.runners.model.ReflectiveCallable.run(ReflectiveCallable.java:12)
	at org.junit.runners.model.FrameworkMethod.invokeExplosively(FrameworkMethod.java:47)
	at org.junit.internal.runners.statements.InvokeMethod.evaluate(InvokeMethod.java:17)
	at org.junit.runners.ParentRunner.runLeaf(ParentRunner.java:325)
	at org.junit.runners.BlockJUnit4ClassRunner.runChild(BlockJUnit4ClassRunner.java:78)
	at org.junit.runners.BlockJUnit4ClassRunner.runChild(BlockJUnit4ClassRunner.java:57)
	at org.junit.runners.ParentRunner$3.run(ParentRunner.java:290)
	at org.junit.runners.ParentRunner$1.schedule(ParentRunner.java:71)
	at org.junit.runners.ParentRunner.runChildren(ParentRunner.java:288)
	at org.junit.runners.ParentRunner.access$000(ParentRunner.java:58)
	at org.junit.runners.ParentRunner$2.evaluate(ParentRunner.java:268)
	at org.junit.runners.ParentRunner.run(ParentRunner.java:363)
	at org.junit.runners.Suite.runChild(Suite.java:128)
	at org.junit.runners.Suite.runChild(Suite.java:27)
	at org.junit.runners.ParentRunner$3.run(ParentRunner.java:290)
	at org.junit.runners.ParentRunner$1.schedule(ParentRunner.java:71)
	at org.junit.runners.ParentRunner.runChildren(ParentRunner.java:288)
	at org.junit.runners.ParentRunner.access$000(ParentRunner.java:58)
	at org.junit.runners.ParentRunner$2.evaluate(ParentRunner.java:268)
	at org.junit.runners.ParentRunner.run(ParentRunner.java:363)
	at org.apache.maven.surefire.junit4.JUnit4Provider.execute(JUnit4Provider.java:252)
	at org.apache.maven.surefire.junit4.JUnit4Provider.executeTestSet(JUnit4Provider.java:141)
	at org.apache.maven.surefire.junit4.JUnit4Provider.invoke(JUnit4Provider.java:112)
	at sun.reflect.NativeMethodAccessorImpl.invoke0(Native Method)
	at sun.reflect.NativeMethodAccessorImpl.invoke(NativeMethodAccessorImpl.java:62)
	at sun.reflect.DelegatingMethodAccessorImpl.invoke(DelegatingMethodAccessorImpl.java:43)
	at java.lang.reflect.Method.invoke(Method.java:498)
	at org.apache.maven.surefire.util.ReflectionUtils.invokeMethodWithArray(ReflectionUtils.java:189)
	at org.apache.maven.surefire.booter.ProviderFactory$ProviderProxy.invoke(ProviderFactory.java:165)
	at org.apache.maven.surefire.booter.ProviderFactory.invokeProvider(ProviderFactory.java:85)
	at org.apache.maven.surefire.booter.ForkedBooter.runSuitesInProcess(ForkedBooter.java:115)
	at org.apache.maven.surefire.booter.ForkedBooter.main(ForkedBooter.java:75)
Caused by: java.lang.NoClassDefFoundError: Could not initialize class org.gnu.glpk.GLPKJNI
	at org.gnu.glpk.glp_smcp.&lt;init&gt;(glp_smcp.java:168)
	at ch.ethz.idsc.amodeus.dispatcher.util.LPVehicleRebalancing.&lt;init&gt;(LPVehicleRebalancing.java:31)
	at ch.ethz.idsc.amodeus.traveldata.TravelData.&lt;init&gt;(TravelData.java:150)
	at ch.ethz.idsc.amodeus.matsim.StandardMATSimScenarioTest$2.provideTravelData(StandardMATSimScenarioTest.java:217)
	at ch.ethz.idsc.amodeus.matsim.StandardMATSimScenarioTest$2$$FastClassByGuice$$18c5fb10.invoke(&lt;generated&gt;)
	at com.google.inject.internal.ProviderMethod$FastClassProviderMethod.doProvision(ProviderMethod.java:264)
	at com.google.inject.internal.ProviderMethod$Factory.provision(ProviderMethod.java:401)
	at com.google.inject.internal.ProviderMethod$Factory.get(ProviderMethod.java:376)
	at com.google.inject.internal.ProviderToInternalFactoryAdapter$1.call(ProviderToInternalFactoryAdapter.java:46)
	at com.google.inject.internal.InjectorImpl.callInContext(InjectorImpl.java:1092)
	at com.google.inject.internal.ProviderToInternalFactoryAdapter.get(ProviderToInternalFactoryAdapter.java:40)
	at com.google.inject.internal.SingletonScope$1.get(SingletonScope.java:194)
	at com.google.inject.internal.InternalFactoryToProviderAdapter.get(InternalFactoryToProviderAdapter.java:41)
	at com.google.inject.internal.SingleFieldInjector.inject(SingleFieldInjector.java:54)
	at com.google.inject.internal.MembersInjectorImpl.injectMembers(MembersInjectorImpl.java:132)
	at com.google.inject.internal.ConstructorInjector.provision(ConstructorInjector.java:120)
	at com.google.inject.internal.ConstructorInjector.construct(ConstructorInjector.java:90)
	at com.google.inject.internal.ConstructorBindingImpl$Factory.get(ConstructorBindingImpl.java:268)
	at com.google.inject.internal.FactoryProxy.get(FactoryProxy.java:56)
	at com.google.inject.internal.InjectorImpl$2$1.call(InjectorImpl.java:1019)
	at com.google.inject.internal.InjectorImpl.callInContext(InjectorImpl.java:1092)
	at com.google.inject.internal.InjectorImpl$2.get(InjectorImpl.java:1015)
	at com.google.inject.spi.ProviderLookup$1.get(ProviderLookup.java:104)
	at com.google.inject.spi.ProviderLookup$1.get(ProviderLookup.java:104)
	at com.google.inject.spi.ProviderLookup$1.get(ProviderLookup.java:104)
	at com.google.inject.spi.ProviderLookup$1.get(ProviderLookup.java:104)
	at com.google.inject.spi.ProviderLookup$1.get(ProviderLookup.java:104)
	at com.google.inject.spi.ProviderLookup$1.get(ProviderLookup.java:104)
	at com.google.inject.spi.ProviderLookup$1.get(ProviderLookup.java:104)
	at com.google.inject.spi.ProviderLookup$1.get(ProviderLookup.java:104)
	at com.google.inject.multibindings.MapBinder$RealMapBinder$ValueProvider.get(MapBinder.java:821)
	at com.google.inject.multibindings.MapBinder$RealMapBinder$RealMapProvider.get(MapBinder.java:605)
	at com.google.inject.multibindings.MapBinder$RealMapBinder$RealMapProvider.get(MapBinder.java:586)
	at com.google.inject.internal.ProviderInternalFactory.provision(ProviderInternalFactory.java:81)
	at com.google.inject.internal.InternalFactoryToInitializableAdapter.provision(InternalFactoryToInitializableAdapter.java:53)
	at com.google.inject.internal.ProviderInternalFactory.circularGet(ProviderInternalFactory.java:61)
	at com.google.inject.internal.InternalFactoryToInitializableAdapter.get(InternalFactoryToInitializableAdapter.java:45)
	at com.google.inject.internal.SingleParameterInjector.inject(SingleParameterInjector.java:38)
	at com.google.inject.internal.SingleParameterInjector.getAll(SingleParameterInjector.java:62)
	at com.google.inject.internal.ProviderMethod$Factory.provision(ProviderMethod.java:402)
	at com.google.inject.internal.ProviderMethod$Factory.get(ProviderMethod.java:376)
	at com.google.inject.internal.ProviderToInternalFactoryAdapter$1.call(ProviderToInternalFactoryAdapter.java:46)
	at com.google.inject.internal.InjectorImpl.callInContext(InjectorImpl.java:1092)
	at com.google.inject.internal.ProviderToInternalFactoryAdapter.get(ProviderToInternalFactoryAdapter.java:40)
	at com.google.inject.internal.SingletonScope$1.get(SingletonScope.java:194)
	at com.google.inject.internal.InternalFactoryToProviderAdapter.get(InternalFactoryToProviderAdapter.java:41)
	at com.google.inject.internal.SingleFieldInjector.inject(SingleFieldInjector.java:54)
	at com.google.inject.internal.MembersInjectorImpl.injectMembers(MembersInjectorImpl.java:132)
	at com.google.inject.internal.ConstructorInjector.provision(ConstructorInjector.java:120)
	at com.google.inject.internal.ConstructorInjector.construct(ConstructorInjector.java:90)
	at com.google.inject.internal.ConstructorBindingImpl$Factory.get(ConstructorBindingImpl.java:268)
	at com.google.inject.internal.ProviderToInternalFactoryAdapter$1.call(ProviderToInternalFactoryAdapter.java:46)
	at com.google.inject.internal.InjectorImpl.callInContext(InjectorImpl.java:1092)
	at com.google.inject.internal.ProviderToInternalFactoryAdapter.get(ProviderToInternalFactoryAdapter.java:40)
	at com.google.inject.internal.SingletonScope$1.get(SingletonScope.java:194)
	at com.google.inject.internal.InternalFactoryToProviderAdapter.get(InternalFactoryToProviderAdapter.java:41)
	at com.google.inject.internal.SingleParameterInjector.inject(SingleParameterInjector.java:38)
	at com.google.inject.internal.SingleParameterInjector.getAll(SingleParameterInjector.java:62)
	at com.google.inject.internal.ProviderMethod$Factory.provision(ProviderMethod.java:402)
	at com.google.inject.internal.ProviderMethod$Factory.get(ProviderMethod.java:376)
	at com.google.inject.internal.ProviderToInternalFactoryAdapter$1.call(ProviderToInternalFactoryAdapter.java:46)
	at com.google.inject.internal.InjectorImpl.callInContext(InjectorImpl.java:1092)
	at com.google.inject.internal.ProviderToInternalFactoryAdapter.get(ProviderToInternalFactoryAdapter.java:40)
	at com.google.inject.internal.SingletonScope$1.get(SingletonScope.java:194)
	at com.google.inject.internal.InternalFactoryToProviderAdapter.get(InternalFactoryToProviderAdapter.java:41)
	at com.google.inject.internal.InjectorImpl$2$1.call(InjectorImpl.java:1019)
	at com.google.inject.internal.InjectorImpl.callInContext(InjectorImpl.java:1092)
	at com.google.inject.internal.InjectorImpl$2.get(InjectorImpl.java:1015)
	at com.google.inject.internal.InjectorImpl.getInstance(InjectorImpl.java:1054)
	at org.matsim.core.mobsim.qsim.QSimProvider.get(QSimProvider.java:75)
	at org.matsim.core.mobsim.qsim.QSimProvider.get(QSimProvider.java:41)
	at com.google.inject.internal.ProviderInternalFactory.provision(ProviderInternalFactory.java:81)
	at com.google.inject.internal.BoundProviderFactory.provision(BoundProviderFactory.java:72)
	at com.google.inject.internal.ProviderInternalFactory.circularGet(ProviderInternalFactory.java:61)
	at com.google.inject.internal.BoundProviderFactory.get(BoundProviderFactory.java:62)
	at com.google.inject.internal.InjectorImpl$2$1.call(InjectorImpl.java:1019)
	at com.google.inject.internal.InjectorImpl.callInContext(InjectorImpl.java:1085)
	at com.google.inject.internal.InjectorImpl$2.get(InjectorImpl.java:1015)
	... 51 more
2018-06-01 06:11:29,768 ERROR MatsimRuntimeModifications:78 ERROR --- MATSim unexpectedly terminated. Please check the output or the logfile with warnings and errors for hints.
2018-06-01 06:11:29,768 ERROR MatsimRuntimeModifications:79 ERROR --- results should not be used for further analysis.
2018-06-01 06:11:29,768 ERROR MatsimRuntimeModifications:83 ERROR --- This was an unexpected shutdown! See the log file for a possible reason.
</system-err>
  </testcase>
  <testcase classname="ch.ethz.idsc.amodeus.matsim.StandardMATSimScenarioTest" name="testStandardMATSimScenario[FeedforwardFluidicRebalancingPolicy]" time="0.746">
    <error message="Unable to provision, see the following errors:

1) Error in custom provider, java.lang.NoClassDefFoundError: Could not initialize class org.gnu.glpk.GLPKJNI
  at ch.ethz.idsc.amodeus.matsim.StandardMATSimScenarioTest$2.provideTravelData(StandardMATSimScenarioTest.java:217) (via modules: com.google.inject.util.Modules$CombinedModule -&gt; com.google.inject.util.Modules$CombinedModule -&gt; org.matsim.core.controler.AbstractModule$4 -&gt; com.google.inject.util.Modules$OverrideModule -&gt; org.matsim.core.controler.AbstractModule$4 -&gt; com.google.inject.util.Modules$OverrideModule -&gt; org.matsim.core.controler.AbstractModule$4 -&gt; com.google.inject.util.Modules$OverrideModule -&gt; org.matsim.core.controler.AbstractModule$4 -&gt; com.google.inject.util.Modules$OverrideModule -&gt; org.matsim.core.controler.AbstractModule$4 -&gt; com.google.inject.util.Modules$OverrideModule -&gt; ch.ethz.idsc.amodeus.matsim.StandardMATSimScenarioTest$2)
  at ch.ethz.idsc.amodeus.matsim.StandardMATSimScenarioTest$2.provideTravelData(StandardMATSimScenarioTest.java:217) (via modules: com.google.inject.util.Modules$CombinedModule -&gt; com.google.inject.util.Modules$CombinedModule -&gt; org.matsim.core.controler.AbstractModule$4 -&gt; com.google.inject.util.Modules$OverrideModule -&gt; org.matsim.core.controler.AbstractModule$4 -&gt; com.google.inject.util.Modules$OverrideModule -&gt; org.matsim.core.controler.AbstractModule$4 -&gt; com.google.inject.util.Modules$OverrideModule -&gt; org.matsim.core.controler.AbstractModule$4 -&gt; com.google.inject.util.Modules$OverrideModule -&gt; org.matsim.core.controler.AbstractModule$4 -&gt; com.google.inject.util.Modules$OverrideModule -&gt; ch.ethz.idsc.amodeus.matsim.StandardMATSimScenarioTest$2)
  while locating ch.ethz.idsc.amodeus.traveldata.TravelData
    for field at ch.ethz.idsc.amodeus.dispatcher.FeedforwardFluidicRebalancingPolicy$Factory.travelData(FeedforwardFluidicRebalancingPolicy.java:162)
  while locating ch.ethz.idsc.amodeus.dispatcher.FeedforwardFluidicRebalancingPolicy$Factory
  while locating ch.ethz.matsim.av.dispatcher.AVDispatcher$AVDispatcherFactory annotated with @com.google.inject.multibindings.Element(setName=,uniqueId=630, type=MAPBINDER, keyType=java.lang.String)
  at ch.ethz.matsim.av.framework.AVUtils.bindDispatcherFactory(AVUtils.java:11) (via modules: com.google.inject.util.Modules$CombinedModule -&gt; com.google.inject.util.Modules$CombinedModule -&gt; org.matsim.core.controler.AbstractModule$4 -&gt; com.google.inject.util.Modules$OverrideModule -&gt; org.matsim.core.controler.AbstractModule$4 -&gt; com.google.inject.util.Modules$OverrideModule -&gt; org.matsim.core.controler.AbstractModule$4 -&gt; com.google.inject.util.Modules$OverrideModule -&gt; org.matsim.core.controler.AbstractModule$4 -&gt; com.google.inject.util.Modules$OverrideModule -&gt; org.matsim.core.controler.AbstractModule$4 -&gt; com.google.inject.util.Modules$OverrideModule -&gt; org.matsim.core.controler.AbstractModule$4 -&gt; com.google.inject.util.Modules$OverrideModule -&gt; org.matsim.core.controler.AbstractModule$4 -&gt; com.google.inject.util.Modules$OverrideModule -&gt; ch.ethz.idsc.amodeus.matsim.mod.AmodeusDispatcherModule -&gt; com.google.inject.multibindings.MapBinder$RealMapBinder)
  while locating java.util.Map&lt;java.lang.String, ch.ethz.matsim.av.dispatcher.AVDispatcher$AVDispatcherFactory&gt;
    for the 1st parameter of ch.ethz.matsim.av.framework.AVQSimModule.provideDispatchers(AVQSimModule.java:70)
  at ch.ethz.matsim.av.framework.AVQSimModule.provideDispatchers(AVQSimModule.java:70) (via modules: org.matsim.core.mobsim.qsim.QSimProvider$1 -&gt; ch.ethz.idsc.amodeus.matsim.mod.AmodeusQSimModule -&gt; com.google.inject.util.Modules$OverrideModule -&gt; ch.ethz.matsim.av.framework.AVQSimModule)
  while locating java.util.Map&lt;org.matsim.api.core.v01.Id&lt;ch.ethz.matsim.av.data.AVOperator&gt;, ch.ethz.matsim.av.dispatcher.AVDispatcher&gt;
    for field at ch.ethz.matsim.av.passenger.AVRequestCreator.dispatchers(AVRequestCreator.java:21)
  at ch.ethz.matsim.av.framework.AVQSimModule.configure(AVQSimModule.java:37) (via modules: org.matsim.core.mobsim.qsim.QSimProvider$1 -&gt; ch.ethz.idsc.amodeus.matsim.mod.AmodeusQSimModule -&gt; com.google.inject.util.Modules$OverrideModule -&gt; ch.ethz.matsim.av.framework.AVQSimModule)
  while locating ch.ethz.matsim.av.passenger.AVRequestCreator
    for the 2nd parameter of ch.ethz.matsim.av.framework.AVQSimModule.providePassengerEngine(AVQSimModule.java:48)
  at ch.ethz.matsim.av.framework.AVQSimModule.providePassengerEngine(AVQSimModule.java:48) (via modules: org.matsim.core.mobsim.qsim.QSimProvider$1 -&gt; ch.ethz.idsc.amodeus.matsim.mod.AmodeusQSimModule -&gt; com.google.inject.util.Modules$OverrideModule -&gt; ch.ethz.matsim.av.framework.AVQSimModule)
  while locating org.matsim.contrib.dvrp.passenger.PassengerEngine
  while locating org.matsim.core.mobsim.qsim.QSimProvider
  while locating org.matsim.core.mobsim.framework.Mobsim

2) Error in custom provider, java.lang.NoClassDefFoundError: Could not initialize class org.gnu.glpk.GLPKJNI
  at ch.ethz.idsc.amodeus.matsim.StandardMATSimScenarioTest$2.provideTravelData(StandardMATSimScenarioTest.java:217) (via modules: com.google.inject.util.Modules$CombinedModule -&gt; com.google.inject.util.Modules$CombinedModule -&gt; org.matsim.core.controler.AbstractModule$4 -&gt; com.google.inject.util.Modules$OverrideModule -&gt; org.matsim.core.controler.AbstractModule$4 -&gt; com.google.inject.util.Modules$OverrideModule -&gt; org.matsim.core.controler.AbstractModule$4 -&gt; com.google.inject.util.Modules$OverrideModule -&gt; org.matsim.core.controler.AbstractModule$4 -&gt; com.google.inject.util.Modules$OverrideModule -&gt; org.matsim.core.controler.AbstractModule$4 -&gt; com.google.inject.util.Modules$OverrideModule -&gt; ch.ethz.idsc.amodeus.matsim.StandardMATSimScenarioTest$2)
  at ch.ethz.idsc.amodeus.matsim.StandardMATSimScenarioTest$2.provideTravelData(StandardMATSimScenarioTest.java:217) (via modules: com.google.inject.util.Modules$CombinedModule -&gt; com.google.inject.util.Modules$CombinedModule -&gt; org.matsim.core.controler.AbstractModule$4 -&gt; com.google.inject.util.Modules$OverrideModule -&gt; org.matsim.core.controler.AbstractModule$4 -&gt; com.google.inject.util.Modules$OverrideModule -&gt; org.matsim.core.controler.AbstractModule$4 -&gt; com.google.inject.util.Modules$OverrideModule -&gt; org.matsim.core.controler.AbstractModule$4 -&gt; com.google.inject.util.Modules$OverrideModule -&gt; org.matsim.core.controler.AbstractModule$4 -&gt; com.google.inject.util.Modules$OverrideModule -&gt; ch.ethz.idsc.amodeus.matsim.StandardMATSimScenarioTest$2)
  while locating ch.ethz.idsc.amodeus.traveldata.TravelData
    for field at ch.ethz.idsc.amodeus.dispatcher.FeedforwardFluidicRebalancingPolicy$Factory.travelData(FeedforwardFluidicRebalancingPolicy.java:162)
  while locating ch.ethz.idsc.amodeus.dispatcher.FeedforwardFluidicRebalancingPolicy$Factory
  while locating ch.ethz.matsim.av.dispatcher.AVDispatcher$AVDispatcherFactory annotated with @com.google.inject.multibindings.Element(setName=,uniqueId=630, type=MAPBINDER, keyType=java.lang.String)
  at ch.ethz.matsim.av.framework.AVUtils.bindDispatcherFactory(AVUtils.java:11) (via modules: com.google.inject.util.Modules$CombinedModule -&gt; com.google.inject.util.Modules$CombinedModule -&gt; org.matsim.core.controler.AbstractModule$4 -&gt; com.google.inject.util.Modules$OverrideModule -&gt; org.matsim.core.controler.AbstractModule$4 -&gt; com.google.inject.util.Modules$OverrideModule -&gt; org.matsim.core.controler.AbstractModule$4 -&gt; com.google.inject.util.Modules$OverrideModule -&gt; org.matsim.core.controler.AbstractModule$4 -&gt; com.google.inject.util.Modules$OverrideModule -&gt; org.matsim.core.controler.AbstractModule$4 -&gt; com.google.inject.util.Modules$OverrideModule -&gt; org.matsim.core.controler.AbstractModule$4 -&gt; com.google.inject.util.Modules$OverrideModule -&gt; org.matsim.core.controler.AbstractModule$4 -&gt; com.google.inject.util.Modules$OverrideModule -&gt; ch.ethz.idsc.amodeus.matsim.mod.AmodeusDispatcherModule -&gt; com.google.inject.multibindings.MapBinder$RealMapBinder)
  while locating java.util.Map&lt;java.lang.String, ch.ethz.matsim.av.dispatcher.AVDispatcher$AVDispatcherFactory&gt;
    for the 1st parameter of ch.ethz.matsim.av.framework.AVQSimModule.provideDispatchers(AVQSimModule.java:70)
  at ch.ethz.matsim.av.framework.AVQSimModule.provideDispatchers(AVQSimModule.java:70) (via modules: org.matsim.core.mobsim.qsim.QSimProvider$1 -&gt; ch.ethz.idsc.amodeus.matsim.mod.AmodeusQSimModule -&gt; com.google.inject.util.Modules$OverrideModule -&gt; ch.ethz.matsim.av.framework.AVQSimModule)
  while locating java.util.Map&lt;org.matsim.api.core.v01.Id&lt;ch.ethz.matsim.av.data.AVOperator&gt;, ch.ethz.matsim.av.dispatcher.AVDispatcher&gt;
    for field at ch.ethz.matsim.av.schedule.AVOptimizer.dispatchers(AVOptimizer.java:32)
  at ch.ethz.matsim.av.framework.AVQSimModule.configure(AVQSimModule.java:35) (via modules: org.matsim.core.mobsim.qsim.QSimProvider$1 -&gt; ch.ethz.idsc.amodeus.matsim.mod.AmodeusQSimModule -&gt; com.google.inject.util.Modules$OverrideModule -&gt; ch.ethz.matsim.av.framework.AVQSimModule)
  while locating ch.ethz.matsim.av.schedule.AVOptimizer
    for the 3rd parameter of ch.ethz.matsim.av.framework.AVQSimModule.providePassengerEngine(AVQSimModule.java:48)
  at ch.ethz.matsim.av.framework.AVQSimModule.providePassengerEngine(AVQSimModule.java:48) (via modules: org.matsim.core.mobsim.qsim.QSimProvider$1 -&gt; ch.ethz.idsc.amodeus.matsim.mod.AmodeusQSimModule -&gt; com.google.inject.util.Modules$OverrideModule -&gt; ch.ethz.matsim.av.framework.AVQSimModule)
  while locating org.matsim.contrib.dvrp.passenger.PassengerEngine
  while locating org.matsim.core.mobsim.qsim.QSimProvider
  while locating org.matsim.core.mobsim.framework.Mobsim

2 errors" type="com.google.inject.ProvisionException">com.google.inject.ProvisionException: Unable to provision, see the following errors:

1) Error in custom provider, java.lang.NoClassDefFoundError: Could not initialize class org.gnu.glpk.GLPKJNI
  at ch.ethz.idsc.amodeus.matsim.StandardMATSimScenarioTest$2.provideTravelData(StandardMATSimScenarioTest.java:217) (via modules: com.google.inject.util.Modules$CombinedModule -&gt; com.google.inject.util.Modules$CombinedModule -&gt; org.matsim.core.controler.AbstractModule$4 -&gt; com.google.inject.util.Modules$OverrideModule -&gt; org.matsim.core.controler.AbstractModule$4 -&gt; com.google.inject.util.Modules$OverrideModule -&gt; org.matsim.core.controler.AbstractModule$4 -&gt; com.google.inject.util.Modules$OverrideModule -&gt; org.matsim.core.controler.AbstractModule$4 -&gt; com.google.inject.util.Modules$OverrideModule -&gt; org.matsim.core.controler.AbstractModule$4 -&gt; com.google.inject.util.Modules$OverrideModule -&gt; ch.ethz.idsc.amodeus.matsim.StandardMATSimScenarioTest$2)
  at ch.ethz.idsc.amodeus.matsim.StandardMATSimScenarioTest$2.provideTravelData(StandardMATSimScenarioTest.java:217) (via modules: com.google.inject.util.Modules$CombinedModule -&gt; com.google.inject.util.Modules$CombinedModule -&gt; org.matsim.core.controler.AbstractModule$4 -&gt; com.google.inject.util.Modules$OverrideModule -&gt; org.matsim.core.controler.AbstractModule$4 -&gt; com.google.inject.util.Modules$OverrideModule -&gt; org.matsim.core.controler.AbstractModule$4 -&gt; com.google.inject.util.Modules$OverrideModule -&gt; org.matsim.core.controler.AbstractModule$4 -&gt; com.google.inject.util.Modules$OverrideModule -&gt; org.matsim.core.controler.AbstractModule$4 -&gt; com.google.inject.util.Modules$OverrideModule -&gt; ch.ethz.idsc.amodeus.matsim.StandardMATSimScenarioTest$2)
  while locating ch.ethz.idsc.amodeus.traveldata.TravelData
    for field at ch.ethz.idsc.amodeus.dispatcher.FeedforwardFluidicRebalancingPolicy$Factory.travelData(FeedforwardFluidicRebalancingPolicy.java:162)
  while locating ch.ethz.idsc.amodeus.dispatcher.FeedforwardFluidicRebalancingPolicy$Factory
  while locating ch.ethz.matsim.av.dispatcher.AVDispatcher$AVDispatcherFactory annotated with @com.google.inject.multibindings.Element(setName=,uniqueId=630, type=MAPBINDER, keyType=java.lang.String)
  at ch.ethz.matsim.av.framework.AVUtils.bindDispatcherFactory(AVUtils.java:11) (via modules: com.google.inject.util.Modules$CombinedModule -&gt; com.google.inject.util.Modules$CombinedModule -&gt; org.matsim.core.controler.AbstractModule$4 -&gt; com.google.inject.util.Modules$OverrideModule -&gt; org.matsim.core.controler.AbstractModule$4 -&gt; com.google.inject.util.Modules$OverrideModule -&gt; org.matsim.core.controler.AbstractModule$4 -&gt; com.google.inject.util.Modules$OverrideModule -&gt; org.matsim.core.controler.AbstractModule$4 -&gt; com.google.inject.util.Modules$OverrideModule -&gt; org.matsim.core.controler.AbstractModule$4 -&gt; com.google.inject.util.Modules$OverrideModule -&gt; org.matsim.core.controler.AbstractModule$4 -&gt; com.google.inject.util.Modules$OverrideModule -&gt; org.matsim.core.controler.AbstractModule$4 -&gt; com.google.inject.util.Modules$OverrideModule -&gt; ch.ethz.idsc.amodeus.matsim.mod.AmodeusDispatcherModule -&gt; com.google.inject.multibindings.MapBinder$RealMapBinder)
  while locating java.util.Map&lt;java.lang.String, ch.ethz.matsim.av.dispatcher.AVDispatcher$AVDispatcherFactory&gt;
    for the 1st parameter of ch.ethz.matsim.av.framework.AVQSimModule.provideDispatchers(AVQSimModule.java:70)
  at ch.ethz.matsim.av.framework.AVQSimModule.provideDispatchers(AVQSimModule.java:70) (via modules: org.matsim.core.mobsim.qsim.QSimProvider$1 -&gt; ch.ethz.idsc.amodeus.matsim.mod.AmodeusQSimModule -&gt; com.google.inject.util.Modules$OverrideModule -&gt; ch.ethz.matsim.av.framework.AVQSimModule)
  while locating java.util.Map&lt;org.matsim.api.core.v01.Id&lt;ch.ethz.matsim.av.data.AVOperator&gt;, ch.ethz.matsim.av.dispatcher.AVDispatcher&gt;
    for field at ch.ethz.matsim.av.passenger.AVRequestCreator.dispatchers(AVRequestCreator.java:21)
  at ch.ethz.matsim.av.framework.AVQSimModule.configure(AVQSimModule.java:37) (via modules: org.matsim.core.mobsim.qsim.QSimProvider$1 -&gt; ch.ethz.idsc.amodeus.matsim.mod.AmodeusQSimModule -&gt; com.google.inject.util.Modules$OverrideModule -&gt; ch.ethz.matsim.av.framework.AVQSimModule)
  while locating ch.ethz.matsim.av.passenger.AVRequestCreator
    for the 2nd parameter of ch.ethz.matsim.av.framework.AVQSimModule.providePassengerEngine(AVQSimModule.java:48)
  at ch.ethz.matsim.av.framework.AVQSimModule.providePassengerEngine(AVQSimModule.java:48) (via modules: org.matsim.core.mobsim.qsim.QSimProvider$1 -&gt; ch.ethz.idsc.amodeus.matsim.mod.AmodeusQSimModule -&gt; com.google.inject.util.Modules$OverrideModule -&gt; ch.ethz.matsim.av.framework.AVQSimModule)
  while locating org.matsim.contrib.dvrp.passenger.PassengerEngine
  while locating org.matsim.core.mobsim.qsim.QSimProvider
  while locating org.matsim.core.mobsim.framework.Mobsim

2) Error in custom provider, java.lang.NoClassDefFoundError: Could not initialize class org.gnu.glpk.GLPKJNI
  at ch.ethz.idsc.amodeus.matsim.StandardMATSimScenarioTest$2.provideTravelData(StandardMATSimScenarioTest.java:217) (via modules: com.google.inject.util.Modules$CombinedModule -&gt; com.google.inject.util.Modules$CombinedModule -&gt; org.matsim.core.controler.AbstractModule$4 -&gt; com.google.inject.util.Modules$OverrideModule -&gt; org.matsim.core.controler.AbstractModule$4 -&gt; com.google.inject.util.Modules$OverrideModule -&gt; org.matsim.core.controler.AbstractModule$4 -&gt; com.google.inject.util.Modules$OverrideModule -&gt; org.matsim.core.controler.AbstractModule$4 -&gt; com.google.inject.util.Modules$OverrideModule -&gt; org.matsim.core.controler.AbstractModule$4 -&gt; com.google.inject.util.Modules$OverrideModule -&gt; ch.ethz.idsc.amodeus.matsim.StandardMATSimScenarioTest$2)
  at ch.ethz.idsc.amodeus.matsim.StandardMATSimScenarioTest$2.provideTravelData(StandardMATSimScenarioTest.java:217) (via modules: com.google.inject.util.Modules$CombinedModule -&gt; com.google.inject.util.Modules$CombinedModule -&gt; org.matsim.core.controler.AbstractModule$4 -&gt; com.google.inject.util.Modules$OverrideModule -&gt; org.matsim.core.controler.AbstractModule$4 -&gt; com.google.inject.util.Modules$OverrideModule -&gt; org.matsim.core.controler.AbstractModule$4 -&gt; com.google.inject.util.Modules$OverrideModule -&gt; org.matsim.core.controler.AbstractModule$4 -&gt; com.google.inject.util.Modules$OverrideModule -&gt; org.matsim.core.controler.AbstractModule$4 -&gt; com.google.inject.util.Modules$OverrideModule -&gt; ch.ethz.idsc.amodeus.matsim.StandardMATSimScenarioTest$2)
  while locating ch.ethz.idsc.amodeus.traveldata.TravelData
    for field at ch.ethz.idsc.amodeus.dispatcher.FeedforwardFluidicRebalancingPolicy$Factory.travelData(FeedforwardFluidicRebalancingPolicy.java:162)
  while locating ch.ethz.idsc.amodeus.dispatcher.FeedforwardFluidicRebalancingPolicy$Factory
  while locating ch.ethz.matsim.av.dispatcher.AVDispatcher$AVDispatcherFactory annotated with @com.google.inject.multibindings.Element(setName=,uniqueId=630, type=MAPBINDER, keyType=java.lang.String)
  at ch.ethz.matsim.av.framework.AVUtils.bindDispatcherFactory(AVUtils.java:11) (via modules: com.google.inject.util.Modules$CombinedModule -&gt; com.google.inject.util.Modules$CombinedModule -&gt; org.matsim.core.controler.AbstractModule$4 -&gt; com.google.inject.util.Modules$OverrideModule -&gt; org.matsim.core.controler.AbstractModule$4 -&gt; com.google.inject.util.Modules$OverrideModule -&gt; org.matsim.core.controler.AbstractModule$4 -&gt; com.google.inject.util.Modules$OverrideModule -&gt; org.matsim.core.controler.AbstractModule$4 -&gt; com.google.inject.util.Modules$OverrideModule -&gt; org.matsim.core.controler.AbstractModule$4 -&gt; com.google.inject.util.Modules$OverrideModule -&gt; org.matsim.core.controler.AbstractModule$4 -&gt; com.google.inject.util.Modules$OverrideModule -&gt; org.matsim.core.controler.AbstractModule$4 -&gt; com.google.inject.util.Modules$OverrideModule -&gt; ch.ethz.idsc.amodeus.matsim.mod.AmodeusDispatcherModule -&gt; com.google.inject.multibindings.MapBinder$RealMapBinder)
  while locating java.util.Map&lt;java.lang.String, ch.ethz.matsim.av.dispatcher.AVDispatcher$AVDispatcherFactory&gt;
    for the 1st parameter of ch.ethz.matsim.av.framework.AVQSimModule.provideDispatchers(AVQSimModule.java:70)
  at ch.ethz.matsim.av.framework.AVQSimModule.provideDispatchers(AVQSimModule.java:70) (via modules: org.matsim.core.mobsim.qsim.QSimProvider$1 -&gt; ch.ethz.idsc.amodeus.matsim.mod.AmodeusQSimModule -&gt; com.google.inject.util.Modules$OverrideModule -&gt; ch.ethz.matsim.av.framework.AVQSimModule)
  while locating java.util.Map&lt;org.matsim.api.core.v01.Id&lt;ch.ethz.matsim.av.data.AVOperator&gt;, ch.ethz.matsim.av.dispatcher.AVDispatcher&gt;
    for field at ch.ethz.matsim.av.schedule.AVOptimizer.dispatchers(AVOptimizer.java:32)
  at ch.ethz.matsim.av.framework.AVQSimModule.configure(AVQSimModule.java:35) (via modules: org.matsim.core.mobsim.qsim.QSimProvider$1 -&gt; ch.ethz.idsc.amodeus.matsim.mod.AmodeusQSimModule -&gt; com.google.inject.util.Modules$OverrideModule -&gt; ch.ethz.matsim.av.framework.AVQSimModule)
  while locating ch.ethz.matsim.av.schedule.AVOptimizer
    for the 3rd parameter of ch.ethz.matsim.av.framework.AVQSimModule.providePassengerEngine(AVQSimModule.java:48)
  at ch.ethz.matsim.av.framework.AVQSimModule.providePassengerEngine(AVQSimModule.java:48) (via modules: org.matsim.core.mobsim.qsim.QSimProvider$1 -&gt; ch.ethz.idsc.amodeus.matsim.mod.AmodeusQSimModule -&gt; com.google.inject.util.Modules$OverrideModule -&gt; ch.ethz.matsim.av.framework.AVQSimModule)
  while locating org.matsim.contrib.dvrp.passenger.PassengerEngine
  while locating org.matsim.core.mobsim.qsim.QSimProvider
  while locating org.matsim.core.mobsim.framework.Mobsim

2 errors
	at com.google.inject.internal.InjectorImpl$2.get(InjectorImpl.java:1028)
	at org.matsim.core.controler.NewControler.runMobSim(NewControler.java:111)
	at org.matsim.core.controler.AbstractController$7.run(AbstractController.java:199)
	at org.matsim.core.controler.AbstractController.iterationStep(AbstractController.java:231)
	at org.matsim.core.controler.AbstractController.mobsim(AbstractController.java:195)
	at org.matsim.core.controler.AbstractController.iteration(AbstractController.java:154)
	at org.matsim.core.controler.AbstractController.doIterations(AbstractController.java:121)
	at org.matsim.core.controler.AbstractController.access$000(AbstractController.java:29)
	at org.matsim.core.controler.AbstractController$1.run(AbstractController.java:91)
	at org.matsim.core.controler.MatsimRuntimeModifications.run(MatsimRuntimeModifications.java:48)
	at org.matsim.core.controler.MatsimRuntimeModifications.run(MatsimRuntimeModifications.java:31)
	at org.matsim.core.controler.AbstractController.run(AbstractController.java:99)
	at org.matsim.core.controler.NewControler.run(NewControler.java:75)
	at org.matsim.core.controler.Controler.run(Controler.java:202)
	at ch.ethz.idsc.amodeus.matsim.StandardMATSimScenarioTest.testStandardMATSimScenario(StandardMATSimScenarioTest.java:263)
	at sun.reflect.NativeMethodAccessorImpl.invoke0(Native Method)
	at sun.reflect.NativeMethodAccessorImpl.invoke(NativeMethodAccessorImpl.java:62)
	at sun.reflect.DelegatingMethodAccessorImpl.invoke(DelegatingMethodAccessorImpl.java:43)
	at java.lang.reflect.Method.invoke(Method.java:498)
	at org.junit.runners.model.FrameworkMethod$1.runReflectiveCall(FrameworkMethod.java:50)
	at org.junit.internal.runners.model.ReflectiveCallable.run(ReflectiveCallable.java:12)
	at org.junit.runners.model.FrameworkMethod.invokeExplosively(FrameworkMethod.java:47)
	at org.junit.internal.runners.statements.InvokeMethod.evaluate(InvokeMethod.java:17)
	at org.junit.runners.ParentRunner.runLeaf(ParentRunner.java:325)
	at org.junit.runners.BlockJUnit4ClassRunner.runChild(BlockJUnit4ClassRunner.java:78)
	at org.junit.runners.BlockJUnit4ClassRunner.runChild(BlockJUnit4ClassRunner.java:57)
	at org.junit.runners.ParentRunner$3.run(ParentRunner.java:290)
	at org.junit.runners.ParentRunner$1.schedule(ParentRunner.java:71)
	at org.junit.runners.ParentRunner.runChildren(ParentRunner.java:288)
	at org.junit.runners.ParentRunner.access$000(ParentRunner.java:58)
	at org.junit.runners.ParentRunner$2.evaluate(ParentRunner.java:268)
	at org.junit.runners.ParentRunner.run(ParentRunner.java:363)
	at org.junit.runners.Suite.runChild(Suite.java:128)
	at org.junit.runners.Suite.runChild(Suite.java:27)
	at org.junit.runners.ParentRunner$3.run(ParentRunner.java:290)
	at org.junit.runners.ParentRunner$1.schedule(ParentRunner.java:71)
	at org.junit.runners.ParentRunner.runChildren(ParentRunner.java:288)
	at org.junit.runners.ParentRunner.access$000(ParentRunner.java:58)
	at org.junit.runners.ParentRunner$2.evaluate(ParentRunner.java:268)
	at org.junit.runners.ParentRunner.run(ParentRunner.java:363)
	at org.apache.maven.surefire.junit4.JUnit4Provider.execute(JUnit4Provider.java:252)
	at org.apache.maven.surefire.junit4.JUnit4Provider.executeTestSet(JUnit4Provider.java:141)
	at org.apache.maven.surefire.junit4.JUnit4Provider.invoke(JUnit4Provider.java:112)
	at sun.reflect.NativeMethodAccessorImpl.invoke0(Native Method)
	at sun.reflect.NativeMethodAccessorImpl.invoke(NativeMethodAccessorImpl.java:62)
	at sun.reflect.DelegatingMethodAccessorImpl.invoke(DelegatingMethodAccessorImpl.java:43)
	at java.lang.reflect.Method.invoke(Method.java:498)
	at org.apache.maven.surefire.util.ReflectionUtils.invokeMethodWithArray(ReflectionUtils.java:189)
	at org.apache.maven.surefire.booter.ProviderFactory$ProviderProxy.invoke(ProviderFactory.java:165)
	at org.apache.maven.surefire.booter.ProviderFactory.invokeProvider(ProviderFactory.java:85)
	at org.apache.maven.surefire.booter.ForkedBooter.runSuitesInProcess(ForkedBooter.java:115)
	at org.apache.maven.surefire.booter.ForkedBooter.main(ForkedBooter.java:75)
Caused by: java.lang.NoClassDefFoundError: Could not initialize class org.gnu.glpk.GLPKJNI
	at org.gnu.glpk.glp_smcp.&lt;init&gt;(glp_smcp.java:168)
	at ch.ethz.idsc.amodeus.dispatcher.util.LPVehicleRebalancing.&lt;init&gt;(LPVehicleRebalancing.java:31)
	at ch.ethz.idsc.amodeus.traveldata.TravelData.&lt;init&gt;(TravelData.java:150)
	at ch.ethz.idsc.amodeus.matsim.StandardMATSimScenarioTest$2.provideTravelData(StandardMATSimScenarioTest.java:217)
	at ch.ethz.idsc.amodeus.matsim.StandardMATSimScenarioTest$2$$FastClassByGuice$$18c5fb10.invoke(&lt;generated&gt;)
	at com.google.inject.internal.ProviderMethod$FastClassProviderMethod.doProvision(ProviderMethod.java:264)
	at com.google.inject.internal.ProviderMethod$Factory.provision(ProviderMethod.java:401)
	at com.google.inject.internal.ProviderMethod$Factory.get(ProviderMethod.java:376)
	at com.google.inject.internal.ProviderToInternalFactoryAdapter$1.call(ProviderToInternalFactoryAdapter.java:46)
	at com.google.inject.internal.InjectorImpl.callInContext(InjectorImpl.java:1092)
	at com.google.inject.internal.ProviderToInternalFactoryAdapter.get(ProviderToInternalFactoryAdapter.java:40)
	at com.google.inject.internal.SingletonScope$1.get(SingletonScope.java:194)
	at com.google.inject.internal.InternalFactoryToProviderAdapter.get(InternalFactoryToProviderAdapter.java:41)
	at com.google.inject.internal.SingleFieldInjector.inject(SingleFieldInjector.java:54)
	at com.google.inject.internal.MembersInjectorImpl.injectMembers(MembersInjectorImpl.java:132)
	at com.google.inject.internal.ConstructorInjector.provision(ConstructorInjector.java:120)
	at com.google.inject.internal.ConstructorInjector.construct(ConstructorInjector.java:90)
	at com.google.inject.internal.ConstructorBindingImpl$Factory.get(ConstructorBindingImpl.java:268)
	at com.google.inject.internal.FactoryProxy.get(FactoryProxy.java:56)
	at com.google.inject.internal.InjectorImpl$2$1.call(InjectorImpl.java:1019)
	at com.google.inject.internal.InjectorImpl.callInContext(InjectorImpl.java:1092)
	at com.google.inject.internal.InjectorImpl$2.get(InjectorImpl.java:1015)
	at com.google.inject.spi.ProviderLookup$1.get(ProviderLookup.java:104)
	at com.google.inject.spi.ProviderLookup$1.get(ProviderLookup.java:104)
	at com.google.inject.spi.ProviderLookup$1.get(ProviderLookup.java:104)
	at com.google.inject.spi.ProviderLookup$1.get(ProviderLookup.java:104)
	at com.google.inject.spi.ProviderLookup$1.get(ProviderLookup.java:104)
	at com.google.inject.spi.ProviderLookup$1.get(ProviderLookup.java:104)
	at com.google.inject.spi.ProviderLookup$1.get(ProviderLookup.java:104)
	at com.google.inject.spi.ProviderLookup$1.get(ProviderLookup.java:104)
	at com.google.inject.multibindings.MapBinder$RealMapBinder$ValueProvider.get(MapBinder.java:821)
	at com.google.inject.multibindings.MapBinder$RealMapBinder$RealMapProvider.get(MapBinder.java:605)
	at com.google.inject.multibindings.MapBinder$RealMapBinder$RealMapProvider.get(MapBinder.java:586)
	at com.google.inject.internal.ProviderInternalFactory.provision(ProviderInternalFactory.java:81)
	at com.google.inject.internal.InternalFactoryToInitializableAdapter.provision(InternalFactoryToInitializableAdapter.java:53)
	at com.google.inject.internal.ProviderInternalFactory.circularGet(ProviderInternalFactory.java:61)
	at com.google.inject.internal.InternalFactoryToInitializableAdapter.get(InternalFactoryToInitializableAdapter.java:45)
	at com.google.inject.internal.SingleParameterInjector.inject(SingleParameterInjector.java:38)
	at com.google.inject.internal.SingleParameterInjector.getAll(SingleParameterInjector.java:62)
	at com.google.inject.internal.ProviderMethod$Factory.provision(ProviderMethod.java:402)
	at com.google.inject.internal.ProviderMethod$Factory.get(ProviderMethod.java:376)
	at com.google.inject.internal.ProviderToInternalFactoryAdapter$1.call(ProviderToInternalFactoryAdapter.java:46)
	at com.google.inject.internal.InjectorImpl.callInContext(InjectorImpl.java:1092)
	at com.google.inject.internal.ProviderToInternalFactoryAdapter.get(ProviderToInternalFactoryAdapter.java:40)
	at com.google.inject.internal.SingletonScope$1.get(SingletonScope.java:194)
	at com.google.inject.internal.InternalFactoryToProviderAdapter.get(InternalFactoryToProviderAdapter.java:41)
	at com.google.inject.internal.SingleFieldInjector.inject(SingleFieldInjector.java:54)
	at com.google.inject.internal.MembersInjectorImpl.injectMembers(MembersInjectorImpl.java:132)
	at com.google.inject.internal.ConstructorInjector.provision(ConstructorInjector.java:120)
	at com.google.inject.internal.ConstructorInjector.construct(ConstructorInjector.java:90)
	at com.google.inject.internal.ConstructorBindingImpl$Factory.get(ConstructorBindingImpl.java:268)
	at com.google.inject.internal.ProviderToInternalFactoryAdapter$1.call(ProviderToInternalFactoryAdapter.java:46)
	at com.google.inject.internal.InjectorImpl.callInContext(InjectorImpl.java:1092)
	at com.google.inject.internal.ProviderToInternalFactoryAdapter.get(ProviderToInternalFactoryAdapter.java:40)
	at com.google.inject.internal.SingletonScope$1.get(SingletonScope.java:194)
	at com.google.inject.internal.InternalFactoryToProviderAdapter.get(InternalFactoryToProviderAdapter.java:41)
	at com.google.inject.internal.SingleParameterInjector.inject(SingleParameterInjector.java:38)
	at com.google.inject.internal.SingleParameterInjector.getAll(SingleParameterInjector.java:62)
	at com.google.inject.internal.ProviderMethod$Factory.provision(ProviderMethod.java:402)
	at com.google.inject.internal.ProviderMethod$Factory.get(ProviderMethod.java:376)
	at com.google.inject.internal.ProviderToInternalFactoryAdapter$1.call(ProviderToInternalFactoryAdapter.java:46)
	at com.google.inject.internal.InjectorImpl.callInContext(InjectorImpl.java:1092)
	at com.google.inject.internal.ProviderToInternalFactoryAdapter.get(ProviderToInternalFactoryAdapter.java:40)
	at com.google.inject.internal.SingletonScope$1.get(SingletonScope.java:194)
	at com.google.inject.internal.InternalFactoryToProviderAdapter.get(InternalFactoryToProviderAdapter.java:41)
	at com.google.inject.internal.InjectorImpl$2$1.call(InjectorImpl.java:1019)
	at com.google.inject.internal.InjectorImpl.callInContext(InjectorImpl.java:1092)
	at com.google.inject.internal.InjectorImpl$2.get(InjectorImpl.java:1015)
	at com.google.inject.internal.InjectorImpl.getInstance(InjectorImpl.java:1054)
	at org.matsim.core.mobsim.qsim.QSimProvider.get(QSimProvider.java:75)
	at org.matsim.core.mobsim.qsim.QSimProvider.get(QSimProvider.java:41)
	at com.google.inject.internal.ProviderInternalFactory.provision(ProviderInternalFactory.java:81)
	at com.google.inject.internal.BoundProviderFactory.provision(BoundProviderFactory.java:72)
	at com.google.inject.internal.ProviderInternalFactory.circularGet(ProviderInternalFactory.java:61)
	at com.google.inject.internal.BoundProviderFactory.get(BoundProviderFactory.java:62)
	at com.google.inject.internal.InjectorImpl$2$1.call(InjectorImpl.java:1019)
	at com.google.inject.internal.InjectorImpl.callInContext(InjectorImpl.java:1085)
	at com.google.inject.internal.InjectorImpl$2.get(InjectorImpl.java:1015)
	... 51 more
</error>
    <system-out>2018-06-01 06:11:29,774  INFO Config:563 setting context to [file:/root/workspace/idsc-frazzoli/amodeus/386486391/]
2018-06-01 06:11:29,777  INFO NetworkImpl:156  node # 1
2018-06-01 06:11:29,778  INFO NetworkImpl:156  node # 2
2018-06-01 06:11:29,778  INFO NetworkImpl:156  node # 4
2018-06-01 06:11:29,778  INFO NetworkImpl:156  node # 8
2018-06-01 06:11:29,779  INFO NetworkImpl:156  node # 16
2018-06-01 06:11:29,779  INFO NetworkImpl:156  node # 32
2018-06-01 06:11:29,780  INFO NetworkImpl:156  node # 64
2018-06-01 06:11:29,780  INFO NetworkImpl:152  link # 1
2018-06-01 06:11:29,781  INFO NetworkImpl:152  link # 2
2018-06-01 06:11:29,781  INFO NetworkImpl:152  link # 4
2018-06-01 06:11:29,782  INFO NetworkImpl:152  link # 8
2018-06-01 06:11:29,782  INFO NetworkImpl:152  link # 16
2018-06-01 06:11:29,783  INFO NetworkImpl:152  link # 32
2018-06-01 06:11:29,784  INFO NetworkImpl:152  link # 64
2018-06-01 06:11:29,786  INFO NetworkImpl:152  link # 128
2018-06-01 06:11:29,791  INFO NetworkImpl:152  link # 256
2018-06-01 06:11:29,794  INFO PopulationImpl:112  person # 1
2018-06-01 06:11:29,795  INFO PopulationImpl:112  person # 2
2018-06-01 06:11:29,795  INFO PopulationImpl:112  person # 4
2018-06-01 06:11:29,795  INFO PopulationImpl:112  person # 8
2018-06-01 06:11:29,796  INFO PopulationImpl:112  person # 16
2018-06-01 06:11:29,796  INFO PopulationImpl:112  person # 32
2018-06-01 06:11:29,796  INFO PopulationImpl:112  person # 64
2018-06-01 06:11:29,797  INFO NetworkImpl:156  node # 1
2018-06-01 06:11:29,798  INFO NetworkImpl:156  node # 2
2018-06-01 06:11:29,798  INFO NetworkImpl:156  node # 4
2018-06-01 06:11:29,798  INFO NetworkImpl:156  node # 8
2018-06-01 06:11:29,799  INFO NetworkImpl:156  node # 16
2018-06-01 06:11:29,799  INFO NetworkImpl:156  node # 32
2018-06-01 06:11:29,800  INFO NetworkImpl:156  node # 64
2018-06-01 06:11:29,800  INFO NetworkImpl:152  link # 1
2018-06-01 06:11:29,800  INFO NetworkImpl:152  link # 2
2018-06-01 06:11:29,801  INFO NetworkImpl:152  link # 4
2018-06-01 06:11:29,801  INFO NetworkImpl:152  link # 8
2018-06-01 06:11:29,801  INFO NetworkImpl:152  link # 16
2018-06-01 06:11:29,802  INFO NetworkImpl:152  link # 32
2018-06-01 06:11:29,802  INFO NetworkImpl:152  link # 64
2018-06-01 06:11:29,803  INFO NetworkImpl:152  link # 128
2018-06-01 06:11:29,804  INFO NetworkImpl:152  link # 256
2018-06-01 06:11:30,242  INFO EventsManagerImpl:144 adding Event-Handler: org.matsim.core.trafficmonitoring.TravelTimeCalculator
2018-06-01 06:11:30,243  INFO EventsManagerImpl:148   org.matsim.api.core.v01.events.handler.LinkEnterEventHandler
2018-06-01 06:11:30,243  INFO EventsManagerImpl:207     &gt; org.matsim.api.core.v01.events.LinkEnterEvent
2018-06-01 06:11:30,244  INFO EventsManagerImpl:148   org.matsim.api.core.v01.events.handler.LinkLeaveEventHandler
2018-06-01 06:11:30,244  INFO EventsManagerImpl:207     &gt; org.matsim.api.core.v01.events.LinkLeaveEvent
2018-06-01 06:11:30,244  INFO EventsManagerImpl:148   org.matsim.api.core.v01.events.handler.VehicleEntersTrafficEventHandler
2018-06-01 06:11:30,245  INFO EventsManagerImpl:207     &gt; org.matsim.api.core.v01.events.VehicleEntersTrafficEvent
2018-06-01 06:11:30,245  INFO EventsManagerImpl:148   org.matsim.api.core.v01.events.handler.VehicleLeavesTrafficEventHandler
2018-06-01 06:11:30,245  INFO EventsManagerImpl:207     &gt; org.matsim.api.core.v01.events.VehicleLeavesTrafficEvent
2018-06-01 06:11:30,245  INFO EventsManagerImpl:148   org.matsim.core.api.experimental.events.handler.VehicleArrivesAtFacilityEventHandler
2018-06-01 06:11:30,246  INFO EventsManagerImpl:207     &gt; org.matsim.core.api.experimental.events.VehicleArrivesAtFacilityEvent
2018-06-01 06:11:30,246  INFO EventsManagerImpl:148   org.matsim.api.core.v01.events.handler.VehicleAbortsEventHandler
2018-06-01 06:11:30,246  INFO EventsManagerImpl:207     &gt; org.matsim.api.core.v01.events.VehicleAbortsEvent
2018-06-01 06:11:30,246  INFO EventsManagerImpl:156 
2018-06-01 06:11:30,247  INFO EventsManagerImpl:144 adding Event-Handler: org.matsim.core.trafficmonitoring.TravelTimeCalculator
2018-06-01 06:11:30,247  INFO EventsManagerImpl:148   org.matsim.api.core.v01.events.handler.LinkEnterEventHandler
2018-06-01 06:11:30,247  INFO EventsManagerImpl:207     &gt; org.matsim.api.core.v01.events.LinkEnterEvent
2018-06-01 06:11:30,247  INFO EventsManagerImpl:148   org.matsim.api.core.v01.events.handler.LinkLeaveEventHandler
2018-06-01 06:11:30,248  INFO EventsManagerImpl:207     &gt; org.matsim.api.core.v01.events.LinkLeaveEvent
2018-06-01 06:11:30,248  INFO EventsManagerImpl:148   org.matsim.api.core.v01.events.handler.VehicleEntersTrafficEventHandler
2018-06-01 06:11:30,248  INFO EventsManagerImpl:207     &gt; org.matsim.api.core.v01.events.VehicleEntersTrafficEvent
2018-06-01 06:11:30,249  INFO EventsManagerImpl:148   org.matsim.api.core.v01.events.handler.VehicleLeavesTrafficEventHandler
2018-06-01 06:11:30,249  INFO EventsManagerImpl:207     &gt; org.matsim.api.core.v01.events.VehicleLeavesTrafficEvent
2018-06-01 06:11:30,249  INFO EventsManagerImpl:148   org.matsim.core.api.experimental.events.handler.VehicleArrivesAtFacilityEventHandler
2018-06-01 06:11:30,249  INFO EventsManagerImpl:207     &gt; org.matsim.core.api.experimental.events.VehicleArrivesAtFacilityEvent
2018-06-01 06:11:30,250  INFO EventsManagerImpl:148   org.matsim.api.core.v01.events.handler.VehicleAbortsEventHandler
2018-06-01 06:11:30,250  INFO EventsManagerImpl:207     &gt; org.matsim.api.core.v01.events.VehicleAbortsEvent
2018-06-01 06:11:30,250  INFO EventsManagerImpl:156 
2018-06-01 06:11:30,251  INFO NetworkImpl:156  node # 1
2018-06-01 06:11:30,251  INFO NetworkImpl:156  node # 2
2018-06-01 06:11:30,251  INFO NetworkImpl:156  node # 4
2018-06-01 06:11:30,251  INFO NetworkImpl:156  node # 8
2018-06-01 06:11:30,252  INFO NetworkImpl:156  node # 16
2018-06-01 06:11:30,252  INFO NetworkImpl:156  node # 32
2018-06-01 06:11:30,252  INFO NetworkImpl:156  node # 64
2018-06-01 06:11:30,252  INFO NetworkImpl:152  link # 1
2018-06-01 06:11:30,253  INFO NetworkImpl:152  link # 2
2018-06-01 06:11:30,253  INFO NetworkImpl:152  link # 4
2018-06-01 06:11:30,253  INFO NetworkImpl:152  link # 8
2018-06-01 06:11:30,254  INFO NetworkImpl:152  link # 16
2018-06-01 06:11:30,254  INFO NetworkImpl:152  link # 32
2018-06-01 06:11:30,254  INFO NetworkImpl:152  link # 64
2018-06-01 06:11:30,255  INFO NetworkImpl:152  link # 128
2018-06-01 06:11:30,256  INFO NetworkImpl:152  link # 256
2018-06-01 06:11:30,263  INFO StrategyManager:59 global innovation switch off after iteration: 0
2018-06-01 06:11:30,263  INFO GenericStrategyManager:347 setting PlanSelectorForRemoval to class org.matsim.core.replanning.selectors.WorstPlanForRemovalSelector
2018-06-01 06:11:30,264  INFO EventsManagerImpl:144 adding Event-Handler: org.matsim.core.scoring.EventsToActivities
2018-06-01 06:11:30,264  INFO EventsManagerImpl:148   org.matsim.api.core.v01.events.handler.ActivityStartEventHandler
2018-06-01 06:11:30,265  INFO EventsManagerImpl:207     &gt; org.matsim.api.core.v01.events.ActivityStartEvent
2018-06-01 06:11:30,265  INFO EventsManagerImpl:148   org.matsim.api.core.v01.events.handler.ActivityEndEventHandler
2018-06-01 06:11:30,265  INFO EventsManagerImpl:207     &gt; org.matsim.api.core.v01.events.ActivityEndEvent
2018-06-01 06:11:30,265  INFO EventsManagerImpl:156 
2018-06-01 06:11:30,266  INFO EventsManagerImpl:144 adding Event-Handler: org.matsim.core.scoring.EventsToActivities
2018-06-01 06:11:30,266  INFO EventsManagerImpl:148   org.matsim.api.core.v01.events.handler.ActivityStartEventHandler
2018-06-01 06:11:30,266  INFO EventsManagerImpl:207     &gt; org.matsim.api.core.v01.events.ActivityStartEvent
2018-06-01 06:11:30,266  INFO EventsManagerImpl:148   org.matsim.api.core.v01.events.handler.ActivityEndEventHandler
2018-06-01 06:11:30,267  INFO EventsManagerImpl:207     &gt; org.matsim.api.core.v01.events.ActivityEndEvent
2018-06-01 06:11:30,267  INFO EventsManagerImpl:156 
2018-06-01 06:11:30,267  INFO EventsManagerImpl:144 adding Event-Handler: org.matsim.core.scoring.EventsToLegs
2018-06-01 06:11:30,268  INFO EventsManagerImpl:148   org.matsim.api.core.v01.events.handler.PersonDepartureEventHandler
2018-06-01 06:11:30,268  INFO EventsManagerImpl:207     &gt; org.matsim.api.core.v01.events.PersonDepartureEvent
2018-06-01 06:11:30,268  INFO EventsManagerImpl:148   org.matsim.api.core.v01.events.handler.PersonArrivalEventHandler
2018-06-01 06:11:30,268  INFO EventsManagerImpl:207     &gt; org.matsim.api.core.v01.events.PersonArrivalEvent
2018-06-01 06:11:30,269  INFO EventsManagerImpl:148   org.matsim.api.core.v01.events.handler.LinkLeaveEventHandler
2018-06-01 06:11:30,269  INFO EventsManagerImpl:207     &gt; org.matsim.api.core.v01.events.LinkLeaveEvent
2018-06-01 06:11:30,269  INFO EventsManagerImpl:148   org.matsim.api.core.v01.events.handler.LinkEnterEventHandler
2018-06-01 06:11:30,269  INFO EventsManagerImpl:207     &gt; org.matsim.api.core.v01.events.LinkEnterEvent
2018-06-01 06:11:30,270  INFO EventsManagerImpl:148   org.matsim.core.api.experimental.events.handler.TeleportationArrivalEventHandler
2018-06-01 06:11:30,270  INFO EventsManagerImpl:207     &gt; org.matsim.core.api.experimental.events.TeleportationArrivalEvent
2018-06-01 06:11:30,270  INFO EventsManagerImpl:148   org.matsim.api.core.v01.events.handler.TransitDriverStartsEventHandler
2018-06-01 06:11:30,270  INFO EventsManagerImpl:207     &gt; org.matsim.api.core.v01.events.TransitDriverStartsEvent
2018-06-01 06:11:30,271  INFO EventsManagerImpl:148   org.matsim.api.core.v01.events.handler.PersonEntersVehicleEventHandler
2018-06-01 06:11:30,271  INFO EventsManagerImpl:207     &gt; org.matsim.api.core.v01.events.PersonEntersVehicleEvent
2018-06-01 06:11:30,271  INFO EventsManagerImpl:148   org.matsim.core.api.experimental.events.handler.VehicleArrivesAtFacilityEventHandler
2018-06-01 06:11:30,272  INFO EventsManagerImpl:207     &gt; org.matsim.core.api.experimental.events.VehicleArrivesAtFacilityEvent
2018-06-01 06:11:30,272  INFO EventsManagerImpl:148   org.matsim.api.core.v01.events.handler.VehicleEntersTrafficEventHandler
2018-06-01 06:11:30,272  INFO EventsManagerImpl:207     &gt; org.matsim.api.core.v01.events.VehicleEntersTrafficEvent
2018-06-01 06:11:30,273  INFO EventsManagerImpl:148   org.matsim.api.core.v01.events.handler.VehicleLeavesTrafficEventHandler
2018-06-01 06:11:30,273  INFO EventsManagerImpl:207     &gt; org.matsim.api.core.v01.events.VehicleLeavesTrafficEvent
2018-06-01 06:11:30,273  INFO EventsManagerImpl:156 
2018-06-01 06:11:30,273  INFO EventsManagerImpl:144 adding Event-Handler: org.matsim.core.scoring.EventsToLegs
2018-06-01 06:11:30,274  INFO EventsManagerImpl:148   org.matsim.api.core.v01.events.handler.PersonDepartureEventHandler
2018-06-01 06:11:30,274  INFO EventsManagerImpl:207     &gt; org.matsim.api.core.v01.events.PersonDepartureEvent
2018-06-01 06:11:30,274  INFO EventsManagerImpl:148   org.matsim.api.core.v01.events.handler.PersonArrivalEventHandler
2018-06-01 06:11:30,274  INFO EventsManagerImpl:207     &gt; org.matsim.api.core.v01.events.PersonArrivalEvent
2018-06-01 06:11:30,275  INFO EventsManagerImpl:148   org.matsim.api.core.v01.events.handler.LinkLeaveEventHandler
2018-06-01 06:11:30,275  INFO EventsManagerImpl:207     &gt; org.matsim.api.core.v01.events.LinkLeaveEvent
2018-06-01 06:11:30,275  INFO EventsManagerImpl:148   org.matsim.api.core.v01.events.handler.LinkEnterEventHandler
2018-06-01 06:11:30,275  INFO EventsManagerImpl:207     &gt; org.matsim.api.core.v01.events.LinkEnterEvent
2018-06-01 06:11:30,276  INFO EventsManagerImpl:148   org.matsim.core.api.experimental.events.handler.TeleportationArrivalEventHandler
2018-06-01 06:11:30,276  INFO EventsManagerImpl:207     &gt; org.matsim.core.api.experimental.events.TeleportationArrivalEvent
2018-06-01 06:11:30,276  INFO EventsManagerImpl:148   org.matsim.api.core.v01.events.handler.TransitDriverStartsEventHandler
2018-06-01 06:11:30,277  INFO EventsManagerImpl:207     &gt; org.matsim.api.core.v01.events.TransitDriverStartsEvent
2018-06-01 06:11:30,277  INFO EventsManagerImpl:148   org.matsim.api.core.v01.events.handler.PersonEntersVehicleEventHandler
2018-06-01 06:11:30,277  INFO EventsManagerImpl:207     &gt; org.matsim.api.core.v01.events.PersonEntersVehicleEvent
2018-06-01 06:11:30,277  INFO EventsManagerImpl:148   org.matsim.core.api.experimental.events.handler.VehicleArrivesAtFacilityEventHandler
2018-06-01 06:11:30,278  INFO EventsManagerImpl:207     &gt; org.matsim.core.api.experimental.events.VehicleArrivesAtFacilityEvent
2018-06-01 06:11:30,278  INFO EventsManagerImpl:148   org.matsim.api.core.v01.events.handler.VehicleEntersTrafficEventHandler
2018-06-01 06:11:30,278  INFO EventsManagerImpl:207     &gt; org.matsim.api.core.v01.events.VehicleEntersTrafficEvent
2018-06-01 06:11:30,278  INFO EventsManagerImpl:148   org.matsim.api.core.v01.events.handler.VehicleLeavesTrafficEventHandler
2018-06-01 06:11:30,279  INFO EventsManagerImpl:207     &gt; org.matsim.api.core.v01.events.VehicleLeavesTrafficEvent
2018-06-01 06:11:30,279  INFO EventsManagerImpl:156 
2018-06-01 06:11:30,279  INFO EventsManagerImpl:144 adding Event-Handler: org.matsim.core.scoring.ScoringFunctionsForPopulation
2018-06-01 06:11:30,280  INFO EventsManagerImpl:148   org.matsim.core.events.handler.BasicEventHandler
2018-06-01 06:11:30,280  INFO EventsManagerImpl:207     &gt; org.matsim.api.core.v01.events.Event
2018-06-01 06:11:30,280  INFO EventsManagerImpl:148   org.matsim.core.scoring.EventsToLegs$LegHandler
2018-06-01 06:11:30,280  INFO EventsManagerImpl:148   org.matsim.core.scoring.EventsToActivities$ActivityHandler
2018-06-01 06:11:30,281  INFO EventsManagerImpl:156 
2018-06-01 06:11:30,281  INFO EventsManagerImpl:144 adding Event-Handler: org.matsim.core.scoring.ScoringFunctionsForPopulation
2018-06-01 06:11:30,281  INFO EventsManagerImpl:148   org.matsim.core.events.handler.BasicEventHandler
2018-06-01 06:11:30,281  INFO EventsManagerImpl:207     &gt; org.matsim.api.core.v01.events.Event
2018-06-01 06:11:30,282  INFO EventsManagerImpl:148   org.matsim.core.scoring.EventsToLegs$LegHandler
2018-06-01 06:11:30,282  INFO EventsManagerImpl:148   org.matsim.core.scoring.EventsToActivities$ActivityHandler
2018-06-01 06:11:30,282  INFO EventsManagerImpl:156 
2018-06-01 06:11:30,284  INFO CalcLinkStats:151  resetting `count&apos; to zero.  This info is here since we want to check when this is happening during normal simulation runs.  kai, jan&apos;11
2018-06-01 06:11:30,286  INFO EventsManagerImpl:144 adding Event-Handler: org.matsim.analysis.VolumesAnalyzer
2018-06-01 06:11:30,287  INFO EventsManagerImpl:148   org.matsim.api.core.v01.events.handler.LinkLeaveEventHandler
2018-06-01 06:11:30,287  INFO EventsManagerImpl:207     &gt; org.matsim.api.core.v01.events.LinkLeaveEvent
2018-06-01 06:11:30,287  INFO EventsManagerImpl:148   org.matsim.api.core.v01.events.handler.VehicleEntersTrafficEventHandler
2018-06-01 06:11:30,287  INFO EventsManagerImpl:207     &gt; org.matsim.api.core.v01.events.VehicleEntersTrafficEvent
2018-06-01 06:11:30,288  INFO EventsManagerImpl:156 
2018-06-01 06:11:30,288  INFO EventsManagerImpl:144 adding Event-Handler: org.matsim.analysis.VolumesAnalyzer
2018-06-01 06:11:30,288  INFO EventsManagerImpl:148   org.matsim.api.core.v01.events.handler.LinkLeaveEventHandler
2018-06-01 06:11:30,288  INFO EventsManagerImpl:207     &gt; org.matsim.api.core.v01.events.LinkLeaveEvent
2018-06-01 06:11:30,289  INFO EventsManagerImpl:148   org.matsim.api.core.v01.events.handler.VehicleEntersTrafficEventHandler
2018-06-01 06:11:30,289  INFO EventsManagerImpl:207     &gt; org.matsim.api.core.v01.events.VehicleEntersTrafficEvent
2018-06-01 06:11:30,289  INFO EventsManagerImpl:156 
2018-06-01 06:11:30,290  INFO EventsManagerImpl:144 adding Event-Handler: org.matsim.analysis.LegHistogram
2018-06-01 06:11:30,290  INFO EventsManagerImpl:148   org.matsim.api.core.v01.events.handler.PersonDepartureEventHandler
2018-06-01 06:11:30,290  INFO EventsManagerImpl:207     &gt; org.matsim.api.core.v01.events.PersonDepartureEvent
2018-06-01 06:11:30,290  INFO EventsManagerImpl:148   org.matsim.api.core.v01.events.handler.PersonArrivalEventHandler
2018-06-01 06:11:30,291  INFO EventsManagerImpl:207     &gt; org.matsim.api.core.v01.events.PersonArrivalEvent
2018-06-01 06:11:30,291  INFO EventsManagerImpl:148   org.matsim.api.core.v01.events.handler.PersonStuckEventHandler
2018-06-01 06:11:30,291  INFO EventsManagerImpl:207     &gt; org.matsim.api.core.v01.events.PersonStuckEvent
2018-06-01 06:11:30,291  INFO EventsManagerImpl:156 
2018-06-01 06:11:30,292  INFO EventsManagerImpl:144 adding Event-Handler: org.matsim.analysis.LegHistogram
2018-06-01 06:11:30,292  INFO EventsManagerImpl:148   org.matsim.api.core.v01.events.handler.PersonDepartureEventHandler
2018-06-01 06:11:30,292  INFO EventsManagerImpl:207     &gt; org.matsim.api.core.v01.events.PersonDepartureEvent
2018-06-01 06:11:30,292  INFO EventsManagerImpl:148   org.matsim.api.core.v01.events.handler.PersonArrivalEventHandler
2018-06-01 06:11:30,292  INFO EventsManagerImpl:207     &gt; org.matsim.api.core.v01.events.PersonArrivalEvent
2018-06-01 06:11:30,293  INFO EventsManagerImpl:148   org.matsim.api.core.v01.events.handler.PersonStuckEventHandler
2018-06-01 06:11:30,293  INFO EventsManagerImpl:207     &gt; org.matsim.api.core.v01.events.PersonStuckEvent
2018-06-01 06:11:30,293  INFO EventsManagerImpl:156 
2018-06-01 06:11:30,294  INFO EventsManagerImpl:144 adding Event-Handler: org.matsim.analysis.CalcLegTimes
2018-06-01 06:11:30,294  INFO EventsManagerImpl:148   org.matsim.api.core.v01.events.handler.PersonDepartureEventHandler
2018-06-01 06:11:30,294  INFO EventsManagerImpl:207     &gt; org.matsim.api.core.v01.events.PersonDepartureEvent
2018-06-01 06:11:30,295  INFO EventsManagerImpl:148   org.matsim.api.core.v01.events.handler.PersonArrivalEventHandler
2018-06-01 06:11:30,295  INFO EventsManagerImpl:207     &gt; org.matsim.api.core.v01.events.PersonArrivalEvent
2018-06-01 06:11:30,296  INFO EventsManagerImpl:148   org.matsim.api.core.v01.events.handler.ActivityEndEventHandler
2018-06-01 06:11:30,296  INFO EventsManagerImpl:207     &gt; org.matsim.api.core.v01.events.ActivityEndEvent
2018-06-01 06:11:30,296  INFO EventsManagerImpl:148   org.matsim.api.core.v01.events.handler.ActivityStartEventHandler
2018-06-01 06:11:30,296  INFO EventsManagerImpl:207     &gt; org.matsim.api.core.v01.events.ActivityStartEvent
2018-06-01 06:11:30,297  INFO EventsManagerImpl:156 
2018-06-01 06:11:30,297  INFO EventsManagerImpl:144 adding Event-Handler: org.matsim.analysis.CalcLegTimes
2018-06-01 06:11:30,297  INFO EventsManagerImpl:148   org.matsim.api.core.v01.events.handler.PersonDepartureEventHandler
2018-06-01 06:11:30,298  INFO EventsManagerImpl:207     &gt; org.matsim.api.core.v01.events.PersonDepartureEvent
2018-06-01 06:11:30,298  INFO EventsManagerImpl:148   org.matsim.api.core.v01.events.handler.PersonArrivalEventHandler
2018-06-01 06:11:30,298  INFO EventsManagerImpl:207     &gt; org.matsim.api.core.v01.events.PersonArrivalEvent
2018-06-01 06:11:30,298  INFO EventsManagerImpl:148   org.matsim.api.core.v01.events.handler.ActivityEndEventHandler
2018-06-01 06:11:30,299  INFO EventsManagerImpl:207     &gt; org.matsim.api.core.v01.events.ActivityEndEvent
2018-06-01 06:11:30,299  INFO EventsManagerImpl:148   org.matsim.api.core.v01.events.handler.ActivityStartEventHandler
2018-06-01 06:11:30,299  INFO EventsManagerImpl:207     &gt; org.matsim.api.core.v01.events.ActivityStartEvent
2018-06-01 06:11:30,299  INFO EventsManagerImpl:156 
2018-06-01 06:11:30,300  INFO Gbl:57 JVM: 1.8.0_121; Oracle Corporation; mixed mode; 64-bit
2018-06-01 06:11:30,300  INFO Gbl:61 OS: Linux; 3.10.0-862.3.2.el7.x86_64; amd64
2018-06-01 06:11:30,301  INFO Gbl:64 CPU cores: 8
2018-06-01 06:11:30,301  INFO Gbl:65 max. Memory: 3527.5MB (3698851840B)
2018-06-01 06:11:30,301  INFO Gbl:103 MATSim-Build: r396c52044b6d43b42cc2ba27330fd2b00fae9433 (2017-11-22 12:45:01)
2018-06-01 06:11:30,302  INFO AbstractController:58 Used Controler-Class: org.matsim.core.controler.NewControler
2018-06-01 06:11:30,302  INFO Config:536 ConfigConsistencyChecker with runtime type=class org.matsim.core.config.consistency.ConfigConsistencyCheckerImpl was already added; not adding it a second time
2018-06-01 06:11:30,302  INFO EventsManagerImpl:144 adding Event-Handler: ch.ethz.idsc.amodeus.matsim.StandardMATSimScenarioTest$4$1
2018-06-01 06:11:30,303  INFO EventsManagerImpl:148   org.matsim.api.core.v01.events.handler.LinkEnterEventHandler
2018-06-01 06:11:30,303  INFO EventsManagerImpl:207     &gt; org.matsim.api.core.v01.events.LinkEnterEvent
2018-06-01 06:11:30,303  INFO EventsManagerImpl:156 
2018-06-01 06:11:30,303  INFO EventsManagerImpl:144 adding Event-Handler: ch.ethz.idsc.amodeus.matsim.StandardMATSimScenarioTest$4$1
2018-06-01 06:11:30,303  INFO EventsManagerImpl:148   org.matsim.api.core.v01.events.handler.LinkEnterEventHandler
2018-06-01 06:11:30,304  INFO EventsManagerImpl:207     &gt; org.matsim.api.core.v01.events.LinkEnterEvent
2018-06-01 06:11:30,304  INFO EventsManagerImpl:156 
2018-06-01 06:11:30,304  INFO EventsManagerImpl:144 adding Event-Handler: ch.ethz.matsim.av.scenario.TestScenarioAnalyzer
2018-06-01 06:11:30,304  INFO EventsManagerImpl:148   org.matsim.api.core.v01.events.handler.PersonDepartureEventHandler
2018-06-01 06:11:30,304  INFO EventsManagerImpl:207     &gt; org.matsim.api.core.v01.events.PersonDepartureEvent
2018-06-01 06:11:30,305  INFO EventsManagerImpl:148   org.matsim.api.core.v01.events.handler.PersonArrivalEventHandler
2018-06-01 06:11:30,305  INFO EventsManagerImpl:207     &gt; org.matsim.api.core.v01.events.PersonArrivalEvent
2018-06-01 06:11:30,305  INFO EventsManagerImpl:148   com.google.inject.Module
2018-06-01 06:11:30,305  INFO EventsManagerImpl:156 
2018-06-01 06:11:30,305  INFO EventsManagerImpl:144 adding Event-Handler: ch.ethz.matsim.av.scenario.TestScenarioAnalyzer
2018-06-01 06:11:30,306  INFO EventsManagerImpl:148   org.matsim.api.core.v01.events.handler.PersonDepartureEventHandler
2018-06-01 06:11:30,306  INFO EventsManagerImpl:207     &gt; org.matsim.api.core.v01.events.PersonDepartureEvent
2018-06-01 06:11:30,306  INFO EventsManagerImpl:148   org.matsim.api.core.v01.events.handler.PersonArrivalEventHandler
2018-06-01 06:11:30,306  INFO EventsManagerImpl:207     &gt; org.matsim.api.core.v01.events.PersonArrivalEvent
2018-06-01 06:11:30,306  INFO EventsManagerImpl:148   com.google.inject.Module
2018-06-01 06:11:30,307  INFO EventsManagerImpl:156 
2018-06-01 06:11:30,307  INFO Injector:83 org.matsim.core.events.handler.EventHandler @com.google.inject.multibindings.Element(setName=,uniqueId=635, type=MULTIBINDER, keyType=)
2018-06-01 06:11:30,307  INFO Injector:84   --&gt; provider: of(ch.ethz.idsc.amodeus.matsim.StandardMATSimScenarioTest$4$1@7e1d8d41)
2018-06-01 06:11:30,307  INFO Injector:85   --&gt; source: ch.ethz.idsc.amodeus.matsim.StandardMATSimScenarioTest$4.install(StandardMATSimScenarioTest.java:250)
2018-06-01 06:11:30,308  INFO Injector:87   --&gt; scope: eager singleton
2018-06-01 06:11:30,308  INFO Injector:91 
2018-06-01 06:11:30,308  INFO Injector:83 org.matsim.core.events.handler.EventHandler @com.google.inject.multibindings.Element(setName=,uniqueId=634, type=MULTIBINDER, keyType=)
2018-06-01 06:11:30,308  INFO Injector:84   --&gt; provider: of(ch.ethz.matsim.av.scenario.TestScenarioAnalyzer@719c1faf)
2018-06-01 06:11:30,308  INFO Injector:85   --&gt; source: ch.ethz.matsim.av.scenario.TestScenarioAnalyzer.install(TestScenarioAnalyzer.java:31)
2018-06-01 06:11:30,308  INFO Injector:87   --&gt; scope: eager singleton
2018-06-01 06:11:30,308  INFO Injector:91 
2018-06-01 06:11:30,309  INFO Injector:83 org.matsim.api.core.v01.network.Network @com.google.inject.name.Named(value=dvrp_routing)
2018-06-01 06:11:30,309  INFO Injector:84   --&gt; provider: @Provides ch.ethz.idsc.amodeus.matsim.StandardMATSimScenarioTest$1.provideAVNetwork(StandardMATSimScenarioTest.java:181)[Scopes.SINGLETON]
2018-06-01 06:11:30,309  INFO Injector:85   --&gt; source: public org.matsim.api.core.v01.network.Network ch.ethz.idsc.amodeus.matsim.StandardMATSimScenarioTest$1.provideAVNetwork(org.matsim.api.core.v01.network.Network)
2018-06-01 06:11:30,309  INFO Injector:87   --&gt; scope: Scopes.SINGLETON
2018-06-01 06:11:30,309  INFO Injector:91 
2018-06-01 06:11:30,310  INFO Injector:83 org.matsim.core.router.RoutingModule @com.google.inject.name.Named(value=av)
2018-06-01 06:11:30,310  INFO Injector:84   --&gt; provider: FactoryProxy{key=Key[type=org.matsim.core.router.RoutingModule, annotation=@com.google.inject.name.Named(value=av)], provider=com.google.inject.internal.ConstructorBindingImpl$Factory@121cf6f4[Scopes.SINGLETON]}
2018-06-01 06:11:30,310  INFO Injector:85   --&gt; source: ch.ethz.matsim.av.framework.AVModule.install(AVModule.java:72)
2018-06-01 06:11:30,310  INFO Injector:87   --&gt; scope: Scopes.NO_SCOPE
2018-06-01 06:11:30,310  INFO Injector:91 
2018-06-01 06:11:30,310  INFO Injector:83 org.matsim.core.scoring.ScoringFunctionFactory 
2018-06-01 06:11:30,311  INFO Injector:84   --&gt; provider: FactoryProxy{key=Key[type=org.matsim.core.scoring.ScoringFunctionFactory, annotation=[none]], provider=com.google.inject.internal.ConstructorBindingImpl$Factory@29c25bbc[Scopes.SINGLETON]}[Scopes.SINGLETON]
2018-06-01 06:11:30,311  INFO Injector:85   --&gt; source: ch.ethz.matsim.av.framework.AVModule.install(AVModule.java:73)
2018-06-01 06:11:30,311  INFO Injector:87   --&gt; scope: eager singleton
2018-06-01 06:11:30,311  INFO Injector:91 
2018-06-01 06:11:30,311  INFO Injector:83 org.matsim.core.controler.listener.ControlerListener @com.google.inject.multibindings.Element(setName=,uniqueId=612, type=MULTIBINDER, keyType=)
2018-06-01 06:11:30,312  INFO Injector:84   --&gt; provider: FactoryProxy{key=Key[type=org.matsim.core.controler.listener.ControlerListener, annotation=@com.google.inject.multibindings.Element(setName=,uniqueId=612, type=MULTIBINDER, keyType=)], provider=com.google.inject.internal.ConstructorBindingImpl$Factory@4aeaff64[Scopes.SINGLETON]}
2018-06-01 06:11:30,312  INFO Injector:85   --&gt; source: ch.ethz.matsim.av.framework.AVModule.install(AVModule.java:74)
2018-06-01 06:11:30,312  INFO Injector:87   --&gt; scope: Scopes.NO_SCOPE
2018-06-01 06:11:30,312  INFO Injector:91 
2018-06-01 06:11:30,312  INFO Injector:83 org.matsim.core.replanning.PlanStrategy @com.google.inject.name.Named(value=AVOperatorChoice)
2018-06-01 06:11:30,312  INFO Injector:84   --&gt; provider: FactoryProxy{key=Key[type=org.matsim.core.replanning.PlanStrategy, annotation=@com.google.inject.name.Named(value=AVOperatorChoice)], provider=com.google.inject.internal.ConstructorBindingImpl$Factory@4348fa35[Scopes.SINGLETON]}
2018-06-01 06:11:30,312  INFO Injector:85   --&gt; source: ch.ethz.matsim.av.framework.AVModule.install(AVModule.java:77)
2018-06-01 06:11:30,313  INFO Injector:87   --&gt; scope: Scopes.NO_SCOPE
2018-06-01 06:11:30,313  INFO Injector:91 
2018-06-01 06:11:30,313  INFO Injector:83 org.matsim.core.router.util.TravelTime @com.google.inject.name.Named(value=av)
2018-06-01 06:11:30,313  INFO Injector:84   --&gt; provider: FactoryProxy{key=Key[type=org.matsim.core.router.util.TravelTime, annotation=@com.google.inject.name.Named(value=av)], provider=FactoryProxy{key=Key[type=org.matsim.core.router.util.TravelTime, annotation=@com.google.inject.name.Named(value=dvrp_estimated)], provider=FactoryProxy{key=Key[type=org.matsim.contrib.dvrp.trafficmonitoring.DvrpTravelTimeEstimator, annotation=[none]], provider=com.google.inject.internal.ConstructorBindingImpl$Factory@1171ba7e}[Scopes.SINGLETON]}}
2018-06-01 06:11:30,313  INFO Injector:85   --&gt; source: ch.ethz.matsim.av.framework.AVModule.install(AVModule.java:80)
2018-06-01 06:11:30,313  INFO Injector:87   --&gt; scope: Scopes.NO_SCOPE
2018-06-01 06:11:30,314  INFO Injector:91 
2018-06-01 06:11:30,314  INFO Injector:83 org.matsim.vehicles.VehicleType @com.google.inject.name.Named(value=av)
2018-06-01 06:11:30,314  INFO Injector:84   --&gt; provider: of(org.matsim.vehicles.VehicleTypeImpl@3c1e23ff)
2018-06-01 06:11:30,314  INFO Injector:85   --&gt; source: ch.ethz.matsim.av.framework.AVModule.install(AVModule.java:83)
2018-06-01 06:11:30,314  INFO Injector:87   --&gt; scope: eager singleton
2018-06-01 06:11:30,314  INFO Injector:91 
2018-06-01 06:11:30,315  INFO Injector:83 org.matsim.api.core.v01.network.Network @com.google.inject.name.Named(value=av)
2018-06-01 06:11:30,315  INFO Injector:84   --&gt; provider: FactoryProxy{key=Key[type=org.matsim.api.core.v01.network.Network, annotation=@com.google.inject.name.Named(value=av)], provider=@Provides ch.ethz.idsc.amodeus.matsim.StandardMATSimScenarioTest$1.provideAVNetwork(StandardMATSimScenarioTest.java:181)[Scopes.SINGLETON]}
2018-06-01 06:11:30,315  INFO Injector:85   --&gt; source: ch.ethz.matsim.av.framework.AVModule.install(AVModule.java:93)
2018-06-01 06:11:30,315  INFO Injector:87   --&gt; scope: Scopes.NO_SCOPE
2018-06-01 06:11:30,315  INFO Injector:91 
2018-06-01 06:11:30,316  INFO Injector:83 org.matsim.core.controler.listener.ControlerListener @com.google.inject.multibindings.Element(setName=,uniqueId=621, type=MULTIBINDER, keyType=)
2018-06-01 06:11:30,316  INFO Injector:84   --&gt; provider: FactoryProxy{key=Key[type=org.matsim.core.controler.listener.ControlerListener, annotation=@com.google.inject.multibindings.Element(setName=,uniqueId=621, type=MULTIBINDER, keyType=)], provider=@Provides ch.ethz.matsim.av.framework.AVModule.provideParallelLeastCostPathCalculatorShutdownListener(AVModule.java:66)[Scopes.SINGLETON]}
2018-06-01 06:11:30,316  INFO Injector:85   --&gt; source: ch.ethz.matsim.av.framework.AVModule.install(AVModule.java:96)
2018-06-01 06:11:30,316  INFO Injector:87   --&gt; scope: Scopes.NO_SCOPE
2018-06-01 06:11:30,316  INFO Injector:91 
2018-06-01 06:11:30,316  INFO Injector:83 org.matsim.core.population.routes.RouteFactories 
2018-06-01 06:11:30,317  INFO Injector:84   --&gt; provider: @Provides ch.ethz.matsim.av.framework.AVModule.provideRouteFactories(AVModule.java:139)
2018-06-01 06:11:30,317  INFO Injector:85   --&gt; source: org.matsim.core.population.routes.RouteFactories ch.ethz.matsim.av.framework.AVModule.provideRouteFactories(ch.ethz.matsim.av.routing.AVRouteFactory)
2018-06-01 06:11:30,317  INFO Injector:87   --&gt; scope: Scopes.NO_SCOPE
2018-06-01 06:11:30,317  INFO Injector:91 
2018-06-01 06:11:30,317  INFO Injector:83 org.matsim.core.router.util.LeastCostPathCalculator @com.google.inject.name.Named(value=av)
2018-06-01 06:11:30,317  INFO Injector:84   --&gt; provider: @Provides ch.ethz.matsim.av.framework.AVModule.provideLeastCostPathCalculator(AVModule.java:149)
2018-06-01 06:11:30,318  INFO Injector:85   --&gt; source: org.matsim.core.router.util.LeastCostPathCalculator ch.ethz.matsim.av.framework.AVModule.provideLeastCostPathCalculator(org.matsim.api.core.v01.network.Network,org.matsim.core.router.util.TravelTime)
2018-06-01 06:11:30,318  INFO Injector:87   --&gt; scope: Scopes.NO_SCOPE
2018-06-01 06:11:30,318  INFO Injector:91 
2018-06-01 06:11:30,318  INFO Injector:83 org.matsim.core.router.util.TravelTime @com.google.inject.name.Named(value=dvrp_initial)
2018-06-01 06:11:30,318  INFO Injector:84   --&gt; provider: of(org.matsim.core.trafficmonitoring.FreeSpeedTravelTime@5ae66c98)
2018-06-01 06:11:30,318  INFO Injector:85   --&gt; source: org.matsim.contrib.dvrp.trafficmonitoring.DvrpTravelTimeModule.install(DvrpTravelTimeModule.java:40)
2018-06-01 06:11:30,319  INFO Injector:87   --&gt; scope: eager singleton
2018-06-01 06:11:30,319  INFO Injector:91 
2018-06-01 06:11:30,319  INFO Injector:83 org.matsim.contrib.dvrp.trafficmonitoring.DvrpTravelTimeEstimator 
2018-06-01 06:11:30,319  INFO Injector:84   --&gt; provider: FactoryProxy{key=Key[type=org.matsim.contrib.dvrp.trafficmonitoring.DvrpTravelTimeEstimator, annotation=[none]], provider=com.google.inject.internal.ConstructorBindingImpl$Factory@1171ba7e}[Scopes.SINGLETON]
2018-06-01 06:11:30,319  INFO Injector:85   --&gt; source: org.matsim.contrib.dvrp.trafficmonitoring.DvrpTravelTimeModule.install(DvrpTravelTimeModule.java:42)
2018-06-01 06:11:30,319  INFO Injector:87   --&gt; scope: eager singleton
2018-06-01 06:11:30,320  INFO Injector:91 
2018-06-01 06:11:30,320  INFO Injector:83 org.matsim.core.router.util.TravelTime @com.google.inject.name.Named(value=dvrp_estimated)
2018-06-01 06:11:30,320  INFO Injector:84   --&gt; provider: FactoryProxy{key=Key[type=org.matsim.core.router.util.TravelTime, annotation=@com.google.inject.name.Named(value=dvrp_estimated)], provider=FactoryProxy{key=Key[type=org.matsim.contrib.dvrp.trafficmonitoring.DvrpTravelTimeEstimator, annotation=[none]], provider=com.google.inject.internal.ConstructorBindingImpl$Factory@1171ba7e}[Scopes.SINGLETON]}
2018-06-01 06:11:30,320  INFO Injector:85   --&gt; source: org.matsim.contrib.dvrp.trafficmonitoring.DvrpTravelTimeModule.install(DvrpTravelTimeModule.java:43)
2018-06-01 06:11:30,320  INFO Injector:87   --&gt; scope: Scopes.NO_SCOPE
2018-06-01 06:11:30,320  INFO Injector:91 
2018-06-01 06:11:30,321  INFO Injector:83 org.matsim.core.mobsim.framework.listeners.MobsimListener @com.google.inject.multibindings.Element(setName=,uniqueId=611, type=MULTIBINDER, keyType=)
2018-06-01 06:11:30,321  INFO Injector:84   --&gt; provider: FactoryProxy{key=Key[type=org.matsim.core.mobsim.framework.listeners.MobsimListener, annotation=@com.google.inject.multibindings.Element(setName=,uniqueId=611, type=MULTIBINDER, keyType=)], provider=FactoryProxy{key=Key[type=org.matsim.contrib.dvrp.trafficmonitoring.DvrpTravelTimeEstimator, annotation=[none]], provider=com.google.inject.internal.ConstructorBindingImpl$Factory@1171ba7e}[Scopes.SINGLETON]}
2018-06-01 06:11:30,321  INFO Injector:85   --&gt; source: org.matsim.contrib.dvrp.trafficmonitoring.DvrpTravelTimeModule.install(DvrpTravelTimeModule.java:44)
2018-06-01 06:11:30,321  INFO Injector:87   --&gt; scope: Scopes.NO_SCOPE
2018-06-01 06:11:30,321  INFO Injector:91 
2018-06-01 06:11:30,322  INFO Injector:83 org.matsim.core.router.util.TravelTime @com.google.inject.name.Named(value=dvrp_observed)
2018-06-01 06:11:30,322  INFO Injector:84   --&gt; provider: @Provides org.matsim.contrib.dvrp.trafficmonitoring.DvrpTravelTimeModule.provideTravelTime(DvrpTravelTimeModule.java:51)[Scopes.SINGLETON]
2018-06-01 06:11:30,322  INFO Injector:85   --&gt; source: org.matsim.core.router.util.TravelTime org.matsim.contrib.dvrp.trafficmonitoring.DvrpTravelTimeModule.provideTravelTime(org.matsim.core.router.util.TravelTime)
2018-06-01 06:11:30,322  INFO Injector:87   --&gt; scope: Scopes.SINGLETON
2018-06-01 06:11:30,322  INFO Injector:91 
2018-06-01 06:11:30,322  INFO Injector:83 org.matsim.api.core.v01.Scenario 
2018-06-01 06:11:30,323  INFO Injector:84   --&gt; provider: of(org.matsim.core.scenario.MutableScenario@4f20b022)
2018-06-01 06:11:30,323  INFO Injector:85   --&gt; source: org.matsim.core.scenario.ScenarioByInstanceModule.install(ScenarioByInstanceModule.java:31)
2018-06-01 06:11:30,323  INFO Injector:87   --&gt; scope: eager singleton
2018-06-01 06:11:30,323  INFO Injector:91 
2018-06-01 06:11:30,323  INFO Injector:83 org.matsim.vehicles.Vehicles 
2018-06-01 06:11:30,323  INFO Injector:84   --&gt; provider: @Provides org.matsim.core.scenario.ScenarioByInstanceModule.provideVehicles(ScenarioByInstanceModule.java:61)
2018-06-01 06:11:30,324  INFO Injector:85   --&gt; source: org.matsim.vehicles.Vehicles org.matsim.core.scenario.ScenarioByInstanceModule.provideVehicles(org.matsim.api.core.v01.Scenario)
2018-06-01 06:11:30,324  INFO Injector:87   --&gt; scope: Scopes.NO_SCOPE
2018-06-01 06:11:30,324  INFO Injector:91 
2018-06-01 06:11:30,324  INFO Injector:83 org.matsim.api.core.v01.population.Population 
2018-06-01 06:11:30,324  INFO Injector:84   --&gt; provider: @Provides org.matsim.core.scenario.ScenarioByInstanceModule.providePopulation(ScenarioByInstanceModule.java:43)
2018-06-01 06:11:30,325  INFO Injector:85   --&gt; source: org.matsim.api.core.v01.population.Population org.matsim.core.scenario.ScenarioByInstanceModule.providePopulation(org.matsim.api.core.v01.Scenario)
2018-06-01 06:11:30,325  INFO Injector:87   --&gt; scope: Scopes.NO_SCOPE
2018-06-01 06:11:30,325  INFO Injector:91 
2018-06-01 06:11:30,325  INFO Injector:83 org.matsim.api.core.v01.population.PopulationFactory 
2018-06-01 06:11:30,325  INFO Injector:84   --&gt; provider: @Provides org.matsim.core.scenario.ScenarioByInstanceModule.providePopulationFactory(ScenarioByInstanceModule.java:47)
2018-06-01 06:11:30,325  INFO Injector:85   --&gt; source: org.matsim.api.core.v01.population.PopulationFactory org.matsim.core.scenario.ScenarioByInstanceModule.providePopulationFactory(org.matsim.api.core.v01.population.Population)
2018-06-01 06:11:30,326  INFO Injector:87   --&gt; scope: Scopes.NO_SCOPE
2018-06-01 06:11:30,326  INFO Injector:91 
2018-06-01 06:11:30,326  INFO Injector:83 org.matsim.facilities.ActivityFacilities 
2018-06-01 06:11:30,326  INFO Injector:84   --&gt; provider: @Provides org.matsim.core.scenario.ScenarioByInstanceModule.provideActivityFacilities(ScenarioByInstanceModule.java:51)
2018-06-01 06:11:30,326  INFO Injector:85   --&gt; source: org.matsim.facilities.ActivityFacilities org.matsim.core.scenario.ScenarioByInstanceModule.provideActivityFacilities(org.matsim.api.core.v01.Scenario)
2018-06-01 06:11:30,326  INFO Injector:87   --&gt; scope: Scopes.NO_SCOPE
2018-06-01 06:11:30,327  INFO Injector:91 
2018-06-01 06:11:30,327  INFO Injector:83 org.matsim.households.Households 
2018-06-01 06:11:30,327  INFO Injector:84   --&gt; provider: @Provides org.matsim.core.scenario.ScenarioByInstanceModule.provideHouseholds(ScenarioByInstanceModule.java:56)
2018-06-01 06:11:30,327  INFO Injector:85   --&gt; source: org.matsim.households.Households org.matsim.core.scenario.ScenarioByInstanceModule.provideHouseholds(org.matsim.api.core.v01.Scenario)
2018-06-01 06:11:30,327  INFO Injector:87   --&gt; scope: Scopes.NO_SCOPE
2018-06-01 06:11:30,327  INFO Injector:91 
2018-06-01 06:11:30,328  INFO Injector:83 org.matsim.api.core.v01.network.Network 
2018-06-01 06:11:30,328  INFO Injector:84   --&gt; provider: @Provides org.matsim.core.scenario.ScenarioByInstanceModule.provideNetwork(ScenarioByInstanceModule.java:39)
2018-06-01 06:11:30,328  INFO Injector:85   --&gt; source: org.matsim.api.core.v01.network.Network org.matsim.core.scenario.ScenarioByInstanceModule.provideNetwork(org.matsim.api.core.v01.Scenario)
2018-06-01 06:11:30,328  INFO Injector:87   --&gt; scope: Scopes.NO_SCOPE
2018-06-01 06:11:30,328  INFO Injector:91 
2018-06-01 06:11:30,328  INFO Injector:83 org.matsim.lanes.data.Lanes 
2018-06-01 06:11:30,329  INFO Injector:84   --&gt; provider: @Provides org.matsim.core.scenario.ScenarioByInstanceModule.provideLanes(ScenarioByInstanceModule.java:66)
2018-06-01 06:11:30,329  INFO Injector:85   --&gt; source: org.matsim.lanes.data.Lanes org.matsim.core.scenario.ScenarioByInstanceModule.provideLanes(org.matsim.api.core.v01.Scenario)
2018-06-01 06:11:30,329  INFO Injector:87   --&gt; scope: Scopes.NO_SCOPE
2018-06-01 06:11:30,329  INFO Injector:91 
2018-06-01 06:11:30,329  INFO Injector:83 org.matsim.core.controler.ControlerI 
2018-06-01 06:11:30,329  INFO Injector:84   --&gt; provider: FactoryProxy{key=Key[type=org.matsim.core.controler.ControlerI, annotation=[none]], provider=com.google.inject.internal.ConstructorBindingImpl$Factory@5f3f57ff}[Scopes.SINGLETON]
2018-06-01 06:11:30,330  INFO Injector:85   --&gt; source: org.matsim.core.controler.NewControlerModule.install(NewControlerModule.java:8)
2018-06-01 06:11:30,330  INFO Injector:87   --&gt; scope: eager singleton
2018-06-01 06:11:30,330  INFO Injector:91 
2018-06-01 06:11:30,330  INFO Injector:83 org.matsim.core.controler.ControlerListenerManager 
2018-06-01 06:11:30,330  INFO Injector:84   --&gt; provider: FactoryProxy{key=Key[type=org.matsim.core.controler.ControlerListenerManager, annotation=[none]], provider=com.google.inject.internal.ConstructorBindingImpl$Factory@669c2b07[Scopes.SINGLETON]}
2018-06-01 06:11:30,330  INFO Injector:85   --&gt; source: org.matsim.core.controler.NewControlerModule.install(NewControlerModule.java:10)
2018-06-01 06:11:30,331  INFO Injector:87   --&gt; scope: Scopes.NO_SCOPE
2018-06-01 06:11:30,331  INFO Injector:91 
2018-06-01 06:11:30,331  INFO Injector:83 org.matsim.core.controler.PrepareForSim 
2018-06-01 06:11:30,331  INFO Injector:84   --&gt; provider: FactoryProxy{key=Key[type=org.matsim.core.controler.PrepareForSim, annotation=[none]], provider=com.google.inject.internal.ConstructorBindingImpl$Factory@579f3c8e}
2018-06-01 06:11:30,331  INFO Injector:85   --&gt; source: org.matsim.core.controler.NewControlerModule.install(NewControlerModule.java:11)
2018-06-01 06:11:30,331  INFO Injector:87   --&gt; scope: Scopes.NO_SCOPE
2018-06-01 06:11:30,332  INFO Injector:91 
2018-06-01 06:11:30,332  INFO Injector:83 org.matsim.core.controler.TerminationCriterion 
2018-06-01 06:11:30,332  INFO Injector:84   --&gt; provider: FactoryProxy{key=Key[type=org.matsim.core.controler.TerminationCriterion, annotation=[none]], provider=com.google.inject.internal.ConstructorBindingImpl$Factory@30c8c6ab}
2018-06-01 06:11:30,332  INFO Injector:85   --&gt; source: org.matsim.core.controler.NewControlerModule.install(NewControlerModule.java:14)
2018-06-01 06:11:30,332  INFO Injector:87   --&gt; scope: Scopes.NO_SCOPE
2018-06-01 06:11:30,332  INFO Injector:91 
2018-06-01 06:11:30,333  INFO Injector:83 org.matsim.core.controler.MatsimServices 
2018-06-01 06:11:30,333  INFO Injector:84   --&gt; provider: FactoryProxy{key=Key[type=org.matsim.core.controler.MatsimServices, annotation=[none]], provider=com.google.inject.internal.ConstructorBindingImpl$Factory@566f4659}
2018-06-01 06:11:30,333  INFO Injector:85   --&gt; source: org.matsim.core.controler.NewControlerModule.install(NewControlerModule.java:15)
2018-06-01 06:11:30,333  INFO Injector:87   --&gt; scope: Scopes.NO_SCOPE
2018-06-01 06:11:30,333  INFO Injector:91 
2018-06-01 06:11:30,333  INFO Injector:83 org.matsim.core.controler.corelisteners.PlansScoring 
2018-06-01 06:11:30,334  INFO Injector:84   --&gt; provider: FactoryProxy{key=Key[type=org.matsim.core.controler.corelisteners.PlansScoring, annotation=[none]], provider=com.google.inject.internal.ConstructorBindingImpl$Factory@42503099[Scopes.SINGLETON]}
2018-06-01 06:11:30,334  INFO Injector:85   --&gt; source: org.matsim.core.scoring.PlansScoringModule.install(PlansScoringModule.java:11)
2018-06-01 06:11:30,334  INFO Injector:87   --&gt; scope: Scopes.NO_SCOPE
2018-06-01 06:11:30,334  INFO Injector:91 
2018-06-01 06:11:30,334  INFO Injector:83 org.matsim.core.controler.corelisteners.PlansReplanning 
2018-06-01 06:11:30,334  INFO Injector:84   --&gt; provider: FactoryProxy{key=Key[type=org.matsim.core.controler.corelisteners.PlansReplanning, annotation=[none]], provider=com.google.inject.internal.ConstructorBindingImpl$Factory@7bdb4f17[Scopes.SINGLETON]}
2018-06-01 06:11:30,335  INFO Injector:85   --&gt; source: org.matsim.core.controler.corelisteners.ControlerDefaultCoreListenersModule.install(ControlerDefaultCoreListenersModule.java:38)
2018-06-01 06:11:30,335  INFO Injector:87   --&gt; scope: Scopes.NO_SCOPE
2018-06-01 06:11:30,335  INFO Injector:91 
2018-06-01 06:11:30,335  INFO Injector:83 org.matsim.core.controler.corelisteners.PlansDumping 
2018-06-01 06:11:30,335  INFO Injector:84   --&gt; provider: FactoryProxy{key=Key[type=org.matsim.core.controler.corelisteners.PlansDumping, annotation=[none]], provider=com.google.inject.internal.ConstructorBindingImpl$Factory@106459d9[Scopes.SINGLETON]}
2018-06-01 06:11:30,335  INFO Injector:85   --&gt; source: org.matsim.core.controler.corelisteners.ControlerDefaultCoreListenersModule.install(ControlerDefaultCoreListenersModule.java:39)
2018-06-01 06:11:30,336  INFO Injector:87   --&gt; scope: Scopes.NO_SCOPE
2018-06-01 06:11:30,336  INFO Injector:91 
2018-06-01 06:11:30,336  INFO Injector:83 org.matsim.core.controler.corelisteners.EventsHandling 
2018-06-01 06:11:30,336  INFO Injector:84   --&gt; provider: FactoryProxy{key=Key[type=org.matsim.core.controler.corelisteners.EventsHandling, annotation=[none]], provider=com.google.inject.internal.ConstructorBindingImpl$Factory@aee05f4[Scopes.SINGLETON]}
2018-06-01 06:11:30,336  INFO Injector:85   --&gt; source: org.matsim.core.controler.corelisteners.ControlerDefaultCoreListenersModule.install(ControlerDefaultCoreListenersModule.java:40)
2018-06-01 06:11:30,336  INFO Injector:87   --&gt; scope: Scopes.NO_SCOPE
2018-06-01 06:11:30,337  INFO Injector:91 
2018-06-01 06:11:30,337  INFO Injector:83 org.matsim.core.controler.corelisteners.DumpDataAtEnd 
2018-06-01 06:11:30,337  INFO Injector:84   --&gt; provider: FactoryProxy{key=Key[type=org.matsim.core.controler.corelisteners.DumpDataAtEnd, annotation=[none]], provider=com.google.inject.internal.ConstructorBindingImpl$Factory@a99c42c[Scopes.SINGLETON]}
2018-06-01 06:11:30,337  INFO Injector:85   --&gt; source: org.matsim.core.controler.corelisteners.ControlerDefaultCoreListenersModule.install(ControlerDefaultCoreListenersModule.java:41)
2018-06-01 06:11:30,337  INFO Injector:87   --&gt; scope: Scopes.NO_SCOPE
2018-06-01 06:11:30,337  INFO Injector:91 
2018-06-01 06:11:30,338  INFO Injector:83 org.matsim.core.api.experimental.events.EventsManager 
2018-06-01 06:11:30,338  INFO Injector:84   --&gt; provider: FactoryProxy{key=Key[type=org.matsim.core.api.experimental.events.EventsManager, annotation=[none]], provider=com.google.inject.internal.ConstructorBindingImpl$Factory@661db63e}[Scopes.SINGLETON]
2018-06-01 06:11:30,338  INFO Injector:85   --&gt; source: org.matsim.core.events.EventsManagerModule.install(EventsManagerModule.java:23)
2018-06-01 06:11:30,338  INFO Injector:87   --&gt; scope: eager singleton
2018-06-01 06:11:30,338  INFO Injector:91 
2018-06-01 06:11:30,338  INFO Injector:83 org.matsim.core.mobsim.framework.Mobsim 
2018-06-01 06:11:30,339  INFO Injector:84   --&gt; provider: Key[type=org.matsim.core.mobsim.qsim.QSimProvider, annotation=[none]]
2018-06-01 06:11:30,339  INFO Injector:85   --&gt; source: org.matsim.core.mobsim.qsim.QSimModule.configure(QSimModule.java:28)
2018-06-01 06:11:30,339  INFO Injector:87   --&gt; scope: Scopes.NO_SCOPE
2018-06-01 06:11:30,339  INFO Injector:91 
2018-06-01 06:11:30,339  INFO Injector:83 org.matsim.core.mobsim.qsim.qnetsimengine.QNetworkFactory 
2018-06-01 06:11:30,339  INFO Injector:84   --&gt; provider: FactoryProxy{key=Key[type=org.matsim.core.mobsim.qsim.qnetsimengine.QNetworkFactory, annotation=[none]], provider=com.google.inject.internal.ConstructorBindingImpl$Factory@22899683}
2018-06-01 06:11:30,340  INFO Injector:85   --&gt; source: org.matsim.core.mobsim.qsim.QSimModule.configure(QSimModule.java:32)
2018-06-01 06:11:30,340  INFO Injector:87   --&gt; scope: Scopes.NO_SCOPE
2018-06-01 06:11:30,340  INFO Injector:91 
2018-06-01 06:11:30,340  INFO Injector:83 org.matsim.core.router.util.TravelTime @com.google.inject.name.Named(value=car)
2018-06-01 06:11:30,340  INFO Injector:84   --&gt; provider: Key[type=org.matsim.core.trafficmonitoring.ObservedLinkTravelTimes, annotation=[none]]
2018-06-01 06:11:30,340  INFO Injector:85   --&gt; source: org.matsim.core.trafficmonitoring.TravelTimeCalculatorModule.install(TravelTimeCalculatorModule.java:81)
2018-06-01 06:11:30,341  INFO Injector:87   --&gt; scope: Scopes.NO_SCOPE
2018-06-01 06:11:30,341  INFO Injector:91 
2018-06-01 06:11:30,341  INFO Injector:83 org.matsim.core.router.costcalculators.TravelDisutilityFactory @com.google.inject.name.Named(value=car)
2018-06-01 06:11:30,341  INFO Injector:84   --&gt; provider: of(org.matsim.core.router.costcalculators.RandomizingTimeDistanceTravelDisutilityFactory@3fd5d679)
2018-06-01 06:11:30,341  INFO Injector:85   --&gt; source: org.matsim.core.router.costcalculators.TravelDisutilityModule.install(TravelDisutilityModule.java:34)
2018-06-01 06:11:30,341  INFO Injector:87   --&gt; scope: eager singleton
2018-06-01 06:11:30,342  INFO Injector:91 
2018-06-01 06:11:30,342  INFO Injector:83 org.matsim.core.scoring.functions.ScoringParametersForPerson 
2018-06-01 06:11:30,342  INFO Injector:84   --&gt; provider: FactoryProxy{key=Key[type=org.matsim.core.scoring.functions.ScoringParametersForPerson, annotation=[none]], provider=com.google.inject.internal.ConstructorBindingImpl$Factory@62b786dc}
2018-06-01 06:11:30,342  INFO Injector:85   --&gt; source: org.matsim.core.scoring.functions.CharyparNagelScoringFunctionModule.install(CharyparNagelScoringFunctionModule.java:33)
2018-06-01 06:11:30,342  INFO Injector:87   --&gt; scope: Scopes.NO_SCOPE
2018-06-01 06:11:30,342  INFO Injector:91 
2018-06-01 06:11:30,342  INFO Injector:83 org.matsim.core.scoring.ExperiencedPlansService 
2018-06-01 06:11:30,343  INFO Injector:84   --&gt; provider: FactoryProxy{key=Key[type=org.matsim.core.scoring.ExperiencedPlansService, annotation=[none]], provider=com.google.inject.internal.ConstructorBindingImpl$Factory@6febec41}[Scopes.SINGLETON]
2018-06-01 06:11:30,343  INFO Injector:85   --&gt; source: org.matsim.core.scoring.ExperiencedPlansModule.install(ExperiencedPlansModule.java:10)
2018-06-01 06:11:30,343  INFO Injector:87   --&gt; scope: eager singleton
2018-06-01 06:11:30,343  INFO Injector:91 
2018-06-01 06:11:30,343  INFO Injector:83 org.matsim.core.router.MainModeIdentifier 
2018-06-01 06:11:30,344  INFO Injector:84   --&gt; provider: FactoryProxy{key=Key[type=org.matsim.core.router.MainModeIdentifier, annotation=[none]], provider=com.google.inject.internal.ConstructorBindingImpl$Factory@57b63253}
2018-06-01 06:11:30,344  INFO Injector:85   --&gt; source: org.matsim.core.router.TripRouterModule.install(TripRouterModule.java:44)
2018-06-01 06:11:30,344  INFO Injector:87   --&gt; scope: Scopes.NO_SCOPE
2018-06-01 06:11:30,344  INFO Injector:91 
2018-06-01 06:11:30,344  INFO Injector:83 org.matsim.core.router.util.LeastCostPathCalculatorFactory 
2018-06-01 06:11:30,344  INFO Injector:84   --&gt; provider: FactoryProxy{key=Key[type=org.matsim.core.router.util.LeastCostPathCalculatorFactory, annotation=[none]], provider=com.google.inject.internal.ConstructorBindingImpl$Factory@173a5fad[Scopes.SINGLETON]}
2018-06-01 06:11:30,345  INFO Injector:85   --&gt; source: org.matsim.core.router.LeastCostPathCalculatorModule.install(LeastCostPathCalculatorModule.java:40)
2018-06-01 06:11:30,345  INFO Injector:87   --&gt; scope: Scopes.NO_SCOPE
2018-06-01 06:11:30,345  INFO Injector:91 
2018-06-01 06:11:30,345  INFO Injector:83 org.matsim.core.router.RoutingModule @com.google.inject.name.Named(value=ride)
2018-06-01 06:11:30,345  INFO Injector:84   --&gt; provider: org.matsim.core.router.FreespeedFactorRouting@3d53e876
2018-06-01 06:11:30,345  INFO Injector:85   --&gt; source: org.matsim.core.router.TripRouterModule.install(TripRouterModule.java:55)
2018-06-01 06:11:30,345  INFO Injector:87   --&gt; scope: Scopes.NO_SCOPE
2018-06-01 06:11:30,346  INFO Injector:91 
2018-06-01 06:11:30,346  INFO Injector:83 org.matsim.core.router.RoutingModule @com.google.inject.name.Named(value=pt)
2018-06-01 06:11:30,346  INFO Injector:84   --&gt; provider: org.matsim.core.router.FreespeedFactorRouting@48d44b46
2018-06-01 06:11:30,346  INFO Injector:85   --&gt; source: org.matsim.core.router.TripRouterModule.install(TripRouterModule.java:55)
2018-06-01 06:11:30,346  INFO Injector:87   --&gt; scope: Scopes.NO_SCOPE
2018-06-01 06:11:30,346  INFO Injector:91 
2018-06-01 06:11:30,347  INFO Injector:83 org.matsim.core.router.RoutingModule @com.google.inject.name.Named(value=bike)
2018-06-01 06:11:30,347  INFO Injector:84   --&gt; provider: org.matsim.core.router.BeelineTeleportationRouting@aa0dbca
2018-06-01 06:11:30,347  INFO Injector:85   --&gt; source: org.matsim.core.router.TripRouterModule.install(TripRouterModule.java:58)
2018-06-01 06:11:30,347  INFO Injector:87   --&gt; scope: Scopes.NO_SCOPE
2018-06-01 06:11:30,347  INFO Injector:91 
2018-06-01 06:11:30,347  INFO Injector:83 org.matsim.core.router.RoutingModule @com.google.inject.name.Named(value=walk)
2018-06-01 06:11:30,347  INFO Injector:84   --&gt; provider: org.matsim.core.router.BeelineTeleportationRouting@794cb26b
2018-06-01 06:11:30,348  INFO Injector:85   --&gt; source: org.matsim.core.router.TripRouterModule.install(TripRouterModule.java:58)
2018-06-01 06:11:30,348  INFO Injector:87   --&gt; scope: Scopes.NO_SCOPE
2018-06-01 06:11:30,348  INFO Injector:91 
2018-06-01 06:11:30,348  INFO Injector:83 org.matsim.core.router.RoutingModule @com.google.inject.name.Named(value=access_walk)
2018-06-01 06:11:30,348  INFO Injector:84   --&gt; provider: org.matsim.core.router.BeelineTeleportationRouting@5b7ee56c
2018-06-01 06:11:30,348  INFO Injector:85   --&gt; source: org.matsim.core.router.TripRouterModule.install(TripRouterModule.java:58)
2018-06-01 06:11:30,349  INFO Injector:87   --&gt; scope: Scopes.NO_SCOPE
2018-06-01 06:11:30,349  INFO Injector:91 
2018-06-01 06:11:30,349  INFO Injector:83 org.matsim.core.router.RoutingModule @com.google.inject.name.Named(value=egress_walk)
2018-06-01 06:11:30,349  INFO Injector:84   --&gt; provider: org.matsim.core.router.BeelineTeleportationRouting@311a0b3e
2018-06-01 06:11:30,349  INFO Injector:85   --&gt; source: org.matsim.core.router.TripRouterModule.install(TripRouterModule.java:58)
2018-06-01 06:11:30,349  INFO Injector:87   --&gt; scope: Scopes.NO_SCOPE
2018-06-01 06:11:30,349  INFO Injector:91 
2018-06-01 06:11:30,350  INFO Injector:83 org.matsim.core.router.RoutingModule @com.google.inject.name.Named(value=undefined)
2018-06-01 06:11:30,350  INFO Injector:84   --&gt; provider: org.matsim.core.router.BeelineTeleportationRouting@3de8f85c
2018-06-01 06:11:30,350  INFO Injector:85   --&gt; source: org.matsim.core.router.TripRouterModule.install(TripRouterModule.java:58)
2018-06-01 06:11:30,350  INFO Injector:87   --&gt; scope: Scopes.NO_SCOPE
2018-06-01 06:11:30,350  INFO Injector:91 
2018-06-01 06:11:30,350  INFO Injector:83 org.matsim.core.router.RoutingModule @com.google.inject.name.Named(value=car)
2018-06-01 06:11:30,351  INFO Injector:84   --&gt; provider: org.matsim.core.router.NetworkRouting@21abda60
2018-06-01 06:11:30,351  INFO Injector:85   --&gt; source: org.matsim.core.router.TripRouterModule.install(TripRouterModule.java:66)
2018-06-01 06:11:30,351  INFO Injector:87   --&gt; scope: Scopes.NO_SCOPE
2018-06-01 06:11:30,351  INFO Injector:91 
2018-06-01 06:11:30,351  INFO Injector:83 org.matsim.core.replanning.selectors.PlanSelector&lt;org.matsim.api.core.v01.population.Plan, org.matsim.api.core.v01.population.Person&gt; 
2018-06-01 06:11:30,351  INFO Injector:84   --&gt; provider: FactoryProxy{key=Key[type=org.matsim.core.replanning.selectors.PlanSelector&lt;org.matsim.api.core.v01.population.Plan, org.matsim.api.core.v01.population.Person&gt;, annotation=[none]], provider=com.google.inject.internal.ConstructorBindingImpl$Factory@6231f77a}
2018-06-01 06:11:30,352  INFO Injector:85   --&gt; source: org.matsim.core.replanning.strategies.DefaultPlanStrategiesModule.install(DefaultPlanStrategiesModule.java:49)
2018-06-01 06:11:30,352  INFO Injector:87   --&gt; scope: Scopes.NO_SCOPE
2018-06-01 06:11:30,352  INFO Injector:91 
2018-06-01 06:11:30,352  INFO Injector:83 org.matsim.core.replanning.ReplanningContext 
2018-06-01 06:11:30,352  INFO Injector:84   --&gt; provider: FactoryProxy{key=Key[type=org.matsim.core.replanning.ReplanningContext, annotation=[none]], provider=com.google.inject.internal.ConstructorBindingImpl$Factory@2570b316[Scopes.SINGLETON]}[Scopes.SINGLETON]
2018-06-01 06:11:30,352  INFO Injector:85   --&gt; source: org.matsim.core.replanning.StrategyManagerModule.install(StrategyManagerModule.java:48)
2018-06-01 06:11:30,353  INFO Injector:87   --&gt; scope: eager singleton
2018-06-01 06:11:30,353  INFO Injector:91 
2018-06-01 06:11:30,353  INFO Injector:83 org.matsim.core.controler.listener.ControlerListener @com.google.inject.multibindings.Element(setName=,uniqueId=602, type=MULTIBINDER, keyType=)
2018-06-01 06:11:30,353  INFO Injector:84   --&gt; provider: FactoryProxy{key=Key[type=org.matsim.core.controler.listener.ControlerListener, annotation=@com.google.inject.multibindings.Element(setName=,uniqueId=602, type=MULTIBINDER, keyType=)], provider=com.google.inject.internal.ConstructorBindingImpl$Factory@7f030c72[Scopes.SINGLETON]}
2018-06-01 06:11:30,353  INFO Injector:85   --&gt; source: org.matsim.analysis.LinkStatsModule.install(LinkStatsModule.java:47)
2018-06-01 06:11:30,353  INFO Injector:87   --&gt; scope: Scopes.NO_SCOPE
2018-06-01 06:11:30,353  INFO Injector:91 
2018-06-01 06:11:30,354  INFO Injector:83 org.matsim.core.controler.listener.ControlerListener @com.google.inject.multibindings.Element(setName=,uniqueId=603, type=MULTIBINDER, keyType=)
2018-06-01 06:11:30,354  INFO Injector:84   --&gt; provider: FactoryProxy{key=Key[type=org.matsim.core.controler.listener.ControlerListener, annotation=@com.google.inject.multibindings.Element(setName=,uniqueId=603, type=MULTIBINDER, keyType=)], provider=com.google.inject.internal.ConstructorBindingImpl$Factory@304744a1}
2018-06-01 06:11:30,354  INFO Injector:85   --&gt; source: org.matsim.analysis.LegHistogramModule.install(LegHistogramModule.java:31)
2018-06-01 06:11:30,354  INFO Injector:87   --&gt; scope: Scopes.NO_SCOPE
2018-06-01 06:11:30,354  INFO Injector:91 
2018-06-01 06:11:30,354  INFO Injector:83 org.matsim.core.controler.listener.ControlerListener @com.google.inject.multibindings.Element(setName=,uniqueId=604, type=MULTIBINDER, keyType=)
2018-06-01 06:11:30,355  INFO Injector:84   --&gt; provider: FactoryProxy{key=Key[type=org.matsim.core.controler.listener.ControlerListener, annotation=@com.google.inject.multibindings.Element(setName=,uniqueId=604, type=MULTIBINDER, keyType=)], provider=com.google.inject.internal.ConstructorBindingImpl$Factory@da5d5e1}
2018-06-01 06:11:30,355  INFO Injector:85   --&gt; source: org.matsim.analysis.LegTimesModule.install(LegTimesModule.java:32)
2018-06-01 06:11:30,355  INFO Injector:87   --&gt; scope: Scopes.NO_SCOPE
2018-06-01 06:11:30,355  INFO Injector:91 
2018-06-01 06:11:30,355  INFO Injector:83 org.matsim.core.controler.listener.ControlerListener @com.google.inject.multibindings.Element(setName=,uniqueId=605, type=MULTIBINDER, keyType=)
2018-06-01 06:11:30,355  INFO Injector:84   --&gt; provider: FactoryProxy{key=Key[type=org.matsim.core.controler.listener.ControlerListener, annotation=@com.google.inject.multibindings.Element(setName=,uniqueId=605, type=MULTIBINDER, keyType=)], provider=com.google.inject.internal.ConstructorBindingImpl$Factory@4e5d5ac1}
2018-06-01 06:11:30,356  INFO Injector:85   --&gt; source: org.matsim.analysis.TravelDistanceStatsModule.install(TravelDistanceStatsModule.java:11)
2018-06-01 06:11:30,356  INFO Injector:87   --&gt; scope: Scopes.NO_SCOPE
2018-06-01 06:11:30,356  INFO Injector:91 
2018-06-01 06:11:30,356  INFO Injector:83 org.matsim.core.controler.listener.ControlerListener @com.google.inject.multibindings.Element(setName=,uniqueId=606, type=MULTIBINDER, keyType=)
2018-06-01 06:11:30,356  INFO Injector:84   --&gt; provider: FactoryProxy{key=Key[type=org.matsim.core.controler.listener.ControlerListener, annotation=@com.google.inject.multibindings.Element(setName=,uniqueId=606, type=MULTIBINDER, keyType=)], provider=com.google.inject.internal.ConstructorBindingImpl$Factory@727dcc64[Scopes.SINGLETON]}
2018-06-01 06:11:30,356  INFO Injector:85   --&gt; source: org.matsim.analysis.ScoreStatsModule.install(ScoreStatsModule.java:32)
2018-06-01 06:11:30,357  INFO Injector:87   --&gt; scope: Scopes.NO_SCOPE
2018-06-01 06:11:30,357  INFO Injector:91 
2018-06-01 06:11:30,357  INFO Injector:83 org.matsim.analysis.ScoreStats 
2018-06-01 06:11:30,357  INFO Injector:84   --&gt; provider: FactoryProxy{key=Key[type=org.matsim.analysis.ScoreStats, annotation=[none]], provider=com.google.inject.internal.ConstructorBindingImpl$Factory@727dcc64[Scopes.SINGLETON]}
2018-06-01 06:11:30,357  INFO Injector:85   --&gt; source: org.matsim.analysis.ScoreStatsModule.install(ScoreStatsModule.java:33)
2018-06-01 06:11:30,357  INFO Injector:87   --&gt; scope: Scopes.NO_SCOPE
2018-06-01 06:11:30,358  INFO Injector:91 
2018-06-01 06:11:30,358  INFO Injector:83 org.matsim.core.controler.listener.ControlerListener @com.google.inject.multibindings.Element(setName=,uniqueId=607, type=MULTIBINDER, keyType=)
2018-06-01 06:11:30,358  INFO Injector:84   --&gt; provider: FactoryProxy{key=Key[type=org.matsim.core.controler.listener.ControlerListener, annotation=@com.google.inject.multibindings.Element(setName=,uniqueId=607, type=MULTIBINDER, keyType=)], provider=com.google.inject.internal.ConstructorBindingImpl$Factory@35454c7a[Scopes.SINGLETON]}
2018-06-01 06:11:30,358  INFO Injector:85   --&gt; source: org.matsim.analysis.ModeStatsModule.install(ModeStatsModule.java:32)
2018-06-01 06:11:30,358  INFO Injector:87   --&gt; scope: Scopes.NO_SCOPE
2018-06-01 06:11:30,358  INFO Injector:91 
2018-06-01 06:11:30,359  INFO Injector:83 org.matsim.core.controler.listener.ControlerListener @com.google.inject.multibindings.Element(setName=,uniqueId=608, type=MULTIBINDER, keyType=)
2018-06-01 06:11:30,359  INFO Injector:84   --&gt; provider: FactoryProxy{key=Key[type=org.matsim.core.controler.listener.ControlerListener, annotation=@com.google.inject.multibindings.Element(setName=,uniqueId=608, type=MULTIBINDER, keyType=)], provider=com.google.inject.internal.ConstructorBindingImpl$Factory@2be50bba}
2018-06-01 06:11:30,359  INFO Injector:85   --&gt; source: org.matsim.counts.CountsModule.install(CountsModule.java:42)
2018-06-01 06:11:30,359  INFO Injector:87   --&gt; scope: Scopes.NO_SCOPE
2018-06-01 06:11:30,359  INFO Injector:91 
2018-06-01 06:11:30,359  INFO Injector:83 org.matsim.counts.Counts&lt;org.matsim.api.core.v01.network.Link&gt; 
2018-06-01 06:11:30,360  INFO Injector:84   --&gt; provider: @Provides org.matsim.counts.CountsModule.provideLinkCounts(CountsModule.java:63)[Scopes.SINGLETON]
2018-06-01 06:11:30,360  INFO Injector:85   --&gt; source: org.matsim.counts.Counts org.matsim.counts.CountsModule.provideLinkCounts(org.matsim.api.core.v01.Scenario,org.matsim.core.config.groups.CountsConfigGroup)
2018-06-01 06:11:30,360  INFO Injector:87   --&gt; scope: Scopes.SINGLETON
2018-06-01 06:11:30,360  INFO Injector:91 
2018-06-01 06:11:30,360  INFO Injector:83 org.matsim.core.controler.listener.ControlerListener @com.google.inject.multibindings.Element(setName=,uniqueId=609, type=MULTIBINDER, keyType=)
2018-06-01 06:11:30,360  INFO Injector:84   --&gt; provider: FactoryProxy{key=Key[type=org.matsim.core.controler.listener.ControlerListener, annotation=@com.google.inject.multibindings.Element(setName=,uniqueId=609, type=MULTIBINDER, keyType=)], provider=com.google.inject.internal.ConstructorBindingImpl$Factory@2e7a9db7}
2018-06-01 06:11:30,361  INFO Injector:85   --&gt; source: org.matsim.core.population.VspPlansCleanerModule.install(VspPlansCleanerModule.java:34)
2018-06-01 06:11:30,361  INFO Injector:87   --&gt; scope: Scopes.NO_SCOPE
2018-06-01 06:11:30,361  INFO Injector:91 
2018-06-01 06:11:30,361  INFO Injector:83 org.matsim.core.mobsim.framework.listeners.MobsimListener @com.google.inject.multibindings.Element(setName=,uniqueId=610, type=MULTIBINDER, keyType=)
2018-06-01 06:11:30,361  INFO Injector:84   --&gt; provider: Key[type=org.matsim.vis.snapshotwriters.SnapshotWritersModule$SnapshotWriterManagerProvider, annotation=[none]]
2018-06-01 06:11:30,362  INFO Injector:85   --&gt; source: org.matsim.vis.snapshotwriters.SnapshotWritersModule.install(SnapshotWritersModule.java:45)
2018-06-01 06:11:30,362  INFO Injector:87   --&gt; scope: Scopes.NO_SCOPE
2018-06-01 06:11:30,362  INFO Injector:91 
2018-06-01 06:11:30,362  INFO Injector:83 org.matsim.core.router.RoutingModule @com.google.inject.multibindings.Element(setName=,uniqueId=636, type=MAPBINDER, keyType=java.lang.String)
2018-06-01 06:11:30,362  INFO Injector:84   --&gt; provider: FactoryProxy{key=Key[type=org.matsim.core.router.RoutingModule, annotation=@com.google.inject.multibindings.Element(setName=,uniqueId=636, type=MAPBINDER, keyType=java.lang.String)], provider=org.matsim.core.router.BeelineTeleportationRouting@311a0b3e}
2018-06-01 06:11:30,363  INFO Injector:85   --&gt; source: org.matsim.core.controler.Injector$3.configure(Injector.java:123)
2018-06-01 06:11:30,363  INFO Injector:87   --&gt; scope: Scopes.NO_SCOPE
2018-06-01 06:11:30,363  INFO Injector:91 
2018-06-01 06:11:30,363  INFO Injector:83 org.matsim.core.router.RoutingModule @com.google.inject.multibindings.Element(setName=,uniqueId=638, type=MAPBINDER, keyType=java.lang.String)
2018-06-01 06:11:30,363  INFO Injector:84   --&gt; provider: FactoryProxy{key=Key[type=org.matsim.core.router.RoutingModule, annotation=@com.google.inject.multibindings.Element(setName=,uniqueId=638, type=MAPBINDER, keyType=java.lang.String)], provider=org.matsim.core.router.FreespeedFactorRouting@48d44b46}
2018-06-01 06:11:30,363  INFO Injector:85   --&gt; source: org.matsim.core.controler.Injector$3.configure(Injector.java:123)
2018-06-01 06:11:30,364  INFO Injector:87   --&gt; scope: Scopes.NO_SCOPE
2018-06-01 06:11:30,364  INFO Injector:91 
2018-06-01 06:11:30,364  INFO Injector:83 org.matsim.core.router.RoutingModule @com.google.inject.multibindings.Element(setName=,uniqueId=640, type=MAPBINDER, keyType=java.lang.String)
2018-06-01 06:11:30,364  INFO Injector:84   --&gt; provider: FactoryProxy{key=Key[type=org.matsim.core.router.RoutingModule, annotation=@com.google.inject.multibindings.Element(setName=,uniqueId=640, type=MAPBINDER, keyType=java.lang.String)], provider=FactoryProxy{key=Key[type=org.matsim.core.router.RoutingModule, annotation=@com.google.inject.name.Named(value=av)], provider=com.google.inject.internal.ConstructorBindingImpl$Factory@121cf6f4[Scopes.SINGLETON]}}
2018-06-01 06:11:30,364  INFO Injector:85   --&gt; source: org.matsim.core.controler.Injector$3.configure(Injector.java:123)
2018-06-01 06:11:30,364  INFO Injector:87   --&gt; scope: Scopes.NO_SCOPE
2018-06-01 06:11:30,365  INFO Injector:91 
2018-06-01 06:11:30,365  INFO Injector:83 org.matsim.core.router.RoutingModule @com.google.inject.multibindings.Element(setName=,uniqueId=642, type=MAPBINDER, keyType=java.lang.String)
2018-06-01 06:11:30,365  INFO Injector:84   --&gt; provider: FactoryProxy{key=Key[type=org.matsim.core.router.RoutingModule, annotation=@com.google.inject.multibindings.Element(setName=,uniqueId=642, type=MAPBINDER, keyType=java.lang.String)], provider=org.matsim.core.router.NetworkRouting@21abda60}
2018-06-01 06:11:30,365  INFO Injector:85   --&gt; source: org.matsim.core.controler.Injector$3.configure(Injector.java:123)
2018-06-01 06:11:30,365  INFO Injector:87   --&gt; scope: Scopes.NO_SCOPE
2018-06-01 06:11:30,365  INFO Injector:91 
2018-06-01 06:11:30,366  INFO Injector:83 org.matsim.core.router.RoutingModule @com.google.inject.multibindings.Element(setName=,uniqueId=644, type=MAPBINDER, keyType=java.lang.String)
2018-06-01 06:11:30,366  INFO Injector:84   --&gt; provider: FactoryProxy{key=Key[type=org.matsim.core.router.RoutingModule, annotation=@com.google.inject.multibindings.Element(setName=,uniqueId=644, type=MAPBINDER, keyType=java.lang.String)], provider=org.matsim.core.router.BeelineTeleportationRouting@5b7ee56c}
2018-06-01 06:11:30,366  INFO Injector:85   --&gt; source: org.matsim.core.controler.Injector$3.configure(Injector.java:123)
2018-06-01 06:11:30,366  INFO Injector:87   --&gt; scope: Scopes.NO_SCOPE
2018-06-01 06:11:30,366  INFO Injector:91 
2018-06-01 06:11:30,366  INFO Injector:83 org.matsim.core.router.RoutingModule @com.google.inject.multibindings.Element(setName=,uniqueId=646, type=MAPBINDER, keyType=java.lang.String)
2018-06-01 06:11:30,367  INFO Injector:84   --&gt; provider: FactoryProxy{key=Key[type=org.matsim.core.router.RoutingModule, annotation=@com.google.inject.multibindings.Element(setName=,uniqueId=646, type=MAPBINDER, keyType=java.lang.String)], provider=org.matsim.core.router.FreespeedFactorRouting@3d53e876}
2018-06-01 06:11:30,367  INFO Injector:85   --&gt; source: org.matsim.core.controler.Injector$3.configure(Injector.java:123)
2018-06-01 06:11:30,367  INFO Injector:87   --&gt; scope: Scopes.NO_SCOPE
2018-06-01 06:11:30,367  INFO Injector:91 
2018-06-01 06:11:30,367  INFO Injector:83 org.matsim.core.router.RoutingModule @com.google.inject.multibindings.Element(setName=,uniqueId=648, type=MAPBINDER, keyType=java.lang.String)
2018-06-01 06:11:30,367  INFO Injector:84   --&gt; provider: FactoryProxy{key=Key[type=org.matsim.core.router.RoutingModule, annotation=@com.google.inject.multibindings.Element(setName=,uniqueId=648, type=MAPBINDER, keyType=java.lang.String)], provider=org.matsim.core.router.BeelineTeleportationRouting@794cb26b}
2018-06-01 06:11:30,367  INFO Injector:85   --&gt; source: org.matsim.core.controler.Injector$3.configure(Injector.java:123)
2018-06-01 06:11:30,368  INFO Injector:87   --&gt; scope: Scopes.NO_SCOPE
2018-06-01 06:11:30,368  INFO Injector:91 
2018-06-01 06:11:30,368  INFO Injector:83 org.matsim.core.router.RoutingModule @com.google.inject.multibindings.Element(setName=,uniqueId=650, type=MAPBINDER, keyType=java.lang.String)
2018-06-01 06:11:30,368  INFO Injector:84   --&gt; provider: FactoryProxy{key=Key[type=org.matsim.core.router.RoutingModule, annotation=@com.google.inject.multibindings.Element(setName=,uniqueId=650, type=MAPBINDER, keyType=java.lang.String)], provider=org.matsim.core.router.BeelineTeleportationRouting@aa0dbca}
2018-06-01 06:11:30,368  INFO Injector:85   --&gt; source: org.matsim.core.controler.Injector$3.configure(Injector.java:123)
2018-06-01 06:11:30,368  INFO Injector:87   --&gt; scope: Scopes.NO_SCOPE
2018-06-01 06:11:30,369  INFO Injector:91 
2018-06-01 06:11:30,369  INFO Injector:83 org.matsim.core.router.RoutingModule @com.google.inject.multibindings.Element(setName=,uniqueId=652, type=MAPBINDER, keyType=java.lang.String)
2018-06-01 06:11:30,369  INFO Injector:84   --&gt; provider: FactoryProxy{key=Key[type=org.matsim.core.router.RoutingModule, annotation=@com.google.inject.multibindings.Element(setName=,uniqueId=652, type=MAPBINDER, keyType=java.lang.String)], provider=org.matsim.core.router.BeelineTeleportationRouting@3de8f85c}
2018-06-01 06:11:30,369  INFO Injector:85   --&gt; source: org.matsim.core.controler.Injector$3.configure(Injector.java:123)
2018-06-01 06:11:30,369  INFO Injector:87   --&gt; scope: Scopes.NO_SCOPE
2018-06-01 06:11:30,369  INFO Injector:91 
2018-06-01 06:11:30,370  INFO Injector:83 org.matsim.core.router.util.TravelTime @com.google.inject.multibindings.Element(setName=,uniqueId=654, type=MAPBINDER, keyType=java.lang.String)
2018-06-01 06:11:30,370  INFO Injector:84   --&gt; provider: FactoryProxy{key=Key[type=org.matsim.core.router.util.TravelTime, annotation=@com.google.inject.multibindings.Element(setName=,uniqueId=654, type=MAPBINDER, keyType=java.lang.String)], provider=ConstantFactory{value=org.matsim.core.trafficmonitoring.FreeSpeedTravelTime@5ae66c98}[Scopes.SINGLETON]}
2018-06-01 06:11:30,370  INFO Injector:85   --&gt; source: org.matsim.core.controler.Injector$3.configure(Injector.java:123)
2018-06-01 06:11:30,370  INFO Injector:87   --&gt; scope: Scopes.NO_SCOPE
2018-06-01 06:11:30,370  INFO Injector:91 
2018-06-01 06:11:30,370  INFO Injector:83 org.matsim.core.router.util.TravelTime @com.google.inject.multibindings.Element(setName=,uniqueId=656, type=MAPBINDER, keyType=java.lang.String)
2018-06-01 06:11:30,371  INFO Injector:84   --&gt; provider: FactoryProxy{key=Key[type=org.matsim.core.router.util.TravelTime, annotation=@com.google.inject.multibindings.Element(setName=,uniqueId=656, type=MAPBINDER, keyType=java.lang.String)], provider=@Provides org.matsim.contrib.dvrp.trafficmonitoring.DvrpTravelTimeModule.provideTravelTime(DvrpTravelTimeModule.java:51)[Scopes.SINGLETON]}
2018-06-01 06:11:30,371  INFO Injector:85   --&gt; source: org.matsim.core.controler.Injector$3.configure(Injector.java:123)
2018-06-01 06:11:30,371  INFO Injector:87   --&gt; scope: Scopes.NO_SCOPE
2018-06-01 06:11:30,371  INFO Injector:91 
2018-06-01 06:11:30,371  INFO Injector:83 org.matsim.core.router.util.TravelTime @com.google.inject.multibindings.Element(setName=,uniqueId=658, type=MAPBINDER, keyType=java.lang.String)
2018-06-01 06:11:30,371  INFO Injector:84   --&gt; provider: FactoryProxy{key=Key[type=org.matsim.core.router.util.TravelTime, annotation=@com.google.inject.multibindings.Element(setName=,uniqueId=658, type=MAPBINDER, keyType=java.lang.String)], provider=FactoryProxy{key=Key[type=org.matsim.core.router.util.TravelTime, annotation=@com.google.inject.name.Named(value=av)], provider=FactoryProxy{key=Key[type=org.matsim.core.router.util.TravelTime, annotation=@com.google.inject.name.Named(value=dvrp_estimated)], provider=FactoryProxy{key=Key[type=org.matsim.contrib.dvrp.trafficmonitoring.DvrpTravelTimeEstimator, annotation=[none]], provider=com.google.inject.internal.ConstructorBindingImpl$Factory@1171ba7e}[Scopes.SINGLETON]}}}
2018-06-01 06:11:30,372  INFO Injector:85   --&gt; source: org.matsim.core.controler.Injector$3.configure(Injector.java:123)
2018-06-01 06:11:30,372  INFO Injector:87   --&gt; scope: Scopes.NO_SCOPE
2018-06-01 06:11:30,372  INFO Injector:91 
2018-06-01 06:11:30,372  INFO Injector:83 org.matsim.core.router.util.TravelTime @com.google.inject.multibindings.Element(setName=,uniqueId=660, type=MAPBINDER, keyType=java.lang.String)
2018-06-01 06:11:30,373  INFO Injector:84   --&gt; provider: FactoryProxy{key=Key[type=org.matsim.core.router.util.TravelTime, annotation=@com.google.inject.multibindings.Element(setName=,uniqueId=660, type=MAPBINDER, keyType=java.lang.String)], provider=Key[type=org.matsim.core.trafficmonitoring.ObservedLinkTravelTimes, annotation=[none]]}
2018-06-01 06:11:30,373  INFO Injector:85   --&gt; source: org.matsim.core.controler.Injector$3.configure(Injector.java:123)
2018-06-01 06:11:30,373  INFO Injector:87   --&gt; scope: Scopes.NO_SCOPE
2018-06-01 06:11:30,373  INFO Injector:91 
2018-06-01 06:11:30,373  INFO Injector:83 org.matsim.core.router.util.TravelTime @com.google.inject.multibindings.Element(setName=,uniqueId=662, type=MAPBINDER, keyType=java.lang.String)
2018-06-01 06:11:30,373  INFO Injector:84   --&gt; provider: FactoryProxy{key=Key[type=org.matsim.core.router.util.TravelTime, annotation=@com.google.inject.multibindings.Element(setName=,uniqueId=662, type=MAPBINDER, keyType=java.lang.String)], provider=FactoryProxy{key=Key[type=org.matsim.core.router.util.TravelTime, annotation=@com.google.inject.name.Named(value=dvrp_estimated)], provider=FactoryProxy{key=Key[type=org.matsim.contrib.dvrp.trafficmonitoring.DvrpTravelTimeEstimator, annotation=[none]], provider=com.google.inject.internal.ConstructorBindingImpl$Factory@1171ba7e}[Scopes.SINGLETON]}}
2018-06-01 06:11:30,374  INFO Injector:85   --&gt; source: org.matsim.core.controler.Injector$3.configure(Injector.java:123)
2018-06-01 06:11:30,374  INFO Injector:87   --&gt; scope: Scopes.NO_SCOPE
2018-06-01 06:11:30,374  INFO Injector:91 
2018-06-01 06:11:30,374  INFO Injector:83 org.matsim.core.router.costcalculators.TravelDisutilityFactory @com.google.inject.multibindings.Element(setName=,uniqueId=664, type=MAPBINDER, keyType=java.lang.String)
2018-06-01 06:11:30,374  INFO Injector:84   --&gt; provider: FactoryProxy{key=Key[type=org.matsim.core.router.costcalculators.TravelDisutilityFactory, annotation=@com.google.inject.multibindings.Element(setName=,uniqueId=664, type=MAPBINDER, keyType=java.lang.String)], provider=ConstantFactory{value=org.matsim.core.router.costcalculators.RandomizingTimeDistanceTravelDisutilityFactory@3fd5d679}[Scopes.SINGLETON]}
2018-06-01 06:11:30,374  INFO Injector:85   --&gt; source: org.matsim.core.controler.Injector$3.configure(Injector.java:123)
2018-06-01 06:11:30,375  INFO Injector:87   --&gt; scope: Scopes.NO_SCOPE
2018-06-01 06:11:30,375  INFO Injector:91 
2018-06-01 06:11:30,375  INFO Injector:83 org.matsim.core.controler.ControlerListenerManagerImpl 
2018-06-01 06:11:30,375  INFO Injector:84   --&gt; provider: com.google.inject.internal.ConstructorBindingImpl$Factory@669c2b07[Scopes.SINGLETON]
2018-06-01 06:11:30,375  INFO Injector:85   --&gt; source: org.matsim.core.controler.NewControlerModule.install(NewControlerModule.java:9)
2018-06-01 06:11:30,375  INFO Injector:87   --&gt; scope: eager singleton
2018-06-01 06:11:30,375  INFO Injector:91 
2018-06-01 06:11:30,376  INFO Injector:83 org.matsim.analysis.IterationStopWatch 
2018-06-01 06:11:30,376  INFO Injector:84   --&gt; provider: com.google.inject.internal.ConstructorBindingImpl$Factory@62ab5e63[Scopes.SINGLETON]
2018-06-01 06:11:30,376  INFO Injector:85   --&gt; source: org.matsim.core.controler.NewControlerModule.install(NewControlerModule.java:12)
2018-06-01 06:11:30,376  INFO Injector:87   --&gt; scope: eager singleton
2018-06-01 06:11:30,376  INFO Injector:91 
2018-06-01 06:11:30,376  INFO Injector:83 org.matsim.core.controler.OutputDirectoryHierarchy 
2018-06-01 06:11:30,377  INFO Injector:84   --&gt; provider: com.google.inject.internal.ConstructorBindingImpl$Factory@74830d73[Scopes.SINGLETON]
2018-06-01 06:11:30,377  INFO Injector:85   --&gt; source: org.matsim.core.controler.NewControlerModule.install(NewControlerModule.java:13)
2018-06-01 06:11:30,377  INFO Injector:87   --&gt; scope: eager singleton
2018-06-01 06:11:30,377  INFO Injector:91 
2018-06-01 06:11:30,377  INFO Injector:83 org.matsim.core.scoring.ScoringFunctionsForPopulation 
2018-06-01 06:11:30,377  INFO Injector:84   --&gt; provider: com.google.inject.internal.ConstructorBindingImpl$Factory@25421809[Scopes.SINGLETON]
2018-06-01 06:11:30,378  INFO Injector:85   --&gt; source: org.matsim.core.scoring.PlansScoringModule.install(PlansScoringModule.java:10)
2018-06-01 06:11:30,378  INFO Injector:87   --&gt; scope: eager singleton
2018-06-01 06:11:30,378  INFO Injector:91 
2018-06-01 06:11:30,378  INFO Injector:83 org.matsim.core.events.EventsManagerModule$EventHandlerRegistrator 
2018-06-01 06:11:30,378  INFO Injector:84   --&gt; provider: com.google.inject.internal.ConstructorBindingImpl$Factory@78e043e4[Scopes.SINGLETON]
2018-06-01 06:11:30,378  INFO Injector:85   --&gt; source: org.matsim.core.events.EventsManagerModule.install(EventsManagerModule.java:25)
2018-06-01 06:11:30,378  INFO Injector:87   --&gt; scope: eager singleton
2018-06-01 06:11:30,379  INFO Injector:91 
2018-06-01 06:11:30,379  INFO Injector:83 org.matsim.core.trafficmonitoring.TravelTimeCalculator 
2018-06-01 06:11:30,379  INFO Injector:84   --&gt; provider: com.google.inject.internal.ConstructorBindingImpl$Factory@40738846[Scopes.SINGLETON]
2018-06-01 06:11:30,379  INFO Injector:85   --&gt; source: org.matsim.core.trafficmonitoring.TravelTimeCalculatorModule.install(TravelTimeCalculatorModule.java:76)
2018-06-01 06:11:30,379  INFO Injector:87   --&gt; scope: Scopes.SINGLETON
2018-06-01 06:11:30,379  INFO Injector:91 
2018-06-01 06:11:30,380  INFO Injector:83 org.matsim.core.scoring.EventsToActivities 
2018-06-01 06:11:30,380  INFO Injector:84   --&gt; provider: com.google.inject.internal.ConstructorBindingImpl$Factory@192f5f39[Scopes.SINGLETON]
2018-06-01 06:11:30,380  INFO Injector:85   --&gt; source: org.matsim.core.scoring.ExperiencedPlanElementsModule.install(ExperiencedPlanElementsModule.java:12)
2018-06-01 06:11:30,380  INFO Injector:87   --&gt; scope: eager singleton
2018-06-01 06:11:30,380  INFO Injector:91 
2018-06-01 06:11:30,380  INFO Injector:83 org.matsim.core.scoring.EventsToLegs 
2018-06-01 06:11:30,381  INFO Injector:84   --&gt; provider: com.google.inject.internal.ConstructorBindingImpl$Factory@35ceec81[Scopes.SINGLETON]
2018-06-01 06:11:30,381  INFO Injector:85   --&gt; source: org.matsim.core.scoring.ExperiencedPlanElementsModule.install(ExperiencedPlanElementsModule.java:13)
2018-06-01 06:11:30,381  INFO Injector:87   --&gt; scope: eager singleton
2018-06-01 06:11:30,381  INFO Injector:91 
2018-06-01 06:11:30,381  INFO Injector:83 org.matsim.core.router.TripRouter 
2018-06-01 06:11:30,381  INFO Injector:84   --&gt; provider: com.google.inject.internal.ConstructorBindingImpl$Factory@cf08c97
2018-06-01 06:11:30,381  INFO Injector:85   --&gt; source: org.matsim.core.router.TripRouterModule.install(TripRouterModule.java:43)
2018-06-01 06:11:30,382  INFO Injector:87   --&gt; scope: Scopes.NO_SCOPE
2018-06-01 06:11:30,382  INFO Injector:91 
2018-06-01 06:11:30,382  INFO Injector:83 org.matsim.core.router.SingleModeNetworksCache 
2018-06-01 06:11:30,382  INFO Injector:84   --&gt; provider: com.google.inject.internal.ConstructorBindingImpl$Factory@1d622556[Scopes.SINGLETON]
2018-06-01 06:11:30,382  INFO Injector:85   --&gt; source: org.matsim.core.router.TripRouterModule.install(TripRouterModule.java:47)
2018-06-01 06:11:30,382  INFO Injector:87   --&gt; scope: eager singleton
2018-06-01 06:11:30,383  INFO Injector:91 
2018-06-01 06:11:30,383  INFO Injector:83 org.matsim.core.replanning.StrategyManager 
2018-06-01 06:11:30,383  INFO Injector:84   --&gt; provider: com.google.inject.internal.ConstructorBindingImpl$Factory@12be4f83[Scopes.SINGLETON]
2018-06-01 06:11:30,383  INFO Injector:85   --&gt; source: org.matsim.core.replanning.StrategyManagerModule.install(StrategyManagerModule.java:47)
2018-06-01 06:11:30,383  INFO Injector:87   --&gt; scope: Scopes.SINGLETON
2018-06-01 06:11:30,383  INFO Injector:91 
2018-06-01 06:11:30,384  INFO Injector:83 org.matsim.analysis.CalcLinkStats 
2018-06-01 06:11:30,384  INFO Injector:84   --&gt; provider: com.google.inject.internal.ConstructorBindingImpl$Factory@29519337[Scopes.SINGLETON]
2018-06-01 06:11:30,384  INFO Injector:85   --&gt; source: org.matsim.analysis.LinkStatsModule.install(LinkStatsModule.java:37)
2018-06-01 06:11:30,384  INFO Injector:87   --&gt; scope: eager singleton
2018-06-01 06:11:30,384  INFO Injector:91 
2018-06-01 06:11:30,384  INFO Injector:83 org.matsim.analysis.LinkStatsControlerListener 
2018-06-01 06:11:30,384  INFO Injector:84   --&gt; provider: com.google.inject.internal.ConstructorBindingImpl$Factory@7f030c72[Scopes.SINGLETON]
2018-06-01 06:11:30,385  INFO Injector:85   --&gt; source: org.matsim.analysis.LinkStatsModule.install(LinkStatsModule.java:46)
2018-06-01 06:11:30,385  INFO Injector:87   --&gt; scope: eager singleton
2018-06-01 06:11:30,385  INFO Injector:91 
2018-06-01 06:11:30,385  INFO Injector:83 org.matsim.analysis.VolumesAnalyzer 
2018-06-01 06:11:30,385  INFO Injector:84   --&gt; provider: com.google.inject.internal.ConstructorBindingImpl$Factory@846b47[Scopes.SINGLETON]
2018-06-01 06:11:30,385  INFO Injector:85   --&gt; source: org.matsim.analysis.VolumesAnalyzerModule.install(VolumesAnalyzerModule.java:31)
2018-06-01 06:11:30,386  INFO Injector:87   --&gt; scope: eager singleton
2018-06-01 06:11:30,386  INFO Injector:91 
2018-06-01 06:11:30,386  INFO Injector:83 org.matsim.analysis.LegHistogram 
2018-06-01 06:11:30,386  INFO Injector:84   --&gt; provider: com.google.inject.internal.ConstructorBindingImpl$Factory@1f1fbc9f
2018-06-01 06:11:30,386  INFO Injector:85   --&gt; source: org.matsim.analysis.LegHistogramModule.install(LegHistogramModule.java:30)
2018-06-01 06:11:30,386  INFO Injector:87   --&gt; scope: Scopes.NO_SCOPE
2018-06-01 06:11:30,387  INFO Injector:91 
2018-06-01 06:11:30,387  INFO Injector:83 org.matsim.analysis.CalcLegTimes 
2018-06-01 06:11:30,387  INFO Injector:84   --&gt; provider: com.google.inject.internal.ConstructorBindingImpl$Factory@39f93225[Scopes.SINGLETON]
2018-06-01 06:11:30,387  INFO Injector:85   --&gt; source: org.matsim.analysis.LegTimesModule.install(LegTimesModule.java:31)
2018-06-01 06:11:30,387  INFO Injector:87   --&gt; scope: Scopes.SINGLETON
2018-06-01 06:11:30,387  INFO Injector:91 
2018-06-01 06:11:30,388  INFO Injector:83 org.matsim.analysis.TravelDistanceStats 
2018-06-01 06:11:30,388  INFO Injector:84   --&gt; provider: com.google.inject.internal.ConstructorBindingImpl$Factory@71d99732[Scopes.SINGLETON]
2018-06-01 06:11:30,388  INFO Injector:85   --&gt; source: org.matsim.analysis.TravelDistanceStatsModule.install(TravelDistanceStatsModule.java:10)
2018-06-01 06:11:30,388  INFO Injector:87   --&gt; scope: eager singleton
2018-06-01 06:11:30,388  INFO Injector:91 
2018-06-01 06:11:30,388  INFO Injector:83 org.matsim.analysis.ScoreStatsControlerListener 
2018-06-01 06:11:30,389  INFO Injector:84   --&gt; provider: com.google.inject.internal.ConstructorBindingImpl$Factory@727dcc64[Scopes.SINGLETON]
2018-06-01 06:11:30,389  INFO Injector:85   --&gt; source: org.matsim.analysis.ScoreStatsModule.install(ScoreStatsModule.java:31)
2018-06-01 06:11:30,389  INFO Injector:87   --&gt; scope: Scopes.SINGLETON
2018-06-01 06:11:30,389  INFO Injector:91 
2018-06-01 06:11:30,389  INFO Injector:83 org.matsim.analysis.ModeStatsControlerListener 
2018-06-01 06:11:30,390  INFO Injector:84   --&gt; provider: com.google.inject.internal.ConstructorBindingImpl$Factory@35454c7a[Scopes.SINGLETON]
2018-06-01 06:11:30,390  INFO Injector:85   --&gt; source: org.matsim.analysis.ModeStatsModule.install(ModeStatsModule.java:31)
2018-06-01 06:11:30,390  INFO Injector:87   --&gt; scope: Scopes.SINGLETON
2018-06-01 06:11:30,390  INFO Injector:91 
2018-06-01 06:11:30,390  INFO Injector:83 org.matsim.counts.CountsModule$CountsInitializer 
2018-06-01 06:11:30,391  INFO Injector:84   --&gt; provider: com.google.inject.internal.ConstructorBindingImpl$Factory@5c997de8[Scopes.SINGLETON]
2018-06-01 06:11:30,391  INFO Injector:85   --&gt; source: org.matsim.counts.CountsModule.install(CountsModule.java:43)
2018-06-01 06:11:30,391  INFO Injector:87   --&gt; scope: eager singleton
2018-06-01 06:11:30,391  INFO Injector:91 
2018-06-01 06:11:30,396  INFO ControlerListenerManagerImpl:107 calling notifyStartup on org.matsim.counts.CountsControlerListener
2018-06-01 06:11:30,397  INFO ControlerListenerManagerImpl:107 calling notifyStartup on org.matsim.analysis.ModeStatsControlerListener
2018-06-01 06:11:30,397  INFO NetworkImpl:156  node # 1
2018-06-01 06:11:30,398  INFO NetworkImpl:156  node # 2
2018-06-01 06:11:30,398  INFO NetworkImpl:156  node # 4
2018-06-01 06:11:30,398  INFO NetworkImpl:156  node # 8
2018-06-01 06:11:30,398  INFO NetworkImpl:156  node # 16
2018-06-01 06:11:30,399  INFO NetworkImpl:156  node # 32
2018-06-01 06:11:30,399  INFO NetworkImpl:156  node # 64
2018-06-01 06:11:30,399  INFO NetworkImpl:152  link # 1
2018-06-01 06:11:30,399  INFO NetworkImpl:152  link # 2
2018-06-01 06:11:30,400  INFO NetworkImpl:152  link # 4
2018-06-01 06:11:30,400  INFO NetworkImpl:152  link # 8
2018-06-01 06:11:30,400  INFO NetworkImpl:152  link # 16
2018-06-01 06:11:30,400  INFO NetworkImpl:152  link # 32
2018-06-01 06:11:30,401  INFO NetworkImpl:152  link # 64
2018-06-01 06:11:30,401  INFO NetworkImpl:152  link # 128
2018-06-01 06:11:30,402  INFO NetworkImpl:152  link # 256
2018-06-01 06:11:30,403  INFO ControlerListenerManagerImpl:107 calling notifyStartup on org.matsim.analysis.ScoreStatsControlerListener
2018-06-01 06:11:30,403  INFO ControlerListenerManagerImpl:110 all ControlerStartupListeners called.
2018-06-01 06:11:30,403  INFO ControlerUtils:58 config dump before iterations start
2018-06-01 06:11:30,403  INFO Config:563 setting context to [file:/root/workspace/idsc-frazzoli/amodeus/386486391/]
2018-06-01 06:11:30,409  INFO ControlerUtils:62 

&lt;?xml version=&quot;1.0&quot; encoding=&quot;UTF-8&quot;?&gt;
&lt;!DOCTYPE config SYSTEM &quot;http://www.matsim.org/files/dtd/config_v2.dtd&quot;&gt;
&lt;config&gt;

&lt;!-- ====================================================================== --&gt;

	&lt;module name=&quot;JDEQSim&quot; &gt;
		&lt;param name=&quot;carSize&quot; value=&quot;7.5&quot; /&gt;
		&lt;param name=&quot;endTime&quot; value=&quot;undefined&quot; /&gt;
		&lt;param name=&quot;flowCapacityFactor&quot; value=&quot;1.0&quot; /&gt;
		&lt;param name=&quot;gapTravelSpeed&quot; value=&quot;15.0&quot; /&gt;
		&lt;param name=&quot;minimumInFlowCapacity&quot; value=&quot;1800.0&quot; /&gt;
		&lt;param name=&quot;squeezeTime&quot; value=&quot;1800.0&quot; /&gt;
		&lt;param name=&quot;storageCapacityFactor&quot; value=&quot;1.0&quot; /&gt;
	&lt;/module&gt;

&lt;!-- ====================================================================== --&gt;

	&lt;module name=&quot;TimeAllocationMutator&quot; &gt;

		&lt;!-- Default:true; Defines whether time mutation changes an activity&apos;s duration. --&gt;
		&lt;param name=&quot;mutationAffectsDuration&quot; value=&quot;true&quot; /&gt;

		&lt;!-- Default:1800.0; Defines how many seconds a time mutation can maximally shift a time. --&gt;
		&lt;param name=&quot;mutationRange&quot; value=&quot;1800.0&quot; /&gt;

		&lt;!-- false; Use individual settings for each subpopulation. If enabled but no settings are found, regular settings are uses as fallback. --&gt;
		&lt;param name=&quot;useIndividualSettingsForSubpopulations&quot; value=&quot;false&quot; /&gt;
	&lt;/module&gt;

&lt;!-- ====================================================================== --&gt;

	&lt;module name=&quot;av&quot; &gt;
		&lt;param name=&quot;config&quot; value=&quot;null&quot; /&gt;
		&lt;param name=&quot;parallelRouters&quot; value=&quot;4&quot; /&gt;
	&lt;/module&gt;

&lt;!-- ====================================================================== --&gt;

&lt;!-- ====================================================================== --&gt;

	&lt;module name=&quot;changeMode&quot; &gt;
		&lt;param name=&quot;ignoreCarAvailability&quot; value=&quot;true&quot; /&gt;
		&lt;param name=&quot;modes&quot; value=&quot;car,pt&quot; /&gt;
	&lt;/module&gt;

&lt;!-- ====================================================================== --&gt;

	&lt;module name=&quot;controler&quot; &gt;

		&lt;!-- Sets whether graphs showing some analyses should automatically be generated during the simulation. The generation of graphs usually takes a small amount of time that does not have any weight in big simulations, but add a significant overhead in smaller runs or in test cases where the graphical output is not even requested. --&gt;
		&lt;param name=&quot;createGraphs&quot; value=&quot;false&quot; /&gt;

		&lt;!-- true if at the end of a run, plans, network, config etc should be dumped to a file --&gt;
		&lt;param name=&quot;dumpDataAtEnd&quot; value=&quot;false&quot; /&gt;

		&lt;!-- Default=false. If enabled, the router takes travel times needed for turning moves into account. Cannot be used if the (Fast)AStarLandmarks routing or TravelTimeCalculator.separateModes is enabled. --&gt;
		&lt;param name=&quot;enableLinkToLinkRouting&quot; value=&quot;false&quot; /&gt;

		&lt;!-- Default=xml; Specifies the file format for writing events. Currently supported: xml.
		Multiple values can be specified separated by commas (&apos;,&apos;). --&gt;
		&lt;param name=&quot;eventsFileFormat&quot; value=&quot;xml&quot; /&gt;

		&lt;!-- Default=0;  --&gt;
		&lt;param name=&quot;firstIteration&quot; value=&quot;0&quot; /&gt;

		&lt;!-- Default=1000;  --&gt;
		&lt;param name=&quot;lastIteration&quot; value=&quot;0&quot; /&gt;

		&lt;!-- Defines which mobility simulation will be used. Currently supported: qsim JDEQSim 
		Depending on the chosen mobsim, you&apos;ll have to add additional config modules to configure the corresponding mobsim.
		For &apos;qsim&apos;, add a module &apos;qsim&apos; to the config. --&gt;
		&lt;param name=&quot;mobsim&quot; value=&quot;qsim&quot; /&gt;

		&lt;param name=&quot;outputDirectory&quot; value=&quot;./output&quot; /&gt;

		&lt;!-- Possible values: failIfDirectoryExists, overwriteExistingFiles, deleteDirectoryIfExists --&gt;
		&lt;param name=&quot;overwriteFiles&quot; value=&quot;deleteDirectoryIfExists&quot; /&gt;

		&lt;!-- The type of routing (least cost path) algorithm used, may have the values: Dijkstra, FastDijkstra, AStarLandmarks or FastAStarLandmarks --&gt;
		&lt;param name=&quot;routingAlgorithmType&quot; value=&quot;Dijkstra&quot; /&gt;

		&lt;!-- An identifier for the current run which is used as prefix for output files and mentioned in output xml files etc. --&gt;
		&lt;param name=&quot;runId&quot; value=&quot;null&quot; /&gt;

		&lt;!-- Comma-separated list of visualizer output file formats. `transims&apos;, `googleearth&apos;, and `otfvis&apos;. --&gt;
		&lt;param name=&quot;snapshotFormat&quot; value=&quot;&quot; /&gt;

		&lt;!-- iterationNumber % writeEventsInterval == 0 defines in which iterations events are written to a file. `0&apos; disables events writing completely. --&gt;
		&lt;param name=&quot;writeEventsInterval&quot; value=&quot;-1&quot; /&gt;

		&lt;!-- iterationNumber % writePlansInterval == 0 defines (hopefully) in which iterations plans are written to a file. `0&apos; disables plans writing completely.  Some plans in early iterations are always written --&gt;
		&lt;param name=&quot;writePlansInterval&quot; value=&quot;-1&quot; /&gt;

		&lt;!-- iterationNumber % writeSnapshotsInterval == 0 defines in which iterations snapshots are written to a file. `0&apos; disables snapshots writing completely --&gt;
		&lt;param name=&quot;writeSnapshotsInterval&quot; value=&quot;-1&quot; /&gt;
	&lt;/module&gt;

&lt;!-- ====================================================================== --&gt;

	&lt;module name=&quot;counts&quot; &gt;

		&lt;!-- Transport modes that will be respected for the counts comparison. &apos;car&apos; is default, which includes also bussed from the pt simulation module. Use this parameter in combination with &apos;filterModes&apos; = true! --&gt;
		&lt;param name=&quot;analyzedModes&quot; value=&quot;car&quot; /&gt;

		&lt;!-- Specifies over how many iterations the link volumes should be averaged that are used for the counts comparison. Use 1 or 0 to only use the link volumes of a single iteration. This values cannot be larger than the value specified for writeCountsInterval --&gt;
		&lt;param name=&quot;averageCountsOverIterations&quot; value=&quot;5&quot; /&gt;

		&lt;!-- factor by which to re-scale the simulated values.  necessary when simulation runs with something different from 100%.  needs to be adapted manually --&gt;
		&lt;param name=&quot;countsScaleFactor&quot; value=&quot;1.0&quot; /&gt;

		&lt;!-- distance to distanceFilterCenterNode to include counting stations. The unit of distance is the Euclidean distance implied by the coordinate system --&gt;
		&lt;param name=&quot;distanceFilter&quot; value=&quot;null&quot; /&gt;

		&lt;!-- node id for center node of distance filter --&gt;
		&lt;param name=&quot;distanceFilterCenterNode&quot; value=&quot;null&quot; /&gt;

		&lt;!-- If true, link counts from legs performed on modes not included in the &apos;analyzedModes&apos; parameter are ignored. --&gt;
		&lt;param name=&quot;filterModes&quot; value=&quot;false&quot; /&gt;

		&lt;!-- The Coordinates Reference System in which the coordinates are expressed in the input file. At import, the coordinates will be converted to the coordinate system defined in &quot;global&quot;, and willbe converted back at export. If not specified, no conversion happens. --&gt;
		&lt;param name=&quot;inputCRS&quot; value=&quot;null&quot; /&gt;

		&lt;!-- input file name to counts package --&gt;
		&lt;param name=&quot;inputCountsFile&quot; value=&quot;null&quot; /&gt;

		&lt;!-- possible values: `html&apos;, `kml&apos;, `txt&apos;, `all&apos; --&gt;
		&lt;param name=&quot;outputformat&quot; value=&quot;txt&quot; /&gt;

		&lt;!-- Specifies how often the counts comparison should be calculated and written. --&gt;
		&lt;param name=&quot;writeCountsInterval&quot; value=&quot;10&quot; /&gt;
	&lt;/module&gt;

&lt;!-- ====================================================================== --&gt;

	&lt;module name=&quot;dvrp&quot; &gt;

		&lt;!-- Mode which will be handled by PassengerEngine and VrpOptimizer (passengers&apos;/customers&apos; perspective) --&gt;
		&lt;param name=&quot;mode&quot; value=&quot;null&quot; /&gt;

		&lt;!-- Mode of which the network will be used for routing vehicles, calculating trave times, etc. (fleet operator&apos;s perspective). Default is car. --&gt;
		&lt;param name=&quot;networkMode&quot; value=&quot;car&quot; /&gt;

		&lt;!-- Used for estimation of travel times for VrpOptimizer by means of the exponential moving average. The weighting decrease, alpha, must be in (0,1]. We suggest small values of alpha, e.g. 0.05. The averaging starts from the initial travel time estimates. If not provided, the free-speed TTs is used as the initial estimates For more info see comments in: VrpTravelTimeEstimator, VrpTravelTimeModules, DvrpModule. --&gt;
		&lt;param name=&quot;travelTimeEstimationAlpha&quot; value=&quot;0.05&quot; /&gt;
	&lt;/module&gt;

&lt;!-- ====================================================================== --&gt;

	&lt;module name=&quot;facilities&quot; &gt;

		&lt;!-- The Coordinates Reference System in which the coordinates are expressed in the input file. At import, the coordinates will be converted to the coordinate system defined in &quot;global&quot;, and willbe converted back at export. If not specified, no conversion happens. --&gt;
		&lt;param name=&quot;inputCRS&quot; value=&quot;null&quot; /&gt;

		&lt;param name=&quot;inputFacilitiesFile&quot; value=&quot;null&quot; /&gt;
		&lt;param name=&quot;inputFacilityAttributesFile&quot; value=&quot;null&quot; /&gt;
	&lt;/module&gt;

&lt;!-- ====================================================================== --&gt;

	&lt;module name=&quot;global&quot; &gt;
		&lt;param name=&quot;coordinateSystem&quot; value=&quot;Atlantis&quot; /&gt;

		&lt;!-- &quot;global&quot; number of threads.  This number is used, e.g., for replanning, but NOT in the mobsim.  This can typically be set to as many cores as you have available, or possibly even slightly more. --&gt;
		&lt;param name=&quot;numberOfThreads&quot; value=&quot;2&quot; /&gt;

		&lt;param name=&quot;randomSeed&quot; value=&quot;4711&quot; /&gt;
	&lt;/module&gt;

&lt;!-- ====================================================================== --&gt;

	&lt;module name=&quot;households&quot; &gt;
		&lt;param name=&quot;inputFile&quot; value=&quot;null&quot; /&gt;
		&lt;param name=&quot;inputHouseholdAttributesFile&quot; value=&quot;null&quot; /&gt;
	&lt;/module&gt;

&lt;!-- ====================================================================== --&gt;

	&lt;module name=&quot;linkStats&quot; &gt;

		&lt;!-- Specifies over how many iterations the link volumes should be averaged that are used for the link statistics. Use 1 or 0 to only use the link volumes of a single iteration. This values cannot be larger than the value specified for writeLinkStatsInterval --&gt;
		&lt;param name=&quot;averageLinkStatsOverIterations&quot; value=&quot;5&quot; /&gt;

		&lt;!-- Specifies how often the link stats should be calculated and written. Use 0 to disable the generation of link stats. --&gt;
		&lt;param name=&quot;writeLinkStatsInterval&quot; value=&quot;10&quot; /&gt;
	&lt;/module&gt;

&lt;!-- ====================================================================== --&gt;

	&lt;module name=&quot;network&quot; &gt;

		&lt;!-- The Coordinates Reference System in which the coordinates are expressed in the input file. At import, the coordinates will be converted to the coordinate system defined in &quot;global&quot;, and willbe converted back at export. If not specified, no conversion happens. --&gt;
		&lt;param name=&quot;inputCRS&quot; value=&quot;null&quot; /&gt;

		&lt;param name=&quot;inputChangeEventsFile&quot; value=&quot;null&quot; /&gt;
		&lt;param name=&quot;inputNetworkFile&quot; value=&quot;null&quot; /&gt;
		&lt;param name=&quot;laneDefinitionsFile&quot; value=&quot;null&quot; /&gt;
		&lt;param name=&quot;timeVariantNetwork&quot; value=&quot;false&quot; /&gt;
	&lt;/module&gt;

&lt;!-- ====================================================================== --&gt;

	&lt;module name=&quot;parallelEventHandling&quot; &gt;

		&lt;!-- Estimated number of events during mobsim run. An optional optimization hint for the framework. --&gt;
		&lt;param name=&quot;estimatedNumberOfEvents&quot; value=&quot;null&quot; /&gt;

		&lt;!-- Number of threads for parallel events handler. 0 or null means the framework decides by itself. --&gt;
		&lt;param name=&quot;numberOfThreads&quot; value=&quot;null&quot; /&gt;

		&lt;!-- If enabled, each event handler is assigned to its own thread. Note that enabling this feature disabled the numberOfThreads option! This feature is still experimental! --&gt;
		&lt;param name=&quot;oneThreadPerHandler&quot; value=&quot;false&quot; /&gt;

		&lt;!-- If enabled, it is ensured that all events that are created during a time step of the mobility simulation are processed before the next time step is simulated. E.g. neccessary when within-day replanning is used. --&gt;
		&lt;param name=&quot;synchronizeOnSimSteps&quot; value=&quot;true&quot; /&gt;
	&lt;/module&gt;

&lt;!-- ====================================================================== --&gt;

	&lt;module name=&quot;planCalcScore&quot; &gt;

		&lt;!-- logit model scale parameter. default: 1.  Has name and default value for historical reasons (see Bryan Raney&apos;s phd thesis). --&gt;
		&lt;param name=&quot;BrainExpBeta&quot; value=&quot;1.0&quot; /&gt;

		&lt;param name=&quot;PathSizeLogitBeta&quot; value=&quot;1.0&quot; /&gt;

		&lt;!-- fraction of iterations at which MSA score averaging is started. The matsim theory department suggests to use this together with switching off choice set innovation (where a similar switch exists), but it has not been tested yet. --&gt;
		&lt;param name=&quot;fractionOfIterationsToStartScoreMSA&quot; value=&quot;null&quot; /&gt;

		&lt;!-- new_score = (1-learningRate)*old_score + learningRate * score_from_mobsim.  learning rates close to zero emulate score averaging, but slow down initial convergence --&gt;
		&lt;param name=&quot;learningRate&quot; value=&quot;1.0&quot; /&gt;

		&lt;!-- There used to be a plateau between duration=0 and duration=zeroUtilityDuration. This caused durations to evolve to zero once they were below zeroUtilityDuration, causing problems.  Only use this switch if you need to be backwards compatible with some old results.  (changed nov&apos;13) --&gt;
		&lt;param name=&quot;usingOldScoringBelowZeroUtilityDuration&quot; value=&quot;false&quot; /&gt;

		&lt;!-- write a plans file in each iteration directory which contains what each agent actually did, and the score it received. --&gt;
		&lt;param name=&quot;writeExperiencedPlans&quot; value=&quot;false&quot; /&gt;

		&lt;parameterset type=&quot;scoringParameters&quot; &gt;
			&lt;param name=&quot;earlyDeparture&quot; value=&quot;-0.0&quot; /&gt;
			&lt;param name=&quot;lateArrival&quot; value=&quot;-18.0&quot; /&gt;
			&lt;param name=&quot;marginalUtilityOfMoney&quot; value=&quot;1.0&quot; /&gt;
			&lt;param name=&quot;performing&quot; value=&quot;6.0&quot; /&gt;
			&lt;param name=&quot;subpopulation&quot; value=&quot;null&quot; /&gt;
			&lt;param name=&quot;utilityOfLineSwitch&quot; value=&quot;-1.0&quot; /&gt;
			&lt;param name=&quot;waiting&quot; value=&quot;-0.0&quot; /&gt;
			&lt;param name=&quot;waitingPt&quot; value=&quot;-6.0&quot; /&gt;

			&lt;parameterset type=&quot;activityParams&quot; &gt;
				&lt;param name=&quot;activityType&quot; value=&quot;dummy&quot; /&gt;
				&lt;param name=&quot;closingTime&quot; value=&quot;undefined&quot; /&gt;
				&lt;param name=&quot;earliestEndTime&quot; value=&quot;undefined&quot; /&gt;
				&lt;param name=&quot;latestStartTime&quot; value=&quot;undefined&quot; /&gt;
				&lt;param name=&quot;minimalDuration&quot; value=&quot;undefined&quot; /&gt;
				&lt;param name=&quot;openingTime&quot; value=&quot;undefined&quot; /&gt;
				&lt;param name=&quot;priority&quot; value=&quot;1.0&quot; /&gt;
				&lt;param name=&quot;scoringThisActivityAtAll&quot; value=&quot;true&quot; /&gt;

				&lt;!-- typical duration of activity.  needs to be defined and non-zero.  in sec. --&gt;
				&lt;param name=&quot;typicalDuration&quot; value=&quot;02:00:00&quot; /&gt;

				&lt;!-- method to compute score at typical duration.  Options: | uniform | relative | Use uniform for backwards compatibility (all activities same score; higher proba to drop long acts). --&gt;
				&lt;param name=&quot;typicalDurationScoreComputation&quot; value=&quot;relative&quot; /&gt;
			&lt;/parameterset&gt;

			&lt;parameterset type=&quot;activityParams&quot; &gt;
				&lt;param name=&quot;activityType&quot; value=&quot;car interaction&quot; /&gt;
				&lt;param name=&quot;closingTime&quot; value=&quot;undefined&quot; /&gt;
				&lt;param name=&quot;earliestEndTime&quot; value=&quot;undefined&quot; /&gt;
				&lt;param name=&quot;latestStartTime&quot; value=&quot;undefined&quot; /&gt;
				&lt;param name=&quot;minimalDuration&quot; value=&quot;undefined&quot; /&gt;
				&lt;param name=&quot;openingTime&quot; value=&quot;undefined&quot; /&gt;
				&lt;param name=&quot;priority&quot; value=&quot;1.0&quot; /&gt;
				&lt;param name=&quot;scoringThisActivityAtAll&quot; value=&quot;false&quot; /&gt;

				&lt;!-- typical duration of activity.  needs to be defined and non-zero.  in sec. --&gt;
				&lt;param name=&quot;typicalDuration&quot; value=&quot;undefined&quot; /&gt;

				&lt;!-- method to compute score at typical duration.  Options: | uniform | relative | Use uniform for backwards compatibility (all activities same score; higher proba to drop long acts). --&gt;
				&lt;param name=&quot;typicalDurationScoreComputation&quot; value=&quot;relative&quot; /&gt;
			&lt;/parameterset&gt;

			&lt;parameterset type=&quot;activityParams&quot; &gt;
				&lt;param name=&quot;activityType&quot; value=&quot;pt interaction&quot; /&gt;
				&lt;param name=&quot;closingTime&quot; value=&quot;undefined&quot; /&gt;
				&lt;param name=&quot;earliestEndTime&quot; value=&quot;undefined&quot; /&gt;
				&lt;param name=&quot;latestStartTime&quot; value=&quot;undefined&quot; /&gt;
				&lt;param name=&quot;minimalDuration&quot; value=&quot;undefined&quot; /&gt;
				&lt;param name=&quot;openingTime&quot; value=&quot;undefined&quot; /&gt;
				&lt;param name=&quot;priority&quot; value=&quot;1.0&quot; /&gt;
				&lt;param name=&quot;scoringThisActivityAtAll&quot; value=&quot;false&quot; /&gt;

				&lt;!-- typical duration of activity.  needs to be defined and non-zero.  in sec. --&gt;
				&lt;param name=&quot;typicalDuration&quot; value=&quot;undefined&quot; /&gt;

				&lt;!-- method to compute score at typical duration.  Options: | uniform | relative | Use uniform for backwards compatibility (all activities same score; higher proba to drop long acts). --&gt;
				&lt;param name=&quot;typicalDurationScoreComputation&quot; value=&quot;relative&quot; /&gt;
			&lt;/parameterset&gt;

			&lt;parameterset type=&quot;activityParams&quot; &gt;
				&lt;param name=&quot;activityType&quot; value=&quot;bike interaction&quot; /&gt;
				&lt;param name=&quot;closingTime&quot; value=&quot;undefined&quot; /&gt;
				&lt;param name=&quot;earliestEndTime&quot; value=&quot;undefined&quot; /&gt;
				&lt;param name=&quot;latestStartTime&quot; value=&quot;undefined&quot; /&gt;
				&lt;param name=&quot;minimalDuration&quot; value=&quot;undefined&quot; /&gt;
				&lt;param name=&quot;openingTime&quot; value=&quot;undefined&quot; /&gt;
				&lt;param name=&quot;priority&quot; value=&quot;1.0&quot; /&gt;
				&lt;param name=&quot;scoringThisActivityAtAll&quot; value=&quot;false&quot; /&gt;

				&lt;!-- typical duration of activity.  needs to be defined and non-zero.  in sec. --&gt;
				&lt;param name=&quot;typicalDuration&quot; value=&quot;undefined&quot; /&gt;

				&lt;!-- method to compute score at typical duration.  Options: | uniform | relative | Use uniform for backwards compatibility (all activities same score; higher proba to drop long acts). --&gt;
				&lt;param name=&quot;typicalDurationScoreComputation&quot; value=&quot;relative&quot; /&gt;
			&lt;/parameterset&gt;

			&lt;parameterset type=&quot;activityParams&quot; &gt;
				&lt;param name=&quot;activityType&quot; value=&quot;other interaction&quot; /&gt;
				&lt;param name=&quot;closingTime&quot; value=&quot;undefined&quot; /&gt;
				&lt;param name=&quot;earliestEndTime&quot; value=&quot;undefined&quot; /&gt;
				&lt;param name=&quot;latestStartTime&quot; value=&quot;undefined&quot; /&gt;
				&lt;param name=&quot;minimalDuration&quot; value=&quot;undefined&quot; /&gt;
				&lt;param name=&quot;openingTime&quot; value=&quot;undefined&quot; /&gt;
				&lt;param name=&quot;priority&quot; value=&quot;1.0&quot; /&gt;
				&lt;param name=&quot;scoringThisActivityAtAll&quot; value=&quot;false&quot; /&gt;

				&lt;!-- typical duration of activity.  needs to be defined and non-zero.  in sec. --&gt;
				&lt;param name=&quot;typicalDuration&quot; value=&quot;undefined&quot; /&gt;

				&lt;!-- method to compute score at typical duration.  Options: | uniform | relative | Use uniform for backwards compatibility (all activities same score; higher proba to drop long acts). --&gt;
				&lt;param name=&quot;typicalDurationScoreComputation&quot; value=&quot;relative&quot; /&gt;
			&lt;/parameterset&gt;

			&lt;parameterset type=&quot;activityParams&quot; &gt;
				&lt;param name=&quot;activityType&quot; value=&quot;walk interaction&quot; /&gt;
				&lt;param name=&quot;closingTime&quot; value=&quot;undefined&quot; /&gt;
				&lt;param name=&quot;earliestEndTime&quot; value=&quot;undefined&quot; /&gt;
				&lt;param name=&quot;latestStartTime&quot; value=&quot;undefined&quot; /&gt;
				&lt;param name=&quot;minimalDuration&quot; value=&quot;undefined&quot; /&gt;
				&lt;param name=&quot;openingTime&quot; value=&quot;undefined&quot; /&gt;
				&lt;param name=&quot;priority&quot; value=&quot;1.0&quot; /&gt;
				&lt;param name=&quot;scoringThisActivityAtAll&quot; value=&quot;false&quot; /&gt;

				&lt;!-- typical duration of activity.  needs to be defined and non-zero.  in sec. --&gt;
				&lt;param name=&quot;typicalDuration&quot; value=&quot;undefined&quot; /&gt;

				&lt;!-- method to compute score at typical duration.  Options: | uniform | relative | Use uniform for backwards compatibility (all activities same score; higher proba to drop long acts). --&gt;
				&lt;param name=&quot;typicalDurationScoreComputation&quot; value=&quot;relative&quot; /&gt;
			&lt;/parameterset&gt;

			&lt;parameterset type=&quot;activityParams&quot; &gt;
				&lt;param name=&quot;activityType&quot; value=&quot;activity&quot; /&gt;
				&lt;param name=&quot;closingTime&quot; value=&quot;undefined&quot; /&gt;
				&lt;param name=&quot;earliestEndTime&quot; value=&quot;undefined&quot; /&gt;
				&lt;param name=&quot;latestStartTime&quot; value=&quot;undefined&quot; /&gt;
				&lt;param name=&quot;minimalDuration&quot; value=&quot;undefined&quot; /&gt;
				&lt;param name=&quot;openingTime&quot; value=&quot;undefined&quot; /&gt;
				&lt;param name=&quot;priority&quot; value=&quot;1.0&quot; /&gt;
				&lt;param name=&quot;scoringThisActivityAtAll&quot; value=&quot;false&quot; /&gt;

				&lt;!-- typical duration of activity.  needs to be defined and non-zero.  in sec. --&gt;
				&lt;param name=&quot;typicalDuration&quot; value=&quot;undefined&quot; /&gt;

				&lt;!-- method to compute score at typical duration.  Options: | uniform | relative | Use uniform for backwards compatibility (all activities same score; higher proba to drop long acts). --&gt;
				&lt;param name=&quot;typicalDurationScoreComputation&quot; value=&quot;relative&quot; /&gt;
			&lt;/parameterset&gt;

			&lt;parameterset type=&quot;modeParams&quot; &gt;

				&lt;!-- [utils] alternative-specific constant.  no guarantee that this is used anywhere. default=0 to be backwards compatible for the time being --&gt;
				&lt;param name=&quot;constant&quot; value=&quot;0.0&quot; /&gt;

				&lt;!-- [utils/m] utility of walking per m, normally negative.  this is on top of the time (dis)utility. --&gt;
				&lt;param name=&quot;marginalUtilityOfDistance_util_m&quot; value=&quot;0.0&quot; /&gt;

				&lt;!-- [utils/hr] additional marginal utility of traveling.  normally negative.  this comes on top of the opportunity cost of time --&gt;
				&lt;param name=&quot;marginalUtilityOfTraveling_util_hr&quot; value=&quot;-6.0&quot; /&gt;

				&lt;param name=&quot;mode&quot; value=&quot;car&quot; /&gt;

				&lt;!-- [unit_of_money/m] conversion of distance into money. Normally negative. --&gt;
				&lt;param name=&quot;monetaryDistanceRate&quot; value=&quot;0.0&quot; /&gt;
			&lt;/parameterset&gt;

			&lt;parameterset type=&quot;modeParams&quot; &gt;

				&lt;!-- [utils] alternative-specific constant.  no guarantee that this is used anywhere. default=0 to be backwards compatible for the time being --&gt;
				&lt;param name=&quot;constant&quot; value=&quot;0.0&quot; /&gt;

				&lt;!-- [utils/m] utility of walking per m, normally negative.  this is on top of the time (dis)utility. --&gt;
				&lt;param name=&quot;marginalUtilityOfDistance_util_m&quot; value=&quot;0.0&quot; /&gt;

				&lt;!-- [utils/hr] additional marginal utility of traveling.  normally negative.  this comes on top of the opportunity cost of time --&gt;
				&lt;param name=&quot;marginalUtilityOfTraveling_util_hr&quot; value=&quot;-6.0&quot; /&gt;

				&lt;param name=&quot;mode&quot; value=&quot;pt&quot; /&gt;

				&lt;!-- [unit_of_money/m] conversion of distance into money. Normally negative. --&gt;
				&lt;param name=&quot;monetaryDistanceRate&quot; value=&quot;0.0&quot; /&gt;
			&lt;/parameterset&gt;

			&lt;parameterset type=&quot;modeParams&quot; &gt;

				&lt;!-- [utils] alternative-specific constant.  no guarantee that this is used anywhere. default=0 to be backwards compatible for the time being --&gt;
				&lt;param name=&quot;constant&quot; value=&quot;0.0&quot; /&gt;

				&lt;!-- [utils/m] utility of walking per m, normally negative.  this is on top of the time (dis)utility. --&gt;
				&lt;param name=&quot;marginalUtilityOfDistance_util_m&quot; value=&quot;0.0&quot; /&gt;

				&lt;!-- [utils/hr] additional marginal utility of traveling.  normally negative.  this comes on top of the opportunity cost of time --&gt;
				&lt;param name=&quot;marginalUtilityOfTraveling_util_hr&quot; value=&quot;-6.0&quot; /&gt;

				&lt;param name=&quot;mode&quot; value=&quot;walk&quot; /&gt;

				&lt;!-- [unit_of_money/m] conversion of distance into money. Normally negative. --&gt;
				&lt;param name=&quot;monetaryDistanceRate&quot; value=&quot;0.0&quot; /&gt;
			&lt;/parameterset&gt;

			&lt;parameterset type=&quot;modeParams&quot; &gt;

				&lt;!-- [utils] alternative-specific constant.  no guarantee that this is used anywhere. default=0 to be backwards compatible for the time being --&gt;
				&lt;param name=&quot;constant&quot; value=&quot;0.0&quot; /&gt;

				&lt;!-- [utils/m] utility of walking per m, normally negative.  this is on top of the time (dis)utility. --&gt;
				&lt;param name=&quot;marginalUtilityOfDistance_util_m&quot; value=&quot;0.0&quot; /&gt;

				&lt;!-- [utils/hr] additional marginal utility of traveling.  normally negative.  this comes on top of the opportunity cost of time --&gt;
				&lt;param name=&quot;marginalUtilityOfTraveling_util_hr&quot; value=&quot;-6.0&quot; /&gt;

				&lt;param name=&quot;mode&quot; value=&quot;bike&quot; /&gt;

				&lt;!-- [unit_of_money/m] conversion of distance into money. Normally negative. --&gt;
				&lt;param name=&quot;monetaryDistanceRate&quot; value=&quot;0.0&quot; /&gt;
			&lt;/parameterset&gt;

			&lt;parameterset type=&quot;modeParams&quot; &gt;

				&lt;!-- [utils] alternative-specific constant.  no guarantee that this is used anywhere. default=0 to be backwards compatible for the time being --&gt;
				&lt;param name=&quot;constant&quot; value=&quot;0.0&quot; /&gt;

				&lt;!-- [utils/m] utility of walking per m, normally negative.  this is on top of the time (dis)utility. --&gt;
				&lt;param name=&quot;marginalUtilityOfDistance_util_m&quot; value=&quot;0.0&quot; /&gt;

				&lt;!-- [utils/hr] additional marginal utility of traveling.  normally negative.  this comes on top of the opportunity cost of time --&gt;
				&lt;param name=&quot;marginalUtilityOfTraveling_util_hr&quot; value=&quot;-6.0&quot; /&gt;

				&lt;param name=&quot;mode&quot; value=&quot;ride&quot; /&gt;

				&lt;!-- [unit_of_money/m] conversion of distance into money. Normally negative. --&gt;
				&lt;param name=&quot;monetaryDistanceRate&quot; value=&quot;0.0&quot; /&gt;
			&lt;/parameterset&gt;

			&lt;parameterset type=&quot;modeParams&quot; &gt;

				&lt;!-- [utils] alternative-specific constant.  no guarantee that this is used anywhere. default=0 to be backwards compatible for the time being --&gt;
				&lt;param name=&quot;constant&quot; value=&quot;0.0&quot; /&gt;

				&lt;!-- [utils/m] utility of walking per m, normally negative.  this is on top of the time (dis)utility. --&gt;
				&lt;param name=&quot;marginalUtilityOfDistance_util_m&quot; value=&quot;0.0&quot; /&gt;

				&lt;!-- [utils/hr] additional marginal utility of traveling.  normally negative.  this comes on top of the opportunity cost of time --&gt;
				&lt;param name=&quot;marginalUtilityOfTraveling_util_hr&quot; value=&quot;-6.0&quot; /&gt;

				&lt;param name=&quot;mode&quot; value=&quot;other&quot; /&gt;

				&lt;!-- [unit_of_money/m] conversion of distance into money. Normally negative. --&gt;
				&lt;param name=&quot;monetaryDistanceRate&quot; value=&quot;0.0&quot; /&gt;
			&lt;/parameterset&gt;

			&lt;parameterset type=&quot;modeParams&quot; &gt;

				&lt;!-- [utils] alternative-specific constant.  no guarantee that this is used anywhere. default=0 to be backwards compatible for the time being --&gt;
				&lt;param name=&quot;constant&quot; value=&quot;0.0&quot; /&gt;

				&lt;!-- [utils/m] utility of walking per m, normally negative.  this is on top of the time (dis)utility. --&gt;
				&lt;param name=&quot;marginalUtilityOfDistance_util_m&quot; value=&quot;0.0&quot; /&gt;

				&lt;!-- [utils/hr] additional marginal utility of traveling.  normally negative.  this comes on top of the opportunity cost of time --&gt;
				&lt;param name=&quot;marginalUtilityOfTraveling_util_hr&quot; value=&quot;8.86&quot; /&gt;

				&lt;param name=&quot;mode&quot; value=&quot;av&quot; /&gt;

				&lt;!-- [unit_of_money/m] conversion of distance into money. Normally negative. --&gt;
				&lt;param name=&quot;monetaryDistanceRate&quot; value=&quot;0.0&quot; /&gt;
			&lt;/parameterset&gt;
		&lt;/parameterset&gt;
	&lt;/module&gt;

&lt;!-- ====================================================================== --&gt;

	&lt;module name=&quot;plans&quot; &gt;

		&lt;!-- String: minOfDurationAndEndTime tryEndTimeThenDuration endTimeOnly. Anything besides minOfDurationAndEndTime will internally use a different (simpler) version of the TimeAllocationMutator. --&gt;
		&lt;param name=&quot;activityDurationInterpretation&quot; value=&quot;tryEndTimeThenDuration&quot; /&gt;

		&lt;!-- The Coordinates Reference System in which the coordinates are expressed in the input file. At import, the coordinates will be converted to the coordinate system defined in &quot;global&quot;, and willbe converted back at export. If not specified, no conversion happens. --&gt;
		&lt;param name=&quot;inputCRS&quot; value=&quot;null&quot; /&gt;

		&lt;!-- Path to a file containing person attributes (required file format: ObjectAttributes). --&gt;
		&lt;param name=&quot;inputPersonAttributesFile&quot; value=&quot;null&quot; /&gt;

		&lt;param name=&quot;inputPlansFile&quot; value=&quot;null&quot; /&gt;

		&lt;!-- Defines how routes are stored in memory. Currently supported: LinkNetworkRoute, CompressedNetworkRoute. --&gt;
		&lt;param name=&quot;networkRouteType&quot; value=&quot;LinkNetworkRoute&quot; /&gt;

		&lt;!-- (not tested) will remove plan attributes that are presumably not used, such as activityStartTime. default=false --&gt;
		&lt;param name=&quot;removingUnnecessaryPlanAttributes&quot; value=&quot;false&quot; /&gt;

		&lt;!-- Name of the (Object)Attribute defining the subpopulation to which pertains a Person (as freight, through traffic, etc.). The attribute must be of String type.  Change away from default only in desperate situations. --&gt;
		&lt;param name=&quot;subpopulationAttributeName&quot; value=&quot;subpopulation&quot; /&gt;
	&lt;/module&gt;

&lt;!-- ====================================================================== --&gt;

	&lt;module name=&quot;planscalcroute&quot; &gt;

		&lt;!-- All the modes for which the router is supposed to generate network routes (like car) --&gt;
		&lt;param name=&quot;networkModes&quot; value=&quot;car&quot; /&gt;

		&lt;parameterset type=&quot;teleportedModeParameters&quot; &gt;
			&lt;param name=&quot;beelineDistanceFactor&quot; value=&quot;1.3&quot; /&gt;
			&lt;param name=&quot;mode&quot; value=&quot;bike&quot; /&gt;

			&lt;!-- Free-speed factor for a teleported mode. Travel time = teleportedModeFreespeedFactor * &lt;freespeed car travel time&gt;. Insert a line like this for every such mode. Please do not set teleportedModeFreespeedFactor as well as teleportedModeSpeed for the same mode, but if you do, +teleportedModeFreespeedFactor wins over teleportedModeSpeed. --&gt;
			&lt;param name=&quot;teleportedModeFreespeedFactor&quot; value=&quot;null&quot; /&gt;

			&lt;!-- Speed for a teleported mode. Travel time = (&lt;beeline distance&gt; * beelineDistanceFactor) / teleportedModeSpeed. Insert a line like this for every such mode. --&gt;
			&lt;param name=&quot;teleportedModeSpeed&quot; value=&quot;4.166666666666667&quot; /&gt;
		&lt;/parameterset&gt;

		&lt;parameterset type=&quot;teleportedModeParameters&quot; &gt;
			&lt;param name=&quot;beelineDistanceFactor&quot; value=&quot;1.3&quot; /&gt;
			&lt;param name=&quot;mode&quot; value=&quot;walk&quot; /&gt;

			&lt;!-- Free-speed factor for a teleported mode. Travel time = teleportedModeFreespeedFactor * &lt;freespeed car travel time&gt;. Insert a line like this for every such mode. Please do not set teleportedModeFreespeedFactor as well as teleportedModeSpeed for the same mode, but if you do, +teleportedModeFreespeedFactor wins over teleportedModeSpeed. --&gt;
			&lt;param name=&quot;teleportedModeFreespeedFactor&quot; value=&quot;null&quot; /&gt;

			&lt;!-- Speed for a teleported mode. Travel time = (&lt;beeline distance&gt; * beelineDistanceFactor) / teleportedModeSpeed. Insert a line like this for every such mode. --&gt;
			&lt;param name=&quot;teleportedModeSpeed&quot; value=&quot;0.8333333333333333&quot; /&gt;
		&lt;/parameterset&gt;

		&lt;parameterset type=&quot;teleportedModeParameters&quot; &gt;
			&lt;param name=&quot;beelineDistanceFactor&quot; value=&quot;1.3&quot; /&gt;
			&lt;param name=&quot;mode&quot; value=&quot;access_walk&quot; /&gt;

			&lt;!-- Free-speed factor for a teleported mode. Travel time = teleportedModeFreespeedFactor * &lt;freespeed car travel time&gt;. Insert a line like this for every such mode. Please do not set teleportedModeFreespeedFactor as well as teleportedModeSpeed for the same mode, but if you do, +teleportedModeFreespeedFactor wins over teleportedModeSpeed. --&gt;
			&lt;param name=&quot;teleportedModeFreespeedFactor&quot; value=&quot;null&quot; /&gt;

			&lt;!-- Speed for a teleported mode. Travel time = (&lt;beeline distance&gt; * beelineDistanceFactor) / teleportedModeSpeed. Insert a line like this for every such mode. --&gt;
			&lt;param name=&quot;teleportedModeSpeed&quot; value=&quot;0.8333333333333333&quot; /&gt;
		&lt;/parameterset&gt;

		&lt;parameterset type=&quot;teleportedModeParameters&quot; &gt;
			&lt;param name=&quot;beelineDistanceFactor&quot; value=&quot;1.3&quot; /&gt;
			&lt;param name=&quot;mode&quot; value=&quot;egress_walk&quot; /&gt;

			&lt;!-- Free-speed factor for a teleported mode. Travel time = teleportedModeFreespeedFactor * &lt;freespeed car travel time&gt;. Insert a line like this for every such mode. Please do not set teleportedModeFreespeedFactor as well as teleportedModeSpeed for the same mode, but if you do, +teleportedModeFreespeedFactor wins over teleportedModeSpeed. --&gt;
			&lt;param name=&quot;teleportedModeFreespeedFactor&quot; value=&quot;null&quot; /&gt;

			&lt;!-- Speed for a teleported mode. Travel time = (&lt;beeline distance&gt; * beelineDistanceFactor) / teleportedModeSpeed. Insert a line like this for every such mode. --&gt;
			&lt;param name=&quot;teleportedModeSpeed&quot; value=&quot;0.8333333333333333&quot; /&gt;
		&lt;/parameterset&gt;

		&lt;parameterset type=&quot;teleportedModeParameters&quot; &gt;
			&lt;param name=&quot;beelineDistanceFactor&quot; value=&quot;1.3&quot; /&gt;
			&lt;param name=&quot;mode&quot; value=&quot;undefined&quot; /&gt;

			&lt;!-- Free-speed factor for a teleported mode. Travel time = teleportedModeFreespeedFactor * &lt;freespeed car travel time&gt;. Insert a line like this for every such mode. Please do not set teleportedModeFreespeedFactor as well as teleportedModeSpeed for the same mode, but if you do, +teleportedModeFreespeedFactor wins over teleportedModeSpeed. --&gt;
			&lt;param name=&quot;teleportedModeFreespeedFactor&quot; value=&quot;null&quot; /&gt;

			&lt;!-- Speed for a teleported mode. Travel time = (&lt;beeline distance&gt; * beelineDistanceFactor) / teleportedModeSpeed. Insert a line like this for every such mode. --&gt;
			&lt;param name=&quot;teleportedModeSpeed&quot; value=&quot;13.88888888888889&quot; /&gt;
		&lt;/parameterset&gt;

		&lt;parameterset type=&quot;teleportedModeParameters&quot; &gt;
			&lt;param name=&quot;beelineDistanceFactor&quot; value=&quot;1.3&quot; /&gt;
			&lt;param name=&quot;mode&quot; value=&quot;ride&quot; /&gt;

			&lt;!-- Free-speed factor for a teleported mode. Travel time = teleportedModeFreespeedFactor * &lt;freespeed car travel time&gt;. Insert a line like this for every such mode. Please do not set teleportedModeFreespeedFactor as well as teleportedModeSpeed for the same mode, but if you do, +teleportedModeFreespeedFactor wins over teleportedModeSpeed. --&gt;
			&lt;param name=&quot;teleportedModeFreespeedFactor&quot; value=&quot;1.0&quot; /&gt;

			&lt;!-- Speed for a teleported mode. Travel time = (&lt;beeline distance&gt; * beelineDistanceFactor) / teleportedModeSpeed. Insert a line like this for every such mode. --&gt;
			&lt;param name=&quot;teleportedModeSpeed&quot; value=&quot;null&quot; /&gt;
		&lt;/parameterset&gt;

		&lt;parameterset type=&quot;teleportedModeParameters&quot; &gt;
			&lt;param name=&quot;beelineDistanceFactor&quot; value=&quot;1.3&quot; /&gt;
			&lt;param name=&quot;mode&quot; value=&quot;pt&quot; /&gt;

			&lt;!-- Free-speed factor for a teleported mode. Travel time = teleportedModeFreespeedFactor * &lt;freespeed car travel time&gt;. Insert a line like this for every such mode. Please do not set teleportedModeFreespeedFactor as well as teleportedModeSpeed for the same mode, but if you do, +teleportedModeFreespeedFactor wins over teleportedModeSpeed. --&gt;
			&lt;param name=&quot;teleportedModeFreespeedFactor&quot; value=&quot;2.0&quot; /&gt;

			&lt;!-- Speed for a teleported mode. Travel time = (&lt;beeline distance&gt; * beelineDistanceFactor) / teleportedModeSpeed. Insert a line like this for every such mode. --&gt;
			&lt;param name=&quot;teleportedModeSpeed&quot; value=&quot;null&quot; /&gt;
		&lt;/parameterset&gt;
	&lt;/module&gt;

&lt;!-- ====================================================================== --&gt;

	&lt;module name=&quot;ptCounts&quot; &gt;

		&lt;!-- factor by which to re-scale the simulated values.  necessary when simulation runs with something different from 100%.  needs to be adapted manually --&gt;
		&lt;param name=&quot;countsScaleFactor&quot; value=&quot;1.0&quot; /&gt;

		&lt;!-- distance to distanceFilterCenterNode to include counting stations. The unit of distance is the Euclidean distance implied by the coordinate system --&gt;
		&lt;param name=&quot;distanceFilter&quot; value=&quot;null&quot; /&gt;

		&lt;!-- node id for center node of distance filter --&gt;
		&lt;param name=&quot;distanceFilterCenterNode&quot; value=&quot;null&quot; /&gt;

		&lt;!-- input file containing the alighting (getting off) counts for pt --&gt;
		&lt;param name=&quot;inputAlightCountsFile&quot; value=&quot;null&quot; /&gt;

		&lt;!-- input file containing the boarding (getting on) counts for pt --&gt;
		&lt;param name=&quot;inputBoardCountsFile&quot; value=&quot;null&quot; /&gt;

		&lt;!-- input file containing the occupancy counts for pt --&gt;
		&lt;param name=&quot;inputOccupancyCountsFile&quot; value=&quot;null&quot; /&gt;

		&lt;!-- possible values: `html&apos;, `kml&apos;, `txt&apos;, `all&apos; --&gt;
		&lt;param name=&quot;outputformat&quot; value=&quot;null&quot; /&gt;

		&lt;!-- every how many iterations (starting with 0) counts comparisons are generated --&gt;
		&lt;param name=&quot;ptCountsInterval&quot; value=&quot;10&quot; /&gt;
	&lt;/module&gt;

&lt;!-- ====================================================================== --&gt;

	&lt;module name=&quot;qsim&quot; &gt;
		&lt;param name=&quot;endTime&quot; value=&quot;20:00:00&quot; /&gt;
		&lt;param name=&quot;flowCapacityFactor&quot; value=&quot;1.0&quot; /&gt;

		&lt;!-- decides if waiting vehicles enter the network after or before the already driving vehicles were moved. Default: false --&gt;
		&lt;param name=&quot;insertingWaitingVehiclesBeforeDrivingVehicles&quot; value=&quot;false&quot; /&gt;

		&lt;!-- If link dynamics is set as SeepageQ, set to false if all seep modes should perform seepage. Default is true (better option). --&gt;
		&lt;param name=&quot;isRestrictingSeepage&quot; value=&quot;true&quot; /&gt;

		&lt;!-- If link dynamics is set as SeepageQ, set to true if seep mode do not consumes any space on the link. Default is false. --&gt;
		&lt;param name=&quot;isSeepModeStorageFree&quot; value=&quot;false&quot; /&gt;

		&lt;!-- default: FIFO; options: FIFO PassingQ SeepageQ --&gt;
		&lt;param name=&quot;linkDynamics&quot; value=&quot;FIFO&quot; /&gt;

		&lt;!-- The (initial) width of the links of the network. Use positive floating point values. This is used only for visualisation. --&gt;
		&lt;param name=&quot;linkWidth&quot; value=&quot;30.0&quot; /&gt;

		&lt;!-- [comma-separated list] Defines which modes are congested modes. Technically, these are the modes that the departure handler of the netsimengine handles.  Effective cell size, effective lane width, flow capacity factor, and storage capacity factor need to be set with diligence.  Need to be vehicular modes to make sense. --&gt;
		&lt;param name=&quot;mainMode&quot; value=&quot;car&quot; /&gt;

		&lt;!-- Shortens a link in the visualization, i.e. its start and end point are moved into towards the center. Does not affect traffic flow.  --&gt;
		&lt;param name=&quot;nodeOffset&quot; value=&quot;0.0&quot; /&gt;

		&lt;!-- Number of threads used for the QSim.  Note that this setting is independent from the &quot;global&quot; threads setting.  In contrast to earlier versions, the non-parallel special version is no longer there. --&gt;
		&lt;param name=&quot;numberOfThreads&quot; value=&quot;1&quot; /&gt;

		&lt;!-- Boolean. `true&apos;: stuck vehicles are removed, aborting the plan; `false&apos;: stuck vehicles are forced into the next link. `false&apos; is probably the better choice. --&gt;
		&lt;param name=&quot;removeStuckVehicles&quot; value=&quot;false&quot; /&gt;

		&lt;!-- If link dynamics is set as SeepageQ, set a seep mode. Default is bike. --&gt;
		&lt;param name=&quot;seepMode&quot; value=&quot;bike&quot; /&gt;

		&lt;!-- Possible values: minOfEndtimeAndMobsimFinished, onlyUseEndtime --&gt;
		&lt;param name=&quot;simEndtimeInterpretation&quot; value=&quot;null&quot; /&gt;

		&lt;!-- Options: maxOfStarttimeAndEarliestActivityEnd onlyUseStarttime  --&gt;
		&lt;param name=&quot;simStarttimeInterpretation&quot; value=&quot;maxOfStarttimeAndEarliestActivityEnd&quot; /&gt;

		&lt;!-- snapshotStyle. One of: equiDist queue withHoles withHolesAndShowHoles kinematicWaves  --&gt;
		&lt;param name=&quot;snapshotStyle&quot; value=&quot;equiDist&quot; /&gt;

		&lt;param name=&quot;snapshotperiod&quot; value=&quot;00:00:00&quot; /&gt;
		&lt;param name=&quot;startTime&quot; value=&quot;undefined&quot; /&gt;
		&lt;param name=&quot;storageCapacityFactor&quot; value=&quot;1.0&quot; /&gt;

		&lt;!-- time in seconds.  Time after which the frontmost vehicle on a link is called `stuck&apos; if it does not move. --&gt;
		&lt;param name=&quot;stuckTime&quot; value=&quot;10.0&quot; /&gt;

		&lt;param name=&quot;timeStepSize&quot; value=&quot;00:00:01&quot; /&gt;

		&lt;!-- options: queue withHoles kinematicWaves  --&gt;
		&lt;param name=&quot;trafficDynamics&quot; value=&quot;queue&quot; /&gt;

		&lt;!-- Set this parameter to true if lanes should be used, false if not. --&gt;
		&lt;param name=&quot;useLanes&quot; value=&quot;false&quot; /&gt;

		&lt;!-- If a route does not reference a vehicle, agents will use the vehicle with the same id as their own. --&gt;
		&lt;param name=&quot;usePersonIdForMissingVehicleId&quot; value=&quot;true&quot; /&gt;

		&lt;!-- If false, the qsim accumulates fractional flows up to one flow unit in every time step.  If true, flows are updated only if an agent wants to enter the link or an agent is added to buffer. Default is true. --&gt;
		&lt;param name=&quot;usingFastCapacityUpdate&quot; value=&quot;true&quot; /&gt;

		&lt;!-- if the qsim should use as many runners as there are threads (Christoph&apos;s dissertation version) or more of them, together with a thread pool (seems to be faster in some situations, but is not tested). --&gt;
		&lt;param name=&quot;usingThreadpool&quot; value=&quot;true&quot; /&gt;

		&lt;!-- Defines what happens if an agent wants to depart, but the specified vehicle is not available. One of: teleport wait exception  --&gt;
		&lt;param name=&quot;vehicleBehavior&quot; value=&quot;teleport&quot; /&gt;

		&lt;!-- If vehicles should all be the same default vehicle, or come from the vehicles file, or something else.  Possible values:  defaultVehicle modeVehicleTypesFromVehiclesData fromVehiclesData --&gt;
		&lt;param name=&quot;vehiclesSource&quot; value=&quot;defaultVehicle&quot; /&gt;
	&lt;/module&gt;

&lt;!-- ====================================================================== --&gt;

	&lt;module name=&quot;scenario&quot; &gt;
	&lt;/module&gt;

&lt;!-- ====================================================================== --&gt;

	&lt;module name=&quot;strategy&quot; &gt;

		&lt;!-- the external executable will be called with a config file as argument.  This is the pathname to a possible skeleton config, to which additional information will be added.  Can be null. --&gt;
		&lt;param name=&quot;ExternalExeConfigTemplate&quot; value=&quot;null&quot; /&gt;

		&lt;!-- time out value (in seconds) after which matsim will consider the external strategy as failed --&gt;
		&lt;param name=&quot;ExternalExeTimeOut&quot; value=&quot;3600&quot; /&gt;

		&lt;!-- root directory for temporary files generated by the external executable. Provided as a service; I don&apos;t think this is used by MATSim. --&gt;
		&lt;param name=&quot;ExternalExeTmpFileRootDir&quot; value=&quot;null&quot; /&gt;

		&lt;!-- fraction of iterations where innovative strategies are switched off.  Something link 0.8 should be good.  E.g. if you run from iteration 400 to iteration 500, innovation is switched off at iteration 480 --&gt;
		&lt;param name=&quot;fractionOfIterationsToDisableInnovation&quot; value=&quot;Infinity&quot; /&gt;

		&lt;!-- maximum number of plans per agent.  ``0&apos;&apos; means ``infinity&apos;&apos;.  Currently (2010), ``5&apos;&apos; is a good number --&gt;
		&lt;param name=&quot;maxAgentPlanMemorySize&quot; value=&quot;5&quot; /&gt;

		&lt;!-- strategyName of PlanSelector for plans removal.  Possible defaults: WorstPlanSelector SelectRandom SelectExpBetaForRemoval ChangeExpBetaForRemoval PathSizeLogitSelectorForRemoval . The current default, WorstPlanSelector is not a good choice from a discrete choice theoretical perspective. Alternatives, however, have not been systematically tested. kai, feb&apos;12 --&gt;
		&lt;param name=&quot;planSelectorForRemoval&quot; value=&quot;WorstPlanSelector&quot; /&gt;
	&lt;/module&gt;

&lt;!-- ====================================================================== --&gt;

	&lt;module name=&quot;subtourModeChoice&quot; &gt;

		&lt;!-- Defines the chain-based modes, seperated by commas --&gt;
		&lt;param name=&quot;chainBasedModes&quot; value=&quot;car,bike&quot; /&gt;

		&lt;!-- Defines whether car availability must be considered or not. A agent has no car only if it has no license, or never access to a car --&gt;
		&lt;param name=&quot;considerCarAvailability&quot; value=&quot;false&quot; /&gt;

		&lt;!-- Defines all the modes available, including chain-based modes, seperated by commas --&gt;
		&lt;param name=&quot;modes&quot; value=&quot;car,pt,bike,walk&quot; /&gt;
	&lt;/module&gt;

&lt;!-- ====================================================================== --&gt;

	&lt;module name=&quot;transit&quot; &gt;

		&lt;!-- The Coordinates Reference System in which the coordinates are expressed in the input file. At import, the coordinates will be converted to the coordinate system defined in &quot;global&quot;, and willbe converted back at export. If not specified, no conversion happens. --&gt;
		&lt;param name=&quot;inputScheduleCRS&quot; value=&quot;null&quot; /&gt;

		&lt;!-- Optional input file containing additional attributes for transit lines, stored as ObjectAttributes. --&gt;
		&lt;param name=&quot;transitLinesAttributesFile&quot; value=&quot;null&quot; /&gt;

		&lt;!-- Comma-separated list of transportation modes that are handled as transit. Defaults to &apos;pt&apos;. --&gt;
		&lt;param name=&quot;transitModes&quot; value=&quot;pt&quot; /&gt;

		&lt;!-- Input file containing the transit schedule to be simulated. --&gt;
		&lt;param name=&quot;transitScheduleFile&quot; value=&quot;null&quot; /&gt;

		&lt;!-- Optional input file containing additional attributes for transit stop facilities, stored as ObjectAttributes. --&gt;
		&lt;param name=&quot;transitStopsAttributesFile&quot; value=&quot;null&quot; /&gt;

		&lt;!-- Set this parameter to true if transit should be simulated, false if not. --&gt;
		&lt;param name=&quot;useTransit&quot; value=&quot;false&quot; /&gt;

		&lt;!-- Input file containing the vehicles used by the departures in the transit schedule. --&gt;
		&lt;param name=&quot;vehiclesFile&quot; value=&quot;null&quot; /&gt;
	&lt;/module&gt;

&lt;!-- ====================================================================== --&gt;

	&lt;module name=&quot;transitRouter&quot; &gt;

		&lt;!-- additional time the router allocates when a line switch happens. Can be interpreted as a &apos;safety&apos; time that agents need to safely transfer from one line to another --&gt;
		&lt;param name=&quot;additionalTransferTime&quot; value=&quot;0.0&quot; /&gt;

		&lt;!-- Factor with which direct walk generalized cost is multiplied before it is compared to the pt generalized cost.  Set to a very high value to reduce direct walk results. --&gt;
		&lt;param name=&quot;directWalkFactor&quot; value=&quot;1.0&quot; /&gt;

		&lt;!-- step size to increase searchRadius if no stops are found --&gt;
		&lt;param name=&quot;extensionRadius&quot; value=&quot;200.0&quot; /&gt;

		&lt;!-- maximum beeline distance between stops that agents could transfer to by walking --&gt;
		&lt;param name=&quot;maxBeelineWalkConnectionDistance&quot; value=&quot;100.0&quot; /&gt;

		&lt;!-- the radius in which stop locations are searched, given a start or target coordinate --&gt;
		&lt;param name=&quot;searchRadius&quot; value=&quot;1000.0&quot; /&gt;
	&lt;/module&gt;

&lt;!-- ====================================================================== --&gt;

	&lt;module name=&quot;travelTimeCalculator&quot; &gt;

		&lt;!-- Transport modes that will be respected by the travel time collector. &apos;car&apos; is default, which includes also busses from the pt simulation module. Use this parameter in combination with &apos;filterModes&apos; = true! --&gt;
		&lt;param name=&quot;analyzedModes&quot; value=&quot;car&quot; /&gt;

		&lt;param name=&quot;calculateLinkToLinkTravelTimes&quot; value=&quot;false&quot; /&gt;
		&lt;param name=&quot;calculateLinkTravelTimes&quot; value=&quot;true&quot; /&gt;

		&lt;!-- If true, link travel times from legs performed on modes not included in the &apos;analyzedModes&apos; parameter are ignored. --&gt;
		&lt;param name=&quot;filterModes&quot; value=&quot;false&quot; /&gt;

		&lt;!-- The lenght (in sec) of the time period that is splited into time bins; an additional time bin is created to aggregate all travel times collected after maxTime --&gt;
		&lt;param name=&quot;maxTime&quot; value=&quot;108000&quot; /&gt;

		&lt;!-- If true, link travel times are measured and calculated separately for each mode in analyzedModes. Other modes are ignored. If true, filterModes has no effect. --&gt;
		&lt;param name=&quot;separateModes&quot; value=&quot;false&quot; /&gt;

		&lt;!-- How to deal with congested time bins that have no link entry events. `optimistic&apos; assumes free speed (too optimistic); &apos;experimental_LastMile&apos; is experimental and probably too pessimistic. --&gt;
		&lt;param name=&quot;travelTimeAggregator&quot; value=&quot;optimistic&quot; /&gt;

		&lt;!-- The size of the time bin (in sec) into which the link travel times are aggregated for the router --&gt;
		&lt;param name=&quot;travelTimeBinSize&quot; value=&quot;900&quot; /&gt;

		&lt;!-- possible values: nullTravelTimeCalculatorArray TravelTimeCalculatorHashMap  --&gt;
		&lt;param name=&quot;travelTimeCalculator&quot; value=&quot;TravelTimeCalculatorArray&quot; /&gt;

		&lt;!-- How to deal with link entry times at different positions during the time bin. Currently supported: average, linearinterpolation --&gt;
		&lt;param name=&quot;travelTimeGetter&quot; value=&quot;average&quot; /&gt;
	&lt;/module&gt;

&lt;!-- ====================================================================== --&gt;

	&lt;module name=&quot;vehicles&quot; &gt;
		&lt;param name=&quot;vehiclesFile&quot; value=&quot;null&quot; /&gt;
	&lt;/module&gt;

&lt;!-- ====================================================================== --&gt;

	&lt;module name=&quot;vspExperimental&quot; &gt;

		&lt;!-- (do not use except of you have to) There was a problem with pt interaction scoring.  Some people solved it by overwriting the parameters of the pt interaction activity type.  Doing this now throws an Exception.  If you still insist on doing this, set the following to true. --&gt;
		&lt;param name=&quot;isAbleToOverwritePtInteractionParams&quot; value=&quot;false&quot; /&gt;

		&lt;param name=&quot;isGeneratingBoardingDeniedEvent&quot; value=&quot;false&quot; /&gt;

		&lt;!-- if an approximation of the opportunity cost of time is included into the radius calculation for location choice.`true&apos; will be faster, but it is an approximation.  Default is `true&apos;; `false&apos; is available for backwards compatibility. --&gt;
		&lt;param name=&quot;isUsingOpportunityCostOfTimeForLocationChoice&quot; value=&quot;true&quot; /&gt;

		&lt;param name=&quot;logitScaleParamForPlansRemoval&quot; value=&quot;1.0&quot; /&gt;

		&lt;!-- Options: | ignore | info | warn | abort | .  When violating VSP defaults, this results in nothing, logfile infos, logfile warnings, or aborts.  Members of VSP should use `abort&apos; or talk to kai. --&gt;
		&lt;param name=&quot;vspDefaultsCheckingLevel&quot; value=&quot;ignore&quot; /&gt;

		&lt;!-- if true then writes output_events in output directory.  default is `false&apos;. Will only work when lastIteration is multiple of events writing interval --&gt;
		&lt;param name=&quot;writingOutputEvents&quot; value=&quot;true&quot; /&gt;
	&lt;/module&gt;

&lt;!-- ====================================================================== --&gt;

&lt;/config&gt;

2018-06-01 06:11:30,411  INFO ControlerUtils:63 Complete config dump done.
2018-06-01 06:11:30,412  INFO ControlerUtils:64 Checking consistency of config...
2018-06-01 06:11:30,412  INFO PlanCalcScoreConfigGroup$ScoringParameterSet:1233 NO OPENING OR CLOSING TIMES DEFINED!


There is no activity type that has an opening *and* closing time (or opening time and late penalty) defined.
This usually means that the activity chains can be shifted by an arbitrary
number of hours without having an effect on the score of the plans, and thus
resulting in wrong results / traffic patterns.
If you are using MATSim without time adaptation, you can ignore this warning.



2018-06-01 06:11:30,412  INFO VspConfigConsistencyCheckerImpl:58 NOT running vsp config consistency check because vsp defaults checking level is set to IGNORE
2018-06-01 06:11:30,412  INFO ControlerUtils:66 Checking consistency of config done.
2018-06-01 06:11:30,413  INFO PrepareForSimImpl:70 Network seems to be multimodal. Create car-only network which is handed over to PersonPrepareForSim.
2018-06-01 06:11:30,413  INFO NetworkImpl:156  node # 1
2018-06-01 06:11:30,413  INFO NetworkImpl:156  node # 2
2018-06-01 06:11:30,413  INFO NetworkImpl:156  node # 4
2018-06-01 06:11:30,414  INFO NetworkImpl:156  node # 8
2018-06-01 06:11:30,414  INFO NetworkImpl:156  node # 16
2018-06-01 06:11:30,414  INFO NetworkImpl:156  node # 32
2018-06-01 06:11:30,414  INFO NetworkImpl:156  node # 64
2018-06-01 06:11:30,414  INFO NetworkImpl:152  link # 1
2018-06-01 06:11:30,415  INFO NetworkImpl:152  link # 2
2018-06-01 06:11:30,415  INFO NetworkImpl:152  link # 4
2018-06-01 06:11:30,415  INFO NetworkImpl:152  link # 8
2018-06-01 06:11:30,415  INFO NetworkImpl:152  link # 16
2018-06-01 06:11:30,415  INFO NetworkImpl:152  link # 32
2018-06-01 06:11:30,416  INFO NetworkImpl:152  link # 64
2018-06-01 06:11:30,416  INFO NetworkImpl:152  link # 128
2018-06-01 06:11:30,417  INFO NetworkImpl:152  link # 256
2018-06-01 06:11:30,419  INFO Counter:61 [PersonPrepareForSim] handled person # 1
2018-06-01 06:11:30,419  INFO Counter:61 [PersonPrepareForSim] handled person # 2
2018-06-01 06:11:30,420  INFO Counter:61 [PersonPrepareForSim] handled person # 4
2018-06-01 06:11:30,420  INFO Counter:61 [PersonPrepareForSim] handled person # 8
2018-06-01 06:11:30,420  INFO Counter:61 [PersonPrepareForSim] handled person # 16
2018-06-01 06:11:30,421  INFO Counter:61 [PersonPrepareForSim] handled person # 32
2018-06-01 06:11:30,421  INFO Counter:61 [PersonPrepareForSim] handled person # 64
2018-06-01 06:11:30,422  INFO Counter:67 [PersonPrepareForSim] handled person # 100
2018-06-01 06:11:30,423  INFO AbstractController:133 ###################################################
2018-06-01 06:11:30,423  INFO AbstractController:134 ### ITERATION 0 BEGINS
2018-06-01 06:11:30,424  INFO ControlerListenerManagerImpl:145 calling notifyIterationStarts on org.matsim.analysis.LegHistogramListener
2018-06-01 06:11:30,424  INFO ControlerListenerManagerImpl:145 calling notifyIterationStarts on org.matsim.analysis.LinkStatsControlerListener
2018-06-01 06:11:30,424  INFO ControlerListenerManagerImpl:145 calling notifyIterationStarts on org.matsim.core.replanning.ReplanningContextImpl
2018-06-01 06:11:30,425  INFO ControlerListenerManagerImpl:145 calling notifyIterationStarts on org.matsim.core.scoring.ExperiencedPlansServiceImpl$1
2018-06-01 06:11:30,425  INFO ControlerListenerManagerImpl:145 calling notifyIterationStarts on org.matsim.core.scoring.ScoringFunctionsForPopulation$1
2018-06-01 06:11:30,426  INFO ControlerListenerManagerImpl:148 [it.0] all ControlerIterationStartsListeners called.
2018-06-01 06:11:30,427  INFO ControlerListenerManagerImpl:224 calling notifyBeforeMobsim on org.matsim.core.controler.corelisteners.EventsHandlingImpl
2018-06-01 06:11:30,427  INFO EventsManagerImpl:170 resetting Event-Handlers
2018-06-01 06:11:30,427  INFO EventsManagerImpl:177   org.matsim.core.trafficmonitoring.TravelTimeCalculator
2018-06-01 06:11:30,428  INFO EventsManagerImpl:177   org.matsim.core.scoring.EventsToLegs
2018-06-01 06:11:30,428  INFO EventsManagerImpl:177   ch.ethz.idsc.amodeus.matsim.StandardMATSimScenarioTest$4$1
2018-06-01 06:11:30,428  INFO EventsManagerImpl:177   org.matsim.analysis.VolumesAnalyzer
2018-06-01 06:11:30,428  INFO EventsManagerImpl:177   org.matsim.core.scoring.EventsToActivities
2018-06-01 06:11:30,428  INFO EventsManagerImpl:177   org.matsim.analysis.CalcLegTimes
2018-06-01 06:11:30,429  INFO EventsManagerImpl:177   org.matsim.analysis.LegHistogram
2018-06-01 06:11:30,429  INFO EventsManagerImpl:177   ch.ethz.matsim.av.scenario.TestScenarioAnalyzer
2018-06-01 06:11:30,429  INFO EventsManagerImpl:177   org.matsim.core.scoring.ScoringFunctionsForPopulation
2018-06-01 06:11:30,429  INFO ControlerListenerManagerImpl:224 calling notifyBeforeMobsim on org.matsim.core.controler.corelisteners.PlansDumpingImpl
2018-06-01 06:11:30,429  INFO ControlerListenerManagerImpl:229 calling notifyBeforeMobsim on org.matsim.core.population.VspPlansCleaner
2018-06-01 06:11:30,430  INFO ControlerListenerManagerImpl:229 calling notifyBeforeMobsim on ch.ethz.matsim.av.data.AVLoader
2018-06-01 06:11:30,430  INFO ControlerListenerManagerImpl:232 [it.0] all ControlerBeforeMobsimListeners called.
2018-06-01 06:11:30,438  INFO MobsimListenerManager:49 calling addQueueSimulationListener
2018-06-01 06:11:30,439  INFO MobsimListenerManager:53   assigned class org.matsim.core.mobsim.framework.listeners.MobsimListener to interface org.matsim.contrib.dvrp.trafficmonitoring.DvrpTravelTimeEstimatorImpl
2018-06-01 06:11:30,439  INFO MobsimListenerManager:53   assigned class org.matsim.core.mobsim.framework.listeners.MobsimListener to interface org.matsim.core.mobsim.framework.listeners.MobsimBeforeCleanupListener
2018-06-01 06:11:30,439  INFO MobsimListenerManager:53   assigned class org.matsim.core.mobsim.framework.listeners.MobsimListener to interface org.matsim.core.mobsim.framework.listeners.MobsimListener
2018-06-01 06:11:30,440  INFO MobsimListenerManager:53   assigned class org.matsim.core.mobsim.framework.listeners.MobsimListener to interface org.matsim.contrib.dvrp.trafficmonitoring.DvrpTravelTimeEstimator
2018-06-01 06:11:30,440  INFO MobsimListenerManager:49 calling addQueueSimulationListener
2018-06-01 06:11:30,440  INFO MobsimListenerManager:53   assigned class org.matsim.core.mobsim.framework.listeners.MobsimListener to interface org.matsim.vis.snapshotwriters.SnapshotWriterManager
2018-06-01 06:11:30,440  INFO MobsimListenerManager:53   assigned class org.matsim.core.mobsim.framework.listeners.MobsimListener to interface org.matsim.core.mobsim.framework.listeners.MobsimInitializedListener
2018-06-01 06:11:30,441  INFO MobsimListenerManager:53   assigned class org.matsim.core.mobsim.framework.listeners.MobsimListener to interface org.matsim.core.mobsim.framework.listeners.MobsimAfterSimStepListener
2018-06-01 06:11:30,441  INFO MobsimListenerManager:53   assigned class org.matsim.core.mobsim.framework.listeners.MobsimListener to interface org.matsim.core.mobsim.framework.listeners.MobsimBeforeCleanupListener
2018-06-01 06:11:30,441  INFO MobsimListenerManager:53   assigned class org.matsim.core.mobsim.framework.listeners.MobsimListener to interface org.matsim.core.mobsim.framework.listeners.MobsimListener
2018-06-01 06:11:30,444  INFO Injector:83 org.matsim.core.mobsim.qsim.qnetsimengine.VehicularDepartureHandler 
2018-06-01 06:11:30,444  INFO Injector:84   --&gt; provider: Key[type=org.matsim.core.mobsim.qsim.qnetsimengine.QNetsimEngineDepartureHandlerProvider, annotation=[none]][Scopes.SINGLETON]
2018-06-01 06:11:30,445  INFO Injector:85   --&gt; source: org.matsim.core.mobsim.qsim.qnetsimengine.QNetsimEnginePlugin$1.configure(QNetsimEnginePlugin.java:25)
2018-06-01 06:11:30,445  INFO Injector:87   --&gt; scope: eager singleton
2018-06-01 06:11:30,445  INFO Injector:91 
2018-06-01 06:11:30,446  INFO Injector:83 org.matsim.core.mobsim.qsim.agents.AgentFactory 
2018-06-01 06:11:30,446  INFO Injector:84   --&gt; provider: FactoryProxy{key=Key[type=org.matsim.core.mobsim.qsim.agents.AgentFactory, annotation=[none]], provider=com.google.inject.internal.ConstructorBindingImpl$Factory@1efcba00}[Scopes.SINGLETON]
2018-06-01 06:11:30,446  INFO Injector:85   --&gt; source: org.matsim.core.mobsim.qsim.PopulationPlugin$1.configure(PopulationPlugin.java:30)
2018-06-01 06:11:30,447  INFO Injector:87   --&gt; scope: eager singleton
2018-06-01 06:11:30,447  INFO Injector:91 
2018-06-01 06:11:30,447  INFO Injector:83 org.matsim.contrib.dvrp.vrpagent.VrpLegs$LegCreator 
2018-06-01 06:11:30,448  INFO Injector:84   --&gt; provider: @Provides ch.ethz.idsc.amodeus.matsim.mod.AmodeusQSimModule$1.provideLegCreator(AmodeusQSimModule.java:32)[Scopes.SINGLETON]
2018-06-01 06:11:30,448  INFO Injector:85   --&gt; source: org.matsim.contrib.dvrp.vrpagent.VrpLegs$LegCreator ch.ethz.idsc.amodeus.matsim.mod.AmodeusQSimModule$1.provideLegCreator(ch.ethz.matsim.av.schedule.AVOptimizer,org.matsim.core.mobsim.qsim.QSim)
2018-06-01 06:11:30,448  INFO Injector:87   --&gt; scope: Scopes.SINGLETON
2018-06-01 06:11:30,448  INFO Injector:91 
2018-06-01 06:11:30,449  INFO Injector:83 org.matsim.contrib.dvrp.passenger.PassengerEngine 
2018-06-01 06:11:30,449  INFO Injector:84   --&gt; provider: @Provides ch.ethz.matsim.av.framework.AVQSimModule.providePassengerEngine(AVQSimModule.java:48)[Scopes.SINGLETON]
2018-06-01 06:11:30,449  INFO Injector:85   --&gt; source: public org.matsim.contrib.dvrp.passenger.PassengerEngine ch.ethz.matsim.av.framework.AVQSimModule.providePassengerEngine(org.matsim.core.api.experimental.events.EventsManager,ch.ethz.matsim.av.passenger.AVRequestCreator,ch.ethz.matsim.av.schedule.AVOptimizer,org.matsim.api.core.v01.network.Network)
2018-06-01 06:11:30,449  INFO Injector:87   --&gt; scope: Scopes.SINGLETON
2018-06-01 06:11:30,450  INFO Injector:91 
2018-06-01 06:11:30,450  INFO Injector:83 org.matsim.contrib.dvrp.vrpagent.VrpAgentSource 
2018-06-01 06:11:30,450  INFO Injector:84   --&gt; provider: @Provides ch.ethz.matsim.av.framework.AVQSimModule.provideAgentSource(AVQSimModule.java:65)[Scopes.SINGLETON]
2018-06-01 06:11:30,450  INFO Injector:85   --&gt; source: public org.matsim.contrib.dvrp.vrpagent.VrpAgentSource ch.ethz.matsim.av.framework.AVQSimModule.provideAgentSource(ch.ethz.matsim.av.vrpagent.AVActionCreator,ch.ethz.matsim.av.data.AVData,ch.ethz.matsim.av.schedule.AVOptimizer,org.matsim.vehicles.VehicleType,org.matsim.core.mobsim.qsim.QSim)
2018-06-01 06:11:30,450  INFO Injector:87   --&gt; scope: Scopes.SINGLETON
2018-06-01 06:11:30,451  INFO Injector:91 
2018-06-01 06:11:30,451  INFO Injector:83 org.matsim.core.mobsim.qsim.interfaces.Netsim 
2018-06-01 06:11:30,451  INFO Injector:84   --&gt; provider: FactoryProxy{key=Key[type=org.matsim.core.mobsim.qsim.interfaces.Netsim, annotation=[none]], provider=com.google.inject.internal.ConstructorBindingImpl$Factory@57fce8b[Scopes.SINGLETON]}
2018-06-01 06:11:30,451  INFO Injector:85   --&gt; source: org.matsim.core.mobsim.qsim.QSimProvider$1.configure(QSimProvider.java:65)
2018-06-01 06:11:30,452  INFO Injector:87   --&gt; scope: Scopes.NO_SCOPE
2018-06-01 06:11:30,452  INFO Injector:91 
2018-06-01 06:11:30,452  INFO Injector:83 org.matsim.core.mobsim.jdeqsim.MessageQueue 
2018-06-01 06:11:30,452  INFO Injector:84   --&gt; provider: com.google.inject.internal.ConstructorBindingImpl$Factory@e994ca[Scopes.SINGLETON]
2018-06-01 06:11:30,453  INFO Injector:85   --&gt; source: org.matsim.core.mobsim.qsim.messagequeueengine.MessageQueuePlugin$1.configure(MessageQueuePlugin.java:24)
2018-06-01 06:11:30,453  INFO Injector:87   --&gt; scope: eager singleton
2018-06-01 06:11:30,453  INFO Injector:91 
2018-06-01 06:11:30,453  INFO Injector:83 org.matsim.core.mobsim.qsim.jdeqsimengine.SteppableScheduler 
2018-06-01 06:11:30,454  INFO Injector:84   --&gt; provider: com.google.inject.internal.ConstructorBindingImpl$Factory@58f50dd0[Scopes.SINGLETON]
2018-06-01 06:11:30,454  INFO Injector:85   --&gt; source: org.matsim.core.mobsim.qsim.messagequeueengine.MessageQueuePlugin$1.configure(MessageQueuePlugin.java:25)
2018-06-01 06:11:30,454  INFO Injector:87   --&gt; scope: eager singleton
2018-06-01 06:11:30,454  INFO Injector:91 
2018-06-01 06:11:30,454  INFO Injector:83 org.matsim.core.mobsim.qsim.messagequeueengine.MessageQueueEngine 
2018-06-01 06:11:30,455  INFO Injector:84   --&gt; provider: com.google.inject.internal.ConstructorBindingImpl$Factory@350342e0[Scopes.SINGLETON]
2018-06-01 06:11:30,455  INFO Injector:85   --&gt; source: org.matsim.core.mobsim.qsim.messagequeueengine.MessageQueuePlugin$1.configure(MessageQueuePlugin.java:26)
2018-06-01 06:11:30,455  INFO Injector:87   --&gt; scope: eager singleton
2018-06-01 06:11:30,455  INFO Injector:91 
2018-06-01 06:11:30,455  INFO Injector:83 org.matsim.contrib.dynagent.run.DynActivityEngine 
2018-06-01 06:11:30,456  INFO Injector:84   --&gt; provider: com.google.inject.internal.ConstructorBindingImpl$Factory@6a543e09[Scopes.SINGLETON]
2018-06-01 06:11:30,456  INFO Injector:85   --&gt; source: org.matsim.contrib.dynagent.run.DynActivityEnginePlugin$1.configure(DynActivityEnginePlugin.java:24)
2018-06-01 06:11:30,456  INFO Injector:87   --&gt; scope: eager singleton
2018-06-01 06:11:30,456  INFO Injector:91 
2018-06-01 06:11:30,456  INFO Injector:83 org.matsim.core.mobsim.qsim.qnetsimengine.QNetsimEngine 
2018-06-01 06:11:30,457  INFO Injector:84   --&gt; provider: com.google.inject.internal.ConstructorBindingImpl$Factory@8b89b3a[Scopes.SINGLETON]
2018-06-01 06:11:30,457  INFO Injector:85   --&gt; source: org.matsim.core.mobsim.qsim.qnetsimengine.QNetsimEnginePlugin$1.configure(QNetsimEnginePlugin.java:24)
2018-06-01 06:11:30,457  INFO Injector:87   --&gt; scope: eager singleton
2018-06-01 06:11:30,457  INFO Injector:91 
2018-06-01 06:11:30,457  INFO Injector:83 org.matsim.core.mobsim.qsim.DefaultTeleportationEngine 
2018-06-01 06:11:30,458  INFO Injector:84   --&gt; provider: com.google.inject.internal.ConstructorBindingImpl$Factory@5599dc60[Scopes.SINGLETON]
2018-06-01 06:11:30,458  INFO Injector:85   --&gt; source: org.matsim.core.mobsim.qsim.TeleportationPlugin$1.configure(TeleportationPlugin.java:21)
2018-06-01 06:11:30,458  INFO Injector:87   --&gt; scope: eager singleton
2018-06-01 06:11:30,458  INFO Injector:91 
2018-06-01 06:11:30,459  INFO Injector:83 org.matsim.core.mobsim.qsim.agents.PopulationAgentSource 
2018-06-01 06:11:30,459  INFO Injector:84   --&gt; provider: com.google.inject.internal.ConstructorBindingImpl$Factory@2fdf7da2[Scopes.SINGLETON]
2018-06-01 06:11:30,459  INFO Injector:85   --&gt; source: org.matsim.core.mobsim.qsim.PopulationPlugin$1.configure(PopulationPlugin.java:26)
2018-06-01 06:11:30,459  INFO Injector:87   --&gt; scope: eager singleton
2018-06-01 06:11:30,459  INFO Injector:91 
2018-06-01 06:11:30,460  INFO Injector:83 org.matsim.core.mobsim.qsim.QSim 
2018-06-01 06:11:30,460  INFO Injector:84   --&gt; provider: com.google.inject.internal.ConstructorBindingImpl$Factory@57fce8b[Scopes.SINGLETON]
2018-06-01 06:11:30,460  INFO Injector:85   --&gt; source: org.matsim.core.mobsim.qsim.QSimProvider$1.configure(QSimProvider.java:64)
2018-06-01 06:11:30,460  INFO Injector:87   --&gt; scope: eager singleton
2018-06-01 06:11:30,460  INFO Injector:91 
2018-06-01 06:11:30,461  INFO MobsimListenerManager:49 calling addQueueSimulationListener
2018-06-01 06:11:30,461  INFO MobsimListenerManager:53   assigned class org.matsim.core.mobsim.framework.listeners.MobsimListener to interface org.matsim.core.mobsim.qsim.messagequeueengine.MessageQueueEngine
2018-06-01 06:11:30,461  INFO MobsimListenerManager:53   assigned class org.matsim.core.mobsim.framework.listeners.MobsimListener to interface org.matsim.core.mobsim.framework.listeners.MobsimBeforeSimStepListener
2018-06-01 06:11:30,461  INFO MobsimListenerManager:53   assigned class org.matsim.core.mobsim.framework.listeners.MobsimListener to interface org.matsim.core.mobsim.framework.listeners.MobsimListener
trying to crate K-means virtual network, attempt: 01
reading travel data for population of size 100
the ID of the virtualNetwork used for travel data construction is: 1527826290463
Number of time steps = 360
dt = 300
reading travel data for population of size 100
the ID of the virtualNetwork used for travel data construction is: 1527826290463
Number of time steps = 360
dt = 300
2018-06-01 06:11:30,510  INFO AbstractController$8:222 ### ITERATION 0 fires after mobsim event
2018-06-01 06:11:30,511  INFO ControlerListenerManagerImpl:248 calling notifyAfterMobsim on org.matsim.analysis.LegTimesControlerListener
2018-06-01 06:11:30,511  INFO LegTimesControlerListener:50 [0] average trip (probably: leg) duration is: 0 seconds = 00:00:00
2018-06-01 06:11:30,511  INFO ControlerListenerManagerImpl:248 calling notifyAfterMobsim on org.matsim.core.scoring.EventsToActivities$1
2018-06-01 06:11:30,512  INFO ControlerListenerManagerImpl:251 [it.0] all ControlerAfterMobsimListeners called.
2018-06-01 06:11:30,514  INFO MatsimRuntimeModifications:58 S H U T D O W N   ---   start shutdown.
2018-06-01 06:11:30,517  INFO ControlerListenerManagerImpl:121 calling notifyShutdown on org.matsim.core.controler.corelisteners.EventsHandlingImpl
2018-06-01 06:11:30,517  INFO ControlerListenerManagerImpl:126 calling notifyShutdown on org.matsim.analysis.ModeStatsControlerListener
2018-06-01 06:11:30,517  INFO ControlerListenerManagerImpl:126 calling notifyShutdown on org.matsim.analysis.ScoreStatsControlerListener
2018-06-01 06:11:30,518  INFO ControlerListenerManagerImpl:126 calling notifyShutdown on org.matsim.analysis.TravelDistanceStatsControlerListener
2018-06-01 06:11:30,518  INFO ControlerListenerManagerImpl:126 calling notifyShutdown on ch.ethz.matsim.av.plcpc.ParallelLeastCostPathCalculatorShutdownListener
2018-06-01 06:11:30,518  INFO ControlerListenerManagerImpl:129 all ControlerShutdownListeners called.
2018-06-01 06:11:30,519  INFO MatsimRuntimeModifications:81 S H U T D O W N   ---   shutdown completed.
</system-out>
    <system-err>2018-06-01 06:11:29,806  WARN ReflectiveConfigGroup:227 unknown parameter publishPeriod for group dispatcher. Here are the valid parameter names: []
2018-06-01 06:11:29,806  WARN ReflectiveConfigGroup:228 Only the string value will be remembered
2018-06-01 06:11:30,259  WARN OutputDirectoryHierarchy:197 ###########################################################
2018-06-01 06:11:30,260  WARN OutputDirectoryHierarchy:198 ### THE CONTROLER WILL DELETE THE EXISTING OUTPUT DIRECTORY:
2018-06-01 06:11:30,260  WARN OutputDirectoryHierarchy:199 ### ./output
2018-06-01 06:11:30,260  WARN OutputDirectoryHierarchy:200 ###########################################################
2018-06-01 06:11:30,508 ERROR AbstractController:210 Mobsim did not complete normally! afterMobsimListeners will be called anyway.
com.google.inject.ProvisionException: Unable to provision, see the following errors:

1) Error in custom provider, java.lang.NoClassDefFoundError: Could not initialize class org.gnu.glpk.GLPKJNI
  at ch.ethz.idsc.amodeus.matsim.StandardMATSimScenarioTest$2.provideTravelData(StandardMATSimScenarioTest.java:217) (via modules: com.google.inject.util.Modules$CombinedModule -&gt; com.google.inject.util.Modules$CombinedModule -&gt; org.matsim.core.controler.AbstractModule$4 -&gt; com.google.inject.util.Modules$OverrideModule -&gt; org.matsim.core.controler.AbstractModule$4 -&gt; com.google.inject.util.Modules$OverrideModule -&gt; org.matsim.core.controler.AbstractModule$4 -&gt; com.google.inject.util.Modules$OverrideModule -&gt; org.matsim.core.controler.AbstractModule$4 -&gt; com.google.inject.util.Modules$OverrideModule -&gt; org.matsim.core.controler.AbstractModule$4 -&gt; com.google.inject.util.Modules$OverrideModule -&gt; ch.ethz.idsc.amodeus.matsim.StandardMATSimScenarioTest$2)
  at ch.ethz.idsc.amodeus.matsim.StandardMATSimScenarioTest$2.provideTravelData(StandardMATSimScenarioTest.java:217) (via modules: com.google.inject.util.Modules$CombinedModule -&gt; com.google.inject.util.Modules$CombinedModule -&gt; org.matsim.core.controler.AbstractModule$4 -&gt; com.google.inject.util.Modules$OverrideModule -&gt; org.matsim.core.controler.AbstractModule$4 -&gt; com.google.inject.util.Modules$OverrideModule -&gt; org.matsim.core.controler.AbstractModule$4 -&gt; com.google.inject.util.Modules$OverrideModule -&gt; org.matsim.core.controler.AbstractModule$4 -&gt; com.google.inject.util.Modules$OverrideModule -&gt; org.matsim.core.controler.AbstractModule$4 -&gt; com.google.inject.util.Modules$OverrideModule -&gt; ch.ethz.idsc.amodeus.matsim.StandardMATSimScenarioTest$2)
  while locating ch.ethz.idsc.amodeus.traveldata.TravelData
    for field at ch.ethz.idsc.amodeus.dispatcher.FeedforwardFluidicRebalancingPolicy$Factory.travelData(FeedforwardFluidicRebalancingPolicy.java:162)
  while locating ch.ethz.idsc.amodeus.dispatcher.FeedforwardFluidicRebalancingPolicy$Factory
  while locating ch.ethz.matsim.av.dispatcher.AVDispatcher$AVDispatcherFactory annotated with @com.google.inject.multibindings.Element(setName=,uniqueId=630, type=MAPBINDER, keyType=java.lang.String)
  at ch.ethz.matsim.av.framework.AVUtils.bindDispatcherFactory(AVUtils.java:11) (via modules: com.google.inject.util.Modules$CombinedModule -&gt; com.google.inject.util.Modules$CombinedModule -&gt; org.matsim.core.controler.AbstractModule$4 -&gt; com.google.inject.util.Modules$OverrideModule -&gt; org.matsim.core.controler.AbstractModule$4 -&gt; com.google.inject.util.Modules$OverrideModule -&gt; org.matsim.core.controler.AbstractModule$4 -&gt; com.google.inject.util.Modules$OverrideModule -&gt; org.matsim.core.controler.AbstractModule$4 -&gt; com.google.inject.util.Modules$OverrideModule -&gt; org.matsim.core.controler.AbstractModule$4 -&gt; com.google.inject.util.Modules$OverrideModule -&gt; org.matsim.core.controler.AbstractModule$4 -&gt; com.google.inject.util.Modules$OverrideModule -&gt; org.matsim.core.controler.AbstractModule$4 -&gt; com.google.inject.util.Modules$OverrideModule -&gt; ch.ethz.idsc.amodeus.matsim.mod.AmodeusDispatcherModule -&gt; com.google.inject.multibindings.MapBinder$RealMapBinder)
  while locating java.util.Map&lt;java.lang.String, ch.ethz.matsim.av.dispatcher.AVDispatcher$AVDispatcherFactory&gt;
    for the 1st parameter of ch.ethz.matsim.av.framework.AVQSimModule.provideDispatchers(AVQSimModule.java:70)
  at ch.ethz.matsim.av.framework.AVQSimModule.provideDispatchers(AVQSimModule.java:70) (via modules: org.matsim.core.mobsim.qsim.QSimProvider$1 -&gt; ch.ethz.idsc.amodeus.matsim.mod.AmodeusQSimModule -&gt; com.google.inject.util.Modules$OverrideModule -&gt; ch.ethz.matsim.av.framework.AVQSimModule)
  while locating java.util.Map&lt;org.matsim.api.core.v01.Id&lt;ch.ethz.matsim.av.data.AVOperator&gt;, ch.ethz.matsim.av.dispatcher.AVDispatcher&gt;
    for field at ch.ethz.matsim.av.passenger.AVRequestCreator.dispatchers(AVRequestCreator.java:21)
  at ch.ethz.matsim.av.framework.AVQSimModule.configure(AVQSimModule.java:37) (via modules: org.matsim.core.mobsim.qsim.QSimProvider$1 -&gt; ch.ethz.idsc.amodeus.matsim.mod.AmodeusQSimModule -&gt; com.google.inject.util.Modules$OverrideModule -&gt; ch.ethz.matsim.av.framework.AVQSimModule)
  while locating ch.ethz.matsim.av.passenger.AVRequestCreator
    for the 2nd parameter of ch.ethz.matsim.av.framework.AVQSimModule.providePassengerEngine(AVQSimModule.java:48)
  at ch.ethz.matsim.av.framework.AVQSimModule.providePassengerEngine(AVQSimModule.java:48) (via modules: org.matsim.core.mobsim.qsim.QSimProvider$1 -&gt; ch.ethz.idsc.amodeus.matsim.mod.AmodeusQSimModule -&gt; com.google.inject.util.Modules$OverrideModule -&gt; ch.ethz.matsim.av.framework.AVQSimModule)
  while locating org.matsim.contrib.dvrp.passenger.PassengerEngine
  while locating org.matsim.core.mobsim.qsim.QSimProvider
  while locating org.matsim.core.mobsim.framework.Mobsim

2) Error in custom provider, java.lang.NoClassDefFoundError: Could not initialize class org.gnu.glpk.GLPKJNI
  at ch.ethz.idsc.amodeus.matsim.StandardMATSimScenarioTest$2.provideTravelData(StandardMATSimScenarioTest.java:217) (via modules: com.google.inject.util.Modules$CombinedModule -&gt; com.google.inject.util.Modules$CombinedModule -&gt; org.matsim.core.controler.AbstractModule$4 -&gt; com.google.inject.util.Modules$OverrideModule -&gt; org.matsim.core.controler.AbstractModule$4 -&gt; com.google.inject.util.Modules$OverrideModule -&gt; org.matsim.core.controler.AbstractModule$4 -&gt; com.google.inject.util.Modules$OverrideModule -&gt; org.matsim.core.controler.AbstractModule$4 -&gt; com.google.inject.util.Modules$OverrideModule -&gt; org.matsim.core.controler.AbstractModule$4 -&gt; com.google.inject.util.Modules$OverrideModule -&gt; ch.ethz.idsc.amodeus.matsim.StandardMATSimScenarioTest$2)
  at ch.ethz.idsc.amodeus.matsim.StandardMATSimScenarioTest$2.provideTravelData(StandardMATSimScenarioTest.java:217) (via modules: com.google.inject.util.Modules$CombinedModule -&gt; com.google.inject.util.Modules$CombinedModule -&gt; org.matsim.core.controler.AbstractModule$4 -&gt; com.google.inject.util.Modules$OverrideModule -&gt; org.matsim.core.controler.AbstractModule$4 -&gt; com.google.inject.util.Modules$OverrideModule -&gt; org.matsim.core.controler.AbstractModule$4 -&gt; com.google.inject.util.Modules$OverrideModule -&gt; org.matsim.core.controler.AbstractModule$4 -&gt; com.google.inject.util.Modules$OverrideModule -&gt; org.matsim.core.controler.AbstractModule$4 -&gt; com.google.inject.util.Modules$OverrideModule -&gt; ch.ethz.idsc.amodeus.matsim.StandardMATSimScenarioTest$2)
  while locating ch.ethz.idsc.amodeus.traveldata.TravelData
    for field at ch.ethz.idsc.amodeus.dispatcher.FeedforwardFluidicRebalancingPolicy$Factory.travelData(FeedforwardFluidicRebalancingPolicy.java:162)
  while locating ch.ethz.idsc.amodeus.dispatcher.FeedforwardFluidicRebalancingPolicy$Factory
  while locating ch.ethz.matsim.av.dispatcher.AVDispatcher$AVDispatcherFactory annotated with @com.google.inject.multibindings.Element(setName=,uniqueId=630, type=MAPBINDER, keyType=java.lang.String)
  at ch.ethz.matsim.av.framework.AVUtils.bindDispatcherFactory(AVUtils.java:11) (via modules: com.google.inject.util.Modules$CombinedModule -&gt; com.google.inject.util.Modules$CombinedModule -&gt; org.matsim.core.controler.AbstractModule$4 -&gt; com.google.inject.util.Modules$OverrideModule -&gt; org.matsim.core.controler.AbstractModule$4 -&gt; com.google.inject.util.Modules$OverrideModule -&gt; org.matsim.core.controler.AbstractModule$4 -&gt; com.google.inject.util.Modules$OverrideModule -&gt; org.matsim.core.controler.AbstractModule$4 -&gt; com.google.inject.util.Modules$OverrideModule -&gt; org.matsim.core.controler.AbstractModule$4 -&gt; com.google.inject.util.Modules$OverrideModule -&gt; org.matsim.core.controler.AbstractModule$4 -&gt; com.google.inject.util.Modules$OverrideModule -&gt; org.matsim.core.controler.AbstractModule$4 -&gt; com.google.inject.util.Modules$OverrideModule -&gt; ch.ethz.idsc.amodeus.matsim.mod.AmodeusDispatcherModule -&gt; com.google.inject.multibindings.MapBinder$RealMapBinder)
  while locating java.util.Map&lt;java.lang.String, ch.ethz.matsim.av.dispatcher.AVDispatcher$AVDispatcherFactory&gt;
    for the 1st parameter of ch.ethz.matsim.av.framework.AVQSimModule.provideDispatchers(AVQSimModule.java:70)
  at ch.ethz.matsim.av.framework.AVQSimModule.provideDispatchers(AVQSimModule.java:70) (via modules: org.matsim.core.mobsim.qsim.QSimProvider$1 -&gt; ch.ethz.idsc.amodeus.matsim.mod.AmodeusQSimModule -&gt; com.google.inject.util.Modules$OverrideModule -&gt; ch.ethz.matsim.av.framework.AVQSimModule)
  while locating java.util.Map&lt;org.matsim.api.core.v01.Id&lt;ch.ethz.matsim.av.data.AVOperator&gt;, ch.ethz.matsim.av.dispatcher.AVDispatcher&gt;
    for field at ch.ethz.matsim.av.schedule.AVOptimizer.dispatchers(AVOptimizer.java:32)
  at ch.ethz.matsim.av.framework.AVQSimModule.configure(AVQSimModule.java:35) (via modules: org.matsim.core.mobsim.qsim.QSimProvider$1 -&gt; ch.ethz.idsc.amodeus.matsim.mod.AmodeusQSimModule -&gt; com.google.inject.util.Modules$OverrideModule -&gt; ch.ethz.matsim.av.framework.AVQSimModule)
  while locating ch.ethz.matsim.av.schedule.AVOptimizer
    for the 3rd parameter of ch.ethz.matsim.av.framework.AVQSimModule.providePassengerEngine(AVQSimModule.java:48)
  at ch.ethz.matsim.av.framework.AVQSimModule.providePassengerEngine(AVQSimModule.java:48) (via modules: org.matsim.core.mobsim.qsim.QSimProvider$1 -&gt; ch.ethz.idsc.amodeus.matsim.mod.AmodeusQSimModule -&gt; com.google.inject.util.Modules$OverrideModule -&gt; ch.ethz.matsim.av.framework.AVQSimModule)
  while locating org.matsim.contrib.dvrp.passenger.PassengerEngine
  while locating org.matsim.core.mobsim.qsim.QSimProvider
  while locating org.matsim.core.mobsim.framework.Mobsim

2 errors
	at com.google.inject.internal.InjectorImpl$2.get(InjectorImpl.java:1028)
	at org.matsim.core.controler.NewControler.runMobSim(NewControler.java:111)
	at org.matsim.core.controler.AbstractController$7.run(AbstractController.java:199)
	at org.matsim.core.controler.AbstractController.iterationStep(AbstractController.java:231)
	at org.matsim.core.controler.AbstractController.mobsim(AbstractController.java:195)
	at org.matsim.core.controler.AbstractController.iteration(AbstractController.java:154)
	at org.matsim.core.controler.AbstractController.doIterations(AbstractController.java:121)
	at org.matsim.core.controler.AbstractController.access$000(AbstractController.java:29)
	at org.matsim.core.controler.AbstractController$1.run(AbstractController.java:91)
	at org.matsim.core.controler.MatsimRuntimeModifications.run(MatsimRuntimeModifications.java:48)
	at org.matsim.core.controler.MatsimRuntimeModifications.run(MatsimRuntimeModifications.java:31)
	at org.matsim.core.controler.AbstractController.run(AbstractController.java:99)
	at org.matsim.core.controler.NewControler.run(NewControler.java:75)
	at org.matsim.core.controler.Controler.run(Controler.java:202)
	at ch.ethz.idsc.amodeus.matsim.StandardMATSimScenarioTest.testStandardMATSimScenario(StandardMATSimScenarioTest.java:263)
	at sun.reflect.NativeMethodAccessorImpl.invoke0(Native Method)
	at sun.reflect.NativeMethodAccessorImpl.invoke(NativeMethodAccessorImpl.java:62)
	at sun.reflect.DelegatingMethodAccessorImpl.invoke(DelegatingMethodAccessorImpl.java:43)
	at java.lang.reflect.Method.invoke(Method.java:498)
	at org.junit.runners.model.FrameworkMethod$1.runReflectiveCall(FrameworkMethod.java:50)
	at org.junit.internal.runners.model.ReflectiveCallable.run(ReflectiveCallable.java:12)
	at org.junit.runners.model.FrameworkMethod.invokeExplosively(FrameworkMethod.java:47)
	at org.junit.internal.runners.statements.InvokeMethod.evaluate(InvokeMethod.java:17)
	at org.junit.runners.ParentRunner.runLeaf(ParentRunner.java:325)
	at org.junit.runners.BlockJUnit4ClassRunner.runChild(BlockJUnit4ClassRunner.java:78)
	at org.junit.runners.BlockJUnit4ClassRunner.runChild(BlockJUnit4ClassRunner.java:57)
	at org.junit.runners.ParentRunner$3.run(ParentRunner.java:290)
	at org.junit.runners.ParentRunner$1.schedule(ParentRunner.java:71)
	at org.junit.runners.ParentRunner.runChildren(ParentRunner.java:288)
	at org.junit.runners.ParentRunner.access$000(ParentRunner.java:58)
	at org.junit.runners.ParentRunner$2.evaluate(ParentRunner.java:268)
	at org.junit.runners.ParentRunner.run(ParentRunner.java:363)
	at org.junit.runners.Suite.runChild(Suite.java:128)
	at org.junit.runners.Suite.runChild(Suite.java:27)
	at org.junit.runners.ParentRunner$3.run(ParentRunner.java:290)
	at org.junit.runners.ParentRunner$1.schedule(ParentRunner.java:71)
	at org.junit.runners.ParentRunner.runChildren(ParentRunner.java:288)
	at org.junit.runners.ParentRunner.access$000(ParentRunner.java:58)
	at org.junit.runners.ParentRunner$2.evaluate(ParentRunner.java:268)
	at org.junit.runners.ParentRunner.run(ParentRunner.java:363)
	at org.apache.maven.surefire.junit4.JUnit4Provider.execute(JUnit4Provider.java:252)
	at org.apache.maven.surefire.junit4.JUnit4Provider.executeTestSet(JUnit4Provider.java:141)
	at org.apache.maven.surefire.junit4.JUnit4Provider.invoke(JUnit4Provider.java:112)
	at sun.reflect.NativeMethodAccessorImpl.invoke0(Native Method)
	at sun.reflect.NativeMethodAccessorImpl.invoke(NativeMethodAccessorImpl.java:62)
	at sun.reflect.DelegatingMethodAccessorImpl.invoke(DelegatingMethodAccessorImpl.java:43)
	at java.lang.reflect.Method.invoke(Method.java:498)
	at org.apache.maven.surefire.util.ReflectionUtils.invokeMethodWithArray(ReflectionUtils.java:189)
	at org.apache.maven.surefire.booter.ProviderFactory$ProviderProxy.invoke(ProviderFactory.java:165)
	at org.apache.maven.surefire.booter.ProviderFactory.invokeProvider(ProviderFactory.java:85)
	at org.apache.maven.surefire.booter.ForkedBooter.runSuitesInProcess(ForkedBooter.java:115)
	at org.apache.maven.surefire.booter.ForkedBooter.main(ForkedBooter.java:75)
Caused by: java.lang.NoClassDefFoundError: Could not initialize class org.gnu.glpk.GLPKJNI
	at org.gnu.glpk.glp_smcp.&lt;init&gt;(glp_smcp.java:168)
	at ch.ethz.idsc.amodeus.dispatcher.util.LPVehicleRebalancing.&lt;init&gt;(LPVehicleRebalancing.java:31)
	at ch.ethz.idsc.amodeus.traveldata.TravelData.&lt;init&gt;(TravelData.java:150)
	at ch.ethz.idsc.amodeus.matsim.StandardMATSimScenarioTest$2.provideTravelData(StandardMATSimScenarioTest.java:217)
	at ch.ethz.idsc.amodeus.matsim.StandardMATSimScenarioTest$2$$FastClassByGuice$$18c5fb10.invoke(&lt;generated&gt;)
	at com.google.inject.internal.ProviderMethod$FastClassProviderMethod.doProvision(ProviderMethod.java:264)
	at com.google.inject.internal.ProviderMethod$Factory.provision(ProviderMethod.java:401)
	at com.google.inject.internal.ProviderMethod$Factory.get(ProviderMethod.java:376)
	at com.google.inject.internal.ProviderToInternalFactoryAdapter$1.call(ProviderToInternalFactoryAdapter.java:46)
	at com.google.inject.internal.InjectorImpl.callInContext(InjectorImpl.java:1092)
	at com.google.inject.internal.ProviderToInternalFactoryAdapter.get(ProviderToInternalFactoryAdapter.java:40)
	at com.google.inject.internal.SingletonScope$1.get(SingletonScope.java:194)
	at com.google.inject.internal.InternalFactoryToProviderAdapter.get(InternalFactoryToProviderAdapter.java:41)
	at com.google.inject.internal.SingleFieldInjector.inject(SingleFieldInjector.java:54)
	at com.google.inject.internal.MembersInjectorImpl.injectMembers(MembersInjectorImpl.java:132)
	at com.google.inject.internal.ConstructorInjector.provision(ConstructorInjector.java:120)
	at com.google.inject.internal.ConstructorInjector.construct(ConstructorInjector.java:90)
	at com.google.inject.internal.ConstructorBindingImpl$Factory.get(ConstructorBindingImpl.java:268)
	at com.google.inject.internal.FactoryProxy.get(FactoryProxy.java:56)
	at com.google.inject.internal.InjectorImpl$2$1.call(InjectorImpl.java:1019)
	at com.google.inject.internal.InjectorImpl.callInContext(InjectorImpl.java:1092)
	at com.google.inject.internal.InjectorImpl$2.get(InjectorImpl.java:1015)
	at com.google.inject.spi.ProviderLookup$1.get(ProviderLookup.java:104)
	at com.google.inject.spi.ProviderLookup$1.get(ProviderLookup.java:104)
	at com.google.inject.spi.ProviderLookup$1.get(ProviderLookup.java:104)
	at com.google.inject.spi.ProviderLookup$1.get(ProviderLookup.java:104)
	at com.google.inject.spi.ProviderLookup$1.get(ProviderLookup.java:104)
	at com.google.inject.spi.ProviderLookup$1.get(ProviderLookup.java:104)
	at com.google.inject.spi.ProviderLookup$1.get(ProviderLookup.java:104)
	at com.google.inject.spi.ProviderLookup$1.get(ProviderLookup.java:104)
	at com.google.inject.multibindings.MapBinder$RealMapBinder$ValueProvider.get(MapBinder.java:821)
	at com.google.inject.multibindings.MapBinder$RealMapBinder$RealMapProvider.get(MapBinder.java:605)
	at com.google.inject.multibindings.MapBinder$RealMapBinder$RealMapProvider.get(MapBinder.java:586)
	at com.google.inject.internal.ProviderInternalFactory.provision(ProviderInternalFactory.java:81)
	at com.google.inject.internal.InternalFactoryToInitializableAdapter.provision(InternalFactoryToInitializableAdapter.java:53)
	at com.google.inject.internal.ProviderInternalFactory.circularGet(ProviderInternalFactory.java:61)
	at com.google.inject.internal.InternalFactoryToInitializableAdapter.get(InternalFactoryToInitializableAdapter.java:45)
	at com.google.inject.internal.SingleParameterInjector.inject(SingleParameterInjector.java:38)
	at com.google.inject.internal.SingleParameterInjector.getAll(SingleParameterInjector.java:62)
	at com.google.inject.internal.ProviderMethod$Factory.provision(ProviderMethod.java:402)
	at com.google.inject.internal.ProviderMethod$Factory.get(ProviderMethod.java:376)
	at com.google.inject.internal.ProviderToInternalFactoryAdapter$1.call(ProviderToInternalFactoryAdapter.java:46)
	at com.google.inject.internal.InjectorImpl.callInContext(InjectorImpl.java:1092)
	at com.google.inject.internal.ProviderToInternalFactoryAdapter.get(ProviderToInternalFactoryAdapter.java:40)
	at com.google.inject.internal.SingletonScope$1.get(SingletonScope.java:194)
	at com.google.inject.internal.InternalFactoryToProviderAdapter.get(InternalFactoryToProviderAdapter.java:41)
	at com.google.inject.internal.SingleFieldInjector.inject(SingleFieldInjector.java:54)
	at com.google.inject.internal.MembersInjectorImpl.injectMembers(MembersInjectorImpl.java:132)
	at com.google.inject.internal.ConstructorInjector.provision(ConstructorInjector.java:120)
	at com.google.inject.internal.ConstructorInjector.construct(ConstructorInjector.java:90)
	at com.google.inject.internal.ConstructorBindingImpl$Factory.get(ConstructorBindingImpl.java:268)
	at com.google.inject.internal.ProviderToInternalFactoryAdapter$1.call(ProviderToInternalFactoryAdapter.java:46)
	at com.google.inject.internal.InjectorImpl.callInContext(InjectorImpl.java:1092)
	at com.google.inject.internal.ProviderToInternalFactoryAdapter.get(ProviderToInternalFactoryAdapter.java:40)
	at com.google.inject.internal.SingletonScope$1.get(SingletonScope.java:194)
	at com.google.inject.internal.InternalFactoryToProviderAdapter.get(InternalFactoryToProviderAdapter.java:41)
	at com.google.inject.internal.SingleParameterInjector.inject(SingleParameterInjector.java:38)
	at com.google.inject.internal.SingleParameterInjector.getAll(SingleParameterInjector.java:62)
	at com.google.inject.internal.ProviderMethod$Factory.provision(ProviderMethod.java:402)
	at com.google.inject.internal.ProviderMethod$Factory.get(ProviderMethod.java:376)
	at com.google.inject.internal.ProviderToInternalFactoryAdapter$1.call(ProviderToInternalFactoryAdapter.java:46)
	at com.google.inject.internal.InjectorImpl.callInContext(InjectorImpl.java:1092)
	at com.google.inject.internal.ProviderToInternalFactoryAdapter.get(ProviderToInternalFactoryAdapter.java:40)
	at com.google.inject.internal.SingletonScope$1.get(SingletonScope.java:194)
	at com.google.inject.internal.InternalFactoryToProviderAdapter.get(InternalFactoryToProviderAdapter.java:41)
	at com.google.inject.internal.InjectorImpl$2$1.call(InjectorImpl.java:1019)
	at com.google.inject.internal.InjectorImpl.callInContext(InjectorImpl.java:1092)
	at com.google.inject.internal.InjectorImpl$2.get(InjectorImpl.java:1015)
	at com.google.inject.internal.InjectorImpl.getInstance(InjectorImpl.java:1054)
	at org.matsim.core.mobsim.qsim.QSimProvider.get(QSimProvider.java:75)
	at org.matsim.core.mobsim.qsim.QSimProvider.get(QSimProvider.java:41)
	at com.google.inject.internal.ProviderInternalFactory.provision(ProviderInternalFactory.java:81)
	at com.google.inject.internal.BoundProviderFactory.provision(BoundProviderFactory.java:72)
	at com.google.inject.internal.ProviderInternalFactory.circularGet(ProviderInternalFactory.java:61)
	at com.google.inject.internal.BoundProviderFactory.get(BoundProviderFactory.java:62)
	at com.google.inject.internal.InjectorImpl$2$1.call(InjectorImpl.java:1019)
	at com.google.inject.internal.InjectorImpl.callInContext(InjectorImpl.java:1085)
	at com.google.inject.internal.InjectorImpl$2.get(InjectorImpl.java:1015)
	... 51 more
2018-06-01 06:11:30,512 ERROR MatsimRuntimeModifications:54 Getting uncaught Exception in Thread main
com.google.inject.ProvisionException: Unable to provision, see the following errors:

1) Error in custom provider, java.lang.NoClassDefFoundError: Could not initialize class org.gnu.glpk.GLPKJNI
  at ch.ethz.idsc.amodeus.matsim.StandardMATSimScenarioTest$2.provideTravelData(StandardMATSimScenarioTest.java:217) (via modules: com.google.inject.util.Modules$CombinedModule -&gt; com.google.inject.util.Modules$CombinedModule -&gt; org.matsim.core.controler.AbstractModule$4 -&gt; com.google.inject.util.Modules$OverrideModule -&gt; org.matsim.core.controler.AbstractModule$4 -&gt; com.google.inject.util.Modules$OverrideModule -&gt; org.matsim.core.controler.AbstractModule$4 -&gt; com.google.inject.util.Modules$OverrideModule -&gt; org.matsim.core.controler.AbstractModule$4 -&gt; com.google.inject.util.Modules$OverrideModule -&gt; org.matsim.core.controler.AbstractModule$4 -&gt; com.google.inject.util.Modules$OverrideModule -&gt; ch.ethz.idsc.amodeus.matsim.StandardMATSimScenarioTest$2)
  at ch.ethz.idsc.amodeus.matsim.StandardMATSimScenarioTest$2.provideTravelData(StandardMATSimScenarioTest.java:217) (via modules: com.google.inject.util.Modules$CombinedModule -&gt; com.google.inject.util.Modules$CombinedModule -&gt; org.matsim.core.controler.AbstractModule$4 -&gt; com.google.inject.util.Modules$OverrideModule -&gt; org.matsim.core.controler.AbstractModule$4 -&gt; com.google.inject.util.Modules$OverrideModule -&gt; org.matsim.core.controler.AbstractModule$4 -&gt; com.google.inject.util.Modules$OverrideModule -&gt; org.matsim.core.controler.AbstractModule$4 -&gt; com.google.inject.util.Modules$OverrideModule -&gt; org.matsim.core.controler.AbstractModule$4 -&gt; com.google.inject.util.Modules$OverrideModule -&gt; ch.ethz.idsc.amodeus.matsim.StandardMATSimScenarioTest$2)
  while locating ch.ethz.idsc.amodeus.traveldata.TravelData
    for field at ch.ethz.idsc.amodeus.dispatcher.FeedforwardFluidicRebalancingPolicy$Factory.travelData(FeedforwardFluidicRebalancingPolicy.java:162)
  while locating ch.ethz.idsc.amodeus.dispatcher.FeedforwardFluidicRebalancingPolicy$Factory
  while locating ch.ethz.matsim.av.dispatcher.AVDispatcher$AVDispatcherFactory annotated with @com.google.inject.multibindings.Element(setName=,uniqueId=630, type=MAPBINDER, keyType=java.lang.String)
  at ch.ethz.matsim.av.framework.AVUtils.bindDispatcherFactory(AVUtils.java:11) (via modules: com.google.inject.util.Modules$CombinedModule -&gt; com.google.inject.util.Modules$CombinedModule -&gt; org.matsim.core.controler.AbstractModule$4 -&gt; com.google.inject.util.Modules$OverrideModule -&gt; org.matsim.core.controler.AbstractModule$4 -&gt; com.google.inject.util.Modules$OverrideModule -&gt; org.matsim.core.controler.AbstractModule$4 -&gt; com.google.inject.util.Modules$OverrideModule -&gt; org.matsim.core.controler.AbstractModule$4 -&gt; com.google.inject.util.Modules$OverrideModule -&gt; org.matsim.core.controler.AbstractModule$4 -&gt; com.google.inject.util.Modules$OverrideModule -&gt; org.matsim.core.controler.AbstractModule$4 -&gt; com.google.inject.util.Modules$OverrideModule -&gt; org.matsim.core.controler.AbstractModule$4 -&gt; com.google.inject.util.Modules$OverrideModule -&gt; ch.ethz.idsc.amodeus.matsim.mod.AmodeusDispatcherModule -&gt; com.google.inject.multibindings.MapBinder$RealMapBinder)
  while locating java.util.Map&lt;java.lang.String, ch.ethz.matsim.av.dispatcher.AVDispatcher$AVDispatcherFactory&gt;
    for the 1st parameter of ch.ethz.matsim.av.framework.AVQSimModule.provideDispatchers(AVQSimModule.java:70)
  at ch.ethz.matsim.av.framework.AVQSimModule.provideDispatchers(AVQSimModule.java:70) (via modules: org.matsim.core.mobsim.qsim.QSimProvider$1 -&gt; ch.ethz.idsc.amodeus.matsim.mod.AmodeusQSimModule -&gt; com.google.inject.util.Modules$OverrideModule -&gt; ch.ethz.matsim.av.framework.AVQSimModule)
  while locating java.util.Map&lt;org.matsim.api.core.v01.Id&lt;ch.ethz.matsim.av.data.AVOperator&gt;, ch.ethz.matsim.av.dispatcher.AVDispatcher&gt;
    for field at ch.ethz.matsim.av.passenger.AVRequestCreator.dispatchers(AVRequestCreator.java:21)
  at ch.ethz.matsim.av.framework.AVQSimModule.configure(AVQSimModule.java:37) (via modules: org.matsim.core.mobsim.qsim.QSimProvider$1 -&gt; ch.ethz.idsc.amodeus.matsim.mod.AmodeusQSimModule -&gt; com.google.inject.util.Modules$OverrideModule -&gt; ch.ethz.matsim.av.framework.AVQSimModule)
  while locating ch.ethz.matsim.av.passenger.AVRequestCreator
    for the 2nd parameter of ch.ethz.matsim.av.framework.AVQSimModule.providePassengerEngine(AVQSimModule.java:48)
  at ch.ethz.matsim.av.framework.AVQSimModule.providePassengerEngine(AVQSimModule.java:48) (via modules: org.matsim.core.mobsim.qsim.QSimProvider$1 -&gt; ch.ethz.idsc.amodeus.matsim.mod.AmodeusQSimModule -&gt; com.google.inject.util.Modules$OverrideModule -&gt; ch.ethz.matsim.av.framework.AVQSimModule)
  while locating org.matsim.contrib.dvrp.passenger.PassengerEngine
  while locating org.matsim.core.mobsim.qsim.QSimProvider
  while locating org.matsim.core.mobsim.framework.Mobsim

2) Error in custom provider, java.lang.NoClassDefFoundError: Could not initialize class org.gnu.glpk.GLPKJNI
  at ch.ethz.idsc.amodeus.matsim.StandardMATSimScenarioTest$2.provideTravelData(StandardMATSimScenarioTest.java:217) (via modules: com.google.inject.util.Modules$CombinedModule -&gt; com.google.inject.util.Modules$CombinedModule -&gt; org.matsim.core.controler.AbstractModule$4 -&gt; com.google.inject.util.Modules$OverrideModule -&gt; org.matsim.core.controler.AbstractModule$4 -&gt; com.google.inject.util.Modules$OverrideModule -&gt; org.matsim.core.controler.AbstractModule$4 -&gt; com.google.inject.util.Modules$OverrideModule -&gt; org.matsim.core.controler.AbstractModule$4 -&gt; com.google.inject.util.Modules$OverrideModule -&gt; org.matsim.core.controler.AbstractModule$4 -&gt; com.google.inject.util.Modules$OverrideModule -&gt; ch.ethz.idsc.amodeus.matsim.StandardMATSimScenarioTest$2)
  at ch.ethz.idsc.amodeus.matsim.StandardMATSimScenarioTest$2.provideTravelData(StandardMATSimScenarioTest.java:217) (via modules: com.google.inject.util.Modules$CombinedModule -&gt; com.google.inject.util.Modules$CombinedModule -&gt; org.matsim.core.controler.AbstractModule$4 -&gt; com.google.inject.util.Modules$OverrideModule -&gt; org.matsim.core.controler.AbstractModule$4 -&gt; com.google.inject.util.Modules$OverrideModule -&gt; org.matsim.core.controler.AbstractModule$4 -&gt; com.google.inject.util.Modules$OverrideModule -&gt; org.matsim.core.controler.AbstractModule$4 -&gt; com.google.inject.util.Modules$OverrideModule -&gt; org.matsim.core.controler.AbstractModule$4 -&gt; com.google.inject.util.Modules$OverrideModule -&gt; ch.ethz.idsc.amodeus.matsim.StandardMATSimScenarioTest$2)
  while locating ch.ethz.idsc.amodeus.traveldata.TravelData
    for field at ch.ethz.idsc.amodeus.dispatcher.FeedforwardFluidicRebalancingPolicy$Factory.travelData(FeedforwardFluidicRebalancingPolicy.java:162)
  while locating ch.ethz.idsc.amodeus.dispatcher.FeedforwardFluidicRebalancingPolicy$Factory
  while locating ch.ethz.matsim.av.dispatcher.AVDispatcher$AVDispatcherFactory annotated with @com.google.inject.multibindings.Element(setName=,uniqueId=630, type=MAPBINDER, keyType=java.lang.String)
  at ch.ethz.matsim.av.framework.AVUtils.bindDispatcherFactory(AVUtils.java:11) (via modules: com.google.inject.util.Modules$CombinedModule -&gt; com.google.inject.util.Modules$CombinedModule -&gt; org.matsim.core.controler.AbstractModule$4 -&gt; com.google.inject.util.Modules$OverrideModule -&gt; org.matsim.core.controler.AbstractModule$4 -&gt; com.google.inject.util.Modules$OverrideModule -&gt; org.matsim.core.controler.AbstractModule$4 -&gt; com.google.inject.util.Modules$OverrideModule -&gt; org.matsim.core.controler.AbstractModule$4 -&gt; com.google.inject.util.Modules$OverrideModule -&gt; org.matsim.core.controler.AbstractModule$4 -&gt; com.google.inject.util.Modules$OverrideModule -&gt; org.matsim.core.controler.AbstractModule$4 -&gt; com.google.inject.util.Modules$OverrideModule -&gt; org.matsim.core.controler.AbstractModule$4 -&gt; com.google.inject.util.Modules$OverrideModule -&gt; ch.ethz.idsc.amodeus.matsim.mod.AmodeusDispatcherModule -&gt; com.google.inject.multibindings.MapBinder$RealMapBinder)
  while locating java.util.Map&lt;java.lang.String, ch.ethz.matsim.av.dispatcher.AVDispatcher$AVDispatcherFactory&gt;
    for the 1st parameter of ch.ethz.matsim.av.framework.AVQSimModule.provideDispatchers(AVQSimModule.java:70)
  at ch.ethz.matsim.av.framework.AVQSimModule.provideDispatchers(AVQSimModule.java:70) (via modules: org.matsim.core.mobsim.qsim.QSimProvider$1 -&gt; ch.ethz.idsc.amodeus.matsim.mod.AmodeusQSimModule -&gt; com.google.inject.util.Modules$OverrideModule -&gt; ch.ethz.matsim.av.framework.AVQSimModule)
  while locating java.util.Map&lt;org.matsim.api.core.v01.Id&lt;ch.ethz.matsim.av.data.AVOperator&gt;, ch.ethz.matsim.av.dispatcher.AVDispatcher&gt;
    for field at ch.ethz.matsim.av.schedule.AVOptimizer.dispatchers(AVOptimizer.java:32)
  at ch.ethz.matsim.av.framework.AVQSimModule.configure(AVQSimModule.java:35) (via modules: org.matsim.core.mobsim.qsim.QSimProvider$1 -&gt; ch.ethz.idsc.amodeus.matsim.mod.AmodeusQSimModule -&gt; com.google.inject.util.Modules$OverrideModule -&gt; ch.ethz.matsim.av.framework.AVQSimModule)
  while locating ch.ethz.matsim.av.schedule.AVOptimizer
    for the 3rd parameter of ch.ethz.matsim.av.framework.AVQSimModule.providePassengerEngine(AVQSimModule.java:48)
  at ch.ethz.matsim.av.framework.AVQSimModule.providePassengerEngine(AVQSimModule.java:48) (via modules: org.matsim.core.mobsim.qsim.QSimProvider$1 -&gt; ch.ethz.idsc.amodeus.matsim.mod.AmodeusQSimModule -&gt; com.google.inject.util.Modules$OverrideModule -&gt; ch.ethz.matsim.av.framework.AVQSimModule)
  while locating org.matsim.contrib.dvrp.passenger.PassengerEngine
  while locating org.matsim.core.mobsim.qsim.QSimProvider
  while locating org.matsim.core.mobsim.framework.Mobsim

2 errors
	at com.google.inject.internal.InjectorImpl$2.get(InjectorImpl.java:1028)
	at org.matsim.core.controler.NewControler.runMobSim(NewControler.java:111)
	at org.matsim.core.controler.AbstractController$7.run(AbstractController.java:199)
	at org.matsim.core.controler.AbstractController.iterationStep(AbstractController.java:231)
	at org.matsim.core.controler.AbstractController.mobsim(AbstractController.java:195)
	at org.matsim.core.controler.AbstractController.iteration(AbstractController.java:154)
	at org.matsim.core.controler.AbstractController.doIterations(AbstractController.java:121)
	at org.matsim.core.controler.AbstractController.access$000(AbstractController.java:29)
	at org.matsim.core.controler.AbstractController$1.run(AbstractController.java:91)
	at org.matsim.core.controler.MatsimRuntimeModifications.run(MatsimRuntimeModifications.java:48)
	at org.matsim.core.controler.MatsimRuntimeModifications.run(MatsimRuntimeModifications.java:31)
	at org.matsim.core.controler.AbstractController.run(AbstractController.java:99)
	at org.matsim.core.controler.NewControler.run(NewControler.java:75)
	at org.matsim.core.controler.Controler.run(Controler.java:202)
	at ch.ethz.idsc.amodeus.matsim.StandardMATSimScenarioTest.testStandardMATSimScenario(StandardMATSimScenarioTest.java:263)
	at sun.reflect.NativeMethodAccessorImpl.invoke0(Native Method)
	at sun.reflect.NativeMethodAccessorImpl.invoke(NativeMethodAccessorImpl.java:62)
	at sun.reflect.DelegatingMethodAccessorImpl.invoke(DelegatingMethodAccessorImpl.java:43)
	at java.lang.reflect.Method.invoke(Method.java:498)
	at org.junit.runners.model.FrameworkMethod$1.runReflectiveCall(FrameworkMethod.java:50)
	at org.junit.internal.runners.model.ReflectiveCallable.run(ReflectiveCallable.java:12)
	at org.junit.runners.model.FrameworkMethod.invokeExplosively(FrameworkMethod.java:47)
	at org.junit.internal.runners.statements.InvokeMethod.evaluate(InvokeMethod.java:17)
	at org.junit.runners.ParentRunner.runLeaf(ParentRunner.java:325)
	at org.junit.runners.BlockJUnit4ClassRunner.runChild(BlockJUnit4ClassRunner.java:78)
	at org.junit.runners.BlockJUnit4ClassRunner.runChild(BlockJUnit4ClassRunner.java:57)
	at org.junit.runners.ParentRunner$3.run(ParentRunner.java:290)
	at org.junit.runners.ParentRunner$1.schedule(ParentRunner.java:71)
	at org.junit.runners.ParentRunner.runChildren(ParentRunner.java:288)
	at org.junit.runners.ParentRunner.access$000(ParentRunner.java:58)
	at org.junit.runners.ParentRunner$2.evaluate(ParentRunner.java:268)
	at org.junit.runners.ParentRunner.run(ParentRunner.java:363)
	at org.junit.runners.Suite.runChild(Suite.java:128)
	at org.junit.runners.Suite.runChild(Suite.java:27)
	at org.junit.runners.ParentRunner$3.run(ParentRunner.java:290)
	at org.junit.runners.ParentRunner$1.schedule(ParentRunner.java:71)
	at org.junit.runners.ParentRunner.runChildren(ParentRunner.java:288)
	at org.junit.runners.ParentRunner.access$000(ParentRunner.java:58)
	at org.junit.runners.ParentRunner$2.evaluate(ParentRunner.java:268)
	at org.junit.runners.ParentRunner.run(ParentRunner.java:363)
	at org.apache.maven.surefire.junit4.JUnit4Provider.execute(JUnit4Provider.java:252)
	at org.apache.maven.surefire.junit4.JUnit4Provider.executeTestSet(JUnit4Provider.java:141)
	at org.apache.maven.surefire.junit4.JUnit4Provider.invoke(JUnit4Provider.java:112)
	at sun.reflect.NativeMethodAccessorImpl.invoke0(Native Method)
	at sun.reflect.NativeMethodAccessorImpl.invoke(NativeMethodAccessorImpl.java:62)
	at sun.reflect.DelegatingMethodAccessorImpl.invoke(DelegatingMethodAccessorImpl.java:43)
	at java.lang.reflect.Method.invoke(Method.java:498)
	at org.apache.maven.surefire.util.ReflectionUtils.invokeMethodWithArray(ReflectionUtils.java:189)
	at org.apache.maven.surefire.booter.ProviderFactory$ProviderProxy.invoke(ProviderFactory.java:165)
	at org.apache.maven.surefire.booter.ProviderFactory.invokeProvider(ProviderFactory.java:85)
	at org.apache.maven.surefire.booter.ForkedBooter.runSuitesInProcess(ForkedBooter.java:115)
	at org.apache.maven.surefire.booter.ForkedBooter.main(ForkedBooter.java:75)
Caused by: java.lang.NoClassDefFoundError: Could not initialize class org.gnu.glpk.GLPKJNI
	at org.gnu.glpk.glp_smcp.&lt;init&gt;(glp_smcp.java:168)
	at ch.ethz.idsc.amodeus.dispatcher.util.LPVehicleRebalancing.&lt;init&gt;(LPVehicleRebalancing.java:31)
	at ch.ethz.idsc.amodeus.traveldata.TravelData.&lt;init&gt;(TravelData.java:150)
	at ch.ethz.idsc.amodeus.matsim.StandardMATSimScenarioTest$2.provideTravelData(StandardMATSimScenarioTest.java:217)
	at ch.ethz.idsc.amodeus.matsim.StandardMATSimScenarioTest$2$$FastClassByGuice$$18c5fb10.invoke(&lt;generated&gt;)
	at com.google.inject.internal.ProviderMethod$FastClassProviderMethod.doProvision(ProviderMethod.java:264)
	at com.google.inject.internal.ProviderMethod$Factory.provision(ProviderMethod.java:401)
	at com.google.inject.internal.ProviderMethod$Factory.get(ProviderMethod.java:376)
	at com.google.inject.internal.ProviderToInternalFactoryAdapter$1.call(ProviderToInternalFactoryAdapter.java:46)
	at com.google.inject.internal.InjectorImpl.callInContext(InjectorImpl.java:1092)
	at com.google.inject.internal.ProviderToInternalFactoryAdapter.get(ProviderToInternalFactoryAdapter.java:40)
	at com.google.inject.internal.SingletonScope$1.get(SingletonScope.java:194)
	at com.google.inject.internal.InternalFactoryToProviderAdapter.get(InternalFactoryToProviderAdapter.java:41)
	at com.google.inject.internal.SingleFieldInjector.inject(SingleFieldInjector.java:54)
	at com.google.inject.internal.MembersInjectorImpl.injectMembers(MembersInjectorImpl.java:132)
	at com.google.inject.internal.ConstructorInjector.provision(ConstructorInjector.java:120)
	at com.google.inject.internal.ConstructorInjector.construct(ConstructorInjector.java:90)
	at com.google.inject.internal.ConstructorBindingImpl$Factory.get(ConstructorBindingImpl.java:268)
	at com.google.inject.internal.FactoryProxy.get(FactoryProxy.java:56)
	at com.google.inject.internal.InjectorImpl$2$1.call(InjectorImpl.java:1019)
	at com.google.inject.internal.InjectorImpl.callInContext(InjectorImpl.java:1092)
	at com.google.inject.internal.InjectorImpl$2.get(InjectorImpl.java:1015)
	at com.google.inject.spi.ProviderLookup$1.get(ProviderLookup.java:104)
	at com.google.inject.spi.ProviderLookup$1.get(ProviderLookup.java:104)
	at com.google.inject.spi.ProviderLookup$1.get(ProviderLookup.java:104)
	at com.google.inject.spi.ProviderLookup$1.get(ProviderLookup.java:104)
	at com.google.inject.spi.ProviderLookup$1.get(ProviderLookup.java:104)
	at com.google.inject.spi.ProviderLookup$1.get(ProviderLookup.java:104)
	at com.google.inject.spi.ProviderLookup$1.get(ProviderLookup.java:104)
	at com.google.inject.spi.ProviderLookup$1.get(ProviderLookup.java:104)
	at com.google.inject.multibindings.MapBinder$RealMapBinder$ValueProvider.get(MapBinder.java:821)
	at com.google.inject.multibindings.MapBinder$RealMapBinder$RealMapProvider.get(MapBinder.java:605)
	at com.google.inject.multibindings.MapBinder$RealMapBinder$RealMapProvider.get(MapBinder.java:586)
	at com.google.inject.internal.ProviderInternalFactory.provision(ProviderInternalFactory.java:81)
	at com.google.inject.internal.InternalFactoryToInitializableAdapter.provision(InternalFactoryToInitializableAdapter.java:53)
	at com.google.inject.internal.ProviderInternalFactory.circularGet(ProviderInternalFactory.java:61)
	at com.google.inject.internal.InternalFactoryToInitializableAdapter.get(InternalFactoryToInitializableAdapter.java:45)
	at com.google.inject.internal.SingleParameterInjector.inject(SingleParameterInjector.java:38)
	at com.google.inject.internal.SingleParameterInjector.getAll(SingleParameterInjector.java:62)
	at com.google.inject.internal.ProviderMethod$Factory.provision(ProviderMethod.java:402)
	at com.google.inject.internal.ProviderMethod$Factory.get(ProviderMethod.java:376)
	at com.google.inject.internal.ProviderToInternalFactoryAdapter$1.call(ProviderToInternalFactoryAdapter.java:46)
	at com.google.inject.internal.InjectorImpl.callInContext(InjectorImpl.java:1092)
	at com.google.inject.internal.ProviderToInternalFactoryAdapter.get(ProviderToInternalFactoryAdapter.java:40)
	at com.google.inject.internal.SingletonScope$1.get(SingletonScope.java:194)
	at com.google.inject.internal.InternalFactoryToProviderAdapter.get(InternalFactoryToProviderAdapter.java:41)
	at com.google.inject.internal.SingleFieldInjector.inject(SingleFieldInjector.java:54)
	at com.google.inject.internal.MembersInjectorImpl.injectMembers(MembersInjectorImpl.java:132)
	at com.google.inject.internal.ConstructorInjector.provision(ConstructorInjector.java:120)
	at com.google.inject.internal.ConstructorInjector.construct(ConstructorInjector.java:90)
	at com.google.inject.internal.ConstructorBindingImpl$Factory.get(ConstructorBindingImpl.java:268)
	at com.google.inject.internal.ProviderToInternalFactoryAdapter$1.call(ProviderToInternalFactoryAdapter.java:46)
	at com.google.inject.internal.InjectorImpl.callInContext(InjectorImpl.java:1092)
	at com.google.inject.internal.ProviderToInternalFactoryAdapter.get(ProviderToInternalFactoryAdapter.java:40)
	at com.google.inject.internal.SingletonScope$1.get(SingletonScope.java:194)
	at com.google.inject.internal.InternalFactoryToProviderAdapter.get(InternalFactoryToProviderAdapter.java:41)
	at com.google.inject.internal.SingleParameterInjector.inject(SingleParameterInjector.java:38)
	at com.google.inject.internal.SingleParameterInjector.getAll(SingleParameterInjector.java:62)
	at com.google.inject.internal.ProviderMethod$Factory.provision(ProviderMethod.java:402)
	at com.google.inject.internal.ProviderMethod$Factory.get(ProviderMethod.java:376)
	at com.google.inject.internal.ProviderToInternalFactoryAdapter$1.call(ProviderToInternalFactoryAdapter.java:46)
	at com.google.inject.internal.InjectorImpl.callInContext(InjectorImpl.java:1092)
	at com.google.inject.internal.ProviderToInternalFactoryAdapter.get(ProviderToInternalFactoryAdapter.java:40)
	at com.google.inject.internal.SingletonScope$1.get(SingletonScope.java:194)
	at com.google.inject.internal.InternalFactoryToProviderAdapter.get(InternalFactoryToProviderAdapter.java:41)
	at com.google.inject.internal.InjectorImpl$2$1.call(InjectorImpl.java:1019)
	at com.google.inject.internal.InjectorImpl.callInContext(InjectorImpl.java:1092)
	at com.google.inject.internal.InjectorImpl$2.get(InjectorImpl.java:1015)
	at com.google.inject.internal.InjectorImpl.getInstance(InjectorImpl.java:1054)
	at org.matsim.core.mobsim.qsim.QSimProvider.get(QSimProvider.java:75)
	at org.matsim.core.mobsim.qsim.QSimProvider.get(QSimProvider.java:41)
	at com.google.inject.internal.ProviderInternalFactory.provision(ProviderInternalFactory.java:81)
	at com.google.inject.internal.BoundProviderFactory.provision(BoundProviderFactory.java:72)
	at com.google.inject.internal.ProviderInternalFactory.circularGet(ProviderInternalFactory.java:61)
	at com.google.inject.internal.BoundProviderFactory.get(BoundProviderFactory.java:62)
	at com.google.inject.internal.InjectorImpl$2$1.call(InjectorImpl.java:1019)
	at com.google.inject.internal.InjectorImpl.callInContext(InjectorImpl.java:1085)
	at com.google.inject.internal.InjectorImpl$2.get(InjectorImpl.java:1015)
	... 51 more
2018-06-01 06:11:30,514 ERROR MatsimRuntimeModifications:60 ERROR --- This is an unexpected shutdown!
2018-06-01 06:11:30,515 ERROR MatsimRuntimeModifications:63 Shutdown possibly caused by the following Exception:
com.google.inject.ProvisionException: Unable to provision, see the following errors:

1) Error in custom provider, java.lang.NoClassDefFoundError: Could not initialize class org.gnu.glpk.GLPKJNI
  at ch.ethz.idsc.amodeus.matsim.StandardMATSimScenarioTest$2.provideTravelData(StandardMATSimScenarioTest.java:217) (via modules: com.google.inject.util.Modules$CombinedModule -&gt; com.google.inject.util.Modules$CombinedModule -&gt; org.matsim.core.controler.AbstractModule$4 -&gt; com.google.inject.util.Modules$OverrideModule -&gt; org.matsim.core.controler.AbstractModule$4 -&gt; com.google.inject.util.Modules$OverrideModule -&gt; org.matsim.core.controler.AbstractModule$4 -&gt; com.google.inject.util.Modules$OverrideModule -&gt; org.matsim.core.controler.AbstractModule$4 -&gt; com.google.inject.util.Modules$OverrideModule -&gt; org.matsim.core.controler.AbstractModule$4 -&gt; com.google.inject.util.Modules$OverrideModule -&gt; ch.ethz.idsc.amodeus.matsim.StandardMATSimScenarioTest$2)
  at ch.ethz.idsc.amodeus.matsim.StandardMATSimScenarioTest$2.provideTravelData(StandardMATSimScenarioTest.java:217) (via modules: com.google.inject.util.Modules$CombinedModule -&gt; com.google.inject.util.Modules$CombinedModule -&gt; org.matsim.core.controler.AbstractModule$4 -&gt; com.google.inject.util.Modules$OverrideModule -&gt; org.matsim.core.controler.AbstractModule$4 -&gt; com.google.inject.util.Modules$OverrideModule -&gt; org.matsim.core.controler.AbstractModule$4 -&gt; com.google.inject.util.Modules$OverrideModule -&gt; org.matsim.core.controler.AbstractModule$4 -&gt; com.google.inject.util.Modules$OverrideModule -&gt; org.matsim.core.controler.AbstractModule$4 -&gt; com.google.inject.util.Modules$OverrideModule -&gt; ch.ethz.idsc.amodeus.matsim.StandardMATSimScenarioTest$2)
  while locating ch.ethz.idsc.amodeus.traveldata.TravelData
    for field at ch.ethz.idsc.amodeus.dispatcher.FeedforwardFluidicRebalancingPolicy$Factory.travelData(FeedforwardFluidicRebalancingPolicy.java:162)
  while locating ch.ethz.idsc.amodeus.dispatcher.FeedforwardFluidicRebalancingPolicy$Factory
  while locating ch.ethz.matsim.av.dispatcher.AVDispatcher$AVDispatcherFactory annotated with @com.google.inject.multibindings.Element(setName=,uniqueId=630, type=MAPBINDER, keyType=java.lang.String)
  at ch.ethz.matsim.av.framework.AVUtils.bindDispatcherFactory(AVUtils.java:11) (via modules: com.google.inject.util.Modules$CombinedModule -&gt; com.google.inject.util.Modules$CombinedModule -&gt; org.matsim.core.controler.AbstractModule$4 -&gt; com.google.inject.util.Modules$OverrideModule -&gt; org.matsim.core.controler.AbstractModule$4 -&gt; com.google.inject.util.Modules$OverrideModule -&gt; org.matsim.core.controler.AbstractModule$4 -&gt; com.google.inject.util.Modules$OverrideModule -&gt; org.matsim.core.controler.AbstractModule$4 -&gt; com.google.inject.util.Modules$OverrideModule -&gt; org.matsim.core.controler.AbstractModule$4 -&gt; com.google.inject.util.Modules$OverrideModule -&gt; org.matsim.core.controler.AbstractModule$4 -&gt; com.google.inject.util.Modules$OverrideModule -&gt; org.matsim.core.controler.AbstractModule$4 -&gt; com.google.inject.util.Modules$OverrideModule -&gt; ch.ethz.idsc.amodeus.matsim.mod.AmodeusDispatcherModule -&gt; com.google.inject.multibindings.MapBinder$RealMapBinder)
  while locating java.util.Map&lt;java.lang.String, ch.ethz.matsim.av.dispatcher.AVDispatcher$AVDispatcherFactory&gt;
    for the 1st parameter of ch.ethz.matsim.av.framework.AVQSimModule.provideDispatchers(AVQSimModule.java:70)
  at ch.ethz.matsim.av.framework.AVQSimModule.provideDispatchers(AVQSimModule.java:70) (via modules: org.matsim.core.mobsim.qsim.QSimProvider$1 -&gt; ch.ethz.idsc.amodeus.matsim.mod.AmodeusQSimModule -&gt; com.google.inject.util.Modules$OverrideModule -&gt; ch.ethz.matsim.av.framework.AVQSimModule)
  while locating java.util.Map&lt;org.matsim.api.core.v01.Id&lt;ch.ethz.matsim.av.data.AVOperator&gt;, ch.ethz.matsim.av.dispatcher.AVDispatcher&gt;
    for field at ch.ethz.matsim.av.passenger.AVRequestCreator.dispatchers(AVRequestCreator.java:21)
  at ch.ethz.matsim.av.framework.AVQSimModule.configure(AVQSimModule.java:37) (via modules: org.matsim.core.mobsim.qsim.QSimProvider$1 -&gt; ch.ethz.idsc.amodeus.matsim.mod.AmodeusQSimModule -&gt; com.google.inject.util.Modules$OverrideModule -&gt; ch.ethz.matsim.av.framework.AVQSimModule)
  while locating ch.ethz.matsim.av.passenger.AVRequestCreator
    for the 2nd parameter of ch.ethz.matsim.av.framework.AVQSimModule.providePassengerEngine(AVQSimModule.java:48)
  at ch.ethz.matsim.av.framework.AVQSimModule.providePassengerEngine(AVQSimModule.java:48) (via modules: org.matsim.core.mobsim.qsim.QSimProvider$1 -&gt; ch.ethz.idsc.amodeus.matsim.mod.AmodeusQSimModule -&gt; com.google.inject.util.Modules$OverrideModule -&gt; ch.ethz.matsim.av.framework.AVQSimModule)
  while locating org.matsim.contrib.dvrp.passenger.PassengerEngine
  while locating org.matsim.core.mobsim.qsim.QSimProvider
  while locating org.matsim.core.mobsim.framework.Mobsim

2) Error in custom provider, java.lang.NoClassDefFoundError: Could not initialize class org.gnu.glpk.GLPKJNI
  at ch.ethz.idsc.amodeus.matsim.StandardMATSimScenarioTest$2.provideTravelData(StandardMATSimScenarioTest.java:217) (via modules: com.google.inject.util.Modules$CombinedModule -&gt; com.google.inject.util.Modules$CombinedModule -&gt; org.matsim.core.controler.AbstractModule$4 -&gt; com.google.inject.util.Modules$OverrideModule -&gt; org.matsim.core.controler.AbstractModule$4 -&gt; com.google.inject.util.Modules$OverrideModule -&gt; org.matsim.core.controler.AbstractModule$4 -&gt; com.google.inject.util.Modules$OverrideModule -&gt; org.matsim.core.controler.AbstractModule$4 -&gt; com.google.inject.util.Modules$OverrideModule -&gt; org.matsim.core.controler.AbstractModule$4 -&gt; com.google.inject.util.Modules$OverrideModule -&gt; ch.ethz.idsc.amodeus.matsim.StandardMATSimScenarioTest$2)
  at ch.ethz.idsc.amodeus.matsim.StandardMATSimScenarioTest$2.provideTravelData(StandardMATSimScenarioTest.java:217) (via modules: com.google.inject.util.Modules$CombinedModule -&gt; com.google.inject.util.Modules$CombinedModule -&gt; org.matsim.core.controler.AbstractModule$4 -&gt; com.google.inject.util.Modules$OverrideModule -&gt; org.matsim.core.controler.AbstractModule$4 -&gt; com.google.inject.util.Modules$OverrideModule -&gt; org.matsim.core.controler.AbstractModule$4 -&gt; com.google.inject.util.Modules$OverrideModule -&gt; org.matsim.core.controler.AbstractModule$4 -&gt; com.google.inject.util.Modules$OverrideModule -&gt; org.matsim.core.controler.AbstractModule$4 -&gt; com.google.inject.util.Modules$OverrideModule -&gt; ch.ethz.idsc.amodeus.matsim.StandardMATSimScenarioTest$2)
  while locating ch.ethz.idsc.amodeus.traveldata.TravelData
    for field at ch.ethz.idsc.amodeus.dispatcher.FeedforwardFluidicRebalancingPolicy$Factory.travelData(FeedforwardFluidicRebalancingPolicy.java:162)
  while locating ch.ethz.idsc.amodeus.dispatcher.FeedforwardFluidicRebalancingPolicy$Factory
  while locating ch.ethz.matsim.av.dispatcher.AVDispatcher$AVDispatcherFactory annotated with @com.google.inject.multibindings.Element(setName=,uniqueId=630, type=MAPBINDER, keyType=java.lang.String)
  at ch.ethz.matsim.av.framework.AVUtils.bindDispatcherFactory(AVUtils.java:11) (via modules: com.google.inject.util.Modules$CombinedModule -&gt; com.google.inject.util.Modules$CombinedModule -&gt; org.matsim.core.controler.AbstractModule$4 -&gt; com.google.inject.util.Modules$OverrideModule -&gt; org.matsim.core.controler.AbstractModule$4 -&gt; com.google.inject.util.Modules$OverrideModule -&gt; org.matsim.core.controler.AbstractModule$4 -&gt; com.google.inject.util.Modules$OverrideModule -&gt; org.matsim.core.controler.AbstractModule$4 -&gt; com.google.inject.util.Modules$OverrideModule -&gt; org.matsim.core.controler.AbstractModule$4 -&gt; com.google.inject.util.Modules$OverrideModule -&gt; org.matsim.core.controler.AbstractModule$4 -&gt; com.google.inject.util.Modules$OverrideModule -&gt; org.matsim.core.controler.AbstractModule$4 -&gt; com.google.inject.util.Modules$OverrideModule -&gt; ch.ethz.idsc.amodeus.matsim.mod.AmodeusDispatcherModule -&gt; com.google.inject.multibindings.MapBinder$RealMapBinder)
  while locating java.util.Map&lt;java.lang.String, ch.ethz.matsim.av.dispatcher.AVDispatcher$AVDispatcherFactory&gt;
    for the 1st parameter of ch.ethz.matsim.av.framework.AVQSimModule.provideDispatchers(AVQSimModule.java:70)
  at ch.ethz.matsim.av.framework.AVQSimModule.provideDispatchers(AVQSimModule.java:70) (via modules: org.matsim.core.mobsim.qsim.QSimProvider$1 -&gt; ch.ethz.idsc.amodeus.matsim.mod.AmodeusQSimModule -&gt; com.google.inject.util.Modules$OverrideModule -&gt; ch.ethz.matsim.av.framework.AVQSimModule)
  while locating java.util.Map&lt;org.matsim.api.core.v01.Id&lt;ch.ethz.matsim.av.data.AVOperator&gt;, ch.ethz.matsim.av.dispatcher.AVDispatcher&gt;
    for field at ch.ethz.matsim.av.schedule.AVOptimizer.dispatchers(AVOptimizer.java:32)
  at ch.ethz.matsim.av.framework.AVQSimModule.configure(AVQSimModule.java:35) (via modules: org.matsim.core.mobsim.qsim.QSimProvider$1 -&gt; ch.ethz.idsc.amodeus.matsim.mod.AmodeusQSimModule -&gt; com.google.inject.util.Modules$OverrideModule -&gt; ch.ethz.matsim.av.framework.AVQSimModule)
  while locating ch.ethz.matsim.av.schedule.AVOptimizer
    for the 3rd parameter of ch.ethz.matsim.av.framework.AVQSimModule.providePassengerEngine(AVQSimModule.java:48)
  at ch.ethz.matsim.av.framework.AVQSimModule.providePassengerEngine(AVQSimModule.java:48) (via modules: org.matsim.core.mobsim.qsim.QSimProvider$1 -&gt; ch.ethz.idsc.amodeus.matsim.mod.AmodeusQSimModule -&gt; com.google.inject.util.Modules$OverrideModule -&gt; ch.ethz.matsim.av.framework.AVQSimModule)
  while locating org.matsim.contrib.dvrp.passenger.PassengerEngine
  while locating org.matsim.core.mobsim.qsim.QSimProvider
  while locating org.matsim.core.mobsim.framework.Mobsim

2 errors
	at com.google.inject.internal.InjectorImpl$2.get(InjectorImpl.java:1028)
	at org.matsim.core.controler.NewControler.runMobSim(NewControler.java:111)
	at org.matsim.core.controler.AbstractController$7.run(AbstractController.java:199)
	at org.matsim.core.controler.AbstractController.iterationStep(AbstractController.java:231)
	at org.matsim.core.controler.AbstractController.mobsim(AbstractController.java:195)
	at org.matsim.core.controler.AbstractController.iteration(AbstractController.java:154)
	at org.matsim.core.controler.AbstractController.doIterations(AbstractController.java:121)
	at org.matsim.core.controler.AbstractController.access$000(AbstractController.java:29)
	at org.matsim.core.controler.AbstractController$1.run(AbstractController.java:91)
	at org.matsim.core.controler.MatsimRuntimeModifications.run(MatsimRuntimeModifications.java:48)
	at org.matsim.core.controler.MatsimRuntimeModifications.run(MatsimRuntimeModifications.java:31)
	at org.matsim.core.controler.AbstractController.run(AbstractController.java:99)
	at org.matsim.core.controler.NewControler.run(NewControler.java:75)
	at org.matsim.core.controler.Controler.run(Controler.java:202)
	at ch.ethz.idsc.amodeus.matsim.StandardMATSimScenarioTest.testStandardMATSimScenario(StandardMATSimScenarioTest.java:263)
	at sun.reflect.NativeMethodAccessorImpl.invoke0(Native Method)
	at sun.reflect.NativeMethodAccessorImpl.invoke(NativeMethodAccessorImpl.java:62)
	at sun.reflect.DelegatingMethodAccessorImpl.invoke(DelegatingMethodAccessorImpl.java:43)
	at java.lang.reflect.Method.invoke(Method.java:498)
	at org.junit.runners.model.FrameworkMethod$1.runReflectiveCall(FrameworkMethod.java:50)
	at org.junit.internal.runners.model.ReflectiveCallable.run(ReflectiveCallable.java:12)
	at org.junit.runners.model.FrameworkMethod.invokeExplosively(FrameworkMethod.java:47)
	at org.junit.internal.runners.statements.InvokeMethod.evaluate(InvokeMethod.java:17)
	at org.junit.runners.ParentRunner.runLeaf(ParentRunner.java:325)
	at org.junit.runners.BlockJUnit4ClassRunner.runChild(BlockJUnit4ClassRunner.java:78)
	at org.junit.runners.BlockJUnit4ClassRunner.runChild(BlockJUnit4ClassRunner.java:57)
	at org.junit.runners.ParentRunner$3.run(ParentRunner.java:290)
	at org.junit.runners.ParentRunner$1.schedule(ParentRunner.java:71)
	at org.junit.runners.ParentRunner.runChildren(ParentRunner.java:288)
	at org.junit.runners.ParentRunner.access$000(ParentRunner.java:58)
	at org.junit.runners.ParentRunner$2.evaluate(ParentRunner.java:268)
	at org.junit.runners.ParentRunner.run(ParentRunner.java:363)
	at org.junit.runners.Suite.runChild(Suite.java:128)
	at org.junit.runners.Suite.runChild(Suite.java:27)
	at org.junit.runners.ParentRunner$3.run(ParentRunner.java:290)
	at org.junit.runners.ParentRunner$1.schedule(ParentRunner.java:71)
	at org.junit.runners.ParentRunner.runChildren(ParentRunner.java:288)
	at org.junit.runners.ParentRunner.access$000(ParentRunner.java:58)
	at org.junit.runners.ParentRunner$2.evaluate(ParentRunner.java:268)
	at org.junit.runners.ParentRunner.run(ParentRunner.java:363)
	at org.apache.maven.surefire.junit4.JUnit4Provider.execute(JUnit4Provider.java:252)
	at org.apache.maven.surefire.junit4.JUnit4Provider.executeTestSet(JUnit4Provider.java:141)
	at org.apache.maven.surefire.junit4.JUnit4Provider.invoke(JUnit4Provider.java:112)
	at sun.reflect.NativeMethodAccessorImpl.invoke0(Native Method)
	at sun.reflect.NativeMethodAccessorImpl.invoke(NativeMethodAccessorImpl.java:62)
	at sun.reflect.DelegatingMethodAccessorImpl.invoke(DelegatingMethodAccessorImpl.java:43)
	at java.lang.reflect.Method.invoke(Method.java:498)
	at org.apache.maven.surefire.util.ReflectionUtils.invokeMethodWithArray(ReflectionUtils.java:189)
	at org.apache.maven.surefire.booter.ProviderFactory$ProviderProxy.invoke(ProviderFactory.java:165)
	at org.apache.maven.surefire.booter.ProviderFactory.invokeProvider(ProviderFactory.java:85)
	at org.apache.maven.surefire.booter.ForkedBooter.runSuitesInProcess(ForkedBooter.java:115)
	at org.apache.maven.surefire.booter.ForkedBooter.main(ForkedBooter.java:75)
Caused by: java.lang.NoClassDefFoundError: Could not initialize class org.gnu.glpk.GLPKJNI
	at org.gnu.glpk.glp_smcp.&lt;init&gt;(glp_smcp.java:168)
	at ch.ethz.idsc.amodeus.dispatcher.util.LPVehicleRebalancing.&lt;init&gt;(LPVehicleRebalancing.java:31)
	at ch.ethz.idsc.amodeus.traveldata.TravelData.&lt;init&gt;(TravelData.java:150)
	at ch.ethz.idsc.amodeus.matsim.StandardMATSimScenarioTest$2.provideTravelData(StandardMATSimScenarioTest.java:217)
	at ch.ethz.idsc.amodeus.matsim.StandardMATSimScenarioTest$2$$FastClassByGuice$$18c5fb10.invoke(&lt;generated&gt;)
	at com.google.inject.internal.ProviderMethod$FastClassProviderMethod.doProvision(ProviderMethod.java:264)
	at com.google.inject.internal.ProviderMethod$Factory.provision(ProviderMethod.java:401)
	at com.google.inject.internal.ProviderMethod$Factory.get(ProviderMethod.java:376)
	at com.google.inject.internal.ProviderToInternalFactoryAdapter$1.call(ProviderToInternalFactoryAdapter.java:46)
	at com.google.inject.internal.InjectorImpl.callInContext(InjectorImpl.java:1092)
	at com.google.inject.internal.ProviderToInternalFactoryAdapter.get(ProviderToInternalFactoryAdapter.java:40)
	at com.google.inject.internal.SingletonScope$1.get(SingletonScope.java:194)
	at com.google.inject.internal.InternalFactoryToProviderAdapter.get(InternalFactoryToProviderAdapter.java:41)
	at com.google.inject.internal.SingleFieldInjector.inject(SingleFieldInjector.java:54)
	at com.google.inject.internal.MembersInjectorImpl.injectMembers(MembersInjectorImpl.java:132)
	at com.google.inject.internal.ConstructorInjector.provision(ConstructorInjector.java:120)
	at com.google.inject.internal.ConstructorInjector.construct(ConstructorInjector.java:90)
	at com.google.inject.internal.ConstructorBindingImpl$Factory.get(ConstructorBindingImpl.java:268)
	at com.google.inject.internal.FactoryProxy.get(FactoryProxy.java:56)
	at com.google.inject.internal.InjectorImpl$2$1.call(InjectorImpl.java:1019)
	at com.google.inject.internal.InjectorImpl.callInContext(InjectorImpl.java:1092)
	at com.google.inject.internal.InjectorImpl$2.get(InjectorImpl.java:1015)
	at com.google.inject.spi.ProviderLookup$1.get(ProviderLookup.java:104)
	at com.google.inject.spi.ProviderLookup$1.get(ProviderLookup.java:104)
	at com.google.inject.spi.ProviderLookup$1.get(ProviderLookup.java:104)
	at com.google.inject.spi.ProviderLookup$1.get(ProviderLookup.java:104)
	at com.google.inject.spi.ProviderLookup$1.get(ProviderLookup.java:104)
	at com.google.inject.spi.ProviderLookup$1.get(ProviderLookup.java:104)
	at com.google.inject.spi.ProviderLookup$1.get(ProviderLookup.java:104)
	at com.google.inject.spi.ProviderLookup$1.get(ProviderLookup.java:104)
	at com.google.inject.multibindings.MapBinder$RealMapBinder$ValueProvider.get(MapBinder.java:821)
	at com.google.inject.multibindings.MapBinder$RealMapBinder$RealMapProvider.get(MapBinder.java:605)
	at com.google.inject.multibindings.MapBinder$RealMapBinder$RealMapProvider.get(MapBinder.java:586)
	at com.google.inject.internal.ProviderInternalFactory.provision(ProviderInternalFactory.java:81)
	at com.google.inject.internal.InternalFactoryToInitializableAdapter.provision(InternalFactoryToInitializableAdapter.java:53)
	at com.google.inject.internal.ProviderInternalFactory.circularGet(ProviderInternalFactory.java:61)
	at com.google.inject.internal.InternalFactoryToInitializableAdapter.get(InternalFactoryToInitializableAdapter.java:45)
	at com.google.inject.internal.SingleParameterInjector.inject(SingleParameterInjector.java:38)
	at com.google.inject.internal.SingleParameterInjector.getAll(SingleParameterInjector.java:62)
	at com.google.inject.internal.ProviderMethod$Factory.provision(ProviderMethod.java:402)
	at com.google.inject.internal.ProviderMethod$Factory.get(ProviderMethod.java:376)
	at com.google.inject.internal.ProviderToInternalFactoryAdapter$1.call(ProviderToInternalFactoryAdapter.java:46)
	at com.google.inject.internal.InjectorImpl.callInContext(InjectorImpl.java:1092)
	at com.google.inject.internal.ProviderToInternalFactoryAdapter.get(ProviderToInternalFactoryAdapter.java:40)
	at com.google.inject.internal.SingletonScope$1.get(SingletonScope.java:194)
	at com.google.inject.internal.InternalFactoryToProviderAdapter.get(InternalFactoryToProviderAdapter.java:41)
	at com.google.inject.internal.SingleFieldInjector.inject(SingleFieldInjector.java:54)
	at com.google.inject.internal.MembersInjectorImpl.injectMembers(MembersInjectorImpl.java:132)
	at com.google.inject.internal.ConstructorInjector.provision(ConstructorInjector.java:120)
	at com.google.inject.internal.ConstructorInjector.construct(ConstructorInjector.java:90)
	at com.google.inject.internal.ConstructorBindingImpl$Factory.get(ConstructorBindingImpl.java:268)
	at com.google.inject.internal.ProviderToInternalFactoryAdapter$1.call(ProviderToInternalFactoryAdapter.java:46)
	at com.google.inject.internal.InjectorImpl.callInContext(InjectorImpl.java:1092)
	at com.google.inject.internal.ProviderToInternalFactoryAdapter.get(ProviderToInternalFactoryAdapter.java:40)
	at com.google.inject.internal.SingletonScope$1.get(SingletonScope.java:194)
	at com.google.inject.internal.InternalFactoryToProviderAdapter.get(InternalFactoryToProviderAdapter.java:41)
	at com.google.inject.internal.SingleParameterInjector.inject(SingleParameterInjector.java:38)
	at com.google.inject.internal.SingleParameterInjector.getAll(SingleParameterInjector.java:62)
	at com.google.inject.internal.ProviderMethod$Factory.provision(ProviderMethod.java:402)
	at com.google.inject.internal.ProviderMethod$Factory.get(ProviderMethod.java:376)
	at com.google.inject.internal.ProviderToInternalFactoryAdapter$1.call(ProviderToInternalFactoryAdapter.java:46)
	at com.google.inject.internal.InjectorImpl.callInContext(InjectorImpl.java:1092)
	at com.google.inject.internal.ProviderToInternalFactoryAdapter.get(ProviderToInternalFactoryAdapter.java:40)
	at com.google.inject.internal.SingletonScope$1.get(SingletonScope.java:194)
	at com.google.inject.internal.InternalFactoryToProviderAdapter.get(InternalFactoryToProviderAdapter.java:41)
	at com.google.inject.internal.InjectorImpl$2$1.call(InjectorImpl.java:1019)
	at com.google.inject.internal.InjectorImpl.callInContext(InjectorImpl.java:1092)
	at com.google.inject.internal.InjectorImpl$2.get(InjectorImpl.java:1015)
	at com.google.inject.internal.InjectorImpl.getInstance(InjectorImpl.java:1054)
	at org.matsim.core.mobsim.qsim.QSimProvider.get(QSimProvider.java:75)
	at org.matsim.core.mobsim.qsim.QSimProvider.get(QSimProvider.java:41)
	at com.google.inject.internal.ProviderInternalFactory.provision(ProviderInternalFactory.java:81)
	at com.google.inject.internal.BoundProviderFactory.provision(BoundProviderFactory.java:72)
	at com.google.inject.internal.ProviderInternalFactory.circularGet(ProviderInternalFactory.java:61)
	at com.google.inject.internal.BoundProviderFactory.get(BoundProviderFactory.java:62)
	at com.google.inject.internal.InjectorImpl$2$1.call(InjectorImpl.java:1019)
	at com.google.inject.internal.InjectorImpl.callInContext(InjectorImpl.java:1085)
	at com.google.inject.internal.InjectorImpl$2.get(InjectorImpl.java:1015)
	... 51 more
2018-06-01 06:11:30,518 ERROR MatsimRuntimeModifications:78 ERROR --- MATSim unexpectedly terminated. Please check the output or the logfile with warnings and errors for hints.
2018-06-01 06:11:30,519 ERROR MatsimRuntimeModifications:79 ERROR --- results should not be used for further analysis.
2018-06-01 06:11:30,519 ERROR MatsimRuntimeModifications:83 ERROR --- This was an unexpected shutdown! See the log file for a possible reason.
</system-err>
  </testcase>
</testsuite>