<?xml version="1.0" encoding="UTF-8"?>
<testsuite name="com.bullhornsdk.data.api.TestMockDataLoader" time="1.139" tests="6" errors="0" skipped="0" failures="1">
  <properties>
    <property name="java.runtime.name" value="OpenJDK Runtime Environment"/>
    <property name="sun.boot.library.path" value="/usr/lib/jvm/java-8-openjdk-amd64/jre/lib/amd64"/>
    <property name="java.vm.version" value="25.121-b13"/>
    <property name="java.vm.vendor" value="Oracle Corporation"/>
    <property name="maven.multiModuleProjectDirectory" value="/root/workspace/bullhorn/sdk-rest/388225689"/>
    <property name="java.vendor.url" value="http://java.oracle.com/"/>
    <property name="path.separator" value=":"/>
    <property name="guice.disable.misplaced.annotation.check" value="true"/>
    <property name="skip.gulp" value="true"/>
    <property name="java.vm.name" value="OpenJDK 64-Bit Server VM"/>
    <property name="file.encoding.pkg" value="sun.io"/>
    <property name="sun.java.launcher" value="SUN_STANDARD"/>
    <property name="sun.os.patch.level" value="unknown"/>
    <property name="findbugs.skip" value="true"/>
    <property name="java.vm.specification.name" value="Java Virtual Machine Specification"/>
    <property name="user.dir" value="/root/workspace/bullhorn/sdk-rest/388225689"/>
    <property name="checkstyle.skip" value="true"/>
    <property name="java.runtime.version" value="1.8.0_121-8u121-b13-1~bpo8+1-b13"/>
    <property name="java.awt.graphicsenv" value="sun.awt.X11GraphicsEnvironment"/>
    <property name="skip.npm" value="true"/>
    <property name="java.endorsed.dirs" value="/usr/lib/jvm/java-8-openjdk-amd64/jre/lib/endorsed"/>
    <property name="os.arch" value="amd64"/>
    <property name="java.io.tmpdir" value="/tmp"/>
    <property name="gpg.skip" value="true"/>
    <property name="line.separator" value="&#10;"/>
    <property name="java.vm.specification.vendor" value="Oracle Corporation"/>
    <property name="cobertura.skip" value="true"/>
    <property name="os.name" value="Linux"/>
    <property name="classworlds.conf" value="/usr/share/maven/bin/m2.conf"/>
    <property name="sun.jnu.encoding" value="UTF-8"/>
    <property name="java.library.path" value="/usr/java/packages/lib/amd64:/usr/lib/x86_64-linux-gnu/jni:/lib/x86_64-linux-gnu:/usr/lib/x86_64-linux-gnu:/usr/lib/jni:/lib:/usr/lib"/>
    <property name="license.skip" value="true"/>
    <property name="java.specification.name" value="Java Platform API Specification"/>
    <property name="java.class.version" value="52.0"/>
    <property name="sun.management.compiler" value="HotSpot 64-Bit Tiered Compilers"/>
    <property name="skip.bower" value="true"/>
    <property name="maven.repo.local" value="/root/./workspace/bullhorn/sdk-rest/388225689/.m2"/>
    <property name="os.version" value="3.10.0-862.3.2.el7.x86_64"/>
    <property name="user.home" value="/root"/>
    <property name="user.timezone" value="Europe/Paris"/>
    <property name="java.awt.printerjob" value="sun.print.PSPrinterJob"/>
    <property name="java.specification.version" value="1.8"/>
    <property name="file.encoding" value="UTF-8"/>
    <property name="user.name" value="root"/>
    <property name="java.class.path" value="/usr/share/maven/boot/plexus-classworlds-2.5.2.jar"/>
    <property name="skipITs" value="true"/>
    <property name="java.vm.specification.version" value="1.8"/>
    <property name="sun.arch.data.model" value="64"/>
    <property name="java.home" value="/usr/lib/jvm/java-8-openjdk-amd64/jre"/>
    <property name="sun.java.command" value="org.codehaus.plexus.classworlds.launcher.Launcher -B -D enforcer.skip=true -D dependency-check.skip=true -D skipITs=true -D cobertura.skip=true -D maven.repo.local=/root/./workspace/bullhorn/sdk-rest/388225689/.m2 -D rat.skip=true -D findbugs.skip=true -D skip.bower=true -D gpg.skip=true -D checkstyle.skip=true -D skip.gulp=true -D license.skip=true -D skip.npm=true test"/>
    <property name="java.specification.vendor" value="Oracle Corporation"/>
    <property name="user.language" value="en"/>
    <property name="awt.toolkit" value="sun.awt.X11.XToolkit"/>
    <property name="dependency-check.skip" value="true"/>
    <property name="java.vm.info" value="mixed mode"/>
    <property name="java.version" value="1.8.0_121"/>
    <property name="java.ext.dirs" value="/usr/lib/jvm/java-8-openjdk-amd64/jre/lib/ext:/usr/java/packages/lib/ext"/>
    <property name="securerandom.source" value="file:/dev/./urandom"/>
    <property name="sun.boot.class.path" value="/usr/lib/jvm/java-8-openjdk-amd64/jre/lib/resources.jar:/usr/lib/jvm/java-8-openjdk-amd64/jre/lib/rt.jar:/usr/lib/jvm/java-8-openjdk-amd64/jre/lib/sunrsasign.jar:/usr/lib/jvm/java-8-openjdk-amd64/jre/lib/jsse.jar:/usr/lib/jvm/java-8-openjdk-amd64/jre/lib/jce.jar:/usr/lib/jvm/java-8-openjdk-amd64/jre/lib/charsets.jar:/usr/lib/jvm/java-8-openjdk-amd64/jre/lib/jfr.jar:/usr/lib/jvm/java-8-openjdk-amd64/jre/classes"/>
    <property name="java.vendor" value="Oracle Corporation"/>
    <property name="enforcer.skip" value="true"/>
    <property name="rat.skip" value="true"/>
    <property name="maven.home" value="/usr/share/maven"/>
    <property name="file.separator" value="/"/>
    <property name="java.vendor.url.bug" value="http://bugreport.sun.com/bugreport/"/>
    <property name="sun.cpu.endian" value="little"/>
    <property name="sun.io.unicode.encoding" value="UnicodeLittle"/>
    <property name="sun.cpu.isalist" value=""/>
  </properties>
  <testcase name="testLoadData" classname="com.bullhornsdk.data.api.TestMockDataLoader" time="0.485"/>
  <testcase name="testLoadEntityData" classname="com.bullhornsdk.data.api.TestMockDataLoader" time="0.476"/>
  <testcase name="testLoadSearchFieldData" classname="com.bullhornsdk.data.api.TestMockDataLoader" time="0.011"/>
  <testcase name="testGetEditHistoryFieldChange" classname="com.bullhornsdk.data.api.TestMockDataLoader" time="0.044"/>
  <testcase name="testGetEditHistory" classname="com.bullhornsdk.data.api.TestMockDataLoader" time="0.041"/>
  <testcase name="testLoadMetaTestData" classname="com.bullhornsdk.data.api.TestMockDataLoader" time="0.082">
    <failure message="assert value.getEntity().equals(key.getSimpleName())&#10;       |     |           |      |   |&#10;       |     null        false  |   HousingComplexUtilityAccount&#10;       |                        class com.bullhornsdk.data.model.entity.core.standard.HousingComplexUtilityAccount&#10;       StandardMetaData {&#10;       entity=null, &#10;       entityMetaUrl=null, &#10;       label=null, &#10;       fields=[], &#10;       additionalProperties={total=102, data=[{id=1, accountNumber=, address={address1=For Unit Test For Failing, address2=, city=, state=, zip=, countryID=1}, billingContactID=0, comments=, customContactID1=0, customContactID2=0, customContactID3=0, customDate1=null, customDate2=null, customDate3=null, customFloat1=0, customFloat2=0, customFloat3=0, customInt1=0, customInt2=0, customInt3=0, customText1=Active, customText2=D003, customText3=Engineering, customText4=3312-TS Mississauga, customText5=G07C, customTextBlock1=, customTextBlock2=Baxter, customTextBlock3=A07J, customTextBlock4=C10JC, customTextBlock5=No, dateAdded=1398434264493, dateConnected=1398434264493, dateDisconnected=1398434264493, deposit=400.23, fax=, isDeleted=false, migrateGUID=null, name=Test Housing Complex DO NOT DELETE, phone=, type=, unit={id=101}}, {id=2, accountNumber=, address={address1=For Unit Test For Failing, address2=, city=, state=, zip=, countryID=1}, billingContactID=0, comments=, customContactID1=0, customContactID2=0, customContactID3=0, customDate1=null, customDate2=null, customDate3=null, customFloat1=0, customFloat2=0, customFloat3=0, customInt1=0, customInt2=0, customInt3=0, customText1=Active, customText2=D003, customText3=Engineering, customText4=3312-TS Mississauga, customText5=G07C, customTextBlock1=, customTextBlock2=Baxter, customTextBlock3=A07J, customTextBlock4=C10JC, customTextBlock5=No, dateAdded=1398434264493, dateConnected=1398434264493, dateDisconnected=1398434264493, deposit=400.23, fax=, isDeleted=false, migrateGUID=null, name=Test Housing Complex DO NOT DELETE, phone=, type=, unit={id=101}}, {id=3, accountNumber=, address={address1=For Unit Test For Failing, address2=, city=, state=, zip=, countryID=1}, billingContactID=0, comments=, customContactID1=0, customContactID2=0, customContactID3=0, customDate1=null, customDate2=null, customDate3=null, customFloat1=0, customFloat2=0, customFloat3=0, customInt1=0, customInt2=0, customInt3=0, customText1=Active, customText2=D003, customText3=Engineering, customText4=3312-TS Mississauga, customText5=G07C, customTextBlock1=, customTextBlock2=Baxter, customTextBlock3=A07J, customTextBlock4=C10JC, customTextBlock5=No, dateAdded=1398434264493, dateConnected=1398434264493, dateDisconnected=1398434264493, deposit=400.23, fax=, isDeleted=false, migrateGUID=null, name=Test Housing Complex DO NOT DELETE, phone=, type=, unit={id=101}}, {id=4, accountNumber=, address={address1=For Unit Test For Failing, address2=, city=, state=, zip=, countryID=1}, billingContactID=0, comments=, customContactID1=0, customContactID2=0, customContactID3=0, customDate1=null, customDate2=null, customDate3=null, customFloat1=0, customFloat2=0, customFloat3=0, customInt1=0, customInt2=0, customInt3=0, customText1=Active, customText2=D003, customText3=Engineering, customText4=3312-TS Mississauga, customText5=G07C, customTextBlock1=, customTextBlock2=Baxter, customTextBlock3=A07J, customTextBlock4=C10JC, customTextBlock5=No, dateAdded=1398434264493, dateConnected=1398434264493, dateDisconnected=1398434264493, deposit=400.23, fax=, isDeleted=false, migrateGUID=null, name=Test Housing Complex DO NOT DELETE, phone=, type=, unit={id=101}}, {id=5, accountNumber=, address={address1=For Unit Test For Failing, address2=, city=, state=, zip=, countryID=1}, billingContactID=0, comments=, customContactID1=0, customContactID2=0, customContactID3=0, customDate1=null, customDate2=null, customDate3=null, customFloat1=0, customFloat2=0, customFloat3=0, customInt1=0, customInt2=0, customInt3=0, customText1=Active, customText2=D003, customText3=Engineering, customText4=3312-TS Mississauga, customText5=G07C, customTextBlock1=, customTextBlock2=Baxter, customTextBlock3=A07J, customTextBlock4=C10JC, customTextBlock5=No, dateAdded=1398434264493, dateConnected=1398434264493, dateDisconnected=1398434264493, deposit=400.23, fax=, isDeleted=false, migrateGUID=null, name=Test Housing Complex DO NOT DELETE, phone=, type=, unit={id=101}}, {id=6, accountNumber=, address={address1=For Unit Test For Failing, address2=, city=, state=, zip=, countryID=1}, billingContactID=0, comments=, customContactID1=0, customContactID2=0, customContactID3=0, customDate1=null, customDate2=null, customDate3=null, customFloat1=0, customFloat2=0, customFloat3=0, customInt1=0, customInt2=0, customInt3=0, customText1=Active, customText2=D003, customText3=Engineering, customText4=3312-TS Mississauga, customText5=G07C, customTextBlock1=, customTextBlock2=Baxter, customTextBlock3=A07J, customTextBlock4=C10JC, customTextBlock5=No, dateAdded=1398434264493, dateConnected=1398434264493, dateDisconnected=1398434264493, deposit=400.23, fax=, isDeleted=false, migrateGUID=null, name=Test Housing Complex DO NOT DELETE, phone=, type=, unit={id=101}}, {id=7, accountNumber=, address={address1=For Unit Test For Failing, address2=, city=, state=, zip=, countryID=1}, billingContactID=0, comments=, customContactID1=0, customContactID2=0, customContactID3=0, customDate1=null, customDate2=null, customDate3=null, customFloat1=0, customFloat2=0, customFloat3=0, customInt1=0, customInt2=0, customInt3=0, customText1=Active, customText2=D003, customText3=Engineering, customText4=3312-TS Mississauga, customText5=G07C, customTextBlock1=, customTextBlock2=Baxter, customTextBlock3=A07J, customTextBlock4=C10JC, customTextBlock5=No, dateAdded=1398434264493, dateConnected=1398434264493, dateDisconnected=1398434264493, deposit=400.23, fax=, isDeleted=false, migrateGUID=null, name=Test Housing Complex DO NOT DELETE, phone=, type=, unit={id=101}}, {id=8, accountNumber=, address={address1=For Unit Test For Failing, address2=, city=, state=, zip=, countryID=1}, billingContactID=0, comments=, customContactID1=0, customContactID2=0, customContactID3=0, customDate1=null, customDate2=null, customDate3=null, customFloat1=0, customFloat2=0, customFloat3=0, customInt1=0, customInt2=0, customInt3=0, customText1=Active, customText2=D003, customText3=Engineering, customText4=3312-TS Mississauga, customText5=G07C, customTextBlock1=, customTextBlock2=Baxter, customTextBlock3=A07J, customTextBlock4=C10JC, customTextBlock5=No, dateAdded=1398434264493, dateConnected=1398434264493, dateDisconnected=1398434264493, deposit=400.23, fax=, isDeleted=false, migrateGUID=null, name=Test Housing Complex DO NOT DELETE, phone=, type=, unit={id=101}}, {id=9, accountNumber=, address={address1=For Unit Test For Failing, address2=, city=, state=, zip=, countryID=1}, billingContactID=0, comments=, customContactID1=0, customContactID2=0, customContactID3=0, customDate1=null, customDate2=null, customDate3=null, customFloat1=0, customFloat2=0, customFloat3=0, customInt1=0, customInt2=0, customInt3=0, customText1=Active, customText2=D003, customText3=Engineering, customText4=3312-TS Mississauga, customText5=G07C, customTextBlock1=, customTextBlock2=Baxter, customTextBlock3=A07J, customTextBlock4=C10JC, customTextBlock5=No, dateAdded=1398434264493, dateConnected=1398434264493, dateDisconnected=1398434264493, deposit=400.23, fax=, isDeleted=false, migrateGUID=null, name=Test Housing Complex DO NOT DELETE, phone=, type=, unit={id=101}}, {id=10, accountNumber=, address={address1=For Unit Test For Failing, address2=, city=, state=, zip=, countryID=1}, billingContactID=0, comments=, customContactID1=0, customContactID2=0, customContactID3=0, customDate1=null, customDate2=null, customDate3=null, customFloat1=0, customFloat2=0, customFloat3=0, customInt1=0, customInt2=0, customInt3=0, customText1=Active, customText2=D003, customText3=Engineering, customText4=3312-TS Mississauga, customText5=G07C, customTextBlock1=, customTextBlock2=Baxter, customTextBlock3=A07J, customTextBlock4=C10JC, customTextBlock5=No, dateAdded=1398434264493, dateConnected=1398434264493, dateDisconnected=1398434264493, deposit=400.23, fax=, isDeleted=false, migrateGUID=null, name=Test Housing Complex DO NOT DELETE, phone=, type=, unit={id=101}}, {id=11, accountNumber=, address={address1=For Unit Test For Failing, address2=, city=, state=, zip=, countryID=1}, billingContactID=0, comments=, customContactID1=0, customContactID2=0, customContactID3=0, customDate1=null, customDate2=null, customDate3=null, customFloat1=0, customFloat2=0, customFloat3=0, customInt1=0, customInt2=0, customInt3=0, customText1=Active, customText2=D003, customText3=Engineering, customText4=3312-TS Mississauga, customText5=G07C, customTextBlock1=, customTextBlock2=Baxter, customTextBlock3=A07J, customTextBlock4=C10JC, customTextBlock5=No, dateAdded=1398434264493, dateConnected=1398434264493, dateDisconnected=1398434264493, deposit=400.23, fax=, isDeleted=false, migrateGUID=null, name=Test Housing Complex DO NOT DELETE, phone=, type=, unit={id=101}}, {id=12, accountNumber=, address={address1=For Unit Test For Failing, address2=, city=, state=, zip=, countryID=1}, billingContactID=0, comments=, customContactID1=0, customContactID2=0, customContactID3=0, customDate1=null, customDate2=null, customDate3=null, customFloat1=0, customFloat2=0, customFloat3=0, customInt1=0, customInt2=0, customInt3=0, customText1=Active, customText2=D003, customText3=Engineering, customText4=3312-TS Mississauga, customText5=G07C, customTextBlock1=, customTextBlock2=Baxter, customTextBlock3=A07J, customTextBlock4=C10JC, customTextBlock5=No, dateAdded=1398434264493, dateConnected=1398434264493, dateDisconnected=1398434264493, deposit=400.23, fax=, isDeleted=false, migrateGUID=null, name=Test Housing Complex DO NOT DELETE, phone=, type=, unit={id=101}}, {id=13, accountNumber=, address={address1=For Unit Test For Failing, address2=, city=, state=, zip=, countryID=1}, billingContactID=0, comments=, customContactID1=0, customContactID2=0, customContactID3=0, customDate1=null, customDate2=null, customDate3=null, customFloat1=0, customFloat2=0, customFloat3=0, customInt1=0, customInt2=0, customInt3=0, customText1=Active, customText2=D003, customText3=Engineering, customText4=3312-TS Mississauga, customText5=G07C, customTextBlock1=, customTextBlock2=Baxter, customTextBlock3=A07J, customTextBlock4=C10JC, customTextBlock5=No, dateAdded=1398434264493, dateConnected=1398434264493, dateDisconnected=1398434264493, deposit=400.23, fax=, isDeleted=false, migrateGUID=null, name=Test Housing Complex DO NOT DELETE, phone=, type=, unit={id=101}}, {id=14, accountNumber=, address={address1=For Unit Test For Failing, address2=, city=, state=, zip=, countryID=1}, billingContactID=0, comments=, customContactID1=0, customContactID2=0, customContactID3=0, customDate1=null, customDate2=null, customDate3=null, customFloat1=0, customFloat2=0, customFloat3=0, customInt1=0, customInt2=0, customInt3=0, customText1=Active, customText2=D003, customText3=Engineering, customText4=3312-TS Mississauga, customText5=G07C, customTextBlock1=, customTextBlock2=Baxter, customTextBlock3=A07J, customTextBlock4=C10JC, customTextBlock5=No, dateAdded=1398434264493, dateConnected=1398434264493, dateDisconnected=1398434264493, deposit=400.23, fax=, isDeleted=false, migrateGUID=null, name=Test Housing Complex DO NOT DELETE, phone=, type=, unit={id=101}}, {id=15, accountNumber=, address={address1=For Unit Test For Failing, address2=, city=, state=, zip=, countryID=1}, billingContactID=0, comments=, customContactID1=0, customContactID2=0, customContactID3=0, customDate1=null, customDate2=null, customDate3=null, customFloat1=0, customFloat2=0, customFloat3=0, customInt1=0, customInt2=0, customInt3=0, customText1=Active, customText2=D003, customText3=Engineering, customText4=3312-TS Mississauga, customText5=G07C, customTextBlock1=, customTextBlock2=Baxter, customTextBlock3=A07J, customTextBlock4=C10JC, customTextBlock5=No, dateAdded=1398434264493, dateConnected=1398434264493, dateDisconnected=1398434264493, deposit=400.23, fax=, isDeleted=false, migrateGUID=null, name=Test Housing Complex DO NOT DELETE, phone=, type=, unit={id=101}}, {id=16, accountNumber=, address={address1=For Unit Test For Failing, address2=, city=, state=, zip=, countryID=1}, billingContactID=0, comments=, customContactID1=0, customContactID2=0, customContactID3=0, customDate1=null, customDate2=null, customDate3=null, customFloat1=0, customFloat2=0, customFloat3=0, customInt1=0, customInt2=0, customInt3=0, customText1=Active, customText2=D003, customText3=Engineering, customText4=3312-TS Mississauga, customText5=G07C, customTextBlock1=, customTextBlock2=Baxter, customTextBlock3=A07J, customTextBlock4=C10JC, customTextBlock5=No, dateAdded=1398434264493, dateConnected=1398434264493, dateDisconnected=1398434264493, deposit=400.23, fax=, isDeleted=false, migrateGUID=null, name=Test Housing Complex DO NOT DELETE, phone=, type=, unit={id=101}}, {id=17, accountNumber=, address={address1=For Unit Test For Failing, address2=, city=, state=, zip=, countryID=1}, billingContactID=0, comments=, customContactID1=0, customContactID2=0, customContactID3=0, customDate1=null, customDate2=null, customDate3=null, customFloat1=0, customFloat2=0, customFloat3=0, customInt1=0, customInt2=0, customInt3=0, customText1=Active, customText2=D003, customText3=Engineering, customText4=3312-TS Mississauga, customText5=G07C, customTextBlock1=, customTextBlock2=Baxter, customTextBlock3=A07J, customTextBlock4=C10JC, customTextBlock5=No, dateAdded=1398434264493, dateConnected=1398434264493, dateDisconnected=1398434264493, deposit=400.23, fax=, isDeleted=false, migrateGUID=null, name=Test Housing Complex DO NOT DELETE, phone=, type=, unit={id=101}}, {id=18, accountNumber=, address={address1=For Unit Test For Failing, address2=, city=, state=, zip=, countryID=1}, billingContactID=0, comments=, customContactID1=0, customContactID2=0, customContactID3=0, customDate1=null, customDate2=null, customDate3=null, customFloat1=0, customFloat2=0, customFloat3=0, customInt1=0, customInt2=0, customInt3=0, customText1=Active, customText2=D003, customText3=Engineering, customText4=3312-TS Mississauga, customText5=G07C, customTextBlock1=, customTextBlock2=Baxter, customTextBlock3=A07J, customTextBlock4=C10JC, customTextBlock5=No, dateAdded=1398434264493, dateConnected=1398434264493, dateDisconnected=1398434264493, deposit=400.23, fax=, isDeleted=false, migrateGUID=null, name=Test Housing Complex DO NOT DELETE, phone=, type=, unit={id=101}}, {id=19, accountNumber=, address={address1=For Unit Test For Failing, address2=, city=, state=, zip=, countryID=1}, billingContactID=0, comments=, customContactID1=0, customContactID2=0, customContactID3=0, customDate1=null, customDate2=null, customDate3=null, customFloat1=0, customFloat2=0, customFloat3=0, customInt1=0, customInt2=0, customInt3=0, customText1=Active, customText2=D003, customText3=Engineering, customText4=3312-TS Mississauga, customText5=G07C, customTextBlock1=, customTextBlock2=Baxter, customTextBlock3=A07J, customTextBlock4=C10JC, customTextBlock5=No, dateAdded=1398434264493, dateConnected=1398434264493, dateDisconnected=1398434264493, deposit=400.23, fax=, isDeleted=false, migrateGUID=null, name=Test Housing Complex DO NOT DELETE, phone=, type=, unit={id=101}}, {id=20, accountNumber=, address={address1=For Unit Test For Failing, address2=, city=, state=, zip=, countryID=1}, billingContactID=0, comments=, customContactID1=0, customContactID2=0, customContactID3=0, customDate1=null, customDate2=null, customDate3=null, customFloat1=0, customFloat2=0, customFloat3=0, customInt1=0, customInt2=0, customInt3=0, customText1=Active, customText2=D003, customText3=Engineering, customText4=3312-TS Mississauga, customText5=G07C, customTextBlock1=, customTextBlock2=Baxter, customTextBlock3=A07J, customTextBlock4=C10JC, customTextBlock5=No, dateAdded=1398434264493, dateConnected=1398434264493, dateDisconnected=1398434264493, deposit=400.23, fax=, isDeleted=false, migrateGUID=null, name=Test Housing Complex DO NOT DELETE, phone=, type=, unit={id=101}}], start=0, count=20}&#10;       }" type="org.codehaus.groovy.runtime.powerassert.PowerAssertionError">org.codehaus.groovy.runtime.powerassert.PowerAssertionError: assert value.getEntity().equals(key.getSimpleName())
       |     |           |      |   |
       |     null        false  |   HousingComplexUtilityAccount
       |                        class com.bullhornsdk.data.model.entity.core.standard.HousingComplexUtilityAccount
       StandardMetaData {
       entity=null, 
       entityMetaUrl=null, 
       label=null, 
       fields=[], 
       additionalProperties={total=102, data=[{id=1, accountNumber=, address={address1=For Unit Test For Failing, address2=, city=, state=, zip=, countryID=1}, billingContactID=0, comments=, customContactID1=0, customContactID2=0, customContactID3=0, customDate1=null, customDate2=null, customDate3=null, customFloat1=0, customFloat2=0, customFloat3=0, customInt1=0, customInt2=0, customInt3=0, customText1=Active, customText2=D003, customText3=Engineering, customText4=3312-TS Mississauga, customText5=G07C, customTextBlock1=, customTextBlock2=Baxter, customTextBlock3=A07J, customTextBlock4=C10JC, customTextBlock5=No, dateAdded=1398434264493, dateConnected=1398434264493, dateDisconnected=1398434264493, deposit=400.23, fax=, isDeleted=false, migrateGUID=null, name=Test Housing Complex DO NOT DELETE, phone=, type=, unit={id=101}}, {id=2, accountNumber=, address={address1=For Unit Test For Failing, address2=, city=, state=, zip=, countryID=1}, billingContactID=0, comments=, customContactID1=0, customContactID2=0, customContactID3=0, customDate1=null, customDate2=null, customDate3=null, customFloat1=0, customFloat2=0, customFloat3=0, customInt1=0, customInt2=0, customInt3=0, customText1=Active, customText2=D003, customText3=Engineering, customText4=3312-TS Mississauga, customText5=G07C, customTextBlock1=, customTextBlock2=Baxter, customTextBlock3=A07J, customTextBlock4=C10JC, customTextBlock5=No, dateAdded=1398434264493, dateConnected=1398434264493, dateDisconnected=1398434264493, deposit=400.23, fax=, isDeleted=false, migrateGUID=null, name=Test Housing Complex DO NOT DELETE, phone=, type=, unit={id=101}}, {id=3, accountNumber=, address={address1=For Unit Test For Failing, address2=, city=, state=, zip=, countryID=1}, billingContactID=0, comments=, customContactID1=0, customContactID2=0, customContactID3=0, customDate1=null, customDate2=null, customDate3=null, customFloat1=0, customFloat2=0, customFloat3=0, customInt1=0, customInt2=0, customInt3=0, customText1=Active, customText2=D003, customText3=Engineering, customText4=3312-TS Mississauga, customText5=G07C, customTextBlock1=, customTextBlock2=Baxter, customTextBlock3=A07J, customTextBlock4=C10JC, customTextBlock5=No, dateAdded=1398434264493, dateConnected=1398434264493, dateDisconnected=1398434264493, deposit=400.23, fax=, isDeleted=false, migrateGUID=null, name=Test Housing Complex DO NOT DELETE, phone=, type=, unit={id=101}}, {id=4, accountNumber=, address={address1=For Unit Test For Failing, address2=, city=, state=, zip=, countryID=1}, billingContactID=0, comments=, customContactID1=0, customContactID2=0, customContactID3=0, customDate1=null, customDate2=null, customDate3=null, customFloat1=0, customFloat2=0, customFloat3=0, customInt1=0, customInt2=0, customInt3=0, customText1=Active, customText2=D003, customText3=Engineering, customText4=3312-TS Mississauga, customText5=G07C, customTextBlock1=, customTextBlock2=Baxter, customTextBlock3=A07J, customTextBlock4=C10JC, customTextBlock5=No, dateAdded=1398434264493, dateConnected=1398434264493, dateDisconnected=1398434264493, deposit=400.23, fax=, isDeleted=false, migrateGUID=null, name=Test Housing Complex DO NOT DELETE, phone=, type=, unit={id=101}}, {id=5, accountNumber=, address={address1=For Unit Test For Failing, address2=, city=, state=, zip=, countryID=1}, billingContactID=0, comments=, customContactID1=0, customContactID2=0, customContactID3=0, customDate1=null, customDate2=null, customDate3=null, customFloat1=0, customFloat2=0, customFloat3=0, customInt1=0, customInt2=0, customInt3=0, customText1=Active, customText2=D003, customText3=Engineering, customText4=3312-TS Mississauga, customText5=G07C, customTextBlock1=, customTextBlock2=Baxter, customTextBlock3=A07J, customTextBlock4=C10JC, customTextBlock5=No, dateAdded=1398434264493, dateConnected=1398434264493, dateDisconnected=1398434264493, deposit=400.23, fax=, isDeleted=false, migrateGUID=null, name=Test Housing Complex DO NOT DELETE, phone=, type=, unit={id=101}}, {id=6, accountNumber=, address={address1=For Unit Test For Failing, address2=, city=, state=, zip=, countryID=1}, billingContactID=0, comments=, customContactID1=0, customContactID2=0, customContactID3=0, customDate1=null, customDate2=null, customDate3=null, customFloat1=0, customFloat2=0, customFloat3=0, customInt1=0, customInt2=0, customInt3=0, customText1=Active, customText2=D003, customText3=Engineering, customText4=3312-TS Mississauga, customText5=G07C, customTextBlock1=, customTextBlock2=Baxter, customTextBlock3=A07J, customTextBlock4=C10JC, customTextBlock5=No, dateAdded=1398434264493, dateConnected=1398434264493, dateDisconnected=1398434264493, deposit=400.23, fax=, isDeleted=false, migrateGUID=null, name=Test Housing Complex DO NOT DELETE, phone=, type=, unit={id=101}}, {id=7, accountNumber=, address={address1=For Unit Test For Failing, address2=, city=, state=, zip=, countryID=1}, billingContactID=0, comments=, customContactID1=0, customContactID2=0, customContactID3=0, customDate1=null, customDate2=null, customDate3=null, customFloat1=0, customFloat2=0, customFloat3=0, customInt1=0, customInt2=0, customInt3=0, customText1=Active, customText2=D003, customText3=Engineering, customText4=3312-TS Mississauga, customText5=G07C, customTextBlock1=, customTextBlock2=Baxter, customTextBlock3=A07J, customTextBlock4=C10JC, customTextBlock5=No, dateAdded=1398434264493, dateConnected=1398434264493, dateDisconnected=1398434264493, deposit=400.23, fax=, isDeleted=false, migrateGUID=null, name=Test Housing Complex DO NOT DELETE, phone=, type=, unit={id=101}}, {id=8, accountNumber=, address={address1=For Unit Test For Failing, address2=, city=, state=, zip=, countryID=1}, billingContactID=0, comments=, customContactID1=0, customContactID2=0, customContactID3=0, customDate1=null, customDate2=null, customDate3=null, customFloat1=0, customFloat2=0, customFloat3=0, customInt1=0, customInt2=0, customInt3=0, customText1=Active, customText2=D003, customText3=Engineering, customText4=3312-TS Mississauga, customText5=G07C, customTextBlock1=, customTextBlock2=Baxter, customTextBlock3=A07J, customTextBlock4=C10JC, customTextBlock5=No, dateAdded=1398434264493, dateConnected=1398434264493, dateDisconnected=1398434264493, deposit=400.23, fax=, isDeleted=false, migrateGUID=null, name=Test Housing Complex DO NOT DELETE, phone=, type=, unit={id=101}}, {id=9, accountNumber=, address={address1=For Unit Test For Failing, address2=, city=, state=, zip=, countryID=1}, billingContactID=0, comments=, customContactID1=0, customContactID2=0, customContactID3=0, customDate1=null, customDate2=null, customDate3=null, customFloat1=0, customFloat2=0, customFloat3=0, customInt1=0, customInt2=0, customInt3=0, customText1=Active, customText2=D003, customText3=Engineering, customText4=3312-TS Mississauga, customText5=G07C, customTextBlock1=, customTextBlock2=Baxter, customTextBlock3=A07J, customTextBlock4=C10JC, customTextBlock5=No, dateAdded=1398434264493, dateConnected=1398434264493, dateDisconnected=1398434264493, deposit=400.23, fax=, isDeleted=false, migrateGUID=null, name=Test Housing Complex DO NOT DELETE, phone=, type=, unit={id=101}}, {id=10, accountNumber=, address={address1=For Unit Test For Failing, address2=, city=, state=, zip=, countryID=1}, billingContactID=0, comments=, customContactID1=0, customContactID2=0, customContactID3=0, customDate1=null, customDate2=null, customDate3=null, customFloat1=0, customFloat2=0, customFloat3=0, customInt1=0, customInt2=0, customInt3=0, customText1=Active, customText2=D003, customText3=Engineering, customText4=3312-TS Mississauga, customText5=G07C, customTextBlock1=, customTextBlock2=Baxter, customTextBlock3=A07J, customTextBlock4=C10JC, customTextBlock5=No, dateAdded=1398434264493, dateConnected=1398434264493, dateDisconnected=1398434264493, deposit=400.23, fax=, isDeleted=false, migrateGUID=null, name=Test Housing Complex DO NOT DELETE, phone=, type=, unit={id=101}}, {id=11, accountNumber=, address={address1=For Unit Test For Failing, address2=, city=, state=, zip=, countryID=1}, billingContactID=0, comments=, customContactID1=0, customContactID2=0, customContactID3=0, customDate1=null, customDate2=null, customDate3=null, customFloat1=0, customFloat2=0, customFloat3=0, customInt1=0, customInt2=0, customInt3=0, customText1=Active, customText2=D003, customText3=Engineering, customText4=3312-TS Mississauga, customText5=G07C, customTextBlock1=, customTextBlock2=Baxter, customTextBlock3=A07J, customTextBlock4=C10JC, customTextBlock5=No, dateAdded=1398434264493, dateConnected=1398434264493, dateDisconnected=1398434264493, deposit=400.23, fax=, isDeleted=false, migrateGUID=null, name=Test Housing Complex DO NOT DELETE, phone=, type=, unit={id=101}}, {id=12, accountNumber=, address={address1=For Unit Test For Failing, address2=, city=, state=, zip=, countryID=1}, billingContactID=0, comments=, customContactID1=0, customContactID2=0, customContactID3=0, customDate1=null, customDate2=null, customDate3=null, customFloat1=0, customFloat2=0, customFloat3=0, customInt1=0, customInt2=0, customInt3=0, customText1=Active, customText2=D003, customText3=Engineering, customText4=3312-TS Mississauga, customText5=G07C, customTextBlock1=, customTextBlock2=Baxter, customTextBlock3=A07J, customTextBlock4=C10JC, customTextBlock5=No, dateAdded=1398434264493, dateConnected=1398434264493, dateDisconnected=1398434264493, deposit=400.23, fax=, isDeleted=false, migrateGUID=null, name=Test Housing Complex DO NOT DELETE, phone=, type=, unit={id=101}}, {id=13, accountNumber=, address={address1=For Unit Test For Failing, address2=, city=, state=, zip=, countryID=1}, billingContactID=0, comments=, customContactID1=0, customContactID2=0, customContactID3=0, customDate1=null, customDate2=null, customDate3=null, customFloat1=0, customFloat2=0, customFloat3=0, customInt1=0, customInt2=0, customInt3=0, customText1=Active, customText2=D003, customText3=Engineering, customText4=3312-TS Mississauga, customText5=G07C, customTextBlock1=, customTextBlock2=Baxter, customTextBlock3=A07J, customTextBlock4=C10JC, customTextBlock5=No, dateAdded=1398434264493, dateConnected=1398434264493, dateDisconnected=1398434264493, deposit=400.23, fax=, isDeleted=false, migrateGUID=null, name=Test Housing Complex DO NOT DELETE, phone=, type=, unit={id=101}}, {id=14, accountNumber=, address={address1=For Unit Test For Failing, address2=, city=, state=, zip=, countryID=1}, billingContactID=0, comments=, customContactID1=0, customContactID2=0, customContactID3=0, customDate1=null, customDate2=null, customDate3=null, customFloat1=0, customFloat2=0, customFloat3=0, customInt1=0, customInt2=0, customInt3=0, customText1=Active, customText2=D003, customText3=Engineering, customText4=3312-TS Mississauga, customText5=G07C, customTextBlock1=, customTextBlock2=Baxter, customTextBlock3=A07J, customTextBlock4=C10JC, customTextBlock5=No, dateAdded=1398434264493, dateConnected=1398434264493, dateDisconnected=1398434264493, deposit=400.23, fax=, isDeleted=false, migrateGUID=null, name=Test Housing Complex DO NOT DELETE, phone=, type=, unit={id=101}}, {id=15, accountNumber=, address={address1=For Unit Test For Failing, address2=, city=, state=, zip=, countryID=1}, billingContactID=0, comments=, customContactID1=0, customContactID2=0, customContactID3=0, customDate1=null, customDate2=null, customDate3=null, customFloat1=0, customFloat2=0, customFloat3=0, customInt1=0, customInt2=0, customInt3=0, customText1=Active, customText2=D003, customText3=Engineering, customText4=3312-TS Mississauga, customText5=G07C, customTextBlock1=, customTextBlock2=Baxter, customTextBlock3=A07J, customTextBlock4=C10JC, customTextBlock5=No, dateAdded=1398434264493, dateConnected=1398434264493, dateDisconnected=1398434264493, deposit=400.23, fax=, isDeleted=false, migrateGUID=null, name=Test Housing Complex DO NOT DELETE, phone=, type=, unit={id=101}}, {id=16, accountNumber=, address={address1=For Unit Test For Failing, address2=, city=, state=, zip=, countryID=1}, billingContactID=0, comments=, customContactID1=0, customContactID2=0, customContactID3=0, customDate1=null, customDate2=null, customDate3=null, customFloat1=0, customFloat2=0, customFloat3=0, customInt1=0, customInt2=0, customInt3=0, customText1=Active, customText2=D003, customText3=Engineering, customText4=3312-TS Mississauga, customText5=G07C, customTextBlock1=, customTextBlock2=Baxter, customTextBlock3=A07J, customTextBlock4=C10JC, customTextBlock5=No, dateAdded=1398434264493, dateConnected=1398434264493, dateDisconnected=1398434264493, deposit=400.23, fax=, isDeleted=false, migrateGUID=null, name=Test Housing Complex DO NOT DELETE, phone=, type=, unit={id=101}}, {id=17, accountNumber=, address={address1=For Unit Test For Failing, address2=, city=, state=, zip=, countryID=1}, billingContactID=0, comments=, customContactID1=0, customContactID2=0, customContactID3=0, customDate1=null, customDate2=null, customDate3=null, customFloat1=0, customFloat2=0, customFloat3=0, customInt1=0, customInt2=0, customInt3=0, customText1=Active, customText2=D003, customText3=Engineering, customText4=3312-TS Mississauga, customText5=G07C, customTextBlock1=, customTextBlock2=Baxter, customTextBlock3=A07J, customTextBlock4=C10JC, customTextBlock5=No, dateAdded=1398434264493, dateConnected=1398434264493, dateDisconnected=1398434264493, deposit=400.23, fax=, isDeleted=false, migrateGUID=null, name=Test Housing Complex DO NOT DELETE, phone=, type=, unit={id=101}}, {id=18, accountNumber=, address={address1=For Unit Test For Failing, address2=, city=, state=, zip=, countryID=1}, billingContactID=0, comments=, customContactID1=0, customContactID2=0, customContactID3=0, customDate1=null, customDate2=null, customDate3=null, customFloat1=0, customFloat2=0, customFloat3=0, customInt1=0, customInt2=0, customInt3=0, customText1=Active, customText2=D003, customText3=Engineering, customText4=3312-TS Mississauga, customText5=G07C, customTextBlock1=, customTextBlock2=Baxter, customTextBlock3=A07J, customTextBlock4=C10JC, customTextBlock5=No, dateAdded=1398434264493, dateConnected=1398434264493, dateDisconnected=1398434264493, deposit=400.23, fax=, isDeleted=false, migrateGUID=null, name=Test Housing Complex DO NOT DELETE, phone=, type=, unit={id=101}}, {id=19, accountNumber=, address={address1=For Unit Test For Failing, address2=, city=, state=, zip=, countryID=1}, billingContactID=0, comments=, customContactID1=0, customContactID2=0, customContactID3=0, customDate1=null, customDate2=null, customDate3=null, customFloat1=0, customFloat2=0, customFloat3=0, customInt1=0, customInt2=0, customInt3=0, customText1=Active, customText2=D003, customText3=Engineering, customText4=3312-TS Mississauga, customText5=G07C, customTextBlock1=, customTextBlock2=Baxter, customTextBlock3=A07J, customTextBlock4=C10JC, customTextBlock5=No, dateAdded=1398434264493, dateConnected=1398434264493, dateDisconnected=1398434264493, deposit=400.23, fax=, isDeleted=false, migrateGUID=null, name=Test Housing Complex DO NOT DELETE, phone=, type=, unit={id=101}}, {id=20, accountNumber=, address={address1=For Unit Test For Failing, address2=, city=, state=, zip=, countryID=1}, billingContactID=0, comments=, customContactID1=0, customContactID2=0, customContactID3=0, customDate1=null, customDate2=null, customDate3=null, customFloat1=0, customFloat2=0, customFloat3=0, customInt1=0, customInt2=0, customInt3=0, customText1=Active, customText2=D003, customText3=Engineering, customText4=3312-TS Mississauga, customText5=G07C, customTextBlock1=, customTextBlock2=Baxter, customTextBlock3=A07J, customTextBlock4=C10JC, customTextBlock5=No, dateAdded=1398434264493, dateConnected=1398434264493, dateDisconnected=1398434264493, deposit=400.23, fax=, isDeleted=false, migrateGUID=null, name=Test Housing Complex DO NOT DELETE, phone=, type=, unit={id=101}}], start=0, count=20}
       }
	at org.codehaus.groovy.runtime.InvokerHelper.assertFailed(InvokerHelper.java:402)
	at org.codehaus.groovy.runtime.ScriptBytecodeAdapter.assertFailed(ScriptBytecodeAdapter.java:650)
	at com.bullhornsdk.data.api.TestMockDataLoader$_testLoadMetaTestData_closure3.doCall(TestMockDataLoader.groovy:55)
	at sun.reflect.GeneratedMethodAccessor1531.invoke(Unknown Source)
	at sun.reflect.DelegatingMethodAccessorImpl.invoke(DelegatingMethodAccessorImpl.java:43)
	at java.lang.reflect.Method.invoke(Method.java:498)
	at org.codehaus.groovy.reflection.CachedMethod.invoke(CachedMethod.java:93)
	at groovy.lang.MetaMethod.doMethodInvoke(MetaMethod.java:325)
	at org.codehaus.groovy.runtime.metaclass.ClosureMetaClass.invokeMethod(ClosureMetaClass.java:294)
	at groovy.lang.MetaClassImpl.invokeMethod(MetaClassImpl.java:1019)
	at groovy.lang.Closure.call(Closure.java:426)
	at org.codehaus.groovy.runtime.DefaultGroovyMethods.callClosureForMapEntry(DefaultGroovyMethods.java:5226)
	at org.codehaus.groovy.runtime.DefaultGroovyMethods.each(DefaultGroovyMethods.java:2107)
	at org.codehaus.groovy.runtime.dgm$163.invoke(Unknown Source)
	at org.codehaus.groovy.runtime.callsite.PojoMetaMethodSite$PojoMetaMethodSiteNoUnwrapNoCoerce.invoke(PojoMetaMethodSite.java:274)
	at org.codehaus.groovy.runtime.callsite.PojoMetaMethodSite.call(PojoMetaMethodSite.java:56)
	at org.codehaus.groovy.runtime.callsite.CallSiteArray.defaultCall(CallSiteArray.java:48)
	at org.codehaus.groovy.runtime.callsite.AbstractCallSite.call(AbstractCallSite.java:113)
	at org.codehaus.groovy.runtime.callsite.AbstractCallSite.call(AbstractCallSite.java:125)
	at com.bullhornsdk.data.api.TestMockDataLoader.testLoadMetaTestData(TestMockDataLoader.groovy:54)
</failure>
  </testcase>
</testsuite>