<?xml version="1.0" encoding="UTF-8"?>
<testsuite xmlns:xsi="http://www.w3.org/2001/XMLSchema-instance" xsi:noNamespaceSchemaLocation="https://maven.apache.org/surefire/maven-surefire-plugin/xsd/surefire-test-report.xsd" name="de.hpi.urlcleaner.UrlCleanerApplicationTests" time="3.053" tests="1" errors="1" skipped="0" failures="0">
  <properties>
    <property name="awt.toolkit" value="sun.awt.X11.XToolkit"/>
    <property name="file.encoding.pkg" value="sun.io"/>
    <property name="java.specification.version" value="1.8"/>
    <property name="sun.cpu.isalist" value=""/>
    <property name="sun.jnu.encoding" value="UTF-8"/>
    <property name="java.class.path" value="/root/workspace/HPI-BP2017N2/URLCleaner/388808881/target/test-classes:/root/workspace/HPI-BP2017N2/URLCleaner/388808881/target/classes:/root/./workspace/HPI-BP2017N2/URLCleaner/388808881/.m2/org/springframework/boot/spring-boot-starter-data-mongodb/2.0.0.RELEASE/spring-boot-starter-data-mongodb-2.0.0.RELEASE.jar:/root/./workspace/HPI-BP2017N2/URLCleaner/388808881/.m2/org/springframework/boot/spring-boot-starter/2.0.0.RELEASE/spring-boot-starter-2.0.0.RELEASE.jar:/root/./workspace/HPI-BP2017N2/URLCleaner/388808881/.m2/org/springframework/boot/spring-boot/2.0.0.RELEASE/spring-boot-2.0.0.RELEASE.jar:/root/./workspace/HPI-BP2017N2/URLCleaner/388808881/.m2/org/springframework/boot/spring-boot-autoconfigure/2.0.0.RELEASE/spring-boot-autoconfigure-2.0.0.RELEASE.jar:/root/./workspace/HPI-BP2017N2/URLCleaner/388808881/.m2/org/springframework/boot/spring-boot-starter-logging/2.0.0.RELEASE/spring-boot-starter-logging-2.0.0.RELEASE.jar:/root/./workspace/HPI-BP2017N2/URLCleaner/388808881/.m2/ch/qos/logback/logback-classic/1.2.3/logback-classic-1.2.3.jar:/root/./workspace/HPI-BP2017N2/URLCleaner/388808881/.m2/ch/qos/logback/logback-core/1.2.3/logback-core-1.2.3.jar:/root/./workspace/HPI-BP2017N2/URLCleaner/388808881/.m2/org/apache/logging/log4j/log4j-to-slf4j/2.10.0/log4j-to-slf4j-2.10.0.jar:/root/./workspace/HPI-BP2017N2/URLCleaner/388808881/.m2/org/apache/logging/log4j/log4j-api/2.10.0/log4j-api-2.10.0.jar:/root/./workspace/HPI-BP2017N2/URLCleaner/388808881/.m2/org/slf4j/jul-to-slf4j/1.7.25/jul-to-slf4j-1.7.25.jar:/root/./workspace/HPI-BP2017N2/URLCleaner/388808881/.m2/javax/annotation/javax.annotation-api/1.3.2/javax.annotation-api-1.3.2.jar:/root/./workspace/HPI-BP2017N2/URLCleaner/388808881/.m2/org/yaml/snakeyaml/1.19/snakeyaml-1.19.jar:/root/./workspace/HPI-BP2017N2/URLCleaner/388808881/.m2/org/mongodb/mongodb-driver/3.6.3/mongodb-driver-3.6.3.jar:/root/./workspace/HPI-BP2017N2/URLCleaner/388808881/.m2/org/mongodb/bson/3.6.3/bson-3.6.3.jar:/root/./workspace/HPI-BP2017N2/URLCleaner/388808881/.m2/org/mongodb/mongodb-driver-core/3.6.3/mongodb-driver-core-3.6.3.jar:/root/./workspace/HPI-BP2017N2/URLCleaner/388808881/.m2/org/springframework/data/spring-data-mongodb/2.0.5.RELEASE/spring-data-mongodb-2.0.5.RELEASE.jar:/root/./workspace/HPI-BP2017N2/URLCleaner/388808881/.m2/org/springframework/spring-tx/5.0.4.RELEASE/spring-tx-5.0.4.RELEASE.jar:/root/./workspace/HPI-BP2017N2/URLCleaner/388808881/.m2/org/springframework/spring-expression/5.0.4.RELEASE/spring-expression-5.0.4.RELEASE.jar:/root/./workspace/HPI-BP2017N2/URLCleaner/388808881/.m2/org/springframework/data/spring-data-commons/2.0.5.RELEASE/spring-data-commons-2.0.5.RELEASE.jar:/root/./workspace/HPI-BP2017N2/URLCleaner/388808881/.m2/org/springframework/boot/spring-boot-starter-web/2.0.0.RELEASE/spring-boot-starter-web-2.0.0.RELEASE.jar:/root/./workspace/HPI-BP2017N2/URLCleaner/388808881/.m2/org/springframework/boot/spring-boot-starter-json/2.0.0.RELEASE/spring-boot-starter-json-2.0.0.RELEASE.jar:/root/./workspace/HPI-BP2017N2/URLCleaner/388808881/.m2/com/fasterxml/jackson/core/jackson-databind/2.9.4/jackson-databind-2.9.4.jar:/root/./workspace/HPI-BP2017N2/URLCleaner/388808881/.m2/com/fasterxml/jackson/core/jackson-core/2.9.4/jackson-core-2.9.4.jar:/root/./workspace/HPI-BP2017N2/URLCleaner/388808881/.m2/com/fasterxml/jackson/datatype/jackson-datatype-jdk8/2.9.4/jackson-datatype-jdk8-2.9.4.jar:/root/./workspace/HPI-BP2017N2/URLCleaner/388808881/.m2/com/fasterxml/jackson/datatype/jackson-datatype-jsr310/2.9.4/jackson-datatype-jsr310-2.9.4.jar:/root/./workspace/HPI-BP2017N2/URLCleaner/388808881/.m2/com/fasterxml/jackson/module/jackson-module-parameter-names/2.9.4/jackson-module-parameter-names-2.9.4.jar:/root/./workspace/HPI-BP2017N2/URLCleaner/388808881/.m2/org/springframework/boot/spring-boot-starter-tomcat/2.0.0.RELEASE/spring-boot-starter-tomcat-2.0.0.RELEASE.jar:/root/./workspace/HPI-BP2017N2/URLCleaner/388808881/.m2/org/apache/tomcat/embed/tomcat-embed-core/8.5.28/tomcat-embed-core-8.5.28.jar:/root/./workspace/HPI-BP2017N2/URLCleaner/388808881/.m2/org/apache/tomcat/embed/tomcat-embed-el/8.5.28/tomcat-embed-el-8.5.28.jar:/root/./workspace/HPI-BP2017N2/URLCleaner/388808881/.m2/org/apache/tomcat/embed/tomcat-embed-websocket/8.5.28/tomcat-embed-websocket-8.5.28.jar:/root/./workspace/HPI-BP2017N2/URLCleaner/388808881/.m2/org/hibernate/validator/hibernate-validator/6.0.7.Final/hibernate-validator-6.0.7.Final.jar:/root/./workspace/HPI-BP2017N2/URLCleaner/388808881/.m2/javax/validation/validation-api/2.0.1.Final/validation-api-2.0.1.Final.jar:/root/./workspace/HPI-BP2017N2/URLCleaner/388808881/.m2/org/jboss/logging/jboss-logging/3.3.2.Final/jboss-logging-3.3.2.Final.jar:/root/./workspace/HPI-BP2017N2/URLCleaner/388808881/.m2/org/springframework/spring-web/5.0.4.RELEASE/spring-web-5.0.4.RELEASE.jar:/root/./workspace/HPI-BP2017N2/URLCleaner/388808881/.m2/org/springframework/spring-webmvc/5.0.4.RELEASE/spring-webmvc-5.0.4.RELEASE.jar:/root/./workspace/HPI-BP2017N2/URLCleaner/388808881/.m2/org/springframework/boot/spring-boot-configuration-processor/2.0.0.RELEASE/spring-boot-configuration-processor-2.0.0.RELEASE.jar:/root/./workspace/HPI-BP2017N2/URLCleaner/388808881/.m2/org/projectlombok/lombok/1.16.20/lombok-1.16.20.jar:/root/./workspace/HPI-BP2017N2/URLCleaner/388808881/.m2/org/springframework/boot/spring-boot-starter-test/2.0.0.RELEASE/spring-boot-starter-test-2.0.0.RELEASE.jar:/root/./workspace/HPI-BP2017N2/URLCleaner/388808881/.m2/org/springframework/boot/spring-boot-test/2.0.0.RELEASE/spring-boot-test-2.0.0.RELEASE.jar:/root/./workspace/HPI-BP2017N2/URLCleaner/388808881/.m2/org/springframework/boot/spring-boot-test-autoconfigure/2.0.0.RELEASE/spring-boot-test-autoconfigure-2.0.0.RELEASE.jar:/root/./workspace/HPI-BP2017N2/URLCleaner/388808881/.m2/com/jayway/jsonpath/json-path/2.4.0/json-path-2.4.0.jar:/root/./workspace/HPI-BP2017N2/URLCleaner/388808881/.m2/net/minidev/json-smart/2.3/json-smart-2.3.jar:/root/./workspace/HPI-BP2017N2/URLCleaner/388808881/.m2/net/minidev/accessors-smart/1.2/accessors-smart-1.2.jar:/root/./workspace/HPI-BP2017N2/URLCleaner/388808881/.m2/org/ow2/asm/asm/5.0.4/asm-5.0.4.jar:/root/./workspace/HPI-BP2017N2/URLCleaner/388808881/.m2/junit/junit/4.12/junit-4.12.jar:/root/./workspace/HPI-BP2017N2/URLCleaner/388808881/.m2/org/assertj/assertj-core/3.9.1/assertj-core-3.9.1.jar:/root/./workspace/HPI-BP2017N2/URLCleaner/388808881/.m2/org/mockito/mockito-core/2.15.0/mockito-core-2.15.0.jar:/root/./workspace/HPI-BP2017N2/URLCleaner/388808881/.m2/net/bytebuddy/byte-buddy/1.7.10/byte-buddy-1.7.10.jar:/root/./workspace/HPI-BP2017N2/URLCleaner/388808881/.m2/net/bytebuddy/byte-buddy-agent/1.7.10/byte-buddy-agent-1.7.10.jar:/root/./workspace/HPI-BP2017N2/URLCleaner/388808881/.m2/org/objenesis/objenesis/2.6/objenesis-2.6.jar:/root/./workspace/HPI-BP2017N2/URLCleaner/388808881/.m2/org/hamcrest/hamcrest-core/1.3/hamcrest-core-1.3.jar:/root/./workspace/HPI-BP2017N2/URLCleaner/388808881/.m2/org/hamcrest/hamcrest-library/1.3/hamcrest-library-1.3.jar:/root/./workspace/HPI-BP2017N2/URLCleaner/388808881/.m2/org/skyscreamer/jsonassert/1.5.0/jsonassert-1.5.0.jar:/root/./workspace/HPI-BP2017N2/URLCleaner/388808881/.m2/com/vaadin/external/google/android-json/0.0.20131108.vaadin1/android-json-0.0.20131108.vaadin1.jar:/root/./workspace/HPI-BP2017N2/URLCleaner/388808881/.m2/org/springframework/spring-core/5.0.4.RELEASE/spring-core-5.0.4.RELEASE.jar:/root/./workspace/HPI-BP2017N2/URLCleaner/388808881/.m2/org/springframework/spring-jcl/5.0.4.RELEASE/spring-jcl-5.0.4.RELEASE.jar:/root/./workspace/HPI-BP2017N2/URLCleaner/388808881/.m2/org/springframework/spring-test/5.0.4.RELEASE/spring-test-5.0.4.RELEASE.jar:/root/./workspace/HPI-BP2017N2/URLCleaner/388808881/.m2/org/xmlunit/xmlunit-core/2.5.1/xmlunit-core-2.5.1.jar:/root/./workspace/HPI-BP2017N2/URLCleaner/388808881/.m2/org/springframework/boot/spring-boot-starter-security/2.0.0.RELEASE/spring-boot-starter-security-2.0.0.RELEASE.jar:/root/./workspace/HPI-BP2017N2/URLCleaner/388808881/.m2/org/springframework/spring-aop/5.0.4.RELEASE/spring-aop-5.0.4.RELEASE.jar:/root/./workspace/HPI-BP2017N2/URLCleaner/388808881/.m2/org/springframework/security/spring-security-config/5.0.3.RELEASE/spring-security-config-5.0.3.RELEASE.jar:/root/./workspace/HPI-BP2017N2/URLCleaner/388808881/.m2/org/springframework/security/spring-security-web/5.0.3.RELEASE/spring-security-web-5.0.3.RELEASE.jar:/root/./workspace/HPI-BP2017N2/URLCleaner/388808881/.m2/org/springframework/security/oauth/spring-security-oauth2/2.2.1.RELEASE/spring-security-oauth2-2.2.1.RELEASE.jar:/root/./workspace/HPI-BP2017N2/URLCleaner/388808881/.m2/org/springframework/spring-beans/5.0.4.RELEASE/spring-beans-5.0.4.RELEASE.jar:/root/./workspace/HPI-BP2017N2/URLCleaner/388808881/.m2/org/springframework/spring-context/5.0.4.RELEASE/spring-context-5.0.4.RELEASE.jar:/root/./workspace/HPI-BP2017N2/URLCleaner/388808881/.m2/org/springframework/security/spring-security-core/5.0.3.RELEASE/spring-security-core-5.0.3.RELEASE.jar:/root/./workspace/HPI-BP2017N2/URLCleaner/388808881/.m2/commons-codec/commons-codec/1.11/commons-codec-1.11.jar:/root/./workspace/HPI-BP2017N2/URLCleaner/388808881/.m2/org/codehaus/jackson/jackson-mapper-asl/1.9.13/jackson-mapper-asl-1.9.13.jar:/root/./workspace/HPI-BP2017N2/URLCleaner/388808881/.m2/org/codehaus/jackson/jackson-core-asl/1.9.13/jackson-core-asl-1.9.13.jar:/root/./workspace/HPI-BP2017N2/URLCleaner/388808881/.m2/org/springframework/retry/spring-retry/1.1.5.RELEASE/spring-retry-1.1.5.RELEASE.jar:/root/./workspace/HPI-BP2017N2/URLCleaner/388808881/.m2/io/springfox/springfox-swagger2/2.7.0/springfox-swagger2-2.7.0.jar:/root/./workspace/HPI-BP2017N2/URLCleaner/388808881/.m2/io/swagger/swagger-annotations/1.5.13/swagger-annotations-1.5.13.jar:/root/./workspace/HPI-BP2017N2/URLCleaner/388808881/.m2/io/swagger/swagger-models/1.5.13/swagger-models-1.5.13.jar:/root/./workspace/HPI-BP2017N2/URLCleaner/388808881/.m2/com/fasterxml/jackson/core/jackson-annotations/2.9.0/jackson-annotations-2.9.0.jar:/root/./workspace/HPI-BP2017N2/URLCleaner/388808881/.m2/io/springfox/springfox-spi/2.7.0/springfox-spi-2.7.0.jar:/root/./workspace/HPI-BP2017N2/URLCleaner/388808881/.m2/io/springfox/springfox-core/2.7.0/springfox-core-2.7.0.jar:/root/./workspace/HPI-BP2017N2/URLCleaner/388808881/.m2/io/springfox/springfox-schema/2.7.0/springfox-schema-2.7.0.jar:/root/./workspace/HPI-BP2017N2/URLCleaner/388808881/.m2/io/springfox/springfox-swagger-common/2.7.0/springfox-swagger-common-2.7.0.jar:/root/./workspace/HPI-BP2017N2/URLCleaner/388808881/.m2/io/springfox/springfox-spring-web/2.7.0/springfox-spring-web-2.7.0.jar:/root/./workspace/HPI-BP2017N2/URLCleaner/388808881/.m2/org/reflections/reflections/0.9.11/reflections-0.9.11.jar:/root/./workspace/HPI-BP2017N2/URLCleaner/388808881/.m2/org/javassist/javassist/3.21.0-GA/javassist-3.21.0-GA.jar:/root/./workspace/HPI-BP2017N2/URLCleaner/388808881/.m2/com/google/guava/guava/18.0/guava-18.0.jar:/root/./workspace/HPI-BP2017N2/URLCleaner/388808881/.m2/com/fasterxml/classmate/1.3.4/classmate-1.3.4.jar:/root/./workspace/HPI-BP2017N2/URLCleaner/388808881/.m2/org/slf4j/slf4j-api/1.7.25/slf4j-api-1.7.25.jar:/root/./workspace/HPI-BP2017N2/URLCleaner/388808881/.m2/org/springframework/plugin/spring-plugin-core/1.2.0.RELEASE/spring-plugin-core-1.2.0.RELEASE.jar:/root/./workspace/HPI-BP2017N2/URLCleaner/388808881/.m2/org/springframework/plugin/spring-plugin-metadata/1.2.0.RELEASE/spring-plugin-metadata-1.2.0.RELEASE.jar:/root/./workspace/HPI-BP2017N2/URLCleaner/388808881/.m2/org/mapstruct/mapstruct/1.1.0.Final/mapstruct-1.1.0.Final.jar:/root/./workspace/HPI-BP2017N2/URLCleaner/388808881/.m2/io/springfox/springfox-swagger-ui/2.7.0/springfox-swagger-ui-2.7.0.jar:"/>
    <property name="java.vm.vendor" value="Oracle Corporation"/>
    <property name="skip.bower" value="true"/>
    <property name="sun.arch.data.model" value="64"/>
    <property name="java.vendor.url" value="http://java.oracle.com/"/>
    <property name="user.timezone" value=""/>
    <property name="java.vm.specification.version" value="1.8"/>
    <property name="os.name" value="Linux"/>
    <property name="rat.skip" value="true"/>
    <property name="gpg.skip" value="true"/>
    <property name="sun.java.launcher" value="SUN_STANDARD"/>
    <property name="sun.boot.library.path" value="/usr/lib/jvm/java-8-openjdk-amd64/jre/lib/amd64"/>
    <property name="skip.gulp" value="true"/>
    <property name="sun.java.command" value="/root/workspace/HPI-BP2017N2/URLCleaner/388808881/target/surefire/surefirebooter4321717606613418582.jar /root/workspace/HPI-BP2017N2/URLCleaner/388808881/target/surefire 2018-06-06T16-58-29_239-jvmRun1 surefire4193409973902583775tmp surefire_01086495125127114852tmp"/>
    <property name="dependency-check.skip" value="true"/>
    <property name="surefire.test.class.path" value="/root/workspace/HPI-BP2017N2/URLCleaner/388808881/target/test-classes:/root/workspace/HPI-BP2017N2/URLCleaner/388808881/target/classes:/root/./workspace/HPI-BP2017N2/URLCleaner/388808881/.m2/org/springframework/boot/spring-boot-starter-data-mongodb/2.0.0.RELEASE/spring-boot-starter-data-mongodb-2.0.0.RELEASE.jar:/root/./workspace/HPI-BP2017N2/URLCleaner/388808881/.m2/org/springframework/boot/spring-boot-starter/2.0.0.RELEASE/spring-boot-starter-2.0.0.RELEASE.jar:/root/./workspace/HPI-BP2017N2/URLCleaner/388808881/.m2/org/springframework/boot/spring-boot/2.0.0.RELEASE/spring-boot-2.0.0.RELEASE.jar:/root/./workspace/HPI-BP2017N2/URLCleaner/388808881/.m2/org/springframework/boot/spring-boot-autoconfigure/2.0.0.RELEASE/spring-boot-autoconfigure-2.0.0.RELEASE.jar:/root/./workspace/HPI-BP2017N2/URLCleaner/388808881/.m2/org/springframework/boot/spring-boot-starter-logging/2.0.0.RELEASE/spring-boot-starter-logging-2.0.0.RELEASE.jar:/root/./workspace/HPI-BP2017N2/URLCleaner/388808881/.m2/ch/qos/logback/logback-classic/1.2.3/logback-classic-1.2.3.jar:/root/./workspace/HPI-BP2017N2/URLCleaner/388808881/.m2/ch/qos/logback/logback-core/1.2.3/logback-core-1.2.3.jar:/root/./workspace/HPI-BP2017N2/URLCleaner/388808881/.m2/org/apache/logging/log4j/log4j-to-slf4j/2.10.0/log4j-to-slf4j-2.10.0.jar:/root/./workspace/HPI-BP2017N2/URLCleaner/388808881/.m2/org/apache/logging/log4j/log4j-api/2.10.0/log4j-api-2.10.0.jar:/root/./workspace/HPI-BP2017N2/URLCleaner/388808881/.m2/org/slf4j/jul-to-slf4j/1.7.25/jul-to-slf4j-1.7.25.jar:/root/./workspace/HPI-BP2017N2/URLCleaner/388808881/.m2/javax/annotation/javax.annotation-api/1.3.2/javax.annotation-api-1.3.2.jar:/root/./workspace/HPI-BP2017N2/URLCleaner/388808881/.m2/org/yaml/snakeyaml/1.19/snakeyaml-1.19.jar:/root/./workspace/HPI-BP2017N2/URLCleaner/388808881/.m2/org/mongodb/mongodb-driver/3.6.3/mongodb-driver-3.6.3.jar:/root/./workspace/HPI-BP2017N2/URLCleaner/388808881/.m2/org/mongodb/bson/3.6.3/bson-3.6.3.jar:/root/./workspace/HPI-BP2017N2/URLCleaner/388808881/.m2/org/mongodb/mongodb-driver-core/3.6.3/mongodb-driver-core-3.6.3.jar:/root/./workspace/HPI-BP2017N2/URLCleaner/388808881/.m2/org/springframework/data/spring-data-mongodb/2.0.5.RELEASE/spring-data-mongodb-2.0.5.RELEASE.jar:/root/./workspace/HPI-BP2017N2/URLCleaner/388808881/.m2/org/springframework/spring-tx/5.0.4.RELEASE/spring-tx-5.0.4.RELEASE.jar:/root/./workspace/HPI-BP2017N2/URLCleaner/388808881/.m2/org/springframework/spring-expression/5.0.4.RELEASE/spring-expression-5.0.4.RELEASE.jar:/root/./workspace/HPI-BP2017N2/URLCleaner/388808881/.m2/org/springframework/data/spring-data-commons/2.0.5.RELEASE/spring-data-commons-2.0.5.RELEASE.jar:/root/./workspace/HPI-BP2017N2/URLCleaner/388808881/.m2/org/springframework/boot/spring-boot-starter-web/2.0.0.RELEASE/spring-boot-starter-web-2.0.0.RELEASE.jar:/root/./workspace/HPI-BP2017N2/URLCleaner/388808881/.m2/org/springframework/boot/spring-boot-starter-json/2.0.0.RELEASE/spring-boot-starter-json-2.0.0.RELEASE.jar:/root/./workspace/HPI-BP2017N2/URLCleaner/388808881/.m2/com/fasterxml/jackson/core/jackson-databind/2.9.4/jackson-databind-2.9.4.jar:/root/./workspace/HPI-BP2017N2/URLCleaner/388808881/.m2/com/fasterxml/jackson/core/jackson-core/2.9.4/jackson-core-2.9.4.jar:/root/./workspace/HPI-BP2017N2/URLCleaner/388808881/.m2/com/fasterxml/jackson/datatype/jackson-datatype-jdk8/2.9.4/jackson-datatype-jdk8-2.9.4.jar:/root/./workspace/HPI-BP2017N2/URLCleaner/388808881/.m2/com/fasterxml/jackson/datatype/jackson-datatype-jsr310/2.9.4/jackson-datatype-jsr310-2.9.4.jar:/root/./workspace/HPI-BP2017N2/URLCleaner/388808881/.m2/com/fasterxml/jackson/module/jackson-module-parameter-names/2.9.4/jackson-module-parameter-names-2.9.4.jar:/root/./workspace/HPI-BP2017N2/URLCleaner/388808881/.m2/org/springframework/boot/spring-boot-starter-tomcat/2.0.0.RELEASE/spring-boot-starter-tomcat-2.0.0.RELEASE.jar:/root/./workspace/HPI-BP2017N2/URLCleaner/388808881/.m2/org/apache/tomcat/embed/tomcat-embed-core/8.5.28/tomcat-embed-core-8.5.28.jar:/root/./workspace/HPI-BP2017N2/URLCleaner/388808881/.m2/org/apache/tomcat/embed/tomcat-embed-el/8.5.28/tomcat-embed-el-8.5.28.jar:/root/./workspace/HPI-BP2017N2/URLCleaner/388808881/.m2/org/apache/tomcat/embed/tomcat-embed-websocket/8.5.28/tomcat-embed-websocket-8.5.28.jar:/root/./workspace/HPI-BP2017N2/URLCleaner/388808881/.m2/org/hibernate/validator/hibernate-validator/6.0.7.Final/hibernate-validator-6.0.7.Final.jar:/root/./workspace/HPI-BP2017N2/URLCleaner/388808881/.m2/javax/validation/validation-api/2.0.1.Final/validation-api-2.0.1.Final.jar:/root/./workspace/HPI-BP2017N2/URLCleaner/388808881/.m2/org/jboss/logging/jboss-logging/3.3.2.Final/jboss-logging-3.3.2.Final.jar:/root/./workspace/HPI-BP2017N2/URLCleaner/388808881/.m2/org/springframework/spring-web/5.0.4.RELEASE/spring-web-5.0.4.RELEASE.jar:/root/./workspace/HPI-BP2017N2/URLCleaner/388808881/.m2/org/springframework/spring-webmvc/5.0.4.RELEASE/spring-webmvc-5.0.4.RELEASE.jar:/root/./workspace/HPI-BP2017N2/URLCleaner/388808881/.m2/org/springframework/boot/spring-boot-configuration-processor/2.0.0.RELEASE/spring-boot-configuration-processor-2.0.0.RELEASE.jar:/root/./workspace/HPI-BP2017N2/URLCleaner/388808881/.m2/org/projectlombok/lombok/1.16.20/lombok-1.16.20.jar:/root/./workspace/HPI-BP2017N2/URLCleaner/388808881/.m2/org/springframework/boot/spring-boot-starter-test/2.0.0.RELEASE/spring-boot-starter-test-2.0.0.RELEASE.jar:/root/./workspace/HPI-BP2017N2/URLCleaner/388808881/.m2/org/springframework/boot/spring-boot-test/2.0.0.RELEASE/spring-boot-test-2.0.0.RELEASE.jar:/root/./workspace/HPI-BP2017N2/URLCleaner/388808881/.m2/org/springframework/boot/spring-boot-test-autoconfigure/2.0.0.RELEASE/spring-boot-test-autoconfigure-2.0.0.RELEASE.jar:/root/./workspace/HPI-BP2017N2/URLCleaner/388808881/.m2/com/jayway/jsonpath/json-path/2.4.0/json-path-2.4.0.jar:/root/./workspace/HPI-BP2017N2/URLCleaner/388808881/.m2/net/minidev/json-smart/2.3/json-smart-2.3.jar:/root/./workspace/HPI-BP2017N2/URLCleaner/388808881/.m2/net/minidev/accessors-smart/1.2/accessors-smart-1.2.jar:/root/./workspace/HPI-BP2017N2/URLCleaner/388808881/.m2/org/ow2/asm/asm/5.0.4/asm-5.0.4.jar:/root/./workspace/HPI-BP2017N2/URLCleaner/388808881/.m2/junit/junit/4.12/junit-4.12.jar:/root/./workspace/HPI-BP2017N2/URLCleaner/388808881/.m2/org/assertj/assertj-core/3.9.1/assertj-core-3.9.1.jar:/root/./workspace/HPI-BP2017N2/URLCleaner/388808881/.m2/org/mockito/mockito-core/2.15.0/mockito-core-2.15.0.jar:/root/./workspace/HPI-BP2017N2/URLCleaner/388808881/.m2/net/bytebuddy/byte-buddy/1.7.10/byte-buddy-1.7.10.jar:/root/./workspace/HPI-BP2017N2/URLCleaner/388808881/.m2/net/bytebuddy/byte-buddy-agent/1.7.10/byte-buddy-agent-1.7.10.jar:/root/./workspace/HPI-BP2017N2/URLCleaner/388808881/.m2/org/objenesis/objenesis/2.6/objenesis-2.6.jar:/root/./workspace/HPI-BP2017N2/URLCleaner/388808881/.m2/org/hamcrest/hamcrest-core/1.3/hamcrest-core-1.3.jar:/root/./workspace/HPI-BP2017N2/URLCleaner/388808881/.m2/org/hamcrest/hamcrest-library/1.3/hamcrest-library-1.3.jar:/root/./workspace/HPI-BP2017N2/URLCleaner/388808881/.m2/org/skyscreamer/jsonassert/1.5.0/jsonassert-1.5.0.jar:/root/./workspace/HPI-BP2017N2/URLCleaner/388808881/.m2/com/vaadin/external/google/android-json/0.0.20131108.vaadin1/android-json-0.0.20131108.vaadin1.jar:/root/./workspace/HPI-BP2017N2/URLCleaner/388808881/.m2/org/springframework/spring-core/5.0.4.RELEASE/spring-core-5.0.4.RELEASE.jar:/root/./workspace/HPI-BP2017N2/URLCleaner/388808881/.m2/org/springframework/spring-jcl/5.0.4.RELEASE/spring-jcl-5.0.4.RELEASE.jar:/root/./workspace/HPI-BP2017N2/URLCleaner/388808881/.m2/org/springframework/spring-test/5.0.4.RELEASE/spring-test-5.0.4.RELEASE.jar:/root/./workspace/HPI-BP2017N2/URLCleaner/388808881/.m2/org/xmlunit/xmlunit-core/2.5.1/xmlunit-core-2.5.1.jar:/root/./workspace/HPI-BP2017N2/URLCleaner/388808881/.m2/org/springframework/boot/spring-boot-starter-security/2.0.0.RELEASE/spring-boot-starter-security-2.0.0.RELEASE.jar:/root/./workspace/HPI-BP2017N2/URLCleaner/388808881/.m2/org/springframework/spring-aop/5.0.4.RELEASE/spring-aop-5.0.4.RELEASE.jar:/root/./workspace/HPI-BP2017N2/URLCleaner/388808881/.m2/org/springframework/security/spring-security-config/5.0.3.RELEASE/spring-security-config-5.0.3.RELEASE.jar:/root/./workspace/HPI-BP2017N2/URLCleaner/388808881/.m2/org/springframework/security/spring-security-web/5.0.3.RELEASE/spring-security-web-5.0.3.RELEASE.jar:/root/./workspace/HPI-BP2017N2/URLCleaner/388808881/.m2/org/springframework/security/oauth/spring-security-oauth2/2.2.1.RELEASE/spring-security-oauth2-2.2.1.RELEASE.jar:/root/./workspace/HPI-BP2017N2/URLCleaner/388808881/.m2/org/springframework/spring-beans/5.0.4.RELEASE/spring-beans-5.0.4.RELEASE.jar:/root/./workspace/HPI-BP2017N2/URLCleaner/388808881/.m2/org/springframework/spring-context/5.0.4.RELEASE/spring-context-5.0.4.RELEASE.jar:/root/./workspace/HPI-BP2017N2/URLCleaner/388808881/.m2/org/springframework/security/spring-security-core/5.0.3.RELEASE/spring-security-core-5.0.3.RELEASE.jar:/root/./workspace/HPI-BP2017N2/URLCleaner/388808881/.m2/commons-codec/commons-codec/1.11/commons-codec-1.11.jar:/root/./workspace/HPI-BP2017N2/URLCleaner/388808881/.m2/org/codehaus/jackson/jackson-mapper-asl/1.9.13/jackson-mapper-asl-1.9.13.jar:/root/./workspace/HPI-BP2017N2/URLCleaner/388808881/.m2/org/codehaus/jackson/jackson-core-asl/1.9.13/jackson-core-asl-1.9.13.jar:/root/./workspace/HPI-BP2017N2/URLCleaner/388808881/.m2/org/springframework/retry/spring-retry/1.1.5.RELEASE/spring-retry-1.1.5.RELEASE.jar:/root/./workspace/HPI-BP2017N2/URLCleaner/388808881/.m2/io/springfox/springfox-swagger2/2.7.0/springfox-swagger2-2.7.0.jar:/root/./workspace/HPI-BP2017N2/URLCleaner/388808881/.m2/io/swagger/swagger-annotations/1.5.13/swagger-annotations-1.5.13.jar:/root/./workspace/HPI-BP2017N2/URLCleaner/388808881/.m2/io/swagger/swagger-models/1.5.13/swagger-models-1.5.13.jar:/root/./workspace/HPI-BP2017N2/URLCleaner/388808881/.m2/com/fasterxml/jackson/core/jackson-annotations/2.9.0/jackson-annotations-2.9.0.jar:/root/./workspace/HPI-BP2017N2/URLCleaner/388808881/.m2/io/springfox/springfox-spi/2.7.0/springfox-spi-2.7.0.jar:/root/./workspace/HPI-BP2017N2/URLCleaner/388808881/.m2/io/springfox/springfox-core/2.7.0/springfox-core-2.7.0.jar:/root/./workspace/HPI-BP2017N2/URLCleaner/388808881/.m2/io/springfox/springfox-schema/2.7.0/springfox-schema-2.7.0.jar:/root/./workspace/HPI-BP2017N2/URLCleaner/388808881/.m2/io/springfox/springfox-swagger-common/2.7.0/springfox-swagger-common-2.7.0.jar:/root/./workspace/HPI-BP2017N2/URLCleaner/388808881/.m2/io/springfox/springfox-spring-web/2.7.0/springfox-spring-web-2.7.0.jar:/root/./workspace/HPI-BP2017N2/URLCleaner/388808881/.m2/org/reflections/reflections/0.9.11/reflections-0.9.11.jar:/root/./workspace/HPI-BP2017N2/URLCleaner/388808881/.m2/org/javassist/javassist/3.21.0-GA/javassist-3.21.0-GA.jar:/root/./workspace/HPI-BP2017N2/URLCleaner/388808881/.m2/com/google/guava/guava/18.0/guava-18.0.jar:/root/./workspace/HPI-BP2017N2/URLCleaner/388808881/.m2/com/fasterxml/classmate/1.3.4/classmate-1.3.4.jar:/root/./workspace/HPI-BP2017N2/URLCleaner/388808881/.m2/org/slf4j/slf4j-api/1.7.25/slf4j-api-1.7.25.jar:/root/./workspace/HPI-BP2017N2/URLCleaner/388808881/.m2/org/springframework/plugin/spring-plugin-core/1.2.0.RELEASE/spring-plugin-core-1.2.0.RELEASE.jar:/root/./workspace/HPI-BP2017N2/URLCleaner/388808881/.m2/org/springframework/plugin/spring-plugin-metadata/1.2.0.RELEASE/spring-plugin-metadata-1.2.0.RELEASE.jar:/root/./workspace/HPI-BP2017N2/URLCleaner/388808881/.m2/org/mapstruct/mapstruct/1.1.0.Final/mapstruct-1.1.0.Final.jar:/root/./workspace/HPI-BP2017N2/URLCleaner/388808881/.m2/io/springfox/springfox-swagger-ui/2.7.0/springfox-swagger-ui-2.7.0.jar:"/>
    <property name="sun.cpu.endian" value="little"/>
    <property name="user.home" value="/root"/>
    <property name="user.language" value="en"/>
    <property name="java.specification.vendor" value="Oracle Corporation"/>
    <property name="java.home" value="/usr/lib/jvm/java-8-openjdk-amd64/jre"/>
    <property name="basedir" value="/root/workspace/HPI-BP2017N2/URLCleaner/388808881"/>
    <property name="file.separator" value="/"/>
    <property name="checkstyle.skip" value="true"/>
    <property name="line.separator" value="&#10;"/>
    <property name="skip.npm" value="true"/>
    <property name="java.vm.specification.vendor" value="Oracle Corporation"/>
    <property name="java.specification.name" value="Java Platform API Specification"/>
    <property name="java.awt.graphicsenv" value="sun.awt.X11GraphicsEnvironment"/>
    <property name="skipITs" value="true"/>
    <property name="surefire.real.class.path" value="/root/workspace/HPI-BP2017N2/URLCleaner/388808881/target/surefire/surefirebooter4321717606613418582.jar"/>
    <property name="cobertura.skip" value="true"/>
    <property name="sun.boot.class.path" value="/usr/lib/jvm/java-8-openjdk-amd64/jre/lib/resources.jar:/usr/lib/jvm/java-8-openjdk-amd64/jre/lib/rt.jar:/usr/lib/jvm/java-8-openjdk-amd64/jre/lib/sunrsasign.jar:/usr/lib/jvm/java-8-openjdk-amd64/jre/lib/jsse.jar:/usr/lib/jvm/java-8-openjdk-amd64/jre/lib/jce.jar:/usr/lib/jvm/java-8-openjdk-amd64/jre/lib/charsets.jar:/usr/lib/jvm/java-8-openjdk-amd64/jre/lib/jfr.jar:/usr/lib/jvm/java-8-openjdk-amd64/jre/classes"/>
    <property name="sun.management.compiler" value="HotSpot 64-Bit Tiered Compilers"/>
    <property name="java.runtime.version" value="1.8.0_121-8u121-b13-1~bpo8+1-b13"/>
    <property name="user.name" value="root"/>
    <property name="findbugs.skip" value="true"/>
    <property name="path.separator" value=":"/>
    <property name="os.version" value="3.10.0-862.3.2.el7.x86_64"/>
    <property name="java.endorsed.dirs" value="/usr/lib/jvm/java-8-openjdk-amd64/jre/lib/endorsed"/>
    <property name="java.runtime.name" value="OpenJDK Runtime Environment"/>
    <property name="file.encoding" value="UTF-8"/>
    <property name="java.vm.name" value="OpenJDK 64-Bit Server VM"/>
    <property name="localRepository" value="/root/./workspace/HPI-BP2017N2/URLCleaner/388808881/.m2"/>
    <property name="java.vendor.url.bug" value="http://bugreport.sun.com/bugreport/"/>
    <property name="java.io.tmpdir" value="/tmp"/>
    <property name="java.version" value="1.8.0_121"/>
    <property name="user.dir" value="/root/workspace/HPI-BP2017N2/URLCleaner/388808881"/>
    <property name="os.arch" value="amd64"/>
    <property name="license.skip" value="true"/>
    <property name="java.vm.specification.name" value="Java Virtual Machine Specification"/>
    <property name="java.awt.printerjob" value="sun.print.PSPrinterJob"/>
    <property name="sun.os.patch.level" value="unknown"/>
    <property name="java.library.path" value="/usr/java/packages/lib/amd64:/usr/lib/x86_64-linux-gnu/jni:/lib/x86_64-linux-gnu:/usr/lib/x86_64-linux-gnu:/usr/lib/jni:/lib:/usr/lib"/>
    <property name="java.vm.info" value="mixed mode"/>
    <property name="java.vendor" value="Oracle Corporation"/>
    <property name="java.vm.version" value="25.121-b13"/>
    <property name="java.ext.dirs" value="/usr/lib/jvm/java-8-openjdk-amd64/jre/lib/ext:/usr/java/packages/lib/ext"/>
    <property name="sun.io.unicode.encoding" value="UnicodeLittle"/>
    <property name="maven.repo.local" value="/root/./workspace/HPI-BP2017N2/URLCleaner/388808881/.m2"/>
    <property name="enforcer.skip" value="true"/>
    <property name="java.class.version" value="52.0"/>
  </properties>
  <testcase name="contextLoads" classname="de.hpi.urlcleaner.UrlCleanerApplicationTests" time="0.008">
    <error message="Failed to load ApplicationContext" type="java.lang.IllegalStateException">java.lang.IllegalStateException: Failed to load ApplicationContext
Caused by: org.springframework.beans.factory.UnsatisfiedDependencyException: Error creating bean with name 'urlCleanerController' defined in file [/root/workspace/HPI-BP2017N2/URLCleaner/388808881/target/classes/de/hpi/urlcleaner/api/UrlCleanerController.class]: Unsatisfied dependency expressed through constructor parameter 0; nested exception is org.springframework.beans.factory.UnsatisfiedDependencyException: Error creating bean with name 'urlCleanerService' defined in file [/root/workspace/HPI-BP2017N2/URLCleaner/388808881/target/classes/de/hpi/urlcleaner/services/UrlCleanerService.class]: Unsatisfied dependency expressed through constructor parameter 0; nested exception is org.springframework.beans.factory.UnsatisfiedDependencyException: Error creating bean with name 'OAuthConfig': Unsatisfied dependency expressed through field 'clientProperties'; nested exception is org.springframework.boot.context.properties.ConfigurationPropertiesBindException: Error creating bean with name 'idealoBridgeProperties': Could not bind properties to 'IdealoBridgeProperties' : prefix=idealobridge, ignoreInvalidFields=false, ignoreUnknownFields=true; nested exception is org.springframework.boot.context.properties.bind.BindException: Failed to bind properties under 'idealobridge.o-auth2-client-id' to java.lang.String
Caused by: org.springframework.beans.factory.UnsatisfiedDependencyException: Error creating bean with name 'urlCleanerService' defined in file [/root/workspace/HPI-BP2017N2/URLCleaner/388808881/target/classes/de/hpi/urlcleaner/services/UrlCleanerService.class]: Unsatisfied dependency expressed through constructor parameter 0; nested exception is org.springframework.beans.factory.UnsatisfiedDependencyException: Error creating bean with name 'OAuthConfig': Unsatisfied dependency expressed through field 'clientProperties'; nested exception is org.springframework.boot.context.properties.ConfigurationPropertiesBindException: Error creating bean with name 'idealoBridgeProperties': Could not bind properties to 'IdealoBridgeProperties' : prefix=idealobridge, ignoreInvalidFields=false, ignoreUnknownFields=true; nested exception is org.springframework.boot.context.properties.bind.BindException: Failed to bind properties under 'idealobridge.o-auth2-client-id' to java.lang.String
Caused by: org.springframework.beans.factory.UnsatisfiedDependencyException: Error creating bean with name 'OAuthConfig': Unsatisfied dependency expressed through field 'clientProperties'; nested exception is org.springframework.boot.context.properties.ConfigurationPropertiesBindException: Error creating bean with name 'idealoBridgeProperties': Could not bind properties to 'IdealoBridgeProperties' : prefix=idealobridge, ignoreInvalidFields=false, ignoreUnknownFields=true; nested exception is org.springframework.boot.context.properties.bind.BindException: Failed to bind properties under 'idealobridge.o-auth2-client-id' to java.lang.String
Caused by: org.springframework.boot.context.properties.ConfigurationPropertiesBindException: Error creating bean with name 'idealoBridgeProperties': Could not bind properties to 'IdealoBridgeProperties' : prefix=idealobridge, ignoreInvalidFields=false, ignoreUnknownFields=true; nested exception is org.springframework.boot.context.properties.bind.BindException: Failed to bind properties under 'idealobridge.o-auth2-client-id' to java.lang.String
Caused by: org.springframework.boot.context.properties.bind.BindException: Failed to bind properties under 'idealobridge.o-auth2-client-id' to java.lang.String
Caused by: java.lang.IllegalArgumentException: Could not resolve placeholder 'CLIENT_ID' in value "${CLIENT_ID}"
</error>
    <system-out><![CDATA[16:58:31.509 [main] DEBUG org.springframework.test.context.junit4.SpringJUnit4ClassRunner - SpringJUnit4ClassRunner constructor called with [class de.hpi.urlcleaner.UrlCleanerApplicationTests]
16:58:31.517 [main] DEBUG org.springframework.test.context.BootstrapUtils - Instantiating CacheAwareContextLoaderDelegate from class [org.springframework.test.context.cache.DefaultCacheAwareContextLoaderDelegate]
16:58:31.527 [main] DEBUG org.springframework.test.context.BootstrapUtils - Instantiating BootstrapContext using constructor [public org.springframework.test.context.support.DefaultBootstrapContext(java.lang.Class,org.springframework.test.context.CacheAwareContextLoaderDelegate)]
16:58:31.555 [main] DEBUG org.springframework.test.context.BootstrapUtils - Instantiating TestContextBootstrapper for test class [de.hpi.urlcleaner.UrlCleanerApplicationTests] from class [org.springframework.boot.test.context.SpringBootTestContextBootstrapper]
16:58:31.576 [main] INFO org.springframework.boot.test.context.SpringBootTestContextBootstrapper - Neither @ContextConfiguration nor @ContextHierarchy found for test class [de.hpi.urlcleaner.UrlCleanerApplicationTests], using SpringBootContextLoader
16:58:31.583 [main] DEBUG org.springframework.test.context.support.AbstractContextLoader - Did not detect default resource location for test class [de.hpi.urlcleaner.UrlCleanerApplicationTests]: class path resource [de/hpi/urlcleaner/UrlCleanerApplicationTests-context.xml] does not exist
16:58:31.584 [main] DEBUG org.springframework.test.context.support.AbstractContextLoader - Did not detect default resource location for test class [de.hpi.urlcleaner.UrlCleanerApplicationTests]: class path resource [de/hpi/urlcleaner/UrlCleanerApplicationTestsContext.groovy] does not exist
16:58:31.584 [main] INFO org.springframework.test.context.support.AbstractContextLoader - Could not detect default resource locations for test class [de.hpi.urlcleaner.UrlCleanerApplicationTests]: no resource found for suffixes {-context.xml, Context.groovy}.
16:58:31.585 [main] INFO org.springframework.test.context.support.AnnotationConfigContextLoaderUtils - Could not detect default configuration classes for test class [de.hpi.urlcleaner.UrlCleanerApplicationTests]: UrlCleanerApplicationTests does not declare any static, non-private, non-final, nested classes annotated with @Configuration.
16:58:31.638 [main] DEBUG org.springframework.test.context.support.ActiveProfilesUtils - Could not find an 'annotation declaring class' for annotation type [org.springframework.test.context.ActiveProfiles] and class [de.hpi.urlcleaner.UrlCleanerApplicationTests]
16:58:31.648 [main] DEBUG org.springframework.core.env.StandardEnvironment - Adding PropertySource 'systemProperties' with lowest search precedence
16:58:31.649 [main] DEBUG org.springframework.core.env.StandardEnvironment - Adding PropertySource 'systemEnvironment' with lowest search precedence
16:58:31.650 [main] DEBUG org.springframework.core.env.StandardEnvironment - Initialized StandardEnvironment with PropertySources [MapPropertySource@1176735295 {name='systemProperties', properties={java.runtime.name=OpenJDK Runtime Environment, sun.boot.library.path=/usr/lib/jvm/java-8-openjdk-amd64/jre/lib/amd64, java.vm.version=25.121-b13, java.vm.vendor=Oracle Corporation, java.vendor.url=http://java.oracle.com/, skip.gulp=true, path.separator=:, java.vm.name=OpenJDK 64-Bit Server VM, file.encoding.pkg=sun.io, findbugs.skip=true, sun.java.launcher=SUN_STANDARD, sun.os.patch.level=unknown, java.vm.specification.name=Java Virtual Machine Specification, user.dir=/root/workspace/HPI-BP2017N2/URLCleaner/388808881, checkstyle.skip=true, java.runtime.version=1.8.0_121-8u121-b13-1~bpo8+1-b13, skip.npm=true, basedir=/root/workspace/HPI-BP2017N2/URLCleaner/388808881, java.awt.graphicsenv=sun.awt.X11GraphicsEnvironment, java.endorsed.dirs=/usr/lib/jvm/java-8-openjdk-amd64/jre/lib/endorsed, os.arch=amd64, surefire.real.class.path=/root/workspace/HPI-BP2017N2/URLCleaner/388808881/target/surefire/surefirebooter4321717606613418582.jar, gpg.skip=true, java.io.tmpdir=/tmp, line.separator=
, cobertura.skip=true, java.vm.specification.vendor=Oracle Corporation, os.name=Linux, sun.jnu.encoding=UTF-8, license.skip=true, java.library.path=/usr/java/packages/lib/amd64:/usr/lib/x86_64-linux-gnu/jni:/lib/x86_64-linux-gnu:/usr/lib/x86_64-linux-gnu:/usr/lib/jni:/lib:/usr/lib, surefire.test.class.path=/root/workspace/HPI-BP2017N2/URLCleaner/388808881/target/test-classes:/root/workspace/HPI-BP2017N2/URLCleaner/388808881/target/classes:/root/./workspace/HPI-BP2017N2/URLCleaner/388808881/.m2/org/springframework/boot/spring-boot-starter-data-mongodb/2.0.0.RELEASE/spring-boot-starter-data-mongodb-2.0.0.RELEASE.jar:/root/./workspace/HPI-BP2017N2/URLCleaner/388808881/.m2/org/springframework/boot/spring-boot-starter/2.0.0.RELEASE/spring-boot-starter-2.0.0.RELEASE.jar:/root/./workspace/HPI-BP2017N2/URLCleaner/388808881/.m2/org/springframework/boot/spring-boot/2.0.0.RELEASE/spring-boot-2.0.0.RELEASE.jar:/root/./workspace/HPI-BP2017N2/URLCleaner/388808881/.m2/org/springframework/boot/spring-boot-autoconfigure/2.0.0.RELEASE/spring-boot-autoconfigure-2.0.0.RELEASE.jar:/root/./workspace/HPI-BP2017N2/URLCleaner/388808881/.m2/org/springframework/boot/spring-boot-starter-logging/2.0.0.RELEASE/spring-boot-starter-logging-2.0.0.RELEASE.jar:/root/./workspace/HPI-BP2017N2/URLCleaner/388808881/.m2/ch/qos/logback/logback-classic/1.2.3/logback-classic-1.2.3.jar:/root/./workspace/HPI-BP2017N2/URLCleaner/388808881/.m2/ch/qos/logback/logback-core/1.2.3/logback-core-1.2.3.jar:/root/./workspace/HPI-BP2017N2/URLCleaner/388808881/.m2/org/apache/logging/log4j/log4j-to-slf4j/2.10.0/log4j-to-slf4j-2.10.0.jar:/root/./workspace/HPI-BP2017N2/URLCleaner/388808881/.m2/org/apache/logging/log4j/log4j-api/2.10.0/log4j-api-2.10.0.jar:/root/./workspace/HPI-BP2017N2/URLCleaner/388808881/.m2/org/slf4j/jul-to-slf4j/1.7.25/jul-to-slf4j-1.7.25.jar:/root/./workspace/HPI-BP2017N2/URLCleaner/388808881/.m2/javax/annotation/javax.annotation-api/1.3.2/javax.annotation-api-1.3.2.jar:/root/./workspace/HPI-BP2017N2/URLCleaner/388808881/.m2/org/yaml/snakeyaml/1.19/snakeyaml-1.19.jar:/root/./workspace/HPI-BP2017N2/URLCleaner/388808881/.m2/org/mongodb/mongodb-driver/3.6.3/mongodb-driver-3.6.3.jar:/root/./workspace/HPI-BP2017N2/URLCleaner/388808881/.m2/org/mongodb/bson/3.6.3/bson-3.6.3.jar:/root/./workspace/HPI-BP2017N2/URLCleaner/388808881/.m2/org/mongodb/mongodb-driver-core/3.6.3/mongodb-driver-core-3.6.3.jar:/root/./workspace/HPI-BP2017N2/URLCleaner/388808881/.m2/org/springframework/data/spring-data-mongodb/2.0.5.RELEASE/spring-data-mongodb-2.0.5.RELEASE.jar:/root/./workspace/HPI-BP2017N2/URLCleaner/388808881/.m2/org/springframework/spring-tx/5.0.4.RELEASE/spring-tx-5.0.4.RELEASE.jar:/root/./workspace/HPI-BP2017N2/URLCleaner/388808881/.m2/org/springframework/spring-expression/5.0.4.RELEASE/spring-expression-5.0.4.RELEASE.jar:/root/./workspace/HPI-BP2017N2/URLCleaner/388808881/.m2/org/springframework/data/spring-data-commons/2.0.5.RELEASE/spring-data-commons-2.0.5.RELEASE.jar:/root/./workspace/HPI-BP2017N2/URLCleaner/388808881/.m2/org/springframework/boot/spring-boot-starter-web/2.0.0.RELEASE/spring-boot-starter-web-2.0.0.RELEASE.jar:/root/./workspace/HPI-BP2017N2/URLCleaner/388808881/.m2/org/springframework/boot/spring-boot-starter-json/2.0.0.RELEASE/spring-boot-starter-json-2.0.0.RELEASE.jar:/root/./workspace/HPI-BP2017N2/URLCleaner/388808881/.m2/com/fasterxml/jackson/core/jackson-databind/2.9.4/jackson-databind-2.9.4.jar:/root/./workspace/HPI-BP2017N2/URLCleaner/388808881/.m2/com/fasterxml/jackson/core/jackson-core/2.9.4/jackson-core-2.9.4.jar:/root/./workspace/HPI-BP2017N2/URLCleaner/388808881/.m2/com/fasterxml/jackson/datatype/jackson-datatype-jdk8/2.9.4/jackson-datatype-jdk8-2.9.4.jar:/root/./workspace/HPI-BP2017N2/URLCleaner/388808881/.m2/com/fasterxml/jackson/datatype/jackson-datatype-jsr310/2.9.4/jackson-datatype-jsr310-2.9.4.jar:/root/./workspace/HPI-BP2017N2/URLCleaner/388808881/.m2/com/fasterxml/jackson/module/jackson-module-parameter-names/2.9.4/jackson-module-parameter-names-2.9.4.jar:/root/./workspace/HPI-BP2017N2/URLCleaner/388808881/.m2/org/springframework/boot/spring-boot-starter-tomcat/2.0.0.RELEASE/spring-boot-starter-tomcat-2.0.0.RELEASE.jar:/root/./workspace/HPI-BP2017N2/URLCleaner/388808881/.m2/org/apache/tomcat/embed/tomcat-embed-core/8.5.28/tomcat-embed-core-8.5.28.jar:/root/./workspace/HPI-BP2017N2/URLCleaner/388808881/.m2/org/apache/tomcat/embed/tomcat-embed-el/8.5.28/tomcat-embed-el-8.5.28.jar:/root/./workspace/HPI-BP2017N2/URLCleaner/388808881/.m2/org/apache/tomcat/embed/tomcat-embed-websocket/8.5.28/tomcat-embed-websocket-8.5.28.jar:/root/./workspace/HPI-BP2017N2/URLCleaner/388808881/.m2/org/hibernate/validator/hibernate-validator/6.0.7.Final/hibernate-validator-6.0.7.Final.jar:/root/./workspace/HPI-BP2017N2/URLCleaner/388808881/.m2/javax/validation/validation-api/2.0.1.Final/validation-api-2.0.1.Final.jar:/root/./workspace/HPI-BP2017N2/URLCleaner/388808881/.m2/org/jboss/logging/jboss-logging/3.3.2.Final/jboss-logging-3.3.2.Final.jar:/root/./workspace/HPI-BP2017N2/URLCleaner/388808881/.m2/org/springframework/spring-web/5.0.4.RELEASE/spring-web-5.0.4.RELEASE.jar:/root/./workspace/HPI-BP2017N2/URLCleaner/388808881/.m2/org/springframework/spring-webmvc/5.0.4.RELEASE/spring-webmvc-5.0.4.RELEASE.jar:/root/./workspace/HPI-BP2017N2/URLCleaner/388808881/.m2/org/springframework/boot/spring-boot-configuration-processor/2.0.0.RELEASE/spring-boot-configuration-processor-2.0.0.RELEASE.jar:/root/./workspace/HPI-BP2017N2/URLCleaner/388808881/.m2/org/projectlombok/lombok/1.16.20/lombok-1.16.20.jar:/root/./workspace/HPI-BP2017N2/URLCleaner/388808881/.m2/org/springframework/boot/spring-boot-starter-test/2.0.0.RELEASE/spring-boot-starter-test-2.0.0.RELEASE.jar:/root/./workspace/HPI-BP2017N2/URLCleaner/388808881/.m2/org/springframework/boot/spring-boot-test/2.0.0.RELEASE/spring-boot-test-2.0.0.RELEASE.jar:/root/./workspace/HPI-BP2017N2/URLCleaner/388808881/.m2/org/springframework/boot/spring-boot-test-autoconfigure/2.0.0.RELEASE/spring-boot-test-autoconfigure-2.0.0.RELEASE.jar:/root/./workspace/HPI-BP2017N2/URLCleaner/388808881/.m2/com/jayway/jsonpath/json-path/2.4.0/json-path-2.4.0.jar:/root/./workspace/HPI-BP2017N2/URLCleaner/388808881/.m2/net/minidev/json-smart/2.3/json-smart-2.3.jar:/root/./workspace/HPI-BP2017N2/URLCleaner/388808881/.m2/net/minidev/accessors-smart/1.2/accessors-smart-1.2.jar:/root/./workspace/HPI-BP2017N2/URLCleaner/388808881/.m2/org/ow2/asm/asm/5.0.4/asm-5.0.4.jar:/root/./workspace/HPI-BP2017N2/URLCleaner/388808881/.m2/junit/junit/4.12/junit-4.12.jar:/root/./workspace/HPI-BP2017N2/URLCleaner/388808881/.m2/org/assertj/assertj-core/3.9.1/assertj-core-3.9.1.jar:/root/./workspace/HPI-BP2017N2/URLCleaner/388808881/.m2/org/mockito/mockito-core/2.15.0/mockito-core-2.15.0.jar:/root/./workspace/HPI-BP2017N2/URLCleaner/388808881/.m2/net/bytebuddy/byte-buddy/1.7.10/byte-buddy-1.7.10.jar:/root/./workspace/HPI-BP2017N2/URLCleaner/388808881/.m2/net/bytebuddy/byte-buddy-agent/1.7.10/byte-buddy-agent-1.7.10.jar:/root/./workspace/HPI-BP2017N2/URLCleaner/388808881/.m2/org/objenesis/objenesis/2.6/objenesis-2.6.jar:/root/./workspace/HPI-BP2017N2/URLCleaner/388808881/.m2/org/hamcrest/hamcrest-core/1.3/hamcrest-core-1.3.jar:/root/./workspace/HPI-BP2017N2/URLCleaner/388808881/.m2/org/hamcrest/hamcrest-library/1.3/hamcrest-library-1.3.jar:/root/./workspace/HPI-BP2017N2/URLCleaner/388808881/.m2/org/skyscreamer/jsonassert/1.5.0/jsonassert-1.5.0.jar:/root/./workspace/HPI-BP2017N2/URLCleaner/388808881/.m2/com/vaadin/external/google/android-json/0.0.20131108.vaadin1/android-json-0.0.20131108.vaadin1.jar:/root/./workspace/HPI-BP2017N2/URLCleaner/388808881/.m2/org/springframework/spring-core/5.0.4.RELEASE/spring-core-5.0.4.RELEASE.jar:/root/./workspace/HPI-BP2017N2/URLCleaner/388808881/.m2/org/springframework/spring-jcl/5.0.4.RELEASE/spring-jcl-5.0.4.RELEASE.jar:/root/./workspace/HPI-BP2017N2/URLCleaner/388808881/.m2/org/springframework/spring-test/5.0.4.RELEASE/spring-test-5.0.4.RELEASE.jar:/root/./workspace/HPI-BP2017N2/URLCleaner/388808881/.m2/org/xmlunit/xmlunit-core/2.5.1/xmlunit-core-2.5.1.jar:/root/./workspace/HPI-BP2017N2/URLCleaner/388808881/.m2/org/springframework/boot/spring-boot-starter-security/2.0.0.RELEASE/spring-boot-starter-security-2.0.0.RELEASE.jar:/root/./workspace/HPI-BP2017N2/URLCleaner/388808881/.m2/org/springframework/spring-aop/5.0.4.RELEASE/spring-aop-5.0.4.RELEASE.jar:/root/./workspace/HPI-BP2017N2/URLCleaner/388808881/.m2/org/springframework/security/spring-security-config/5.0.3.RELEASE/spring-security-config-5.0.3.RELEASE.jar:/root/./workspace/HPI-BP2017N2/URLCleaner/388808881/.m2/org/springframework/security/spring-security-web/5.0.3.RELEASE/spring-security-web-5.0.3.RELEASE.jar:/root/./workspace/HPI-BP2017N2/URLCleaner/388808881/.m2/org/springframework/security/oauth/spring-security-oauth2/2.2.1.RELEASE/spring-security-oauth2-2.2.1.RELEASE.jar:/root/./workspace/HPI-BP2017N2/URLCleaner/388808881/.m2/org/springframework/spring-beans/5.0.4.RELEASE/spring-beans-5.0.4.RELEASE.jar:/root/./workspace/HPI-BP2017N2/URLCleaner/388808881/.m2/org/springframework/spring-context/5.0.4.RELEASE/spring-context-5.0.4.RELEASE.jar:/root/./workspace/HPI-BP2017N2/URLCleaner/388808881/.m2/org/springframework/security/spring-security-core/5.0.3.RELEASE/spring-security-core-5.0.3.RELEASE.jar:/root/./workspace/HPI-BP2017N2/URLCleaner/388808881/.m2/commons-codec/commons-codec/1.11/commons-codec-1.11.jar:/root/./workspace/HPI-BP2017N2/URLCleaner/388808881/.m2/org/codehaus/jackson/jackson-mapper-asl/1.9.13/jackson-mapper-asl-1.9.13.jar:/root/./workspace/HPI-BP2017N2/URLCleaner/388808881/.m2/org/codehaus/jackson/jackson-core-asl/1.9.13/jackson-core-asl-1.9.13.jar:/root/./workspace/HPI-BP2017N2/URLCleaner/388808881/.m2/org/springframework/retry/spring-retry/1.1.5.RELEASE/spring-retry-1.1.5.RELEASE.jar:/root/./workspace/HPI-BP2017N2/URLCleaner/388808881/.m2/io/springfox/springfox-swagger2/2.7.0/springfox-swagger2-2.7.0.jar:/root/./workspace/HPI-BP2017N2/URLCleaner/388808881/.m2/io/swagger/swagger-annotations/1.5.13/swagger-annotations-1.5.13.jar:/root/./workspace/HPI-BP2017N2/URLCleaner/388808881/.m2/io/swagger/swagger-models/1.5.13/swagger-models-1.5.13.jar:/root/./workspace/HPI-BP2017N2/URLCleaner/388808881/.m2/com/fasterxml/jackson/core/jackson-annotations/2.9.0/jackson-annotations-2.9.0.jar:/root/./workspace/HPI-BP2017N2/URLCleaner/388808881/.m2/io/springfox/springfox-spi/2.7.0/springfox-spi-2.7.0.jar:/root/./workspace/HPI-BP2017N2/URLCleaner/388808881/.m2/io/springfox/springfox-core/2.7.0/springfox-core-2.7.0.jar:/root/./workspace/HPI-BP2017N2/URLCleaner/388808881/.m2/io/springfox/springfox-schema/2.7.0/springfox-schema-2.7.0.jar:/root/./workspace/HPI-BP2017N2/URLCleaner/388808881/.m2/io/springfox/springfox-swagger-common/2.7.0/springfox-swagger-common-2.7.0.jar:/root/./workspace/HPI-BP2017N2/URLCleaner/388808881/.m2/io/springfox/springfox-spring-web/2.7.0/springfox-spring-web-2.7.0.jar:/root/./workspace/HPI-BP2017N2/URLCleaner/388808881/.m2/org/reflections/reflections/0.9.11/reflections-0.9.11.jar:/root/./workspace/HPI-BP2017N2/URLCleaner/388808881/.m2/org/javassist/javassist/3.21.0-GA/javassist-3.21.0-GA.jar:/root/./workspace/HPI-BP2017N2/URLCleaner/388808881/.m2/com/google/guava/guava/18.0/guava-18.0.jar:/root/./workspace/HPI-BP2017N2/URLCleaner/388808881/.m2/com/fasterxml/classmate/1.3.4/classmate-1.3.4.jar:/root/./workspace/HPI-BP2017N2/URLCleaner/388808881/.m2/org/slf4j/slf4j-api/1.7.25/slf4j-api-1.7.25.jar:/root/./workspace/HPI-BP2017N2/URLCleaner/388808881/.m2/org/springframework/plugin/spring-plugin-core/1.2.0.RELEASE/spring-plugin-core-1.2.0.RELEASE.jar:/root/./workspace/HPI-BP2017N2/URLCleaner/388808881/.m2/org/springframework/plugin/spring-plugin-metadata/1.2.0.RELEASE/spring-plugin-metadata-1.2.0.RELEASE.jar:/root/./workspace/HPI-BP2017N2/URLCleaner/388808881/.m2/org/mapstruct/mapstruct/1.1.0.Final/mapstruct-1.1.0.Final.jar:/root/./workspace/HPI-BP2017N2/URLCleaner/388808881/.m2/io/springfox/springfox-swagger-ui/2.7.0/springfox-swagger-ui-2.7.0.jar:, java.specification.name=Java Platform API Specification, java.class.version=52.0, skip.bower=true, sun.management.compiler=HotSpot 64-Bit Tiered Compilers, maven.repo.local=/root/./workspace/HPI-BP2017N2/URLCleaner/388808881/.m2, os.version=3.10.0-862.3.2.el7.x86_64, user.home=/root, user.timezone=Europe/Paris, java.awt.printerjob=sun.print.PSPrinterJob, file.encoding=UTF-8, java.specification.version=1.8, java.class.path=/root/workspace/HPI-BP2017N2/URLCleaner/388808881/target/test-classes:/root/workspace/HPI-BP2017N2/URLCleaner/388808881/target/classes:/root/./workspace/HPI-BP2017N2/URLCleaner/388808881/.m2/org/springframework/boot/spring-boot-starter-data-mongodb/2.0.0.RELEASE/spring-boot-starter-data-mongodb-2.0.0.RELEASE.jar:/root/./workspace/HPI-BP2017N2/URLCleaner/388808881/.m2/org/springframework/boot/spring-boot-starter/2.0.0.RELEASE/spring-boot-starter-2.0.0.RELEASE.jar:/root/./workspace/HPI-BP2017N2/URLCleaner/388808881/.m2/org/springframework/boot/spring-boot/2.0.0.RELEASE/spring-boot-2.0.0.RELEASE.jar:/root/./workspace/HPI-BP2017N2/URLCleaner/388808881/.m2/org/springframework/boot/spring-boot-autoconfigure/2.0.0.RELEASE/spring-boot-autoconfigure-2.0.0.RELEASE.jar:/root/./workspace/HPI-BP2017N2/URLCleaner/388808881/.m2/org/springframework/boot/spring-boot-starter-logging/2.0.0.RELEASE/spring-boot-starter-logging-2.0.0.RELEASE.jar:/root/./workspace/HPI-BP2017N2/URLCleaner/388808881/.m2/ch/qos/logback/logback-classic/1.2.3/logback-classic-1.2.3.jar:/root/./workspace/HPI-BP2017N2/URLCleaner/388808881/.m2/ch/qos/logback/logback-core/1.2.3/logback-core-1.2.3.jar:/root/./workspace/HPI-BP2017N2/URLCleaner/388808881/.m2/org/apache/logging/log4j/log4j-to-slf4j/2.10.0/log4j-to-slf4j-2.10.0.jar:/root/./workspace/HPI-BP2017N2/URLCleaner/388808881/.m2/org/apache/logging/log4j/log4j-api/2.10.0/log4j-api-2.10.0.jar:/root/./workspace/HPI-BP2017N2/URLCleaner/388808881/.m2/org/slf4j/jul-to-slf4j/1.7.25/jul-to-slf4j-1.7.25.jar:/root/./workspace/HPI-BP2017N2/URLCleaner/388808881/.m2/javax/annotation/javax.annotation-api/1.3.2/javax.annotation-api-1.3.2.jar:/root/./workspace/HPI-BP2017N2/URLCleaner/388808881/.m2/org/yaml/snakeyaml/1.19/snakeyaml-1.19.jar:/root/./workspace/HPI-BP2017N2/URLCleaner/388808881/.m2/org/mongodb/mongodb-driver/3.6.3/mongodb-driver-3.6.3.jar:/root/./workspace/HPI-BP2017N2/URLCleaner/388808881/.m2/org/mongodb/bson/3.6.3/bson-3.6.3.jar:/root/./workspace/HPI-BP2017N2/URLCleaner/388808881/.m2/org/mongodb/mongodb-driver-core/3.6.3/mongodb-driver-core-3.6.3.jar:/root/./workspace/HPI-BP2017N2/URLCleaner/388808881/.m2/org/springframework/data/spring-data-mongodb/2.0.5.RELEASE/spring-data-mongodb-2.0.5.RELEASE.jar:/root/./workspace/HPI-BP2017N2/URLCleaner/388808881/.m2/org/springframework/spring-tx/5.0.4.RELEASE/spring-tx-5.0.4.RELEASE.jar:/root/./workspace/HPI-BP2017N2/URLCleaner/388808881/.m2/org/springframework/spring-expression/5.0.4.RELEASE/spring-expression-5.0.4.RELEASE.jar:/root/./workspace/HPI-BP2017N2/URLCleaner/388808881/.m2/org/springframework/data/spring-data-commons/2.0.5.RELEASE/spring-data-commons-2.0.5.RELEASE.jar:/root/./workspace/HPI-BP2017N2/URLCleaner/388808881/.m2/org/springframework/boot/spring-boot-starter-web/2.0.0.RELEASE/spring-boot-starter-web-2.0.0.RELEASE.jar:/root/./workspace/HPI-BP2017N2/URLCleaner/388808881/.m2/org/springframework/boot/spring-boot-starter-json/2.0.0.RELEASE/spring-boot-starter-json-2.0.0.RELEASE.jar:/root/./workspace/HPI-BP2017N2/URLCleaner/388808881/.m2/com/fasterxml/jackson/core/jackson-databind/2.9.4/jackson-databind-2.9.4.jar:/root/./workspace/HPI-BP2017N2/URLCleaner/388808881/.m2/com/fasterxml/jackson/core/jackson-core/2.9.4/jackson-core-2.9.4.jar:/root/./workspace/HPI-BP2017N2/URLCleaner/388808881/.m2/com/fasterxml/jackson/datatype/jackson-datatype-jdk8/2.9.4/jackson-datatype-jdk8-2.9.4.jar:/root/./workspace/HPI-BP2017N2/URLCleaner/388808881/.m2/com/fasterxml/jackson/datatype/jackson-datatype-jsr310/2.9.4/jackson-datatype-jsr310-2.9.4.jar:/root/./workspace/HPI-BP2017N2/URLCleaner/388808881/.m2/com/fasterxml/jackson/module/jackson-module-parameter-names/2.9.4/jackson-module-parameter-names-2.9.4.jar:/root/./workspace/HPI-BP2017N2/URLCleaner/388808881/.m2/org/springframework/boot/spring-boot-starter-tomcat/2.0.0.RELEASE/spring-boot-starter-tomcat-2.0.0.RELEASE.jar:/root/./workspace/HPI-BP2017N2/URLCleaner/388808881/.m2/org/apache/tomcat/embed/tomcat-embed-core/8.5.28/tomcat-embed-core-8.5.28.jar:/root/./workspace/HPI-BP2017N2/URLCleaner/388808881/.m2/org/apache/tomcat/embed/tomcat-embed-el/8.5.28/tomcat-embed-el-8.5.28.jar:/root/./workspace/HPI-BP2017N2/URLCleaner/388808881/.m2/org/apache/tomcat/embed/tomcat-embed-websocket/8.5.28/tomcat-embed-websocket-8.5.28.jar:/root/./workspace/HPI-BP2017N2/URLCleaner/388808881/.m2/org/hibernate/validator/hibernate-validator/6.0.7.Final/hibernate-validator-6.0.7.Final.jar:/root/./workspace/HPI-BP2017N2/URLCleaner/388808881/.m2/javax/validation/validation-api/2.0.1.Final/validation-api-2.0.1.Final.jar:/root/./workspace/HPI-BP2017N2/URLCleaner/388808881/.m2/org/jboss/logging/jboss-logging/3.3.2.Final/jboss-logging-3.3.2.Final.jar:/root/./workspace/HPI-BP2017N2/URLCleaner/388808881/.m2/org/springframework/spring-web/5.0.4.RELEASE/spring-web-5.0.4.RELEASE.jar:/root/./workspace/HPI-BP2017N2/URLCleaner/388808881/.m2/org/springframework/spring-webmvc/5.0.4.RELEASE/spring-webmvc-5.0.4.RELEASE.jar:/root/./workspace/HPI-BP2017N2/URLCleaner/388808881/.m2/org/springframework/boot/spring-boot-configuration-processor/2.0.0.RELEASE/spring-boot-configuration-processor-2.0.0.RELEASE.jar:/root/./workspace/HPI-BP2017N2/URLCleaner/388808881/.m2/org/projectlombok/lombok/1.16.20/lombok-1.16.20.jar:/root/./workspace/HPI-BP2017N2/URLCleaner/388808881/.m2/org/springframework/boot/spring-boot-starter-test/2.0.0.RELEASE/spring-boot-starter-test-2.0.0.RELEASE.jar:/root/./workspace/HPI-BP2017N2/URLCleaner/388808881/.m2/org/springframework/boot/spring-boot-test/2.0.0.RELEASE/spring-boot-test-2.0.0.RELEASE.jar:/root/./workspace/HPI-BP2017N2/URLCleaner/388808881/.m2/org/springframework/boot/spring-boot-test-autoconfigure/2.0.0.RELEASE/spring-boot-test-autoconfigure-2.0.0.RELEASE.jar:/root/./workspace/HPI-BP2017N2/URLCleaner/388808881/.m2/com/jayway/jsonpath/json-path/2.4.0/json-path-2.4.0.jar:/root/./workspace/HPI-BP2017N2/URLCleaner/388808881/.m2/net/minidev/json-smart/2.3/json-smart-2.3.jar:/root/./workspace/HPI-BP2017N2/URLCleaner/388808881/.m2/net/minidev/accessors-smart/1.2/accessors-smart-1.2.jar:/root/./workspace/HPI-BP2017N2/URLCleaner/388808881/.m2/org/ow2/asm/asm/5.0.4/asm-5.0.4.jar:/root/./workspace/HPI-BP2017N2/URLCleaner/388808881/.m2/junit/junit/4.12/junit-4.12.jar:/root/./workspace/HPI-BP2017N2/URLCleaner/388808881/.m2/org/assertj/assertj-core/3.9.1/assertj-core-3.9.1.jar:/root/./workspace/HPI-BP2017N2/URLCleaner/388808881/.m2/org/mockito/mockito-core/2.15.0/mockito-core-2.15.0.jar:/root/./workspace/HPI-BP2017N2/URLCleaner/388808881/.m2/net/bytebuddy/byte-buddy/1.7.10/byte-buddy-1.7.10.jar:/root/./workspace/HPI-BP2017N2/URLCleaner/388808881/.m2/net/bytebuddy/byte-buddy-agent/1.7.10/byte-buddy-agent-1.7.10.jar:/root/./workspace/HPI-BP2017N2/URLCleaner/388808881/.m2/org/objenesis/objenesis/2.6/objenesis-2.6.jar:/root/./workspace/HPI-BP2017N2/URLCleaner/388808881/.m2/org/hamcrest/hamcrest-core/1.3/hamcrest-core-1.3.jar:/root/./workspace/HPI-BP2017N2/URLCleaner/388808881/.m2/org/hamcrest/hamcrest-library/1.3/hamcrest-library-1.3.jar:/root/./workspace/HPI-BP2017N2/URLCleaner/388808881/.m2/org/skyscreamer/jsonassert/1.5.0/jsonassert-1.5.0.jar:/root/./workspace/HPI-BP2017N2/URLCleaner/388808881/.m2/com/vaadin/external/google/android-json/0.0.20131108.vaadin1/android-json-0.0.20131108.vaadin1.jar:/root/./workspace/HPI-BP2017N2/URLCleaner/388808881/.m2/org/springframework/spring-core/5.0.4.RELEASE/spring-core-5.0.4.RELEASE.jar:/root/./workspace/HPI-BP2017N2/URLCleaner/388808881/.m2/org/springframework/spring-jcl/5.0.4.RELEASE/spring-jcl-5.0.4.RELEASE.jar:/root/./workspace/HPI-BP2017N2/URLCleaner/388808881/.m2/org/springframework/spring-test/5.0.4.RELEASE/spring-test-5.0.4.RELEASE.jar:/root/./workspace/HPI-BP2017N2/URLCleaner/388808881/.m2/org/xmlunit/xmlunit-core/2.5.1/xmlunit-core-2.5.1.jar:/root/./workspace/HPI-BP2017N2/URLCleaner/388808881/.m2/org/springframework/boot/spring-boot-starter-security/2.0.0.RELEASE/spring-boot-starter-security-2.0.0.RELEASE.jar:/root/./workspace/HPI-BP2017N2/URLCleaner/388808881/.m2/org/springframework/spring-aop/5.0.4.RELEASE/spring-aop-5.0.4.RELEASE.jar:/root/./workspace/HPI-BP2017N2/URLCleaner/388808881/.m2/org/springframework/security/spring-security-config/5.0.3.RELEASE/spring-security-config-5.0.3.RELEASE.jar:/root/./workspace/HPI-BP2017N2/URLCleaner/388808881/.m2/org/springframework/security/spring-security-web/5.0.3.RELEASE/spring-security-web-5.0.3.RELEASE.jar:/root/./workspace/HPI-BP2017N2/URLCleaner/388808881/.m2/org/springframework/security/oauth/spring-security-oauth2/2.2.1.RELEASE/spring-security-oauth2-2.2.1.RELEASE.jar:/root/./workspace/HPI-BP2017N2/URLCleaner/388808881/.m2/org/springframework/spring-beans/5.0.4.RELEASE/spring-beans-5.0.4.RELEASE.jar:/root/./workspace/HPI-BP2017N2/URLCleaner/388808881/.m2/org/springframework/spring-context/5.0.4.RELEASE/spring-context-5.0.4.RELEASE.jar:/root/./workspace/HPI-BP2017N2/URLCleaner/388808881/.m2/org/springframework/security/spring-security-core/5.0.3.RELEASE/spring-security-core-5.0.3.RELEASE.jar:/root/./workspace/HPI-BP2017N2/URLCleaner/388808881/.m2/commons-codec/commons-codec/1.11/commons-codec-1.11.jar:/root/./workspace/HPI-BP2017N2/URLCleaner/388808881/.m2/org/codehaus/jackson/jackson-mapper-asl/1.9.13/jackson-mapper-asl-1.9.13.jar:/root/./workspace/HPI-BP2017N2/URLCleaner/388808881/.m2/org/codehaus/jackson/jackson-core-asl/1.9.13/jackson-core-asl-1.9.13.jar:/root/./workspace/HPI-BP2017N2/URLCleaner/388808881/.m2/org/springframework/retry/spring-retry/1.1.5.RELEASE/spring-retry-1.1.5.RELEASE.jar:/root/./workspace/HPI-BP2017N2/URLCleaner/388808881/.m2/io/springfox/springfox-swagger2/2.7.0/springfox-swagger2-2.7.0.jar:/root/./workspace/HPI-BP2017N2/URLCleaner/388808881/.m2/io/swagger/swagger-annotations/1.5.13/swagger-annotations-1.5.13.jar:/root/./workspace/HPI-BP2017N2/URLCleaner/388808881/.m2/io/swagger/swagger-models/1.5.13/swagger-models-1.5.13.jar:/root/./workspace/HPI-BP2017N2/URLCleaner/388808881/.m2/com/fasterxml/jackson/core/jackson-annotations/2.9.0/jackson-annotations-2.9.0.jar:/root/./workspace/HPI-BP2017N2/URLCleaner/388808881/.m2/io/springfox/springfox-spi/2.7.0/springfox-spi-2.7.0.jar:/root/./workspace/HPI-BP2017N2/URLCleaner/388808881/.m2/io/springfox/springfox-core/2.7.0/springfox-core-2.7.0.jar:/root/./workspace/HPI-BP2017N2/URLCleaner/388808881/.m2/io/springfox/springfox-schema/2.7.0/springfox-schema-2.7.0.jar:/root/./workspace/HPI-BP2017N2/URLCleaner/388808881/.m2/io/springfox/springfox-swagger-common/2.7.0/springfox-swagger-common-2.7.0.jar:/root/./workspace/HPI-BP2017N2/URLCleaner/388808881/.m2/io/springfox/springfox-spring-web/2.7.0/springfox-spring-web-2.7.0.jar:/root/./workspace/HPI-BP2017N2/URLCleaner/388808881/.m2/org/reflections/reflections/0.9.11/reflections-0.9.11.jar:/root/./workspace/HPI-BP2017N2/URLCleaner/388808881/.m2/org/javassist/javassist/3.21.0-GA/javassist-3.21.0-GA.jar:/root/./workspace/HPI-BP2017N2/URLCleaner/388808881/.m2/com/google/guava/guava/18.0/guava-18.0.jar:/root/./workspace/HPI-BP2017N2/URLCleaner/388808881/.m2/com/fasterxml/classmate/1.3.4/classmate-1.3.4.jar:/root/./workspace/HPI-BP2017N2/URLCleaner/388808881/.m2/org/slf4j/slf4j-api/1.7.25/slf4j-api-1.7.25.jar:/root/./workspace/HPI-BP2017N2/URLCleaner/388808881/.m2/org/springframework/plugin/spring-plugin-core/1.2.0.RELEASE/spring-plugin-core-1.2.0.RELEASE.jar:/root/./workspace/HPI-BP2017N2/URLCleaner/388808881/.m2/org/springframework/plugin/spring-plugin-metadata/1.2.0.RELEASE/spring-plugin-metadata-1.2.0.RELEASE.jar:/root/./workspace/HPI-BP2017N2/URLCleaner/388808881/.m2/org/mapstruct/mapstruct/1.1.0.Final/mapstruct-1.1.0.Final.jar:/root/./workspace/HPI-BP2017N2/URLCleaner/388808881/.m2/io/springfox/springfox-swagger-ui/2.7.0/springfox-swagger-ui-2.7.0.jar:, user.name=root, skipITs=true, java.vm.specification.version=1.8, sun.java.command=/root/workspace/HPI-BP2017N2/URLCleaner/388808881/target/surefire/surefirebooter4321717606613418582.jar /root/workspace/HPI-BP2017N2/URLCleaner/388808881/target/surefire 2018-06-06T16-58-29_239-jvmRun1 surefire4193409973902583775tmp surefire_01086495125127114852tmp, java.home=/usr/lib/jvm/java-8-openjdk-amd64/jre, sun.arch.data.model=64, user.language=en, java.specification.vendor=Oracle Corporation, dependency-check.skip=true, awt.toolkit=sun.awt.X11.XToolkit, java.vm.info=mixed mode, java.version=1.8.0_121, java.ext.dirs=/usr/lib/jvm/java-8-openjdk-amd64/jre/lib/ext:/usr/java/packages/lib/ext, sun.boot.class.path=/usr/lib/jvm/java-8-openjdk-amd64/jre/lib/resources.jar:/usr/lib/jvm/java-8-openjdk-amd64/jre/lib/rt.jar:/usr/lib/jvm/java-8-openjdk-amd64/jre/lib/sunrsasign.jar:/usr/lib/jvm/java-8-openjdk-amd64/jre/lib/jsse.jar:/usr/lib/jvm/java-8-openjdk-amd64/jre/lib/jce.jar:/usr/lib/jvm/java-8-openjdk-amd64/jre/lib/charsets.jar:/usr/lib/jvm/java-8-openjdk-amd64/jre/lib/jfr.jar:/usr/lib/jvm/java-8-openjdk-amd64/jre/classes, rat.skip=true, enforcer.skip=true, java.vendor=Oracle Corporation, localRepository=/root/./workspace/HPI-BP2017N2/URLCleaner/388808881/.m2, file.separator=/, java.vendor.url.bug=http://bugreport.sun.com/bugreport/, sun.io.unicode.encoding=UnicodeLittle, sun.cpu.endian=little, sun.cpu.isalist=}}, SystemEnvironmentPropertySource@1848415041 {name='systemEnvironment', properties={PATH=/usr/local/sbin:/usr/local/bin:/usr/sbin:/usr/bin:/sbin:/bin, JAVA_HOME=/usr/lib/jvm/java-8-openjdk-amd64, NOTIFY_TO=, CA_CERTIFICATES_JAVA_VERSION=20161107~bpo8+1, MONGODB_HOST=, BUILD_ID=, LANG=C.UTF-8, MAVEN_HOME=/usr/share/maven, SMTP_SERVER=, MONGODB_NAME=, REPAIR_MODE=repair, PWD=/root/workspace/HPI-BP2017N2/URLCleaner/388808881, JAVA_VERSION=8u121, GITHUB_OAUTH=, MAVEN_CMD_LINE_ARGS=/root/.m2 -B -D enforcer.skip=true -D dependency-check.skip=true -D skipITs=true -D cobertura.skip=true -D maven.repo.local=/root/./workspace/HPI-BP2017N2/URLCleaner/388808881/.m2 -D rat.skip=true -D findbugs.skip=true -D skip.bower=true -D gpg.skip=true -D checkstyle.skip=true -D skip.gulp=true -D license.skip=true -D skip.npm=true test, _=/usr/bin/java, OUTPUT=, MAVEN_TERMINATE_CMD=on, MAVEN_CONFIG=/root/.m2, MAVEN_PROJECTBASEDIR=/root/workspace/HPI-BP2017N2/URLCleaner/388808881, OLDPWD=/root/workspace/HPI-BP2017N2/URLCleaner/388808881, LOG_FILENAME=repairnator-pipeline_2018-06-06_1655_388808881_5a77b685-d098-401d-b168-01e076b51223, RUN_ID=, HOSTNAME=cyclone1, JAVA_DEBIAN_VERSION=8u121-b13-1~bpo8+1, M2_HOME=/usr/share/maven, REPAIR_TOOLS=AssertFixer, HOME=/root, SHLVL=1, PUSH_URL=}}]
16:58:31.667 [main] DEBUG org.springframework.core.io.support.PathMatchingResourcePatternResolver - Resolved classpath location [de/hpi/urlcleaner/] to resources [URL [file:/root/workspace/HPI-BP2017N2/URLCleaner/388808881/target/test-classes/de/hpi/urlcleaner/], URL [file:/root/workspace/HPI-BP2017N2/URLCleaner/388808881/target/classes/de/hpi/urlcleaner/]]
16:58:31.668 [main] DEBUG org.springframework.core.io.support.PathMatchingResourcePatternResolver - Looking for matching resources in directory tree [/root/workspace/HPI-BP2017N2/URLCleaner/388808881/target/test-classes/de/hpi/urlcleaner]
16:58:31.668 [main] DEBUG org.springframework.core.io.support.PathMatchingResourcePatternResolver - Searching directory [/root/workspace/HPI-BP2017N2/URLCleaner/388808881/target/test-classes/de/hpi/urlcleaner] for files matching pattern [/root/workspace/HPI-BP2017N2/URLCleaner/388808881/target/test-classes/de/hpi/urlcleaner/*.class]
16:58:31.672 [main] DEBUG org.springframework.core.io.support.PathMatchingResourcePatternResolver - Looking for matching resources in directory tree [/root/workspace/HPI-BP2017N2/URLCleaner/388808881/target/classes/de/hpi/urlcleaner]
16:58:31.673 [main] DEBUG org.springframework.core.io.support.PathMatchingResourcePatternResolver - Searching directory [/root/workspace/HPI-BP2017N2/URLCleaner/388808881/target/classes/de/hpi/urlcleaner] for files matching pattern [/root/workspace/HPI-BP2017N2/URLCleaner/388808881/target/classes/de/hpi/urlcleaner/*.class]
16:58:31.675 [main] DEBUG org.springframework.core.io.support.PathMatchingResourcePatternResolver - Resolved location pattern [classpath*:de/hpi/urlcleaner/*.class] to resources [file [/root/workspace/HPI-BP2017N2/URLCleaner/388808881/target/test-classes/de/hpi/urlcleaner/UrlCleanerApplicationTests.class], file [/root/workspace/HPI-BP2017N2/URLCleaner/388808881/target/classes/de/hpi/urlcleaner/UrlCleanerApplication.class]]
16:58:31.755 [main] DEBUG org.springframework.context.annotation.ClassPathScanningCandidateComponentProvider - Identified candidate component class: file [/root/workspace/HPI-BP2017N2/URLCleaner/388808881/target/classes/de/hpi/urlcleaner/UrlCleanerApplication.class]
16:58:31.756 [main] INFO org.springframework.boot.test.context.SpringBootTestContextBootstrapper - Found @SpringBootConfiguration de.hpi.urlcleaner.UrlCleanerApplication for test class de.hpi.urlcleaner.UrlCleanerApplicationTests
16:58:31.903 [main] DEBUG org.springframework.boot.test.context.SpringBootTestContextBootstrapper - @TestExecutionListeners is not present for class [de.hpi.urlcleaner.UrlCleanerApplicationTests]: using defaults.
16:58:31.904 [main] INFO org.springframework.boot.test.context.SpringBootTestContextBootstrapper - Loaded default TestExecutionListener class names from location [META-INF/spring.factories]: [org.springframework.boot.test.mock.mockito.MockitoTestExecutionListener, org.springframework.boot.test.mock.mockito.ResetMocksTestExecutionListener, org.springframework.boot.test.autoconfigure.restdocs.RestDocsTestExecutionListener, org.springframework.boot.test.autoconfigure.web.client.MockRestServiceServerResetTestExecutionListener, org.springframework.boot.test.autoconfigure.web.servlet.MockMvcPrintOnlyOnFailureTestExecutionListener, org.springframework.boot.test.autoconfigure.web.servlet.WebDriverTestExecutionListener, org.springframework.test.context.web.ServletTestExecutionListener, org.springframework.test.context.support.DirtiesContextBeforeModesTestExecutionListener, org.springframework.test.context.support.DependencyInjectionTestExecutionListener, org.springframework.test.context.support.DirtiesContextTestExecutionListener, org.springframework.test.context.transaction.TransactionalTestExecutionListener, org.springframework.test.context.jdbc.SqlScriptsTestExecutionListener]
16:58:31.931 [main] INFO org.springframework.boot.test.context.SpringBootTestContextBootstrapper - Using TestExecutionListeners: [org.springframework.test.context.web.ServletTestExecutionListener@6150c3ec, org.springframework.test.context.support.DirtiesContextBeforeModesTestExecutionListener@44c03695, org.springframework.boot.test.mock.mockito.MockitoTestExecutionListener@7e6f74c, org.springframework.boot.test.autoconfigure.SpringBootDependencyInjectionTestExecutionListener@dd05255, org.springframework.test.context.support.DirtiesContextTestExecutionListener@6a78afa0, org.springframework.test.context.transaction.TransactionalTestExecutionListener@2f4948e4, org.springframework.test.context.jdbc.SqlScriptsTestExecutionListener@1f2586d6, org.springframework.boot.test.mock.mockito.ResetMocksTestExecutionListener@10683d9d, org.springframework.boot.test.autoconfigure.restdocs.RestDocsTestExecutionListener@3fc2959f, org.springframework.boot.test.autoconfigure.web.client.MockRestServiceServerResetTestExecutionListener@5aa9e4eb, org.springframework.boot.test.autoconfigure.web.servlet.MockMvcPrintOnlyOnFailureTestExecutionListener@6989da5e, org.springframework.boot.test.autoconfigure.web.servlet.WebDriverTestExecutionListener@385c9627]
16:58:31.933 [main] DEBUG org.springframework.test.annotation.ProfileValueUtils - Retrieved @ProfileValueSourceConfiguration [null] for test class [de.hpi.urlcleaner.UrlCleanerApplicationTests]
16:58:31.933 [main] DEBUG org.springframework.test.annotation.ProfileValueUtils - Retrieved ProfileValueSource type [class org.springframework.test.annotation.SystemProfileValueSource] for class [de.hpi.urlcleaner.UrlCleanerApplicationTests]
16:58:31.934 [main] DEBUG org.springframework.test.annotation.ProfileValueUtils - Retrieved @ProfileValueSourceConfiguration [null] for test class [de.hpi.urlcleaner.UrlCleanerApplicationTests]
16:58:31.934 [main] DEBUG org.springframework.test.annotation.ProfileValueUtils - Retrieved ProfileValueSource type [class org.springframework.test.annotation.SystemProfileValueSource] for class [de.hpi.urlcleaner.UrlCleanerApplicationTests]
16:58:31.935 [main] DEBUG org.springframework.test.annotation.ProfileValueUtils - Retrieved @ProfileValueSourceConfiguration [null] for test class [de.hpi.urlcleaner.UrlCleanerApplicationTests]
16:58:31.935 [main] DEBUG org.springframework.test.annotation.ProfileValueUtils - Retrieved ProfileValueSource type [class org.springframework.test.annotation.SystemProfileValueSource] for class [de.hpi.urlcleaner.UrlCleanerApplicationTests]
16:58:31.939 [main] DEBUG org.springframework.test.context.support.AbstractDirtiesContextTestExecutionListener - Before test class: context [DefaultTestContext@3857f613 testClass = UrlCleanerApplicationTests, testInstance = [null], testMethod = [null], testException = [null], mergedContextConfiguration = [WebMergedContextConfiguration@198b6731 testClass = UrlCleanerApplicationTests, locations = '{}', classes = '{class de.hpi.urlcleaner.UrlCleanerApplication}', contextInitializerClasses = '[]', activeProfiles = '{}', propertySourceLocations = '{}', propertySourceProperties = '{org.springframework.boot.test.context.SpringBootTestContextBootstrapper=true}', contextCustomizers = set[org.springframework.boot.test.context.filter.ExcludeFilterContextCustomizer@481a15ff, org.springframework.boot.test.json.DuplicateJsonObjectContextCustomizerFactory$DuplicateJsonObjectContextCustomizer@545997b1, org.springframework.boot.test.mock.mockito.MockitoContextCustomizer@0, org.springframework.boot.test.web.client.TestRestTemplateContextCustomizer@24b1d79b, org.springframework.boot.test.autoconfigure.properties.PropertyMappingContextCustomizer@0, org.springframework.boot.test.autoconfigure.web.servlet.WebDriverContextCustomizerFactory$Customizer@1068e947], resourceBasePath = 'src/main/webapp', contextLoader = 'org.springframework.boot.test.context.SpringBootContextLoader', parent = [null]], attributes = map['org.springframework.test.context.web.ServletTestExecutionListener.activateListener' -> true]], class annotated with @DirtiesContext [false] with mode [null].
16:58:31.939 [main] DEBUG org.springframework.test.annotation.ProfileValueUtils - Retrieved @ProfileValueSourceConfiguration [null] for test class [de.hpi.urlcleaner.UrlCleanerApplicationTests]
16:58:31.939 [main] DEBUG org.springframework.test.annotation.ProfileValueUtils - Retrieved ProfileValueSource type [class org.springframework.test.annotation.SystemProfileValueSource] for class [de.hpi.urlcleaner.UrlCleanerApplicationTests]
16:58:31.960 [main] DEBUG org.springframework.core.env.StandardEnvironment - Adding PropertySource 'systemProperties' with lowest search precedence
16:58:31.960 [main] DEBUG org.springframework.core.env.StandardEnvironment - Adding PropertySource 'systemEnvironment' with lowest search precedence
16:58:31.961 [main] DEBUG org.springframework.core.env.StandardEnvironment - Initialized StandardEnvironment with PropertySources [MapPropertySource@294658058 {name='systemProperties', properties={java.runtime.name=OpenJDK Runtime Environment, sun.boot.library.path=/usr/lib/jvm/java-8-openjdk-amd64/jre/lib/amd64, java.vm.version=25.121-b13, java.vm.vendor=Oracle Corporation, java.vendor.url=http://java.oracle.com/, skip.gulp=true, path.separator=:, java.vm.name=OpenJDK 64-Bit Server VM, file.encoding.pkg=sun.io, findbugs.skip=true, sun.java.launcher=SUN_STANDARD, sun.os.patch.level=unknown, java.vm.specification.name=Java Virtual Machine Specification, user.dir=/root/workspace/HPI-BP2017N2/URLCleaner/388808881, checkstyle.skip=true, java.runtime.version=1.8.0_121-8u121-b13-1~bpo8+1-b13, skip.npm=true, basedir=/root/workspace/HPI-BP2017N2/URLCleaner/388808881, java.awt.graphicsenv=sun.awt.X11GraphicsEnvironment, java.endorsed.dirs=/usr/lib/jvm/java-8-openjdk-amd64/jre/lib/endorsed, os.arch=amd64, surefire.real.class.path=/root/workspace/HPI-BP2017N2/URLCleaner/388808881/target/surefire/surefirebooter4321717606613418582.jar, gpg.skip=true, java.io.tmpdir=/tmp, line.separator=
, cobertura.skip=true, java.vm.specification.vendor=Oracle Corporation, os.name=Linux, sun.jnu.encoding=UTF-8, license.skip=true, java.library.path=/usr/java/packages/lib/amd64:/usr/lib/x86_64-linux-gnu/jni:/lib/x86_64-linux-gnu:/usr/lib/x86_64-linux-gnu:/usr/lib/jni:/lib:/usr/lib, surefire.test.class.path=/root/workspace/HPI-BP2017N2/URLCleaner/388808881/target/test-classes:/root/workspace/HPI-BP2017N2/URLCleaner/388808881/target/classes:/root/./workspace/HPI-BP2017N2/URLCleaner/388808881/.m2/org/springframework/boot/spring-boot-starter-data-mongodb/2.0.0.RELEASE/spring-boot-starter-data-mongodb-2.0.0.RELEASE.jar:/root/./workspace/HPI-BP2017N2/URLCleaner/388808881/.m2/org/springframework/boot/spring-boot-starter/2.0.0.RELEASE/spring-boot-starter-2.0.0.RELEASE.jar:/root/./workspace/HPI-BP2017N2/URLCleaner/388808881/.m2/org/springframework/boot/spring-boot/2.0.0.RELEASE/spring-boot-2.0.0.RELEASE.jar:/root/./workspace/HPI-BP2017N2/URLCleaner/388808881/.m2/org/springframework/boot/spring-boot-autoconfigure/2.0.0.RELEASE/spring-boot-autoconfigure-2.0.0.RELEASE.jar:/root/./workspace/HPI-BP2017N2/URLCleaner/388808881/.m2/org/springframework/boot/spring-boot-starter-logging/2.0.0.RELEASE/spring-boot-starter-logging-2.0.0.RELEASE.jar:/root/./workspace/HPI-BP2017N2/URLCleaner/388808881/.m2/ch/qos/logback/logback-classic/1.2.3/logback-classic-1.2.3.jar:/root/./workspace/HPI-BP2017N2/URLCleaner/388808881/.m2/ch/qos/logback/logback-core/1.2.3/logback-core-1.2.3.jar:/root/./workspace/HPI-BP2017N2/URLCleaner/388808881/.m2/org/apache/logging/log4j/log4j-to-slf4j/2.10.0/log4j-to-slf4j-2.10.0.jar:/root/./workspace/HPI-BP2017N2/URLCleaner/388808881/.m2/org/apache/logging/log4j/log4j-api/2.10.0/log4j-api-2.10.0.jar:/root/./workspace/HPI-BP2017N2/URLCleaner/388808881/.m2/org/slf4j/jul-to-slf4j/1.7.25/jul-to-slf4j-1.7.25.jar:/root/./workspace/HPI-BP2017N2/URLCleaner/388808881/.m2/javax/annotation/javax.annotation-api/1.3.2/javax.annotation-api-1.3.2.jar:/root/./workspace/HPI-BP2017N2/URLCleaner/388808881/.m2/org/yaml/snakeyaml/1.19/snakeyaml-1.19.jar:/root/./workspace/HPI-BP2017N2/URLCleaner/388808881/.m2/org/mongodb/mongodb-driver/3.6.3/mongodb-driver-3.6.3.jar:/root/./workspace/HPI-BP2017N2/URLCleaner/388808881/.m2/org/mongodb/bson/3.6.3/bson-3.6.3.jar:/root/./workspace/HPI-BP2017N2/URLCleaner/388808881/.m2/org/mongodb/mongodb-driver-core/3.6.3/mongodb-driver-core-3.6.3.jar:/root/./workspace/HPI-BP2017N2/URLCleaner/388808881/.m2/org/springframework/data/spring-data-mongodb/2.0.5.RELEASE/spring-data-mongodb-2.0.5.RELEASE.jar:/root/./workspace/HPI-BP2017N2/URLCleaner/388808881/.m2/org/springframework/spring-tx/5.0.4.RELEASE/spring-tx-5.0.4.RELEASE.jar:/root/./workspace/HPI-BP2017N2/URLCleaner/388808881/.m2/org/springframework/spring-expression/5.0.4.RELEASE/spring-expression-5.0.4.RELEASE.jar:/root/./workspace/HPI-BP2017N2/URLCleaner/388808881/.m2/org/springframework/data/spring-data-commons/2.0.5.RELEASE/spring-data-commons-2.0.5.RELEASE.jar:/root/./workspace/HPI-BP2017N2/URLCleaner/388808881/.m2/org/springframework/boot/spring-boot-starter-web/2.0.0.RELEASE/spring-boot-starter-web-2.0.0.RELEASE.jar:/root/./workspace/HPI-BP2017N2/URLCleaner/388808881/.m2/org/springframework/boot/spring-boot-starter-json/2.0.0.RELEASE/spring-boot-starter-json-2.0.0.RELEASE.jar:/root/./workspace/HPI-BP2017N2/URLCleaner/388808881/.m2/com/fasterxml/jackson/core/jackson-databind/2.9.4/jackson-databind-2.9.4.jar:/root/./workspace/HPI-BP2017N2/URLCleaner/388808881/.m2/com/fasterxml/jackson/core/jackson-core/2.9.4/jackson-core-2.9.4.jar:/root/./workspace/HPI-BP2017N2/URLCleaner/388808881/.m2/com/fasterxml/jackson/datatype/jackson-datatype-jdk8/2.9.4/jackson-datatype-jdk8-2.9.4.jar:/root/./workspace/HPI-BP2017N2/URLCleaner/388808881/.m2/com/fasterxml/jackson/datatype/jackson-datatype-jsr310/2.9.4/jackson-datatype-jsr310-2.9.4.jar:/root/./workspace/HPI-BP2017N2/URLCleaner/388808881/.m2/com/fasterxml/jackson/module/jackson-module-parameter-names/2.9.4/jackson-module-parameter-names-2.9.4.jar:/root/./workspace/HPI-BP2017N2/URLCleaner/388808881/.m2/org/springframework/boot/spring-boot-starter-tomcat/2.0.0.RELEASE/spring-boot-starter-tomcat-2.0.0.RELEASE.jar:/root/./workspace/HPI-BP2017N2/URLCleaner/388808881/.m2/org/apache/tomcat/embed/tomcat-embed-core/8.5.28/tomcat-embed-core-8.5.28.jar:/root/./workspace/HPI-BP2017N2/URLCleaner/388808881/.m2/org/apache/tomcat/embed/tomcat-embed-el/8.5.28/tomcat-embed-el-8.5.28.jar:/root/./workspace/HPI-BP2017N2/URLCleaner/388808881/.m2/org/apache/tomcat/embed/tomcat-embed-websocket/8.5.28/tomcat-embed-websocket-8.5.28.jar:/root/./workspace/HPI-BP2017N2/URLCleaner/388808881/.m2/org/hibernate/validator/hibernate-validator/6.0.7.Final/hibernate-validator-6.0.7.Final.jar:/root/./workspace/HPI-BP2017N2/URLCleaner/388808881/.m2/javax/validation/validation-api/2.0.1.Final/validation-api-2.0.1.Final.jar:/root/./workspace/HPI-BP2017N2/URLCleaner/388808881/.m2/org/jboss/logging/jboss-logging/3.3.2.Final/jboss-logging-3.3.2.Final.jar:/root/./workspace/HPI-BP2017N2/URLCleaner/388808881/.m2/org/springframework/spring-web/5.0.4.RELEASE/spring-web-5.0.4.RELEASE.jar:/root/./workspace/HPI-BP2017N2/URLCleaner/388808881/.m2/org/springframework/spring-webmvc/5.0.4.RELEASE/spring-webmvc-5.0.4.RELEASE.jar:/root/./workspace/HPI-BP2017N2/URLCleaner/388808881/.m2/org/springframework/boot/spring-boot-configuration-processor/2.0.0.RELEASE/spring-boot-configuration-processor-2.0.0.RELEASE.jar:/root/./workspace/HPI-BP2017N2/URLCleaner/388808881/.m2/org/projectlombok/lombok/1.16.20/lombok-1.16.20.jar:/root/./workspace/HPI-BP2017N2/URLCleaner/388808881/.m2/org/springframework/boot/spring-boot-starter-test/2.0.0.RELEASE/spring-boot-starter-test-2.0.0.RELEASE.jar:/root/./workspace/HPI-BP2017N2/URLCleaner/388808881/.m2/org/springframework/boot/spring-boot-test/2.0.0.RELEASE/spring-boot-test-2.0.0.RELEASE.jar:/root/./workspace/HPI-BP2017N2/URLCleaner/388808881/.m2/org/springframework/boot/spring-boot-test-autoconfigure/2.0.0.RELEASE/spring-boot-test-autoconfigure-2.0.0.RELEASE.jar:/root/./workspace/HPI-BP2017N2/URLCleaner/388808881/.m2/com/jayway/jsonpath/json-path/2.4.0/json-path-2.4.0.jar:/root/./workspace/HPI-BP2017N2/URLCleaner/388808881/.m2/net/minidev/json-smart/2.3/json-smart-2.3.jar:/root/./workspace/HPI-BP2017N2/URLCleaner/388808881/.m2/net/minidev/accessors-smart/1.2/accessors-smart-1.2.jar:/root/./workspace/HPI-BP2017N2/URLCleaner/388808881/.m2/org/ow2/asm/asm/5.0.4/asm-5.0.4.jar:/root/./workspace/HPI-BP2017N2/URLCleaner/388808881/.m2/junit/junit/4.12/junit-4.12.jar:/root/./workspace/HPI-BP2017N2/URLCleaner/388808881/.m2/org/assertj/assertj-core/3.9.1/assertj-core-3.9.1.jar:/root/./workspace/HPI-BP2017N2/URLCleaner/388808881/.m2/org/mockito/mockito-core/2.15.0/mockito-core-2.15.0.jar:/root/./workspace/HPI-BP2017N2/URLCleaner/388808881/.m2/net/bytebuddy/byte-buddy/1.7.10/byte-buddy-1.7.10.jar:/root/./workspace/HPI-BP2017N2/URLCleaner/388808881/.m2/net/bytebuddy/byte-buddy-agent/1.7.10/byte-buddy-agent-1.7.10.jar:/root/./workspace/HPI-BP2017N2/URLCleaner/388808881/.m2/org/objenesis/objenesis/2.6/objenesis-2.6.jar:/root/./workspace/HPI-BP2017N2/URLCleaner/388808881/.m2/org/hamcrest/hamcrest-core/1.3/hamcrest-core-1.3.jar:/root/./workspace/HPI-BP2017N2/URLCleaner/388808881/.m2/org/hamcrest/hamcrest-library/1.3/hamcrest-library-1.3.jar:/root/./workspace/HPI-BP2017N2/URLCleaner/388808881/.m2/org/skyscreamer/jsonassert/1.5.0/jsonassert-1.5.0.jar:/root/./workspace/HPI-BP2017N2/URLCleaner/388808881/.m2/com/vaadin/external/google/android-json/0.0.20131108.vaadin1/android-json-0.0.20131108.vaadin1.jar:/root/./workspace/HPI-BP2017N2/URLCleaner/388808881/.m2/org/springframework/spring-core/5.0.4.RELEASE/spring-core-5.0.4.RELEASE.jar:/root/./workspace/HPI-BP2017N2/URLCleaner/388808881/.m2/org/springframework/spring-jcl/5.0.4.RELEASE/spring-jcl-5.0.4.RELEASE.jar:/root/./workspace/HPI-BP2017N2/URLCleaner/388808881/.m2/org/springframework/spring-test/5.0.4.RELEASE/spring-test-5.0.4.RELEASE.jar:/root/./workspace/HPI-BP2017N2/URLCleaner/388808881/.m2/org/xmlunit/xmlunit-core/2.5.1/xmlunit-core-2.5.1.jar:/root/./workspace/HPI-BP2017N2/URLCleaner/388808881/.m2/org/springframework/boot/spring-boot-starter-security/2.0.0.RELEASE/spring-boot-starter-security-2.0.0.RELEASE.jar:/root/./workspace/HPI-BP2017N2/URLCleaner/388808881/.m2/org/springframework/spring-aop/5.0.4.RELEASE/spring-aop-5.0.4.RELEASE.jar:/root/./workspace/HPI-BP2017N2/URLCleaner/388808881/.m2/org/springframework/security/spring-security-config/5.0.3.RELEASE/spring-security-config-5.0.3.RELEASE.jar:/root/./workspace/HPI-BP2017N2/URLCleaner/388808881/.m2/org/springframework/security/spring-security-web/5.0.3.RELEASE/spring-security-web-5.0.3.RELEASE.jar:/root/./workspace/HPI-BP2017N2/URLCleaner/388808881/.m2/org/springframework/security/oauth/spring-security-oauth2/2.2.1.RELEASE/spring-security-oauth2-2.2.1.RELEASE.jar:/root/./workspace/HPI-BP2017N2/URLCleaner/388808881/.m2/org/springframework/spring-beans/5.0.4.RELEASE/spring-beans-5.0.4.RELEASE.jar:/root/./workspace/HPI-BP2017N2/URLCleaner/388808881/.m2/org/springframework/spring-context/5.0.4.RELEASE/spring-context-5.0.4.RELEASE.jar:/root/./workspace/HPI-BP2017N2/URLCleaner/388808881/.m2/org/springframework/security/spring-security-core/5.0.3.RELEASE/spring-security-core-5.0.3.RELEASE.jar:/root/./workspace/HPI-BP2017N2/URLCleaner/388808881/.m2/commons-codec/commons-codec/1.11/commons-codec-1.11.jar:/root/./workspace/HPI-BP2017N2/URLCleaner/388808881/.m2/org/codehaus/jackson/jackson-mapper-asl/1.9.13/jackson-mapper-asl-1.9.13.jar:/root/./workspace/HPI-BP2017N2/URLCleaner/388808881/.m2/org/codehaus/jackson/jackson-core-asl/1.9.13/jackson-core-asl-1.9.13.jar:/root/./workspace/HPI-BP2017N2/URLCleaner/388808881/.m2/org/springframework/retry/spring-retry/1.1.5.RELEASE/spring-retry-1.1.5.RELEASE.jar:/root/./workspace/HPI-BP2017N2/URLCleaner/388808881/.m2/io/springfox/springfox-swagger2/2.7.0/springfox-swagger2-2.7.0.jar:/root/./workspace/HPI-BP2017N2/URLCleaner/388808881/.m2/io/swagger/swagger-annotations/1.5.13/swagger-annotations-1.5.13.jar:/root/./workspace/HPI-BP2017N2/URLCleaner/388808881/.m2/io/swagger/swagger-models/1.5.13/swagger-models-1.5.13.jar:/root/./workspace/HPI-BP2017N2/URLCleaner/388808881/.m2/com/fasterxml/jackson/core/jackson-annotations/2.9.0/jackson-annotations-2.9.0.jar:/root/./workspace/HPI-BP2017N2/URLCleaner/388808881/.m2/io/springfox/springfox-spi/2.7.0/springfox-spi-2.7.0.jar:/root/./workspace/HPI-BP2017N2/URLCleaner/388808881/.m2/io/springfox/springfox-core/2.7.0/springfox-core-2.7.0.jar:/root/./workspace/HPI-BP2017N2/URLCleaner/388808881/.m2/io/springfox/springfox-schema/2.7.0/springfox-schema-2.7.0.jar:/root/./workspace/HPI-BP2017N2/URLCleaner/388808881/.m2/io/springfox/springfox-swagger-common/2.7.0/springfox-swagger-common-2.7.0.jar:/root/./workspace/HPI-BP2017N2/URLCleaner/388808881/.m2/io/springfox/springfox-spring-web/2.7.0/springfox-spring-web-2.7.0.jar:/root/./workspace/HPI-BP2017N2/URLCleaner/388808881/.m2/org/reflections/reflections/0.9.11/reflections-0.9.11.jar:/root/./workspace/HPI-BP2017N2/URLCleaner/388808881/.m2/org/javassist/javassist/3.21.0-GA/javassist-3.21.0-GA.jar:/root/./workspace/HPI-BP2017N2/URLCleaner/388808881/.m2/com/google/guava/guava/18.0/guava-18.0.jar:/root/./workspace/HPI-BP2017N2/URLCleaner/388808881/.m2/com/fasterxml/classmate/1.3.4/classmate-1.3.4.jar:/root/./workspace/HPI-BP2017N2/URLCleaner/388808881/.m2/org/slf4j/slf4j-api/1.7.25/slf4j-api-1.7.25.jar:/root/./workspace/HPI-BP2017N2/URLCleaner/388808881/.m2/org/springframework/plugin/spring-plugin-core/1.2.0.RELEASE/spring-plugin-core-1.2.0.RELEASE.jar:/root/./workspace/HPI-BP2017N2/URLCleaner/388808881/.m2/org/springframework/plugin/spring-plugin-metadata/1.2.0.RELEASE/spring-plugin-metadata-1.2.0.RELEASE.jar:/root/./workspace/HPI-BP2017N2/URLCleaner/388808881/.m2/org/mapstruct/mapstruct/1.1.0.Final/mapstruct-1.1.0.Final.jar:/root/./workspace/HPI-BP2017N2/URLCleaner/388808881/.m2/io/springfox/springfox-swagger-ui/2.7.0/springfox-swagger-ui-2.7.0.jar:, java.specification.name=Java Platform API Specification, java.class.version=52.0, skip.bower=true, sun.management.compiler=HotSpot 64-Bit Tiered Compilers, maven.repo.local=/root/./workspace/HPI-BP2017N2/URLCleaner/388808881/.m2, os.version=3.10.0-862.3.2.el7.x86_64, user.home=/root, user.timezone=Europe/Paris, java.awt.printerjob=sun.print.PSPrinterJob, file.encoding=UTF-8, java.specification.version=1.8, java.class.path=/root/workspace/HPI-BP2017N2/URLCleaner/388808881/target/test-classes:/root/workspace/HPI-BP2017N2/URLCleaner/388808881/target/classes:/root/./workspace/HPI-BP2017N2/URLCleaner/388808881/.m2/org/springframework/boot/spring-boot-starter-data-mongodb/2.0.0.RELEASE/spring-boot-starter-data-mongodb-2.0.0.RELEASE.jar:/root/./workspace/HPI-BP2017N2/URLCleaner/388808881/.m2/org/springframework/boot/spring-boot-starter/2.0.0.RELEASE/spring-boot-starter-2.0.0.RELEASE.jar:/root/./workspace/HPI-BP2017N2/URLCleaner/388808881/.m2/org/springframework/boot/spring-boot/2.0.0.RELEASE/spring-boot-2.0.0.RELEASE.jar:/root/./workspace/HPI-BP2017N2/URLCleaner/388808881/.m2/org/springframework/boot/spring-boot-autoconfigure/2.0.0.RELEASE/spring-boot-autoconfigure-2.0.0.RELEASE.jar:/root/./workspace/HPI-BP2017N2/URLCleaner/388808881/.m2/org/springframework/boot/spring-boot-starter-logging/2.0.0.RELEASE/spring-boot-starter-logging-2.0.0.RELEASE.jar:/root/./workspace/HPI-BP2017N2/URLCleaner/388808881/.m2/ch/qos/logback/logback-classic/1.2.3/logback-classic-1.2.3.jar:/root/./workspace/HPI-BP2017N2/URLCleaner/388808881/.m2/ch/qos/logback/logback-core/1.2.3/logback-core-1.2.3.jar:/root/./workspace/HPI-BP2017N2/URLCleaner/388808881/.m2/org/apache/logging/log4j/log4j-to-slf4j/2.10.0/log4j-to-slf4j-2.10.0.jar:/root/./workspace/HPI-BP2017N2/URLCleaner/388808881/.m2/org/apache/logging/log4j/log4j-api/2.10.0/log4j-api-2.10.0.jar:/root/./workspace/HPI-BP2017N2/URLCleaner/388808881/.m2/org/slf4j/jul-to-slf4j/1.7.25/jul-to-slf4j-1.7.25.jar:/root/./workspace/HPI-BP2017N2/URLCleaner/388808881/.m2/javax/annotation/javax.annotation-api/1.3.2/javax.annotation-api-1.3.2.jar:/root/./workspace/HPI-BP2017N2/URLCleaner/388808881/.m2/org/yaml/snakeyaml/1.19/snakeyaml-1.19.jar:/root/./workspace/HPI-BP2017N2/URLCleaner/388808881/.m2/org/mongodb/mongodb-driver/3.6.3/mongodb-driver-3.6.3.jar:/root/./workspace/HPI-BP2017N2/URLCleaner/388808881/.m2/org/mongodb/bson/3.6.3/bson-3.6.3.jar:/root/./workspace/HPI-BP2017N2/URLCleaner/388808881/.m2/org/mongodb/mongodb-driver-core/3.6.3/mongodb-driver-core-3.6.3.jar:/root/./workspace/HPI-BP2017N2/URLCleaner/388808881/.m2/org/springframework/data/spring-data-mongodb/2.0.5.RELEASE/spring-data-mongodb-2.0.5.RELEASE.jar:/root/./workspace/HPI-BP2017N2/URLCleaner/388808881/.m2/org/springframework/spring-tx/5.0.4.RELEASE/spring-tx-5.0.4.RELEASE.jar:/root/./workspace/HPI-BP2017N2/URLCleaner/388808881/.m2/org/springframework/spring-expression/5.0.4.RELEASE/spring-expression-5.0.4.RELEASE.jar:/root/./workspace/HPI-BP2017N2/URLCleaner/388808881/.m2/org/springframework/data/spring-data-commons/2.0.5.RELEASE/spring-data-commons-2.0.5.RELEASE.jar:/root/./workspace/HPI-BP2017N2/URLCleaner/388808881/.m2/org/springframework/boot/spring-boot-starter-web/2.0.0.RELEASE/spring-boot-starter-web-2.0.0.RELEASE.jar:/root/./workspace/HPI-BP2017N2/URLCleaner/388808881/.m2/org/springframework/boot/spring-boot-starter-json/2.0.0.RELEASE/spring-boot-starter-json-2.0.0.RELEASE.jar:/root/./workspace/HPI-BP2017N2/URLCleaner/388808881/.m2/com/fasterxml/jackson/core/jackson-databind/2.9.4/jackson-databind-2.9.4.jar:/root/./workspace/HPI-BP2017N2/URLCleaner/388808881/.m2/com/fasterxml/jackson/core/jackson-core/2.9.4/jackson-core-2.9.4.jar:/root/./workspace/HPI-BP2017N2/URLCleaner/388808881/.m2/com/fasterxml/jackson/datatype/jackson-datatype-jdk8/2.9.4/jackson-datatype-jdk8-2.9.4.jar:/root/./workspace/HPI-BP2017N2/URLCleaner/388808881/.m2/com/fasterxml/jackson/datatype/jackson-datatype-jsr310/2.9.4/jackson-datatype-jsr310-2.9.4.jar:/root/./workspace/HPI-BP2017N2/URLCleaner/388808881/.m2/com/fasterxml/jackson/module/jackson-module-parameter-names/2.9.4/jackson-module-parameter-names-2.9.4.jar:/root/./workspace/HPI-BP2017N2/URLCleaner/388808881/.m2/org/springframework/boot/spring-boot-starter-tomcat/2.0.0.RELEASE/spring-boot-starter-tomcat-2.0.0.RELEASE.jar:/root/./workspace/HPI-BP2017N2/URLCleaner/388808881/.m2/org/apache/tomcat/embed/tomcat-embed-core/8.5.28/tomcat-embed-core-8.5.28.jar:/root/./workspace/HPI-BP2017N2/URLCleaner/388808881/.m2/org/apache/tomcat/embed/tomcat-embed-el/8.5.28/tomcat-embed-el-8.5.28.jar:/root/./workspace/HPI-BP2017N2/URLCleaner/388808881/.m2/org/apache/tomcat/embed/tomcat-embed-websocket/8.5.28/tomcat-embed-websocket-8.5.28.jar:/root/./workspace/HPI-BP2017N2/URLCleaner/388808881/.m2/org/hibernate/validator/hibernate-validator/6.0.7.Final/hibernate-validator-6.0.7.Final.jar:/root/./workspace/HPI-BP2017N2/URLCleaner/388808881/.m2/javax/validation/validation-api/2.0.1.Final/validation-api-2.0.1.Final.jar:/root/./workspace/HPI-BP2017N2/URLCleaner/388808881/.m2/org/jboss/logging/jboss-logging/3.3.2.Final/jboss-logging-3.3.2.Final.jar:/root/./workspace/HPI-BP2017N2/URLCleaner/388808881/.m2/org/springframework/spring-web/5.0.4.RELEASE/spring-web-5.0.4.RELEASE.jar:/root/./workspace/HPI-BP2017N2/URLCleaner/388808881/.m2/org/springframework/spring-webmvc/5.0.4.RELEASE/spring-webmvc-5.0.4.RELEASE.jar:/root/./workspace/HPI-BP2017N2/URLCleaner/388808881/.m2/org/springframework/boot/spring-boot-configuration-processor/2.0.0.RELEASE/spring-boot-configuration-processor-2.0.0.RELEASE.jar:/root/./workspace/HPI-BP2017N2/URLCleaner/388808881/.m2/org/projectlombok/lombok/1.16.20/lombok-1.16.20.jar:/root/./workspace/HPI-BP2017N2/URLCleaner/388808881/.m2/org/springframework/boot/spring-boot-starter-test/2.0.0.RELEASE/spring-boot-starter-test-2.0.0.RELEASE.jar:/root/./workspace/HPI-BP2017N2/URLCleaner/388808881/.m2/org/springframework/boot/spring-boot-test/2.0.0.RELEASE/spring-boot-test-2.0.0.RELEASE.jar:/root/./workspace/HPI-BP2017N2/URLCleaner/388808881/.m2/org/springframework/boot/spring-boot-test-autoconfigure/2.0.0.RELEASE/spring-boot-test-autoconfigure-2.0.0.RELEASE.jar:/root/./workspace/HPI-BP2017N2/URLCleaner/388808881/.m2/com/jayway/jsonpath/json-path/2.4.0/json-path-2.4.0.jar:/root/./workspace/HPI-BP2017N2/URLCleaner/388808881/.m2/net/minidev/json-smart/2.3/json-smart-2.3.jar:/root/./workspace/HPI-BP2017N2/URLCleaner/388808881/.m2/net/minidev/accessors-smart/1.2/accessors-smart-1.2.jar:/root/./workspace/HPI-BP2017N2/URLCleaner/388808881/.m2/org/ow2/asm/asm/5.0.4/asm-5.0.4.jar:/root/./workspace/HPI-BP2017N2/URLCleaner/388808881/.m2/junit/junit/4.12/junit-4.12.jar:/root/./workspace/HPI-BP2017N2/URLCleaner/388808881/.m2/org/assertj/assertj-core/3.9.1/assertj-core-3.9.1.jar:/root/./workspace/HPI-BP2017N2/URLCleaner/388808881/.m2/org/mockito/mockito-core/2.15.0/mockito-core-2.15.0.jar:/root/./workspace/HPI-BP2017N2/URLCleaner/388808881/.m2/net/bytebuddy/byte-buddy/1.7.10/byte-buddy-1.7.10.jar:/root/./workspace/HPI-BP2017N2/URLCleaner/388808881/.m2/net/bytebuddy/byte-buddy-agent/1.7.10/byte-buddy-agent-1.7.10.jar:/root/./workspace/HPI-BP2017N2/URLCleaner/388808881/.m2/org/objenesis/objenesis/2.6/objenesis-2.6.jar:/root/./workspace/HPI-BP2017N2/URLCleaner/388808881/.m2/org/hamcrest/hamcrest-core/1.3/hamcrest-core-1.3.jar:/root/./workspace/HPI-BP2017N2/URLCleaner/388808881/.m2/org/hamcrest/hamcrest-library/1.3/hamcrest-library-1.3.jar:/root/./workspace/HPI-BP2017N2/URLCleaner/388808881/.m2/org/skyscreamer/jsonassert/1.5.0/jsonassert-1.5.0.jar:/root/./workspace/HPI-BP2017N2/URLCleaner/388808881/.m2/com/vaadin/external/google/android-json/0.0.20131108.vaadin1/android-json-0.0.20131108.vaadin1.jar:/root/./workspace/HPI-BP2017N2/URLCleaner/388808881/.m2/org/springframework/spring-core/5.0.4.RELEASE/spring-core-5.0.4.RELEASE.jar:/root/./workspace/HPI-BP2017N2/URLCleaner/388808881/.m2/org/springframework/spring-jcl/5.0.4.RELEASE/spring-jcl-5.0.4.RELEASE.jar:/root/./workspace/HPI-BP2017N2/URLCleaner/388808881/.m2/org/springframework/spring-test/5.0.4.RELEASE/spring-test-5.0.4.RELEASE.jar:/root/./workspace/HPI-BP2017N2/URLCleaner/388808881/.m2/org/xmlunit/xmlunit-core/2.5.1/xmlunit-core-2.5.1.jar:/root/./workspace/HPI-BP2017N2/URLCleaner/388808881/.m2/org/springframework/boot/spring-boot-starter-security/2.0.0.RELEASE/spring-boot-starter-security-2.0.0.RELEASE.jar:/root/./workspace/HPI-BP2017N2/URLCleaner/388808881/.m2/org/springframework/spring-aop/5.0.4.RELEASE/spring-aop-5.0.4.RELEASE.jar:/root/./workspace/HPI-BP2017N2/URLCleaner/388808881/.m2/org/springframework/security/spring-security-config/5.0.3.RELEASE/spring-security-config-5.0.3.RELEASE.jar:/root/./workspace/HPI-BP2017N2/URLCleaner/388808881/.m2/org/springframework/security/spring-security-web/5.0.3.RELEASE/spring-security-web-5.0.3.RELEASE.jar:/root/./workspace/HPI-BP2017N2/URLCleaner/388808881/.m2/org/springframework/security/oauth/spring-security-oauth2/2.2.1.RELEASE/spring-security-oauth2-2.2.1.RELEASE.jar:/root/./workspace/HPI-BP2017N2/URLCleaner/388808881/.m2/org/springframework/spring-beans/5.0.4.RELEASE/spring-beans-5.0.4.RELEASE.jar:/root/./workspace/HPI-BP2017N2/URLCleaner/388808881/.m2/org/springframework/spring-context/5.0.4.RELEASE/spring-context-5.0.4.RELEASE.jar:/root/./workspace/HPI-BP2017N2/URLCleaner/388808881/.m2/org/springframework/security/spring-security-core/5.0.3.RELEASE/spring-security-core-5.0.3.RELEASE.jar:/root/./workspace/HPI-BP2017N2/URLCleaner/388808881/.m2/commons-codec/commons-codec/1.11/commons-codec-1.11.jar:/root/./workspace/HPI-BP2017N2/URLCleaner/388808881/.m2/org/codehaus/jackson/jackson-mapper-asl/1.9.13/jackson-mapper-asl-1.9.13.jar:/root/./workspace/HPI-BP2017N2/URLCleaner/388808881/.m2/org/codehaus/jackson/jackson-core-asl/1.9.13/jackson-core-asl-1.9.13.jar:/root/./workspace/HPI-BP2017N2/URLCleaner/388808881/.m2/org/springframework/retry/spring-retry/1.1.5.RELEASE/spring-retry-1.1.5.RELEASE.jar:/root/./workspace/HPI-BP2017N2/URLCleaner/388808881/.m2/io/springfox/springfox-swagger2/2.7.0/springfox-swagger2-2.7.0.jar:/root/./workspace/HPI-BP2017N2/URLCleaner/388808881/.m2/io/swagger/swagger-annotations/1.5.13/swagger-annotations-1.5.13.jar:/root/./workspace/HPI-BP2017N2/URLCleaner/388808881/.m2/io/swagger/swagger-models/1.5.13/swagger-models-1.5.13.jar:/root/./workspace/HPI-BP2017N2/URLCleaner/388808881/.m2/com/fasterxml/jackson/core/jackson-annotations/2.9.0/jackson-annotations-2.9.0.jar:/root/./workspace/HPI-BP2017N2/URLCleaner/388808881/.m2/io/springfox/springfox-spi/2.7.0/springfox-spi-2.7.0.jar:/root/./workspace/HPI-BP2017N2/URLCleaner/388808881/.m2/io/springfox/springfox-core/2.7.0/springfox-core-2.7.0.jar:/root/./workspace/HPI-BP2017N2/URLCleaner/388808881/.m2/io/springfox/springfox-schema/2.7.0/springfox-schema-2.7.0.jar:/root/./workspace/HPI-BP2017N2/URLCleaner/388808881/.m2/io/springfox/springfox-swagger-common/2.7.0/springfox-swagger-common-2.7.0.jar:/root/./workspace/HPI-BP2017N2/URLCleaner/388808881/.m2/io/springfox/springfox-spring-web/2.7.0/springfox-spring-web-2.7.0.jar:/root/./workspace/HPI-BP2017N2/URLCleaner/388808881/.m2/org/reflections/reflections/0.9.11/reflections-0.9.11.jar:/root/./workspace/HPI-BP2017N2/URLCleaner/388808881/.m2/org/javassist/javassist/3.21.0-GA/javassist-3.21.0-GA.jar:/root/./workspace/HPI-BP2017N2/URLCleaner/388808881/.m2/com/google/guava/guava/18.0/guava-18.0.jar:/root/./workspace/HPI-BP2017N2/URLCleaner/388808881/.m2/com/fasterxml/classmate/1.3.4/classmate-1.3.4.jar:/root/./workspace/HPI-BP2017N2/URLCleaner/388808881/.m2/org/slf4j/slf4j-api/1.7.25/slf4j-api-1.7.25.jar:/root/./workspace/HPI-BP2017N2/URLCleaner/388808881/.m2/org/springframework/plugin/spring-plugin-core/1.2.0.RELEASE/spring-plugin-core-1.2.0.RELEASE.jar:/root/./workspace/HPI-BP2017N2/URLCleaner/388808881/.m2/org/springframework/plugin/spring-plugin-metadata/1.2.0.RELEASE/spring-plugin-metadata-1.2.0.RELEASE.jar:/root/./workspace/HPI-BP2017N2/URLCleaner/388808881/.m2/org/mapstruct/mapstruct/1.1.0.Final/mapstruct-1.1.0.Final.jar:/root/./workspace/HPI-BP2017N2/URLCleaner/388808881/.m2/io/springfox/springfox-swagger-ui/2.7.0/springfox-swagger-ui-2.7.0.jar:, user.name=root, skipITs=true, java.vm.specification.version=1.8, sun.java.command=/root/workspace/HPI-BP2017N2/URLCleaner/388808881/target/surefire/surefirebooter4321717606613418582.jar /root/workspace/HPI-BP2017N2/URLCleaner/388808881/target/surefire 2018-06-06T16-58-29_239-jvmRun1 surefire4193409973902583775tmp surefire_01086495125127114852tmp, java.home=/usr/lib/jvm/java-8-openjdk-amd64/jre, sun.arch.data.model=64, user.language=en, java.specification.vendor=Oracle Corporation, dependency-check.skip=true, awt.toolkit=sun.awt.X11.XToolkit, java.vm.info=mixed mode, java.version=1.8.0_121, java.ext.dirs=/usr/lib/jvm/java-8-openjdk-amd64/jre/lib/ext:/usr/java/packages/lib/ext, sun.boot.class.path=/usr/lib/jvm/java-8-openjdk-amd64/jre/lib/resources.jar:/usr/lib/jvm/java-8-openjdk-amd64/jre/lib/rt.jar:/usr/lib/jvm/java-8-openjdk-amd64/jre/lib/sunrsasign.jar:/usr/lib/jvm/java-8-openjdk-amd64/jre/lib/jsse.jar:/usr/lib/jvm/java-8-openjdk-amd64/jre/lib/jce.jar:/usr/lib/jvm/java-8-openjdk-amd64/jre/lib/charsets.jar:/usr/lib/jvm/java-8-openjdk-amd64/jre/lib/jfr.jar:/usr/lib/jvm/java-8-openjdk-amd64/jre/classes, rat.skip=true, enforcer.skip=true, java.vendor=Oracle Corporation, localRepository=/root/./workspace/HPI-BP2017N2/URLCleaner/388808881/.m2, file.separator=/, java.vendor.url.bug=http://bugreport.sun.com/bugreport/, sun.io.unicode.encoding=UnicodeLittle, sun.cpu.endian=little, sun.cpu.isalist=}}, SystemEnvironmentPropertySource@1781493632 {name='systemEnvironment', properties={PATH=/usr/local/sbin:/usr/local/bin:/usr/sbin:/usr/bin:/sbin:/bin, JAVA_HOME=/usr/lib/jvm/java-8-openjdk-amd64, NOTIFY_TO=, CA_CERTIFICATES_JAVA_VERSION=20161107~bpo8+1, MONGODB_HOST=, BUILD_ID=, LANG=C.UTF-8, MAVEN_HOME=/usr/share/maven, SMTP_SERVER=, MONGODB_NAME=, REPAIR_MODE=repair, PWD=/root/workspace/HPI-BP2017N2/URLCleaner/388808881, JAVA_VERSION=8u121, GITHUB_OAUTH=, MAVEN_CMD_LINE_ARGS=/root/.m2 -B -D enforcer.skip=true -D dependency-check.skip=true -D skipITs=true -D cobertura.skip=true -D maven.repo.local=/root/./workspace/HPI-BP2017N2/URLCleaner/388808881/.m2 -D rat.skip=true -D findbugs.skip=true -D skip.bower=true -D gpg.skip=true -D checkstyle.skip=true -D skip.gulp=true -D license.skip=true -D skip.npm=true test, _=/usr/bin/java, OUTPUT=, MAVEN_TERMINATE_CMD=on, MAVEN_CONFIG=/root/.m2, MAVEN_PROJECTBASEDIR=/root/workspace/HPI-BP2017N2/URLCleaner/388808881, OLDPWD=/root/workspace/HPI-BP2017N2/URLCleaner/388808881, LOG_FILENAME=repairnator-pipeline_2018-06-06_1655_388808881_5a77b685-d098-401d-b168-01e076b51223, RUN_ID=, HOSTNAME=cyclone1, JAVA_DEBIAN_VERSION=8u121-b13-1~bpo8+1, M2_HOME=/usr/share/maven, REPAIR_TOOLS=AssertFixer, HOME=/root, SHLVL=1, PUSH_URL=}}]
16:58:31.964 [main] DEBUG org.springframework.test.context.support.TestPropertySourceUtils - Adding inlined properties to environment: {spring.jmx.enabled=false, org.springframework.boot.test.context.SpringBootTestContextBootstrapper=true, server.port=-1}
16:58:31.964 [main] DEBUG org.springframework.core.env.StandardEnvironment - Adding PropertySource 'Inlined Test Properties' with highest search precedence

  .   ____          _            __ _ _
 /\\ / ___'_ __ _ _(_)_ __  __ _ \ \ \ \
( ( )\___ | '_ | '_| | '_ \/ _` | \ \ \ \
 \\/  ___)| |_)| | | | | || (_| |  ) ) ) )
  '  |____| .__|_| |_|_| |_\__, | / / / /
 =========|_|==============|___/=/_/_/_/
 :: Spring Boot ::        (v2.0.0.RELEASE)

2018-06-06 16:58:32 - d.h.u.UrlCleanerApplicationTests: Starting UrlCleanerApplicationTests on cyclone1 with PID 188 (started by root in /root/workspace/HPI-BP2017N2/URLCleaner/388808881)
2018-06-06 16:58:32 - d.h.u.UrlCleanerApplicationTests: No active profile set, falling back to default profiles: default
2018-06-06 16:58:34 - o.s.c.s.PostProcessorRegistrationDelegate$BeanPostProcessorChecker: Bean 'org.springframework.cache.annotation.ProxyCachingConfiguration' of type [org.springframework.cache.annotation.ProxyCachingConfiguration$$EnhancerBySpringCGLIB$$2cb6cc3c] is not eligible for getting processed by all BeanPostProcessors (for example: not eligible for auto-proxying)
2018-06-06 16:58:34 - o.s.b.a.l.ConditionEvaluationReportLoggingListener: 

Error starting ApplicationContext. To display the conditions report re-run your application with 'debug' enabled.
2018-06-06 16:58:34 - o.s.b.d.LoggingFailureAnalysisReporter: 

***************************
APPLICATION FAILED TO START
***************************

Description:

Failed to bind properties under 'idealobridge.o-auth2-client-id' to java.lang.String:

    Property: idealobridge.oauth2clientid
    Value: ${CLIENT_ID}
    Origin: class path resource [application.yml]:5:19
    Reason: Could not resolve placeholder 'CLIENT_ID' in value "${CLIENT_ID}"

Action:

Update your application's configuration

2018-06-06 16:58:34 - o.s.test.context.TestContextManager: Caught exception while allowing TestExecutionListener [org.springframework.test.context.web.ServletTestExecutionListener@6150c3ec] to prepare test instance [de.hpi.urlcleaner.UrlCleanerApplicationTests@acdcf71]
java.lang.IllegalStateException: Failed to load ApplicationContext
	at org.springframework.test.context.cache.DefaultCacheAwareContextLoaderDelegate.loadContext(DefaultCacheAwareContextLoaderDelegate.java:125)
	at org.springframework.test.context.support.DefaultTestContext.getApplicationContext(DefaultTestContext.java:107)
	at org.springframework.test.context.web.ServletTestExecutionListener.setUpRequestContextIfNecessary(ServletTestExecutionListener.java:190)
	at org.springframework.test.context.web.ServletTestExecutionListener.prepareTestInstance(ServletTestExecutionListener.java:132)
	at org.springframework.test.context.TestContextManager.prepareTestInstance(TestContextManager.java:242)
	at org.springframework.test.context.junit4.SpringJUnit4ClassRunner.createTest(SpringJUnit4ClassRunner.java:227)
	at org.springframework.test.context.junit4.SpringJUnit4ClassRunner$1.runReflectiveCall(SpringJUnit4ClassRunner.java:289)
	at org.junit.internal.runners.model.ReflectiveCallable.run(ReflectiveCallable.java:12)
	at org.springframework.test.context.junit4.SpringJUnit4ClassRunner.methodBlock(SpringJUnit4ClassRunner.java:291)
	at org.springframework.test.context.junit4.SpringJUnit4ClassRunner.runChild(SpringJUnit4ClassRunner.java:246)
	at org.springframework.test.context.junit4.SpringJUnit4ClassRunner.runChild(SpringJUnit4ClassRunner.java:97)
	at org.junit.runners.ParentRunner$3.run(ParentRunner.java:290)
	at org.junit.runners.ParentRunner$1.schedule(ParentRunner.java:71)
	at org.junit.runners.ParentRunner.runChildren(ParentRunner.java:288)
	at org.junit.runners.ParentRunner.access$000(ParentRunner.java:58)
	at org.junit.runners.ParentRunner$2.evaluate(ParentRunner.java:268)
	at org.springframework.test.context.junit4.statements.RunBeforeTestClassCallbacks.evaluate(RunBeforeTestClassCallbacks.java:61)
	at org.springframework.test.context.junit4.statements.RunAfterTestClassCallbacks.evaluate(RunAfterTestClassCallbacks.java:70)
	at org.junit.runners.ParentRunner.run(ParentRunner.java:363)
	at org.springframework.test.context.junit4.SpringJUnit4ClassRunner.run(SpringJUnit4ClassRunner.java:190)
	at org.apache.maven.surefire.junit4.JUnit4Provider.execute(JUnit4Provider.java:369)
	at org.apache.maven.surefire.junit4.JUnit4Provider.executeWithRerun(JUnit4Provider.java:275)
	at org.apache.maven.surefire.junit4.JUnit4Provider.executeTestSet(JUnit4Provider.java:239)
	at org.apache.maven.surefire.junit4.JUnit4Provider.invoke(JUnit4Provider.java:160)
	at org.apache.maven.surefire.booter.ForkedBooter.invokeProviderInSameClassLoader(ForkedBooter.java:373)
	at org.apache.maven.surefire.booter.ForkedBooter.runSuitesInProcess(ForkedBooter.java:334)
	at org.apache.maven.surefire.booter.ForkedBooter.execute(ForkedBooter.java:119)
	at org.apache.maven.surefire.booter.ForkedBooter.main(ForkedBooter.java:407)
Caused by: org.springframework.beans.factory.UnsatisfiedDependencyException: Error creating bean with name 'urlCleanerController' defined in file [/root/workspace/HPI-BP2017N2/URLCleaner/388808881/target/classes/de/hpi/urlcleaner/api/UrlCleanerController.class]: Unsatisfied dependency expressed through constructor parameter 0; nested exception is org.springframework.beans.factory.UnsatisfiedDependencyException: Error creating bean with name 'urlCleanerService' defined in file [/root/workspace/HPI-BP2017N2/URLCleaner/388808881/target/classes/de/hpi/urlcleaner/services/UrlCleanerService.class]: Unsatisfied dependency expressed through constructor parameter 0; nested exception is org.springframework.beans.factory.UnsatisfiedDependencyException: Error creating bean with name 'OAuthConfig': Unsatisfied dependency expressed through field 'clientProperties'; nested exception is org.springframework.boot.context.properties.ConfigurationPropertiesBindException: Error creating bean with name 'idealoBridgeProperties': Could not bind properties to 'IdealoBridgeProperties' : prefix=idealobridge, ignoreInvalidFields=false, ignoreUnknownFields=true; nested exception is org.springframework.boot.context.properties.bind.BindException: Failed to bind properties under 'idealobridge.o-auth2-client-id' to java.lang.String
	at org.springframework.beans.factory.support.ConstructorResolver.createArgumentArray(ConstructorResolver.java:729)
	at org.springframework.beans.factory.support.ConstructorResolver.autowireConstructor(ConstructorResolver.java:192)
	at org.springframework.beans.factory.support.AbstractAutowireCapableBeanFactory.autowireConstructor(AbstractAutowireCapableBeanFactory.java:1270)
	at org.springframework.beans.factory.support.AbstractAutowireCapableBeanFactory.createBeanInstance(AbstractAutowireCapableBeanFactory.java:1127)
	at org.springframework.beans.factory.support.AbstractAutowireCapableBeanFactory.doCreateBean(AbstractAutowireCapableBeanFactory.java:545)
	at org.springframework.beans.factory.support.AbstractAutowireCapableBeanFactory.createBean(AbstractAutowireCapableBeanFactory.java:502)
	at org.springframework.beans.factory.support.AbstractBeanFactory.lambda$doGetBean$0(AbstractBeanFactory.java:312)
	at org.springframework.beans.factory.support.DefaultSingletonBeanRegistry.getSingleton(DefaultSingletonBeanRegistry.java:228)
	at org.springframework.beans.factory.support.AbstractBeanFactory.doGetBean(AbstractBeanFactory.java:310)
	at org.springframework.beans.factory.support.AbstractBeanFactory.getBean(AbstractBeanFactory.java:200)
	at org.springframework.beans.factory.support.DefaultListableBeanFactory.preInstantiateSingletons(DefaultListableBeanFactory.java:760)
	at org.springframework.context.support.AbstractApplicationContext.finishBeanFactoryInitialization(AbstractApplicationContext.java:868)
	at org.springframework.context.support.AbstractApplicationContext.refresh(AbstractApplicationContext.java:549)
	at org.springframework.boot.SpringApplication.refresh(SpringApplication.java:752)
	at org.springframework.boot.SpringApplication.refreshContext(SpringApplication.java:388)
	at org.springframework.boot.SpringApplication.run(SpringApplication.java:327)
	at org.springframework.boot.test.context.SpringBootContextLoader.loadContext(SpringBootContextLoader.java:138)
	at org.springframework.test.context.cache.DefaultCacheAwareContextLoaderDelegate.loadContextInternal(DefaultCacheAwareContextLoaderDelegate.java:99)
	at org.springframework.test.context.cache.DefaultCacheAwareContextLoaderDelegate.loadContext(DefaultCacheAwareContextLoaderDelegate.java:117)
	... 27 common frames omitted
Caused by: org.springframework.beans.factory.UnsatisfiedDependencyException: Error creating bean with name 'urlCleanerService' defined in file [/root/workspace/HPI-BP2017N2/URLCleaner/388808881/target/classes/de/hpi/urlcleaner/services/UrlCleanerService.class]: Unsatisfied dependency expressed through constructor parameter 0; nested exception is org.springframework.beans.factory.UnsatisfiedDependencyException: Error creating bean with name 'OAuthConfig': Unsatisfied dependency expressed through field 'clientProperties'; nested exception is org.springframework.boot.context.properties.ConfigurationPropertiesBindException: Error creating bean with name 'idealoBridgeProperties': Could not bind properties to 'IdealoBridgeProperties' : prefix=idealobridge, ignoreInvalidFields=false, ignoreUnknownFields=true; nested exception is org.springframework.boot.context.properties.bind.BindException: Failed to bind properties under 'idealobridge.o-auth2-client-id' to java.lang.String
	at org.springframework.beans.factory.support.ConstructorResolver.createArgumentArray(ConstructorResolver.java:729)
	at org.springframework.beans.factory.support.ConstructorResolver.autowireConstructor(ConstructorResolver.java:192)
	at org.springframework.beans.factory.support.AbstractAutowireCapableBeanFactory.autowireConstructor(AbstractAutowireCapableBeanFactory.java:1270)
	at org.springframework.beans.factory.support.AbstractAutowireCapableBeanFactory.createBeanInstance(AbstractAutowireCapableBeanFactory.java:1127)
	at org.springframework.beans.factory.support.AbstractAutowireCapableBeanFactory.doCreateBean(AbstractAutowireCapableBeanFactory.java:545)
	at org.springframework.beans.factory.support.AbstractAutowireCapableBeanFactory.createBean(AbstractAutowireCapableBeanFactory.java:502)
	at org.springframework.beans.factory.support.AbstractBeanFactory.lambda$doGetBean$0(AbstractBeanFactory.java:312)
	at org.springframework.beans.factory.support.DefaultSingletonBeanRegistry.getSingleton(DefaultSingletonBeanRegistry.java:228)
	at org.springframework.beans.factory.support.AbstractBeanFactory.doGetBean(AbstractBeanFactory.java:310)
	at org.springframework.beans.factory.support.AbstractBeanFactory.getBean(AbstractBeanFactory.java:200)
	at org.springframework.beans.factory.config.DependencyDescriptor.resolveCandidate(DependencyDescriptor.java:251)
	at org.springframework.beans.factory.support.DefaultListableBeanFactory.doResolveDependency(DefaultListableBeanFactory.java:1138)
	at org.springframework.beans.factory.support.DefaultListableBeanFactory.resolveDependency(DefaultListableBeanFactory.java:1065)
	at org.springframework.beans.factory.support.ConstructorResolver.resolveAutowiredArgument(ConstructorResolver.java:815)
	at org.springframework.beans.factory.support.ConstructorResolver.createArgumentArray(ConstructorResolver.java:721)
	... 45 common frames omitted
Caused by: org.springframework.beans.factory.UnsatisfiedDependencyException: Error creating bean with name 'OAuthConfig': Unsatisfied dependency expressed through field 'clientProperties'; nested exception is org.springframework.boot.context.properties.ConfigurationPropertiesBindException: Error creating bean with name 'idealoBridgeProperties': Could not bind properties to 'IdealoBridgeProperties' : prefix=idealobridge, ignoreInvalidFields=false, ignoreUnknownFields=true; nested exception is org.springframework.boot.context.properties.bind.BindException: Failed to bind properties under 'idealobridge.o-auth2-client-id' to java.lang.String
	at org.springframework.beans.factory.annotation.AutowiredAnnotationBeanPostProcessor$AutowiredFieldElement.inject(AutowiredAnnotationBeanPostProcessor.java:587)
	at org.springframework.beans.factory.annotation.InjectionMetadata.inject(InjectionMetadata.java:91)
	at org.springframework.beans.factory.annotation.AutowiredAnnotationBeanPostProcessor.postProcessPropertyValues(AutowiredAnnotationBeanPostProcessor.java:373)
	at org.springframework.beans.factory.support.AbstractAutowireCapableBeanFactory.populateBean(AbstractAutowireCapableBeanFactory.java:1344)
	at org.springframework.beans.factory.support.AbstractAutowireCapableBeanFactory.doCreateBean(AbstractAutowireCapableBeanFactory.java:582)
	at org.springframework.beans.factory.support.AbstractAutowireCapableBeanFactory.createBean(AbstractAutowireCapableBeanFactory.java:502)
	at org.springframework.beans.factory.support.AbstractBeanFactory.lambda$doGetBean$0(AbstractBeanFactory.java:312)
	at org.springframework.beans.factory.support.DefaultSingletonBeanRegistry.getSingleton(DefaultSingletonBeanRegistry.java:228)
	at org.springframework.beans.factory.support.AbstractBeanFactory.doGetBean(AbstractBeanFactory.java:310)
	at org.springframework.beans.factory.support.AbstractBeanFactory.getBean(AbstractBeanFactory.java:200)
	at org.springframework.beans.factory.support.ConstructorResolver.instantiateUsingFactoryMethod(ConstructorResolver.java:368)
	at org.springframework.beans.factory.support.AbstractAutowireCapableBeanFactory.instantiateUsingFactoryMethod(AbstractAutowireCapableBeanFactory.java:1250)
	at org.springframework.beans.factory.support.AbstractAutowireCapableBeanFactory.createBeanInstance(AbstractAutowireCapableBeanFactory.java:1099)
	at org.springframework.beans.factory.support.AbstractAutowireCapableBeanFactory.doCreateBean(AbstractAutowireCapableBeanFactory.java:545)
	at org.springframework.beans.factory.support.AbstractAutowireCapableBeanFactory.createBean(AbstractAutowireCapableBeanFactory.java:502)
	at org.springframework.beans.factory.support.AbstractBeanFactory.lambda$doGetBean$0(AbstractBeanFactory.java:312)
	at org.springframework.beans.factory.support.DefaultSingletonBeanRegistry.getSingleton(DefaultSingletonBeanRegistry.java:228)
	at org.springframework.beans.factory.support.AbstractBeanFactory.doGetBean(AbstractBeanFactory.java:310)
	at org.springframework.beans.factory.support.AbstractBeanFactory.getBean(AbstractBeanFactory.java:200)
	at org.springframework.beans.factory.config.DependencyDescriptor.resolveCandidate(DependencyDescriptor.java:251)
	at org.springframework.beans.factory.support.DefaultListableBeanFactory.doResolveDependency(DefaultListableBeanFactory.java:1138)
	at org.springframework.beans.factory.support.DefaultListableBeanFactory.resolveDependency(DefaultListableBeanFactory.java:1065)
	at org.springframework.beans.factory.support.ConstructorResolver.resolveAutowiredArgument(ConstructorResolver.java:815)
	at org.springframework.beans.factory.support.ConstructorResolver.createArgumentArray(ConstructorResolver.java:721)
	... 59 common frames omitted
Caused by: org.springframework.boot.context.properties.ConfigurationPropertiesBindException: Error creating bean with name 'idealoBridgeProperties': Could not bind properties to 'IdealoBridgeProperties' : prefix=idealobridge, ignoreInvalidFields=false, ignoreUnknownFields=true; nested exception is org.springframework.boot.context.properties.bind.BindException: Failed to bind properties under 'idealobridge.o-auth2-client-id' to java.lang.String
	at org.springframework.boot.context.properties.ConfigurationPropertiesBindingPostProcessor.bind(ConfigurationPropertiesBindingPostProcessor.java:109)
	at org.springframework.boot.context.properties.ConfigurationPropertiesBindingPostProcessor.postProcessBeforeInitialization(ConfigurationPropertiesBindingPostProcessor.java:93)
	at org.springframework.beans.factory.support.AbstractAutowireCapableBeanFactory.applyBeanPostProcessorsBeforeInitialization(AbstractAutowireCapableBeanFactory.java:423)
	at org.springframework.beans.factory.support.AbstractAutowireCapableBeanFactory.initializeBean(AbstractAutowireCapableBeanFactory.java:1702)
	at org.springframework.beans.factory.support.AbstractAutowireCapableBeanFactory.doCreateBean(AbstractAutowireCapableBeanFactory.java:583)
	at org.springframework.beans.factory.support.AbstractAutowireCapableBeanFactory.createBean(AbstractAutowireCapableBeanFactory.java:502)
	at org.springframework.beans.factory.support.AbstractBeanFactory.lambda$doGetBean$0(AbstractBeanFactory.java:312)
	at org.springframework.beans.factory.support.DefaultSingletonBeanRegistry.getSingleton(DefaultSingletonBeanRegistry.java:228)
	at org.springframework.beans.factory.support.AbstractBeanFactory.doGetBean(AbstractBeanFactory.java:310)
	at org.springframework.beans.factory.support.AbstractBeanFactory.getBean(AbstractBeanFactory.java:200)
	at org.springframework.beans.factory.config.DependencyDescriptor.resolveCandidate(DependencyDescriptor.java:251)
	at org.springframework.beans.factory.support.DefaultListableBeanFactory.doResolveDependency(DefaultListableBeanFactory.java:1138)
	at org.springframework.beans.factory.support.DefaultListableBeanFactory.resolveDependency(DefaultListableBeanFactory.java:1065)
	at org.springframework.beans.factory.annotation.AutowiredAnnotationBeanPostProcessor$AutowiredFieldElement.inject(AutowiredAnnotationBeanPostProcessor.java:584)
	... 82 common frames omitted
Caused by: org.springframework.boot.context.properties.bind.BindException: Failed to bind properties under 'idealobridge.o-auth2-client-id' to java.lang.String
	at org.springframework.boot.context.properties.bind.Binder.handleBindError(Binder.java:250)
	at org.springframework.boot.context.properties.bind.Binder.bind(Binder.java:226)
	at org.springframework.boot.context.properties.bind.Binder.lambda$bindBean$4(Binder.java:331)
	at org.springframework.boot.context.properties.bind.JavaBeanBinder.bind(JavaBeanBinder.java:72)
	at org.springframework.boot.context.properties.bind.JavaBeanBinder.bind(JavaBeanBinder.java:61)
	at org.springframework.boot.context.properties.bind.JavaBeanBinder.bind(JavaBeanBinder.java:53)
	at org.springframework.boot.context.properties.bind.Binder.lambda$null$5(Binder.java:339)
	at java.util.stream.ReferencePipeline$3$1.accept(ReferencePipeline.java:193)
	at java.util.ArrayList$ArrayListSpliterator.tryAdvance(ArrayList.java:1351)
	at java.util.stream.ReferencePipeline.forEachWithCancel(ReferencePipeline.java:126)
	at java.util.stream.AbstractPipeline.copyIntoWithCancel(AbstractPipeline.java:498)
	at java.util.stream.AbstractPipeline.copyInto(AbstractPipeline.java:485)
	at java.util.stream.AbstractPipeline.wrapAndCopyInto(AbstractPipeline.java:471)
	at java.util.stream.FindOps$FindOp.evaluateSequential(FindOps.java:152)
	at java.util.stream.AbstractPipeline.evaluate(AbstractPipeline.java:234)
	at java.util.stream.ReferencePipeline.findFirst(ReferencePipeline.java:464)
	at org.springframework.boot.context.properties.bind.Binder.lambda$bindBean$6(Binder.java:340)
	at org.springframework.boot.context.properties.bind.Binder$Context.withIncreasedDepth(Binder.java:439)
	at org.springframework.boot.context.properties.bind.Binder$Context.withBean(Binder.java:425)
	at org.springframework.boot.context.properties.bind.Binder$Context.access$400(Binder.java:379)
	at org.springframework.boot.context.properties.bind.Binder.bindBean(Binder.java:337)
	at org.springframework.boot.context.properties.bind.Binder.bindObject(Binder.java:279)
	at org.springframework.boot.context.properties.bind.Binder.bind(Binder.java:221)
	at org.springframework.boot.context.properties.bind.Binder.bind(Binder.java:210)
	at org.springframework.boot.context.properties.bind.Binder.bind(Binder.java:192)
	at org.springframework.boot.context.properties.ConfigurationPropertiesBinder.bind(ConfigurationPropertiesBinder.java:78)
	at org.springframework.boot.context.properties.ConfigurationPropertiesBindingPostProcessor.bind(ConfigurationPropertiesBindingPostProcessor.java:106)
	... 95 common frames omitted
Caused by: java.lang.IllegalArgumentException: Could not resolve placeholder 'CLIENT_ID' in value "${CLIENT_ID}"
	at org.springframework.util.PropertyPlaceholderHelper.parseStringValue(PropertyPlaceholderHelper.java:172)
	at org.springframework.util.PropertyPlaceholderHelper.replacePlaceholders(PropertyPlaceholderHelper.java:124)
	at org.springframework.boot.context.properties.bind.PropertySourcesPlaceholdersResolver.resolvePlaceholders(PropertySourcesPlaceholdersResolver.java:60)
	at org.springframework.boot.context.properties.bind.Binder.bindProperty(Binder.java:320)
	at org.springframework.boot.context.properties.bind.Binder.bindObject(Binder.java:267)
	at org.springframework.boot.context.properties.bind.Binder.bind(Binder.java:221)
	... 120 common frames omitted
]]></system-out>
  </testcase>
</testsuite>