<?xml version="1.0" encoding="UTF-8"?>
<testsuite name="br.com.jordilucas.pontointeligente.api.services.FuncionarioServiceTest" time="0.029" tests="3" errors="3" skipped="0" failures="0">
  <properties>
    <property name="java.runtime.name" value="OpenJDK Runtime Environment"/>
    <property name="sun.boot.library.path" value="/usr/lib/jvm/java-8-openjdk-amd64/jre/lib/amd64"/>
    <property name="java.vm.version" value="25.121-b13"/>
    <property name="java.vm.vendor" value="Oracle Corporation"/>
    <property name="maven.multiModuleProjectDirectory" value="/root/workspace/jordilucas/ponto-inteligente-api/387977572"/>
    <property name="java.vendor.url" value="http://java.oracle.com/"/>
    <property name="path.separator" value=":"/>
    <property name="guice.disable.misplaced.annotation.check" value="true"/>
    <property name="skip.gulp" value="true"/>
    <property name="java.vm.name" value="OpenJDK 64-Bit Server VM"/>
    <property name="file.encoding.pkg" value="sun.io"/>
    <property name="sun.java.launcher" value="SUN_STANDARD"/>
    <property name="sun.os.patch.level" value="unknown"/>
    <property name="findbugs.skip" value="true"/>
    <property name="java.vm.specification.name" value="Java Virtual Machine Specification"/>
    <property name="user.dir" value="/root/workspace/jordilucas/ponto-inteligente-api/387977572"/>
    <property name="checkstyle.skip" value="true"/>
    <property name="java.runtime.version" value="1.8.0_121-8u121-b13-1~bpo8+1-b13"/>
    <property name="java.awt.graphicsenv" value="sun.awt.X11GraphicsEnvironment"/>
    <property name="skip.npm" value="true"/>
    <property name="java.endorsed.dirs" value="/usr/lib/jvm/java-8-openjdk-amd64/jre/lib/endorsed"/>
    <property name="os.arch" value="amd64"/>
    <property name="java.io.tmpdir" value="/tmp"/>
    <property name="gpg.skip" value="true"/>
    <property name="line.separator" value="&#10;"/>
    <property name="java.vm.specification.vendor" value="Oracle Corporation"/>
    <property name="cobertura.skip" value="true"/>
    <property name="os.name" value="Linux"/>
    <property name="classworlds.conf" value="/usr/share/maven/bin/m2.conf"/>
    <property name="sun.jnu.encoding" value="UTF-8"/>
    <property name="java.library.path" value="/usr/java/packages/lib/amd64:/usr/lib/x86_64-linux-gnu/jni:/lib/x86_64-linux-gnu:/usr/lib/x86_64-linux-gnu:/usr/lib/jni:/lib:/usr/lib"/>
    <property name="license.skip" value="true"/>
    <property name="java.specification.name" value="Java Platform API Specification"/>
    <property name="java.class.version" value="52.0"/>
    <property name="sun.management.compiler" value="HotSpot 64-Bit Tiered Compilers"/>
    <property name="skip.bower" value="true"/>
    <property name="maven.repo.local" value="/root/./workspace/jordilucas/ponto-inteligente-api/387977572/.m2"/>
    <property name="os.version" value="3.10.0-862.3.2.el7.x86_64"/>
    <property name="user.home" value="/root"/>
    <property name="user.timezone" value="Europe/Paris"/>
    <property name="java.awt.printerjob" value="sun.print.PSPrinterJob"/>
    <property name="java.specification.version" value="1.8"/>
    <property name="file.encoding" value="UTF-8"/>
    <property name="user.name" value="root"/>
    <property name="java.class.path" value="/usr/share/maven/boot/plexus-classworlds-2.5.2.jar"/>
    <property name="skipITs" value="true"/>
    <property name="java.vm.specification.version" value="1.8"/>
    <property name="sun.arch.data.model" value="64"/>
    <property name="java.home" value="/usr/lib/jvm/java-8-openjdk-amd64/jre"/>
    <property name="sun.java.command" value="org.codehaus.plexus.classworlds.launcher.Launcher -B -D enforcer.skip=true -D dependency-check.skip=true -D skipITs=true -D cobertura.skip=true -D maven.repo.local=/root/./workspace/jordilucas/ponto-inteligente-api/387977572/.m2 -D rat.skip=true -D findbugs.skip=true -D skip.bower=true -D gpg.skip=true -D checkstyle.skip=true -D skip.gulp=true -D license.skip=true -D skip.npm=true test"/>
    <property name="java.specification.vendor" value="Oracle Corporation"/>
    <property name="user.language" value="en"/>
    <property name="awt.toolkit" value="sun.awt.X11.XToolkit"/>
    <property name="dependency-check.skip" value="true"/>
    <property name="java.vm.info" value="mixed mode"/>
    <property name="java.version" value="1.8.0_121"/>
    <property name="java.ext.dirs" value="/usr/lib/jvm/java-8-openjdk-amd64/jre/lib/ext:/usr/java/packages/lib/ext"/>
    <property name="securerandom.source" value="file:/dev/./urandom"/>
    <property name="sun.boot.class.path" value="/usr/lib/jvm/java-8-openjdk-amd64/jre/lib/resources.jar:/usr/lib/jvm/java-8-openjdk-amd64/jre/lib/rt.jar:/usr/lib/jvm/java-8-openjdk-amd64/jre/lib/sunrsasign.jar:/usr/lib/jvm/java-8-openjdk-amd64/jre/lib/jsse.jar:/usr/lib/jvm/java-8-openjdk-amd64/jre/lib/jce.jar:/usr/lib/jvm/java-8-openjdk-amd64/jre/lib/charsets.jar:/usr/lib/jvm/java-8-openjdk-amd64/jre/lib/jfr.jar:/usr/lib/jvm/java-8-openjdk-amd64/jre/classes"/>
    <property name="java.vendor" value="Oracle Corporation"/>
    <property name="enforcer.skip" value="true"/>
    <property name="rat.skip" value="true"/>
    <property name="maven.home" value="/usr/share/maven"/>
    <property name="file.separator" value="/"/>
    <property name="java.vendor.url.bug" value="http://bugreport.sun.com/bugreport/"/>
    <property name="sun.cpu.endian" value="little"/>
    <property name="sun.io.unicode.encoding" value="UnicodeLittle"/>
    <property name="sun.cpu.isalist" value=""/>
  </properties>
  <testcase name="testBuscarFuncionarioPorEmail" classname="br.com.jordilucas.pontointeligente.api.services.FuncionarioServiceTest" time="0.014">
    <error message="Failed to load ApplicationContext" type="java.lang.IllegalStateException">java.lang.IllegalStateException: Failed to load ApplicationContext
	at org.springframework.test.context.cache.DefaultCacheAwareContextLoaderDelegate.loadContext(DefaultCacheAwareContextLoaderDelegate.java:124)
	at org.springframework.test.context.support.DefaultTestContext.getApplicationContext(DefaultTestContext.java:83)
	at org.springframework.test.context.web.ServletTestExecutionListener.setUpRequestContextIfNecessary(ServletTestExecutionListener.java:189)
	at org.springframework.test.context.web.ServletTestExecutionListener.prepareTestInstance(ServletTestExecutionListener.java:131)
	at org.springframework.test.context.TestContextManager.prepareTestInstance(TestContextManager.java:230)
	at org.springframework.test.context.junit4.SpringJUnit4ClassRunner.createTest(SpringJUnit4ClassRunner.java:228)
	at org.springframework.test.context.junit4.SpringJUnit4ClassRunner$1.runReflectiveCall(SpringJUnit4ClassRunner.java:287)
	at org.junit.internal.runners.model.ReflectiveCallable.run(ReflectiveCallable.java:12)
	at org.springframework.test.context.junit4.SpringJUnit4ClassRunner.methodBlock(SpringJUnit4ClassRunner.java:289)
	at org.springframework.test.context.junit4.SpringJUnit4ClassRunner.runChild(SpringJUnit4ClassRunner.java:247)
	at org.springframework.test.context.junit4.SpringJUnit4ClassRunner.runChild(SpringJUnit4ClassRunner.java:94)
	at org.junit.runners.ParentRunner$3.run(ParentRunner.java:290)
	at org.junit.runners.ParentRunner$1.schedule(ParentRunner.java:71)
	at org.junit.runners.ParentRunner.runChildren(ParentRunner.java:288)
	at org.junit.runners.ParentRunner.access$000(ParentRunner.java:58)
	at org.junit.runners.ParentRunner$2.evaluate(ParentRunner.java:268)
	at org.springframework.test.context.junit4.statements.RunBeforeTestClassCallbacks.evaluate(RunBeforeTestClassCallbacks.java:61)
	at org.springframework.test.context.junit4.statements.RunAfterTestClassCallbacks.evaluate(RunAfterTestClassCallbacks.java:70)
	at org.junit.runners.ParentRunner.run(ParentRunner.java:363)
	at org.springframework.test.context.junit4.SpringJUnit4ClassRunner.run(SpringJUnit4ClassRunner.java:191)
	at org.apache.maven.surefire.junit4.JUnit4Provider.execute(JUnit4Provider.java:283)
	at org.apache.maven.surefire.junit4.JUnit4Provider.executeWithRerun(JUnit4Provider.java:173)
	at org.apache.maven.surefire.junit4.JUnit4Provider.executeTestSet(JUnit4Provider.java:153)
	at org.apache.maven.surefire.junit4.JUnit4Provider.invoke(JUnit4Provider.java:128)
	at org.apache.maven.surefire.booter.ForkedBooter.invokeProviderInSameClassLoader(ForkedBooter.java:203)
	at org.apache.maven.surefire.booter.ForkedBooter.runSuitesInProcess(ForkedBooter.java:155)
	at org.apache.maven.surefire.booter.ForkedBooter.main(ForkedBooter.java:103)
Caused by: org.springframework.beans.factory.BeanCreationException: Error creating bean with name 'lancamentoController': Injection of autowired dependencies failed; nested exception is java.lang.IllegalArgumentException: Could not resolve placeholder 'paginacao.qtd_por_pagina' in value "${paginacao.qtd_por_pagina}"
	at org.springframework.beans.factory.annotation.AutowiredAnnotationBeanPostProcessor.postProcessPropertyValues(AutowiredAnnotationBeanPostProcessor.java:372)
	at org.springframework.beans.factory.support.AbstractAutowireCapableBeanFactory.populateBean(AbstractAutowireCapableBeanFactory.java:1264)
	at org.springframework.beans.factory.support.AbstractAutowireCapableBeanFactory.doCreateBean(AbstractAutowireCapableBeanFactory.java:553)
	at org.springframework.beans.factory.support.AbstractAutowireCapableBeanFactory.createBean(AbstractAutowireCapableBeanFactory.java:483)
	at org.springframework.beans.factory.support.AbstractBeanFactory$1.getObject(AbstractBeanFactory.java:306)
	at org.springframework.beans.factory.support.DefaultSingletonBeanRegistry.getSingleton(DefaultSingletonBeanRegistry.java:230)
	at org.springframework.beans.factory.support.AbstractBeanFactory.doGetBean(AbstractBeanFactory.java:302)
	at org.springframework.beans.factory.support.AbstractBeanFactory.getBean(AbstractBeanFactory.java:197)
	at org.springframework.beans.factory.support.DefaultListableBeanFactory.preInstantiateSingletons(DefaultListableBeanFactory.java:761)
	at org.springframework.context.support.AbstractApplicationContext.finishBeanFactoryInitialization(AbstractApplicationContext.java:867)
	at org.springframework.context.support.AbstractApplicationContext.refresh(AbstractApplicationContext.java:543)
	at org.springframework.boot.SpringApplication.refresh(SpringApplication.java:693)
	at org.springframework.boot.SpringApplication.refreshContext(SpringApplication.java:360)
	at org.springframework.boot.SpringApplication.run(SpringApplication.java:303)
	at org.springframework.boot.test.context.SpringBootContextLoader.loadContext(SpringBootContextLoader.java:120)
	at org.springframework.test.context.cache.DefaultCacheAwareContextLoaderDelegate.loadContextInternal(DefaultCacheAwareContextLoaderDelegate.java:98)
	at org.springframework.test.context.cache.DefaultCacheAwareContextLoaderDelegate.loadContext(DefaultCacheAwareContextLoaderDelegate.java:116)
	at org.springframework.test.context.support.DefaultTestContext.getApplicationContext(DefaultTestContext.java:83)
	at org.springframework.test.context.web.ServletTestExecutionListener.setUpRequestContextIfNecessary(ServletTestExecutionListener.java:189)
	at org.springframework.test.context.web.ServletTestExecutionListener.prepareTestInstance(ServletTestExecutionListener.java:131)
	at org.springframework.test.context.TestContextManager.prepareTestInstance(TestContextManager.java:230)
	at org.springframework.test.context.junit4.SpringJUnit4ClassRunner.createTest(SpringJUnit4ClassRunner.java:228)
	at org.springframework.test.context.junit4.SpringJUnit4ClassRunner$1.runReflectiveCall(SpringJUnit4ClassRunner.java:287)
	at org.junit.internal.runners.model.ReflectiveCallable.run(ReflectiveCallable.java:12)
	at org.springframework.test.context.junit4.SpringJUnit4ClassRunner.methodBlock(SpringJUnit4ClassRunner.java:289)
	at org.springframework.test.context.junit4.SpringJUnit4ClassRunner.runChild(SpringJUnit4ClassRunner.java:247)
	at org.springframework.test.context.junit4.SpringJUnit4ClassRunner.runChild(SpringJUnit4ClassRunner.java:94)
	at org.junit.runners.ParentRunner$3.run(ParentRunner.java:290)
	at org.junit.runners.ParentRunner$1.schedule(ParentRunner.java:71)
	at org.junit.runners.ParentRunner.runChildren(ParentRunner.java:288)
	at org.junit.runners.ParentRunner.access$000(ParentRunner.java:58)
	at org.junit.runners.ParentRunner$2.evaluate(ParentRunner.java:268)
	at org.springframework.test.context.junit4.statements.RunBeforeTestClassCallbacks.evaluate(RunBeforeTestClassCallbacks.java:61)
	at org.springframework.test.context.junit4.statements.RunAfterTestClassCallbacks.evaluate(RunAfterTestClassCallbacks.java:70)
	at org.junit.runners.ParentRunner.run(ParentRunner.java:363)
	at org.springframework.test.context.junit4.SpringJUnit4ClassRunner.run(SpringJUnit4ClassRunner.java:191)
	at org.apache.maven.surefire.junit4.JUnit4Provider.execute(JUnit4Provider.java:283)
	at org.apache.maven.surefire.junit4.JUnit4Provider.executeWithRerun(JUnit4Provider.java:173)
	at org.apache.maven.surefire.junit4.JUnit4Provider.executeTestSet(JUnit4Provider.java:153)
	at org.apache.maven.surefire.junit4.JUnit4Provider.invoke(JUnit4Provider.java:128)
	at org.apache.maven.surefire.booter.ForkedBooter.invokeProviderInSameClassLoader(ForkedBooter.java:203)
	at org.apache.maven.surefire.booter.ForkedBooter.runSuitesInProcess(ForkedBooter.java:155)
	at org.apache.maven.surefire.booter.ForkedBooter.main(ForkedBooter.java:103)
Caused by: java.lang.IllegalArgumentException: Could not resolve placeholder 'paginacao.qtd_por_pagina' in value "${paginacao.qtd_por_pagina}"
	at org.springframework.util.PropertyPlaceholderHelper.parseStringValue(PropertyPlaceholderHelper.java:174)
	at org.springframework.util.PropertyPlaceholderHelper.replacePlaceholders(PropertyPlaceholderHelper.java:126)
	at org.springframework.core.env.AbstractPropertyResolver.doResolvePlaceholders(AbstractPropertyResolver.java:236)
	at org.springframework.core.env.AbstractPropertyResolver.resolveRequiredPlaceholders(AbstractPropertyResolver.java:210)
	at org.springframework.context.support.PropertySourcesPlaceholderConfigurer$2.resolveStringValue(PropertySourcesPlaceholderConfigurer.java:172)
	at org.springframework.beans.factory.support.AbstractBeanFactory.resolveEmbeddedValue(AbstractBeanFactory.java:831)
	at org.springframework.beans.factory.support.DefaultListableBeanFactory.doResolveDependency(DefaultListableBeanFactory.java:1086)
	at org.springframework.beans.factory.support.DefaultListableBeanFactory.resolveDependency(DefaultListableBeanFactory.java:1066)
	at org.springframework.beans.factory.annotation.AutowiredAnnotationBeanPostProcessor$AutowiredFieldElement.inject(AutowiredAnnotationBeanPostProcessor.java:585)
	at org.springframework.beans.factory.annotation.InjectionMetadata.inject(InjectionMetadata.java:88)
	at org.springframework.beans.factory.annotation.AutowiredAnnotationBeanPostProcessor.postProcessPropertyValues(AutowiredAnnotationBeanPostProcessor.java:366)
	at org.springframework.beans.factory.support.AbstractAutowireCapableBeanFactory.populateBean(AbstractAutowireCapableBeanFactory.java:1264)
	at org.springframework.beans.factory.support.AbstractAutowireCapableBeanFactory.doCreateBean(AbstractAutowireCapableBeanFactory.java:553)
	at org.springframework.beans.factory.support.AbstractAutowireCapableBeanFactory.createBean(AbstractAutowireCapableBeanFactory.java:483)
	at org.springframework.beans.factory.support.AbstractBeanFactory$1.getObject(AbstractBeanFactory.java:306)
	at org.springframework.beans.factory.support.DefaultSingletonBeanRegistry.getSingleton(DefaultSingletonBeanRegistry.java:230)
	at org.springframework.beans.factory.support.AbstractBeanFactory.doGetBean(AbstractBeanFactory.java:302)
	at org.springframework.beans.factory.support.AbstractBeanFactory.getBean(AbstractBeanFactory.java:197)
	at org.springframework.beans.factory.support.DefaultListableBeanFactory.preInstantiateSingletons(DefaultListableBeanFactory.java:761)
	at org.springframework.context.support.AbstractApplicationContext.finishBeanFactoryInitialization(AbstractApplicationContext.java:867)
	at org.springframework.context.support.AbstractApplicationContext.refresh(AbstractApplicationContext.java:543)
	at org.springframework.boot.SpringApplication.refresh(SpringApplication.java:693)
	at org.springframework.boot.SpringApplication.refreshContext(SpringApplication.java:360)
	at org.springframework.boot.SpringApplication.run(SpringApplication.java:303)
	at org.springframework.boot.test.context.SpringBootContextLoader.loadContext(SpringBootContextLoader.java:120)
	at org.springframework.test.context.cache.DefaultCacheAwareContextLoaderDelegate.loadContextInternal(DefaultCacheAwareContextLoaderDelegate.java:98)
	at org.springframework.test.context.cache.DefaultCacheAwareContextLoaderDelegate.loadContext(DefaultCacheAwareContextLoaderDelegate.java:116)
	at org.springframework.test.context.support.DefaultTestContext.getApplicationContext(DefaultTestContext.java:83)
	at org.springframework.test.context.web.ServletTestExecutionListener.setUpRequestContextIfNecessary(ServletTestExecutionListener.java:189)
	at org.springframework.test.context.web.ServletTestExecutionListener.prepareTestInstance(ServletTestExecutionListener.java:131)
	at org.springframework.test.context.TestContextManager.prepareTestInstance(TestContextManager.java:230)
	at org.springframework.test.context.junit4.SpringJUnit4ClassRunner.createTest(SpringJUnit4ClassRunner.java:228)
	at org.springframework.test.context.junit4.SpringJUnit4ClassRunner$1.runReflectiveCall(SpringJUnit4ClassRunner.java:287)
	at org.junit.internal.runners.model.ReflectiveCallable.run(ReflectiveCallable.java:12)
	at org.springframework.test.context.junit4.SpringJUnit4ClassRunner.methodBlock(SpringJUnit4ClassRunner.java:289)
	at org.springframework.test.context.junit4.SpringJUnit4ClassRunner.runChild(SpringJUnit4ClassRunner.java:247)
	at org.springframework.test.context.junit4.SpringJUnit4ClassRunner.runChild(SpringJUnit4ClassRunner.java:94)
	at org.junit.runners.ParentRunner$3.run(ParentRunner.java:290)
	at org.junit.runners.ParentRunner$1.schedule(ParentRunner.java:71)
	at org.junit.runners.ParentRunner.runChildren(ParentRunner.java:288)
	at org.junit.runners.ParentRunner.access$000(ParentRunner.java:58)
	at org.junit.runners.ParentRunner$2.evaluate(ParentRunner.java:268)
	at org.springframework.test.context.junit4.statements.RunBeforeTestClassCallbacks.evaluate(RunBeforeTestClassCallbacks.java:61)
	at org.springframework.test.context.junit4.statements.RunAfterTestClassCallbacks.evaluate(RunAfterTestClassCallbacks.java:70)
	at org.junit.runners.ParentRunner.run(ParentRunner.java:363)
	at org.springframework.test.context.junit4.SpringJUnit4ClassRunner.run(SpringJUnit4ClassRunner.java:191)
	at org.apache.maven.surefire.junit4.JUnit4Provider.execute(JUnit4Provider.java:283)
	at org.apache.maven.surefire.junit4.JUnit4Provider.executeWithRerun(JUnit4Provider.java:173)
	at org.apache.maven.surefire.junit4.JUnit4Provider.executeTestSet(JUnit4Provider.java:153)
	at org.apache.maven.surefire.junit4.JUnit4Provider.invoke(JUnit4Provider.java:128)
	at org.apache.maven.surefire.booter.ForkedBooter.invokeProviderInSameClassLoader(ForkedBooter.java:203)
	at org.apache.maven.surefire.booter.ForkedBooter.runSuitesInProcess(ForkedBooter.java:155)
	at org.apache.maven.surefire.booter.ForkedBooter.main(ForkedBooter.java:103)
</error>
    <system-out><![CDATA[22:32:14.817 [main] DEBUG org.springframework.test.context.junit4.SpringJUnit4ClassRunner - SpringJUnit4ClassRunner constructor called with [class br.com.jordilucas.pontointeligente.api.services.FuncionarioServiceTest]
22:32:14.824 [main] DEBUG org.springframework.test.context.BootstrapUtils - Instantiating CacheAwareContextLoaderDelegate from class [org.springframework.test.context.cache.DefaultCacheAwareContextLoaderDelegate]
22:32:14.837 [main] DEBUG org.springframework.test.context.BootstrapUtils - Instantiating BootstrapContext using constructor [public org.springframework.test.context.support.DefaultBootstrapContext(java.lang.Class,org.springframework.test.context.CacheAwareContextLoaderDelegate)]
22:32:14.882 [main] DEBUG org.springframework.test.context.BootstrapUtils - Instantiating TestContextBootstrapper for test class [br.com.jordilucas.pontointeligente.api.services.FuncionarioServiceTest] from class [org.springframework.boot.test.context.SpringBootTestContextBootstrapper]
22:32:14.905 [main] INFO org.springframework.boot.test.context.SpringBootTestContextBootstrapper - Neither @ContextConfiguration nor @ContextHierarchy found for test class [br.com.jordilucas.pontointeligente.api.services.FuncionarioServiceTest], using SpringBootContextLoader
22:32:14.912 [main] DEBUG org.springframework.test.context.support.AbstractContextLoader - Did not detect default resource location for test class [br.com.jordilucas.pontointeligente.api.services.FuncionarioServiceTest]: class path resource [br/com/jordilucas/pontointeligente/api/services/FuncionarioServiceTest-context.xml] does not exist
22:32:14.913 [main] DEBUG org.springframework.test.context.support.AbstractContextLoader - Did not detect default resource location for test class [br.com.jordilucas.pontointeligente.api.services.FuncionarioServiceTest]: class path resource [br/com/jordilucas/pontointeligente/api/services/FuncionarioServiceTestContext.groovy] does not exist
22:32:14.913 [main] INFO org.springframework.test.context.support.AbstractContextLoader - Could not detect default resource locations for test class [br.com.jordilucas.pontointeligente.api.services.FuncionarioServiceTest]: no resource found for suffixes {-context.xml, Context.groovy}.
22:32:14.914 [main] INFO org.springframework.test.context.support.AnnotationConfigContextLoaderUtils - Could not detect default configuration classes for test class [br.com.jordilucas.pontointeligente.api.services.FuncionarioServiceTest]: FuncionarioServiceTest does not declare any static, non-private, non-final, nested classes annotated with @Configuration.
22:32:15.012 [main] DEBUG org.springframework.core.env.StandardEnvironment - Adding PropertySource 'systemProperties' with lowest search precedence
22:32:15.013 [main] DEBUG org.springframework.core.env.StandardEnvironment - Adding PropertySource 'systemEnvironment' with lowest search precedence
22:32:15.015 [main] DEBUG org.springframework.core.env.StandardEnvironment - Initialized StandardEnvironment with PropertySources [MapPropertySource@388043093 {name='systemProperties', properties={java.runtime.name=OpenJDK Runtime Environment, sun.boot.library.path=/usr/lib/jvm/java-8-openjdk-amd64/jre/lib/amd64, java.vm.version=25.121-b13, java.vm.vendor=Oracle Corporation, java.vendor.url=http://java.oracle.com/, skip.gulp=true, path.separator=:, java.vm.name=OpenJDK 64-Bit Server VM, file.encoding.pkg=sun.io, findbugs.skip=true, sun.java.launcher=SUN_STANDARD, sun.os.patch.level=unknown, java.vm.specification.name=Java Virtual Machine Specification, user.dir=/root/workspace/jordilucas/ponto-inteligente-api/387977572, checkstyle.skip=true, java.runtime.version=1.8.0_121-8u121-b13-1~bpo8+1-b13, skip.npm=true, basedir=/root/workspace/jordilucas/ponto-inteligente-api/387977572, java.awt.graphicsenv=sun.awt.X11GraphicsEnvironment, java.endorsed.dirs=/usr/lib/jvm/java-8-openjdk-amd64/jre/lib/endorsed, os.arch=amd64, surefire.real.class.path=/root/workspace/jordilucas/ponto-inteligente-api/387977572/target/surefire/surefirebooter8553089524739200174.jar, gpg.skip=true, java.io.tmpdir=/tmp, line.separator=
, cobertura.skip=true, java.vm.specification.vendor=Oracle Corporation, os.name=Linux, sun.jnu.encoding=UTF-8, license.skip=true, java.library.path=/usr/java/packages/lib/amd64:/usr/lib/x86_64-linux-gnu/jni:/lib/x86_64-linux-gnu:/usr/lib/x86_64-linux-gnu:/usr/lib/jni:/lib:/usr/lib, surefire.test.class.path=/root/workspace/jordilucas/ponto-inteligente-api/387977572/target/test-classes:/root/workspace/jordilucas/ponto-inteligente-api/387977572/target/classes:/root/./workspace/jordilucas/ponto-inteligente-api/387977572/.m2/org/springframework/boot/spring-boot-starter/1.5.8.RELEASE/spring-boot-starter-1.5.8.RELEASE.jar:/root/./workspace/jordilucas/ponto-inteligente-api/387977572/.m2/org/springframework/boot/spring-boot/1.5.8.RELEASE/spring-boot-1.5.8.RELEASE.jar:/root/./workspace/jordilucas/ponto-inteligente-api/387977572/.m2/org/springframework/spring-context/4.3.12.RELEASE/spring-context-4.3.12.RELEASE.jar:/root/./workspace/jordilucas/ponto-inteligente-api/387977572/.m2/org/springframework/boot/spring-boot-autoconfigure/1.5.8.RELEASE/spring-boot-autoconfigure-1.5.8.RELEASE.jar:/root/./workspace/jordilucas/ponto-inteligente-api/387977572/.m2/org/springframework/boot/spring-boot-starter-logging/1.5.8.RELEASE/spring-boot-starter-logging-1.5.8.RELEASE.jar:/root/./workspace/jordilucas/ponto-inteligente-api/387977572/.m2/ch/qos/logback/logback-classic/1.1.11/logback-classic-1.1.11.jar:/root/./workspace/jordilucas/ponto-inteligente-api/387977572/.m2/ch/qos/logback/logback-core/1.1.11/logback-core-1.1.11.jar:/root/./workspace/jordilucas/ponto-inteligente-api/387977572/.m2/org/slf4j/jcl-over-slf4j/1.7.25/jcl-over-slf4j-1.7.25.jar:/root/./workspace/jordilucas/ponto-inteligente-api/387977572/.m2/org/slf4j/jul-to-slf4j/1.7.25/jul-to-slf4j-1.7.25.jar:/root/./workspace/jordilucas/ponto-inteligente-api/387977572/.m2/org/slf4j/log4j-over-slf4j/1.7.25/log4j-over-slf4j-1.7.25.jar:/root/./workspace/jordilucas/ponto-inteligente-api/387977572/.m2/org/springframework/spring-core/4.3.12.RELEASE/spring-core-4.3.12.RELEASE.jar:/root/./workspace/jordilucas/ponto-inteligente-api/387977572/.m2/org/yaml/snakeyaml/1.17/snakeyaml-1.17.jar:/root/./workspace/jordilucas/ponto-inteligente-api/387977572/.m2/org/springframework/boot/spring-boot-devtools/1.5.8.RELEASE/spring-boot-devtools-1.5.8.RELEASE.jar:/root/./workspace/jordilucas/ponto-inteligente-api/387977572/.m2/org/springframework/boot/spring-boot-starter-test/1.5.8.RELEASE/spring-boot-starter-test-1.5.8.RELEASE.jar:/root/./workspace/jordilucas/ponto-inteligente-api/387977572/.m2/org/springframework/boot/spring-boot-test/1.5.8.RELEASE/spring-boot-test-1.5.8.RELEASE.jar:/root/./workspace/jordilucas/ponto-inteligente-api/387977572/.m2/org/springframework/boot/spring-boot-test-autoconfigure/1.5.8.RELEASE/spring-boot-test-autoconfigure-1.5.8.RELEASE.jar:/root/./workspace/jordilucas/ponto-inteligente-api/387977572/.m2/com/jayway/jsonpath/json-path/2.2.0/json-path-2.2.0.jar:/root/./workspace/jordilucas/ponto-inteligente-api/387977572/.m2/net/minidev/json-smart/2.2.1/json-smart-2.2.1.jar:/root/./workspace/jordilucas/ponto-inteligente-api/387977572/.m2/net/minidev/accessors-smart/1.1/accessors-smart-1.1.jar:/root/./workspace/jordilucas/ponto-inteligente-api/387977572/.m2/org/ow2/asm/asm/5.0.3/asm-5.0.3.jar:/root/./workspace/jordilucas/ponto-inteligente-api/387977572/.m2/org/slf4j/slf4j-api/1.7.25/slf4j-api-1.7.25.jar:/root/./workspace/jordilucas/ponto-inteligente-api/387977572/.m2/junit/junit/4.12/junit-4.12.jar:/root/./workspace/jordilucas/ponto-inteligente-api/387977572/.m2/org/assertj/assertj-core/2.6.0/assertj-core-2.6.0.jar:/root/./workspace/jordilucas/ponto-inteligente-api/387977572/.m2/org/mockito/mockito-core/1.10.19/mockito-core-1.10.19.jar:/root/./workspace/jordilucas/ponto-inteligente-api/387977572/.m2/org/objenesis/objenesis/2.1/objenesis-2.1.jar:/root/./workspace/jordilucas/ponto-inteligente-api/387977572/.m2/org/hamcrest/hamcrest-core/1.3/hamcrest-core-1.3.jar:/root/./workspace/jordilucas/ponto-inteligente-api/387977572/.m2/org/hamcrest/hamcrest-library/1.3/hamcrest-library-1.3.jar:/root/./workspace/jordilucas/ponto-inteligente-api/387977572/.m2/org/skyscreamer/jsonassert/1.4.0/jsonassert-1.4.0.jar:/root/./workspace/jordilucas/ponto-inteligente-api/387977572/.m2/com/vaadin/external/google/android-json/0.0.20131108.vaadin1/android-json-0.0.20131108.vaadin1.jar:/root/./workspace/jordilucas/ponto-inteligente-api/387977572/.m2/org/springframework/spring-test/4.3.12.RELEASE/spring-test-4.3.12.RELEASE.jar:/root/./workspace/jordilucas/ponto-inteligente-api/387977572/.m2/org/springframework/boot/spring-boot-starter-data-jpa/1.5.8.RELEASE/spring-boot-starter-data-jpa-1.5.8.RELEASE.jar:/root/./workspace/jordilucas/ponto-inteligente-api/387977572/.m2/org/springframework/boot/spring-boot-starter-aop/1.5.8.RELEASE/spring-boot-starter-aop-1.5.8.RELEASE.jar:/root/./workspace/jordilucas/ponto-inteligente-api/387977572/.m2/org/aspectj/aspectjweaver/1.8.11/aspectjweaver-1.8.11.jar:/root/./workspace/jordilucas/ponto-inteligente-api/387977572/.m2/org/springframework/boot/spring-boot-starter-jdbc/1.5.8.RELEASE/spring-boot-starter-jdbc-1.5.8.RELEASE.jar:/root/./workspace/jordilucas/ponto-inteligente-api/387977572/.m2/org/apache/tomcat/tomcat-jdbc/8.5.23/tomcat-jdbc-8.5.23.jar:/root/./workspace/jordilucas/ponto-inteligente-api/387977572/.m2/org/apache/tomcat/tomcat-juli/8.5.23/tomcat-juli-8.5.23.jar:/root/./workspace/jordilucas/ponto-inteligente-api/387977572/.m2/org/springframework/spring-jdbc/4.3.12.RELEASE/spring-jdbc-4.3.12.RELEASE.jar:/root/./workspace/jordilucas/ponto-inteligente-api/387977572/.m2/org/hibernate/hibernate-core/5.0.12.Final/hibernate-core-5.0.12.Final.jar:/root/./workspace/jordilucas/ponto-inteligente-api/387977572/.m2/org/hibernate/javax/persistence/hibernate-jpa-2.1-api/1.0.0.Final/hibernate-jpa-2.1-api-1.0.0.Final.jar:/root/./workspace/jordilucas/ponto-inteligente-api/387977572/.m2/org/javassist/javassist/3.21.0-GA/javassist-3.21.0-GA.jar:/root/./workspace/jordilucas/ponto-inteligente-api/387977572/.m2/antlr/antlr/2.7.7/antlr-2.7.7.jar:/root/./workspace/jordilucas/ponto-inteligente-api/387977572/.m2/org/jboss/jandex/2.0.0.Final/jandex-2.0.0.Final.jar:/root/./workspace/jordilucas/ponto-inteligente-api/387977572/.m2/dom4j/dom4j/1.6.1/dom4j-1.6.1.jar:/root/./workspace/jordilucas/ponto-inteligente-api/387977572/.m2/org/hibernate/common/hibernate-commons-annotations/5.0.1.Final/hibernate-commons-annotations-5.0.1.Final.jar:/root/./workspace/jordilucas/ponto-inteligente-api/387977572/.m2/org/hibernate/hibernate-entitymanager/5.0.12.Final/hibernate-entitymanager-5.0.12.Final.jar:/root/./workspace/jordilucas/ponto-inteligente-api/387977572/.m2/javax/transaction/javax.transaction-api/1.2/javax.transaction-api-1.2.jar:/root/./workspace/jordilucas/ponto-inteligente-api/387977572/.m2/org/springframework/data/spring-data-jpa/1.11.8.RELEASE/spring-data-jpa-1.11.8.RELEASE.jar:/root/./workspace/jordilucas/ponto-inteligente-api/387977572/.m2/org/springframework/data/spring-data-commons/1.13.8.RELEASE/spring-data-commons-1.13.8.RELEASE.jar:/root/./workspace/jordilucas/ponto-inteligente-api/387977572/.m2/org/springframework/spring-orm/4.3.12.RELEASE/spring-orm-4.3.12.RELEASE.jar:/root/./workspace/jordilucas/ponto-inteligente-api/387977572/.m2/org/springframework/spring-tx/4.3.12.RELEASE/spring-tx-4.3.12.RELEASE.jar:/root/./workspace/jordilucas/ponto-inteligente-api/387977572/.m2/org/springframework/spring-beans/4.3.12.RELEASE/spring-beans-4.3.12.RELEASE.jar:/root/./workspace/jordilucas/ponto-inteligente-api/387977572/.m2/org/springframework/spring-aspects/4.3.12.RELEASE/spring-aspects-4.3.12.RELEASE.jar:/root/./workspace/jordilucas/ponto-inteligente-api/387977572/.m2/mysql/mysql-connector-java/5.1.44/mysql-connector-java-5.1.44.jar:/root/./workspace/jordilucas/ponto-inteligente-api/387977572/.m2/com/h2database/h2/1.4.196/h2-1.4.196.jar:/root/./workspace/jordilucas/ponto-inteligente-api/387977572/.m2/org/jboss/logging/jboss-logging/3.3.1.Final/jboss-logging-3.3.1.Final.jar:/root/./workspace/jordilucas/ponto-inteligente-api/387977572/.m2/org/springframework/boot/spring-boot-starter-security/1.5.8.RELEASE/spring-boot-starter-security-1.5.8.RELEASE.jar:/root/./workspace/jordilucas/ponto-inteligente-api/387977572/.m2/org/springframework/spring-aop/4.3.12.RELEASE/spring-aop-4.3.12.RELEASE.jar:/root/./workspace/jordilucas/ponto-inteligente-api/387977572/.m2/org/springframework/security/spring-security-config/4.2.3.RELEASE/spring-security-config-4.2.3.RELEASE.jar:/root/./workspace/jordilucas/ponto-inteligente-api/387977572/.m2/org/springframework/security/spring-security-web/4.2.3.RELEASE/spring-security-web-4.2.3.RELEASE.jar:/root/./workspace/jordilucas/ponto-inteligente-api/387977572/.m2/org/springframework/spring-expression/4.3.12.RELEASE/spring-expression-4.3.12.RELEASE.jar:/root/./workspace/jordilucas/ponto-inteligente-api/387977572/.m2/org/springframework/security/spring-security-test/4.2.3.RELEASE/spring-security-test-4.2.3.RELEASE.jar:/root/./workspace/jordilucas/ponto-inteligente-api/387977572/.m2/org/springframework/security/spring-security-core/4.2.3.RELEASE/spring-security-core-4.2.3.RELEASE.jar:/root/./workspace/jordilucas/ponto-inteligente-api/387977572/.m2/aopalliance/aopalliance/1.0/aopalliance-1.0.jar:/root/./workspace/jordilucas/ponto-inteligente-api/387977572/.m2/org/springframework/boot/spring-boot-starter-web/1.5.8.RELEASE/spring-boot-starter-web-1.5.8.RELEASE.jar:/root/./workspace/jordilucas/ponto-inteligente-api/387977572/.m2/org/springframework/boot/spring-boot-starter-tomcat/1.5.8.RELEASE/spring-boot-starter-tomcat-1.5.8.RELEASE.jar:/root/./workspace/jordilucas/ponto-inteligente-api/387977572/.m2/org/apache/tomcat/embed/tomcat-embed-core/8.5.23/tomcat-embed-core-8.5.23.jar:/root/./workspace/jordilucas/ponto-inteligente-api/387977572/.m2/org/apache/tomcat/tomcat-annotations-api/8.5.23/tomcat-annotations-api-8.5.23.jar:/root/./workspace/jordilucas/ponto-inteligente-api/387977572/.m2/org/apache/tomcat/embed/tomcat-embed-websocket/8.5.23/tomcat-embed-websocket-8.5.23.jar:/root/./workspace/jordilucas/ponto-inteligente-api/387977572/.m2/org/hibernate/hibernate-validator/5.3.5.Final/hibernate-validator-5.3.5.Final.jar:/root/./workspace/jordilucas/ponto-inteligente-api/387977572/.m2/javax/validation/validation-api/1.1.0.Final/validation-api-1.1.0.Final.jar:/root/./workspace/jordilucas/ponto-inteligente-api/387977572/.m2/com/fasterxml/classmate/1.3.4/classmate-1.3.4.jar:/root/./workspace/jordilucas/ponto-inteligente-api/387977572/.m2/com/fasterxml/jackson/core/jackson-databind/2.8.10/jackson-databind-2.8.10.jar:/root/./workspace/jordilucas/ponto-inteligente-api/387977572/.m2/com/fasterxml/jackson/core/jackson-annotations/2.8.0/jackson-annotations-2.8.0.jar:/root/./workspace/jordilucas/ponto-inteligente-api/387977572/.m2/org/springframework/spring-web/4.3.12.RELEASE/spring-web-4.3.12.RELEASE.jar:/root/./workspace/jordilucas/ponto-inteligente-api/387977572/.m2/org/springframework/spring-webmvc/4.3.12.RELEASE/spring-webmvc-4.3.12.RELEASE.jar:/root/./workspace/jordilucas/ponto-inteligente-api/387977572/.m2/org/springframework/boot/spring-boot-starter-validation/1.5.8.RELEASE/spring-boot-starter-validation-1.5.8.RELEASE.jar:/root/./workspace/jordilucas/ponto-inteligente-api/387977572/.m2/org/apache/tomcat/embed/tomcat-embed-el/8.5.23/tomcat-embed-el-8.5.23.jar:/root/./workspace/jordilucas/ponto-inteligente-api/387977572/.m2/com/fasterxml/jackson/datatype/jackson-datatype-jdk8/2.8.10/jackson-datatype-jdk8-2.8.10.jar:/root/./workspace/jordilucas/ponto-inteligente-api/387977572/.m2/com/fasterxml/jackson/core/jackson-core/2.8.10/jackson-core-2.8.10.jar:/root/./workspace/jordilucas/ponto-inteligente-api/387977572/.m2/org/apache/commons/commons-lang3/3.6/commons-lang3-3.6.jar:, java.specification.name=Java Platform API Specification, java.class.version=52.0, skip.bower=true, sun.management.compiler=HotSpot 64-Bit Tiered Compilers, maven.repo.local=/root/./workspace/jordilucas/ponto-inteligente-api/387977572/.m2, os.version=3.10.0-862.3.2.el7.x86_64, user.home=/root, user.timezone=Europe/Paris, java.awt.printerjob=sun.print.PSPrinterJob, file.encoding=UTF-8, java.specification.version=1.8, java.class.path=/root/workspace/jordilucas/ponto-inteligente-api/387977572/target/test-classes:/root/workspace/jordilucas/ponto-inteligente-api/387977572/target/classes:/root/./workspace/jordilucas/ponto-inteligente-api/387977572/.m2/org/springframework/boot/spring-boot-starter/1.5.8.RELEASE/spring-boot-starter-1.5.8.RELEASE.jar:/root/./workspace/jordilucas/ponto-inteligente-api/387977572/.m2/org/springframework/boot/spring-boot/1.5.8.RELEASE/spring-boot-1.5.8.RELEASE.jar:/root/./workspace/jordilucas/ponto-inteligente-api/387977572/.m2/org/springframework/spring-context/4.3.12.RELEASE/spring-context-4.3.12.RELEASE.jar:/root/./workspace/jordilucas/ponto-inteligente-api/387977572/.m2/org/springframework/boot/spring-boot-autoconfigure/1.5.8.RELEASE/spring-boot-autoconfigure-1.5.8.RELEASE.jar:/root/./workspace/jordilucas/ponto-inteligente-api/387977572/.m2/org/springframework/boot/spring-boot-starter-logging/1.5.8.RELEASE/spring-boot-starter-logging-1.5.8.RELEASE.jar:/root/./workspace/jordilucas/ponto-inteligente-api/387977572/.m2/ch/qos/logback/logback-classic/1.1.11/logback-classic-1.1.11.jar:/root/./workspace/jordilucas/ponto-inteligente-api/387977572/.m2/ch/qos/logback/logback-core/1.1.11/logback-core-1.1.11.jar:/root/./workspace/jordilucas/ponto-inteligente-api/387977572/.m2/org/slf4j/jcl-over-slf4j/1.7.25/jcl-over-slf4j-1.7.25.jar:/root/./workspace/jordilucas/ponto-inteligente-api/387977572/.m2/org/slf4j/jul-to-slf4j/1.7.25/jul-to-slf4j-1.7.25.jar:/root/./workspace/jordilucas/ponto-inteligente-api/387977572/.m2/org/slf4j/log4j-over-slf4j/1.7.25/log4j-over-slf4j-1.7.25.jar:/root/./workspace/jordilucas/ponto-inteligente-api/387977572/.m2/org/springframework/spring-core/4.3.12.RELEASE/spring-core-4.3.12.RELEASE.jar:/root/./workspace/jordilucas/ponto-inteligente-api/387977572/.m2/org/yaml/snakeyaml/1.17/snakeyaml-1.17.jar:/root/./workspace/jordilucas/ponto-inteligente-api/387977572/.m2/org/springframework/boot/spring-boot-devtools/1.5.8.RELEASE/spring-boot-devtools-1.5.8.RELEASE.jar:/root/./workspace/jordilucas/ponto-inteligente-api/387977572/.m2/org/springframework/boot/spring-boot-starter-test/1.5.8.RELEASE/spring-boot-starter-test-1.5.8.RELEASE.jar:/root/./workspace/jordilucas/ponto-inteligente-api/387977572/.m2/org/springframework/boot/spring-boot-test/1.5.8.RELEASE/spring-boot-test-1.5.8.RELEASE.jar:/root/./workspace/jordilucas/ponto-inteligente-api/387977572/.m2/org/springframework/boot/spring-boot-test-autoconfigure/1.5.8.RELEASE/spring-boot-test-autoconfigure-1.5.8.RELEASE.jar:/root/./workspace/jordilucas/ponto-inteligente-api/387977572/.m2/com/jayway/jsonpath/json-path/2.2.0/json-path-2.2.0.jar:/root/./workspace/jordilucas/ponto-inteligente-api/387977572/.m2/net/minidev/json-smart/2.2.1/json-smart-2.2.1.jar:/root/./workspace/jordilucas/ponto-inteligente-api/387977572/.m2/net/minidev/accessors-smart/1.1/accessors-smart-1.1.jar:/root/./workspace/jordilucas/ponto-inteligente-api/387977572/.m2/org/ow2/asm/asm/5.0.3/asm-5.0.3.jar:/root/./workspace/jordilucas/ponto-inteligente-api/387977572/.m2/org/slf4j/slf4j-api/1.7.25/slf4j-api-1.7.25.jar:/root/./workspace/jordilucas/ponto-inteligente-api/387977572/.m2/junit/junit/4.12/junit-4.12.jar:/root/./workspace/jordilucas/ponto-inteligente-api/387977572/.m2/org/assertj/assertj-core/2.6.0/assertj-core-2.6.0.jar:/root/./workspace/jordilucas/ponto-inteligente-api/387977572/.m2/org/mockito/mockito-core/1.10.19/mockito-core-1.10.19.jar:/root/./workspace/jordilucas/ponto-inteligente-api/387977572/.m2/org/objenesis/objenesis/2.1/objenesis-2.1.jar:/root/./workspace/jordilucas/ponto-inteligente-api/387977572/.m2/org/hamcrest/hamcrest-core/1.3/hamcrest-core-1.3.jar:/root/./workspace/jordilucas/ponto-inteligente-api/387977572/.m2/org/hamcrest/hamcrest-library/1.3/hamcrest-library-1.3.jar:/root/./workspace/jordilucas/ponto-inteligente-api/387977572/.m2/org/skyscreamer/jsonassert/1.4.0/jsonassert-1.4.0.jar:/root/./workspace/jordilucas/ponto-inteligente-api/387977572/.m2/com/vaadin/external/google/android-json/0.0.20131108.vaadin1/android-json-0.0.20131108.vaadin1.jar:/root/./workspace/jordilucas/ponto-inteligente-api/387977572/.m2/org/springframework/spring-test/4.3.12.RELEASE/spring-test-4.3.12.RELEASE.jar:/root/./workspace/jordilucas/ponto-inteligente-api/387977572/.m2/org/springframework/boot/spring-boot-starter-data-jpa/1.5.8.RELEASE/spring-boot-starter-data-jpa-1.5.8.RELEASE.jar:/root/./workspace/jordilucas/ponto-inteligente-api/387977572/.m2/org/springframework/boot/spring-boot-starter-aop/1.5.8.RELEASE/spring-boot-starter-aop-1.5.8.RELEASE.jar:/root/./workspace/jordilucas/ponto-inteligente-api/387977572/.m2/org/aspectj/aspectjweaver/1.8.11/aspectjweaver-1.8.11.jar:/root/./workspace/jordilucas/ponto-inteligente-api/387977572/.m2/org/springframework/boot/spring-boot-starter-jdbc/1.5.8.RELEASE/spring-boot-starter-jdbc-1.5.8.RELEASE.jar:/root/./workspace/jordilucas/ponto-inteligente-api/387977572/.m2/org/apache/tomcat/tomcat-jdbc/8.5.23/tomcat-jdbc-8.5.23.jar:/root/./workspace/jordilucas/ponto-inteligente-api/387977572/.m2/org/apache/tomcat/tomcat-juli/8.5.23/tomcat-juli-8.5.23.jar:/root/./workspace/jordilucas/ponto-inteligente-api/387977572/.m2/org/springframework/spring-jdbc/4.3.12.RELEASE/spring-jdbc-4.3.12.RELEASE.jar:/root/./workspace/jordilucas/ponto-inteligente-api/387977572/.m2/org/hibernate/hibernate-core/5.0.12.Final/hibernate-core-5.0.12.Final.jar:/root/./workspace/jordilucas/ponto-inteligente-api/387977572/.m2/org/hibernate/javax/persistence/hibernate-jpa-2.1-api/1.0.0.Final/hibernate-jpa-2.1-api-1.0.0.Final.jar:/root/./workspace/jordilucas/ponto-inteligente-api/387977572/.m2/org/javassist/javassist/3.21.0-GA/javassist-3.21.0-GA.jar:/root/./workspace/jordilucas/ponto-inteligente-api/387977572/.m2/antlr/antlr/2.7.7/antlr-2.7.7.jar:/root/./workspace/jordilucas/ponto-inteligente-api/387977572/.m2/org/jboss/jandex/2.0.0.Final/jandex-2.0.0.Final.jar:/root/./workspace/jordilucas/ponto-inteligente-api/387977572/.m2/dom4j/dom4j/1.6.1/dom4j-1.6.1.jar:/root/./workspace/jordilucas/ponto-inteligente-api/387977572/.m2/org/hibernate/common/hibernate-commons-annotations/5.0.1.Final/hibernate-commons-annotations-5.0.1.Final.jar:/root/./workspace/jordilucas/ponto-inteligente-api/387977572/.m2/org/hibernate/hibernate-entitymanager/5.0.12.Final/hibernate-entitymanager-5.0.12.Final.jar:/root/./workspace/jordilucas/ponto-inteligente-api/387977572/.m2/javax/transaction/javax.transaction-api/1.2/javax.transaction-api-1.2.jar:/root/./workspace/jordilucas/ponto-inteligente-api/387977572/.m2/org/springframework/data/spring-data-jpa/1.11.8.RELEASE/spring-data-jpa-1.11.8.RELEASE.jar:/root/./workspace/jordilucas/ponto-inteligente-api/387977572/.m2/org/springframework/data/spring-data-commons/1.13.8.RELEASE/spring-data-commons-1.13.8.RELEASE.jar:/root/./workspace/jordilucas/ponto-inteligente-api/387977572/.m2/org/springframework/spring-orm/4.3.12.RELEASE/spring-orm-4.3.12.RELEASE.jar:/root/./workspace/jordilucas/ponto-inteligente-api/387977572/.m2/org/springframework/spring-tx/4.3.12.RELEASE/spring-tx-4.3.12.RELEASE.jar:/root/./workspace/jordilucas/ponto-inteligente-api/387977572/.m2/org/springframework/spring-beans/4.3.12.RELEASE/spring-beans-4.3.12.RELEASE.jar:/root/./workspace/jordilucas/ponto-inteligente-api/387977572/.m2/org/springframework/spring-aspects/4.3.12.RELEASE/spring-aspects-4.3.12.RELEASE.jar:/root/./workspace/jordilucas/ponto-inteligente-api/387977572/.m2/mysql/mysql-connector-java/5.1.44/mysql-connector-java-5.1.44.jar:/root/./workspace/jordilucas/ponto-inteligente-api/387977572/.m2/com/h2database/h2/1.4.196/h2-1.4.196.jar:/root/./workspace/jordilucas/ponto-inteligente-api/387977572/.m2/org/jboss/logging/jboss-logging/3.3.1.Final/jboss-logging-3.3.1.Final.jar:/root/./workspace/jordilucas/ponto-inteligente-api/387977572/.m2/org/springframework/boot/spring-boot-starter-security/1.5.8.RELEASE/spring-boot-starter-security-1.5.8.RELEASE.jar:/root/./workspace/jordilucas/ponto-inteligente-api/387977572/.m2/org/springframework/spring-aop/4.3.12.RELEASE/spring-aop-4.3.12.RELEASE.jar:/root/./workspace/jordilucas/ponto-inteligente-api/387977572/.m2/org/springframework/security/spring-security-config/4.2.3.RELEASE/spring-security-config-4.2.3.RELEASE.jar:/root/./workspace/jordilucas/ponto-inteligente-api/387977572/.m2/org/springframework/security/spring-security-web/4.2.3.RELEASE/spring-security-web-4.2.3.RELEASE.jar:/root/./workspace/jordilucas/ponto-inteligente-api/387977572/.m2/org/springframework/spring-expression/4.3.12.RELEASE/spring-expression-4.3.12.RELEASE.jar:/root/./workspace/jordilucas/ponto-inteligente-api/387977572/.m2/org/springframework/security/spring-security-test/4.2.3.RELEASE/spring-security-test-4.2.3.RELEASE.jar:/root/./workspace/jordilucas/ponto-inteligente-api/387977572/.m2/org/springframework/security/spring-security-core/4.2.3.RELEASE/spring-security-core-4.2.3.RELEASE.jar:/root/./workspace/jordilucas/ponto-inteligente-api/387977572/.m2/aopalliance/aopalliance/1.0/aopalliance-1.0.jar:/root/./workspace/jordilucas/ponto-inteligente-api/387977572/.m2/org/springframework/boot/spring-boot-starter-web/1.5.8.RELEASE/spring-boot-starter-web-1.5.8.RELEASE.jar:/root/./workspace/jordilucas/ponto-inteligente-api/387977572/.m2/org/springframework/boot/spring-boot-starter-tomcat/1.5.8.RELEASE/spring-boot-starter-tomcat-1.5.8.RELEASE.jar:/root/./workspace/jordilucas/ponto-inteligente-api/387977572/.m2/org/apache/tomcat/embed/tomcat-embed-core/8.5.23/tomcat-embed-core-8.5.23.jar:/root/./workspace/jordilucas/ponto-inteligente-api/387977572/.m2/org/apache/tomcat/tomcat-annotations-api/8.5.23/tomcat-annotations-api-8.5.23.jar:/root/./workspace/jordilucas/ponto-inteligente-api/387977572/.m2/org/apache/tomcat/embed/tomcat-embed-websocket/8.5.23/tomcat-embed-websocket-8.5.23.jar:/root/./workspace/jordilucas/ponto-inteligente-api/387977572/.m2/org/hibernate/hibernate-validator/5.3.5.Final/hibernate-validator-5.3.5.Final.jar:/root/./workspace/jordilucas/ponto-inteligente-api/387977572/.m2/javax/validation/validation-api/1.1.0.Final/validation-api-1.1.0.Final.jar:/root/./workspace/jordilucas/ponto-inteligente-api/387977572/.m2/com/fasterxml/classmate/1.3.4/classmate-1.3.4.jar:/root/./workspace/jordilucas/ponto-inteligente-api/387977572/.m2/com/fasterxml/jackson/core/jackson-databind/2.8.10/jackson-databind-2.8.10.jar:/root/./workspace/jordilucas/ponto-inteligente-api/387977572/.m2/com/fasterxml/jackson/core/jackson-annotations/2.8.0/jackson-annotations-2.8.0.jar:/root/./workspace/jordilucas/ponto-inteligente-api/387977572/.m2/org/springframework/spring-web/4.3.12.RELEASE/spring-web-4.3.12.RELEASE.jar:/root/./workspace/jordilucas/ponto-inteligente-api/387977572/.m2/org/springframework/spring-webmvc/4.3.12.RELEASE/spring-webmvc-4.3.12.RELEASE.jar:/root/./workspace/jordilucas/ponto-inteligente-api/387977572/.m2/org/springframework/boot/spring-boot-starter-validation/1.5.8.RELEASE/spring-boot-starter-validation-1.5.8.RELEASE.jar:/root/./workspace/jordilucas/ponto-inteligente-api/387977572/.m2/org/apache/tomcat/embed/tomcat-embed-el/8.5.23/tomcat-embed-el-8.5.23.jar:/root/./workspace/jordilucas/ponto-inteligente-api/387977572/.m2/com/fasterxml/jackson/datatype/jackson-datatype-jdk8/2.8.10/jackson-datatype-jdk8-2.8.10.jar:/root/./workspace/jordilucas/ponto-inteligente-api/387977572/.m2/com/fasterxml/jackson/core/jackson-core/2.8.10/jackson-core-2.8.10.jar:/root/./workspace/jordilucas/ponto-inteligente-api/387977572/.m2/org/apache/commons/commons-lang3/3.6/commons-lang3-3.6.jar:, user.name=root, skipITs=true, java.vm.specification.version=1.8, sun.java.command=/root/workspace/jordilucas/ponto-inteligente-api/387977572/target/surefire/surefirebooter8553089524739200174.jar /root/workspace/jordilucas/ponto-inteligente-api/387977572/target/surefire/surefire3173184054435444890tmp /root/workspace/jordilucas/ponto-inteligente-api/387977572/target/surefire/surefire_07527372107658914535tmp, java.home=/usr/lib/jvm/java-8-openjdk-amd64/jre, sun.arch.data.model=64, user.language=en, java.specification.vendor=Oracle Corporation, dependency-check.skip=true, awt.toolkit=sun.awt.X11.XToolkit, java.vm.info=mixed mode, java.version=1.8.0_121, java.ext.dirs=/usr/lib/jvm/java-8-openjdk-amd64/jre/lib/ext:/usr/java/packages/lib/ext, sun.boot.class.path=/usr/lib/jvm/java-8-openjdk-amd64/jre/lib/resources.jar:/usr/lib/jvm/java-8-openjdk-amd64/jre/lib/rt.jar:/usr/lib/jvm/java-8-openjdk-amd64/jre/lib/sunrsasign.jar:/usr/lib/jvm/java-8-openjdk-amd64/jre/lib/jsse.jar:/usr/lib/jvm/java-8-openjdk-amd64/jre/lib/jce.jar:/usr/lib/jvm/java-8-openjdk-amd64/jre/lib/charsets.jar:/usr/lib/jvm/java-8-openjdk-amd64/jre/lib/jfr.jar:/usr/lib/jvm/java-8-openjdk-amd64/jre/classes, rat.skip=true, enforcer.skip=true, java.vendor=Oracle Corporation, localRepository=/root/./workspace/jordilucas/ponto-inteligente-api/387977572/.m2, file.separator=/, java.vendor.url.bug=http://bugreport.sun.com/bugreport/, sun.io.unicode.encoding=UnicodeLittle, sun.cpu.endian=little, sun.cpu.isalist=}}, SystemEnvironmentPropertySource@188576144 {name='systemEnvironment', properties={PATH=/usr/local/sbin:/usr/local/bin:/usr/sbin:/usr/bin:/sbin:/bin, JAVA_HOME=/usr/lib/jvm/java-8-openjdk-amd64, NOTIFY_TO=, CA_CERTIFICATES_JAVA_VERSION=20161107~bpo8+1, MONGODB_HOST=, BUILD_ID=, LANG=C.UTF-8, MAVEN_HOME=/usr/share/maven, SMTP_SERVER=, MONGODB_NAME=, REPAIR_MODE=repair, PWD=/root/workspace/jordilucas/ponto-inteligente-api/387977572, JAVA_VERSION=8u121, GITHUB_OAUTH=, MAVEN_CMD_LINE_ARGS=/root/.m2 -B -D enforcer.skip=true -D dependency-check.skip=true -D skipITs=true -D cobertura.skip=true -D maven.repo.local=/root/./workspace/jordilucas/ponto-inteligente-api/387977572/.m2 -D rat.skip=true -D findbugs.skip=true -D skip.bower=true -D gpg.skip=true -D checkstyle.skip=true -D skip.gulp=true -D license.skip=true -D skip.npm=true test, _=/usr/bin/java, OUTPUT=, MAVEN_TERMINATE_CMD=on, MAVEN_CONFIG=/root/.m2, MAVEN_PROJECTBASEDIR=/root/workspace/jordilucas/ponto-inteligente-api/387977572, OLDPWD=/root/workspace/jordilucas/ponto-inteligente-api/387977572, LOG_FILENAME=repairnator-pipeline_2018-06-04_2231_387977572_5a77b685-d098-401d-b168-01e076b51223, RUN_ID=, HOSTNAME=cyclone1, JAVA_DEBIAN_VERSION=8u121-b13-1~bpo8+1, M2_HOME=/usr/share/maven, REPAIR_TOOLS=AssertFixer, HOME=/root, SHLVL=1, PUSH_URL=}}]
22:32:15.036 [main] DEBUG org.springframework.core.io.support.PathMatchingResourcePatternResolver - Resolved classpath location [br/com/jordilucas/pontointeligente/api/services/] to resources [URL [file:/root/workspace/jordilucas/ponto-inteligente-api/387977572/target/test-classes/br/com/jordilucas/pontointeligente/api/services/], URL [file:/root/workspace/jordilucas/ponto-inteligente-api/387977572/target/classes/br/com/jordilucas/pontointeligente/api/services/]]
22:32:15.037 [main] DEBUG org.springframework.core.io.support.PathMatchingResourcePatternResolver - Looking for matching resources in directory tree [/root/workspace/jordilucas/ponto-inteligente-api/387977572/target/test-classes/br/com/jordilucas/pontointeligente/api/services]
22:32:15.037 [main] DEBUG org.springframework.core.io.support.PathMatchingResourcePatternResolver - Searching directory [/root/workspace/jordilucas/ponto-inteligente-api/387977572/target/test-classes/br/com/jordilucas/pontointeligente/api/services] for files matching pattern [/root/workspace/jordilucas/ponto-inteligente-api/387977572/target/test-classes/br/com/jordilucas/pontointeligente/api/services/*.class]
22:32:15.043 [main] DEBUG org.springframework.core.io.support.PathMatchingResourcePatternResolver - Looking for matching resources in directory tree [/root/workspace/jordilucas/ponto-inteligente-api/387977572/target/classes/br/com/jordilucas/pontointeligente/api/services]
22:32:15.043 [main] DEBUG org.springframework.core.io.support.PathMatchingResourcePatternResolver - Searching directory [/root/workspace/jordilucas/ponto-inteligente-api/387977572/target/classes/br/com/jordilucas/pontointeligente/api/services] for files matching pattern [/root/workspace/jordilucas/ponto-inteligente-api/387977572/target/classes/br/com/jordilucas/pontointeligente/api/services/*.class]
22:32:15.045 [main] DEBUG org.springframework.core.io.support.PathMatchingResourcePatternResolver - Resolved location pattern [classpath*:br/com/jordilucas/pontointeligente/api/services/*.class] to resources [file [/root/workspace/jordilucas/ponto-inteligente-api/387977572/target/test-classes/br/com/jordilucas/pontointeligente/api/services/EmpresaServiceTest.class], file [/root/workspace/jordilucas/ponto-inteligente-api/387977572/target/test-classes/br/com/jordilucas/pontointeligente/api/services/FuncionarioServiceTest.class], file [/root/workspace/jordilucas/ponto-inteligente-api/387977572/target/test-classes/br/com/jordilucas/pontointeligente/api/services/LancamentoServiceTest.class], file [/root/workspace/jordilucas/ponto-inteligente-api/387977572/target/classes/br/com/jordilucas/pontointeligente/api/services/EmpresaService.class], file [/root/workspace/jordilucas/ponto-inteligente-api/387977572/target/classes/br/com/jordilucas/pontointeligente/api/services/FuncionarioService.class], file [/root/workspace/jordilucas/ponto-inteligente-api/387977572/target/classes/br/com/jordilucas/pontointeligente/api/services/LancamentoService.class]]
22:32:15.077 [main] DEBUG org.springframework.core.io.support.PathMatchingResourcePatternResolver - Resolved classpath location [br/com/jordilucas/pontointeligente/api/] to resources [URL [file:/root/workspace/jordilucas/ponto-inteligente-api/387977572/target/test-classes/br/com/jordilucas/pontointeligente/api/], URL [file:/root/workspace/jordilucas/ponto-inteligente-api/387977572/target/classes/br/com/jordilucas/pontointeligente/api/]]
22:32:15.077 [main] DEBUG org.springframework.core.io.support.PathMatchingResourcePatternResolver - Looking for matching resources in directory tree [/root/workspace/jordilucas/ponto-inteligente-api/387977572/target/test-classes/br/com/jordilucas/pontointeligente/api]
22:32:15.078 [main] DEBUG org.springframework.core.io.support.PathMatchingResourcePatternResolver - Searching directory [/root/workspace/jordilucas/ponto-inteligente-api/387977572/target/test-classes/br/com/jordilucas/pontointeligente/api] for files matching pattern [/root/workspace/jordilucas/ponto-inteligente-api/387977572/target/test-classes/br/com/jordilucas/pontointeligente/api/*.class]
22:32:15.080 [main] DEBUG org.springframework.core.io.support.PathMatchingResourcePatternResolver - Looking for matching resources in directory tree [/root/workspace/jordilucas/ponto-inteligente-api/387977572/target/classes/br/com/jordilucas/pontointeligente/api]
22:32:15.080 [main] DEBUG org.springframework.core.io.support.PathMatchingResourcePatternResolver - Searching directory [/root/workspace/jordilucas/ponto-inteligente-api/387977572/target/classes/br/com/jordilucas/pontointeligente/api] for files matching pattern [/root/workspace/jordilucas/ponto-inteligente-api/387977572/target/classes/br/com/jordilucas/pontointeligente/api/*.class]
22:32:15.084 [main] DEBUG org.springframework.core.io.support.PathMatchingResourcePatternResolver - Resolved location pattern [classpath*:br/com/jordilucas/pontointeligente/api/*.class] to resources [file [/root/workspace/jordilucas/ponto-inteligente-api/387977572/target/test-classes/br/com/jordilucas/pontointeligente/api/PontoInteligenteApplicationTests.class], file [/root/workspace/jordilucas/ponto-inteligente-api/387977572/target/classes/br/com/jordilucas/pontointeligente/api/PontoInteligenteApplication.class]]
22:32:15.137 [main] DEBUG org.springframework.context.annotation.ClassPathScanningCandidateComponentProvider - Identified candidate component class: file [/root/workspace/jordilucas/ponto-inteligente-api/387977572/target/classes/br/com/jordilucas/pontointeligente/api/PontoInteligenteApplication.class]
22:32:15.140 [main] INFO org.springframework.boot.test.context.SpringBootTestContextBootstrapper - Found @SpringBootConfiguration br.com.jordilucas.pontointeligente.api.PontoInteligenteApplication for test class br.com.jordilucas.pontointeligente.api.services.FuncionarioServiceTest
22:32:15.148 [main] DEBUG org.springframework.boot.test.context.SpringBootTestContextBootstrapper - @TestExecutionListeners is not present for class [br.com.jordilucas.pontointeligente.api.services.FuncionarioServiceTest]: using defaults.
22:32:15.155 [main] INFO org.springframework.boot.test.context.SpringBootTestContextBootstrapper - Loaded default TestExecutionListener class names from location [META-INF/spring.factories]: [org.springframework.boot.test.mock.mockito.MockitoTestExecutionListener, org.springframework.boot.test.mock.mockito.ResetMocksTestExecutionListener, org.springframework.boot.test.autoconfigure.restdocs.RestDocsTestExecutionListener, org.springframework.boot.test.autoconfigure.web.client.MockRestServiceServerResetTestExecutionListener, org.springframework.boot.test.autoconfigure.web.servlet.MockMvcPrintOnlyOnFailureTestExecutionListener, org.springframework.boot.test.autoconfigure.web.servlet.WebDriverTestExecutionListener, org.springframework.test.context.web.ServletTestExecutionListener, org.springframework.test.context.support.DirtiesContextBeforeModesTestExecutionListener, org.springframework.test.context.support.DependencyInjectionTestExecutionListener, org.springframework.test.context.support.DirtiesContextTestExecutionListener, org.springframework.test.context.transaction.TransactionalTestExecutionListener, org.springframework.test.context.jdbc.SqlScriptsTestExecutionListener, org.springframework.security.test.context.support.WithSecurityContextTestExecutionListener]
22:32:15.191 [main] INFO org.springframework.boot.test.context.SpringBootTestContextBootstrapper - Using TestExecutionListeners: [org.springframework.test.context.web.ServletTestExecutionListener@501edcf1, org.springframework.test.context.support.DirtiesContextBeforeModesTestExecutionListener@78b729e6, org.springframework.boot.test.autoconfigure.SpringBootDependencyInjectionTestExecutionListener@6b4a4e18, org.springframework.test.context.support.DirtiesContextTestExecutionListener@27c86f2d, org.springframework.test.context.transaction.TransactionalTestExecutionListener@197d671, org.springframework.test.context.jdbc.SqlScriptsTestExecutionListener@402e37bc, org.springframework.security.test.context.support.WithSecurityContextTestExecutionListener@79ad8b2f, org.springframework.boot.test.autoconfigure.restdocs.RestDocsTestExecutionListener@1df82230, org.springframework.boot.test.autoconfigure.web.client.MockRestServiceServerResetTestExecutionListener@22635ba0, org.springframework.boot.test.mock.mockito.ResetMocksTestExecutionListener@13c10b87, org.springframework.boot.test.autoconfigure.web.servlet.WebDriverTestExecutionListener@6a01e23, org.springframework.boot.test.mock.mockito.MockitoTestExecutionListener@5a955565, org.springframework.boot.test.autoconfigure.web.servlet.MockMvcPrintOnlyOnFailureTestExecutionListener@6293abcc]
22:32:15.193 [main] DEBUG org.springframework.test.context.junit4.SpringJUnit4ClassRunner - SpringJUnit4ClassRunner constructor called with [class br.com.jordilucas.pontointeligente.api.services.EmpresaServiceTest]
22:32:15.194 [main] DEBUG org.springframework.test.context.BootstrapUtils - Instantiating CacheAwareContextLoaderDelegate from class [org.springframework.test.context.cache.DefaultCacheAwareContextLoaderDelegate]
22:32:15.194 [main] DEBUG org.springframework.test.context.BootstrapUtils - Instantiating BootstrapContext using constructor [public org.springframework.test.context.support.DefaultBootstrapContext(java.lang.Class,org.springframework.test.context.CacheAwareContextLoaderDelegate)]
22:32:15.195 [main] DEBUG org.springframework.test.context.BootstrapUtils - Instantiating TestContextBootstrapper for test class [br.com.jordilucas.pontointeligente.api.services.EmpresaServiceTest] from class [org.springframework.boot.test.context.SpringBootTestContextBootstrapper]
22:32:15.196 [main] INFO org.springframework.boot.test.context.SpringBootTestContextBootstrapper - Neither @ContextConfiguration nor @ContextHierarchy found for test class [br.com.jordilucas.pontointeligente.api.services.EmpresaServiceTest], using SpringBootContextLoader
22:32:15.197 [main] DEBUG org.springframework.test.context.support.AbstractContextLoader - Did not detect default resource location for test class [br.com.jordilucas.pontointeligente.api.services.EmpresaServiceTest]: class path resource [br/com/jordilucas/pontointeligente/api/services/EmpresaServiceTest-context.xml] does not exist
22:32:15.198 [main] DEBUG org.springframework.test.context.support.AbstractContextLoader - Did not detect default resource location for test class [br.com.jordilucas.pontointeligente.api.services.EmpresaServiceTest]: class path resource [br/com/jordilucas/pontointeligente/api/services/EmpresaServiceTestContext.groovy] does not exist
22:32:15.198 [main] INFO org.springframework.test.context.support.AbstractContextLoader - Could not detect default resource locations for test class [br.com.jordilucas.pontointeligente.api.services.EmpresaServiceTest]: no resource found for suffixes {-context.xml, Context.groovy}.
22:32:15.198 [main] INFO org.springframework.test.context.support.AnnotationConfigContextLoaderUtils - Could not detect default configuration classes for test class [br.com.jordilucas.pontointeligente.api.services.EmpresaServiceTest]: EmpresaServiceTest does not declare any static, non-private, non-final, nested classes annotated with @Configuration.
22:32:15.210 [main] DEBUG org.springframework.core.env.StandardEnvironment - Adding PropertySource 'systemProperties' with lowest search precedence
22:32:15.210 [main] DEBUG org.springframework.core.env.StandardEnvironment - Adding PropertySource 'systemEnvironment' with lowest search precedence
22:32:15.211 [main] DEBUG org.springframework.core.env.StandardEnvironment - Initialized StandardEnvironment with PropertySources [MapPropertySource@384294141 {name='systemProperties', properties={java.runtime.name=OpenJDK Runtime Environment, sun.boot.library.path=/usr/lib/jvm/java-8-openjdk-amd64/jre/lib/amd64, java.vm.version=25.121-b13, java.vm.vendor=Oracle Corporation, java.vendor.url=http://java.oracle.com/, skip.gulp=true, path.separator=:, java.vm.name=OpenJDK 64-Bit Server VM, file.encoding.pkg=sun.io, findbugs.skip=true, sun.java.launcher=SUN_STANDARD, sun.os.patch.level=unknown, java.vm.specification.name=Java Virtual Machine Specification, user.dir=/root/workspace/jordilucas/ponto-inteligente-api/387977572, checkstyle.skip=true, java.runtime.version=1.8.0_121-8u121-b13-1~bpo8+1-b13, skip.npm=true, basedir=/root/workspace/jordilucas/ponto-inteligente-api/387977572, java.awt.graphicsenv=sun.awt.X11GraphicsEnvironment, java.endorsed.dirs=/usr/lib/jvm/java-8-openjdk-amd64/jre/lib/endorsed, os.arch=amd64, surefire.real.class.path=/root/workspace/jordilucas/ponto-inteligente-api/387977572/target/surefire/surefirebooter8553089524739200174.jar, gpg.skip=true, java.io.tmpdir=/tmp, line.separator=
, cobertura.skip=true, java.vm.specification.vendor=Oracle Corporation, os.name=Linux, sun.jnu.encoding=UTF-8, license.skip=true, java.library.path=/usr/java/packages/lib/amd64:/usr/lib/x86_64-linux-gnu/jni:/lib/x86_64-linux-gnu:/usr/lib/x86_64-linux-gnu:/usr/lib/jni:/lib:/usr/lib, surefire.test.class.path=/root/workspace/jordilucas/ponto-inteligente-api/387977572/target/test-classes:/root/workspace/jordilucas/ponto-inteligente-api/387977572/target/classes:/root/./workspace/jordilucas/ponto-inteligente-api/387977572/.m2/org/springframework/boot/spring-boot-starter/1.5.8.RELEASE/spring-boot-starter-1.5.8.RELEASE.jar:/root/./workspace/jordilucas/ponto-inteligente-api/387977572/.m2/org/springframework/boot/spring-boot/1.5.8.RELEASE/spring-boot-1.5.8.RELEASE.jar:/root/./workspace/jordilucas/ponto-inteligente-api/387977572/.m2/org/springframework/spring-context/4.3.12.RELEASE/spring-context-4.3.12.RELEASE.jar:/root/./workspace/jordilucas/ponto-inteligente-api/387977572/.m2/org/springframework/boot/spring-boot-autoconfigure/1.5.8.RELEASE/spring-boot-autoconfigure-1.5.8.RELEASE.jar:/root/./workspace/jordilucas/ponto-inteligente-api/387977572/.m2/org/springframework/boot/spring-boot-starter-logging/1.5.8.RELEASE/spring-boot-starter-logging-1.5.8.RELEASE.jar:/root/./workspace/jordilucas/ponto-inteligente-api/387977572/.m2/ch/qos/logback/logback-classic/1.1.11/logback-classic-1.1.11.jar:/root/./workspace/jordilucas/ponto-inteligente-api/387977572/.m2/ch/qos/logback/logback-core/1.1.11/logback-core-1.1.11.jar:/root/./workspace/jordilucas/ponto-inteligente-api/387977572/.m2/org/slf4j/jcl-over-slf4j/1.7.25/jcl-over-slf4j-1.7.25.jar:/root/./workspace/jordilucas/ponto-inteligente-api/387977572/.m2/org/slf4j/jul-to-slf4j/1.7.25/jul-to-slf4j-1.7.25.jar:/root/./workspace/jordilucas/ponto-inteligente-api/387977572/.m2/org/slf4j/log4j-over-slf4j/1.7.25/log4j-over-slf4j-1.7.25.jar:/root/./workspace/jordilucas/ponto-inteligente-api/387977572/.m2/org/springframework/spring-core/4.3.12.RELEASE/spring-core-4.3.12.RELEASE.jar:/root/./workspace/jordilucas/ponto-inteligente-api/387977572/.m2/org/yaml/snakeyaml/1.17/snakeyaml-1.17.jar:/root/./workspace/jordilucas/ponto-inteligente-api/387977572/.m2/org/springframework/boot/spring-boot-devtools/1.5.8.RELEASE/spring-boot-devtools-1.5.8.RELEASE.jar:/root/./workspace/jordilucas/ponto-inteligente-api/387977572/.m2/org/springframework/boot/spring-boot-starter-test/1.5.8.RELEASE/spring-boot-starter-test-1.5.8.RELEASE.jar:/root/./workspace/jordilucas/ponto-inteligente-api/387977572/.m2/org/springframework/boot/spring-boot-test/1.5.8.RELEASE/spring-boot-test-1.5.8.RELEASE.jar:/root/./workspace/jordilucas/ponto-inteligente-api/387977572/.m2/org/springframework/boot/spring-boot-test-autoconfigure/1.5.8.RELEASE/spring-boot-test-autoconfigure-1.5.8.RELEASE.jar:/root/./workspace/jordilucas/ponto-inteligente-api/387977572/.m2/com/jayway/jsonpath/json-path/2.2.0/json-path-2.2.0.jar:/root/./workspace/jordilucas/ponto-inteligente-api/387977572/.m2/net/minidev/json-smart/2.2.1/json-smart-2.2.1.jar:/root/./workspace/jordilucas/ponto-inteligente-api/387977572/.m2/net/minidev/accessors-smart/1.1/accessors-smart-1.1.jar:/root/./workspace/jordilucas/ponto-inteligente-api/387977572/.m2/org/ow2/asm/asm/5.0.3/asm-5.0.3.jar:/root/./workspace/jordilucas/ponto-inteligente-api/387977572/.m2/org/slf4j/slf4j-api/1.7.25/slf4j-api-1.7.25.jar:/root/./workspace/jordilucas/ponto-inteligente-api/387977572/.m2/junit/junit/4.12/junit-4.12.jar:/root/./workspace/jordilucas/ponto-inteligente-api/387977572/.m2/org/assertj/assertj-core/2.6.0/assertj-core-2.6.0.jar:/root/./workspace/jordilucas/ponto-inteligente-api/387977572/.m2/org/mockito/mockito-core/1.10.19/mockito-core-1.10.19.jar:/root/./workspace/jordilucas/ponto-inteligente-api/387977572/.m2/org/objenesis/objenesis/2.1/objenesis-2.1.jar:/root/./workspace/jordilucas/ponto-inteligente-api/387977572/.m2/org/hamcrest/hamcrest-core/1.3/hamcrest-core-1.3.jar:/root/./workspace/jordilucas/ponto-inteligente-api/387977572/.m2/org/hamcrest/hamcrest-library/1.3/hamcrest-library-1.3.jar:/root/./workspace/jordilucas/ponto-inteligente-api/387977572/.m2/org/skyscreamer/jsonassert/1.4.0/jsonassert-1.4.0.jar:/root/./workspace/jordilucas/ponto-inteligente-api/387977572/.m2/com/vaadin/external/google/android-json/0.0.20131108.vaadin1/android-json-0.0.20131108.vaadin1.jar:/root/./workspace/jordilucas/ponto-inteligente-api/387977572/.m2/org/springframework/spring-test/4.3.12.RELEASE/spring-test-4.3.12.RELEASE.jar:/root/./workspace/jordilucas/ponto-inteligente-api/387977572/.m2/org/springframework/boot/spring-boot-starter-data-jpa/1.5.8.RELEASE/spring-boot-starter-data-jpa-1.5.8.RELEASE.jar:/root/./workspace/jordilucas/ponto-inteligente-api/387977572/.m2/org/springframework/boot/spring-boot-starter-aop/1.5.8.RELEASE/spring-boot-starter-aop-1.5.8.RELEASE.jar:/root/./workspace/jordilucas/ponto-inteligente-api/387977572/.m2/org/aspectj/aspectjweaver/1.8.11/aspectjweaver-1.8.11.jar:/root/./workspace/jordilucas/ponto-inteligente-api/387977572/.m2/org/springframework/boot/spring-boot-starter-jdbc/1.5.8.RELEASE/spring-boot-starter-jdbc-1.5.8.RELEASE.jar:/root/./workspace/jordilucas/ponto-inteligente-api/387977572/.m2/org/apache/tomcat/tomcat-jdbc/8.5.23/tomcat-jdbc-8.5.23.jar:/root/./workspace/jordilucas/ponto-inteligente-api/387977572/.m2/org/apache/tomcat/tomcat-juli/8.5.23/tomcat-juli-8.5.23.jar:/root/./workspace/jordilucas/ponto-inteligente-api/387977572/.m2/org/springframework/spring-jdbc/4.3.12.RELEASE/spring-jdbc-4.3.12.RELEASE.jar:/root/./workspace/jordilucas/ponto-inteligente-api/387977572/.m2/org/hibernate/hibernate-core/5.0.12.Final/hibernate-core-5.0.12.Final.jar:/root/./workspace/jordilucas/ponto-inteligente-api/387977572/.m2/org/hibernate/javax/persistence/hibernate-jpa-2.1-api/1.0.0.Final/hibernate-jpa-2.1-api-1.0.0.Final.jar:/root/./workspace/jordilucas/ponto-inteligente-api/387977572/.m2/org/javassist/javassist/3.21.0-GA/javassist-3.21.0-GA.jar:/root/./workspace/jordilucas/ponto-inteligente-api/387977572/.m2/antlr/antlr/2.7.7/antlr-2.7.7.jar:/root/./workspace/jordilucas/ponto-inteligente-api/387977572/.m2/org/jboss/jandex/2.0.0.Final/jandex-2.0.0.Final.jar:/root/./workspace/jordilucas/ponto-inteligente-api/387977572/.m2/dom4j/dom4j/1.6.1/dom4j-1.6.1.jar:/root/./workspace/jordilucas/ponto-inteligente-api/387977572/.m2/org/hibernate/common/hibernate-commons-annotations/5.0.1.Final/hibernate-commons-annotations-5.0.1.Final.jar:/root/./workspace/jordilucas/ponto-inteligente-api/387977572/.m2/org/hibernate/hibernate-entitymanager/5.0.12.Final/hibernate-entitymanager-5.0.12.Final.jar:/root/./workspace/jordilucas/ponto-inteligente-api/387977572/.m2/javax/transaction/javax.transaction-api/1.2/javax.transaction-api-1.2.jar:/root/./workspace/jordilucas/ponto-inteligente-api/387977572/.m2/org/springframework/data/spring-data-jpa/1.11.8.RELEASE/spring-data-jpa-1.11.8.RELEASE.jar:/root/./workspace/jordilucas/ponto-inteligente-api/387977572/.m2/org/springframework/data/spring-data-commons/1.13.8.RELEASE/spring-data-commons-1.13.8.RELEASE.jar:/root/./workspace/jordilucas/ponto-inteligente-api/387977572/.m2/org/springframework/spring-orm/4.3.12.RELEASE/spring-orm-4.3.12.RELEASE.jar:/root/./workspace/jordilucas/ponto-inteligente-api/387977572/.m2/org/springframework/spring-tx/4.3.12.RELEASE/spring-tx-4.3.12.RELEASE.jar:/root/./workspace/jordilucas/ponto-inteligente-api/387977572/.m2/org/springframework/spring-beans/4.3.12.RELEASE/spring-beans-4.3.12.RELEASE.jar:/root/./workspace/jordilucas/ponto-inteligente-api/387977572/.m2/org/springframework/spring-aspects/4.3.12.RELEASE/spring-aspects-4.3.12.RELEASE.jar:/root/./workspace/jordilucas/ponto-inteligente-api/387977572/.m2/mysql/mysql-connector-java/5.1.44/mysql-connector-java-5.1.44.jar:/root/./workspace/jordilucas/ponto-inteligente-api/387977572/.m2/com/h2database/h2/1.4.196/h2-1.4.196.jar:/root/./workspace/jordilucas/ponto-inteligente-api/387977572/.m2/org/jboss/logging/jboss-logging/3.3.1.Final/jboss-logging-3.3.1.Final.jar:/root/./workspace/jordilucas/ponto-inteligente-api/387977572/.m2/org/springframework/boot/spring-boot-starter-security/1.5.8.RELEASE/spring-boot-starter-security-1.5.8.RELEASE.jar:/root/./workspace/jordilucas/ponto-inteligente-api/387977572/.m2/org/springframework/spring-aop/4.3.12.RELEASE/spring-aop-4.3.12.RELEASE.jar:/root/./workspace/jordilucas/ponto-inteligente-api/387977572/.m2/org/springframework/security/spring-security-config/4.2.3.RELEASE/spring-security-config-4.2.3.RELEASE.jar:/root/./workspace/jordilucas/ponto-inteligente-api/387977572/.m2/org/springframework/security/spring-security-web/4.2.3.RELEASE/spring-security-web-4.2.3.RELEASE.jar:/root/./workspace/jordilucas/ponto-inteligente-api/387977572/.m2/org/springframework/spring-expression/4.3.12.RELEASE/spring-expression-4.3.12.RELEASE.jar:/root/./workspace/jordilucas/ponto-inteligente-api/387977572/.m2/org/springframework/security/spring-security-test/4.2.3.RELEASE/spring-security-test-4.2.3.RELEASE.jar:/root/./workspace/jordilucas/ponto-inteligente-api/387977572/.m2/org/springframework/security/spring-security-core/4.2.3.RELEASE/spring-security-core-4.2.3.RELEASE.jar:/root/./workspace/jordilucas/ponto-inteligente-api/387977572/.m2/aopalliance/aopalliance/1.0/aopalliance-1.0.jar:/root/./workspace/jordilucas/ponto-inteligente-api/387977572/.m2/org/springframework/boot/spring-boot-starter-web/1.5.8.RELEASE/spring-boot-starter-web-1.5.8.RELEASE.jar:/root/./workspace/jordilucas/ponto-inteligente-api/387977572/.m2/org/springframework/boot/spring-boot-starter-tomcat/1.5.8.RELEASE/spring-boot-starter-tomcat-1.5.8.RELEASE.jar:/root/./workspace/jordilucas/ponto-inteligente-api/387977572/.m2/org/apache/tomcat/embed/tomcat-embed-core/8.5.23/tomcat-embed-core-8.5.23.jar:/root/./workspace/jordilucas/ponto-inteligente-api/387977572/.m2/org/apache/tomcat/tomcat-annotations-api/8.5.23/tomcat-annotations-api-8.5.23.jar:/root/./workspace/jordilucas/ponto-inteligente-api/387977572/.m2/org/apache/tomcat/embed/tomcat-embed-websocket/8.5.23/tomcat-embed-websocket-8.5.23.jar:/root/./workspace/jordilucas/ponto-inteligente-api/387977572/.m2/org/hibernate/hibernate-validator/5.3.5.Final/hibernate-validator-5.3.5.Final.jar:/root/./workspace/jordilucas/ponto-inteligente-api/387977572/.m2/javax/validation/validation-api/1.1.0.Final/validation-api-1.1.0.Final.jar:/root/./workspace/jordilucas/ponto-inteligente-api/387977572/.m2/com/fasterxml/classmate/1.3.4/classmate-1.3.4.jar:/root/./workspace/jordilucas/ponto-inteligente-api/387977572/.m2/com/fasterxml/jackson/core/jackson-databind/2.8.10/jackson-databind-2.8.10.jar:/root/./workspace/jordilucas/ponto-inteligente-api/387977572/.m2/com/fasterxml/jackson/core/jackson-annotations/2.8.0/jackson-annotations-2.8.0.jar:/root/./workspace/jordilucas/ponto-inteligente-api/387977572/.m2/org/springframework/spring-web/4.3.12.RELEASE/spring-web-4.3.12.RELEASE.jar:/root/./workspace/jordilucas/ponto-inteligente-api/387977572/.m2/org/springframework/spring-webmvc/4.3.12.RELEASE/spring-webmvc-4.3.12.RELEASE.jar:/root/./workspace/jordilucas/ponto-inteligente-api/387977572/.m2/org/springframework/boot/spring-boot-starter-validation/1.5.8.RELEASE/spring-boot-starter-validation-1.5.8.RELEASE.jar:/root/./workspace/jordilucas/ponto-inteligente-api/387977572/.m2/org/apache/tomcat/embed/tomcat-embed-el/8.5.23/tomcat-embed-el-8.5.23.jar:/root/./workspace/jordilucas/ponto-inteligente-api/387977572/.m2/com/fasterxml/jackson/datatype/jackson-datatype-jdk8/2.8.10/jackson-datatype-jdk8-2.8.10.jar:/root/./workspace/jordilucas/ponto-inteligente-api/387977572/.m2/com/fasterxml/jackson/core/jackson-core/2.8.10/jackson-core-2.8.10.jar:/root/./workspace/jordilucas/ponto-inteligente-api/387977572/.m2/org/apache/commons/commons-lang3/3.6/commons-lang3-3.6.jar:, java.specification.name=Java Platform API Specification, java.class.version=52.0, skip.bower=true, sun.management.compiler=HotSpot 64-Bit Tiered Compilers, maven.repo.local=/root/./workspace/jordilucas/ponto-inteligente-api/387977572/.m2, os.version=3.10.0-862.3.2.el7.x86_64, user.home=/root, user.timezone=Europe/Paris, java.awt.printerjob=sun.print.PSPrinterJob, file.encoding=UTF-8, java.specification.version=1.8, java.class.path=/root/workspace/jordilucas/ponto-inteligente-api/387977572/target/test-classes:/root/workspace/jordilucas/ponto-inteligente-api/387977572/target/classes:/root/./workspace/jordilucas/ponto-inteligente-api/387977572/.m2/org/springframework/boot/spring-boot-starter/1.5.8.RELEASE/spring-boot-starter-1.5.8.RELEASE.jar:/root/./workspace/jordilucas/ponto-inteligente-api/387977572/.m2/org/springframework/boot/spring-boot/1.5.8.RELEASE/spring-boot-1.5.8.RELEASE.jar:/root/./workspace/jordilucas/ponto-inteligente-api/387977572/.m2/org/springframework/spring-context/4.3.12.RELEASE/spring-context-4.3.12.RELEASE.jar:/root/./workspace/jordilucas/ponto-inteligente-api/387977572/.m2/org/springframework/boot/spring-boot-autoconfigure/1.5.8.RELEASE/spring-boot-autoconfigure-1.5.8.RELEASE.jar:/root/./workspace/jordilucas/ponto-inteligente-api/387977572/.m2/org/springframework/boot/spring-boot-starter-logging/1.5.8.RELEASE/spring-boot-starter-logging-1.5.8.RELEASE.jar:/root/./workspace/jordilucas/ponto-inteligente-api/387977572/.m2/ch/qos/logback/logback-classic/1.1.11/logback-classic-1.1.11.jar:/root/./workspace/jordilucas/ponto-inteligente-api/387977572/.m2/ch/qos/logback/logback-core/1.1.11/logback-core-1.1.11.jar:/root/./workspace/jordilucas/ponto-inteligente-api/387977572/.m2/org/slf4j/jcl-over-slf4j/1.7.25/jcl-over-slf4j-1.7.25.jar:/root/./workspace/jordilucas/ponto-inteligente-api/387977572/.m2/org/slf4j/jul-to-slf4j/1.7.25/jul-to-slf4j-1.7.25.jar:/root/./workspace/jordilucas/ponto-inteligente-api/387977572/.m2/org/slf4j/log4j-over-slf4j/1.7.25/log4j-over-slf4j-1.7.25.jar:/root/./workspace/jordilucas/ponto-inteligente-api/387977572/.m2/org/springframework/spring-core/4.3.12.RELEASE/spring-core-4.3.12.RELEASE.jar:/root/./workspace/jordilucas/ponto-inteligente-api/387977572/.m2/org/yaml/snakeyaml/1.17/snakeyaml-1.17.jar:/root/./workspace/jordilucas/ponto-inteligente-api/387977572/.m2/org/springframework/boot/spring-boot-devtools/1.5.8.RELEASE/spring-boot-devtools-1.5.8.RELEASE.jar:/root/./workspace/jordilucas/ponto-inteligente-api/387977572/.m2/org/springframework/boot/spring-boot-starter-test/1.5.8.RELEASE/spring-boot-starter-test-1.5.8.RELEASE.jar:/root/./workspace/jordilucas/ponto-inteligente-api/387977572/.m2/org/springframework/boot/spring-boot-test/1.5.8.RELEASE/spring-boot-test-1.5.8.RELEASE.jar:/root/./workspace/jordilucas/ponto-inteligente-api/387977572/.m2/org/springframework/boot/spring-boot-test-autoconfigure/1.5.8.RELEASE/spring-boot-test-autoconfigure-1.5.8.RELEASE.jar:/root/./workspace/jordilucas/ponto-inteligente-api/387977572/.m2/com/jayway/jsonpath/json-path/2.2.0/json-path-2.2.0.jar:/root/./workspace/jordilucas/ponto-inteligente-api/387977572/.m2/net/minidev/json-smart/2.2.1/json-smart-2.2.1.jar:/root/./workspace/jordilucas/ponto-inteligente-api/387977572/.m2/net/minidev/accessors-smart/1.1/accessors-smart-1.1.jar:/root/./workspace/jordilucas/ponto-inteligente-api/387977572/.m2/org/ow2/asm/asm/5.0.3/asm-5.0.3.jar:/root/./workspace/jordilucas/ponto-inteligente-api/387977572/.m2/org/slf4j/slf4j-api/1.7.25/slf4j-api-1.7.25.jar:/root/./workspace/jordilucas/ponto-inteligente-api/387977572/.m2/junit/junit/4.12/junit-4.12.jar:/root/./workspace/jordilucas/ponto-inteligente-api/387977572/.m2/org/assertj/assertj-core/2.6.0/assertj-core-2.6.0.jar:/root/./workspace/jordilucas/ponto-inteligente-api/387977572/.m2/org/mockito/mockito-core/1.10.19/mockito-core-1.10.19.jar:/root/./workspace/jordilucas/ponto-inteligente-api/387977572/.m2/org/objenesis/objenesis/2.1/objenesis-2.1.jar:/root/./workspace/jordilucas/ponto-inteligente-api/387977572/.m2/org/hamcrest/hamcrest-core/1.3/hamcrest-core-1.3.jar:/root/./workspace/jordilucas/ponto-inteligente-api/387977572/.m2/org/hamcrest/hamcrest-library/1.3/hamcrest-library-1.3.jar:/root/./workspace/jordilucas/ponto-inteligente-api/387977572/.m2/org/skyscreamer/jsonassert/1.4.0/jsonassert-1.4.0.jar:/root/./workspace/jordilucas/ponto-inteligente-api/387977572/.m2/com/vaadin/external/google/android-json/0.0.20131108.vaadin1/android-json-0.0.20131108.vaadin1.jar:/root/./workspace/jordilucas/ponto-inteligente-api/387977572/.m2/org/springframework/spring-test/4.3.12.RELEASE/spring-test-4.3.12.RELEASE.jar:/root/./workspace/jordilucas/ponto-inteligente-api/387977572/.m2/org/springframework/boot/spring-boot-starter-data-jpa/1.5.8.RELEASE/spring-boot-starter-data-jpa-1.5.8.RELEASE.jar:/root/./workspace/jordilucas/ponto-inteligente-api/387977572/.m2/org/springframework/boot/spring-boot-starter-aop/1.5.8.RELEASE/spring-boot-starter-aop-1.5.8.RELEASE.jar:/root/./workspace/jordilucas/ponto-inteligente-api/387977572/.m2/org/aspectj/aspectjweaver/1.8.11/aspectjweaver-1.8.11.jar:/root/./workspace/jordilucas/ponto-inteligente-api/387977572/.m2/org/springframework/boot/spring-boot-starter-jdbc/1.5.8.RELEASE/spring-boot-starter-jdbc-1.5.8.RELEASE.jar:/root/./workspace/jordilucas/ponto-inteligente-api/387977572/.m2/org/apache/tomcat/tomcat-jdbc/8.5.23/tomcat-jdbc-8.5.23.jar:/root/./workspace/jordilucas/ponto-inteligente-api/387977572/.m2/org/apache/tomcat/tomcat-juli/8.5.23/tomcat-juli-8.5.23.jar:/root/./workspace/jordilucas/ponto-inteligente-api/387977572/.m2/org/springframework/spring-jdbc/4.3.12.RELEASE/spring-jdbc-4.3.12.RELEASE.jar:/root/./workspace/jordilucas/ponto-inteligente-api/387977572/.m2/org/hibernate/hibernate-core/5.0.12.Final/hibernate-core-5.0.12.Final.jar:/root/./workspace/jordilucas/ponto-inteligente-api/387977572/.m2/org/hibernate/javax/persistence/hibernate-jpa-2.1-api/1.0.0.Final/hibernate-jpa-2.1-api-1.0.0.Final.jar:/root/./workspace/jordilucas/ponto-inteligente-api/387977572/.m2/org/javassist/javassist/3.21.0-GA/javassist-3.21.0-GA.jar:/root/./workspace/jordilucas/ponto-inteligente-api/387977572/.m2/antlr/antlr/2.7.7/antlr-2.7.7.jar:/root/./workspace/jordilucas/ponto-inteligente-api/387977572/.m2/org/jboss/jandex/2.0.0.Final/jandex-2.0.0.Final.jar:/root/./workspace/jordilucas/ponto-inteligente-api/387977572/.m2/dom4j/dom4j/1.6.1/dom4j-1.6.1.jar:/root/./workspace/jordilucas/ponto-inteligente-api/387977572/.m2/org/hibernate/common/hibernate-commons-annotations/5.0.1.Final/hibernate-commons-annotations-5.0.1.Final.jar:/root/./workspace/jordilucas/ponto-inteligente-api/387977572/.m2/org/hibernate/hibernate-entitymanager/5.0.12.Final/hibernate-entitymanager-5.0.12.Final.jar:/root/./workspace/jordilucas/ponto-inteligente-api/387977572/.m2/javax/transaction/javax.transaction-api/1.2/javax.transaction-api-1.2.jar:/root/./workspace/jordilucas/ponto-inteligente-api/387977572/.m2/org/springframework/data/spring-data-jpa/1.11.8.RELEASE/spring-data-jpa-1.11.8.RELEASE.jar:/root/./workspace/jordilucas/ponto-inteligente-api/387977572/.m2/org/springframework/data/spring-data-commons/1.13.8.RELEASE/spring-data-commons-1.13.8.RELEASE.jar:/root/./workspace/jordilucas/ponto-inteligente-api/387977572/.m2/org/springframework/spring-orm/4.3.12.RELEASE/spring-orm-4.3.12.RELEASE.jar:/root/./workspace/jordilucas/ponto-inteligente-api/387977572/.m2/org/springframework/spring-tx/4.3.12.RELEASE/spring-tx-4.3.12.RELEASE.jar:/root/./workspace/jordilucas/ponto-inteligente-api/387977572/.m2/org/springframework/spring-beans/4.3.12.RELEASE/spring-beans-4.3.12.RELEASE.jar:/root/./workspace/jordilucas/ponto-inteligente-api/387977572/.m2/org/springframework/spring-aspects/4.3.12.RELEASE/spring-aspects-4.3.12.RELEASE.jar:/root/./workspace/jordilucas/ponto-inteligente-api/387977572/.m2/mysql/mysql-connector-java/5.1.44/mysql-connector-java-5.1.44.jar:/root/./workspace/jordilucas/ponto-inteligente-api/387977572/.m2/com/h2database/h2/1.4.196/h2-1.4.196.jar:/root/./workspace/jordilucas/ponto-inteligente-api/387977572/.m2/org/jboss/logging/jboss-logging/3.3.1.Final/jboss-logging-3.3.1.Final.jar:/root/./workspace/jordilucas/ponto-inteligente-api/387977572/.m2/org/springframework/boot/spring-boot-starter-security/1.5.8.RELEASE/spring-boot-starter-security-1.5.8.RELEASE.jar:/root/./workspace/jordilucas/ponto-inteligente-api/387977572/.m2/org/springframework/spring-aop/4.3.12.RELEASE/spring-aop-4.3.12.RELEASE.jar:/root/./workspace/jordilucas/ponto-inteligente-api/387977572/.m2/org/springframework/security/spring-security-config/4.2.3.RELEASE/spring-security-config-4.2.3.RELEASE.jar:/root/./workspace/jordilucas/ponto-inteligente-api/387977572/.m2/org/springframework/security/spring-security-web/4.2.3.RELEASE/spring-security-web-4.2.3.RELEASE.jar:/root/./workspace/jordilucas/ponto-inteligente-api/387977572/.m2/org/springframework/spring-expression/4.3.12.RELEASE/spring-expression-4.3.12.RELEASE.jar:/root/./workspace/jordilucas/ponto-inteligente-api/387977572/.m2/org/springframework/security/spring-security-test/4.2.3.RELEASE/spring-security-test-4.2.3.RELEASE.jar:/root/./workspace/jordilucas/ponto-inteligente-api/387977572/.m2/org/springframework/security/spring-security-core/4.2.3.RELEASE/spring-security-core-4.2.3.RELEASE.jar:/root/./workspace/jordilucas/ponto-inteligente-api/387977572/.m2/aopalliance/aopalliance/1.0/aopalliance-1.0.jar:/root/./workspace/jordilucas/ponto-inteligente-api/387977572/.m2/org/springframework/boot/spring-boot-starter-web/1.5.8.RELEASE/spring-boot-starter-web-1.5.8.RELEASE.jar:/root/./workspace/jordilucas/ponto-inteligente-api/387977572/.m2/org/springframework/boot/spring-boot-starter-tomcat/1.5.8.RELEASE/spring-boot-starter-tomcat-1.5.8.RELEASE.jar:/root/./workspace/jordilucas/ponto-inteligente-api/387977572/.m2/org/apache/tomcat/embed/tomcat-embed-core/8.5.23/tomcat-embed-core-8.5.23.jar:/root/./workspace/jordilucas/ponto-inteligente-api/387977572/.m2/org/apache/tomcat/tomcat-annotations-api/8.5.23/tomcat-annotations-api-8.5.23.jar:/root/./workspace/jordilucas/ponto-inteligente-api/387977572/.m2/org/apache/tomcat/embed/tomcat-embed-websocket/8.5.23/tomcat-embed-websocket-8.5.23.jar:/root/./workspace/jordilucas/ponto-inteligente-api/387977572/.m2/org/hibernate/hibernate-validator/5.3.5.Final/hibernate-validator-5.3.5.Final.jar:/root/./workspace/jordilucas/ponto-inteligente-api/387977572/.m2/javax/validation/validation-api/1.1.0.Final/validation-api-1.1.0.Final.jar:/root/./workspace/jordilucas/ponto-inteligente-api/387977572/.m2/com/fasterxml/classmate/1.3.4/classmate-1.3.4.jar:/root/./workspace/jordilucas/ponto-inteligente-api/387977572/.m2/com/fasterxml/jackson/core/jackson-databind/2.8.10/jackson-databind-2.8.10.jar:/root/./workspace/jordilucas/ponto-inteligente-api/387977572/.m2/com/fasterxml/jackson/core/jackson-annotations/2.8.0/jackson-annotations-2.8.0.jar:/root/./workspace/jordilucas/ponto-inteligente-api/387977572/.m2/org/springframework/spring-web/4.3.12.RELEASE/spring-web-4.3.12.RELEASE.jar:/root/./workspace/jordilucas/ponto-inteligente-api/387977572/.m2/org/springframework/spring-webmvc/4.3.12.RELEASE/spring-webmvc-4.3.12.RELEASE.jar:/root/./workspace/jordilucas/ponto-inteligente-api/387977572/.m2/org/springframework/boot/spring-boot-starter-validation/1.5.8.RELEASE/spring-boot-starter-validation-1.5.8.RELEASE.jar:/root/./workspace/jordilucas/ponto-inteligente-api/387977572/.m2/org/apache/tomcat/embed/tomcat-embed-el/8.5.23/tomcat-embed-el-8.5.23.jar:/root/./workspace/jordilucas/ponto-inteligente-api/387977572/.m2/com/fasterxml/jackson/datatype/jackson-datatype-jdk8/2.8.10/jackson-datatype-jdk8-2.8.10.jar:/root/./workspace/jordilucas/ponto-inteligente-api/387977572/.m2/com/fasterxml/jackson/core/jackson-core/2.8.10/jackson-core-2.8.10.jar:/root/./workspace/jordilucas/ponto-inteligente-api/387977572/.m2/org/apache/commons/commons-lang3/3.6/commons-lang3-3.6.jar:, user.name=root, skipITs=true, java.vm.specification.version=1.8, sun.java.command=/root/workspace/jordilucas/ponto-inteligente-api/387977572/target/surefire/surefirebooter8553089524739200174.jar /root/workspace/jordilucas/ponto-inteligente-api/387977572/target/surefire/surefire3173184054435444890tmp /root/workspace/jordilucas/ponto-inteligente-api/387977572/target/surefire/surefire_07527372107658914535tmp, java.home=/usr/lib/jvm/java-8-openjdk-amd64/jre, sun.arch.data.model=64, user.language=en, java.specification.vendor=Oracle Corporation, dependency-check.skip=true, awt.toolkit=sun.awt.X11.XToolkit, java.vm.info=mixed mode, java.version=1.8.0_121, java.ext.dirs=/usr/lib/jvm/java-8-openjdk-amd64/jre/lib/ext:/usr/java/packages/lib/ext, sun.boot.class.path=/usr/lib/jvm/java-8-openjdk-amd64/jre/lib/resources.jar:/usr/lib/jvm/java-8-openjdk-amd64/jre/lib/rt.jar:/usr/lib/jvm/java-8-openjdk-amd64/jre/lib/sunrsasign.jar:/usr/lib/jvm/java-8-openjdk-amd64/jre/lib/jsse.jar:/usr/lib/jvm/java-8-openjdk-amd64/jre/lib/jce.jar:/usr/lib/jvm/java-8-openjdk-amd64/jre/lib/charsets.jar:/usr/lib/jvm/java-8-openjdk-amd64/jre/lib/jfr.jar:/usr/lib/jvm/java-8-openjdk-amd64/jre/classes, rat.skip=true, enforcer.skip=true, java.vendor=Oracle Corporation, localRepository=/root/./workspace/jordilucas/ponto-inteligente-api/387977572/.m2, file.separator=/, java.vendor.url.bug=http://bugreport.sun.com/bugreport/, sun.io.unicode.encoding=UnicodeLittle, sun.cpu.endian=little, sun.cpu.isalist=}}, SystemEnvironmentPropertySource@1024597427 {name='systemEnvironment', properties={PATH=/usr/local/sbin:/usr/local/bin:/usr/sbin:/usr/bin:/sbin:/bin, JAVA_HOME=/usr/lib/jvm/java-8-openjdk-amd64, NOTIFY_TO=, CA_CERTIFICATES_JAVA_VERSION=20161107~bpo8+1, MONGODB_HOST=, BUILD_ID=, LANG=C.UTF-8, MAVEN_HOME=/usr/share/maven, SMTP_SERVER=, MONGODB_NAME=, REPAIR_MODE=repair, PWD=/root/workspace/jordilucas/ponto-inteligente-api/387977572, JAVA_VERSION=8u121, GITHUB_OAUTH=, MAVEN_CMD_LINE_ARGS=/root/.m2 -B -D enforcer.skip=true -D dependency-check.skip=true -D skipITs=true -D cobertura.skip=true -D maven.repo.local=/root/./workspace/jordilucas/ponto-inteligente-api/387977572/.m2 -D rat.skip=true -D findbugs.skip=true -D skip.bower=true -D gpg.skip=true -D checkstyle.skip=true -D skip.gulp=true -D license.skip=true -D skip.npm=true test, _=/usr/bin/java, OUTPUT=, MAVEN_TERMINATE_CMD=on, MAVEN_CONFIG=/root/.m2, MAVEN_PROJECTBASEDIR=/root/workspace/jordilucas/ponto-inteligente-api/387977572, OLDPWD=/root/workspace/jordilucas/ponto-inteligente-api/387977572, LOG_FILENAME=repairnator-pipeline_2018-06-04_2231_387977572_5a77b685-d098-401d-b168-01e076b51223, RUN_ID=, HOSTNAME=cyclone1, JAVA_DEBIAN_VERSION=8u121-b13-1~bpo8+1, M2_HOME=/usr/share/maven, REPAIR_TOOLS=AssertFixer, HOME=/root, SHLVL=1, PUSH_URL=}}]
22:32:15.213 [main] INFO org.springframework.boot.test.context.SpringBootTestContextBootstrapper - Found @SpringBootConfiguration br.com.jordilucas.pontointeligente.api.PontoInteligenteApplication for test class br.com.jordilucas.pontointeligente.api.services.EmpresaServiceTest
22:32:15.218 [main] DEBUG org.springframework.boot.test.context.SpringBootTestContextBootstrapper - @TestExecutionListeners is not present for class [br.com.jordilucas.pontointeligente.api.services.EmpresaServiceTest]: using defaults.
22:32:15.223 [main] INFO org.springframework.boot.test.context.SpringBootTestContextBootstrapper - Loaded default TestExecutionListener class names from location [META-INF/spring.factories]: [org.springframework.boot.test.mock.mockito.MockitoTestExecutionListener, org.springframework.boot.test.mock.mockito.ResetMocksTestExecutionListener, org.springframework.boot.test.autoconfigure.restdocs.RestDocsTestExecutionListener, org.springframework.boot.test.autoconfigure.web.client.MockRestServiceServerResetTestExecutionListener, org.springframework.boot.test.autoconfigure.web.servlet.MockMvcPrintOnlyOnFailureTestExecutionListener, org.springframework.boot.test.autoconfigure.web.servlet.WebDriverTestExecutionListener, org.springframework.test.context.web.ServletTestExecutionListener, org.springframework.test.context.support.DirtiesContextBeforeModesTestExecutionListener, org.springframework.test.context.support.DependencyInjectionTestExecutionListener, org.springframework.test.context.support.DirtiesContextTestExecutionListener, org.springframework.test.context.transaction.TransactionalTestExecutionListener, org.springframework.test.context.jdbc.SqlScriptsTestExecutionListener, org.springframework.security.test.context.support.WithSecurityContextTestExecutionListener]
22:32:15.229 [main] INFO org.springframework.boot.test.context.SpringBootTestContextBootstrapper - Using TestExecutionListeners: [org.springframework.test.context.web.ServletTestExecutionListener@7c469c48, org.springframework.test.context.support.DirtiesContextBeforeModesTestExecutionListener@12e61fe6, org.springframework.boot.test.autoconfigure.SpringBootDependencyInjectionTestExecutionListener@7ee955a8, org.springframework.test.context.support.DirtiesContextTestExecutionListener@1677d1, org.springframework.test.context.transaction.TransactionalTestExecutionListener@48fa0f47, org.springframework.test.context.jdbc.SqlScriptsTestExecutionListener@6ac13091, org.springframework.security.test.context.support.WithSecurityContextTestExecutionListener@5e316c74, org.springframework.boot.test.autoconfigure.restdocs.RestDocsTestExecutionListener@6d2a209c, org.springframework.boot.test.autoconfigure.web.client.MockRestServiceServerResetTestExecutionListener@75329a49, org.springframework.boot.test.mock.mockito.ResetMocksTestExecutionListener@161479c6, org.springframework.boot.test.autoconfigure.web.servlet.WebDriverTestExecutionListener@4313f5bc, org.springframework.boot.test.mock.mockito.MockitoTestExecutionListener@7f010382, org.springframework.boot.test.autoconfigure.web.servlet.MockMvcPrintOnlyOnFailureTestExecutionListener@1e802ef9]
22:32:15.232 [main] DEBUG org.springframework.test.context.junit4.SpringJUnit4ClassRunner - SpringJUnit4ClassRunner constructor called with [class br.com.jordilucas.pontointeligente.api.services.LancamentoServiceTest]
22:32:15.232 [main] DEBUG org.springframework.test.context.BootstrapUtils - Instantiating CacheAwareContextLoaderDelegate from class [org.springframework.test.context.cache.DefaultCacheAwareContextLoaderDelegate]
22:32:15.233 [main] DEBUG org.springframework.test.context.BootstrapUtils - Instantiating BootstrapContext using constructor [public org.springframework.test.context.support.DefaultBootstrapContext(java.lang.Class,org.springframework.test.context.CacheAwareContextLoaderDelegate)]
22:32:15.233 [main] DEBUG org.springframework.test.context.BootstrapUtils - Instantiating TestContextBootstrapper for test class [br.com.jordilucas.pontointeligente.api.services.LancamentoServiceTest] from class [org.springframework.boot.test.context.SpringBootTestContextBootstrapper]
22:32:15.234 [main] INFO org.springframework.boot.test.context.SpringBootTestContextBootstrapper - Neither @ContextConfiguration nor @ContextHierarchy found for test class [br.com.jordilucas.pontointeligente.api.services.LancamentoServiceTest], using SpringBootContextLoader
22:32:15.235 [main] DEBUG org.springframework.test.context.support.AbstractContextLoader - Did not detect default resource location for test class [br.com.jordilucas.pontointeligente.api.services.LancamentoServiceTest]: class path resource [br/com/jordilucas/pontointeligente/api/services/LancamentoServiceTest-context.xml] does not exist
22:32:15.236 [main] DEBUG org.springframework.test.context.support.AbstractContextLoader - Did not detect default resource location for test class [br.com.jordilucas.pontointeligente.api.services.LancamentoServiceTest]: class path resource [br/com/jordilucas/pontointeligente/api/services/LancamentoServiceTestContext.groovy] does not exist
22:32:15.236 [main] INFO org.springframework.test.context.support.AbstractContextLoader - Could not detect default resource locations for test class [br.com.jordilucas.pontointeligente.api.services.LancamentoServiceTest]: no resource found for suffixes {-context.xml, Context.groovy}.
22:32:15.236 [main] INFO org.springframework.test.context.support.AnnotationConfigContextLoaderUtils - Could not detect default configuration classes for test class [br.com.jordilucas.pontointeligente.api.services.LancamentoServiceTest]: LancamentoServiceTest does not declare any static, non-private, non-final, nested classes annotated with @Configuration.
22:32:15.246 [main] DEBUG org.springframework.core.env.StandardEnvironment - Adding PropertySource 'systemProperties' with lowest search precedence
22:32:15.247 [main] DEBUG org.springframework.core.env.StandardEnvironment - Adding PropertySource 'systemEnvironment' with lowest search precedence
22:32:15.248 [main] DEBUG org.springframework.core.env.StandardEnvironment - Initialized StandardEnvironment with PropertySources [MapPropertySource@1052245076 {name='systemProperties', properties={java.runtime.name=OpenJDK Runtime Environment, sun.boot.library.path=/usr/lib/jvm/java-8-openjdk-amd64/jre/lib/amd64, java.vm.version=25.121-b13, java.vm.vendor=Oracle Corporation, java.vendor.url=http://java.oracle.com/, skip.gulp=true, path.separator=:, java.vm.name=OpenJDK 64-Bit Server VM, file.encoding.pkg=sun.io, findbugs.skip=true, sun.java.launcher=SUN_STANDARD, sun.os.patch.level=unknown, java.vm.specification.name=Java Virtual Machine Specification, user.dir=/root/workspace/jordilucas/ponto-inteligente-api/387977572, checkstyle.skip=true, java.runtime.version=1.8.0_121-8u121-b13-1~bpo8+1-b13, skip.npm=true, basedir=/root/workspace/jordilucas/ponto-inteligente-api/387977572, java.awt.graphicsenv=sun.awt.X11GraphicsEnvironment, java.endorsed.dirs=/usr/lib/jvm/java-8-openjdk-amd64/jre/lib/endorsed, os.arch=amd64, surefire.real.class.path=/root/workspace/jordilucas/ponto-inteligente-api/387977572/target/surefire/surefirebooter8553089524739200174.jar, gpg.skip=true, java.io.tmpdir=/tmp, line.separator=
, cobertura.skip=true, java.vm.specification.vendor=Oracle Corporation, os.name=Linux, sun.jnu.encoding=UTF-8, license.skip=true, java.library.path=/usr/java/packages/lib/amd64:/usr/lib/x86_64-linux-gnu/jni:/lib/x86_64-linux-gnu:/usr/lib/x86_64-linux-gnu:/usr/lib/jni:/lib:/usr/lib, surefire.test.class.path=/root/workspace/jordilucas/ponto-inteligente-api/387977572/target/test-classes:/root/workspace/jordilucas/ponto-inteligente-api/387977572/target/classes:/root/./workspace/jordilucas/ponto-inteligente-api/387977572/.m2/org/springframework/boot/spring-boot-starter/1.5.8.RELEASE/spring-boot-starter-1.5.8.RELEASE.jar:/root/./workspace/jordilucas/ponto-inteligente-api/387977572/.m2/org/springframework/boot/spring-boot/1.5.8.RELEASE/spring-boot-1.5.8.RELEASE.jar:/root/./workspace/jordilucas/ponto-inteligente-api/387977572/.m2/org/springframework/spring-context/4.3.12.RELEASE/spring-context-4.3.12.RELEASE.jar:/root/./workspace/jordilucas/ponto-inteligente-api/387977572/.m2/org/springframework/boot/spring-boot-autoconfigure/1.5.8.RELEASE/spring-boot-autoconfigure-1.5.8.RELEASE.jar:/root/./workspace/jordilucas/ponto-inteligente-api/387977572/.m2/org/springframework/boot/spring-boot-starter-logging/1.5.8.RELEASE/spring-boot-starter-logging-1.5.8.RELEASE.jar:/root/./workspace/jordilucas/ponto-inteligente-api/387977572/.m2/ch/qos/logback/logback-classic/1.1.11/logback-classic-1.1.11.jar:/root/./workspace/jordilucas/ponto-inteligente-api/387977572/.m2/ch/qos/logback/logback-core/1.1.11/logback-core-1.1.11.jar:/root/./workspace/jordilucas/ponto-inteligente-api/387977572/.m2/org/slf4j/jcl-over-slf4j/1.7.25/jcl-over-slf4j-1.7.25.jar:/root/./workspace/jordilucas/ponto-inteligente-api/387977572/.m2/org/slf4j/jul-to-slf4j/1.7.25/jul-to-slf4j-1.7.25.jar:/root/./workspace/jordilucas/ponto-inteligente-api/387977572/.m2/org/slf4j/log4j-over-slf4j/1.7.25/log4j-over-slf4j-1.7.25.jar:/root/./workspace/jordilucas/ponto-inteligente-api/387977572/.m2/org/springframework/spring-core/4.3.12.RELEASE/spring-core-4.3.12.RELEASE.jar:/root/./workspace/jordilucas/ponto-inteligente-api/387977572/.m2/org/yaml/snakeyaml/1.17/snakeyaml-1.17.jar:/root/./workspace/jordilucas/ponto-inteligente-api/387977572/.m2/org/springframework/boot/spring-boot-devtools/1.5.8.RELEASE/spring-boot-devtools-1.5.8.RELEASE.jar:/root/./workspace/jordilucas/ponto-inteligente-api/387977572/.m2/org/springframework/boot/spring-boot-starter-test/1.5.8.RELEASE/spring-boot-starter-test-1.5.8.RELEASE.jar:/root/./workspace/jordilucas/ponto-inteligente-api/387977572/.m2/org/springframework/boot/spring-boot-test/1.5.8.RELEASE/spring-boot-test-1.5.8.RELEASE.jar:/root/./workspace/jordilucas/ponto-inteligente-api/387977572/.m2/org/springframework/boot/spring-boot-test-autoconfigure/1.5.8.RELEASE/spring-boot-test-autoconfigure-1.5.8.RELEASE.jar:/root/./workspace/jordilucas/ponto-inteligente-api/387977572/.m2/com/jayway/jsonpath/json-path/2.2.0/json-path-2.2.0.jar:/root/./workspace/jordilucas/ponto-inteligente-api/387977572/.m2/net/minidev/json-smart/2.2.1/json-smart-2.2.1.jar:/root/./workspace/jordilucas/ponto-inteligente-api/387977572/.m2/net/minidev/accessors-smart/1.1/accessors-smart-1.1.jar:/root/./workspace/jordilucas/ponto-inteligente-api/387977572/.m2/org/ow2/asm/asm/5.0.3/asm-5.0.3.jar:/root/./workspace/jordilucas/ponto-inteligente-api/387977572/.m2/org/slf4j/slf4j-api/1.7.25/slf4j-api-1.7.25.jar:/root/./workspace/jordilucas/ponto-inteligente-api/387977572/.m2/junit/junit/4.12/junit-4.12.jar:/root/./workspace/jordilucas/ponto-inteligente-api/387977572/.m2/org/assertj/assertj-core/2.6.0/assertj-core-2.6.0.jar:/root/./workspace/jordilucas/ponto-inteligente-api/387977572/.m2/org/mockito/mockito-core/1.10.19/mockito-core-1.10.19.jar:/root/./workspace/jordilucas/ponto-inteligente-api/387977572/.m2/org/objenesis/objenesis/2.1/objenesis-2.1.jar:/root/./workspace/jordilucas/ponto-inteligente-api/387977572/.m2/org/hamcrest/hamcrest-core/1.3/hamcrest-core-1.3.jar:/root/./workspace/jordilucas/ponto-inteligente-api/387977572/.m2/org/hamcrest/hamcrest-library/1.3/hamcrest-library-1.3.jar:/root/./workspace/jordilucas/ponto-inteligente-api/387977572/.m2/org/skyscreamer/jsonassert/1.4.0/jsonassert-1.4.0.jar:/root/./workspace/jordilucas/ponto-inteligente-api/387977572/.m2/com/vaadin/external/google/android-json/0.0.20131108.vaadin1/android-json-0.0.20131108.vaadin1.jar:/root/./workspace/jordilucas/ponto-inteligente-api/387977572/.m2/org/springframework/spring-test/4.3.12.RELEASE/spring-test-4.3.12.RELEASE.jar:/root/./workspace/jordilucas/ponto-inteligente-api/387977572/.m2/org/springframework/boot/spring-boot-starter-data-jpa/1.5.8.RELEASE/spring-boot-starter-data-jpa-1.5.8.RELEASE.jar:/root/./workspace/jordilucas/ponto-inteligente-api/387977572/.m2/org/springframework/boot/spring-boot-starter-aop/1.5.8.RELEASE/spring-boot-starter-aop-1.5.8.RELEASE.jar:/root/./workspace/jordilucas/ponto-inteligente-api/387977572/.m2/org/aspectj/aspectjweaver/1.8.11/aspectjweaver-1.8.11.jar:/root/./workspace/jordilucas/ponto-inteligente-api/387977572/.m2/org/springframework/boot/spring-boot-starter-jdbc/1.5.8.RELEASE/spring-boot-starter-jdbc-1.5.8.RELEASE.jar:/root/./workspace/jordilucas/ponto-inteligente-api/387977572/.m2/org/apache/tomcat/tomcat-jdbc/8.5.23/tomcat-jdbc-8.5.23.jar:/root/./workspace/jordilucas/ponto-inteligente-api/387977572/.m2/org/apache/tomcat/tomcat-juli/8.5.23/tomcat-juli-8.5.23.jar:/root/./workspace/jordilucas/ponto-inteligente-api/387977572/.m2/org/springframework/spring-jdbc/4.3.12.RELEASE/spring-jdbc-4.3.12.RELEASE.jar:/root/./workspace/jordilucas/ponto-inteligente-api/387977572/.m2/org/hibernate/hibernate-core/5.0.12.Final/hibernate-core-5.0.12.Final.jar:/root/./workspace/jordilucas/ponto-inteligente-api/387977572/.m2/org/hibernate/javax/persistence/hibernate-jpa-2.1-api/1.0.0.Final/hibernate-jpa-2.1-api-1.0.0.Final.jar:/root/./workspace/jordilucas/ponto-inteligente-api/387977572/.m2/org/javassist/javassist/3.21.0-GA/javassist-3.21.0-GA.jar:/root/./workspace/jordilucas/ponto-inteligente-api/387977572/.m2/antlr/antlr/2.7.7/antlr-2.7.7.jar:/root/./workspace/jordilucas/ponto-inteligente-api/387977572/.m2/org/jboss/jandex/2.0.0.Final/jandex-2.0.0.Final.jar:/root/./workspace/jordilucas/ponto-inteligente-api/387977572/.m2/dom4j/dom4j/1.6.1/dom4j-1.6.1.jar:/root/./workspace/jordilucas/ponto-inteligente-api/387977572/.m2/org/hibernate/common/hibernate-commons-annotations/5.0.1.Final/hibernate-commons-annotations-5.0.1.Final.jar:/root/./workspace/jordilucas/ponto-inteligente-api/387977572/.m2/org/hibernate/hibernate-entitymanager/5.0.12.Final/hibernate-entitymanager-5.0.12.Final.jar:/root/./workspace/jordilucas/ponto-inteligente-api/387977572/.m2/javax/transaction/javax.transaction-api/1.2/javax.transaction-api-1.2.jar:/root/./workspace/jordilucas/ponto-inteligente-api/387977572/.m2/org/springframework/data/spring-data-jpa/1.11.8.RELEASE/spring-data-jpa-1.11.8.RELEASE.jar:/root/./workspace/jordilucas/ponto-inteligente-api/387977572/.m2/org/springframework/data/spring-data-commons/1.13.8.RELEASE/spring-data-commons-1.13.8.RELEASE.jar:/root/./workspace/jordilucas/ponto-inteligente-api/387977572/.m2/org/springframework/spring-orm/4.3.12.RELEASE/spring-orm-4.3.12.RELEASE.jar:/root/./workspace/jordilucas/ponto-inteligente-api/387977572/.m2/org/springframework/spring-tx/4.3.12.RELEASE/spring-tx-4.3.12.RELEASE.jar:/root/./workspace/jordilucas/ponto-inteligente-api/387977572/.m2/org/springframework/spring-beans/4.3.12.RELEASE/spring-beans-4.3.12.RELEASE.jar:/root/./workspace/jordilucas/ponto-inteligente-api/387977572/.m2/org/springframework/spring-aspects/4.3.12.RELEASE/spring-aspects-4.3.12.RELEASE.jar:/root/./workspace/jordilucas/ponto-inteligente-api/387977572/.m2/mysql/mysql-connector-java/5.1.44/mysql-connector-java-5.1.44.jar:/root/./workspace/jordilucas/ponto-inteligente-api/387977572/.m2/com/h2database/h2/1.4.196/h2-1.4.196.jar:/root/./workspace/jordilucas/ponto-inteligente-api/387977572/.m2/org/jboss/logging/jboss-logging/3.3.1.Final/jboss-logging-3.3.1.Final.jar:/root/./workspace/jordilucas/ponto-inteligente-api/387977572/.m2/org/springframework/boot/spring-boot-starter-security/1.5.8.RELEASE/spring-boot-starter-security-1.5.8.RELEASE.jar:/root/./workspace/jordilucas/ponto-inteligente-api/387977572/.m2/org/springframework/spring-aop/4.3.12.RELEASE/spring-aop-4.3.12.RELEASE.jar:/root/./workspace/jordilucas/ponto-inteligente-api/387977572/.m2/org/springframework/security/spring-security-config/4.2.3.RELEASE/spring-security-config-4.2.3.RELEASE.jar:/root/./workspace/jordilucas/ponto-inteligente-api/387977572/.m2/org/springframework/security/spring-security-web/4.2.3.RELEASE/spring-security-web-4.2.3.RELEASE.jar:/root/./workspace/jordilucas/ponto-inteligente-api/387977572/.m2/org/springframework/spring-expression/4.3.12.RELEASE/spring-expression-4.3.12.RELEASE.jar:/root/./workspace/jordilucas/ponto-inteligente-api/387977572/.m2/org/springframework/security/spring-security-test/4.2.3.RELEASE/spring-security-test-4.2.3.RELEASE.jar:/root/./workspace/jordilucas/ponto-inteligente-api/387977572/.m2/org/springframework/security/spring-security-core/4.2.3.RELEASE/spring-security-core-4.2.3.RELEASE.jar:/root/./workspace/jordilucas/ponto-inteligente-api/387977572/.m2/aopalliance/aopalliance/1.0/aopalliance-1.0.jar:/root/./workspace/jordilucas/ponto-inteligente-api/387977572/.m2/org/springframework/boot/spring-boot-starter-web/1.5.8.RELEASE/spring-boot-starter-web-1.5.8.RELEASE.jar:/root/./workspace/jordilucas/ponto-inteligente-api/387977572/.m2/org/springframework/boot/spring-boot-starter-tomcat/1.5.8.RELEASE/spring-boot-starter-tomcat-1.5.8.RELEASE.jar:/root/./workspace/jordilucas/ponto-inteligente-api/387977572/.m2/org/apache/tomcat/embed/tomcat-embed-core/8.5.23/tomcat-embed-core-8.5.23.jar:/root/./workspace/jordilucas/ponto-inteligente-api/387977572/.m2/org/apache/tomcat/tomcat-annotations-api/8.5.23/tomcat-annotations-api-8.5.23.jar:/root/./workspace/jordilucas/ponto-inteligente-api/387977572/.m2/org/apache/tomcat/embed/tomcat-embed-websocket/8.5.23/tomcat-embed-websocket-8.5.23.jar:/root/./workspace/jordilucas/ponto-inteligente-api/387977572/.m2/org/hibernate/hibernate-validator/5.3.5.Final/hibernate-validator-5.3.5.Final.jar:/root/./workspace/jordilucas/ponto-inteligente-api/387977572/.m2/javax/validation/validation-api/1.1.0.Final/validation-api-1.1.0.Final.jar:/root/./workspace/jordilucas/ponto-inteligente-api/387977572/.m2/com/fasterxml/classmate/1.3.4/classmate-1.3.4.jar:/root/./workspace/jordilucas/ponto-inteligente-api/387977572/.m2/com/fasterxml/jackson/core/jackson-databind/2.8.10/jackson-databind-2.8.10.jar:/root/./workspace/jordilucas/ponto-inteligente-api/387977572/.m2/com/fasterxml/jackson/core/jackson-annotations/2.8.0/jackson-annotations-2.8.0.jar:/root/./workspace/jordilucas/ponto-inteligente-api/387977572/.m2/org/springframework/spring-web/4.3.12.RELEASE/spring-web-4.3.12.RELEASE.jar:/root/./workspace/jordilucas/ponto-inteligente-api/387977572/.m2/org/springframework/spring-webmvc/4.3.12.RELEASE/spring-webmvc-4.3.12.RELEASE.jar:/root/./workspace/jordilucas/ponto-inteligente-api/387977572/.m2/org/springframework/boot/spring-boot-starter-validation/1.5.8.RELEASE/spring-boot-starter-validation-1.5.8.RELEASE.jar:/root/./workspace/jordilucas/ponto-inteligente-api/387977572/.m2/org/apache/tomcat/embed/tomcat-embed-el/8.5.23/tomcat-embed-el-8.5.23.jar:/root/./workspace/jordilucas/ponto-inteligente-api/387977572/.m2/com/fasterxml/jackson/datatype/jackson-datatype-jdk8/2.8.10/jackson-datatype-jdk8-2.8.10.jar:/root/./workspace/jordilucas/ponto-inteligente-api/387977572/.m2/com/fasterxml/jackson/core/jackson-core/2.8.10/jackson-core-2.8.10.jar:/root/./workspace/jordilucas/ponto-inteligente-api/387977572/.m2/org/apache/commons/commons-lang3/3.6/commons-lang3-3.6.jar:, java.specification.name=Java Platform API Specification, java.class.version=52.0, skip.bower=true, sun.management.compiler=HotSpot 64-Bit Tiered Compilers, maven.repo.local=/root/./workspace/jordilucas/ponto-inteligente-api/387977572/.m2, os.version=3.10.0-862.3.2.el7.x86_64, user.home=/root, user.timezone=Europe/Paris, java.awt.printerjob=sun.print.PSPrinterJob, file.encoding=UTF-8, java.specification.version=1.8, java.class.path=/root/workspace/jordilucas/ponto-inteligente-api/387977572/target/test-classes:/root/workspace/jordilucas/ponto-inteligente-api/387977572/target/classes:/root/./workspace/jordilucas/ponto-inteligente-api/387977572/.m2/org/springframework/boot/spring-boot-starter/1.5.8.RELEASE/spring-boot-starter-1.5.8.RELEASE.jar:/root/./workspace/jordilucas/ponto-inteligente-api/387977572/.m2/org/springframework/boot/spring-boot/1.5.8.RELEASE/spring-boot-1.5.8.RELEASE.jar:/root/./workspace/jordilucas/ponto-inteligente-api/387977572/.m2/org/springframework/spring-context/4.3.12.RELEASE/spring-context-4.3.12.RELEASE.jar:/root/./workspace/jordilucas/ponto-inteligente-api/387977572/.m2/org/springframework/boot/spring-boot-autoconfigure/1.5.8.RELEASE/spring-boot-autoconfigure-1.5.8.RELEASE.jar:/root/./workspace/jordilucas/ponto-inteligente-api/387977572/.m2/org/springframework/boot/spring-boot-starter-logging/1.5.8.RELEASE/spring-boot-starter-logging-1.5.8.RELEASE.jar:/root/./workspace/jordilucas/ponto-inteligente-api/387977572/.m2/ch/qos/logback/logback-classic/1.1.11/logback-classic-1.1.11.jar:/root/./workspace/jordilucas/ponto-inteligente-api/387977572/.m2/ch/qos/logback/logback-core/1.1.11/logback-core-1.1.11.jar:/root/./workspace/jordilucas/ponto-inteligente-api/387977572/.m2/org/slf4j/jcl-over-slf4j/1.7.25/jcl-over-slf4j-1.7.25.jar:/root/./workspace/jordilucas/ponto-inteligente-api/387977572/.m2/org/slf4j/jul-to-slf4j/1.7.25/jul-to-slf4j-1.7.25.jar:/root/./workspace/jordilucas/ponto-inteligente-api/387977572/.m2/org/slf4j/log4j-over-slf4j/1.7.25/log4j-over-slf4j-1.7.25.jar:/root/./workspace/jordilucas/ponto-inteligente-api/387977572/.m2/org/springframework/spring-core/4.3.12.RELEASE/spring-core-4.3.12.RELEASE.jar:/root/./workspace/jordilucas/ponto-inteligente-api/387977572/.m2/org/yaml/snakeyaml/1.17/snakeyaml-1.17.jar:/root/./workspace/jordilucas/ponto-inteligente-api/387977572/.m2/org/springframework/boot/spring-boot-devtools/1.5.8.RELEASE/spring-boot-devtools-1.5.8.RELEASE.jar:/root/./workspace/jordilucas/ponto-inteligente-api/387977572/.m2/org/springframework/boot/spring-boot-starter-test/1.5.8.RELEASE/spring-boot-starter-test-1.5.8.RELEASE.jar:/root/./workspace/jordilucas/ponto-inteligente-api/387977572/.m2/org/springframework/boot/spring-boot-test/1.5.8.RELEASE/spring-boot-test-1.5.8.RELEASE.jar:/root/./workspace/jordilucas/ponto-inteligente-api/387977572/.m2/org/springframework/boot/spring-boot-test-autoconfigure/1.5.8.RELEASE/spring-boot-test-autoconfigure-1.5.8.RELEASE.jar:/root/./workspace/jordilucas/ponto-inteligente-api/387977572/.m2/com/jayway/jsonpath/json-path/2.2.0/json-path-2.2.0.jar:/root/./workspace/jordilucas/ponto-inteligente-api/387977572/.m2/net/minidev/json-smart/2.2.1/json-smart-2.2.1.jar:/root/./workspace/jordilucas/ponto-inteligente-api/387977572/.m2/net/minidev/accessors-smart/1.1/accessors-smart-1.1.jar:/root/./workspace/jordilucas/ponto-inteligente-api/387977572/.m2/org/ow2/asm/asm/5.0.3/asm-5.0.3.jar:/root/./workspace/jordilucas/ponto-inteligente-api/387977572/.m2/org/slf4j/slf4j-api/1.7.25/slf4j-api-1.7.25.jar:/root/./workspace/jordilucas/ponto-inteligente-api/387977572/.m2/junit/junit/4.12/junit-4.12.jar:/root/./workspace/jordilucas/ponto-inteligente-api/387977572/.m2/org/assertj/assertj-core/2.6.0/assertj-core-2.6.0.jar:/root/./workspace/jordilucas/ponto-inteligente-api/387977572/.m2/org/mockito/mockito-core/1.10.19/mockito-core-1.10.19.jar:/root/./workspace/jordilucas/ponto-inteligente-api/387977572/.m2/org/objenesis/objenesis/2.1/objenesis-2.1.jar:/root/./workspace/jordilucas/ponto-inteligente-api/387977572/.m2/org/hamcrest/hamcrest-core/1.3/hamcrest-core-1.3.jar:/root/./workspace/jordilucas/ponto-inteligente-api/387977572/.m2/org/hamcrest/hamcrest-library/1.3/hamcrest-library-1.3.jar:/root/./workspace/jordilucas/ponto-inteligente-api/387977572/.m2/org/skyscreamer/jsonassert/1.4.0/jsonassert-1.4.0.jar:/root/./workspace/jordilucas/ponto-inteligente-api/387977572/.m2/com/vaadin/external/google/android-json/0.0.20131108.vaadin1/android-json-0.0.20131108.vaadin1.jar:/root/./workspace/jordilucas/ponto-inteligente-api/387977572/.m2/org/springframework/spring-test/4.3.12.RELEASE/spring-test-4.3.12.RELEASE.jar:/root/./workspace/jordilucas/ponto-inteligente-api/387977572/.m2/org/springframework/boot/spring-boot-starter-data-jpa/1.5.8.RELEASE/spring-boot-starter-data-jpa-1.5.8.RELEASE.jar:/root/./workspace/jordilucas/ponto-inteligente-api/387977572/.m2/org/springframework/boot/spring-boot-starter-aop/1.5.8.RELEASE/spring-boot-starter-aop-1.5.8.RELEASE.jar:/root/./workspace/jordilucas/ponto-inteligente-api/387977572/.m2/org/aspectj/aspectjweaver/1.8.11/aspectjweaver-1.8.11.jar:/root/./workspace/jordilucas/ponto-inteligente-api/387977572/.m2/org/springframework/boot/spring-boot-starter-jdbc/1.5.8.RELEASE/spring-boot-starter-jdbc-1.5.8.RELEASE.jar:/root/./workspace/jordilucas/ponto-inteligente-api/387977572/.m2/org/apache/tomcat/tomcat-jdbc/8.5.23/tomcat-jdbc-8.5.23.jar:/root/./workspace/jordilucas/ponto-inteligente-api/387977572/.m2/org/apache/tomcat/tomcat-juli/8.5.23/tomcat-juli-8.5.23.jar:/root/./workspace/jordilucas/ponto-inteligente-api/387977572/.m2/org/springframework/spring-jdbc/4.3.12.RELEASE/spring-jdbc-4.3.12.RELEASE.jar:/root/./workspace/jordilucas/ponto-inteligente-api/387977572/.m2/org/hibernate/hibernate-core/5.0.12.Final/hibernate-core-5.0.12.Final.jar:/root/./workspace/jordilucas/ponto-inteligente-api/387977572/.m2/org/hibernate/javax/persistence/hibernate-jpa-2.1-api/1.0.0.Final/hibernate-jpa-2.1-api-1.0.0.Final.jar:/root/./workspace/jordilucas/ponto-inteligente-api/387977572/.m2/org/javassist/javassist/3.21.0-GA/javassist-3.21.0-GA.jar:/root/./workspace/jordilucas/ponto-inteligente-api/387977572/.m2/antlr/antlr/2.7.7/antlr-2.7.7.jar:/root/./workspace/jordilucas/ponto-inteligente-api/387977572/.m2/org/jboss/jandex/2.0.0.Final/jandex-2.0.0.Final.jar:/root/./workspace/jordilucas/ponto-inteligente-api/387977572/.m2/dom4j/dom4j/1.6.1/dom4j-1.6.1.jar:/root/./workspace/jordilucas/ponto-inteligente-api/387977572/.m2/org/hibernate/common/hibernate-commons-annotations/5.0.1.Final/hibernate-commons-annotations-5.0.1.Final.jar:/root/./workspace/jordilucas/ponto-inteligente-api/387977572/.m2/org/hibernate/hibernate-entitymanager/5.0.12.Final/hibernate-entitymanager-5.0.12.Final.jar:/root/./workspace/jordilucas/ponto-inteligente-api/387977572/.m2/javax/transaction/javax.transaction-api/1.2/javax.transaction-api-1.2.jar:/root/./workspace/jordilucas/ponto-inteligente-api/387977572/.m2/org/springframework/data/spring-data-jpa/1.11.8.RELEASE/spring-data-jpa-1.11.8.RELEASE.jar:/root/./workspace/jordilucas/ponto-inteligente-api/387977572/.m2/org/springframework/data/spring-data-commons/1.13.8.RELEASE/spring-data-commons-1.13.8.RELEASE.jar:/root/./workspace/jordilucas/ponto-inteligente-api/387977572/.m2/org/springframework/spring-orm/4.3.12.RELEASE/spring-orm-4.3.12.RELEASE.jar:/root/./workspace/jordilucas/ponto-inteligente-api/387977572/.m2/org/springframework/spring-tx/4.3.12.RELEASE/spring-tx-4.3.12.RELEASE.jar:/root/./workspace/jordilucas/ponto-inteligente-api/387977572/.m2/org/springframework/spring-beans/4.3.12.RELEASE/spring-beans-4.3.12.RELEASE.jar:/root/./workspace/jordilucas/ponto-inteligente-api/387977572/.m2/org/springframework/spring-aspects/4.3.12.RELEASE/spring-aspects-4.3.12.RELEASE.jar:/root/./workspace/jordilucas/ponto-inteligente-api/387977572/.m2/mysql/mysql-connector-java/5.1.44/mysql-connector-java-5.1.44.jar:/root/./workspace/jordilucas/ponto-inteligente-api/387977572/.m2/com/h2database/h2/1.4.196/h2-1.4.196.jar:/root/./workspace/jordilucas/ponto-inteligente-api/387977572/.m2/org/jboss/logging/jboss-logging/3.3.1.Final/jboss-logging-3.3.1.Final.jar:/root/./workspace/jordilucas/ponto-inteligente-api/387977572/.m2/org/springframework/boot/spring-boot-starter-security/1.5.8.RELEASE/spring-boot-starter-security-1.5.8.RELEASE.jar:/root/./workspace/jordilucas/ponto-inteligente-api/387977572/.m2/org/springframework/spring-aop/4.3.12.RELEASE/spring-aop-4.3.12.RELEASE.jar:/root/./workspace/jordilucas/ponto-inteligente-api/387977572/.m2/org/springframework/security/spring-security-config/4.2.3.RELEASE/spring-security-config-4.2.3.RELEASE.jar:/root/./workspace/jordilucas/ponto-inteligente-api/387977572/.m2/org/springframework/security/spring-security-web/4.2.3.RELEASE/spring-security-web-4.2.3.RELEASE.jar:/root/./workspace/jordilucas/ponto-inteligente-api/387977572/.m2/org/springframework/spring-expression/4.3.12.RELEASE/spring-expression-4.3.12.RELEASE.jar:/root/./workspace/jordilucas/ponto-inteligente-api/387977572/.m2/org/springframework/security/spring-security-test/4.2.3.RELEASE/spring-security-test-4.2.3.RELEASE.jar:/root/./workspace/jordilucas/ponto-inteligente-api/387977572/.m2/org/springframework/security/spring-security-core/4.2.3.RELEASE/spring-security-core-4.2.3.RELEASE.jar:/root/./workspace/jordilucas/ponto-inteligente-api/387977572/.m2/aopalliance/aopalliance/1.0/aopalliance-1.0.jar:/root/./workspace/jordilucas/ponto-inteligente-api/387977572/.m2/org/springframework/boot/spring-boot-starter-web/1.5.8.RELEASE/spring-boot-starter-web-1.5.8.RELEASE.jar:/root/./workspace/jordilucas/ponto-inteligente-api/387977572/.m2/org/springframework/boot/spring-boot-starter-tomcat/1.5.8.RELEASE/spring-boot-starter-tomcat-1.5.8.RELEASE.jar:/root/./workspace/jordilucas/ponto-inteligente-api/387977572/.m2/org/apache/tomcat/embed/tomcat-embed-core/8.5.23/tomcat-embed-core-8.5.23.jar:/root/./workspace/jordilucas/ponto-inteligente-api/387977572/.m2/org/apache/tomcat/tomcat-annotations-api/8.5.23/tomcat-annotations-api-8.5.23.jar:/root/./workspace/jordilucas/ponto-inteligente-api/387977572/.m2/org/apache/tomcat/embed/tomcat-embed-websocket/8.5.23/tomcat-embed-websocket-8.5.23.jar:/root/./workspace/jordilucas/ponto-inteligente-api/387977572/.m2/org/hibernate/hibernate-validator/5.3.5.Final/hibernate-validator-5.3.5.Final.jar:/root/./workspace/jordilucas/ponto-inteligente-api/387977572/.m2/javax/validation/validation-api/1.1.0.Final/validation-api-1.1.0.Final.jar:/root/./workspace/jordilucas/ponto-inteligente-api/387977572/.m2/com/fasterxml/classmate/1.3.4/classmate-1.3.4.jar:/root/./workspace/jordilucas/ponto-inteligente-api/387977572/.m2/com/fasterxml/jackson/core/jackson-databind/2.8.10/jackson-databind-2.8.10.jar:/root/./workspace/jordilucas/ponto-inteligente-api/387977572/.m2/com/fasterxml/jackson/core/jackson-annotations/2.8.0/jackson-annotations-2.8.0.jar:/root/./workspace/jordilucas/ponto-inteligente-api/387977572/.m2/org/springframework/spring-web/4.3.12.RELEASE/spring-web-4.3.12.RELEASE.jar:/root/./workspace/jordilucas/ponto-inteligente-api/387977572/.m2/org/springframework/spring-webmvc/4.3.12.RELEASE/spring-webmvc-4.3.12.RELEASE.jar:/root/./workspace/jordilucas/ponto-inteligente-api/387977572/.m2/org/springframework/boot/spring-boot-starter-validation/1.5.8.RELEASE/spring-boot-starter-validation-1.5.8.RELEASE.jar:/root/./workspace/jordilucas/ponto-inteligente-api/387977572/.m2/org/apache/tomcat/embed/tomcat-embed-el/8.5.23/tomcat-embed-el-8.5.23.jar:/root/./workspace/jordilucas/ponto-inteligente-api/387977572/.m2/com/fasterxml/jackson/datatype/jackson-datatype-jdk8/2.8.10/jackson-datatype-jdk8-2.8.10.jar:/root/./workspace/jordilucas/ponto-inteligente-api/387977572/.m2/com/fasterxml/jackson/core/jackson-core/2.8.10/jackson-core-2.8.10.jar:/root/./workspace/jordilucas/ponto-inteligente-api/387977572/.m2/org/apache/commons/commons-lang3/3.6/commons-lang3-3.6.jar:, user.name=root, skipITs=true, java.vm.specification.version=1.8, sun.java.command=/root/workspace/jordilucas/ponto-inteligente-api/387977572/target/surefire/surefirebooter8553089524739200174.jar /root/workspace/jordilucas/ponto-inteligente-api/387977572/target/surefire/surefire3173184054435444890tmp /root/workspace/jordilucas/ponto-inteligente-api/387977572/target/surefire/surefire_07527372107658914535tmp, java.home=/usr/lib/jvm/java-8-openjdk-amd64/jre, sun.arch.data.model=64, user.language=en, java.specification.vendor=Oracle Corporation, dependency-check.skip=true, awt.toolkit=sun.awt.X11.XToolkit, java.vm.info=mixed mode, java.version=1.8.0_121, java.ext.dirs=/usr/lib/jvm/java-8-openjdk-amd64/jre/lib/ext:/usr/java/packages/lib/ext, sun.boot.class.path=/usr/lib/jvm/java-8-openjdk-amd64/jre/lib/resources.jar:/usr/lib/jvm/java-8-openjdk-amd64/jre/lib/rt.jar:/usr/lib/jvm/java-8-openjdk-amd64/jre/lib/sunrsasign.jar:/usr/lib/jvm/java-8-openjdk-amd64/jre/lib/jsse.jar:/usr/lib/jvm/java-8-openjdk-amd64/jre/lib/jce.jar:/usr/lib/jvm/java-8-openjdk-amd64/jre/lib/charsets.jar:/usr/lib/jvm/java-8-openjdk-amd64/jre/lib/jfr.jar:/usr/lib/jvm/java-8-openjdk-amd64/jre/classes, rat.skip=true, enforcer.skip=true, java.vendor=Oracle Corporation, localRepository=/root/./workspace/jordilucas/ponto-inteligente-api/387977572/.m2, file.separator=/, java.vendor.url.bug=http://bugreport.sun.com/bugreport/, sun.io.unicode.encoding=UnicodeLittle, sun.cpu.endian=little, sun.cpu.isalist=}}, SystemEnvironmentPropertySource@2136288211 {name='systemEnvironment', properties={PATH=/usr/local/sbin:/usr/local/bin:/usr/sbin:/usr/bin:/sbin:/bin, JAVA_HOME=/usr/lib/jvm/java-8-openjdk-amd64, NOTIFY_TO=, CA_CERTIFICATES_JAVA_VERSION=20161107~bpo8+1, MONGODB_HOST=, BUILD_ID=, LANG=C.UTF-8, MAVEN_HOME=/usr/share/maven, SMTP_SERVER=, MONGODB_NAME=, REPAIR_MODE=repair, PWD=/root/workspace/jordilucas/ponto-inteligente-api/387977572, JAVA_VERSION=8u121, GITHUB_OAUTH=, MAVEN_CMD_LINE_ARGS=/root/.m2 -B -D enforcer.skip=true -D dependency-check.skip=true -D skipITs=true -D cobertura.skip=true -D maven.repo.local=/root/./workspace/jordilucas/ponto-inteligente-api/387977572/.m2 -D rat.skip=true -D findbugs.skip=true -D skip.bower=true -D gpg.skip=true -D checkstyle.skip=true -D skip.gulp=true -D license.skip=true -D skip.npm=true test, _=/usr/bin/java, OUTPUT=, MAVEN_TERMINATE_CMD=on, MAVEN_CONFIG=/root/.m2, MAVEN_PROJECTBASEDIR=/root/workspace/jordilucas/ponto-inteligente-api/387977572, OLDPWD=/root/workspace/jordilucas/ponto-inteligente-api/387977572, LOG_FILENAME=repairnator-pipeline_2018-06-04_2231_387977572_5a77b685-d098-401d-b168-01e076b51223, RUN_ID=, HOSTNAME=cyclone1, JAVA_DEBIAN_VERSION=8u121-b13-1~bpo8+1, M2_HOME=/usr/share/maven, REPAIR_TOOLS=AssertFixer, HOME=/root, SHLVL=1, PUSH_URL=}}]
22:32:15.257 [main] INFO org.springframework.boot.test.context.SpringBootTestContextBootstrapper - Found @SpringBootConfiguration br.com.jordilucas.pontointeligente.api.PontoInteligenteApplication for test class br.com.jordilucas.pontointeligente.api.services.LancamentoServiceTest
22:32:15.259 [main] DEBUG org.springframework.boot.test.context.SpringBootTestContextBootstrapper - @TestExecutionListeners is not present for class [br.com.jordilucas.pontointeligente.api.services.LancamentoServiceTest]: using defaults.
22:32:15.264 [main] INFO org.springframework.boot.test.context.SpringBootTestContextBootstrapper - Loaded default TestExecutionListener class names from location [META-INF/spring.factories]: [org.springframework.boot.test.mock.mockito.MockitoTestExecutionListener, org.springframework.boot.test.mock.mockito.ResetMocksTestExecutionListener, org.springframework.boot.test.autoconfigure.restdocs.RestDocsTestExecutionListener, org.springframework.boot.test.autoconfigure.web.client.MockRestServiceServerResetTestExecutionListener, org.springframework.boot.test.autoconfigure.web.servlet.MockMvcPrintOnlyOnFailureTestExecutionListener, org.springframework.boot.test.autoconfigure.web.servlet.WebDriverTestExecutionListener, org.springframework.test.context.web.ServletTestExecutionListener, org.springframework.test.context.support.DirtiesContextBeforeModesTestExecutionListener, org.springframework.test.context.support.DependencyInjectionTestExecutionListener, org.springframework.test.context.support.DirtiesContextTestExecutionListener, org.springframework.test.context.transaction.TransactionalTestExecutionListener, org.springframework.test.context.jdbc.SqlScriptsTestExecutionListener, org.springframework.security.test.context.support.WithSecurityContextTestExecutionListener]
22:32:15.270 [main] INFO org.springframework.boot.test.context.SpringBootTestContextBootstrapper - Using TestExecutionListeners: [org.springframework.test.context.web.ServletTestExecutionListener@e056f20, org.springframework.test.context.support.DirtiesContextBeforeModesTestExecutionListener@4b0b0854, org.springframework.boot.test.autoconfigure.SpringBootDependencyInjectionTestExecutionListener@19bb07ed, org.springframework.test.context.support.DirtiesContextTestExecutionListener@10e41621, org.springframework.test.context.transaction.TransactionalTestExecutionListener@353d0772, org.springframework.test.context.jdbc.SqlScriptsTestExecutionListener@2667f029, org.springframework.security.test.context.support.WithSecurityContextTestExecutionListener@67a20f67, org.springframework.boot.test.autoconfigure.restdocs.RestDocsTestExecutionListener@57c758ac, org.springframework.boot.test.autoconfigure.web.client.MockRestServiceServerResetTestExecutionListener@a9cd3b1, org.springframework.boot.test.mock.mockito.ResetMocksTestExecutionListener@13e39c73, org.springframework.boot.test.autoconfigure.web.servlet.WebDriverTestExecutionListener@64cd705f, org.springframework.boot.test.mock.mockito.MockitoTestExecutionListener@9225652, org.springframework.boot.test.autoconfigure.web.servlet.MockMvcPrintOnlyOnFailureTestExecutionListener@654f0d9c]
22:32:15.275 [main] DEBUG org.springframework.test.context.junit4.SpringJUnit4ClassRunner - SpringJUnit4ClassRunner constructor called with [class br.com.jordilucas.pontointeligente.api.repositories.FuncionarioRepositoryTest]
22:32:15.275 [main] DEBUG org.springframework.test.context.BootstrapUtils - Instantiating CacheAwareContextLoaderDelegate from class [org.springframework.test.context.cache.DefaultCacheAwareContextLoaderDelegate]
22:32:15.276 [main] DEBUG org.springframework.test.context.BootstrapUtils - Instantiating BootstrapContext using constructor [public org.springframework.test.context.support.DefaultBootstrapContext(java.lang.Class,org.springframework.test.context.CacheAwareContextLoaderDelegate)]
22:32:15.276 [main] DEBUG org.springframework.test.context.BootstrapUtils - Instantiating TestContextBootstrapper for test class [br.com.jordilucas.pontointeligente.api.repositories.FuncionarioRepositoryTest] from class [org.springframework.boot.test.context.SpringBootTestContextBootstrapper]
22:32:15.277 [main] INFO org.springframework.boot.test.context.SpringBootTestContextBootstrapper - Neither @ContextConfiguration nor @ContextHierarchy found for test class [br.com.jordilucas.pontointeligente.api.repositories.FuncionarioRepositoryTest], using SpringBootContextLoader
22:32:15.278 [main] DEBUG org.springframework.test.context.support.AbstractContextLoader - Did not detect default resource location for test class [br.com.jordilucas.pontointeligente.api.repositories.FuncionarioRepositoryTest]: class path resource [br/com/jordilucas/pontointeligente/api/repositories/FuncionarioRepositoryTest-context.xml] does not exist
22:32:15.279 [main] DEBUG org.springframework.test.context.support.AbstractContextLoader - Did not detect default resource location for test class [br.com.jordilucas.pontointeligente.api.repositories.FuncionarioRepositoryTest]: class path resource [br/com/jordilucas/pontointeligente/api/repositories/FuncionarioRepositoryTestContext.groovy] does not exist
22:32:15.279 [main] INFO org.springframework.test.context.support.AbstractContextLoader - Could not detect default resource locations for test class [br.com.jordilucas.pontointeligente.api.repositories.FuncionarioRepositoryTest]: no resource found for suffixes {-context.xml, Context.groovy}.
22:32:15.279 [main] INFO org.springframework.test.context.support.AnnotationConfigContextLoaderUtils - Could not detect default configuration classes for test class [br.com.jordilucas.pontointeligente.api.repositories.FuncionarioRepositoryTest]: FuncionarioRepositoryTest does not declare any static, non-private, non-final, nested classes annotated with @Configuration.
22:32:15.288 [main] DEBUG org.springframework.core.env.StandardEnvironment - Adding PropertySource 'systemProperties' with lowest search precedence
22:32:15.288 [main] DEBUG org.springframework.core.env.StandardEnvironment - Adding PropertySource 'systemEnvironment' with lowest search precedence
22:32:15.289 [main] DEBUG org.springframework.core.env.StandardEnvironment - Initialized StandardEnvironment with PropertySources [MapPropertySource@367746789 {name='systemProperties', properties={java.runtime.name=OpenJDK Runtime Environment, sun.boot.library.path=/usr/lib/jvm/java-8-openjdk-amd64/jre/lib/amd64, java.vm.version=25.121-b13, java.vm.vendor=Oracle Corporation, java.vendor.url=http://java.oracle.com/, skip.gulp=true, path.separator=:, java.vm.name=OpenJDK 64-Bit Server VM, file.encoding.pkg=sun.io, findbugs.skip=true, sun.java.launcher=SUN_STANDARD, sun.os.patch.level=unknown, java.vm.specification.name=Java Virtual Machine Specification, user.dir=/root/workspace/jordilucas/ponto-inteligente-api/387977572, checkstyle.skip=true, java.runtime.version=1.8.0_121-8u121-b13-1~bpo8+1-b13, skip.npm=true, basedir=/root/workspace/jordilucas/ponto-inteligente-api/387977572, java.awt.graphicsenv=sun.awt.X11GraphicsEnvironment, java.endorsed.dirs=/usr/lib/jvm/java-8-openjdk-amd64/jre/lib/endorsed, os.arch=amd64, surefire.real.class.path=/root/workspace/jordilucas/ponto-inteligente-api/387977572/target/surefire/surefirebooter8553089524739200174.jar, gpg.skip=true, java.io.tmpdir=/tmp, line.separator=
, cobertura.skip=true, java.vm.specification.vendor=Oracle Corporation, os.name=Linux, sun.jnu.encoding=UTF-8, license.skip=true, java.library.path=/usr/java/packages/lib/amd64:/usr/lib/x86_64-linux-gnu/jni:/lib/x86_64-linux-gnu:/usr/lib/x86_64-linux-gnu:/usr/lib/jni:/lib:/usr/lib, surefire.test.class.path=/root/workspace/jordilucas/ponto-inteligente-api/387977572/target/test-classes:/root/workspace/jordilucas/ponto-inteligente-api/387977572/target/classes:/root/./workspace/jordilucas/ponto-inteligente-api/387977572/.m2/org/springframework/boot/spring-boot-starter/1.5.8.RELEASE/spring-boot-starter-1.5.8.RELEASE.jar:/root/./workspace/jordilucas/ponto-inteligente-api/387977572/.m2/org/springframework/boot/spring-boot/1.5.8.RELEASE/spring-boot-1.5.8.RELEASE.jar:/root/./workspace/jordilucas/ponto-inteligente-api/387977572/.m2/org/springframework/spring-context/4.3.12.RELEASE/spring-context-4.3.12.RELEASE.jar:/root/./workspace/jordilucas/ponto-inteligente-api/387977572/.m2/org/springframework/boot/spring-boot-autoconfigure/1.5.8.RELEASE/spring-boot-autoconfigure-1.5.8.RELEASE.jar:/root/./workspace/jordilucas/ponto-inteligente-api/387977572/.m2/org/springframework/boot/spring-boot-starter-logging/1.5.8.RELEASE/spring-boot-starter-logging-1.5.8.RELEASE.jar:/root/./workspace/jordilucas/ponto-inteligente-api/387977572/.m2/ch/qos/logback/logback-classic/1.1.11/logback-classic-1.1.11.jar:/root/./workspace/jordilucas/ponto-inteligente-api/387977572/.m2/ch/qos/logback/logback-core/1.1.11/logback-core-1.1.11.jar:/root/./workspace/jordilucas/ponto-inteligente-api/387977572/.m2/org/slf4j/jcl-over-slf4j/1.7.25/jcl-over-slf4j-1.7.25.jar:/root/./workspace/jordilucas/ponto-inteligente-api/387977572/.m2/org/slf4j/jul-to-slf4j/1.7.25/jul-to-slf4j-1.7.25.jar:/root/./workspace/jordilucas/ponto-inteligente-api/387977572/.m2/org/slf4j/log4j-over-slf4j/1.7.25/log4j-over-slf4j-1.7.25.jar:/root/./workspace/jordilucas/ponto-inteligente-api/387977572/.m2/org/springframework/spring-core/4.3.12.RELEASE/spring-core-4.3.12.RELEASE.jar:/root/./workspace/jordilucas/ponto-inteligente-api/387977572/.m2/org/yaml/snakeyaml/1.17/snakeyaml-1.17.jar:/root/./workspace/jordilucas/ponto-inteligente-api/387977572/.m2/org/springframework/boot/spring-boot-devtools/1.5.8.RELEASE/spring-boot-devtools-1.5.8.RELEASE.jar:/root/./workspace/jordilucas/ponto-inteligente-api/387977572/.m2/org/springframework/boot/spring-boot-starter-test/1.5.8.RELEASE/spring-boot-starter-test-1.5.8.RELEASE.jar:/root/./workspace/jordilucas/ponto-inteligente-api/387977572/.m2/org/springframework/boot/spring-boot-test/1.5.8.RELEASE/spring-boot-test-1.5.8.RELEASE.jar:/root/./workspace/jordilucas/ponto-inteligente-api/387977572/.m2/org/springframework/boot/spring-boot-test-autoconfigure/1.5.8.RELEASE/spring-boot-test-autoconfigure-1.5.8.RELEASE.jar:/root/./workspace/jordilucas/ponto-inteligente-api/387977572/.m2/com/jayway/jsonpath/json-path/2.2.0/json-path-2.2.0.jar:/root/./workspace/jordilucas/ponto-inteligente-api/387977572/.m2/net/minidev/json-smart/2.2.1/json-smart-2.2.1.jar:/root/./workspace/jordilucas/ponto-inteligente-api/387977572/.m2/net/minidev/accessors-smart/1.1/accessors-smart-1.1.jar:/root/./workspace/jordilucas/ponto-inteligente-api/387977572/.m2/org/ow2/asm/asm/5.0.3/asm-5.0.3.jar:/root/./workspace/jordilucas/ponto-inteligente-api/387977572/.m2/org/slf4j/slf4j-api/1.7.25/slf4j-api-1.7.25.jar:/root/./workspace/jordilucas/ponto-inteligente-api/387977572/.m2/junit/junit/4.12/junit-4.12.jar:/root/./workspace/jordilucas/ponto-inteligente-api/387977572/.m2/org/assertj/assertj-core/2.6.0/assertj-core-2.6.0.jar:/root/./workspace/jordilucas/ponto-inteligente-api/387977572/.m2/org/mockito/mockito-core/1.10.19/mockito-core-1.10.19.jar:/root/./workspace/jordilucas/ponto-inteligente-api/387977572/.m2/org/objenesis/objenesis/2.1/objenesis-2.1.jar:/root/./workspace/jordilucas/ponto-inteligente-api/387977572/.m2/org/hamcrest/hamcrest-core/1.3/hamcrest-core-1.3.jar:/root/./workspace/jordilucas/ponto-inteligente-api/387977572/.m2/org/hamcrest/hamcrest-library/1.3/hamcrest-library-1.3.jar:/root/./workspace/jordilucas/ponto-inteligente-api/387977572/.m2/org/skyscreamer/jsonassert/1.4.0/jsonassert-1.4.0.jar:/root/./workspace/jordilucas/ponto-inteligente-api/387977572/.m2/com/vaadin/external/google/android-json/0.0.20131108.vaadin1/android-json-0.0.20131108.vaadin1.jar:/root/./workspace/jordilucas/ponto-inteligente-api/387977572/.m2/org/springframework/spring-test/4.3.12.RELEASE/spring-test-4.3.12.RELEASE.jar:/root/./workspace/jordilucas/ponto-inteligente-api/387977572/.m2/org/springframework/boot/spring-boot-starter-data-jpa/1.5.8.RELEASE/spring-boot-starter-data-jpa-1.5.8.RELEASE.jar:/root/./workspace/jordilucas/ponto-inteligente-api/387977572/.m2/org/springframework/boot/spring-boot-starter-aop/1.5.8.RELEASE/spring-boot-starter-aop-1.5.8.RELEASE.jar:/root/./workspace/jordilucas/ponto-inteligente-api/387977572/.m2/org/aspectj/aspectjweaver/1.8.11/aspectjweaver-1.8.11.jar:/root/./workspace/jordilucas/ponto-inteligente-api/387977572/.m2/org/springframework/boot/spring-boot-starter-jdbc/1.5.8.RELEASE/spring-boot-starter-jdbc-1.5.8.RELEASE.jar:/root/./workspace/jordilucas/ponto-inteligente-api/387977572/.m2/org/apache/tomcat/tomcat-jdbc/8.5.23/tomcat-jdbc-8.5.23.jar:/root/./workspace/jordilucas/ponto-inteligente-api/387977572/.m2/org/apache/tomcat/tomcat-juli/8.5.23/tomcat-juli-8.5.23.jar:/root/./workspace/jordilucas/ponto-inteligente-api/387977572/.m2/org/springframework/spring-jdbc/4.3.12.RELEASE/spring-jdbc-4.3.12.RELEASE.jar:/root/./workspace/jordilucas/ponto-inteligente-api/387977572/.m2/org/hibernate/hibernate-core/5.0.12.Final/hibernate-core-5.0.12.Final.jar:/root/./workspace/jordilucas/ponto-inteligente-api/387977572/.m2/org/hibernate/javax/persistence/hibernate-jpa-2.1-api/1.0.0.Final/hibernate-jpa-2.1-api-1.0.0.Final.jar:/root/./workspace/jordilucas/ponto-inteligente-api/387977572/.m2/org/javassist/javassist/3.21.0-GA/javassist-3.21.0-GA.jar:/root/./workspace/jordilucas/ponto-inteligente-api/387977572/.m2/antlr/antlr/2.7.7/antlr-2.7.7.jar:/root/./workspace/jordilucas/ponto-inteligente-api/387977572/.m2/org/jboss/jandex/2.0.0.Final/jandex-2.0.0.Final.jar:/root/./workspace/jordilucas/ponto-inteligente-api/387977572/.m2/dom4j/dom4j/1.6.1/dom4j-1.6.1.jar:/root/./workspace/jordilucas/ponto-inteligente-api/387977572/.m2/org/hibernate/common/hibernate-commons-annotations/5.0.1.Final/hibernate-commons-annotations-5.0.1.Final.jar:/root/./workspace/jordilucas/ponto-inteligente-api/387977572/.m2/org/hibernate/hibernate-entitymanager/5.0.12.Final/hibernate-entitymanager-5.0.12.Final.jar:/root/./workspace/jordilucas/ponto-inteligente-api/387977572/.m2/javax/transaction/javax.transaction-api/1.2/javax.transaction-api-1.2.jar:/root/./workspace/jordilucas/ponto-inteligente-api/387977572/.m2/org/springframework/data/spring-data-jpa/1.11.8.RELEASE/spring-data-jpa-1.11.8.RELEASE.jar:/root/./workspace/jordilucas/ponto-inteligente-api/387977572/.m2/org/springframework/data/spring-data-commons/1.13.8.RELEASE/spring-data-commons-1.13.8.RELEASE.jar:/root/./workspace/jordilucas/ponto-inteligente-api/387977572/.m2/org/springframework/spring-orm/4.3.12.RELEASE/spring-orm-4.3.12.RELEASE.jar:/root/./workspace/jordilucas/ponto-inteligente-api/387977572/.m2/org/springframework/spring-tx/4.3.12.RELEASE/spring-tx-4.3.12.RELEASE.jar:/root/./workspace/jordilucas/ponto-inteligente-api/387977572/.m2/org/springframework/spring-beans/4.3.12.RELEASE/spring-beans-4.3.12.RELEASE.jar:/root/./workspace/jordilucas/ponto-inteligente-api/387977572/.m2/org/springframework/spring-aspects/4.3.12.RELEASE/spring-aspects-4.3.12.RELEASE.jar:/root/./workspace/jordilucas/ponto-inteligente-api/387977572/.m2/mysql/mysql-connector-java/5.1.44/mysql-connector-java-5.1.44.jar:/root/./workspace/jordilucas/ponto-inteligente-api/387977572/.m2/com/h2database/h2/1.4.196/h2-1.4.196.jar:/root/./workspace/jordilucas/ponto-inteligente-api/387977572/.m2/org/jboss/logging/jboss-logging/3.3.1.Final/jboss-logging-3.3.1.Final.jar:/root/./workspace/jordilucas/ponto-inteligente-api/387977572/.m2/org/springframework/boot/spring-boot-starter-security/1.5.8.RELEASE/spring-boot-starter-security-1.5.8.RELEASE.jar:/root/./workspace/jordilucas/ponto-inteligente-api/387977572/.m2/org/springframework/spring-aop/4.3.12.RELEASE/spring-aop-4.3.12.RELEASE.jar:/root/./workspace/jordilucas/ponto-inteligente-api/387977572/.m2/org/springframework/security/spring-security-config/4.2.3.RELEASE/spring-security-config-4.2.3.RELEASE.jar:/root/./workspace/jordilucas/ponto-inteligente-api/387977572/.m2/org/springframework/security/spring-security-web/4.2.3.RELEASE/spring-security-web-4.2.3.RELEASE.jar:/root/./workspace/jordilucas/ponto-inteligente-api/387977572/.m2/org/springframework/spring-expression/4.3.12.RELEASE/spring-expression-4.3.12.RELEASE.jar:/root/./workspace/jordilucas/ponto-inteligente-api/387977572/.m2/org/springframework/security/spring-security-test/4.2.3.RELEASE/spring-security-test-4.2.3.RELEASE.jar:/root/./workspace/jordilucas/ponto-inteligente-api/387977572/.m2/org/springframework/security/spring-security-core/4.2.3.RELEASE/spring-security-core-4.2.3.RELEASE.jar:/root/./workspace/jordilucas/ponto-inteligente-api/387977572/.m2/aopalliance/aopalliance/1.0/aopalliance-1.0.jar:/root/./workspace/jordilucas/ponto-inteligente-api/387977572/.m2/org/springframework/boot/spring-boot-starter-web/1.5.8.RELEASE/spring-boot-starter-web-1.5.8.RELEASE.jar:/root/./workspace/jordilucas/ponto-inteligente-api/387977572/.m2/org/springframework/boot/spring-boot-starter-tomcat/1.5.8.RELEASE/spring-boot-starter-tomcat-1.5.8.RELEASE.jar:/root/./workspace/jordilucas/ponto-inteligente-api/387977572/.m2/org/apache/tomcat/embed/tomcat-embed-core/8.5.23/tomcat-embed-core-8.5.23.jar:/root/./workspace/jordilucas/ponto-inteligente-api/387977572/.m2/org/apache/tomcat/tomcat-annotations-api/8.5.23/tomcat-annotations-api-8.5.23.jar:/root/./workspace/jordilucas/ponto-inteligente-api/387977572/.m2/org/apache/tomcat/embed/tomcat-embed-websocket/8.5.23/tomcat-embed-websocket-8.5.23.jar:/root/./workspace/jordilucas/ponto-inteligente-api/387977572/.m2/org/hibernate/hibernate-validator/5.3.5.Final/hibernate-validator-5.3.5.Final.jar:/root/./workspace/jordilucas/ponto-inteligente-api/387977572/.m2/javax/validation/validation-api/1.1.0.Final/validation-api-1.1.0.Final.jar:/root/./workspace/jordilucas/ponto-inteligente-api/387977572/.m2/com/fasterxml/classmate/1.3.4/classmate-1.3.4.jar:/root/./workspace/jordilucas/ponto-inteligente-api/387977572/.m2/com/fasterxml/jackson/core/jackson-databind/2.8.10/jackson-databind-2.8.10.jar:/root/./workspace/jordilucas/ponto-inteligente-api/387977572/.m2/com/fasterxml/jackson/core/jackson-annotations/2.8.0/jackson-annotations-2.8.0.jar:/root/./workspace/jordilucas/ponto-inteligente-api/387977572/.m2/org/springframework/spring-web/4.3.12.RELEASE/spring-web-4.3.12.RELEASE.jar:/root/./workspace/jordilucas/ponto-inteligente-api/387977572/.m2/org/springframework/spring-webmvc/4.3.12.RELEASE/spring-webmvc-4.3.12.RELEASE.jar:/root/./workspace/jordilucas/ponto-inteligente-api/387977572/.m2/org/springframework/boot/spring-boot-starter-validation/1.5.8.RELEASE/spring-boot-starter-validation-1.5.8.RELEASE.jar:/root/./workspace/jordilucas/ponto-inteligente-api/387977572/.m2/org/apache/tomcat/embed/tomcat-embed-el/8.5.23/tomcat-embed-el-8.5.23.jar:/root/./workspace/jordilucas/ponto-inteligente-api/387977572/.m2/com/fasterxml/jackson/datatype/jackson-datatype-jdk8/2.8.10/jackson-datatype-jdk8-2.8.10.jar:/root/./workspace/jordilucas/ponto-inteligente-api/387977572/.m2/com/fasterxml/jackson/core/jackson-core/2.8.10/jackson-core-2.8.10.jar:/root/./workspace/jordilucas/ponto-inteligente-api/387977572/.m2/org/apache/commons/commons-lang3/3.6/commons-lang3-3.6.jar:, java.specification.name=Java Platform API Specification, java.class.version=52.0, skip.bower=true, sun.management.compiler=HotSpot 64-Bit Tiered Compilers, maven.repo.local=/root/./workspace/jordilucas/ponto-inteligente-api/387977572/.m2, os.version=3.10.0-862.3.2.el7.x86_64, user.home=/root, user.timezone=Europe/Paris, java.awt.printerjob=sun.print.PSPrinterJob, file.encoding=UTF-8, java.specification.version=1.8, java.class.path=/root/workspace/jordilucas/ponto-inteligente-api/387977572/target/test-classes:/root/workspace/jordilucas/ponto-inteligente-api/387977572/target/classes:/root/./workspace/jordilucas/ponto-inteligente-api/387977572/.m2/org/springframework/boot/spring-boot-starter/1.5.8.RELEASE/spring-boot-starter-1.5.8.RELEASE.jar:/root/./workspace/jordilucas/ponto-inteligente-api/387977572/.m2/org/springframework/boot/spring-boot/1.5.8.RELEASE/spring-boot-1.5.8.RELEASE.jar:/root/./workspace/jordilucas/ponto-inteligente-api/387977572/.m2/org/springframework/spring-context/4.3.12.RELEASE/spring-context-4.3.12.RELEASE.jar:/root/./workspace/jordilucas/ponto-inteligente-api/387977572/.m2/org/springframework/boot/spring-boot-autoconfigure/1.5.8.RELEASE/spring-boot-autoconfigure-1.5.8.RELEASE.jar:/root/./workspace/jordilucas/ponto-inteligente-api/387977572/.m2/org/springframework/boot/spring-boot-starter-logging/1.5.8.RELEASE/spring-boot-starter-logging-1.5.8.RELEASE.jar:/root/./workspace/jordilucas/ponto-inteligente-api/387977572/.m2/ch/qos/logback/logback-classic/1.1.11/logback-classic-1.1.11.jar:/root/./workspace/jordilucas/ponto-inteligente-api/387977572/.m2/ch/qos/logback/logback-core/1.1.11/logback-core-1.1.11.jar:/root/./workspace/jordilucas/ponto-inteligente-api/387977572/.m2/org/slf4j/jcl-over-slf4j/1.7.25/jcl-over-slf4j-1.7.25.jar:/root/./workspace/jordilucas/ponto-inteligente-api/387977572/.m2/org/slf4j/jul-to-slf4j/1.7.25/jul-to-slf4j-1.7.25.jar:/root/./workspace/jordilucas/ponto-inteligente-api/387977572/.m2/org/slf4j/log4j-over-slf4j/1.7.25/log4j-over-slf4j-1.7.25.jar:/root/./workspace/jordilucas/ponto-inteligente-api/387977572/.m2/org/springframework/spring-core/4.3.12.RELEASE/spring-core-4.3.12.RELEASE.jar:/root/./workspace/jordilucas/ponto-inteligente-api/387977572/.m2/org/yaml/snakeyaml/1.17/snakeyaml-1.17.jar:/root/./workspace/jordilucas/ponto-inteligente-api/387977572/.m2/org/springframework/boot/spring-boot-devtools/1.5.8.RELEASE/spring-boot-devtools-1.5.8.RELEASE.jar:/root/./workspace/jordilucas/ponto-inteligente-api/387977572/.m2/org/springframework/boot/spring-boot-starter-test/1.5.8.RELEASE/spring-boot-starter-test-1.5.8.RELEASE.jar:/root/./workspace/jordilucas/ponto-inteligente-api/387977572/.m2/org/springframework/boot/spring-boot-test/1.5.8.RELEASE/spring-boot-test-1.5.8.RELEASE.jar:/root/./workspace/jordilucas/ponto-inteligente-api/387977572/.m2/org/springframework/boot/spring-boot-test-autoconfigure/1.5.8.RELEASE/spring-boot-test-autoconfigure-1.5.8.RELEASE.jar:/root/./workspace/jordilucas/ponto-inteligente-api/387977572/.m2/com/jayway/jsonpath/json-path/2.2.0/json-path-2.2.0.jar:/root/./workspace/jordilucas/ponto-inteligente-api/387977572/.m2/net/minidev/json-smart/2.2.1/json-smart-2.2.1.jar:/root/./workspace/jordilucas/ponto-inteligente-api/387977572/.m2/net/minidev/accessors-smart/1.1/accessors-smart-1.1.jar:/root/./workspace/jordilucas/ponto-inteligente-api/387977572/.m2/org/ow2/asm/asm/5.0.3/asm-5.0.3.jar:/root/./workspace/jordilucas/ponto-inteligente-api/387977572/.m2/org/slf4j/slf4j-api/1.7.25/slf4j-api-1.7.25.jar:/root/./workspace/jordilucas/ponto-inteligente-api/387977572/.m2/junit/junit/4.12/junit-4.12.jar:/root/./workspace/jordilucas/ponto-inteligente-api/387977572/.m2/org/assertj/assertj-core/2.6.0/assertj-core-2.6.0.jar:/root/./workspace/jordilucas/ponto-inteligente-api/387977572/.m2/org/mockito/mockito-core/1.10.19/mockito-core-1.10.19.jar:/root/./workspace/jordilucas/ponto-inteligente-api/387977572/.m2/org/objenesis/objenesis/2.1/objenesis-2.1.jar:/root/./workspace/jordilucas/ponto-inteligente-api/387977572/.m2/org/hamcrest/hamcrest-core/1.3/hamcrest-core-1.3.jar:/root/./workspace/jordilucas/ponto-inteligente-api/387977572/.m2/org/hamcrest/hamcrest-library/1.3/hamcrest-library-1.3.jar:/root/./workspace/jordilucas/ponto-inteligente-api/387977572/.m2/org/skyscreamer/jsonassert/1.4.0/jsonassert-1.4.0.jar:/root/./workspace/jordilucas/ponto-inteligente-api/387977572/.m2/com/vaadin/external/google/android-json/0.0.20131108.vaadin1/android-json-0.0.20131108.vaadin1.jar:/root/./workspace/jordilucas/ponto-inteligente-api/387977572/.m2/org/springframework/spring-test/4.3.12.RELEASE/spring-test-4.3.12.RELEASE.jar:/root/./workspace/jordilucas/ponto-inteligente-api/387977572/.m2/org/springframework/boot/spring-boot-starter-data-jpa/1.5.8.RELEASE/spring-boot-starter-data-jpa-1.5.8.RELEASE.jar:/root/./workspace/jordilucas/ponto-inteligente-api/387977572/.m2/org/springframework/boot/spring-boot-starter-aop/1.5.8.RELEASE/spring-boot-starter-aop-1.5.8.RELEASE.jar:/root/./workspace/jordilucas/ponto-inteligente-api/387977572/.m2/org/aspectj/aspectjweaver/1.8.11/aspectjweaver-1.8.11.jar:/root/./workspace/jordilucas/ponto-inteligente-api/387977572/.m2/org/springframework/boot/spring-boot-starter-jdbc/1.5.8.RELEASE/spring-boot-starter-jdbc-1.5.8.RELEASE.jar:/root/./workspace/jordilucas/ponto-inteligente-api/387977572/.m2/org/apache/tomcat/tomcat-jdbc/8.5.23/tomcat-jdbc-8.5.23.jar:/root/./workspace/jordilucas/ponto-inteligente-api/387977572/.m2/org/apache/tomcat/tomcat-juli/8.5.23/tomcat-juli-8.5.23.jar:/root/./workspace/jordilucas/ponto-inteligente-api/387977572/.m2/org/springframework/spring-jdbc/4.3.12.RELEASE/spring-jdbc-4.3.12.RELEASE.jar:/root/./workspace/jordilucas/ponto-inteligente-api/387977572/.m2/org/hibernate/hibernate-core/5.0.12.Final/hibernate-core-5.0.12.Final.jar:/root/./workspace/jordilucas/ponto-inteligente-api/387977572/.m2/org/hibernate/javax/persistence/hibernate-jpa-2.1-api/1.0.0.Final/hibernate-jpa-2.1-api-1.0.0.Final.jar:/root/./workspace/jordilucas/ponto-inteligente-api/387977572/.m2/org/javassist/javassist/3.21.0-GA/javassist-3.21.0-GA.jar:/root/./workspace/jordilucas/ponto-inteligente-api/387977572/.m2/antlr/antlr/2.7.7/antlr-2.7.7.jar:/root/./workspace/jordilucas/ponto-inteligente-api/387977572/.m2/org/jboss/jandex/2.0.0.Final/jandex-2.0.0.Final.jar:/root/./workspace/jordilucas/ponto-inteligente-api/387977572/.m2/dom4j/dom4j/1.6.1/dom4j-1.6.1.jar:/root/./workspace/jordilucas/ponto-inteligente-api/387977572/.m2/org/hibernate/common/hibernate-commons-annotations/5.0.1.Final/hibernate-commons-annotations-5.0.1.Final.jar:/root/./workspace/jordilucas/ponto-inteligente-api/387977572/.m2/org/hibernate/hibernate-entitymanager/5.0.12.Final/hibernate-entitymanager-5.0.12.Final.jar:/root/./workspace/jordilucas/ponto-inteligente-api/387977572/.m2/javax/transaction/javax.transaction-api/1.2/javax.transaction-api-1.2.jar:/root/./workspace/jordilucas/ponto-inteligente-api/387977572/.m2/org/springframework/data/spring-data-jpa/1.11.8.RELEASE/spring-data-jpa-1.11.8.RELEASE.jar:/root/./workspace/jordilucas/ponto-inteligente-api/387977572/.m2/org/springframework/data/spring-data-commons/1.13.8.RELEASE/spring-data-commons-1.13.8.RELEASE.jar:/root/./workspace/jordilucas/ponto-inteligente-api/387977572/.m2/org/springframework/spring-orm/4.3.12.RELEASE/spring-orm-4.3.12.RELEASE.jar:/root/./workspace/jordilucas/ponto-inteligente-api/387977572/.m2/org/springframework/spring-tx/4.3.12.RELEASE/spring-tx-4.3.12.RELEASE.jar:/root/./workspace/jordilucas/ponto-inteligente-api/387977572/.m2/org/springframework/spring-beans/4.3.12.RELEASE/spring-beans-4.3.12.RELEASE.jar:/root/./workspace/jordilucas/ponto-inteligente-api/387977572/.m2/org/springframework/spring-aspects/4.3.12.RELEASE/spring-aspects-4.3.12.RELEASE.jar:/root/./workspace/jordilucas/ponto-inteligente-api/387977572/.m2/mysql/mysql-connector-java/5.1.44/mysql-connector-java-5.1.44.jar:/root/./workspace/jordilucas/ponto-inteligente-api/387977572/.m2/com/h2database/h2/1.4.196/h2-1.4.196.jar:/root/./workspace/jordilucas/ponto-inteligente-api/387977572/.m2/org/jboss/logging/jboss-logging/3.3.1.Final/jboss-logging-3.3.1.Final.jar:/root/./workspace/jordilucas/ponto-inteligente-api/387977572/.m2/org/springframework/boot/spring-boot-starter-security/1.5.8.RELEASE/spring-boot-starter-security-1.5.8.RELEASE.jar:/root/./workspace/jordilucas/ponto-inteligente-api/387977572/.m2/org/springframework/spring-aop/4.3.12.RELEASE/spring-aop-4.3.12.RELEASE.jar:/root/./workspace/jordilucas/ponto-inteligente-api/387977572/.m2/org/springframework/security/spring-security-config/4.2.3.RELEASE/spring-security-config-4.2.3.RELEASE.jar:/root/./workspace/jordilucas/ponto-inteligente-api/387977572/.m2/org/springframework/security/spring-security-web/4.2.3.RELEASE/spring-security-web-4.2.3.RELEASE.jar:/root/./workspace/jordilucas/ponto-inteligente-api/387977572/.m2/org/springframework/spring-expression/4.3.12.RELEASE/spring-expression-4.3.12.RELEASE.jar:/root/./workspace/jordilucas/ponto-inteligente-api/387977572/.m2/org/springframework/security/spring-security-test/4.2.3.RELEASE/spring-security-test-4.2.3.RELEASE.jar:/root/./workspace/jordilucas/ponto-inteligente-api/387977572/.m2/org/springframework/security/spring-security-core/4.2.3.RELEASE/spring-security-core-4.2.3.RELEASE.jar:/root/./workspace/jordilucas/ponto-inteligente-api/387977572/.m2/aopalliance/aopalliance/1.0/aopalliance-1.0.jar:/root/./workspace/jordilucas/ponto-inteligente-api/387977572/.m2/org/springframework/boot/spring-boot-starter-web/1.5.8.RELEASE/spring-boot-starter-web-1.5.8.RELEASE.jar:/root/./workspace/jordilucas/ponto-inteligente-api/387977572/.m2/org/springframework/boot/spring-boot-starter-tomcat/1.5.8.RELEASE/spring-boot-starter-tomcat-1.5.8.RELEASE.jar:/root/./workspace/jordilucas/ponto-inteligente-api/387977572/.m2/org/apache/tomcat/embed/tomcat-embed-core/8.5.23/tomcat-embed-core-8.5.23.jar:/root/./workspace/jordilucas/ponto-inteligente-api/387977572/.m2/org/apache/tomcat/tomcat-annotations-api/8.5.23/tomcat-annotations-api-8.5.23.jar:/root/./workspace/jordilucas/ponto-inteligente-api/387977572/.m2/org/apache/tomcat/embed/tomcat-embed-websocket/8.5.23/tomcat-embed-websocket-8.5.23.jar:/root/./workspace/jordilucas/ponto-inteligente-api/387977572/.m2/org/hibernate/hibernate-validator/5.3.5.Final/hibernate-validator-5.3.5.Final.jar:/root/./workspace/jordilucas/ponto-inteligente-api/387977572/.m2/javax/validation/validation-api/1.1.0.Final/validation-api-1.1.0.Final.jar:/root/./workspace/jordilucas/ponto-inteligente-api/387977572/.m2/com/fasterxml/classmate/1.3.4/classmate-1.3.4.jar:/root/./workspace/jordilucas/ponto-inteligente-api/387977572/.m2/com/fasterxml/jackson/core/jackson-databind/2.8.10/jackson-databind-2.8.10.jar:/root/./workspace/jordilucas/ponto-inteligente-api/387977572/.m2/com/fasterxml/jackson/core/jackson-annotations/2.8.0/jackson-annotations-2.8.0.jar:/root/./workspace/jordilucas/ponto-inteligente-api/387977572/.m2/org/springframework/spring-web/4.3.12.RELEASE/spring-web-4.3.12.RELEASE.jar:/root/./workspace/jordilucas/ponto-inteligente-api/387977572/.m2/org/springframework/spring-webmvc/4.3.12.RELEASE/spring-webmvc-4.3.12.RELEASE.jar:/root/./workspace/jordilucas/ponto-inteligente-api/387977572/.m2/org/springframework/boot/spring-boot-starter-validation/1.5.8.RELEASE/spring-boot-starter-validation-1.5.8.RELEASE.jar:/root/./workspace/jordilucas/ponto-inteligente-api/387977572/.m2/org/apache/tomcat/embed/tomcat-embed-el/8.5.23/tomcat-embed-el-8.5.23.jar:/root/./workspace/jordilucas/ponto-inteligente-api/387977572/.m2/com/fasterxml/jackson/datatype/jackson-datatype-jdk8/2.8.10/jackson-datatype-jdk8-2.8.10.jar:/root/./workspace/jordilucas/ponto-inteligente-api/387977572/.m2/com/fasterxml/jackson/core/jackson-core/2.8.10/jackson-core-2.8.10.jar:/root/./workspace/jordilucas/ponto-inteligente-api/387977572/.m2/org/apache/commons/commons-lang3/3.6/commons-lang3-3.6.jar:, user.name=root, skipITs=true, java.vm.specification.version=1.8, sun.java.command=/root/workspace/jordilucas/ponto-inteligente-api/387977572/target/surefire/surefirebooter8553089524739200174.jar /root/workspace/jordilucas/ponto-inteligente-api/387977572/target/surefire/surefire3173184054435444890tmp /root/workspace/jordilucas/ponto-inteligente-api/387977572/target/surefire/surefire_07527372107658914535tmp, java.home=/usr/lib/jvm/java-8-openjdk-amd64/jre, sun.arch.data.model=64, user.language=en, java.specification.vendor=Oracle Corporation, dependency-check.skip=true, awt.toolkit=sun.awt.X11.XToolkit, java.vm.info=mixed mode, java.version=1.8.0_121, java.ext.dirs=/usr/lib/jvm/java-8-openjdk-amd64/jre/lib/ext:/usr/java/packages/lib/ext, sun.boot.class.path=/usr/lib/jvm/java-8-openjdk-amd64/jre/lib/resources.jar:/usr/lib/jvm/java-8-openjdk-amd64/jre/lib/rt.jar:/usr/lib/jvm/java-8-openjdk-amd64/jre/lib/sunrsasign.jar:/usr/lib/jvm/java-8-openjdk-amd64/jre/lib/jsse.jar:/usr/lib/jvm/java-8-openjdk-amd64/jre/lib/jce.jar:/usr/lib/jvm/java-8-openjdk-amd64/jre/lib/charsets.jar:/usr/lib/jvm/java-8-openjdk-amd64/jre/lib/jfr.jar:/usr/lib/jvm/java-8-openjdk-amd64/jre/classes, rat.skip=true, enforcer.skip=true, java.vendor=Oracle Corporation, localRepository=/root/./workspace/jordilucas/ponto-inteligente-api/387977572/.m2, file.separator=/, java.vendor.url.bug=http://bugreport.sun.com/bugreport/, sun.io.unicode.encoding=UnicodeLittle, sun.cpu.endian=little, sun.cpu.isalist=}}, SystemEnvironmentPropertySource@558216562 {name='systemEnvironment', properties={PATH=/usr/local/sbin:/usr/local/bin:/usr/sbin:/usr/bin:/sbin:/bin, JAVA_HOME=/usr/lib/jvm/java-8-openjdk-amd64, NOTIFY_TO=, CA_CERTIFICATES_JAVA_VERSION=20161107~bpo8+1, MONGODB_HOST=, BUILD_ID=, LANG=C.UTF-8, MAVEN_HOME=/usr/share/maven, SMTP_SERVER=, MONGODB_NAME=, REPAIR_MODE=repair, PWD=/root/workspace/jordilucas/ponto-inteligente-api/387977572, JAVA_VERSION=8u121, GITHUB_OAUTH=, MAVEN_CMD_LINE_ARGS=/root/.m2 -B -D enforcer.skip=true -D dependency-check.skip=true -D skipITs=true -D cobertura.skip=true -D maven.repo.local=/root/./workspace/jordilucas/ponto-inteligente-api/387977572/.m2 -D rat.skip=true -D findbugs.skip=true -D skip.bower=true -D gpg.skip=true -D checkstyle.skip=true -D skip.gulp=true -D license.skip=true -D skip.npm=true test, _=/usr/bin/java, OUTPUT=, MAVEN_TERMINATE_CMD=on, MAVEN_CONFIG=/root/.m2, MAVEN_PROJECTBASEDIR=/root/workspace/jordilucas/ponto-inteligente-api/387977572, OLDPWD=/root/workspace/jordilucas/ponto-inteligente-api/387977572, LOG_FILENAME=repairnator-pipeline_2018-06-04_2231_387977572_5a77b685-d098-401d-b168-01e076b51223, RUN_ID=, HOSTNAME=cyclone1, JAVA_DEBIAN_VERSION=8u121-b13-1~bpo8+1, M2_HOME=/usr/share/maven, REPAIR_TOOLS=AssertFixer, HOME=/root, SHLVL=1, PUSH_URL=}}]
22:32:15.291 [main] DEBUG org.springframework.core.io.support.PathMatchingResourcePatternResolver - Resolved classpath location [br/com/jordilucas/pontointeligente/api/repositories/] to resources [URL [file:/root/workspace/jordilucas/ponto-inteligente-api/387977572/target/test-classes/br/com/jordilucas/pontointeligente/api/repositories/], URL [file:/root/workspace/jordilucas/ponto-inteligente-api/387977572/target/classes/br/com/jordilucas/pontointeligente/api/repositories/]]
22:32:15.291 [main] DEBUG org.springframework.core.io.support.PathMatchingResourcePatternResolver - Looking for matching resources in directory tree [/root/workspace/jordilucas/ponto-inteligente-api/387977572/target/test-classes/br/com/jordilucas/pontointeligente/api/repositories]
22:32:15.291 [main] DEBUG org.springframework.core.io.support.PathMatchingResourcePatternResolver - Searching directory [/root/workspace/jordilucas/ponto-inteligente-api/387977572/target/test-classes/br/com/jordilucas/pontointeligente/api/repositories] for files matching pattern [/root/workspace/jordilucas/ponto-inteligente-api/387977572/target/test-classes/br/com/jordilucas/pontointeligente/api/repositories/*.class]
22:32:15.294 [main] DEBUG org.springframework.core.io.support.PathMatchingResourcePatternResolver - Looking for matching resources in directory tree [/root/workspace/jordilucas/ponto-inteligente-api/387977572/target/classes/br/com/jordilucas/pontointeligente/api/repositories]
22:32:15.294 [main] DEBUG org.springframework.core.io.support.PathMatchingResourcePatternResolver - Searching directory [/root/workspace/jordilucas/ponto-inteligente-api/387977572/target/classes/br/com/jordilucas/pontointeligente/api/repositories] for files matching pattern [/root/workspace/jordilucas/ponto-inteligente-api/387977572/target/classes/br/com/jordilucas/pontointeligente/api/repositories/*.class]
22:32:15.295 [main] DEBUG org.springframework.core.io.support.PathMatchingResourcePatternResolver - Resolved location pattern [classpath*:br/com/jordilucas/pontointeligente/api/repositories/*.class] to resources [file [/root/workspace/jordilucas/ponto-inteligente-api/387977572/target/test-classes/br/com/jordilucas/pontointeligente/api/repositories/EmpresaRepositoryTest.class], file [/root/workspace/jordilucas/ponto-inteligente-api/387977572/target/test-classes/br/com/jordilucas/pontointeligente/api/repositories/FuncionarioRepositoryTest.class], file [/root/workspace/jordilucas/ponto-inteligente-api/387977572/target/test-classes/br/com/jordilucas/pontointeligente/api/repositories/LancamentoRepositoryTest.class], file [/root/workspace/jordilucas/ponto-inteligente-api/387977572/target/classes/br/com/jordilucas/pontointeligente/api/repositories/EmpresaRepository.class], file [/root/workspace/jordilucas/ponto-inteligente-api/387977572/target/classes/br/com/jordilucas/pontointeligente/api/repositories/FuncionarioRepository.class], file [/root/workspace/jordilucas/ponto-inteligente-api/387977572/target/classes/br/com/jordilucas/pontointeligente/api/repositories/LancamentoRepository.class]]
22:32:15.318 [main] DEBUG org.springframework.core.io.support.PathMatchingResourcePatternResolver - Resolved classpath location [br/com/jordilucas/pontointeligente/api/] to resources [URL [file:/root/workspace/jordilucas/ponto-inteligente-api/387977572/target/test-classes/br/com/jordilucas/pontointeligente/api/], URL [file:/root/workspace/jordilucas/ponto-inteligente-api/387977572/target/classes/br/com/jordilucas/pontointeligente/api/]]
22:32:15.319 [main] DEBUG org.springframework.core.io.support.PathMatchingResourcePatternResolver - Looking for matching resources in directory tree [/root/workspace/jordilucas/ponto-inteligente-api/387977572/target/test-classes/br/com/jordilucas/pontointeligente/api]
22:32:15.319 [main] DEBUG org.springframework.core.io.support.PathMatchingResourcePatternResolver - Searching directory [/root/workspace/jordilucas/ponto-inteligente-api/387977572/target/test-classes/br/com/jordilucas/pontointeligente/api] for files matching pattern [/root/workspace/jordilucas/ponto-inteligente-api/387977572/target/test-classes/br/com/jordilucas/pontointeligente/api/*.class]
22:32:15.320 [main] DEBUG org.springframework.core.io.support.PathMatchingResourcePatternResolver - Looking for matching resources in directory tree [/root/workspace/jordilucas/ponto-inteligente-api/387977572/target/classes/br/com/jordilucas/pontointeligente/api]
22:32:15.320 [main] DEBUG org.springframework.core.io.support.PathMatchingResourcePatternResolver - Searching directory [/root/workspace/jordilucas/ponto-inteligente-api/387977572/target/classes/br/com/jordilucas/pontointeligente/api] for files matching pattern [/root/workspace/jordilucas/ponto-inteligente-api/387977572/target/classes/br/com/jordilucas/pontointeligente/api/*.class]
22:32:15.322 [main] DEBUG org.springframework.core.io.support.PathMatchingResourcePatternResolver - Resolved location pattern [classpath*:br/com/jordilucas/pontointeligente/api/*.class] to resources [file [/root/workspace/jordilucas/ponto-inteligente-api/387977572/target/test-classes/br/com/jordilucas/pontointeligente/api/PontoInteligenteApplicationTests.class], file [/root/workspace/jordilucas/ponto-inteligente-api/387977572/target/classes/br/com/jordilucas/pontointeligente/api/PontoInteligenteApplication.class]]
22:32:15.326 [main] DEBUG org.springframework.context.annotation.ClassPathScanningCandidateComponentProvider - Identified candidate component class: file [/root/workspace/jordilucas/ponto-inteligente-api/387977572/target/classes/br/com/jordilucas/pontointeligente/api/PontoInteligenteApplication.class]
22:32:15.326 [main] INFO org.springframework.boot.test.context.SpringBootTestContextBootstrapper - Found @SpringBootConfiguration br.com.jordilucas.pontointeligente.api.PontoInteligenteApplication for test class br.com.jordilucas.pontointeligente.api.repositories.FuncionarioRepositoryTest
22:32:15.330 [main] DEBUG org.springframework.boot.test.context.SpringBootTestContextBootstrapper - @TestExecutionListeners is not present for class [br.com.jordilucas.pontointeligente.api.repositories.FuncionarioRepositoryTest]: using defaults.
22:32:15.334 [main] INFO org.springframework.boot.test.context.SpringBootTestContextBootstrapper - Loaded default TestExecutionListener class names from location [META-INF/spring.factories]: [org.springframework.boot.test.mock.mockito.MockitoTestExecutionListener, org.springframework.boot.test.mock.mockito.ResetMocksTestExecutionListener, org.springframework.boot.test.autoconfigure.restdocs.RestDocsTestExecutionListener, org.springframework.boot.test.autoconfigure.web.client.MockRestServiceServerResetTestExecutionListener, org.springframework.boot.test.autoconfigure.web.servlet.MockMvcPrintOnlyOnFailureTestExecutionListener, org.springframework.boot.test.autoconfigure.web.servlet.WebDriverTestExecutionListener, org.springframework.test.context.web.ServletTestExecutionListener, org.springframework.test.context.support.DirtiesContextBeforeModesTestExecutionListener, org.springframework.test.context.support.DependencyInjectionTestExecutionListener, org.springframework.test.context.support.DirtiesContextTestExecutionListener, org.springframework.test.context.transaction.TransactionalTestExecutionListener, org.springframework.test.context.jdbc.SqlScriptsTestExecutionListener, org.springframework.security.test.context.support.WithSecurityContextTestExecutionListener]
22:32:15.339 [main] INFO org.springframework.boot.test.context.SpringBootTestContextBootstrapper - Using TestExecutionListeners: [org.springframework.test.context.web.ServletTestExecutionListener@4466af20, org.springframework.test.context.support.DirtiesContextBeforeModesTestExecutionListener@a514af7, org.springframework.boot.test.autoconfigure.SpringBootDependencyInjectionTestExecutionListener@6b927fb, org.springframework.test.context.support.DirtiesContextTestExecutionListener@3e58a80e, org.springframework.test.context.transaction.TransactionalTestExecutionListener@4fb61f4a, org.springframework.test.context.jdbc.SqlScriptsTestExecutionListener@4fb0f2b9, org.springframework.security.test.context.support.WithSecurityContextTestExecutionListener@79924b, org.springframework.boot.test.autoconfigure.restdocs.RestDocsTestExecutionListener@7b9a4292, org.springframework.boot.test.autoconfigure.web.client.MockRestServiceServerResetTestExecutionListener@4a94ee4, org.springframework.boot.test.mock.mockito.ResetMocksTestExecutionListener@4cc451f2, org.springframework.boot.test.autoconfigure.web.servlet.WebDriverTestExecutionListener@6379eb, org.springframework.boot.test.mock.mockito.MockitoTestExecutionListener@294425a7, org.springframework.boot.test.autoconfigure.web.servlet.MockMvcPrintOnlyOnFailureTestExecutionListener@67d48005]
22:32:15.342 [main] DEBUG org.springframework.test.context.junit4.SpringJUnit4ClassRunner - SpringJUnit4ClassRunner constructor called with [class br.com.jordilucas.pontointeligente.api.repositories.LancamentoRepositoryTest]
22:32:15.342 [main] DEBUG org.springframework.test.context.BootstrapUtils - Instantiating CacheAwareContextLoaderDelegate from class [org.springframework.test.context.cache.DefaultCacheAwareContextLoaderDelegate]
22:32:15.343 [main] DEBUG org.springframework.test.context.BootstrapUtils - Instantiating BootstrapContext using constructor [public org.springframework.test.context.support.DefaultBootstrapContext(java.lang.Class,org.springframework.test.context.CacheAwareContextLoaderDelegate)]
22:32:15.343 [main] DEBUG org.springframework.test.context.BootstrapUtils - Instantiating TestContextBootstrapper for test class [br.com.jordilucas.pontointeligente.api.repositories.LancamentoRepositoryTest] from class [org.springframework.boot.test.context.SpringBootTestContextBootstrapper]
22:32:15.344 [main] INFO org.springframework.boot.test.context.SpringBootTestContextBootstrapper - Neither @ContextConfiguration nor @ContextHierarchy found for test class [br.com.jordilucas.pontointeligente.api.repositories.LancamentoRepositoryTest], using SpringBootContextLoader
22:32:15.345 [main] DEBUG org.springframework.test.context.support.AbstractContextLoader - Did not detect default resource location for test class [br.com.jordilucas.pontointeligente.api.repositories.LancamentoRepositoryTest]: class path resource [br/com/jordilucas/pontointeligente/api/repositories/LancamentoRepositoryTest-context.xml] does not exist
22:32:15.346 [main] DEBUG org.springframework.test.context.support.AbstractContextLoader - Did not detect default resource location for test class [br.com.jordilucas.pontointeligente.api.repositories.LancamentoRepositoryTest]: class path resource [br/com/jordilucas/pontointeligente/api/repositories/LancamentoRepositoryTestContext.groovy] does not exist
22:32:15.346 [main] INFO org.springframework.test.context.support.AbstractContextLoader - Could not detect default resource locations for test class [br.com.jordilucas.pontointeligente.api.repositories.LancamentoRepositoryTest]: no resource found for suffixes {-context.xml, Context.groovy}.
22:32:15.346 [main] INFO org.springframework.test.context.support.AnnotationConfigContextLoaderUtils - Could not detect default configuration classes for test class [br.com.jordilucas.pontointeligente.api.repositories.LancamentoRepositoryTest]: LancamentoRepositoryTest does not declare any static, non-private, non-final, nested classes annotated with @Configuration.
22:32:15.354 [main] DEBUG org.springframework.core.env.StandardEnvironment - Adding PropertySource 'systemProperties' with lowest search precedence
22:32:15.354 [main] DEBUG org.springframework.core.env.StandardEnvironment - Adding PropertySource 'systemEnvironment' with lowest search precedence
22:32:15.355 [main] DEBUG org.springframework.core.env.StandardEnvironment - Initialized StandardEnvironment with PropertySources [MapPropertySource@1448061896 {name='systemProperties', properties={java.runtime.name=OpenJDK Runtime Environment, sun.boot.library.path=/usr/lib/jvm/java-8-openjdk-amd64/jre/lib/amd64, java.vm.version=25.121-b13, java.vm.vendor=Oracle Corporation, java.vendor.url=http://java.oracle.com/, skip.gulp=true, path.separator=:, java.vm.name=OpenJDK 64-Bit Server VM, file.encoding.pkg=sun.io, findbugs.skip=true, sun.java.launcher=SUN_STANDARD, sun.os.patch.level=unknown, java.vm.specification.name=Java Virtual Machine Specification, user.dir=/root/workspace/jordilucas/ponto-inteligente-api/387977572, checkstyle.skip=true, java.runtime.version=1.8.0_121-8u121-b13-1~bpo8+1-b13, skip.npm=true, basedir=/root/workspace/jordilucas/ponto-inteligente-api/387977572, java.awt.graphicsenv=sun.awt.X11GraphicsEnvironment, java.endorsed.dirs=/usr/lib/jvm/java-8-openjdk-amd64/jre/lib/endorsed, os.arch=amd64, surefire.real.class.path=/root/workspace/jordilucas/ponto-inteligente-api/387977572/target/surefire/surefirebooter8553089524739200174.jar, gpg.skip=true, java.io.tmpdir=/tmp, line.separator=
, cobertura.skip=true, java.vm.specification.vendor=Oracle Corporation, os.name=Linux, sun.jnu.encoding=UTF-8, license.skip=true, java.library.path=/usr/java/packages/lib/amd64:/usr/lib/x86_64-linux-gnu/jni:/lib/x86_64-linux-gnu:/usr/lib/x86_64-linux-gnu:/usr/lib/jni:/lib:/usr/lib, surefire.test.class.path=/root/workspace/jordilucas/ponto-inteligente-api/387977572/target/test-classes:/root/workspace/jordilucas/ponto-inteligente-api/387977572/target/classes:/root/./workspace/jordilucas/ponto-inteligente-api/387977572/.m2/org/springframework/boot/spring-boot-starter/1.5.8.RELEASE/spring-boot-starter-1.5.8.RELEASE.jar:/root/./workspace/jordilucas/ponto-inteligente-api/387977572/.m2/org/springframework/boot/spring-boot/1.5.8.RELEASE/spring-boot-1.5.8.RELEASE.jar:/root/./workspace/jordilucas/ponto-inteligente-api/387977572/.m2/org/springframework/spring-context/4.3.12.RELEASE/spring-context-4.3.12.RELEASE.jar:/root/./workspace/jordilucas/ponto-inteligente-api/387977572/.m2/org/springframework/boot/spring-boot-autoconfigure/1.5.8.RELEASE/spring-boot-autoconfigure-1.5.8.RELEASE.jar:/root/./workspace/jordilucas/ponto-inteligente-api/387977572/.m2/org/springframework/boot/spring-boot-starter-logging/1.5.8.RELEASE/spring-boot-starter-logging-1.5.8.RELEASE.jar:/root/./workspace/jordilucas/ponto-inteligente-api/387977572/.m2/ch/qos/logback/logback-classic/1.1.11/logback-classic-1.1.11.jar:/root/./workspace/jordilucas/ponto-inteligente-api/387977572/.m2/ch/qos/logback/logback-core/1.1.11/logback-core-1.1.11.jar:/root/./workspace/jordilucas/ponto-inteligente-api/387977572/.m2/org/slf4j/jcl-over-slf4j/1.7.25/jcl-over-slf4j-1.7.25.jar:/root/./workspace/jordilucas/ponto-inteligente-api/387977572/.m2/org/slf4j/jul-to-slf4j/1.7.25/jul-to-slf4j-1.7.25.jar:/root/./workspace/jordilucas/ponto-inteligente-api/387977572/.m2/org/slf4j/log4j-over-slf4j/1.7.25/log4j-over-slf4j-1.7.25.jar:/root/./workspace/jordilucas/ponto-inteligente-api/387977572/.m2/org/springframework/spring-core/4.3.12.RELEASE/spring-core-4.3.12.RELEASE.jar:/root/./workspace/jordilucas/ponto-inteligente-api/387977572/.m2/org/yaml/snakeyaml/1.17/snakeyaml-1.17.jar:/root/./workspace/jordilucas/ponto-inteligente-api/387977572/.m2/org/springframework/boot/spring-boot-devtools/1.5.8.RELEASE/spring-boot-devtools-1.5.8.RELEASE.jar:/root/./workspace/jordilucas/ponto-inteligente-api/387977572/.m2/org/springframework/boot/spring-boot-starter-test/1.5.8.RELEASE/spring-boot-starter-test-1.5.8.RELEASE.jar:/root/./workspace/jordilucas/ponto-inteligente-api/387977572/.m2/org/springframework/boot/spring-boot-test/1.5.8.RELEASE/spring-boot-test-1.5.8.RELEASE.jar:/root/./workspace/jordilucas/ponto-inteligente-api/387977572/.m2/org/springframework/boot/spring-boot-test-autoconfigure/1.5.8.RELEASE/spring-boot-test-autoconfigure-1.5.8.RELEASE.jar:/root/./workspace/jordilucas/ponto-inteligente-api/387977572/.m2/com/jayway/jsonpath/json-path/2.2.0/json-path-2.2.0.jar:/root/./workspace/jordilucas/ponto-inteligente-api/387977572/.m2/net/minidev/json-smart/2.2.1/json-smart-2.2.1.jar:/root/./workspace/jordilucas/ponto-inteligente-api/387977572/.m2/net/minidev/accessors-smart/1.1/accessors-smart-1.1.jar:/root/./workspace/jordilucas/ponto-inteligente-api/387977572/.m2/org/ow2/asm/asm/5.0.3/asm-5.0.3.jar:/root/./workspace/jordilucas/ponto-inteligente-api/387977572/.m2/org/slf4j/slf4j-api/1.7.25/slf4j-api-1.7.25.jar:/root/./workspace/jordilucas/ponto-inteligente-api/387977572/.m2/junit/junit/4.12/junit-4.12.jar:/root/./workspace/jordilucas/ponto-inteligente-api/387977572/.m2/org/assertj/assertj-core/2.6.0/assertj-core-2.6.0.jar:/root/./workspace/jordilucas/ponto-inteligente-api/387977572/.m2/org/mockito/mockito-core/1.10.19/mockito-core-1.10.19.jar:/root/./workspace/jordilucas/ponto-inteligente-api/387977572/.m2/org/objenesis/objenesis/2.1/objenesis-2.1.jar:/root/./workspace/jordilucas/ponto-inteligente-api/387977572/.m2/org/hamcrest/hamcrest-core/1.3/hamcrest-core-1.3.jar:/root/./workspace/jordilucas/ponto-inteligente-api/387977572/.m2/org/hamcrest/hamcrest-library/1.3/hamcrest-library-1.3.jar:/root/./workspace/jordilucas/ponto-inteligente-api/387977572/.m2/org/skyscreamer/jsonassert/1.4.0/jsonassert-1.4.0.jar:/root/./workspace/jordilucas/ponto-inteligente-api/387977572/.m2/com/vaadin/external/google/android-json/0.0.20131108.vaadin1/android-json-0.0.20131108.vaadin1.jar:/root/./workspace/jordilucas/ponto-inteligente-api/387977572/.m2/org/springframework/spring-test/4.3.12.RELEASE/spring-test-4.3.12.RELEASE.jar:/root/./workspace/jordilucas/ponto-inteligente-api/387977572/.m2/org/springframework/boot/spring-boot-starter-data-jpa/1.5.8.RELEASE/spring-boot-starter-data-jpa-1.5.8.RELEASE.jar:/root/./workspace/jordilucas/ponto-inteligente-api/387977572/.m2/org/springframework/boot/spring-boot-starter-aop/1.5.8.RELEASE/spring-boot-starter-aop-1.5.8.RELEASE.jar:/root/./workspace/jordilucas/ponto-inteligente-api/387977572/.m2/org/aspectj/aspectjweaver/1.8.11/aspectjweaver-1.8.11.jar:/root/./workspace/jordilucas/ponto-inteligente-api/387977572/.m2/org/springframework/boot/spring-boot-starter-jdbc/1.5.8.RELEASE/spring-boot-starter-jdbc-1.5.8.RELEASE.jar:/root/./workspace/jordilucas/ponto-inteligente-api/387977572/.m2/org/apache/tomcat/tomcat-jdbc/8.5.23/tomcat-jdbc-8.5.23.jar:/root/./workspace/jordilucas/ponto-inteligente-api/387977572/.m2/org/apache/tomcat/tomcat-juli/8.5.23/tomcat-juli-8.5.23.jar:/root/./workspace/jordilucas/ponto-inteligente-api/387977572/.m2/org/springframework/spring-jdbc/4.3.12.RELEASE/spring-jdbc-4.3.12.RELEASE.jar:/root/./workspace/jordilucas/ponto-inteligente-api/387977572/.m2/org/hibernate/hibernate-core/5.0.12.Final/hibernate-core-5.0.12.Final.jar:/root/./workspace/jordilucas/ponto-inteligente-api/387977572/.m2/org/hibernate/javax/persistence/hibernate-jpa-2.1-api/1.0.0.Final/hibernate-jpa-2.1-api-1.0.0.Final.jar:/root/./workspace/jordilucas/ponto-inteligente-api/387977572/.m2/org/javassist/javassist/3.21.0-GA/javassist-3.21.0-GA.jar:/root/./workspace/jordilucas/ponto-inteligente-api/387977572/.m2/antlr/antlr/2.7.7/antlr-2.7.7.jar:/root/./workspace/jordilucas/ponto-inteligente-api/387977572/.m2/org/jboss/jandex/2.0.0.Final/jandex-2.0.0.Final.jar:/root/./workspace/jordilucas/ponto-inteligente-api/387977572/.m2/dom4j/dom4j/1.6.1/dom4j-1.6.1.jar:/root/./workspace/jordilucas/ponto-inteligente-api/387977572/.m2/org/hibernate/common/hibernate-commons-annotations/5.0.1.Final/hibernate-commons-annotations-5.0.1.Final.jar:/root/./workspace/jordilucas/ponto-inteligente-api/387977572/.m2/org/hibernate/hibernate-entitymanager/5.0.12.Final/hibernate-entitymanager-5.0.12.Final.jar:/root/./workspace/jordilucas/ponto-inteligente-api/387977572/.m2/javax/transaction/javax.transaction-api/1.2/javax.transaction-api-1.2.jar:/root/./workspace/jordilucas/ponto-inteligente-api/387977572/.m2/org/springframework/data/spring-data-jpa/1.11.8.RELEASE/spring-data-jpa-1.11.8.RELEASE.jar:/root/./workspace/jordilucas/ponto-inteligente-api/387977572/.m2/org/springframework/data/spring-data-commons/1.13.8.RELEASE/spring-data-commons-1.13.8.RELEASE.jar:/root/./workspace/jordilucas/ponto-inteligente-api/387977572/.m2/org/springframework/spring-orm/4.3.12.RELEASE/spring-orm-4.3.12.RELEASE.jar:/root/./workspace/jordilucas/ponto-inteligente-api/387977572/.m2/org/springframework/spring-tx/4.3.12.RELEASE/spring-tx-4.3.12.RELEASE.jar:/root/./workspace/jordilucas/ponto-inteligente-api/387977572/.m2/org/springframework/spring-beans/4.3.12.RELEASE/spring-beans-4.3.12.RELEASE.jar:/root/./workspace/jordilucas/ponto-inteligente-api/387977572/.m2/org/springframework/spring-aspects/4.3.12.RELEASE/spring-aspects-4.3.12.RELEASE.jar:/root/./workspace/jordilucas/ponto-inteligente-api/387977572/.m2/mysql/mysql-connector-java/5.1.44/mysql-connector-java-5.1.44.jar:/root/./workspace/jordilucas/ponto-inteligente-api/387977572/.m2/com/h2database/h2/1.4.196/h2-1.4.196.jar:/root/./workspace/jordilucas/ponto-inteligente-api/387977572/.m2/org/jboss/logging/jboss-logging/3.3.1.Final/jboss-logging-3.3.1.Final.jar:/root/./workspace/jordilucas/ponto-inteligente-api/387977572/.m2/org/springframework/boot/spring-boot-starter-security/1.5.8.RELEASE/spring-boot-starter-security-1.5.8.RELEASE.jar:/root/./workspace/jordilucas/ponto-inteligente-api/387977572/.m2/org/springframework/spring-aop/4.3.12.RELEASE/spring-aop-4.3.12.RELEASE.jar:/root/./workspace/jordilucas/ponto-inteligente-api/387977572/.m2/org/springframework/security/spring-security-config/4.2.3.RELEASE/spring-security-config-4.2.3.RELEASE.jar:/root/./workspace/jordilucas/ponto-inteligente-api/387977572/.m2/org/springframework/security/spring-security-web/4.2.3.RELEASE/spring-security-web-4.2.3.RELEASE.jar:/root/./workspace/jordilucas/ponto-inteligente-api/387977572/.m2/org/springframework/spring-expression/4.3.12.RELEASE/spring-expression-4.3.12.RELEASE.jar:/root/./workspace/jordilucas/ponto-inteligente-api/387977572/.m2/org/springframework/security/spring-security-test/4.2.3.RELEASE/spring-security-test-4.2.3.RELEASE.jar:/root/./workspace/jordilucas/ponto-inteligente-api/387977572/.m2/org/springframework/security/spring-security-core/4.2.3.RELEASE/spring-security-core-4.2.3.RELEASE.jar:/root/./workspace/jordilucas/ponto-inteligente-api/387977572/.m2/aopalliance/aopalliance/1.0/aopalliance-1.0.jar:/root/./workspace/jordilucas/ponto-inteligente-api/387977572/.m2/org/springframework/boot/spring-boot-starter-web/1.5.8.RELEASE/spring-boot-starter-web-1.5.8.RELEASE.jar:/root/./workspace/jordilucas/ponto-inteligente-api/387977572/.m2/org/springframework/boot/spring-boot-starter-tomcat/1.5.8.RELEASE/spring-boot-starter-tomcat-1.5.8.RELEASE.jar:/root/./workspace/jordilucas/ponto-inteligente-api/387977572/.m2/org/apache/tomcat/embed/tomcat-embed-core/8.5.23/tomcat-embed-core-8.5.23.jar:/root/./workspace/jordilucas/ponto-inteligente-api/387977572/.m2/org/apache/tomcat/tomcat-annotations-api/8.5.23/tomcat-annotations-api-8.5.23.jar:/root/./workspace/jordilucas/ponto-inteligente-api/387977572/.m2/org/apache/tomcat/embed/tomcat-embed-websocket/8.5.23/tomcat-embed-websocket-8.5.23.jar:/root/./workspace/jordilucas/ponto-inteligente-api/387977572/.m2/org/hibernate/hibernate-validator/5.3.5.Final/hibernate-validator-5.3.5.Final.jar:/root/./workspace/jordilucas/ponto-inteligente-api/387977572/.m2/javax/validation/validation-api/1.1.0.Final/validation-api-1.1.0.Final.jar:/root/./workspace/jordilucas/ponto-inteligente-api/387977572/.m2/com/fasterxml/classmate/1.3.4/classmate-1.3.4.jar:/root/./workspace/jordilucas/ponto-inteligente-api/387977572/.m2/com/fasterxml/jackson/core/jackson-databind/2.8.10/jackson-databind-2.8.10.jar:/root/./workspace/jordilucas/ponto-inteligente-api/387977572/.m2/com/fasterxml/jackson/core/jackson-annotations/2.8.0/jackson-annotations-2.8.0.jar:/root/./workspace/jordilucas/ponto-inteligente-api/387977572/.m2/org/springframework/spring-web/4.3.12.RELEASE/spring-web-4.3.12.RELEASE.jar:/root/./workspace/jordilucas/ponto-inteligente-api/387977572/.m2/org/springframework/spring-webmvc/4.3.12.RELEASE/spring-webmvc-4.3.12.RELEASE.jar:/root/./workspace/jordilucas/ponto-inteligente-api/387977572/.m2/org/springframework/boot/spring-boot-starter-validation/1.5.8.RELEASE/spring-boot-starter-validation-1.5.8.RELEASE.jar:/root/./workspace/jordilucas/ponto-inteligente-api/387977572/.m2/org/apache/tomcat/embed/tomcat-embed-el/8.5.23/tomcat-embed-el-8.5.23.jar:/root/./workspace/jordilucas/ponto-inteligente-api/387977572/.m2/com/fasterxml/jackson/datatype/jackson-datatype-jdk8/2.8.10/jackson-datatype-jdk8-2.8.10.jar:/root/./workspace/jordilucas/ponto-inteligente-api/387977572/.m2/com/fasterxml/jackson/core/jackson-core/2.8.10/jackson-core-2.8.10.jar:/root/./workspace/jordilucas/ponto-inteligente-api/387977572/.m2/org/apache/commons/commons-lang3/3.6/commons-lang3-3.6.jar:, java.specification.name=Java Platform API Specification, java.class.version=52.0, skip.bower=true, sun.management.compiler=HotSpot 64-Bit Tiered Compilers, maven.repo.local=/root/./workspace/jordilucas/ponto-inteligente-api/387977572/.m2, os.version=3.10.0-862.3.2.el7.x86_64, user.home=/root, user.timezone=Europe/Paris, java.awt.printerjob=sun.print.PSPrinterJob, file.encoding=UTF-8, java.specification.version=1.8, java.class.path=/root/workspace/jordilucas/ponto-inteligente-api/387977572/target/test-classes:/root/workspace/jordilucas/ponto-inteligente-api/387977572/target/classes:/root/./workspace/jordilucas/ponto-inteligente-api/387977572/.m2/org/springframework/boot/spring-boot-starter/1.5.8.RELEASE/spring-boot-starter-1.5.8.RELEASE.jar:/root/./workspace/jordilucas/ponto-inteligente-api/387977572/.m2/org/springframework/boot/spring-boot/1.5.8.RELEASE/spring-boot-1.5.8.RELEASE.jar:/root/./workspace/jordilucas/ponto-inteligente-api/387977572/.m2/org/springframework/spring-context/4.3.12.RELEASE/spring-context-4.3.12.RELEASE.jar:/root/./workspace/jordilucas/ponto-inteligente-api/387977572/.m2/org/springframework/boot/spring-boot-autoconfigure/1.5.8.RELEASE/spring-boot-autoconfigure-1.5.8.RELEASE.jar:/root/./workspace/jordilucas/ponto-inteligente-api/387977572/.m2/org/springframework/boot/spring-boot-starter-logging/1.5.8.RELEASE/spring-boot-starter-logging-1.5.8.RELEASE.jar:/root/./workspace/jordilucas/ponto-inteligente-api/387977572/.m2/ch/qos/logback/logback-classic/1.1.11/logback-classic-1.1.11.jar:/root/./workspace/jordilucas/ponto-inteligente-api/387977572/.m2/ch/qos/logback/logback-core/1.1.11/logback-core-1.1.11.jar:/root/./workspace/jordilucas/ponto-inteligente-api/387977572/.m2/org/slf4j/jcl-over-slf4j/1.7.25/jcl-over-slf4j-1.7.25.jar:/root/./workspace/jordilucas/ponto-inteligente-api/387977572/.m2/org/slf4j/jul-to-slf4j/1.7.25/jul-to-slf4j-1.7.25.jar:/root/./workspace/jordilucas/ponto-inteligente-api/387977572/.m2/org/slf4j/log4j-over-slf4j/1.7.25/log4j-over-slf4j-1.7.25.jar:/root/./workspace/jordilucas/ponto-inteligente-api/387977572/.m2/org/springframework/spring-core/4.3.12.RELEASE/spring-core-4.3.12.RELEASE.jar:/root/./workspace/jordilucas/ponto-inteligente-api/387977572/.m2/org/yaml/snakeyaml/1.17/snakeyaml-1.17.jar:/root/./workspace/jordilucas/ponto-inteligente-api/387977572/.m2/org/springframework/boot/spring-boot-devtools/1.5.8.RELEASE/spring-boot-devtools-1.5.8.RELEASE.jar:/root/./workspace/jordilucas/ponto-inteligente-api/387977572/.m2/org/springframework/boot/spring-boot-starter-test/1.5.8.RELEASE/spring-boot-starter-test-1.5.8.RELEASE.jar:/root/./workspace/jordilucas/ponto-inteligente-api/387977572/.m2/org/springframework/boot/spring-boot-test/1.5.8.RELEASE/spring-boot-test-1.5.8.RELEASE.jar:/root/./workspace/jordilucas/ponto-inteligente-api/387977572/.m2/org/springframework/boot/spring-boot-test-autoconfigure/1.5.8.RELEASE/spring-boot-test-autoconfigure-1.5.8.RELEASE.jar:/root/./workspace/jordilucas/ponto-inteligente-api/387977572/.m2/com/jayway/jsonpath/json-path/2.2.0/json-path-2.2.0.jar:/root/./workspace/jordilucas/ponto-inteligente-api/387977572/.m2/net/minidev/json-smart/2.2.1/json-smart-2.2.1.jar:/root/./workspace/jordilucas/ponto-inteligente-api/387977572/.m2/net/minidev/accessors-smart/1.1/accessors-smart-1.1.jar:/root/./workspace/jordilucas/ponto-inteligente-api/387977572/.m2/org/ow2/asm/asm/5.0.3/asm-5.0.3.jar:/root/./workspace/jordilucas/ponto-inteligente-api/387977572/.m2/org/slf4j/slf4j-api/1.7.25/slf4j-api-1.7.25.jar:/root/./workspace/jordilucas/ponto-inteligente-api/387977572/.m2/junit/junit/4.12/junit-4.12.jar:/root/./workspace/jordilucas/ponto-inteligente-api/387977572/.m2/org/assertj/assertj-core/2.6.0/assertj-core-2.6.0.jar:/root/./workspace/jordilucas/ponto-inteligente-api/387977572/.m2/org/mockito/mockito-core/1.10.19/mockito-core-1.10.19.jar:/root/./workspace/jordilucas/ponto-inteligente-api/387977572/.m2/org/objenesis/objenesis/2.1/objenesis-2.1.jar:/root/./workspace/jordilucas/ponto-inteligente-api/387977572/.m2/org/hamcrest/hamcrest-core/1.3/hamcrest-core-1.3.jar:/root/./workspace/jordilucas/ponto-inteligente-api/387977572/.m2/org/hamcrest/hamcrest-library/1.3/hamcrest-library-1.3.jar:/root/./workspace/jordilucas/ponto-inteligente-api/387977572/.m2/org/skyscreamer/jsonassert/1.4.0/jsonassert-1.4.0.jar:/root/./workspace/jordilucas/ponto-inteligente-api/387977572/.m2/com/vaadin/external/google/android-json/0.0.20131108.vaadin1/android-json-0.0.20131108.vaadin1.jar:/root/./workspace/jordilucas/ponto-inteligente-api/387977572/.m2/org/springframework/spring-test/4.3.12.RELEASE/spring-test-4.3.12.RELEASE.jar:/root/./workspace/jordilucas/ponto-inteligente-api/387977572/.m2/org/springframework/boot/spring-boot-starter-data-jpa/1.5.8.RELEASE/spring-boot-starter-data-jpa-1.5.8.RELEASE.jar:/root/./workspace/jordilucas/ponto-inteligente-api/387977572/.m2/org/springframework/boot/spring-boot-starter-aop/1.5.8.RELEASE/spring-boot-starter-aop-1.5.8.RELEASE.jar:/root/./workspace/jordilucas/ponto-inteligente-api/387977572/.m2/org/aspectj/aspectjweaver/1.8.11/aspectjweaver-1.8.11.jar:/root/./workspace/jordilucas/ponto-inteligente-api/387977572/.m2/org/springframework/boot/spring-boot-starter-jdbc/1.5.8.RELEASE/spring-boot-starter-jdbc-1.5.8.RELEASE.jar:/root/./workspace/jordilucas/ponto-inteligente-api/387977572/.m2/org/apache/tomcat/tomcat-jdbc/8.5.23/tomcat-jdbc-8.5.23.jar:/root/./workspace/jordilucas/ponto-inteligente-api/387977572/.m2/org/apache/tomcat/tomcat-juli/8.5.23/tomcat-juli-8.5.23.jar:/root/./workspace/jordilucas/ponto-inteligente-api/387977572/.m2/org/springframework/spring-jdbc/4.3.12.RELEASE/spring-jdbc-4.3.12.RELEASE.jar:/root/./workspace/jordilucas/ponto-inteligente-api/387977572/.m2/org/hibernate/hibernate-core/5.0.12.Final/hibernate-core-5.0.12.Final.jar:/root/./workspace/jordilucas/ponto-inteligente-api/387977572/.m2/org/hibernate/javax/persistence/hibernate-jpa-2.1-api/1.0.0.Final/hibernate-jpa-2.1-api-1.0.0.Final.jar:/root/./workspace/jordilucas/ponto-inteligente-api/387977572/.m2/org/javassist/javassist/3.21.0-GA/javassist-3.21.0-GA.jar:/root/./workspace/jordilucas/ponto-inteligente-api/387977572/.m2/antlr/antlr/2.7.7/antlr-2.7.7.jar:/root/./workspace/jordilucas/ponto-inteligente-api/387977572/.m2/org/jboss/jandex/2.0.0.Final/jandex-2.0.0.Final.jar:/root/./workspace/jordilucas/ponto-inteligente-api/387977572/.m2/dom4j/dom4j/1.6.1/dom4j-1.6.1.jar:/root/./workspace/jordilucas/ponto-inteligente-api/387977572/.m2/org/hibernate/common/hibernate-commons-annotations/5.0.1.Final/hibernate-commons-annotations-5.0.1.Final.jar:/root/./workspace/jordilucas/ponto-inteligente-api/387977572/.m2/org/hibernate/hibernate-entitymanager/5.0.12.Final/hibernate-entitymanager-5.0.12.Final.jar:/root/./workspace/jordilucas/ponto-inteligente-api/387977572/.m2/javax/transaction/javax.transaction-api/1.2/javax.transaction-api-1.2.jar:/root/./workspace/jordilucas/ponto-inteligente-api/387977572/.m2/org/springframework/data/spring-data-jpa/1.11.8.RELEASE/spring-data-jpa-1.11.8.RELEASE.jar:/root/./workspace/jordilucas/ponto-inteligente-api/387977572/.m2/org/springframework/data/spring-data-commons/1.13.8.RELEASE/spring-data-commons-1.13.8.RELEASE.jar:/root/./workspace/jordilucas/ponto-inteligente-api/387977572/.m2/org/springframework/spring-orm/4.3.12.RELEASE/spring-orm-4.3.12.RELEASE.jar:/root/./workspace/jordilucas/ponto-inteligente-api/387977572/.m2/org/springframework/spring-tx/4.3.12.RELEASE/spring-tx-4.3.12.RELEASE.jar:/root/./workspace/jordilucas/ponto-inteligente-api/387977572/.m2/org/springframework/spring-beans/4.3.12.RELEASE/spring-beans-4.3.12.RELEASE.jar:/root/./workspace/jordilucas/ponto-inteligente-api/387977572/.m2/org/springframework/spring-aspects/4.3.12.RELEASE/spring-aspects-4.3.12.RELEASE.jar:/root/./workspace/jordilucas/ponto-inteligente-api/387977572/.m2/mysql/mysql-connector-java/5.1.44/mysql-connector-java-5.1.44.jar:/root/./workspace/jordilucas/ponto-inteligente-api/387977572/.m2/com/h2database/h2/1.4.196/h2-1.4.196.jar:/root/./workspace/jordilucas/ponto-inteligente-api/387977572/.m2/org/jboss/logging/jboss-logging/3.3.1.Final/jboss-logging-3.3.1.Final.jar:/root/./workspace/jordilucas/ponto-inteligente-api/387977572/.m2/org/springframework/boot/spring-boot-starter-security/1.5.8.RELEASE/spring-boot-starter-security-1.5.8.RELEASE.jar:/root/./workspace/jordilucas/ponto-inteligente-api/387977572/.m2/org/springframework/spring-aop/4.3.12.RELEASE/spring-aop-4.3.12.RELEASE.jar:/root/./workspace/jordilucas/ponto-inteligente-api/387977572/.m2/org/springframework/security/spring-security-config/4.2.3.RELEASE/spring-security-config-4.2.3.RELEASE.jar:/root/./workspace/jordilucas/ponto-inteligente-api/387977572/.m2/org/springframework/security/spring-security-web/4.2.3.RELEASE/spring-security-web-4.2.3.RELEASE.jar:/root/./workspace/jordilucas/ponto-inteligente-api/387977572/.m2/org/springframework/spring-expression/4.3.12.RELEASE/spring-expression-4.3.12.RELEASE.jar:/root/./workspace/jordilucas/ponto-inteligente-api/387977572/.m2/org/springframework/security/spring-security-test/4.2.3.RELEASE/spring-security-test-4.2.3.RELEASE.jar:/root/./workspace/jordilucas/ponto-inteligente-api/387977572/.m2/org/springframework/security/spring-security-core/4.2.3.RELEASE/spring-security-core-4.2.3.RELEASE.jar:/root/./workspace/jordilucas/ponto-inteligente-api/387977572/.m2/aopalliance/aopalliance/1.0/aopalliance-1.0.jar:/root/./workspace/jordilucas/ponto-inteligente-api/387977572/.m2/org/springframework/boot/spring-boot-starter-web/1.5.8.RELEASE/spring-boot-starter-web-1.5.8.RELEASE.jar:/root/./workspace/jordilucas/ponto-inteligente-api/387977572/.m2/org/springframework/boot/spring-boot-starter-tomcat/1.5.8.RELEASE/spring-boot-starter-tomcat-1.5.8.RELEASE.jar:/root/./workspace/jordilucas/ponto-inteligente-api/387977572/.m2/org/apache/tomcat/embed/tomcat-embed-core/8.5.23/tomcat-embed-core-8.5.23.jar:/root/./workspace/jordilucas/ponto-inteligente-api/387977572/.m2/org/apache/tomcat/tomcat-annotations-api/8.5.23/tomcat-annotations-api-8.5.23.jar:/root/./workspace/jordilucas/ponto-inteligente-api/387977572/.m2/org/apache/tomcat/embed/tomcat-embed-websocket/8.5.23/tomcat-embed-websocket-8.5.23.jar:/root/./workspace/jordilucas/ponto-inteligente-api/387977572/.m2/org/hibernate/hibernate-validator/5.3.5.Final/hibernate-validator-5.3.5.Final.jar:/root/./workspace/jordilucas/ponto-inteligente-api/387977572/.m2/javax/validation/validation-api/1.1.0.Final/validation-api-1.1.0.Final.jar:/root/./workspace/jordilucas/ponto-inteligente-api/387977572/.m2/com/fasterxml/classmate/1.3.4/classmate-1.3.4.jar:/root/./workspace/jordilucas/ponto-inteligente-api/387977572/.m2/com/fasterxml/jackson/core/jackson-databind/2.8.10/jackson-databind-2.8.10.jar:/root/./workspace/jordilucas/ponto-inteligente-api/387977572/.m2/com/fasterxml/jackson/core/jackson-annotations/2.8.0/jackson-annotations-2.8.0.jar:/root/./workspace/jordilucas/ponto-inteligente-api/387977572/.m2/org/springframework/spring-web/4.3.12.RELEASE/spring-web-4.3.12.RELEASE.jar:/root/./workspace/jordilucas/ponto-inteligente-api/387977572/.m2/org/springframework/spring-webmvc/4.3.12.RELEASE/spring-webmvc-4.3.12.RELEASE.jar:/root/./workspace/jordilucas/ponto-inteligente-api/387977572/.m2/org/springframework/boot/spring-boot-starter-validation/1.5.8.RELEASE/spring-boot-starter-validation-1.5.8.RELEASE.jar:/root/./workspace/jordilucas/ponto-inteligente-api/387977572/.m2/org/apache/tomcat/embed/tomcat-embed-el/8.5.23/tomcat-embed-el-8.5.23.jar:/root/./workspace/jordilucas/ponto-inteligente-api/387977572/.m2/com/fasterxml/jackson/datatype/jackson-datatype-jdk8/2.8.10/jackson-datatype-jdk8-2.8.10.jar:/root/./workspace/jordilucas/ponto-inteligente-api/387977572/.m2/com/fasterxml/jackson/core/jackson-core/2.8.10/jackson-core-2.8.10.jar:/root/./workspace/jordilucas/ponto-inteligente-api/387977572/.m2/org/apache/commons/commons-lang3/3.6/commons-lang3-3.6.jar:, user.name=root, skipITs=true, java.vm.specification.version=1.8, sun.java.command=/root/workspace/jordilucas/ponto-inteligente-api/387977572/target/surefire/surefirebooter8553089524739200174.jar /root/workspace/jordilucas/ponto-inteligente-api/387977572/target/surefire/surefire3173184054435444890tmp /root/workspace/jordilucas/ponto-inteligente-api/387977572/target/surefire/surefire_07527372107658914535tmp, java.home=/usr/lib/jvm/java-8-openjdk-amd64/jre, sun.arch.data.model=64, user.language=en, java.specification.vendor=Oracle Corporation, dependency-check.skip=true, awt.toolkit=sun.awt.X11.XToolkit, java.vm.info=mixed mode, java.version=1.8.0_121, java.ext.dirs=/usr/lib/jvm/java-8-openjdk-amd64/jre/lib/ext:/usr/java/packages/lib/ext, sun.boot.class.path=/usr/lib/jvm/java-8-openjdk-amd64/jre/lib/resources.jar:/usr/lib/jvm/java-8-openjdk-amd64/jre/lib/rt.jar:/usr/lib/jvm/java-8-openjdk-amd64/jre/lib/sunrsasign.jar:/usr/lib/jvm/java-8-openjdk-amd64/jre/lib/jsse.jar:/usr/lib/jvm/java-8-openjdk-amd64/jre/lib/jce.jar:/usr/lib/jvm/java-8-openjdk-amd64/jre/lib/charsets.jar:/usr/lib/jvm/java-8-openjdk-amd64/jre/lib/jfr.jar:/usr/lib/jvm/java-8-openjdk-amd64/jre/classes, rat.skip=true, enforcer.skip=true, java.vendor=Oracle Corporation, localRepository=/root/./workspace/jordilucas/ponto-inteligente-api/387977572/.m2, file.separator=/, java.vendor.url.bug=http://bugreport.sun.com/bugreport/, sun.io.unicode.encoding=UnicodeLittle, sun.cpu.endian=little, sun.cpu.isalist=}}, SystemEnvironmentPropertySource@382750013 {name='systemEnvironment', properties={PATH=/usr/local/sbin:/usr/local/bin:/usr/sbin:/usr/bin:/sbin:/bin, JAVA_HOME=/usr/lib/jvm/java-8-openjdk-amd64, NOTIFY_TO=, CA_CERTIFICATES_JAVA_VERSION=20161107~bpo8+1, MONGODB_HOST=, BUILD_ID=, LANG=C.UTF-8, MAVEN_HOME=/usr/share/maven, SMTP_SERVER=, MONGODB_NAME=, REPAIR_MODE=repair, PWD=/root/workspace/jordilucas/ponto-inteligente-api/387977572, JAVA_VERSION=8u121, GITHUB_OAUTH=, MAVEN_CMD_LINE_ARGS=/root/.m2 -B -D enforcer.skip=true -D dependency-check.skip=true -D skipITs=true -D cobertura.skip=true -D maven.repo.local=/root/./workspace/jordilucas/ponto-inteligente-api/387977572/.m2 -D rat.skip=true -D findbugs.skip=true -D skip.bower=true -D gpg.skip=true -D checkstyle.skip=true -D skip.gulp=true -D license.skip=true -D skip.npm=true test, _=/usr/bin/java, OUTPUT=, MAVEN_TERMINATE_CMD=on, MAVEN_CONFIG=/root/.m2, MAVEN_PROJECTBASEDIR=/root/workspace/jordilucas/ponto-inteligente-api/387977572, OLDPWD=/root/workspace/jordilucas/ponto-inteligente-api/387977572, LOG_FILENAME=repairnator-pipeline_2018-06-04_2231_387977572_5a77b685-d098-401d-b168-01e076b51223, RUN_ID=, HOSTNAME=cyclone1, JAVA_DEBIAN_VERSION=8u121-b13-1~bpo8+1, M2_HOME=/usr/share/maven, REPAIR_TOOLS=AssertFixer, HOME=/root, SHLVL=1, PUSH_URL=}}]
22:32:15.356 [main] INFO org.springframework.boot.test.context.SpringBootTestContextBootstrapper - Found @SpringBootConfiguration br.com.jordilucas.pontointeligente.api.PontoInteligenteApplication for test class br.com.jordilucas.pontointeligente.api.repositories.LancamentoRepositoryTest
22:32:15.358 [main] DEBUG org.springframework.boot.test.context.SpringBootTestContextBootstrapper - @TestExecutionListeners is not present for class [br.com.jordilucas.pontointeligente.api.repositories.LancamentoRepositoryTest]: using defaults.
22:32:15.361 [main] INFO org.springframework.boot.test.context.SpringBootTestContextBootstrapper - Loaded default TestExecutionListener class names from location [META-INF/spring.factories]: [org.springframework.boot.test.mock.mockito.MockitoTestExecutionListener, org.springframework.boot.test.mock.mockito.ResetMocksTestExecutionListener, org.springframework.boot.test.autoconfigure.restdocs.RestDocsTestExecutionListener, org.springframework.boot.test.autoconfigure.web.client.MockRestServiceServerResetTestExecutionListener, org.springframework.boot.test.autoconfigure.web.servlet.MockMvcPrintOnlyOnFailureTestExecutionListener, org.springframework.boot.test.autoconfigure.web.servlet.WebDriverTestExecutionListener, org.springframework.test.context.web.ServletTestExecutionListener, org.springframework.test.context.support.DirtiesContextBeforeModesTestExecutionListener, org.springframework.test.context.support.DependencyInjectionTestExecutionListener, org.springframework.test.context.support.DirtiesContextTestExecutionListener, org.springframework.test.context.transaction.TransactionalTestExecutionListener, org.springframework.test.context.jdbc.SqlScriptsTestExecutionListener, org.springframework.security.test.context.support.WithSecurityContextTestExecutionListener]
22:32:15.365 [main] INFO org.springframework.boot.test.context.SpringBootTestContextBootstrapper - Using TestExecutionListeners: [org.springframework.test.context.web.ServletTestExecutionListener@799f10e1, org.springframework.test.context.support.DirtiesContextBeforeModesTestExecutionListener@4c371370, org.springframework.boot.test.autoconfigure.SpringBootDependencyInjectionTestExecutionListener@145f66e3, org.springframework.test.context.support.DirtiesContextTestExecutionListener@3023df74, org.springframework.test.context.transaction.TransactionalTestExecutionListener@313ac989, org.springframework.test.context.jdbc.SqlScriptsTestExecutionListener@4562e04d, org.springframework.security.test.context.support.WithSecurityContextTestExecutionListener@2a65fe7c, org.springframework.boot.test.autoconfigure.restdocs.RestDocsTestExecutionListener@4135c3b, org.springframework.boot.test.autoconfigure.web.client.MockRestServiceServerResetTestExecutionListener@6302bbb1, org.springframework.boot.test.mock.mockito.ResetMocksTestExecutionListener@31304f14, org.springframework.boot.test.autoconfigure.web.servlet.WebDriverTestExecutionListener@34a3d150, org.springframework.boot.test.mock.mockito.MockitoTestExecutionListener@2a4fb17b, org.springframework.boot.test.autoconfigure.web.servlet.MockMvcPrintOnlyOnFailureTestExecutionListener@5c6648b0]
22:32:15.366 [main] DEBUG org.springframework.test.context.junit4.SpringJUnit4ClassRunner - SpringJUnit4ClassRunner constructor called with [class br.com.jordilucas.pontointeligente.api.repositories.EmpresaRepositoryTest]
22:32:15.366 [main] DEBUG org.springframework.test.context.BootstrapUtils - Instantiating CacheAwareContextLoaderDelegate from class [org.springframework.test.context.cache.DefaultCacheAwareContextLoaderDelegate]
22:32:15.366 [main] DEBUG org.springframework.test.context.BootstrapUtils - Instantiating BootstrapContext using constructor [public org.springframework.test.context.support.DefaultBootstrapContext(java.lang.Class,org.springframework.test.context.CacheAwareContextLoaderDelegate)]
22:32:15.367 [main] DEBUG org.springframework.test.context.BootstrapUtils - Instantiating TestContextBootstrapper for test class [br.com.jordilucas.pontointeligente.api.repositories.EmpresaRepositoryTest] from class [org.springframework.boot.test.context.SpringBootTestContextBootstrapper]
22:32:15.367 [main] INFO org.springframework.boot.test.context.SpringBootTestContextBootstrapper - Neither @ContextConfiguration nor @ContextHierarchy found for test class [br.com.jordilucas.pontointeligente.api.repositories.EmpresaRepositoryTest], using SpringBootContextLoader
22:32:15.368 [main] DEBUG org.springframework.test.context.support.AbstractContextLoader - Did not detect default resource location for test class [br.com.jordilucas.pontointeligente.api.repositories.EmpresaRepositoryTest]: class path resource [br/com/jordilucas/pontointeligente/api/repositories/EmpresaRepositoryTest-context.xml] does not exist
22:32:15.369 [main] DEBUG org.springframework.test.context.support.AbstractContextLoader - Did not detect default resource location for test class [br.com.jordilucas.pontointeligente.api.repositories.EmpresaRepositoryTest]: class path resource [br/com/jordilucas/pontointeligente/api/repositories/EmpresaRepositoryTestContext.groovy] does not exist
22:32:15.369 [main] INFO org.springframework.test.context.support.AbstractContextLoader - Could not detect default resource locations for test class [br.com.jordilucas.pontointeligente.api.repositories.EmpresaRepositoryTest]: no resource found for suffixes {-context.xml, Context.groovy}.
22:32:15.369 [main] INFO org.springframework.test.context.support.AnnotationConfigContextLoaderUtils - Could not detect default configuration classes for test class [br.com.jordilucas.pontointeligente.api.repositories.EmpresaRepositoryTest]: EmpresaRepositoryTest does not declare any static, non-private, non-final, nested classes annotated with @Configuration.
22:32:15.377 [main] DEBUG org.springframework.core.env.StandardEnvironment - Adding PropertySource 'systemProperties' with lowest search precedence
22:32:15.377 [main] DEBUG org.springframework.core.env.StandardEnvironment - Adding PropertySource 'systemEnvironment' with lowest search precedence
22:32:15.378 [main] DEBUG org.springframework.core.env.StandardEnvironment - Initialized StandardEnvironment with PropertySources [MapPropertySource@60292059 {name='systemProperties', properties={java.runtime.name=OpenJDK Runtime Environment, sun.boot.library.path=/usr/lib/jvm/java-8-openjdk-amd64/jre/lib/amd64, java.vm.version=25.121-b13, java.vm.vendor=Oracle Corporation, java.vendor.url=http://java.oracle.com/, skip.gulp=true, path.separator=:, java.vm.name=OpenJDK 64-Bit Server VM, file.encoding.pkg=sun.io, findbugs.skip=true, sun.java.launcher=SUN_STANDARD, sun.os.patch.level=unknown, java.vm.specification.name=Java Virtual Machine Specification, user.dir=/root/workspace/jordilucas/ponto-inteligente-api/387977572, checkstyle.skip=true, java.runtime.version=1.8.0_121-8u121-b13-1~bpo8+1-b13, skip.npm=true, basedir=/root/workspace/jordilucas/ponto-inteligente-api/387977572, java.awt.graphicsenv=sun.awt.X11GraphicsEnvironment, java.endorsed.dirs=/usr/lib/jvm/java-8-openjdk-amd64/jre/lib/endorsed, os.arch=amd64, surefire.real.class.path=/root/workspace/jordilucas/ponto-inteligente-api/387977572/target/surefire/surefirebooter8553089524739200174.jar, gpg.skip=true, java.io.tmpdir=/tmp, line.separator=
, cobertura.skip=true, java.vm.specification.vendor=Oracle Corporation, os.name=Linux, sun.jnu.encoding=UTF-8, license.skip=true, java.library.path=/usr/java/packages/lib/amd64:/usr/lib/x86_64-linux-gnu/jni:/lib/x86_64-linux-gnu:/usr/lib/x86_64-linux-gnu:/usr/lib/jni:/lib:/usr/lib, surefire.test.class.path=/root/workspace/jordilucas/ponto-inteligente-api/387977572/target/test-classes:/root/workspace/jordilucas/ponto-inteligente-api/387977572/target/classes:/root/./workspace/jordilucas/ponto-inteligente-api/387977572/.m2/org/springframework/boot/spring-boot-starter/1.5.8.RELEASE/spring-boot-starter-1.5.8.RELEASE.jar:/root/./workspace/jordilucas/ponto-inteligente-api/387977572/.m2/org/springframework/boot/spring-boot/1.5.8.RELEASE/spring-boot-1.5.8.RELEASE.jar:/root/./workspace/jordilucas/ponto-inteligente-api/387977572/.m2/org/springframework/spring-context/4.3.12.RELEASE/spring-context-4.3.12.RELEASE.jar:/root/./workspace/jordilucas/ponto-inteligente-api/387977572/.m2/org/springframework/boot/spring-boot-autoconfigure/1.5.8.RELEASE/spring-boot-autoconfigure-1.5.8.RELEASE.jar:/root/./workspace/jordilucas/ponto-inteligente-api/387977572/.m2/org/springframework/boot/spring-boot-starter-logging/1.5.8.RELEASE/spring-boot-starter-logging-1.5.8.RELEASE.jar:/root/./workspace/jordilucas/ponto-inteligente-api/387977572/.m2/ch/qos/logback/logback-classic/1.1.11/logback-classic-1.1.11.jar:/root/./workspace/jordilucas/ponto-inteligente-api/387977572/.m2/ch/qos/logback/logback-core/1.1.11/logback-core-1.1.11.jar:/root/./workspace/jordilucas/ponto-inteligente-api/387977572/.m2/org/slf4j/jcl-over-slf4j/1.7.25/jcl-over-slf4j-1.7.25.jar:/root/./workspace/jordilucas/ponto-inteligente-api/387977572/.m2/org/slf4j/jul-to-slf4j/1.7.25/jul-to-slf4j-1.7.25.jar:/root/./workspace/jordilucas/ponto-inteligente-api/387977572/.m2/org/slf4j/log4j-over-slf4j/1.7.25/log4j-over-slf4j-1.7.25.jar:/root/./workspace/jordilucas/ponto-inteligente-api/387977572/.m2/org/springframework/spring-core/4.3.12.RELEASE/spring-core-4.3.12.RELEASE.jar:/root/./workspace/jordilucas/ponto-inteligente-api/387977572/.m2/org/yaml/snakeyaml/1.17/snakeyaml-1.17.jar:/root/./workspace/jordilucas/ponto-inteligente-api/387977572/.m2/org/springframework/boot/spring-boot-devtools/1.5.8.RELEASE/spring-boot-devtools-1.5.8.RELEASE.jar:/root/./workspace/jordilucas/ponto-inteligente-api/387977572/.m2/org/springframework/boot/spring-boot-starter-test/1.5.8.RELEASE/spring-boot-starter-test-1.5.8.RELEASE.jar:/root/./workspace/jordilucas/ponto-inteligente-api/387977572/.m2/org/springframework/boot/spring-boot-test/1.5.8.RELEASE/spring-boot-test-1.5.8.RELEASE.jar:/root/./workspace/jordilucas/ponto-inteligente-api/387977572/.m2/org/springframework/boot/spring-boot-test-autoconfigure/1.5.8.RELEASE/spring-boot-test-autoconfigure-1.5.8.RELEASE.jar:/root/./workspace/jordilucas/ponto-inteligente-api/387977572/.m2/com/jayway/jsonpath/json-path/2.2.0/json-path-2.2.0.jar:/root/./workspace/jordilucas/ponto-inteligente-api/387977572/.m2/net/minidev/json-smart/2.2.1/json-smart-2.2.1.jar:/root/./workspace/jordilucas/ponto-inteligente-api/387977572/.m2/net/minidev/accessors-smart/1.1/accessors-smart-1.1.jar:/root/./workspace/jordilucas/ponto-inteligente-api/387977572/.m2/org/ow2/asm/asm/5.0.3/asm-5.0.3.jar:/root/./workspace/jordilucas/ponto-inteligente-api/387977572/.m2/org/slf4j/slf4j-api/1.7.25/slf4j-api-1.7.25.jar:/root/./workspace/jordilucas/ponto-inteligente-api/387977572/.m2/junit/junit/4.12/junit-4.12.jar:/root/./workspace/jordilucas/ponto-inteligente-api/387977572/.m2/org/assertj/assertj-core/2.6.0/assertj-core-2.6.0.jar:/root/./workspace/jordilucas/ponto-inteligente-api/387977572/.m2/org/mockito/mockito-core/1.10.19/mockito-core-1.10.19.jar:/root/./workspace/jordilucas/ponto-inteligente-api/387977572/.m2/org/objenesis/objenesis/2.1/objenesis-2.1.jar:/root/./workspace/jordilucas/ponto-inteligente-api/387977572/.m2/org/hamcrest/hamcrest-core/1.3/hamcrest-core-1.3.jar:/root/./workspace/jordilucas/ponto-inteligente-api/387977572/.m2/org/hamcrest/hamcrest-library/1.3/hamcrest-library-1.3.jar:/root/./workspace/jordilucas/ponto-inteligente-api/387977572/.m2/org/skyscreamer/jsonassert/1.4.0/jsonassert-1.4.0.jar:/root/./workspace/jordilucas/ponto-inteligente-api/387977572/.m2/com/vaadin/external/google/android-json/0.0.20131108.vaadin1/android-json-0.0.20131108.vaadin1.jar:/root/./workspace/jordilucas/ponto-inteligente-api/387977572/.m2/org/springframework/spring-test/4.3.12.RELEASE/spring-test-4.3.12.RELEASE.jar:/root/./workspace/jordilucas/ponto-inteligente-api/387977572/.m2/org/springframework/boot/spring-boot-starter-data-jpa/1.5.8.RELEASE/spring-boot-starter-data-jpa-1.5.8.RELEASE.jar:/root/./workspace/jordilucas/ponto-inteligente-api/387977572/.m2/org/springframework/boot/spring-boot-starter-aop/1.5.8.RELEASE/spring-boot-starter-aop-1.5.8.RELEASE.jar:/root/./workspace/jordilucas/ponto-inteligente-api/387977572/.m2/org/aspectj/aspectjweaver/1.8.11/aspectjweaver-1.8.11.jar:/root/./workspace/jordilucas/ponto-inteligente-api/387977572/.m2/org/springframework/boot/spring-boot-starter-jdbc/1.5.8.RELEASE/spring-boot-starter-jdbc-1.5.8.RELEASE.jar:/root/./workspace/jordilucas/ponto-inteligente-api/387977572/.m2/org/apache/tomcat/tomcat-jdbc/8.5.23/tomcat-jdbc-8.5.23.jar:/root/./workspace/jordilucas/ponto-inteligente-api/387977572/.m2/org/apache/tomcat/tomcat-juli/8.5.23/tomcat-juli-8.5.23.jar:/root/./workspace/jordilucas/ponto-inteligente-api/387977572/.m2/org/springframework/spring-jdbc/4.3.12.RELEASE/spring-jdbc-4.3.12.RELEASE.jar:/root/./workspace/jordilucas/ponto-inteligente-api/387977572/.m2/org/hibernate/hibernate-core/5.0.12.Final/hibernate-core-5.0.12.Final.jar:/root/./workspace/jordilucas/ponto-inteligente-api/387977572/.m2/org/hibernate/javax/persistence/hibernate-jpa-2.1-api/1.0.0.Final/hibernate-jpa-2.1-api-1.0.0.Final.jar:/root/./workspace/jordilucas/ponto-inteligente-api/387977572/.m2/org/javassist/javassist/3.21.0-GA/javassist-3.21.0-GA.jar:/root/./workspace/jordilucas/ponto-inteligente-api/387977572/.m2/antlr/antlr/2.7.7/antlr-2.7.7.jar:/root/./workspace/jordilucas/ponto-inteligente-api/387977572/.m2/org/jboss/jandex/2.0.0.Final/jandex-2.0.0.Final.jar:/root/./workspace/jordilucas/ponto-inteligente-api/387977572/.m2/dom4j/dom4j/1.6.1/dom4j-1.6.1.jar:/root/./workspace/jordilucas/ponto-inteligente-api/387977572/.m2/org/hibernate/common/hibernate-commons-annotations/5.0.1.Final/hibernate-commons-annotations-5.0.1.Final.jar:/root/./workspace/jordilucas/ponto-inteligente-api/387977572/.m2/org/hibernate/hibernate-entitymanager/5.0.12.Final/hibernate-entitymanager-5.0.12.Final.jar:/root/./workspace/jordilucas/ponto-inteligente-api/387977572/.m2/javax/transaction/javax.transaction-api/1.2/javax.transaction-api-1.2.jar:/root/./workspace/jordilucas/ponto-inteligente-api/387977572/.m2/org/springframework/data/spring-data-jpa/1.11.8.RELEASE/spring-data-jpa-1.11.8.RELEASE.jar:/root/./workspace/jordilucas/ponto-inteligente-api/387977572/.m2/org/springframework/data/spring-data-commons/1.13.8.RELEASE/spring-data-commons-1.13.8.RELEASE.jar:/root/./workspace/jordilucas/ponto-inteligente-api/387977572/.m2/org/springframework/spring-orm/4.3.12.RELEASE/spring-orm-4.3.12.RELEASE.jar:/root/./workspace/jordilucas/ponto-inteligente-api/387977572/.m2/org/springframework/spring-tx/4.3.12.RELEASE/spring-tx-4.3.12.RELEASE.jar:/root/./workspace/jordilucas/ponto-inteligente-api/387977572/.m2/org/springframework/spring-beans/4.3.12.RELEASE/spring-beans-4.3.12.RELEASE.jar:/root/./workspace/jordilucas/ponto-inteligente-api/387977572/.m2/org/springframework/spring-aspects/4.3.12.RELEASE/spring-aspects-4.3.12.RELEASE.jar:/root/./workspace/jordilucas/ponto-inteligente-api/387977572/.m2/mysql/mysql-connector-java/5.1.44/mysql-connector-java-5.1.44.jar:/root/./workspace/jordilucas/ponto-inteligente-api/387977572/.m2/com/h2database/h2/1.4.196/h2-1.4.196.jar:/root/./workspace/jordilucas/ponto-inteligente-api/387977572/.m2/org/jboss/logging/jboss-logging/3.3.1.Final/jboss-logging-3.3.1.Final.jar:/root/./workspace/jordilucas/ponto-inteligente-api/387977572/.m2/org/springframework/boot/spring-boot-starter-security/1.5.8.RELEASE/spring-boot-starter-security-1.5.8.RELEASE.jar:/root/./workspace/jordilucas/ponto-inteligente-api/387977572/.m2/org/springframework/spring-aop/4.3.12.RELEASE/spring-aop-4.3.12.RELEASE.jar:/root/./workspace/jordilucas/ponto-inteligente-api/387977572/.m2/org/springframework/security/spring-security-config/4.2.3.RELEASE/spring-security-config-4.2.3.RELEASE.jar:/root/./workspace/jordilucas/ponto-inteligente-api/387977572/.m2/org/springframework/security/spring-security-web/4.2.3.RELEASE/spring-security-web-4.2.3.RELEASE.jar:/root/./workspace/jordilucas/ponto-inteligente-api/387977572/.m2/org/springframework/spring-expression/4.3.12.RELEASE/spring-expression-4.3.12.RELEASE.jar:/root/./workspace/jordilucas/ponto-inteligente-api/387977572/.m2/org/springframework/security/spring-security-test/4.2.3.RELEASE/spring-security-test-4.2.3.RELEASE.jar:/root/./workspace/jordilucas/ponto-inteligente-api/387977572/.m2/org/springframework/security/spring-security-core/4.2.3.RELEASE/spring-security-core-4.2.3.RELEASE.jar:/root/./workspace/jordilucas/ponto-inteligente-api/387977572/.m2/aopalliance/aopalliance/1.0/aopalliance-1.0.jar:/root/./workspace/jordilucas/ponto-inteligente-api/387977572/.m2/org/springframework/boot/spring-boot-starter-web/1.5.8.RELEASE/spring-boot-starter-web-1.5.8.RELEASE.jar:/root/./workspace/jordilucas/ponto-inteligente-api/387977572/.m2/org/springframework/boot/spring-boot-starter-tomcat/1.5.8.RELEASE/spring-boot-starter-tomcat-1.5.8.RELEASE.jar:/root/./workspace/jordilucas/ponto-inteligente-api/387977572/.m2/org/apache/tomcat/embed/tomcat-embed-core/8.5.23/tomcat-embed-core-8.5.23.jar:/root/./workspace/jordilucas/ponto-inteligente-api/387977572/.m2/org/apache/tomcat/tomcat-annotations-api/8.5.23/tomcat-annotations-api-8.5.23.jar:/root/./workspace/jordilucas/ponto-inteligente-api/387977572/.m2/org/apache/tomcat/embed/tomcat-embed-websocket/8.5.23/tomcat-embed-websocket-8.5.23.jar:/root/./workspace/jordilucas/ponto-inteligente-api/387977572/.m2/org/hibernate/hibernate-validator/5.3.5.Final/hibernate-validator-5.3.5.Final.jar:/root/./workspace/jordilucas/ponto-inteligente-api/387977572/.m2/javax/validation/validation-api/1.1.0.Final/validation-api-1.1.0.Final.jar:/root/./workspace/jordilucas/ponto-inteligente-api/387977572/.m2/com/fasterxml/classmate/1.3.4/classmate-1.3.4.jar:/root/./workspace/jordilucas/ponto-inteligente-api/387977572/.m2/com/fasterxml/jackson/core/jackson-databind/2.8.10/jackson-databind-2.8.10.jar:/root/./workspace/jordilucas/ponto-inteligente-api/387977572/.m2/com/fasterxml/jackson/core/jackson-annotations/2.8.0/jackson-annotations-2.8.0.jar:/root/./workspace/jordilucas/ponto-inteligente-api/387977572/.m2/org/springframework/spring-web/4.3.12.RELEASE/spring-web-4.3.12.RELEASE.jar:/root/./workspace/jordilucas/ponto-inteligente-api/387977572/.m2/org/springframework/spring-webmvc/4.3.12.RELEASE/spring-webmvc-4.3.12.RELEASE.jar:/root/./workspace/jordilucas/ponto-inteligente-api/387977572/.m2/org/springframework/boot/spring-boot-starter-validation/1.5.8.RELEASE/spring-boot-starter-validation-1.5.8.RELEASE.jar:/root/./workspace/jordilucas/ponto-inteligente-api/387977572/.m2/org/apache/tomcat/embed/tomcat-embed-el/8.5.23/tomcat-embed-el-8.5.23.jar:/root/./workspace/jordilucas/ponto-inteligente-api/387977572/.m2/com/fasterxml/jackson/datatype/jackson-datatype-jdk8/2.8.10/jackson-datatype-jdk8-2.8.10.jar:/root/./workspace/jordilucas/ponto-inteligente-api/387977572/.m2/com/fasterxml/jackson/core/jackson-core/2.8.10/jackson-core-2.8.10.jar:/root/./workspace/jordilucas/ponto-inteligente-api/387977572/.m2/org/apache/commons/commons-lang3/3.6/commons-lang3-3.6.jar:, java.specification.name=Java Platform API Specification, java.class.version=52.0, skip.bower=true, sun.management.compiler=HotSpot 64-Bit Tiered Compilers, maven.repo.local=/root/./workspace/jordilucas/ponto-inteligente-api/387977572/.m2, os.version=3.10.0-862.3.2.el7.x86_64, user.home=/root, user.timezone=Europe/Paris, java.awt.printerjob=sun.print.PSPrinterJob, file.encoding=UTF-8, java.specification.version=1.8, java.class.path=/root/workspace/jordilucas/ponto-inteligente-api/387977572/target/test-classes:/root/workspace/jordilucas/ponto-inteligente-api/387977572/target/classes:/root/./workspace/jordilucas/ponto-inteligente-api/387977572/.m2/org/springframework/boot/spring-boot-starter/1.5.8.RELEASE/spring-boot-starter-1.5.8.RELEASE.jar:/root/./workspace/jordilucas/ponto-inteligente-api/387977572/.m2/org/springframework/boot/spring-boot/1.5.8.RELEASE/spring-boot-1.5.8.RELEASE.jar:/root/./workspace/jordilucas/ponto-inteligente-api/387977572/.m2/org/springframework/spring-context/4.3.12.RELEASE/spring-context-4.3.12.RELEASE.jar:/root/./workspace/jordilucas/ponto-inteligente-api/387977572/.m2/org/springframework/boot/spring-boot-autoconfigure/1.5.8.RELEASE/spring-boot-autoconfigure-1.5.8.RELEASE.jar:/root/./workspace/jordilucas/ponto-inteligente-api/387977572/.m2/org/springframework/boot/spring-boot-starter-logging/1.5.8.RELEASE/spring-boot-starter-logging-1.5.8.RELEASE.jar:/root/./workspace/jordilucas/ponto-inteligente-api/387977572/.m2/ch/qos/logback/logback-classic/1.1.11/logback-classic-1.1.11.jar:/root/./workspace/jordilucas/ponto-inteligente-api/387977572/.m2/ch/qos/logback/logback-core/1.1.11/logback-core-1.1.11.jar:/root/./workspace/jordilucas/ponto-inteligente-api/387977572/.m2/org/slf4j/jcl-over-slf4j/1.7.25/jcl-over-slf4j-1.7.25.jar:/root/./workspace/jordilucas/ponto-inteligente-api/387977572/.m2/org/slf4j/jul-to-slf4j/1.7.25/jul-to-slf4j-1.7.25.jar:/root/./workspace/jordilucas/ponto-inteligente-api/387977572/.m2/org/slf4j/log4j-over-slf4j/1.7.25/log4j-over-slf4j-1.7.25.jar:/root/./workspace/jordilucas/ponto-inteligente-api/387977572/.m2/org/springframework/spring-core/4.3.12.RELEASE/spring-core-4.3.12.RELEASE.jar:/root/./workspace/jordilucas/ponto-inteligente-api/387977572/.m2/org/yaml/snakeyaml/1.17/snakeyaml-1.17.jar:/root/./workspace/jordilucas/ponto-inteligente-api/387977572/.m2/org/springframework/boot/spring-boot-devtools/1.5.8.RELEASE/spring-boot-devtools-1.5.8.RELEASE.jar:/root/./workspace/jordilucas/ponto-inteligente-api/387977572/.m2/org/springframework/boot/spring-boot-starter-test/1.5.8.RELEASE/spring-boot-starter-test-1.5.8.RELEASE.jar:/root/./workspace/jordilucas/ponto-inteligente-api/387977572/.m2/org/springframework/boot/spring-boot-test/1.5.8.RELEASE/spring-boot-test-1.5.8.RELEASE.jar:/root/./workspace/jordilucas/ponto-inteligente-api/387977572/.m2/org/springframework/boot/spring-boot-test-autoconfigure/1.5.8.RELEASE/spring-boot-test-autoconfigure-1.5.8.RELEASE.jar:/root/./workspace/jordilucas/ponto-inteligente-api/387977572/.m2/com/jayway/jsonpath/json-path/2.2.0/json-path-2.2.0.jar:/root/./workspace/jordilucas/ponto-inteligente-api/387977572/.m2/net/minidev/json-smart/2.2.1/json-smart-2.2.1.jar:/root/./workspace/jordilucas/ponto-inteligente-api/387977572/.m2/net/minidev/accessors-smart/1.1/accessors-smart-1.1.jar:/root/./workspace/jordilucas/ponto-inteligente-api/387977572/.m2/org/ow2/asm/asm/5.0.3/asm-5.0.3.jar:/root/./workspace/jordilucas/ponto-inteligente-api/387977572/.m2/org/slf4j/slf4j-api/1.7.25/slf4j-api-1.7.25.jar:/root/./workspace/jordilucas/ponto-inteligente-api/387977572/.m2/junit/junit/4.12/junit-4.12.jar:/root/./workspace/jordilucas/ponto-inteligente-api/387977572/.m2/org/assertj/assertj-core/2.6.0/assertj-core-2.6.0.jar:/root/./workspace/jordilucas/ponto-inteligente-api/387977572/.m2/org/mockito/mockito-core/1.10.19/mockito-core-1.10.19.jar:/root/./workspace/jordilucas/ponto-inteligente-api/387977572/.m2/org/objenesis/objenesis/2.1/objenesis-2.1.jar:/root/./workspace/jordilucas/ponto-inteligente-api/387977572/.m2/org/hamcrest/hamcrest-core/1.3/hamcrest-core-1.3.jar:/root/./workspace/jordilucas/ponto-inteligente-api/387977572/.m2/org/hamcrest/hamcrest-library/1.3/hamcrest-library-1.3.jar:/root/./workspace/jordilucas/ponto-inteligente-api/387977572/.m2/org/skyscreamer/jsonassert/1.4.0/jsonassert-1.4.0.jar:/root/./workspace/jordilucas/ponto-inteligente-api/387977572/.m2/com/vaadin/external/google/android-json/0.0.20131108.vaadin1/android-json-0.0.20131108.vaadin1.jar:/root/./workspace/jordilucas/ponto-inteligente-api/387977572/.m2/org/springframework/spring-test/4.3.12.RELEASE/spring-test-4.3.12.RELEASE.jar:/root/./workspace/jordilucas/ponto-inteligente-api/387977572/.m2/org/springframework/boot/spring-boot-starter-data-jpa/1.5.8.RELEASE/spring-boot-starter-data-jpa-1.5.8.RELEASE.jar:/root/./workspace/jordilucas/ponto-inteligente-api/387977572/.m2/org/springframework/boot/spring-boot-starter-aop/1.5.8.RELEASE/spring-boot-starter-aop-1.5.8.RELEASE.jar:/root/./workspace/jordilucas/ponto-inteligente-api/387977572/.m2/org/aspectj/aspectjweaver/1.8.11/aspectjweaver-1.8.11.jar:/root/./workspace/jordilucas/ponto-inteligente-api/387977572/.m2/org/springframework/boot/spring-boot-starter-jdbc/1.5.8.RELEASE/spring-boot-starter-jdbc-1.5.8.RELEASE.jar:/root/./workspace/jordilucas/ponto-inteligente-api/387977572/.m2/org/apache/tomcat/tomcat-jdbc/8.5.23/tomcat-jdbc-8.5.23.jar:/root/./workspace/jordilucas/ponto-inteligente-api/387977572/.m2/org/apache/tomcat/tomcat-juli/8.5.23/tomcat-juli-8.5.23.jar:/root/./workspace/jordilucas/ponto-inteligente-api/387977572/.m2/org/springframework/spring-jdbc/4.3.12.RELEASE/spring-jdbc-4.3.12.RELEASE.jar:/root/./workspace/jordilucas/ponto-inteligente-api/387977572/.m2/org/hibernate/hibernate-core/5.0.12.Final/hibernate-core-5.0.12.Final.jar:/root/./workspace/jordilucas/ponto-inteligente-api/387977572/.m2/org/hibernate/javax/persistence/hibernate-jpa-2.1-api/1.0.0.Final/hibernate-jpa-2.1-api-1.0.0.Final.jar:/root/./workspace/jordilucas/ponto-inteligente-api/387977572/.m2/org/javassist/javassist/3.21.0-GA/javassist-3.21.0-GA.jar:/root/./workspace/jordilucas/ponto-inteligente-api/387977572/.m2/antlr/antlr/2.7.7/antlr-2.7.7.jar:/root/./workspace/jordilucas/ponto-inteligente-api/387977572/.m2/org/jboss/jandex/2.0.0.Final/jandex-2.0.0.Final.jar:/root/./workspace/jordilucas/ponto-inteligente-api/387977572/.m2/dom4j/dom4j/1.6.1/dom4j-1.6.1.jar:/root/./workspace/jordilucas/ponto-inteligente-api/387977572/.m2/org/hibernate/common/hibernate-commons-annotations/5.0.1.Final/hibernate-commons-annotations-5.0.1.Final.jar:/root/./workspace/jordilucas/ponto-inteligente-api/387977572/.m2/org/hibernate/hibernate-entitymanager/5.0.12.Final/hibernate-entitymanager-5.0.12.Final.jar:/root/./workspace/jordilucas/ponto-inteligente-api/387977572/.m2/javax/transaction/javax.transaction-api/1.2/javax.transaction-api-1.2.jar:/root/./workspace/jordilucas/ponto-inteligente-api/387977572/.m2/org/springframework/data/spring-data-jpa/1.11.8.RELEASE/spring-data-jpa-1.11.8.RELEASE.jar:/root/./workspace/jordilucas/ponto-inteligente-api/387977572/.m2/org/springframework/data/spring-data-commons/1.13.8.RELEASE/spring-data-commons-1.13.8.RELEASE.jar:/root/./workspace/jordilucas/ponto-inteligente-api/387977572/.m2/org/springframework/spring-orm/4.3.12.RELEASE/spring-orm-4.3.12.RELEASE.jar:/root/./workspace/jordilucas/ponto-inteligente-api/387977572/.m2/org/springframework/spring-tx/4.3.12.RELEASE/spring-tx-4.3.12.RELEASE.jar:/root/./workspace/jordilucas/ponto-inteligente-api/387977572/.m2/org/springframework/spring-beans/4.3.12.RELEASE/spring-beans-4.3.12.RELEASE.jar:/root/./workspace/jordilucas/ponto-inteligente-api/387977572/.m2/org/springframework/spring-aspects/4.3.12.RELEASE/spring-aspects-4.3.12.RELEASE.jar:/root/./workspace/jordilucas/ponto-inteligente-api/387977572/.m2/mysql/mysql-connector-java/5.1.44/mysql-connector-java-5.1.44.jar:/root/./workspace/jordilucas/ponto-inteligente-api/387977572/.m2/com/h2database/h2/1.4.196/h2-1.4.196.jar:/root/./workspace/jordilucas/ponto-inteligente-api/387977572/.m2/org/jboss/logging/jboss-logging/3.3.1.Final/jboss-logging-3.3.1.Final.jar:/root/./workspace/jordilucas/ponto-inteligente-api/387977572/.m2/org/springframework/boot/spring-boot-starter-security/1.5.8.RELEASE/spring-boot-starter-security-1.5.8.RELEASE.jar:/root/./workspace/jordilucas/ponto-inteligente-api/387977572/.m2/org/springframework/spring-aop/4.3.12.RELEASE/spring-aop-4.3.12.RELEASE.jar:/root/./workspace/jordilucas/ponto-inteligente-api/387977572/.m2/org/springframework/security/spring-security-config/4.2.3.RELEASE/spring-security-config-4.2.3.RELEASE.jar:/root/./workspace/jordilucas/ponto-inteligente-api/387977572/.m2/org/springframework/security/spring-security-web/4.2.3.RELEASE/spring-security-web-4.2.3.RELEASE.jar:/root/./workspace/jordilucas/ponto-inteligente-api/387977572/.m2/org/springframework/spring-expression/4.3.12.RELEASE/spring-expression-4.3.12.RELEASE.jar:/root/./workspace/jordilucas/ponto-inteligente-api/387977572/.m2/org/springframework/security/spring-security-test/4.2.3.RELEASE/spring-security-test-4.2.3.RELEASE.jar:/root/./workspace/jordilucas/ponto-inteligente-api/387977572/.m2/org/springframework/security/spring-security-core/4.2.3.RELEASE/spring-security-core-4.2.3.RELEASE.jar:/root/./workspace/jordilucas/ponto-inteligente-api/387977572/.m2/aopalliance/aopalliance/1.0/aopalliance-1.0.jar:/root/./workspace/jordilucas/ponto-inteligente-api/387977572/.m2/org/springframework/boot/spring-boot-starter-web/1.5.8.RELEASE/spring-boot-starter-web-1.5.8.RELEASE.jar:/root/./workspace/jordilucas/ponto-inteligente-api/387977572/.m2/org/springframework/boot/spring-boot-starter-tomcat/1.5.8.RELEASE/spring-boot-starter-tomcat-1.5.8.RELEASE.jar:/root/./workspace/jordilucas/ponto-inteligente-api/387977572/.m2/org/apache/tomcat/embed/tomcat-embed-core/8.5.23/tomcat-embed-core-8.5.23.jar:/root/./workspace/jordilucas/ponto-inteligente-api/387977572/.m2/org/apache/tomcat/tomcat-annotations-api/8.5.23/tomcat-annotations-api-8.5.23.jar:/root/./workspace/jordilucas/ponto-inteligente-api/387977572/.m2/org/apache/tomcat/embed/tomcat-embed-websocket/8.5.23/tomcat-embed-websocket-8.5.23.jar:/root/./workspace/jordilucas/ponto-inteligente-api/387977572/.m2/org/hibernate/hibernate-validator/5.3.5.Final/hibernate-validator-5.3.5.Final.jar:/root/./workspace/jordilucas/ponto-inteligente-api/387977572/.m2/javax/validation/validation-api/1.1.0.Final/validation-api-1.1.0.Final.jar:/root/./workspace/jordilucas/ponto-inteligente-api/387977572/.m2/com/fasterxml/classmate/1.3.4/classmate-1.3.4.jar:/root/./workspace/jordilucas/ponto-inteligente-api/387977572/.m2/com/fasterxml/jackson/core/jackson-databind/2.8.10/jackson-databind-2.8.10.jar:/root/./workspace/jordilucas/ponto-inteligente-api/387977572/.m2/com/fasterxml/jackson/core/jackson-annotations/2.8.0/jackson-annotations-2.8.0.jar:/root/./workspace/jordilucas/ponto-inteligente-api/387977572/.m2/org/springframework/spring-web/4.3.12.RELEASE/spring-web-4.3.12.RELEASE.jar:/root/./workspace/jordilucas/ponto-inteligente-api/387977572/.m2/org/springframework/spring-webmvc/4.3.12.RELEASE/spring-webmvc-4.3.12.RELEASE.jar:/root/./workspace/jordilucas/ponto-inteligente-api/387977572/.m2/org/springframework/boot/spring-boot-starter-validation/1.5.8.RELEASE/spring-boot-starter-validation-1.5.8.RELEASE.jar:/root/./workspace/jordilucas/ponto-inteligente-api/387977572/.m2/org/apache/tomcat/embed/tomcat-embed-el/8.5.23/tomcat-embed-el-8.5.23.jar:/root/./workspace/jordilucas/ponto-inteligente-api/387977572/.m2/com/fasterxml/jackson/datatype/jackson-datatype-jdk8/2.8.10/jackson-datatype-jdk8-2.8.10.jar:/root/./workspace/jordilucas/ponto-inteligente-api/387977572/.m2/com/fasterxml/jackson/core/jackson-core/2.8.10/jackson-core-2.8.10.jar:/root/./workspace/jordilucas/ponto-inteligente-api/387977572/.m2/org/apache/commons/commons-lang3/3.6/commons-lang3-3.6.jar:, user.name=root, skipITs=true, java.vm.specification.version=1.8, sun.java.command=/root/workspace/jordilucas/ponto-inteligente-api/387977572/target/surefire/surefirebooter8553089524739200174.jar /root/workspace/jordilucas/ponto-inteligente-api/387977572/target/surefire/surefire3173184054435444890tmp /root/workspace/jordilucas/ponto-inteligente-api/387977572/target/surefire/surefire_07527372107658914535tmp, java.home=/usr/lib/jvm/java-8-openjdk-amd64/jre, sun.arch.data.model=64, user.language=en, java.specification.vendor=Oracle Corporation, dependency-check.skip=true, awt.toolkit=sun.awt.X11.XToolkit, java.vm.info=mixed mode, java.version=1.8.0_121, java.ext.dirs=/usr/lib/jvm/java-8-openjdk-amd64/jre/lib/ext:/usr/java/packages/lib/ext, sun.boot.class.path=/usr/lib/jvm/java-8-openjdk-amd64/jre/lib/resources.jar:/usr/lib/jvm/java-8-openjdk-amd64/jre/lib/rt.jar:/usr/lib/jvm/java-8-openjdk-amd64/jre/lib/sunrsasign.jar:/usr/lib/jvm/java-8-openjdk-amd64/jre/lib/jsse.jar:/usr/lib/jvm/java-8-openjdk-amd64/jre/lib/jce.jar:/usr/lib/jvm/java-8-openjdk-amd64/jre/lib/charsets.jar:/usr/lib/jvm/java-8-openjdk-amd64/jre/lib/jfr.jar:/usr/lib/jvm/java-8-openjdk-amd64/jre/classes, rat.skip=true, enforcer.skip=true, java.vendor=Oracle Corporation, localRepository=/root/./workspace/jordilucas/ponto-inteligente-api/387977572/.m2, file.separator=/, java.vendor.url.bug=http://bugreport.sun.com/bugreport/, sun.io.unicode.encoding=UnicodeLittle, sun.cpu.endian=little, sun.cpu.isalist=}}, SystemEnvironmentPropertySource@869601985 {name='systemEnvironment', properties={PATH=/usr/local/sbin:/usr/local/bin:/usr/sbin:/usr/bin:/sbin:/bin, JAVA_HOME=/usr/lib/jvm/java-8-openjdk-amd64, NOTIFY_TO=, CA_CERTIFICATES_JAVA_VERSION=20161107~bpo8+1, MONGODB_HOST=, BUILD_ID=, LANG=C.UTF-8, MAVEN_HOME=/usr/share/maven, SMTP_SERVER=, MONGODB_NAME=, REPAIR_MODE=repair, PWD=/root/workspace/jordilucas/ponto-inteligente-api/387977572, JAVA_VERSION=8u121, GITHUB_OAUTH=, MAVEN_CMD_LINE_ARGS=/root/.m2 -B -D enforcer.skip=true -D dependency-check.skip=true -D skipITs=true -D cobertura.skip=true -D maven.repo.local=/root/./workspace/jordilucas/ponto-inteligente-api/387977572/.m2 -D rat.skip=true -D findbugs.skip=true -D skip.bower=true -D gpg.skip=true -D checkstyle.skip=true -D skip.gulp=true -D license.skip=true -D skip.npm=true test, _=/usr/bin/java, OUTPUT=, MAVEN_TERMINATE_CMD=on, MAVEN_CONFIG=/root/.m2, MAVEN_PROJECTBASEDIR=/root/workspace/jordilucas/ponto-inteligente-api/387977572, OLDPWD=/root/workspace/jordilucas/ponto-inteligente-api/387977572, LOG_FILENAME=repairnator-pipeline_2018-06-04_2231_387977572_5a77b685-d098-401d-b168-01e076b51223, RUN_ID=, HOSTNAME=cyclone1, JAVA_DEBIAN_VERSION=8u121-b13-1~bpo8+1, M2_HOME=/usr/share/maven, REPAIR_TOOLS=AssertFixer, HOME=/root, SHLVL=1, PUSH_URL=}}]
22:32:15.379 [main] INFO org.springframework.boot.test.context.SpringBootTestContextBootstrapper - Found @SpringBootConfiguration br.com.jordilucas.pontointeligente.api.PontoInteligenteApplication for test class br.com.jordilucas.pontointeligente.api.repositories.EmpresaRepositoryTest
22:32:15.381 [main] DEBUG org.springframework.boot.test.context.SpringBootTestContextBootstrapper - @TestExecutionListeners is not present for class [br.com.jordilucas.pontointeligente.api.repositories.EmpresaRepositoryTest]: using defaults.
22:32:15.386 [main] INFO org.springframework.boot.test.context.SpringBootTestContextBootstrapper - Loaded default TestExecutionListener class names from location [META-INF/spring.factories]: [org.springframework.boot.test.mock.mockito.MockitoTestExecutionListener, org.springframework.boot.test.mock.mockito.ResetMocksTestExecutionListener, org.springframework.boot.test.autoconfigure.restdocs.RestDocsTestExecutionListener, org.springframework.boot.test.autoconfigure.web.client.MockRestServiceServerResetTestExecutionListener, org.springframework.boot.test.autoconfigure.web.servlet.MockMvcPrintOnlyOnFailureTestExecutionListener, org.springframework.boot.test.autoconfigure.web.servlet.WebDriverTestExecutionListener, org.springframework.test.context.web.ServletTestExecutionListener, org.springframework.test.context.support.DirtiesContextBeforeModesTestExecutionListener, org.springframework.test.context.support.DependencyInjectionTestExecutionListener, org.springframework.test.context.support.DirtiesContextTestExecutionListener, org.springframework.test.context.transaction.TransactionalTestExecutionListener, org.springframework.test.context.jdbc.SqlScriptsTestExecutionListener, org.springframework.security.test.context.support.WithSecurityContextTestExecutionListener]
22:32:15.389 [main] INFO org.springframework.boot.test.context.SpringBootTestContextBootstrapper - Using TestExecutionListeners: [org.springframework.test.context.web.ServletTestExecutionListener@44c03695, org.springframework.test.context.support.DirtiesContextBeforeModesTestExecutionListener@7e6f74c, org.springframework.boot.test.autoconfigure.SpringBootDependencyInjectionTestExecutionListener@dd05255, org.springframework.test.context.support.DirtiesContextTestExecutionListener@6a78afa0, org.springframework.test.context.transaction.TransactionalTestExecutionListener@2f4948e4, org.springframework.test.context.jdbc.SqlScriptsTestExecutionListener@1f2586d6, org.springframework.security.test.context.support.WithSecurityContextTestExecutionListener@10683d9d, org.springframework.boot.test.autoconfigure.restdocs.RestDocsTestExecutionListener@3fc2959f, org.springframework.boot.test.autoconfigure.web.client.MockRestServiceServerResetTestExecutionListener@5aa9e4eb, org.springframework.boot.test.mock.mockito.ResetMocksTestExecutionListener@6989da5e, org.springframework.boot.test.autoconfigure.web.servlet.WebDriverTestExecutionListener@385c9627, org.springframework.boot.test.mock.mockito.MockitoTestExecutionListener@139982de, org.springframework.boot.test.autoconfigure.web.servlet.MockMvcPrintOnlyOnFailureTestExecutionListener@682b2fa]
22:32:15.393 [main] DEBUG org.springframework.test.context.junit4.SpringJUnit4ClassRunner - SpringJUnit4ClassRunner constructor called with [class br.com.jordilucas.pontointeligente.api.PontoInteligenteApplicationTests]
22:32:15.393 [main] DEBUG org.springframework.test.context.BootstrapUtils - Instantiating CacheAwareContextLoaderDelegate from class [org.springframework.test.context.cache.DefaultCacheAwareContextLoaderDelegate]
22:32:15.393 [main] DEBUG org.springframework.test.context.BootstrapUtils - Instantiating BootstrapContext using constructor [public org.springframework.test.context.support.DefaultBootstrapContext(java.lang.Class,org.springframework.test.context.CacheAwareContextLoaderDelegate)]
22:32:15.394 [main] DEBUG org.springframework.test.context.BootstrapUtils - Instantiating TestContextBootstrapper for test class [br.com.jordilucas.pontointeligente.api.PontoInteligenteApplicationTests] from class [org.springframework.boot.test.context.SpringBootTestContextBootstrapper]
22:32:15.394 [main] INFO org.springframework.boot.test.context.SpringBootTestContextBootstrapper - Neither @ContextConfiguration nor @ContextHierarchy found for test class [br.com.jordilucas.pontointeligente.api.PontoInteligenteApplicationTests], using SpringBootContextLoader
22:32:15.395 [main] DEBUG org.springframework.test.context.support.AbstractContextLoader - Did not detect default resource location for test class [br.com.jordilucas.pontointeligente.api.PontoInteligenteApplicationTests]: class path resource [br/com/jordilucas/pontointeligente/api/PontoInteligenteApplicationTests-context.xml] does not exist
22:32:15.396 [main] DEBUG org.springframework.test.context.support.AbstractContextLoader - Did not detect default resource location for test class [br.com.jordilucas.pontointeligente.api.PontoInteligenteApplicationTests]: class path resource [br/com/jordilucas/pontointeligente/api/PontoInteligenteApplicationTestsContext.groovy] does not exist
22:32:15.396 [main] INFO org.springframework.test.context.support.AbstractContextLoader - Could not detect default resource locations for test class [br.com.jordilucas.pontointeligente.api.PontoInteligenteApplicationTests]: no resource found for suffixes {-context.xml, Context.groovy}.
22:32:15.396 [main] INFO org.springframework.test.context.support.AnnotationConfigContextLoaderUtils - Could not detect default configuration classes for test class [br.com.jordilucas.pontointeligente.api.PontoInteligenteApplicationTests]: PontoInteligenteApplicationTests does not declare any static, non-private, non-final, nested classes annotated with @Configuration.
22:32:15.402 [main] DEBUG org.springframework.core.env.StandardEnvironment - Adding PropertySource 'systemProperties' with lowest search precedence
22:32:15.402 [main] DEBUG org.springframework.core.env.StandardEnvironment - Adding PropertySource 'systemEnvironment' with lowest search precedence
22:32:15.403 [main] DEBUG org.springframework.core.env.StandardEnvironment - Initialized StandardEnvironment with PropertySources [MapPropertySource@752316209 {name='systemProperties', properties={java.runtime.name=OpenJDK Runtime Environment, sun.boot.library.path=/usr/lib/jvm/java-8-openjdk-amd64/jre/lib/amd64, java.vm.version=25.121-b13, java.vm.vendor=Oracle Corporation, java.vendor.url=http://java.oracle.com/, skip.gulp=true, path.separator=:, java.vm.name=OpenJDK 64-Bit Server VM, file.encoding.pkg=sun.io, findbugs.skip=true, sun.java.launcher=SUN_STANDARD, sun.os.patch.level=unknown, java.vm.specification.name=Java Virtual Machine Specification, user.dir=/root/workspace/jordilucas/ponto-inteligente-api/387977572, checkstyle.skip=true, java.runtime.version=1.8.0_121-8u121-b13-1~bpo8+1-b13, skip.npm=true, basedir=/root/workspace/jordilucas/ponto-inteligente-api/387977572, java.awt.graphicsenv=sun.awt.X11GraphicsEnvironment, java.endorsed.dirs=/usr/lib/jvm/java-8-openjdk-amd64/jre/lib/endorsed, os.arch=amd64, surefire.real.class.path=/root/workspace/jordilucas/ponto-inteligente-api/387977572/target/surefire/surefirebooter8553089524739200174.jar, gpg.skip=true, java.io.tmpdir=/tmp, line.separator=
, cobertura.skip=true, java.vm.specification.vendor=Oracle Corporation, os.name=Linux, sun.jnu.encoding=UTF-8, license.skip=true, java.library.path=/usr/java/packages/lib/amd64:/usr/lib/x86_64-linux-gnu/jni:/lib/x86_64-linux-gnu:/usr/lib/x86_64-linux-gnu:/usr/lib/jni:/lib:/usr/lib, surefire.test.class.path=/root/workspace/jordilucas/ponto-inteligente-api/387977572/target/test-classes:/root/workspace/jordilucas/ponto-inteligente-api/387977572/target/classes:/root/./workspace/jordilucas/ponto-inteligente-api/387977572/.m2/org/springframework/boot/spring-boot-starter/1.5.8.RELEASE/spring-boot-starter-1.5.8.RELEASE.jar:/root/./workspace/jordilucas/ponto-inteligente-api/387977572/.m2/org/springframework/boot/spring-boot/1.5.8.RELEASE/spring-boot-1.5.8.RELEASE.jar:/root/./workspace/jordilucas/ponto-inteligente-api/387977572/.m2/org/springframework/spring-context/4.3.12.RELEASE/spring-context-4.3.12.RELEASE.jar:/root/./workspace/jordilucas/ponto-inteligente-api/387977572/.m2/org/springframework/boot/spring-boot-autoconfigure/1.5.8.RELEASE/spring-boot-autoconfigure-1.5.8.RELEASE.jar:/root/./workspace/jordilucas/ponto-inteligente-api/387977572/.m2/org/springframework/boot/spring-boot-starter-logging/1.5.8.RELEASE/spring-boot-starter-logging-1.5.8.RELEASE.jar:/root/./workspace/jordilucas/ponto-inteligente-api/387977572/.m2/ch/qos/logback/logback-classic/1.1.11/logback-classic-1.1.11.jar:/root/./workspace/jordilucas/ponto-inteligente-api/387977572/.m2/ch/qos/logback/logback-core/1.1.11/logback-core-1.1.11.jar:/root/./workspace/jordilucas/ponto-inteligente-api/387977572/.m2/org/slf4j/jcl-over-slf4j/1.7.25/jcl-over-slf4j-1.7.25.jar:/root/./workspace/jordilucas/ponto-inteligente-api/387977572/.m2/org/slf4j/jul-to-slf4j/1.7.25/jul-to-slf4j-1.7.25.jar:/root/./workspace/jordilucas/ponto-inteligente-api/387977572/.m2/org/slf4j/log4j-over-slf4j/1.7.25/log4j-over-slf4j-1.7.25.jar:/root/./workspace/jordilucas/ponto-inteligente-api/387977572/.m2/org/springframework/spring-core/4.3.12.RELEASE/spring-core-4.3.12.RELEASE.jar:/root/./workspace/jordilucas/ponto-inteligente-api/387977572/.m2/org/yaml/snakeyaml/1.17/snakeyaml-1.17.jar:/root/./workspace/jordilucas/ponto-inteligente-api/387977572/.m2/org/springframework/boot/spring-boot-devtools/1.5.8.RELEASE/spring-boot-devtools-1.5.8.RELEASE.jar:/root/./workspace/jordilucas/ponto-inteligente-api/387977572/.m2/org/springframework/boot/spring-boot-starter-test/1.5.8.RELEASE/spring-boot-starter-test-1.5.8.RELEASE.jar:/root/./workspace/jordilucas/ponto-inteligente-api/387977572/.m2/org/springframework/boot/spring-boot-test/1.5.8.RELEASE/spring-boot-test-1.5.8.RELEASE.jar:/root/./workspace/jordilucas/ponto-inteligente-api/387977572/.m2/org/springframework/boot/spring-boot-test-autoconfigure/1.5.8.RELEASE/spring-boot-test-autoconfigure-1.5.8.RELEASE.jar:/root/./workspace/jordilucas/ponto-inteligente-api/387977572/.m2/com/jayway/jsonpath/json-path/2.2.0/json-path-2.2.0.jar:/root/./workspace/jordilucas/ponto-inteligente-api/387977572/.m2/net/minidev/json-smart/2.2.1/json-smart-2.2.1.jar:/root/./workspace/jordilucas/ponto-inteligente-api/387977572/.m2/net/minidev/accessors-smart/1.1/accessors-smart-1.1.jar:/root/./workspace/jordilucas/ponto-inteligente-api/387977572/.m2/org/ow2/asm/asm/5.0.3/asm-5.0.3.jar:/root/./workspace/jordilucas/ponto-inteligente-api/387977572/.m2/org/slf4j/slf4j-api/1.7.25/slf4j-api-1.7.25.jar:/root/./workspace/jordilucas/ponto-inteligente-api/387977572/.m2/junit/junit/4.12/junit-4.12.jar:/root/./workspace/jordilucas/ponto-inteligente-api/387977572/.m2/org/assertj/assertj-core/2.6.0/assertj-core-2.6.0.jar:/root/./workspace/jordilucas/ponto-inteligente-api/387977572/.m2/org/mockito/mockito-core/1.10.19/mockito-core-1.10.19.jar:/root/./workspace/jordilucas/ponto-inteligente-api/387977572/.m2/org/objenesis/objenesis/2.1/objenesis-2.1.jar:/root/./workspace/jordilucas/ponto-inteligente-api/387977572/.m2/org/hamcrest/hamcrest-core/1.3/hamcrest-core-1.3.jar:/root/./workspace/jordilucas/ponto-inteligente-api/387977572/.m2/org/hamcrest/hamcrest-library/1.3/hamcrest-library-1.3.jar:/root/./workspace/jordilucas/ponto-inteligente-api/387977572/.m2/org/skyscreamer/jsonassert/1.4.0/jsonassert-1.4.0.jar:/root/./workspace/jordilucas/ponto-inteligente-api/387977572/.m2/com/vaadin/external/google/android-json/0.0.20131108.vaadin1/android-json-0.0.20131108.vaadin1.jar:/root/./workspace/jordilucas/ponto-inteligente-api/387977572/.m2/org/springframework/spring-test/4.3.12.RELEASE/spring-test-4.3.12.RELEASE.jar:/root/./workspace/jordilucas/ponto-inteligente-api/387977572/.m2/org/springframework/boot/spring-boot-starter-data-jpa/1.5.8.RELEASE/spring-boot-starter-data-jpa-1.5.8.RELEASE.jar:/root/./workspace/jordilucas/ponto-inteligente-api/387977572/.m2/org/springframework/boot/spring-boot-starter-aop/1.5.8.RELEASE/spring-boot-starter-aop-1.5.8.RELEASE.jar:/root/./workspace/jordilucas/ponto-inteligente-api/387977572/.m2/org/aspectj/aspectjweaver/1.8.11/aspectjweaver-1.8.11.jar:/root/./workspace/jordilucas/ponto-inteligente-api/387977572/.m2/org/springframework/boot/spring-boot-starter-jdbc/1.5.8.RELEASE/spring-boot-starter-jdbc-1.5.8.RELEASE.jar:/root/./workspace/jordilucas/ponto-inteligente-api/387977572/.m2/org/apache/tomcat/tomcat-jdbc/8.5.23/tomcat-jdbc-8.5.23.jar:/root/./workspace/jordilucas/ponto-inteligente-api/387977572/.m2/org/apache/tomcat/tomcat-juli/8.5.23/tomcat-juli-8.5.23.jar:/root/./workspace/jordilucas/ponto-inteligente-api/387977572/.m2/org/springframework/spring-jdbc/4.3.12.RELEASE/spring-jdbc-4.3.12.RELEASE.jar:/root/./workspace/jordilucas/ponto-inteligente-api/387977572/.m2/org/hibernate/hibernate-core/5.0.12.Final/hibernate-core-5.0.12.Final.jar:/root/./workspace/jordilucas/ponto-inteligente-api/387977572/.m2/org/hibernate/javax/persistence/hibernate-jpa-2.1-api/1.0.0.Final/hibernate-jpa-2.1-api-1.0.0.Final.jar:/root/./workspace/jordilucas/ponto-inteligente-api/387977572/.m2/org/javassist/javassist/3.21.0-GA/javassist-3.21.0-GA.jar:/root/./workspace/jordilucas/ponto-inteligente-api/387977572/.m2/antlr/antlr/2.7.7/antlr-2.7.7.jar:/root/./workspace/jordilucas/ponto-inteligente-api/387977572/.m2/org/jboss/jandex/2.0.0.Final/jandex-2.0.0.Final.jar:/root/./workspace/jordilucas/ponto-inteligente-api/387977572/.m2/dom4j/dom4j/1.6.1/dom4j-1.6.1.jar:/root/./workspace/jordilucas/ponto-inteligente-api/387977572/.m2/org/hibernate/common/hibernate-commons-annotations/5.0.1.Final/hibernate-commons-annotations-5.0.1.Final.jar:/root/./workspace/jordilucas/ponto-inteligente-api/387977572/.m2/org/hibernate/hibernate-entitymanager/5.0.12.Final/hibernate-entitymanager-5.0.12.Final.jar:/root/./workspace/jordilucas/ponto-inteligente-api/387977572/.m2/javax/transaction/javax.transaction-api/1.2/javax.transaction-api-1.2.jar:/root/./workspace/jordilucas/ponto-inteligente-api/387977572/.m2/org/springframework/data/spring-data-jpa/1.11.8.RELEASE/spring-data-jpa-1.11.8.RELEASE.jar:/root/./workspace/jordilucas/ponto-inteligente-api/387977572/.m2/org/springframework/data/spring-data-commons/1.13.8.RELEASE/spring-data-commons-1.13.8.RELEASE.jar:/root/./workspace/jordilucas/ponto-inteligente-api/387977572/.m2/org/springframework/spring-orm/4.3.12.RELEASE/spring-orm-4.3.12.RELEASE.jar:/root/./workspace/jordilucas/ponto-inteligente-api/387977572/.m2/org/springframework/spring-tx/4.3.12.RELEASE/spring-tx-4.3.12.RELEASE.jar:/root/./workspace/jordilucas/ponto-inteligente-api/387977572/.m2/org/springframework/spring-beans/4.3.12.RELEASE/spring-beans-4.3.12.RELEASE.jar:/root/./workspace/jordilucas/ponto-inteligente-api/387977572/.m2/org/springframework/spring-aspects/4.3.12.RELEASE/spring-aspects-4.3.12.RELEASE.jar:/root/./workspace/jordilucas/ponto-inteligente-api/387977572/.m2/mysql/mysql-connector-java/5.1.44/mysql-connector-java-5.1.44.jar:/root/./workspace/jordilucas/ponto-inteligente-api/387977572/.m2/com/h2database/h2/1.4.196/h2-1.4.196.jar:/root/./workspace/jordilucas/ponto-inteligente-api/387977572/.m2/org/jboss/logging/jboss-logging/3.3.1.Final/jboss-logging-3.3.1.Final.jar:/root/./workspace/jordilucas/ponto-inteligente-api/387977572/.m2/org/springframework/boot/spring-boot-starter-security/1.5.8.RELEASE/spring-boot-starter-security-1.5.8.RELEASE.jar:/root/./workspace/jordilucas/ponto-inteligente-api/387977572/.m2/org/springframework/spring-aop/4.3.12.RELEASE/spring-aop-4.3.12.RELEASE.jar:/root/./workspace/jordilucas/ponto-inteligente-api/387977572/.m2/org/springframework/security/spring-security-config/4.2.3.RELEASE/spring-security-config-4.2.3.RELEASE.jar:/root/./workspace/jordilucas/ponto-inteligente-api/387977572/.m2/org/springframework/security/spring-security-web/4.2.3.RELEASE/spring-security-web-4.2.3.RELEASE.jar:/root/./workspace/jordilucas/ponto-inteligente-api/387977572/.m2/org/springframework/spring-expression/4.3.12.RELEASE/spring-expression-4.3.12.RELEASE.jar:/root/./workspace/jordilucas/ponto-inteligente-api/387977572/.m2/org/springframework/security/spring-security-test/4.2.3.RELEASE/spring-security-test-4.2.3.RELEASE.jar:/root/./workspace/jordilucas/ponto-inteligente-api/387977572/.m2/org/springframework/security/spring-security-core/4.2.3.RELEASE/spring-security-core-4.2.3.RELEASE.jar:/root/./workspace/jordilucas/ponto-inteligente-api/387977572/.m2/aopalliance/aopalliance/1.0/aopalliance-1.0.jar:/root/./workspace/jordilucas/ponto-inteligente-api/387977572/.m2/org/springframework/boot/spring-boot-starter-web/1.5.8.RELEASE/spring-boot-starter-web-1.5.8.RELEASE.jar:/root/./workspace/jordilucas/ponto-inteligente-api/387977572/.m2/org/springframework/boot/spring-boot-starter-tomcat/1.5.8.RELEASE/spring-boot-starter-tomcat-1.5.8.RELEASE.jar:/root/./workspace/jordilucas/ponto-inteligente-api/387977572/.m2/org/apache/tomcat/embed/tomcat-embed-core/8.5.23/tomcat-embed-core-8.5.23.jar:/root/./workspace/jordilucas/ponto-inteligente-api/387977572/.m2/org/apache/tomcat/tomcat-annotations-api/8.5.23/tomcat-annotations-api-8.5.23.jar:/root/./workspace/jordilucas/ponto-inteligente-api/387977572/.m2/org/apache/tomcat/embed/tomcat-embed-websocket/8.5.23/tomcat-embed-websocket-8.5.23.jar:/root/./workspace/jordilucas/ponto-inteligente-api/387977572/.m2/org/hibernate/hibernate-validator/5.3.5.Final/hibernate-validator-5.3.5.Final.jar:/root/./workspace/jordilucas/ponto-inteligente-api/387977572/.m2/javax/validation/validation-api/1.1.0.Final/validation-api-1.1.0.Final.jar:/root/./workspace/jordilucas/ponto-inteligente-api/387977572/.m2/com/fasterxml/classmate/1.3.4/classmate-1.3.4.jar:/root/./workspace/jordilucas/ponto-inteligente-api/387977572/.m2/com/fasterxml/jackson/core/jackson-databind/2.8.10/jackson-databind-2.8.10.jar:/root/./workspace/jordilucas/ponto-inteligente-api/387977572/.m2/com/fasterxml/jackson/core/jackson-annotations/2.8.0/jackson-annotations-2.8.0.jar:/root/./workspace/jordilucas/ponto-inteligente-api/387977572/.m2/org/springframework/spring-web/4.3.12.RELEASE/spring-web-4.3.12.RELEASE.jar:/root/./workspace/jordilucas/ponto-inteligente-api/387977572/.m2/org/springframework/spring-webmvc/4.3.12.RELEASE/spring-webmvc-4.3.12.RELEASE.jar:/root/./workspace/jordilucas/ponto-inteligente-api/387977572/.m2/org/springframework/boot/spring-boot-starter-validation/1.5.8.RELEASE/spring-boot-starter-validation-1.5.8.RELEASE.jar:/root/./workspace/jordilucas/ponto-inteligente-api/387977572/.m2/org/apache/tomcat/embed/tomcat-embed-el/8.5.23/tomcat-embed-el-8.5.23.jar:/root/./workspace/jordilucas/ponto-inteligente-api/387977572/.m2/com/fasterxml/jackson/datatype/jackson-datatype-jdk8/2.8.10/jackson-datatype-jdk8-2.8.10.jar:/root/./workspace/jordilucas/ponto-inteligente-api/387977572/.m2/com/fasterxml/jackson/core/jackson-core/2.8.10/jackson-core-2.8.10.jar:/root/./workspace/jordilucas/ponto-inteligente-api/387977572/.m2/org/apache/commons/commons-lang3/3.6/commons-lang3-3.6.jar:, java.specification.name=Java Platform API Specification, java.class.version=52.0, skip.bower=true, sun.management.compiler=HotSpot 64-Bit Tiered Compilers, maven.repo.local=/root/./workspace/jordilucas/ponto-inteligente-api/387977572/.m2, os.version=3.10.0-862.3.2.el7.x86_64, user.home=/root, user.timezone=Europe/Paris, java.awt.printerjob=sun.print.PSPrinterJob, file.encoding=UTF-8, java.specification.version=1.8, java.class.path=/root/workspace/jordilucas/ponto-inteligente-api/387977572/target/test-classes:/root/workspace/jordilucas/ponto-inteligente-api/387977572/target/classes:/root/./workspace/jordilucas/ponto-inteligente-api/387977572/.m2/org/springframework/boot/spring-boot-starter/1.5.8.RELEASE/spring-boot-starter-1.5.8.RELEASE.jar:/root/./workspace/jordilucas/ponto-inteligente-api/387977572/.m2/org/springframework/boot/spring-boot/1.5.8.RELEASE/spring-boot-1.5.8.RELEASE.jar:/root/./workspace/jordilucas/ponto-inteligente-api/387977572/.m2/org/springframework/spring-context/4.3.12.RELEASE/spring-context-4.3.12.RELEASE.jar:/root/./workspace/jordilucas/ponto-inteligente-api/387977572/.m2/org/springframework/boot/spring-boot-autoconfigure/1.5.8.RELEASE/spring-boot-autoconfigure-1.5.8.RELEASE.jar:/root/./workspace/jordilucas/ponto-inteligente-api/387977572/.m2/org/springframework/boot/spring-boot-starter-logging/1.5.8.RELEASE/spring-boot-starter-logging-1.5.8.RELEASE.jar:/root/./workspace/jordilucas/ponto-inteligente-api/387977572/.m2/ch/qos/logback/logback-classic/1.1.11/logback-classic-1.1.11.jar:/root/./workspace/jordilucas/ponto-inteligente-api/387977572/.m2/ch/qos/logback/logback-core/1.1.11/logback-core-1.1.11.jar:/root/./workspace/jordilucas/ponto-inteligente-api/387977572/.m2/org/slf4j/jcl-over-slf4j/1.7.25/jcl-over-slf4j-1.7.25.jar:/root/./workspace/jordilucas/ponto-inteligente-api/387977572/.m2/org/slf4j/jul-to-slf4j/1.7.25/jul-to-slf4j-1.7.25.jar:/root/./workspace/jordilucas/ponto-inteligente-api/387977572/.m2/org/slf4j/log4j-over-slf4j/1.7.25/log4j-over-slf4j-1.7.25.jar:/root/./workspace/jordilucas/ponto-inteligente-api/387977572/.m2/org/springframework/spring-core/4.3.12.RELEASE/spring-core-4.3.12.RELEASE.jar:/root/./workspace/jordilucas/ponto-inteligente-api/387977572/.m2/org/yaml/snakeyaml/1.17/snakeyaml-1.17.jar:/root/./workspace/jordilucas/ponto-inteligente-api/387977572/.m2/org/springframework/boot/spring-boot-devtools/1.5.8.RELEASE/spring-boot-devtools-1.5.8.RELEASE.jar:/root/./workspace/jordilucas/ponto-inteligente-api/387977572/.m2/org/springframework/boot/spring-boot-starter-test/1.5.8.RELEASE/spring-boot-starter-test-1.5.8.RELEASE.jar:/root/./workspace/jordilucas/ponto-inteligente-api/387977572/.m2/org/springframework/boot/spring-boot-test/1.5.8.RELEASE/spring-boot-test-1.5.8.RELEASE.jar:/root/./workspace/jordilucas/ponto-inteligente-api/387977572/.m2/org/springframework/boot/spring-boot-test-autoconfigure/1.5.8.RELEASE/spring-boot-test-autoconfigure-1.5.8.RELEASE.jar:/root/./workspace/jordilucas/ponto-inteligente-api/387977572/.m2/com/jayway/jsonpath/json-path/2.2.0/json-path-2.2.0.jar:/root/./workspace/jordilucas/ponto-inteligente-api/387977572/.m2/net/minidev/json-smart/2.2.1/json-smart-2.2.1.jar:/root/./workspace/jordilucas/ponto-inteligente-api/387977572/.m2/net/minidev/accessors-smart/1.1/accessors-smart-1.1.jar:/root/./workspace/jordilucas/ponto-inteligente-api/387977572/.m2/org/ow2/asm/asm/5.0.3/asm-5.0.3.jar:/root/./workspace/jordilucas/ponto-inteligente-api/387977572/.m2/org/slf4j/slf4j-api/1.7.25/slf4j-api-1.7.25.jar:/root/./workspace/jordilucas/ponto-inteligente-api/387977572/.m2/junit/junit/4.12/junit-4.12.jar:/root/./workspace/jordilucas/ponto-inteligente-api/387977572/.m2/org/assertj/assertj-core/2.6.0/assertj-core-2.6.0.jar:/root/./workspace/jordilucas/ponto-inteligente-api/387977572/.m2/org/mockito/mockito-core/1.10.19/mockito-core-1.10.19.jar:/root/./workspace/jordilucas/ponto-inteligente-api/387977572/.m2/org/objenesis/objenesis/2.1/objenesis-2.1.jar:/root/./workspace/jordilucas/ponto-inteligente-api/387977572/.m2/org/hamcrest/hamcrest-core/1.3/hamcrest-core-1.3.jar:/root/./workspace/jordilucas/ponto-inteligente-api/387977572/.m2/org/hamcrest/hamcrest-library/1.3/hamcrest-library-1.3.jar:/root/./workspace/jordilucas/ponto-inteligente-api/387977572/.m2/org/skyscreamer/jsonassert/1.4.0/jsonassert-1.4.0.jar:/root/./workspace/jordilucas/ponto-inteligente-api/387977572/.m2/com/vaadin/external/google/android-json/0.0.20131108.vaadin1/android-json-0.0.20131108.vaadin1.jar:/root/./workspace/jordilucas/ponto-inteligente-api/387977572/.m2/org/springframework/spring-test/4.3.12.RELEASE/spring-test-4.3.12.RELEASE.jar:/root/./workspace/jordilucas/ponto-inteligente-api/387977572/.m2/org/springframework/boot/spring-boot-starter-data-jpa/1.5.8.RELEASE/spring-boot-starter-data-jpa-1.5.8.RELEASE.jar:/root/./workspace/jordilucas/ponto-inteligente-api/387977572/.m2/org/springframework/boot/spring-boot-starter-aop/1.5.8.RELEASE/spring-boot-starter-aop-1.5.8.RELEASE.jar:/root/./workspace/jordilucas/ponto-inteligente-api/387977572/.m2/org/aspectj/aspectjweaver/1.8.11/aspectjweaver-1.8.11.jar:/root/./workspace/jordilucas/ponto-inteligente-api/387977572/.m2/org/springframework/boot/spring-boot-starter-jdbc/1.5.8.RELEASE/spring-boot-starter-jdbc-1.5.8.RELEASE.jar:/root/./workspace/jordilucas/ponto-inteligente-api/387977572/.m2/org/apache/tomcat/tomcat-jdbc/8.5.23/tomcat-jdbc-8.5.23.jar:/root/./workspace/jordilucas/ponto-inteligente-api/387977572/.m2/org/apache/tomcat/tomcat-juli/8.5.23/tomcat-juli-8.5.23.jar:/root/./workspace/jordilucas/ponto-inteligente-api/387977572/.m2/org/springframework/spring-jdbc/4.3.12.RELEASE/spring-jdbc-4.3.12.RELEASE.jar:/root/./workspace/jordilucas/ponto-inteligente-api/387977572/.m2/org/hibernate/hibernate-core/5.0.12.Final/hibernate-core-5.0.12.Final.jar:/root/./workspace/jordilucas/ponto-inteligente-api/387977572/.m2/org/hibernate/javax/persistence/hibernate-jpa-2.1-api/1.0.0.Final/hibernate-jpa-2.1-api-1.0.0.Final.jar:/root/./workspace/jordilucas/ponto-inteligente-api/387977572/.m2/org/javassist/javassist/3.21.0-GA/javassist-3.21.0-GA.jar:/root/./workspace/jordilucas/ponto-inteligente-api/387977572/.m2/antlr/antlr/2.7.7/antlr-2.7.7.jar:/root/./workspace/jordilucas/ponto-inteligente-api/387977572/.m2/org/jboss/jandex/2.0.0.Final/jandex-2.0.0.Final.jar:/root/./workspace/jordilucas/ponto-inteligente-api/387977572/.m2/dom4j/dom4j/1.6.1/dom4j-1.6.1.jar:/root/./workspace/jordilucas/ponto-inteligente-api/387977572/.m2/org/hibernate/common/hibernate-commons-annotations/5.0.1.Final/hibernate-commons-annotations-5.0.1.Final.jar:/root/./workspace/jordilucas/ponto-inteligente-api/387977572/.m2/org/hibernate/hibernate-entitymanager/5.0.12.Final/hibernate-entitymanager-5.0.12.Final.jar:/root/./workspace/jordilucas/ponto-inteligente-api/387977572/.m2/javax/transaction/javax.transaction-api/1.2/javax.transaction-api-1.2.jar:/root/./workspace/jordilucas/ponto-inteligente-api/387977572/.m2/org/springframework/data/spring-data-jpa/1.11.8.RELEASE/spring-data-jpa-1.11.8.RELEASE.jar:/root/./workspace/jordilucas/ponto-inteligente-api/387977572/.m2/org/springframework/data/spring-data-commons/1.13.8.RELEASE/spring-data-commons-1.13.8.RELEASE.jar:/root/./workspace/jordilucas/ponto-inteligente-api/387977572/.m2/org/springframework/spring-orm/4.3.12.RELEASE/spring-orm-4.3.12.RELEASE.jar:/root/./workspace/jordilucas/ponto-inteligente-api/387977572/.m2/org/springframework/spring-tx/4.3.12.RELEASE/spring-tx-4.3.12.RELEASE.jar:/root/./workspace/jordilucas/ponto-inteligente-api/387977572/.m2/org/springframework/spring-beans/4.3.12.RELEASE/spring-beans-4.3.12.RELEASE.jar:/root/./workspace/jordilucas/ponto-inteligente-api/387977572/.m2/org/springframework/spring-aspects/4.3.12.RELEASE/spring-aspects-4.3.12.RELEASE.jar:/root/./workspace/jordilucas/ponto-inteligente-api/387977572/.m2/mysql/mysql-connector-java/5.1.44/mysql-connector-java-5.1.44.jar:/root/./workspace/jordilucas/ponto-inteligente-api/387977572/.m2/com/h2database/h2/1.4.196/h2-1.4.196.jar:/root/./workspace/jordilucas/ponto-inteligente-api/387977572/.m2/org/jboss/logging/jboss-logging/3.3.1.Final/jboss-logging-3.3.1.Final.jar:/root/./workspace/jordilucas/ponto-inteligente-api/387977572/.m2/org/springframework/boot/spring-boot-starter-security/1.5.8.RELEASE/spring-boot-starter-security-1.5.8.RELEASE.jar:/root/./workspace/jordilucas/ponto-inteligente-api/387977572/.m2/org/springframework/spring-aop/4.3.12.RELEASE/spring-aop-4.3.12.RELEASE.jar:/root/./workspace/jordilucas/ponto-inteligente-api/387977572/.m2/org/springframework/security/spring-security-config/4.2.3.RELEASE/spring-security-config-4.2.3.RELEASE.jar:/root/./workspace/jordilucas/ponto-inteligente-api/387977572/.m2/org/springframework/security/spring-security-web/4.2.3.RELEASE/spring-security-web-4.2.3.RELEASE.jar:/root/./workspace/jordilucas/ponto-inteligente-api/387977572/.m2/org/springframework/spring-expression/4.3.12.RELEASE/spring-expression-4.3.12.RELEASE.jar:/root/./workspace/jordilucas/ponto-inteligente-api/387977572/.m2/org/springframework/security/spring-security-test/4.2.3.RELEASE/spring-security-test-4.2.3.RELEASE.jar:/root/./workspace/jordilucas/ponto-inteligente-api/387977572/.m2/org/springframework/security/spring-security-core/4.2.3.RELEASE/spring-security-core-4.2.3.RELEASE.jar:/root/./workspace/jordilucas/ponto-inteligente-api/387977572/.m2/aopalliance/aopalliance/1.0/aopalliance-1.0.jar:/root/./workspace/jordilucas/ponto-inteligente-api/387977572/.m2/org/springframework/boot/spring-boot-starter-web/1.5.8.RELEASE/spring-boot-starter-web-1.5.8.RELEASE.jar:/root/./workspace/jordilucas/ponto-inteligente-api/387977572/.m2/org/springframework/boot/spring-boot-starter-tomcat/1.5.8.RELEASE/spring-boot-starter-tomcat-1.5.8.RELEASE.jar:/root/./workspace/jordilucas/ponto-inteligente-api/387977572/.m2/org/apache/tomcat/embed/tomcat-embed-core/8.5.23/tomcat-embed-core-8.5.23.jar:/root/./workspace/jordilucas/ponto-inteligente-api/387977572/.m2/org/apache/tomcat/tomcat-annotations-api/8.5.23/tomcat-annotations-api-8.5.23.jar:/root/./workspace/jordilucas/ponto-inteligente-api/387977572/.m2/org/apache/tomcat/embed/tomcat-embed-websocket/8.5.23/tomcat-embed-websocket-8.5.23.jar:/root/./workspace/jordilucas/ponto-inteligente-api/387977572/.m2/org/hibernate/hibernate-validator/5.3.5.Final/hibernate-validator-5.3.5.Final.jar:/root/./workspace/jordilucas/ponto-inteligente-api/387977572/.m2/javax/validation/validation-api/1.1.0.Final/validation-api-1.1.0.Final.jar:/root/./workspace/jordilucas/ponto-inteligente-api/387977572/.m2/com/fasterxml/classmate/1.3.4/classmate-1.3.4.jar:/root/./workspace/jordilucas/ponto-inteligente-api/387977572/.m2/com/fasterxml/jackson/core/jackson-databind/2.8.10/jackson-databind-2.8.10.jar:/root/./workspace/jordilucas/ponto-inteligente-api/387977572/.m2/com/fasterxml/jackson/core/jackson-annotations/2.8.0/jackson-annotations-2.8.0.jar:/root/./workspace/jordilucas/ponto-inteligente-api/387977572/.m2/org/springframework/spring-web/4.3.12.RELEASE/spring-web-4.3.12.RELEASE.jar:/root/./workspace/jordilucas/ponto-inteligente-api/387977572/.m2/org/springframework/spring-webmvc/4.3.12.RELEASE/spring-webmvc-4.3.12.RELEASE.jar:/root/./workspace/jordilucas/ponto-inteligente-api/387977572/.m2/org/springframework/boot/spring-boot-starter-validation/1.5.8.RELEASE/spring-boot-starter-validation-1.5.8.RELEASE.jar:/root/./workspace/jordilucas/ponto-inteligente-api/387977572/.m2/org/apache/tomcat/embed/tomcat-embed-el/8.5.23/tomcat-embed-el-8.5.23.jar:/root/./workspace/jordilucas/ponto-inteligente-api/387977572/.m2/com/fasterxml/jackson/datatype/jackson-datatype-jdk8/2.8.10/jackson-datatype-jdk8-2.8.10.jar:/root/./workspace/jordilucas/ponto-inteligente-api/387977572/.m2/com/fasterxml/jackson/core/jackson-core/2.8.10/jackson-core-2.8.10.jar:/root/./workspace/jordilucas/ponto-inteligente-api/387977572/.m2/org/apache/commons/commons-lang3/3.6/commons-lang3-3.6.jar:, user.name=root, skipITs=true, java.vm.specification.version=1.8, sun.java.command=/root/workspace/jordilucas/ponto-inteligente-api/387977572/target/surefire/surefirebooter8553089524739200174.jar /root/workspace/jordilucas/ponto-inteligente-api/387977572/target/surefire/surefire3173184054435444890tmp /root/workspace/jordilucas/ponto-inteligente-api/387977572/target/surefire/surefire_07527372107658914535tmp, java.home=/usr/lib/jvm/java-8-openjdk-amd64/jre, sun.arch.data.model=64, user.language=en, java.specification.vendor=Oracle Corporation, dependency-check.skip=true, awt.toolkit=sun.awt.X11.XToolkit, java.vm.info=mixed mode, java.version=1.8.0_121, java.ext.dirs=/usr/lib/jvm/java-8-openjdk-amd64/jre/lib/ext:/usr/java/packages/lib/ext, sun.boot.class.path=/usr/lib/jvm/java-8-openjdk-amd64/jre/lib/resources.jar:/usr/lib/jvm/java-8-openjdk-amd64/jre/lib/rt.jar:/usr/lib/jvm/java-8-openjdk-amd64/jre/lib/sunrsasign.jar:/usr/lib/jvm/java-8-openjdk-amd64/jre/lib/jsse.jar:/usr/lib/jvm/java-8-openjdk-amd64/jre/lib/jce.jar:/usr/lib/jvm/java-8-openjdk-amd64/jre/lib/charsets.jar:/usr/lib/jvm/java-8-openjdk-amd64/jre/lib/jfr.jar:/usr/lib/jvm/java-8-openjdk-amd64/jre/classes, rat.skip=true, enforcer.skip=true, java.vendor=Oracle Corporation, localRepository=/root/./workspace/jordilucas/ponto-inteligente-api/387977572/.m2, file.separator=/, java.vendor.url.bug=http://bugreport.sun.com/bugreport/, sun.io.unicode.encoding=UnicodeLittle, sun.cpu.endian=little, sun.cpu.isalist=}}, SystemEnvironmentPropertySource@914356853 {name='systemEnvironment', properties={PATH=/usr/local/sbin:/usr/local/bin:/usr/sbin:/usr/bin:/sbin:/bin, JAVA_HOME=/usr/lib/jvm/java-8-openjdk-amd64, NOTIFY_TO=, CA_CERTIFICATES_JAVA_VERSION=20161107~bpo8+1, MONGODB_HOST=, BUILD_ID=, LANG=C.UTF-8, MAVEN_HOME=/usr/share/maven, SMTP_SERVER=, MONGODB_NAME=, REPAIR_MODE=repair, PWD=/root/workspace/jordilucas/ponto-inteligente-api/387977572, JAVA_VERSION=8u121, GITHUB_OAUTH=, MAVEN_CMD_LINE_ARGS=/root/.m2 -B -D enforcer.skip=true -D dependency-check.skip=true -D skipITs=true -D cobertura.skip=true -D maven.repo.local=/root/./workspace/jordilucas/ponto-inteligente-api/387977572/.m2 -D rat.skip=true -D findbugs.skip=true -D skip.bower=true -D gpg.skip=true -D checkstyle.skip=true -D skip.gulp=true -D license.skip=true -D skip.npm=true test, _=/usr/bin/java, OUTPUT=, MAVEN_TERMINATE_CMD=on, MAVEN_CONFIG=/root/.m2, MAVEN_PROJECTBASEDIR=/root/workspace/jordilucas/ponto-inteligente-api/387977572, OLDPWD=/root/workspace/jordilucas/ponto-inteligente-api/387977572, LOG_FILENAME=repairnator-pipeline_2018-06-04_2231_387977572_5a77b685-d098-401d-b168-01e076b51223, RUN_ID=, HOSTNAME=cyclone1, JAVA_DEBIAN_VERSION=8u121-b13-1~bpo8+1, M2_HOME=/usr/share/maven, REPAIR_TOOLS=AssertFixer, HOME=/root, SHLVL=1, PUSH_URL=}}]
22:32:15.405 [main] DEBUG org.springframework.core.io.support.PathMatchingResourcePatternResolver - Resolved classpath location [br/com/jordilucas/pontointeligente/api/] to resources [URL [file:/root/workspace/jordilucas/ponto-inteligente-api/387977572/target/test-classes/br/com/jordilucas/pontointeligente/api/], URL [file:/root/workspace/jordilucas/ponto-inteligente-api/387977572/target/classes/br/com/jordilucas/pontointeligente/api/]]
22:32:15.405 [main] DEBUG org.springframework.core.io.support.PathMatchingResourcePatternResolver - Looking for matching resources in directory tree [/root/workspace/jordilucas/ponto-inteligente-api/387977572/target/test-classes/br/com/jordilucas/pontointeligente/api]
22:32:15.405 [main] DEBUG org.springframework.core.io.support.PathMatchingResourcePatternResolver - Searching directory [/root/workspace/jordilucas/ponto-inteligente-api/387977572/target/test-classes/br/com/jordilucas/pontointeligente/api] for files matching pattern [/root/workspace/jordilucas/ponto-inteligente-api/387977572/target/test-classes/br/com/jordilucas/pontointeligente/api/*.class]
22:32:15.407 [main] DEBUG org.springframework.core.io.support.PathMatchingResourcePatternResolver - Looking for matching resources in directory tree [/root/workspace/jordilucas/ponto-inteligente-api/387977572/target/classes/br/com/jordilucas/pontointeligente/api]
22:32:15.407 [main] DEBUG org.springframework.core.io.support.PathMatchingResourcePatternResolver - Searching directory [/root/workspace/jordilucas/ponto-inteligente-api/387977572/target/classes/br/com/jordilucas/pontointeligente/api] for files matching pattern [/root/workspace/jordilucas/ponto-inteligente-api/387977572/target/classes/br/com/jordilucas/pontointeligente/api/*.class]
22:32:15.409 [main] DEBUG org.springframework.core.io.support.PathMatchingResourcePatternResolver - Resolved location pattern [classpath*:br/com/jordilucas/pontointeligente/api/*.class] to resources [file [/root/workspace/jordilucas/ponto-inteligente-api/387977572/target/test-classes/br/com/jordilucas/pontointeligente/api/PontoInteligenteApplicationTests.class], file [/root/workspace/jordilucas/ponto-inteligente-api/387977572/target/classes/br/com/jordilucas/pontointeligente/api/PontoInteligenteApplication.class]]
22:32:15.413 [main] DEBUG org.springframework.context.annotation.ClassPathScanningCandidateComponentProvider - Identified candidate component class: file [/root/workspace/jordilucas/ponto-inteligente-api/387977572/target/classes/br/com/jordilucas/pontointeligente/api/PontoInteligenteApplication.class]
22:32:15.413 [main] INFO org.springframework.boot.test.context.SpringBootTestContextBootstrapper - Found @SpringBootConfiguration br.com.jordilucas.pontointeligente.api.PontoInteligenteApplication for test class br.com.jordilucas.pontointeligente.api.PontoInteligenteApplicationTests
22:32:15.415 [main] DEBUG org.springframework.boot.test.context.SpringBootTestContextBootstrapper - @TestExecutionListeners is not present for class [br.com.jordilucas.pontointeligente.api.PontoInteligenteApplicationTests]: using defaults.
22:32:15.419 [main] INFO org.springframework.boot.test.context.SpringBootTestContextBootstrapper - Loaded default TestExecutionListener class names from location [META-INF/spring.factories]: [org.springframework.boot.test.mock.mockito.MockitoTestExecutionListener, org.springframework.boot.test.mock.mockito.ResetMocksTestExecutionListener, org.springframework.boot.test.autoconfigure.restdocs.RestDocsTestExecutionListener, org.springframework.boot.test.autoconfigure.web.client.MockRestServiceServerResetTestExecutionListener, org.springframework.boot.test.autoconfigure.web.servlet.MockMvcPrintOnlyOnFailureTestExecutionListener, org.springframework.boot.test.autoconfigure.web.servlet.WebDriverTestExecutionListener, org.springframework.test.context.web.ServletTestExecutionListener, org.springframework.test.context.support.DirtiesContextBeforeModesTestExecutionListener, org.springframework.test.context.support.DependencyInjectionTestExecutionListener, org.springframework.test.context.support.DirtiesContextTestExecutionListener, org.springframework.test.context.transaction.TransactionalTestExecutionListener, org.springframework.test.context.jdbc.SqlScriptsTestExecutionListener, org.springframework.security.test.context.support.WithSecurityContextTestExecutionListener]
22:32:15.424 [main] INFO org.springframework.boot.test.context.SpringBootTestContextBootstrapper - Using TestExecutionListeners: [org.springframework.test.context.web.ServletTestExecutionListener@22fcf7ab, org.springframework.test.context.support.DirtiesContextBeforeModesTestExecutionListener@2de23121, org.springframework.boot.test.autoconfigure.SpringBootDependencyInjectionTestExecutionListener@63475ace, org.springframework.test.context.support.DirtiesContextTestExecutionListener@4988d8b8, org.springframework.test.context.transaction.TransactionalTestExecutionListener@c0c2f8d, org.springframework.test.context.jdbc.SqlScriptsTestExecutionListener@305b7c14, org.springframework.security.test.context.support.WithSecurityContextTestExecutionListener@6913c1fb, org.springframework.boot.test.autoconfigure.restdocs.RestDocsTestExecutionListener@66d18979, org.springframework.boot.test.autoconfigure.web.client.MockRestServiceServerResetTestExecutionListener@bccb269, org.springframework.boot.test.mock.mockito.ResetMocksTestExecutionListener@609cd4d8, org.springframework.boot.test.autoconfigure.web.servlet.WebDriverTestExecutionListener@17f7cd29, org.springframework.boot.test.mock.mockito.MockitoTestExecutionListener@7d8704ef, org.springframework.boot.test.autoconfigure.web.servlet.MockMvcPrintOnlyOnFailureTestExecutionListener@13b6aecc]
22:32:15.449 [main] DEBUG org.springframework.test.annotation.ProfileValueUtils - Retrieved @ProfileValueSourceConfiguration [null] for test class [br.com.jordilucas.pontointeligente.api.services.FuncionarioServiceTest]
22:32:15.449 [main] DEBUG org.springframework.test.annotation.ProfileValueUtils - Retrieved ProfileValueSource type [class org.springframework.test.annotation.SystemProfileValueSource] for class [br.com.jordilucas.pontointeligente.api.services.FuncionarioServiceTest]
22:32:15.450 [main] DEBUG org.springframework.test.annotation.ProfileValueUtils - Retrieved @ProfileValueSourceConfiguration [null] for test class [br.com.jordilucas.pontointeligente.api.services.EmpresaServiceTest]
22:32:15.451 [main] DEBUG org.springframework.test.annotation.ProfileValueUtils - Retrieved ProfileValueSource type [class org.springframework.test.annotation.SystemProfileValueSource] for class [br.com.jordilucas.pontointeligente.api.services.EmpresaServiceTest]
22:32:15.451 [main] DEBUG org.springframework.test.annotation.ProfileValueUtils - Retrieved @ProfileValueSourceConfiguration [null] for test class [br.com.jordilucas.pontointeligente.api.services.LancamentoServiceTest]
22:32:15.451 [main] DEBUG org.springframework.test.annotation.ProfileValueUtils - Retrieved ProfileValueSource type [class org.springframework.test.annotation.SystemProfileValueSource] for class [br.com.jordilucas.pontointeligente.api.services.LancamentoServiceTest]
22:32:15.452 [main] DEBUG org.springframework.test.annotation.ProfileValueUtils - Retrieved @ProfileValueSourceConfiguration [null] for test class [br.com.jordilucas.pontointeligente.api.repositories.FuncionarioRepositoryTest]
22:32:15.452 [main] DEBUG org.springframework.test.annotation.ProfileValueUtils - Retrieved ProfileValueSource type [class org.springframework.test.annotation.SystemProfileValueSource] for class [br.com.jordilucas.pontointeligente.api.repositories.FuncionarioRepositoryTest]
22:32:15.453 [main] DEBUG org.springframework.test.annotation.ProfileValueUtils - Retrieved @ProfileValueSourceConfiguration [null] for test class [br.com.jordilucas.pontointeligente.api.repositories.LancamentoRepositoryTest]
22:32:15.453 [main] DEBUG org.springframework.test.annotation.ProfileValueUtils - Retrieved ProfileValueSource type [class org.springframework.test.annotation.SystemProfileValueSource] for class [br.com.jordilucas.pontointeligente.api.repositories.LancamentoRepositoryTest]
22:32:15.453 [main] DEBUG org.springframework.test.annotation.ProfileValueUtils - Retrieved @ProfileValueSourceConfiguration [null] for test class [br.com.jordilucas.pontointeligente.api.repositories.EmpresaRepositoryTest]
22:32:15.453 [main] DEBUG org.springframework.test.annotation.ProfileValueUtils - Retrieved ProfileValueSource type [class org.springframework.test.annotation.SystemProfileValueSource] for class [br.com.jordilucas.pontointeligente.api.repositories.EmpresaRepositoryTest]
22:32:15.454 [main] DEBUG org.springframework.test.annotation.ProfileValueUtils - Retrieved @ProfileValueSourceConfiguration [null] for test class [br.com.jordilucas.pontointeligente.api.PontoInteligenteApplicationTests]
22:32:15.454 [main] DEBUG org.springframework.test.annotation.ProfileValueUtils - Retrieved ProfileValueSource type [class org.springframework.test.annotation.SystemProfileValueSource] for class [br.com.jordilucas.pontointeligente.api.PontoInteligenteApplicationTests]
22:32:15.458 [main] DEBUG org.springframework.test.context.junit4.SpringJUnit4ClassRunner - SpringJUnit4ClassRunner constructor called with [class br.com.jordilucas.pontointeligente.api.services.FuncionarioServiceTest]
22:32:15.458 [main] DEBUG org.springframework.test.context.BootstrapUtils - Instantiating CacheAwareContextLoaderDelegate from class [org.springframework.test.context.cache.DefaultCacheAwareContextLoaderDelegate]
22:32:15.458 [main] DEBUG org.springframework.test.context.BootstrapUtils - Instantiating BootstrapContext using constructor [public org.springframework.test.context.support.DefaultBootstrapContext(java.lang.Class,org.springframework.test.context.CacheAwareContextLoaderDelegate)]
22:32:15.459 [main] DEBUG org.springframework.test.context.BootstrapUtils - Instantiating TestContextBootstrapper for test class [br.com.jordilucas.pontointeligente.api.services.FuncionarioServiceTest] from class [org.springframework.boot.test.context.SpringBootTestContextBootstrapper]
22:32:15.460 [main] INFO org.springframework.boot.test.context.SpringBootTestContextBootstrapper - Neither @ContextConfiguration nor @ContextHierarchy found for test class [br.com.jordilucas.pontointeligente.api.services.FuncionarioServiceTest], using SpringBootContextLoader
22:32:15.461 [main] DEBUG org.springframework.test.context.support.AbstractContextLoader - Did not detect default resource location for test class [br.com.jordilucas.pontointeligente.api.services.FuncionarioServiceTest]: class path resource [br/com/jordilucas/pontointeligente/api/services/FuncionarioServiceTest-context.xml] does not exist
22:32:15.461 [main] DEBUG org.springframework.test.context.support.AbstractContextLoader - Did not detect default resource location for test class [br.com.jordilucas.pontointeligente.api.services.FuncionarioServiceTest]: class path resource [br/com/jordilucas/pontointeligente/api/services/FuncionarioServiceTestContext.groovy] does not exist
22:32:15.461 [main] INFO org.springframework.test.context.support.AbstractContextLoader - Could not detect default resource locations for test class [br.com.jordilucas.pontointeligente.api.services.FuncionarioServiceTest]: no resource found for suffixes {-context.xml, Context.groovy}.
22:32:15.462 [main] INFO org.springframework.test.context.support.AnnotationConfigContextLoaderUtils - Could not detect default configuration classes for test class [br.com.jordilucas.pontointeligente.api.services.FuncionarioServiceTest]: FuncionarioServiceTest does not declare any static, non-private, non-final, nested classes annotated with @Configuration.
22:32:15.469 [main] DEBUG org.springframework.core.env.StandardEnvironment - Adding PropertySource 'systemProperties' with lowest search precedence
22:32:15.469 [main] DEBUG org.springframework.core.env.StandardEnvironment - Adding PropertySource 'systemEnvironment' with lowest search precedence
22:32:15.470 [main] DEBUG org.springframework.core.env.StandardEnvironment - Initialized StandardEnvironment with PropertySources [MapPropertySource@1552999801 {name='systemProperties', properties={java.runtime.name=OpenJDK Runtime Environment, sun.boot.library.path=/usr/lib/jvm/java-8-openjdk-amd64/jre/lib/amd64, java.vm.version=25.121-b13, java.vm.vendor=Oracle Corporation, java.vendor.url=http://java.oracle.com/, skip.gulp=true, path.separator=:, java.vm.name=OpenJDK 64-Bit Server VM, file.encoding.pkg=sun.io, findbugs.skip=true, sun.java.launcher=SUN_STANDARD, sun.os.patch.level=unknown, java.vm.specification.name=Java Virtual Machine Specification, user.dir=/root/workspace/jordilucas/ponto-inteligente-api/387977572, checkstyle.skip=true, java.runtime.version=1.8.0_121-8u121-b13-1~bpo8+1-b13, skip.npm=true, basedir=/root/workspace/jordilucas/ponto-inteligente-api/387977572, java.awt.graphicsenv=sun.awt.X11GraphicsEnvironment, java.endorsed.dirs=/usr/lib/jvm/java-8-openjdk-amd64/jre/lib/endorsed, os.arch=amd64, surefire.real.class.path=/root/workspace/jordilucas/ponto-inteligente-api/387977572/target/surefire/surefirebooter8553089524739200174.jar, gpg.skip=true, java.io.tmpdir=/tmp, line.separator=
, cobertura.skip=true, java.vm.specification.vendor=Oracle Corporation, os.name=Linux, sun.jnu.encoding=UTF-8, license.skip=true, java.library.path=/usr/java/packages/lib/amd64:/usr/lib/x86_64-linux-gnu/jni:/lib/x86_64-linux-gnu:/usr/lib/x86_64-linux-gnu:/usr/lib/jni:/lib:/usr/lib, surefire.test.class.path=/root/workspace/jordilucas/ponto-inteligente-api/387977572/target/test-classes:/root/workspace/jordilucas/ponto-inteligente-api/387977572/target/classes:/root/./workspace/jordilucas/ponto-inteligente-api/387977572/.m2/org/springframework/boot/spring-boot-starter/1.5.8.RELEASE/spring-boot-starter-1.5.8.RELEASE.jar:/root/./workspace/jordilucas/ponto-inteligente-api/387977572/.m2/org/springframework/boot/spring-boot/1.5.8.RELEASE/spring-boot-1.5.8.RELEASE.jar:/root/./workspace/jordilucas/ponto-inteligente-api/387977572/.m2/org/springframework/spring-context/4.3.12.RELEASE/spring-context-4.3.12.RELEASE.jar:/root/./workspace/jordilucas/ponto-inteligente-api/387977572/.m2/org/springframework/boot/spring-boot-autoconfigure/1.5.8.RELEASE/spring-boot-autoconfigure-1.5.8.RELEASE.jar:/root/./workspace/jordilucas/ponto-inteligente-api/387977572/.m2/org/springframework/boot/spring-boot-starter-logging/1.5.8.RELEASE/spring-boot-starter-logging-1.5.8.RELEASE.jar:/root/./workspace/jordilucas/ponto-inteligente-api/387977572/.m2/ch/qos/logback/logback-classic/1.1.11/logback-classic-1.1.11.jar:/root/./workspace/jordilucas/ponto-inteligente-api/387977572/.m2/ch/qos/logback/logback-core/1.1.11/logback-core-1.1.11.jar:/root/./workspace/jordilucas/ponto-inteligente-api/387977572/.m2/org/slf4j/jcl-over-slf4j/1.7.25/jcl-over-slf4j-1.7.25.jar:/root/./workspace/jordilucas/ponto-inteligente-api/387977572/.m2/org/slf4j/jul-to-slf4j/1.7.25/jul-to-slf4j-1.7.25.jar:/root/./workspace/jordilucas/ponto-inteligente-api/387977572/.m2/org/slf4j/log4j-over-slf4j/1.7.25/log4j-over-slf4j-1.7.25.jar:/root/./workspace/jordilucas/ponto-inteligente-api/387977572/.m2/org/springframework/spring-core/4.3.12.RELEASE/spring-core-4.3.12.RELEASE.jar:/root/./workspace/jordilucas/ponto-inteligente-api/387977572/.m2/org/yaml/snakeyaml/1.17/snakeyaml-1.17.jar:/root/./workspace/jordilucas/ponto-inteligente-api/387977572/.m2/org/springframework/boot/spring-boot-devtools/1.5.8.RELEASE/spring-boot-devtools-1.5.8.RELEASE.jar:/root/./workspace/jordilucas/ponto-inteligente-api/387977572/.m2/org/springframework/boot/spring-boot-starter-test/1.5.8.RELEASE/spring-boot-starter-test-1.5.8.RELEASE.jar:/root/./workspace/jordilucas/ponto-inteligente-api/387977572/.m2/org/springframework/boot/spring-boot-test/1.5.8.RELEASE/spring-boot-test-1.5.8.RELEASE.jar:/root/./workspace/jordilucas/ponto-inteligente-api/387977572/.m2/org/springframework/boot/spring-boot-test-autoconfigure/1.5.8.RELEASE/spring-boot-test-autoconfigure-1.5.8.RELEASE.jar:/root/./workspace/jordilucas/ponto-inteligente-api/387977572/.m2/com/jayway/jsonpath/json-path/2.2.0/json-path-2.2.0.jar:/root/./workspace/jordilucas/ponto-inteligente-api/387977572/.m2/net/minidev/json-smart/2.2.1/json-smart-2.2.1.jar:/root/./workspace/jordilucas/ponto-inteligente-api/387977572/.m2/net/minidev/accessors-smart/1.1/accessors-smart-1.1.jar:/root/./workspace/jordilucas/ponto-inteligente-api/387977572/.m2/org/ow2/asm/asm/5.0.3/asm-5.0.3.jar:/root/./workspace/jordilucas/ponto-inteligente-api/387977572/.m2/org/slf4j/slf4j-api/1.7.25/slf4j-api-1.7.25.jar:/root/./workspace/jordilucas/ponto-inteligente-api/387977572/.m2/junit/junit/4.12/junit-4.12.jar:/root/./workspace/jordilucas/ponto-inteligente-api/387977572/.m2/org/assertj/assertj-core/2.6.0/assertj-core-2.6.0.jar:/root/./workspace/jordilucas/ponto-inteligente-api/387977572/.m2/org/mockito/mockito-core/1.10.19/mockito-core-1.10.19.jar:/root/./workspace/jordilucas/ponto-inteligente-api/387977572/.m2/org/objenesis/objenesis/2.1/objenesis-2.1.jar:/root/./workspace/jordilucas/ponto-inteligente-api/387977572/.m2/org/hamcrest/hamcrest-core/1.3/hamcrest-core-1.3.jar:/root/./workspace/jordilucas/ponto-inteligente-api/387977572/.m2/org/hamcrest/hamcrest-library/1.3/hamcrest-library-1.3.jar:/root/./workspace/jordilucas/ponto-inteligente-api/387977572/.m2/org/skyscreamer/jsonassert/1.4.0/jsonassert-1.4.0.jar:/root/./workspace/jordilucas/ponto-inteligente-api/387977572/.m2/com/vaadin/external/google/android-json/0.0.20131108.vaadin1/android-json-0.0.20131108.vaadin1.jar:/root/./workspace/jordilucas/ponto-inteligente-api/387977572/.m2/org/springframework/spring-test/4.3.12.RELEASE/spring-test-4.3.12.RELEASE.jar:/root/./workspace/jordilucas/ponto-inteligente-api/387977572/.m2/org/springframework/boot/spring-boot-starter-data-jpa/1.5.8.RELEASE/spring-boot-starter-data-jpa-1.5.8.RELEASE.jar:/root/./workspace/jordilucas/ponto-inteligente-api/387977572/.m2/org/springframework/boot/spring-boot-starter-aop/1.5.8.RELEASE/spring-boot-starter-aop-1.5.8.RELEASE.jar:/root/./workspace/jordilucas/ponto-inteligente-api/387977572/.m2/org/aspectj/aspectjweaver/1.8.11/aspectjweaver-1.8.11.jar:/root/./workspace/jordilucas/ponto-inteligente-api/387977572/.m2/org/springframework/boot/spring-boot-starter-jdbc/1.5.8.RELEASE/spring-boot-starter-jdbc-1.5.8.RELEASE.jar:/root/./workspace/jordilucas/ponto-inteligente-api/387977572/.m2/org/apache/tomcat/tomcat-jdbc/8.5.23/tomcat-jdbc-8.5.23.jar:/root/./workspace/jordilucas/ponto-inteligente-api/387977572/.m2/org/apache/tomcat/tomcat-juli/8.5.23/tomcat-juli-8.5.23.jar:/root/./workspace/jordilucas/ponto-inteligente-api/387977572/.m2/org/springframework/spring-jdbc/4.3.12.RELEASE/spring-jdbc-4.3.12.RELEASE.jar:/root/./workspace/jordilucas/ponto-inteligente-api/387977572/.m2/org/hibernate/hibernate-core/5.0.12.Final/hibernate-core-5.0.12.Final.jar:/root/./workspace/jordilucas/ponto-inteligente-api/387977572/.m2/org/hibernate/javax/persistence/hibernate-jpa-2.1-api/1.0.0.Final/hibernate-jpa-2.1-api-1.0.0.Final.jar:/root/./workspace/jordilucas/ponto-inteligente-api/387977572/.m2/org/javassist/javassist/3.21.0-GA/javassist-3.21.0-GA.jar:/root/./workspace/jordilucas/ponto-inteligente-api/387977572/.m2/antlr/antlr/2.7.7/antlr-2.7.7.jar:/root/./workspace/jordilucas/ponto-inteligente-api/387977572/.m2/org/jboss/jandex/2.0.0.Final/jandex-2.0.0.Final.jar:/root/./workspace/jordilucas/ponto-inteligente-api/387977572/.m2/dom4j/dom4j/1.6.1/dom4j-1.6.1.jar:/root/./workspace/jordilucas/ponto-inteligente-api/387977572/.m2/org/hibernate/common/hibernate-commons-annotations/5.0.1.Final/hibernate-commons-annotations-5.0.1.Final.jar:/root/./workspace/jordilucas/ponto-inteligente-api/387977572/.m2/org/hibernate/hibernate-entitymanager/5.0.12.Final/hibernate-entitymanager-5.0.12.Final.jar:/root/./workspace/jordilucas/ponto-inteligente-api/387977572/.m2/javax/transaction/javax.transaction-api/1.2/javax.transaction-api-1.2.jar:/root/./workspace/jordilucas/ponto-inteligente-api/387977572/.m2/org/springframework/data/spring-data-jpa/1.11.8.RELEASE/spring-data-jpa-1.11.8.RELEASE.jar:/root/./workspace/jordilucas/ponto-inteligente-api/387977572/.m2/org/springframework/data/spring-data-commons/1.13.8.RELEASE/spring-data-commons-1.13.8.RELEASE.jar:/root/./workspace/jordilucas/ponto-inteligente-api/387977572/.m2/org/springframework/spring-orm/4.3.12.RELEASE/spring-orm-4.3.12.RELEASE.jar:/root/./workspace/jordilucas/ponto-inteligente-api/387977572/.m2/org/springframework/spring-tx/4.3.12.RELEASE/spring-tx-4.3.12.RELEASE.jar:/root/./workspace/jordilucas/ponto-inteligente-api/387977572/.m2/org/springframework/spring-beans/4.3.12.RELEASE/spring-beans-4.3.12.RELEASE.jar:/root/./workspace/jordilucas/ponto-inteligente-api/387977572/.m2/org/springframework/spring-aspects/4.3.12.RELEASE/spring-aspects-4.3.12.RELEASE.jar:/root/./workspace/jordilucas/ponto-inteligente-api/387977572/.m2/mysql/mysql-connector-java/5.1.44/mysql-connector-java-5.1.44.jar:/root/./workspace/jordilucas/ponto-inteligente-api/387977572/.m2/com/h2database/h2/1.4.196/h2-1.4.196.jar:/root/./workspace/jordilucas/ponto-inteligente-api/387977572/.m2/org/jboss/logging/jboss-logging/3.3.1.Final/jboss-logging-3.3.1.Final.jar:/root/./workspace/jordilucas/ponto-inteligente-api/387977572/.m2/org/springframework/boot/spring-boot-starter-security/1.5.8.RELEASE/spring-boot-starter-security-1.5.8.RELEASE.jar:/root/./workspace/jordilucas/ponto-inteligente-api/387977572/.m2/org/springframework/spring-aop/4.3.12.RELEASE/spring-aop-4.3.12.RELEASE.jar:/root/./workspace/jordilucas/ponto-inteligente-api/387977572/.m2/org/springframework/security/spring-security-config/4.2.3.RELEASE/spring-security-config-4.2.3.RELEASE.jar:/root/./workspace/jordilucas/ponto-inteligente-api/387977572/.m2/org/springframework/security/spring-security-web/4.2.3.RELEASE/spring-security-web-4.2.3.RELEASE.jar:/root/./workspace/jordilucas/ponto-inteligente-api/387977572/.m2/org/springframework/spring-expression/4.3.12.RELEASE/spring-expression-4.3.12.RELEASE.jar:/root/./workspace/jordilucas/ponto-inteligente-api/387977572/.m2/org/springframework/security/spring-security-test/4.2.3.RELEASE/spring-security-test-4.2.3.RELEASE.jar:/root/./workspace/jordilucas/ponto-inteligente-api/387977572/.m2/org/springframework/security/spring-security-core/4.2.3.RELEASE/spring-security-core-4.2.3.RELEASE.jar:/root/./workspace/jordilucas/ponto-inteligente-api/387977572/.m2/aopalliance/aopalliance/1.0/aopalliance-1.0.jar:/root/./workspace/jordilucas/ponto-inteligente-api/387977572/.m2/org/springframework/boot/spring-boot-starter-web/1.5.8.RELEASE/spring-boot-starter-web-1.5.8.RELEASE.jar:/root/./workspace/jordilucas/ponto-inteligente-api/387977572/.m2/org/springframework/boot/spring-boot-starter-tomcat/1.5.8.RELEASE/spring-boot-starter-tomcat-1.5.8.RELEASE.jar:/root/./workspace/jordilucas/ponto-inteligente-api/387977572/.m2/org/apache/tomcat/embed/tomcat-embed-core/8.5.23/tomcat-embed-core-8.5.23.jar:/root/./workspace/jordilucas/ponto-inteligente-api/387977572/.m2/org/apache/tomcat/tomcat-annotations-api/8.5.23/tomcat-annotations-api-8.5.23.jar:/root/./workspace/jordilucas/ponto-inteligente-api/387977572/.m2/org/apache/tomcat/embed/tomcat-embed-websocket/8.5.23/tomcat-embed-websocket-8.5.23.jar:/root/./workspace/jordilucas/ponto-inteligente-api/387977572/.m2/org/hibernate/hibernate-validator/5.3.5.Final/hibernate-validator-5.3.5.Final.jar:/root/./workspace/jordilucas/ponto-inteligente-api/387977572/.m2/javax/validation/validation-api/1.1.0.Final/validation-api-1.1.0.Final.jar:/root/./workspace/jordilucas/ponto-inteligente-api/387977572/.m2/com/fasterxml/classmate/1.3.4/classmate-1.3.4.jar:/root/./workspace/jordilucas/ponto-inteligente-api/387977572/.m2/com/fasterxml/jackson/core/jackson-databind/2.8.10/jackson-databind-2.8.10.jar:/root/./workspace/jordilucas/ponto-inteligente-api/387977572/.m2/com/fasterxml/jackson/core/jackson-annotations/2.8.0/jackson-annotations-2.8.0.jar:/root/./workspace/jordilucas/ponto-inteligente-api/387977572/.m2/org/springframework/spring-web/4.3.12.RELEASE/spring-web-4.3.12.RELEASE.jar:/root/./workspace/jordilucas/ponto-inteligente-api/387977572/.m2/org/springframework/spring-webmvc/4.3.12.RELEASE/spring-webmvc-4.3.12.RELEASE.jar:/root/./workspace/jordilucas/ponto-inteligente-api/387977572/.m2/org/springframework/boot/spring-boot-starter-validation/1.5.8.RELEASE/spring-boot-starter-validation-1.5.8.RELEASE.jar:/root/./workspace/jordilucas/ponto-inteligente-api/387977572/.m2/org/apache/tomcat/embed/tomcat-embed-el/8.5.23/tomcat-embed-el-8.5.23.jar:/root/./workspace/jordilucas/ponto-inteligente-api/387977572/.m2/com/fasterxml/jackson/datatype/jackson-datatype-jdk8/2.8.10/jackson-datatype-jdk8-2.8.10.jar:/root/./workspace/jordilucas/ponto-inteligente-api/387977572/.m2/com/fasterxml/jackson/core/jackson-core/2.8.10/jackson-core-2.8.10.jar:/root/./workspace/jordilucas/ponto-inteligente-api/387977572/.m2/org/apache/commons/commons-lang3/3.6/commons-lang3-3.6.jar:, java.specification.name=Java Platform API Specification, java.class.version=52.0, skip.bower=true, sun.management.compiler=HotSpot 64-Bit Tiered Compilers, maven.repo.local=/root/./workspace/jordilucas/ponto-inteligente-api/387977572/.m2, os.version=3.10.0-862.3.2.el7.x86_64, user.home=/root, user.timezone=Europe/Paris, java.awt.printerjob=sun.print.PSPrinterJob, file.encoding=UTF-8, java.specification.version=1.8, java.class.path=/root/workspace/jordilucas/ponto-inteligente-api/387977572/target/test-classes:/root/workspace/jordilucas/ponto-inteligente-api/387977572/target/classes:/root/./workspace/jordilucas/ponto-inteligente-api/387977572/.m2/org/springframework/boot/spring-boot-starter/1.5.8.RELEASE/spring-boot-starter-1.5.8.RELEASE.jar:/root/./workspace/jordilucas/ponto-inteligente-api/387977572/.m2/org/springframework/boot/spring-boot/1.5.8.RELEASE/spring-boot-1.5.8.RELEASE.jar:/root/./workspace/jordilucas/ponto-inteligente-api/387977572/.m2/org/springframework/spring-context/4.3.12.RELEASE/spring-context-4.3.12.RELEASE.jar:/root/./workspace/jordilucas/ponto-inteligente-api/387977572/.m2/org/springframework/boot/spring-boot-autoconfigure/1.5.8.RELEASE/spring-boot-autoconfigure-1.5.8.RELEASE.jar:/root/./workspace/jordilucas/ponto-inteligente-api/387977572/.m2/org/springframework/boot/spring-boot-starter-logging/1.5.8.RELEASE/spring-boot-starter-logging-1.5.8.RELEASE.jar:/root/./workspace/jordilucas/ponto-inteligente-api/387977572/.m2/ch/qos/logback/logback-classic/1.1.11/logback-classic-1.1.11.jar:/root/./workspace/jordilucas/ponto-inteligente-api/387977572/.m2/ch/qos/logback/logback-core/1.1.11/logback-core-1.1.11.jar:/root/./workspace/jordilucas/ponto-inteligente-api/387977572/.m2/org/slf4j/jcl-over-slf4j/1.7.25/jcl-over-slf4j-1.7.25.jar:/root/./workspace/jordilucas/ponto-inteligente-api/387977572/.m2/org/slf4j/jul-to-slf4j/1.7.25/jul-to-slf4j-1.7.25.jar:/root/./workspace/jordilucas/ponto-inteligente-api/387977572/.m2/org/slf4j/log4j-over-slf4j/1.7.25/log4j-over-slf4j-1.7.25.jar:/root/./workspace/jordilucas/ponto-inteligente-api/387977572/.m2/org/springframework/spring-core/4.3.12.RELEASE/spring-core-4.3.12.RELEASE.jar:/root/./workspace/jordilucas/ponto-inteligente-api/387977572/.m2/org/yaml/snakeyaml/1.17/snakeyaml-1.17.jar:/root/./workspace/jordilucas/ponto-inteligente-api/387977572/.m2/org/springframework/boot/spring-boot-devtools/1.5.8.RELEASE/spring-boot-devtools-1.5.8.RELEASE.jar:/root/./workspace/jordilucas/ponto-inteligente-api/387977572/.m2/org/springframework/boot/spring-boot-starter-test/1.5.8.RELEASE/spring-boot-starter-test-1.5.8.RELEASE.jar:/root/./workspace/jordilucas/ponto-inteligente-api/387977572/.m2/org/springframework/boot/spring-boot-test/1.5.8.RELEASE/spring-boot-test-1.5.8.RELEASE.jar:/root/./workspace/jordilucas/ponto-inteligente-api/387977572/.m2/org/springframework/boot/spring-boot-test-autoconfigure/1.5.8.RELEASE/spring-boot-test-autoconfigure-1.5.8.RELEASE.jar:/root/./workspace/jordilucas/ponto-inteligente-api/387977572/.m2/com/jayway/jsonpath/json-path/2.2.0/json-path-2.2.0.jar:/root/./workspace/jordilucas/ponto-inteligente-api/387977572/.m2/net/minidev/json-smart/2.2.1/json-smart-2.2.1.jar:/root/./workspace/jordilucas/ponto-inteligente-api/387977572/.m2/net/minidev/accessors-smart/1.1/accessors-smart-1.1.jar:/root/./workspace/jordilucas/ponto-inteligente-api/387977572/.m2/org/ow2/asm/asm/5.0.3/asm-5.0.3.jar:/root/./workspace/jordilucas/ponto-inteligente-api/387977572/.m2/org/slf4j/slf4j-api/1.7.25/slf4j-api-1.7.25.jar:/root/./workspace/jordilucas/ponto-inteligente-api/387977572/.m2/junit/junit/4.12/junit-4.12.jar:/root/./workspace/jordilucas/ponto-inteligente-api/387977572/.m2/org/assertj/assertj-core/2.6.0/assertj-core-2.6.0.jar:/root/./workspace/jordilucas/ponto-inteligente-api/387977572/.m2/org/mockito/mockito-core/1.10.19/mockito-core-1.10.19.jar:/root/./workspace/jordilucas/ponto-inteligente-api/387977572/.m2/org/objenesis/objenesis/2.1/objenesis-2.1.jar:/root/./workspace/jordilucas/ponto-inteligente-api/387977572/.m2/org/hamcrest/hamcrest-core/1.3/hamcrest-core-1.3.jar:/root/./workspace/jordilucas/ponto-inteligente-api/387977572/.m2/org/hamcrest/hamcrest-library/1.3/hamcrest-library-1.3.jar:/root/./workspace/jordilucas/ponto-inteligente-api/387977572/.m2/org/skyscreamer/jsonassert/1.4.0/jsonassert-1.4.0.jar:/root/./workspace/jordilucas/ponto-inteligente-api/387977572/.m2/com/vaadin/external/google/android-json/0.0.20131108.vaadin1/android-json-0.0.20131108.vaadin1.jar:/root/./workspace/jordilucas/ponto-inteligente-api/387977572/.m2/org/springframework/spring-test/4.3.12.RELEASE/spring-test-4.3.12.RELEASE.jar:/root/./workspace/jordilucas/ponto-inteligente-api/387977572/.m2/org/springframework/boot/spring-boot-starter-data-jpa/1.5.8.RELEASE/spring-boot-starter-data-jpa-1.5.8.RELEASE.jar:/root/./workspace/jordilucas/ponto-inteligente-api/387977572/.m2/org/springframework/boot/spring-boot-starter-aop/1.5.8.RELEASE/spring-boot-starter-aop-1.5.8.RELEASE.jar:/root/./workspace/jordilucas/ponto-inteligente-api/387977572/.m2/org/aspectj/aspectjweaver/1.8.11/aspectjweaver-1.8.11.jar:/root/./workspace/jordilucas/ponto-inteligente-api/387977572/.m2/org/springframework/boot/spring-boot-starter-jdbc/1.5.8.RELEASE/spring-boot-starter-jdbc-1.5.8.RELEASE.jar:/root/./workspace/jordilucas/ponto-inteligente-api/387977572/.m2/org/apache/tomcat/tomcat-jdbc/8.5.23/tomcat-jdbc-8.5.23.jar:/root/./workspace/jordilucas/ponto-inteligente-api/387977572/.m2/org/apache/tomcat/tomcat-juli/8.5.23/tomcat-juli-8.5.23.jar:/root/./workspace/jordilucas/ponto-inteligente-api/387977572/.m2/org/springframework/spring-jdbc/4.3.12.RELEASE/spring-jdbc-4.3.12.RELEASE.jar:/root/./workspace/jordilucas/ponto-inteligente-api/387977572/.m2/org/hibernate/hibernate-core/5.0.12.Final/hibernate-core-5.0.12.Final.jar:/root/./workspace/jordilucas/ponto-inteligente-api/387977572/.m2/org/hibernate/javax/persistence/hibernate-jpa-2.1-api/1.0.0.Final/hibernate-jpa-2.1-api-1.0.0.Final.jar:/root/./workspace/jordilucas/ponto-inteligente-api/387977572/.m2/org/javassist/javassist/3.21.0-GA/javassist-3.21.0-GA.jar:/root/./workspace/jordilucas/ponto-inteligente-api/387977572/.m2/antlr/antlr/2.7.7/antlr-2.7.7.jar:/root/./workspace/jordilucas/ponto-inteligente-api/387977572/.m2/org/jboss/jandex/2.0.0.Final/jandex-2.0.0.Final.jar:/root/./workspace/jordilucas/ponto-inteligente-api/387977572/.m2/dom4j/dom4j/1.6.1/dom4j-1.6.1.jar:/root/./workspace/jordilucas/ponto-inteligente-api/387977572/.m2/org/hibernate/common/hibernate-commons-annotations/5.0.1.Final/hibernate-commons-annotations-5.0.1.Final.jar:/root/./workspace/jordilucas/ponto-inteligente-api/387977572/.m2/org/hibernate/hibernate-entitymanager/5.0.12.Final/hibernate-entitymanager-5.0.12.Final.jar:/root/./workspace/jordilucas/ponto-inteligente-api/387977572/.m2/javax/transaction/javax.transaction-api/1.2/javax.transaction-api-1.2.jar:/root/./workspace/jordilucas/ponto-inteligente-api/387977572/.m2/org/springframework/data/spring-data-jpa/1.11.8.RELEASE/spring-data-jpa-1.11.8.RELEASE.jar:/root/./workspace/jordilucas/ponto-inteligente-api/387977572/.m2/org/springframework/data/spring-data-commons/1.13.8.RELEASE/spring-data-commons-1.13.8.RELEASE.jar:/root/./workspace/jordilucas/ponto-inteligente-api/387977572/.m2/org/springframework/spring-orm/4.3.12.RELEASE/spring-orm-4.3.12.RELEASE.jar:/root/./workspace/jordilucas/ponto-inteligente-api/387977572/.m2/org/springframework/spring-tx/4.3.12.RELEASE/spring-tx-4.3.12.RELEASE.jar:/root/./workspace/jordilucas/ponto-inteligente-api/387977572/.m2/org/springframework/spring-beans/4.3.12.RELEASE/spring-beans-4.3.12.RELEASE.jar:/root/./workspace/jordilucas/ponto-inteligente-api/387977572/.m2/org/springframework/spring-aspects/4.3.12.RELEASE/spring-aspects-4.3.12.RELEASE.jar:/root/./workspace/jordilucas/ponto-inteligente-api/387977572/.m2/mysql/mysql-connector-java/5.1.44/mysql-connector-java-5.1.44.jar:/root/./workspace/jordilucas/ponto-inteligente-api/387977572/.m2/com/h2database/h2/1.4.196/h2-1.4.196.jar:/root/./workspace/jordilucas/ponto-inteligente-api/387977572/.m2/org/jboss/logging/jboss-logging/3.3.1.Final/jboss-logging-3.3.1.Final.jar:/root/./workspace/jordilucas/ponto-inteligente-api/387977572/.m2/org/springframework/boot/spring-boot-starter-security/1.5.8.RELEASE/spring-boot-starter-security-1.5.8.RELEASE.jar:/root/./workspace/jordilucas/ponto-inteligente-api/387977572/.m2/org/springframework/spring-aop/4.3.12.RELEASE/spring-aop-4.3.12.RELEASE.jar:/root/./workspace/jordilucas/ponto-inteligente-api/387977572/.m2/org/springframework/security/spring-security-config/4.2.3.RELEASE/spring-security-config-4.2.3.RELEASE.jar:/root/./workspace/jordilucas/ponto-inteligente-api/387977572/.m2/org/springframework/security/spring-security-web/4.2.3.RELEASE/spring-security-web-4.2.3.RELEASE.jar:/root/./workspace/jordilucas/ponto-inteligente-api/387977572/.m2/org/springframework/spring-expression/4.3.12.RELEASE/spring-expression-4.3.12.RELEASE.jar:/root/./workspace/jordilucas/ponto-inteligente-api/387977572/.m2/org/springframework/security/spring-security-test/4.2.3.RELEASE/spring-security-test-4.2.3.RELEASE.jar:/root/./workspace/jordilucas/ponto-inteligente-api/387977572/.m2/org/springframework/security/spring-security-core/4.2.3.RELEASE/spring-security-core-4.2.3.RELEASE.jar:/root/./workspace/jordilucas/ponto-inteligente-api/387977572/.m2/aopalliance/aopalliance/1.0/aopalliance-1.0.jar:/root/./workspace/jordilucas/ponto-inteligente-api/387977572/.m2/org/springframework/boot/spring-boot-starter-web/1.5.8.RELEASE/spring-boot-starter-web-1.5.8.RELEASE.jar:/root/./workspace/jordilucas/ponto-inteligente-api/387977572/.m2/org/springframework/boot/spring-boot-starter-tomcat/1.5.8.RELEASE/spring-boot-starter-tomcat-1.5.8.RELEASE.jar:/root/./workspace/jordilucas/ponto-inteligente-api/387977572/.m2/org/apache/tomcat/embed/tomcat-embed-core/8.5.23/tomcat-embed-core-8.5.23.jar:/root/./workspace/jordilucas/ponto-inteligente-api/387977572/.m2/org/apache/tomcat/tomcat-annotations-api/8.5.23/tomcat-annotations-api-8.5.23.jar:/root/./workspace/jordilucas/ponto-inteligente-api/387977572/.m2/org/apache/tomcat/embed/tomcat-embed-websocket/8.5.23/tomcat-embed-websocket-8.5.23.jar:/root/./workspace/jordilucas/ponto-inteligente-api/387977572/.m2/org/hibernate/hibernate-validator/5.3.5.Final/hibernate-validator-5.3.5.Final.jar:/root/./workspace/jordilucas/ponto-inteligente-api/387977572/.m2/javax/validation/validation-api/1.1.0.Final/validation-api-1.1.0.Final.jar:/root/./workspace/jordilucas/ponto-inteligente-api/387977572/.m2/com/fasterxml/classmate/1.3.4/classmate-1.3.4.jar:/root/./workspace/jordilucas/ponto-inteligente-api/387977572/.m2/com/fasterxml/jackson/core/jackson-databind/2.8.10/jackson-databind-2.8.10.jar:/root/./workspace/jordilucas/ponto-inteligente-api/387977572/.m2/com/fasterxml/jackson/core/jackson-annotations/2.8.0/jackson-annotations-2.8.0.jar:/root/./workspace/jordilucas/ponto-inteligente-api/387977572/.m2/org/springframework/spring-web/4.3.12.RELEASE/spring-web-4.3.12.RELEASE.jar:/root/./workspace/jordilucas/ponto-inteligente-api/387977572/.m2/org/springframework/spring-webmvc/4.3.12.RELEASE/spring-webmvc-4.3.12.RELEASE.jar:/root/./workspace/jordilucas/ponto-inteligente-api/387977572/.m2/org/springframework/boot/spring-boot-starter-validation/1.5.8.RELEASE/spring-boot-starter-validation-1.5.8.RELEASE.jar:/root/./workspace/jordilucas/ponto-inteligente-api/387977572/.m2/org/apache/tomcat/embed/tomcat-embed-el/8.5.23/tomcat-embed-el-8.5.23.jar:/root/./workspace/jordilucas/ponto-inteligente-api/387977572/.m2/com/fasterxml/jackson/datatype/jackson-datatype-jdk8/2.8.10/jackson-datatype-jdk8-2.8.10.jar:/root/./workspace/jordilucas/ponto-inteligente-api/387977572/.m2/com/fasterxml/jackson/core/jackson-core/2.8.10/jackson-core-2.8.10.jar:/root/./workspace/jordilucas/ponto-inteligente-api/387977572/.m2/org/apache/commons/commons-lang3/3.6/commons-lang3-3.6.jar:, user.name=root, skipITs=true, java.vm.specification.version=1.8, sun.java.command=/root/workspace/jordilucas/ponto-inteligente-api/387977572/target/surefire/surefirebooter8553089524739200174.jar /root/workspace/jordilucas/ponto-inteligente-api/387977572/target/surefire/surefire3173184054435444890tmp /root/workspace/jordilucas/ponto-inteligente-api/387977572/target/surefire/surefire_07527372107658914535tmp, java.home=/usr/lib/jvm/java-8-openjdk-amd64/jre, sun.arch.data.model=64, user.language=en, java.specification.vendor=Oracle Corporation, dependency-check.skip=true, awt.toolkit=sun.awt.X11.XToolkit, java.vm.info=mixed mode, java.version=1.8.0_121, java.ext.dirs=/usr/lib/jvm/java-8-openjdk-amd64/jre/lib/ext:/usr/java/packages/lib/ext, sun.boot.class.path=/usr/lib/jvm/java-8-openjdk-amd64/jre/lib/resources.jar:/usr/lib/jvm/java-8-openjdk-amd64/jre/lib/rt.jar:/usr/lib/jvm/java-8-openjdk-amd64/jre/lib/sunrsasign.jar:/usr/lib/jvm/java-8-openjdk-amd64/jre/lib/jsse.jar:/usr/lib/jvm/java-8-openjdk-amd64/jre/lib/jce.jar:/usr/lib/jvm/java-8-openjdk-amd64/jre/lib/charsets.jar:/usr/lib/jvm/java-8-openjdk-amd64/jre/lib/jfr.jar:/usr/lib/jvm/java-8-openjdk-amd64/jre/classes, rat.skip=true, enforcer.skip=true, java.vendor=Oracle Corporation, localRepository=/root/./workspace/jordilucas/ponto-inteligente-api/387977572/.m2, file.separator=/, java.vendor.url.bug=http://bugreport.sun.com/bugreport/, sun.io.unicode.encoding=UnicodeLittle, sun.cpu.endian=little, sun.cpu.isalist=}}, SystemEnvironmentPropertySource@1491755116 {name='systemEnvironment', properties={PATH=/usr/local/sbin:/usr/local/bin:/usr/sbin:/usr/bin:/sbin:/bin, JAVA_HOME=/usr/lib/jvm/java-8-openjdk-amd64, NOTIFY_TO=, CA_CERTIFICATES_JAVA_VERSION=20161107~bpo8+1, MONGODB_HOST=, BUILD_ID=, LANG=C.UTF-8, MAVEN_HOME=/usr/share/maven, SMTP_SERVER=, MONGODB_NAME=, REPAIR_MODE=repair, PWD=/root/workspace/jordilucas/ponto-inteligente-api/387977572, JAVA_VERSION=8u121, GITHUB_OAUTH=, MAVEN_CMD_LINE_ARGS=/root/.m2 -B -D enforcer.skip=true -D dependency-check.skip=true -D skipITs=true -D cobertura.skip=true -D maven.repo.local=/root/./workspace/jordilucas/ponto-inteligente-api/387977572/.m2 -D rat.skip=true -D findbugs.skip=true -D skip.bower=true -D gpg.skip=true -D checkstyle.skip=true -D skip.gulp=true -D license.skip=true -D skip.npm=true test, _=/usr/bin/java, OUTPUT=, MAVEN_TERMINATE_CMD=on, MAVEN_CONFIG=/root/.m2, MAVEN_PROJECTBASEDIR=/root/workspace/jordilucas/ponto-inteligente-api/387977572, OLDPWD=/root/workspace/jordilucas/ponto-inteligente-api/387977572, LOG_FILENAME=repairnator-pipeline_2018-06-04_2231_387977572_5a77b685-d098-401d-b168-01e076b51223, RUN_ID=, HOSTNAME=cyclone1, JAVA_DEBIAN_VERSION=8u121-b13-1~bpo8+1, M2_HOME=/usr/share/maven, REPAIR_TOOLS=AssertFixer, HOME=/root, SHLVL=1, PUSH_URL=}}]
22:32:15.470 [main] INFO org.springframework.boot.test.context.SpringBootTestContextBootstrapper - Found @SpringBootConfiguration br.com.jordilucas.pontointeligente.api.PontoInteligenteApplication for test class br.com.jordilucas.pontointeligente.api.services.FuncionarioServiceTest
22:32:15.472 [main] DEBUG org.springframework.boot.test.context.SpringBootTestContextBootstrapper - @TestExecutionListeners is not present for class [br.com.jordilucas.pontointeligente.api.services.FuncionarioServiceTest]: using defaults.
22:32:15.475 [main] INFO org.springframework.boot.test.context.SpringBootTestContextBootstrapper - Loaded default TestExecutionListener class names from location [META-INF/spring.factories]: [org.springframework.boot.test.mock.mockito.MockitoTestExecutionListener, org.springframework.boot.test.mock.mockito.ResetMocksTestExecutionListener, org.springframework.boot.test.autoconfigure.restdocs.RestDocsTestExecutionListener, org.springframework.boot.test.autoconfigure.web.client.MockRestServiceServerResetTestExecutionListener, org.springframework.boot.test.autoconfigure.web.servlet.MockMvcPrintOnlyOnFailureTestExecutionListener, org.springframework.boot.test.autoconfigure.web.servlet.WebDriverTestExecutionListener, org.springframework.test.context.web.ServletTestExecutionListener, org.springframework.test.context.support.DirtiesContextBeforeModesTestExecutionListener, org.springframework.test.context.support.DependencyInjectionTestExecutionListener, org.springframework.test.context.support.DirtiesContextTestExecutionListener, org.springframework.test.context.transaction.TransactionalTestExecutionListener, org.springframework.test.context.jdbc.SqlScriptsTestExecutionListener, org.springframework.security.test.context.support.WithSecurityContextTestExecutionListener]
22:32:15.479 [main] INFO org.springframework.boot.test.context.SpringBootTestContextBootstrapper - Using TestExecutionListeners: [org.springframework.test.context.web.ServletTestExecutionListener@55740540, org.springframework.test.context.support.DirtiesContextBeforeModesTestExecutionListener@60015ef5, org.springframework.boot.test.autoconfigure.SpringBootDependencyInjectionTestExecutionListener@2f54a33d, org.springframework.test.context.support.DirtiesContextTestExecutionListener@1018bde2, org.springframework.test.context.transaction.TransactionalTestExecutionListener@65b3f4a4, org.springframework.test.context.jdbc.SqlScriptsTestExecutionListener@f2ff811, org.springframework.security.test.context.support.WithSecurityContextTestExecutionListener@568ff82, org.springframework.boot.test.autoconfigure.restdocs.RestDocsTestExecutionListener@50caa560, org.springframework.boot.test.autoconfigure.web.client.MockRestServiceServerResetTestExecutionListener@2a266d09, org.springframework.boot.test.mock.mockito.ResetMocksTestExecutionListener@5ab9e72c, org.springframework.boot.test.autoconfigure.web.servlet.WebDriverTestExecutionListener@186f8716, org.springframework.boot.test.mock.mockito.MockitoTestExecutionListener@1d8bd0de, org.springframework.boot.test.autoconfigure.web.servlet.MockMvcPrintOnlyOnFailureTestExecutionListener@45ca843]
22:32:15.480 [main] DEBUG org.springframework.test.annotation.ProfileValueUtils - Retrieved @ProfileValueSourceConfiguration [null] for test class [br.com.jordilucas.pontointeligente.api.services.FuncionarioServiceTest]
22:32:15.480 [main] DEBUG org.springframework.test.annotation.ProfileValueUtils - Retrieved ProfileValueSource type [class org.springframework.test.annotation.SystemProfileValueSource] for class [br.com.jordilucas.pontointeligente.api.services.FuncionarioServiceTest]
22:32:15.481 [main] DEBUG org.springframework.test.annotation.ProfileValueUtils - Retrieved @ProfileValueSourceConfiguration [null] for test class [br.com.jordilucas.pontointeligente.api.services.FuncionarioServiceTest]
22:32:15.481 [main] DEBUG org.springframework.test.annotation.ProfileValueUtils - Retrieved ProfileValueSource type [class org.springframework.test.annotation.SystemProfileValueSource] for class [br.com.jordilucas.pontointeligente.api.services.FuncionarioServiceTest]
22:32:15.485 [main] DEBUG org.springframework.test.context.support.AbstractDirtiesContextTestExecutionListener - Before test class: context [DefaultTestContext@157853da testClass = FuncionarioServiceTest, testInstance = [null], testMethod = [null], testException = [null], mergedContextConfiguration = [WebMergedContextConfiguration@71c3b41 testClass = FuncionarioServiceTest, locations = '{}', classes = '{class br.com.jordilucas.pontointeligente.api.PontoInteligenteApplication}', contextInitializerClasses = '[]', activeProfiles = '{test}', propertySourceLocations = '{}', propertySourceProperties = '{org.springframework.boot.test.context.SpringBootTestContextBootstrapper=true}', contextCustomizers = set[org.springframework.boot.test.context.SpringBootTestContextCustomizer@4923ab24, org.springframework.boot.test.context.filter.ExcludeFilterContextCustomizer@46daef40, org.springframework.boot.test.json.DuplicateJsonObjectContextCustomizerFactory$DuplicateJsonObjectContextCustomizer@262b2c86, org.springframework.boot.test.mock.mockito.MockitoContextCustomizer@28ca423b, org.springframework.boot.test.autoconfigure.properties.PropertyMappingContextCustomizer@0, org.springframework.boot.test.autoconfigure.web.servlet.WebDriverContextCustomizerFactory$Customizer@2de8284b], resourceBasePath = 'src/main/webapp', contextLoader = 'org.springframework.boot.test.context.SpringBootContextLoader', parent = [null]]], class annotated with @DirtiesContext [false] with mode [null].
22:32:15.486 [main] DEBUG org.springframework.test.annotation.ProfileValueUtils - Retrieved @ProfileValueSourceConfiguration [null] for test class [br.com.jordilucas.pontointeligente.api.services.FuncionarioServiceTest]
22:32:15.486 [main] DEBUG org.springframework.test.annotation.ProfileValueUtils - Retrieved ProfileValueSource type [class org.springframework.test.annotation.SystemProfileValueSource] for class [br.com.jordilucas.pontointeligente.api.services.FuncionarioServiceTest]
22:32:15.580 [main] DEBUG org.springframework.core.env.StandardEnvironment - Adding PropertySource 'systemProperties' with lowest search precedence
22:32:15.580 [main] DEBUG org.springframework.core.env.StandardEnvironment - Adding PropertySource 'systemEnvironment' with lowest search precedence
22:32:15.581 [main] DEBUG org.springframework.core.env.StandardEnvironment - Initialized StandardEnvironment with PropertySources [MapPropertySource@1744189907 {name='systemProperties', properties={java.runtime.name=OpenJDK Runtime Environment, sun.boot.library.path=/usr/lib/jvm/java-8-openjdk-amd64/jre/lib/amd64, java.vm.version=25.121-b13, java.vm.vendor=Oracle Corporation, java.vendor.url=http://java.oracle.com/, skip.gulp=true, path.separator=:, java.vm.name=OpenJDK 64-Bit Server VM, file.encoding.pkg=sun.io, findbugs.skip=true, sun.java.launcher=SUN_STANDARD, sun.os.patch.level=unknown, java.vm.specification.name=Java Virtual Machine Specification, user.dir=/root/workspace/jordilucas/ponto-inteligente-api/387977572, checkstyle.skip=true, java.runtime.version=1.8.0_121-8u121-b13-1~bpo8+1-b13, skip.npm=true, basedir=/root/workspace/jordilucas/ponto-inteligente-api/387977572, java.awt.graphicsenv=sun.awt.X11GraphicsEnvironment, java.endorsed.dirs=/usr/lib/jvm/java-8-openjdk-amd64/jre/lib/endorsed, os.arch=amd64, surefire.real.class.path=/root/workspace/jordilucas/ponto-inteligente-api/387977572/target/surefire/surefirebooter8553089524739200174.jar, gpg.skip=true, java.io.tmpdir=/tmp, line.separator=
, cobertura.skip=true, java.vm.specification.vendor=Oracle Corporation, os.name=Linux, sun.jnu.encoding=UTF-8, license.skip=true, java.library.path=/usr/java/packages/lib/amd64:/usr/lib/x86_64-linux-gnu/jni:/lib/x86_64-linux-gnu:/usr/lib/x86_64-linux-gnu:/usr/lib/jni:/lib:/usr/lib, surefire.test.class.path=/root/workspace/jordilucas/ponto-inteligente-api/387977572/target/test-classes:/root/workspace/jordilucas/ponto-inteligente-api/387977572/target/classes:/root/./workspace/jordilucas/ponto-inteligente-api/387977572/.m2/org/springframework/boot/spring-boot-starter/1.5.8.RELEASE/spring-boot-starter-1.5.8.RELEASE.jar:/root/./workspace/jordilucas/ponto-inteligente-api/387977572/.m2/org/springframework/boot/spring-boot/1.5.8.RELEASE/spring-boot-1.5.8.RELEASE.jar:/root/./workspace/jordilucas/ponto-inteligente-api/387977572/.m2/org/springframework/spring-context/4.3.12.RELEASE/spring-context-4.3.12.RELEASE.jar:/root/./workspace/jordilucas/ponto-inteligente-api/387977572/.m2/org/springframework/boot/spring-boot-autoconfigure/1.5.8.RELEASE/spring-boot-autoconfigure-1.5.8.RELEASE.jar:/root/./workspace/jordilucas/ponto-inteligente-api/387977572/.m2/org/springframework/boot/spring-boot-starter-logging/1.5.8.RELEASE/spring-boot-starter-logging-1.5.8.RELEASE.jar:/root/./workspace/jordilucas/ponto-inteligente-api/387977572/.m2/ch/qos/logback/logback-classic/1.1.11/logback-classic-1.1.11.jar:/root/./workspace/jordilucas/ponto-inteligente-api/387977572/.m2/ch/qos/logback/logback-core/1.1.11/logback-core-1.1.11.jar:/root/./workspace/jordilucas/ponto-inteligente-api/387977572/.m2/org/slf4j/jcl-over-slf4j/1.7.25/jcl-over-slf4j-1.7.25.jar:/root/./workspace/jordilucas/ponto-inteligente-api/387977572/.m2/org/slf4j/jul-to-slf4j/1.7.25/jul-to-slf4j-1.7.25.jar:/root/./workspace/jordilucas/ponto-inteligente-api/387977572/.m2/org/slf4j/log4j-over-slf4j/1.7.25/log4j-over-slf4j-1.7.25.jar:/root/./workspace/jordilucas/ponto-inteligente-api/387977572/.m2/org/springframework/spring-core/4.3.12.RELEASE/spring-core-4.3.12.RELEASE.jar:/root/./workspace/jordilucas/ponto-inteligente-api/387977572/.m2/org/yaml/snakeyaml/1.17/snakeyaml-1.17.jar:/root/./workspace/jordilucas/ponto-inteligente-api/387977572/.m2/org/springframework/boot/spring-boot-devtools/1.5.8.RELEASE/spring-boot-devtools-1.5.8.RELEASE.jar:/root/./workspace/jordilucas/ponto-inteligente-api/387977572/.m2/org/springframework/boot/spring-boot-starter-test/1.5.8.RELEASE/spring-boot-starter-test-1.5.8.RELEASE.jar:/root/./workspace/jordilucas/ponto-inteligente-api/387977572/.m2/org/springframework/boot/spring-boot-test/1.5.8.RELEASE/spring-boot-test-1.5.8.RELEASE.jar:/root/./workspace/jordilucas/ponto-inteligente-api/387977572/.m2/org/springframework/boot/spring-boot-test-autoconfigure/1.5.8.RELEASE/spring-boot-test-autoconfigure-1.5.8.RELEASE.jar:/root/./workspace/jordilucas/ponto-inteligente-api/387977572/.m2/com/jayway/jsonpath/json-path/2.2.0/json-path-2.2.0.jar:/root/./workspace/jordilucas/ponto-inteligente-api/387977572/.m2/net/minidev/json-smart/2.2.1/json-smart-2.2.1.jar:/root/./workspace/jordilucas/ponto-inteligente-api/387977572/.m2/net/minidev/accessors-smart/1.1/accessors-smart-1.1.jar:/root/./workspace/jordilucas/ponto-inteligente-api/387977572/.m2/org/ow2/asm/asm/5.0.3/asm-5.0.3.jar:/root/./workspace/jordilucas/ponto-inteligente-api/387977572/.m2/org/slf4j/slf4j-api/1.7.25/slf4j-api-1.7.25.jar:/root/./workspace/jordilucas/ponto-inteligente-api/387977572/.m2/junit/junit/4.12/junit-4.12.jar:/root/./workspace/jordilucas/ponto-inteligente-api/387977572/.m2/org/assertj/assertj-core/2.6.0/assertj-core-2.6.0.jar:/root/./workspace/jordilucas/ponto-inteligente-api/387977572/.m2/org/mockito/mockito-core/1.10.19/mockito-core-1.10.19.jar:/root/./workspace/jordilucas/ponto-inteligente-api/387977572/.m2/org/objenesis/objenesis/2.1/objenesis-2.1.jar:/root/./workspace/jordilucas/ponto-inteligente-api/387977572/.m2/org/hamcrest/hamcrest-core/1.3/hamcrest-core-1.3.jar:/root/./workspace/jordilucas/ponto-inteligente-api/387977572/.m2/org/hamcrest/hamcrest-library/1.3/hamcrest-library-1.3.jar:/root/./workspace/jordilucas/ponto-inteligente-api/387977572/.m2/org/skyscreamer/jsonassert/1.4.0/jsonassert-1.4.0.jar:/root/./workspace/jordilucas/ponto-inteligente-api/387977572/.m2/com/vaadin/external/google/android-json/0.0.20131108.vaadin1/android-json-0.0.20131108.vaadin1.jar:/root/./workspace/jordilucas/ponto-inteligente-api/387977572/.m2/org/springframework/spring-test/4.3.12.RELEASE/spring-test-4.3.12.RELEASE.jar:/root/./workspace/jordilucas/ponto-inteligente-api/387977572/.m2/org/springframework/boot/spring-boot-starter-data-jpa/1.5.8.RELEASE/spring-boot-starter-data-jpa-1.5.8.RELEASE.jar:/root/./workspace/jordilucas/ponto-inteligente-api/387977572/.m2/org/springframework/boot/spring-boot-starter-aop/1.5.8.RELEASE/spring-boot-starter-aop-1.5.8.RELEASE.jar:/root/./workspace/jordilucas/ponto-inteligente-api/387977572/.m2/org/aspectj/aspectjweaver/1.8.11/aspectjweaver-1.8.11.jar:/root/./workspace/jordilucas/ponto-inteligente-api/387977572/.m2/org/springframework/boot/spring-boot-starter-jdbc/1.5.8.RELEASE/spring-boot-starter-jdbc-1.5.8.RELEASE.jar:/root/./workspace/jordilucas/ponto-inteligente-api/387977572/.m2/org/apache/tomcat/tomcat-jdbc/8.5.23/tomcat-jdbc-8.5.23.jar:/root/./workspace/jordilucas/ponto-inteligente-api/387977572/.m2/org/apache/tomcat/tomcat-juli/8.5.23/tomcat-juli-8.5.23.jar:/root/./workspace/jordilucas/ponto-inteligente-api/387977572/.m2/org/springframework/spring-jdbc/4.3.12.RELEASE/spring-jdbc-4.3.12.RELEASE.jar:/root/./workspace/jordilucas/ponto-inteligente-api/387977572/.m2/org/hibernate/hibernate-core/5.0.12.Final/hibernate-core-5.0.12.Final.jar:/root/./workspace/jordilucas/ponto-inteligente-api/387977572/.m2/org/hibernate/javax/persistence/hibernate-jpa-2.1-api/1.0.0.Final/hibernate-jpa-2.1-api-1.0.0.Final.jar:/root/./workspace/jordilucas/ponto-inteligente-api/387977572/.m2/org/javassist/javassist/3.21.0-GA/javassist-3.21.0-GA.jar:/root/./workspace/jordilucas/ponto-inteligente-api/387977572/.m2/antlr/antlr/2.7.7/antlr-2.7.7.jar:/root/./workspace/jordilucas/ponto-inteligente-api/387977572/.m2/org/jboss/jandex/2.0.0.Final/jandex-2.0.0.Final.jar:/root/./workspace/jordilucas/ponto-inteligente-api/387977572/.m2/dom4j/dom4j/1.6.1/dom4j-1.6.1.jar:/root/./workspace/jordilucas/ponto-inteligente-api/387977572/.m2/org/hibernate/common/hibernate-commons-annotations/5.0.1.Final/hibernate-commons-annotations-5.0.1.Final.jar:/root/./workspace/jordilucas/ponto-inteligente-api/387977572/.m2/org/hibernate/hibernate-entitymanager/5.0.12.Final/hibernate-entitymanager-5.0.12.Final.jar:/root/./workspace/jordilucas/ponto-inteligente-api/387977572/.m2/javax/transaction/javax.transaction-api/1.2/javax.transaction-api-1.2.jar:/root/./workspace/jordilucas/ponto-inteligente-api/387977572/.m2/org/springframework/data/spring-data-jpa/1.11.8.RELEASE/spring-data-jpa-1.11.8.RELEASE.jar:/root/./workspace/jordilucas/ponto-inteligente-api/387977572/.m2/org/springframework/data/spring-data-commons/1.13.8.RELEASE/spring-data-commons-1.13.8.RELEASE.jar:/root/./workspace/jordilucas/ponto-inteligente-api/387977572/.m2/org/springframework/spring-orm/4.3.12.RELEASE/spring-orm-4.3.12.RELEASE.jar:/root/./workspace/jordilucas/ponto-inteligente-api/387977572/.m2/org/springframework/spring-tx/4.3.12.RELEASE/spring-tx-4.3.12.RELEASE.jar:/root/./workspace/jordilucas/ponto-inteligente-api/387977572/.m2/org/springframework/spring-beans/4.3.12.RELEASE/spring-beans-4.3.12.RELEASE.jar:/root/./workspace/jordilucas/ponto-inteligente-api/387977572/.m2/org/springframework/spring-aspects/4.3.12.RELEASE/spring-aspects-4.3.12.RELEASE.jar:/root/./workspace/jordilucas/ponto-inteligente-api/387977572/.m2/mysql/mysql-connector-java/5.1.44/mysql-connector-java-5.1.44.jar:/root/./workspace/jordilucas/ponto-inteligente-api/387977572/.m2/com/h2database/h2/1.4.196/h2-1.4.196.jar:/root/./workspace/jordilucas/ponto-inteligente-api/387977572/.m2/org/jboss/logging/jboss-logging/3.3.1.Final/jboss-logging-3.3.1.Final.jar:/root/./workspace/jordilucas/ponto-inteligente-api/387977572/.m2/org/springframework/boot/spring-boot-starter-security/1.5.8.RELEASE/spring-boot-starter-security-1.5.8.RELEASE.jar:/root/./workspace/jordilucas/ponto-inteligente-api/387977572/.m2/org/springframework/spring-aop/4.3.12.RELEASE/spring-aop-4.3.12.RELEASE.jar:/root/./workspace/jordilucas/ponto-inteligente-api/387977572/.m2/org/springframework/security/spring-security-config/4.2.3.RELEASE/spring-security-config-4.2.3.RELEASE.jar:/root/./workspace/jordilucas/ponto-inteligente-api/387977572/.m2/org/springframework/security/spring-security-web/4.2.3.RELEASE/spring-security-web-4.2.3.RELEASE.jar:/root/./workspace/jordilucas/ponto-inteligente-api/387977572/.m2/org/springframework/spring-expression/4.3.12.RELEASE/spring-expression-4.3.12.RELEASE.jar:/root/./workspace/jordilucas/ponto-inteligente-api/387977572/.m2/org/springframework/security/spring-security-test/4.2.3.RELEASE/spring-security-test-4.2.3.RELEASE.jar:/root/./workspace/jordilucas/ponto-inteligente-api/387977572/.m2/org/springframework/security/spring-security-core/4.2.3.RELEASE/spring-security-core-4.2.3.RELEASE.jar:/root/./workspace/jordilucas/ponto-inteligente-api/387977572/.m2/aopalliance/aopalliance/1.0/aopalliance-1.0.jar:/root/./workspace/jordilucas/ponto-inteligente-api/387977572/.m2/org/springframework/boot/spring-boot-starter-web/1.5.8.RELEASE/spring-boot-starter-web-1.5.8.RELEASE.jar:/root/./workspace/jordilucas/ponto-inteligente-api/387977572/.m2/org/springframework/boot/spring-boot-starter-tomcat/1.5.8.RELEASE/spring-boot-starter-tomcat-1.5.8.RELEASE.jar:/root/./workspace/jordilucas/ponto-inteligente-api/387977572/.m2/org/apache/tomcat/embed/tomcat-embed-core/8.5.23/tomcat-embed-core-8.5.23.jar:/root/./workspace/jordilucas/ponto-inteligente-api/387977572/.m2/org/apache/tomcat/tomcat-annotations-api/8.5.23/tomcat-annotations-api-8.5.23.jar:/root/./workspace/jordilucas/ponto-inteligente-api/387977572/.m2/org/apache/tomcat/embed/tomcat-embed-websocket/8.5.23/tomcat-embed-websocket-8.5.23.jar:/root/./workspace/jordilucas/ponto-inteligente-api/387977572/.m2/org/hibernate/hibernate-validator/5.3.5.Final/hibernate-validator-5.3.5.Final.jar:/root/./workspace/jordilucas/ponto-inteligente-api/387977572/.m2/javax/validation/validation-api/1.1.0.Final/validation-api-1.1.0.Final.jar:/root/./workspace/jordilucas/ponto-inteligente-api/387977572/.m2/com/fasterxml/classmate/1.3.4/classmate-1.3.4.jar:/root/./workspace/jordilucas/ponto-inteligente-api/387977572/.m2/com/fasterxml/jackson/core/jackson-databind/2.8.10/jackson-databind-2.8.10.jar:/root/./workspace/jordilucas/ponto-inteligente-api/387977572/.m2/com/fasterxml/jackson/core/jackson-annotations/2.8.0/jackson-annotations-2.8.0.jar:/root/./workspace/jordilucas/ponto-inteligente-api/387977572/.m2/org/springframework/spring-web/4.3.12.RELEASE/spring-web-4.3.12.RELEASE.jar:/root/./workspace/jordilucas/ponto-inteligente-api/387977572/.m2/org/springframework/spring-webmvc/4.3.12.RELEASE/spring-webmvc-4.3.12.RELEASE.jar:/root/./workspace/jordilucas/ponto-inteligente-api/387977572/.m2/org/springframework/boot/spring-boot-starter-validation/1.5.8.RELEASE/spring-boot-starter-validation-1.5.8.RELEASE.jar:/root/./workspace/jordilucas/ponto-inteligente-api/387977572/.m2/org/apache/tomcat/embed/tomcat-embed-el/8.5.23/tomcat-embed-el-8.5.23.jar:/root/./workspace/jordilucas/ponto-inteligente-api/387977572/.m2/com/fasterxml/jackson/datatype/jackson-datatype-jdk8/2.8.10/jackson-datatype-jdk8-2.8.10.jar:/root/./workspace/jordilucas/ponto-inteligente-api/387977572/.m2/com/fasterxml/jackson/core/jackson-core/2.8.10/jackson-core-2.8.10.jar:/root/./workspace/jordilucas/ponto-inteligente-api/387977572/.m2/org/apache/commons/commons-lang3/3.6/commons-lang3-3.6.jar:, java.specification.name=Java Platform API Specification, java.class.version=52.0, skip.bower=true, sun.management.compiler=HotSpot 64-Bit Tiered Compilers, maven.repo.local=/root/./workspace/jordilucas/ponto-inteligente-api/387977572/.m2, os.version=3.10.0-862.3.2.el7.x86_64, user.home=/root, user.timezone=Europe/Paris, java.awt.printerjob=sun.print.PSPrinterJob, file.encoding=UTF-8, java.specification.version=1.8, java.class.path=/root/workspace/jordilucas/ponto-inteligente-api/387977572/target/test-classes:/root/workspace/jordilucas/ponto-inteligente-api/387977572/target/classes:/root/./workspace/jordilucas/ponto-inteligente-api/387977572/.m2/org/springframework/boot/spring-boot-starter/1.5.8.RELEASE/spring-boot-starter-1.5.8.RELEASE.jar:/root/./workspace/jordilucas/ponto-inteligente-api/387977572/.m2/org/springframework/boot/spring-boot/1.5.8.RELEASE/spring-boot-1.5.8.RELEASE.jar:/root/./workspace/jordilucas/ponto-inteligente-api/387977572/.m2/org/springframework/spring-context/4.3.12.RELEASE/spring-context-4.3.12.RELEASE.jar:/root/./workspace/jordilucas/ponto-inteligente-api/387977572/.m2/org/springframework/boot/spring-boot-autoconfigure/1.5.8.RELEASE/spring-boot-autoconfigure-1.5.8.RELEASE.jar:/root/./workspace/jordilucas/ponto-inteligente-api/387977572/.m2/org/springframework/boot/spring-boot-starter-logging/1.5.8.RELEASE/spring-boot-starter-logging-1.5.8.RELEASE.jar:/root/./workspace/jordilucas/ponto-inteligente-api/387977572/.m2/ch/qos/logback/logback-classic/1.1.11/logback-classic-1.1.11.jar:/root/./workspace/jordilucas/ponto-inteligente-api/387977572/.m2/ch/qos/logback/logback-core/1.1.11/logback-core-1.1.11.jar:/root/./workspace/jordilucas/ponto-inteligente-api/387977572/.m2/org/slf4j/jcl-over-slf4j/1.7.25/jcl-over-slf4j-1.7.25.jar:/root/./workspace/jordilucas/ponto-inteligente-api/387977572/.m2/org/slf4j/jul-to-slf4j/1.7.25/jul-to-slf4j-1.7.25.jar:/root/./workspace/jordilucas/ponto-inteligente-api/387977572/.m2/org/slf4j/log4j-over-slf4j/1.7.25/log4j-over-slf4j-1.7.25.jar:/root/./workspace/jordilucas/ponto-inteligente-api/387977572/.m2/org/springframework/spring-core/4.3.12.RELEASE/spring-core-4.3.12.RELEASE.jar:/root/./workspace/jordilucas/ponto-inteligente-api/387977572/.m2/org/yaml/snakeyaml/1.17/snakeyaml-1.17.jar:/root/./workspace/jordilucas/ponto-inteligente-api/387977572/.m2/org/springframework/boot/spring-boot-devtools/1.5.8.RELEASE/spring-boot-devtools-1.5.8.RELEASE.jar:/root/./workspace/jordilucas/ponto-inteligente-api/387977572/.m2/org/springframework/boot/spring-boot-starter-test/1.5.8.RELEASE/spring-boot-starter-test-1.5.8.RELEASE.jar:/root/./workspace/jordilucas/ponto-inteligente-api/387977572/.m2/org/springframework/boot/spring-boot-test/1.5.8.RELEASE/spring-boot-test-1.5.8.RELEASE.jar:/root/./workspace/jordilucas/ponto-inteligente-api/387977572/.m2/org/springframework/boot/spring-boot-test-autoconfigure/1.5.8.RELEASE/spring-boot-test-autoconfigure-1.5.8.RELEASE.jar:/root/./workspace/jordilucas/ponto-inteligente-api/387977572/.m2/com/jayway/jsonpath/json-path/2.2.0/json-path-2.2.0.jar:/root/./workspace/jordilucas/ponto-inteligente-api/387977572/.m2/net/minidev/json-smart/2.2.1/json-smart-2.2.1.jar:/root/./workspace/jordilucas/ponto-inteligente-api/387977572/.m2/net/minidev/accessors-smart/1.1/accessors-smart-1.1.jar:/root/./workspace/jordilucas/ponto-inteligente-api/387977572/.m2/org/ow2/asm/asm/5.0.3/asm-5.0.3.jar:/root/./workspace/jordilucas/ponto-inteligente-api/387977572/.m2/org/slf4j/slf4j-api/1.7.25/slf4j-api-1.7.25.jar:/root/./workspace/jordilucas/ponto-inteligente-api/387977572/.m2/junit/junit/4.12/junit-4.12.jar:/root/./workspace/jordilucas/ponto-inteligente-api/387977572/.m2/org/assertj/assertj-core/2.6.0/assertj-core-2.6.0.jar:/root/./workspace/jordilucas/ponto-inteligente-api/387977572/.m2/org/mockito/mockito-core/1.10.19/mockito-core-1.10.19.jar:/root/./workspace/jordilucas/ponto-inteligente-api/387977572/.m2/org/objenesis/objenesis/2.1/objenesis-2.1.jar:/root/./workspace/jordilucas/ponto-inteligente-api/387977572/.m2/org/hamcrest/hamcrest-core/1.3/hamcrest-core-1.3.jar:/root/./workspace/jordilucas/ponto-inteligente-api/387977572/.m2/org/hamcrest/hamcrest-library/1.3/hamcrest-library-1.3.jar:/root/./workspace/jordilucas/ponto-inteligente-api/387977572/.m2/org/skyscreamer/jsonassert/1.4.0/jsonassert-1.4.0.jar:/root/./workspace/jordilucas/ponto-inteligente-api/387977572/.m2/com/vaadin/external/google/android-json/0.0.20131108.vaadin1/android-json-0.0.20131108.vaadin1.jar:/root/./workspace/jordilucas/ponto-inteligente-api/387977572/.m2/org/springframework/spring-test/4.3.12.RELEASE/spring-test-4.3.12.RELEASE.jar:/root/./workspace/jordilucas/ponto-inteligente-api/387977572/.m2/org/springframework/boot/spring-boot-starter-data-jpa/1.5.8.RELEASE/spring-boot-starter-data-jpa-1.5.8.RELEASE.jar:/root/./workspace/jordilucas/ponto-inteligente-api/387977572/.m2/org/springframework/boot/spring-boot-starter-aop/1.5.8.RELEASE/spring-boot-starter-aop-1.5.8.RELEASE.jar:/root/./workspace/jordilucas/ponto-inteligente-api/387977572/.m2/org/aspectj/aspectjweaver/1.8.11/aspectjweaver-1.8.11.jar:/root/./workspace/jordilucas/ponto-inteligente-api/387977572/.m2/org/springframework/boot/spring-boot-starter-jdbc/1.5.8.RELEASE/spring-boot-starter-jdbc-1.5.8.RELEASE.jar:/root/./workspace/jordilucas/ponto-inteligente-api/387977572/.m2/org/apache/tomcat/tomcat-jdbc/8.5.23/tomcat-jdbc-8.5.23.jar:/root/./workspace/jordilucas/ponto-inteligente-api/387977572/.m2/org/apache/tomcat/tomcat-juli/8.5.23/tomcat-juli-8.5.23.jar:/root/./workspace/jordilucas/ponto-inteligente-api/387977572/.m2/org/springframework/spring-jdbc/4.3.12.RELEASE/spring-jdbc-4.3.12.RELEASE.jar:/root/./workspace/jordilucas/ponto-inteligente-api/387977572/.m2/org/hibernate/hibernate-core/5.0.12.Final/hibernate-core-5.0.12.Final.jar:/root/./workspace/jordilucas/ponto-inteligente-api/387977572/.m2/org/hibernate/javax/persistence/hibernate-jpa-2.1-api/1.0.0.Final/hibernate-jpa-2.1-api-1.0.0.Final.jar:/root/./workspace/jordilucas/ponto-inteligente-api/387977572/.m2/org/javassist/javassist/3.21.0-GA/javassist-3.21.0-GA.jar:/root/./workspace/jordilucas/ponto-inteligente-api/387977572/.m2/antlr/antlr/2.7.7/antlr-2.7.7.jar:/root/./workspace/jordilucas/ponto-inteligente-api/387977572/.m2/org/jboss/jandex/2.0.0.Final/jandex-2.0.0.Final.jar:/root/./workspace/jordilucas/ponto-inteligente-api/387977572/.m2/dom4j/dom4j/1.6.1/dom4j-1.6.1.jar:/root/./workspace/jordilucas/ponto-inteligente-api/387977572/.m2/org/hibernate/common/hibernate-commons-annotations/5.0.1.Final/hibernate-commons-annotations-5.0.1.Final.jar:/root/./workspace/jordilucas/ponto-inteligente-api/387977572/.m2/org/hibernate/hibernate-entitymanager/5.0.12.Final/hibernate-entitymanager-5.0.12.Final.jar:/root/./workspace/jordilucas/ponto-inteligente-api/387977572/.m2/javax/transaction/javax.transaction-api/1.2/javax.transaction-api-1.2.jar:/root/./workspace/jordilucas/ponto-inteligente-api/387977572/.m2/org/springframework/data/spring-data-jpa/1.11.8.RELEASE/spring-data-jpa-1.11.8.RELEASE.jar:/root/./workspace/jordilucas/ponto-inteligente-api/387977572/.m2/org/springframework/data/spring-data-commons/1.13.8.RELEASE/spring-data-commons-1.13.8.RELEASE.jar:/root/./workspace/jordilucas/ponto-inteligente-api/387977572/.m2/org/springframework/spring-orm/4.3.12.RELEASE/spring-orm-4.3.12.RELEASE.jar:/root/./workspace/jordilucas/ponto-inteligente-api/387977572/.m2/org/springframework/spring-tx/4.3.12.RELEASE/spring-tx-4.3.12.RELEASE.jar:/root/./workspace/jordilucas/ponto-inteligente-api/387977572/.m2/org/springframework/spring-beans/4.3.12.RELEASE/spring-beans-4.3.12.RELEASE.jar:/root/./workspace/jordilucas/ponto-inteligente-api/387977572/.m2/org/springframework/spring-aspects/4.3.12.RELEASE/spring-aspects-4.3.12.RELEASE.jar:/root/./workspace/jordilucas/ponto-inteligente-api/387977572/.m2/mysql/mysql-connector-java/5.1.44/mysql-connector-java-5.1.44.jar:/root/./workspace/jordilucas/ponto-inteligente-api/387977572/.m2/com/h2database/h2/1.4.196/h2-1.4.196.jar:/root/./workspace/jordilucas/ponto-inteligente-api/387977572/.m2/org/jboss/logging/jboss-logging/3.3.1.Final/jboss-logging-3.3.1.Final.jar:/root/./workspace/jordilucas/ponto-inteligente-api/387977572/.m2/org/springframework/boot/spring-boot-starter-security/1.5.8.RELEASE/spring-boot-starter-security-1.5.8.RELEASE.jar:/root/./workspace/jordilucas/ponto-inteligente-api/387977572/.m2/org/springframework/spring-aop/4.3.12.RELEASE/spring-aop-4.3.12.RELEASE.jar:/root/./workspace/jordilucas/ponto-inteligente-api/387977572/.m2/org/springframework/security/spring-security-config/4.2.3.RELEASE/spring-security-config-4.2.3.RELEASE.jar:/root/./workspace/jordilucas/ponto-inteligente-api/387977572/.m2/org/springframework/security/spring-security-web/4.2.3.RELEASE/spring-security-web-4.2.3.RELEASE.jar:/root/./workspace/jordilucas/ponto-inteligente-api/387977572/.m2/org/springframework/spring-expression/4.3.12.RELEASE/spring-expression-4.3.12.RELEASE.jar:/root/./workspace/jordilucas/ponto-inteligente-api/387977572/.m2/org/springframework/security/spring-security-test/4.2.3.RELEASE/spring-security-test-4.2.3.RELEASE.jar:/root/./workspace/jordilucas/ponto-inteligente-api/387977572/.m2/org/springframework/security/spring-security-core/4.2.3.RELEASE/spring-security-core-4.2.3.RELEASE.jar:/root/./workspace/jordilucas/ponto-inteligente-api/387977572/.m2/aopalliance/aopalliance/1.0/aopalliance-1.0.jar:/root/./workspace/jordilucas/ponto-inteligente-api/387977572/.m2/org/springframework/boot/spring-boot-starter-web/1.5.8.RELEASE/spring-boot-starter-web-1.5.8.RELEASE.jar:/root/./workspace/jordilucas/ponto-inteligente-api/387977572/.m2/org/springframework/boot/spring-boot-starter-tomcat/1.5.8.RELEASE/spring-boot-starter-tomcat-1.5.8.RELEASE.jar:/root/./workspace/jordilucas/ponto-inteligente-api/387977572/.m2/org/apache/tomcat/embed/tomcat-embed-core/8.5.23/tomcat-embed-core-8.5.23.jar:/root/./workspace/jordilucas/ponto-inteligente-api/387977572/.m2/org/apache/tomcat/tomcat-annotations-api/8.5.23/tomcat-annotations-api-8.5.23.jar:/root/./workspace/jordilucas/ponto-inteligente-api/387977572/.m2/org/apache/tomcat/embed/tomcat-embed-websocket/8.5.23/tomcat-embed-websocket-8.5.23.jar:/root/./workspace/jordilucas/ponto-inteligente-api/387977572/.m2/org/hibernate/hibernate-validator/5.3.5.Final/hibernate-validator-5.3.5.Final.jar:/root/./workspace/jordilucas/ponto-inteligente-api/387977572/.m2/javax/validation/validation-api/1.1.0.Final/validation-api-1.1.0.Final.jar:/root/./workspace/jordilucas/ponto-inteligente-api/387977572/.m2/com/fasterxml/classmate/1.3.4/classmate-1.3.4.jar:/root/./workspace/jordilucas/ponto-inteligente-api/387977572/.m2/com/fasterxml/jackson/core/jackson-databind/2.8.10/jackson-databind-2.8.10.jar:/root/./workspace/jordilucas/ponto-inteligente-api/387977572/.m2/com/fasterxml/jackson/core/jackson-annotations/2.8.0/jackson-annotations-2.8.0.jar:/root/./workspace/jordilucas/ponto-inteligente-api/387977572/.m2/org/springframework/spring-web/4.3.12.RELEASE/spring-web-4.3.12.RELEASE.jar:/root/./workspace/jordilucas/ponto-inteligente-api/387977572/.m2/org/springframework/spring-webmvc/4.3.12.RELEASE/spring-webmvc-4.3.12.RELEASE.jar:/root/./workspace/jordilucas/ponto-inteligente-api/387977572/.m2/org/springframework/boot/spring-boot-starter-validation/1.5.8.RELEASE/spring-boot-starter-validation-1.5.8.RELEASE.jar:/root/./workspace/jordilucas/ponto-inteligente-api/387977572/.m2/org/apache/tomcat/embed/tomcat-embed-el/8.5.23/tomcat-embed-el-8.5.23.jar:/root/./workspace/jordilucas/ponto-inteligente-api/387977572/.m2/com/fasterxml/jackson/datatype/jackson-datatype-jdk8/2.8.10/jackson-datatype-jdk8-2.8.10.jar:/root/./workspace/jordilucas/ponto-inteligente-api/387977572/.m2/com/fasterxml/jackson/core/jackson-core/2.8.10/jackson-core-2.8.10.jar:/root/./workspace/jordilucas/ponto-inteligente-api/387977572/.m2/org/apache/commons/commons-lang3/3.6/commons-lang3-3.6.jar:, user.name=root, skipITs=true, java.vm.specification.version=1.8, sun.java.command=/root/workspace/jordilucas/ponto-inteligente-api/387977572/target/surefire/surefirebooter8553089524739200174.jar /root/workspace/jordilucas/ponto-inteligente-api/387977572/target/surefire/surefire3173184054435444890tmp /root/workspace/jordilucas/ponto-inteligente-api/387977572/target/surefire/surefire_07527372107658914535tmp, java.home=/usr/lib/jvm/java-8-openjdk-amd64/jre, sun.arch.data.model=64, user.language=en, java.specification.vendor=Oracle Corporation, dependency-check.skip=true, awt.toolkit=sun.awt.X11.XToolkit, java.vm.info=mixed mode, java.version=1.8.0_121, java.ext.dirs=/usr/lib/jvm/java-8-openjdk-amd64/jre/lib/ext:/usr/java/packages/lib/ext, sun.boot.class.path=/usr/lib/jvm/java-8-openjdk-amd64/jre/lib/resources.jar:/usr/lib/jvm/java-8-openjdk-amd64/jre/lib/rt.jar:/usr/lib/jvm/java-8-openjdk-amd64/jre/lib/sunrsasign.jar:/usr/lib/jvm/java-8-openjdk-amd64/jre/lib/jsse.jar:/usr/lib/jvm/java-8-openjdk-amd64/jre/lib/jce.jar:/usr/lib/jvm/java-8-openjdk-amd64/jre/lib/charsets.jar:/usr/lib/jvm/java-8-openjdk-amd64/jre/lib/jfr.jar:/usr/lib/jvm/java-8-openjdk-amd64/jre/classes, rat.skip=true, enforcer.skip=true, java.vendor=Oracle Corporation, localRepository=/root/./workspace/jordilucas/ponto-inteligente-api/387977572/.m2, file.separator=/, java.vendor.url.bug=http://bugreport.sun.com/bugreport/, sun.io.unicode.encoding=UnicodeLittle, sun.cpu.endian=little, sun.cpu.isalist=}}, SystemEnvironmentPropertySource@103103526 {name='systemEnvironment', properties={PATH=/usr/local/sbin:/usr/local/bin:/usr/sbin:/usr/bin:/sbin:/bin, JAVA_HOME=/usr/lib/jvm/java-8-openjdk-amd64, NOTIFY_TO=, CA_CERTIFICATES_JAVA_VERSION=20161107~bpo8+1, MONGODB_HOST=, BUILD_ID=, LANG=C.UTF-8, MAVEN_HOME=/usr/share/maven, SMTP_SERVER=, MONGODB_NAME=, REPAIR_MODE=repair, PWD=/root/workspace/jordilucas/ponto-inteligente-api/387977572, JAVA_VERSION=8u121, GITHUB_OAUTH=, MAVEN_CMD_LINE_ARGS=/root/.m2 -B -D enforcer.skip=true -D dependency-check.skip=true -D skipITs=true -D cobertura.skip=true -D maven.repo.local=/root/./workspace/jordilucas/ponto-inteligente-api/387977572/.m2 -D rat.skip=true -D findbugs.skip=true -D skip.bower=true -D gpg.skip=true -D checkstyle.skip=true -D skip.gulp=true -D license.skip=true -D skip.npm=true test, _=/usr/bin/java, OUTPUT=, MAVEN_TERMINATE_CMD=on, MAVEN_CONFIG=/root/.m2, MAVEN_PROJECTBASEDIR=/root/workspace/jordilucas/ponto-inteligente-api/387977572, OLDPWD=/root/workspace/jordilucas/ponto-inteligente-api/387977572, LOG_FILENAME=repairnator-pipeline_2018-06-04_2231_387977572_5a77b685-d098-401d-b168-01e076b51223, RUN_ID=, HOSTNAME=cyclone1, JAVA_DEBIAN_VERSION=8u121-b13-1~bpo8+1, M2_HOME=/usr/share/maven, REPAIR_TOOLS=AssertFixer, HOME=/root, SHLVL=1, PUSH_URL=}}]
22:32:15.583 [main] DEBUG org.springframework.core.env.StandardEnvironment - Adding PropertySource 'test' with highest search precedence
22:32:15.585 [main] DEBUG org.springframework.core.env.MutablePropertySources - Adding PropertySource 'inline' with highest search precedence
22:32:15.592 [main] DEBUG org.springframework.test.context.support.TestPropertySourceUtils - Adding inlined properties to environment: {spring.jmx.enabled=false, org.springframework.boot.test.context.SpringBootTestContextBootstrapper=true, server.port=-1}
22:32:15.593 [main] DEBUG org.springframework.core.env.StandardEnvironment - Adding PropertySource 'Inlined Test Properties' with highest search precedence

  .   ____          _            __ _ _
 /\\ / ___'_ __ _ _(_)_ __  __ _ \ \ \ \
( ( )\___ | '_ | '_| | '_ \/ _` | \ \ \ \
 \\/  ___)| |_)| | | | | || (_| |  ) ) ) )
  '  |____| .__|_| |_|_| |_\__, | / / / /
 =========|_|==============|___/=/_/_/_/
 :: Spring Boot ::        (v1.5.8.RELEASE)

2018-06-04 22:32:16.101  INFO 159 --- [           main] b.c.j.p.a.s.FuncionarioServiceTest       : Starting FuncionarioServiceTest on cyclone1 with PID 159 (started by root in /root/workspace/jordilucas/ponto-inteligente-api/387977572)
2018-06-04 22:32:16.104  INFO 159 --- [           main] b.c.j.p.a.s.FuncionarioServiceTest       : The following profiles are active: test
2018-06-04 22:32:16.149  INFO 159 --- [           main] o.s.w.c.s.GenericWebApplicationContext   : Refreshing org.springframework.web.context.support.GenericWebApplicationContext@55cf0d14: startup date [Mon Jun 04 22:32:16 CEST 2018]; root of context hierarchy
2018-06-04 22:32:20.023  INFO 159 --- [           main] j.LocalContainerEntityManagerFactoryBean : Building JPA container EntityManagerFactory for persistence unit 'default'
2018-06-04 22:32:20.051  INFO 159 --- [           main] o.hibernate.jpa.internal.util.LogHelper  : HHH000204: Processing PersistenceUnitInfo [
	name: default
	...]
2018-06-04 22:32:20.179  INFO 159 --- [           main] org.hibernate.Version                    : HHH000412: Hibernate Core {5.0.12.Final}
2018-06-04 22:32:20.180  INFO 159 --- [           main] org.hibernate.cfg.Environment            : HHH000206: hibernate.properties not found
2018-06-04 22:32:20.183  INFO 159 --- [           main] org.hibernate.cfg.Environment            : HHH000021: Bytecode provider name : javassist
2018-06-04 22:32:20.274  INFO 159 --- [           main] o.hibernate.annotations.common.Version   : HCANN000001: Hibernate Commons Annotations {5.0.1.Final}
2018-06-04 22:32:20.463  INFO 159 --- [           main] org.hibernate.dialect.Dialect            : HHH000400: Using dialect: org.hibernate.dialect.MySQLDialect
2018-06-04 22:32:21.527  INFO 159 --- [           main] org.hibernate.tool.hbm2ddl.SchemaExport  : HHH000227: Running hbm2ddl schema export
Hibernate: 
    alter table funcionario 
        drop 
        foreign key FK4cm1kg523jlopyexjbmi6y54j
2018-06-04 22:32:21.539 ERROR 159 --- [           main] org.hibernate.tool.hbm2ddl.SchemaExport  : HHH000389: Unsuccessful: alter table funcionario drop foreign key FK4cm1kg523jlopyexjbmi6y54j
2018-06-04 22:32:21.539 ERROR 159 --- [           main] org.hibernate.tool.hbm2ddl.SchemaExport  : Table "FUNCIONARIO" not found; SQL statement:

    alter table funcionario 
        drop 
        foreign key FK4cm1kg523jlopyexjbmi6y54j [42102-196]
Hibernate: 
    alter table lancamento 
        drop 
        foreign key FK46i4k5vl8wah7feutye9kbpi4
2018-06-04 22:32:21.543 ERROR 159 --- [           main] org.hibernate.tool.hbm2ddl.SchemaExport  : HHH000389: Unsuccessful: alter table lancamento drop foreign key FK46i4k5vl8wah7feutye9kbpi4
2018-06-04 22:32:21.543 ERROR 159 --- [           main] org.hibernate.tool.hbm2ddl.SchemaExport  : Table "LANCAMENTO" not found; SQL statement:

    alter table lancamento 
        drop 
        foreign key FK46i4k5vl8wah7feutye9kbpi4 [42102-196]
Hibernate: 
    drop table if exists empresa
Hibernate: 
    drop table if exists funcionario
Hibernate: 
    drop table if exists lancamento
Hibernate: 
    create table empresa (
        id bigint not null auto_increment,
        cnpj varchar(255) not null,
        data_atualizacao datetime not null,
        data_criacao datetime not null,
        razao_social varchar(255) not null,
        primary key (id)
    )
Hibernate: 
    create table funcionario (
        id bigint not null auto_increment,
        cpf varchar(255) not null,
        data_atualizacao datetime not null,
        data_criacao datetime not null,
        email varchar(255) not null,
        nome varchar(255) not null,
        perfil varchar(255) not null,
        qtd_horas_almoco float,
        qtd_horas_trabalho_dia float,
        senha varchar(255) not null,
        valor_hora decimal(19,2),
        empresa_id bigint,
        primary key (id)
    )
Hibernate: 
    create table lancamento (
        id bigint not null auto_increment,
        data datetime not null,
        data_atualizacao datetime not null,
        data_criacao datetime not null,
        descricao varchar(255),
        localizacao varchar(255),
        tipo varchar(255) not null,
        funcionario_id bigint,
        primary key (id)
    )
Hibernate: 
    alter table funcionario 
        add constraint FK4cm1kg523jlopyexjbmi6y54j 
        foreign key (empresa_id) 
        references empresa (id)
Hibernate: 
    alter table lancamento 
        add constraint FK46i4k5vl8wah7feutye9kbpi4 
        foreign key (funcionario_id) 
        references funcionario (id)
2018-06-04 22:32:21.580  INFO 159 --- [           main] org.hibernate.tool.hbm2ddl.SchemaExport  : HHH000230: Schema export complete
2018-06-04 22:32:21.644  INFO 159 --- [           main] j.LocalContainerEntityManagerFactoryBean : Initialized JPA EntityManagerFactory for persistence unit 'default'
2018-06-04 22:32:22.127  WARN 159 --- [           main] o.s.w.c.s.GenericWebApplicationContext   : Exception encountered during context initialization - cancelling refresh attempt: org.springframework.beans.factory.BeanCreationException: Error creating bean with name 'lancamentoController': Injection of autowired dependencies failed; nested exception is java.lang.IllegalArgumentException: Could not resolve placeholder 'paginacao.qtd_por_pagina' in value "${paginacao.qtd_por_pagina}"
2018-06-04 22:32:22.129  INFO 159 --- [           main] j.LocalContainerEntityManagerFactoryBean : Closing JPA EntityManagerFactory for persistence unit 'default'
2018-06-04 22:32:22.147  INFO 159 --- [           main] utoConfigurationReportLoggingInitializer : 

Error starting ApplicationContext. To display the auto-configuration report re-run your application with 'debug' enabled.
2018-06-04 22:32:22.176 ERROR 159 --- [           main] o.s.boot.SpringApplication               : Application startup failed

org.springframework.beans.factory.BeanCreationException: Error creating bean with name 'lancamentoController': Injection of autowired dependencies failed; nested exception is java.lang.IllegalArgumentException: Could not resolve placeholder 'paginacao.qtd_por_pagina' in value "${paginacao.qtd_por_pagina}"
	at org.springframework.beans.factory.annotation.AutowiredAnnotationBeanPostProcessor.postProcessPropertyValues(AutowiredAnnotationBeanPostProcessor.java:372) ~[spring-beans-4.3.12.RELEASE.jar:4.3.12.RELEASE]
	at org.springframework.beans.factory.support.AbstractAutowireCapableBeanFactory.populateBean(AbstractAutowireCapableBeanFactory.java:1264) ~[spring-beans-4.3.12.RELEASE.jar:4.3.12.RELEASE]
	at org.springframework.beans.factory.support.AbstractAutowireCapableBeanFactory.doCreateBean(AbstractAutowireCapableBeanFactory.java:553) ~[spring-beans-4.3.12.RELEASE.jar:4.3.12.RELEASE]
	at org.springframework.beans.factory.support.AbstractAutowireCapableBeanFactory.createBean(AbstractAutowireCapableBeanFactory.java:483) ~[spring-beans-4.3.12.RELEASE.jar:4.3.12.RELEASE]
	at org.springframework.beans.factory.support.AbstractBeanFactory$1.getObject(AbstractBeanFactory.java:306) ~[spring-beans-4.3.12.RELEASE.jar:4.3.12.RELEASE]
	at org.springframework.beans.factory.support.DefaultSingletonBeanRegistry.getSingleton(DefaultSingletonBeanRegistry.java:230) ~[spring-beans-4.3.12.RELEASE.jar:4.3.12.RELEASE]
	at org.springframework.beans.factory.support.AbstractBeanFactory.doGetBean(AbstractBeanFactory.java:302) ~[spring-beans-4.3.12.RELEASE.jar:4.3.12.RELEASE]
	at org.springframework.beans.factory.support.AbstractBeanFactory.getBean(AbstractBeanFactory.java:197) ~[spring-beans-4.3.12.RELEASE.jar:4.3.12.RELEASE]
	at org.springframework.beans.factory.support.DefaultListableBeanFactory.preInstantiateSingletons(DefaultListableBeanFactory.java:761) ~[spring-beans-4.3.12.RELEASE.jar:4.3.12.RELEASE]
	at org.springframework.context.support.AbstractApplicationContext.finishBeanFactoryInitialization(AbstractApplicationContext.java:867) ~[spring-context-4.3.12.RELEASE.jar:4.3.12.RELEASE]
	at org.springframework.context.support.AbstractApplicationContext.refresh(AbstractApplicationContext.java:543) ~[spring-context-4.3.12.RELEASE.jar:4.3.12.RELEASE]
	at org.springframework.boot.SpringApplication.refresh(SpringApplication.java:693) ~[spring-boot-1.5.8.RELEASE.jar:1.5.8.RELEASE]
	at org.springframework.boot.SpringApplication.refreshContext(SpringApplication.java:360) ~[spring-boot-1.5.8.RELEASE.jar:1.5.8.RELEASE]
	at org.springframework.boot.SpringApplication.run(SpringApplication.java:303) ~[spring-boot-1.5.8.RELEASE.jar:1.5.8.RELEASE]
	at org.springframework.boot.test.context.SpringBootContextLoader.loadContext(SpringBootContextLoader.java:120) [spring-boot-test-1.5.8.RELEASE.jar:1.5.8.RELEASE]
	at org.springframework.test.context.cache.DefaultCacheAwareContextLoaderDelegate.loadContextInternal(DefaultCacheAwareContextLoaderDelegate.java:98) [spring-test-4.3.12.RELEASE.jar:4.3.12.RELEASE]
	at org.springframework.test.context.cache.DefaultCacheAwareContextLoaderDelegate.loadContext(DefaultCacheAwareContextLoaderDelegate.java:116) [spring-test-4.3.12.RELEASE.jar:4.3.12.RELEASE]
	at org.springframework.test.context.support.DefaultTestContext.getApplicationContext(DefaultTestContext.java:83) [spring-test-4.3.12.RELEASE.jar:4.3.12.RELEASE]
	at org.springframework.test.context.web.ServletTestExecutionListener.setUpRequestContextIfNecessary(ServletTestExecutionListener.java:189) [spring-test-4.3.12.RELEASE.jar:4.3.12.RELEASE]
	at org.springframework.test.context.web.ServletTestExecutionListener.prepareTestInstance(ServletTestExecutionListener.java:131) [spring-test-4.3.12.RELEASE.jar:4.3.12.RELEASE]
	at org.springframework.test.context.TestContextManager.prepareTestInstance(TestContextManager.java:230) [spring-test-4.3.12.RELEASE.jar:4.3.12.RELEASE]
	at org.springframework.test.context.junit4.SpringJUnit4ClassRunner.createTest(SpringJUnit4ClassRunner.java:228) [spring-test-4.3.12.RELEASE.jar:4.3.12.RELEASE]
	at org.springframework.test.context.junit4.SpringJUnit4ClassRunner$1.runReflectiveCall(SpringJUnit4ClassRunner.java:287) [spring-test-4.3.12.RELEASE.jar:4.3.12.RELEASE]
	at org.junit.internal.runners.model.ReflectiveCallable.run(ReflectiveCallable.java:12) [junit-4.12.jar:4.12]
	at org.springframework.test.context.junit4.SpringJUnit4ClassRunner.methodBlock(SpringJUnit4ClassRunner.java:289) [spring-test-4.3.12.RELEASE.jar:4.3.12.RELEASE]
	at org.springframework.test.context.junit4.SpringJUnit4ClassRunner.runChild(SpringJUnit4ClassRunner.java:247) [spring-test-4.3.12.RELEASE.jar:4.3.12.RELEASE]
	at org.springframework.test.context.junit4.SpringJUnit4ClassRunner.runChild(SpringJUnit4ClassRunner.java:94) [spring-test-4.3.12.RELEASE.jar:4.3.12.RELEASE]
	at org.junit.runners.ParentRunner$3.run(ParentRunner.java:290) [junit-4.12.jar:4.12]
	at org.junit.runners.ParentRunner$1.schedule(ParentRunner.java:71) [junit-4.12.jar:4.12]
	at org.junit.runners.ParentRunner.runChildren(ParentRunner.java:288) [junit-4.12.jar:4.12]
	at org.junit.runners.ParentRunner.access$000(ParentRunner.java:58) [junit-4.12.jar:4.12]
	at org.junit.runners.ParentRunner$2.evaluate(ParentRunner.java:268) [junit-4.12.jar:4.12]
	at org.springframework.test.context.junit4.statements.RunBeforeTestClassCallbacks.evaluate(RunBeforeTestClassCallbacks.java:61) [spring-test-4.3.12.RELEASE.jar:4.3.12.RELEASE]
	at org.springframework.test.context.junit4.statements.RunAfterTestClassCallbacks.evaluate(RunAfterTestClassCallbacks.java:70) [spring-test-4.3.12.RELEASE.jar:4.3.12.RELEASE]
	at org.junit.runners.ParentRunner.run(ParentRunner.java:363) [junit-4.12.jar:4.12]
	at org.springframework.test.context.junit4.SpringJUnit4ClassRunner.run(SpringJUnit4ClassRunner.java:191) [spring-test-4.3.12.RELEASE.jar:4.3.12.RELEASE]
	at org.apache.maven.surefire.junit4.JUnit4Provider.execute(JUnit4Provider.java:283) [surefire-junit4-2.18.1.jar:2.18.1]
	at org.apache.maven.surefire.junit4.JUnit4Provider.executeWithRerun(JUnit4Provider.java:173) [surefire-junit4-2.18.1.jar:2.18.1]
	at org.apache.maven.surefire.junit4.JUnit4Provider.executeTestSet(JUnit4Provider.java:153) [surefire-junit4-2.18.1.jar:2.18.1]
	at org.apache.maven.surefire.junit4.JUnit4Provider.invoke(JUnit4Provider.java:128) [surefire-junit4-2.18.1.jar:2.18.1]
	at org.apache.maven.surefire.booter.ForkedBooter.invokeProviderInSameClassLoader(ForkedBooter.java:203) [surefire-booter-2.18.1.jar:2.18.1]
	at org.apache.maven.surefire.booter.ForkedBooter.runSuitesInProcess(ForkedBooter.java:155) [surefire-booter-2.18.1.jar:2.18.1]
	at org.apache.maven.surefire.booter.ForkedBooter.main(ForkedBooter.java:103) [surefire-booter-2.18.1.jar:2.18.1]
Caused by: java.lang.IllegalArgumentException: Could not resolve placeholder 'paginacao.qtd_por_pagina' in value "${paginacao.qtd_por_pagina}"
	at org.springframework.util.PropertyPlaceholderHelper.parseStringValue(PropertyPlaceholderHelper.java:174) ~[spring-core-4.3.12.RELEASE.jar:4.3.12.RELEASE]
	at org.springframework.util.PropertyPlaceholderHelper.replacePlaceholders(PropertyPlaceholderHelper.java:126) ~[spring-core-4.3.12.RELEASE.jar:4.3.12.RELEASE]
	at org.springframework.core.env.AbstractPropertyResolver.doResolvePlaceholders(AbstractPropertyResolver.java:236) ~[spring-core-4.3.12.RELEASE.jar:4.3.12.RELEASE]
	at org.springframework.core.env.AbstractPropertyResolver.resolveRequiredPlaceholders(AbstractPropertyResolver.java:210) ~[spring-core-4.3.12.RELEASE.jar:4.3.12.RELEASE]
	at org.springframework.context.support.PropertySourcesPlaceholderConfigurer$2.resolveStringValue(PropertySourcesPlaceholderConfigurer.java:172) ~[spring-context-4.3.12.RELEASE.jar:4.3.12.RELEASE]
	at org.springframework.beans.factory.support.AbstractBeanFactory.resolveEmbeddedValue(AbstractBeanFactory.java:831) ~[spring-beans-4.3.12.RELEASE.jar:4.3.12.RELEASE]
	at org.springframework.beans.factory.support.DefaultListableBeanFactory.doResolveDependency(DefaultListableBeanFactory.java:1086) ~[spring-beans-4.3.12.RELEASE.jar:4.3.12.RELEASE]
	at org.springframework.beans.factory.support.DefaultListableBeanFactory.resolveDependency(DefaultListableBeanFactory.java:1066) ~[spring-beans-4.3.12.RELEASE.jar:4.3.12.RELEASE]
	at org.springframework.beans.factory.annotation.AutowiredAnnotationBeanPostProcessor$AutowiredFieldElement.inject(AutowiredAnnotationBeanPostProcessor.java:585) ~[spring-beans-4.3.12.RELEASE.jar:4.3.12.RELEASE]
	at org.springframework.beans.factory.annotation.InjectionMetadata.inject(InjectionMetadata.java:88) ~[spring-beans-4.3.12.RELEASE.jar:4.3.12.RELEASE]
	at org.springframework.beans.factory.annotation.AutowiredAnnotationBeanPostProcessor.postProcessPropertyValues(AutowiredAnnotationBeanPostProcessor.java:366) ~[spring-beans-4.3.12.RELEASE.jar:4.3.12.RELEASE]
	... 42 common frames omitted

2018-06-04 22:32:22.179 ERROR 159 --- [           main] o.s.test.context.TestContextManager      : Caught exception while allowing TestExecutionListener [org.springframework.test.context.web.ServletTestExecutionListener@55740540] to prepare test instance [br.com.jordilucas.pontointeligente.api.services.FuncionarioServiceTest@38732372]

java.lang.IllegalStateException: Failed to load ApplicationContext
	at org.springframework.test.context.cache.DefaultCacheAwareContextLoaderDelegate.loadContext(DefaultCacheAwareContextLoaderDelegate.java:124) ~[spring-test-4.3.12.RELEASE.jar:4.3.12.RELEASE]
	at org.springframework.test.context.support.DefaultTestContext.getApplicationContext(DefaultTestContext.java:83) ~[spring-test-4.3.12.RELEASE.jar:4.3.12.RELEASE]
	at org.springframework.test.context.web.ServletTestExecutionListener.setUpRequestContextIfNecessary(ServletTestExecutionListener.java:189) ~[spring-test-4.3.12.RELEASE.jar:4.3.12.RELEASE]
	at org.springframework.test.context.web.ServletTestExecutionListener.prepareTestInstance(ServletTestExecutionListener.java:131) ~[spring-test-4.3.12.RELEASE.jar:4.3.12.RELEASE]
	at org.springframework.test.context.TestContextManager.prepareTestInstance(TestContextManager.java:230) ~[spring-test-4.3.12.RELEASE.jar:4.3.12.RELEASE]
	at org.springframework.test.context.junit4.SpringJUnit4ClassRunner.createTest(SpringJUnit4ClassRunner.java:228) [spring-test-4.3.12.RELEASE.jar:4.3.12.RELEASE]
	at org.springframework.test.context.junit4.SpringJUnit4ClassRunner$1.runReflectiveCall(SpringJUnit4ClassRunner.java:287) [spring-test-4.3.12.RELEASE.jar:4.3.12.RELEASE]
	at org.junit.internal.runners.model.ReflectiveCallable.run(ReflectiveCallable.java:12) [junit-4.12.jar:4.12]
	at org.springframework.test.context.junit4.SpringJUnit4ClassRunner.methodBlock(SpringJUnit4ClassRunner.java:289) [spring-test-4.3.12.RELEASE.jar:4.3.12.RELEASE]
	at org.springframework.test.context.junit4.SpringJUnit4ClassRunner.runChild(SpringJUnit4ClassRunner.java:247) [spring-test-4.3.12.RELEASE.jar:4.3.12.RELEASE]
	at org.springframework.test.context.junit4.SpringJUnit4ClassRunner.runChild(SpringJUnit4ClassRunner.java:94) [spring-test-4.3.12.RELEASE.jar:4.3.12.RELEASE]
	at org.junit.runners.ParentRunner$3.run(ParentRunner.java:290) [junit-4.12.jar:4.12]
	at org.junit.runners.ParentRunner$1.schedule(ParentRunner.java:71) [junit-4.12.jar:4.12]
	at org.junit.runners.ParentRunner.runChildren(ParentRunner.java:288) [junit-4.12.jar:4.12]
	at org.junit.runners.ParentRunner.access$000(ParentRunner.java:58) [junit-4.12.jar:4.12]
	at org.junit.runners.ParentRunner$2.evaluate(ParentRunner.java:268) [junit-4.12.jar:4.12]
	at org.springframework.test.context.junit4.statements.RunBeforeTestClassCallbacks.evaluate(RunBeforeTestClassCallbacks.java:61) [spring-test-4.3.12.RELEASE.jar:4.3.12.RELEASE]
	at org.springframework.test.context.junit4.statements.RunAfterTestClassCallbacks.evaluate(RunAfterTestClassCallbacks.java:70) [spring-test-4.3.12.RELEASE.jar:4.3.12.RELEASE]
	at org.junit.runners.ParentRunner.run(ParentRunner.java:363) [junit-4.12.jar:4.12]
	at org.springframework.test.context.junit4.SpringJUnit4ClassRunner.run(SpringJUnit4ClassRunner.java:191) [spring-test-4.3.12.RELEASE.jar:4.3.12.RELEASE]
	at org.apache.maven.surefire.junit4.JUnit4Provider.execute(JUnit4Provider.java:283) [surefire-junit4-2.18.1.jar:2.18.1]
	at org.apache.maven.surefire.junit4.JUnit4Provider.executeWithRerun(JUnit4Provider.java:173) [surefire-junit4-2.18.1.jar:2.18.1]
	at org.apache.maven.surefire.junit4.JUnit4Provider.executeTestSet(JUnit4Provider.java:153) [surefire-junit4-2.18.1.jar:2.18.1]
	at org.apache.maven.surefire.junit4.JUnit4Provider.invoke(JUnit4Provider.java:128) [surefire-junit4-2.18.1.jar:2.18.1]
	at org.apache.maven.surefire.booter.ForkedBooter.invokeProviderInSameClassLoader(ForkedBooter.java:203) [surefire-booter-2.18.1.jar:2.18.1]
	at org.apache.maven.surefire.booter.ForkedBooter.runSuitesInProcess(ForkedBooter.java:155) [surefire-booter-2.18.1.jar:2.18.1]
	at org.apache.maven.surefire.booter.ForkedBooter.main(ForkedBooter.java:103) [surefire-booter-2.18.1.jar:2.18.1]
Caused by: org.springframework.beans.factory.BeanCreationException: Error creating bean with name 'lancamentoController': Injection of autowired dependencies failed; nested exception is java.lang.IllegalArgumentException: Could not resolve placeholder 'paginacao.qtd_por_pagina' in value "${paginacao.qtd_por_pagina}"
	at org.springframework.beans.factory.annotation.AutowiredAnnotationBeanPostProcessor.postProcessPropertyValues(AutowiredAnnotationBeanPostProcessor.java:372) ~[spring-beans-4.3.12.RELEASE.jar:4.3.12.RELEASE]
	at org.springframework.beans.factory.support.AbstractAutowireCapableBeanFactory.populateBean(AbstractAutowireCapableBeanFactory.java:1264) ~[spring-beans-4.3.12.RELEASE.jar:4.3.12.RELEASE]
	at org.springframework.beans.factory.support.AbstractAutowireCapableBeanFactory.doCreateBean(AbstractAutowireCapableBeanFactory.java:553) ~[spring-beans-4.3.12.RELEASE.jar:4.3.12.RELEASE]
	at org.springframework.beans.factory.support.AbstractAutowireCapableBeanFactory.createBean(AbstractAutowireCapableBeanFactory.java:483) ~[spring-beans-4.3.12.RELEASE.jar:4.3.12.RELEASE]
	at org.springframework.beans.factory.support.AbstractBeanFactory$1.getObject(AbstractBeanFactory.java:306) ~[spring-beans-4.3.12.RELEASE.jar:4.3.12.RELEASE]
	at org.springframework.beans.factory.support.DefaultSingletonBeanRegistry.getSingleton(DefaultSingletonBeanRegistry.java:230) ~[spring-beans-4.3.12.RELEASE.jar:4.3.12.RELEASE]
	at org.springframework.beans.factory.support.AbstractBeanFactory.doGetBean(AbstractBeanFactory.java:302) ~[spring-beans-4.3.12.RELEASE.jar:4.3.12.RELEASE]
	at org.springframework.beans.factory.support.AbstractBeanFactory.getBean(AbstractBeanFactory.java:197) ~[spring-beans-4.3.12.RELEASE.jar:4.3.12.RELEASE]
	at org.springframework.beans.factory.support.DefaultListableBeanFactory.preInstantiateSingletons(DefaultListableBeanFactory.java:761) ~[spring-beans-4.3.12.RELEASE.jar:4.3.12.RELEASE]
	at org.springframework.context.support.AbstractApplicationContext.finishBeanFactoryInitialization(AbstractApplicationContext.java:867) ~[spring-context-4.3.12.RELEASE.jar:4.3.12.RELEASE]
	at org.springframework.context.support.AbstractApplicationContext.refresh(AbstractApplicationContext.java:543) ~[spring-context-4.3.12.RELEASE.jar:4.3.12.RELEASE]
	at org.springframework.boot.SpringApplication.refresh(SpringApplication.java:693) ~[spring-boot-1.5.8.RELEASE.jar:1.5.8.RELEASE]
	at org.springframework.boot.SpringApplication.refreshContext(SpringApplication.java:360) ~[spring-boot-1.5.8.RELEASE.jar:1.5.8.RELEASE]
	at org.springframework.boot.SpringApplication.run(SpringApplication.java:303) ~[spring-boot-1.5.8.RELEASE.jar:1.5.8.RELEASE]
	at org.springframework.boot.test.context.SpringBootContextLoader.loadContext(SpringBootContextLoader.java:120) ~[spring-boot-test-1.5.8.RELEASE.jar:1.5.8.RELEASE]
	at org.springframework.test.context.cache.DefaultCacheAwareContextLoaderDelegate.loadContextInternal(DefaultCacheAwareContextLoaderDelegate.java:98) ~[spring-test-4.3.12.RELEASE.jar:4.3.12.RELEASE]
	at org.springframework.test.context.cache.DefaultCacheAwareContextLoaderDelegate.loadContext(DefaultCacheAwareContextLoaderDelegate.java:116) ~[spring-test-4.3.12.RELEASE.jar:4.3.12.RELEASE]
	... 26 common frames omitted
Caused by: java.lang.IllegalArgumentException: Could not resolve placeholder 'paginacao.qtd_por_pagina' in value "${paginacao.qtd_por_pagina}"
	at org.springframework.util.PropertyPlaceholderHelper.parseStringValue(PropertyPlaceholderHelper.java:174) ~[spring-core-4.3.12.RELEASE.jar:4.3.12.RELEASE]
	at org.springframework.util.PropertyPlaceholderHelper.replacePlaceholders(PropertyPlaceholderHelper.java:126) ~[spring-core-4.3.12.RELEASE.jar:4.3.12.RELEASE]
	at org.springframework.core.env.AbstractPropertyResolver.doResolvePlaceholders(AbstractPropertyResolver.java:236) ~[spring-core-4.3.12.RELEASE.jar:4.3.12.RELEASE]
	at org.springframework.core.env.AbstractPropertyResolver.resolveRequiredPlaceholders(AbstractPropertyResolver.java:210) ~[spring-core-4.3.12.RELEASE.jar:4.3.12.RELEASE]
	at org.springframework.context.support.PropertySourcesPlaceholderConfigurer$2.resolveStringValue(PropertySourcesPlaceholderConfigurer.java:172) ~[spring-context-4.3.12.RELEASE.jar:4.3.12.RELEASE]
	at org.springframework.beans.factory.support.AbstractBeanFactory.resolveEmbeddedValue(AbstractBeanFactory.java:831) ~[spring-beans-4.3.12.RELEASE.jar:4.3.12.RELEASE]
	at org.springframework.beans.factory.support.DefaultListableBeanFactory.doResolveDependency(DefaultListableBeanFactory.java:1086) ~[spring-beans-4.3.12.RELEASE.jar:4.3.12.RELEASE]
	at org.springframework.beans.factory.support.DefaultListableBeanFactory.resolveDependency(DefaultListableBeanFactory.java:1066) ~[spring-beans-4.3.12.RELEASE.jar:4.3.12.RELEASE]
	at org.springframework.beans.factory.annotation.AutowiredAnnotationBeanPostProcessor$AutowiredFieldElement.inject(AutowiredAnnotationBeanPostProcessor.java:585) ~[spring-beans-4.3.12.RELEASE.jar:4.3.12.RELEASE]
	at org.springframework.beans.factory.annotation.InjectionMetadata.inject(InjectionMetadata.java:88) ~[spring-beans-4.3.12.RELEASE.jar:4.3.12.RELEASE]
	at org.springframework.beans.factory.annotation.AutowiredAnnotationBeanPostProcessor.postProcessPropertyValues(AutowiredAnnotationBeanPostProcessor.java:366) ~[spring-beans-4.3.12.RELEASE.jar:4.3.12.RELEASE]
	... 42 common frames omitted

]]></system-out>
  </testcase>
  <testcase name="testPersistirFuncionario" classname="br.com.jordilucas.pontointeligente.api.services.FuncionarioServiceTest" time="0.003">
    <error message="Failed to load ApplicationContext" type="java.lang.IllegalStateException">java.lang.IllegalStateException: Failed to load ApplicationContext
	at org.springframework.test.context.cache.DefaultCacheAwareContextLoaderDelegate.loadContext(DefaultCacheAwareContextLoaderDelegate.java:124)
	at org.springframework.test.context.support.DefaultTestContext.getApplicationContext(DefaultTestContext.java:83)
	at org.springframework.test.context.web.ServletTestExecutionListener.setUpRequestContextIfNecessary(ServletTestExecutionListener.java:189)
	at org.springframework.test.context.web.ServletTestExecutionListener.prepareTestInstance(ServletTestExecutionListener.java:131)
	at org.springframework.test.context.TestContextManager.prepareTestInstance(TestContextManager.java:230)
	at org.springframework.test.context.junit4.SpringJUnit4ClassRunner.createTest(SpringJUnit4ClassRunner.java:228)
	at org.springframework.test.context.junit4.SpringJUnit4ClassRunner$1.runReflectiveCall(SpringJUnit4ClassRunner.java:287)
	at org.junit.internal.runners.model.ReflectiveCallable.run(ReflectiveCallable.java:12)
	at org.springframework.test.context.junit4.SpringJUnit4ClassRunner.methodBlock(SpringJUnit4ClassRunner.java:289)
	at org.springframework.test.context.junit4.SpringJUnit4ClassRunner.runChild(SpringJUnit4ClassRunner.java:247)
	at org.springframework.test.context.junit4.SpringJUnit4ClassRunner.runChild(SpringJUnit4ClassRunner.java:94)
	at org.junit.runners.ParentRunner$3.run(ParentRunner.java:290)
	at org.junit.runners.ParentRunner$1.schedule(ParentRunner.java:71)
	at org.junit.runners.ParentRunner.runChildren(ParentRunner.java:288)
	at org.junit.runners.ParentRunner.access$000(ParentRunner.java:58)
	at org.junit.runners.ParentRunner$2.evaluate(ParentRunner.java:268)
	at org.springframework.test.context.junit4.statements.RunBeforeTestClassCallbacks.evaluate(RunBeforeTestClassCallbacks.java:61)
	at org.springframework.test.context.junit4.statements.RunAfterTestClassCallbacks.evaluate(RunAfterTestClassCallbacks.java:70)
	at org.junit.runners.ParentRunner.run(ParentRunner.java:363)
	at org.springframework.test.context.junit4.SpringJUnit4ClassRunner.run(SpringJUnit4ClassRunner.java:191)
	at org.apache.maven.surefire.junit4.JUnit4Provider.execute(JUnit4Provider.java:283)
	at org.apache.maven.surefire.junit4.JUnit4Provider.executeWithRerun(JUnit4Provider.java:173)
	at org.apache.maven.surefire.junit4.JUnit4Provider.executeTestSet(JUnit4Provider.java:153)
	at org.apache.maven.surefire.junit4.JUnit4Provider.invoke(JUnit4Provider.java:128)
	at org.apache.maven.surefire.booter.ForkedBooter.invokeProviderInSameClassLoader(ForkedBooter.java:203)
	at org.apache.maven.surefire.booter.ForkedBooter.runSuitesInProcess(ForkedBooter.java:155)
	at org.apache.maven.surefire.booter.ForkedBooter.main(ForkedBooter.java:103)
Caused by: org.springframework.beans.factory.BeanCreationException: Error creating bean with name 'lancamentoController': Injection of autowired dependencies failed; nested exception is java.lang.IllegalArgumentException: Could not resolve placeholder 'paginacao.qtd_por_pagina' in value "${paginacao.qtd_por_pagina}"
	at org.springframework.beans.factory.annotation.AutowiredAnnotationBeanPostProcessor.postProcessPropertyValues(AutowiredAnnotationBeanPostProcessor.java:372)
	at org.springframework.beans.factory.support.AbstractAutowireCapableBeanFactory.populateBean(AbstractAutowireCapableBeanFactory.java:1264)
	at org.springframework.beans.factory.support.AbstractAutowireCapableBeanFactory.doCreateBean(AbstractAutowireCapableBeanFactory.java:553)
	at org.springframework.beans.factory.support.AbstractAutowireCapableBeanFactory.createBean(AbstractAutowireCapableBeanFactory.java:483)
	at org.springframework.beans.factory.support.AbstractBeanFactory$1.getObject(AbstractBeanFactory.java:306)
	at org.springframework.beans.factory.support.DefaultSingletonBeanRegistry.getSingleton(DefaultSingletonBeanRegistry.java:230)
	at org.springframework.beans.factory.support.AbstractBeanFactory.doGetBean(AbstractBeanFactory.java:302)
	at org.springframework.beans.factory.support.AbstractBeanFactory.getBean(AbstractBeanFactory.java:197)
	at org.springframework.beans.factory.support.DefaultListableBeanFactory.preInstantiateSingletons(DefaultListableBeanFactory.java:761)
	at org.springframework.context.support.AbstractApplicationContext.finishBeanFactoryInitialization(AbstractApplicationContext.java:867)
	at org.springframework.context.support.AbstractApplicationContext.refresh(AbstractApplicationContext.java:543)
	at org.springframework.boot.SpringApplication.refresh(SpringApplication.java:693)
	at org.springframework.boot.SpringApplication.refreshContext(SpringApplication.java:360)
	at org.springframework.boot.SpringApplication.run(SpringApplication.java:303)
	at org.springframework.boot.test.context.SpringBootContextLoader.loadContext(SpringBootContextLoader.java:120)
	at org.springframework.test.context.cache.DefaultCacheAwareContextLoaderDelegate.loadContextInternal(DefaultCacheAwareContextLoaderDelegate.java:98)
	at org.springframework.test.context.cache.DefaultCacheAwareContextLoaderDelegate.loadContext(DefaultCacheAwareContextLoaderDelegate.java:116)
	at org.springframework.test.context.support.DefaultTestContext.getApplicationContext(DefaultTestContext.java:83)
	at org.springframework.test.context.web.ServletTestExecutionListener.setUpRequestContextIfNecessary(ServletTestExecutionListener.java:189)
	at org.springframework.test.context.web.ServletTestExecutionListener.prepareTestInstance(ServletTestExecutionListener.java:131)
	at org.springframework.test.context.TestContextManager.prepareTestInstance(TestContextManager.java:230)
	at org.springframework.test.context.junit4.SpringJUnit4ClassRunner.createTest(SpringJUnit4ClassRunner.java:228)
	at org.springframework.test.context.junit4.SpringJUnit4ClassRunner$1.runReflectiveCall(SpringJUnit4ClassRunner.java:287)
	at org.junit.internal.runners.model.ReflectiveCallable.run(ReflectiveCallable.java:12)
	at org.springframework.test.context.junit4.SpringJUnit4ClassRunner.methodBlock(SpringJUnit4ClassRunner.java:289)
	at org.springframework.test.context.junit4.SpringJUnit4ClassRunner.runChild(SpringJUnit4ClassRunner.java:247)
	at org.springframework.test.context.junit4.SpringJUnit4ClassRunner.runChild(SpringJUnit4ClassRunner.java:94)
	at org.junit.runners.ParentRunner$3.run(ParentRunner.java:290)
	at org.junit.runners.ParentRunner$1.schedule(ParentRunner.java:71)
	at org.junit.runners.ParentRunner.runChildren(ParentRunner.java:288)
	at org.junit.runners.ParentRunner.access$000(ParentRunner.java:58)
	at org.junit.runners.ParentRunner$2.evaluate(ParentRunner.java:268)
	at org.springframework.test.context.junit4.statements.RunBeforeTestClassCallbacks.evaluate(RunBeforeTestClassCallbacks.java:61)
	at org.springframework.test.context.junit4.statements.RunAfterTestClassCallbacks.evaluate(RunAfterTestClassCallbacks.java:70)
	at org.junit.runners.ParentRunner.run(ParentRunner.java:363)
	at org.springframework.test.context.junit4.SpringJUnit4ClassRunner.run(SpringJUnit4ClassRunner.java:191)
	at org.apache.maven.surefire.junit4.JUnit4Provider.execute(JUnit4Provider.java:283)
	at org.apache.maven.surefire.junit4.JUnit4Provider.executeWithRerun(JUnit4Provider.java:173)
	at org.apache.maven.surefire.junit4.JUnit4Provider.executeTestSet(JUnit4Provider.java:153)
	at org.apache.maven.surefire.junit4.JUnit4Provider.invoke(JUnit4Provider.java:128)
	at org.apache.maven.surefire.booter.ForkedBooter.invokeProviderInSameClassLoader(ForkedBooter.java:203)
	at org.apache.maven.surefire.booter.ForkedBooter.runSuitesInProcess(ForkedBooter.java:155)
	at org.apache.maven.surefire.booter.ForkedBooter.main(ForkedBooter.java:103)
Caused by: java.lang.IllegalArgumentException: Could not resolve placeholder 'paginacao.qtd_por_pagina' in value "${paginacao.qtd_por_pagina}"
	at org.springframework.util.PropertyPlaceholderHelper.parseStringValue(PropertyPlaceholderHelper.java:174)
	at org.springframework.util.PropertyPlaceholderHelper.replacePlaceholders(PropertyPlaceholderHelper.java:126)
	at org.springframework.core.env.AbstractPropertyResolver.doResolvePlaceholders(AbstractPropertyResolver.java:236)
	at org.springframework.core.env.AbstractPropertyResolver.resolveRequiredPlaceholders(AbstractPropertyResolver.java:210)
	at org.springframework.context.support.PropertySourcesPlaceholderConfigurer$2.resolveStringValue(PropertySourcesPlaceholderConfigurer.java:172)
	at org.springframework.beans.factory.support.AbstractBeanFactory.resolveEmbeddedValue(AbstractBeanFactory.java:831)
	at org.springframework.beans.factory.support.DefaultListableBeanFactory.doResolveDependency(DefaultListableBeanFactory.java:1086)
	at org.springframework.beans.factory.support.DefaultListableBeanFactory.resolveDependency(DefaultListableBeanFactory.java:1066)
	at org.springframework.beans.factory.annotation.AutowiredAnnotationBeanPostProcessor$AutowiredFieldElement.inject(AutowiredAnnotationBeanPostProcessor.java:585)
	at org.springframework.beans.factory.annotation.InjectionMetadata.inject(InjectionMetadata.java:88)
	at org.springframework.beans.factory.annotation.AutowiredAnnotationBeanPostProcessor.postProcessPropertyValues(AutowiredAnnotationBeanPostProcessor.java:366)
	at org.springframework.beans.factory.support.AbstractAutowireCapableBeanFactory.populateBean(AbstractAutowireCapableBeanFactory.java:1264)
	at org.springframework.beans.factory.support.AbstractAutowireCapableBeanFactory.doCreateBean(AbstractAutowireCapableBeanFactory.java:553)
	at org.springframework.beans.factory.support.AbstractAutowireCapableBeanFactory.createBean(AbstractAutowireCapableBeanFactory.java:483)
	at org.springframework.beans.factory.support.AbstractBeanFactory$1.getObject(AbstractBeanFactory.java:306)
	at org.springframework.beans.factory.support.DefaultSingletonBeanRegistry.getSingleton(DefaultSingletonBeanRegistry.java:230)
	at org.springframework.beans.factory.support.AbstractBeanFactory.doGetBean(AbstractBeanFactory.java:302)
	at org.springframework.beans.factory.support.AbstractBeanFactory.getBean(AbstractBeanFactory.java:197)
	at org.springframework.beans.factory.support.DefaultListableBeanFactory.preInstantiateSingletons(DefaultListableBeanFactory.java:761)
	at org.springframework.context.support.AbstractApplicationContext.finishBeanFactoryInitialization(AbstractApplicationContext.java:867)
	at org.springframework.context.support.AbstractApplicationContext.refresh(AbstractApplicationContext.java:543)
	at org.springframework.boot.SpringApplication.refresh(SpringApplication.java:693)
	at org.springframework.boot.SpringApplication.refreshContext(SpringApplication.java:360)
	at org.springframework.boot.SpringApplication.run(SpringApplication.java:303)
	at org.springframework.boot.test.context.SpringBootContextLoader.loadContext(SpringBootContextLoader.java:120)
	at org.springframework.test.context.cache.DefaultCacheAwareContextLoaderDelegate.loadContextInternal(DefaultCacheAwareContextLoaderDelegate.java:98)
	at org.springframework.test.context.cache.DefaultCacheAwareContextLoaderDelegate.loadContext(DefaultCacheAwareContextLoaderDelegate.java:116)
	at org.springframework.test.context.support.DefaultTestContext.getApplicationContext(DefaultTestContext.java:83)
	at org.springframework.test.context.web.ServletTestExecutionListener.setUpRequestContextIfNecessary(ServletTestExecutionListener.java:189)
	at org.springframework.test.context.web.ServletTestExecutionListener.prepareTestInstance(ServletTestExecutionListener.java:131)
	at org.springframework.test.context.TestContextManager.prepareTestInstance(TestContextManager.java:230)
	at org.springframework.test.context.junit4.SpringJUnit4ClassRunner.createTest(SpringJUnit4ClassRunner.java:228)
	at org.springframework.test.context.junit4.SpringJUnit4ClassRunner$1.runReflectiveCall(SpringJUnit4ClassRunner.java:287)
	at org.junit.internal.runners.model.ReflectiveCallable.run(ReflectiveCallable.java:12)
	at org.springframework.test.context.junit4.SpringJUnit4ClassRunner.methodBlock(SpringJUnit4ClassRunner.java:289)
	at org.springframework.test.context.junit4.SpringJUnit4ClassRunner.runChild(SpringJUnit4ClassRunner.java:247)
	at org.springframework.test.context.junit4.SpringJUnit4ClassRunner.runChild(SpringJUnit4ClassRunner.java:94)
	at org.junit.runners.ParentRunner$3.run(ParentRunner.java:290)
	at org.junit.runners.ParentRunner$1.schedule(ParentRunner.java:71)
	at org.junit.runners.ParentRunner.runChildren(ParentRunner.java:288)
	at org.junit.runners.ParentRunner.access$000(ParentRunner.java:58)
	at org.junit.runners.ParentRunner$2.evaluate(ParentRunner.java:268)
	at org.springframework.test.context.junit4.statements.RunBeforeTestClassCallbacks.evaluate(RunBeforeTestClassCallbacks.java:61)
	at org.springframework.test.context.junit4.statements.RunAfterTestClassCallbacks.evaluate(RunAfterTestClassCallbacks.java:70)
	at org.junit.runners.ParentRunner.run(ParentRunner.java:363)
	at org.springframework.test.context.junit4.SpringJUnit4ClassRunner.run(SpringJUnit4ClassRunner.java:191)
	at org.apache.maven.surefire.junit4.JUnit4Provider.execute(JUnit4Provider.java:283)
	at org.apache.maven.surefire.junit4.JUnit4Provider.executeWithRerun(JUnit4Provider.java:173)
	at org.apache.maven.surefire.junit4.JUnit4Provider.executeTestSet(JUnit4Provider.java:153)
	at org.apache.maven.surefire.junit4.JUnit4Provider.invoke(JUnit4Provider.java:128)
	at org.apache.maven.surefire.booter.ForkedBooter.invokeProviderInSameClassLoader(ForkedBooter.java:203)
	at org.apache.maven.surefire.booter.ForkedBooter.runSuitesInProcess(ForkedBooter.java:155)
	at org.apache.maven.surefire.booter.ForkedBooter.main(ForkedBooter.java:103)
</error>
    <system-out><![CDATA[
  .   ____          _            __ _ _
 /\\ / ___'_ __ _ _(_)_ __  __ _ \ \ \ \
( ( )\___ | '_ | '_| | '_ \/ _` | \ \ \ \
 \\/  ___)| |_)| | | | | || (_| |  ) ) ) )
  '  |____| .__|_| |_|_| |_\__, | / / / /
 =========|_|==============|___/=/_/_/_/
 :: Spring Boot ::        (v1.5.8.RELEASE)

2018-06-04 22:32:22.291  INFO 159 --- [           main] b.c.j.p.a.s.FuncionarioServiceTest       : Starting FuncionarioServiceTest on cyclone1 with PID 159 (started by root in /root/workspace/jordilucas/ponto-inteligente-api/387977572)
2018-06-04 22:32:22.292  INFO 159 --- [           main] b.c.j.p.a.s.FuncionarioServiceTest       : The following profiles are active: test
2018-06-04 22:32:22.296  INFO 159 --- [           main] o.s.w.c.s.GenericWebApplicationContext   : Refreshing org.springframework.web.context.support.GenericWebApplicationContext@106cd9c8: startup date [Mon Jun 04 22:32:22 CEST 2018]; root of context hierarchy
2018-06-04 22:32:23.410  INFO 159 --- [           main] j.LocalContainerEntityManagerFactoryBean : Building JPA container EntityManagerFactory for persistence unit 'default'
2018-06-04 22:32:23.415  INFO 159 --- [           main] o.hibernate.jpa.internal.util.LogHelper  : HHH000204: Processing PersistenceUnitInfo [
	name: default
	...]
2018-06-04 22:32:23.444  INFO 159 --- [           main] org.hibernate.dialect.Dialect            : HHH000400: Using dialect: org.hibernate.dialect.MySQLDialect
2018-06-04 22:32:23.547  INFO 159 --- [           main] org.hibernate.tool.hbm2ddl.SchemaExport  : HHH000227: Running hbm2ddl schema export
Hibernate: 
    alter table funcionario 
        drop 
        foreign key FK4cm1kg523jlopyexjbmi6y54j
2018-06-04 22:32:23.549 ERROR 159 --- [           main] org.hibernate.tool.hbm2ddl.SchemaExport  : HHH000389: Unsuccessful: alter table funcionario drop foreign key FK4cm1kg523jlopyexjbmi6y54j
2018-06-04 22:32:23.550 ERROR 159 --- [           main] org.hibernate.tool.hbm2ddl.SchemaExport  : Table "FUNCIONARIO" not found; SQL statement:

    alter table funcionario 
        drop 
        foreign key FK4cm1kg523jlopyexjbmi6y54j [42102-196]
Hibernate: 
    alter table lancamento 
        drop 
        foreign key FK46i4k5vl8wah7feutye9kbpi4
2018-06-04 22:32:23.551 ERROR 159 --- [           main] org.hibernate.tool.hbm2ddl.SchemaExport  : HHH000389: Unsuccessful: alter table lancamento drop foreign key FK46i4k5vl8wah7feutye9kbpi4
2018-06-04 22:32:23.551 ERROR 159 --- [           main] org.hibernate.tool.hbm2ddl.SchemaExport  : Table "LANCAMENTO" not found; SQL statement:

    alter table lancamento 
        drop 
        foreign key FK46i4k5vl8wah7feutye9kbpi4 [42102-196]
Hibernate: 
    drop table if exists empresa
Hibernate: 
    drop table if exists funcionario
Hibernate: 
    drop table if exists lancamento
Hibernate: 
    create table empresa (
        id bigint not null auto_increment,
        cnpj varchar(255) not null,
        data_atualizacao datetime not null,
        data_criacao datetime not null,
        razao_social varchar(255) not null,
        primary key (id)
    )
Hibernate: 
    create table funcionario (
        id bigint not null auto_increment,
        cpf varchar(255) not null,
        data_atualizacao datetime not null,
        data_criacao datetime not null,
        email varchar(255) not null,
        nome varchar(255) not null,
        perfil varchar(255) not null,
        qtd_horas_almoco float,
        qtd_horas_trabalho_dia float,
        senha varchar(255) not null,
        valor_hora decimal(19,2),
        empresa_id bigint,
        primary key (id)
    )
Hibernate: 
    create table lancamento (
        id bigint not null auto_increment,
        data datetime not null,
        data_atualizacao datetime not null,
        data_criacao datetime not null,
        descricao varchar(255),
        localizacao varchar(255),
        tipo varchar(255) not null,
        funcionario_id bigint,
        primary key (id)
    )
Hibernate: 
    alter table funcionario 
        add constraint FK4cm1kg523jlopyexjbmi6y54j 
        foreign key (empresa_id) 
        references empresa (id)
Hibernate: 
    alter table lancamento 
        add constraint FK46i4k5vl8wah7feutye9kbpi4 
        foreign key (funcionario_id) 
        references funcionario (id)
2018-06-04 22:32:23.565  INFO 159 --- [           main] org.hibernate.tool.hbm2ddl.SchemaExport  : HHH000230: Schema export complete
2018-06-04 22:32:23.568  INFO 159 --- [           main] j.LocalContainerEntityManagerFactoryBean : Initialized JPA EntityManagerFactory for persistence unit 'default'
2018-06-04 22:32:23.673  WARN 159 --- [           main] o.s.w.c.s.GenericWebApplicationContext   : Exception encountered during context initialization - cancelling refresh attempt: org.springframework.beans.factory.BeanCreationException: Error creating bean with name 'lancamentoController': Injection of autowired dependencies failed; nested exception is java.lang.IllegalArgumentException: Could not resolve placeholder 'paginacao.qtd_por_pagina' in value "${paginacao.qtd_por_pagina}"
2018-06-04 22:32:23.674  INFO 159 --- [           main] j.LocalContainerEntityManagerFactoryBean : Closing JPA EntityManagerFactory for persistence unit 'default'
2018-06-04 22:32:23.681  INFO 159 --- [           main] utoConfigurationReportLoggingInitializer : 

Error starting ApplicationContext. To display the auto-configuration report re-run your application with 'debug' enabled.
2018-06-04 22:32:23.686 ERROR 159 --- [           main] o.s.boot.SpringApplication               : Application startup failed

org.springframework.beans.factory.BeanCreationException: Error creating bean with name 'lancamentoController': Injection of autowired dependencies failed; nested exception is java.lang.IllegalArgumentException: Could not resolve placeholder 'paginacao.qtd_por_pagina' in value "${paginacao.qtd_por_pagina}"
	at org.springframework.beans.factory.annotation.AutowiredAnnotationBeanPostProcessor.postProcessPropertyValues(AutowiredAnnotationBeanPostProcessor.java:372) ~[spring-beans-4.3.12.RELEASE.jar:4.3.12.RELEASE]
	at org.springframework.beans.factory.support.AbstractAutowireCapableBeanFactory.populateBean(AbstractAutowireCapableBeanFactory.java:1264) ~[spring-beans-4.3.12.RELEASE.jar:4.3.12.RELEASE]
	at org.springframework.beans.factory.support.AbstractAutowireCapableBeanFactory.doCreateBean(AbstractAutowireCapableBeanFactory.java:553) ~[spring-beans-4.3.12.RELEASE.jar:4.3.12.RELEASE]
	at org.springframework.beans.factory.support.AbstractAutowireCapableBeanFactory.createBean(AbstractAutowireCapableBeanFactory.java:483) ~[spring-beans-4.3.12.RELEASE.jar:4.3.12.RELEASE]
	at org.springframework.beans.factory.support.AbstractBeanFactory$1.getObject(AbstractBeanFactory.java:306) ~[spring-beans-4.3.12.RELEASE.jar:4.3.12.RELEASE]
	at org.springframework.beans.factory.support.DefaultSingletonBeanRegistry.getSingleton(DefaultSingletonBeanRegistry.java:230) ~[spring-beans-4.3.12.RELEASE.jar:4.3.12.RELEASE]
	at org.springframework.beans.factory.support.AbstractBeanFactory.doGetBean(AbstractBeanFactory.java:302) ~[spring-beans-4.3.12.RELEASE.jar:4.3.12.RELEASE]
	at org.springframework.beans.factory.support.AbstractBeanFactory.getBean(AbstractBeanFactory.java:197) ~[spring-beans-4.3.12.RELEASE.jar:4.3.12.RELEASE]
	at org.springframework.beans.factory.support.DefaultListableBeanFactory.preInstantiateSingletons(DefaultListableBeanFactory.java:761) ~[spring-beans-4.3.12.RELEASE.jar:4.3.12.RELEASE]
	at org.springframework.context.support.AbstractApplicationContext.finishBeanFactoryInitialization(AbstractApplicationContext.java:867) ~[spring-context-4.3.12.RELEASE.jar:4.3.12.RELEASE]
	at org.springframework.context.support.AbstractApplicationContext.refresh(AbstractApplicationContext.java:543) ~[spring-context-4.3.12.RELEASE.jar:4.3.12.RELEASE]
	at org.springframework.boot.SpringApplication.refresh(SpringApplication.java:693) ~[spring-boot-1.5.8.RELEASE.jar:1.5.8.RELEASE]
	at org.springframework.boot.SpringApplication.refreshContext(SpringApplication.java:360) ~[spring-boot-1.5.8.RELEASE.jar:1.5.8.RELEASE]
	at org.springframework.boot.SpringApplication.run(SpringApplication.java:303) ~[spring-boot-1.5.8.RELEASE.jar:1.5.8.RELEASE]
	at org.springframework.boot.test.context.SpringBootContextLoader.loadContext(SpringBootContextLoader.java:120) [spring-boot-test-1.5.8.RELEASE.jar:1.5.8.RELEASE]
	at org.springframework.test.context.cache.DefaultCacheAwareContextLoaderDelegate.loadContextInternal(DefaultCacheAwareContextLoaderDelegate.java:98) [spring-test-4.3.12.RELEASE.jar:4.3.12.RELEASE]
	at org.springframework.test.context.cache.DefaultCacheAwareContextLoaderDelegate.loadContext(DefaultCacheAwareContextLoaderDelegate.java:116) [spring-test-4.3.12.RELEASE.jar:4.3.12.RELEASE]
	at org.springframework.test.context.support.DefaultTestContext.getApplicationContext(DefaultTestContext.java:83) [spring-test-4.3.12.RELEASE.jar:4.3.12.RELEASE]
	at org.springframework.test.context.web.ServletTestExecutionListener.setUpRequestContextIfNecessary(ServletTestExecutionListener.java:189) [spring-test-4.3.12.RELEASE.jar:4.3.12.RELEASE]
	at org.springframework.test.context.web.ServletTestExecutionListener.prepareTestInstance(ServletTestExecutionListener.java:131) [spring-test-4.3.12.RELEASE.jar:4.3.12.RELEASE]
	at org.springframework.test.context.TestContextManager.prepareTestInstance(TestContextManager.java:230) [spring-test-4.3.12.RELEASE.jar:4.3.12.RELEASE]
	at org.springframework.test.context.junit4.SpringJUnit4ClassRunner.createTest(SpringJUnit4ClassRunner.java:228) [spring-test-4.3.12.RELEASE.jar:4.3.12.RELEASE]
	at org.springframework.test.context.junit4.SpringJUnit4ClassRunner$1.runReflectiveCall(SpringJUnit4ClassRunner.java:287) [spring-test-4.3.12.RELEASE.jar:4.3.12.RELEASE]
	at org.junit.internal.runners.model.ReflectiveCallable.run(ReflectiveCallable.java:12) [junit-4.12.jar:4.12]
	at org.springframework.test.context.junit4.SpringJUnit4ClassRunner.methodBlock(SpringJUnit4ClassRunner.java:289) [spring-test-4.3.12.RELEASE.jar:4.3.12.RELEASE]
	at org.springframework.test.context.junit4.SpringJUnit4ClassRunner.runChild(SpringJUnit4ClassRunner.java:247) [spring-test-4.3.12.RELEASE.jar:4.3.12.RELEASE]
	at org.springframework.test.context.junit4.SpringJUnit4ClassRunner.runChild(SpringJUnit4ClassRunner.java:94) [spring-test-4.3.12.RELEASE.jar:4.3.12.RELEASE]
	at org.junit.runners.ParentRunner$3.run(ParentRunner.java:290) [junit-4.12.jar:4.12]
	at org.junit.runners.ParentRunner$1.schedule(ParentRunner.java:71) [junit-4.12.jar:4.12]
	at org.junit.runners.ParentRunner.runChildren(ParentRunner.java:288) [junit-4.12.jar:4.12]
	at org.junit.runners.ParentRunner.access$000(ParentRunner.java:58) [junit-4.12.jar:4.12]
	at org.junit.runners.ParentRunner$2.evaluate(ParentRunner.java:268) [junit-4.12.jar:4.12]
	at org.springframework.test.context.junit4.statements.RunBeforeTestClassCallbacks.evaluate(RunBeforeTestClassCallbacks.java:61) [spring-test-4.3.12.RELEASE.jar:4.3.12.RELEASE]
	at org.springframework.test.context.junit4.statements.RunAfterTestClassCallbacks.evaluate(RunAfterTestClassCallbacks.java:70) [spring-test-4.3.12.RELEASE.jar:4.3.12.RELEASE]
	at org.junit.runners.ParentRunner.run(ParentRunner.java:363) [junit-4.12.jar:4.12]
	at org.springframework.test.context.junit4.SpringJUnit4ClassRunner.run(SpringJUnit4ClassRunner.java:191) [spring-test-4.3.12.RELEASE.jar:4.3.12.RELEASE]
	at org.apache.maven.surefire.junit4.JUnit4Provider.execute(JUnit4Provider.java:283) [surefire-junit4-2.18.1.jar:2.18.1]
	at org.apache.maven.surefire.junit4.JUnit4Provider.executeWithRerun(JUnit4Provider.java:173) [surefire-junit4-2.18.1.jar:2.18.1]
	at org.apache.maven.surefire.junit4.JUnit4Provider.executeTestSet(JUnit4Provider.java:153) [surefire-junit4-2.18.1.jar:2.18.1]
	at org.apache.maven.surefire.junit4.JUnit4Provider.invoke(JUnit4Provider.java:128) [surefire-junit4-2.18.1.jar:2.18.1]
	at org.apache.maven.surefire.booter.ForkedBooter.invokeProviderInSameClassLoader(ForkedBooter.java:203) [surefire-booter-2.18.1.jar:2.18.1]
	at org.apache.maven.surefire.booter.ForkedBooter.runSuitesInProcess(ForkedBooter.java:155) [surefire-booter-2.18.1.jar:2.18.1]
	at org.apache.maven.surefire.booter.ForkedBooter.main(ForkedBooter.java:103) [surefire-booter-2.18.1.jar:2.18.1]
Caused by: java.lang.IllegalArgumentException: Could not resolve placeholder 'paginacao.qtd_por_pagina' in value "${paginacao.qtd_por_pagina}"
	at org.springframework.util.PropertyPlaceholderHelper.parseStringValue(PropertyPlaceholderHelper.java:174) ~[spring-core-4.3.12.RELEASE.jar:4.3.12.RELEASE]
	at org.springframework.util.PropertyPlaceholderHelper.replacePlaceholders(PropertyPlaceholderHelper.java:126) ~[spring-core-4.3.12.RELEASE.jar:4.3.12.RELEASE]
	at org.springframework.core.env.AbstractPropertyResolver.doResolvePlaceholders(AbstractPropertyResolver.java:236) ~[spring-core-4.3.12.RELEASE.jar:4.3.12.RELEASE]
	at org.springframework.core.env.AbstractPropertyResolver.resolveRequiredPlaceholders(AbstractPropertyResolver.java:210) ~[spring-core-4.3.12.RELEASE.jar:4.3.12.RELEASE]
	at org.springframework.context.support.PropertySourcesPlaceholderConfigurer$2.resolveStringValue(PropertySourcesPlaceholderConfigurer.java:172) ~[spring-context-4.3.12.RELEASE.jar:4.3.12.RELEASE]
	at org.springframework.beans.factory.support.AbstractBeanFactory.resolveEmbeddedValue(AbstractBeanFactory.java:831) ~[spring-beans-4.3.12.RELEASE.jar:4.3.12.RELEASE]
	at org.springframework.beans.factory.support.DefaultListableBeanFactory.doResolveDependency(DefaultListableBeanFactory.java:1086) ~[spring-beans-4.3.12.RELEASE.jar:4.3.12.RELEASE]
	at org.springframework.beans.factory.support.DefaultListableBeanFactory.resolveDependency(DefaultListableBeanFactory.java:1066) ~[spring-beans-4.3.12.RELEASE.jar:4.3.12.RELEASE]
	at org.springframework.beans.factory.annotation.AutowiredAnnotationBeanPostProcessor$AutowiredFieldElement.inject(AutowiredAnnotationBeanPostProcessor.java:585) ~[spring-beans-4.3.12.RELEASE.jar:4.3.12.RELEASE]
	at org.springframework.beans.factory.annotation.InjectionMetadata.inject(InjectionMetadata.java:88) ~[spring-beans-4.3.12.RELEASE.jar:4.3.12.RELEASE]
	at org.springframework.beans.factory.annotation.AutowiredAnnotationBeanPostProcessor.postProcessPropertyValues(AutowiredAnnotationBeanPostProcessor.java:366) ~[spring-beans-4.3.12.RELEASE.jar:4.3.12.RELEASE]
	... 42 common frames omitted

2018-06-04 22:32:23.688 ERROR 159 --- [           main] o.s.test.context.TestContextManager      : Caught exception while allowing TestExecutionListener [org.springframework.test.context.web.ServletTestExecutionListener@55740540] to prepare test instance [br.com.jordilucas.pontointeligente.api.services.FuncionarioServiceTest@79c1ccf7]

java.lang.IllegalStateException: Failed to load ApplicationContext
	at org.springframework.test.context.cache.DefaultCacheAwareContextLoaderDelegate.loadContext(DefaultCacheAwareContextLoaderDelegate.java:124) ~[spring-test-4.3.12.RELEASE.jar:4.3.12.RELEASE]
	at org.springframework.test.context.support.DefaultTestContext.getApplicationContext(DefaultTestContext.java:83) ~[spring-test-4.3.12.RELEASE.jar:4.3.12.RELEASE]
	at org.springframework.test.context.web.ServletTestExecutionListener.setUpRequestContextIfNecessary(ServletTestExecutionListener.java:189) ~[spring-test-4.3.12.RELEASE.jar:4.3.12.RELEASE]
	at org.springframework.test.context.web.ServletTestExecutionListener.prepareTestInstance(ServletTestExecutionListener.java:131) ~[spring-test-4.3.12.RELEASE.jar:4.3.12.RELEASE]
	at org.springframework.test.context.TestContextManager.prepareTestInstance(TestContextManager.java:230) ~[spring-test-4.3.12.RELEASE.jar:4.3.12.RELEASE]
	at org.springframework.test.context.junit4.SpringJUnit4ClassRunner.createTest(SpringJUnit4ClassRunner.java:228) [spring-test-4.3.12.RELEASE.jar:4.3.12.RELEASE]
	at org.springframework.test.context.junit4.SpringJUnit4ClassRunner$1.runReflectiveCall(SpringJUnit4ClassRunner.java:287) [spring-test-4.3.12.RELEASE.jar:4.3.12.RELEASE]
	at org.junit.internal.runners.model.ReflectiveCallable.run(ReflectiveCallable.java:12) [junit-4.12.jar:4.12]
	at org.springframework.test.context.junit4.SpringJUnit4ClassRunner.methodBlock(SpringJUnit4ClassRunner.java:289) [spring-test-4.3.12.RELEASE.jar:4.3.12.RELEASE]
	at org.springframework.test.context.junit4.SpringJUnit4ClassRunner.runChild(SpringJUnit4ClassRunner.java:247) [spring-test-4.3.12.RELEASE.jar:4.3.12.RELEASE]
	at org.springframework.test.context.junit4.SpringJUnit4ClassRunner.runChild(SpringJUnit4ClassRunner.java:94) [spring-test-4.3.12.RELEASE.jar:4.3.12.RELEASE]
	at org.junit.runners.ParentRunner$3.run(ParentRunner.java:290) [junit-4.12.jar:4.12]
	at org.junit.runners.ParentRunner$1.schedule(ParentRunner.java:71) [junit-4.12.jar:4.12]
	at org.junit.runners.ParentRunner.runChildren(ParentRunner.java:288) [junit-4.12.jar:4.12]
	at org.junit.runners.ParentRunner.access$000(ParentRunner.java:58) [junit-4.12.jar:4.12]
	at org.junit.runners.ParentRunner$2.evaluate(ParentRunner.java:268) [junit-4.12.jar:4.12]
	at org.springframework.test.context.junit4.statements.RunBeforeTestClassCallbacks.evaluate(RunBeforeTestClassCallbacks.java:61) [spring-test-4.3.12.RELEASE.jar:4.3.12.RELEASE]
	at org.springframework.test.context.junit4.statements.RunAfterTestClassCallbacks.evaluate(RunAfterTestClassCallbacks.java:70) [spring-test-4.3.12.RELEASE.jar:4.3.12.RELEASE]
	at org.junit.runners.ParentRunner.run(ParentRunner.java:363) [junit-4.12.jar:4.12]
	at org.springframework.test.context.junit4.SpringJUnit4ClassRunner.run(SpringJUnit4ClassRunner.java:191) [spring-test-4.3.12.RELEASE.jar:4.3.12.RELEASE]
	at org.apache.maven.surefire.junit4.JUnit4Provider.execute(JUnit4Provider.java:283) [surefire-junit4-2.18.1.jar:2.18.1]
	at org.apache.maven.surefire.junit4.JUnit4Provider.executeWithRerun(JUnit4Provider.java:173) [surefire-junit4-2.18.1.jar:2.18.1]
	at org.apache.maven.surefire.junit4.JUnit4Provider.executeTestSet(JUnit4Provider.java:153) [surefire-junit4-2.18.1.jar:2.18.1]
	at org.apache.maven.surefire.junit4.JUnit4Provider.invoke(JUnit4Provider.java:128) [surefire-junit4-2.18.1.jar:2.18.1]
	at org.apache.maven.surefire.booter.ForkedBooter.invokeProviderInSameClassLoader(ForkedBooter.java:203) [surefire-booter-2.18.1.jar:2.18.1]
	at org.apache.maven.surefire.booter.ForkedBooter.runSuitesInProcess(ForkedBooter.java:155) [surefire-booter-2.18.1.jar:2.18.1]
	at org.apache.maven.surefire.booter.ForkedBooter.main(ForkedBooter.java:103) [surefire-booter-2.18.1.jar:2.18.1]
Caused by: org.springframework.beans.factory.BeanCreationException: Error creating bean with name 'lancamentoController': Injection of autowired dependencies failed; nested exception is java.lang.IllegalArgumentException: Could not resolve placeholder 'paginacao.qtd_por_pagina' in value "${paginacao.qtd_por_pagina}"
	at org.springframework.beans.factory.annotation.AutowiredAnnotationBeanPostProcessor.postProcessPropertyValues(AutowiredAnnotationBeanPostProcessor.java:372) ~[spring-beans-4.3.12.RELEASE.jar:4.3.12.RELEASE]
	at org.springframework.beans.factory.support.AbstractAutowireCapableBeanFactory.populateBean(AbstractAutowireCapableBeanFactory.java:1264) ~[spring-beans-4.3.12.RELEASE.jar:4.3.12.RELEASE]
	at org.springframework.beans.factory.support.AbstractAutowireCapableBeanFactory.doCreateBean(AbstractAutowireCapableBeanFactory.java:553) ~[spring-beans-4.3.12.RELEASE.jar:4.3.12.RELEASE]
	at org.springframework.beans.factory.support.AbstractAutowireCapableBeanFactory.createBean(AbstractAutowireCapableBeanFactory.java:483) ~[spring-beans-4.3.12.RELEASE.jar:4.3.12.RELEASE]
	at org.springframework.beans.factory.support.AbstractBeanFactory$1.getObject(AbstractBeanFactory.java:306) ~[spring-beans-4.3.12.RELEASE.jar:4.3.12.RELEASE]
	at org.springframework.beans.factory.support.DefaultSingletonBeanRegistry.getSingleton(DefaultSingletonBeanRegistry.java:230) ~[spring-beans-4.3.12.RELEASE.jar:4.3.12.RELEASE]
	at org.springframework.beans.factory.support.AbstractBeanFactory.doGetBean(AbstractBeanFactory.java:302) ~[spring-beans-4.3.12.RELEASE.jar:4.3.12.RELEASE]
	at org.springframework.beans.factory.support.AbstractBeanFactory.getBean(AbstractBeanFactory.java:197) ~[spring-beans-4.3.12.RELEASE.jar:4.3.12.RELEASE]
	at org.springframework.beans.factory.support.DefaultListableBeanFactory.preInstantiateSingletons(DefaultListableBeanFactory.java:761) ~[spring-beans-4.3.12.RELEASE.jar:4.3.12.RELEASE]
	at org.springframework.context.support.AbstractApplicationContext.finishBeanFactoryInitialization(AbstractApplicationContext.java:867) ~[spring-context-4.3.12.RELEASE.jar:4.3.12.RELEASE]
	at org.springframework.context.support.AbstractApplicationContext.refresh(AbstractApplicationContext.java:543) ~[spring-context-4.3.12.RELEASE.jar:4.3.12.RELEASE]
	at org.springframework.boot.SpringApplication.refresh(SpringApplication.java:693) ~[spring-boot-1.5.8.RELEASE.jar:1.5.8.RELEASE]
	at org.springframework.boot.SpringApplication.refreshContext(SpringApplication.java:360) ~[spring-boot-1.5.8.RELEASE.jar:1.5.8.RELEASE]
	at org.springframework.boot.SpringApplication.run(SpringApplication.java:303) ~[spring-boot-1.5.8.RELEASE.jar:1.5.8.RELEASE]
	at org.springframework.boot.test.context.SpringBootContextLoader.loadContext(SpringBootContextLoader.java:120) ~[spring-boot-test-1.5.8.RELEASE.jar:1.5.8.RELEASE]
	at org.springframework.test.context.cache.DefaultCacheAwareContextLoaderDelegate.loadContextInternal(DefaultCacheAwareContextLoaderDelegate.java:98) ~[spring-test-4.3.12.RELEASE.jar:4.3.12.RELEASE]
	at org.springframework.test.context.cache.DefaultCacheAwareContextLoaderDelegate.loadContext(DefaultCacheAwareContextLoaderDelegate.java:116) ~[spring-test-4.3.12.RELEASE.jar:4.3.12.RELEASE]
	... 26 common frames omitted
Caused by: java.lang.IllegalArgumentException: Could not resolve placeholder 'paginacao.qtd_por_pagina' in value "${paginacao.qtd_por_pagina}"
	at org.springframework.util.PropertyPlaceholderHelper.parseStringValue(PropertyPlaceholderHelper.java:174) ~[spring-core-4.3.12.RELEASE.jar:4.3.12.RELEASE]
	at org.springframework.util.PropertyPlaceholderHelper.replacePlaceholders(PropertyPlaceholderHelper.java:126) ~[spring-core-4.3.12.RELEASE.jar:4.3.12.RELEASE]
	at org.springframework.core.env.AbstractPropertyResolver.doResolvePlaceholders(AbstractPropertyResolver.java:236) ~[spring-core-4.3.12.RELEASE.jar:4.3.12.RELEASE]
	at org.springframework.core.env.AbstractPropertyResolver.resolveRequiredPlaceholders(AbstractPropertyResolver.java:210) ~[spring-core-4.3.12.RELEASE.jar:4.3.12.RELEASE]
	at org.springframework.context.support.PropertySourcesPlaceholderConfigurer$2.resolveStringValue(PropertySourcesPlaceholderConfigurer.java:172) ~[spring-context-4.3.12.RELEASE.jar:4.3.12.RELEASE]
	at org.springframework.beans.factory.support.AbstractBeanFactory.resolveEmbeddedValue(AbstractBeanFactory.java:831) ~[spring-beans-4.3.12.RELEASE.jar:4.3.12.RELEASE]
	at org.springframework.beans.factory.support.DefaultListableBeanFactory.doResolveDependency(DefaultListableBeanFactory.java:1086) ~[spring-beans-4.3.12.RELEASE.jar:4.3.12.RELEASE]
	at org.springframework.beans.factory.support.DefaultListableBeanFactory.resolveDependency(DefaultListableBeanFactory.java:1066) ~[spring-beans-4.3.12.RELEASE.jar:4.3.12.RELEASE]
	at org.springframework.beans.factory.annotation.AutowiredAnnotationBeanPostProcessor$AutowiredFieldElement.inject(AutowiredAnnotationBeanPostProcessor.java:585) ~[spring-beans-4.3.12.RELEASE.jar:4.3.12.RELEASE]
	at org.springframework.beans.factory.annotation.InjectionMetadata.inject(InjectionMetadata.java:88) ~[spring-beans-4.3.12.RELEASE.jar:4.3.12.RELEASE]
	at org.springframework.beans.factory.annotation.AutowiredAnnotationBeanPostProcessor.postProcessPropertyValues(AutowiredAnnotationBeanPostProcessor.java:366) ~[spring-beans-4.3.12.RELEASE.jar:4.3.12.RELEASE]
	... 42 common frames omitted

]]></system-out>
  </testcase>
  <testcase name="testBuscaFuncionarioPorCpf" classname="br.com.jordilucas.pontointeligente.api.services.FuncionarioServiceTest" time="0.012">
    <error message="Failed to load ApplicationContext" type="java.lang.IllegalStateException">java.lang.IllegalStateException: Failed to load ApplicationContext
	at org.springframework.test.context.cache.DefaultCacheAwareContextLoaderDelegate.loadContext(DefaultCacheAwareContextLoaderDelegate.java:124)
	at org.springframework.test.context.support.DefaultTestContext.getApplicationContext(DefaultTestContext.java:83)
	at org.springframework.test.context.web.ServletTestExecutionListener.setUpRequestContextIfNecessary(ServletTestExecutionListener.java:189)
	at org.springframework.test.context.web.ServletTestExecutionListener.prepareTestInstance(ServletTestExecutionListener.java:131)
	at org.springframework.test.context.TestContextManager.prepareTestInstance(TestContextManager.java:230)
	at org.springframework.test.context.junit4.SpringJUnit4ClassRunner.createTest(SpringJUnit4ClassRunner.java:228)
	at org.springframework.test.context.junit4.SpringJUnit4ClassRunner$1.runReflectiveCall(SpringJUnit4ClassRunner.java:287)
	at org.junit.internal.runners.model.ReflectiveCallable.run(ReflectiveCallable.java:12)
	at org.springframework.test.context.junit4.SpringJUnit4ClassRunner.methodBlock(SpringJUnit4ClassRunner.java:289)
	at org.springframework.test.context.junit4.SpringJUnit4ClassRunner.runChild(SpringJUnit4ClassRunner.java:247)
	at org.springframework.test.context.junit4.SpringJUnit4ClassRunner.runChild(SpringJUnit4ClassRunner.java:94)
	at org.junit.runners.ParentRunner$3.run(ParentRunner.java:290)
	at org.junit.runners.ParentRunner$1.schedule(ParentRunner.java:71)
	at org.junit.runners.ParentRunner.runChildren(ParentRunner.java:288)
	at org.junit.runners.ParentRunner.access$000(ParentRunner.java:58)
	at org.junit.runners.ParentRunner$2.evaluate(ParentRunner.java:268)
	at org.springframework.test.context.junit4.statements.RunBeforeTestClassCallbacks.evaluate(RunBeforeTestClassCallbacks.java:61)
	at org.springframework.test.context.junit4.statements.RunAfterTestClassCallbacks.evaluate(RunAfterTestClassCallbacks.java:70)
	at org.junit.runners.ParentRunner.run(ParentRunner.java:363)
	at org.springframework.test.context.junit4.SpringJUnit4ClassRunner.run(SpringJUnit4ClassRunner.java:191)
	at org.apache.maven.surefire.junit4.JUnit4Provider.execute(JUnit4Provider.java:283)
	at org.apache.maven.surefire.junit4.JUnit4Provider.executeWithRerun(JUnit4Provider.java:173)
	at org.apache.maven.surefire.junit4.JUnit4Provider.executeTestSet(JUnit4Provider.java:153)
	at org.apache.maven.surefire.junit4.JUnit4Provider.invoke(JUnit4Provider.java:128)
	at org.apache.maven.surefire.booter.ForkedBooter.invokeProviderInSameClassLoader(ForkedBooter.java:203)
	at org.apache.maven.surefire.booter.ForkedBooter.runSuitesInProcess(ForkedBooter.java:155)
	at org.apache.maven.surefire.booter.ForkedBooter.main(ForkedBooter.java:103)
Caused by: org.springframework.beans.factory.BeanCreationException: Error creating bean with name 'lancamentoController': Injection of autowired dependencies failed; nested exception is java.lang.IllegalArgumentException: Could not resolve placeholder 'paginacao.qtd_por_pagina' in value "${paginacao.qtd_por_pagina}"
	at org.springframework.beans.factory.annotation.AutowiredAnnotationBeanPostProcessor.postProcessPropertyValues(AutowiredAnnotationBeanPostProcessor.java:372)
	at org.springframework.beans.factory.support.AbstractAutowireCapableBeanFactory.populateBean(AbstractAutowireCapableBeanFactory.java:1264)
	at org.springframework.beans.factory.support.AbstractAutowireCapableBeanFactory.doCreateBean(AbstractAutowireCapableBeanFactory.java:553)
	at org.springframework.beans.factory.support.AbstractAutowireCapableBeanFactory.createBean(AbstractAutowireCapableBeanFactory.java:483)
	at org.springframework.beans.factory.support.AbstractBeanFactory$1.getObject(AbstractBeanFactory.java:306)
	at org.springframework.beans.factory.support.DefaultSingletonBeanRegistry.getSingleton(DefaultSingletonBeanRegistry.java:230)
	at org.springframework.beans.factory.support.AbstractBeanFactory.doGetBean(AbstractBeanFactory.java:302)
	at org.springframework.beans.factory.support.AbstractBeanFactory.getBean(AbstractBeanFactory.java:197)
	at org.springframework.beans.factory.support.DefaultListableBeanFactory.preInstantiateSingletons(DefaultListableBeanFactory.java:761)
	at org.springframework.context.support.AbstractApplicationContext.finishBeanFactoryInitialization(AbstractApplicationContext.java:867)
	at org.springframework.context.support.AbstractApplicationContext.refresh(AbstractApplicationContext.java:543)
	at org.springframework.boot.SpringApplication.refresh(SpringApplication.java:693)
	at org.springframework.boot.SpringApplication.refreshContext(SpringApplication.java:360)
	at org.springframework.boot.SpringApplication.run(SpringApplication.java:303)
	at org.springframework.boot.test.context.SpringBootContextLoader.loadContext(SpringBootContextLoader.java:120)
	at org.springframework.test.context.cache.DefaultCacheAwareContextLoaderDelegate.loadContextInternal(DefaultCacheAwareContextLoaderDelegate.java:98)
	at org.springframework.test.context.cache.DefaultCacheAwareContextLoaderDelegate.loadContext(DefaultCacheAwareContextLoaderDelegate.java:116)
	at org.springframework.test.context.support.DefaultTestContext.getApplicationContext(DefaultTestContext.java:83)
	at org.springframework.test.context.web.ServletTestExecutionListener.setUpRequestContextIfNecessary(ServletTestExecutionListener.java:189)
	at org.springframework.test.context.web.ServletTestExecutionListener.prepareTestInstance(ServletTestExecutionListener.java:131)
	at org.springframework.test.context.TestContextManager.prepareTestInstance(TestContextManager.java:230)
	at org.springframework.test.context.junit4.SpringJUnit4ClassRunner.createTest(SpringJUnit4ClassRunner.java:228)
	at org.springframework.test.context.junit4.SpringJUnit4ClassRunner$1.runReflectiveCall(SpringJUnit4ClassRunner.java:287)
	at org.junit.internal.runners.model.ReflectiveCallable.run(ReflectiveCallable.java:12)
	at org.springframework.test.context.junit4.SpringJUnit4ClassRunner.methodBlock(SpringJUnit4ClassRunner.java:289)
	at org.springframework.test.context.junit4.SpringJUnit4ClassRunner.runChild(SpringJUnit4ClassRunner.java:247)
	at org.springframework.test.context.junit4.SpringJUnit4ClassRunner.runChild(SpringJUnit4ClassRunner.java:94)
	at org.junit.runners.ParentRunner$3.run(ParentRunner.java:290)
	at org.junit.runners.ParentRunner$1.schedule(ParentRunner.java:71)
	at org.junit.runners.ParentRunner.runChildren(ParentRunner.java:288)
	at org.junit.runners.ParentRunner.access$000(ParentRunner.java:58)
	at org.junit.runners.ParentRunner$2.evaluate(ParentRunner.java:268)
	at org.springframework.test.context.junit4.statements.RunBeforeTestClassCallbacks.evaluate(RunBeforeTestClassCallbacks.java:61)
	at org.springframework.test.context.junit4.statements.RunAfterTestClassCallbacks.evaluate(RunAfterTestClassCallbacks.java:70)
	at org.junit.runners.ParentRunner.run(ParentRunner.java:363)
	at org.springframework.test.context.junit4.SpringJUnit4ClassRunner.run(SpringJUnit4ClassRunner.java:191)
	at org.apache.maven.surefire.junit4.JUnit4Provider.execute(JUnit4Provider.java:283)
	at org.apache.maven.surefire.junit4.JUnit4Provider.executeWithRerun(JUnit4Provider.java:173)
	at org.apache.maven.surefire.junit4.JUnit4Provider.executeTestSet(JUnit4Provider.java:153)
	at org.apache.maven.surefire.junit4.JUnit4Provider.invoke(JUnit4Provider.java:128)
	at org.apache.maven.surefire.booter.ForkedBooter.invokeProviderInSameClassLoader(ForkedBooter.java:203)
	at org.apache.maven.surefire.booter.ForkedBooter.runSuitesInProcess(ForkedBooter.java:155)
	at org.apache.maven.surefire.booter.ForkedBooter.main(ForkedBooter.java:103)
Caused by: java.lang.IllegalArgumentException: Could not resolve placeholder 'paginacao.qtd_por_pagina' in value "${paginacao.qtd_por_pagina}"
	at org.springframework.util.PropertyPlaceholderHelper.parseStringValue(PropertyPlaceholderHelper.java:174)
	at org.springframework.util.PropertyPlaceholderHelper.replacePlaceholders(PropertyPlaceholderHelper.java:126)
	at org.springframework.core.env.AbstractPropertyResolver.doResolvePlaceholders(AbstractPropertyResolver.java:236)
	at org.springframework.core.env.AbstractPropertyResolver.resolveRequiredPlaceholders(AbstractPropertyResolver.java:210)
	at org.springframework.context.support.PropertySourcesPlaceholderConfigurer$2.resolveStringValue(PropertySourcesPlaceholderConfigurer.java:172)
	at org.springframework.beans.factory.support.AbstractBeanFactory.resolveEmbeddedValue(AbstractBeanFactory.java:831)
	at org.springframework.beans.factory.support.DefaultListableBeanFactory.doResolveDependency(DefaultListableBeanFactory.java:1086)
	at org.springframework.beans.factory.support.DefaultListableBeanFactory.resolveDependency(DefaultListableBeanFactory.java:1066)
	at org.springframework.beans.factory.annotation.AutowiredAnnotationBeanPostProcessor$AutowiredFieldElement.inject(AutowiredAnnotationBeanPostProcessor.java:585)
	at org.springframework.beans.factory.annotation.InjectionMetadata.inject(InjectionMetadata.java:88)
	at org.springframework.beans.factory.annotation.AutowiredAnnotationBeanPostProcessor.postProcessPropertyValues(AutowiredAnnotationBeanPostProcessor.java:366)
	at org.springframework.beans.factory.support.AbstractAutowireCapableBeanFactory.populateBean(AbstractAutowireCapableBeanFactory.java:1264)
	at org.springframework.beans.factory.support.AbstractAutowireCapableBeanFactory.doCreateBean(AbstractAutowireCapableBeanFactory.java:553)
	at org.springframework.beans.factory.support.AbstractAutowireCapableBeanFactory.createBean(AbstractAutowireCapableBeanFactory.java:483)
	at org.springframework.beans.factory.support.AbstractBeanFactory$1.getObject(AbstractBeanFactory.java:306)
	at org.springframework.beans.factory.support.DefaultSingletonBeanRegistry.getSingleton(DefaultSingletonBeanRegistry.java:230)
	at org.springframework.beans.factory.support.AbstractBeanFactory.doGetBean(AbstractBeanFactory.java:302)
	at org.springframework.beans.factory.support.AbstractBeanFactory.getBean(AbstractBeanFactory.java:197)
	at org.springframework.beans.factory.support.DefaultListableBeanFactory.preInstantiateSingletons(DefaultListableBeanFactory.java:761)
	at org.springframework.context.support.AbstractApplicationContext.finishBeanFactoryInitialization(AbstractApplicationContext.java:867)
	at org.springframework.context.support.AbstractApplicationContext.refresh(AbstractApplicationContext.java:543)
	at org.springframework.boot.SpringApplication.refresh(SpringApplication.java:693)
	at org.springframework.boot.SpringApplication.refreshContext(SpringApplication.java:360)
	at org.springframework.boot.SpringApplication.run(SpringApplication.java:303)
	at org.springframework.boot.test.context.SpringBootContextLoader.loadContext(SpringBootContextLoader.java:120)
	at org.springframework.test.context.cache.DefaultCacheAwareContextLoaderDelegate.loadContextInternal(DefaultCacheAwareContextLoaderDelegate.java:98)
	at org.springframework.test.context.cache.DefaultCacheAwareContextLoaderDelegate.loadContext(DefaultCacheAwareContextLoaderDelegate.java:116)
	at org.springframework.test.context.support.DefaultTestContext.getApplicationContext(DefaultTestContext.java:83)
	at org.springframework.test.context.web.ServletTestExecutionListener.setUpRequestContextIfNecessary(ServletTestExecutionListener.java:189)
	at org.springframework.test.context.web.ServletTestExecutionListener.prepareTestInstance(ServletTestExecutionListener.java:131)
	at org.springframework.test.context.TestContextManager.prepareTestInstance(TestContextManager.java:230)
	at org.springframework.test.context.junit4.SpringJUnit4ClassRunner.createTest(SpringJUnit4ClassRunner.java:228)
	at org.springframework.test.context.junit4.SpringJUnit4ClassRunner$1.runReflectiveCall(SpringJUnit4ClassRunner.java:287)
	at org.junit.internal.runners.model.ReflectiveCallable.run(ReflectiveCallable.java:12)
	at org.springframework.test.context.junit4.SpringJUnit4ClassRunner.methodBlock(SpringJUnit4ClassRunner.java:289)
	at org.springframework.test.context.junit4.SpringJUnit4ClassRunner.runChild(SpringJUnit4ClassRunner.java:247)
	at org.springframework.test.context.junit4.SpringJUnit4ClassRunner.runChild(SpringJUnit4ClassRunner.java:94)
	at org.junit.runners.ParentRunner$3.run(ParentRunner.java:290)
	at org.junit.runners.ParentRunner$1.schedule(ParentRunner.java:71)
	at org.junit.runners.ParentRunner.runChildren(ParentRunner.java:288)
	at org.junit.runners.ParentRunner.access$000(ParentRunner.java:58)
	at org.junit.runners.ParentRunner$2.evaluate(ParentRunner.java:268)
	at org.springframework.test.context.junit4.statements.RunBeforeTestClassCallbacks.evaluate(RunBeforeTestClassCallbacks.java:61)
	at org.springframework.test.context.junit4.statements.RunAfterTestClassCallbacks.evaluate(RunAfterTestClassCallbacks.java:70)
	at org.junit.runners.ParentRunner.run(ParentRunner.java:363)
	at org.springframework.test.context.junit4.SpringJUnit4ClassRunner.run(SpringJUnit4ClassRunner.java:191)
	at org.apache.maven.surefire.junit4.JUnit4Provider.execute(JUnit4Provider.java:283)
	at org.apache.maven.surefire.junit4.JUnit4Provider.executeWithRerun(JUnit4Provider.java:173)
	at org.apache.maven.surefire.junit4.JUnit4Provider.executeTestSet(JUnit4Provider.java:153)
	at org.apache.maven.surefire.junit4.JUnit4Provider.invoke(JUnit4Provider.java:128)
	at org.apache.maven.surefire.booter.ForkedBooter.invokeProviderInSameClassLoader(ForkedBooter.java:203)
	at org.apache.maven.surefire.booter.ForkedBooter.runSuitesInProcess(ForkedBooter.java:155)
	at org.apache.maven.surefire.booter.ForkedBooter.main(ForkedBooter.java:103)
</error>
    <system-out><![CDATA[
  .   ____          _            __ _ _
 /\\ / ___'_ __ _ _(_)_ __  __ _ \ \ \ \
( ( )\___ | '_ | '_| | '_ \/ _` | \ \ \ \
 \\/  ___)| |_)| | | | | || (_| |  ) ) ) )
  '  |____| .__|_| |_|_| |_\__, | / / / /
 =========|_|==============|___/=/_/_/_/
 :: Spring Boot ::        (v1.5.8.RELEASE)

2018-06-04 22:32:23.754  INFO 159 --- [           main] b.c.j.p.a.s.FuncionarioServiceTest       : Starting FuncionarioServiceTest on cyclone1 with PID 159 (started by root in /root/workspace/jordilucas/ponto-inteligente-api/387977572)
2018-06-04 22:32:23.755  INFO 159 --- [           main] b.c.j.p.a.s.FuncionarioServiceTest       : The following profiles are active: test
2018-06-04 22:32:23.759  INFO 159 --- [           main] o.s.w.c.s.GenericWebApplicationContext   : Refreshing org.springframework.web.context.support.GenericWebApplicationContext@153c6603: startup date [Mon Jun 04 22:32:23 CEST 2018]; root of context hierarchy
2018-06-04 22:32:24.569  INFO 159 --- [           main] j.LocalContainerEntityManagerFactoryBean : Building JPA container EntityManagerFactory for persistence unit 'default'
2018-06-04 22:32:24.570  INFO 159 --- [           main] o.hibernate.jpa.internal.util.LogHelper  : HHH000204: Processing PersistenceUnitInfo [
	name: default
	...]
2018-06-04 22:32:24.580  INFO 159 --- [           main] org.hibernate.dialect.Dialect            : HHH000400: Using dialect: org.hibernate.dialect.MySQLDialect
2018-06-04 22:32:24.714  INFO 159 --- [           main] org.hibernate.tool.hbm2ddl.SchemaExport  : HHH000227: Running hbm2ddl schema export
Hibernate: 
    alter table funcionario 
        drop 
        foreign key FK4cm1kg523jlopyexjbmi6y54j
2018-06-04 22:32:24.719 ERROR 159 --- [           main] org.hibernate.tool.hbm2ddl.SchemaExport  : HHH000389: Unsuccessful: alter table funcionario drop foreign key FK4cm1kg523jlopyexjbmi6y54j
2018-06-04 22:32:24.720 ERROR 159 --- [           main] org.hibernate.tool.hbm2ddl.SchemaExport  : Table "FUNCIONARIO" not found; SQL statement:

    alter table funcionario 
        drop 
        foreign key FK4cm1kg523jlopyexjbmi6y54j [42102-196]
Hibernate: 
    alter table lancamento 
        drop 
        foreign key FK46i4k5vl8wah7feutye9kbpi4
2018-06-04 22:32:24.723 ERROR 159 --- [           main] org.hibernate.tool.hbm2ddl.SchemaExport  : HHH000389: Unsuccessful: alter table lancamento drop foreign key FK46i4k5vl8wah7feutye9kbpi4
2018-06-04 22:32:24.723 ERROR 159 --- [           main] org.hibernate.tool.hbm2ddl.SchemaExport  : Table "LANCAMENTO" not found; SQL statement:

    alter table lancamento 
        drop 
        foreign key FK46i4k5vl8wah7feutye9kbpi4 [42102-196]
Hibernate: 
    drop table if exists empresa
Hibernate: 
    drop table if exists funcionario
Hibernate: 
    drop table if exists lancamento
Hibernate: 
    create table empresa (
        id bigint not null auto_increment,
        cnpj varchar(255) not null,
        data_atualizacao datetime not null,
        data_criacao datetime not null,
        razao_social varchar(255) not null,
        primary key (id)
    )
Hibernate: 
    create table funcionario (
        id bigint not null auto_increment,
        cpf varchar(255) not null,
        data_atualizacao datetime not null,
        data_criacao datetime not null,
        email varchar(255) not null,
        nome varchar(255) not null,
        perfil varchar(255) not null,
        qtd_horas_almoco float,
        qtd_horas_trabalho_dia float,
        senha varchar(255) not null,
        valor_hora decimal(19,2),
        empresa_id bigint,
        primary key (id)
    )
Hibernate: 
    create table lancamento (
        id bigint not null auto_increment,
        data datetime not null,
        data_atualizacao datetime not null,
        data_criacao datetime not null,
        descricao varchar(255),
        localizacao varchar(255),
        tipo varchar(255) not null,
        funcionario_id bigint,
        primary key (id)
    )
Hibernate: 
    alter table funcionario 
        add constraint FK4cm1kg523jlopyexjbmi6y54j 
        foreign key (empresa_id) 
        references empresa (id)
Hibernate: 
    alter table lancamento 
        add constraint FK46i4k5vl8wah7feutye9kbpi4 
        foreign key (funcionario_id) 
        references funcionario (id)
2018-06-04 22:32:24.735  INFO 159 --- [           main] org.hibernate.tool.hbm2ddl.SchemaExport  : HHH000230: Schema export complete
2018-06-04 22:32:24.739  INFO 159 --- [           main] j.LocalContainerEntityManagerFactoryBean : Initialized JPA EntityManagerFactory for persistence unit 'default'
2018-06-04 22:32:24.883  WARN 159 --- [           main] o.s.w.c.s.GenericWebApplicationContext   : Exception encountered during context initialization - cancelling refresh attempt: org.springframework.beans.factory.BeanCreationException: Error creating bean with name 'lancamentoController': Injection of autowired dependencies failed; nested exception is java.lang.IllegalArgumentException: Could not resolve placeholder 'paginacao.qtd_por_pagina' in value "${paginacao.qtd_por_pagina}"
2018-06-04 22:32:24.884  INFO 159 --- [           main] j.LocalContainerEntityManagerFactoryBean : Closing JPA EntityManagerFactory for persistence unit 'default'
2018-06-04 22:32:24.899  INFO 159 --- [           main] utoConfigurationReportLoggingInitializer : 

Error starting ApplicationContext. To display the auto-configuration report re-run your application with 'debug' enabled.
2018-06-04 22:32:24.906 ERROR 159 --- [           main] o.s.boot.SpringApplication               : Application startup failed

org.springframework.beans.factory.BeanCreationException: Error creating bean with name 'lancamentoController': Injection of autowired dependencies failed; nested exception is java.lang.IllegalArgumentException: Could not resolve placeholder 'paginacao.qtd_por_pagina' in value "${paginacao.qtd_por_pagina}"
	at org.springframework.beans.factory.annotation.AutowiredAnnotationBeanPostProcessor.postProcessPropertyValues(AutowiredAnnotationBeanPostProcessor.java:372) ~[spring-beans-4.3.12.RELEASE.jar:4.3.12.RELEASE]
	at org.springframework.beans.factory.support.AbstractAutowireCapableBeanFactory.populateBean(AbstractAutowireCapableBeanFactory.java:1264) ~[spring-beans-4.3.12.RELEASE.jar:4.3.12.RELEASE]
	at org.springframework.beans.factory.support.AbstractAutowireCapableBeanFactory.doCreateBean(AbstractAutowireCapableBeanFactory.java:553) ~[spring-beans-4.3.12.RELEASE.jar:4.3.12.RELEASE]
	at org.springframework.beans.factory.support.AbstractAutowireCapableBeanFactory.createBean(AbstractAutowireCapableBeanFactory.java:483) ~[spring-beans-4.3.12.RELEASE.jar:4.3.12.RELEASE]
	at org.springframework.beans.factory.support.AbstractBeanFactory$1.getObject(AbstractBeanFactory.java:306) ~[spring-beans-4.3.12.RELEASE.jar:4.3.12.RELEASE]
	at org.springframework.beans.factory.support.DefaultSingletonBeanRegistry.getSingleton(DefaultSingletonBeanRegistry.java:230) ~[spring-beans-4.3.12.RELEASE.jar:4.3.12.RELEASE]
	at org.springframework.beans.factory.support.AbstractBeanFactory.doGetBean(AbstractBeanFactory.java:302) ~[spring-beans-4.3.12.RELEASE.jar:4.3.12.RELEASE]
	at org.springframework.beans.factory.support.AbstractBeanFactory.getBean(AbstractBeanFactory.java:197) ~[spring-beans-4.3.12.RELEASE.jar:4.3.12.RELEASE]
	at org.springframework.beans.factory.support.DefaultListableBeanFactory.preInstantiateSingletons(DefaultListableBeanFactory.java:761) ~[spring-beans-4.3.12.RELEASE.jar:4.3.12.RELEASE]
	at org.springframework.context.support.AbstractApplicationContext.finishBeanFactoryInitialization(AbstractApplicationContext.java:867) ~[spring-context-4.3.12.RELEASE.jar:4.3.12.RELEASE]
	at org.springframework.context.support.AbstractApplicationContext.refresh(AbstractApplicationContext.java:543) ~[spring-context-4.3.12.RELEASE.jar:4.3.12.RELEASE]
	at org.springframework.boot.SpringApplication.refresh(SpringApplication.java:693) ~[spring-boot-1.5.8.RELEASE.jar:1.5.8.RELEASE]
	at org.springframework.boot.SpringApplication.refreshContext(SpringApplication.java:360) ~[spring-boot-1.5.8.RELEASE.jar:1.5.8.RELEASE]
	at org.springframework.boot.SpringApplication.run(SpringApplication.java:303) ~[spring-boot-1.5.8.RELEASE.jar:1.5.8.RELEASE]
	at org.springframework.boot.test.context.SpringBootContextLoader.loadContext(SpringBootContextLoader.java:120) [spring-boot-test-1.5.8.RELEASE.jar:1.5.8.RELEASE]
	at org.springframework.test.context.cache.DefaultCacheAwareContextLoaderDelegate.loadContextInternal(DefaultCacheAwareContextLoaderDelegate.java:98) [spring-test-4.3.12.RELEASE.jar:4.3.12.RELEASE]
	at org.springframework.test.context.cache.DefaultCacheAwareContextLoaderDelegate.loadContext(DefaultCacheAwareContextLoaderDelegate.java:116) [spring-test-4.3.12.RELEASE.jar:4.3.12.RELEASE]
	at org.springframework.test.context.support.DefaultTestContext.getApplicationContext(DefaultTestContext.java:83) [spring-test-4.3.12.RELEASE.jar:4.3.12.RELEASE]
	at org.springframework.test.context.web.ServletTestExecutionListener.setUpRequestContextIfNecessary(ServletTestExecutionListener.java:189) [spring-test-4.3.12.RELEASE.jar:4.3.12.RELEASE]
	at org.springframework.test.context.web.ServletTestExecutionListener.prepareTestInstance(ServletTestExecutionListener.java:131) [spring-test-4.3.12.RELEASE.jar:4.3.12.RELEASE]
	at org.springframework.test.context.TestContextManager.prepareTestInstance(TestContextManager.java:230) [spring-test-4.3.12.RELEASE.jar:4.3.12.RELEASE]
	at org.springframework.test.context.junit4.SpringJUnit4ClassRunner.createTest(SpringJUnit4ClassRunner.java:228) [spring-test-4.3.12.RELEASE.jar:4.3.12.RELEASE]
	at org.springframework.test.context.junit4.SpringJUnit4ClassRunner$1.runReflectiveCall(SpringJUnit4ClassRunner.java:287) [spring-test-4.3.12.RELEASE.jar:4.3.12.RELEASE]
	at org.junit.internal.runners.model.ReflectiveCallable.run(ReflectiveCallable.java:12) [junit-4.12.jar:4.12]
	at org.springframework.test.context.junit4.SpringJUnit4ClassRunner.methodBlock(SpringJUnit4ClassRunner.java:289) [spring-test-4.3.12.RELEASE.jar:4.3.12.RELEASE]
	at org.springframework.test.context.junit4.SpringJUnit4ClassRunner.runChild(SpringJUnit4ClassRunner.java:247) [spring-test-4.3.12.RELEASE.jar:4.3.12.RELEASE]
	at org.springframework.test.context.junit4.SpringJUnit4ClassRunner.runChild(SpringJUnit4ClassRunner.java:94) [spring-test-4.3.12.RELEASE.jar:4.3.12.RELEASE]
	at org.junit.runners.ParentRunner$3.run(ParentRunner.java:290) [junit-4.12.jar:4.12]
	at org.junit.runners.ParentRunner$1.schedule(ParentRunner.java:71) [junit-4.12.jar:4.12]
	at org.junit.runners.ParentRunner.runChildren(ParentRunner.java:288) [junit-4.12.jar:4.12]
	at org.junit.runners.ParentRunner.access$000(ParentRunner.java:58) [junit-4.12.jar:4.12]
	at org.junit.runners.ParentRunner$2.evaluate(ParentRunner.java:268) [junit-4.12.jar:4.12]
	at org.springframework.test.context.junit4.statements.RunBeforeTestClassCallbacks.evaluate(RunBeforeTestClassCallbacks.java:61) [spring-test-4.3.12.RELEASE.jar:4.3.12.RELEASE]
	at org.springframework.test.context.junit4.statements.RunAfterTestClassCallbacks.evaluate(RunAfterTestClassCallbacks.java:70) [spring-test-4.3.12.RELEASE.jar:4.3.12.RELEASE]
	at org.junit.runners.ParentRunner.run(ParentRunner.java:363) [junit-4.12.jar:4.12]
	at org.springframework.test.context.junit4.SpringJUnit4ClassRunner.run(SpringJUnit4ClassRunner.java:191) [spring-test-4.3.12.RELEASE.jar:4.3.12.RELEASE]
	at org.apache.maven.surefire.junit4.JUnit4Provider.execute(JUnit4Provider.java:283) [surefire-junit4-2.18.1.jar:2.18.1]
	at org.apache.maven.surefire.junit4.JUnit4Provider.executeWithRerun(JUnit4Provider.java:173) [surefire-junit4-2.18.1.jar:2.18.1]
	at org.apache.maven.surefire.junit4.JUnit4Provider.executeTestSet(JUnit4Provider.java:153) [surefire-junit4-2.18.1.jar:2.18.1]
	at org.apache.maven.surefire.junit4.JUnit4Provider.invoke(JUnit4Provider.java:128) [surefire-junit4-2.18.1.jar:2.18.1]
	at org.apache.maven.surefire.booter.ForkedBooter.invokeProviderInSameClassLoader(ForkedBooter.java:203) [surefire-booter-2.18.1.jar:2.18.1]
	at org.apache.maven.surefire.booter.ForkedBooter.runSuitesInProcess(ForkedBooter.java:155) [surefire-booter-2.18.1.jar:2.18.1]
	at org.apache.maven.surefire.booter.ForkedBooter.main(ForkedBooter.java:103) [surefire-booter-2.18.1.jar:2.18.1]
Caused by: java.lang.IllegalArgumentException: Could not resolve placeholder 'paginacao.qtd_por_pagina' in value "${paginacao.qtd_por_pagina}"
	at org.springframework.util.PropertyPlaceholderHelper.parseStringValue(PropertyPlaceholderHelper.java:174) ~[spring-core-4.3.12.RELEASE.jar:4.3.12.RELEASE]
	at org.springframework.util.PropertyPlaceholderHelper.replacePlaceholders(PropertyPlaceholderHelper.java:126) ~[spring-core-4.3.12.RELEASE.jar:4.3.12.RELEASE]
	at org.springframework.core.env.AbstractPropertyResolver.doResolvePlaceholders(AbstractPropertyResolver.java:236) ~[spring-core-4.3.12.RELEASE.jar:4.3.12.RELEASE]
	at org.springframework.core.env.AbstractPropertyResolver.resolveRequiredPlaceholders(AbstractPropertyResolver.java:210) ~[spring-core-4.3.12.RELEASE.jar:4.3.12.RELEASE]
	at org.springframework.context.support.PropertySourcesPlaceholderConfigurer$2.resolveStringValue(PropertySourcesPlaceholderConfigurer.java:172) ~[spring-context-4.3.12.RELEASE.jar:4.3.12.RELEASE]
	at org.springframework.beans.factory.support.AbstractBeanFactory.resolveEmbeddedValue(AbstractBeanFactory.java:831) ~[spring-beans-4.3.12.RELEASE.jar:4.3.12.RELEASE]
	at org.springframework.beans.factory.support.DefaultListableBeanFactory.doResolveDependency(DefaultListableBeanFactory.java:1086) ~[spring-beans-4.3.12.RELEASE.jar:4.3.12.RELEASE]
	at org.springframework.beans.factory.support.DefaultListableBeanFactory.resolveDependency(DefaultListableBeanFactory.java:1066) ~[spring-beans-4.3.12.RELEASE.jar:4.3.12.RELEASE]
	at org.springframework.beans.factory.annotation.AutowiredAnnotationBeanPostProcessor$AutowiredFieldElement.inject(AutowiredAnnotationBeanPostProcessor.java:585) ~[spring-beans-4.3.12.RELEASE.jar:4.3.12.RELEASE]
	at org.springframework.beans.factory.annotation.InjectionMetadata.inject(InjectionMetadata.java:88) ~[spring-beans-4.3.12.RELEASE.jar:4.3.12.RELEASE]
	at org.springframework.beans.factory.annotation.AutowiredAnnotationBeanPostProcessor.postProcessPropertyValues(AutowiredAnnotationBeanPostProcessor.java:366) ~[spring-beans-4.3.12.RELEASE.jar:4.3.12.RELEASE]
	... 42 common frames omitted

2018-06-04 22:32:24.914 ERROR 159 --- [           main] o.s.test.context.TestContextManager      : Caught exception while allowing TestExecutionListener [org.springframework.test.context.web.ServletTestExecutionListener@55740540] to prepare test instance [br.com.jordilucas.pontointeligente.api.services.FuncionarioServiceTest@2336d3f]

java.lang.IllegalStateException: Failed to load ApplicationContext
	at org.springframework.test.context.cache.DefaultCacheAwareContextLoaderDelegate.loadContext(DefaultCacheAwareContextLoaderDelegate.java:124) ~[spring-test-4.3.12.RELEASE.jar:4.3.12.RELEASE]
	at org.springframework.test.context.support.DefaultTestContext.getApplicationContext(DefaultTestContext.java:83) ~[spring-test-4.3.12.RELEASE.jar:4.3.12.RELEASE]
	at org.springframework.test.context.web.ServletTestExecutionListener.setUpRequestContextIfNecessary(ServletTestExecutionListener.java:189) ~[spring-test-4.3.12.RELEASE.jar:4.3.12.RELEASE]
	at org.springframework.test.context.web.ServletTestExecutionListener.prepareTestInstance(ServletTestExecutionListener.java:131) ~[spring-test-4.3.12.RELEASE.jar:4.3.12.RELEASE]
	at org.springframework.test.context.TestContextManager.prepareTestInstance(TestContextManager.java:230) ~[spring-test-4.3.12.RELEASE.jar:4.3.12.RELEASE]
	at org.springframework.test.context.junit4.SpringJUnit4ClassRunner.createTest(SpringJUnit4ClassRunner.java:228) [spring-test-4.3.12.RELEASE.jar:4.3.12.RELEASE]
	at org.springframework.test.context.junit4.SpringJUnit4ClassRunner$1.runReflectiveCall(SpringJUnit4ClassRunner.java:287) [spring-test-4.3.12.RELEASE.jar:4.3.12.RELEASE]
	at org.junit.internal.runners.model.ReflectiveCallable.run(ReflectiveCallable.java:12) [junit-4.12.jar:4.12]
	at org.springframework.test.context.junit4.SpringJUnit4ClassRunner.methodBlock(SpringJUnit4ClassRunner.java:289) [spring-test-4.3.12.RELEASE.jar:4.3.12.RELEASE]
	at org.springframework.test.context.junit4.SpringJUnit4ClassRunner.runChild(SpringJUnit4ClassRunner.java:247) [spring-test-4.3.12.RELEASE.jar:4.3.12.RELEASE]
	at org.springframework.test.context.junit4.SpringJUnit4ClassRunner.runChild(SpringJUnit4ClassRunner.java:94) [spring-test-4.3.12.RELEASE.jar:4.3.12.RELEASE]
	at org.junit.runners.ParentRunner$3.run(ParentRunner.java:290) [junit-4.12.jar:4.12]
	at org.junit.runners.ParentRunner$1.schedule(ParentRunner.java:71) [junit-4.12.jar:4.12]
	at org.junit.runners.ParentRunner.runChildren(ParentRunner.java:288) [junit-4.12.jar:4.12]
	at org.junit.runners.ParentRunner.access$000(ParentRunner.java:58) [junit-4.12.jar:4.12]
	at org.junit.runners.ParentRunner$2.evaluate(ParentRunner.java:268) [junit-4.12.jar:4.12]
	at org.springframework.test.context.junit4.statements.RunBeforeTestClassCallbacks.evaluate(RunBeforeTestClassCallbacks.java:61) [spring-test-4.3.12.RELEASE.jar:4.3.12.RELEASE]
	at org.springframework.test.context.junit4.statements.RunAfterTestClassCallbacks.evaluate(RunAfterTestClassCallbacks.java:70) [spring-test-4.3.12.RELEASE.jar:4.3.12.RELEASE]
	at org.junit.runners.ParentRunner.run(ParentRunner.java:363) [junit-4.12.jar:4.12]
	at org.springframework.test.context.junit4.SpringJUnit4ClassRunner.run(SpringJUnit4ClassRunner.java:191) [spring-test-4.3.12.RELEASE.jar:4.3.12.RELEASE]
	at org.apache.maven.surefire.junit4.JUnit4Provider.execute(JUnit4Provider.java:283) [surefire-junit4-2.18.1.jar:2.18.1]
	at org.apache.maven.surefire.junit4.JUnit4Provider.executeWithRerun(JUnit4Provider.java:173) [surefire-junit4-2.18.1.jar:2.18.1]
	at org.apache.maven.surefire.junit4.JUnit4Provider.executeTestSet(JUnit4Provider.java:153) [surefire-junit4-2.18.1.jar:2.18.1]
	at org.apache.maven.surefire.junit4.JUnit4Provider.invoke(JUnit4Provider.java:128) [surefire-junit4-2.18.1.jar:2.18.1]
	at org.apache.maven.surefire.booter.ForkedBooter.invokeProviderInSameClassLoader(ForkedBooter.java:203) [surefire-booter-2.18.1.jar:2.18.1]
	at org.apache.maven.surefire.booter.ForkedBooter.runSuitesInProcess(ForkedBooter.java:155) [surefire-booter-2.18.1.jar:2.18.1]
	at org.apache.maven.surefire.booter.ForkedBooter.main(ForkedBooter.java:103) [surefire-booter-2.18.1.jar:2.18.1]
Caused by: org.springframework.beans.factory.BeanCreationException: Error creating bean with name 'lancamentoController': Injection of autowired dependencies failed; nested exception is java.lang.IllegalArgumentException: Could not resolve placeholder 'paginacao.qtd_por_pagina' in value "${paginacao.qtd_por_pagina}"
	at org.springframework.beans.factory.annotation.AutowiredAnnotationBeanPostProcessor.postProcessPropertyValues(AutowiredAnnotationBeanPostProcessor.java:372) ~[spring-beans-4.3.12.RELEASE.jar:4.3.12.RELEASE]
	at org.springframework.beans.factory.support.AbstractAutowireCapableBeanFactory.populateBean(AbstractAutowireCapableBeanFactory.java:1264) ~[spring-beans-4.3.12.RELEASE.jar:4.3.12.RELEASE]
	at org.springframework.beans.factory.support.AbstractAutowireCapableBeanFactory.doCreateBean(AbstractAutowireCapableBeanFactory.java:553) ~[spring-beans-4.3.12.RELEASE.jar:4.3.12.RELEASE]
	at org.springframework.beans.factory.support.AbstractAutowireCapableBeanFactory.createBean(AbstractAutowireCapableBeanFactory.java:483) ~[spring-beans-4.3.12.RELEASE.jar:4.3.12.RELEASE]
	at org.springframework.beans.factory.support.AbstractBeanFactory$1.getObject(AbstractBeanFactory.java:306) ~[spring-beans-4.3.12.RELEASE.jar:4.3.12.RELEASE]
	at org.springframework.beans.factory.support.DefaultSingletonBeanRegistry.getSingleton(DefaultSingletonBeanRegistry.java:230) ~[spring-beans-4.3.12.RELEASE.jar:4.3.12.RELEASE]
	at org.springframework.beans.factory.support.AbstractBeanFactory.doGetBean(AbstractBeanFactory.java:302) ~[spring-beans-4.3.12.RELEASE.jar:4.3.12.RELEASE]
	at org.springframework.beans.factory.support.AbstractBeanFactory.getBean(AbstractBeanFactory.java:197) ~[spring-beans-4.3.12.RELEASE.jar:4.3.12.RELEASE]
	at org.springframework.beans.factory.support.DefaultListableBeanFactory.preInstantiateSingletons(DefaultListableBeanFactory.java:761) ~[spring-beans-4.3.12.RELEASE.jar:4.3.12.RELEASE]
	at org.springframework.context.support.AbstractApplicationContext.finishBeanFactoryInitialization(AbstractApplicationContext.java:867) ~[spring-context-4.3.12.RELEASE.jar:4.3.12.RELEASE]
	at org.springframework.context.support.AbstractApplicationContext.refresh(AbstractApplicationContext.java:543) ~[spring-context-4.3.12.RELEASE.jar:4.3.12.RELEASE]
	at org.springframework.boot.SpringApplication.refresh(SpringApplication.java:693) ~[spring-boot-1.5.8.RELEASE.jar:1.5.8.RELEASE]
	at org.springframework.boot.SpringApplication.refreshContext(SpringApplication.java:360) ~[spring-boot-1.5.8.RELEASE.jar:1.5.8.RELEASE]
	at org.springframework.boot.SpringApplication.run(SpringApplication.java:303) ~[spring-boot-1.5.8.RELEASE.jar:1.5.8.RELEASE]
	at org.springframework.boot.test.context.SpringBootContextLoader.loadContext(SpringBootContextLoader.java:120) ~[spring-boot-test-1.5.8.RELEASE.jar:1.5.8.RELEASE]
	at org.springframework.test.context.cache.DefaultCacheAwareContextLoaderDelegate.loadContextInternal(DefaultCacheAwareContextLoaderDelegate.java:98) ~[spring-test-4.3.12.RELEASE.jar:4.3.12.RELEASE]
	at org.springframework.test.context.cache.DefaultCacheAwareContextLoaderDelegate.loadContext(DefaultCacheAwareContextLoaderDelegate.java:116) ~[spring-test-4.3.12.RELEASE.jar:4.3.12.RELEASE]
	... 26 common frames omitted
Caused by: java.lang.IllegalArgumentException: Could not resolve placeholder 'paginacao.qtd_por_pagina' in value "${paginacao.qtd_por_pagina}"
	at org.springframework.util.PropertyPlaceholderHelper.parseStringValue(PropertyPlaceholderHelper.java:174) ~[spring-core-4.3.12.RELEASE.jar:4.3.12.RELEASE]
	at org.springframework.util.PropertyPlaceholderHelper.replacePlaceholders(PropertyPlaceholderHelper.java:126) ~[spring-core-4.3.12.RELEASE.jar:4.3.12.RELEASE]
	at org.springframework.core.env.AbstractPropertyResolver.doResolvePlaceholders(AbstractPropertyResolver.java:236) ~[spring-core-4.3.12.RELEASE.jar:4.3.12.RELEASE]
	at org.springframework.core.env.AbstractPropertyResolver.resolveRequiredPlaceholders(AbstractPropertyResolver.java:210) ~[spring-core-4.3.12.RELEASE.jar:4.3.12.RELEASE]
	at org.springframework.context.support.PropertySourcesPlaceholderConfigurer$2.resolveStringValue(PropertySourcesPlaceholderConfigurer.java:172) ~[spring-context-4.3.12.RELEASE.jar:4.3.12.RELEASE]
	at org.springframework.beans.factory.support.AbstractBeanFactory.resolveEmbeddedValue(AbstractBeanFactory.java:831) ~[spring-beans-4.3.12.RELEASE.jar:4.3.12.RELEASE]
	at org.springframework.beans.factory.support.DefaultListableBeanFactory.doResolveDependency(DefaultListableBeanFactory.java:1086) ~[spring-beans-4.3.12.RELEASE.jar:4.3.12.RELEASE]
	at org.springframework.beans.factory.support.DefaultListableBeanFactory.resolveDependency(DefaultListableBeanFactory.java:1066) ~[spring-beans-4.3.12.RELEASE.jar:4.3.12.RELEASE]
	at org.springframework.beans.factory.annotation.AutowiredAnnotationBeanPostProcessor$AutowiredFieldElement.inject(AutowiredAnnotationBeanPostProcessor.java:585) ~[spring-beans-4.3.12.RELEASE.jar:4.3.12.RELEASE]
	at org.springframework.beans.factory.annotation.InjectionMetadata.inject(InjectionMetadata.java:88) ~[spring-beans-4.3.12.RELEASE.jar:4.3.12.RELEASE]
	at org.springframework.beans.factory.annotation.AutowiredAnnotationBeanPostProcessor.postProcessPropertyValues(AutowiredAnnotationBeanPostProcessor.java:366) ~[spring-beans-4.3.12.RELEASE.jar:4.3.12.RELEASE]
	... 42 common frames omitted

]]></system-out>
  </testcase>
</testsuite>