<?xml version="1.0" encoding="UTF-8"?>
<testsuite xmlns:xsi="http://www.w3.org/2001/XMLSchema-instance" xsi:schemaLocation="https://maven.apache.org/surefire/maven-surefire-plugin/xsd/surefire-test-report.xsd" name="redis.clients.jedis.tests.JedisSentinelPoolTest" time="0.026" tests="7" errors="5" skipped="0" failures="0">
  <properties>
    <property name="java.runtime.name" value="OpenJDK Runtime Environment"/>
    <property name="sun.boot.library.path" value="/usr/lib/jvm/java-8-openjdk-amd64/jre/lib/amd64"/>
    <property name="java.vm.version" value="25.121-b13"/>
    <property name="java.vm.vendor" value="Oracle Corporation"/>
    <property name="maven.multiModuleProjectDirectory" value="/root/workspace/xetorthio/jedis/387367715"/>
    <property name="java.vendor.url" value="http://java.oracle.com/"/>
    <property name="path.separator" value=":"/>
    <property name="guice.disable.misplaced.annotation.check" value="true"/>
    <property name="skip.gulp" value="true"/>
    <property name="java.vm.name" value="OpenJDK 64-Bit Server VM"/>
    <property name="file.encoding.pkg" value="sun.io"/>
    <property name="sun.java.launcher" value="SUN_STANDARD"/>
    <property name="sun.os.patch.level" value="unknown"/>
    <property name="findbugs.skip" value="true"/>
    <property name="java.vm.specification.name" value="Java Virtual Machine Specification"/>
    <property name="user.dir" value="/root/workspace/xetorthio/jedis/387367715"/>
    <property name="checkstyle.skip" value="true"/>
    <property name="java.runtime.version" value="1.8.0_121-8u121-b13-1~bpo8+1-b13"/>
    <property name="java.awt.graphicsenv" value="sun.awt.X11GraphicsEnvironment"/>
    <property name="skip.npm" value="true"/>
    <property name="java.endorsed.dirs" value="/usr/lib/jvm/java-8-openjdk-amd64/jre/lib/endorsed"/>
    <property name="os.arch" value="amd64"/>
    <property name="java.io.tmpdir" value="/tmp"/>
    <property name="gpg.skip" value="true"/>
    <property name="line.separator" value="&#10;"/>
    <property name="java.vm.specification.vendor" value="Oracle Corporation"/>
    <property name="cobertura.skip" value="true"/>
    <property name="os.name" value="Linux"/>
    <property name="classworlds.conf" value="/usr/share/maven/bin/m2.conf"/>
    <property name="sun.jnu.encoding" value="UTF-8"/>
    <property name="java.library.path" value="/usr/java/packages/lib/amd64:/usr/lib/x86_64-linux-gnu/jni:/lib/x86_64-linux-gnu:/usr/lib/x86_64-linux-gnu:/usr/lib/jni:/lib:/usr/lib"/>
    <property name="license.skip" value="true"/>
    <property name="java.specification.name" value="Java Platform API Specification"/>
    <property name="java.class.version" value="52.0"/>
    <property name="sun.management.compiler" value="HotSpot 64-Bit Tiered Compilers"/>
    <property name="skip.bower" value="true"/>
    <property name="maven.repo.local" value="/root/./workspace/xetorthio/jedis/387367715/.m2"/>
    <property name="os.version" value="3.10.0-862.3.2.el7.x86_64"/>
    <property name="user.home" value="/root"/>
    <property name="user.timezone" value="Europe/Paris"/>
    <property name="java.awt.printerjob" value="sun.print.PSPrinterJob"/>
    <property name="java.specification.version" value="1.8"/>
    <property name="file.encoding" value="UTF-8"/>
    <property name="user.name" value="root"/>
    <property name="java.class.path" value="/usr/share/maven/boot/plexus-classworlds-2.5.2.jar"/>
    <property name="skipITs" value="true"/>
    <property name="java.vm.specification.version" value="1.8"/>
    <property name="sun.arch.data.model" value="64"/>
    <property name="java.home" value="/usr/lib/jvm/java-8-openjdk-amd64/jre"/>
    <property name="sun.java.command" value="org.codehaus.plexus.classworlds.launcher.Launcher -B -D enforcer.skip=true -D dependency-check.skip=true -D skipITs=true -D cobertura.skip=true -D maven.repo.local=/root/./workspace/xetorthio/jedis/387367715/.m2 -D rat.skip=true -D findbugs.skip=true -D skip.bower=true -D gpg.skip=true -D checkstyle.skip=true -D skip.gulp=true -D license.skip=true -D skip.npm=true test"/>
    <property name="java.specification.vendor" value="Oracle Corporation"/>
    <property name="user.language" value="en"/>
    <property name="awt.toolkit" value="sun.awt.X11.XToolkit"/>
    <property name="dependency-check.skip" value="true"/>
    <property name="java.vm.info" value="mixed mode"/>
    <property name="java.version" value="1.8.0_121"/>
    <property name="java.ext.dirs" value="/usr/lib/jvm/java-8-openjdk-amd64/jre/lib/ext:/usr/java/packages/lib/ext"/>
    <property name="securerandom.source" value="file:/dev/./urandom"/>
    <property name="sun.boot.class.path" value="/usr/lib/jvm/java-8-openjdk-amd64/jre/lib/resources.jar:/usr/lib/jvm/java-8-openjdk-amd64/jre/lib/rt.jar:/usr/lib/jvm/java-8-openjdk-amd64/jre/lib/sunrsasign.jar:/usr/lib/jvm/java-8-openjdk-amd64/jre/lib/jsse.jar:/usr/lib/jvm/java-8-openjdk-amd64/jre/lib/jce.jar:/usr/lib/jvm/java-8-openjdk-amd64/jre/lib/charsets.jar:/usr/lib/jvm/java-8-openjdk-amd64/jre/lib/jfr.jar:/usr/lib/jvm/java-8-openjdk-amd64/jre/classes"/>
    <property name="java.vendor" value="Oracle Corporation"/>
    <property name="enforcer.skip" value="true"/>
    <property name="rat.skip" value="true"/>
    <property name="maven.home" value="/usr/share/maven"/>
    <property name="file.separator" value="/"/>
    <property name="java.vendor.url.bug" value="http://bugreport.sun.com/bugreport/"/>
    <property name="sun.cpu.endian" value="little"/>
    <property name="sun.io.unicode.encoding" value="UnicodeLittle"/>
    <property name="sun.cpu.isalist" value=""/>
  </properties>
  <testcase name="initializeWithNotMonitoredMasterNameShouldThrowException" classname="redis.clients.jedis.tests.JedisSentinelPoolTest" time="0.007"/>
  <testcase name="returnResourceShouldResetState" classname="redis.clients.jedis.tests.JedisSentinelPoolTest" time="0.001">
    <error message="All sentinels down, cannot determine where is mymaster master is running..." type="redis.clients.jedis.exceptions.JedisConnectionException">redis.clients.jedis.exceptions.JedisConnectionException: All sentinels down, cannot determine where is mymaster master is running...
	at redis.clients.jedis.tests.JedisSentinelPoolTest.returnResourceShouldResetState(JedisSentinelPoolTest.java:95)
</error>
    <system-out><![CDATA[[INFO ] 2018-06-03T13:24:30,558 [main]                            r.c.j.JedisSentinelPool - Trying to find master from available Sentinels...
[DEBUG] 2018-06-03T13:24:30,558 [main]                            r.c.j.JedisSentinelPool - Connecting to Sentinel 172.17.0.2:26380
[WARN ] 2018-06-03T13:24:30,559 [main]                            r.c.j.JedisSentinelPool - Cannot get master address from sentinel running @ 172.17.0.2:26380. Reason: redis.clients.jedis.exceptions.JedisConnectionException: Failed connecting to host 172.17.0.2:26380. Trying next one.
[DEBUG] 2018-06-03T13:24:30,560 [main]                            r.c.j.JedisSentinelPool - Connecting to Sentinel 172.17.0.2:26382
[WARN ] 2018-06-03T13:24:30,561 [main]                            r.c.j.JedisSentinelPool - Cannot get master address from sentinel running @ 172.17.0.2:26382. Reason: redis.clients.jedis.exceptions.JedisConnectionException: Failed connecting to host 172.17.0.2:26382. Trying next one.
]]></system-out>
  </testcase>
  <testcase name="checkCloseableConnections" classname="redis.clients.jedis.tests.JedisSentinelPoolTest" time="0.004">
    <error message="All sentinels down, cannot determine where is mymaster master is running..." type="redis.clients.jedis.exceptions.JedisConnectionException">redis.clients.jedis.exceptions.JedisConnectionException: All sentinels down, cannot determine where is mymaster master is running...
	at redis.clients.jedis.tests.JedisSentinelPoolTest.checkCloseableConnections(JedisSentinelPoolTest.java:65)
</error>
    <system-out><![CDATA[[INFO ] 2018-06-03T13:24:30,562 [main]                            r.c.j.JedisSentinelPool - Trying to find master from available Sentinels...
[DEBUG] 2018-06-03T13:24:30,562 [main]                            r.c.j.JedisSentinelPool - Connecting to Sentinel 172.17.0.2:26380
[WARN ] 2018-06-03T13:24:30,563 [main]                            r.c.j.JedisSentinelPool - Cannot get master address from sentinel running @ 172.17.0.2:26380. Reason: redis.clients.jedis.exceptions.JedisConnectionException: Failed connecting to host 172.17.0.2:26380. Trying next one.
[DEBUG] 2018-06-03T13:24:30,563 [main]                            r.c.j.JedisSentinelPool - Connecting to Sentinel 172.17.0.2:26382
[WARN ] 2018-06-03T13:24:30,564 [main]                            r.c.j.JedisSentinelPool - Cannot get master address from sentinel running @ 172.17.0.2:26382. Reason: redis.clients.jedis.exceptions.JedisConnectionException: Failed connecting to host 172.17.0.2:26382. Trying next one.
]]></system-out>
  </testcase>
  <testcase name="initializeWithNotAvailableSentinelsShouldThrowException" classname="redis.clients.jedis.tests.JedisSentinelPoolTest" time="0.003"/>
  <testcase name="customClientName" classname="redis.clients.jedis.tests.JedisSentinelPoolTest" time="0.003">
    <error message="All sentinels down, cannot determine where is mymaster master is running..." type="redis.clients.jedis.exceptions.JedisConnectionException">redis.clients.jedis.exceptions.JedisConnectionException: All sentinels down, cannot determine where is mymaster master is running...
	at redis.clients.jedis.tests.JedisSentinelPoolTest.customClientName(JedisSentinelPoolTest.java:150)
</error>
    <system-out><![CDATA[[INFO ] 2018-06-03T13:24:30,568 [main]                            r.c.j.JedisSentinelPool - Trying to find master from available Sentinels...
[DEBUG] 2018-06-03T13:24:30,568 [main]                            r.c.j.JedisSentinelPool - Connecting to Sentinel 172.17.0.2:26380
[WARN ] 2018-06-03T13:24:30,569 [main]                            r.c.j.JedisSentinelPool - Cannot get master address from sentinel running @ 172.17.0.2:26380. Reason: redis.clients.jedis.exceptions.JedisConnectionException: Failed connecting to host 172.17.0.2:26380. Trying next one.
[DEBUG] 2018-06-03T13:24:30,570 [main]                            r.c.j.JedisSentinelPool - Connecting to Sentinel 172.17.0.2:26382
[WARN ] 2018-06-03T13:24:30,571 [main]                            r.c.j.JedisSentinelPool - Cannot get master address from sentinel running @ 172.17.0.2:26382. Reason: redis.clients.jedis.exceptions.JedisConnectionException: Failed connecting to host 172.17.0.2:26382. Trying next one.
]]></system-out>
  </testcase>
  <testcase name="checkResourceIsCloseable" classname="redis.clients.jedis.tests.JedisSentinelPoolTest" time="0.003">
    <error message="All sentinels down, cannot determine where is mymaster master is running..." type="redis.clients.jedis.exceptions.JedisConnectionException">redis.clients.jedis.exceptions.JedisConnectionException: All sentinels down, cannot determine where is mymaster master is running...
	at redis.clients.jedis.tests.JedisSentinelPoolTest.checkResourceIsCloseable(JedisSentinelPoolTest.java:127)
</error>
    <system-out><![CDATA[[INFO ] 2018-06-03T13:24:30,572 [main]                            r.c.j.JedisSentinelPool - Trying to find master from available Sentinels...
[DEBUG] 2018-06-03T13:24:30,572 [main]                            r.c.j.JedisSentinelPool - Connecting to Sentinel 172.17.0.2:26380
[WARN ] 2018-06-03T13:24:30,573 [main]                            r.c.j.JedisSentinelPool - Cannot get master address from sentinel running @ 172.17.0.2:26380. Reason: redis.clients.jedis.exceptions.JedisConnectionException: Failed connecting to host 172.17.0.2:26380. Trying next one.
[DEBUG] 2018-06-03T13:24:30,573 [main]                            r.c.j.JedisSentinelPool - Connecting to Sentinel 172.17.0.2:26382
[WARN ] 2018-06-03T13:24:30,574 [main]                            r.c.j.JedisSentinelPool - Cannot get master address from sentinel running @ 172.17.0.2:26382. Reason: redis.clients.jedis.exceptions.JedisConnectionException: Failed connecting to host 172.17.0.2:26382. Trying next one.
]]></system-out>
  </testcase>
  <testcase name="ensureSafeTwiceFailover" classname="redis.clients.jedis.tests.JedisSentinelPoolTest" time="0.004">
    <error message="All sentinels down, cannot determine where is mymaster master is running..." type="redis.clients.jedis.exceptions.JedisConnectionException">redis.clients.jedis.exceptions.JedisConnectionException: All sentinels down, cannot determine where is mymaster master is running...
	at redis.clients.jedis.tests.JedisSentinelPoolTest.ensureSafeTwiceFailover(JedisSentinelPoolTest.java:78)
</error>
    <system-out><![CDATA[[INFO ] 2018-06-03T13:24:30,575 [main]                            r.c.j.JedisSentinelPool - Trying to find master from available Sentinels...
[DEBUG] 2018-06-03T13:24:30,576 [main]                            r.c.j.JedisSentinelPool - Connecting to Sentinel 172.17.0.2:26380
[WARN ] 2018-06-03T13:24:30,577 [main]                            r.c.j.JedisSentinelPool - Cannot get master address from sentinel running @ 172.17.0.2:26380. Reason: redis.clients.jedis.exceptions.JedisConnectionException: Failed connecting to host 172.17.0.2:26380. Trying next one.
[DEBUG] 2018-06-03T13:24:30,577 [main]                            r.c.j.JedisSentinelPool - Connecting to Sentinel 172.17.0.2:26382
[WARN ] 2018-06-03T13:24:30,578 [main]                            r.c.j.JedisSentinelPool - Cannot get master address from sentinel running @ 172.17.0.2:26382. Reason: redis.clients.jedis.exceptions.JedisConnectionException: Failed connecting to host 172.17.0.2:26382. Trying next one.
]]></system-out>
  </testcase>
</testsuite>