<?xml version="1.0" encoding="UTF-8"?>
<testsuite xmlns:xsi="http://www.w3.org/2001/XMLSchema-instance" xsi:noNamespaceSchemaLocation="https://maven.apache.org/surefire/maven-surefire-plugin/xsd/surefire-test-report.xsd" name="nl.topicus.jdbc.CloudSpannerDatabaseMetaDataTest" time="0.044" tests="147" errors="0" skipped="0" failures="0">
  <properties>
    <property name="awt.toolkit" value="sun.awt.X11.XToolkit"/>
    <property name="file.encoding.pkg" value="sun.io"/>
    <property name="java.specification.version" value="1.8"/>
    <property name="sun.cpu.isalist" value=""/>
    <property name="sun.jnu.encoding" value="UTF-8"/>
    <property name="java.class.path" value="/root/workspace/olavloite/spanner-jdbc/386034448/target/test-classes:/root/workspace/olavloite/spanner-jdbc/386034448/target/classes:/root/./workspace/olavloite/spanner-jdbc/386034448/.m2/com/google/cloud/google-cloud-spanner/0.42.0-beta/google-cloud-spanner-0.42.0-beta.jar:/root/./workspace/olavloite/spanner-jdbc/386034448/.m2/com/google/cloud/google-cloud-core/1.24.0/google-cloud-core-1.24.0.jar:/root/./workspace/olavloite/spanner-jdbc/386034448/.m2/com/google/guava/guava/20.0/guava-20.0.jar:/root/./workspace/olavloite/spanner-jdbc/386034448/.m2/com/google/http-client/google-http-client/1.23.0/google-http-client-1.23.0.jar:/root/./workspace/olavloite/spanner-jdbc/386034448/.m2/org/apache/httpcomponents/httpclient/4.0.1/httpclient-4.0.1.jar:/root/./workspace/olavloite/spanner-jdbc/386034448/.m2/org/apache/httpcomponents/httpcore/4.0.1/httpcore-4.0.1.jar:/root/./workspace/olavloite/spanner-jdbc/386034448/.m2/commons-logging/commons-logging/1.1.1/commons-logging-1.1.1.jar:/root/./workspace/olavloite/spanner-jdbc/386034448/.m2/commons-codec/commons-codec/1.3/commons-codec-1.3.jar:/root/./workspace/olavloite/spanner-jdbc/386034448/.m2/com/google/api/api-common/1.5.0/api-common-1.5.0.jar:/root/./workspace/olavloite/spanner-jdbc/386034448/.m2/com/google/api/gax/1.20.0/gax-1.20.0.jar:/root/./workspace/olavloite/spanner-jdbc/386034448/.m2/com/google/protobuf/protobuf-java-util/3.5.1/protobuf-java-util-3.5.1.jar:/root/./workspace/olavloite/spanner-jdbc/386034448/.m2/com/google/code/gson/gson/2.7/gson-2.7.jar:/root/./workspace/olavloite/spanner-jdbc/386034448/.m2/com/google/api/grpc/proto-google-common-protos/1.6.0/proto-google-common-protos-1.6.0.jar:/root/./workspace/olavloite/spanner-jdbc/386034448/.m2/com/google/api/grpc/proto-google-iam-v1/0.7.0/proto-google-iam-v1-0.7.0.jar:/root/./workspace/olavloite/spanner-jdbc/386034448/.m2/com/google/cloud/google-cloud-core-grpc/1.24.0/google-cloud-core-grpc-1.24.0.jar:/root/./workspace/olavloite/spanner-jdbc/386034448/.m2/com/google/auth/google-auth-library-credentials/0.9.0/google-auth-library-credentials-0.9.0.jar:/root/./workspace/olavloite/spanner-jdbc/386034448/.m2/com/google/protobuf/protobuf-java/3.5.1/protobuf-java-3.5.1.jar:/root/./workspace/olavloite/spanner-jdbc/386034448/.m2/io/grpc/grpc-protobuf/1.9.0/grpc-protobuf-1.9.0.jar:/root/./workspace/olavloite/spanner-jdbc/386034448/.m2/io/grpc/grpc-protobuf-lite/1.9.0/grpc-protobuf-lite-1.9.0.jar:/root/./workspace/olavloite/spanner-jdbc/386034448/.m2/io/grpc/grpc-context/1.9.0/grpc-context-1.9.0.jar:/root/./workspace/olavloite/spanner-jdbc/386034448/.m2/com/google/api/gax-grpc/1.20.0/gax-grpc-1.20.0.jar:/root/./workspace/olavloite/spanner-jdbc/386034448/.m2/org/threeten/threetenbp/1.3.3/threetenbp-1.3.3.jar:/root/./workspace/olavloite/spanner-jdbc/386034448/.m2/com/google/auth/google-auth-library-oauth2-http/0.9.0/google-auth-library-oauth2-http-0.9.0.jar:/root/./workspace/olavloite/spanner-jdbc/386034448/.m2/com/google/http-client/google-http-client-jackson2/1.19.0/google-http-client-jackson2-1.19.0.jar:/root/./workspace/olavloite/spanner-jdbc/386034448/.m2/com/fasterxml/jackson/core/jackson-core/2.1.3/jackson-core-2.1.3.jar:/root/./workspace/olavloite/spanner-jdbc/386034448/.m2/com/google/api/grpc/proto-google-cloud-spanner-v1/0.7.0/proto-google-cloud-spanner-v1-0.7.0.jar:/root/./workspace/olavloite/spanner-jdbc/386034448/.m2/com/google/api/grpc/proto-google-cloud-spanner-admin-database-v1/0.7.0/proto-google-cloud-spanner-admin-database-v1-0.7.0.jar:/root/./workspace/olavloite/spanner-jdbc/386034448/.m2/com/google/api/grpc/proto-google-cloud-spanner-admin-instance-v1/0.7.0/proto-google-cloud-spanner-admin-instance-v1-0.7.0.jar:/root/./workspace/olavloite/spanner-jdbc/386034448/.m2/com/google/api/grpc/grpc-google-cloud-spanner-v1/0.7.0/grpc-google-cloud-spanner-v1-0.7.0.jar:/root/./workspace/olavloite/spanner-jdbc/386034448/.m2/com/google/api/grpc/grpc-google-cloud-spanner-admin-database-v1/0.7.0/grpc-google-cloud-spanner-admin-database-v1-0.7.0.jar:/root/./workspace/olavloite/spanner-jdbc/386034448/.m2/com/google/api/grpc/grpc-google-cloud-spanner-admin-instance-v1/0.7.0/grpc-google-cloud-spanner-admin-instance-v1-0.7.0.jar:/root/./workspace/olavloite/spanner-jdbc/386034448/.m2/com/google/api/grpc/grpc-google-common-protos/1.6.0/grpc-google-common-protos-1.6.0.jar:/root/./workspace/olavloite/spanner-jdbc/386034448/.m2/io/grpc/grpc-netty-shaded/1.9.0/grpc-netty-shaded-1.9.0.jar:/root/./workspace/olavloite/spanner-jdbc/386034448/.m2/io/grpc/grpc-core/1.9.0/grpc-core-1.9.0.jar:/root/./workspace/olavloite/spanner-jdbc/386034448/.m2/com/google/instrumentation/instrumentation-api/0.4.3/instrumentation-api-0.4.3.jar:/root/./workspace/olavloite/spanner-jdbc/386034448/.m2/io/opencensus/opencensus-contrib-grpc-metrics/0.10.0/opencensus-contrib-grpc-metrics-0.10.0.jar:/root/./workspace/olavloite/spanner-jdbc/386034448/.m2/io/grpc/grpc-auth/1.9.0/grpc-auth-1.9.0.jar:/root/./workspace/olavloite/spanner-jdbc/386034448/.m2/io/grpc/grpc-stub/1.9.0/grpc-stub-1.9.0.jar:/root/./workspace/olavloite/spanner-jdbc/386034448/.m2/com/google/code/findbugs/jsr305/3.0.1/jsr305-3.0.1.jar:/root/./workspace/olavloite/spanner-jdbc/386034448/.m2/joda-time/joda-time/2.9.2/joda-time-2.9.2.jar:/root/./workspace/olavloite/spanner-jdbc/386034448/.m2/junit/junit/4.12/junit-4.12.jar:/root/./workspace/olavloite/spanner-jdbc/386034448/.m2/org/hamcrest/hamcrest-core/1.3/hamcrest-core-1.3.jar:/root/./workspace/olavloite/spanner-jdbc/386034448/.m2/io/opencensus/opencensus-api/0.11.1/opencensus-api-0.11.1.jar:/root/./workspace/olavloite/spanner-jdbc/386034448/.m2/com/google/errorprone/error_prone_annotations/2.2.0/error_prone_annotations-2.2.0.jar:/root/./workspace/olavloite/spanner-jdbc/386034448/.m2/io/opencensus/opencensus-contrib-grpc-util/0.11.1/opencensus-contrib-grpc-util-0.11.1.jar:/root/./workspace/olavloite/spanner-jdbc/386034448/.m2/org/json/json/20171018/json-20171018.jar:/root/./workspace/olavloite/spanner-jdbc/386034448/.m2/org/apache/commons/commons-lang3/3.7/commons-lang3-3.7.jar:/root/./workspace/olavloite/spanner-jdbc/386034448/.m2/com/github/jsqlparser/jsqlparser/1.1/jsqlparser-1.1.jar:/root/./workspace/olavloite/spanner-jdbc/386034448/.m2/org/mockito/mockito-core/2.9.0/mockito-core-2.9.0.jar:/root/./workspace/olavloite/spanner-jdbc/386034448/.m2/net/bytebuddy/byte-buddy/1.7.0/byte-buddy-1.7.0.jar:/root/./workspace/olavloite/spanner-jdbc/386034448/.m2/net/bytebuddy/byte-buddy-agent/1.7.0/byte-buddy-agent-1.7.0.jar:/root/./workspace/olavloite/spanner-jdbc/386034448/.m2/org/objenesis/objenesis/2.6/objenesis-2.6.jar:/root/./workspace/olavloite/spanner-jdbc/386034448/.m2/com/mchange/c3p0/0.9.5.2/c3p0-0.9.5.2.jar:/root/./workspace/olavloite/spanner-jdbc/386034448/.m2/com/mchange/mchange-commons-java/0.2.11/mchange-commons-java-0.2.11.jar:"/>
    <property name="java.vm.vendor" value="Oracle Corporation"/>
    <property name="skip.bower" value="true"/>
    <property name="sun.arch.data.model" value="64"/>
    <property name="java.vendor.url" value="http://java.oracle.com/"/>
    <property name="user.timezone" value=""/>
    <property name="java.vm.specification.version" value="1.8"/>
    <property name="os.name" value="Linux"/>
    <property name="rat.skip" value="true"/>
    <property name="gpg.skip" value="true"/>
    <property name="sun.java.launcher" value="SUN_STANDARD"/>
    <property name="sun.boot.library.path" value="/usr/lib/jvm/java-8-openjdk-amd64/jre/lib/amd64"/>
    <property name="skip.gulp" value="true"/>
    <property name="sun.java.command" value="/root/workspace/olavloite/spanner-jdbc/386034448/target/surefire/surefirebooter3675834768035438295.jar /root/workspace/olavloite/spanner-jdbc/386034448/target/surefire 2018-05-31T08-11-33_278-jvmRun1 surefire5002285888158321555tmp surefire_02758496990639059411tmp"/>
    <property name="dependency-check.skip" value="true"/>
    <property name="surefire.test.class.path" value="/root/workspace/olavloite/spanner-jdbc/386034448/target/test-classes:/root/workspace/olavloite/spanner-jdbc/386034448/target/classes:/root/./workspace/olavloite/spanner-jdbc/386034448/.m2/com/google/cloud/google-cloud-spanner/0.42.0-beta/google-cloud-spanner-0.42.0-beta.jar:/root/./workspace/olavloite/spanner-jdbc/386034448/.m2/com/google/cloud/google-cloud-core/1.24.0/google-cloud-core-1.24.0.jar:/root/./workspace/olavloite/spanner-jdbc/386034448/.m2/com/google/guava/guava/20.0/guava-20.0.jar:/root/./workspace/olavloite/spanner-jdbc/386034448/.m2/com/google/http-client/google-http-client/1.23.0/google-http-client-1.23.0.jar:/root/./workspace/olavloite/spanner-jdbc/386034448/.m2/org/apache/httpcomponents/httpclient/4.0.1/httpclient-4.0.1.jar:/root/./workspace/olavloite/spanner-jdbc/386034448/.m2/org/apache/httpcomponents/httpcore/4.0.1/httpcore-4.0.1.jar:/root/./workspace/olavloite/spanner-jdbc/386034448/.m2/commons-logging/commons-logging/1.1.1/commons-logging-1.1.1.jar:/root/./workspace/olavloite/spanner-jdbc/386034448/.m2/commons-codec/commons-codec/1.3/commons-codec-1.3.jar:/root/./workspace/olavloite/spanner-jdbc/386034448/.m2/com/google/api/api-common/1.5.0/api-common-1.5.0.jar:/root/./workspace/olavloite/spanner-jdbc/386034448/.m2/com/google/api/gax/1.20.0/gax-1.20.0.jar:/root/./workspace/olavloite/spanner-jdbc/386034448/.m2/com/google/protobuf/protobuf-java-util/3.5.1/protobuf-java-util-3.5.1.jar:/root/./workspace/olavloite/spanner-jdbc/386034448/.m2/com/google/code/gson/gson/2.7/gson-2.7.jar:/root/./workspace/olavloite/spanner-jdbc/386034448/.m2/com/google/api/grpc/proto-google-common-protos/1.6.0/proto-google-common-protos-1.6.0.jar:/root/./workspace/olavloite/spanner-jdbc/386034448/.m2/com/google/api/grpc/proto-google-iam-v1/0.7.0/proto-google-iam-v1-0.7.0.jar:/root/./workspace/olavloite/spanner-jdbc/386034448/.m2/com/google/cloud/google-cloud-core-grpc/1.24.0/google-cloud-core-grpc-1.24.0.jar:/root/./workspace/olavloite/spanner-jdbc/386034448/.m2/com/google/auth/google-auth-library-credentials/0.9.0/google-auth-library-credentials-0.9.0.jar:/root/./workspace/olavloite/spanner-jdbc/386034448/.m2/com/google/protobuf/protobuf-java/3.5.1/protobuf-java-3.5.1.jar:/root/./workspace/olavloite/spanner-jdbc/386034448/.m2/io/grpc/grpc-protobuf/1.9.0/grpc-protobuf-1.9.0.jar:/root/./workspace/olavloite/spanner-jdbc/386034448/.m2/io/grpc/grpc-protobuf-lite/1.9.0/grpc-protobuf-lite-1.9.0.jar:/root/./workspace/olavloite/spanner-jdbc/386034448/.m2/io/grpc/grpc-context/1.9.0/grpc-context-1.9.0.jar:/root/./workspace/olavloite/spanner-jdbc/386034448/.m2/com/google/api/gax-grpc/1.20.0/gax-grpc-1.20.0.jar:/root/./workspace/olavloite/spanner-jdbc/386034448/.m2/org/threeten/threetenbp/1.3.3/threetenbp-1.3.3.jar:/root/./workspace/olavloite/spanner-jdbc/386034448/.m2/com/google/auth/google-auth-library-oauth2-http/0.9.0/google-auth-library-oauth2-http-0.9.0.jar:/root/./workspace/olavloite/spanner-jdbc/386034448/.m2/com/google/http-client/google-http-client-jackson2/1.19.0/google-http-client-jackson2-1.19.0.jar:/root/./workspace/olavloite/spanner-jdbc/386034448/.m2/com/fasterxml/jackson/core/jackson-core/2.1.3/jackson-core-2.1.3.jar:/root/./workspace/olavloite/spanner-jdbc/386034448/.m2/com/google/api/grpc/proto-google-cloud-spanner-v1/0.7.0/proto-google-cloud-spanner-v1-0.7.0.jar:/root/./workspace/olavloite/spanner-jdbc/386034448/.m2/com/google/api/grpc/proto-google-cloud-spanner-admin-database-v1/0.7.0/proto-google-cloud-spanner-admin-database-v1-0.7.0.jar:/root/./workspace/olavloite/spanner-jdbc/386034448/.m2/com/google/api/grpc/proto-google-cloud-spanner-admin-instance-v1/0.7.0/proto-google-cloud-spanner-admin-instance-v1-0.7.0.jar:/root/./workspace/olavloite/spanner-jdbc/386034448/.m2/com/google/api/grpc/grpc-google-cloud-spanner-v1/0.7.0/grpc-google-cloud-spanner-v1-0.7.0.jar:/root/./workspace/olavloite/spanner-jdbc/386034448/.m2/com/google/api/grpc/grpc-google-cloud-spanner-admin-database-v1/0.7.0/grpc-google-cloud-spanner-admin-database-v1-0.7.0.jar:/root/./workspace/olavloite/spanner-jdbc/386034448/.m2/com/google/api/grpc/grpc-google-cloud-spanner-admin-instance-v1/0.7.0/grpc-google-cloud-spanner-admin-instance-v1-0.7.0.jar:/root/./workspace/olavloite/spanner-jdbc/386034448/.m2/com/google/api/grpc/grpc-google-common-protos/1.6.0/grpc-google-common-protos-1.6.0.jar:/root/./workspace/olavloite/spanner-jdbc/386034448/.m2/io/grpc/grpc-netty-shaded/1.9.0/grpc-netty-shaded-1.9.0.jar:/root/./workspace/olavloite/spanner-jdbc/386034448/.m2/io/grpc/grpc-core/1.9.0/grpc-core-1.9.0.jar:/root/./workspace/olavloite/spanner-jdbc/386034448/.m2/com/google/instrumentation/instrumentation-api/0.4.3/instrumentation-api-0.4.3.jar:/root/./workspace/olavloite/spanner-jdbc/386034448/.m2/io/opencensus/opencensus-contrib-grpc-metrics/0.10.0/opencensus-contrib-grpc-metrics-0.10.0.jar:/root/./workspace/olavloite/spanner-jdbc/386034448/.m2/io/grpc/grpc-auth/1.9.0/grpc-auth-1.9.0.jar:/root/./workspace/olavloite/spanner-jdbc/386034448/.m2/io/grpc/grpc-stub/1.9.0/grpc-stub-1.9.0.jar:/root/./workspace/olavloite/spanner-jdbc/386034448/.m2/com/google/code/findbugs/jsr305/3.0.1/jsr305-3.0.1.jar:/root/./workspace/olavloite/spanner-jdbc/386034448/.m2/joda-time/joda-time/2.9.2/joda-time-2.9.2.jar:/root/./workspace/olavloite/spanner-jdbc/386034448/.m2/junit/junit/4.12/junit-4.12.jar:/root/./workspace/olavloite/spanner-jdbc/386034448/.m2/org/hamcrest/hamcrest-core/1.3/hamcrest-core-1.3.jar:/root/./workspace/olavloite/spanner-jdbc/386034448/.m2/io/opencensus/opencensus-api/0.11.1/opencensus-api-0.11.1.jar:/root/./workspace/olavloite/spanner-jdbc/386034448/.m2/com/google/errorprone/error_prone_annotations/2.2.0/error_prone_annotations-2.2.0.jar:/root/./workspace/olavloite/spanner-jdbc/386034448/.m2/io/opencensus/opencensus-contrib-grpc-util/0.11.1/opencensus-contrib-grpc-util-0.11.1.jar:/root/./workspace/olavloite/spanner-jdbc/386034448/.m2/org/json/json/20171018/json-20171018.jar:/root/./workspace/olavloite/spanner-jdbc/386034448/.m2/org/apache/commons/commons-lang3/3.7/commons-lang3-3.7.jar:/root/./workspace/olavloite/spanner-jdbc/386034448/.m2/com/github/jsqlparser/jsqlparser/1.1/jsqlparser-1.1.jar:/root/./workspace/olavloite/spanner-jdbc/386034448/.m2/org/mockito/mockito-core/2.9.0/mockito-core-2.9.0.jar:/root/./workspace/olavloite/spanner-jdbc/386034448/.m2/net/bytebuddy/byte-buddy/1.7.0/byte-buddy-1.7.0.jar:/root/./workspace/olavloite/spanner-jdbc/386034448/.m2/net/bytebuddy/byte-buddy-agent/1.7.0/byte-buddy-agent-1.7.0.jar:/root/./workspace/olavloite/spanner-jdbc/386034448/.m2/org/objenesis/objenesis/2.6/objenesis-2.6.jar:/root/./workspace/olavloite/spanner-jdbc/386034448/.m2/com/mchange/c3p0/0.9.5.2/c3p0-0.9.5.2.jar:/root/./workspace/olavloite/spanner-jdbc/386034448/.m2/com/mchange/mchange-commons-java/0.2.11/mchange-commons-java-0.2.11.jar:"/>
    <property name="sun.cpu.endian" value="little"/>
    <property name="user.home" value="/root"/>
    <property name="user.language" value="en"/>
    <property name="java.specification.vendor" value="Oracle Corporation"/>
    <property name="java.home" value="/usr/lib/jvm/java-8-openjdk-amd64/jre"/>
    <property name="basedir" value="/root/workspace/olavloite/spanner-jdbc/386034448"/>
    <property name="file.separator" value="/"/>
    <property name="checkstyle.skip" value="true"/>
    <property name="line.separator" value="&#10;"/>
    <property name="skip.npm" value="true"/>
    <property name="java.vm.specification.vendor" value="Oracle Corporation"/>
    <property name="java.specification.name" value="Java Platform API Specification"/>
    <property name="java.awt.graphicsenv" value="sun.awt.X11GraphicsEnvironment"/>
    <property name="skipITs" value="true"/>
    <property name="surefire.real.class.path" value="/root/workspace/olavloite/spanner-jdbc/386034448/target/surefire/surefirebooter3675834768035438295.jar:/root/./workspace/olavloite/spanner-jdbc/386034448/.m2/org/jacoco/org.jacoco.agent/0.7.9/org.jacoco.agent-0.7.9-runtime.jar"/>
    <property name="cobertura.skip" value="true"/>
    <property name="sun.boot.class.path" value="/usr/lib/jvm/java-8-openjdk-amd64/jre/lib/resources.jar:/usr/lib/jvm/java-8-openjdk-amd64/jre/lib/rt.jar:/usr/lib/jvm/java-8-openjdk-amd64/jre/lib/sunrsasign.jar:/usr/lib/jvm/java-8-openjdk-amd64/jre/lib/jsse.jar:/usr/lib/jvm/java-8-openjdk-amd64/jre/lib/jce.jar:/usr/lib/jvm/java-8-openjdk-amd64/jre/lib/charsets.jar:/usr/lib/jvm/java-8-openjdk-amd64/jre/lib/jfr.jar:/usr/lib/jvm/java-8-openjdk-amd64/jre/classes"/>
    <property name="sun.management.compiler" value="HotSpot 64-Bit Tiered Compilers"/>
    <property name="java.runtime.version" value="1.8.0_121-8u121-b13-1~bpo8+1-b13"/>
    <property name="user.name" value="root"/>
    <property name="findbugs.skip" value="true"/>
    <property name="path.separator" value=":"/>
    <property name="os.version" value="3.10.0-862.3.2.el7.x86_64"/>
    <property name="java.endorsed.dirs" value="/usr/lib/jvm/java-8-openjdk-amd64/jre/lib/endorsed"/>
    <property name="java.runtime.name" value="OpenJDK Runtime Environment"/>
    <property name="file.encoding" value="UTF-8"/>
    <property name="java.vm.name" value="OpenJDK 64-Bit Server VM"/>
    <property name="localRepository" value="/root/./workspace/olavloite/spanner-jdbc/386034448/.m2"/>
    <property name="java.vendor.url.bug" value="http://bugreport.sun.com/bugreport/"/>
    <property name="java.io.tmpdir" value="/tmp"/>
    <property name="java.version" value="1.8.0_121"/>
    <property name="user.dir" value="/root/workspace/olavloite/spanner-jdbc/386034448"/>
    <property name="os.arch" value="amd64"/>
    <property name="license.skip" value="true"/>
    <property name="java.vm.specification.name" value="Java Virtual Machine Specification"/>
    <property name="java.awt.printerjob" value="sun.print.PSPrinterJob"/>
    <property name="sun.os.patch.level" value="unknown"/>
    <property name="java.library.path" value="/usr/java/packages/lib/amd64:/usr/lib/x86_64-linux-gnu/jni:/lib/x86_64-linux-gnu:/usr/lib/x86_64-linux-gnu:/usr/lib/jni:/lib:/usr/lib"/>
    <property name="java.vm.info" value="mixed mode"/>
    <property name="java.vendor" value="Oracle Corporation"/>
    <property name="java.vm.version" value="25.121-b13"/>
    <property name="java.ext.dirs" value="/usr/lib/jvm/java-8-openjdk-amd64/jre/lib/ext:/usr/java/packages/lib/ext"/>
    <property name="sun.io.unicode.encoding" value="UnicodeLittle"/>
    <property name="maven.repo.local" value="/root/./workspace/olavloite/spanner-jdbc/386034448/.m2"/>
    <property name="enforcer.skip" value="true"/>
    <property name="java.class.version" value="52.0"/>
  </properties>
  <testcase name="testSupportsSchemasInPrivilegeDefinitions" classname="nl.topicus.jdbc.CloudSpannerDatabaseMetaDataTest" time="0"/>
  <testcase name="testGoesMaxRowSizeIncludeBlobs" classname="nl.topicus.jdbc.CloudSpannerDatabaseMetaDataTest" time="0"/>
  <testcase name="testGetMaxColumnsInOrderBy" classname="nl.topicus.jdbc.CloudSpannerDatabaseMetaDataTest" time="0"/>
  <testcase name="testGetDriverName" classname="nl.topicus.jdbc.CloudSpannerDatabaseMetaDataTest" time="0"/>
  <testcase name="testSupportsStoredProcedures" classname="nl.topicus.jdbc.CloudSpannerDatabaseMetaDataTest" time="0"/>
  <testcase name="testSupportsStoredFunctionsUsingCallSyntax" classname="nl.topicus.jdbc.CloudSpannerDatabaseMetaDataTest" time="0"/>
  <testcase name="testSupportsNamedParameters" classname="nl.topicus.jdbc.CloudSpannerDatabaseMetaDataTest" time="0"/>
  <testcase name="testSupportsANSI92FullSQL" classname="nl.topicus.jdbc.CloudSpannerDatabaseMetaDataTest" time="0"/>
  <testcase name="testDataDefinitionIgnoredInTransactions" classname="nl.topicus.jdbc.CloudSpannerDatabaseMetaDataTest" time="0"/>
  <testcase name="testGetSqlStateType" classname="nl.topicus.jdbc.CloudSpannerDatabaseMetaDataTest" time="0"/>
  <testcase name="testSupportsDataManipulationTransactionsOnly" classname="nl.topicus.jdbc.CloudSpannerDatabaseMetaDataTest" time="0"/>
  <testcase name="testSupportsResultSetType" classname="nl.topicus.jdbc.CloudSpannerDatabaseMetaDataTest" time="0"/>
  <testcase name="testGetMaxColumnsInSelect" classname="nl.topicus.jdbc.CloudSpannerDatabaseMetaDataTest" time="0"/>
  <testcase name="testNullsAreSortedAtStart" classname="nl.topicus.jdbc.CloudSpannerDatabaseMetaDataTest" time="0.001"/>
  <testcase name="testNullsAreSortedHigh" classname="nl.topicus.jdbc.CloudSpannerDatabaseMetaDataTest" time="0"/>
  <testcase name="testGeneratedKeyAlwaysReturned" classname="nl.topicus.jdbc.CloudSpannerDatabaseMetaDataTest" time="0"/>
  <testcase name="testSupportsOpenCursorsAcrossCommit" classname="nl.topicus.jdbc.CloudSpannerDatabaseMetaDataTest" time="0"/>
  <testcase name="testSupportsCatalogsInIndexDefinitions" classname="nl.topicus.jdbc.CloudSpannerDatabaseMetaDataTest" time="0"/>
  <testcase name="testSupportsGroupByUnrelated" classname="nl.topicus.jdbc.CloudSpannerDatabaseMetaDataTest" time="0"/>
  <testcase name="testGetMaxUserNameLength" classname="nl.topicus.jdbc.CloudSpannerDatabaseMetaDataTest" time="0"/>
  <testcase name="testSupportsMultipleOpenResults" classname="nl.topicus.jdbc.CloudSpannerDatabaseMetaDataTest" time="0"/>
  <testcase name="testGetExtraNameCharacters" classname="nl.topicus.jdbc.CloudSpannerDatabaseMetaDataTest" time="0"/>
  <testcase name="testSupportsCatalogsInProcedureCalls" classname="nl.topicus.jdbc.CloudSpannerDatabaseMetaDataTest" time="0"/>
  <testcase name="testSupportsOpenStatementsAcrossRollback" classname="nl.topicus.jdbc.CloudSpannerDatabaseMetaDataTest" time="0"/>
  <testcase name="testNullsAreSortedLow" classname="nl.topicus.jdbc.CloudSpannerDatabaseMetaDataTest" time="0"/>
  <testcase name="testOwnInsertsAreVisible" classname="nl.topicus.jdbc.CloudSpannerDatabaseMetaDataTest" time="0"/>
  <testcase name="testSupportsResultSetHoldability" classname="nl.topicus.jdbc.CloudSpannerDatabaseMetaDataTest" time="0"/>
  <testcase name="testSupportsMinimumSQLGrammar" classname="nl.topicus.jdbc.CloudSpannerDatabaseMetaDataTest" time="0"/>
  <testcase name="testSupportsMultipleTransactions" classname="nl.topicus.jdbc.CloudSpannerDatabaseMetaDataTest" time="0"/>
  <testcase name="testSupportsIntegrityEnhancementFacility" classname="nl.topicus.jdbc.CloudSpannerDatabaseMetaDataTest" time="0"/>
  <testcase name="testGetMaxTableNameLength" classname="nl.topicus.jdbc.CloudSpannerDatabaseMetaDataTest" time="0"/>
  <testcase name="testSupportsCorrelatedSubqueries" classname="nl.topicus.jdbc.CloudSpannerDatabaseMetaDataTest" time="0"/>
  <testcase name="testSupportsGetGeneratedKeys" classname="nl.topicus.jdbc.CloudSpannerDatabaseMetaDataTest" time="0"/>
  <testcase name="testSupportsCatalogsInPrivilegeDefinitions" classname="nl.topicus.jdbc.CloudSpannerDatabaseMetaDataTest" time="0"/>
  <testcase name="testStoresLowerCaseQuotedIdentifiers" classname="nl.topicus.jdbc.CloudSpannerDatabaseMetaDataTest" time="0"/>
  <testcase name="testNullPlusNonNullIsNull" classname="nl.topicus.jdbc.CloudSpannerDatabaseMetaDataTest" time="0"/>
  <testcase name="testAllTablesAreSelectable" classname="nl.topicus.jdbc.CloudSpannerDatabaseMetaDataTest" time="0"/>
  <testcase name="testSupportsResultSetConcurrency" classname="nl.topicus.jdbc.CloudSpannerDatabaseMetaDataTest" time="0"/>
  <testcase name="testSupportsMixedCaseQuotedIdentifiers" classname="nl.topicus.jdbc.CloudSpannerDatabaseMetaDataTest" time="0"/>
  <testcase name="testUsesLocalFiles" classname="nl.topicus.jdbc.CloudSpannerDatabaseMetaDataTest" time="0"/>
  <testcase name="testSupportsOpenStatementsAcrossCommit" classname="nl.topicus.jdbc.CloudSpannerDatabaseMetaDataTest" time="0"/>
  <testcase name="testSupportsSchemasInProcedureCalls" classname="nl.topicus.jdbc.CloudSpannerDatabaseMetaDataTest" time="0"/>
  <testcase name="testSupportsTransactions" classname="nl.topicus.jdbc.CloudSpannerDatabaseMetaDataTest" time="0"/>
  <testcase name="testGetMaxCharLiteralLength" classname="nl.topicus.jdbc.CloudSpannerDatabaseMetaDataTest" time="0"/>
  <testcase name="testSupportsSchemasInIndexDefinitions" classname="nl.topicus.jdbc.CloudSpannerDatabaseMetaDataTest" time="0"/>
  <testcase name="testNullsAreSortedAtEnd" classname="nl.topicus.jdbc.CloudSpannerDatabaseMetaDataTest" time="0"/>
  <testcase name="testSupportsPositionedDelete" classname="nl.topicus.jdbc.CloudSpannerDatabaseMetaDataTest" time="0"/>
  <testcase name="testGetDatabaseProductVersion" classname="nl.topicus.jdbc.CloudSpannerDatabaseMetaDataTest" time="0"/>
  <testcase name="testOwnUpdatesAreVisible" classname="nl.topicus.jdbc.CloudSpannerDatabaseMetaDataTest" time="0"/>
  <testcase name="testGetMaxStatementLength" classname="nl.topicus.jdbc.CloudSpannerDatabaseMetaDataTest" time="0"/>
  <testcase name="testUsesLocalFilePerTable" classname="nl.topicus.jdbc.CloudSpannerDatabaseMetaDataTest" time="0"/>
  <testcase name="testGetMaxColumnsInGroupBy" classname="nl.topicus.jdbc.CloudSpannerDatabaseMetaDataTest" time="0"/>
  <testcase name="testGetIdentifierQuoteString" classname="nl.topicus.jdbc.CloudSpannerDatabaseMetaDataTest" time="0.001"/>
  <testcase name="testStoresLowerCaseIdentifiers" classname="nl.topicus.jdbc.CloudSpannerDatabaseMetaDataTest" time="0"/>
  <testcase name="testGetMaxSchemaNameLength" classname="nl.topicus.jdbc.CloudSpannerDatabaseMetaDataTest" time="0"/>
  <testcase name="testSupportsTransactionIsolationLevel" classname="nl.topicus.jdbc.CloudSpannerDatabaseMetaDataTest" time="0"/>
  <testcase name="testGetSQLKeywords" classname="nl.topicus.jdbc.CloudSpannerDatabaseMetaDataTest" time="0"/>
  <testcase name="testSupportsMixedCaseIdentifiers" classname="nl.topicus.jdbc.CloudSpannerDatabaseMetaDataTest" time="0"/>
  <testcase name="testSupportsDifferentTableCorrelationNames" classname="nl.topicus.jdbc.CloudSpannerDatabaseMetaDataTest" time="0"/>
  <testcase name="testGetMaxCursorNameLength" classname="nl.topicus.jdbc.CloudSpannerDatabaseMetaDataTest" time="0"/>
  <testcase name="testSupportsGroupBy" classname="nl.topicus.jdbc.CloudSpannerDatabaseMetaDataTest" time="0"/>
  <testcase name="testGetDefaultTransactionIsolation" classname="nl.topicus.jdbc.CloudSpannerDatabaseMetaDataTest" time="0"/>
  <testcase name="testGetNumericFunctions" classname="nl.topicus.jdbc.CloudSpannerDatabaseMetaDataTest" time="0"/>
  <testcase name="testSupportsANSI92EntryLevelSQL" classname="nl.topicus.jdbc.CloudSpannerDatabaseMetaDataTest" time="0"/>
  <testcase name="testSupportsAlterTableWithDropColumn" classname="nl.topicus.jdbc.CloudSpannerDatabaseMetaDataTest" time="0"/>
  <testcase name="testGetSearchStringEscape" classname="nl.topicus.jdbc.CloudSpannerDatabaseMetaDataTest" time="0"/>
  <testcase name="testSupportsFullOuterJoins" classname="nl.topicus.jdbc.CloudSpannerDatabaseMetaDataTest" time="0"/>
  <testcase name="testSupportsCatalogsInTableDefinitions" classname="nl.topicus.jdbc.CloudSpannerDatabaseMetaDataTest" time="0"/>
  <testcase name="testSupportsOpenCursorsAcrossRollback" classname="nl.topicus.jdbc.CloudSpannerDatabaseMetaDataTest" time="0"/>
  <testcase name="testSupportsPositionedUpdate" classname="nl.topicus.jdbc.CloudSpannerDatabaseMetaDataTest" time="0"/>
  <testcase name="testGetMaxProcedureNameLength" classname="nl.topicus.jdbc.CloudSpannerDatabaseMetaDataTest" time="0"/>
  <testcase name="testSupportsMultipleResultSets" classname="nl.topicus.jdbc.CloudSpannerDatabaseMetaDataTest" time="0"/>
  <testcase name="testGetMaxColumnsInIndex" classname="nl.topicus.jdbc.CloudSpannerDatabaseMetaDataTest" time="0"/>
  <testcase name="testGetMaxColumnsInTable" classname="nl.topicus.jdbc.CloudSpannerDatabaseMetaDataTest" time="0"/>
  <testcase name="testGetTimeDateFunctions" classname="nl.topicus.jdbc.CloudSpannerDatabaseMetaDataTest" time="0"/>
  <testcase name="testGetMaxRowSize" classname="nl.topicus.jdbc.CloudSpannerDatabaseMetaDataTest" time="0"/>
  <testcase name="testGetDriverMajorVersion" classname="nl.topicus.jdbc.CloudSpannerDatabaseMetaDataTest" time="0"/>
  <testcase name="testSupportsSavePoints" classname="nl.topicus.jdbc.CloudSpannerDatabaseMetaDataTest" time="0"/>
  <testcase name="testAllProceduresAreCallable" classname="nl.topicus.jdbc.CloudSpannerDatabaseMetaDataTest" time="0"/>
  <testcase name="testGetJDBCVersion" classname="nl.topicus.jdbc.CloudSpannerDatabaseMetaDataTest" time="0"/>
  <testcase name="testGetDriverVersion" classname="nl.topicus.jdbc.CloudSpannerDatabaseMetaDataTest" time="0"/>
  <testcase name="testGetMaxColumnNameLength" classname="nl.topicus.jdbc.CloudSpannerDatabaseMetaDataTest" time="0"/>
  <testcase name="testSupportsSubqueriesInExists" classname="nl.topicus.jdbc.CloudSpannerDatabaseMetaDataTest" time="0"/>
  <testcase name="testSupportsSubqueriesInIns" classname="nl.topicus.jdbc.CloudSpannerDatabaseMetaDataTest" time="0"/>
  <testcase name="testOthersInsertsAreVisible" classname="nl.topicus.jdbc.CloudSpannerDatabaseMetaDataTest" time="0"/>
  <testcase name="testSupportsGroupByBeyondSelect" classname="nl.topicus.jdbc.CloudSpannerDatabaseMetaDataTest" time="0"/>
  <testcase name="testSupportsExtendedSQLGrammar" classname="nl.topicus.jdbc.CloudSpannerDatabaseMetaDataTest" time="0"/>
  <testcase name="testGetMaxTablesInSelect" classname="nl.topicus.jdbc.CloudSpannerDatabaseMetaDataTest" time="0"/>
  <testcase name="testSupportsConvert" classname="nl.topicus.jdbc.CloudSpannerDatabaseMetaDataTest" time="0"/>
  <testcase name="testDeletesAreDetected" classname="nl.topicus.jdbc.CloudSpannerDatabaseMetaDataTest" time="0"/>
  <testcase name="testGetRowIdLifetime" classname="nl.topicus.jdbc.CloudSpannerDatabaseMetaDataTest" time="0"/>
  <testcase name="testSupportsNonNullableColumns" classname="nl.topicus.jdbc.CloudSpannerDatabaseMetaDataTest" time="0"/>
  <testcase name="testOwnDeletesAreVisible" classname="nl.topicus.jdbc.CloudSpannerDatabaseMetaDataTest" time="0"/>
  <testcase name="testSupportsOrderByUnrelated" classname="nl.topicus.jdbc.CloudSpannerDatabaseMetaDataTest" time="0"/>
  <testcase name="testSupportsSchemasInTableDefinitions" classname="nl.topicus.jdbc.CloudSpannerDatabaseMetaDataTest" time="0"/>
  <testcase name="testInsertsAreDetected" classname="nl.topicus.jdbc.CloudSpannerDatabaseMetaDataTest" time="0"/>
  <testcase name="testUpdatesAreDetected" classname="nl.topicus.jdbc.CloudSpannerDatabaseMetaDataTest" time="0"/>
  <testcase name="testSupportsOuterJoins" classname="nl.topicus.jdbc.CloudSpannerDatabaseMetaDataTest" time="0"/>
  <testcase name="testSupportsSelectForUpdate" classname="nl.topicus.jdbc.CloudSpannerDatabaseMetaDataTest" time="0"/>
  <testcase name="testSupportsStatementPooling" classname="nl.topicus.jdbc.CloudSpannerDatabaseMetaDataTest" time="0"/>
  <testcase name="testAutoCommitFailureClosesAllResultSets" classname="nl.topicus.jdbc.CloudSpannerDatabaseMetaDataTest" time="0"/>
  <testcase name="testGetCrossReference" classname="nl.topicus.jdbc.CloudSpannerDatabaseMetaDataTest" time="0.001"/>
  <testcase name="testGetMaxStatements" classname="nl.topicus.jdbc.CloudSpannerDatabaseMetaDataTest" time="0"/>
  <testcase name="testDataDefinitionCausesTransactionCommit" classname="nl.topicus.jdbc.CloudSpannerDatabaseMetaDataTest" time="0"/>
  <testcase name="testGetConnection" classname="nl.topicus.jdbc.CloudSpannerDatabaseMetaDataTest" time="0"/>
  <testcase name="testSupportsColumnAliasing" classname="nl.topicus.jdbc.CloudSpannerDatabaseMetaDataTest" time="0"/>
  <testcase name="testOthersUpdatesAreVisible" classname="nl.topicus.jdbc.CloudSpannerDatabaseMetaDataTest" time="0.001"/>
  <testcase name="testSupportsUnionAll" classname="nl.topicus.jdbc.CloudSpannerDatabaseMetaDataTest" time="0.001"/>
  <testcase name="testGetMaxIndexLength" classname="nl.topicus.jdbc.CloudSpannerDatabaseMetaDataTest" time="0"/>
  <testcase name="testSupportsConvertWithParameters" classname="nl.topicus.jdbc.CloudSpannerDatabaseMetaDataTest" time="0"/>
  <testcase name="testGetCatalogSeparator" classname="nl.topicus.jdbc.CloudSpannerDatabaseMetaDataTest" time="0"/>
  <testcase name="testSupportsCatalogsInDataManipulation" classname="nl.topicus.jdbc.CloudSpannerDatabaseMetaDataTest" time="0"/>
  <testcase name="testSupportsAlterTableWithAddColumn" classname="nl.topicus.jdbc.CloudSpannerDatabaseMetaDataTest" time="0"/>
  <testcase name="testLocatorsUpdateCopy" classname="nl.topicus.jdbc.CloudSpannerDatabaseMetaDataTest" time="0"/>
  <testcase name="testSupportsBatchUpdates" classname="nl.topicus.jdbc.CloudSpannerDatabaseMetaDataTest" time="0"/>
  <testcase name="testSupportsDataDefinitionAndDataManipulationTransactions" classname="nl.topicus.jdbc.CloudSpannerDatabaseMetaDataTest" time="0"/>
  <testcase name="testGetUserName" classname="nl.topicus.jdbc.CloudSpannerDatabaseMetaDataTest" time="0"/>
  <testcase name="testGetSchemaTerm" classname="nl.topicus.jdbc.CloudSpannerDatabaseMetaDataTest" time="0"/>
  <testcase name="testStoresMixedCaseQuotedIdentifiers" classname="nl.topicus.jdbc.CloudSpannerDatabaseMetaDataTest" time="0"/>
  <testcase name="testGetStringFunctions" classname="nl.topicus.jdbc.CloudSpannerDatabaseMetaDataTest" time="0"/>
  <testcase name="testSupportsLimitedOuterJoins" classname="nl.topicus.jdbc.CloudSpannerDatabaseMetaDataTest" time="0"/>
  <testcase name="testSupportsExpressionsInOrderBy" classname="nl.topicus.jdbc.CloudSpannerDatabaseMetaDataTest" time="0"/>
  <testcase name="testGetURL" classname="nl.topicus.jdbc.CloudSpannerDatabaseMetaDataTest" time="0"/>
  <testcase name="testGetCatalogTerm" classname="nl.topicus.jdbc.CloudSpannerDatabaseMetaDataTest" time="0"/>
  <testcase name="testGetProcedureTerm" classname="nl.topicus.jdbc.CloudSpannerDatabaseMetaDataTest" time="0"/>
  <testcase name="testSupportsCoreSQLGrammar" classname="nl.topicus.jdbc.CloudSpannerDatabaseMetaDataTest" time="0"/>
  <testcase name="testGetMaxConnections" classname="nl.topicus.jdbc.CloudSpannerDatabaseMetaDataTest" time="0"/>
  <testcase name="testSupportsSubqueriesInQuantifieds" classname="nl.topicus.jdbc.CloudSpannerDatabaseMetaDataTest" time="0"/>
  <testcase name="testGetMaxCatalogNameLength" classname="nl.topicus.jdbc.CloudSpannerDatabaseMetaDataTest" time="0"/>
  <testcase name="testSupportsSubqueriesInComparisons" classname="nl.topicus.jdbc.CloudSpannerDatabaseMetaDataTest" time="0"/>
  <testcase name="testStoresMixedCaseIdentifiers" classname="nl.topicus.jdbc.CloudSpannerDatabaseMetaDataTest" time="0"/>
  <testcase name="testGetDatabaseProductName" classname="nl.topicus.jdbc.CloudSpannerDatabaseMetaDataTest" time="0"/>
  <testcase name="testIsCatalogAtStart" classname="nl.topicus.jdbc.CloudSpannerDatabaseMetaDataTest" time="0"/>
  <testcase name="testUnwrap" classname="nl.topicus.jdbc.CloudSpannerDatabaseMetaDataTest" time="0"/>
  <testcase name="testSupportsUnion" classname="nl.topicus.jdbc.CloudSpannerDatabaseMetaDataTest" time="0"/>
  <testcase name="testStoresUpperCaseQuotedIdentifiers" classname="nl.topicus.jdbc.CloudSpannerDatabaseMetaDataTest" time="0"/>
  <testcase name="testGetMaxBinaryLiteralLength" classname="nl.topicus.jdbc.CloudSpannerDatabaseMetaDataTest" time="0.001"/>
  <testcase name="testSupportsSchemasInDataManipulation" classname="nl.topicus.jdbc.CloudSpannerDatabaseMetaDataTest" time="0"/>
  <testcase name="testGetSystemFunctions" classname="nl.topicus.jdbc.CloudSpannerDatabaseMetaDataTest" time="0"/>
  <testcase name="testStoresUpperCaseIdentifiers" classname="nl.topicus.jdbc.CloudSpannerDatabaseMetaDataTest" time="0"/>
  <testcase name="testGetDriverMinorVersion" classname="nl.topicus.jdbc.CloudSpannerDatabaseMetaDataTest" time="0"/>
  <testcase name="testSupportsTableCorrelationNames" classname="nl.topicus.jdbc.CloudSpannerDatabaseMetaDataTest" time="0"/>
  <testcase name="testIsReadOnly" classname="nl.topicus.jdbc.CloudSpannerDatabaseMetaDataTest" time="0"/>
  <testcase name="testSupportsANSI92IntermediateSQL" classname="nl.topicus.jdbc.CloudSpannerDatabaseMetaDataTest" time="0"/>
  <testcase name="testGetResultSetHoldability" classname="nl.topicus.jdbc.CloudSpannerDatabaseMetaDataTest" time="0"/>
  <testcase name="testOthersDeletesAreVisible" classname="nl.topicus.jdbc.CloudSpannerDatabaseMetaDataTest" time="0"/>
  <testcase name="testSupportsLikeEscapeClause" classname="nl.topicus.jdbc.CloudSpannerDatabaseMetaDataTest" time="0"/>
</testsuite>