<?xml version="1.0" encoding="UTF-8"?>
<testsuite name="com.capgemini.assesment.web.rest.AccountRestTest" time="1.193" tests="1" errors="0" skipped="0" failures="1">
  <properties>
    <property name="java.runtime.name" value="OpenJDK Runtime Environment"/>
    <property name="sun.boot.library.path" value="/usr/lib/jvm/java-8-openjdk-amd64/jre/lib/amd64"/>
    <property name="java.vm.version" value="25.121-b13"/>
    <property name="java.vm.vendor" value="Oracle Corporation"/>
    <property name="maven.multiModuleProjectDirectory" value="/root/workspace/ayhanugurlu/transactionmanager/385215387"/>
    <property name="java.vendor.url" value="http://java.oracle.com/"/>
    <property name="path.separator" value=":"/>
    <property name="guice.disable.misplaced.annotation.check" value="true"/>
    <property name="skip.gulp" value="true"/>
    <property name="java.vm.name" value="OpenJDK 64-Bit Server VM"/>
    <property name="file.encoding.pkg" value="sun.io"/>
    <property name="sun.java.launcher" value="SUN_STANDARD"/>
    <property name="sun.os.patch.level" value="unknown"/>
    <property name="findbugs.skip" value="true"/>
    <property name="java.vm.specification.name" value="Java Virtual Machine Specification"/>
    <property name="user.dir" value="/root/workspace/ayhanugurlu/transactionmanager/385215387"/>
    <property name="checkstyle.skip" value="true"/>
    <property name="java.runtime.version" value="1.8.0_121-8u121-b13-1~bpo8+1-b13"/>
    <property name="java.awt.graphicsenv" value="sun.awt.X11GraphicsEnvironment"/>
    <property name="skip.npm" value="true"/>
    <property name="java.endorsed.dirs" value="/usr/lib/jvm/java-8-openjdk-amd64/jre/lib/endorsed"/>
    <property name="os.arch" value="amd64"/>
    <property name="java.io.tmpdir" value="/tmp"/>
    <property name="gpg.skip" value="true"/>
    <property name="line.separator" value="&#10;"/>
    <property name="java.vm.specification.vendor" value="Oracle Corporation"/>
    <property name="cobertura.skip" value="true"/>
    <property name="os.name" value="Linux"/>
    <property name="classworlds.conf" value="/usr/share/maven/bin/m2.conf"/>
    <property name="sun.jnu.encoding" value="UTF-8"/>
    <property name="java.library.path" value="/usr/java/packages/lib/amd64:/usr/lib/x86_64-linux-gnu/jni:/lib/x86_64-linux-gnu:/usr/lib/x86_64-linux-gnu:/usr/lib/jni:/lib:/usr/lib"/>
    <property name="license.skip" value="true"/>
    <property name="java.specification.name" value="Java Platform API Specification"/>
    <property name="java.class.version" value="52.0"/>
    <property name="sun.management.compiler" value="HotSpot 64-Bit Tiered Compilers"/>
    <property name="skip.bower" value="true"/>
    <property name="maven.repo.local" value="/root/./workspace/ayhanugurlu/transactionmanager/385215387/.m2"/>
    <property name="os.version" value="3.10.0-862.3.2.el7.x86_64"/>
    <property name="user.home" value="/root"/>
    <property name="user.timezone" value="Europe/Paris"/>
    <property name="java.awt.printerjob" value="sun.print.PSPrinterJob"/>
    <property name="java.specification.version" value="1.8"/>
    <property name="file.encoding" value="UTF-8"/>
    <property name="user.name" value="root"/>
    <property name="java.class.path" value="/usr/share/maven/boot/plexus-classworlds-2.5.2.jar"/>
    <property name="skipITs" value="true"/>
    <property name="java.vm.specification.version" value="1.8"/>
    <property name="sun.arch.data.model" value="64"/>
    <property name="java.home" value="/usr/lib/jvm/java-8-openjdk-amd64/jre"/>
    <property name="sun.java.command" value="org.codehaus.plexus.classworlds.launcher.Launcher -B -D enforcer.skip=true -D dependency-check.skip=true -D skipITs=true -D cobertura.skip=true -D maven.repo.local=/root/./workspace/ayhanugurlu/transactionmanager/385215387/.m2 -D rat.skip=true -D findbugs.skip=true -D skip.bower=true -D gpg.skip=true -D checkstyle.skip=true -D skip.gulp=true -D license.skip=true -D skip.npm=true test"/>
    <property name="java.specification.vendor" value="Oracle Corporation"/>
    <property name="user.language" value="en"/>
    <property name="awt.toolkit" value="sun.awt.X11.XToolkit"/>
    <property name="dependency-check.skip" value="true"/>
    <property name="java.vm.info" value="mixed mode"/>
    <property name="java.version" value="1.8.0_121"/>
    <property name="java.ext.dirs" value="/usr/lib/jvm/java-8-openjdk-amd64/jre/lib/ext:/usr/java/packages/lib/ext"/>
    <property name="securerandom.source" value="file:/dev/./urandom"/>
    <property name="sun.boot.class.path" value="/usr/lib/jvm/java-8-openjdk-amd64/jre/lib/resources.jar:/usr/lib/jvm/java-8-openjdk-amd64/jre/lib/rt.jar:/usr/lib/jvm/java-8-openjdk-amd64/jre/lib/sunrsasign.jar:/usr/lib/jvm/java-8-openjdk-amd64/jre/lib/jsse.jar:/usr/lib/jvm/java-8-openjdk-amd64/jre/lib/jce.jar:/usr/lib/jvm/java-8-openjdk-amd64/jre/lib/charsets.jar:/usr/lib/jvm/java-8-openjdk-amd64/jre/lib/jfr.jar:/usr/lib/jvm/java-8-openjdk-amd64/jre/classes"/>
    <property name="java.vendor" value="Oracle Corporation"/>
    <property name="enforcer.skip" value="true"/>
    <property name="rat.skip" value="true"/>
    <property name="maven.home" value="/usr/share/maven"/>
    <property name="file.separator" value="/"/>
    <property name="java.vendor.url.bug" value="http://bugreport.sun.com/bugreport/"/>
    <property name="sun.cpu.endian" value="little"/>
    <property name="sun.io.unicode.encoding" value="UnicodeLittle"/>
    <property name="sun.cpu.isalist" value=""/>
  </properties>
  <testcase name="accountRestTest" classname="com.capgemini.assesment.web.rest.AccountRestTest" time="1.193">
    <failure message="expected:&lt;0&gt; but was:&lt;10&gt;" type="java.lang.AssertionError"><![CDATA[java.lang.AssertionError: expected:<0> but was:<10>
	at org.junit.Assert.fail(Assert.java:88)
	at org.junit.Assert.failNotEquals(Assert.java:834)
	at org.junit.Assert.assertEquals(Assert.java:645)
	at org.junit.Assert.assertEquals(Assert.java:631)
	at com.capgemini.assesment.web.rest.AccountRestTest.accountRestTest(AccountRestTest.java:91)
]]></failure>
    <system-out><![CDATA[2018-05-29 16:05:34.641  INFO [-,,,] 175 --- [           main] .b.t.c.SpringBootTestContextBootstrapper : Neither @ContextConfiguration nor @ContextHierarchy found for test class [com.capgemini.assesment.web.rest.AccountRestTest], using SpringBootContextLoader
2018-05-29 16:05:34.641  INFO [-,,,] 175 --- [           main] o.s.t.c.support.AbstractContextLoader    : Could not detect default resource locations for test class [com.capgemini.assesment.web.rest.AccountRestTest]: no resource found for suffixes {-context.xml, Context.groovy}.
2018-05-29 16:05:34.648  INFO [-,,,] 175 --- [           main] .b.t.c.SpringBootTestContextBootstrapper : Loaded default TestExecutionListener class names from location [META-INF/spring.factories]: [org.springframework.boot.test.mock.mockito.MockitoTestExecutionListener, org.springframework.boot.test.mock.mockito.ResetMocksTestExecutionListener, org.springframework.boot.test.autoconfigure.restdocs.RestDocsTestExecutionListener, org.springframework.boot.test.autoconfigure.web.client.MockRestServiceServerResetTestExecutionListener, org.springframework.boot.test.autoconfigure.web.servlet.MockMvcPrintOnlyOnFailureTestExecutionListener, org.springframework.boot.test.autoconfigure.web.servlet.WebDriverTestExecutionListener, org.springframework.test.context.web.ServletTestExecutionListener, org.springframework.test.context.support.DirtiesContextBeforeModesTestExecutionListener, org.springframework.test.context.support.DependencyInjectionTestExecutionListener, org.springframework.test.context.support.DirtiesContextTestExecutionListener, org.springframework.test.context.transaction.TransactionalTestExecutionListener, org.springframework.test.context.jdbc.SqlScriptsTestExecutionListener]
2018-05-29 16:05:34.651  INFO [-,,,] 175 --- [           main] .b.t.c.SpringBootTestContextBootstrapper : Using TestExecutionListeners: [org.springframework.test.context.web.ServletTestExecutionListener@20f32069, org.springframework.test.context.support.DirtiesContextBeforeModesTestExecutionListener@480ff087, org.springframework.boot.test.autoconfigure.SpringBootDependencyInjectionTestExecutionListener@34f5cc21, org.springframework.test.context.support.DirtiesContextTestExecutionListener@15abaa4e, org.springframework.test.context.transaction.TransactionalTestExecutionListener@2c6220fa, org.springframework.test.context.jdbc.SqlScriptsTestExecutionListener@1bde7639, org.springframework.boot.test.mock.mockito.ResetMocksTestExecutionListener@1d035a7, org.springframework.boot.test.autoconfigure.restdocs.RestDocsTestExecutionListener@49e11609, org.springframework.boot.test.mock.mockito.MockitoTestExecutionListener@74399a3f, org.springframework.boot.test.autoconfigure.web.servlet.MockMvcPrintOnlyOnFailureTestExecutionListener@1c3e453f, org.springframework.boot.test.autoconfigure.web.client.MockRestServiceServerResetTestExecutionListener@1cc33612, org.springframework.boot.test.autoconfigure.web.servlet.WebDriverTestExecutionListener@5d532add]

  .   ____          _            __ _ _
 /\\ / ___'_ __ _ _(_)_ __  __ _ \ \ \ \
( ( )\___ | '_ | '_| | '_ \/ _` | \ \ \ \
 \\/  ___)| |_)| | | | | || (_| |  ) ) ) )
  '  |____| .__|_| |_|_| |_\__, | / / / /
 =========|_|==============|___/=/_/_/_/
 :: Spring Boot ::        (v1.5.9.RELEASE)

2018-05-29 16:05:35.061  INFO [-,,,] 175 --- [           main] c.c.assesment.web.rest.AccountRestTest   : Starting AccountRestTest on cyclone1 with PID 175 (started by root in /root/workspace/ayhanugurlu/transactionmanager/385215387)
2018-05-29 16:05:35.061  INFO [-,,,] 175 --- [           main] c.c.assesment.web.rest.AccountRestTest   : No active profile set, falling back to default profiles: default
2018-05-29 16:05:35.063  INFO [-,,,] 175 --- [           main] ationConfigEmbeddedWebApplicationContext : Refreshing org.springframework.boot.context.embedded.AnnotationConfigEmbeddedWebApplicationContext@5582b634: startup date [Tue May 29 16:05:35 CEST 2018]; root of context hierarchy
2018-05-29 16:05:35.630  WARN [-,,,] 175 --- [           main] o.s.c.a.ConfigurationClassPostProcessor  : Cannot enhance @Configuration bean definition 'com.vaadin.spring.VaadinConfiguration' since its singleton instance has been created too early. The typical cause is a non-static @Bean method with a BeanDefinitionRegistryPostProcessor return type: Consider declaring such methods as 'static'.
2018-05-29 16:05:35.732  INFO [-,,,] 175 --- [           main] trationDelegate$BeanPostProcessorChecker : Bean 'org.springframework.cloud.sleuth.annotation.SleuthAnnotationAutoConfiguration' of type [org.springframework.cloud.sleuth.annotation.SleuthAnnotationAutoConfiguration$$EnhancerBySpringCGLIB$$2f6101f8] is not eligible for getting processed by all BeanPostProcessors (for example: not eligible for auto-proxying)
2018-05-29 16:05:35.751  INFO [-,,,] 175 --- [           main] trationDelegate$BeanPostProcessorChecker : Bean 'sleuthAdvisorConfig' of type [org.springframework.cloud.sleuth.annotation.SleuthAdvisorConfig] is not eligible for getting processed by all BeanPostProcessors (for example: not eligible for auto-proxying)
2018-05-29 16:05:35.758  INFO [-,,,] 175 --- [           main] trationDelegate$BeanPostProcessorChecker : Bean 'org.springframework.transaction.annotation.ProxyTransactionManagementConfiguration' of type [org.springframework.transaction.annotation.ProxyTransactionManagementConfiguration$$EnhancerBySpringCGLIB$$2cfbbbc6] is not eligible for getting processed by all BeanPostProcessors (for example: not eligible for auto-proxying)
2018-05-29 16:05:35.794  INFO [-,,,] 175 --- [           main] trationDelegate$BeanPostProcessorChecker : Bean 'org.springframework.cloud.sleuth.instrument.async.AsyncDefaultAutoConfiguration' of type [org.springframework.cloud.sleuth.instrument.async.AsyncDefaultAutoConfiguration$$EnhancerBySpringCGLIB$$14df67e5] is not eligible for getting processed by all BeanPostProcessors (for example: not eligible for auto-proxying)
2018-05-29 16:05:35.806  INFO [-,,,] 175 --- [           main] trationDelegate$BeanPostProcessorChecker : Bean 'org.springframework.cloud.sleuth.instrument.web.client.TraceWebClientAutoConfiguration' of type [org.springframework.cloud.sleuth.instrument.web.client.TraceWebClientAutoConfiguration$$EnhancerBySpringCGLIB$$d98e8745] is not eligible for getting processed by all BeanPostProcessors (for example: not eligible for auto-proxying)
2018-05-29 16:05:35.832  INFO [-,,,] 175 --- [           main] trationDelegate$BeanPostProcessorChecker : Bean 'spring.sleuth-org.springframework.cloud.sleuth.autoconfig.SleuthProperties' of type [org.springframework.cloud.sleuth.autoconfig.SleuthProperties] is not eligible for getting processed by all BeanPostProcessors (for example: not eligible for auto-proxying)
2018-05-29 16:05:35.834  INFO [-,,,] 175 --- [           main] trationDelegate$BeanPostProcessorChecker : Bean 'org.springframework.cloud.sleuth.autoconfig.TraceAutoConfiguration' of type [org.springframework.cloud.sleuth.autoconfig.TraceAutoConfiguration$$EnhancerBySpringCGLIB$$65f8d8d9] is not eligible for getting processed by all BeanPostProcessors (for example: not eligible for auto-proxying)
2018-05-29 16:05:35.842  INFO [-,,,] 175 --- [           main] trationDelegate$BeanPostProcessorChecker : Bean 'defaultTraceSampler' of type [org.springframework.cloud.sleuth.sampler.NeverSampler] is not eligible for getting processed by all BeanPostProcessors (for example: not eligible for auto-proxying)
2018-05-29 16:05:35.845  INFO [-,,,] 175 --- [           main] trationDelegate$BeanPostProcessorChecker : Bean 'randomForSpanIds' of type [java.util.Random] is not eligible for getting processed by all BeanPostProcessors (for example: not eligible for auto-proxying)
2018-05-29 16:05:35.849  INFO [-,,,] 175 --- [           main] trationDelegate$BeanPostProcessorChecker : Bean 'spanNamer' of type [org.springframework.cloud.sleuth.DefaultSpanNamer] is not eligible for getting processed by all BeanPostProcessors (for example: not eligible for auto-proxying)
2018-05-29 16:05:35.855  INFO [-,,,] 175 --- [           main] trationDelegate$BeanPostProcessorChecker : Bean 'org.springframework.cloud.sleuth.log.SleuthLogAutoConfiguration$Slf4jConfiguration' of type [org.springframework.cloud.sleuth.log.SleuthLogAutoConfiguration$Slf4jConfiguration$$EnhancerBySpringCGLIB$$b363e2a7] is not eligible for getting processed by all BeanPostProcessors (for example: not eligible for auto-proxying)
2018-05-29 16:05:35.864  INFO [-,,,] 175 --- [           main] trationDelegate$BeanPostProcessorChecker : Bean 'spring.sleuth.log.slf4j-org.springframework.cloud.sleuth.log.SleuthSlf4jProperties' of type [org.springframework.cloud.sleuth.log.SleuthSlf4jProperties] is not eligible for getting processed by all BeanPostProcessors (for example: not eligible for auto-proxying)
2018-05-29 16:05:35.867  INFO [-,,,] 175 --- [           main] trationDelegate$BeanPostProcessorChecker : Bean 'slf4jSpanLogger' of type [org.springframework.cloud.sleuth.log.Slf4jSpanLogger] is not eligible for getting processed by all BeanPostProcessors (for example: not eligible for auto-proxying)
2018-05-29 16:05:35.871  INFO [-,,,] 175 --- [           main] trationDelegate$BeanPostProcessorChecker : Bean 'defaultSpanReporter' of type [org.springframework.cloud.sleuth.NoOpSpanReporter] is not eligible for getting processed by all BeanPostProcessors (for example: not eligible for auto-proxying)
2018-05-29 16:05:35.878  INFO [-,,,] 175 --- [           main] trationDelegate$BeanPostProcessorChecker : Bean 'spring.sleuth.keys-org.springframework.cloud.sleuth.TraceKeys' of type [org.springframework.cloud.sleuth.TraceKeys] is not eligible for getting processed by all BeanPostProcessors (for example: not eligible for auto-proxying)
2018-05-29 16:05:35.882  INFO [-,,,] 175 --- [           main] trationDelegate$BeanPostProcessorChecker : Bean 'sleuthTracer' of type [org.springframework.cloud.sleuth.trace.DefaultTracer] is not eligible for getting processed by all BeanPostProcessors (for example: not eligible for auto-proxying)
2018-05-29 16:05:35.888  INFO [-,,,] 175 --- [           main] trationDelegate$BeanPostProcessorChecker : Bean 'org.springframework.cloud.sleuth.instrument.web.TraceHttpAutoConfiguration' of type [org.springframework.cloud.sleuth.instrument.web.TraceHttpAutoConfiguration$$EnhancerBySpringCGLIB$$1379c515] is not eligible for getting processed by all BeanPostProcessors (for example: not eligible for auto-proxying)
2018-05-29 16:05:35.893  INFO [-,,,] 175 --- [           main] trationDelegate$BeanPostProcessorChecker : Bean 'httpSpanInjector' of type [org.springframework.cloud.sleuth.instrument.web.ZipkinHttpSpanInjector] is not eligible for getting processed by all BeanPostProcessors (for example: not eligible for auto-proxying)
2018-05-29 16:05:35.900  INFO [-,,,] 175 --- [           main] trationDelegate$BeanPostProcessorChecker : Bean 'httpTraceKeysInjector' of type [org.springframework.cloud.sleuth.instrument.web.HttpTraceKeysInjector] is not eligible for getting processed by all BeanPostProcessors (for example: not eligible for auto-proxying)
2018-05-29 16:05:35.905  INFO [-,,,] 175 --- [           main] trationDelegate$BeanPostProcessorChecker : Bean 'defaultErrorParser' of type [org.springframework.cloud.sleuth.ExceptionMessageErrorParser] is not eligible for getting processed by all BeanPostProcessors (for example: not eligible for auto-proxying)
2018-05-29 16:05:35.908  INFO [-,,,] 175 --- [           main] trationDelegate$BeanPostProcessorChecker : Bean 'traceRestTemplateInterceptor' of type [org.springframework.cloud.sleuth.instrument.web.client.TraceRestTemplateInterceptor] is not eligible for getting processed by all BeanPostProcessors (for example: not eligible for auto-proxying)
2018-05-29 16:05:35.911  INFO [-,,,] 175 --- [           main] trationDelegate$BeanPostProcessorChecker : Bean 'org.springframework.cloud.sleuth.instrument.web.client.TraceWebClientAutoConfiguration$TraceInterceptorConfiguration' of type [org.springframework.cloud.sleuth.instrument.web.client.TraceWebClientAutoConfiguration$TraceInterceptorConfiguration$$EnhancerBySpringCGLIB$$d76bcd77] is not eligible for getting processed by all BeanPostProcessors (for example: not eligible for auto-proxying)
2018-05-29 16:05:36.319  INFO [-,,,] 175 --- [           main] s.b.c.e.t.TomcatEmbeddedServletContainer : Tomcat initialized with port(s): 0 (http)
2018-05-29 16:05:36.348  INFO [-,,,] 175 --- [           main] o.apache.catalina.core.StandardService   : Starting service [Tomcat]
2018-05-29 16:05:36.350  INFO [-,,,] 175 --- [           main] org.apache.catalina.core.StandardEngine  : Starting Servlet Engine: Apache Tomcat/8.5.23
2018-05-29 16:05:36.555  INFO [-,,,] 175 --- [ost-startStop-1] o.a.c.c.C.[Tomcat].[localhost].[/]       : Initializing Spring embedded WebApplicationContext
2018-05-29 16:05:36.556  INFO [-,,,] 175 --- [ost-startStop-1] o.s.web.context.ContextLoader            : Root WebApplicationContext: initialization completed in 1493 ms
2018-05-29 16:05:36.689  INFO [-,,,] 175 --- [ost-startStop-1] c.v.s.b.i.VaadinServletConfiguration     : Registering Vaadin servlet
2018-05-29 16:05:36.689  INFO [-,,,] 175 --- [ost-startStop-1] c.v.s.b.i.VaadinServletConfiguration     : Servlet will be mapped to URLs [/vaadinServlet/*, /VAADIN/*]
2018-05-29 16:05:36.710  INFO [-,,,] 175 --- [ost-startStop-1] c.v.s.b.i.VaadinServletConfiguration     : Setting servlet init parameters
2018-05-29 16:05:36.710  INFO [-,,,] 175 --- [ost-startStop-1] c.v.s.b.i.VaadinServletConfiguration     : Set servlet init parameter [productionMode] = [false]
2018-05-29 16:05:36.710  INFO [-,,,] 175 --- [ost-startStop-1] c.v.s.b.i.VaadinServletConfiguration     : Set servlet init parameter [resourceCacheTime] = [3600]
2018-05-29 16:05:36.710  INFO [-,,,] 175 --- [ost-startStop-1] c.v.s.b.i.VaadinServletConfiguration     : Set servlet init parameter [heartbeatInterval] = [300]
2018-05-29 16:05:36.711  INFO [-,,,] 175 --- [ost-startStop-1] c.v.s.b.i.VaadinServletConfiguration     : Set servlet init parameter [closeIdleSessions] = [false]
2018-05-29 16:05:36.865  INFO [-,,,] 175 --- [ost-startStop-1] o.s.b.w.servlet.FilterRegistrationBean   : Mapping filter: 'characterEncodingFilter' to: [/*]
2018-05-29 16:05:36.866  INFO [-,,,] 175 --- [ost-startStop-1] o.s.b.w.servlet.FilterRegistrationBean   : Mapping filter: 'traceFilter' to: [/*]
2018-05-29 16:05:36.866  INFO [-,,,] 175 --- [ost-startStop-1] o.s.b.w.servlet.FilterRegistrationBean   : Mapping filter: 'hiddenHttpMethodFilter' to: [/*]
2018-05-29 16:05:36.866  INFO [-,,,] 175 --- [ost-startStop-1] o.s.b.w.servlet.FilterRegistrationBean   : Mapping filter: 'httpPutFormContentFilter' to: [/*]
2018-05-29 16:05:36.867  INFO [-,,,] 175 --- [ost-startStop-1] o.s.b.w.servlet.FilterRegistrationBean   : Mapping filter: 'requestContextFilter' to: [/*]
2018-05-29 16:05:36.867  INFO [-,,,] 175 --- [ost-startStop-1] o.s.b.w.servlet.ServletRegistrationBean  : Mapping servlet: 'dispatcherServlet' to [/]
2018-05-29 16:05:36.869  INFO [-,,,] 175 --- [ost-startStop-1] o.s.b.w.servlet.ServletRegistrationBean  : Mapping servlet: 'springVaadinServlet' to [/vaadinServlet/*, /VAADIN/*]
2018-05-29 16:05:37.093  INFO [-,,,] 175 --- [           main] j.LocalContainerEntityManagerFactoryBean : Building JPA container EntityManagerFactory for persistence unit 'default'
2018-05-29 16:05:37.094  INFO [-,,,] 175 --- [           main] o.hibernate.jpa.internal.util.LogHelper  : HHH000204: Processing PersistenceUnitInfo [
	name: default
	...]
2018-05-29 16:05:37.100  INFO [-,,,] 175 --- [           main] org.hibernate.dialect.Dialect            : HHH000400: Using dialect: org.hibernate.dialect.H2Dialect
2018-05-29 16:05:37.136  INFO [-,,,] 175 --- [           main] org.hibernate.tool.hbm2ddl.SchemaExport  : HHH000227: Running hbm2ddl schema export
2018-05-29 16:05:37.147  INFO [-,,,] 175 --- [           main] org.hibernate.tool.hbm2ddl.SchemaExport  : HHH000230: Schema export complete
2018-05-29 16:05:37.150  WARN [-,,,] 175 --- [           main] o.h.j.i.EntityManagerFactoryRegistry     : HHH000436: Entity manager factory name (default) is already registered.  If entity manager will be clustered or passivated, specify a unique value for property 'hibernate.ejb.entitymanager_factory_name'
2018-05-29 16:05:37.150  INFO [-,,,] 175 --- [           main] j.LocalContainerEntityManagerFactoryBean : Initialized JPA EntityManagerFactory for persistence unit 'default'
2018-05-29 16:05:37.971  INFO [-,,,] 175 --- [           main] s.w.s.m.m.a.RequestMappingHandlerMapping : Mapped "{[/getAccountTransactions/{id}],methods=[GET]}" onto public com.capgemini.assesment.web.rest.response.account.GetAccountTransactionResponse com.capgemini.assesment.web.rest.AccountRest.getAccountTransactions(long) throws com.capgemini.assesment.service.exception.AccountNotFound
2018-05-29 16:05:37.972  INFO [-,,,] 175 --- [           main] s.w.s.m.m.a.RequestMappingHandlerMapping : Mapped "{[/addAccount],methods=[POST]}" onto public com.capgemini.assesment.web.rest.response.account.AddCustomerAccountResponse com.capgemini.assesment.web.rest.AccountRest.addAccount(com.capgemini.assesment.web.rest.request.account.AddCustomerAccountRequest) throws com.capgemini.assesment.service.exception.CustomerNotFound,com.capgemini.assesment.service.exception.AccountNotFound,com.capgemini.assesment.service.exception.InsufficientBalance
2018-05-29 16:05:37.972  INFO [-,,,] 175 --- [           main] s.w.s.m.m.a.RequestMappingHandlerMapping : Mapped "{[/getCustomer/{id}],methods=[GET]}" onto public com.capgemini.assesment.web.rest.response.customer.GetCustomerResponse com.capgemini.assesment.web.rest.CustomerRest.getCustomer(java.lang.String) throws com.capgemini.assesment.service.exception.CustomerNotFound
2018-05-29 16:05:37.973  INFO [-,,,] 175 --- [           main] s.w.s.m.m.a.RequestMappingHandlerMapping : Mapped "{[/addCustomer],methods=[POST]}" onto public com.capgemini.assesment.web.rest.response.customer.AddCustomerResponse com.capgemini.assesment.web.rest.CustomerRest.addCustomer(com.capgemini.assesment.web.rest.request.customer.AddCustomerRequest) throws com.capgemini.assesment.service.exception.CustomerAlreadyExist
2018-05-29 16:05:37.973  INFO [-,,,] 175 --- [           main] s.w.s.m.m.a.RequestMappingHandlerMapping : Mapped "{[/doTransaction],methods=[POST]}" onto public com.capgemini.assesment.web.rest.response.transaction.TransactionResponse com.capgemini.assesment.web.rest.TransactionRest.doTransaction(com.capgemini.assesment.web.rest.request.transaction.TransactionRequest) throws com.capgemini.assesment.service.exception.AccountNotFound,com.capgemini.assesment.service.exception.InsufficientBalance
2018-05-29 16:05:37.976  INFO [-,,,] 175 --- [           main] s.w.s.m.m.a.RequestMappingHandlerMapping : Mapped "{[/swagger-resources/configuration/ui]}" onto public org.springframework.http.ResponseEntity<springfox.documentation.swagger.web.UiConfiguration> springfox.documentation.swagger.web.ApiResourceController.uiConfiguration()
2018-05-29 16:05:37.976  INFO [-,,,] 175 --- [           main] s.w.s.m.m.a.RequestMappingHandlerMapping : Mapped "{[/swagger-resources]}" onto public org.springframework.http.ResponseEntity<java.util.List<springfox.documentation.swagger.web.SwaggerResource>> springfox.documentation.swagger.web.ApiResourceController.swaggerResources()
2018-05-29 16:05:37.976  INFO [-,,,] 175 --- [           main] s.w.s.m.m.a.RequestMappingHandlerMapping : Mapped "{[/swagger-resources/configuration/security]}" onto public org.springframework.http.ResponseEntity<springfox.documentation.swagger.web.SecurityConfiguration> springfox.documentation.swagger.web.ApiResourceController.securityConfiguration()
2018-05-29 16:05:37.979  INFO [-,,,] 175 --- [           main] s.w.s.m.m.a.RequestMappingHandlerMapping : Mapped "{[/error],produces=[text/html]}" onto public org.springframework.web.servlet.ModelAndView org.springframework.boot.autoconfigure.web.BasicErrorController.errorHtml(javax.servlet.http.HttpServletRequest,javax.servlet.http.HttpServletResponse)
2018-05-29 16:05:37.979  INFO [-,,,] 175 --- [           main] s.w.s.m.m.a.RequestMappingHandlerMapping : Mapped "{[/error]}" onto public org.springframework.http.ResponseEntity<java.util.Map<java.lang.String, java.lang.Object>> org.springframework.boot.autoconfigure.web.BasicErrorController.error(javax.servlet.http.HttpServletRequest)
2018-05-29 16:05:38.172  INFO [-,,,] 175 --- [           main] pertySourcedRequestMappingHandlerMapping : Mapped URL path [/v2/api-docs] onto method [public org.springframework.http.ResponseEntity<springfox.documentation.spring.web.json.Json> springfox.documentation.swagger2.web.Swagger2Controller.getDocumentation(java.lang.String,javax.servlet.http.HttpServletRequest)]
2018-05-29 16:05:38.317  INFO [-,,,] 175 --- [           main] s.w.s.m.m.a.RequestMappingHandlerAdapter : Looking for @ControllerAdvice: org.springframework.boot.context.embedded.AnnotationConfigEmbeddedWebApplicationContext@5582b634: startup date [Tue May 29 16:05:35 CEST 2018]; root of context hierarchy
2018-05-29 16:05:38.393  INFO [-,,,] 175 --- [           main] o.s.w.s.handler.SimpleUrlHandlerMapping  : Mapped URL path [/webjars/**] onto handler of type [class org.springframework.web.servlet.resource.ResourceHttpRequestHandler]
2018-05-29 16:05:38.393  INFO [-,,,] 175 --- [           main] o.s.w.s.handler.SimpleUrlHandlerMapping  : Mapped URL path [/**] onto handler of type [class org.springframework.web.servlet.resource.ResourceHttpRequestHandler]
2018-05-29 16:05:38.428  INFO [-,,,] 175 --- [           main] .m.m.a.ExceptionHandlerExceptionResolver : Detected @ExceptionHandler methods in restResponseExceptionHandler
2018-05-29 16:05:38.469  INFO [-,,,] 175 --- [           main] o.s.w.s.handler.SimpleUrlHandlerMapping  : Mapped URL path [/**/favicon.ico] onto handler of type [class org.springframework.web.servlet.resource.ResourceHttpRequestHandler]
2018-05-29 16:05:38.548  INFO [-,,,] 175 --- [           main] c.v.s.b.i.VaadinServletConfiguration     : Checking the application context for Vaadin UI mappings
2018-05-29 16:05:38.552  INFO [-,,,] 175 --- [           main] c.v.s.b.i.VaadinServletConfiguration     : Forwarding @SpringUI URLs from {}
2018-05-29 16:05:38.554  WARN [-,,,] 175 --- [           main] o.s.w.s.handler.SimpleUrlHandlerMapping  : Neither 'urlMap' nor 'mappings' set on SimpleUrlHandlerMapping
2018-05-29 16:05:38.560  INFO [-,,,] 175 --- [           main] c.v.s.b.i.VaadinServletConfiguration     : Registering Vaadin servlet of type [com.vaadin.spring.server.SpringVaadinServlet]
2018-05-29 16:05:38.967  INFO [-,,,] 175 --- [           main] o.s.s.c.ThreadPoolTaskScheduler          : Initializing ExecutorService 
2018-05-29 16:05:39.136  INFO [-,,,] 175 --- [           main] o.s.c.support.DefaultLifecycleProcessor  : Starting beans in phase 2147483647
2018-05-29 16:05:39.136  INFO [-,,,] 175 --- [           main] d.s.w.p.DocumentationPluginsBootstrapper : Context refreshed
2018-05-29 16:05:39.137  INFO [-,,,] 175 --- [           main] d.s.w.p.DocumentationPluginsBootstrapper : Found 1 custom documentation plugin(s)
2018-05-29 16:05:39.146  INFO [-,,,] 175 --- [           main] s.d.s.w.s.ApiListingReferenceScanner     : Scanning for api listing references
2018-05-29 16:05:39.289  INFO [-,,,] 175 --- [           main] s.b.c.e.t.TomcatEmbeddedServletContainer : Tomcat started on port(s): 36658 (http)
2018-05-29 16:05:39.294  INFO [-,,,] 175 --- [           main] c.c.assesment.web.rest.AccountRestTest   : Started AccountRestTest in 4.303 seconds (JVM running for 32.399)
2018-05-29 16:05:39.659  INFO [-,,,] 175 --- [o-auto-1-exec-1] o.a.c.c.C.[Tomcat].[localhost].[/]       : Initializing Spring FrameworkServlet 'dispatcherServlet'
2018-05-29 16:05:39.660  INFO [-,,,] 175 --- [o-auto-1-exec-1] o.s.web.servlet.DispatcherServlet        : FrameworkServlet 'dispatcherServlet': initialization started
2018-05-29 16:05:39.710  INFO [-,,,] 175 --- [o-auto-1-exec-1] o.s.web.servlet.DispatcherServlet        : FrameworkServlet 'dispatcherServlet': initialization completed in 50 ms
2018-05-29 16:05:39.829  INFO [-,c00923fd9d8d872f,c00923fd9d8d872f,false] 175 --- [o-auto-1-exec-1] o.h.h.i.QueryTranslatorFactoryInitiator  : HHH000397: Using ASTQueryTranslatorFactory
2018-05-29 16:05:40.386 ERROR [-,969d2e54481c3036,969d2e54481c3036,false] 175 --- [o-auto-1-exec-4] c.c.a.w.r.h.RestResponseExceptionHandler : Customer Not Found
]]></system-out>
  </testcase>
</testsuite>