<?xml version="1.0" encoding="UTF-8"?>
<testsuite xmlns:xsi="http://www.w3.org/2001/XMLSchema-instance" xsi:noNamespaceSchemaLocation="https://maven.apache.org/surefire/maven-surefire-plugin/xsd/surefire-test-report.xsd" name="com.ibanity.apis.client.services.AccountInformationAccessRequestsServiceTest" time="0.265" tests="3" errors="3" skipped="0" failures="0">
  <properties>
    <property name="awt.toolkit" value="sun.awt.X11.XToolkit"/>
    <property name="file.encoding.pkg" value="sun.io"/>
    <property name="java.specification.version" value="1.8"/>
    <property name="sun.cpu.isalist" value=""/>
    <property name="sun.jnu.encoding" value="UTF-8"/>
    <property name="java.class.path" value="/root/workspace/ibanity/ibanity-java/401775342/target/test-classes:/root/workspace/ibanity/ibanity-java/401775342/target/classes:/root/./workspace/ibanity/ibanity-java/401775342/.m2/org/apache/commons/commons-configuration2/2.2/commons-configuration2-2.2.jar:/root/./workspace/ibanity/ibanity-java/401775342/.m2/org/apache/commons/commons-lang3/3.6/commons-lang3-3.6.jar:/root/./workspace/ibanity/ibanity-java/401775342/.m2/commons-logging/commons-logging/1.2/commons-logging-1.2.jar:/root/./workspace/ibanity/ibanity-java/401775342/.m2/commons-io/commons-io/2.6/commons-io-2.6.jar:/root/./workspace/ibanity/ibanity-java/401775342/.m2/org/apache/commons/commons-math3/3.6.1/commons-math3-3.6.1.jar:/root/./workspace/ibanity/ibanity-java/401775342/.m2/org/apache/logging/log4j/log4j-api/2.11.0/log4j-api-2.11.0.jar:/root/./workspace/ibanity/ibanity-java/401775342/.m2/org/apache/logging/log4j/log4j-core/2.11.0/log4j-core-2.11.0.jar:/root/./workspace/ibanity/ibanity-java/401775342/.m2/commons-beanutils/commons-beanutils/1.9.3/commons-beanutils-1.9.3.jar:/root/./workspace/ibanity/ibanity-java/401775342/.m2/commons-collections/commons-collections/3.2.2/commons-collections-3.2.2.jar:/root/./workspace/ibanity/ibanity-java/401775342/.m2/io/crnk/crnk-client/2.6.20180430102904/crnk-client-2.6.20180430102904.jar:/root/./workspace/ibanity/ibanity-java/401775342/.m2/io/crnk/crnk-core/2.6.20180430102904/crnk-core-2.6.20180430102904.jar:/root/./workspace/ibanity/ibanity-java/401775342/.m2/net/jodah/typetools/0.4.4/typetools-0.4.4.jar:/root/./workspace/ibanity/ibanity-java/401775342/.m2/org/apache/httpcomponents/httpclient/4.5.5/httpclient-4.5.5.jar:/root/./workspace/ibanity/ibanity-java/401775342/.m2/org/apache/httpcomponents/httpcore/4.4.9/httpcore-4.4.9.jar:/root/./workspace/ibanity/ibanity-java/401775342/.m2/commons-codec/commons-codec/1.10/commons-codec-1.10.jar:/root/./workspace/ibanity/ibanity-java/401775342/.m2/com/fasterxml/jackson/datatype/jackson-datatype-jdk8/2.9.5/jackson-datatype-jdk8-2.9.5.jar:/root/./workspace/ibanity/ibanity-java/401775342/.m2/com/fasterxml/jackson/core/jackson-core/2.9.5/jackson-core-2.9.5.jar:/root/./workspace/ibanity/ibanity-java/401775342/.m2/com/fasterxml/jackson/core/jackson-databind/2.9.5/jackson-databind-2.9.5.jar:/root/./workspace/ibanity/ibanity-java/401775342/.m2/com/fasterxml/jackson/core/jackson-annotations/2.9.5/jackson-annotations-2.9.5.jar:/root/./workspace/ibanity/ibanity-java/401775342/.m2/com/fasterxml/jackson/datatype/jackson-datatype-jsr310/2.9.5/jackson-datatype-jsr310-2.9.5.jar:/root/./workspace/ibanity/ibanity-java/401775342/.m2/org/bouncycastle/bcpkix-jdk14/1.59/bcpkix-jdk14-1.59.jar:/root/./workspace/ibanity/ibanity-java/401775342/.m2/org/bouncycastle/bcprov-jdk14/1.59/bcprov-jdk14-1.59.jar:/root/./workspace/ibanity/ibanity-java/401775342/.m2/org/reflections/reflections/0.9.11/reflections-0.9.11.jar:/root/./workspace/ibanity/ibanity-java/401775342/.m2/com/google/guava/guava/20.0/guava-20.0.jar:/root/./workspace/ibanity/ibanity-java/401775342/.m2/org/javassist/javassist/3.21.0-GA/javassist-3.21.0-GA.jar:/root/./workspace/ibanity/ibanity-java/401775342/.m2/org/iban4j/iban4j/3.2.1/iban4j-3.2.1.jar:/root/./workspace/ibanity/ibanity-java/401775342/.m2/org/junit/jupiter/junit-jupiter-api/5.2.0/junit-jupiter-api-5.2.0.jar:/root/./workspace/ibanity/ibanity-java/401775342/.m2/org/apiguardian/apiguardian-api/1.0.0/apiguardian-api-1.0.0.jar:/root/./workspace/ibanity/ibanity-java/401775342/.m2/org/opentest4j/opentest4j/1.1.0/opentest4j-1.1.0.jar:/root/./workspace/ibanity/ibanity-java/401775342/.m2/org/junit/platform/junit-platform-commons/1.2.0/junit-platform-commons-1.2.0.jar:/root/./workspace/ibanity/ibanity-java/401775342/.m2/org/junit/jupiter/junit-jupiter-engine/5.2.0/junit-jupiter-engine-5.2.0.jar:/root/./workspace/ibanity/ibanity-java/401775342/.m2/org/junit/platform/junit-platform-engine/1.2.0/junit-platform-engine-1.2.0.jar:/root/./workspace/ibanity/ibanity-java/401775342/.m2/org/junit/platform/junit-platform-launcher/1.2.0/junit-platform-launcher-1.2.0.jar:/root/./workspace/ibanity/ibanity-java/401775342/.m2/com/spotify/docker-client/8.11.7/docker-client-8.11.7.jar:/root/./workspace/ibanity/ibanity-java/401775342/.m2/org/slf4j/slf4j-api/1.7.22/slf4j-api-1.7.22.jar:/root/./workspace/ibanity/ibanity-java/401775342/.m2/com/fasterxml/jackson/jaxrs/jackson-jaxrs-json-provider/2.9.4/jackson-jaxrs-json-provider-2.9.4.jar:/root/./workspace/ibanity/ibanity-java/401775342/.m2/com/fasterxml/jackson/jaxrs/jackson-jaxrs-base/2.9.4/jackson-jaxrs-base-2.9.4.jar:/root/./workspace/ibanity/ibanity-java/401775342/.m2/com/fasterxml/jackson/module/jackson-module-jaxb-annotations/2.9.4/jackson-module-jaxb-annotations-2.9.4.jar:/root/./workspace/ibanity/ibanity-java/401775342/.m2/com/fasterxml/jackson/datatype/jackson-datatype-guava/2.9.4/jackson-datatype-guava-2.9.4.jar:/root/./workspace/ibanity/ibanity-java/401775342/.m2/org/glassfish/jersey/core/jersey-client/2.22.2/jersey-client-2.22.2.jar:/root/./workspace/ibanity/ibanity-java/401775342/.m2/javax/ws/rs/javax.ws.rs-api/2.0.1/javax.ws.rs-api-2.0.1.jar:/root/./workspace/ibanity/ibanity-java/401775342/.m2/org/glassfish/jersey/core/jersey-common/2.22.2/jersey-common-2.22.2.jar:/root/./workspace/ibanity/ibanity-java/401775342/.m2/javax/annotation/javax.annotation-api/1.2/javax.annotation-api-1.2.jar:/root/./workspace/ibanity/ibanity-java/401775342/.m2/org/glassfish/jersey/bundles/repackaged/jersey-guava/2.22.2/jersey-guava-2.22.2.jar:/root/./workspace/ibanity/ibanity-java/401775342/.m2/org/glassfish/hk2/osgi-resource-locator/1.0.1/osgi-resource-locator-1.0.1.jar:/root/./workspace/ibanity/ibanity-java/401775342/.m2/org/glassfish/hk2/hk2-api/2.4.0-b34/hk2-api-2.4.0-b34.jar:/root/./workspace/ibanity/ibanity-java/401775342/.m2/org/glassfish/hk2/hk2-utils/2.4.0-b34/hk2-utils-2.4.0-b34.jar:/root/./workspace/ibanity/ibanity-java/401775342/.m2/org/glassfish/hk2/external/aopalliance-repackaged/2.4.0-b34/aopalliance-repackaged-2.4.0-b34.jar:/root/./workspace/ibanity/ibanity-java/401775342/.m2/org/glassfish/hk2/external/javax.inject/2.4.0-b34/javax.inject-2.4.0-b34.jar:/root/./workspace/ibanity/ibanity-java/401775342/.m2/org/glassfish/hk2/hk2-locator/2.4.0-b34/hk2-locator-2.4.0-b34.jar:/root/./workspace/ibanity/ibanity-java/401775342/.m2/org/glassfish/jersey/connectors/jersey-apache-connector/2.22.2/jersey-apache-connector-2.22.2.jar:/root/./workspace/ibanity/ibanity-java/401775342/.m2/org/glassfish/jersey/media/jersey-media-json-jackson/2.22.2/jersey-media-json-jackson-2.22.2.jar:/root/./workspace/ibanity/ibanity-java/401775342/.m2/org/glassfish/jersey/ext/jersey-entity-filtering/2.22.2/jersey-entity-filtering-2.22.2.jar:/root/./workspace/ibanity/ibanity-java/401775342/.m2/org/apache/commons/commons-compress/1.9/commons-compress-1.9.jar:/root/./workspace/ibanity/ibanity-java/401775342/.m2/com/github/jnr/jnr-unixsocket/0.18/jnr-unixsocket-0.18.jar:/root/./workspace/ibanity/ibanity-java/401775342/.m2/com/github/jnr/jnr-ffi/2.1.4/jnr-ffi-2.1.4.jar:/root/./workspace/ibanity/ibanity-java/401775342/.m2/com/github/jnr/jffi/1.2.15/jffi-1.2.15.jar:/root/./workspace/ibanity/ibanity-java/401775342/.m2/com/github/jnr/jffi/1.2.15/jffi-1.2.15-native.jar:/root/./workspace/ibanity/ibanity-java/401775342/.m2/org/ow2/asm/asm/5.0.3/asm-5.0.3.jar:/root/./workspace/ibanity/ibanity-java/401775342/.m2/org/ow2/asm/asm-commons/5.0.3/asm-commons-5.0.3.jar:/root/./workspace/ibanity/ibanity-java/401775342/.m2/org/ow2/asm/asm-analysis/5.0.3/asm-analysis-5.0.3.jar:/root/./workspace/ibanity/ibanity-java/401775342/.m2/org/ow2/asm/asm-tree/5.0.3/asm-tree-5.0.3.jar:/root/./workspace/ibanity/ibanity-java/401775342/.m2/org/ow2/asm/asm-util/5.0.3/asm-util-5.0.3.jar:/root/./workspace/ibanity/ibanity-java/401775342/.m2/com/github/jnr/jnr-x86asm/1.0.2/jnr-x86asm-1.0.2.jar:/root/./workspace/ibanity/ibanity-java/401775342/.m2/com/github/jnr/jnr-constants/0.9.8/jnr-constants-0.9.8.jar:/root/./workspace/ibanity/ibanity-java/401775342/.m2/com/github/jnr/jnr-enxio/0.16/jnr-enxio-0.16.jar:/root/./workspace/ibanity/ibanity-java/401775342/.m2/com/github/jnr/jnr-posix/3.0.35/jnr-posix-3.0.35.jar:/root/./workspace/ibanity/ibanity-java/401775342/.m2/commons-lang/commons-lang/2.6/commons-lang-2.6.jar:"/>
    <property name="java.vm.vendor" value="Oracle Corporation"/>
    <property name="skip.bower" value="true"/>
    <property name="sun.arch.data.model" value="64"/>
    <property name="java.vendor.url" value="http://java.oracle.com/"/>
    <property name="user.timezone" value=""/>
    <property name="java.vm.specification.version" value="1.8"/>
    <property name="os.name" value="Linux"/>
    <property name="rat.skip" value="true"/>
    <property name="gpg.skip" value="true"/>
    <property name="sun.java.launcher" value="SUN_STANDARD"/>
    <property name="sun.boot.library.path" value="/usr/lib/jvm/java-8-openjdk-amd64/jre/lib/amd64"/>
    <property name="skip.gulp" value="true"/>
    <property name="sun.java.command" value="/root/workspace/ibanity/ibanity-java/401775342/target/surefire/surefirebooter6973254309225411171.jar /root/workspace/ibanity/ibanity-java/401775342/target/surefire 2018-07-31T11-02-11_534-jvmRun1 surefire8788721061142365456tmp surefire_04917590841017869713tmp"/>
    <property name="dependency-check.skip" value="true"/>
    <property name="surefire.test.class.path" value="/root/workspace/ibanity/ibanity-java/401775342/target/test-classes:/root/workspace/ibanity/ibanity-java/401775342/target/classes:/root/./workspace/ibanity/ibanity-java/401775342/.m2/org/apache/commons/commons-configuration2/2.2/commons-configuration2-2.2.jar:/root/./workspace/ibanity/ibanity-java/401775342/.m2/org/apache/commons/commons-lang3/3.6/commons-lang3-3.6.jar:/root/./workspace/ibanity/ibanity-java/401775342/.m2/commons-logging/commons-logging/1.2/commons-logging-1.2.jar:/root/./workspace/ibanity/ibanity-java/401775342/.m2/commons-io/commons-io/2.6/commons-io-2.6.jar:/root/./workspace/ibanity/ibanity-java/401775342/.m2/org/apache/commons/commons-math3/3.6.1/commons-math3-3.6.1.jar:/root/./workspace/ibanity/ibanity-java/401775342/.m2/org/apache/logging/log4j/log4j-api/2.11.0/log4j-api-2.11.0.jar:/root/./workspace/ibanity/ibanity-java/401775342/.m2/org/apache/logging/log4j/log4j-core/2.11.0/log4j-core-2.11.0.jar:/root/./workspace/ibanity/ibanity-java/401775342/.m2/commons-beanutils/commons-beanutils/1.9.3/commons-beanutils-1.9.3.jar:/root/./workspace/ibanity/ibanity-java/401775342/.m2/commons-collections/commons-collections/3.2.2/commons-collections-3.2.2.jar:/root/./workspace/ibanity/ibanity-java/401775342/.m2/io/crnk/crnk-client/2.6.20180430102904/crnk-client-2.6.20180430102904.jar:/root/./workspace/ibanity/ibanity-java/401775342/.m2/io/crnk/crnk-core/2.6.20180430102904/crnk-core-2.6.20180430102904.jar:/root/./workspace/ibanity/ibanity-java/401775342/.m2/net/jodah/typetools/0.4.4/typetools-0.4.4.jar:/root/./workspace/ibanity/ibanity-java/401775342/.m2/org/apache/httpcomponents/httpclient/4.5.5/httpclient-4.5.5.jar:/root/./workspace/ibanity/ibanity-java/401775342/.m2/org/apache/httpcomponents/httpcore/4.4.9/httpcore-4.4.9.jar:/root/./workspace/ibanity/ibanity-java/401775342/.m2/commons-codec/commons-codec/1.10/commons-codec-1.10.jar:/root/./workspace/ibanity/ibanity-java/401775342/.m2/com/fasterxml/jackson/datatype/jackson-datatype-jdk8/2.9.5/jackson-datatype-jdk8-2.9.5.jar:/root/./workspace/ibanity/ibanity-java/401775342/.m2/com/fasterxml/jackson/core/jackson-core/2.9.5/jackson-core-2.9.5.jar:/root/./workspace/ibanity/ibanity-java/401775342/.m2/com/fasterxml/jackson/core/jackson-databind/2.9.5/jackson-databind-2.9.5.jar:/root/./workspace/ibanity/ibanity-java/401775342/.m2/com/fasterxml/jackson/core/jackson-annotations/2.9.5/jackson-annotations-2.9.5.jar:/root/./workspace/ibanity/ibanity-java/401775342/.m2/com/fasterxml/jackson/datatype/jackson-datatype-jsr310/2.9.5/jackson-datatype-jsr310-2.9.5.jar:/root/./workspace/ibanity/ibanity-java/401775342/.m2/org/bouncycastle/bcpkix-jdk14/1.59/bcpkix-jdk14-1.59.jar:/root/./workspace/ibanity/ibanity-java/401775342/.m2/org/bouncycastle/bcprov-jdk14/1.59/bcprov-jdk14-1.59.jar:/root/./workspace/ibanity/ibanity-java/401775342/.m2/org/reflections/reflections/0.9.11/reflections-0.9.11.jar:/root/./workspace/ibanity/ibanity-java/401775342/.m2/com/google/guava/guava/20.0/guava-20.0.jar:/root/./workspace/ibanity/ibanity-java/401775342/.m2/org/javassist/javassist/3.21.0-GA/javassist-3.21.0-GA.jar:/root/./workspace/ibanity/ibanity-java/401775342/.m2/org/iban4j/iban4j/3.2.1/iban4j-3.2.1.jar:/root/./workspace/ibanity/ibanity-java/401775342/.m2/org/junit/jupiter/junit-jupiter-api/5.2.0/junit-jupiter-api-5.2.0.jar:/root/./workspace/ibanity/ibanity-java/401775342/.m2/org/apiguardian/apiguardian-api/1.0.0/apiguardian-api-1.0.0.jar:/root/./workspace/ibanity/ibanity-java/401775342/.m2/org/opentest4j/opentest4j/1.1.0/opentest4j-1.1.0.jar:/root/./workspace/ibanity/ibanity-java/401775342/.m2/org/junit/platform/junit-platform-commons/1.2.0/junit-platform-commons-1.2.0.jar:/root/./workspace/ibanity/ibanity-java/401775342/.m2/org/junit/jupiter/junit-jupiter-engine/5.2.0/junit-jupiter-engine-5.2.0.jar:/root/./workspace/ibanity/ibanity-java/401775342/.m2/org/junit/platform/junit-platform-engine/1.2.0/junit-platform-engine-1.2.0.jar:/root/./workspace/ibanity/ibanity-java/401775342/.m2/org/junit/platform/junit-platform-launcher/1.2.0/junit-platform-launcher-1.2.0.jar:/root/./workspace/ibanity/ibanity-java/401775342/.m2/com/spotify/docker-client/8.11.7/docker-client-8.11.7.jar:/root/./workspace/ibanity/ibanity-java/401775342/.m2/org/slf4j/slf4j-api/1.7.22/slf4j-api-1.7.22.jar:/root/./workspace/ibanity/ibanity-java/401775342/.m2/com/fasterxml/jackson/jaxrs/jackson-jaxrs-json-provider/2.9.4/jackson-jaxrs-json-provider-2.9.4.jar:/root/./workspace/ibanity/ibanity-java/401775342/.m2/com/fasterxml/jackson/jaxrs/jackson-jaxrs-base/2.9.4/jackson-jaxrs-base-2.9.4.jar:/root/./workspace/ibanity/ibanity-java/401775342/.m2/com/fasterxml/jackson/module/jackson-module-jaxb-annotations/2.9.4/jackson-module-jaxb-annotations-2.9.4.jar:/root/./workspace/ibanity/ibanity-java/401775342/.m2/com/fasterxml/jackson/datatype/jackson-datatype-guava/2.9.4/jackson-datatype-guava-2.9.4.jar:/root/./workspace/ibanity/ibanity-java/401775342/.m2/org/glassfish/jersey/core/jersey-client/2.22.2/jersey-client-2.22.2.jar:/root/./workspace/ibanity/ibanity-java/401775342/.m2/javax/ws/rs/javax.ws.rs-api/2.0.1/javax.ws.rs-api-2.0.1.jar:/root/./workspace/ibanity/ibanity-java/401775342/.m2/org/glassfish/jersey/core/jersey-common/2.22.2/jersey-common-2.22.2.jar:/root/./workspace/ibanity/ibanity-java/401775342/.m2/javax/annotation/javax.annotation-api/1.2/javax.annotation-api-1.2.jar:/root/./workspace/ibanity/ibanity-java/401775342/.m2/org/glassfish/jersey/bundles/repackaged/jersey-guava/2.22.2/jersey-guava-2.22.2.jar:/root/./workspace/ibanity/ibanity-java/401775342/.m2/org/glassfish/hk2/osgi-resource-locator/1.0.1/osgi-resource-locator-1.0.1.jar:/root/./workspace/ibanity/ibanity-java/401775342/.m2/org/glassfish/hk2/hk2-api/2.4.0-b34/hk2-api-2.4.0-b34.jar:/root/./workspace/ibanity/ibanity-java/401775342/.m2/org/glassfish/hk2/hk2-utils/2.4.0-b34/hk2-utils-2.4.0-b34.jar:/root/./workspace/ibanity/ibanity-java/401775342/.m2/org/glassfish/hk2/external/aopalliance-repackaged/2.4.0-b34/aopalliance-repackaged-2.4.0-b34.jar:/root/./workspace/ibanity/ibanity-java/401775342/.m2/org/glassfish/hk2/external/javax.inject/2.4.0-b34/javax.inject-2.4.0-b34.jar:/root/./workspace/ibanity/ibanity-java/401775342/.m2/org/glassfish/hk2/hk2-locator/2.4.0-b34/hk2-locator-2.4.0-b34.jar:/root/./workspace/ibanity/ibanity-java/401775342/.m2/org/glassfish/jersey/connectors/jersey-apache-connector/2.22.2/jersey-apache-connector-2.22.2.jar:/root/./workspace/ibanity/ibanity-java/401775342/.m2/org/glassfish/jersey/media/jersey-media-json-jackson/2.22.2/jersey-media-json-jackson-2.22.2.jar:/root/./workspace/ibanity/ibanity-java/401775342/.m2/org/glassfish/jersey/ext/jersey-entity-filtering/2.22.2/jersey-entity-filtering-2.22.2.jar:/root/./workspace/ibanity/ibanity-java/401775342/.m2/org/apache/commons/commons-compress/1.9/commons-compress-1.9.jar:/root/./workspace/ibanity/ibanity-java/401775342/.m2/com/github/jnr/jnr-unixsocket/0.18/jnr-unixsocket-0.18.jar:/root/./workspace/ibanity/ibanity-java/401775342/.m2/com/github/jnr/jnr-ffi/2.1.4/jnr-ffi-2.1.4.jar:/root/./workspace/ibanity/ibanity-java/401775342/.m2/com/github/jnr/jffi/1.2.15/jffi-1.2.15.jar:/root/./workspace/ibanity/ibanity-java/401775342/.m2/com/github/jnr/jffi/1.2.15/jffi-1.2.15-native.jar:/root/./workspace/ibanity/ibanity-java/401775342/.m2/org/ow2/asm/asm/5.0.3/asm-5.0.3.jar:/root/./workspace/ibanity/ibanity-java/401775342/.m2/org/ow2/asm/asm-commons/5.0.3/asm-commons-5.0.3.jar:/root/./workspace/ibanity/ibanity-java/401775342/.m2/org/ow2/asm/asm-analysis/5.0.3/asm-analysis-5.0.3.jar:/root/./workspace/ibanity/ibanity-java/401775342/.m2/org/ow2/asm/asm-tree/5.0.3/asm-tree-5.0.3.jar:/root/./workspace/ibanity/ibanity-java/401775342/.m2/org/ow2/asm/asm-util/5.0.3/asm-util-5.0.3.jar:/root/./workspace/ibanity/ibanity-java/401775342/.m2/com/github/jnr/jnr-x86asm/1.0.2/jnr-x86asm-1.0.2.jar:/root/./workspace/ibanity/ibanity-java/401775342/.m2/com/github/jnr/jnr-constants/0.9.8/jnr-constants-0.9.8.jar:/root/./workspace/ibanity/ibanity-java/401775342/.m2/com/github/jnr/jnr-enxio/0.16/jnr-enxio-0.16.jar:/root/./workspace/ibanity/ibanity-java/401775342/.m2/com/github/jnr/jnr-posix/3.0.35/jnr-posix-3.0.35.jar:/root/./workspace/ibanity/ibanity-java/401775342/.m2/commons-lang/commons-lang/2.6/commons-lang-2.6.jar:"/>
    <property name="sun.cpu.endian" value="little"/>
    <property name="user.home" value="/root"/>
    <property name="user.language" value="en"/>
    <property name="java.specification.vendor" value="Oracle Corporation"/>
    <property name="java.home" value="/usr/lib/jvm/java-8-openjdk-amd64/jre"/>
    <property name="basedir" value="/root/workspace/ibanity/ibanity-java/401775342"/>
    <property name="file.separator" value="/"/>
    <property name="checkstyle.skip" value="true"/>
    <property name="line.separator" value="&#10;"/>
    <property name="skip.npm" value="true"/>
    <property name="java.vm.specification.vendor" value="Oracle Corporation"/>
    <property name="java.specification.name" value="Java Platform API Specification"/>
    <property name="java.awt.graphicsenv" value="sun.awt.X11GraphicsEnvironment"/>
    <property name="skipITs" value="true"/>
    <property name="surefire.real.class.path" value="/root/workspace/ibanity/ibanity-java/401775342/target/surefire/surefirebooter6973254309225411171.jar:/root/./workspace/ibanity/ibanity-java/401775342/.m2/org/jacoco/org.jacoco.agent/0.8.1/org.jacoco.agent-0.8.1-runtime.jar"/>
    <property name="cobertura.skip" value="true"/>
    <property name="sun.boot.class.path" value="/usr/lib/jvm/java-8-openjdk-amd64/jre/lib/resources.jar:/usr/lib/jvm/java-8-openjdk-amd64/jre/lib/rt.jar:/usr/lib/jvm/java-8-openjdk-amd64/jre/lib/sunrsasign.jar:/usr/lib/jvm/java-8-openjdk-amd64/jre/lib/jsse.jar:/usr/lib/jvm/java-8-openjdk-amd64/jre/lib/jce.jar:/usr/lib/jvm/java-8-openjdk-amd64/jre/lib/charsets.jar:/usr/lib/jvm/java-8-openjdk-amd64/jre/lib/jfr.jar:/usr/lib/jvm/java-8-openjdk-amd64/jre/classes"/>
    <property name="sun.management.compiler" value="HotSpot 64-Bit Tiered Compilers"/>
    <property name="java.runtime.version" value="1.8.0_121-8u121-b13-1~bpo8+1-b13"/>
    <property name="user.name" value="root"/>
    <property name="findbugs.skip" value="true"/>
    <property name="path.separator" value=":"/>
    <property name="os.version" value="3.10.0-862.3.2.el7.x86_64"/>
    <property name="java.endorsed.dirs" value="/usr/lib/jvm/java-8-openjdk-amd64/jre/lib/endorsed"/>
    <property name="java.runtime.name" value="OpenJDK Runtime Environment"/>
    <property name="file.encoding" value="UTF-8"/>
    <property name="java.vm.name" value="OpenJDK 64-Bit Server VM"/>
    <property name="localRepository" value="/root/./workspace/ibanity/ibanity-java/401775342/.m2"/>
    <property name="java.vendor.url.bug" value="http://bugreport.sun.com/bugreport/"/>
    <property name="java.io.tmpdir" value="/tmp"/>
    <property name="java.version" value="1.8.0_121"/>
    <property name="user.dir" value="/root/workspace/ibanity/ibanity-java/401775342"/>
    <property name="os.arch" value="amd64"/>
    <property name="license.skip" value="true"/>
    <property name="java.vm.specification.name" value="Java Virtual Machine Specification"/>
    <property name="java.awt.printerjob" value="sun.print.PSPrinterJob"/>
    <property name="sun.os.patch.level" value="unknown"/>
    <property name="java.library.path" value="/usr/java/packages/lib/amd64:/usr/lib/x86_64-linux-gnu/jni:/lib/x86_64-linux-gnu:/usr/lib/x86_64-linux-gnu:/usr/lib/jni:/lib:/usr/lib"/>
    <property name="java.vm.info" value="mixed mode"/>
    <property name="java.vendor" value="Oracle Corporation"/>
    <property name="java.vm.version" value="25.121-b13"/>
    <property name="java.ext.dirs" value="/usr/lib/jvm/java-8-openjdk-amd64/jre/lib/ext:/usr/java/packages/lib/ext"/>
    <property name="sun.io.unicode.encoding" value="UnicodeLittle"/>
    <property name="maven.repo.local" value="/root/./workspace/ibanity/ibanity-java/401775342/.m2"/>
    <property name="enforcer.skip" value="true"/>
    <property name="java.class.version" value="52.0"/>
  </properties>
  <testcase name="testCreateForFinancialInstitution" classname="com.ibanity.apis.client.services.AccountInformationAccessRequestsServiceTest" time="0.08">
    <error message="Received fatal alert: handshake_failure" type="com.ibanity.apis.client.exceptions.IbanityException">com.ibanity.apis.client.exceptions.IbanityException: Received fatal alert: handshake_failure
	at com.ibanity.apis.client.services.AccountInformationAccessRequestsServiceTest.setUp(AccountInformationAccessRequestsServiceTest.java:21)
Caused by: javax.net.ssl.SSLHandshakeException: Received fatal alert: handshake_failure
	at com.ibanity.apis.client.services.AccountInformationAccessRequestsServiceTest.setUp(AccountInformationAccessRequestsServiceTest.java:21)
</error>
    <system-out><![CDATA[11:02:23.628 [main] FATAL com.ibanity.apis.client.network.http.client.IbanityHttpUtils - java.io.IOException: keystore password was incorrect
11:02:23.633 [main] FATAL com.ibanity.apis.client.network.http.client.IbanityHttpUtils - java.io.IOException: keystore password was incorrect
]]></system-out>
  </testcase>
  <testcase name="testCreateForFinancialInstitutionWithIdempotency" classname="com.ibanity.apis.client.services.AccountInformationAccessRequestsServiceTest" time="0.111">
    <error message="Received fatal alert: handshake_failure" type="com.ibanity.apis.client.exceptions.IbanityException">com.ibanity.apis.client.exceptions.IbanityException: Received fatal alert: handshake_failure
	at com.ibanity.apis.client.services.AccountInformationAccessRequestsServiceTest.setUp(AccountInformationAccessRequestsServiceTest.java:21)
Caused by: javax.net.ssl.SSLHandshakeException: Received fatal alert: handshake_failure
	at com.ibanity.apis.client.services.AccountInformationAccessRequestsServiceTest.setUp(AccountInformationAccessRequestsServiceTest.java:21)
</error>
    <system-out><![CDATA[11:02:23.710 [main] FATAL com.ibanity.apis.client.network.http.client.IbanityHttpUtils - java.io.IOException: keystore password was incorrect
11:02:23.715 [main] FATAL com.ibanity.apis.client.network.http.client.IbanityHttpUtils - java.io.IOException: keystore password was incorrect
]]></system-out>
  </testcase>
  <testcase name="testCreateForUnknownFinancialInstitution" classname="com.ibanity.apis.client.services.AccountInformationAccessRequestsServiceTest" time="0.073">
    <error message="Received fatal alert: handshake_failure" type="com.ibanity.apis.client.exceptions.IbanityException">com.ibanity.apis.client.exceptions.IbanityException: Received fatal alert: handshake_failure
	at com.ibanity.apis.client.services.AccountInformationAccessRequestsServiceTest.setUp(AccountInformationAccessRequestsServiceTest.java:21)
Caused by: javax.net.ssl.SSLHandshakeException: Received fatal alert: handshake_failure
	at com.ibanity.apis.client.services.AccountInformationAccessRequestsServiceTest.setUp(AccountInformationAccessRequestsServiceTest.java:21)
</error>
    <system-out><![CDATA[11:02:23.817 [main] FATAL com.ibanity.apis.client.network.http.client.IbanityHttpUtils - java.io.IOException: keystore password was incorrect
11:02:23.821 [main] FATAL com.ibanity.apis.client.network.http.client.IbanityHttpUtils - java.io.IOException: keystore password was incorrect
]]></system-out>
  </testcase>
</testsuite>