<?xml version="1.0" encoding="UTF-8"?>
<testsuite name="com.jeffferreira.pontointeligente.api.controllers.LancamentoControllerTest" time="0.157" tests="4" errors="0" skipped="0" failures="1">
  <properties>
    <property name="java.runtime.name" value="OpenJDK Runtime Environment"/>
    <property name="sun.boot.library.path" value="/usr/lib/jvm/java-8-openjdk-amd64/jre/lib/amd64"/>
    <property name="java.vm.version" value="25.121-b13"/>
    <property name="java.vm.vendor" value="Oracle Corporation"/>
    <property name="maven.multiModuleProjectDirectory" value="/root/workspace/jeffferreira/ponto-inteligente-api/384551088"/>
    <property name="java.vendor.url" value="http://java.oracle.com/"/>
    <property name="path.separator" value=":"/>
    <property name="guice.disable.misplaced.annotation.check" value="true"/>
    <property name="skip.gulp" value="true"/>
    <property name="java.vm.name" value="OpenJDK 64-Bit Server VM"/>
    <property name="file.encoding.pkg" value="sun.io"/>
    <property name="sun.java.launcher" value="SUN_STANDARD"/>
    <property name="sun.os.patch.level" value="unknown"/>
    <property name="findbugs.skip" value="true"/>
    <property name="java.vm.specification.name" value="Java Virtual Machine Specification"/>
    <property name="user.dir" value="/root/workspace/jeffferreira/ponto-inteligente-api/384551088"/>
    <property name="checkstyle.skip" value="true"/>
    <property name="java.runtime.version" value="1.8.0_121-8u121-b13-1~bpo8+1-b13"/>
    <property name="java.awt.graphicsenv" value="sun.awt.X11GraphicsEnvironment"/>
    <property name="skip.npm" value="true"/>
    <property name="java.endorsed.dirs" value="/usr/lib/jvm/java-8-openjdk-amd64/jre/lib/endorsed"/>
    <property name="os.arch" value="amd64"/>
    <property name="java.io.tmpdir" value="/tmp"/>
    <property name="gpg.skip" value="true"/>
    <property name="line.separator" value="&#10;"/>
    <property name="java.vm.specification.vendor" value="Oracle Corporation"/>
    <property name="cobertura.skip" value="true"/>
    <property name="os.name" value="Linux"/>
    <property name="classworlds.conf" value="/usr/share/maven/bin/m2.conf"/>
    <property name="sun.jnu.encoding" value="UTF-8"/>
    <property name="java.library.path" value="/usr/java/packages/lib/amd64:/usr/lib/x86_64-linux-gnu/jni:/lib/x86_64-linux-gnu:/usr/lib/x86_64-linux-gnu:/usr/lib/jni:/lib:/usr/lib"/>
    <property name="license.skip" value="true"/>
    <property name="java.specification.name" value="Java Platform API Specification"/>
    <property name="java.class.version" value="52.0"/>
    <property name="sun.management.compiler" value="HotSpot 64-Bit Tiered Compilers"/>
    <property name="skip.bower" value="true"/>
    <property name="maven.repo.local" value="/root/./workspace/jeffferreira/ponto-inteligente-api/384551088/.m2"/>
    <property name="os.version" value="3.10.0-862.3.2.el7.x86_64"/>
    <property name="user.home" value="/root"/>
    <property name="user.timezone" value="Europe/Paris"/>
    <property name="java.awt.printerjob" value="sun.print.PSPrinterJob"/>
    <property name="java.specification.version" value="1.8"/>
    <property name="file.encoding" value="UTF-8"/>
    <property name="user.name" value="root"/>
    <property name="java.class.path" value="/usr/share/maven/boot/plexus-classworlds-2.5.2.jar"/>
    <property name="skipITs" value="true"/>
    <property name="java.vm.specification.version" value="1.8"/>
    <property name="sun.arch.data.model" value="64"/>
    <property name="java.home" value="/usr/lib/jvm/java-8-openjdk-amd64/jre"/>
    <property name="sun.java.command" value="org.codehaus.plexus.classworlds.launcher.Launcher -B -D enforcer.skip=true -D dependency-check.skip=true -D skipITs=true -D cobertura.skip=true -D maven.repo.local=/root/./workspace/jeffferreira/ponto-inteligente-api/384551088/.m2 -D rat.skip=true -D findbugs.skip=true -D skip.bower=true -D gpg.skip=true -D checkstyle.skip=true -D skip.gulp=true -D license.skip=true -D skip.npm=true test"/>
    <property name="java.specification.vendor" value="Oracle Corporation"/>
    <property name="user.language" value="en"/>
    <property name="awt.toolkit" value="sun.awt.X11.XToolkit"/>
    <property name="dependency-check.skip" value="true"/>
    <property name="java.vm.info" value="mixed mode"/>
    <property name="java.version" value="1.8.0_121"/>
    <property name="java.ext.dirs" value="/usr/lib/jvm/java-8-openjdk-amd64/jre/lib/ext:/usr/java/packages/lib/ext"/>
    <property name="securerandom.source" value="file:/dev/./urandom"/>
    <property name="sun.boot.class.path" value="/usr/lib/jvm/java-8-openjdk-amd64/jre/lib/resources.jar:/usr/lib/jvm/java-8-openjdk-amd64/jre/lib/rt.jar:/usr/lib/jvm/java-8-openjdk-amd64/jre/lib/sunrsasign.jar:/usr/lib/jvm/java-8-openjdk-amd64/jre/lib/jsse.jar:/usr/lib/jvm/java-8-openjdk-amd64/jre/lib/jce.jar:/usr/lib/jvm/java-8-openjdk-amd64/jre/lib/charsets.jar:/usr/lib/jvm/java-8-openjdk-amd64/jre/lib/jfr.jar:/usr/lib/jvm/java-8-openjdk-amd64/jre/classes"/>
    <property name="java.vendor" value="Oracle Corporation"/>
    <property name="enforcer.skip" value="true"/>
    <property name="rat.skip" value="true"/>
    <property name="maven.home" value="/usr/share/maven"/>
    <property name="file.separator" value="/"/>
    <property name="java.vendor.url.bug" value="http://bugreport.sun.com/bugreport/"/>
    <property name="sun.cpu.endian" value="little"/>
    <property name="sun.io.unicode.encoding" value="UnicodeLittle"/>
    <property name="sun.cpu.isalist" value=""/>
  </properties>
  <testcase name="testRemoverLancamentoAcessoNegado" classname="com.jeffferreira.pontointeligente.api.controllers.LancamentoControllerTest" time="0.019">
    <failure message="Status expected:&lt;403&gt; but was:&lt;200&gt;" type="java.lang.AssertionError"><![CDATA[java.lang.AssertionError: Status expected:<403> but was:<200>
	at org.springframework.test.util.AssertionErrors.fail(AssertionErrors.java:54)
	at org.springframework.test.util.AssertionErrors.assertEquals(AssertionErrors.java:81)
	at org.springframework.test.web.servlet.result.StatusResultMatchers$10.match(StatusResultMatchers.java:665)
	at org.springframework.test.web.servlet.MockMvc$1.andExpect(MockMvc.java:171)
	at com.jeffferreira.pontointeligente.api.controllers.LancamentoControllerTest.testRemoverLancamentoAcessoNegado(LancamentoControllerTest.java:107)
]]></failure>
    <system-out><![CDATA[2018-05-28 04:14:56.075  INFO 158 --- [           main] .b.t.c.SpringBootTestContextBootstrapper : Neither @ContextConfiguration nor @ContextHierarchy found for test class [com.jeffferreira.pontointeligente.api.controllers.LancamentoControllerTest], using SpringBootContextLoader
2018-05-28 04:14:56.076  INFO 158 --- [           main] o.s.t.c.support.AbstractContextLoader    : Could not detect default resource locations for test class [com.jeffferreira.pontointeligente.api.controllers.LancamentoControllerTest]: no resource found for suffixes {-context.xml, Context.groovy}.
2018-05-28 04:14:56.076  INFO 158 --- [           main] t.c.s.AnnotationConfigContextLoaderUtils : Could not detect default configuration classes for test class [com.jeffferreira.pontointeligente.api.controllers.LancamentoControllerTest]: LancamentoControllerTest does not declare any static, non-private, non-final, nested classes annotated with @Configuration.
2018-05-28 04:14:56.085  INFO 158 --- [           main] .b.t.c.SpringBootTestContextBootstrapper : Found @SpringBootConfiguration com.jeffferreira.pontointeligente.api.PontointeligenteApplication for test class com.jeffferreira.pontointeligente.api.controllers.LancamentoControllerTest
2018-05-28 04:14:56.088  INFO 158 --- [           main] .b.t.c.SpringBootTestContextBootstrapper : Loaded default TestExecutionListener class names from location [META-INF/spring.factories]: [org.springframework.boot.test.mock.mockito.MockitoTestExecutionListener, org.springframework.boot.test.mock.mockito.ResetMocksTestExecutionListener, org.springframework.boot.test.autoconfigure.restdocs.RestDocsTestExecutionListener, org.springframework.boot.test.autoconfigure.web.client.MockRestServiceServerResetTestExecutionListener, org.springframework.boot.test.autoconfigure.web.servlet.MockMvcPrintOnlyOnFailureTestExecutionListener, org.springframework.boot.test.autoconfigure.web.servlet.WebDriverTestExecutionListener, org.springframework.test.context.web.ServletTestExecutionListener, org.springframework.test.context.support.DirtiesContextBeforeModesTestExecutionListener, org.springframework.test.context.support.DependencyInjectionTestExecutionListener, org.springframework.test.context.support.DirtiesContextTestExecutionListener, org.springframework.test.context.transaction.TransactionalTestExecutionListener, org.springframework.test.context.jdbc.SqlScriptsTestExecutionListener, org.springframework.security.test.context.support.WithSecurityContextTestExecutionListener]
2018-05-28 04:14:56.091  INFO 158 --- [           main] .b.t.c.SpringBootTestContextBootstrapper : Using TestExecutionListeners: [org.springframework.test.context.web.ServletTestExecutionListener@799971ac, org.springframework.test.context.support.DirtiesContextBeforeModesTestExecutionListener@59c08cf1, org.springframework.boot.test.autoconfigure.SpringBootDependencyInjectionTestExecutionListener@45f0038, org.springframework.test.context.support.DirtiesContextTestExecutionListener@289a4b90, org.springframework.test.context.transaction.TransactionalTestExecutionListener@1a3c4b3e, org.springframework.test.context.jdbc.SqlScriptsTestExecutionListener@4746fb8c, org.springframework.security.test.context.support.WithSecurityContextTestExecutionListener@3be46d9c, org.springframework.boot.test.autoconfigure.web.servlet.WebDriverTestExecutionListener@41d877bb, org.springframework.boot.test.mock.mockito.ResetMocksTestExecutionListener@39c5a105, org.springframework.boot.test.autoconfigure.restdocs.RestDocsTestExecutionListener@492fa72a, org.springframework.boot.test.autoconfigure.web.client.MockRestServiceServerResetTestExecutionListener@513fab1e, org.springframework.boot.test.mock.mockito.MockitoTestExecutionListener@53d87b2d, org.springframework.boot.test.autoconfigure.web.servlet.MockMvcPrintOnlyOnFailureTestExecutionListener@470135da]

  .   ____          _            __ _ _
 /\\ / ___'_ __ _ _(_)_ __  __ _ \ \ \ \
( ( )\___ | '_ | '_| | '_ \/ _` | \ \ \ \
 \\/  ___)| |_)| | | | | || (_| |  ) ) ) )
  '  |____| .__|_| |_|_| |_\__, | / / / /
 =========|_|==============|___/=/_/_/_/
 :: Spring Boot ::        (v1.5.6.RELEASE)

2018-05-28 04:14:56.168  INFO 158 --- [           main] c.j.p.a.c.LancamentoControllerTest       : Starting LancamentoControllerTest on cyclone1 with PID 158 (started by root in /root/workspace/jeffferreira/ponto-inteligente-api/384551088)
2018-05-28 04:14:56.168  INFO 158 --- [           main] c.j.p.a.c.LancamentoControllerTest       : The following profiles are active: test
2018-05-28 04:14:56.171  INFO 158 --- [           main] o.s.w.c.s.GenericWebApplicationContext   : Refreshing org.springframework.web.context.support.GenericWebApplicationContext@615c4ea4: startup date [Mon May 28 04:14:56 CEST 2018]; root of context hierarchy
2018-05-28 04:14:57.069  INFO 158 --- [           main] j.LocalContainerEntityManagerFactoryBean : Building JPA container EntityManagerFactory for persistence unit 'default'
2018-05-28 04:14:57.070  INFO 158 --- [           main] o.hibernate.jpa.internal.util.LogHelper  : HHH000204: Processing PersistenceUnitInfo [
	name: default
	...]
2018-05-28 04:14:57.079  INFO 158 --- [           main] org.hibernate.dialect.Dialect            : HHH000400: Using dialect: org.hibernate.dialect.H2Dialect
2018-05-28 04:14:57.145  INFO 158 --- [           main] org.hibernate.tool.hbm2ddl.SchemaExport  : HHH000227: Running hbm2ddl schema export
Hibernate: 
    drop table empresa if exists
Hibernate: 
    drop table funcionario if exists
Hibernate: 
    drop table lancamento if exists
Hibernate: 
    create table empresa (
        id bigint generated by default as identity,
        cnpj varchar(255) not null,
        data_atualizacao timestamp not null,
        data_criacao timestamp not null,
        razao_social varchar(255) not null,
        primary key (id)
    )
Hibernate: 
    create table funcionario (
        id bigint generated by default as identity,
        cpf varchar(255) not null,
        data_atualizacao timestamp not null,
        data_criacao timestamp not null,
        email varchar(255) not null,
        nome varchar(255) not null,
        perfil varchar(255) not null,
        qtd_horas_almoco float,
        qtd_horas_trabalho_dia float,
        senha varchar(255) not null,
        valor_hora decimal(19,2),
        empresa_id bigint,
        primary key (id)
    )
Hibernate: 
    create table lancamento (
        id bigint generated by default as identity,
        data timestamp not null,
        data_atualizacao timestamp not null,
        data_criacao timestamp not null,
        descricao varchar(255),
        localizacao varchar(255),
        tipo varchar(255) not null,
        funcionario_id bigint,
        primary key (id)
    )
Hibernate: 
    alter table funcionario 
        add constraint FK4cm1kg523jlopyexjbmi6y54j 
        foreign key (empresa_id) 
        references empresa
Hibernate: 
    alter table lancamento 
        add constraint FK46i4k5vl8wah7feutye9kbpi4 
        foreign key (funcionario_id) 
        references funcionario
2018-05-28 04:14:57.171  INFO 158 --- [           main] org.hibernate.tool.hbm2ddl.SchemaExport  : HHH000230: Schema export complete
2018-05-28 04:14:57.175  WARN 158 --- [           main] o.h.j.i.EntityManagerFactoryRegistry     : HHH000436: Entity manager factory name (default) is already registered.  If entity manager will be clustered or passivated, specify a unique value for property 'hibernate.ejb.entitymanager_factory_name'
2018-05-28 04:14:57.175  INFO 158 --- [           main] j.LocalContainerEntityManagerFactoryBean : Initialized JPA EntityManagerFactory for persistence unit 'default'
2018-05-28 04:14:57.330  INFO 158 --- [           main] o.s.b.t.m.w.SpringBootMockServletContext : Initializing Spring FrameworkServlet ''
2018-05-28 04:14:57.331  INFO 158 --- [           main] o.s.t.web.servlet.TestDispatcherServlet  : FrameworkServlet '': initialization started
2018-05-28 04:14:57.407  INFO 158 --- [           main] s.w.s.m.m.a.RequestMappingHandlerMapping : Mapped "{[/api/cadastrar-pf],methods=[POST]}" onto public org.springframework.http.ResponseEntity<com.jeffferreira.pontointeligente.api.response.Response<com.jeffferreira.pontointeligente.api.dtos.CadastroPFDto>> com.jeffferreira.pontointeligente.api.controllers.CadastroPFController.cadastrar(com.jeffferreira.pontointeligente.api.dtos.CadastroPFDto,org.springframework.validation.BindingResult) throws java.security.NoSuchAlgorithmException
2018-05-28 04:14:57.408  INFO 158 --- [           main] s.w.s.m.m.a.RequestMappingHandlerMapping : Mapped "{[/api/cadastrar-pj],methods=[POST]}" onto public org.springframework.http.ResponseEntity<com.jeffferreira.pontointeligente.api.response.Response<com.jeffferreira.pontointeligente.api.dtos.CadastroPJDto>> com.jeffferreira.pontointeligente.api.controllers.CadastroPJController.cadastrar(com.jeffferreira.pontointeligente.api.dtos.CadastroPJDto,org.springframework.validation.BindingResult) throws java.security.NoSuchAlgorithmException
2018-05-28 04:14:57.409  INFO 158 --- [           main] s.w.s.m.m.a.RequestMappingHandlerMapping : Mapped "{[/api/empresas/cnpj/{cnpj}],methods=[GET]}" onto public org.springframework.http.ResponseEntity<com.jeffferreira.pontointeligente.api.response.Response<com.jeffferreira.pontointeligente.api.dtos.EmpresaDto>> com.jeffferreira.pontointeligente.api.controllers.EmpresaController.buscarPorCnpj(java.lang.String)
2018-05-28 04:14:57.410  INFO 158 --- [           main] s.w.s.m.m.a.RequestMappingHandlerMapping : Mapped "{[/api/funcionarios/{id}],methods=[PUT]}" onto public org.springframework.http.ResponseEntity<com.jeffferreira.pontointeligente.api.response.Response<com.jeffferreira.pontointeligente.api.dtos.FuncionarioDto>> com.jeffferreira.pontointeligente.api.controllers.FuncionarioController.atualizar(java.lang.Long,com.jeffferreira.pontointeligente.api.dtos.FuncionarioDto,org.springframework.validation.BindingResult) throws java.security.NoSuchAlgorithmException
2018-05-28 04:14:57.412  INFO 158 --- [           main] s.w.s.m.m.a.RequestMappingHandlerMapping : Mapped "{[/api/lancamentos/{id}],methods=[DELETE]}" onto public org.springframework.http.ResponseEntity<com.jeffferreira.pontointeligente.api.response.Response<java.lang.String>> com.jeffferreira.pontointeligente.api.controllers.LancamentoController.remover(java.lang.Long)
2018-05-28 04:14:57.412  INFO 158 --- [           main] s.w.s.m.m.a.RequestMappingHandlerMapping : Mapped "{[/api/lancamentos/{id}],methods=[GET]}" onto public org.springframework.http.ResponseEntity<com.jeffferreira.pontointeligente.api.response.Response<com.jeffferreira.pontointeligente.api.dtos.LancamentoDto>> com.jeffferreira.pontointeligente.api.controllers.LancamentoController.listarPorId(java.lang.Long)
2018-05-28 04:14:57.412  INFO 158 --- [           main] s.w.s.m.m.a.RequestMappingHandlerMapping : Mapped "{[/api/lancamentos],methods=[POST]}" onto public org.springframework.http.ResponseEntity<com.jeffferreira.pontointeligente.api.response.Response<com.jeffferreira.pontointeligente.api.dtos.LancamentoDto>> com.jeffferreira.pontointeligente.api.controllers.LancamentoController.adicionar(com.jeffferreira.pontointeligente.api.dtos.LancamentoDto,org.springframework.validation.BindingResult) throws java.text.ParseException
2018-05-28 04:14:57.414  INFO 158 --- [           main] s.w.s.m.m.a.RequestMappingHandlerMapping : Mapped "{[/api/lancamentos/funcionario/{funcionarioId}],methods=[GET]}" onto public org.springframework.http.ResponseEntity<com.jeffferreira.pontointeligente.api.response.Response<org.springframework.data.domain.Page<com.jeffferreira.pontointeligente.api.dtos.LancamentoDto>>> com.jeffferreira.pontointeligente.api.controllers.LancamentoController.listarPorFuncionarioId(java.lang.Long,int,java.lang.String,java.lang.String)
2018-05-28 04:14:57.415  INFO 158 --- [           main] s.w.s.m.m.a.RequestMappingHandlerMapping : Mapped "{[/api/lancamentos/{id}],methods=[PUT]}" onto public org.springframework.http.ResponseEntity<com.jeffferreira.pontointeligente.api.response.Response<com.jeffferreira.pontointeligente.api.dtos.LancamentoDto>> com.jeffferreira.pontointeligente.api.controllers.LancamentoController.atualizar(java.lang.Long,com.jeffferreira.pontointeligente.api.dtos.LancamentoDto,org.springframework.validation.BindingResult) throws java.text.ParseException
2018-05-28 04:14:57.417  INFO 158 --- [           main] s.w.s.m.m.a.RequestMappingHandlerMapping : Mapped "{[/error],produces=[text/html]}" onto public org.springframework.web.servlet.ModelAndView org.springframework.boot.autoconfigure.web.BasicErrorController.errorHtml(javax.servlet.http.HttpServletRequest,javax.servlet.http.HttpServletResponse)
2018-05-28 04:14:57.417  INFO 158 --- [           main] s.w.s.m.m.a.RequestMappingHandlerMapping : Mapped "{[/error]}" onto public org.springframework.http.ResponseEntity<java.util.Map<java.lang.String, java.lang.Object>> org.springframework.boot.autoconfigure.web.BasicErrorController.error(javax.servlet.http.HttpServletRequest)
2018-05-28 04:14:57.434  INFO 158 --- [           main] o.s.w.s.handler.SimpleUrlHandlerMapping  : Mapped URL path [/webjars/**] onto handler of type [class org.springframework.web.servlet.resource.ResourceHttpRequestHandler]
2018-05-28 04:14:57.434  INFO 158 --- [           main] o.s.w.s.handler.SimpleUrlHandlerMapping  : Mapped URL path [/**] onto handler of type [class org.springframework.web.servlet.resource.ResourceHttpRequestHandler]
2018-05-28 04:14:57.444  INFO 158 --- [           main] o.s.w.s.handler.SimpleUrlHandlerMapping  : Mapped URL path [/**/favicon.ico] onto handler of type [class org.springframework.web.servlet.resource.ResourceHttpRequestHandler]
2018-05-28 04:14:57.526  INFO 158 --- [           main] s.w.s.m.m.a.RequestMappingHandlerAdapter : Looking for @ControllerAdvice: org.springframework.web.context.support.GenericWebApplicationContext@615c4ea4: startup date [Mon May 28 04:14:56 CEST 2018]; root of context hierarchy
2018-05-28 04:14:57.572  INFO 158 --- [           main] o.s.t.web.servlet.TestDispatcherServlet  : FrameworkServlet '': initialization completed in 241 ms
2018-05-28 04:14:57.631  INFO 158 --- [           main] b.a.s.AuthenticationManagerConfiguration : 

Using default security password: eba0d97d-94b0-47cd-8493-99ae44ca1730

2018-05-28 04:14:57.640  INFO 158 --- [           main] o.s.s.web.DefaultSecurityFilterChain     : Creating filter chain: OrRequestMatcher [requestMatchers=[Ant [pattern='/css/**'], Ant [pattern='/js/**'], Ant [pattern='/images/**'], Ant [pattern='/webjars/**'], Ant [pattern='/**/favicon.ico'], Ant [pattern='/error']]], []
2018-05-28 04:14:57.687  INFO 158 --- [           main] o.s.s.web.DefaultSecurityFilterChain     : Creating filter chain: org.springframework.boot.autoconfigure.security.SpringBootWebSecurityConfiguration$ApplicationNoWebSecurityConfigurerAdapter$1@51c4992e, [org.springframework.security.web.context.request.async.WebAsyncManagerIntegrationFilter@3713bedc, org.springframework.security.web.context.SecurityContextPersistenceFilter@7b33deed, org.springframework.security.web.header.HeaderWriterFilter@6292c63e, org.springframework.security.web.csrf.CsrfFilter@3095d06b, org.springframework.security.web.authentication.logout.LogoutFilter@3465edf9, org.springframework.security.web.savedrequest.RequestCacheAwareFilter@7fd32c56, org.springframework.security.web.servletapi.SecurityContextHolderAwareRequestFilter@b04a6a4, org.springframework.security.web.authentication.AnonymousAuthenticationFilter@198c0f1c, org.springframework.security.web.session.SessionManagementFilter@65bb4cb9, org.springframework.security.web.access.ExceptionTranslationFilter@51aaa9d4]
2018-05-28 04:14:57.890  INFO 158 --- [           main] c.j.p.a.c.LancamentoControllerTest       : Started LancamentoControllerTest in 1.791 seconds (JVM running for 10.258)
2018-05-28 04:14:57.902  INFO 158 --- [           main] c.j.p.a.c.LancamentoController           : Removendo lançamento: 1

MockHttpServletRequest:
      HTTP Method = DELETE
      Request URI = /api/lancamentos/1
       Parameters = {}
          Headers = {Accept=[application/json]}

Handler:
             Type = com.jeffferreira.pontointeligente.api.controllers.LancamentoController
           Method = public org.springframework.http.ResponseEntity<com.jeffferreira.pontointeligente.api.response.Response<java.lang.String>> com.jeffferreira.pontointeligente.api.controllers.LancamentoController.remover(java.lang.Long)

Async:
    Async started = false
     Async result = null

Resolved Exception:
             Type = null

ModelAndView:
        View name = null
             View = null
            Model = null

FlashMap:
       Attributes = null

MockHttpServletResponse:
           Status = 200
    Error message = null
          Headers = {Content-Type=[application/json;charset=UTF-8]}
     Content type = application/json;charset=UTF-8
             Body = {"data":null,"errors":[]}
    Forwarded URL = null
   Redirected URL = null
          Cookies = []
]]></system-out>
  </testcase>
  <testcase name="testCadastrarLancamento" classname="com.jeffferreira.pontointeligente.api.controllers.LancamentoControllerTest" time="0.111"/>
  <testcase name="testCadastrarLancamentoFuncionarioIdInvalido" classname="com.jeffferreira.pontointeligente.api.controllers.LancamentoControllerTest" time="0.018"/>
  <testcase name="testRemoverLancamento" classname="com.jeffferreira.pontointeligente.api.controllers.LancamentoControllerTest" time="0.009"/>
</testsuite>