<?xml version="1.0" encoding="UTF-8"?>
<testsuite xmlns:xsi="http://www.w3.org/2001/XMLSchema-instance" xsi:noNamespaceSchemaLocation="https://maven.apache.org/surefire/maven-surefire-plugin/xsd/surefire-test-report.xsd" name="com.bemba.goalsapi.controller.GoalControllerTest" time="9.723" tests="2" errors="0" skipped="0" failures="2">
  <properties>
    <property name="awt.toolkit" value="sun.awt.X11.XToolkit"/>
    <property name="file.encoding.pkg" value="sun.io"/>
    <property name="java.specification.version" value="1.8"/>
    <property name="sun.cpu.isalist" value=""/>
    <property name="sun.jnu.encoding" value="UTF-8"/>
    <property name="java.class.path" value="/root/workspace/paavosoeiro/goals-api/386155972/target/test-classes:/root/workspace/paavosoeiro/goals-api/386155972/target/classes:/root/./workspace/paavosoeiro/goals-api/386155972/.m2/org/springframework/boot/spring-boot-starter-data-jpa/2.0.2.RELEASE/spring-boot-starter-data-jpa-2.0.2.RELEASE.jar:/root/./workspace/paavosoeiro/goals-api/386155972/.m2/org/springframework/boot/spring-boot-starter/2.0.2.RELEASE/spring-boot-starter-2.0.2.RELEASE.jar:/root/./workspace/paavosoeiro/goals-api/386155972/.m2/org/springframework/boot/spring-boot-starter-logging/2.0.2.RELEASE/spring-boot-starter-logging-2.0.2.RELEASE.jar:/root/./workspace/paavosoeiro/goals-api/386155972/.m2/ch/qos/logback/logback-classic/1.2.3/logback-classic-1.2.3.jar:/root/./workspace/paavosoeiro/goals-api/386155972/.m2/ch/qos/logback/logback-core/1.2.3/logback-core-1.2.3.jar:/root/./workspace/paavosoeiro/goals-api/386155972/.m2/org/apache/logging/log4j/log4j-to-slf4j/2.10.0/log4j-to-slf4j-2.10.0.jar:/root/./workspace/paavosoeiro/goals-api/386155972/.m2/org/apache/logging/log4j/log4j-api/2.10.0/log4j-api-2.10.0.jar:/root/./workspace/paavosoeiro/goals-api/386155972/.m2/org/slf4j/jul-to-slf4j/1.7.25/jul-to-slf4j-1.7.25.jar:/root/./workspace/paavosoeiro/goals-api/386155972/.m2/javax/annotation/javax.annotation-api/1.3.2/javax.annotation-api-1.3.2.jar:/root/./workspace/paavosoeiro/goals-api/386155972/.m2/org/yaml/snakeyaml/1.19/snakeyaml-1.19.jar:/root/./workspace/paavosoeiro/goals-api/386155972/.m2/org/springframework/boot/spring-boot-starter-aop/2.0.2.RELEASE/spring-boot-starter-aop-2.0.2.RELEASE.jar:/root/./workspace/paavosoeiro/goals-api/386155972/.m2/org/springframework/spring-aop/5.0.6.RELEASE/spring-aop-5.0.6.RELEASE.jar:/root/./workspace/paavosoeiro/goals-api/386155972/.m2/org/aspectj/aspectjweaver/1.8.13/aspectjweaver-1.8.13.jar:/root/./workspace/paavosoeiro/goals-api/386155972/.m2/org/springframework/boot/spring-boot-starter-jdbc/2.0.2.RELEASE/spring-boot-starter-jdbc-2.0.2.RELEASE.jar:/root/./workspace/paavosoeiro/goals-api/386155972/.m2/com/zaxxer/HikariCP/2.7.9/HikariCP-2.7.9.jar:/root/./workspace/paavosoeiro/goals-api/386155972/.m2/org/springframework/spring-jdbc/5.0.6.RELEASE/spring-jdbc-5.0.6.RELEASE.jar:/root/./workspace/paavosoeiro/goals-api/386155972/.m2/org/hibernate/hibernate-core/5.2.17.Final/hibernate-core-5.2.17.Final.jar:/root/./workspace/paavosoeiro/goals-api/386155972/.m2/org/jboss/logging/jboss-logging/3.3.2.Final/jboss-logging-3.3.2.Final.jar:/root/./workspace/paavosoeiro/goals-api/386155972/.m2/org/hibernate/javax/persistence/hibernate-jpa-2.1-api/1.0.0.Final/hibernate-jpa-2.1-api-1.0.0.Final.jar:/root/./workspace/paavosoeiro/goals-api/386155972/.m2/org/javassist/javassist/3.22.0-GA/javassist-3.22.0-GA.jar:/root/./workspace/paavosoeiro/goals-api/386155972/.m2/antlr/antlr/2.7.7/antlr-2.7.7.jar:/root/./workspace/paavosoeiro/goals-api/386155972/.m2/org/jboss/jandex/2.0.3.Final/jandex-2.0.3.Final.jar:/root/./workspace/paavosoeiro/goals-api/386155972/.m2/dom4j/dom4j/1.6.1/dom4j-1.6.1.jar:/root/./workspace/paavosoeiro/goals-api/386155972/.m2/org/hibernate/common/hibernate-commons-annotations/5.0.1.Final/hibernate-commons-annotations-5.0.1.Final.jar:/root/./workspace/paavosoeiro/goals-api/386155972/.m2/javax/transaction/javax.transaction-api/1.2/javax.transaction-api-1.2.jar:/root/./workspace/paavosoeiro/goals-api/386155972/.m2/org/springframework/data/spring-data-jpa/2.0.7.RELEASE/spring-data-jpa-2.0.7.RELEASE.jar:/root/./workspace/paavosoeiro/goals-api/386155972/.m2/org/springframework/data/spring-data-commons/2.0.7.RELEASE/spring-data-commons-2.0.7.RELEASE.jar:/root/./workspace/paavosoeiro/goals-api/386155972/.m2/org/springframework/spring-orm/5.0.6.RELEASE/spring-orm-5.0.6.RELEASE.jar:/root/./workspace/paavosoeiro/goals-api/386155972/.m2/org/springframework/spring-context/5.0.6.RELEASE/spring-context-5.0.6.RELEASE.jar:/root/./workspace/paavosoeiro/goals-api/386155972/.m2/org/springframework/spring-tx/5.0.6.RELEASE/spring-tx-5.0.6.RELEASE.jar:/root/./workspace/paavosoeiro/goals-api/386155972/.m2/org/springframework/spring-beans/5.0.6.RELEASE/spring-beans-5.0.6.RELEASE.jar:/root/./workspace/paavosoeiro/goals-api/386155972/.m2/org/springframework/spring-aspects/5.0.6.RELEASE/spring-aspects-5.0.6.RELEASE.jar:/root/./workspace/paavosoeiro/goals-api/386155972/.m2/org/springframework/boot/spring-boot-starter-data-rest/2.0.2.RELEASE/spring-boot-starter-data-rest-2.0.2.RELEASE.jar:/root/./workspace/paavosoeiro/goals-api/386155972/.m2/org/springframework/boot/spring-boot-starter-json/2.0.2.RELEASE/spring-boot-starter-json-2.0.2.RELEASE.jar:/root/./workspace/paavosoeiro/goals-api/386155972/.m2/com/fasterxml/jackson/core/jackson-databind/2.9.5/jackson-databind-2.9.5.jar:/root/./workspace/paavosoeiro/goals-api/386155972/.m2/com/fasterxml/jackson/core/jackson-core/2.9.5/jackson-core-2.9.5.jar:/root/./workspace/paavosoeiro/goals-api/386155972/.m2/com/fasterxml/jackson/datatype/jackson-datatype-jdk8/2.9.5/jackson-datatype-jdk8-2.9.5.jar:/root/./workspace/paavosoeiro/goals-api/386155972/.m2/com/fasterxml/jackson/datatype/jackson-datatype-jsr310/2.9.5/jackson-datatype-jsr310-2.9.5.jar:/root/./workspace/paavosoeiro/goals-api/386155972/.m2/com/fasterxml/jackson/module/jackson-module-parameter-names/2.9.5/jackson-module-parameter-names-2.9.5.jar:/root/./workspace/paavosoeiro/goals-api/386155972/.m2/org/springframework/data/spring-data-rest-webmvc/3.0.7.RELEASE/spring-data-rest-webmvc-3.0.7.RELEASE.jar:/root/./workspace/paavosoeiro/goals-api/386155972/.m2/org/springframework/data/spring-data-rest-core/3.0.7.RELEASE/spring-data-rest-core-3.0.7.RELEASE.jar:/root/./workspace/paavosoeiro/goals-api/386155972/.m2/org/atteo/evo-inflector/1.2.2/evo-inflector-1.2.2.jar:/root/./workspace/paavosoeiro/goals-api/386155972/.m2/com/fasterxml/jackson/core/jackson-annotations/2.9.0/jackson-annotations-2.9.0.jar:/root/./workspace/paavosoeiro/goals-api/386155972/.m2/org/springframework/boot/spring-boot-starter-hateoas/2.0.2.RELEASE/spring-boot-starter-hateoas-2.0.2.RELEASE.jar:/root/./workspace/paavosoeiro/goals-api/386155972/.m2/org/springframework/hateoas/spring-hateoas/0.24.0.RELEASE/spring-hateoas-0.24.0.RELEASE.jar:/root/./workspace/paavosoeiro/goals-api/386155972/.m2/org/springframework/plugin/spring-plugin-core/1.2.0.RELEASE/spring-plugin-core-1.2.0.RELEASE.jar:/root/./workspace/paavosoeiro/goals-api/386155972/.m2/org/springframework/boot/spring-boot-starter-web/2.0.2.RELEASE/spring-boot-starter-web-2.0.2.RELEASE.jar:/root/./workspace/paavosoeiro/goals-api/386155972/.m2/org/springframework/boot/spring-boot-starter-tomcat/2.0.2.RELEASE/spring-boot-starter-tomcat-2.0.2.RELEASE.jar:/root/./workspace/paavosoeiro/goals-api/386155972/.m2/org/apache/tomcat/embed/tomcat-embed-core/8.5.31/tomcat-embed-core-8.5.31.jar:/root/./workspace/paavosoeiro/goals-api/386155972/.m2/org/apache/tomcat/embed/tomcat-embed-el/8.5.31/tomcat-embed-el-8.5.31.jar:/root/./workspace/paavosoeiro/goals-api/386155972/.m2/org/apache/tomcat/embed/tomcat-embed-websocket/8.5.31/tomcat-embed-websocket-8.5.31.jar:/root/./workspace/paavosoeiro/goals-api/386155972/.m2/org/hibernate/validator/hibernate-validator/6.0.9.Final/hibernate-validator-6.0.9.Final.jar:/root/./workspace/paavosoeiro/goals-api/386155972/.m2/javax/validation/validation-api/2.0.1.Final/validation-api-2.0.1.Final.jar:/root/./workspace/paavosoeiro/goals-api/386155972/.m2/org/springframework/spring-web/5.0.6.RELEASE/spring-web-5.0.6.RELEASE.jar:/root/./workspace/paavosoeiro/goals-api/386155972/.m2/org/springframework/spring-webmvc/5.0.6.RELEASE/spring-webmvc-5.0.6.RELEASE.jar:/root/./workspace/paavosoeiro/goals-api/386155972/.m2/org/springframework/spring-expression/5.0.6.RELEASE/spring-expression-5.0.6.RELEASE.jar:/root/./workspace/paavosoeiro/goals-api/386155972/.m2/org/springframework/boot/spring-boot-devtools/2.0.2.RELEASE/spring-boot-devtools-2.0.2.RELEASE.jar:/root/./workspace/paavosoeiro/goals-api/386155972/.m2/org/springframework/boot/spring-boot/2.0.2.RELEASE/spring-boot-2.0.2.RELEASE.jar:/root/./workspace/paavosoeiro/goals-api/386155972/.m2/org/springframework/boot/spring-boot-autoconfigure/2.0.2.RELEASE/spring-boot-autoconfigure-2.0.2.RELEASE.jar:/root/./workspace/paavosoeiro/goals-api/386155972/.m2/com/h2database/h2/1.4.197/h2-1.4.197.jar:/root/./workspace/paavosoeiro/goals-api/386155972/.m2/org/projectlombok/lombok/1.16.20/lombok-1.16.20.jar:/root/./workspace/paavosoeiro/goals-api/386155972/.m2/org/springframework/boot/spring-boot-starter-test/2.0.2.RELEASE/spring-boot-starter-test-2.0.2.RELEASE.jar:/root/./workspace/paavosoeiro/goals-api/386155972/.m2/org/springframework/boot/spring-boot-test/2.0.2.RELEASE/spring-boot-test-2.0.2.RELEASE.jar:/root/./workspace/paavosoeiro/goals-api/386155972/.m2/org/springframework/boot/spring-boot-test-autoconfigure/2.0.2.RELEASE/spring-boot-test-autoconfigure-2.0.2.RELEASE.jar:/root/./workspace/paavosoeiro/goals-api/386155972/.m2/com/jayway/jsonpath/json-path/2.4.0/json-path-2.4.0.jar:/root/./workspace/paavosoeiro/goals-api/386155972/.m2/net/minidev/json-smart/2.3/json-smart-2.3.jar:/root/./workspace/paavosoeiro/goals-api/386155972/.m2/net/minidev/accessors-smart/1.2/accessors-smart-1.2.jar:/root/./workspace/paavosoeiro/goals-api/386155972/.m2/org/ow2/asm/asm/5.0.4/asm-5.0.4.jar:/root/./workspace/paavosoeiro/goals-api/386155972/.m2/junit/junit/4.12/junit-4.12.jar:/root/./workspace/paavosoeiro/goals-api/386155972/.m2/org/assertj/assertj-core/3.9.1/assertj-core-3.9.1.jar:/root/./workspace/paavosoeiro/goals-api/386155972/.m2/org/mockito/mockito-core/2.15.0/mockito-core-2.15.0.jar:/root/./workspace/paavosoeiro/goals-api/386155972/.m2/net/bytebuddy/byte-buddy/1.7.11/byte-buddy-1.7.11.jar:/root/./workspace/paavosoeiro/goals-api/386155972/.m2/net/bytebuddy/byte-buddy-agent/1.7.11/byte-buddy-agent-1.7.11.jar:/root/./workspace/paavosoeiro/goals-api/386155972/.m2/org/objenesis/objenesis/2.6/objenesis-2.6.jar:/root/./workspace/paavosoeiro/goals-api/386155972/.m2/org/hamcrest/hamcrest-core/1.3/hamcrest-core-1.3.jar:/root/./workspace/paavosoeiro/goals-api/386155972/.m2/org/hamcrest/hamcrest-library/1.3/hamcrest-library-1.3.jar:/root/./workspace/paavosoeiro/goals-api/386155972/.m2/org/skyscreamer/jsonassert/1.5.0/jsonassert-1.5.0.jar:/root/./workspace/paavosoeiro/goals-api/386155972/.m2/com/vaadin/external/google/android-json/0.0.20131108.vaadin1/android-json-0.0.20131108.vaadin1.jar:/root/./workspace/paavosoeiro/goals-api/386155972/.m2/org/springframework/spring-core/5.0.6.RELEASE/spring-core-5.0.6.RELEASE.jar:/root/./workspace/paavosoeiro/goals-api/386155972/.m2/org/springframework/spring-jcl/5.0.6.RELEASE/spring-jcl-5.0.6.RELEASE.jar:/root/./workspace/paavosoeiro/goals-api/386155972/.m2/org/springframework/spring-test/5.0.6.RELEASE/spring-test-5.0.6.RELEASE.jar:/root/./workspace/paavosoeiro/goals-api/386155972/.m2/org/xmlunit/xmlunit-core/2.5.1/xmlunit-core-2.5.1.jar:/root/./workspace/paavosoeiro/goals-api/386155972/.m2/io/springfox/springfox-swagger2/2.6.1/springfox-swagger2-2.6.1.jar:/root/./workspace/paavosoeiro/goals-api/386155972/.m2/io/swagger/swagger-annotations/1.5.10/swagger-annotations-1.5.10.jar:/root/./workspace/paavosoeiro/goals-api/386155972/.m2/io/swagger/swagger-models/1.5.10/swagger-models-1.5.10.jar:/root/./workspace/paavosoeiro/goals-api/386155972/.m2/io/springfox/springfox-spi/2.6.1/springfox-spi-2.6.1.jar:/root/./workspace/paavosoeiro/goals-api/386155972/.m2/io/springfox/springfox-core/2.6.1/springfox-core-2.6.1.jar:/root/./workspace/paavosoeiro/goals-api/386155972/.m2/io/springfox/springfox-schema/2.6.1/springfox-schema-2.6.1.jar:/root/./workspace/paavosoeiro/goals-api/386155972/.m2/io/springfox/springfox-swagger-common/2.6.1/springfox-swagger-common-2.6.1.jar:/root/./workspace/paavosoeiro/goals-api/386155972/.m2/io/springfox/springfox-spring-web/2.6.1/springfox-spring-web-2.6.1.jar:/root/./workspace/paavosoeiro/goals-api/386155972/.m2/com/google/guava/guava/18.0/guava-18.0.jar:/root/./workspace/paavosoeiro/goals-api/386155972/.m2/com/fasterxml/classmate/1.3.4/classmate-1.3.4.jar:/root/./workspace/paavosoeiro/goals-api/386155972/.m2/org/slf4j/slf4j-api/1.7.25/slf4j-api-1.7.25.jar:/root/./workspace/paavosoeiro/goals-api/386155972/.m2/org/springframework/plugin/spring-plugin-metadata/1.2.0.RELEASE/spring-plugin-metadata-1.2.0.RELEASE.jar:/root/./workspace/paavosoeiro/goals-api/386155972/.m2/org/mapstruct/mapstruct/1.0.0.Final/mapstruct-1.0.0.Final.jar:/root/./workspace/paavosoeiro/goals-api/386155972/.m2/io/springfox/springfox-swagger-ui/2.6.1/springfox-swagger-ui-2.6.1.jar:/root/./workspace/paavosoeiro/goals-api/386155972/.m2/org/modelmapper/modelmapper/1.1.0/modelmapper-1.1.0.jar:"/>
    <property name="java.vm.vendor" value="Oracle Corporation"/>
    <property name="skip.bower" value="true"/>
    <property name="sun.arch.data.model" value="64"/>
    <property name="java.vendor.url" value="http://java.oracle.com/"/>
    <property name="user.timezone" value=""/>
    <property name="java.vm.specification.version" value="1.8"/>
    <property name="os.name" value="Linux"/>
    <property name="rat.skip" value="true"/>
    <property name="gpg.skip" value="true"/>
    <property name="sun.java.launcher" value="SUN_STANDARD"/>
    <property name="sun.boot.library.path" value="/usr/lib/jvm/java-8-openjdk-amd64/jre/lib/amd64"/>
    <property name="skip.gulp" value="true"/>
    <property name="sun.java.command" value="/root/workspace/paavosoeiro/goals-api/386155972/target/surefire/surefirebooter7599765083786477021.jar /root/workspace/paavosoeiro/goals-api/386155972/target/surefire 2018-05-31T14-30-26_557-jvmRun1 surefire1691772524858368540tmp surefire_0272601731038405482tmp"/>
    <property name="dependency-check.skip" value="true"/>
    <property name="surefire.test.class.path" value="/root/workspace/paavosoeiro/goals-api/386155972/target/test-classes:/root/workspace/paavosoeiro/goals-api/386155972/target/classes:/root/./workspace/paavosoeiro/goals-api/386155972/.m2/org/springframework/boot/spring-boot-starter-data-jpa/2.0.2.RELEASE/spring-boot-starter-data-jpa-2.0.2.RELEASE.jar:/root/./workspace/paavosoeiro/goals-api/386155972/.m2/org/springframework/boot/spring-boot-starter/2.0.2.RELEASE/spring-boot-starter-2.0.2.RELEASE.jar:/root/./workspace/paavosoeiro/goals-api/386155972/.m2/org/springframework/boot/spring-boot-starter-logging/2.0.2.RELEASE/spring-boot-starter-logging-2.0.2.RELEASE.jar:/root/./workspace/paavosoeiro/goals-api/386155972/.m2/ch/qos/logback/logback-classic/1.2.3/logback-classic-1.2.3.jar:/root/./workspace/paavosoeiro/goals-api/386155972/.m2/ch/qos/logback/logback-core/1.2.3/logback-core-1.2.3.jar:/root/./workspace/paavosoeiro/goals-api/386155972/.m2/org/apache/logging/log4j/log4j-to-slf4j/2.10.0/log4j-to-slf4j-2.10.0.jar:/root/./workspace/paavosoeiro/goals-api/386155972/.m2/org/apache/logging/log4j/log4j-api/2.10.0/log4j-api-2.10.0.jar:/root/./workspace/paavosoeiro/goals-api/386155972/.m2/org/slf4j/jul-to-slf4j/1.7.25/jul-to-slf4j-1.7.25.jar:/root/./workspace/paavosoeiro/goals-api/386155972/.m2/javax/annotation/javax.annotation-api/1.3.2/javax.annotation-api-1.3.2.jar:/root/./workspace/paavosoeiro/goals-api/386155972/.m2/org/yaml/snakeyaml/1.19/snakeyaml-1.19.jar:/root/./workspace/paavosoeiro/goals-api/386155972/.m2/org/springframework/boot/spring-boot-starter-aop/2.0.2.RELEASE/spring-boot-starter-aop-2.0.2.RELEASE.jar:/root/./workspace/paavosoeiro/goals-api/386155972/.m2/org/springframework/spring-aop/5.0.6.RELEASE/spring-aop-5.0.6.RELEASE.jar:/root/./workspace/paavosoeiro/goals-api/386155972/.m2/org/aspectj/aspectjweaver/1.8.13/aspectjweaver-1.8.13.jar:/root/./workspace/paavosoeiro/goals-api/386155972/.m2/org/springframework/boot/spring-boot-starter-jdbc/2.0.2.RELEASE/spring-boot-starter-jdbc-2.0.2.RELEASE.jar:/root/./workspace/paavosoeiro/goals-api/386155972/.m2/com/zaxxer/HikariCP/2.7.9/HikariCP-2.7.9.jar:/root/./workspace/paavosoeiro/goals-api/386155972/.m2/org/springframework/spring-jdbc/5.0.6.RELEASE/spring-jdbc-5.0.6.RELEASE.jar:/root/./workspace/paavosoeiro/goals-api/386155972/.m2/org/hibernate/hibernate-core/5.2.17.Final/hibernate-core-5.2.17.Final.jar:/root/./workspace/paavosoeiro/goals-api/386155972/.m2/org/jboss/logging/jboss-logging/3.3.2.Final/jboss-logging-3.3.2.Final.jar:/root/./workspace/paavosoeiro/goals-api/386155972/.m2/org/hibernate/javax/persistence/hibernate-jpa-2.1-api/1.0.0.Final/hibernate-jpa-2.1-api-1.0.0.Final.jar:/root/./workspace/paavosoeiro/goals-api/386155972/.m2/org/javassist/javassist/3.22.0-GA/javassist-3.22.0-GA.jar:/root/./workspace/paavosoeiro/goals-api/386155972/.m2/antlr/antlr/2.7.7/antlr-2.7.7.jar:/root/./workspace/paavosoeiro/goals-api/386155972/.m2/org/jboss/jandex/2.0.3.Final/jandex-2.0.3.Final.jar:/root/./workspace/paavosoeiro/goals-api/386155972/.m2/dom4j/dom4j/1.6.1/dom4j-1.6.1.jar:/root/./workspace/paavosoeiro/goals-api/386155972/.m2/org/hibernate/common/hibernate-commons-annotations/5.0.1.Final/hibernate-commons-annotations-5.0.1.Final.jar:/root/./workspace/paavosoeiro/goals-api/386155972/.m2/javax/transaction/javax.transaction-api/1.2/javax.transaction-api-1.2.jar:/root/./workspace/paavosoeiro/goals-api/386155972/.m2/org/springframework/data/spring-data-jpa/2.0.7.RELEASE/spring-data-jpa-2.0.7.RELEASE.jar:/root/./workspace/paavosoeiro/goals-api/386155972/.m2/org/springframework/data/spring-data-commons/2.0.7.RELEASE/spring-data-commons-2.0.7.RELEASE.jar:/root/./workspace/paavosoeiro/goals-api/386155972/.m2/org/springframework/spring-orm/5.0.6.RELEASE/spring-orm-5.0.6.RELEASE.jar:/root/./workspace/paavosoeiro/goals-api/386155972/.m2/org/springframework/spring-context/5.0.6.RELEASE/spring-context-5.0.6.RELEASE.jar:/root/./workspace/paavosoeiro/goals-api/386155972/.m2/org/springframework/spring-tx/5.0.6.RELEASE/spring-tx-5.0.6.RELEASE.jar:/root/./workspace/paavosoeiro/goals-api/386155972/.m2/org/springframework/spring-beans/5.0.6.RELEASE/spring-beans-5.0.6.RELEASE.jar:/root/./workspace/paavosoeiro/goals-api/386155972/.m2/org/springframework/spring-aspects/5.0.6.RELEASE/spring-aspects-5.0.6.RELEASE.jar:/root/./workspace/paavosoeiro/goals-api/386155972/.m2/org/springframework/boot/spring-boot-starter-data-rest/2.0.2.RELEASE/spring-boot-starter-data-rest-2.0.2.RELEASE.jar:/root/./workspace/paavosoeiro/goals-api/386155972/.m2/org/springframework/boot/spring-boot-starter-json/2.0.2.RELEASE/spring-boot-starter-json-2.0.2.RELEASE.jar:/root/./workspace/paavosoeiro/goals-api/386155972/.m2/com/fasterxml/jackson/core/jackson-databind/2.9.5/jackson-databind-2.9.5.jar:/root/./workspace/paavosoeiro/goals-api/386155972/.m2/com/fasterxml/jackson/core/jackson-core/2.9.5/jackson-core-2.9.5.jar:/root/./workspace/paavosoeiro/goals-api/386155972/.m2/com/fasterxml/jackson/datatype/jackson-datatype-jdk8/2.9.5/jackson-datatype-jdk8-2.9.5.jar:/root/./workspace/paavosoeiro/goals-api/386155972/.m2/com/fasterxml/jackson/datatype/jackson-datatype-jsr310/2.9.5/jackson-datatype-jsr310-2.9.5.jar:/root/./workspace/paavosoeiro/goals-api/386155972/.m2/com/fasterxml/jackson/module/jackson-module-parameter-names/2.9.5/jackson-module-parameter-names-2.9.5.jar:/root/./workspace/paavosoeiro/goals-api/386155972/.m2/org/springframework/data/spring-data-rest-webmvc/3.0.7.RELEASE/spring-data-rest-webmvc-3.0.7.RELEASE.jar:/root/./workspace/paavosoeiro/goals-api/386155972/.m2/org/springframework/data/spring-data-rest-core/3.0.7.RELEASE/spring-data-rest-core-3.0.7.RELEASE.jar:/root/./workspace/paavosoeiro/goals-api/386155972/.m2/org/atteo/evo-inflector/1.2.2/evo-inflector-1.2.2.jar:/root/./workspace/paavosoeiro/goals-api/386155972/.m2/com/fasterxml/jackson/core/jackson-annotations/2.9.0/jackson-annotations-2.9.0.jar:/root/./workspace/paavosoeiro/goals-api/386155972/.m2/org/springframework/boot/spring-boot-starter-hateoas/2.0.2.RELEASE/spring-boot-starter-hateoas-2.0.2.RELEASE.jar:/root/./workspace/paavosoeiro/goals-api/386155972/.m2/org/springframework/hateoas/spring-hateoas/0.24.0.RELEASE/spring-hateoas-0.24.0.RELEASE.jar:/root/./workspace/paavosoeiro/goals-api/386155972/.m2/org/springframework/plugin/spring-plugin-core/1.2.0.RELEASE/spring-plugin-core-1.2.0.RELEASE.jar:/root/./workspace/paavosoeiro/goals-api/386155972/.m2/org/springframework/boot/spring-boot-starter-web/2.0.2.RELEASE/spring-boot-starter-web-2.0.2.RELEASE.jar:/root/./workspace/paavosoeiro/goals-api/386155972/.m2/org/springframework/boot/spring-boot-starter-tomcat/2.0.2.RELEASE/spring-boot-starter-tomcat-2.0.2.RELEASE.jar:/root/./workspace/paavosoeiro/goals-api/386155972/.m2/org/apache/tomcat/embed/tomcat-embed-core/8.5.31/tomcat-embed-core-8.5.31.jar:/root/./workspace/paavosoeiro/goals-api/386155972/.m2/org/apache/tomcat/embed/tomcat-embed-el/8.5.31/tomcat-embed-el-8.5.31.jar:/root/./workspace/paavosoeiro/goals-api/386155972/.m2/org/apache/tomcat/embed/tomcat-embed-websocket/8.5.31/tomcat-embed-websocket-8.5.31.jar:/root/./workspace/paavosoeiro/goals-api/386155972/.m2/org/hibernate/validator/hibernate-validator/6.0.9.Final/hibernate-validator-6.0.9.Final.jar:/root/./workspace/paavosoeiro/goals-api/386155972/.m2/javax/validation/validation-api/2.0.1.Final/validation-api-2.0.1.Final.jar:/root/./workspace/paavosoeiro/goals-api/386155972/.m2/org/springframework/spring-web/5.0.6.RELEASE/spring-web-5.0.6.RELEASE.jar:/root/./workspace/paavosoeiro/goals-api/386155972/.m2/org/springframework/spring-webmvc/5.0.6.RELEASE/spring-webmvc-5.0.6.RELEASE.jar:/root/./workspace/paavosoeiro/goals-api/386155972/.m2/org/springframework/spring-expression/5.0.6.RELEASE/spring-expression-5.0.6.RELEASE.jar:/root/./workspace/paavosoeiro/goals-api/386155972/.m2/org/springframework/boot/spring-boot-devtools/2.0.2.RELEASE/spring-boot-devtools-2.0.2.RELEASE.jar:/root/./workspace/paavosoeiro/goals-api/386155972/.m2/org/springframework/boot/spring-boot/2.0.2.RELEASE/spring-boot-2.0.2.RELEASE.jar:/root/./workspace/paavosoeiro/goals-api/386155972/.m2/org/springframework/boot/spring-boot-autoconfigure/2.0.2.RELEASE/spring-boot-autoconfigure-2.0.2.RELEASE.jar:/root/./workspace/paavosoeiro/goals-api/386155972/.m2/com/h2database/h2/1.4.197/h2-1.4.197.jar:/root/./workspace/paavosoeiro/goals-api/386155972/.m2/org/projectlombok/lombok/1.16.20/lombok-1.16.20.jar:/root/./workspace/paavosoeiro/goals-api/386155972/.m2/org/springframework/boot/spring-boot-starter-test/2.0.2.RELEASE/spring-boot-starter-test-2.0.2.RELEASE.jar:/root/./workspace/paavosoeiro/goals-api/386155972/.m2/org/springframework/boot/spring-boot-test/2.0.2.RELEASE/spring-boot-test-2.0.2.RELEASE.jar:/root/./workspace/paavosoeiro/goals-api/386155972/.m2/org/springframework/boot/spring-boot-test-autoconfigure/2.0.2.RELEASE/spring-boot-test-autoconfigure-2.0.2.RELEASE.jar:/root/./workspace/paavosoeiro/goals-api/386155972/.m2/com/jayway/jsonpath/json-path/2.4.0/json-path-2.4.0.jar:/root/./workspace/paavosoeiro/goals-api/386155972/.m2/net/minidev/json-smart/2.3/json-smart-2.3.jar:/root/./workspace/paavosoeiro/goals-api/386155972/.m2/net/minidev/accessors-smart/1.2/accessors-smart-1.2.jar:/root/./workspace/paavosoeiro/goals-api/386155972/.m2/org/ow2/asm/asm/5.0.4/asm-5.0.4.jar:/root/./workspace/paavosoeiro/goals-api/386155972/.m2/junit/junit/4.12/junit-4.12.jar:/root/./workspace/paavosoeiro/goals-api/386155972/.m2/org/assertj/assertj-core/3.9.1/assertj-core-3.9.1.jar:/root/./workspace/paavosoeiro/goals-api/386155972/.m2/org/mockito/mockito-core/2.15.0/mockito-core-2.15.0.jar:/root/./workspace/paavosoeiro/goals-api/386155972/.m2/net/bytebuddy/byte-buddy/1.7.11/byte-buddy-1.7.11.jar:/root/./workspace/paavosoeiro/goals-api/386155972/.m2/net/bytebuddy/byte-buddy-agent/1.7.11/byte-buddy-agent-1.7.11.jar:/root/./workspace/paavosoeiro/goals-api/386155972/.m2/org/objenesis/objenesis/2.6/objenesis-2.6.jar:/root/./workspace/paavosoeiro/goals-api/386155972/.m2/org/hamcrest/hamcrest-core/1.3/hamcrest-core-1.3.jar:/root/./workspace/paavosoeiro/goals-api/386155972/.m2/org/hamcrest/hamcrest-library/1.3/hamcrest-library-1.3.jar:/root/./workspace/paavosoeiro/goals-api/386155972/.m2/org/skyscreamer/jsonassert/1.5.0/jsonassert-1.5.0.jar:/root/./workspace/paavosoeiro/goals-api/386155972/.m2/com/vaadin/external/google/android-json/0.0.20131108.vaadin1/android-json-0.0.20131108.vaadin1.jar:/root/./workspace/paavosoeiro/goals-api/386155972/.m2/org/springframework/spring-core/5.0.6.RELEASE/spring-core-5.0.6.RELEASE.jar:/root/./workspace/paavosoeiro/goals-api/386155972/.m2/org/springframework/spring-jcl/5.0.6.RELEASE/spring-jcl-5.0.6.RELEASE.jar:/root/./workspace/paavosoeiro/goals-api/386155972/.m2/org/springframework/spring-test/5.0.6.RELEASE/spring-test-5.0.6.RELEASE.jar:/root/./workspace/paavosoeiro/goals-api/386155972/.m2/org/xmlunit/xmlunit-core/2.5.1/xmlunit-core-2.5.1.jar:/root/./workspace/paavosoeiro/goals-api/386155972/.m2/io/springfox/springfox-swagger2/2.6.1/springfox-swagger2-2.6.1.jar:/root/./workspace/paavosoeiro/goals-api/386155972/.m2/io/swagger/swagger-annotations/1.5.10/swagger-annotations-1.5.10.jar:/root/./workspace/paavosoeiro/goals-api/386155972/.m2/io/swagger/swagger-models/1.5.10/swagger-models-1.5.10.jar:/root/./workspace/paavosoeiro/goals-api/386155972/.m2/io/springfox/springfox-spi/2.6.1/springfox-spi-2.6.1.jar:/root/./workspace/paavosoeiro/goals-api/386155972/.m2/io/springfox/springfox-core/2.6.1/springfox-core-2.6.1.jar:/root/./workspace/paavosoeiro/goals-api/386155972/.m2/io/springfox/springfox-schema/2.6.1/springfox-schema-2.6.1.jar:/root/./workspace/paavosoeiro/goals-api/386155972/.m2/io/springfox/springfox-swagger-common/2.6.1/springfox-swagger-common-2.6.1.jar:/root/./workspace/paavosoeiro/goals-api/386155972/.m2/io/springfox/springfox-spring-web/2.6.1/springfox-spring-web-2.6.1.jar:/root/./workspace/paavosoeiro/goals-api/386155972/.m2/com/google/guava/guava/18.0/guava-18.0.jar:/root/./workspace/paavosoeiro/goals-api/386155972/.m2/com/fasterxml/classmate/1.3.4/classmate-1.3.4.jar:/root/./workspace/paavosoeiro/goals-api/386155972/.m2/org/slf4j/slf4j-api/1.7.25/slf4j-api-1.7.25.jar:/root/./workspace/paavosoeiro/goals-api/386155972/.m2/org/springframework/plugin/spring-plugin-metadata/1.2.0.RELEASE/spring-plugin-metadata-1.2.0.RELEASE.jar:/root/./workspace/paavosoeiro/goals-api/386155972/.m2/org/mapstruct/mapstruct/1.0.0.Final/mapstruct-1.0.0.Final.jar:/root/./workspace/paavosoeiro/goals-api/386155972/.m2/io/springfox/springfox-swagger-ui/2.6.1/springfox-swagger-ui-2.6.1.jar:/root/./workspace/paavosoeiro/goals-api/386155972/.m2/org/modelmapper/modelmapper/1.1.0/modelmapper-1.1.0.jar:"/>
    <property name="sun.cpu.endian" value="little"/>
    <property name="user.home" value="/root"/>
    <property name="user.language" value="en"/>
    <property name="java.specification.vendor" value="Oracle Corporation"/>
    <property name="java.home" value="/usr/lib/jvm/java-8-openjdk-amd64/jre"/>
    <property name="basedir" value="/root/workspace/paavosoeiro/goals-api/386155972"/>
    <property name="file.separator" value="/"/>
    <property name="checkstyle.skip" value="true"/>
    <property name="line.separator" value="&#10;"/>
    <property name="skip.npm" value="true"/>
    <property name="java.vm.specification.vendor" value="Oracle Corporation"/>
    <property name="java.specification.name" value="Java Platform API Specification"/>
    <property name="java.awt.graphicsenv" value="sun.awt.X11GraphicsEnvironment"/>
    <property name="skipITs" value="true"/>
    <property name="surefire.real.class.path" value="/root/workspace/paavosoeiro/goals-api/386155972/target/surefire/surefirebooter7599765083786477021.jar"/>
    <property name="cobertura.skip" value="true"/>
    <property name="sun.boot.class.path" value="/usr/lib/jvm/java-8-openjdk-amd64/jre/lib/resources.jar:/usr/lib/jvm/java-8-openjdk-amd64/jre/lib/rt.jar:/usr/lib/jvm/java-8-openjdk-amd64/jre/lib/sunrsasign.jar:/usr/lib/jvm/java-8-openjdk-amd64/jre/lib/jsse.jar:/usr/lib/jvm/java-8-openjdk-amd64/jre/lib/jce.jar:/usr/lib/jvm/java-8-openjdk-amd64/jre/lib/charsets.jar:/usr/lib/jvm/java-8-openjdk-amd64/jre/lib/jfr.jar:/usr/lib/jvm/java-8-openjdk-amd64/jre/classes"/>
    <property name="sun.management.compiler" value="HotSpot 64-Bit Tiered Compilers"/>
    <property name="java.runtime.version" value="1.8.0_121-8u121-b13-1~bpo8+1-b13"/>
    <property name="user.name" value="root"/>
    <property name="findbugs.skip" value="true"/>
    <property name="path.separator" value=":"/>
    <property name="os.version" value="3.10.0-862.3.2.el7.x86_64"/>
    <property name="java.endorsed.dirs" value="/usr/lib/jvm/java-8-openjdk-amd64/jre/lib/endorsed"/>
    <property name="java.runtime.name" value="OpenJDK Runtime Environment"/>
    <property name="file.encoding" value="UTF-8"/>
    <property name="java.vm.name" value="OpenJDK 64-Bit Server VM"/>
    <property name="localRepository" value="/root/./workspace/paavosoeiro/goals-api/386155972/.m2"/>
    <property name="java.vendor.url.bug" value="http://bugreport.sun.com/bugreport/"/>
    <property name="java.io.tmpdir" value="/tmp"/>
    <property name="java.version" value="1.8.0_121"/>
    <property name="user.dir" value="/root/workspace/paavosoeiro/goals-api/386155972"/>
    <property name="os.arch" value="amd64"/>
    <property name="license.skip" value="true"/>
    <property name="java.vm.specification.name" value="Java Virtual Machine Specification"/>
    <property name="java.awt.printerjob" value="sun.print.PSPrinterJob"/>
    <property name="sun.os.patch.level" value="unknown"/>
    <property name="java.library.path" value="/usr/java/packages/lib/amd64:/usr/lib/x86_64-linux-gnu/jni:/lib/x86_64-linux-gnu:/usr/lib/x86_64-linux-gnu:/usr/lib/jni:/lib:/usr/lib"/>
    <property name="java.vm.info" value="mixed mode"/>
    <property name="java.vendor" value="Oracle Corporation"/>
    <property name="java.vm.version" value="25.121-b13"/>
    <property name="java.ext.dirs" value="/usr/lib/jvm/java-8-openjdk-amd64/jre/lib/ext:/usr/java/packages/lib/ext"/>
    <property name="sun.io.unicode.encoding" value="UnicodeLittle"/>
    <property name="maven.repo.local" value="/root/./workspace/paavosoeiro/goals-api/386155972/.m2"/>
    <property name="enforcer.skip" value="true"/>
    <property name="java.class.version" value="52.0"/>
  </properties>
  <testcase name="testAdd" classname="com.bemba.goalsapi.controller.GoalControllerTest" time="0.267">
    <failure message="Not yet implemented" type="java.lang.AssertionError">java.lang.AssertionError: Not yet implemented
	at com.bemba.goalsapi.controller.GoalControllerTest.testAdd(GoalControllerTest.java:54)
</failure>
    <system-out><![CDATA[14:30:28.137 [main] DEBUG org.springframework.test.context.junit4.SpringJUnit4ClassRunner - SpringJUnit4ClassRunner constructor called with [class com.bemba.goalsapi.controller.GoalControllerTest]
14:30:28.144 [main] DEBUG org.springframework.test.context.BootstrapUtils - Instantiating CacheAwareContextLoaderDelegate from class [org.springframework.test.context.cache.DefaultCacheAwareContextLoaderDelegate]
14:30:28.152 [main] DEBUG org.springframework.test.context.BootstrapUtils - Instantiating BootstrapContext using constructor [public org.springframework.test.context.support.DefaultBootstrapContext(java.lang.Class,org.springframework.test.context.CacheAwareContextLoaderDelegate)]
14:30:28.173 [main] DEBUG org.springframework.test.context.BootstrapUtils - Instantiating TestContextBootstrapper for test class [com.bemba.goalsapi.controller.GoalControllerTest] from class [org.springframework.boot.test.context.SpringBootTestContextBootstrapper]
14:30:28.184 [main] INFO org.springframework.boot.test.context.SpringBootTestContextBootstrapper - Neither @ContextConfiguration nor @ContextHierarchy found for test class [com.bemba.goalsapi.controller.GoalControllerTest], using SpringBootContextLoader
14:30:28.188 [main] DEBUG org.springframework.test.context.support.AbstractContextLoader - Did not detect default resource location for test class [com.bemba.goalsapi.controller.GoalControllerTest]: class path resource [com/bemba/goalsapi/controller/GoalControllerTest-context.xml] does not exist
14:30:28.189 [main] DEBUG org.springframework.test.context.support.AbstractContextLoader - Did not detect default resource location for test class [com.bemba.goalsapi.controller.GoalControllerTest]: class path resource [com/bemba/goalsapi/controller/GoalControllerTestContext.groovy] does not exist
14:30:28.189 [main] INFO org.springframework.test.context.support.AbstractContextLoader - Could not detect default resource locations for test class [com.bemba.goalsapi.controller.GoalControllerTest]: no resource found for suffixes {-context.xml, Context.groovy}.
14:30:28.190 [main] INFO org.springframework.test.context.support.AnnotationConfigContextLoaderUtils - Could not detect default configuration classes for test class [com.bemba.goalsapi.controller.GoalControllerTest]: GoalControllerTest does not declare any static, non-private, non-final, nested classes annotated with @Configuration.
14:30:28.249 [main] DEBUG org.springframework.test.context.support.ActiveProfilesUtils - Could not find an 'annotation declaring class' for annotation type [org.springframework.test.context.ActiveProfiles] and class [com.bemba.goalsapi.controller.GoalControllerTest]
14:30:28.262 [main] DEBUG org.springframework.core.env.StandardEnvironment - Adding PropertySource 'systemProperties' with lowest search precedence
14:30:28.262 [main] DEBUG org.springframework.core.env.StandardEnvironment - Adding PropertySource 'systemEnvironment' with lowest search precedence
14:30:28.263 [main] DEBUG org.springframework.core.env.StandardEnvironment - Initialized StandardEnvironment with PropertySources [MapPropertySource@1786364562 {name='systemProperties', properties={java.runtime.name=OpenJDK Runtime Environment, sun.boot.library.path=/usr/lib/jvm/java-8-openjdk-amd64/jre/lib/amd64, java.vm.version=25.121-b13, java.vm.vendor=Oracle Corporation, java.vendor.url=http://java.oracle.com/, skip.gulp=true, path.separator=:, java.vm.name=OpenJDK 64-Bit Server VM, file.encoding.pkg=sun.io, findbugs.skip=true, sun.java.launcher=SUN_STANDARD, sun.os.patch.level=unknown, java.vm.specification.name=Java Virtual Machine Specification, user.dir=/root/workspace/paavosoeiro/goals-api/386155972, checkstyle.skip=true, java.runtime.version=1.8.0_121-8u121-b13-1~bpo8+1-b13, skip.npm=true, basedir=/root/workspace/paavosoeiro/goals-api/386155972, java.awt.graphicsenv=sun.awt.X11GraphicsEnvironment, java.endorsed.dirs=/usr/lib/jvm/java-8-openjdk-amd64/jre/lib/endorsed, os.arch=amd64, surefire.real.class.path=/root/workspace/paavosoeiro/goals-api/386155972/target/surefire/surefirebooter7599765083786477021.jar, gpg.skip=true, java.io.tmpdir=/tmp, line.separator=
, cobertura.skip=true, java.vm.specification.vendor=Oracle Corporation, os.name=Linux, sun.jnu.encoding=UTF-8, license.skip=true, java.library.path=/usr/java/packages/lib/amd64:/usr/lib/x86_64-linux-gnu/jni:/lib/x86_64-linux-gnu:/usr/lib/x86_64-linux-gnu:/usr/lib/jni:/lib:/usr/lib, surefire.test.class.path=/root/workspace/paavosoeiro/goals-api/386155972/target/test-classes:/root/workspace/paavosoeiro/goals-api/386155972/target/classes:/root/./workspace/paavosoeiro/goals-api/386155972/.m2/org/springframework/boot/spring-boot-starter-data-jpa/2.0.2.RELEASE/spring-boot-starter-data-jpa-2.0.2.RELEASE.jar:/root/./workspace/paavosoeiro/goals-api/386155972/.m2/org/springframework/boot/spring-boot-starter/2.0.2.RELEASE/spring-boot-starter-2.0.2.RELEASE.jar:/root/./workspace/paavosoeiro/goals-api/386155972/.m2/org/springframework/boot/spring-boot-starter-logging/2.0.2.RELEASE/spring-boot-starter-logging-2.0.2.RELEASE.jar:/root/./workspace/paavosoeiro/goals-api/386155972/.m2/ch/qos/logback/logback-classic/1.2.3/logback-classic-1.2.3.jar:/root/./workspace/paavosoeiro/goals-api/386155972/.m2/ch/qos/logback/logback-core/1.2.3/logback-core-1.2.3.jar:/root/./workspace/paavosoeiro/goals-api/386155972/.m2/org/apache/logging/log4j/log4j-to-slf4j/2.10.0/log4j-to-slf4j-2.10.0.jar:/root/./workspace/paavosoeiro/goals-api/386155972/.m2/org/apache/logging/log4j/log4j-api/2.10.0/log4j-api-2.10.0.jar:/root/./workspace/paavosoeiro/goals-api/386155972/.m2/org/slf4j/jul-to-slf4j/1.7.25/jul-to-slf4j-1.7.25.jar:/root/./workspace/paavosoeiro/goals-api/386155972/.m2/javax/annotation/javax.annotation-api/1.3.2/javax.annotation-api-1.3.2.jar:/root/./workspace/paavosoeiro/goals-api/386155972/.m2/org/yaml/snakeyaml/1.19/snakeyaml-1.19.jar:/root/./workspace/paavosoeiro/goals-api/386155972/.m2/org/springframework/boot/spring-boot-starter-aop/2.0.2.RELEASE/spring-boot-starter-aop-2.0.2.RELEASE.jar:/root/./workspace/paavosoeiro/goals-api/386155972/.m2/org/springframework/spring-aop/5.0.6.RELEASE/spring-aop-5.0.6.RELEASE.jar:/root/./workspace/paavosoeiro/goals-api/386155972/.m2/org/aspectj/aspectjweaver/1.8.13/aspectjweaver-1.8.13.jar:/root/./workspace/paavosoeiro/goals-api/386155972/.m2/org/springframework/boot/spring-boot-starter-jdbc/2.0.2.RELEASE/spring-boot-starter-jdbc-2.0.2.RELEASE.jar:/root/./workspace/paavosoeiro/goals-api/386155972/.m2/com/zaxxer/HikariCP/2.7.9/HikariCP-2.7.9.jar:/root/./workspace/paavosoeiro/goals-api/386155972/.m2/org/springframework/spring-jdbc/5.0.6.RELEASE/spring-jdbc-5.0.6.RELEASE.jar:/root/./workspace/paavosoeiro/goals-api/386155972/.m2/org/hibernate/hibernate-core/5.2.17.Final/hibernate-core-5.2.17.Final.jar:/root/./workspace/paavosoeiro/goals-api/386155972/.m2/org/jboss/logging/jboss-logging/3.3.2.Final/jboss-logging-3.3.2.Final.jar:/root/./workspace/paavosoeiro/goals-api/386155972/.m2/org/hibernate/javax/persistence/hibernate-jpa-2.1-api/1.0.0.Final/hibernate-jpa-2.1-api-1.0.0.Final.jar:/root/./workspace/paavosoeiro/goals-api/386155972/.m2/org/javassist/javassist/3.22.0-GA/javassist-3.22.0-GA.jar:/root/./workspace/paavosoeiro/goals-api/386155972/.m2/antlr/antlr/2.7.7/antlr-2.7.7.jar:/root/./workspace/paavosoeiro/goals-api/386155972/.m2/org/jboss/jandex/2.0.3.Final/jandex-2.0.3.Final.jar:/root/./workspace/paavosoeiro/goals-api/386155972/.m2/dom4j/dom4j/1.6.1/dom4j-1.6.1.jar:/root/./workspace/paavosoeiro/goals-api/386155972/.m2/org/hibernate/common/hibernate-commons-annotations/5.0.1.Final/hibernate-commons-annotations-5.0.1.Final.jar:/root/./workspace/paavosoeiro/goals-api/386155972/.m2/javax/transaction/javax.transaction-api/1.2/javax.transaction-api-1.2.jar:/root/./workspace/paavosoeiro/goals-api/386155972/.m2/org/springframework/data/spring-data-jpa/2.0.7.RELEASE/spring-data-jpa-2.0.7.RELEASE.jar:/root/./workspace/paavosoeiro/goals-api/386155972/.m2/org/springframework/data/spring-data-commons/2.0.7.RELEASE/spring-data-commons-2.0.7.RELEASE.jar:/root/./workspace/paavosoeiro/goals-api/386155972/.m2/org/springframework/spring-orm/5.0.6.RELEASE/spring-orm-5.0.6.RELEASE.jar:/root/./workspace/paavosoeiro/goals-api/386155972/.m2/org/springframework/spring-context/5.0.6.RELEASE/spring-context-5.0.6.RELEASE.jar:/root/./workspace/paavosoeiro/goals-api/386155972/.m2/org/springframework/spring-tx/5.0.6.RELEASE/spring-tx-5.0.6.RELEASE.jar:/root/./workspace/paavosoeiro/goals-api/386155972/.m2/org/springframework/spring-beans/5.0.6.RELEASE/spring-beans-5.0.6.RELEASE.jar:/root/./workspace/paavosoeiro/goals-api/386155972/.m2/org/springframework/spring-aspects/5.0.6.RELEASE/spring-aspects-5.0.6.RELEASE.jar:/root/./workspace/paavosoeiro/goals-api/386155972/.m2/org/springframework/boot/spring-boot-starter-data-rest/2.0.2.RELEASE/spring-boot-starter-data-rest-2.0.2.RELEASE.jar:/root/./workspace/paavosoeiro/goals-api/386155972/.m2/org/springframework/boot/spring-boot-starter-json/2.0.2.RELEASE/spring-boot-starter-json-2.0.2.RELEASE.jar:/root/./workspace/paavosoeiro/goals-api/386155972/.m2/com/fasterxml/jackson/core/jackson-databind/2.9.5/jackson-databind-2.9.5.jar:/root/./workspace/paavosoeiro/goals-api/386155972/.m2/com/fasterxml/jackson/core/jackson-core/2.9.5/jackson-core-2.9.5.jar:/root/./workspace/paavosoeiro/goals-api/386155972/.m2/com/fasterxml/jackson/datatype/jackson-datatype-jdk8/2.9.5/jackson-datatype-jdk8-2.9.5.jar:/root/./workspace/paavosoeiro/goals-api/386155972/.m2/com/fasterxml/jackson/datatype/jackson-datatype-jsr310/2.9.5/jackson-datatype-jsr310-2.9.5.jar:/root/./workspace/paavosoeiro/goals-api/386155972/.m2/com/fasterxml/jackson/module/jackson-module-parameter-names/2.9.5/jackson-module-parameter-names-2.9.5.jar:/root/./workspace/paavosoeiro/goals-api/386155972/.m2/org/springframework/data/spring-data-rest-webmvc/3.0.7.RELEASE/spring-data-rest-webmvc-3.0.7.RELEASE.jar:/root/./workspace/paavosoeiro/goals-api/386155972/.m2/org/springframework/data/spring-data-rest-core/3.0.7.RELEASE/spring-data-rest-core-3.0.7.RELEASE.jar:/root/./workspace/paavosoeiro/goals-api/386155972/.m2/org/atteo/evo-inflector/1.2.2/evo-inflector-1.2.2.jar:/root/./workspace/paavosoeiro/goals-api/386155972/.m2/com/fasterxml/jackson/core/jackson-annotations/2.9.0/jackson-annotations-2.9.0.jar:/root/./workspace/paavosoeiro/goals-api/386155972/.m2/org/springframework/boot/spring-boot-starter-hateoas/2.0.2.RELEASE/spring-boot-starter-hateoas-2.0.2.RELEASE.jar:/root/./workspace/paavosoeiro/goals-api/386155972/.m2/org/springframework/hateoas/spring-hateoas/0.24.0.RELEASE/spring-hateoas-0.24.0.RELEASE.jar:/root/./workspace/paavosoeiro/goals-api/386155972/.m2/org/springframework/plugin/spring-plugin-core/1.2.0.RELEASE/spring-plugin-core-1.2.0.RELEASE.jar:/root/./workspace/paavosoeiro/goals-api/386155972/.m2/org/springframework/boot/spring-boot-starter-web/2.0.2.RELEASE/spring-boot-starter-web-2.0.2.RELEASE.jar:/root/./workspace/paavosoeiro/goals-api/386155972/.m2/org/springframework/boot/spring-boot-starter-tomcat/2.0.2.RELEASE/spring-boot-starter-tomcat-2.0.2.RELEASE.jar:/root/./workspace/paavosoeiro/goals-api/386155972/.m2/org/apache/tomcat/embed/tomcat-embed-core/8.5.31/tomcat-embed-core-8.5.31.jar:/root/./workspace/paavosoeiro/goals-api/386155972/.m2/org/apache/tomcat/embed/tomcat-embed-el/8.5.31/tomcat-embed-el-8.5.31.jar:/root/./workspace/paavosoeiro/goals-api/386155972/.m2/org/apache/tomcat/embed/tomcat-embed-websocket/8.5.31/tomcat-embed-websocket-8.5.31.jar:/root/./workspace/paavosoeiro/goals-api/386155972/.m2/org/hibernate/validator/hibernate-validator/6.0.9.Final/hibernate-validator-6.0.9.Final.jar:/root/./workspace/paavosoeiro/goals-api/386155972/.m2/javax/validation/validation-api/2.0.1.Final/validation-api-2.0.1.Final.jar:/root/./workspace/paavosoeiro/goals-api/386155972/.m2/org/springframework/spring-web/5.0.6.RELEASE/spring-web-5.0.6.RELEASE.jar:/root/./workspace/paavosoeiro/goals-api/386155972/.m2/org/springframework/spring-webmvc/5.0.6.RELEASE/spring-webmvc-5.0.6.RELEASE.jar:/root/./workspace/paavosoeiro/goals-api/386155972/.m2/org/springframework/spring-expression/5.0.6.RELEASE/spring-expression-5.0.6.RELEASE.jar:/root/./workspace/paavosoeiro/goals-api/386155972/.m2/org/springframework/boot/spring-boot-devtools/2.0.2.RELEASE/spring-boot-devtools-2.0.2.RELEASE.jar:/root/./workspace/paavosoeiro/goals-api/386155972/.m2/org/springframework/boot/spring-boot/2.0.2.RELEASE/spring-boot-2.0.2.RELEASE.jar:/root/./workspace/paavosoeiro/goals-api/386155972/.m2/org/springframework/boot/spring-boot-autoconfigure/2.0.2.RELEASE/spring-boot-autoconfigure-2.0.2.RELEASE.jar:/root/./workspace/paavosoeiro/goals-api/386155972/.m2/com/h2database/h2/1.4.197/h2-1.4.197.jar:/root/./workspace/paavosoeiro/goals-api/386155972/.m2/org/projectlombok/lombok/1.16.20/lombok-1.16.20.jar:/root/./workspace/paavosoeiro/goals-api/386155972/.m2/org/springframework/boot/spring-boot-starter-test/2.0.2.RELEASE/spring-boot-starter-test-2.0.2.RELEASE.jar:/root/./workspace/paavosoeiro/goals-api/386155972/.m2/org/springframework/boot/spring-boot-test/2.0.2.RELEASE/spring-boot-test-2.0.2.RELEASE.jar:/root/./workspace/paavosoeiro/goals-api/386155972/.m2/org/springframework/boot/spring-boot-test-autoconfigure/2.0.2.RELEASE/spring-boot-test-autoconfigure-2.0.2.RELEASE.jar:/root/./workspace/paavosoeiro/goals-api/386155972/.m2/com/jayway/jsonpath/json-path/2.4.0/json-path-2.4.0.jar:/root/./workspace/paavosoeiro/goals-api/386155972/.m2/net/minidev/json-smart/2.3/json-smart-2.3.jar:/root/./workspace/paavosoeiro/goals-api/386155972/.m2/net/minidev/accessors-smart/1.2/accessors-smart-1.2.jar:/root/./workspace/paavosoeiro/goals-api/386155972/.m2/org/ow2/asm/asm/5.0.4/asm-5.0.4.jar:/root/./workspace/paavosoeiro/goals-api/386155972/.m2/junit/junit/4.12/junit-4.12.jar:/root/./workspace/paavosoeiro/goals-api/386155972/.m2/org/assertj/assertj-core/3.9.1/assertj-core-3.9.1.jar:/root/./workspace/paavosoeiro/goals-api/386155972/.m2/org/mockito/mockito-core/2.15.0/mockito-core-2.15.0.jar:/root/./workspace/paavosoeiro/goals-api/386155972/.m2/net/bytebuddy/byte-buddy/1.7.11/byte-buddy-1.7.11.jar:/root/./workspace/paavosoeiro/goals-api/386155972/.m2/net/bytebuddy/byte-buddy-agent/1.7.11/byte-buddy-agent-1.7.11.jar:/root/./workspace/paavosoeiro/goals-api/386155972/.m2/org/objenesis/objenesis/2.6/objenesis-2.6.jar:/root/./workspace/paavosoeiro/goals-api/386155972/.m2/org/hamcrest/hamcrest-core/1.3/hamcrest-core-1.3.jar:/root/./workspace/paavosoeiro/goals-api/386155972/.m2/org/hamcrest/hamcrest-library/1.3/hamcrest-library-1.3.jar:/root/./workspace/paavosoeiro/goals-api/386155972/.m2/org/skyscreamer/jsonassert/1.5.0/jsonassert-1.5.0.jar:/root/./workspace/paavosoeiro/goals-api/386155972/.m2/com/vaadin/external/google/android-json/0.0.20131108.vaadin1/android-json-0.0.20131108.vaadin1.jar:/root/./workspace/paavosoeiro/goals-api/386155972/.m2/org/springframework/spring-core/5.0.6.RELEASE/spring-core-5.0.6.RELEASE.jar:/root/./workspace/paavosoeiro/goals-api/386155972/.m2/org/springframework/spring-jcl/5.0.6.RELEASE/spring-jcl-5.0.6.RELEASE.jar:/root/./workspace/paavosoeiro/goals-api/386155972/.m2/org/springframework/spring-test/5.0.6.RELEASE/spring-test-5.0.6.RELEASE.jar:/root/./workspace/paavosoeiro/goals-api/386155972/.m2/org/xmlunit/xmlunit-core/2.5.1/xmlunit-core-2.5.1.jar:/root/./workspace/paavosoeiro/goals-api/386155972/.m2/io/springfox/springfox-swagger2/2.6.1/springfox-swagger2-2.6.1.jar:/root/./workspace/paavosoeiro/goals-api/386155972/.m2/io/swagger/swagger-annotations/1.5.10/swagger-annotations-1.5.10.jar:/root/./workspace/paavosoeiro/goals-api/386155972/.m2/io/swagger/swagger-models/1.5.10/swagger-models-1.5.10.jar:/root/./workspace/paavosoeiro/goals-api/386155972/.m2/io/springfox/springfox-spi/2.6.1/springfox-spi-2.6.1.jar:/root/./workspace/paavosoeiro/goals-api/386155972/.m2/io/springfox/springfox-core/2.6.1/springfox-core-2.6.1.jar:/root/./workspace/paavosoeiro/goals-api/386155972/.m2/io/springfox/springfox-schema/2.6.1/springfox-schema-2.6.1.jar:/root/./workspace/paavosoeiro/goals-api/386155972/.m2/io/springfox/springfox-swagger-common/2.6.1/springfox-swagger-common-2.6.1.jar:/root/./workspace/paavosoeiro/goals-api/386155972/.m2/io/springfox/springfox-spring-web/2.6.1/springfox-spring-web-2.6.1.jar:/root/./workspace/paavosoeiro/goals-api/386155972/.m2/com/google/guava/guava/18.0/guava-18.0.jar:/root/./workspace/paavosoeiro/goals-api/386155972/.m2/com/fasterxml/classmate/1.3.4/classmate-1.3.4.jar:/root/./workspace/paavosoeiro/goals-api/386155972/.m2/org/slf4j/slf4j-api/1.7.25/slf4j-api-1.7.25.jar:/root/./workspace/paavosoeiro/goals-api/386155972/.m2/org/springframework/plugin/spring-plugin-metadata/1.2.0.RELEASE/spring-plugin-metadata-1.2.0.RELEASE.jar:/root/./workspace/paavosoeiro/goals-api/386155972/.m2/org/mapstruct/mapstruct/1.0.0.Final/mapstruct-1.0.0.Final.jar:/root/./workspace/paavosoeiro/goals-api/386155972/.m2/io/springfox/springfox-swagger-ui/2.6.1/springfox-swagger-ui-2.6.1.jar:/root/./workspace/paavosoeiro/goals-api/386155972/.m2/org/modelmapper/modelmapper/1.1.0/modelmapper-1.1.0.jar:, java.specification.name=Java Platform API Specification, java.class.version=52.0, skip.bower=true, sun.management.compiler=HotSpot 64-Bit Tiered Compilers, maven.repo.local=/root/./workspace/paavosoeiro/goals-api/386155972/.m2, os.version=3.10.0-862.3.2.el7.x86_64, user.home=/root, user.timezone=Europe/Paris, java.awt.printerjob=sun.print.PSPrinterJob, file.encoding=UTF-8, java.specification.version=1.8, java.class.path=/root/workspace/paavosoeiro/goals-api/386155972/target/test-classes:/root/workspace/paavosoeiro/goals-api/386155972/target/classes:/root/./workspace/paavosoeiro/goals-api/386155972/.m2/org/springframework/boot/spring-boot-starter-data-jpa/2.0.2.RELEASE/spring-boot-starter-data-jpa-2.0.2.RELEASE.jar:/root/./workspace/paavosoeiro/goals-api/386155972/.m2/org/springframework/boot/spring-boot-starter/2.0.2.RELEASE/spring-boot-starter-2.0.2.RELEASE.jar:/root/./workspace/paavosoeiro/goals-api/386155972/.m2/org/springframework/boot/spring-boot-starter-logging/2.0.2.RELEASE/spring-boot-starter-logging-2.0.2.RELEASE.jar:/root/./workspace/paavosoeiro/goals-api/386155972/.m2/ch/qos/logback/logback-classic/1.2.3/logback-classic-1.2.3.jar:/root/./workspace/paavosoeiro/goals-api/386155972/.m2/ch/qos/logback/logback-core/1.2.3/logback-core-1.2.3.jar:/root/./workspace/paavosoeiro/goals-api/386155972/.m2/org/apache/logging/log4j/log4j-to-slf4j/2.10.0/log4j-to-slf4j-2.10.0.jar:/root/./workspace/paavosoeiro/goals-api/386155972/.m2/org/apache/logging/log4j/log4j-api/2.10.0/log4j-api-2.10.0.jar:/root/./workspace/paavosoeiro/goals-api/386155972/.m2/org/slf4j/jul-to-slf4j/1.7.25/jul-to-slf4j-1.7.25.jar:/root/./workspace/paavosoeiro/goals-api/386155972/.m2/javax/annotation/javax.annotation-api/1.3.2/javax.annotation-api-1.3.2.jar:/root/./workspace/paavosoeiro/goals-api/386155972/.m2/org/yaml/snakeyaml/1.19/snakeyaml-1.19.jar:/root/./workspace/paavosoeiro/goals-api/386155972/.m2/org/springframework/boot/spring-boot-starter-aop/2.0.2.RELEASE/spring-boot-starter-aop-2.0.2.RELEASE.jar:/root/./workspace/paavosoeiro/goals-api/386155972/.m2/org/springframework/spring-aop/5.0.6.RELEASE/spring-aop-5.0.6.RELEASE.jar:/root/./workspace/paavosoeiro/goals-api/386155972/.m2/org/aspectj/aspectjweaver/1.8.13/aspectjweaver-1.8.13.jar:/root/./workspace/paavosoeiro/goals-api/386155972/.m2/org/springframework/boot/spring-boot-starter-jdbc/2.0.2.RELEASE/spring-boot-starter-jdbc-2.0.2.RELEASE.jar:/root/./workspace/paavosoeiro/goals-api/386155972/.m2/com/zaxxer/HikariCP/2.7.9/HikariCP-2.7.9.jar:/root/./workspace/paavosoeiro/goals-api/386155972/.m2/org/springframework/spring-jdbc/5.0.6.RELEASE/spring-jdbc-5.0.6.RELEASE.jar:/root/./workspace/paavosoeiro/goals-api/386155972/.m2/org/hibernate/hibernate-core/5.2.17.Final/hibernate-core-5.2.17.Final.jar:/root/./workspace/paavosoeiro/goals-api/386155972/.m2/org/jboss/logging/jboss-logging/3.3.2.Final/jboss-logging-3.3.2.Final.jar:/root/./workspace/paavosoeiro/goals-api/386155972/.m2/org/hibernate/javax/persistence/hibernate-jpa-2.1-api/1.0.0.Final/hibernate-jpa-2.1-api-1.0.0.Final.jar:/root/./workspace/paavosoeiro/goals-api/386155972/.m2/org/javassist/javassist/3.22.0-GA/javassist-3.22.0-GA.jar:/root/./workspace/paavosoeiro/goals-api/386155972/.m2/antlr/antlr/2.7.7/antlr-2.7.7.jar:/root/./workspace/paavosoeiro/goals-api/386155972/.m2/org/jboss/jandex/2.0.3.Final/jandex-2.0.3.Final.jar:/root/./workspace/paavosoeiro/goals-api/386155972/.m2/dom4j/dom4j/1.6.1/dom4j-1.6.1.jar:/root/./workspace/paavosoeiro/goals-api/386155972/.m2/org/hibernate/common/hibernate-commons-annotations/5.0.1.Final/hibernate-commons-annotations-5.0.1.Final.jar:/root/./workspace/paavosoeiro/goals-api/386155972/.m2/javax/transaction/javax.transaction-api/1.2/javax.transaction-api-1.2.jar:/root/./workspace/paavosoeiro/goals-api/386155972/.m2/org/springframework/data/spring-data-jpa/2.0.7.RELEASE/spring-data-jpa-2.0.7.RELEASE.jar:/root/./workspace/paavosoeiro/goals-api/386155972/.m2/org/springframework/data/spring-data-commons/2.0.7.RELEASE/spring-data-commons-2.0.7.RELEASE.jar:/root/./workspace/paavosoeiro/goals-api/386155972/.m2/org/springframework/spring-orm/5.0.6.RELEASE/spring-orm-5.0.6.RELEASE.jar:/root/./workspace/paavosoeiro/goals-api/386155972/.m2/org/springframework/spring-context/5.0.6.RELEASE/spring-context-5.0.6.RELEASE.jar:/root/./workspace/paavosoeiro/goals-api/386155972/.m2/org/springframework/spring-tx/5.0.6.RELEASE/spring-tx-5.0.6.RELEASE.jar:/root/./workspace/paavosoeiro/goals-api/386155972/.m2/org/springframework/spring-beans/5.0.6.RELEASE/spring-beans-5.0.6.RELEASE.jar:/root/./workspace/paavosoeiro/goals-api/386155972/.m2/org/springframework/spring-aspects/5.0.6.RELEASE/spring-aspects-5.0.6.RELEASE.jar:/root/./workspace/paavosoeiro/goals-api/386155972/.m2/org/springframework/boot/spring-boot-starter-data-rest/2.0.2.RELEASE/spring-boot-starter-data-rest-2.0.2.RELEASE.jar:/root/./workspace/paavosoeiro/goals-api/386155972/.m2/org/springframework/boot/spring-boot-starter-json/2.0.2.RELEASE/spring-boot-starter-json-2.0.2.RELEASE.jar:/root/./workspace/paavosoeiro/goals-api/386155972/.m2/com/fasterxml/jackson/core/jackson-databind/2.9.5/jackson-databind-2.9.5.jar:/root/./workspace/paavosoeiro/goals-api/386155972/.m2/com/fasterxml/jackson/core/jackson-core/2.9.5/jackson-core-2.9.5.jar:/root/./workspace/paavosoeiro/goals-api/386155972/.m2/com/fasterxml/jackson/datatype/jackson-datatype-jdk8/2.9.5/jackson-datatype-jdk8-2.9.5.jar:/root/./workspace/paavosoeiro/goals-api/386155972/.m2/com/fasterxml/jackson/datatype/jackson-datatype-jsr310/2.9.5/jackson-datatype-jsr310-2.9.5.jar:/root/./workspace/paavosoeiro/goals-api/386155972/.m2/com/fasterxml/jackson/module/jackson-module-parameter-names/2.9.5/jackson-module-parameter-names-2.9.5.jar:/root/./workspace/paavosoeiro/goals-api/386155972/.m2/org/springframework/data/spring-data-rest-webmvc/3.0.7.RELEASE/spring-data-rest-webmvc-3.0.7.RELEASE.jar:/root/./workspace/paavosoeiro/goals-api/386155972/.m2/org/springframework/data/spring-data-rest-core/3.0.7.RELEASE/spring-data-rest-core-3.0.7.RELEASE.jar:/root/./workspace/paavosoeiro/goals-api/386155972/.m2/org/atteo/evo-inflector/1.2.2/evo-inflector-1.2.2.jar:/root/./workspace/paavosoeiro/goals-api/386155972/.m2/com/fasterxml/jackson/core/jackson-annotations/2.9.0/jackson-annotations-2.9.0.jar:/root/./workspace/paavosoeiro/goals-api/386155972/.m2/org/springframework/boot/spring-boot-starter-hateoas/2.0.2.RELEASE/spring-boot-starter-hateoas-2.0.2.RELEASE.jar:/root/./workspace/paavosoeiro/goals-api/386155972/.m2/org/springframework/hateoas/spring-hateoas/0.24.0.RELEASE/spring-hateoas-0.24.0.RELEASE.jar:/root/./workspace/paavosoeiro/goals-api/386155972/.m2/org/springframework/plugin/spring-plugin-core/1.2.0.RELEASE/spring-plugin-core-1.2.0.RELEASE.jar:/root/./workspace/paavosoeiro/goals-api/386155972/.m2/org/springframework/boot/spring-boot-starter-web/2.0.2.RELEASE/spring-boot-starter-web-2.0.2.RELEASE.jar:/root/./workspace/paavosoeiro/goals-api/386155972/.m2/org/springframework/boot/spring-boot-starter-tomcat/2.0.2.RELEASE/spring-boot-starter-tomcat-2.0.2.RELEASE.jar:/root/./workspace/paavosoeiro/goals-api/386155972/.m2/org/apache/tomcat/embed/tomcat-embed-core/8.5.31/tomcat-embed-core-8.5.31.jar:/root/./workspace/paavosoeiro/goals-api/386155972/.m2/org/apache/tomcat/embed/tomcat-embed-el/8.5.31/tomcat-embed-el-8.5.31.jar:/root/./workspace/paavosoeiro/goals-api/386155972/.m2/org/apache/tomcat/embed/tomcat-embed-websocket/8.5.31/tomcat-embed-websocket-8.5.31.jar:/root/./workspace/paavosoeiro/goals-api/386155972/.m2/org/hibernate/validator/hibernate-validator/6.0.9.Final/hibernate-validator-6.0.9.Final.jar:/root/./workspace/paavosoeiro/goals-api/386155972/.m2/javax/validation/validation-api/2.0.1.Final/validation-api-2.0.1.Final.jar:/root/./workspace/paavosoeiro/goals-api/386155972/.m2/org/springframework/spring-web/5.0.6.RELEASE/spring-web-5.0.6.RELEASE.jar:/root/./workspace/paavosoeiro/goals-api/386155972/.m2/org/springframework/spring-webmvc/5.0.6.RELEASE/spring-webmvc-5.0.6.RELEASE.jar:/root/./workspace/paavosoeiro/goals-api/386155972/.m2/org/springframework/spring-expression/5.0.6.RELEASE/spring-expression-5.0.6.RELEASE.jar:/root/./workspace/paavosoeiro/goals-api/386155972/.m2/org/springframework/boot/spring-boot-devtools/2.0.2.RELEASE/spring-boot-devtools-2.0.2.RELEASE.jar:/root/./workspace/paavosoeiro/goals-api/386155972/.m2/org/springframework/boot/spring-boot/2.0.2.RELEASE/spring-boot-2.0.2.RELEASE.jar:/root/./workspace/paavosoeiro/goals-api/386155972/.m2/org/springframework/boot/spring-boot-autoconfigure/2.0.2.RELEASE/spring-boot-autoconfigure-2.0.2.RELEASE.jar:/root/./workspace/paavosoeiro/goals-api/386155972/.m2/com/h2database/h2/1.4.197/h2-1.4.197.jar:/root/./workspace/paavosoeiro/goals-api/386155972/.m2/org/projectlombok/lombok/1.16.20/lombok-1.16.20.jar:/root/./workspace/paavosoeiro/goals-api/386155972/.m2/org/springframework/boot/spring-boot-starter-test/2.0.2.RELEASE/spring-boot-starter-test-2.0.2.RELEASE.jar:/root/./workspace/paavosoeiro/goals-api/386155972/.m2/org/springframework/boot/spring-boot-test/2.0.2.RELEASE/spring-boot-test-2.0.2.RELEASE.jar:/root/./workspace/paavosoeiro/goals-api/386155972/.m2/org/springframework/boot/spring-boot-test-autoconfigure/2.0.2.RELEASE/spring-boot-test-autoconfigure-2.0.2.RELEASE.jar:/root/./workspace/paavosoeiro/goals-api/386155972/.m2/com/jayway/jsonpath/json-path/2.4.0/json-path-2.4.0.jar:/root/./workspace/paavosoeiro/goals-api/386155972/.m2/net/minidev/json-smart/2.3/json-smart-2.3.jar:/root/./workspace/paavosoeiro/goals-api/386155972/.m2/net/minidev/accessors-smart/1.2/accessors-smart-1.2.jar:/root/./workspace/paavosoeiro/goals-api/386155972/.m2/org/ow2/asm/asm/5.0.4/asm-5.0.4.jar:/root/./workspace/paavosoeiro/goals-api/386155972/.m2/junit/junit/4.12/junit-4.12.jar:/root/./workspace/paavosoeiro/goals-api/386155972/.m2/org/assertj/assertj-core/3.9.1/assertj-core-3.9.1.jar:/root/./workspace/paavosoeiro/goals-api/386155972/.m2/org/mockito/mockito-core/2.15.0/mockito-core-2.15.0.jar:/root/./workspace/paavosoeiro/goals-api/386155972/.m2/net/bytebuddy/byte-buddy/1.7.11/byte-buddy-1.7.11.jar:/root/./workspace/paavosoeiro/goals-api/386155972/.m2/net/bytebuddy/byte-buddy-agent/1.7.11/byte-buddy-agent-1.7.11.jar:/root/./workspace/paavosoeiro/goals-api/386155972/.m2/org/objenesis/objenesis/2.6/objenesis-2.6.jar:/root/./workspace/paavosoeiro/goals-api/386155972/.m2/org/hamcrest/hamcrest-core/1.3/hamcrest-core-1.3.jar:/root/./workspace/paavosoeiro/goals-api/386155972/.m2/org/hamcrest/hamcrest-library/1.3/hamcrest-library-1.3.jar:/root/./workspace/paavosoeiro/goals-api/386155972/.m2/org/skyscreamer/jsonassert/1.5.0/jsonassert-1.5.0.jar:/root/./workspace/paavosoeiro/goals-api/386155972/.m2/com/vaadin/external/google/android-json/0.0.20131108.vaadin1/android-json-0.0.20131108.vaadin1.jar:/root/./workspace/paavosoeiro/goals-api/386155972/.m2/org/springframework/spring-core/5.0.6.RELEASE/spring-core-5.0.6.RELEASE.jar:/root/./workspace/paavosoeiro/goals-api/386155972/.m2/org/springframework/spring-jcl/5.0.6.RELEASE/spring-jcl-5.0.6.RELEASE.jar:/root/./workspace/paavosoeiro/goals-api/386155972/.m2/org/springframework/spring-test/5.0.6.RELEASE/spring-test-5.0.6.RELEASE.jar:/root/./workspace/paavosoeiro/goals-api/386155972/.m2/org/xmlunit/xmlunit-core/2.5.1/xmlunit-core-2.5.1.jar:/root/./workspace/paavosoeiro/goals-api/386155972/.m2/io/springfox/springfox-swagger2/2.6.1/springfox-swagger2-2.6.1.jar:/root/./workspace/paavosoeiro/goals-api/386155972/.m2/io/swagger/swagger-annotations/1.5.10/swagger-annotations-1.5.10.jar:/root/./workspace/paavosoeiro/goals-api/386155972/.m2/io/swagger/swagger-models/1.5.10/swagger-models-1.5.10.jar:/root/./workspace/paavosoeiro/goals-api/386155972/.m2/io/springfox/springfox-spi/2.6.1/springfox-spi-2.6.1.jar:/root/./workspace/paavosoeiro/goals-api/386155972/.m2/io/springfox/springfox-core/2.6.1/springfox-core-2.6.1.jar:/root/./workspace/paavosoeiro/goals-api/386155972/.m2/io/springfox/springfox-schema/2.6.1/springfox-schema-2.6.1.jar:/root/./workspace/paavosoeiro/goals-api/386155972/.m2/io/springfox/springfox-swagger-common/2.6.1/springfox-swagger-common-2.6.1.jar:/root/./workspace/paavosoeiro/goals-api/386155972/.m2/io/springfox/springfox-spring-web/2.6.1/springfox-spring-web-2.6.1.jar:/root/./workspace/paavosoeiro/goals-api/386155972/.m2/com/google/guava/guava/18.0/guava-18.0.jar:/root/./workspace/paavosoeiro/goals-api/386155972/.m2/com/fasterxml/classmate/1.3.4/classmate-1.3.4.jar:/root/./workspace/paavosoeiro/goals-api/386155972/.m2/org/slf4j/slf4j-api/1.7.25/slf4j-api-1.7.25.jar:/root/./workspace/paavosoeiro/goals-api/386155972/.m2/org/springframework/plugin/spring-plugin-metadata/1.2.0.RELEASE/spring-plugin-metadata-1.2.0.RELEASE.jar:/root/./workspace/paavosoeiro/goals-api/386155972/.m2/org/mapstruct/mapstruct/1.0.0.Final/mapstruct-1.0.0.Final.jar:/root/./workspace/paavosoeiro/goals-api/386155972/.m2/io/springfox/springfox-swagger-ui/2.6.1/springfox-swagger-ui-2.6.1.jar:/root/./workspace/paavosoeiro/goals-api/386155972/.m2/org/modelmapper/modelmapper/1.1.0/modelmapper-1.1.0.jar:, user.name=root, skipITs=true, java.vm.specification.version=1.8, sun.java.command=/root/workspace/paavosoeiro/goals-api/386155972/target/surefire/surefirebooter7599765083786477021.jar /root/workspace/paavosoeiro/goals-api/386155972/target/surefire 2018-05-31T14-30-26_557-jvmRun1 surefire1691772524858368540tmp surefire_0272601731038405482tmp, java.home=/usr/lib/jvm/java-8-openjdk-amd64/jre, sun.arch.data.model=64, user.language=en, java.specification.vendor=Oracle Corporation, dependency-check.skip=true, awt.toolkit=sun.awt.X11.XToolkit, java.vm.info=mixed mode, java.version=1.8.0_121, java.ext.dirs=/usr/lib/jvm/java-8-openjdk-amd64/jre/lib/ext:/usr/java/packages/lib/ext, sun.boot.class.path=/usr/lib/jvm/java-8-openjdk-amd64/jre/lib/resources.jar:/usr/lib/jvm/java-8-openjdk-amd64/jre/lib/rt.jar:/usr/lib/jvm/java-8-openjdk-amd64/jre/lib/sunrsasign.jar:/usr/lib/jvm/java-8-openjdk-amd64/jre/lib/jsse.jar:/usr/lib/jvm/java-8-openjdk-amd64/jre/lib/jce.jar:/usr/lib/jvm/java-8-openjdk-amd64/jre/lib/charsets.jar:/usr/lib/jvm/java-8-openjdk-amd64/jre/lib/jfr.jar:/usr/lib/jvm/java-8-openjdk-amd64/jre/classes, rat.skip=true, enforcer.skip=true, java.vendor=Oracle Corporation, localRepository=/root/./workspace/paavosoeiro/goals-api/386155972/.m2, file.separator=/, java.vendor.url.bug=http://bugreport.sun.com/bugreport/, sun.io.unicode.encoding=UnicodeLittle, sun.cpu.endian=little, sun.cpu.isalist=}}, SystemEnvironmentPropertySource@928466577 {name='systemEnvironment', properties={PATH=/usr/local/sbin:/usr/local/bin:/usr/sbin:/usr/bin:/sbin:/bin, JAVA_HOME=/usr/lib/jvm/java-8-openjdk-amd64, NOTIFY_TO=, CA_CERTIFICATES_JAVA_VERSION=20161107~bpo8+1, MONGODB_HOST=, BUILD_ID=, LANG=C.UTF-8, MAVEN_HOME=/usr/share/maven, SMTP_SERVER=, MONGODB_NAME=, REPAIR_MODE=repair, PWD=/root/workspace/paavosoeiro/goals-api/386155972, JAVA_VERSION=8u121, GITHUB_OAUTH=, MAVEN_CMD_LINE_ARGS=/root/.m2 -B -D enforcer.skip=true -D dependency-check.skip=true -D skipITs=true -D cobertura.skip=true -D maven.repo.local=/root/./workspace/paavosoeiro/goals-api/386155972/.m2 -D rat.skip=true -D findbugs.skip=true -D skip.bower=true -D gpg.skip=true -D checkstyle.skip=true -D skip.gulp=true -D license.skip=true -D skip.npm=true test, _=/usr/bin/java, OUTPUT=, MAVEN_TERMINATE_CMD=on, MAVEN_CONFIG=/root/.m2, MAVEN_PROJECTBASEDIR=/root/workspace/paavosoeiro/goals-api/386155972, OLDPWD=/root/workspace/paavosoeiro/goals-api/386155972, LOG_FILENAME=repairnator-pipeline_2018-05-31_1429_386155972_5a77b685-d098-401d-b168-01e076b51223, RUN_ID=, HOSTNAME=cyclone1, JAVA_DEBIAN_VERSION=8u121-b13-1~bpo8+1, M2_HOME=/usr/share/maven, REPAIR_TOOLS=AssertFixer, HOME=/root, SHLVL=1, PUSH_URL=}}]
14:30:28.279 [main] DEBUG org.springframework.core.io.support.PathMatchingResourcePatternResolver - Resolved classpath location [com/bemba/goalsapi/controller/] to resources [URL [file:/root/workspace/paavosoeiro/goals-api/386155972/target/test-classes/com/bemba/goalsapi/controller/], URL [file:/root/workspace/paavosoeiro/goals-api/386155972/target/classes/com/bemba/goalsapi/controller/]]
14:30:28.279 [main] DEBUG org.springframework.core.io.support.PathMatchingResourcePatternResolver - Looking for matching resources in directory tree [/root/workspace/paavosoeiro/goals-api/386155972/target/test-classes/com/bemba/goalsapi/controller]
14:30:28.280 [main] DEBUG org.springframework.core.io.support.PathMatchingResourcePatternResolver - Searching directory [/root/workspace/paavosoeiro/goals-api/386155972/target/test-classes/com/bemba/goalsapi/controller] for files matching pattern [/root/workspace/paavosoeiro/goals-api/386155972/target/test-classes/com/bemba/goalsapi/controller/*.class]
14:30:28.283 [main] DEBUG org.springframework.core.io.support.PathMatchingResourcePatternResolver - Looking for matching resources in directory tree [/root/workspace/paavosoeiro/goals-api/386155972/target/classes/com/bemba/goalsapi/controller]
14:30:28.283 [main] DEBUG org.springframework.core.io.support.PathMatchingResourcePatternResolver - Searching directory [/root/workspace/paavosoeiro/goals-api/386155972/target/classes/com/bemba/goalsapi/controller] for files matching pattern [/root/workspace/paavosoeiro/goals-api/386155972/target/classes/com/bemba/goalsapi/controller/*.class]
14:30:28.284 [main] DEBUG org.springframework.core.io.support.PathMatchingResourcePatternResolver - Resolved location pattern [classpath*:com/bemba/goalsapi/controller/*.class] to resources [file [/root/workspace/paavosoeiro/goals-api/386155972/target/test-classes/com/bemba/goalsapi/controller/EntryControllerTest.class], file [/root/workspace/paavosoeiro/goals-api/386155972/target/test-classes/com/bemba/goalsapi/controller/GoalControllerTest.class], file [/root/workspace/paavosoeiro/goals-api/386155972/target/classes/com/bemba/goalsapi/controller/EntryController.class], file [/root/workspace/paavosoeiro/goals-api/386155972/target/classes/com/bemba/goalsapi/controller/GoalController.class]]
14:30:28.334 [main] DEBUG org.springframework.core.io.support.PathMatchingResourcePatternResolver - Resolved classpath location [com/bemba/goalsapi/] to resources [URL [file:/root/workspace/paavosoeiro/goals-api/386155972/target/test-classes/com/bemba/goalsapi/], URL [file:/root/workspace/paavosoeiro/goals-api/386155972/target/classes/com/bemba/goalsapi/]]
14:30:28.334 [main] DEBUG org.springframework.core.io.support.PathMatchingResourcePatternResolver - Looking for matching resources in directory tree [/root/workspace/paavosoeiro/goals-api/386155972/target/test-classes/com/bemba/goalsapi]
14:30:28.334 [main] DEBUG org.springframework.core.io.support.PathMatchingResourcePatternResolver - Searching directory [/root/workspace/paavosoeiro/goals-api/386155972/target/test-classes/com/bemba/goalsapi] for files matching pattern [/root/workspace/paavosoeiro/goals-api/386155972/target/test-classes/com/bemba/goalsapi/*.class]
14:30:28.335 [main] DEBUG org.springframework.core.io.support.PathMatchingResourcePatternResolver - Looking for matching resources in directory tree [/root/workspace/paavosoeiro/goals-api/386155972/target/classes/com/bemba/goalsapi]
14:30:28.335 [main] DEBUG org.springframework.core.io.support.PathMatchingResourcePatternResolver - Searching directory [/root/workspace/paavosoeiro/goals-api/386155972/target/classes/com/bemba/goalsapi] for files matching pattern [/root/workspace/paavosoeiro/goals-api/386155972/target/classes/com/bemba/goalsapi/*.class]
14:30:28.337 [main] DEBUG org.springframework.core.io.support.PathMatchingResourcePatternResolver - Resolved location pattern [classpath*:com/bemba/goalsapi/*.class] to resources [file [/root/workspace/paavosoeiro/goals-api/386155972/target/test-classes/com/bemba/goalsapi/GoalsApiApplicationTests.class], file [/root/workspace/paavosoeiro/goals-api/386155972/target/classes/com/bemba/goalsapi/GoalsApiApplication.class]]
14:30:28.373 [main] DEBUG org.springframework.context.annotation.ClassPathScanningCandidateComponentProvider - Identified candidate component class: file [/root/workspace/paavosoeiro/goals-api/386155972/target/classes/com/bemba/goalsapi/GoalsApiApplication.class]
14:30:28.374 [main] INFO org.springframework.boot.test.context.SpringBootTestContextBootstrapper - Found @SpringBootConfiguration com.bemba.goalsapi.GoalsApiApplication for test class com.bemba.goalsapi.controller.GoalControllerTest
14:30:28.547 [main] DEBUG org.springframework.boot.test.context.SpringBootTestContextBootstrapper - @TestExecutionListeners is not present for class [com.bemba.goalsapi.controller.GoalControllerTest]: using defaults.
14:30:28.547 [main] INFO org.springframework.boot.test.context.SpringBootTestContextBootstrapper - Loaded default TestExecutionListener class names from location [META-INF/spring.factories]: [org.springframework.boot.test.mock.mockito.MockitoTestExecutionListener, org.springframework.boot.test.mock.mockito.ResetMocksTestExecutionListener, org.springframework.boot.test.autoconfigure.restdocs.RestDocsTestExecutionListener, org.springframework.boot.test.autoconfigure.web.client.MockRestServiceServerResetTestExecutionListener, org.springframework.boot.test.autoconfigure.web.servlet.MockMvcPrintOnlyOnFailureTestExecutionListener, org.springframework.boot.test.autoconfigure.web.servlet.WebDriverTestExecutionListener, org.springframework.test.context.web.ServletTestExecutionListener, org.springframework.test.context.support.DirtiesContextBeforeModesTestExecutionListener, org.springframework.test.context.support.DependencyInjectionTestExecutionListener, org.springframework.test.context.support.DirtiesContextTestExecutionListener, org.springframework.test.context.transaction.TransactionalTestExecutionListener, org.springframework.test.context.jdbc.SqlScriptsTestExecutionListener]
14:30:28.567 [main] INFO org.springframework.boot.test.context.SpringBootTestContextBootstrapper - Using TestExecutionListeners: [org.springframework.test.context.web.ServletTestExecutionListener@66d18979, org.springframework.test.context.support.DirtiesContextBeforeModesTestExecutionListener@bccb269, org.springframework.boot.test.mock.mockito.MockitoTestExecutionListener@609cd4d8, org.springframework.boot.test.autoconfigure.SpringBootDependencyInjectionTestExecutionListener@17f7cd29, org.springframework.test.context.support.DirtiesContextTestExecutionListener@7d8704ef, org.springframework.test.context.transaction.TransactionalTestExecutionListener@13b6aecc, org.springframework.test.context.jdbc.SqlScriptsTestExecutionListener@158a8276, org.springframework.boot.test.mock.mockito.ResetMocksTestExecutionListener@3c3d9b6b, org.springframework.boot.test.autoconfigure.restdocs.RestDocsTestExecutionListener@79d8407f, org.springframework.boot.test.autoconfigure.web.client.MockRestServiceServerResetTestExecutionListener@5fbe4146, org.springframework.boot.test.autoconfigure.web.servlet.MockMvcPrintOnlyOnFailureTestExecutionListener@1e66f1f5, org.springframework.boot.test.autoconfigure.web.servlet.WebDriverTestExecutionListener@4e50c791]
14:30:28.569 [main] DEBUG org.springframework.test.annotation.ProfileValueUtils - Retrieved @ProfileValueSourceConfiguration [null] for test class [com.bemba.goalsapi.controller.GoalControllerTest]
14:30:28.569 [main] DEBUG org.springframework.test.annotation.ProfileValueUtils - Retrieved ProfileValueSource type [class org.springframework.test.annotation.SystemProfileValueSource] for class [com.bemba.goalsapi.controller.GoalControllerTest]
14:30:28.570 [main] DEBUG org.springframework.test.annotation.ProfileValueUtils - Retrieved @ProfileValueSourceConfiguration [null] for test class [com.bemba.goalsapi.controller.GoalControllerTest]
14:30:28.571 [main] DEBUG org.springframework.test.annotation.ProfileValueUtils - Retrieved ProfileValueSource type [class org.springframework.test.annotation.SystemProfileValueSource] for class [com.bemba.goalsapi.controller.GoalControllerTest]
14:30:28.571 [main] DEBUG org.springframework.test.annotation.ProfileValueUtils - Retrieved @ProfileValueSourceConfiguration [null] for test class [com.bemba.goalsapi.controller.GoalControllerTest]
14:30:28.571 [main] DEBUG org.springframework.test.annotation.ProfileValueUtils - Retrieved ProfileValueSource type [class org.springframework.test.annotation.SystemProfileValueSource] for class [com.bemba.goalsapi.controller.GoalControllerTest]
14:30:28.575 [main] DEBUG org.springframework.test.context.support.AbstractDirtiesContextTestExecutionListener - Before test class: context [DefaultTestContext@6aaceffd testClass = GoalControllerTest, testInstance = [null], testMethod = [null], testException = [null], mergedContextConfiguration = [WebMergedContextConfiguration@c86b9e3 testClass = GoalControllerTest, locations = '{}', classes = '{class com.bemba.goalsapi.GoalsApiApplication}', contextInitializerClasses = '[]', activeProfiles = '{}', propertySourceLocations = '{}', propertySourceProperties = '{org.springframework.boot.test.context.SpringBootTestContextBootstrapper=true}', contextCustomizers = set[org.springframework.boot.test.context.filter.ExcludeFilterContextCustomizer@587c290d, org.springframework.boot.test.json.DuplicateJsonObjectContextCustomizerFactory$DuplicateJsonObjectContextCustomizer@543788f3, org.springframework.boot.test.mock.mockito.MockitoContextCustomizer@0, org.springframework.boot.test.web.client.TestRestTemplateContextCustomizer@43d7741f, org.springframework.boot.test.autoconfigure.properties.PropertyMappingContextCustomizer@0, org.springframework.boot.test.autoconfigure.web.servlet.WebDriverContextCustomizerFactory$Customizer@3d8314f0, org.springframework.test.context.web.socket.MockServerContainerContextCustomizer@2a40cd94], resourceBasePath = 'src/main/webapp', contextLoader = 'org.springframework.boot.test.context.SpringBootContextLoader', parent = [null]], attributes = map['org.springframework.test.context.web.ServletTestExecutionListener.activateListener' -> true]], class annotated with @DirtiesContext [false] with mode [null].
14:30:28.576 [main] DEBUG org.springframework.test.annotation.ProfileValueUtils - Retrieved @ProfileValueSourceConfiguration [null] for test class [com.bemba.goalsapi.controller.GoalControllerTest]
14:30:28.576 [main] DEBUG org.springframework.test.annotation.ProfileValueUtils - Retrieved ProfileValueSource type [class org.springframework.test.annotation.SystemProfileValueSource] for class [com.bemba.goalsapi.controller.GoalControllerTest]
14:30:28.599 [main] DEBUG org.springframework.core.env.StandardEnvironment - Adding PropertySource 'systemProperties' with lowest search precedence
14:30:28.599 [main] DEBUG org.springframework.core.env.StandardEnvironment - Adding PropertySource 'systemEnvironment' with lowest search precedence
14:30:28.599 [main] DEBUG org.springframework.core.env.StandardEnvironment - Initialized StandardEnvironment with PropertySources [MapPropertySource@1248234350 {name='systemProperties', properties={java.runtime.name=OpenJDK Runtime Environment, sun.boot.library.path=/usr/lib/jvm/java-8-openjdk-amd64/jre/lib/amd64, java.vm.version=25.121-b13, java.vm.vendor=Oracle Corporation, java.vendor.url=http://java.oracle.com/, skip.gulp=true, path.separator=:, java.vm.name=OpenJDK 64-Bit Server VM, file.encoding.pkg=sun.io, findbugs.skip=true, sun.java.launcher=SUN_STANDARD, sun.os.patch.level=unknown, java.vm.specification.name=Java Virtual Machine Specification, user.dir=/root/workspace/paavosoeiro/goals-api/386155972, checkstyle.skip=true, java.runtime.version=1.8.0_121-8u121-b13-1~bpo8+1-b13, skip.npm=true, basedir=/root/workspace/paavosoeiro/goals-api/386155972, java.awt.graphicsenv=sun.awt.X11GraphicsEnvironment, java.endorsed.dirs=/usr/lib/jvm/java-8-openjdk-amd64/jre/lib/endorsed, os.arch=amd64, surefire.real.class.path=/root/workspace/paavosoeiro/goals-api/386155972/target/surefire/surefirebooter7599765083786477021.jar, gpg.skip=true, java.io.tmpdir=/tmp, line.separator=
, cobertura.skip=true, java.vm.specification.vendor=Oracle Corporation, os.name=Linux, sun.jnu.encoding=UTF-8, license.skip=true, java.library.path=/usr/java/packages/lib/amd64:/usr/lib/x86_64-linux-gnu/jni:/lib/x86_64-linux-gnu:/usr/lib/x86_64-linux-gnu:/usr/lib/jni:/lib:/usr/lib, surefire.test.class.path=/root/workspace/paavosoeiro/goals-api/386155972/target/test-classes:/root/workspace/paavosoeiro/goals-api/386155972/target/classes:/root/./workspace/paavosoeiro/goals-api/386155972/.m2/org/springframework/boot/spring-boot-starter-data-jpa/2.0.2.RELEASE/spring-boot-starter-data-jpa-2.0.2.RELEASE.jar:/root/./workspace/paavosoeiro/goals-api/386155972/.m2/org/springframework/boot/spring-boot-starter/2.0.2.RELEASE/spring-boot-starter-2.0.2.RELEASE.jar:/root/./workspace/paavosoeiro/goals-api/386155972/.m2/org/springframework/boot/spring-boot-starter-logging/2.0.2.RELEASE/spring-boot-starter-logging-2.0.2.RELEASE.jar:/root/./workspace/paavosoeiro/goals-api/386155972/.m2/ch/qos/logback/logback-classic/1.2.3/logback-classic-1.2.3.jar:/root/./workspace/paavosoeiro/goals-api/386155972/.m2/ch/qos/logback/logback-core/1.2.3/logback-core-1.2.3.jar:/root/./workspace/paavosoeiro/goals-api/386155972/.m2/org/apache/logging/log4j/log4j-to-slf4j/2.10.0/log4j-to-slf4j-2.10.0.jar:/root/./workspace/paavosoeiro/goals-api/386155972/.m2/org/apache/logging/log4j/log4j-api/2.10.0/log4j-api-2.10.0.jar:/root/./workspace/paavosoeiro/goals-api/386155972/.m2/org/slf4j/jul-to-slf4j/1.7.25/jul-to-slf4j-1.7.25.jar:/root/./workspace/paavosoeiro/goals-api/386155972/.m2/javax/annotation/javax.annotation-api/1.3.2/javax.annotation-api-1.3.2.jar:/root/./workspace/paavosoeiro/goals-api/386155972/.m2/org/yaml/snakeyaml/1.19/snakeyaml-1.19.jar:/root/./workspace/paavosoeiro/goals-api/386155972/.m2/org/springframework/boot/spring-boot-starter-aop/2.0.2.RELEASE/spring-boot-starter-aop-2.0.2.RELEASE.jar:/root/./workspace/paavosoeiro/goals-api/386155972/.m2/org/springframework/spring-aop/5.0.6.RELEASE/spring-aop-5.0.6.RELEASE.jar:/root/./workspace/paavosoeiro/goals-api/386155972/.m2/org/aspectj/aspectjweaver/1.8.13/aspectjweaver-1.8.13.jar:/root/./workspace/paavosoeiro/goals-api/386155972/.m2/org/springframework/boot/spring-boot-starter-jdbc/2.0.2.RELEASE/spring-boot-starter-jdbc-2.0.2.RELEASE.jar:/root/./workspace/paavosoeiro/goals-api/386155972/.m2/com/zaxxer/HikariCP/2.7.9/HikariCP-2.7.9.jar:/root/./workspace/paavosoeiro/goals-api/386155972/.m2/org/springframework/spring-jdbc/5.0.6.RELEASE/spring-jdbc-5.0.6.RELEASE.jar:/root/./workspace/paavosoeiro/goals-api/386155972/.m2/org/hibernate/hibernate-core/5.2.17.Final/hibernate-core-5.2.17.Final.jar:/root/./workspace/paavosoeiro/goals-api/386155972/.m2/org/jboss/logging/jboss-logging/3.3.2.Final/jboss-logging-3.3.2.Final.jar:/root/./workspace/paavosoeiro/goals-api/386155972/.m2/org/hibernate/javax/persistence/hibernate-jpa-2.1-api/1.0.0.Final/hibernate-jpa-2.1-api-1.0.0.Final.jar:/root/./workspace/paavosoeiro/goals-api/386155972/.m2/org/javassist/javassist/3.22.0-GA/javassist-3.22.0-GA.jar:/root/./workspace/paavosoeiro/goals-api/386155972/.m2/antlr/antlr/2.7.7/antlr-2.7.7.jar:/root/./workspace/paavosoeiro/goals-api/386155972/.m2/org/jboss/jandex/2.0.3.Final/jandex-2.0.3.Final.jar:/root/./workspace/paavosoeiro/goals-api/386155972/.m2/dom4j/dom4j/1.6.1/dom4j-1.6.1.jar:/root/./workspace/paavosoeiro/goals-api/386155972/.m2/org/hibernate/common/hibernate-commons-annotations/5.0.1.Final/hibernate-commons-annotations-5.0.1.Final.jar:/root/./workspace/paavosoeiro/goals-api/386155972/.m2/javax/transaction/javax.transaction-api/1.2/javax.transaction-api-1.2.jar:/root/./workspace/paavosoeiro/goals-api/386155972/.m2/org/springframework/data/spring-data-jpa/2.0.7.RELEASE/spring-data-jpa-2.0.7.RELEASE.jar:/root/./workspace/paavosoeiro/goals-api/386155972/.m2/org/springframework/data/spring-data-commons/2.0.7.RELEASE/spring-data-commons-2.0.7.RELEASE.jar:/root/./workspace/paavosoeiro/goals-api/386155972/.m2/org/springframework/spring-orm/5.0.6.RELEASE/spring-orm-5.0.6.RELEASE.jar:/root/./workspace/paavosoeiro/goals-api/386155972/.m2/org/springframework/spring-context/5.0.6.RELEASE/spring-context-5.0.6.RELEASE.jar:/root/./workspace/paavosoeiro/goals-api/386155972/.m2/org/springframework/spring-tx/5.0.6.RELEASE/spring-tx-5.0.6.RELEASE.jar:/root/./workspace/paavosoeiro/goals-api/386155972/.m2/org/springframework/spring-beans/5.0.6.RELEASE/spring-beans-5.0.6.RELEASE.jar:/root/./workspace/paavosoeiro/goals-api/386155972/.m2/org/springframework/spring-aspects/5.0.6.RELEASE/spring-aspects-5.0.6.RELEASE.jar:/root/./workspace/paavosoeiro/goals-api/386155972/.m2/org/springframework/boot/spring-boot-starter-data-rest/2.0.2.RELEASE/spring-boot-starter-data-rest-2.0.2.RELEASE.jar:/root/./workspace/paavosoeiro/goals-api/386155972/.m2/org/springframework/boot/spring-boot-starter-json/2.0.2.RELEASE/spring-boot-starter-json-2.0.2.RELEASE.jar:/root/./workspace/paavosoeiro/goals-api/386155972/.m2/com/fasterxml/jackson/core/jackson-databind/2.9.5/jackson-databind-2.9.5.jar:/root/./workspace/paavosoeiro/goals-api/386155972/.m2/com/fasterxml/jackson/core/jackson-core/2.9.5/jackson-core-2.9.5.jar:/root/./workspace/paavosoeiro/goals-api/386155972/.m2/com/fasterxml/jackson/datatype/jackson-datatype-jdk8/2.9.5/jackson-datatype-jdk8-2.9.5.jar:/root/./workspace/paavosoeiro/goals-api/386155972/.m2/com/fasterxml/jackson/datatype/jackson-datatype-jsr310/2.9.5/jackson-datatype-jsr310-2.9.5.jar:/root/./workspace/paavosoeiro/goals-api/386155972/.m2/com/fasterxml/jackson/module/jackson-module-parameter-names/2.9.5/jackson-module-parameter-names-2.9.5.jar:/root/./workspace/paavosoeiro/goals-api/386155972/.m2/org/springframework/data/spring-data-rest-webmvc/3.0.7.RELEASE/spring-data-rest-webmvc-3.0.7.RELEASE.jar:/root/./workspace/paavosoeiro/goals-api/386155972/.m2/org/springframework/data/spring-data-rest-core/3.0.7.RELEASE/spring-data-rest-core-3.0.7.RELEASE.jar:/root/./workspace/paavosoeiro/goals-api/386155972/.m2/org/atteo/evo-inflector/1.2.2/evo-inflector-1.2.2.jar:/root/./workspace/paavosoeiro/goals-api/386155972/.m2/com/fasterxml/jackson/core/jackson-annotations/2.9.0/jackson-annotations-2.9.0.jar:/root/./workspace/paavosoeiro/goals-api/386155972/.m2/org/springframework/boot/spring-boot-starter-hateoas/2.0.2.RELEASE/spring-boot-starter-hateoas-2.0.2.RELEASE.jar:/root/./workspace/paavosoeiro/goals-api/386155972/.m2/org/springframework/hateoas/spring-hateoas/0.24.0.RELEASE/spring-hateoas-0.24.0.RELEASE.jar:/root/./workspace/paavosoeiro/goals-api/386155972/.m2/org/springframework/plugin/spring-plugin-core/1.2.0.RELEASE/spring-plugin-core-1.2.0.RELEASE.jar:/root/./workspace/paavosoeiro/goals-api/386155972/.m2/org/springframework/boot/spring-boot-starter-web/2.0.2.RELEASE/spring-boot-starter-web-2.0.2.RELEASE.jar:/root/./workspace/paavosoeiro/goals-api/386155972/.m2/org/springframework/boot/spring-boot-starter-tomcat/2.0.2.RELEASE/spring-boot-starter-tomcat-2.0.2.RELEASE.jar:/root/./workspace/paavosoeiro/goals-api/386155972/.m2/org/apache/tomcat/embed/tomcat-embed-core/8.5.31/tomcat-embed-core-8.5.31.jar:/root/./workspace/paavosoeiro/goals-api/386155972/.m2/org/apache/tomcat/embed/tomcat-embed-el/8.5.31/tomcat-embed-el-8.5.31.jar:/root/./workspace/paavosoeiro/goals-api/386155972/.m2/org/apache/tomcat/embed/tomcat-embed-websocket/8.5.31/tomcat-embed-websocket-8.5.31.jar:/root/./workspace/paavosoeiro/goals-api/386155972/.m2/org/hibernate/validator/hibernate-validator/6.0.9.Final/hibernate-validator-6.0.9.Final.jar:/root/./workspace/paavosoeiro/goals-api/386155972/.m2/javax/validation/validation-api/2.0.1.Final/validation-api-2.0.1.Final.jar:/root/./workspace/paavosoeiro/goals-api/386155972/.m2/org/springframework/spring-web/5.0.6.RELEASE/spring-web-5.0.6.RELEASE.jar:/root/./workspace/paavosoeiro/goals-api/386155972/.m2/org/springframework/spring-webmvc/5.0.6.RELEASE/spring-webmvc-5.0.6.RELEASE.jar:/root/./workspace/paavosoeiro/goals-api/386155972/.m2/org/springframework/spring-expression/5.0.6.RELEASE/spring-expression-5.0.6.RELEASE.jar:/root/./workspace/paavosoeiro/goals-api/386155972/.m2/org/springframework/boot/spring-boot-devtools/2.0.2.RELEASE/spring-boot-devtools-2.0.2.RELEASE.jar:/root/./workspace/paavosoeiro/goals-api/386155972/.m2/org/springframework/boot/spring-boot/2.0.2.RELEASE/spring-boot-2.0.2.RELEASE.jar:/root/./workspace/paavosoeiro/goals-api/386155972/.m2/org/springframework/boot/spring-boot-autoconfigure/2.0.2.RELEASE/spring-boot-autoconfigure-2.0.2.RELEASE.jar:/root/./workspace/paavosoeiro/goals-api/386155972/.m2/com/h2database/h2/1.4.197/h2-1.4.197.jar:/root/./workspace/paavosoeiro/goals-api/386155972/.m2/org/projectlombok/lombok/1.16.20/lombok-1.16.20.jar:/root/./workspace/paavosoeiro/goals-api/386155972/.m2/org/springframework/boot/spring-boot-starter-test/2.0.2.RELEASE/spring-boot-starter-test-2.0.2.RELEASE.jar:/root/./workspace/paavosoeiro/goals-api/386155972/.m2/org/springframework/boot/spring-boot-test/2.0.2.RELEASE/spring-boot-test-2.0.2.RELEASE.jar:/root/./workspace/paavosoeiro/goals-api/386155972/.m2/org/springframework/boot/spring-boot-test-autoconfigure/2.0.2.RELEASE/spring-boot-test-autoconfigure-2.0.2.RELEASE.jar:/root/./workspace/paavosoeiro/goals-api/386155972/.m2/com/jayway/jsonpath/json-path/2.4.0/json-path-2.4.0.jar:/root/./workspace/paavosoeiro/goals-api/386155972/.m2/net/minidev/json-smart/2.3/json-smart-2.3.jar:/root/./workspace/paavosoeiro/goals-api/386155972/.m2/net/minidev/accessors-smart/1.2/accessors-smart-1.2.jar:/root/./workspace/paavosoeiro/goals-api/386155972/.m2/org/ow2/asm/asm/5.0.4/asm-5.0.4.jar:/root/./workspace/paavosoeiro/goals-api/386155972/.m2/junit/junit/4.12/junit-4.12.jar:/root/./workspace/paavosoeiro/goals-api/386155972/.m2/org/assertj/assertj-core/3.9.1/assertj-core-3.9.1.jar:/root/./workspace/paavosoeiro/goals-api/386155972/.m2/org/mockito/mockito-core/2.15.0/mockito-core-2.15.0.jar:/root/./workspace/paavosoeiro/goals-api/386155972/.m2/net/bytebuddy/byte-buddy/1.7.11/byte-buddy-1.7.11.jar:/root/./workspace/paavosoeiro/goals-api/386155972/.m2/net/bytebuddy/byte-buddy-agent/1.7.11/byte-buddy-agent-1.7.11.jar:/root/./workspace/paavosoeiro/goals-api/386155972/.m2/org/objenesis/objenesis/2.6/objenesis-2.6.jar:/root/./workspace/paavosoeiro/goals-api/386155972/.m2/org/hamcrest/hamcrest-core/1.3/hamcrest-core-1.3.jar:/root/./workspace/paavosoeiro/goals-api/386155972/.m2/org/hamcrest/hamcrest-library/1.3/hamcrest-library-1.3.jar:/root/./workspace/paavosoeiro/goals-api/386155972/.m2/org/skyscreamer/jsonassert/1.5.0/jsonassert-1.5.0.jar:/root/./workspace/paavosoeiro/goals-api/386155972/.m2/com/vaadin/external/google/android-json/0.0.20131108.vaadin1/android-json-0.0.20131108.vaadin1.jar:/root/./workspace/paavosoeiro/goals-api/386155972/.m2/org/springframework/spring-core/5.0.6.RELEASE/spring-core-5.0.6.RELEASE.jar:/root/./workspace/paavosoeiro/goals-api/386155972/.m2/org/springframework/spring-jcl/5.0.6.RELEASE/spring-jcl-5.0.6.RELEASE.jar:/root/./workspace/paavosoeiro/goals-api/386155972/.m2/org/springframework/spring-test/5.0.6.RELEASE/spring-test-5.0.6.RELEASE.jar:/root/./workspace/paavosoeiro/goals-api/386155972/.m2/org/xmlunit/xmlunit-core/2.5.1/xmlunit-core-2.5.1.jar:/root/./workspace/paavosoeiro/goals-api/386155972/.m2/io/springfox/springfox-swagger2/2.6.1/springfox-swagger2-2.6.1.jar:/root/./workspace/paavosoeiro/goals-api/386155972/.m2/io/swagger/swagger-annotations/1.5.10/swagger-annotations-1.5.10.jar:/root/./workspace/paavosoeiro/goals-api/386155972/.m2/io/swagger/swagger-models/1.5.10/swagger-models-1.5.10.jar:/root/./workspace/paavosoeiro/goals-api/386155972/.m2/io/springfox/springfox-spi/2.6.1/springfox-spi-2.6.1.jar:/root/./workspace/paavosoeiro/goals-api/386155972/.m2/io/springfox/springfox-core/2.6.1/springfox-core-2.6.1.jar:/root/./workspace/paavosoeiro/goals-api/386155972/.m2/io/springfox/springfox-schema/2.6.1/springfox-schema-2.6.1.jar:/root/./workspace/paavosoeiro/goals-api/386155972/.m2/io/springfox/springfox-swagger-common/2.6.1/springfox-swagger-common-2.6.1.jar:/root/./workspace/paavosoeiro/goals-api/386155972/.m2/io/springfox/springfox-spring-web/2.6.1/springfox-spring-web-2.6.1.jar:/root/./workspace/paavosoeiro/goals-api/386155972/.m2/com/google/guava/guava/18.0/guava-18.0.jar:/root/./workspace/paavosoeiro/goals-api/386155972/.m2/com/fasterxml/classmate/1.3.4/classmate-1.3.4.jar:/root/./workspace/paavosoeiro/goals-api/386155972/.m2/org/slf4j/slf4j-api/1.7.25/slf4j-api-1.7.25.jar:/root/./workspace/paavosoeiro/goals-api/386155972/.m2/org/springframework/plugin/spring-plugin-metadata/1.2.0.RELEASE/spring-plugin-metadata-1.2.0.RELEASE.jar:/root/./workspace/paavosoeiro/goals-api/386155972/.m2/org/mapstruct/mapstruct/1.0.0.Final/mapstruct-1.0.0.Final.jar:/root/./workspace/paavosoeiro/goals-api/386155972/.m2/io/springfox/springfox-swagger-ui/2.6.1/springfox-swagger-ui-2.6.1.jar:/root/./workspace/paavosoeiro/goals-api/386155972/.m2/org/modelmapper/modelmapper/1.1.0/modelmapper-1.1.0.jar:, java.specification.name=Java Platform API Specification, java.class.version=52.0, skip.bower=true, sun.management.compiler=HotSpot 64-Bit Tiered Compilers, maven.repo.local=/root/./workspace/paavosoeiro/goals-api/386155972/.m2, os.version=3.10.0-862.3.2.el7.x86_64, user.home=/root, user.timezone=Europe/Paris, java.awt.printerjob=sun.print.PSPrinterJob, file.encoding=UTF-8, java.specification.version=1.8, java.class.path=/root/workspace/paavosoeiro/goals-api/386155972/target/test-classes:/root/workspace/paavosoeiro/goals-api/386155972/target/classes:/root/./workspace/paavosoeiro/goals-api/386155972/.m2/org/springframework/boot/spring-boot-starter-data-jpa/2.0.2.RELEASE/spring-boot-starter-data-jpa-2.0.2.RELEASE.jar:/root/./workspace/paavosoeiro/goals-api/386155972/.m2/org/springframework/boot/spring-boot-starter/2.0.2.RELEASE/spring-boot-starter-2.0.2.RELEASE.jar:/root/./workspace/paavosoeiro/goals-api/386155972/.m2/org/springframework/boot/spring-boot-starter-logging/2.0.2.RELEASE/spring-boot-starter-logging-2.0.2.RELEASE.jar:/root/./workspace/paavosoeiro/goals-api/386155972/.m2/ch/qos/logback/logback-classic/1.2.3/logback-classic-1.2.3.jar:/root/./workspace/paavosoeiro/goals-api/386155972/.m2/ch/qos/logback/logback-core/1.2.3/logback-core-1.2.3.jar:/root/./workspace/paavosoeiro/goals-api/386155972/.m2/org/apache/logging/log4j/log4j-to-slf4j/2.10.0/log4j-to-slf4j-2.10.0.jar:/root/./workspace/paavosoeiro/goals-api/386155972/.m2/org/apache/logging/log4j/log4j-api/2.10.0/log4j-api-2.10.0.jar:/root/./workspace/paavosoeiro/goals-api/386155972/.m2/org/slf4j/jul-to-slf4j/1.7.25/jul-to-slf4j-1.7.25.jar:/root/./workspace/paavosoeiro/goals-api/386155972/.m2/javax/annotation/javax.annotation-api/1.3.2/javax.annotation-api-1.3.2.jar:/root/./workspace/paavosoeiro/goals-api/386155972/.m2/org/yaml/snakeyaml/1.19/snakeyaml-1.19.jar:/root/./workspace/paavosoeiro/goals-api/386155972/.m2/org/springframework/boot/spring-boot-starter-aop/2.0.2.RELEASE/spring-boot-starter-aop-2.0.2.RELEASE.jar:/root/./workspace/paavosoeiro/goals-api/386155972/.m2/org/springframework/spring-aop/5.0.6.RELEASE/spring-aop-5.0.6.RELEASE.jar:/root/./workspace/paavosoeiro/goals-api/386155972/.m2/org/aspectj/aspectjweaver/1.8.13/aspectjweaver-1.8.13.jar:/root/./workspace/paavosoeiro/goals-api/386155972/.m2/org/springframework/boot/spring-boot-starter-jdbc/2.0.2.RELEASE/spring-boot-starter-jdbc-2.0.2.RELEASE.jar:/root/./workspace/paavosoeiro/goals-api/386155972/.m2/com/zaxxer/HikariCP/2.7.9/HikariCP-2.7.9.jar:/root/./workspace/paavosoeiro/goals-api/386155972/.m2/org/springframework/spring-jdbc/5.0.6.RELEASE/spring-jdbc-5.0.6.RELEASE.jar:/root/./workspace/paavosoeiro/goals-api/386155972/.m2/org/hibernate/hibernate-core/5.2.17.Final/hibernate-core-5.2.17.Final.jar:/root/./workspace/paavosoeiro/goals-api/386155972/.m2/org/jboss/logging/jboss-logging/3.3.2.Final/jboss-logging-3.3.2.Final.jar:/root/./workspace/paavosoeiro/goals-api/386155972/.m2/org/hibernate/javax/persistence/hibernate-jpa-2.1-api/1.0.0.Final/hibernate-jpa-2.1-api-1.0.0.Final.jar:/root/./workspace/paavosoeiro/goals-api/386155972/.m2/org/javassist/javassist/3.22.0-GA/javassist-3.22.0-GA.jar:/root/./workspace/paavosoeiro/goals-api/386155972/.m2/antlr/antlr/2.7.7/antlr-2.7.7.jar:/root/./workspace/paavosoeiro/goals-api/386155972/.m2/org/jboss/jandex/2.0.3.Final/jandex-2.0.3.Final.jar:/root/./workspace/paavosoeiro/goals-api/386155972/.m2/dom4j/dom4j/1.6.1/dom4j-1.6.1.jar:/root/./workspace/paavosoeiro/goals-api/386155972/.m2/org/hibernate/common/hibernate-commons-annotations/5.0.1.Final/hibernate-commons-annotations-5.0.1.Final.jar:/root/./workspace/paavosoeiro/goals-api/386155972/.m2/javax/transaction/javax.transaction-api/1.2/javax.transaction-api-1.2.jar:/root/./workspace/paavosoeiro/goals-api/386155972/.m2/org/springframework/data/spring-data-jpa/2.0.7.RELEASE/spring-data-jpa-2.0.7.RELEASE.jar:/root/./workspace/paavosoeiro/goals-api/386155972/.m2/org/springframework/data/spring-data-commons/2.0.7.RELEASE/spring-data-commons-2.0.7.RELEASE.jar:/root/./workspace/paavosoeiro/goals-api/386155972/.m2/org/springframework/spring-orm/5.0.6.RELEASE/spring-orm-5.0.6.RELEASE.jar:/root/./workspace/paavosoeiro/goals-api/386155972/.m2/org/springframework/spring-context/5.0.6.RELEASE/spring-context-5.0.6.RELEASE.jar:/root/./workspace/paavosoeiro/goals-api/386155972/.m2/org/springframework/spring-tx/5.0.6.RELEASE/spring-tx-5.0.6.RELEASE.jar:/root/./workspace/paavosoeiro/goals-api/386155972/.m2/org/springframework/spring-beans/5.0.6.RELEASE/spring-beans-5.0.6.RELEASE.jar:/root/./workspace/paavosoeiro/goals-api/386155972/.m2/org/springframework/spring-aspects/5.0.6.RELEASE/spring-aspects-5.0.6.RELEASE.jar:/root/./workspace/paavosoeiro/goals-api/386155972/.m2/org/springframework/boot/spring-boot-starter-data-rest/2.0.2.RELEASE/spring-boot-starter-data-rest-2.0.2.RELEASE.jar:/root/./workspace/paavosoeiro/goals-api/386155972/.m2/org/springframework/boot/spring-boot-starter-json/2.0.2.RELEASE/spring-boot-starter-json-2.0.2.RELEASE.jar:/root/./workspace/paavosoeiro/goals-api/386155972/.m2/com/fasterxml/jackson/core/jackson-databind/2.9.5/jackson-databind-2.9.5.jar:/root/./workspace/paavosoeiro/goals-api/386155972/.m2/com/fasterxml/jackson/core/jackson-core/2.9.5/jackson-core-2.9.5.jar:/root/./workspace/paavosoeiro/goals-api/386155972/.m2/com/fasterxml/jackson/datatype/jackson-datatype-jdk8/2.9.5/jackson-datatype-jdk8-2.9.5.jar:/root/./workspace/paavosoeiro/goals-api/386155972/.m2/com/fasterxml/jackson/datatype/jackson-datatype-jsr310/2.9.5/jackson-datatype-jsr310-2.9.5.jar:/root/./workspace/paavosoeiro/goals-api/386155972/.m2/com/fasterxml/jackson/module/jackson-module-parameter-names/2.9.5/jackson-module-parameter-names-2.9.5.jar:/root/./workspace/paavosoeiro/goals-api/386155972/.m2/org/springframework/data/spring-data-rest-webmvc/3.0.7.RELEASE/spring-data-rest-webmvc-3.0.7.RELEASE.jar:/root/./workspace/paavosoeiro/goals-api/386155972/.m2/org/springframework/data/spring-data-rest-core/3.0.7.RELEASE/spring-data-rest-core-3.0.7.RELEASE.jar:/root/./workspace/paavosoeiro/goals-api/386155972/.m2/org/atteo/evo-inflector/1.2.2/evo-inflector-1.2.2.jar:/root/./workspace/paavosoeiro/goals-api/386155972/.m2/com/fasterxml/jackson/core/jackson-annotations/2.9.0/jackson-annotations-2.9.0.jar:/root/./workspace/paavosoeiro/goals-api/386155972/.m2/org/springframework/boot/spring-boot-starter-hateoas/2.0.2.RELEASE/spring-boot-starter-hateoas-2.0.2.RELEASE.jar:/root/./workspace/paavosoeiro/goals-api/386155972/.m2/org/springframework/hateoas/spring-hateoas/0.24.0.RELEASE/spring-hateoas-0.24.0.RELEASE.jar:/root/./workspace/paavosoeiro/goals-api/386155972/.m2/org/springframework/plugin/spring-plugin-core/1.2.0.RELEASE/spring-plugin-core-1.2.0.RELEASE.jar:/root/./workspace/paavosoeiro/goals-api/386155972/.m2/org/springframework/boot/spring-boot-starter-web/2.0.2.RELEASE/spring-boot-starter-web-2.0.2.RELEASE.jar:/root/./workspace/paavosoeiro/goals-api/386155972/.m2/org/springframework/boot/spring-boot-starter-tomcat/2.0.2.RELEASE/spring-boot-starter-tomcat-2.0.2.RELEASE.jar:/root/./workspace/paavosoeiro/goals-api/386155972/.m2/org/apache/tomcat/embed/tomcat-embed-core/8.5.31/tomcat-embed-core-8.5.31.jar:/root/./workspace/paavosoeiro/goals-api/386155972/.m2/org/apache/tomcat/embed/tomcat-embed-el/8.5.31/tomcat-embed-el-8.5.31.jar:/root/./workspace/paavosoeiro/goals-api/386155972/.m2/org/apache/tomcat/embed/tomcat-embed-websocket/8.5.31/tomcat-embed-websocket-8.5.31.jar:/root/./workspace/paavosoeiro/goals-api/386155972/.m2/org/hibernate/validator/hibernate-validator/6.0.9.Final/hibernate-validator-6.0.9.Final.jar:/root/./workspace/paavosoeiro/goals-api/386155972/.m2/javax/validation/validation-api/2.0.1.Final/validation-api-2.0.1.Final.jar:/root/./workspace/paavosoeiro/goals-api/386155972/.m2/org/springframework/spring-web/5.0.6.RELEASE/spring-web-5.0.6.RELEASE.jar:/root/./workspace/paavosoeiro/goals-api/386155972/.m2/org/springframework/spring-webmvc/5.0.6.RELEASE/spring-webmvc-5.0.6.RELEASE.jar:/root/./workspace/paavosoeiro/goals-api/386155972/.m2/org/springframework/spring-expression/5.0.6.RELEASE/spring-expression-5.0.6.RELEASE.jar:/root/./workspace/paavosoeiro/goals-api/386155972/.m2/org/springframework/boot/spring-boot-devtools/2.0.2.RELEASE/spring-boot-devtools-2.0.2.RELEASE.jar:/root/./workspace/paavosoeiro/goals-api/386155972/.m2/org/springframework/boot/spring-boot/2.0.2.RELEASE/spring-boot-2.0.2.RELEASE.jar:/root/./workspace/paavosoeiro/goals-api/386155972/.m2/org/springframework/boot/spring-boot-autoconfigure/2.0.2.RELEASE/spring-boot-autoconfigure-2.0.2.RELEASE.jar:/root/./workspace/paavosoeiro/goals-api/386155972/.m2/com/h2database/h2/1.4.197/h2-1.4.197.jar:/root/./workspace/paavosoeiro/goals-api/386155972/.m2/org/projectlombok/lombok/1.16.20/lombok-1.16.20.jar:/root/./workspace/paavosoeiro/goals-api/386155972/.m2/org/springframework/boot/spring-boot-starter-test/2.0.2.RELEASE/spring-boot-starter-test-2.0.2.RELEASE.jar:/root/./workspace/paavosoeiro/goals-api/386155972/.m2/org/springframework/boot/spring-boot-test/2.0.2.RELEASE/spring-boot-test-2.0.2.RELEASE.jar:/root/./workspace/paavosoeiro/goals-api/386155972/.m2/org/springframework/boot/spring-boot-test-autoconfigure/2.0.2.RELEASE/spring-boot-test-autoconfigure-2.0.2.RELEASE.jar:/root/./workspace/paavosoeiro/goals-api/386155972/.m2/com/jayway/jsonpath/json-path/2.4.0/json-path-2.4.0.jar:/root/./workspace/paavosoeiro/goals-api/386155972/.m2/net/minidev/json-smart/2.3/json-smart-2.3.jar:/root/./workspace/paavosoeiro/goals-api/386155972/.m2/net/minidev/accessors-smart/1.2/accessors-smart-1.2.jar:/root/./workspace/paavosoeiro/goals-api/386155972/.m2/org/ow2/asm/asm/5.0.4/asm-5.0.4.jar:/root/./workspace/paavosoeiro/goals-api/386155972/.m2/junit/junit/4.12/junit-4.12.jar:/root/./workspace/paavosoeiro/goals-api/386155972/.m2/org/assertj/assertj-core/3.9.1/assertj-core-3.9.1.jar:/root/./workspace/paavosoeiro/goals-api/386155972/.m2/org/mockito/mockito-core/2.15.0/mockito-core-2.15.0.jar:/root/./workspace/paavosoeiro/goals-api/386155972/.m2/net/bytebuddy/byte-buddy/1.7.11/byte-buddy-1.7.11.jar:/root/./workspace/paavosoeiro/goals-api/386155972/.m2/net/bytebuddy/byte-buddy-agent/1.7.11/byte-buddy-agent-1.7.11.jar:/root/./workspace/paavosoeiro/goals-api/386155972/.m2/org/objenesis/objenesis/2.6/objenesis-2.6.jar:/root/./workspace/paavosoeiro/goals-api/386155972/.m2/org/hamcrest/hamcrest-core/1.3/hamcrest-core-1.3.jar:/root/./workspace/paavosoeiro/goals-api/386155972/.m2/org/hamcrest/hamcrest-library/1.3/hamcrest-library-1.3.jar:/root/./workspace/paavosoeiro/goals-api/386155972/.m2/org/skyscreamer/jsonassert/1.5.0/jsonassert-1.5.0.jar:/root/./workspace/paavosoeiro/goals-api/386155972/.m2/com/vaadin/external/google/android-json/0.0.20131108.vaadin1/android-json-0.0.20131108.vaadin1.jar:/root/./workspace/paavosoeiro/goals-api/386155972/.m2/org/springframework/spring-core/5.0.6.RELEASE/spring-core-5.0.6.RELEASE.jar:/root/./workspace/paavosoeiro/goals-api/386155972/.m2/org/springframework/spring-jcl/5.0.6.RELEASE/spring-jcl-5.0.6.RELEASE.jar:/root/./workspace/paavosoeiro/goals-api/386155972/.m2/org/springframework/spring-test/5.0.6.RELEASE/spring-test-5.0.6.RELEASE.jar:/root/./workspace/paavosoeiro/goals-api/386155972/.m2/org/xmlunit/xmlunit-core/2.5.1/xmlunit-core-2.5.1.jar:/root/./workspace/paavosoeiro/goals-api/386155972/.m2/io/springfox/springfox-swagger2/2.6.1/springfox-swagger2-2.6.1.jar:/root/./workspace/paavosoeiro/goals-api/386155972/.m2/io/swagger/swagger-annotations/1.5.10/swagger-annotations-1.5.10.jar:/root/./workspace/paavosoeiro/goals-api/386155972/.m2/io/swagger/swagger-models/1.5.10/swagger-models-1.5.10.jar:/root/./workspace/paavosoeiro/goals-api/386155972/.m2/io/springfox/springfox-spi/2.6.1/springfox-spi-2.6.1.jar:/root/./workspace/paavosoeiro/goals-api/386155972/.m2/io/springfox/springfox-core/2.6.1/springfox-core-2.6.1.jar:/root/./workspace/paavosoeiro/goals-api/386155972/.m2/io/springfox/springfox-schema/2.6.1/springfox-schema-2.6.1.jar:/root/./workspace/paavosoeiro/goals-api/386155972/.m2/io/springfox/springfox-swagger-common/2.6.1/springfox-swagger-common-2.6.1.jar:/root/./workspace/paavosoeiro/goals-api/386155972/.m2/io/springfox/springfox-spring-web/2.6.1/springfox-spring-web-2.6.1.jar:/root/./workspace/paavosoeiro/goals-api/386155972/.m2/com/google/guava/guava/18.0/guava-18.0.jar:/root/./workspace/paavosoeiro/goals-api/386155972/.m2/com/fasterxml/classmate/1.3.4/classmate-1.3.4.jar:/root/./workspace/paavosoeiro/goals-api/386155972/.m2/org/slf4j/slf4j-api/1.7.25/slf4j-api-1.7.25.jar:/root/./workspace/paavosoeiro/goals-api/386155972/.m2/org/springframework/plugin/spring-plugin-metadata/1.2.0.RELEASE/spring-plugin-metadata-1.2.0.RELEASE.jar:/root/./workspace/paavosoeiro/goals-api/386155972/.m2/org/mapstruct/mapstruct/1.0.0.Final/mapstruct-1.0.0.Final.jar:/root/./workspace/paavosoeiro/goals-api/386155972/.m2/io/springfox/springfox-swagger-ui/2.6.1/springfox-swagger-ui-2.6.1.jar:/root/./workspace/paavosoeiro/goals-api/386155972/.m2/org/modelmapper/modelmapper/1.1.0/modelmapper-1.1.0.jar:, user.name=root, skipITs=true, java.vm.specification.version=1.8, sun.java.command=/root/workspace/paavosoeiro/goals-api/386155972/target/surefire/surefirebooter7599765083786477021.jar /root/workspace/paavosoeiro/goals-api/386155972/target/surefire 2018-05-31T14-30-26_557-jvmRun1 surefire1691772524858368540tmp surefire_0272601731038405482tmp, java.home=/usr/lib/jvm/java-8-openjdk-amd64/jre, sun.arch.data.model=64, user.language=en, java.specification.vendor=Oracle Corporation, dependency-check.skip=true, awt.toolkit=sun.awt.X11.XToolkit, java.vm.info=mixed mode, java.version=1.8.0_121, java.ext.dirs=/usr/lib/jvm/java-8-openjdk-amd64/jre/lib/ext:/usr/java/packages/lib/ext, sun.boot.class.path=/usr/lib/jvm/java-8-openjdk-amd64/jre/lib/resources.jar:/usr/lib/jvm/java-8-openjdk-amd64/jre/lib/rt.jar:/usr/lib/jvm/java-8-openjdk-amd64/jre/lib/sunrsasign.jar:/usr/lib/jvm/java-8-openjdk-amd64/jre/lib/jsse.jar:/usr/lib/jvm/java-8-openjdk-amd64/jre/lib/jce.jar:/usr/lib/jvm/java-8-openjdk-amd64/jre/lib/charsets.jar:/usr/lib/jvm/java-8-openjdk-amd64/jre/lib/jfr.jar:/usr/lib/jvm/java-8-openjdk-amd64/jre/classes, rat.skip=true, enforcer.skip=true, java.vendor=Oracle Corporation, localRepository=/root/./workspace/paavosoeiro/goals-api/386155972/.m2, file.separator=/, java.vendor.url.bug=http://bugreport.sun.com/bugreport/, sun.io.unicode.encoding=UnicodeLittle, sun.cpu.endian=little, sun.cpu.isalist=}}, SystemEnvironmentPropertySource@1600667055 {name='systemEnvironment', properties={PATH=/usr/local/sbin:/usr/local/bin:/usr/sbin:/usr/bin:/sbin:/bin, JAVA_HOME=/usr/lib/jvm/java-8-openjdk-amd64, NOTIFY_TO=, CA_CERTIFICATES_JAVA_VERSION=20161107~bpo8+1, MONGODB_HOST=, BUILD_ID=, LANG=C.UTF-8, MAVEN_HOME=/usr/share/maven, SMTP_SERVER=, MONGODB_NAME=, REPAIR_MODE=repair, PWD=/root/workspace/paavosoeiro/goals-api/386155972, JAVA_VERSION=8u121, GITHUB_OAUTH=, MAVEN_CMD_LINE_ARGS=/root/.m2 -B -D enforcer.skip=true -D dependency-check.skip=true -D skipITs=true -D cobertura.skip=true -D maven.repo.local=/root/./workspace/paavosoeiro/goals-api/386155972/.m2 -D rat.skip=true -D findbugs.skip=true -D skip.bower=true -D gpg.skip=true -D checkstyle.skip=true -D skip.gulp=true -D license.skip=true -D skip.npm=true test, _=/usr/bin/java, OUTPUT=, MAVEN_TERMINATE_CMD=on, MAVEN_CONFIG=/root/.m2, MAVEN_PROJECTBASEDIR=/root/workspace/paavosoeiro/goals-api/386155972, OLDPWD=/root/workspace/paavosoeiro/goals-api/386155972, LOG_FILENAME=repairnator-pipeline_2018-05-31_1429_386155972_5a77b685-d098-401d-b168-01e076b51223, RUN_ID=, HOSTNAME=cyclone1, JAVA_DEBIAN_VERSION=8u121-b13-1~bpo8+1, M2_HOME=/usr/share/maven, REPAIR_TOOLS=AssertFixer, HOME=/root, SHLVL=1, PUSH_URL=}}]
14:30:28.603 [main] DEBUG org.springframework.test.context.support.TestPropertySourceUtils - Adding inlined properties to environment: {spring.jmx.enabled=false, org.springframework.boot.test.context.SpringBootTestContextBootstrapper=true, server.port=-1}
14:30:28.603 [main] DEBUG org.springframework.core.env.StandardEnvironment - Adding PropertySource 'Inlined Test Properties' with highest search precedence

  .   ____          _            __ _ _
 /\\ / ___'_ __ _ _(_)_ __  __ _ \ \ \ \
( ( )\___ | '_ | '_| | '_ \/ _` | \ \ \ \
 \\/  ___)| |_)| | | | | || (_| |  ) ) ) )
  '  |____| .__|_| |_|_| |_\__, | / / / /
 =========|_|==============|___/=/_/_/_/
 :: Spring Boot ::        (v2.0.2.RELEASE)

2018-05-31 14:30:28.949  INFO 178 --- [           main] c.b.g.controller.GoalControllerTest      : Starting GoalControllerTest on cyclone1 with PID 178 (started by root in /root/workspace/paavosoeiro/goals-api/386155972)
2018-05-31 14:30:28.950  INFO 178 --- [           main] c.b.g.controller.GoalControllerTest      : The following profiles are active: dev
2018-05-31 14:30:29.185  INFO 178 --- [           main] o.s.w.c.s.GenericWebApplicationContext   : Refreshing org.springframework.web.context.support.GenericWebApplicationContext@12591ac8: startup date [Thu May 31 14:30:29 CEST 2018]; root of context hierarchy
2018-05-31 14:30:30.527  INFO 178 --- [           main] o.s.b.f.s.DefaultListableBeanFactory     : Overriding bean definition for bean 'httpRequestHandlerAdapter' with a different definition: replacing [Root bean: class [null]; scope=; abstract=false; lazyInit=false; autowireMode=3; dependencyCheck=0; autowireCandidate=true; primary=false; factoryBeanName=org.springframework.boot.autoconfigure.web.servlet.WebMvcAutoConfiguration$EnableWebMvcConfiguration; factoryMethodName=httpRequestHandlerAdapter; initMethodName=null; destroyMethodName=(inferred); defined in class path resource [org/springframework/boot/autoconfigure/web/servlet/WebMvcAutoConfiguration$EnableWebMvcConfiguration.class]] with [Root bean: class [null]; scope=; abstract=false; lazyInit=false; autowireMode=3; dependencyCheck=0; autowireCandidate=true; primary=false; factoryBeanName=org.springframework.data.rest.webmvc.config.RepositoryRestMvcConfiguration; factoryMethodName=httpRequestHandlerAdapter; initMethodName=null; destroyMethodName=(inferred); defined in class path resource [org/springframework/data/rest/webmvc/config/RepositoryRestMvcConfiguration.class]]
2018-05-31 14:30:31.431  INFO 178 --- [           main] trationDelegate$BeanPostProcessorChecker : Bean 'org.springframework.transaction.annotation.ProxyTransactionManagementConfiguration' of type [org.springframework.transaction.annotation.ProxyTransactionManagementConfiguration$$EnhancerBySpringCGLIB$$1a8c36ff] is not eligible for getting processed by all BeanPostProcessors (for example: not eligible for auto-proxying)
2018-05-31 14:30:31.753  INFO 178 --- [           main] com.zaxxer.hikari.HikariDataSource       : HikariPool-1 - Starting...
2018-05-31 14:30:32.035  INFO 178 --- [           main] com.zaxxer.hikari.HikariDataSource       : HikariPool-1 - Start completed.
2018-05-31 14:30:32.110  INFO 178 --- [           main] j.LocalContainerEntityManagerFactoryBean : Building JPA container EntityManagerFactory for persistence unit 'default'
2018-05-31 14:30:32.131  INFO 178 --- [           main] o.hibernate.jpa.internal.util.LogHelper  : HHH000204: Processing PersistenceUnitInfo [
	name: default
	...]
2018-05-31 14:30:32.216  INFO 178 --- [           main] org.hibernate.Version                    : HHH000412: Hibernate Core {5.2.17.Final}
2018-05-31 14:30:32.217  INFO 178 --- [           main] org.hibernate.cfg.Environment            : HHH000206: hibernate.properties not found
2018-05-31 14:30:32.338  INFO 178 --- [           main] o.hibernate.annotations.common.Version   : HCANN000001: Hibernate Commons Annotations {5.0.1.Final}
2018-05-31 14:30:32.509  INFO 178 --- [           main] org.hibernate.dialect.Dialect            : HHH000400: Using dialect: org.hibernate.dialect.H2Dialect
Hibernate: 
    
    drop table entry if exists
Hibernate: 
    
    drop table goal if exists
Hibernate: 
    
    drop table person if exists
Hibernate: 
    
    drop table person_rewards if exists
Hibernate: 
    
    drop table reward if exists
Hibernate: 
    
    drop table reward_persons if exists
Hibernate: 
    
    create table entry (
       id bigint generated by default as identity,
        date timestamp,
        hours bigint,
        goal_id bigint,
        primary key (id)
    )
Hibernate: 
    
    create table goal (
       id bigint generated by default as identity,
        deadline timestamp,
        description varchar(255),
        end_date timestamp,
        name varchar(255),
        remaining_hours bigint,
        start_date timestamp,
        status varchar(255),
        total_hours bigint,
        person_id bigint,
        reward_id bigint,
        primary key (id)
    )
Hibernate: 
    
    create table person (
       id bigint generated by default as identity,
        name varchar(255),
        primary key (id)
    )
Hibernate: 
    
    create table person_rewards (
       person_id bigint not null,
        rewards_id bigint not null
    )
Hibernate: 
    
    create table reward (
       id bigint generated by default as identity,
        name varchar(255),
        primary key (id)
    )
Hibernate: 
    
    create table reward_persons (
       reward_id bigint not null,
        persons_id bigint not null
    )
Hibernate: 
    
    alter table entry 
       add constraint FKaf4iumw5755p97ckttbylfk7k 
       foreign key (goal_id) 
       references goal
Hibernate: 
    
    alter table goal 
       add constraint FKucdssehcv50jlel6n45dsv5r 
       foreign key (person_id) 
       references person
Hibernate: 
    
    alter table goal 
       add constraint FK3epk82xcp74gkcxqtipe4bsum 
       foreign key (reward_id) 
       references reward
Hibernate: 
    
    alter table person_rewards 
       add constraint FKook2o1wifu2eiu3t7ns0brm4m 
       foreign key (rewards_id) 
       references reward
Hibernate: 
    
    alter table person_rewards 
       add constraint FKbrqrhaw4myv0t9b3w3x9rw371 
       foreign key (person_id) 
       references person
Hibernate: 
    
    alter table reward_persons 
       add constraint FKrrmug7jnkwnerw630k5db3vs 
       foreign key (persons_id) 
       references person
Hibernate: 
    
    alter table reward_persons 
       add constraint FKhoy3jui8wkgeomxtjn9efk4u2 
       foreign key (reward_id) 
       references reward
2018-05-31 14:30:33.292  INFO 178 --- [           main] o.h.t.schema.internal.SchemaCreatorImpl  : HHH000476: Executing import script 'org.hibernate.tool.schema.internal.exec.ScriptSourceInputNonExistentImpl@7ef41ca2'
2018-05-31 14:30:33.296  INFO 178 --- [           main] j.LocalContainerEntityManagerFactoryBean : Initialized JPA EntityManagerFactory for persistence unit 'default'
2018-05-31 14:30:34.636  WARN 178 --- [           main] aWebConfiguration$JpaWebMvcConfiguration : spring.jpa.open-in-view is enabled by default. Therefore, database queries may be performed during view rendering. Explicitly configure spring.jpa.open-in-view to disable this warning
2018-05-31 14:30:35.064  INFO 178 --- [           main] s.w.s.m.m.a.RequestMappingHandlerMapping : Mapped "{[/goal/{id}/entry],methods=[GET]}" onto public org.springframework.http.ResponseEntity<java.util.List<com.bemba.goalsapi.entities.Entry>> com.bemba.goalsapi.controller.EntryController.getAll(java.lang.Long)
2018-05-31 14:30:35.066  INFO 178 --- [           main] s.w.s.m.m.a.RequestMappingHandlerMapping : Mapped "{[/goal/{id}/entry],methods=[POST]}" onto public org.springframework.http.ResponseEntity<com.bemba.goalsapi.entities.Entry> com.bemba.goalsapi.controller.EntryController.add(java.lang.Long,com.bemba.goalsapi.dto.EntryDto)
2018-05-31 14:30:35.069  INFO 178 --- [           main] s.w.s.m.m.a.RequestMappingHandlerMapping : Mapped "{[/goal],methods=[GET]}" onto public org.springframework.http.ResponseEntity<java.util.List<com.bemba.goalsapi.entities.Goal>> com.bemba.goalsapi.controller.GoalController.getAll()
2018-05-31 14:30:35.070  INFO 178 --- [           main] s.w.s.m.m.a.RequestMappingHandlerMapping : Mapped "{[/goal],methods=[POST]}" onto public org.springframework.http.ResponseEntity<com.bemba.goalsapi.entities.Goal> com.bemba.goalsapi.controller.GoalController.add(com.bemba.goalsapi.dto.GoalDto)
2018-05-31 14:30:35.072  INFO 178 --- [           main] s.w.s.m.m.a.RequestMappingHandlerMapping : Mapped "{[/v2/api-docs],methods=[GET],produces=[application/json || application/hal+json]}" onto public org.springframework.http.ResponseEntity<springfox.documentation.spring.web.json.Json> springfox.documentation.swagger2.web.Swagger2Controller.getDocumentation(java.lang.String,javax.servlet.http.HttpServletRequest)
2018-05-31 14:30:35.078  INFO 178 --- [           main] s.w.s.m.m.a.RequestMappingHandlerMapping : Mapped "{[/swagger-resources/configuration/ui]}" onto org.springframework.http.ResponseEntity<springfox.documentation.swagger.web.UiConfiguration> springfox.documentation.swagger.web.ApiResourceController.uiConfiguration()
2018-05-31 14:30:35.079  INFO 178 --- [           main] s.w.s.m.m.a.RequestMappingHandlerMapping : Mapped "{[/swagger-resources]}" onto org.springframework.http.ResponseEntity<java.util.List<springfox.documentation.swagger.web.SwaggerResource>> springfox.documentation.swagger.web.ApiResourceController.swaggerResources()
2018-05-31 14:30:35.080  INFO 178 --- [           main] s.w.s.m.m.a.RequestMappingHandlerMapping : Mapped "{[/swagger-resources/configuration/security]}" onto org.springframework.http.ResponseEntity<springfox.documentation.swagger.web.SecurityConfiguration> springfox.documentation.swagger.web.ApiResourceController.securityConfiguration()
2018-05-31 14:30:35.087  INFO 178 --- [           main] s.w.s.m.m.a.RequestMappingHandlerMapping : Mapped "{[/error],produces=[text/html]}" onto public org.springframework.web.servlet.ModelAndView org.springframework.boot.autoconfigure.web.servlet.error.BasicErrorController.errorHtml(javax.servlet.http.HttpServletRequest,javax.servlet.http.HttpServletResponse)
2018-05-31 14:30:35.088  INFO 178 --- [           main] s.w.s.m.m.a.RequestMappingHandlerMapping : Mapped "{[/error]}" onto public org.springframework.http.ResponseEntity<java.util.Map<java.lang.String, java.lang.Object>> org.springframework.boot.autoconfigure.web.servlet.error.BasicErrorController.error(javax.servlet.http.HttpServletRequest)
2018-05-31 14:30:35.813  INFO 178 --- [           main] o.s.w.s.handler.SimpleUrlHandlerMapping  : Mapped URL path [/**/favicon.ico] onto handler of type [class org.springframework.web.servlet.resource.ResourceHttpRequestHandler]
2018-05-31 14:30:36.062  INFO 178 --- [           main] s.w.s.m.m.a.RequestMappingHandlerAdapter : Looking for @ControllerAdvice: org.springframework.web.context.support.GenericWebApplicationContext@12591ac8: startup date [Thu May 31 14:30:29 CEST 2018]; root of context hierarchy
2018-05-31 14:30:36.156  INFO 178 --- [           main] o.s.w.s.handler.SimpleUrlHandlerMapping  : Mapped URL path [/webjars/**] onto handler of type [class org.springframework.web.servlet.resource.ResourceHttpRequestHandler]
2018-05-31 14:30:36.157  INFO 178 --- [           main] o.s.w.s.handler.SimpleUrlHandlerMapping  : Mapped URL path [/**] onto handler of type [class org.springframework.web.servlet.resource.ResourceHttpRequestHandler]
2018-05-31 14:30:36.183  INFO 178 --- [           main] .m.m.a.ExceptionHandlerExceptionResolver : Detected @ExceptionHandler methods in repositoryRestExceptionHandler
2018-05-31 14:30:36.403  INFO 178 --- [           main] o.s.d.r.w.RepositoryRestHandlerAdapter   : Looking for @ControllerAdvice: org.springframework.web.context.support.GenericWebApplicationContext@12591ac8: startup date [Thu May 31 14:30:29 CEST 2018]; root of context hierarchy
2018-05-31 14:30:36.720  INFO 178 --- [           main] o.s.d.r.w.RepositoryRestHandlerMapping   : Mapped "{[/{repository}],methods=[OPTIONS],produces=[application/hal+json || application/json]}" onto public org.springframework.http.ResponseEntity<?> org.springframework.data.rest.webmvc.RepositoryEntityController.optionsForCollectionResource(org.springframework.data.rest.webmvc.RootResourceInformation)
2018-05-31 14:30:36.721  INFO 178 --- [           main] o.s.d.r.w.RepositoryRestHandlerMapping   : Mapped "{[/{repository}],methods=[HEAD],produces=[application/hal+json || application/json]}" onto public org.springframework.http.ResponseEntity<?> org.springframework.data.rest.webmvc.RepositoryEntityController.headCollectionResource(org.springframework.data.rest.webmvc.RootResourceInformation,org.springframework.data.rest.webmvc.support.DefaultedPageable) throws org.springframework.web.HttpRequestMethodNotSupportedException
2018-05-31 14:30:36.721  INFO 178 --- [           main] o.s.d.r.w.RepositoryRestHandlerMapping   : Mapped "{[/{repository}],methods=[GET],produces=[application/hal+json || application/json]}" onto public org.springframework.hateoas.Resources<?> org.springframework.data.rest.webmvc.RepositoryEntityController.getCollectionResource(org.springframework.data.rest.webmvc.RootResourceInformation,org.springframework.data.rest.webmvc.support.DefaultedPageable,org.springframework.data.domain.Sort,org.springframework.data.rest.webmvc.PersistentEntityResourceAssembler) throws org.springframework.data.rest.webmvc.ResourceNotFoundException,org.springframework.web.HttpRequestMethodNotSupportedException
2018-05-31 14:30:36.722  INFO 178 --- [           main] o.s.d.r.w.RepositoryRestHandlerMapping   : Mapped "{[/{repository}],methods=[GET],produces=[application/x-spring-data-compact+json || text/uri-list]}" onto public org.springframework.hateoas.Resources<?> org.springframework.data.rest.webmvc.RepositoryEntityController.getCollectionResourceCompact(org.springframework.data.rest.webmvc.RootResourceInformation,org.springframework.data.rest.webmvc.support.DefaultedPageable,org.springframework.data.domain.Sort,org.springframework.data.rest.webmvc.PersistentEntityResourceAssembler) throws org.springframework.data.rest.webmvc.ResourceNotFoundException,org.springframework.web.HttpRequestMethodNotSupportedException
2018-05-31 14:30:36.723  INFO 178 --- [           main] o.s.d.r.w.RepositoryRestHandlerMapping   : Mapped "{[/{repository}],methods=[POST],produces=[application/hal+json || application/json]}" onto public org.springframework.http.ResponseEntity<org.springframework.hateoas.ResourceSupport> org.springframework.data.rest.webmvc.RepositoryEntityController.postCollectionResource(org.springframework.data.rest.webmvc.RootResourceInformation,org.springframework.data.rest.webmvc.PersistentEntityResource,org.springframework.data.rest.webmvc.PersistentEntityResourceAssembler,java.lang.String) throws org.springframework.web.HttpRequestMethodNotSupportedException
2018-05-31 14:30:36.723  INFO 178 --- [           main] o.s.d.r.w.RepositoryRestHandlerMapping   : Mapped "{[/{repository}/{id}],methods=[OPTIONS],produces=[application/hal+json || application/json]}" onto public org.springframework.http.ResponseEntity<?> org.springframework.data.rest.webmvc.RepositoryEntityController.optionsForItemResource(org.springframework.data.rest.webmvc.RootResourceInformation)
2018-05-31 14:30:36.724  INFO 178 --- [           main] o.s.d.r.w.RepositoryRestHandlerMapping   : Mapped "{[/{repository}/{id}],methods=[HEAD],produces=[application/hal+json || application/json]}" onto public org.springframework.http.ResponseEntity<?> org.springframework.data.rest.webmvc.RepositoryEntityController.headForItemResource(org.springframework.data.rest.webmvc.RootResourceInformation,java.io.Serializable,org.springframework.data.rest.webmvc.PersistentEntityResourceAssembler) throws org.springframework.web.HttpRequestMethodNotSupportedException
2018-05-31 14:30:36.724  INFO 178 --- [           main] o.s.d.r.w.RepositoryRestHandlerMapping   : Mapped "{[/{repository}/{id}],methods=[GET],produces=[application/hal+json || application/json]}" onto public org.springframework.http.ResponseEntity<org.springframework.hateoas.Resource<?>> org.springframework.data.rest.webmvc.RepositoryEntityController.getItemResource(org.springframework.data.rest.webmvc.RootResourceInformation,java.io.Serializable,org.springframework.data.rest.webmvc.PersistentEntityResourceAssembler,org.springframework.http.HttpHeaders) throws org.springframework.web.HttpRequestMethodNotSupportedException
2018-05-31 14:30:36.725  INFO 178 --- [           main] o.s.d.r.w.RepositoryRestHandlerMapping   : Mapped "{[/{repository}/{id}],methods=[PUT],produces=[application/hal+json || application/json]}" onto public org.springframework.http.ResponseEntity<? extends org.springframework.hateoas.ResourceSupport> org.springframework.data.rest.webmvc.RepositoryEntityController.putItemResource(org.springframework.data.rest.webmvc.RootResourceInformation,org.springframework.data.rest.webmvc.PersistentEntityResource,java.io.Serializable,org.springframework.data.rest.webmvc.PersistentEntityResourceAssembler,org.springframework.data.rest.webmvc.support.ETag,java.lang.String) throws org.springframework.web.HttpRequestMethodNotSupportedException
2018-05-31 14:30:36.725  INFO 178 --- [           main] o.s.d.r.w.RepositoryRestHandlerMapping   : Mapped "{[/{repository}/{id}],methods=[PATCH],produces=[application/hal+json || application/json]}" onto public org.springframework.http.ResponseEntity<org.springframework.hateoas.ResourceSupport> org.springframework.data.rest.webmvc.RepositoryEntityController.patchItemResource(org.springframework.data.rest.webmvc.RootResourceInformation,org.springframework.data.rest.webmvc.PersistentEntityResource,java.io.Serializable,org.springframework.data.rest.webmvc.PersistentEntityResourceAssembler,org.springframework.data.rest.webmvc.support.ETag,java.lang.String) throws org.springframework.web.HttpRequestMethodNotSupportedException,org.springframework.data.rest.webmvc.ResourceNotFoundException
2018-05-31 14:30:36.726  INFO 178 --- [           main] o.s.d.r.w.RepositoryRestHandlerMapping   : Mapped "{[/{repository}/{id}],methods=[DELETE],produces=[application/hal+json || application/json]}" onto public org.springframework.http.ResponseEntity<?> org.springframework.data.rest.webmvc.RepositoryEntityController.deleteItemResource(org.springframework.data.rest.webmvc.RootResourceInformation,java.io.Serializable,org.springframework.data.rest.webmvc.support.ETag) throws org.springframework.data.rest.webmvc.ResourceNotFoundException,org.springframework.web.HttpRequestMethodNotSupportedException
2018-05-31 14:30:36.728  INFO 178 --- [           main] o.s.d.r.w.RepositoryRestHandlerMapping   : Mapped "{[/{repository}/search],methods=[OPTIONS],produces=[application/hal+json || application/json]}" onto public org.springframework.http.HttpEntity<?> org.springframework.data.rest.webmvc.RepositorySearchController.optionsForSearches(org.springframework.data.rest.webmvc.RootResourceInformation)
2018-05-31 14:30:36.728  INFO 178 --- [           main] o.s.d.r.w.RepositoryRestHandlerMapping   : Mapped "{[/{repository}/search],methods=[HEAD],produces=[application/hal+json || application/json]}" onto public org.springframework.http.HttpEntity<?> org.springframework.data.rest.webmvc.RepositorySearchController.headForSearches(org.springframework.data.rest.webmvc.RootResourceInformation)
2018-05-31 14:30:36.729  INFO 178 --- [           main] o.s.d.r.w.RepositoryRestHandlerMapping   : Mapped "{[/{repository}/search],methods=[GET],produces=[application/hal+json || application/json]}" onto public org.springframework.data.rest.webmvc.RepositorySearchesResource org.springframework.data.rest.webmvc.RepositorySearchController.listSearches(org.springframework.data.rest.webmvc.RootResourceInformation)
2018-05-31 14:30:36.729  INFO 178 --- [           main] o.s.d.r.w.RepositoryRestHandlerMapping   : Mapped "{[/{repository}/search/{search}],methods=[GET],produces=[application/hal+json || application/json]}" onto public org.springframework.http.ResponseEntity<?> org.springframework.data.rest.webmvc.RepositorySearchController.executeSearch(org.springframework.data.rest.webmvc.RootResourceInformation,org.springframework.util.MultiValueMap<java.lang.String, java.lang.Object>,java.lang.String,org.springframework.data.rest.webmvc.support.DefaultedPageable,org.springframework.data.domain.Sort,org.springframework.data.rest.webmvc.PersistentEntityResourceAssembler,org.springframework.http.HttpHeaders)
2018-05-31 14:30:36.730  INFO 178 --- [           main] o.s.d.r.w.RepositoryRestHandlerMapping   : Mapped "{[/{repository}/search/{search}],methods=[GET],produces=[application/x-spring-data-compact+json]}" onto public org.springframework.hateoas.ResourceSupport org.springframework.data.rest.webmvc.RepositorySearchController.executeSearchCompact(org.springframework.data.rest.webmvc.RootResourceInformation,org.springframework.http.HttpHeaders,org.springframework.util.MultiValueMap<java.lang.String, java.lang.Object>,java.lang.String,java.lang.String,org.springframework.data.rest.webmvc.support.DefaultedPageable,org.springframework.data.domain.Sort,org.springframework.data.rest.webmvc.PersistentEntityResourceAssembler)
2018-05-31 14:30:36.731  INFO 178 --- [           main] o.s.d.r.w.RepositoryRestHandlerMapping   : Mapped "{[/{repository}/search/{search}],methods=[OPTIONS],produces=[application/hal+json || application/json]}" onto public org.springframework.http.ResponseEntity<java.lang.Object> org.springframework.data.rest.webmvc.RepositorySearchController.optionsForSearch(org.springframework.data.rest.webmvc.RootResourceInformation,java.lang.String)
2018-05-31 14:30:36.731  INFO 178 --- [           main] o.s.d.r.w.RepositoryRestHandlerMapping   : Mapped "{[/{repository}/search/{search}],methods=[HEAD],produces=[application/hal+json || application/json]}" onto public org.springframework.http.ResponseEntity<java.lang.Object> org.springframework.data.rest.webmvc.RepositorySearchController.headForSearch(org.springframework.data.rest.webmvc.RootResourceInformation,java.lang.String)
2018-05-31 14:30:36.732  INFO 178 --- [           main] o.s.d.r.w.RepositoryRestHandlerMapping   : Mapped "{[/ || ],methods=[GET],produces=[application/hal+json || application/json]}" onto public org.springframework.http.HttpEntity<org.springframework.data.rest.webmvc.RepositoryLinksResource> org.springframework.data.rest.webmvc.RepositoryController.listRepositories()
2018-05-31 14:30:36.733  INFO 178 --- [           main] o.s.d.r.w.RepositoryRestHandlerMapping   : Mapped "{[/ || ],methods=[OPTIONS],produces=[application/hal+json || application/json]}" onto public org.springframework.http.HttpEntity<?> org.springframework.data.rest.webmvc.RepositoryController.optionsForRepositories()
2018-05-31 14:30:36.733  INFO 178 --- [           main] o.s.d.r.w.RepositoryRestHandlerMapping   : Mapped "{[/ || ],methods=[HEAD],produces=[application/hal+json || application/json]}" onto public org.springframework.http.ResponseEntity<?> org.springframework.data.rest.webmvc.RepositoryController.headForRepositories()
2018-05-31 14:30:36.736  INFO 178 --- [           main] o.s.d.r.w.RepositoryRestHandlerMapping   : Mapped "{[/{repository}/{id}/{property}/{propertyId}],methods=[DELETE],produces=[application/hal+json || application/json]}" onto public org.springframework.http.ResponseEntity<org.springframework.hateoas.ResourceSupport> org.springframework.data.rest.webmvc.RepositoryPropertyReferenceController.deletePropertyReferenceId(org.springframework.data.rest.webmvc.RootResourceInformation,java.io.Serializable,java.lang.String,java.lang.String) throws java.lang.Exception
2018-05-31 14:30:36.736  INFO 178 --- [           main] o.s.d.r.w.RepositoryRestHandlerMapping   : Mapped "{[/{repository}/{id}/{property}/{propertyId}],methods=[GET],produces=[application/hal+json || application/json]}" onto public org.springframework.http.ResponseEntity<org.springframework.hateoas.ResourceSupport> org.springframework.data.rest.webmvc.RepositoryPropertyReferenceController.followPropertyReference(org.springframework.data.rest.webmvc.RootResourceInformation,java.io.Serializable,java.lang.String,java.lang.String,org.springframework.data.rest.webmvc.PersistentEntityResourceAssembler) throws java.lang.Exception
2018-05-31 14:30:36.737  INFO 178 --- [           main] o.s.d.r.w.RepositoryRestHandlerMapping   : Mapped "{[/{repository}/{id}/{property}],methods=[GET],produces=[application/hal+json || application/json]}" onto public org.springframework.http.ResponseEntity<org.springframework.hateoas.ResourceSupport> org.springframework.data.rest.webmvc.RepositoryPropertyReferenceController.followPropertyReference(org.springframework.data.rest.webmvc.RootResourceInformation,java.io.Serializable,java.lang.String,org.springframework.data.rest.webmvc.PersistentEntityResourceAssembler) throws java.lang.Exception
2018-05-31 14:30:36.737  INFO 178 --- [           main] o.s.d.r.w.RepositoryRestHandlerMapping   : Mapped "{[/{repository}/{id}/{property}],methods=[DELETE],produces=[application/hal+json || application/json]}" onto public org.springframework.http.ResponseEntity<? extends org.springframework.hateoas.ResourceSupport> org.springframework.data.rest.webmvc.RepositoryPropertyReferenceController.deletePropertyReference(org.springframework.data.rest.webmvc.RootResourceInformation,java.io.Serializable,java.lang.String) throws java.lang.Exception
2018-05-31 14:30:36.738  INFO 178 --- [           main] o.s.d.r.w.RepositoryRestHandlerMapping   : Mapped "{[/{repository}/{id}/{property}],methods=[GET],produces=[application/x-spring-data-compact+json || text/uri-list]}" onto public org.springframework.http.ResponseEntity<org.springframework.hateoas.ResourceSupport> org.springframework.data.rest.webmvc.RepositoryPropertyReferenceController.followPropertyReferenceCompact(org.springframework.data.rest.webmvc.RootResourceInformation,java.io.Serializable,java.lang.String,org.springframework.data.rest.webmvc.PersistentEntityResourceAssembler) throws java.lang.Exception
2018-05-31 14:30:36.739  INFO 178 --- [           main] o.s.d.r.w.RepositoryRestHandlerMapping   : Mapped "{[/{repository}/{id}/{property}],methods=[PATCH || PUT || POST],consumes=[application/json || application/x-spring-data-compact+json || text/uri-list],produces=[application/hal+json || application/json]}" onto public org.springframework.http.ResponseEntity<? extends org.springframework.hateoas.ResourceSupport> org.springframework.data.rest.webmvc.RepositoryPropertyReferenceController.createPropertyReference(org.springframework.data.rest.webmvc.RootResourceInformation,org.springframework.http.HttpMethod,org.springframework.hateoas.Resources<java.lang.Object>,java.io.Serializable,java.lang.String) throws java.lang.Exception
2018-05-31 14:30:36.745  INFO 178 --- [           main] o.s.d.r.w.BasePathAwareHandlerMapping    : Mapped "{[/profile],methods=[OPTIONS]}" onto public org.springframework.http.HttpEntity<?> org.springframework.data.rest.webmvc.ProfileController.profileOptions()
2018-05-31 14:30:36.746  INFO 178 --- [           main] o.s.d.r.w.BasePathAwareHandlerMapping    : Mapped "{[/profile],methods=[GET]}" onto org.springframework.http.HttpEntity<org.springframework.hateoas.ResourceSupport> org.springframework.data.rest.webmvc.ProfileController.listAllFormsOfMetadata()
2018-05-31 14:30:36.747  INFO 178 --- [           main] o.s.d.r.w.BasePathAwareHandlerMapping    : Mapped "{[/profile/{repository}],methods=[GET],produces=[application/alps+json || */*]}" onto org.springframework.http.HttpEntity<org.springframework.data.rest.webmvc.RootResourceInformation> org.springframework.data.rest.webmvc.alps.AlpsController.descriptor(org.springframework.data.rest.webmvc.RootResourceInformation)
2018-05-31 14:30:36.747  INFO 178 --- [           main] o.s.d.r.w.BasePathAwareHandlerMapping    : Mapped "{[/profile/{repository}],methods=[OPTIONS],produces=[application/alps+json]}" onto org.springframework.http.HttpEntity<?> org.springframework.data.rest.webmvc.alps.AlpsController.alpsOptions()
2018-05-31 14:30:36.747  INFO 178 --- [           main] o.s.d.r.w.BasePathAwareHandlerMapping    : Mapped "{[/profile/{repository}],methods=[GET],produces=[application/schema+json]}" onto public org.springframework.http.HttpEntity<org.springframework.data.rest.webmvc.json.JsonSchema> org.springframework.data.rest.webmvc.RepositorySchemaController.schema(org.springframework.data.rest.webmvc.RootResourceInformation)
2018-05-31 14:30:37.020  INFO 178 --- [           main] o.s.c.support.DefaultLifecycleProcessor  : Starting beans in phase 2147483647
2018-05-31 14:30:37.020  INFO 178 --- [           main] d.s.w.p.DocumentationPluginsBootstrapper : Context refreshed
2018-05-31 14:30:37.043  INFO 178 --- [           main] d.s.w.p.DocumentationPluginsBootstrapper : Found 1 custom documentation plugin(s)
2018-05-31 14:30:37.058  INFO 178 --- [           main] s.d.s.w.s.ApiListingReferenceScanner     : Scanning for api listing references
2018-05-31 14:30:37.275  INFO 178 --- [           main] .d.s.w.r.o.CachingOperationNameGenerator : Generating unique operation named: addUsingPOST_1
2018-05-31 14:30:37.283  INFO 178 --- [           main] .d.s.w.r.o.CachingOperationNameGenerator : Generating unique operation named: getAllUsingGET_1
2018-05-31 14:30:37.325  INFO 178 --- [           main] c.b.g.controller.GoalControllerTest      : Started GoalControllerTest in 8.712 seconds (JVM running for 9.716)
2018-05-31 14:30:37.488  INFO 178 --- [           main] o.s.b.t.m.w.SpringBootMockServletContext : Initializing Spring FrameworkServlet ''
2018-05-31 14:30:37.488  INFO 178 --- [           main] o.s.t.web.servlet.TestDispatcherServlet  : FrameworkServlet '': initialization started
2018-05-31 14:30:37.513  INFO 178 --- [           main] o.s.t.web.servlet.TestDispatcherServlet  : FrameworkServlet '': initialization completed in 25 ms
Hibernate: 
    /* insert com.bemba.goalsapi.entities.Goal
        */ insert 
        into
            goal
            (id, deadline, description, end_date, name, person_id, remaining_hours, reward_id, start_date, status, total_hours) 
        values
            (null, ?, ?, ?, ?, ?, ?, ?, ?, ?, ?)
]]></system-out>
  </testcase>
  <testcase name="testGetAll" classname="com.bemba.goalsapi.controller.GoalControllerTest" time="0.011">
    <failure message="Not yet implemented" type="java.lang.AssertionError">java.lang.AssertionError: Not yet implemented
	at com.bemba.goalsapi.controller.GoalControllerTest.testGetAll(GoalControllerTest.java:59)
</failure>
    <system-out><![CDATA[2018-05-31 14:30:37.639  INFO 178 --- [           main] o.s.b.t.m.w.SpringBootMockServletContext : Initializing Spring FrameworkServlet ''
2018-05-31 14:30:37.640  INFO 178 --- [           main] o.s.t.web.servlet.TestDispatcherServlet  : FrameworkServlet '': initialization started
2018-05-31 14:30:37.646  INFO 178 --- [           main] o.s.t.web.servlet.TestDispatcherServlet  : FrameworkServlet '': initialization completed in 6 ms
]]></system-out>
  </testcase>
</testsuite>