<?xml version="1.0" encoding="UTF-8" ?>
<testsuite tests="22" failures="1" name="org.davidmoten.rx2.io.ClientTest" time="3.172" errors="1" skipped="0">
  <properties>
    <property name="java.runtime.name" value="OpenJDK Runtime Environment"/>
    <property name="sun.boot.library.path" value="/usr/lib/jvm/java-8-openjdk-amd64/jre/lib/amd64"/>
    <property name="java.vm.version" value="25.121-b13"/>
    <property name="java.vm.vendor" value="Oracle Corporation"/>
    <property name="maven.multiModuleProjectDirectory" value="/root/workspace/davidmoten/rxjava2-http/384280537"/>
    <property name="java.vendor.url" value="http://java.oracle.com/"/>
    <property name="path.separator" value=":"/>
    <property name="guice.disable.misplaced.annotation.check" value="true"/>
    <property name="skip.gulp" value="true"/>
    <property name="java.vm.name" value="OpenJDK 64-Bit Server VM"/>
    <property name="file.encoding.pkg" value="sun.io"/>
    <property name="sun.java.launcher" value="SUN_STANDARD"/>
    <property name="sun.os.patch.level" value="unknown"/>
    <property name="findbugs.skip" value="true"/>
    <property name="java.vm.specification.name" value="Java Virtual Machine Specification"/>
    <property name="user.dir" value="/root/workspace/davidmoten/rxjava2-http/384280537"/>
    <property name="checkstyle.skip" value="true"/>
    <property name="java.runtime.version" value="1.8.0_121-8u121-b13-1~bpo8+1-b13"/>
    <property name="java.awt.graphicsenv" value="sun.awt.X11GraphicsEnvironment"/>
    <property name="skip.npm" value="true"/>
    <property name="java.endorsed.dirs" value="/usr/lib/jvm/java-8-openjdk-amd64/jre/lib/endorsed"/>
    <property name="os.arch" value="amd64"/>
    <property name="java.io.tmpdir" value="/tmp"/>
    <property name="gpg.skip" value="true"/>
    <property name="line.separator" value="
"/>
    <property name="java.vm.specification.vendor" value="Oracle Corporation"/>
    <property name="cobertura.skip" value="true"/>
    <property name="os.name" value="Linux"/>
    <property name="classworlds.conf" value="/usr/share/maven/bin/m2.conf"/>
    <property name="sun.jnu.encoding" value="UTF-8"/>
    <property name="java.library.path" value="/usr/java/packages/lib/amd64:/usr/lib/x86_64-linux-gnu/jni:/lib/x86_64-linux-gnu:/usr/lib/x86_64-linux-gnu:/usr/lib/jni:/lib:/usr/lib"/>
    <property name="license.skip" value="true"/>
    <property name="java.specification.name" value="Java Platform API Specification"/>
    <property name="java.class.version" value="52.0"/>
    <property name="sun.management.compiler" value="HotSpot 64-Bit Tiered Compilers"/>
    <property name="skip.bower" value="true"/>
    <property name="maven.repo.local" value="/root/./workspace/davidmoten/rxjava2-http/384280537/.m2"/>
    <property name="os.version" value="3.10.0-862.3.2.el7.x86_64"/>
    <property name="user.home" value="/root"/>
    <property name="user.timezone" value="Europe/Paris"/>
    <property name="java.awt.printerjob" value="sun.print.PSPrinterJob"/>
    <property name="java.specification.version" value="1.8"/>
    <property name="file.encoding" value="UTF-8"/>
    <property name="user.name" value="root"/>
    <property name="java.class.path" value="/usr/share/maven/boot/plexus-classworlds-2.5.2.jar"/>
    <property name="skipITs" value="true"/>
    <property name="java.vm.specification.version" value="1.8"/>
    <property name="sun.arch.data.model" value="64"/>
    <property name="java.home" value="/usr/lib/jvm/java-8-openjdk-amd64/jre"/>
    <property name="sun.java.command" value="org.codehaus.plexus.classworlds.launcher.Launcher -B -D enforcer.skip=true -D dependency-check.skip=true -D skipITs=true -D cobertura.skip=true -D maven.repo.local=/root/./workspace/davidmoten/rxjava2-http/384280537/.m2 -D rat.skip=true -D findbugs.skip=true -D skip.bower=true -D gpg.skip=true -D checkstyle.skip=true -D skip.gulp=true -D license.skip=true -D skip.npm=true test"/>
    <property name="java.specification.vendor" value="Oracle Corporation"/>
    <property name="user.language" value="en"/>
    <property name="awt.toolkit" value="sun.awt.X11.XToolkit"/>
    <property name="dependency-check.skip" value="true"/>
    <property name="java.vm.info" value="mixed mode"/>
    <property name="java.version" value="1.8.0_121"/>
    <property name="java.ext.dirs" value="/usr/lib/jvm/java-8-openjdk-amd64/jre/lib/ext:/usr/java/packages/lib/ext"/>
    <property name="securerandom.source" value="file:/dev/./urandom"/>
    <property name="sun.boot.class.path" value="/usr/lib/jvm/java-8-openjdk-amd64/jre/lib/resources.jar:/usr/lib/jvm/java-8-openjdk-amd64/jre/lib/rt.jar:/usr/lib/jvm/java-8-openjdk-amd64/jre/lib/sunrsasign.jar:/usr/lib/jvm/java-8-openjdk-amd64/jre/lib/jsse.jar:/usr/lib/jvm/java-8-openjdk-amd64/jre/lib/jce.jar:/usr/lib/jvm/java-8-openjdk-amd64/jre/lib/charsets.jar:/usr/lib/jvm/java-8-openjdk-amd64/jre/lib/jfr.jar:/usr/lib/jvm/java-8-openjdk-amd64/jre/classes"/>
    <property name="java.vendor" value="Oracle Corporation"/>
    <property name="enforcer.skip" value="true"/>
    <property name="rat.skip" value="true"/>
    <property name="maven.home" value="/usr/share/maven"/>
    <property name="file.separator" value="/"/>
    <property name="java.vendor.url.bug" value="http://bugreport.sun.com/bugreport/"/>
    <property name="sun.cpu.endian" value="little"/>
    <property name="sun.io.unicode.encoding" value="UnicodeLittle"/>
    <property name="sun.cpu.isalist" value=""/>
  </properties>
  <testcase classname="org.davidmoten.rx2.io.ClientTest" name="testRangeParallel" time="0.767"/>
  <testcase classname="org.davidmoten.rx2.io.ClientTest" name="testStreamWithEmptyByteBuffer" time="0.022"/>
  <testcase classname="org.davidmoten.rx2.io.ClientTest" name="testSimpleGet" time="0.012">
    <error message="Connection refused (Connection refused)" type="java.net.ConnectException">java.net.ConnectException: Connection refused (Connection refused)
	at java.net.PlainSocketImpl.socketConnect(Native Method)
	at java.net.AbstractPlainSocketImpl.doConnect(AbstractPlainSocketImpl.java:350)
	at java.net.AbstractPlainSocketImpl.connectToAddress(AbstractPlainSocketImpl.java:206)
	at java.net.AbstractPlainSocketImpl.connect(AbstractPlainSocketImpl.java:188)
	at java.net.SocksSocketImpl.connect(SocksSocketImpl.java:392)
	at java.net.Socket.connect(Socket.java:589)
	at java.net.Socket.connect(Socket.java:538)
	at sun.net.NetworkClient.doConnect(NetworkClient.java:180)
	at sun.net.www.http.HttpClient.openServer(HttpClient.java:432)
	at sun.net.www.http.HttpClient.openServer(HttpClient.java:527)
	at sun.net.www.http.HttpClient.&lt;init&gt;(HttpClient.java:211)
	at sun.net.www.http.HttpClient.New(HttpClient.java:308)
	at sun.net.www.http.HttpClient.New(HttpClient.java:326)
	at sun.net.www.protocol.http.HttpURLConnection.getNewHttpClient(HttpURLConnection.java:1202)
	at sun.net.www.protocol.http.HttpURLConnection.plainConnect0(HttpURLConnection.java:1138)
	at sun.net.www.protocol.http.HttpURLConnection.plainConnect(HttpURLConnection.java:1032)
	at sun.net.www.protocol.http.HttpURLConnection.connect(HttpURLConnection.java:966)
	at sun.net.www.protocol.http.HttpURLConnection.getInputStream0(HttpURLConnection.java:1546)
	at sun.net.www.protocol.http.HttpURLConnection.getInputStream(HttpURLConnection.java:1474)
	at org.davidmoten.rx2.io.ClientTest.testSimpleGet(ClientTest.java:403)
	at sun.reflect.NativeMethodAccessorImpl.invoke0(Native Method)
	at sun.reflect.NativeMethodAccessorImpl.invoke(NativeMethodAccessorImpl.java:62)
	at sun.reflect.DelegatingMethodAccessorImpl.invoke(DelegatingMethodAccessorImpl.java:43)
	at java.lang.reflect.Method.invoke(Method.java:498)
	at org.junit.runners.model.FrameworkMethod$1.runReflectiveCall(FrameworkMethod.java:50)
	at org.junit.internal.runners.model.ReflectiveCallable.run(ReflectiveCallable.java:12)
	at org.junit.runners.model.FrameworkMethod.invokeExplosively(FrameworkMethod.java:47)
	at org.junit.internal.runners.statements.InvokeMethod.evaluate(InvokeMethod.java:17)
	at org.junit.runners.ParentRunner.runLeaf(ParentRunner.java:325)
	at org.junit.runners.BlockJUnit4ClassRunner.runChild(BlockJUnit4ClassRunner.java:78)
	at org.junit.runners.BlockJUnit4ClassRunner.runChild(BlockJUnit4ClassRunner.java:57)
	at org.junit.runners.ParentRunner$3.run(ParentRunner.java:290)
	at org.junit.runners.ParentRunner$1.schedule(ParentRunner.java:71)
	at org.junit.runners.ParentRunner.runChildren(ParentRunner.java:288)
	at org.junit.runners.ParentRunner.access$000(ParentRunner.java:58)
	at org.junit.runners.ParentRunner$2.evaluate(ParentRunner.java:268)
	at org.junit.runners.ParentRunner.run(ParentRunner.java:363)
	at org.apache.maven.surefire.junit4.JUnit4Provider.execute(JUnit4Provider.java:252)
	at org.apache.maven.surefire.junit4.JUnit4Provider.executeTestSet(JUnit4Provider.java:141)
	at org.apache.maven.surefire.junit4.JUnit4Provider.invoke(JUnit4Provider.java:112)
	at sun.reflect.NativeMethodAccessorImpl.invoke0(Native Method)
	at sun.reflect.NativeMethodAccessorImpl.invoke(NativeMethodAccessorImpl.java:62)
	at sun.reflect.DelegatingMethodAccessorImpl.invoke(DelegatingMethodAccessorImpl.java:43)
	at java.lang.reflect.Method.invoke(Method.java:498)
	at org.apache.maven.surefire.util.ReflectionUtils.invokeMethodWithArray(ReflectionUtils.java:189)
	at org.apache.maven.surefire.booter.ProviderFactory$ProviderProxy.invoke(ProviderFactory.java:165)
	at org.apache.maven.surefire.booter.ProviderFactory.invokeProvider(ProviderFactory.java:85)
	at org.apache.maven.surefire.booter.ForkedBooter.runSuitesInProcess(ForkedBooter.java:115)
	at org.apache.maven.surefire.booter.ForkedBooter.main(ForkedBooter.java:75)
</error>
    <system-err>2018-05-27 07:41:02.329:INFO:oejs.Server:main: jetty-9.4.10.v20180503; built: 2018-05-03T15:56:21.710Z; git: daa59876e6f384329b122929e70a80934569428c; jvm 1.8.0_121-8u121-b13-1~bpo8+1-b13
2018-05-27 07:41:02.330:INFO:oejsh.ContextHandler:main: Started o.e.j.s.ServletContextHandler@349c4d1c{/,null,AVAILABLE}
2018-05-27 07:41:02.331:INFO:oejs.AbstractConnector:main: Started ServerConnector@7d0c3601{HTTP/1.1,[http/1.1]}{0.0.0.0:43481}
2018-05-27 07:41:02.332:INFO:oejs.Server:main: Started @3225ms
2018-05-27 07:41:02.334:INFO:oejs.AbstractConnector:main: Stopped ServerConnector@7d0c3601{HTTP/1.1,[http/1.1]}{0.0.0.0:0}
2018-05-27 07:41:02.334:INFO:oejsh.ContextHandler:main: Stopped o.e.j.s.ServletContextHandler@349c4d1c{/,null,UNAVAILABLE}
</system-err>
  </testcase>
  <testcase classname="org.davidmoten.rx2.io.ClientTest" name="testError" time="0.019"/>
  <testcase classname="org.davidmoten.rx2.io.ClientTest" name="testRequestReturnsNon200ResponseCodeShouldEmitError" time="0"/>
  <testcase classname="org.davidmoten.rx2.io.ClientTest" name="testRange" time="0.069"/>
  <testcase classname="org.davidmoten.rx2.io.ClientTest" name="testRequestOfUnknownStreamIdShouldEmitError" time="0.006"/>
  <testcase classname="org.davidmoten.rx2.io.ClientTest" name="testBackpressure" time="1.521"/>
  <testcase classname="org.davidmoten.rx2.io.ClientTest" name="testGetWithClient" time="0.044">
    <failure message="Expected: 7 (class: Integer), Actual: [] (latch = 0, values = 0, errors = 1, completions = 0)" type="java.lang.AssertionError">java.lang.AssertionError: Expected: 7 (class: Integer), Actual: [] (latch = 0, values = 0, errors = 1, completions = 0)
	at io.reactivex.observers.BaseTestConsumer.fail(BaseTestConsumer.java:191)
	at io.reactivex.observers.BaseTestConsumer.assertValue(BaseTestConsumer.java:356)
	at org.davidmoten.rx2.io.ClientTest.testGetWithClient(ClientTest.java:64)
	at sun.reflect.NativeMethodAccessorImpl.invoke0(Native Method)
	at sun.reflect.NativeMethodAccessorImpl.invoke(NativeMethodAccessorImpl.java:62)
	at sun.reflect.DelegatingMethodAccessorImpl.invoke(DelegatingMethodAccessorImpl.java:43)
	at java.lang.reflect.Method.invoke(Method.java:498)
	at org.junit.runners.model.FrameworkMethod$1.runReflectiveCall(FrameworkMethod.java:50)
	at org.junit.internal.runners.model.ReflectiveCallable.run(ReflectiveCallable.java:12)
	at org.junit.runners.model.FrameworkMethod.invokeExplosively(FrameworkMethod.java:47)
	at org.junit.internal.runners.statements.InvokeMethod.evaluate(InvokeMethod.java:17)
	at org.junit.runners.ParentRunner.runLeaf(ParentRunner.java:325)
	at org.junit.runners.BlockJUnit4ClassRunner.runChild(BlockJUnit4ClassRunner.java:78)
	at org.junit.runners.BlockJUnit4ClassRunner.runChild(BlockJUnit4ClassRunner.java:57)
	at org.junit.runners.ParentRunner$3.run(ParentRunner.java:290)
	at org.junit.runners.ParentRunner$1.schedule(ParentRunner.java:71)
	at org.junit.runners.ParentRunner.runChildren(ParentRunner.java:288)
	at org.junit.runners.ParentRunner.access$000(ParentRunner.java:58)
	at org.junit.runners.ParentRunner$2.evaluate(ParentRunner.java:268)
	at org.junit.runners.ParentRunner.run(ParentRunner.java:363)
	at org.apache.maven.surefire.junit4.JUnit4Provider.execute(JUnit4Provider.java:252)
	at org.apache.maven.surefire.junit4.JUnit4Provider.executeTestSet(JUnit4Provider.java:141)
	at org.apache.maven.surefire.junit4.JUnit4Provider.invoke(JUnit4Provider.java:112)
	at sun.reflect.NativeMethodAccessorImpl.invoke0(Native Method)
	at sun.reflect.NativeMethodAccessorImpl.invoke(NativeMethodAccessorImpl.java:62)
	at sun.reflect.DelegatingMethodAccessorImpl.invoke(DelegatingMethodAccessorImpl.java:43)
	at java.lang.reflect.Method.invoke(Method.java:498)
	at org.apache.maven.surefire.util.ReflectionUtils.invokeMethodWithArray(ReflectionUtils.java:189)
	at org.apache.maven.surefire.booter.ProviderFactory$ProviderProxy.invoke(ProviderFactory.java:165)
	at org.apache.maven.surefire.booter.ProviderFactory.invokeProvider(ProviderFactory.java:85)
	at org.apache.maven.surefire.booter.ForkedBooter.runSuitesInProcess(ForkedBooter.java:115)
	at org.apache.maven.surefire.booter.ForkedBooter.main(ForkedBooter.java:75)
Caused by: java.net.ConnectException: Connection refused (Connection refused)
	at java.net.PlainSocketImpl.socketConnect(Native Method)
	at java.net.AbstractPlainSocketImpl.doConnect(AbstractPlainSocketImpl.java:350)
	at java.net.AbstractPlainSocketImpl.connectToAddress(AbstractPlainSocketImpl.java:206)
	at java.net.AbstractPlainSocketImpl.connect(AbstractPlainSocketImpl.java:188)
	at java.net.SocksSocketImpl.connect(SocksSocketImpl.java:392)
	at java.net.Socket.connect(Socket.java:589)
	at java.net.Socket.connect(Socket.java:538)
	at sun.net.NetworkClient.doConnect(NetworkClient.java:180)
	at sun.net.www.http.HttpClient.openServer(HttpClient.java:432)
	at sun.net.www.http.HttpClient.openServer(HttpClient.java:527)
	at sun.net.www.http.HttpClient.&lt;init&gt;(HttpClient.java:211)
	at sun.net.www.http.HttpClient.New(HttpClient.java:308)
	at sun.net.www.http.HttpClient.New(HttpClient.java:326)
	at sun.net.www.protocol.http.HttpURLConnection.getNewHttpClient(HttpURLConnection.java:1202)
	at sun.net.www.protocol.http.HttpURLConnection.plainConnect0(HttpURLConnection.java:1138)
	at sun.net.www.protocol.http.HttpURLConnection.plainConnect(HttpURLConnection.java:1032)
	at sun.net.www.protocol.http.HttpURLConnection.connect(HttpURLConnection.java:966)
	at sun.net.www.protocol.http.HttpURLConnection.getInputStream0(HttpURLConnection.java:1546)
	at sun.net.www.protocol.http.HttpURLConnection.getInputStream(HttpURLConnection.java:1474)
	at java.net.HttpURLConnection.getResponseCode(HttpURLConnection.java:480)
	at org.davidmoten.rx2.io.ClientTest$1.accept(ClientTest.java:488)
	at org.davidmoten.rx2.io.ClientTest$1.accept(ClientTest.java:480)
	at org.davidmoten.rx2.io.internal.FlowableFromInputStream$FromStreamSubscription.request(FlowableFromInputStream.java:80)
	at io.reactivex.internal.subscriptions.SubscriptionHelper.deferredSetOnce(SubscriptionHelper.java:210)
	at org.davidmoten.rx2.io.internal.FlowableSingleFlatMapPublisher$SingleFlatMapPublisherObserver.onSubscribe(FlowableSingleFlatMapPublisher.java:72)
	at org.davidmoten.rx2.io.internal.FlowableFromInputStream$FromStreamSubscription.start(FlowableFromInputStream.java:71)
	at org.davidmoten.rx2.io.internal.FlowableFromInputStream.subscribeActual(FlowableFromInputStream.java:35)
	at io.reactivex.Flowable.subscribe(Flowable.java:14319)
	at io.reactivex.Flowable.subscribe(Flowable.java:14265)
	at org.davidmoten.rx2.io.internal.FlowableSingleFlatMapPublisher$SingleFlatMapPublisherObserver.onSuccess(FlowableSingleFlatMapPublisher.java:67)
	at io.reactivex.internal.operators.single.SingleFromCallable.subscribeActual(SingleFromCallable.java:56)
	at io.reactivex.Single.subscribe(Single.java:3224)
	at org.davidmoten.rx2.io.internal.FlowableSingleFlatMapPublisher.subscribeActual(FlowableSingleFlatMapPublisher.java:32)
	at io.reactivex.Flowable.subscribe(Flowable.java:14319)
	at io.reactivex.internal.operators.flowable.FlowableDoOnEach.subscribeActual(FlowableDoOnEach.java:50)
	at io.reactivex.Flowable.subscribe(Flowable.java:14319)
	at io.reactivex.Flowable.subscribe(Flowable.java:14265)
	at io.reactivex.internal.operators.flowable.FlowableReduceSeedSingle.subscribeActual(FlowableReduceSeedSingle.java:49)
	at io.reactivex.Single.subscribe(Single.java:3224)
	at io.reactivex.internal.operators.single.SingleTimeout.subscribeActual(SingleTimeout.java:53)
	at io.reactivex.Single.subscribe(Single.java:3224)
	at io.reactivex.Single.test(Single.java:3683)
	at org.davidmoten.rx2.io.ClientTest.testGetWithClient(ClientTest.java:62)
	... 29 more
</failure>
    <system-err>2018-05-27 07:41:03.957:INFO:oejs.Server:main: jetty-9.4.10.v20180503; built: 2018-05-03T15:56:21.710Z; git: daa59876e6f384329b122929e70a80934569428c; jvm 1.8.0_121-8u121-b13-1~bpo8+1-b13
2018-05-27 07:41:03.959:INFO:oejsh.ContextHandler:main: Started o.e.j.s.ServletContextHandler@2478b629{/,null,AVAILABLE}
2018-05-27 07:41:03.960:INFO:oejs.AbstractConnector:main: Started ServerConnector@39023dbf{HTTP/1.1,[http/1.1]}{0.0.0.0:40611}
2018-05-27 07:41:03.961:INFO:oejs.Server:main: Started @4855ms
io.reactivex.exceptions.UndeliverableException: java.io.IOException: stream is closed
	at io.reactivex.plugins.RxJavaPlugins.onError(RxJavaPlugins.java:367)
	at io.reactivex.internal.operators.flowable.FlowableDoOnEach$DoOnEachSubscriber.onError(FlowableDoOnEach.java:98)
	at org.davidmoten.rx2.io.internal.FlowableSingleFlatMapPublisher$SingleFlatMapPublisherObserver.onError(FlowableSingleFlatMapPublisher.java:87)
	at org.davidmoten.rx2.io.internal.FlowableFromInputStream$FromStreamSubscription.emitError(FlowableFromInputStream.java:152)
	at org.davidmoten.rx2.io.internal.FlowableFromInputStream$FromStreamSubscription.drain(FlowableFromInputStream.java:106)
	at org.davidmoten.rx2.io.internal.FlowableFromInputStream$FromStreamSubscription.start(FlowableFromInputStream.java:72)
	at org.davidmoten.rx2.io.internal.FlowableFromInputStream.subscribeActual(FlowableFromInputStream.java:35)
	at io.reactivex.Flowable.subscribe(Flowable.java:14319)
	at io.reactivex.Flowable.subscribe(Flowable.java:14265)
	at org.davidmoten.rx2.io.internal.FlowableSingleFlatMapPublisher$SingleFlatMapPublisherObserver.onSuccess(FlowableSingleFlatMapPublisher.java:67)
	at io.reactivex.internal.operators.single.SingleFromCallable.subscribeActual(SingleFromCallable.java:56)
	at io.reactivex.Single.subscribe(Single.java:3224)
	at org.davidmoten.rx2.io.internal.FlowableSingleFlatMapPublisher.subscribeActual(FlowableSingleFlatMapPublisher.java:32)
	at io.reactivex.Flowable.subscribe(Flowable.java:14319)
	at io.reactivex.internal.operators.flowable.FlowableDoOnEach.subscribeActual(FlowableDoOnEach.java:50)
	at io.reactivex.Flowable.subscribe(Flowable.java:14319)
	at io.reactivex.Flowable.subscribe(Flowable.java:14265)
	at io.reactivex.internal.operators.flowable.FlowableReduceSeedSingle.subscribeActual(FlowableReduceSeedSingle.java:49)
	at io.reactivex.Single.subscribe(Single.java:3224)
	at io.reactivex.internal.operators.single.SingleTimeout.subscribeActual(SingleTimeout.java:53)
	at io.reactivex.Single.subscribe(Single.java:3224)
	at io.reactivex.Single.test(Single.java:3683)
	at org.davidmoten.rx2.io.ClientTest.testGetWithClient(ClientTest.java:62)
	at sun.reflect.NativeMethodAccessorImpl.invoke0(Native Method)
	at sun.reflect.NativeMethodAccessorImpl.invoke(NativeMethodAccessorImpl.java:62)
	at sun.reflect.DelegatingMethodAccessorImpl.invoke(DelegatingMethodAccessorImpl.java:43)
	at java.lang.reflect.Method.invoke(Method.java:498)
	at org.junit.runners.model.FrameworkMethod$1.runReflectiveCall(FrameworkMethod.java:50)
	at org.junit.internal.runners.model.ReflectiveCallable.run(ReflectiveCallable.java:12)
	at org.junit.runners.model.FrameworkMethod.invokeExplosively(FrameworkMethod.java:47)
	at org.junit.internal.runners.statements.InvokeMethod.evaluate(InvokeMethod.java:17)
	at org.junit.runners.ParentRunner.runLeaf(ParentRunner.java:325)
	at org.junit.runners.BlockJUnit4ClassRunner.runChild(BlockJUnit4ClassRunner.java:78)
	at org.junit.runners.BlockJUnit4ClassRunner.runChild(BlockJUnit4ClassRunner.java:57)
	at org.junit.runners.ParentRunner$3.run(ParentRunner.java:290)
	at org.junit.runners.ParentRunner$1.schedule(ParentRunner.java:71)
	at org.junit.runners.ParentRunner.runChildren(ParentRunner.java:288)
	at org.junit.runners.ParentRunner.access$000(ParentRunner.java:58)
	at org.junit.runners.ParentRunner$2.evaluate(ParentRunner.java:268)
	at org.junit.runners.ParentRunner.run(ParentRunner.java:363)
	at org.apache.maven.surefire.junit4.JUnit4Provider.execute(JUnit4Provider.java:252)
	at org.apache.maven.surefire.junit4.JUnit4Provider.executeTestSet(JUnit4Provider.java:141)
	at org.apache.maven.surefire.junit4.JUnit4Provider.invoke(JUnit4Provider.java:112)
	at sun.reflect.NativeMethodAccessorImpl.invoke0(Native Method)
	at sun.reflect.NativeMethodAccessorImpl.invoke(NativeMethodAccessorImpl.java:62)
	at sun.reflect.DelegatingMethodAccessorImpl.invoke(DelegatingMethodAccessorImpl.java:43)
	at java.lang.reflect.Method.invoke(Method.java:498)
	at org.apache.maven.surefire.util.ReflectionUtils.invokeMethodWithArray(ReflectionUtils.java:189)
	at org.apache.maven.surefire.booter.ProviderFactory$ProviderProxy.invoke(ProviderFactory.java:165)
	at org.apache.maven.surefire.booter.ProviderFactory.invokeProvider(ProviderFactory.java:85)
	at org.apache.maven.surefire.booter.ForkedBooter.runSuitesInProcess(ForkedBooter.java:115)
	at org.apache.maven.surefire.booter.ForkedBooter.main(ForkedBooter.java:75)
Caused by: java.io.IOException: stream is closed
	at sun.net.www.protocol.http.HttpURLConnection$HttpInputStream.ensureOpen(HttpURLConnection.java:3348)
	at sun.net.www.protocol.http.HttpURLConnection$HttpInputStream.read(HttpURLConnection.java:3353)
	at org.davidmoten.rx2.io.internal.Util.readInt(Util.java:84)
	at org.davidmoten.rx2.io.internal.FlowableFromInputStream$FromStreamSubscription.drain(FlowableFromInputStream.java:104)
	... 47 more
Exception in thread &quot;main&quot; io.reactivex.exceptions.UndeliverableException: java.io.IOException: stream is closed
	at io.reactivex.plugins.RxJavaPlugins.onError(RxJavaPlugins.java:367)
	at io.reactivex.internal.operators.flowable.FlowableDoOnEach$DoOnEachSubscriber.onError(FlowableDoOnEach.java:98)
	at org.davidmoten.rx2.io.internal.FlowableSingleFlatMapPublisher$SingleFlatMapPublisherObserver.onError(FlowableSingleFlatMapPublisher.java:87)
	at org.davidmoten.rx2.io.internal.FlowableFromInputStream$FromStreamSubscription.emitError(FlowableFromInputStream.java:152)
	at org.davidmoten.rx2.io.internal.FlowableFromInputStream$FromStreamSubscription.drain(FlowableFromInputStream.java:106)
	at org.davidmoten.rx2.io.internal.FlowableFromInputStream$FromStreamSubscription.start(FlowableFromInputStream.java:72)
	at org.davidmoten.rx2.io.internal.FlowableFromInputStream.subscribeActual(FlowableFromInputStream.java:35)
	at io.reactivex.Flowable.subscribe(Flowable.java:14319)
	at io.reactivex.Flowable.subscribe(Flowable.java:14265)
	at org.davidmoten.rx2.io.internal.FlowableSingleFlatMapPublisher$SingleFlatMapPublisherObserver.onSuccess(FlowableSingleFlatMapPublisher.java:67)
	at io.reactivex.internal.operators.single.SingleFromCallable.subscribeActual(SingleFromCallable.java:56)
	at io.reactivex.Single.subscribe(Single.java:3224)
	at org.davidmoten.rx2.io.internal.FlowableSingleFlatMapPublisher.subscribeActual(FlowableSingleFlatMapPublisher.java:32)
	at io.reactivex.Flowable.subscribe(Flowable.java:14319)
	at io.reactivex.internal.operators.flowable.FlowableDoOnEach.subscribeActual(FlowableDoOnEach.java:50)
	at io.reactivex.Flowable.subscribe(Flowable.java:14319)
	at io.reactivex.Flowable.subscribe(Flowable.java:14265)
	at io.reactivex.internal.operators.flowable.FlowableReduceSeedSingle.subscribeActual(FlowableReduceSeedSingle.java:49)
	at io.reactivex.Single.subscribe(Single.java:3224)
	at io.reactivex.internal.operators.single.SingleTimeout.subscribeActual(SingleTimeout.java:53)
	at io.reactivex.Single.subscribe(Single.java:3224)
	at io.reactivex.Single.test(Single.java:3683)
	at org.davidmoten.rx2.io.ClientTest.testGetWithClient(ClientTest.java:62)
	at sun.reflect.NativeMethodAccessorImpl.invoke0(Native Method)
	at sun.reflect.NativeMethodAccessorImpl.invoke(NativeMethodAccessorImpl.java:62)
	at sun.reflect.DelegatingMethodAccessorImpl.invoke(DelegatingMethodAccessorImpl.java:43)
	at java.lang.reflect.Method.invoke(Method.java:498)
	at org.junit.runners.model.FrameworkMethod$1.runReflectiveCall(FrameworkMethod.java:50)
	at org.junit.internal.runners.model.ReflectiveCallable.run(ReflectiveCallable.java:12)
	at org.junit.runners.model.FrameworkMethod.invokeExplosively(FrameworkMethod.java:47)
	at org.junit.internal.runners.statements.InvokeMethod.evaluate(InvokeMethod.java:17)
	at org.junit.runners.ParentRunner.runLeaf(ParentRunner.java:325)
	at org.junit.runners.BlockJUnit4ClassRunner.runChild(BlockJUnit4ClassRunner.java:78)
	at org.junit.runners.BlockJUnit4ClassRunner.runChild(BlockJUnit4ClassRunner.java:57)
	at org.junit.runners.ParentRunner$3.run(ParentRunner.java:290)
	at org.junit.runners.ParentRunner$1.schedule(ParentRunner.java:71)
	at org.junit.runners.ParentRunner.runChildren(ParentRunner.java:288)
	at org.junit.runners.ParentRunner.access$000(ParentRunner.java:58)
	at org.junit.runners.ParentRunner$2.evaluate(ParentRunner.java:268)
	at org.junit.runners.ParentRunner.run(ParentRunner.java:363)
	at org.apache.maven.surefire.junit4.JUnit4Provider.execute(JUnit4Provider.java:252)
	at org.apache.maven.surefire.junit4.JUnit4Provider.executeTestSet(JUnit4Provider.java:141)
	at org.apache.maven.surefire.junit4.JUnit4Provider.invoke(JUnit4Provider.java:112)
	at sun.reflect.NativeMethodAccessorImpl.invoke0(Native Method)
	at sun.reflect.NativeMethodAccessorImpl.invoke(NativeMethodAccessorImpl.java:62)
	at sun.reflect.DelegatingMethodAccessorImpl.invoke(DelegatingMethodAccessorImpl.java:43)
	at java.lang.reflect.Method.invoke(Method.java:498)
	at org.apache.maven.surefire.util.ReflectionUtils.invokeMethodWithArray(ReflectionUtils.java:189)
	at org.apache.maven.surefire.booter.ProviderFactory$ProviderProxy.invoke(ProviderFactory.java:165)
	at org.apache.maven.surefire.booter.ProviderFactory.invokeProvider(ProviderFactory.java:85)
	at org.apache.maven.surefire.booter.ForkedBooter.runSuitesInProcess(ForkedBooter.java:115)
	at org.apache.maven.surefire.booter.ForkedBooter.main(ForkedBooter.java:75)
Caused by: java.io.IOException: stream is closed
	at sun.net.www.protocol.http.HttpURLConnection$HttpInputStream.ensureOpen(HttpURLConnection.java:3348)
	at sun.net.www.protocol.http.HttpURLConnection$HttpInputStream.read(HttpURLConnection.java:3353)
	at org.davidmoten.rx2.io.internal.Util.readInt(Util.java:84)
	at org.davidmoten.rx2.io.internal.FlowableFromInputStream$FromStreamSubscription.drain(FlowableFromInputStream.java:104)
	... 47 more
2018-05-27 07:41:03.996:INFO:oejs.AbstractConnector:main: Stopped ServerConnector@39023dbf{HTTP/1.1,[http/1.1]}{0.0.0.0:0}
2018-05-27 07:41:03.997:INFO:oejsh.ContextHandler:main: Stopped o.e.j.s.ServletContextHandler@2478b629{/,null,UNAVAILABLE}
</system-err>
  </testcase>
  <testcase classname="org.davidmoten.rx2.io.ClientTest" name="testFlowableFactoryThrows" time="0.023"/>
  <testcase classname="org.davidmoten.rx2.io.ClientTest" name="testGetEmptyStream" time="0.014"/>
  <testcase classname="org.davidmoten.rx2.io.ClientTest" name="testGetWithClient2" time="0.018"/>
  <testcase classname="org.davidmoten.rx2.io.ClientTest" name="isUtilityClass" time="0.001"/>
  <testcase classname="org.davidmoten.rx2.io.ClientTest" name="testValuesThenError" time="0.031"/>
  <testcase classname="org.davidmoten.rx2.io.ClientTest" name="testGetWithClientHttpPost" time="0.014"/>
  <testcase classname="org.davidmoten.rx2.io.ClientTest" name="testRangeParallelSync" time="0.097"/>
  <testcase classname="org.davidmoten.rx2.io.ClientTest" name="testStreamWithEmptyByteBufferThenMore" time="0.022"/>
  <testcase classname="org.davidmoten.rx2.io.ClientTest" name="testRequesterNon200ResponseCode" time="0.016"/>
  <testcase classname="org.davidmoten.rx2.io.ClientTest" name="testBadUrl" time="0"/>
  <testcase classname="org.davidmoten.rx2.io.ClientTest" name="testCancel" time="0.038"/>
  <testcase classname="org.davidmoten.rx2.io.ClientTest" name="testGetAsynchronousSource" time="0.316"/>
  <testcase classname="org.davidmoten.rx2.io.ClientTest" name="testRangeAsync" time="0.122"/>
</testsuite>