<?xml version="1.0" encoding="UTF-8"?>
<testsuite name="edu.tamu.iiif.service.fedora.FedoraSequenceManifestServiceTest" time="0.001" tests="1" errors="0" skipped="0" failures="1">
  <properties>
    <property name="java.runtime.name" value="OpenJDK Runtime Environment"/>
    <property name="sun.boot.library.path" value="/usr/lib/jvm/java-8-openjdk-amd64/jre/lib/amd64"/>
    <property name="java.vm.version" value="25.121-b13"/>
    <property name="java.vm.vendor" value="Oracle Corporation"/>
    <property name="maven.multiModuleProjectDirectory" value="/root/workspace/TAMULib/IRIIIFService/388494172"/>
    <property name="java.vendor.url" value="http://java.oracle.com/"/>
    <property name="path.separator" value=":"/>
    <property name="guice.disable.misplaced.annotation.check" value="true"/>
    <property name="skip.gulp" value="true"/>
    <property name="java.vm.name" value="OpenJDK 64-Bit Server VM"/>
    <property name="file.encoding.pkg" value="sun.io"/>
    <property name="sun.java.launcher" value="SUN_STANDARD"/>
    <property name="sun.os.patch.level" value="unknown"/>
    <property name="findbugs.skip" value="true"/>
    <property name="java.vm.specification.name" value="Java Virtual Machine Specification"/>
    <property name="user.dir" value="/root/workspace/TAMULib/IRIIIFService/388494172"/>
    <property name="checkstyle.skip" value="true"/>
    <property name="java.runtime.version" value="1.8.0_121-8u121-b13-1~bpo8+1-b13"/>
    <property name="java.awt.graphicsenv" value="sun.awt.X11GraphicsEnvironment"/>
    <property name="skip.npm" value="true"/>
    <property name="java.endorsed.dirs" value="/usr/lib/jvm/java-8-openjdk-amd64/jre/lib/endorsed"/>
    <property name="os.arch" value="amd64"/>
    <property name="java.io.tmpdir" value="/tmp"/>
    <property name="gpg.skip" value="true"/>
    <property name="line.separator" value="&#10;"/>
    <property name="java.vm.specification.vendor" value="Oracle Corporation"/>
    <property name="cobertura.skip" value="true"/>
    <property name="os.name" value="Linux"/>
    <property name="classworlds.conf" value="/usr/share/maven/bin/m2.conf"/>
    <property name="sun.jnu.encoding" value="UTF-8"/>
    <property name="java.library.path" value="/usr/java/packages/lib/amd64:/usr/lib/x86_64-linux-gnu/jni:/lib/x86_64-linux-gnu:/usr/lib/x86_64-linux-gnu:/usr/lib/jni:/lib:/usr/lib"/>
    <property name="license.skip" value="true"/>
    <property name="java.specification.name" value="Java Platform API Specification"/>
    <property name="java.class.version" value="52.0"/>
    <property name="java.net.preferIPv4Stack" value="true"/>
    <property name="sun.management.compiler" value="HotSpot 64-Bit Tiered Compilers"/>
    <property name="skip.bower" value="true"/>
    <property name="maven.repo.local" value="/root/./workspace/TAMULib/IRIIIFService/388494172/.m2"/>
    <property name="os.version" value="3.10.0-862.3.2.el7.x86_64"/>
    <property name="user.home" value="/root"/>
    <property name="user.timezone" value="Europe/Paris"/>
    <property name="java.awt.printerjob" value="sun.print.PSPrinterJob"/>
    <property name="java.specification.version" value="1.8"/>
    <property name="file.encoding" value="UTF-8"/>
    <property name="user.name" value="root"/>
    <property name="java.class.path" value="/usr/share/maven/boot/plexus-classworlds-2.5.2.jar"/>
    <property name="skipITs" value="true"/>
    <property name="java.vm.specification.version" value="1.8"/>
    <property name="sun.arch.data.model" value="64"/>
    <property name="java.home" value="/usr/lib/jvm/java-8-openjdk-amd64/jre"/>
    <property name="sun.java.command" value="org.codehaus.plexus.classworlds.launcher.Launcher -B -D enforcer.skip=true -D dependency-check.skip=true -D skipITs=true -D cobertura.skip=true -D maven.repo.local=/root/./workspace/TAMULib/IRIIIFService/388494172/.m2 -D rat.skip=true -D findbugs.skip=true -D skip.bower=true -D gpg.skip=true -D checkstyle.skip=true -D skip.gulp=true -D license.skip=true -D skip.npm=true test"/>
    <property name="java.specification.vendor" value="Oracle Corporation"/>
    <property name="user.language" value="en"/>
    <property name="awt.toolkit" value="sun.awt.X11.XToolkit"/>
    <property name="dependency-check.skip" value="true"/>
    <property name="java.vm.info" value="mixed mode"/>
    <property name="java.version" value="1.8.0_121"/>
    <property name="java.ext.dirs" value="/usr/lib/jvm/java-8-openjdk-amd64/jre/lib/ext:/usr/java/packages/lib/ext"/>
    <property name="securerandom.source" value="file:/dev/./urandom"/>
    <property name="sun.boot.class.path" value="/usr/lib/jvm/java-8-openjdk-amd64/jre/lib/resources.jar:/usr/lib/jvm/java-8-openjdk-amd64/jre/lib/rt.jar:/usr/lib/jvm/java-8-openjdk-amd64/jre/lib/sunrsasign.jar:/usr/lib/jvm/java-8-openjdk-amd64/jre/lib/jsse.jar:/usr/lib/jvm/java-8-openjdk-amd64/jre/lib/jce.jar:/usr/lib/jvm/java-8-openjdk-amd64/jre/lib/charsets.jar:/usr/lib/jvm/java-8-openjdk-amd64/jre/lib/jfr.jar:/usr/lib/jvm/java-8-openjdk-amd64/jre/classes"/>
    <property name="java.vendor" value="Oracle Corporation"/>
    <property name="enforcer.skip" value="true"/>
    <property name="rat.skip" value="true"/>
    <property name="maven.home" value="/usr/share/maven"/>
    <property name="file.separator" value="/"/>
    <property name="java.vendor.url.bug" value="http://bugreport.sun.com/bugreport/"/>
    <property name="sun.cpu.endian" value="little"/>
    <property name="sun.io.unicode.encoding" value="UnicodeLittle"/>
    <property name="sun.cpu.isalist" value=""/>
  </properties>
  <testcase name="testGetManifest" classname="edu.tamu.iiif.service.fedora.FedoraSequenceManifestServiceTest" time="0.001">
    <failure message="expected:&lt;{&quot;@id&quot;:&quot;http://localhost:9003/fedora/sequence?context=cars_pcdm_objects/chevy&quot;,&quot;@type&quot;:&quot;sc:Sequence&quot;,&quot;canvases&quot;:[{&quot;@id&quot;:&quot;http://localhost:9003/fedora/canvas?context=cars_pcdm_objects/chevy/pages/page_0&quot;,&quot;@type&quot;:&quot;sc:Canvas&quot;,&quot;height&quot;:400,&quot;images&quot;:[{&quot;@id&quot;:&quot;http://localhost:8182/iiif/2/ZmVkb3JhOmNhcnNfcGNkbV9vYmplY3RzL2NoZXZ5L3BhZ2VzL3BhZ2VfMC9maWxlcy9QVEFSXzgwMHg0MDAucG5n/info.json&quot;,&quot;@type&quot;:&quot;oa:Annotation&quot;,&quot;motivation&quot;:&quot;sc:painting&quot;,&quot;on&quot;:&quot;http://localhost:9003/fedora/canvas?context=cars_pcdm_objects/chevy/pages/page_0&quot;,&quot;resource&quot;:{&quot;@id&quot;:&quot;http://localhost:8182/iiif/2/ZmVkb3JhOmNhcnNfcGNkbV9vYmplY3RzL2NoZXZ5L3BhZ2VzL3BhZ2VfMC9maWxlcy9QVEFSXzgwMHg0MDAucG5n/full/full/0/default.jpg&quot;,&quot;@type&quot;:&quot;dctypes:Image&quot;,&quot;height&quot;:400,&quot;service&quot;:{&quot;label&quot;:&quot;Fedora IIIF Image Resource Service&quot;,&quot;profile&quot;:&quot;http://iiif.io/api/image/2/level0.json&quot;,&quot;@context&quot;:&quot;http://iiif.io/api/image/2/context.json&quot;,&quot;@id&quot;:&quot;http://localhost:8182/iiif/2/ZmVkb3JhOmNhcnNfcGNkbV9vYmplY3RzL2NoZXZ5L3BhZ2VzL3BhZ2VfMC9maWxlcy9QVEFSXzgwMHg0MDAucG5n&quot;},&quot;width&quot;:800}}],&quot;label&quot;:&quot;fedora:cars_pcdm_objects/chevy/pages/page_0&quot;,&quot;metadata&quot;:[],&quot;width&quot;:800},{&quot;@id&quot;:&quot;http://localhost:9003/fedora/canvas?context=cars_pcdm_objects/chevy/pages/page_1&quot;,&quot;@type&quot;:&quot;sc:Canvas&quot;,&quot;height&quot;:1080,&quot;images&quot;:[{&quot;@id&quot;:&quot;http://localhost:8182/iiif/2/ZmVkb3JhOmNhcnNfcGNkbV9vYmplY3RzL2NoZXZ5L3BhZ2VzL3BhZ2VfMS9maWxlcy9jYXIyLmpwZw==/info.json&quot;,&quot;@type&quot;:&quot;oa:Annotation&quot;,&quot;motivation&quot;:&quot;sc:painting&quot;,&quot;on&quot;:&quot;http://localhost:9003/fedora/canvas?context=cars_pcdm_objects/chevy/pages/page_1&quot;,&quot;resource&quot;:{&quot;@id&quot;:&quot;http://localhost:8182/iiif/2/ZmVkb3JhOmNhcnNfcGNkbV9vYmplY3RzL2NoZXZ5L3BhZ2VzL3BhZ2VfMS9maWxlcy9jYXIyLmpwZw==/full/full/0/default.jpg&quot;,&quot;@type&quot;:&quot;dctypes:Image&quot;,&quot;height&quot;:1080,&quot;service&quot;:{&quot;label&quot;:&quot;Fedora IIIF Image Resource Service&quot;,&quot;profile&quot;:&quot;http://iiif.io/api/image/2/level0.json&quot;,&quot;@context&quot;:&quot;http://iiif.io/api/image/2/context.json&quot;,&quot;@id&quot;:&quot;http://localhost:8182/iiif/2/ZmVkb3JhOmNhcnNfcGNkbV9vYmplY3RzL2NoZXZ5L3BhZ2VzL3BhZ2VfMS9maWxlcy9jYXIyLmpwZw==&quot;},&quot;width&quot;:1920}}],&quot;label&quot;:&quot;fedora:cars_pcdm_objects/chevy/pages/page_1&quot;,&quot;metadata&quot;:[],&quot;width&quot;:1920}],&quot;label&quot;:&quot;fedora:cars_pcdm_objects/chevy&quot;}&gt; but was:&lt;{&quot;canvases&quot;:[{&quot;height&quot;:0,&quot;images&quot;:[],&quot;label&quot;:&quot;fedora:cars_pcdm_objects/chevy/pages/page_0&quot;,&quot;metadata&quot;:[],&quot;width&quot;:0,&quot;@type&quot;:&quot;sc:Canvas&quot;,&quot;@id&quot;:&quot;http://localhost:9003/fedora/canvas?context=cars_pcdm_objects/chevy/pages/page_0&quot;},{&quot;height&quot;:0,&quot;images&quot;:[],&quot;label&quot;:&quot;fedora:cars_pcdm_objects/chevy/pages/page_1&quot;,&quot;metadata&quot;:[],&quot;width&quot;:0,&quot;@type&quot;:&quot;sc:Canvas&quot;,&quot;@id&quot;:&quot;http://localhost:9003/fedora/canvas?context=cars_pcdm_objects/chevy/pages/page_1&quot;}],&quot;label&quot;:&quot;fedora:cars_pcdm_objects/chevy&quot;,&quot;@type&quot;:&quot;sc:Sequence&quot;,&quot;@id&quot;:&quot;http://localhost:9003/fedora/sequence?context=cars_pcdm_objects/chevy&quot;}&gt;" type="java.lang.AssertionError"><![CDATA[java.lang.AssertionError: expected:<{"@id":"http://localhost:9003/fedora/sequence?context=cars_pcdm_objects/chevy","@type":"sc:Sequence","canvases":[{"@id":"http://localhost:9003/fedora/canvas?context=cars_pcdm_objects/chevy/pages/page_0","@type":"sc:Canvas","height":400,"images":[{"@id":"http://localhost:8182/iiif/2/ZmVkb3JhOmNhcnNfcGNkbV9vYmplY3RzL2NoZXZ5L3BhZ2VzL3BhZ2VfMC9maWxlcy9QVEFSXzgwMHg0MDAucG5n/info.json","@type":"oa:Annotation","motivation":"sc:painting","on":"http://localhost:9003/fedora/canvas?context=cars_pcdm_objects/chevy/pages/page_0","resource":{"@id":"http://localhost:8182/iiif/2/ZmVkb3JhOmNhcnNfcGNkbV9vYmplY3RzL2NoZXZ5L3BhZ2VzL3BhZ2VfMC9maWxlcy9QVEFSXzgwMHg0MDAucG5n/full/full/0/default.jpg","@type":"dctypes:Image","height":400,"service":{"label":"Fedora IIIF Image Resource Service","profile":"http://iiif.io/api/image/2/level0.json","@context":"http://iiif.io/api/image/2/context.json","@id":"http://localhost:8182/iiif/2/ZmVkb3JhOmNhcnNfcGNkbV9vYmplY3RzL2NoZXZ5L3BhZ2VzL3BhZ2VfMC9maWxlcy9QVEFSXzgwMHg0MDAucG5n"},"width":800}}],"label":"fedora:cars_pcdm_objects/chevy/pages/page_0","metadata":[],"width":800},{"@id":"http://localhost:9003/fedora/canvas?context=cars_pcdm_objects/chevy/pages/page_1","@type":"sc:Canvas","height":1080,"images":[{"@id":"http://localhost:8182/iiif/2/ZmVkb3JhOmNhcnNfcGNkbV9vYmplY3RzL2NoZXZ5L3BhZ2VzL3BhZ2VfMS9maWxlcy9jYXIyLmpwZw==/info.json","@type":"oa:Annotation","motivation":"sc:painting","on":"http://localhost:9003/fedora/canvas?context=cars_pcdm_objects/chevy/pages/page_1","resource":{"@id":"http://localhost:8182/iiif/2/ZmVkb3JhOmNhcnNfcGNkbV9vYmplY3RzL2NoZXZ5L3BhZ2VzL3BhZ2VfMS9maWxlcy9jYXIyLmpwZw==/full/full/0/default.jpg","@type":"dctypes:Image","height":1080,"service":{"label":"Fedora IIIF Image Resource Service","profile":"http://iiif.io/api/image/2/level0.json","@context":"http://iiif.io/api/image/2/context.json","@id":"http://localhost:8182/iiif/2/ZmVkb3JhOmNhcnNfcGNkbV9vYmplY3RzL2NoZXZ5L3BhZ2VzL3BhZ2VfMS9maWxlcy9jYXIyLmpwZw=="},"width":1920}}],"label":"fedora:cars_pcdm_objects/chevy/pages/page_1","metadata":[],"width":1920}],"label":"fedora:cars_pcdm_objects/chevy"}> but was:<{"canvases":[{"height":0,"images":[],"label":"fedora:cars_pcdm_objects/chevy/pages/page_0","metadata":[],"width":0,"@type":"sc:Canvas","@id":"http://localhost:9003/fedora/canvas?context=cars_pcdm_objects/chevy/pages/page_0"},{"height":0,"images":[],"label":"fedora:cars_pcdm_objects/chevy/pages/page_1","metadata":[],"width":0,"@type":"sc:Canvas","@id":"http://localhost:9003/fedora/canvas?context=cars_pcdm_objects/chevy/pages/page_1"}],"label":"fedora:cars_pcdm_objects/chevy","@type":"sc:Sequence","@id":"http://localhost:9003/fedora/sequence?context=cars_pcdm_objects/chevy"}>
	at org.junit.Assert.fail(Assert.java:88)
	at org.junit.Assert.failNotEquals(Assert.java:834)
	at org.junit.Assert.assertEquals(Assert.java:118)
	at org.junit.Assert.assertEquals(Assert.java:144)
	at edu.tamu.iiif.service.fedora.FedoraSequenceManifestServiceTest.testGetManifest(FedoraSequenceManifestServiceTest.java:66)
]]></failure>
    <system-out><![CDATA[23:42:52.161 [main] DEBUG org.springframework.test.context.support.AbstractDirtiesContextTestExecutionListener - After test class: context [DefaultTestContext@595fed99 testClass = FedoraCanvasManifestServiceTest, testInstance = [null], testMethod = [null], testException = [null], mergedContextConfiguration = [MergedContextConfiguration@7d522180 testClass = FedoraCanvasManifestServiceTest, locations = '{}', classes = '{}', contextInitializerClasses = '[]', activeProfiles = '{}', propertySourceLocations = '{}', propertySourceProperties = '{}', contextCustomizers = set[org.springframework.boot.test.context.filter.ExcludeFilterContextCustomizer@102d92c4, org.springframework.boot.test.json.DuplicateJsonObjectContextCustomizerFactory$DuplicateJsonObjectContextCustomizer@79767781, org.springframework.boot.test.mock.mockito.MockitoContextCustomizer@0, org.springframework.boot.test.autoconfigure.properties.PropertyMappingContextCustomizer@0, org.springframework.boot.test.autoconfigure.web.servlet.WebDriverContextCustomizerFactory$Customizer@336365bc], contextLoader = 'org.springframework.test.context.support.DelegatingSmartContextLoader', parent = [null]]], class annotated with @DirtiesContext [false] with mode [null].
23:42:52.162 [main] DEBUG org.springframework.test.context.junit4.SpringJUnit4ClassRunner - SpringJUnit4ClassRunner constructor called with [class edu.tamu.iiif.service.fedora.FedoraSequenceManifestServiceTest]
23:42:52.162 [main] DEBUG org.springframework.test.context.BootstrapUtils - Instantiating CacheAwareContextLoaderDelegate from class [org.springframework.test.context.cache.DefaultCacheAwareContextLoaderDelegate]
23:42:52.162 [main] DEBUG org.springframework.test.context.BootstrapUtils - Instantiating BootstrapContext using constructor [public org.springframework.test.context.support.DefaultBootstrapContext(java.lang.Class,org.springframework.test.context.CacheAwareContextLoaderDelegate)]
23:42:52.162 [main] DEBUG org.springframework.test.context.BootstrapUtils - Instantiating TestContextBootstrapper for test class [edu.tamu.iiif.service.fedora.FedoraSequenceManifestServiceTest] from class [org.springframework.test.context.support.DefaultTestContextBootstrapper]
23:42:52.163 [main] INFO org.springframework.test.context.support.DefaultTestContextBootstrapper - Neither @ContextConfiguration nor @ContextHierarchy found for test class [edu.tamu.iiif.service.fedora.FedoraSequenceManifestServiceTest], using DelegatingSmartContextLoader
23:42:52.163 [main] DEBUG org.springframework.test.context.support.AbstractDelegatingSmartContextLoader - Delegating to GenericXmlContextLoader to process context configuration [ContextConfigurationAttributes@2bd20f96 declaringClass = 'edu.tamu.iiif.service.fedora.FedoraSequenceManifestServiceTest', classes = '{}', locations = '{}', inheritLocations = false, initializers = '{}', inheritInitializers = true, name = [null], contextLoaderClass = 'org.springframework.test.context.ContextLoader'].
23:42:52.163 [main] DEBUG org.springframework.test.context.support.AbstractContextLoader - Did not detect default resource location for test class [edu.tamu.iiif.service.fedora.FedoraSequenceManifestServiceTest]: class path resource [edu/tamu/iiif/service/fedora/FedoraSequenceManifestServiceTest-context.xml] does not exist
23:42:52.163 [main] INFO org.springframework.test.context.support.AbstractContextLoader - Could not detect default resource locations for test class [edu.tamu.iiif.service.fedora.FedoraSequenceManifestServiceTest]: no resource found for suffixes {-context.xml}.
23:42:52.164 [main] DEBUG org.springframework.test.context.support.AbstractDelegatingSmartContextLoader - Delegating to AnnotationConfigContextLoader to process context configuration [ContextConfigurationAttributes@2bd20f96 declaringClass = 'edu.tamu.iiif.service.fedora.FedoraSequenceManifestServiceTest', classes = '{}', locations = '{}', inheritLocations = false, initializers = '{}', inheritInitializers = true, name = [null], contextLoaderClass = 'org.springframework.test.context.ContextLoader'].
23:42:52.164 [main] INFO org.springframework.test.context.support.AnnotationConfigContextLoaderUtils - Could not detect default configuration classes for test class [edu.tamu.iiif.service.fedora.FedoraSequenceManifestServiceTest]: FedoraSequenceManifestServiceTest does not declare any static, non-private, non-final, nested classes annotated with @Configuration.
23:42:52.169 [main] DEBUG org.springframework.test.context.support.ActiveProfilesUtils - Could not find an 'annotation declaring class' for annotation type [org.springframework.test.context.ActiveProfiles] and class [edu.tamu.iiif.service.fedora.FedoraSequenceManifestServiceTest]
23:42:52.169 [main] DEBUG org.springframework.test.context.support.DefaultTestContextBootstrapper - @TestExecutionListeners is not present for class [edu.tamu.iiif.service.fedora.FedoraSequenceManifestServiceTest]: using defaults.
23:42:52.173 [main] INFO org.springframework.test.context.support.DefaultTestContextBootstrapper - Loaded default TestExecutionListener class names from location [META-INF/spring.factories]: [org.springframework.boot.test.mock.mockito.MockitoTestExecutionListener, org.springframework.boot.test.mock.mockito.ResetMocksTestExecutionListener, org.springframework.boot.test.autoconfigure.restdocs.RestDocsTestExecutionListener, org.springframework.boot.test.autoconfigure.web.client.MockRestServiceServerResetTestExecutionListener, org.springframework.boot.test.autoconfigure.web.servlet.MockMvcPrintOnlyOnFailureTestExecutionListener, org.springframework.boot.test.autoconfigure.web.servlet.WebDriverTestExecutionListener, org.springframework.test.context.web.ServletTestExecutionListener, org.springframework.test.context.support.DirtiesContextBeforeModesTestExecutionListener, org.springframework.test.context.support.DependencyInjectionTestExecutionListener, org.springframework.test.context.support.DirtiesContextTestExecutionListener, org.springframework.test.context.transaction.TransactionalTestExecutionListener, org.springframework.test.context.jdbc.SqlScriptsTestExecutionListener]
23:42:52.173 [main] INFO org.springframework.test.context.support.DefaultTestContextBootstrapper - Using TestExecutionListeners: [org.springframework.test.context.web.ServletTestExecutionListener@243bc6df, org.springframework.test.context.support.DirtiesContextBeforeModesTestExecutionListener@35ae7e38, org.springframework.test.context.support.DependencyInjectionTestExecutionListener@26aeeac9, org.springframework.test.context.support.DirtiesContextTestExecutionListener@5897c246, org.springframework.test.context.transaction.TransactionalTestExecutionListener@22e0fab5, org.springframework.test.context.jdbc.SqlScriptsTestExecutionListener@64f91f6f, org.springframework.boot.test.mock.mockito.ResetMocksTestExecutionListener@35d0499b, org.springframework.boot.test.autoconfigure.web.servlet.WebDriverTestExecutionListener@53b32895, org.springframework.boot.test.autoconfigure.restdocs.RestDocsTestExecutionListener@76a34504, org.springframework.boot.test.mock.mockito.MockitoTestExecutionListener@5a0d2ed8, org.springframework.boot.test.autoconfigure.web.servlet.MockMvcPrintOnlyOnFailureTestExecutionListener@6da63893, org.springframework.boot.test.autoconfigure.web.client.MockRestServiceServerResetTestExecutionListener@279b5232]
23:42:52.173 [main] DEBUG org.springframework.test.annotation.ProfileValueUtils - Retrieved @ProfileValueSourceConfiguration [null] for test class [edu.tamu.iiif.service.fedora.FedoraSequenceManifestServiceTest]
23:42:52.173 [main] DEBUG org.springframework.test.annotation.ProfileValueUtils - Retrieved ProfileValueSource type [class org.springframework.test.annotation.SystemProfileValueSource] for class [edu.tamu.iiif.service.fedora.FedoraSequenceManifestServiceTest]
23:42:52.174 [main] DEBUG org.springframework.test.annotation.ProfileValueUtils - Retrieved @ProfileValueSourceConfiguration [null] for test class [edu.tamu.iiif.service.fedora.FedoraSequenceManifestServiceTest]
23:42:52.174 [main] DEBUG org.springframework.test.annotation.ProfileValueUtils - Retrieved ProfileValueSource type [class org.springframework.test.annotation.SystemProfileValueSource] for class [edu.tamu.iiif.service.fedora.FedoraSequenceManifestServiceTest]
23:42:52.174 [main] DEBUG org.springframework.test.context.support.AbstractDirtiesContextTestExecutionListener - Before test class: context [DefaultTestContext@4b7cb8a0 testClass = FedoraSequenceManifestServiceTest, testInstance = [null], testMethod = [null], testException = [null], mergedContextConfiguration = [MergedContextConfiguration@78b424f9 testClass = FedoraSequenceManifestServiceTest, locations = '{}', classes = '{}', contextInitializerClasses = '[]', activeProfiles = '{}', propertySourceLocations = '{}', propertySourceProperties = '{}', contextCustomizers = set[org.springframework.boot.test.context.filter.ExcludeFilterContextCustomizer@102d92c4, org.springframework.boot.test.json.DuplicateJsonObjectContextCustomizerFactory$DuplicateJsonObjectContextCustomizer@79767781, org.springframework.boot.test.mock.mockito.MockitoContextCustomizer@0, org.springframework.boot.test.autoconfigure.properties.PropertyMappingContextCustomizer@0, org.springframework.boot.test.autoconfigure.web.servlet.WebDriverContextCustomizerFactory$Customizer@336365bc], contextLoader = 'org.springframework.test.context.support.DelegatingSmartContextLoader', parent = [null]]], class annotated with @DirtiesContext [false] with mode [null].
23:42:52.174 [main] DEBUG org.springframework.test.annotation.ProfileValueUtils - Retrieved @ProfileValueSourceConfiguration [null] for test class [edu.tamu.iiif.service.fedora.FedoraSequenceManifestServiceTest]
23:42:52.174 [main] DEBUG org.springframework.test.annotation.ProfileValueUtils - Retrieved ProfileValueSource type [class org.springframework.test.annotation.SystemProfileValueSource] for class [edu.tamu.iiif.service.fedora.FedoraSequenceManifestServiceTest]
23:42:52.174 [main] DEBUG org.springframework.test.context.support.DependencyInjectionTestExecutionListener - Performing dependency injection for test context [[DefaultTestContext@4b7cb8a0 testClass = FedoraSequenceManifestServiceTest, testInstance = edu.tamu.iiif.service.fedora.FedoraSequenceManifestServiceTest@240af9dc, testMethod = [null], testException = [null], mergedContextConfiguration = [MergedContextConfiguration@78b424f9 testClass = FedoraSequenceManifestServiceTest, locations = '{}', classes = '{}', contextInitializerClasses = '[]', activeProfiles = '{}', propertySourceLocations = '{}', propertySourceProperties = '{}', contextCustomizers = set[org.springframework.boot.test.context.filter.ExcludeFilterContextCustomizer@102d92c4, org.springframework.boot.test.json.DuplicateJsonObjectContextCustomizerFactory$DuplicateJsonObjectContextCustomizer@79767781, org.springframework.boot.test.mock.mockito.MockitoContextCustomizer@0, org.springframework.boot.test.autoconfigure.properties.PropertyMappingContextCustomizer@0, org.springframework.boot.test.autoconfigure.web.servlet.WebDriverContextCustomizerFactory$Customizer@336365bc], contextLoader = 'org.springframework.test.context.support.DelegatingSmartContextLoader', parent = [null]]]].
23:42:52.175 [main] DEBUG org.springframework.test.context.cache.DefaultCacheAwareContextLoaderDelegate - Retrieved ApplicationContext from cache with key [[MergedContextConfiguration@78b424f9 testClass = FedoraSequenceManifestServiceTest, locations = '{}', classes = '{}', contextInitializerClasses = '[]', activeProfiles = '{}', propertySourceLocations = '{}', propertySourceProperties = '{}', contextCustomizers = set[org.springframework.boot.test.context.filter.ExcludeFilterContextCustomizer@102d92c4, org.springframework.boot.test.json.DuplicateJsonObjectContextCustomizerFactory$DuplicateJsonObjectContextCustomizer@79767781, org.springframework.boot.test.mock.mockito.MockitoContextCustomizer@0, org.springframework.boot.test.autoconfigure.properties.PropertyMappingContextCustomizer@0, org.springframework.boot.test.autoconfigure.web.servlet.WebDriverContextCustomizerFactory$Customizer@336365bc], contextLoader = 'org.springframework.test.context.support.DelegatingSmartContextLoader', parent = [null]]]
23:42:52.175 [main] DEBUG org.springframework.test.context.cache - Spring test ApplicationContext cache statistics: [DefaultContextCache@1adf387e size = 1, maxSize = 32, parentContextCount = 0, hitCount = 6, missCount = 1]
23:42:52.178 [main] DEBUG org.springframework.beans.factory.annotation.InjectionMetadata - Processing injected element of bean 'edu.tamu.iiif.service.fedora.FedoraSequenceManifestServiceTest': AutowiredFieldElement for private org.springframework.core.io.Resource edu.tamu.iiif.service.fedora.FedoraSequenceManifestServiceTest.rdf
23:42:52.179 [main] DEBUG org.springframework.beans.factory.annotation.InjectionMetadata - Processing injected element of bean 'edu.tamu.iiif.service.fedora.FedoraSequenceManifestServiceTest': AutowiredFieldElement for private org.springframework.core.io.Resource edu.tamu.iiif.service.fedora.FedoraSequenceManifestServiceTest.proxy0Rdf
23:42:52.179 [main] DEBUG org.springframework.beans.factory.annotation.InjectionMetadata - Processing injected element of bean 'edu.tamu.iiif.service.fedora.FedoraSequenceManifestServiceTest': AutowiredFieldElement for private org.springframework.core.io.Resource edu.tamu.iiif.service.fedora.FedoraSequenceManifestServiceTest.proxy1Rdf
23:42:52.179 [main] DEBUG org.springframework.beans.factory.annotation.InjectionMetadata - Processing injected element of bean 'edu.tamu.iiif.service.fedora.FedoraSequenceManifestServiceTest': AutowiredFieldElement for private org.springframework.core.io.Resource edu.tamu.iiif.service.fedora.FedoraSequenceManifestServiceTest.image0
23:42:52.180 [main] DEBUG org.springframework.beans.factory.annotation.InjectionMetadata - Processing injected element of bean 'edu.tamu.iiif.service.fedora.FedoraSequenceManifestServiceTest': AutowiredFieldElement for private org.springframework.core.io.Resource edu.tamu.iiif.service.fedora.FedoraSequenceManifestServiceTest.image1
23:42:52.180 [main] DEBUG org.springframework.beans.factory.annotation.InjectionMetadata - Processing injected element of bean 'edu.tamu.iiif.service.fedora.FedoraSequenceManifestServiceTest': AutowiredFieldElement for private org.springframework.core.io.Resource edu.tamu.iiif.service.fedora.FedoraSequenceManifestServiceTest.sequence
23:42:52.185 [main] DEBUG org.springframework.test.context.support.AbstractDirtiesContextTestExecutionListener - Before test method: context [DefaultTestContext@4b7cb8a0 testClass = FedoraSequenceManifestServiceTest, testInstance = edu.tamu.iiif.service.fedora.FedoraSequenceManifestServiceTest@240af9dc, testMethod = testGetManifest@FedoraSequenceManifestServiceTest, testException = [null], mergedContextConfiguration = [MergedContextConfiguration@78b424f9 testClass = FedoraSequenceManifestServiceTest, locations = '{}', classes = '{}', contextInitializerClasses = '[]', activeProfiles = '{}', propertySourceLocations = '{}', propertySourceProperties = '{}', contextCustomizers = set[org.springframework.boot.test.context.filter.ExcludeFilterContextCustomizer@102d92c4, org.springframework.boot.test.json.DuplicateJsonObjectContextCustomizerFactory$DuplicateJsonObjectContextCustomizer@79767781, org.springframework.boot.test.mock.mockito.MockitoContextCustomizer@0, org.springframework.boot.test.autoconfigure.properties.PropertyMappingContextCustomizer@0, org.springframework.boot.test.autoconfigure.web.servlet.WebDriverContextCustomizerFactory$Customizer@336365bc], contextLoader = 'org.springframework.test.context.support.DelegatingSmartContextLoader', parent = [null]]], class annotated with @DirtiesContext [false] with mode [null], method annotated with @DirtiesContext [false] with mode [null].
23:42:52.186 [main] DEBUG org.springframework.test.context.cache.DefaultCacheAwareContextLoaderDelegate - Retrieved ApplicationContext from cache with key [[MergedContextConfiguration@78b424f9 testClass = FedoraSequenceManifestServiceTest, locations = '{}', classes = '{}', contextInitializerClasses = '[]', activeProfiles = '{}', propertySourceLocations = '{}', propertySourceProperties = '{}', contextCustomizers = set[org.springframework.boot.test.context.filter.ExcludeFilterContextCustomizer@102d92c4, org.springframework.boot.test.json.DuplicateJsonObjectContextCustomizerFactory$DuplicateJsonObjectContextCustomizer@79767781, org.springframework.boot.test.mock.mockito.MockitoContextCustomizer@0, org.springframework.boot.test.autoconfigure.properties.PropertyMappingContextCustomizer@0, org.springframework.boot.test.autoconfigure.web.servlet.WebDriverContextCustomizerFactory$Customizer@336365bc], contextLoader = 'org.springframework.test.context.support.DelegatingSmartContextLoader', parent = [null]]]
23:42:52.186 [main] DEBUG org.springframework.test.context.cache - Spring test ApplicationContext cache statistics: [DefaultContextCache@1adf387e size = 1, maxSize = 32, parentContextCount = 0, hitCount = 7, missCount = 1]
23:42:52.186 [main] DEBUG org.springframework.beans.factory.support.DefaultListableBeanFactory - Returning cached instance of singleton bean 'org.springframework.boot.test.mock.mockito.MockitoBeans'
23:42:52.190 [main] DEBUG org.springframework.test.util.ReflectionTestUtils - Setting field 'iiifServiceUrl' of type [null] on target object [edu.tamu.iiif.service.fedora.FedoraSequenceManifestService@3de0d61c] or target class [class edu.tamu.iiif.service.fedora.FedoraSequenceManifestService] to value [http://localhost:9003]
23:42:52.191 [main] DEBUG org.springframework.test.util.ReflectionTestUtils - Setting field 'imageServerUrl' of type [null] on target object [edu.tamu.iiif.service.fedora.FedoraSequenceManifestService@3de0d61c] or target class [class edu.tamu.iiif.service.fedora.FedoraSequenceManifestService] to value [http://localhost:8182/iiif/2]
23:42:52.191 [main] DEBUG org.springframework.test.util.ReflectionTestUtils - Setting field 'logoUrl' of type [null] on target object [edu.tamu.iiif.service.fedora.FedoraSequenceManifestService@3de0d61c] or target class [class edu.tamu.iiif.service.fedora.FedoraSequenceManifestService] to value [https://brandguide.tamu.edu/assets/downloads/logos/TAM-Logo.png]
23:42:52.191 [main] DEBUG org.springframework.test.util.ReflectionTestUtils - Setting field 'fedoraUrl' of type [null] on target object [edu.tamu.iiif.service.fedora.FedoraSequenceManifestService@3de0d61c] or target class [class edu.tamu.iiif.service.fedora.FedoraSequenceManifestService] to value [http://localhost:9000/fcrepo/rest]
23:42:52.191 [main] DEBUG org.springframework.test.util.ReflectionTestUtils - Setting field 'pcdmRdfExtUrl' of type [null] on target object [edu.tamu.iiif.service.fedora.FedoraSequenceManifestService@3de0d61c] or target class [class edu.tamu.iiif.service.fedora.FedoraSequenceManifestService] to value [http://localhost:9107/pcdm]
23:42:52.194 [main] INFO edu.tamu.iiif.service.AbstractManifestService - Generating new manifest.
23:42:52.261 [main] INFO edu.tamu.iiif.service.AbstractManifestService - Unable to get mime type: http://localhost:9000/fcrepo/rest/cars_pcdm_objects/chevy/pages/page_0/files/PTAR_800x400.png
23:42:52.279 [main] INFO edu.tamu.iiif.service.AbstractManifestService - Unable to get mime type: http://localhost:9000/fcrepo/rest/cars_pcdm_objects/chevy/pages/page_1/files/car2.jpg
23:42:52.291 [main] INFO edu.tamu.iiif.service.AbstractManifestService - Manifest requested: cars_pcdm_objects/chevy
23:42:52.296 [main] DEBUG org.springframework.test.context.cache.DefaultCacheAwareContextLoaderDelegate - Retrieved ApplicationContext from cache with key [[MergedContextConfiguration@78b424f9 testClass = FedoraSequenceManifestServiceTest, locations = '{}', classes = '{}', contextInitializerClasses = '[]', activeProfiles = '{}', propertySourceLocations = '{}', propertySourceProperties = '{}', contextCustomizers = set[org.springframework.boot.test.context.filter.ExcludeFilterContextCustomizer@102d92c4, org.springframework.boot.test.json.DuplicateJsonObjectContextCustomizerFactory$DuplicateJsonObjectContextCustomizer@79767781, org.springframework.boot.test.mock.mockito.MockitoContextCustomizer@0, org.springframework.boot.test.autoconfigure.properties.PropertyMappingContextCustomizer@0, org.springframework.boot.test.autoconfigure.web.servlet.WebDriverContextCustomizerFactory$Customizer@336365bc], contextLoader = 'org.springframework.test.context.support.DelegatingSmartContextLoader', parent = [null]]]
23:42:52.297 [main] DEBUG org.springframework.test.context.cache - Spring test ApplicationContext cache statistics: [DefaultContextCache@1adf387e size = 1, maxSize = 32, parentContextCount = 0, hitCount = 8, missCount = 1]
23:42:52.297 [main] DEBUG org.springframework.test.context.cache.DefaultCacheAwareContextLoaderDelegate - Retrieved ApplicationContext from cache with key [[MergedContextConfiguration@78b424f9 testClass = FedoraSequenceManifestServiceTest, locations = '{}', classes = '{}', contextInitializerClasses = '[]', activeProfiles = '{}', propertySourceLocations = '{}', propertySourceProperties = '{}', contextCustomizers = set[org.springframework.boot.test.context.filter.ExcludeFilterContextCustomizer@102d92c4, org.springframework.boot.test.json.DuplicateJsonObjectContextCustomizerFactory$DuplicateJsonObjectContextCustomizer@79767781, org.springframework.boot.test.mock.mockito.MockitoContextCustomizer@0, org.springframework.boot.test.autoconfigure.properties.PropertyMappingContextCustomizer@0, org.springframework.boot.test.autoconfigure.web.servlet.WebDriverContextCustomizerFactory$Customizer@336365bc], contextLoader = 'org.springframework.test.context.support.DelegatingSmartContextLoader', parent = [null]]]
23:42:52.297 [main] DEBUG org.springframework.test.context.cache - Spring test ApplicationContext cache statistics: [DefaultContextCache@1adf387e size = 1, maxSize = 32, parentContextCount = 0, hitCount = 9, missCount = 1]
23:42:52.298 [main] DEBUG org.springframework.test.context.cache.DefaultCacheAwareContextLoaderDelegate - Retrieved ApplicationContext from cache with key [[MergedContextConfiguration@78b424f9 testClass = FedoraSequenceManifestServiceTest, locations = '{}', classes = '{}', contextInitializerClasses = '[]', activeProfiles = '{}', propertySourceLocations = '{}', propertySourceProperties = '{}', contextCustomizers = set[org.springframework.boot.test.context.filter.ExcludeFilterContextCustomizer@102d92c4, org.springframework.boot.test.json.DuplicateJsonObjectContextCustomizerFactory$DuplicateJsonObjectContextCustomizer@79767781, org.springframework.boot.test.mock.mockito.MockitoContextCustomizer@0, org.springframework.boot.test.autoconfigure.properties.PropertyMappingContextCustomizer@0, org.springframework.boot.test.autoconfigure.web.servlet.WebDriverContextCustomizerFactory$Customizer@336365bc], contextLoader = 'org.springframework.test.context.support.DelegatingSmartContextLoader', parent = [null]]]
23:42:52.299 [main] DEBUG org.springframework.test.context.cache - Spring test ApplicationContext cache statistics: [DefaultContextCache@1adf387e size = 1, maxSize = 32, parentContextCount = 0, hitCount = 10, missCount = 1]
23:42:52.299 [main] DEBUG org.springframework.test.context.cache.DefaultCacheAwareContextLoaderDelegate - Retrieved ApplicationContext from cache with key [[MergedContextConfiguration@78b424f9 testClass = FedoraSequenceManifestServiceTest, locations = '{}', classes = '{}', contextInitializerClasses = '[]', activeProfiles = '{}', propertySourceLocations = '{}', propertySourceProperties = '{}', contextCustomizers = set[org.springframework.boot.test.context.filter.ExcludeFilterContextCustomizer@102d92c4, org.springframework.boot.test.json.DuplicateJsonObjectContextCustomizerFactory$DuplicateJsonObjectContextCustomizer@79767781, org.springframework.boot.test.mock.mockito.MockitoContextCustomizer@0, org.springframework.boot.test.autoconfigure.properties.PropertyMappingContextCustomizer@0, org.springframework.boot.test.autoconfigure.web.servlet.WebDriverContextCustomizerFactory$Customizer@336365bc], contextLoader = 'org.springframework.test.context.support.DelegatingSmartContextLoader', parent = [null]]]
23:42:52.299 [main] DEBUG org.springframework.test.context.cache - Spring test ApplicationContext cache statistics: [DefaultContextCache@1adf387e size = 1, maxSize = 32, parentContextCount = 0, hitCount = 11, missCount = 1]
23:42:52.299 [main] DEBUG org.springframework.beans.factory.support.DefaultListableBeanFactory - Returning cached instance of singleton bean 'org.springframework.boot.test.mock.mockito.MockitoBeans'
23:42:52.300 [main] DEBUG org.springframework.test.context.support.AbstractDirtiesContextTestExecutionListener - After test method: context [DefaultTestContext@4b7cb8a0 testClass = FedoraSequenceManifestServiceTest, testInstance = edu.tamu.iiif.service.fedora.FedoraSequenceManifestServiceTest@240af9dc, testMethod = testGetManifest@FedoraSequenceManifestServiceTest, testException = java.lang.AssertionError: expected:<{"@id":"http://localhost:9003/fedora/sequence?context=cars_pcdm_objects/chevy","@type":"sc:Sequence","canvases":[{"@id":"http://localhost:9003/fedora/canvas?context=cars_pcdm_objects/chevy/pages/page_0","@type":"sc:Canvas","height":400,"images":[{"@id":"http://localhost:8182/iiif/2/ZmVkb3JhOmNhcnNfcGNkbV9vYmplY3RzL2NoZXZ5L3BhZ2VzL3BhZ2VfMC9maWxlcy9QVEFSXzgwMHg0MDAucG5n/info.json","@type":"oa:Annotation","motivation":"sc:painting","on":"http://localhost:9003/fedora/canvas?context=cars_pcdm_objects/chevy/pages/page_0","resource":{"@id":"http://localhost:8182/iiif/2/ZmVkb3JhOmNhcnNfcGNkbV9vYmplY3RzL2NoZXZ5L3BhZ2VzL3BhZ2VfMC9maWxlcy9QVEFSXzgwMHg0MDAucG5n/full/full/0/default.jpg","@type":"dctypes:Image","height":400,"service":{"label":"Fedora IIIF Image Resource Service","profile":"http://iiif.io/api/image/2/level0.json","@context":"http://iiif.io/api/image/2/context.json","@id":"http://localhost:8182/iiif/2/ZmVkb3JhOmNhcnNfcGNkbV9vYmplY3RzL2NoZXZ5L3BhZ2VzL3BhZ2VfMC9maWxlcy9QVEFSXzgwMHg0MDAucG5n"},"width":800}}],"label":"fedora:cars_pcdm_objects/chevy/pages/page_0","metadata":[],"width":800},{"@id":"http://localhost:9003/fedora/canvas?context=cars_pcdm_objects/chevy/pages/page_1","@type":"sc:Canvas","height":1080,"images":[{"@id":"http://localhost:8182/iiif/2/ZmVkb3JhOmNhcnNfcGNkbV9vYmplY3RzL2NoZXZ5L3BhZ2VzL3BhZ2VfMS9maWxlcy9jYXIyLmpwZw==/info.json","@type":"oa:Annotation","motivation":"sc:painting","on":"http://localhost:9003/fedora/canvas?context=cars_pcdm_objects/chevy/pages/page_1","resource":{"@id":"http://localhost:8182/iiif/2/ZmVkb3JhOmNhcnNfcGNkbV9vYmplY3RzL2NoZXZ5L3BhZ2VzL3BhZ2VfMS9maWxlcy9jYXIyLmpwZw==/full/full/0/default.jpg","@type":"dctypes:Image","height":1080,"service":{"label":"Fedora IIIF Image Resource Service","profile":"http://iiif.io/api/image/2/level0.json","@context":"http://iiif.io/api/image/2/context.json","@id":"http://localhost:8182/iiif/2/ZmVkb3JhOmNhcnNfcGNkbV9vYmplY3RzL2NoZXZ5L3BhZ2VzL3BhZ2VfMS9maWxlcy9jYXIyLmpwZw=="},"width":1920}}],"label":"fedora:cars_pcdm_objects/chevy/pages/page_1","metadata":[],"width":1920}],"label":"fedora:cars_pcdm_objects/chevy"}> but was:<{"canvases":[{"height":0,"images":[],"label":"fedora:cars_pcdm_objects/chevy/pages/page_0","metadata":[],"width":0,"@type":"sc:Canvas","@id":"http://localhost:9003/fedora/canvas?context=cars_pcdm_objects/chevy/pages/page_0"},{"height":0,"images":[],"label":"fedora:cars_pcdm_objects/chevy/pages/page_1","metadata":[],"width":0,"@type":"sc:Canvas","@id":"http://localhost:9003/fedora/canvas?context=cars_pcdm_objects/chevy/pages/page_1"}],"label":"fedora:cars_pcdm_objects/chevy","@type":"sc:Sequence","@id":"http://localhost:9003/fedora/sequence?context=cars_pcdm_objects/chevy"}>, mergedContextConfiguration = [MergedContextConfiguration@78b424f9 testClass = FedoraSequenceManifestServiceTest, locations = '{}', classes = '{}', contextInitializerClasses = '[]', activeProfiles = '{}', propertySourceLocations = '{}', propertySourceProperties = '{}', contextCustomizers = set[org.springframework.boot.test.context.filter.ExcludeFilterContextCustomizer@102d92c4, org.springframework.boot.test.json.DuplicateJsonObjectContextCustomizerFactory$DuplicateJsonObjectContextCustomizer@79767781, org.springframework.boot.test.mock.mockito.MockitoContextCustomizer@0, org.springframework.boot.test.autoconfigure.properties.PropertyMappingContextCustomizer@0, org.springframework.boot.test.autoconfigure.web.servlet.WebDriverContextCustomizerFactory$Customizer@336365bc], contextLoader = 'org.springframework.test.context.support.DelegatingSmartContextLoader', parent = [null]]], class annotated with @DirtiesContext [false] with mode [null], method annotated with @DirtiesContext [false] with mode [null].
]]></system-out>
  </testcase>
</testsuite>