<?xml version="1.0" encoding="UTF-8"?>
<testsuite xmlns:xsi="http://www.w3.org/2001/XMLSchema-instance" xsi:schemaLocation="https://maven.apache.org/surefire/maven-surefire-plugin/xsd/surefire-test-report.xsd" name="org.corfudb.runtime.view.ManagementViewTest" time="128.069" tests="19" errors="0" skipped="0" failures="2">
  <properties>
    <property name="java.vendor" value="Oracle Corporation"/>
    <property name="sun.java.launcher" value="SUN_STANDARD"/>
    <property name="sun.management.compiler" value="HotSpot 64-Bit Tiered Compilers"/>
    <property name="os.name" value="Linux"/>
    <property name="sun.boot.class.path" value="/usr/lib/jvm/java-8-openjdk-amd64/jre/lib/resources.jar:/usr/lib/jvm/java-8-openjdk-amd64/jre/lib/rt.jar:/usr/lib/jvm/java-8-openjdk-amd64/jre/lib/sunrsasign.jar:/usr/lib/jvm/java-8-openjdk-amd64/jre/lib/jsse.jar:/usr/lib/jvm/java-8-openjdk-amd64/jre/lib/jce.jar:/usr/lib/jvm/java-8-openjdk-amd64/jre/lib/charsets.jar:/usr/lib/jvm/java-8-openjdk-amd64/jre/lib/jfr.jar:/usr/lib/jvm/java-8-openjdk-amd64/jre/classes"/>
    <property name="cobertura.skip" value="true"/>
    <property name="findbugs.skip" value="true"/>
    <property name="java.vm.specification.vendor" value="Oracle Corporation"/>
    <property name="java.runtime.version" value="1.8.0_121-8u121-b13-1~bpo8+1-b13"/>
    <property name="user.name" value="root"/>
    <property name="guice.disable.misplaced.annotation.check" value="true"/>
    <property name="maven.repo.local" value="/root/./workspace/CorfuDB/CorfuDB/388028975/.m2"/>
    <property name="user.language" value="en"/>
    <property name="sun.boot.library.path" value="/usr/lib/jvm/java-8-openjdk-amd64/jre/lib/amd64"/>
    <property name="classworlds.conf" value="/usr/share/maven/bin/m2.conf"/>
    <property name="java.version" value="1.8.0_121"/>
    <property name="user.timezone" value="Europe/Paris"/>
    <property name="rat.skip" value="true"/>
    <property name="sun.arch.data.model" value="64"/>
    <property name="java.endorsed.dirs" value="/usr/lib/jvm/java-8-openjdk-amd64/jre/lib/endorsed"/>
    <property name="sun.cpu.isalist" value=""/>
    <property name="sun.jnu.encoding" value="UTF-8"/>
    <property name="file.encoding.pkg" value="sun.io"/>
    <property name="file.separator" value="/"/>
    <property name="java.specification.name" value="Java Platform API Specification"/>
    <property name="java.class.version" value="52.0"/>
    <property name="checkstyle.skip" value="true"/>
    <property name="securerandom.source" value="file:/dev/./urandom"/>
    <property name="java.home" value="/usr/lib/jvm/java-8-openjdk-amd64/jre"/>
    <property name="java.vm.info" value="mixed mode"/>
    <property name="os.version" value="3.10.0-862.3.2.el7.x86_64"/>
    <property name="org.slf4j.simpleLogger.showThreadName" value="false"/>
    <property name="path.separator" value=":"/>
    <property name="java.vm.version" value="25.121-b13"/>
    <property name="gpg.skip" value="true"/>
    <property name="java.awt.printerjob" value="sun.print.PSPrinterJob"/>
    <property name="sun.io.unicode.encoding" value="UnicodeLittle"/>
    <property name="os.detected.version" value="3.10"/>
    <property name="awt.toolkit" value="sun.awt.X11.XToolkit"/>
    <property name="os.detected.release" value="debian"/>
    <property name="user.home" value="/root"/>
    <property name="java.specification.vendor" value="Oracle Corporation"/>
    <property name="java.library.path" value="/usr/java/packages/lib/amd64:/usr/lib/x86_64-linux-gnu/jni:/lib/x86_64-linux-gnu:/usr/lib/x86_64-linux-gnu:/usr/lib/jni:/lib:/usr/lib"/>
    <property name="java.vendor.url" value="http://java.oracle.com/"/>
    <property name="java.vm.vendor" value="Oracle Corporation"/>
    <property name="os.detected.release.like.debian" value="true"/>
    <property name="dependency-check.skip" value="true"/>
    <property name="maven.home" value="/usr/share/maven"/>
    <property name="java.runtime.name" value="OpenJDK Runtime Environment"/>
    <property name="sun.java.command" value="org.codehaus.plexus.classworlds.launcher.Launcher -B -D enforcer.skip=true -D dependency-check.skip=true -D skipITs=true -D cobertura.skip=true -D maven.repo.local=/root/./workspace/CorfuDB/CorfuDB/388028975/.m2 -D rat.skip=true -D findbugs.skip=true -D skip.bower=true -D gpg.skip=true -D checkstyle.skip=true -D skip.gulp=true -D license.skip=true -D skip.npm=true test"/>
    <property name="java.class.path" value="/usr/share/maven/boot/plexus-classworlds-2.5.2.jar"/>
    <property name="os.detected.arch" value="x86_64"/>
    <property name="java.vm.specification.name" value="Java Virtual Machine Specification"/>
    <property name="java.vm.specification.version" value="1.8"/>
    <property name="sun.cpu.endian" value="little"/>
    <property name="sun.os.patch.level" value="unknown"/>
    <property name="os.detected.classifier" value="linux-x86_64"/>
    <property name="java.io.tmpdir" value="/tmp"/>
    <property name="java.vendor.url.bug" value="http://bugreport.sun.com/bugreport/"/>
    <property name="maven.multiModuleProjectDirectory" value="/root/workspace/CorfuDB/CorfuDB/388028975"/>
    <property name="os.arch" value="amd64"/>
    <property name="java.awt.graphicsenv" value="sun.awt.X11GraphicsEnvironment"/>
    <property name="java.ext.dirs" value="/usr/lib/jvm/java-8-openjdk-amd64/jre/lib/ext:/usr/java/packages/lib/ext"/>
    <property name="os.detected.release.version" value="8"/>
    <property name="user.dir" value="/root/workspace/CorfuDB/CorfuDB/388028975"/>
    <property name="skipITs" value="true"/>
    <property name="line.separator" value="&#10;"/>
    <property name="java.vm.name" value="OpenJDK 64-Bit Server VM"/>
    <property name="enforcer.skip" value="true"/>
    <property name="skip.gulp" value="true"/>
    <property name="os.detected.version.major" value="3"/>
    <property name="skip.npm" value="true"/>
    <property name="skip.bower" value="true"/>
    <property name="file.encoding" value="UTF-8"/>
    <property name="os.detected.name" value="linux"/>
    <property name="license.skip" value="true"/>
    <property name="os.detected.version.minor" value="10"/>
    <property name="org.slf4j.simpleLogger.levelInBrackets" value="true"/>
    <property name="java.specification.version" value="1.8"/>
  </properties>
  <testcase name="sealDoesNotModifyClientEpoch" classname="org.corfudb.runtime.view.ManagementViewTest" time="3.125"/>
  <testcase name="ckSequencerFailoverTXResolution1" classname="org.corfudb.runtime.view.ManagementViewTest" time="9.098"/>
  <testcase name="regressTokenCountToValidDispatchedTokens" classname="org.corfudb.runtime.view.ManagementViewTest" time="3.11"/>
  <testcase name="testAddNodeWithoutCatchup" classname="org.corfudb.runtime.view.ManagementViewTest" time="1.041"/>
  <testcase name="handleTransientFailure" classname="org.corfudb.runtime.view.ManagementViewTest" time="8.359"/>
  <testcase name="unblockSealedCluster" classname="org.corfudb.runtime.view.ManagementViewTest" time="2.015"/>
  <testcase name="ckSequencerFailoverTXResolution" classname="org.corfudb.runtime.view.ManagementViewTest" time="8.075"/>
  <testcase name="invokeFailureHandler" classname="org.corfudb.runtime.view.ManagementViewTest" time="6.621"/>
  <testcase name="blockRecoverySequencerUntilReset" classname="org.corfudb.runtime.view.ManagementViewTest" time="11.381"/>
  <testcase name="handleUnBootstrappedSequencer" classname="org.corfudb.runtime.view.ManagementViewTest" time="7.051"/>
  <testcase name="verifyStateTransferAndMergeInHeal" classname="org.corfudb.runtime.view.ManagementViewTest" time="12.551"/>
  <testcase name="testSequencerFailover" classname="org.corfudb.runtime.view.ManagementViewTest" time="9.928">
    <failure message="expected:&lt;...ers=[test:0], epoch=[2], clusterId=84a9054f...&gt; but was:&lt;...ers=[test:0], epoch=[3], clusterId=84a9054f...&gt;" type="org.junit.ComparisonFailure"><![CDATA[org.junit.ComparisonFailure: expected:<...ers=[test:0], epoch=[2], clusterId=84a9054f...> but was:<...ers=[test:0], epoch=[3], clusterId=84a9054f...>
	at sun.reflect.NativeConstructorAccessorImpl.newInstance0(Native Method)
	at sun.reflect.NativeConstructorAccessorImpl.newInstance(NativeConstructorAccessorImpl.java:62)
	at sun.reflect.DelegatingConstructorAccessorImpl.newInstance(DelegatingConstructorAccessorImpl.java:45)
	at org.corfudb.runtime.view.ManagementViewTest.testSequencerFailover(ManagementViewTest.java:559)
	at sun.reflect.NativeMethodAccessorImpl.invoke0(Native Method)
	at sun.reflect.NativeMethodAccessorImpl.invoke(NativeMethodAccessorImpl.java:62)
	at sun.reflect.DelegatingMethodAccessorImpl.invoke(DelegatingMethodAccessorImpl.java:43)
	at java.lang.reflect.Method.invoke(Method.java:498)
	at org.junit.runners.model.FrameworkMethod$1.runReflectiveCall(FrameworkMethod.java:50)
	at org.junit.internal.runners.model.ReflectiveCallable.run(ReflectiveCallable.java:12)
	at org.junit.runners.model.FrameworkMethod.invokeExplosively(FrameworkMethod.java:47)
	at org.junit.internal.runners.statements.InvokeMethod.evaluate(InvokeMethod.java:17)
	at org.junit.internal.runners.statements.RunBefores.evaluate(RunBefores.java:26)
	at org.junit.internal.runners.statements.RunAfters.evaluate(RunAfters.java:27)
	at org.corfudb.AbstractCorfuTest$1$1.lambda$evaluate$0(AbstractCorfuTest.java:105)
	at java.lang.Thread.run(Thread.java:745)
]]></failure>
    <system-out><![CDATA[testSequencerFailover                                       [&amp#27;[31mFAIL&amp#27;[m - ComparisonFailure:L559]
&amp#27;[36;1mActive Threads At Test Failure&amp#27;[m
Thread name                              Method
test:35062-worker-0                      io.netty.channel.epoll.Native:epollWait0
test:40850-accept-0                      io.netty.channel.epoll.Native:epollWait0
test:46627-accept-0                      io.netty.channel.epoll.Native:epollWait0
test:35062-accept-0                      io.netty.channel.epoll.Native:epollWait0
test:35062-worker-10                     io.netty.channel.epoll.Native:epollWait0
test:35062-worker-14                     io.netty.channel.epoll.Native:epollWait0
testChannel-2                            sun.misc.Unsafe:park
test:35062-worker-9                      io.netty.channel.epoll.Native:epollWait0
LogUnit-Write-Processor-0                sun.misc.Unsafe:park
testChannel-0                            sun.misc.Unsafe:park
test:35062-worker-2                      io.netty.channel.epoll.Native:epollWait0
test:35062-worker-1                      io.netty.channel.epoll.Native:epollWait0
test:37844-accept-0                      io.netty.channel.epoll.Native:epollWait0
test:37844-worker-12                     io.netty.channel.epoll.Native:epollWait0
LogUnit-Write-Processor-0                sun.misc.Unsafe:park
test:44846-worker-9                      io.netty.channel.epoll.Native:epollWait0
failAfter-0                              sun.misc.Unsafe:park
SharedServerThread-7                     sun.misc.Unsafe:park
test:44038-worker-3                      io.netty.channel.epoll.Native:epollWait0
test:46501-worker-0                      io.netty.channel.epoll.Native:epollWait0
LogUnit-Write-Processor-0                sun.misc.Unsafe:park
test:44846-worker-12                     io.netty.channel.epoll.Native:epollWait0
test:44038-worker-4                      io.netty.channel.epoll.Native:epollWait0
test:37844-worker-1                      io.netty.channel.epoll.Native:epollWait0
test:44135-worker-3                      io.netty.channel.epoll.Native:epollWait0
test:37844-worker-6                      io.netty.channel.epoll.Native:epollWait0
test:44527-worker-0                      io.netty.channel.epoll.Native:epollWait0
test:37844-worker-9                      io.netty.channel.epoll.Native:epollWait0
test:44038-worker-7                      io.netty.channel.epoll.Native:epollWait0
test:37844-worker-0                      io.netty.channel.epoll.Native:epollWait0
ForkJoinPool.commonPool-worker-6         sun.misc.Unsafe:park
test:35062-worker-11                     io.netty.channel.epoll.Native:epollWait0
test:44135-worker-5                      io.netty.channel.epoll.Native:epollWait0
test:45737-accept-0                      io.netty.channel.epoll.Native:epollWait0
SharedServerThread-6                     sun.misc.Unsafe:park
test:33323-worker-0                      io.netty.channel.epoll.Native:epollWait0
test:44846-worker-10                     io.netty.channel.epoll.Native:epollWait0
test:35062-worker-6                      io.netty.channel.epoll.Native:epollWait0
test:44846-worker-0                      io.netty.channel.epoll.Native:epollWait0
test:44038-worker-2                      io.netty.channel.epoll.Native:epollWait0
test:44846-worker-8                      io.netty.channel.epoll.Native:epollWait0
test:33323-accept-0                      io.netty.channel.epoll.Native:epollWait0
test:35062-worker-12                     io.netty.channel.epoll.Native:epollWait0
test:44038-accept-0                      io.netty.channel.epoll.Native:epollWait0
ForkJoinPool.commonPool-worker-2         java.lang.Thread:sleep
test:37844-worker-13                     io.netty.channel.epoll.Native:epollWait0
test:37844-worker-10                     io.netty.channel.epoll.Native:epollWait0
test:44846-worker-13                     io.netty.channel.epoll.Native:epollWait0
test:40850-worker-0                      io.netty.channel.epoll.Native:epollWait0
last-ditch-daemon-shutdown-thread-30sec  sun.misc.Unsafe:park
test:44038-worker-1                      io.netty.channel.epoll.Native:epollWait0
testChannel-3                            sun.misc.Unsafe:park
test:44846-worker-4                      io.netty.channel.epoll.Native:epollWait0
test:37844-worker-8                      io.netty.channel.epoll.Native:epollWait0
test:35062-worker-5                      io.netty.channel.epoll.Native:epollWait0
test:44846-worker-2                      io.netty.channel.epoll.Native:epollWait0
test:37844-worker-7                      io.netty.channel.epoll.Native:epollWait0
test:37844-worker-4                      io.netty.channel.epoll.Native:epollWait0
LogUnit-Maintenance-0                    sun.misc.Unsafe:park
test:44038-worker-0                      io.netty.channel.epoll.Native:epollWait0
SharedServerThread-2                     sun.misc.Unsafe:park
test:44846-worker-5                      io.netty.channel.epoll.Native:epollWait0
test:38036-accept-0                      io.netty.channel.epoll.Native:epollWait0
test:37844-worker-15                     io.netty.channel.epoll.Native:epollWait0
LogUnit-Maintenance-0                    sun.misc.Unsafe:park
test:44846-worker-11                     io.netty.channel.epoll.Native:epollWait0
LogUnit-Maintenance-0                    sun.misc.Unsafe:park
SharedServerThread-4                     sun.misc.Unsafe:park
ForkJoinPool.commonPool-worker-3         sun.misc.Unsafe:park
test:44846-worker-14                     io.netty.channel.epoll.Native:epollWait0
testChannel-1                            sun.misc.Unsafe:park
SharedServerThread-10                    sun.misc.Unsafe:park
SharedServerThread-9                     sun.misc.Unsafe:park
LogUnit-Maintenance-0                    sun.misc.Unsafe:park
test:33191-accept-0                      io.netty.channel.epoll.Native:epollWait0
test:38036-worker-0                      io.netty.channel.epoll.Native:epollWait0
test:37844-worker-5                      io.netty.channel.epoll.Native:epollWait0
SharedServerThread-5                     sun.misc.Unsafe:park
test:35062-worker-4                      io.netty.channel.epoll.Native:epollWait0
test:33191-worker-0                      io.netty.channel.epoll.Native:epollWait0
test:44135-worker-0                      io.netty.channel.epoll.Native:epollWait0
threadDeathWatcher-2-1                   java.lang.Thread:sleep
surefire-forkedjvm-command-thread        java.io.FileInputStream:readBytes
SharedServerThread-8                     sun.misc.Unsafe:park
test:44135-worker-1                      io.netty.channel.epoll.Native:epollWait0
SharedServerThread-3                     sun.misc.Unsafe:park
test:45737-worker-0                      io.netty.channel.epoll.Native:epollWait0
test:35062-worker-15                     io.netty.channel.epoll.Native:epollWait0
test:35062-worker-8                      io.netty.channel.epoll.Native:epollWait0
ForkJoinPool.commonPool-worker-7         sun.misc.Unsafe:park
test:44846-accept-0                      io.netty.channel.epoll.Native:epollWait0
test:35062-worker-7                      io.netty.channel.epoll.Native:epollWait0
SharedServerThread-0                     sun.misc.Unsafe:park
test:44135-worker-2                      io.netty.channel.epoll.Native:epollWait0
ForkJoinPool.commonPool-worker-4         sun.misc.Unsafe:park
test:44038-worker-5                      io.netty.channel.epoll.Native:epollWait0
LogUnit-Write-Processor-0                sun.misc.Unsafe:park
Reference Handler                        java.lang.Object:wait
test:37844-worker-11                     io.netty.channel.epoll.Native:epollWait0
test:44527-accept-0                      io.netty.channel.epoll.Native:epollWait0
test:44135-worker-4                      io.netty.channel.epoll.Native:epollWait0
test:37844-worker-3                      io.netty.channel.epoll.Native:epollWait0
SharedServerThread-1                     sun.misc.Unsafe:park
test:40080-worker-0                      io.netty.channel.epoll.Native:epollWait0
test:37844-worker-2                      io.netty.channel.epoll.Native:epollWait0
test:44846-worker-7                      io.netty.channel.epoll.Native:epollWait0
test:44846-worker-15                     io.netty.channel.epoll.Native:epollWait0
test:35062-worker-3                      io.netty.channel.epoll.Native:epollWait0
test:44038-worker-6                      io.netty.channel.epoll.Native:epollWait0
test:46501-accept-0                      io.netty.channel.epoll.Native:epollWait0
Finalizer                                java.lang.Object:wait
test:35062-worker-13                     io.netty.channel.epoll.Native:epollWait0
Signal Dispatcher                        (no trace available)
test:40080-accept-0                      io.netty.channel.epoll.Native:epollWait0
test:44846-worker-1                      io.netty.channel.epoll.Native:epollWait0
test:44846-worker-6                      io.netty.channel.epoll.Native:epollWait0
test:44846-worker-3                      io.netty.channel.epoll.Native:epollWait0
test:46627-worker-0                      io.netty.channel.epoll.Native:epollWait0
ForkJoinPool.commonPool-worker-5         sun.misc.Unsafe:park
ForkJoinPool.commonPool-worker-1         java.lang.Thread:sleep
test:44135-accept-0                      io.netty.channel.epoll.Native:epollWait0
test:37844-worker-14                     io.netty.channel.epoll.Native:epollWait0
&amp#27;[36;1mLast 25 Logs Until Failure&amp#27;[m
21:16:46.433 &amp#27;[31mWARN &amp#27;[0;39m [test:1-DetectionWorker-1] &amp#27;[36mo.c.i.CorfuMsgHandler&amp#27;[0;39m - Server received HEARTBEAT_REQUEST but is shutdown.
 21:16:46.447 &amp#27;[34mINFO &amp#27;[0;39m [test:2-ManagementService] &amp#27;[36mo.c.i.ServerContext&amp#27;[0;39m - saveManagementLayout: Updated to new layout at epoch 3
 21:16:46.448 &amp#27;[31mWARN &amp#27;[0;39m [test:2-DetectionWorker-1] &amp#27;[36mo.c.i.CorfuMsgHandler&amp#27;[0;39m - Server received HEARTBEAT_REQUEST but is shutdown.
 21:16:46.534 &amp#27;[31mWARN &amp#27;[0;39m [ForkJoinPool.commonPool-worker-6] &amp#27;[36mo.c.r.CorfuRuntime&amp#27;[0;39m - Tried to get layout from test:0 but failed with exception:
 java.util.concurrent.ExecutionException: java.util.concurrent.TimeoutException
	at java.util.concurrent.CompletableFuture.reportGet(CompletableFuture.java:357)
	at java.util.concurrent.CompletableFuture.get(CompletableFuture.java:1895)
	at org.corfudb.runtime.CorfuRuntime.lambda$fetchLayout$6(CorfuRuntime.java:716)
Caused by: java.util.concurrent.TimeoutException: null
	at org.corfudb.util.CFUtils.<clinit>(CFUtils.java:96)
	at org.corfudb.AbstractCorfuTest$1$1.evaluate(AbstractCorfuTest.java:116)
	at org.junit.rules.RunRules.evaluate(RunRules.java:20)
21:16:46.534 &amp#27;[31mWARN &amp#27;[0;39m [test:1-DetectionWorker-1] &amp#27;[36mo.c.i.CorfuMsgHandler&amp#27;[0;39m - Server received HEARTBEAT_REQUEST but is shutdown.
 21:16:46.534 &amp#27;[34mINFO &amp#27;[0;39m [test:1-DetectionWorker-0] &amp#27;[36mo.c.i.ManagementAgent&amp#27;[0;39m - Attempting to bootstrap the primary sequencer.
 21:16:46.535 &amp#27;[34mINFO &amp#27;[0;39m [test:1-DetectionWorker-0] &amp#27;[36mo.c.r.FastObjectLoader&amp#27;[0;39m - loadMaps: Starting to resurrect maps
 21:16:46.535 &amp#27;[34mINFO &amp#27;[0;39m [test:1-DetectionWorker-0] &amp#27;[36mo.c.r.FastObjectLoader&amp#27;[0;39m - recoverSequencer: Resurrecting the stream tails
 21:16:46.536 &amp#27;[34mINFO &amp#27;[0;39m [test:1-DetectionWorker-0] &amp#27;[36mo.c.r.FastObjectLoader&amp#27;[0;39m - applyForEachAddress: read up to 0
 21:16:46.536 &amp#27;[34mINFO &amp#27;[0;39m [test:1-DetectionWorker-0] &amp#27;[36mo.c.r.FastObjectLoader&amp#27;[0;39m - loadMaps[startAddress: 0, stopAddress (included): 4, addressProcessed: 4]
 21:16:46.536 &amp#27;[34mINFO &amp#27;[0;39m [test:1-DetectionWorker-0] &amp#27;[36mo.c.r.FastObjectLoader&amp#27;[0;39m - loadMaps: Loading successful, Corfu maps are alive!
 21:16:46.537 &amp#27;[34mINFO &amp#27;[0;39m [test:1-DetectionWorker-0] &amp#27;[36mo.c.i.SequencerServer&amp#27;[0;39m - Sequencer already bootstrapped at epoch 3. Discarding bootstrap request with epoch 3
 21:16:46.537 &amp#27;[31mWARN &amp#27;[0;39m [test:1-DetectionWorker-0] &amp#27;[36mo.c.r.v.LayoutManagementView&amp#27;[0;39m - Sequencer bootstrap failed. Already bootstrapped.
 21:16:46.737 &amp#27;[31mWARN &amp#27;[0;39m [ForkJoinPool.commonPool-worker-1] &amp#27;[36mo.c.i.CorfuMsgHandler&amp#27;[0;39m - Server received LAYOUT_REQUEST but is shutdown.
 21:16:46.737 &amp#27;[31mWARN &amp#27;[0;39m [ForkJoinPool.commonPool-worker-1] &amp#27;[36mo.c.r.CorfuRuntime&amp#27;[0;39m - Tried to get layout from test:0 but failed with exception:
 java.util.concurrent.ExecutionException: org.corfudb.runtime.exceptions.ShutdownException
	at java.util.concurrent.CompletableFuture.reportGet(CompletableFuture.java:357)
	at java.util.concurrent.CompletableFuture.get(CompletableFuture.java:1895)
	at org.corfudb.runtime.CorfuRuntime.lambda$fetchLayout$6(CorfuRuntime.java:716)
Caused by: org.corfudb.runtime.exceptions.ShutdownException: null
	at org.corfudb.runtime.clients.BaseHandler.handleShutdownException(BaseHandler.java:155)
	at org.corfudb.runtime.clients.ClientMsgHandler.handle(ClientMsgHandler.java:76)
	at org.corfudb.runtime.clients.IClient.handleMessage(IClient.java:40)
21:16:46.737 &amp#27;[31mWARN &amp#27;[0;39m [ForkJoinPool.commonPool-worker-1] &amp#27;[36mo.c.r.CorfuRuntime&amp#27;[0;39m - Couldn't connect to any up-to-date layout servers, retrying in PT1S
 21:16:46.830 &amp#27;[31mWARN &amp#27;[0;39m [ForkJoinPool.commonPool-worker-2] &amp#27;[36mo.c.i.CorfuMsgHandler&amp#27;[0;39m - Server received LAYOUT_REQUEST but is shutdown.
 21:16:46.831 &amp#27;[31mWARN &amp#27;[0;39m [ForkJoinPool.commonPool-worker-2] &amp#27;[36mo.c.r.CorfuRuntime&amp#27;[0;39m - Tried to get layout from test:0 but failed with exception:
 java.util.concurrent.ExecutionException: org.corfudb.runtime.exceptions.ShutdownException
	at java.util.concurrent.CompletableFuture.reportGet(CompletableFuture.java:357)
	at java.util.concurrent.CompletableFuture.get(CompletableFuture.java:1895)
	at org.corfudb.runtime.CorfuRuntime.lambda$fetchLayout$6(CorfuRuntime.java:716)
Caused by: org.corfudb.runtime.exceptions.ShutdownException: null
	at org.corfudb.runtime.clients.BaseHandler.handleShutdownException(BaseHandler.java:155)
	at org.corfudb.runtime.clients.ClientMsgHandler.handle(ClientMsgHandler.java:76)
	at org.corfudb.runtime.clients.IClient.handleMessage(IClient.java:40)
21:16:46.831 &amp#27;[31mWARN &amp#27;[0;39m [ForkJoinPool.commonPool-worker-2] &amp#27;[36mo.c.r.CorfuRuntime&amp#27;[0;39m - Couldn't connect to any up-to-date layout servers, retrying in PT1S
 21:16:47.285 &amp#27;[34mINFO &amp#27;[0;39m [test-main] &amp#27;[36mo.c.i.o.Orchestrator&amp#27;[0;39m - Orchestrator shutting down.
 21:16:47.286 &amp#27;[34mINFO &amp#27;[0;39m [test-main] &amp#27;[36mo.c.i.ManagementAgent&amp#27;[0;39m - Management Agent shutting down.
 21:16:47.286 &amp#27;[34mINFO &amp#27;[0;39m [test-main] &amp#27;[36mo.c.i.o.Orchestrator&amp#27;[0;39m - Orchestrator shutting down.
 21:16:47.286 &amp#27;[34mINFO &amp#27;[0;39m [test-main] &amp#27;[36mo.c.i.ManagementAgent&amp#27;[0;39m - Management Agent shutting down.
 21:16:47.286 &amp#27;[34mINFO &amp#27;[0;39m [test-main] &amp#27;[36mo.c.i.o.Orchestrator&amp#27;[0;39m - Orchestrator shutting down.
 21:16:47.286 &amp#27;[34mINFO &amp#27;[0;39m [test-main] &amp#27;[36mo.c.i.ManagementAgent&amp#27;[0;39m - Management Agent shutting down.
 ]]></system-out>
  </testcase>
  <testcase name="queryClusterStatus" classname="org.corfudb.runtime.view.ManagementViewTest" time="11.753"/>
  <testcase name="testNodeHealing" classname="org.corfudb.runtime.view.ManagementViewTest" time="13.373"/>
  <testcase name="sequencerFailoverBackpointerCheck" classname="org.corfudb.runtime.view.ManagementViewTest" time="10.35"/>
  <testcase name="updateTrailingLayoutServers" classname="org.corfudb.runtime.view.ManagementViewTest" time="2.05"/>
  <testcase name="removeSingleNodeFailure" classname="org.corfudb.runtime.view.ManagementViewTest" time="7.067">
    <failure message="expected:&lt;[2]&gt; but was:&lt;[3]&gt;" type="org.junit.ComparisonFailure"><![CDATA[org.junit.ComparisonFailure: expected:<[2]> but was:<[3]>
	at sun.reflect.NativeConstructorAccessorImpl.newInstance0(Native Method)
	at sun.reflect.NativeConstructorAccessorImpl.newInstance(NativeConstructorAccessorImpl.java:62)
	at sun.reflect.DelegatingConstructorAccessorImpl.newInstance(DelegatingConstructorAccessorImpl.java:45)
	at org.corfudb.runtime.view.ManagementViewTest.removeSingleNodeFailure(ManagementViewTest.java:203)
	at sun.reflect.NativeMethodAccessorImpl.invoke0(Native Method)
	at sun.reflect.NativeMethodAccessorImpl.invoke(NativeMethodAccessorImpl.java:62)
	at sun.reflect.DelegatingMethodAccessorImpl.invoke(DelegatingMethodAccessorImpl.java:43)
	at java.lang.reflect.Method.invoke(Method.java:498)
	at org.junit.runners.model.FrameworkMethod$1.runReflectiveCall(FrameworkMethod.java:50)
	at org.junit.internal.runners.model.ReflectiveCallable.run(ReflectiveCallable.java:12)
	at org.junit.runners.model.FrameworkMethod.invokeExplosively(FrameworkMethod.java:47)
	at org.junit.internal.runners.statements.InvokeMethod.evaluate(InvokeMethod.java:17)
	at org.junit.internal.runners.statements.RunBefores.evaluate(RunBefores.java:26)
	at org.junit.internal.runners.statements.RunAfters.evaluate(RunAfters.java:27)
	at org.corfudb.AbstractCorfuTest$1$1.lambda$evaluate$0(AbstractCorfuTest.java:105)
	at java.lang.Thread.run(Thread.java:745)
]]></failure>
    <system-out><![CDATA[removeSingleNodeFailure                                     [&amp#27;[31mFAIL&amp#27;[m - ComparisonFailure:L203]
&amp#27;[36;1mActive Threads At Test Failure&amp#27;[m
Thread name                              Method
test:35062-worker-0                      io.netty.channel.epoll.Native:epollWait0
test:40850-accept-0                      io.netty.channel.epoll.Native:epollWait0
test:46627-accept-0                      io.netty.channel.epoll.Native:epollWait0
test:35062-accept-0                      io.netty.channel.epoll.Native:epollWait0
test:35062-worker-10                     io.netty.channel.epoll.Native:epollWait0
test:35062-worker-14                     io.netty.channel.epoll.Native:epollWait0
testChannel-2                            sun.misc.Unsafe:park
test:35062-worker-9                      io.netty.channel.epoll.Native:epollWait0
LogUnit-Write-Processor-0                sun.misc.Unsafe:park
testChannel-0                            sun.misc.Unsafe:park
test:35062-worker-2                      io.netty.channel.epoll.Native:epollWait0
test:35062-worker-1                      io.netty.channel.epoll.Native:epollWait0
test:37844-accept-0                      io.netty.channel.epoll.Native:epollWait0
test:37844-worker-12                     io.netty.channel.epoll.Native:epollWait0
LogUnit-Write-Processor-0                sun.misc.Unsafe:park
test:44846-worker-9                      io.netty.channel.epoll.Native:epollWait0
failAfter-0                              sun.misc.Unsafe:park
SharedServerThread-7                     sun.misc.Unsafe:park
test:44038-worker-3                      io.netty.channel.epoll.Native:epollWait0
test:46501-worker-0                      io.netty.channel.epoll.Native:epollWait0
LogUnit-Write-Processor-0                sun.misc.Unsafe:park
test:44846-worker-12                     io.netty.channel.epoll.Native:epollWait0
test:44038-worker-4                      io.netty.channel.epoll.Native:epollWait0
test:37844-worker-1                      io.netty.channel.epoll.Native:epollWait0
test:44135-worker-3                      io.netty.channel.epoll.Native:epollWait0
test:37844-worker-6                      io.netty.channel.epoll.Native:epollWait0
test:44527-worker-0                      io.netty.channel.epoll.Native:epollWait0
test:37844-worker-9                      io.netty.channel.epoll.Native:epollWait0
test:44038-worker-7                      io.netty.channel.epoll.Native:epollWait0
test:37844-worker-0                      io.netty.channel.epoll.Native:epollWait0
ForkJoinPool.commonPool-worker-6         sun.misc.Unsafe:park
test:35062-worker-11                     io.netty.channel.epoll.Native:epollWait0
test:44135-worker-5                      io.netty.channel.epoll.Native:epollWait0
test:45737-accept-0                      io.netty.channel.epoll.Native:epollWait0
SharedServerThread-6                     sun.misc.Unsafe:park
test:33323-worker-0                      io.netty.channel.epoll.Native:epollWait0
test:44846-worker-10                     io.netty.channel.epoll.Native:epollWait0
test:35062-worker-6                      io.netty.channel.epoll.Native:epollWait0
test:44846-worker-0                      io.netty.channel.epoll.Native:epollWait0
test:44038-worker-2                      io.netty.channel.epoll.Native:epollWait0
test:44846-worker-8                      io.netty.channel.epoll.Native:epollWait0
test:33323-accept-0                      io.netty.channel.epoll.Native:epollWait0
test:35062-worker-12                     io.netty.channel.epoll.Native:epollWait0
test:44038-accept-0                      io.netty.channel.epoll.Native:epollWait0
ForkJoinPool.commonPool-worker-2         java.lang.Thread:sleep
test:37844-worker-13                     io.netty.channel.epoll.Native:epollWait0
test:37844-worker-10                     io.netty.channel.epoll.Native:epollWait0
test:44846-worker-13                     io.netty.channel.epoll.Native:epollWait0
test:40850-worker-0                      io.netty.channel.epoll.Native:epollWait0
last-ditch-daemon-shutdown-thread-30sec  sun.misc.Unsafe:park
test:44038-worker-1                      io.netty.channel.epoll.Native:epollWait0
testChannel-3                            sun.misc.Unsafe:park
test:44846-worker-4                      io.netty.channel.epoll.Native:epollWait0
test:37844-worker-8                      io.netty.channel.epoll.Native:epollWait0
test:35062-worker-5                      io.netty.channel.epoll.Native:epollWait0
test:44846-worker-2                      io.netty.channel.epoll.Native:epollWait0
test:37844-worker-7                      io.netty.channel.epoll.Native:epollWait0
test:37844-worker-4                      io.netty.channel.epoll.Native:epollWait0
LogUnit-Maintenance-0                    sun.misc.Unsafe:park
test:44038-worker-0                      io.netty.channel.epoll.Native:epollWait0
SharedServerThread-2                     sun.misc.Unsafe:park
test:44846-worker-5                      io.netty.channel.epoll.Native:epollWait0
test:38036-accept-0                      io.netty.channel.epoll.Native:epollWait0
test:37844-worker-15                     io.netty.channel.epoll.Native:epollWait0
LogUnit-Maintenance-0                    sun.misc.Unsafe:park
test:44846-worker-11                     io.netty.channel.epoll.Native:epollWait0
LogUnit-Maintenance-0                    sun.misc.Unsafe:park
SharedServerThread-4                     sun.misc.Unsafe:park
ForkJoinPool.commonPool-worker-3         sun.misc.Unsafe:park
test:44846-worker-14                     io.netty.channel.epoll.Native:epollWait0
testChannel-1                            sun.misc.Unsafe:park
SharedServerThread-10                    sun.misc.Unsafe:park
SharedServerThread-9                     sun.misc.Unsafe:park
LogUnit-Maintenance-0                    sun.misc.Unsafe:park
test:33191-accept-0                      io.netty.channel.epoll.Native:epollWait0
test:38036-worker-0                      io.netty.channel.epoll.Native:epollWait0
test:37844-worker-5                      io.netty.channel.epoll.Native:epollWait0
SharedServerThread-5                     sun.misc.Unsafe:park
test:35062-worker-4                      io.netty.channel.epoll.Native:epollWait0
test:33191-worker-0                      io.netty.channel.epoll.Native:epollWait0
test:44135-worker-0                      io.netty.channel.epoll.Native:epollWait0
threadDeathWatcher-2-1                   java.lang.Thread:sleep
surefire-forkedjvm-command-thread        java.io.FileInputStream:readBytes
SharedServerThread-8                     sun.misc.Unsafe:park
test:44135-worker-1                      io.netty.channel.epoll.Native:epollWait0
SharedServerThread-3                     sun.misc.Unsafe:park
test:45737-worker-0                      io.netty.channel.epoll.Native:epollWait0
test:35062-worker-15                     io.netty.channel.epoll.Native:epollWait0
test:35062-worker-8                      io.netty.channel.epoll.Native:epollWait0
ForkJoinPool.commonPool-worker-7         sun.misc.Unsafe:park
test:44846-accept-0                      io.netty.channel.epoll.Native:epollWait0
test:35062-worker-7                      io.netty.channel.epoll.Native:epollWait0
SharedServerThread-0                     sun.misc.Unsafe:park
test:44135-worker-2                      io.netty.channel.epoll.Native:epollWait0
ForkJoinPool.commonPool-worker-4         sun.misc.Unsafe:park
test:44038-worker-5                      io.netty.channel.epoll.Native:epollWait0
LogUnit-Write-Processor-0                sun.misc.Unsafe:park
Reference Handler                        java.lang.Object:wait
test:37844-worker-11                     io.netty.channel.epoll.Native:epollWait0
test:44527-accept-0                      io.netty.channel.epoll.Native:epollWait0
test:44135-worker-4                      io.netty.channel.epoll.Native:epollWait0
test:37844-worker-3                      io.netty.channel.epoll.Native:epollWait0
SharedServerThread-1                     sun.misc.Unsafe:park
test:40080-worker-0                      io.netty.channel.epoll.Native:epollWait0
test:37844-worker-2                      io.netty.channel.epoll.Native:epollWait0
test:44846-worker-7                      io.netty.channel.epoll.Native:epollWait0
test:44846-worker-15                     io.netty.channel.epoll.Native:epollWait0
test:35062-worker-3                      io.netty.channel.epoll.Native:epollWait0
test:44038-worker-6                      io.netty.channel.epoll.Native:epollWait0
test:46501-accept-0                      io.netty.channel.epoll.Native:epollWait0
Finalizer                                java.lang.Object:wait
test:35062-worker-13                     io.netty.channel.epoll.Native:epollWait0
Signal Dispatcher                        (no trace available)
test:40080-accept-0                      io.netty.channel.epoll.Native:epollWait0
test:44846-worker-1                      io.netty.channel.epoll.Native:epollWait0
test:44846-worker-6                      io.netty.channel.epoll.Native:epollWait0
test:44846-worker-3                      io.netty.channel.epoll.Native:epollWait0
test:46627-worker-0                      io.netty.channel.epoll.Native:epollWait0
ForkJoinPool.commonPool-worker-5         sun.misc.Unsafe:park
ForkJoinPool.commonPool-worker-1         java.lang.Thread:sleep
test:44135-accept-0                      io.netty.channel.epoll.Native:epollWait0
test:37844-worker-14                     io.netty.channel.epoll.Native:epollWait0
&amp#27;[36;1mLast 25 Logs Until Failure&amp#27;[m
21:17:31.690 &amp#27;[31mWARN &amp#27;[0;39m [ForkJoinPool.commonPool-worker-7] &amp#27;[36mo.c.r.CorfuRuntime&amp#27;[0;39m - Tried to get layout from test:1 but failed with exception:
 java.util.concurrent.ExecutionException: java.util.concurrent.TimeoutException
	at java.util.concurrent.CompletableFuture.reportGet(CompletableFuture.java:357)
	at java.util.concurrent.CompletableFuture.get(CompletableFuture.java:1895)
	at org.corfudb.runtime.CorfuRuntime.lambda$fetchLayout$6(CorfuRuntime.java:716)
Caused by: java.util.concurrent.TimeoutException: null
	at org.corfudb.util.CFUtils.<clinit>(CFUtils.java:96)
	at org.corfudb.AbstractCorfuTest$1$1.evaluate(AbstractCorfuTest.java:116)
	at org.junit.rules.RunRules.evaluate(RunRules.java:20)
21:17:31.701 &amp#27;[34mINFO &amp#27;[0;39m [test:2-DetectionWorker-1] &amp#27;[36mo.c.i.BaseServer&amp#27;[0;39m - handleMessageSetEpoch: Received SET_EPOCH, moving to new epoch 2
 21:17:31.701 &amp#27;[34mINFO &amp#27;[0;39m [test:2-DetectionWorker-1] &amp#27;[36mo.c.i.BaseServer&amp#27;[0;39m - handleMessageSetEpoch: Received SET_EPOCH, moving to new epoch 2
 21:17:31.702 &amp#27;[34mINFO &amp#27;[0;39m [test:2-DetectionWorker-1] &amp#27;[36mo.c.i.BaseServer&amp#27;[0;39m - handleMessageSetEpoch: Received SET_EPOCH, moving to new epoch 2
 21:17:31.702 &amp#27;[34mINFO &amp#27;[0;39m [test:2-DetectionWorker-1] &amp#27;[36mo.c.i.LayoutServer&amp#27;[0;39m - New layout committed: Layout(layoutServers=[test:0, test:1, test:2], sequencers=[test:0], segments=[Layout.LayoutSegment(replicationMode=CHAIN_REPLICATION, start=0, end=-1, stripes=[Layout.LayoutStripe(logServers=[test:0, test:2])])], unresponsiveServers=[], epoch=2, clusterId=null)
 21:17:31.773 &amp#27;[31mWARN &amp#27;[0;39m [ForkJoinPool.commonPool-worker-1] &amp#27;[36mo.c.i.CorfuMsgHandler&amp#27;[0;39m - Server received LAYOUT_REQUEST but is shutdown.
 21:17:31.774 &amp#27;[31mWARN &amp#27;[0;39m [ForkJoinPool.commonPool-worker-1] &amp#27;[36mo.c.r.CorfuRuntime&amp#27;[0;39m - Tried to get layout from test:0 but failed with exception:
 java.util.concurrent.ExecutionException: org.corfudb.runtime.exceptions.ShutdownException
	at java.util.concurrent.CompletableFuture.reportGet(CompletableFuture.java:357)
	at java.util.concurrent.CompletableFuture.get(CompletableFuture.java:1895)
	at org.corfudb.runtime.CorfuRuntime.lambda$fetchLayout$6(CorfuRuntime.java:716)
Caused by: org.corfudb.runtime.exceptions.ShutdownException: null
	at org.corfudb.runtime.clients.BaseHandler.handleShutdownException(BaseHandler.java:155)
	at org.corfudb.runtime.clients.ClientMsgHandler.handle(ClientMsgHandler.java:76)
	at org.corfudb.runtime.clients.IClient.handleMessage(IClient.java:40)
21:17:31.774 &amp#27;[31mWARN &amp#27;[0;39m [ForkJoinPool.commonPool-worker-1] &amp#27;[36mo.c.r.CorfuRuntime&amp#27;[0;39m - Couldn't connect to any up-to-date layout servers, retrying in PT1S
 21:17:31.792 &amp#27;[34mINFO &amp#27;[0;39m [test-main] &amp#27;[36mo.c.i.o.Orchestrator&amp#27;[0;39m - Orchestrator shutting down.
 21:17:31.792 &amp#27;[31mWARN &amp#27;[0;39m [test:2-DetectionWorker-1] &amp#27;[36mo.c.i.ManagementAgent&amp#27;[0;39m - updateTrailingLayoutServers: layout fetch failed: {}
 java.lang.InterruptedException: null
	at java.util.concurrent.CompletableFuture.reportGet(CompletableFuture.java:347)
	at java.util.concurrent.CompletableFuture.get(CompletableFuture.java:1895)
	at org.corfudb.infrastructure.ManagementAgent.lambda$updateTrailingLayoutServers$6(ManagementAgent.java:759)
21:17:31.792 &amp#27;[34mINFO &amp#27;[0;39m [test:2-DetectionWorker-1] &amp#27;[36mo.c.i.LayoutServer&amp#27;[0;39m - New layout committed: Layout(layoutServers=[test:0, test:1, test:2], sequencers=[test:0], segments=[Layout.LayoutSegment(replicationMode=CHAIN_REPLICATION, start=0, end=-1, stripes=[Layout.LayoutStripe(logServers=[test:0, test:2])])], unresponsiveServers=[], epoch=2, clusterId=null)
 21:17:31.864 &amp#27;[31mWARN &amp#27;[0;39m [test:0-LocalMetricsPolling] &amp#27;[36mo.c.i.SequencerServer&amp#27;[0;39m - Rejecting msg at sequencer : sequencerStateEpoch:1, serverEpoch:2, msg:CorfuMsg(clientID=3440c44f-6783-30d7-b7f3-b0902f4e132e, requestID=12, epoch=2, buf=UnpooledByteBufAllocator$InstrumentedUnpooledUnsafeHeapByteBuf(freed), msgType=SEQUENCER_METRICS_REQUEST)
 21:17:31.871 &amp#27;[31mWARN &amp#27;[0;39m [ForkJoinPool.commonPool-worker-2] &amp#27;[36mo.c.i.CorfuMsgHandler&amp#27;[0;39m - Server received LAYOUT_REQUEST but is shutdown.
 21:17:31.872 &amp#27;[31mWARN &amp#27;[0;39m [ForkJoinPool.commonPool-worker-2] &amp#27;[36mo.c.r.CorfuRuntime&amp#27;[0;39m - Tried to get layout from test:0 but failed with exception:
 java.util.concurrent.ExecutionException: org.corfudb.runtime.exceptions.ShutdownException
	at java.util.concurrent.CompletableFuture.reportGet(CompletableFuture.java:357)
	at java.util.concurrent.CompletableFuture.get(CompletableFuture.java:1895)
	at org.corfudb.runtime.CorfuRuntime.lambda$fetchLayout$6(CorfuRuntime.java:716)
Caused by: org.corfudb.runtime.exceptions.ShutdownException: null
	at org.corfudb.runtime.clients.BaseHandler.handleShutdownException(BaseHandler.java:155)
	at org.corfudb.runtime.clients.ClientMsgHandler.handle(ClientMsgHandler.java:76)
	at org.corfudb.runtime.clients.IClient.handleMessage(IClient.java:40)
21:17:31.872 &amp#27;[31mWARN &amp#27;[0;39m [ForkJoinPool.commonPool-worker-2] &amp#27;[36mo.c.r.CorfuRuntime&amp#27;[0;39m - Couldn't connect to any up-to-date layout servers, retrying in PT1S
 21:17:31.893 &amp#27;[1;31mERROR&amp#27;[0;39m [test:2-DetectionWorker-1] &amp#27;[36mo.c.i.ManagementAgent&amp#27;[0;39m - Updating layout servers failed due to : {}
 java.util.concurrent.ExecutionException: java.util.concurrent.TimeoutException
	at java.util.concurrent.CompletableFuture.reportGet(CompletableFuture.java:357)
	at java.util.concurrent.CompletableFuture.get(CompletableFuture.java:1895)
	at org.corfudb.infrastructure.ManagementAgent.lambda$updateTrailingLayoutServers$6(ManagementAgent.java:776)
Caused by: java.util.concurrent.TimeoutException: null
	at org.corfudb.util.CFUtils.<clinit>(CFUtils.java:96)
	at org.corfudb.AbstractCorfuTest$1$1.evaluate(AbstractCorfuTest.java:116)
	at org.junit.rules.RunRules.evaluate(RunRules.java:20)
21:17:31.893 &amp#27;[34mINFO &amp#27;[0;39m [test:2-DetectionWorker-1] &amp#27;[36mo.c.i.LayoutServer&amp#27;[0;39m - New layout committed: Layout(layoutServers=[test:0, test:1, test:2], sequencers=[test:0], segments=[Layout.LayoutSegment(replicationMode=CHAIN_REPLICATION, start=0, end=-1, stripes=[Layout.LayoutStripe(logServers=[test:0, test:2])])], unresponsiveServers=[], epoch=2, clusterId=null)
 21:17:31.893 &amp#27;[34mINFO &amp#27;[0;39m [test:2-DetectionWorker-1] &amp#27;[36mo.c.i.ManagementAgent&amp#27;[0;39m - Detected changes in node responsiveness: Failed:[test:1], pollReport:PollReport(pollEpoch=1, failingNodes=[test:1], healingNodes=null, outOfPhaseEpochNodes={test:2=2, test:0=2}, nodeViewMap={test:2=NodeView(endpoint=tcp://test:2/, serverMetrics=ServerMetrics(endpoint=tcp://test:2/, sequencerMetrics=SequencerMetrics(sequencerStatus=UNKNOWN)), networkMetrics=NetworkMetrics(epoch=1, peerConnectivityView={})), test:0=NodeView(endpoint=tcp://test:0/, serverMetrics=ServerMetrics(endpoint=tcp://test:0/, sequencerMetrics=SequencerMetrics(sequencerStatus=READY)), networkMetrics=NetworkMetrics(epoch=1, peerConnectivityView={}))})
 21:17:31.894 &amp#27;[31mWARN &amp#27;[0;39m [test:2-DetectionWorker-1] &amp#27;[36mo.c.i.CorfuMsgHandler&amp#27;[0;39m - Server received MANAGEMENT_FAILURE_DETECTED but is shutdown.
 21:17:31.894 &amp#27;[1;31mERROR&amp#27;[0;39m [test:2-DetectionWorker-1] &amp#27;[36mo.c.i.ManagementAgent&amp#27;[0;39m - Exception invoking failure handler : {}
 java.util.concurrent.ExecutionException: org.corfudb.runtime.exceptions.ShutdownException
	at java.util.concurrent.CompletableFuture.reportGet(CompletableFuture.java:357)
	at java.util.concurrent.CompletableFuture.get(CompletableFuture.java:1895)
	at org.corfudb.infrastructure.ManagementAgent.handleFailures(ManagementAgent.java:629)
Caused by: org.corfudb.runtime.exceptions.ShutdownException: null
	at org.corfudb.runtime.clients.BaseHandler.handleShutdownException(BaseHandler.java:155)
	at org.corfudb.runtime.clients.ClientMsgHandler.handle(ClientMsgHandler.java:76)
	at org.corfudb.runtime.clients.IClient.handleMessage(IClient.java:40)
21:17:31.894 &amp#27;[34mINFO &amp#27;[0;39m [test-main] &amp#27;[36mo.c.i.ManagementAgent&amp#27;[0;39m - Management Agent shutting down.
 21:17:31.894 &amp#27;[34mINFO &amp#27;[0;39m [test-main] &amp#27;[36mo.c.i.o.Orchestrator&amp#27;[0;39m - Orchestrator shutting down.
 21:17:31.894 &amp#27;[34mINFO &amp#27;[0;39m [test-main] &amp#27;[36mo.c.i.ManagementAgent&amp#27;[0;39m - Management Agent shutting down.
 21:17:31.895 &amp#27;[34mINFO &amp#27;[0;39m [test-main] &amp#27;[36mo.c.i.o.Orchestrator&amp#27;[0;39m - Orchestrator shutting down.
 21:17:31.895 &amp#27;[34mINFO &amp#27;[0;39m [test-main] &amp#27;[36mo.c.i.ManagementAgent&amp#27;[0;39m - Management Agent shutting down.
 ]]></system-out>
  </testcase>
  <testcase name="verifyStateTransferAndMerge" classname="org.corfudb.runtime.view.ManagementViewTest" time="1.066"/>
  <testcase name="checkHeartbeat" classname="org.corfudb.runtime.view.ManagementViewTest" time="0.027"/>
</testsuite>