<?xml version="1.0" encoding="UTF-8"?>
<testsuite xmlns:xsi="http://www.w3.org/2001/XMLSchema-instance" xsi:schemaLocation="https://maven.apache.org/surefire/maven-surefire-plugin/xsd/surefire-test-report.xsd" name="org.corfudb.infrastructure.DataStoreTest" time="61.485" tests="6" errors="1" skipped="0" failures="0">
  <properties>
    <property name="java.vendor" value="Oracle Corporation"/>
    <property name="sun.java.launcher" value="SUN_STANDARD"/>
    <property name="sun.management.compiler" value="HotSpot 64-Bit Tiered Compilers"/>
    <property name="os.name" value="Linux"/>
    <property name="sun.boot.class.path" value="/usr/lib/jvm/java-8-openjdk-amd64/jre/lib/resources.jar:/usr/lib/jvm/java-8-openjdk-amd64/jre/lib/rt.jar:/usr/lib/jvm/java-8-openjdk-amd64/jre/lib/sunrsasign.jar:/usr/lib/jvm/java-8-openjdk-amd64/jre/lib/jsse.jar:/usr/lib/jvm/java-8-openjdk-amd64/jre/lib/jce.jar:/usr/lib/jvm/java-8-openjdk-amd64/jre/lib/charsets.jar:/usr/lib/jvm/java-8-openjdk-amd64/jre/lib/jfr.jar:/usr/lib/jvm/java-8-openjdk-amd64/jre/classes"/>
    <property name="cobertura.skip" value="true"/>
    <property name="findbugs.skip" value="true"/>
    <property name="java.vm.specification.vendor" value="Oracle Corporation"/>
    <property name="java.runtime.version" value="1.8.0_121-8u121-b13-1~bpo8+1-b13"/>
    <property name="user.name" value="root"/>
    <property name="guice.disable.misplaced.annotation.check" value="true"/>
    <property name="maven.repo.local" value="/root/./workspace/CorfuDB/CorfuDB/383940262/.m2"/>
    <property name="user.language" value="en"/>
    <property name="sun.boot.library.path" value="/usr/lib/jvm/java-8-openjdk-amd64/jre/lib/amd64"/>
    <property name="classworlds.conf" value="/usr/share/maven/bin/m2.conf"/>
    <property name="java.version" value="1.8.0_121"/>
    <property name="user.timezone" value="Europe/Paris"/>
    <property name="rat.skip" value="true"/>
    <property name="sun.arch.data.model" value="64"/>
    <property name="java.endorsed.dirs" value="/usr/lib/jvm/java-8-openjdk-amd64/jre/lib/endorsed"/>
    <property name="sun.cpu.isalist" value=""/>
    <property name="sun.jnu.encoding" value="UTF-8"/>
    <property name="file.encoding.pkg" value="sun.io"/>
    <property name="file.separator" value="/"/>
    <property name="java.specification.name" value="Java Platform API Specification"/>
    <property name="java.class.version" value="52.0"/>
    <property name="checkstyle.skip" value="true"/>
    <property name="securerandom.source" value="file:/dev/./urandom"/>
    <property name="java.home" value="/usr/lib/jvm/java-8-openjdk-amd64/jre"/>
    <property name="java.vm.info" value="mixed mode"/>
    <property name="os.version" value="3.10.0-862.3.2.el7.x86_64"/>
    <property name="org.slf4j.simpleLogger.showThreadName" value="false"/>
    <property name="path.separator" value=":"/>
    <property name="java.vm.version" value="25.121-b13"/>
    <property name="gpg.skip" value="true"/>
    <property name="java.awt.printerjob" value="sun.print.PSPrinterJob"/>
    <property name="sun.io.unicode.encoding" value="UnicodeLittle"/>
    <property name="os.detected.version" value="3.10"/>
    <property name="awt.toolkit" value="sun.awt.X11.XToolkit"/>
    <property name="os.detected.release" value="debian"/>
    <property name="user.home" value="/root"/>
    <property name="java.specification.vendor" value="Oracle Corporation"/>
    <property name="java.library.path" value="/usr/java/packages/lib/amd64:/usr/lib/x86_64-linux-gnu/jni:/lib/x86_64-linux-gnu:/usr/lib/x86_64-linux-gnu:/usr/lib/jni:/lib:/usr/lib"/>
    <property name="java.vendor.url" value="http://java.oracle.com/"/>
    <property name="java.vm.vendor" value="Oracle Corporation"/>
    <property name="os.detected.release.like.debian" value="true"/>
    <property name="dependency-check.skip" value="true"/>
    <property name="maven.home" value="/usr/share/maven"/>
    <property name="java.runtime.name" value="OpenJDK Runtime Environment"/>
    <property name="sun.java.command" value="org.codehaus.plexus.classworlds.launcher.Launcher -B -D enforcer.skip=true -D dependency-check.skip=true -D skipITs=true -D cobertura.skip=true -D maven.repo.local=/root/./workspace/CorfuDB/CorfuDB/383940262/.m2 -D rat.skip=true -D findbugs.skip=true -D skip.bower=true -D gpg.skip=true -D checkstyle.skip=true -D skip.gulp=true -D license.skip=true -D skip.npm=true test"/>
    <property name="java.class.path" value="/usr/share/maven/boot/plexus-classworlds-2.5.2.jar"/>
    <property name="os.detected.arch" value="x86_64"/>
    <property name="java.vm.specification.name" value="Java Virtual Machine Specification"/>
    <property name="java.vm.specification.version" value="1.8"/>
    <property name="sun.cpu.endian" value="little"/>
    <property name="sun.os.patch.level" value="unknown"/>
    <property name="os.detected.classifier" value="linux-x86_64"/>
    <property name="java.io.tmpdir" value="/tmp"/>
    <property name="java.vendor.url.bug" value="http://bugreport.sun.com/bugreport/"/>
    <property name="maven.multiModuleProjectDirectory" value="/root/workspace/CorfuDB/CorfuDB/383940262"/>
    <property name="os.arch" value="amd64"/>
    <property name="java.awt.graphicsenv" value="sun.awt.X11GraphicsEnvironment"/>
    <property name="java.ext.dirs" value="/usr/lib/jvm/java-8-openjdk-amd64/jre/lib/ext:/usr/java/packages/lib/ext"/>
    <property name="os.detected.release.version" value="8"/>
    <property name="user.dir" value="/root/workspace/CorfuDB/CorfuDB/383940262"/>
    <property name="skipITs" value="true"/>
    <property name="line.separator" value="&#10;"/>
    <property name="java.vm.name" value="OpenJDK 64-Bit Server VM"/>
    <property name="enforcer.skip" value="true"/>
    <property name="skip.gulp" value="true"/>
    <property name="os.detected.version.major" value="3"/>
    <property name="skip.npm" value="true"/>
    <property name="skip.bower" value="true"/>
    <property name="file.encoding" value="UTF-8"/>
    <property name="os.detected.name" value="linux"/>
    <property name="license.skip" value="true"/>
    <property name="os.detected.version.minor" value="10"/>
    <property name="org.slf4j.simpleLogger.levelInBrackets" value="true"/>
    <property name="java.specification.version" value="1.8"/>
  </properties>
  <testcase name="testPutGetWithRestart" classname="org.corfudb.infrastructure.DataStoreTest" time="0.179"/>
  <testcase name="testInmemoryEviction" classname="org.corfudb.infrastructure.DataStoreTest" time="0.014"/>
  <testcase name="testInmemoryPutGet" classname="org.corfudb.infrastructure.DataStoreTest" time="0"/>
  <testcase name="testDataCorruption" classname="org.corfudb.infrastructure.DataStoreTest" time="0.094"/>
  <testcase name="testDatastoreEviction" classname="org.corfudb.infrastructure.DataStoreTest" time="61.039">
    <error message="java.util.concurrent.TimeoutException" type="java.util.concurrent.CompletionException"><![CDATA[java.util.concurrent.CompletionException: java.util.concurrent.TimeoutException
	at java.util.concurrent.CompletableFuture.encodeThrowable(CompletableFuture.java:292)
	at java.util.concurrent.CompletableFuture.completeThrowable(CompletableFuture.java:308)
	at java.util.concurrent.CompletableFuture.orApply(CompletableFuture.java:1371)
	at java.util.concurrent.CompletableFuture$OrApply.tryFire(CompletableFuture.java:1350)
	at java.util.concurrent.CompletableFuture$CoCompletion.tryFire(CompletableFuture.java:1020)
	at java.util.concurrent.CompletableFuture.postComplete(CompletableFuture.java:474)
	at java.util.concurrent.CompletableFuture.completeExceptionally(CompletableFuture.java:1977)
	at org.corfudb.util.CFUtils.lambda$failAfter$0(CFUtils.java:108)
	at java.util.concurrent.FutureTask.run(FutureTask.java:266)
	at java.util.concurrent.ScheduledThreadPoolExecutor$ScheduledFutureTask.access$201(ScheduledThreadPoolExecutor.java:180)
	at java.util.concurrent.ScheduledThreadPoolExecutor$ScheduledFutureTask.run(ScheduledThreadPoolExecutor.java:293)
	at java.util.concurrent.ThreadPoolExecutor.runWorker(ThreadPoolExecutor.java:1142)
	at java.util.concurrent.ThreadPoolExecutor$Worker.run(ThreadPoolExecutor.java:617)
	at java.lang.Thread.run(Thread.java:745)
Caused by: java.util.concurrent.TimeoutException
	at org.corfudb.util.CFUtils.<clinit>(CFUtils.java:96)
	at org.corfudb.AbstractCorfuTest$1$1.evaluate(AbstractCorfuTest.java:116)
	at org.junit.rules.RunRules.evaluate(RunRules.java:20)
	at org.junit.runners.ParentRunner.runLeaf(ParentRunner.java:325)
	at org.junit.runners.BlockJUnit4ClassRunner.runChild(BlockJUnit4ClassRunner.java:78)
	at org.junit.runners.BlockJUnit4ClassRunner.runChild(BlockJUnit4ClassRunner.java:57)
	at org.junit.runners.ParentRunner$3.run(ParentRunner.java:290)
	at org.junit.runners.ParentRunner$1.schedule(ParentRunner.java:71)
	at org.junit.runners.ParentRunner.runChildren(ParentRunner.java:288)
	at org.junit.runners.ParentRunner.access$000(ParentRunner.java:58)
	at org.junit.runners.ParentRunner$2.evaluate(ParentRunner.java:268)
	at org.junit.internal.runners.statements.RunBefores.evaluate(RunBefores.java:26)
	at org.junit.internal.runners.statements.RunAfters.evaluate(RunAfters.java:27)
	at org.junit.runners.ParentRunner.run(ParentRunner.java:363)
	at org.apache.maven.surefire.junit4.JUnit4Provider.execute(JUnit4Provider.java:367)
	at org.apache.maven.surefire.junit4.JUnit4Provider.executeWithRerun(JUnit4Provider.java:274)
	at org.apache.maven.surefire.junit4.JUnit4Provider.executeTestSet(JUnit4Provider.java:238)
	at org.apache.maven.surefire.junit4.JUnit4Provider.invoke(JUnit4Provider.java:161)
	at org.apache.maven.surefire.booter.ForkedBooter.invokeProviderInSameClassLoader(ForkedBooter.java:290)
	at org.apache.maven.surefire.booter.ForkedBooter.runSuitesInProcess(ForkedBooter.java:242)
	at org.apache.maven.surefire.booter.ForkedBooter.main(ForkedBooter.java:121)
]]></error>
    <system-out><![CDATA[testDatastoreEviction                                       [&amp#27;[31mTIMED OUT&amp#27;[m]
&amp#27;[36;1mActive Threads At Test Failure&amp#27;[m
Thread name                              Method
ForkJoinPool.commonPool-worker-5         java.lang.Thread:sleep
test:33650-worker-7                      io.netty.channel.epoll.Native:epollWait0
test:36149-worker-12                     io.netty.channel.epoll.Native:epollWait0
test:44114-worker-3                      io.netty.channel.epoll.Native:epollWait0
SharedServerThread-10                    sun.misc.Unsafe:park
surefire-forkedjvm-command-thread        java.io.FileInputStream:readBytes
test:45286-worker-0                      io.netty.channel.epoll.Native:epollWait0
last-ditch-daemon-shutdown-thread-30sec  sun.misc.Unsafe:park
test:36149-worker-2                      io.netty.channel.epoll.Native:epollWait0
testChannel-1                            sun.misc.Unsafe:park
ForkJoinPool.commonPool-worker-3         java.lang.Thread:sleep
test:45096-worker-0                      io.netty.channel.epoll.Native:epollWait0
test-main                                sun.nio.ch.FileDispatcherImpl:force0
test:33650-accept-0                      io.netty.channel.epoll.Native:epollWait0
LogUnit-Maintenance-0                    sun.misc.Unsafe:park
test:33609-worker-11                     io.netty.channel.epoll.Native:epollWait0
SharedServerThread-9                     sun.misc.Unsafe:park
test:34574-worker-6                      io.netty.channel.epoll.Native:epollWait0
test:44114-worker-13                     io.netty.channel.epoll.Native:epollWait0
test:33650-worker-8                      io.netty.channel.epoll.Native:epollWait0
LogUnit-Write-Processor-0                sun.misc.Unsafe:park
test:34574-worker-11                     io.netty.channel.epoll.Native:epollWait0
ForkJoinPool.commonPool-worker-0         sun.misc.Unsafe:park
test:34574-accept-0                      io.netty.channel.epoll.Native:epollWait0
ForkJoinPool.commonPool-worker-2         sun.misc.Unsafe:park
test:33609-worker-9                      io.netty.channel.epoll.Native:epollWait0
LogUnit-Maintenance-0                    sun.misc.Unsafe:park
test:33609-worker-10                     io.netty.channel.epoll.Native:epollWait0
test:33650-worker-3                      io.netty.channel.epoll.Native:epollWait0
test:33609-worker-13                     io.netty.channel.epoll.Native:epollWait0
test:44114-worker-9                      io.netty.channel.epoll.Native:epollWait0
test:36149-worker-9                      io.netty.channel.epoll.Native:epollWait0
test:33609-worker-7                      io.netty.channel.epoll.Native:epollWait0
test:33650-worker-2                      io.netty.channel.epoll.Native:epollWait0
Finalizer                                java.lang.Object:wait
test:33650-worker-5                      io.netty.channel.epoll.Native:epollWait0
test:33609-worker-1                      io.netty.channel.epoll.Native:epollWait0
ForkJoinPool.commonPool-worker-6         com.github.benmanes.caffeine.cache.BoundedLocalCache$AddTask:run
test:34574-worker-12                     io.netty.channel.epoll.Native:epollWait0
SharedServerThread-5                     sun.misc.Unsafe:park
test:44114-worker-2                      io.netty.channel.epoll.Native:epollWait0
test:33650-worker-12                     io.netty.channel.epoll.Native:epollWait0
test:34574-worker-9                      io.netty.channel.epoll.Native:epollWait0
test:42620-worker-0                      io.netty.channel.epoll.Native:epollWait0
test:33609-worker-14                     io.netty.channel.epoll.Native:epollWait0
test:36149-worker-6                      io.netty.channel.epoll.Native:epollWait0
test:36149-worker-1                      io.netty.channel.epoll.Native:epollWait0
test:44114-worker-8                      io.netty.channel.epoll.Native:epollWait0
SharedServerThread-8                     sun.misc.Unsafe:park
test:36149-worker-14                     io.netty.channel.epoll.Native:epollWait0
test:44114-worker-11                     io.netty.channel.epoll.Native:epollWait0
test:33609-worker-6                      io.netty.channel.epoll.Native:epollWait0
test:45096-accept-0                      io.netty.channel.epoll.Native:epollWait0
test:44114-worker-15                     io.netty.channel.epoll.Native:epollWait0
test:33609-accept-0                      io.netty.channel.epoll.Native:epollWait0
test:34574-worker-7                      io.netty.channel.epoll.Native:epollWait0
test:34574-worker-0                      io.netty.channel.epoll.Native:epollWait0
test:33650-worker-15                     io.netty.channel.epoll.Native:epollWait0
test:36149-worker-11                     io.netty.channel.epoll.Native:epollWait0
test:44114-accept-0                      io.netty.channel.epoll.Native:epollWait0
test:33609-worker-12                     io.netty.channel.epoll.Native:epollWait0
test:36149-worker-8                      io.netty.channel.epoll.Native:epollWait0
test:33609-worker-8                      io.netty.channel.epoll.Native:epollWait0
ForkJoinPool.commonPool-worker-1         sun.misc.Unsafe:park
test:44114-worker-1                      io.netty.channel.epoll.Native:epollWait0
failAfter-0                              sun.misc.Unsafe:park
test:45286-accept-0                      io.netty.channel.epoll.Native:epollWait0
testChannel-0                            sun.misc.Unsafe:park
test:33650-worker-14                     io.netty.channel.epoll.Native:epollWait0
test:33650-worker-13                     io.netty.channel.epoll.Native:epollWait0
test:36149-worker-5                      io.netty.channel.epoll.Native:epollWait0
test:34574-worker-8                      io.netty.channel.epoll.Native:epollWait0
test:36209-accept-0                      io.netty.channel.epoll.Native:epollWait0
test:34574-worker-5                      io.netty.channel.epoll.Native:epollWait0
test:36149-worker-3                      io.netty.channel.epoll.Native:epollWait0
LogUnit-Write-Processor-0                sun.misc.Unsafe:park
test:34574-worker-2                      io.netty.channel.epoll.Native:epollWait0
test:44114-worker-14                     io.netty.channel.epoll.Native:epollWait0
test:44114-worker-12                     io.netty.channel.epoll.Native:epollWait0
test:44114-worker-4                      io.netty.channel.epoll.Native:epollWait0
SharedServerThread-1                     sun.misc.Unsafe:park
SharedServerThread-0                     sun.misc.Unsafe:park
test:36149-worker-4                      io.netty.channel.epoll.Native:epollWait0
test:36149-accept-0                      io.netty.channel.epoll.Native:epollWait0
LogUnit-Write-Processor-0                sun.misc.Unsafe:park
test:34574-worker-3                      io.netty.channel.epoll.Native:epollWait0
test:36209-worker-0                      io.netty.channel.epoll.Native:epollWait0
test:33650-worker-11                     io.netty.channel.epoll.Native:epollWait0
test:33609-worker-2                      io.netty.channel.epoll.Native:epollWait0
test:33609-worker-0                      io.netty.channel.epoll.Native:epollWait0
test:33650-worker-0                      io.netty.channel.epoll.Native:epollWait0
Reference Handler                        java.lang.Object:wait
test:34627-worker-0                      io.netty.channel.epoll.Native:epollWait0
test:45771-worker-0                      io.netty.channel.epoll.Native:epollWait0
test:36149-worker-15                     io.netty.channel.epoll.Native:epollWait0
test:45771-accept-0                      io.netty.channel.epoll.Native:epollWait0
SharedServerThread-7                     sun.misc.Unsafe:park
test:33273-worker-0                      io.netty.channel.epoll.Native:epollWait0
test:33657-accept-0                      io.netty.channel.epoll.Native:epollWait0
test:34574-worker-4                      io.netty.channel.epoll.Native:epollWait0
test:34574-worker-1                      io.netty.channel.epoll.Native:epollWait0
test:39984-accept-0                      io.netty.channel.epoll.Native:epollWait0
test:33273-accept-0                      io.netty.channel.epoll.Native:epollWait0
test:33650-worker-9                      io.netty.channel.epoll.Native:epollWait0
test:44114-worker-5                      io.netty.channel.epoll.Native:epollWait0
SharedServerThread-2                     sun.misc.Unsafe:park
test:33609-worker-15                     io.netty.channel.epoll.Native:epollWait0
ForkJoinPool.commonPool-worker-4         java.lang.Thread:sleep
test:33650-worker-1                      io.netty.channel.epoll.Native:epollWait0
test:33609-worker-4                      io.netty.channel.epoll.Native:epollWait0
test:44114-worker-6                      io.netty.channel.epoll.Native:epollWait0
test:33650-worker-6                      io.netty.channel.epoll.Native:epollWait0
test:39984-worker-0                      io.netty.channel.epoll.Native:epollWait0
LogUnit-Write-Processor-0                sun.misc.Unsafe:park
test:36149-worker-0                      io.netty.channel.epoll.Native:epollWait0
test:34627-accept-0                      io.netty.channel.epoll.Native:epollWait0
test:42620-accept-0                      io.netty.channel.epoll.Native:epollWait0
test:33650-worker-4                      io.netty.channel.epoll.Native:epollWait0
LogUnit-Maintenance-0                    sun.misc.Unsafe:park
test:33650-worker-10                     io.netty.channel.epoll.Native:epollWait0
testChannel-3                            sun.misc.Unsafe:park
test:33609-worker-5                      io.netty.channel.epoll.Native:epollWait0
test:33657-worker-0                      io.netty.channel.epoll.Native:epollWait0
test:33609-worker-3                      io.netty.channel.epoll.Native:epollWait0
LogUnit-Maintenance-0                    sun.misc.Unsafe:park
SharedServerThread-6                     sun.misc.Unsafe:park
test:44114-worker-7                      io.netty.channel.epoll.Native:epollWait0
testChannel-2                            sun.misc.Unsafe:park
test:44114-worker-10                     io.netty.channel.epoll.Native:epollWait0
test:36149-worker-13                     io.netty.channel.epoll.Native:epollWait0
test:44114-worker-0                      io.netty.channel.epoll.Native:epollWait0
SharedServerThread-3                     sun.misc.Unsafe:park
test:36149-worker-10                     io.netty.channel.epoll.Native:epollWait0
SharedServerThread-4                     sun.misc.Unsafe:park
test:34574-worker-10                     io.netty.channel.epoll.Native:epollWait0
test:34574-worker-13                     io.netty.channel.epoll.Native:epollWait0
threadDeathWatcher-2-1                   java.lang.Thread:sleep
Signal Dispatcher                        (no trace available)
test:36149-worker-7                      io.netty.channel.epoll.Native:epollWait0
&amp#27;[36;1mLast 25 Logs Until Failure&amp#27;[m
02:42:58.815 &amp#27;[31mWARN &amp#27;[0;39m [ForkJoinPool.commonPool-worker-3] &amp#27;[36mo.c.r.CorfuRuntime&amp#27;[0;39m - Couldn't connect to any up-to-date layout servers, retrying in PT1S
 02:42:58.852 &amp#27;[31mWARN &amp#27;[0;39m [ForkJoinPool.commonPool-worker-4] &amp#27;[36mo.c.i.CorfuMsgHandler&amp#27;[0;39m - Server received LAYOUT_REQUEST but is shutdown.
 02:42:58.852 &amp#27;[31mWARN &amp#27;[0;39m [ForkJoinPool.commonPool-worker-5] &amp#27;[36mo.c.i.CorfuMsgHandler&amp#27;[0;39m - Server received LAYOUT_REQUEST but is shutdown.
 02:42:58.853 &amp#27;[31mWARN &amp#27;[0;39m [ForkJoinPool.commonPool-worker-4] &amp#27;[36mo.c.r.CorfuRuntime&amp#27;[0;39m - Tried to get layout from test:0 but failed with exception:
 java.util.concurrent.ExecutionException: org.corfudb.runtime.exceptions.ShutdownException
	at java.util.concurrent.CompletableFuture.reportGet(CompletableFuture.java:357)
	at java.util.concurrent.CompletableFuture.get(CompletableFuture.java:1895)
	at org.corfudb.runtime.CorfuRuntime.lambda$fetchLayout$6(CorfuRuntime.java:716)
Caused by: org.corfudb.runtime.exceptions.ShutdownException: null
	at org.corfudb.runtime.clients.BaseHandler.handleShutdownException(BaseHandler.java:155)
	at org.corfudb.runtime.clients.ClientMsgHandler.handle(ClientMsgHandler.java:76)
	at org.corfudb.runtime.clients.IClient.handleMessage(IClient.java:40)
02:42:58.853 &amp#27;[31mWARN &amp#27;[0;39m [ForkJoinPool.commonPool-worker-5] &amp#27;[36mo.c.r.CorfuRuntime&amp#27;[0;39m - Tried to get layout from test:0 but failed with exception:
 java.util.concurrent.ExecutionException: org.corfudb.runtime.exceptions.ShutdownException
	at java.util.concurrent.CompletableFuture.reportGet(CompletableFuture.java:357)
	at java.util.concurrent.CompletableFuture.get(CompletableFuture.java:1895)
	at org.corfudb.runtime.CorfuRuntime.lambda$fetchLayout$6(CorfuRuntime.java:716)
Caused by: org.corfudb.runtime.exceptions.ShutdownException: null
	at org.corfudb.runtime.clients.BaseHandler.handleShutdownException(BaseHandler.java:155)
	at org.corfudb.runtime.clients.ClientMsgHandler.handle(ClientMsgHandler.java:76)
	at org.corfudb.runtime.clients.IClient.handleMessage(IClient.java:40)
02:42:58.853 &amp#27;[31mWARN &amp#27;[0;39m [ForkJoinPool.commonPool-worker-4] &amp#27;[36mo.c.r.CorfuRuntime&amp#27;[0;39m - Couldn't connect to any up-to-date layout servers, retrying in PT1S
 02:42:58.853 &amp#27;[31mWARN &amp#27;[0;39m [ForkJoinPool.commonPool-worker-5] &amp#27;[36mo.c.r.CorfuRuntime&amp#27;[0;39m - Couldn't connect to any up-to-date layout servers, retrying in PT1S
 02:42:59.815 &amp#27;[31mWARN &amp#27;[0;39m [ForkJoinPool.commonPool-worker-3] &amp#27;[36mo.c.i.CorfuMsgHandler&amp#27;[0;39m - Server received LAYOUT_REQUEST but is shutdown.
 02:42:59.815 &amp#27;[31mWARN &amp#27;[0;39m [ForkJoinPool.commonPool-worker-3] &amp#27;[36mo.c.r.CorfuRuntime&amp#27;[0;39m - Tried to get layout from test:0 but failed with exception:
 java.util.concurrent.ExecutionException: org.corfudb.runtime.exceptions.ShutdownException
	at java.util.concurrent.CompletableFuture.reportGet(CompletableFuture.java:357)
	at java.util.concurrent.CompletableFuture.get(CompletableFuture.java:1895)
	at org.corfudb.runtime.CorfuRuntime.lambda$fetchLayout$6(CorfuRuntime.java:716)
Caused by: org.corfudb.runtime.exceptions.ShutdownException: null
	at org.corfudb.runtime.clients.BaseHandler.handleShutdownException(BaseHandler.java:155)
	at org.corfudb.runtime.clients.ClientMsgHandler.handle(ClientMsgHandler.java:76)
	at org.corfudb.runtime.clients.IClient.handleMessage(IClient.java:40)
02:42:59.816 &amp#27;[31mWARN &amp#27;[0;39m [ForkJoinPool.commonPool-worker-3] &amp#27;[36mo.c.r.CorfuRuntime&amp#27;[0;39m - Couldn't connect to any up-to-date layout servers, retrying in PT1S
 02:42:59.854 &amp#27;[31mWARN &amp#27;[0;39m [ForkJoinPool.commonPool-worker-5] &amp#27;[36mo.c.i.CorfuMsgHandler&amp#27;[0;39m - Server received LAYOUT_REQUEST but is shutdown.
 02:42:59.854 &amp#27;[31mWARN &amp#27;[0;39m [ForkJoinPool.commonPool-worker-4] &amp#27;[36mo.c.i.CorfuMsgHandler&amp#27;[0;39m - Server received LAYOUT_REQUEST but is shutdown.
 02:42:59.854 &amp#27;[31mWARN &amp#27;[0;39m [ForkJoinPool.commonPool-worker-5] &amp#27;[36mo.c.r.CorfuRuntime&amp#27;[0;39m - Tried to get layout from test:0 but failed with exception:
 java.util.concurrent.ExecutionException: org.corfudb.runtime.exceptions.ShutdownException
	at java.util.concurrent.CompletableFuture.reportGet(CompletableFuture.java:357)
	at java.util.concurrent.CompletableFuture.get(CompletableFuture.java:1895)
	at org.corfudb.runtime.CorfuRuntime.lambda$fetchLayout$6(CorfuRuntime.java:716)
Caused by: org.corfudb.runtime.exceptions.ShutdownException: null
	at org.corfudb.runtime.clients.BaseHandler.handleShutdownException(BaseHandler.java:155)
	at org.corfudb.runtime.clients.ClientMsgHandler.handle(ClientMsgHandler.java:76)
	at org.corfudb.runtime.clients.IClient.handleMessage(IClient.java:40)
02:42:59.854 &amp#27;[31mWARN &amp#27;[0;39m [ForkJoinPool.commonPool-worker-4] &amp#27;[36mo.c.r.CorfuRuntime&amp#27;[0;39m - Tried to get layout from test:0 but failed with exception:
 java.util.concurrent.ExecutionException: org.corfudb.runtime.exceptions.ShutdownException
	at java.util.concurrent.CompletableFuture.reportGet(CompletableFuture.java:357)
	at java.util.concurrent.CompletableFuture.get(CompletableFuture.java:1895)
	at org.corfudb.runtime.CorfuRuntime.lambda$fetchLayout$6(CorfuRuntime.java:716)
Caused by: org.corfudb.runtime.exceptions.ShutdownException: null
	at org.corfudb.runtime.clients.BaseHandler.handleShutdownException(BaseHandler.java:155)
	at org.corfudb.runtime.clients.ClientMsgHandler.handle(ClientMsgHandler.java:76)
	at org.corfudb.runtime.clients.IClient.handleMessage(IClient.java:40)
02:42:59.855 &amp#27;[31mWARN &amp#27;[0;39m [ForkJoinPool.commonPool-worker-5] &amp#27;[36mo.c.r.CorfuRuntime&amp#27;[0;39m - Couldn't connect to any up-to-date layout servers, retrying in PT1S
 02:42:59.855 &amp#27;[31mWARN &amp#27;[0;39m [ForkJoinPool.commonPool-worker-4] &amp#27;[36mo.c.r.CorfuRuntime&amp#27;[0;39m - Couldn't connect to any up-to-date layout servers, retrying in PT1S
 02:43:00.816 &amp#27;[31mWARN &amp#27;[0;39m [ForkJoinPool.commonPool-worker-3] &amp#27;[36mo.c.i.CorfuMsgHandler&amp#27;[0;39m - Server received LAYOUT_REQUEST but is shutdown.
 02:43:00.817 &amp#27;[31mWARN &amp#27;[0;39m [ForkJoinPool.commonPool-worker-3] &amp#27;[36mo.c.r.CorfuRuntime&amp#27;[0;39m - Tried to get layout from test:0 but failed with exception:
 java.util.concurrent.ExecutionException: org.corfudb.runtime.exceptions.ShutdownException
	at java.util.concurrent.CompletableFuture.reportGet(CompletableFuture.java:357)
	at java.util.concurrent.CompletableFuture.get(CompletableFuture.java:1895)
	at org.corfudb.runtime.CorfuRuntime.lambda$fetchLayout$6(CorfuRuntime.java:716)
Caused by: org.corfudb.runtime.exceptions.ShutdownException: null
	at org.corfudb.runtime.clients.BaseHandler.handleShutdownException(BaseHandler.java:155)
	at org.corfudb.runtime.clients.ClientMsgHandler.handle(ClientMsgHandler.java:76)
	at org.corfudb.runtime.clients.IClient.handleMessage(IClient.java:40)
02:43:00.818 &amp#27;[31mWARN &amp#27;[0;39m [ForkJoinPool.commonPool-worker-3] &amp#27;[36mo.c.r.CorfuRuntime&amp#27;[0;39m - Couldn't connect to any up-to-date layout servers, retrying in PT1S
 02:43:00.855 &amp#27;[31mWARN &amp#27;[0;39m [ForkJoinPool.commonPool-worker-4] &amp#27;[36mo.c.i.CorfuMsgHandler&amp#27;[0;39m - Server received LAYOUT_REQUEST but is shutdown.
 02:43:00.855 &amp#27;[31mWARN &amp#27;[0;39m [ForkJoinPool.commonPool-worker-5] &amp#27;[36mo.c.i.CorfuMsgHandler&amp#27;[0;39m - Server received LAYOUT_REQUEST but is shutdown.
 02:43:00.856 &amp#27;[31mWARN &amp#27;[0;39m [ForkJoinPool.commonPool-worker-5] &amp#27;[36mo.c.r.CorfuRuntime&amp#27;[0;39m - Tried to get layout from test:0 but failed with exception:
 java.util.concurrent.ExecutionException: org.corfudb.runtime.exceptions.ShutdownException
	at java.util.concurrent.CompletableFuture.reportGet(CompletableFuture.java:357)
	at java.util.concurrent.CompletableFuture.get(CompletableFuture.java:1895)
	at org.corfudb.runtime.CorfuRuntime.lambda$fetchLayout$6(CorfuRuntime.java:716)
Caused by: org.corfudb.runtime.exceptions.ShutdownException: null
	at org.corfudb.runtime.clients.BaseHandler.handleShutdownException(BaseHandler.java:155)
	at org.corfudb.runtime.clients.ClientMsgHandler.handle(ClientMsgHandler.java:76)
	at org.corfudb.runtime.clients.IClient.handleMessage(IClient.java:40)
02:43:00.856 &amp#27;[31mWARN &amp#27;[0;39m [ForkJoinPool.commonPool-worker-4] &amp#27;[36mo.c.r.CorfuRuntime&amp#27;[0;39m - Tried to get layout from test:0 but failed with exception:
 java.util.concurrent.ExecutionException: org.corfudb.runtime.exceptions.ShutdownException
	at java.util.concurrent.CompletableFuture.reportGet(CompletableFuture.java:357)
	at java.util.concurrent.CompletableFuture.get(CompletableFuture.java:1895)
	at org.corfudb.runtime.CorfuRuntime.lambda$fetchLayout$6(CorfuRuntime.java:716)
Caused by: org.corfudb.runtime.exceptions.ShutdownException: null
	at org.corfudb.runtime.clients.BaseHandler.handleShutdownException(BaseHandler.java:155)
	at org.corfudb.runtime.clients.ClientMsgHandler.handle(ClientMsgHandler.java:76)
	at org.corfudb.runtime.clients.IClient.handleMessage(IClient.java:40)
02:43:00.856 &amp#27;[31mWARN &amp#27;[0;39m [ForkJoinPool.commonPool-worker-5] &amp#27;[36mo.c.r.CorfuRuntime&amp#27;[0;39m - Couldn't connect to any up-to-date layout servers, retrying in PT1S
 02:43:00.856 &amp#27;[31mWARN &amp#27;[0;39m [ForkJoinPool.commonPool-worker-4] &amp#27;[36mo.c.r.CorfuRuntime&amp#27;[0;39m - Couldn't connect to any up-to-date layout servers, retrying in PT1S
 ]]></system-out>
  </testcase>
  <testcase name="testPutGet" classname="org.corfudb.infrastructure.DataStoreTest" time="0.158"/>
</testsuite>