<?xml version="1.0" encoding="UTF-8"?>
<testsuite name="TestSuite" time="4.72" tests="176" errors="0" skipped="0" failures="1">
  <properties>
    <property name="java.runtime.name" value="OpenJDK Runtime Environment"/>
    <property name="sun.boot.library.path" value="/usr/lib/jvm/java-8-openjdk-amd64/jre/lib/amd64"/>
    <property name="java.vm.version" value="25.121-b13"/>
    <property name="java.vm.vendor" value="Oracle Corporation"/>
    <property name="maven.multiModuleProjectDirectory" value="/root/workspace/wso2/carbon-identity-framework/387744190"/>
    <property name="java.vendor.url" value="http://java.oracle.com/"/>
    <property name="path.separator" value=":"/>
    <property name="guice.disable.misplaced.annotation.check" value="true"/>
    <property name="skip.gulp" value="true"/>
    <property name="java.vm.name" value="OpenJDK 64-Bit Server VM"/>
    <property name="file.encoding.pkg" value="sun.io"/>
    <property name="sun.java.launcher" value="SUN_STANDARD"/>
    <property name="sun.os.patch.level" value="unknown"/>
    <property name="findbugs.skip" value="true"/>
    <property name="java.vm.specification.name" value="Java Virtual Machine Specification"/>
    <property name="user.dir" value="/root/workspace/wso2/carbon-identity-framework/387744190"/>
    <property name="checkstyle.skip" value="true"/>
    <property name="java.runtime.version" value="1.8.0_121-8u121-b13-1~bpo8+1-b13"/>
    <property name="java.awt.graphicsenv" value="sun.awt.X11GraphicsEnvironment"/>
    <property name="skip.npm" value="true"/>
    <property name="java.endorsed.dirs" value="/usr/lib/jvm/java-8-openjdk-amd64/jre/lib/endorsed"/>
    <property name="os.arch" value="amd64"/>
    <property name="java.io.tmpdir" value="/tmp"/>
    <property name="gpg.skip" value="true"/>
    <property name="line.separator" value="&#10;"/>
    <property name="java.vm.specification.vendor" value="Oracle Corporation"/>
    <property name="cobertura.skip" value="true"/>
    <property name="os.name" value="Linux"/>
    <property name="classworlds.conf" value="/usr/share/maven/bin/m2.conf"/>
    <property name="sun.jnu.encoding" value="UTF-8"/>
    <property name="java.library.path" value="/usr/java/packages/lib/amd64:/usr/lib/x86_64-linux-gnu/jni:/lib/x86_64-linux-gnu:/usr/lib/x86_64-linux-gnu:/usr/lib/jni:/lib:/usr/lib"/>
    <property name="license.skip" value="true"/>
    <property name="java.specification.name" value="Java Platform API Specification"/>
    <property name="java.class.version" value="52.0"/>
    <property name="sun.management.compiler" value="HotSpot 64-Bit Tiered Compilers"/>
    <property name="skip.bower" value="true"/>
    <property name="maven.repo.local" value="/root/./workspace/wso2/carbon-identity-framework/387744190/.m2"/>
    <property name="os.version" value="3.10.0-862.3.2.el7.x86_64"/>
    <property name="user.home" value="/root"/>
    <property name="user.timezone" value="Europe/Paris"/>
    <property name="java.awt.printerjob" value="sun.print.PSPrinterJob"/>
    <property name="java.specification.version" value="1.8"/>
    <property name="file.encoding" value="UTF-8"/>
    <property name="user.name" value="root"/>
    <property name="java.class.path" value="/usr/share/maven/boot/plexus-classworlds-2.5.2.jar"/>
    <property name="skipITs" value="true"/>
    <property name="java.vm.specification.version" value="1.8"/>
    <property name="sun.arch.data.model" value="64"/>
    <property name="java.home" value="/usr/lib/jvm/java-8-openjdk-amd64/jre"/>
    <property name="sun.java.command" value="org.codehaus.plexus.classworlds.launcher.Launcher -B -D enforcer.skip=true -D dependency-check.skip=true -D skipITs=true -D cobertura.skip=true -D maven.repo.local=/root/./workspace/wso2/carbon-identity-framework/387744190/.m2 -D rat.skip=true -D findbugs.skip=true -D skip.bower=true -D gpg.skip=true -D checkstyle.skip=true -D skip.gulp=true -D license.skip=true -D skip.npm=true test"/>
    <property name="java.specification.vendor" value="Oracle Corporation"/>
    <property name="user.language" value="en"/>
    <property name="awt.toolkit" value="sun.awt.X11.XToolkit"/>
    <property name="dependency-check.skip" value="true"/>
    <property name="java.vm.info" value="mixed mode"/>
    <property name="java.version" value="1.8.0_121"/>
    <property name="java.ext.dirs" value="/usr/lib/jvm/java-8-openjdk-amd64/jre/lib/ext:/usr/java/packages/lib/ext"/>
    <property name="securerandom.source" value="file:/dev/./urandom"/>
    <property name="sun.boot.class.path" value="/usr/lib/jvm/java-8-openjdk-amd64/jre/lib/resources.jar:/usr/lib/jvm/java-8-openjdk-amd64/jre/lib/rt.jar:/usr/lib/jvm/java-8-openjdk-amd64/jre/lib/sunrsasign.jar:/usr/lib/jvm/java-8-openjdk-amd64/jre/lib/jsse.jar:/usr/lib/jvm/java-8-openjdk-amd64/jre/lib/jce.jar:/usr/lib/jvm/java-8-openjdk-amd64/jre/lib/charsets.jar:/usr/lib/jvm/java-8-openjdk-amd64/jre/lib/jfr.jar:/usr/lib/jvm/java-8-openjdk-amd64/jre/classes"/>
    <property name="java.vendor" value="Oracle Corporation"/>
    <property name="enforcer.skip" value="true"/>
    <property name="rat.skip" value="true"/>
    <property name="maven.home" value="/usr/share/maven"/>
    <property name="file.separator" value="/"/>
    <property name="java.vendor.url.bug" value="http://bugreport.sun.com/bugreport/"/>
    <property name="sun.cpu.endian" value="little"/>
    <property name="sun.io.unicode.encoding" value="UnicodeLittle"/>
    <property name="sun.cpu.isalist" value=""/>
  </properties>
  <testcase name="testGetClaimDialectURI" classname="org.wso2.carbon.identity.application.authentication.framework.AbstractApplicationAuthenticatorTest" time="0.067"/>
  <testcase name="testGetUserStoreAppendedName" classname="org.wso2.carbon.identity.application.authentication.framework.AbstractApplicationAuthenticatorTest" time="0.064"/>
  <testcase name="testGetUserStoreAppendedName" classname="org.wso2.carbon.identity.application.authentication.framework.AbstractApplicationAuthenticatorTest" time="0.006"/>
  <testcase name="testGetUserStoreAppendedName" classname="org.wso2.carbon.identity.application.authentication.framework.AbstractApplicationAuthenticatorTest" time="0.005"/>
  <testcase name="testGetUserStoreAppendedName" classname="org.wso2.carbon.identity.application.authentication.framework.AbstractApplicationAuthenticatorTest" time="0.006"/>
  <testcase name="testInitiateLogoutRequest" classname="org.wso2.carbon.identity.application.authentication.framework.AbstractApplicationAuthenticatorTest" time="0.007"/>
  <testcase name="testProcessLoginRequestCannotHandle" classname="org.wso2.carbon.identity.application.authentication.framework.AbstractApplicationAuthenticatorTest" time="0.036"/>
  <testcase name="testProcessLoginRequestWhenRequestNotHandled" classname="org.wso2.carbon.identity.application.authentication.framework.AbstractApplicationAuthenticatorTest" time="0.005"/>
  <testcase name="testProcessLogoutRequestCanHandleLogout" classname="org.wso2.carbon.identity.application.authentication.framework.AbstractApplicationAuthenticatorTest" time="0.003"/>
  <testcase name="testProcessLogoutRequestCannotHandleLogout" classname="org.wso2.carbon.identity.application.authentication.framework.AbstractApplicationAuthenticatorTest" time="0.002"/>
  <testcase name="testProcessLogoutRequestUnsupportedInitLogout" classname="org.wso2.carbon.identity.application.authentication.framework.AbstractApplicationAuthenticatorTest" time="0.002"/>
  <testcase name="testProcessLogoutRequestUnsupportedProcessLogout" classname="org.wso2.carbon.identity.application.authentication.framework.AbstractApplicationAuthenticatorTest" time="0.003"/>
  <testcase name="testProcessLogoutResponse" classname="org.wso2.carbon.identity.application.authentication.framework.AbstractApplicationAuthenticatorTest" time="0.001"/>
  <testcase name="testRetryAuthenticationEnabled" classname="org.wso2.carbon.identity.application.authentication.framework.AbstractApplicationAuthenticatorTest" time="0.001"/>
  <testcase name="testGetAllAuthenticators" classname="org.wso2.carbon.identity.application.authentication.framework.ApplicationAuthenticationServiceTest" time="0.123"/>
  <testcase name="testGetAuthenticator" classname="org.wso2.carbon.identity.application.authentication.framework.ApplicationAuthenticationServiceTest" time="0.017"/>
  <testcase name="testGetAuthenticatorWithNonExistingName" classname="org.wso2.carbon.identity.application.authentication.framework.ApplicationAuthenticationServiceTest" time="0.015"/>
  <testcase name="testGetAuthenticatorWithNullName" classname="org.wso2.carbon.identity.application.authentication.framework.ApplicationAuthenticationServiceTest" time="0.018"/>
  <testcase name="testGetFederatedAuthenticators" classname="org.wso2.carbon.identity.application.authentication.framework.ApplicationAuthenticationServiceTest" time="0.009"/>
  <testcase name="testGetLocalAuthenticators" classname="org.wso2.carbon.identity.application.authentication.framework.ApplicationAuthenticationServiceTest" time="0.009"/>
  <testcase name="testGetRequestPathAuthenticators" classname="org.wso2.carbon.identity.application.authentication.framework.ApplicationAuthenticationServiceTest" time="0.009"/>
  <testcase name="testConcludeFlow" classname="org.wso2.carbon.identity.application.authentication.framework.handler.request.impl.DefaultAuthenticationRequestHandlerTest" time="0.008"/>
  <testcase name="testGetInstance" classname="org.wso2.carbon.identity.application.authentication.framework.handler.request.impl.DefaultAuthenticationRequestHandlerTest" time="0.003"/>
  <testcase name="testHandleAuthorization" classname="org.wso2.carbon.identity.application.authentication.framework.handler.request.impl.DefaultAuthenticationRequestHandlerTest" time="0.001"/>
  <testcase name="testHandleDenyFromLoginPage" classname="org.wso2.carbon.identity.application.authentication.framework.handler.request.impl.DefaultAuthenticationRequestHandlerTest" time="0.211"/>
  <testcase name="testHandleRememberMeOptionFromLoginPage" classname="org.wso2.carbon.identity.application.authentication.framework.handler.request.impl.DefaultAuthenticationRequestHandlerTest" time="0.461"/>
  <testcase name="testHandleRememberMeOptionFromLoginPage" classname="org.wso2.carbon.identity.application.authentication.framework.handler.request.impl.DefaultAuthenticationRequestHandlerTest" time="0.041"/>
  <testcase name="testHandleRememberMeOptionFromLoginPage" classname="org.wso2.carbon.identity.application.authentication.framework.handler.request.impl.DefaultAuthenticationRequestHandlerTest" time="0.036"/>
  <testcase name="testHandleSequenceStart" classname="org.wso2.carbon.identity.application.authentication.framework.handler.request.impl.DefaultAuthenticationRequestHandlerTest" time="0.002"/>
  <testcase name="testHandleSequenceStart" classname="org.wso2.carbon.identity.application.authentication.framework.handler.request.impl.DefaultAuthenticationRequestHandlerTest" time="0.002"/>
  <testcase name="testHandleSequenceStart" classname="org.wso2.carbon.identity.application.authentication.framework.handler.request.impl.DefaultAuthenticationRequestHandlerTest" time="0.003"/>
  <testcase name="testPopulateErrorInformation" classname="org.wso2.carbon.identity.application.authentication.framework.handler.request.impl.DefaultAuthenticationRequestHandlerTest" time="0.064"/>
  <testcase name="testPopulateErrorInformation" classname="org.wso2.carbon.identity.application.authentication.framework.handler.request.impl.DefaultAuthenticationRequestHandlerTest" time="0.013"/>
  <testcase name="testPopulateErrorInformation" classname="org.wso2.carbon.identity.application.authentication.framework.handler.request.impl.DefaultAuthenticationRequestHandlerTest" time="0.013"/>
  <testcase name="testPopulateErrorInformation" classname="org.wso2.carbon.identity.application.authentication.framework.handler.request.impl.DefaultAuthenticationRequestHandlerTest" time="0.011"/>
  <testcase name="testPopulateErrorInformation" classname="org.wso2.carbon.identity.application.authentication.framework.handler.request.impl.DefaultAuthenticationRequestHandlerTest" time="0.012"/>
  <testcase name="testPostAuthenticationHandlerFailures" classname="org.wso2.carbon.identity.application.authentication.framework.handler.request.impl.DefaultAuthenticationRequestHandlerTest" time="0.041"/>
  <testcase name="testPostAuthenticationHandlers" classname="org.wso2.carbon.identity.application.authentication.framework.handler.request.impl.DefaultAuthenticationRequestHandlerTest" time="0.16">
    <failure type="java.lang.NullPointerException:">java.lang.NullPointerException: null
	at org.wso2.carbon.identity.core.util.IdentityUtil.getServerURL(IdentityUtil.java:363)
	at org.wso2.carbon.idp.mgt.IdentityProviderManager.getResidentIdP(IdentityProviderManager.java:167)
	at org.wso2.carbon.idp.mgt.util.IdPManagementUtil.getIdleSessionTimeOut(IdPManagementUtil.java:83)
	at org.wso2.carbon.identity.application.authentication.framework.handler.request.impl.DefaultAuthenticationRequestHandler.concludeFlow(DefaultAuthenticationRequestHandler.java:429)
	at org.wso2.carbon.identity.application.authentication.framework.handler.request.impl.DefaultAuthenticationRequestHandler.handle(DefaultAuthenticationRequestHandler.java:138)
	at org.wso2.carbon.identity.application.authentication.framework.handler.request.impl.DefaultAuthenticationRequestHandlerTest.testPostAuthenticationHandlers(DefaultAuthenticationRequestHandlerTest.java:340)
</failure>
  </testcase>
  <testcase name="testSendResponse" classname="org.wso2.carbon.identity.application.authentication.framework.handler.request.impl.DefaultAuthenticationRequestHandlerTest" time="0.038"/>
  <testcase name="testSendResponse" classname="org.wso2.carbon.identity.application.authentication.framework.handler.request.impl.DefaultAuthenticationRequestHandlerTest" time="0.01"/>
  <testcase name="testSendResponse" classname="org.wso2.carbon.identity.application.authentication.framework.handler.request.impl.DefaultAuthenticationRequestHandlerTest" time="0.011"/>
  <testcase name="testSendResponse" classname="org.wso2.carbon.identity.application.authentication.framework.handler.request.impl.DefaultAuthenticationRequestHandlerTest" time="0.008"/>
  <testcase name="testSendResponseException" classname="org.wso2.carbon.identity.application.authentication.framework.handler.request.impl.DefaultAuthenticationRequestHandlerTest" time="0.008"/>
  <testcase name="testDiscover" classname="org.wso2.carbon.identity.application.authentication.framework.handler.hrd.impl.DefaultHomeRealmDiscovererTest" time="0.004"/>
  <testcase name="testGetInstance" classname="org.wso2.carbon.identity.application.authentication.framework.handler.hrd.impl.DefaultHomeRealmDiscovererTest" time="0.001"/>
  <testcase name="testAssociateUserEmptyInputs" classname="org.wso2.carbon.identity.application.authentication.framework.handler.provisioning.impl.DefaultProvisioningHandlerTest" time="0.449"/>
  <testcase name="testAssociateUserEmptyInputs" classname="org.wso2.carbon.identity.application.authentication.framework.handler.provisioning.impl.DefaultProvisioningHandlerTest" time="0.002"/>
  <testcase name="testAssociateUserEmptyInputs" classname="org.wso2.carbon.identity.application.authentication.framework.handler.provisioning.impl.DefaultProvisioningHandlerTest" time="0.025"/>
  <testcase name="testAssociateUserEmptyInputs" classname="org.wso2.carbon.identity.application.authentication.framework.handler.provisioning.impl.DefaultProvisioningHandlerTest" time="0.004"/>
  <testcase name="testGeneratePassword" classname="org.wso2.carbon.identity.application.authentication.framework.handler.provisioning.impl.DefaultProvisioningHandlerTest" time="0.003"/>
  <testcase name="testGetInstance" classname="org.wso2.carbon.identity.application.authentication.framework.handler.provisioning.impl.DefaultProvisioningHandlerTest" time="0"/>
  <testcase name="testHandle" classname="org.wso2.carbon.identity.application.authentication.framework.handler.provisioning.impl.DefaultProvisioningHandlerTest" time="0.006"/>
  <testcase name="testGetInstance" classname="org.wso2.carbon.identity.application.authentication.framework.handler.sequence.impl.DefaultRequestPathBasedSequenceHandlerTest" time="0.004"/>
  <testcase name="testGetServiceProviderMappedUserRoles" classname="org.wso2.carbon.identity.application.authentication.framework.handler.sequence.impl.DefaultRequestPathBasedSequenceHandlerTest" time="0.125"/>
  <testcase name="testGetServiceProviderMappedUserRoles" classname="org.wso2.carbon.identity.application.authentication.framework.handler.sequence.impl.DefaultRequestPathBasedSequenceHandlerTest" time="0.021"/>
  <testcase name="testGetServiceProviderMappedUserRoles" classname="org.wso2.carbon.identity.application.authentication.framework.handler.sequence.impl.DefaultRequestPathBasedSequenceHandlerTest" time="0.019"/>
  <testcase name="testGetServiceProviderMappedUserRoles" classname="org.wso2.carbon.identity.application.authentication.framework.handler.sequence.impl.DefaultRequestPathBasedSequenceHandlerTest" time="0.02"/>
  <testcase name="testGetServiceProviderMappedUserRoles" classname="org.wso2.carbon.identity.application.authentication.framework.handler.sequence.impl.DefaultRequestPathBasedSequenceHandlerTest" time="0.019"/>
  <testcase name="testGetServiceProviderMappedUserRoles" classname="org.wso2.carbon.identity.application.authentication.framework.handler.sequence.impl.DefaultRequestPathBasedSequenceHandlerTest" time="0.018"/>
  <testcase name="testGetSpRoleClaimUri" classname="org.wso2.carbon.identity.application.authentication.framework.handler.sequence.impl.DefaultRequestPathBasedSequenceHandlerTest" time="0.009"/>
  <testcase name="testGetSpRoleClaimUri" classname="org.wso2.carbon.identity.application.authentication.framework.handler.sequence.impl.DefaultRequestPathBasedSequenceHandlerTest" time="0.01"/>
  <testcase name="testGetSpRoleClaimUriSpMappedClaim" classname="org.wso2.carbon.identity.application.authentication.framework.handler.sequence.impl.DefaultRequestPathBasedSequenceHandlerTest" time="0.01"/>
  <testcase name="testGetSpRoleClaimUriSpMappedClaim" classname="org.wso2.carbon.identity.application.authentication.framework.handler.sequence.impl.DefaultRequestPathBasedSequenceHandlerTest" time="0.009"/>
  <testcase name="testGetSpRoleClaimUriSpMappedClaim" classname="org.wso2.carbon.identity.application.authentication.framework.handler.sequence.impl.DefaultRequestPathBasedSequenceHandlerTest" time="0.009"/>
  <testcase name="testGetSpRoleClaimUriSpMappedClaim" classname="org.wso2.carbon.identity.application.authentication.framework.handler.sequence.impl.DefaultRequestPathBasedSequenceHandlerTest" time="0.01"/>
  <testcase name="testHandleAuthSuccess" classname="org.wso2.carbon.identity.application.authentication.framework.handler.sequence.impl.DefaultRequestPathBasedSequenceHandlerTest" time="0.069"/>
  <testcase name="testHandleAuthenticatorFailedException" classname="org.wso2.carbon.identity.application.authentication.framework.handler.sequence.impl.DefaultRequestPathBasedSequenceHandlerTest" time="0.016"/>
  <testcase name="testHandleClaimMappings" classname="org.wso2.carbon.identity.application.authentication.framework.handler.sequence.impl.DefaultRequestPathBasedSequenceHandlerTest" time="0.011"/>
  <testcase name="testHandleClaimMappingsErrorFlow" classname="org.wso2.carbon.identity.application.authentication.framework.handler.sequence.impl.DefaultRequestPathBasedSequenceHandlerTest" time="0.009"/>
  <testcase name="testHandleClaimMappingsFailed" classname="org.wso2.carbon.identity.application.authentication.framework.handler.sequence.impl.DefaultRequestPathBasedSequenceHandlerTest" time="0.009"/>
  <testcase name="testHandleInvalidCredentialException" classname="org.wso2.carbon.identity.application.authentication.framework.handler.sequence.impl.DefaultRequestPathBasedSequenceHandlerTest" time="0.004"/>
  <testcase name="testHandleLogoutFailedException" classname="org.wso2.carbon.identity.application.authentication.framework.handler.sequence.impl.DefaultRequestPathBasedSequenceHandlerTest" time="0.003"/>
  <testcase name="testHandleNoneCanHandle" classname="org.wso2.carbon.identity.application.authentication.framework.handler.sequence.impl.DefaultRequestPathBasedSequenceHandlerTest" time="0.002"/>
  <testcase name="testHandlePostAuthentication" classname="org.wso2.carbon.identity.application.authentication.framework.handler.sequence.impl.DefaultRequestPathBasedSequenceHandlerTest" time="0.076"/>
  <testcase name="testHandlePostAuthentication" classname="org.wso2.carbon.identity.application.authentication.framework.handler.sequence.impl.DefaultRequestPathBasedSequenceHandlerTest" time="0.02"/>
  <testcase name="testHandlePostAuthentication" classname="org.wso2.carbon.identity.application.authentication.framework.handler.sequence.impl.DefaultRequestPathBasedSequenceHandlerTest" time="0.02"/>
  <testcase name="testHandlePostAuthentication" classname="org.wso2.carbon.identity.application.authentication.framework.handler.sequence.impl.DefaultRequestPathBasedSequenceHandlerTest" time="0.018"/>
  <testcase name="testHandlePostAuthentication" classname="org.wso2.carbon.identity.application.authentication.framework.handler.sequence.impl.DefaultRequestPathBasedSequenceHandlerTest" time="0.018"/>
  <testcase name="testGetIdentityProviderMappedUserRoles" classname="org.wso2.carbon.identity.application.authentication.framework.handler.sequence.impl.DefaultStepBasedSequenceHandlerTest" time="0.134"/>
  <testcase name="testGetIdentityProviderMappedUserRoles" classname="org.wso2.carbon.identity.application.authentication.framework.handler.sequence.impl.DefaultStepBasedSequenceHandlerTest" time="0.014"/>
  <testcase name="testGetIdentityProviderMappedUserRoles" classname="org.wso2.carbon.identity.application.authentication.framework.handler.sequence.impl.DefaultStepBasedSequenceHandlerTest" time="0.28"/>
  <testcase name="testGetIdentityProviderMappedUserRoles" classname="org.wso2.carbon.identity.application.authentication.framework.handler.sequence.impl.DefaultStepBasedSequenceHandlerTest" time="0.01"/>
  <testcase name="testGetIdentityProviderMappedUserRoles" classname="org.wso2.carbon.identity.application.authentication.framework.handler.sequence.impl.DefaultStepBasedSequenceHandlerTest" time="0.01"/>
  <testcase name="testGetIdentityProviderMappedUserRoles" classname="org.wso2.carbon.identity.application.authentication.framework.handler.sequence.impl.DefaultStepBasedSequenceHandlerTest" time="0.009"/>
  <testcase name="testGetIdentityProviderMappedUserRoles" classname="org.wso2.carbon.identity.application.authentication.framework.handler.sequence.impl.DefaultStepBasedSequenceHandlerTest" time="0.015"/>
  <testcase name="testGetIdpRoleClaimUri" classname="org.wso2.carbon.identity.application.authentication.framework.handler.sequence.impl.DefaultStepBasedSequenceHandlerTest" time="0.005"/>
  <testcase name="testGetIdpRoleClaimUri" classname="org.wso2.carbon.identity.application.authentication.framework.handler.sequence.impl.DefaultStepBasedSequenceHandlerTest" time="0.004"/>
  <testcase name="testGetIdpRoleClaimUri" classname="org.wso2.carbon.identity.application.authentication.framework.handler.sequence.impl.DefaultStepBasedSequenceHandlerTest" time="0.005"/>
  <testcase name="testGetIdpRoleClaimUriFromClaimMappings" classname="org.wso2.carbon.identity.application.authentication.framework.handler.sequence.impl.DefaultStepBasedSequenceHandlerTest" time="0.007"/>
  <testcase name="testGetIdpRoleClaimUriFromClaimMappings" classname="org.wso2.carbon.identity.application.authentication.framework.handler.sequence.impl.DefaultStepBasedSequenceHandlerTest" time="0.004"/>
  <testcase name="testGetIdpRoleClaimUriFromClaimMappings" classname="org.wso2.carbon.identity.application.authentication.framework.handler.sequence.impl.DefaultStepBasedSequenceHandlerTest" time="0.007"/>
  <testcase name="testGetIdpRoleClaimUriFromClaimMappings" classname="org.wso2.carbon.identity.application.authentication.framework.handler.sequence.impl.DefaultStepBasedSequenceHandlerTest" time="0.005"/>
  <testcase name="testGetIdpRoleClaimUriFromClaimMappings" classname="org.wso2.carbon.identity.application.authentication.framework.handler.sequence.impl.DefaultStepBasedSequenceHandlerTest" time="0.005"/>
  <testcase name="testGetInstance" classname="org.wso2.carbon.identity.application.authentication.framework.handler.sequence.impl.DefaultStepBasedSequenceHandlerTest" time="0.003"/>
  <testcase name="testGetServiceProviderMappedUserRoles" classname="org.wso2.carbon.identity.application.authentication.framework.handler.sequence.impl.DefaultStepBasedSequenceHandlerTest" time="0.033"/>
  <testcase name="testGetServiceProviderMappedUserRoles" classname="org.wso2.carbon.identity.application.authentication.framework.handler.sequence.impl.DefaultStepBasedSequenceHandlerTest" time="0.01"/>
  <testcase name="testGetServiceProviderMappedUserRoles" classname="org.wso2.carbon.identity.application.authentication.framework.handler.sequence.impl.DefaultStepBasedSequenceHandlerTest" time="0.01"/>
  <testcase name="testGetServiceProviderMappedUserRoles" classname="org.wso2.carbon.identity.application.authentication.framework.handler.sequence.impl.DefaultStepBasedSequenceHandlerTest" time="0.011"/>
  <testcase name="testGetServiceProviderMappedUserRoles" classname="org.wso2.carbon.identity.application.authentication.framework.handler.sequence.impl.DefaultStepBasedSequenceHandlerTest" time="0.009"/>
  <testcase name="testGetServiceProviderMappedUserRoles" classname="org.wso2.carbon.identity.application.authentication.framework.handler.sequence.impl.DefaultStepBasedSequenceHandlerTest" time="0.011"/>
  <testcase name="testGetSpRoleClaimUri" classname="org.wso2.carbon.identity.application.authentication.framework.handler.sequence.impl.DefaultStepBasedSequenceHandlerTest" time="0.005"/>
  <testcase name="testGetSpRoleClaimUri" classname="org.wso2.carbon.identity.application.authentication.framework.handler.sequence.impl.DefaultStepBasedSequenceHandlerTest" time="0.005"/>
  <testcase name="testGetSpRoleClaimUri" classname="org.wso2.carbon.identity.application.authentication.framework.handler.sequence.impl.DefaultStepBasedSequenceHandlerTest" time="0.006"/>
  <testcase name="testGetSpRoleClaimUriSpMappedClaim" classname="org.wso2.carbon.identity.application.authentication.framework.handler.sequence.impl.DefaultStepBasedSequenceHandlerTest" time="0.005"/>
  <testcase name="testGetSpRoleClaimUriSpMappedClaim" classname="org.wso2.carbon.identity.application.authentication.framework.handler.sequence.impl.DefaultStepBasedSequenceHandlerTest" time="0.006"/>
  <testcase name="testGetSpRoleClaimUriSpMappedClaim" classname="org.wso2.carbon.identity.application.authentication.framework.handler.sequence.impl.DefaultStepBasedSequenceHandlerTest" time="0.007"/>
  <testcase name="testGetSpRoleClaimUriSpMappedClaim" classname="org.wso2.carbon.identity.application.authentication.framework.handler.sequence.impl.DefaultStepBasedSequenceHandlerTest" time="0.006"/>
  <testcase name="testHandleClaimMappings" classname="org.wso2.carbon.identity.application.authentication.framework.handler.sequence.impl.DefaultStepBasedSequenceHandlerTest" time="0.019"/>
  <testcase name="testHandleClaimMappingsFailed" classname="org.wso2.carbon.identity.application.authentication.framework.handler.sequence.impl.DefaultStepBasedSequenceHandlerTest" time="0.011"/>
  <testcase name="testHandleJitProvisioning" classname="org.wso2.carbon.identity.application.authentication.framework.handler.sequence.impl.DefaultStepBasedSequenceHandlerTest" time="0.09"/>
  <testcase name="testHandleJitProvisioning" classname="org.wso2.carbon.identity.application.authentication.framework.handler.sequence.impl.DefaultStepBasedSequenceHandlerTest" time="0.012"/>
  <testcase name="testHandleJitProvisioning" classname="org.wso2.carbon.identity.application.authentication.framework.handler.sequence.impl.DefaultStepBasedSequenceHandlerTest" time="0.01"/>
  <testcase name="testHandleJitProvisioningFailure" classname="org.wso2.carbon.identity.application.authentication.framework.handler.sequence.impl.DefaultStepBasedSequenceHandlerTest" time="0.009"/>
  <testcase name="testHandleLastStep" classname="org.wso2.carbon.identity.application.authentication.framework.handler.sequence.impl.DefaultStepBasedSequenceHandlerTest" time="0.013"/>
  <testcase name="testHandleLastStep" classname="org.wso2.carbon.identity.application.authentication.framework.handler.sequence.impl.DefaultStepBasedSequenceHandlerTest" time="0.005"/>
  <testcase name="testHandleMultiOptionStep" classname="org.wso2.carbon.identity.application.authentication.framework.handler.sequence.impl.DefaultStepBasedSequenceHandlerTest" time="0.013"/>
  <testcase name="testHandlePassiveAuthenticateWhenMultiOptionStep" classname="org.wso2.carbon.identity.application.authentication.framework.handler.sequence.impl.DefaultStepBasedSequenceHandlerTest" time="0.006"/>
  <testcase name="testHandlePostAuthenticationSubjectIdentifier" classname="org.wso2.carbon.identity.application.authentication.framework.handler.sequence.impl.DefaultStepBasedSequenceHandlerTest" time="0.02"/>
  <testcase name="testHandlePostAuthenticationSubjectIdentifier" classname="org.wso2.carbon.identity.application.authentication.framework.handler.sequence.impl.DefaultStepBasedSequenceHandlerTest" time="0.005"/>
  <testcase name="testHandlePostAuthenticationSubjectIdentifier" classname="org.wso2.carbon.identity.application.authentication.framework.handler.sequence.impl.DefaultStepBasedSequenceHandlerTest" time="0.005"/>
  <testcase name="testHandlePostAuthenticationSubjectIdentifier" classname="org.wso2.carbon.identity.application.authentication.framework.handler.sequence.impl.DefaultStepBasedSequenceHandlerTest" time="0.006"/>
  <testcase name="testHandlePostAuthenticationSubjectIdentifier" classname="org.wso2.carbon.identity.application.authentication.framework.handler.sequence.impl.DefaultStepBasedSequenceHandlerTest" time="0.005"/>
  <testcase name="testHandlePostAuthenticationSubjectIdentifier" classname="org.wso2.carbon.identity.application.authentication.framework.handler.sequence.impl.DefaultStepBasedSequenceHandlerTest" time="0.005"/>
  <testcase name="testHandlePostAuthenticationSubjectIdentifier" classname="org.wso2.carbon.identity.application.authentication.framework.handler.sequence.impl.DefaultStepBasedSequenceHandlerTest" time="0.005"/>
  <testcase name="testHandlePostAuthenticationSubjectIdentifier" classname="org.wso2.carbon.identity.application.authentication.framework.handler.sequence.impl.DefaultStepBasedSequenceHandlerTest" time="0.004"/>
  <testcase name="testHandlePostAuthenticationSubjectIdentifier" classname="org.wso2.carbon.identity.application.authentication.framework.handler.sequence.impl.DefaultStepBasedSequenceHandlerTest" time="0.005"/>
  <testcase name="testHandlePostAuthenticationSubjectIdentifier" classname="org.wso2.carbon.identity.application.authentication.framework.handler.sequence.impl.DefaultStepBasedSequenceHandlerTest" time="0.004"/>
  <testcase name="testHandleSingleStep" classname="org.wso2.carbon.identity.application.authentication.framework.handler.sequence.impl.DefaultStepBasedSequenceHandlerTest" time="0.007"/>
  <testcase name="testHandleSingleStepFinish" classname="org.wso2.carbon.identity.application.authentication.framework.handler.sequence.impl.DefaultStepBasedSequenceHandlerTest" time="0.006"/>
  <testcase name="testResetAuthenticationContext" classname="org.wso2.carbon.identity.application.authentication.framework.handler.sequence.impl.DefaultStepBasedSequenceHandlerTest" time="0.006"/>
  <testcase name="(org.wso2.carbon.identity.application.authentication.framework.handler.sequence.impl.GraphBasedSequenceHandlerAcrTest)" classname="org.wso2.carbon.identity.application.authentication.framework.handler.sequence.impl.GraphBasedSequenceHandlerAcrTest" time="1.219"/>
  <testcase name="(org.wso2.carbon.identity.application.authentication.framework.handler.sequence.impl.GraphBasedSequenceHandlerAcrTest)" classname="org.wso2.carbon.identity.application.authentication.framework.handler.sequence.impl.GraphBasedSequenceHandlerAcrTest" time="0.058"/>
  <testcase name="(org.wso2.carbon.identity.application.authentication.framework.handler.sequence.impl.GraphBasedSequenceHandlerAcrTest)" classname="org.wso2.carbon.identity.application.authentication.framework.handler.sequence.impl.GraphBasedSequenceHandlerAcrTest" time="0.275"/>
  <testcase name="(org.wso2.carbon.identity.application.authentication.framework.handler.sequence.impl.GraphBasedSequenceHandlerAcrTest)" classname="org.wso2.carbon.identity.application.authentication.framework.handler.sequence.impl.GraphBasedSequenceHandlerAcrTest" time="0.046"/>
  <testcase name="(org.wso2.carbon.identity.application.authentication.framework.handler.sequence.impl.GraphBasedSequenceHandlerAcrTest)" classname="org.wso2.carbon.identity.application.authentication.framework.handler.sequence.impl.GraphBasedSequenceHandlerAcrTest" time="0.042"/>
  <testcase name="(org.wso2.carbon.identity.application.authentication.framework.handler.sequence.impl.GraphBasedSequenceHandlerClaimMappingsTest)" classname="org.wso2.carbon.identity.application.authentication.framework.handler.sequence.impl.GraphBasedSequenceHandlerClaimMappingsTest" time="0.204"/>
  <testcase name="(org.wso2.carbon.identity.application.authentication.framework.handler.sequence.impl.GraphBasedSequenceHandlerCustomFunctionsTest)" classname="org.wso2.carbon.identity.application.authentication.framework.handler.sequence.impl.GraphBasedSequenceHandlerCustomFunctionsTest" time="0.12"/>
  <testcase name="(org.wso2.carbon.identity.application.authentication.framework.handler.sequence.impl.GraphBasedSequenceHandlerCustomFunctionsTest)" classname="org.wso2.carbon.identity.application.authentication.framework.handler.sequence.impl.GraphBasedSequenceHandlerCustomFunctionsTest" time="0.093"/>
  <testcase name="(org.wso2.carbon.identity.application.authentication.framework.handler.sequence.impl.GraphBasedSequenceHandlerCustomFunctionsTest)" classname="org.wso2.carbon.identity.application.authentication.framework.handler.sequence.impl.GraphBasedSequenceHandlerCustomFunctionsTest" time="0.148"/>
  <testcase name="(org.wso2.carbon.identity.application.authentication.framework.handler.sequence.impl.GraphBasedSequenceHandlerCustomFunctionsTest)" classname="org.wso2.carbon.identity.application.authentication.framework.handler.sequence.impl.GraphBasedSequenceHandlerCustomFunctionsTest" time="0.078"/>
  <testcase name="(org.wso2.carbon.identity.application.authentication.framework.handler.sequence.impl.GraphBasedSequenceHandlerCustomFunctionsTest)" classname="org.wso2.carbon.identity.application.authentication.framework.handler.sequence.impl.GraphBasedSequenceHandlerCustomFunctionsTest" time="0.085"/>
  <testcase name="(org.wso2.carbon.identity.application.authentication.framework.handler.sequence.impl.GraphBasedSequenceHandlerLongWaitTest)" classname="org.wso2.carbon.identity.application.authentication.framework.handler.sequence.impl.GraphBasedSequenceHandlerLongWaitTest" time="0.095"/>
  <testcase name="(org.wso2.carbon.identity.application.authentication.framework.handler.sequence.impl.GraphBasedSequenceHandlerNoJsTest)" classname="org.wso2.carbon.identity.application.authentication.framework.handler.sequence.impl.GraphBasedSequenceHandlerNoJsTest" time="0.005"/>
  <testcase name="(org.wso2.carbon.identity.application.authentication.framework.handler.sequence.impl.GraphBasedSequenceHandlerNoJsTest)" classname="org.wso2.carbon.identity.application.authentication.framework.handler.sequence.impl.GraphBasedSequenceHandlerNoJsTest" time="0.004"/>
  <testcase name="testCanHandle" classname="org.wso2.carbon.identity.application.authentication.framework.inbound.HttpIdentityRequestFactoryTest" time="0.001"/>
  <testcase name="testCreate" classname="org.wso2.carbon.identity.application.authentication.framework.inbound.HttpIdentityRequestFactoryTest" time="0.102"/>
  <testcase name="testCreate" classname="org.wso2.carbon.identity.application.authentication.framework.inbound.HttpIdentityRequestFactoryTest" time="0.005"/>
  <testcase name="testHandleFrameworkClientException" classname="org.wso2.carbon.identity.application.authentication.framework.inbound.HttpIdentityRequestFactoryTest" time="0.002"/>
  <testcase name="testHandleRuntimeException" classname="org.wso2.carbon.identity.application.authentication.framework.inbound.HttpIdentityRequestFactoryTest" time="0"/>
  <testcase name="testInit" classname="org.wso2.carbon.identity.application.authentication.framework.inbound.HttpIdentityRequestFactoryTest" time="0.051"/>
  <testcase name="testInitWithDuplicateEventListenerProperties" classname="org.wso2.carbon.identity.application.authentication.framework.inbound.HttpIdentityRequestFactoryTest" time="0.001"/>
  <testcase name="testInitWithDuplicateEventListenerProperties" classname="org.wso2.carbon.identity.application.authentication.framework.inbound.HttpIdentityRequestFactoryTest" time="0.001"/>
  <testcase name="testInitWithDuplicateEventListenerProperties" classname="org.wso2.carbon.identity.application.authentication.framework.inbound.HttpIdentityRequestFactoryTest" time="0.001"/>
  <testcase name="testCanHandle" classname="org.wso2.carbon.identity.application.authentication.framework.inbound.HttpIdentityResponseFactoryTest" time="0.065"/>
  <testcase name="testCanHandle2" classname="org.wso2.carbon.identity.application.authentication.framework.inbound.HttpIdentityResponseFactoryTest" time="0.001"/>
  <testcase name="testCanHandleFrameworkException" classname="org.wso2.carbon.identity.application.authentication.framework.inbound.HttpIdentityResponseFactoryTest" time="0.017"/>
  <testcase name="testHandleException" classname="org.wso2.carbon.identity.application.authentication.framework.inbound.HttpIdentityResponseFactoryTest" time="0.017"/>
  <testcase name="testHandleException1" classname="org.wso2.carbon.identity.application.authentication.framework.inbound.HttpIdentityResponseFactoryTest" time="0.012"/>
  <testcase name="testInit" classname="org.wso2.carbon.identity.application.authentication.framework.inbound.HttpIdentityResponseFactoryTest" time="0.1"/>
  <testcase name="testInitWithDuplicateEventListenerProperties" classname="org.wso2.carbon.identity.application.authentication.framework.inbound.HttpIdentityResponseFactoryTest" time="0.018"/>
  <testcase name="testInitWithDuplicateEventListenerProperties" classname="org.wso2.carbon.identity.application.authentication.framework.inbound.HttpIdentityResponseFactoryTest" time="0.012"/>
  <testcase name="testInitWithDuplicateEventListenerProperties" classname="org.wso2.carbon.identity.application.authentication.framework.inbound.HttpIdentityResponseFactoryTest" time="0.013"/>
  <testcase name="(org.wso2.carbon.identity.application.authentication.framework.config.model.graph.js.JsAuthenticationContextTest)" classname="org.wso2.carbon.identity.application.authentication.framework.config.model.graph.js.JsAuthenticationContextTest" time="0.018"/>
  <testcase name="(org.wso2.carbon.identity.application.authentication.framework.config.model.graph.js.JsAuthenticationContextTest)" classname="org.wso2.carbon.identity.application.authentication.framework.config.model.graph.js.JsAuthenticationContextTest" time="0.014"/>
  <testcase name="(org.wso2.carbon.identity.application.authentication.framework.config.model.graph.js.JsAuthenticationContextTest)" classname="org.wso2.carbon.identity.application.authentication.framework.config.model.graph.js.JsAuthenticationContextTest" time="0"/>
  <testcase name="(org.wso2.carbon.identity.application.authentication.framework.config.model.graph.js.JsAuthenticationContextTest)" classname="org.wso2.carbon.identity.application.authentication.framework.config.model.graph.js.JsAuthenticationContextTest" time="0.004"/>
  <testcase name="(org.wso2.carbon.identity.application.authentication.framework.config.model.graph.js.JsAuthenticationContextTest)" classname="org.wso2.carbon.identity.application.authentication.framework.config.model.graph.js.JsAuthenticationContextTest" time="0.005"/>
  <testcase name="(org.wso2.carbon.identity.application.authentication.framework.config.model.graph.JsGraphBuilderTest)" classname="org.wso2.carbon.identity.application.authentication.framework.config.model.graph.JsGraphBuilderTest" time="0.057"/>
  <testcase name="(org.wso2.carbon.identity.application.authentication.framework.config.model.graph.JsGraphBuilderTest)" classname="org.wso2.carbon.identity.application.authentication.framework.config.model.graph.JsGraphBuilderTest" time="0.008"/>
  <testcase name="(org.wso2.carbon.identity.application.authentication.framework.config.model.graph.JsGraphBuilderTest)" classname="org.wso2.carbon.identity.application.authentication.framework.config.model.graph.JsGraphBuilderTest" time="0.021"/>
  <testcase name="testHandlePostAuthentication" classname="org.wso2.carbon.identity.application.authentication.framework.services.PostAuthenticationMgtServiceTest" time="0.018"/>
  <testcase name="testHandlePostAuthentication" classname="org.wso2.carbon.identity.application.authentication.framework.services.PostAuthenticationMgtServiceTest" time="0.005"/>
  <testcase name="testHandlePostAuthentication" classname="org.wso2.carbon.identity.application.authentication.framework.services.PostAuthenticationMgtServiceTest" time="0.009"/>
  <testcase name="testHandlePostAuthenticationExceptions" classname="org.wso2.carbon.identity.application.authentication.framework.services.PostAuthenticationMgtServiceTest" time="0.006"/>
  <testcase name="testHandlePostAuthenticationExceptions" classname="org.wso2.carbon.identity.application.authentication.framework.services.PostAuthenticationMgtServiceTest" time="0.015"/>
  <testcase name="(org.wso2.carbon.identity.application.authentication.framework.config.loader.UIBasedConfigurationLoaderTest)" classname="org.wso2.carbon.identity.application.authentication.framework.config.loader.UIBasedConfigurationLoaderTest" time="0.001"/>
</testsuite>