<?xml version="1.0" encoding="UTF-8"?>
<testsuite xmlns:xsi="http://www.w3.org/2001/XMLSchema-instance" xsi:noNamespaceSchemaLocation="https://maven.apache.org/surefire/maven-surefire-plugin/xsd/surefire-test-report.xsd" name="TestSuite" time="3.286" tests="5014" errors="0" skipped="0" failures="1">
  <properties>
    <property name="awt.toolkit" value="sun.awt.X11.XToolkit"/>
    <property name="file.encoding.pkg" value="sun.io"/>
    <property name="java.specification.version" value="1.8"/>
    <property name="sun.cpu.isalist" value=""/>
    <property name="sun.jnu.encoding" value="UTF-8"/>
    <property name="java.class.path" value="/root/workspace/OpenGamma/Strata/386145139/modules/basics/target/test-classes:/root/workspace/OpenGamma/Strata/386145139/modules/basics/target/classes:/root/workspace/OpenGamma/Strata/386145139/modules/collect/target/classes:/root/./workspace/OpenGamma/Strata/386145139/.m2/com/google/guava/guava/25.1-jre/guava-25.1-jre.jar:/root/./workspace/OpenGamma/Strata/386145139/.m2/org/joda/joda-beans/2.2.1/joda-beans-2.2.1.jar:/root/./workspace/OpenGamma/Strata/386145139/.m2/org/joda/joda-convert/2.0.2/joda-convert-2.0.2.jar:/root/workspace/OpenGamma/Strata/386145139/modules/collect/target/test-classes:/root/./workspace/OpenGamma/Strata/386145139/.m2/org/testng/testng/6.14.2/testng-6.14.2.jar:/root/./workspace/OpenGamma/Strata/386145139/.m2/com/beust/jcommander/1.72/jcommander-1.72.jar:/root/./workspace/OpenGamma/Strata/386145139/.m2/org/assertj/assertj-core/3.10.0/assertj-core-3.10.0.jar:/root/./workspace/OpenGamma/Strata/386145139/.m2/org/apache/maven/surefire/surefire-testng-utils/2.20.1/surefire-testng-utils-2.20.1.jar:/root/./workspace/OpenGamma/Strata/386145139/.m2/org/apache/maven/surefire/surefire-grouper/2.20.1/surefire-grouper-2.20.1.jar:"/>
    <property name="java.vm.vendor" value="Oracle Corporation"/>
    <property name="skip.bower" value="true"/>
    <property name="sun.arch.data.model" value="64"/>
    <property name="java.vendor.url" value="http://java.oracle.com/"/>
    <property name="user.timezone" value=""/>
    <property name="java.vm.specification.version" value="1.8"/>
    <property name="os.name" value="Linux"/>
    <property name="rat.skip" value="true"/>
    <property name="gpg.skip" value="true"/>
    <property name="sun.java.launcher" value="SUN_STANDARD"/>
    <property name="sun.boot.library.path" value="/usr/lib/jvm/java-8-openjdk-amd64/jre/lib/amd64"/>
    <property name="skip.gulp" value="true"/>
    <property name="sun.java.command" value="/root/workspace/OpenGamma/Strata/386145139/modules/basics/target/surefire/surefirebooter4969142958028226939.jar /root/workspace/OpenGamma/Strata/386145139/modules/basics/target/surefire 2018-05-31T14-00-37_964-jvmRun1 surefire6427147769394493401tmp surefire_17256662147212603132tmp"/>
    <property name="dependency-check.skip" value="true"/>
    <property name="surefire.test.class.path" value="/root/workspace/OpenGamma/Strata/386145139/modules/basics/target/test-classes:/root/workspace/OpenGamma/Strata/386145139/modules/basics/target/classes:/root/workspace/OpenGamma/Strata/386145139/modules/collect/target/classes:/root/./workspace/OpenGamma/Strata/386145139/.m2/com/google/guava/guava/25.1-jre/guava-25.1-jre.jar:/root/./workspace/OpenGamma/Strata/386145139/.m2/org/joda/joda-beans/2.2.1/joda-beans-2.2.1.jar:/root/./workspace/OpenGamma/Strata/386145139/.m2/org/joda/joda-convert/2.0.2/joda-convert-2.0.2.jar:/root/workspace/OpenGamma/Strata/386145139/modules/collect/target/test-classes:/root/./workspace/OpenGamma/Strata/386145139/.m2/org/testng/testng/6.14.2/testng-6.14.2.jar:/root/./workspace/OpenGamma/Strata/386145139/.m2/com/beust/jcommander/1.72/jcommander-1.72.jar:/root/./workspace/OpenGamma/Strata/386145139/.m2/org/assertj/assertj-core/3.10.0/assertj-core-3.10.0.jar:/root/./workspace/OpenGamma/Strata/386145139/.m2/org/apache/maven/surefire/surefire-testng-utils/2.20.1/surefire-testng-utils-2.20.1.jar:/root/./workspace/OpenGamma/Strata/386145139/.m2/org/apache/maven/surefire/surefire-grouper/2.20.1/surefire-grouper-2.20.1.jar:"/>
    <property name="sun.cpu.endian" value="little"/>
    <property name="user.home" value="/root"/>
    <property name="user.language" value="en"/>
    <property name="java.specification.vendor" value="Oracle Corporation"/>
    <property name="java.home" value="/usr/lib/jvm/java-8-openjdk-amd64/jre"/>
    <property name="basedir" value="/root/workspace/OpenGamma/Strata/386145139/modules/basics"/>
    <property name="file.separator" value="/"/>
    <property name="checkstyle.skip" value="true"/>
    <property name="line.separator" value="&#10;"/>
    <property name="skip.npm" value="true"/>
    <property name="java.vm.specification.vendor" value="Oracle Corporation"/>
    <property name="java.specification.name" value="Java Platform API Specification"/>
    <property name="java.awt.graphicsenv" value="sun.awt.X11GraphicsEnvironment"/>
    <property name="skipITs" value="true"/>
    <property name="surefire.real.class.path" value="/root/workspace/OpenGamma/Strata/386145139/modules/basics/target/surefire/surefirebooter4969142958028226939.jar"/>
    <property name="cobertura.skip" value="true"/>
    <property name="sun.boot.class.path" value="/usr/lib/jvm/java-8-openjdk-amd64/jre/lib/resources.jar:/usr/lib/jvm/java-8-openjdk-amd64/jre/lib/rt.jar:/usr/lib/jvm/java-8-openjdk-amd64/jre/lib/sunrsasign.jar:/usr/lib/jvm/java-8-openjdk-amd64/jre/lib/jsse.jar:/usr/lib/jvm/java-8-openjdk-amd64/jre/lib/jce.jar:/usr/lib/jvm/java-8-openjdk-amd64/jre/lib/charsets.jar:/usr/lib/jvm/java-8-openjdk-amd64/jre/lib/jfr.jar:/usr/lib/jvm/java-8-openjdk-amd64/jre/classes"/>
    <property name="sun.management.compiler" value="HotSpot 64-Bit Tiered Compilers"/>
    <property name="java.runtime.version" value="1.8.0_121-8u121-b13-1~bpo8+1-b13"/>
    <property name="user.name" value="root"/>
    <property name="findbugs.skip" value="true"/>
    <property name="path.separator" value=":"/>
    <property name="os.version" value="3.10.0-862.3.2.el7.x86_64"/>
    <property name="java.endorsed.dirs" value="/usr/lib/jvm/java-8-openjdk-amd64/jre/lib/endorsed"/>
    <property name="java.runtime.name" value="OpenJDK Runtime Environment"/>
    <property name="file.encoding" value="UTF-8"/>
    <property name="java.vm.name" value="OpenJDK 64-Bit Server VM"/>
    <property name="localRepository" value="/root/./workspace/OpenGamma/Strata/386145139/.m2"/>
    <property name="java.vendor.url.bug" value="http://bugreport.sun.com/bugreport/"/>
    <property name="java.io.tmpdir" value="/tmp"/>
    <property name="java.version" value="1.8.0_121"/>
    <property name="user.dir" value="/root/workspace/OpenGamma/Strata/386145139/modules/basics"/>
    <property name="os.arch" value="amd64"/>
    <property name="license.skip" value="true"/>
    <property name="java.vm.specification.name" value="Java Virtual Machine Specification"/>
    <property name="java.awt.printerjob" value="sun.print.PSPrinterJob"/>
    <property name="sun.os.patch.level" value="unknown"/>
    <property name="java.library.path" value="/usr/java/packages/lib/amd64:/usr/lib/x86_64-linux-gnu/jni:/lib/x86_64-linux-gnu:/usr/lib/x86_64-linux-gnu:/usr/lib/jni:/lib:/usr/lib"/>
    <property name="java.vm.info" value="mixed mode"/>
    <property name="java.vendor" value="Oracle Corporation"/>
    <property name="java.vm.version" value="25.121-b13"/>
    <property name="java.ext.dirs" value="/usr/lib/jvm/java-8-openjdk-amd64/jre/lib/ext:/usr/java/packages/lib/ext"/>
    <property name="sun.io.unicode.encoding" value="UnicodeLittle"/>
    <property name="maven.repo.local" value="/root/./workspace/OpenGamma/Strata/386145139/.m2"/>
    <property name="enforcer.skip" value="true"/>
    <property name="java.class.version" value="52.0"/>
  </properties>
  <testcase name="coverage" classname="com.opengamma.strata.basics.date.Business252DayCountTest" time="0.013"/>
  <testcase name="coverage" classname="com.opengamma.strata.basics.currency.AdjustablePaymentTest" time="0.063"/>
  <testcase name="coverage" classname="com.opengamma.strata.basics.date.BusinessDayAdjustmentTest" time="0"/>
  <testcase name="test_negated" classname="com.opengamma.strata.basics.currency.AdjustablePaymentTest" time="0"/>
  <testcase name="coverage" classname="com.opengamma.strata.basics.date.AdjustableDateTest" time="0"/>
  <testcase name="coverage_builder" classname="com.opengamma.strata.basics.date.BusinessDayAdjustmentTest" time="0"/>
  <testcase name="equals" classname="com.opengamma.strata.basics.date.AdjustableDateTest" time="0"/>
  <testcase name="test_ofPayAdjustable" classname="com.opengamma.strata.basics.currency.AdjustablePaymentTest" time="0"/>
  <testcase name="test_ofPayFixed" classname="com.opengamma.strata.basics.currency.AdjustablePaymentTest" time="0"/>
  <testcase name="test_ofReceiveAdjustable" classname="com.opengamma.strata.basics.currency.AdjustablePaymentTest" time="0"/>
  <testcase name="test_ofReceiveFixed" classname="com.opengamma.strata.basics.currency.AdjustablePaymentTest" time="0"/>
  <testcase name="test_of_2argsAdjustable" classname="com.opengamma.strata.basics.currency.AdjustablePaymentTest" time="0"/>
  <testcase name="test_of_2argsFixed" classname="com.opengamma.strata.basics.currency.AdjustablePaymentTest" time="0"/>
  <testcase name="test_of_3argsAdjustable" classname="com.opengamma.strata.basics.currency.AdjustablePaymentTest" time="0"/>
  <testcase name="test_of_3argsFixed" classname="com.opengamma.strata.basics.currency.AdjustablePaymentTest" time="0"/>
  <testcase name="test_resolve" classname="com.opengamma.strata.basics.currency.AdjustablePaymentTest" time="0"/>
  <testcase name="test_adjusted" classname="com.opengamma.strata.basics.date.AdjustableDateTest" time="0"/>
  <testcase name="test_adjusted" classname="com.opengamma.strata.basics.date.AdjustableDateTest" time="0"/>
  <testcase name="test_adjusted" classname="com.opengamma.strata.basics.date.AdjustableDateTest" time="0"/>
  <testcase name="test_adjusted" classname="com.opengamma.strata.basics.date.AdjustableDateTest" time="0"/>
  <testcase name="test_adjusted" classname="com.opengamma.strata.basics.date.AdjustableDateTest" time="0"/>
  <testcase name="test_adjusted" classname="com.opengamma.strata.basics.date.AdjustableDateTest" time="0"/>
  <testcase name="test_adjustDate" classname="com.opengamma.strata.basics.date.BusinessDayAdjustmentTest" time="0"/>
  <testcase name="test_adjustDate" classname="com.opengamma.strata.basics.date.BusinessDayAdjustmentTest" time="0"/>
  <testcase name="test_adjustDate" classname="com.opengamma.strata.basics.date.BusinessDayAdjustmentTest" time="0"/>
  <testcase name="test_adjustDate" classname="com.opengamma.strata.basics.date.BusinessDayAdjustmentTest" time="0"/>
  <testcase name="test_adjustDate" classname="com.opengamma.strata.basics.date.BusinessDayAdjustmentTest" time="0"/>
  <testcase name="test_adjustDate" classname="com.opengamma.strata.basics.date.BusinessDayAdjustmentTest" time="0"/>
  <testcase name="test_adjustDate" classname="com.opengamma.strata.basics.date.BusinessDayAdjustmentTest" time="0"/>
  <testcase name="test_adjustDate" classname="com.opengamma.strata.basics.date.BusinessDayAdjustmentTest" time="0"/>
  <testcase name="test_adjustDate" classname="com.opengamma.strata.basics.date.BusinessDayAdjustmentTest" time="0"/>
  <testcase name="test_adjustDate" classname="com.opengamma.strata.basics.date.BusinessDayAdjustmentTest" time="0"/>
  <testcase name="test_adjustDate" classname="com.opengamma.strata.basics.date.BusinessDayAdjustmentTest" time="0"/>
  <testcase name="test_adjustDate" classname="com.opengamma.strata.basics.date.BusinessDayAdjustmentTest" time="0"/>
  <testcase name="test_adjustDate" classname="com.opengamma.strata.basics.date.BusinessDayAdjustmentTest" time="0"/>
  <testcase name="test_adjustDate" classname="com.opengamma.strata.basics.date.BusinessDayAdjustmentTest" time="0"/>
  <testcase name="test_adjustDate" classname="com.opengamma.strata.basics.date.BusinessDayAdjustmentTest" time="0.001"/>
  <testcase name="test_adjustDate" classname="com.opengamma.strata.basics.date.BusinessDayAdjustmentTest" time="0.003"/>
  <testcase name="test_adjustDate" classname="com.opengamma.strata.basics.date.BusinessDayAdjustmentTest" time="0"/>
  <testcase name="test_adjustDate" classname="com.opengamma.strata.basics.date.BusinessDayAdjustmentTest" time="0"/>
  <testcase name="test_adjustDate" classname="com.opengamma.strata.basics.date.BusinessDayAdjustmentTest" time="0"/>
  <testcase name="test_adjustDate" classname="com.opengamma.strata.basics.date.BusinessDayAdjustmentTest" time="0.001"/>
  <testcase name="test_adjustDate" classname="com.opengamma.strata.basics.date.BusinessDayAdjustmentTest" time="0"/>
  <testcase name="test_adjustDate" classname="com.opengamma.strata.basics.date.BusinessDayAdjustmentTest" time="0"/>
  <testcase name="test_adjustDate" classname="com.opengamma.strata.basics.date.BusinessDayAdjustmentTest" time="0"/>
  <testcase name="test_adjustDate" classname="com.opengamma.strata.basics.date.BusinessDayAdjustmentTest" time="0.001"/>
  <testcase name="test_adjustDate" classname="com.opengamma.strata.basics.date.BusinessDayAdjustmentTest" time="0"/>
  <testcase name="test_adjustDate" classname="com.opengamma.strata.basics.date.BusinessDayAdjustmentTest" time="0"/>
  <testcase name="test_adjustDate" classname="com.opengamma.strata.basics.date.BusinessDayAdjustmentTest" time="0.001"/>
  <testcase name="test_adjustDate" classname="com.opengamma.strata.basics.date.BusinessDayAdjustmentTest" time="0"/>
  <testcase name="test_adjustDate" classname="com.opengamma.strata.basics.date.BusinessDayAdjustmentTest" time="0"/>
  <testcase name="test_adjustDate" classname="com.opengamma.strata.basics.date.BusinessDayAdjustmentTest" time="0.001"/>
  <testcase name="test_adjustDate" classname="com.opengamma.strata.basics.date.BusinessDayAdjustmentTest" time="0"/>
  <testcase name="test_adjustDate" classname="com.opengamma.strata.basics.date.BusinessDayAdjustmentTest" time="0.001"/>
  <testcase name="test_adjustDate" classname="com.opengamma.strata.basics.date.BusinessDayAdjustmentTest" time="0"/>
  <testcase name="test_adjustDate" classname="com.opengamma.strata.basics.date.BusinessDayAdjustmentTest" time="0"/>
  <testcase name="test_adjustDate" classname="com.opengamma.strata.basics.date.BusinessDayAdjustmentTest" time="0.001"/>
  <testcase name="test_adjustDate" classname="com.opengamma.strata.basics.date.BusinessDayAdjustmentTest" time="0"/>
  <testcase name="test_adjustDate" classname="com.opengamma.strata.basics.date.BusinessDayAdjustmentTest" time="0"/>
  <testcase name="test_adjustDate" classname="com.opengamma.strata.basics.date.BusinessDayAdjustmentTest" time="0.001"/>
  <testcase name="test_adjustDate" classname="com.opengamma.strata.basics.date.BusinessDayAdjustmentTest" time="0"/>
  <testcase name="test_adjustDate" classname="com.opengamma.strata.basics.date.BusinessDayAdjustmentTest" time="0"/>
  <testcase name="test_adjustDate" classname="com.opengamma.strata.basics.date.BusinessDayAdjustmentTest" time="0.001"/>
  <testcase name="test_adjustDate" classname="com.opengamma.strata.basics.date.BusinessDayAdjustmentTest" time="0"/>
  <testcase name="test_adjustDate" classname="com.opengamma.strata.basics.date.BusinessDayAdjustmentTest" time="0"/>
  <testcase name="test_adjustDate" classname="com.opengamma.strata.basics.date.BusinessDayAdjustmentTest" time="0"/>
  <testcase name="test_adjustDate" classname="com.opengamma.strata.basics.date.BusinessDayAdjustmentTest" time="0"/>
  <testcase name="test_adjustDate" classname="com.opengamma.strata.basics.date.BusinessDayAdjustmentTest" time="0"/>
  <testcase name="test_adjustDate" classname="com.opengamma.strata.basics.date.BusinessDayAdjustmentTest" time="0"/>
  <testcase name="test_adjustDate" classname="com.opengamma.strata.basics.date.BusinessDayAdjustmentTest" time="0"/>
  <testcase name="test_adjustDate" classname="com.opengamma.strata.basics.date.BusinessDayAdjustmentTest" time="0"/>
  <testcase name="test_adjustDate" classname="com.opengamma.strata.basics.date.BusinessDayAdjustmentTest" time="0.003"/>
  <testcase name="test_adjustDate" classname="com.opengamma.strata.basics.date.BusinessDayAdjustmentTest" time="0.001"/>
  <testcase name="test_adjustDate" classname="com.opengamma.strata.basics.date.BusinessDayAdjustmentTest" time="0"/>
  <testcase name="test_adjustDate" classname="com.opengamma.strata.basics.date.BusinessDayAdjustmentTest" time="0.001"/>
  <testcase name="test_adjustDate" classname="com.opengamma.strata.basics.date.BusinessDayAdjustmentTest" time="0"/>
  <testcase name="test_adjustDate" classname="com.opengamma.strata.basics.date.BusinessDayAdjustmentTest" time="0"/>
  <testcase name="test_adjustDate" classname="com.opengamma.strata.basics.date.BusinessDayAdjustmentTest" time="0.001"/>
  <testcase name="test_adjustDate" classname="com.opengamma.strata.basics.date.BusinessDayAdjustmentTest" time="0"/>
  <testcase name="test_adjustDate" classname="com.opengamma.strata.basics.date.BusinessDayAdjustmentTest" time="0"/>
  <testcase name="test_adjustDate" classname="com.opengamma.strata.basics.date.BusinessDayAdjustmentTest" time="0"/>
  <testcase name="test_adjustDate" classname="com.opengamma.strata.basics.date.BusinessDayAdjustmentTest" time="0"/>
  <testcase name="test_adjustDate" classname="com.opengamma.strata.basics.date.BusinessDayAdjustmentTest" time="0"/>
  <testcase name="test_adjustDate" classname="com.opengamma.strata.basics.date.BusinessDayAdjustmentTest" time="0"/>
  <testcase name="test_adjustDate" classname="com.opengamma.strata.basics.date.BusinessDayAdjustmentTest" time="0"/>
  <testcase name="test_adjustDate" classname="com.opengamma.strata.basics.date.BusinessDayAdjustmentTest" time="0"/>
  <testcase name="test_adjustDate" classname="com.opengamma.strata.basics.date.BusinessDayAdjustmentTest" time="0"/>
  <testcase name="test_adjustDate" classname="com.opengamma.strata.basics.date.BusinessDayAdjustmentTest" time="0"/>
  <testcase name="test_adjustDate" classname="com.opengamma.strata.basics.date.BusinessDayAdjustmentTest" time="0"/>
  <testcase name="test_adjustDate" classname="com.opengamma.strata.basics.date.BusinessDayAdjustmentTest" time="0"/>
  <testcase name="test_adjustDate" classname="com.opengamma.strata.basics.date.BusinessDayAdjustmentTest" time="0"/>
  <testcase name="test_adjustDate" classname="com.opengamma.strata.basics.date.BusinessDayAdjustmentTest" time="0"/>
  <testcase name="test_adjustDate" classname="com.opengamma.strata.basics.date.BusinessDayAdjustmentTest" time="0"/>
  <testcase name="test_adjustDate" classname="com.opengamma.strata.basics.date.BusinessDayAdjustmentTest" time="0"/>
  <testcase name="test_of_1arg" classname="com.opengamma.strata.basics.date.AdjustableDateTest" time="0"/>
  <testcase name="test_of_2args_withAdjustment" classname="com.opengamma.strata.basics.date.AdjustableDateTest" time="0"/>
  <testcase name="test_of_2args_withNoAdjustment" classname="com.opengamma.strata.basics.date.AdjustableDateTest" time="0"/>
  <testcase name="test_of_null" classname="com.opengamma.strata.basics.date.AdjustableDateTest" time="0.003"/>
  <testcase name="test_serialization" classname="com.opengamma.strata.basics.date.AdjustableDateTest" time="0"/>
  <testcase name="test_serialization" classname="com.opengamma.strata.basics.currency.AdjustablePaymentTest" time="0"/>
  <testcase name="test_days" classname="com.opengamma.strata.basics.date.Business252DayCountTest" time="0"/>
  <testcase name="test_equalsHashCode" classname="com.opengamma.strata.basics.date.Business252DayCountTest" time="0"/>
  <testcase name="coverage" classname="com.opengamma.strata.basics.date.BusinessDayConventionTest" time="0.002"/>
  <testcase name="test_factory_calendar" classname="com.opengamma.strata.basics.date.Business252DayCountTest" time="0"/>
  <testcase name="test_convention" classname="com.opengamma.strata.basics.date.BusinessDayConventionTest" time="0"/>
  <testcase name="test_convention" classname="com.opengamma.strata.basics.date.BusinessDayConventionTest" time="0"/>
  <testcase name="test_convention" classname="com.opengamma.strata.basics.date.BusinessDayConventionTest" time="0"/>
  <testcase name="test_convention" classname="com.opengamma.strata.basics.date.BusinessDayConventionTest" time="0"/>
  <testcase name="test_convention" classname="com.opengamma.strata.basics.date.BusinessDayConventionTest" time="0"/>
  <testcase name="test_convention" classname="com.opengamma.strata.basics.date.BusinessDayConventionTest" time="0.006"/>
  <testcase name="test_convention" classname="com.opengamma.strata.basics.date.BusinessDayConventionTest" time="0"/>
  <testcase name="test_convention" classname="com.opengamma.strata.basics.date.BusinessDayConventionTest" time="0"/>
  <testcase name="test_convention" classname="com.opengamma.strata.basics.date.BusinessDayConventionTest" time="0"/>
  <testcase name="test_convention" classname="com.opengamma.strata.basics.date.BusinessDayConventionTest" time="0"/>
  <testcase name="test_convention" classname="com.opengamma.strata.basics.date.BusinessDayConventionTest" time="0"/>
  <testcase name="test_convention" classname="com.opengamma.strata.basics.date.BusinessDayConventionTest" time="0"/>
  <testcase name="test_convention" classname="com.opengamma.strata.basics.date.BusinessDayConventionTest" time="0"/>
  <testcase name="test_convention" classname="com.opengamma.strata.basics.date.BusinessDayConventionTest" time="0"/>
  <testcase name="test_convention" classname="com.opengamma.strata.basics.date.BusinessDayConventionTest" time="0"/>
  <testcase name="test_convention" classname="com.opengamma.strata.basics.date.BusinessDayConventionTest" time="0"/>
  <testcase name="test_convention" classname="com.opengamma.strata.basics.date.BusinessDayConventionTest" time="0"/>
  <testcase name="test_convention" classname="com.opengamma.strata.basics.date.BusinessDayConventionTest" time="0"/>
  <testcase name="test_convention" classname="com.opengamma.strata.basics.date.BusinessDayConventionTest" time="0"/>
  <testcase name="test_convention" classname="com.opengamma.strata.basics.date.BusinessDayConventionTest" time="0"/>
  <testcase name="test_convention" classname="com.opengamma.strata.basics.date.BusinessDayConventionTest" time="0"/>
  <testcase name="test_convention" classname="com.opengamma.strata.basics.date.BusinessDayConventionTest" time="0"/>
  <testcase name="test_convention" classname="com.opengamma.strata.basics.date.BusinessDayConventionTest" time="0"/>
  <testcase name="test_convention" classname="com.opengamma.strata.basics.date.BusinessDayConventionTest" time="0"/>
  <testcase name="test_convention" classname="com.opengamma.strata.basics.date.BusinessDayConventionTest" time="0.001"/>
  <testcase name="test_convention" classname="com.opengamma.strata.basics.date.BusinessDayConventionTest" time="0"/>
  <testcase name="test_convention" classname="com.opengamma.strata.basics.date.BusinessDayConventionTest" time="0"/>
  <testcase name="test_convention" classname="com.opengamma.strata.basics.date.BusinessDayConventionTest" time="0.001"/>
  <testcase name="test_convention" classname="com.opengamma.strata.basics.date.BusinessDayConventionTest" time="0"/>
  <testcase name="test_convention" classname="com.opengamma.strata.basics.date.BusinessDayConventionTest" time="0"/>
  <testcase name="test_convention" classname="com.opengamma.strata.basics.date.BusinessDayConventionTest" time="0.001"/>
  <testcase name="test_convention" classname="com.opengamma.strata.basics.date.BusinessDayConventionTest" time="0"/>
  <testcase name="test_convention" classname="com.opengamma.strata.basics.date.BusinessDayConventionTest" time="0"/>
  <testcase name="test_convention" classname="com.opengamma.strata.basics.date.BusinessDayConventionTest" time="0"/>
  <testcase name="test_convention" classname="com.opengamma.strata.basics.date.BusinessDayConventionTest" time="0"/>
  <testcase name="test_convention" classname="com.opengamma.strata.basics.date.BusinessDayConventionTest" time="0"/>
  <testcase name="test_convention" classname="com.opengamma.strata.basics.date.BusinessDayConventionTest" time="0"/>
  <testcase name="test_convention" classname="com.opengamma.strata.basics.date.BusinessDayConventionTest" time="0"/>
  <testcase name="test_convention" classname="com.opengamma.strata.basics.date.BusinessDayConventionTest" time="0"/>
  <testcase name="test_convention" classname="com.opengamma.strata.basics.date.BusinessDayConventionTest" time="0"/>
  <testcase name="test_convention" classname="com.opengamma.strata.basics.date.BusinessDayConventionTest" time="0"/>
  <testcase name="test_convention" classname="com.opengamma.strata.basics.date.BusinessDayConventionTest" time="0"/>
  <testcase name="test_convention" classname="com.opengamma.strata.basics.date.BusinessDayConventionTest" time="0"/>
  <testcase name="test_convention" classname="com.opengamma.strata.basics.date.BusinessDayConventionTest" time="0"/>
  <testcase name="test_convention" classname="com.opengamma.strata.basics.date.BusinessDayConventionTest" time="0"/>
  <testcase name="test_convention" classname="com.opengamma.strata.basics.date.BusinessDayConventionTest" time="0"/>
  <testcase name="test_convention" classname="com.opengamma.strata.basics.date.BusinessDayConventionTest" time="0"/>
  <testcase name="test_convention" classname="com.opengamma.strata.basics.date.BusinessDayConventionTest" time="0"/>
  <testcase name="test_convention" classname="com.opengamma.strata.basics.date.BusinessDayConventionTest" time="0.001"/>
  <testcase name="test_convention" classname="com.opengamma.strata.basics.date.BusinessDayConventionTest" time="0"/>
  <testcase name="test_convention" classname="com.opengamma.strata.basics.date.BusinessDayConventionTest" time="0"/>
  <testcase name="test_convention" classname="com.opengamma.strata.basics.date.BusinessDayConventionTest" time="0"/>
  <testcase name="test_convention" classname="com.opengamma.strata.basics.date.BusinessDayConventionTest" time="0"/>
  <testcase name="test_convention" classname="com.opengamma.strata.basics.date.BusinessDayConventionTest" time="0.001"/>
  <testcase name="test_convention" classname="com.opengamma.strata.basics.date.BusinessDayConventionTest" time="0"/>
  <testcase name="test_convention" classname="com.opengamma.strata.basics.date.BusinessDayConventionTest" time="0"/>
  <testcase name="test_convention" classname="com.opengamma.strata.basics.date.BusinessDayConventionTest" time="0"/>
  <testcase name="test_convention" classname="com.opengamma.strata.basics.date.BusinessDayConventionTest" time="0"/>
  <testcase name="test_convention" classname="com.opengamma.strata.basics.date.BusinessDayConventionTest" time="0.001"/>
  <testcase name="test_convention" classname="com.opengamma.strata.basics.date.BusinessDayConventionTest" time="0"/>
  <testcase name="test_convention" classname="com.opengamma.strata.basics.date.BusinessDayConventionTest" time="0.001"/>
  <testcase name="test_convention" classname="com.opengamma.strata.basics.date.BusinessDayConventionTest" time="0"/>
  <testcase name="test_convention" classname="com.opengamma.strata.basics.date.BusinessDayConventionTest" time="0"/>
  <testcase name="test_convention" classname="com.opengamma.strata.basics.date.BusinessDayConventionTest" time="0"/>
  <testcase name="test_convention" classname="com.opengamma.strata.basics.date.BusinessDayConventionTest" time="0"/>
  <testcase name="test_convention" classname="com.opengamma.strata.basics.date.BusinessDayConventionTest" time="0"/>
  <testcase name="test_convention" classname="com.opengamma.strata.basics.date.BusinessDayConventionTest" time="0"/>
  <testcase name="test_convention" classname="com.opengamma.strata.basics.date.BusinessDayConventionTest" time="0.001"/>
  <testcase name="test_convention" classname="com.opengamma.strata.basics.date.BusinessDayConventionTest" time="0"/>
  <testcase name="test_convention" classname="com.opengamma.strata.basics.date.BusinessDayConventionTest" time="0"/>
  <testcase name="test_convention" classname="com.opengamma.strata.basics.date.BusinessDayConventionTest" time="0"/>
  <testcase name="test_convention" classname="com.opengamma.strata.basics.date.BusinessDayConventionTest" time="0"/>
  <testcase name="test_factory_name" classname="com.opengamma.strata.basics.date.Business252DayCountTest" time="0"/>
  <testcase name="test_factory_nameUpper" classname="com.opengamma.strata.basics.date.Business252DayCountTest" time="0"/>
  <testcase name="test_basics" classname="com.opengamma.strata.basics.date.BusinessDayAdjustmentTest" time="0"/>
  <testcase name="test_noAdjust_constant" classname="com.opengamma.strata.basics.date.BusinessDayAdjustmentTest" time="0"/>
  <testcase name="test_noAdjust_factory" classname="com.opengamma.strata.basics.date.BusinessDayAdjustmentTest" time="0"/>
  <testcase name="test_noAdjust_normalized" classname="com.opengamma.strata.basics.date.BusinessDayAdjustmentTest" time="0"/>
  <testcase name="test_serialization" classname="com.opengamma.strata.basics.date.BusinessDayAdjustmentTest" time="0"/>
  <testcase name="test_extendedEnum" classname="com.opengamma.strata.basics.date.BusinessDayConventionTest" time="0"/>
  <testcase name="test_extendedEnum" classname="com.opengamma.strata.basics.date.BusinessDayConventionTest" time="0"/>
  <testcase name="test_extendedEnum" classname="com.opengamma.strata.basics.date.BusinessDayConventionTest" time="0"/>
  <testcase name="test_extendedEnum" classname="com.opengamma.strata.basics.date.BusinessDayConventionTest" time="0"/>
  <testcase name="test_extendedEnum" classname="com.opengamma.strata.basics.date.BusinessDayConventionTest" time="0"/>
  <testcase name="test_extendedEnum" classname="com.opengamma.strata.basics.date.BusinessDayConventionTest" time="0.001"/>
  <testcase name="test_extendedEnum" classname="com.opengamma.strata.basics.date.BusinessDayConventionTest" time="0"/>
  <testcase name="coverage" classname="com.opengamma.strata.basics.CalculationTargetListTest" time="0.034"/>
  <testcase name="test_jodaConvert" classname="com.opengamma.strata.basics.date.Business252DayCountTest" time="0.039"/>
  <testcase name="coverage" classname="com.opengamma.strata.basics.CombinedReferenceDataTest" time="0.039"/>
  <testcase name="test_array0" classname="com.opengamma.strata.basics.CalculationTargetListTest" time="0"/>
  <testcase name="test_array2" classname="com.opengamma.strata.basics.CalculationTargetListTest" time="0"/>
  <testcase name="test_collection1" classname="com.opengamma.strata.basics.CalculationTargetListTest" time="0"/>
  <testcase name="test_serialization" classname="com.opengamma.strata.basics.date.Business252DayCountTest" time="0.002"/>
  <testcase name="test_jodaConvert" classname="com.opengamma.strata.basics.date.BusinessDayConventionTest" time="0.001"/>
  <testcase name="test_lenientLookup_specialNames" classname="com.opengamma.strata.basics.date.BusinessDayConventionTest" time="0"/>
  <testcase name="test_lenientLookup_specialNames" classname="com.opengamma.strata.basics.date.BusinessDayConventionTest" time="0.001"/>
  <testcase name="test_lenientLookup_specialNames" classname="com.opengamma.strata.basics.date.BusinessDayConventionTest" time="0"/>
  <testcase name="test_lenientLookup_specialNames" classname="com.opengamma.strata.basics.date.BusinessDayConventionTest" time="0"/>
  <testcase name="test_lenientLookup_specialNames" classname="com.opengamma.strata.basics.date.BusinessDayConventionTest" time="0"/>
  <testcase name="test_lenientLookup_specialNames" classname="com.opengamma.strata.basics.date.BusinessDayConventionTest" time="0"/>
  <testcase name="test_lenientLookup_specialNames" classname="com.opengamma.strata.basics.date.BusinessDayConventionTest" time="0"/>
  <testcase name="test_lenientLookup_specialNames" classname="com.opengamma.strata.basics.date.BusinessDayConventionTest" time="0"/>
  <testcase name="test_lenientLookup_specialNames" classname="com.opengamma.strata.basics.date.BusinessDayConventionTest" time="0.001"/>
  <testcase name="test_lenientLookup_specialNames" classname="com.opengamma.strata.basics.date.BusinessDayConventionTest" time="0"/>
  <testcase name="test_lenientLookup_specialNames" classname="com.opengamma.strata.basics.date.BusinessDayConventionTest" time="0.001"/>
  <testcase name="test_lenientLookup_specialNames" classname="com.opengamma.strata.basics.date.BusinessDayConventionTest" time="0"/>
  <testcase name="test_lenientLookup_specialNames" classname="com.opengamma.strata.basics.date.BusinessDayConventionTest" time="0.001"/>
  <testcase name="test_lenientLookup_specialNames" classname="com.opengamma.strata.basics.date.BusinessDayConventionTest" time="0"/>
  <testcase name="test_lenientLookup_specialNames" classname="com.opengamma.strata.basics.date.BusinessDayConventionTest" time="0"/>
  <testcase name="test_lenientLookup_specialNames" classname="com.opengamma.strata.basics.date.BusinessDayConventionTest" time="0.002"/>
  <testcase name="test_lenientLookup_standardNames" classname="com.opengamma.strata.basics.date.BusinessDayConventionTest" time="0"/>
  <testcase name="test_lenientLookup_standardNames" classname="com.opengamma.strata.basics.date.BusinessDayConventionTest" time="0"/>
  <testcase name="test_lenientLookup_standardNames" classname="com.opengamma.strata.basics.date.BusinessDayConventionTest" time="0.001"/>
  <testcase name="test_lenientLookup_standardNames" classname="com.opengamma.strata.basics.date.BusinessDayConventionTest" time="0"/>
  <testcase name="test_lenientLookup_standardNames" classname="com.opengamma.strata.basics.date.BusinessDayConventionTest" time="0"/>
  <testcase name="test_lenientLookup_standardNames" classname="com.opengamma.strata.basics.date.BusinessDayConventionTest" time="0.001"/>
  <testcase name="test_lenientLookup_standardNames" classname="com.opengamma.strata.basics.date.BusinessDayConventionTest" time="0"/>
  <testcase name="test_name" classname="com.opengamma.strata.basics.date.BusinessDayConventionTest" time="0"/>
  <testcase name="test_name" classname="com.opengamma.strata.basics.date.BusinessDayConventionTest" time="0"/>
  <testcase name="test_name" classname="com.opengamma.strata.basics.date.BusinessDayConventionTest" time="0"/>
  <testcase name="test_name" classname="com.opengamma.strata.basics.date.BusinessDayConventionTest" time="0.001"/>
  <testcase name="test_name" classname="com.opengamma.strata.basics.date.BusinessDayConventionTest" time="0"/>
  <testcase name="test_name" classname="com.opengamma.strata.basics.date.BusinessDayConventionTest" time="0"/>
  <testcase name="test_name" classname="com.opengamma.strata.basics.date.BusinessDayConventionTest" time="0"/>
  <testcase name="test_nearest" classname="com.opengamma.strata.basics.date.BusinessDayConventionTest" time="0"/>
  <testcase name="test_of_lookup" classname="com.opengamma.strata.basics.date.BusinessDayConventionTest" time="0"/>
  <testcase name="test_of_lookup" classname="com.opengamma.strata.basics.date.BusinessDayConventionTest" time="0"/>
  <testcase name="test_of_lookup" classname="com.opengamma.strata.basics.date.BusinessDayConventionTest" time="0"/>
  <testcase name="test_of_lookup" classname="com.opengamma.strata.basics.date.BusinessDayConventionTest" time="0"/>
  <testcase name="test_of_lookup" classname="com.opengamma.strata.basics.date.BusinessDayConventionTest" time="0"/>
  <testcase name="test_of_lookup" classname="com.opengamma.strata.basics.date.BusinessDayConventionTest" time="0"/>
  <testcase name="test_of_lookup" classname="com.opengamma.strata.basics.date.BusinessDayConventionTest" time="0"/>
  <testcase name="serialization" classname="com.opengamma.strata.basics.CombinedReferenceDataTest" time="0"/>
  <testcase name="test_of_lookup_notFound" classname="com.opengamma.strata.basics.date.BusinessDayConventionTest" time="0"/>
  <testcase name="test_of_lookup_null" classname="com.opengamma.strata.basics.date.BusinessDayConventionTest" time="0"/>
  <testcase name="test_combination" classname="com.opengamma.strata.basics.CombinedReferenceDataTest" time="0"/>
  <testcase name="test_serialization" classname="com.opengamma.strata.basics.date.BusinessDayConventionTest" time="0"/>
  <testcase name="test_toString" classname="com.opengamma.strata.basics.date.BusinessDayConventionTest" time="0"/>
  <testcase name="test_toString" classname="com.opengamma.strata.basics.date.BusinessDayConventionTest" time="0.001"/>
  <testcase name="test_toString" classname="com.opengamma.strata.basics.date.BusinessDayConventionTest" time="0"/>
  <testcase name="test_toString" classname="com.opengamma.strata.basics.date.BusinessDayConventionTest" time="0"/>
  <testcase name="test_toString" classname="com.opengamma.strata.basics.date.BusinessDayConventionTest" time="0"/>
  <testcase name="test_toString" classname="com.opengamma.strata.basics.date.BusinessDayConventionTest" time="0"/>
  <testcase name="test_toString" classname="com.opengamma.strata.basics.date.BusinessDayConventionTest" time="0.001"/>
  <testcase name="test_serialization" classname="com.opengamma.strata.basics.CalculationTargetListTest" time="0.001"/>
  <testcase name="test_compareTo" classname="com.opengamma.strata.basics.location.CountryTest" time="0.001"/>
  <testcase name="test_convertedTo_explicitRate" classname="com.opengamma.strata.basics.currency.CurrencyAmountTest" time="0.001"/>
  <testcase name="test_convertedTo_rateProvider" classname="com.opengamma.strata.basics.currency.CurrencyAmountTest" time="0.001"/>
  <testcase name="test_equals_bad" classname="com.opengamma.strata.basics.currency.CurrencyAmountTest" time="0"/>
  <testcase name="test_equals_hashCode" classname="com.opengamma.strata.basics.currency.CurrencyAmountTest" time="0.001"/>
  <testcase name="test_fixture" classname="com.opengamma.strata.basics.currency.CurrencyAmountTest" time="0.001"/>
  <testcase name="test_compareTo_null" classname="com.opengamma.strata.basics.location.CountryTest" time="0.001"/>
  <testcase name="test_constants" classname="com.opengamma.strata.basics.location.CountryTest" time="0"/>
  <testcase name="test_equals_bad" classname="com.opengamma.strata.basics.location.CountryTest" time="0"/>
  <testcase name="test_equals_hashCode" classname="com.opengamma.strata.basics.location.CountryTest" time="0.001"/>
  <testcase name="test_getAvailable" classname="com.opengamma.strata.basics.location.CountryTest" time="0.004"/>
  <testcase name="test_jodaConvert" classname="com.opengamma.strata.basics.currency.CurrencyAmountTest" time="0.008"/>
  <testcase name="coverage" classname="com.opengamma.strata.basics.currency.CurrencyAmountArrayTest" time="0.001"/>
  <testcase name="test_mapAmount" classname="com.opengamma.strata.basics.currency.CurrencyAmountTest" time="0.001"/>
  <testcase name="test_minus_CurrencyAmount" classname="com.opengamma.strata.basics.currency.CurrencyAmountTest" time="0"/>
  <testcase name="test_minus_CurrencyAmount_null" classname="com.opengamma.strata.basics.currency.CurrencyAmountTest" time="0"/>
  <testcase name="test_minus_CurrencyAmount_wrongCurrency" classname="com.opengamma.strata.basics.currency.CurrencyAmountTest" time="0.002"/>
  <testcase name="test_minus_double" classname="com.opengamma.strata.basics.currency.CurrencyAmountTest" time="0.001"/>
  <testcase name="test_multipliedBy" classname="com.opengamma.strata.basics.currency.CurrencyAmountTest" time="0"/>
  <testcase name="test_negated" classname="com.opengamma.strata.basics.currency.CurrencyAmountTest" time="0.001"/>
  <testcase name="test_jodaConvert" classname="com.opengamma.strata.basics.location.CountryTest" time="0.001"/>
  <testcase name="test_of_String" classname="com.opengamma.strata.basics.location.CountryTest" time="0.001"/>
  <testcase name="test_of_String_bad" classname="com.opengamma.strata.basics.location.CountryTest" time="0"/>
  <testcase name="test_of_String_bad" classname="com.opengamma.strata.basics.location.CountryTest" time="0"/>
  <testcase name="test_of_String_bad" classname="com.opengamma.strata.basics.location.CountryTest" time="0"/>
  <testcase name="test_of_String_bad" classname="com.opengamma.strata.basics.location.CountryTest" time="0"/>
  <testcase name="test_of_String_bad" classname="com.opengamma.strata.basics.location.CountryTest" time="0"/>
  <testcase name="test_of_String_bad" classname="com.opengamma.strata.basics.location.CountryTest" time="0"/>
  <testcase name="test_of_String_bad" classname="com.opengamma.strata.basics.location.CountryTest" time="0"/>
  <testcase name="test_yearFraction" classname="com.opengamma.strata.basics.date.Business252DayCountTest" time="0"/>
  <testcase name="test_negative" classname="com.opengamma.strata.basics.currency.CurrencyAmountTest" time="0"/>
  <testcase name="test_yearFraction_badOrder" classname="com.opengamma.strata.basics.date.Business252DayCountTest" time="0"/>
  <testcase name="test_contains_Currency" classname="com.opengamma.strata.basics.currency.CurrencyPairTest" time="0"/>
  <testcase name="test_contains_Currency_null" classname="com.opengamma.strata.basics.currency.CurrencyPairTest" time="0.001"/>
  <testcase name="test_contains_Currency_same" classname="com.opengamma.strata.basics.currency.CurrencyPairTest" time="0"/>
  <testcase name="test_of_Currency" classname="com.opengamma.strata.basics.currency.CurrencyAmountTest" time="0"/>
  <testcase name="test_of_String_unknownCountryCreated" classname="com.opengamma.strata.basics.location.CountryTest" time="0"/>
  <testcase name="test_parse_String" classname="com.opengamma.strata.basics.location.CountryTest" time="0"/>
  <testcase name="test_of_Currency_nullCurrency" classname="com.opengamma.strata.basics.currency.CurrencyAmountTest" time="0"/>
  <testcase name="test_of_String" classname="com.opengamma.strata.basics.currency.CurrencyAmountTest" time="0"/>
  <testcase name="test_of_String_nullCurrency" classname="com.opengamma.strata.basics.currency.CurrencyAmountTest" time="0.001"/>
  <testcase name="test_cross_CurrencyPair" classname="com.opengamma.strata.basics.currency.CurrencyPairTest" time="0"/>
  <testcase name="test_cross_CurrencyPair_null" classname="com.opengamma.strata.basics.currency.CurrencyPairTest" time="0.001"/>
  <testcase name="test_equals_bad" classname="com.opengamma.strata.basics.currency.CurrencyPairTest" time="0"/>
  <testcase name="test_equals_hashCode" classname="com.opengamma.strata.basics.currency.CurrencyPairTest" time="0"/>
  <testcase name="test_getAvailable" classname="com.opengamma.strata.basics.currency.CurrencyPairTest" time="0.001"/>
  <testcase name="test_parse_String_bad" classname="com.opengamma.strata.basics.currency.CurrencyAmountTest" time="0"/>
  <testcase name="test_parse_String_bad" classname="com.opengamma.strata.basics.currency.CurrencyAmountTest" time="0"/>
  <testcase name="test_parse_String_bad" classname="com.opengamma.strata.basics.currency.CurrencyAmountTest" time="0"/>
  <testcase name="test_parse_String_bad" classname="com.opengamma.strata.basics.currency.CurrencyAmountTest" time="0.001"/>
  <testcase name="test_parse_String_bad" classname="com.opengamma.strata.basics.currency.CurrencyAmountTest" time="0"/>
  <testcase name="test_inverse" classname="com.opengamma.strata.basics.currency.CurrencyPairTest" time="0"/>
  <testcase name="test_parse_String_bad" classname="com.opengamma.strata.basics.location.CountryTest" time="0"/>
  <testcase name="test_parse_String_bad" classname="com.opengamma.strata.basics.location.CountryTest" time="0"/>
  <testcase name="test_parse_String_bad" classname="com.opengamma.strata.basics.location.CountryTest" time="0"/>
  <testcase name="test_parse_String_bad" classname="com.opengamma.strata.basics.location.CountryTest" time="0"/>
  <testcase name="test_parse_String_bad" classname="com.opengamma.strata.basics.location.CountryTest" time="0.001"/>
  <testcase name="test_parse_String_bad" classname="com.opengamma.strata.basics.location.CountryTest" time="0"/>
  <testcase name="test_inverse_same" classname="com.opengamma.strata.basics.currency.CurrencyPairTest" time="0"/>
  <testcase name="test_isConventional" classname="com.opengamma.strata.basics.currency.CurrencyPairTest" time="0"/>
  <testcase name="test_isInverse_CurrencyPair" classname="com.opengamma.strata.basics.currency.CurrencyPairTest" time="0.001"/>
  <testcase name="test_parse_String_good" classname="com.opengamma.strata.basics.currency.CurrencyAmountTest" time="0"/>
  <testcase name="test_parse_String_good" classname="com.opengamma.strata.basics.currency.CurrencyAmountTest" time="0.001"/>
  <testcase name="test_parse_String_good" classname="com.opengamma.strata.basics.currency.CurrencyAmountTest" time="0"/>
  <testcase name="test_parse_String_good" classname="com.opengamma.strata.basics.currency.CurrencyAmountTest" time="0"/>
  <testcase name="test_parse_String_good" classname="com.opengamma.strata.basics.currency.CurrencyAmountTest" time="0"/>
  <testcase name="test_parse_String_good" classname="com.opengamma.strata.basics.currency.CurrencyAmountTest" time="0"/>
  <testcase name="test_parse_String_lowerCase" classname="com.opengamma.strata.basics.location.CountryTest" time="0"/>
  <testcase name="test_parse_String_unknownCountryCreated" classname="com.opengamma.strata.basics.location.CountryTest" time="0"/>
  <testcase name="test_parse_String_roundTrip" classname="com.opengamma.strata.basics.currency.CurrencyAmountTest" time="0"/>
  <testcase name="test_plus_CurrencyAmount" classname="com.opengamma.strata.basics.currency.CurrencyAmountTest" time="0.001"/>
  <testcase name="test_serialization" classname="com.opengamma.strata.basics.location.CountryTest" time="0.001"/>
  <testcase name="test_isInverse_CurrencyPair_null" classname="com.opengamma.strata.basics.currency.CurrencyPairTest" time="0.001"/>
  <testcase name="test_plus_CurrencyAmount_null" classname="com.opengamma.strata.basics.currency.CurrencyAmountTest" time="0.001"/>
  <testcase name="test_plus_CurrencyAmount_wrongCurrency" classname="com.opengamma.strata.basics.currency.CurrencyAmountTest" time="0"/>
  <testcase name="test_plus_double" classname="com.opengamma.strata.basics.currency.CurrencyAmountTest" time="0"/>
  <testcase name="test_positive" classname="com.opengamma.strata.basics.currency.CurrencyAmountTest" time="0"/>
  <testcase name="test_toString" classname="com.opengamma.strata.basics.location.CountryTest" time="0"/>
  <testcase name="coverage" classname="com.opengamma.strata.basics.currency.CurrencyTest" time="0"/>
  <testcase name="test_compareTo" classname="com.opengamma.strata.basics.currency.CurrencyTest" time="0"/>
  <testcase name="test_compareTo_null" classname="com.opengamma.strata.basics.currency.CurrencyTest" time="0"/>
  <testcase name="test_jodaConvert" classname="com.opengamma.strata.basics.currency.CurrencyPairTest" time="0.001"/>
  <testcase name="test_constants" classname="com.opengamma.strata.basics.currency.CurrencyTest" time="0"/>
  <testcase name="test_of_CurrencyCurrency" classname="com.opengamma.strata.basics.currency.CurrencyPairTest" time="0"/>
  <testcase name="test_equals_bad" classname="com.opengamma.strata.basics.currency.CurrencyTest" time="0.001"/>
  <testcase name="test_equals_hashCode" classname="com.opengamma.strata.basics.currency.CurrencyTest" time="0"/>
  <testcase name="test_getAvailable" classname="com.opengamma.strata.basics.currency.CurrencyTest" time="0"/>
  <testcase name="test_serialization" classname="com.opengamma.strata.basics.currency.CurrencyAmountTest" time="0"/>
  <testcase name="test_toString" classname="com.opengamma.strata.basics.currency.CurrencyAmountTest" time="0"/>
  <testcase name="test_zero_Currency" classname="com.opengamma.strata.basics.currency.CurrencyAmountTest" time="0"/>
  <testcase name="test_of_CurrencyCurrency_null" classname="com.opengamma.strata.basics.currency.CurrencyPairTest" time="0.001"/>
  <testcase name="test_of_CurrencyCurrency_reverseStandardOrder" classname="com.opengamma.strata.basics.currency.CurrencyPairTest" time="0"/>
  <testcase name="test_of_CurrencyCurrency_same" classname="com.opengamma.strata.basics.currency.CurrencyPairTest" time="0"/>
  <testcase name="test_other_Currency" classname="com.opengamma.strata.basics.currency.CurrencyPairTest" time="0.001"/>
  <testcase name="test_other_Currency_null" classname="com.opengamma.strata.basics.currency.CurrencyPairTest" time="0.001"/>
  <testcase name="test_other_Currency_same" classname="com.opengamma.strata.basics.currency.CurrencyPairTest" time="0"/>
  <testcase name="test_zero_Currency_nullCurrency" classname="com.opengamma.strata.basics.currency.CurrencyAmountTest" time="0"/>
  <testcase name="test_jodaConvert" classname="com.opengamma.strata.basics.currency.CurrencyTest" time="0.002"/>
  <testcase name="test_convertedTo" classname="com.opengamma.strata.basics.currency.CurrencyAmountArrayTest" time="0.009"/>
  <testcase name="test_parse_String_bad" classname="com.opengamma.strata.basics.currency.CurrencyPairTest" time="0.001"/>
  <testcase name="test_parse_String_bad" classname="com.opengamma.strata.basics.currency.CurrencyPairTest" time="0.001"/>
  <testcase name="test_parse_String_bad" classname="com.opengamma.strata.basics.currency.CurrencyPairTest" time="0"/>
  <testcase name="test_parse_String_bad" classname="com.opengamma.strata.basics.currency.CurrencyPairTest" time="0.001"/>
  <testcase name="test_parse_String_bad" classname="com.opengamma.strata.basics.currency.CurrencyPairTest" time="0"/>
  <testcase name="test_parse_String_bad" classname="com.opengamma.strata.basics.currency.CurrencyPairTest" time="0"/>
  <testcase name="test_parse_String_bad" classname="com.opengamma.strata.basics.currency.CurrencyPairTest" time="0"/>
  <testcase name="test_convertedTo_missingFxRate" classname="com.opengamma.strata.basics.currency.CurrencyAmountArrayTest" time="0"/>
  <testcase name="test_convertedTo_noConversionNecessary" classname="com.opengamma.strata.basics.currency.CurrencyAmountArrayTest" time="0"/>
  <testcase name="test_minus_currencyAmount" classname="com.opengamma.strata.basics.currency.CurrencyAmountArrayTest" time="0"/>
  <testcase name="coverage" classname="com.opengamma.strata.basics.date.DateAdjustersTest" time="0.001"/>
  <testcase name="test_minorUnits" classname="com.opengamma.strata.basics.currency.CurrencyTest" time="0"/>
  <testcase name="test_nextLeapDay_LocalDate" classname="com.opengamma.strata.basics.date.DateAdjustersTest" time="0"/>
  <testcase name="test_nextLeapDay_LocalDate" classname="com.opengamma.strata.basics.date.DateAdjustersTest" time="0"/>
  <testcase name="test_nextLeapDay_LocalDate" classname="com.opengamma.strata.basics.date.DateAdjustersTest" time="0"/>
  <testcase name="test_nextLeapDay_LocalDate" classname="com.opengamma.strata.basics.date.DateAdjustersTest" time="0"/>
  <testcase name="test_nextLeapDay_LocalDate" classname="com.opengamma.strata.basics.date.DateAdjustersTest" time="0"/>
  <testcase name="test_nextLeapDay_LocalDate" classname="com.opengamma.strata.basics.date.DateAdjustersTest" time="0"/>
  <testcase name="test_nextLeapDay_LocalDate" classname="com.opengamma.strata.basics.date.DateAdjustersTest" time="0"/>
  <testcase name="test_nextLeapDay_LocalDate" classname="com.opengamma.strata.basics.date.DateAdjustersTest" time="0"/>
  <testcase name="test_nextLeapDay_LocalDate" classname="com.opengamma.strata.basics.date.DateAdjustersTest" time="0"/>
  <testcase name="test_nextLeapDay_LocalDate" classname="com.opengamma.strata.basics.date.DateAdjustersTest" time="0"/>
  <testcase name="test_nextLeapDay_LocalDate" classname="com.opengamma.strata.basics.date.DateAdjustersTest" time="0"/>
  <testcase name="test_nextLeapDay_LocalDate" classname="com.opengamma.strata.basics.date.DateAdjustersTest" time="0"/>
  <testcase name="test_nextLeapDay_LocalDate" classname="com.opengamma.strata.basics.date.DateAdjustersTest" time="0"/>
  <testcase name="test_nextLeapDay_LocalDate" classname="com.opengamma.strata.basics.date.DateAdjustersTest" time="0"/>
  <testcase name="test_nextLeapDay_LocalDate" classname="com.opengamma.strata.basics.date.DateAdjustersTest" time="0"/>
  <testcase name="test_nextLeapDay_LocalDate" classname="com.opengamma.strata.basics.date.DateAdjustersTest" time="0.001"/>
  <testcase name="test_nextLeapDay_LocalDate" classname="com.opengamma.strata.basics.date.DateAdjustersTest" time="0"/>
  <testcase name="test_nextLeapDay_LocalDate" classname="com.opengamma.strata.basics.date.DateAdjustersTest" time="0"/>
  <testcase name="test_nextLeapDay_LocalDate" classname="com.opengamma.strata.basics.date.DateAdjustersTest" time="0"/>
  <testcase name="test_nextLeapDay_LocalDate" classname="com.opengamma.strata.basics.date.DateAdjustersTest" time="0"/>
  <testcase name="test_nextLeapDay_LocalDate" classname="com.opengamma.strata.basics.date.DateAdjustersTest" time="0"/>
  <testcase name="test_nextLeapDay_LocalDate" classname="com.opengamma.strata.basics.date.DateAdjustersTest" time="0"/>
  <testcase name="test_nextLeapDay_LocalDate" classname="com.opengamma.strata.basics.date.DateAdjustersTest" time="0"/>
  <testcase name="test_nextLeapDay_LocalDate" classname="com.opengamma.strata.basics.date.DateAdjustersTest" time="0"/>
  <testcase name="test_nextLeapDay_LocalDate" classname="com.opengamma.strata.basics.date.DateAdjustersTest" time="0"/>
  <testcase name="test_nextLeapDay_LocalDate" classname="com.opengamma.strata.basics.date.DateAdjustersTest" time="0"/>
  <testcase name="test_nextLeapDay_LocalDate" classname="com.opengamma.strata.basics.date.DateAdjustersTest" time="0"/>
  <testcase name="test_nextLeapDay_LocalDate" classname="com.opengamma.strata.basics.date.DateAdjustersTest" time="0"/>
  <testcase name="test_nextLeapDay_LocalDate" classname="com.opengamma.strata.basics.date.DateAdjustersTest" time="0"/>
  <testcase name="test_nextLeapDay_LocalDate" classname="com.opengamma.strata.basics.date.DateAdjustersTest" time="0"/>
  <testcase name="test_nextLeapDay_LocalDate" classname="com.opengamma.strata.basics.date.DateAdjustersTest" time="0"/>
  <testcase name="test_nextLeapDay_LocalDate" classname="com.opengamma.strata.basics.date.DateAdjustersTest" time="0"/>
  <testcase name="test_nextLeapDay_LocalDate" classname="com.opengamma.strata.basics.date.DateAdjustersTest" time="0"/>
  <testcase name="test_nextLeapDay_LocalDate" classname="com.opengamma.strata.basics.date.DateAdjustersTest" time="0"/>
  <testcase name="test_nextLeapDay_LocalDate" classname="com.opengamma.strata.basics.date.DateAdjustersTest" time="0"/>
  <testcase name="test_nextLeapDay_LocalDate" classname="com.opengamma.strata.basics.date.DateAdjustersTest" time="0.001"/>
  <testcase name="test_nextLeapDay_LocalDate" classname="com.opengamma.strata.basics.date.DateAdjustersTest" time="0"/>
  <testcase name="test_nextLeapDay_LocalDate" classname="com.opengamma.strata.basics.date.DateAdjustersTest" time="0"/>
  <testcase name="test_nextLeapDay_LocalDate" classname="com.opengamma.strata.basics.date.DateAdjustersTest" time="0"/>
  <testcase name="test_nextLeapDay_LocalDate" classname="com.opengamma.strata.basics.date.DateAdjustersTest" time="0.001"/>
  <testcase name="test_nextLeapDay_LocalDate" classname="com.opengamma.strata.basics.date.DateAdjustersTest" time="0"/>
  <testcase name="test_nextLeapDay_LocalDate" classname="com.opengamma.strata.basics.date.DateAdjustersTest" time="0"/>
  <testcase name="test_nextLeapDay_LocalDate" classname="com.opengamma.strata.basics.date.DateAdjustersTest" time="0"/>
  <testcase name="test_nextLeapDay_LocalDate" classname="com.opengamma.strata.basics.date.DateAdjustersTest" time="0"/>
  <testcase name="test_nextLeapDay_LocalDate" classname="com.opengamma.strata.basics.date.DateAdjustersTest" time="0"/>
  <testcase name="test_of_String" classname="com.opengamma.strata.basics.currency.CurrencyTest" time="0"/>
  <testcase name="test_of_String_bad" classname="com.opengamma.strata.basics.currency.CurrencyTest" time="0"/>
  <testcase name="test_of_String_bad" classname="com.opengamma.strata.basics.currency.CurrencyTest" time="0"/>
  <testcase name="test_of_String_bad" classname="com.opengamma.strata.basics.currency.CurrencyTest" time="0"/>
  <testcase name="test_of_String_bad" classname="com.opengamma.strata.basics.currency.CurrencyTest" time="0"/>
  <testcase name="test_of_String_bad" classname="com.opengamma.strata.basics.currency.CurrencyTest" time="0"/>
  <testcase name="test_of_String_bad" classname="com.opengamma.strata.basics.currency.CurrencyTest" time="0"/>
  <testcase name="test_of_String_bad" classname="com.opengamma.strata.basics.currency.CurrencyTest" time="0"/>
  <testcase name="test_parse_String_good" classname="com.opengamma.strata.basics.currency.CurrencyPairTest" time="0"/>
  <testcase name="test_parse_String_good" classname="com.opengamma.strata.basics.currency.CurrencyPairTest" time="0"/>
  <testcase name="test_parse_String_good" classname="com.opengamma.strata.basics.currency.CurrencyPairTest" time="0"/>
  <testcase name="test_parse_String_good" classname="com.opengamma.strata.basics.currency.CurrencyPairTest" time="0"/>
  <testcase name="test_rateDigits" classname="com.opengamma.strata.basics.currency.CurrencyPairTest" time="0"/>
  <testcase name="test_of_String_historicCurrency" classname="com.opengamma.strata.basics.currency.CurrencyTest" time="0.001"/>
  <testcase name="test_of_String_lowerCase" classname="com.opengamma.strata.basics.currency.CurrencyTest" time="0"/>
  <testcase name="test_of_String_unknownCurrencyCreated" classname="com.opengamma.strata.basics.currency.CurrencyTest" time="0"/>
  <testcase name="test_parse_String" classname="com.opengamma.strata.basics.currency.CurrencyTest" time="0"/>
  <testcase name="test_parse_String_bad" classname="com.opengamma.strata.basics.currency.CurrencyTest" time="0"/>
  <testcase name="test_parse_String_bad" classname="com.opengamma.strata.basics.currency.CurrencyTest" time="0"/>
  <testcase name="test_parse_String_bad" classname="com.opengamma.strata.basics.currency.CurrencyTest" time="0"/>
  <testcase name="test_parse_String_bad" classname="com.opengamma.strata.basics.currency.CurrencyTest" time="0"/>
  <testcase name="test_parse_String_bad" classname="com.opengamma.strata.basics.currency.CurrencyTest" time="0"/>
  <testcase name="test_parse_String_bad" classname="com.opengamma.strata.basics.currency.CurrencyTest" time="0"/>
  <testcase name="test_serialization" classname="com.opengamma.strata.basics.currency.CurrencyPairTest" time="0"/>
  <testcase name="test_toConventional" classname="com.opengamma.strata.basics.currency.CurrencyPairTest" time="0"/>
  <testcase name="test_parse_String_lowerCase" classname="com.opengamma.strata.basics.currency.CurrencyTest" time="0"/>
  <testcase name="test_parse_String_unknownCurrencyCreated" classname="com.opengamma.strata.basics.currency.CurrencyTest" time="0"/>
  <testcase name="test_roundMinorUnits_BigDecimal" classname="com.opengamma.strata.basics.currency.CurrencyTest" time="0.001"/>
  <testcase name="test_roundMinorUnits_double" classname="com.opengamma.strata.basics.currency.CurrencyTest" time="0"/>
  <testcase name="test_serialization" classname="com.opengamma.strata.basics.currency.CurrencyTest" time="0.001"/>
  <testcase name="test_toString" classname="com.opengamma.strata.basics.currency.CurrencyTest" time="0"/>
  <testcase name="test_triangulatonCurrency" classname="com.opengamma.strata.basics.currency.CurrencyTest" time="0"/>
  <testcase name="coverage" classname="com.opengamma.strata.basics.date.DayCountTest" time="0"/>
  <testcase name="test_actActIcma_longFinalStub_eomFlagEom_long" classname="com.opengamma.strata.basics.date.DayCountTest" time="0"/>
  <testcase name="test_actActIcma_longFinalStub_eomFlagEom_short" classname="com.opengamma.strata.basics.date.DayCountTest" time="0.001"/>
  <testcase name="test_actActIcma_longFinalStub_notEomFlagEom_long" classname="com.opengamma.strata.basics.date.DayCountTest" time="0"/>
  <testcase name="test_nextLeapDay_Temporal" classname="com.opengamma.strata.basics.date.DateAdjustersTest" time="0"/>
  <testcase name="test_nextLeapDay_Temporal" classname="com.opengamma.strata.basics.date.DateAdjustersTest" time="0"/>
  <testcase name="test_nextLeapDay_Temporal" classname="com.opengamma.strata.basics.date.DateAdjustersTest" time="0"/>
  <testcase name="test_nextLeapDay_Temporal" classname="com.opengamma.strata.basics.date.DateAdjustersTest" time="0"/>
  <testcase name="test_nextLeapDay_Temporal" classname="com.opengamma.strata.basics.date.DateAdjustersTest" time="0"/>
  <testcase name="test_nextLeapDay_Temporal" classname="com.opengamma.strata.basics.date.DateAdjustersTest" time="0"/>
  <testcase name="test_nextLeapDay_Temporal" classname="com.opengamma.strata.basics.date.DateAdjustersTest" time="0.001"/>
  <testcase name="test_nextLeapDay_Temporal" classname="com.opengamma.strata.basics.date.DateAdjustersTest" time="0"/>
  <testcase name="test_nextLeapDay_Temporal" classname="com.opengamma.strata.basics.date.DateAdjustersTest" time="0"/>
  <testcase name="test_nextLeapDay_Temporal" classname="com.opengamma.strata.basics.date.DateAdjustersTest" time="0"/>
  <testcase name="test_nextLeapDay_Temporal" classname="com.opengamma.strata.basics.date.DateAdjustersTest" time="0"/>
  <testcase name="test_nextLeapDay_Temporal" classname="com.opengamma.strata.basics.date.DateAdjustersTest" time="0.001"/>
  <testcase name="test_nextLeapDay_Temporal" classname="com.opengamma.strata.basics.date.DateAdjustersTest" time="0"/>
  <testcase name="test_nextLeapDay_Temporal" classname="com.opengamma.strata.basics.date.DateAdjustersTest" time="0"/>
  <testcase name="test_nextLeapDay_Temporal" classname="com.opengamma.strata.basics.date.DateAdjustersTest" time="0"/>
  <testcase name="test_nextLeapDay_Temporal" classname="com.opengamma.strata.basics.date.DateAdjustersTest" time="0.001"/>
  <testcase name="test_nextLeapDay_Temporal" classname="com.opengamma.strata.basics.date.DateAdjustersTest" time="0"/>
  <testcase name="test_nextLeapDay_Temporal" classname="com.opengamma.strata.basics.date.DateAdjustersTest" time="0"/>
  <testcase name="test_nextLeapDay_Temporal" classname="com.opengamma.strata.basics.date.DateAdjustersTest" time="0"/>
  <testcase name="test_nextLeapDay_Temporal" classname="com.opengamma.strata.basics.date.DateAdjustersTest" time="0"/>
  <testcase name="test_nextLeapDay_Temporal" classname="com.opengamma.strata.basics.date.DateAdjustersTest" time="0"/>
  <testcase name="test_nextLeapDay_Temporal" classname="com.opengamma.strata.basics.date.DateAdjustersTest" time="0"/>
  <testcase name="test_nextLeapDay_Temporal" classname="com.opengamma.strata.basics.date.DateAdjustersTest" time="0.001"/>
  <testcase name="test_nextLeapDay_Temporal" classname="com.opengamma.strata.basics.date.DateAdjustersTest" time="0"/>
  <testcase name="test_nextLeapDay_Temporal" classname="com.opengamma.strata.basics.date.DateAdjustersTest" time="0"/>
  <testcase name="test_nextLeapDay_Temporal" classname="com.opengamma.strata.basics.date.DateAdjustersTest" time="0.001"/>
  <testcase name="test_nextLeapDay_Temporal" classname="com.opengamma.strata.basics.date.DateAdjustersTest" time="0"/>
  <testcase name="test_nextLeapDay_Temporal" classname="com.opengamma.strata.basics.date.DateAdjustersTest" time="0"/>
  <testcase name="test_nextLeapDay_Temporal" classname="com.opengamma.strata.basics.date.DateAdjustersTest" time="0"/>
  <testcase name="test_nextLeapDay_Temporal" classname="com.opengamma.strata.basics.date.DateAdjustersTest" time="0"/>
  <testcase name="test_nextLeapDay_Temporal" classname="com.opengamma.strata.basics.date.DateAdjustersTest" time="0"/>
  <testcase name="test_nextLeapDay_Temporal" classname="com.opengamma.strata.basics.date.DateAdjustersTest" time="0"/>
  <testcase name="test_nextLeapDay_Temporal" classname="com.opengamma.strata.basics.date.DateAdjustersTest" time="0"/>
  <testcase name="test_nextLeapDay_Temporal" classname="com.opengamma.strata.basics.date.DateAdjustersTest" time="0"/>
  <testcase name="test_nextLeapDay_Temporal" classname="com.opengamma.strata.basics.date.DateAdjustersTest" time="0"/>
  <testcase name="test_nextLeapDay_Temporal" classname="com.opengamma.strata.basics.date.DateAdjustersTest" time="0"/>
  <testcase name="test_nextLeapDay_Temporal" classname="com.opengamma.strata.basics.date.DateAdjustersTest" time="0"/>
  <testcase name="test_nextLeapDay_Temporal" classname="com.opengamma.strata.basics.date.DateAdjustersTest" time="0"/>
  <testcase name="test_nextLeapDay_Temporal" classname="com.opengamma.strata.basics.date.DateAdjustersTest" time="0"/>
  <testcase name="test_nextLeapDay_Temporal" classname="com.opengamma.strata.basics.date.DateAdjustersTest" time="0"/>
  <testcase name="test_nextLeapDay_Temporal" classname="com.opengamma.strata.basics.date.DateAdjustersTest" time="0"/>
  <testcase name="test_nextLeapDay_Temporal" classname="com.opengamma.strata.basics.date.DateAdjustersTest" time="0"/>
  <testcase name="test_nextLeapDay_Temporal" classname="com.opengamma.strata.basics.date.DateAdjustersTest" time="0"/>
  <testcase name="test_nextLeapDay_Temporal" classname="com.opengamma.strata.basics.date.DateAdjustersTest" time="0"/>
  <testcase name="test_nextLeapDay_Temporal" classname="com.opengamma.strata.basics.date.DateAdjustersTest" time="0"/>
  <testcase name="test_actActIcma_longFinalStub_notEomFlagEom_short" classname="com.opengamma.strata.basics.date.DayCountTest" time="0"/>
  <testcase name="coverage" classname="com.opengamma.strata.basics.date.DateSequenceTest" time="0"/>
  <testcase name="test_actActIcma_longInitialStub_eomFlagEom_long" classname="com.opengamma.strata.basics.date.DayCountTest" time="0.001"/>
  <testcase name="test_actActIcma_longInitialStub_eomFlagEom_short" classname="com.opengamma.strata.basics.date.DayCountTest" time="0"/>
  <testcase name="test_actActIcma_longInitialStub_notEomFlagEom_long" classname="com.opengamma.strata.basics.date.DayCountTest" time="0.001"/>
  <testcase name="test_actActIcma_longInitialStub_notEomFlagEom_short" classname="com.opengamma.strata.basics.date.DayCountTest" time="0"/>
  <testcase name="test_actActIcma_singlePeriod" classname="com.opengamma.strata.basics.date.DayCountTest" time="0"/>
  <testcase name="test_actActIcma_veryLongInitialStub_eomFlagEom_mid" classname="com.opengamma.strata.basics.date.DayCountTest" time="0"/>
  <testcase name="test_actActIcma_veryLongInitialStub_eomFlagEom_short" classname="com.opengamma.strata.basics.date.DayCountTest" time="0"/>
  <testcase name="test_QUARTERLY_IMM" classname="com.opengamma.strata.basics.date.DateSequenceTest" time="0"/>
  <testcase name="test_QUARTERLY_IMM_of" classname="com.opengamma.strata.basics.date.DateSequenceTest" time="0"/>
  <testcase name="test_dummy" classname="com.opengamma.strata.basics.date.DateSequenceTest" time="0.002"/>
  <testcase name="test_extendedEnum" classname="com.opengamma.strata.basics.date.DateSequenceTest" time="0"/>
  <testcase name="test_nextOrSameLeapDay_LocalDate" classname="com.opengamma.strata.basics.date.DateAdjustersTest" time="0"/>
  <testcase name="test_nextOrSameLeapDay_LocalDate" classname="com.opengamma.strata.basics.date.DateAdjustersTest" time="0.001"/>
  <testcase name="test_nextOrSameLeapDay_LocalDate" classname="com.opengamma.strata.basics.date.DateAdjustersTest" time="0"/>
  <testcase name="test_nextOrSameLeapDay_LocalDate" classname="com.opengamma.strata.basics.date.DateAdjustersTest" time="0"/>
  <testcase name="test_nextOrSameLeapDay_LocalDate" classname="com.opengamma.strata.basics.date.DateAdjustersTest" time="0.001"/>
  <testcase name="test_nextOrSameLeapDay_LocalDate" classname="com.opengamma.strata.basics.date.DateAdjustersTest" time="0"/>
  <testcase name="test_nextOrSameLeapDay_LocalDate" classname="com.opengamma.strata.basics.date.DateAdjustersTest" time="0"/>
  <testcase name="test_nextOrSameLeapDay_LocalDate" classname="com.opengamma.strata.basics.date.DateAdjustersTest" time="0"/>
  <testcase name="test_nextOrSameLeapDay_LocalDate" classname="com.opengamma.strata.basics.date.DateAdjustersTest" time="0"/>
  <testcase name="test_nextOrSameLeapDay_LocalDate" classname="com.opengamma.strata.basics.date.DateAdjustersTest" time="0"/>
  <testcase name="test_nextOrSameLeapDay_LocalDate" classname="com.opengamma.strata.basics.date.DateAdjustersTest" time="0"/>
  <testcase name="test_nextOrSameLeapDay_LocalDate" classname="com.opengamma.strata.basics.date.DateAdjustersTest" time="0"/>
  <testcase name="test_nextOrSameLeapDay_LocalDate" classname="com.opengamma.strata.basics.date.DateAdjustersTest" time="0"/>
  <testcase name="test_nextOrSameLeapDay_LocalDate" classname="com.opengamma.strata.basics.date.DateAdjustersTest" time="0"/>
  <testcase name="test_nextOrSameLeapDay_LocalDate" classname="com.opengamma.strata.basics.date.DateAdjustersTest" time="0"/>
  <testcase name="test_nextOrSameLeapDay_LocalDate" classname="com.opengamma.strata.basics.date.DateAdjustersTest" time="0.001"/>
  <testcase name="test_nextOrSameLeapDay_LocalDate" classname="com.opengamma.strata.basics.date.DateAdjustersTest" time="0.001"/>
  <testcase name="test_nextOrSameLeapDay_LocalDate" classname="com.opengamma.strata.basics.date.DateAdjustersTest" time="0"/>
  <testcase name="test_nextOrSameLeapDay_LocalDate" classname="com.opengamma.strata.basics.date.DateAdjustersTest" time="0"/>
  <testcase name="test_nextOrSameLeapDay_LocalDate" classname="com.opengamma.strata.basics.date.DateAdjustersTest" time="0"/>
  <testcase name="test_nextOrSameLeapDay_LocalDate" classname="com.opengamma.strata.basics.date.DateAdjustersTest" time="0"/>
  <testcase name="test_nextOrSameLeapDay_LocalDate" classname="com.opengamma.strata.basics.date.DateAdjustersTest" time="0"/>
  <testcase name="test_nextOrSameLeapDay_LocalDate" classname="com.opengamma.strata.basics.date.DateAdjustersTest" time="0"/>
  <testcase name="test_nextOrSameLeapDay_LocalDate" classname="com.opengamma.strata.basics.date.DateAdjustersTest" time="0"/>
  <testcase name="test_nextOrSameLeapDay_LocalDate" classname="com.opengamma.strata.basics.date.DateAdjustersTest" time="0"/>
  <testcase name="test_nextOrSameLeapDay_LocalDate" classname="com.opengamma.strata.basics.date.DateAdjustersTest" time="0"/>
  <testcase name="test_nextOrSameLeapDay_LocalDate" classname="com.opengamma.strata.basics.date.DateAdjustersTest" time="0"/>
  <testcase name="test_nextOrSameLeapDay_LocalDate" classname="com.opengamma.strata.basics.date.DateAdjustersTest" time="0"/>
  <testcase name="test_nextOrSameLeapDay_LocalDate" classname="com.opengamma.strata.basics.date.DateAdjustersTest" time="0.001"/>
  <testcase name="test_nextOrSameLeapDay_LocalDate" classname="com.opengamma.strata.basics.date.DateAdjustersTest" time="0"/>
  <testcase name="test_nextOrSameLeapDay_LocalDate" classname="com.opengamma.strata.basics.date.DateAdjustersTest" time="0"/>
  <testcase name="test_nextOrSameLeapDay_LocalDate" classname="com.opengamma.strata.basics.date.DateAdjustersTest" time="0"/>
  <testcase name="test_nextOrSameLeapDay_LocalDate" classname="com.opengamma.strata.basics.date.DateAdjustersTest" time="0"/>
  <testcase name="test_nextOrSameLeapDay_LocalDate" classname="com.opengamma.strata.basics.date.DateAdjustersTest" time="0"/>
  <testcase name="test_nextOrSameLeapDay_LocalDate" classname="com.opengamma.strata.basics.date.DateAdjustersTest" time="0"/>
  <testcase name="test_nextOrSameLeapDay_LocalDate" classname="com.opengamma.strata.basics.date.DateAdjustersTest" time="0"/>
  <testcase name="test_nextOrSameLeapDay_LocalDate" classname="com.opengamma.strata.basics.date.DateAdjustersTest" time="0"/>
  <testcase name="test_nextOrSameLeapDay_LocalDate" classname="com.opengamma.strata.basics.date.DateAdjustersTest" time="0"/>
  <testcase name="test_nextOrSameLeapDay_LocalDate" classname="com.opengamma.strata.basics.date.DateAdjustersTest" time="0"/>
  <testcase name="test_nextOrSameLeapDay_LocalDate" classname="com.opengamma.strata.basics.date.DateAdjustersTest" time="0.001"/>
  <testcase name="test_nextOrSameLeapDay_LocalDate" classname="com.opengamma.strata.basics.date.DateAdjustersTest" time="0"/>
  <testcase name="test_nextOrSameLeapDay_LocalDate" classname="com.opengamma.strata.basics.date.DateAdjustersTest" time="0"/>
  <testcase name="test_nextOrSameLeapDay_LocalDate" classname="com.opengamma.strata.basics.date.DateAdjustersTest" time="0"/>
  <testcase name="test_nextOrSameLeapDay_LocalDate" classname="com.opengamma.strata.basics.date.DateAdjustersTest" time="0"/>
  <testcase name="test_nextOrSameLeapDay_LocalDate" classname="com.opengamma.strata.basics.date.DateAdjustersTest" time="0.001"/>
  <testcase name="test_jodaConvert" classname="com.opengamma.strata.basics.date.DateSequenceTest" time="0"/>
  <testcase name="test_nextOrSameLeapDay_Temporal" classname="com.opengamma.strata.basics.date.DateAdjustersTest" time="0"/>
  <testcase name="test_nextOrSameLeapDay_Temporal" classname="com.opengamma.strata.basics.date.DateAdjustersTest" time="0"/>
  <testcase name="test_nextOrSameLeapDay_Temporal" classname="com.opengamma.strata.basics.date.DateAdjustersTest" time="0"/>
  <testcase name="test_nextOrSameLeapDay_Temporal" classname="com.opengamma.strata.basics.date.DateAdjustersTest" time="0"/>
  <testcase name="test_nextOrSameLeapDay_Temporal" classname="com.opengamma.strata.basics.date.DateAdjustersTest" time="0"/>
  <testcase name="test_nextOrSameLeapDay_Temporal" classname="com.opengamma.strata.basics.date.DateAdjustersTest" time="0"/>
  <testcase name="test_nextOrSameLeapDay_Temporal" classname="com.opengamma.strata.basics.date.DateAdjustersTest" time="0"/>
  <testcase name="test_nextOrSameLeapDay_Temporal" classname="com.opengamma.strata.basics.date.DateAdjustersTest" time="0"/>
  <testcase name="test_nextOrSameLeapDay_Temporal" classname="com.opengamma.strata.basics.date.DateAdjustersTest" time="0"/>
  <testcase name="test_nextOrSameLeapDay_Temporal" classname="com.opengamma.strata.basics.date.DateAdjustersTest" time="0"/>
  <testcase name="test_nextOrSameLeapDay_Temporal" classname="com.opengamma.strata.basics.date.DateAdjustersTest" time="0"/>
  <testcase name="test_nextOrSameLeapDay_Temporal" classname="com.opengamma.strata.basics.date.DateAdjustersTest" time="0"/>
  <testcase name="test_nextOrSameLeapDay_Temporal" classname="com.opengamma.strata.basics.date.DateAdjustersTest" time="0.001"/>
  <testcase name="test_nextOrSameLeapDay_Temporal" classname="com.opengamma.strata.basics.date.DateAdjustersTest" time="0"/>
  <testcase name="test_nextOrSameLeapDay_Temporal" classname="com.opengamma.strata.basics.date.DateAdjustersTest" time="0"/>
  <testcase name="test_nextOrSameLeapDay_Temporal" classname="com.opengamma.strata.basics.date.DateAdjustersTest" time="0"/>
  <testcase name="test_nextOrSameLeapDay_Temporal" classname="com.opengamma.strata.basics.date.DateAdjustersTest" time="0"/>
  <testcase name="test_nextOrSameLeapDay_Temporal" classname="com.opengamma.strata.basics.date.DateAdjustersTest" time="0"/>
  <testcase name="test_nextOrSameLeapDay_Temporal" classname="com.opengamma.strata.basics.date.DateAdjustersTest" time="0"/>
  <testcase name="test_nextOrSameLeapDay_Temporal" classname="com.opengamma.strata.basics.date.DateAdjustersTest" time="0"/>
  <testcase name="test_nextOrSameLeapDay_Temporal" classname="com.opengamma.strata.basics.date.DateAdjustersTest" time="0.001"/>
  <testcase name="test_nextOrSameLeapDay_Temporal" classname="com.opengamma.strata.basics.date.DateAdjustersTest" time="0"/>
  <testcase name="test_nextOrSameLeapDay_Temporal" classname="com.opengamma.strata.basics.date.DateAdjustersTest" time="0.001"/>
  <testcase name="test_nextOrSameLeapDay_Temporal" classname="com.opengamma.strata.basics.date.DateAdjustersTest" time="0"/>
  <testcase name="test_nextOrSameLeapDay_Temporal" classname="com.opengamma.strata.basics.date.DateAdjustersTest" time="0"/>
  <testcase name="test_nextOrSameLeapDay_Temporal" classname="com.opengamma.strata.basics.date.DateAdjustersTest" time="0"/>
  <testcase name="test_nextOrSameLeapDay_Temporal" classname="com.opengamma.strata.basics.date.DateAdjustersTest" time="0"/>
  <testcase name="test_nextOrSameLeapDay_Temporal" classname="com.opengamma.strata.basics.date.DateAdjustersTest" time="0"/>
  <testcase name="test_nextOrSameLeapDay_Temporal" classname="com.opengamma.strata.basics.date.DateAdjustersTest" time="0"/>
  <testcase name="test_nextOrSameLeapDay_Temporal" classname="com.opengamma.strata.basics.date.DateAdjustersTest" time="0.001"/>
  <testcase name="test_nextOrSameLeapDay_Temporal" classname="com.opengamma.strata.basics.date.DateAdjustersTest" time="0"/>
  <testcase name="test_nextOrSameLeapDay_Temporal" classname="com.opengamma.strata.basics.date.DateAdjustersTest" time="0"/>
  <testcase name="test_nextOrSameLeapDay_Temporal" classname="com.opengamma.strata.basics.date.DateAdjustersTest" time="0"/>
  <testcase name="test_nextOrSameLeapDay_Temporal" classname="com.opengamma.strata.basics.date.DateAdjustersTest" time="0"/>
  <testcase name="test_nextOrSameLeapDay_Temporal" classname="com.opengamma.strata.basics.date.DateAdjustersTest" time="0"/>
  <testcase name="test_nextOrSameLeapDay_Temporal" classname="com.opengamma.strata.basics.date.DateAdjustersTest" time="0"/>
  <testcase name="test_nextOrSameLeapDay_Temporal" classname="com.opengamma.strata.basics.date.DateAdjustersTest" time="0"/>
  <testcase name="test_nextOrSameLeapDay_Temporal" classname="com.opengamma.strata.basics.date.DateAdjustersTest" time="0"/>
  <testcase name="test_nextOrSameLeapDay_Temporal" classname="com.opengamma.strata.basics.date.DateAdjustersTest" time="0"/>
  <testcase name="test_nextOrSameLeapDay_Temporal" classname="com.opengamma.strata.basics.date.DateAdjustersTest" time="0.001"/>
  <testcase name="test_nextOrSameLeapDay_Temporal" classname="com.opengamma.strata.basics.date.DateAdjustersTest" time="0"/>
  <testcase name="test_nextOrSameLeapDay_Temporal" classname="com.opengamma.strata.basics.date.DateAdjustersTest" time="0.001"/>
  <testcase name="test_nextOrSameLeapDay_Temporal" classname="com.opengamma.strata.basics.date.DateAdjustersTest" time="0"/>
  <testcase name="test_nextOrSameLeapDay_Temporal" classname="com.opengamma.strata.basics.date.DateAdjustersTest" time="0"/>
  <testcase name="test_nextOrSameLeapDay_Temporal" classname="com.opengamma.strata.basics.date.DateAdjustersTest" time="0"/>
  <testcase name="test_of_CurrencyDoubleArray" classname="com.opengamma.strata.basics.currency.CurrencyAmountArrayTest" time="0"/>
  <testcase name="test_nextMonthlyImm" classname="com.opengamma.strata.basics.date.DateSequenceTest" time="0"/>
  <testcase name="test_nextMonthlyImm" classname="com.opengamma.strata.basics.date.DateSequenceTest" time="0"/>
  <testcase name="test_nextMonthlyImm" classname="com.opengamma.strata.basics.date.DateSequenceTest" time="0"/>
  <testcase name="test_of_CurrencyList_mixedCurrency" classname="com.opengamma.strata.basics.currency.CurrencyAmountArrayTest" time="0.001"/>
  <testcase name="test_nextOrSameMonthlyImm" classname="com.opengamma.strata.basics.date.DateSequenceTest" time="0"/>
  <testcase name="test_nextOrSameMonthlyImm" classname="com.opengamma.strata.basics.date.DateSequenceTest" time="0"/>
  <testcase name="test_nextOrSameMonthlyImm" classname="com.opengamma.strata.basics.date.DateSequenceTest" time="0"/>
  <testcase name="test_nextOrSameQuarterlyImm" classname="com.opengamma.strata.basics.date.DateSequenceTest" time="0.001"/>
  <testcase name="test_nextOrSameQuarterlyImm" classname="com.opengamma.strata.basics.date.DateSequenceTest" time="0.001"/>
  <testcase name="test_nextOrSameQuarterlyImm" classname="com.opengamma.strata.basics.date.DateSequenceTest" time="0.001"/>
  <testcase name="test_nextOrSameQuarterlyImm" classname="com.opengamma.strata.basics.date.DateSequenceTest" time="0"/>
  <testcase name="test_nextOrSameQuarterlyImm" classname="com.opengamma.strata.basics.date.DateSequenceTest" time="0"/>
  <testcase name="test_of_List" classname="com.opengamma.strata.basics.currency.CurrencyAmountArrayTest" time="0"/>
  <testcase name="test_of_function" classname="com.opengamma.strata.basics.currency.CurrencyAmountArrayTest" time="0"/>
  <testcase name="test_of_function_mixedCurrency" classname="com.opengamma.strata.basics.currency.CurrencyAmountArrayTest" time="0"/>
  <testcase name="test_plus" classname="com.opengamma.strata.basics.currency.CurrencyAmountArrayTest" time="0.001"/>
  <testcase name="test_nextQuarterlyImm" classname="com.opengamma.strata.basics.date.DateSequenceTest" time="0"/>
  <testcase name="test_nextQuarterlyImm" classname="com.opengamma.strata.basics.date.DateSequenceTest" time="0.001"/>
  <testcase name="test_nextQuarterlyImm" classname="com.opengamma.strata.basics.date.DateSequenceTest" time="0"/>
  <testcase name="test_nextQuarterlyImm" classname="com.opengamma.strata.basics.date.DateSequenceTest" time="0.001"/>
  <testcase name="test_nextQuarterlyImm" classname="com.opengamma.strata.basics.date.DateSequenceTest" time="0.001"/>
  <testcase name="test_serialization" classname="com.opengamma.strata.basics.date.DateSequenceTest" time="0.001"/>
  <testcase name="coverage" classname="com.opengamma.strata.basics.date.DaysAdjustmentTest" time="0.007"/>
  <testcase name="coverage_builder" classname="com.opengamma.strata.basics.date.DaysAdjustmentTest" time="0.001"/>
  <testcase name="equals" classname="com.opengamma.strata.basics.date.DaysAdjustmentTest" time="0.001"/>
  <testcase name="test_NONE" classname="com.opengamma.strata.basics.date.DaysAdjustmentTest" time="0"/>
  <testcase name="test_serialization" classname="com.opengamma.strata.basics.currency.CurrencyAmountArrayTest" time="0"/>
  <testcase name="test_getResultCalendar1" classname="com.opengamma.strata.basics.date.DaysAdjustmentTest" time="0"/>
  <testcase name="test_getResultCalendar2" classname="com.opengamma.strata.basics.date.DaysAdjustmentTest" time="0"/>
  <testcase name="test_getResultCalendar3" classname="com.opengamma.strata.basics.date.DaysAdjustmentTest" time="0"/>
  <testcase name="test_normalized" classname="com.opengamma.strata.basics.date.DaysAdjustmentTest" time="0"/>
  <testcase name="test_ofBusinessDays2_adjust" classname="com.opengamma.strata.basics.date.DaysAdjustmentTest" time="0.006"/>
  <testcase name="test_ofBusinessDays2_null" classname="com.opengamma.strata.basics.date.DaysAdjustmentTest" time="0.001"/>
  <testcase name="test_ofBusinessDays2_oneDay" classname="com.opengamma.strata.basics.date.DaysAdjustmentTest" time="0.001"/>
  <testcase name="test_ofBusinessDays2_threeDays" classname="com.opengamma.strata.basics.date.DaysAdjustmentTest" time="0"/>
  <testcase name="test_ofBusinessDays3_adjust" classname="com.opengamma.strata.basics.date.DaysAdjustmentTest" time="0.001"/>
  <testcase name="test_ofBusinessDays3_fourDays" classname="com.opengamma.strata.basics.date.DaysAdjustmentTest" time="0"/>
  <testcase name="test_ofBusinessDays3_null" classname="com.opengamma.strata.basics.date.DaysAdjustmentTest" time="0.006"/>
  <testcase name="test_ofBusinessDays3_oneDay" classname="com.opengamma.strata.basics.date.DaysAdjustmentTest" time="0"/>
  <testcase name="test_ofCalendarDays1_adjust" classname="com.opengamma.strata.basics.date.DaysAdjustmentTest" time="0.003"/>
  <testcase name="test_ofCalendarDays1_oneDay" classname="com.opengamma.strata.basics.date.DaysAdjustmentTest" time="0"/>
  <testcase name="test_ofCalendarDays1_threeDays" classname="com.opengamma.strata.basics.date.DaysAdjustmentTest" time="0"/>
  <testcase name="test_ofCalendarDays2_adjust" classname="com.opengamma.strata.basics.date.DaysAdjustmentTest" time="0.001"/>
  <testcase name="test_ofCalendarDays2_fourDays" classname="com.opengamma.strata.basics.date.DaysAdjustmentTest" time="0"/>
  <testcase name="test_ofCalendarDays2_null" classname="com.opengamma.strata.basics.date.DaysAdjustmentTest" time="0.001"/>
  <testcase name="test_ofCalendarDays2_oneDay" classname="com.opengamma.strata.basics.date.DaysAdjustmentTest" time="0.001"/>
  <testcase name="test_serialization" classname="com.opengamma.strata.basics.date.DaysAdjustmentTest" time="0.007"/>
  <testcase name="coverage" classname="com.opengamma.strata.basics.index.FloatingRateTypeTest" time="0"/>
  <testcase name="test_isIbor" classname="com.opengamma.strata.basics.index.FloatingRateTypeTest" time="0"/>
  <testcase name="test_isOvernight" classname="com.opengamma.strata.basics.index.FloatingRateTypeTest" time="0"/>
  <testcase name="test_isPrice" classname="com.opengamma.strata.basics.index.FloatingRateTypeTest" time="0.001"/>
  <testcase name="test_jodaConvert" classname="com.opengamma.strata.basics.index.FloatingRateTypeTest" time="0.005"/>
  <testcase name="test_of_lookup" classname="com.opengamma.strata.basics.index.FloatingRateTypeTest" time="0"/>
  <testcase name="test_of_lookup" classname="com.opengamma.strata.basics.index.FloatingRateTypeTest" time="0.001"/>
  <testcase name="test_of_lookup" classname="com.opengamma.strata.basics.index.FloatingRateTypeTest" time="0"/>
  <testcase name="test_of_lookup" classname="com.opengamma.strata.basics.index.FloatingRateTypeTest" time="0"/>
  <testcase name="test_of_lookup" classname="com.opengamma.strata.basics.index.FloatingRateTypeTest" time="0"/>
  <testcase name="test_of_lookupLowerCase" classname="com.opengamma.strata.basics.index.FloatingRateTypeTest" time="0"/>
  <testcase name="test_of_lookupLowerCase" classname="com.opengamma.strata.basics.index.FloatingRateTypeTest" time="0"/>
  <testcase name="test_of_lookupLowerCase" classname="com.opengamma.strata.basics.index.FloatingRateTypeTest" time="0"/>
  <testcase name="test_of_lookupLowerCase" classname="com.opengamma.strata.basics.index.FloatingRateTypeTest" time="0"/>
  <testcase name="test_of_lookupLowerCase" classname="com.opengamma.strata.basics.index.FloatingRateTypeTest" time="0"/>
  <testcase name="test_of_lookupUpperCase" classname="com.opengamma.strata.basics.index.FloatingRateTypeTest" time="0"/>
  <testcase name="test_of_lookupUpperCase" classname="com.opengamma.strata.basics.index.FloatingRateTypeTest" time="0"/>
  <testcase name="test_of_lookupUpperCase" classname="com.opengamma.strata.basics.index.FloatingRateTypeTest" time="0"/>
  <testcase name="test_of_lookupUpperCase" classname="com.opengamma.strata.basics.index.FloatingRateTypeTest" time="0"/>
  <testcase name="test_of_lookupUpperCase" classname="com.opengamma.strata.basics.index.FloatingRateTypeTest" time="0"/>
  <testcase name="test_of_lookup_notFound" classname="com.opengamma.strata.basics.index.FloatingRateTypeTest" time="0.001"/>
  <testcase name="coverage" classname="com.opengamma.strata.basics.index.FloatingRateNameTest" time="0"/>
  <testcase name="test_of_lookup_null" classname="com.opengamma.strata.basics.index.FloatingRateTypeTest" time="0"/>
  <testcase name="test_serialization" classname="com.opengamma.strata.basics.index.FloatingRateTypeTest" time="0"/>
  <testcase name="test_toString" classname="com.opengamma.strata.basics.index.FloatingRateTypeTest" time="0.001"/>
  <testcase name="test_toString" classname="com.opengamma.strata.basics.index.FloatingRateTypeTest" time="0"/>
  <testcase name="test_toString" classname="com.opengamma.strata.basics.index.FloatingRateTypeTest" time="0"/>
  <testcase name="test_toString" classname="com.opengamma.strata.basics.index.FloatingRateTypeTest" time="0"/>
  <testcase name="test_toString" classname="com.opengamma.strata.basics.index.FloatingRateTypeTest" time="0"/>
  <testcase name="test_addTo" classname="com.opengamma.strata.basics.schedule.FrequencyTest" time="0"/>
  <testcase name="test_equals_bad" classname="com.opengamma.strata.basics.schedule.FrequencyTest" time="0"/>
  <testcase name="test_equals_hashCode" classname="com.opengamma.strata.basics.schedule.FrequencyTest" time="0"/>
  <testcase name="test_eventsPerYear" classname="com.opengamma.strata.basics.schedule.FrequencyTest" time="0"/>
  <testcase name="test_eventsPerYear" classname="com.opengamma.strata.basics.schedule.FrequencyTest" time="0"/>
  <testcase name="test_eventsPerYear" classname="com.opengamma.strata.basics.schedule.FrequencyTest" time="0"/>
  <testcase name="test_eventsPerYear" classname="com.opengamma.strata.basics.schedule.FrequencyTest" time="0"/>
  <testcase name="test_eventsPerYear" classname="com.opengamma.strata.basics.schedule.FrequencyTest" time="0"/>
  <testcase name="test_eventsPerYear" classname="com.opengamma.strata.basics.schedule.FrequencyTest" time="0"/>
  <testcase name="test_eventsPerYear" classname="com.opengamma.strata.basics.schedule.FrequencyTest" time="0"/>
  <testcase name="test_eventsPerYear" classname="com.opengamma.strata.basics.schedule.FrequencyTest" time="0"/>
  <testcase name="test_eventsPerYear" classname="com.opengamma.strata.basics.schedule.FrequencyTest" time="0.001"/>
  <testcase name="test_eventsPerYear" classname="com.opengamma.strata.basics.schedule.FrequencyTest" time="0"/>
  <testcase name="test_eventsPerYear" classname="com.opengamma.strata.basics.schedule.FrequencyTest" time="0"/>
  <testcase name="test_eventsPerYear" classname="com.opengamma.strata.basics.schedule.FrequencyTest" time="0"/>
  <testcase name="test_eventsPerYear" classname="com.opengamma.strata.basics.schedule.FrequencyTest" time="0"/>
  <testcase name="test_eventsPerYear" classname="com.opengamma.strata.basics.schedule.FrequencyTest" time="0"/>
  <testcase name="test_eventsPerYearEstimate" classname="com.opengamma.strata.basics.schedule.FrequencyTest" time="0"/>
  <testcase name="test_eventsPerYearEstimate" classname="com.opengamma.strata.basics.schedule.FrequencyTest" time="0"/>
  <testcase name="test_eventsPerYearEstimate" classname="com.opengamma.strata.basics.schedule.FrequencyTest" time="0"/>
  <testcase name="test_eventsPerYearEstimate" classname="com.opengamma.strata.basics.schedule.FrequencyTest" time="0"/>
  <testcase name="test_eventsPerYearEstimate" classname="com.opengamma.strata.basics.schedule.FrequencyTest" time="0"/>
  <testcase name="test_eventsPerYearEstimate" classname="com.opengamma.strata.basics.schedule.FrequencyTest" time="0"/>
  <testcase name="test_eventsPerYearEstimate" classname="com.opengamma.strata.basics.schedule.FrequencyTest" time="0"/>
  <testcase name="test_eventsPerYearEstimate" classname="com.opengamma.strata.basics.schedule.FrequencyTest" time="0.001"/>
  <testcase name="test_eventsPerYearEstimate" classname="com.opengamma.strata.basics.schedule.FrequencyTest" time="0"/>
  <testcase name="test_eventsPerYearEstimate" classname="com.opengamma.strata.basics.schedule.FrequencyTest" time="0"/>
  <testcase name="test_eventsPerYearEstimate" classname="com.opengamma.strata.basics.schedule.FrequencyTest" time="0"/>
  <testcase name="test_eventsPerYearEstimate" classname="com.opengamma.strata.basics.schedule.FrequencyTest" time="0"/>
  <testcase name="test_eventsPerYearEstimate" classname="com.opengamma.strata.basics.schedule.FrequencyTest" time="0"/>
  <testcase name="test_eventsPerYearEstimate" classname="com.opengamma.strata.basics.schedule.FrequencyTest" time="0"/>
  <testcase name="test_eventsPerYearEstimate_bad" classname="com.opengamma.strata.basics.schedule.FrequencyTest" time="0"/>
  <testcase name="test_eventsPerYear_bad" classname="com.opengamma.strata.basics.schedule.FrequencyTest" time="0.002"/>
  <testcase name="test_exactDivide" classname="com.opengamma.strata.basics.schedule.FrequencyTest" time="0.001"/>
  <testcase name="test_exactDivide" classname="com.opengamma.strata.basics.schedule.FrequencyTest" time="0"/>
  <testcase name="test_exactDivide" classname="com.opengamma.strata.basics.schedule.FrequencyTest" time="0"/>
  <testcase name="test_exactDivide" classname="com.opengamma.strata.basics.schedule.FrequencyTest" time="0"/>
  <testcase name="test_exactDivide" classname="com.opengamma.strata.basics.schedule.FrequencyTest" time="0"/>
  <testcase name="test_exactDivide" classname="com.opengamma.strata.basics.schedule.FrequencyTest" time="0"/>
  <testcase name="test_exactDivide" classname="com.opengamma.strata.basics.schedule.FrequencyTest" time="0"/>
  <testcase name="test_exactDivide" classname="com.opengamma.strata.basics.schedule.FrequencyTest" time="0"/>
  <testcase name="test_exactDivide" classname="com.opengamma.strata.basics.schedule.FrequencyTest" time="0"/>
  <testcase name="test_exactDivide" classname="com.opengamma.strata.basics.schedule.FrequencyTest" time="0"/>
  <testcase name="test_exactDivide" classname="com.opengamma.strata.basics.schedule.FrequencyTest" time="0"/>
  <testcase name="test_exactDivide" classname="com.opengamma.strata.basics.schedule.FrequencyTest" time="0"/>
  <testcase name="test_exactDivide" classname="com.opengamma.strata.basics.schedule.FrequencyTest" time="0"/>
  <testcase name="test_exactDivide" classname="com.opengamma.strata.basics.schedule.FrequencyTest" time="0"/>
  <testcase name="test_exactDivide" classname="com.opengamma.strata.basics.schedule.FrequencyTest" time="0"/>
  <testcase name="test_exactDivide" classname="com.opengamma.strata.basics.schedule.FrequencyTest" time="0"/>
  <testcase name="test_exactDivide" classname="com.opengamma.strata.basics.schedule.FrequencyTest" time="0.001"/>
  <testcase name="test_exactDivide" classname="com.opengamma.strata.basics.schedule.FrequencyTest" time="0"/>
  <testcase name="test_exactDivide" classname="com.opengamma.strata.basics.schedule.FrequencyTest" time="0"/>
  <testcase name="test_exactDivide" classname="com.opengamma.strata.basics.schedule.FrequencyTest" time="0"/>
  <testcase name="test_exactDivide" classname="com.opengamma.strata.basics.schedule.FrequencyTest" time="0"/>
  <testcase name="test_exactDivide" classname="com.opengamma.strata.basics.schedule.FrequencyTest" time="0.001"/>
  <testcase name="test_exactDivide" classname="com.opengamma.strata.basics.schedule.FrequencyTest" time="0"/>
  <testcase name="test_exactDivide_bad" classname="com.opengamma.strata.basics.schedule.FrequencyTest" time="0.003"/>
  <testcase name="test_exactDivide_reverse" classname="com.opengamma.strata.basics.schedule.FrequencyTest" time="0.001"/>
  <testcase name="test_exactDivide_reverse" classname="com.opengamma.strata.basics.schedule.FrequencyTest" time="0"/>
  <testcase name="test_exactDivide_reverse" classname="com.opengamma.strata.basics.schedule.FrequencyTest" time="0.001"/>
  <testcase name="test_exactDivide_reverse" classname="com.opengamma.strata.basics.schedule.FrequencyTest" time="0"/>
  <testcase name="test_exactDivide_reverse" classname="com.opengamma.strata.basics.schedule.FrequencyTest" time="0"/>
  <testcase name="test_exactDivide_reverse" classname="com.opengamma.strata.basics.schedule.FrequencyTest" time="0"/>
  <testcase name="test_exactDivide_reverse" classname="com.opengamma.strata.basics.schedule.FrequencyTest" time="0"/>
  <testcase name="test_exactDivide_reverse" classname="com.opengamma.strata.basics.schedule.FrequencyTest" time="0"/>
  <testcase name="test_exactDivide_reverse" classname="com.opengamma.strata.basics.schedule.FrequencyTest" time="0"/>
  <testcase name="test_exactDivide_reverse" classname="com.opengamma.strata.basics.schedule.FrequencyTest" time="0"/>
  <testcase name="test_exactDivide_reverse" classname="com.opengamma.strata.basics.schedule.FrequencyTest" time="0"/>
  <testcase name="test_exactDivide_reverse" classname="com.opengamma.strata.basics.schedule.FrequencyTest" time="0.001"/>
  <testcase name="test_exactDivide_reverse" classname="com.opengamma.strata.basics.schedule.FrequencyTest" time="0"/>
  <testcase name="test_exactDivide_reverse" classname="com.opengamma.strata.basics.schedule.FrequencyTest" time="0"/>
  <testcase name="test_exactDivide_reverse" classname="com.opengamma.strata.basics.schedule.FrequencyTest" time="0"/>
  <testcase name="test_exactDivide_reverse" classname="com.opengamma.strata.basics.schedule.FrequencyTest" time="0.001"/>
  <testcase name="test_exactDivide_reverse" classname="com.opengamma.strata.basics.schedule.FrequencyTest" time="0"/>
  <testcase name="test_exactDivide_reverse" classname="com.opengamma.strata.basics.schedule.FrequencyTest" time="0"/>
  <testcase name="test_exactDivide_reverse" classname="com.opengamma.strata.basics.schedule.FrequencyTest" time="0"/>
  <testcase name="test_exactDivide_reverse" classname="com.opengamma.strata.basics.schedule.FrequencyTest" time="0"/>
  <testcase name="test_exactDivide_reverse" classname="com.opengamma.strata.basics.schedule.FrequencyTest" time="0"/>
  <testcase name="test_exactDivide_reverse" classname="com.opengamma.strata.basics.schedule.FrequencyTest" time="0"/>
  <testcase name="test_exactDivide_reverse" classname="com.opengamma.strata.basics.schedule.FrequencyTest" time="0.001"/>
  <testcase name="test_isAnnual" classname="com.opengamma.strata.basics.schedule.FrequencyTest" time="0"/>
  <testcase name="test_isAnnual" classname="com.opengamma.strata.basics.schedule.FrequencyTest" time="0"/>
  <testcase name="test_isAnnual" classname="com.opengamma.strata.basics.schedule.FrequencyTest" time="0"/>
  <testcase name="test_isAnnual" classname="com.opengamma.strata.basics.schedule.FrequencyTest" time="0"/>
  <testcase name="test_isAnnual" classname="com.opengamma.strata.basics.schedule.FrequencyTest" time="0"/>
  <testcase name="test_isAnnual" classname="com.opengamma.strata.basics.schedule.FrequencyTest" time="0"/>
  <testcase name="test_isAnnual" classname="com.opengamma.strata.basics.schedule.FrequencyTest" time="0"/>
  <testcase name="test_isAnnual" classname="com.opengamma.strata.basics.schedule.FrequencyTest" time="0.001"/>
  <testcase name="test_isAnnual" classname="com.opengamma.strata.basics.schedule.FrequencyTest" time="0"/>
  <testcase name="test_isAnnual" classname="com.opengamma.strata.basics.schedule.FrequencyTest" time="0"/>
  <testcase name="test_isAnnual" classname="com.opengamma.strata.basics.schedule.FrequencyTest" time="0"/>
  <testcase name="test_isAnnual" classname="com.opengamma.strata.basics.schedule.FrequencyTest" time="0"/>
  <testcase name="test_isAnnual" classname="com.opengamma.strata.basics.schedule.FrequencyTest" time="0"/>
  <testcase name="test_isMonthBased" classname="com.opengamma.strata.basics.schedule.FrequencyTest" time="0"/>
  <testcase name="test_isMonthBased" classname="com.opengamma.strata.basics.schedule.FrequencyTest" time="0"/>
  <testcase name="test_isMonthBased" classname="com.opengamma.strata.basics.schedule.FrequencyTest" time="0.001"/>
  <testcase name="test_isMonthBased" classname="com.opengamma.strata.basics.schedule.FrequencyTest" time="0"/>
  <testcase name="test_isMonthBased" classname="com.opengamma.strata.basics.schedule.FrequencyTest" time="0"/>
  <testcase name="test_isMonthBased" classname="com.opengamma.strata.basics.schedule.FrequencyTest" time="0"/>
  <testcase name="test_isMonthBased" classname="com.opengamma.strata.basics.schedule.FrequencyTest" time="0"/>
  <testcase name="test_isMonthBased" classname="com.opengamma.strata.basics.schedule.FrequencyTest" time="0.001"/>
  <testcase name="test_isMonthBased" classname="com.opengamma.strata.basics.schedule.FrequencyTest" time="0"/>
  <testcase name="test_isMonthBased" classname="com.opengamma.strata.basics.schedule.FrequencyTest" time="0"/>
  <testcase name="test_isMonthBased" classname="com.opengamma.strata.basics.schedule.FrequencyTest" time="0"/>
  <testcase name="test_isMonthBased" classname="com.opengamma.strata.basics.schedule.FrequencyTest" time="0"/>
  <testcase name="test_isMonthBased" classname="com.opengamma.strata.basics.schedule.FrequencyTest" time="0"/>
  <testcase name="test_isWeekBased" classname="com.opengamma.strata.basics.schedule.FrequencyTest" time="0"/>
  <testcase name="test_isWeekBased" classname="com.opengamma.strata.basics.schedule.FrequencyTest" time="0"/>
  <testcase name="test_isWeekBased" classname="com.opengamma.strata.basics.schedule.FrequencyTest" time="0"/>
  <testcase name="test_isWeekBased" classname="com.opengamma.strata.basics.schedule.FrequencyTest" time="0"/>
  <testcase name="test_isWeekBased" classname="com.opengamma.strata.basics.schedule.FrequencyTest" time="0"/>
  <testcase name="test_isWeekBased" classname="com.opengamma.strata.basics.schedule.FrequencyTest" time="0"/>
  <testcase name="test_isWeekBased" classname="com.opengamma.strata.basics.schedule.FrequencyTest" time="0"/>
  <testcase name="test_isWeekBased" classname="com.opengamma.strata.basics.schedule.FrequencyTest" time="0"/>
  <testcase name="test_isWeekBased" classname="com.opengamma.strata.basics.schedule.FrequencyTest" time="0"/>
  <testcase name="test_isWeekBased" classname="com.opengamma.strata.basics.schedule.FrequencyTest" time="0"/>
  <testcase name="test_isWeekBased" classname="com.opengamma.strata.basics.schedule.FrequencyTest" time="0"/>
  <testcase name="test_isWeekBased" classname="com.opengamma.strata.basics.schedule.FrequencyTest" time="0"/>
  <testcase name="test_isWeekBased" classname="com.opengamma.strata.basics.schedule.FrequencyTest" time="0"/>
  <testcase name="test_cibor" classname="com.opengamma.strata.basics.index.FloatingRateNameTest" time="0.018"/>
  <testcase name="test_defaultIborIndex" classname="com.opengamma.strata.basics.index.FloatingRateNameTest" time="0.005"/>
  <testcase name="test_defaultOvernightIndex" classname="com.opengamma.strata.basics.index.FloatingRateNameTest" time="0"/>
  <testcase name="test_iborIndex_tenor" classname="com.opengamma.strata.basics.index.FloatingRateNameTest" time="0.007"/>
  <testcase name="test_jodaConvert" classname="com.opengamma.strata.basics.schedule.FrequencyTest" time="0.035"/>
  <testcase name="test_normalized" classname="com.opengamma.strata.basics.schedule.FrequencyTest" time="0.001"/>
  <testcase name="test_normalized" classname="com.opengamma.strata.basics.schedule.FrequencyTest" time="0"/>
  <testcase name="test_normalized" classname="com.opengamma.strata.basics.schedule.FrequencyTest" time="0"/>
  <testcase name="test_normalized" classname="com.opengamma.strata.basics.schedule.FrequencyTest" time="0"/>
  <testcase name="test_normalized" classname="com.opengamma.strata.basics.schedule.FrequencyTest" time="0"/>
  <testcase name="test_normalized" classname="com.opengamma.strata.basics.schedule.FrequencyTest" time="0.001"/>
  <testcase name="test_normalized" classname="com.opengamma.strata.basics.schedule.FrequencyTest" time="0"/>
  <testcase name="test_normalized" classname="com.opengamma.strata.basics.schedule.FrequencyTest" time="0"/>
  <testcase name="test_normalized" classname="com.opengamma.strata.basics.schedule.FrequencyTest" time="0"/>
  <testcase name="test_normalized" classname="com.opengamma.strata.basics.schedule.FrequencyTest" time="0"/>
  <testcase name="test_normalized" classname="com.opengamma.strata.basics.schedule.FrequencyTest" time="0.001"/>
  <testcase name="test_normalized" classname="com.opengamma.strata.basics.schedule.FrequencyTest" time="0"/>
  <testcase name="test_ofMonths" classname="com.opengamma.strata.basics.schedule.FrequencyTest" time="0"/>
  <testcase name="test_ofMonths" classname="com.opengamma.strata.basics.schedule.FrequencyTest" time="0"/>
  <testcase name="test_ofMonths" classname="com.opengamma.strata.basics.schedule.FrequencyTest" time="0"/>
  <testcase name="test_ofMonths" classname="com.opengamma.strata.basics.schedule.FrequencyTest" time="0"/>
  <testcase name="test_ofMonths" classname="com.opengamma.strata.basics.schedule.FrequencyTest" time="0"/>
  <testcase name="test_ofMonths" classname="com.opengamma.strata.basics.schedule.FrequencyTest" time="0"/>
  <testcase name="test_ofMonths" classname="com.opengamma.strata.basics.schedule.FrequencyTest" time="0"/>
  <testcase name="test_ofMonths" classname="com.opengamma.strata.basics.schedule.FrequencyTest" time="0"/>
  <testcase name="test_ofMonths" classname="com.opengamma.strata.basics.schedule.FrequencyTest" time="0"/>
  <testcase name="test_jodaConvert" classname="com.opengamma.strata.basics.index.FloatingRateNameTest" time="0"/>
  <testcase name="test_parse_noTenor" classname="com.opengamma.strata.basics.index.FloatingRateIndexTest" time="0.001"/>
  <testcase name="test_name" classname="com.opengamma.strata.basics.index.FloatingRateNameTest" time="0.001"/>
  <testcase name="test_name" classname="com.opengamma.strata.basics.index.FloatingRateNameTest" time="0"/>
  <testcase name="test_name" classname="com.opengamma.strata.basics.index.FloatingRateNameTest" time="0"/>
  <testcase name="test_name" classname="com.opengamma.strata.basics.index.FloatingRateNameTest" time="0"/>
  <testcase name="test_name" classname="com.opengamma.strata.basics.index.FloatingRateNameTest" time="0.001"/>
  <testcase name="test_name" classname="com.opengamma.strata.basics.index.FloatingRateNameTest" time="0.001"/>
  <testcase name="test_name" classname="com.opengamma.strata.basics.index.FloatingRateNameTest" time="0.001"/>
  <testcase name="test_name" classname="com.opengamma.strata.basics.index.FloatingRateNameTest" time="0.001"/>
  <testcase name="test_name" classname="com.opengamma.strata.basics.index.FloatingRateNameTest" time="0.001"/>
  <testcase name="test_name" classname="com.opengamma.strata.basics.index.FloatingRateNameTest" time="0.001"/>
  <testcase name="test_name" classname="com.opengamma.strata.basics.index.FloatingRateNameTest" time="0.001"/>
  <testcase name="test_name" classname="com.opengamma.strata.basics.index.FloatingRateNameTest" time="0"/>
  <testcase name="test_name" classname="com.opengamma.strata.basics.index.FloatingRateNameTest" time="0.001"/>
  <testcase name="test_name" classname="com.opengamma.strata.basics.index.FloatingRateNameTest" time="0.001"/>
  <testcase name="test_name" classname="com.opengamma.strata.basics.index.FloatingRateNameTest" time="0"/>
  <testcase name="test_name" classname="com.opengamma.strata.basics.index.FloatingRateNameTest" time="0.001"/>
  <testcase name="test_name" classname="com.opengamma.strata.basics.index.FloatingRateNameTest" time="0"/>
  <testcase name="test_name" classname="com.opengamma.strata.basics.index.FloatingRateNameTest" time="0.001"/>
  <testcase name="test_name" classname="com.opengamma.strata.basics.index.FloatingRateNameTest" time="0"/>
  <testcase name="test_name" classname="com.opengamma.strata.basics.index.FloatingRateNameTest" time="0"/>
  <testcase name="test_name" classname="com.opengamma.strata.basics.index.FloatingRateNameTest" time="0"/>
  <testcase name="test_name" classname="com.opengamma.strata.basics.index.FloatingRateNameTest" time="0"/>
  <testcase name="test_name" classname="com.opengamma.strata.basics.index.FloatingRateNameTest" time="0"/>
  <testcase name="test_name" classname="com.opengamma.strata.basics.index.FloatingRateNameTest" time="0"/>
  <testcase name="test_name" classname="com.opengamma.strata.basics.index.FloatingRateNameTest" time="0"/>
  <testcase name="test_name" classname="com.opengamma.strata.basics.index.FloatingRateNameTest" time="0"/>
  <testcase name="test_name" classname="com.opengamma.strata.basics.index.FloatingRateNameTest" time="0"/>
  <testcase name="test_name" classname="com.opengamma.strata.basics.index.FloatingRateNameTest" time="0.001"/>
  <testcase name="test_name" classname="com.opengamma.strata.basics.index.FloatingRateNameTest" time="0"/>
  <testcase name="test_name" classname="com.opengamma.strata.basics.index.FloatingRateNameTest" time="0"/>
  <testcase name="test_name" classname="com.opengamma.strata.basics.index.FloatingRateNameTest" time="0"/>
  <testcase name="test_name" classname="com.opengamma.strata.basics.index.FloatingRateNameTest" time="0"/>
  <testcase name="test_name" classname="com.opengamma.strata.basics.index.FloatingRateNameTest" time="0"/>
  <testcase name="test_name" classname="com.opengamma.strata.basics.index.FloatingRateNameTest" time="0"/>
  <testcase name="test_name" classname="com.opengamma.strata.basics.index.FloatingRateNameTest" time="0"/>
  <testcase name="test_name" classname="com.opengamma.strata.basics.index.FloatingRateNameTest" time="0"/>
  <testcase name="test_name" classname="com.opengamma.strata.basics.index.FloatingRateNameTest" time="0"/>
  <testcase name="test_name" classname="com.opengamma.strata.basics.index.FloatingRateNameTest" time="0"/>
  <testcase name="test_name" classname="com.opengamma.strata.basics.index.FloatingRateNameTest" time="0"/>
  <testcase name="test_name" classname="com.opengamma.strata.basics.index.FloatingRateNameTest" time="0"/>
  <testcase name="test_name" classname="com.opengamma.strata.basics.index.FloatingRateNameTest" time="0"/>
  <testcase name="test_name" classname="com.opengamma.strata.basics.index.FloatingRateNameTest" time="0"/>
  <testcase name="test_name" classname="com.opengamma.strata.basics.index.FloatingRateNameTest" time="0"/>
  <testcase name="test_name" classname="com.opengamma.strata.basics.index.FloatingRateNameTest" time="0"/>
  <testcase name="test_name" classname="com.opengamma.strata.basics.index.FloatingRateNameTest" time="0"/>
  <testcase name="test_name" classname="com.opengamma.strata.basics.index.FloatingRateNameTest" time="0"/>
  <testcase name="test_name" classname="com.opengamma.strata.basics.index.FloatingRateNameTest" time="0.001"/>
  <testcase name="test_name" classname="com.opengamma.strata.basics.index.FloatingRateNameTest" time="0.001"/>
  <testcase name="test_name" classname="com.opengamma.strata.basics.index.FloatingRateNameTest" time="0"/>
  <testcase name="test_name" classname="com.opengamma.strata.basics.index.FloatingRateNameTest" time="0.001"/>
  <testcase name="test_name" classname="com.opengamma.strata.basics.index.FloatingRateNameTest" time="0.001"/>
  <testcase name="test_name" classname="com.opengamma.strata.basics.index.FloatingRateNameTest" time="0"/>
  <testcase name="test_name" classname="com.opengamma.strata.basics.index.FloatingRateNameTest" time="0"/>
  <testcase name="test_name" classname="com.opengamma.strata.basics.index.FloatingRateNameTest" time="0"/>
  <testcase name="test_name" classname="com.opengamma.strata.basics.index.FloatingRateNameTest" time="0"/>
  <testcase name="test_name" classname="com.opengamma.strata.basics.index.FloatingRateNameTest" time="0"/>
  <testcase name="test_name" classname="com.opengamma.strata.basics.index.FloatingRateNameTest" time="0"/>
  <testcase name="test_name" classname="com.opengamma.strata.basics.index.FloatingRateNameTest" time="0"/>
  <testcase name="test_name" classname="com.opengamma.strata.basics.index.FloatingRateNameTest" time="0.001"/>
  <testcase name="test_name" classname="com.opengamma.strata.basics.index.FloatingRateNameTest" time="0"/>
  <testcase name="test_name" classname="com.opengamma.strata.basics.index.FloatingRateNameTest" time="0"/>
  <testcase name="test_name" classname="com.opengamma.strata.basics.index.FloatingRateNameTest" time="0"/>
  <testcase name="test_name" classname="com.opengamma.strata.basics.index.FloatingRateNameTest" time="0"/>
  <testcase name="test_name" classname="com.opengamma.strata.basics.index.FloatingRateNameTest" time="0"/>
  <testcase name="test_ofYears" classname="com.opengamma.strata.basics.schedule.FrequencyTest" time="0"/>
  <testcase name="test_ofYears" classname="com.opengamma.strata.basics.schedule.FrequencyTest" time="0.001"/>
  <testcase name="test_ofYears" classname="com.opengamma.strata.basics.schedule.FrequencyTest" time="0"/>
  <testcase name="test_of_Period" classname="com.opengamma.strata.basics.schedule.FrequencyTest" time="0"/>
  <testcase name="test_of_Period" classname="com.opengamma.strata.basics.schedule.FrequencyTest" time="0"/>
  <testcase name="test_of_Period" classname="com.opengamma.strata.basics.schedule.FrequencyTest" time="0"/>
  <testcase name="test_of_Period" classname="com.opengamma.strata.basics.schedule.FrequencyTest" time="0"/>
  <testcase name="test_of_Period" classname="com.opengamma.strata.basics.schedule.FrequencyTest" time="0"/>
  <testcase name="test_of_Period" classname="com.opengamma.strata.basics.schedule.FrequencyTest" time="0"/>
  <testcase name="test_of_Period" classname="com.opengamma.strata.basics.schedule.FrequencyTest" time="0"/>
  <testcase name="test_of_Period" classname="com.opengamma.strata.basics.schedule.FrequencyTest" time="0"/>
  <testcase name="test_of_Period" classname="com.opengamma.strata.basics.schedule.FrequencyTest" time="0"/>
  <testcase name="test_of_Period" classname="com.opengamma.strata.basics.schedule.FrequencyTest" time="0"/>
  <testcase name="test_of_Period" classname="com.opengamma.strata.basics.schedule.FrequencyTest" time="0"/>
  <testcase name="test_of_Period" classname="com.opengamma.strata.basics.schedule.FrequencyTest" time="0"/>
  <testcase name="test_of_Period" classname="com.opengamma.strata.basics.schedule.FrequencyTest" time="0"/>
  <testcase name="test_of_Period" classname="com.opengamma.strata.basics.schedule.FrequencyTest" time="0"/>
  <testcase name="test_of_Period" classname="com.opengamma.strata.basics.schedule.FrequencyTest" time="0"/>
  <testcase name="test_of_Period" classname="com.opengamma.strata.basics.schedule.FrequencyTest" time="0.001"/>
  <testcase name="test_of_Period" classname="com.opengamma.strata.basics.schedule.FrequencyTest" time="0"/>
  <testcase name="test_of_Period" classname="com.opengamma.strata.basics.schedule.FrequencyTest" time="0"/>
  <testcase name="test_of_Period" classname="com.opengamma.strata.basics.schedule.FrequencyTest" time="0.001"/>
  <testcase name="test_of_Period" classname="com.opengamma.strata.basics.schedule.FrequencyTest" time="0"/>
  <testcase name="test_of_Period" classname="com.opengamma.strata.basics.schedule.FrequencyTest" time="0"/>
  <testcase name="test_of_Period" classname="com.opengamma.strata.basics.schedule.FrequencyTest" time="0"/>
  <testcase name="test_of_Period" classname="com.opengamma.strata.basics.schedule.FrequencyTest" time="0.001"/>
  <testcase name="test_of_Period" classname="com.opengamma.strata.basics.schedule.FrequencyTest" time="0"/>
  <testcase name="test_of_Period" classname="com.opengamma.strata.basics.schedule.FrequencyTest" time="0"/>
  <testcase name="test_of_Period" classname="com.opengamma.strata.basics.schedule.FrequencyTest" time="0"/>
  <testcase name="test_of_Period" classname="com.opengamma.strata.basics.schedule.FrequencyTest" time="0"/>
  <testcase name="test_of_Period" classname="com.opengamma.strata.basics.schedule.FrequencyTest" time="0"/>
  <testcase name="test_parse_withTenor" classname="com.opengamma.strata.basics.index.FloatingRateIndexTest" time="0"/>
  <testcase name="test_actActYearVsIcma" classname="com.opengamma.strata.basics.date.DayCountTest" time="0"/>
  <testcase name="coverage" classname="com.opengamma.strata.basics.index.FxIndexObservationTest" time="0.001"/>
  <testcase name="test_of" classname="com.opengamma.strata.basics.index.FxIndexObservationTest" time="0"/>
  <testcase name="test_serialization" classname="com.opengamma.strata.basics.index.FxIndexObservationTest" time="0.001"/>
  <testcase name="test_actAct_isdaTestCase_longFinalStub" classname="com.opengamma.strata.basics.date.DayCountTest" time="0.001"/>
  <testcase name="test_actAct_isdaTestCase_longInitialStub" classname="com.opengamma.strata.basics.date.DayCountTest" time="0"/>
  <testcase name="test_actAct_isdaTestCase_normal" classname="com.opengamma.strata.basics.date.DayCountTest" time="0"/>
  <testcase name="test_actAct_isdaTestCase_shortFinalStub" classname="com.opengamma.strata.basics.date.DayCountTest" time="0.001"/>
  <testcase name="test_actAct_isdaTestCase_shortInitialStub" classname="com.opengamma.strata.basics.date.DayCountTest" time="0"/>
  <testcase name="test_days" classname="com.opengamma.strata.basics.date.DayCountTest" time="0"/>
  <testcase name="test_days" classname="com.opengamma.strata.basics.date.DayCountTest" time="0"/>
  <testcase name="test_days" classname="com.opengamma.strata.basics.date.DayCountTest" time="0"/>
  <testcase name="test_days" classname="com.opengamma.strata.basics.date.DayCountTest" time="0.001"/>
  <testcase name="test_days" classname="com.opengamma.strata.basics.date.DayCountTest" time="0"/>
  <testcase name="test_days" classname="com.opengamma.strata.basics.date.DayCountTest" time="0"/>
  <testcase name="test_days" classname="com.opengamma.strata.basics.date.DayCountTest" time="0"/>
  <testcase name="test_days" classname="com.opengamma.strata.basics.date.DayCountTest" time="0"/>
  <testcase name="test_days" classname="com.opengamma.strata.basics.date.DayCountTest" time="0"/>
  <testcase name="test_days" classname="com.opengamma.strata.basics.date.DayCountTest" time="0"/>
  <testcase name="test_days" classname="com.opengamma.strata.basics.date.DayCountTest" time="0"/>
  <testcase name="test_days" classname="com.opengamma.strata.basics.date.DayCountTest" time="0.001"/>
  <testcase name="test_days" classname="com.opengamma.strata.basics.date.DayCountTest" time="0"/>
  <testcase name="test_days" classname="com.opengamma.strata.basics.date.DayCountTest" time="0"/>
  <testcase name="test_days" classname="com.opengamma.strata.basics.date.DayCountTest" time="0"/>
  <testcase name="test_days" classname="com.opengamma.strata.basics.date.DayCountTest" time="0.001"/>
  <testcase name="test_days" classname="com.opengamma.strata.basics.date.DayCountTest" time="0"/>
  <testcase name="test_days" classname="com.opengamma.strata.basics.date.DayCountTest" time="0"/>
  <testcase name="test_days" classname="com.opengamma.strata.basics.date.DayCountTest" time="0"/>
  <testcase name="test_days" classname="com.opengamma.strata.basics.date.DayCountTest" time="0"/>
  <testcase name="test_days" classname="com.opengamma.strata.basics.date.DayCountTest" time="0"/>
  <testcase name="test_days" classname="com.opengamma.strata.basics.date.DayCountTest" time="0"/>
  <testcase name="test_days" classname="com.opengamma.strata.basics.date.DayCountTest" time="0"/>
  <testcase name="test_days" classname="com.opengamma.strata.basics.date.DayCountTest" time="0"/>
  <testcase name="test_days" classname="com.opengamma.strata.basics.date.DayCountTest" time="0"/>
  <testcase name="test_days" classname="com.opengamma.strata.basics.date.DayCountTest" time="0.001"/>
  <testcase name="test_days" classname="com.opengamma.strata.basics.date.DayCountTest" time="0"/>
  <testcase name="test_days" classname="com.opengamma.strata.basics.date.DayCountTest" time="0"/>
  <testcase name="test_days" classname="com.opengamma.strata.basics.date.DayCountTest" time="0"/>
  <testcase name="test_days" classname="com.opengamma.strata.basics.date.DayCountTest" time="0"/>
  <testcase name="test_days" classname="com.opengamma.strata.basics.date.DayCountTest" time="0.001"/>
  <testcase name="test_days" classname="com.opengamma.strata.basics.date.DayCountTest" time="0"/>
  <testcase name="test_days" classname="com.opengamma.strata.basics.date.DayCountTest" time="0"/>
  <testcase name="test_days" classname="com.opengamma.strata.basics.date.DayCountTest" time="0"/>
  <testcase name="test_days" classname="com.opengamma.strata.basics.date.DayCountTest" time="0"/>
  <testcase name="test_days" classname="com.opengamma.strata.basics.date.DayCountTest" time="0"/>
  <testcase name="test_days" classname="com.opengamma.strata.basics.date.DayCountTest" time="0.001"/>
  <testcase name="test_days" classname="com.opengamma.strata.basics.date.DayCountTest" time="0"/>
  <testcase name="test_days" classname="com.opengamma.strata.basics.date.DayCountTest" time="0"/>
  <testcase name="test_days" classname="com.opengamma.strata.basics.date.DayCountTest" time="0"/>
  <testcase name="test_days" classname="com.opengamma.strata.basics.date.DayCountTest" time="0"/>
  <testcase name="test_days" classname="com.opengamma.strata.basics.date.DayCountTest" time="0"/>
  <testcase name="test_days" classname="com.opengamma.strata.basics.date.DayCountTest" time="0"/>
  <testcase name="test_days" classname="com.opengamma.strata.basics.date.DayCountTest" time="0"/>
  <testcase name="test_days" classname="com.opengamma.strata.basics.date.DayCountTest" time="0"/>
  <testcase name="test_days" classname="com.opengamma.strata.basics.date.DayCountTest" time="0"/>
  <testcase name="test_days" classname="com.opengamma.strata.basics.date.DayCountTest" time="0"/>
  <testcase name="test_days" classname="com.opengamma.strata.basics.date.DayCountTest" time="0"/>
  <testcase name="test_days" classname="com.opengamma.strata.basics.date.DayCountTest" time="0"/>
  <testcase name="test_days" classname="com.opengamma.strata.basics.date.DayCountTest" time="0"/>
  <testcase name="test_days" classname="com.opengamma.strata.basics.date.DayCountTest" time="0"/>
  <testcase name="test_days" classname="com.opengamma.strata.basics.date.DayCountTest" time="0"/>
  <testcase name="test_days" classname="com.opengamma.strata.basics.date.DayCountTest" time="0"/>
  <testcase name="test_days" classname="com.opengamma.strata.basics.date.DayCountTest" time="0"/>
  <testcase name="test_days" classname="com.opengamma.strata.basics.date.DayCountTest" time="0"/>
  <testcase name="test_days" classname="com.opengamma.strata.basics.date.DayCountTest" time="0"/>
  <testcase name="test_days" classname="com.opengamma.strata.basics.date.DayCountTest" time="0"/>
  <testcase name="test_days" classname="com.opengamma.strata.basics.date.DayCountTest" time="0"/>
  <testcase name="test_days" classname="com.opengamma.strata.basics.date.DayCountTest" time="0"/>
  <testcase name="test_days" classname="com.opengamma.strata.basics.date.DayCountTest" time="0"/>
  <testcase name="test_days" classname="com.opengamma.strata.basics.date.DayCountTest" time="0"/>
  <testcase name="test_days" classname="com.opengamma.strata.basics.date.DayCountTest" time="0"/>
  <testcase name="test_days" classname="com.opengamma.strata.basics.date.DayCountTest" time="0"/>
  <testcase name="test_days" classname="com.opengamma.strata.basics.date.DayCountTest" time="0"/>
  <testcase name="test_days" classname="com.opengamma.strata.basics.date.DayCountTest" time="0"/>
  <testcase name="test_days" classname="com.opengamma.strata.basics.date.DayCountTest" time="0"/>
  <testcase name="test_days" classname="com.opengamma.strata.basics.date.DayCountTest" time="0"/>
  <testcase name="test_days" classname="com.opengamma.strata.basics.date.DayCountTest" time="0"/>
  <testcase name="test_days" classname="com.opengamma.strata.basics.date.DayCountTest" time="0"/>
  <testcase name="test_days" classname="com.opengamma.strata.basics.date.DayCountTest" time="0"/>
  <testcase name="test_days" classname="com.opengamma.strata.basics.date.DayCountTest" time="0"/>
  <testcase name="test_days" classname="com.opengamma.strata.basics.date.DayCountTest" time="0"/>
  <testcase name="test_days" classname="com.opengamma.strata.basics.date.DayCountTest" time="0"/>
  <testcase name="test_days" classname="com.opengamma.strata.basics.date.DayCountTest" time="0"/>
  <testcase name="test_days" classname="com.opengamma.strata.basics.date.DayCountTest" time="0"/>
  <testcase name="test_days" classname="com.opengamma.strata.basics.date.DayCountTest" time="0"/>
  <testcase name="test_days" classname="com.opengamma.strata.basics.date.DayCountTest" time="0"/>
  <testcase name="test_days" classname="com.opengamma.strata.basics.date.DayCountTest" time="0"/>
  <testcase name="test_days" classname="com.opengamma.strata.basics.date.DayCountTest" time="0"/>
  <testcase name="test_days" classname="com.opengamma.strata.basics.date.DayCountTest" time="0.001"/>
  <testcase name="test_days" classname="com.opengamma.strata.basics.date.DayCountTest" time="0"/>
  <testcase name="test_days" classname="com.opengamma.strata.basics.date.DayCountTest" time="0"/>
  <testcase name="test_days" classname="com.opengamma.strata.basics.date.DayCountTest" time="0"/>
  <testcase name="test_days" classname="com.opengamma.strata.basics.date.DayCountTest" time="0"/>
  <testcase name="test_days" classname="com.opengamma.strata.basics.date.DayCountTest" time="0.001"/>
  <testcase name="test_days" classname="com.opengamma.strata.basics.date.DayCountTest" time="0"/>
  <testcase name="test_days" classname="com.opengamma.strata.basics.date.DayCountTest" time="0"/>
  <testcase name="test_days" classname="com.opengamma.strata.basics.date.DayCountTest" time="0"/>
  <testcase name="test_days" classname="com.opengamma.strata.basics.date.DayCountTest" time="0"/>
  <testcase name="test_days" classname="com.opengamma.strata.basics.date.DayCountTest" time="0"/>
  <testcase name="test_days" classname="com.opengamma.strata.basics.date.DayCountTest" time="0"/>
  <testcase name="test_days" classname="com.opengamma.strata.basics.date.DayCountTest" time="0"/>
  <testcase name="test_days" classname="com.opengamma.strata.basics.date.DayCountTest" time="0"/>
  <testcase name="test_days" classname="com.opengamma.strata.basics.date.DayCountTest" time="0"/>
  <testcase name="test_days" classname="com.opengamma.strata.basics.date.DayCountTest" time="0"/>
  <testcase name="test_days" classname="com.opengamma.strata.basics.date.DayCountTest" time="0"/>
  <testcase name="test_days" classname="com.opengamma.strata.basics.date.DayCountTest" time="0"/>
  <testcase name="test_days" classname="com.opengamma.strata.basics.date.DayCountTest" time="0"/>
  <testcase name="test_days" classname="com.opengamma.strata.basics.date.DayCountTest" time="0"/>
  <testcase name="test_days" classname="com.opengamma.strata.basics.date.DayCountTest" time="0"/>
  <testcase name="test_days" classname="com.opengamma.strata.basics.date.DayCountTest" time="0"/>
  <testcase name="test_days" classname="com.opengamma.strata.basics.date.DayCountTest" time="0"/>
  <testcase name="test_days" classname="com.opengamma.strata.basics.date.DayCountTest" time="0"/>
  <testcase name="test_days" classname="com.opengamma.strata.basics.date.DayCountTest" time="0"/>
  <testcase name="test_days" classname="com.opengamma.strata.basics.date.DayCountTest" time="0"/>
  <testcase name="test_days" classname="com.opengamma.strata.basics.date.DayCountTest" time="0"/>
  <testcase name="test_days" classname="com.opengamma.strata.basics.date.DayCountTest" time="0"/>
  <testcase name="test_days" classname="com.opengamma.strata.basics.date.DayCountTest" time="0"/>
  <testcase name="test_days" classname="com.opengamma.strata.basics.date.DayCountTest" time="0"/>
  <testcase name="test_days" classname="com.opengamma.strata.basics.date.DayCountTest" time="0.001"/>
  <testcase name="test_days" classname="com.opengamma.strata.basics.date.DayCountTest" time="0.006"/>
  <testcase name="test_days" classname="com.opengamma.strata.basics.date.DayCountTest" time="0"/>
  <testcase name="test_days" classname="com.opengamma.strata.basics.date.DayCountTest" time="0"/>
  <testcase name="test_days" classname="com.opengamma.strata.basics.date.DayCountTest" time="0.001"/>
  <testcase name="test_days" classname="com.opengamma.strata.basics.date.DayCountTest" time="0"/>
  <testcase name="test_days" classname="com.opengamma.strata.basics.date.DayCountTest" time="0"/>
  <testcase name="test_days" classname="com.opengamma.strata.basics.date.DayCountTest" time="0"/>
  <testcase name="test_days" classname="com.opengamma.strata.basics.date.DayCountTest" time="0"/>
  <testcase name="test_days" classname="com.opengamma.strata.basics.date.DayCountTest" time="0"/>
  <testcase name="test_days" classname="com.opengamma.strata.basics.date.DayCountTest" time="0"/>
  <testcase name="test_days" classname="com.opengamma.strata.basics.date.DayCountTest" time="0"/>
  <testcase name="test_days" classname="com.opengamma.strata.basics.date.DayCountTest" time="0.002"/>
  <testcase name="test_days" classname="com.opengamma.strata.basics.date.DayCountTest" time="0"/>
  <testcase name="test_days" classname="com.opengamma.strata.basics.date.DayCountTest" time="0"/>
  <testcase name="test_days" classname="com.opengamma.strata.basics.date.DayCountTest" time="0"/>
  <testcase name="test_days" classname="com.opengamma.strata.basics.date.DayCountTest" time="0"/>
  <testcase name="test_days" classname="com.opengamma.strata.basics.date.DayCountTest" time="0.001"/>
  <testcase name="test_days" classname="com.opengamma.strata.basics.date.DayCountTest" time="0"/>
  <testcase name="test_days" classname="com.opengamma.strata.basics.date.DayCountTest" time="0"/>
  <testcase name="test_days" classname="com.opengamma.strata.basics.date.DayCountTest" time="0"/>
  <testcase name="test_days" classname="com.opengamma.strata.basics.date.DayCountTest" time="0"/>
  <testcase name="test_days" classname="com.opengamma.strata.basics.date.DayCountTest" time="0"/>
  <testcase name="test_days" classname="com.opengamma.strata.basics.date.DayCountTest" time="0"/>
  <testcase name="test_days" classname="com.opengamma.strata.basics.date.DayCountTest" time="0"/>
  <testcase name="test_days" classname="com.opengamma.strata.basics.date.DayCountTest" time="0"/>
  <testcase name="test_days" classname="com.opengamma.strata.basics.date.DayCountTest" time="0"/>
  <testcase name="test_days" classname="com.opengamma.strata.basics.date.DayCountTest" time="0"/>
  <testcase name="test_days" classname="com.opengamma.strata.basics.date.DayCountTest" time="0"/>
  <testcase name="test_days" classname="com.opengamma.strata.basics.date.DayCountTest" time="0"/>
  <testcase name="test_days" classname="com.opengamma.strata.basics.date.DayCountTest" time="0"/>
  <testcase name="test_days" classname="com.opengamma.strata.basics.date.DayCountTest" time="0"/>
  <testcase name="test_days" classname="com.opengamma.strata.basics.date.DayCountTest" time="0"/>
  <testcase name="test_days" classname="com.opengamma.strata.basics.date.DayCountTest" time="0"/>
  <testcase name="test_days" classname="com.opengamma.strata.basics.date.DayCountTest" time="0"/>
  <testcase name="test_days" classname="com.opengamma.strata.basics.date.DayCountTest" time="0"/>
  <testcase name="test_days" classname="com.opengamma.strata.basics.date.DayCountTest" time="0"/>
  <testcase name="test_days" classname="com.opengamma.strata.basics.date.DayCountTest" time="0"/>
  <testcase name="test_days" classname="com.opengamma.strata.basics.date.DayCountTest" time="0"/>
  <testcase name="test_days" classname="com.opengamma.strata.basics.date.DayCountTest" time="0"/>
  <testcase name="test_days" classname="com.opengamma.strata.basics.date.DayCountTest" time="0"/>
  <testcase name="test_days" classname="com.opengamma.strata.basics.date.DayCountTest" time="0"/>
  <testcase name="test_days" classname="com.opengamma.strata.basics.date.DayCountTest" time="0"/>
  <testcase name="test_days" classname="com.opengamma.strata.basics.date.DayCountTest" time="0"/>
  <testcase name="test_days" classname="com.opengamma.strata.basics.date.DayCountTest" time="0"/>
  <testcase name="test_days" classname="com.opengamma.strata.basics.date.DayCountTest" time="0"/>
  <testcase name="test_days" classname="com.opengamma.strata.basics.date.DayCountTest" time="0.001"/>
  <testcase name="test_of_int" classname="com.opengamma.strata.basics.schedule.FrequencyTest" time="0"/>
  <testcase name="test_of_int" classname="com.opengamma.strata.basics.schedule.FrequencyTest" time="0"/>
  <testcase name="test_of_int" classname="com.opengamma.strata.basics.schedule.FrequencyTest" time="0"/>
  <testcase name="test_of_int" classname="com.opengamma.strata.basics.schedule.FrequencyTest" time="0"/>
  <testcase name="test_of_int" classname="com.opengamma.strata.basics.schedule.FrequencyTest" time="0"/>
  <testcase name="test_of_int" classname="com.opengamma.strata.basics.schedule.FrequencyTest" time="0"/>
  <testcase name="test_of_int" classname="com.opengamma.strata.basics.schedule.FrequencyTest" time="0"/>
  <testcase name="test_of_int" classname="com.opengamma.strata.basics.schedule.FrequencyTest" time="0"/>
  <testcase name="test_of_int" classname="com.opengamma.strata.basics.schedule.FrequencyTest" time="0.001"/>
  <testcase name="test_of_int" classname="com.opengamma.strata.basics.schedule.FrequencyTest" time="0"/>
  <testcase name="test_of_int" classname="com.opengamma.strata.basics.schedule.FrequencyTest" time="0"/>
  <testcase name="test_of_int" classname="com.opengamma.strata.basics.schedule.FrequencyTest" time="0"/>
  <testcase name="test_of_int" classname="com.opengamma.strata.basics.schedule.FrequencyTest" time="0"/>
  <testcase name="test_of_int" classname="com.opengamma.strata.basics.schedule.FrequencyTest" time="0"/>
  <testcase name="test_of_int" classname="com.opengamma.strata.basics.schedule.FrequencyTest" time="0"/>
  <testcase name="test_of_int" classname="com.opengamma.strata.basics.schedule.FrequencyTest" time="0"/>
  <testcase name="test_of_int" classname="com.opengamma.strata.basics.schedule.FrequencyTest" time="0"/>
  <testcase name="test_of_int" classname="com.opengamma.strata.basics.schedule.FrequencyTest" time="0"/>
  <testcase name="test_of_int" classname="com.opengamma.strata.basics.schedule.FrequencyTest" time="0"/>
  <testcase name="test_of_int" classname="com.opengamma.strata.basics.schedule.FrequencyTest" time="0"/>
  <testcase name="test_of_int" classname="com.opengamma.strata.basics.schedule.FrequencyTest" time="0"/>
  <testcase name="test_of_int" classname="com.opengamma.strata.basics.schedule.FrequencyTest" time="0"/>
  <testcase name="test_of_int" classname="com.opengamma.strata.basics.schedule.FrequencyTest" time="0"/>
  <testcase name="test_of_int" classname="com.opengamma.strata.basics.schedule.FrequencyTest" time="0"/>
  <testcase name="test_of_int" classname="com.opengamma.strata.basics.schedule.FrequencyTest" time="0"/>
  <testcase name="test_of_int" classname="com.opengamma.strata.basics.schedule.FrequencyTest" time="0"/>
  <testcase name="test_of_int" classname="com.opengamma.strata.basics.schedule.FrequencyTest" time="0"/>
  <testcase name="test_of_int" classname="com.opengamma.strata.basics.schedule.FrequencyTest" time="0"/>
  <testcase name="coverage" classname="com.opengamma.strata.basics.index.FxIndexTest" time="0"/>
  <testcase name="test_cny" classname="com.opengamma.strata.basics.index.FxIndexTest" time="0"/>
  <testcase name="test_dates" classname="com.opengamma.strata.basics.index.FxIndexTest" time="0"/>
  <testcase name="test_ecb_eur_gbp_dates" classname="com.opengamma.strata.basics.index.FxIndexTest" time="0"/>
  <testcase name="test_equals" classname="com.opengamma.strata.basics.index.FxIndexTest" time="0"/>
  <testcase name="test_extendedEnum" classname="com.opengamma.strata.basics.index.FxIndexTest" time="0"/>
  <testcase name="test_extendedEnum" classname="com.opengamma.strata.basics.index.FxIndexTest" time="0"/>
  <testcase name="test_extendedEnum" classname="com.opengamma.strata.basics.index.FxIndexTest" time="0"/>
  <testcase name="test_extendedEnum" classname="com.opengamma.strata.basics.index.FxIndexTest" time="0.001"/>
  <testcase name="test_extendedEnum" classname="com.opengamma.strata.basics.index.FxIndexTest" time="0"/>
  <testcase name="test_extendedEnum" classname="com.opengamma.strata.basics.index.FxIndexTest" time="0"/>
  <testcase name="test_extendedEnum" classname="com.opengamma.strata.basics.index.FxIndexTest" time="0"/>
  <testcase name="test_extendedEnum" classname="com.opengamma.strata.basics.index.FxIndexTest" time="0"/>
  <testcase name="test_jodaConvert" classname="com.opengamma.strata.basics.index.FxIndexTest" time="0"/>
  <testcase name="test_name" classname="com.opengamma.strata.basics.index.FxIndexTest" time="0"/>
  <testcase name="test_name" classname="com.opengamma.strata.basics.index.FxIndexTest" time="0"/>
  <testcase name="test_name" classname="com.opengamma.strata.basics.index.FxIndexTest" time="0"/>
  <testcase name="test_name" classname="com.opengamma.strata.basics.index.FxIndexTest" time="0"/>
  <testcase name="test_name" classname="com.opengamma.strata.basics.index.FxIndexTest" time="0"/>
  <testcase name="test_name" classname="com.opengamma.strata.basics.index.FxIndexTest" time="0"/>
  <testcase name="test_name" classname="com.opengamma.strata.basics.index.FxIndexTest" time="0"/>
  <testcase name="test_name" classname="com.opengamma.strata.basics.index.FxIndexTest" time="0"/>
  <testcase name="test_of_lookup" classname="com.opengamma.strata.basics.index.FxIndexTest" time="0"/>
  <testcase name="test_of_lookup" classname="com.opengamma.strata.basics.index.FxIndexTest" time="0.001"/>
  <testcase name="test_of_lookup" classname="com.opengamma.strata.basics.index.FxIndexTest" time="0"/>
  <testcase name="test_of_lookup" classname="com.opengamma.strata.basics.index.FxIndexTest" time="0"/>
  <testcase name="test_of_lookup" classname="com.opengamma.strata.basics.index.FxIndexTest" time="0"/>
  <testcase name="test_of_lookup" classname="com.opengamma.strata.basics.index.FxIndexTest" time="0"/>
  <testcase name="test_of_lookup" classname="com.opengamma.strata.basics.index.FxIndexTest" time="0"/>
  <testcase name="test_of_lookup" classname="com.opengamma.strata.basics.index.FxIndexTest" time="0"/>
  <testcase name="test_of_lookup_notFound" classname="com.opengamma.strata.basics.index.FxIndexTest" time="0"/>
  <testcase name="test_of_notNegative" classname="com.opengamma.strata.basics.schedule.FrequencyTest" time="0"/>
  <testcase name="test_of_lookup_null" classname="com.opengamma.strata.basics.index.FxIndexTest" time="0.001"/>
  <testcase name="test_serialization" classname="com.opengamma.strata.basics.index.FxIndexTest" time="0"/>
  <testcase name="test_of_notZero" classname="com.opengamma.strata.basics.schedule.FrequencyTest" time="0.001"/>
  <testcase name="test_toString" classname="com.opengamma.strata.basics.index.FxIndexTest" time="0"/>
  <testcase name="test_toString" classname="com.opengamma.strata.basics.index.FxIndexTest" time="0.001"/>
  <testcase name="test_toString" classname="com.opengamma.strata.basics.index.FxIndexTest" time="0"/>
  <testcase name="test_toString" classname="com.opengamma.strata.basics.index.FxIndexTest" time="0"/>
  <testcase name="test_toString" classname="com.opengamma.strata.basics.index.FxIndexTest" time="0"/>
  <testcase name="test_toString" classname="com.opengamma.strata.basics.index.FxIndexTest" time="0"/>
  <testcase name="test_toString" classname="com.opengamma.strata.basics.index.FxIndexTest" time="0"/>
  <testcase name="test_toString" classname="com.opengamma.strata.basics.index.FxIndexTest" time="0"/>
  <testcase name="test_of_tooBig" classname="com.opengamma.strata.basics.schedule.FrequencyTest" time="0"/>
  <testcase name="test_parse" classname="com.opengamma.strata.basics.schedule.FrequencyTest" time="0"/>
  <testcase name="test_parse" classname="com.opengamma.strata.basics.schedule.FrequencyTest" time="0"/>
  <testcase name="test_parse" classname="com.opengamma.strata.basics.schedule.FrequencyTest" time="0"/>
  <testcase name="test_parse" classname="com.opengamma.strata.basics.schedule.FrequencyTest" time="0"/>
  <testcase name="test_parse" classname="com.opengamma.strata.basics.schedule.FrequencyTest" time="0"/>
  <testcase name="test_parse" classname="com.opengamma.strata.basics.schedule.FrequencyTest" time="0"/>
  <testcase name="test_parse" classname="com.opengamma.strata.basics.schedule.FrequencyTest" time="0"/>
  <testcase name="test_parse" classname="com.opengamma.strata.basics.schedule.FrequencyTest" time="0"/>
  <testcase name="test_parse" classname="com.opengamma.strata.basics.schedule.FrequencyTest" time="0"/>
  <testcase name="test_parse" classname="com.opengamma.strata.basics.schedule.FrequencyTest" time="0.001"/>
  <testcase name="test_parse" classname="com.opengamma.strata.basics.schedule.FrequencyTest" time="0"/>
  <testcase name="test_parse" classname="com.opengamma.strata.basics.schedule.FrequencyTest" time="0"/>
  <testcase name="test_parse" classname="com.opengamma.strata.basics.schedule.FrequencyTest" time="0"/>
  <testcase name="test_parse" classname="com.opengamma.strata.basics.schedule.FrequencyTest" time="0"/>
  <testcase name="test_parse" classname="com.opengamma.strata.basics.schedule.FrequencyTest" time="0"/>
  <testcase name="test_parse" classname="com.opengamma.strata.basics.schedule.FrequencyTest" time="0"/>
  <testcase name="test_parse" classname="com.opengamma.strata.basics.schedule.FrequencyTest" time="0.001"/>
  <testcase name="test_parse" classname="com.opengamma.strata.basics.schedule.FrequencyTest" time="0"/>
  <testcase name="test_parse" classname="com.opengamma.strata.basics.schedule.FrequencyTest" time="0"/>
  <testcase name="test_parse" classname="com.opengamma.strata.basics.schedule.FrequencyTest" time="0"/>
  <testcase name="test_parse" classname="com.opengamma.strata.basics.schedule.FrequencyTest" time="0"/>
  <testcase name="test_parse" classname="com.opengamma.strata.basics.schedule.FrequencyTest" time="0"/>
  <testcase name="test_parse" classname="com.opengamma.strata.basics.schedule.FrequencyTest" time="0.001"/>
  <testcase name="test_parse" classname="com.opengamma.strata.basics.schedule.FrequencyTest" time="0"/>
  <testcase name="test_parse" classname="com.opengamma.strata.basics.schedule.FrequencyTest" time="0"/>
  <testcase name="test_parse" classname="com.opengamma.strata.basics.schedule.FrequencyTest" time="0.002"/>
  <testcase name="test_parse" classname="com.opengamma.strata.basics.schedule.FrequencyTest" time="0"/>
  <testcase name="test_parse" classname="com.opengamma.strata.basics.schedule.FrequencyTest" time="0"/>
  <testcase name="addMultipleRates" classname="com.opengamma.strata.basics.currency.FxMatrixTest" time="0.006"/>
  <testcase name="addMultipleRatesContainingEntryWithNoCommonCurrency" classname="com.opengamma.strata.basics.currency.FxMatrixTest" time="0"/>
  <testcase name="addMultipleRatesSingle" classname="com.opengamma.strata.basics.currency.FxMatrixTest" time="0"/>
  <testcase name="addSimpleMultipleRates" classname="com.opengamma.strata.basics.currency.FxMatrixTest" time="0"/>
  <testcase name="canAddEntryWithNoCommonCurrencyIfSuppliedBySubsequentEntries" classname="com.opengamma.strata.basics.currency.FxMatrixTest" time="0.001"/>
  <testcase name="test_normalized" classname="com.opengamma.strata.basics.index.FloatingRateNameTest" time="0.001"/>
  <testcase name="test_nzd" classname="com.opengamma.strata.basics.index.FloatingRateNameTest" time="0"/>
  <testcase name="test_of_lookup" classname="com.opengamma.strata.basics.index.FloatingRateNameTest" time="0"/>
  <testcase name="test_of_lookup" classname="com.opengamma.strata.basics.index.FloatingRateNameTest" time="0"/>
  <testcase name="test_of_lookup" classname="com.opengamma.strata.basics.index.FloatingRateNameTest" time="0"/>
  <testcase name="test_of_lookup" classname="com.opengamma.strata.basics.index.FloatingRateNameTest" time="0"/>
  <testcase name="test_of_lookup" classname="com.opengamma.strata.basics.index.FloatingRateNameTest" time="0"/>
  <testcase name="test_of_lookup" classname="com.opengamma.strata.basics.index.FloatingRateNameTest" time="0"/>
  <testcase name="test_of_lookup" classname="com.opengamma.strata.basics.index.FloatingRateNameTest" time="0.001"/>
  <testcase name="test_of_lookup" classname="com.opengamma.strata.basics.index.FloatingRateNameTest" time="0"/>
  <testcase name="test_of_lookup" classname="com.opengamma.strata.basics.index.FloatingRateNameTest" time="0"/>
  <testcase name="test_of_lookup" classname="com.opengamma.strata.basics.index.FloatingRateNameTest" time="0"/>
  <testcase name="test_of_lookup" classname="com.opengamma.strata.basics.index.FloatingRateNameTest" time="0"/>
  <testcase name="test_of_lookup" classname="com.opengamma.strata.basics.index.FloatingRateNameTest" time="0"/>
  <testcase name="test_of_lookup" classname="com.opengamma.strata.basics.index.FloatingRateNameTest" time="0"/>
  <testcase name="test_of_lookup" classname="com.opengamma.strata.basics.index.FloatingRateNameTest" time="0"/>
  <testcase name="test_of_lookup" classname="com.opengamma.strata.basics.index.FloatingRateNameTest" time="0"/>
  <testcase name="test_of_lookup" classname="com.opengamma.strata.basics.index.FloatingRateNameTest" time="0"/>
  <testcase name="test_of_lookup" classname="com.opengamma.strata.basics.index.FloatingRateNameTest" time="0.001"/>
  <testcase name="test_of_lookup" classname="com.opengamma.strata.basics.index.FloatingRateNameTest" time="0"/>
  <testcase name="test_of_lookup" classname="com.opengamma.strata.basics.index.FloatingRateNameTest" time="0"/>
  <testcase name="test_of_lookup" classname="com.opengamma.strata.basics.index.FloatingRateNameTest" time="0"/>
  <testcase name="test_of_lookup" classname="com.opengamma.strata.basics.index.FloatingRateNameTest" time="0"/>
  <testcase name="test_of_lookup" classname="com.opengamma.strata.basics.index.FloatingRateNameTest" time="0"/>
  <testcase name="test_of_lookup" classname="com.opengamma.strata.basics.index.FloatingRateNameTest" time="0"/>
  <testcase name="test_of_lookup" classname="com.opengamma.strata.basics.index.FloatingRateNameTest" time="0"/>
  <testcase name="test_of_lookup" classname="com.opengamma.strata.basics.index.FloatingRateNameTest" time="0"/>
  <testcase name="test_of_lookup" classname="com.opengamma.strata.basics.index.FloatingRateNameTest" time="0"/>
  <testcase name="test_of_lookup" classname="com.opengamma.strata.basics.index.FloatingRateNameTest" time="0"/>
  <testcase name="test_of_lookup" classname="com.opengamma.strata.basics.index.FloatingRateNameTest" time="0"/>
  <testcase name="test_of_lookup" classname="com.opengamma.strata.basics.index.FloatingRateNameTest" time="0"/>
  <testcase name="test_of_lookup" classname="com.opengamma.strata.basics.index.FloatingRateNameTest" time="0"/>
  <testcase name="test_of_lookup" classname="com.opengamma.strata.basics.index.FloatingRateNameTest" time="0"/>
  <testcase name="test_of_lookup" classname="com.opengamma.strata.basics.index.FloatingRateNameTest" time="0"/>
  <testcase name="test_of_lookup" classname="com.opengamma.strata.basics.index.FloatingRateNameTest" time="0"/>
  <testcase name="test_of_lookup" classname="com.opengamma.strata.basics.index.FloatingRateNameTest" time="0"/>
  <testcase name="test_of_lookup" classname="com.opengamma.strata.basics.index.FloatingRateNameTest" time="0"/>
  <testcase name="test_of_lookup" classname="com.opengamma.strata.basics.index.FloatingRateNameTest" time="0"/>
  <testcase name="test_of_lookup" classname="com.opengamma.strata.basics.index.FloatingRateNameTest" time="0"/>
  <testcase name="test_of_lookup" classname="com.opengamma.strata.basics.index.FloatingRateNameTest" time="0"/>
  <testcase name="test_of_lookup" classname="com.opengamma.strata.basics.index.FloatingRateNameTest" time="0.001"/>
  <testcase name="test_of_lookup" classname="com.opengamma.strata.basics.index.FloatingRateNameTest" time="0"/>
  <testcase name="test_of_lookup" classname="com.opengamma.strata.basics.index.FloatingRateNameTest" time="0"/>
  <testcase name="test_of_lookup" classname="com.opengamma.strata.basics.index.FloatingRateNameTest" time="0"/>
  <testcase name="test_of_lookup" classname="com.opengamma.strata.basics.index.FloatingRateNameTest" time="0"/>
  <testcase name="test_of_lookup" classname="com.opengamma.strata.basics.index.FloatingRateNameTest" time="0"/>
  <testcase name="test_of_lookup" classname="com.opengamma.strata.basics.index.FloatingRateNameTest" time="0"/>
  <testcase name="test_of_lookup" classname="com.opengamma.strata.basics.index.FloatingRateNameTest" time="0"/>
  <testcase name="test_of_lookup" classname="com.opengamma.strata.basics.index.FloatingRateNameTest" time="0"/>
  <testcase name="test_of_lookup" classname="com.opengamma.strata.basics.index.FloatingRateNameTest" time="0"/>
  <testcase name="test_of_lookup" classname="com.opengamma.strata.basics.index.FloatingRateNameTest" time="0"/>
  <testcase name="test_of_lookup" classname="com.opengamma.strata.basics.index.FloatingRateNameTest" time="0"/>
  <testcase name="test_of_lookup" classname="com.opengamma.strata.basics.index.FloatingRateNameTest" time="0"/>
  <testcase name="test_of_lookup" classname="com.opengamma.strata.basics.index.FloatingRateNameTest" time="0"/>
  <testcase name="test_of_lookup" classname="com.opengamma.strata.basics.index.FloatingRateNameTest" time="0"/>
  <testcase name="test_of_lookup" classname="com.opengamma.strata.basics.index.FloatingRateNameTest" time="0"/>
  <testcase name="test_of_lookup" classname="com.opengamma.strata.basics.index.FloatingRateNameTest" time="0"/>
  <testcase name="test_of_lookup" classname="com.opengamma.strata.basics.index.FloatingRateNameTest" time="0"/>
  <testcase name="test_of_lookup" classname="com.opengamma.strata.basics.index.FloatingRateNameTest" time="0"/>
  <testcase name="test_of_lookup" classname="com.opengamma.strata.basics.index.FloatingRateNameTest" time="0"/>
  <testcase name="test_of_lookup" classname="com.opengamma.strata.basics.index.FloatingRateNameTest" time="0"/>
  <testcase name="test_of_lookup" classname="com.opengamma.strata.basics.index.FloatingRateNameTest" time="0.001"/>
  <testcase name="test_of_lookup" classname="com.opengamma.strata.basics.index.FloatingRateNameTest" time="0"/>
  <testcase name="test_of_lookup" classname="com.opengamma.strata.basics.index.FloatingRateNameTest" time="0"/>
  <testcase name="test_of_lookup" classname="com.opengamma.strata.basics.index.FloatingRateNameTest" time="0.001"/>
  <testcase name="test_of_lookup" classname="com.opengamma.strata.basics.index.FloatingRateNameTest" time="0"/>
  <testcase name="canAddRateUsingCurrencyPair" classname="com.opengamma.strata.basics.currency.FxMatrixTest" time="0.001"/>
  <testcase name="cannotAddEntryWithNoCommonCurrencyAndBuild" classname="com.opengamma.strata.basics.currency.FxMatrixTest" time="0"/>
  <testcase name="test_extendedEnum" classname="com.opengamma.strata.basics.date.DayCountTest" time="0"/>
  <testcase name="test_extendedEnum" classname="com.opengamma.strata.basics.date.DayCountTest" time="0"/>
  <testcase name="test_extendedEnum" classname="com.opengamma.strata.basics.date.DayCountTest" time="0"/>
  <testcase name="test_extendedEnum" classname="com.opengamma.strata.basics.date.DayCountTest" time="0"/>
  <testcase name="test_extendedEnum" classname="com.opengamma.strata.basics.date.DayCountTest" time="0.001"/>
  <testcase name="test_extendedEnum" classname="com.opengamma.strata.basics.date.DayCountTest" time="0"/>
  <testcase name="test_extendedEnum" classname="com.opengamma.strata.basics.date.DayCountTest" time="0"/>
  <testcase name="test_extendedEnum" classname="com.opengamma.strata.basics.date.DayCountTest" time="0.001"/>
  <testcase name="test_extendedEnum" classname="com.opengamma.strata.basics.date.DayCountTest" time="0"/>
  <testcase name="test_extendedEnum" classname="com.opengamma.strata.basics.date.DayCountTest" time="0"/>
  <testcase name="test_extendedEnum" classname="com.opengamma.strata.basics.date.DayCountTest" time="0"/>
  <testcase name="test_extendedEnum" classname="com.opengamma.strata.basics.date.DayCountTest" time="0"/>
  <testcase name="test_extendedEnum" classname="com.opengamma.strata.basics.date.DayCountTest" time="0"/>
  <testcase name="test_extendedEnum" classname="com.opengamma.strata.basics.date.DayCountTest" time="0"/>
  <testcase name="test_extendedEnum" classname="com.opengamma.strata.basics.date.DayCountTest" time="0"/>
  <testcase name="test_extendedEnum" classname="com.opengamma.strata.basics.date.DayCountTest" time="0.001"/>
  <testcase name="test_extendedEnum" classname="com.opengamma.strata.basics.date.DayCountTest" time="0"/>
  <testcase name="test_extendedEnum" classname="com.opengamma.strata.basics.date.DayCountTest" time="0"/>
  <testcase name="test_extendedEnum" classname="com.opengamma.strata.basics.date.DayCountTest" time="0"/>
  <testcase name="cannotMergeDisjointMatrices" classname="com.opengamma.strata.basics.currency.FxMatrixTest" time="0"/>
  <testcase name="convertCurrencyAmount" classname="com.opengamma.strata.basics.currency.FxMatrixTest" time="0"/>
  <testcase name="test_parse_String_bad" classname="com.opengamma.strata.basics.schedule.FrequencyTest" time="0"/>
  <testcase name="test_parse_String_bad" classname="com.opengamma.strata.basics.schedule.FrequencyTest" time="0.001"/>
  <testcase name="test_parse_String_bad" classname="com.opengamma.strata.basics.schedule.FrequencyTest" time="0"/>
  <testcase name="test_parse_String_bad" classname="com.opengamma.strata.basics.schedule.FrequencyTest" time="0"/>
  <testcase name="test_parse_String_bad" classname="com.opengamma.strata.basics.schedule.FrequencyTest" time="0"/>
  <testcase name="test_parse_String_bad" classname="com.opengamma.strata.basics.schedule.FrequencyTest" time="0"/>
  <testcase name="test_parse_String_good_noP" classname="com.opengamma.strata.basics.schedule.FrequencyTest" time="0"/>
  <testcase name="test_parse_String_good_noP" classname="com.opengamma.strata.basics.schedule.FrequencyTest" time="0"/>
  <testcase name="test_parse_String_good_noP" classname="com.opengamma.strata.basics.schedule.FrequencyTest" time="0"/>
  <testcase name="test_parse_String_good_noP" classname="com.opengamma.strata.basics.schedule.FrequencyTest" time="0.002"/>
  <testcase name="test_parse_String_good_noP" classname="com.opengamma.strata.basics.schedule.FrequencyTest" time="0"/>
  <testcase name="test_parse_String_good_noP" classname="com.opengamma.strata.basics.schedule.FrequencyTest" time="0"/>
  <testcase name="test_parse_String_good_noP" classname="com.opengamma.strata.basics.schedule.FrequencyTest" time="0"/>
  <testcase name="test_parse_String_good_noP" classname="com.opengamma.strata.basics.schedule.FrequencyTest" time="0"/>
  <testcase name="test_parse_String_good_withP" classname="com.opengamma.strata.basics.schedule.FrequencyTest" time="0"/>
  <testcase name="test_parse_String_good_withP" classname="com.opengamma.strata.basics.schedule.FrequencyTest" time="0"/>
  <testcase name="test_parse_String_good_withP" classname="com.opengamma.strata.basics.schedule.FrequencyTest" time="0"/>
  <testcase name="test_parse_String_good_withP" classname="com.opengamma.strata.basics.schedule.FrequencyTest" time="0"/>
  <testcase name="test_parse_String_good_withP" classname="com.opengamma.strata.basics.schedule.FrequencyTest" time="0"/>
  <testcase name="test_parse_String_good_withP" classname="com.opengamma.strata.basics.schedule.FrequencyTest" time="0"/>
  <testcase name="test_parse_String_good_withP" classname="com.opengamma.strata.basics.schedule.FrequencyTest" time="0"/>
  <testcase name="test_parse_String_good_withP" classname="com.opengamma.strata.basics.schedule.FrequencyTest" time="0"/>
  <testcase name="test_parse_String_roundTrip" classname="com.opengamma.strata.basics.schedule.FrequencyTest" time="0.004"/>
  <testcase name="test_parse_String_term" classname="com.opengamma.strata.basics.schedule.FrequencyTest" time="0"/>
  <testcase name="test_serialization" classname="com.opengamma.strata.basics.schedule.FrequencyTest" time="0"/>
  <testcase name="test_subtractFrom" classname="com.opengamma.strata.basics.schedule.FrequencyTest" time="0"/>
  <testcase name="test_of_lookup_notFound" classname="com.opengamma.strata.basics.index.FloatingRateNameTest" time="0.003"/>
  <testcase name="test_temporalAmount" classname="com.opengamma.strata.basics.schedule.FrequencyTest" time="0.003"/>
  <testcase name="test_halfYear" classname="com.opengamma.strata.basics.date.DayCountTest" time="0.003"/>
  <testcase name="test_halfYear" classname="com.opengamma.strata.basics.date.DayCountTest" time="0"/>
  <testcase name="test_halfYear" classname="com.opengamma.strata.basics.date.DayCountTest" time="0"/>
  <testcase name="test_halfYear" classname="com.opengamma.strata.basics.date.DayCountTest" time="0"/>
  <testcase name="test_halfYear" classname="com.opengamma.strata.basics.date.DayCountTest" time="0"/>
  <testcase name="test_halfYear" classname="com.opengamma.strata.basics.date.DayCountTest" time="0"/>
  <testcase name="test_halfYear" classname="com.opengamma.strata.basics.date.DayCountTest" time="0.001"/>
  <testcase name="test_halfYear" classname="com.opengamma.strata.basics.date.DayCountTest" time="0"/>
  <testcase name="test_halfYear" classname="com.opengamma.strata.basics.date.DayCountTest" time="0"/>
  <testcase name="test_halfYear" classname="com.opengamma.strata.basics.date.DayCountTest" time="0"/>
  <testcase name="test_halfYear" classname="com.opengamma.strata.basics.date.DayCountTest" time="0"/>
  <testcase name="test_halfYear" classname="com.opengamma.strata.basics.date.DayCountTest" time="0"/>
  <testcase name="test_halfYear" classname="com.opengamma.strata.basics.date.DayCountTest" time="0"/>
  <testcase name="test_halfYear" classname="com.opengamma.strata.basics.date.DayCountTest" time="0"/>
  <testcase name="test_halfYear" classname="com.opengamma.strata.basics.date.DayCountTest" time="0"/>
  <testcase name="test_halfYear" classname="com.opengamma.strata.basics.date.DayCountTest" time="0"/>
  <testcase name="test_halfYear" classname="com.opengamma.strata.basics.date.DayCountTest" time="0"/>
  <testcase name="test_halfYear" classname="com.opengamma.strata.basics.date.DayCountTest" time="0"/>
  <testcase name="test_halfYear" classname="com.opengamma.strata.basics.date.DayCountTest" time="0"/>
  <testcase name="test_term" classname="com.opengamma.strata.basics.schedule.FrequencyTest" time="0"/>
  <testcase name="test_of_lookup_null" classname="com.opengamma.strata.basics.index.FloatingRateNameTest" time="0"/>
  <testcase name="test_overnightIndex" classname="com.opengamma.strata.basics.index.FloatingRateNameTest" time="0.001"/>
  <testcase name="convertMultipleCurrencyAmountWithMultipleEntries" classname="com.opengamma.strata.basics.currency.FxMatrixTest" time="0"/>
  <testcase name="convertMultipleCurrencyAmountWithNoEntries" classname="com.opengamma.strata.basics.currency.FxMatrixTest" time="0"/>
  <testcase name="emptyMatrixCanHandleTrivialRate" classname="com.opengamma.strata.basics.currency.FxRateProviderTest" time="0.001"/>
  <testcase name="convertMultipleCurrencyAmountWithSingleEntry" classname="com.opengamma.strata.basics.currency.FxMatrixTest" time="0"/>
  <testcase name="test_parse" classname="com.opengamma.strata.basics.index.FloatingRateNameTest" time="0.002"/>
  <testcase name="coverage" classname="com.opengamma.strata.basics.currency.FxRateTest" time="0.004"/>
  <testcase name="test_priceIndex" classname="com.opengamma.strata.basics.index.FloatingRateNameTest" time="0.001"/>
  <testcase name="test_convert" classname="com.opengamma.strata.basics.currency.FxRateTest" time="0.001"/>
  <testcase name="test_crossRate" classname="com.opengamma.strata.basics.currency.FxRateTest" time="0.003"/>
  <testcase name="test_serialization" classname="com.opengamma.strata.basics.index.FloatingRateNameTest" time="0"/>
  <testcase name="test_equals_bad" classname="com.opengamma.strata.basics.currency.FxRateTest" time="0"/>
  <testcase name="test_equals_hashCode" classname="com.opengamma.strata.basics.currency.FxRateTest" time="0"/>
  <testcase name="test_tiee" classname="com.opengamma.strata.basics.index.FloatingRateNameTest" time="0"/>
  <testcase name="test_toString" classname="com.opengamma.strata.basics.index.FloatingRateNameTest" time="0.001"/>
  <testcase name="test_toString" classname="com.opengamma.strata.basics.index.FloatingRateNameTest" time="0"/>
  <testcase name="test_toString" classname="com.opengamma.strata.basics.index.FloatingRateNameTest" time="0"/>
  <testcase name="test_toString" classname="com.opengamma.strata.basics.index.FloatingRateNameTest" time="0"/>
  <testcase name="test_toString" classname="com.opengamma.strata.basics.index.FloatingRateNameTest" time="0"/>
  <testcase name="test_toString" classname="com.opengamma.strata.basics.index.FloatingRateNameTest" time="0.001"/>
  <testcase name="test_toString" classname="com.opengamma.strata.basics.index.FloatingRateNameTest" time="0"/>
  <testcase name="test_toString" classname="com.opengamma.strata.basics.index.FloatingRateNameTest" time="0"/>
  <testcase name="test_toString" classname="com.opengamma.strata.basics.index.FloatingRateNameTest" time="0.001"/>
  <testcase name="test_toString" classname="com.opengamma.strata.basics.index.FloatingRateNameTest" time="0"/>
  <testcase name="test_toString" classname="com.opengamma.strata.basics.index.FloatingRateNameTest" time="0"/>
  <testcase name="test_toString" classname="com.opengamma.strata.basics.index.FloatingRateNameTest" time="0"/>
  <testcase name="test_toString" classname="com.opengamma.strata.basics.index.FloatingRateNameTest" time="0"/>
  <testcase name="test_toString" classname="com.opengamma.strata.basics.index.FloatingRateNameTest" time="0"/>
  <testcase name="test_toString" classname="com.opengamma.strata.basics.index.FloatingRateNameTest" time="0"/>
  <testcase name="test_toString" classname="com.opengamma.strata.basics.index.FloatingRateNameTest" time="0"/>
  <testcase name="test_toString" classname="com.opengamma.strata.basics.index.FloatingRateNameTest" time="0.001"/>
  <testcase name="test_toString" classname="com.opengamma.strata.basics.index.FloatingRateNameTest" time="0"/>
  <testcase name="test_toString" classname="com.opengamma.strata.basics.index.FloatingRateNameTest" time="0"/>
  <testcase name="test_toString" classname="com.opengamma.strata.basics.index.FloatingRateNameTest" time="0"/>
  <testcase name="test_toString" classname="com.opengamma.strata.basics.index.FloatingRateNameTest" time="0.001"/>
  <testcase name="test_toString" classname="com.opengamma.strata.basics.index.FloatingRateNameTest" time="0"/>
  <testcase name="test_toString" classname="com.opengamma.strata.basics.index.FloatingRateNameTest" time="0"/>
  <testcase name="test_toString" classname="com.opengamma.strata.basics.index.FloatingRateNameTest" time="0"/>
  <testcase name="test_toString" classname="com.opengamma.strata.basics.index.FloatingRateNameTest" time="0"/>
  <testcase name="test_toString" classname="com.opengamma.strata.basics.index.FloatingRateNameTest" time="0"/>
  <testcase name="test_toString" classname="com.opengamma.strata.basics.index.FloatingRateNameTest" time="0"/>
  <testcase name="test_toString" classname="com.opengamma.strata.basics.index.FloatingRateNameTest" time="0"/>
  <testcase name="test_toString" classname="com.opengamma.strata.basics.index.FloatingRateNameTest" time="0"/>
  <testcase name="test_toString" classname="com.opengamma.strata.basics.index.FloatingRateNameTest" time="0"/>
  <testcase name="test_toString" classname="com.opengamma.strata.basics.index.FloatingRateNameTest" time="0"/>
  <testcase name="test_toString" classname="com.opengamma.strata.basics.index.FloatingRateNameTest" time="0"/>
  <testcase name="test_toString" classname="com.opengamma.strata.basics.index.FloatingRateNameTest" time="0"/>
  <testcase name="test_toString" classname="com.opengamma.strata.basics.index.FloatingRateNameTest" time="0"/>
  <testcase name="test_toString" classname="com.opengamma.strata.basics.index.FloatingRateNameTest" time="0"/>
  <testcase name="test_toString" classname="com.opengamma.strata.basics.index.FloatingRateNameTest" time="0"/>
  <testcase name="test_toString" classname="com.opengamma.strata.basics.index.FloatingRateNameTest" time="0"/>
  <testcase name="test_toString" classname="com.opengamma.strata.basics.index.FloatingRateNameTest" time="0"/>
  <testcase name="test_toString" classname="com.opengamma.strata.basics.index.FloatingRateNameTest" time="0"/>
  <testcase name="test_toString" classname="com.opengamma.strata.basics.index.FloatingRateNameTest" time="0"/>
  <testcase name="test_toString" classname="com.opengamma.strata.basics.index.FloatingRateNameTest" time="0"/>
  <testcase name="test_toString" classname="com.opengamma.strata.basics.index.FloatingRateNameTest" time="0"/>
  <testcase name="test_toString" classname="com.opengamma.strata.basics.index.FloatingRateNameTest" time="0"/>
  <testcase name="test_toString" classname="com.opengamma.strata.basics.index.FloatingRateNameTest" time="0"/>
  <testcase name="test_toString" classname="com.opengamma.strata.basics.index.FloatingRateNameTest" time="0"/>
  <testcase name="test_toString" classname="com.opengamma.strata.basics.index.FloatingRateNameTest" time="0"/>
  <testcase name="test_toString" classname="com.opengamma.strata.basics.index.FloatingRateNameTest" time="0"/>
  <testcase name="test_toString" classname="com.opengamma.strata.basics.index.FloatingRateNameTest" time="0"/>
  <testcase name="test_toString" classname="com.opengamma.strata.basics.index.FloatingRateNameTest" time="0"/>
  <testcase name="test_toString" classname="com.opengamma.strata.basics.index.FloatingRateNameTest" time="0"/>
  <testcase name="test_toString" classname="com.opengamma.strata.basics.index.FloatingRateNameTest" time="0"/>
  <testcase name="test_toString" classname="com.opengamma.strata.basics.index.FloatingRateNameTest" time="0"/>
  <testcase name="test_toString" classname="com.opengamma.strata.basics.index.FloatingRateNameTest" time="0"/>
  <testcase name="test_toString" classname="com.opengamma.strata.basics.index.FloatingRateNameTest" time="0"/>
  <testcase name="test_toString" classname="com.opengamma.strata.basics.index.FloatingRateNameTest" time="0"/>
  <testcase name="test_toString" classname="com.opengamma.strata.basics.index.FloatingRateNameTest" time="0.001"/>
  <testcase name="test_toString" classname="com.opengamma.strata.basics.index.FloatingRateNameTest" time="0"/>
  <testcase name="test_toString" classname="com.opengamma.strata.basics.index.FloatingRateNameTest" time="0"/>
  <testcase name="test_toString" classname="com.opengamma.strata.basics.index.FloatingRateNameTest" time="0"/>
  <testcase name="test_toString" classname="com.opengamma.strata.basics.index.FloatingRateNameTest" time="0"/>
  <testcase name="test_toString" classname="com.opengamma.strata.basics.index.FloatingRateNameTest" time="0"/>
  <testcase name="test_toString" classname="com.opengamma.strata.basics.index.FloatingRateNameTest" time="0"/>
  <testcase name="test_toString" classname="com.opengamma.strata.basics.index.FloatingRateNameTest" time="0"/>
  <testcase name="test_toString" classname="com.opengamma.strata.basics.index.FloatingRateNameTest" time="0"/>
  <testcase name="test_jodaConvert" classname="com.opengamma.strata.basics.date.DayCountTest" time="0.001"/>
  <testcase name="test_fxRate_forBase" classname="com.opengamma.strata.basics.currency.FxRateTest" time="0"/>
  <testcase name="test_lenientLookup_specialNames" classname="com.opengamma.strata.basics.date.DayCountTest" time="0.001"/>
  <testcase name="test_lenientLookup_specialNames" classname="com.opengamma.strata.basics.date.DayCountTest" time="0"/>
  <testcase name="test_lenientLookup_specialNames" classname="com.opengamma.strata.basics.date.DayCountTest" time="0"/>
  <testcase name="test_lenientLookup_specialNames" classname="com.opengamma.strata.basics.date.DayCountTest" time="0.001"/>
  <testcase name="test_lenientLookup_specialNames" classname="com.opengamma.strata.basics.date.DayCountTest" time="0"/>
  <testcase name="test_lenientLookup_specialNames" classname="com.opengamma.strata.basics.date.DayCountTest" time="0"/>
  <testcase name="test_lenientLookup_specialNames" classname="com.opengamma.strata.basics.date.DayCountTest" time="0"/>
  <testcase name="test_lenientLookup_specialNames" classname="com.opengamma.strata.basics.date.DayCountTest" time="0"/>
  <testcase name="test_lenientLookup_specialNames" classname="com.opengamma.strata.basics.date.DayCountTest" time="0"/>
  <testcase name="test_lenientLookup_specialNames" classname="com.opengamma.strata.basics.date.DayCountTest" time="0"/>
  <testcase name="test_lenientLookup_specialNames" classname="com.opengamma.strata.basics.date.DayCountTest" time="0.001"/>
  <testcase name="test_lenientLookup_specialNames" classname="com.opengamma.strata.basics.date.DayCountTest" time="0"/>
  <testcase name="test_lenientLookup_specialNames" classname="com.opengamma.strata.basics.date.DayCountTest" time="0"/>
  <testcase name="test_lenientLookup_specialNames" classname="com.opengamma.strata.basics.date.DayCountTest" time="0.001"/>
  <testcase name="test_lenientLookup_specialNames" classname="com.opengamma.strata.basics.date.DayCountTest" time="0"/>
  <testcase name="test_lenientLookup_specialNames" classname="com.opengamma.strata.basics.date.DayCountTest" time="0.001"/>
  <testcase name="test_lenientLookup_specialNames" classname="com.opengamma.strata.basics.date.DayCountTest" time="0"/>
  <testcase name="test_lenientLookup_specialNames" classname="com.opengamma.strata.basics.date.DayCountTest" time="0"/>
  <testcase name="test_lenientLookup_specialNames" classname="com.opengamma.strata.basics.date.DayCountTest" time="0"/>
  <testcase name="test_lenientLookup_specialNames" classname="com.opengamma.strata.basics.date.DayCountTest" time="0.001"/>
  <testcase name="test_lenientLookup_specialNames" classname="com.opengamma.strata.basics.date.DayCountTest" time="0"/>
  <testcase name="test_lenientLookup_specialNames" classname="com.opengamma.strata.basics.date.DayCountTest" time="0"/>
  <testcase name="test_lenientLookup_specialNames" classname="com.opengamma.strata.basics.date.DayCountTest" time="0.001"/>
  <testcase name="test_lenientLookup_specialNames" classname="com.opengamma.strata.basics.date.DayCountTest" time="0"/>
  <testcase name="test_lenientLookup_specialNames" classname="com.opengamma.strata.basics.date.DayCountTest" time="0"/>
  <testcase name="test_lenientLookup_specialNames" classname="com.opengamma.strata.basics.date.DayCountTest" time="0"/>
  <testcase name="test_lenientLookup_specialNames" classname="com.opengamma.strata.basics.date.DayCountTest" time="0"/>
  <testcase name="test_lenientLookup_specialNames" classname="com.opengamma.strata.basics.date.DayCountTest" time="0"/>
  <testcase name="test_lenientLookup_specialNames" classname="com.opengamma.strata.basics.date.DayCountTest" time="0.009"/>
  <testcase name="test_lenientLookup_specialNames" classname="com.opengamma.strata.basics.date.DayCountTest" time="0"/>
  <testcase name="test_lenientLookup_specialNames" classname="com.opengamma.strata.basics.date.DayCountTest" time="0"/>
  <testcase name="test_lenientLookup_specialNames" classname="com.opengamma.strata.basics.date.DayCountTest" time="0"/>
  <testcase name="test_lenientLookup_specialNames" classname="com.opengamma.strata.basics.date.DayCountTest" time="0"/>
  <testcase name="test_lenientLookup_specialNames" classname="com.opengamma.strata.basics.date.DayCountTest" time="0"/>
  <testcase name="test_lenientLookup_specialNames" classname="com.opengamma.strata.basics.date.DayCountTest" time="0"/>
  <testcase name="test_lenientLookup_specialNames" classname="com.opengamma.strata.basics.date.DayCountTest" time="0"/>
  <testcase name="test_lenientLookup_specialNames" classname="com.opengamma.strata.basics.date.DayCountTest" time="0"/>
  <testcase name="test_lenientLookup_specialNames" classname="com.opengamma.strata.basics.date.DayCountTest" time="0"/>
  <testcase name="test_lenientLookup_specialNames" classname="com.opengamma.strata.basics.date.DayCountTest" time="0"/>
  <testcase name="test_lenientLookup_specialNames" classname="com.opengamma.strata.basics.date.DayCountTest" time="0"/>
  <testcase name="test_lenientLookup_specialNames" classname="com.opengamma.strata.basics.date.DayCountTest" time="0"/>
  <testcase name="test_lenientLookup_specialNames" classname="com.opengamma.strata.basics.date.DayCountTest" time="0"/>
  <testcase name="test_lenientLookup_specialNames" classname="com.opengamma.strata.basics.date.DayCountTest" time="0"/>
  <testcase name="test_lenientLookup_specialNames" classname="com.opengamma.strata.basics.date.DayCountTest" time="0"/>
  <testcase name="test_lenientLookup_specialNames" classname="com.opengamma.strata.basics.date.DayCountTest" time="0"/>
  <testcase name="test_lenientLookup_specialNames" classname="com.opengamma.strata.basics.date.DayCountTest" time="0"/>
  <testcase name="test_lenientLookup_specialNames" classname="com.opengamma.strata.basics.date.DayCountTest" time="0"/>
  <testcase name="test_lenientLookup_specialNames" classname="com.opengamma.strata.basics.date.DayCountTest" time="0"/>
  <testcase name="test_lenientLookup_specialNames" classname="com.opengamma.strata.basics.date.DayCountTest" time="0"/>
  <testcase name="test_lenientLookup_specialNames" classname="com.opengamma.strata.basics.date.DayCountTest" time="0"/>
  <testcase name="test_lenientLookup_specialNames" classname="com.opengamma.strata.basics.date.DayCountTest" time="0"/>
  <testcase name="test_lenientLookup_specialNames" classname="com.opengamma.strata.basics.date.DayCountTest" time="0"/>
  <testcase name="test_lenientLookup_specialNames" classname="com.opengamma.strata.basics.date.DayCountTest" time="0"/>
  <testcase name="test_lenientLookup_specialNames" classname="com.opengamma.strata.basics.date.DayCountTest" time="0"/>
  <testcase name="test_lenientLookup_specialNames" classname="com.opengamma.strata.basics.date.DayCountTest" time="0"/>
  <testcase name="test_lenientLookup_specialNames" classname="com.opengamma.strata.basics.date.DayCountTest" time="0"/>
  <testcase name="test_lenientLookup_specialNames" classname="com.opengamma.strata.basics.date.DayCountTest" time="0"/>
  <testcase name="test_lenientLookup_specialNames" classname="com.opengamma.strata.basics.date.DayCountTest" time="0"/>
  <testcase name="test_lenientLookup_specialNames" classname="com.opengamma.strata.basics.date.DayCountTest" time="0"/>
  <testcase name="test_lenientLookup_specialNames" classname="com.opengamma.strata.basics.date.DayCountTest" time="0"/>
  <testcase name="test_lenientLookup_specialNames" classname="com.opengamma.strata.basics.date.DayCountTest" time="0"/>
  <testcase name="test_lenientLookup_specialNames" classname="com.opengamma.strata.basics.date.DayCountTest" time="0"/>
  <testcase name="test_lenientLookup_specialNames" classname="com.opengamma.strata.basics.date.DayCountTest" time="0"/>
  <testcase name="test_lenientLookup_specialNames" classname="com.opengamma.strata.basics.date.DayCountTest" time="0"/>
  <testcase name="test_lenientLookup_specialNames" classname="com.opengamma.strata.basics.date.DayCountTest" time="0"/>
  <testcase name="test_lenientLookup_specialNames" classname="com.opengamma.strata.basics.date.DayCountTest" time="0"/>
  <testcase name="test_lenientLookup_specialNames" classname="com.opengamma.strata.basics.date.DayCountTest" time="0.001"/>
  <testcase name="test_lenientLookup_specialNames" classname="com.opengamma.strata.basics.date.DayCountTest" time="0"/>
  <testcase name="test_lenientLookup_specialNames" classname="com.opengamma.strata.basics.date.DayCountTest" time="0"/>
  <testcase name="test_lenientLookup_specialNames" classname="com.opengamma.strata.basics.date.DayCountTest" time="0"/>
  <testcase name="test_lenientLookup_specialNames" classname="com.opengamma.strata.basics.date.DayCountTest" time="0.001"/>
  <testcase name="test_lenientLookup_specialNames" classname="com.opengamma.strata.basics.date.DayCountTest" time="0"/>
  <testcase name="test_lenientLookup_specialNames" classname="com.opengamma.strata.basics.date.DayCountTest" time="0"/>
  <testcase name="test_lenientLookup_specialNames" classname="com.opengamma.strata.basics.date.DayCountTest" time="0"/>
  <testcase name="test_lenientLookup_specialNames" classname="com.opengamma.strata.basics.date.DayCountTest" time="0"/>
  <testcase name="test_lenientLookup_specialNames" classname="com.opengamma.strata.basics.date.DayCountTest" time="0.001"/>
  <testcase name="test_lenientLookup_specialNames" classname="com.opengamma.strata.basics.date.DayCountTest" time="0"/>
  <testcase name="test_fxRate_forPair" classname="com.opengamma.strata.basics.currency.FxRateTest" time="0.009"/>
  <testcase name="coverage" classname="com.opengamma.strata.basics.currency.FxMatrixTest" time="0"/>
  <testcase name="test_inverse" classname="com.opengamma.strata.basics.currency.FxRateTest" time="0"/>
  <testcase name="test_inverse_same" classname="com.opengamma.strata.basics.currency.FxRateTest" time="0"/>
  <testcase name="test_of_CurrencyCurrencyDouble" classname="com.opengamma.strata.basics.currency.FxRateTest" time="0"/>
  <testcase name="emptyMatrixCanHandleTrivialRate" classname="com.opengamma.strata.basics.currency.FxMatrixTest" time="0"/>
  <testcase name="emptyMatrixCannotDoConversion" classname="com.opengamma.strata.basics.currency.FxMatrixTest" time="0"/>
  <testcase name="test_of_CurrencyCurrencyDouble_invalid" classname="com.opengamma.strata.basics.currency.FxRateTest" time="0"/>
  <testcase name="equalsBad" classname="com.opengamma.strata.basics.currency.FxMatrixTest" time="0"/>
  <testcase name="equalsGood" classname="com.opengamma.strata.basics.currency.FxMatrixTest" time="0"/>
  <testcase name="hashCodeCoverage" classname="com.opengamma.strata.basics.currency.FxMatrixTest" time="0.001"/>
  <testcase name="matrixCalculatesCrossRates" classname="com.opengamma.strata.basics.currency.FxMatrixTest" time="0"/>
  <testcase name="test_of_CurrencyCurrencyDouble_null" classname="com.opengamma.strata.basics.currency.FxRateTest" time="0.001"/>
  <testcase name="test_of_CurrencyCurrencyDouble_reverseStandardOrder" classname="com.opengamma.strata.basics.currency.FxRateTest" time="0"/>
  <testcase name="test_of_CurrencyCurrencyDouble_same" classname="com.opengamma.strata.basics.currency.FxRateTest" time="0"/>
  <testcase name="mergeAddsInAdditionalCurrencies" classname="com.opengamma.strata.basics.currency.FxMatrixTest" time="0"/>
  <testcase name="test_of_CurrencyPairDouble" classname="com.opengamma.strata.basics.currency.FxRateTest" time="0"/>
  <testcase name="test_lenientLookup_standardNames" classname="com.opengamma.strata.basics.date.DayCountTest" time="0"/>
  <testcase name="test_lenientLookup_standardNames" classname="com.opengamma.strata.basics.date.DayCountTest" time="0"/>
  <testcase name="test_lenientLookup_standardNames" classname="com.opengamma.strata.basics.date.DayCountTest" time="0"/>
  <testcase name="test_lenientLookup_standardNames" classname="com.opengamma.strata.basics.date.DayCountTest" time="0.003"/>
  <testcase name="test_lenientLookup_standardNames" classname="com.opengamma.strata.basics.date.DayCountTest" time="0"/>
  <testcase name="test_lenientLookup_standardNames" classname="com.opengamma.strata.basics.date.DayCountTest" time="0"/>
  <testcase name="test_lenientLookup_standardNames" classname="com.opengamma.strata.basics.date.DayCountTest" time="0"/>
  <testcase name="test_lenientLookup_standardNames" classname="com.opengamma.strata.basics.date.DayCountTest" time="0"/>
  <testcase name="test_lenientLookup_standardNames" classname="com.opengamma.strata.basics.date.DayCountTest" time="0"/>
  <testcase name="test_lenientLookup_standardNames" classname="com.opengamma.strata.basics.date.DayCountTest" time="0"/>
  <testcase name="test_lenientLookup_standardNames" classname="com.opengamma.strata.basics.date.DayCountTest" time="0"/>
  <testcase name="test_lenientLookup_standardNames" classname="com.opengamma.strata.basics.date.DayCountTest" time="0.001"/>
  <testcase name="test_lenientLookup_standardNames" classname="com.opengamma.strata.basics.date.DayCountTest" time="0"/>
  <testcase name="test_lenientLookup_standardNames" classname="com.opengamma.strata.basics.date.DayCountTest" time="0"/>
  <testcase name="test_lenientLookup_standardNames" classname="com.opengamma.strata.basics.date.DayCountTest" time="0"/>
  <testcase name="test_lenientLookup_standardNames" classname="com.opengamma.strata.basics.date.DayCountTest" time="0"/>
  <testcase name="test_lenientLookup_standardNames" classname="com.opengamma.strata.basics.date.DayCountTest" time="0"/>
  <testcase name="test_lenientLookup_standardNames" classname="com.opengamma.strata.basics.date.DayCountTest" time="0"/>
  <testcase name="test_lenientLookup_standardNames" classname="com.opengamma.strata.basics.date.DayCountTest" time="0"/>
  <testcase name="mergeIgnoresDuplicateCurrencies" classname="com.opengamma.strata.basics.currency.FxMatrixTest" time="0"/>
  <testcase name="rateCanBeUpdatedInBuilder" classname="com.opengamma.strata.basics.currency.FxMatrixTest" time="0"/>
  <testcase name="rateCanBeUpdatedWithDirectionSwitched" classname="com.opengamma.strata.basics.currency.FxMatrixTest" time="0"/>
  <testcase name="ratedCanBeUpdatedAndAddedViaBuilder" classname="com.opengamma.strata.basics.currency.FxMatrixTest" time="0"/>
  <testcase name="singleRateMatrixByBuilder" classname="com.opengamma.strata.basics.currency.FxMatrixTest" time="0"/>
  <testcase name="singleRateMatrixByOfCurrenciesFactory" classname="com.opengamma.strata.basics.currency.FxMatrixTest" time="0"/>
  <testcase name="singleRateMatrixByOfCurrencyPairFactory" classname="com.opengamma.strata.basics.currency.FxMatrixTest" time="0"/>
  <testcase name="test_types" classname="com.opengamma.strata.basics.index.FloatingRateNameTest" time="0"/>
  <testcase name="singleRateMatrixCannotDoConversionForUnknownCurrency" classname="com.opengamma.strata.basics.currency.FxMatrixTest" time="0.001"/>
  <testcase name="test_name" classname="com.opengamma.strata.basics.date.DayCountTest" time="0"/>
  <testcase name="test_name" classname="com.opengamma.strata.basics.date.DayCountTest" time="0"/>
  <testcase name="test_name" classname="com.opengamma.strata.basics.date.DayCountTest" time="0"/>
  <testcase name="test_name" classname="com.opengamma.strata.basics.date.DayCountTest" time="0"/>
  <testcase name="test_name" classname="com.opengamma.strata.basics.date.DayCountTest" time="0"/>
  <testcase name="test_name" classname="com.opengamma.strata.basics.date.DayCountTest" time="0"/>
  <testcase name="test_name" classname="com.opengamma.strata.basics.date.DayCountTest" time="0"/>
  <testcase name="test_name" classname="com.opengamma.strata.basics.date.DayCountTest" time="0"/>
  <testcase name="test_name" classname="com.opengamma.strata.basics.date.DayCountTest" time="0"/>
  <testcase name="test_name" classname="com.opengamma.strata.basics.date.DayCountTest" time="0"/>
  <testcase name="test_name" classname="com.opengamma.strata.basics.date.DayCountTest" time="0"/>
  <testcase name="test_name" classname="com.opengamma.strata.basics.date.DayCountTest" time="0"/>
  <testcase name="test_name" classname="com.opengamma.strata.basics.date.DayCountTest" time="0"/>
  <testcase name="test_name" classname="com.opengamma.strata.basics.date.DayCountTest" time="0"/>
  <testcase name="test_name" classname="com.opengamma.strata.basics.date.DayCountTest" time="0"/>
  <testcase name="test_name" classname="com.opengamma.strata.basics.date.DayCountTest" time="0"/>
  <testcase name="test_name" classname="com.opengamma.strata.basics.date.DayCountTest" time="0"/>
  <testcase name="test_name" classname="com.opengamma.strata.basics.date.DayCountTest" time="0"/>
  <testcase name="test_name" classname="com.opengamma.strata.basics.date.DayCountTest" time="0"/>
  <testcase name="test_of_CurrencyPairDouble_invalid" classname="com.opengamma.strata.basics.currency.FxRateTest" time="0"/>
  <testcase name="coverage" classname="com.opengamma.strata.basics.date.GlobalHolidayCalendarsTest" time="0"/>
  <testcase name="streamEntriesToMatrix" classname="com.opengamma.strata.basics.currency.FxMatrixTest" time="0"/>
  <testcase name="test_of_CurrencyPairDouble_null" classname="com.opengamma.strata.basics.currency.FxRateTest" time="0"/>
  <testcase name="test_ausy" classname="com.opengamma.strata.basics.date.GlobalHolidayCalendarsTest" time="0"/>
  <testcase name="test_ausy" classname="com.opengamma.strata.basics.date.GlobalHolidayCalendarsTest" time="0"/>
  <testcase name="test_ausy" classname="com.opengamma.strata.basics.date.GlobalHolidayCalendarsTest" time="0"/>
  <testcase name="test_ausy" classname="com.opengamma.strata.basics.date.GlobalHolidayCalendarsTest" time="0"/>
  <testcase name="test_ausy" classname="com.opengamma.strata.basics.date.GlobalHolidayCalendarsTest" time="0"/>
  <testcase name="test_ausy" classname="com.opengamma.strata.basics.date.GlobalHolidayCalendarsTest" time="0"/>
  <testcase name="test_of_CurrencyPairDouble_reverseStandardOrder" classname="com.opengamma.strata.basics.currency.FxRateTest" time="0"/>
  <testcase name="test_of_CurrencyPairDouble_same" classname="com.opengamma.strata.basics.currency.FxRateTest" time="0"/>
  <testcase name="test_parse_String_bad" classname="com.opengamma.strata.basics.currency.FxRateTest" time="0.001"/>
  <testcase name="test_parse_String_bad" classname="com.opengamma.strata.basics.currency.FxRateTest" time="0"/>
  <testcase name="test_parse_String_bad" classname="com.opengamma.strata.basics.currency.FxRateTest" time="0"/>
  <testcase name="test_parse_String_bad" classname="com.opengamma.strata.basics.currency.FxRateTest" time="0"/>
  <testcase name="test_parse_String_bad" classname="com.opengamma.strata.basics.currency.FxRateTest" time="0"/>
  <testcase name="test_parse_String_bad" classname="com.opengamma.strata.basics.currency.FxRateTest" time="0"/>
  <testcase name="test_parse_String_bad" classname="com.opengamma.strata.basics.currency.FxRateTest" time="0"/>
  <testcase name="test_parse_String_bad" classname="com.opengamma.strata.basics.currency.FxRateTest" time="0"/>
  <testcase name="test_parse_String_bad" classname="com.opengamma.strata.basics.currency.FxRateTest" time="0"/>
  <testcase name="test_parse_String_bad" classname="com.opengamma.strata.basics.currency.FxRateTest" time="0"/>
  <testcase name="streamPairsToMatrix" classname="com.opengamma.strata.basics.currency.FxMatrixTest" time="0"/>
  <testcase name="test_null" classname="com.opengamma.strata.basics.date.DayCountTest" time="0"/>
  <testcase name="test_null" classname="com.opengamma.strata.basics.date.DayCountTest" time="0"/>
  <testcase name="test_null" classname="com.opengamma.strata.basics.date.DayCountTest" time="0"/>
  <testcase name="test_null" classname="com.opengamma.strata.basics.date.DayCountTest" time="0.001"/>
  <testcase name="test_null" classname="com.opengamma.strata.basics.date.DayCountTest" time="0"/>
  <testcase name="test_null" classname="com.opengamma.strata.basics.date.DayCountTest" time="0"/>
  <testcase name="test_null" classname="com.opengamma.strata.basics.date.DayCountTest" time="0"/>
  <testcase name="test_null" classname="com.opengamma.strata.basics.date.DayCountTest" time="0"/>
  <testcase name="test_null" classname="com.opengamma.strata.basics.date.DayCountTest" time="0.001"/>
  <testcase name="test_null" classname="com.opengamma.strata.basics.date.DayCountTest" time="0"/>
  <testcase name="test_null" classname="com.opengamma.strata.basics.date.DayCountTest" time="0"/>
  <testcase name="test_null" classname="com.opengamma.strata.basics.date.DayCountTest" time="0.001"/>
  <testcase name="test_null" classname="com.opengamma.strata.basics.date.DayCountTest" time="0"/>
  <testcase name="test_null" classname="com.opengamma.strata.basics.date.DayCountTest" time="0"/>
  <testcase name="test_null" classname="com.opengamma.strata.basics.date.DayCountTest" time="0"/>
  <testcase name="test_null" classname="com.opengamma.strata.basics.date.DayCountTest" time="0"/>
  <testcase name="test_null" classname="com.opengamma.strata.basics.date.DayCountTest" time="0"/>
  <testcase name="test_null" classname="com.opengamma.strata.basics.date.DayCountTest" time="0"/>
  <testcase name="test_null" classname="com.opengamma.strata.basics.date.DayCountTest" time="0"/>
  <testcase name="test_parse_String_good" classname="com.opengamma.strata.basics.currency.FxRateTest" time="0"/>
  <testcase name="test_parse_String_good" classname="com.opengamma.strata.basics.currency.FxRateTest" time="0.001"/>
  <testcase name="test_parse_String_good" classname="com.opengamma.strata.basics.currency.FxRateTest" time="0"/>
  <testcase name="test_parse_String_good" classname="com.opengamma.strata.basics.currency.FxRateTest" time="0"/>
  <testcase name="test_parse_String_good" classname="com.opengamma.strata.basics.currency.FxRateTest" time="0"/>
  <testcase name="test_parse_String_good" classname="com.opengamma.strata.basics.currency.FxRateTest" time="0.001"/>
  <testcase name="test_parse_String_good" classname="com.opengamma.strata.basics.currency.FxRateTest" time="0"/>
  <testcase name="test_brbd" classname="com.opengamma.strata.basics.date.GlobalHolidayCalendarsTest" time="0"/>
  <testcase name="test_brbd" classname="com.opengamma.strata.basics.date.GlobalHolidayCalendarsTest" time="0"/>
  <testcase name="test_brbd" classname="com.opengamma.strata.basics.date.GlobalHolidayCalendarsTest" time="0"/>
  <testcase name="test_brbd" classname="com.opengamma.strata.basics.date.GlobalHolidayCalendarsTest" time="0"/>
  <testcase name="test_serialization" classname="com.opengamma.strata.basics.currency.FxRateTest" time="0"/>
  <testcase name="test_camo" classname="com.opengamma.strata.basics.date.GlobalHolidayCalendarsTest" time="0"/>
  <testcase name="test_camo" classname="com.opengamma.strata.basics.date.GlobalHolidayCalendarsTest" time="0"/>
  <testcase name="test_toConventional" classname="com.opengamma.strata.basics.currency.FxRateTest" time="0"/>
  <testcase name="test_of_lookup" classname="com.opengamma.strata.basics.date.DayCountTest" time="0"/>
  <testcase name="test_of_lookup" classname="com.opengamma.strata.basics.date.DayCountTest" time="0.001"/>
  <testcase name="test_of_lookup" classname="com.opengamma.strata.basics.date.DayCountTest" time="0"/>
  <testcase name="test_of_lookup" classname="com.opengamma.strata.basics.date.DayCountTest" time="0"/>
  <testcase name="test_of_lookup" classname="com.opengamma.strata.basics.date.DayCountTest" time="0.001"/>
  <testcase name="test_of_lookup" classname="com.opengamma.strata.basics.date.DayCountTest" time="0"/>
  <testcase name="test_of_lookup" classname="com.opengamma.strata.basics.date.DayCountTest" time="0"/>
  <testcase name="test_of_lookup" classname="com.opengamma.strata.basics.date.DayCountTest" time="0"/>
  <testcase name="test_of_lookup" classname="com.opengamma.strata.basics.date.DayCountTest" time="0"/>
  <testcase name="test_of_lookup" classname="com.opengamma.strata.basics.date.DayCountTest" time="0"/>
  <testcase name="test_of_lookup" classname="com.opengamma.strata.basics.date.DayCountTest" time="0"/>
  <testcase name="test_of_lookup" classname="com.opengamma.strata.basics.date.DayCountTest" time="0"/>
  <testcase name="test_of_lookup" classname="com.opengamma.strata.basics.date.DayCountTest" time="0"/>
  <testcase name="test_of_lookup" classname="com.opengamma.strata.basics.date.DayCountTest" time="0"/>
  <testcase name="test_of_lookup" classname="com.opengamma.strata.basics.date.DayCountTest" time="0"/>
  <testcase name="test_of_lookup" classname="com.opengamma.strata.basics.date.DayCountTest" time="0"/>
  <testcase name="test_of_lookup" classname="com.opengamma.strata.basics.date.DayCountTest" time="0.001"/>
  <testcase name="test_of_lookup" classname="com.opengamma.strata.basics.date.DayCountTest" time="0"/>
  <testcase name="test_of_lookup" classname="com.opengamma.strata.basics.date.DayCountTest" time="0"/>
  <testcase name="test_cato" classname="com.opengamma.strata.basics.date.GlobalHolidayCalendarsTest" time="0"/>
  <testcase name="test_cato" classname="com.opengamma.strata.basics.date.GlobalHolidayCalendarsTest" time="0.001"/>
  <testcase name="test_cato" classname="com.opengamma.strata.basics.date.GlobalHolidayCalendarsTest" time="0"/>
  <testcase name="test_cato" classname="com.opengamma.strata.basics.date.GlobalHolidayCalendarsTest" time="0"/>
  <testcase name="test_cato" classname="com.opengamma.strata.basics.date.GlobalHolidayCalendarsTest" time="0"/>
  <testcase name="test_cato" classname="com.opengamma.strata.basics.date.GlobalHolidayCalendarsTest" time="0"/>
  <testcase name="test_cato" classname="com.opengamma.strata.basics.date.GlobalHolidayCalendarsTest" time="0"/>
  <testcase name="test_cato" classname="com.opengamma.strata.basics.date.GlobalHolidayCalendarsTest" time="0"/>
  <testcase name="test_of_lookup_notFound" classname="com.opengamma.strata.basics.date.DayCountTest" time="0.001"/>
  <testcase name="coverage" classname="com.opengamma.strata.basics.value.HalfUpRoundingTest" time="0.001"/>
  <testcase name="test_of_lookup_null" classname="com.opengamma.strata.basics.date.DayCountTest" time="0.001"/>
  <testcase name="test_relativeYearFraction" classname="com.opengamma.strata.basics.date.DayCountTest" time="0"/>
  <testcase name="test_relativeYearFraction" classname="com.opengamma.strata.basics.date.DayCountTest" time="0"/>
  <testcase name="test_relativeYearFraction" classname="com.opengamma.strata.basics.date.DayCountTest" time="0"/>
  <testcase name="test_relativeYearFraction" classname="com.opengamma.strata.basics.date.DayCountTest" time="0"/>
  <testcase name="test_relativeYearFraction" classname="com.opengamma.strata.basics.date.DayCountTest" time="0"/>
  <testcase name="test_relativeYearFraction" classname="com.opengamma.strata.basics.date.DayCountTest" time="0"/>
  <testcase name="test_relativeYearFraction" classname="com.opengamma.strata.basics.date.DayCountTest" time="0"/>
  <testcase name="test_relativeYearFraction" classname="com.opengamma.strata.basics.date.DayCountTest" time="0"/>
  <testcase name="test_relativeYearFraction" classname="com.opengamma.strata.basics.date.DayCountTest" time="0"/>
  <testcase name="test_relativeYearFraction" classname="com.opengamma.strata.basics.date.DayCountTest" time="0"/>
  <testcase name="test_relativeYearFraction" classname="com.opengamma.strata.basics.date.DayCountTest" time="0"/>
  <testcase name="test_relativeYearFraction" classname="com.opengamma.strata.basics.date.DayCountTest" time="0"/>
  <testcase name="test_relativeYearFraction" classname="com.opengamma.strata.basics.date.DayCountTest" time="0"/>
  <testcase name="test_relativeYearFraction" classname="com.opengamma.strata.basics.date.DayCountTest" time="0"/>
  <testcase name="test_relativeYearFraction" classname="com.opengamma.strata.basics.date.DayCountTest" time="0"/>
  <testcase name="test_relativeYearFraction" classname="com.opengamma.strata.basics.date.DayCountTest" time="0.001"/>
  <testcase name="test_relativeYearFraction" classname="com.opengamma.strata.basics.date.DayCountTest" time="0"/>
  <testcase name="test_relativeYearFraction" classname="com.opengamma.strata.basics.date.DayCountTest" time="0"/>
  <testcase name="test_relativeYearFraction" classname="com.opengamma.strata.basics.date.DayCountTest" time="0"/>
  <testcase name="test_relativeYearFraction" classname="com.opengamma.strata.basics.date.DayCountTest" time="0"/>
  <testcase name="test_relativeYearFraction" classname="com.opengamma.strata.basics.date.DayCountTest" time="0"/>
  <testcase name="test_relativeYearFraction" classname="com.opengamma.strata.basics.date.DayCountTest" time="0.001"/>
  <testcase name="test_relativeYearFraction" classname="com.opengamma.strata.basics.date.DayCountTest" time="0.001"/>
  <testcase name="test_relativeYearFraction" classname="com.opengamma.strata.basics.date.DayCountTest" time="0"/>
  <testcase name="test_relativeYearFraction" classname="com.opengamma.strata.basics.date.DayCountTest" time="0"/>
  <testcase name="test_relativeYearFraction" classname="com.opengamma.strata.basics.date.DayCountTest" time="0.001"/>
  <testcase name="test_relativeYearFraction" classname="com.opengamma.strata.basics.date.DayCountTest" time="0"/>
  <testcase name="test_relativeYearFraction" classname="com.opengamma.strata.basics.date.DayCountTest" time="0"/>
  <testcase name="test_relativeYearFraction" classname="com.opengamma.strata.basics.date.DayCountTest" time="0"/>
  <testcase name="test_relativeYearFraction" classname="com.opengamma.strata.basics.date.DayCountTest" time="0"/>
  <testcase name="test_relativeYearFraction" classname="com.opengamma.strata.basics.date.DayCountTest" time="0"/>
  <testcase name="test_relativeYearFraction" classname="com.opengamma.strata.basics.date.DayCountTest" time="0.001"/>
  <testcase name="test_relativeYearFraction" classname="com.opengamma.strata.basics.date.DayCountTest" time="0"/>
  <testcase name="test_relativeYearFraction" classname="com.opengamma.strata.basics.date.DayCountTest" time="0"/>
  <testcase name="test_relativeYearFraction" classname="com.opengamma.strata.basics.date.DayCountTest" time="0"/>
  <testcase name="test_relativeYearFraction" classname="com.opengamma.strata.basics.date.DayCountTest" time="0"/>
  <testcase name="test_relativeYearFraction" classname="com.opengamma.strata.basics.date.DayCountTest" time="0"/>
  <testcase name="test_relativeYearFraction" classname="com.opengamma.strata.basics.date.DayCountTest" time="0.001"/>
  <testcase name="test_relativeYearFraction" classname="com.opengamma.strata.basics.date.DayCountTest" time="0"/>
  <testcase name="test_relativeYearFraction" classname="com.opengamma.strata.basics.date.DayCountTest" time="0"/>
  <testcase name="test_relativeYearFraction" classname="com.opengamma.strata.basics.date.DayCountTest" time="0"/>
  <testcase name="test_relativeYearFraction" classname="com.opengamma.strata.basics.date.DayCountTest" time="0"/>
  <testcase name="test_relativeYearFraction" classname="com.opengamma.strata.basics.date.DayCountTest" time="0"/>
  <testcase name="test_relativeYearFraction" classname="com.opengamma.strata.basics.date.DayCountTest" time="0.001"/>
  <testcase name="test_relativeYearFraction" classname="com.opengamma.strata.basics.date.DayCountTest" time="0"/>
  <testcase name="test_relativeYearFraction" classname="com.opengamma.strata.basics.date.DayCountTest" time="0"/>
  <testcase name="test_relativeYearFraction" classname="com.opengamma.strata.basics.date.DayCountTest" time="0"/>
  <testcase name="test_relativeYearFraction" classname="com.opengamma.strata.basics.date.DayCountTest" time="0"/>
  <testcase name="test_relativeYearFraction" classname="com.opengamma.strata.basics.date.DayCountTest" time="0"/>
  <testcase name="test_relativeYearFraction" classname="com.opengamma.strata.basics.date.DayCountTest" time="0"/>
  <testcase name="test_relativeYearFraction" classname="com.opengamma.strata.basics.date.DayCountTest" time="0"/>
  <testcase name="test_relativeYearFraction" classname="com.opengamma.strata.basics.date.DayCountTest" time="0"/>
  <testcase name="test_relativeYearFraction" classname="com.opengamma.strata.basics.date.DayCountTest" time="0"/>
  <testcase name="test_relativeYearFraction" classname="com.opengamma.strata.basics.date.DayCountTest" time="0"/>
  <testcase name="test_relativeYearFraction" classname="com.opengamma.strata.basics.date.DayCountTest" time="0"/>
  <testcase name="test_relativeYearFraction" classname="com.opengamma.strata.basics.date.DayCountTest" time="0"/>
  <testcase name="test_relativeYearFraction" classname="com.opengamma.strata.basics.date.DayCountTest" time="0"/>
  <testcase name="test_relativeYearFraction" classname="com.opengamma.strata.basics.date.DayCountTest" time="0"/>
  <testcase name="test_relativeYearFraction" classname="com.opengamma.strata.basics.date.DayCountTest" time="0"/>
  <testcase name="test_relativeYearFraction" classname="com.opengamma.strata.basics.date.DayCountTest" time="0"/>
  <testcase name="test_relativeYearFraction" classname="com.opengamma.strata.basics.date.DayCountTest" time="0"/>
  <testcase name="test_relativeYearFraction" classname="com.opengamma.strata.basics.date.DayCountTest" time="0"/>
  <testcase name="test_relativeYearFraction" classname="com.opengamma.strata.basics.date.DayCountTest" time="0"/>
  <testcase name="test_relativeYearFraction" classname="com.opengamma.strata.basics.date.DayCountTest" time="0"/>
  <testcase name="test_relativeYearFraction" classname="com.opengamma.strata.basics.date.DayCountTest" time="0"/>
  <testcase name="test_relativeYearFraction" classname="com.opengamma.strata.basics.date.DayCountTest" time="0"/>
  <testcase name="test_relativeYearFraction" classname="com.opengamma.strata.basics.date.DayCountTest" time="0.001"/>
  <testcase name="test_relativeYearFraction" classname="com.opengamma.strata.basics.date.DayCountTest" time="0"/>
  <testcase name="test_relativeYearFraction" classname="com.opengamma.strata.basics.date.DayCountTest" time="0"/>
  <testcase name="test_relativeYearFraction" classname="com.opengamma.strata.basics.date.DayCountTest" time="0"/>
  <testcase name="test_relativeYearFraction" classname="com.opengamma.strata.basics.date.DayCountTest" time="0"/>
  <testcase name="test_relativeYearFraction" classname="com.opengamma.strata.basics.date.DayCountTest" time="0"/>
  <testcase name="test_relativeYearFraction" classname="com.opengamma.strata.basics.date.DayCountTest" time="0.001"/>
  <testcase name="test_relativeYearFraction" classname="com.opengamma.strata.basics.date.DayCountTest" time="0"/>
  <testcase name="test_relativeYearFraction" classname="com.opengamma.strata.basics.date.DayCountTest" time="0"/>
  <testcase name="test_relativeYearFraction" classname="com.opengamma.strata.basics.date.DayCountTest" time="0"/>
  <testcase name="test_relativeYearFraction" classname="com.opengamma.strata.basics.date.DayCountTest" time="0"/>
  <testcase name="test_relativeYearFraction" classname="com.opengamma.strata.basics.date.DayCountTest" time="0.001"/>
  <testcase name="test_relativeYearFraction" classname="com.opengamma.strata.basics.date.DayCountTest" time="0"/>
  <testcase name="test_relativeYearFraction" classname="com.opengamma.strata.basics.date.DayCountTest" time="0"/>
  <testcase name="test_relativeYearFraction" classname="com.opengamma.strata.basics.date.DayCountTest" time="0"/>
  <testcase name="test_relativeYearFraction" classname="com.opengamma.strata.basics.date.DayCountTest" time="0.001"/>
  <testcase name="test_relativeYearFraction" classname="com.opengamma.strata.basics.date.DayCountTest" time="0"/>
  <testcase name="test_relativeYearFraction" classname="com.opengamma.strata.basics.date.DayCountTest" time="0"/>
  <testcase name="test_relativeYearFraction" classname="com.opengamma.strata.basics.date.DayCountTest" time="0"/>
  <testcase name="test_relativeYearFraction" classname="com.opengamma.strata.basics.date.DayCountTest" time="0"/>
  <testcase name="test_relativeYearFraction" classname="com.opengamma.strata.basics.date.DayCountTest" time="0"/>
  <testcase name="test_relativeYearFraction" classname="com.opengamma.strata.basics.date.DayCountTest" time="0"/>
  <testcase name="test_relativeYearFraction" classname="com.opengamma.strata.basics.date.DayCountTest" time="0"/>
  <testcase name="test_relativeYearFraction" classname="com.opengamma.strata.basics.date.DayCountTest" time="0"/>
  <testcase name="test_relativeYearFraction" classname="com.opengamma.strata.basics.date.DayCountTest" time="0"/>
  <testcase name="test_relativeYearFraction" classname="com.opengamma.strata.basics.date.DayCountTest" time="0.001"/>
  <testcase name="test_relativeYearFraction" classname="com.opengamma.strata.basics.date.DayCountTest" time="0"/>
  <testcase name="test_relativeYearFraction" classname="com.opengamma.strata.basics.date.DayCountTest" time="0.001"/>
  <testcase name="test_relativeYearFraction" classname="com.opengamma.strata.basics.date.DayCountTest" time="0"/>
  <testcase name="test_relativeYearFraction" classname="com.opengamma.strata.basics.date.DayCountTest" time="0"/>
  <testcase name="test_relativeYearFraction" classname="com.opengamma.strata.basics.date.DayCountTest" time="0.001"/>
  <testcase name="test_relativeYearFraction" classname="com.opengamma.strata.basics.date.DayCountTest" time="0"/>
  <testcase name="test_relativeYearFraction" classname="com.opengamma.strata.basics.date.DayCountTest" time="0"/>
  <testcase name="test_relativeYearFraction" classname="com.opengamma.strata.basics.date.DayCountTest" time="0"/>
  <testcase name="test_relativeYearFraction" classname="com.opengamma.strata.basics.date.DayCountTest" time="0"/>
  <testcase name="test_relativeYearFraction" classname="com.opengamma.strata.basics.date.DayCountTest" time="0"/>
  <testcase name="test_relativeYearFraction" classname="com.opengamma.strata.basics.date.DayCountTest" time="0"/>
  <testcase name="test_relativeYearFraction" classname="com.opengamma.strata.basics.date.DayCountTest" time="0"/>
  <testcase name="test_relativeYearFraction" classname="com.opengamma.strata.basics.date.DayCountTest" time="0"/>
  <testcase name="test_relativeYearFraction" classname="com.opengamma.strata.basics.date.DayCountTest" time="0"/>
  <testcase name="test_relativeYearFraction" classname="com.opengamma.strata.basics.date.DayCountTest" time="0"/>
  <testcase name="test_relativeYearFraction" classname="com.opengamma.strata.basics.date.DayCountTest" time="0"/>
  <testcase name="test_relativeYearFraction" classname="com.opengamma.strata.basics.date.DayCountTest" time="0"/>
  <testcase name="test_relativeYearFraction" classname="com.opengamma.strata.basics.date.DayCountTest" time="0"/>
  <testcase name="test_relativeYearFraction" classname="com.opengamma.strata.basics.date.DayCountTest" time="0"/>
  <testcase name="test_relativeYearFraction" classname="com.opengamma.strata.basics.date.DayCountTest" time="0"/>
  <testcase name="test_relativeYearFraction" classname="com.opengamma.strata.basics.date.DayCountTest" time="0"/>
  <testcase name="test_relativeYearFraction" classname="com.opengamma.strata.basics.date.DayCountTest" time="0"/>
  <testcase name="test_relativeYearFraction" classname="com.opengamma.strata.basics.date.DayCountTest" time="0"/>
  <testcase name="test_relativeYearFraction" classname="com.opengamma.strata.basics.date.DayCountTest" time="0"/>
  <testcase name="test_relativeYearFraction" classname="com.opengamma.strata.basics.date.DayCountTest" time="0.001"/>
  <testcase name="test_relativeYearFraction" classname="com.opengamma.strata.basics.date.DayCountTest" time="0"/>
  <testcase name="test_relativeYearFraction" classname="com.opengamma.strata.basics.date.DayCountTest" time="0"/>
  <testcase name="test_relativeYearFraction" classname="com.opengamma.strata.basics.date.DayCountTest" time="0"/>
  <testcase name="test_relativeYearFraction" classname="com.opengamma.strata.basics.date.DayCountTest" time="0"/>
  <testcase name="test_relativeYearFraction" classname="com.opengamma.strata.basics.date.DayCountTest" time="0"/>
  <testcase name="test_relativeYearFraction" classname="com.opengamma.strata.basics.date.DayCountTest" time="0"/>
  <testcase name="test_relativeYearFraction" classname="com.opengamma.strata.basics.date.DayCountTest" time="0"/>
  <testcase name="test_relativeYearFraction" classname="com.opengamma.strata.basics.date.DayCountTest" time="0"/>
  <testcase name="test_relativeYearFraction" classname="com.opengamma.strata.basics.date.DayCountTest" time="0"/>
  <testcase name="test_relativeYearFraction" classname="com.opengamma.strata.basics.date.DayCountTest" time="0"/>
  <testcase name="test_relativeYearFraction" classname="com.opengamma.strata.basics.date.DayCountTest" time="0"/>
  <testcase name="test_relativeYearFraction" classname="com.opengamma.strata.basics.date.DayCountTest" time="0"/>
  <testcase name="test_relativeYearFraction" classname="com.opengamma.strata.basics.date.DayCountTest" time="0"/>
  <testcase name="test_relativeYearFraction" classname="com.opengamma.strata.basics.date.DayCountTest" time="0"/>
  <testcase name="test_relativeYearFraction" classname="com.opengamma.strata.basics.date.DayCountTest" time="0"/>
  <testcase name="test_relativeYearFraction" classname="com.opengamma.strata.basics.date.DayCountTest" time="0"/>
  <testcase name="test_relativeYearFraction" classname="com.opengamma.strata.basics.date.DayCountTest" time="0"/>
  <testcase name="test_relativeYearFraction" classname="com.opengamma.strata.basics.date.DayCountTest" time="0"/>
  <testcase name="test_relativeYearFraction" classname="com.opengamma.strata.basics.date.DayCountTest" time="0"/>
  <testcase name="test_relativeYearFraction" classname="com.opengamma.strata.basics.date.DayCountTest" time="0"/>
  <testcase name="test_relativeYearFraction" classname="com.opengamma.strata.basics.date.DayCountTest" time="0"/>
  <testcase name="test_relativeYearFraction" classname="com.opengamma.strata.basics.date.DayCountTest" time="0"/>
  <testcase name="test_relativeYearFraction" classname="com.opengamma.strata.basics.date.DayCountTest" time="0.001"/>
  <testcase name="test_relativeYearFraction" classname="com.opengamma.strata.basics.date.DayCountTest" time="0"/>
  <testcase name="test_relativeYearFraction" classname="com.opengamma.strata.basics.date.DayCountTest" time="0"/>
  <testcase name="test_relativeYearFraction" classname="com.opengamma.strata.basics.date.DayCountTest" time="0"/>
  <testcase name="test_relativeYearFraction" classname="com.opengamma.strata.basics.date.DayCountTest" time="0"/>
  <testcase name="test_relativeYearFraction" classname="com.opengamma.strata.basics.date.DayCountTest" time="0.001"/>
  <testcase name="test_relativeYearFraction" classname="com.opengamma.strata.basics.date.DayCountTest" time="0"/>
  <testcase name="test_relativeYearFraction" classname="com.opengamma.strata.basics.date.DayCountTest" time="0"/>
  <testcase name="test_relativeYearFraction" classname="com.opengamma.strata.basics.date.DayCountTest" time="0"/>
  <testcase name="test_relativeYearFraction" classname="com.opengamma.strata.basics.date.DayCountTest" time="0"/>
  <testcase name="test_relativeYearFraction" classname="com.opengamma.strata.basics.date.DayCountTest" time="0"/>
  <testcase name="test_relativeYearFraction" classname="com.opengamma.strata.basics.date.DayCountTest" time="0"/>
  <testcase name="test_relativeYearFraction" classname="com.opengamma.strata.basics.date.DayCountTest" time="0"/>
  <testcase name="test_relativeYearFraction" classname="com.opengamma.strata.basics.date.DayCountTest" time="0"/>
  <testcase name="test_relativeYearFraction" classname="com.opengamma.strata.basics.date.DayCountTest" time="0"/>
  <testcase name="test_relativeYearFraction" classname="com.opengamma.strata.basics.date.DayCountTest" time="0"/>
  <testcase name="test_relativeYearFraction" classname="com.opengamma.strata.basics.date.DayCountTest" time="0"/>
  <testcase name="test_relativeYearFraction" classname="com.opengamma.strata.basics.date.DayCountTest" time="0"/>
  <testcase name="test_relativeYearFraction" classname="com.opengamma.strata.basics.date.DayCountTest" time="0"/>
  <testcase name="test_relativeYearFraction" classname="com.opengamma.strata.basics.date.DayCountTest" time="0"/>
  <testcase name="test_relativeYearFraction" classname="com.opengamma.strata.basics.date.DayCountTest" time="0"/>
  <testcase name="test_relativeYearFraction" classname="com.opengamma.strata.basics.date.DayCountTest" time="0"/>
  <testcase name="test_relativeYearFraction" classname="com.opengamma.strata.basics.date.DayCountTest" time="0"/>
  <testcase name="test_relativeYearFraction" classname="com.opengamma.strata.basics.date.DayCountTest" time="0"/>
  <testcase name="test_relativeYearFraction" classname="com.opengamma.strata.basics.date.DayCountTest" time="0"/>
  <testcase name="test_relativeYearFraction" classname="com.opengamma.strata.basics.date.DayCountTest" time="0"/>
  <testcase name="test_relativeYearFraction" classname="com.opengamma.strata.basics.date.DayCountTest" time="0"/>
  <testcase name="test_relativeYearFraction" classname="com.opengamma.strata.basics.date.DayCountTest" time="0"/>
  <testcase name="test_relativeYearFraction" classname="com.opengamma.strata.basics.date.DayCountTest" time="0"/>
  <testcase name="test_relativeYearFraction" classname="com.opengamma.strata.basics.date.DayCountTest" time="0"/>
  <testcase name="test_relativeYearFraction" classname="com.opengamma.strata.basics.date.DayCountTest" time="0"/>
  <testcase name="test_relativeYearFraction" classname="com.opengamma.strata.basics.date.DayCountTest" time="0"/>
  <testcase name="test_relativeYearFraction" classname="com.opengamma.strata.basics.date.DayCountTest" time="0"/>
  <testcase name="round_BigDecimal_NONE" classname="com.opengamma.strata.basics.value.HalfUpRoundingTest" time="0"/>
  <testcase name="round_BigDecimal_NONE" classname="com.opengamma.strata.basics.value.HalfUpRoundingTest" time="0"/>
  <testcase name="round_BigDecimal_NONE" classname="com.opengamma.strata.basics.value.HalfUpRoundingTest" time="0"/>
  <testcase name="round_BigDecimal_NONE" classname="com.opengamma.strata.basics.value.HalfUpRoundingTest" time="0"/>
  <testcase name="round_BigDecimal_NONE" classname="com.opengamma.strata.basics.value.HalfUpRoundingTest" time="0"/>
  <testcase name="round_BigDecimal_NONE" classname="com.opengamma.strata.basics.value.HalfUpRoundingTest" time="0"/>
  <testcase name="round_BigDecimal_NONE" classname="com.opengamma.strata.basics.value.HalfUpRoundingTest" time="0.001"/>
  <testcase name="round_BigDecimal_NONE" classname="com.opengamma.strata.basics.value.HalfUpRoundingTest" time="0"/>
  <testcase name="round_BigDecimal_NONE" classname="com.opengamma.strata.basics.value.HalfUpRoundingTest" time="0"/>
  <testcase name="round_BigDecimal_NONE" classname="com.opengamma.strata.basics.value.HalfUpRoundingTest" time="0"/>
  <testcase name="round_BigDecimal_NONE" classname="com.opengamma.strata.basics.value.HalfUpRoundingTest" time="0"/>
  <testcase name="round_BigDecimal_NONE" classname="com.opengamma.strata.basics.value.HalfUpRoundingTest" time="0"/>
  <testcase name="test_chzu" classname="com.opengamma.strata.basics.date.GlobalHolidayCalendarsTest" time="0"/>
  <testcase name="test_chzu" classname="com.opengamma.strata.basics.date.GlobalHolidayCalendarsTest" time="0"/>
  <testcase name="test_chzu" classname="com.opengamma.strata.basics.date.GlobalHolidayCalendarsTest" time="0.001"/>
  <testcase name="test_chzu" classname="com.opengamma.strata.basics.date.GlobalHolidayCalendarsTest" time="0"/>
  <testcase name="test_chzu" classname="com.opengamma.strata.basics.date.GlobalHolidayCalendarsTest" time="0"/>
  <testcase name="round_double_NONE" classname="com.opengamma.strata.basics.value.HalfUpRoundingTest" time="0"/>
  <testcase name="round_double_NONE" classname="com.opengamma.strata.basics.value.HalfUpRoundingTest" time="0.001"/>
  <testcase name="round_double_NONE" classname="com.opengamma.strata.basics.value.HalfUpRoundingTest" time="0.001"/>
  <testcase name="round_double_NONE" classname="com.opengamma.strata.basics.value.HalfUpRoundingTest" time="0.001"/>
  <testcase name="round_double_NONE" classname="com.opengamma.strata.basics.value.HalfUpRoundingTest" time="0"/>
  <testcase name="round_double_NONE" classname="com.opengamma.strata.basics.value.HalfUpRoundingTest" time="0"/>
  <testcase name="round_double_NONE" classname="com.opengamma.strata.basics.value.HalfUpRoundingTest" time="0"/>
  <testcase name="round_double_NONE" classname="com.opengamma.strata.basics.value.HalfUpRoundingTest" time="0"/>
  <testcase name="round_double_NONE" classname="com.opengamma.strata.basics.value.HalfUpRoundingTest" time="0"/>
  <testcase name="round_double_NONE" classname="com.opengamma.strata.basics.value.HalfUpRoundingTest" time="0"/>
  <testcase name="round_double_NONE" classname="com.opengamma.strata.basics.value.HalfUpRoundingTest" time="0"/>
  <testcase name="round_double_NONE" classname="com.opengamma.strata.basics.value.HalfUpRoundingTest" time="0"/>
  <testcase name="test_czpr" classname="com.opengamma.strata.basics.date.GlobalHolidayCalendarsTest" time="0"/>
  <testcase name="test_czpr" classname="com.opengamma.strata.basics.date.GlobalHolidayCalendarsTest" time="0.001"/>
  <testcase name="test_czpr" classname="com.opengamma.strata.basics.date.GlobalHolidayCalendarsTest" time="0"/>
  <testcase name="test_czpr" classname="com.opengamma.strata.basics.date.GlobalHolidayCalendarsTest" time="0"/>
  <testcase name="test_czpr" classname="com.opengamma.strata.basics.date.GlobalHolidayCalendarsTest" time="0"/>
  <testcase name="test_czpr" classname="com.opengamma.strata.basics.date.GlobalHolidayCalendarsTest" time="0"/>
  <testcase name="test_czpr" classname="com.opengamma.strata.basics.date.GlobalHolidayCalendarsTest" time="0.001"/>
  <testcase name="test_czpr" classname="com.opengamma.strata.basics.date.GlobalHolidayCalendarsTest" time="0"/>
  <testcase name="test_czpr" classname="com.opengamma.strata.basics.date.GlobalHolidayCalendarsTest" time="0"/>
  <testcase name="test_czpr" classname="com.opengamma.strata.basics.date.GlobalHolidayCalendarsTest" time="0.001"/>
  <testcase name="test_defr" classname="com.opengamma.strata.basics.date.GlobalHolidayCalendarsTest" time="0.001"/>
  <testcase name="test_defr" classname="com.opengamma.strata.basics.date.GlobalHolidayCalendarsTest" time="0.001"/>
  <testcase name="test_defr" classname="com.opengamma.strata.basics.date.GlobalHolidayCalendarsTest" time="0.001"/>
  <testcase name="test_defr" classname="com.opengamma.strata.basics.date.GlobalHolidayCalendarsTest" time="0"/>
  <testcase name="test_builder" classname="com.opengamma.strata.basics.value.HalfUpRoundingTest" time="0"/>
  <testcase name="test_dkco" classname="com.opengamma.strata.basics.date.GlobalHolidayCalendarsTest" time="0"/>
  <testcase name="test_dkco" classname="com.opengamma.strata.basics.date.GlobalHolidayCalendarsTest" time="0"/>
  <testcase name="test_dkco" classname="com.opengamma.strata.basics.date.GlobalHolidayCalendarsTest" time="0"/>
  <testcase name="test_dkco" classname="com.opengamma.strata.basics.date.GlobalHolidayCalendarsTest" time="0"/>
  <testcase name="test_builder_invalid" classname="com.opengamma.strata.basics.value.HalfUpRoundingTest" time="0"/>
  <testcase name="test_ofDecimalPlaces" classname="com.opengamma.strata.basics.value.HalfUpRoundingTest" time="0"/>
  <testcase name="test_ofDecimalPlaces_big" classname="com.opengamma.strata.basics.value.HalfUpRoundingTest" time="0"/>
  <testcase name="test_easter" classname="com.opengamma.strata.basics.date.GlobalHolidayCalendarsTest" time="0"/>
  <testcase name="test_easter" classname="com.opengamma.strata.basics.date.GlobalHolidayCalendarsTest" time="0"/>
  <testcase name="test_easter" classname="com.opengamma.strata.basics.date.GlobalHolidayCalendarsTest" time="0"/>
  <testcase name="test_easter" classname="com.opengamma.strata.basics.date.GlobalHolidayCalendarsTest" time="0"/>
  <testcase name="test_easter" classname="com.opengamma.strata.basics.date.GlobalHolidayCalendarsTest" time="0"/>
  <testcase name="test_easter" classname="com.opengamma.strata.basics.date.GlobalHolidayCalendarsTest" time="0.001"/>
  <testcase name="test_easter" classname="com.opengamma.strata.basics.date.GlobalHolidayCalendarsTest" time="0"/>
  <testcase name="test_easter" classname="com.opengamma.strata.basics.date.GlobalHolidayCalendarsTest" time="0"/>
  <testcase name="test_easter" classname="com.opengamma.strata.basics.date.GlobalHolidayCalendarsTest" time="0"/>
  <testcase name="test_easter" classname="com.opengamma.strata.basics.date.GlobalHolidayCalendarsTest" time="0"/>
  <testcase name="test_easter" classname="com.opengamma.strata.basics.date.GlobalHolidayCalendarsTest" time="0.001"/>
  <testcase name="test_easter" classname="com.opengamma.strata.basics.date.GlobalHolidayCalendarsTest" time="0"/>
  <testcase name="test_easter" classname="com.opengamma.strata.basics.date.GlobalHolidayCalendarsTest" time="0"/>
  <testcase name="test_easter" classname="com.opengamma.strata.basics.date.GlobalHolidayCalendarsTest" time="0"/>
  <testcase name="test_easter" classname="com.opengamma.strata.basics.date.GlobalHolidayCalendarsTest" time="0"/>
  <testcase name="test_easter" classname="com.opengamma.strata.basics.date.GlobalHolidayCalendarsTest" time="0"/>
  <testcase name="test_easter" classname="com.opengamma.strata.basics.date.GlobalHolidayCalendarsTest" time="0"/>
  <testcase name="test_easter" classname="com.opengamma.strata.basics.date.GlobalHolidayCalendarsTest" time="0"/>
  <testcase name="test_easter" classname="com.opengamma.strata.basics.date.GlobalHolidayCalendarsTest" time="0"/>
  <testcase name="test_easter" classname="com.opengamma.strata.basics.date.GlobalHolidayCalendarsTest" time="0"/>
  <testcase name="test_easter" classname="com.opengamma.strata.basics.date.GlobalHolidayCalendarsTest" time="0"/>
  <testcase name="test_easter" classname="com.opengamma.strata.basics.date.GlobalHolidayCalendarsTest" time="0"/>
  <testcase name="test_easter" classname="com.opengamma.strata.basics.date.GlobalHolidayCalendarsTest" time="0"/>
  <testcase name="test_easter" classname="com.opengamma.strata.basics.date.GlobalHolidayCalendarsTest" time="0"/>
  <testcase name="test_easter" classname="com.opengamma.strata.basics.date.GlobalHolidayCalendarsTest" time="0"/>
  <testcase name="test_easter" classname="com.opengamma.strata.basics.date.GlobalHolidayCalendarsTest" time="0"/>
  <testcase name="test_easter" classname="com.opengamma.strata.basics.date.GlobalHolidayCalendarsTest" time="0"/>
  <testcase name="test_easter" classname="com.opengamma.strata.basics.date.GlobalHolidayCalendarsTest" time="0"/>
  <testcase name="test_easter" classname="com.opengamma.strata.basics.date.GlobalHolidayCalendarsTest" time="0"/>
  <testcase name="test_easter" classname="com.opengamma.strata.basics.date.GlobalHolidayCalendarsTest" time="0"/>
  <testcase name="test_easter" classname="com.opengamma.strata.basics.date.GlobalHolidayCalendarsTest" time="0"/>
  <testcase name="test_easter" classname="com.opengamma.strata.basics.date.GlobalHolidayCalendarsTest" time="0.001"/>
  <testcase name="test_easter" classname="com.opengamma.strata.basics.date.GlobalHolidayCalendarsTest" time="0"/>
  <testcase name="test_easter" classname="com.opengamma.strata.basics.date.GlobalHolidayCalendarsTest" time="0"/>
  <testcase name="test_easter" classname="com.opengamma.strata.basics.date.GlobalHolidayCalendarsTest" time="0"/>
  <testcase name="test_easter" classname="com.opengamma.strata.basics.date.GlobalHolidayCalendarsTest" time="0"/>
  <testcase name="test_easter" classname="com.opengamma.strata.basics.date.GlobalHolidayCalendarsTest" time="0"/>
  <testcase name="test_easter" classname="com.opengamma.strata.basics.date.GlobalHolidayCalendarsTest" time="0"/>
  <testcase name="test_easter" classname="com.opengamma.strata.basics.date.GlobalHolidayCalendarsTest" time="0"/>
  <testcase name="test_easter" classname="com.opengamma.strata.basics.date.GlobalHolidayCalendarsTest" time="0"/>
  <testcase name="test_easter" classname="com.opengamma.strata.basics.date.GlobalHolidayCalendarsTest" time="0"/>
  <testcase name="test_easter" classname="com.opengamma.strata.basics.date.GlobalHolidayCalendarsTest" time="0"/>
  <testcase name="test_easter" classname="com.opengamma.strata.basics.date.GlobalHolidayCalendarsTest" time="0"/>
  <testcase name="test_easter" classname="com.opengamma.strata.basics.date.GlobalHolidayCalendarsTest" time="0"/>
  <testcase name="test_easter" classname="com.opengamma.strata.basics.date.GlobalHolidayCalendarsTest" time="0"/>
  <testcase name="test_easter" classname="com.opengamma.strata.basics.date.GlobalHolidayCalendarsTest" time="0"/>
  <testcase name="test_easter" classname="com.opengamma.strata.basics.date.GlobalHolidayCalendarsTest" time="0"/>
  <testcase name="test_easter" classname="com.opengamma.strata.basics.date.GlobalHolidayCalendarsTest" time="0.001"/>
  <testcase name="test_easter" classname="com.opengamma.strata.basics.date.GlobalHolidayCalendarsTest" time="0.002"/>
  <testcase name="test_easter" classname="com.opengamma.strata.basics.date.GlobalHolidayCalendarsTest" time="0"/>
  <testcase name="test_easter" classname="com.opengamma.strata.basics.date.GlobalHolidayCalendarsTest" time="0"/>
  <testcase name="test_easter" classname="com.opengamma.strata.basics.date.GlobalHolidayCalendarsTest" time="0"/>
  <testcase name="test_easter" classname="com.opengamma.strata.basics.date.GlobalHolidayCalendarsTest" time="0"/>
  <testcase name="test_easter" classname="com.opengamma.strata.basics.date.GlobalHolidayCalendarsTest" time="0"/>
  <testcase name="test_easter" classname="com.opengamma.strata.basics.date.GlobalHolidayCalendarsTest" time="0"/>
  <testcase name="test_easter" classname="com.opengamma.strata.basics.date.GlobalHolidayCalendarsTest" time="0"/>
  <testcase name="test_easter" classname="com.opengamma.strata.basics.date.GlobalHolidayCalendarsTest" time="0"/>
  <testcase name="test_easter" classname="com.opengamma.strata.basics.date.GlobalHolidayCalendarsTest" time="0"/>
  <testcase name="test_easter" classname="com.opengamma.strata.basics.date.GlobalHolidayCalendarsTest" time="0"/>
  <testcase name="test_easter" classname="com.opengamma.strata.basics.date.GlobalHolidayCalendarsTest" time="0"/>
  <testcase name="test_easter" classname="com.opengamma.strata.basics.date.GlobalHolidayCalendarsTest" time="0.001"/>
  <testcase name="test_easter" classname="com.opengamma.strata.basics.date.GlobalHolidayCalendarsTest" time="0"/>
  <testcase name="test_easter" classname="com.opengamma.strata.basics.date.GlobalHolidayCalendarsTest" time="0"/>
  <testcase name="test_easter" classname="com.opengamma.strata.basics.date.GlobalHolidayCalendarsTest" time="0"/>
  <testcase name="test_easter" classname="com.opengamma.strata.basics.date.GlobalHolidayCalendarsTest" time="0"/>
  <testcase name="test_easter" classname="com.opengamma.strata.basics.date.GlobalHolidayCalendarsTest" time="0"/>
  <testcase name="test_easter" classname="com.opengamma.strata.basics.date.GlobalHolidayCalendarsTest" time="0"/>
  <testcase name="test_easter" classname="com.opengamma.strata.basics.date.GlobalHolidayCalendarsTest" time="0"/>
  <testcase name="test_easter" classname="com.opengamma.strata.basics.date.GlobalHolidayCalendarsTest" time="0"/>
  <testcase name="test_easter" classname="com.opengamma.strata.basics.date.GlobalHolidayCalendarsTest" time="0"/>
  <testcase name="test_easter" classname="com.opengamma.strata.basics.date.GlobalHolidayCalendarsTest" time="0"/>
  <testcase name="test_easter" classname="com.opengamma.strata.basics.date.GlobalHolidayCalendarsTest" time="0"/>
  <testcase name="test_easter" classname="com.opengamma.strata.basics.date.GlobalHolidayCalendarsTest" time="0"/>
  <testcase name="test_easter" classname="com.opengamma.strata.basics.date.GlobalHolidayCalendarsTest" time="0"/>
  <testcase name="test_easter" classname="com.opengamma.strata.basics.date.GlobalHolidayCalendarsTest" time="0"/>
  <testcase name="test_easter" classname="com.opengamma.strata.basics.date.GlobalHolidayCalendarsTest" time="0"/>
  <testcase name="test_easter" classname="com.opengamma.strata.basics.date.GlobalHolidayCalendarsTest" time="0"/>
  <testcase name="test_easter" classname="com.opengamma.strata.basics.date.GlobalHolidayCalendarsTest" time="0"/>
  <testcase name="test_easter" classname="com.opengamma.strata.basics.date.GlobalHolidayCalendarsTest" time="0.001"/>
  <testcase name="test_easter" classname="com.opengamma.strata.basics.date.GlobalHolidayCalendarsTest" time="0"/>
  <testcase name="test_easter" classname="com.opengamma.strata.basics.date.GlobalHolidayCalendarsTest" time="0"/>
  <testcase name="test_easter" classname="com.opengamma.strata.basics.date.GlobalHolidayCalendarsTest" time="0"/>
  <testcase name="test_easter" classname="com.opengamma.strata.basics.date.GlobalHolidayCalendarsTest" time="0.001"/>
  <testcase name="test_easter" classname="com.opengamma.strata.basics.date.GlobalHolidayCalendarsTest" time="0"/>
  <testcase name="test_easter" classname="com.opengamma.strata.basics.date.GlobalHolidayCalendarsTest" time="0"/>
  <testcase name="test_easter" classname="com.opengamma.strata.basics.date.GlobalHolidayCalendarsTest" time="0"/>
  <testcase name="test_easter" classname="com.opengamma.strata.basics.date.GlobalHolidayCalendarsTest" time="0.001"/>
  <testcase name="test_easter" classname="com.opengamma.strata.basics.date.GlobalHolidayCalendarsTest" time="0"/>
  <testcase name="test_easter" classname="com.opengamma.strata.basics.date.GlobalHolidayCalendarsTest" time="0"/>
  <testcase name="test_easter" classname="com.opengamma.strata.basics.date.GlobalHolidayCalendarsTest" time="0"/>
  <testcase name="test_easter" classname="com.opengamma.strata.basics.date.GlobalHolidayCalendarsTest" time="0.001"/>
  <testcase name="test_easter" classname="com.opengamma.strata.basics.date.GlobalHolidayCalendarsTest" time="0"/>
  <testcase name="test_easter" classname="com.opengamma.strata.basics.date.GlobalHolidayCalendarsTest" time="0"/>
  <testcase name="test_easter" classname="com.opengamma.strata.basics.date.GlobalHolidayCalendarsTest" time="0"/>
  <testcase name="test_easter" classname="com.opengamma.strata.basics.date.GlobalHolidayCalendarsTest" time="0.001"/>
  <testcase name="test_easter" classname="com.opengamma.strata.basics.date.GlobalHolidayCalendarsTest" time="0"/>
  <testcase name="test_easter" classname="com.opengamma.strata.basics.date.GlobalHolidayCalendarsTest" time="0"/>
  <testcase name="test_easter" classname="com.opengamma.strata.basics.date.GlobalHolidayCalendarsTest" time="0"/>
  <testcase name="test_easter" classname="com.opengamma.strata.basics.date.GlobalHolidayCalendarsTest" time="0.001"/>
  <testcase name="test_easter" classname="com.opengamma.strata.basics.date.GlobalHolidayCalendarsTest" time="0"/>
  <testcase name="test_easter" classname="com.opengamma.strata.basics.date.GlobalHolidayCalendarsTest" time="0"/>
  <testcase name="test_easter" classname="com.opengamma.strata.basics.date.GlobalHolidayCalendarsTest" time="0"/>
  <testcase name="test_easter" classname="com.opengamma.strata.basics.date.GlobalHolidayCalendarsTest" time="0"/>
  <testcase name="test_easter" classname="com.opengamma.strata.basics.date.GlobalHolidayCalendarsTest" time="0"/>
  <testcase name="test_easter" classname="com.opengamma.strata.basics.date.GlobalHolidayCalendarsTest" time="0"/>
  <testcase name="test_easter" classname="com.opengamma.strata.basics.date.GlobalHolidayCalendarsTest" time="0"/>
  <testcase name="test_easter" classname="com.opengamma.strata.basics.date.GlobalHolidayCalendarsTest" time="0"/>
  <testcase name="test_easter" classname="com.opengamma.strata.basics.date.GlobalHolidayCalendarsTest" time="0"/>
  <testcase name="test_easter" classname="com.opengamma.strata.basics.date.GlobalHolidayCalendarsTest" time="0"/>
  <testcase name="test_easter" classname="com.opengamma.strata.basics.date.GlobalHolidayCalendarsTest" time="0"/>
  <testcase name="test_easter" classname="com.opengamma.strata.basics.date.GlobalHolidayCalendarsTest" time="0"/>
  <testcase name="test_easter" classname="com.opengamma.strata.basics.date.GlobalHolidayCalendarsTest" time="0"/>
  <testcase name="test_easter" classname="com.opengamma.strata.basics.date.GlobalHolidayCalendarsTest" time="0"/>
  <testcase name="test_easter" classname="com.opengamma.strata.basics.date.GlobalHolidayCalendarsTest" time="0"/>
  <testcase name="test_easter" classname="com.opengamma.strata.basics.date.GlobalHolidayCalendarsTest" time="0"/>
  <testcase name="test_easter" classname="com.opengamma.strata.basics.date.GlobalHolidayCalendarsTest" time="0"/>
  <testcase name="test_easter" classname="com.opengamma.strata.basics.date.GlobalHolidayCalendarsTest" time="0"/>
  <testcase name="test_easter" classname="com.opengamma.strata.basics.date.GlobalHolidayCalendarsTest" time="0"/>
  <testcase name="test_easter" classname="com.opengamma.strata.basics.date.GlobalHolidayCalendarsTest" time="0"/>
  <testcase name="test_easter" classname="com.opengamma.strata.basics.date.GlobalHolidayCalendarsTest" time="0"/>
  <testcase name="test_easter" classname="com.opengamma.strata.basics.date.GlobalHolidayCalendarsTest" time="0"/>
  <testcase name="test_easter" classname="com.opengamma.strata.basics.date.GlobalHolidayCalendarsTest" time="0"/>
  <testcase name="test_easter" classname="com.opengamma.strata.basics.date.GlobalHolidayCalendarsTest" time="0"/>
  <testcase name="test_easter" classname="com.opengamma.strata.basics.date.GlobalHolidayCalendarsTest" time="0.001"/>
  <testcase name="test_easter" classname="com.opengamma.strata.basics.date.GlobalHolidayCalendarsTest" time="0"/>
  <testcase name="test_easter" classname="com.opengamma.strata.basics.date.GlobalHolidayCalendarsTest" time="0.001"/>
  <testcase name="test_easter" classname="com.opengamma.strata.basics.date.GlobalHolidayCalendarsTest" time="0"/>
  <testcase name="test_easter" classname="com.opengamma.strata.basics.date.GlobalHolidayCalendarsTest" time="0"/>
  <testcase name="test_easter" classname="com.opengamma.strata.basics.date.GlobalHolidayCalendarsTest" time="0"/>
  <testcase name="test_easter" classname="com.opengamma.strata.basics.date.GlobalHolidayCalendarsTest" time="0.001"/>
  <testcase name="test_easter" classname="com.opengamma.strata.basics.date.GlobalHolidayCalendarsTest" time="0"/>
  <testcase name="test_easter" classname="com.opengamma.strata.basics.date.GlobalHolidayCalendarsTest" time="0"/>
  <testcase name="test_easter" classname="com.opengamma.strata.basics.date.GlobalHolidayCalendarsTest" time="0"/>
  <testcase name="test_easter" classname="com.opengamma.strata.basics.date.GlobalHolidayCalendarsTest" time="0"/>
  <testcase name="test_easter" classname="com.opengamma.strata.basics.date.GlobalHolidayCalendarsTest" time="0.001"/>
  <testcase name="test_easter" classname="com.opengamma.strata.basics.date.GlobalHolidayCalendarsTest" time="0"/>
  <testcase name="test_easter" classname="com.opengamma.strata.basics.date.GlobalHolidayCalendarsTest" time="0"/>
  <testcase name="test_easter" classname="com.opengamma.strata.basics.date.GlobalHolidayCalendarsTest" time="0"/>
  <testcase name="test_easter" classname="com.opengamma.strata.basics.date.GlobalHolidayCalendarsTest" time="0"/>
  <testcase name="test_easter" classname="com.opengamma.strata.basics.date.GlobalHolidayCalendarsTest" time="0"/>
  <testcase name="test_easter" classname="com.opengamma.strata.basics.date.GlobalHolidayCalendarsTest" time="0"/>
  <testcase name="test_easter" classname="com.opengamma.strata.basics.date.GlobalHolidayCalendarsTest" time="0.001"/>
  <testcase name="test_easter" classname="com.opengamma.strata.basics.date.GlobalHolidayCalendarsTest" time="0"/>
  <testcase name="test_easter" classname="com.opengamma.strata.basics.date.GlobalHolidayCalendarsTest" time="0"/>
  <testcase name="test_easter" classname="com.opengamma.strata.basics.date.GlobalHolidayCalendarsTest" time="0"/>
  <testcase name="test_easter" classname="com.opengamma.strata.basics.date.GlobalHolidayCalendarsTest" time="0"/>
  <testcase name="test_easter" classname="com.opengamma.strata.basics.date.GlobalHolidayCalendarsTest" time="0"/>
  <testcase name="test_easter" classname="com.opengamma.strata.basics.date.GlobalHolidayCalendarsTest" time="0"/>
  <testcase name="test_easter" classname="com.opengamma.strata.basics.date.GlobalHolidayCalendarsTest" time="0"/>
  <testcase name="test_easter" classname="com.opengamma.strata.basics.date.GlobalHolidayCalendarsTest" time="0"/>
  <testcase name="test_easter" classname="com.opengamma.strata.basics.date.GlobalHolidayCalendarsTest" time="0"/>
  <testcase name="test_easter" classname="com.opengamma.strata.basics.date.GlobalHolidayCalendarsTest" time="0.001"/>
  <testcase name="test_easter" classname="com.opengamma.strata.basics.date.GlobalHolidayCalendarsTest" time="0"/>
  <testcase name="test_easter" classname="com.opengamma.strata.basics.date.GlobalHolidayCalendarsTest" time="0"/>
  <testcase name="test_easter" classname="com.opengamma.strata.basics.date.GlobalHolidayCalendarsTest" time="0"/>
  <testcase name="test_easter" classname="com.opengamma.strata.basics.date.GlobalHolidayCalendarsTest" time="0"/>
  <testcase name="test_easter" classname="com.opengamma.strata.basics.date.GlobalHolidayCalendarsTest" time="0.001"/>
  <testcase name="test_easter" classname="com.opengamma.strata.basics.date.GlobalHolidayCalendarsTest" time="0"/>
  <testcase name="test_easter" classname="com.opengamma.strata.basics.date.GlobalHolidayCalendarsTest" time="0"/>
  <testcase name="test_easter" classname="com.opengamma.strata.basics.date.GlobalHolidayCalendarsTest" time="0"/>
  <testcase name="test_easter" classname="com.opengamma.strata.basics.date.GlobalHolidayCalendarsTest" time="0"/>
  <testcase name="test_easter" classname="com.opengamma.strata.basics.date.GlobalHolidayCalendarsTest" time="0.001"/>
  <testcase name="test_easter" classname="com.opengamma.strata.basics.date.GlobalHolidayCalendarsTest" time="0"/>
  <testcase name="test_easter" classname="com.opengamma.strata.basics.date.GlobalHolidayCalendarsTest" time="0"/>
  <testcase name="test_easter" classname="com.opengamma.strata.basics.date.GlobalHolidayCalendarsTest" time="0"/>
  <testcase name="test_easter" classname="com.opengamma.strata.basics.date.GlobalHolidayCalendarsTest" time="0"/>
  <testcase name="test_easter" classname="com.opengamma.strata.basics.date.GlobalHolidayCalendarsTest" time="0"/>
  <testcase name="test_easter" classname="com.opengamma.strata.basics.date.GlobalHolidayCalendarsTest" time="0"/>
  <testcase name="test_easter" classname="com.opengamma.strata.basics.date.GlobalHolidayCalendarsTest" time="0.001"/>
  <testcase name="test_easter" classname="com.opengamma.strata.basics.date.GlobalHolidayCalendarsTest" time="0"/>
  <testcase name="test_easter" classname="com.opengamma.strata.basics.date.GlobalHolidayCalendarsTest" time="0"/>
  <testcase name="test_easter" classname="com.opengamma.strata.basics.date.GlobalHolidayCalendarsTest" time="0"/>
  <testcase name="test_easter" classname="com.opengamma.strata.basics.date.GlobalHolidayCalendarsTest" time="0"/>
  <testcase name="test_easter" classname="com.opengamma.strata.basics.date.GlobalHolidayCalendarsTest" time="0"/>
  <testcase name="test_easter" classname="com.opengamma.strata.basics.date.GlobalHolidayCalendarsTest" time="0"/>
  <testcase name="test_easter" classname="com.opengamma.strata.basics.date.GlobalHolidayCalendarsTest" time="0.001"/>
  <testcase name="test_easter" classname="com.opengamma.strata.basics.date.GlobalHolidayCalendarsTest" time="0"/>
  <testcase name="test_easter" classname="com.opengamma.strata.basics.date.GlobalHolidayCalendarsTest" time="0"/>
  <testcase name="test_easter" classname="com.opengamma.strata.basics.date.GlobalHolidayCalendarsTest" time="0"/>
  <testcase name="test_easter" classname="com.opengamma.strata.basics.date.GlobalHolidayCalendarsTest" time="0"/>
  <testcase name="test_easter" classname="com.opengamma.strata.basics.date.GlobalHolidayCalendarsTest" time="0"/>
  <testcase name="test_easter" classname="com.opengamma.strata.basics.date.GlobalHolidayCalendarsTest" time="0"/>
  <testcase name="test_easter" classname="com.opengamma.strata.basics.date.GlobalHolidayCalendarsTest" time="0"/>
  <testcase name="test_easter" classname="com.opengamma.strata.basics.date.GlobalHolidayCalendarsTest" time="0"/>
  <testcase name="test_easter" classname="com.opengamma.strata.basics.date.GlobalHolidayCalendarsTest" time="0"/>
  <testcase name="test_easter" classname="com.opengamma.strata.basics.date.GlobalHolidayCalendarsTest" time="0"/>
  <testcase name="test_easter" classname="com.opengamma.strata.basics.date.GlobalHolidayCalendarsTest" time="0"/>
  <testcase name="test_easter" classname="com.opengamma.strata.basics.date.GlobalHolidayCalendarsTest" time="0"/>
  <testcase name="test_easter" classname="com.opengamma.strata.basics.date.GlobalHolidayCalendarsTest" time="0"/>
  <testcase name="test_easter" classname="com.opengamma.strata.basics.date.GlobalHolidayCalendarsTest" time="0"/>
  <testcase name="test_easter" classname="com.opengamma.strata.basics.date.GlobalHolidayCalendarsTest" time="0"/>
  <testcase name="test_easter" classname="com.opengamma.strata.basics.date.GlobalHolidayCalendarsTest" time="0.001"/>
  <testcase name="test_easter" classname="com.opengamma.strata.basics.date.GlobalHolidayCalendarsTest" time="0"/>
  <testcase name="test_easter" classname="com.opengamma.strata.basics.date.GlobalHolidayCalendarsTest" time="0.001"/>
  <testcase name="test_easter" classname="com.opengamma.strata.basics.date.GlobalHolidayCalendarsTest" time="0"/>
  <testcase name="test_easter" classname="com.opengamma.strata.basics.date.GlobalHolidayCalendarsTest" time="0"/>
  <testcase name="test_easter" classname="com.opengamma.strata.basics.date.GlobalHolidayCalendarsTest" time="0"/>
  <testcase name="test_easter" classname="com.opengamma.strata.basics.date.GlobalHolidayCalendarsTest" time="0"/>
  <testcase name="test_easter" classname="com.opengamma.strata.basics.date.GlobalHolidayCalendarsTest" time="0"/>
  <testcase name="test_easter" classname="com.opengamma.strata.basics.date.GlobalHolidayCalendarsTest" time="0"/>
  <testcase name="test_easter" classname="com.opengamma.strata.basics.date.GlobalHolidayCalendarsTest" time="0"/>
  <testcase name="test_ofDecimalPlaces_invalid" classname="com.opengamma.strata.basics.value.HalfUpRoundingTest" time="0"/>
  <testcase name="test_ofFractionalDecimalPlaces" classname="com.opengamma.strata.basics.value.HalfUpRoundingTest" time="0"/>
  <testcase name="test_ofFractionalDecimalPlaces_invalid" classname="com.opengamma.strata.basics.value.HalfUpRoundingTest" time="0.001"/>
  <testcase name="test_of_Currency" classname="com.opengamma.strata.basics.value.HalfUpRoundingTest" time="0"/>
  <testcase name="test_serialization" classname="com.opengamma.strata.basics.value.HalfUpRoundingTest" time="0.002"/>
  <testcase name="coverage" classname="com.opengamma.strata.basics.date.HolidayCalendarIdTest" time="0"/>
  <testcase name="testImmutableReferenceDataWithMergedHolidays" classname="com.opengamma.strata.basics.date.HolidayCalendarIdTest" time="0"/>
  <testcase name="test_combinedWith" classname="com.opengamma.strata.basics.date.HolidayCalendarIdTest" time="0"/>
  <testcase name="test_combinedWithSelf" classname="com.opengamma.strata.basics.date.HolidayCalendarIdTest" time="0"/>
  <testcase name="test_defaultByCurrency" classname="com.opengamma.strata.basics.date.HolidayCalendarIdTest" time="0"/>
  <testcase name="test_equalsHashCode" classname="com.opengamma.strata.basics.date.HolidayCalendarIdTest" time="0"/>
  <testcase name="test_of_combined" classname="com.opengamma.strata.basics.date.HolidayCalendarIdTest" time="0"/>
  <testcase name="test_relativeYearFraction_defaultMethod" classname="com.opengamma.strata.basics.date.DayCountTest" time="0"/>
  <testcase name="test_of_combined_NoHolidays" classname="com.opengamma.strata.basics.date.HolidayCalendarIdTest" time="0"/>
  <testcase name="test_of_single" classname="com.opengamma.strata.basics.date.HolidayCalendarIdTest" time="0"/>
  <testcase name="test_resolve_combined_direct" classname="com.opengamma.strata.basics.date.HolidayCalendarIdTest" time="0"/>
  <testcase name="test_relativeYearFraction_reverse" classname="com.opengamma.strata.basics.date.DayCountTest" time="0"/>
  <testcase name="test_relativeYearFraction_reverse" classname="com.opengamma.strata.basics.date.DayCountTest" time="0.001"/>
  <testcase name="test_relativeYearFraction_reverse" classname="com.opengamma.strata.basics.date.DayCountTest" time="0"/>
  <testcase name="test_relativeYearFraction_reverse" classname="com.opengamma.strata.basics.date.DayCountTest" time="0"/>
  <testcase name="test_relativeYearFraction_reverse" classname="com.opengamma.strata.basics.date.DayCountTest" time="0"/>
  <testcase name="test_relativeYearFraction_reverse" classname="com.opengamma.strata.basics.date.DayCountTest" time="0"/>
  <testcase name="test_relativeYearFraction_reverse" classname="com.opengamma.strata.basics.date.DayCountTest" time="0"/>
  <testcase name="test_relativeYearFraction_reverse" classname="com.opengamma.strata.basics.date.DayCountTest" time="0"/>
  <testcase name="test_relativeYearFraction_reverse" classname="com.opengamma.strata.basics.date.DayCountTest" time="0.001"/>
  <testcase name="test_relativeYearFraction_reverse" classname="com.opengamma.strata.basics.date.DayCountTest" time="0"/>
  <testcase name="test_relativeYearFraction_reverse" classname="com.opengamma.strata.basics.date.DayCountTest" time="0"/>
  <testcase name="test_relativeYearFraction_reverse" classname="com.opengamma.strata.basics.date.DayCountTest" time="0"/>
  <testcase name="test_relativeYearFraction_reverse" classname="com.opengamma.strata.basics.date.DayCountTest" time="0"/>
  <testcase name="test_relativeYearFraction_reverse" classname="com.opengamma.strata.basics.date.DayCountTest" time="0"/>
  <testcase name="test_relativeYearFraction_reverse" classname="com.opengamma.strata.basics.date.DayCountTest" time="0.001"/>
  <testcase name="test_relativeYearFraction_reverse" classname="com.opengamma.strata.basics.date.DayCountTest" time="0.001"/>
  <testcase name="test_relativeYearFraction_reverse" classname="com.opengamma.strata.basics.date.DayCountTest" time="0"/>
  <testcase name="test_relativeYearFraction_reverse" classname="com.opengamma.strata.basics.date.DayCountTest" time="0"/>
  <testcase name="test_relativeYearFraction_reverse" classname="com.opengamma.strata.basics.date.DayCountTest" time="0"/>
  <testcase name="test_relativeYearFraction_reverse" classname="com.opengamma.strata.basics.date.DayCountTest" time="0"/>
  <testcase name="test_relativeYearFraction_reverse" classname="com.opengamma.strata.basics.date.DayCountTest" time="0"/>
  <testcase name="test_relativeYearFraction_reverse" classname="com.opengamma.strata.basics.date.DayCountTest" time="0"/>
  <testcase name="test_relativeYearFraction_reverse" classname="com.opengamma.strata.basics.date.DayCountTest" time="0.001"/>
  <testcase name="test_relativeYearFraction_reverse" classname="com.opengamma.strata.basics.date.DayCountTest" time="0"/>
  <testcase name="test_relativeYearFraction_reverse" classname="com.opengamma.strata.basics.date.DayCountTest" time="0"/>
  <testcase name="test_relativeYearFraction_reverse" classname="com.opengamma.strata.basics.date.DayCountTest" time="0"/>
  <testcase name="test_relativeYearFraction_reverse" classname="com.opengamma.strata.basics.date.DayCountTest" time="0"/>
  <testcase name="test_relativeYearFraction_reverse" classname="com.opengamma.strata.basics.date.DayCountTest" time="0"/>
  <testcase name="test_relativeYearFraction_reverse" classname="com.opengamma.strata.basics.date.DayCountTest" time="0"/>
  <testcase name="test_relativeYearFraction_reverse" classname="com.opengamma.strata.basics.date.DayCountTest" time="0"/>
  <testcase name="test_relativeYearFraction_reverse" classname="com.opengamma.strata.basics.date.DayCountTest" time="0"/>
  <testcase name="test_relativeYearFraction_reverse" classname="com.opengamma.strata.basics.date.DayCountTest" time="0"/>
  <testcase name="test_relativeYearFraction_reverse" classname="com.opengamma.strata.basics.date.DayCountTest" time="0.001"/>
  <testcase name="test_relativeYearFraction_reverse" classname="com.opengamma.strata.basics.date.DayCountTest" time="0"/>
  <testcase name="test_relativeYearFraction_reverse" classname="com.opengamma.strata.basics.date.DayCountTest" time="0"/>
  <testcase name="test_relativeYearFraction_reverse" classname="com.opengamma.strata.basics.date.DayCountTest" time="0"/>
  <testcase name="test_relativeYearFraction_reverse" classname="com.opengamma.strata.basics.date.DayCountTest" time="0"/>
  <testcase name="test_relativeYearFraction_reverse" classname="com.opengamma.strata.basics.date.DayCountTest" time="0"/>
  <testcase name="test_relativeYearFraction_reverse" classname="com.opengamma.strata.basics.date.DayCountTest" time="0"/>
  <testcase name="test_relativeYearFraction_reverse" classname="com.opengamma.strata.basics.date.DayCountTest" time="0.001"/>
  <testcase name="test_relativeYearFraction_reverse" classname="com.opengamma.strata.basics.date.DayCountTest" time="0"/>
  <testcase name="test_relativeYearFraction_reverse" classname="com.opengamma.strata.basics.date.DayCountTest" time="0"/>
  <testcase name="test_relativeYearFraction_reverse" classname="com.opengamma.strata.basics.date.DayCountTest" time="0"/>
  <testcase name="test_relativeYearFraction_reverse" classname="com.opengamma.strata.basics.date.DayCountTest" time="0"/>
  <testcase name="test_relativeYearFraction_reverse" classname="com.opengamma.strata.basics.date.DayCountTest" time="0"/>
  <testcase name="test_relativeYearFraction_reverse" classname="com.opengamma.strata.basics.date.DayCountTest" time="0"/>
  <testcase name="test_relativeYearFraction_reverse" classname="com.opengamma.strata.basics.date.DayCountTest" time="0"/>
  <testcase name="test_relativeYearFraction_reverse" classname="com.opengamma.strata.basics.date.DayCountTest" time="0"/>
  <testcase name="test_relativeYearFraction_reverse" classname="com.opengamma.strata.basics.date.DayCountTest" time="0"/>
  <testcase name="test_relativeYearFraction_reverse" classname="com.opengamma.strata.basics.date.DayCountTest" time="0.001"/>
  <testcase name="test_relativeYearFraction_reverse" classname="com.opengamma.strata.basics.date.DayCountTest" time="0"/>
  <testcase name="test_relativeYearFraction_reverse" classname="com.opengamma.strata.basics.date.DayCountTest" time="0.001"/>
  <testcase name="test_relativeYearFraction_reverse" classname="com.opengamma.strata.basics.date.DayCountTest" time="0"/>
  <testcase name="test_relativeYearFraction_reverse" classname="com.opengamma.strata.basics.date.DayCountTest" time="0"/>
  <testcase name="test_relativeYearFraction_reverse" classname="com.opengamma.strata.basics.date.DayCountTest" time="0"/>
  <testcase name="test_relativeYearFraction_reverse" classname="com.opengamma.strata.basics.date.DayCountTest" time="0.001"/>
  <testcase name="test_relativeYearFraction_reverse" classname="com.opengamma.strata.basics.date.DayCountTest" time="0"/>
  <testcase name="test_relativeYearFraction_reverse" classname="com.opengamma.strata.basics.date.DayCountTest" time="0.001"/>
  <testcase name="test_relativeYearFraction_reverse" classname="com.opengamma.strata.basics.date.DayCountTest" time="0"/>
  <testcase name="test_relativeYearFraction_reverse" classname="com.opengamma.strata.basics.date.DayCountTest" time="0.001"/>
  <testcase name="test_relativeYearFraction_reverse" classname="com.opengamma.strata.basics.date.DayCountTest" time="0"/>
  <testcase name="test_relativeYearFraction_reverse" classname="com.opengamma.strata.basics.date.DayCountTest" time="0.001"/>
  <testcase name="test_relativeYearFraction_reverse" classname="com.opengamma.strata.basics.date.DayCountTest" time="0"/>
  <testcase name="test_relativeYearFraction_reverse" classname="com.opengamma.strata.basics.date.DayCountTest" time="0.001"/>
  <testcase name="test_relativeYearFraction_reverse" classname="com.opengamma.strata.basics.date.DayCountTest" time="0"/>
  <testcase name="test_relativeYearFraction_reverse" classname="com.opengamma.strata.basics.date.DayCountTest" time="0"/>
  <testcase name="test_relativeYearFraction_reverse" classname="com.opengamma.strata.basics.date.DayCountTest" time="0"/>
  <testcase name="test_relativeYearFraction_reverse" classname="com.opengamma.strata.basics.date.DayCountTest" time="0"/>
  <testcase name="test_relativeYearFraction_reverse" classname="com.opengamma.strata.basics.date.DayCountTest" time="0"/>
  <testcase name="test_relativeYearFraction_reverse" classname="com.opengamma.strata.basics.date.DayCountTest" time="0"/>
  <testcase name="test_relativeYearFraction_reverse" classname="com.opengamma.strata.basics.date.DayCountTest" time="0"/>
  <testcase name="test_relativeYearFraction_reverse" classname="com.opengamma.strata.basics.date.DayCountTest" time="0"/>
  <testcase name="test_relativeYearFraction_reverse" classname="com.opengamma.strata.basics.date.DayCountTest" time="0"/>
  <testcase name="test_relativeYearFraction_reverse" classname="com.opengamma.strata.basics.date.DayCountTest" time="0"/>
  <testcase name="test_relativeYearFraction_reverse" classname="com.opengamma.strata.basics.date.DayCountTest" time="0"/>
  <testcase name="test_relativeYearFraction_reverse" classname="com.opengamma.strata.basics.date.DayCountTest" time="0"/>
  <testcase name="test_relativeYearFraction_reverse" classname="com.opengamma.strata.basics.date.DayCountTest" time="0"/>
  <testcase name="test_relativeYearFraction_reverse" classname="com.opengamma.strata.basics.date.DayCountTest" time="0"/>
  <testcase name="test_relativeYearFraction_reverse" classname="com.opengamma.strata.basics.date.DayCountTest" time="0"/>
  <testcase name="test_relativeYearFraction_reverse" classname="com.opengamma.strata.basics.date.DayCountTest" time="0.001"/>
  <testcase name="test_relativeYearFraction_reverse" classname="com.opengamma.strata.basics.date.DayCountTest" time="0"/>
  <testcase name="test_relativeYearFraction_reverse" classname="com.opengamma.strata.basics.date.DayCountTest" time="0.001"/>
  <testcase name="test_relativeYearFraction_reverse" classname="com.opengamma.strata.basics.date.DayCountTest" time="0"/>
  <testcase name="test_relativeYearFraction_reverse" classname="com.opengamma.strata.basics.date.DayCountTest" time="0.001"/>
  <testcase name="test_relativeYearFraction_reverse" classname="com.opengamma.strata.basics.date.DayCountTest" time="0"/>
  <testcase name="test_relativeYearFraction_reverse" classname="com.opengamma.strata.basics.date.DayCountTest" time="0.001"/>
  <testcase name="test_relativeYearFraction_reverse" classname="com.opengamma.strata.basics.date.DayCountTest" time="0"/>
  <testcase name="test_relativeYearFraction_reverse" classname="com.opengamma.strata.basics.date.DayCountTest" time="0"/>
  <testcase name="test_relativeYearFraction_reverse" classname="com.opengamma.strata.basics.date.DayCountTest" time="0"/>
  <testcase name="test_relativeYearFraction_reverse" classname="com.opengamma.strata.basics.date.DayCountTest" time="0"/>
  <testcase name="test_relativeYearFraction_reverse" classname="com.opengamma.strata.basics.date.DayCountTest" time="0"/>
  <testcase name="test_relativeYearFraction_reverse" classname="com.opengamma.strata.basics.date.DayCountTest" time="0"/>
  <testcase name="test_relativeYearFraction_reverse" classname="com.opengamma.strata.basics.date.DayCountTest" time="0"/>
  <testcase name="test_relativeYearFraction_reverse" classname="com.opengamma.strata.basics.date.DayCountTest" time="0.001"/>
  <testcase name="test_relativeYearFraction_reverse" classname="com.opengamma.strata.basics.date.DayCountTest" time="0"/>
  <testcase name="test_relativeYearFraction_reverse" classname="com.opengamma.strata.basics.date.DayCountTest" time="0"/>
  <testcase name="test_relativeYearFraction_reverse" classname="com.opengamma.strata.basics.date.DayCountTest" time="0"/>
  <testcase name="test_relativeYearFraction_reverse" classname="com.opengamma.strata.basics.date.DayCountTest" time="0"/>
  <testcase name="test_relativeYearFraction_reverse" classname="com.opengamma.strata.basics.date.DayCountTest" time="0"/>
  <testcase name="test_relativeYearFraction_reverse" classname="com.opengamma.strata.basics.date.DayCountTest" time="0"/>
  <testcase name="test_relativeYearFraction_reverse" classname="com.opengamma.strata.basics.date.DayCountTest" time="0"/>
  <testcase name="test_relativeYearFraction_reverse" classname="com.opengamma.strata.basics.date.DayCountTest" time="0"/>
  <testcase name="test_relativeYearFraction_reverse" classname="com.opengamma.strata.basics.date.DayCountTest" time="0"/>
  <testcase name="test_relativeYearFraction_reverse" classname="com.opengamma.strata.basics.date.DayCountTest" time="0"/>
  <testcase name="test_relativeYearFraction_reverse" classname="com.opengamma.strata.basics.date.DayCountTest" time="0"/>
  <testcase name="test_relativeYearFraction_reverse" classname="com.opengamma.strata.basics.date.DayCountTest" time="0"/>
  <testcase name="test_relativeYearFraction_reverse" classname="com.opengamma.strata.basics.date.DayCountTest" time="0"/>
  <testcase name="test_relativeYearFraction_reverse" classname="com.opengamma.strata.basics.date.DayCountTest" time="0"/>
  <testcase name="test_relativeYearFraction_reverse" classname="com.opengamma.strata.basics.date.DayCountTest" time="0"/>
  <testcase name="test_relativeYearFraction_reverse" classname="com.opengamma.strata.basics.date.DayCountTest" time="0.001"/>
  <testcase name="test_relativeYearFraction_reverse" classname="com.opengamma.strata.basics.date.DayCountTest" time="0"/>
  <testcase name="test_relativeYearFraction_reverse" classname="com.opengamma.strata.basics.date.DayCountTest" time="0.001"/>
  <testcase name="test_relativeYearFraction_reverse" classname="com.opengamma.strata.basics.date.DayCountTest" time="0"/>
  <testcase name="test_relativeYearFraction_reverse" classname="com.opengamma.strata.basics.date.DayCountTest" time="0"/>
  <testcase name="test_relativeYearFraction_reverse" classname="com.opengamma.strata.basics.date.DayCountTest" time="0"/>
  <testcase name="test_relativeYearFraction_reverse" classname="com.opengamma.strata.basics.date.DayCountTest" time="0"/>
  <testcase name="test_relativeYearFraction_reverse" classname="com.opengamma.strata.basics.date.DayCountTest" time="0"/>
  <testcase name="test_relativeYearFraction_reverse" classname="com.opengamma.strata.basics.date.DayCountTest" time="0"/>
  <testcase name="test_relativeYearFraction_reverse" classname="com.opengamma.strata.basics.date.DayCountTest" time="0.001"/>
  <testcase name="test_relativeYearFraction_reverse" classname="com.opengamma.strata.basics.date.DayCountTest" time="0"/>
  <testcase name="test_relativeYearFraction_reverse" classname="com.opengamma.strata.basics.date.DayCountTest" time="0"/>
  <testcase name="test_relativeYearFraction_reverse" classname="com.opengamma.strata.basics.date.DayCountTest" time="0"/>
  <testcase name="test_relativeYearFraction_reverse" classname="com.opengamma.strata.basics.date.DayCountTest" time="0.001"/>
  <testcase name="test_relativeYearFraction_reverse" classname="com.opengamma.strata.basics.date.DayCountTest" time="0"/>
  <testcase name="test_relativeYearFraction_reverse" classname="com.opengamma.strata.basics.date.DayCountTest" time="0.001"/>
  <testcase name="test_relativeYearFraction_reverse" classname="com.opengamma.strata.basics.date.DayCountTest" time="0"/>
  <testcase name="test_relativeYearFraction_reverse" classname="com.opengamma.strata.basics.date.DayCountTest" time="0"/>
  <testcase name="test_relativeYearFraction_reverse" classname="com.opengamma.strata.basics.date.DayCountTest" time="0"/>
  <testcase name="test_relativeYearFraction_reverse" classname="com.opengamma.strata.basics.date.DayCountTest" time="0"/>
  <testcase name="test_relativeYearFraction_reverse" classname="com.opengamma.strata.basics.date.DayCountTest" time="0"/>
  <testcase name="test_relativeYearFraction_reverse" classname="com.opengamma.strata.basics.date.DayCountTest" time="0"/>
  <testcase name="test_relativeYearFraction_reverse" classname="com.opengamma.strata.basics.date.DayCountTest" time="0"/>
  <testcase name="test_relativeYearFraction_reverse" classname="com.opengamma.strata.basics.date.DayCountTest" time="0"/>
  <testcase name="test_relativeYearFraction_reverse" classname="com.opengamma.strata.basics.date.DayCountTest" time="0"/>
  <testcase name="test_relativeYearFraction_reverse" classname="com.opengamma.strata.basics.date.DayCountTest" time="0"/>
  <testcase name="test_relativeYearFraction_reverse" classname="com.opengamma.strata.basics.date.DayCountTest" time="0"/>
  <testcase name="test_relativeYearFraction_reverse" classname="com.opengamma.strata.basics.date.DayCountTest" time="0"/>
  <testcase name="test_relativeYearFraction_reverse" classname="com.opengamma.strata.basics.date.DayCountTest" time="0"/>
  <testcase name="test_relativeYearFraction_reverse" classname="com.opengamma.strata.basics.date.DayCountTest" time="0"/>
  <testcase name="test_relativeYearFraction_reverse" classname="com.opengamma.strata.basics.date.DayCountTest" time="0"/>
  <testcase name="test_relativeYearFraction_reverse" classname="com.opengamma.strata.basics.date.DayCountTest" time="0"/>
  <testcase name="test_relativeYearFraction_reverse" classname="com.opengamma.strata.basics.date.DayCountTest" time="0"/>
  <testcase name="test_relativeYearFraction_reverse" classname="com.opengamma.strata.basics.date.DayCountTest" time="0"/>
  <testcase name="test_relativeYearFraction_reverse" classname="com.opengamma.strata.basics.date.DayCountTest" time="0"/>
  <testcase name="test_relativeYearFraction_reverse" classname="com.opengamma.strata.basics.date.DayCountTest" time="0"/>
  <testcase name="test_relativeYearFraction_reverse" classname="com.opengamma.strata.basics.date.DayCountTest" time="0"/>
  <testcase name="test_relativeYearFraction_reverse" classname="com.opengamma.strata.basics.date.DayCountTest" time="0"/>
  <testcase name="test_relativeYearFraction_reverse" classname="com.opengamma.strata.basics.date.DayCountTest" time="0"/>
  <testcase name="test_relativeYearFraction_reverse" classname="com.opengamma.strata.basics.date.DayCountTest" time="0"/>
  <testcase name="test_relativeYearFraction_reverse" classname="com.opengamma.strata.basics.date.DayCountTest" time="0"/>
  <testcase name="test_relativeYearFraction_reverse" classname="com.opengamma.strata.basics.date.DayCountTest" time="0"/>
  <testcase name="test_relativeYearFraction_reverse" classname="com.opengamma.strata.basics.date.DayCountTest" time="0"/>
  <testcase name="test_relativeYearFraction_reverse" classname="com.opengamma.strata.basics.date.DayCountTest" time="0"/>
  <testcase name="test_relativeYearFraction_reverse" classname="com.opengamma.strata.basics.date.DayCountTest" time="0"/>
  <testcase name="test_relativeYearFraction_reverse" classname="com.opengamma.strata.basics.date.DayCountTest" time="0"/>
  <testcase name="test_relativeYearFraction_reverse" classname="com.opengamma.strata.basics.date.DayCountTest" time="0"/>
  <testcase name="test_relativeYearFraction_reverse" classname="com.opengamma.strata.basics.date.DayCountTest" time="0"/>
  <testcase name="test_relativeYearFraction_reverse" classname="com.opengamma.strata.basics.date.DayCountTest" time="0"/>
  <testcase name="test_relativeYearFraction_reverse" classname="com.opengamma.strata.basics.date.DayCountTest" time="0"/>
  <testcase name="test_relativeYearFraction_reverse" classname="com.opengamma.strata.basics.date.DayCountTest" time="0.001"/>
  <testcase name="test_relativeYearFraction_reverse" classname="com.opengamma.strata.basics.date.DayCountTest" time="0"/>
  <testcase name="test_relativeYearFraction_reverse" classname="com.opengamma.strata.basics.date.DayCountTest" time="0"/>
  <testcase name="test_relativeYearFraction_reverse" classname="com.opengamma.strata.basics.date.DayCountTest" time="0"/>
  <testcase name="test_relativeYearFraction_reverse" classname="com.opengamma.strata.basics.date.DayCountTest" time="0"/>
  <testcase name="test_relativeYearFraction_reverse" classname="com.opengamma.strata.basics.date.DayCountTest" time="0"/>
  <testcase name="test_relativeYearFraction_reverse" classname="com.opengamma.strata.basics.date.DayCountTest" time="0"/>
  <testcase name="test_relativeYearFraction_reverse" classname="com.opengamma.strata.basics.date.DayCountTest" time="0"/>
  <testcase name="test_relativeYearFraction_reverse" classname="com.opengamma.strata.basics.date.DayCountTest" time="0"/>
  <testcase name="test_relativeYearFraction_reverse" classname="com.opengamma.strata.basics.date.DayCountTest" time="0"/>
  <testcase name="test_relativeYearFraction_reverse" classname="com.opengamma.strata.basics.date.DayCountTest" time="0"/>
  <testcase name="test_relativeYearFraction_reverse" classname="com.opengamma.strata.basics.date.DayCountTest" time="0"/>
  <testcase name="test_relativeYearFraction_reverse" classname="com.opengamma.strata.basics.date.DayCountTest" time="0"/>
  <testcase name="test_resolve_combined_indirect" classname="com.opengamma.strata.basics.date.HolidayCalendarIdTest" time="0"/>
  <testcase name="test_resolve_single" classname="com.opengamma.strata.basics.date.HolidayCalendarIdTest" time="0"/>
  <testcase name="test_serialization" classname="com.opengamma.strata.basics.date.HolidayCalendarIdTest" time="0"/>
  <testcase name="testSerializeDeserialize" classname="com.opengamma.strata.basics.currency.FxMatrixTest" time="0"/>
  <testcase name="updatingRateIsNotSymmetric" classname="com.opengamma.strata.basics.currency.FxMatrixTest" time="0"/>
  <testcase name="test_defaultByCurrency_invalid" classname="com.opengamma.strata.basics.date.HolidayCalendarIniLookupTest" time="0"/>
  <testcase name="coverage" classname="com.opengamma.strata.basics.date.HolidayCalendarTest" time="0.001"/>
  <testcase name="test_defaultByCurrency_valid" classname="com.opengamma.strata.basics.date.HolidayCalendarIniLookupTest" time="0"/>
  <testcase name="coverage_combined" classname="com.opengamma.strata.basics.date.HolidayCalendarTest" time="0"/>
  <testcase name="test_invalid1_invalidDayOfWeek" classname="com.opengamma.strata.basics.date.HolidayCalendarIniLookupTest" time="0"/>
  <testcase name="test_euta" classname="com.opengamma.strata.basics.date.GlobalHolidayCalendarsTest" time="0"/>
  <testcase name="test_euta" classname="com.opengamma.strata.basics.date.GlobalHolidayCalendarsTest" time="0"/>
  <testcase name="test_euta" classname="com.opengamma.strata.basics.date.GlobalHolidayCalendarsTest" time="0"/>
  <testcase name="test_euta" classname="com.opengamma.strata.basics.date.GlobalHolidayCalendarsTest" time="0"/>
  <testcase name="test_euta" classname="com.opengamma.strata.basics.date.GlobalHolidayCalendarsTest" time="0"/>
  <testcase name="test_euta" classname="com.opengamma.strata.basics.date.GlobalHolidayCalendarsTest" time="0"/>
  <testcase name="test_euta" classname="com.opengamma.strata.basics.date.GlobalHolidayCalendarsTest" time="0"/>
  <testcase name="test_euta" classname="com.opengamma.strata.basics.date.GlobalHolidayCalendarsTest" time="0"/>
  <testcase name="test_euta" classname="com.opengamma.strata.basics.date.GlobalHolidayCalendarsTest" time="0"/>
  <testcase name="coverage_noHolidays" classname="com.opengamma.strata.basics.date.HolidayCalendarTest" time="0"/>
  <testcase name="test_frpa" classname="com.opengamma.strata.basics.date.GlobalHolidayCalendarsTest" time="0"/>
  <testcase name="test_frpa" classname="com.opengamma.strata.basics.date.GlobalHolidayCalendarsTest" time="0"/>
  <testcase name="test_frpa" classname="com.opengamma.strata.basics.date.GlobalHolidayCalendarsTest" time="0.002"/>
  <testcase name="test_frpa" classname="com.opengamma.strata.basics.date.GlobalHolidayCalendarsTest" time="0"/>
  <testcase name="test_frpa" classname="com.opengamma.strata.basics.date.GlobalHolidayCalendarsTest" time="0"/>
  <testcase name="test_frpa" classname="com.opengamma.strata.basics.date.GlobalHolidayCalendarsTest" time="0"/>
  <testcase name="test_frpa" classname="com.opengamma.strata.basics.date.GlobalHolidayCalendarsTest" time="0"/>
  <testcase name="test_frpa" classname="com.opengamma.strata.basics.date.GlobalHolidayCalendarsTest" time="0"/>
  <testcase name="test_frpa" classname="com.opengamma.strata.basics.date.GlobalHolidayCalendarsTest" time="0"/>
  <testcase name="test_frpa" classname="com.opengamma.strata.basics.date.GlobalHolidayCalendarsTest" time="0"/>
  <testcase name="test_frpa" classname="com.opengamma.strata.basics.date.GlobalHolidayCalendarsTest" time="0.001"/>
  <testcase name="coverage_weekend" classname="com.opengamma.strata.basics.date.HolidayCalendarTest" time="0"/>
  <testcase name="test_FRI_SAT" classname="com.opengamma.strata.basics.date.HolidayCalendarTest" time="0"/>
  <testcase name="test_FRI_SAT_daysBetween_LocalDateLocalDate" classname="com.opengamma.strata.basics.date.HolidayCalendarTest" time="0"/>
  <testcase name="test_invalid1_invalidYear" classname="com.opengamma.strata.basics.date.HolidayCalendarIniLookupTest" time="0"/>
  <testcase name="test_same" classname="com.opengamma.strata.basics.date.DayCountTest" time="0"/>
  <testcase name="test_same" classname="com.opengamma.strata.basics.date.DayCountTest" time="0"/>
  <testcase name="test_same" classname="com.opengamma.strata.basics.date.DayCountTest" time="0"/>
  <testcase name="test_same" classname="com.opengamma.strata.basics.date.DayCountTest" time="0.002"/>
  <testcase name="test_same" classname="com.opengamma.strata.basics.date.DayCountTest" time="0"/>
  <testcase name="test_same" classname="com.opengamma.strata.basics.date.DayCountTest" time="0"/>
  <testcase name="test_same" classname="com.opengamma.strata.basics.date.DayCountTest" time="0"/>
  <testcase name="test_same" classname="com.opengamma.strata.basics.date.DayCountTest" time="0.001"/>
  <testcase name="test_same" classname="com.opengamma.strata.basics.date.DayCountTest" time="0"/>
  <testcase name="test_same" classname="com.opengamma.strata.basics.date.DayCountTest" time="0"/>
  <testcase name="test_same" classname="com.opengamma.strata.basics.date.DayCountTest" time="0"/>
  <testcase name="test_same" classname="com.opengamma.strata.basics.date.DayCountTest" time="0"/>
  <testcase name="test_same" classname="com.opengamma.strata.basics.date.DayCountTest" time="0.001"/>
  <testcase name="test_same" classname="com.opengamma.strata.basics.date.DayCountTest" time="0"/>
  <testcase name="test_same" classname="com.opengamma.strata.basics.date.DayCountTest" time="0"/>
  <testcase name="test_same" classname="com.opengamma.strata.basics.date.DayCountTest" time="0.001"/>
  <testcase name="test_same" classname="com.opengamma.strata.basics.date.DayCountTest" time="0"/>
  <testcase name="test_same" classname="com.opengamma.strata.basics.date.DayCountTest" time="0"/>
  <testcase name="test_same" classname="com.opengamma.strata.basics.date.DayCountTest" time="0"/>
  <testcase name="test_FRI_SAT_next" classname="com.opengamma.strata.basics.date.HolidayCalendarTest" time="0"/>
  <testcase name="test_FRI_SAT_of" classname="com.opengamma.strata.basics.date.HolidayCalendarTest" time="0"/>
  <testcase name="test_FRI_SAT_previous" classname="com.opengamma.strata.basics.date.HolidayCalendarTest" time="0"/>
  <testcase name="test_FRI_SAT_shift" classname="com.opengamma.strata.basics.date.HolidayCalendarTest" time="0"/>
  <testcase name="test_valid1" classname="com.opengamma.strata.basics.date.HolidayCalendarIniLookupTest" time="0"/>
  <testcase name="test_NO_HOLIDAYS" classname="com.opengamma.strata.basics.date.HolidayCalendarTest" time="0.001"/>
  <testcase name="test_gblo" classname="com.opengamma.strata.basics.date.GlobalHolidayCalendarsTest" time="0.001"/>
  <testcase name="test_gblo" classname="com.opengamma.strata.basics.date.GlobalHolidayCalendarsTest" time="0.001"/>
  <testcase name="test_gblo" classname="com.opengamma.strata.basics.date.GlobalHolidayCalendarsTest" time="0"/>
  <testcase name="test_gblo" classname="com.opengamma.strata.basics.date.GlobalHolidayCalendarsTest" time="0"/>
  <testcase name="test_gblo" classname="com.opengamma.strata.basics.date.GlobalHolidayCalendarsTest" time="0"/>
  <testcase name="test_gblo" classname="com.opengamma.strata.basics.date.GlobalHolidayCalendarsTest" time="0.001"/>
  <testcase name="test_gblo" classname="com.opengamma.strata.basics.date.GlobalHolidayCalendarsTest" time="0"/>
  <testcase name="test_gblo" classname="com.opengamma.strata.basics.date.GlobalHolidayCalendarsTest" time="0"/>
  <testcase name="test_gblo" classname="com.opengamma.strata.basics.date.GlobalHolidayCalendarsTest" time="0"/>
  <testcase name="test_gblo" classname="com.opengamma.strata.basics.date.GlobalHolidayCalendarsTest" time="0.001"/>
  <testcase name="test_gblo" classname="com.opengamma.strata.basics.date.GlobalHolidayCalendarsTest" time="0"/>
  <testcase name="test_gblo" classname="com.opengamma.strata.basics.date.GlobalHolidayCalendarsTest" time="0.001"/>
  <testcase name="test_gblo" classname="com.opengamma.strata.basics.date.GlobalHolidayCalendarsTest" time="0"/>
  <testcase name="test_gblo" classname="com.opengamma.strata.basics.date.GlobalHolidayCalendarsTest" time="0.001"/>
  <testcase name="test_scheduleInfo" classname="com.opengamma.strata.basics.date.DayCountTest" time="0"/>
  <testcase name="test_NO_HOLIDAYS_combineWith" classname="com.opengamma.strata.basics.date.HolidayCalendarTest" time="0"/>
  <testcase name="test_serialization" classname="com.opengamma.strata.basics.date.DayCountTest" time="0"/>
  <testcase name="test_NO_HOLIDAYS_daysBetween_LocalDateLocalDate" classname="com.opengamma.strata.basics.date.HolidayCalendarTest" time="0"/>
  <testcase name="test_toString" classname="com.opengamma.strata.basics.date.DayCountTest" time="0"/>
  <testcase name="test_toString" classname="com.opengamma.strata.basics.date.DayCountTest" time="0"/>
  <testcase name="test_toString" classname="com.opengamma.strata.basics.date.DayCountTest" time="0"/>
  <testcase name="test_toString" classname="com.opengamma.strata.basics.date.DayCountTest" time="0"/>
  <testcase name="test_toString" classname="com.opengamma.strata.basics.date.DayCountTest" time="0"/>
  <testcase name="test_toString" classname="com.opengamma.strata.basics.date.DayCountTest" time="0"/>
  <testcase name="test_toString" classname="com.opengamma.strata.basics.date.DayCountTest" time="0.002"/>
  <testcase name="test_toString" classname="com.opengamma.strata.basics.date.DayCountTest" time="0"/>
  <testcase name="test_toString" classname="com.opengamma.strata.basics.date.DayCountTest" time="0.002"/>
  <testcase name="test_toString" classname="com.opengamma.strata.basics.date.DayCountTest" time="0"/>
  <testcase name="test_toString" classname="com.opengamma.strata.basics.date.DayCountTest" time="0"/>
  <testcase name="test_toString" classname="com.opengamma.strata.basics.date.DayCountTest" time="0"/>
  <testcase name="test_toString" classname="com.opengamma.strata.basics.date.DayCountTest" time="0"/>
  <testcase name="test_toString" classname="com.opengamma.strata.basics.date.DayCountTest" time="0"/>
  <testcase name="test_toString" classname="com.opengamma.strata.basics.date.DayCountTest" time="0"/>
  <testcase name="test_toString" classname="com.opengamma.strata.basics.date.DayCountTest" time="0"/>
  <testcase name="test_toString" classname="com.opengamma.strata.basics.date.DayCountTest" time="0"/>
  <testcase name="test_toString" classname="com.opengamma.strata.basics.date.DayCountTest" time="0"/>
  <testcase name="test_toString" classname="com.opengamma.strata.basics.date.DayCountTest" time="0"/>
  <testcase name="test_NO_HOLIDAYS_next" classname="com.opengamma.strata.basics.date.HolidayCalendarTest" time="0.001"/>
  <testcase name="test_NO_HOLIDAYS_nextOrSame" classname="com.opengamma.strata.basics.date.HolidayCalendarTest" time="0"/>
  <testcase name="test_NO_HOLIDAYS_nextSameOrLastInMonth" classname="com.opengamma.strata.basics.date.HolidayCalendarTest" time="0"/>
  <testcase name="test_NO_HOLIDAYS_of" classname="com.opengamma.strata.basics.date.HolidayCalendarTest" time="0"/>
  <testcase name="test_NO_HOLIDAYS_previous" classname="com.opengamma.strata.basics.date.HolidayCalendarTest" time="0"/>
  <testcase name="test_NO_HOLIDAYS_previousOrSame" classname="com.opengamma.strata.basics.date.HolidayCalendarTest" time="0.002"/>
  <testcase name="test_valid1equals2" classname="com.opengamma.strata.basics.date.HolidayCalendarIniLookupTest" time="0.001"/>
  <testcase name="test_wholeYear" classname="com.opengamma.strata.basics.date.DayCountTest" time="0"/>
  <testcase name="test_wholeYear" classname="com.opengamma.strata.basics.date.DayCountTest" time="0"/>
  <testcase name="test_wholeYear" classname="com.opengamma.strata.basics.date.DayCountTest" time="0"/>
  <testcase name="test_wholeYear" classname="com.opengamma.strata.basics.date.DayCountTest" time="0"/>
  <testcase name="test_wholeYear" classname="com.opengamma.strata.basics.date.DayCountTest" time="0"/>
  <testcase name="test_wholeYear" classname="com.opengamma.strata.basics.date.DayCountTest" time="0"/>
  <testcase name="test_wholeYear" classname="com.opengamma.strata.basics.date.DayCountTest" time="0.001"/>
  <testcase name="test_wholeYear" classname="com.opengamma.strata.basics.date.DayCountTest" time="0"/>
  <testcase name="test_wholeYear" classname="com.opengamma.strata.basics.date.DayCountTest" time="0"/>
  <testcase name="test_wholeYear" classname="com.opengamma.strata.basics.date.DayCountTest" time="0"/>
  <testcase name="test_wholeYear" classname="com.opengamma.strata.basics.date.DayCountTest" time="0"/>
  <testcase name="test_wholeYear" classname="com.opengamma.strata.basics.date.DayCountTest" time="0"/>
  <testcase name="test_wholeYear" classname="com.opengamma.strata.basics.date.DayCountTest" time="0"/>
  <testcase name="test_wholeYear" classname="com.opengamma.strata.basics.date.DayCountTest" time="0"/>
  <testcase name="test_wholeYear" classname="com.opengamma.strata.basics.date.DayCountTest" time="0"/>
  <testcase name="test_wholeYear" classname="com.opengamma.strata.basics.date.DayCountTest" time="0.001"/>
  <testcase name="test_wholeYear" classname="com.opengamma.strata.basics.date.DayCountTest" time="0.001"/>
  <testcase name="test_wholeYear" classname="com.opengamma.strata.basics.date.DayCountTest" time="0"/>
  <testcase name="test_wholeYear" classname="com.opengamma.strata.basics.date.DayCountTest" time="0"/>
  <testcase name="test_NO_HOLIDAYS_shift" classname="com.opengamma.strata.basics.date.HolidayCalendarTest" time="0"/>
  <testcase name="test_hubu" classname="com.opengamma.strata.basics.date.GlobalHolidayCalendarsTest" time="0"/>
  <testcase name="test_hubu" classname="com.opengamma.strata.basics.date.GlobalHolidayCalendarsTest" time="0.001"/>
  <testcase name="test_hubu" classname="com.opengamma.strata.basics.date.GlobalHolidayCalendarsTest" time="0.001"/>
  <testcase name="test_hubu" classname="com.opengamma.strata.basics.date.GlobalHolidayCalendarsTest" time="0"/>
  <testcase name="test_hubu" classname="com.opengamma.strata.basics.date.GlobalHolidayCalendarsTest" time="0"/>
  <testcase name="test_valid2" classname="com.opengamma.strata.basics.date.HolidayCalendarIniLookupTest" time="0"/>
  <testcase name="test_SAT_SUN" classname="com.opengamma.strata.basics.date.HolidayCalendarTest" time="0"/>
  <testcase name="test_SAT_SUN_daysBetween_LocalDateLocalDate" classname="com.opengamma.strata.basics.date.HolidayCalendarTest" time="0"/>
  <testcase name="test_SAT_SUN_next" classname="com.opengamma.strata.basics.date.HolidayCalendarTest" time="0"/>
  <testcase name="test_SAT_SUN_of" classname="com.opengamma.strata.basics.date.HolidayCalendarTest" time="0"/>
  <testcase name="test_SAT_SUN_previous" classname="com.opengamma.strata.basics.date.HolidayCalendarTest" time="0.001"/>
  <testcase name="test_wrongOrder" classname="com.opengamma.strata.basics.date.DayCountTest" time="0.001"/>
  <testcase name="test_wrongOrder" classname="com.opengamma.strata.basics.date.DayCountTest" time="0"/>
  <testcase name="test_wrongOrder" classname="com.opengamma.strata.basics.date.DayCountTest" time="0"/>
  <testcase name="test_wrongOrder" classname="com.opengamma.strata.basics.date.DayCountTest" time="0"/>
  <testcase name="test_wrongOrder" classname="com.opengamma.strata.basics.date.DayCountTest" time="0"/>
  <testcase name="test_wrongOrder" classname="com.opengamma.strata.basics.date.DayCountTest" time="0.001"/>
  <testcase name="test_wrongOrder" classname="com.opengamma.strata.basics.date.DayCountTest" time="0"/>
  <testcase name="test_wrongOrder" classname="com.opengamma.strata.basics.date.DayCountTest" time="0.001"/>
  <testcase name="test_wrongOrder" classname="com.opengamma.strata.basics.date.DayCountTest" time="0"/>
  <testcase name="test_wrongOrder" classname="com.opengamma.strata.basics.date.DayCountTest" time="0"/>
  <testcase name="test_wrongOrder" classname="com.opengamma.strata.basics.date.DayCountTest" time="0"/>
  <testcase name="test_wrongOrder" classname="com.opengamma.strata.basics.date.DayCountTest" time="0"/>
  <testcase name="test_wrongOrder" classname="com.opengamma.strata.basics.date.DayCountTest" time="0"/>
  <testcase name="test_wrongOrder" classname="com.opengamma.strata.basics.date.DayCountTest" time="0"/>
  <testcase name="test_wrongOrder" classname="com.opengamma.strata.basics.date.DayCountTest" time="0"/>
  <testcase name="test_wrongOrder" classname="com.opengamma.strata.basics.date.DayCountTest" time="0.001"/>
  <testcase name="test_wrongOrder" classname="com.opengamma.strata.basics.date.DayCountTest" time="0"/>
  <testcase name="test_wrongOrder" classname="com.opengamma.strata.basics.date.DayCountTest" time="0"/>
  <testcase name="test_wrongOrder" classname="com.opengamma.strata.basics.date.DayCountTest" time="0.001"/>
  <testcase name="test_yearFraction" classname="com.opengamma.strata.basics.date.DayCountTest" time="0"/>
  <testcase name="test_yearFraction" classname="com.opengamma.strata.basics.date.DayCountTest" time="0"/>
  <testcase name="test_yearFraction" classname="com.opengamma.strata.basics.date.DayCountTest" time="0"/>
  <testcase name="test_yearFraction" classname="com.opengamma.strata.basics.date.DayCountTest" time="0"/>
  <testcase name="test_yearFraction" classname="com.opengamma.strata.basics.date.DayCountTest" time="0"/>
  <testcase name="test_yearFraction" classname="com.opengamma.strata.basics.date.DayCountTest" time="0"/>
  <testcase name="test_yearFraction" classname="com.opengamma.strata.basics.date.DayCountTest" time="0"/>
  <testcase name="test_yearFraction" classname="com.opengamma.strata.basics.date.DayCountTest" time="0"/>
  <testcase name="test_yearFraction" classname="com.opengamma.strata.basics.date.DayCountTest" time="0.001"/>
  <testcase name="test_yearFraction" classname="com.opengamma.strata.basics.date.DayCountTest" time="0"/>
  <testcase name="test_yearFraction" classname="com.opengamma.strata.basics.date.DayCountTest" time="0.001"/>
  <testcase name="test_yearFraction" classname="com.opengamma.strata.basics.date.DayCountTest" time="0"/>
  <testcase name="test_yearFraction" classname="com.opengamma.strata.basics.date.DayCountTest" time="0.001"/>
  <testcase name="test_yearFraction" classname="com.opengamma.strata.basics.date.DayCountTest" time="0"/>
  <testcase name="test_yearFraction" classname="com.opengamma.strata.basics.date.DayCountTest" time="0"/>
  <testcase name="test_yearFraction" classname="com.opengamma.strata.basics.date.DayCountTest" time="0.001"/>
  <testcase name="test_yearFraction" classname="com.opengamma.strata.basics.date.DayCountTest" time="0"/>
  <testcase name="test_yearFraction" classname="com.opengamma.strata.basics.date.DayCountTest" time="0"/>
  <testcase name="test_yearFraction" classname="com.opengamma.strata.basics.date.DayCountTest" time="0"/>
  <testcase name="test_yearFraction" classname="com.opengamma.strata.basics.date.DayCountTest" time="0"/>
  <testcase name="test_yearFraction" classname="com.opengamma.strata.basics.date.DayCountTest" time="0"/>
  <testcase name="test_yearFraction" classname="com.opengamma.strata.basics.date.DayCountTest" time="0"/>
  <testcase name="test_yearFraction" classname="com.opengamma.strata.basics.date.DayCountTest" time="0"/>
  <testcase name="test_yearFraction" classname="com.opengamma.strata.basics.date.DayCountTest" time="0"/>
  <testcase name="test_yearFraction" classname="com.opengamma.strata.basics.date.DayCountTest" time="0"/>
  <testcase name="test_yearFraction" classname="com.opengamma.strata.basics.date.DayCountTest" time="0"/>
  <testcase name="test_yearFraction" classname="com.opengamma.strata.basics.date.DayCountTest" time="0"/>
  <testcase name="test_yearFraction" classname="com.opengamma.strata.basics.date.DayCountTest" time="0"/>
  <testcase name="test_yearFraction" classname="com.opengamma.strata.basics.date.DayCountTest" time="0"/>
  <testcase name="test_yearFraction" classname="com.opengamma.strata.basics.date.DayCountTest" time="0"/>
  <testcase name="test_yearFraction" classname="com.opengamma.strata.basics.date.DayCountTest" time="0"/>
  <testcase name="test_yearFraction" classname="com.opengamma.strata.basics.date.DayCountTest" time="0"/>
  <testcase name="test_yearFraction" classname="com.opengamma.strata.basics.date.DayCountTest" time="0"/>
  <testcase name="test_yearFraction" classname="com.opengamma.strata.basics.date.DayCountTest" time="0"/>
  <testcase name="test_yearFraction" classname="com.opengamma.strata.basics.date.DayCountTest" time="0"/>
  <testcase name="test_yearFraction" classname="com.opengamma.strata.basics.date.DayCountTest" time="0"/>
  <testcase name="test_yearFraction" classname="com.opengamma.strata.basics.date.DayCountTest" time="0.001"/>
  <testcase name="test_yearFraction" classname="com.opengamma.strata.basics.date.DayCountTest" time="0"/>
  <testcase name="test_yearFraction" classname="com.opengamma.strata.basics.date.DayCountTest" time="0"/>
  <testcase name="test_yearFraction" classname="com.opengamma.strata.basics.date.DayCountTest" time="0"/>
  <testcase name="test_yearFraction" classname="com.opengamma.strata.basics.date.DayCountTest" time="0"/>
  <testcase name="test_yearFraction" classname="com.opengamma.strata.basics.date.DayCountTest" time="0"/>
  <testcase name="test_yearFraction" classname="com.opengamma.strata.basics.date.DayCountTest" time="0"/>
  <testcase name="test_yearFraction" classname="com.opengamma.strata.basics.date.DayCountTest" time="0"/>
  <testcase name="test_yearFraction" classname="com.opengamma.strata.basics.date.DayCountTest" time="0.001"/>
  <testcase name="test_yearFraction" classname="com.opengamma.strata.basics.date.DayCountTest" time="0"/>
  <testcase name="test_yearFraction" classname="com.opengamma.strata.basics.date.DayCountTest" time="0"/>
  <testcase name="test_yearFraction" classname="com.opengamma.strata.basics.date.DayCountTest" time="0"/>
  <testcase name="test_yearFraction" classname="com.opengamma.strata.basics.date.DayCountTest" time="0.001"/>
  <testcase name="test_yearFraction" classname="com.opengamma.strata.basics.date.DayCountTest" time="0"/>
  <testcase name="test_yearFraction" classname="com.opengamma.strata.basics.date.DayCountTest" time="0"/>
  <testcase name="test_yearFraction" classname="com.opengamma.strata.basics.date.DayCountTest" time="0"/>
  <testcase name="test_yearFraction" classname="com.opengamma.strata.basics.date.DayCountTest" time="0"/>
  <testcase name="test_yearFraction" classname="com.opengamma.strata.basics.date.DayCountTest" time="0"/>
  <testcase name="test_yearFraction" classname="com.opengamma.strata.basics.date.DayCountTest" time="0"/>
  <testcase name="test_yearFraction" classname="com.opengamma.strata.basics.date.DayCountTest" time="0"/>
  <testcase name="test_yearFraction" classname="com.opengamma.strata.basics.date.DayCountTest" time="0"/>
  <testcase name="test_yearFraction" classname="com.opengamma.strata.basics.date.DayCountTest" time="0"/>
  <testcase name="test_yearFraction" classname="com.opengamma.strata.basics.date.DayCountTest" time="0"/>
  <testcase name="test_yearFraction" classname="com.opengamma.strata.basics.date.DayCountTest" time="0"/>
  <testcase name="test_yearFraction" classname="com.opengamma.strata.basics.date.DayCountTest" time="0"/>
  <testcase name="test_yearFraction" classname="com.opengamma.strata.basics.date.DayCountTest" time="0"/>
  <testcase name="test_yearFraction" classname="com.opengamma.strata.basics.date.DayCountTest" time="0"/>
  <testcase name="test_yearFraction" classname="com.opengamma.strata.basics.date.DayCountTest" time="0"/>
  <testcase name="test_yearFraction" classname="com.opengamma.strata.basics.date.DayCountTest" time="0.001"/>
  <testcase name="test_yearFraction" classname="com.opengamma.strata.basics.date.DayCountTest" time="0"/>
  <testcase name="test_yearFraction" classname="com.opengamma.strata.basics.date.DayCountTest" time="0"/>
  <testcase name="test_yearFraction" classname="com.opengamma.strata.basics.date.DayCountTest" time="0"/>
  <testcase name="test_yearFraction" classname="com.opengamma.strata.basics.date.DayCountTest" time="0"/>
  <testcase name="test_yearFraction" classname="com.opengamma.strata.basics.date.DayCountTest" time="0"/>
  <testcase name="test_yearFraction" classname="com.opengamma.strata.basics.date.DayCountTest" time="0"/>
  <testcase name="test_yearFraction" classname="com.opengamma.strata.basics.date.DayCountTest" time="0"/>
  <testcase name="test_yearFraction" classname="com.opengamma.strata.basics.date.DayCountTest" time="0"/>
  <testcase name="test_yearFraction" classname="com.opengamma.strata.basics.date.DayCountTest" time="0"/>
  <testcase name="test_yearFraction" classname="com.opengamma.strata.basics.date.DayCountTest" time="0"/>
  <testcase name="test_yearFraction" classname="com.opengamma.strata.basics.date.DayCountTest" time="0"/>
  <testcase name="test_yearFraction" classname="com.opengamma.strata.basics.date.DayCountTest" time="0"/>
  <testcase name="test_yearFraction" classname="com.opengamma.strata.basics.date.DayCountTest" time="0"/>
  <testcase name="test_yearFraction" classname="com.opengamma.strata.basics.date.DayCountTest" time="0"/>
  <testcase name="test_yearFraction" classname="com.opengamma.strata.basics.date.DayCountTest" time="0"/>
  <testcase name="test_yearFraction" classname="com.opengamma.strata.basics.date.DayCountTest" time="0"/>
  <testcase name="test_yearFraction" classname="com.opengamma.strata.basics.date.DayCountTest" time="0"/>
  <testcase name="test_yearFraction" classname="com.opengamma.strata.basics.date.DayCountTest" time="0"/>
  <testcase name="test_yearFraction" classname="com.opengamma.strata.basics.date.DayCountTest" time="0"/>
  <testcase name="test_yearFraction" classname="com.opengamma.strata.basics.date.DayCountTest" time="0"/>
  <testcase name="test_yearFraction" classname="com.opengamma.strata.basics.date.DayCountTest" time="0"/>
  <testcase name="test_yearFraction" classname="com.opengamma.strata.basics.date.DayCountTest" time="0"/>
  <testcase name="test_yearFraction" classname="com.opengamma.strata.basics.date.DayCountTest" time="0"/>
  <testcase name="test_yearFraction" classname="com.opengamma.strata.basics.date.DayCountTest" time="0"/>
  <testcase name="test_yearFraction" classname="com.opengamma.strata.basics.date.DayCountTest" time="0"/>
  <testcase name="test_yearFraction" classname="com.opengamma.strata.basics.date.DayCountTest" time="0"/>
  <testcase name="test_yearFraction" classname="com.opengamma.strata.basics.date.DayCountTest" time="0"/>
  <testcase name="test_yearFraction" classname="com.opengamma.strata.basics.date.DayCountTest" time="0"/>
  <testcase name="test_yearFraction" classname="com.opengamma.strata.basics.date.DayCountTest" time="0"/>
  <testcase name="test_yearFraction" classname="com.opengamma.strata.basics.date.DayCountTest" time="0"/>
  <testcase name="test_yearFraction" classname="com.opengamma.strata.basics.date.DayCountTest" time="0"/>
  <testcase name="test_yearFraction" classname="com.opengamma.strata.basics.date.DayCountTest" time="0"/>
  <testcase name="test_yearFraction" classname="com.opengamma.strata.basics.date.DayCountTest" time="0"/>
  <testcase name="test_yearFraction" classname="com.opengamma.strata.basics.date.DayCountTest" time="0.001"/>
  <testcase name="test_yearFraction" classname="com.opengamma.strata.basics.date.DayCountTest" time="0"/>
  <testcase name="test_yearFraction" classname="com.opengamma.strata.basics.date.DayCountTest" time="0"/>
  <testcase name="test_yearFraction" classname="com.opengamma.strata.basics.date.DayCountTest" time="0"/>
  <testcase name="test_yearFraction" classname="com.opengamma.strata.basics.date.DayCountTest" time="0"/>
  <testcase name="test_yearFraction" classname="com.opengamma.strata.basics.date.DayCountTest" time="0"/>
  <testcase name="test_yearFraction" classname="com.opengamma.strata.basics.date.DayCountTest" time="0"/>
  <testcase name="test_yearFraction" classname="com.opengamma.strata.basics.date.DayCountTest" time="0"/>
  <testcase name="test_yearFraction" classname="com.opengamma.strata.basics.date.DayCountTest" time="0"/>
  <testcase name="test_yearFraction" classname="com.opengamma.strata.basics.date.DayCountTest" time="0"/>
  <testcase name="test_yearFraction" classname="com.opengamma.strata.basics.date.DayCountTest" time="0"/>
  <testcase name="test_yearFraction" classname="com.opengamma.strata.basics.date.DayCountTest" time="0"/>
  <testcase name="test_yearFraction" classname="com.opengamma.strata.basics.date.DayCountTest" time="0"/>
  <testcase name="test_yearFraction" classname="com.opengamma.strata.basics.date.DayCountTest" time="0"/>
  <testcase name="test_yearFraction" classname="com.opengamma.strata.basics.date.DayCountTest" time="0"/>
  <testcase name="test_yearFraction" classname="com.opengamma.strata.basics.date.DayCountTest" time="0"/>
  <testcase name="test_yearFraction" classname="com.opengamma.strata.basics.date.DayCountTest" time="0"/>
  <testcase name="test_yearFraction" classname="com.opengamma.strata.basics.date.DayCountTest" time="0"/>
  <testcase name="test_yearFraction" classname="com.opengamma.strata.basics.date.DayCountTest" time="0"/>
  <testcase name="test_yearFraction" classname="com.opengamma.strata.basics.date.DayCountTest" time="0.001"/>
  <testcase name="test_yearFraction" classname="com.opengamma.strata.basics.date.DayCountTest" time="0"/>
  <testcase name="test_yearFraction" classname="com.opengamma.strata.basics.date.DayCountTest" time="0"/>
  <testcase name="test_yearFraction" classname="com.opengamma.strata.basics.date.DayCountTest" time="0"/>
  <testcase name="test_yearFraction" classname="com.opengamma.strata.basics.date.DayCountTest" time="0"/>
  <testcase name="test_yearFraction" classname="com.opengamma.strata.basics.date.DayCountTest" time="0"/>
  <testcase name="test_yearFraction" classname="com.opengamma.strata.basics.date.DayCountTest" time="0"/>
  <testcase name="test_yearFraction" classname="com.opengamma.strata.basics.date.DayCountTest" time="0"/>
  <testcase name="test_yearFraction" classname="com.opengamma.strata.basics.date.DayCountTest" time="0"/>
  <testcase name="test_yearFraction" classname="com.opengamma.strata.basics.date.DayCountTest" time="0"/>
  <testcase name="test_yearFraction" classname="com.opengamma.strata.basics.date.DayCountTest" time="0"/>
  <testcase name="test_yearFraction" classname="com.opengamma.strata.basics.date.DayCountTest" time="0"/>
  <testcase name="test_yearFraction" classname="com.opengamma.strata.basics.date.DayCountTest" time="0"/>
  <testcase name="test_yearFraction" classname="com.opengamma.strata.basics.date.DayCountTest" time="0"/>
  <testcase name="test_yearFraction" classname="com.opengamma.strata.basics.date.DayCountTest" time="0"/>
  <testcase name="test_yearFraction" classname="com.opengamma.strata.basics.date.DayCountTest" time="0"/>
  <testcase name="test_yearFraction" classname="com.opengamma.strata.basics.date.DayCountTest" time="0"/>
  <testcase name="test_yearFraction" classname="com.opengamma.strata.basics.date.DayCountTest" time="0"/>
  <testcase name="test_yearFraction" classname="com.opengamma.strata.basics.date.DayCountTest" time="0"/>
  <testcase name="test_yearFraction" classname="com.opengamma.strata.basics.date.DayCountTest" time="0"/>
  <testcase name="test_yearFraction" classname="com.opengamma.strata.basics.date.DayCountTest" time="0"/>
  <testcase name="test_yearFraction" classname="com.opengamma.strata.basics.date.DayCountTest" time="0"/>
  <testcase name="test_yearFraction" classname="com.opengamma.strata.basics.date.DayCountTest" time="0"/>
  <testcase name="test_yearFraction" classname="com.opengamma.strata.basics.date.DayCountTest" time="0"/>
  <testcase name="test_yearFraction" classname="com.opengamma.strata.basics.date.DayCountTest" time="0"/>
  <testcase name="test_yearFraction" classname="com.opengamma.strata.basics.date.DayCountTest" time="0"/>
  <testcase name="test_yearFraction" classname="com.opengamma.strata.basics.date.DayCountTest" time="0"/>
  <testcase name="test_yearFraction" classname="com.opengamma.strata.basics.date.DayCountTest" time="0"/>
  <testcase name="test_yearFraction" classname="com.opengamma.strata.basics.date.DayCountTest" time="0.001"/>
  <testcase name="test_yearFraction" classname="com.opengamma.strata.basics.date.DayCountTest" time="0"/>
  <testcase name="test_yearFraction" classname="com.opengamma.strata.basics.date.DayCountTest" time="0"/>
  <testcase name="test_yearFraction" classname="com.opengamma.strata.basics.date.DayCountTest" time="0"/>
  <testcase name="test_yearFraction" classname="com.opengamma.strata.basics.date.DayCountTest" time="0"/>
  <testcase name="test_yearFraction" classname="com.opengamma.strata.basics.date.DayCountTest" time="0"/>
  <testcase name="test_yearFraction" classname="com.opengamma.strata.basics.date.DayCountTest" time="0"/>
  <testcase name="test_yearFraction" classname="com.opengamma.strata.basics.date.DayCountTest" time="0"/>
  <testcase name="test_yearFraction" classname="com.opengamma.strata.basics.date.DayCountTest" time="0"/>
  <testcase name="test_yearFraction" classname="com.opengamma.strata.basics.date.DayCountTest" time="0.001"/>
  <testcase name="test_yearFraction" classname="com.opengamma.strata.basics.date.DayCountTest" time="0"/>
  <testcase name="test_yearFraction" classname="com.opengamma.strata.basics.date.DayCountTest" time="0"/>
  <testcase name="test_yearFraction" classname="com.opengamma.strata.basics.date.DayCountTest" time="0"/>
  <testcase name="test_yearFraction" classname="com.opengamma.strata.basics.date.DayCountTest" time="0"/>
  <testcase name="test_yearFraction" classname="com.opengamma.strata.basics.date.DayCountTest" time="0"/>
  <testcase name="test_yearFraction" classname="com.opengamma.strata.basics.date.DayCountTest" time="0"/>
  <testcase name="test_yearFraction" classname="com.opengamma.strata.basics.date.DayCountTest" time="0"/>
  <testcase name="test_yearFraction" classname="com.opengamma.strata.basics.date.DayCountTest" time="0"/>
  <testcase name="test_yearFraction" classname="com.opengamma.strata.basics.date.DayCountTest" time="0"/>
  <testcase name="test_yearFraction" classname="com.opengamma.strata.basics.date.DayCountTest" time="0"/>
  <testcase name="test_yearFraction" classname="com.opengamma.strata.basics.date.DayCountTest" time="0"/>
  <testcase name="test_yearFraction" classname="com.opengamma.strata.basics.date.DayCountTest" time="0"/>
  <testcase name="test_yearFraction" classname="com.opengamma.strata.basics.date.DayCountTest" time="0"/>
  <testcase name="test_yearFraction" classname="com.opengamma.strata.basics.date.DayCountTest" time="0"/>
  <testcase name="test_yearFraction" classname="com.opengamma.strata.basics.date.DayCountTest" time="0"/>
  <testcase name="test_yearFraction" classname="com.opengamma.strata.basics.date.DayCountTest" time="0"/>
  <testcase name="test_yearFraction" classname="com.opengamma.strata.basics.date.DayCountTest" time="0"/>
  <testcase name="coverage" classname="com.opengamma.strata.basics.index.IborIndexObservationTest" time="0"/>
  <testcase name="test_SAT_SUN_shift" classname="com.opengamma.strata.basics.date.HolidayCalendarTest" time="0"/>
  <testcase name="test_of" classname="com.opengamma.strata.basics.index.IborIndexObservationTest" time="0"/>
  <testcase name="test_jpto" classname="com.opengamma.strata.basics.date.GlobalHolidayCalendarsTest" time="0"/>
  <testcase name="test_jpto" classname="com.opengamma.strata.basics.date.GlobalHolidayCalendarsTest" time="0"/>
  <testcase name="test_jpto" classname="com.opengamma.strata.basics.date.GlobalHolidayCalendarsTest" time="0"/>
  <testcase name="test_jpto" classname="com.opengamma.strata.basics.date.GlobalHolidayCalendarsTest" time="0"/>
  <testcase name="test_jpto" classname="com.opengamma.strata.basics.date.GlobalHolidayCalendarsTest" time="0"/>
  <testcase name="test_jpto" classname="com.opengamma.strata.basics.date.GlobalHolidayCalendarsTest" time="0"/>
  <testcase name="test_jpto" classname="com.opengamma.strata.basics.date.GlobalHolidayCalendarsTest" time="0"/>
  <testcase name="test_jpto" classname="com.opengamma.strata.basics.date.GlobalHolidayCalendarsTest" time="0"/>
  <testcase name="test_jpto" classname="com.opengamma.strata.basics.date.GlobalHolidayCalendarsTest" time="0"/>
  <testcase name="test_jpto" classname="com.opengamma.strata.basics.date.GlobalHolidayCalendarsTest" time="0"/>
  <testcase name="test_jpto" classname="com.opengamma.strata.basics.date.GlobalHolidayCalendarsTest" time="0.001"/>
  <testcase name="test_jpto" classname="com.opengamma.strata.basics.date.GlobalHolidayCalendarsTest" time="0"/>
  <testcase name="test_jpto" classname="com.opengamma.strata.basics.date.GlobalHolidayCalendarsTest" time="0.001"/>
  <testcase name="test_serialization" classname="com.opengamma.strata.basics.index.IborIndexObservationTest" time="0"/>
  <testcase name="test_THU_FRI" classname="com.opengamma.strata.basics.date.HolidayCalendarTest" time="0"/>
  <testcase name="test_mxmc" classname="com.opengamma.strata.basics.date.GlobalHolidayCalendarsTest" time="0"/>
  <testcase name="test_mxmc" classname="com.opengamma.strata.basics.date.GlobalHolidayCalendarsTest" time="0"/>
  <testcase name="test_mxmc" classname="com.opengamma.strata.basics.date.GlobalHolidayCalendarsTest" time="0"/>
  <testcase name="test_mxmc" classname="com.opengamma.strata.basics.date.GlobalHolidayCalendarsTest" time="0"/>
  <testcase name="test_mxmc" classname="com.opengamma.strata.basics.date.GlobalHolidayCalendarsTest" time="0"/>
  <testcase name="test_THU_FRI_daysBetween_LocalDateLocalDate" classname="com.opengamma.strata.basics.date.HolidayCalendarTest" time="0"/>
  <testcase name="test_THU_FRI_next" classname="com.opengamma.strata.basics.date.HolidayCalendarTest" time="0.005"/>
  <testcase name="test_THU_FRI_of" classname="com.opengamma.strata.basics.date.HolidayCalendarTest" time="0"/>
  <testcase name="test_THU_FRI_previous" classname="com.opengamma.strata.basics.date.HolidayCalendarTest" time="0"/>
  <testcase name="test_THU_FRI_shift" classname="com.opengamma.strata.basics.date.HolidayCalendarTest" time="0"/>
  <testcase name="test_noos" classname="com.opengamma.strata.basics.date.GlobalHolidayCalendarsTest" time="0.001"/>
  <testcase name="test_noos" classname="com.opengamma.strata.basics.date.GlobalHolidayCalendarsTest" time="0"/>
  <testcase name="test_noos" classname="com.opengamma.strata.basics.date.GlobalHolidayCalendarsTest" time="0"/>
  <testcase name="test_noos" classname="com.opengamma.strata.basics.date.GlobalHolidayCalendarsTest" time="0"/>
  <testcase name="test_noos" classname="com.opengamma.strata.basics.date.GlobalHolidayCalendarsTest" time="0"/>
  <testcase name="test_noos" classname="com.opengamma.strata.basics.date.GlobalHolidayCalendarsTest" time="0"/>
  <testcase name="test_noos" classname="com.opengamma.strata.basics.date.GlobalHolidayCalendarsTest" time="0"/>
  <testcase name="test_noos" classname="com.opengamma.strata.basics.date.GlobalHolidayCalendarsTest" time="0.001"/>
  <testcase name="test_adjustBy" classname="com.opengamma.strata.basics.date.HolidayCalendarTest" time="0"/>
  <testcase name="test_adjustBy" classname="com.opengamma.strata.basics.date.HolidayCalendarTest" time="0"/>
  <testcase name="test_adjustBy" classname="com.opengamma.strata.basics.date.HolidayCalendarTest" time="0"/>
  <testcase name="test_adjustBy" classname="com.opengamma.strata.basics.date.HolidayCalendarTest" time="0"/>
  <testcase name="test_adjustBy" classname="com.opengamma.strata.basics.date.HolidayCalendarTest" time="0"/>
  <testcase name="test_adjustBy" classname="com.opengamma.strata.basics.date.HolidayCalendarTest" time="0"/>
  <testcase name="test_adjustBy" classname="com.opengamma.strata.basics.date.HolidayCalendarTest" time="0"/>
  <testcase name="test_adjustBy" classname="com.opengamma.strata.basics.date.HolidayCalendarTest" time="0"/>
  <testcase name="test_adjustBy" classname="com.opengamma.strata.basics.date.HolidayCalendarTest" time="0"/>
  <testcase name="test_adjustBy" classname="com.opengamma.strata.basics.date.HolidayCalendarTest" time="0"/>
  <testcase name="test_adjustBy" classname="com.opengamma.strata.basics.date.HolidayCalendarTest" time="0"/>
  <testcase name="test_adjustBy" classname="com.opengamma.strata.basics.date.HolidayCalendarTest" time="0"/>
  <testcase name="test_adjustBy" classname="com.opengamma.strata.basics.date.HolidayCalendarTest" time="0"/>
  <testcase name="test_adjustBy" classname="com.opengamma.strata.basics.date.HolidayCalendarTest" time="0"/>
  <testcase name="test_adjustBy" classname="com.opengamma.strata.basics.date.HolidayCalendarTest" time="0"/>
  <testcase name="test_adjustBy" classname="com.opengamma.strata.basics.date.HolidayCalendarTest" time="0"/>
  <testcase name="test_adjustBy" classname="com.opengamma.strata.basics.date.HolidayCalendarTest" time="0"/>
  <testcase name="test_adjustBy" classname="com.opengamma.strata.basics.date.HolidayCalendarTest" time="0"/>
  <testcase name="test_adjustBy" classname="com.opengamma.strata.basics.date.HolidayCalendarTest" time="0"/>
  <testcase name="test_adjustBy" classname="com.opengamma.strata.basics.date.HolidayCalendarTest" time="0"/>
  <testcase name="test_adjustBy" classname="com.opengamma.strata.basics.date.HolidayCalendarTest" time="0"/>
  <testcase name="test_adjustBy" classname="com.opengamma.strata.basics.date.HolidayCalendarTest" time="0.002"/>
  <testcase name="test_adjustBy" classname="com.opengamma.strata.basics.date.HolidayCalendarTest" time="0"/>
  <testcase name="test_adjustBy" classname="com.opengamma.strata.basics.date.HolidayCalendarTest" time="0"/>
  <testcase name="test_adjustBy" classname="com.opengamma.strata.basics.date.HolidayCalendarTest" time="0"/>
  <testcase name="test_adjustBy" classname="com.opengamma.strata.basics.date.HolidayCalendarTest" time="0"/>
  <testcase name="test_adjustBy" classname="com.opengamma.strata.basics.date.HolidayCalendarTest" time="0"/>
  <testcase name="test_adjustBy" classname="com.opengamma.strata.basics.date.HolidayCalendarTest" time="0"/>
  <testcase name="test_adjustBy" classname="com.opengamma.strata.basics.date.HolidayCalendarTest" time="0"/>
  <testcase name="test_adjustBy" classname="com.opengamma.strata.basics.date.HolidayCalendarTest" time="0"/>
  <testcase name="test_adjustBy" classname="com.opengamma.strata.basics.date.HolidayCalendarTest" time="0"/>
  <testcase name="test_adjustBy" classname="com.opengamma.strata.basics.date.HolidayCalendarTest" time="0"/>
  <testcase name="test_adjustBy" classname="com.opengamma.strata.basics.date.HolidayCalendarTest" time="0"/>
  <testcase name="test_adjustBy" classname="com.opengamma.strata.basics.date.HolidayCalendarTest" time="0"/>
  <testcase name="test_adjustBy" classname="com.opengamma.strata.basics.date.HolidayCalendarTest" time="0"/>
  <testcase name="test_adjustBy" classname="com.opengamma.strata.basics.date.HolidayCalendarTest" time="0"/>
  <testcase name="test_adjustBy" classname="com.opengamma.strata.basics.date.HolidayCalendarTest" time="0"/>
  <testcase name="test_adjustBy" classname="com.opengamma.strata.basics.date.HolidayCalendarTest" time="0"/>
  <testcase name="test_adjustBy" classname="com.opengamma.strata.basics.date.HolidayCalendarTest" time="0"/>
  <testcase name="test_adjustBy" classname="com.opengamma.strata.basics.date.HolidayCalendarTest" time="0"/>
  <testcase name="test_adjustBy" classname="com.opengamma.strata.basics.date.HolidayCalendarTest" time="0"/>
  <testcase name="test_adjustBy" classname="com.opengamma.strata.basics.date.HolidayCalendarTest" time="0"/>
  <testcase name="test_adjustBy" classname="com.opengamma.strata.basics.date.HolidayCalendarTest" time="0"/>
  <testcase name="test_adjustBy" classname="com.opengamma.strata.basics.date.HolidayCalendarTest" time="0.001"/>
  <testcase name="test_adjustBy" classname="com.opengamma.strata.basics.date.HolidayCalendarTest" time="0"/>
  <testcase name="test_adjustBy" classname="com.opengamma.strata.basics.date.HolidayCalendarTest" time="0"/>
  <testcase name="test_adjustBy" classname="com.opengamma.strata.basics.date.HolidayCalendarTest" time="0"/>
  <testcase name="test_adjustBy" classname="com.opengamma.strata.basics.date.HolidayCalendarTest" time="0"/>
  <testcase name="test_adjustBy" classname="com.opengamma.strata.basics.date.HolidayCalendarTest" time="0"/>
  <testcase name="test_adjustBy" classname="com.opengamma.strata.basics.date.HolidayCalendarTest" time="0.001"/>
  <testcase name="test_adjustBy" classname="com.opengamma.strata.basics.date.HolidayCalendarTest" time="0"/>
  <testcase name="test_adjustBy" classname="com.opengamma.strata.basics.date.HolidayCalendarTest" time="0"/>
  <testcase name="test_adjustBy" classname="com.opengamma.strata.basics.date.HolidayCalendarTest" time="0"/>
  <testcase name="test_adjustBy" classname="com.opengamma.strata.basics.date.HolidayCalendarTest" time="0"/>
  <testcase name="test_adjustBy" classname="com.opengamma.strata.basics.date.HolidayCalendarTest" time="0.001"/>
  <testcase name="test_adjustBy" classname="com.opengamma.strata.basics.date.HolidayCalendarTest" time="0"/>
  <testcase name="test_adjustBy" classname="com.opengamma.strata.basics.date.HolidayCalendarTest" time="0"/>
  <testcase name="test_adjustBy" classname="com.opengamma.strata.basics.date.HolidayCalendarTest" time="0.001"/>
  <testcase name="test_adjustBy" classname="com.opengamma.strata.basics.date.HolidayCalendarTest" time="0"/>
  <testcase name="test_adjustBy" classname="com.opengamma.strata.basics.date.HolidayCalendarTest" time="0"/>
  <testcase name="test_nyfd" classname="com.opengamma.strata.basics.date.GlobalHolidayCalendarsTest" time="0"/>
  <testcase name="test_nyfd" classname="com.opengamma.strata.basics.date.GlobalHolidayCalendarsTest" time="0"/>
  <testcase name="test_nyfd" classname="com.opengamma.strata.basics.date.GlobalHolidayCalendarsTest" time="0"/>
  <testcase name="test_nyfd" classname="com.opengamma.strata.basics.date.GlobalHolidayCalendarsTest" time="0"/>
  <testcase name="test_nyfd" classname="com.opengamma.strata.basics.date.GlobalHolidayCalendarsTest" time="0"/>
  <testcase name="test_nyfd" classname="com.opengamma.strata.basics.date.GlobalHolidayCalendarsTest" time="0"/>
  <testcase name="test_nyfd" classname="com.opengamma.strata.basics.date.GlobalHolidayCalendarsTest" time="0"/>
  <testcase name="test_nyfd" classname="com.opengamma.strata.basics.date.GlobalHolidayCalendarsTest" time="0"/>
  <testcase name="test_nyfd" classname="com.opengamma.strata.basics.date.GlobalHolidayCalendarsTest" time="0"/>
  <testcase name="test_nyfd" classname="com.opengamma.strata.basics.date.GlobalHolidayCalendarsTest" time="0"/>
  <testcase name="test_nyfd" classname="com.opengamma.strata.basics.date.GlobalHolidayCalendarsTest" time="0"/>
  <testcase name="test_nyfd" classname="com.opengamma.strata.basics.date.GlobalHolidayCalendarsTest" time="0"/>
  <testcase name="test_nyfd" classname="com.opengamma.strata.basics.date.GlobalHolidayCalendarsTest" time="0"/>
  <testcase name="test_nyfd" classname="com.opengamma.strata.basics.date.GlobalHolidayCalendarsTest" time="0"/>
  <testcase name="test_nyfd" classname="com.opengamma.strata.basics.date.GlobalHolidayCalendarsTest" time="0"/>
  <testcase name="test_nyfd" classname="com.opengamma.strata.basics.date.GlobalHolidayCalendarsTest" time="0"/>
  <testcase name="test_nyse" classname="com.opengamma.strata.basics.date.GlobalHolidayCalendarsTest" time="0"/>
  <testcase name="test_nyse" classname="com.opengamma.strata.basics.date.GlobalHolidayCalendarsTest" time="0"/>
  <testcase name="test_nyse" classname="com.opengamma.strata.basics.date.GlobalHolidayCalendarsTest" time="0"/>
  <testcase name="test_nyse" classname="com.opengamma.strata.basics.date.GlobalHolidayCalendarsTest" time="0"/>
  <testcase name="test_nyse" classname="com.opengamma.strata.basics.date.GlobalHolidayCalendarsTest" time="0"/>
  <testcase name="test_nyse" classname="com.opengamma.strata.basics.date.GlobalHolidayCalendarsTest" time="0"/>
  <testcase name="test_nyse" classname="com.opengamma.strata.basics.date.GlobalHolidayCalendarsTest" time="0"/>
  <testcase name="test_nyse" classname="com.opengamma.strata.basics.date.GlobalHolidayCalendarsTest" time="0"/>
  <testcase name="test_combineWith_none" classname="com.opengamma.strata.basics.date.HolidayCalendarTest" time="0.001"/>
  <testcase name="test_combineWith_same" classname="com.opengamma.strata.basics.date.HolidayCalendarTest" time="0"/>
  <testcase name="test_combinedWith" classname="com.opengamma.strata.basics.date.HolidayCalendarTest" time="0"/>
  <testcase name="test_daysBetween_LocalDateLocalDate" classname="com.opengamma.strata.basics.date.HolidayCalendarTest" time="0"/>
  <testcase name="test_daysBetween_LocalDateLocalDate" classname="com.opengamma.strata.basics.date.HolidayCalendarTest" time="0"/>
  <testcase name="test_daysBetween_LocalDateLocalDate" classname="com.opengamma.strata.basics.date.HolidayCalendarTest" time="0.001"/>
  <testcase name="test_daysBetween_LocalDateLocalDate" classname="com.opengamma.strata.basics.date.HolidayCalendarTest" time="0"/>
  <testcase name="test_daysBetween_LocalDateLocalDate" classname="com.opengamma.strata.basics.date.HolidayCalendarTest" time="0"/>
  <testcase name="test_daysBetween_LocalDateLocalDate" classname="com.opengamma.strata.basics.date.HolidayCalendarTest" time="0"/>
  <testcase name="test_daysBetween_LocalDateLocalDate" classname="com.opengamma.strata.basics.date.HolidayCalendarTest" time="0"/>
  <testcase name="test_daysBetween_LocalDateLocalDate" classname="com.opengamma.strata.basics.date.HolidayCalendarTest" time="0"/>
  <testcase name="test_daysBetween_LocalDateLocalDate" classname="com.opengamma.strata.basics.date.HolidayCalendarTest" time="0"/>
  <testcase name="test_daysBetween_LocalDateLocalDate" classname="com.opengamma.strata.basics.date.HolidayCalendarTest" time="0"/>
  <testcase name="test_daysBetween_LocalDateLocalDate" classname="com.opengamma.strata.basics.date.HolidayCalendarTest" time="0"/>
  <testcase name="test_daysBetween_LocalDateLocalDate" classname="com.opengamma.strata.basics.date.HolidayCalendarTest" time="0"/>
  <testcase name="coverage" classname="com.opengamma.strata.basics.index.IborIndexTest" time="0"/>
  <testcase name="test_bbsw1m" classname="com.opengamma.strata.basics.index.IborIndexTest" time="0"/>
  <testcase name="test_bbsw2m" classname="com.opengamma.strata.basics.index.IborIndexTest" time="0"/>
  <testcase name="test_bbsw3m" classname="com.opengamma.strata.basics.index.IborIndexTest" time="0"/>
  <testcase name="test_bbsw4m" classname="com.opengamma.strata.basics.index.IborIndexTest" time="0"/>
  <testcase name="test_bbsw5m" classname="com.opengamma.strata.basics.index.IborIndexTest" time="0"/>
  <testcase name="test_bbsw6m" classname="com.opengamma.strata.basics.index.IborIndexTest" time="0"/>
  <testcase name="test_czk_pribor" classname="com.opengamma.strata.basics.index.IborIndexTest" time="0"/>
  <testcase name="test_dkk_cibor" classname="com.opengamma.strata.basics.index.IborIndexTest" time="0"/>
  <testcase name="test_equals" classname="com.opengamma.strata.basics.index.IborIndexTest" time="0"/>
  <testcase name="test_extendedEnum" classname="com.opengamma.strata.basics.date.HolidayCalendarTest" time="0"/>
  <testcase name="test_isLastBusinessDayOfMonth" classname="com.opengamma.strata.basics.date.HolidayCalendarTest" time="0"/>
  <testcase name="test_isLastBusinessDayOfMonth" classname="com.opengamma.strata.basics.date.HolidayCalendarTest" time="0"/>
  <testcase name="test_isLastBusinessDayOfMonth" classname="com.opengamma.strata.basics.date.HolidayCalendarTest" time="0.001"/>
  <testcase name="test_isLastBusinessDayOfMonth" classname="com.opengamma.strata.basics.date.HolidayCalendarTest" time="0"/>
  <testcase name="test_isLastBusinessDayOfMonth" classname="com.opengamma.strata.basics.date.HolidayCalendarTest" time="0"/>
  <testcase name="test_isLastBusinessDayOfMonth" classname="com.opengamma.strata.basics.date.HolidayCalendarTest" time="0"/>
  <testcase name="test_isLastBusinessDayOfMonth" classname="com.opengamma.strata.basics.date.HolidayCalendarTest" time="0"/>
  <testcase name="test_isLastBusinessDayOfMonth" classname="com.opengamma.strata.basics.date.HolidayCalendarTest" time="0"/>
  <testcase name="test_isLastBusinessDayOfMonth" classname="com.opengamma.strata.basics.date.HolidayCalendarTest" time="0"/>
  <testcase name="test_isLastBusinessDayOfMonth" classname="com.opengamma.strata.basics.date.HolidayCalendarTest" time="0"/>
  <testcase name="test_isLastBusinessDayOfMonth" classname="com.opengamma.strata.basics.date.HolidayCalendarTest" time="0"/>
  <testcase name="test_isLastBusinessDayOfMonth" classname="com.opengamma.strata.basics.date.HolidayCalendarTest" time="0"/>
  <testcase name="test_isLastBusinessDayOfMonth" classname="com.opengamma.strata.basics.date.HolidayCalendarTest" time="0"/>
  <testcase name="test_isLastBusinessDayOfMonth" classname="com.opengamma.strata.basics.date.HolidayCalendarTest" time="0"/>
  <testcase name="test_isLastBusinessDayOfMonth" classname="com.opengamma.strata.basics.date.HolidayCalendarTest" time="0"/>
  <testcase name="test_euribor3m" classname="com.opengamma.strata.basics.index.IborIndexTest" time="0"/>
  <testcase name="test_euribor3m_dates" classname="com.opengamma.strata.basics.index.IborIndexTest" time="0"/>
  <testcase name="test_extendedEnum" classname="com.opengamma.strata.basics.index.IborIndexTest" time="0"/>
  <testcase name="test_extendedEnum" classname="com.opengamma.strata.basics.index.IborIndexTest" time="0"/>
  <testcase name="test_extendedEnum" classname="com.opengamma.strata.basics.index.IborIndexTest" time="0"/>
  <testcase name="test_extendedEnum" classname="com.opengamma.strata.basics.index.IborIndexTest" time="0"/>
  <testcase name="test_extendedEnum" classname="com.opengamma.strata.basics.index.IborIndexTest" time="0.001"/>
  <testcase name="test_extendedEnum" classname="com.opengamma.strata.basics.index.IborIndexTest" time="0"/>
  <testcase name="test_extendedEnum" classname="com.opengamma.strata.basics.index.IborIndexTest" time="0"/>
  <testcase name="test_extendedEnum" classname="com.opengamma.strata.basics.index.IborIndexTest" time="0"/>
  <testcase name="test_extendedEnum" classname="com.opengamma.strata.basics.index.IborIndexTest" time="0"/>
  <testcase name="test_extendedEnum" classname="com.opengamma.strata.basics.index.IborIndexTest" time="0"/>
  <testcase name="test_extendedEnum" classname="com.opengamma.strata.basics.index.IborIndexTest" time="0"/>
  <testcase name="test_extendedEnum" classname="com.opengamma.strata.basics.index.IborIndexTest" time="0"/>
  <testcase name="test_extendedEnum" classname="com.opengamma.strata.basics.index.IborIndexTest" time="0"/>
  <testcase name="test_extendedEnum" classname="com.opengamma.strata.basics.index.IborIndexTest" time="0.001"/>
  <testcase name="test_yearFraction_30360ISDA" classname="com.opengamma.strata.basics.date.DayCountTest" time="0"/>
  <testcase name="test_yearFraction_30360ISDA" classname="com.opengamma.strata.basics.date.DayCountTest" time="0"/>
  <testcase name="test_yearFraction_30360ISDA" classname="com.opengamma.strata.basics.date.DayCountTest" time="0"/>
  <testcase name="test_yearFraction_30360ISDA" classname="com.opengamma.strata.basics.date.DayCountTest" time="0"/>
  <testcase name="test_yearFraction_30360ISDA" classname="com.opengamma.strata.basics.date.DayCountTest" time="0"/>
  <testcase name="test_yearFraction_30360ISDA" classname="com.opengamma.strata.basics.date.DayCountTest" time="0"/>
  <testcase name="test_yearFraction_30360ISDA" classname="com.opengamma.strata.basics.date.DayCountTest" time="0"/>
  <testcase name="test_yearFraction_30360ISDA" classname="com.opengamma.strata.basics.date.DayCountTest" time="0"/>
  <testcase name="test_yearFraction_30360ISDA" classname="com.opengamma.strata.basics.date.DayCountTest" time="0"/>
  <testcase name="test_yearFraction_30360ISDA" classname="com.opengamma.strata.basics.date.DayCountTest" time="0"/>
  <testcase name="test_yearFraction_30360ISDA" classname="com.opengamma.strata.basics.date.DayCountTest" time="0"/>
  <testcase name="test_yearFraction_30360ISDA" classname="com.opengamma.strata.basics.date.DayCountTest" time="0"/>
  <testcase name="test_yearFraction_30360ISDA" classname="com.opengamma.strata.basics.date.DayCountTest" time="0"/>
  <testcase name="test_yearFraction_30360ISDA" classname="com.opengamma.strata.basics.date.DayCountTest" time="0"/>
  <testcase name="test_yearFraction_30360ISDA" classname="com.opengamma.strata.basics.date.DayCountTest" time="0"/>
  <testcase name="test_yearFraction_30360ISDA" classname="com.opengamma.strata.basics.date.DayCountTest" time="0"/>
  <testcase name="test_yearFraction_30360ISDA" classname="com.opengamma.strata.basics.date.DayCountTest" time="0"/>
  <testcase name="test_yearFraction_30360ISDA" classname="com.opengamma.strata.basics.date.DayCountTest" time="0"/>
  <testcase name="test_yearFraction_30360ISDA" classname="com.opengamma.strata.basics.date.DayCountTest" time="0"/>
  <testcase name="test_yearFraction_30360ISDA" classname="com.opengamma.strata.basics.date.DayCountTest" time="0"/>
  <testcase name="test_yearFraction_30360ISDA" classname="com.opengamma.strata.basics.date.DayCountTest" time="0"/>
  <testcase name="test_yearFraction_30360ISDA" classname="com.opengamma.strata.basics.date.DayCountTest" time="0"/>
  <testcase name="test_nzau" classname="com.opengamma.strata.basics.date.GlobalHolidayCalendarsTest" time="0"/>
  <testcase name="test_nzau" classname="com.opengamma.strata.basics.date.GlobalHolidayCalendarsTest" time="0"/>
  <testcase name="test_nzau" classname="com.opengamma.strata.basics.date.GlobalHolidayCalendarsTest" time="0"/>
  <testcase name="test_nzau" classname="com.opengamma.strata.basics.date.GlobalHolidayCalendarsTest" time="0"/>
  <testcase name="test_lastBusinessDayOfMonth" classname="com.opengamma.strata.basics.date.HolidayCalendarTest" time="0"/>
  <testcase name="test_lastBusinessDayOfMonth" classname="com.opengamma.strata.basics.date.HolidayCalendarTest" time="0"/>
  <testcase name="test_lastBusinessDayOfMonth" classname="com.opengamma.strata.basics.date.HolidayCalendarTest" time="0"/>
  <testcase name="test_lastBusinessDayOfMonth" classname="com.opengamma.strata.basics.date.HolidayCalendarTest" time="0"/>
  <testcase name="test_lastBusinessDayOfMonth" classname="com.opengamma.strata.basics.date.HolidayCalendarTest" time="0"/>
  <testcase name="test_lastBusinessDayOfMonth" classname="com.opengamma.strata.basics.date.HolidayCalendarTest" time="0"/>
  <testcase name="test_lastBusinessDayOfMonth" classname="com.opengamma.strata.basics.date.HolidayCalendarTest" time="0"/>
  <testcase name="test_lastBusinessDayOfMonth" classname="com.opengamma.strata.basics.date.HolidayCalendarTest" time="0"/>
  <testcase name="test_lastBusinessDayOfMonth" classname="com.opengamma.strata.basics.date.HolidayCalendarTest" time="0"/>
  <testcase name="test_lastBusinessDayOfMonth" classname="com.opengamma.strata.basics.date.HolidayCalendarTest" time="0"/>
  <testcase name="test_lastBusinessDayOfMonth" classname="com.opengamma.strata.basics.date.HolidayCalendarTest" time="0"/>
  <testcase name="test_lastBusinessDayOfMonth" classname="com.opengamma.strata.basics.date.HolidayCalendarTest" time="0"/>
  <testcase name="test_lastBusinessDayOfMonth" classname="com.opengamma.strata.basics.date.HolidayCalendarTest" time="0"/>
  <testcase name="test_lastBusinessDayOfMonth" classname="com.opengamma.strata.basics.date.HolidayCalendarTest" time="0.001"/>
  <testcase name="test_lastBusinessDayOfMonth" classname="com.opengamma.strata.basics.date.HolidayCalendarTest" time="0"/>
  <testcase name="test_yearFraction_30E360ISDA_maturity" classname="com.opengamma.strata.basics.date.DayCountTest" time="0"/>
  <testcase name="test_yearFraction_30E360ISDA_maturity" classname="com.opengamma.strata.basics.date.DayCountTest" time="0.001"/>
  <testcase name="test_yearFraction_30E360ISDA_maturity" classname="com.opengamma.strata.basics.date.DayCountTest" time="0"/>
  <testcase name="test_yearFraction_30E360ISDA_maturity" classname="com.opengamma.strata.basics.date.DayCountTest" time="0"/>
  <testcase name="test_yearFraction_30E360ISDA_maturity" classname="com.opengamma.strata.basics.date.DayCountTest" time="0"/>
  <testcase name="test_yearFraction_30E360ISDA_maturity" classname="com.opengamma.strata.basics.date.DayCountTest" time="0"/>
  <testcase name="test_yearFraction_30E360ISDA_maturity" classname="com.opengamma.strata.basics.date.DayCountTest" time="0"/>
  <testcase name="test_yearFraction_30E360ISDA_maturity" classname="com.opengamma.strata.basics.date.DayCountTest" time="0"/>
  <testcase name="test_yearFraction_30E360ISDA_maturity" classname="com.opengamma.strata.basics.date.DayCountTest" time="0"/>
  <testcase name="test_yearFraction_30E360ISDA_maturity" classname="com.opengamma.strata.basics.date.DayCountTest" time="0"/>
  <testcase name="test_yearFraction_30E360ISDA_maturity" classname="com.opengamma.strata.basics.date.DayCountTest" time="0"/>
  <testcase name="test_yearFraction_30E360ISDA_maturity" classname="com.opengamma.strata.basics.date.DayCountTest" time="0"/>
  <testcase name="test_yearFraction_30E360ISDA_maturity" classname="com.opengamma.strata.basics.date.DayCountTest" time="0"/>
  <testcase name="test_yearFraction_30E360ISDA_maturity" classname="com.opengamma.strata.basics.date.DayCountTest" time="0"/>
  <testcase name="test_yearFraction_30E360ISDA_maturity" classname="com.opengamma.strata.basics.date.DayCountTest" time="0"/>
  <testcase name="test_yearFraction_30E360ISDA_maturity" classname="com.opengamma.strata.basics.date.DayCountTest" time="0.001"/>
  <testcase name="test_yearFraction_30E360ISDA_maturity" classname="com.opengamma.strata.basics.date.DayCountTest" time="0"/>
  <testcase name="test_yearFraction_30E360ISDA_maturity" classname="com.opengamma.strata.basics.date.DayCountTest" time="0.001"/>
  <testcase name="test_yearFraction_30E360ISDA_maturity" classname="com.opengamma.strata.basics.date.DayCountTest" time="0"/>
  <testcase name="test_gbpLibor3m" classname="com.opengamma.strata.basics.index.IborIndexTest" time="0"/>
  <testcase name="test_next" classname="com.opengamma.strata.basics.date.HolidayCalendarTest" time="0"/>
  <testcase name="test_next" classname="com.opengamma.strata.basics.date.HolidayCalendarTest" time="0"/>
  <testcase name="test_next" classname="com.opengamma.strata.basics.date.HolidayCalendarTest" time="0"/>
  <testcase name="test_next" classname="com.opengamma.strata.basics.date.HolidayCalendarTest" time="0"/>
  <testcase name="test_next" classname="com.opengamma.strata.basics.date.HolidayCalendarTest" time="0"/>
  <testcase name="test_next" classname="com.opengamma.strata.basics.date.HolidayCalendarTest" time="0"/>
  <testcase name="test_next" classname="com.opengamma.strata.basics.date.HolidayCalendarTest" time="0"/>
  <testcase name="test_next" classname="com.opengamma.strata.basics.date.HolidayCalendarTest" time="0.001"/>
  <testcase name="test_next" classname="com.opengamma.strata.basics.date.HolidayCalendarTest" time="0"/>
  <testcase name="test_next" classname="com.opengamma.strata.basics.date.HolidayCalendarTest" time="0.001"/>
  <testcase name="test_next" classname="com.opengamma.strata.basics.date.HolidayCalendarTest" time="0"/>
  <testcase name="test_next" classname="com.opengamma.strata.basics.date.HolidayCalendarTest" time="0"/>
  <testcase name="test_nzbd" classname="com.opengamma.strata.basics.date.GlobalHolidayCalendarsTest" time="0"/>
  <testcase name="test_nzbd" classname="com.opengamma.strata.basics.date.GlobalHolidayCalendarsTest" time="0"/>
  <testcase name="test_nzbd" classname="com.opengamma.strata.basics.date.GlobalHolidayCalendarsTest" time="0.001"/>
  <testcase name="test_nzbd" classname="com.opengamma.strata.basics.date.GlobalHolidayCalendarsTest" time="0"/>
  <testcase name="test_gbpLibor3m_dates" classname="com.opengamma.strata.basics.index.IborIndexTest" time="0"/>
  <testcase name="test_getFloatingRateName" classname="com.opengamma.strata.basics.index.IborIndexTest" time="0"/>
  <testcase name="test_nextLastOrSame" classname="com.opengamma.strata.basics.date.HolidayCalendarTest" time="0"/>
  <testcase name="test_nextLastOrSame" classname="com.opengamma.strata.basics.date.HolidayCalendarTest" time="0.001"/>
  <testcase name="test_nextLastOrSame" classname="com.opengamma.strata.basics.date.HolidayCalendarTest" time="0"/>
  <testcase name="test_nextLastOrSame" classname="com.opengamma.strata.basics.date.HolidayCalendarTest" time="0"/>
  <testcase name="test_nextLastOrSame" classname="com.opengamma.strata.basics.date.HolidayCalendarTest" time="0"/>
  <testcase name="test_nextLastOrSame" classname="com.opengamma.strata.basics.date.HolidayCalendarTest" time="0"/>
  <testcase name="test_nextLastOrSame" classname="com.opengamma.strata.basics.date.HolidayCalendarTest" time="0.001"/>
  <testcase name="test_nextLastOrSame" classname="com.opengamma.strata.basics.date.HolidayCalendarTest" time="0"/>
  <testcase name="test_nextLastOrSame" classname="com.opengamma.strata.basics.date.HolidayCalendarTest" time="0"/>
  <testcase name="test_nextLastOrSame" classname="com.opengamma.strata.basics.date.HolidayCalendarTest" time="0"/>
  <testcase name="test_nextLastOrSame" classname="com.opengamma.strata.basics.date.HolidayCalendarTest" time="0"/>
  <testcase name="test_nextLastOrSame" classname="com.opengamma.strata.basics.date.HolidayCalendarTest" time="0"/>
  <testcase name="test_nextLastOrSame" classname="com.opengamma.strata.basics.date.HolidayCalendarTest" time="0"/>
  <testcase name="test_hkd_hibor" classname="com.opengamma.strata.basics.index.IborIndexTest" time="0"/>
  <testcase name="test_huf_bubor" classname="com.opengamma.strata.basics.index.IborIndexTest" time="0"/>
  <testcase name="test_yearFraction_30E360ISDA_notMaturity" classname="com.opengamma.strata.basics.date.DayCountTest" time="0.001"/>
  <testcase name="test_yearFraction_30E360ISDA_notMaturity" classname="com.opengamma.strata.basics.date.DayCountTest" time="0"/>
  <testcase name="test_yearFraction_30E360ISDA_notMaturity" classname="com.opengamma.strata.basics.date.DayCountTest" time="0"/>
  <testcase name="test_yearFraction_30E360ISDA_notMaturity" classname="com.opengamma.strata.basics.date.DayCountTest" time="0"/>
  <testcase name="test_yearFraction_30E360ISDA_notMaturity" classname="com.opengamma.strata.basics.date.DayCountTest" time="0"/>
  <testcase name="test_yearFraction_30E360ISDA_notMaturity" classname="com.opengamma.strata.basics.date.DayCountTest" time="0"/>
  <testcase name="test_yearFraction_30E360ISDA_notMaturity" classname="com.opengamma.strata.basics.date.DayCountTest" time="0.001"/>
  <testcase name="test_yearFraction_30E360ISDA_notMaturity" classname="com.opengamma.strata.basics.date.DayCountTest" time="0"/>
  <testcase name="test_yearFraction_30E360ISDA_notMaturity" classname="com.opengamma.strata.basics.date.DayCountTest" time="0"/>
  <testcase name="test_yearFraction_30E360ISDA_notMaturity" classname="com.opengamma.strata.basics.date.DayCountTest" time="0.001"/>
  <testcase name="test_yearFraction_30E360ISDA_notMaturity" classname="com.opengamma.strata.basics.date.DayCountTest" time="0"/>
  <testcase name="test_yearFraction_30E360ISDA_notMaturity" classname="com.opengamma.strata.basics.date.DayCountTest" time="0"/>
  <testcase name="test_yearFraction_30E360ISDA_notMaturity" classname="com.opengamma.strata.basics.date.DayCountTest" time="0"/>
  <testcase name="test_yearFraction_30E360ISDA_notMaturity" classname="com.opengamma.strata.basics.date.DayCountTest" time="0"/>
  <testcase name="test_yearFraction_30E360ISDA_notMaturity" classname="com.opengamma.strata.basics.date.DayCountTest" time="0"/>
  <testcase name="test_yearFraction_30E360ISDA_notMaturity" classname="com.opengamma.strata.basics.date.DayCountTest" time="0.001"/>
  <testcase name="test_yearFraction_30E360ISDA_notMaturity" classname="com.opengamma.strata.basics.date.DayCountTest" time="0"/>
  <testcase name="test_yearFraction_30E360ISDA_notMaturity" classname="com.opengamma.strata.basics.date.DayCountTest" time="0"/>
  <testcase name="test_yearFraction_30E360ISDA_notMaturity" classname="com.opengamma.strata.basics.date.DayCountTest" time="0"/>
  <testcase name="test_nzwe" classname="com.opengamma.strata.basics.date.GlobalHolidayCalendarsTest" time="0"/>
  <testcase name="test_nzwe" classname="com.opengamma.strata.basics.date.GlobalHolidayCalendarsTest" time="0"/>
  <testcase name="test_nzwe" classname="com.opengamma.strata.basics.date.GlobalHolidayCalendarsTest" time="0"/>
  <testcase name="test_nzwe" classname="com.opengamma.strata.basics.date.GlobalHolidayCalendarsTest" time="0"/>
  <testcase name="test_jodaConvert" classname="com.opengamma.strata.basics.index.IborIndexTest" time="0.001"/>
  <testcase name="test_krw_cd" classname="com.opengamma.strata.basics.index.IborIndexTest" time="0"/>
  <testcase name="test_nextOrSame" classname="com.opengamma.strata.basics.date.HolidayCalendarTest" time="0"/>
  <testcase name="test_nextOrSame" classname="com.opengamma.strata.basics.date.HolidayCalendarTest" time="0"/>
  <testcase name="test_nextOrSame" classname="com.opengamma.strata.basics.date.HolidayCalendarTest" time="0"/>
  <testcase name="test_nextOrSame" classname="com.opengamma.strata.basics.date.HolidayCalendarTest" time="0"/>
  <testcase name="test_nextOrSame" classname="com.opengamma.strata.basics.date.HolidayCalendarTest" time="0"/>
  <testcase name="test_nextOrSame" classname="com.opengamma.strata.basics.date.HolidayCalendarTest" time="0.001"/>
  <testcase name="test_nextOrSame" classname="com.opengamma.strata.basics.date.HolidayCalendarTest" time="0"/>
  <testcase name="test_nextOrSame" classname="com.opengamma.strata.basics.date.HolidayCalendarTest" time="0"/>
  <testcase name="test_nextOrSame" classname="com.opengamma.strata.basics.date.HolidayCalendarTest" time="0"/>
  <testcase name="test_nextOrSame" classname="com.opengamma.strata.basics.date.HolidayCalendarTest" time="0"/>
  <testcase name="test_nextOrSame" classname="com.opengamma.strata.basics.date.HolidayCalendarTest" time="0"/>
  <testcase name="test_nextOrSame" classname="com.opengamma.strata.basics.date.HolidayCalendarTest" time="0"/>
  <testcase name="test_plwa" classname="com.opengamma.strata.basics.date.GlobalHolidayCalendarsTest" time="0.001"/>
  <testcase name="test_plwa" classname="com.opengamma.strata.basics.date.GlobalHolidayCalendarsTest" time="0.001"/>
  <testcase name="test_plwa" classname="com.opengamma.strata.basics.date.GlobalHolidayCalendarsTest" time="0"/>
  <testcase name="test_plwa" classname="com.opengamma.strata.basics.date.GlobalHolidayCalendarsTest" time="0"/>
  <testcase name="test_plwa" classname="com.opengamma.strata.basics.date.GlobalHolidayCalendarsTest" time="0.001"/>
  <testcase name="test_mxn_tiie" classname="com.opengamma.strata.basics.index.IborIndexTest" time="0"/>
  <testcase name="test_name" classname="com.opengamma.strata.basics.index.IborIndexTest" time="0"/>
  <testcase name="test_name" classname="com.opengamma.strata.basics.index.IborIndexTest" time="0"/>
  <testcase name="test_name" classname="com.opengamma.strata.basics.index.IborIndexTest" time="0"/>
  <testcase name="test_name" classname="com.opengamma.strata.basics.index.IborIndexTest" time="0"/>
  <testcase name="test_name" classname="com.opengamma.strata.basics.index.IborIndexTest" time="0"/>
  <testcase name="test_name" classname="com.opengamma.strata.basics.index.IborIndexTest" time="0"/>
  <testcase name="test_name" classname="com.opengamma.strata.basics.index.IborIndexTest" time="0"/>
  <testcase name="test_name" classname="com.opengamma.strata.basics.index.IborIndexTest" time="0"/>
  <testcase name="test_name" classname="com.opengamma.strata.basics.index.IborIndexTest" time="0"/>
  <testcase name="test_name" classname="com.opengamma.strata.basics.index.IborIndexTest" time="0"/>
  <testcase name="test_name" classname="com.opengamma.strata.basics.index.IborIndexTest" time="0"/>
  <testcase name="test_name" classname="com.opengamma.strata.basics.index.IborIndexTest" time="0"/>
  <testcase name="test_name" classname="com.opengamma.strata.basics.index.IborIndexTest" time="0"/>
  <testcase name="test_name" classname="com.opengamma.strata.basics.index.IborIndexTest" time="0"/>
  <testcase name="test_of_combined" classname="com.opengamma.strata.basics.date.HolidayCalendarTest" time="0.001"/>
  <testcase name="test_previous" classname="com.opengamma.strata.basics.date.HolidayCalendarTest" time="0"/>
  <testcase name="test_previous" classname="com.opengamma.strata.basics.date.HolidayCalendarTest" time="0"/>
  <testcase name="test_previous" classname="com.opengamma.strata.basics.date.HolidayCalendarTest" time="0.001"/>
  <testcase name="test_previous" classname="com.opengamma.strata.basics.date.HolidayCalendarTest" time="0"/>
  <testcase name="test_previous" classname="com.opengamma.strata.basics.date.HolidayCalendarTest" time="0"/>
  <testcase name="test_previous" classname="com.opengamma.strata.basics.date.HolidayCalendarTest" time="0"/>
  <testcase name="test_previous" classname="com.opengamma.strata.basics.date.HolidayCalendarTest" time="0"/>
  <testcase name="test_previous" classname="com.opengamma.strata.basics.date.HolidayCalendarTest" time="0.001"/>
  <testcase name="test_previous" classname="com.opengamma.strata.basics.date.HolidayCalendarTest" time="0"/>
  <testcase name="test_previous" classname="com.opengamma.strata.basics.date.HolidayCalendarTest" time="0"/>
  <testcase name="test_previous" classname="com.opengamma.strata.basics.date.HolidayCalendarTest" time="0"/>
  <testcase name="test_previous" classname="com.opengamma.strata.basics.date.HolidayCalendarTest" time="0"/>
  <testcase name="test_sest" classname="com.opengamma.strata.basics.date.GlobalHolidayCalendarsTest" time="0.001"/>
  <testcase name="test_sest" classname="com.opengamma.strata.basics.date.GlobalHolidayCalendarsTest" time="0"/>
  <testcase name="test_sest" classname="com.opengamma.strata.basics.date.GlobalHolidayCalendarsTest" time="0"/>
  <testcase name="test_usgs" classname="com.opengamma.strata.basics.date.GlobalHolidayCalendarsTest" time="0.001"/>
  <testcase name="test_usgs" classname="com.opengamma.strata.basics.date.GlobalHolidayCalendarsTest" time="0"/>
  <testcase name="test_usgs" classname="com.opengamma.strata.basics.date.GlobalHolidayCalendarsTest" time="0"/>
  <testcase name="test_usgs" classname="com.opengamma.strata.basics.date.GlobalHolidayCalendarsTest" time="0.001"/>
  <testcase name="test_usgs" classname="com.opengamma.strata.basics.date.GlobalHolidayCalendarsTest" time="0"/>
  <testcase name="test_usgs" classname="com.opengamma.strata.basics.date.GlobalHolidayCalendarsTest" time="0"/>
  <testcase name="test_usgs" classname="com.opengamma.strata.basics.date.GlobalHolidayCalendarsTest" time="0"/>
  <testcase name="test_usgs" classname="com.opengamma.strata.basics.date.GlobalHolidayCalendarsTest" time="0.001"/>
  <testcase name="test_usgs" classname="com.opengamma.strata.basics.date.GlobalHolidayCalendarsTest" time="0"/>
  <testcase name="test_usgs" classname="com.opengamma.strata.basics.date.GlobalHolidayCalendarsTest" time="0"/>
  <testcase name="test_usgs" classname="com.opengamma.strata.basics.date.GlobalHolidayCalendarsTest" time="0"/>
  <testcase name="test_usgs" classname="com.opengamma.strata.basics.date.GlobalHolidayCalendarsTest" time="0"/>
  <testcase name="test_usgs" classname="com.opengamma.strata.basics.date.GlobalHolidayCalendarsTest" time="0.002"/>
  <testcase name="test_usgs" classname="com.opengamma.strata.basics.date.GlobalHolidayCalendarsTest" time="0"/>
  <testcase name="test_usgs" classname="com.opengamma.strata.basics.date.GlobalHolidayCalendarsTest" time="0"/>
  <testcase name="test_usgs" classname="com.opengamma.strata.basics.date.GlobalHolidayCalendarsTest" time="0.001"/>
  <testcase name="test_usgs" classname="com.opengamma.strata.basics.date.GlobalHolidayCalendarsTest" time="0"/>
  <testcase name="test_usgs" classname="com.opengamma.strata.basics.date.GlobalHolidayCalendarsTest" time="0"/>
  <testcase name="test_usgs" classname="com.opengamma.strata.basics.date.GlobalHolidayCalendarsTest" time="0"/>
  <testcase name="test_usgs" classname="com.opengamma.strata.basics.date.GlobalHolidayCalendarsTest" time="0"/>
  <testcase name="test_previousOrSame" classname="com.opengamma.strata.basics.date.HolidayCalendarTest" time="0"/>
  <testcase name="test_previousOrSame" classname="com.opengamma.strata.basics.date.HolidayCalendarTest" time="0"/>
  <testcase name="test_previousOrSame" classname="com.opengamma.strata.basics.date.HolidayCalendarTest" time="0"/>
  <testcase name="test_previousOrSame" classname="com.opengamma.strata.basics.date.HolidayCalendarTest" time="0"/>
  <testcase name="test_previousOrSame" classname="com.opengamma.strata.basics.date.HolidayCalendarTest" time="0"/>
  <testcase name="test_previousOrSame" classname="com.opengamma.strata.basics.date.HolidayCalendarTest" time="0"/>
  <testcase name="test_previousOrSame" classname="com.opengamma.strata.basics.date.HolidayCalendarTest" time="0"/>
  <testcase name="test_previousOrSame" classname="com.opengamma.strata.basics.date.HolidayCalendarTest" time="0"/>
  <testcase name="test_previousOrSame" classname="com.opengamma.strata.basics.date.HolidayCalendarTest" time="0"/>
  <testcase name="test_previousOrSame" classname="com.opengamma.strata.basics.date.HolidayCalendarTest" time="0"/>
  <testcase name="test_previousOrSame" classname="com.opengamma.strata.basics.date.HolidayCalendarTest" time="0"/>
  <testcase name="test_previousOrSame" classname="com.opengamma.strata.basics.date.HolidayCalendarTest" time="0"/>
  <testcase name="test_serialization" classname="com.opengamma.strata.basics.date.HolidayCalendarTest" time="0"/>
  <testcase name="test_yearFraction_30U360EOM" classname="com.opengamma.strata.basics.date.DayCountTest" time="0"/>
  <testcase name="test_yearFraction_30U360EOM" classname="com.opengamma.strata.basics.date.DayCountTest" time="0"/>
  <testcase name="test_yearFraction_30U360EOM" classname="com.opengamma.strata.basics.date.DayCountTest" time="0"/>
  <testcase name="test_yearFraction_30U360EOM" classname="com.opengamma.strata.basics.date.DayCountTest" time="0.001"/>
  <testcase name="test_yearFraction_30U360EOM" classname="com.opengamma.strata.basics.date.DayCountTest" time="0"/>
  <testcase name="test_yearFraction_30U360EOM" classname="com.opengamma.strata.basics.date.DayCountTest" time="0"/>
  <testcase name="test_yearFraction_30U360EOM" classname="com.opengamma.strata.basics.date.DayCountTest" time="0"/>
  <testcase name="test_yearFraction_30U360EOM" classname="com.opengamma.strata.basics.date.DayCountTest" time="0"/>
  <testcase name="test_yearFraction_30U360EOM" classname="com.opengamma.strata.basics.date.DayCountTest" time="0"/>
  <testcase name="test_yearFraction_30U360EOM" classname="com.opengamma.strata.basics.date.DayCountTest" time="0.001"/>
  <testcase name="test_yearFraction_30U360EOM" classname="com.opengamma.strata.basics.date.DayCountTest" time="0"/>
  <testcase name="test_yearFraction_30U360EOM" classname="com.opengamma.strata.basics.date.DayCountTest" time="0"/>
  <testcase name="test_yearFraction_30U360EOM" classname="com.opengamma.strata.basics.date.DayCountTest" time="0"/>
  <testcase name="test_yearFraction_30U360EOM" classname="com.opengamma.strata.basics.date.DayCountTest" time="0"/>
  <testcase name="test_yearFraction_30U360EOM" classname="com.opengamma.strata.basics.date.DayCountTest" time="0"/>
  <testcase name="test_yearFraction_30U360EOM" classname="com.opengamma.strata.basics.date.DayCountTest" time="0.001"/>
  <testcase name="test_yearFraction_30U360EOM" classname="com.opengamma.strata.basics.date.DayCountTest" time="0"/>
  <testcase name="test_yearFraction_30U360EOM" classname="com.opengamma.strata.basics.date.DayCountTest" time="0.001"/>
  <testcase name="test_yearFraction_30U360EOM" classname="com.opengamma.strata.basics.date.DayCountTest" time="0"/>
  <testcase name="test_yearFraction_30U360EOM" classname="com.opengamma.strata.basics.date.DayCountTest" time="0"/>
  <testcase name="test_yearFraction_30U360EOM" classname="com.opengamma.strata.basics.date.DayCountTest" time="0"/>
  <testcase name="test_yearFraction_30U360EOM" classname="com.opengamma.strata.basics.date.DayCountTest" time="0"/>
  <testcase name="test_shift" classname="com.opengamma.strata.basics.date.HolidayCalendarTest" time="0"/>
  <testcase name="test_shift" classname="com.opengamma.strata.basics.date.HolidayCalendarTest" time="0"/>
  <testcase name="test_shift" classname="com.opengamma.strata.basics.date.HolidayCalendarTest" time="0"/>
  <testcase name="test_shift" classname="com.opengamma.strata.basics.date.HolidayCalendarTest" time="0"/>
  <testcase name="test_shift" classname="com.opengamma.strata.basics.date.HolidayCalendarTest" time="0"/>
  <testcase name="test_shift" classname="com.opengamma.strata.basics.date.HolidayCalendarTest" time="0"/>
  <testcase name="test_shift" classname="com.opengamma.strata.basics.date.HolidayCalendarTest" time="0"/>
  <testcase name="test_shift" classname="com.opengamma.strata.basics.date.HolidayCalendarTest" time="0"/>
  <testcase name="test_shift" classname="com.opengamma.strata.basics.date.HolidayCalendarTest" time="0"/>
  <testcase name="test_shift" classname="com.opengamma.strata.basics.date.HolidayCalendarTest" time="0.001"/>
  <testcase name="test_shift" classname="com.opengamma.strata.basics.date.HolidayCalendarTest" time="0"/>
  <testcase name="test_shift" classname="com.opengamma.strata.basics.date.HolidayCalendarTest" time="0"/>
  <testcase name="test_shift" classname="com.opengamma.strata.basics.date.HolidayCalendarTest" time="0"/>
  <testcase name="test_shift" classname="com.opengamma.strata.basics.date.HolidayCalendarTest" time="0"/>
  <testcase name="test_shift" classname="com.opengamma.strata.basics.date.HolidayCalendarTest" time="0"/>
  <testcase name="test_shift" classname="com.opengamma.strata.basics.date.HolidayCalendarTest" time="0.001"/>
  <testcase name="test_shift" classname="com.opengamma.strata.basics.date.HolidayCalendarTest" time="0"/>
  <testcase name="test_shift" classname="com.opengamma.strata.basics.date.HolidayCalendarTest" time="0"/>
  <testcase name="test_shift" classname="com.opengamma.strata.basics.date.HolidayCalendarTest" time="0"/>
  <testcase name="test_shift" classname="com.opengamma.strata.basics.date.HolidayCalendarTest" time="0.001"/>
  <testcase name="test_shift" classname="com.opengamma.strata.basics.date.HolidayCalendarTest" time="0.001"/>
  <testcase name="test_shift" classname="com.opengamma.strata.basics.date.HolidayCalendarTest" time="0"/>
  <testcase name="test_shift" classname="com.opengamma.strata.basics.date.HolidayCalendarTest" time="0.001"/>
  <testcase name="test_shift" classname="com.opengamma.strata.basics.date.HolidayCalendarTest" time="0"/>
  <testcase name="test_shift" classname="com.opengamma.strata.basics.date.HolidayCalendarTest" time="0"/>
  <testcase name="test_shift" classname="com.opengamma.strata.basics.date.HolidayCalendarTest" time="0"/>
  <testcase name="test_shift" classname="com.opengamma.strata.basics.date.HolidayCalendarTest" time="0"/>
  <testcase name="test_shift" classname="com.opengamma.strata.basics.date.HolidayCalendarTest" time="0"/>
  <testcase name="test_shift" classname="com.opengamma.strata.basics.date.HolidayCalendarTest" time="0"/>
  <testcase name="test_shift" classname="com.opengamma.strata.basics.date.HolidayCalendarTest" time="0"/>
  <testcase name="test_shift" classname="com.opengamma.strata.basics.date.HolidayCalendarTest" time="0.001"/>
  <testcase name="test_shift" classname="com.opengamma.strata.basics.date.HolidayCalendarTest" time="0"/>
  <testcase name="test_shift" classname="com.opengamma.strata.basics.date.HolidayCalendarTest" time="0"/>
  <testcase name="test_shift" classname="com.opengamma.strata.basics.date.HolidayCalendarTest" time="0"/>
  <testcase name="test_shift" classname="com.opengamma.strata.basics.date.HolidayCalendarTest" time="0.001"/>
  <testcase name="test_shift" classname="com.opengamma.strata.basics.date.HolidayCalendarTest" time="0"/>
  <testcase name="test_shift" classname="com.opengamma.strata.basics.date.HolidayCalendarTest" time="0"/>
  <testcase name="test_shift" classname="com.opengamma.strata.basics.date.HolidayCalendarTest" time="0.001"/>
  <testcase name="test_shift" classname="com.opengamma.strata.basics.date.HolidayCalendarTest" time="0"/>
  <testcase name="test_shift" classname="com.opengamma.strata.basics.date.HolidayCalendarTest" time="0.001"/>
  <testcase name="test_shift" classname="com.opengamma.strata.basics.date.HolidayCalendarTest" time="0"/>
  <testcase name="test_shift" classname="com.opengamma.strata.basics.date.HolidayCalendarTest" time="0"/>
  <testcase name="test_shift" classname="com.opengamma.strata.basics.date.HolidayCalendarTest" time="0"/>
  <testcase name="test_shift" classname="com.opengamma.strata.basics.date.HolidayCalendarTest" time="0"/>
  <testcase name="test_shift" classname="com.opengamma.strata.basics.date.HolidayCalendarTest" time="0"/>
  <testcase name="test_shift" classname="com.opengamma.strata.basics.date.HolidayCalendarTest" time="0"/>
  <testcase name="test_shift" classname="com.opengamma.strata.basics.date.HolidayCalendarTest" time="0"/>
  <testcase name="test_shift" classname="com.opengamma.strata.basics.date.HolidayCalendarTest" time="0"/>
  <testcase name="test_shift" classname="com.opengamma.strata.basics.date.HolidayCalendarTest" time="0"/>
  <testcase name="test_shift" classname="com.opengamma.strata.basics.date.HolidayCalendarTest" time="0"/>
  <testcase name="test_shift" classname="com.opengamma.strata.basics.date.HolidayCalendarTest" time="0"/>
  <testcase name="test_shift" classname="com.opengamma.strata.basics.date.HolidayCalendarTest" time="0"/>
  <testcase name="test_shift" classname="com.opengamma.strata.basics.date.HolidayCalendarTest" time="0"/>
  <testcase name="test_shift" classname="com.opengamma.strata.basics.date.HolidayCalendarTest" time="0"/>
  <testcase name="test_shift" classname="com.opengamma.strata.basics.date.HolidayCalendarTest" time="0"/>
  <testcase name="test_shift" classname="com.opengamma.strata.basics.date.HolidayCalendarTest" time="0"/>
  <testcase name="test_shift" classname="com.opengamma.strata.basics.date.HolidayCalendarTest" time="0"/>
  <testcase name="test_shift" classname="com.opengamma.strata.basics.date.HolidayCalendarTest" time="0"/>
  <testcase name="test_shift" classname="com.opengamma.strata.basics.date.HolidayCalendarTest" time="0"/>
  <testcase name="test_shift" classname="com.opengamma.strata.basics.date.HolidayCalendarTest" time="0"/>
  <testcase name="test_nzd_bkbm" classname="com.opengamma.strata.basics.index.IborIndexTest" time="0.001"/>
  <testcase name="test_of_lookup" classname="com.opengamma.strata.basics.index.IborIndexTest" time="0"/>
  <testcase name="test_of_lookup" classname="com.opengamma.strata.basics.index.IborIndexTest" time="0"/>
  <testcase name="test_of_lookup" classname="com.opengamma.strata.basics.index.IborIndexTest" time="0"/>
  <testcase name="test_of_lookup" classname="com.opengamma.strata.basics.index.IborIndexTest" time="0"/>
  <testcase name="test_of_lookup" classname="com.opengamma.strata.basics.index.IborIndexTest" time="0"/>
  <testcase name="test_of_lookup" classname="com.opengamma.strata.basics.index.IborIndexTest" time="0"/>
  <testcase name="test_of_lookup" classname="com.opengamma.strata.basics.index.IborIndexTest" time="0"/>
  <testcase name="test_of_lookup" classname="com.opengamma.strata.basics.index.IborIndexTest" time="0"/>
  <testcase name="test_of_lookup" classname="com.opengamma.strata.basics.index.IborIndexTest" time="0"/>
  <testcase name="test_of_lookup" classname="com.opengamma.strata.basics.index.IborIndexTest" time="0"/>
  <testcase name="test_of_lookup" classname="com.opengamma.strata.basics.index.IborIndexTest" time="0"/>
  <testcase name="test_of_lookup" classname="com.opengamma.strata.basics.index.IborIndexTest" time="0"/>
  <testcase name="test_of_lookup" classname="com.opengamma.strata.basics.index.IborIndexTest" time="0"/>
  <testcase name="test_of_lookup" classname="com.opengamma.strata.basics.index.IborIndexTest" time="0"/>
  <testcase name="test_usny" classname="com.opengamma.strata.basics.date.GlobalHolidayCalendarsTest" time="0"/>
  <testcase name="test_usny" classname="com.opengamma.strata.basics.date.GlobalHolidayCalendarsTest" time="0.001"/>
  <testcase name="test_usny" classname="com.opengamma.strata.basics.date.GlobalHolidayCalendarsTest" time="0"/>
  <testcase name="test_usny" classname="com.opengamma.strata.basics.date.GlobalHolidayCalendarsTest" time="0"/>
  <testcase name="test_usny" classname="com.opengamma.strata.basics.date.GlobalHolidayCalendarsTest" time="0"/>
  <testcase name="test_usny" classname="com.opengamma.strata.basics.date.GlobalHolidayCalendarsTest" time="0.001"/>
  <testcase name="test_usny" classname="com.opengamma.strata.basics.date.GlobalHolidayCalendarsTest" time="0"/>
  <testcase name="test_usny" classname="com.opengamma.strata.basics.date.GlobalHolidayCalendarsTest" time="0"/>
  <testcase name="test_of_lookup_notFound" classname="com.opengamma.strata.basics.index.IborIndexTest" time="0"/>
  <testcase name="test_of_lookup_null" classname="com.opengamma.strata.basics.index.IborIndexTest" time="0.001"/>
  <testcase name="test_yearFraction_30U360_eom" classname="com.opengamma.strata.basics.date.DayCountTest" time="0"/>
  <testcase name="test_yearFraction_30U360_eom" classname="com.opengamma.strata.basics.date.DayCountTest" time="0"/>
  <testcase name="test_yearFraction_30U360_eom" classname="com.opengamma.strata.basics.date.DayCountTest" time="0"/>
  <testcase name="test_yearFraction_30U360_eom" classname="com.opengamma.strata.basics.date.DayCountTest" time="0"/>
  <testcase name="test_yearFraction_30U360_eom" classname="com.opengamma.strata.basics.date.DayCountTest" time="0"/>
  <testcase name="test_yearFraction_30U360_eom" classname="com.opengamma.strata.basics.date.DayCountTest" time="0"/>
  <testcase name="test_yearFraction_30U360_eom" classname="com.opengamma.strata.basics.date.DayCountTest" time="0"/>
  <testcase name="test_yearFraction_30U360_eom" classname="com.opengamma.strata.basics.date.DayCountTest" time="0"/>
  <testcase name="test_yearFraction_30U360_eom" classname="com.opengamma.strata.basics.date.DayCountTest" time="0"/>
  <testcase name="test_yearFraction_30U360_eom" classname="com.opengamma.strata.basics.date.DayCountTest" time="0.001"/>
  <testcase name="test_yearFraction_30U360_eom" classname="com.opengamma.strata.basics.date.DayCountTest" time="0"/>
  <testcase name="test_yearFraction_30U360_eom" classname="com.opengamma.strata.basics.date.DayCountTest" time="0"/>
  <testcase name="test_yearFraction_30U360_eom" classname="com.opengamma.strata.basics.date.DayCountTest" time="0"/>
  <testcase name="test_yearFraction_30U360_eom" classname="com.opengamma.strata.basics.date.DayCountTest" time="0"/>
  <testcase name="test_yearFraction_30U360_eom" classname="com.opengamma.strata.basics.date.DayCountTest" time="0"/>
  <testcase name="test_yearFraction_30U360_eom" classname="com.opengamma.strata.basics.date.DayCountTest" time="0"/>
  <testcase name="test_yearFraction_30U360_eom" classname="com.opengamma.strata.basics.date.DayCountTest" time="0.001"/>
  <testcase name="test_yearFraction_30U360_eom" classname="com.opengamma.strata.basics.date.DayCountTest" time="0"/>
  <testcase name="test_yearFraction_30U360_eom" classname="com.opengamma.strata.basics.date.DayCountTest" time="0"/>
  <testcase name="test_yearFraction_30U360_eom" classname="com.opengamma.strata.basics.date.DayCountTest" time="0"/>
  <testcase name="test_yearFraction_30U360_eom" classname="com.opengamma.strata.basics.date.DayCountTest" time="0"/>
  <testcase name="test_yearFraction_30U360_eom" classname="com.opengamma.strata.basics.date.DayCountTest" time="0"/>
  <testcase name="test_pln_wibor" classname="com.opengamma.strata.basics.index.IborIndexTest" time="0"/>
  <testcase name="test_sek_stibor" classname="com.opengamma.strata.basics.index.IborIndexTest" time="0"/>
  <testcase name="test_serialization" classname="com.opengamma.strata.basics.index.IborIndexTest" time="0"/>
  <testcase name="test_sgd_sibor" classname="com.opengamma.strata.basics.index.IborIndexTest" time="0"/>
  <testcase name="test_tibor_euroyen3m" classname="com.opengamma.strata.basics.index.IborIndexTest" time="0"/>
  <testcase name="test_tibor_euroyen3m_dates" classname="com.opengamma.strata.basics.index.IborIndexTest" time="0"/>
  <testcase name="test_tibor_japan3m" classname="com.opengamma.strata.basics.index.IborIndexTest" time="0"/>
  <testcase name="test_tibor_japan3m_dates" classname="com.opengamma.strata.basics.index.IborIndexTest" time="0"/>
  <testcase name="test_toString" classname="com.opengamma.strata.basics.index.IborIndexTest" time="0"/>
  <testcase name="test_toString" classname="com.opengamma.strata.basics.index.IborIndexTest" time="0"/>
  <testcase name="test_toString" classname="com.opengamma.strata.basics.index.IborIndexTest" time="0"/>
  <testcase name="test_toString" classname="com.opengamma.strata.basics.index.IborIndexTest" time="0"/>
  <testcase name="test_toString" classname="com.opengamma.strata.basics.index.IborIndexTest" time="0"/>
  <testcase name="test_toString" classname="com.opengamma.strata.basics.index.IborIndexTest" time="0"/>
  <testcase name="test_toString" classname="com.opengamma.strata.basics.index.IborIndexTest" time="0"/>
  <testcase name="test_toString" classname="com.opengamma.strata.basics.index.IborIndexTest" time="0"/>
  <testcase name="test_toString" classname="com.opengamma.strata.basics.index.IborIndexTest" time="0"/>
  <testcase name="test_toString" classname="com.opengamma.strata.basics.index.IborIndexTest" time="0"/>
  <testcase name="test_toString" classname="com.opengamma.strata.basics.index.IborIndexTest" time="0"/>
  <testcase name="test_toString" classname="com.opengamma.strata.basics.index.IborIndexTest" time="0"/>
  <testcase name="test_toString" classname="com.opengamma.strata.basics.index.IborIndexTest" time="0"/>
  <testcase name="test_toString" classname="com.opengamma.strata.basics.index.IborIndexTest" time="0"/>
  <testcase name="test_zajo" classname="com.opengamma.strata.basics.date.GlobalHolidayCalendarsTest" time="0.001"/>
  <testcase name="test_zajo" classname="com.opengamma.strata.basics.date.GlobalHolidayCalendarsTest" time="0"/>
  <testcase name="test_zajo" classname="com.opengamma.strata.basics.date.GlobalHolidayCalendarsTest" time="0.001"/>
  <testcase name="test_yearFraction_30U360_notEom" classname="com.opengamma.strata.basics.date.DayCountTest" time="0"/>
  <testcase name="test_yearFraction_30U360_notEom" classname="com.opengamma.strata.basics.date.DayCountTest" time="0"/>
  <testcase name="test_yearFraction_30U360_notEom" classname="com.opengamma.strata.basics.date.DayCountTest" time="0"/>
  <testcase name="test_yearFraction_30U360_notEom" classname="com.opengamma.strata.basics.date.DayCountTest" time="0.001"/>
  <testcase name="test_yearFraction_30U360_notEom" classname="com.opengamma.strata.basics.date.DayCountTest" time="0"/>
  <testcase name="test_yearFraction_30U360_notEom" classname="com.opengamma.strata.basics.date.DayCountTest" time="0"/>
  <testcase name="test_yearFraction_30U360_notEom" classname="com.opengamma.strata.basics.date.DayCountTest" time="0.001"/>
  <testcase name="test_yearFraction_30U360_notEom" classname="com.opengamma.strata.basics.date.DayCountTest" time="0"/>
  <testcase name="test_yearFraction_30U360_notEom" classname="com.opengamma.strata.basics.date.DayCountTest" time="0"/>
  <testcase name="test_yearFraction_30U360_notEom" classname="com.opengamma.strata.basics.date.DayCountTest" time="0"/>
  <testcase name="test_yearFraction_30U360_notEom" classname="com.opengamma.strata.basics.date.DayCountTest" time="0"/>
  <testcase name="test_yearFraction_30U360_notEom" classname="com.opengamma.strata.basics.date.DayCountTest" time="0"/>
  <testcase name="test_yearFraction_30U360_notEom" classname="com.opengamma.strata.basics.date.DayCountTest" time="0.001"/>
  <testcase name="test_yearFraction_30U360_notEom" classname="com.opengamma.strata.basics.date.DayCountTest" time="0"/>
  <testcase name="test_yearFraction_30U360_notEom" classname="com.opengamma.strata.basics.date.DayCountTest" time="0"/>
  <testcase name="test_yearFraction_30U360_notEom" classname="com.opengamma.strata.basics.date.DayCountTest" time="0"/>
  <testcase name="test_yearFraction_30U360_notEom" classname="com.opengamma.strata.basics.date.DayCountTest" time="0.001"/>
  <testcase name="test_yearFraction_30U360_notEom" classname="com.opengamma.strata.basics.date.DayCountTest" time="0"/>
  <testcase name="test_yearFraction_30U360_notEom" classname="com.opengamma.strata.basics.date.DayCountTest" time="0"/>
  <testcase name="test_yearFraction_30U360_notEom" classname="com.opengamma.strata.basics.date.DayCountTest" time="0"/>
  <testcase name="test_yearFraction_30U360_notEom" classname="com.opengamma.strata.basics.date.DayCountTest" time="0"/>
  <testcase name="test_yearFraction_30U360_notEom" classname="com.opengamma.strata.basics.date.DayCountTest" time="0"/>
  <testcase name="coverage" classname="com.opengamma.strata.basics.date.ImmutableHolidayCalendarTest" time="0"/>
  <testcase name="test_usdLibor3m" classname="com.opengamma.strata.basics.index.IborIndexTest" time="0"/>
  <testcase name="test_adjustBy" classname="com.opengamma.strata.basics.date.ImmutableHolidayCalendarTest" time="0"/>
  <testcase name="test_adjustBy" classname="com.opengamma.strata.basics.date.ImmutableHolidayCalendarTest" time="0"/>
  <testcase name="test_adjustBy" classname="com.opengamma.strata.basics.date.ImmutableHolidayCalendarTest" time="0"/>
  <testcase name="test_adjustBy" classname="com.opengamma.strata.basics.date.ImmutableHolidayCalendarTest" time="0"/>
  <testcase name="test_adjustBy" classname="com.opengamma.strata.basics.date.ImmutableHolidayCalendarTest" time="0"/>
  <testcase name="test_adjustBy" classname="com.opengamma.strata.basics.date.ImmutableHolidayCalendarTest" time="0"/>
  <testcase name="test_adjustBy" classname="com.opengamma.strata.basics.date.ImmutableHolidayCalendarTest" time="0"/>
  <testcase name="test_adjustBy" classname="com.opengamma.strata.basics.date.ImmutableHolidayCalendarTest" time="0.001"/>
  <testcase name="test_adjustBy" classname="com.opengamma.strata.basics.date.ImmutableHolidayCalendarTest" time="0"/>
  <testcase name="test_adjustBy" classname="com.opengamma.strata.basics.date.ImmutableHolidayCalendarTest" time="0"/>
  <testcase name="test_adjustBy" classname="com.opengamma.strata.basics.date.ImmutableHolidayCalendarTest" time="0"/>
  <testcase name="test_adjustBy" classname="com.opengamma.strata.basics.date.ImmutableHolidayCalendarTest" time="0"/>
  <testcase name="test_adjustBy" classname="com.opengamma.strata.basics.date.ImmutableHolidayCalendarTest" time="0"/>
  <testcase name="test_adjustBy" classname="com.opengamma.strata.basics.date.ImmutableHolidayCalendarTest" time="0"/>
  <testcase name="test_adjustBy" classname="com.opengamma.strata.basics.date.ImmutableHolidayCalendarTest" time="0"/>
  <testcase name="test_adjustBy" classname="com.opengamma.strata.basics.date.ImmutableHolidayCalendarTest" time="0"/>
  <testcase name="test_adjustBy" classname="com.opengamma.strata.basics.date.ImmutableHolidayCalendarTest" time="0"/>
  <testcase name="test_adjustBy" classname="com.opengamma.strata.basics.date.ImmutableHolidayCalendarTest" time="0"/>
  <testcase name="test_adjustBy" classname="com.opengamma.strata.basics.date.ImmutableHolidayCalendarTest" time="0"/>
  <testcase name="test_adjustBy" classname="com.opengamma.strata.basics.date.ImmutableHolidayCalendarTest" time="0"/>
  <testcase name="test_adjustBy" classname="com.opengamma.strata.basics.date.ImmutableHolidayCalendarTest" time="0"/>
  <testcase name="test_adjustBy" classname="com.opengamma.strata.basics.date.ImmutableHolidayCalendarTest" time="0"/>
  <testcase name="test_adjustBy" classname="com.opengamma.strata.basics.date.ImmutableHolidayCalendarTest" time="0"/>
  <testcase name="test_adjustBy" classname="com.opengamma.strata.basics.date.ImmutableHolidayCalendarTest" time="0"/>
  <testcase name="test_adjustBy" classname="com.opengamma.strata.basics.date.ImmutableHolidayCalendarTest" time="0"/>
  <testcase name="test_adjustBy" classname="com.opengamma.strata.basics.date.ImmutableHolidayCalendarTest" time="0.001"/>
  <testcase name="test_adjustBy" classname="com.opengamma.strata.basics.date.ImmutableHolidayCalendarTest" time="0"/>
  <testcase name="test_adjustBy" classname="com.opengamma.strata.basics.date.ImmutableHolidayCalendarTest" time="0"/>
  <testcase name="test_adjustBy" classname="com.opengamma.strata.basics.date.ImmutableHolidayCalendarTest" time="0"/>
  <testcase name="test_adjustBy" classname="com.opengamma.strata.basics.date.ImmutableHolidayCalendarTest" time="0"/>
  <testcase name="test_adjustBy" classname="com.opengamma.strata.basics.date.ImmutableHolidayCalendarTest" time="0"/>
  <testcase name="test_adjustBy" classname="com.opengamma.strata.basics.date.ImmutableHolidayCalendarTest" time="0"/>
  <testcase name="test_adjustBy" classname="com.opengamma.strata.basics.date.ImmutableHolidayCalendarTest" time="0"/>
  <testcase name="test_adjustBy" classname="com.opengamma.strata.basics.date.ImmutableHolidayCalendarTest" time="0"/>
  <testcase name="test_adjustBy" classname="com.opengamma.strata.basics.date.ImmutableHolidayCalendarTest" time="0"/>
  <testcase name="test_adjustBy" classname="com.opengamma.strata.basics.date.ImmutableHolidayCalendarTest" time="0"/>
  <testcase name="test_adjustBy" classname="com.opengamma.strata.basics.date.ImmutableHolidayCalendarTest" time="0"/>
  <testcase name="test_adjustBy" classname="com.opengamma.strata.basics.date.ImmutableHolidayCalendarTest" time="0"/>
  <testcase name="test_adjustBy" classname="com.opengamma.strata.basics.date.ImmutableHolidayCalendarTest" time="0"/>
  <testcase name="test_adjustBy" classname="com.opengamma.strata.basics.date.ImmutableHolidayCalendarTest" time="0"/>
  <testcase name="test_adjustBy" classname="com.opengamma.strata.basics.date.ImmutableHolidayCalendarTest" time="0.001"/>
  <testcase name="test_adjustBy" classname="com.opengamma.strata.basics.date.ImmutableHolidayCalendarTest" time="0"/>
  <testcase name="test_adjustBy" classname="com.opengamma.strata.basics.date.ImmutableHolidayCalendarTest" time="0"/>
  <testcase name="test_adjustBy" classname="com.opengamma.strata.basics.date.ImmutableHolidayCalendarTest" time="0"/>
  <testcase name="test_adjustBy" classname="com.opengamma.strata.basics.date.ImmutableHolidayCalendarTest" time="0"/>
  <testcase name="test_adjustBy" classname="com.opengamma.strata.basics.date.ImmutableHolidayCalendarTest" time="0"/>
  <testcase name="test_adjustBy" classname="com.opengamma.strata.basics.date.ImmutableHolidayCalendarTest" time="0"/>
  <testcase name="test_adjustBy" classname="com.opengamma.strata.basics.date.ImmutableHolidayCalendarTest" time="0.001"/>
  <testcase name="test_adjustBy" classname="com.opengamma.strata.basics.date.ImmutableHolidayCalendarTest" time="0"/>
  <testcase name="test_adjustBy" classname="com.opengamma.strata.basics.date.ImmutableHolidayCalendarTest" time="0"/>
  <testcase name="test_adjustBy" classname="com.opengamma.strata.basics.date.ImmutableHolidayCalendarTest" time="0"/>
  <testcase name="test_adjustBy" classname="com.opengamma.strata.basics.date.ImmutableHolidayCalendarTest" time="0"/>
  <testcase name="test_adjustBy" classname="com.opengamma.strata.basics.date.ImmutableHolidayCalendarTest" time="0"/>
  <testcase name="test_adjustBy" classname="com.opengamma.strata.basics.date.ImmutableHolidayCalendarTest" time="0"/>
  <testcase name="test_adjustBy" classname="com.opengamma.strata.basics.date.ImmutableHolidayCalendarTest" time="0.001"/>
  <testcase name="test_adjustBy" classname="com.opengamma.strata.basics.date.ImmutableHolidayCalendarTest" time="0"/>
  <testcase name="test_adjustBy" classname="com.opengamma.strata.basics.date.ImmutableHolidayCalendarTest" time="0"/>
  <testcase name="test_adjustBy" classname="com.opengamma.strata.basics.date.ImmutableHolidayCalendarTest" time="0"/>
  <testcase name="test_adjustBy" classname="com.opengamma.strata.basics.date.ImmutableHolidayCalendarTest" time="0"/>
  <testcase name="test_adjustBy" classname="com.opengamma.strata.basics.date.ImmutableHolidayCalendarTest" time="0"/>
  <testcase name="test_usdLibor3m_dates" classname="com.opengamma.strata.basics.index.IborIndexTest" time="0"/>
  <testcase name="test_usdLibor_all" classname="com.opengamma.strata.basics.index.IborIndexTest" time="0.001"/>
  <testcase name="test_zar_jibar" classname="com.opengamma.strata.basics.index.IborIndexTest" time="0"/>
  <testcase name="coverage" classname="com.opengamma.strata.basics.date.LocalDateUtilsTest" time="0"/>
  <testcase name="test_dayOfYear" classname="com.opengamma.strata.basics.date.LocalDateUtilsTest" time="0"/>
  <testcase name="test_daysBetween" classname="com.opengamma.strata.basics.date.LocalDateUtilsTest" time="0.002"/>
  <testcase name="test_plusDays0" classname="com.opengamma.strata.basics.date.LocalDateUtilsTest" time="0"/>
  <testcase name="test_plusDays1" classname="com.opengamma.strata.basics.date.LocalDateUtilsTest" time="0"/>
  <testcase name="test_plusDays3" classname="com.opengamma.strata.basics.date.LocalDateUtilsTest" time="0.001"/>
  <testcase name="test_plusDays99" classname="com.opengamma.strata.basics.date.LocalDateUtilsTest" time="0.001"/>
  <testcase name="test_plusDaysM1" classname="com.opengamma.strata.basics.date.LocalDateUtilsTest" time="0.001"/>
  <testcase name="test_yearFraction_ACT365L" classname="com.opengamma.strata.basics.date.DayCountTest" time="0.001"/>
  <testcase name="test_yearFraction_ACT365L" classname="com.opengamma.strata.basics.date.DayCountTest" time="0"/>
  <testcase name="test_yearFraction_ACT365L" classname="com.opengamma.strata.basics.date.DayCountTest" time="0"/>
  <testcase name="test_yearFraction_ACT365L" classname="com.opengamma.strata.basics.date.DayCountTest" time="0"/>
  <testcase name="test_yearFraction_ACT365L" classname="com.opengamma.strata.basics.date.DayCountTest" time="0"/>
  <testcase name="test_yearFraction_ACT365L" classname="com.opengamma.strata.basics.date.DayCountTest" time="0"/>
  <testcase name="test_yearFraction_ACT365L" classname="com.opengamma.strata.basics.date.DayCountTest" time="0"/>
  <testcase name="test_yearFraction_ACT365L" classname="com.opengamma.strata.basics.date.DayCountTest" time="0"/>
  <testcase name="test_yearFraction_ACT365L" classname="com.opengamma.strata.basics.date.DayCountTest" time="0"/>
  <testcase name="test_yearFraction_ACT365L" classname="com.opengamma.strata.basics.date.DayCountTest" time="0"/>
  <testcase name="test_yearFraction_ACT365L" classname="com.opengamma.strata.basics.date.DayCountTest" time="0"/>
  <testcase name="test_yearFraction_ACT365L" classname="com.opengamma.strata.basics.date.DayCountTest" time="0"/>
  <testcase name="test_yearFraction_ACTACTAFB" classname="com.opengamma.strata.basics.date.DayCountTest" time="0.001"/>
  <testcase name="test_yearFraction_ACTACTAFB" classname="com.opengamma.strata.basics.date.DayCountTest" time="0"/>
  <testcase name="test_yearFraction_ACTACTAFB" classname="com.opengamma.strata.basics.date.DayCountTest" time="0"/>
  <testcase name="test_yearFraction_ACTACTAFB" classname="com.opengamma.strata.basics.date.DayCountTest" time="0"/>
  <testcase name="test_yearFraction_ACTACTAFB" classname="com.opengamma.strata.basics.date.DayCountTest" time="0"/>
  <testcase name="test_yearFraction_ACTACTAFB" classname="com.opengamma.strata.basics.date.DayCountTest" time="0"/>
  <testcase name="test_yearFraction_ACTACTAFB" classname="com.opengamma.strata.basics.date.DayCountTest" time="0"/>
  <testcase name="test_yearFraction_ACTACTAFB" classname="com.opengamma.strata.basics.date.DayCountTest" time="0"/>
  <testcase name="test_yearFraction_ACTACTAFB" classname="com.opengamma.strata.basics.date.DayCountTest" time="0"/>
  <testcase name="test_yearFraction_ACTACTAFB" classname="com.opengamma.strata.basics.date.DayCountTest" time="0"/>
  <testcase name="test_yearFraction_ACTACTAFB" classname="com.opengamma.strata.basics.date.DayCountTest" time="0"/>
  <testcase name="test_yearFraction_ACTACTAFB" classname="com.opengamma.strata.basics.date.DayCountTest" time="0"/>
  <testcase name="test_yearFraction_ACTACTAFB" classname="com.opengamma.strata.basics.date.DayCountTest" time="0"/>
  <testcase name="test_yearFraction_ACTACTAFB" classname="com.opengamma.strata.basics.date.DayCountTest" time="0"/>
  <testcase name="test_yearFraction_ACTACTAFB" classname="com.opengamma.strata.basics.date.DayCountTest" time="0"/>
  <testcase name="test_yearFraction_ACTACTAFB" classname="com.opengamma.strata.basics.date.DayCountTest" time="0"/>
  <testcase name="test_yearFraction_ACTACTAFB" classname="com.opengamma.strata.basics.date.DayCountTest" time="0"/>
  <testcase name="test_yearFraction_ACTACTAFB" classname="com.opengamma.strata.basics.date.DayCountTest" time="0"/>
  <testcase name="test_yearFraction_ACTACTAFB" classname="com.opengamma.strata.basics.date.DayCountTest" time="0.001"/>
  <testcase name="test_yearFraction_ACTACTAFB" classname="com.opengamma.strata.basics.date.DayCountTest" time="0"/>
  <testcase name="test_yearFraction_ACTACTAFB" classname="com.opengamma.strata.basics.date.DayCountTest" time="0"/>
  <testcase name="test_yearFraction_ACTACTAFB" classname="com.opengamma.strata.basics.date.DayCountTest" time="0"/>
  <testcase name="test_yearFraction_ACTACTAFB" classname="com.opengamma.strata.basics.date.DayCountTest" time="0"/>
  <testcase name="test_yearFraction_ACTACTAFB" classname="com.opengamma.strata.basics.date.DayCountTest" time="0"/>
  <testcase name="test_yearFraction_ACTACTAFB" classname="com.opengamma.strata.basics.date.DayCountTest" time="0.001"/>
  <testcase name="test_yearFraction_ACTACTAFB" classname="com.opengamma.strata.basics.date.DayCountTest" time="0"/>
  <testcase name="test_yearFraction_ACTACTAFB" classname="com.opengamma.strata.basics.date.DayCountTest" time="0"/>
  <testcase name="test_yearFraction_ACTACTAFB" classname="com.opengamma.strata.basics.date.DayCountTest" time="0"/>
  <testcase name="test_yearFraction_ACTACTAFB" classname="com.opengamma.strata.basics.date.DayCountTest" time="0"/>
  <testcase name="test_yearFraction_ACTACTAFB" classname="com.opengamma.strata.basics.date.DayCountTest" time="0"/>
  <testcase name="test_yearFraction_ACTACTAFB" classname="com.opengamma.strata.basics.date.DayCountTest" time="0"/>
  <testcase name="test_yearFraction_ACTACTAFB" classname="com.opengamma.strata.basics.date.DayCountTest" time="0"/>
  <testcase name="test_yearFraction_ACTACTAFB" classname="com.opengamma.strata.basics.date.DayCountTest" time="0"/>
  <testcase name="test_yearFraction_ACTACTAFB" classname="com.opengamma.strata.basics.date.DayCountTest" time="0"/>
  <testcase name="test_yearFraction_ACTACTAFB" classname="com.opengamma.strata.basics.date.DayCountTest" time="0"/>
  <testcase name="test_yearFraction_ACTACTAFB" classname="com.opengamma.strata.basics.date.DayCountTest" time="0"/>
  <testcase name="test_yearFraction_ACTACTAFB" classname="com.opengamma.strata.basics.date.DayCountTest" time="0"/>
  <testcase name="test_yearFraction_ACTACTAFB" classname="com.opengamma.strata.basics.date.DayCountTest" time="0"/>
  <testcase name="test_yearFraction_ACTACTAFB" classname="com.opengamma.strata.basics.date.DayCountTest" time="0"/>
  <testcase name="test_yearFraction_ACTACTAFB" classname="com.opengamma.strata.basics.date.DayCountTest" time="0"/>
  <testcase name="test_yearFraction_ACTACTAFB" classname="com.opengamma.strata.basics.date.DayCountTest" time="0"/>
  <testcase name="test_yearFraction_ACTACTAFB" classname="com.opengamma.strata.basics.date.DayCountTest" time="0"/>
  <testcase name="test_yearFraction_ACTACTAFB" classname="com.opengamma.strata.basics.date.DayCountTest" time="0"/>
  <testcase name="test_yearFraction_ACTACTAFB" classname="com.opengamma.strata.basics.date.DayCountTest" time="0"/>
  <testcase name="test_yearFraction_ACTACTAFB" classname="com.opengamma.strata.basics.date.DayCountTest" time="0.001"/>
  <testcase name="test_yearFraction_ACTACTAFB" classname="com.opengamma.strata.basics.date.DayCountTest" time="0"/>
  <testcase name="test_yearFraction_ACTACTAFB" classname="com.opengamma.strata.basics.date.DayCountTest" time="0"/>
  <testcase name="test_yearFraction_ACTACTAFB" classname="com.opengamma.strata.basics.date.DayCountTest" time="0"/>
  <testcase name="test_yearFraction_ACTACTAFB" classname="com.opengamma.strata.basics.date.DayCountTest" time="0"/>
  <testcase name="test_yearFraction_ACTACTAFB" classname="com.opengamma.strata.basics.date.DayCountTest" time="0"/>
  <testcase name="test_yearFraction_ACTACTAFB" classname="com.opengamma.strata.basics.date.DayCountTest" time="0"/>
  <testcase name="test_yearFraction_ACTACTAFB" classname="com.opengamma.strata.basics.date.DayCountTest" time="0"/>
  <testcase name="test_yearFraction_ACTACTAFB" classname="com.opengamma.strata.basics.date.DayCountTest" time="0"/>
  <testcase name="test_yearFraction_ACTACTAFB" classname="com.opengamma.strata.basics.date.DayCountTest" time="0"/>
  <testcase name="test_yearFraction_ACTACTAFB" classname="com.opengamma.strata.basics.date.DayCountTest" time="0"/>
  <testcase name="test_yearFraction_ACTACTAFB" classname="com.opengamma.strata.basics.date.DayCountTest" time="0"/>
  <testcase name="test_yearFraction_ACTACTAFB" classname="com.opengamma.strata.basics.date.DayCountTest" time="0"/>
  <testcase name="testCompareTo" classname="com.opengamma.strata.basics.currency.MoneyTest" time="0"/>
  <testcase name="testConvertedToWithExplicitRate" classname="com.opengamma.strata.basics.currency.MoneyTest" time="0"/>
  <testcase name="test_beanBuilder" classname="com.opengamma.strata.basics.date.ImmutableHolidayCalendarTest" time="0.001"/>
  <testcase name="test_beanBuilder_noHolidays" classname="com.opengamma.strata.basics.date.ImmutableHolidayCalendarTest" time="0"/>
  <testcase name="testConvertedToWithExplicitRateForSameCurrency" classname="com.opengamma.strata.basics.currency.MoneyTest" time="0.003"/>
  <testcase name="testConvertedToWithRateProvider" classname="com.opengamma.strata.basics.currency.MoneyTest" time="0"/>
  <testcase name="testEquals" classname="com.opengamma.strata.basics.currency.MoneyTest" time="0"/>
  <testcase name="testHashCode" classname="com.opengamma.strata.basics.currency.MoneyTest" time="0"/>
  <testcase name="testOfCurrencyAmount" classname="com.opengamma.strata.basics.currency.MoneyTest" time="0"/>
  <testcase name="testOfCurrencyAndAmount" classname="com.opengamma.strata.basics.currency.MoneyTest" time="0"/>
  <testcase name="testParse" classname="com.opengamma.strata.basics.currency.MoneyTest" time="0.001"/>
  <testcase name="testParseWrongElementsNumber" classname="com.opengamma.strata.basics.currency.MoneyTest" time="0"/>
  <testcase name="testParseWrongFormat" classname="com.opengamma.strata.basics.currency.MoneyTest" time="0"/>
  <testcase name="testToString" classname="com.opengamma.strata.basics.currency.MoneyTest" time="0"/>
  <testcase name="coverage" classname="com.opengamma.strata.basics.currency.MultiCurrencyAmountTest" time="0"/>
  <testcase name="coverage" classname="com.opengamma.strata.basics.value.NoRoundingTest" time="0.002"/>
  <testcase name="round_BigDecimal_NONE" classname="com.opengamma.strata.basics.value.NoRoundingTest" time="0"/>
  <testcase name="collector" classname="com.opengamma.strata.basics.currency.MultiCurrencyAmountArrayTest" time="0"/>
  <testcase name="round_double_NONE" classname="com.opengamma.strata.basics.value.NoRoundingTest" time="0"/>
  <testcase name="test_none" classname="com.opengamma.strata.basics.value.NoRoundingTest" time="0"/>
  <testcase name="test_beanBuilder" classname="com.opengamma.strata.basics.currency.MultiCurrencyAmountTest" time="0.006"/>
  <testcase name="test_serialization" classname="com.opengamma.strata.basics.value.NoRoundingTest" time="0.006"/>
  <testcase name="test_beanBuilder_invalid" classname="com.opengamma.strata.basics.currency.MultiCurrencyAmountTest" time="0"/>
  <testcase name="test_collector" classname="com.opengamma.strata.basics.currency.MultiCurrencyAmountTest" time="0"/>
  <testcase name="collectorDifferentArrayLengths" classname="com.opengamma.strata.basics.currency.MultiCurrencyAmountArrayTest" time="0"/>
  <testcase name="test_collector_null" classname="com.opengamma.strata.basics.currency.MultiCurrencyAmountTest" time="0.003"/>
  <testcase name="coverage" classname="com.opengamma.strata.basics.index.OvernightIndexObservationTest" time="0"/>
  <testcase name="test_of" classname="com.opengamma.strata.basics.index.OvernightIndexObservationTest" time="0"/>
  <testcase name="test_serialization" classname="com.opengamma.strata.basics.index.OvernightIndexObservationTest" time="0.002"/>
  <testcase name="coverage" classname="com.opengamma.strata.basics.currency.MultiCurrencyAmountArrayTest" time="0.002"/>
  <testcase name="test_collector_parallel" classname="com.opengamma.strata.basics.currency.MultiCurrencyAmountTest" time="0.011"/>
  <testcase name="test_contains_null" classname="com.opengamma.strata.basics.currency.MultiCurrencyAmountTest" time="0"/>
  <testcase name="test_convertedTo_rateProvider_conversionSize1" classname="com.opengamma.strata.basics.currency.MultiCurrencyAmountTest" time="0.001"/>
  <testcase name="serializeSize" classname="com.opengamma.strata.basics.currency.MultiCurrencyAmountArrayTest" time="0"/>
  <testcase name="test_convertedTo_rateProvider_conversionSize2" classname="com.opengamma.strata.basics.currency.MultiCurrencyAmountTest" time="0"/>
  <testcase name="test_convertedTo" classname="com.opengamma.strata.basics.currency.MultiCurrencyAmountArrayTest" time="0"/>
  <testcase name="test_broadCheck" classname="com.opengamma.strata.basics.date.ImmutableHolidayCalendarTest" time="0.005"/>
  <testcase name="test_combineWith_none" classname="com.opengamma.strata.basics.date.ImmutableHolidayCalendarTest" time="0.001"/>
  <testcase name="test_combineWith_same" classname="com.opengamma.strata.basics.date.ImmutableHolidayCalendarTest" time="0"/>
  <testcase name="test_convertedTo_rateProvider_noConversionSize1" classname="com.opengamma.strata.basics.currency.MultiCurrencyAmountTest" time="0.001"/>
  <testcase name="test_empty" classname="com.opengamma.strata.basics.currency.MultiCurrencyAmountTest" time="0"/>
  <testcase name="test_convertedTo_existingCurrency" classname="com.opengamma.strata.basics.currency.MultiCurrencyAmountArrayTest" time="0"/>
  <testcase name="test_empty_amounts" classname="com.opengamma.strata.basics.currency.MultiCurrencyAmountArrayTest" time="0.001"/>
  <testcase name="test_equalsHashCode" classname="com.opengamma.strata.basics.currency.MultiCurrencyAmountArrayTest" time="0"/>
  <testcase name="test_combineWith_satSun" classname="com.opengamma.strata.basics.date.ImmutableHolidayCalendarTest" time="0"/>
  <testcase name="coverage" classname="com.opengamma.strata.basics.index.OvernightIndexTest" time="0"/>
  <testcase name="test_audAonia" classname="com.opengamma.strata.basics.index.OvernightIndexTest" time="0"/>
  <testcase name="test_brlCdi" classname="com.opengamma.strata.basics.index.OvernightIndexTest" time="0"/>
  <testcase name="test_chfSaron" classname="com.opengamma.strata.basics.index.OvernightIndexTest" time="0"/>
  <testcase name="test_dkkOis" classname="com.opengamma.strata.basics.index.OvernightIndexTest" time="0"/>
  <testcase name="test_equals" classname="com.opengamma.strata.basics.index.OvernightIndexTest" time="0.001"/>
  <testcase name="test_get" classname="com.opengamma.strata.basics.currency.MultiCurrencyAmountArrayTest" time="0"/>
  <testcase name="test_extendedEnum" classname="com.opengamma.strata.basics.index.OvernightIndexTest" time="0"/>
  <testcase name="test_extendedEnum" classname="com.opengamma.strata.basics.index.OvernightIndexTest" time="0"/>
  <testcase name="test_extendedEnum" classname="com.opengamma.strata.basics.index.OvernightIndexTest" time="0"/>
  <testcase name="test_extendedEnum" classname="com.opengamma.strata.basics.index.OvernightIndexTest" time="0"/>
  <testcase name="test_extendedEnum" classname="com.opengamma.strata.basics.index.OvernightIndexTest" time="0"/>
  <testcase name="test_extendedEnum" classname="com.opengamma.strata.basics.index.OvernightIndexTest" time="0"/>
  <testcase name="test_extendedEnum" classname="com.opengamma.strata.basics.index.OvernightIndexTest" time="0"/>
  <testcase name="test_extendedEnum" classname="com.opengamma.strata.basics.index.OvernightIndexTest" time="0"/>
  <testcase name="test_mapAmounts" classname="com.opengamma.strata.basics.currency.MultiCurrencyAmountTest" time="0"/>
  <testcase name="test_mapAmounts_null" classname="com.opengamma.strata.basics.currency.MultiCurrencyAmountTest" time="0"/>
  <testcase name="test_gbpSonia" classname="com.opengamma.strata.basics.index.OvernightIndexTest" time="0"/>
  <testcase name="test_gbpSonia_dates" classname="com.opengamma.strata.basics.index.OvernightIndexTest" time="0"/>
  <testcase name="test_getFloatingRateName" classname="com.opengamma.strata.basics.index.OvernightIndexTest" time="0.001"/>
  <testcase name="test_inrOis" classname="com.opengamma.strata.basics.index.OvernightIndexTest" time="0"/>
  <testcase name="test_combined" classname="com.opengamma.strata.basics.date.ImmutableHolidayCalendarTest" time="0.001"/>
  <testcase name="test_combinedWith" classname="com.opengamma.strata.basics.date.ImmutableHolidayCalendarTest" time="0"/>
  <testcase name="test_combined_same" classname="com.opengamma.strata.basics.date.ImmutableHolidayCalendarTest" time="0"/>
  <testcase name="test_daysBetween_LocalDateLocalDate" classname="com.opengamma.strata.basics.date.ImmutableHolidayCalendarTest" time="0"/>
  <testcase name="test_daysBetween_LocalDateLocalDate" classname="com.opengamma.strata.basics.date.ImmutableHolidayCalendarTest" time="0"/>
  <testcase name="test_daysBetween_LocalDateLocalDate" classname="com.opengamma.strata.basics.date.ImmutableHolidayCalendarTest" time="0"/>
  <testcase name="test_daysBetween_LocalDateLocalDate" classname="com.opengamma.strata.basics.date.ImmutableHolidayCalendarTest" time="0.001"/>
  <testcase name="test_daysBetween_LocalDateLocalDate" classname="com.opengamma.strata.basics.date.ImmutableHolidayCalendarTest" time="0"/>
  <testcase name="test_daysBetween_LocalDateLocalDate" classname="com.opengamma.strata.basics.date.ImmutableHolidayCalendarTest" time="0"/>
  <testcase name="test_daysBetween_LocalDateLocalDate" classname="com.opengamma.strata.basics.date.ImmutableHolidayCalendarTest" time="0"/>
  <testcase name="test_daysBetween_LocalDateLocalDate" classname="com.opengamma.strata.basics.date.ImmutableHolidayCalendarTest" time="0"/>
  <testcase name="test_daysBetween_LocalDateLocalDate" classname="com.opengamma.strata.basics.date.ImmutableHolidayCalendarTest" time="0"/>
  <testcase name="test_daysBetween_LocalDateLocalDate" classname="com.opengamma.strata.basics.date.ImmutableHolidayCalendarTest" time="0.001"/>
  <testcase name="test_daysBetween_LocalDateLocalDate" classname="com.opengamma.strata.basics.date.ImmutableHolidayCalendarTest" time="0"/>
  <testcase name="test_daysBetween_LocalDateLocalDate" classname="com.opengamma.strata.basics.date.ImmutableHolidayCalendarTest" time="0"/>
  <testcase name="test_mapCurrencyAmounts" classname="com.opengamma.strata.basics.currency.MultiCurrencyAmountTest" time="0"/>
  <testcase name="test_getValues" classname="com.opengamma.strata.basics.currency.MultiCurrencyAmountArrayTest" time="0"/>
  <testcase name="test_mapCurrencyAmounts_null" classname="com.opengamma.strata.basics.currency.MultiCurrencyAmountTest" time="0"/>
  <testcase name="test_minus_CurrencyAmount_add" classname="com.opengamma.strata.basics.currency.MultiCurrencyAmountTest" time="0.001"/>
  <testcase name="test_minusAmount" classname="com.opengamma.strata.basics.currency.MultiCurrencyAmountArrayTest" time="0"/>
  <testcase name="test_minus_CurrencyAmount_merge" classname="com.opengamma.strata.basics.currency.MultiCurrencyAmountTest" time="0"/>
  <testcase name="test_minusArray" classname="com.opengamma.strata.basics.currency.MultiCurrencyAmountArrayTest" time="0.001"/>
  <testcase name="test_minus_CurrencyAmount_null" classname="com.opengamma.strata.basics.currency.MultiCurrencyAmountTest" time="0.001"/>
  <testcase name="test_minusDifferentSize" classname="com.opengamma.strata.basics.currency.MultiCurrencyAmountArrayTest" time="0.001"/>
  <testcase name="test_equals" classname="com.opengamma.strata.basics.date.ImmutableHolidayCalendarTest" time="0"/>
  <testcase name="test_jodaConvert" classname="com.opengamma.strata.basics.index.OvernightIndexTest" time="0"/>
  <testcase name="test_name" classname="com.opengamma.strata.basics.index.OvernightIndexTest" time="0"/>
  <testcase name="test_name" classname="com.opengamma.strata.basics.index.OvernightIndexTest" time="0"/>
  <testcase name="test_name" classname="com.opengamma.strata.basics.index.OvernightIndexTest" time="0"/>
  <testcase name="test_name" classname="com.opengamma.strata.basics.index.OvernightIndexTest" time="0"/>
  <testcase name="test_name" classname="com.opengamma.strata.basics.index.OvernightIndexTest" time="0"/>
  <testcase name="test_name" classname="com.opengamma.strata.basics.index.OvernightIndexTest" time="0"/>
  <testcase name="test_name" classname="com.opengamma.strata.basics.index.OvernightIndexTest" time="0"/>
  <testcase name="test_name" classname="com.opengamma.strata.basics.index.OvernightIndexTest" time="0"/>
  <testcase name="test_isBusinessDay_outOfRange" classname="com.opengamma.strata.basics.date.ImmutableHolidayCalendarTest" time="0"/>
  <testcase name="test_nzdOis" classname="com.opengamma.strata.basics.index.OvernightIndexTest" time="0"/>
  <testcase name="test_of_lookup" classname="com.opengamma.strata.basics.index.OvernightIndexTest" time="0"/>
  <testcase name="test_of_lookup" classname="com.opengamma.strata.basics.index.OvernightIndexTest" time="0"/>
  <testcase name="test_of_lookup" classname="com.opengamma.strata.basics.index.OvernightIndexTest" time="0"/>
  <testcase name="test_of_lookup" classname="com.opengamma.strata.basics.index.OvernightIndexTest" time="0"/>
  <testcase name="test_of_lookup" classname="com.opengamma.strata.basics.index.OvernightIndexTest" time="0"/>
  <testcase name="test_of_lookup" classname="com.opengamma.strata.basics.index.OvernightIndexTest" time="0.001"/>
  <testcase name="test_of_lookup" classname="com.opengamma.strata.basics.index.OvernightIndexTest" time="0"/>
  <testcase name="test_of_lookup" classname="com.opengamma.strata.basics.index.OvernightIndexTest" time="0"/>
  <testcase name="test_isLastBusinessDayOfMonth" classname="com.opengamma.strata.basics.date.ImmutableHolidayCalendarTest" time="0"/>
  <testcase name="test_isLastBusinessDayOfMonth" classname="com.opengamma.strata.basics.date.ImmutableHolidayCalendarTest" time="0"/>
  <testcase name="test_isLastBusinessDayOfMonth" classname="com.opengamma.strata.basics.date.ImmutableHolidayCalendarTest" time="0"/>
  <testcase name="test_isLastBusinessDayOfMonth" classname="com.opengamma.strata.basics.date.ImmutableHolidayCalendarTest" time="0"/>
  <testcase name="test_isLastBusinessDayOfMonth" classname="com.opengamma.strata.basics.date.ImmutableHolidayCalendarTest" time="0"/>
  <testcase name="test_isLastBusinessDayOfMonth" classname="com.opengamma.strata.basics.date.ImmutableHolidayCalendarTest" time="0.001"/>
  <testcase name="test_isLastBusinessDayOfMonth" classname="com.opengamma.strata.basics.date.ImmutableHolidayCalendarTest" time="0"/>
  <testcase name="test_isLastBusinessDayOfMonth" classname="com.opengamma.strata.basics.date.ImmutableHolidayCalendarTest" time="0"/>
  <testcase name="test_isLastBusinessDayOfMonth" classname="com.opengamma.strata.basics.date.ImmutableHolidayCalendarTest" time="0"/>
  <testcase name="test_isLastBusinessDayOfMonth" classname="com.opengamma.strata.basics.date.ImmutableHolidayCalendarTest" time="0"/>
  <testcase name="test_isLastBusinessDayOfMonth" classname="com.opengamma.strata.basics.date.ImmutableHolidayCalendarTest" time="0"/>
  <testcase name="test_isLastBusinessDayOfMonth" classname="com.opengamma.strata.basics.date.ImmutableHolidayCalendarTest" time="0"/>
  <testcase name="test_isLastBusinessDayOfMonth" classname="com.opengamma.strata.basics.date.ImmutableHolidayCalendarTest" time="0"/>
  <testcase name="test_isLastBusinessDayOfMonth" classname="com.opengamma.strata.basics.date.ImmutableHolidayCalendarTest" time="0"/>
  <testcase name="test_isLastBusinessDayOfMonth" classname="com.opengamma.strata.basics.date.ImmutableHolidayCalendarTest" time="0"/>
  <testcase name="test_minus_CurrencyDouble_add" classname="com.opengamma.strata.basics.currency.MultiCurrencyAmountTest" time="0"/>
  <testcase name="test_minus_CurrencyDouble_merge" classname="com.opengamma.strata.basics.currency.MultiCurrencyAmountTest" time="0.001"/>
  <testcase name="test_isLastBusinessDayOfMonth_range" classname="com.opengamma.strata.basics.date.ImmutableHolidayCalendarTest" time="0.001"/>
  <testcase name="test_lastBusinessDayOfMonth" classname="com.opengamma.strata.basics.date.ImmutableHolidayCalendarTest" time="0"/>
  <testcase name="test_lastBusinessDayOfMonth" classname="com.opengamma.strata.basics.date.ImmutableHolidayCalendarTest" time="0"/>
  <testcase name="test_lastBusinessDayOfMonth" classname="com.opengamma.strata.basics.date.ImmutableHolidayCalendarTest" time="0"/>
  <testcase name="test_lastBusinessDayOfMonth" classname="com.opengamma.strata.basics.date.ImmutableHolidayCalendarTest" time="0"/>
  <testcase name="test_lastBusinessDayOfMonth" classname="com.opengamma.strata.basics.date.ImmutableHolidayCalendarTest" time="0"/>
  <testcase name="test_lastBusinessDayOfMonth" classname="com.opengamma.strata.basics.date.ImmutableHolidayCalendarTest" time="0"/>
  <testcase name="test_lastBusinessDayOfMonth" classname="com.opengamma.strata.basics.date.ImmutableHolidayCalendarTest" time="0"/>
  <testcase name="test_lastBusinessDayOfMonth" classname="com.opengamma.strata.basics.date.ImmutableHolidayCalendarTest" time="0"/>
  <testcase name="test_lastBusinessDayOfMonth" classname="com.opengamma.strata.basics.date.ImmutableHolidayCalendarTest" time="0"/>
  <testcase name="test_lastBusinessDayOfMonth" classname="com.opengamma.strata.basics.date.ImmutableHolidayCalendarTest" time="0"/>
  <testcase name="test_lastBusinessDayOfMonth" classname="com.opengamma.strata.basics.date.ImmutableHolidayCalendarTest" time="0"/>
  <testcase name="test_lastBusinessDayOfMonth" classname="com.opengamma.strata.basics.date.ImmutableHolidayCalendarTest" time="0"/>
  <testcase name="test_lastBusinessDayOfMonth" classname="com.opengamma.strata.basics.date.ImmutableHolidayCalendarTest" time="0"/>
  <testcase name="test_lastBusinessDayOfMonth" classname="com.opengamma.strata.basics.date.ImmutableHolidayCalendarTest" time="0"/>
  <testcase name="test_lastBusinessDayOfMonth" classname="com.opengamma.strata.basics.date.ImmutableHolidayCalendarTest" time="0.001"/>
  <testcase name="test_minus_CurrencyDouble_null" classname="com.opengamma.strata.basics.currency.MultiCurrencyAmountTest" time="0"/>
  <testcase name="test_minus_MultiCurrencyAmount_empty" classname="com.opengamma.strata.basics.currency.MultiCurrencyAmountTest" time="0"/>
  <testcase name="test_of_lookup_notFound" classname="com.opengamma.strata.basics.index.OvernightIndexTest" time="0"/>
  <testcase name="test_lastBusinessDayOfMonth_range" classname="com.opengamma.strata.basics.date.ImmutableHolidayCalendarTest" time="0"/>
  <testcase name="test_of_lookup_null" classname="com.opengamma.strata.basics.index.OvernightIndexTest" time="0"/>
  <testcase name="test_lastBusinessDayOfMonth_satSun" classname="com.opengamma.strata.basics.date.ImmutableHolidayCalendarTest" time="0"/>
  <testcase name="test_minus_MultiCurrencyAmount_mergeAndAdd" classname="com.opengamma.strata.basics.currency.MultiCurrencyAmountTest" time="0"/>
  <testcase name="test_next" classname="com.opengamma.strata.basics.date.ImmutableHolidayCalendarTest" time="0"/>
  <testcase name="test_next" classname="com.opengamma.strata.basics.date.ImmutableHolidayCalendarTest" time="0"/>
  <testcase name="test_next" classname="com.opengamma.strata.basics.date.ImmutableHolidayCalendarTest" time="0"/>
  <testcase name="test_next" classname="com.opengamma.strata.basics.date.ImmutableHolidayCalendarTest" time="0"/>
  <testcase name="test_next" classname="com.opengamma.strata.basics.date.ImmutableHolidayCalendarTest" time="0"/>
  <testcase name="test_next" classname="com.opengamma.strata.basics.date.ImmutableHolidayCalendarTest" time="0"/>
  <testcase name="test_next" classname="com.opengamma.strata.basics.date.ImmutableHolidayCalendarTest" time="0"/>
  <testcase name="test_next" classname="com.opengamma.strata.basics.date.ImmutableHolidayCalendarTest" time="0"/>
  <testcase name="test_next" classname="com.opengamma.strata.basics.date.ImmutableHolidayCalendarTest" time="0"/>
  <testcase name="test_next" classname="com.opengamma.strata.basics.date.ImmutableHolidayCalendarTest" time="0"/>
  <testcase name="test_next" classname="com.opengamma.strata.basics.date.ImmutableHolidayCalendarTest" time="0"/>
  <testcase name="test_next" classname="com.opengamma.strata.basics.date.ImmutableHolidayCalendarTest" time="0"/>
  <testcase name="test_next" classname="com.opengamma.strata.basics.date.ImmutableHolidayCalendarTest" time="0"/>
  <testcase name="test_next" classname="com.opengamma.strata.basics.date.ImmutableHolidayCalendarTest" time="0"/>
  <testcase name="test_next" classname="com.opengamma.strata.basics.date.ImmutableHolidayCalendarTest" time="0"/>
  <testcase name="test_next" classname="com.opengamma.strata.basics.date.ImmutableHolidayCalendarTest" time="0"/>
  <testcase name="test_next" classname="com.opengamma.strata.basics.date.ImmutableHolidayCalendarTest" time="0"/>
  <testcase name="test_next" classname="com.opengamma.strata.basics.date.ImmutableHolidayCalendarTest" time="0"/>
  <testcase name="test_next" classname="com.opengamma.strata.basics.date.ImmutableHolidayCalendarTest" time="0"/>
  <testcase name="test_next" classname="com.opengamma.strata.basics.date.ImmutableHolidayCalendarTest" time="0"/>
  <testcase name="test_plnOis" classname="com.opengamma.strata.basics.index.OvernightIndexTest" time="0"/>
  <testcase name="test_minus_MultiCurrencyAmount_null" classname="com.opengamma.strata.basics.currency.MultiCurrencyAmountTest" time="0"/>
  <testcase name="test_multipliedBy" classname="com.opengamma.strata.basics.currency.MultiCurrencyAmountTest" time="0.002"/>
  <testcase name="test_negated" classname="com.opengamma.strata.basics.currency.MultiCurrencyAmountTest" time="0"/>
  <testcase name="test_of_CurrencyDouble" classname="com.opengamma.strata.basics.currency.MultiCurrencyAmountTest" time="0"/>
  <testcase name="test_of_CurrencyDouble_null" classname="com.opengamma.strata.basics.currency.MultiCurrencyAmountTest" time="0"/>
  <testcase name="test_sekOis" classname="com.opengamma.strata.basics.index.OvernightIndexTest" time="0"/>
  <testcase name="test_of_Iterable" classname="com.opengamma.strata.basics.currency.MultiCurrencyAmountTest" time="0"/>
  <testcase name="test_of_Iterable_containsNull" classname="com.opengamma.strata.basics.currency.MultiCurrencyAmountTest" time="0"/>
  <testcase name="test_serialization" classname="com.opengamma.strata.basics.index.OvernightIndexTest" time="0"/>
  <testcase name="test_sgdSonar" classname="com.opengamma.strata.basics.index.OvernightIndexTest" time="0"/>
  <testcase name="test_of_Iterable_duplicate" classname="com.opengamma.strata.basics.currency.MultiCurrencyAmountTest" time="0"/>
  <testcase name="test_toString" classname="com.opengamma.strata.basics.index.OvernightIndexTest" time="0"/>
  <testcase name="test_toString" classname="com.opengamma.strata.basics.index.OvernightIndexTest" time="0"/>
  <testcase name="test_toString" classname="com.opengamma.strata.basics.index.OvernightIndexTest" time="0"/>
  <testcase name="test_toString" classname="com.opengamma.strata.basics.index.OvernightIndexTest" time="0"/>
  <testcase name="test_toString" classname="com.opengamma.strata.basics.index.OvernightIndexTest" time="0"/>
  <testcase name="test_toString" classname="com.opengamma.strata.basics.index.OvernightIndexTest" time="0"/>
  <testcase name="test_toString" classname="com.opengamma.strata.basics.index.OvernightIndexTest" time="0"/>
  <testcase name="test_toString" classname="com.opengamma.strata.basics.index.OvernightIndexTest" time="0"/>
  <testcase name="test_of_Iterable_null" classname="com.opengamma.strata.basics.currency.MultiCurrencyAmountTest" time="0"/>
  <testcase name="test_of_Map" classname="com.opengamma.strata.basics.currency.MultiCurrencyAmountTest" time="0"/>
  <testcase name="test_of_Map_null" classname="com.opengamma.strata.basics.currency.MultiCurrencyAmountTest" time="0"/>
  <testcase name="test_of_VarArgs" classname="com.opengamma.strata.basics.currency.MultiCurrencyAmountTest" time="0"/>
  <testcase name="test_of_VarArgs_duplicate" classname="com.opengamma.strata.basics.currency.MultiCurrencyAmountTest" time="0"/>
  <testcase name="test_of_VarArgs_empty" classname="com.opengamma.strata.basics.currency.MultiCurrencyAmountTest" time="0"/>
  <testcase name="test_of_VarArgs_null" classname="com.opengamma.strata.basics.currency.MultiCurrencyAmountTest" time="0"/>
  <testcase name="test_plus_CurrencyAmount_add" classname="com.opengamma.strata.basics.currency.MultiCurrencyAmountTest" time="0.003"/>
  <testcase name="test_plus_CurrencyAmount_merge" classname="com.opengamma.strata.basics.currency.MultiCurrencyAmountTest" time="0"/>
  <testcase name="test_plus_CurrencyAmount_null" classname="com.opengamma.strata.basics.currency.MultiCurrencyAmountTest" time="0"/>
  <testcase name="test_plus_CurrencyDouble_add" classname="com.opengamma.strata.basics.currency.MultiCurrencyAmountTest" time="0"/>
  <testcase name="test_plus_CurrencyDouble_merge" classname="com.opengamma.strata.basics.currency.MultiCurrencyAmountTest" time="0.003"/>
  <testcase name="test_plus_CurrencyDouble_null" classname="com.opengamma.strata.basics.currency.MultiCurrencyAmountTest" time="0"/>
  <testcase name="test_plus_MultiCurrencyAmount_empty" classname="com.opengamma.strata.basics.currency.MultiCurrencyAmountTest" time="0"/>
  <testcase name="test_plus_MultiCurrencyAmount_mergeAndAdd" classname="com.opengamma.strata.basics.currency.MultiCurrencyAmountTest" time="0"/>
  <testcase name="test_plus_MultiCurrencyAmount_null" classname="com.opengamma.strata.basics.currency.MultiCurrencyAmountTest" time="0"/>
  <testcase name="test_of" classname="com.opengamma.strata.basics.currency.MultiCurrencyAmountArrayTest" time="0.001">
    <failure message="&#10;Expecting:&#10; &lt;[EUR, GBP, USD]&gt;&#10;to be equal to:&#10; &lt;[GBP, USD, EUR]&gt;&#10;when comparing elements using Ordering.natural()&#10;but was not." type="java.lang.AssertionError"><![CDATA[java.lang.AssertionError: 

Expecting:
 <[EUR, GBP, USD]>
to be equal to:
 <[GBP, USD, EUR]>
when comparing elements using Ordering.natural()
but was not.
	at com.opengamma.strata.basics.currency.MultiCurrencyAmountArrayTest.test_of(MultiCurrencyAmountArrayTest.java:75)
]]></failure>
  </testcase>
  <testcase name="test_usdFedFund3m" classname="com.opengamma.strata.basics.index.OvernightIndexTest" time="0"/>
  <testcase name="test_usdFedFund_dates" classname="com.opengamma.strata.basics.index.OvernightIndexTest" time="0"/>
  <testcase name="test_zarSabor" classname="com.opengamma.strata.basics.index.OvernightIndexTest" time="0"/>
  <testcase name="test_nextLastOrSame" classname="com.opengamma.strata.basics.date.ImmutableHolidayCalendarTest" time="0"/>
  <testcase name="test_nextLastOrSame" classname="com.opengamma.strata.basics.date.ImmutableHolidayCalendarTest" time="0"/>
  <testcase name="test_nextLastOrSame" classname="com.opengamma.strata.basics.date.ImmutableHolidayCalendarTest" time="0"/>
  <testcase name="test_nextLastOrSame" classname="com.opengamma.strata.basics.date.ImmutableHolidayCalendarTest" time="0"/>
  <testcase name="test_nextLastOrSame" classname="com.opengamma.strata.basics.date.ImmutableHolidayCalendarTest" time="0"/>
  <testcase name="test_nextLastOrSame" classname="com.opengamma.strata.basics.date.ImmutableHolidayCalendarTest" time="0"/>
  <testcase name="test_nextLastOrSame" classname="com.opengamma.strata.basics.date.ImmutableHolidayCalendarTest" time="0"/>
  <testcase name="test_nextLastOrSame" classname="com.opengamma.strata.basics.date.ImmutableHolidayCalendarTest" time="0"/>
  <testcase name="test_nextLastOrSame" classname="com.opengamma.strata.basics.date.ImmutableHolidayCalendarTest" time="0"/>
  <testcase name="test_nextLastOrSame" classname="com.opengamma.strata.basics.date.ImmutableHolidayCalendarTest" time="0"/>
  <testcase name="test_nextLastOrSame" classname="com.opengamma.strata.basics.date.ImmutableHolidayCalendarTest" time="0"/>
  <testcase name="test_nextLastOrSame" classname="com.opengamma.strata.basics.date.ImmutableHolidayCalendarTest" time="0"/>
  <testcase name="test_nextLastOrSame" classname="com.opengamma.strata.basics.date.ImmutableHolidayCalendarTest" time="0"/>
  <testcase name="test_nextLastOrSame" classname="com.opengamma.strata.basics.date.ImmutableHolidayCalendarTest" time="0"/>
  <testcase name="test_nextLastOrSame" classname="com.opengamma.strata.basics.date.ImmutableHolidayCalendarTest" time="0"/>
  <testcase name="test_nextLastOrSame" classname="com.opengamma.strata.basics.date.ImmutableHolidayCalendarTest" time="0.001"/>
  <testcase name="test_nextLastOrSame" classname="com.opengamma.strata.basics.date.ImmutableHolidayCalendarTest" time="0"/>
  <testcase name="test_nextLastOrSame" classname="com.opengamma.strata.basics.date.ImmutableHolidayCalendarTest" time="0"/>
  <testcase name="test_nextLastOrSame" classname="com.opengamma.strata.basics.date.ImmutableHolidayCalendarTest" time="0"/>
  <testcase name="test_nextLastOrSame" classname="com.opengamma.strata.basics.date.ImmutableHolidayCalendarTest" time="0"/>
  <testcase name="test_nextLastOrSame" classname="com.opengamma.strata.basics.date.ImmutableHolidayCalendarTest" time="0.001"/>
  <testcase name="test_nextLastOrSame" classname="com.opengamma.strata.basics.date.ImmutableHolidayCalendarTest" time="0"/>
  <testcase name="test_nextLastOrSame" classname="com.opengamma.strata.basics.date.ImmutableHolidayCalendarTest" time="0"/>
  <testcase name="test_nextLastOrSame" classname="com.opengamma.strata.basics.date.ImmutableHolidayCalendarTest" time="0"/>
  <testcase name="test_of_function" classname="com.opengamma.strata.basics.currency.MultiCurrencyAmountArrayTest" time="0.001"/>
  <testcase name="test_nextOrSame" classname="com.opengamma.strata.basics.date.ImmutableHolidayCalendarTest" time="0"/>
  <testcase name="test_nextOrSame" classname="com.opengamma.strata.basics.date.ImmutableHolidayCalendarTest" time="0"/>
  <testcase name="test_nextOrSame" classname="com.opengamma.strata.basics.date.ImmutableHolidayCalendarTest" time="0"/>
  <testcase name="test_nextOrSame" classname="com.opengamma.strata.basics.date.ImmutableHolidayCalendarTest" time="0"/>
  <testcase name="test_nextOrSame" classname="com.opengamma.strata.basics.date.ImmutableHolidayCalendarTest" time="0"/>
  <testcase name="test_nextOrSame" classname="com.opengamma.strata.basics.date.ImmutableHolidayCalendarTest" time="0"/>
  <testcase name="test_nextOrSame" classname="com.opengamma.strata.basics.date.ImmutableHolidayCalendarTest" time="0"/>
  <testcase name="test_nextOrSame" classname="com.opengamma.strata.basics.date.ImmutableHolidayCalendarTest" time="0"/>
  <testcase name="test_nextOrSame" classname="com.opengamma.strata.basics.date.ImmutableHolidayCalendarTest" time="0"/>
  <testcase name="test_nextOrSame" classname="com.opengamma.strata.basics.date.ImmutableHolidayCalendarTest" time="0"/>
  <testcase name="test_nextOrSame" classname="com.opengamma.strata.basics.date.ImmutableHolidayCalendarTest" time="0"/>
  <testcase name="test_nextOrSame" classname="com.opengamma.strata.basics.date.ImmutableHolidayCalendarTest" time="0"/>
  <testcase name="test_nextOrSame" classname="com.opengamma.strata.basics.date.ImmutableHolidayCalendarTest" time="0"/>
  <testcase name="test_nextOrSame" classname="com.opengamma.strata.basics.date.ImmutableHolidayCalendarTest" time="0"/>
  <testcase name="test_nextOrSame" classname="com.opengamma.strata.basics.date.ImmutableHolidayCalendarTest" time="0"/>
  <testcase name="test_nextOrSame" classname="com.opengamma.strata.basics.date.ImmutableHolidayCalendarTest" time="0"/>
  <testcase name="test_nextOrSame" classname="com.opengamma.strata.basics.date.ImmutableHolidayCalendarTest" time="0"/>
  <testcase name="test_nextOrSame" classname="com.opengamma.strata.basics.date.ImmutableHolidayCalendarTest" time="0"/>
  <testcase name="test_nextOrSame" classname="com.opengamma.strata.basics.date.ImmutableHolidayCalendarTest" time="0"/>
  <testcase name="test_nextOrSame" classname="com.opengamma.strata.basics.date.ImmutableHolidayCalendarTest" time="0"/>
  <testcase name="test_nextOrSame" classname="com.opengamma.strata.basics.date.ImmutableHolidayCalendarTest" time="0"/>
  <testcase name="test_of_function_empty_amounts" classname="com.opengamma.strata.basics.currency.MultiCurrencyAmountArrayTest" time="0"/>
  <testcase name="test_serialization" classname="com.opengamma.strata.basics.currency.MultiCurrencyAmountTest" time="0.001"/>
  <testcase name="test_of_map" classname="com.opengamma.strata.basics.currency.MultiCurrencyAmountArrayTest" time="0"/>
  <testcase name="coverage" classname="com.opengamma.strata.basics.currency.PaymentTest" time="0.003"/>
  <testcase name="test_plusAmount" classname="com.opengamma.strata.basics.currency.MultiCurrencyAmountArrayTest" time="0"/>
  <testcase name="test_adjustDate" classname="com.opengamma.strata.basics.currency.PaymentTest" time="0.001"/>
  <testcase name="test_adjustDate_noChange" classname="com.opengamma.strata.basics.currency.PaymentTest" time="0"/>
  <testcase name="test_builder" classname="com.opengamma.strata.basics.currency.PaymentTest" time="0"/>
  <testcase name="test_convertedTo_rateProvider" classname="com.opengamma.strata.basics.currency.PaymentTest" time="0"/>
  <testcase name="test_negated" classname="com.opengamma.strata.basics.currency.PaymentTest" time="0"/>
  <testcase name="test_ofPay" classname="com.opengamma.strata.basics.currency.PaymentTest" time="0"/>
  <testcase name="test_ofReceive" classname="com.opengamma.strata.basics.currency.PaymentTest" time="0"/>
  <testcase name="test_of_2args" classname="com.opengamma.strata.basics.currency.PaymentTest" time="0"/>
  <testcase name="test_of_3args" classname="com.opengamma.strata.basics.currency.PaymentTest" time="0.001"/>
  <testcase name="test_serialization" classname="com.opengamma.strata.basics.currency.PaymentTest" time="0.001"/>
  <testcase name="coverage" classname="com.opengamma.strata.basics.date.PeriodAdditionConventionTest" time="0.001"/>
  <testcase name="test_convention" classname="com.opengamma.strata.basics.date.PeriodAdditionConventionTest" time="0"/>
  <testcase name="test_convention" classname="com.opengamma.strata.basics.date.PeriodAdditionConventionTest" time="0"/>
  <testcase name="test_convention" classname="com.opengamma.strata.basics.date.PeriodAdditionConventionTest" time="0.001"/>
  <testcase name="test_convention" classname="com.opengamma.strata.basics.date.PeriodAdditionConventionTest" time="0"/>
  <testcase name="test_convention" classname="com.opengamma.strata.basics.date.PeriodAdditionConventionTest" time="0"/>
  <testcase name="test_convention" classname="com.opengamma.strata.basics.date.PeriodAdditionConventionTest" time="0"/>
  <testcase name="test_convention" classname="com.opengamma.strata.basics.date.PeriodAdditionConventionTest" time="0"/>
  <testcase name="test_convention" classname="com.opengamma.strata.basics.date.PeriodAdditionConventionTest" time="0"/>
  <testcase name="test_convention" classname="com.opengamma.strata.basics.date.PeriodAdditionConventionTest" time="0"/>
  <testcase name="test_stream" classname="com.opengamma.strata.basics.currency.MultiCurrencyAmountTest" time="0"/>
  <testcase name="test_nextOrSame_range" classname="com.opengamma.strata.basics.date.ImmutableHolidayCalendarTest" time="0"/>
  <testcase name="test_extendedEnum" classname="com.opengamma.strata.basics.date.PeriodAdditionConventionTest" time="0"/>
  <testcase name="test_extendedEnum" classname="com.opengamma.strata.basics.date.PeriodAdditionConventionTest" time="0"/>
  <testcase name="test_extendedEnum" classname="com.opengamma.strata.basics.date.PeriodAdditionConventionTest" time="0"/>
  <testcase name="test_jodaConvert" classname="com.opengamma.strata.basics.date.PeriodAdditionConventionTest" time="0.011"/>
  <testcase name="test_name" classname="com.opengamma.strata.basics.date.PeriodAdditionConventionTest" time="0"/>
  <testcase name="test_name" classname="com.opengamma.strata.basics.date.PeriodAdditionConventionTest" time="0"/>
  <testcase name="test_name" classname="com.opengamma.strata.basics.date.PeriodAdditionConventionTest" time="0"/>
  <testcase name="test_nextSameOrLastInMonth_range" classname="com.opengamma.strata.basics.date.ImmutableHolidayCalendarTest" time="0"/>
  <testcase name="test_next_range" classname="com.opengamma.strata.basics.date.ImmutableHolidayCalendarTest" time="0.001"/>
  <testcase name="test_toMap" classname="com.opengamma.strata.basics.currency.MultiCurrencyAmountTest" time="0"/>
  <testcase name="test_null" classname="com.opengamma.strata.basics.date.PeriodAdditionConventionTest" time="0"/>
  <testcase name="test_null" classname="com.opengamma.strata.basics.date.PeriodAdditionConventionTest" time="0"/>
  <testcase name="test_null" classname="com.opengamma.strata.basics.date.PeriodAdditionConventionTest" time="0"/>
  <testcase name="test_total_Iterable" classname="com.opengamma.strata.basics.currency.MultiCurrencyAmountTest" time="0"/>
  <testcase name="test_of_IterableDayOfWeekDayOfWeek_null" classname="com.opengamma.strata.basics.date.ImmutableHolidayCalendarTest" time="0"/>
  <testcase name="test_of_lookup" classname="com.opengamma.strata.basics.date.PeriodAdditionConventionTest" time="0"/>
  <testcase name="test_of_lookup" classname="com.opengamma.strata.basics.date.PeriodAdditionConventionTest" time="0.001"/>
  <testcase name="test_of_lookup" classname="com.opengamma.strata.basics.date.PeriodAdditionConventionTest" time="0"/>
  <testcase name="test_of_IterableDayOfWeekDayOfWeek_satSunWeekend" classname="com.opengamma.strata.basics.date.ImmutableHolidayCalendarTest" time="0"/>
  <testcase name="test_of_IterableDayOfWeekDayOfWeek_satSunWeekend" classname="com.opengamma.strata.basics.date.ImmutableHolidayCalendarTest" time="0"/>
  <testcase name="test_of_IterableDayOfWeekDayOfWeek_satSunWeekend" classname="com.opengamma.strata.basics.date.ImmutableHolidayCalendarTest" time="0"/>
  <testcase name="test_of_IterableDayOfWeekDayOfWeek_satSunWeekend" classname="com.opengamma.strata.basics.date.ImmutableHolidayCalendarTest" time="0"/>
  <testcase name="test_of_IterableDayOfWeekDayOfWeek_satSunWeekend" classname="com.opengamma.strata.basics.date.ImmutableHolidayCalendarTest" time="0"/>
  <testcase name="test_of_IterableDayOfWeekDayOfWeek_satSunWeekend" classname="com.opengamma.strata.basics.date.ImmutableHolidayCalendarTest" time="0.001"/>
  <testcase name="test_of_IterableDayOfWeekDayOfWeek_satSunWeekend" classname="com.opengamma.strata.basics.date.ImmutableHolidayCalendarTest" time="0"/>
  <testcase name="test_of_IterableDayOfWeekDayOfWeek_satSunWeekend" classname="com.opengamma.strata.basics.date.ImmutableHolidayCalendarTest" time="0"/>
  <testcase name="test_of_IterableDayOfWeekDayOfWeek_satSunWeekend" classname="com.opengamma.strata.basics.date.ImmutableHolidayCalendarTest" time="0"/>
  <testcase name="test_of_IterableDayOfWeekDayOfWeek_satSunWeekend" classname="com.opengamma.strata.basics.date.ImmutableHolidayCalendarTest" time="0"/>
  <testcase name="test_of_IterableDayOfWeekDayOfWeek_satSunWeekend" classname="com.opengamma.strata.basics.date.ImmutableHolidayCalendarTest" time="0.001"/>
  <testcase name="test_plusArray" classname="com.opengamma.strata.basics.currency.MultiCurrencyAmountArrayTest" time="0"/>
  <testcase name="test_total_Iterable_containsNull" classname="com.opengamma.strata.basics.currency.MultiCurrencyAmountTest" time="0"/>
  <testcase name="test_total_Iterable_duplicate" classname="com.opengamma.strata.basics.currency.MultiCurrencyAmountTest" time="0"/>
  <testcase name="test_plusDifferentSize" classname="com.opengamma.strata.basics.currency.MultiCurrencyAmountArrayTest" time="0"/>
  <testcase name="test_total_Iterable_null" classname="com.opengamma.strata.basics.currency.MultiCurrencyAmountTest" time="0"/>
  <testcase name="test_of_lookup_notFound" classname="com.opengamma.strata.basics.date.PeriodAdditionConventionTest" time="0"/>
  <testcase name="test_of_lookup_null" classname="com.opengamma.strata.basics.date.PeriodAdditionConventionTest" time="0.001"/>
  <testcase name="test_serialization" classname="com.opengamma.strata.basics.date.PeriodAdditionConventionTest" time="0"/>
  <testcase name="test_of_IterableDayOfWeekDayOfWeek_sunWeekend" classname="com.opengamma.strata.basics.date.ImmutableHolidayCalendarTest" time="0.001"/>
  <testcase name="test_of_IterableDayOfWeekDayOfWeek_sunWeekend" classname="com.opengamma.strata.basics.date.ImmutableHolidayCalendarTest" time="0"/>
  <testcase name="test_of_IterableDayOfWeekDayOfWeek_sunWeekend" classname="com.opengamma.strata.basics.date.ImmutableHolidayCalendarTest" time="0"/>
  <testcase name="test_of_IterableDayOfWeekDayOfWeek_sunWeekend" classname="com.opengamma.strata.basics.date.ImmutableHolidayCalendarTest" time="0"/>
  <testcase name="test_of_IterableDayOfWeekDayOfWeek_sunWeekend" classname="com.opengamma.strata.basics.date.ImmutableHolidayCalendarTest" time="0"/>
  <testcase name="test_of_IterableDayOfWeekDayOfWeek_sunWeekend" classname="com.opengamma.strata.basics.date.ImmutableHolidayCalendarTest" time="0"/>
  <testcase name="test_of_IterableDayOfWeekDayOfWeek_sunWeekend" classname="com.opengamma.strata.basics.date.ImmutableHolidayCalendarTest" time="0"/>
  <testcase name="test_of_IterableDayOfWeekDayOfWeek_sunWeekend" classname="com.opengamma.strata.basics.date.ImmutableHolidayCalendarTest" time="0.001"/>
  <testcase name="test_of_IterableDayOfWeekDayOfWeek_sunWeekend" classname="com.opengamma.strata.basics.date.ImmutableHolidayCalendarTest" time="0"/>
  <testcase name="test_of_IterableDayOfWeekDayOfWeek_sunWeekend" classname="com.opengamma.strata.basics.date.ImmutableHolidayCalendarTest" time="0"/>
  <testcase name="test_of_IterableDayOfWeekDayOfWeek_sunWeekend" classname="com.opengamma.strata.basics.date.ImmutableHolidayCalendarTest" time="0"/>
  <testcase name="test_stream" classname="com.opengamma.strata.basics.currency.MultiCurrencyAmountArrayTest" time="0.001"/>
  <testcase name="test_toString" classname="com.opengamma.strata.basics.date.PeriodAdditionConventionTest" time="0"/>
  <testcase name="test_toString" classname="com.opengamma.strata.basics.date.PeriodAdditionConventionTest" time="0"/>
  <testcase name="test_toString" classname="com.opengamma.strata.basics.date.PeriodAdditionConventionTest" time="0"/>
  <testcase name="total" classname="com.opengamma.strata.basics.currency.MultiCurrencyAmountArrayTest" time="0"/>
  <testcase name="test_of_IterableDayOfWeekDayOfWeek_thuFriWeekend" classname="com.opengamma.strata.basics.date.ImmutableHolidayCalendarTest" time="0"/>
  <testcase name="test_of_IterableDayOfWeekDayOfWeek_thuFriWeekend" classname="com.opengamma.strata.basics.date.ImmutableHolidayCalendarTest" time="0"/>
  <testcase name="test_of_IterableDayOfWeekDayOfWeek_thuFriWeekend" classname="com.opengamma.strata.basics.date.ImmutableHolidayCalendarTest" time="0"/>
  <testcase name="test_of_IterableDayOfWeekDayOfWeek_thuFriWeekend" classname="com.opengamma.strata.basics.date.ImmutableHolidayCalendarTest" time="0"/>
  <testcase name="test_of_IterableDayOfWeekDayOfWeek_thuFriWeekend" classname="com.opengamma.strata.basics.date.ImmutableHolidayCalendarTest" time="0"/>
  <testcase name="test_of_IterableDayOfWeekDayOfWeek_thuFriWeekend" classname="com.opengamma.strata.basics.date.ImmutableHolidayCalendarTest" time="0"/>
  <testcase name="test_of_IterableDayOfWeekDayOfWeek_thuFriWeekend" classname="com.opengamma.strata.basics.date.ImmutableHolidayCalendarTest" time="0"/>
  <testcase name="test_of_IterableDayOfWeekDayOfWeek_thuFriWeekend" classname="com.opengamma.strata.basics.date.ImmutableHolidayCalendarTest" time="0"/>
  <testcase name="test_of_IterableDayOfWeekDayOfWeek_thuFriWeekend" classname="com.opengamma.strata.basics.date.ImmutableHolidayCalendarTest" time="0.001"/>
  <testcase name="test_of_IterableDayOfWeekDayOfWeek_thuFriWeekend" classname="com.opengamma.strata.basics.date.ImmutableHolidayCalendarTest" time="0"/>
  <testcase name="test_of_IterableDayOfWeekDayOfWeek_thuFriWeekend" classname="com.opengamma.strata.basics.date.ImmutableHolidayCalendarTest" time="0"/>
  <testcase name="test_of_IterableIterable_noHolidays" classname="com.opengamma.strata.basics.date.ImmutableHolidayCalendarTest" time="0"/>
  <testcase name="test_of_IterableIterable_noHolidays" classname="com.opengamma.strata.basics.date.ImmutableHolidayCalendarTest" time="0"/>
  <testcase name="test_of_IterableIterable_noHolidays" classname="com.opengamma.strata.basics.date.ImmutableHolidayCalendarTest" time="0"/>
  <testcase name="test_of_IterableIterable_noHolidays" classname="com.opengamma.strata.basics.date.ImmutableHolidayCalendarTest" time="0"/>
  <testcase name="test_of_IterableIterable_noHolidays" classname="com.opengamma.strata.basics.date.ImmutableHolidayCalendarTest" time="0"/>
  <testcase name="test_of_IterableIterable_noHolidays" classname="com.opengamma.strata.basics.date.ImmutableHolidayCalendarTest" time="0"/>
  <testcase name="test_of_IterableIterable_noHolidays" classname="com.opengamma.strata.basics.date.ImmutableHolidayCalendarTest" time="0"/>
  <testcase name="test_of_IterableIterable_noHolidays" classname="com.opengamma.strata.basics.date.ImmutableHolidayCalendarTest" time="0"/>
  <testcase name="test_of_IterableIterable_noHolidays" classname="com.opengamma.strata.basics.date.ImmutableHolidayCalendarTest" time="0"/>
  <testcase name="test_of_IterableIterable_noHolidays" classname="com.opengamma.strata.basics.date.ImmutableHolidayCalendarTest" time="0"/>
  <testcase name="test_of_IterableIterable_noHolidays" classname="com.opengamma.strata.basics.date.ImmutableHolidayCalendarTest" time="0"/>
  <testcase name="test_of_IterableIterable_noWeekends" classname="com.opengamma.strata.basics.date.ImmutableHolidayCalendarTest" time="0"/>
  <testcase name="test_of_IterableIterable_noWeekends" classname="com.opengamma.strata.basics.date.ImmutableHolidayCalendarTest" time="0"/>
  <testcase name="test_of_IterableIterable_noWeekends" classname="com.opengamma.strata.basics.date.ImmutableHolidayCalendarTest" time="0"/>
  <testcase name="test_of_IterableIterable_noWeekends" classname="com.opengamma.strata.basics.date.ImmutableHolidayCalendarTest" time="0.001"/>
  <testcase name="test_of_IterableIterable_noWeekends" classname="com.opengamma.strata.basics.date.ImmutableHolidayCalendarTest" time="0"/>
  <testcase name="test_of_IterableIterable_noWeekends" classname="com.opengamma.strata.basics.date.ImmutableHolidayCalendarTest" time="0"/>
  <testcase name="test_of_IterableIterable_noWeekends" classname="com.opengamma.strata.basics.date.ImmutableHolidayCalendarTest" time="0"/>
  <testcase name="test_of_IterableIterable_noWeekends" classname="com.opengamma.strata.basics.date.ImmutableHolidayCalendarTest" time="0"/>
  <testcase name="test_of_IterableIterable_noWeekends" classname="com.opengamma.strata.basics.date.ImmutableHolidayCalendarTest" time="0"/>
  <testcase name="test_of_IterableIterable_noWeekends" classname="com.opengamma.strata.basics.date.ImmutableHolidayCalendarTest" time="0"/>
  <testcase name="test_of_IterableIterable_noWeekends" classname="com.opengamma.strata.basics.date.ImmutableHolidayCalendarTest" time="0"/>
  <testcase name="test_of_IterableIterable_null" classname="com.opengamma.strata.basics.date.ImmutableHolidayCalendarTest" time="0.002"/>
  <testcase name="test_of_IterableIterable_satSunWeekend" classname="com.opengamma.strata.basics.date.ImmutableHolidayCalendarTest" time="0"/>
  <testcase name="test_of_IterableIterable_satSunWeekend" classname="com.opengamma.strata.basics.date.ImmutableHolidayCalendarTest" time="0"/>
  <testcase name="test_of_IterableIterable_satSunWeekend" classname="com.opengamma.strata.basics.date.ImmutableHolidayCalendarTest" time="0"/>
  <testcase name="test_of_IterableIterable_satSunWeekend" classname="com.opengamma.strata.basics.date.ImmutableHolidayCalendarTest" time="0"/>
  <testcase name="test_of_IterableIterable_satSunWeekend" classname="com.opengamma.strata.basics.date.ImmutableHolidayCalendarTest" time="0"/>
  <testcase name="test_of_IterableIterable_satSunWeekend" classname="com.opengamma.strata.basics.date.ImmutableHolidayCalendarTest" time="0"/>
  <testcase name="test_of_IterableIterable_satSunWeekend" classname="com.opengamma.strata.basics.date.ImmutableHolidayCalendarTest" time="0"/>
  <testcase name="test_of_IterableIterable_satSunWeekend" classname="com.opengamma.strata.basics.date.ImmutableHolidayCalendarTest" time="0.128"/>
  <testcase name="test_of_IterableIterable_satSunWeekend" classname="com.opengamma.strata.basics.date.ImmutableHolidayCalendarTest" time="0"/>
  <testcase name="test_of_IterableIterable_satSunWeekend" classname="com.opengamma.strata.basics.date.ImmutableHolidayCalendarTest" time="0.001"/>
  <testcase name="test_of_IterableIterable_satSunWeekend" classname="com.opengamma.strata.basics.date.ImmutableHolidayCalendarTest" time="0"/>
  <testcase name="coverage" classname="com.opengamma.strata.basics.date.PeriodAdjustmentTest" time="0"/>
  <testcase name="equals" classname="com.opengamma.strata.basics.date.PeriodAdjustmentTest" time="0"/>
  <testcase name="test_of_IterableIterable_sunWeekend" classname="com.opengamma.strata.basics.date.ImmutableHolidayCalendarTest" time="0"/>
  <testcase name="test_of_IterableIterable_sunWeekend" classname="com.opengamma.strata.basics.date.ImmutableHolidayCalendarTest" time="0"/>
  <testcase name="test_of_IterableIterable_sunWeekend" classname="com.opengamma.strata.basics.date.ImmutableHolidayCalendarTest" time="0"/>
  <testcase name="test_of_IterableIterable_sunWeekend" classname="com.opengamma.strata.basics.date.ImmutableHolidayCalendarTest" time="0"/>
  <testcase name="test_of_IterableIterable_sunWeekend" classname="com.opengamma.strata.basics.date.ImmutableHolidayCalendarTest" time="0"/>
  <testcase name="test_of_IterableIterable_sunWeekend" classname="com.opengamma.strata.basics.date.ImmutableHolidayCalendarTest" time="0"/>
  <testcase name="test_of_IterableIterable_sunWeekend" classname="com.opengamma.strata.basics.date.ImmutableHolidayCalendarTest" time="0"/>
  <testcase name="test_of_IterableIterable_sunWeekend" classname="com.opengamma.strata.basics.date.ImmutableHolidayCalendarTest" time="0"/>
  <testcase name="test_of_IterableIterable_sunWeekend" classname="com.opengamma.strata.basics.date.ImmutableHolidayCalendarTest" time="0"/>
  <testcase name="test_of_IterableIterable_sunWeekend" classname="com.opengamma.strata.basics.date.ImmutableHolidayCalendarTest" time="0"/>
  <testcase name="test_of_IterableIterable_sunWeekend" classname="com.opengamma.strata.basics.date.ImmutableHolidayCalendarTest" time="0"/>
  <testcase name="test_NONE" classname="com.opengamma.strata.basics.date.PeriodAdjustmentTest" time="0"/>
  <testcase name="test_of_IterableIterable_thuFriSatWeekend" classname="com.opengamma.strata.basics.date.ImmutableHolidayCalendarTest" time="0.001"/>
  <testcase name="test_of_IterableIterable_thuFriSatWeekend" classname="com.opengamma.strata.basics.date.ImmutableHolidayCalendarTest" time="0"/>
  <testcase name="test_of_IterableIterable_thuFriSatWeekend" classname="com.opengamma.strata.basics.date.ImmutableHolidayCalendarTest" time="0"/>
  <testcase name="test_of_IterableIterable_thuFriSatWeekend" classname="com.opengamma.strata.basics.date.ImmutableHolidayCalendarTest" time="0"/>
  <testcase name="test_of_IterableIterable_thuFriSatWeekend" classname="com.opengamma.strata.basics.date.ImmutableHolidayCalendarTest" time="0"/>
  <testcase name="test_of_IterableIterable_thuFriSatWeekend" classname="com.opengamma.strata.basics.date.ImmutableHolidayCalendarTest" time="0"/>
  <testcase name="test_of_IterableIterable_thuFriSatWeekend" classname="com.opengamma.strata.basics.date.ImmutableHolidayCalendarTest" time="0"/>
  <testcase name="test_of_IterableIterable_thuFriSatWeekend" classname="com.opengamma.strata.basics.date.ImmutableHolidayCalendarTest" time="0"/>
  <testcase name="test_of_IterableIterable_thuFriSatWeekend" classname="com.opengamma.strata.basics.date.ImmutableHolidayCalendarTest" time="0"/>
  <testcase name="test_of_IterableIterable_thuFriSatWeekend" classname="com.opengamma.strata.basics.date.ImmutableHolidayCalendarTest" time="0"/>
  <testcase name="test_of_IterableIterable_thuFriSatWeekend" classname="com.opengamma.strata.basics.date.ImmutableHolidayCalendarTest" time="0.008"/>
  <testcase name="test_adjust" classname="com.opengamma.strata.basics.date.PeriodAdjustmentTest" time="0.001"/>
  <testcase name="test_adjust" classname="com.opengamma.strata.basics.date.PeriodAdjustmentTest" time="0"/>
  <testcase name="test_adjust" classname="com.opengamma.strata.basics.date.PeriodAdjustmentTest" time="0"/>
  <testcase name="test_adjust" classname="com.opengamma.strata.basics.date.PeriodAdjustmentTest" time="0"/>
  <testcase name="test_adjust" classname="com.opengamma.strata.basics.date.PeriodAdjustmentTest" time="0"/>
  <testcase name="test_adjust" classname="com.opengamma.strata.basics.date.PeriodAdjustmentTest" time="0"/>
  <testcase name="test_adjust" classname="com.opengamma.strata.basics.date.PeriodAdjustmentTest" time="0"/>
  <testcase name="test_adjust" classname="com.opengamma.strata.basics.date.PeriodAdjustmentTest" time="0"/>
  <testcase name="coverage" classname="com.opengamma.strata.basics.index.PriceIndexObservationTest" time="0"/>
  <testcase name="test_beanBuilder" classname="com.opengamma.strata.basics.date.PeriodAdjustmentTest" time="0"/>
  <testcase name="test_ofLastBusinessDay" classname="com.opengamma.strata.basics.date.PeriodAdjustmentTest" time="0"/>
  <testcase name="test_ofLastDay" classname="com.opengamma.strata.basics.date.PeriodAdjustmentTest" time="0"/>
  <testcase name="test_of_additionConventionLastDay" classname="com.opengamma.strata.basics.date.PeriodAdjustmentTest" time="0"/>
  <testcase name="test_of_additionConventionNone" classname="com.opengamma.strata.basics.date.PeriodAdjustmentTest" time="0"/>
  <testcase name="test_of_IterableIterable_thuFriWeekend" classname="com.opengamma.strata.basics.date.ImmutableHolidayCalendarTest" time="0"/>
  <testcase name="test_of_IterableIterable_thuFriWeekend" classname="com.opengamma.strata.basics.date.ImmutableHolidayCalendarTest" time="0"/>
  <testcase name="test_of_IterableIterable_thuFriWeekend" classname="com.opengamma.strata.basics.date.ImmutableHolidayCalendarTest" time="0"/>
  <testcase name="test_of_IterableIterable_thuFriWeekend" classname="com.opengamma.strata.basics.date.ImmutableHolidayCalendarTest" time="0"/>
  <testcase name="test_of_IterableIterable_thuFriWeekend" classname="com.opengamma.strata.basics.date.ImmutableHolidayCalendarTest" time="0"/>
  <testcase name="test_of_IterableIterable_thuFriWeekend" classname="com.opengamma.strata.basics.date.ImmutableHolidayCalendarTest" time="0"/>
  <testcase name="test_of_IterableIterable_thuFriWeekend" classname="com.opengamma.strata.basics.date.ImmutableHolidayCalendarTest" time="0"/>
  <testcase name="test_of_IterableIterable_thuFriWeekend" classname="com.opengamma.strata.basics.date.ImmutableHolidayCalendarTest" time="0"/>
  <testcase name="test_of_IterableIterable_thuFriWeekend" classname="com.opengamma.strata.basics.date.ImmutableHolidayCalendarTest" time="0"/>
  <testcase name="test_of_IterableIterable_thuFriWeekend" classname="com.opengamma.strata.basics.date.ImmutableHolidayCalendarTest" time="0"/>
  <testcase name="test_of_IterableIterable_thuFriWeekend" classname="com.opengamma.strata.basics.date.ImmutableHolidayCalendarTest" time="0"/>
  <testcase name="test_of_invalid_conventionForPeriod" classname="com.opengamma.strata.basics.date.PeriodAdjustmentTest" time="0"/>
  <testcase name="test_previous" classname="com.opengamma.strata.basics.date.ImmutableHolidayCalendarTest" time="0"/>
  <testcase name="test_previous" classname="com.opengamma.strata.basics.date.ImmutableHolidayCalendarTest" time="0"/>
  <testcase name="test_previous" classname="com.opengamma.strata.basics.date.ImmutableHolidayCalendarTest" time="0"/>
  <testcase name="test_previous" classname="com.opengamma.strata.basics.date.ImmutableHolidayCalendarTest" time="0"/>
  <testcase name="test_previous" classname="com.opengamma.strata.basics.date.ImmutableHolidayCalendarTest" time="0"/>
  <testcase name="test_previous" classname="com.opengamma.strata.basics.date.ImmutableHolidayCalendarTest" time="0"/>
  <testcase name="test_previous" classname="com.opengamma.strata.basics.date.ImmutableHolidayCalendarTest" time="0"/>
  <testcase name="test_previous" classname="com.opengamma.strata.basics.date.ImmutableHolidayCalendarTest" time="0"/>
  <testcase name="test_previous" classname="com.opengamma.strata.basics.date.ImmutableHolidayCalendarTest" time="0"/>
  <testcase name="test_previous" classname="com.opengamma.strata.basics.date.ImmutableHolidayCalendarTest" time="0"/>
  <testcase name="test_previous" classname="com.opengamma.strata.basics.date.ImmutableHolidayCalendarTest" time="0"/>
  <testcase name="test_previous" classname="com.opengamma.strata.basics.date.ImmutableHolidayCalendarTest" time="0"/>
  <testcase name="test_previous" classname="com.opengamma.strata.basics.date.ImmutableHolidayCalendarTest" time="0"/>
  <testcase name="test_previous" classname="com.opengamma.strata.basics.date.ImmutableHolidayCalendarTest" time="0"/>
  <testcase name="test_previous" classname="com.opengamma.strata.basics.date.ImmutableHolidayCalendarTest" time="0"/>
  <testcase name="test_previous" classname="com.opengamma.strata.basics.date.ImmutableHolidayCalendarTest" time="0"/>
  <testcase name="test_previous" classname="com.opengamma.strata.basics.date.ImmutableHolidayCalendarTest" time="0"/>
  <testcase name="test_previous" classname="com.opengamma.strata.basics.date.ImmutableHolidayCalendarTest" time="0"/>
  <testcase name="test_previous" classname="com.opengamma.strata.basics.date.ImmutableHolidayCalendarTest" time="0"/>
  <testcase name="test_previous" classname="com.opengamma.strata.basics.date.ImmutableHolidayCalendarTest" time="0"/>
  <testcase name="test_of" classname="com.opengamma.strata.basics.index.PriceIndexObservationTest" time="0"/>
  <testcase name="test_serialization" classname="com.opengamma.strata.basics.date.PeriodAdjustmentTest" time="0"/>
  <testcase name="test_serialization" classname="com.opengamma.strata.basics.index.PriceIndexObservationTest" time="0"/>
  <testcase name="coverage" classname="com.opengamma.strata.basics.ReferenceDataTest" time="0"/>
  <testcase name="test_combinedWith_IRD_IRD_clash" classname="com.opengamma.strata.basics.ReferenceDataTest" time="0"/>
  <testcase name="test_combinedWith_IRD_IRD_noClash" classname="com.opengamma.strata.basics.ReferenceDataTest" time="0"/>
  <testcase name="test_combinedWith_IRD_IRD_noClashSame" classname="com.opengamma.strata.basics.ReferenceDataTest" time="0"/>
  <testcase name="test_previousOrSame" classname="com.opengamma.strata.basics.date.ImmutableHolidayCalendarTest" time="0.001"/>
  <testcase name="test_previousOrSame" classname="com.opengamma.strata.basics.date.ImmutableHolidayCalendarTest" time="0"/>
  <testcase name="test_previousOrSame" classname="com.opengamma.strata.basics.date.ImmutableHolidayCalendarTest" time="0"/>
  <testcase name="test_previousOrSame" classname="com.opengamma.strata.basics.date.ImmutableHolidayCalendarTest" time="0"/>
  <testcase name="test_previousOrSame" classname="com.opengamma.strata.basics.date.ImmutableHolidayCalendarTest" time="0"/>
  <testcase name="test_previousOrSame" classname="com.opengamma.strata.basics.date.ImmutableHolidayCalendarTest" time="0"/>
  <testcase name="test_previousOrSame" classname="com.opengamma.strata.basics.date.ImmutableHolidayCalendarTest" time="0.001"/>
  <testcase name="test_previousOrSame" classname="com.opengamma.strata.basics.date.ImmutableHolidayCalendarTest" time="0"/>
  <testcase name="test_previousOrSame" classname="com.opengamma.strata.basics.date.ImmutableHolidayCalendarTest" time="0"/>
  <testcase name="test_previousOrSame" classname="com.opengamma.strata.basics.date.ImmutableHolidayCalendarTest" time="0"/>
  <testcase name="test_previousOrSame" classname="com.opengamma.strata.basics.date.ImmutableHolidayCalendarTest" time="0"/>
  <testcase name="test_previousOrSame" classname="com.opengamma.strata.basics.date.ImmutableHolidayCalendarTest" time="0"/>
  <testcase name="test_previousOrSame" classname="com.opengamma.strata.basics.date.ImmutableHolidayCalendarTest" time="0"/>
  <testcase name="test_previousOrSame" classname="com.opengamma.strata.basics.date.ImmutableHolidayCalendarTest" time="0"/>
  <testcase name="test_previousOrSame" classname="com.opengamma.strata.basics.date.ImmutableHolidayCalendarTest" time="0"/>
  <testcase name="test_previousOrSame" classname="com.opengamma.strata.basics.date.ImmutableHolidayCalendarTest" time="0"/>
  <testcase name="test_previousOrSame" classname="com.opengamma.strata.basics.date.ImmutableHolidayCalendarTest" time="0"/>
  <testcase name="test_previousOrSame" classname="com.opengamma.strata.basics.date.ImmutableHolidayCalendarTest" time="0"/>
  <testcase name="test_previousOrSame" classname="com.opengamma.strata.basics.date.ImmutableHolidayCalendarTest" time="0"/>
  <testcase name="test_previousOrSame" classname="com.opengamma.strata.basics.date.ImmutableHolidayCalendarTest" time="0"/>
  <testcase name="test_previousOrSame" classname="com.opengamma.strata.basics.date.ImmutableHolidayCalendarTest" time="0"/>
  <testcase name="test_previousOrSame" classname="com.opengamma.strata.basics.date.ImmutableHolidayCalendarTest" time="0"/>
  <testcase name="test_combinedWith_IRD_other_noClash" classname="com.opengamma.strata.basics.ReferenceDataTest" time="0.001"/>
  <testcase name="test_combinedWith_other_other_clash" classname="com.opengamma.strata.basics.ReferenceDataTest" time="0"/>
  <testcase name="test_combinedWith_other_other_noClash" classname="com.opengamma.strata.basics.ReferenceDataTest" time="0"/>
  <testcase name="test_combinedWith_other_other_noClashSame" classname="com.opengamma.strata.basics.ReferenceDataTest" time="0"/>
  <testcase name="test_defaultMethods" classname="com.opengamma.strata.basics.ReferenceDataTest" time="0"/>
  <testcase name="test_empty" classname="com.opengamma.strata.basics.ReferenceDataTest" time="0.003"/>
  <testcase name="test_minimal" classname="com.opengamma.strata.basics.ReferenceDataTest" time="0"/>
  <testcase name="test_of_IRD" classname="com.opengamma.strata.basics.ReferenceDataTest" time="0"/>
  <testcase name="test_of_RD" classname="com.opengamma.strata.basics.ReferenceDataTest" time="0"/>
  <testcase name="test_of_badType" classname="com.opengamma.strata.basics.ReferenceDataTest" time="0"/>
  <testcase name="coverage" classname="com.opengamma.strata.basics.index.PriceIndexTest" time="0"/>
  <testcase name="test_extendedEnum" classname="com.opengamma.strata.basics.index.PriceIndexTest" time="0"/>
  <testcase name="test_extendedEnum" classname="com.opengamma.strata.basics.index.PriceIndexTest" time="0"/>
  <testcase name="test_extendedEnum" classname="com.opengamma.strata.basics.index.PriceIndexTest" time="0"/>
  <testcase name="test_extendedEnum" classname="com.opengamma.strata.basics.index.PriceIndexTest" time="0"/>
  <testcase name="test_extendedEnum" classname="com.opengamma.strata.basics.index.PriceIndexTest" time="0"/>
  <testcase name="test_extendedEnum" classname="com.opengamma.strata.basics.index.PriceIndexTest" time="0"/>
  <testcase name="test_extendedEnum" classname="com.opengamma.strata.basics.index.PriceIndexTest" time="0"/>
  <testcase name="test_extendedEnum" classname="com.opengamma.strata.basics.index.PriceIndexTest" time="0"/>
  <testcase name="test_extendedEnum" classname="com.opengamma.strata.basics.index.PriceIndexTest" time="0"/>
  <testcase name="test_previousOrSame_range" classname="com.opengamma.strata.basics.date.ImmutableHolidayCalendarTest" time="0"/>
  <testcase name="test_of_null" classname="com.opengamma.strata.basics.ReferenceDataTest" time="0"/>
  <testcase name="test_gb_rpi" classname="com.opengamma.strata.basics.index.PriceIndexTest" time="0.001"/>
  <testcase name="test_gbpHicp" classname="com.opengamma.strata.basics.index.PriceIndexTest" time="0"/>
  <testcase name="test_of_single" classname="com.opengamma.strata.basics.ReferenceDataTest" time="0"/>
  <testcase name="test_previous_range" classname="com.opengamma.strata.basics.date.ImmutableHolidayCalendarTest" time="0"/>
  <testcase name="test_getFloatingRateName" classname="com.opengamma.strata.basics.index.PriceIndexTest" time="0"/>
  <testcase name="test_jodaConvert" classname="com.opengamma.strata.basics.index.PriceIndexTest" time="0"/>
  <testcase name="test_name" classname="com.opengamma.strata.basics.index.PriceIndexTest" time="0"/>
  <testcase name="test_name" classname="com.opengamma.strata.basics.index.PriceIndexTest" time="0"/>
  <testcase name="test_name" classname="com.opengamma.strata.basics.index.PriceIndexTest" time="0"/>
  <testcase name="test_name" classname="com.opengamma.strata.basics.index.PriceIndexTest" time="0"/>
  <testcase name="test_name" classname="com.opengamma.strata.basics.index.PriceIndexTest" time="0"/>
  <testcase name="test_name" classname="com.opengamma.strata.basics.index.PriceIndexTest" time="0"/>
  <testcase name="test_name" classname="com.opengamma.strata.basics.index.PriceIndexTest" time="0"/>
  <testcase name="test_name" classname="com.opengamma.strata.basics.index.PriceIndexTest" time="0"/>
  <testcase name="test_name" classname="com.opengamma.strata.basics.index.PriceIndexTest" time="0"/>
  <testcase name="test_serialization" classname="com.opengamma.strata.basics.ReferenceDataTest" time="0"/>
  <testcase name="test_standard" classname="com.opengamma.strata.basics.ReferenceDataTest" time="0"/>
  <testcase name="test_of_lookup" classname="com.opengamma.strata.basics.index.PriceIndexTest" time="0"/>
  <testcase name="test_of_lookup" classname="com.opengamma.strata.basics.index.PriceIndexTest" time="0"/>
  <testcase name="test_of_lookup" classname="com.opengamma.strata.basics.index.PriceIndexTest" time="0"/>
  <testcase name="test_of_lookup" classname="com.opengamma.strata.basics.index.PriceIndexTest" time="0"/>
  <testcase name="test_of_lookup" classname="com.opengamma.strata.basics.index.PriceIndexTest" time="0"/>
  <testcase name="test_of_lookup" classname="com.opengamma.strata.basics.index.PriceIndexTest" time="0"/>
  <testcase name="test_of_lookup" classname="com.opengamma.strata.basics.index.PriceIndexTest" time="0"/>
  <testcase name="test_of_lookup" classname="com.opengamma.strata.basics.index.PriceIndexTest" time="0"/>
  <testcase name="test_of_lookup" classname="com.opengamma.strata.basics.index.PriceIndexTest" time="0"/>
  <testcase name="test_of_lookup_notFound" classname="com.opengamma.strata.basics.index.PriceIndexTest" time="0"/>
  <testcase name="test_of_lookup_null" classname="com.opengamma.strata.basics.index.PriceIndexTest" time="0"/>
  <testcase name="test_serialization" classname="com.opengamma.strata.basics.index.PriceIndexTest" time="0"/>
  <testcase name="test_toString" classname="com.opengamma.strata.basics.index.PriceIndexTest" time="0"/>
  <testcase name="test_toString" classname="com.opengamma.strata.basics.index.PriceIndexTest" time="0"/>
  <testcase name="test_toString" classname="com.opengamma.strata.basics.index.PriceIndexTest" time="0"/>
  <testcase name="test_toString" classname="com.opengamma.strata.basics.index.PriceIndexTest" time="0"/>
  <testcase name="test_toString" classname="com.opengamma.strata.basics.index.PriceIndexTest" time="0"/>
  <testcase name="test_toString" classname="com.opengamma.strata.basics.index.PriceIndexTest" time="0"/>
  <testcase name="test_toString" classname="com.opengamma.strata.basics.index.PriceIndexTest" time="0"/>
  <testcase name="test_toString" classname="com.opengamma.strata.basics.index.PriceIndexTest" time="0"/>
  <testcase name="test_toString" classname="com.opengamma.strata.basics.index.PriceIndexTest" time="0"/>
  <testcase name="coverage" classname="com.opengamma.strata.basics.schedule.RollConventionTest" time="0"/>
  <testcase name="test_adjust" classname="com.opengamma.strata.basics.schedule.RollConventionTest" time="0"/>
  <testcase name="test_adjust" classname="com.opengamma.strata.basics.schedule.RollConventionTest" time="0"/>
  <testcase name="test_adjust" classname="com.opengamma.strata.basics.schedule.RollConventionTest" time="0"/>
  <testcase name="test_adjust" classname="com.opengamma.strata.basics.schedule.RollConventionTest" time="0"/>
  <testcase name="test_adjust" classname="com.opengamma.strata.basics.schedule.RollConventionTest" time="0"/>
  <testcase name="test_adjust" classname="com.opengamma.strata.basics.schedule.RollConventionTest" time="0"/>
  <testcase name="test_adjust" classname="com.opengamma.strata.basics.schedule.RollConventionTest" time="0"/>
  <testcase name="test_adjust" classname="com.opengamma.strata.basics.schedule.RollConventionTest" time="0"/>
  <testcase name="test_adjust" classname="com.opengamma.strata.basics.schedule.RollConventionTest" time="0"/>
  <testcase name="test_adjust" classname="com.opengamma.strata.basics.schedule.RollConventionTest" time="0"/>
  <testcase name="test_adjust" classname="com.opengamma.strata.basics.schedule.RollConventionTest" time="0"/>
  <testcase name="test_adjust" classname="com.opengamma.strata.basics.schedule.RollConventionTest" time="0"/>
  <testcase name="test_adjust" classname="com.opengamma.strata.basics.schedule.RollConventionTest" time="0"/>
  <testcase name="test_adjust" classname="com.opengamma.strata.basics.schedule.RollConventionTest" time="0"/>
  <testcase name="test_adjust" classname="com.opengamma.strata.basics.schedule.RollConventionTest" time="0"/>
  <testcase name="test_adjust" classname="com.opengamma.strata.basics.schedule.RollConventionTest" time="0"/>
  <testcase name="test_adjust" classname="com.opengamma.strata.basics.schedule.RollConventionTest" time="0"/>
  <testcase name="test_adjust" classname="com.opengamma.strata.basics.schedule.RollConventionTest" time="0"/>
  <testcase name="test_adjust" classname="com.opengamma.strata.basics.schedule.RollConventionTest" time="0"/>
  <testcase name="test_adjust" classname="com.opengamma.strata.basics.schedule.RollConventionTest" time="0"/>
  <testcase name="test_adjust" classname="com.opengamma.strata.basics.schedule.RollConventionTest" time="0"/>
  <testcase name="test_adjust" classname="com.opengamma.strata.basics.schedule.RollConventionTest" time="0"/>
  <testcase name="test_adjust" classname="com.opengamma.strata.basics.schedule.RollConventionTest" time="0"/>
  <testcase name="test_adjust" classname="com.opengamma.strata.basics.schedule.RollConventionTest" time="0"/>
  <testcase name="test_adjust" classname="com.opengamma.strata.basics.schedule.RollConventionTest" time="0"/>
  <testcase name="test_adjust" classname="com.opengamma.strata.basics.schedule.RollConventionTest" time="0"/>
  <testcase name="test_adjust" classname="com.opengamma.strata.basics.schedule.RollConventionTest" time="0"/>
  <testcase name="test_adjust" classname="com.opengamma.strata.basics.schedule.RollConventionTest" time="0"/>
  <testcase name="test_adjust" classname="com.opengamma.strata.basics.schedule.RollConventionTest" time="0"/>
  <testcase name="test_adjust" classname="com.opengamma.strata.basics.schedule.RollConventionTest" time="0"/>
  <testcase name="test_adjust" classname="com.opengamma.strata.basics.schedule.RollConventionTest" time="0"/>
  <testcase name="test_adjust" classname="com.opengamma.strata.basics.schedule.RollConventionTest" time="0"/>
  <testcase name="test_adjust" classname="com.opengamma.strata.basics.schedule.RollConventionTest" time="0"/>
  <testcase name="test_adjust" classname="com.opengamma.strata.basics.schedule.RollConventionTest" time="0.001"/>
  <testcase name="test_adjust" classname="com.opengamma.strata.basics.schedule.RollConventionTest" time="0"/>
  <testcase name="test_adjust" classname="com.opengamma.strata.basics.schedule.RollConventionTest" time="0"/>
  <testcase name="test_adjust" classname="com.opengamma.strata.basics.schedule.RollConventionTest" time="0"/>
  <testcase name="test_adjust" classname="com.opengamma.strata.basics.schedule.RollConventionTest" time="0"/>
  <testcase name="test_adjust" classname="com.opengamma.strata.basics.schedule.RollConventionTest" time="0"/>
  <testcase name="test_adjust" classname="com.opengamma.strata.basics.schedule.RollConventionTest" time="0"/>
  <testcase name="test_adjust" classname="com.opengamma.strata.basics.schedule.RollConventionTest" time="0"/>
  <testcase name="test_adjust" classname="com.opengamma.strata.basics.schedule.RollConventionTest" time="0"/>
  <testcase name="test_adjust" classname="com.opengamma.strata.basics.schedule.RollConventionTest" time="0"/>
  <testcase name="test_adjust" classname="com.opengamma.strata.basics.schedule.RollConventionTest" time="0"/>
  <testcase name="test_adjust" classname="com.opengamma.strata.basics.schedule.RollConventionTest" time="0"/>
  <testcase name="test_adjust" classname="com.opengamma.strata.basics.schedule.RollConventionTest" time="0"/>
  <testcase name="test_adjust" classname="com.opengamma.strata.basics.schedule.RollConventionTest" time="0"/>
  <testcase name="test_adjust" classname="com.opengamma.strata.basics.schedule.RollConventionTest" time="0"/>
  <testcase name="test_adjust" classname="com.opengamma.strata.basics.schedule.RollConventionTest" time="0"/>
  <testcase name="test_adjust" classname="com.opengamma.strata.basics.schedule.RollConventionTest" time="0"/>
  <testcase name="test_adjust" classname="com.opengamma.strata.basics.schedule.RollConventionTest" time="0"/>
  <testcase name="test_withDefinition" classname="com.opengamma.strata.basics.schedule.ScheduleExceptionTest" time="0"/>
  <testcase name="test_withoutDefinition" classname="com.opengamma.strata.basics.schedule.ScheduleExceptionTest" time="0"/>
  <testcase name="coverage" classname="com.opengamma.strata.basics.schedule.PeriodicScheduleTest" time="0"/>
  <testcase name="coverage_builder" classname="com.opengamma.strata.basics.schedule.PeriodicScheduleTest" time="0"/>
  <testcase name="coverage" classname="com.opengamma.strata.basics.schedule.SchedulePeriodTest" time="0"/>
  <testcase name="coverage_equals" classname="com.opengamma.strata.basics.schedule.PeriodicScheduleTest" time="0"/>
  <testcase name="coverage_equals" classname="com.opengamma.strata.basics.schedule.PeriodicScheduleTest" time="0"/>
  <testcase name="coverage_equals" classname="com.opengamma.strata.basics.schedule.PeriodicScheduleTest" time="0"/>
  <testcase name="coverage_equals" classname="com.opengamma.strata.basics.schedule.PeriodicScheduleTest" time="0"/>
  <testcase name="coverage_equals" classname="com.opengamma.strata.basics.schedule.PeriodicScheduleTest" time="0.001"/>
  <testcase name="coverage_equals" classname="com.opengamma.strata.basics.schedule.PeriodicScheduleTest" time="0"/>
  <testcase name="coverage_equals" classname="com.opengamma.strata.basics.schedule.PeriodicScheduleTest" time="0"/>
  <testcase name="coverage_equals" classname="com.opengamma.strata.basics.schedule.PeriodicScheduleTest" time="0"/>
  <testcase name="coverage_equals" classname="com.opengamma.strata.basics.schedule.PeriodicScheduleTest" time="0"/>
  <testcase name="coverage_equals" classname="com.opengamma.strata.basics.schedule.PeriodicScheduleTest" time="0"/>
  <testcase name="coverage_equals" classname="com.opengamma.strata.basics.schedule.PeriodicScheduleTest" time="0"/>
  <testcase name="coverage_equals" classname="com.opengamma.strata.basics.schedule.PeriodicScheduleTest" time="0"/>
  <testcase name="coverage_equals" classname="com.opengamma.strata.basics.schedule.PeriodicScheduleTest" time="0"/>
  <testcase name="coverage_equals" classname="com.opengamma.strata.basics.schedule.PeriodicScheduleTest" time="0"/>
  <testcase name="coverage_equals" classname="com.opengamma.strata.basics.schedule.PeriodicScheduleTest" time="0"/>
  <testcase name="coverage_equals" classname="com.opengamma.strata.basics.schedule.PeriodicScheduleTest" time="0"/>
  <testcase name="coverage_equals" classname="com.opengamma.strata.basics.schedule.PeriodicScheduleTest" time="0"/>
  <testcase name="coverage_equals" classname="com.opengamma.strata.basics.schedule.PeriodicScheduleTest" time="0"/>
  <testcase name="coverage_equals" classname="com.opengamma.strata.basics.schedule.PeriodicScheduleTest" time="0"/>
  <testcase name="coverage_equals" classname="com.opengamma.strata.basics.schedule.PeriodicScheduleTest" time="0"/>
  <testcase name="coverage_equals" classname="com.opengamma.strata.basics.schedule.PeriodicScheduleTest" time="0"/>
  <testcase name="coverage_equals" classname="com.opengamma.strata.basics.schedule.PeriodicScheduleTest" time="0"/>
  <testcase name="coverage_equals" classname="com.opengamma.strata.basics.schedule.PeriodicScheduleTest" time="0"/>
  <testcase name="coverage_equals" classname="com.opengamma.strata.basics.schedule.PeriodicScheduleTest" time="0"/>
  <testcase name="coverage_equals" classname="com.opengamma.strata.basics.schedule.PeriodicScheduleTest" time="0"/>
  <testcase name="coverage_equals" classname="com.opengamma.strata.basics.schedule.PeriodicScheduleTest" time="0"/>
  <testcase name="coverage_equals" classname="com.opengamma.strata.basics.schedule.PeriodicScheduleTest" time="0"/>
  <testcase name="coverage_equals" classname="com.opengamma.strata.basics.schedule.PeriodicScheduleTest" time="0"/>
  <testcase name="coverage_equals" classname="com.opengamma.strata.basics.schedule.PeriodicScheduleTest" time="0"/>
  <testcase name="coverage_equals" classname="com.opengamma.strata.basics.schedule.PeriodicScheduleTest" time="0"/>
  <testcase name="coverage_equals" classname="com.opengamma.strata.basics.schedule.PeriodicScheduleTest" time="0"/>
  <testcase name="coverage_equals" classname="com.opengamma.strata.basics.schedule.PeriodicScheduleTest" time="0"/>
  <testcase name="coverage_equals" classname="com.opengamma.strata.basics.schedule.PeriodicScheduleTest" time="0"/>
  <testcase name="coverage_equals" classname="com.opengamma.strata.basics.schedule.PeriodicScheduleTest" time="0.001"/>
  <testcase name="coverage_equals" classname="com.opengamma.strata.basics.schedule.PeriodicScheduleTest" time="0"/>
  <testcase name="coverage_equals" classname="com.opengamma.strata.basics.schedule.PeriodicScheduleTest" time="0"/>
  <testcase name="coverage_equals" classname="com.opengamma.strata.basics.schedule.PeriodicScheduleTest" time="0.001"/>
  <testcase name="coverage_equals" classname="com.opengamma.strata.basics.schedule.PeriodicScheduleTest" time="0"/>
  <testcase name="coverage_equals" classname="com.opengamma.strata.basics.schedule.PeriodicScheduleTest" time="0"/>
  <testcase name="coverage_equals" classname="com.opengamma.strata.basics.schedule.PeriodicScheduleTest" time="0"/>
  <testcase name="coverage_equals" classname="com.opengamma.strata.basics.schedule.PeriodicScheduleTest" time="0"/>
  <testcase name="coverage_equals" classname="com.opengamma.strata.basics.schedule.PeriodicScheduleTest" time="0"/>
  <testcase name="coverage_equals" classname="com.opengamma.strata.basics.schedule.PeriodicScheduleTest" time="0"/>
  <testcase name="coverage_equals" classname="com.opengamma.strata.basics.schedule.PeriodicScheduleTest" time="0"/>
  <testcase name="coverage_equals" classname="com.opengamma.strata.basics.schedule.PeriodicScheduleTest" time="0"/>
  <testcase name="coverage_equals" classname="com.opengamma.strata.basics.schedule.PeriodicScheduleTest" time="0.001"/>
  <testcase name="coverage_equals" classname="com.opengamma.strata.basics.schedule.PeriodicScheduleTest" time="0"/>
  <testcase name="coverage_equals" classname="com.opengamma.strata.basics.schedule.PeriodicScheduleTest" time="0"/>
  <testcase name="coverage_equals" classname="com.opengamma.strata.basics.schedule.PeriodicScheduleTest" time="0"/>
  <testcase name="coverage_equals" classname="com.opengamma.strata.basics.schedule.PeriodicScheduleTest" time="0"/>
  <testcase name="coverage_equals" classname="com.opengamma.strata.basics.schedule.PeriodicScheduleTest" time="0"/>
  <testcase name="coverage_equals" classname="com.opengamma.strata.basics.schedule.PeriodicScheduleTest" time="0"/>
  <testcase name="coverage_equals" classname="com.opengamma.strata.basics.schedule.PeriodicScheduleTest" time="0"/>
  <testcase name="coverage_equals" classname="com.opengamma.strata.basics.schedule.PeriodicScheduleTest" time="0"/>
  <testcase name="coverage_equals" classname="com.opengamma.strata.basics.schedule.PeriodicScheduleTest" time="0"/>
  <testcase name="coverage_equals" classname="com.opengamma.strata.basics.schedule.PeriodicScheduleTest" time="0"/>
  <testcase name="coverage_equals" classname="com.opengamma.strata.basics.schedule.PeriodicScheduleTest" time="0"/>
  <testcase name="coverage_equals" classname="com.opengamma.strata.basics.schedule.PeriodicScheduleTest" time="0"/>
  <testcase name="coverage_equals" classname="com.opengamma.strata.basics.schedule.PeriodicScheduleTest" time="0.001"/>
  <testcase name="coverage_equals" classname="com.opengamma.strata.basics.schedule.PeriodicScheduleTest" time="0"/>
  <testcase name="coverage_equals" classname="com.opengamma.strata.basics.schedule.PeriodicScheduleTest" time="0"/>
  <testcase name="coverage_equals" classname="com.opengamma.strata.basics.schedule.PeriodicScheduleTest" time="0"/>
  <testcase name="coverage_equals" classname="com.opengamma.strata.basics.schedule.PeriodicScheduleTest" time="0"/>
  <testcase name="coverage_equals" classname="com.opengamma.strata.basics.schedule.PeriodicScheduleTest" time="0"/>
  <testcase name="coverage_equals" classname="com.opengamma.strata.basics.schedule.PeriodicScheduleTest" time="0"/>
  <testcase name="coverage_equals" classname="com.opengamma.strata.basics.schedule.PeriodicScheduleTest" time="0"/>
  <testcase name="coverage_equals" classname="com.opengamma.strata.basics.schedule.PeriodicScheduleTest" time="0"/>
  <testcase name="coverage_equals" classname="com.opengamma.strata.basics.schedule.PeriodicScheduleTest" time="0.001"/>
  <testcase name="coverage_builder" classname="com.opengamma.strata.basics.schedule.SchedulePeriodTest" time="0"/>
  <testcase name="coverage_equals" classname="com.opengamma.strata.basics.schedule.SchedulePeriodTest" time="0"/>
  <testcase name="test_dayOfMonth_constants" classname="com.opengamma.strata.basics.schedule.RollConventionTest" time="0"/>
  <testcase name="test_dayOfWeek_constants" classname="com.opengamma.strata.basics.schedule.RollConventionTest" time="0"/>
  <testcase name="test_equals" classname="com.opengamma.strata.basics.schedule.RollConventionTest" time="0"/>
  <testcase name="test_extendedEnum" classname="com.opengamma.strata.basics.schedule.RollConventionTest" time="0"/>
  <testcase name="test_extendedEnum" classname="com.opengamma.strata.basics.schedule.RollConventionTest" time="0"/>
  <testcase name="test_extendedEnum" classname="com.opengamma.strata.basics.schedule.RollConventionTest" time="0"/>
  <testcase name="test_extendedEnum" classname="com.opengamma.strata.basics.schedule.RollConventionTest" time="0"/>
  <testcase name="test_extendedEnum" classname="com.opengamma.strata.basics.schedule.RollConventionTest" time="0"/>
  <testcase name="test_extendedEnum" classname="com.opengamma.strata.basics.schedule.RollConventionTest" time="0"/>
  <testcase name="test_extendedEnum" classname="com.opengamma.strata.basics.schedule.RollConventionTest" time="0"/>
  <testcase name="test_extendedEnum" classname="com.opengamma.strata.basics.schedule.RollConventionTest" time="0"/>
  <testcase name="test_serialization" classname="com.opengamma.strata.basics.date.ImmutableHolidayCalendarTest" time="0"/>
  <testcase name="test_shift" classname="com.opengamma.strata.basics.date.ImmutableHolidayCalendarTest" time="0"/>
  <testcase name="test_shift" classname="com.opengamma.strata.basics.date.ImmutableHolidayCalendarTest" time="0"/>
  <testcase name="test_shift" classname="com.opengamma.strata.basics.date.ImmutableHolidayCalendarTest" time="0"/>
  <testcase name="test_shift" classname="com.opengamma.strata.basics.date.ImmutableHolidayCalendarTest" time="0"/>
  <testcase name="test_shift" classname="com.opengamma.strata.basics.date.ImmutableHolidayCalendarTest" time="0"/>
  <testcase name="test_shift" classname="com.opengamma.strata.basics.date.ImmutableHolidayCalendarTest" time="0"/>
  <testcase name="test_shift" classname="com.opengamma.strata.basics.date.ImmutableHolidayCalendarTest" time="0"/>
  <testcase name="test_shift" classname="com.opengamma.strata.basics.date.ImmutableHolidayCalendarTest" time="0"/>
  <testcase name="test_shift" classname="com.opengamma.strata.basics.date.ImmutableHolidayCalendarTest" time="0"/>
  <testcase name="test_shift" classname="com.opengamma.strata.basics.date.ImmutableHolidayCalendarTest" time="0"/>
  <testcase name="test_shift" classname="com.opengamma.strata.basics.date.ImmutableHolidayCalendarTest" time="0"/>
  <testcase name="test_shift" classname="com.opengamma.strata.basics.date.ImmutableHolidayCalendarTest" time="0"/>
  <testcase name="test_shift" classname="com.opengamma.strata.basics.date.ImmutableHolidayCalendarTest" time="0"/>
  <testcase name="test_shift" classname="com.opengamma.strata.basics.date.ImmutableHolidayCalendarTest" time="0"/>
  <testcase name="test_shift" classname="com.opengamma.strata.basics.date.ImmutableHolidayCalendarTest" time="0"/>
  <testcase name="test_shift" classname="com.opengamma.strata.basics.date.ImmutableHolidayCalendarTest" time="0"/>
  <testcase name="test_shift" classname="com.opengamma.strata.basics.date.ImmutableHolidayCalendarTest" time="0"/>
  <testcase name="test_shift" classname="com.opengamma.strata.basics.date.ImmutableHolidayCalendarTest" time="0"/>
  <testcase name="test_shift" classname="com.opengamma.strata.basics.date.ImmutableHolidayCalendarTest" time="0"/>
  <testcase name="test_shift" classname="com.opengamma.strata.basics.date.ImmutableHolidayCalendarTest" time="0"/>
  <testcase name="test_shift" classname="com.opengamma.strata.basics.date.ImmutableHolidayCalendarTest" time="0"/>
  <testcase name="test_shift" classname="com.opengamma.strata.basics.date.ImmutableHolidayCalendarTest" time="0"/>
  <testcase name="test_shift" classname="com.opengamma.strata.basics.date.ImmutableHolidayCalendarTest" time="0"/>
  <testcase name="test_shift" classname="com.opengamma.strata.basics.date.ImmutableHolidayCalendarTest" time="0"/>
  <testcase name="test_shift" classname="com.opengamma.strata.basics.date.ImmutableHolidayCalendarTest" time="0"/>
  <testcase name="test_shift" classname="com.opengamma.strata.basics.date.ImmutableHolidayCalendarTest" time="0"/>
  <testcase name="test_shift" classname="com.opengamma.strata.basics.date.ImmutableHolidayCalendarTest" time="0"/>
  <testcase name="test_shift" classname="com.opengamma.strata.basics.date.ImmutableHolidayCalendarTest" time="0"/>
  <testcase name="test_shift" classname="com.opengamma.strata.basics.date.ImmutableHolidayCalendarTest" time="0"/>
  <testcase name="test_shift" classname="com.opengamma.strata.basics.date.ImmutableHolidayCalendarTest" time="0"/>
  <testcase name="test_shift" classname="com.opengamma.strata.basics.date.ImmutableHolidayCalendarTest" time="0"/>
  <testcase name="test_shift" classname="com.opengamma.strata.basics.date.ImmutableHolidayCalendarTest" time="0.001"/>
  <testcase name="test_shift" classname="com.opengamma.strata.basics.date.ImmutableHolidayCalendarTest" time="0"/>
  <testcase name="test_shift" classname="com.opengamma.strata.basics.date.ImmutableHolidayCalendarTest" time="0"/>
  <testcase name="test_shift" classname="com.opengamma.strata.basics.date.ImmutableHolidayCalendarTest" time="0"/>
  <testcase name="test_shift" classname="com.opengamma.strata.basics.date.ImmutableHolidayCalendarTest" time="0"/>
  <testcase name="test_shift" classname="com.opengamma.strata.basics.date.ImmutableHolidayCalendarTest" time="0"/>
  <testcase name="test_shift" classname="com.opengamma.strata.basics.date.ImmutableHolidayCalendarTest" time="0"/>
  <testcase name="test_shift" classname="com.opengamma.strata.basics.date.ImmutableHolidayCalendarTest" time="0"/>
  <testcase name="test_shift" classname="com.opengamma.strata.basics.date.ImmutableHolidayCalendarTest" time="0"/>
  <testcase name="test_shift" classname="com.opengamma.strata.basics.date.ImmutableHolidayCalendarTest" time="0"/>
  <testcase name="test_shift" classname="com.opengamma.strata.basics.date.ImmutableHolidayCalendarTest" time="0"/>
  <testcase name="test_shift" classname="com.opengamma.strata.basics.date.ImmutableHolidayCalendarTest" time="0"/>
  <testcase name="test_shift" classname="com.opengamma.strata.basics.date.ImmutableHolidayCalendarTest" time="0"/>
  <testcase name="test_shift" classname="com.opengamma.strata.basics.date.ImmutableHolidayCalendarTest" time="0"/>
  <testcase name="test_shift" classname="com.opengamma.strata.basics.date.ImmutableHolidayCalendarTest" time="0"/>
  <testcase name="test_shift" classname="com.opengamma.strata.basics.date.ImmutableHolidayCalendarTest" time="0"/>
  <testcase name="test_shift" classname="com.opengamma.strata.basics.date.ImmutableHolidayCalendarTest" time="0"/>
  <testcase name="test_shift" classname="com.opengamma.strata.basics.date.ImmutableHolidayCalendarTest" time="0"/>
  <testcase name="test_shift" classname="com.opengamma.strata.basics.date.ImmutableHolidayCalendarTest" time="0"/>
  <testcase name="test_shift" classname="com.opengamma.strata.basics.date.ImmutableHolidayCalendarTest" time="0"/>
  <testcase name="test_shift" classname="com.opengamma.strata.basics.date.ImmutableHolidayCalendarTest" time="0"/>
  <testcase name="test_shift" classname="com.opengamma.strata.basics.date.ImmutableHolidayCalendarTest" time="0"/>
  <testcase name="test_shift" classname="com.opengamma.strata.basics.date.ImmutableHolidayCalendarTest" time="0"/>
  <testcase name="test_shift" classname="com.opengamma.strata.basics.date.ImmutableHolidayCalendarTest" time="0"/>
  <testcase name="test_shift" classname="com.opengamma.strata.basics.date.ImmutableHolidayCalendarTest" time="0"/>
  <testcase name="test_shift" classname="com.opengamma.strata.basics.date.ImmutableHolidayCalendarTest" time="0"/>
  <testcase name="test_shift" classname="com.opengamma.strata.basics.date.ImmutableHolidayCalendarTest" time="0"/>
  <testcase name="test_shift" classname="com.opengamma.strata.basics.date.ImmutableHolidayCalendarTest" time="0"/>
  <testcase name="test_shift" classname="com.opengamma.strata.basics.date.ImmutableHolidayCalendarTest" time="0"/>
  <testcase name="test_builder_defaults" classname="com.opengamma.strata.basics.schedule.SchedulePeriodTest" time="0"/>
  <testcase name="test_compareTo" classname="com.opengamma.strata.basics.schedule.SchedulePeriodTest" time="0"/>
  <testcase name="test_contains" classname="com.opengamma.strata.basics.schedule.SchedulePeriodTest" time="0"/>
  <testcase name="test_contains_null" classname="com.opengamma.strata.basics.schedule.SchedulePeriodTest" time="0.003"/>
  <testcase name="test_isRegular" classname="com.opengamma.strata.basics.schedule.SchedulePeriodTest" time="0"/>
  <testcase name="test_isRegular_null" classname="com.opengamma.strata.basics.schedule.SchedulePeriodTest" time="0"/>
  <testcase name="test_jodaConvert" classname="com.opengamma.strata.basics.schedule.RollConventionTest" time="0"/>
  <testcase name="test_length" classname="com.opengamma.strata.basics.schedule.SchedulePeriodTest" time="0"/>
  <testcase name="test_lenientLookup_specialNames" classname="com.opengamma.strata.basics.schedule.RollConventionTest" time="0"/>
  <testcase name="test_lenientLookup_specialNames" classname="com.opengamma.strata.basics.schedule.RollConventionTest" time="0"/>
  <testcase name="test_lenientLookup_specialNames" classname="com.opengamma.strata.basics.schedule.RollConventionTest" time="0"/>
  <testcase name="test_lenientLookup_specialNames" classname="com.opengamma.strata.basics.schedule.RollConventionTest" time="0"/>
  <testcase name="test_lenientLookup_standardNames" classname="com.opengamma.strata.basics.schedule.RollConventionTest" time="0"/>
  <testcase name="test_lenientLookup_standardNames" classname="com.opengamma.strata.basics.schedule.RollConventionTest" time="0"/>
  <testcase name="test_lenientLookup_standardNames" classname="com.opengamma.strata.basics.schedule.RollConventionTest" time="0"/>
  <testcase name="test_lenientLookup_standardNames" classname="com.opengamma.strata.basics.schedule.RollConventionTest" time="0"/>
  <testcase name="test_lenientLookup_standardNames" classname="com.opengamma.strata.basics.schedule.RollConventionTest" time="0"/>
  <testcase name="test_lenientLookup_standardNames" classname="com.opengamma.strata.basics.schedule.RollConventionTest" time="0"/>
  <testcase name="test_lenientLookup_standardNames" classname="com.opengamma.strata.basics.schedule.RollConventionTest" time="0"/>
  <testcase name="test_lenientLookup_standardNames" classname="com.opengamma.strata.basics.schedule.RollConventionTest" time="0"/>
  <testcase name="test_matches" classname="com.opengamma.strata.basics.schedule.RollConventionTest" time="0"/>
  <testcase name="test_matches" classname="com.opengamma.strata.basics.schedule.RollConventionTest" time="0"/>
  <testcase name="test_matches" classname="com.opengamma.strata.basics.schedule.RollConventionTest" time="0"/>
  <testcase name="test_matches" classname="com.opengamma.strata.basics.schedule.RollConventionTest" time="0"/>
  <testcase name="test_matches" classname="com.opengamma.strata.basics.schedule.RollConventionTest" time="0"/>
  <testcase name="test_matches" classname="com.opengamma.strata.basics.schedule.RollConventionTest" time="0"/>
  <testcase name="test_matches" classname="com.opengamma.strata.basics.schedule.RollConventionTest" time="0"/>
  <testcase name="test_matches" classname="com.opengamma.strata.basics.schedule.RollConventionTest" time="0"/>
  <testcase name="test_matches" classname="com.opengamma.strata.basics.schedule.RollConventionTest" time="0"/>
  <testcase name="test_matches" classname="com.opengamma.strata.basics.schedule.RollConventionTest" time="0"/>
  <testcase name="test_matches" classname="com.opengamma.strata.basics.schedule.RollConventionTest" time="0"/>
  <testcase name="test_matches" classname="com.opengamma.strata.basics.schedule.RollConventionTest" time="0"/>
  <testcase name="test_matches" classname="com.opengamma.strata.basics.schedule.RollConventionTest" time="0"/>
  <testcase name="test_matches" classname="com.opengamma.strata.basics.schedule.RollConventionTest" time="0"/>
  <testcase name="test_matches" classname="com.opengamma.strata.basics.schedule.RollConventionTest" time="0"/>
  <testcase name="test_matches" classname="com.opengamma.strata.basics.schedule.RollConventionTest" time="0"/>
  <testcase name="test_matches" classname="com.opengamma.strata.basics.schedule.RollConventionTest" time="0"/>
  <testcase name="test_name" classname="com.opengamma.strata.basics.schedule.RollConventionTest" time="0"/>
  <testcase name="test_name" classname="com.opengamma.strata.basics.schedule.RollConventionTest" time="0"/>
  <testcase name="test_name" classname="com.opengamma.strata.basics.schedule.RollConventionTest" time="0"/>
  <testcase name="test_name" classname="com.opengamma.strata.basics.schedule.RollConventionTest" time="0"/>
  <testcase name="test_name" classname="com.opengamma.strata.basics.schedule.RollConventionTest" time="0"/>
  <testcase name="test_name" classname="com.opengamma.strata.basics.schedule.RollConventionTest" time="0"/>
  <testcase name="test_name" classname="com.opengamma.strata.basics.schedule.RollConventionTest" time="0"/>
  <testcase name="test_name" classname="com.opengamma.strata.basics.schedule.RollConventionTest" time="0"/>
  <testcase name="test_next" classname="com.opengamma.strata.basics.schedule.RollConventionTest" time="0"/>
  <testcase name="test_next" classname="com.opengamma.strata.basics.schedule.RollConventionTest" time="0"/>
  <testcase name="test_next" classname="com.opengamma.strata.basics.schedule.RollConventionTest" time="0"/>
  <testcase name="test_next" classname="com.opengamma.strata.basics.schedule.RollConventionTest" time="0"/>
  <testcase name="test_next" classname="com.opengamma.strata.basics.schedule.RollConventionTest" time="0"/>
  <testcase name="test_next" classname="com.opengamma.strata.basics.schedule.RollConventionTest" time="0"/>
  <testcase name="test_next" classname="com.opengamma.strata.basics.schedule.RollConventionTest" time="0"/>
  <testcase name="test_next" classname="com.opengamma.strata.basics.schedule.RollConventionTest" time="0"/>
  <testcase name="test_next" classname="com.opengamma.strata.basics.schedule.RollConventionTest" time="0"/>
  <testcase name="test_next" classname="com.opengamma.strata.basics.schedule.RollConventionTest" time="0"/>
  <testcase name="test_next" classname="com.opengamma.strata.basics.schedule.RollConventionTest" time="0.005"/>
  <testcase name="test_next" classname="com.opengamma.strata.basics.schedule.RollConventionTest" time="0"/>
  <testcase name="test_next" classname="com.opengamma.strata.basics.schedule.RollConventionTest" time="0"/>
  <testcase name="test_next" classname="com.opengamma.strata.basics.schedule.RollConventionTest" time="0"/>
  <testcase name="test_next" classname="com.opengamma.strata.basics.schedule.RollConventionTest" time="0"/>
  <testcase name="test_next" classname="com.opengamma.strata.basics.schedule.RollConventionTest" time="0"/>
  <testcase name="test_next" classname="com.opengamma.strata.basics.schedule.RollConventionTest" time="0"/>
  <testcase name="test_next" classname="com.opengamma.strata.basics.schedule.RollConventionTest" time="0"/>
  <testcase name="test_next" classname="com.opengamma.strata.basics.schedule.RollConventionTest" time="0"/>
  <testcase name="test_next" classname="com.opengamma.strata.basics.schedule.RollConventionTest" time="0"/>
  <testcase name="test_next" classname="com.opengamma.strata.basics.schedule.RollConventionTest" time="0"/>
  <testcase name="test_next" classname="com.opengamma.strata.basics.schedule.RollConventionTest" time="0"/>
  <testcase name="test_next" classname="com.opengamma.strata.basics.schedule.RollConventionTest" time="0"/>
  <testcase name="test_next" classname="com.opengamma.strata.basics.schedule.RollConventionTest" time="0"/>
  <testcase name="test_next" classname="com.opengamma.strata.basics.schedule.RollConventionTest" time="0"/>
  <testcase name="test_next" classname="com.opengamma.strata.basics.schedule.RollConventionTest" time="0"/>
  <testcase name="test_next" classname="com.opengamma.strata.basics.schedule.RollConventionTest" time="0"/>
  <testcase name="test_next" classname="com.opengamma.strata.basics.schedule.RollConventionTest" time="0"/>
  <testcase name="test_next" classname="com.opengamma.strata.basics.schedule.RollConventionTest" time="0"/>
  <testcase name="test_next" classname="com.opengamma.strata.basics.schedule.RollConventionTest" time="0"/>
  <testcase name="test_next" classname="com.opengamma.strata.basics.schedule.RollConventionTest" time="0"/>
  <testcase name="test_next" classname="com.opengamma.strata.basics.schedule.RollConventionTest" time="0"/>
  <testcase name="test_next" classname="com.opengamma.strata.basics.schedule.RollConventionTest" time="0"/>
  <testcase name="test_next" classname="com.opengamma.strata.basics.schedule.RollConventionTest" time="0"/>
  <testcase name="test_next" classname="com.opengamma.strata.basics.schedule.RollConventionTest" time="0"/>
  <testcase name="test_next" classname="com.opengamma.strata.basics.schedule.RollConventionTest" time="0"/>
  <testcase name="test_next" classname="com.opengamma.strata.basics.schedule.RollConventionTest" time="0"/>
  <testcase name="test_next" classname="com.opengamma.strata.basics.schedule.RollConventionTest" time="0"/>
  <testcase name="test_next" classname="com.opengamma.strata.basics.schedule.RollConventionTest" time="0"/>
  <testcase name="test_next" classname="com.opengamma.strata.basics.schedule.RollConventionTest" time="0"/>
  <testcase name="test_next" classname="com.opengamma.strata.basics.schedule.RollConventionTest" time="0"/>
  <testcase name="test_next" classname="com.opengamma.strata.basics.schedule.RollConventionTest" time="0"/>
  <testcase name="test_next" classname="com.opengamma.strata.basics.schedule.RollConventionTest" time="0"/>
  <testcase name="test_next" classname="com.opengamma.strata.basics.schedule.RollConventionTest" time="0"/>
  <testcase name="test_next" classname="com.opengamma.strata.basics.schedule.RollConventionTest" time="0"/>
  <testcase name="test_next" classname="com.opengamma.strata.basics.schedule.RollConventionTest" time="0"/>
  <testcase name="test_next" classname="com.opengamma.strata.basics.schedule.RollConventionTest" time="0"/>
  <testcase name="test_next" classname="com.opengamma.strata.basics.schedule.RollConventionTest" time="0"/>
  <testcase name="test_next" classname="com.opengamma.strata.basics.schedule.RollConventionTest" time="0"/>
  <testcase name="test_next" classname="com.opengamma.strata.basics.schedule.RollConventionTest" time="0"/>
  <testcase name="test_next" classname="com.opengamma.strata.basics.schedule.RollConventionTest" time="0"/>
  <testcase name="test_next" classname="com.opengamma.strata.basics.schedule.RollConventionTest" time="0"/>
  <testcase name="test_next" classname="com.opengamma.strata.basics.schedule.RollConventionTest" time="0"/>
  <testcase name="test_next" classname="com.opengamma.strata.basics.schedule.RollConventionTest" time="0"/>
  <testcase name="test_next" classname="com.opengamma.strata.basics.schedule.RollConventionTest" time="0"/>
  <testcase name="test_next" classname="com.opengamma.strata.basics.schedule.RollConventionTest" time="0"/>
  <testcase name="test_next" classname="com.opengamma.strata.basics.schedule.RollConventionTest" time="0"/>
  <testcase name="test_next" classname="com.opengamma.strata.basics.schedule.RollConventionTest" time="0"/>
  <testcase name="test_next" classname="com.opengamma.strata.basics.schedule.RollConventionTest" time="0"/>
  <testcase name="test_next" classname="com.opengamma.strata.basics.schedule.RollConventionTest" time="0"/>
  <testcase name="test_next" classname="com.opengamma.strata.basics.schedule.RollConventionTest" time="0"/>
  <testcase name="test_next" classname="com.opengamma.strata.basics.schedule.RollConventionTest" time="0"/>
  <testcase name="test_lengthInDays" classname="com.opengamma.strata.basics.schedule.SchedulePeriodTest" time="0"/>
  <testcase name="test_of_all" classname="com.opengamma.strata.basics.schedule.SchedulePeriodTest" time="0"/>
  <testcase name="test_of_noUnadjusted" classname="com.opengamma.strata.basics.schedule.SchedulePeriodTest" time="0"/>
  <testcase name="test_noAdjust" classname="com.opengamma.strata.basics.schedule.RollConventionTest" time="0"/>
  <testcase name="test_null" classname="com.opengamma.strata.basics.schedule.RollConventionTest" time="0"/>
  <testcase name="test_null" classname="com.opengamma.strata.basics.schedule.RollConventionTest" time="0"/>
  <testcase name="test_null" classname="com.opengamma.strata.basics.schedule.RollConventionTest" time="0.001"/>
  <testcase name="test_null" classname="com.opengamma.strata.basics.schedule.RollConventionTest" time="0"/>
  <testcase name="test_null" classname="com.opengamma.strata.basics.schedule.RollConventionTest" time="0"/>
  <testcase name="test_null" classname="com.opengamma.strata.basics.schedule.RollConventionTest" time="0"/>
  <testcase name="test_null" classname="com.opengamma.strata.basics.schedule.RollConventionTest" time="0"/>
  <testcase name="test_null" classname="com.opengamma.strata.basics.schedule.RollConventionTest" time="0"/>
  <testcase name="test_of_null" classname="com.opengamma.strata.basics.schedule.SchedulePeriodTest" time="0"/>
  <testcase name="test_backwards_badStub" classname="com.opengamma.strata.basics.schedule.PeriodicScheduleTest" time="0"/>
  <testcase name="test_both_badStub" classname="com.opengamma.strata.basics.schedule.PeriodicScheduleTest" time="0"/>
  <testcase name="test_serialization" classname="com.opengamma.strata.basics.schedule.SchedulePeriodTest" time="0.001"/>
  <testcase name="test_subSchedule_1monthIn3Month" classname="com.opengamma.strata.basics.schedule.SchedulePeriodTest" time="0"/>
  <testcase name="test_brokenWhenAdjusted_twoPeriods_createSchedule" classname="com.opengamma.strata.basics.schedule.PeriodicScheduleTest" time="0"/>
  <testcase name="test_subSchedule_2monthIn3Month_shortFinal" classname="com.opengamma.strata.basics.schedule.SchedulePeriodTest" time="0"/>
  <testcase name="test_subSchedule_2monthIn3Month_shortInitial" classname="com.opengamma.strata.basics.schedule.SchedulePeriodTest" time="0"/>
  <testcase name="test_subSchedule_3monthIn3Month" classname="com.opengamma.strata.basics.schedule.SchedulePeriodTest" time="0"/>
  <testcase name="test_shift_SatSun" classname="com.opengamma.strata.basics.date.ImmutableHolidayCalendarTest" time="0"/>
  <testcase name="test_toAdjusted" classname="com.opengamma.strata.basics.schedule.SchedulePeriodTest" time="0.001"/>
  <testcase name="test_toUnadjusted" classname="com.opengamma.strata.basics.schedule.SchedulePeriodTest" time="0"/>
  <testcase name="test_builder_invalidDateOrder" classname="com.opengamma.strata.basics.schedule.PeriodicScheduleTest" time="0"/>
  <testcase name="test_yearFraction" classname="com.opengamma.strata.basics.schedule.SchedulePeriodTest" time="0"/>
  <testcase name="test_emptyWhenAdjusted_badRoll_createUnadjustedDates" classname="com.opengamma.strata.basics.schedule.PeriodicScheduleTest" time="0"/>
  <testcase name="test_emptyWhenAdjusted_term_createAdjustedDates" classname="com.opengamma.strata.basics.schedule.PeriodicScheduleTest" time="0.001"/>
  <testcase name="test_yearFraction_null" classname="com.opengamma.strata.basics.schedule.SchedulePeriodTest" time="0.001"/>
  <testcase name="test_emptyWhenAdjusted_term_createSchedule" classname="com.opengamma.strata.basics.schedule.PeriodicScheduleTest" time="0"/>
  <testcase name="test_emptyWhenAdjusted_term_createUnadjustedDates" classname="com.opengamma.strata.basics.schedule.PeriodicScheduleTest" time="0"/>
  <testcase name="test_emptyWhenAdjusted_twoPeriods_createAdjustedDates" classname="com.opengamma.strata.basics.schedule.PeriodicScheduleTest" time="0.001"/>
  <testcase name="test_shift_range" classname="com.opengamma.strata.basics.date.ImmutableHolidayCalendarTest" time="0"/>
  <testcase name="test_emptyWhenAdjusted_twoPeriods_createSchedule" classname="com.opengamma.strata.basics.schedule.PeriodicScheduleTest" time="0"/>
  <testcase name="test_ofDayOfMonth" classname="com.opengamma.strata.basics.schedule.RollConventionTest" time="0"/>
  <testcase name="test_ofDayOfMonth_31" classname="com.opengamma.strata.basics.schedule.RollConventionTest" time="0"/>
  <testcase name="test_emptyWhenAdjusted_twoPeriods_createUnadjustedDates" classname="com.opengamma.strata.basics.schedule.PeriodicScheduleTest" time="0"/>
  <testcase name="test_ofDayOfMonth_adjust_Day29" classname="com.opengamma.strata.basics.schedule.RollConventionTest" time="0"/>
  <testcase name="test_forwards_badStub" classname="com.opengamma.strata.basics.schedule.PeriodicScheduleTest" time="0"/>
  <testcase name="test_ofDayOfMonth_adjust_Day30" classname="com.opengamma.strata.basics.schedule.RollConventionTest" time="0"/>
  <testcase name="test_monthly_adjusted" classname="com.opengamma.strata.basics.schedule.PeriodicScheduleTest" time="0"/>
  <testcase name="test_monthly_adjusted" classname="com.opengamma.strata.basics.schedule.PeriodicScheduleTest" time="0"/>
  <testcase name="test_monthly_adjusted" classname="com.opengamma.strata.basics.schedule.PeriodicScheduleTest" time="0"/>
  <testcase name="test_monthly_adjusted" classname="com.opengamma.strata.basics.schedule.PeriodicScheduleTest" time="0.007"/>
  <testcase name="test_monthly_adjusted" classname="com.opengamma.strata.basics.schedule.PeriodicScheduleTest" time="0"/>
  <testcase name="test_monthly_adjusted" classname="com.opengamma.strata.basics.schedule.PeriodicScheduleTest" time="0"/>
  <testcase name="test_monthly_adjusted" classname="com.opengamma.strata.basics.schedule.PeriodicScheduleTest" time="0"/>
  <testcase name="test_monthly_adjusted" classname="com.opengamma.strata.basics.schedule.PeriodicScheduleTest" time="0"/>
  <testcase name="test_monthly_adjusted" classname="com.opengamma.strata.basics.schedule.PeriodicScheduleTest" time="0"/>
  <testcase name="test_monthly_adjusted" classname="com.opengamma.strata.basics.schedule.PeriodicScheduleTest" time="0"/>
  <testcase name="test_monthly_adjusted" classname="com.opengamma.strata.basics.schedule.PeriodicScheduleTest" time="0"/>
  <testcase name="test_monthly_adjusted" classname="com.opengamma.strata.basics.schedule.PeriodicScheduleTest" time="0"/>
  <testcase name="test_monthly_adjusted" classname="com.opengamma.strata.basics.schedule.PeriodicScheduleTest" time="0"/>
  <testcase name="test_monthly_adjusted" classname="com.opengamma.strata.basics.schedule.PeriodicScheduleTest" time="0"/>
  <testcase name="test_monthly_adjusted" classname="com.opengamma.strata.basics.schedule.PeriodicScheduleTest" time="0"/>
  <testcase name="test_monthly_adjusted" classname="com.opengamma.strata.basics.schedule.PeriodicScheduleTest" time="0"/>
  <testcase name="test_monthly_adjusted" classname="com.opengamma.strata.basics.schedule.PeriodicScheduleTest" time="0"/>
  <testcase name="test_monthly_adjusted" classname="com.opengamma.strata.basics.schedule.PeriodicScheduleTest" time="0"/>
  <testcase name="test_monthly_adjusted" classname="com.opengamma.strata.basics.schedule.PeriodicScheduleTest" time="0"/>
  <testcase name="test_monthly_adjusted" classname="com.opengamma.strata.basics.schedule.PeriodicScheduleTest" time="0"/>
  <testcase name="test_monthly_adjusted" classname="com.opengamma.strata.basics.schedule.PeriodicScheduleTest" time="0"/>
  <testcase name="test_monthly_adjusted" classname="com.opengamma.strata.basics.schedule.PeriodicScheduleTest" time="0"/>
  <testcase name="test_monthly_adjusted" classname="com.opengamma.strata.basics.schedule.PeriodicScheduleTest" time="0"/>
  <testcase name="test_monthly_adjusted" classname="com.opengamma.strata.basics.schedule.PeriodicScheduleTest" time="0"/>
  <testcase name="test_monthly_adjusted" classname="com.opengamma.strata.basics.schedule.PeriodicScheduleTest" time="0"/>
  <testcase name="test_monthly_adjusted" classname="com.opengamma.strata.basics.schedule.PeriodicScheduleTest" time="0"/>
  <testcase name="test_monthly_adjusted" classname="com.opengamma.strata.basics.schedule.PeriodicScheduleTest" time="0"/>
  <testcase name="test_monthly_adjusted" classname="com.opengamma.strata.basics.schedule.PeriodicScheduleTest" time="0"/>
  <testcase name="test_monthly_adjusted" classname="com.opengamma.strata.basics.schedule.PeriodicScheduleTest" time="0"/>
  <testcase name="test_monthly_adjusted" classname="com.opengamma.strata.basics.schedule.PeriodicScheduleTest" time="0"/>
  <testcase name="test_monthly_adjusted" classname="com.opengamma.strata.basics.schedule.PeriodicScheduleTest" time="0"/>
  <testcase name="test_monthly_adjusted" classname="com.opengamma.strata.basics.schedule.PeriodicScheduleTest" time="0"/>
  <testcase name="test_monthly_adjusted" classname="com.opengamma.strata.basics.schedule.PeriodicScheduleTest" time="0"/>
  <testcase name="test_monthly_adjusted" classname="com.opengamma.strata.basics.schedule.PeriodicScheduleTest" time="0"/>
  <testcase name="test_monthly_adjusted" classname="com.opengamma.strata.basics.schedule.PeriodicScheduleTest" time="0"/>
  <testcase name="test_monthly_adjusted" classname="com.opengamma.strata.basics.schedule.PeriodicScheduleTest" time="0"/>
  <testcase name="test_monthly_adjusted" classname="com.opengamma.strata.basics.schedule.PeriodicScheduleTest" time="0"/>
  <testcase name="test_monthly_adjusted" classname="com.opengamma.strata.basics.schedule.PeriodicScheduleTest" time="0"/>
  <testcase name="test_monthly_adjusted" classname="com.opengamma.strata.basics.schedule.PeriodicScheduleTest" time="0"/>
  <testcase name="test_monthly_adjusted" classname="com.opengamma.strata.basics.schedule.PeriodicScheduleTest" time="0"/>
  <testcase name="test_monthly_adjusted" classname="com.opengamma.strata.basics.schedule.PeriodicScheduleTest" time="0"/>
  <testcase name="test_monthly_adjusted" classname="com.opengamma.strata.basics.schedule.PeriodicScheduleTest" time="0"/>
  <testcase name="test_monthly_adjusted" classname="com.opengamma.strata.basics.schedule.PeriodicScheduleTest" time="0"/>
  <testcase name="test_monthly_adjusted" classname="com.opengamma.strata.basics.schedule.PeriodicScheduleTest" time="0"/>
  <testcase name="test_monthly_adjusted" classname="com.opengamma.strata.basics.schedule.PeriodicScheduleTest" time="0"/>
  <testcase name="test_monthly_adjusted" classname="com.opengamma.strata.basics.schedule.PeriodicScheduleTest" time="0"/>
  <testcase name="test_monthly_adjusted" classname="com.opengamma.strata.basics.schedule.PeriodicScheduleTest" time="0"/>
  <testcase name="test_monthly_adjusted" classname="com.opengamma.strata.basics.schedule.PeriodicScheduleTest" time="0"/>
  <testcase name="test_monthly_adjusted" classname="com.opengamma.strata.basics.schedule.PeriodicScheduleTest" time="0"/>
  <testcase name="test_monthly_adjusted" classname="com.opengamma.strata.basics.schedule.PeriodicScheduleTest" time="0"/>
  <testcase name="test_monthly_adjusted" classname="com.opengamma.strata.basics.schedule.PeriodicScheduleTest" time="0"/>
  <testcase name="test_monthly_adjusted" classname="com.opengamma.strata.basics.schedule.PeriodicScheduleTest" time="0"/>
  <testcase name="test_monthly_adjusted" classname="com.opengamma.strata.basics.schedule.PeriodicScheduleTest" time="0"/>
  <testcase name="test_monthly_adjusted" classname="com.opengamma.strata.basics.schedule.PeriodicScheduleTest" time="0"/>
  <testcase name="test_monthly_adjusted" classname="com.opengamma.strata.basics.schedule.PeriodicScheduleTest" time="0"/>
  <testcase name="test_monthly_adjusted" classname="com.opengamma.strata.basics.schedule.PeriodicScheduleTest" time="0"/>
  <testcase name="test_monthly_adjusted" classname="com.opengamma.strata.basics.schedule.PeriodicScheduleTest" time="0"/>
  <testcase name="test_monthly_adjusted" classname="com.opengamma.strata.basics.schedule.PeriodicScheduleTest" time="0"/>
  <testcase name="test_monthly_adjusted" classname="com.opengamma.strata.basics.schedule.PeriodicScheduleTest" time="0"/>
  <testcase name="test_monthly_adjusted" classname="com.opengamma.strata.basics.schedule.PeriodicScheduleTest" time="0"/>
  <testcase name="test_monthly_adjusted" classname="com.opengamma.strata.basics.schedule.PeriodicScheduleTest" time="0"/>
  <testcase name="test_monthly_adjusted" classname="com.opengamma.strata.basics.schedule.PeriodicScheduleTest" time="0"/>
  <testcase name="test_monthly_adjusted" classname="com.opengamma.strata.basics.schedule.PeriodicScheduleTest" time="0"/>
  <testcase name="test_monthly_adjusted" classname="com.opengamma.strata.basics.schedule.PeriodicScheduleTest" time="0"/>
  <testcase name="test_monthly_adjusted" classname="com.opengamma.strata.basics.schedule.PeriodicScheduleTest" time="0"/>
  <testcase name="test_monthly_adjusted" classname="com.opengamma.strata.basics.schedule.PeriodicScheduleTest" time="0"/>
  <testcase name="test_monthly_adjusted" classname="com.opengamma.strata.basics.schedule.PeriodicScheduleTest" time="0.003"/>
  <testcase name="test_monthly_adjusted" classname="com.opengamma.strata.basics.schedule.PeriodicScheduleTest" time="0"/>
  <testcase name="test_ofDayOfMonth_invalid" classname="com.opengamma.strata.basics.schedule.RollConventionTest" time="0"/>
  <testcase name="test_ofDayOfMonth_matches_Day29" classname="com.opengamma.strata.basics.schedule.RollConventionTest" time="0"/>
  <testcase name="coverage" classname="com.opengamma.strata.basics.schedule.ScheduleTest" time="0.001"/>
  <testcase name="test_ofDayOfMonth_matches_Day30" classname="com.opengamma.strata.basics.schedule.RollConventionTest" time="0"/>
  <testcase name="coverage_builder" classname="com.opengamma.strata.basics.schedule.ScheduleTest" time="0"/>
  <testcase name="coverage_equals" classname="com.opengamma.strata.basics.schedule.ScheduleTest" time="0"/>
  <testcase name="test_ofDayOfMonth_next_oneDay" classname="com.opengamma.strata.basics.schedule.RollConventionTest" time="0"/>
  <testcase name="test_ofDayOfMonth_next_oneMonth" classname="com.opengamma.strata.basics.schedule.RollConventionTest" time="0"/>
  <testcase name="test_ofDayOfMonth_previous_oneDay" classname="com.opengamma.strata.basics.schedule.RollConventionTest" time="0"/>
  <testcase name="test_getPeriodEndDate" classname="com.opengamma.strata.basics.schedule.ScheduleTest" time="0.001"/>
  <testcase name="test_ofDayOfMonth_previous_oneMonth" classname="com.opengamma.strata.basics.schedule.RollConventionTest" time="0.001"/>
  <testcase name="test_isEndOfMonthConvention_eom" classname="com.opengamma.strata.basics.schedule.ScheduleTest" time="0"/>
  <testcase name="test_mergeToTerm" classname="com.opengamma.strata.basics.schedule.ScheduleTest" time="0"/>
  <testcase name="test_mergeToTerm_size1_stub" classname="com.opengamma.strata.basics.schedule.ScheduleTest" time="0"/>
  <testcase name="test_merge_badDate" classname="com.opengamma.strata.basics.schedule.ScheduleTest" time="0"/>
  <testcase name="test_merge_badGroupSize" classname="com.opengamma.strata.basics.schedule.ScheduleTest" time="0"/>
  <testcase name="test_merge_group2_within2_finalStub" classname="com.opengamma.strata.basics.schedule.ScheduleTest" time="0"/>
  <testcase name="test_merge_group2_within2_initialStub" classname="com.opengamma.strata.basics.schedule.ScheduleTest" time="0"/>
  <testcase name="test_merge_group2_within2_noStub" classname="com.opengamma.strata.basics.schedule.ScheduleTest" time="0"/>
  <testcase name="test_merge_group2_within3_backwards" classname="com.opengamma.strata.basics.schedule.ScheduleTest" time="0"/>
  <testcase name="test_merge_group2_within3_forwards" classname="com.opengamma.strata.basics.schedule.ScheduleTest" time="0"/>
  <testcase name="test_merge_group2_within5_backwards" classname="com.opengamma.strata.basics.schedule.ScheduleTest" time="0"/>
  <testcase name="test_merge_group2_within5_forwards" classname="com.opengamma.strata.basics.schedule.ScheduleTest" time="0"/>
  <testcase name="test_merge_group2_within6_includeFinalStub" classname="com.opengamma.strata.basics.schedule.ScheduleTest" time="0"/>
  <testcase name="test_merge_group2_within6_includeInitialStub" classname="com.opengamma.strata.basics.schedule.ScheduleTest" time="0"/>
  <testcase name="test_merge_group3_within5_backwards" classname="com.opengamma.strata.basics.schedule.ScheduleTest" time="0"/>
  <testcase name="test_ofDayOfWeek" classname="com.opengamma.strata.basics.schedule.RollConventionTest" time="0"/>
  <testcase name="test_merge_group3_within5_forwards" classname="com.opengamma.strata.basics.schedule.ScheduleTest" time="0"/>
  <testcase name="test_ofDayOfWeek_adjust" classname="com.opengamma.strata.basics.schedule.RollConventionTest" time="0"/>
  <testcase name="test_ofDayOfWeek_matches" classname="com.opengamma.strata.basics.schedule.RollConventionTest" time="0"/>
  <testcase name="test_ofDayOfWeek_next_oneDay" classname="com.opengamma.strata.basics.schedule.RollConventionTest" time="0"/>
  <testcase name="test_ofDayOfWeek_next_oneMonth" classname="com.opengamma.strata.basics.schedule.RollConventionTest" time="0"/>
  <testcase name="test_merge_groupSizeInvalid" classname="com.opengamma.strata.basics.schedule.ScheduleTest" time="0"/>
  <testcase name="test_merge_groupSizeOneNoChange" classname="com.opengamma.strata.basics.schedule.ScheduleTest" time="0"/>
  <testcase name="test_merge_size1_stub" classname="com.opengamma.strata.basics.schedule.ScheduleTest" time="0"/>
  <testcase name="test_merge_termNoChange" classname="com.opengamma.strata.basics.schedule.ScheduleTest" time="0"/>
  <testcase name="test_ofTerm" classname="com.opengamma.strata.basics.schedule.ScheduleTest" time="0"/>
  <testcase name="test_of_size0" classname="com.opengamma.strata.basics.schedule.ScheduleTest" time="0"/>
  <testcase name="test_of_size2_finalStub" classname="com.opengamma.strata.basics.schedule.ScheduleTest" time="0.001"/>
  <testcase name="test_of_size2_initialStub" classname="com.opengamma.strata.basics.schedule.ScheduleTest" time="0"/>
  <testcase name="test_of_size2_noStub" classname="com.opengamma.strata.basics.schedule.ScheduleTest" time="0"/>
  <testcase name="test_ofDayOfWeek_previous_oneDay" classname="com.opengamma.strata.basics.schedule.RollConventionTest" time="0"/>
  <testcase name="test_ofDayOfWeek_previous_oneMonth" classname="com.opengamma.strata.basics.schedule.RollConventionTest" time="0.001"/>
  <testcase name="test_of_lookup" classname="com.opengamma.strata.basics.schedule.RollConventionTest" time="0"/>
  <testcase name="test_of_lookup" classname="com.opengamma.strata.basics.schedule.RollConventionTest" time="0"/>
  <testcase name="test_of_lookup" classname="com.opengamma.strata.basics.schedule.RollConventionTest" time="0"/>
  <testcase name="test_of_lookup" classname="com.opengamma.strata.basics.schedule.RollConventionTest" time="0"/>
  <testcase name="test_of_lookup" classname="com.opengamma.strata.basics.schedule.RollConventionTest" time="0"/>
  <testcase name="test_of_lookup" classname="com.opengamma.strata.basics.schedule.RollConventionTest" time="0.002"/>
  <testcase name="test_of_lookup" classname="com.opengamma.strata.basics.schedule.RollConventionTest" time="0"/>
  <testcase name="test_of_lookup" classname="com.opengamma.strata.basics.schedule.RollConventionTest" time="0"/>
  <testcase name="test_of_lookup_notFound" classname="com.opengamma.strata.basics.schedule.RollConventionTest" time="0"/>
  <testcase name="test_of_lookup_null" classname="com.opengamma.strata.basics.schedule.RollConventionTest" time="0.004"/>
  <testcase name="test_previous" classname="com.opengamma.strata.basics.schedule.RollConventionTest" time="0"/>
  <testcase name="test_previous" classname="com.opengamma.strata.basics.schedule.RollConventionTest" time="0"/>
  <testcase name="test_previous" classname="com.opengamma.strata.basics.schedule.RollConventionTest" time="0"/>
  <testcase name="test_previous" classname="com.opengamma.strata.basics.schedule.RollConventionTest" time="0"/>
  <testcase name="test_previous" classname="com.opengamma.strata.basics.schedule.RollConventionTest" time="0"/>
  <testcase name="test_previous" classname="com.opengamma.strata.basics.schedule.RollConventionTest" time="0"/>
  <testcase name="test_previous" classname="com.opengamma.strata.basics.schedule.RollConventionTest" time="0"/>
  <testcase name="test_previous" classname="com.opengamma.strata.basics.schedule.RollConventionTest" time="0"/>
  <testcase name="test_previous" classname="com.opengamma.strata.basics.schedule.RollConventionTest" time="0"/>
  <testcase name="test_previous" classname="com.opengamma.strata.basics.schedule.RollConventionTest" time="0"/>
  <testcase name="test_previous" classname="com.opengamma.strata.basics.schedule.RollConventionTest" time="0"/>
  <testcase name="test_previous" classname="com.opengamma.strata.basics.schedule.RollConventionTest" time="0"/>
  <testcase name="test_previous" classname="com.opengamma.strata.basics.schedule.RollConventionTest" time="0"/>
  <testcase name="test_previous" classname="com.opengamma.strata.basics.schedule.RollConventionTest" time="0"/>
  <testcase name="test_previous" classname="com.opengamma.strata.basics.schedule.RollConventionTest" time="0"/>
  <testcase name="test_previous" classname="com.opengamma.strata.basics.schedule.RollConventionTest" time="0.001"/>
  <testcase name="test_previous" classname="com.opengamma.strata.basics.schedule.RollConventionTest" time="0"/>
  <testcase name="test_previous" classname="com.opengamma.strata.basics.schedule.RollConventionTest" time="0"/>
  <testcase name="test_previous" classname="com.opengamma.strata.basics.schedule.RollConventionTest" time="0"/>
  <testcase name="test_previous" classname="com.opengamma.strata.basics.schedule.RollConventionTest" time="0"/>
  <testcase name="test_previous" classname="com.opengamma.strata.basics.schedule.RollConventionTest" time="0"/>
  <testcase name="test_previous" classname="com.opengamma.strata.basics.schedule.RollConventionTest" time="0"/>
  <testcase name="test_previous" classname="com.opengamma.strata.basics.schedule.RollConventionTest" time="0"/>
  <testcase name="test_previous" classname="com.opengamma.strata.basics.schedule.RollConventionTest" time="0"/>
  <testcase name="test_previous" classname="com.opengamma.strata.basics.schedule.RollConventionTest" time="0"/>
  <testcase name="test_previous" classname="com.opengamma.strata.basics.schedule.RollConventionTest" time="0"/>
  <testcase name="test_previous" classname="com.opengamma.strata.basics.schedule.RollConventionTest" time="0"/>
  <testcase name="test_previous" classname="com.opengamma.strata.basics.schedule.RollConventionTest" time="0"/>
  <testcase name="test_previous" classname="com.opengamma.strata.basics.schedule.RollConventionTest" time="0"/>
  <testcase name="test_previous" classname="com.opengamma.strata.basics.schedule.RollConventionTest" time="0"/>
  <testcase name="test_previous" classname="com.opengamma.strata.basics.schedule.RollConventionTest" time="0.001"/>
  <testcase name="test_previous" classname="com.opengamma.strata.basics.schedule.RollConventionTest" time="0"/>
  <testcase name="test_previous" classname="com.opengamma.strata.basics.schedule.RollConventionTest" time="0"/>
  <testcase name="test_previous" classname="com.opengamma.strata.basics.schedule.RollConventionTest" time="0"/>
  <testcase name="test_previous" classname="com.opengamma.strata.basics.schedule.RollConventionTest" time="0"/>
  <testcase name="test_previous" classname="com.opengamma.strata.basics.schedule.RollConventionTest" time="0.001"/>
  <testcase name="test_previous" classname="com.opengamma.strata.basics.schedule.RollConventionTest" time="0"/>
  <testcase name="test_previous" classname="com.opengamma.strata.basics.schedule.RollConventionTest" time="0"/>
  <testcase name="test_previous" classname="com.opengamma.strata.basics.schedule.RollConventionTest" time="0"/>
  <testcase name="test_previous" classname="com.opengamma.strata.basics.schedule.RollConventionTest" time="0.001"/>
  <testcase name="test_previous" classname="com.opengamma.strata.basics.schedule.RollConventionTest" time="0"/>
  <testcase name="test_previous" classname="com.opengamma.strata.basics.schedule.RollConventionTest" time="0"/>
  <testcase name="test_previous" classname="com.opengamma.strata.basics.schedule.RollConventionTest" time="0"/>
  <testcase name="test_previous" classname="com.opengamma.strata.basics.schedule.RollConventionTest" time="0.001"/>
  <testcase name="test_previous" classname="com.opengamma.strata.basics.schedule.RollConventionTest" time="0"/>
  <testcase name="test_previous" classname="com.opengamma.strata.basics.schedule.RollConventionTest" time="0"/>
  <testcase name="test_previous" classname="com.opengamma.strata.basics.schedule.RollConventionTest" time="0"/>
  <testcase name="test_previous" classname="com.opengamma.strata.basics.schedule.RollConventionTest" time="0.001"/>
  <testcase name="test_previous" classname="com.opengamma.strata.basics.schedule.RollConventionTest" time="0"/>
  <testcase name="test_previous" classname="com.opengamma.strata.basics.schedule.RollConventionTest" time="0"/>
  <testcase name="test_previous" classname="com.opengamma.strata.basics.schedule.RollConventionTest" time="0"/>
  <testcase name="test_previous" classname="com.opengamma.strata.basics.schedule.RollConventionTest" time="0"/>
  <testcase name="test_previous" classname="com.opengamma.strata.basics.schedule.RollConventionTest" time="0"/>
  <testcase name="test_previous" classname="com.opengamma.strata.basics.schedule.RollConventionTest" time="0"/>
  <testcase name="test_previous" classname="com.opengamma.strata.basics.schedule.RollConventionTest" time="0"/>
  <testcase name="test_previous" classname="com.opengamma.strata.basics.schedule.RollConventionTest" time="0"/>
  <testcase name="test_previous" classname="com.opengamma.strata.basics.schedule.RollConventionTest" time="0"/>
  <testcase name="test_of_size3_initialStub" classname="com.opengamma.strata.basics.schedule.ScheduleTest" time="0"/>
  <testcase name="test_of_size4_bothStubs" classname="com.opengamma.strata.basics.schedule.ScheduleTest" time="0.001"/>
  <testcase name="test_monthly_adjusted_withOverride" classname="com.opengamma.strata.basics.schedule.PeriodicScheduleTest" time="0"/>
  <testcase name="test_monthly_adjusted_withOverride" classname="com.opengamma.strata.basics.schedule.PeriodicScheduleTest" time="0"/>
  <testcase name="test_monthly_adjusted_withOverride" classname="com.opengamma.strata.basics.schedule.PeriodicScheduleTest" time="0"/>
  <testcase name="test_monthly_adjusted_withOverride" classname="com.opengamma.strata.basics.schedule.PeriodicScheduleTest" time="0"/>
  <testcase name="test_monthly_adjusted_withOverride" classname="com.opengamma.strata.basics.schedule.PeriodicScheduleTest" time="0"/>
  <testcase name="test_monthly_adjusted_withOverride" classname="com.opengamma.strata.basics.schedule.PeriodicScheduleTest" time="0"/>
  <testcase name="test_monthly_adjusted_withOverride" classname="com.opengamma.strata.basics.schedule.PeriodicScheduleTest" time="0"/>
  <testcase name="test_monthly_adjusted_withOverride" classname="com.opengamma.strata.basics.schedule.PeriodicScheduleTest" time="0"/>
  <testcase name="test_monthly_adjusted_withOverride" classname="com.opengamma.strata.basics.schedule.PeriodicScheduleTest" time="0"/>
  <testcase name="test_monthly_adjusted_withOverride" classname="com.opengamma.strata.basics.schedule.PeriodicScheduleTest" time="0"/>
  <testcase name="test_monthly_adjusted_withOverride" classname="com.opengamma.strata.basics.schedule.PeriodicScheduleTest" time="0"/>
  <testcase name="test_monthly_adjusted_withOverride" classname="com.opengamma.strata.basics.schedule.PeriodicScheduleTest" time="0.001"/>
  <testcase name="test_monthly_adjusted_withOverride" classname="com.opengamma.strata.basics.schedule.PeriodicScheduleTest" time="0"/>
  <testcase name="test_monthly_adjusted_withOverride" classname="com.opengamma.strata.basics.schedule.PeriodicScheduleTest" time="0"/>
  <testcase name="test_monthly_adjusted_withOverride" classname="com.opengamma.strata.basics.schedule.PeriodicScheduleTest" time="0"/>
  <testcase name="test_monthly_adjusted_withOverride" classname="com.opengamma.strata.basics.schedule.PeriodicScheduleTest" time="0"/>
  <testcase name="test_monthly_adjusted_withOverride" classname="com.opengamma.strata.basics.schedule.PeriodicScheduleTest" time="0"/>
  <testcase name="test_monthly_adjusted_withOverride" classname="com.opengamma.strata.basics.schedule.PeriodicScheduleTest" time="0"/>
  <testcase name="test_monthly_adjusted_withOverride" classname="com.opengamma.strata.basics.schedule.PeriodicScheduleTest" time="0"/>
  <testcase name="test_monthly_adjusted_withOverride" classname="com.opengamma.strata.basics.schedule.PeriodicScheduleTest" time="0"/>
  <testcase name="test_monthly_adjusted_withOverride" classname="com.opengamma.strata.basics.schedule.PeriodicScheduleTest" time="0.001"/>
  <testcase name="test_monthly_adjusted_withOverride" classname="com.opengamma.strata.basics.schedule.PeriodicScheduleTest" time="0"/>
  <testcase name="test_monthly_adjusted_withOverride" classname="com.opengamma.strata.basics.schedule.PeriodicScheduleTest" time="0"/>
  <testcase name="test_monthly_adjusted_withOverride" classname="com.opengamma.strata.basics.schedule.PeriodicScheduleTest" time="0"/>
  <testcase name="test_monthly_adjusted_withOverride" classname="com.opengamma.strata.basics.schedule.PeriodicScheduleTest" time="0"/>
  <testcase name="test_monthly_adjusted_withOverride" classname="com.opengamma.strata.basics.schedule.PeriodicScheduleTest" time="0"/>
  <testcase name="test_monthly_adjusted_withOverride" classname="com.opengamma.strata.basics.schedule.PeriodicScheduleTest" time="0"/>
  <testcase name="test_monthly_adjusted_withOverride" classname="com.opengamma.strata.basics.schedule.PeriodicScheduleTest" time="0"/>
  <testcase name="test_monthly_adjusted_withOverride" classname="com.opengamma.strata.basics.schedule.PeriodicScheduleTest" time="0"/>
  <testcase name="test_monthly_adjusted_withOverride" classname="com.opengamma.strata.basics.schedule.PeriodicScheduleTest" time="0"/>
  <testcase name="test_monthly_adjusted_withOverride" classname="com.opengamma.strata.basics.schedule.PeriodicScheduleTest" time="0"/>
  <testcase name="test_monthly_adjusted_withOverride" classname="com.opengamma.strata.basics.schedule.PeriodicScheduleTest" time="0"/>
  <testcase name="test_monthly_adjusted_withOverride" classname="com.opengamma.strata.basics.schedule.PeriodicScheduleTest" time="0"/>
  <testcase name="test_monthly_adjusted_withOverride" classname="com.opengamma.strata.basics.schedule.PeriodicScheduleTest" time="0"/>
  <testcase name="test_monthly_adjusted_withOverride" classname="com.opengamma.strata.basics.schedule.PeriodicScheduleTest" time="0.001"/>
  <testcase name="test_monthly_adjusted_withOverride" classname="com.opengamma.strata.basics.schedule.PeriodicScheduleTest" time="0"/>
  <testcase name="test_monthly_adjusted_withOverride" classname="com.opengamma.strata.basics.schedule.PeriodicScheduleTest" time="0"/>
  <testcase name="test_monthly_adjusted_withOverride" classname="com.opengamma.strata.basics.schedule.PeriodicScheduleTest" time="0"/>
  <testcase name="test_monthly_adjusted_withOverride" classname="com.opengamma.strata.basics.schedule.PeriodicScheduleTest" time="0"/>
  <testcase name="test_monthly_adjusted_withOverride" classname="com.opengamma.strata.basics.schedule.PeriodicScheduleTest" time="0.001"/>
  <testcase name="test_monthly_adjusted_withOverride" classname="com.opengamma.strata.basics.schedule.PeriodicScheduleTest" time="0"/>
  <testcase name="test_monthly_adjusted_withOverride" classname="com.opengamma.strata.basics.schedule.PeriodicScheduleTest" time="0"/>
  <testcase name="test_monthly_adjusted_withOverride" classname="com.opengamma.strata.basics.schedule.PeriodicScheduleTest" time="0.001"/>
  <testcase name="test_monthly_adjusted_withOverride" classname="com.opengamma.strata.basics.schedule.PeriodicScheduleTest" time="0"/>
  <testcase name="test_monthly_adjusted_withOverride" classname="com.opengamma.strata.basics.schedule.PeriodicScheduleTest" time="0"/>
  <testcase name="test_monthly_adjusted_withOverride" classname="com.opengamma.strata.basics.schedule.PeriodicScheduleTest" time="0.001"/>
  <testcase name="test_monthly_adjusted_withOverride" classname="com.opengamma.strata.basics.schedule.PeriodicScheduleTest" time="0"/>
  <testcase name="test_monthly_adjusted_withOverride" classname="com.opengamma.strata.basics.schedule.PeriodicScheduleTest" time="0"/>
  <testcase name="test_monthly_adjusted_withOverride" classname="com.opengamma.strata.basics.schedule.PeriodicScheduleTest" time="0"/>
  <testcase name="test_monthly_adjusted_withOverride" classname="com.opengamma.strata.basics.schedule.PeriodicScheduleTest" time="0"/>
  <testcase name="test_monthly_adjusted_withOverride" classname="com.opengamma.strata.basics.schedule.PeriodicScheduleTest" time="0"/>
  <testcase name="test_monthly_adjusted_withOverride" classname="com.opengamma.strata.basics.schedule.PeriodicScheduleTest" time="0"/>
  <testcase name="test_monthly_adjusted_withOverride" classname="com.opengamma.strata.basics.schedule.PeriodicScheduleTest" time="0"/>
  <testcase name="test_monthly_adjusted_withOverride" classname="com.opengamma.strata.basics.schedule.PeriodicScheduleTest" time="0"/>
  <testcase name="test_monthly_adjusted_withOverride" classname="com.opengamma.strata.basics.schedule.PeriodicScheduleTest" time="0"/>
  <testcase name="test_monthly_adjusted_withOverride" classname="com.opengamma.strata.basics.schedule.PeriodicScheduleTest" time="0"/>
  <testcase name="test_monthly_adjusted_withOverride" classname="com.opengamma.strata.basics.schedule.PeriodicScheduleTest" time="0"/>
  <testcase name="test_monthly_adjusted_withOverride" classname="com.opengamma.strata.basics.schedule.PeriodicScheduleTest" time="0"/>
  <testcase name="test_monthly_adjusted_withOverride" classname="com.opengamma.strata.basics.schedule.PeriodicScheduleTest" time="0"/>
  <testcase name="test_monthly_adjusted_withOverride" classname="com.opengamma.strata.basics.schedule.PeriodicScheduleTest" time="0"/>
  <testcase name="test_monthly_adjusted_withOverride" classname="com.opengamma.strata.basics.schedule.PeriodicScheduleTest" time="0"/>
  <testcase name="test_monthly_adjusted_withOverride" classname="com.opengamma.strata.basics.schedule.PeriodicScheduleTest" time="0.001"/>
  <testcase name="test_monthly_adjusted_withOverride" classname="com.opengamma.strata.basics.schedule.PeriodicScheduleTest" time="0"/>
  <testcase name="test_monthly_adjusted_withOverride" classname="com.opengamma.strata.basics.schedule.PeriodicScheduleTest" time="0"/>
  <testcase name="test_monthly_adjusted_withOverride" classname="com.opengamma.strata.basics.schedule.PeriodicScheduleTest" time="0"/>
  <testcase name="test_monthly_adjusted_withOverride" classname="com.opengamma.strata.basics.schedule.PeriodicScheduleTest" time="0"/>
  <testcase name="test_monthly_adjusted_withOverride" classname="com.opengamma.strata.basics.schedule.PeriodicScheduleTest" time="0"/>
  <testcase name="test_monthly_adjusted_withOverride" classname="com.opengamma.strata.basics.schedule.PeriodicScheduleTest" time="0"/>
  <testcase name="test_serialization" classname="com.opengamma.strata.basics.schedule.ScheduleTest" time="0"/>
  <testcase name="test_size1_noStub" classname="com.opengamma.strata.basics.schedule.ScheduleTest" time="0"/>
  <testcase name="test_size1_stub" classname="com.opengamma.strata.basics.schedule.ScheduleTest" time="0"/>
  <testcase name="test_toAdjusted" classname="com.opengamma.strata.basics.schedule.ScheduleTest" time="0.001"/>
  <testcase name="test_toUnadjusted" classname="com.opengamma.strata.basics.schedule.ScheduleTest" time="0.002"/>
  <testcase name="coverage" classname="com.opengamma.strata.basics.StandardIdTest" time="0.001"/>
  <testcase name="test_comparisonByScheme" classname="com.opengamma.strata.basics.StandardIdTest" time="0"/>
  <testcase name="test_comparisonWithSchemeSame" classname="com.opengamma.strata.basics.StandardIdTest" time="0"/>
  <testcase name="test_encodeScheme" classname="com.opengamma.strata.basics.StandardIdTest" time="0"/>
  <testcase name="test_equals" classname="com.opengamma.strata.basics.StandardIdTest" time="0"/>
  <testcase name="test_factory_String_String" classname="com.opengamma.strata.basics.StandardIdTest" time="0"/>
  <testcase name="test_serialization" classname="com.opengamma.strata.basics.schedule.RollConventionTest" time="0"/>
  <testcase name="test_factory_String_String_emptyValue" classname="com.opengamma.strata.basics.StandardIdTest" time="0"/>
  <testcase name="test_toString" classname="com.opengamma.strata.basics.schedule.RollConventionTest" time="0"/>
  <testcase name="test_toString" classname="com.opengamma.strata.basics.schedule.RollConventionTest" time="0"/>
  <testcase name="test_toString" classname="com.opengamma.strata.basics.schedule.RollConventionTest" time="0.001"/>
  <testcase name="test_toString" classname="com.opengamma.strata.basics.schedule.RollConventionTest" time="0"/>
  <testcase name="test_toString" classname="com.opengamma.strata.basics.schedule.RollConventionTest" time="0"/>
  <testcase name="test_toString" classname="com.opengamma.strata.basics.schedule.RollConventionTest" time="0"/>
  <testcase name="test_toString" classname="com.opengamma.strata.basics.schedule.RollConventionTest" time="0"/>
  <testcase name="test_toString" classname="com.opengamma.strata.basics.schedule.RollConventionTest" time="0"/>
  <testcase name="test_monthly_schedule" classname="com.opengamma.strata.basics.schedule.PeriodicScheduleTest" time="0"/>
  <testcase name="test_monthly_schedule" classname="com.opengamma.strata.basics.schedule.PeriodicScheduleTest" time="0.001"/>
  <testcase name="test_monthly_schedule" classname="com.opengamma.strata.basics.schedule.PeriodicScheduleTest" time="0"/>
  <testcase name="test_monthly_schedule" classname="com.opengamma.strata.basics.schedule.PeriodicScheduleTest" time="0"/>
  <testcase name="test_monthly_schedule" classname="com.opengamma.strata.basics.schedule.PeriodicScheduleTest" time="0"/>
  <testcase name="test_monthly_schedule" classname="com.opengamma.strata.basics.schedule.PeriodicScheduleTest" time="0"/>
  <testcase name="test_monthly_schedule" classname="com.opengamma.strata.basics.schedule.PeriodicScheduleTest" time="0"/>
  <testcase name="test_monthly_schedule" classname="com.opengamma.strata.basics.schedule.PeriodicScheduleTest" time="0"/>
  <testcase name="test_monthly_schedule" classname="com.opengamma.strata.basics.schedule.PeriodicScheduleTest" time="0"/>
  <testcase name="test_monthly_schedule" classname="com.opengamma.strata.basics.schedule.PeriodicScheduleTest" time="0"/>
  <testcase name="test_monthly_schedule" classname="com.opengamma.strata.basics.schedule.PeriodicScheduleTest" time="0"/>
  <testcase name="test_monthly_schedule" classname="com.opengamma.strata.basics.schedule.PeriodicScheduleTest" time="0"/>
  <testcase name="test_monthly_schedule" classname="com.opengamma.strata.basics.schedule.PeriodicScheduleTest" time="0"/>
  <testcase name="test_monthly_schedule" classname="com.opengamma.strata.basics.schedule.PeriodicScheduleTest" time="0.001"/>
  <testcase name="test_monthly_schedule" classname="com.opengamma.strata.basics.schedule.PeriodicScheduleTest" time="0"/>
  <testcase name="test_monthly_schedule" classname="com.opengamma.strata.basics.schedule.PeriodicScheduleTest" time="0.001"/>
  <testcase name="test_monthly_schedule" classname="com.opengamma.strata.basics.schedule.PeriodicScheduleTest" time="0"/>
  <testcase name="test_monthly_schedule" classname="com.opengamma.strata.basics.schedule.PeriodicScheduleTest" time="0"/>
  <testcase name="test_monthly_schedule" classname="com.opengamma.strata.basics.schedule.PeriodicScheduleTest" time="0"/>
  <testcase name="test_monthly_schedule" classname="com.opengamma.strata.basics.schedule.PeriodicScheduleTest" time="0"/>
  <testcase name="test_monthly_schedule" classname="com.opengamma.strata.basics.schedule.PeriodicScheduleTest" time="0.001"/>
  <testcase name="test_monthly_schedule" classname="com.opengamma.strata.basics.schedule.PeriodicScheduleTest" time="0"/>
  <testcase name="test_monthly_schedule" classname="com.opengamma.strata.basics.schedule.PeriodicScheduleTest" time="0"/>
  <testcase name="test_monthly_schedule" classname="com.opengamma.strata.basics.schedule.PeriodicScheduleTest" time="0.001"/>
  <testcase name="test_monthly_schedule" classname="com.opengamma.strata.basics.schedule.PeriodicScheduleTest" time="0"/>
  <testcase name="test_monthly_schedule" classname="com.opengamma.strata.basics.schedule.PeriodicScheduleTest" time="0"/>
  <testcase name="test_monthly_schedule" classname="com.opengamma.strata.basics.schedule.PeriodicScheduleTest" time="0"/>
  <testcase name="test_monthly_schedule" classname="com.opengamma.strata.basics.schedule.PeriodicScheduleTest" time="0"/>
  <testcase name="test_monthly_schedule" classname="com.opengamma.strata.basics.schedule.PeriodicScheduleTest" time="0"/>
  <testcase name="test_monthly_schedule" classname="com.opengamma.strata.basics.schedule.PeriodicScheduleTest" time="0"/>
  <testcase name="test_monthly_schedule" classname="com.opengamma.strata.basics.schedule.PeriodicScheduleTest" time="0"/>
  <testcase name="test_monthly_schedule" classname="com.opengamma.strata.basics.schedule.PeriodicScheduleTest" time="0"/>
  <testcase name="test_monthly_schedule" classname="com.opengamma.strata.basics.schedule.PeriodicScheduleTest" time="0"/>
  <testcase name="test_monthly_schedule" classname="com.opengamma.strata.basics.schedule.PeriodicScheduleTest" time="0"/>
  <testcase name="test_monthly_schedule" classname="com.opengamma.strata.basics.schedule.PeriodicScheduleTest" time="0"/>
  <testcase name="test_monthly_schedule" classname="com.opengamma.strata.basics.schedule.PeriodicScheduleTest" time="0"/>
  <testcase name="test_monthly_schedule" classname="com.opengamma.strata.basics.schedule.PeriodicScheduleTest" time="0"/>
  <testcase name="test_monthly_schedule" classname="com.opengamma.strata.basics.schedule.PeriodicScheduleTest" time="0.001"/>
  <testcase name="test_monthly_schedule" classname="com.opengamma.strata.basics.schedule.PeriodicScheduleTest" time="0"/>
  <testcase name="test_monthly_schedule" classname="com.opengamma.strata.basics.schedule.PeriodicScheduleTest" time="0"/>
  <testcase name="test_monthly_schedule" classname="com.opengamma.strata.basics.schedule.PeriodicScheduleTest" time="0"/>
  <testcase name="test_monthly_schedule" classname="com.opengamma.strata.basics.schedule.PeriodicScheduleTest" time="0"/>
  <testcase name="test_monthly_schedule" classname="com.opengamma.strata.basics.schedule.PeriodicScheduleTest" time="0"/>
  <testcase name="test_monthly_schedule" classname="com.opengamma.strata.basics.schedule.PeriodicScheduleTest" time="0"/>
  <testcase name="test_monthly_schedule" classname="com.opengamma.strata.basics.schedule.PeriodicScheduleTest" time="0"/>
  <testcase name="test_monthly_schedule" classname="com.opengamma.strata.basics.schedule.PeriodicScheduleTest" time="0"/>
  <testcase name="test_monthly_schedule" classname="com.opengamma.strata.basics.schedule.PeriodicScheduleTest" time="0"/>
  <testcase name="test_monthly_schedule" classname="com.opengamma.strata.basics.schedule.PeriodicScheduleTest" time="0"/>
  <testcase name="test_monthly_schedule" classname="com.opengamma.strata.basics.schedule.PeriodicScheduleTest" time="0"/>
  <testcase name="test_monthly_schedule" classname="com.opengamma.strata.basics.schedule.PeriodicScheduleTest" time="0"/>
  <testcase name="test_monthly_schedule" classname="com.opengamma.strata.basics.schedule.PeriodicScheduleTest" time="0"/>
  <testcase name="test_monthly_schedule" classname="com.opengamma.strata.basics.schedule.PeriodicScheduleTest" time="0"/>
  <testcase name="test_monthly_schedule" classname="com.opengamma.strata.basics.schedule.PeriodicScheduleTest" time="0"/>
  <testcase name="test_monthly_schedule" classname="com.opengamma.strata.basics.schedule.PeriodicScheduleTest" time="0"/>
  <testcase name="test_monthly_schedule" classname="com.opengamma.strata.basics.schedule.PeriodicScheduleTest" time="0"/>
  <testcase name="test_monthly_schedule" classname="com.opengamma.strata.basics.schedule.PeriodicScheduleTest" time="0.001"/>
  <testcase name="test_monthly_schedule" classname="com.opengamma.strata.basics.schedule.PeriodicScheduleTest" time="0"/>
  <testcase name="test_monthly_schedule" classname="com.opengamma.strata.basics.schedule.PeriodicScheduleTest" time="0"/>
  <testcase name="test_monthly_schedule" classname="com.opengamma.strata.basics.schedule.PeriodicScheduleTest" time="0.001"/>
  <testcase name="test_monthly_schedule" classname="com.opengamma.strata.basics.schedule.PeriodicScheduleTest" time="0"/>
  <testcase name="test_monthly_schedule" classname="com.opengamma.strata.basics.schedule.PeriodicScheduleTest" time="0"/>
  <testcase name="test_monthly_schedule" classname="com.opengamma.strata.basics.schedule.PeriodicScheduleTest" time="0"/>
  <testcase name="test_monthly_schedule" classname="com.opengamma.strata.basics.schedule.PeriodicScheduleTest" time="0"/>
  <testcase name="test_monthly_schedule" classname="com.opengamma.strata.basics.schedule.PeriodicScheduleTest" time="0.001"/>
  <testcase name="test_monthly_schedule" classname="com.opengamma.strata.basics.schedule.PeriodicScheduleTest" time="0"/>
  <testcase name="test_monthly_schedule" classname="com.opengamma.strata.basics.schedule.PeriodicScheduleTest" time="0"/>
  <testcase name="test_monthly_schedule" classname="com.opengamma.strata.basics.schedule.PeriodicScheduleTest" time="0"/>
  <testcase name="test_monthly_schedule" classname="com.opengamma.strata.basics.schedule.PeriodicScheduleTest" time="0"/>
  <testcase name="coverage" classname="com.opengamma.strata.basics.schedule.StubConventionTest" time="0"/>
  <testcase name="test_BOTH" classname="com.opengamma.strata.basics.schedule.StubConventionTest" time="0"/>
  <testcase name="test_factory_String_String_invalid" classname="com.opengamma.strata.basics.StandardIdTest" time="0"/>
  <testcase name="test_factory_String_String_invalid" classname="com.opengamma.strata.basics.StandardIdTest" time="0"/>
  <testcase name="test_factory_String_String_invalid" classname="com.opengamma.strata.basics.StandardIdTest" time="0"/>
  <testcase name="test_factory_String_String_invalid" classname="com.opengamma.strata.basics.StandardIdTest" time="0"/>
  <testcase name="test_factory_String_String_invalid" classname="com.opengamma.strata.basics.StandardIdTest" time="0"/>
  <testcase name="test_factory_String_String_invalid" classname="com.opengamma.strata.basics.StandardIdTest" time="0"/>
  <testcase name="test_LONG_FINAL" classname="com.opengamma.strata.basics.schedule.StubConventionTest" time="0"/>
  <testcase name="test_LONG_INITIAL" classname="com.opengamma.strata.basics.schedule.StubConventionTest" time="0"/>
  <testcase name="test_NONE" classname="com.opengamma.strata.basics.schedule.StubConventionTest" time="0"/>
  <testcase name="test_SHORT_FINAL" classname="com.opengamma.strata.basics.schedule.StubConventionTest" time="0"/>
  <testcase name="test_SHORT_INITIAL" classname="com.opengamma.strata.basics.schedule.StubConventionTest" time="0"/>
  <testcase name="test_factory_String_String_nullScheme" classname="com.opengamma.strata.basics.StandardIdTest" time="0"/>
  <testcase name="test_factory_String_String_nullValue" classname="com.opengamma.strata.basics.StandardIdTest" time="0"/>
  <testcase name="test_factory_String_String_valid" classname="com.opengamma.strata.basics.StandardIdTest" time="0"/>
  <testcase name="test_factory_String_String_valid" classname="com.opengamma.strata.basics.StandardIdTest" time="0"/>
  <testcase name="test_factory_String_String_valid" classname="com.opengamma.strata.basics.StandardIdTest" time="0"/>
  <testcase name="test_factory_String_String_valid" classname="com.opengamma.strata.basics.StandardIdTest" time="0"/>
  <testcase name="test_formats_parse" classname="com.opengamma.strata.basics.StandardIdTest" time="0"/>
  <testcase name="test_formats_parse" classname="com.opengamma.strata.basics.StandardIdTest" time="0"/>
  <testcase name="test_formats_toString" classname="com.opengamma.strata.basics.StandardIdTest" time="0"/>
  <testcase name="test_formats_toString" classname="com.opengamma.strata.basics.StandardIdTest" time="0"/>
  <testcase name="test_hashCode" classname="com.opengamma.strata.basics.StandardIdTest" time="0"/>
  <testcase name="test_parse" classname="com.opengamma.strata.basics.StandardIdTest" time="0"/>
  <testcase name="test_parse_invalidFormat" classname="com.opengamma.strata.basics.StandardIdTest" time="0"/>
  <testcase name="test_parse_invalidFormat" classname="com.opengamma.strata.basics.StandardIdTest" time="0"/>
  <testcase name="test_parse_invalidFormat" classname="com.opengamma.strata.basics.StandardIdTest" time="0.001"/>
  <testcase name="test_parse_invalidFormat" classname="com.opengamma.strata.basics.StandardIdTest" time="0"/>
  <testcase name="test_parse_invalidFormat" classname="com.opengamma.strata.basics.StandardIdTest" time="0"/>
  <testcase name="test_serialization" classname="com.opengamma.strata.basics.StandardIdTest" time="0.002"/>
  <testcase name="test_jodaConvert" classname="com.opengamma.strata.basics.schedule.StubConventionTest" time="0"/>
  <testcase name="test_null" classname="com.opengamma.strata.basics.schedule.StubConventionTest" time="0"/>
  <testcase name="test_null" classname="com.opengamma.strata.basics.schedule.StubConventionTest" time="0"/>
  <testcase name="test_null" classname="com.opengamma.strata.basics.schedule.StubConventionTest" time="0.001"/>
  <testcase name="test_null" classname="com.opengamma.strata.basics.schedule.StubConventionTest" time="0"/>
  <testcase name="test_null" classname="com.opengamma.strata.basics.schedule.StubConventionTest" time="0"/>
  <testcase name="test_null" classname="com.opengamma.strata.basics.schedule.StubConventionTest" time="0"/>
  <testcase name="test_of_lookup" classname="com.opengamma.strata.basics.schedule.StubConventionTest" time="0.001"/>
  <testcase name="test_of_lookup" classname="com.opengamma.strata.basics.schedule.StubConventionTest" time="0"/>
  <testcase name="test_of_lookup" classname="com.opengamma.strata.basics.schedule.StubConventionTest" time="0"/>
  <testcase name="test_of_lookup" classname="com.opengamma.strata.basics.schedule.StubConventionTest" time="0"/>
  <testcase name="test_of_lookup" classname="com.opengamma.strata.basics.schedule.StubConventionTest" time="0"/>
  <testcase name="test_of_lookup" classname="com.opengamma.strata.basics.schedule.StubConventionTest" time="0"/>
  <testcase name="test_of_lookupLowerCase" classname="com.opengamma.strata.basics.schedule.StubConventionTest" time="0"/>
  <testcase name="test_of_lookupLowerCase" classname="com.opengamma.strata.basics.schedule.StubConventionTest" time="0"/>
  <testcase name="test_of_lookupLowerCase" classname="com.opengamma.strata.basics.schedule.StubConventionTest" time="0"/>
  <testcase name="test_of_lookupLowerCase" classname="com.opengamma.strata.basics.schedule.StubConventionTest" time="0"/>
  <testcase name="test_of_lookupLowerCase" classname="com.opengamma.strata.basics.schedule.StubConventionTest" time="0"/>
  <testcase name="test_of_lookupLowerCase" classname="com.opengamma.strata.basics.schedule.StubConventionTest" time="0"/>
  <testcase name="coverage" classname="com.opengamma.strata.basics.date.TenorAdjustmentTest" time="0"/>
  <testcase name="test_of_lookupUpperCase" classname="com.opengamma.strata.basics.schedule.StubConventionTest" time="0"/>
  <testcase name="test_of_lookupUpperCase" classname="com.opengamma.strata.basics.schedule.StubConventionTest" time="0"/>
  <testcase name="test_of_lookupUpperCase" classname="com.opengamma.strata.basics.schedule.StubConventionTest" time="0"/>
  <testcase name="test_of_lookupUpperCase" classname="com.opengamma.strata.basics.schedule.StubConventionTest" time="0.001"/>
  <testcase name="test_of_lookupUpperCase" classname="com.opengamma.strata.basics.schedule.StubConventionTest" time="0"/>
  <testcase name="test_of_lookupUpperCase" classname="com.opengamma.strata.basics.schedule.StubConventionTest" time="0"/>
  <testcase name="test_of_lookup_notFound" classname="com.opengamma.strata.basics.schedule.StubConventionTest" time="0"/>
  <testcase name="test_of_lookup_null" classname="com.opengamma.strata.basics.schedule.StubConventionTest" time="0"/>
  <testcase name="test_monthly_schedule_withOverride" classname="com.opengamma.strata.basics.schedule.PeriodicScheduleTest" time="0"/>
  <testcase name="test_monthly_schedule_withOverride" classname="com.opengamma.strata.basics.schedule.PeriodicScheduleTest" time="0"/>
  <testcase name="test_monthly_schedule_withOverride" classname="com.opengamma.strata.basics.schedule.PeriodicScheduleTest" time="0"/>
  <testcase name="test_monthly_schedule_withOverride" classname="com.opengamma.strata.basics.schedule.PeriodicScheduleTest" time="0.001"/>
  <testcase name="test_monthly_schedule_withOverride" classname="com.opengamma.strata.basics.schedule.PeriodicScheduleTest" time="0"/>
  <testcase name="test_monthly_schedule_withOverride" classname="com.opengamma.strata.basics.schedule.PeriodicScheduleTest" time="0"/>
  <testcase name="test_monthly_schedule_withOverride" classname="com.opengamma.strata.basics.schedule.PeriodicScheduleTest" time="0.001"/>
  <testcase name="test_monthly_schedule_withOverride" classname="com.opengamma.strata.basics.schedule.PeriodicScheduleTest" time="0"/>
  <testcase name="test_monthly_schedule_withOverride" classname="com.opengamma.strata.basics.schedule.PeriodicScheduleTest" time="0"/>
  <testcase name="test_monthly_schedule_withOverride" classname="com.opengamma.strata.basics.schedule.PeriodicScheduleTest" time="0"/>
  <testcase name="test_monthly_schedule_withOverride" classname="com.opengamma.strata.basics.schedule.PeriodicScheduleTest" time="0"/>
  <testcase name="test_monthly_schedule_withOverride" classname="com.opengamma.strata.basics.schedule.PeriodicScheduleTest" time="0"/>
  <testcase name="test_monthly_schedule_withOverride" classname="com.opengamma.strata.basics.schedule.PeriodicScheduleTest" time="0"/>
  <testcase name="test_monthly_schedule_withOverride" classname="com.opengamma.strata.basics.schedule.PeriodicScheduleTest" time="0"/>
  <testcase name="test_monthly_schedule_withOverride" classname="com.opengamma.strata.basics.schedule.PeriodicScheduleTest" time="0"/>
  <testcase name="test_monthly_schedule_withOverride" classname="com.opengamma.strata.basics.schedule.PeriodicScheduleTest" time="0"/>
  <testcase name="test_monthly_schedule_withOverride" classname="com.opengamma.strata.basics.schedule.PeriodicScheduleTest" time="0"/>
  <testcase name="test_monthly_schedule_withOverride" classname="com.opengamma.strata.basics.schedule.PeriodicScheduleTest" time="0"/>
  <testcase name="test_monthly_schedule_withOverride" classname="com.opengamma.strata.basics.schedule.PeriodicScheduleTest" time="0"/>
  <testcase name="test_monthly_schedule_withOverride" classname="com.opengamma.strata.basics.schedule.PeriodicScheduleTest" time="0"/>
  <testcase name="test_monthly_schedule_withOverride" classname="com.opengamma.strata.basics.schedule.PeriodicScheduleTest" time="0"/>
  <testcase name="test_monthly_schedule_withOverride" classname="com.opengamma.strata.basics.schedule.PeriodicScheduleTest" time="0"/>
  <testcase name="test_monthly_schedule_withOverride" classname="com.opengamma.strata.basics.schedule.PeriodicScheduleTest" time="0"/>
  <testcase name="test_monthly_schedule_withOverride" classname="com.opengamma.strata.basics.schedule.PeriodicScheduleTest" time="0"/>
  <testcase name="test_monthly_schedule_withOverride" classname="com.opengamma.strata.basics.schedule.PeriodicScheduleTest" time="0"/>
  <testcase name="test_monthly_schedule_withOverride" classname="com.opengamma.strata.basics.schedule.PeriodicScheduleTest" time="0"/>
  <testcase name="test_monthly_schedule_withOverride" classname="com.opengamma.strata.basics.schedule.PeriodicScheduleTest" time="0"/>
  <testcase name="test_monthly_schedule_withOverride" classname="com.opengamma.strata.basics.schedule.PeriodicScheduleTest" time="0"/>
  <testcase name="test_monthly_schedule_withOverride" classname="com.opengamma.strata.basics.schedule.PeriodicScheduleTest" time="0.011"/>
  <testcase name="test_monthly_schedule_withOverride" classname="com.opengamma.strata.basics.schedule.PeriodicScheduleTest" time="0"/>
  <testcase name="test_monthly_schedule_withOverride" classname="com.opengamma.strata.basics.schedule.PeriodicScheduleTest" time="0"/>
  <testcase name="test_monthly_schedule_withOverride" classname="com.opengamma.strata.basics.schedule.PeriodicScheduleTest" time="0"/>
  <testcase name="test_monthly_schedule_withOverride" classname="com.opengamma.strata.basics.schedule.PeriodicScheduleTest" time="0"/>
  <testcase name="test_monthly_schedule_withOverride" classname="com.opengamma.strata.basics.schedule.PeriodicScheduleTest" time="0"/>
  <testcase name="test_monthly_schedule_withOverride" classname="com.opengamma.strata.basics.schedule.PeriodicScheduleTest" time="0"/>
  <testcase name="test_monthly_schedule_withOverride" classname="com.opengamma.strata.basics.schedule.PeriodicScheduleTest" time="0"/>
  <testcase name="test_monthly_schedule_withOverride" classname="com.opengamma.strata.basics.schedule.PeriodicScheduleTest" time="0"/>
  <testcase name="test_monthly_schedule_withOverride" classname="com.opengamma.strata.basics.schedule.PeriodicScheduleTest" time="0"/>
  <testcase name="test_monthly_schedule_withOverride" classname="com.opengamma.strata.basics.schedule.PeriodicScheduleTest" time="0"/>
  <testcase name="test_monthly_schedule_withOverride" classname="com.opengamma.strata.basics.schedule.PeriodicScheduleTest" time="0"/>
  <testcase name="test_monthly_schedule_withOverride" classname="com.opengamma.strata.basics.schedule.PeriodicScheduleTest" time="0"/>
  <testcase name="test_monthly_schedule_withOverride" classname="com.opengamma.strata.basics.schedule.PeriodicScheduleTest" time="0"/>
  <testcase name="test_monthly_schedule_withOverride" classname="com.opengamma.strata.basics.schedule.PeriodicScheduleTest" time="0"/>
  <testcase name="test_monthly_schedule_withOverride" classname="com.opengamma.strata.basics.schedule.PeriodicScheduleTest" time="0"/>
  <testcase name="test_monthly_schedule_withOverride" classname="com.opengamma.strata.basics.schedule.PeriodicScheduleTest" time="0"/>
  <testcase name="test_monthly_schedule_withOverride" classname="com.opengamma.strata.basics.schedule.PeriodicScheduleTest" time="0"/>
  <testcase name="test_monthly_schedule_withOverride" classname="com.opengamma.strata.basics.schedule.PeriodicScheduleTest" time="0"/>
  <testcase name="test_monthly_schedule_withOverride" classname="com.opengamma.strata.basics.schedule.PeriodicScheduleTest" time="0"/>
  <testcase name="test_monthly_schedule_withOverride" classname="com.opengamma.strata.basics.schedule.PeriodicScheduleTest" time="0"/>
  <testcase name="test_monthly_schedule_withOverride" classname="com.opengamma.strata.basics.schedule.PeriodicScheduleTest" time="0"/>
  <testcase name="test_monthly_schedule_withOverride" classname="com.opengamma.strata.basics.schedule.PeriodicScheduleTest" time="0"/>
  <testcase name="test_monthly_schedule_withOverride" classname="com.opengamma.strata.basics.schedule.PeriodicScheduleTest" time="0"/>
  <testcase name="test_monthly_schedule_withOverride" classname="com.opengamma.strata.basics.schedule.PeriodicScheduleTest" time="0"/>
  <testcase name="test_monthly_schedule_withOverride" classname="com.opengamma.strata.basics.schedule.PeriodicScheduleTest" time="0"/>
  <testcase name="test_monthly_schedule_withOverride" classname="com.opengamma.strata.basics.schedule.PeriodicScheduleTest" time="0"/>
  <testcase name="test_monthly_schedule_withOverride" classname="com.opengamma.strata.basics.schedule.PeriodicScheduleTest" time="0"/>
  <testcase name="test_monthly_schedule_withOverride" classname="com.opengamma.strata.basics.schedule.PeriodicScheduleTest" time="0"/>
  <testcase name="test_monthly_schedule_withOverride" classname="com.opengamma.strata.basics.schedule.PeriodicScheduleTest" time="0"/>
  <testcase name="test_monthly_schedule_withOverride" classname="com.opengamma.strata.basics.schedule.PeriodicScheduleTest" time="0"/>
  <testcase name="test_monthly_schedule_withOverride" classname="com.opengamma.strata.basics.schedule.PeriodicScheduleTest" time="0"/>
  <testcase name="test_monthly_schedule_withOverride" classname="com.opengamma.strata.basics.schedule.PeriodicScheduleTest" time="0"/>
  <testcase name="test_monthly_schedule_withOverride" classname="com.opengamma.strata.basics.schedule.PeriodicScheduleTest" time="0"/>
  <testcase name="test_monthly_schedule_withOverride" classname="com.opengamma.strata.basics.schedule.PeriodicScheduleTest" time="0"/>
  <testcase name="test_monthly_schedule_withOverride" classname="com.opengamma.strata.basics.schedule.PeriodicScheduleTest" time="0"/>
  <testcase name="test_monthly_schedule_withOverride" classname="com.opengamma.strata.basics.schedule.PeriodicScheduleTest" time="0"/>
  <testcase name="test_monthly_schedule_withOverride" classname="com.opengamma.strata.basics.schedule.PeriodicScheduleTest" time="0"/>
  <testcase name="test_monthly_schedule_withOverride" classname="com.opengamma.strata.basics.schedule.PeriodicScheduleTest" time="0"/>
  <testcase name="test_monthly_schedule_withOverride" classname="com.opengamma.strata.basics.schedule.PeriodicScheduleTest" time="0"/>
  <testcase name="test_serialization" classname="com.opengamma.strata.basics.schedule.StubConventionTest" time="0"/>
  <testcase name="test_toImplicit" classname="com.opengamma.strata.basics.schedule.StubConventionTest" time="0"/>
  <testcase name="test_toImplicit" classname="com.opengamma.strata.basics.schedule.StubConventionTest" time="0"/>
  <testcase name="test_toImplicit" classname="com.opengamma.strata.basics.schedule.StubConventionTest" time="0"/>
  <testcase name="test_toImplicit" classname="com.opengamma.strata.basics.schedule.StubConventionTest" time="0"/>
  <testcase name="test_toImplicit" classname="com.opengamma.strata.basics.schedule.StubConventionTest" time="0.001"/>
  <testcase name="test_toImplicit" classname="com.opengamma.strata.basics.schedule.StubConventionTest" time="0"/>
  <testcase name="test_toImplicit" classname="com.opengamma.strata.basics.schedule.StubConventionTest" time="0"/>
  <testcase name="test_toImplicit" classname="com.opengamma.strata.basics.schedule.StubConventionTest" time="0"/>
  <testcase name="test_toImplicit" classname="com.opengamma.strata.basics.schedule.StubConventionTest" time="0.001"/>
  <testcase name="test_toImplicit" classname="com.opengamma.strata.basics.schedule.StubConventionTest" time="0"/>
  <testcase name="test_toImplicit" classname="com.opengamma.strata.basics.schedule.StubConventionTest" time="0.002"/>
  <testcase name="test_toImplicit" classname="com.opengamma.strata.basics.schedule.StubConventionTest" time="0"/>
  <testcase name="test_toImplicit" classname="com.opengamma.strata.basics.schedule.StubConventionTest" time="0"/>
  <testcase name="test_toImplicit" classname="com.opengamma.strata.basics.schedule.StubConventionTest" time="0"/>
  <testcase name="test_toImplicit" classname="com.opengamma.strata.basics.schedule.StubConventionTest" time="0"/>
  <testcase name="test_toImplicit" classname="com.opengamma.strata.basics.schedule.StubConventionTest" time="0"/>
  <testcase name="test_toImplicit" classname="com.opengamma.strata.basics.schedule.StubConventionTest" time="0"/>
  <testcase name="test_toImplicit" classname="com.opengamma.strata.basics.schedule.StubConventionTest" time="0"/>
  <testcase name="test_toImplicit" classname="com.opengamma.strata.basics.schedule.StubConventionTest" time="0"/>
  <testcase name="test_toImplicit" classname="com.opengamma.strata.basics.schedule.StubConventionTest" time="0.004"/>
  <testcase name="test_toImplicit" classname="com.opengamma.strata.basics.schedule.StubConventionTest" time="0"/>
  <testcase name="test_toImplicit" classname="com.opengamma.strata.basics.schedule.StubConventionTest" time="0"/>
  <testcase name="test_toImplicit" classname="com.opengamma.strata.basics.schedule.StubConventionTest" time="0"/>
  <testcase name="test_toImplicit" classname="com.opengamma.strata.basics.schedule.StubConventionTest" time="0"/>
  <testcase name="equals" classname="com.opengamma.strata.basics.date.TenorAdjustmentTest" time="0"/>
  <testcase name="test_adjust" classname="com.opengamma.strata.basics.date.TenorAdjustmentTest" time="0"/>
  <testcase name="test_adjust" classname="com.opengamma.strata.basics.date.TenorAdjustmentTest" time="0"/>
  <testcase name="test_adjust" classname="com.opengamma.strata.basics.date.TenorAdjustmentTest" time="0"/>
  <testcase name="test_adjust" classname="com.opengamma.strata.basics.date.TenorAdjustmentTest" time="0"/>
  <testcase name="test_adjust" classname="com.opengamma.strata.basics.date.TenorAdjustmentTest" time="0"/>
  <testcase name="test_beanBuilder" classname="com.opengamma.strata.basics.date.TenorAdjustmentTest" time="0"/>
  <testcase name="test_ofLastBusinessDay" classname="com.opengamma.strata.basics.date.TenorAdjustmentTest" time="0.001"/>
  <testcase name="test_ofLastDay" classname="com.opengamma.strata.basics.date.TenorAdjustmentTest" time="0"/>
  <testcase name="test_of_additionConventionLastDay" classname="com.opengamma.strata.basics.date.TenorAdjustmentTest" time="0"/>
  <testcase name="test_of_additionConventionNone" classname="com.opengamma.strata.basics.date.TenorAdjustmentTest" time="0"/>
  <testcase name="test_of_invalid_conventionForPeriod" classname="com.opengamma.strata.basics.date.TenorAdjustmentTest" time="0"/>
  <testcase name="test_serialization" classname="com.opengamma.strata.basics.date.TenorAdjustmentTest" time="0"/>
  <testcase name="test_addTo" classname="com.opengamma.strata.basics.date.TenorTest" time="0"/>
  <testcase name="test_compare" classname="com.opengamma.strata.basics.date.TenorTest" time="0"/>
  <testcase name="test_toRollConvention" classname="com.opengamma.strata.basics.schedule.StubConventionTest" time="0"/>
  <testcase name="test_toRollConvention" classname="com.opengamma.strata.basics.schedule.StubConventionTest" time="0"/>
  <testcase name="test_toRollConvention" classname="com.opengamma.strata.basics.schedule.StubConventionTest" time="0"/>
  <testcase name="test_toRollConvention" classname="com.opengamma.strata.basics.schedule.StubConventionTest" time="0"/>
  <testcase name="test_toRollConvention" classname="com.opengamma.strata.basics.schedule.StubConventionTest" time="0"/>
  <testcase name="test_toRollConvention" classname="com.opengamma.strata.basics.schedule.StubConventionTest" time="0"/>
  <testcase name="test_toRollConvention" classname="com.opengamma.strata.basics.schedule.StubConventionTest" time="0"/>
  <testcase name="test_toRollConvention" classname="com.opengamma.strata.basics.schedule.StubConventionTest" time="0"/>
  <testcase name="test_toRollConvention" classname="com.opengamma.strata.basics.schedule.StubConventionTest" time="0"/>
  <testcase name="test_toRollConvention" classname="com.opengamma.strata.basics.schedule.StubConventionTest" time="0"/>
  <testcase name="test_toRollConvention" classname="com.opengamma.strata.basics.schedule.StubConventionTest" time="0"/>
  <testcase name="test_toRollConvention" classname="com.opengamma.strata.basics.schedule.StubConventionTest" time="0"/>
  <testcase name="test_toRollConvention" classname="com.opengamma.strata.basics.schedule.StubConventionTest" time="0"/>
  <testcase name="test_toRollConvention" classname="com.opengamma.strata.basics.schedule.StubConventionTest" time="0"/>
  <testcase name="test_toRollConvention" classname="com.opengamma.strata.basics.schedule.StubConventionTest" time="0.001"/>
  <testcase name="test_toRollConvention" classname="com.opengamma.strata.basics.schedule.StubConventionTest" time="0"/>
  <testcase name="test_toRollConvention" classname="com.opengamma.strata.basics.schedule.StubConventionTest" time="0"/>
  <testcase name="test_toRollConvention" classname="com.opengamma.strata.basics.schedule.StubConventionTest" time="0"/>
  <testcase name="test_toRollConvention" classname="com.opengamma.strata.basics.schedule.StubConventionTest" time="0"/>
  <testcase name="test_toRollConvention" classname="com.opengamma.strata.basics.schedule.StubConventionTest" time="0"/>
  <testcase name="test_toRollConvention" classname="com.opengamma.strata.basics.schedule.StubConventionTest" time="0.001"/>
  <testcase name="test_toRollConvention" classname="com.opengamma.strata.basics.schedule.StubConventionTest" time="0"/>
  <testcase name="test_toRollConvention" classname="com.opengamma.strata.basics.schedule.StubConventionTest" time="0"/>
  <testcase name="test_toRollConvention" classname="com.opengamma.strata.basics.schedule.StubConventionTest" time="0"/>
  <testcase name="test_toRollConvention" classname="com.opengamma.strata.basics.schedule.StubConventionTest" time="0"/>
  <testcase name="test_toRollConvention" classname="com.opengamma.strata.basics.schedule.StubConventionTest" time="0"/>
  <testcase name="test_toRollConvention" classname="com.opengamma.strata.basics.schedule.StubConventionTest" time="0"/>
  <testcase name="test_toRollConvention" classname="com.opengamma.strata.basics.schedule.StubConventionTest" time="0"/>
  <testcase name="test_toRollConvention" classname="com.opengamma.strata.basics.schedule.StubConventionTest" time="0"/>
  <testcase name="test_toRollConvention" classname="com.opengamma.strata.basics.schedule.StubConventionTest" time="0"/>
  <testcase name="test_toRollConvention" classname="com.opengamma.strata.basics.schedule.StubConventionTest" time="0"/>
  <testcase name="test_toRollConvention" classname="com.opengamma.strata.basics.schedule.StubConventionTest" time="0"/>
  <testcase name="test_toRollConvention" classname="com.opengamma.strata.basics.schedule.StubConventionTest" time="0"/>
  <testcase name="test_toRollConvention" classname="com.opengamma.strata.basics.schedule.StubConventionTest" time="0"/>
  <testcase name="test_toRollConvention" classname="com.opengamma.strata.basics.schedule.StubConventionTest" time="0"/>
  <testcase name="test_toRollConvention" classname="com.opengamma.strata.basics.schedule.StubConventionTest" time="0"/>
  <testcase name="test_toRollConvention" classname="com.opengamma.strata.basics.schedule.StubConventionTest" time="0"/>
  <testcase name="test_toRollConvention" classname="com.opengamma.strata.basics.schedule.StubConventionTest" time="0"/>
  <testcase name="test_toRollConvention" classname="com.opengamma.strata.basics.schedule.StubConventionTest" time="0"/>
  <testcase name="test_toRollConvention" classname="com.opengamma.strata.basics.schedule.StubConventionTest" time="0"/>
  <testcase name="test_toRollConvention" classname="com.opengamma.strata.basics.schedule.StubConventionTest" time="0.001"/>
  <testcase name="test_toRollConvention" classname="com.opengamma.strata.basics.schedule.StubConventionTest" time="0"/>
  <testcase name="test_toRollConvention" classname="com.opengamma.strata.basics.schedule.StubConventionTest" time="0"/>
  <testcase name="test_toRollConvention" classname="com.opengamma.strata.basics.schedule.StubConventionTest" time="0"/>
  <testcase name="test_toRollConvention" classname="com.opengamma.strata.basics.schedule.StubConventionTest" time="0"/>
  <testcase name="test_toRollConvention" classname="com.opengamma.strata.basics.schedule.StubConventionTest" time="0"/>
  <testcase name="test_toRollConvention" classname="com.opengamma.strata.basics.schedule.StubConventionTest" time="0"/>
  <testcase name="test_toRollConvention" classname="com.opengamma.strata.basics.schedule.StubConventionTest" time="0"/>
  <testcase name="test_toRollConvention" classname="com.opengamma.strata.basics.schedule.StubConventionTest" time="0"/>
  <testcase name="test_equals_bad" classname="com.opengamma.strata.basics.date.TenorTest" time="0"/>
  <testcase name="test_equals_hashCode" classname="com.opengamma.strata.basics.date.TenorTest" time="0"/>
  <testcase name="test_getPeriod" classname="com.opengamma.strata.basics.date.TenorTest" time="0"/>
  <testcase name="test_isMonthBased" classname="com.opengamma.strata.basics.date.TenorTest" time="0"/>
  <testcase name="test_isMonthBased" classname="com.opengamma.strata.basics.date.TenorTest" time="0"/>
  <testcase name="test_isMonthBased" classname="com.opengamma.strata.basics.date.TenorTest" time="0"/>
  <testcase name="test_isMonthBased" classname="com.opengamma.strata.basics.date.TenorTest" time="0"/>
  <testcase name="test_isMonthBased" classname="com.opengamma.strata.basics.date.TenorTest" time="0"/>
  <testcase name="test_isMonthBased" classname="com.opengamma.strata.basics.date.TenorTest" time="0"/>
  <testcase name="test_isMonthBased" classname="com.opengamma.strata.basics.date.TenorTest" time="0"/>
  <testcase name="test_isMonthBased" classname="com.opengamma.strata.basics.date.TenorTest" time="0"/>
  <testcase name="test_isMonthBased" classname="com.opengamma.strata.basics.date.TenorTest" time="0"/>
  <testcase name="test_isMonthBased" classname="com.opengamma.strata.basics.date.TenorTest" time="0"/>
  <testcase name="test_isMonthBased" classname="com.opengamma.strata.basics.date.TenorTest" time="0"/>
  <testcase name="test_isWeekBased" classname="com.opengamma.strata.basics.date.TenorTest" time="0"/>
  <testcase name="test_isWeekBased" classname="com.opengamma.strata.basics.date.TenorTest" time="0"/>
  <testcase name="test_isWeekBased" classname="com.opengamma.strata.basics.date.TenorTest" time="0.001"/>
  <testcase name="test_isWeekBased" classname="com.opengamma.strata.basics.date.TenorTest" time="0"/>
  <testcase name="test_isWeekBased" classname="com.opengamma.strata.basics.date.TenorTest" time="0"/>
  <testcase name="test_isWeekBased" classname="com.opengamma.strata.basics.date.TenorTest" time="0"/>
  <testcase name="test_isWeekBased" classname="com.opengamma.strata.basics.date.TenorTest" time="0"/>
  <testcase name="test_isWeekBased" classname="com.opengamma.strata.basics.date.TenorTest" time="0"/>
  <testcase name="test_isWeekBased" classname="com.opengamma.strata.basics.date.TenorTest" time="0"/>
  <testcase name="test_isWeekBased" classname="com.opengamma.strata.basics.date.TenorTest" time="0"/>
  <testcase name="test_isWeekBased" classname="com.opengamma.strata.basics.date.TenorTest" time="0"/>
  <testcase name="test_toString" classname="com.opengamma.strata.basics.schedule.StubConventionTest" time="0"/>
  <testcase name="test_toString" classname="com.opengamma.strata.basics.schedule.StubConventionTest" time="0"/>
  <testcase name="test_toString" classname="com.opengamma.strata.basics.schedule.StubConventionTest" time="0"/>
  <testcase name="test_toString" classname="com.opengamma.strata.basics.schedule.StubConventionTest" time="0"/>
  <testcase name="test_toString" classname="com.opengamma.strata.basics.schedule.StubConventionTest" time="0"/>
  <testcase name="test_toString" classname="com.opengamma.strata.basics.schedule.StubConventionTest" time="0"/>
  <testcase name="test_jodaConvert" classname="com.opengamma.strata.basics.date.TenorTest" time="0"/>
  <testcase name="test_normalized" classname="com.opengamma.strata.basics.date.TenorTest" time="0"/>
  <testcase name="test_normalized" classname="com.opengamma.strata.basics.date.TenorTest" time="0"/>
  <testcase name="test_normalized" classname="com.opengamma.strata.basics.date.TenorTest" time="0"/>
  <testcase name="test_normalized" classname="com.opengamma.strata.basics.date.TenorTest" time="0"/>
  <testcase name="test_normalized" classname="com.opengamma.strata.basics.date.TenorTest" time="0"/>
  <testcase name="test_normalized" classname="com.opengamma.strata.basics.date.TenorTest" time="0"/>
  <testcase name="test_normalized" classname="com.opengamma.strata.basics.date.TenorTest" time="0"/>
  <testcase name="test_normalized" classname="com.opengamma.strata.basics.date.TenorTest" time="0"/>
  <testcase name="test_normalized" classname="com.opengamma.strata.basics.date.TenorTest" time="0"/>
  <testcase name="test_normalized" classname="com.opengamma.strata.basics.date.TenorTest" time="0"/>
  <testcase name="test_normalized" classname="com.opengamma.strata.basics.date.TenorTest" time="0"/>
  <testcase name="test_normalized" classname="com.opengamma.strata.basics.date.TenorTest" time="0"/>
  <testcase name="test_ofMonths" classname="com.opengamma.strata.basics.date.TenorTest" time="0"/>
  <testcase name="test_ofMonths" classname="com.opengamma.strata.basics.date.TenorTest" time="0"/>
  <testcase name="test_ofMonths" classname="com.opengamma.strata.basics.date.TenorTest" time="0"/>
  <testcase name="test_ofMonths" classname="com.opengamma.strata.basics.date.TenorTest" time="0"/>
  <testcase name="test_ofMonths" classname="com.opengamma.strata.basics.date.TenorTest" time="0"/>
  <testcase name="test_ofMonths" classname="com.opengamma.strata.basics.date.TenorTest" time="0"/>
  <testcase name="test_ofPeriod" classname="com.opengamma.strata.basics.date.TenorTest" time="0"/>
  <testcase name="test_ofPeriod" classname="com.opengamma.strata.basics.date.TenorTest" time="0"/>
  <testcase name="test_ofPeriod" classname="com.opengamma.strata.basics.date.TenorTest" time="0"/>
  <testcase name="test_ofPeriod" classname="com.opengamma.strata.basics.date.TenorTest" time="0"/>
  <testcase name="test_ofPeriod" classname="com.opengamma.strata.basics.date.TenorTest" time="0"/>
  <testcase name="test_ofPeriod" classname="com.opengamma.strata.basics.date.TenorTest" time="0"/>
  <testcase name="test_ofPeriod" classname="com.opengamma.strata.basics.date.TenorTest" time="0"/>
  <testcase name="test_ofPeriod" classname="com.opengamma.strata.basics.date.TenorTest" time="0"/>
  <testcase name="test_ofPeriod" classname="com.opengamma.strata.basics.date.TenorTest" time="0"/>
  <testcase name="test_ofPeriod" classname="com.opengamma.strata.basics.date.TenorTest" time="0"/>
  <testcase name="test_ofPeriod" classname="com.opengamma.strata.basics.date.TenorTest" time="0"/>
  <testcase name="test_ofPeriod" classname="com.opengamma.strata.basics.date.TenorTest" time="0"/>
  <testcase name="test_ofPeriod" classname="com.opengamma.strata.basics.date.TenorTest" time="0"/>
  <testcase name="coverage" classname="com.opengamma.strata.basics.value.ValueAdjustmentTest" time="0"/>
  <testcase name="equals" classname="com.opengamma.strata.basics.value.ValueAdjustmentTest" time="0"/>
  <testcase name="test_NONE" classname="com.opengamma.strata.basics.value.ValueAdjustmentTest" time="0"/>
  <testcase name="test_ofDeltaAmount" classname="com.opengamma.strata.basics.value.ValueAdjustmentTest" time="0"/>
  <testcase name="test_ofDeltaMultiplier" classname="com.opengamma.strata.basics.value.ValueAdjustmentTest" time="0"/>
  <testcase name="test_ofYears" classname="com.opengamma.strata.basics.date.TenorTest" time="0"/>
  <testcase name="test_ofYears" classname="com.opengamma.strata.basics.date.TenorTest" time="0"/>
  <testcase name="test_ofYears" classname="com.opengamma.strata.basics.date.TenorTest" time="0"/>
  <testcase name="test_ofMultiplier" classname="com.opengamma.strata.basics.value.ValueAdjustmentTest" time="0.003"/>
  <testcase name="test_ofReplace" classname="com.opengamma.strata.basics.value.ValueAdjustmentTest" time="0"/>
  <testcase name="test_serialization" classname="com.opengamma.strata.basics.value.ValueAdjustmentTest" time="0"/>
  <testcase name="coverage" classname="com.opengamma.strata.basics.value.ValueAdjustmentTypeTest" time="0"/>
  <testcase name="test_monthly_unadjusted" classname="com.opengamma.strata.basics.schedule.PeriodicScheduleTest" time="0"/>
  <testcase name="test_monthly_unadjusted" classname="com.opengamma.strata.basics.schedule.PeriodicScheduleTest" time="0.002"/>
  <testcase name="test_monthly_unadjusted" classname="com.opengamma.strata.basics.schedule.PeriodicScheduleTest" time="0"/>
  <testcase name="test_monthly_unadjusted" classname="com.opengamma.strata.basics.schedule.PeriodicScheduleTest" time="0"/>
  <testcase name="test_monthly_unadjusted" classname="com.opengamma.strata.basics.schedule.PeriodicScheduleTest" time="0"/>
  <testcase name="test_monthly_unadjusted" classname="com.opengamma.strata.basics.schedule.PeriodicScheduleTest" time="0"/>
  <testcase name="test_monthly_unadjusted" classname="com.opengamma.strata.basics.schedule.PeriodicScheduleTest" time="0"/>
  <testcase name="test_monthly_unadjusted" classname="com.opengamma.strata.basics.schedule.PeriodicScheduleTest" time="0"/>
  <testcase name="test_monthly_unadjusted" classname="com.opengamma.strata.basics.schedule.PeriodicScheduleTest" time="0"/>
  <testcase name="test_monthly_unadjusted" classname="com.opengamma.strata.basics.schedule.PeriodicScheduleTest" time="0"/>
  <testcase name="test_monthly_unadjusted" classname="com.opengamma.strata.basics.schedule.PeriodicScheduleTest" time="0"/>
  <testcase name="test_monthly_unadjusted" classname="com.opengamma.strata.basics.schedule.PeriodicScheduleTest" time="0"/>
  <testcase name="test_monthly_unadjusted" classname="com.opengamma.strata.basics.schedule.PeriodicScheduleTest" time="0"/>
  <testcase name="test_monthly_unadjusted" classname="com.opengamma.strata.basics.schedule.PeriodicScheduleTest" time="0"/>
  <testcase name="test_monthly_unadjusted" classname="com.opengamma.strata.basics.schedule.PeriodicScheduleTest" time="0"/>
  <testcase name="test_monthly_unadjusted" classname="com.opengamma.strata.basics.schedule.PeriodicScheduleTest" time="0"/>
  <testcase name="test_monthly_unadjusted" classname="com.opengamma.strata.basics.schedule.PeriodicScheduleTest" time="0"/>
  <testcase name="test_monthly_unadjusted" classname="com.opengamma.strata.basics.schedule.PeriodicScheduleTest" time="0"/>
  <testcase name="test_monthly_unadjusted" classname="com.opengamma.strata.basics.schedule.PeriodicScheduleTest" time="0"/>
  <testcase name="test_monthly_unadjusted" classname="com.opengamma.strata.basics.schedule.PeriodicScheduleTest" time="0"/>
  <testcase name="test_monthly_unadjusted" classname="com.opengamma.strata.basics.schedule.PeriodicScheduleTest" time="0"/>
  <testcase name="test_monthly_unadjusted" classname="com.opengamma.strata.basics.schedule.PeriodicScheduleTest" time="0"/>
  <testcase name="test_monthly_unadjusted" classname="com.opengamma.strata.basics.schedule.PeriodicScheduleTest" time="0.001"/>
  <testcase name="test_monthly_unadjusted" classname="com.opengamma.strata.basics.schedule.PeriodicScheduleTest" time="0"/>
  <testcase name="test_monthly_unadjusted" classname="com.opengamma.strata.basics.schedule.PeriodicScheduleTest" time="0"/>
  <testcase name="test_monthly_unadjusted" classname="com.opengamma.strata.basics.schedule.PeriodicScheduleTest" time="0"/>
  <testcase name="test_monthly_unadjusted" classname="com.opengamma.strata.basics.schedule.PeriodicScheduleTest" time="0"/>
  <testcase name="test_monthly_unadjusted" classname="com.opengamma.strata.basics.schedule.PeriodicScheduleTest" time="0.001"/>
  <testcase name="test_monthly_unadjusted" classname="com.opengamma.strata.basics.schedule.PeriodicScheduleTest" time="0"/>
  <testcase name="test_monthly_unadjusted" classname="com.opengamma.strata.basics.schedule.PeriodicScheduleTest" time="0"/>
  <testcase name="test_monthly_unadjusted" classname="com.opengamma.strata.basics.schedule.PeriodicScheduleTest" time="0"/>
  <testcase name="test_monthly_unadjusted" classname="com.opengamma.strata.basics.schedule.PeriodicScheduleTest" time="0"/>
  <testcase name="test_monthly_unadjusted" classname="com.opengamma.strata.basics.schedule.PeriodicScheduleTest" time="0.001"/>
  <testcase name="test_monthly_unadjusted" classname="com.opengamma.strata.basics.schedule.PeriodicScheduleTest" time="0"/>
  <testcase name="test_monthly_unadjusted" classname="com.opengamma.strata.basics.schedule.PeriodicScheduleTest" time="0"/>
  <testcase name="test_monthly_unadjusted" classname="com.opengamma.strata.basics.schedule.PeriodicScheduleTest" time="0"/>
  <testcase name="test_monthly_unadjusted" classname="com.opengamma.strata.basics.schedule.PeriodicScheduleTest" time="0"/>
  <testcase name="test_monthly_unadjusted" classname="com.opengamma.strata.basics.schedule.PeriodicScheduleTest" time="0"/>
  <testcase name="test_monthly_unadjusted" classname="com.opengamma.strata.basics.schedule.PeriodicScheduleTest" time="0"/>
  <testcase name="test_monthly_unadjusted" classname="com.opengamma.strata.basics.schedule.PeriodicScheduleTest" time="0"/>
  <testcase name="test_monthly_unadjusted" classname="com.opengamma.strata.basics.schedule.PeriodicScheduleTest" time="0"/>
  <testcase name="test_monthly_unadjusted" classname="com.opengamma.strata.basics.schedule.PeriodicScheduleTest" time="0.001"/>
  <testcase name="test_monthly_unadjusted" classname="com.opengamma.strata.basics.schedule.PeriodicScheduleTest" time="0"/>
  <testcase name="test_monthly_unadjusted" classname="com.opengamma.strata.basics.schedule.PeriodicScheduleTest" time="0"/>
  <testcase name="test_monthly_unadjusted" classname="com.opengamma.strata.basics.schedule.PeriodicScheduleTest" time="0"/>
  <testcase name="test_monthly_unadjusted" classname="com.opengamma.strata.basics.schedule.PeriodicScheduleTest" time="0"/>
  <testcase name="test_monthly_unadjusted" classname="com.opengamma.strata.basics.schedule.PeriodicScheduleTest" time="0"/>
  <testcase name="test_monthly_unadjusted" classname="com.opengamma.strata.basics.schedule.PeriodicScheduleTest" time="0"/>
  <testcase name="test_monthly_unadjusted" classname="com.opengamma.strata.basics.schedule.PeriodicScheduleTest" time="0"/>
  <testcase name="test_monthly_unadjusted" classname="com.opengamma.strata.basics.schedule.PeriodicScheduleTest" time="0"/>
  <testcase name="test_monthly_unadjusted" classname="com.opengamma.strata.basics.schedule.PeriodicScheduleTest" time="0"/>
  <testcase name="test_monthly_unadjusted" classname="com.opengamma.strata.basics.schedule.PeriodicScheduleTest" time="0"/>
  <testcase name="test_monthly_unadjusted" classname="com.opengamma.strata.basics.schedule.PeriodicScheduleTest" time="0"/>
  <testcase name="test_monthly_unadjusted" classname="com.opengamma.strata.basics.schedule.PeriodicScheduleTest" time="0"/>
  <testcase name="test_monthly_unadjusted" classname="com.opengamma.strata.basics.schedule.PeriodicScheduleTest" time="0.001"/>
  <testcase name="test_monthly_unadjusted" classname="com.opengamma.strata.basics.schedule.PeriodicScheduleTest" time="0"/>
  <testcase name="test_monthly_unadjusted" classname="com.opengamma.strata.basics.schedule.PeriodicScheduleTest" time="0"/>
  <testcase name="test_monthly_unadjusted" classname="com.opengamma.strata.basics.schedule.PeriodicScheduleTest" time="0"/>
  <testcase name="test_monthly_unadjusted" classname="com.opengamma.strata.basics.schedule.PeriodicScheduleTest" time="0"/>
  <testcase name="test_monthly_unadjusted" classname="com.opengamma.strata.basics.schedule.PeriodicScheduleTest" time="0.003"/>
  <testcase name="test_monthly_unadjusted" classname="com.opengamma.strata.basics.schedule.PeriodicScheduleTest" time="0"/>
  <testcase name="test_monthly_unadjusted" classname="com.opengamma.strata.basics.schedule.PeriodicScheduleTest" time="0"/>
  <testcase name="test_monthly_unadjusted" classname="com.opengamma.strata.basics.schedule.PeriodicScheduleTest" time="0"/>
  <testcase name="test_monthly_unadjusted" classname="com.opengamma.strata.basics.schedule.PeriodicScheduleTest" time="0"/>
  <testcase name="test_monthly_unadjusted" classname="com.opengamma.strata.basics.schedule.PeriodicScheduleTest" time="0"/>
  <testcase name="test_monthly_unadjusted" classname="com.opengamma.strata.basics.schedule.PeriodicScheduleTest" time="0"/>
  <testcase name="test_monthly_unadjusted" classname="com.opengamma.strata.basics.schedule.PeriodicScheduleTest" time="0"/>
  <testcase name="test_monthly_unadjusted" classname="com.opengamma.strata.basics.schedule.PeriodicScheduleTest" time="0"/>
  <testcase name="test_adjust" classname="com.opengamma.strata.basics.value.ValueAdjustmentTypeTest" time="0"/>
  <testcase name="test_jodaConvert" classname="com.opengamma.strata.basics.value.ValueAdjustmentTypeTest" time="0.006"/>
  <testcase name="test_of_lookup" classname="com.opengamma.strata.basics.value.ValueAdjustmentTypeTest" time="0"/>
  <testcase name="test_of_lookup" classname="com.opengamma.strata.basics.value.ValueAdjustmentTypeTest" time="0"/>
  <testcase name="test_of_lookup" classname="com.opengamma.strata.basics.value.ValueAdjustmentTypeTest" time="0"/>
  <testcase name="test_of_lookup" classname="com.opengamma.strata.basics.value.ValueAdjustmentTypeTest" time="0"/>
  <testcase name="test_of_lookupLowerCase" classname="com.opengamma.strata.basics.value.ValueAdjustmentTypeTest" time="0"/>
  <testcase name="test_of_lookupLowerCase" classname="com.opengamma.strata.basics.value.ValueAdjustmentTypeTest" time="0"/>
  <testcase name="test_of_lookupLowerCase" classname="com.opengamma.strata.basics.value.ValueAdjustmentTypeTest" time="0"/>
  <testcase name="test_of_lookupLowerCase" classname="com.opengamma.strata.basics.value.ValueAdjustmentTypeTest" time="0"/>
  <testcase name="test_of_lookupUpperCase" classname="com.opengamma.strata.basics.value.ValueAdjustmentTypeTest" time="0"/>
  <testcase name="test_of_lookupUpperCase" classname="com.opengamma.strata.basics.value.ValueAdjustmentTypeTest" time="0"/>
  <testcase name="test_of_lookupUpperCase" classname="com.opengamma.strata.basics.value.ValueAdjustmentTypeTest" time="0.003"/>
  <testcase name="test_of_lookupUpperCase" classname="com.opengamma.strata.basics.value.ValueAdjustmentTypeTest" time="0"/>
  <testcase name="test_of_lookup_notFound" classname="com.opengamma.strata.basics.value.ValueAdjustmentTypeTest" time="0"/>
  <testcase name="test_of_lookup_null" classname="com.opengamma.strata.basics.value.ValueAdjustmentTypeTest" time="0"/>
  <testcase name="test_serialization" classname="com.opengamma.strata.basics.value.ValueAdjustmentTypeTest" time="0"/>
  <testcase name="test_toString" classname="com.opengamma.strata.basics.value.ValueAdjustmentTypeTest" time="0"/>
  <testcase name="test_toString" classname="com.opengamma.strata.basics.value.ValueAdjustmentTypeTest" time="0"/>
  <testcase name="test_toString" classname="com.opengamma.strata.basics.value.ValueAdjustmentTypeTest" time="0"/>
  <testcase name="test_toString" classname="com.opengamma.strata.basics.value.ValueAdjustmentTypeTest" time="0"/>
  <testcase name="test_of_int" classname="com.opengamma.strata.basics.date.TenorTest" time="0"/>
  <testcase name="test_of_notNegative" classname="com.opengamma.strata.basics.date.TenorTest" time="0.003"/>
  <testcase name="test_of_notZero" classname="com.opengamma.strata.basics.date.TenorTest" time="0"/>
  <testcase name="test_parse_String_bad" classname="com.opengamma.strata.basics.date.TenorTest" time="0"/>
  <testcase name="test_parse_String_bad" classname="com.opengamma.strata.basics.date.TenorTest" time="0"/>
  <testcase name="test_parse_String_bad" classname="com.opengamma.strata.basics.date.TenorTest" time="0.001"/>
  <testcase name="test_parse_String_bad" classname="com.opengamma.strata.basics.date.TenorTest" time="0"/>
  <testcase name="test_parse_String_good_noP" classname="com.opengamma.strata.basics.date.TenorTest" time="0.004"/>
  <testcase name="test_parse_String_good_noP" classname="com.opengamma.strata.basics.date.TenorTest" time="0"/>
  <testcase name="test_parse_String_good_noP" classname="com.opengamma.strata.basics.date.TenorTest" time="0"/>
  <testcase name="test_parse_String_good_noP" classname="com.opengamma.strata.basics.date.TenorTest" time="0.001"/>
  <testcase name="test_parse_String_good_noP" classname="com.opengamma.strata.basics.date.TenorTest" time="0"/>
  <testcase name="test_parse_String_good_noP" classname="com.opengamma.strata.basics.date.TenorTest" time="0"/>
  <testcase name="test_parse_String_good_noP" classname="com.opengamma.strata.basics.date.TenorTest" time="0"/>
  <testcase name="test_parse_String_good_withP" classname="com.opengamma.strata.basics.date.TenorTest" time="0"/>
  <testcase name="test_parse_String_good_withP" classname="com.opengamma.strata.basics.date.TenorTest" time="0"/>
  <testcase name="test_parse_String_good_withP" classname="com.opengamma.strata.basics.date.TenorTest" time="0.001"/>
  <testcase name="test_parse_String_good_withP" classname="com.opengamma.strata.basics.date.TenorTest" time="0"/>
  <testcase name="test_parse_String_good_withP" classname="com.opengamma.strata.basics.date.TenorTest" time="0"/>
  <testcase name="test_parse_String_good_withP" classname="com.opengamma.strata.basics.date.TenorTest" time="0"/>
  <testcase name="test_parse_String_good_withP" classname="com.opengamma.strata.basics.date.TenorTest" time="0"/>
  <testcase name="test_parse_String_roundTrip" classname="com.opengamma.strata.basics.date.TenorTest" time="0.001"/>
  <testcase name="test_serialization" classname="com.opengamma.strata.basics.date.TenorTest" time="0"/>
  <testcase name="test_subtractFrom" classname="com.opengamma.strata.basics.date.TenorTest" time="0.001"/>
  <testcase name="test_temporalAmount" classname="com.opengamma.strata.basics.date.TenorTest" time="0"/>
  <testcase name="test_monthly_unadjusted_withOverride" classname="com.opengamma.strata.basics.schedule.PeriodicScheduleTest" time="0"/>
  <testcase name="test_monthly_unadjusted_withOverride" classname="com.opengamma.strata.basics.schedule.PeriodicScheduleTest" time="0"/>
  <testcase name="test_monthly_unadjusted_withOverride" classname="com.opengamma.strata.basics.schedule.PeriodicScheduleTest" time="0"/>
  <testcase name="test_monthly_unadjusted_withOverride" classname="com.opengamma.strata.basics.schedule.PeriodicScheduleTest" time="0"/>
  <testcase name="test_monthly_unadjusted_withOverride" classname="com.opengamma.strata.basics.schedule.PeriodicScheduleTest" time="0"/>
  <testcase name="test_monthly_unadjusted_withOverride" classname="com.opengamma.strata.basics.schedule.PeriodicScheduleTest" time="0"/>
  <testcase name="test_monthly_unadjusted_withOverride" classname="com.opengamma.strata.basics.schedule.PeriodicScheduleTest" time="0"/>
  <testcase name="test_monthly_unadjusted_withOverride" classname="com.opengamma.strata.basics.schedule.PeriodicScheduleTest" time="0"/>
  <testcase name="test_monthly_unadjusted_withOverride" classname="com.opengamma.strata.basics.schedule.PeriodicScheduleTest" time="0.001"/>
  <testcase name="test_monthly_unadjusted_withOverride" classname="com.opengamma.strata.basics.schedule.PeriodicScheduleTest" time="0"/>
  <testcase name="test_monthly_unadjusted_withOverride" classname="com.opengamma.strata.basics.schedule.PeriodicScheduleTest" time="0"/>
  <testcase name="test_monthly_unadjusted_withOverride" classname="com.opengamma.strata.basics.schedule.PeriodicScheduleTest" time="0"/>
  <testcase name="test_monthly_unadjusted_withOverride" classname="com.opengamma.strata.basics.schedule.PeriodicScheduleTest" time="0"/>
  <testcase name="test_monthly_unadjusted_withOverride" classname="com.opengamma.strata.basics.schedule.PeriodicScheduleTest" time="0"/>
  <testcase name="test_monthly_unadjusted_withOverride" classname="com.opengamma.strata.basics.schedule.PeriodicScheduleTest" time="0"/>
  <testcase name="test_monthly_unadjusted_withOverride" classname="com.opengamma.strata.basics.schedule.PeriodicScheduleTest" time="0.001"/>
  <testcase name="test_monthly_unadjusted_withOverride" classname="com.opengamma.strata.basics.schedule.PeriodicScheduleTest" time="0"/>
  <testcase name="test_monthly_unadjusted_withOverride" classname="com.opengamma.strata.basics.schedule.PeriodicScheduleTest" time="0"/>
  <testcase name="test_monthly_unadjusted_withOverride" classname="com.opengamma.strata.basics.schedule.PeriodicScheduleTest" time="0"/>
  <testcase name="test_monthly_unadjusted_withOverride" classname="com.opengamma.strata.basics.schedule.PeriodicScheduleTest" time="0.001"/>
  <testcase name="test_monthly_unadjusted_withOverride" classname="com.opengamma.strata.basics.schedule.PeriodicScheduleTest" time="0"/>
  <testcase name="test_monthly_unadjusted_withOverride" classname="com.opengamma.strata.basics.schedule.PeriodicScheduleTest" time="0"/>
  <testcase name="test_monthly_unadjusted_withOverride" classname="com.opengamma.strata.basics.schedule.PeriodicScheduleTest" time="0"/>
  <testcase name="test_monthly_unadjusted_withOverride" classname="com.opengamma.strata.basics.schedule.PeriodicScheduleTest" time="0"/>
  <testcase name="test_monthly_unadjusted_withOverride" classname="com.opengamma.strata.basics.schedule.PeriodicScheduleTest" time="0"/>
  <testcase name="test_monthly_unadjusted_withOverride" classname="com.opengamma.strata.basics.schedule.PeriodicScheduleTest" time="0"/>
  <testcase name="test_monthly_unadjusted_withOverride" classname="com.opengamma.strata.basics.schedule.PeriodicScheduleTest" time="0"/>
  <testcase name="test_monthly_unadjusted_withOverride" classname="com.opengamma.strata.basics.schedule.PeriodicScheduleTest" time="0"/>
  <testcase name="test_monthly_unadjusted_withOverride" classname="com.opengamma.strata.basics.schedule.PeriodicScheduleTest" time="0"/>
  <testcase name="test_monthly_unadjusted_withOverride" classname="com.opengamma.strata.basics.schedule.PeriodicScheduleTest" time="0.001"/>
  <testcase name="test_monthly_unadjusted_withOverride" classname="com.opengamma.strata.basics.schedule.PeriodicScheduleTest" time="0"/>
  <testcase name="test_monthly_unadjusted_withOverride" classname="com.opengamma.strata.basics.schedule.PeriodicScheduleTest" time="0"/>
  <testcase name="test_monthly_unadjusted_withOverride" classname="com.opengamma.strata.basics.schedule.PeriodicScheduleTest" time="0"/>
  <testcase name="test_monthly_unadjusted_withOverride" classname="com.opengamma.strata.basics.schedule.PeriodicScheduleTest" time="0"/>
  <testcase name="test_monthly_unadjusted_withOverride" classname="com.opengamma.strata.basics.schedule.PeriodicScheduleTest" time="0"/>
  <testcase name="test_monthly_unadjusted_withOverride" classname="com.opengamma.strata.basics.schedule.PeriodicScheduleTest" time="0"/>
  <testcase name="test_monthly_unadjusted_withOverride" classname="com.opengamma.strata.basics.schedule.PeriodicScheduleTest" time="0"/>
  <testcase name="test_monthly_unadjusted_withOverride" classname="com.opengamma.strata.basics.schedule.PeriodicScheduleTest" time="0.001"/>
  <testcase name="test_monthly_unadjusted_withOverride" classname="com.opengamma.strata.basics.schedule.PeriodicScheduleTest" time="0"/>
  <testcase name="test_monthly_unadjusted_withOverride" classname="com.opengamma.strata.basics.schedule.PeriodicScheduleTest" time="0"/>
  <testcase name="test_monthly_unadjusted_withOverride" classname="com.opengamma.strata.basics.schedule.PeriodicScheduleTest" time="0"/>
  <testcase name="test_monthly_unadjusted_withOverride" classname="com.opengamma.strata.basics.schedule.PeriodicScheduleTest" time="0"/>
  <testcase name="test_monthly_unadjusted_withOverride" classname="com.opengamma.strata.basics.schedule.PeriodicScheduleTest" time="0.001"/>
  <testcase name="test_monthly_unadjusted_withOverride" classname="com.opengamma.strata.basics.schedule.PeriodicScheduleTest" time="0"/>
  <testcase name="test_monthly_unadjusted_withOverride" classname="com.opengamma.strata.basics.schedule.PeriodicScheduleTest" time="0"/>
  <testcase name="test_monthly_unadjusted_withOverride" classname="com.opengamma.strata.basics.schedule.PeriodicScheduleTest" time="0.006"/>
  <testcase name="test_monthly_unadjusted_withOverride" classname="com.opengamma.strata.basics.schedule.PeriodicScheduleTest" time="0"/>
  <testcase name="test_monthly_unadjusted_withOverride" classname="com.opengamma.strata.basics.schedule.PeriodicScheduleTest" time="0"/>
  <testcase name="test_monthly_unadjusted_withOverride" classname="com.opengamma.strata.basics.schedule.PeriodicScheduleTest" time="0"/>
  <testcase name="test_monthly_unadjusted_withOverride" classname="com.opengamma.strata.basics.schedule.PeriodicScheduleTest" time="0"/>
  <testcase name="test_monthly_unadjusted_withOverride" classname="com.opengamma.strata.basics.schedule.PeriodicScheduleTest" time="0"/>
  <testcase name="test_monthly_unadjusted_withOverride" classname="com.opengamma.strata.basics.schedule.PeriodicScheduleTest" time="0"/>
  <testcase name="test_monthly_unadjusted_withOverride" classname="com.opengamma.strata.basics.schedule.PeriodicScheduleTest" time="0"/>
  <testcase name="test_monthly_unadjusted_withOverride" classname="com.opengamma.strata.basics.schedule.PeriodicScheduleTest" time="0"/>
  <testcase name="test_monthly_unadjusted_withOverride" classname="com.opengamma.strata.basics.schedule.PeriodicScheduleTest" time="0"/>
  <testcase name="test_monthly_unadjusted_withOverride" classname="com.opengamma.strata.basics.schedule.PeriodicScheduleTest" time="0"/>
  <testcase name="test_monthly_unadjusted_withOverride" classname="com.opengamma.strata.basics.schedule.PeriodicScheduleTest" time="0"/>
  <testcase name="test_monthly_unadjusted_withOverride" classname="com.opengamma.strata.basics.schedule.PeriodicScheduleTest" time="0"/>
  <testcase name="test_monthly_unadjusted_withOverride" classname="com.opengamma.strata.basics.schedule.PeriodicScheduleTest" time="0"/>
  <testcase name="test_monthly_unadjusted_withOverride" classname="com.opengamma.strata.basics.schedule.PeriodicScheduleTest" time="0"/>
  <testcase name="test_monthly_unadjusted_withOverride" classname="com.opengamma.strata.basics.schedule.PeriodicScheduleTest" time="0"/>
  <testcase name="test_monthly_unadjusted_withOverride" classname="com.opengamma.strata.basics.schedule.PeriodicScheduleTest" time="0"/>
  <testcase name="test_monthly_unadjusted_withOverride" classname="com.opengamma.strata.basics.schedule.PeriodicScheduleTest" time="0"/>
  <testcase name="test_monthly_unadjusted_withOverride" classname="com.opengamma.strata.basics.schedule.PeriodicScheduleTest" time="0"/>
  <testcase name="test_monthly_unadjusted_withOverride" classname="com.opengamma.strata.basics.schedule.PeriodicScheduleTest" time="0"/>
  <testcase name="test_monthly_unadjusted_withOverride" classname="com.opengamma.strata.basics.schedule.PeriodicScheduleTest" time="0"/>
  <testcase name="test_monthly_unadjusted_withOverride" classname="com.opengamma.strata.basics.schedule.PeriodicScheduleTest" time="0"/>
  <testcase name="test_monthly_unadjusted_withOverride" classname="com.opengamma.strata.basics.schedule.PeriodicScheduleTest" time="0.003"/>
  <testcase name="test_toString" classname="com.opengamma.strata.basics.date.TenorTest" time="0"/>
  <testcase name="coverage" classname="com.opengamma.strata.basics.value.ValueDerivativesTest" time="0.009"/>
  <testcase name="test_of" classname="com.opengamma.strata.basics.value.ValueDerivativesTest" time="0"/>
  <testcase name="test_serialization" classname="com.opengamma.strata.basics.value.ValueDerivativesTest" time="0"/>
  <testcase name="test_none_badStub" classname="com.opengamma.strata.basics.schedule.PeriodicScheduleTest" time="0"/>
  <testcase name="test_none_stubDate" classname="com.opengamma.strata.basics.schedule.PeriodicScheduleTest" time="0"/>
  <testcase name="test_of_LocalDateEomFalse" classname="com.opengamma.strata.basics.schedule.PeriodicScheduleTest" time="0"/>
  <testcase name="test_of_LocalDateEomTrue" classname="com.opengamma.strata.basics.schedule.PeriodicScheduleTest" time="0"/>
  <testcase name="test_of_LocalDateEom_null" classname="com.opengamma.strata.basics.schedule.PeriodicScheduleTest" time="0.003"/>
  <testcase name="test_of_LocalDateRoll" classname="com.opengamma.strata.basics.schedule.PeriodicScheduleTest" time="0"/>
  <testcase name="coverage" classname="com.opengamma.strata.basics.value.ValueScheduleTest" time="0.001"/>
  <testcase name="equals" classname="com.opengamma.strata.basics.value.ValueScheduleTest" time="0.002"/>
  <testcase name="test_builder_validEmpty" classname="com.opengamma.strata.basics.value.ValueScheduleTest" time="0"/>
  <testcase name="test_builder_validFull" classname="com.opengamma.strata.basics.value.ValueScheduleTest" time="0"/>
  <testcase name="test_constant_ALWAYS_0" classname="com.opengamma.strata.basics.value.ValueScheduleTest" time="0"/>
  <testcase name="test_constant_ALWAYS_1" classname="com.opengamma.strata.basics.value.ValueScheduleTest" time="0"/>
  <testcase name="test_of_int" classname="com.opengamma.strata.basics.value.ValueScheduleTest" time="0"/>
  <testcase name="test_of_intStepsArray" classname="com.opengamma.strata.basics.value.ValueScheduleTest" time="0"/>
  <testcase name="test_of_intStepsArray_empty" classname="com.opengamma.strata.basics.value.ValueScheduleTest" time="0"/>
  <testcase name="test_of_LocalDateRoll_null" classname="com.opengamma.strata.basics.schedule.PeriodicScheduleTest" time="0.012"/>
  <testcase name="test_override_fallbackWhenStartDateMismatch" classname="com.opengamma.strata.basics.schedule.PeriodicScheduleTest" time="0"/>
  <testcase name="test_override_fallbackWhenStartDateMismatchEndStub" classname="com.opengamma.strata.basics.schedule.PeriodicScheduleTest" time="0"/>
  <testcase name="test_of_intStepsList" classname="com.opengamma.strata.basics.value.ValueScheduleTest" time="0.002"/>
  <testcase name="test_of_intStepsList_empty" classname="com.opengamma.strata.basics.value.ValueScheduleTest" time="0"/>
  <testcase name="test_of_sequence" classname="com.opengamma.strata.basics.value.ValueScheduleTest" time="0"/>
  <testcase name="test_serialization" classname="com.opengamma.strata.basics.schedule.PeriodicScheduleTest" time="0"/>
  <testcase name="test_startEndAdjust" classname="com.opengamma.strata.basics.schedule.PeriodicScheduleTest" time="0"/>
  <testcase name="test_resolveValues_dateBased" classname="com.opengamma.strata.basics.value.ValueScheduleTest" time="0"/>
  <testcase name="test_termFrequency_badFinalStub" classname="com.opengamma.strata.basics.schedule.PeriodicScheduleTest" time="0"/>
  <testcase name="test_termFrequency_badInitialStub" classname="com.opengamma.strata.basics.schedule.PeriodicScheduleTest" time="0"/>
  <testcase name="test_resolveValues_dateBased_deprecated" classname="com.opengamma.strata.basics.value.ValueScheduleTest" time="0"/>
  <testcase name="test_resolveValues_dateBased_ignoreExcess" classname="com.opengamma.strata.basics.value.ValueScheduleTest" time="0.001"/>
  <testcase name="test_resolveValues_dateBased_indexZeroValid" classname="com.opengamma.strata.basics.value.ValueScheduleTest" time="0"/>
  <testcase name="test_resolveValues_dateBased_invalidChangeValue" classname="com.opengamma.strata.basics.value.ValueScheduleTest" time="0.001"/>
  <testcase name="test_resolveValues_dateBased_invalidDateAfter" classname="com.opengamma.strata.basics.value.ValueScheduleTest" time="0"/>
  <testcase name="test_resolveValues_dateBased_invalidDateBefore" classname="com.opengamma.strata.basics.value.ValueScheduleTest" time="0.001"/>
  <testcase name="test_resolveValues_dateBased_matchAdjusted" classname="com.opengamma.strata.basics.value.ValueScheduleTest" time="0.003"/>
  <testcase name="test_resolveValues_indexBased" classname="com.opengamma.strata.basics.value.ValueScheduleTest" time="0"/>
  <testcase name="test_resolveValues_indexBased_duplicateDefinitionInvalid" classname="com.opengamma.strata.basics.value.ValueScheduleTest" time="0"/>
  <testcase name="test_resolveValues_indexBased_duplicateDefinitionValid" classname="com.opengamma.strata.basics.value.ValueScheduleTest" time="0"/>
  <testcase name="test_resolveValues_indexBased_indexTooBig" classname="com.opengamma.strata.basics.value.ValueScheduleTest" time="0"/>
  <testcase name="test_resolveValues_sequence" classname="com.opengamma.strata.basics.value.ValueScheduleTest" time="0"/>
  <testcase name="test_resolveValues_sequenceAndStepClash" classname="com.opengamma.strata.basics.value.ValueScheduleTest" time="0"/>
  <testcase name="test_resolveValues_sequenceAndSteps" classname="com.opengamma.strata.basics.value.ValueScheduleTest" time="0"/>
  <testcase name="test_serialization" classname="com.opengamma.strata.basics.value.ValueScheduleTest" time="0.006"/>
  <testcase name="coverage" classname="com.opengamma.strata.basics.value.ValueStepTest" time="0.018"/>
  <testcase name="equals" classname="com.opengamma.strata.basics.value.ValueStepTest" time="0"/>
  <testcase name="test_builder_invalid" classname="com.opengamma.strata.basics.value.ValueStepTest" time="0"/>
  <testcase name="test_of_dateAdjustment" classname="com.opengamma.strata.basics.value.ValueStepTest" time="0"/>
  <testcase name="coverage" classname="com.opengamma.strata.basics.value.ValueStepSequenceTest" time="0"/>
  <testcase name="test_of" classname="com.opengamma.strata.basics.value.ValueStepSequenceTest" time="0"/>
  <testcase name="test_of_invalid" classname="com.opengamma.strata.basics.value.ValueStepSequenceTest" time="0"/>
  <testcase name="test_resolve" classname="com.opengamma.strata.basics.value.ValueStepSequenceTest" time="0"/>
  <testcase name="test_resolve_invalid" classname="com.opengamma.strata.basics.value.ValueStepSequenceTest" time="0.01"/>
  <testcase name="test_serialization" classname="com.opengamma.strata.basics.value.ValueStepSequenceTest" time="0"/>
  <testcase name="test_of_intAdjustment" classname="com.opengamma.strata.basics.value.ValueStepTest" time="0"/>
  <testcase name="test_serialization" classname="com.opengamma.strata.basics.value.ValueStepTest" time="0"/>
  <testcase name="test_jodaBeans_serialize" classname="com.opengamma.strata.basics.date.SerializeTest" time="0.027"/>
</testsuite>