<?xml version="1.0" encoding="UTF-8"?>
<!-- Generated by org.testng.reporters.JUnitReportReporter -->
<testsuite hostname="cyclone1" name="org.molgenis.security.permission.PermissionSystemServiceImplTest" tests="2" failures="0" timestamp="6 Jun 2018 21:44:01 GMT" time="0.564" errors="0">
  <testcase name="giveUserEntityPermissions" time="0.515" classname="org.molgenis.security.permission.PermissionSystemServiceImplTest"/>
  <testcase name="testPermissionSystemService" time="0.049" classname="org.molgenis.security.permission.PermissionSystemServiceImplTest"/>
</testsuite> <!-- org.molgenis.security.permission.PermissionSystemServiceImplTest -->
