<?xml version="1.0" encoding="UTF-8"?>
<!-- Generated by org.testng.reporters.JUnitReportReporter -->
<testsuite hostname="cyclone1" name="org.molgenis.security.captcha.CaptchaServiceTest" tests="3" failures="0" timestamp="7 Jun 2018 14:48:07 GMT" time="0.327" errors="0">
  <testcase name="validateCaptcha_noCaptcha" time="0.000" classname="org.molgenis.security.captcha.CaptchaServiceTest"/>
  <testcase name="createCaptcha" time="0.323" classname="org.molgenis.security.captcha.CaptchaServiceTest"/>
  <testcase name="validateCaptcha" time="0.004" classname="org.molgenis.security.captcha.CaptchaServiceTest"/>
</testsuite> <!-- org.molgenis.security.captcha.CaptchaServiceTest -->
