<?xml version="1.0" encoding="UTF-8"?>
<!-- Generated by org.testng.reporters.JUnitReportReporter -->
<testsuite hostname="cyclone1" name="org.molgenis.security.google.GoogleAuthenticationProcessingFilterTest" tests="3" failures="0" timestamp="4 Jun 2018 11:14:32 GMT" time="0.067" errors="0">
  <testcase name="attemptAuthenticationMissingToken" time="0.067" classname="org.molgenis.security.google.GoogleAuthenticationProcessingFilterTest"/>
  <testcase name="GoogleAuthenticationProcessingFilter" time="0.000" classname="org.molgenis.security.google.GoogleAuthenticationProcessingFilterTest"/>
  <testcase name="attemptAuthenticationGoogleSignInDisabled" time="0.000" classname="org.molgenis.security.google.GoogleAuthenticationProcessingFilterTest"/>
</testsuite> <!-- org.molgenis.security.google.GoogleAuthenticationProcessingFilterTest -->
