<?xml version="1.0" encoding="UTF-8"?>
<!-- Generated by org.testng.reporters.JUnitReportReporter -->
<testsuite hostname="cyclone1" name="org.molgenis.security.google.GoogleAuthenticationProcessingFilterTest" tests="3" failures="0" timestamp="30 May 2018 12:52:03 GMT" time="0.104" errors="0">
  <testcase name="attemptAuthenticationMissingToken" time="0.103" classname="org.molgenis.security.google.GoogleAuthenticationProcessingFilterTest"/>
  <testcase name="attemptAuthenticationGoogleSignInDisabled" time="0.000" classname="org.molgenis.security.google.GoogleAuthenticationProcessingFilterTest"/>
  <testcase name="GoogleAuthenticationProcessingFilter" time="0.001" classname="org.molgenis.security.google.GoogleAuthenticationProcessingFilterTest"/>
</testsuite> <!-- org.molgenis.security.google.GoogleAuthenticationProcessingFilterTest -->
