<?xml version="1.0" encoding="UTF-8"?>
<!-- Generated by org.testng.reporters.JUnitReportReporter -->
<testsuite hostname="cyclone1" name="org.molgenis.security.MolgenisChangePasswordFilterTest" tests="4" failures="0" timestamp="6 Jun 2018 08:46:28 GMT" time="0.008" errors="0">
  <testcase name="testDoFilterNoChangePassword" time="0.003" classname="org.molgenis.security.MolgenisChangePasswordFilterTest"/>
  <testcase name="testDoFilterChangePassword" time="0.001" classname="org.molgenis.security.MolgenisChangePasswordFilterTest"/>
  <testcase name="testDoFilterChangePasswordHackyUri" time="0.001" classname="org.molgenis.security.MolgenisChangePasswordFilterTest"/>
  <testcase name="testDoFilterIgnoreOwnUri" time="0.003" classname="org.molgenis.security.MolgenisChangePasswordFilterTest"/>
</testsuite> <!-- org.molgenis.security.MolgenisChangePasswordFilterTest -->
