<?xml version="1.0" encoding="UTF-8"?>
<!-- Generated by org.testng.reporters.JUnitReportReporter -->
<testsuite hostname="cyclone1" name="org.molgenis.security.token.DataServiceTokenServiceTest" tests="4" failures="0" timestamp="30 May 2018 12:52:03 GMT" time="0.589" errors="0">
  <testcase name="removeToken" time="0.316" classname="org.molgenis.security.token.DataServiceTokenServiceTest"/>
  <testcase name="findUserByToken" time="0.260" classname="org.molgenis.security.token.DataServiceTokenServiceTest"/>
  <testcase name="findUserByTokenExpired" time="0.003" classname="org.molgenis.security.token.DataServiceTokenServiceTest"/>
  <testcase name="generateAndStoreToken" time="0.010" classname="org.molgenis.security.token.DataServiceTokenServiceTest"/>
</testsuite> <!-- org.molgenis.security.token.DataServiceTokenServiceTest -->
