<?xml version="1.0" encoding="UTF-8"?>
<!-- Generated by org.testng.reporters.JUnitReportReporter -->
<testsuite hostname="cyclone1" name="org.molgenis.security.freemarker.HasPermissionDirectiveTest" tests="2" failures="0" timestamp="30 May 2018 12:52:03 GMT" time="0.469" errors="0">
  <testcase name="executeWithoutPermission" time="0.001" classname="org.molgenis.security.freemarker.HasPermissionDirectiveTest"/>
  <testcase name="executeWithPermission" time="0.468" classname="org.molgenis.security.freemarker.HasPermissionDirectiveTest"/>
</testsuite> <!-- org.molgenis.security.freemarker.HasPermissionDirectiveTest -->
