<?xml version="1.0" encoding="UTF-8"?>
<!-- Generated by org.testng.reporters.JUnitReportReporter -->
<testsuite hostname="cyclone1" name="org.molgenis.security.twofactor.service.RecoveryServiceImplTest" tests="3" failures="0" timestamp="6 Jun 2018 14:19:08 GMT" time="0.045" errors="0">
  <testcase name="testUseRecoveryCode" time="0.012" classname="org.molgenis.security.twofactor.service.RecoveryServiceImplTest"/>
  <testcase name="testGetRecoveryCodes" time="0.003" classname="org.molgenis.security.twofactor.service.RecoveryServiceImplTest"/>
  <testcase name="testGenerateRecoveryCodes" time="0.030" classname="org.molgenis.security.twofactor.service.RecoveryServiceImplTest"/>
</testsuite> <!-- org.molgenis.security.twofactor.service.RecoveryServiceImplTest -->
