<?xml version="1.0" encoding="UTF-8"?>
<!-- Generated by org.testng.reporters.JUnitReportReporter -->
<testsuite hostname="cyclone1" name="org.molgenis.security.acl.SidUtilsTest" tests="4" failures="0" timestamp="1 Jun 2018 11:35:25 GMT" time="0.002" errors="0">
  <testcase name="testCreateSidUsernameAnonymous" time="0.000" classname="org.molgenis.security.acl.SidUtilsTest"/>
  <testcase name="testCreateGroupAuthority" time="0.000" classname="org.molgenis.security.acl.SidUtilsTest"/>
  <testcase name="testCreateSidGroup" time="0.001" classname="org.molgenis.security.acl.SidUtilsTest"/>
  <testcase name="testCreateSidUser" time="0.001" classname="org.molgenis.security.acl.SidUtilsTest"/>
</testsuite> <!-- org.molgenis.security.acl.SidUtilsTest -->
