<?xml version="1.0" encoding="UTF-8"?>
<!-- Generated by org.testng.reporters.JUnitReportReporter -->
<testsuite hostname="cyclone1" name="org.molgenis.security.account.AccountServiceImplTest" tests="7" failures="0" timestamp="1 Jun 2018 11:35:25 GMT" time="0.040" errors="0">
  <testcase name="createUser" time="0.006" classname="org.molgenis.security.account.AccountServiceImplTest"/>
  <testcase name="changePassword" time="0.015" classname="org.molgenis.security.account.AccountServiceImplTest"/>
  <testcase name="activateUser" time="0.004" classname="org.molgenis.security.account.AccountServiceImplTest"/>
  <testcase name="activateUser_invalidActivationCode" time="0.004" classname="org.molgenis.security.account.AccountServiceImplTest"/>
  <testcase name="resetPassword_invalidEmailAddress" time="0.003" classname="org.molgenis.security.account.AccountServiceImplTest"/>
  <testcase name="activateUser_alreadyActivated" time="0.003" classname="org.molgenis.security.account.AccountServiceImplTest"/>
  <testcase name="resetPassword" time="0.005" classname="org.molgenis.security.account.AccountServiceImplTest"/>
</testsuite> <!-- org.molgenis.security.account.AccountServiceImplTest -->
