<?xml version="1.0" encoding="UTF-8"?>
<!-- Generated by org.testng.reporters.JUnitReportReporter -->
<testsuite hostname="cyclone1" name="org.molgenis.security.captcha.CaptchaControllerTest" tests="5" failures="0" timestamp="4 Jun 2018 11:14:32 GMT" time="0.305" errors="0">
  <testcase name="getCaptcha" time="0.093" classname="org.molgenis.security.captcha.CaptchaControllerTest"/>
  <testcase name="validateCaptcha_valid" time="0.075" classname="org.molgenis.security.captcha.CaptchaControllerTest"/>
  <testcase name="validateCaptchaFromForm_invalid" time="0.044" classname="org.molgenis.security.captcha.CaptchaControllerTest"/>
  <testcase name="validateCaptcha_invalid" time="0.052" classname="org.molgenis.security.captcha.CaptchaControllerTest"/>
  <testcase name="validateCaptchaFromForm_valid" time="0.041" classname="org.molgenis.security.captcha.CaptchaControllerTest"/>
</testsuite> <!-- org.molgenis.security.captcha.CaptchaControllerTest -->
