<?xml version="1.0" encoding="UTF-8"?>
<!-- Generated by org.testng.reporters.JUnitReportReporter -->
<testsuite hostname="cyclone1" name="org.molgenis.security.twofactor.service.RecoveryServiceImplTest" tests="3" failures="0" timestamp="4 Jun 2018 11:14:32 GMT" time="0.115" errors="0">
  <testcase name="testGetRecoveryCodes" time="0.077" classname="org.molgenis.security.twofactor.service.RecoveryServiceImplTest"/>
  <testcase name="testGenerateRecoveryCodes" time="0.017" classname="org.molgenis.security.twofactor.service.RecoveryServiceImplTest"/>
  <testcase name="testUseRecoveryCode" time="0.021" classname="org.molgenis.security.twofactor.service.RecoveryServiceImplTest"/>
</testsuite> <!-- org.molgenis.security.twofactor.service.RecoveryServiceImplTest -->
