<?xml version="1.0" encoding="UTF-8"?>
<!-- Generated by org.testng.reporters.JUnitReportReporter -->
<testsuite hostname="cyclone1" name="org.molgenis.security.acl.BitMaskPermissionGrantingStrategyTest" tests="5" failures="0" timestamp="30 May 2018 12:52:03 GMT" time="0.015" errors="0">
  <testcase name="testPermissionsDontMatch" time="0.007" classname="org.molgenis.security.acl.BitMaskPermissionGrantingStrategyTest"/>
  <testcase name="testPermissionsDontMatch" time="0.001" classname="org.molgenis.security.acl.BitMaskPermissionGrantingStrategyTest"/>
  <testcase name="testPermissionsMatch" time="0.001" classname="org.molgenis.security.acl.BitMaskPermissionGrantingStrategyTest"/>
  <testcase name="testPermissionsMatch" time="0.002" classname="org.molgenis.security.acl.BitMaskPermissionGrantingStrategyTest"/>
  <testcase name="testPermissionsDontMatch" time="0.004" classname="org.molgenis.security.acl.BitMaskPermissionGrantingStrategyTest"/>
</testsuite> <!-- org.molgenis.security.acl.BitMaskPermissionGrantingStrategyTest -->
