<?xml version="1.0" encoding="UTF-8"?>
<!-- Generated by org.testng.reporters.JUnitReportReporter -->
<testsuite hostname="cyclone1" name="org.molgenis.security.user.UserDetailsCheckerTest" tests="2" failures="0" timestamp="6 Jun 2018 21:44:01 GMT" time="0.041" errors="0">
  <testcase name="check_enabledUser" time="0.002" classname="org.molgenis.security.user.UserDetailsCheckerTest"/>
  <testcase name="check_disabledUser" time="0.039" classname="org.molgenis.security.user.UserDetailsCheckerTest"/>
</testsuite> <!-- org.molgenis.security.user.UserDetailsCheckerTest -->
