<?xml version="1.0" encoding="UTF-8"?>
<!-- Generated by org.testng.reporters.JUnitReportReporter -->
<testsuite hostname="cyclone1" name="org.molgenis.security.permission.AuthenticationAuthoritiesUpdaterImplTest" tests="8" failures="0" timestamp="6 Jun 2018 21:44:01 GMT" time="0.139" errors="0">
  <testcase name="testUpdateAuthenticationRecoveryAuthenticationToken" time="0.001" classname="org.molgenis.security.permission.AuthenticationAuthoritiesUpdaterImplTest"/>
  <testcase name="testUpdateAuthenticationRestAuthenticationToken" time="0.000" classname="org.molgenis.security.permission.AuthenticationAuthoritiesUpdaterImplTest"/>
  <testcase name="testUpdateAuthenticationTwoFactorAuthenticationToken" time="0.003" classname="org.molgenis.security.permission.AuthenticationAuthoritiesUpdaterImplTest"/>
  <testcase name="testUpdateAuthenticationUsernamePasswordAuthenticationToken" time="0.000" classname="org.molgenis.security.permission.AuthenticationAuthoritiesUpdaterImplTest"/>
  <testcase name="testUpdateAuthenticationUnknownToken" time="0.036" classname="org.molgenis.security.permission.AuthenticationAuthoritiesUpdaterImplTest"/>
  <testcase name="testUpdateAuthenticationSystemSecurityToken" time="0.055" classname="org.molgenis.security.permission.AuthenticationAuthoritiesUpdaterImplTest"/>
  <testcase name="testUpdateAuthenticationRunAsUserToken" time="0.001" classname="org.molgenis.security.permission.AuthenticationAuthoritiesUpdaterImplTest"/>
  <testcase name="testUpdateAuthenticationAnonymousAuthenticationToken" time="0.043" classname="org.molgenis.security.permission.AuthenticationAuthoritiesUpdaterImplTest"/>
</testsuite> <!-- org.molgenis.security.permission.AuthenticationAuthoritiesUpdaterImplTest -->
