<?xml version="1.0" encoding="UTF-8"?>
<!-- Generated by org.testng.reporters.JUnitReportReporter -->
<testsuite hostname="cyclone1" name="org.molgenis.security.account.AccountControllerTest" tests="13" failures="0" timestamp="6 Jun 2018 14:19:08 GMT" time="0.764" errors="0">
  <testcase name="registerUser_activationModeUser" time="0.059" classname="org.molgenis.security.account.AccountControllerTest"/>
  <testcase name="resetPassword" time="0.058" classname="org.molgenis.security.account.AccountControllerTest"/>
  <testcase name="registerUser_invalidCaptcha" time="0.073" classname="org.molgenis.security.account.AccountControllerTest"/>
  <testcase name="getPasswordResetForm" time="0.024" classname="org.molgenis.security.account.AccountControllerTest"/>
  <testcase name="getLoginForm" time="0.043" classname="org.molgenis.security.account.AccountControllerTest"/>
  <testcase name="registerUser_invalidUserField" time="0.099" classname="org.molgenis.security.account.AccountControllerTest"/>
  <testcase name="registerUser_activationModeAdmin" time="0.098" classname="org.molgenis.security.account.AccountControllerTest"/>
  <testcase name="getRegisterForm" time="0.048" classname="org.molgenis.security.account.AccountControllerTest"/>
  <testcase name="registerUser_activationModeUserProxyWithScheme" time="0.059" classname="org.molgenis.security.account.AccountControllerTest"/>
  <testcase name="activateUser" time="0.038" classname="org.molgenis.security.account.AccountControllerTest"/>
  <testcase name="activateUserMolgenisUserException" time="0.043" classname="org.molgenis.security.account.AccountControllerTest"/>
  <testcase name="registerUser_passwordNotEqualsConfirmPassword" time="0.056" classname="org.molgenis.security.account.AccountControllerTest"/>
  <testcase name="registerUser_activationModeUserProxy" time="0.066" classname="org.molgenis.security.account.AccountControllerTest"/>
</testsuite> <!-- org.molgenis.security.account.AccountControllerTest -->
