<?xml version="1.0" encoding="UTF-8"?>
<!-- Generated by org.testng.reporters.JUnitReportReporter -->
<testsuite hostname="cyclone1" name="org.molgenis.security.twofactor.service.TwoFactorAuthenticationServiceImplTest" tests="6" failures="0" timestamp="7 Jun 2018 14:48:07 GMT" time="0.030" errors="0">
  <testcase name="setSecretKeyTest" time="0.004" classname="org.molgenis.security.twofactor.service.TwoFactorAuthenticationServiceImplTest"/>
  <testcase name="testUserIsBlocked" time="0.010" classname="org.molgenis.security.twofactor.service.TwoFactorAuthenticationServiceImplTest"/>
  <testcase name="testDisableForUser" time="0.004" classname="org.molgenis.security.twofactor.service.TwoFactorAuthenticationServiceImplTest"/>
  <testcase name="generateWrongSecretKeyTest" time="0.004" classname="org.molgenis.security.twofactor.service.TwoFactorAuthenticationServiceImplTest"/>
  <testcase name="generateSecretKeyTest" time="0.004" classname="org.molgenis.security.twofactor.service.TwoFactorAuthenticationServiceImplTest"/>
  <testcase name="isConfiguredForUserTest" time="0.004" classname="org.molgenis.security.twofactor.service.TwoFactorAuthenticationServiceImplTest"/>
</testsuite> <!-- org.molgenis.security.twofactor.service.TwoFactorAuthenticationServiceImplTest -->
