<?xml version="1.0" encoding="UTF-8"?>
<!-- Generated by org.testng.reporters.JUnitReportReporter -->
<testsuite hostname="cyclone1" name="org.molgenis.security.twofactor.service.TwoFactorAuthenticationServiceImplTest" tests="6" failures="0" timestamp="4 Jun 2018 11:14:32 GMT" time="0.208" errors="0">
  <testcase name="isConfiguredForUserTest" time="0.012" classname="org.molgenis.security.twofactor.service.TwoFactorAuthenticationServiceImplTest"/>
  <testcase name="testDisableForUser" time="0.005" classname="org.molgenis.security.twofactor.service.TwoFactorAuthenticationServiceImplTest"/>
  <testcase name="generateSecretKeyTest" time="0.020" classname="org.molgenis.security.twofactor.service.TwoFactorAuthenticationServiceImplTest"/>
  <testcase name="generateWrongSecretKeyTest" time="0.004" classname="org.molgenis.security.twofactor.service.TwoFactorAuthenticationServiceImplTest"/>
  <testcase name="setSecretKeyTest" time="0.156" classname="org.molgenis.security.twofactor.service.TwoFactorAuthenticationServiceImplTest"/>
  <testcase name="testUserIsBlocked" time="0.011" classname="org.molgenis.security.twofactor.service.TwoFactorAuthenticationServiceImplTest"/>
</testsuite> <!-- org.molgenis.security.twofactor.service.TwoFactorAuthenticationServiceImplTest -->
