<?xml version="1.0" encoding="UTF-8"?>
<!-- Generated by org.testng.reporters.JUnitReportReporter -->
<testsuite hostname="cyclone1" name="org.molgenis.security.twofactor.service.TwoFactorAuthenticationServiceImplTest" tests="6" failures="0" timestamp="30 May 2018 12:52:03 GMT" time="0.132" errors="0">
  <testcase name="testUserIsBlocked" time="0.011" classname="org.molgenis.security.twofactor.service.TwoFactorAuthenticationServiceImplTest"/>
  <testcase name="generateSecretKeyTest" time="0.021" classname="org.molgenis.security.twofactor.service.TwoFactorAuthenticationServiceImplTest"/>
  <testcase name="isConfiguredForUserTest" time="0.017" classname="org.molgenis.security.twofactor.service.TwoFactorAuthenticationServiceImplTest"/>
  <testcase name="testDisableForUser" time="0.017" classname="org.molgenis.security.twofactor.service.TwoFactorAuthenticationServiceImplTest"/>
  <testcase name="setSecretKeyTest" time="0.010" classname="org.molgenis.security.twofactor.service.TwoFactorAuthenticationServiceImplTest"/>
  <testcase name="generateWrongSecretKeyTest" time="0.056" classname="org.molgenis.security.twofactor.service.TwoFactorAuthenticationServiceImplTest"/>
</testsuite> <!-- org.molgenis.security.twofactor.service.TwoFactorAuthenticationServiceImplTest -->
