<?xml version="1.0" encoding="UTF-8"?>
<!-- Generated by org.testng.reporters.JUnitReportReporter -->
<testsuite hostname="cyclone1" name="org.molgenis.security.token.TokenAuthenticationFilterTest" tests="1" failures="0" timestamp="7 Jun 2018 14:48:07 GMT" time="0.025" errors="0">
  <testcase name="doFilter" time="0.025" classname="org.molgenis.security.token.TokenAuthenticationFilterTest"/>
</testsuite> <!-- org.molgenis.security.token.TokenAuthenticationFilterTest -->
