<?xml version="1.0" encoding="UTF-8"?>
<!-- Generated by org.testng.reporters.JUnitReportReporter -->
<testsuite hostname="cyclone1" name="org.molgenis.security.acl.MutableAclClassServiceImplTest" tests="5" failures="0" timestamp="6 Jun 2018 14:19:08 GMT" time="0.586" errors="0">
  <testcase name="testHasAclClassTrueWithAclClassCacheInvalidation" time="0.011" classname="org.molgenis.security.acl.MutableAclClassServiceImplTest"/>
  <testcase name="testHasAclClassFalseCached" time="0.014" classname="org.molgenis.security.acl.MutableAclClassServiceImplTest"/>
  <testcase name="testGetAclClassTypes" time="0.001" classname="org.molgenis.security.acl.MutableAclClassServiceImplTest"/>
  <testcase name="testCreateAclClass" time="0.470" classname="org.molgenis.security.acl.MutableAclClassServiceImplTest"/>
  <testcase name="testDeleteAclClass" time="0.090" classname="org.molgenis.security.acl.MutableAclClassServiceImplTest"/>
</testsuite> <!-- org.molgenis.security.acl.MutableAclClassServiceImplTest -->
