<?xml version="1.0" encoding="UTF-8"?>
<!-- Generated by org.testng.reporters.JUnitReportReporter -->
<testsuite hostname="cyclone1" name="org.molgenis.security.captcha.CaptchaControllerTest" tests="5" failures="0" timestamp="30 May 2018 12:52:03 GMT" time="0.517" errors="0">
  <testcase name="validateCaptcha_invalid" time="0.227" classname="org.molgenis.security.captcha.CaptchaControllerTest"/>
  <testcase name="validateCaptcha_valid" time="0.059" classname="org.molgenis.security.captcha.CaptchaControllerTest"/>
  <testcase name="validateCaptchaFromForm_valid" time="0.037" classname="org.molgenis.security.captcha.CaptchaControllerTest"/>
  <testcase name="validateCaptchaFromForm_invalid" time="0.058" classname="org.molgenis.security.captcha.CaptchaControllerTest"/>
  <testcase name="getCaptcha" time="0.136" classname="org.molgenis.security.captcha.CaptchaControllerTest"/>
</testsuite> <!-- org.molgenis.security.captcha.CaptchaControllerTest -->
