<?xml version="1.0" encoding="UTF-8"?>
<!-- Generated by org.testng.reporters.JUnitReportReporter -->
<testsuite hostname="cyclone1" name="org.molgenis.security.token.TokenExtractorTest" tests="6" failures="0" timestamp="1 Jun 2018 11:35:25 GMT" time="0.131" errors="0">
  <testcase name="testResolveArgumentNoToken" time="0.002" classname="org.molgenis.security.token.TokenExtractorTest"/>
  <testcase name="testGetTokenFromHeader" time="0.013" classname="org.molgenis.security.token.TokenExtractorTest"/>
  <testcase name="testGetTokenFromParam" time="0.002" classname="org.molgenis.security.token.TokenExtractorTest"/>
  <testcase name="testResolveArgumentTokenInHeader" time="0.001" classname="org.molgenis.security.token.TokenExtractorTest"/>
  <testcase name="testResolveArgumentTokenInParam" time="0.001" classname="org.molgenis.security.token.TokenExtractorTest"/>
  <testcase name="testResolveArgumentNoTokenRequired" time="0.112" classname="org.molgenis.security.token.TokenExtractorTest"/>
</testsuite> <!-- org.molgenis.security.token.TokenExtractorTest -->
