<?xml version="1.0" encoding="UTF-8"?>
<!-- Generated by org.testng.reporters.JUnitReportReporter -->
<testsuite hostname="cyclone1" name="org.molgenis.security.AjaxAwareInvalidSessionStrategyTest" tests="2" failures="0" timestamp="7 Jun 2018 14:48:07 GMT" time="0.004" errors="0">
  <testcase name="testOnInvalidSessionDetected" time="0.003" classname="org.molgenis.security.AjaxAwareInvalidSessionStrategyTest"/>
  <testcase name="testOnInvalidSessionDetectedXmlHttpRequest" time="0.001" classname="org.molgenis.security.AjaxAwareInvalidSessionStrategyTest"/>
</testsuite> <!-- org.molgenis.security.AjaxAwareInvalidSessionStrategyTest -->
