<?xml version="1.0" encoding="UTF-8"?>
<!-- Generated by org.testng.reporters.JUnitReportReporter -->
<testsuite hostname="cyclone1" name="org.molgenis.security.AjaxAwareLoginUrlAuthenticationEntryPointTest" tests="3" failures="0" timestamp="6 Jun 2018 21:44:01 GMT" time="0.043" errors="0">
  <testcase name="testCommenceRest" time="0.001" classname="org.molgenis.security.AjaxAwareLoginUrlAuthenticationEntryPointTest"/>
  <testcase name="testCommenceOther" time="0.038" classname="org.molgenis.security.AjaxAwareLoginUrlAuthenticationEntryPointTest"/>
  <testcase name="testCommencePreflight" time="0.004" classname="org.molgenis.security.AjaxAwareLoginUrlAuthenticationEntryPointTest"/>
</testsuite> <!-- org.molgenis.security.AjaxAwareLoginUrlAuthenticationEntryPointTest -->
