<?xml version="1.0" encoding="UTF-8"?>
<!-- Generated by org.testng.reporters.JUnitReportReporter -->
<testsuite hostname="cyclone1" name="org.molgenis.security.acl.MutableAclClassServiceImplTest" tests="5" failures="0" timestamp="6 Jun 2018 21:44:01 GMT" time="0.537" errors="0">
  <testcase name="testDeleteAclClass" time="0.504" classname="org.molgenis.security.acl.MutableAclClassServiceImplTest"/>
  <testcase name="testGetAclClassTypes" time="0.002" classname="org.molgenis.security.acl.MutableAclClassServiceImplTest"/>
  <testcase name="testHasAclClassTrueWithAclClassCacheInvalidation" time="0.015" classname="org.molgenis.security.acl.MutableAclClassServiceImplTest"/>
  <testcase name="testCreateAclClass" time="0.004" classname="org.molgenis.security.acl.MutableAclClassServiceImplTest"/>
  <testcase name="testHasAclClassFalseCached" time="0.012" classname="org.molgenis.security.acl.MutableAclClassServiceImplTest"/>
</testsuite> <!-- org.molgenis.security.acl.MutableAclClassServiceImplTest -->
