<?xml version="1.0" encoding="UTF-8"?>
<!-- Generated by org.testng.reporters.JUnitReportReporter -->
<testsuite hostname="cyclone1" name="org.molgenis.security.AjaxAwareInvalidSessionStrategyTest" tests="2" failures="0" timestamp="4 Jun 2018 11:14:32 GMT" time="0.126" errors="0">
  <testcase name="testOnInvalidSessionDetected" time="0.125" classname="org.molgenis.security.AjaxAwareInvalidSessionStrategyTest"/>
  <testcase name="testOnInvalidSessionDetectedXmlHttpRequest" time="0.001" classname="org.molgenis.security.AjaxAwareInvalidSessionStrategyTest"/>
</testsuite> <!-- org.molgenis.security.AjaxAwareInvalidSessionStrategyTest -->
