<?xml version="1.0" encoding="UTF-8"?>
<!-- Generated by org.testng.reporters.JUnitReportReporter -->
<testsuite hostname="cyclone1" name="org.molgenis.security.token.DataServiceTokenServiceTest" tests="4" failures="0" timestamp="6 Jun 2018 14:19:08 GMT" time="0.367" errors="0">
  <testcase name="generateAndStoreToken" time="0.009" classname="org.molgenis.security.token.DataServiceTokenServiceTest"/>
  <testcase name="findUserByTokenExpired" time="0.002" classname="org.molgenis.security.token.DataServiceTokenServiceTest"/>
  <testcase name="findUserByToken" time="0.171" classname="org.molgenis.security.token.DataServiceTokenServiceTest"/>
  <testcase name="removeToken" time="0.185" classname="org.molgenis.security.token.DataServiceTokenServiceTest"/>
</testsuite> <!-- org.molgenis.security.token.DataServiceTokenServiceTest -->
