<?xml version="1.0" encoding="UTF-8"?>
<!-- Generated by org.testng.reporters.JUnitReportReporter -->
<testsuite hostname="cyclone1" name="org.molgenis.security.google.GoogleAuthenticationProcessingFilterTest" tests="3" failures="0" timestamp="6 Jun 2018 08:46:28 GMT" time="0.046" errors="0">
  <testcase name="GoogleAuthenticationProcessingFilter" time="0.001" classname="org.molgenis.security.google.GoogleAuthenticationProcessingFilterTest"/>
  <testcase name="attemptAuthenticationGoogleSignInDisabled" time="0.044" classname="org.molgenis.security.google.GoogleAuthenticationProcessingFilterTest"/>
  <testcase name="attemptAuthenticationMissingToken" time="0.001" classname="org.molgenis.security.google.GoogleAuthenticationProcessingFilterTest"/>
</testsuite> <!-- org.molgenis.security.google.GoogleAuthenticationProcessingFilterTest -->
