<?xml version="1.0" encoding="UTF-8"?>
<!-- Generated by org.testng.reporters.JUnitReportReporter -->
<testsuite hostname="cyclone1" name="org.molgenis.security.twofactor.service.OtpServiceImplTest" tests="2" failures="0" timestamp="4 Jun 2018 11:14:32 GMT" time="0.007" errors="0">
  <testcase name="testGetAuthenticatorURI" time="0.003" classname="org.molgenis.security.twofactor.service.OtpServiceImplTest"/>
  <testcase name="testTryVerificationKeyFailed" time="0.004" classname="org.molgenis.security.twofactor.service.OtpServiceImplTest"/>
</testsuite> <!-- org.molgenis.security.twofactor.service.OtpServiceImplTest -->
