<?xml version="1.0" encoding="UTF-8"?>
<!-- Generated by org.testng.reporters.JUnitReportReporter -->
<testsuite hostname="cyclone1" name="org.molgenis.security.permission.SecurityContextRegistryImplTest" tests="7" failures="0" timestamp="6 Jun 2018 14:19:08 GMT" time="0.031" errors="0">
  <testcase name="testGetSecurityContextInvalidatedSession" time="0.022" classname="org.molgenis.security.permission.SecurityContextRegistryImplTest"/>
  <testcase name="testGetSecurityContextUnknownSessionId" time="0.001" classname="org.molgenis.security.permission.SecurityContextRegistryImplTest"/>
  <testcase name="testGetSecurityContextFromSessionWithSecurityContext" time="0.001" classname="org.molgenis.security.permission.SecurityContextRegistryImplTest"/>
  <testcase name="testGetSecurityContextFromSessionWithoutSecurityContext" time="0.001" classname="org.molgenis.security.permission.SecurityContextRegistryImplTest"/>
  <testcase name="testHandleHttpSessionDestroyedEvent" time="0.002" classname="org.molgenis.security.permission.SecurityContextRegistryImplTest"/>
  <testcase name="testGetSecurityContexts" time="0.004" classname="org.molgenis.security.permission.SecurityContextRegistryImplTest"/>
  <testcase name="testGetSecurityContextFromSessionUnexpectedValue" time="0.000" classname="org.molgenis.security.permission.SecurityContextRegistryImplTest"/>
</testsuite> <!-- org.molgenis.security.permission.SecurityContextRegistryImplTest -->
