<?xml version="1.0" encoding="UTF-8"?>
<!-- Generated by org.testng.reporters.JUnitReportReporter -->
<testsuite hostname="cyclone1" name="org.molgenis.security.login.MolgenisLoginControllerTest" tests="3" failures="0" timestamp="6 Jun 2018 14:19:08 GMT" time="0.117" errors="0">
  <testcase name="getLoginErrorPage" time="0.037" classname="org.molgenis.security.login.MolgenisLoginControllerTest"/>
  <testcase name="getLoginErrorPageSessionExpired" time="0.037" classname="org.molgenis.security.login.MolgenisLoginControllerTest"/>
  <testcase name="getLoginPage" time="0.043" classname="org.molgenis.security.login.MolgenisLoginControllerTest"/>
</testsuite> <!-- org.molgenis.security.login.MolgenisLoginControllerTest -->
