<?xml version="1.0" encoding="UTF-8"?>
<!-- Generated by org.testng.reporters.JUnitReportReporter -->
<testsuite hostname="cyclone1" name="org.molgenis.security.user.UserAccountServiceImplTest" tests="5" failures="0" timestamp="6 Jun 2018 08:46:28 GMT" time="0.016" errors="0">
  <testcase name="updateCurrentUser" time="0.005" classname="org.molgenis.security.user.UserAccountServiceImplTest"/>
  <testcase name="validateCurrentUserPassword" time="0.001" classname="org.molgenis.security.user.UserAccountServiceImplTest"/>
  <testcase name="updateCurrentUser_wrongUser" time="0.004" classname="org.molgenis.security.user.UserAccountServiceImplTest"/>
  <testcase name="getCurrentUser" time="0.003" classname="org.molgenis.security.user.UserAccountServiceImplTest"/>
  <testcase name="updateCurrentUser_changePassword" time="0.003" classname="org.molgenis.security.user.UserAccountServiceImplTest"/>
</testsuite> <!-- org.molgenis.security.user.UserAccountServiceImplTest -->
