<?xml version="1.0" encoding="UTF-8"?>
<!-- Generated by org.testng.reporters.JUnitReportReporter -->
<testsuite hostname="cyclone1" name="org.molgenis.security.token.DataServiceTokenServiceTest" tests="4" failures="0" timestamp="4 Jun 2018 11:14:32 GMT" time="0.177" errors="0">
  <testcase name="findUserByToken" time="0.107" classname="org.molgenis.security.token.DataServiceTokenServiceTest"/>
  <testcase name="removeToken" time="0.002" classname="org.molgenis.security.token.DataServiceTokenServiceTest"/>
  <testcase name="generateAndStoreToken" time="0.066" classname="org.molgenis.security.token.DataServiceTokenServiceTest"/>
  <testcase name="findUserByTokenExpired" time="0.002" classname="org.molgenis.security.token.DataServiceTokenServiceTest"/>
</testsuite> <!-- org.molgenis.security.token.DataServiceTokenServiceTest -->
