<?xml version="1.0" encoding="UTF-8"?>
<!-- Generated by org.testng.reporters.JUnitReportReporter -->
<testsuite hostname="cyclone1" name="org.molgenis.security.account.AccountControllerTest" tests="13" failures="0" timestamp="6 Jun 2018 08:46:28 GMT" time="2.417" errors="0">
  <testcase name="activateUserMolgenisUserException" time="0.038" classname="org.molgenis.security.account.AccountControllerTest"/>
  <testcase name="registerUser_invalidUserField" time="0.071" classname="org.molgenis.security.account.AccountControllerTest"/>
  <testcase name="getLoginForm" time="0.044" classname="org.molgenis.security.account.AccountControllerTest"/>
  <testcase name="getPasswordResetForm" time="1.411" classname="org.molgenis.security.account.AccountControllerTest"/>
  <testcase name="getRegisterForm" time="0.031" classname="org.molgenis.security.account.AccountControllerTest"/>
  <testcase name="resetPassword" time="0.037" classname="org.molgenis.security.account.AccountControllerTest"/>
  <testcase name="activateUser" time="0.190" classname="org.molgenis.security.account.AccountControllerTest"/>
  <testcase name="registerUser_invalidCaptcha" time="0.056" classname="org.molgenis.security.account.AccountControllerTest"/>
  <testcase name="registerUser_activationModeAdmin" time="0.266" classname="org.molgenis.security.account.AccountControllerTest"/>
  <testcase name="registerUser_activationModeUserProxyWithScheme" time="0.071" classname="org.molgenis.security.account.AccountControllerTest"/>
  <testcase name="registerUser_activationModeUser" time="0.070" classname="org.molgenis.security.account.AccountControllerTest"/>
  <testcase name="registerUser_passwordNotEqualsConfirmPassword" time="0.056" classname="org.molgenis.security.account.AccountControllerTest"/>
  <testcase name="registerUser_activationModeUserProxy" time="0.076" classname="org.molgenis.security.account.AccountControllerTest"/>
</testsuite> <!-- org.molgenis.security.account.AccountControllerTest -->
