<?xml version="1.0" encoding="UTF-8"?>
<!-- Generated by org.testng.reporters.JUnitReportReporter -->
<testsuite hostname="cyclone1" name="org.molgenis.security.permission.PermissionSystemServiceImplTest" tests="2" failures="0" timestamp="1 Jun 2018 11:35:25 GMT" time="0.421" errors="0">
  <testcase name="giveUserEntityPermissions" time="0.417" classname="org.molgenis.security.permission.PermissionSystemServiceImplTest"/>
  <testcase name="testPermissionSystemService" time="0.004" classname="org.molgenis.security.permission.PermissionSystemServiceImplTest"/>
</testsuite> <!-- org.molgenis.security.permission.PermissionSystemServiceImplTest -->
