<?xml version="1.0" encoding="UTF-8"?>
<!-- Generated by org.testng.reporters.JUnitReportReporter -->
<testsuite hostname="cyclone1" name="org.molgenis.security.login.MolgenisLoginControllerTest" tests="3" failures="0" timestamp="30 May 2018 12:52:03 GMT" time="0.166" errors="0">
  <testcase name="getLoginPage" time="0.057" classname="org.molgenis.security.login.MolgenisLoginControllerTest"/>
  <testcase name="getLoginErrorPage" time="0.051" classname="org.molgenis.security.login.MolgenisLoginControllerTest"/>
  <testcase name="getLoginErrorPageSessionExpired" time="0.058" classname="org.molgenis.security.login.MolgenisLoginControllerTest"/>
</testsuite> <!-- org.molgenis.security.login.MolgenisLoginControllerTest -->
