<?xml version="1.0" encoding="UTF-8"?>
<!-- Generated by org.testng.reporters.JUnitReportReporter -->
<testsuite hostname="cyclone1" name="org.molgenis.security.acl.MutableAclClassServiceImplTest" tests="5" failures="0" timestamp="30 May 2018 12:52:03 GMT" time="0.960" errors="0">
  <testcase name="testDeleteAclClass" time="0.100" classname="org.molgenis.security.acl.MutableAclClassServiceImplTest"/>
  <testcase name="testCreateAclClass" time="0.030" classname="org.molgenis.security.acl.MutableAclClassServiceImplTest"/>
  <testcase name="testHasAclClassTrueWithAclClassCacheInvalidation" time="0.012" classname="org.molgenis.security.acl.MutableAclClassServiceImplTest"/>
  <testcase name="testGetAclClassTypes" time="0.771" classname="org.molgenis.security.acl.MutableAclClassServiceImplTest"/>
  <testcase name="testHasAclClassFalseCached" time="0.047" classname="org.molgenis.security.acl.MutableAclClassServiceImplTest"/>
</testsuite> <!-- org.molgenis.security.acl.MutableAclClassServiceImplTest -->
