<?xml version="1.0" encoding="UTF-8"?>
<!-- Generated by org.testng.reporters.JUnitReportReporter -->
<testsuite hostname="cyclone1" name="org.molgenis.security.permission.PrincipalSecurityContextRegistryImplTest" tests="3" failures="0" timestamp="6 Jun 2018 21:44:01 GMT" time="0.111" errors="0">
  <testcase name="testGetSecurityContextsUserThreadNoUserSessions" time="0.002" classname="org.molgenis.security.permission.PrincipalSecurityContextRegistryImplTest"/>
  <testcase name="testGetSecurityContextsUserThreadSessions" time="0.035" classname="org.molgenis.security.permission.PrincipalSecurityContextRegistryImplTest"/>
  <testcase name="testGetSecurityContextsNoUserThreadNoUserSessions" time="0.074" classname="org.molgenis.security.permission.PrincipalSecurityContextRegistryImplTest"/>
</testsuite> <!-- org.molgenis.security.permission.PrincipalSecurityContextRegistryImplTest -->
