<?xml version="1.0" encoding="UTF-8"?>
<!-- Generated by org.testng.reporters.JUnitReportReporter -->
<testsuite hostname="cyclone1" name="org.molgenis.security.account.AccountControllerTest" tests="13" failures="0" timestamp="30 May 2018 12:52:03 GMT" time="3.570" errors="0">
  <testcase name="registerUser_activationModeUser" time="0.066" classname="org.molgenis.security.account.AccountControllerTest"/>
  <testcase name="registerUser_invalidUserField" time="0.104" classname="org.molgenis.security.account.AccountControllerTest"/>
  <testcase name="registerUser_activationModeUserProxy" time="0.078" classname="org.molgenis.security.account.AccountControllerTest"/>
  <testcase name="registerUser_activationModeUserProxyWithScheme" time="0.083" classname="org.molgenis.security.account.AccountControllerTest"/>
  <testcase name="activateUser" time="0.190" classname="org.molgenis.security.account.AccountControllerTest"/>
  <testcase name="getRegisterForm" time="0.046" classname="org.molgenis.security.account.AccountControllerTest"/>
  <testcase name="getPasswordResetForm" time="0.049" classname="org.molgenis.security.account.AccountControllerTest"/>
  <testcase name="registerUser_invalidCaptcha" time="0.082" classname="org.molgenis.security.account.AccountControllerTest"/>
  <testcase name="getLoginForm" time="2.213" classname="org.molgenis.security.account.AccountControllerTest"/>
  <testcase name="registerUser_passwordNotEqualsConfirmPassword" time="0.116" classname="org.molgenis.security.account.AccountControllerTest"/>
  <testcase name="resetPassword" time="0.073" classname="org.molgenis.security.account.AccountControllerTest"/>
  <testcase name="registerUser_activationModeAdmin" time="0.395" classname="org.molgenis.security.account.AccountControllerTest"/>
  <testcase name="activateUserMolgenisUserException" time="0.075" classname="org.molgenis.security.account.AccountControllerTest"/>
</testsuite> <!-- org.molgenis.security.account.AccountControllerTest -->
