<?xml version="1.0" encoding="UTF-8"?>
<!-- Generated by org.testng.reporters.JUnitReportReporter -->
<testsuite hostname="cyclone1" name="org.molgenis.security.twofactor.service.TwoFactorAuthenticationServiceImplTest" tests="6" failures="0" timestamp="6 Jun 2018 08:46:28 GMT" time="0.026" errors="0">
  <testcase name="setSecretKeyTest" time="0.004" classname="org.molgenis.security.twofactor.service.TwoFactorAuthenticationServiceImplTest"/>
  <testcase name="isConfiguredForUserTest" time="0.004" classname="org.molgenis.security.twofactor.service.TwoFactorAuthenticationServiceImplTest"/>
  <testcase name="generateSecretKeyTest" time="0.011" classname="org.molgenis.security.twofactor.service.TwoFactorAuthenticationServiceImplTest"/>
  <testcase name="generateWrongSecretKeyTest" time="0.001" classname="org.molgenis.security.twofactor.service.TwoFactorAuthenticationServiceImplTest"/>
  <testcase name="testUserIsBlocked" time="0.003" classname="org.molgenis.security.twofactor.service.TwoFactorAuthenticationServiceImplTest"/>
  <testcase name="testDisableForUser" time="0.003" classname="org.molgenis.security.twofactor.service.TwoFactorAuthenticationServiceImplTest"/>
</testsuite> <!-- org.molgenis.security.twofactor.service.TwoFactorAuthenticationServiceImplTest -->
