<?xml version="1.0" encoding="UTF-8"?>
<!-- Generated by org.testng.reporters.JUnitReportReporter -->
<testsuite hostname="cyclone1" name="org.molgenis.security.MolgenisChangePasswordFilterTest" tests="4" failures="0" timestamp="30 May 2018 12:52:03 GMT" time="0.013" errors="0">
  <testcase name="testDoFilterChangePassword" time="0.007" classname="org.molgenis.security.MolgenisChangePasswordFilterTest"/>
  <testcase name="testDoFilterChangePasswordHackyUri" time="0.002" classname="org.molgenis.security.MolgenisChangePasswordFilterTest"/>
  <testcase name="testDoFilterNoChangePassword" time="0.004" classname="org.molgenis.security.MolgenisChangePasswordFilterTest"/>
  <testcase name="testDoFilterIgnoreOwnUri" time="0.000" classname="org.molgenis.security.MolgenisChangePasswordFilterTest"/>
</testsuite> <!-- org.molgenis.security.MolgenisChangePasswordFilterTest -->
