<?xml version="1.0" encoding="UTF-8"?>
<!-- Generated by org.testng.reporters.JUnitReportReporter -->
<testsuite hostname="cyclone1" name="org.molgenis.security.twofactor.TwoFactorAuthenticationControllerTest" tests="5" failures="0" timestamp="4 Jun 2018 11:14:32 GMT" time="0.066" errors="0">
  <testcase name="activationExceptionTest" time="0.004" classname="org.molgenis.security.twofactor.TwoFactorAuthenticationControllerTest"/>
  <testcase name="validateVerificationCodeAndAuthenticateExceptionTest" time="0.003" classname="org.molgenis.security.twofactor.TwoFactorAuthenticationControllerTest"/>
  <testcase name="authenticateExceptionTest" time="0.054" classname="org.molgenis.security.twofactor.TwoFactorAuthenticationControllerTest"/>
  <testcase name="testRecoverAccount" time="0.004" classname="org.molgenis.security.twofactor.TwoFactorAuthenticationControllerTest"/>
  <testcase name="configuredExceptionTest" time="0.001" classname="org.molgenis.security.twofactor.TwoFactorAuthenticationControllerTest"/>
</testsuite> <!-- org.molgenis.security.twofactor.TwoFactorAuthenticationControllerTest -->
