<?xml version="1.0" encoding="UTF-8"?>
<!-- Generated by org.testng.reporters.JUnitReportReporter -->
<testsuite hostname="cyclone1" name="org.molgenis.security.google.GoogleAuthenticationProcessingFilterTest" tests="3" failures="0" timestamp="7 Jun 2018 14:48:07 GMT" time="0.065" errors="0">
  <testcase name="attemptAuthenticationGoogleSignInDisabled" time="0.063" classname="org.molgenis.security.google.GoogleAuthenticationProcessingFilterTest"/>
  <testcase name="GoogleAuthenticationProcessingFilter" time="0.001" classname="org.molgenis.security.google.GoogleAuthenticationProcessingFilterTest"/>
  <testcase name="attemptAuthenticationMissingToken" time="0.001" classname="org.molgenis.security.google.GoogleAuthenticationProcessingFilterTest"/>
</testsuite> <!-- org.molgenis.security.google.GoogleAuthenticationProcessingFilterTest -->
