<?xml version="1.0" encoding="UTF-8"?>
<!-- Generated by org.testng.reporters.JUnitReportReporter -->
<testsuite hostname="cyclone1" name="org.molgenis.security.group.GroupRestControllerTest" tests="1" failures="0" timestamp="7 Jun 2018 14:48:07 GMT" time="0.078" errors="0">
  <testcase name="testCreateGroup" time="0.078" classname="org.molgenis.security.group.GroupRestControllerTest"/>
</testsuite> <!-- org.molgenis.security.group.GroupRestControllerTest -->
