<?xml version="1.0" encoding="UTF-8"?>
<!-- Generated by org.testng.reporters.JUnitReportReporter -->
<testsuite hostname="cyclone1" name="org.molgenis.security.token.RunAsUserTokenFactoryTest" tests="2" failures="0" timestamp="6 Jun 2018 14:19:08 GMT" time="0.055" errors="0">
  <testcase name="testTokenForDisabledUser" time="0.038" classname="org.molgenis.security.token.RunAsUserTokenFactoryTest"/>
  <testcase name="testTokenForEnabledUser" time="0.017" classname="org.molgenis.security.token.RunAsUserTokenFactoryTest"/>
</testsuite> <!-- org.molgenis.security.token.RunAsUserTokenFactoryTest -->
