<?xml version="1.0" encoding="UTF-8"?>
<!-- Generated by org.testng.reporters.JUnitReportReporter -->
<testsuite hostname="cyclone1" name="org.molgenis.security.user.UserDetailsServiceTest" tests="5" failures="0" timestamp="30 May 2018 12:52:03 GMT" time="0.285" errors="0">
  <testcase name="testLoadUserByUsernameSuperuser" time="0.006" classname="org.molgenis.security.user.UserDetailsServiceTest"/>
  <testcase name="testLoadUserByUsernameNonSuperuser" time="0.007" classname="org.molgenis.security.user.UserDetailsServiceTest"/>
  <testcase name="testLoadUserByUsernameAnonymous" time="0.014" classname="org.molgenis.security.user.UserDetailsServiceTest"/>
  <testcase name="testLoadUserByUsernameUnknownUser" time="0.256" classname="org.molgenis.security.user.UserDetailsServiceTest"/>
  <testcase name="testUserDetailsService" time="0.002" classname="org.molgenis.security.user.UserDetailsServiceTest"/>
</testsuite> <!-- org.molgenis.security.user.UserDetailsServiceTest -->
