<?xml version="1.0" encoding="UTF-8"?>
<!-- Generated by org.testng.reporters.JUnitReportReporter -->
<testsuite hostname="cyclone1" name="org.molgenis.security.AjaxAwareLoginUrlAuthenticationEntryPointTest" tests="3" failures="0" timestamp="30 May 2018 12:52:03 GMT" time="0.186" errors="0">
  <testcase name="testCommenceOther" time="0.149" classname="org.molgenis.security.AjaxAwareLoginUrlAuthenticationEntryPointTest"/>
  <testcase name="testCommencePreflight" time="0.002" classname="org.molgenis.security.AjaxAwareLoginUrlAuthenticationEntryPointTest"/>
  <testcase name="testCommenceRest" time="0.035" classname="org.molgenis.security.AjaxAwareLoginUrlAuthenticationEntryPointTest"/>
</testsuite> <!-- org.molgenis.security.AjaxAwareLoginUrlAuthenticationEntryPointTest -->
