<?xml version="1.0" encoding="UTF-8"?>
<!-- Generated by org.testng.reporters.JUnitReportReporter -->
<testsuite hostname="cyclone1" name="org.molgenis.security.token.DataServiceTokenServiceTest" tests="4" failures="0" timestamp="6 Jun 2018 08:46:28 GMT" time="0.127" errors="0">
  <testcase name="findUserByTokenExpired" time="0.051" classname="org.molgenis.security.token.DataServiceTokenServiceTest"/>
  <testcase name="removeToken" time="0.000" classname="org.molgenis.security.token.DataServiceTokenServiceTest"/>
  <testcase name="generateAndStoreToken" time="0.003" classname="org.molgenis.security.token.DataServiceTokenServiceTest"/>
  <testcase name="findUserByToken" time="0.073" classname="org.molgenis.security.token.DataServiceTokenServiceTest"/>
</testsuite> <!-- org.molgenis.security.token.DataServiceTokenServiceTest -->
