<?xml version="1.0" encoding="UTF-8"?>
<!-- Generated by org.testng.reporters.JUnitReportReporter -->
<testsuite hostname="cyclone1" name="org.molgenis.security.permission.SecurityContextRegistryImplTest" tests="7" failures="0" timestamp="7 Jun 2018 14:48:07 GMT" time="0.201" errors="0">
  <testcase name="testGetSecurityContextFromSessionUnexpectedValue" time="0.003" classname="org.molgenis.security.permission.SecurityContextRegistryImplTest"/>
  <testcase name="testGetSecurityContexts" time="0.008" classname="org.molgenis.security.permission.SecurityContextRegistryImplTest"/>
  <testcase name="testGetSecurityContextInvalidatedSession" time="0.006" classname="org.molgenis.security.permission.SecurityContextRegistryImplTest"/>
  <testcase name="testGetSecurityContextUnknownSessionId" time="0.002" classname="org.molgenis.security.permission.SecurityContextRegistryImplTest"/>
  <testcase name="testHandleHttpSessionDestroyedEvent" time="0.064" classname="org.molgenis.security.permission.SecurityContextRegistryImplTest"/>
  <testcase name="testGetSecurityContextFromSessionWithSecurityContext" time="0.114" classname="org.molgenis.security.permission.SecurityContextRegistryImplTest"/>
  <testcase name="testGetSecurityContextFromSessionWithoutSecurityContext" time="0.004" classname="org.molgenis.security.permission.SecurityContextRegistryImplTest"/>
</testsuite> <!-- org.molgenis.security.permission.SecurityContextRegistryImplTest -->
