<?xml version="1.0" encoding="UTF-8"?>
<!-- Generated by org.testng.reporters.JUnitReportReporter -->
<testsuite hostname="cyclone1" name="org.molgenis.security.permission.MolgenisPermissionControllerTest" tests="5" failures="0" timestamp="30 May 2018 12:52:03 GMT" time="0.031" errors="0">
  <testcase name="hasReadPermissionTrue" time="0.023" classname="org.molgenis.security.permission.MolgenisPermissionControllerTest"/>
  <testcase name="MolgenisPermissionController" time="0.001" classname="org.molgenis.security.permission.MolgenisPermissionControllerTest"/>
  <testcase name="hasWritePermissionTrue" time="0.000" classname="org.molgenis.security.permission.MolgenisPermissionControllerTest"/>
  <testcase name="hasWritePermissionFalse" time="0.001" classname="org.molgenis.security.permission.MolgenisPermissionControllerTest"/>
  <testcase name="hasReadPermissionFalse" time="0.006" classname="org.molgenis.security.permission.MolgenisPermissionControllerTest"/>
</testsuite> <!-- org.molgenis.security.permission.MolgenisPermissionControllerTest -->
