<?xml version="1.0" encoding="UTF-8"?>
<!-- Generated by org.testng.reporters.JUnitReportReporter -->
<testsuite hostname="cyclone1" name="org.molgenis.security.permission.PermissionSystemServiceImplTest" tests="2" failures="0" timestamp="4 Jun 2018 11:14:32 GMT" time="0.267" errors="0">
  <testcase name="testPermissionSystemService" time="0.003" classname="org.molgenis.security.permission.PermissionSystemServiceImplTest"/>
  <testcase name="giveUserEntityPermissions" time="0.264" classname="org.molgenis.security.permission.PermissionSystemServiceImplTest"/>
</testsuite> <!-- org.molgenis.security.permission.PermissionSystemServiceImplTest -->
