<?xml version="1.0" encoding="UTF-8"?>
<!-- Generated by org.testng.reporters.JUnitReportReporter -->
<testsuite hostname="cyclone1" name="org.molgenis.security.account.AccountControllerTest" tests="13" failures="0" timestamp="1 Jun 2018 11:35:25 GMT" time="0.794" errors="0">
  <testcase name="activateUserMolgenisUserException" time="0.058" classname="org.molgenis.security.account.AccountControllerTest"/>
  <testcase name="registerUser_passwordNotEqualsConfirmPassword" time="0.057" classname="org.molgenis.security.account.AccountControllerTest"/>
  <testcase name="registerUser_activationModeUser" time="0.059" classname="org.molgenis.security.account.AccountControllerTest"/>
  <testcase name="getPasswordResetForm" time="0.034" classname="org.molgenis.security.account.AccountControllerTest"/>
  <testcase name="registerUser_invalidCaptcha" time="0.064" classname="org.molgenis.security.account.AccountControllerTest"/>
  <testcase name="activateUser" time="0.043" classname="org.molgenis.security.account.AccountControllerTest"/>
  <testcase name="registerUser_activationModeUserProxyWithScheme" time="0.054" classname="org.molgenis.security.account.AccountControllerTest"/>
  <testcase name="getLoginForm" time="0.033" classname="org.molgenis.security.account.AccountControllerTest"/>
  <testcase name="registerUser_invalidUserField" time="0.094" classname="org.molgenis.security.account.AccountControllerTest"/>
  <testcase name="getRegisterForm" time="0.038" classname="org.molgenis.security.account.AccountControllerTest"/>
  <testcase name="registerUser_activationModeAdmin" time="0.159" classname="org.molgenis.security.account.AccountControllerTest"/>
  <testcase name="registerUser_activationModeUserProxy" time="0.058" classname="org.molgenis.security.account.AccountControllerTest"/>
  <testcase name="resetPassword" time="0.043" classname="org.molgenis.security.account.AccountControllerTest"/>
</testsuite> <!-- org.molgenis.security.account.AccountControllerTest -->
