<?xml version="1.0" encoding="UTF-8"?>
<!-- Generated by org.testng.reporters.JUnitReportReporter -->
<testsuite hostname="cyclone1" name="org.molgenis.security.user.UserDetailsServiceTest" tests="5" failures="0" timestamp="1 Jun 2018 11:35:25 GMT" time="0.657" errors="0">
  <testcase name="testLoadUserByUsernameAnonymous" time="0.381" classname="org.molgenis.security.user.UserDetailsServiceTest"/>
  <testcase name="testLoadUserByUsernameUnknownUser" time="0.003" classname="org.molgenis.security.user.UserDetailsServiceTest"/>
  <testcase name="testLoadUserByUsernameNonSuperuser" time="0.005" classname="org.molgenis.security.user.UserDetailsServiceTest"/>
  <testcase name="testUserDetailsService" time="0.259" classname="org.molgenis.security.user.UserDetailsServiceTest"/>
  <testcase name="testLoadUserByUsernameSuperuser" time="0.009" classname="org.molgenis.security.user.UserDetailsServiceTest"/>
</testsuite> <!-- org.molgenis.security.user.UserDetailsServiceTest -->
