<?xml version="1.0" encoding="UTF-8"?>
<!-- Generated by org.testng.reporters.JUnitReportReporter -->
<testsuite hostname="cyclone1" name="org.molgenis.security.twofactor.auth.RecoveryAuthenticationProviderTest" tests="2" failures="0" timestamp="6 Jun 2018 08:46:28 GMT" time="0.006" errors="0">
  <testcase name="testAuthentication" time="0.004" classname="org.molgenis.security.twofactor.auth.RecoveryAuthenticationProviderTest"/>
  <testcase name="testAuthenticateInvalidToken" time="0.002" classname="org.molgenis.security.twofactor.auth.RecoveryAuthenticationProviderTest"/>
</testsuite> <!-- org.molgenis.security.twofactor.auth.RecoveryAuthenticationProviderTest -->
