<?xml version="1.0" encoding="UTF-8"?>
<!-- Generated by org.testng.reporters.JUnitReportReporter -->
<testsuite hostname="cyclone1" name="org.molgenis.security.captcha.CaptchaServiceTest" tests="3" failures="0" timestamp="6 Jun 2018 21:44:01 GMT" time="0.802" errors="0">
  <testcase name="validateCaptcha_noCaptcha" time="0.001" classname="org.molgenis.security.captcha.CaptchaServiceTest"/>
  <testcase name="createCaptcha" time="0.798" classname="org.molgenis.security.captcha.CaptchaServiceTest"/>
  <testcase name="validateCaptcha" time="0.003" classname="org.molgenis.security.captcha.CaptchaServiceTest"/>
</testsuite> <!-- org.molgenis.security.captcha.CaptchaServiceTest -->
