<?xml version="1.0" encoding="UTF-8"?>
<!-- Generated by org.testng.reporters.JUnitReportReporter -->
<testsuite hostname="cyclone1" name="org.molgenis.security.acl.BitMaskPermissionGrantingStrategyTest" tests="5" failures="0" timestamp="7 Jun 2018 14:48:07 GMT" time="0.004" errors="0">
  <testcase name="testPermissionsDontMatch" time="0.000" classname="org.molgenis.security.acl.BitMaskPermissionGrantingStrategyTest"/>
  <testcase name="testPermissionsDontMatch" time="0.002" classname="org.molgenis.security.acl.BitMaskPermissionGrantingStrategyTest"/>
  <testcase name="testPermissionsMatch" time="0.000" classname="org.molgenis.security.acl.BitMaskPermissionGrantingStrategyTest"/>
  <testcase name="testPermissionsDontMatch" time="0.001" classname="org.molgenis.security.acl.BitMaskPermissionGrantingStrategyTest"/>
  <testcase name="testPermissionsMatch" time="0.001" classname="org.molgenis.security.acl.BitMaskPermissionGrantingStrategyTest"/>
</testsuite> <!-- org.molgenis.security.acl.BitMaskPermissionGrantingStrategyTest -->
