<?xml version="1.0" encoding="UTF-8"?>
<!-- Generated by org.testng.reporters.JUnitReportReporter -->
<testsuite hostname="cyclone1" name="org.molgenis.security.token.TokenAuthenticationProviderTest" tests="2" failures="0" timestamp="4 Jun 2018 11:14:32 GMT" time="0.018" errors="0">
  <testcase name="authenticate" time="0.017" classname="org.molgenis.security.token.TokenAuthenticationProviderTest"/>
  <testcase name="authenticateInvalidToken" time="0.001" classname="org.molgenis.security.token.TokenAuthenticationProviderTest"/>
</testsuite> <!-- org.molgenis.security.token.TokenAuthenticationProviderTest -->
