<?xml version="1.0" encoding="UTF-8"?>
<!-- Generated by org.testng.reporters.JUnitReportReporter -->
<testsuite hostname="cyclone1" name="org.molgenis.security.token.TokenExtractorTest" tests="6" failures="0" timestamp="4 Jun 2018 11:14:32 GMT" time="0.170" errors="0">
  <testcase name="testResolveArgumentTokenInHeader" time="0.002" classname="org.molgenis.security.token.TokenExtractorTest"/>
  <testcase name="testGetTokenFromParam" time="0.002" classname="org.molgenis.security.token.TokenExtractorTest"/>
  <testcase name="testGetTokenFromHeader" time="0.002" classname="org.molgenis.security.token.TokenExtractorTest"/>
  <testcase name="testResolveArgumentNoTokenRequired" time="0.159" classname="org.molgenis.security.token.TokenExtractorTest"/>
  <testcase name="testResolveArgumentTokenInParam" time="0.002" classname="org.molgenis.security.token.TokenExtractorTest"/>
  <testcase name="testResolveArgumentNoToken" time="0.003" classname="org.molgenis.security.token.TokenExtractorTest"/>
</testsuite> <!-- org.molgenis.security.token.TokenExtractorTest -->
