<?xml version="1.0" encoding="UTF-8"?>
<!-- Generated by org.testng.reporters.JUnitReportReporter -->
<testsuite hostname="cyclone1" name="org.molgenis.security.login.MolgenisLoginControllerTest" tests="3" failures="0" timestamp="6 Jun 2018 08:46:28 GMT" time="0.109" errors="0">
  <testcase name="getLoginPage" time="0.031" classname="org.molgenis.security.login.MolgenisLoginControllerTest"/>
  <testcase name="getLoginErrorPage" time="0.040" classname="org.molgenis.security.login.MolgenisLoginControllerTest"/>
  <testcase name="getLoginErrorPageSessionExpired" time="0.038" classname="org.molgenis.security.login.MolgenisLoginControllerTest"/>
</testsuite> <!-- org.molgenis.security.login.MolgenisLoginControllerTest -->
