<?xml version="1.0" encoding="UTF-8"?>
<!-- Generated by org.testng.reporters.JUnitReportReporter -->
<testsuite hostname="cyclone1" name="org.molgenis.security.captcha.CaptchaServiceTest" tests="3" failures="0" timestamp="1 Jun 2018 11:35:25 GMT" time="3.038" errors="0">
  <testcase name="createCaptcha" time="3.034" classname="org.molgenis.security.captcha.CaptchaServiceTest"/>
  <testcase name="validateCaptcha" time="0.002" classname="org.molgenis.security.captcha.CaptchaServiceTest"/>
  <testcase name="validateCaptcha_noCaptcha" time="0.002" classname="org.molgenis.security.captcha.CaptchaServiceTest"/>
</testsuite> <!-- org.molgenis.security.captcha.CaptchaServiceTest -->
