<?xml version="1.0" encoding="UTF-8"?>
<!-- Generated by org.testng.reporters.JUnitReportReporter -->
<testsuite hostname="cyclone1" name="org.molgenis.security.twofactor.auth.TwoFactorAuthenticationFilterTest" tests="5" failures="0" timestamp="6 Jun 2018 14:19:08 GMT" time="0.014" errors="0">
  <testcase name="testDoFilterInternalRecoveryAuthenticated" time="0.002" classname="org.molgenis.security.twofactor.auth.TwoFactorAuthenticationFilterTest"/>
  <testcase name="testDoFilterInternalIsConfiguredChangePassword" time="0.001" classname="org.molgenis.security.twofactor.auth.TwoFactorAuthenticationFilterTest"/>
  <testcase name="testDoFilterInternalIsNotConfigured" time="0.001" classname="org.molgenis.security.twofactor.auth.TwoFactorAuthenticationFilterTest"/>
  <testcase name="testDoFilterInternalIsConfigured" time="0.008" classname="org.molgenis.security.twofactor.auth.TwoFactorAuthenticationFilterTest"/>
  <testcase name="testDoFilterInternalNotAuthenticated" time="0.002" classname="org.molgenis.security.twofactor.auth.TwoFactorAuthenticationFilterTest"/>
</testsuite> <!-- org.molgenis.security.twofactor.auth.TwoFactorAuthenticationFilterTest -->
