<?xml version="1.0" encoding="UTF-8"?>
<!-- Generated by org.testng.reporters.JUnitReportReporter -->
<testsuite hostname="cyclone1" name="org.molgenis.security.login.MolgenisLoginControllerTest" tests="3" failures="0" timestamp="1 Jun 2018 11:35:25 GMT" time="0.113" errors="0">
  <testcase name="getLoginErrorPageSessionExpired" time="0.035" classname="org.molgenis.security.login.MolgenisLoginControllerTest"/>
  <testcase name="getLoginErrorPage" time="0.036" classname="org.molgenis.security.login.MolgenisLoginControllerTest"/>
  <testcase name="getLoginPage" time="0.042" classname="org.molgenis.security.login.MolgenisLoginControllerTest"/>
</testsuite> <!-- org.molgenis.security.login.MolgenisLoginControllerTest -->
