<?xml version="1.0" encoding="UTF-8"?>
<!-- Generated by org.testng.reporters.JUnitReportReporter -->
<testsuite hostname="cyclone1" name="org.molgenis.security.AjaxAwareInvalidSessionStrategyTest" tests="2" failures="0" timestamp="30 May 2018 12:52:03 GMT" time="0.005" errors="0">
  <testcase name="testOnInvalidSessionDetectedXmlHttpRequest" time="0.004" classname="org.molgenis.security.AjaxAwareInvalidSessionStrategyTest"/>
  <testcase name="testOnInvalidSessionDetected" time="0.001" classname="org.molgenis.security.AjaxAwareInvalidSessionStrategyTest"/>
</testsuite> <!-- org.molgenis.security.AjaxAwareInvalidSessionStrategyTest -->
