<?xml version="1.0" encoding="UTF-8"?>
<!-- Generated by org.testng.reporters.JUnitReportReporter -->
<testsuite hostname="cyclone1" name="org.molgenis.security.group.GroupRestControllerTest" tests="1" failures="0" timestamp="6 Jun 2018 14:19:08 GMT" time="0.120" errors="0">
  <testcase name="testCreateGroup" time="0.120" classname="org.molgenis.security.group.GroupRestControllerTest"/>
</testsuite> <!-- org.molgenis.security.group.GroupRestControllerTest -->
