<?xml version="1.0" encoding="UTF-8"?>
<!-- Generated by org.testng.reporters.JUnitReportReporter -->
<testsuite hostname="cyclone1" name="org.molgenis.security.token.TokenExtractorTest" tests="6" failures="0" timestamp="6 Jun 2018 14:19:08 GMT" time="0.580" errors="0">
  <testcase name="testResolveArgumentNoTokenRequired" time="0.004" classname="org.molgenis.security.token.TokenExtractorTest"/>
  <testcase name="testResolveArgumentTokenInParam" time="0.523" classname="org.molgenis.security.token.TokenExtractorTest"/>
  <testcase name="testResolveArgumentTokenInHeader" time="0.003" classname="org.molgenis.security.token.TokenExtractorTest"/>
  <testcase name="testGetTokenFromParam" time="0.010" classname="org.molgenis.security.token.TokenExtractorTest"/>
  <testcase name="testResolveArgumentNoToken" time="0.005" classname="org.molgenis.security.token.TokenExtractorTest"/>
  <testcase name="testGetTokenFromHeader" time="0.035" classname="org.molgenis.security.token.TokenExtractorTest"/>
</testsuite> <!-- org.molgenis.security.token.TokenExtractorTest -->
