<?xml version="1.0" encoding="UTF-8"?>
<!-- Generated by org.testng.reporters.JUnitReportReporter -->
<testsuite hostname="cyclone1" name="org.molgenis.security.captcha.CaptchaControllerTest" tests="5" failures="0" timestamp="7 Jun 2018 14:48:07 GMT" time="1.797" errors="0">
  <testcase name="validateCaptcha_invalid" time="0.040" classname="org.molgenis.security.captcha.CaptchaControllerTest"/>
  <testcase name="validateCaptchaFromForm_valid" time="1.397" classname="org.molgenis.security.captcha.CaptchaControllerTest"/>
  <testcase name="validateCaptcha_valid" time="0.032" classname="org.molgenis.security.captcha.CaptchaControllerTest"/>
  <testcase name="validateCaptchaFromForm_invalid" time="0.152" classname="org.molgenis.security.captcha.CaptchaControllerTest"/>
  <testcase name="getCaptcha" time="0.176" classname="org.molgenis.security.captcha.CaptchaControllerTest"/>
</testsuite> <!-- org.molgenis.security.captcha.CaptchaControllerTest -->
