<?xml version="1.0" encoding="UTF-8"?>
<!-- Generated by org.testng.reporters.JUnitReportReporter -->
<testsuite hostname="cyclone1" name="org.molgenis.security.acl.BitMaskPermissionGrantingStrategyTest" tests="5" failures="0" timestamp="6 Jun 2018 08:46:28 GMT" time="0.016" errors="0">
  <testcase name="testPermissionsMatch" time="0.000" classname="org.molgenis.security.acl.BitMaskPermissionGrantingStrategyTest"/>
  <testcase name="testPermissionsMatch" time="0.000" classname="org.molgenis.security.acl.BitMaskPermissionGrantingStrategyTest"/>
  <testcase name="testPermissionsDontMatch" time="0.000" classname="org.molgenis.security.acl.BitMaskPermissionGrantingStrategyTest"/>
  <testcase name="testPermissionsDontMatch" time="0.001" classname="org.molgenis.security.acl.BitMaskPermissionGrantingStrategyTest"/>
  <testcase name="testPermissionsDontMatch" time="0.015" classname="org.molgenis.security.acl.BitMaskPermissionGrantingStrategyTest"/>
</testsuite> <!-- org.molgenis.security.acl.BitMaskPermissionGrantingStrategyTest -->
