<?xml version="1.0" encoding="UTF-8"?>
<!-- Generated by org.testng.reporters.JUnitReportReporter -->
<testsuite hostname="cyclone1" name="org.molgenis.security.twofactor.TwoFactorAuthenticationControllerTest" tests="5" failures="0" timestamp="30 May 2018 12:52:03 GMT" time="0.105" errors="0">
  <testcase name="validateVerificationCodeAndAuthenticateExceptionTest" time="0.007" classname="org.molgenis.security.twofactor.TwoFactorAuthenticationControllerTest"/>
  <testcase name="configuredExceptionTest" time="0.004" classname="org.molgenis.security.twofactor.TwoFactorAuthenticationControllerTest"/>
  <testcase name="activationExceptionTest" time="0.008" classname="org.molgenis.security.twofactor.TwoFactorAuthenticationControllerTest"/>
  <testcase name="testRecoverAccount" time="0.004" classname="org.molgenis.security.twofactor.TwoFactorAuthenticationControllerTest"/>
  <testcase name="authenticateExceptionTest" time="0.082" classname="org.molgenis.security.twofactor.TwoFactorAuthenticationControllerTest"/>
</testsuite> <!-- org.molgenis.security.twofactor.TwoFactorAuthenticationControllerTest -->
