<?xml version="1.0" encoding="UTF-8"?>
<!-- Generated by org.testng.reporters.JUnitReportReporter -->
<testsuite hostname="cyclone1" name="org.molgenis.security.permission.UserPermissionEvaluatorImplTest" tests="16" failures="0" timestamp="6 Jun 2018 21:44:01 GMT" time="0.190" errors="0">
  <testcase name="hasPermissionSetOnEntityTypeSuperuser" time="0.003" classname="org.molgenis.security.permission.UserPermissionEvaluatorImplTest"/>
  <testcase name="hasPermissionOnEntityTypeSuperuser" time="0.002" classname="org.molgenis.security.permission.UserPermissionEvaluatorImplTest"/>
  <testcase name="hasPermissionSetOnPluginSuperuser" time="0.009" classname="org.molgenis.security.permission.UserPermissionEvaluatorImplTest"/>
  <testcase name="hasPermissionOnEntityTypeFalse" time="0.007" classname="org.molgenis.security.permission.UserPermissionEvaluatorImplTest"/>
  <testcase name="hasPermissionSetOnEntityTypeFalse" time="0.004" classname="org.molgenis.security.permission.UserPermissionEvaluatorImplTest"/>
  <testcase name="hasPermissionSetOnPluginTrue" time="0.006" classname="org.molgenis.security.permission.UserPermissionEvaluatorImplTest"/>
  <testcase name="hasPermissionSetOnEntityTypeTrue" time="0.004" classname="org.molgenis.security.permission.UserPermissionEvaluatorImplTest"/>
  <testcase name="hasPermissionSetOnPluginSystemUser" time="0.004" classname="org.molgenis.security.permission.UserPermissionEvaluatorImplTest"/>
  <testcase name="hasPermissionOnEntityTypeSystemUser" time="0.002" classname="org.molgenis.security.permission.UserPermissionEvaluatorImplTest"/>
  <testcase name="hasPermissionOnPluginTrue" time="0.002" classname="org.molgenis.security.permission.UserPermissionEvaluatorImplTest"/>
  <testcase name="hasPermissionOnPluginSystemUser" time="0.003" classname="org.molgenis.security.permission.UserPermissionEvaluatorImplTest"/>
  <testcase name="hasPermissionOnPluginFalse" time="0.011" classname="org.molgenis.security.permission.UserPermissionEvaluatorImplTest"/>
  <testcase name="hasPermissionOnPluginSuperuser" time="0.061" classname="org.molgenis.security.permission.UserPermissionEvaluatorImplTest"/>
  <testcase name="hasPermissionSetOnPluginFalse" time="0.002" classname="org.molgenis.security.permission.UserPermissionEvaluatorImplTest"/>
  <testcase name="hasPermissionSetOnEntityTypeSystemUser" time="0.014" classname="org.molgenis.security.permission.UserPermissionEvaluatorImplTest"/>
  <testcase name="hasPermissionOnEntityTypeTrue" time="0.056" classname="org.molgenis.security.permission.UserPermissionEvaluatorImplTest"/>
</testsuite> <!-- org.molgenis.security.permission.UserPermissionEvaluatorImplTest -->
