<?xml version="1.0" encoding="UTF-8"?>
<!-- Generated by org.testng.reporters.JUnitReportReporter -->
<testsuite hostname="cyclone1" name="org.molgenis.security.account.AccountServiceImplTest" tests="7" failures="0" timestamp="6 Jun 2018 14:19:08 GMT" time="0.185" errors="0">
  <testcase name="activateUser_invalidActivationCode" time="0.009" classname="org.molgenis.security.account.AccountServiceImplTest"/>
  <testcase name="resetPassword_invalidEmailAddress" time="0.009" classname="org.molgenis.security.account.AccountServiceImplTest"/>
  <testcase name="activateUser" time="0.009" classname="org.molgenis.security.account.AccountServiceImplTest"/>
  <testcase name="activateUser_alreadyActivated" time="0.006" classname="org.molgenis.security.account.AccountServiceImplTest"/>
  <testcase name="changePassword" time="0.133" classname="org.molgenis.security.account.AccountServiceImplTest"/>
  <testcase name="createUser" time="0.008" classname="org.molgenis.security.account.AccountServiceImplTest"/>
  <testcase name="resetPassword" time="0.011" classname="org.molgenis.security.account.AccountServiceImplTest"/>
</testsuite> <!-- org.molgenis.security.account.AccountServiceImplTest -->
