<?xml version="1.0" encoding="UTF-8"?>
<!-- Generated by org.testng.reporters.JUnitReportReporter -->
<testsuite hostname="cyclone1" name="org.molgenis.security.acl.AclCacheTransactionListenerTest" tests="2" failures="0" timestamp="6 Jun 2018 21:44:01 GMT" time="0.031" errors="0">
  <testcase name="testRollbackTransaction" time="0.001" classname="org.molgenis.security.acl.AclCacheTransactionListenerTest"/>
  <testcase name="testAclCacheTransactionListener" time="0.030" classname="org.molgenis.security.acl.AclCacheTransactionListenerTest"/>
</testsuite> <!-- org.molgenis.security.acl.AclCacheTransactionListenerTest -->
