<?xml version="1.0" encoding="UTF-8"?>
<!-- Generated by org.testng.reporters.JUnitReportReporter -->
<testsuite hostname="cyclone1" name="org.molgenis.security.MolgenisRoleHierarchyTest" tests="1" failures="0" timestamp="1 Jun 2018 11:35:25 GMT" time="0.017" errors="0">
  <testcase name="testGetReachableGrantedAuthoritiesSu" time="0.017" classname="org.molgenis.security.MolgenisRoleHierarchyTest"/>
</testsuite> <!-- org.molgenis.security.MolgenisRoleHierarchyTest -->
