<?xml version="1.0" encoding="UTF-8"?>
<!-- Generated by org.testng.reporters.JUnitReportReporter -->
<testsuite hostname="cyclone1" name="org.molgenis.security.AjaxAwareInvalidSessionStrategyTest" tests="2" failures="0" timestamp="6 Jun 2018 08:46:28 GMT" time="0.088" errors="0">
  <testcase name="testOnInvalidSessionDetectedXmlHttpRequest" time="0.001" classname="org.molgenis.security.AjaxAwareInvalidSessionStrategyTest"/>
  <testcase name="testOnInvalidSessionDetected" time="0.087" classname="org.molgenis.security.AjaxAwareInvalidSessionStrategyTest"/>
</testsuite> <!-- org.molgenis.security.AjaxAwareInvalidSessionStrategyTest -->
