<?xml version="1.0" encoding="UTF-8"?>
<!-- Generated by org.testng.reporters.JUnitReportReporter -->
<testsuite hostname="cyclone1" name="org.molgenis.security.acl.AclCacheTransactionListenerTest" tests="2" failures="0" timestamp="30 May 2018 12:52:03 GMT" time="0.046" errors="0">
  <testcase name="testAclCacheTransactionListener" time="0.045" classname="org.molgenis.security.acl.AclCacheTransactionListenerTest"/>
  <testcase name="testRollbackTransaction" time="0.001" classname="org.molgenis.security.acl.AclCacheTransactionListenerTest"/>
</testsuite> <!-- org.molgenis.security.acl.AclCacheTransactionListenerTest -->
