<?xml version="1.0" encoding="UTF-8"?>
<!-- Generated by org.testng.reporters.JUnitReportReporter -->
<testsuite hostname="cyclone1" name="org.molgenis.security.acl.SidUtilsTest" tests="4" failures="0" timestamp="30 May 2018 12:52:03 GMT" time="0.005" errors="0">
  <testcase name="testCreateRoleAuthority" time="0.001" classname="org.molgenis.security.acl.SidUtilsTest"/>
  <testcase name="testCreateSidUser" time="0.001" classname="org.molgenis.security.acl.SidUtilsTest"/>
  <testcase name="testCreateSidRole" time="0.002" classname="org.molgenis.security.acl.SidUtilsTest"/>
  <testcase name="testCreateSidUsernameAnonymous" time="0.001" classname="org.molgenis.security.acl.SidUtilsTest"/>
</testsuite> <!-- org.molgenis.security.acl.SidUtilsTest -->
