<?xml version="1.0" encoding="UTF-8"?>
<!-- Generated by org.testng.reporters.JUnitReportReporter -->
<testsuite hostname="cyclone1" name="org.molgenis.security.acl.AclCacheTransactionListenerTest" tests="2" failures="0" timestamp="6 Jun 2018 14:19:08 GMT" time="0.022" errors="0">
  <testcase name="testRollbackTransaction" time="0.002" classname="org.molgenis.security.acl.AclCacheTransactionListenerTest"/>
  <testcase name="testAclCacheTransactionListener" time="0.020" classname="org.molgenis.security.acl.AclCacheTransactionListenerTest"/>
</testsuite> <!-- org.molgenis.security.acl.AclCacheTransactionListenerTest -->
