<?xml version="1.0" encoding="UTF-8"?>
<!-- Generated by org.testng.reporters.JUnitReportReporter -->
<testsuite hostname="cyclone1" name="org.molgenis.security.token.TokenAuthenticationProviderTest" tests="2" failures="0" timestamp="30 May 2018 12:52:03 GMT" time="0.035" errors="0">
  <testcase name="authenticate" time="0.032" classname="org.molgenis.security.token.TokenAuthenticationProviderTest"/>
  <testcase name="authenticateInvalidToken" time="0.003" classname="org.molgenis.security.token.TokenAuthenticationProviderTest"/>
</testsuite> <!-- org.molgenis.security.token.TokenAuthenticationProviderTest -->
