<?xml version="1.0" encoding="UTF-8"?>
<!-- Generated by org.testng.reporters.JUnitReportReporter -->
<testsuite hostname="cyclone1" name="org.molgenis.security.acl.MutableAclClassServiceImplTest" tests="5" failures="0" timestamp="7 Jun 2018 14:48:07 GMT" time="0.415" errors="0">
  <testcase name="testGetAclClassTypes" time="0.002" classname="org.molgenis.security.acl.MutableAclClassServiceImplTest"/>
  <testcase name="testDeleteAclClass" time="0.334" classname="org.molgenis.security.acl.MutableAclClassServiceImplTest"/>
  <testcase name="testCreateAclClass" time="0.004" classname="org.molgenis.security.acl.MutableAclClassServiceImplTest"/>
  <testcase name="testHasAclClassTrueWithAclClassCacheInvalidation" time="0.009" classname="org.molgenis.security.acl.MutableAclClassServiceImplTest"/>
  <testcase name="testHasAclClassFalseCached" time="0.066" classname="org.molgenis.security.acl.MutableAclClassServiceImplTest"/>
</testsuite> <!-- org.molgenis.security.acl.MutableAclClassServiceImplTest -->
