<?xml version="1.0" encoding="UTF-8"?>
<!-- Generated by org.testng.reporters.JUnitReportReporter -->
<testsuite hostname="cyclone1" name="org.molgenis.security.account.AccountControllerTest" tests="13" failures="0" timestamp="4 Jun 2018 11:14:32 GMT" time="2.917" errors="0">
  <testcase name="registerUser_activationModeUserProxy" time="0.081" classname="org.molgenis.security.account.AccountControllerTest"/>
  <testcase name="registerUser_activationModeUser" time="0.064" classname="org.molgenis.security.account.AccountControllerTest"/>
  <testcase name="registerUser_invalidCaptcha" time="1.830" classname="org.molgenis.security.account.AccountControllerTest"/>
  <testcase name="registerUser_passwordNotEqualsConfirmPassword" time="0.055" classname="org.molgenis.security.account.AccountControllerTest"/>
  <testcase name="registerUser_activationModeUserProxyWithScheme" time="0.071" classname="org.molgenis.security.account.AccountControllerTest"/>
  <testcase name="activateUser" time="0.194" classname="org.molgenis.security.account.AccountControllerTest"/>
  <testcase name="registerUser_invalidUserField" time="0.092" classname="org.molgenis.security.account.AccountControllerTest"/>
  <testcase name="getLoginForm" time="0.031" classname="org.molgenis.security.account.AccountControllerTest"/>
  <testcase name="activateUserMolgenisUserException" time="0.046" classname="org.molgenis.security.account.AccountControllerTest"/>
  <testcase name="registerUser_activationModeAdmin" time="0.313" classname="org.molgenis.security.account.AccountControllerTest"/>
  <testcase name="getRegisterForm" time="0.045" classname="org.molgenis.security.account.AccountControllerTest"/>
  <testcase name="getPasswordResetForm" time="0.044" classname="org.molgenis.security.account.AccountControllerTest"/>
  <testcase name="resetPassword" time="0.051" classname="org.molgenis.security.account.AccountControllerTest"/>
</testsuite> <!-- org.molgenis.security.account.AccountControllerTest -->
