<?xml version="1.0" encoding="UTF-8"?>
<!-- Generated by org.testng.reporters.JUnitReportReporter -->
<testsuite hostname="cyclone1" name="org.molgenis.security.token.TokenGeneratorTest" tests="1" failures="0" timestamp="30 May 2018 12:52:03 GMT" time="0.001" errors="0">
  <testcase name="generateToken" time="0.001" classname="org.molgenis.security.token.TokenGeneratorTest"/>
</testsuite> <!-- org.molgenis.security.token.TokenGeneratorTest -->
