<?xml version="1.0" encoding="UTF-8"?>
<!-- Generated by org.testng.reporters.JUnitReportReporter -->
<testsuite hostname="cyclone1" name="org.molgenis.security.token.TokenAuthenticationProviderTest" tests="2" failures="0" timestamp="6 Jun 2018 14:19:08 GMT" time="0.106" errors="0">
  <testcase name="authenticateInvalidToken" time="0.061" classname="org.molgenis.security.token.TokenAuthenticationProviderTest"/>
  <testcase name="authenticate" time="0.045" classname="org.molgenis.security.token.TokenAuthenticationProviderTest"/>
</testsuite> <!-- org.molgenis.security.token.TokenAuthenticationProviderTest -->
