<?xml version="1.0" encoding="UTF-8"?>
<!-- Generated by org.testng.reporters.JUnitReportReporter -->
<testsuite hostname="cyclone1" name="org.molgenis.security.twofactor.service.RecoveryServiceImplTest" tests="3" failures="0" timestamp="30 May 2018 12:52:03 GMT" time="0.115" errors="0">
  <testcase name="testGenerateRecoveryCodes" time="0.024" classname="org.molgenis.security.twofactor.service.RecoveryServiceImplTest"/>
  <testcase name="testGetRecoveryCodes" time="0.082" classname="org.molgenis.security.twofactor.service.RecoveryServiceImplTest"/>
  <testcase name="testUseRecoveryCode" time="0.009" classname="org.molgenis.security.twofactor.service.RecoveryServiceImplTest"/>
</testsuite> <!-- org.molgenis.security.twofactor.service.RecoveryServiceImplTest -->
