<?xml version="1.0" encoding="UTF-8"?>
<!-- Generated by org.testng.reporters.JUnitReportReporter -->
<testsuite hostname="cyclone1" name="org.molgenis.security.permission.PermissionSystemServiceImplTest" tests="2" failures="0" timestamp="30 May 2018 12:52:03 GMT" time="0.310" errors="0">
  <testcase name="giveUserEntityPermissions" time="0.276" classname="org.molgenis.security.permission.PermissionSystemServiceImplTest"/>
  <testcase name="testPermissionSystemService" time="0.034" classname="org.molgenis.security.permission.PermissionSystemServiceImplTest"/>
</testsuite> <!-- org.molgenis.security.permission.PermissionSystemServiceImplTest -->
