<?xml version="1.0" encoding="UTF-8"?>
<!-- Generated by org.testng.reporters.JUnitReportReporter -->
<testsuite hostname="cyclone1" name="org.molgenis.security.acl.AclCacheTransactionListenerTest" tests="2" failures="0" timestamp="1 Jun 2018 11:35:25 GMT" time="0.026" errors="0">
  <testcase name="testAclCacheTransactionListener" time="0.000" classname="org.molgenis.security.acl.AclCacheTransactionListenerTest"/>
  <testcase name="testRollbackTransaction" time="0.026" classname="org.molgenis.security.acl.AclCacheTransactionListenerTest"/>
</testsuite> <!-- org.molgenis.security.acl.AclCacheTransactionListenerTest -->
