<?xml version="1.0" encoding="UTF-8"?>
<!-- Generated by org.testng.reporters.JUnitReportReporter -->
<testsuite hostname="cyclone1" name="org.molgenis.security.twofactor.TwoFactorAuthenticationControllerTest" tests="5" failures="0" timestamp="6 Jun 2018 08:46:28 GMT" time="0.053" errors="0">
  <testcase name="validateVerificationCodeAndAuthenticateExceptionTest" time="0.000" classname="org.molgenis.security.twofactor.TwoFactorAuthenticationControllerTest"/>
  <testcase name="authenticateExceptionTest" time="0.047" classname="org.molgenis.security.twofactor.TwoFactorAuthenticationControllerTest"/>
  <testcase name="activationExceptionTest" time="0.002" classname="org.molgenis.security.twofactor.TwoFactorAuthenticationControllerTest"/>
  <testcase name="testRecoverAccount" time="0.001" classname="org.molgenis.security.twofactor.TwoFactorAuthenticationControllerTest"/>
  <testcase name="configuredExceptionTest" time="0.003" classname="org.molgenis.security.twofactor.TwoFactorAuthenticationControllerTest"/>
</testsuite> <!-- org.molgenis.security.twofactor.TwoFactorAuthenticationControllerTest -->
