<?xml version="1.0" encoding="UTF-8"?>
<!-- Generated by org.testng.reporters.JUnitReportReporter -->
<testsuite hostname="cyclone1" name="org.molgenis.security.token.TokenGeneratorTest" tests="1" failures="0" timestamp="6 Jun 2018 08:46:28 GMT" time="0.000" errors="0">
  <testcase name="generateToken" time="0.000" classname="org.molgenis.security.token.TokenGeneratorTest"/>
</testsuite> <!-- org.molgenis.security.token.TokenGeneratorTest -->
