<?xml version="1.0" encoding="UTF-8"?>
<!-- Generated by org.testng.reporters.JUnitReportReporter -->
<testsuite hostname="cyclone1" name="org.molgenis.security.token.TokenExtractorTest" tests="6" failures="0" timestamp="30 May 2018 12:52:03 GMT" time="0.446" errors="0">
  <testcase name="testResolveArgumentNoTokenRequired" time="0.005" classname="org.molgenis.security.token.TokenExtractorTest"/>
  <testcase name="testGetTokenFromHeader" time="0.420" classname="org.molgenis.security.token.TokenExtractorTest"/>
  <testcase name="testResolveArgumentNoToken" time="0.003" classname="org.molgenis.security.token.TokenExtractorTest"/>
  <testcase name="testResolveArgumentTokenInHeader" time="0.003" classname="org.molgenis.security.token.TokenExtractorTest"/>
  <testcase name="testGetTokenFromParam" time="0.002" classname="org.molgenis.security.token.TokenExtractorTest"/>
  <testcase name="testResolveArgumentTokenInParam" time="0.013" classname="org.molgenis.security.token.TokenExtractorTest"/>
</testsuite> <!-- org.molgenis.security.token.TokenExtractorTest -->
