<?xml version="1.0" encoding="UTF-8"?>
<!-- Generated by org.testng.reporters.JUnitReportReporter -->
<testsuite hostname="cyclone1" name="org.molgenis.security.twofactor.auth.TwoFactorAuthenticationProviderTest" tests="3" failures="0" timestamp="6 Jun 2018 21:44:01 GMT" time="0.006" errors="0">
  <testcase name="testAuthentication2faIsConfigured" time="0.002" classname="org.molgenis.security.twofactor.auth.TwoFactorAuthenticationProviderTest"/>
  <testcase name="testAuthenticateInvalidToken" time="0.001" classname="org.molgenis.security.twofactor.auth.TwoFactorAuthenticationProviderTest"/>
  <testcase name="testAuthentication2fIsNotConfigured" time="0.003" classname="org.molgenis.security.twofactor.auth.TwoFactorAuthenticationProviderTest"/>
</testsuite> <!-- org.molgenis.security.twofactor.auth.TwoFactorAuthenticationProviderTest -->
