<?xml version="1.0" encoding="UTF-8"?>
<!-- Generated by org.testng.reporters.JUnitReportReporter -->
<testsuite hostname="cyclone1" name="org.wso2.carbon.identity.core.dao.SAMLSSOServiceProviderDAOTest" tests="15" failures="0" timestamp="4 Jun 2018 12:27:47 GMT" time="1.929" errors="0">
  <testcase name="testRemoveServiceProvider" time="0.009" classname="org.wso2.carbon.identity.core.dao.SAMLSSOServiceProviderDAOTest"/>
  <testcase name="testAddExistingServiceProvider" time="0.063" classname="org.wso2.carbon.identity.core.dao.SAMLSSOServiceProviderDAOTest"/>
  <testcase name="testGetServiceProviders" time="0.031" classname="org.wso2.carbon.identity.core.dao.SAMLSSOServiceProviderDAOTest"/>
  <testcase name="testRemoveNonExistingServiceProvider" time="0.007" classname="org.wso2.carbon.identity.core.dao.SAMLSSOServiceProviderDAOTest"/>
  <testcase name="testRemoveEmptyServiceProvider" time="0.005" classname="org.wso2.carbon.identity.core.dao.SAMLSSOServiceProviderDAOTest"/>
  <testcase name="testGetServiceProvider" time="0.089" classname="org.wso2.carbon.identity.core.dao.SAMLSSOServiceProviderDAOTest"/>
  <testcase name="testAddServiceProviderRegistryError" time="0.021" classname="org.wso2.carbon.identity.core.dao.SAMLSSOServiceProviderDAOTest"/>
  <testcase name="testResourceToObject" time="0.009" classname="org.wso2.carbon.identity.core.dao.SAMLSSOServiceProviderDAOTest"/>
  <testcase name="testAddServiceProvider" time="0.009" classname="org.wso2.carbon.identity.core.dao.SAMLSSOServiceProviderDAOTest"/>
  <testcase name="testUploadServiceProvider" time="0.009" classname="org.wso2.carbon.identity.core.dao.SAMLSSOServiceProviderDAOTest"/>
  <testcase name="testNonExistingSPIsServiceProviderExists" time="0.005" classname="org.wso2.carbon.identity.core.dao.SAMLSSOServiceProviderDAOTest"/>
  <testcase name="testIsServiceProviderExists" time="1.372" classname="org.wso2.carbon.identity.core.dao.SAMLSSOServiceProviderDAOTest"/>
  <testcase name="testResourceToObject" time="0.217" classname="org.wso2.carbon.identity.core.dao.SAMLSSOServiceProviderDAOTest"/>
  <testcase name="testAddServiceProvider" time="0.065" classname="org.wso2.carbon.identity.core.dao.SAMLSSOServiceProviderDAOTest"/>
  <testcase name="testUploadExistingServiceProvider" time="0.018" classname="org.wso2.carbon.identity.core.dao.SAMLSSOServiceProviderDAOTest"/>
</testsuite> <!-- org.wso2.carbon.identity.core.dao.SAMLSSOServiceProviderDAOTest -->
