<?xml version="1.0" encoding="UTF-8"?>
<!-- Generated by org.testng.reporters.JUnitReportReporter -->
<testsuite hostname="cyclone1" name="org.wso2.carbon.identity.core.util.IdentityConfigParserTest" tests="9" failures="0" timestamp="4 Jun 2018 12:27:47 GMT" time="0.338" errors="0">
  <testcase name="testGetEventListenerConfiguration" time="0.000" classname="org.wso2.carbon.identity.core.util.IdentityConfigParserTest"/>
  <testcase name="testGetConfiguration" time="0.000" classname="org.wso2.carbon.identity.core.util.IdentityConfigParserTest"/>
  <testcase name="testGetQNameWithIdentityNS" time="0.000" classname="org.wso2.carbon.identity.core.util.IdentityConfigParserTest"/>
  <testcase name="testGetConfigElementNegative" time="0.000" classname="org.wso2.carbon.identity.core.util.IdentityConfigParserTest"/>
  <testcase name="testGetIdentityCacheConfigurationHolder" time="0.000" classname="org.wso2.carbon.identity.core.util.IdentityConfigParserTest"/>
  <testcase name="testGetConfigElement" time="0.001" classname="org.wso2.carbon.identity.core.util.IdentityConfigParserTest"/>
  <testcase name="testGetIdentityCookieConfigurationHolder" time="0.000" classname="org.wso2.carbon.identity.core.util.IdentityConfigParserTest"/>
  <testcase name="testGetConfigElement" time="0.000" classname="org.wso2.carbon.identity.core.util.IdentityConfigParserTest"/>
  <testcase name="testGetInstance" time="0.337" classname="org.wso2.carbon.identity.core.util.IdentityConfigParserTest"/>
</testsuite> <!-- org.wso2.carbon.identity.core.util.IdentityConfigParserTest -->
