<?xml version="1.0" encoding="UTF-8"?>
<!-- Generated by org.testng.reporters.JUnitReportReporter -->
<testsuite hostname="cyclone1" name="org.wso2.carbon.identity.core.util.IdentityUtilTest" tests="136" failures="0" timestamp="4 Jun 2018 12:27:47 GMT" time="13.150" errors="0">
  <testcase name="testGetOperationCleanUpPeriod" time="0.026" classname="org.wso2.carbon.identity.core.util.IdentityUtilTest"/>
  <testcase name="testGetOperationCleanUpTimeout" time="0.026" classname="org.wso2.carbon.identity.core.util.IdentityUtilTest"/>
  <testcase name="testBuildQueryUrl" time="0.026" classname="org.wso2.carbon.identity.core.util.IdentityUtilTest"/>
  <testcase name="testGetCleanUpTimeout" time="0.024" classname="org.wso2.carbon.identity.core.util.IdentityUtilTest"/>
  <testcase name="testIdentityErrorMsg" time="0.037" classname="org.wso2.carbon.identity.core.util.IdentityUtilTest"/>
  <testcase name="testIdentityErrorMsg" time="0.081" classname="org.wso2.carbon.identity.core.util.IdentityUtilTest"/>
  <testcase name="testGetServerURL" time="0.024" classname="org.wso2.carbon.identity.core.util.IdentityUtilTest"/>
  <testcase name="testGetCleanUpPeriod" time="0.051" classname="org.wso2.carbon.identity.core.util.IdentityUtilTest"/>
  <testcase name="testGetClientIpAddress" time="0.031" classname="org.wso2.carbon.identity.core.util.IdentityUtilTest"/>
  <testcase name="testAddDomainToName" time="0.019" classname="org.wso2.carbon.identity.core.util.IdentityUtilTest"/>
  <testcase name="testGetServerURL" time="0.054" classname="org.wso2.carbon.identity.core.util.IdentityUtilTest"/>
  <testcase name="testIsValidFileName" time="0.206" classname="org.wso2.carbon.identity.core.util.IdentityUtilTest"/>
  <testcase name="testGetServerURL" time="0.024" classname="org.wso2.carbon.identity.core.util.IdentityUtilTest"/>
  <testcase name="testFillURLPlaceholders" time="0.025" classname="org.wso2.carbon.identity.core.util.IdentityUtilTest"/>
  <testcase name="testGetIdentityCookieConfig" time="0.029" classname="org.wso2.carbon.identity.core.util.IdentityUtilTest"/>
  <testcase name="testFillURLPlaceholders" time="0.071" classname="org.wso2.carbon.identity.core.util.IdentityUtilTest"/>
  <testcase name="testGetRandomNumber" time="0.029" classname="org.wso2.carbon.identity.core.util.IdentityUtilTest"/>
  <testcase name="testGetServerURL" time="0.024" classname="org.wso2.carbon.identity.core.util.IdentityUtilTest"/>
  <testcase name="testBuildFragmentString" time="0.022" classname="org.wso2.carbon.identity.core.util.IdentityUtilTest"/>
  <testcase name="testGetServerURL" time="0.032" classname="org.wso2.carbon.identity.core.util.IdentityUtilTest"/>
  <testcase name="testGetIdentityCacheConfig" time="0.020" classname="org.wso2.carbon.identity.core.util.IdentityUtilTest"/>
  <testcase name="testIsUserStoreCaseSensitiveWhenNull" time="0.039" classname="org.wso2.carbon.identity.core.util.IdentityUtilTest"/>
  <testcase name="testGetIdentityCacheConfig" time="0.032" classname="org.wso2.carbon.identity.core.util.IdentityUtilTest"/>
  <testcase name="testBuildQueryString" time="0.048" classname="org.wso2.carbon.identity.core.util.IdentityUtilTest"/>
  <testcase name="testGetHostName" time="0.022" classname="org.wso2.carbon.identity.core.util.IdentityUtilTest"/>
  <testcase name="testIsUserStoreInUsernameCaseSensitive" time="0.027" classname="org.wso2.carbon.identity.core.util.IdentityUtilTest"/>
  <testcase name="testIsUserStoreInUsernameCaseSensitive" time="0.049" classname="org.wso2.carbon.identity.core.util.IdentityUtilTest"/>
  <testcase name="testGetCleanUpPeriod" time="0.053" classname="org.wso2.carbon.identity.core.util.IdentityUtilTest"/>
  <testcase name="testGetServerURL" time="0.034" classname="org.wso2.carbon.identity.core.util.IdentityUtilTest"/>
  <testcase name="testIdentityErrorMsg" time="0.032" classname="org.wso2.carbon.identity.core.util.IdentityUtilTest"/>
  <testcase name="testIsNotBlank" time="0.024" classname="org.wso2.carbon.identity.core.util.IdentityUtilTest"/>
  <testcase name="testBuildFragmentUrl" time="0.050" classname="org.wso2.carbon.identity.core.util.IdentityUtilTest"/>
  <testcase name="testGetProperty" time="0.020" classname="org.wso2.carbon.identity.core.util.IdentityUtilTest"/>
  <testcase name="testIsValidFileName" time="0.068" classname="org.wso2.carbon.identity.core.util.IdentityUtilTest"/>
  <testcase name="testGetServerURL" time="0.021" classname="org.wso2.carbon.identity.core.util.IdentityUtilTest"/>
  <testcase name="testIsNotBlank" time="0.019" classname="org.wso2.carbon.identity.core.util.IdentityUtilTest"/>
  <testcase name="testGetHMAC" time="0.048" classname="org.wso2.carbon.identity.core.util.IdentityUtilTest"/>
  <testcase name="testGetHMAC" time="0.173" classname="org.wso2.carbon.identity.core.util.IdentityUtilTest"/>
  <testcase name="testAddDomainToName" time="0.121" classname="org.wso2.carbon.identity.core.util.IdentityUtilTest"/>
  <testcase name="testIsUserStoreInUsernameCaseSensitive" time="0.025" classname="org.wso2.carbon.identity.core.util.IdentityUtilTest"/>
  <testcase name="testIsTokenLoggable" time="0.030" classname="org.wso2.carbon.identity.core.util.IdentityUtilTest"/>
  <testcase name="testGetProperty" time="0.029" classname="org.wso2.carbon.identity.core.util.IdentityUtilTest"/>
  <testcase name="testGetServerURL" time="0.024" classname="org.wso2.carbon.identity.core.util.IdentityUtilTest"/>
  <testcase name="testIsValidFileName" time="0.034" classname="org.wso2.carbon.identity.core.util.IdentityUtilTest"/>
  <testcase name="testAddDomainToName" time="0.021" classname="org.wso2.carbon.identity.core.util.IdentityUtilTest"/>
  <testcase name="testIsSupportedByUserStore" time="0.025" classname="org.wso2.carbon.identity.core.util.IdentityUtilTest"/>
  <testcase name="testFillURLPlaceholders" time="0.028" classname="org.wso2.carbon.identity.core.util.IdentityUtilTest"/>
  <testcase name="testFillURLPlaceholders" time="0.027" classname="org.wso2.carbon.identity.core.util.IdentityUtilTest"/>
  <testcase name="testBuildQueryUrl" time="0.017" classname="org.wso2.carbon.identity.core.util.IdentityUtilTest"/>
  <testcase name="testGetServicePath" time="0.029" classname="org.wso2.carbon.identity.core.util.IdentityUtilTest"/>
  <testcase name="testIsValidFileName" time="0.043" classname="org.wso2.carbon.identity.core.util.IdentityUtilTest"/>
  <testcase name="testGetServerURL" time="0.025" classname="org.wso2.carbon.identity.core.util.IdentityUtilTest"/>
  <testcase name="testIsValidFileName" time="0.019" classname="org.wso2.carbon.identity.core.util.IdentityUtilTest"/>
  <testcase name="testIsValidFileName" time="0.092" classname="org.wso2.carbon.identity.core.util.IdentityUtilTest"/>
  <testcase name="testAddDomainToName" time="0.021" classname="org.wso2.carbon.identity.core.util.IdentityUtilTest"/>
  <testcase name="testGetProperty" time="0.027" classname="org.wso2.carbon.identity.core.util.IdentityUtilTest"/>
  <testcase name="testBuildQueryUrl" time="0.054" classname="org.wso2.carbon.identity.core.util.IdentityUtilTest"/>
  <testcase name="testBuildFragmentString" time="0.026" classname="org.wso2.carbon.identity.core.util.IdentityUtilTest"/>
  <testcase name="testPopulateProperties" time="0.023" classname="org.wso2.carbon.identity.core.util.IdentityUtilTest"/>
  <testcase name="testFillURLPlaceholders" time="0.021" classname="org.wso2.carbon.identity.core.util.IdentityUtilTest"/>
  <testcase name="testGetIdentityCacheConfig" time="0.022" classname="org.wso2.carbon.identity.core.util.IdentityUtilTest"/>
  <testcase name="testGetServerURL" time="0.023" classname="org.wso2.carbon.identity.core.util.IdentityUtilTest"/>
  <testcase name="testGetServerURL" time="0.038" classname="org.wso2.carbon.identity.core.util.IdentityUtilTest"/>
  <testcase name="testBuildFragmentUrl" time="0.070" classname="org.wso2.carbon.identity.core.util.IdentityUtilTest"/>
  <testcase name="testBuildFragmentUrl" time="0.038" classname="org.wso2.carbon.identity.core.util.IdentityUtilTest"/>
  <testcase name="testIsUserStoreInUsernameCaseSensitive" time="0.029" classname="org.wso2.carbon.identity.core.util.IdentityUtilTest"/>
  <testcase name="testBuildFragmentString" time="0.032" classname="org.wso2.carbon.identity.core.util.IdentityUtilTest"/>
  <testcase name="testIsUserStoreInUsernameCaseSensitive" time="0.057" classname="org.wso2.carbon.identity.core.util.IdentityUtilTest"/>
  <testcase name="testNegativeGetHMAC" time="0.032" classname="org.wso2.carbon.identity.core.util.IdentityUtilTest"/>
  <testcase name="testGetOperationCleanUpTimeout" time="0.024" classname="org.wso2.carbon.identity.core.util.IdentityUtilTest"/>
  <testcase name="testBuildQueryString" time="0.024" classname="org.wso2.carbon.identity.core.util.IdentityUtilTest"/>
  <testcase name="testIsBlank" time="0.022" classname="org.wso2.carbon.identity.core.util.IdentityUtilTest"/>
  <testcase name="testGetOperationCleanUpTimeout" time="0.027" classname="org.wso2.carbon.identity.core.util.IdentityUtilTest"/>
  <testcase name="testIsNotBlank" time="0.025" classname="org.wso2.carbon.identity.core.util.IdentityUtilTest"/>
  <testcase name="testNegativeGetHMAC" time="0.020" classname="org.wso2.carbon.identity.core.util.IdentityUtilTest"/>
  <testcase name="testGetClockSkewInSeconds" time="0.038" classname="org.wso2.carbon.identity.core.util.IdentityUtilTest"/>
  <testcase name="testIsNotBlank" time="0.030" classname="org.wso2.carbon.identity.core.util.IdentityUtilTest"/>
  <testcase name="testGetServerURL" time="0.023" classname="org.wso2.carbon.identity.core.util.IdentityUtilTest"/>
  <testcase name="testAddDomainToName" time="0.038" classname="org.wso2.carbon.identity.core.util.IdentityUtilTest"/>
  <testcase name="testIsValidFileName" time="0.029" classname="org.wso2.carbon.identity.core.util.IdentityUtilTest"/>
  <testcase name="testGetClockSkewInSeconds" time="0.035" classname="org.wso2.carbon.identity.core.util.IdentityUtilTest"/>
  <testcase name="testBuildFragmentUrl" time="0.027" classname="org.wso2.carbon.identity.core.util.IdentityUtilTest"/>
  <testcase name="testGetClientIpAddress" time="0.025" classname="org.wso2.carbon.identity.core.util.IdentityUtilTest"/>
  <testcase name="testGetIdentityCacheConfig" time="0.023" classname="org.wso2.carbon.identity.core.util.IdentityUtilTest"/>
  <testcase name="testIsBlank" time="0.043" classname="org.wso2.carbon.identity.core.util.IdentityUtilTest"/>
  <testcase name="testUnmarshall" time="7.324" classname="org.wso2.carbon.identity.core.util.IdentityUtilTest"/>
  <testcase name="testBuildFragmentString" time="0.030" classname="org.wso2.carbon.identity.core.util.IdentityUtilTest"/>
  <testcase name="testBuildQueryString" time="0.027" classname="org.wso2.carbon.identity.core.util.IdentityUtilTest"/>
  <testcase name="testGetClientIpAddress" time="0.055" classname="org.wso2.carbon.identity.core.util.IdentityUtilTest"/>
  <testcase name="testGetIdentityConfigDirPath" time="0.039" classname="org.wso2.carbon.identity.core.util.IdentityUtilTest"/>
  <testcase name="testGetServerURL" time="0.043" classname="org.wso2.carbon.identity.core.util.IdentityUtilTest"/>
  <testcase name="testIsBlank" time="0.038" classname="org.wso2.carbon.identity.core.util.IdentityUtilTest"/>
  <testcase name="testGetHMAC" time="0.030" classname="org.wso2.carbon.identity.core.util.IdentityUtilTest"/>
  <testcase name="testReadEventListenerProperty" time="0.033" classname="org.wso2.carbon.identity.core.util.IdentityUtilTest"/>
  <testcase name="testIsValidFileName" time="0.020" classname="org.wso2.carbon.identity.core.util.IdentityUtilTest"/>
  <testcase name="testGetPPIDDisplayValue" time="0.024" classname="org.wso2.carbon.identity.core.util.IdentityUtilTest"/>
  <testcase name="testBuildQueryUrl" time="0.049" classname="org.wso2.carbon.identity.core.util.IdentityUtilTest"/>
  <testcase name="testGetProperty" time="0.032" classname="org.wso2.carbon.identity.core.util.IdentityUtilTest"/>
  <testcase name="testGetPPIDDisplayValue" time="0.021" classname="org.wso2.carbon.identity.core.util.IdentityUtilTest"/>
  <testcase name="testAddDomainToName" time="0.024" classname="org.wso2.carbon.identity.core.util.IdentityUtilTest"/>
  <testcase name="testGetServerURL" time="0.049" classname="org.wso2.carbon.identity.core.util.IdentityUtilTest"/>
  <testcase name="testAddDomainToName" time="0.060" classname="org.wso2.carbon.identity.core.util.IdentityUtilTest"/>
  <testcase name="testGetProperty" time="0.029" classname="org.wso2.carbon.identity.core.util.IdentityUtilTest"/>
  <testcase name="testFillURLPlaceholders" time="0.036" classname="org.wso2.carbon.identity.core.util.IdentityUtilTest"/>
  <testcase name="testIsBlank" time="0.022" classname="org.wso2.carbon.identity.core.util.IdentityUtilTest"/>
  <testcase name="testAddDomainToName" time="0.045" classname="org.wso2.carbon.identity.core.util.IdentityUtilTest"/>
  <testcase name="testIdentityErrorMsg" time="0.028" classname="org.wso2.carbon.identity.core.util.IdentityUtilTest"/>
  <testcase name="testBuildQueryUrl" time="0.020" classname="org.wso2.carbon.identity.core.util.IdentityUtilTest"/>
  <testcase name="testIsUserStoreInUsernameCaseSensitive" time="0.025" classname="org.wso2.carbon.identity.core.util.IdentityUtilTest"/>
  <testcase name="testBuildQueryString" time="0.036" classname="org.wso2.carbon.identity.core.util.IdentityUtilTest"/>
  <testcase name="testIdentityErrorMsg" time="0.056" classname="org.wso2.carbon.identity.core.util.IdentityUtilTest"/>
  <testcase name="testIsValidFileName" time="0.026" classname="org.wso2.carbon.identity.core.util.IdentityUtilTest"/>
  <testcase name="testGetCleanUpTimeout" time="0.026" classname="org.wso2.carbon.identity.core.util.IdentityUtilTest"/>
  <testcase name="testGenerateUUID" time="0.050" classname="org.wso2.carbon.identity.core.util.IdentityUtilTest"/>
  <testcase name="testGetOperationCleanUpPeriod" time="0.024" classname="org.wso2.carbon.identity.core.util.IdentityUtilTest"/>
  <testcase name="testGetCleanUpPeriod" time="0.027" classname="org.wso2.carbon.identity.core.util.IdentityUtilTest"/>
  <testcase name="testGetRandomInteger" time="0.096" classname="org.wso2.carbon.identity.core.util.IdentityUtilTest"/>
  <testcase name="testIsBlank" time="0.043" classname="org.wso2.carbon.identity.core.util.IdentityUtilTest"/>
  <testcase name="testIsNotBlank" time="0.035" classname="org.wso2.carbon.identity.core.util.IdentityUtilTest"/>
  <testcase name="testIsUserStoreInUsernameCaseSensitiveNegative" time="0.032" classname="org.wso2.carbon.identity.core.util.IdentityUtilTest"/>
  <testcase name="testFillURLPlaceholders" time="0.024" classname="org.wso2.carbon.identity.core.util.IdentityUtilTest"/>
  <testcase name="testGetServerURL" time="0.027" classname="org.wso2.carbon.identity.core.util.IdentityUtilTest"/>
  <testcase name="testBuildFragmentUrl" time="0.666" classname="org.wso2.carbon.identity.core.util.IdentityUtilTest"/>
  <testcase name="testGetOperationCleanUpPeriod" time="0.044" classname="org.wso2.carbon.identity.core.util.IdentityUtilTest"/>
  <testcase name="testBuildFragmentString" time="0.056" classname="org.wso2.carbon.identity.core.util.IdentityUtilTest"/>
  <testcase name="testBuildQueryString" time="0.027" classname="org.wso2.carbon.identity.core.util.IdentityUtilTest"/>
  <testcase name="testNodeToString" time="0.174" classname="org.wso2.carbon.identity.core.util.IdentityUtilTest"/>
  <testcase name="testIsUserStoreCaseSensitive" time="0.056" classname="org.wso2.carbon.identity.core.util.IdentityUtilTest"/>
  <testcase name="testNegativeGetHMAC" time="0.028" classname="org.wso2.carbon.identity.core.util.IdentityUtilTest"/>
  <testcase name="testGetCleanUpTimeout" time="0.057" classname="org.wso2.carbon.identity.core.util.IdentityUtilTest"/>
  <testcase name="testGetClockSkewInSeconds" time="0.026" classname="org.wso2.carbon.identity.core.util.IdentityUtilTest"/>
  <testcase name="testIsValidFileName" time="0.068" classname="org.wso2.carbon.identity.core.util.IdentityUtilTest"/>
  <testcase name="testGetPrimaryDomainName" time="0.021" classname="org.wso2.carbon.identity.core.util.IdentityUtilTest"/>
  <testcase name="testAddDomainToName" time="0.044" classname="org.wso2.carbon.identity.core.util.IdentityUtilTest"/>
  <testcase name="testGetIdentityCookiesConfigurationHolder" time="0.062" classname="org.wso2.carbon.identity.core.util.IdentityUtilTest"/>
  <testcase name="testAddDomainToName" time="0.021" classname="org.wso2.carbon.identity.core.util.IdentityUtilTest"/>
</testsuite> <!-- org.wso2.carbon.identity.core.util.IdentityUtilTest -->
