<?xml version="1.0" encoding="UTF-8"?>
<testsuite xmlns:xsi="http://www.w3.org/2001/XMLSchema-instance" xsi:noNamespaceSchemaLocation="https://maven.apache.org/surefire/maven-surefire-plugin/xsd/surefire-test-report.xsd" name="se.softhouse.jargo.stringparsers.BigIntegerArgumentTest" time="2.707" tests="4" errors="0" skipped="0" failures="0">
  <properties>
    <property name="awt.toolkit" value="sun.awt.X11.XToolkit"/>
    <property name="file.encoding.pkg" value="sun.io"/>
    <property name="java.specification.version" value="1.8"/>
    <property name="sun.cpu.isalist" value=""/>
    <property name="sun.jnu.encoding" value="UTF-8"/>
    <property name="java.class.path" value="/root/workspace/jontejj/jargo/385887436/jargo/target/test-classes:/root/workspace/jontejj/jargo/385887436/jargo/target/classes:/root/./workspace/jontejj/jargo/385887436/.m2/joda-time/joda-time/2.1/joda-time-2.1.jar:/root/workspace/jontejj/jargo/385887436/common-test/target/classes:/root/./workspace/jontejj/jargo/385887436/.m2/com/google/guava/guava/24.1-jre/guava-24.1-jre.jar:/root/./workspace/jontejj/jargo/385887436/.m2/org/checkerframework/checker-compat-qual/2.0.0/checker-compat-qual-2.0.0.jar:/root/./workspace/jontejj/jargo/385887436/.m2/com/google/errorprone/error_prone_annotations/2.1.3/error_prone_annotations-2.1.3.jar:/root/./workspace/jontejj/jargo/385887436/.m2/com/google/j2objc/j2objc-annotations/1.1/j2objc-annotations-1.1.jar:/root/./workspace/jontejj/jargo/385887436/.m2/org/codehaus/mojo/animal-sniffer-annotations/1.14/animal-sniffer-annotations-1.14.jar:/root/./workspace/jontejj/jargo/385887436/.m2/com/google/code/findbugs/jsr305/1.3.9/jsr305-1.3.9.jar:/root/./workspace/jontejj/jargo/385887436/.m2/com/google/caliper/caliper/0.5-rc1/caliper-0.5-rc1.jar:/root/./workspace/jontejj/jargo/385887436/.m2/com/google/code/gson/gson/1.7.1/gson-1.7.1.jar:/root/./workspace/jontejj/jargo/385887436/.m2/com/google/code/java-allocation-instrumenter/java-allocation-instrumenter/2.0/java-allocation-instrumenter-2.0.jar:/root/./workspace/jontejj/jargo/385887436/.m2/asm/asm/3.3.1/asm-3.3.1.jar:/root/./workspace/jontejj/jargo/385887436/.m2/asm/asm-analysis/3.3.1/asm-analysis-3.3.1.jar:/root/./workspace/jontejj/jargo/385887436/.m2/asm/asm-commons/3.3.1/asm-commons-3.3.1.jar:/root/./workspace/jontejj/jargo/385887436/.m2/asm/asm-tree/3.3.1/asm-tree-3.3.1.jar:/root/./workspace/jontejj/jargo/385887436/.m2/asm/asm-util/3.3.1/asm-util-3.3.1.jar:/root/./workspace/jontejj/jargo/385887436/.m2/asm/asm-xml/3.3.1/asm-xml-3.3.1.jar:/root/./workspace/jontejj/jargo/385887436/.m2/com/google/guava/guava-testlib/24.1-jre/guava-testlib-24.1-jre.jar:/root/./workspace/jontejj/jargo/385887436/.m2/com/google/code/findbugs/annotations/2.0.0/annotations-2.0.0.jar:/root/./workspace/jontejj/jargo/385887436/.m2/org/easytesting/fest-assert/1.4/fest-assert-1.4.jar:/root/./workspace/jontejj/jargo/385887436/.m2/org/easytesting/fest-util/1.1.6/fest-util-1.1.6.jar:/root/./workspace/jontejj/jargo/385887436/.m2/junit/junit/4.11/junit-4.11.jar:/root/./workspace/jontejj/jargo/385887436/.m2/org/hamcrest/hamcrest-core/1.3/hamcrest-core-1.3.jar:/root/./workspace/jontejj/jargo/385887436/.m2/org/jacoco/org.jacoco.agent/0.8.1/org.jacoco.agent-0.8.1-runtime.jar:/root/./workspace/jontejj/jargo/385887436/.m2/com/google/code/tempus-fugit/tempus-fugit/1.1/tempus-fugit-1.1.jar:/root/./workspace/jontejj/jargo/385887436/.m2/org/powermock/powermock-module-junit4/1.7.0RC2/powermock-module-junit4-1.7.0RC2.jar:/root/./workspace/jontejj/jargo/385887436/.m2/org/powermock/powermock-module-junit4-common/1.7.0RC2/powermock-module-junit4-common-1.7.0RC2.jar:/root/./workspace/jontejj/jargo/385887436/.m2/org/powermock/powermock-reflect/1.7.0RC2/powermock-reflect-1.7.0RC2.jar:/root/./workspace/jontejj/jargo/385887436/.m2/org/powermock/powermock-core/1.7.0RC2/powermock-core-1.7.0RC2.jar:/root/./workspace/jontejj/jargo/385887436/.m2/org/javassist/javassist/3.21.0-GA/javassist-3.21.0-GA.jar:/root/./workspace/jontejj/jargo/385887436/.m2/org/powermock/powermock-api-mockito/1.7.0RC2/powermock-api-mockito-1.7.0RC2.jar:/root/./workspace/jontejj/jargo/385887436/.m2/org/powermock/powermock-api-mockito-common/1.7.0RC2/powermock-api-mockito-common-1.7.0RC2.jar:/root/./workspace/jontejj/jargo/385887436/.m2/org/powermock/powermock-api-support/1.7.0RC2/powermock-api-support-1.7.0RC2.jar:/root/./workspace/jontejj/jargo/385887436/.m2/org/mockito/mockito-core/1.10.19/mockito-core-1.10.19.jar:/root/./workspace/jontejj/jargo/385887436/.m2/org/objenesis/objenesis/2.1/objenesis-2.1.jar:"/>
    <property name="java.vm.vendor" value="Oracle Corporation"/>
    <property name="skip.bower" value="true"/>
    <property name="sun.arch.data.model" value="64"/>
    <property name="java.vendor.url" value="http://java.oracle.com/"/>
    <property name="user.timezone" value=""/>
    <property name="java.vm.specification.version" value="1.8"/>
    <property name="os.name" value="Linux"/>
    <property name="rat.skip" value="true"/>
    <property name="gpg.skip" value="true"/>
    <property name="sun.java.launcher" value="SUN_STANDARD"/>
    <property name="sun.boot.library.path" value="/usr/lib/jvm/java-8-openjdk-amd64/jre/lib/amd64"/>
    <property name="skip.gulp" value="true"/>
    <property name="sun.java.command" value="/root/workspace/jontejj/jargo/385887436/jargo/target/surefire/surefirebooter8285311419716073268.jar /root/workspace/jontejj/jargo/385887436/jargo/target/surefire 2018-05-30T22-54-32_864-jvmRun1 surefire5556102882084477080tmp surefire_13533945482161135277tmp"/>
    <property name="dependency-check.skip" value="true"/>
    <property name="surefire.test.class.path" value="/root/workspace/jontejj/jargo/385887436/jargo/target/test-classes:/root/workspace/jontejj/jargo/385887436/jargo/target/classes:/root/./workspace/jontejj/jargo/385887436/.m2/joda-time/joda-time/2.1/joda-time-2.1.jar:/root/workspace/jontejj/jargo/385887436/common-test/target/classes:/root/./workspace/jontejj/jargo/385887436/.m2/com/google/guava/guava/24.1-jre/guava-24.1-jre.jar:/root/./workspace/jontejj/jargo/385887436/.m2/org/checkerframework/checker-compat-qual/2.0.0/checker-compat-qual-2.0.0.jar:/root/./workspace/jontejj/jargo/385887436/.m2/com/google/errorprone/error_prone_annotations/2.1.3/error_prone_annotations-2.1.3.jar:/root/./workspace/jontejj/jargo/385887436/.m2/com/google/j2objc/j2objc-annotations/1.1/j2objc-annotations-1.1.jar:/root/./workspace/jontejj/jargo/385887436/.m2/org/codehaus/mojo/animal-sniffer-annotations/1.14/animal-sniffer-annotations-1.14.jar:/root/./workspace/jontejj/jargo/385887436/.m2/com/google/code/findbugs/jsr305/1.3.9/jsr305-1.3.9.jar:/root/./workspace/jontejj/jargo/385887436/.m2/com/google/caliper/caliper/0.5-rc1/caliper-0.5-rc1.jar:/root/./workspace/jontejj/jargo/385887436/.m2/com/google/code/gson/gson/1.7.1/gson-1.7.1.jar:/root/./workspace/jontejj/jargo/385887436/.m2/com/google/code/java-allocation-instrumenter/java-allocation-instrumenter/2.0/java-allocation-instrumenter-2.0.jar:/root/./workspace/jontejj/jargo/385887436/.m2/asm/asm/3.3.1/asm-3.3.1.jar:/root/./workspace/jontejj/jargo/385887436/.m2/asm/asm-analysis/3.3.1/asm-analysis-3.3.1.jar:/root/./workspace/jontejj/jargo/385887436/.m2/asm/asm-commons/3.3.1/asm-commons-3.3.1.jar:/root/./workspace/jontejj/jargo/385887436/.m2/asm/asm-tree/3.3.1/asm-tree-3.3.1.jar:/root/./workspace/jontejj/jargo/385887436/.m2/asm/asm-util/3.3.1/asm-util-3.3.1.jar:/root/./workspace/jontejj/jargo/385887436/.m2/asm/asm-xml/3.3.1/asm-xml-3.3.1.jar:/root/./workspace/jontejj/jargo/385887436/.m2/com/google/guava/guava-testlib/24.1-jre/guava-testlib-24.1-jre.jar:/root/./workspace/jontejj/jargo/385887436/.m2/com/google/code/findbugs/annotations/2.0.0/annotations-2.0.0.jar:/root/./workspace/jontejj/jargo/385887436/.m2/org/easytesting/fest-assert/1.4/fest-assert-1.4.jar:/root/./workspace/jontejj/jargo/385887436/.m2/org/easytesting/fest-util/1.1.6/fest-util-1.1.6.jar:/root/./workspace/jontejj/jargo/385887436/.m2/junit/junit/4.11/junit-4.11.jar:/root/./workspace/jontejj/jargo/385887436/.m2/org/hamcrest/hamcrest-core/1.3/hamcrest-core-1.3.jar:/root/./workspace/jontejj/jargo/385887436/.m2/org/jacoco/org.jacoco.agent/0.8.1/org.jacoco.agent-0.8.1-runtime.jar:/root/./workspace/jontejj/jargo/385887436/.m2/com/google/code/tempus-fugit/tempus-fugit/1.1/tempus-fugit-1.1.jar:/root/./workspace/jontejj/jargo/385887436/.m2/org/powermock/powermock-module-junit4/1.7.0RC2/powermock-module-junit4-1.7.0RC2.jar:/root/./workspace/jontejj/jargo/385887436/.m2/org/powermock/powermock-module-junit4-common/1.7.0RC2/powermock-module-junit4-common-1.7.0RC2.jar:/root/./workspace/jontejj/jargo/385887436/.m2/org/powermock/powermock-reflect/1.7.0RC2/powermock-reflect-1.7.0RC2.jar:/root/./workspace/jontejj/jargo/385887436/.m2/org/powermock/powermock-core/1.7.0RC2/powermock-core-1.7.0RC2.jar:/root/./workspace/jontejj/jargo/385887436/.m2/org/javassist/javassist/3.21.0-GA/javassist-3.21.0-GA.jar:/root/./workspace/jontejj/jargo/385887436/.m2/org/powermock/powermock-api-mockito/1.7.0RC2/powermock-api-mockito-1.7.0RC2.jar:/root/./workspace/jontejj/jargo/385887436/.m2/org/powermock/powermock-api-mockito-common/1.7.0RC2/powermock-api-mockito-common-1.7.0RC2.jar:/root/./workspace/jontejj/jargo/385887436/.m2/org/powermock/powermock-api-support/1.7.0RC2/powermock-api-support-1.7.0RC2.jar:/root/./workspace/jontejj/jargo/385887436/.m2/org/mockito/mockito-core/1.10.19/mockito-core-1.10.19.jar:/root/./workspace/jontejj/jargo/385887436/.m2/org/objenesis/objenesis/2.1/objenesis-2.1.jar:"/>
    <property name="sun.cpu.endian" value="little"/>
    <property name="user.home" value="/root"/>
    <property name="user.language" value="en"/>
    <property name="java.specification.vendor" value="Oracle Corporation"/>
    <property name="java.home" value="/usr/lib/jvm/java-8-openjdk-amd64/jre"/>
    <property name="basedir" value="/root/workspace/jontejj/jargo/385887436/jargo"/>
    <property name="file.separator" value="/"/>
    <property name="checkstyle.skip" value="true"/>
    <property name="line.separator" value="&#10;"/>
    <property name="skip.npm" value="true"/>
    <property name="java.vm.specification.vendor" value="Oracle Corporation"/>
    <property name="java.specification.name" value="Java Platform API Specification"/>
    <property name="java.awt.graphicsenv" value="sun.awt.X11GraphicsEnvironment"/>
    <property name="skipITs" value="true"/>
    <property name="hello" value="world"/>
    <property name="surefire.real.class.path" value="/root/workspace/jontejj/jargo/385887436/jargo/target/surefire/surefirebooter8285311419716073268.jar:/root/./workspace/jontejj/jargo/385887436/.m2/org/jacoco/org.jacoco.agent/0.8.1/org.jacoco.agent-0.8.1-runtime.jar"/>
    <property name="cobertura.skip" value="true"/>
    <property name="sun.boot.class.path" value="/usr/lib/jvm/java-8-openjdk-amd64/jre/lib/resources.jar:/usr/lib/jvm/java-8-openjdk-amd64/jre/lib/rt.jar:/usr/lib/jvm/java-8-openjdk-amd64/jre/lib/sunrsasign.jar:/usr/lib/jvm/java-8-openjdk-amd64/jre/lib/jsse.jar:/usr/lib/jvm/java-8-openjdk-amd64/jre/lib/jce.jar:/usr/lib/jvm/java-8-openjdk-amd64/jre/lib/charsets.jar:/usr/lib/jvm/java-8-openjdk-amd64/jre/lib/jfr.jar:/usr/lib/jvm/java-8-openjdk-amd64/jre/classes"/>
    <property name="sun.management.compiler" value="HotSpot 64-Bit Tiered Compilers"/>
    <property name="java.runtime.version" value="1.8.0_121-8u121-b13-1~bpo8+1-b13"/>
    <property name="user.name" value="root"/>
    <property name="findbugs.skip" value="true"/>
    <property name="path.separator" value=":"/>
    <property name="os.version" value="3.10.0-862.3.2.el7.x86_64"/>
    <property name="java.endorsed.dirs" value="/usr/lib/jvm/java-8-openjdk-amd64/jre/lib/endorsed"/>
    <property name="java.runtime.name" value="OpenJDK Runtime Environment"/>
    <property name="file.encoding" value="UTF-8"/>
    <property name="java.vm.name" value="OpenJDK 64-Bit Server VM"/>
    <property name="localRepository" value="/root/./workspace/jontejj/jargo/385887436/.m2"/>
    <property name="java.vendor.url.bug" value="http://bugreport.sun.com/bugreport/"/>
    <property name="java.io.tmpdir" value="/tmp"/>
    <property name="java.version" value="1.8.0_121"/>
    <property name="user.dir" value="/root/workspace/jontejj/jargo/385887436/jargo"/>
    <property name="os.arch" value="amd64"/>
    <property name="license.skip" value="true"/>
    <property name="java.vm.specification.name" value="Java Virtual Machine Specification"/>
    <property name="java.awt.printerjob" value="sun.print.PSPrinterJob"/>
    <property name="sun.os.patch.level" value="unknown"/>
    <property name="java.library.path" value="/usr/java/packages/lib/amd64:/usr/lib/x86_64-linux-gnu/jni:/lib/x86_64-linux-gnu:/usr/lib/x86_64-linux-gnu:/usr/lib/jni:/lib:/usr/lib"/>
    <property name="java.vm.info" value="mixed mode"/>
    <property name="java.vendor" value="Oracle Corporation"/>
    <property name="java.vm.version" value="25.121-b13"/>
    <property name="sys.prop.test" value="foo"/>
    <property name="java.ext.dirs" value="/usr/lib/jvm/java-8-openjdk-amd64/jre/lib/ext:/usr/java/packages/lib/ext"/>
    <property name="sun.io.unicode.encoding" value="UnicodeLittle"/>
    <property name="maven.repo.local" value="/root/./workspace/jontejj/jargo/385887436/.m2"/>
    <property name="enforcer.skip" value="true"/>
    <property name="java.class.version" value="52.0"/>
  </properties>
  <testcase name="testThatBigIntegerDefaultsToZero" classname="se.softhouse.jargo.stringparsers.BigIntegerArgumentTest" time="1.893"/>
  <testcase name="testInvalidInteger" classname="se.softhouse.jargo.stringparsers.BigIntegerArgumentTest" time="1.805"/>
  <testcase name="testDescription" classname="se.softhouse.jargo.stringparsers.BigIntegerArgumentTest" time="2.465"/>
  <testcase name="testValidInteger" classname="se.softhouse.jargo.stringparsers.BigIntegerArgumentTest" time="1.769"/>
</testsuite>